10
100
-52.0 -240.962
-15.0 -131.241
2.0 -82.057
3.5 -51.781
15.0 -31.069
15.5 -17.806
18.5 -8.333
18.5 -2.657
20.0 1.578
21.5 4.45
22.5 6.484
23.0 8.851
23.5 10.201
23.5 11.868
26.5 11.545
26.5 11.64
26.5 12.477
26.5 12.844
26.5 12.562
26.5 12.759
27.5 12.407
27.5 12.726
29.5 12.823
29.5 13.518
29.5 13.079
30.0 12.831
30.0 12.926
30.0 12.609
30.0 13.102
31.0 13.034
31.5 14.172
31.5 14.211
31.5 14.554
31.5 14.398
31.5 14.814
32.0 14.409
32.0 14.853
32.0 13.861
32.0 14.683
32.0 14.335
32.0 14.375
32.0 14.78
33.5 14.604
33.5 13.917
33.5 13.458
33.5 13.882
33.5 14.642
33.5 14.912
33.5 13.002
33.5 13.514
33.5 12.288
33.5 13.375
33.5 13.508
34.0 12.748
34.0 13.14
34.0 13.775
34.0 13.268
34.0 13.881
34.0 12.433
34.0 12.589
34.0 12.653
34.0 13.347
34.0 13.3
34.0 13.57
34.0 14.177
34.0 15.191
34.0 14.771
34.0 13.985
34.0 14.223
34.0 13.645
34.0 14.324
34.0 13.897
34.0 12.485
34.0 12.402
34.0 12.499
34.0 13.43
34.0 13.635
34.0 12.674
34.0 13.512
34.0 14.388
34.0 13.489
34.0 13.081
34.0 12.571
34.0 12.39
34.0 13.413
34.0 13.689
34.0 12.388
34.0 12.97
34.0 13.972
34.0 13.672
34.0 13.357
34.0 13.823
34.0 14.399
34.0 13.54
34.0 13.862
34.0 14.294
34.0 13.015
34.0 12.122
34.0 13.05
34.0 12.851
100
-38.0 -236.282
-29.0 -132.133
-11.5 -80.976
5.0 -53.416
12.5 -34.182
15.0 -15.878
18.5 -8.287
22.5 -0.956
23.5 3.537
26.0 6.242
27.0 8.319
27.0 9.3
27.0 9.108
27.0 10.23
27.0 10.805
27.0 10.576
27.0 10.543
27.0 10.658
27.5 11.752
28.0 11.289
28.0 11.777
28.0 11.428
28.0 11.182
28.0 10.777
28.0 11.347
28.0 11.612
28.0 10.894
28.0 11.368
28.0 11.192
28.0 11.569
28.0 11.62
28.0 12.441
28.0 11.697
28.0 11.489
28.0 11.815
28.0 12.952
28.0 12.437
28.0 11.197
28.0 12.486
28.0 12.198
28.0 11.218
28.0 10.775
28.0 11.37
28.0 12.662
28.0 11.397
28.5 12.443
28.5 12.193
28.5 12.154
28.5 12.353
29.0 12.298
29.0 12.89
29.0 12.84
29.0 12.711
29.0 11.871
29.0 10.895
29.0 10.988
29.0 12.625
29.5 12.799
29.5 12.294
29.5 12.658
29.5 12.593
29.5 12.484
29.5 13.922
29.5 13.28
29.5 13.309
29.5 13.04
29.5 12.689
29.5 12.387
29.5 12.609
29.5 12.834
29.5 13.292
29.5 14.306
29.5 13.246
29.5 14.127
29.5 13.402
29.5 13.109
29.5 12.52
29.5 13.083
29.5 12.065
30.5 13.537
30.5 12.945
32.0 12.456
32.0 13.271
32.0 12.804
32.0 13.293
32.0 13.349
32.0 13.243
32.0 12.832
32.0 12.613
32.0 12.227
32.0 12.85
32.0 13.106
32.0 13.412
32.0 12.669
32.0 12.449
32.0 12.711
32.0 13.321
32.0 13.76
32.0 13.742
32.0 12.41
100
-45.0 -232.69
-16.5 -129.753
-15.5 -83.73
-0.5 -55.063
7.0 -35.597
10.5 -24.328
17.5 -15.789
18.0 -7.774
25.5 -2.297
25.5 2.99
25.5 5.095
25.5 7.132
25.5 8.431
25.5 9.54
25.5 9.947
28.0 11.795
28.0 11.751
28.0 12.083
28.0 11.267
28.0 11.511
28.0 11.211
28.0 11.789
28.0 11.254
28.5 11.846
28.5 12.824
28.5 12.157
29.0 11.781
29.0 12.488
29.0 12.301
29.0 12.462
30.5 11.284
32.0 12.357
32.0 12.737
32.0 12.969
32.0 12.457
32.0 11.805
32.0 12.186
32.0 11.582
32.0 11.176
32.0 11.905
32.0 12.091
32.0 11.937
32.0 11.584
32.0 12.015
32.0 12.584
32.0 12.52
32.0 12.268
32.0 11.329
32.0 11.811
32.0 12.059
32.0 11.44
32.0 11.577
32.0 10.968
32.0 11.497
32.0 11.424
32.0 10.547
32.0 12.284
32.0 12.813
32.5 13.795
32.5 13.981
33.0 13.131
33.0 12.932
33.0 12.817
33.0 12.573
33.0 12.877
33.0 13.559
33.0 13.688
34.0 13.975
34.0 14.13
34.0 13.566
34.0 13.839
34.0 13.433
34.0 11.954
34.0 12.332
34.0 11.953
34.0 12.23
34.0 12.598
34.0 12.334
34.0 11.075
34.0 11.513
34.0 12.89
34.0 13.293
34.0 13.524
34.0 12.662
34.0 12.001
34.0 12.595
34.0 12.53
34.0 12.759
34.0 11.909
34.0 14.113
34.0 13.793
34.0 14.072
34.0 13.96
34.0 13.103
34.0 13.295
34.0 14.362
34.0 12.273
34.0 13.093
34.0 12.416
34.0 12.67
100
-41.5 -227.344
-26.5 -124.33
-2.0 -75.046
5.0 -49.649
7.0 -31.166
17.5 -18.162
18.5 -8.738
21.0 -3.435
22.0 0.477
24.0 3.591
24.0 5.389
24.0 7.128
24.5 8.627
24.5 9.508
24.5 10.415
27.0 10.423
27.0 10.773
27.0 11.556
27.0 10.443
27.0 11.2
27.0 11.303
28.0 11.681
28.0 12.618
28.0 12.469
29.0 12.247
29.0 11.902
29.0 12.576
30.0 12.595
30.0 13.039
30.0 12.74
30.0 13.229
30.0 12.662
30.0 11.203
30.0 11.351
30.0 11.058
30.0 11.734
30.0 11.811
30.0 11.577
30.0 11.971
30.0 11.596
30.0 11.873
30.0 10.952
30.0 11.431
30.0 12.433
30.0 11.531
30.0 11.337
30.0 12.28
30.0 11.822
30.0 12.775
30.0 12.27
30.0 12.75
30.0 12.092
30.0 11.963
30.0 10.373
30.0 10.783
30.0 10.154
30.0 11.523
30.0 12.271
30.0 12.402
30.5 12.227
30.5 11.301
30.5 11.629
30.5 12.201
30.5 12.864
30.5 12.224
30.5 12.752
30.5 12.382
32.0 12.462
32.0 12.956
32.0 12.471
32.0 13.175
32.0 13.042
32.0 12.486
32.0 12.301
32.0 13.454
32.0 13.048
32.5 13.595
32.5 13.581
32.5 13.105
32.5 13.497
32.5 13.335
32.5 12.402
32.5 13.77
32.5 13.965
32.5 13.017
32.5 12.277
32.5 13.069
32.5 13.886
32.5 14.062
32.5 13.573
32.5 13.177
32.5 12.761
32.5 13.387
32.5 13.187
32.5 13.167
32.5 12.889
32.5 13.602
32.5 13.282
32.5 13.39
33.0 13.08
100
-37.0 -229.351
-37.0 -134.221
-12.0 -87.349
12.5 -56.721
12.5 -35.31
17.5 -20.717
18.0 -10.04
19.0 -2.224
20.0 2.673
24.0 5.122
24.0 7.141
24.0 8.078
24.0 9.27
24.0 10.632
27.5 10.643
27.5 11.547
27.5 11.948
28.5 10.751
28.5 11.386
28.5 12.082
28.5 12.317
28.5 12.886
28.5 13.603
28.5 13.639
28.5 12.99
28.5 12.55
28.5 12.787
28.5 12.237
28.5 12.606
28.5 12.399
28.5 12.02
29.0 12.033
29.0 12.462
29.0 12.701
29.0 11.963
29.0 11.654
30.0 12.126
30.0 11.972
30.0 11.747
30.0 11.74
30.0 11.7
30.0 12.602
30.0 12.722
30.0 12.358
30.0 13.005
30.0 13.074
30.0 12.762
30.0 12.872
30.0 12.258
30.0 12.298
30.0 12.482
30.0 13.521
31.5 13.687
31.5 13.035
31.5 12.768
31.5 12.661
32.0 11.934
32.0 12.86
32.0 12.539
32.0 13.339
32.0 13.583
32.0 13.261
32.0 13.329
32.0 14.056
32.0 14.083
32.0 13.947
32.0 13.939
32.0 13.593
32.0 13.303
32.0 12.965
32.0 13.048
32.0 12.443
32.0 13.501
32.0 13.066
32.0 13.339
32.0 12.99
32.0 12.02
32.0 13.409
32.0 13.536
32.0 12.513
32.0 11.857
32.0 13.052
32.0 12.716
32.0 13.114
32.0 13.008
32.0 13.715
32.0 13.191
32.0 13.33
32.0 13.829
32.0 13.708
32.0 13.645
32.0 14.145
32.0 14.835
32.0 13.703
32.0 13.657
32.0 13.541
32.0 13.395
32.0 13.805
32.0 14.349
32.0 13.908
100
-44.5 -233.934
-30.0 -131.178
1.0 -82.317
1.0 -55.548
3.0 -35.91
13.0 -21.692
20.0 -13.208
24.0 -6.738
24.0 -0.152
24.0 4.705
26.5 8.021
26.5 8.897
27.0 10.835
27.0 11.499
27.0 11.023
29.5 12.647
29.5 12.648
29.5 12.685
30.0 13.545
30.0 13.319
30.0 13.568
30.0 13.264
30.0 13.58
30.0 13.642
30.0 12.694
30.0 13.307
30.0 13.099
30.0 13.31
30.0 13.327
30.0 11.635
30.0 12.738
30.0 12.169
30.0 12.2
30.0 13.262
31.5 13.277
31.5 13.957
31.5 12.793
31.5 12.742
31.5 11.503
31.5 12.62
31.5 12.473
31.5 13.047
31.5 13.305
31.5 13.039
31.5 13.011
31.5 13.782
31.5 13.703
31.5 13.09
31.5 13.469
31.5 12.443
31.5 12.043
31.5 12.654
31.5 11.944
31.5 12.354
31.5 12.284
31.5 12.877
31.5 14.066
31.5 11.819
31.5 12.549
31.5 12.794
31.5 12.39
31.5 12.019
31.5 14.091
31.5 13.736
31.5 13.067
31.5 13.244
31.5 12.329
31.5 12.342
31.5 11.898
32.0 12.532
32.0 12.132
32.0 11.55
32.0 12.116
32.0 12.977
32.0 12.779
32.0 12.548
32.0 12.656
32.0 13.292
32.0 12.359
32.0 12.252
32.0 11.972
32.0 11.436
32.0 9.938
32.0 11.869
32.0 11.94
32.0 12.259
34.0 12.413
34.0 12.018
34.0 12.612
34.0 11.952
34.0 11.097
34.0 11.692
34.0 12.883
34.0 12.526
34.0 12.173
34.0 12.582
34.0 12.93
34.0 12.509
34.0 12.634
34.0 12.878
100
-42.0 -232.456
-22.5 -128.528
-2.5 -80.535
7.5 -47.67
16.0 -28.406
18.0 -16.073
18.0 -4.977
22.5 -0.14
22.5 3.377
22.5 5.688
23.0 6.635
24.0 7.71
25.5 9.584
25.5 11.027
25.5 12.18
25.5 12.296
27.0 11.306
27.0 11.985
27.5 13.232
27.5 13.531
27.5 12.908
27.5 12.51
27.5 11.789
27.5 11.641
27.5 12.337
27.5 12.398
28.0 12.358
28.0 12.529
28.0 12.029
28.5 11.089
28.5 11.35
28.5 10.984
28.5 11.723
28.5 12.274
28.5 11.447
28.5 11.126
29.5 11.411
29.5 11.629
29.5 12.019
29.5 11.652
29.5 12.451
29.5 11.156
30.5 10.909
31.0 10.995
31.0 11.24
31.0 11.472
31.0 11.549
31.0 11.455
31.0 11.849
31.0 11.071
31.0 10.735
31.0 10.605
31.0 12.441
31.0 12.406
31.0 12.222
31.0 13.077
32.0 13.204
32.0 13.98
32.5 14.45
32.5 14.454
32.5 13.543
32.5 14.121
32.5 13.7
32.5 13.271
32.5 14.058
32.5 13.76
32.5 14.179
32.5 15.02
33.0 14.346
33.0 14.437
33.0 14.627
33.0 14.623
33.0 14.16
33.0 15.28
33.0 14.586
33.0 14.592
33.0 14.146
33.0 15.468
33.5 14.672
33.5 14.969
33.5 14.977
33.5 14.567
33.5 14.473
33.5 14.277
33.5 15.069
33.5 14.356
33.5 14.243
33.5 13.975
33.5 14.639
33.5 14.716
33.5 15.707
33.5 15.418
33.5 16.3
33.5 16.668
33.5 16.085
33.5 15.008
34.5 15.379
34.5 14.693
34.5 14.869
34.5 15.143
100
-14.0 -225.98
-7.5 -127.538
-2.0 -80.926
10.5 -46.736
13.0 -24.76
18.5 -10.836
19.5 -3.276
22.5 2.166
24.5 5.813
24.5 7.91
26.0 9.31
26.5 10.445
26.5 11.427
26.5 11.918
26.5 11.79
28.0 12.529
30.5 12.681
30.5 12.2
30.5 12.112
30.5 11.951
30.5 11.279
30.5 11.709
30.5 11.907
30.5 11.712
30.5 11.888
30.5 11.292
30.5 12.732
30.5 12.717
30.5 12.884
30.5 12.786
30.5 12.68
30.5 12.776
30.5 12.878
31.5 12.354
31.5 13.027
31.5 13.376
31.5 12.47
31.5 12.912
32.5 13.322
32.5 14.284
32.5 13.843
32.5 15.135
32.5 14.447
32.5 14.144
32.5 14.365
32.5 14.456
32.5 14.426
32.5 15.209
32.5 13.996
32.5 14.18
32.5 14.348
32.5 15.447
32.5 15.048
32.5 13.158
32.5 14.158
32.5 13.453
33.5 14.144
33.5 13.557
33.5 13.475
33.5 15.025
33.5 14.419
33.5 14.345
33.5 13.591
33.5 13.364
33.5 14.662
33.5 13.926
33.5 14.548
34.0 14.719
34.0 12.522
34.0 13.141
34.0 13.353
34.0 13.393
34.0 13.604
34.0 12.764
34.0 13.404
34.0 13.22
34.0 13.175
34.0 13.447
34.0 13.419
34.0 14.085
34.0 13.854
34.0 13.308
34.0 12.239
34.0 12.141
34.0 11.521
34.0 12.486
34.0 12.337
34.0 12.043
34.0 12.731
34.0 12.724
34.0 12.454
34.0 12.783
34.0 12.718
34.0 13.179
34.0 12.985
34.0 12.397
34.0 12.932
34.0 12.369
34.0 13.187
34.0 12.02
100
-41.5 -229.012
-30.0 -132.638
-8.0 -87.634
4.5 -55.057
8.5 -34.628
16.0 -20.479
17.5 -9.784
17.5 -3.455
20.5 1.715
22.0 3.797
24.5 6.303
25.5 8.244
25.5 9.004
25.5 10.453
25.5 10.867
26.0 10.384
26.0 10.843
26.0 11.744
26.5 11.712
29.0 11.564
29.0 12.327
29.0 12.364
29.0 12.241
29.0 13.081
29.5 13.579
29.5 13.733
29.5 12.722
29.5 13.089
29.5 12.905
30.0 13.838
30.0 13.091
30.0 13.822
30.0 13.137
30.0 13.204
30.0 13.051
30.0 13.093
30.0 12.898
30.0 12.704
30.0 12.072
30.0 11.076
30.0 10.795
30.5 12.269
30.5 12.664
30.5 12.771
30.5 13.092
30.5 13.662
30.5 12.391
30.5 13.012
30.5 12.399
30.5 12.824
30.5 12.547
30.5 12.223
30.5 12.882
30.5 12.383
30.5 11.644
30.5 12.839
30.5 12.99
30.5 13.998
30.5 13.819
30.5 13.742
30.5 13.109
30.5 13.715
30.5 13.765
30.5 12.592
30.5 13.025
30.5 13.838
30.5 13.479
31.0 13.884
31.0 14.288
31.0 13.853
33.0 13.133
33.0 13.391
33.0 13.236
33.0 13.401
33.0 13.747
33.0 12.691
33.0 12.604
33.0 13.122
33.0 13.144
33.0 14.315
33.0 13.554
33.0 13.61
33.0 12.596
33.0 13.732
33.0 13.308
33.0 13.099
33.0 12.673
33.0 12.741
33.0 12.895
33.0 12.848
33.0 13.14
33.0 13.048
33.0 12.334
33.0 12.854
33.0 13.15
33.0 12.899
33.0 12.953
33.0 12.103
33.0 13.412
33.0 12.84
100
-56.5 -234.893
-19.0 -127.414
0.5 -80.654
6.0 -53.313
13.0 -35.548
17.5 -19.925
17.5 -10.764
20.0 -2.51
25.0 1.618
25.0 5.128
25.0 8.682
25.0 9.756
25.5 10.608
26.0 10.307
26.0 10.275
26.0 10.249
26.0 9.51
26.0 10.35
26.0 10.679
26.0 11.012
26.0 10.266
26.5 11.42
27.5 10.522
27.5 11.332
27.5 10.364
27.5 11.32
27.5 10.135
27.5 10.116
28.0 10.993
28.0 11.437
28.5 11.905
28.5 12.387
29.0 12.716
29.5 13.4
29.5 13.55
29.5 12.878
29.5 13.164
29.5 13.139
29.5 12.997
29.5 13.418
29.5 12.587
29.5 13.249
29.5 12.736
29.5 12.65
31.0 12.878
31.0 13.032
31.0 13.972
31.0 13.535
31.0 13.858
31.0 13.283
31.0 12.144
31.0 13.411
31.5 14.041
34.0 13.995
34.0 13.551
34.0 14.049
34.0 13.637
34.0 13.965
34.0 12.74
34.0 13.57
34.0 13.497
34.0 14.1
34.0 13.911
34.0 14.002
34.0 13.772
34.0 13.447
34.0 13.416
34.0 13.972
34.0 14.12
34.0 14.336
34.0 15.227
34.0 14.255
34.0 14.087
34.0 13.531
34.0 14.183
34.0 14.027
34.0 14.314
34.0 14.001
34.5 14.843
34.5 13.415
34.5 14.324
34.5 14.316
34.5 14.232
34.5 13.413
34.5 12.519
34.5 13.572
34.5 13.708
34.5 13.083
34.5 12.464
34.5 12.382
34.5 11.992
34.5 13.122
34.5 12.809
34.5 12.612
34.5 12.455
34.5 12.493
34.5 13.1
34.5 13.605
34.5 13.646
34.5 13.288

Individual: [1, 2, 5, 7, 10, 11, 14, 25, 28, 30, 34, 37, 39, 47, 70, 72, 74, 75, 79, 82, 88, 91, 95, 96, 98, 99]
   Fitness: 34.0
     Total: 26
Violations: 5 5

Individual: [3, 9, 10, 12, 13, 20, 22, 25, 26, 29, 33, 34, 62, 64, 67, 68, 71, 73, 77, 85, 86, 89, 96, 100]
   Fitness: 32.0
     Total: 24
Violations: 4 4

Individual: [2, 3, 5, 9, 11, 12, 14, 25, 26, 27, 28, 32, 33, 58, 65, 67, 68, 73, 74, 82, 85, 86, 92, 93, 95, 100]
   Fitness: 34.0
     Total: 26
Violations: 5 4

Individual: [4, 6, 10, 12, 16, 17, 21, 23, 31, 35, 37, 59, 63, 69, 71, 72, 74, 78, 80, 90, 92, 95, 96, 99]
   Fitness: 33.0
     Total: 24
Violations: 3 3

Individual: [1, 3, 6, 7, 10, 12, 15, 16, 25, 30, 32, 33, 66, 67, 69, 70, 76, 78, 79, 90, 92, 95, 96, 99]
   Fitness: 32.0
     Total: 24
Violations: 4 4

Individual: [2, 3, 8, 9, 12, 19, 24, 27, 28, 31, 33, 41, 65, 66, 69, 71, 75, 82, 83, 85, 86, 94, 96, 100]
   Fitness: 34.0
     Total: 24
Violations: 2 2

Individual: [1, 3, 4, 9, 12, 13, 14, 18, 26, 28, 29, 31, 32, 37, 41, 66, 72, 74, 75, 77, 89, 90, 92, 96, 97, 99, 100]
   Fitness: 34.5
     Total: 27
Violations: 6 6

Individual: [1, 3, 4, 9, 10, 12, 22, 24, 25, 27, 28, 33, 58, 59, 66, 67, 69, 70, 79, 80, 86, 87, 95, 97, 98, 100]
   Fitness: 34.0
     Total: 26
Violations: 5 4

Individual: [1, 3, 4, 6, 9, 10, 13, 18, 24, 28, 29, 41, 59, 60, 65, 67, 84, 85, 87, 88, 96, 97, 99, 100]
   Fitness: 33.0
     Total: 24
Violations: 3 3

Individual: [2, 3, 5, 9, 12, 14, 17, 24, 28, 30, 33, 34, 35, 37, 68, 70, 73, 74, 77, 79, 82, 92, 93, 95, 97, 98, 100]
   Fitness: 34.5
     Total: 27
Violations: 6 4
