10
100
-54.5 -222.87
-26.0 -176.175
-26.0 -168.115
-26.0 -157.735
-26.0 -156.24
-26.0 -152.8
-26.0 -130.135
-26.0 -138.575
-16.0 -136.49
-16.0 -141.265
-16.0 -141.93
-16.0 -138.075
-16.0 -137.85
-15.0 -135.805
-15.0 -142.31
-15.0 -135.38
-15.0 -128.915
-15.0 -133.385
-15.0 -139.24
-15.0 -125.455
-15.0 -128.62
-15.0 -133.4
-15.0 -142.0
-15.0 -132.86
-15.0 -130.545
-15.0 -120.53
-15.0 -130.775
-15.0 -128.76
-15.0 -131.25
-15.0 -132.4
-15.0 -133.655
-15.0 -123.765
-15.0 -125.415
-15.0 -143.385
-15.0 -143.655
-15.0 -126.89
-15.0 -130.13
-15.0 -139.185
-15.0 -138.83
-15.0 -138.16
-11.5 -132.02
-11.5 -120.445
-11.5 -126.145
-11.5 -129.885
-11.5 -137.6
-11.5 -132.435
-11.5 -156.83
-11.5 -130.44
-11.5 -126.45
-8.0 -128.045
-8.0 -130.98
-8.0 -128.0
-8.0 -123.01
-8.0 -126.7
-8.0 -120.81
-8.0 -120.235
-8.0 -127.665
-8.0 -121.885
-8.0 -127.31
-8.0 -132.98
-8.0 -135.795
-8.0 -116.2
-8.0 -118.11
-8.0 -135.48
-8.0 -136.215
-8.0 -138.58
-8.0 -133.63
-8.0 -122.74
-8.0 -118.78
-8.0 -126.085
-8.0 -120.38
-8.0 -122.42
-8.0 -132.99
-8.0 -131.54
-8.0 -122.765
-8.0 -131.94
-8.0 -126.815
-8.0 -132.21
-8.0 -139.86
-8.0 -126.4
-8.0 -121.445
-8.0 -129.925
-8.0 -123.85
-8.0 -131.36
-8.0 -127.525
-8.0 -132.56
-8.0 -129.565
-8.0 -120.27
-8.0 -134.125
-8.0 -126.46
-8.0 -129.065
-8.0 -141.725
-8.0 -140.805
-8.0 -134.215
-8.0 -128.16
-7.5 -119.67
-7.5 -125.365
-7.5 -133.605
-7.5 -118.66
-7.5 -124.095
100
-23.0 -225.005
-23.0 -186.805
-23.0 -177.655
-20.5 -156.16
-20.5 -148.38
-20.5 -151.685
-20.5 -144.655
-20.5 -147.775
-20.5 -136.265
-20.5 -129.54
-20.5 -126.58
-20.5 -139.09
-20.5 -139.01
-20.5 -132.205
-20.5 -139.245
-20.5 -147.36
-17.5 -139.05
-17.5 -133.52
-17.5 -140.93
-17.5 -132.805
-17.5 -139.095
-17.5 -126.545
-17.5 -130.46
-15.5 -134.41
-15.5 -128.3
-15.5 -143.265
-15.5 -135.94
-6.5 -139.11
-6.5 -127.575
-6.5 -141.425
-6.5 -133.015
-6.5 -133.445
-6.5 -134.14
-6.5 -122.055
-6.5 -133.23
-6.5 -121.535
-6.5 -129.07
-6.5 -124.47
-6.5 -125.56
-6.5 -124.485
-6.5 -128.75
-6.5 -125.26
-6.5 -127.36
-6.5 -136.125
-6.5 -123.85
-6.5 -124.55
-6.5 -119.91
-6.5 -122.965
-6.5 -129.865
-6.5 -127.475
-6.5 -126.235
-6.5 -131.08
-6.5 -130.535
-6.5 -127.69
-6.5 -122.13
-6.5 -137.335
-6.5 -134.69
-6.5 -132.57
-6.5 -135.585
1.5 -135.92
1.5 -126.615
1.5 -136.28
1.5 -120.645
1.5 -120.985
1.5 -126.74
1.5 -123.575
1.5 -117.25
1.5 -116.16
1.5 -122.79
1.5 -126.585
1.5 -123.1
1.5 -130.52
1.5 -128.24
1.5 -130.81
1.5 -116.425
1.5 -118.305
1.5 -121.31
1.5 -122.985
1.5 -117.95
1.5 -132.215
1.5 -124.945
1.5 -124.66
1.5 -130.83
1.5 -121.285
1.5 -127.185
1.5 -129.155
4.5 -122.395
4.5 -128.325
4.5 -125.265
4.5 -127.545
4.5 -125.65
4.5 -121.42
4.5 -115.765
4.5 -127.25
4.5 -126.76
4.5 -130.19
4.5 -129.43
4.5 -130.105
4.5 -127.3
4.5 -119.615
100
-33.5 -227.545
-33.5 -166.09
-19.0 -149.11
-19.0 -135.18
-7.0 -128.61
-7.0 -134.54
-7.0 -136.645
-7.0 -128.775
-7.0 -148.83
-7.0 -137.03
-7.0 -142.185
-7.0 -121.54
-7.0 -132.055
-7.0 -123.015
-6.5 -122.215
-6.5 -123.65
-6.5 -129.025
-6.5 -137.525
-6.5 -125.485
-6.5 -141.145
-6.5 -131.605
-6.5 -126.955
-6.5 -128.695
-6.5 -135.98
-6.5 -131.0
-6.5 -131.185
-6.5 -127.035
-6.5 -121.89
-6.5 -125.165
-6.5 -122.08
-6.5 -128.51
0.0 -121.44
0.0 -122.07
0.0 -126.92
0.0 -125.335
0.0 -128.995
0.0 -126.54
0.0 -130.28
0.0 -122.98
0.0 -125.88
0.0 -117.69
0.0 -119.705
0.0 -122.375
0.0 -129.44
0.0 -130.34
0.0 -125.485
0.0 -133.24
0.0 -117.44
0.0 -127.35
0.0 -130.2
0.0 -127.36
0.0 -128.385
0.0 -137.16
0.0 -125.21
2.0 -123.52
2.0 -125.59
2.0 -123.77
2.0 -128.47
2.0 -136.48
2.0 -135.9
2.0 -134.315
2.0 -129.155
2.0 -130.115
2.0 -124.2
2.0 -121.315
2.0 -121.42
2.0 -130.795
2.0 -123.095
2.0 -125.34
2.0 -129.245
2.0 -116.5
2.0 -127.575
2.0 -125.11
2.0 -125.34
2.0 -122.97
2.0 -128.91
2.0 -130.51
2.0 -126.335
2.0 -134.36
2.0 -122.59
2.0 -125.47
2.0 -118.29
2.0 -116.175
2.0 -110.415
2.0 -114.89
2.0 -111.47
2.0 -120.8
2.0 -128.155
2.0 -108.555
2.0 -105.59
2.0 -113.925
2.0 -114.56
2.0 -123.385
2.0 -125.405
2.0 -127.545
2.0 -122.67
2.0 -129.955
2.0 -119.46
2.0 -115.155
2.0 -120.085
100
-80.0 -232.34
-36.0 -190.47
-36.0 -168.46
-36.0 -162.605
-36.0 -158.21
-21.0 -133.505
-21.0 -131.52
-21.0 -146.43
-21.0 -141.425
-21.0 -141.13
-21.0 -137.825
-17.0 -138.005
-9.0 -137.675
-9.0 -131.84
-9.0 -137.77
-9.0 -129.445
-9.0 -139.0
-9.0 -143.55
-9.0 -149.26
-9.0 -129.335
-9.0 -125.93
-9.0 -126.09
-9.0 -137.325
-4.5 -141.31
-4.5 -132.685
-4.5 -122.46
-4.5 -126.48
-4.5 -133.595
-4.5 -127.815
-4.5 -141.34
-4.5 -122.87
-4.5 -128.63
-4.5 -128.355
-4.5 -134.485
-4.5 -128.44
-4.5 -135.895
-4.5 -118.125
-4.5 -134.635
-4.5 -131.585
-4.5 -130.92
-3.0 -134.565
-3.0 -126.45
-3.0 -123.51
-3.0 -124.94
-3.0 -124.26
-3.0 -128.83
-3.0 -127.175
-3.0 -123.97
-3.0 -144.87
-3.0 -131.45
-3.0 -123.435
-3.0 -123.415
-3.0 -128.99
-3.0 -128.185
-3.0 -122.595
-3.0 -118.35
-3.0 -125.095
-0.5 -123.385
-0.5 -125.47
-0.5 -119.3
-0.5 -120.19
-0.5 -122.425
-0.5 -137.525
-0.5 -125.445
-0.5 -119.44
-0.5 -112.46
-0.5 -131.72
-0.5 -134.63
-0.5 -123.36
-0.5 -124.96
-0.5 -123.2
-0.5 -125.045
-0.5 -127.45
-0.5 -118.675
-0.5 -130.34
-0.5 -129.285
-0.5 -128.395
-0.5 -121.505
-0.5 -119.135
-0.5 -118.565
-0.5 -123.21
-0.5 -123.72
-0.5 -129.125
-0.5 -128.63
-0.5 -134.89
-0.5 -135.69
-0.5 -135.68
-0.5 -126.045
-0.5 -118.71
-0.5 -123.51
-0.5 -129.055
-0.5 -129.15
-0.5 -122.835
-0.5 -130.01
-0.5 -120.645
-0.5 -121.12
-0.5 -122.405
-0.5 -128.0
-0.5 -132.965
-0.5 -137.4
100
-83.5 -242.28
-74.0 -190.07
-58.5 -168.88
-22.5 -163.555
-22.5 -137.965
-22.5 -135.24
-22.5 -148.915
-22.5 -134.51
-22.5 -145.44
-22.5 -141.25
-22.5 -132.08
-10.0 -133.97
-10.0 -133.36
-10.0 -123.73
-10.0 -132.285
-10.0 -128.685
-10.0 -134.345
-10.0 -146.27
-4.0 -122.965
1.0 -132.635
1.0 -138.975
1.0 -135.385
1.0 -138.92
1.0 -135.765
1.0 -135.61
1.0 -126.1
1.0 -129.24
1.0 -132.62
1.0 -125.9
1.0 -129.53
1.0 -131.51
1.0 -136.93
1.0 -126.35
1.0 -128.12
1.0 -135.45
1.0 -121.21
1.0 -125.845
1.0 -137.65
1.0 -119.715
1.0 -141.72
1.0 -137.665
1.0 -129.3
1.0 -133.29
1.0 -133.725
1.0 -139.98
1.0 -144.975
1.0 -123.86
1.0 -141.295
1.0 -132.145
1.0 -130.7
1.0 -126.76
1.0 -126.45
1.0 -124.4
1.0 -125.455
1.0 -119.87
1.0 -127.485
1.0 -129.18
1.0 -120.73
1.0 -127.1
1.0 -110.45
1.0 -124.44
1.0 -124.79
1.0 -141.915
1.0 -136.985
1.0 -134.035
1.0 -128.185
1.0 -127.54
1.0 -127.13
1.0 -119.35
1.0 -128.805
1.0 -127.42
1.0 -126.705
1.0 -129.365
1.0 -119.555
1.0 -122.575
1.0 -120.765
1.0 -118.38
1.0 -127.51
1.0 -129.55
1.0 -129.635
1.0 -128.95
1.0 -124.38
1.0 -118.22
1.0 -122.96
1.0 -124.68
1.0 -125.525
1.0 -124.545
1.0 -126.56
1.0 -135.68
1.0 -122.865
1.0 -125.67
1.0 -124.625
1.0 -126.645
1.0 -132.305
1.0 -131.815
1.0 -128.595
1.0 -133.535
1.0 -130.72
1.0 -131.36
1.0 -134.685
100
-68.5 -220.77
-40.5 -183.8
-37.0 -161.34
-34.0 -151.115
-34.0 -139.89
-34.0 -143.875
-13.5 -141.7
-8.0 -132.555
-8.0 -132.135
-8.0 -130.495
-8.0 -139.085
-8.0 -141.49
-8.0 -145.13
-8.0 -146.65
-8.0 -138.535
-8.0 -136.38
-8.0 -127.87
-4.5 -131.77
-4.5 -123.3
-4.5 -146.9
-4.5 -121.425
-4.5 -129.18
-4.5 -132.69
-4.5 -136.215
-4.5 -132.275
-4.5 -137.265
-4.5 -143.0
-4.5 -129.07
-4.5 -135.465
-4.5 -139.245
-4.5 -128.385
-4.5 -137.425
-4.5 -123.805
-4.5 -131.185
-4.5 -133.43
-4.5 -136.34
-4.5 -126.7
-4.5 -128.61
-4.5 -135.045
-4.5 -125.97
-4.5 -127.52
-4.5 -127.975
-4.5 -128.82
-4.5 -129.075
-4.5 -118.62
-4.5 -134.355
-4.5 -117.285
-4.5 -126.265
-4.5 -126.105
-4.5 -129.14
-4.5 -123.03
-4.5 -122.815
-4.5 -135.31
-4.5 -128.1
-4.5 -126.275
-4.5 -134.18
-4.5 -134.335
-4.5 -134.465
-4.5 -133.185
-4.5 -137.14
-4.5 -129.24
-4.5 -124.48
-4.5 -131.89
-4.5 -130.545
-4.5 -125.66
-4.5 -135.765
-4.5 -137.09
-4.5 -136.97
-4.5 -129.505
-4.5 -117.39
-4.5 -117.12
-4.5 -127.285
-4.5 -128.445
-4.5 -122.795
-4.5 -130.405
-4.5 -130.81
-4.5 -129.595
-4.5 -126.975
-4.5 -128.505
-4.5 -126.245
-4.5 -135.14
-4.5 -130.5
-4.5 -139.72
-4.5 -122.96
-4.5 -129.92
-4.5 -123.485
-4.5 -131.915
-4.5 -123.705
-4.5 -124.31
-4.5 -125.18
-4.5 -132.52
-4.5 -130.705
-4.5 -139.89
-4.5 -132.5
-4.5 -127.575
-4.5 -119.31
-4.5 -129.1
-4.5 -121.265
-4.5 -122.06
-4.5 -124.695
100
-71.5 -234.415
-63.5 -169.845
-50.5 -159.195
-44.0 -166.345
-38.5 -143.085
-38.5 -139.99
-38.5 -146.61
-31.0 -141.495
-31.0 -135.62
-31.0 -138.185
-31.0 -137.23
-31.0 -144.815
-31.0 -149.02
-31.0 -147.725
-20.5 -139.165
-20.5 -149.235
-7.5 -147.64
0.5 -135.84
0.5 -141.405
0.5 -136.94
0.5 -134.69
0.5 -138.185
0.5 -139.795
0.5 -130.72
0.5 -133.46
0.5 -122.325
0.5 -131.07
0.5 -140.345
0.5 -134.695
0.5 -135.93
0.5 -131.85
0.5 -121.445
0.5 -128.84
0.5 -123.91
0.5 -138.78
0.5 -127.58
0.5 -121.59
0.5 -128.09
0.5 -125.87
0.5 -139.38
0.5 -130.21
0.5 -121.68
0.5 -124.655
0.5 -120.505
0.5 -123.225
0.5 -124.815
0.5 -129.335
0.5 -122.32
0.5 -120.7
0.5 -114.64
0.5 -124.21
0.5 -127.775
0.5 -134.525
0.5 -115.335
0.5 -117.925
0.5 -124.765
0.5 -118.615
0.5 -142.265
0.5 -129.525
0.5 -129.345
0.5 -115.4
0.5 -130.23
0.5 -123.935
0.5 -121.665
0.5 -128.155
0.5 -138.03
0.5 -133.36
0.5 -126.735
0.5 -124.0
0.5 -130.155
0.5 -126.37
0.5 -121.74
0.5 -132.495
0.5 -121.005
0.5 -120.845
0.5 -129.555
0.5 -125.045
0.5 -129.73
0.5 -128.415
0.5 -123.01
0.5 -128.725
0.5 -127.335
0.5 -135.71
0.5 -112.3
0.5 -112.905
0.5 -127.48
0.5 -128.455
0.5 -114.43
0.5 -138.18
0.5 -116.745
0.5 -114.195
0.5 -110.52
0.5 -116.835
0.5 -117.63
0.5 -131.93
0.5 -121.63
0.5 -129.525
0.5 -123.96
0.5 -126.065
0.5 -126.18
100
-35.5 -229.64
-35.5 -175.2
-0.5 -156.445
-0.5 -144.935
-0.5 -147.335
-0.5 -148.92
-0.5 -143.955
-0.5 -148.51
-0.5 -139.835
-0.5 -139.405
-0.5 -139.655
-0.5 -123.8
-0.5 -131.025
-0.5 -134.685
-0.5 -131.355
-0.5 -134.745
-0.5 -124.33
-0.5 -127.3
-0.5 -142.71
-0.5 -131.73
2.0 -143.995
2.0 -139.23
2.0 -128.375
2.0 -139.245
2.0 -135.27
2.0 -128.525
2.0 -115.88
2.0 -133.065
2.0 -135.165
2.0 -136.92
2.0 -132.82
2.0 -134.275
2.0 -134.58
2.0 -122.125
2.0 -123.355
2.0 -127.62
2.0 -132.27
2.0 -134.45
2.0 -125.455
2.0 -124.29
2.0 -123.895
2.0 -125.555
2.0 -115.94
2.0 -129.225
2.0 -134.66
2.0 -130.695
2.0 -124.87
2.0 -127.51
2.0 -134.02
2.0 -134.495
2.0 -123.235
2.0 -119.79
2.0 -125.135
2.0 -120.075
2.0 -126.315
2.0 -122.73
2.0 -121.08
2.0 -119.065
2.0 -128.99
2.0 -121.195
2.0 -131.765
2.0 -135.3
2.0 -130.17
2.0 -124.025
2.0 -118.74
2.0 -120.24
2.0 -120.06
2.0 -126.14
2.0 -129.93
2.0 -121.16
2.0 -124.355
2.0 -130.41
2.0 -125.31
2.0 -114.32
2.0 -119.265
2.0 -125.54
2.0 -123.025
2.0 -125.945
2.0 -128.775
2.0 -130.435
9.5 -121.93
9.5 -115.49
9.5 -115.34
9.5 -125.425
9.5 -118.135
9.5 -124.285
9.5 -129.32
9.5 -120.3
9.5 -109.72
9.5 -116.72
9.5 -124.5
9.5 -119.64
9.5 -124.74
9.5 -123.975
9.5 -109.955
9.5 -121.865
9.5 -123.52
9.5 -124.715
9.5 -122.6
9.5 -130.61
100
-70.0 -236.575
-55.5 -168.53
-43.5 -158.84
-43.5 -155.75
-43.5 -152.05
-9.0 -147.15
-9.0 -135.28
-9.0 -142.09
-9.0 -143.065
-9.0 -139.55
3.0 -154.145
3.0 -132.495
3.0 -136.185
3.0 -137.78
3.0 -127.825
3.0 -119.125
3.0 -128.98
3.0 -127.295
3.0 -125.025
3.0 -137.47
3.0 -143.085
3.0 -138.225
3.0 -126.88
3.0 -114.445
3.0 -112.97
3.0 -124.59
3.0 -131.595
3.0 -135.215
3.0 -141.125
3.0 -124.99
3.0 -116.705
3.0 -118.32
3.0 -123.0
3.0 -124.69
3.0 -134.215
3.0 -137.665
3.0 -119.855
3.0 -132.965
3.0 -136.055
3.0 -129.715
3.0 -114.22
3.0 -117.29
3.0 -125.23
3.0 -128.25
3.0 -126.705
3.0 -117.245
3.0 -135.39
3.0 -123.3
3.0 -123.55
3.0 -141.795
3.0 -120.41
3.0 -132.74
3.0 -143.465
3.0 -136.925
3.0 -133.48
3.0 -126.945
3.0 -131.675
3.0 -139.81
3.0 -132.845
3.0 -131.35
3.0 -128.62
3.0 -128.12
3.0 -124.895
3.0 -128.865
3.0 -129.355
3.0 -130.79
3.0 -118.82
3.0 -128.33
3.0 -128.575
3.0 -142.36
3.0 -135.315
3.0 -124.765
3.0 -130.585
3.0 -121.245
3.0 -129.43
3.0 -121.55
3.0 -127.77
3.0 -118.16
3.0 -129.4
3.0 -135.81
3.0 -126.405
6.0 -117.25
6.0 -120.135
6.0 -122.81
6.0 -118.925
6.0 -119.6
6.0 -119.995
6.0 -118.695
6.0 -131.805
6.0 -134.69
6.0 -125.555
6.0 -116.53
6.0 -123.585
6.0 -122.1
6.0 -109.86
6.0 -119.98
6.0 -127.09
6.0 -120.985
6.0 -117.475
6.0 -118.755
100
-32.5 -230.66
-32.5 -167.985
-32.5 -151.05
-32.5 -159.59
-32.5 -157.985
-32.5 -151.46
-30.0 -137.605
-18.0 -139.745
-18.0 -133.87
-18.0 -139.555
-9.0 -141.07
-9.0 -153.475
-9.0 -137.71
-9.0 -139.92
-9.0 -137.99
-9.0 -144.475
-9.0 -139.185
-9.0 -146.47
-9.0 -145.39
-9.0 -137.33
-9.0 -143.76
-3.5 -140.955
-3.5 -137.315
-3.5 -132.635
-3.5 -123.48
1.5 -122.41
1.5 -123.245
1.5 -124.8
1.5 -126.5
1.5 -129.985
1.5 -142.385
1.5 -129.855
1.5 -127.875
1.5 -122.575
1.5 -131.745
1.5 -127.505
1.5 -127.585
1.5 -119.895
1.5 -130.305
1.5 -130.225
1.5 -139.545
1.5 -134.595
1.5 -139.355
1.5 -131.26
1.5 -131.81
1.5 -134.94
1.5 -130.365
1.5 -118.645
1.5 -113.365
1.5 -120.95
1.5 -127.895
1.5 -126.16
1.5 -121.135
1.5 -124.9
1.5 -129.925
1.5 -122.735
1.5 -125.935
1.5 -124.78
1.5 -121.65
1.5 -123.565
1.5 -125.16
1.5 -118.14
1.5 -128.965
1.5 -123.275
1.5 -136.18
1.5 -126.585
1.5 -115.22
1.5 -127.065
1.5 -128.095
1.5 -140.575
1.5 -130.6
1.5 -115.38
1.5 -111.5
1.5 -120.925
1.5 -132.48
1.5 -120.77
1.5 -117.33
1.5 -121.91
1.5 -127.12
1.5 -118.61
1.5 -126.255
1.5 -124.125
1.5 -121.16
1.5 -128.625
1.5 -123.39
1.5 -119.53
1.5 -118.595
1.5 -118.41
1.5 -125.88
1.5 -123.64
1.5 -128.225
1.5 -131.125
1.5 -128.485
1.5 -132.25
1.5 -125.6
1.5 -126.3
1.5 -116.375
1.5 -130.305
1.5 -126.26
1.5 -128.975

Individual: [3, 5, 6, 13, 14, 17, 18, 19, 23, 27, 29, 31, 37, 38, 42, 44, 46, 57, 64, 66, 69, 72, 78, 81, 82, 86, 88, 90, 91, 93, 95]
   Fitness: -7.5
     Total: 31
Violations: 54 24

Individual: [1, 5, 13, 15, 16, 29, 31, 34, 44, 46, 48, 51, 61, 64, 67, 73, 77, 81, 83, 84, 86, 88, 94, 95, 96]
   Fitness: 4.5
     Total: 25
Violations: 33 18

Individual: [3, 6, 14, 18, 20, 27, 29, 31, 33, 38, 40, 41, 42, 49, 52, 58, 61, 69, 73, 75, 78, 84, 85, 91, 93, 94, 97, 99]
   Fitness: 2.0
     Total: 28
Violations: 40 19

Individual: [1, 2, 3, 5, 9, 21, 22, 23, 26, 32, 37, 51, 53, 59, 60, 62, 64, 65, 67, 68, 69, 73, 75, 87, 96, 98, 100]
   Fitness: -0.5
     Total: 27
Violations: 41 21

Individual: [9, 11, 14, 15, 17, 21, 22, 25, 26, 29, 36, 38, 39, 45, 48, 49, 53, 55, 60, 61, 77, 87, 88, 91, 92, 94, 98, 99]
   Fitness: 1.0
     Total: 28
Violations: 41 21

Individual: [1, 9, 10, 11, 12, 14, 18, 20, 23, 24, 30, 40, 41, 42, 43, 45, 57, 59, 61, 63, 66, 68, 80, 82, 86, 90, 94, 96, 97, 99, 100]
   Fitness: -4.5
     Total: 31
Violations: 51 25

Individual: [2, 4, 10, 11, 16, 17, 24, 28, 35, 37, 43, 44, 45, 57, 60, 62, 67, 69, 70, 72, 79, 80, 82, 85, 92, 95, 96]
   Fitness: 0.5
     Total: 27
Violations: 40 19

Individual: [1, 4, 6, 16, 17, 19, 20, 22, 29, 30, 33, 34, 39, 41, 42, 43, 48, 72, 74, 83, 85, 87, 89, 93, 100]
   Fitness: 9.5
     Total: 25
Violations: 28 16

Individual: [3, 4, 7, 10, 11, 26, 28, 30, 34, 41, 42, 43, 48, 57, 59, 60, 68, 71, 80, 82, 87, 88, 91, 92, 95, 96]
   Fitness: 6.0
     Total: 26
Violations: 33 20

Individual: [2, 7, 9, 14, 15, 20, 22, 25, 26, 31, 38, 60, 61, 65, 66, 68, 71, 72, 74, 75, 76, 83, 84, 85, 87, 88, 89, 90, 99]
   Fitness: 1.5
     Total: 29
Violations: 42 21
