10
500
-27.5 -230.74
-27.5 -161.206
-27.5 -123.118
-12.0 -107.654
-7.0 -91.636
-5.0 -79.424
10.0 -65.632
10.0 -60.982
10.0 -55.87
10.0 -47.602
13.5 -39.388
13.5 -38.74
14.5 -40.416
16.5 -33.242
16.5 -35.476
17.5 -29.95
17.5 -26.282
17.5 -24.314
17.5 -22.476
17.5 -21.256
19.0 -22.348
19.0 -26.582
19.0 -24.342
19.5 -25.21
19.5 -23.582
21.5 -21.614
21.5 -21.338
21.5 -15.494
23.5 -18.45
23.5 -17.778
23.5 -22.768
23.5 -20.146
23.5 -20.268
23.5 -18.29
23.5 -13.678
23.5 -15.728
23.5 -15.412
23.5 -18.076
23.5 -17.764
23.5 -19.752
23.5 -17.474
23.5 -17.09
23.5 -18.314
23.5 -21.714
23.5 -17.986
23.5 -15.128
24.0 -13.256
24.0 -13.516
24.0 -14.748
24.0 -15.554
24.0 -13.94
24.0 -14.414
24.0 -17.286
24.0 -17.928
24.0 -17.14
24.0 -16.466
24.0 -18.812
24.0 -14.48
24.0 -14.7
24.0 -13.41
24.0 -13.396
24.0 -15.11
24.0 -14.474
24.0 -10.836
24.0 -10.31
24.0 -11.916
24.0 -14.028
24.0 -14.096
24.0 -14.926
24.0 -18.194
24.0 -19.232
24.0 -15.08
24.0 -11.544
24.0 -10.542
24.0 -11.514
24.0 -13.428
24.0 -13.67
24.0 -14.574
24.0 -17.062
25.0 -12.484
25.0 -14.93
25.0 -13.934
25.0 -16.032
25.0 -16.23
25.0 -17.62
25.0 -12.838
25.0 -17.914
25.0 -13.906
25.0 -14.258
25.0 -14.628
25.0 -19.736
25.0 -17.026
25.0 -11.084
25.0 -14.034
25.0 -10.516
25.0 -11.908
25.0 -11.872
25.0 -12.918
25.0 -17.574
25.0 -14.694
26.0 -13.84
26.0 -10.668
26.0 -11.806
26.0 -11.62
26.0 -14.44
26.0 -19.098
26.0 -17.64
26.0 -14.054
26.0 -15.288
26.0 -12.364
26.0 -9.798
26.0 -12.354
26.0 -15.152
26.0 -12.754
26.0 -13.638
26.0 -11.094
26.0 -13.66
26.0 -16.566
26.0 -13.528
26.0 -13.314
26.0 -14.126
26.0 -14.48
26.0 -15.516
26.0 -15.466
26.0 -12.01
26.0 -12.166
26.0 -12.816
26.0 -11.422
26.0 -11.13
26.0 -13.696
26.0 -13.7
26.0 -13.64
26.0 -10.154
26.0 -9.01
26.0 -10.654
26.0 -14.356
26.0 -15.63
26.0 -18.098
26.0 -15.29
26.0 -17.126
26.0 -14.59
26.0 -14.024
26.0 -16.624
26.0 -14.034
26.0 -8.116
26.0 -8.87
26.0 -15.546
26.0 -12.076
26.0 -13.548
26.0 -15.536
26.0 -15.994
26.0 -19.714
26.0 -19.258
26.0 -15.426
26.0 -14.296
26.0 -14.09
26.0 -14.376
26.0 -14.084
26.0 -12.666
26.5 -13.43
26.5 -12.856
26.5 -12.736
26.5 -12.874
26.5 -9.342
26.5 -9.324
26.5 -8.856
26.5 -12.876
26.5 -13.478
26.5 -11.136
26.5 -13.246
26.5 -15.25
26.5 -14.414
26.5 -16.054
26.5 -18.026
26.5 -14.288
26.5 -13.598
26.5 -13.766
26.5 -13.884
26.5 -16.924
26.5 -15.72
26.5 -11.922
26.5 -14.302
26.5 -15.524
26.5 -12.966
26.5 -15.14
26.5 -16.724
26.5 -12.962
26.5 -10.246
26.5 -12.112
26.5 -12.386
26.5 -9.624
26.5 -9.992
26.5 -15.6
26.5 -13.964
26.5 -15.696
26.5 -16.002
26.5 -15.208
26.5 -14.034
26.5 -17.044
26.5 -16.246
26.5 -16.55
26.5 -13.364
26.5 -11.816
26.5 -12.372
26.5 -11.462
26.5 -16.56
26.5 -14.86
26.5 -12.914
26.5 -18.07
26.5 -18.198
26.5 -18.054
26.5 -13.89
26.5 -12.952
26.5 -14.42
26.5 -13.688
26.5 -14.344
26.5 -14.808
26.5 -15.106
26.5 -15.16
26.5 -15.536
26.5 -13.288
26.5 -17.714
26.5 -16.566
26.5 -11.52
26.5 -14.924
26.5 -12.45
26.5 -12.708
26.5 -14.044
26.5 -11.396
26.5 -13.888
26.5 -13.436
26.5 -15.226
26.5 -13.794
26.5 -9.648
26.5 -13.892
26.5 -15.24
26.5 -16.73
26.5 -13.234
26.5 -13.17
26.5 -17.07
26.5 -11.166
26.5 -14.31
26.5 -15.472
26.5 -17.126
26.5 -14.78
26.5 -14.386
26.5 -17.906
26.5 -14.476
26.5 -11.016
26.5 -11.758
26.5 -11.032
26.5 -12.434
26.5 -15.646
26.5 -12.556
26.5 -11.644
26.5 -16.692
26.5 -12.736
26.5 -13.622
26.5 -9.674
26.5 -12.486
26.5 -15.25
26.5 -10.54
26.5 -13.74
26.5 -13.258
26.5 -12.78
26.5 -16.14
26.5 -16.702
26.5 -16.626
26.5 -13.606
26.5 -13.006
26.5 -16.628
26.5 -16.078
26.5 -16.51
26.5 -13.672
26.5 -15.734
26.5 -14.468
26.5 -15.33
26.5 -12.344
26.5 -17.73
26.5 -14.318
26.5 -15.432
26.5 -12.842
26.5 -15.868
26.5 -12.74
26.5 -14.53
26.5 -12.622
26.5 -13.164
26.5 -11.806
26.5 -12.344
26.5 -12.754
26.5 -11.322
27.5 -11.174
27.5 -9.01
27.5 -10.914
27.5 -12.732
27.5 -16.53
27.5 -16.71
27.5 -13.312
27.5 -13.714
27.5 -12.576
27.5 -9.478
27.5 -15.668
27.5 -16.954
27.5 -14.79
27.5 -10.596
27.5 -18.568
27.5 -18.464
27.5 -16.108
27.5 -14.98
27.5 -14.444
27.5 -12.064
27.5 -11.552
27.5 -13.684
27.5 -15.232
27.5 -15.152
27.5 -15.12
27.5 -14.248
27.5 -13.992
27.5 -11.784
27.5 -9.974
27.5 -9.374
27.5 -11.556
27.5 -15.092
27.5 -14.236
27.5 -12.128
27.5 -15.968
27.5 -14.71
27.5 -11.674
27.5 -14.206
27.5 -11.64
27.5 -6.804
27.5 -11.392
27.5 -12.098
27.5 -11.892
27.5 -8.47
27.5 -14.146
27.5 -14.172
27.5 -12.248
27.5 -13.678
27.5 -12.454
27.5 -12.956
27.5 -15.67
27.5 -15.482
27.5 -12.896
27.5 -17.504
27.5 -17.528
27.5 -13.374
27.5 -8.54
27.5 -9.682
27.5 -13.466
27.5 -10.09
28.0 -9.09
28.0 -12.046
28.0 -13.746
28.0 -13.532
28.0 -12.046
28.0 -11.696
28.0 -12.788
28.0 -15.644
28.0 -11.742
28.0 -11.89
28.0 -10.124
28.0 -13.352
28.0 -13.998
28.0 -15.132
28.0 -10.012
28.0 -9.574
28.0 -7.926
28.0 -8.952
28.0 -13.844
28.0 -11.502
28.0 -14.238
28.0 -18.26
28.0 -14.138
28.0 -14.328
28.0 -10.434
28.0 -13.706
28.0 -11.644
28.0 -8.918
28.0 -11.274
28.0 -14.178
28.0 -15.496
28.0 -16.942
28.0 -12.386
28.0 -11.5
28.0 -9.494
28.0 -11.104
28.0 -16.29
28.0 -16.738
28.0 -13.414
28.0 -12.736
28.0 -13.404
28.0 -12.098
28.0 -14.196
28.0 -12.876
28.0 -12.674
28.0 -10.254
28.0 -10.598
28.0 -13.518
28.0 -11.614
28.0 -15.612
28.0 -14.026
28.0 -18.194
28.0 -18.12
28.0 -16.3
28.0 -16.194
28.0 -17.878
28.0 -16.574
28.0 -14.802
28.0 -13.316
28.0 -12.508
28.0 -13.288
28.0 -10.384
28.0 -16.924
28.0 -11.194
28.0 -11.81
28.0 -13.344
28.0 -14.16
28.0 -12.798
28.0 -12.414
28.0 -14.378
28.0 -13.75
28.0 -12.842
28.0 -12.126
28.0 -13.532
28.0 -12.648
28.0 -16.688
28.0 -18.384
28.0 -13.97
28.0 -15.362
28.0 -14.598
28.0 -16.598
28.0 -15.914
28.0 -14.726
28.0 -15.932
28.0 -14.908
28.0 -12.144
28.0 -15.03
28.0 -12.136
28.0 -8.326
28.0 -9.16
28.0 -12.854
28.0 -14.678
28.0 -10.426
28.0 -12.096
28.0 -13.684
28.0 -15.992
28.0 -14.568
28.0 -10.252
28.0 -12.482
28.0 -11.182
28.0 -14.058
28.0 -12.64
28.0 -16.046
28.0 -15.678
28.0 -15.492
28.0 -18.5
28.0 -14.478
28.0 -14.892
28.0 -11.588
28.0 -12.164
28.0 -12.01
28.0 -14.034
28.0 -13.426
28.0 -11.336
28.0 -9.622
28.0 -13.31
28.0 -14.72
28.0 -13.626
28.0 -15.414
28.0 -13.018
28.0 -11.496
28.0 -11.61
28.0 -13.944
28.0 -15.438
28.0 -17.486
28.0 -15.786
28.0 -10.916
28.0 -13.354
28.0 -15.24
28.0 -11.632
28.0 -15.462
28.0 -9.232
28.0 -12.434
28.0 -14.078
28.0 -13.886
28.0 -14.746
28.0 -11.86
28.0 -12.77
28.0 -11.244
28.0 -14.552
28.0 -16.474
28.0 -11.228
28.0 -14.616
28.0 -10.538
28.0 -9.314
28.0 -12.312
28.0 -10.416
28.0 -16.366
28.0 -13.08
500
-54.0 -227.97
-48.5 -157.484
-6.5 -117.438
-6.5 -99.252
-6.5 -85.564
-2.5 -69.212
1.5 -61.02
5.0 -55.806
5.0 -45.078
7.5 -44.972
10.0 -42.134
11.5 -43.756
11.5 -39.108
11.5 -38.476
14.0 -38.374
14.0 -34.046
14.0 -31.328
16.0 -27.91
17.0 -28.012
17.0 -29.124
17.0 -24.964
17.0 -25.792
17.0 -23.336
20.5 -24.556
21.5 -22.858
21.5 -23.248
21.5 -25.72
21.5 -24.408
21.5 -20.766
21.5 -23.78
21.5 -22.646
21.5 -19.862
21.5 -21.354
21.5 -22.162
21.5 -20.102
25.5 -19.954
25.5 -14.902
25.5 -13.606
25.5 -18.962
25.5 -18.528
25.5 -18.932
25.5 -16.108
25.5 -17.87
25.5 -17.282
25.5 -15.582
25.5 -12.962
25.5 -13.478
25.5 -10.72
25.5 -13.19
25.5 -14.71
25.5 -14.552
25.5 -14.554
25.5 -17.658
25.5 -15.604
25.5 -18.19
25.5 -15.828
25.5 -10.792
25.5 -12.608
25.5 -10.388
25.5 -14.54
25.5 -17.452
25.5 -17.332
25.5 -17.778
25.5 -15.366
25.5 -16.22
25.5 -15.792
25.5 -12.42
25.5 -13.582
25.5 -12.554
25.5 -7.928
25.5 -9.7
25.5 -12.982
25.5 -11.984
25.5 -11.766
25.5 -13.698
25.5 -12.172
25.5 -9.024
25.5 -9.59
25.5 -14.474
25.5 -15.266
25.5 -14.76
25.5 -12.792
25.5 -11.812
25.5 -12.52
25.5 -14.288
25.5 -11.166
25.5 -9.55
25.5 -7.796
25.5 -12.26
25.5 -10.152
25.5 -10.356
25.5 -10.494
25.5 -11.396
25.5 -12.21
25.5 -9.868
25.5 -6.692
25.5 -10.054
25.5 -10.298
25.5 -13.114
25.5 -9.334
25.5 -11.932
25.5 -11.532
25.5 -12.278
25.5 -10.258
25.5 -11.166
25.5 -8.926
25.5 -10.726
25.5 -12.178
25.5 -11.82
25.5 -10.382
25.5 -10.686
25.5 -12.106
25.5 -9.698
25.5 -11.612
25.5 -12.376
25.5 -14.04
25.5 -12.334
25.5 -14.006
25.5 -16.122
25.5 -17.53
25.5 -12.828
25.5 -12.97
25.5 -12.566
25.5 -13.27
25.5 -11.994
25.5 -15.348
25.5 -11.71
25.5 -12.212
25.5 -10.53
25.5 -9.16
25.5 -11.468
25.5 -11.744
25.5 -13.994
25.5 -10.866
25.5 -12.368
25.5 -10.916
25.5 -9.446
25.5 -11.696
25.5 -18.572
25.5 -13.04
25.5 -13.402
25.5 -13.038
25.5 -10.236
25.5 -9.316
25.5 -7.488
25.5 -5.72
25.5 -6.53
25.5 -7.188
25.5 -8.988
25.5 -10.136
25.5 -11.814
25.5 -12.578
25.5 -8.6
25.5 -10.89
25.5 -10.928
25.5 -10.208
25.5 -9.87
25.5 -9.574
25.5 -10.152
25.5 -14.254
25.5 -15.178
25.5 -11.758
25.5 -12.502
25.5 -10.844
25.5 -9.934
25.5 -8.646
25.5 -10.478
25.5 -10.112
25.5 -7.564
26.5 -5.134
26.5 -7.736
26.5 -5.326
26.5 -12.526
26.5 -11.242
26.5 -12.748
26.5 -10.978
26.5 -10.158
26.5 -9.956
26.5 -11.798
26.5 -12.056
26.5 -17.344
26.5 -12.44
26.5 -8.236
26.5 -11.21
26.5 -15.828
26.5 -10.856
26.5 -11.086
26.5 -13.648
26.5 -13.28
26.5 -10.98
26.5 -12.982
26.5 -9.726
26.5 -10.326
26.5 -10.74
26.5 -9.842
26.5 -9.448
26.5 -11.15
26.5 -11.79
26.5 -10.868
26.5 -9.064
26.5 -12.972
26.5 -12.52
26.5 -9.0
26.5 -11.052
26.5 -13.872
26.5 -8.066
26.5 -10.704
26.5 -8.24
26.5 -8.984
26.5 -8.224
26.5 -9.324
26.5 -13.602
26.5 -11.27
26.5 -8.802
26.5 -12.398
26.5 -10.46
26.5 -9.826
26.5 -9.788
26.5 -15.058
26.5 -17.318
26.5 -11.94
26.5 -10.582
26.5 -11.476
26.5 -8.792
26.5 -9.372
26.5 -8.524
26.5 -6.192
26.5 -6.238
26.5 -9.942
26.5 -10.458
26.5 -14.102
26.5 -9.69
26.5 -10.092
26.5 -8.068
26.5 -8.328
26.5 -10.18
26.5 -9.566
26.5 -12.948
26.5 -13.97
26.5 -12.106
26.5 -11.482
26.5 -8.828
26.5 -10.61
26.5 -13.012
26.5 -9.632
26.5 -11.154
26.5 -11.216
26.5 -9.41
26.5 -13.364
26.5 -8.656
26.5 -10.462
26.5 -13.334
26.5 -13.658
26.5 -12.708
30.5 -13.492
30.5 -8.126
30.5 -9.324
30.5 -6.926
30.5 -9.642
30.5 -8.51
30.5 -8.146
30.5 -8.138
30.5 -10.074
30.5 -8.638
30.5 -10.48
30.5 -12.188
30.5 -14.33
30.5 -12.874
30.5 -10.618
30.5 -13.258
30.5 -14.64
30.5 -15.698
30.5 -9.606
30.5 -8.33
30.5 -8.91
30.5 -9.492
30.5 -10.946
30.5 -10.756
30.5 -13.296
30.5 -14.99
30.5 -13.308
30.5 -10.208
30.5 -11.392
30.5 -8.648
30.5 -12.354
30.5 -11.76
30.5 -10.636
30.5 -10.274
30.5 -13.028
30.5 -7.442
30.5 -6.23
30.5 -8.454
30.5 -13.866
30.5 -11.596
30.5 -18.644
30.5 -8.512
30.5 -8.072
30.5 -9.04
30.5 -8.482
30.5 -11.058
30.5 -10.166
30.5 -10.19
30.5 -11.976
30.5 -10.94
30.5 -10.032
30.5 -16.114
30.5 -12.918
30.5 -15.802
30.5 -13.198
30.5 -12.88
30.5 -18.414
30.5 -12.918
30.5 -12.776
30.5 -13.246
30.5 -15.702
30.5 -14.43
30.5 -13.408
30.5 -11.676
30.5 -10.094
30.5 -11.758
30.5 -13.924
30.5 -11.652
30.5 -12.902
30.5 -13.94
30.5 -12.318
30.5 -11.974
30.5 -9.492
30.5 -13.98
30.5 -12.108
30.5 -8.168
30.5 -6.12
30.5 -11.412
30.5 -6.498
30.5 -11.072
30.5 -11.982
30.5 -13.932
30.5 -10.786
30.5 -7.994
30.5 -12.48
30.5 -12.018
30.5 -12.486
30.5 -9.02
30.5 -9.672
30.5 -8.156
30.5 -10.184
30.5 -11.988
30.5 -11.7
30.5 -13.614
30.5 -14.21
30.5 -12.7
30.5 -13.792
30.5 -11.908
30.5 -10.86
30.5 -10.368
30.5 -8.836
30.5 -9.672
30.5 -13.308
30.5 -19.28
30.5 -15.654
30.5 -13.106
30.5 -11.624
30.5 -10.344
30.5 -10.978
30.5 -10.454
30.5 -10.628
30.5 -10.5
30.5 -8.338
30.5 -13.02
30.5 -11.596
30.5 -7.71
30.5 -10.446
30.5 -11.486
30.5 -10.774
30.5 -9.014
30.5 -6.116
30.5 -6.492
30.5 -11.804
30.5 -12.35
30.5 -11.484
30.5 -11.148
30.5 -10.362
30.5 -13.406
30.5 -13.65
30.5 -10.318
30.5 -11.232
30.5 -7.55
30.5 -8.826
30.5 -11.1
30.5 -9.796
30.5 -12.088
30.5 -11.574
30.5 -9.182
30.5 -13.914
30.5 -11.822
30.5 -11.888
30.5 -10.77
30.5 -13.834
30.5 -13.084
30.5 -12.798
30.5 -14.598
30.5 -10.226
30.5 -10.748
30.5 -9.032
30.5 -8.968
30.5 -8.092
30.5 -11.272
30.5 -12.672
30.5 -12.798
30.5 -14.924
30.5 -12.426
30.5 -15.2
30.5 -11.722
30.5 -13.328
30.5 -11.648
30.5 -11.126
30.5 -8.564
30.5 -9.29
30.5 -9.16
30.5 -8.554
30.5 -10.316
30.5 -10.18
30.5 -13.468
30.5 -14.546
30.5 -11.074
30.5 -9.704
30.5 -11.39
30.5 -8.496
30.5 -9.282
30.5 -6.928
30.5 -8.316
30.5 -10.156
30.5 -12.372
30.5 -11.692
30.5 -14.358
30.5 -11.938
30.5 -11.99
30.5 -14.974
30.5 -12.654
30.5 -10.81
30.5 -12.348
30.5 -13.676
30.5 -10.266
30.5 -9.83
30.5 -12.212
30.5 -7.692
30.5 -10.508
30.5 -12.066
30.5 -10.958
30.5 -9.122
30.5 -11.602
30.5 -14.208
30.5 -12.978
30.5 -14.222
30.5 -17.336
30.5 -13.148
30.5 -10.912
30.5 -5.29
30.5 -9.39
30.5 -8.838
30.5 -8.352
30.5 -10.616
30.5 -12.674
30.5 -12.844
30.5 -8.018
30.5 -8.954
30.5 -13.906
30.5 -11.194
30.5 -9.018
30.5 -10.274
30.5 -9.37
30.5 -11.212
30.5 -10.91
30.5 -10.856
30.5 -9.896
30.5 -11.48
30.5 -8.858
30.5 -11.966
30.5 -14.382
30.5 -10.442
30.5 -8.946
30.5 -11.07
30.5 -12.176
30.5 -7.714
30.5 -10.016
30.5 -13.552
30.5 -14.008
30.5 -14.64
30.5 -12.998
30.5 -14.12
30.5 -10.158
30.5 -10.574
30.5 -8.574
30.5 -5.41
30.5 -11.344
30.5 -16.006
30.5 -13.378
30.5 -14.514
30.5 -11.858
30.5 -9.786
30.5 -8.45
500
-68.5 -228.324
-36.0 -163.5
-32.0 -128.64
-22.0 -109.692
-5.0 -91.602
-3.5 -78.162
-3.5 -73.566
-3.5 -58.942
-2.5 -59.3
-2.5 -50.494
14.0 -47.052
14.0 -42.654
14.0 -40.08
14.0 -40.46
14.0 -38.772
14.0 -36.526
14.0 -38.864
14.0 -37.064
15.0 -32.526
15.0 -33.332
15.0 -27.022
20.0 -27.832
20.0 -27.89
20.0 -27.686
20.0 -25.872
20.0 -29.188
20.0 -24.456
20.0 -21.522
20.0 -21.744
20.0 -21.99
20.0 -22.022
20.0 -18.622
20.0 -21.784
20.5 -20.092
20.5 -17.506
20.5 -17.006
20.5 -14.124
20.5 -16.344
20.5 -19.886
22.5 -16.53
22.5 -14.002
22.5 -17.672
22.5 -14.818
22.5 -15.362
22.5 -16.86
22.5 -22.04
22.5 -17.71
22.5 -17.522
22.5 -14.658
22.5 -11.57
22.5 -12.564
23.5 -14.334
23.5 -13.744
23.5 -16.53
23.5 -12.936
23.5 -12.176
23.5 -11.96
23.5 -17.376
23.5 -12.19
23.5 -11.772
23.5 -14.024
23.5 -16.392
23.5 -16.018
23.5 -18.548
23.5 -13.228
23.5 -14.48
23.5 -13.964
23.5 -16.072
23.5 -17.15
23.5 -15.04
23.5 -15.154
23.5 -10.448
23.5 -13.718
23.5 -9.04
23.5 -13.582
23.5 -14.356
23.5 -13.792
23.5 -12.022
23.5 -16.03
23.5 -12.464
23.5 -14.7
25.0 -16.434
25.0 -11.758
25.0 -10.488
25.0 -9.96
25.0 -13.568
25.0 -11.36
25.0 -9.85
25.0 -9.046
25.0 -8.296
25.0 -9.924
25.0 -14.088
25.0 -13.27
25.0 -10.934
25.0 -8.67
25.0 -6.674
25.0 -10.874
25.0 -11.396
25.0 -10.184
25.0 -10.498
25.0 -13.206
25.0 -9.944
25.0 -6.552
25.0 -6.958
25.0 -11.29
25.0 -14.01
25.0 -11.782
25.0 -10.238
25.0 -10.73
25.0 -8.186
25.0 -10.012
25.0 -14.23
25.0 -12.05
25.0 -10.2
25.0 -10.568
25.0 -13.788
25.0 -12.442
25.0 -10.312
25.0 -10.802
26.5 -13.55
26.5 -12.63
26.5 -11.794
26.5 -12.808
26.5 -8.934
26.5 -6.8
26.5 -8.064
26.5 -11.216
26.5 -10.134
26.5 -9.574
28.0 -9.872
28.0 -13.952
28.0 -13.82
28.0 -15.484
28.0 -11.72
28.0 -13.828
28.0 -10.77
28.0 -9.74
28.0 -9.606
28.0 -11.47
28.0 -12.528
28.0 -12.5
28.0 -11.4
28.0 -9.61
28.0 -10.308
28.0 -11.372
28.0 -12.978
28.0 -14.35
28.0 -13.798
28.0 -10.688
28.0 -15.574
28.0 -14.684
28.0 -14.04
28.0 -11.036
28.0 -8.808
28.0 -11.106
28.0 -9.244
28.0 -10.256
28.0 -14.288
28.0 -13.85
28.0 -15.352
28.0 -15.048
28.0 -16.922
28.0 -12.258
28.0 -8.218
28.0 -10.694
28.0 -9.808
28.0 -12.198
28.0 -15.248
28.0 -13.704
28.0 -11.936
28.0 -12.038
28.0 -12.76
28.0 -12.344
28.0 -13.266
28.0 -15.202
28.0 -14.01
28.0 -16.8
28.0 -16.196
28.0 -13.488
28.0 -13.166
28.0 -11.778
28.0 -10.912
28.0 -14.2
28.0 -10.926
28.0 -10.492
28.0 -12.824
28.0 -16.714
28.0 -14.572
28.0 -16.512
28.0 -15.072
28.0 -12.612
28.0 -14.206
28.0 -11.486
28.0 -12.052
28.0 -13.342
28.0 -12.376
28.0 -13.918
28.0 -14.72
28.0 -13.6
28.0 -14.954
28.0 -9.744
28.0 -8.928
28.0 -13.562
28.0 -17.22
28.0 -13.142
28.0 -8.632
28.0 -10.598
28.0 -15.334
28.0 -15.43
28.0 -12.712
28.0 -12.814
28.0 -14.1
28.0 -20.354
28.0 -16.738
28.0 -14.504
28.0 -12.532
28.0 -11.938
28.0 -11.804
28.0 -11.442
28.0 -13.39
28.0 -15.39
28.0 -12.634
28.0 -11.332
28.0 -14.6
28.0 -13.48
28.0 -9.566
28.0 -13.612
28.0 -11.62
28.0 -14.304
28.0 -14.236
28.0 -11.992
28.0 -12.726
28.0 -16.78
28.0 -17.946
28.0 -14.584
28.0 -10.6
28.0 -13.164
28.0 -13.372
28.0 -14.39
28.0 -13.548
28.0 -13.234
28.0 -10.954
28.0 -15.424
28.0 -14.08
28.0 -9.814
28.0 -13.904
28.0 -11.528
28.0 -16.558
28.0 -14.718
28.0 -12.362
28.0 -13.21
28.0 -17.934
28.0 -14.118
28.0 -16.466
28.0 -18.614
28.0 -15.216
28.0 -12.06
28.0 -10.086
28.0 -13.912
28.0 -11.894
28.0 -13.442
28.0 -15.056
28.0 -10.458
28.0 -11.192
28.0 -12.362
28.0 -9.584
28.0 -11.328
28.0 -13.246
28.0 -12.266
28.0 -13.488
28.0 -11.234
28.0 -14.176
28.0 -13.55
28.0 -13.018
28.0 -12.964
28.0 -15.38
28.0 -15.83
28.0 -12.378
28.0 -12.972
28.0 -12.774
28.0 -14.07
28.0 -15.308
28.0 -13.878
28.0 -11.788
28.0 -13.13
28.0 -13.054
28.0 -15.38
28.0 -14.536
28.0 -15.574
28.0 -11.618
28.0 -17.39
28.0 -14.358
28.0 -13.406
28.0 -11.774
28.0 -11.216
28.0 -15.91
28.0 -14.256
28.0 -10.282
28.0 -18.106
28.0 -12.944
28.0 -16.932
28.0 -19.482
28.0 -13.246
28.0 -11.618
28.0 -14.524
28.0 -14.46
28.0 -12.908
28.0 -10.762
28.0 -12.06
28.0 -14.828
28.0 -15.134
28.0 -13.156
28.0 -9.93
28.0 -13.436
28.0 -11.494
28.0 -16.576
28.0 -19.256
28.0 -16.638
28.0 -12.492
28.0 -10.508
28.0 -12.356
28.0 -10.216
28.0 -15.16
28.0 -12.96
28.0 -14.358
28.0 -12.296
28.0 -13.856
28.0 -15.484
28.0 -12.514
28.0 -10.698
28.0 -15.664
28.0 -12.94
28.0 -14.384
28.0 -14.74
28.0 -13.362
28.0 -12.162
28.0 -15.016
28.0 -15.888
28.0 -15.72
28.0 -15.178
28.0 -13.356
28.0 -12.988
28.0 -11.246
28.0 -10.5
28.0 -9.248
28.0 -9.99
28.0 -8.1
28.0 -12.06
28.0 -9.632
28.0 -11.042
28.0 -14.288
28.0 -12.634
28.0 -14.382
28.0 -11.466
28.0 -15.816
28.0 -13.936
28.0 -16.842
28.0 -12.8
28.0 -12.054
28.0 -11.574
28.0 -12.122
28.0 -17.73
28.0 -15.116
28.0 -14.018
28.0 -13.966
28.0 -15.562
28.0 -14.908
28.0 -13.324
28.0 -13.524
28.0 -13.828
28.0 -11.718
28.0 -10.458
28.0 -11.178
28.0 -14.222
28.0 -11.432
28.0 -7.67
28.0 -10.31
28.0 -9.272
28.0 -9.98
28.0 -12.666
28.0 -13.548
28.0 -12.144
28.0 -10.874
28.0 -14.506
28.0 -13.194
28.0 -10.122
28.0 -8.384
28.0 -11.502
28.0 -11.948
28.0 -11.59
28.0 -9.806
28.0 -15.404
28.0 -14.018
28.0 -13.564
28.0 -18.154
28.0 -14.246
28.0 -11.794
28.0 -14.31
28.0 -12.332
28.0 -15.34
28.0 -17.888
28.0 -17.706
28.0 -13.034
28.0 -10.922
28.0 -14.598
28.0 -11.376
28.0 -11.646
28.0 -11.55
28.0 -15.256
28.0 -18.156
28.0 -14.704
28.0 -16.77
28.0 -15.484
28.0 -13.876
28.0 -12.228
28.0 -10.336
28.0 -16.93
28.0 -15.096
28.0 -10.756
28.0 -11.388
28.0 -13.53
28.0 -13.576
28.0 -15.486
28.0 -15.906
28.0 -12.882
28.0 -14.63
28.0 -14.78
28.0 -11.142
28.0 -17.588
28.0 -14.782
28.0 -16.228
28.0 -10.546
28.0 -14.75
28.0 -13.522
28.0 -16.6
28.0 -15.456
28.0 -16.194
28.0 -14.266
28.0 -15.108
28.0 -13.424
28.0 -14.932
28.0 -11.556
28.0 -11.954
28.0 -12.79
28.0 -12.636
28.0 -11.61
28.0 -14.266
28.0 -13.072
28.0 -11.548
28.0 -11.04
28.0 -13.95
28.0 -11.52
28.0 -11.48
28.0 -12.018
28.0 -17.116
28.0 -15.676
28.0 -11.918
28.0 -11.096
28.0 -10.784
28.0 -11.49
28.0 -12.058
28.0 -14.804
28.0 -12.978
28.0 -12.972
28.0 -13.388
28.0 -15.268
28.5 -17.3
28.5 -12.87
28.5 -13.334
28.5 -12.308
28.5 -13.06
28.5 -12.108
28.5 -10.424
28.5 -13.044
28.5 -13.266
28.5 -12.83
28.5 -11.988
28.5 -10.332
28.5 -8.936
28.5 -7.568
28.5 -13.574
28.5 -9.448
28.5 -10.658
28.5 -12.344
28.5 -14.926
28.5 -14.276
28.5 -9.716
28.5 -8.85
28.5 -10.96
28.5 -15.098
28.5 -13.258
28.5 -15.526
28.5 -14.6
28.5 -17.464
28.5 -12.392
28.5 -13.842
28.5 -13.33
28.5 -15.904
28.5 -13.206
28.5 -12.072
500
-46.5 -229.98
-46.5 -163.05
-46.0 -127.48
-33.5 -104.832
-24.5 -95.254
-12.0 -87.058
-8.0 -71.63
7.0 -64.076
8.0 -57.59
8.0 -51.29
10.5 -47.486
10.5 -45.72
10.5 -41.482
10.5 -37.502
11.0 -30.166
18.0 -35.522
18.0 -35.412
18.0 -29.752
18.0 -30.454
18.0 -30.384
18.0 -27.366
19.0 -31.318
19.0 -27.386
19.0 -26.508
19.0 -26.748
19.0 -24.338
19.0 -24.202
19.0 -24.786
19.0 -24.54
19.5 -23.88
19.5 -23.516
19.5 -21.258
19.5 -18.426
19.5 -16.262
19.5 -18.726
19.5 -18.976
19.5 -19.932
19.5 -19.886
20.5 -15.806
20.5 -15.846
20.5 -19.062
20.5 -15.202
20.5 -15.482
20.5 -13.99
20.5 -18.726
20.5 -15.814
21.0 -18.722
21.0 -17.332
21.0 -19.442
21.0 -19.364
21.0 -18.334
21.0 -17.066
21.0 -16.198
21.0 -23.52
21.0 -21.546
21.0 -19.358
21.0 -14.348
21.0 -16.57
21.0 -14.588
21.0 -15.982
21.0 -18.544
21.0 -18.604
21.0 -18.258
21.0 -16.286
21.0 -14.36
21.0 -15.192
21.0 -15.332
22.5 -17.644
22.5 -18.688
22.5 -17.982
22.5 -13.354
22.5 -10.906
22.5 -15.516
22.5 -12.302
22.5 -13.566
22.5 -15.062
22.5 -15.356
22.5 -15.0
22.5 -14.678
23.5 -13.242
23.5 -16.706
23.5 -16.826
23.5 -15.556
23.5 -18.978
23.5 -16.926
23.5 -14.544
23.5 -15.758
23.5 -13.41
23.5 -13.286
23.5 -12.638
23.5 -15.228
23.5 -13.752
23.5 -12.62
23.5 -14.48
23.5 -12.924
23.5 -12.982
23.5 -17.514
23.5 -12.66
23.5 -10.444
23.5 -9.632
23.5 -13.102
23.5 -11.508
23.5 -13.538
23.5 -16.236
23.5 -11.602
26.0 -10.756
26.0 -10.668
26.0 -7.972
26.0 -11.646
26.0 -12.516
26.0 -13.762
26.0 -15.0
26.0 -17.226
26.0 -17.526
26.0 -17.248
26.0 -16.416
26.0 -15.106
26.0 -13.66
26.0 -13.64
26.0 -13.838
26.0 -15.372
26.0 -8.934
26.0 -12.902
26.0 -12.406
26.0 -14.092
26.0 -15.986
26.0 -13.794
26.0 -10.938
26.0 -13.086
26.0 -16.634
26.0 -17.37
26.0 -13.12
26.0 -15.484
26.0 -16.898
26.0 -15.186
26.0 -17.078
26.0 -13.536
26.0 -12.346
26.0 -14.172
26.0 -15.85
26.0 -15.71
26.0 -18.452
26.0 -16.226
26.0 -17.484
26.0 -14.16
26.0 -14.53
26.0 -14.13
26.0 -14.72
26.0 -15.896
26.0 -14.212
26.0 -14.968
26.0 -14.426
26.0 -12.862
26.0 -13.486
26.0 -14.132
26.0 -13.494
26.0 -12.304
26.0 -10.858
26.0 -16.374
26.0 -15.15
26.0 -11.278
26.0 -11.282
26.0 -12.162
26.0 -12.722
26.0 -17.734
26.0 -16.306
26.0 -15.274
26.0 -17.64
26.0 -15.054
26.0 -17.434
26.0 -15.216
26.0 -13.704
26.0 -11.626
26.0 -13.724
26.0 -14.95
26.0 -14.686
26.0 -10.256
26.0 -12.522
26.0 -13.186
26.0 -14.126
26.0 -14.298
26.0 -15.44
26.0 -18.852
26.0 -10.666
26.0 -9.04
26.0 -12.174
26.0 -14.72
26.0 -14.188
26.0 -14.544
26.0 -14.744
26.0 -21.154
26.0 -16.518
26.0 -13.96
26.0 -14.428
26.0 -15.252
26.0 -16.38
26.0 -20.074
26.0 -15.002
26.0 -15.008
26.0 -10.532
26.0 -11.538
26.0 -15.764
26.0 -11.688
26.0 -13.624
26.0 -11.254
26.0 -9.55
26.0 -10.466
26.0 -14.212
26.0 -12.384
26.0 -12.804
26.0 -10.858
26.0 -12.794
26.0 -14.256
26.0 -13.864
26.5 -16.116
26.5 -16.124
26.5 -16.528
26.5 -15.826
26.5 -14.066
26.5 -17.044
26.5 -13.048
26.5 -15.516
26.5 -12.118
26.5 -12.964
26.5 -13.276
26.5 -17.466
26.5 -17.868
27.5 -15.842
27.5 -13.424
27.5 -13.712
27.5 -15.506
27.5 -15.72
27.5 -18.776
27.5 -17.196
27.5 -17.774
27.5 -19.682
27.5 -19.138
27.5 -17.396
27.5 -13.398
27.5 -17.224
27.5 -17.046
27.5 -15.514
27.5 -18.5
27.5 -16.65
27.5 -16.21
27.5 -14.232
27.5 -18.592
27.5 -19.022
27.5 -19.104
27.5 -14.392
27.5 -15.336
27.5 -18.056
27.5 -14.828
27.5 -15.362
27.5 -15.576
27.5 -13.808
27.5 -12.75
27.5 -14.376
27.5 -16.14
27.5 -13.234
27.5 -12.718
27.5 -12.852
27.5 -12.318
27.5 -11.21
27.5 -14.836
27.5 -15.894
27.5 -13.46
27.5 -14.096
27.5 -14.026
27.5 -14.604
27.5 -13.056
27.5 -14.638
27.5 -16.946
27.5 -19.818
27.5 -15.858
27.5 -14.372
27.5 -15.452
27.5 -13.75
27.5 -14.092
27.5 -13.194
27.5 -11.202
27.5 -13.87
27.5 -11.692
27.5 -16.31
27.5 -15.75
27.5 -18.908
27.5 -17.026
27.5 -16.682
27.5 -17.176
27.5 -16.088
27.5 -15.332
27.5 -14.316
27.5 -16.08
27.5 -12.396
27.5 -16.472
27.5 -16.212
27.5 -15.514
27.5 -16.838
27.5 -15.672
27.5 -17.042
27.5 -17.868
27.5 -13.484
27.5 -17.478
27.5 -16.308
27.5 -18.074
27.5 -14.002
27.5 -10.63
27.5 -12.384
27.5 -10.358
27.5 -11.298
27.5 -16.734
27.5 -16.524
27.5 -14.666
27.5 -13.92
27.5 -17.126
27.5 -14.356
27.5 -15.924
27.5 -15.254
27.5 -16.344
27.5 -15.94
27.5 -16.544
27.5 -12.584
27.5 -14.892
27.5 -15.074
27.5 -14.61
27.5 -13.664
27.5 -10.876
27.5 -8.608
27.5 -10.946
27.5 -14.018
27.5 -15.554
27.5 -17.494
27.5 -15.596
27.5 -19.108
27.5 -17.99
27.5 -17.056
27.5 -13.722
27.5 -17.654
27.5 -16.98
27.5 -14.088
27.5 -15.224
27.5 -16.73
27.5 -13.238
27.5 -13.006
27.5 -18.274
27.5 -16.38
27.5 -19.02
27.5 -17.93
27.5 -14.516
27.5 -14.19
27.5 -13.46
27.5 -18.03
27.5 -12.694
27.5 -12.648
27.5 -17.826
27.5 -22.074
27.5 -18.516
27.5 -20.726
27.5 -18.756
27.5 -15.88
27.5 -14.41
27.5 -16.088
27.5 -14.922
27.5 -16.588
27.5 -14.288
27.5 -12.982
27.5 -10.344
27.5 -13.61
27.5 -13.278
27.5 -16.98
28.0 -16.228
28.0 -17.634
28.0 -17.294
28.0 -17.106
28.0 -17.714
28.0 -11.642
28.0 -15.768
28.0 -16.538
28.0 -14.048
28.0 -12.62
28.0 -11.902
28.0 -16.254
28.0 -16.636
28.0 -16.622
28.0 -14.844
28.0 -16.378
28.0 -16.83
28.0 -14.184
28.0 -15.04
28.0 -11.818
28.0 -10.016
28.0 -13.652
28.0 -12.734
28.0 -13.358
28.0 -14.884
28.0 -12.388
28.0 -12.016
28.0 -16.316
28.0 -15.178
28.0 -17.392
28.0 -16.36
28.0 -19.168
28.0 -14.372
28.0 -11.622
28.0 -18.648
28.0 -14.996
28.0 -10.898
28.0 -12.236
28.0 -17.23
28.0 -15.236
28.0 -14.684
28.0 -14.234
28.0 -13.052
28.0 -18.788
28.0 -16.396
28.0 -15.728
28.0 -17.248
28.0 -15.352
28.0 -11.784
28.0 -12.568
28.0 -11.874
28.0 -16.576
28.0 -13.104
28.0 -17.032
28.0 -17.076
28.0 -15.516
28.0 -14.658
28.0 -7.608
28.0 -10.834
28.0 -12.632
28.0 -13.426
28.0 -13.964
28.0 -9.462
28.0 -9.214
28.0 -9.572
28.0 -12.138
28.0 -16.418
28.0 -18.034
28.0 -17.612
28.0 -15.476
28.0 -17.518
28.0 -13.234
28.0 -11.05
28.0 -12.648
28.0 -13.622
28.0 -14.646
28.0 -11.644
28.0 -11.156
28.0 -14.328
28.0 -12.314
28.0 -13.536
28.0 -12.796
28.0 -13.276
28.0 -14.184
28.0 -12.864
28.0 -18.292
28.0 -14.468
28.0 -12.27
28.0 -10.868
28.0 -13.296
28.0 -13.16
28.0 -14.59
28.0 -13.366
28.0 -13.996
28.0 -15.924
28.0 -16.982
28.0 -15.07
28.0 -15.476
28.0 -12.882
28.0 -10.446
28.0 -11.304
28.0 -12.492
28.0 -10.854
28.0 -10.276
28.0 -12.888
28.0 -16.78
28.0 -16.502
28.0 -14.99
28.0 -13.042
28.0 -14.258
28.0 -14.572
28.0 -11.928
28.0 -14.104
28.0 -13.956
28.0 -15.136
28.0 -15.456
28.0 -18.256
28.0 -15.48
28.0 -15.772
28.0 -17.232
28.0 -16.864
28.0 -13.944
28.0 -11.82
28.0 -9.428
28.0 -11.37
28.0 -14.696
28.0 -12.916
28.0 -18.418
28.0 -16.036
28.0 -19.346
500
-49.5 -230.11
-14.5 -155.334
-14.5 -117.766
-12.0 -97.044
-4.5 -87.792
6.0 -68.948
8.5 -57.874
8.5 -50.76
8.5 -52.428
11.5 -44.482
14.5 -42.488
14.5 -38.77
14.5 -40.466
14.5 -35.382
14.5 -32.054
14.5 -30.338
15.0 -31.504
15.0 -29.796
15.0 -31.672
15.0 -32.01
15.0 -33.256
22.5 -28.646
22.5 -29.494
22.5 -31.21
22.5 -27.656
22.5 -27.194
22.5 -20.746
22.5 -23.228
22.5 -25.274
22.5 -18.024
22.5 -18.728
22.5 -20.956
22.5 -20.812
22.5 -19.646
22.5 -16.66
22.5 -18.694
22.5 -16.31
22.5 -14.016
22.5 -13.834
22.5 -17.288
22.5 -12.47
22.5 -19.93
22.5 -20.542
22.5 -18.15
22.5 -17.61
22.5 -19.616
22.5 -21.62
22.5 -16.788
22.5 -19.952
22.5 -19.592
22.5 -16.848
22.5 -15.39
22.5 -19.428
22.5 -17.21
22.5 -21.62
22.5 -19.848
22.5 -18.516
22.5 -16.498
22.5 -18.634
22.5 -27.062
22.5 -21.904
22.5 -17.026
22.5 -17.524
22.5 -19.234
22.5 -17.846
22.5 -16.894
22.5 -15.562
22.5 -21.662
22.5 -20.572
23.5 -16.978
23.5 -19.096
23.5 -20.366
23.5 -17.09
23.5 -17.566
24.0 -15.672
24.0 -16.744
24.0 -17.562
24.0 -19.564
24.0 -16.254
24.0 -15.416
24.0 -17.298
24.0 -15.922
24.5 -14.702
24.5 -15.382
24.5 -12.774
24.5 -15.41
24.5 -16.488
24.5 -18.426
24.5 -18.49
24.5 -16.602
24.5 -16.446
24.5 -13.948
24.5 -13.578
24.5 -13.22
24.5 -13.93
24.5 -13.212
24.5 -16.146
24.5 -15.016
24.5 -13.626
24.5 -12.776
24.5 -15.256
24.5 -12.012
24.5 -14.506
24.5 -14.306
24.5 -14.35
24.5 -12.828
24.5 -12.002
24.5 -10.644
24.5 -15.05
24.5 -11.502
24.5 -17.032
24.5 -14.45
24.5 -9.81
24.5 -11.608
24.5 -11.3
24.5 -12.226
24.5 -12.964
24.5 -13.442
24.5 -12.51
24.5 -16.098
24.5 -13.416
24.5 -15.082
24.5 -14.392
24.5 -15.87
24.5 -14.05
24.5 -11.89
24.5 -11.742
24.5 -13.828
24.5 -11.502
24.5 -10.29
24.5 -11.706
24.5 -11.358
24.5 -13.176
24.5 -13.02
24.5 -13.17
24.5 -13.466
24.5 -13.318
24.5 -13.504
24.5 -9.97
24.5 -8.288
24.5 -10.296
24.5 -9.814
24.5 -11.216
24.5 -11.544
24.5 -13.098
24.5 -17.902
24.5 -11.796
24.5 -11.958
24.5 -13.394
24.5 -12.87
24.5 -13.632
25.0 -13.178
25.0 -11.648
25.0 -15.508
25.0 -11.302
25.0 -12.782
25.0 -15.822
25.0 -10.7
25.0 -12.912
25.0 -12.254
25.0 -8.682
25.0 -7.928
25.0 -7.452
25.0 -9.322
25.0 -12.55
25.0 -12.506
25.0 -14.094
25.0 -12.922
25.0 -11.546
25.0 -12.72
25.0 -13.45
25.0 -15.58
25.0 -11.364
25.0 -12.364
25.0 -9.194
25.0 -13.11
25.0 -18.538
25.0 -11.676
25.0 -10.02
25.0 -9.8
25.0 -11.852
25.0 -10.526
25.0 -12.212
25.0 -10.684
25.0 -14.01
25.0 -12.206
25.0 -11.074
25.0 -9.656
25.0 -8.09
25.0 -12.262
25.0 -15.724
25.0 -13.856
25.0 -15.492
25.0 -15.89
28.0 -15.002
28.0 -17.91
28.0 -9.244
28.0 -8.99
28.0 -10.502
28.0 -10.678
28.0 -13.598
28.0 -12.89
28.0 -10.304
28.0 -10.106
28.0 -7.856
28.0 -8.986
28.0 -9.906
28.0 -12.286
28.0 -11.052
28.0 -11.842
28.0 -10.786
28.0 -11.83
28.0 -10.76
28.0 -11.264
28.0 -9.072
28.0 -11.362
28.0 -11.38
28.0 -9.202
28.0 -13.118
28.0 -14.052
28.0 -12.314
28.0 -13.164
28.0 -15.764
28.0 -13.534
28.0 -9.248
28.0 -11.016
28.0 -12.664
28.0 -12.436
28.0 -6.85
28.0 -11.742
28.0 -10.276
28.0 -9.274
28.0 -12.318
28.0 -10.956
28.0 -13.272
28.0 -9.084
28.0 -9.192
28.0 -10.81
28.0 -10.11
28.0 -8.45
28.0 -9.072
28.0 -12.002
28.0 -10.604
28.0 -7.098
28.0 -7.518
28.0 -12.456
28.0 -10.13
28.0 -11.396
28.0 -9.466
28.0 -10.378
28.0 -12.062
28.0 -14.924
28.0 -13.922
28.0 -10.77
28.0 -16.134
28.0 -12.68
28.0 -8.166
28.0 -8.846
28.0 -8.794
28.0 -10.326
28.0 -12.486
28.0 -15.048
28.0 -10.382
28.0 -9.456
28.0 -8.894
28.0 -13.094
28.0 -10.116
28.0 -10.776
28.0 -12.168
28.0 -10.184
28.0 -9.886
28.0 -12.268
28.0 -10.422
28.0 -8.416
28.0 -9.146
28.0 -9.436
28.0 -10.862
28.0 -10.226
28.0 -9.246
28.0 -9.812
28.0 -11.04
28.0 -14.952
28.0 -15.078
28.0 -15.798
28.0 -11.808
28.0 -9.09
28.0 -10.678
28.0 -10.606
28.0 -12.386
28.0 -12.688
28.0 -11.326
28.0 -11.038
28.0 -11.932
28.0 -10.704
28.0 -14.92
28.0 -15.328
28.0 -13.002
28.0 -13.954
28.0 -13.372
28.0 -10.212
28.0 -10.3
28.0 -9.7
28.0 -9.2
28.0 -12.556
28.0 -10.336
28.0 -12.09
28.0 -14.18
28.0 -15.352
28.0 -15.132
28.0 -9.482
28.0 -9.646
28.0 -9.956
28.0 -12.196
28.0 -13.758
28.0 -11.512
28.0 -10.794
28.0 -11.182
28.0 -9.986
28.0 -10.696
28.0 -6.116
28.0 -9.868
28.0 -11.67
28.0 -14.17
28.0 -11.378
28.0 -10.79
28.0 -7.818
28.0 -12.376
28.0 -11.352
28.0 -10.798
28.0 -10.344
28.0 -11.156
28.0 -13.394
28.0 -11.11
28.0 -12.226
28.0 -11.552
28.0 -11.98
28.0 -11.802
28.0 -8.662
28.0 -8.814
28.0 -6.984
28.0 -5.926
28.0 -10.662
28.0 -9.708
28.0 -17.386
28.0 -9.446
28.0 -13.002
28.0 -9.74
28.0 -8.58
28.0 -8.434
28.0 -11.362
28.0 -12.644
28.0 -13.27
28.0 -12.758
28.0 -10.832
28.0 -11.422
28.0 -9.018
28.0 -10.01
28.0 -8.592
28.0 -10.416
28.0 -13.574
28.0 -9.33
28.0 -11.448
28.0 -8.962
28.0 -9.706
28.0 -12.744
28.0 -12.154
28.0 -11.062
28.0 -10.03
28.0 -15.734
28.0 -14.756
28.0 -12.566
28.0 -9.884
28.0 -10.856
28.0 -12.464
28.0 -12.044
28.0 -11.936
28.0 -12.022
28.0 -12.674
28.0 -11.052
28.0 -9.456
28.0 -10.38
28.0 -8.228
28.0 -12.434
28.0 -10.648
28.0 -11.858
28.0 -12.978
28.0 -11.948
28.0 -15.864
28.0 -12.028
28.0 -9.904
28.0 -9.154
28.0 -13.3
28.0 -10.904
28.0 -12.794
28.0 -9.322
28.0 -9.842
28.0 -10.594
28.0 -13.922
28.0 -14.198
28.0 -10.278
28.0 -8.972
28.0 -12.388
28.0 -11.702
28.0 -7.516
28.0 -7.964
28.0 -5.872
28.0 -9.768
28.0 -13.962
28.0 -11.848
28.0 -10.872
28.0 -11.544
28.0 -7.612
28.0 -10.864
28.0 -12.476
28.0 -11.914
28.0 -6.408
28.0 -8.99
28.0 -13.008
28.0 -10.92
28.0 -8.342
28.0 -8.996
28.0 -15.184
28.0 -13.6
28.0 -12.764
28.0 -8.41
28.0 -8.746
28.0 -9.438
28.0 -11.144
28.0 -12.394
28.0 -15.958
28.0 -15.38
28.0 -13.096
28.0 -7.826
28.0 -11.892
28.0 -10.904
28.0 -11.89
28.0 -9.06
28.0 -11.246
28.0 -8.934
28.0 -8.508
28.0 -13.248
28.0 -12.428
28.0 -15.62
28.0 -16.692
28.0 -13.778
28.0 -16.002
28.0 -15.052
28.0 -10.108
28.0 -11.988
28.0 -14.932
28.0 -13.832
28.0 -14.458
28.0 -13.168
28.0 -14.642
28.0 -13.034
28.0 -12.184
28.0 -11.394
28.0 -9.864
28.0 -8.914
28.0 -7.75
28.0 -9.858
28.0 -18.406
28.5 -14.728
28.5 -11.856
28.5 -10.352
28.5 -10.968
28.5 -13.712
28.5 -8.71
28.5 -9.72
28.5 -12.438
28.5 -11.424
28.5 -11.258
28.5 -11.648
28.5 -12.328
28.5 -9.512
28.5 -8.582
28.5 -7.318
28.5 -10.436
28.5 -13.294
28.5 -12.012
28.5 -8.002
28.5 -9.788
28.5 -14.41
28.5 -13.078
28.5 -14.636
28.5 -9.7
28.5 -11.262
28.5 -10.344
28.5 -11.058
28.5 -8.23
28.5 -11.45
28.5 -9.274
28.5 -7.72
28.5 -10.002
28.5 -10.528
28.5 -13.74
28.5 -7.28
28.5 -13.15
28.5 -10.738
28.5 -10.548
500
-62.0 -240.92
-50.5 -161.216
-13.5 -126.054
-10.5 -99.148
-10.5 -87.204
-10.5 -74.212
3.0 -65.862
3.0 -55.878
14.0 -54.058
14.0 -48.176
14.0 -46.414
15.5 -46.062
15.5 -38.948
15.5 -34.772
15.5 -29.234
15.5 -30.342
15.5 -30.352
15.5 -33.77
15.5 -31.544
15.5 -33.598
15.5 -32.956
17.5 -26.608
17.5 -23.774
17.5 -24.704
17.5 -24.322
17.5 -27.23
18.5 -22.886
18.5 -26.492
18.5 -25.43
18.5 -24.644
18.5 -24.24
19.5 -20.958
19.5 -20.54
19.5 -21.304
19.5 -21.954
21.0 -21.014
21.5 -18.55
21.5 -20.442
21.5 -14.75
21.5 -12.976
21.5 -15.972
21.5 -17.368
21.5 -18.066
21.5 -18.602
21.5 -16.732
21.5 -18.116
21.5 -16.448
21.5 -17.162
21.5 -16.92
21.5 -17.606
21.5 -19.616
21.5 -19.746
21.5 -21.37
22.0 -14.708
22.0 -13.136
22.0 -16.958
22.0 -18.058
22.0 -16.122
22.0 -13.746
22.0 -14.024
22.0 -15.558
22.0 -14.96
22.0 -15.168
22.0 -12.766
22.0 -11.438
22.0 -13.732
22.0 -11.362
22.0 -15.53
23.5 -16.162
23.5 -14.052
23.5 -10.776
23.5 -10.322
24.0 -13.686
24.0 -10.628
24.0 -8.882
24.0 -10.42
24.0 -10.058
24.0 -9.65
24.0 -11.968
24.0 -12.332
24.0 -8.988
24.0 -13.094
24.0 -12.592
24.0 -12.178
24.0 -14.502
24.0 -14.33
24.0 -16.454
24.0 -14.052
24.0 -14.116
24.0 -14.68
24.0 -12.83
24.0 -13.524
24.0 -14.672
24.0 -14.27
24.0 -12.514
24.0 -15.998
24.0 -18.298
24.0 -14.526
24.0 -11.734
24.0 -11.216
24.0 -16.054
24.0 -15.03
24.0 -13.97
24.0 -14.396
24.0 -12.528
24.0 -16.416
24.0 -18.116
24.0 -14.336
24.0 -10.322
24.0 -10.348
24.0 -14.16
24.0 -12.288
24.0 -14.924
24.0 -9.708
24.0 -12.342
24.0 -12.864
24.0 -14.308
24.0 -16.252
24.0 -12.698
24.0 -11.722
24.0 -9.628
24.0 -12.1
24.0 -12.266
24.0 -16.032
24.0 -11.048
24.0 -12.08
24.0 -10.612
24.0 -13.346
24.0 -11.366
25.0 -12.658
25.0 -15.27
25.0 -18.772
25.0 -12.062
25.0 -13.318
25.0 -15.592
25.0 -13.976
25.0 -13.298
25.0 -13.074
25.0 -11.418
25.0 -12.398
25.0 -10.69
25.0 -16.064
25.0 -15.346
25.0 -15.804
25.0 -13.6
25.0 -15.402
25.0 -17.484
25.0 -8.648
25.0 -12.14
25.0 -13.476
25.0 -13.888
25.0 -9.452
25.0 -14.95
25.0 -9.86
25.0 -13.59
25.0 -14.582
25.0 -15.034
25.0 -20.712
25.0 -18.086
25.0 -14.5
25.0 -10.304
25.0 -11.056
25.0 -12.302
25.0 -13.48
25.0 -14.84
25.0 -12.85
25.0 -11.326
25.0 -11.55
25.0 -14.026
25.0 -14.592
25.5 -10.064
25.5 -9.362
25.5 -10.946
25.5 -9.928
25.5 -13.066
25.5 -11.168
25.5 -12.078
25.5 -16.022
25.5 -11.9
25.5 -11.918
25.5 -12.994
25.5 -13.2
25.5 -13.208
25.5 -11.65
25.5 -15.048
25.5 -16.568
25.5 -14.266
25.5 -11.432
25.5 -12.396
25.5 -13.968
25.5 -12.98
25.5 -11.436
25.5 -11.538
25.5 -14.142
25.5 -17.15
26.5 -16.652
26.5 -15.408
26.5 -15.086
26.5 -11.648
26.5 -8.478
26.5 -13.934
26.5 -13.746
26.5 -8.54
26.5 -10.046
26.5 -12.42
26.5 -10.676
26.5 -14.286
26.5 -14.986
26.5 -14.65
26.5 -13.04
26.5 -12.636
26.5 -9.498
26.5 -13.736
26.5 -9.732
26.5 -12.712
26.5 -12.42
26.5 -11.024
26.5 -16.318
26.5 -14.402
26.5 -13.826
26.5 -16.154
26.5 -10.166
26.5 -11.922
26.5 -16.184
26.5 -14.892
26.5 -11.714
26.5 -12.778
26.5 -16.318
26.5 -15.45
26.5 -9.588
26.5 -10.488
26.5 -14.286
26.5 -17.446
26.5 -15.216
26.5 -12.308
26.5 -12.83
26.5 -12.374
26.5 -12.768
26.5 -9.272
26.5 -9.104
26.5 -13.73
26.5 -11.328
26.5 -14.174
26.5 -11.862
26.5 -11.448
26.5 -13.662
26.5 -11.098
26.5 -12.874
26.5 -14.852
26.5 -10.018
26.5 -13.276
26.5 -13.994
26.5 -11.33
26.5 -12.936
26.5 -11.172
26.5 -11.676
27.0 -12.754
27.0 -7.836
27.0 -8.772
27.0 -10.124
27.0 -10.616
27.0 -8.85
27.0 -12.038
27.0 -10.588
27.0 -10.662
27.0 -13.574
27.0 -11.558
27.0 -10.566
27.0 -8.978
27.0 -8.222
27.0 -8.248
27.0 -8.58
27.0 -9.082
27.0 -12.146
27.0 -12.44
27.0 -15.256
27.0 -14.24
27.0 -11.988
27.0 -11.972
27.0 -9.51
27.0 -8.492
27.0 -11.166
27.0 -14.206
27.0 -14.124
27.0 -13.12
27.0 -8.908
27.0 -10.224
27.0 -12.832
27.0 -13.922
27.0 -11.91
27.0 -11.198
27.0 -10.228
27.0 -9.438
27.0 -10.854
27.0 -9.814
27.0 -10.914
27.0 -8.366
27.0 -10.916
27.0 -14.756
27.0 -10.528
27.0 -19.576
27.0 -14.238
27.0 -12.666
27.0 -9.862
27.0 -12.564
27.0 -8.996
27.0 -11.534
27.0 -9.076
27.0 -10.108
27.0 -12.844
27.0 -14.478
27.0 -14.122
27.0 -11.46
27.0 -12.008
27.0 -14.846
27.0 -14.62
27.0 -15.39
27.0 -15.298
27.0 -15.418
27.0 -13.216
27.0 -15.114
27.0 -9.912
27.0 -9.054
27.0 -12.05
27.0 -12.434
27.0 -13.984
27.0 -15.718
27.0 -13.426
27.0 -11.596
27.0 -16.094
27.0 -14.19
27.0 -15.022
27.0 -16.45
27.0 -16.932
27.0 -21.972
27.0 -16.182
27.0 -9.014
27.0 -11.944
27.0 -12.74
27.0 -13.144
27.0 -14.914
27.0 -15.848
27.0 -14.97
27.0 -17.874
27.0 -13.198
27.0 -13.258
27.5 -10.436
27.5 -15.822
27.5 -12.972
27.5 -14.078
27.5 -13.088
27.5 -12.804
27.5 -16.368
27.5 -12.156
27.5 -17.362
27.5 -16.36
27.5 -13.494
27.5 -10.984
27.5 -13.898
27.5 -9.988
27.5 -12.616
27.5 -10.556
27.5 -11.866
27.5 -13.15
27.5 -13.656
27.5 -17.384
27.5 -15.114
27.5 -14.318
27.5 -11.984
27.5 -13.168
27.5 -15.296
27.5 -16.548
27.5 -18.044
27.5 -19.032
27.5 -16.386
27.5 -12.646
27.5 -16.166
27.5 -14.578
27.5 -16.118
27.5 -14.638
27.5 -14.45
27.5 -15.78
27.5 -11.828
27.5 -16.334
27.5 -14.628
27.5 -19.416
27.5 -17.304
27.5 -16.664
27.5 -13.57
27.5 -11.682
27.5 -13.158
27.5 -10.756
27.5 -14.28
27.5 -16.11
27.5 -14.932
27.5 -9.796
27.5 -10.954
27.5 -14.284
27.5 -9.272
27.5 -10.948
27.5 -11.058
27.5 -12.176
27.5 -14.62
27.5 -14.75
27.5 -15.43
27.5 -11.16
27.5 -14.836
27.5 -10.488
27.5 -14.778
27.5 -12.252
27.5 -14.514
27.5 -12.518
27.5 -13.906
27.5 -14.748
27.5 -10.004
27.5 -15.244
27.5 -12.99
27.5 -11.346
27.5 -11.162
27.5 -16.316
27.5 -12.202
27.5 -9.822
27.5 -10.904
27.5 -18.36
27.5 -17.524
27.5 -14.316
27.5 -13.822
27.5 -12.956
27.5 -9.492
27.5 -10.338
27.5 -11.494
27.5 -14.962
27.5 -15.354
27.5 -10.878
27.5 -10.084
27.5 -12.694
27.5 -15.684
27.5 -15.778
27.5 -13.728
27.5 -12.282
27.5 -12.712
27.5 -15.1
27.5 -19.048
27.5 -14.2
27.5 -13.58
27.5 -12.268
27.5 -12.254
27.5 -14.166
27.5 -14.194
27.5 -11.784
27.5 -10.862
27.5 -13.03
27.5 -10.242
28.5 -8.27
28.5 -15.098
28.5 -18.314
28.5 -12.978
28.5 -11.35
28.5 -8.962
28.5 -11.096
28.5 -11.152
28.5 -14.044
28.5 -12.57
28.5 -17.454
28.5 -14.276
28.5 -11.564
28.5 -11.644
28.5 -13.214
28.5 -17.162
28.5 -13.95
28.5 -11.848
28.5 -13.338
28.5 -11.798
28.5 -10.54
28.5 -7.912
28.5 -13.02
28.5 -15.904
28.5 -15.448
28.5 -13.132
28.5 -11.112
28.5 -12.314
28.5 -9.554
28.5 -10.668
28.5 -12.206
28.5 -8.254
28.5 -12.986
28.5 -11.702
28.5 -14.632
28.5 -14.732
28.5 -14.244
28.5 -14.27
28.5 -15.504
28.5 -9.544
28.5 -11.066
28.5 -10.946
28.5 -12.976
28.5 -10.556
28.5 -15.72
28.5 -13.23
28.5 -13.438
500
-69.0 -232.884
-52.5 -159.472
-27.5 -121.218
-16.0 -99.188
-8.0 -81.81
-8.0 -72.442
3.0 -64.624
3.0 -59.182
3.0 -56.536
3.0 -47.732
3.5 -42.186
15.5 -37.944
15.5 -37.684
15.5 -36.316
15.5 -36.494
15.5 -31.314
17.5 -31.88
17.5 -30.254
18.5 -28.73
18.5 -23.9
18.5 -20.756
18.5 -17.952
20.5 -21.144
20.5 -19.328
20.5 -20.478
21.5 -21.892
21.5 -21.46
21.5 -23.134
22.0 -16.454
22.0 -19.504
22.0 -20.356
22.0 -16.668
22.0 -16.708
24.5 -16.354
24.5 -16.784
24.5 -17.96
24.5 -19.422
24.5 -22.008
24.5 -18.804
24.5 -16.338
24.5 -18.502
24.5 -24.336
24.5 -25.034
24.5 -17.762
24.5 -14.576
24.5 -14.344
24.5 -16.182
24.5 -18.538
24.5 -17.686
24.5 -13.64
24.5 -12.546
24.5 -17.0
24.5 -19.546
24.5 -22.456
24.5 -21.528
24.5 -19.54
24.5 -20.068
24.5 -17.47
24.5 -16.02
24.5 -18.332
24.5 -19.178
24.5 -17.6
24.5 -14.646
24.5 -19.526
24.5 -19.904
24.5 -18.188
24.5 -21.22
24.5 -20.128
24.5 -18.998
24.5 -16.286
24.5 -19.952
24.5 -21.808
24.5 -15.33
24.5 -16.992
24.5 -14.86
24.5 -17.692
24.5 -17.898
24.5 -19.186
25.0 -16.306
25.0 -17.522
25.0 -16.234
25.0 -17.338
25.0 -15.046
25.0 -14.688
25.0 -13.264
25.0 -16.72
25.0 -15.746
25.0 -14.614
25.0 -15.118
25.0 -11.594
25.0 -14.834
25.0 -13.208
25.0 -16.412
25.0 -13.316
25.0 -12.94
25.0 -12.996
25.0 -13.22
25.0 -16.022
25.0 -15.024
25.0 -12.014
26.5 -12.81
26.5 -9.464
26.5 -15.606
26.5 -13.828
26.5 -15.31
26.5 -16.356
26.5 -18.252
26.5 -15.63
26.5 -10.396
26.5 -13.088
26.5 -13.474
26.5 -13.384
26.5 -13.602
26.5 -12.626
26.5 -11.288
26.5 -12.404
26.5 -12.96
26.5 -10.762
26.5 -12.448
26.5 -11.164
26.5 -12.734
26.5 -12.498
26.5 -14.27
26.5 -12.648
26.5 -10.258
26.5 -10.7
26.5 -13.148
27.0 -13.724
27.0 -14.652
27.0 -14.44
27.0 -13.342
27.0 -13.53
27.0 -10.848
27.0 -10.668
27.0 -12.362
27.0 -14.118
27.0 -13.206
27.0 -15.06
27.0 -11.648
27.0 -14.994
27.0 -10.9
27.0 -16.706
27.0 -16.208
27.0 -15.768
27.0 -13.184
27.0 -8.994
27.0 -13.686
27.0 -13.498
27.0 -10.682
27.0 -11.662
27.0 -13.198
27.0 -10.3
27.0 -10.926
27.0 -14.23
27.0 -13.618
27.0 -16.104
27.0 -11.46
27.0 -13.332
27.0 -13.178
27.0 -15.674
27.0 -15.46
27.0 -12.834
27.0 -10.514
27.0 -11.704
27.0 -14.544
27.0 -12.806
27.0 -14.298
27.0 -16.094
27.0 -13.87
27.0 -13.208
27.0 -18.956
27.0 -17.616
27.0 -14.854
27.0 -13.562
27.0 -13.896
27.0 -15.892
27.0 -17.452
27.0 -14.188
27.0 -12.99
27.0 -8.92
27.0 -12.676
27.0 -12.004
27.0 -12.432
27.0 -11.796
27.0 -12.58
27.0 -14.876
27.0 -11.49
27.0 -17.702
27.0 -15.018
27.0 -13.696
27.0 -15.396
27.0 -15.306
27.0 -12.034
27.0 -14.67
27.0 -18.69
27.0 -13.106
27.0 -9.59
27.0 -12.116
27.0 -14.488
27.0 -9.874
27.0 -11.162
27.0 -21.632
27.0 -18.506
27.0 -11.974
27.0 -15.73
27.0 -15.686
27.0 -12.5
27.0 -12.33
27.0 -11.798
27.0 -13.574
27.0 -13.184
27.0 -12.09
27.0 -12.812
27.0 -16.554
27.0 -22.262
27.0 -12.724
27.0 -16.24
27.0 -8.99
27.0 -9.518
27.0 -12.864
27.0 -11.746
27.0 -5.274
27.0 -8.47
27.0 -11.828
27.0 -9.866
27.0 -13.088
27.0 -11.728
27.0 -11.612
27.0 -12.248
27.0 -13.266
27.0 -12.654
27.0 -10.732
27.0 -11.244
27.0 -12.43
27.0 -11.54
27.0 -11.706
27.0 -8.266
27.0 -8.68
27.0 -12.194
27.0 -11.962
27.0 -14.1
27.0 -12.552
27.0 -12.31
27.0 -13.788
27.0 -11.17
27.0 -9.972
27.0 -9.708
27.0 -9.976
27.0 -10.662
27.0 -12.064
27.0 -12.022
27.0 -14.248
27.0 -11.336
27.0 -11.77
27.0 -13.84
27.0 -12.41
27.0 -13.742
27.0 -14.94
27.0 -14.952
27.0 -14.532
27.0 -14.648
27.0 -16.43
27.0 -7.706
27.0 -9.41
27.0 -10.344
27.0 -11.996
27.0 -13.09
27.0 -13.304
27.0 -11.698
27.0 -11.266
27.0 -12.412
27.0 -14.248
27.0 -9.08
27.0 -11.786
27.0 -12.81
27.0 -11.75
27.0 -13.216
27.0 -14.3
27.0 -12.47
27.0 -11.188
27.0 -12.348
27.0 -14.502
27.0 -13.906
27.0 -12.562
27.0 -13.696
27.0 -11.034
27.0 -15.662
27.0 -12.164
27.0 -11.526
27.0 -10.19
27.0 -15.048
27.0 -10.868
27.0 -9.632
27.0 -11.91
27.0 -10.618
27.0 -12.468
27.0 -10.164
27.0 -15.608
27.0 -11.172
27.0 -16.432
27.0 -13.01
27.0 -13.59
27.0 -14.93
27.0 -12.184
27.0 -9.272
27.0 -10.144
27.0 -10.9
27.0 -17.558
27.0 -17.104
27.0 -14.67
27.0 -9.422
27.0 -9.526
27.0 -10.9
27.0 -12.496
27.0 -12.508
27.0 -13.906
27.0 -10.976
27.0 -11.616
27.0 -13.414
27.0 -11.316
27.0 -10.32
27.0 -10.19
27.0 -9.712
27.0 -10.962
27.0 -10.464
27.0 -10.756
27.0 -10.026
27.0 -11.818
27.0 -9.24
27.0 -7.96
27.0 -9.106
27.0 -8.86
27.0 -8.118
27.0 -13.64
27.0 -9.598
27.0 -11.058
27.0 -11.542
27.0 -13.188
27.0 -10.716
27.0 -9.498
27.0 -9.986
27.0 -11.444
27.0 -11.426
27.0 -10.086
27.0 -12.424
27.0 -13.172
27.0 -15.718
27.0 -9.564
27.0 -11.65
27.0 -11.66
27.0 -8.476
27.0 -13.474
27.0 -11.148
27.0 -11.442
27.0 -14.702
27.0 -14.578
27.0 -10.09
27.0 -10.576
27.0 -13.81
27.0 -11.582
27.0 -10.514
27.0 -8.762
27.0 -10.388
27.0 -12.756
27.0 -12.952
27.0 -16.1
27.0 -11.614
27.0 -10.204
27.0 -14.436
27.0 -14.096
27.0 -14.28
27.0 -12.484
27.0 -12.894
27.0 -13.1
27.0 -11.158
27.0 -9.986
27.0 -13.238
27.0 -11.39
27.0 -11.908
27.0 -13.486
27.0 -10.312
27.0 -12.026
27.0 -10.422
27.0 -8.078
27.0 -10.382
27.0 -10.4
27.0 -15.832
27.0 -13.472
27.0 -13.262
27.0 -9.136
27.0 -11.722
27.0 -13.404
27.0 -11.76
27.0 -8.848
27.0 -10.272
27.0 -12.476
27.0 -9.314
27.0 -11.992
27.0 -12.946
27.0 -12.748
27.0 -11.69
27.5 -14.574
27.5 -12.03
27.5 -13.54
27.5 -11.88
27.5 -9.91
27.5 -9.81
27.5 -8.62
27.5 -9.946
27.5 -9.346
27.5 -12.9
27.5 -9.17
27.5 -8.512
27.5 -8.15
27.5 -9.452
27.5 -9.876
27.5 -11.776
27.5 -12.164
27.5 -13.586
27.5 -13.48
27.5 -10.084
27.5 -10.712
27.5 -10.404
27.5 -14.254
27.5 -10.534
27.5 -10.82
27.5 -12.866
27.5 -11.826
27.5 -10.608
27.5 -11.924
27.5 -15.058
27.5 -14.352
27.5 -16.6
27.5 -11.242
27.5 -14.54
27.5 -12.168
27.5 -14.48
27.5 -9.846
27.5 -9.89
27.5 -13.684
27.5 -12.518
27.5 -15.276
27.5 -15.836
27.5 -12.562
27.5 -13.95
27.5 -14.282
27.5 -14.278
27.5 -15.602
27.5 -16.322
27.5 -13.498
27.5 -10.946
27.5 -14.472
27.5 -9.962
27.5 -10.28
27.5 -8.962
27.5 -11.014
27.5 -10.866
27.5 -14.526
27.5 -11.89
27.5 -14.5
27.5 -16.224
27.5 -14.278
27.5 -13.36
27.5 -14.99
27.5 -14.116
27.5 -15.002
27.5 -18.526
27.5 -16.026
27.5 -14.238
27.5 -14.938
27.5 -13.722
27.5 -12.222
27.5 -13.362
27.5 -14.432
28.0 -18.106
29.0 -14.208
29.0 -12.568
29.0 -9.614
29.0 -6.946
29.0 -11.644
29.0 -10.286
29.0 -11.248
29.0 -14.032
29.0 -12.88
29.0 -11.022
29.0 -13.224
29.0 -12.42
29.0 -15.73
29.0 -14.722
29.0 -14.068
29.0 -10.828
29.0 -13.312
29.0 -14.87
29.0 -10.942
29.0 -9.828
29.0 -10.824
29.0 -13.64
29.0 -12.692
29.0 -9.524
29.0 -9.078
500
-83.5 -240.664
-57.0 -164.936
-49.0 -127.846
-26.0 -105.42
-7.0 -92.96
-7.0 -79.366
-6.0 -71.734
1.5 -61.062
1.5 -57.358
5.5 -55.546
6.0 -45.3
11.5 -39.548
15.5 -34.234
15.5 -34.322
15.5 -29.906
15.5 -32.412
15.5 -28.32
15.5 -29.782
15.5 -30.664
20.0 -29.608
20.0 -29.478
22.0 -27.948
22.0 -29.308
23.0 -28.484
23.0 -25.054
23.0 -23.834
23.0 -22.898
23.0 -23.176
23.0 -23.782
23.0 -24.236
23.0 -23.764
23.0 -21.222
23.0 -16.018
23.0 -16.464
23.0 -16.352
23.0 -17.608
23.0 -17.818
23.0 -16.642
23.0 -14.566
23.0 -16.556
23.0 -19.518
23.0 -19.238
24.0 -14.504
24.0 -17.524
24.0 -15.554
24.0 -16.842
24.0 -12.67
24.0 -14.55
24.0 -14.244
24.0 -16.206
24.0 -15.596
24.0 -12.786
24.0 -16.362
24.0 -13.562
24.0 -18.668
24.0 -14.954
24.0 -17.136
24.0 -13.184
24.0 -14.432
24.5 -16.79
24.5 -19.368
24.5 -19.4
24.5 -16.89
24.5 -13.6
24.5 -17.578
24.5 -22.78
24.5 -21.504
24.5 -18.104
24.5 -17.366
24.5 -15.658
24.5 -11.368
24.5 -12.29
24.5 -18.572
24.5 -22.582
24.5 -21.764
25.5 -17.69
25.5 -17.714
25.5 -14.972
25.5 -15.776
25.5 -15.518
25.5 -21.412
25.5 -16.796
25.5 -12.57
25.5 -17.306
25.5 -21.284
25.5 -15.944
25.5 -20.83
25.5 -17.984
25.5 -15.32
25.5 -15.154
25.5 -12.784
25.5 -10.76
25.5 -9.81
25.5 -9.206
25.5 -9.986
25.5 -12.862
25.5 -14.23
25.5 -15.118
25.5 -10.576
25.5 -17.138
25.5 -17.688
25.5 -15.126
25.5 -13.41
25.5 -15.554
25.5 -15.25
25.5 -18.146
25.5 -16.532
25.5 -16.476
25.5 -19.686
25.5 -19.314
25.5 -16.964
25.5 -15.752
25.5 -17.28
25.5 -16.424
25.5 -17.722
25.5 -12.828
25.5 -12.656
25.5 -11.726
25.5 -16.034
25.5 -19.062
25.5 -19.466
25.5 -15.8
25.5 -14.826
25.5 -13.324
25.5 -14.476
25.5 -12.98
25.5 -15.984
25.5 -12.582
25.5 -15.342
25.5 -15.87
25.5 -14.252
25.5 -15.342
25.5 -15.024
25.5 -17.686
25.5 -14.022
25.5 -11.502
25.5 -13.556
25.5 -11.718
25.5 -14.55
25.5 -15.032
25.5 -16.158
25.5 -13.88
25.5 -13.21
26.0 -18.486
26.0 -17.592
26.0 -14.574
26.0 -17.386
26.0 -13.014
26.0 -14.37
26.0 -11.164
26.0 -12.792
26.0 -16.864
26.0 -13.356
26.0 -14.04
27.0 -16.58
27.0 -12.734
27.0 -11.998
27.0 -14.592
27.0 -11.672
27.0 -13.206
27.0 -13.862
27.0 -15.824
27.0 -18.748
27.0 -14.206
28.5 -14.126
28.5 -14.462
28.5 -12.122
28.5 -16.108
28.5 -17.064
28.5 -20.406
28.5 -17.316
28.5 -15.71
28.5 -15.87
28.5 -14.24
28.5 -13.07
28.5 -18.84
28.5 -19.232
28.5 -18.776
28.5 -18.464
28.5 -15.758
28.5 -13.074
28.5 -17.926
28.5 -16.386
28.5 -15.272
28.5 -14.66
28.5 -12.362
28.5 -17.174
28.5 -12.592
28.5 -12.116
28.5 -11.168
28.5 -11.778
28.5 -11.046
28.5 -11.776
28.5 -13.428
28.5 -13.584
28.5 -14.68
28.5 -16.294
28.5 -14.006
28.5 -15.722
28.5 -12.88
28.5 -11.454
28.5 -11.612
28.5 -11.616
28.5 -14.606
28.5 -15.63
28.5 -16.446
28.5 -17.508
28.5 -21.39
28.5 -18.484
28.5 -15.512
28.5 -14.798
28.5 -13.158
28.5 -11.488
28.5 -10.43
28.5 -13.888
28.5 -14.2
28.5 -13.036
28.5 -12.89
28.5 -10.484
28.5 -12.426
28.5 -16.776
28.5 -19.052
28.5 -15.904
28.5 -10.69
28.5 -13.348
28.5 -11.124
28.5 -11.842
28.5 -16.662
28.5 -19.424
28.5 -17.896
28.5 -15.87
28.5 -20.032
28.5 -17.25
28.5 -15.284
28.5 -14.39
28.5 -12.778
28.5 -14.288
28.5 -15.362
28.5 -11.762
28.5 -14.124
28.5 -13.952
28.5 -14.786
28.5 -15.68
28.5 -13.81
28.5 -13.582
28.5 -15.538
28.5 -16.966
28.5 -13.324
28.5 -14.83
28.5 -19.742
28.5 -20.922
28.5 -19.092
28.5 -16.218
28.5 -13.942
28.5 -18.678
28.5 -16.412
28.5 -14.334
28.5 -15.086
28.5 -15.35
28.5 -12.852
28.5 -14.236
28.5 -14.028
28.5 -16.664
28.5 -12.39
28.5 -11.606
28.5 -12.646
28.5 -13.242
28.5 -10.5
28.5 -16.626
28.5 -15.484
28.5 -15.734
28.5 -17.04
28.5 -16.454
28.5 -15.314
28.5 -15.134
28.5 -13.894
28.5 -15.298
28.5 -13.454
28.5 -12.464
28.5 -11.12
28.5 -13.124
28.5 -9.226
28.5 -10.664
28.5 -12.614
28.5 -12.836
28.5 -12.46
28.5 -12.39
28.5 -13.536
28.5 -15.166
28.5 -20.06
28.5 -16.086
28.5 -16.152
28.5 -13.454
28.5 -12.83
28.5 -14.788
28.5 -13.06
28.5 -13.97
28.5 -12.864
28.5 -16.922
28.5 -14.322
28.5 -14.018
28.5 -16.006
28.5 -14.822
28.5 -16.154
28.5 -19.022
28.5 -18.692
28.5 -19.674
28.5 -14.69
28.5 -12.044
28.5 -13.77
28.5 -13.064
28.5 -14.196
28.5 -16.106
28.5 -19.874
28.5 -16.138
28.5 -15.764
28.5 -15.374
28.5 -13.474
28.5 -12.128
28.5 -12.162
28.5 -12.198
28.5 -15.628
28.5 -18.262
28.5 -12.568
28.5 -13.954
28.5 -14.102
28.5 -15.7
28.5 -15.562
28.5 -18.164
28.5 -14.704
28.5 -14.732
28.5 -13.1
28.5 -11.746
28.5 -14.646
28.5 -14.484
28.5 -13.764
28.5 -16.004
28.5 -15.758
28.5 -16.378
28.5 -14.14
28.5 -16.686
28.5 -16.948
28.5 -16.292
28.5 -20.016
28.5 -17.012
28.5 -16.684
28.5 -11.488
28.5 -16.632
28.5 -23.34
28.5 -19.864
28.5 -17.622
28.5 -15.07
28.5 -16.946
28.5 -13.756
28.5 -12.694
28.5 -16.428
28.5 -15.322
28.5 -14.62
28.5 -14.606
28.5 -15.432
28.5 -13.532
28.5 -16.802
28.5 -17.076
28.5 -19.592
28.5 -16.46
28.5 -16.62
28.5 -17.304
28.5 -14.73
28.5 -11.62
28.5 -17.028
28.5 -16.826
28.5 -19.168
28.5 -14.286
28.5 -11.066
28.5 -9.85
28.5 -12.568
28.5 -10.48
28.5 -10.204
28.5 -12.042
28.5 -14.266
28.5 -19.68
28.5 -13.422
28.5 -18.682
28.5 -14.622
28.5 -14.604
28.5 -12.96
28.5 -10.978
28.5 -12.572
28.5 -13.11
28.5 -10.494
28.5 -9.178
28.5 -10.986
28.5 -12.964
28.5 -12.636
28.5 -13.618
28.5 -8.038
28.5 -10.394
28.5 -13.112
28.5 -16.262
28.5 -17.674
28.5 -13.518
28.5 -10.708
28.5 -13.36
28.5 -12.312
28.5 -11.51
28.5 -9.014
28.5 -11.558
28.5 -13.296
28.5 -13.6
28.5 -13.914
28.5 -11.858
28.5 -13.668
28.5 -12.612
28.5 -11.828
28.5 -9.2
28.5 -9.658
28.5 -11.916
28.5 -16.368
28.5 -14.42
28.5 -14.398
28.5 -18.588
28.5 -17.73
28.5 -14.972
28.5 -13.974
28.5 -13.864
28.5 -12.71
28.5 -14.786
28.5 -11.26
28.5 -13.754
28.5 -12.022
28.5 -13.104
28.5 -12.166
28.5 -14.208
28.5 -14.236
28.5 -15.364
28.5 -15.114
28.5 -14.344
28.5 -10.502
28.5 -10.626
28.5 -11.692
28.5 -12.06
28.5 -14.048
28.5 -12.054
28.5 -16.088
28.5 -12.054
28.5 -10.984
28.5 -12.934
28.5 -12.1
28.5 -13.842
28.5 -16.752
28.5 -15.116
28.5 -15.832
28.5 -15.63
28.5 -15.504
28.5 -14.282
28.5 -12.514
28.5 -13.862
28.5 -12.428
28.5 -13.61
28.5 -12.94
28.5 -17.134
28.5 -13.482
28.5 -13.388
28.5 -15.456
28.5 -13.432
28.5 -11.888
28.5 -11.252
28.5 -8.072
28.5 -10.792
28.5 -14.046
28.5 -15.52
28.5 -12.58
28.5 -10.19
28.5 -10.746
28.5 -11.546
28.5 -9.81
28.5 -12.892
28.5 -11.842
28.5 -13.436
28.5 -15.338
28.5 -15.93
28.5 -10.004
28.5 -9.588
28.5 -7.978
28.5 -12.66
28.5 -17.986
28.5 -13.704
28.5 -10.622
28.5 -12.948
28.5 -11.34
28.5 -12.164
28.5 -19.568
28.5 -18.376
28.5 -14.1
28.5 -11.952
28.5 -11.898
28.5 -15.692
28.5 -14.96
28.5 -15.708
28.5 -14.526
500
-51.5 -220.318
-45.0 -150.826
-19.0 -111.368
-16.0 -91.572
-12.5 -81.546
1.5 -65.736
1.5 -55.784
12.5 -50.814
12.5 -40.958
14.0 -39.618
15.0 -36.642
17.0 -33.01
17.0 -28.97
17.0 -28.696
17.0 -28.732
17.0 -29.932
21.0 -29.966
21.0 -26.472
21.0 -24.898
21.0 -25.808
21.0 -22.59
21.0 -18.3
21.0 -17.77
21.0 -17.208
21.0 -18.15
21.0 -20.822
25.0 -21.258
25.0 -18.282
25.0 -21.254
25.0 -19.62
25.0 -22.6
25.0 -21.686
25.0 -21.126
25.0 -20.944
25.0 -18.614
25.0 -17.538
25.0 -18.756
25.0 -17.322
25.0 -16.294
25.0 -16.126
25.0 -20.406
25.0 -17.816
25.0 -16.288
25.0 -16.036
25.0 -17.82
25.0 -20.298
25.0 -20.262
25.0 -20.376
25.0 -17.234
25.0 -19.328
25.0 -18.266
25.0 -22.346
25.0 -18.512
25.0 -16.626
25.0 -18.42
25.0 -17.194
25.0 -17.322
25.0 -17.872
25.0 -17.362
25.0 -15.826
25.0 -19.882
25.0 -22.748
25.0 -17.032
25.0 -16.91
25.0 -14.402
25.0 -12.794
25.0 -13.682
25.0 -12.002
25.0 -17.118
25.0 -16.87
25.0 -14.668
25.0 -16.94
25.0 -15.198
25.5 -17.13
25.5 -16.12
25.5 -13.8
25.5 -10.86
25.5 -13.544
25.5 -18.504
25.5 -15.328
25.5 -19.462
25.5 -14.522
25.5 -17.54
25.5 -17.04
25.5 -17.562
25.5 -18.316
25.5 -18.412
25.5 -16.558
25.5 -12.558
25.5 -16.606
25.5 -17.112
25.5 -13.942
25.5 -14.744
25.5 -14.124
25.5 -13.736
25.5 -15.558
25.5 -14.37
25.5 -14.994
25.5 -13.922
25.5 -11.378
25.5 -12.174
25.5 -12.008
25.5 -18.332
25.5 -19.726
25.5 -19.048
25.5 -14.55
25.5 -14.0
25.5 -12.708
25.5 -12.946
25.5 -14.084
25.5 -18.18
25.5 -14.122
25.5 -18.728
25.5 -16.386
25.5 -16.496
25.5 -15.222
25.5 -13.326
25.5 -12.82
25.5 -10.864
25.5 -10.382
26.5 -13.442
26.5 -12.332
26.5 -16.096
26.5 -13.268
26.5 -16.54
26.5 -16.376
26.5 -14.912
26.5 -14.876
26.5 -19.326
26.5 -11.866
26.5 -13.258
26.5 -14.934
26.5 -17.47
26.5 -18.694
26.5 -15.046
26.5 -16.346
26.5 -12.076
26.5 -15.254
26.5 -13.512
26.5 -11.412
26.5 -9.968
26.5 -12.104
26.5 -13.64
26.5 -18.692
26.5 -12.408
26.5 -13.044
26.5 -10.77
26.5 -14.76
26.5 -12.162
26.5 -15.508
26.5 -14.76
26.5 -16.29
26.5 -12.002
26.5 -12.128
26.5 -10.984
26.5 -8.682
26.5 -14.362
26.5 -11.48
26.5 -10.464
26.5 -12.312
26.5 -11.894
26.5 -10.058
26.5 -13.826
26.5 -14.2
26.5 -13.258
26.5 -12.448
26.5 -12.5
26.5 -13.038
26.5 -16.586
26.5 -12.256
26.5 -14.66
26.5 -13.104
26.5 -13.92
26.5 -16.71
26.5 -15.402
26.5 -13.154
26.5 -12.478
26.5 -11.76
26.5 -12.272
26.5 -12.802
26.5 -11.012
26.5 -12.096
26.5 -10.854
26.5 -11.324
26.5 -12.616
26.5 -11.36
26.5 -13.02
26.5 -10.666
26.5 -11.8
26.5 -12.872
26.5 -13.266
26.5 -15.31
26.5 -13.262
26.5 -11.244
26.5 -12.462
26.5 -11.952
26.5 -14.606
26.5 -12.122
26.5 -12.602
26.5 -11.986
26.5 -12.588
26.5 -12.492
26.5 -11.774
26.5 -12.766
26.5 -10.746
26.5 -8.816
26.5 -10.974
26.5 -9.57
26.5 -12.522
26.5 -17.862
26.5 -19.462
26.5 -16.626
26.5 -13.0
26.5 -12.926
26.5 -11.766
26.5 -11.154
26.5 -13.074
26.5 -13.7
26.5 -12.194
26.5 -16.186
26.5 -13.468
26.5 -13.326
26.5 -16.316
26.5 -13.77
26.5 -14.214
26.5 -15.772
26.5 -14.748
26.5 -11.442
26.5 -15.824
26.5 -19.582
26.5 -14.704
26.5 -16.974
26.5 -15.382
26.5 -17.602
26.5 -12.318
26.5 -10.626
26.5 -11.604
26.5 -12.984
26.5 -14.888
26.5 -13.572
26.5 -16.842
26.5 -16.708
28.5 -15.836
28.5 -13.232
28.5 -12.15
28.5 -14.838
28.5 -15.122
28.5 -14.436
28.5 -17.738
28.5 -14.334
28.5 -17.32
28.5 -16.756
28.5 -13.044
28.5 -12.036
28.5 -14.314
28.5 -12.996
30.5 -13.498
30.5 -8.684
30.5 -8.278
30.5 -11.12
30.5 -11.744
30.5 -14.076
30.5 -12.838
30.5 -12.576
30.5 -12.44
30.5 -11.86
30.5 -13.466
30.5 -13.76
30.5 -13.396
30.5 -12.412
30.5 -11.89
30.5 -9.602
30.5 -11.11
30.5 -15.27
30.5 -13.816
30.5 -13.38
30.5 -8.618
30.5 -12.552
30.5 -12.28
30.5 -10.714
30.5 -10.702
30.5 -14.42
30.5 -15.808
30.5 -14.302
30.5 -10.954
30.5 -12.36
30.5 -12.832
30.5 -11.684
30.5 -9.854
30.5 -12.134
30.5 -10.534
30.5 -10.334
30.5 -10.822
30.5 -14.332
30.5 -13.472
30.5 -12.696
30.5 -11.87
30.5 -10.648
30.5 -8.682
30.5 -11.506
30.5 -11.236
30.5 -13.876
30.5 -13.696
30.5 -11.946
30.5 -12.248
30.5 -9.594
30.5 -10.626
30.5 -8.926
30.5 -12.848
30.5 -15.318
30.5 -13.674
30.5 -12.95
30.5 -15.186
30.5 -11.666
30.5 -13.246
30.5 -17.03
30.5 -15.172
30.5 -13.988
30.5 -12.346
30.5 -13.206
30.5 -11.836
30.5 -13.616
30.5 -12.764
30.5 -13.36
30.5 -15.354
30.5 -17.134
30.5 -13.588
30.5 -10.31
30.5 -13.736
30.5 -17.02
30.5 -13.934
30.5 -13.858
30.5 -13.186
30.5 -12.658
30.5 -11.742
30.5 -12.354
30.5 -12.314
30.5 -14.398
30.5 -12.91
30.5 -9.508
30.5 -11.478
30.5 -9.654
30.5 -8.944
30.5 -9.214
30.5 -10.872
30.5 -11.518
30.5 -11.158
30.5 -10.906
30.5 -12.566
30.5 -13.736
30.5 -9.788
30.5 -10.274
30.5 -14.42
30.5 -13.73
30.5 -9.954
30.5 -12.39
30.5 -11.728
30.5 -12.286
30.5 -13.544
30.5 -14.226
30.5 -9.736
30.5 -16.494
30.5 -15.014
30.5 -13.088
30.5 -11.21
30.5 -11.412
30.5 -8.204
30.5 -13.024
30.5 -12.828
30.5 -13.164
30.5 -9.924
30.5 -12.526
30.5 -13.912
30.5 -16.914
30.5 -12.404
30.5 -10.92
30.5 -11.082
30.5 -12.642
30.5 -12.492
30.5 -14.15
30.5 -14.766
30.5 -12.288
30.5 -7.938
30.5 -5.806
30.5 -8.506
30.5 -13.708
30.5 -11.53
30.5 -11.698
30.5 -11.046
30.5 -12.306
30.5 -11.866
30.5 -9.724
30.5 -10.686
30.5 -13.116
30.5 -10.638
30.5 -9.008
30.5 -13.006
30.5 -11.074
30.5 -9.776
30.5 -11.674
30.5 -11.666
30.5 -12.61
30.5 -13.822
30.5 -9.506
30.5 -12.694
30.5 -10.124
30.5 -11.882
30.5 -10.196
30.5 -13.044
30.5 -13.136
30.5 -11.494
30.5 -8.08
30.5 -7.15
30.5 -8.396
30.5 -5.648
30.5 -7.344
30.5 -10.8
30.5 -12.274
30.5 -9.07
30.5 -10.124
30.5 -8.42
30.5 -9.094
30.5 -12.432
30.5 -15.322
30.5 -11.85
30.5 -14.922
30.5 -10.132
30.5 -10.616
30.5 -12.308
30.5 -13.404
30.5 -9.218
30.5 -7.79
30.5 -10.7
30.5 -10.564
30.5 -12.812
30.5 -9.684
30.5 -14.84
30.5 -12.242
30.5 -9.698
30.5 -11.402
30.5 -15.284
30.5 -11.402
30.5 -11.746
30.5 -7.922
30.5 -16.87
30.5 -11.924
30.5 -10.612
30.5 -8.476
30.5 -11.264
30.5 -11.032
30.5 -16.278
30.5 -14.306
30.5 -13.882
30.5 -12.242
30.5 -13.656
30.5 -10.724
30.5 -10.568
30.5 -12.348
30.5 -14.472
30.5 -13.182
30.5 -11.774
30.5 -14.292
30.5 -14.712
30.5 -13.896
30.5 -15.012
30.5 -11.516
30.5 -12.43
30.5 -13.838
30.5 -12.39
30.5 -11.166
30.5 -13.99
30.5 -13.466
30.5 -14.05
30.5 -9.714
30.5 -13.198
30.5 -12.436
30.5 -8.62
30.5 -10.626
30.5 -10.482
30.5 -12.952
30.5 -13.912
30.5 -10.968
30.5 -12.364
30.5 -15.09
30.5 -13.63
30.5 -14.768
30.5 -9.508
30.5 -11.078
30.5 -16.728
30.5 -11.146
30.5 -11.192
30.5 -9.448
30.5 -12.58
30.5 -11.234
30.5 -9.488
30.5 -9.626
30.5 -7.732
30.5 -6.718
30.5 -9.494
30.5 -11.884
500
-60.5 -241.652
-47.5 -165.876
-44.5 -137.198
-27.0 -110.566
-13.0 -98.528
5.0 -78.234
5.0 -71.566
5.0 -59.566
5.0 -51.63
6.0 -48.384
12.5 -45.032
14.0 -34.714
14.0 -37.958
14.0 -34.586
14.0 -34.622
17.0 -33.222
17.0 -33.32
17.0 -31.938
17.0 -32.638
18.5 -27.008
18.5 -26.414
18.5 -27.138
18.5 -27.034
18.5 -27.128
18.5 -24.542
18.5 -22.39
18.5 -22.238
18.5 -22.77
19.5 -20.916
19.5 -26.028
19.5 -23.082
19.5 -17.762
19.5 -19.218
19.5 -21.612
19.5 -23.694
19.5 -24.1
19.5 -21.964
19.5 -24.74
19.5 -22.49
19.5 -23.534
19.5 -25.474
19.5 -22.506
19.5 -21.6
19.5 -22.282
19.5 -22.292
19.5 -18.0
19.5 -19.234
19.5 -18.838
19.5 -18.018
19.5 -19.196
23.0 -19.076
23.0 -16.822
23.0 -16.75
23.0 -16.62
23.0 -18.642
23.0 -20.484
23.0 -20.758
23.0 -19.506
23.0 -18.956
23.0 -19.96
23.0 -19.806
23.0 -18.03
23.0 -19.204
23.0 -16.586
23.0 -17.242
23.0 -17.896
23.0 -16.364
23.0 -14.978
23.0 -13.278
23.0 -15.74
23.0 -15.694
23.0 -13.772
27.0 -13.698
27.0 -20.692
27.0 -17.784
27.0 -18.948
27.0 -15.91
27.0 -14.918
27.0 -14.888
27.0 -14.922
27.0 -17.444
27.0 -21.906
27.0 -15.926
27.0 -16.642
27.0 -17.372
27.0 -14.366
27.0 -14.918
27.0 -13.986
27.0 -14.514
27.0 -16.23
27.0 -17.192
27.0 -18.19
27.0 -12.768
27.0 -10.378
27.0 -13.788
27.0 -13.468
27.0 -17.26
27.0 -18.278
27.0 -16.216
27.0 -16.83
27.0 -13.496
27.0 -14.004
27.0 -15.268
27.0 -20.724
27.0 -17.178
27.0 -14.36
27.0 -18.374
27.0 -14.434
27.0 -11.83
27.0 -20.406
27.0 -14.536
27.0 -15.95
27.0 -19.898
27.0 -16.316
27.0 -12.302
27.0 -12.736
27.0 -13.45
27.0 -12.512
27.0 -13.726
27.0 -10.95
27.0 -12.514
27.0 -11.182
27.0 -13.114
27.0 -10.584
27.0 -11.748
27.0 -11.722
27.0 -14.496
27.0 -17.504
27.0 -19.842
27.0 -15.61
27.0 -10.038
27.0 -8.752
27.0 -8.306
27.0 -10.258
27.0 -11.894
27.0 -12.274
27.0 -13.368
27.0 -10.424
27.0 -9.386
27.0 -12.874
27.0 -12.292
27.0 -13.734
27.0 -12.09
27.0 -13.698
27.0 -16.466
27.0 -11.554
27.0 -9.17
27.0 -9.048
27.0 -9.912
27.0 -10.196
27.0 -10.92
27.0 -11.084
27.0 -14.648
27.0 -18.198
27.0 -16.024
27.0 -12.796
27.0 -16.578
27.0 -13.008
27.0 -14.914
27.0 -14.92
27.0 -10.582
27.0 -11.738
27.0 -15.008
27.0 -13.764
27.0 -14.892
27.0 -9.358
27.0 -14.376
27.0 -13.234
27.0 -18.194
27.0 -14.888
27.0 -15.102
27.0 -13.022
27.0 -10.82
27.0 -9.724
27.0 -11.004
27.0 -10.668
27.0 -16.158
27.0 -10.766
27.0 -8.162
27.0 -10.688
27.0 -8.364
27.0 -14.268
27.0 -13.088
27.0 -10.044
27.0 -9.198
27.0 -11.312
27.0 -11.386
27.0 -13.208
27.0 -13.638
27.0 -12.63
27.0 -10.804
27.0 -11.416
27.0 -13.166
27.0 -10.482
27.0 -11.484
27.0 -9.934
27.0 -14.064
27.0 -12.716
27.0 -12.282
27.0 -10.398
27.0 -12.262
27.0 -13.058
27.0 -10.412
27.0 -9.378
27.0 -11.338
27.0 -10.612
27.0 -8.418
27.0 -17.622
27.0 -16.262
27.0 -11.59
27.0 -14.682
27.0 -12.716
27.0 -17.726
27.0 -13.146
27.0 -9.842
27.0 -9.982
27.0 -10.704
27.0 -9.316
27.0 -8.096
27.0 -10.274
27.0 -10.132
27.0 -12.838
27.0 -15.998
27.0 -13.32
27.0 -18.152
27.0 -15.134
27.0 -11.954
27.0 -10.346
27.0 -10.824
27.0 -10.166
27.0 -15.244
27.0 -14.6
27.0 -16.196
27.0 -17.024
27.0 -11.262
27.0 -11.332
27.0 -8.764
27.0 -11.658
27.0 -16.398
27.0 -17.008
27.0 -18.916
27.0 -12.32
27.0 -12.338
27.0 -13.908
27.0 -13.186
27.0 -12.548
27.0 -12.79
27.0 -10.834
27.0 -11.546
27.0 -16.746
27.0 -13.172
27.0 -16.002
27.0 -11.024
27.0 -10.706
27.0 -12.626
27.0 -13.288
27.0 -13.952
27.0 -14.66
27.0 -13.474
27.0 -10.81
27.0 -11.84
27.0 -11.07
27.0 -12.446
27.0 -14.63
27.0 -13.278
27.0 -13.504
27.0 -16.246
27.0 -15.096
27.0 -19.854
27.0 -14.51
27.0 -12.676
27.0 -13.386
27.0 -15.022
27.0 -13.322
27.0 -13.498
27.0 -13.462
27.0 -9.326
27.0 -14.738
27.0 -13.66
27.0 -14.818
27.0 -15.242
27.0 -15.934
27.0 -14.358
27.0 -15.322
27.0 -16.958
27.0 -11.534
27.0 -11.392
27.0 -11.264
27.0 -11.086
27.0 -15.016
27.0 -10.874
27.0 -11.66
27.0 -10.632
27.0 -11.558
27.0 -15.486
27.0 -13.406
27.5 -14.798
27.5 -13.552
27.5 -16.426
27.5 -19.426
27.5 -18.998
27.5 -13.212
27.5 -14.392
27.5 -14.652
27.5 -18.83
27.5 -11.49
27.5 -16.826
27.5 -12.88
27.5 -11.35
27.5 -13.07
27.5 -12.304
27.5 -16.986
27.5 -13.404
27.5 -15.184
27.5 -12.762
27.5 -11.048
27.5 -11.778
27.5 -14.944
27.5 -13.55
27.5 -14.488
27.5 -16.698
27.5 -14.968
27.5 -14.358
27.5 -17.27
27.5 -15.334
27.5 -16.394
27.5 -17.758
27.5 -9.814
27.5 -8.154
27.5 -6.316
27.5 -10.992
27.5 -14.488
27.5 -11.242
27.5 -10.58
27.5 -9.682
27.5 -8.738
27.5 -15.72
27.5 -12.472
27.5 -10.606
27.5 -13.112
27.5 -14.924
27.5 -12.578
27.5 -9.404
27.5 -9.762
27.5 -10.702
27.5 -13.818
27.5 -14.098
27.5 -13.52
27.5 -14.874
27.5 -10.39
27.5 -9.554
27.5 -10.526
27.5 -10.326
27.5 -17.266
27.5 -20.044
27.5 -20.738
27.5 -17.348
27.5 -14.212
27.5 -13.806
27.5 -10.638
27.5 -11.864
27.5 -14.604
27.5 -13.526
27.5 -10.286
27.5 -12.688
27.5 -15.534
27.5 -16.16
27.5 -12.33
27.5 -15.022
27.5 -12.46
27.5 -13.6
27.5 -15.872
27.5 -17.354
27.5 -13.708
27.5 -13.724
27.5 -13.4
27.5 -13.36
27.5 -16.672
27.5 -19.166
27.5 -15.528
27.5 -13.104
27.5 -12.584
27.5 -15.024
27.5 -15.022
27.5 -17.916
27.5 -16.362
27.5 -13.86
27.5 -10.64
27.5 -14.622
27.5 -13.58
27.5 -12.928
27.5 -10.48
27.5 -15.444
27.5 -11.924
27.5 -11.948
27.5 -10.026
27.5 -11.516
27.5 -9.236
27.5 -12.376
27.5 -17.988
27.5 -17.6
27.5 -16.156
27.5 -15.012
27.5 -13.486
27.5 -13.24
27.5 -13.79
27.5 -18.27
27.5 -14.932
27.5 -12.616
27.5 -13.026
27.5 -11.112
27.5 -15.014
27.5 -11.818
27.5 -11.666
27.5 -11.578
27.5 -16.204
27.5 -15.288
27.5 -17.28
27.5 -14.394
27.5 -11.11
27.5 -13.314
27.5 -11.218
27.5 -12.012
27.5 -13.116
27.5 -15.002
27.5 -13.978
27.5 -15.52
27.5 -14.456
27.5 -15.884
27.5 -14.982
27.5 -11.59
27.5 -9.566
27.5 -11.532
27.5 -8.968
27.5 -12.716
27.5 -16.142
27.5 -16.374
27.5 -13.572
27.5 -12.37
27.5 -12.216
27.5 -10.952
27.5 -10.572
27.5 -12.0
27.5 -13.76
27.5 -13.584
27.5 -10.146
27.5 -16.102
27.5 -14.348
27.5 -13.676
27.5 -12.642
27.5 -13.868
27.5 -13.026
27.5 -12.774
27.5 -13.136
27.5 -10.104
27.5 -12.892
27.5 -12.736
27.5 -14.496
27.5 -16.916
27.5 -12.414
27.5 -11.092
27.5 -13.854
27.5 -14.494
27.5 -15.37
27.5 -13.172
27.5 -12.46
27.5 -14.794
27.5 -15.294
27.5 -13.044
27.5 -14.63
27.5 -14.368
27.5 -15.058
27.5 -13.694
27.5 -17.412
27.5 -8.554
27.5 -11.3
27.5 -13.414
27.5 -15.184
27.5 -12.31
27.5 -12.644
27.5 -12.374
27.5 -14.35
27.5 -15.006
27.5 -12.674
27.5 -14.264
27.5 -18.046
27.5 -14.93
27.5 -12.722
27.5 -12.808
27.5 -18.044
27.5 -16.798
27.5 -16.632
27.5 -12.766
27.5 -14.762
27.5 -11.95
27.5 -12.584
27.5 -14.656
27.5 -15.002
27.5 -16.346
27.5 -17.984

Individual: [4, 6, 7, 9, 13, 14, 18, 25, 31, 33, 34, 57, 62, 63, 68, 71, 77, 84, 87, 88, 96, 98]
   Fitness: 28.0
     Total: 22
Violations: 5 4

Individual: [5, 7, 11, 12, 23, 24, 26, 27, 28, 35, 37, 38, 68, 73, 74, 76, 81, 82, 85, 92, 93, 95, 100]
   Fitness: 30.5
     Total: 23
Violations: 4 4

Individual: [4, 6, 7, 11, 13, 14, 17, 25, 26, 31, 32, 34, 35, 49, 70, 72, 78, 80, 83, 84, 92, 93, 95, 99, 100]
   Fitness: 28.5
     Total: 25
Violations: 9 7

Individual: [2, 8, 9, 12, 13, 19, 23, 27, 28, 32, 40, 63, 65, 68, 75, 80, 83, 88, 89, 100]
   Fitness: 28.0
     Total: 20
Violations: 2 2

Individual: [2, 3, 4, 5, 10, 13, 17, 19, 20, 26, 57, 60, 62, 65, 71, 72, 74, 89, 92, 93, 96]
   Fitness: 28.5
     Total: 21
Violations: 3 3

Individual: [3, 4, 7, 12, 19, 24, 25, 27, 32, 39, 42, 63, 67, 69, 74, 76, 90, 91, 93, 97, 98]
   Fitness: 28.5
     Total: 21
Violations: 3 3

Individual: [1, 2, 8, 13, 14, 17, 22, 23, 28, 51, 57, 69, 70, 72, 73, 78, 79, 90, 91, 95, 96, 98]
   Fitness: 29.0
     Total: 22
Violations: 4 4

Individual: [2, 3, 5, 9, 11, 15, 23, 26, 30, 32, 62, 64, 65, 70, 71, 73, 74, 86, 89, 90, 91, 95, 100]
   Fitness: 28.5
     Total: 23
Violations: 6 6

Individual: [1, 2, 4, 5, 7, 18, 19, 26, 27, 30, 32, 39, 44, 67, 74, 75, 78, 80, 89, 91, 92, 96, 97]
   Fitness: 30.5
     Total: 23
Violations: 4 4

Individual: [1, 3, 4, 6, 12, 17, 18, 24, 25, 27, 36, 63, 65, 66, 70, 71, 73, 86, 89, 93, 95, 96, 98]
   Fitness: 27.5
     Total: 23
Violations: 7 6
