10
50
-60.0 -228.08
-6.0 -116.25
-4.5 -68.955
1.5 -43.37
2.5 -44.18
11.0 -12.89
11.0 1.21
19.5 0.965
19.5 8.13
19.5 12.735
21.5 10.81
23.5 15.71
24.0 16.16
24.0 18.925
24.5 17.535
25.5 19.9
25.5 18.27
26.0 21.95
27.0 20.82
27.0 20.76
27.0 20.75
28.0 23.28
28.0 20.585
28.5 23.165
29.0 24.67
29.5 24.845
31.0 24.61
31.0 24.455
31.5 25.375
32.0 28.1
32.0 23.16
33.0 25.98
33.0 27.165
33.0 28.515
33.0 21.69
33.0 28.355
33.0 28.11
34.5 28.865
34.5 27.09
34.5 25.22
34.5 25.19
34.5 26.54
35.0 28.565
35.0 28.015
35.0 28.575
35.0 25.41
35.0 27.32
35.5 25.96
35.5 23.6
35.5 30.28
50
-29.0 -225.485
-22.0 -113.355
-10.0 -54.73
3.0 -30.77
3.0 -15.68
12.5 -7.21
17.5 -0.215
18.5 6.415
21.0 10.49
22.5 13.165
24.5 13.655
25.5 19.23
25.5 -0.925
25.5 16.895
25.5 17.435
26.0 22.75
27.0 23.615
27.0 22.975
27.0 20.185
27.0 20.595
28.0 21.515
28.0 23.47
28.0 20.64
28.0 19.93
28.0 22.74
28.5 24.755
30.0 24.26
30.0 23.33
30.0 23.62
30.5 24.12
30.5 26.43
30.5 24.675
30.5 25.92
30.5 25.565
30.5 26.935
30.5 24.51
31.0 25.245
31.0 26.9
31.0 26.87
31.5 26.695
31.5 26.135
31.5 22.26
31.5 26.395
31.5 26.865
32.0 26.215
32.0 22.965
32.0 26.22
32.0 26.91
32.0 26.565
32.0 28.245
50
-55.0 -223.27
-22.0 -103.895
-22.0 -64.835
-17.0 -69.815
-16.0 -40.78
-4.0 -26.795
6.0 -35.6
10.0 -13.98
17.0 -1.545
17.0 -3.305
18.5 5.57
18.5 5.44
22.0 8.04
22.0 12.845
22.0 15.85
22.5 13.985
23.5 16.59
24.5 14.27
25.0 14.635
25.0 18.365
25.0 18.125
26.0 16.885
27.0 19.715
27.0 19.7
27.0 21.48
27.5 22.77
28.0 24.285
28.0 22.185
28.0 21.96
28.0 23.78
28.5 24.315
28.5 24.09
28.5 24.74
28.5 24.675
28.5 25.54
28.5 25.535
28.5 24.045
29.0 24.885
29.5 25.125
29.5 24.885
29.5 25.685
29.5 20.25
30.0 25.655
31.5 26.67
31.5 25.655
31.5 25.755
31.5 27.745
31.5 26.91
32.0 27.305
32.0 27.755
50
-71.0 -240.24
-63.0 -145.39
-28.5 -99.335
-21.5 -59.425
4.0 -39.61
6.0 -22.745
9.5 -16.21
12.5 -5.87
13.0 1.335
18.5 6.185
18.5 2.975
23.0 9.615
23.5 12.54
24.5 12.415
24.5 6.615
25.0 21.245
25.5 20.47
27.5 20.475
27.5 23.05
28.0 22.595
29.0 22.185
29.5 24.815
29.5 23.02
29.5 22.235
29.5 22.435
30.0 26.885
30.0 25.545
30.0 24.775
30.5 25.515
30.5 25.435
30.5 24.865
31.0 23.955
31.5 22.97
31.5 27.28
32.0 26.415
32.0 26.75
32.5 26.855
32.5 26.73
33.5 25.32
33.5 28.15
33.5 27.11
34.0 26.94
34.0 29.495
34.0 27.735
34.5 28.705
34.5 24.49
35.0 27.27
35.0 27.08
35.0 26.735
35.0 27.795
50
-34.5 -236.54
-34.5 -117.22
-13.5 -62.41
-6.5 -32.895
1.0 -24.285
4.0 -22.67
5.5 -13.41
11.0 -3.48
11.0 1.11
14.0 2.295
17.0 8.265
18.5 9.1
20.5 10.805
24.5 14.035
24.5 16.125
24.5 12.91
25.0 14.06
27.0 18.445
27.0 19.0
27.0 21.15
27.0 20.295
28.5 23.915
28.5 24.045
29.0 24.245
30.0 25.895
30.0 23.945
30.5 25.185
30.5 24.77
32.0 26.995
32.0 24.375
33.5 23.195
33.5 24.445
33.5 27.665
33.5 27.475
33.5 26.595
33.5 26.645
34.0 24.93
34.0 28.87
34.0 27.305
34.0 28.81
34.0 26.025
34.0 28.985
34.0 29.435
34.0 29.77
34.0 28.575
34.0 29.22
34.0 30.295
34.5 28.885
34.5 29.155
34.5 29.625
50
-53.0 -230.57
-42.5 -112.69
-26.5 -96.035
-26.5 -53.0
-25.5 -44.555
-13.0 -35.83
-3.0 -32.91
0.0 -24.17
4.0 -20.85
4.0 -15.81
6.5 -7.175
14.5 -4.475
14.5 4.145
17.0 1.84
18.0 10.585
18.5 11.865
20.0 13.18
21.0 15.915
21.0 -4.59
22.0 14.345
22.5 15.725
23.5 14.115
24.5 19.22
24.5 17.04
25.0 15.705
26.5 20.865
26.5 21.02
27.0 21.915
27.0 21.15
29.0 22.36
29.0 22.34
29.0 24.48
29.5 18.48
29.5 21.68
30.0 24.235
30.0 26.285
30.0 24.84
30.0 24.975
30.0 26.085
31.5 26.715
31.5 26.355
31.5 26.165
32.5 23.915
32.5 27.23
32.5 27.755
32.5 28.66
33.0 28.05
33.0 27.36
33.0 28.355
33.0 27.94
50
-66.5 -241.76
-62.0 -138.67
-45.5 -83.035
-22.0 -76.465
-22.0 -56.46
-8.5 -40.465
-5.0 -34.455
7.0 -29.165
7.0 -13.635
12.5 -10.52
16.0 2.665
16.0 4.955
19.5 9.125
22.0 9.765
24.0 14.535
24.0 16.57
24.0 17.83
27.0 19.44
27.0 15.295
27.0 17.925
28.5 18.64
28.5 20.2
28.5 23.105
29.5 20.885
29.5 22.035
30.0 17.18
30.0 17.4
30.0 20.04
30.5 23.95
31.0 22.65
31.0 23.995
31.0 25.645
31.5 24.385
31.5 24.85
32.0 23.77
32.0 27.87
32.0 26.175
32.0 26.055
32.0 27.99
32.5 27.29
32.5 28.395
32.5 26.98
32.5 27.98
32.5 29.11
32.5 28.435
32.5 27.63
33.0 26.94
33.0 28.525
33.0 26.465
33.0 25.235
50
-52.5 -244.455
-47.5 -148.37
-27.0 -97.905
-8.0 -56.44
0.5 -38.74
0.5 -31.735
3.0 -8.845
9.0 -8.6
13.5 0.385
15.5 5.06
20.0 5.32
20.0 3.065
20.0 7.985
21.0 16.275
23.0 16.72
23.5 18.86
25.0 4.355
25.0 16.1
25.0 16.92
25.5 18.365
26.0 20.27
26.0 21.77
26.0 21.575
26.0 19.775
26.5 21.505
26.5 21.355
26.5 20.655
27.0 21.715
27.0 22.68
27.5 22.29
27.5 22.27
29.0 23.895
29.0 22.675
29.0 20.415
29.5 20.225
29.5 23.865
29.5 23.12
30.0 26.165
30.5 24.965
31.0 25.705
31.0 25.99
31.5 25.3
31.5 26.065
32.5 24.92
33.0 24.55
33.0 26.695
33.0 24.425
33.0 24.85
33.0 25.445
33.5 27.165
50
-53.5 -233.485
-34.5 -115.845
-25.5 -66.665
-19.5 -54.32
-11.0 -35.235
-10.0 -25.61
2.0 -18.13
5.0 -10.68
12.0 -12.095
14.0 -0.45
14.0 1.405
14.0 6.74
16.5 5.82
18.5 5.595
18.5 9.385
19.5 10.35
20.5 11.485
22.5 14.995
22.5 16.14
23.5 16.885
26.5 17.305
27.0 17.775
29.5 18.935
29.5 18.14
31.0 20.14
31.0 22.84
31.0 24.57
32.0 22.655
32.0 26.43
32.0 24.67
32.0 24.845
32.5 25.69
32.5 23.485
33.0 27.035
33.0 27.66
33.0 25.21
33.0 28.465
33.5 28.645
33.5 26.52
33.5 26.115
33.5 27.775
33.5 19.275
34.0 20.815
34.0 22.455
34.0 28.24
34.0 29.57
34.0 27.27
34.5 29.585
34.5 29.915
34.5 27.63
50
-74.0 -223.03
-69.5 -133.705
-53.5 -92.885
-39.0 -91.67
-21.5 -69.255
-10.5 -37.69
-1.0 -38.205
4.5 -18.985
9.5 -9.56
14.5 -6.065
19.0 -21.38
19.0 0.235
23.0 11.83
24.5 15.695
26.0 16.9
26.0 19.005
27.0 18.76
27.0 21.43
27.0 16.655
27.5 5.99
27.5 18.3
28.5 22.7
29.0 19.175
29.0 22.575
29.0 23.53
29.0 24.22
29.0 24.985
30.0 23.64
30.0 24.79
30.0 22.94
30.0 23.9
31.0 25.235
31.0 26.225
31.0 23.54
31.0 20.295
31.0 22.14
31.0 23.11
31.0 22.395
31.5 25.255
31.5 24.41
32.0 26.54
32.0 27.325
32.0 25.64
32.0 25.675
32.0 26.14
32.0 27.135
32.0 26.91
32.5 27.935
32.5 24.855
32.5 24.5

Individual: [1, 2, 4, 8, 9, 11, 12, 27, 30, 31, 36, 38, 39, 44, 55, 73, 78, 81, 82, 88, 90, 93, 96, 97, 100]
   Fitness: 35.5
     Total: 25
Violations: 2 2

Individual: [1, 6, 7, 12, 16, 21, 34, 38, 43, 44, 49, 57, 59, 68, 73, 83, 88, 90, 94, 95, 96, 99]
   Fitness: 32.0
     Total: 22
Violations: 1 1

Individual: [2, 4, 9, 10, 12, 13, 19, 21, 26, 44, 47, 48, 63, 65, 66, 71, 72, 74, 80, 90, 91, 93, 98, 99]
   Fitness: 32.0
     Total: 24
Violations: 4 4

Individual: [4, 6, 7, 11, 12, 14, 15, 25, 27, 28, 33, 34, 36, 37, 71, 72, 74, 75, 79, 80, 82, 91, 94, 96, 97, 99]
   Fitness: 35.0
     Total: 26
Violations: 4 4

Individual: [2, 4, 5, 9, 10, 17, 19, 22, 23, 26, 31, 46, 63, 65, 68, 74, 76, 77, 79, 92, 94, 97, 98]
   Fitness: 34.5
     Total: 23
Violations: 0 0

Individual: [1, 4, 5, 8, 10, 11, 22, 23, 28, 29, 31, 32, 37, 44, 49, 71, 74, 79, 81, 82, 92, 95, 96]
   Fitness: 33.5
     Total: 23
Violations: 1 1

Individual: [2, 6, 7, 9, 13, 15, 25, 27, 30, 31, 34, 40, 57, 64, 69, 76, 78, 79, 85, 86, 90, 96, 97, 100]
   Fitness: 33.0
     Total: 24
Violations: 3 3

Individual: [2, 4, 5, 10, 11, 13, 14, 19, 31, 35, 53, 54, 61, 62, 64, 74, 78, 79, 85, 88, 90, 99, 100]
   Fitness: 33.5
     Total: 23
Violations: 1 1

Individual: [2, 3, 6, 7, 14, 20, 24, 31, 32, 35, 36, 43, 47, 49, 75, 81, 82, 85, 86, 93, 94, 98, 99]
   Fitness: 34.5
     Total: 23
Violations: 0 0

Individual: [2, 6, 8, 12, 30, 32, 35, 36, 44, 45, 47, 49, 57, 61, 74, 76, 81, 83, 89, 93, 94, 98, 100]
   Fitness: 32.5
     Total: 23
Violations: 2 2
