10
50
-42.0 -223.742
-42.0 -157.168
-22.5 -118.716
8.0 -93.172
8.0 -76.336
8.0 -58.542
8.0 -50.318
12.0 -36.804
12.0 -27.326
15.5 -23.154
17.0 -15.774
18.0 -9.104
19.5 -8.184
19.5 -1.578
19.5 -3.118
21.5 -1.522
21.5 -3.234
21.5 -0.264
21.5 -0.692
22.5 0.374
22.5 1.778
22.5 -0.224
22.5 -0.398
22.5 1.094
22.5 1.668
22.5 3.89
22.5 1.904
24.0 4.136
24.0 4.01
24.5 4.204
26.0 4.898
26.0 5.856
26.0 6.294
26.0 4.48
26.0 4.08
26.0 2.752
26.0 4.882
26.0 5.41
26.0 4.702
27.0 6.03
27.0 6.912
27.0 5.862
27.0 5.69
27.0 5.168
27.0 4.206
27.0 3.49
27.0 4.9
27.0 4.652
27.0 4.9
27.0 2.952
50
-69.0 -235.344
-55.5 -165.776
-12.5 -127.44
-12.5 -98.236
-12.5 -76.694
-9.5 -59.728
1.0 -47.034
9.0 -38.55
9.0 -35.71
12.0 -30.628
13.5 -24.462
13.5 -21.566
19.0 -17.748
19.0 -15.086
19.0 -13.274
19.0 -10.84
23.5 -7.568
23.5 -7.436
23.5 -4.88
23.5 -8.034
23.5 -4.114
23.5 -3.82
23.5 -2.132
23.5 -2.41
23.5 -1.656
23.5 -1.54
24.5 -2.944
24.5 -4.352
24.5 -1.104
24.5 0.234
27.0 2.23
27.0 1.992
27.0 2.04
27.0 1.374
27.0 3.918
27.0 2.762
27.0 1.242
27.0 3.0
27.0 2.526
27.0 2.29
27.0 3.452
27.0 2.604
27.0 1.014
27.0 0.014
27.0 -0.302
27.0 1.27
27.0 1.744
27.0 3.952
27.0 3.926
27.0 2.276
50
-45.5 -225.436
-41.5 -157.268
10.5 -117.78
13.5 -92.052
13.5 -68.796
13.5 -56.0
19.0 -37.972
19.0 -29.178
19.0 -19.222
20.5 -13.704
21.0 -8.562
21.5 -6.468
21.5 -2.894
21.5 -4.004
22.5 -2.986
22.5 -0.922
22.5 0.622
22.5 1.23
23.5 1.218
23.5 -0.212
23.5 2.45
25.0 0.374
25.0 -0.068
25.0 2.31
25.0 2.682
25.0 3.802
25.0 1.668
25.0 3.634
25.0 1.65
25.0 3.89
25.0 4.194
25.0 4.852
25.0 3.208
25.0 3.556
25.0 3.218
27.5 4.416
27.5 3.99
27.5 3.528
27.5 4.986
27.5 1.604
27.5 1.904
27.5 4.546
27.5 4.208
27.5 5.368
28.0 5.236
28.0 6.868
28.0 5.834
28.0 5.292
28.0 3.92
28.0 5.282
50
-47.0 -235.348
-31.0 -150.956
-21.5 -106.426
-12.5 -79.358
-10.5 -61.04
-2.0 -48.844
10.0 -39.262
10.0 -37.68
16.5 -32.682
16.5 -26.048
17.5 -19.678
20.0 -16.518
20.0 -9.918
21.0 -10.736
21.0 -4.606
21.0 -1.82
22.5 -0.788
24.0 1.77
24.0 3.094
24.5 4.428
24.5 4.88
24.5 4.462
24.5 3.898
24.5 3.064
24.5 1.368
24.5 1.928
24.5 -0.17
24.5 -0.874
24.5 -0.742
24.5 -3.586
24.5 -0.828
24.5 -0.98
25.0 -0.614
26.5 1.076
26.5 2.66
26.5 -0.582
26.5 2.298
26.5 4.084
26.5 5.208
28.5 6.064
28.5 5.422
28.5 5.932
28.5 5.044
28.5 5.794
28.5 5.21
28.5 3.878
28.5 4.03
28.5 4.51
28.5 2.774
28.5 3.898
50
-43.5 -223.908
-43.5 -157.376
-19.0 -116.126
-18.0 -91.456
-13.0 -74.94
1.5 -61.078
3.5 -50.796
10.0 -37.146
11.0 -30.704
17.0 -27.08
17.0 -21.27
17.0 -19.146
17.5 -11.098
20.5 -10.778
21.0 -6.49
21.0 -5.876
21.0 -3.124
21.0 -1.94
21.0 -1.262
21.0 1.486
22.5 0.542
22.5 0.7
22.5 1.45
22.5 2.482
23.0 3.872
23.0 1.962
23.0 1.116
23.0 2.37
23.0 2.812
23.0 2.072
23.0 1.758
24.0 1.25
24.0 3.506
24.0 2.162
24.5 4.22
24.5 4.512
26.5 3.54
26.5 5.938
26.5 5.782
26.5 7.018
26.5 3.078
26.5 4.302
26.5 3.33
26.5 4.004
26.5 2.138
26.5 2.372
26.5 3.044
30.5 3.65
30.5 2.218
30.5 2.596
50
-53.5 -227.318
-36.5 -157.738
-20.0 -116.254
-9.0 -89.298
4.0 -66.218
4.0 -50.432
12.5 -42.246
15.0 -30.766
15.5 -26.628
15.5 -23.508
16.0 -21.698
17.5 -17.776
20.0 -16.206
20.0 -10.084
20.0 -9.256
20.0 -7.524
23.0 -6.116
23.0 -5.642
23.0 -5.086
23.0 -4.596
23.0 -3.818
23.0 -2.51
23.0 -0.298
25.5 -1.458
25.5 -1.528
25.5 -2.482
25.5 -2.196
25.5 -0.672
25.5 1.85
25.5 4.762
25.5 4.428
25.5 2.784
25.5 1.782
25.5 2.96
25.5 3.044
25.5 5.268
25.5 1.236
25.5 1.144
25.5 3.876
26.0 5.1
26.0 3.336
26.0 3.086
26.0 0.858
26.5 3.542
26.5 4.592
26.5 3.512
26.5 2.832
26.5 2.768
26.5 3.212
26.5 2.508
50
-45.5 -227.516
-43.0 -152.53
-24.5 -113.458
-8.0 -94.108
-1.5 -78.012
-1.5 -56.752
5.0 -44.616
16.0 -40.146
16.0 -30.95
16.0 -26.432
16.0 -24.916
17.5 -18.896
19.5 -15.646
19.5 -12.496
20.5 -9.956
20.5 -6.736
20.5 -5.35
20.5 -7.07
21.5 -3.684
21.5 -3.072
23.5 -1.238
23.5 1.044
24.0 1.466
24.0 0.824
24.0 0.692
24.0 1.83
24.0 0.702
24.0 3.322
24.5 1.362
24.5 0.284
24.5 1.118
24.5 1.982
24.5 5.012
24.5 6.052
24.5 3.064
27.0 2.146
27.0 4.436
27.0 2.344
27.0 2.262
27.0 5.58
27.0 4.76
27.0 1.428
27.0 0.852
27.0 3.662
27.0 1.802
27.0 2.338
27.0 2.652
27.0 2.276
27.0 1.366
27.0 2.514
50
-41.5 -225.176
-37.5 -154.838
-8.0 -113.768
-3.5 -88.1
-1.0 -62.336
1.5 -47.122
8.5 -37.274
8.5 -27.026
10.0 -21.914
15.5 -20.236
18.0 -16.516
19.5 -13.018
22.5 -9.204
22.5 -5.426
22.5 -4.014
22.5 -4.772
22.5 -2.694
22.5 -2.592
22.5 -2.472
22.5 0.402
22.5 -1.014
23.0 0.02
23.0 -0.318
23.0 0.218
23.0 1.014
23.0 -1.298
23.0 -1.938
25.5 -0.918
25.5 0.452
25.5 0.96
25.5 0.13
25.5 1.118
25.5 -1.224
25.5 -0.356
25.5 2.672
25.5 3.318
25.5 2.212
25.5 4.572
25.5 2.622
25.5 1.536
25.5 1.162
25.5 4.678
25.5 5.114
28.0 4.072
28.0 3.176
28.0 2.068
28.0 3.478
28.0 5.848
29.5 5.942
29.5 1.768
50
-63.0 -227.942
-43.5 -155.84
-43.5 -115.476
-23.0 -100.764
-20.0 -77.718
-3.0 -67.822
-3.0 -56.214
13.5 -42.262
13.5 -32.464
13.5 -26.872
18.0 -20.67
22.0 -16.348
22.0 -12.936
22.0 -8.096
22.0 -6.184
22.0 -6.938
22.0 -3.726
24.5 -5.854
24.5 -8.348
24.5 -7.498
24.5 -4.526
24.5 -2.586
24.5 -2.87
25.5 -4.33
25.5 -2.214
25.5 -2.74
25.5 -2.4
25.5 -1.668
26.0 -0.368
26.0 -0.24
26.0 0.578
26.0 -1.642
26.0 -0.388
26.5 0.656
26.5 -1.842
26.5 -0.266
26.5 0.714
26.5 -0.264
26.5 -0.468
26.5 0.384
26.5 -0.808
29.5 -0.938
29.5 -0.226
29.5 0.482
29.5 0.09
29.5 2.75
29.5 1.276
29.5 -0.082
29.5 0.406
29.5 2.822
50
-44.0 -234.308
-28.5 -160.186
-27.0 -121.944
-15.5 -85.962
-5.5 -67.668
7.5 -50.416
10.5 -40.588
11.0 -33.712
16.0 -29.28
18.5 -23.588
18.5 -16.728
18.5 -10.342
21.5 -8.064
21.5 -5.31
21.5 -3.656
21.5 -2.426
24.0 0.826
24.0 0.076
24.0 0.326
24.0 1.802
24.0 3.256
24.0 3.158
24.0 2.868
24.0 1.314
24.0 2.588
24.5 1.982
24.5 2.318
24.5 4.08
24.5 4.52
24.5 3.124
26.0 4.028
26.0 4.58
26.0 4.158
26.0 2.998
26.0 4.818
26.0 3.598
26.0 3.108
26.5 3.264
26.5 2.276
26.5 2.538
26.5 0.658
26.5 0.87
26.5 -2.106
26.5 -0.342
26.5 -1.356
26.5 -3.688
26.5 0.106
26.5 1.256
26.5 2.692
26.5 2.58

Individual: [2, 3, 5, 9, 18, 20, 28, 41, 53, 59, 63, 66, 70, 72, 75, 82, 90, 95, 96, 99]
   Fitness: 27.0
     Total: 20
Violations: 3 3

Individual: [3, 5, 7, 16, 18, 21, 22, 30, 38, 49, 56, 66, 72, 75, 79, 87, 89, 96, 97, 100]
   Fitness: 27.0
     Total: 20
Violations: 3 3

Individual: [1, 2, 3, 7, 8, 9, 22, 24, 25, 29, 32, 33, 34, 38, 70, 76, 79, 80, 87, 91, 92, 100]
   Fitness: 28.0
     Total: 22
Violations: 5 4

Individual: [3, 4, 8, 10, 13, 15, 24, 28, 29, 32, 36, 38, 67, 72, 73, 78, 85, 90, 91, 93, 94, 99, 100]
   Fitness: 28.5
     Total: 23
Violations: 6 5

Individual: [4, 8, 9, 13, 19, 20, 26, 28, 38, 42, 51, 69, 70, 73, 78, 79, 84, 91, 92, 96, 97]
   Fitness: 30.5
     Total: 21
Violations: 1 1

Individual: [1, 2, 4, 5, 8, 10, 19, 20, 26, 27, 31, 62, 63, 64, 67, 74, 76, 78, 84, 87, 88, 91, 97]
   Fitness: 26.5
     Total: 23
Violations: 8 7

Individual: [3, 4, 6, 8, 15, 19, 25, 28, 29, 32, 38, 62, 65, 67, 70, 74, 81, 87, 88, 90, 94, 97]
   Fitness: 27.0
     Total: 22
Violations: 6 5

Individual: [1, 3, 9, 12, 14, 17, 28, 29, 32, 33, 41, 59, 66, 74, 75, 78, 80, 83, 84, 93, 95, 96, 98]
   Fitness: 29.5
     Total: 23
Violations: 5 5

Individual: [1, 4, 10, 13, 15, 18, 21, 28, 30, 31, 36, 37, 40, 42, 66, 74, 76, 81, 84, 85, 91, 93, 97, 98, 100]
   Fitness: 29.5
     Total: 25
Violations: 8 6

Individual: [3, 4, 5, 6, 9, 16, 19, 24, 25, 38, 53, 60, 63, 64, 65, 76, 80, 84, 85, 86, 93, 94, 98]
   Fitness: 26.5
     Total: 23
Violations: 8 7
