10
500
-43.5 -229.532
-26.0 -115.472
-14.5 -68.886
6.0 -41.948
14.0 -24.45
15.0 -8.161
21.0 3.507
21.0 9.529
24.5 13.531
26.5 16.618
26.5 18.979
26.5 21.027
26.5 22.046
27.5 22.993
28.5 23.578
29.0 24.386
29.0 24.626
29.5 24.928
30.0 25.348
31.5 25.451
31.5 25.862
32.5 26.684
33.5 26.448
33.5 27.518
33.5 28.49
34.0 29.272
34.0 30.33
34.0 30.779
34.5 31.187
34.5 31.294
34.5 31.31
34.5 31.417
34.5 31.793
34.5 31.062
34.5 31.237
34.5 31.623
34.5 32.09
34.5 31.467
34.5 31.791
34.5 31.682
34.5 31.894
34.5 31.719
34.5 31.709
34.5 31.607
34.5 31.75
34.5 31.867
34.5 31.854
34.5 32.106
34.5 31.57
34.5 31.507
34.5 31.555
34.5 31.639
34.5 31.934
34.5 31.756
34.5 31.952
34.5 31.846
34.5 31.658
34.5 31.656
34.5 31.862
34.5 31.81
34.5 31.979
34.5 31.783
34.5 31.72
34.5 31.601
34.5 31.623
34.5 32.05
34.5 31.855
34.5 32.303
34.5 31.864
34.5 31.934
34.5 32.029
34.5 31.907
34.5 31.723
34.5 31.405
34.5 31.77
34.5 31.375
34.5 31.969
34.5 31.891
34.5 31.495
34.5 31.739
34.5 32.0
34.5 31.847
34.5 32.206
34.5 31.864
34.5 31.572
34.5 31.629
34.5 31.595
34.5 31.82
34.5 31.683
34.5 31.833
34.5 31.538
34.5 32.1
34.5 31.97
34.5 31.735
34.5 31.352
34.5 31.338
34.5 31.598
34.5 31.96
34.5 31.985
34.5 31.847
34.5 31.914
34.5 31.476
34.5 31.644
34.5 31.643
34.5 31.344
34.5 31.514
34.5 31.921
34.5 31.417
34.5 31.874
34.5 31.53
34.5 31.992
34.5 31.703
34.5 31.882
34.5 31.389
34.5 31.628
34.5 32.052
34.5 31.565
34.5 31.697
34.5 32.1
34.5 31.987
34.5 31.782
34.5 31.557
34.5 31.932
34.5 31.925
34.5 31.883
34.5 31.575
34.5 31.581
34.5 31.863
34.5 31.585
34.5 31.682
34.5 31.66
34.5 32.006
34.5 31.816
34.5 31.945
34.5 31.755
34.5 31.908
34.5 31.976
34.5 31.923
34.5 31.413
34.5 31.88
34.5 31.61
34.5 31.557
34.5 31.724
34.5 31.601
34.5 31.692
34.5 31.634
34.5 31.636
34.5 31.951
34.5 31.932
34.5 31.669
34.5 31.958
34.5 31.486
34.5 31.859
34.5 31.908
34.5 32.059
34.5 31.953
34.5 31.732
34.5 31.723
34.5 31.736
34.5 31.629
34.5 31.945
34.5 31.405
34.5 32.112
34.5 31.391
34.5 31.87
34.5 32.007
34.5 32.001
34.5 31.438
34.5 31.588
34.5 31.602
34.5 31.866
34.5 31.957
34.5 31.93
34.5 32.302
34.5 31.653
34.5 31.907
34.5 31.661
34.5 32.219
34.5 31.8
34.5 31.461
34.5 32.013
34.5 31.618
34.5 32.037
34.5 31.757
34.5 31.289
34.5 31.591
34.5 31.47
34.5 31.566
34.5 32.042
34.5 31.632
34.5 31.564
34.5 31.754
34.5 32.117
34.5 31.903
34.5 31.846
34.5 31.932
34.5 31.944
34.5 31.693
34.5 31.724
34.5 31.833
34.5 31.766
34.5 31.336
34.5 31.823
34.5 31.622
34.5 31.565
34.5 31.316
34.5 31.819
34.5 31.853
34.5 31.68
34.5 32.118
34.5 31.98
34.5 31.875
34.5 32.16
34.5 32.207
34.5 31.642
34.5 32.155
34.5 31.947
34.5 31.645
34.5 31.739
34.5 31.553
34.5 32.191
34.5 31.95
34.5 32.015
34.5 32.129
34.5 32.134
34.5 31.997
34.5 31.91
34.5 31.888
34.5 31.834
34.5 31.97
34.5 31.812
34.5 31.457
34.5 31.887
34.5 31.662
34.5 31.878
34.5 31.762
34.5 31.921
34.5 31.822
34.5 31.875
34.5 31.845
34.5 31.804
34.5 31.811
34.5 31.746
34.5 32.177
34.5 31.925
34.5 31.957
34.5 31.979
34.5 31.995
34.5 32.155
34.5 31.821
34.5 31.631
34.5 31.844
34.5 32.023
34.5 31.939
34.5 31.873
34.5 31.705
34.5 31.967
34.5 31.896
34.5 31.737
34.5 31.968
34.5 31.767
34.5 31.542
34.5 31.525
34.5 31.542
34.5 31.754
34.5 31.639
34.5 31.553
34.5 31.877
34.5 31.831
34.5 31.689
34.5 31.81
34.5 31.77
34.5 31.695
34.5 32.164
34.5 31.874
34.5 31.608
34.5 31.682
34.5 31.945
34.5 31.292
34.5 31.667
34.5 32.143
34.5 31.785
34.5 32.246
34.5 31.709
34.5 31.634
34.5 31.922
34.5 31.74
34.5 31.984
34.5 32.068
34.5 31.713
34.5 32.167
34.5 31.974
34.5 31.73
34.5 31.917
34.5 31.671
34.5 31.639
34.5 31.829
34.5 31.922
34.5 31.811
34.5 31.638
34.5 31.907
34.5 31.665
34.5 31.915
34.5 31.675
34.5 31.743
34.5 31.677
34.5 32.047
34.5 31.778
34.5 31.897
34.5 31.719
34.5 31.771
34.5 31.84
34.5 31.78
34.5 31.701
34.5 31.936
34.5 31.513
34.5 31.903
34.5 32.263
34.5 32.043
34.5 31.277
34.5 31.566
34.5 32.216
34.5 31.521
34.5 31.621
34.5 31.764
34.5 31.495
34.5 31.667
34.5 31.892
34.5 31.542
34.5 31.835
34.5 31.682
34.5 32.032
34.5 31.98
34.5 32.062
34.5 31.915
34.5 31.922
34.5 31.561
34.5 31.982
34.5 31.479
34.5 31.243
34.5 31.52
34.5 31.442
34.5 31.538
34.5 31.504
34.5 32.003
34.5 31.884
34.5 31.764
34.5 31.717
34.5 32.052
34.5 31.97
34.5 31.961
34.5 31.729
34.5 31.815
34.5 32.061
34.5 31.755
34.5 31.611
34.5 31.754
34.5 31.177
34.5 31.522
34.5 31.59
34.5 32.113
34.5 32.037
34.5 31.948
34.5 31.655
34.5 32.007
34.5 31.561
34.5 31.801
34.5 31.54
34.5 31.73
34.5 31.859
34.5 31.955
34.5 31.622
34.5 31.774
34.5 31.707
34.5 31.854
34.5 31.779
34.5 31.527
34.5 31.348
34.5 32.204
34.5 32.058
34.5 31.66
34.5 31.915
34.5 31.828
34.5 32.222
34.5 31.962
34.5 31.887
34.5 31.839
34.5 32.003
34.5 31.868
34.5 31.482
34.5 31.484
34.5 31.795
34.5 32.139
34.5 31.595
34.5 31.427
34.5 31.646
34.5 32.219
34.5 31.74
34.5 31.997
34.5 31.905
34.5 32.097
34.5 31.777
34.5 31.683
34.5 31.668
34.5 32.003
34.5 32.274
34.5 32.059
34.5 31.91
34.5 31.875
35.0 31.584
35.0 31.67
35.0 31.668
35.0 31.854
35.0 31.735
35.0 31.754
35.0 31.657
35.0 31.932
35.0 31.58
35.0 31.476
35.0 31.233
35.0 32.017
35.0 32.071
35.0 32.173
35.0 32.227
35.0 32.233
35.0 32.532
35.0 31.998
35.0 32.245
35.0 32.08
35.0 32.267
35.0 32.252
35.0 32.632
35.0 32.531
35.0 32.36
35.0 32.1
35.0 32.049
35.0 31.827
35.0 32.066
35.0 32.219
35.0 32.307
35.0 32.392
35.0 32.572
35.0 32.277
35.0 32.37
35.0 31.886
35.0 32.04
35.0 31.867
35.0 31.871
35.0 32.262
35.0 32.236
35.0 32.291
35.0 32.391
35.0 32.436
35.0 32.357
35.0 32.378
35.0 32.514
35.0 32.195
35.0 32.305
35.0 31.913
35.0 32.268
35.0 32.273
35.0 31.883
35.0 32.259
35.0 32.267
35.0 32.419
35.0 32.332
35.0 32.417
35.0 32.323
35.0 32.512
35.0 32.327
35.0 32.249
35.0 32.059
35.0 32.239
35.0 32.109
35.0 31.631
35.0 32.465
35.0 31.876
35.0 32.124
35.0 32.301
35.0 32.412
35.0 32.108
35.0 31.657
35.0 32.175
35.0 32.409
35.0 32.114
35.0 32.244
35.0 32.225
35.0 32.352
35.0 31.906
35.0 32.256
35.0 32.425
35.0 32.028
35.0 32.356
35.0 32.455
35.0 32.065
35.0 32.059
35.0 32.165
35.0 32.491
35.0 32.345
35.0 32.092
500
-59.5 -231.781
-30.0 -113.043
-12.5 -69.255
4.5 -40.716
13.5 -22.254
14.0 -7.495
17.5 0.907
21.5 8.413
21.5 11.728
23.5 15.163
25.0 17.12
25.5 19.041
26.5 20.141
26.5 20.942
27.5 22.007
29.5 22.969
29.5 23.731
30.5 24.604
30.5 25.05
30.5 25.331
31.0 26.089
31.5 26.192
31.5 26.897
32.0 26.691
33.0 27.829
33.5 28.188
33.5 28.816
34.0 29.098
35.0 29.58
35.0 30.302
35.0 30.379
35.0 30.717
35.0 31.259
35.0 31.29
35.0 32.283
35.0 32.43
35.0 32.606
35.0 32.456
35.0 32.51
35.0 32.72
35.0 32.808
35.0 32.484
35.0 32.775
35.0 32.596
35.0 33.009
35.0 32.739
35.0 32.59
35.0 32.624
35.0 32.326
35.0 32.838
35.0 32.876
35.0 32.375
35.0 32.887
35.0 32.742
35.0 32.709
35.0 32.954
35.0 32.687
35.0 32.931
35.0 33.054
35.0 32.964
35.0 33.033
35.0 32.774
35.0 32.406
35.0 32.806
35.0 32.823
35.0 32.466
35.0 32.376
35.0 32.728
35.0 32.974
35.0 32.778
35.0 32.789
35.0 32.879
35.0 32.722
35.0 32.885
35.0 32.884
35.0 32.604
35.0 32.749
35.0 32.697
35.0 32.212
35.0 32.857
35.0 32.718
35.0 32.634
35.0 32.778
35.0 32.684
35.0 32.807
35.0 32.715
35.0 32.288
35.0 32.778
35.0 32.842
35.0 32.594
35.0 32.772
35.0 33.195
35.0 32.611
35.0 32.44
35.0 32.414
35.0 32.495
35.0 32.467
35.0 32.633
35.0 32.837
35.0 33.137
35.0 32.802
35.0 32.79
35.0 32.517
35.0 32.558
35.0 32.535
35.0 32.397
35.0 32.174
35.0 32.582
35.0 32.512
35.0 32.619
35.0 32.728
35.0 32.499
35.0 32.627
35.0 32.217
35.0 32.161
35.0 32.86
35.0 32.964
35.0 32.591
35.0 32.904
35.0 32.708
35.0 32.46
35.0 32.713
35.0 32.695
35.0 32.844
35.0 32.836
35.0 32.222
35.0 32.383
35.0 32.619
35.0 32.775
35.0 32.646
35.0 31.961
35.0 32.506
35.0 32.506
35.0 32.912
35.0 32.71
35.0 32.521
35.0 32.549
35.0 32.423
35.0 32.49
35.0 32.166
35.0 32.809
35.0 32.711
35.0 32.405
35.0 32.749
35.0 32.231
35.0 32.807
35.0 32.817
35.0 32.943
35.0 32.718
35.0 32.376
35.0 32.616
35.0 32.445
35.0 32.81
35.0 32.669
35.0 32.394
35.0 32.744
35.0 32.947
35.0 32.348
35.0 32.411
35.0 32.49
35.0 32.674
35.0 32.547
35.0 32.677
35.0 32.676
35.0 32.616
35.0 32.621
35.0 32.369
35.0 32.362
35.0 32.743
35.0 32.536
35.0 32.876
35.0 32.52
35.0 32.681
35.0 32.965
35.0 32.988
35.0 32.6
35.0 32.431
35.0 32.434
35.0 32.543
35.0 32.837
35.0 32.637
35.0 32.65
35.0 32.696
35.0 32.758
35.0 32.57
35.0 32.62
35.0 32.941
35.0 32.755
35.0 32.957
35.0 32.697
35.0 32.493
35.0 32.777
35.0 32.465
35.0 32.358
35.0 32.904
35.0 32.442
35.0 32.458
35.0 32.903
35.0 32.671
35.0 32.641
35.0 32.714
35.0 32.542
35.0 32.72
35.0 32.735
35.0 32.681
35.0 32.577
35.0 32.919
35.0 32.79
35.0 32.816
35.0 32.865
35.0 32.677
35.0 33.054
35.0 32.628
35.0 32.601
35.0 32.983
35.0 32.454
35.0 32.605
35.0 32.764
35.0 32.381
35.0 32.878
35.0 32.63
35.0 32.952
35.0 32.679
35.0 32.317
35.0 32.335
35.0 32.35
35.0 32.493
35.0 32.647
35.0 32.596
35.0 32.661
35.0 32.795
35.0 32.151
35.0 32.509
35.0 32.589
35.0 32.499
35.0 33.011
35.0 32.478
35.0 32.115
35.0 32.524
35.0 32.295
35.0 32.596
35.0 32.635
35.0 32.834
35.0 32.797
35.0 32.463
35.0 32.416
35.0 32.842
35.0 32.783
35.0 32.365
35.0 32.793
35.0 32.959
35.0 32.445
35.0 32.707
35.0 32.763
35.0 32.85
35.0 32.641
35.0 32.18
35.0 32.75
35.0 32.377
35.0 32.894
35.0 32.806
35.0 32.563
35.0 32.321
35.0 32.719
35.0 32.364
35.0 32.728
35.0 32.806
35.0 32.756
35.0 32.651
35.0 32.571
35.0 32.407
35.0 32.724
35.0 32.684
35.0 32.974
35.0 32.707
35.0 32.414
35.0 32.75
35.0 32.684
35.0 32.774
35.0 32.993
35.0 32.519
35.0 32.682
35.0 32.278
35.0 32.929
35.0 32.735
35.0 32.925
35.0 32.739
35.0 32.68
35.0 32.584
35.0 32.802
35.0 33.027
35.0 32.902
35.0 32.8
35.0 33.018
35.0 32.582
35.0 32.509
35.0 32.786
35.0 32.921
35.0 32.879
35.0 32.184
35.0 32.892
35.0 32.435
35.0 32.211
35.0 32.53
35.0 32.549
35.0 32.292
35.0 32.76
35.0 32.401
35.0 32.975
35.0 32.74
35.0 32.904
35.0 32.849
35.0 32.54
35.0 32.729
35.0 32.871
35.0 32.747
35.0 32.792
35.0 32.684
35.0 32.592
35.0 32.505
35.0 32.956
35.0 32.902
35.0 32.717
35.0 32.688
35.0 32.824
35.0 32.799
35.0 32.816
35.0 32.647
35.0 32.515
35.0 32.749
35.0 32.571
35.0 32.229
35.0 32.891
35.0 32.65
35.0 32.324
35.0 32.774
35.0 32.645
35.0 32.743
35.0 32.416
35.0 32.483
35.0 32.313
35.0 32.937
35.0 32.736
35.0 32.631
35.0 32.65
35.0 32.669
35.0 32.53
35.0 32.689
35.0 32.554
35.0 32.617
35.0 32.478
35.0 32.793
35.0 32.826
35.0 32.712
35.0 32.4
35.0 32.921
35.0 32.853
35.0 32.754
35.0 32.334
35.0 32.691
35.0 32.543
35.0 32.742
35.0 32.975
35.0 32.712
35.0 33.112
35.0 32.598
35.0 32.899
35.0 32.541
35.0 32.389
35.0 32.753
35.0 32.954
35.0 33.009
35.0 32.798
35.0 32.668
35.0 32.644
35.0 32.743
35.0 32.903
35.0 32.51
35.0 32.635
35.0 32.963
35.0 32.341
35.0 32.987
35.0 32.577
35.0 32.661
35.0 32.841
35.0 32.729
35.0 32.808
35.0 32.782
35.0 32.782
35.0 32.535
35.0 32.333
35.0 32.146
35.0 32.317
35.0 32.775
35.0 32.41
35.0 32.519
35.0 32.689
35.0 32.945
35.0 32.454
35.0 32.487
35.0 32.547
35.0 32.502
35.0 32.715
35.0 32.797
35.0 32.552
35.0 32.42
35.0 32.623
35.0 32.913
35.0 32.676
35.0 32.491
35.0 32.632
35.0 32.863
35.0 33.006
35.0 32.625
35.0 32.586
35.0 32.637
35.0 32.685
35.0 32.599
35.0 32.705
35.0 32.499
35.0 32.576
35.0 32.491
35.0 32.005
35.0 32.425
35.0 32.61
35.0 32.769
35.0 32.71
35.0 32.567
35.0 32.389
35.0 32.974
35.0 32.848
35.0 33.046
35.0 32.817
35.0 32.525
35.0 32.548
35.0 32.751
35.0 32.783
35.0 32.462
35.0 32.45
35.0 32.779
35.0 32.54
35.0 32.011
35.0 32.452
35.0 32.587
35.0 31.906
35.0 32.547
35.0 32.381
35.0 32.617
35.0 32.699
35.0 32.831
35.0 32.682
35.0 32.369
35.0 32.684
35.0 32.313
35.0 32.309
35.0 32.567
35.0 32.635
35.0 32.721
35.0 32.882
35.0 32.6
35.0 32.649
35.0 32.587
35.0 32.481
35.0 32.694
35.0 32.639
35.0 32.735
35.0 32.554
35.0 32.458
35.0 32.739
35.0 32.691
35.0 32.105
35.0 32.317
35.0 32.949
35.0 32.966
35.0 32.395
35.0 32.683
35.0 32.51
35.0 32.78
35.0 32.635
35.0 32.816
35.0 32.747
35.0 32.812
35.0 32.231
35.0 32.217
35.0 32.793
35.0 32.464
35.0 32.147
35.0 32.671
35.0 32.207
35.0 32.724
35.0 32.595
35.0 32.695
35.0 32.694
35.0 32.582
35.0 32.577
35.0 32.887
35.0 33.006
35.0 32.702
35.0 32.937
35.0 32.888
500
-53.5 -226.673
-35.0 -115.032
-13.0 -67.976
-3.0 -44.897
14.5 -24.907
16.0 -9.613
19.5 4.57
22.5 11.354
22.5 14.975
25.5 17.748
26.0 19.649
27.0 20.953
27.5 22.092
29.0 22.991
29.0 24.048
30.5 24.924
31.0 25.716
31.5 26.593
32.0 27.093
32.0 28.463
32.5 28.887
33.5 29.076
33.5 29.295
34.0 30.05
34.0 29.942
34.0 30.141
34.0 30.922
34.5 30.699
34.5 31.425
34.5 31.332
34.5 31.185
34.5 31.417
34.5 31.634
34.5 31.928
34.5 31.946
34.5 31.796
34.5 31.919
34.5 31.906
34.5 31.733
34.5 31.752
34.5 31.821
34.5 31.793
34.5 31.689
34.5 31.838
34.5 32.0
34.5 32.155
34.5 31.798
34.5 31.872
34.5 31.731
34.5 32.23
34.5 31.635
34.5 31.828
34.5 31.634
34.5 31.561
34.5 31.906
34.5 31.645
34.5 31.918
34.5 31.851
34.5 31.444
34.5 31.94
34.5 31.955
34.5 31.71
34.5 31.641
34.5 31.956
34.5 31.524
34.5 31.631
34.5 31.922
34.5 31.994
34.5 31.646
34.5 31.751
34.5 32.047
34.5 31.3
34.5 31.593
34.5 31.773
34.5 31.65
34.5 31.903
34.5 32.221
34.5 31.663
34.5 32.093
34.5 31.663
34.5 31.556
34.5 32.001
34.5 31.926
34.5 31.879
34.5 31.979
34.5 31.987
34.5 31.947
34.5 31.857
34.5 31.72
34.5 31.873
34.5 31.455
34.5 31.806
34.5 31.87
34.5 31.897
34.5 31.934
34.5 32.05
34.5 31.893
34.5 31.834
34.5 31.67
34.5 31.435
34.5 31.625
34.5 31.525
34.5 31.425
34.5 31.53
34.5 31.8
34.5 31.99
34.5 31.719
34.5 31.542
34.5 31.246
34.5 32.012
34.5 31.864
34.5 31.881
34.5 31.441
34.5 31.725
34.5 32.129
34.5 32.328
34.5 31.92
34.5 31.805
34.5 31.848
34.5 32.043
34.5 31.693
34.5 31.645
34.5 31.543
34.5 31.874
34.5 31.714
34.5 31.881
34.5 31.806
34.5 31.93
34.5 31.885
34.5 31.864
34.5 31.685
34.5 32.112
34.5 31.785
34.5 31.881
34.5 31.93
34.5 31.623
34.5 31.635
34.5 31.846
34.5 31.854
34.5 31.931
34.5 31.848
34.5 32.216
34.5 31.535
34.5 31.81
34.5 31.372
34.5 32.359
34.5 32.124
34.5 31.945
34.5 31.909
34.5 32.017
34.5 31.593
34.5 32.221
34.5 31.641
34.5 31.619
34.5 31.635
34.5 31.889
34.5 31.659
34.5 31.929
34.5 31.482
34.5 31.94
34.5 31.893
34.5 31.903
34.5 31.484
34.5 32.142
34.5 31.7
34.5 31.815
34.5 31.7
34.5 31.886
34.5 32.033
34.5 31.774
34.5 31.813
34.5 31.733
34.5 31.53
34.5 31.955
34.5 32.025
34.5 31.904
34.5 31.694
34.5 31.998
34.5 31.336
34.5 31.667
34.5 32.18
34.5 32.111
34.5 31.748
34.5 31.931
34.5 31.722
34.5 31.672
34.5 31.793
34.5 32.069
34.5 32.209
34.5 31.881
34.5 31.28
34.5 31.741
34.5 31.795
34.5 31.727
34.5 31.999
34.5 31.705
34.5 31.678
34.5 31.886
34.5 31.632
34.5 31.607
34.5 31.795
34.5 32.316
34.5 31.705
34.5 31.506
34.5 31.774
34.5 31.844
34.5 31.585
34.5 31.829
34.5 32.052
34.5 31.924
34.5 31.941
34.5 31.877
34.5 31.921
34.5 31.966
34.5 31.795
34.5 31.706
34.5 31.625
34.5 32.167
34.5 31.722
34.5 31.867
34.5 31.683
34.5 32.077
34.5 31.974
34.5 31.727
34.5 31.937
34.5 31.952
34.5 31.907
34.5 31.987
34.5 31.86
34.5 31.969
34.5 31.872
34.5 31.883
34.5 31.887
34.5 31.235
34.5 31.706
34.5 32.116
34.5 31.626
34.5 31.569
34.5 31.384
34.5 31.941
34.5 31.803
34.5 31.93
34.5 32.168
34.5 31.951
34.5 31.683
34.5 31.626
34.5 32.159
34.5 32.036
34.5 32.093
34.5 31.486
34.5 31.804
34.5 31.967
34.5 31.856
34.5 32.234
34.5 31.613
34.5 31.762
34.5 31.406
34.5 31.919
34.5 31.938
34.5 32.086
34.5 32.133
34.5 32.08
34.5 31.642
34.5 31.747
34.5 31.658
34.5 31.489
34.5 31.519
34.5 31.761
34.5 31.533
34.5 31.84
34.5 31.921
34.5 31.781
34.5 32.193
34.5 31.866
34.5 31.442
34.5 32.274
34.5 32.027
34.5 31.939
34.5 31.723
34.5 31.88
34.5 31.518
34.5 31.434
34.5 31.882
34.5 32.192
34.5 31.227
34.5 31.848
34.5 31.914
34.5 31.955
34.5 31.79
34.5 32.015
34.5 31.961
34.5 31.981
34.5 31.933
34.5 31.98
34.5 31.999
34.5 32.354
34.5 32.059
34.5 31.787
34.5 31.725
34.5 31.908
34.5 31.674
34.5 32.092
34.5 31.587
34.5 31.287
34.5 31.996
34.5 31.694
34.5 31.799
34.5 32.027
34.5 31.645
34.5 32.182
34.5 31.954
34.5 32.096
34.5 31.902
34.5 31.799
34.5 31.631
34.5 31.565
34.5 32.134
34.5 31.538
34.5 31.406
34.5 31.858
34.5 32.229
34.5 31.497
34.5 31.638
34.5 31.279
34.5 31.662
34.5 31.699
34.5 31.887
34.5 31.815
34.5 31.97
34.5 31.805
34.5 31.69
34.5 32.166
34.5 31.6
34.5 31.884
34.5 31.89
34.5 31.423
34.5 32.092
34.5 31.921
34.5 31.825
34.5 31.829
34.5 32.101
34.5 32.049
34.5 31.793
34.5 31.499
34.5 31.839
34.5 31.69
34.5 31.288
34.5 31.654
34.5 32.148
34.5 31.841
34.5 31.585
34.5 31.771
34.5 32.001
34.5 31.786
34.5 31.914
34.5 31.916
34.5 31.714
34.5 31.715
34.5 32.03
34.5 31.571
34.5 31.889
34.5 31.553
34.5 31.881
34.5 31.715
34.5 31.583
34.5 31.931
34.5 31.896
34.5 31.986
34.5 31.772
34.5 31.644
34.5 32.238
34.5 31.965
34.5 31.644
34.5 31.536
34.5 31.965
34.5 31.612
34.5 31.763
34.5 31.639
34.5 32.221
34.5 31.965
34.5 32.037
34.5 31.892
34.5 31.869
34.5 32.215
34.5 31.723
34.5 31.854
34.5 31.877
34.5 31.865
34.5 31.636
34.5 31.649
34.5 31.926
34.5 31.965
34.5 31.727
34.5 31.707
34.5 31.847
34.5 31.688
34.5 31.603
34.5 31.929
34.5 31.763
34.5 32.069
34.5 31.846
34.5 31.939
34.5 31.705
34.5 31.838
34.5 32.032
34.5 32.141
34.5 32.011
34.5 31.611
34.5 31.853
34.5 32.162
34.5 31.91
34.5 31.543
34.5 31.406
34.5 31.479
34.5 32.012
34.5 31.728
34.5 31.611
34.5 31.646
34.5 31.659
34.5 32.025
34.5 31.751
34.5 31.997
34.5 31.667
34.5 31.584
34.5 31.726
34.5 31.727
34.5 31.014
34.5 31.594
34.5 31.949
34.5 31.757
34.5 31.918
34.5 31.8
34.5 31.261
34.5 31.716
34.5 31.905
34.5 32.075
34.5 31.922
34.5 31.603
34.5 31.476
34.5 31.381
34.5 31.907
34.5 31.716
34.5 31.721
34.5 31.756
34.5 31.9
34.5 31.963
34.5 31.984
34.5 31.83
34.5 31.92
34.5 32.041
34.5 31.847
34.5 31.92
34.5 31.734
34.5 31.659
34.5 31.79
34.5 31.852
34.5 32.092
34.5 31.854
34.5 31.868
34.5 31.788
34.5 31.913
34.5 32.114
34.5 31.97
34.5 31.782
34.5 31.65
34.5 31.719
34.5 31.562
34.5 31.573
34.5 31.699
34.5 31.778
34.5 31.758
34.5 31.789
34.5 31.584
34.5 31.841
34.5 31.543
34.5 32.162
34.5 31.772
34.5 31.754
34.5 31.723
34.5 31.297
34.5 31.348
34.5 31.767
34.5 31.88
34.5 31.767
34.5 31.676
34.5 31.744
34.5 31.731
34.5 32.23
34.5 31.984
34.5 32.322
34.5 32.067
34.5 31.777
34.5 31.679
34.5 31.854
34.5 32.055
34.5 31.848
34.5 31.965
34.5 31.971
34.5 31.707
34.5 31.944
500
-53.0 -236.08
-31.0 -119.505
-11.5 -71.424
-5.5 -40.14
6.5 -23.751
12.5 -12.347
17.5 -1.954
20.5 5.265
21.5 10.873
22.5 14.924
24.5 18.191
25.0 19.935
26.5 20.885
27.0 21.748
28.0 23.112
29.0 23.507
29.0 24.279
30.0 24.265
30.5 25.672
30.5 26.285
31.0 26.674
31.5 27.16
31.5 27.515
32.0 28.0
32.5 28.464
33.0 28.67
33.0 28.515
33.5 29.335
34.0 29.967
34.0 29.577
34.5 30.242
34.5 30.2
34.5 31.038
34.5 31.161
35.0 31.603
35.0 31.87
35.0 31.79
35.0 32.021
35.0 32.502
35.0 32.078
35.0 31.68
35.0 32.367
35.0 32.43
35.0 32.378
35.0 32.96
35.0 32.977
35.0 32.657
35.0 32.833
35.0 32.444
35.0 32.809
35.0 32.578
35.0 32.518
35.0 32.864
35.0 32.813
35.0 32.768
35.0 32.921
35.0 32.34
35.0 32.758
35.0 32.668
35.0 32.563
35.0 32.792
35.0 32.772
35.0 32.549
35.0 32.788
35.0 32.722
35.0 32.754
35.0 32.569
35.0 32.514
35.0 32.361
35.0 32.743
35.0 32.915
35.0 32.767
35.0 32.609
35.0 32.86
35.0 32.463
35.0 32.935
35.0 32.919
35.0 31.893
35.0 32.451
35.0 33.032
35.0 32.649
35.0 32.891
35.0 32.722
35.0 32.995
35.0 32.757
35.0 32.589
35.0 32.719
35.0 33.079
35.0 32.26
35.0 32.421
35.0 32.24
35.0 32.828
35.0 32.885
35.0 32.752
35.0 32.734
35.0 32.628
35.0 32.487
35.0 32.736
35.0 32.793
35.0 32.567
35.0 32.529
35.0 32.328
35.0 32.566
35.0 32.6
35.0 32.517
35.0 32.339
35.0 32.397
35.0 32.273
35.0 32.483
35.0 32.789
35.0 32.804
35.0 32.646
35.0 32.445
35.0 32.997
35.0 32.796
35.0 32.532
35.0 32.835
35.0 32.913
35.0 32.283
35.0 32.767
35.0 33.02
35.0 32.97
35.0 32.804
35.0 32.283
35.0 32.882
35.0 32.935
35.0 32.57
35.0 32.755
35.0 32.617
35.0 32.347
35.0 32.287
35.0 32.271
35.0 32.52
35.0 32.788
35.0 32.652
35.0 32.37
35.0 32.276
35.0 32.289
35.0 32.386
35.0 32.78
35.0 32.672
35.0 32.816
35.0 32.259
35.0 32.385
35.0 32.118
35.0 32.313
35.0 32.435
35.0 32.378
35.0 32.098
35.0 32.577
35.0 32.518
35.0 32.933
35.0 32.764
35.0 32.675
35.0 32.869
35.0 32.683
35.0 32.72
35.0 32.471
35.0 32.495
35.0 32.718
35.0 32.463
35.0 32.585
35.0 32.388
35.0 32.624
35.0 32.663
35.0 33.037
35.0 32.872
35.0 32.922
35.0 32.89
35.0 32.569
35.0 32.694
35.0 32.697
35.0 32.515
35.0 32.563
35.0 32.489
35.0 32.768
35.0 31.88
35.0 32.778
35.0 32.96
35.0 32.625
35.0 32.638
35.0 32.525
35.0 32.395
35.0 32.563
35.0 32.445
35.0 32.51
35.0 32.529
35.0 32.226
35.0 32.173
35.0 32.817
35.0 32.581
35.0 32.585
35.0 32.326
35.0 32.364
35.0 32.453
35.0 32.785
35.0 32.912
35.0 32.655
35.0 32.778
35.0 32.425
35.0 32.904
35.0 32.691
35.0 32.915
35.0 32.731
35.0 32.569
35.0 32.412
35.0 32.829
35.0 32.988
35.0 32.647
35.0 32.185
35.0 32.614
35.0 32.729
35.0 32.478
35.0 32.541
35.0 32.595
35.0 32.353
35.0 32.735
35.0 32.723
35.0 32.636
35.0 32.573
35.0 32.496
35.0 32.998
35.0 32.608
35.0 32.936
35.0 32.678
35.0 32.535
35.0 32.411
35.0 32.895
35.0 32.662
35.0 32.603
35.0 32.693
35.0 32.821
35.0 32.748
35.0 32.46
35.0 32.347
35.0 32.807
35.0 32.501
35.0 32.256
35.0 32.821
35.0 32.965
35.0 32.735
35.0 32.384
35.0 32.542
35.0 32.631
35.0 32.751
35.0 32.702
35.0 32.74
35.0 32.499
35.0 32.589
35.0 32.578
35.0 32.48
35.0 32.536
35.0 33.052
35.0 32.765
35.0 32.841
35.0 32.285
35.0 32.311
35.0 32.466
35.0 32.532
35.0 32.545
35.0 32.345
35.0 32.841
35.0 32.664
35.0 32.74
35.0 32.728
35.0 32.829
35.0 32.604
35.0 32.543
35.0 32.28
35.0 32.677
35.0 32.464
35.0 32.29
35.0 32.679
35.0 32.783
35.0 32.299
35.0 32.127
35.0 32.313
35.0 32.19
35.0 32.372
35.0 32.587
35.0 32.708
35.0 32.653
35.0 32.89
35.0 32.763
35.0 32.729
35.0 32.572
35.0 32.443
35.0 32.455
35.0 32.728
35.0 32.678
35.0 32.48
35.0 32.394
35.0 32.534
35.0 32.573
35.0 32.699
35.0 32.959
35.0 32.542
35.0 32.956
35.0 32.549
35.0 33.069
35.0 32.526
35.0 32.37
35.0 32.485
35.0 32.804
35.0 32.923
35.0 32.561
35.0 32.611
35.0 32.59
35.0 32.4
35.0 32.917
35.0 32.727
35.0 32.72
35.0 32.444
35.0 32.283
35.0 32.587
35.0 32.844
35.0 32.724
35.0 32.766
35.0 32.102
35.0 32.773
35.0 32.632
35.0 32.839
35.0 32.644
35.0 32.929
35.0 32.765
35.0 32.931
35.0 32.829
35.0 32.664
35.0 32.702
35.0 32.689
35.0 32.788
35.0 32.534
35.0 32.277
35.0 32.745
35.0 32.114
35.0 32.695
35.0 32.533
35.0 32.326
35.0 32.795
35.0 32.664
35.0 32.644
35.0 32.344
35.0 32.547
35.0 32.485
35.0 32.61
35.0 32.664
35.0 32.47
35.0 32.57
35.0 32.441
35.0 32.816
35.0 32.737
35.0 32.421
35.0 32.606
35.0 32.619
35.0 32.898
35.0 32.643
35.0 32.841
35.0 32.567
35.0 32.442
35.0 32.567
35.0 32.707
35.0 32.469
35.0 32.358
35.0 32.363
35.0 32.594
35.0 32.417
35.0 33.062
35.0 32.442
35.0 32.727
35.0 32.827
35.0 32.56
35.0 32.679
35.0 32.937
35.0 32.596
35.0 32.346
35.0 32.29
35.0 32.551
35.0 32.622
35.0 32.888
35.0 32.612
35.0 32.891
35.0 32.119
35.0 33.147
35.0 32.439
35.0 32.65
35.0 32.534
35.0 32.646
35.0 32.691
35.0 32.4
35.0 32.375
35.0 32.503
35.0 32.273
35.0 32.309
35.0 32.409
35.0 32.398
35.0 32.589
35.0 32.553
35.0 32.802
35.0 32.726
35.0 32.729
35.0 32.353
35.0 32.248
35.0 32.571
35.0 32.581
35.0 33.026
35.0 32.496
35.0 32.677
35.0 32.45
35.0 32.573
35.0 32.519
35.0 32.852
35.0 32.445
35.0 32.682
35.0 32.859
35.0 32.666
35.0 32.979
35.0 32.672
35.0 32.992
35.0 32.507
35.0 32.526
35.0 32.91
35.0 32.646
35.0 32.694
35.0 32.668
35.0 32.509
35.0 32.382
35.0 32.677
35.0 32.144
35.0 32.657
35.0 32.93
35.0 32.78
35.0 32.856
35.0 32.481
35.0 32.557
35.0 32.755
35.0 32.844
35.0 32.415
35.0 32.508
35.0 32.796
35.0 32.985
35.0 32.772
35.0 32.788
35.0 32.441
35.0 32.839
35.0 32.565
35.0 32.53
35.0 32.679
35.0 32.382
35.0 32.306
35.0 32.484
35.0 32.612
35.0 33.203
35.0 32.339
35.0 32.692
35.0 32.558
35.0 32.53
35.0 32.896
35.0 32.408
35.0 32.687
35.0 32.377
35.0 32.599
35.0 32.093
35.0 32.398
35.0 32.321
35.0 32.731
35.0 32.851
35.0 32.675
35.0 32.798
35.0 32.847
35.0 32.752
35.0 32.777
35.0 32.45
35.0 32.666
35.0 32.735
35.0 32.709
35.0 32.307
35.0 32.386
35.0 32.736
35.0 32.879
35.0 32.59
35.0 32.436
35.0 32.587
35.0 32.294
35.0 32.608
35.0 32.195
35.0 32.486
35.0 32.732
35.0 32.807
35.0 32.744
35.0 32.305
35.0 32.026
35.0 32.7
35.0 32.866
35.0 32.822
35.0 32.643
35.0 32.457
35.0 32.273
35.0 32.18
35.0 32.582
35.0 31.91
500
-32.5 -235.265
-32.5 -118.71
-17.5 -71.762
-1.0 -44.107
9.0 -23.141
13.5 -8.231
16.5 0.4
20.5 7.271
23.5 12.442
25.5 16.401
26.0 18.558
27.0 19.658
27.5 22.04
27.5 23.247
28.5 24.534
29.5 25.114
29.5 25.449
30.5 26.227
32.0 26.572
32.0 27.141
32.0 27.993
32.5 28.68
32.5 29.206
32.5 29.72
33.0 29.681
33.0 30.194
33.0 29.997
33.0 30.447
33.5 30.179
34.5 30.673
34.5 30.584
34.5 30.542
34.5 30.623
34.5 31.359
34.5 31.832
34.5 32.236
34.5 32.148
34.5 32.245
34.5 32.495
34.5 32.428
34.5 32.468
34.5 32.273
34.5 32.213
34.5 32.335
34.5 32.019
34.5 32.022
34.5 32.307
34.5 32.228
34.5 32.486
34.5 32.364
34.5 32.293
34.5 32.221
34.5 32.471
34.5 32.168
34.5 32.461
34.5 32.49
34.5 32.417
34.5 32.344
34.5 32.39
34.5 32.141
34.5 32.084
34.5 32.13
34.5 32.424
34.5 32.164
34.5 32.357
34.5 32.174
34.5 32.566
34.5 32.09
34.5 32.122
34.5 32.218
34.5 32.388
34.5 32.109
34.5 32.148
34.5 32.426
34.5 32.347
34.5 32.523
34.5 32.478
34.5 32.352
34.5 32.127
34.5 32.161
34.5 32.246
34.5 32.039
34.5 32.255
34.5 32.377
34.5 32.235
34.5 32.251
34.5 32.421
34.5 32.408
34.5 32.42
34.5 32.395
34.5 32.344
34.5 32.262
34.5 32.202
34.5 32.221
34.5 32.322
34.5 32.506
34.5 32.391
34.5 32.053
34.5 32.376
34.5 32.176
34.5 32.332
34.5 32.391
34.5 32.17
34.5 32.229
34.5 32.365
34.5 32.587
34.5 32.073
34.5 32.146
34.5 32.144
34.5 32.103
34.5 32.436
34.5 32.268
34.5 32.522
34.5 32.398
34.5 32.017
34.5 32.566
34.5 32.391
34.5 32.491
34.5 32.456
34.5 32.185
34.5 32.081
34.5 32.329
34.5 32.487
34.5 32.365
34.5 32.27
34.5 32.642
34.5 32.537
34.5 32.378
34.5 32.338
34.5 32.191
34.5 32.019
34.5 32.141
34.5 32.325
34.5 31.855
34.5 31.991
34.5 32.264
34.5 32.329
34.5 32.334
34.5 32.117
34.5 31.998
34.5 32.506
34.5 32.196
34.5 32.28
34.5 32.226
34.5 32.254
34.5 32.118
34.5 32.305
34.5 32.501
34.5 32.486
34.5 32.036
34.5 32.26
34.5 32.177
34.5 32.169
34.5 32.408
34.5 32.333
34.5 32.028
34.5 32.239
34.5 32.375
34.5 32.248
34.5 32.507
34.5 32.177
34.5 32.292
34.5 32.256
34.5 32.443
34.5 32.323
34.5 32.142
34.5 32.255
34.5 32.206
34.5 31.951
34.5 32.151
34.5 32.56
34.5 32.333
34.5 32.489
34.5 32.318
34.5 32.245
34.5 32.351
34.5 32.19
34.5 32.255
34.5 31.83
34.5 32.352
34.5 32.246
34.5 32.351
34.5 32.474
34.5 32.155
34.5 32.403
34.5 32.399
34.5 32.289
34.5 32.159
34.5 32.624
34.5 32.392
34.5 32.097
34.5 32.207
34.5 32.246
34.5 32.588
34.5 32.406
34.5 32.222
34.5 32.202
34.5 32.135
34.5 32.139
34.5 32.056
34.5 32.679
34.5 32.495
34.5 32.198
34.5 32.086
34.5 32.186
34.5 31.736
34.5 32.119
34.5 32.208
34.5 32.373
34.5 32.079
34.5 32.431
34.5 32.456
34.5 32.592
34.5 32.232
34.5 32.347
34.5 32.516
34.5 32.403
34.5 32.509
34.5 31.922
34.5 32.267
34.5 32.062
34.5 31.85
34.5 32.226
34.5 32.004
34.5 32.006
34.5 32.417
34.5 32.352
34.5 32.235
34.5 32.334
34.5 31.978
34.5 32.408
34.5 31.909
34.5 32.243
34.5 32.078
34.5 32.556
34.5 32.319
34.5 32.488
34.5 32.252
34.5 32.293
34.5 32.06
34.5 31.941
34.5 32.296
34.5 32.395
34.5 32.016
34.5 32.445
34.5 32.259
34.5 32.323
34.5 32.204
34.5 31.937
34.5 32.266
34.5 32.318
34.5 32.615
34.5 32.321
34.5 32.043
34.5 32.391
34.5 31.991
34.5 32.44
34.5 32.36
34.5 32.611
34.5 32.392
34.5 32.581
34.5 32.397
34.5 32.327
34.5 32.17
34.5 32.274
34.5 32.105
34.5 31.899
34.5 32.027
34.5 32.277
34.5 32.229
34.5 32.682
34.5 32.34
34.5 32.33
34.5 32.707
34.5 32.652
34.5 32.596
34.5 32.386
34.5 32.382
34.5 32.004
34.5 31.917
34.5 32.293
34.5 32.332
34.5 32.541
34.5 32.482
34.5 32.443
34.5 32.394
34.5 32.248
34.5 32.365
34.5 31.959
34.5 32.153
34.5 32.14
34.5 32.33
34.5 32.255
34.5 32.423
34.5 32.308
34.5 32.361
34.5 31.935
34.5 32.356
34.5 32.005
34.5 32.222
34.5 32.05
34.5 32.612
34.5 32.275
34.5 32.295
34.5 32.178
34.5 32.475
34.5 32.084
34.5 32.339
34.5 32.376
34.5 32.504
34.5 32.655
34.5 32.528
34.5 32.303
34.5 32.427
34.5 32.307
34.5 31.941
34.5 32.025
34.5 32.217
34.5 32.315
34.5 32.315
34.5 32.292
34.5 31.913
34.5 32.316
34.5 32.274
34.5 32.286
34.5 32.179
34.5 32.271
34.5 32.313
34.5 32.176
34.5 32.545
34.5 32.488
34.5 32.398
34.5 32.39
34.5 32.636
34.5 32.312
34.5 32.148
34.5 32.612
34.5 32.244
34.5 32.35
34.5 32.254
34.5 32.308
34.5 32.603
34.5 32.063
34.5 32.246
34.5 32.342
34.5 32.374
34.5 32.51
34.5 32.376
34.5 32.488
34.5 32.322
34.5 32.429
34.5 32.311
34.5 32.002
34.5 32.035
34.5 32.133
34.5 32.3
34.5 32.061
34.5 32.11
34.5 31.933
34.5 32.241
34.5 32.46
34.5 32.035
34.5 32.316
34.5 32.377
34.5 32.441
34.5 32.03
34.5 32.497
34.5 32.338
34.5 32.224
34.5 32.017
34.5 32.378
34.5 32.185
34.5 32.192
34.5 32.195
34.5 32.09
34.5 32.7
34.5 32.304
34.5 32.207
34.5 32.445
34.5 32.19
34.5 32.193
34.5 32.05
34.5 32.681
34.5 32.458
34.5 32.071
34.5 32.325
34.5 32.213
34.5 32.187
34.5 32.171
34.5 32.075
34.5 32.641
34.5 32.199
34.5 32.206
34.5 32.198
34.5 31.923
34.5 32.309
34.5 32.32
34.5 32.294
34.5 32.182
34.5 32.099
34.5 32.161
34.5 31.916
34.5 31.884
34.5 32.108
34.5 31.847
34.5 32.21
34.5 32.27
34.5 31.924
34.5 32.049
34.5 31.901
34.5 32.264
34.5 32.394
34.5 32.224
34.5 32.325
34.5 32.499
34.5 32.599
34.5 32.135
34.5 32.186
34.5 32.144
34.5 32.285
34.5 32.089
34.5 32.297
34.5 32.339
34.5 32.388
34.5 32.206
34.5 32.094
34.5 32.395
34.5 32.107
34.5 32.402
34.5 32.429
34.5 32.328
34.5 32.109
34.5 32.311
34.5 32.447
34.5 32.248
34.5 32.42
34.5 32.234
34.5 32.467
34.5 32.455
34.5 32.523
34.5 32.341
34.5 32.09
34.5 32.424
34.5 32.318
34.5 32.472
34.5 32.606
34.5 32.367
34.5 32.443
34.5 32.589
34.5 32.641
34.5 32.255
34.5 32.016
34.5 31.78
34.5 32.437
34.5 32.27
34.5 32.335
34.5 32.509
34.5 31.963
34.5 32.31
34.5 32.449
34.5 32.029
34.5 31.993
34.5 32.125
34.5 32.464
34.5 32.454
34.5 32.57
34.5 32.246
34.5 31.922
34.5 32.291
34.5 32.03
34.5 32.505
34.5 32.21
34.5 32.564
34.5 32.651
34.5 32.59
34.5 32.526
34.5 32.235
34.5 32.287
34.5 32.227
34.5 32.34
34.5 32.151
34.5 32.389
34.5 32.529
34.5 32.204
34.5 32.53
34.5 32.216
34.5 32.127
34.5 32.367
34.5 32.265
34.5 32.375
34.5 32.208
34.5 32.276
34.5 32.419
34.5 32.052
34.5 32.021
34.5 31.884
34.5 32.123
34.5 31.968
34.5 32.361
34.5 32.282
500
-60.5 -234.259
-42.5 -124.101
-15.5 -77.937
-11.0 -48.284
0.5 -28.399
9.0 -16.544
17.0 -4.972
20.0 4.238
22.5 10.186
25.0 14.764
25.5 17.201
26.0 19.173
26.5 20.938
27.5 22.47
29.0 23.555
29.5 24.718
31.0 25.253
31.0 25.928
31.0 26.414
31.5 27.281
32.0 27.658
32.0 28.317
32.0 29.335
32.0 29.167
32.5 29.201
32.5 29.378
33.0 29.416
33.0 29.829
33.0 29.741
33.5 30.05
33.5 30.569
34.0 30.769
34.0 30.785
34.0 30.947
34.0 31.527
34.0 31.468
34.0 31.514
34.0 31.379
34.0 31.581
34.0 31.181
34.0 31.338
34.0 31.698
34.0 31.729
34.0 31.472
34.0 31.789
34.0 31.48
34.0 31.424
34.0 32.071
34.0 32.086
34.0 31.703
34.0 31.523
34.0 31.824
34.0 31.741
34.0 31.875
34.0 31.806
34.0 31.646
34.0 31.612
34.0 31.581
34.0 31.55
34.0 31.881
34.0 31.561
34.0 31.322
34.0 31.813
34.0 31.831
34.0 31.763
34.0 31.77
34.0 31.897
34.0 32.01
34.0 32.08
34.0 31.991
34.0 31.759
34.5 31.631
34.5 31.965
34.5 32.003
34.5 31.586
35.0 31.7
35.0 31.838
35.0 31.966
35.5 31.535
35.5 32.093
35.5 32.227
35.5 32.298
35.5 32.849
35.5 32.942
35.5 32.9
35.5 32.718
35.5 32.987
35.5 33.059
35.5 33.072
35.5 32.931
35.5 32.343
35.5 32.801
35.5 32.783
35.5 32.929
35.5 33.039
35.5 32.619
35.5 32.741
35.5 33.183
35.5 32.795
35.5 32.831
35.5 33.137
35.5 33.071
35.5 32.922
35.5 33.047
35.5 32.715
35.5 32.94
35.5 32.904
35.5 32.916
35.5 32.942
35.5 32.838
35.5 33.227
35.5 32.873
35.5 32.998
35.5 32.713
35.5 33.42
35.5 32.836
35.5 33.293
35.5 32.972
35.5 32.9
35.5 32.965
35.5 32.805
35.5 32.899
35.5 33.018
35.5 32.961
35.5 32.987
35.5 32.639
35.5 33.001
35.5 32.773
35.5 33.043
35.5 33.13
35.5 33.263
35.5 32.229
35.5 32.964
35.5 32.868
35.5 33.127
35.5 32.975
35.5 32.796
35.5 32.752
35.5 32.843
35.5 32.901
35.5 33.296
35.5 33.099
35.5 32.788
35.5 32.989
35.5 32.559
35.5 32.802
35.5 32.977
35.5 32.946
35.5 32.973
35.5 32.97
35.5 32.82
35.5 32.972
35.5 33.179
35.5 33.286
35.5 33.145
35.5 32.699
35.5 32.716
35.5 32.959
35.5 32.879
35.5 33.08
35.5 33.095
35.5 33.173
35.5 32.731
35.5 33.085
35.5 32.75
35.5 32.799
35.5 32.289
35.5 33.396
35.5 33.321
35.5 32.898
35.5 32.749
35.5 32.937
35.5 33.115
35.5 32.933
35.5 32.506
35.5 32.677
35.5 32.385
35.5 32.909
35.5 32.679
35.5 32.561
35.5 32.679
35.5 32.87
35.5 32.772
35.5 32.891
35.5 33.107
35.5 32.791
35.5 32.734
35.5 33.092
35.5 33.018
35.5 33.04
35.5 32.864
35.5 32.739
35.5 32.772
35.5 33.142
35.5 33.132
35.5 32.862
35.5 33.156
35.5 32.92
35.5 32.844
35.5 32.947
35.5 32.989
35.5 33.271
35.5 32.963
35.5 32.781
35.5 33.237
35.5 32.989
35.5 32.785
35.5 32.722
35.5 32.597
35.5 32.605
35.5 32.951
35.5 33.001
35.5 32.733
35.5 32.74
35.5 32.449
35.5 32.668
35.5 32.718
35.5 33.129
35.5 33.059
35.5 32.803
35.5 33.112
35.5 32.774
35.5 33.034
35.5 33.118
35.5 33.331
35.5 33.087
35.5 32.679
35.5 32.6
35.5 32.795
35.5 32.568
35.5 32.898
35.5 33.102
35.5 33.166
35.5 32.974
35.5 32.708
35.5 32.969
35.5 32.901
35.5 33.053
35.5 32.959
35.5 33.013
35.5 32.518
35.5 32.63
35.5 33.0
35.5 32.933
35.5 32.791
35.5 32.999
35.5 32.571
35.5 32.95
35.5 32.853
35.5 33.16
35.5 33.08
35.5 32.622
35.5 32.695
35.5 33.086
35.5 33.24
35.5 33.315
35.5 32.859
35.5 33.084
35.5 33.105
35.5 33.324
35.5 33.221
35.5 33.037
35.5 32.89
35.5 32.82
35.5 32.647
35.5 32.774
35.5 32.659
35.5 32.828
35.5 33.08
35.5 33.086
35.5 32.728
35.5 32.884
35.5 32.488
35.5 32.621
35.5 32.905
35.5 32.843
35.5 32.907
35.5 33.343
35.5 33.048
35.5 32.686
35.5 32.747
35.5 33.192
35.5 33.038
35.5 32.976
35.5 33.076
35.5 33.487
35.5 33.231
35.5 32.945
35.5 32.904
35.5 33.289
35.5 33.443
35.5 33.371
35.5 32.6
35.5 32.796
35.5 32.567
35.5 32.901
35.5 32.811
35.5 32.774
35.5 33.224
35.5 33.261
35.5 33.358
35.5 32.702
35.5 32.777
35.5 32.81
35.5 32.84
35.5 32.974
35.5 33.101
35.5 32.753
35.5 32.959
35.5 32.999
35.5 33.114
35.5 33.091
35.5 32.96
35.5 33.111
35.5 33.048
35.5 32.936
35.5 33.007
35.5 33.142
35.5 33.18
35.5 32.894
35.5 32.989
35.5 32.862
35.5 32.499
35.5 32.972
35.5 32.95
35.5 32.588
35.5 33.176
35.5 32.97
35.5 33.221
35.5 32.817
35.5 32.771
35.5 32.37
35.5 33.347
35.5 32.801
35.5 33.287
35.5 33.095
35.5 32.964
35.5 33.219
35.5 32.908
35.5 32.989
35.5 32.707
35.5 33.089
35.5 33.127
35.5 33.22
35.5 33.033
35.5 32.521
35.5 32.733
35.5 32.758
35.5 32.785
35.5 32.486
35.5 32.758
35.5 33.001
35.5 33.09
35.5 32.82
35.5 32.97
35.5 32.628
35.5 32.934
35.5 32.436
35.5 32.935
35.5 32.692
35.5 33.127
35.5 33.069
35.5 32.913
35.5 33.099
35.5 32.932
35.5 32.965
35.5 32.489
35.5 32.753
35.5 33.049
35.5 32.857
35.5 32.789
35.5 33.281
35.5 32.637
35.5 32.958
35.5 33.177
35.5 32.754
35.5 32.67
35.5 33.03
35.5 33.13
35.5 33.164
35.5 33.015
35.5 32.959
35.5 32.991
35.5 33.139
35.5 32.89
35.5 33.1
35.5 33.24
35.5 33.137
35.5 33.298
35.5 32.956
35.5 32.42
35.5 32.721
35.5 32.586
35.5 33.263
35.5 33.326
35.5 33.338
35.5 33.047
35.5 32.357
35.5 33.11
35.5 32.909
35.5 33.069
35.5 33.002
35.5 32.754
35.5 32.921
35.5 32.997
35.5 32.825
35.5 33.159
35.5 32.576
35.5 33.001
35.5 33.127
35.5 33.206
35.5 33.089
35.5 32.76
35.5 33.141
35.5 32.755
35.5 32.795
35.5 32.734
35.5 32.989
35.5 32.996
35.5 33.107
35.5 32.718
35.5 33.02
35.5 33.032
35.5 32.815
35.5 32.864
35.5 32.641
35.5 33.103
35.5 33.224
35.5 32.899
35.5 33.01
35.5 32.707
35.5 32.871
35.5 32.868
35.5 32.958
35.5 32.784
35.5 32.782
35.5 32.275
35.5 32.903
35.5 32.774
35.5 32.665
35.5 33.226
35.5 33.138
35.5 32.748
35.5 32.673
35.5 32.96
35.5 32.608
35.5 33.153
35.5 32.9
35.5 33.04
35.5 32.744
35.5 32.762
35.5 33.226
35.5 32.953
35.5 33.049
35.5 32.447
35.5 32.618
35.5 32.702
35.5 33.21
35.5 32.681
35.5 32.77
35.5 32.99
35.5 33.187
35.5 33.147
35.5 32.769
35.5 33.009
35.5 33.003
35.5 32.627
35.5 32.973
35.5 33.211
35.5 32.94
35.5 33.057
35.5 32.538
35.5 32.515
35.5 33.079
35.5 33.177
35.5 33.09
35.5 33.117
35.5 32.619
35.5 32.697
35.5 32.567
35.5 32.694
35.5 32.668
35.5 33.006
35.5 33.177
35.5 32.748
35.5 32.993
35.5 33.191
35.5 32.508
35.5 33.068
35.5 32.919
35.5 32.993
35.5 32.57
35.5 33.463
35.5 32.855
35.5 32.765
35.5 33.032
35.5 32.694
35.5 33.269
35.5 32.966
35.5 33.026
500
-43.5 -227.803
-7.5 -115.627
9.0 -62.325
9.0 -31.928
12.5 -13.653
16.0 -0.681
22.0 6.115
22.0 11.468
22.5 14.564
23.5 15.848
27.0 18.642
27.5 20.013
28.0 21.123
28.5 22.523
29.5 24.151
30.0 25.025
31.0 26.456
32.5 26.9
32.5 27.849
32.5 28.469
33.0 28.752
33.5 28.673
33.5 28.877
34.0 29.063
34.0 29.362
34.0 29.958
34.5 30.166
34.5 30.585
34.5 30.61
35.0 30.905
35.5 31.287
35.5 31.459
36.0 32.03
36.0 32.482
36.0 32.67
36.5 32.32
36.5 33.217
36.5 33.304
36.5 32.859
36.5 32.807
36.5 32.917
36.5 32.598
36.5 33.087
36.5 33.765
36.5 33.94
37.0 33.748
37.0 33.645
37.0 33.498
37.0 33.606
37.5 33.33
37.5 34.32
37.5 34.313
37.5 34.039
37.5 34.146
37.5 34.122
37.5 34.244
37.5 34.436
37.5 34.598
37.5 34.636
37.5 34.766
37.5 34.583
37.5 34.458
37.5 34.614
37.5 34.204
37.5 34.663
37.5 33.955
37.5 34.934
37.5 34.476
37.5 34.499
37.5 34.262
37.5 34.66
37.5 34.579
37.5 34.476
37.5 34.655
37.5 34.352
37.5 34.026
37.5 34.386
37.5 34.47
37.5 34.224
37.5 34.454
37.5 34.91
37.5 34.948
37.5 34.147
37.5 34.992
37.5 34.694
37.5 34.754
37.5 34.138
37.5 34.552
37.5 34.64
37.5 34.436
37.5 34.628
37.5 34.734
37.5 34.551
37.5 34.706
37.5 34.436
37.5 34.782
37.5 34.939
37.5 34.607
37.5 34.321
37.5 34.948
37.5 34.449
37.5 34.52
37.5 34.361
37.5 34.613
37.5 34.677
37.5 34.968
37.5 34.703
37.5 34.48
37.5 34.168
37.5 34.753
37.5 34.245
37.5 33.985
37.5 34.736
37.5 34.538
37.5 34.341
37.5 34.505
37.5 34.681
37.5 34.52
37.5 34.671
37.5 34.248
37.5 34.78
37.5 34.463
37.5 34.927
37.5 35.011
37.5 34.342
37.5 34.443
37.5 34.711
37.5 34.884
37.5 34.457
37.5 34.476
37.5 34.349
37.5 34.275
37.5 34.315
37.5 34.65
37.5 34.821
37.5 34.588
37.5 34.674
37.5 34.657
37.5 34.73
37.5 34.461
37.5 34.611
37.5 34.562
37.5 34.365
37.5 34.755
37.5 34.778
37.5 34.446
37.5 34.7
37.5 34.403
37.5 34.744
37.5 34.666
37.5 35.008
37.5 34.661
37.5 34.662
37.5 34.435
37.5 35.031
37.5 34.18
37.5 34.27
37.5 34.528
37.5 34.873
37.5 34.534
37.5 34.693
37.5 34.598
37.5 34.57
37.5 34.576
37.5 34.325
37.5 34.788
37.5 35.091
37.5 34.901
37.5 34.912
37.5 34.713
37.5 34.76
37.5 34.986
37.5 34.765
37.5 34.088
37.5 34.661
37.5 34.973
37.5 34.951
37.5 34.511
37.5 34.61
37.5 34.369
37.5 34.958
37.5 34.919
37.5 34.637
37.5 34.241
37.5 34.774
37.5 34.62
37.5 34.523
37.5 34.357
37.5 34.832
37.5 33.903
37.5 34.797
37.5 34.4
37.5 34.4
37.5 34.308
37.5 34.538
37.5 34.634
37.5 34.19
37.5 34.656
37.5 34.564
37.5 34.676
37.5 34.588
37.5 34.573
37.5 34.86
37.5 34.884
37.5 35.016
37.5 34.587
37.5 34.681
37.5 34.713
37.5 34.292
37.5 34.713
37.5 34.635
37.5 34.761
37.5 34.46
37.5 34.071
37.5 34.392
37.5 34.571
37.5 34.688
37.5 34.615
37.5 34.4
37.5 34.223
37.5 33.741
37.5 34.215
37.5 34.401
37.5 34.704
37.5 34.511
37.5 34.941
37.5 34.365
37.5 34.229
37.5 34.705
37.5 34.673
37.5 34.217
37.5 34.481
37.5 34.985
37.5 34.37
37.5 34.824
37.5 34.685
37.5 34.566
37.5 34.336
37.5 34.468
37.5 34.352
37.5 34.523
37.5 34.385
37.5 34.654
37.5 34.262
37.5 34.66
37.5 34.319
37.5 34.53
37.5 34.538
37.5 34.216
37.5 34.029
37.5 34.418
37.5 34.371
37.5 34.024
37.5 34.118
37.5 35.056
37.5 34.458
37.5 34.298
37.5 34.564
37.5 34.413
37.5 34.318
37.5 34.61
37.5 34.69
37.5 34.303
37.5 34.511
37.5 34.505
37.5 34.551
37.5 34.561
37.5 34.486
37.5 34.139
37.5 34.489
37.5 34.667
37.5 34.761
37.5 34.381
37.5 34.701
37.5 34.01
37.5 34.414
37.5 34.581
37.5 34.312
37.5 34.715
37.5 34.625
37.5 34.484
37.5 34.29
37.5 34.579
37.5 34.317
37.5 34.285
37.5 34.389
37.5 34.474
37.5 34.826
37.5 34.828
37.5 34.799
37.5 34.324
37.5 34.505
37.5 34.285
37.5 34.584
37.5 34.89
37.5 34.524
37.5 34.677
37.5 34.524
37.5 34.768
37.5 34.348
37.5 34.66
37.5 34.577
37.5 34.585
37.5 33.901
37.5 34.598
37.5 34.769
37.5 34.941
37.5 34.54
37.5 34.127
37.5 34.746
37.5 34.644
37.5 34.491
37.5 34.629
37.5 34.331
37.5 35.002
37.5 34.723
37.5 34.176
37.5 34.908
37.5 34.654
37.5 34.654
37.5 34.879
37.5 34.743
37.5 34.738
37.5 34.631
37.5 34.557
37.5 34.163
37.5 34.783
37.5 34.846
37.5 34.722
37.5 34.574
37.5 34.69
37.5 34.395
37.5 34.747
37.5 34.24
37.5 34.594
37.5 34.829
37.5 34.913
37.5 34.454
37.5 34.489
37.5 34.683
37.5 34.763
37.5 34.961
37.5 34.682
37.5 34.689
37.5 34.605
37.5 35.094
37.5 34.916
37.5 34.526
37.5 34.412
37.5 34.86
37.5 34.508
37.5 34.672
37.5 34.719
37.5 34.645
37.5 34.956
37.5 34.855
37.5 34.551
37.5 34.658
37.5 34.169
37.5 34.558
37.5 34.714
37.5 34.797
37.5 34.806
37.5 34.896
37.5 34.249
37.5 34.72
37.5 34.36
37.5 34.411
37.5 34.453
37.5 34.351
37.5 34.205
37.5 33.971
37.5 34.511
37.5 34.06
37.5 34.514
37.5 34.734
37.5 34.71
37.5 34.489
37.5 34.603
37.5 34.262
37.5 34.259
37.5 34.466
37.5 34.662
37.5 34.615
37.5 34.965
37.5 34.708
37.5 34.596
37.5 34.889
37.5 34.787
37.5 34.902
37.5 34.579
37.5 34.354
37.5 34.81
37.5 34.815
37.5 34.589
37.5 34.566
37.5 34.546
37.5 34.466
37.5 33.999
37.5 34.074
37.5 34.449
37.5 35.343
37.5 34.545
37.5 34.797
37.5 34.676
37.5 34.624
37.5 34.782
37.5 34.604
37.5 34.787
37.5 34.524
37.5 34.854
37.5 34.642
37.5 34.57
37.5 34.844
37.5 34.405
37.5 34.526
37.5 34.687
37.5 34.719
37.5 33.94
37.5 34.385
37.5 33.845
37.5 34.719
37.5 34.207
37.5 34.718
37.5 34.185
37.5 34.348
37.5 34.798
37.5 34.796
37.5 35.063
37.5 34.652
37.5 34.654
37.5 34.643
37.5 34.627
37.5 34.577
37.5 34.841
37.5 34.855
37.5 34.79
37.5 34.787
37.5 34.652
37.5 34.49
37.5 34.512
37.5 34.806
37.5 34.418
37.5 34.508
37.5 34.57
37.5 34.71
37.5 34.513
37.5 34.81
37.5 34.44
37.5 34.293
37.5 34.541
37.5 34.553
37.5 34.61
37.5 34.548
37.5 34.581
37.5 34.085
37.5 34.569
37.5 34.369
37.5 34.728
37.5 34.537
37.5 34.325
37.5 34.534
37.5 34.91
37.5 34.778
37.5 34.483
37.5 34.562
37.5 34.323
37.5 34.75
37.5 34.471
37.5 34.257
37.5 34.661
37.5 34.521
37.5 34.112
37.5 34.563
37.5 34.458
37.5 34.092
37.5 34.511
37.5 34.824
37.5 34.887
37.5 34.981
37.5 34.944
37.5 35.138
37.5 34.695
37.5 34.866
37.5 34.7
37.5 34.341
37.5 34.359
37.5 34.571
37.5 34.823
37.5 34.502
37.5 34.684
37.5 34.895
37.5 34.377
37.5 34.371
37.5 34.184
37.5 34.858
37.5 34.989
37.5 34.801
37.5 34.83
37.5 34.36
500
-53.5 -225.127
-15.5 -114.454
-8.0 -67.936
4.5 -37.426
8.5 -19.327
14.5 -6.862
18.5 1.906
20.5 7.383
24.0 12.4
24.5 15.651
25.5 18.087
27.5 20.067
27.5 21.493
27.5 22.566
29.0 24.238
29.5 25.037
29.5 25.724
30.5 26.251
30.5 26.512
31.0 27.094
32.0 27.597
32.0 27.633
32.0 28.14
33.0 28.577
33.0 29.212
33.0 29.553
33.0 30.03
33.0 30.38
33.0 30.023
33.5 30.019
33.5 30.208
34.0 30.872
34.0 30.616
34.0 30.726
34.0 30.667
34.0 30.786
34.0 30.997
34.0 31.301
34.0 31.118
34.0 31.671
34.0 31.337
34.0 31.661
34.0 31.375
34.0 31.343
34.0 31.722
34.0 31.713
34.0 31.537
34.0 31.628
34.0 31.737
34.0 31.792
34.0 31.42
34.0 31.428
34.0 31.305
34.0 31.599
34.0 31.606
34.0 31.762
34.0 31.783
34.0 31.481
34.0 31.889
34.0 31.672
34.0 31.405
34.0 31.446
34.0 31.475
34.0 31.561
34.0 31.608
34.0 31.669
34.0 31.703
34.0 31.598
34.0 31.565
34.0 31.72
34.0 31.366
34.0 31.162
34.0 31.47
34.0 31.537
34.0 31.607
34.0 31.782
34.0 31.759
34.0 31.603
34.0 31.484
34.0 31.799
34.0 31.431
34.0 31.459
34.0 31.725
34.0 31.758
34.0 31.228
34.0 31.704
34.0 31.656
34.0 31.521
34.0 31.644
34.0 31.161
34.0 31.745
34.0 31.189
34.0 31.558
34.0 31.661
34.0 31.682
34.0 31.523
34.0 31.596
34.0 31.673
34.0 31.316
34.0 31.218
34.0 31.606
34.0 31.111
34.0 31.616
34.0 31.459
34.0 31.482
34.0 31.618
34.0 31.688
34.0 31.5
34.0 32.022
34.0 31.754
34.0 31.805
34.0 31.846
34.0 31.594
34.0 31.928
34.0 31.46
34.0 31.889
34.0 31.613
34.0 31.277
34.0 31.562
34.0 31.707
34.0 31.559
34.0 31.731
34.0 31.845
34.0 31.904
34.0 31.515
34.0 31.373
34.0 31.252
34.0 31.589
34.0 31.695
34.0 31.848
34.0 31.809
34.0 32.058
34.0 31.695
34.0 31.641
34.0 31.478
34.0 31.364
34.0 31.506
34.0 30.871
34.0 31.65
34.0 31.899
34.0 31.624
34.0 32.005
34.0 31.444
34.0 31.317
34.0 31.515
34.0 31.602
34.0 31.539
34.0 31.797
34.0 31.806
34.0 31.437
34.0 31.611
34.0 31.454
34.0 31.554
34.0 31.611
34.0 31.446
34.0 31.693
34.0 31.739
34.0 31.408
34.0 31.626
34.0 31.791
34.0 31.974
34.0 31.603
34.0 31.365
34.0 31.873
34.0 31.682
34.0 31.64
34.0 31.672
34.0 31.693
34.0 31.756
34.0 31.32
34.0 31.543
34.0 31.783
34.0 31.649
34.0 31.471
34.0 31.685
34.0 31.604
34.0 31.444
34.0 31.466
34.0 31.77
34.0 31.498
34.0 31.433
34.0 31.622
34.0 31.802
34.0 31.406
34.0 31.889
34.0 31.712
34.0 31.988
34.0 31.402
34.0 31.728
34.0 31.844
34.0 31.915
34.0 31.782
34.0 31.627
34.0 32.109
34.0 31.709
34.0 31.951
34.0 31.44
34.0 31.75
34.0 31.593
34.0 31.926
34.0 31.934
34.0 31.723
34.0 31.496
34.0 31.733
34.0 31.746
34.0 31.586
34.0 31.58
34.0 31.531
34.0 31.343
34.0 31.646
34.0 31.695
34.0 31.743
34.0 31.662
34.0 31.754
34.0 31.764
34.0 31.853
34.0 31.582
34.0 31.45
34.0 31.474
34.0 31.636
34.0 31.843
34.0 31.247
34.0 31.767
34.0 31.584
34.0 30.944
34.0 31.729
34.0 31.493
34.0 31.707
34.0 31.471
34.0 31.608
34.0 31.434
34.0 31.253
34.0 31.144
34.0 31.464
34.0 31.561
34.0 31.096
34.0 31.311
34.0 31.656
34.0 31.646
34.0 31.457
34.0 31.715
34.0 31.802
34.0 31.876
34.0 31.534
34.0 31.591
34.0 31.787
34.0 31.512
34.0 31.753
34.0 31.752
34.0 31.831
34.0 31.426
34.0 31.599
34.0 31.454
34.0 31.42
34.0 31.558
34.0 31.653
34.0 31.406
34.0 31.649
34.0 31.34
34.0 31.759
34.0 31.458
34.0 31.599
34.0 31.479
34.0 31.566
34.0 31.626
34.0 31.931
34.0 31.655
34.0 31.639
34.0 31.34
34.0 31.69
34.0 31.457
34.0 31.696
34.0 31.697
34.0 31.559
34.0 31.652
34.0 31.293
34.0 31.76
34.0 31.998
34.0 31.708
34.0 31.763
34.0 30.753
34.0 31.83
34.0 31.419
34.0 31.288
34.0 32.021
34.0 31.408
34.0 31.765
34.0 31.809
34.0 31.364
34.0 31.481
34.0 31.638
34.0 31.435
34.0 31.676
34.0 31.774
34.0 31.426
34.0 31.602
34.0 31.647
34.0 31.676
34.0 31.505
34.0 31.417
34.0 31.653
34.0 31.42
34.0 31.562
34.0 31.473
34.0 31.477
34.0 31.364
34.0 31.585
34.0 31.415
34.0 31.907
34.0 31.857
34.0 31.556
34.0 31.616
34.0 31.621
34.0 31.855
34.0 31.437
34.0 31.357
34.0 31.444
34.0 31.607
34.0 31.803
34.0 31.355
34.0 31.735
34.0 31.943
34.0 31.391
34.0 31.553
34.0 31.82
34.0 31.752
34.0 31.686
34.0 31.383
34.0 31.838
34.0 31.591
34.0 31.279
34.0 31.293
34.0 31.701
34.0 31.732
34.0 31.626
34.0 31.642
34.0 31.631
34.0 31.761
34.0 31.967
34.0 31.79
34.0 31.753
34.0 31.442
34.0 31.854
34.0 31.884
34.0 31.454
34.0 31.743
34.0 31.721
34.0 31.715
34.0 31.427
34.0 31.006
34.0 31.603
34.0 31.513
34.0 31.699
34.0 31.403
34.0 31.316
34.0 31.724
34.0 31.467
34.0 31.16
34.0 31.882
34.0 31.561
34.0 31.623
34.0 31.606
34.0 31.757
34.0 31.992
34.0 31.501
34.0 31.441
34.0 31.703
34.0 31.63
34.0 31.493
34.0 31.829
34.0 31.711
34.0 31.645
34.0 31.509
34.0 31.697
34.0 31.646
34.0 31.558
34.0 31.258
34.0 31.804
34.0 31.693
34.0 31.634
34.0 31.695
34.0 31.926
34.0 31.885
34.0 31.746
34.0 31.617
34.0 31.473
34.0 31.656
34.0 32.218
34.0 31.687
34.0 31.164
34.0 31.628
34.0 31.583
34.0 31.472
34.0 31.489
34.0 31.471
34.0 31.404
34.0 31.5
34.0 31.76
34.0 31.848
34.0 31.601
34.0 31.691
34.0 31.037
34.0 31.575
34.0 31.298
34.0 31.83
34.0 31.844
34.0 31.874
34.0 31.673
34.0 31.706
34.0 31.765
34.0 31.57
34.0 31.473
34.0 31.508
34.0 31.552
34.0 31.577
34.0 31.723
34.0 31.796
34.0 31.246
34.0 31.484
34.0 31.652
34.0 31.605
34.0 31.382
34.0 31.76
34.0 31.674
34.0 31.858
34.0 31.801
34.0 31.532
34.0 31.82
34.0 31.556
34.0 31.53
34.0 31.428
34.0 31.57
34.0 31.868
34.0 31.492
34.0 31.805
34.0 31.788
34.0 31.906
34.0 31.581
34.0 31.554
34.0 31.576
34.0 31.864
34.0 31.623
34.0 31.642
34.0 31.752
34.0 31.588
34.0 31.552
34.0 31.778
34.0 31.383
34.0 31.28
34.0 31.563
34.0 31.635
34.0 31.604
34.0 31.628
34.0 31.787
34.0 31.463
34.0 31.567
34.0 31.691
34.0 31.529
34.0 31.834
34.0 31.215
34.0 31.446
34.0 31.619
34.0 31.872
34.0 31.539
34.0 31.308
34.0 31.72
34.0 31.62
34.0 31.784
34.0 31.7
34.0 31.765
34.0 31.456
34.0 32.065
34.0 31.799
34.0 31.684
34.0 31.708
34.0 31.891
34.0 31.698
34.0 31.464
34.0 31.741
34.0 31.177
34.0 31.926
34.0 31.424
34.0 31.483
34.0 31.608
34.0 31.738
34.0 31.479
34.0 31.491
34.0 31.351
34.0 31.539
34.0 31.577
34.0 31.287
34.0 31.312
34.0 31.481
34.0 31.599
34.0 31.891
34.0 31.904
34.0 31.289
34.0 31.733
34.0 31.622
34.0 31.735
500
-50.0 -227.471
-32.0 -122.85
-7.0 -74.704
5.0 -40.289
15.5 -17.731
15.5 -4.423
20.0 4.015
21.5 9.916
24.5 13.858
25.0 16.602
25.5 19.095
26.5 21.099
27.0 21.75
27.5 22.809
28.5 23.417
29.5 23.87
29.5 24.928
29.5 25.755
30.5 25.918
31.0 26.387
32.0 26.767
32.0 26.918
32.0 27.281
32.5 27.481
33.5 28.2
33.5 28.692
33.5 29.339
33.5 29.866
33.5 30.624
34.0 30.22
34.0 30.928
34.0 30.938
34.0 30.751
34.0 31.365
34.5 31.268
34.5 31.343
34.5 31.428
34.5 31.69
34.5 31.77
34.5 31.995
34.5 31.984
34.5 32.101
34.5 32.416
34.5 32.16
34.5 31.985
34.5 31.862
34.5 32.258
34.5 31.874
34.5 31.953
34.5 31.762
34.5 32.257
34.5 32.193
34.5 32.087
34.5 31.62
34.5 31.995
34.5 32.062
34.5 32.412
34.5 31.985
34.5 32.586
35.0 32.364
35.0 32.311
35.0 32.209
35.0 32.084
35.5 31.989
35.5 32.1
35.5 31.258
35.5 32.158
36.0 32.645
36.0 32.926
36.0 32.924
36.0 32.728
36.0 33.185
36.0 33.418
36.0 33.659
36.0 33.165
36.0 33.444
36.0 33.288
36.0 33.449
36.0 33.66
36.0 33.172
36.0 33.049
36.0 33.558
36.0 33.173
36.0 33.121
36.0 33.823
36.0 33.579
36.0 33.497
36.0 33.201
36.0 33.722
36.0 33.561
36.0 33.531
36.0 33.157
36.0 33.231
36.0 33.312
36.0 33.41
36.0 33.24
36.0 33.299
36.0 33.682
36.0 33.781
36.0 33.14
36.0 33.707
36.0 33.377
36.0 33.696
36.0 33.345
36.0 33.534
36.0 33.086
36.5 33.423
36.5 33.249
36.5 33.352
36.5 33.217
36.5 33.326
36.5 33.578
36.5 33.909
36.5 33.728
36.5 34.102
36.5 34.237
36.5 34.014
36.5 33.843
36.5 34.122
36.5 34.305
36.5 34.14
36.5 34.262
36.5 34.041
36.5 34.23
36.5 34.4
36.5 34.024
36.5 33.879
36.5 34.19
36.5 34.313
36.5 34.058
36.5 34.038
36.5 34.277
36.5 34.203
36.5 33.761
36.5 34.191
36.5 34.382
36.5 34.137
36.5 34.004
36.5 33.519
36.5 33.824
36.5 34.315
36.5 33.851
36.5 33.855
36.5 34.075
36.5 34.044
36.5 34.217
36.5 33.955
36.5 34.329
36.5 34.254
36.5 34.304
36.5 34.37
36.5 34.017
36.5 34.21
36.5 33.511
36.5 33.95
36.5 34.076
36.5 34.069
36.5 33.86
36.5 34.02
36.5 34.14
36.5 33.847
36.5 33.971
36.5 33.711
36.5 34.027
36.5 34.076
36.5 34.225
36.5 34.168
36.5 34.178
36.5 33.914
36.5 34.146
36.5 33.563
36.5 33.967
36.5 33.798
36.5 34.097
36.5 33.7
36.5 34.237
36.5 33.85
36.5 33.891
36.5 34.117
36.5 34.17
36.5 33.901
36.5 33.507
36.5 34.092
36.5 34.271
36.5 34.261
36.5 33.61
36.5 33.86
36.5 34.339
36.5 34.375
36.5 34.361
36.5 33.909
36.5 34.135
36.5 33.631
36.5 34.065
36.5 34.342
36.5 34.311
36.5 34.17
36.5 34.265
36.5 33.971
36.5 33.801
36.5 33.631
36.5 34.08
36.5 34.164
36.5 33.897
36.5 34.249
36.5 33.861
36.5 34.174
36.5 33.015
36.5 33.635
36.5 33.719
36.5 34.16
36.5 33.508
36.5 33.952
36.5 33.786
36.5 33.565
36.5 34.36
36.5 34.125
36.5 34.222
36.5 34.095
36.5 34.038
36.5 34.44
36.5 34.297
36.5 34.135
36.5 33.814
36.5 34.22
36.5 34.055
36.5 33.724
36.5 33.497
36.5 34.313
36.5 33.908
36.5 34.209
36.5 33.978
36.5 33.834
36.5 33.911
36.5 33.999
36.5 34.104
36.5 33.953
36.5 33.756
36.5 34.052
36.5 33.705
36.5 34.087
36.5 34.025
36.5 33.987
36.5 34.059
36.5 34.195
36.5 33.834
36.5 34.196
36.5 33.797
36.5 33.36
36.5 33.519
36.5 34.249
36.5 34.108
36.5 34.111
36.5 34.018
36.5 33.609
36.5 33.774
36.5 34.015
36.5 34.04
36.5 34.311
36.5 34.049
36.5 33.761
36.5 34.328
36.5 33.837
36.5 33.623
36.5 34.005
36.5 33.956
36.5 34.013
36.5 33.337
36.5 33.899
36.5 33.998
36.5 33.814
36.5 33.795
36.5 33.939
36.5 34.0
36.5 34.238
36.5 34.022
36.5 33.776
36.5 33.509
36.5 34.324
36.5 34.172
36.5 33.625
36.5 33.893
36.5 33.985
36.5 33.837
36.5 33.822
36.5 34.149
36.5 34.065
36.5 33.944
36.5 34.158
36.5 34.365
36.5 33.687
36.5 34.134
36.5 34.223
36.5 33.829
36.5 33.757
36.5 34.052
36.5 33.665
36.5 33.803
36.5 33.94
36.5 33.971
36.5 33.411
36.5 33.725
36.5 34.119
36.5 33.667
36.5 34.155
36.5 33.839
36.5 33.93
36.5 33.999
36.5 34.184
36.5 33.8
36.5 34.09
36.5 33.945
36.5 34.151
36.5 34.089
36.5 34.127
36.5 34.02
36.5 34.142
36.5 33.857
36.5 34.245
36.5 34.402
36.5 34.171
36.5 33.881
36.5 33.983
36.5 33.933
36.5 34.542
36.5 33.825
36.5 34.349
36.5 34.143
36.5 33.948
36.5 34.128
36.5 34.252
36.5 33.816
36.5 33.988
36.5 34.011
36.5 34.088
36.5 34.402
36.5 33.737
36.5 34.297
36.5 33.853
36.5 34.11
36.5 34.062
36.5 33.685
36.5 34.283
36.5 33.534
36.5 33.942
36.5 33.708
36.5 34.051
36.5 34.012
36.5 33.827
36.5 34.078
36.5 34.231
36.5 34.168
36.5 34.506
36.5 33.816
36.5 34.095
36.5 33.899
36.5 33.875
36.5 33.95
36.5 34.072
36.5 33.769
36.5 34.12
36.5 33.818
36.5 34.055
36.5 33.613
36.5 34.038
36.5 33.917
36.5 34.482
36.5 34.17
36.5 34.105
36.5 34.14
36.5 34.299
36.5 34.163
36.5 34.21
36.5 33.941
36.5 33.971
36.5 34.178
36.5 34.249
36.5 34.012
36.5 33.928
36.5 34.098
36.5 33.634
36.5 34.087
36.5 34.116
36.5 34.096
36.5 34.373
36.5 33.893
36.5 33.87
36.5 33.941
36.5 33.845
36.5 34.179
36.5 34.461
36.5 33.997
36.5 34.163
36.5 34.284
36.5 34.041
36.5 33.966
36.5 33.868
36.5 34.088
36.5 33.785
36.5 33.863
36.5 33.858
36.5 33.897
36.5 34.131
36.5 34.039
36.5 34.251
36.5 34.167
36.5 34.261
36.5 33.911
36.5 34.487
36.5 34.102
36.5 34.164
36.5 33.741
36.5 34.019
36.5 34.243
36.5 33.608
36.5 34.075
36.5 34.296
36.5 33.999
36.5 33.995
36.5 33.773
36.5 33.969
36.5 34.186
36.5 33.735
36.5 33.857
36.5 33.609
36.5 34.056
36.5 34.248
36.5 34.033
36.5 34.437
36.5 33.832
36.5 33.784
36.5 33.989
36.5 34.214
36.5 34.091
36.5 34.273
36.5 33.921
36.5 34.474
36.5 33.977
36.5 33.837
36.5 33.947
36.5 34.233
36.5 34.06
36.5 34.037
36.5 34.272
36.5 34.037
36.5 34.32
36.5 33.943
36.5 34.062
36.5 33.812
36.5 34.323
36.5 34.256
36.5 33.98
36.5 33.836
36.5 34.277
36.5 33.761
36.5 34.053
36.5 34.199
36.5 34.112
36.5 34.011
36.5 33.895
36.5 33.995
36.5 33.85
36.5 34.303
36.5 33.74
36.5 33.979
36.5 34.074
36.5 34.258
36.5 34.076
36.5 33.754
36.5 34.152
36.5 33.94
36.5 33.841
36.5 34.198
36.5 34.13
36.5 33.933
36.5 33.811
36.5 33.607
36.5 34.254
36.5 33.907
36.5 33.925
36.5 33.911
36.5 34.208
36.5 33.872
36.5 33.739
36.5 33.733
36.5 34.184
36.5 33.941
36.5 34.02
36.5 34.166
36.5 34.109
36.5 34.031
36.5 33.531
36.5 33.688
36.5 34.138
36.5 33.793
36.5 34.016
36.5 33.654
36.5 33.863
36.5 34.268
36.5 34.046
500
-27.0 -228.148
-15.0 -115.877
2.5 -70.073
2.5 -36.273
10.5 -17.658
18.0 -3.958
23.5 4.681
23.5 10.053
26.0 14.482
26.5 17.509
27.0 20.313
27.5 21.63
28.5 23.107
28.5 23.611
29.0 24.599
30.5 24.99
31.0 26.133
31.5 26.556
32.5 27.443
33.0 28.207
33.0 28.833
33.0 29.932
33.0 29.404
33.0 30.185
33.5 29.716
33.5 30.303
33.5 30.147
33.5 30.58
33.5 30.428
33.5 30.336
33.5 30.564
33.5 30.392
33.5 30.882
33.5 30.77
33.5 31.206
33.5 31.201
33.5 31.051
33.5 31.038
33.5 30.777
33.5 31.402
33.5 31.041
33.5 31.016
33.5 31.147
33.5 31.394
33.5 31.304
33.5 31.028
33.5 30.706
33.5 31.176
33.5 31.211
33.5 30.899
33.5 31.131
33.5 31.281
33.5 30.962
33.5 30.785
33.5 31.194
33.5 30.676
33.5 31.342
33.5 31.238
33.5 30.989
33.5 31.121
33.5 31.035
33.5 31.256
33.5 31.03
33.5 31.035
33.5 30.859
33.5 30.694
33.5 30.903
33.5 30.743
33.5 31.377
33.5 30.783
33.5 30.924
33.5 31.298
33.5 30.983
33.5 30.868
33.5 30.674
33.5 31.168
33.5 31.29
33.5 30.993
33.5 31.035
33.5 31.116
33.5 31.075
33.5 30.911
33.5 31.357
33.5 31.139
33.5 31.035
33.5 31.31
33.5 31.01
33.5 31.267
33.5 31.147
33.5 30.826
33.5 31.081
33.5 31.165
33.5 31.058
33.5 31.156
33.5 30.936
33.5 30.764
33.5 31.103
33.5 31.06
33.5 30.952
33.5 31.104
33.5 30.865
33.5 31.187
33.5 31.079
33.5 31.137
33.5 31.422
33.5 31.04
33.5 31.217
33.5 30.776
33.5 31.027
33.5 30.918
33.5 31.03
33.5 31.103
33.5 30.965
33.5 31.437
33.5 31.134
33.5 31.136
33.5 31.158
33.5 31.477
33.5 31.158
34.0 30.698
34.0 30.788
34.0 30.706
34.0 31.229
34.0 31.441
34.0 31.24
34.0 30.958
34.0 31.34
34.0 31.034
34.0 31.328
34.0 31.604
34.0 31.501
34.0 31.456
34.0 31.699
34.0 31.256
34.0 31.147
34.0 31.217
34.0 31.25
34.0 31.465
34.0 31.813
34.0 31.435
34.0 31.31
34.0 30.901
34.0 31.082
34.0 31.179
34.0 31.393
34.0 31.258
34.0 31.314
34.0 31.083
34.0 31.723
34.0 31.497
34.0 31.728
34.0 31.552
34.0 31.527
34.0 31.485
34.0 31.387
34.0 31.416
34.0 31.354
34.0 31.767
34.0 31.509
34.0 31.189
34.0 31.666
34.0 31.286
34.0 31.597
34.0 31.102
34.0 31.214
34.0 31.039
34.0 31.476
34.0 31.23
34.0 31.59
34.0 31.346
34.0 31.276
34.0 31.43
34.0 31.499
34.0 31.044
34.0 31.311
34.0 30.982
34.0 31.24
34.0 31.281
34.0 31.087
34.0 31.337
34.0 31.238
34.0 31.461
34.0 31.865
34.0 31.477
34.0 30.989
34.0 31.097
34.0 31.627
34.0 31.236
34.0 31.594
34.0 31.213
34.0 31.6
34.0 31.387
34.0 31.119
34.0 31.975
34.0 31.553
34.0 31.397
34.0 31.547
34.0 31.067
34.0 31.099
34.0 31.386
34.0 31.189
34.0 30.961
34.0 31.566
34.0 31.209
34.0 31.238
34.0 31.29
34.0 31.629
34.0 31.428
34.0 31.136
34.0 31.582
34.0 31.08
34.0 30.838
34.0 31.41
34.0 31.028
34.0 31.317
34.0 31.431
34.0 31.531
34.0 31.448
34.0 31.289
34.0 31.311
34.0 31.138
34.0 31.63
34.0 31.454
34.0 31.677
34.0 31.51
34.0 31.576
34.0 31.568
34.0 31.43
34.0 31.37
34.0 31.557
34.0 30.98
34.0 31.437
34.0 31.374
34.0 31.543
34.0 31.294
34.0 31.251
34.0 30.876
34.0 31.021
34.0 31.443
34.0 30.994
34.0 31.217
34.0 31.278
34.0 31.286
34.0 31.303
34.0 31.703
34.0 31.395
34.0 31.465
34.0 31.422
34.0 31.345
34.0 31.16
34.0 31.617
34.0 31.274
34.0 31.167
34.0 31.514
34.0 31.165
34.0 31.089
34.0 31.467
34.0 31.223
34.0 31.412
34.0 31.24
34.0 31.606
34.0 31.492
34.0 31.579
34.0 31.077
34.0 31.103
34.0 30.869
34.0 31.513
34.0 31.652
34.0 31.567
34.0 31.25
34.0 30.915
34.0 31.64
34.0 31.527
34.0 31.449
34.0 31.577
34.0 31.419
34.0 30.93
34.0 31.612
34.0 31.482
34.0 31.634
34.0 31.247
34.0 31.75
34.0 31.538
34.0 31.31
34.0 31.384
34.0 31.393
34.0 31.613
34.0 31.373
34.0 31.387
34.0 31.551
34.0 31.352
34.0 31.77
34.0 31.599
34.0 31.634
34.0 31.526
34.0 31.258
34.0 31.797
34.0 31.214
34.0 31.694
34.0 31.242
34.0 31.281
34.0 31.112
34.0 31.109
34.0 31.19
34.0 31.244
34.0 31.446
34.0 31.365
34.0 31.127
34.0 31.774
34.0 31.526
34.0 31.478
34.0 31.286
34.0 31.46
34.0 31.281
34.0 31.61
34.0 31.133
34.0 31.213
34.0 31.257
34.0 31.477
34.0 30.971
34.0 31.2
34.0 31.41
34.0 31.245
34.0 31.232
34.0 31.358
34.0 31.429
34.0 31.382
34.0 31.588
34.0 31.596
34.0 31.406
34.0 31.306
34.0 31.636
34.0 31.563
34.0 31.347
34.0 31.526
34.0 31.328
34.0 30.809
34.0 31.023
34.0 31.366
34.0 31.564
34.0 31.56
34.0 31.289
34.0 31.55
34.0 31.348
34.0 30.971
34.0 31.338
34.0 31.131
34.0 31.02
34.0 31.626
34.0 31.482
34.0 31.093
34.0 31.501
34.0 31.554
34.0 31.282
34.0 31.457
34.0 31.416
34.0 31.668
34.0 31.879
34.0 31.748
34.0 31.383
34.0 31.598
34.0 31.758
34.0 31.408
34.0 31.773
34.0 31.449
34.0 31.862
34.0 31.572
34.0 31.349
34.0 31.36
34.0 31.316
34.0 31.418
34.0 31.596
34.0 31.167
34.0 31.133
34.0 31.166
34.0 31.342
34.0 31.264
34.0 31.495
34.0 31.473
34.0 31.501
34.0 31.427
34.0 31.618
34.0 30.905
34.0 31.64
34.0 31.379
34.0 31.468
34.0 31.526
34.0 31.485
34.0 31.299
34.0 31.328
34.0 31.598
34.0 31.224
34.0 31.464
34.0 31.365
34.0 31.409
34.0 31.398
34.0 31.714
34.0 31.096
34.0 31.669
34.0 30.868
34.0 31.434
34.0 31.356
34.0 32.03
34.0 31.306
34.0 30.811
34.0 31.193
34.0 30.824
34.0 31.281
34.0 31.48
34.0 31.593
34.0 31.31
34.0 31.564
34.0 31.68
34.0 31.233
34.0 31.451
34.0 31.567
34.0 31.176
34.0 31.459
34.0 31.505
34.0 31.427
34.0 31.265
34.0 31.116
34.0 31.705
34.0 31.161
34.0 31.34
34.0 31.256
34.0 31.332
34.0 31.515
34.0 31.193
34.0 30.911
34.0 31.34
34.0 31.506
34.0 31.309
34.0 30.826
34.0 31.499
34.0 31.408
34.0 31.312
34.0 31.406
34.0 31.415
34.0 31.32
34.0 31.382
34.0 31.279
34.0 31.276
34.0 31.294
34.0 31.293
34.0 31.504
34.0 31.119
34.0 31.528
34.0 31.193
34.0 31.266
34.0 31.413
34.0 31.462
34.0 31.367
34.0 31.165
34.0 31.702
34.0 30.769
34.0 31.276
34.0 31.752
34.0 31.5
34.0 31.814
34.0 31.801
34.0 31.421
34.0 31.178
34.0 31.449
34.0 31.555
34.0 31.272
34.0 31.576
34.0 31.375
34.0 31.875
34.0 31.417
34.0 31.59
34.0 30.96
34.0 31.415
34.0 31.31
34.0 31.521
34.0 31.183
34.0 31.623
34.0 31.083
34.0 31.467
34.0 31.521
34.0 31.779
34.0 31.693
34.0 31.297
34.0 31.176
34.0 31.266
34.0 31.203
34.0 31.716
34.0 31.664
34.0 31.813
34.0 31.612
34.0 31.455
34.0 31.557
34.0 31.388
34.0 31.191
34.0 31.471
34.0 31.509
34.0 31.719
34.0 31.461
34.0 31.37
34.0 31.197

Individual: [1, 2, 4, 5, 10, 17, 21, 22, 23, 28, 30, 31, 47, 53, 62, 68, 70, 79, 80, 82, 86, 87, 91, 97, 99, 100]
   Fitness: 35.0
     Total: 26
Violations: 4 4

Individual: [2, 5, 7, 13, 14, 16, 17, 22, 34, 35, 50, 60, 64, 72, 74, 75, 77, 81, 89, 91, 92, 96, 97, 99]
   Fitness: 35.0
     Total: 24
Violations: 1 1

Individual: [4, 5, 7, 11, 13, 16, 20, 23, 24, 31, 34, 47, 53, 65, 67, 68, 73, 76, 77, 80, 88, 92, 94, 97, 98]
   Fitness: 34.5
     Total: 25
Violations: 3 3

Individual: [1, 5, 7, 8, 10, 14, 22, 25, 29, 32, 41, 55, 61, 64, 65, 70, 71, 83, 84, 86, 91, 92, 94, 95]
   Fitness: 35.0
     Total: 24
Violations: 1 1

Individual: [2, 4, 7, 9, 17, 19, 23, 24, 28, 35, 38, 43, 55, 56, 65, 78, 80, 83, 85, 94, 96, 97, 99]
   Fitness: 34.5
     Total: 23
Violations: 0 0

Individual: [2, 4, 7, 8, 11, 13, 25, 27, 28, 32, 35, 44, 58, 65, 67, 71, 73, 82, 83, 85, 87, 90, 94, 96, 100]
   Fitness: 35.5
     Total: 25
Violations: 2 2

Individual: [4, 6, 7, 12, 13, 15, 16, 27, 29, 30, 34, 36, 37, 40, 69, 71, 75, 77, 78, 82, 88, 90, 91, 96, 97, 99, 100]
   Fitness: 37.5
     Total: 27
Violations: 3 3

Individual: [3, 7, 9, 10, 12, 19, 20, 22, 23, 38, 40, 48, 49, 62, 63, 65, 72, 80, 85, 91, 93, 94, 99, 100]
   Fitness: 34.0
     Total: 24
Violations: 2 2

Individual: [3, 5, 9, 11, 12, 16, 25, 26, 28, 32, 33, 35, 37, 68, 70, 73, 75, 79, 86, 89, 91, 94, 95, 98, 100]
   Fitness: 36.5
     Total: 25
Violations: 1 1

Individual: [1, 3, 5, 6, 13, 14, 15, 19, 26, 28, 30, 31, 40, 44, 63, 70, 71, 72, 76, 78, 88, 89, 91, 92, 97, 99]
   Fitness: 34.0
     Total: 26
Violations: 5 5
