10
50
-43.5 -230.821
-43.5 -189.245
-43.5 -192.372
-31.5 -200.325
-31.5 -201.381
-30.5 -205.61
-30.5 -190.168
-5.5 -194.489
-5.5 -182.454
-5.5 -191.088
-5.5 -193.923
-5.5 -187.34
-5.5 -182.963
-5.5 -184.816
-5.5 -186.835
-5.5 -195.191
-5.5 -191.788
-5.5 -195.392
-5.5 -185.183
-5.5 -193.041
-5.5 -185.101
-5.5 -183.702
-5.5 -190.856
-4.0 -191.362
-4.0 -182.242
-4.0 -183.531
-4.0 -195.059
-4.0 -193.899
-4.0 -183.813
-4.0 -186.696
-4.0 -194.12
-4.0 -189.444
-4.0 -188.6
-4.0 -198.333
-4.0 -192.637
-4.0 -183.018
-4.0 -178.553
-4.0 -197.448
-4.0 -174.902
-4.0 -179.96
-4.0 -194.819
-4.0 -191.821
-4.0 -179.002
-4.0 -179.555
-4.0 -184.224
-4.0 -190.036
-4.0 -186.006
-4.0 -195.25
-4.0 -190.773
-4.0 -189.118
50
-41.5 -227.496
-38.5 -188.199
-38.5 -195.185
-36.0 -213.633
-36.0 -197.483
-33.0 -182.346
-30.0 -183.404
-25.5 -187.707
-25.5 -196.397
-14.5 -199.298
-14.5 -194.78
-14.5 -186.075
-14.5 -189.207
-14.5 -189.044
-14.5 -192.994
-14.5 -183.86
-14.5 -184.382
-14.5 -185.286
-14.5 -189.144
-6.0 -199.466
-6.0 -198.619
-6.0 -178.837
-6.0 -179.576
-6.0 -185.35
-6.0 -197.107
-6.0 -190.002
-6.0 -180.352
-6.0 -189.805
-6.0 -189.192
-6.0 -188.45
-6.0 -188.504
-6.0 -190.613
-6.0 -188.848
-6.0 -192.668
-6.0 -186.148
-6.0 -188.526
-6.0 -191.02
-6.0 -189.655
-6.0 -182.194
-6.0 -187.224
-6.0 -190.69
-6.0 -196.798
-6.0 -188.549
-6.0 -191.467
-6.0 -191.012
-6.0 -185.147
-6.0 -177.377
-6.0 -188.036
-6.0 -188.228
-6.0 -183.299
50
-27.5 -234.843
-27.0 -192.424
-27.0 -195.85
-27.0 -193.098
-27.0 -188.955
-27.0 -189.83
-27.0 -187.874
-27.0 -190.883
-25.5 -200.796
-24.0 -197.544
-19.0 -193.742
-19.0 -195.334
-19.0 -188.843
-19.0 -179.398
-19.0 -185.391
-19.0 -183.309
-12.5 -184.597
-12.5 -190.632
-12.5 -188.991
-12.5 -193.477
-12.5 -186.949
-12.5 -192.512
-12.5 -202.038
-12.5 -185.162
-12.5 -186.135
-12.5 -184.435
-12.5 -179.178
-12.5 -190.302
-12.5 -182.014
-12.5 -186.997
-12.5 -180.654
-9.5 -181.481
-9.5 -187.917
-9.5 -179.422
-9.5 -191.812
8.5 -188.042
8.5 -174.598
8.5 -174.588
8.5 -189.475
8.5 -176.155
8.5 -178.912
8.5 -184.343
8.5 -192.976
8.5 -181.163
8.5 -177.889
8.5 -204.105
8.5 -191.461
8.5 -180.533
8.5 -191.466
8.5 -186.794
50
-53.0 -239.043
-43.5 -207.385
-27.0 -195.567
-27.0 -195.881
-27.0 -184.071
-27.0 -173.127
-27.0 -204.25
-27.0 -204.112
-27.0 -191.818
-27.0 -186.197
-18.0 -181.668
-15.5 -200.001
-15.5 -198.802
-15.5 -195.637
-15.5 -196.291
-15.5 -194.722
-15.5 -193.732
-15.5 -183.61
-15.5 -184.667
-15.5 -180.234
-15.5 -194.237
-15.5 -194.278
-15.5 -193.265
-15.5 -184.271
-15.5 -202.32
-15.5 -190.236
-15.5 -181.794
-15.5 -181.36
-15.5 -190.59
-15.5 -196.033
-15.5 -194.584
-15.5 -183.885
-15.5 -193.084
-15.5 -184.25
-15.5 -192.347
-15.5 -195.216
-15.5 -187.864
-9.5 -180.807
-9.5 -191.193
-9.5 -178.761
-9.5 -190.03
-9.5 -189.27
-9.5 -192.077
-9.5 -190.896
-9.5 -192.159
-6.5 -186.585
-6.5 -195.706
-6.5 -196.65
-6.5 -187.957
-6.5 -192.38
50
-66.5 -229.909
-56.5 -204.119
-47.5 -193.386
-47.5 -202.836
-43.5 -195.002
-14.5 -196.706
-14.5 -184.106
-14.5 -191.505
-14.5 -198.364
-14.5 -185.103
-14.5 -186.246
-10.0 -184.585
-10.0 -191.068
-10.0 -187.505
-10.0 -173.559
-10.0 -190.11
-10.0 -189.903
-10.0 -184.419
-10.0 -188.838
-4.5 -192.679
-4.5 -194.585
-4.5 -193.393
-4.5 -188.409
-4.5 -185.612
-4.5 -195.633
-4.5 -191.447
-4.5 -186.386
-4.5 -192.507
-4.5 -187.122
-4.5 -178.158
-4.5 -183.074
-4.5 -196.414
-4.5 -201.732
-4.5 -183.766
-4.5 -180.441
-4.5 -181.237
-4.5 -187.452
-4.5 -182.696
-4.5 -189.111
-4.5 -185.987
-4.5 -187.671
-4.5 -186.359
-4.5 -184.613
-4.5 -182.387
-4.5 -178.304
-4.5 -192.963
-4.5 -186.812
-4.5 -192.449
-4.5 -189.13
-4.5 -197.5
50
-48.0 -237.126
-39.5 -190.503
-2.5 -194.718
-2.5 -194.822
-2.5 -193.516
-2.5 -188.473
-2.5 -192.804
-2.5 -193.215
-2.5 -189.193
-2.5 -196.116
-2.5 -191.984
-2.5 -199.018
-2.5 -183.758
-2.5 -192.513
-2.5 -187.798
-2.5 -189.897
-2.5 -189.717
-2.5 -199.947
-2.5 -192.041
-2.5 -196.659
-2.5 -180.995
-2.5 -189.235
-2.5 -183.929
-2.5 -183.913
-2.5 -197.059
-2.5 -188.991
-2.5 -188.555
-2.5 -184.529
-2.5 -180.523
-2.5 -186.066
-2.5 -188.905
-2.5 -194.798
-2.5 -184.536
-2.5 -189.482
-2.5 -193.509
-2.5 -189.071
-2.5 -190.268
-2.5 -195.575
-2.5 -187.702
-2.5 -189.842
-2.5 -182.583
-2.5 -190.383
-2.5 -195.117
-2.5 -192.753
-2.5 -188.864
-2.5 -183.923
-2.5 -187.637
-2.5 -204.562
-2.5 -185.707
-2.5 -182.607
50
-48.5 -231.174
-44.0 -196.562
-25.5 -196.24
-17.0 -201.257
-17.0 -186.608
-17.0 -191.143
-17.0 -181.53
-17.0 -190.237
-17.0 -192.928
-17.0 -191.25
-10.5 -190.043
-10.5 -185.046
-10.5 -192.495
-10.5 -186.272
-10.5 -183.126
-10.5 -190.185
-10.5 -183.358
-10.5 -184.297
-10.5 -201.675
-10.5 -193.2
-10.5 -200.024
-10.5 -194.648
-10.5 -182.516
-10.5 -194.905
-10.5 -190.061
-10.5 -189.0
-10.5 -192.327
-10.5 -183.497
-10.5 -180.018
-10.5 -190.354
-10.5 -188.465
-10.5 -187.407
-10.5 -186.686
-10.5 -172.696
-10.5 -178.866
-10.5 -193.889
-10.5 -188.898
-10.5 -199.663
-10.5 -190.036
-10.5 -183.798
-10.5 -196.882
-10.5 -198.462
-10.5 -188.286
-10.5 -191.575
-10.5 -183.371
-10.5 -175.025
-10.5 -179.369
-10.5 -178.887
-10.5 -179.675
-10.5 -187.595
50
-46.5 -231.873
-35.5 -200.684
-35.5 -197.98
-34.5 -196.315
-12.0 -184.842
-12.0 -187.797
-12.0 -185.185
-12.0 -196.687
-12.0 -169.666
-12.0 -192.706
-12.0 -195.822
-12.0 -186.262
-12.0 -185.187
-12.0 -218.239
-12.0 -191.66
-12.0 -196.258
-12.0 -194.175
-12.0 -190.776
-12.0 -194.181
-12.0 -197.512
-12.0 -184.693
-12.0 -195.21
-12.0 -198.509
-12.0 -188.641
-12.0 -178.75
-12.0 -193.209
-12.0 -183.9
-12.0 -186.948
-12.0 -188.102
-12.0 -188.594
-12.0 -179.89
-12.0 -177.409
-12.0 -187.357
-12.0 -184.072
-12.0 -186.106
-2.0 -198.563
-2.0 -191.46
-2.0 -194.297
-2.0 -187.749
-2.0 -186.506
-2.0 -199.618
-2.0 -194.719
-2.0 -185.261
-2.0 -181.968
-2.0 -186.349
-2.0 -190.938
-2.0 -191.193
-2.0 -192.378
-2.0 -177.677
-2.0 -175.511
50
-50.0 -227.642
-17.0 -203.102
-17.0 -191.063
-17.0 -196.905
-17.0 -193.675
-17.0 -187.263
-17.0 -184.966
-17.0 -184.616
-11.5 -187.036
-11.5 -186.611
-11.5 -189.874
-11.5 -190.715
-11.5 -207.016
-11.5 -191.959
-11.5 -187.529
-11.5 -194.19
-11.5 -207.976
-11.5 -193.526
-11.5 -189.433
-9.0 -188.992
-9.0 -187.864
-9.0 -181.877
-9.0 -196.061
-3.5 -185.888
-3.5 -192.496
-3.5 -182.482
-3.5 -187.613
-3.5 -188.656
-3.5 -185.818
-3.5 -189.18
-3.5 -187.493
-3.5 -188.624
-3.5 -190.474
-3.5 -186.545
-3.5 -186.881
-3.5 -194.16
-3.5 -179.217
-3.5 -190.997
-3.5 -194.633
-3.5 -187.648
-3.5 -182.385
-3.5 -175.931
-3.5 -183.534
-3.5 -175.474
-3.5 -183.487
-3.5 -189.859
-3.5 -182.468
-3.5 -189.816
-3.5 -194.431
-3.5 -180.985
50
-7.0 -231.349
-7.0 -202.228
-7.0 -202.887
-7.0 -183.599
-7.0 -183.399
-7.0 -177.06
-7.0 -181.812
-7.0 -191.531
-7.0 -182.333
-7.0 -177.625
-7.0 -192.972
-7.0 -188.592
-7.0 -175.097
-7.0 -180.55
-7.0 -178.033
-7.0 -188.869
-7.0 -179.525
-7.0 -181.748
-7.0 -176.104
-5.0 -192.883
-5.0 -186.999
-5.0 -189.041
-5.0 -184.446
-5.0 -185.601
-5.0 -189.638
-5.0 -192.25
-5.0 -189.157
-5.0 -188.651
-5.0 -189.902
-5.0 -185.269
-5.0 -185.324
-5.0 -188.076
-5.0 -188.766
-5.0 -185.951
-5.0 -182.978
-5.0 -184.393
-5.0 -183.79
-5.0 -185.446
-5.0 -181.697
-5.0 -181.974
-5.0 -178.546
-5.0 -183.348
-5.0 -184.377
-5.0 -190.349
-5.0 -189.792
-5.0 -186.748
-5.0 -182.509
-5.0 -194.047
-5.0 -190.826
-5.0 -189.017

Individual: [1, 3, 6, 10, 11, 15, 16, 17, 18, 20, 27, 31, 46, 51, 52, 53, 60, 66, 70, 71, 72, 73, 76, 78, 80, 81, 93, 96, 97, 100]
   Fitness: -4.0
     Total: 30
Violations: 49 23

Individual: [2, 10, 14, 20, 28, 31, 36, 43, 47, 48, 54, 56, 57, 58, 59, 61, 63, 65, 66, 68, 70, 82, 86, 92, 93, 97]
   Fitness: -6.0
     Total: 26
Violations: 45 16

Individual: [3, 4, 6, 7, 12, 13, 16, 21, 23, 28, 36, 45, 47, 51, 55, 68, 71, 72, 73, 77, 79, 88, 93, 94, 95, 96, 98, 99, 100]
   Fitness: 8.5
     Total: 29
Violations: 35 21

Individual: [9, 15, 25, 28, 30, 36, 39, 40, 42, 45, 48, 49, 51, 55, 58, 60, 64, 70, 72, 73, 75, 78, 81, 83, 84, 85, 91, 94, 100]
   Fitness: -6.5
     Total: 29
Violations: 50 22

Individual: [4, 6, 7, 8, 9, 12, 18, 22, 25, 34, 36, 39, 44, 45, 55, 56, 57, 58, 63, 67, 70, 78, 79, 80, 81, 83, 94, 98, 100]
   Fitness: -4.5
     Total: 29
Violations: 48 23

Individual: [6, 7, 8, 14, 15, 18, 21, 25, 26, 30, 31, 38, 43, 44, 49, 51, 54, 59, 60, 62, 75, 80, 81, 88, 91, 93, 96, 97, 99]
   Fitness: -2.5
     Total: 29
Violations: 46 19

Individual: [1, 2, 3, 4, 6, 13, 17, 19, 24, 29, 34, 36, 42, 43, 46, 49, 53, 64, 65, 73, 76, 78, 79, 80, 83, 84, 85, 86, 90, 93, 99]
   Fitness: -10.5
     Total: 31
Violations: 57 25

Individual: [2, 5, 9, 10, 14, 15, 17, 19, 21, 24, 26, 30, 31, 33, 39, 42, 46, 49, 54, 55, 61, 76, 77, 85, 86, 87, 92, 97, 100]
   Fitness: -0.5
     Total: 29
Violations: 44 22

Individual: [4, 6, 8, 10, 11, 12, 23, 24, 26, 30, 31, 32, 33, 35, 43, 45, 55, 61, 62, 63, 67, 69, 77, 79, 86, 93, 94, 99, 100]
   Fitness: -3.5
     Total: 29
Violations: 47 20

Individual: [1, 3, 5, 10, 11, 12, 13, 14, 15, 25, 28, 33, 37, 39, 41, 43, 52, 60, 61, 64, 66, 71, 77, 87, 91, 94]
   Fitness: -5.0
     Total: 26
Violations: 44 20
