10
500
-73.5 -222.215
-41.0 -145.28
-37.5 -106.2
-13.0 -86.88
-10.5 -69.53
-5.5 -61.85
1.0 -49.555
1.0 -48.895
1.0 -45.5
11.0 -41.885
12.0 -30.59
12.0 -28.2
12.0 -23.505
15.5 -22.12
15.5 -20.59
15.5 -18.75
15.5 -17.35
15.5 -16.045
15.5 -15.58
15.5 -16.365
15.5 -17.185
15.5 -16.895
15.5 -15.115
15.5 -17.415
15.5 -15.025
19.0 -9.605
19.0 -11.125
19.0 -12.915
19.0 -13.205
19.0 -14.07
22.0 -14.465
22.0 -14.36
22.0 -11.995
22.0 -14.21
22.0 -9.645
22.0 -8.335
22.0 -10.24
22.0 -11.615
22.0 -7.315
22.0 -6.49
22.0 -7.105
25.0 -7.445
25.0 -11.26
25.0 -12.735
25.0 -10.205
25.0 -7.355
25.0 -5.235
25.0 -6.12
25.0 -12.33
25.0 -12.005
25.0 -7.965
25.0 -7.155
25.0 -7.145
25.0 -6.425
25.0 -5.285
25.0 -6.335
25.0 -10.26
25.0 -7.985
25.0 -9.55
25.0 -8.145
25.0 -9.18
25.0 -10.5
25.0 -9.75
25.0 -8.64
25.0 -5.24
25.0 -6.345
25.0 -5.55
25.0 -7.77
25.0 -8.01
25.0 -5.905
25.0 -10.6
25.0 -11.02
25.0 -6.285
25.0 -10.175
25.0 -6.85
25.0 -6.08
25.0 -5.51
25.0 -5.325
25.0 -5.19
25.0 -7.075
25.0 -8.825
25.0 -7.21
25.0 -4.0
25.0 -7.085
25.0 -5.825
25.5 -6.16
25.5 -2.105
25.5 -4.1
25.5 -3.775
25.5 -3.745
25.5 -5.795
25.5 -4.785
25.5 -6.68
25.5 -7.075
25.5 -8.895
25.5 -6.795
25.5 -7.705
25.5 -8.87
25.5 -9.8
25.5 -9.67
25.5 -5.395
25.5 -4.02
25.5 -4.425
25.5 -5.745
25.5 -4.155
25.5 -2.76
25.5 -1.97
25.5 -4.56
25.5 -6.37
25.5 -4.14
25.5 -3.56
25.5 -0.67
25.5 -0.8
25.5 -4.18
25.5 -3.965
25.5 -4.535
25.5 -2.575
25.5 -2.98
25.5 -4.395
25.5 -5.555
25.5 -2.265
25.5 -4.82
25.5 -4.94
25.5 -3.78
25.5 -5.76
25.5 -5.69
25.5 -7.165
25.5 -6.605
25.5 -6.03
25.5 -10.84
25.5 -8.725
25.5 -9.69
25.5 -10.875
25.5 -7.255
25.5 -4.51
25.5 -8.29
25.5 -6.68
25.5 -5.67
25.5 -3.435
25.5 -5.095
25.5 -5.805
25.5 -6.215
25.5 -7.305
25.5 -2.395
25.5 -3.53
25.5 -6.235
25.5 -6.705
25.5 -6.07
25.5 -7.035
25.5 -6.425
25.5 -5.625
25.5 -6.285
25.5 -6.96
25.5 -1.695
25.5 -4.72
25.5 -1.54
25.5 -7.005
25.5 -6.175
25.5 -5.955
25.5 -8.015
25.5 -6.58
25.5 -8.275
25.5 -8.08
25.5 -5.69
25.5 -1.075
25.5 -1.065
25.5 -0.1
25.5 -1.405
25.5 -2.29
25.5 -1.555
25.5 -2.73
25.5 -3.925
25.5 -7.225
25.5 -6.12
25.5 -5.51
25.5 -7.665
25.5 -3.285
25.5 -5.98
25.5 -2.885
25.5 -2.755
25.5 -4.46
25.5 -4.25
25.5 -4.595
25.5 -3.575
25.5 -3.455
25.5 -3.975
25.5 -5.96
25.5 -2.72
25.5 -1.635
25.5 -3.24
25.5 -1.72
26.0 -3.71
26.0 -7.13
26.0 -8.055
26.0 -6.4
26.0 -4.865
26.0 -4.835
26.0 -9.17
26.0 -5.685
26.0 -4.74
26.0 -7.325
26.0 -6.93
26.0 -4.415
26.5 -3.405
26.5 -0.81
26.5 -3.315
26.5 -4.255
28.5 -3.165
28.5 -5.005
28.5 -7.035
28.5 -4.85
28.5 -2.035
28.5 -3.48
28.5 -5.205
28.5 -2.88
28.5 -4.775
28.5 -4.615
28.5 -4.08
28.5 -2.05
28.5 -4.345
28.5 -5.305
28.5 -3.49
28.5 -1.44
28.5 -2.435
28.5 -5.945
28.5 -7.945
28.5 -6.975
28.5 -5.545
28.5 -4.215
28.5 -1.515
28.5 -0.34
28.5 1.2
28.5 -0.17
28.5 -1.81
28.5 -2.65
28.5 0.265
28.5 -3.225
28.5 -2.895
28.5 -1.395
28.5 -0.55
28.5 -2.045
28.5 -4.16
28.5 -3.375
28.5 -4.85
28.5 -6.505
28.5 -5.12
28.5 -4.775
28.5 -5.29
28.5 -0.65
28.5 -3.535
28.5 -4.915
28.5 -4.455
28.5 -7.435
28.5 -3.355
28.5 -0.46
28.5 -3.42
28.5 -3.305
28.5 -2.225
28.5 -0.6
28.5 -3.025
28.5 -0.895
28.5 -2.62
28.5 -4.375
28.5 -4.25
28.5 -3.955
28.5 -2.385
28.5 -4.365
28.5 -5.125
28.5 -4.08
28.5 -3.715
28.5 -3.555
28.5 -1.715
28.5 -8.735
28.5 -5.385
28.5 -7.865
28.5 -6.095
28.5 -5.58
28.5 -3.685
28.5 -6.52
28.5 -3.61
28.5 -4.815
28.5 -5.36
28.5 -8.485
28.5 -7.57
28.5 -7.28
28.5 -6.765
28.5 -8.695
28.5 -5.97
28.5 0.585
28.5 -1.025
28.5 -2.01
28.5 -6.83
28.5 -11.78
28.5 -8.515
28.5 -3.84
28.5 0.855
28.5 -1.87
28.5 -4.495
28.5 -6.705
28.5 -5.285
28.5 -5.925
28.5 -11.79
28.5 -8.02
28.5 -8.63
28.5 -3.97
28.5 -6.745
28.5 -5.43
28.5 -8.655
28.5 -7.965
28.5 -6.75
28.5 -9.665
28.5 -7.725
28.5 -8.125
28.5 -10.52
28.5 -6.9
28.5 -5.035
28.5 -3.055
28.5 -3.855
28.5 -10.4
28.5 -10.365
28.5 -9.32
28.5 -7.205
28.5 -7.19
28.5 -3.165
28.5 -0.605
28.5 -7.86
28.5 -5.94
28.5 -8.745
28.5 -5.535
28.5 -5.525
28.5 -3.58
28.5 -3.05
28.5 -6.045
28.5 -3.42
28.5 -4.615
28.5 -7.455
28.5 -8.155
28.5 -7.915
28.5 -8.41
28.5 -6.71
28.5 -6.495
28.5 -7.135
28.5 -4.525
28.5 -6.875
28.5 -8.5
28.5 -6.205
28.5 -5.935
28.5 -4.605
28.5 -8.82
28.5 -7.255
28.5 -5.905
28.5 -5.455
28.5 -8.605
28.5 -8.08
28.5 -7.54
28.5 -5.865
28.5 -1.33
28.5 -1.81
28.5 -2.305
28.5 -6.745
28.5 -6.355
28.5 -6.515
28.5 -8.52
28.5 -4.51
28.5 -6.755
28.5 -7.96
28.5 -4.985
28.5 -3.995
28.5 -3.375
28.5 -4.12
28.5 -4.28
28.5 -4.89
28.5 -4.425
28.5 -6.555
28.5 -5.935
28.5 -7.43
28.5 -8.31
28.5 -7.04
28.5 -0.47
28.5 -5.24
28.5 -8.05
28.5 -8.65
28.5 -9.55
28.5 -11.925
28.5 -8.83
28.5 -2.505
28.5 -2.895
28.5 -2.665
28.5 -1.98
28.5 -5.145
28.5 -7.03
28.5 -5.06
28.5 -7.78
28.5 -7.045
28.5 -6.92
28.5 -1.22
28.5 -2.385
28.5 -3.475
28.5 -3.81
28.5 -5.645
28.5 -6.54
28.5 -8.42
28.5 -9.33
28.5 -7.365
28.5 -6.84
28.5 -6.6
28.5 -6.94
28.5 -5.73
28.5 -2.03
28.5 -2.375
28.5 -5.88
28.5 -6.705
28.5 -3.885
28.5 -4.325
28.5 -0.175
28.5 -6.755
28.5 -7.71
28.5 -10.085
28.5 -12.105
28.5 -9.39
28.5 -7.225
28.5 -4.635
28.5 -5.715
28.5 -5.085
28.5 -3.425
28.5 -7.17
28.5 -6.61
28.5 -6.515
28.5 -6.53
28.5 -5.67
28.5 -8.205
28.5 -5.635
28.5 -7.725
28.5 -8.31
28.5 -7.47
28.5 -10.38
28.5 -8.7
28.5 -9.89
28.5 -10.695
28.5 -10.575
28.5 -3.835
28.5 -6.14
28.5 -6.28
28.5 -4.725
28.5 -5.47
28.5 -8.72
28.5 -8.715
28.5 -7.9
28.5 -9.255
28.5 -8.06
28.5 -8.175
28.5 -6.38
28.5 -5.475
28.5 -7.535
28.5 -7.88
28.5 -7.935
28.5 -6.105
28.5 -6.31
28.5 -5.77
28.5 -3.845
28.5 -2.27
28.5 -5.655
28.5 -3.94
28.5 -0.65
28.5 -4.21
28.5 -5.09
28.5 -6.97
28.5 -9.65
28.5 -7.375
28.5 -5.855
28.5 -7.93
28.5 -8.57
28.5 -8.61
28.5 -7.125
28.5 -4.405
28.5 -7.535
28.5 -6.61
28.5 -2.965
28.5 -7.505
28.5 -7.48
28.5 -8.22
28.5 -11.545
28.5 -7.585
28.5 -7.23
28.5 -2.585
28.5 -2.95
28.5 -6.695
28.5 -8.005
28.5 -4.875
28.5 -6.575
28.5 -4.83
28.5 -4.03
28.5 -1.57
28.5 -5.015
28.5 -5.195
28.5 -5.5
28.5 -6.755
28.5 -10.625
28.5 -2.25
28.5 -5.155
500
-76.0 -238.99
-44.0 -162.595
-12.0 -114.85
8.0 -88.89
8.0 -69.895
8.0 -53.625
8.0 -42.845
8.0 -36.705
8.0 -33.045
15.5 -31.325
15.5 -24.695
15.5 -19.04
15.5 -19.535
15.5 -17.755
15.5 -18.79
17.0 -19.19
17.0 -17.88
17.0 -21.105
17.0 -16.89
17.5 -15.05
19.5 -13.445
19.5 -18.905
19.5 -14.165
19.5 -9.03
20.0 -9.165
22.0 -7.095
22.0 -9.47
22.0 -8.88
22.0 -12.55
22.0 -13.51
22.0 -8.765
22.0 -7.545
22.0 -8.075
22.0 -10.52
22.0 -14.13
22.0 -12.315
22.0 -9.42
22.0 -9.49
22.0 -11.43
22.0 -12.285
22.0 -10.005
22.0 -11.875
22.0 -11.595
22.0 -14.95
22.0 -9.48
25.0 -10.315
25.0 -6.455
25.0 -10.07
25.0 -9.92
25.0 -7.245
25.0 -10.295
25.0 -7.035
25.0 -4.635
25.0 -5.655
25.0 -10.515
25.0 -8.35
25.0 -12.855
25.0 -8.095
25.0 -8.245
25.0 -9.5
25.0 -8.625
25.0 -9.595
25.0 -7.95
25.0 -9.695
25.0 -9.345
25.0 -7.315
25.0 -9.67
25.0 -9.715
25.0 -6.815
25.0 -5.815
25.0 -10.215
25.0 -6.285
25.0 -12.4
25.0 -7.53
25.0 -7.815
25.0 -7.245
25.0 -7.425
25.0 -10.14
25.0 -12.795
25.0 -7.135
25.0 -8.505
25.0 -6.605
25.0 -8.7
25.0 -8.095
25.0 -11.86
25.0 -7.575
25.0 -10.965
25.0 -8.915
25.0 -10.2
25.0 -8.91
25.0 -10.115
25.0 -6.45
25.0 -5.035
25.0 -6.31
25.0 -8.99
25.0 -9.285
25.0 -4.755
25.0 -4.355
25.0 -4.22
25.0 -3.66
25.0 -4.61
25.0 -4.11
25.0 -6.63
25.0 -8.245
25.0 -2.41
25.0 -7.93
25.0 -4.31
25.0 -6.415
25.0 -7.53
25.0 -7.925
25.0 -4.58
25.0 -3.385
25.0 -8.095
25.0 -9.3
25.0 -10.83
25.0 -8.225
25.0 -5.37
25.0 -10.425
25.0 -6.155
25.0 -9.67
25.0 -9.87
25.0 -9.685
25.0 -9.56
25.0 -5.56
25.0 -8.72
25.0 -10.93
25.0 -8.025
25.0 -5.3
25.0 -6.04
25.0 -8.34
25.0 -7.825
25.0 -6.755
25.0 -9.35
25.0 -8.37
25.0 -11.59
25.0 -12.825
25.0 -8.825
25.0 -6.66
25.0 -5.97
25.0 -8.005
25.0 -6.095
25.0 -7.97
25.0 -7.94
25.0 -5.485
25.0 -8.33
25.0 -12.005
25.0 -6.935
25.0 -4.405
25.0 -6.895
25.0 -7.215
25.0 -6.005
25.0 -4.725
25.0 -4.35
25.0 -8.91
25.0 -8.935
25.0 -7.87
25.0 -7.675
25.0 -10.75
25.0 -7.305
25.0 -4.92
25.0 -4.395
25.0 -2.885
25.0 -6.105
25.0 -6.71
25.0 -6.355
25.0 -6.36
25.0 -9.585
25.0 -8.18
25.0 -5.155
25.0 -2.4
25.0 -5.46
25.0 -6.46
25.0 -8.925
25.0 -9.45
25.0 -4.56
25.0 -6.23
25.0 -6.46
25.0 -5.525
25.0 -7.1
25.0 -3.045
25.0 -5.785
25.0 -6.52
25.0 -5.24
25.0 -8.095
25.0 -3.98
25.0 -7.565
25.0 -7.65
25.0 -6.885
25.0 -7.54
25.0 -9.635
25.0 -11.21
25.0 -7.06
25.0 -8.255
25.0 -11.78
25.0 -7.955
25.0 -5.195
25.0 -7.48
25.0 -8.205
25.0 -9.105
25.0 -5.64
25.0 -5.1
25.0 -6.885
25.0 -3.97
25.0 -5.63
25.0 -4.99
25.0 -9.225
25.0 -6.22
25.0 -9.295
25.0 -14.62
25.0 -11.2
25.0 -8.825
25.0 -7.53
25.0 -5.535
25.0 -5.925
25.0 -2.7
25.0 -1.595
25.0 -6.515
25.0 -4.25
25.0 -3.975
25.0 -7.26
25.0 -6.36
25.0 -5.74
25.5 -3.65
25.5 -6.01
25.5 -3.26
25.5 -6.185
25.5 -8.205
25.5 -7.295
25.5 -8.22
25.5 -6.625
25.5 -3.7
25.5 -5.64
25.5 -6.34
25.5 -4.97
25.5 -5.945
25.5 -11.105
25.5 -9.3
25.5 -8.045
25.5 -11.145
25.5 -11.2
25.5 -8.47
25.5 -6.7
25.5 -8.715
25.5 -5.39
25.5 -5.155
25.5 -5.015
25.5 -8.565
25.5 -2.875
25.5 -4.415
25.5 -9.39
25.5 -9.015
25.5 -12.675
25.5 -12.255
25.5 -8.475
25.5 -7.73
25.5 -7.285
25.5 -7.355
25.5 -4.875
25.5 -8.33
25.5 -8.55
25.5 -11.41
25.5 -5.9
25.5 -5.69
25.5 -5.17
25.5 -6.36
25.5 -4.185
25.5 -5.415
25.5 -4.88
25.5 -5.86
25.5 -7.13
25.5 -6.8
25.5 -6.805
25.5 -9.965
25.5 -10.205
25.5 -6.485
25.5 -5.05
25.5 -4.74
25.5 -3.085
25.5 -6.345
25.5 -4.195
25.5 -4.67
25.5 -4.14
25.5 -6.245
25.5 -3.47
25.5 -6.92
25.5 -5.65
25.5 -7.21
25.5 -7.535
25.5 -7.11
25.5 -9.82
25.5 -9.48
26.0 -7.035
26.0 -6.77
26.0 -10.195
26.0 -6.04
26.0 -5.89
26.0 -3.635
26.0 -5.305
26.0 -4.98
26.0 -3.77
26.0 -8.285
26.0 -5.1
26.0 -4.97
26.0 -5.425
26.0 -4.655
26.0 -6.365
26.0 -6.7
26.0 -3.855
26.0 -10.875
26.0 -12.075
26.0 -6.34
26.0 -7.045
26.0 -7.385
26.0 -7.43
26.0 -5.85
26.0 -5.72
26.0 -4.65
26.0 -7.025
26.0 -6.075
26.0 -6.375
26.0 -5.655
26.0 -5.175
26.0 -9.755
26.0 -9.3
26.0 -8.59
26.0 -8.32
26.0 -5.44
26.0 -7.175
26.0 -6.175
26.0 -5.49
26.0 -1.615
26.0 -5.365
26.0 -7.065
26.0 -8.905
26.0 -9.905
26.0 -6.515
26.0 -7.885
26.0 -12.58
26.0 -7.905
26.0 -7.585
26.0 -6.46
26.0 -6.265
26.0 -5.49
26.0 -12.855
26.0 -11.265
26.0 -6.225
26.0 -7.05
26.0 -10.785
26.0 -11.88
26.0 -7.485
26.0 -5.45
26.0 -5.635
26.0 -4.875
26.0 -6.955
26.0 -10.3
26.0 -8.51
26.0 -6.2
26.0 -8.205
26.0 -4.66
26.0 -6.405
26.0 -9.105
26.0 -13.22
26.0 -7.59
26.0 -9.78
26.0 -11.295
26.0 -6.175
26.0 -4.925
26.0 -6.975
26.0 -7.16
26.0 -10.25
26.0 -7.72
26.0 -7.575
26.0 -11.01
26.0 -11.185
26.0 -9.84
26.0 -6.74
26.0 -8.085
26.0 -11.74
26.0 -9.39
26.0 -8.345
26.0 -11.435
26.0 -8.68
26.0 -3.495
26.0 -3.38
26.0 -7.63
26.0 -9.75
26.0 -10.9
26.0 -8.605
26.0 -6.575
26.0 -9.6
26.0 -12.52
26.0 -10.03
26.0 -10.61
26.0 -8.895
26.0 -8.815
26.0 -3.955
26.0 -3.16
26.0 -8.875
26.0 -9.565
26.0 -8.67
26.0 -8.14
26.0 -6.39
26.5 -3.02
26.5 -5.385
26.5 -5.21
26.5 -4.095
26.5 -2.58
26.5 -4.28
26.5 -6.375
26.5 -8.99
26.5 -8.315
26.5 -6.14
26.5 -5.09
26.5 -9.71
26.5 -10.325
26.5 -7.975
26.5 -6.63
26.5 -5.905
26.5 -4.74
26.5 -7.07
26.5 -7.225
26.5 -3.93
26.5 -8.915
26.5 -5.845
26.5 -1.295
26.5 -5.145
26.5 -2.6
26.5 -1.085
26.5 -5.295
26.5 -1.735
26.5 -3.135
26.5 -3.595
26.5 -3.77
26.5 -4.685
26.5 -3.165
26.5 -3.21
26.5 -0.97
26.5 -4.81
26.5 -1.235
26.5 -5.805
26.5 -3.18
26.5 -5.765
26.5 -2.565
26.5 -4.13
26.5 -6.355
26.5 -5.755
26.5 -5.175
26.5 -6.515
26.5 -5.37
26.5 -0.545
26.5 -3.315
26.5 -9.845
26.5 -7.365
26.5 -7.695
26.5 -6.495
26.5 -3.19
26.5 -4.965
26.5 -2.315
26.5 -6.365
26.5 -6.695
26.5 -4.135
26.5 -4.375
26.5 -2.105
26.5 -2.11
26.5 -6.245
26.5 -6.675
26.5 -5.455
26.5 -3.59
26.5 -3.545
26.5 -3.74
26.5 -5.71
26.5 -5.355
26.5 -6.915
26.5 -5.48
26.5 -10.62
26.5 -7.805
26.5 -6.825
26.5 -9.955
26.5 -5.34
26.5 -6.365
26.5 -4.2
26.5 -4.365
26.5 -8.25
26.5 -3.515
26.5 -4.965
26.5 -5.885
26.5 -7.845
26.5 -8.51
26.5 -8.205
26.5 -7.38
26.5 -3.975
26.5 -8.02
26.5 -4.375
26.5 -3.745
26.5 -2.16
26.5 -3.455
26.5 -2.89
26.5 -3.67
26.5 -6.845
26.5 -9.235
500
-54.0 -236.405
-5.0 -151.315
-5.0 -112.695
-5.0 -92.505
-5.0 -68.905
-3.5 -54.535
3.0 -46.89
6.5 -45.655
6.5 -38.27
9.5 -42.985
9.5 -34.32
18.5 -32.29
18.5 -27.3
18.5 -22.515
18.5 -22.455
18.5 -20.96
18.5 -15.5
18.5 -17.79
23.0 -15.315
23.0 -11.6
23.0 -15.245
23.0 -15.505
23.0 -13.515
23.0 -10.74
23.0 -10.03
23.0 -7.945
23.0 -8.63
23.0 -9.72
23.0 -13.545
23.0 -7.785
23.0 -7.66
23.0 -6.835
23.0 -11.935
23.0 -10.765
23.0 -8.14
23.0 -9.06
23.0 -11.44
23.0 -11.415
26.0 -8.3
26.0 -6.205
26.0 -7.09
26.0 -6.825
26.0 -7.97
26.0 -7.865
26.0 -5.34
26.0 -8.525
26.0 -6.535
26.0 -3.585
26.0 -2.76
26.0 -0.815
26.0 -2.07
26.0 -3.82
26.0 -4.88
26.0 -6.575
26.0 -8.11
26.0 -6.825
26.0 -5.06
26.0 -3.765
26.0 -4.05
26.0 -5.255
26.0 -5.335
26.0 -4.62
26.0 -5.14
26.0 -2.98
26.0 -4.125
26.0 -6.79
26.0 -7.615
26.0 -4.77
26.0 -6.18
26.0 -5.655
26.0 -3.83
26.0 -3.645
26.0 -4.64
26.0 -6.4
26.0 -6.995
26.0 -3.125
26.0 -6.855
26.0 -8.62
26.0 -6.075
26.0 -5.71
26.0 -5.4
26.0 -4.46
26.0 -3.165
26.0 -5.805
26.0 -5.635
26.0 -6.225
26.0 -9.25
26.0 -1.75
26.0 -4.035
26.0 -4.5
26.0 -2.41
26.0 -2.65
26.0 -3.975
26.0 -6.585
26.0 -4.495
26.0 -5.795
26.0 -3.2
26.0 -3.36
26.0 -3.71
26.0 -3.035
26.0 -4.13
26.0 -5.03
26.0 -4.655
26.0 -7.32
26.0 -6.815
26.0 -10.545
26.0 -7.215
26.0 -4.085
26.0 -2.215
26.0 -7.35
26.0 -8.05
26.0 -8.025
26.0 -5.31
26.0 -8.54
26.0 -5.0
26.0 -6.4
26.0 -4.915
26.0 -2.635
26.0 -2.085
26.0 -5.745
26.0 -5.07
26.0 -5.76
26.0 -6.31
26.0 -3.505
26.0 -6.145
26.0 -5.97
26.0 -7.09
26.0 -3.04
26.0 -2.89
26.0 -1.335
26.0 -1.63
26.0 -2.95
26.0 -5.6
26.0 -2.895
26.0 -2.71
26.0 -1.945
26.0 -3.385
26.0 -1.295
26.0 -2.3
26.0 -4.005
26.0 -6.25
26.0 -4.27
26.0 -7.82
26.0 -8.305
26.0 -4.165
26.0 -5.48
26.0 -6.55
26.0 -3.755
26.0 -4.47
26.0 -2.075
26.0 -0.075
26.0 -1.655
26.0 -5.475
26.0 -5.54
26.0 -5.16
26.0 -6.48
26.0 -2.59
26.0 -3.26
26.0 -4.44
26.0 -2.725
26.0 -5.71
26.0 -5.07
26.0 -3.5
26.0 -1.135
26.0 -1.47
26.0 -0.94
26.0 -3.395
26.0 -1.66
26.0 -2.13
26.0 -2.51
26.0 -5.09
26.0 -2.15
26.0 -2.53
26.0 -1.65
26.0 -3.745
26.0 -3.36
26.0 -8.23
26.0 -2.805
26.0 -5.005
26.0 -3.27
26.0 -4.12
26.0 -1.005
26.0 -2.65
26.0 -4.21
26.0 -4.75
26.0 -5.735
26.0 -3.985
26.0 -0.89
26.0 -2.225
26.0 -2.76
26.0 -0.85
26.0 -0.75
26.0 -2.0
26.0 -2.525
26.0 0.055
26.0 0.61
26.0 -1.275
26.0 0.56
26.0 -0.085
26.0 -5.24
26.0 -2.96
26.0 -2.26
26.0 -5.16
26.0 -5.23
26.0 -4.76
26.0 -1.755
26.0 -2.92
26.0 -2.55
26.0 -4.36
26.0 -8.19
26.0 -4.42
26.0 -1.12
26.0 -3.185
26.0 -2.15
26.0 -3.515
26.0 -1.56
26.0 0.07
26.0 -0.94
26.0 -1.635
26.0 1.265
26.0 -0.455
26.0 -2.515
26.0 -4.705
26.0 1.36
26.0 -4.01
26.0 -4.47
26.0 -7.315
26.0 -2.57
26.0 -4.78
26.0 -4.04
26.0 -3.32
26.0 -2.175
26.0 -4.455
26.0 -1.905
26.5 -2.7
26.5 -8.345
26.5 -4.295
26.5 -5.175
26.5 -5.13
26.5 -5.575
26.5 -2.325
26.5 -2.03
26.5 -4.215
26.5 -3.91
26.5 -5.18
26.5 -2.185
26.5 -2.23
26.5 -3.3
26.5 -2.12
26.5 -2.66
26.5 -2.87
26.5 -3.64
26.5 -4.625
26.5 -5.435
26.5 -6.27
26.5 -6.44
26.5 -4.49
26.5 -7.325
26.5 -2.295
26.5 -1.73
26.5 0.33
26.5 -3.13
26.5 -5.73
26.5 -4.83
26.5 -4.38
26.5 -4.5
26.5 -4.515
26.5 -4.555
26.5 -4.59
26.5 -3.95
26.5 -3.565
26.5 -3.74
26.5 -1.415
26.5 -5.28
26.5 -6.425
26.5 -4.54
26.5 -2.58
26.5 -2.66
26.5 -4.3
26.5 -5.315
26.5 -1.06
26.5 -2.475
26.5 -3.45
26.5 -4.125
26.5 -3.205
27.0 -5.94
27.0 -0.755
27.0 -1.26
27.0 -5.145
27.0 -3.3
27.0 -6.16
27.0 -3.855
27.0 -5.355
27.0 -6.91
27.0 -6.435
27.0 -4.79
27.0 -4.02
27.0 -5.855
27.0 -7.355
27.0 -6.24
27.0 -3.84
27.0 -4.945
27.0 -8.59
27.0 -7.175
27.0 -4.125
27.0 -5.825
27.0 -4.775
27.0 -5.055
27.0 -5.465
27.0 -4.065
27.0 -6.39
27.0 -5.885
27.0 -4.245
27.0 -8.585
27.0 -10.62
27.0 -5.21
27.0 -5.11
27.0 -3.49
27.0 -4.99
27.0 -6.095
27.0 -4.59
27.0 -0.46
27.0 -2.845
27.0 -3.6
27.0 -2.77
27.0 -1.02
27.0 -0.87
27.0 -4.86
27.0 -1.18
27.0 0.615
27.0 -3.23
27.0 -2.37
27.0 -3.64
27.0 -7.725
27.0 -5.29
27.0 -2.87
27.0 -4.97
27.0 -2.545
27.0 -5.765
27.0 -7.33
27.0 -6.02
27.0 -2.64
27.0 -2.475
27.0 -3.58
27.0 -3.8
27.0 -2.65
27.0 -2.595
27.0 -3.69
27.0 -1.26
27.0 -2.955
27.0 -5.775
27.0 -6.345
27.0 0.585
27.0 -3.365
27.0 -4.16
27.0 -3.835
27.0 -4.12
27.0 -2.785
27.0 -2.365
27.0 -0.085
27.0 -4.66
27.0 -4.435
27.0 0.61
27.0 -2.975
27.0 -7.42
27.0 -5.57
27.0 0.405
27.0 -0.825
27.0 -2.495
27.0 -4.08
27.0 -4.92
27.0 -2.05
27.0 -3.645
27.0 -6.935
27.0 -5.535
27.0 -0.715
27.0 -3.935
27.0 -1.825
27.0 -0.945
27.0 -2.955
27.0 -4.635
27.0 -1.235
27.0 -1.005
27.0 -1.845
27.0 -3.89
27.0 -2.05
27.0 -2.135
27.0 -1.94
27.0 -6.58
27.0 -3.315
27.0 -3.87
27.0 -7.435
27.0 -4.48
27.0 -9.885
27.0 -7.675
27.0 -4.895
27.0 -3.975
27.0 -6.26
27.0 -3.18
27.0 -4.65
27.0 -1.96
27.0 -3.6
27.0 -3.975
27.0 -6.01
27.0 -4.135
27.0 -7.41
27.0 -7.85
27.0 -6.245
27.0 -3.375
27.0 -4.81
27.0 -8.415
27.0 -10.06
27.0 -5.37
27.0 -1.535
27.0 -4.035
27.0 -6.92
27.0 -2.33
27.0 -0.83
27.0 -1.355
27.0 -4.025
27.0 -5.145
27.0 -2.795
27.0 -4.96
27.0 -5.015
27.0 -4.185
27.0 -6.67
27.0 -5.155
27.0 -5.75
27.0 -6.495
27.0 -2.145
27.0 -2.555
27.0 -6.075
27.0 -6.775
27.0 -7.58
27.0 -6.465
27.0 -4.82
27.0 -1.935
27.0 -2.695
27.0 -3.05
27.0 -7.355
27.0 -5.165
27.0 -5.06
27.0 -4.395
27.0 -7.395
27.0 -7.085
27.0 -0.22
27.0 -0.275
27.0 -1.61
27.0 -1.995
27.0 -3.44
27.0 -5.66
27.0 -1.025
27.0 -3.675
27.0 -3.15
27.0 -4.56
27.0 -5.505
27.0 -2.375
27.0 -5.525
27.0 -11.08
27.0 -9.565
27.0 -7.485
27.0 -4.425
27.0 -3.165
27.0 -6.505
27.0 -3.25
27.0 -0.27
27.0 -5.665
27.0 -5.99
27.0 -8.38
27.0 -4.825
27.0 -9.36
27.0 -7.46
27.0 -0.145
27.0 -4.21
27.0 -3.665
27.0 -5.365
27.0 -6.64
27.0 -6.98
27.0 -2.535
28.0 -3.36
28.0 -0.505
28.0 -3.895
28.0 -6.745
28.0 -5.32
28.0 -5.3
28.0 -3.54
28.0 -6.375
28.0 -5.05
28.0 -3.855
28.0 -4.2
28.0 -0.37
28.0 -2.995
28.0 -2.6
28.0 -6.33
28.0 -6.325
28.0 -1.565
28.0 -2.135
28.0 -4.52
28.0 -4.515
28.0 -4.855
500
-45.5 -232.545
-17.0 -163.525
-17.0 -111.32
-17.0 -96.07
-6.5 -67.655
-5.0 -61.595
9.5 -49.715
9.5 -44.295
9.5 -39.97
11.0 -30.55
11.0 -29.965
11.0 -25.515
11.0 -22.66
11.0 -21.035
11.0 -22.335
11.0 -24.325
11.0 -21.985
13.0 -23.785
15.5 -20.085
15.5 -20.165
15.5 -18.96
15.5 -15.21
22.5 -15.215
22.5 -16.385
22.5 -12.17
22.5 -10.63
22.5 -10.255
22.5 -7.64
22.5 -9.185
22.5 -13.92
22.5 -12.815
22.5 -10.05
22.5 -7.8
22.5 -12.02
22.5 -5.6
22.5 -3.425
22.5 -5.515
22.5 -3.385
22.5 -6.8
22.5 -8.985
22.5 -9.435
22.5 -9.135
22.5 -10.35
22.5 -9.82
22.5 -7.44
24.5 -12.45
24.5 -11.405
24.5 -10.345
24.5 -10.37
24.5 -12.255
24.5 -11.665
24.5 -12.51
24.5 -13.025
24.5 -10.26
24.5 -8.96
24.5 -9.175
24.5 -8.415
24.5 -8.78
24.5 -12.655
24.5 -12.03
24.5 -8.24
24.5 -10.425
24.5 -6.48
24.5 -7.35
24.5 -8.15
24.5 -7.945
24.5 -8.765
24.5 -7.7
24.5 -9.785
24.5 -8.125
24.5 -8.28
24.5 -13.175
24.5 -10.59
24.5 -9.885
24.5 -10.35
24.5 -10.015
24.5 -11.445
24.5 -10.515
24.5 -8.03
24.5 -8.18
24.5 -14.11
24.5 -12.23
24.5 -10.835
24.5 -6.525
24.5 -9.805
24.5 -10.235
24.5 -9.925
24.5 -11.615
24.5 -15.315
24.5 -17.23
24.5 -13.86
24.5 -13.325
24.5 -7.89
24.5 -10.065
24.5 -8.35
24.5 -8.23
24.5 -7.615
24.5 -10.66
24.5 -10.25
24.5 -6.305
24.5 -6.99
24.5 -7.91
24.5 -10.235
24.5 -9.09
24.5 -9.64
24.5 -9.835
24.5 -9.505
24.5 -11.52
24.5 -13.705
24.5 -15.67
24.5 -14.0
24.5 -10.04
24.5 -4.525
24.5 -6.315
24.5 -9.375
24.5 -8.51
24.5 -8.94
24.5 -4.5
24.5 -8.255
24.5 -8.42
24.5 -5.82
24.5 -4.295
24.5 -6.095
24.5 -11.42
24.5 -7.345
24.5 -6.025
24.5 -5.385
24.5 -2.93
24.5 -4.67
24.5 -5.565
24.5 -6.51
24.5 -6.875
24.5 -6.465
24.5 -6.275
24.5 -7.53
24.5 -7.66
24.5 -7.325
24.5 -7.605
24.5 -10.52
24.5 -11.9
24.5 -6.47
24.5 -6.055
24.5 -8.115
25.0 -4.91
25.0 -4.145
25.0 -4.55
25.0 -5.075
25.0 -4.34
25.0 -5.855
25.0 -6.42
26.0 -6.56
26.0 -6.49
27.5 -11.21
27.5 -12.025
27.5 -12.135
27.5 -10.02
27.5 -7.36
27.5 -11.115
27.5 -6.03
27.5 -6.565
27.5 -7.58
27.5 -9.305
27.5 -6.88
27.5 -9.3
27.5 -12.11
27.5 -10.405
27.5 -6.46
27.5 -6.485
27.5 -6.875
27.5 -6.855
27.5 -6.43
27.5 -5.86
27.5 -4.9
27.5 -4.895
27.5 -8.645
27.5 -9.06
27.5 -5.015
27.5 -6.9
27.5 -2.47
27.5 -6.095
27.5 -7.2
27.5 -3.0
27.5 -2.53
27.5 -6.305
27.5 -4.305
27.5 -4.845
27.5 -3.52
27.5 -4.47
27.5 -2.87
27.5 -3.22
27.5 -2.845
27.5 -2.98
27.5 -9.095
27.5 -7.655
27.5 -7.13
27.5 -9.485
27.5 -10.96
27.5 -13.1
27.5 -7.32
27.5 -5.63
27.5 -5.905
27.5 -5.995
27.5 -7.19
27.5 -7.44
27.5 -7.195
27.5 -8.27
27.5 -7.88
27.5 -6.005
27.5 -4.975
27.5 -7.82
27.5 -9.035
27.5 -5.24
27.5 -8.92
27.5 -6.46
27.5 -5.64
27.5 -6.5
27.5 -1.315
27.5 -4.765
27.5 -5.58
27.5 -4.365
27.5 -6.38
27.5 -9.95
27.5 -13.605
27.5 -9.515
27.5 -5.095
27.5 -4.975
27.5 -5.94
27.5 -4.57
27.5 -1.83
27.5 -3.705
27.5 -8.01
27.5 -9.39
27.5 -7.21
27.5 -9.965
27.5 -5.955
27.5 -4.44
27.5 -5.125
27.5 -5.655
27.5 -6.3
27.5 -3.395
27.5 -6.225
27.5 -10.55
27.5 -4.525
27.5 -3.43
27.5 -4.695
27.5 -5.095
27.5 -8.755
27.5 -8.25
27.5 -5.155
27.5 -10.435
27.5 -9.69
27.5 -9.08
27.5 -7.21
27.5 -5.005
27.5 -4.915
27.5 -7.19
27.5 -4.275
27.5 -8.6
27.5 -4.395
27.5 -0.885
27.5 -4.555
27.5 -6.97
27.5 -10.225
27.5 -5.665
27.5 -3.62
27.5 -5.605
27.5 -4.26
27.5 -8.25
27.5 -9.045
27.5 -5.38
27.5 -3.145
27.5 -5.65
27.5 -2.43
27.5 -5.445
27.5 -4.78
27.5 -4.78
27.5 -5.115
27.5 -5.27
27.5 -5.68
27.5 -2.835
27.5 -3.98
27.5 -3.44
27.5 -6.405
27.5 -8.68
27.5 -9.93
27.5 -5.54
27.5 -5.925
27.5 -7.63
27.5 -10.555
27.5 -7.39
27.5 -6.37
27.5 -5.0
27.5 -5.615
27.5 -1.94
27.5 -2.96
27.5 -3.835
27.5 -6.68
27.5 -4.425
27.5 -6.97
27.5 -10.05
27.5 -9.045
27.5 -7.325
27.5 -3.365
27.5 -4.68
27.5 -4.885
27.5 -2.505
27.5 -10.05
27.5 -5.91
27.5 -3.895
27.5 -2.88
27.5 -1.725
27.5 -2.59
27.5 -2.26
27.5 1.06
27.5 -2.525
27.5 -2.745
27.5 -0.87
27.5 -3.74
27.5 -8.505
27.5 -9.33
27.5 -5.1
27.5 -5.915
27.5 -6.005
27.5 -3.265
27.5 -2.325
27.5 -0.585
27.5 -5.375
27.5 -4.04
27.5 -1.18
27.5 -2.375
27.5 -2.38
27.5 -4.12
27.5 -3.51
27.5 -3.245
27.5 -2.83
27.5 -3.2
27.5 -1.845
27.5 -5.91
27.5 -5.685
27.5 -3.13
27.5 -1.395
27.5 -1.185
27.5 -1.465
27.5 -2.13
27.5 -1.435
27.5 -4.02
27.5 -3.365
27.5 -1.6
27.5 -4.26
27.5 -6.115
27.5 -6.385
27.5 -3.885
27.5 -5.65
27.5 -4.675
27.5 -8.175
27.5 -3.915
27.5 -4.345
27.5 -0.68
27.5 -0.935
27.5 -1.255
27.5 -1.93
27.5 -0.59
27.5 -3.425
27.5 -1.875
27.5 -4.655
27.5 -4.275
27.5 -6.175
27.5 -3.54
27.5 -7.215
27.5 -9.15
27.5 -7.665
27.5 -8.11
27.5 -6.055
27.5 -4.155
27.5 -3.875
27.5 -4.98
27.5 -3.765
27.5 -0.445
27.5 -3.585
27.5 -3.17
27.5 -6.345
27.5 -5.045
27.5 -2.045
27.5 -2.805
27.5 -4.145
27.5 -1.71
27.5 0.665
27.5 -2.455
27.5 -1.17
27.5 -3.835
27.5 -2.3
27.5 -3.44
27.5 -2.625
27.5 -6.8
27.5 -4.78
29.0 -3.51
29.0 -2.205
29.0 -3.085
29.0 -2.43
29.0 -0.365
29.0 -2.53
29.0 -4.685
29.0 -2.23
29.0 -1.45
29.0 -1.645
29.0 -3.01
29.0 -5.08
29.0 -3.915
29.0 -7.025
29.0 -7.765
29.0 -6.845
29.0 -5.16
29.0 -4.125
29.0 -5.655
29.0 -7.73
29.0 -3.005
29.0 -4.105
29.0 -6.265
29.0 -6.315
29.0 -6.125
29.0 -2.875
29.0 -2.505
29.0 -3.335
29.0 -2.27
29.0 -1.64
29.0 -1.81
29.0 -4.465
29.0 -1.055
29.0 -0.97
29.0 -8.06
29.0 -6.01
29.0 -1.21
29.0 -5.285
29.0 -4.9
29.0 -4.485
29.0 -6.1
29.0 -4.97
29.0 -1.45
29.0 -1.18
29.0 -4.365
29.0 -8.775
29.0 -6.845
29.0 -6.08
29.0 -0.895
29.0 -1.665
29.0 -5.06
29.0 -2.935
29.0 -4.005
29.0 -1.835
29.0 -5.565
29.0 -7.365
29.0 -4.47
29.0 -4.445
29.0 -6.255
29.0 -4.185
29.0 -3.885
29.0 -3.35
29.0 -5.785
29.0 -5.3
29.0 -3.11
29.0 -5.56
29.0 -1.25
29.0 -1.775
29.0 -0.38
29.0 -0.7
29.0 -2.21
29.0 0.315
29.0 -3.125
29.0 -1.405
29.0 -2.935
29.0 -2.11
29.0 -0.705
29.0 -4.55
29.0 -5.44
29.0 -7.305
29.0 -4.735
29.0 -0.175
29.0 -2.28
29.0 -0.58
29.0 -3.955
29.0 -4.385
29.0 -4.18
29.0 -3.505
29.0 -1.45
29.0 -3.76
29.0 -4.025
29.0 -0.505
29.0 2.12
29.0 -3.555
29.0 -0.075
29.0 -3.185
29.0 -3.37
29.0 -4.22
29.0 -4.275
29.0 -0.315
29.0 -2.78
29.0 -1.86
29.0 -2.81
29.0 -1.225
29.0 -3.785
500
-29.0 -230.555
-6.0 -147.045
-6.0 -101.465
-6.0 -77.42
-5.5 -61.06
-1.0 -52.135
6.5 -44.155
14.5 -43.745
14.5 -39.99
14.5 -29.04
14.5 -27.145
14.5 -22.83
14.5 -17.42
14.5 -15.645
14.5 -16.98
14.5 -14.19
16.5 -12.92
16.5 -13.435
16.5 -12.625
16.5 -11.82
16.5 -13.23
16.5 -14.12
18.0 -17.71
18.0 -18.4
18.0 -12.965
18.0 -13.645
18.0 -14.82
19.0 -15.1
19.0 -13.565
19.0 -15.25
19.0 -12.495
19.0 -8.14
20.0 -8.07
20.0 -10.73
24.5 -12.18
24.5 -8.12
24.5 -4.81
24.5 -5.25
24.5 -4.145
24.5 -9.075
24.5 -7.32
24.5 -4.86
24.5 -5.03
24.5 -5.515
24.5 -3.825
24.5 -3.295
24.5 -10.185
24.5 -7.505
24.5 -7.3
24.5 -8.765
24.5 -9.44
24.5 -12.5
24.5 -8.185
24.5 -4.23
24.5 -10.115
24.5 -6.05
24.5 -4.46
24.5 -4.375
24.5 -5.635
24.5 -5.84
24.5 -3.065
24.5 -8.12
24.5 -7.535
24.5 -3.52
24.5 -8.135
24.5 -8.435
24.5 -8.49
24.5 -9.84
24.5 -12.105
24.5 -8.815
24.5 -6.29
24.5 -4.91
24.5 -6.905
24.5 -8.46
24.5 -8.27
24.5 -4.56
24.5 -4.28
24.5 -3.485
24.5 -9.41
24.5 -8.845
24.5 -7.7
24.5 -9.835
24.5 -7.885
24.5 -7.275
24.5 -5.245
24.5 -5.7
24.5 -8.515
24.5 -5.8
24.5 -5.015
24.5 -7.155
24.5 -5.415
24.5 -9.065
24.5 -7.235
24.5 -7.205
24.5 -7.05
24.5 -6.59
24.5 -9.08
24.5 -9.64
24.5 -5.94
24.5 -4.375
24.5 -4.055
24.5 -7.015
24.5 -4.555
24.5 -6.825
24.5 -7.66
24.5 -3.635
24.5 -6.01
24.5 -2.96
24.5 -5.04
24.5 -3.745
24.5 -3.22
24.5 -5.925
24.5 -7.37
24.5 -6.075
24.5 -3.965
24.5 -7.885
24.5 -7.805
25.0 -7.12
25.0 -5.46
25.0 -6.715
25.0 -3.415
25.0 -2.585
25.0 -3.985
25.0 -6.06
25.0 -2.98
25.0 -1.38
25.0 -3.75
25.0 -3.09
25.0 -7.68
25.0 -5.73
25.0 -7.11
25.0 -7.26
25.0 -4.455
27.0 -4.51
27.0 -4.1
27.0 -3.99
27.0 -4.695
27.0 -0.63
27.0 -1.255
27.0 0.575
27.0 -2.065
27.0 -4.045
27.0 -5.91
27.0 -4.72
28.0 -6.695
28.0 -7.17
28.0 -6.85
28.0 -2.42
28.0 -2.93
28.0 -4.33
28.0 -3.9
28.0 -4.04
28.0 -4.415
28.0 -5.17
28.0 -2.825
28.0 -6.86
28.0 -10.425
28.0 -6.44
28.0 -5.36
28.0 -2.495
28.0 -6.86
28.0 -6.755
28.0 -3.275
28.0 -4.145
28.0 -4.085
28.0 -3.05
28.0 -4.555
28.0 -4.62
28.0 -5.755
28.0 -6.27
28.0 -2.88
28.0 -1.925
28.0 -3.69
28.0 -5.555
28.0 -2.055
28.0 -1.79
28.0 -0.925
28.0 -5.125
28.0 -6.95
28.0 -3.94
28.0 -2.51
28.0 -2.65
28.0 -2.775
28.0 -3.58
28.0 -5.9
28.0 -4.27
28.0 -2.785
28.0 -0.61
28.0 -1.42
28.0 -0.93
28.0 -1.465
28.0 -2.4
28.0 -4.755
28.0 -5.175
28.0 -5.505
28.0 -3.09
28.0 -5.145
28.0 -4.655
28.0 -7.56
28.0 -6.275
28.0 -4.04
28.0 -1.655
28.0 -2.895
28.0 -4.97
28.0 -5.095
28.0 -0.745
28.0 -5.74
28.0 -5.295
28.0 -5.82
28.0 -4.32
28.0 -2.92
28.0 -6.75
28.0 -5.235
28.0 -5.005
28.0 -4.305
28.0 -5.455
28.0 -6.05
28.0 -3.9
28.0 -2.46
28.0 -2.115
28.0 -0.48
28.0 -2.655
28.0 -1.0
28.0 -3.8
28.0 -4.54
28.0 -3.72
28.0 -1.64
28.0 -6.995
28.0 -6.905
29.0 -6.825
29.0 -1.265
29.0 -6.365
29.0 -3.99
29.0 -0.28
29.0 -4.075
29.0 -3.925
29.0 -2.115
29.0 -1.62
29.0 -5.93
29.0 -4.005
29.0 -4.75
29.0 -2.4
29.0 -7.335
29.0 -6.095
29.0 -4.805
29.0 -9.14
29.0 -0.86
29.0 -2.585
29.0 -4.06
29.0 -2.755
29.0 -7.33
29.0 -5.97
29.0 -2.82
29.0 -1.56
29.0 -2.455
29.0 -5.16
29.0 -3.15
29.0 -3.555
29.0 -6.49
29.0 -4.44
29.0 -6.215
29.0 -8.505
29.0 -3.285
29.0 -1.21
29.0 -3.825
29.0 -2.985
29.0 -6.08
29.0 -5.125
29.0 -8.73
29.0 -4.54
29.0 -3.16
29.0 -2.815
29.0 -4.79
29.0 -6.79
29.0 -6.05
29.0 -5.865
29.0 -4.135
29.0 -6.675
29.0 -7.035
29.0 -5.595
29.0 -3.715
29.0 -1.02
29.0 -6.72
29.0 -8.365
29.0 -4.3
29.0 -4.14
29.0 -5.18
29.0 -4.62
29.0 0.13
29.0 -6.21
29.0 -3.45
29.0 -4.675
29.0 -2.745
29.0 -3.92
29.0 -6.105
29.0 -3.175
29.0 -3.215
29.0 -4.61
29.0 -6.225
29.0 -3.225
29.0 -7.495
29.0 -7.45
29.0 -4.625
29.0 -3.68
29.0 -5.375
29.0 -9.295
29.0 -7.3
29.0 -6.68
29.0 -2.585
29.0 -2.62
29.0 -5.695
29.0 -6.205
29.0 -6.385
29.0 -4.66
29.0 -2.145
29.0 -2.76
29.0 0.49
29.0 -0.86
29.0 -0.48
29.0 -2.315
29.0 -4.575
29.0 -7.595
29.0 -4.895
29.0 -7.08
29.5 -6.125
29.5 -6.115
29.5 -2.395
29.5 -5.84
29.5 -4.39
29.5 -4.245
29.5 -8.375
29.5 -6.085
29.5 -4.31
29.5 -5.71
29.5 -3.7
29.5 -7.775
29.5 -9.045
29.5 -6.65
29.5 -1.935
29.5 -2.66
29.5 -4.095
29.5 -7.9
29.5 -7.265
29.5 -4.925
30.5 -6.615
30.5 -4.88
30.5 -1.845
30.5 -4.275
30.5 -6.53
30.5 -7.965
30.5 -3.565
30.5 -1.795
30.5 -6.79
30.5 -4.19
30.5 -5.425
30.5 -6.445
30.5 -6.04
30.5 -6.53
30.5 -4.03
30.5 -6.885
30.5 -5.055
30.5 -1.41
30.5 -4.09
30.5 -2.765
30.5 -5.81
30.5 -9.23
30.5 -2.8
30.5 -6.06
30.5 -4.205
30.5 -4.565
30.5 -7.2
30.5 -6.29
30.5 -4.15
30.5 -6.15
30.5 -5.45
30.5 -1.575
30.5 -2.63
30.5 -1.96
30.5 -2.585
30.5 -3.595
30.5 -1.74
30.5 -3.5
30.5 -5.92
30.5 -4.045
30.5 -2.345
30.5 -0.345
30.5 -2.03
30.5 -2.6
30.5 1.63
30.5 -2.12
30.5 -3.3
30.5 -5.42
30.5 -6.945
30.5 -0.36
30.5 -3.095
30.5 -3.445
30.5 -5.11
30.5 -6.875
30.5 -8.455
30.5 -5.84
30.5 -2.975
30.5 -1.94
30.5 -0.565
30.5 -3.01
30.5 -7.165
30.5 -6.605
30.5 -6.875
30.5 -5.45
30.5 -3.395
30.5 -3.155
30.5 -5.025
30.5 -8.15
30.5 -7.57
30.5 -1.81
30.5 -2.765
30.5 -3.145
30.5 -3.355
30.5 -5.925
30.5 -8.37
30.5 -3.795
30.5 -3.12
30.5 -2.775
30.5 -2.78
30.5 -2.615
30.5 -5.13
30.5 -6.425
30.5 -2.445
30.5 -5.895
30.5 -6.025
30.5 -8.92
30.5 -7.435
30.5 -10.32
30.5 -7.51
30.5 -4.87
30.5 -4.465
30.5 -8.925
30.5 -4.715
30.5 -3.305
30.5 -1.47
30.5 -0.865
30.5 -4.585
30.5 -2.795
30.5 -2.245
30.5 -2.865
30.5 -5.715
30.5 -5.61
30.5 -7.735
30.5 -6.645
30.5 -6.48
30.5 -2.115
30.5 -1.575
30.5 -0.865
30.5 -1.18
30.5 -0.575
30.5 -1.685
30.5 -0.67
30.5 -2.755
30.5 -3.5
30.5 -6.98
30.5 -7.435
30.5 -6.42
30.5 -2.86
30.5 -4.645
30.5 -3.835
30.5 -3.12
30.5 -7.84
30.5 -4.12
30.5 -3.25
30.5 -5.105
30.5 -3.935
30.5 -3.925
30.5 -7.65
30.5 -2.38
30.5 -3.135
30.5 -5.425
30.5 -5.71
30.5 -3.285
30.5 -2.965
30.5 -3.335
30.5 -4.835
30.5 -4.655
30.5 -3.17
30.5 -2.645
30.5 -3.535
30.5 -2.52
30.5 -1.39
30.5 -3.9
30.5 -3.485
30.5 -4.94
30.5 -4.415
30.5 -2.9
30.5 -0.965
30.5 -4.055
30.5 -1.3
30.5 -1.8
30.5 -4.59
30.5 -5.29
30.5 -4.225
30.5 -2.32
30.5 -2.77
500
-73.0 -229.38
-51.5 -162.395
-51.5 -130.06
-46.0 -109.82
-46.0 -91.425
-1.5 -85.515
-1.5 -75.545
-1.5 -67.415
-1.5 -56.28
0.0 -51.165
0.0 -44.765
3.5 -42.565
3.5 -38.65
3.5 -34.77
7.0 -32.625
7.0 -31.71
10.5 -29.68
10.5 -33.95
16.0 -29.77
16.0 -26.79
16.0 -24.995
16.0 -21.995
16.0 -20.145
16.5 -18.92
20.5 -19.2
20.5 -19.28
20.5 -18.19
20.5 -17.25
20.5 -12.93
20.5 -14.93
20.5 -19.2
20.5 -17.235
20.5 -14.84
20.5 -15.54
20.5 -14.68
20.5 -13.69
20.5 -13.495
20.5 -16.56
20.5 -16.265
20.5 -14.74
22.0 -12.16
22.0 -6.125
22.0 -5.76
22.0 -5.62
22.0 -9.28
22.0 -9.275
22.0 -7.805
22.0 -11.485
22.0 -10.2
22.0 -7.445
22.0 -7.625
22.0 -9.47
22.0 -6.595
22.0 -9.78
22.0 -8.895
22.0 -6.52
22.0 -5.5
22.0 -5.57
22.0 -3.07
22.0 -8.71
22.0 -8.11
22.0 -2.69
22.0 -2.93
22.0 -3.825
22.0 -3.82
22.0 -3.115
24.0 -3.915
24.0 -7.015
24.0 -5.565
24.0 -8.165
25.0 -7.8
25.0 -11.6
25.0 -12.64
25.0 -6.41
25.0 -3.395
25.0 -2.385
25.0 -0.88
25.0 -2.665
25.0 -2.93
25.0 -3.72
25.0 -3.115
25.0 -5.885
25.0 -5.31
25.0 -4.32
25.0 -5.35
25.0 -2.04
25.0 -2.4
25.0 -6.015
25.0 -7.655
25.0 -5.765
25.0 -6.22
25.0 -6.0
25.0 -7.535
25.0 -10.625
25.0 -5.52
25.0 -6.565
25.0 -5.61
25.0 -5.365
25.0 -5.315
25.0 -4.01
25.0 -6.46
25.0 -5.155
25.0 -5.95
25.0 -4.575
25.0 -5.35
25.0 -5.96
27.0 -5.965
27.0 -6.275
27.0 -8.435
27.0 -7.44
27.0 -7.64
27.0 -5.825
27.0 -4.82
27.0 -7.205
27.0 -7.38
27.0 -6.35
27.0 -11.165
27.0 -12.29
27.0 -8.965
27.0 -5.105
27.0 -5.49
27.0 -7.96
27.0 -7.21
27.0 -5.855
27.0 -5.12
27.0 -5.07
27.0 -11.08
27.0 -9.365
27.0 -5.57
27.0 -7.7
27.0 -3.91
27.0 -8.08
27.0 -2.92
27.0 -6.125
27.0 -5.9
27.0 -6.35
27.0 -5.625
27.0 -6.365
27.0 -8.09
27.0 -7.565
27.0 -4.22
27.0 -5.58
27.0 -7.255
27.0 -2.8
27.0 -3.26
27.0 -7.61
27.0 -10.09
27.0 -7.62
27.0 -5.94
27.0 -6.285
27.0 -5.62
27.0 -6.03
27.0 -3.595
27.0 -5.31
27.0 -5.585
27.5 -3.05
27.5 -4.615
27.5 -5.095
27.5 -5.19
27.5 -6.645
27.5 -6.9
27.5 -9.36
27.5 -10.92
27.5 -8.835
27.5 -9.88
27.5 -8.225
27.5 -9.79
27.5 -8.995
27.5 -11.585
27.5 -9.805
27.5 -5.38
27.5 -7.76
27.5 -7.805
27.5 -4.44
27.5 -5.56
27.5 -3.335
27.5 -3.92
27.5 -8.49
27.5 -11.755
27.5 -4.625
27.5 -5.77
27.5 -5.23
27.5 -9.03
27.5 -7.645
27.5 -3.57
27.5 -4.28
27.5 -4.875
27.5 -1.95
27.5 -6.36
27.5 -4.835
27.5 -10.695
27.5 -10.255
27.5 -12.045
27.5 -10.3
27.5 -8.97
27.5 -5.27
27.5 -3.25
27.5 -4.415
27.5 -5.08
27.5 -5.41
27.5 -2.285
27.5 -7.335
27.5 -9.56
27.5 -10.28
27.5 -9.395
27.5 -8.15
27.5 -8.075
27.5 -6.25
27.5 -5.395
27.5 -6.765
27.5 -9.28
27.5 -11.01
27.5 -9.3
27.5 -7.92
27.5 -4.06
27.5 -4.555
27.5 -4.585
27.5 -8.225
27.5 -4.41
27.5 -6.575
27.5 -8.985
27.5 -6.255
27.5 -6.645
27.5 -7.29
27.5 -10.43
27.5 -4.1
27.5 -5.43
27.5 -7.32
27.5 -8.28
27.5 -8.985
27.5 -11.58
27.5 -11.725
27.5 -6.665
27.5 -7.145
27.5 -8.66
27.5 -5.635
28.0 -4.045
28.0 -3.435
28.0 -4.595
28.0 -5.05
28.0 -2.445
28.0 -0.885
28.0 -4.55
28.0 -7.38
28.0 -7.32
28.0 -2.79
28.0 -1.155
28.0 -5.66
28.0 -1.755
28.0 -2.575
28.0 -0.62
28.0 -3.335
28.0 -4.225
28.0 -6.81
28.0 -8.23
28.0 -7.185
28.0 -4.605
28.0 -7.58
28.0 -8.32
28.0 -6.475
28.0 -4.63
28.0 -3.01
28.0 -2.635
28.0 -1.59
28.0 -3.395
28.0 -3.44
28.0 -3.625
28.0 -8.64
28.0 -10.06
28.0 -9.255
28.0 -4.255
28.0 -3.965
28.0 -9.255
28.0 -5.89
28.0 -4.265
28.0 -3.16
28.0 -5.55
28.0 -5.445
28.0 -5.8
28.0 -7.99
28.0 -7.095
28.0 -8.685
28.0 -6.87
28.0 -7.7
28.0 -7.505
28.0 -4.36
28.0 -5.585
28.0 -5.905
28.0 -6.91
28.0 -7.63
28.0 -5.46
28.0 -5.53
28.0 -8.63
28.0 -8.0
28.0 -4.86
28.0 -7.285
28.0 -7.0
28.0 -10.105
28.0 -11.84
28.0 -9.115
28.0 -7.365
28.0 -2.65
28.0 -2.84
28.0 -4.24
28.0 -3.295
28.0 -5.3
28.0 -4.835
28.0 -5.7
28.0 -8.045
28.0 -10.7
28.0 -6.74
28.0 -2.485
28.0 -4.82
28.0 -1.395
28.0 -4.4
28.0 -2.375
28.0 -6.325
28.0 -8.895
28.0 -9.11
28.0 -2.455
28.0 -0.285
28.0 -3.335
28.0 -4.27
28.0 -4.865
28.0 -7.71
28.0 -9.73
28.0 -12.385
28.0 -8.11
28.0 -5.22
28.0 -6.28
28.0 -2.955
28.0 -5.6
28.0 -3.02
28.0 -5.565
28.0 -3.635
28.0 -5.21
28.0 -5.775
28.0 -4.205
28.0 -6.755
28.0 -9.515
28.0 -10.79
28.0 -10.705
28.0 -5.53
28.0 -4.23
28.0 -5.51
28.0 -7.305
28.0 -8.965
28.0 -6.035
28.0 -3.51
28.0 -2.035
28.0 -3.62
28.0 -2.455
28.0 -5.7
28.0 -3.615
28.0 -5.225
28.0 -1.22
28.0 -2.055
28.0 -3.01
28.0 -5.235
28.0 -3.83
28.0 -5.66
28.0 -7.27
28.0 -3.13
28.0 -5.935
28.0 -6.1
28.0 -4.64
28.0 -5.025
28.0 -6.56
28.0 -3.85
28.0 -5.75
28.0 -1.315
28.0 -4.0
28.0 -4.445
28.0 -7.455
28.0 -4.965
28.0 -6.7
28.0 -7.45
28.0 -9.055
28.0 -6.975
28.0 -7.96
28.0 -6.965
28.0 -5.53
28.0 -6.885
28.0 -8.515
28.0 -6.74
28.0 -8.065
28.0 -5.795
28.0 -1.695
28.0 -4.69
28.0 -6.045
28.0 -5.235
28.0 -8.53
28.0 -2.75
28.0 -5.095
28.0 -4.98
28.0 -3.825
28.0 -2.905
28.0 -10.51
28.0 -7.74
28.0 -4.975
28.0 -7.305
28.0 -5.595
28.0 -4.55
28.0 -6.565
28.0 -4.185
28.0 -4.975
28.0 -5.28
28.0 -1.91
28.0 -5.455
28.0 -6.22
28.0 -4.615
28.0 -1.485
28.0 -5.865
28.0 -7.99
28.0 -8.155
28.0 -6.665
28.0 -4.825
28.0 -4.145
28.0 -4.75
28.0 -5.33
28.0 -6.65
28.0 -5.435
28.0 -4.21
28.0 -2.025
28.0 -2.455
28.0 -2.93
28.0 -6.515
28.0 -9.905
28.0 -13.375
28.0 -9.605
28.0 -5.765
28.0 -4.925
28.0 -7.5
28.0 -12.11
28.0 -10.71
28.0 -7.18
28.0 -7.03
28.0 -8.175
28.0 -9.53
28.0 -8.44
28.0 -4.34
28.0 -3.02
28.0 -5.77
28.0 -9.48
28.0 -9.025
28.0 -12.485
28.0 -5.31
28.0 -2.275
28.0 -2.13
28.0 -6.185
28.0 -6.52
28.0 -5.285
28.0 -6.035
28.0 -1.335
28.0 -6.51
28.0 -6.935
28.0 -4.48
28.0 -3.63
28.0 -5.14
28.0 -9.18
28.0 -7.135
28.0 -6.63
28.0 -5.575
28.0 -7.055
28.0 -8.895
28.0 -10.9
28.0 -7.845
28.0 -4.265
28.0 -4.19
28.0 -7.9
28.0 -3.085
28.0 -6.025
28.0 -8.69
28.0 -5.61
28.0 -8.725
28.0 -9.96
28.0 -7.54
28.0 -5.4
28.0 -6.34
28.0 -8.865
28.0 -6.21
28.0 -5.935
28.0 -4.59
28.0 -7.185
28.0 -7.11
28.0 -8.315
28.0 -3.95
28.0 -3.87
28.0 -5.885
28.0 -6.04
28.0 -4.29
28.0 -6.08
28.0 -4.475
28.0 -5.115
28.0 -5.185
28.0 -6.39
28.0 -3.225
28.0 -9.61
28.0 -10.4
28.0 -8.84
500
-64.0 -232.78
-64.0 -160.465
-31.5 -110.075
-18.5 -94.08
-4.5 -72.13
7.5 -65.225
7.5 -55.275
7.5 -42.515
15.0 -30.995
15.0 -27.945
15.0 -25.18
16.5 -22.345
16.5 -16.545
16.5 -13.935
16.5 -12.085
16.5 -13.795
21.0 -8.96
21.0 -8.36
21.0 -9.36
21.0 -6.29
23.5 -3.8
23.5 -6.44
23.5 -6.745
23.5 -5.585
23.5 -3.615
23.5 -1.45
23.5 -3.08
23.5 -0.175
23.5 -3.68
23.5 -5.315
23.5 -6.25
23.5 -2.675
23.5 -2.275
23.5 -1.82
23.5 -1.725
23.5 -1.495
23.5 -3.48
23.5 -2.27
23.5 -1.4
24.5 -2.395
24.5 -4.965
24.5 -3.945
24.5 -3.27
24.5 -5.815
24.5 -1.22
24.5 -3.065
24.5 -6.045
24.5 -5.745
24.5 -8.545
24.5 -6.63
24.5 -4.78
24.5 -3.76
24.5 -2.38
24.5 -8.05
24.5 -7.73
24.5 -8.07
24.5 -4.915
24.5 -6.055
24.5 -7.885
24.5 -4.69
24.5 -3.985
24.5 -2.565
24.5 -4.2
24.5 -4.75
24.5 -4.91
24.5 -5.77
24.5 -7.06
24.5 -4.145
24.5 -9.345
25.5 -8.805
25.5 -11.475
25.5 -9.665
25.5 -5.86
25.5 -5.495
25.5 -7.585
25.5 -7.75
25.5 -9.815
25.5 -5.815
25.5 -7.76
25.5 -4.165
25.5 -3.85
25.5 -7.93
25.5 -8.51
25.5 -6.645
25.5 -6.32
25.5 -4.695
25.5 -5.715
25.5 -5.155
25.5 -9.7
25.5 -5.87
25.5 -3.395
25.5 -3.73
25.5 -1.505
25.5 -1.26
25.5 -4.655
25.5 -1.635
25.5 -5.515
25.5 -8.665
25.5 -5.045
25.5 -5.13
25.5 -5.945
25.5 -6.195
25.5 -7.3
25.5 -4.155
25.5 -1.215
25.5 -1.375
25.5 -4.625
25.5 -10.115
25.5 -10.27
25.5 -6.61
25.5 -5.43
25.5 -4.605
25.5 -5.335
25.5 -1.895
25.5 -3.71
25.5 -2.77
25.5 -4.705
25.5 -7.03
25.5 -3.8
25.5 -5.87
25.5 -3.145
25.5 -5.715
25.5 -4.62
25.5 -1.6
25.5 -1.5
25.5 -2.8
25.5 -2.79
25.5 -4.25
25.5 -5.37
25.5 -7.565
26.0 -6.23
26.0 -6.23
26.0 -5.1
26.0 -7.42
26.0 -3.44
26.0 -3.415
26.0 -3.995
26.0 -2.495
26.0 -5.4
26.0 -3.58
26.0 -5.395
26.0 -6.26
26.0 -7.37
26.0 -4.835
26.0 -5.415
26.0 -6.355
26.0 -1.895
26.0 -2.94
26.0 -3.365
26.0 -6.895
26.0 -6.31
26.0 -4.34
26.0 -7.62
26.0 -9.475
26.0 -9.49
26.0 -4.605
26.0 -6.91
26.0 -8.15
26.0 -5.52
26.0 -5.095
26.0 -4.01
26.0 -5.155
26.0 -7.885
26.0 -3.505
26.0 -6.85
26.0 -8.055
26.0 -7.39
26.0 -4.34
26.0 -6.38
26.0 -6.535
26.0 -6.125
26.0 -5.57
26.0 -8.59
26.0 -9.735
26.0 -9.74
26.0 -7.935
26.0 -8.125
26.0 -6.71
26.0 -5.785
26.0 -3.19
26.0 -5.515
26.0 -3.44
26.0 -2.515
26.0 -3.58
26.0 -0.225
26.0 -2.61
26.0 -6.375
26.0 -4.96
26.0 -4.975
26.0 -6.785
26.0 -10.715
28.5 -9.62
28.5 -7.92
28.5 -5.33
28.5 -4.965
28.5 -7.89
28.5 -10.82
28.5 -5.93
28.5 -2.92
28.5 -4.8
28.5 -9.36
28.5 -11.16
28.5 -9.075
28.5 -4.96
28.5 -4.135
28.5 -7.37
28.5 -6.25
28.5 -9.265
28.5 -9.575
28.5 -5.445
28.5 -4.9
28.5 -6.495
28.5 -10.67
28.5 -7.37
28.5 -7.745
28.5 -9.365
28.5 -9.74
28.5 -11.935
28.5 -11.785
28.5 -10.535
28.5 -6.28
28.5 -7.24
28.5 -6.845
28.5 -6.625
28.5 -8.785
28.5 -8.615
28.5 -12.485
28.5 -5.72
28.5 -5.99
28.5 -2.99
28.5 -2.31
28.5 -5.95
28.5 -5.205
28.5 -8.22
28.5 -8.155
28.5 -7.555
28.5 -10.605
28.5 -10.3
28.5 -8.95
28.5 -6.74
28.5 -6.185
28.5 -4.665
28.5 -10.845
28.5 -8.005
28.5 -8.41
28.5 -7.875
28.5 -7.985
28.5 -9.09
28.5 -5.165
28.5 -5.955
28.5 -7.445
28.5 -9.725
28.5 -9.56
28.5 -8.86
28.5 -7.605
28.5 -7.38
28.5 -4.37
28.5 -7.575
28.5 -14.57
28.5 -7.335
28.5 -5.265
28.5 -6.245
28.5 -7.32
28.5 -5.785
28.5 -2.66
28.5 -5.465
28.5 -4.235
28.5 -4.905
28.5 -6.99
28.5 -7.975
28.5 -12.3
28.5 -7.88
28.5 -4.89
28.5 -8.75
28.5 -8.495
28.5 -8.255
28.5 -8.42
28.5 -6.0
28.5 -6.13
28.5 -5.805
28.5 -6.575
28.5 -3.185
28.5 -5.05
28.5 -7.165
28.5 -6.205
28.5 -6.78
28.5 -6.805
28.5 -8.26
28.5 -6.73
28.5 -7.21
28.5 -4.82
28.5 -5.585
28.5 -6.375
28.5 -4.965
28.5 -2.565
28.5 -5.39
28.5 -7.2
28.5 -6.46
28.5 -5.885
28.5 -11.91
28.5 -8.395
28.5 -6.155
28.5 -5.785
28.5 -4.315
28.5 -7.725
28.5 -7.16
28.5 -7.865
28.5 -8.12
28.5 -0.765
28.5 -1.79
28.5 -6.13
28.5 -7.605
28.5 -10.21
28.5 -7.83
28.5 -7.87
28.5 -8.03
28.5 -8.96
28.5 -7.205
28.5 -6.43
28.5 -13.87
28.5 -13.17
28.5 -9.625
28.5 -7.32
28.5 -5.915
28.5 -10.06
28.5 -6.455
28.5 -6.545
28.5 -5.7
28.5 -3.705
28.5 -3.46
28.5 -3.67
28.5 -2.145
28.5 -6.02
28.5 -6.855
28.5 -10.385
28.5 -11.94
28.5 -11.76
28.5 -9.305
28.5 -7.61
28.5 -10.985
28.5 -7.785
28.5 -6.32
28.5 -5.825
28.5 -4.235
28.5 -3.18
28.5 -2.165
28.5 -0.665
28.5 -4.815
28.5 -7.01
28.5 -6.835
28.5 -8.635
28.5 -6.34
28.5 -5.605
28.5 -5.01
28.5 -3.52
28.5 -7.18
28.5 -5.815
28.5 -8.98
28.5 -7.925
28.5 -5.845
28.5 -5.32
28.5 -8.265
28.5 -9.225
28.5 -9.385
28.5 -10.88
28.5 -10.395
28.5 -13.34
28.5 -9.47
28.5 -5.53
28.5 -4.875
28.5 -7.98
28.5 -7.285
28.5 -4.715
28.5 -4.505
28.5 -2.525
28.5 -5.62
28.5 -5.64
28.5 -8.07
28.5 -8.86
28.5 -9.17
28.5 -10.765
28.5 -5.52
28.5 -4.715
28.5 -9.155
28.5 -3.63
28.5 -4.805
28.5 -5.525
28.5 -5.71
28.5 -4.325
28.5 -5.975
28.5 -6.805
28.5 -8.17
28.5 -8.275
28.5 -6.64
28.5 -9.11
28.5 -4.35
28.5 -4.93
28.5 -7.915
28.5 -7.525
28.5 -4.99
28.5 -3.415
28.5 -2.0
28.5 -0.45
28.5 -3.205
28.5 -4.26
28.5 -5.62
28.5 -3.225
28.5 1.22
28.5 -5.375
28.5 -8.34
28.5 -6.465
28.5 -5.15
28.5 -5.135
28.5 -5.035
28.5 -4.385
28.5 -5.415
28.5 -7.855
28.5 -6.885
28.5 -1.215
28.5 -2.715
28.5 -7.3
28.5 -4.64
28.5 -5.715
28.5 -4.105
28.5 -2.765
28.5 -7.635
28.5 -10.795
28.5 -10.435
28.5 -8.17
28.5 -5.985
28.5 -3.9
28.5 -7.375
28.5 -3.15
28.5 -4.14
28.5 -0.67
28.5 -4.64
28.5 -7.545
28.5 -6.12
28.5 -6.06
28.5 -7.715
28.5 -4.935
28.5 -2.195
28.5 -6.685
28.5 -7.87
28.5 -3.95
28.5 -2.63
28.5 -4.77
28.5 -3.195
28.5 -5.87
28.5 -11.915
28.5 -13.87
28.5 -9.245
28.5 -4.12
28.5 -3.85
28.5 -5.415
28.5 -8.595
28.5 -7.84
28.5 -8.595
28.5 -10.14
28.5 -4.715
28.5 -8.47
28.5 -7.6
28.5 -7.43
28.5 -7.605
28.5 -2.055
28.5 -8.685
28.5 -8.22
28.5 -7.505
28.5 -7.325
28.5 -12.065
28.5 -9.535
28.5 -13.59
28.5 -13.025
28.5 -4.08
28.5 -5.475
28.5 -5.495
28.5 -1.915
28.5 -3.885
28.5 -3.92
28.5 -4.04
28.5 -5.985
28.5 -4.88
28.5 -4.615
28.5 -3.08
28.5 -2.16
28.5 -3.54
28.5 -5.7
28.5 -8.97
28.5 -8.51
28.5 -8.385
28.5 -5.115
28.5 -3.37
28.5 -5.115
28.5 -3.49
28.5 -4.18
28.5 -1.015
28.5 -4.15
28.5 -5.23
28.5 -3.62
28.5 -6.88
500
-72.0 -229.785
-51.5 -156.88
-19.0 -112.295
-10.0 -89.13
9.5 -76.49
9.5 -60.76
9.5 -48.515
9.5 -44.55
9.5 -35.995
9.5 -33.55
9.5 -32.025
9.5 -26.385
18.0 -20.01
18.0 -20.635
18.0 -17.085
18.0 -16.745
18.0 -23.845
21.5 -15.74
21.5 -13.625
21.5 -11.11
21.5 -13.175
21.5 -13.595
21.5 -10.55
21.5 -10.545
21.5 -9.17
21.5 -7.805
21.5 -6.335
21.5 -9.095
21.5 -8.75
21.5 -8.42
21.5 -11.695
21.5 -10.83
22.0 -10.59
22.0 -12.26
22.0 -10.475
22.0 -7.91
22.0 -10.84
22.0 -11.92
22.0 -9.715
22.0 -8.265
22.0 -7.55
22.0 -9.655
22.0 -8.08
22.0 -4.91
22.0 -6.23
22.0 -7.58
22.0 -8.17
22.0 -8.165
22.0 -9.79
22.0 -14.7
22.0 -12.905
22.0 -8.96
22.0 -9.395
22.0 -8.25
22.0 -8.23
22.0 -8.04
22.0 -11.6
22.0 -12.45
22.0 -8.305
22.0 -4.59
22.0 -5.99
22.0 -7.165
22.0 -5.81
22.0 -8.835
22.0 -10.065
22.0 -4.44
22.0 -5.275
22.0 -6.65
22.0 -10.28
22.0 -5.565
22.5 -7.725
22.5 -10.635
22.5 -9.43
22.5 -10.6
22.5 -4.985
22.5 -6.945
22.5 -7.69
22.5 -8.445
22.5 -10.39
22.5 -7.46
22.5 -8.185
22.5 -6.6
22.5 -10.055
22.5 -8.425
22.5 -14.63
22.5 -12.27
22.5 -11.075
22.5 -10.36
22.5 -12.565
24.0 -6.8
24.0 -5.405
24.0 -4.62
24.5 -5.43
24.5 -4.025
24.5 -5.06
24.5 -5.68
24.5 -5.81
24.5 -4.885
24.5 -4.735
24.5 -3.17
24.5 -1.415
24.5 -0.525
24.5 -3.71
24.5 -3.745
24.5 -3.585
24.5 -6.495
24.5 -2.76
24.5 -3.425
24.5 -3.375
24.5 -6.57
24.5 -5.52
26.5 -2.96
26.5 -1.83
26.5 -3.25
26.5 -3.68
26.5 -4.495
26.5 -2.16
26.5 -3.31
26.5 -3.69
26.5 -3.135
26.5 -5.855
26.5 -1.025
26.5 -3.415
26.5 -3.48
26.5 -2.905
26.5 -1.4
26.5 -0.925
26.5 -1.32
26.5 -2.07
26.5 -3.485
26.5 -1.055
26.5 -1.065
26.5 -2.985
26.5 -1.41
28.0 -1.07
28.0 -1.81
28.0 -2.735
28.0 -0.7
28.0 -2.945
28.0 -8.65
28.0 -1.89
28.0 -0.205
28.0 -5.54
28.0 -5.355
28.0 -3.89
28.0 -2.48
28.0 -4.065
28.0 -6.02
28.0 -5.33
28.0 -7.245
28.0 -2.82
28.0 -2.54
28.0 -1.57
28.0 -1.09
28.0 -6.21
28.0 -8.055
28.0 -7.03
28.0 -5.105
28.0 -5.42
28.0 -6.97
28.0 -4.465
28.0 -6.935
28.0 -7.7
28.0 -8.68
28.0 -3.73
28.0 -2.405
28.0 -7.375
28.0 -8.28
28.0 -10.305
28.5 -5.44
28.5 -3.655
28.5 -4.52
28.5 -5.25
28.5 -4.735
28.5 -7.37
28.5 -5.72
28.5 -4.275
28.5 -1.635
28.5 -3.2
28.5 -8.335
28.5 -5.79
28.5 -4.6
28.5 -5.88
28.5 -5.21
28.5 -4.795
28.5 -6.11
28.5 -0.695
28.5 -3.21
28.5 -3.985
28.5 -6.99
28.5 -3.355
28.5 -2.99
28.5 -4.105
28.5 -7.485
28.5 -5.535
28.5 -2.53
28.5 -2.89
28.5 -0.43
28.5 -0.84
28.5 -5.635
28.5 -3.605
28.5 -2.755
28.5 -1.445
28.5 -2.28
28.5 -5.645
28.5 -3.185
28.5 -3.5
28.5 -2.905
28.5 -3.37
28.5 -3.115
28.5 -5.19
28.5 -1.875
28.5 0.64
28.5 -0.93
28.5 -5.85
28.5 -7.16
28.5 -4.805
28.5 -3.285
28.5 -4.65
28.5 -2.245
28.5 -4.64
28.5 -2.8
28.5 -1.435
28.5 -1.375
28.5 -5.895
28.5 -6.78
28.5 -9.435
28.5 -5.155
28.5 -5.17
28.5 -5.535
28.5 -3.11
28.5 -5.875
28.5 -2.85
28.5 -2.495
28.5 -1.01
28.5 -2.625
28.5 -6.37
28.5 -6.15
28.5 -6.61
28.5 -3.59
28.5 -5.75
28.5 -7.725
28.5 -7.71
28.5 -2.085
28.5 -1.335
28.5 -3.12
28.5 -4.44
28.5 -7.52
28.5 -8.095
28.5 -9.715
28.5 -9.005
28.5 -7.07
28.5 -4.415
28.5 -3.08
28.5 -0.365
28.5 -0.725
28.5 -3.695
28.5 -3.37
28.5 -6.54
28.5 -2.81
28.5 -1.345
28.5 1.285
28.5 -4.53
28.5 -7.51
28.5 0.265
28.5 -4.69
28.5 -3.38
28.5 -1.485
28.5 -3.465
28.5 -6.325
28.5 -5.705
28.5 -6.775
28.5 -4.635
28.5 -3.46
28.5 -3.7
28.5 -0.98
28.5 0.27
28.5 0.81
28.5 -2.035
28.5 -6.045
28.5 -7.205
28.5 -6.595
28.5 -6.605
28.5 -4.5
28.5 -4.885
28.5 -2.555
28.5 -4.48
28.5 -0.66
28.5 -0.465
28.5 -1.13
28.5 -2.31
28.5 -3.32
28.5 -3.005
28.5 -4.515
28.5 -2.025
28.5 -2.905
28.5 -2.68
28.5 0.005
28.5 -2.36
28.5 -2.645
28.5 -5.48
28.5 -4.105
28.5 -0.935
28.5 -1.37
29.5 0.87
29.5 2.315
29.5 0.605
29.5 -3.2
29.5 -3.355
29.5 -1.065
29.5 -1.735
29.5 -3.995
29.5 -2.345
29.5 -3.545
29.5 -2.795
29.5 -4.29
29.5 -4.475
29.5 -2.74
29.5 -0.61
29.5 -0.205
29.5 2.58
29.5 3.04
29.5 -0.22
29.5 0.86
29.5 -0.885
29.5 -0.675
29.5 -2.4
29.5 -3.76
29.5 -3.56
29.5 -4.22
29.5 -3.41
29.5 -3.035
29.5 -3.98
29.5 -4.985
29.5 -7.475
29.5 -5.0
29.5 -2.445
29.5 -3.36
29.5 -3.685
29.5 -1.45
29.5 -0.57
29.5 -5.35
29.5 -3.28
29.5 -5.995
29.5 -7.86
29.5 -2.86
29.5 -3.9
29.5 -1.01
29.5 0.195
29.5 -3.28
29.5 -2.505
29.5 -5.85
29.5 -6.085
29.5 -2.755
29.5 -2.82
29.5 -4.19
29.5 -3.085
29.5 -4.015
29.5 -3.15
29.5 -0.495
29.5 -2.535
29.5 -2.315
29.5 -5.4
29.5 -7.165
29.5 -4.13
29.5 -1.66
29.5 -2.925
29.5 -3.825
29.5 -2.74
29.5 -5.785
29.5 -3.425
29.5 -0.045
29.5 -1.27
29.5 -3.0
29.5 -4.195
29.5 -11.66
29.5 -5.26
29.5 -3.555
29.5 -1.42
29.5 -4.58
29.5 -7.11
29.5 -6.42
29.5 -9.65
29.5 -8.245
29.5 -3.5
29.5 -1.08
29.5 -3.34
29.5 -4.285
29.5 -5.415
29.5 -9.855
29.5 -6.91
29.5 -6.595
29.5 -3.82
29.5 -2.505
29.5 -4.13
29.5 -4.96
29.5 -5.69
29.5 -2.61
29.5 -7.6
29.5 -4.615
29.5 -7.07
29.5 -4.005
29.5 -2.155
29.5 -3.31
29.5 -2.49
29.5 -2.09
29.5 -3.565
29.5 -3.595
29.5 -2.9
29.5 0.39
29.5 0.305
29.5 -2.295
29.5 -1.87
29.5 -0.96
29.5 -7.02
29.5 -3.395
29.5 -0.8
29.5 -4.26
29.5 -0.545
29.5 -4.48
29.5 -5.48
29.5 -3.975
29.5 -5.585
29.5 -5.24
29.5 -4.235
29.5 -6.505
29.5 -4.81
29.5 -0.25
29.5 1.895
29.5 -0.795
29.5 -5.035
29.5 -6.495
29.5 -7.66
29.5 -4.85
29.5 -1.055
29.5 -3.77
29.5 -5.52
29.5 -1.96
29.5 -5.825
29.5 -6.415
29.5 -7.41
29.5 -9.03
29.5 -4.555
29.5 -4.82
29.5 -4.235
29.5 -4.14
29.5 -4.85
29.5 -3.88
30.0 -1.56
30.0 0.365
30.0 -1.015
30.0 -2.035
30.0 -2.825
30.0 -4.095
30.0 -2.25
30.0 -3.18
30.0 -6.985
30.0 -3.78
30.0 -3.505
30.0 -4.7
30.0 -4.355
30.0 -5.215
30.0 -5.125
30.0 -3.375
30.0 -2.775
30.0 -5.965
30.0 -6.585
30.0 -4.505
30.0 -3.03
30.0 -0.13
30.0 -5.02
30.0 -9.425
30.0 -4.78
30.0 -4.83
30.0 -5.795
30.0 -8.07
30.0 -6.35
30.0 -2.775
30.0 -5.55
30.0 -7.15
30.0 -4.345
30.0 -4.385
30.0 -5.85
30.0 -4.025
30.0 -2.495
30.0 -3.535
30.0 -5.615
30.0 -2.31
30.0 -0.355
30.0 -3.11
30.0 -3.14
30.0 -1.345
30.0 -1.175
30.0 -6.145
30.0 -4.595
30.0 -6.335
30.0 -6.19
30.0 -4.84
30.0 -3.425
30.0 -4.355
500
-99.0 -232.495
-47.5 -157.915
-33.5 -124.585
-27.5 -98.77
-14.0 -83.06
-7.0 -67.26
3.5 -63.11
6.5 -53.945
6.5 -46.155
6.5 -34.485
6.5 -26.855
11.5 -27.72
11.5 -27.91
15.5 -25.255
15.5 -23.085
15.5 -20.555
15.5 -18.75
19.0 -12.565
19.0 -14.88
19.0 -14.385
19.5 -13.945
19.5 -11.17
21.0 -7.01
21.0 -6.25
21.0 -7.84
21.0 -14.42
21.0 -15.645
21.0 -11.135
21.0 -9.33
21.0 -6.74
21.0 -4.15
21.0 -8.16
21.0 -11.24
21.0 -9.745
25.5 -11.11
25.5 -8.18
25.5 -8.31
25.5 -9.77
25.5 -8.61
25.5 -11.13
25.5 -9.19
25.5 -8.965
25.5 -9.465
25.5 -10.545
25.5 -11.665
25.5 -6.06
25.5 -6.595
25.5 -8.305
25.5 -9.535
25.5 -9.335
25.5 -10.505
25.5 -9.31
25.5 -10.575
25.5 -7.855
25.5 -5.895
25.5 -6.51
25.5 -10.37
25.5 -6.35
25.5 -4.52
25.5 -6.285
25.5 -6.655
25.5 -7.83
25.5 -6.085
25.5 -8.735
25.5 -6.225
25.5 -5.995
25.5 -7.965
25.5 -9.905
25.5 -9.865
25.5 -9.2
25.5 -5.52
25.5 -7.245
25.5 -6.76
25.5 -8.215
25.5 -7.36
25.5 -7.495
25.5 -6.935
25.5 -5.045
25.5 -7.46
25.5 -8.545
25.5 -6.85
25.5 -11.11
25.5 -9.305
25.5 -9.085
25.5 -1.63
25.5 -4.235
25.5 -5.68
25.5 -6.755
25.5 -4.735
26.0 -2.07
26.0 -8.74
26.0 -8.53
26.0 -8.82
26.0 -7.39
26.0 -4.51
26.0 -4.1
26.0 -7.265
26.0 -4.205
26.0 -5.0
26.0 -3.835
26.0 -5.925
26.0 -3.59
26.0 -7.635
26.0 -8.63
26.0 -7.575
26.0 -2.285
26.0 -4.76
26.0 -4.37
26.0 -5.44
26.0 -7.22
26.0 -3.69
26.0 -8.07
26.0 -6.665
26.0 -4.705
26.0 -6.195
26.0 -3.06
26.0 -4.025
27.0 -5.59
27.0 -6.335
27.0 -3.05
27.0 -4.7
27.0 -8.975
27.0 -7.395
27.0 -7.79
27.0 -6.46
27.0 -4.91
27.0 -7.235
27.0 -12.51
27.0 -8.36
27.0 -6.405
27.0 -1.865
27.0 -3.165
27.0 -8.245
27.0 -6.67
27.0 -3.935
27.0 -7.88
27.0 -10.805
27.0 -8.79
27.0 -4.79
27.0 -6.355
27.0 -7.09
27.0 -7.67
27.0 -7.27
27.0 -5.54
27.0 -7.045
27.0 -7.675
27.0 -11.005
27.0 -7.745
27.0 -6.24
27.0 -7.265
27.0 -9.345
27.0 -6.615
27.0 -9.045
27.0 -8.57
27.0 -8.38
27.0 -9.8
27.0 -8.195
27.0 -8.625
27.0 -7.82
27.0 -7.525
27.0 -7.5
27.0 -6.295
27.0 -6.705
27.0 -10.34
27.0 -9.695
27.0 -6.63
27.0 -7.74
27.0 -6.665
27.0 -3.755
27.0 -6.465
27.0 -7.79
27.0 -10.735
27.0 -9.925
27.0 -10.95
27.0 -11.045
27.0 -2.86
27.0 -3.59
27.0 -4.24
27.0 -7.88
27.0 -7.035
27.0 -7.31
27.0 -9.015
27.0 -5.465
27.0 -2.185
27.0 -5.135
27.0 -9.08
27.0 -8.43
27.0 -4.145
27.0 -8.635
27.0 -6.055
27.0 -5.845
27.0 -5.885
27.0 -7.43
27.0 -6.765
27.0 -7.91
27.5 -7.47
27.5 -6.715
27.5 -6.075
27.5 -5.945
27.5 -7.445
27.5 -8.18
27.5 -2.84
27.5 -3.395
27.5 -4.465
27.5 -10.155
27.5 -6.065
27.5 -4.17
27.5 -7.03
27.5 -7.13
27.5 -9.46
27.5 -8.115
27.5 -5.545
27.5 -1.935
27.5 -3.265
27.5 -4.375
27.5 -5.555
27.5 -8.175
27.5 -6.065
27.5 -6.4
27.5 -3.09
27.5 -5.51
27.5 -5.47
27.5 -8.27
27.5 -5.005
27.5 -4.935
27.5 -7.285
27.5 -7.73
27.5 -4.36
27.5 -7.38
27.5 -4.285
27.5 -4.265
27.5 -5.195
27.5 -7.4
27.5 -2.53
27.5 -3.405
27.5 -7.04
27.5 -7.545
27.5 -5.7
27.5 -6.52
27.5 -3.73
27.5 -4.95
27.5 -6.785
27.5 -1.985
27.5 -3.705
27.5 -6.22
27.5 -6.7
27.5 -9.26
27.5 -5.39
27.5 -1.27
27.5 -1.44
27.5 -4.635
27.5 -5.385
27.5 -6.655
27.5 -5.57
27.5 -5.525
27.5 -3.11
27.5 -2.17
27.5 -2.735
27.5 -6.385
27.5 -6.185
27.5 -6.22
27.5 -7.415
27.5 -4.31
27.5 -5.835
27.5 -5.53
27.5 -10.47
27.5 -4.46
27.5 -1.57
27.5 -5.69
27.5 -6.545
27.5 -6.355
27.5 -3.46
27.5 -7.915
27.5 -8.595
27.5 -9.435
27.5 -7.32
27.5 -10.135
27.5 -7.445
27.5 -5.97
27.5 -3.925
27.5 -4.07
27.5 -5.2
27.5 -6.805
27.5 -4.73
27.5 -5.865
27.5 -4.135
27.5 -4.87
27.5 -4.86
27.5 -6.165
27.5 -3.655
27.5 -2.84
27.5 -5.775
27.5 -2.655
27.5 -3.165
27.5 -6.0
27.5 -9.35
27.5 -8.975
27.5 -7.805
27.5 -6.905
27.5 -8.485
27.5 -5.64
27.5 -4.36
27.5 -8.235
27.5 -8.7
27.5 -7.35
27.5 -8.015
27.5 -6.515
27.5 -5.195
27.5 -6.595
27.5 -7.99
27.5 -7.365
27.5 -6.585
27.5 -9.115
27.5 -5.48
27.5 -7.68
27.5 -6.03
27.5 -6.065
27.5 -7.515
27.5 -6.24
28.5 -4.565
28.5 -3.665
28.5 -6.29
28.5 -3.96
28.5 -6.95
28.5 -4.865
28.5 -6.095
28.5 -7.955
28.5 -5.455
28.5 -4.91
28.5 -5.975
28.5 -4.84
28.5 -6.38
28.5 -5.145
28.5 -5.77
28.5 -6.315
28.5 -5.735
28.5 -4.615
28.5 -7.43
28.5 -4.545
28.5 -6.91
28.5 -7.025
28.5 -8.815
28.5 -16.445
28.5 -7.605
28.5 -5.375
28.5 -4.62
28.5 -6.38
28.5 -7.73
28.5 -9.04
28.5 -8.005
28.5 -9.125
28.5 -4.92
28.5 -5.875
28.5 -7.51
28.5 -6.16
28.5 -8.585
28.5 -9.265
28.5 -7.115
28.5 -8.525
28.5 -10.1
28.5 -9.86
28.5 -8.755
28.5 -9.115
28.5 -9.09
28.5 -10.785
28.5 -11.33
28.5 -8.24
28.5 -3.865
28.5 -4.505
28.5 -5.15
28.5 -9.86
28.5 -11.335
28.5 -5.185
28.5 -3.93
28.5 -2.34
28.5 -5.565
28.5 -5.155
28.5 -7.055
28.5 -6.55
28.5 -6.375
28.5 -5.375
28.5 -2.605
28.5 -1.285
28.5 -4.07
28.5 -3.825
28.5 -5.405
28.5 -4.405
28.5 -7.185
28.5 -3.605
28.5 -2.9
28.5 -4.85
28.5 -8.12
28.5 -5.53
28.5 -4.32
28.5 -6.135
28.5 -7.45
28.5 -6.675
28.5 -6.995
28.5 -5.78
28.5 -2.675
28.5 -3.535
28.5 -9.575
28.5 -5.69
28.5 -6.98
28.5 -4.715
28.5 -4.205
28.5 -4.425
28.5 0.23
28.5 -3.785
28.5 -1.59
28.5 -3.335
28.5 -2.925
28.5 -5.975
28.5 -1.765
28.5 -7.36
28.5 -8.15
28.5 -5.28
28.5 -3.665
28.5 -5.065
28.5 -3.985
28.5 -5.045
28.5 -7.08
28.5 -8.17
28.5 -10.47
28.5 -10.07
28.5 -6.825
28.5 -9.295
28.5 -6.54
28.5 -5.65
28.5 -6.91
28.5 -10.47
28.5 -7.48
28.5 -6.665
28.5 -5.39
28.5 -6.835
28.5 -3.54
28.5 -6.895
28.5 -5.12
28.5 -6.185
28.5 -9.72
28.5 -12.24
28.5 -7.845
28.5 -8.495
28.5 -6.335
28.5 -5.66
28.5 -7.69
28.5 -3.095
28.5 -4.035
28.5 -4.715
28.5 -0.14
28.5 -5.0
28.5 -6.265
28.5 -1.61
28.5 -1.94
28.5 -9.86
28.5 -7.795
28.5 -11.835
28.5 -6.6
28.5 -4.1
28.5 -5.415
28.5 -3.815
28.5 -3.98
28.5 -6.785
28.5 -3.0
28.5 -1.61
28.5 -3.23
28.5 -5.44
28.5 -6.53
28.5 -6.85
28.5 -5.8
28.5 -12.545
28.5 -7.055
28.5 -3.145
28.5 -2.665
28.5 -8.49
28.5 -7.565
28.5 -6.08
28.5 -3.835
28.5 -4.39
28.5 -7.115
28.5 -6.515
28.5 -2.26
28.5 -3.76
28.5 -5.36
28.5 -3.43
28.5 -6.065
28.5 -4.795
28.5 -7.605
28.5 -8.76
28.5 -4.825
28.5 -5.525
28.5 -6.77
28.5 -9.795
28.5 -11.535
28.5 -8.705
28.5 -10.52
28.5 -7.105
28.5 -3.625
28.5 -3.25
28.5 -4.355
500
-41.5 -237.18
-41.5 -161.695
-36.0 -123.33
-23.5 -97.5
-14.0 -76.345
1.0 -60.94
1.0 -54.755
1.0 -49.725
10.5 -43.645
12.0 -37.695
12.0 -33.11
12.0 -28.33
12.0 -27.005
12.0 -21.52
17.5 -20.255
17.5 -19.055
17.5 -19.46
17.5 -16.805
17.5 -18.135
17.5 -19.52
17.5 -15.69
17.5 -13.25
19.5 -12.825
19.5 -6.465
20.5 -9.76
20.5 -11.65
20.5 -8.78
20.5 -8.55
20.5 -8.275
22.5 -8.97
22.5 -4.255
22.5 -4.465
22.5 -2.53
22.5 -5.71
22.5 -6.095
22.5 -2.535
22.5 -2.315
22.5 -7.055
23.5 -6.49
23.5 -3.98
23.5 0.07
23.5 -0.65
23.5 -0.62
23.5 -2.48
23.5 -2.735
23.5 -1.995
26.0 0.375
26.0 0.515
26.0 -1.705
26.0 -2.49
26.0 -2.565
26.0 -1.885
26.0 -2.79
26.0 -2.23
26.0 -5.77
26.0 -3.13
26.0 0.59
26.0 -1.36
26.0 -1.545
26.0 -0.725
26.0 -0.77
26.0 0.425
26.0 -3.59
26.0 -5.77
26.0 -4.85
26.0 -2.465
26.0 -3.57
26.0 -6.035
26.0 -2.735
26.0 1.8
26.0 -3.57
26.0 -2.1
26.0 3.685
26.0 -1.91
26.0 -3.17
26.0 -1.41
26.0 -2.89
26.0 -1.2
26.0 -5.125
26.0 -2.885
26.0 -4.59
26.0 -1.08
26.0 -1.105
26.0 -0.26
26.0 -4.68
26.0 -3.2
26.0 -2.165
26.0 -2.625
26.0 -3.94
26.0 -1.135
26.0 -1.605
26.0 -2.89
26.0 -1.705
26.0 -1.27
26.0 -3.285
26.0 -2.62
26.0 -5.305
26.0 -6.795
26.0 -5.125
26.0 -7.16
26.0 -0.79
26.0 -4.385
26.0 -5.295
26.0 -6.755
26.0 -5.495
26.0 -5.32
26.0 -5.605
26.0 -3.745
26.0 -1.235
26.0 -2.62
26.0 -2.14
26.0 -2.63
26.0 1.465
26.0 -1.425
26.0 -3.02
26.0 -2.77
26.0 -7.35
26.0 -4.63
26.0 -4.62
26.0 -3.04
26.0 -0.75
26.0 -3.045
26.0 -3.845
26.0 -5.715
26.0 -8.955
26.0 -6.32
26.0 -0.295
26.0 -2.57
28.0 -4.96
28.0 -5.06
28.0 -8.11
28.0 -7.0
28.0 -4.93
28.0 -4.335
28.0 -6.435
28.0 -7.42
28.0 -5.06
28.0 -3.405
28.0 -1.425
28.0 -3.17
28.0 -2.56
28.0 -5.985
28.0 -7.395
28.0 -4.2
28.0 -6.52
28.0 -6.43
28.0 -8.37
28.0 -6.32
28.0 -10.42
28.0 -7.22
28.0 -8.16
28.0 -10.01
28.0 -6.915
28.0 -4.94
28.0 -6.185
28.0 -9.62
28.0 -7.195
28.0 -5.82
28.0 -4.205
28.0 -2.55
28.0 -0.09
28.0 0.175
28.0 -3.935
28.0 -5.15
28.0 -6.79
28.0 -6.2
28.0 -5.855
28.0 -9.235
28.0 -9.305
28.0 -4.42
28.0 -3.235
28.0 -0.65
28.0 -0.49
28.0 -1.635
28.0 -3.22
28.0 -5.665
28.0 -4.795
28.0 -4.89
28.0 -3.75
28.0 -1.24
28.0 -3.955
28.0 -8.945
28.0 -8.36
28.0 -6.91
28.0 -4.965
28.0 -6.85
28.0 -3.285
28.0 0.05
28.0 -2.835
28.0 -6.08
28.0 -3.425
28.0 -1.425
28.0 -3.05
28.0 -1.845
28.0 -2.795
28.0 -2.39
28.0 -6.295
28.0 -10.985
28.0 -8.415
28.0 -4.115
28.0 -4.965
28.0 -5.42
28.0 -5.605
28.0 -8.31
28.0 -8.275
28.0 -4.93
28.0 -6.3
28.0 -3.22
28.0 -5.705
28.0 -4.765
28.0 -0.765
28.0 -2.62
28.0 -4.48
28.0 -4.675
28.0 -2.02
28.0 -6.16
28.0 -8.105
28.0 -6.78
28.0 -7.565
28.0 -1.255
28.0 -2.015
28.0 -2.46
28.0 -3.23
28.0 -6.225
28.0 -6.73
28.0 -7.515
28.0 -5.39
28.0 -7.54
28.0 -8.635
28.0 -4.56
28.0 -6.885
28.0 -7.595
28.0 -7.74
28.0 -9.105
28.0 -8.505
28.0 -10.525
28.0 -5.85
28.0 -6.295
28.0 -9.265
28.0 -8.7
28.0 -5.95
28.0 -3.67
28.0 -4.945
28.0 -4.745
28.0 -7.595
28.0 -5.835
28.0 -5.89
28.0 -9.025
28.0 -6.87
28.0 -6.26
28.0 -4.85
28.0 -5.78
28.0 -2.66
28.0 -2.58
28.0 -6.85
28.0 -9.9
28.0 -5.715
28.0 -3.565
28.0 -6.65
28.0 -5.565
28.0 -6.355
28.0 -4.31
28.0 -4.195
28.0 -4.735
28.0 -6.25
28.0 -5.505
28.0 -5.07
28.0 -3.15
28.0 -6.11
28.0 -8.8
28.0 -7.015
28.0 -5.7
28.0 -8.855
28.0 -11.51
28.0 -6.47
28.0 -3.8
28.0 -3.505
28.0 -5.64
28.0 -6.945
28.0 -9.705
28.0 -9.425
28.0 -6.11
28.0 -7.585
28.0 -9.61
28.0 -6.205
28.0 -12.01
28.0 -6.135
28.0 -4.08
28.0 -5.525
28.0 -5.425
28.0 -3.51
28.0 -4.61
28.0 -3.445
28.0 -8.475
28.0 -5.015
28.0 -6.445
28.0 -9.7
28.0 -8.205
28.0 -4.83
28.0 -6.04
28.0 -7.345
28.0 -4.03
28.0 -9.015
28.0 -10.365
28.0 -5.315
28.0 -7.185
28.0 -2.68
28.0 -3.325
28.0 -4.455
28.0 -6.81
28.0 -9.14
28.0 -4.445
28.0 -4.13
28.0 -7.985
28.0 -13.575
28.0 -9.75
28.0 -10.49
28.0 -11.325
28.0 -6.54
28.0 -5.74
28.0 -8.285
28.0 -7.125
28.0 -4.045
28.0 -3.955
28.0 -6.47
28.0 -5.795
28.0 -4.625
28.0 -8.19
28.0 -7.22
28.0 -2.845
28.0 -7.13
28.0 -4.955
28.0 -7.3
28.0 -4.985
28.0 -6.685
28.0 -7.175
28.0 -8.385
28.0 -7.795
28.0 -8.55
28.0 -6.175
28.0 -9.24
28.0 -4.035
28.0 -6.075
28.0 -4.99
28.0 -5.985
28.0 -6.015
28.0 -7.92
28.0 -11.075
28.0 -11.88
28.0 -11.885
28.0 -10.335
28.0 -11.215
28.0 -9.755
28.0 -5.68
28.0 -8.225
28.0 -5.13
28.0 -6.04
28.0 -6.525
28.0 -7.625
28.0 -8.745
28.0 -7.165
28.0 -8.775
28.0 -6.77
28.0 -8.855
28.0 -10.075
28.0 -7.92
28.0 -5.455
28.0 -5.07
28.0 -6.16
28.0 -5.98
28.0 -3.64
28.0 -5.89
28.0 -8.38
28.0 -6.875
28.0 -2.955
28.0 -5.045
28.0 -4.315
28.0 -4.415
28.0 -5.98
28.0 -5.815
28.0 -11.505
28.0 -7.37
28.0 -2.995
28.0 -6.695
28.0 -7.025
28.0 -7.045
28.0 -5.535
28.0 -0.44
28.0 -3.755
28.0 -5.095
28.0 -6.46
28.0 -3.365
28.0 -7.275
28.0 -6.605
28.0 -3.955
28.0 -6.925
28.0 -9.885
28.0 -5.185
28.0 -4.61
28.0 -5.78
28.0 -6.61
28.0 -9.395
28.0 -9.015
28.0 -6.26
28.0 -3.785
28.0 -3.255
28.0 -5.755
28.0 -4.495
28.0 -5.865
28.0 -7.875
28.0 -7.82
28.0 -11.11
28.0 -3.735
28.0 -6.215
28.0 -7.98
28.0 -8.265
28.0 -10.105
28.0 -6.21
28.0 -6.965
28.0 -5.245
28.0 -2.93
28.0 -4.37
28.0 -4.75
28.0 -1.8
28.0 -8.19
28.0 -7.035
28.0 -2.915
28.0 -9.31
28.0 -9.84
28.0 -8.865
28.0 -7.975
28.0 -8.45
28.0 -7.295
28.0 -7.85
28.0 -8.555
28.0 -2.33
28.0 -4.93
28.0 -6.945
28.0 -5.9
28.0 -5.525
28.0 -10.14
28.0 -8.25
28.0 -9.5
28.0 -6.615
28.0 -4.925
28.0 -3.875
28.0 -7.525
28.0 -8.305
28.0 -7.805
28.0 -7.595
28.0 -4.815
28.0 -4.65
28.0 -3.545
28.0 -3.43
28.0 -1.96
28.0 -5.295
28.0 -6.35
28.0 -4.41
28.0 -9.785
28.0 -5.15
28.0 -4.785
28.0 -2.555
28.0 -6.325
28.0 -5.715
28.0 -1.915
28.0 -4.72
28.0 -6.955
28.0 -7.665
28.0 -7.205
28.0 -4.855
28.0 -7.34
28.0 -10.11
28.0 -9.44
28.0 -7.67
28.0 -6.61
28.0 -7.505
28.0 -10.34
28.0 -9.435
28.0 -4.63
28.0 -8.73
28.0 -6.605
28.0 -10.09
28.0 -8.03
28.0 -6.47
28.0 -7.05
28.0 -6.445
28.0 -7.0
28.0 -8.625
28.0 -5.715
28.0 -5.595
28.0 -6.26
28.0 -7.94
28.0 -4.21
28.0 -9.01
28.0 -11.41
28.0 -8.215
28.0 -11.49
28.0 -10.245
28.0 -10.105
28.0 -8.26

Individual: [1, 2, 4, 5, 9, 10, 12, 13, 26, 27, 32, 33, 34, 36, 37, 43, 75, 79, 80, 89, 91, 92, 93, 96, 97]
   Fitness: 28.5
     Total: 25
Violations: 9 9

Individual: [1, 2, 8, 9, 10, 25, 27, 30, 31, 35, 36, 39, 46, 74, 80, 81, 85, 93, 95, 98, 99]
   Fitness: 26.5
     Total: 21
Violations: 5 5

Individual: [2, 4, 7, 13, 14, 25, 31, 32, 54, 55, 63, 64, 67, 69, 82, 86, 88, 91, 92, 93]
   Fitness: 28.0
     Total: 20
Violations: 2 2

Individual: [4, 5, 10, 12, 17, 18, 21, 25, 27, 28, 34, 35, 65, 68, 69, 75, 76, 80, 86, 89, 94, 97, 98, 100]
   Fitness: 30.0
     Total: 24
Violations: 6 6

Individual: [1, 2, 4, 5, 14, 19, 20, 22, 26, 29, 31, 66, 68, 73, 76, 78, 81, 90, 91, 93, 97, 98, 100]
   Fitness: 30.5
     Total: 23
Violations: 4 4

Individual: [2, 5, 16, 17, 22, 26, 29, 35, 38, 46, 62, 64, 72, 77, 81, 83, 88, 91, 96, 97]
   Fitness: 28.0
     Total: 20
Violations: 2 2

Individual: [3, 6, 9, 16, 17, 19, 20, 27, 30, 33, 42, 52, 55, 69, 70, 72, 73, 78, 79, 82, 93, 95, 98, 99, 100]
   Fitness: 28.5
     Total: 25
Violations: 9 8

Individual: [3, 6, 10, 11, 12, 15, 16, 25, 27, 31, 33, 36, 37, 69, 70, 75, 77, 78, 82, 89, 91, 92, 97, 99]
   Fitness: 30.0
     Total: 24
Violations: 6 5

Individual: [1, 5, 10, 11, 20, 22, 25, 26, 29, 31, 37, 69, 71, 72, 77, 78, 81, 88, 92, 94, 95, 97, 98]
   Fitness: 28.5
     Total: 23
Violations: 6 5

Individual: [1, 4, 6, 16, 17, 21, 31, 39, 43, 48, 50, 59, 63, 66, 81, 88, 90, 91, 98, 100]
   Fitness: 28.0
     Total: 20
Violations: 2 2
