10
100
-47.0 -232.702
-34.0 -164.292
-27.5 -135.372
-20.5 -120.725
-7.0 -112.768
-7.0 -108.391
10.0 -95.796
10.0 -88.918
10.0 -88.626
11.0 -84.88
11.0 -80.386
11.0 -76.473
11.0 -79.03
15.0 -76.559
15.0 -69.132
15.0 -69.333
15.0 -63.206
15.0 -60.387
15.0 -57.279
15.0 -53.178
15.0 -54.593
15.0 -52.781
15.0 -48.455
15.0 -55.879
18.0 -50.466
18.0 -54.287
18.5 -53.444
18.5 -52.41
18.5 -47.272
18.5 -43.321
18.5 -44.699
19.5 -44.745
19.5 -49.764
19.5 -45.754
19.5 -44.535
19.5 -47.466
19.5 -46.698
19.5 -43.162
19.5 -41.504
19.5 -44.828
19.5 -47.645
19.5 -45.658
19.5 -43.688
19.5 -42.75
19.5 -43.229
20.0 -45.533
20.0 -45.192
20.0 -48.87
20.0 -45.33
20.0 -44.295
20.0 -40.541
20.0 -45.554
20.0 -49.186
20.0 -47.161
20.0 -50.704
20.0 -45.301
20.0 -48.745
20.0 -43.833
21.5 -44.654
21.5 -39.703
21.5 -37.474
21.5 -44.383
21.5 -44.408
23.0 -40.814
23.0 -36.559
23.0 -39.205
23.0 -41.826
23.0 -37.876
23.0 -37.648
23.0 -38.547
23.0 -40.092
23.0 -45.344
23.0 -43.014
23.0 -45.56
23.0 -41.105
23.0 -41.977
23.0 -38.95
23.0 -39.502
23.0 -39.337
23.0 -39.565
23.0 -38.34
23.0 -39.626
23.0 -38.553
23.0 -39.6
23.0 -42.914
23.0 -36.8
23.0 -39.364
23.0 -43.22
23.0 -39.568
23.0 -40.096
23.0 -37.146
23.0 -40.839
23.0 -41.534
23.0 -41.372
23.0 -34.684
23.0 -39.606
23.0 -37.758
23.0 -39.047
23.0 -42.488
23.0 -39.143
100
-26.5 -229.046
-26.5 -162.937
-20.5 -134.731
-9.0 -108.622
-9.0 -108.489
-9.0 -102.311
-7.0 -92.13
-7.0 -82.208
-1.0 -89.517
-0.5 -80.343
-0.5 -74.533
-0.5 -74.426
14.0 -66.629
14.0 -61.226
14.0 -65.17
14.0 -66.95
14.0 -63.07
14.0 -66.865
14.0 -63.448
14.0 -65.846
14.0 -64.179
14.0 -60.158
14.0 -61.855
14.0 -59.204
14.0 -57.145
14.0 -59.251
14.0 -58.646
20.5 -53.468
20.5 -48.754
20.5 -53.598
20.5 -47.55
20.5 -48.477
20.5 -51.343
20.5 -45.876
20.5 -41.93
20.5 -46.352
20.5 -48.25
20.5 -47.257
20.5 -50.049
20.5 -55.253
20.5 -52.697
20.5 -45.723
20.5 -48.43
20.5 -43.028
20.5 -43.981
20.5 -48.58
20.5 -49.679
20.5 -49.03
20.5 -51.019
20.5 -52.543
20.5 -45.074
20.5 -44.774
20.5 -41.922
20.5 -41.782
20.5 -41.176
20.5 -49.454
20.5 -48.083
20.5 -43.194
20.5 -44.909
20.5 -48.68
20.5 -49.05
20.5 -44.965
20.5 -42.095
20.5 -40.263
20.5 -42.951
20.5 -43.514
20.5 -43.735
20.5 -44.545
22.5 -42.845
22.5 -36.609
22.5 -36.526
22.5 -41.317
22.5 -44.377
22.5 -44.394
22.5 -45.139
22.5 -45.643
22.5 -43.271
22.5 -40.331
22.5 -45.107
22.5 -43.618
22.5 -44.648
22.5 -45.322
22.5 -43.082
26.0 -45.338
26.0 -40.432
26.0 -42.597
26.0 -40.891
26.0 -38.993
26.0 -42.692
26.0 -44.567
26.0 -42.939
26.0 -41.835
26.0 -38.303
26.0 -37.892
26.0 -43.873
26.0 -40.402
26.0 -36.67
26.0 -36.027
26.0 -37.503
26.0 -36.114
100
-47.5 -227.652
-38.0 -166.753
-9.5 -136.87
-9.5 -124.196
-9.5 -101.031
-9.5 -101.006
-9.5 -96.597
3.5 -89.609
4.5 -83.953
4.5 -83.385
4.5 -80.023
4.5 -76.746
4.5 -72.744
4.5 -72.493
4.5 -64.167
4.5 -70.468
4.5 -68.686
4.5 -66.156
10.5 -62.611
11.5 -63.784
11.5 -61.149
11.5 -62.957
12.5 -67.236
13.5 -65.394
13.5 -58.735
13.5 -61.866
14.0 -62.227
14.0 -57.235
14.0 -60.08
19.0 -58.389
19.0 -63.892
19.0 -53.997
19.0 -50.291
19.5 -54.89
19.5 -53.12
19.5 -53.687
19.5 -52.726
19.5 -54.462
19.5 -50.532
19.5 -46.146
19.5 -44.815
19.5 -54.233
19.5 -54.446
19.5 -52.518
19.5 -49.717
20.5 -42.454
20.5 -41.798
20.5 -43.692
20.5 -43.204
20.5 -41.376
21.5 -44.194
21.5 -46.247
21.5 -46.054
21.5 -38.88
21.5 -45.299
21.5 -40.082
21.5 -39.875
21.5 -48.113
21.5 -51.589
21.5 -45.929
21.5 -41.329
22.0 -42.223
22.0 -45.493
22.0 -46.087
22.0 -40.902
22.0 -42.991
22.0 -41.546
22.0 -40.163
22.0 -42.197
22.0 -37.081
23.0 -38.434
23.0 -44.108
23.0 -44.604
23.0 -45.285
23.0 -44.225
23.0 -43.892
23.0 -39.27
23.0 -40.65
23.0 -39.532
23.0 -43.824
23.0 -48.139
23.0 -42.609
23.5 -43.611
23.5 -45.914
23.5 -41.75
23.5 -42.476
23.5 -40.198
23.5 -40.355
23.5 -41.131
23.5 -43.06
23.5 -42.95
23.5 -41.453
23.5 -41.752
23.5 -39.247
23.5 -38.427
23.5 -38.622
23.5 -38.295
23.5 -40.013
23.5 -37.219
23.5 -35.36
100
-63.0 -239.285
-43.0 -162.455
-20.0 -144.764
-13.5 -131.629
-12.0 -115.072
-7.0 -104.394
-4.5 -90.73
5.0 -94.835
5.0 -92.448
5.0 -86.904
6.0 -83.732
6.0 -71.372
9.5 -76.396
9.5 -71.687
9.5 -68.825
9.5 -72.507
9.5 -70.623
12.0 -62.431
12.0 -65.96
12.0 -59.908
15.0 -55.419
15.0 -53.5
16.5 -56.714
16.5 -53.366
16.5 -53.746
16.5 -57.399
16.5 -57.515
16.5 -57.76
16.5 -66.092
17.0 -54.994
17.0 -51.547
17.0 -51.753
17.0 -53.805
17.0 -49.849
18.0 -51.601
18.0 -51.414
18.0 -49.964
18.0 -48.826
18.0 -49.451
18.0 -53.667
18.0 -50.507
18.0 -49.9
18.0 -50.812
18.0 -48.464
18.0 -48.354
18.0 -48.395
18.0 -45.445
18.0 -44.576
18.0 -49.34
22.0 -47.701
22.0 -47.261
22.0 -48.289
22.0 -47.163
22.0 -48.505
22.0 -45.743
22.0 -47.842
22.0 -45.322
22.0 -53.021
22.0 -43.689
22.0 -49.685
22.0 -51.83
22.0 -48.973
22.0 -46.446
22.0 -46.463
22.0 -44.331
22.0 -50.093
22.0 -44.889
22.0 -44.397
22.0 -45.004
22.0 -46.091
22.0 -48.48
22.0 -49.366
22.0 -54.155
22.0 -47.935
22.0 -46.277
22.0 -43.94
22.0 -44.82
22.0 -51.03
22.0 -38.764
22.0 -39.167
22.0 -41.015
22.0 -45.008
22.0 -42.384
22.0 -42.207
22.0 -39.259
22.0 -39.898
22.0 -40.744
22.0 -45.674
22.0 -48.305
22.0 -47.252
22.0 -42.802
22.0 -44.734
23.0 -46.103
23.0 -41.331
23.0 -44.154
23.0 -41.279
23.0 -38.263
23.0 -39.237
23.0 -41.88
23.0 -42.419
100
-44.0 -227.56
-44.0 -159.855
-31.5 -128.333
-22.0 -120.068
-7.5 -110.382
-6.5 -102.654
-6.5 -94.49
-0.5 -89.754
9.0 -85.244
9.0 -79.913
9.0 -87.437
9.0 -73.719
9.0 -74.333
17.0 -71.064
17.0 -70.831
17.0 -66.119
17.0 -63.151
17.0 -63.19
17.0 -66.41
17.0 -61.359
17.0 -60.856
19.0 -58.908
19.0 -51.114
19.0 -55.247
19.0 -50.205
19.0 -58.888
19.0 -54.048
19.0 -54.107
19.0 -46.911
19.0 -54.098
19.0 -51.31
19.0 -50.702
19.0 -46.064
19.0 -55.576
19.0 -53.926
19.0 -50.941
19.0 -51.96
19.0 -51.44
20.5 -44.665
20.5 -53.682
20.5 -49.747
20.5 -51.313
20.5 -48.368
20.5 -48.677
20.5 -49.428
20.5 -48.765
20.5 -49.801
20.5 -52.872
20.5 -54.056
20.5 -49.21
20.5 -49.749
20.5 -53.549
20.5 -45.766
20.5 -42.631
20.5 -40.842
20.5 -50.822
20.5 -43.596
20.5 -44.1
20.5 -44.804
20.5 -47.422
20.5 -40.587
24.0 -41.065
24.0 -39.074
24.0 -44.81
24.0 -45.852
24.0 -42.072
24.0 -43.924
24.0 -40.85
24.0 -38.035
24.0 -40.368
24.0 -42.439
24.0 -39.503
24.0 -44.787
24.0 -47.725
24.0 -36.256
24.0 -44.775
24.0 -44.477
24.0 -44.128
24.0 -35.972
24.0 -38.899
24.0 -49.581
24.0 -41.587
24.0 -37.557
24.0 -41.415
24.0 -39.266
24.0 -43.963
24.0 -43.778
24.0 -41.019
24.0 -47.4
24.0 -48.576
24.0 -43.902
24.0 -41.22
24.0 -39.842
24.0 -38.755
24.0 -38.315
24.0 -39.963
24.0 -36.837
24.0 -41.374
24.0 -40.834
24.0 -42.439
100
-37.0 -231.391
-37.0 -166.053
-31.0 -148.802
-31.0 -125.003
-13.0 -108.681
-13.0 -107.474
-1.5 -93.552
-1.5 -95.138
-1.5 -86.695
-1.5 -81.901
3.0 -86.585
3.0 -80.813
7.5 -72.566
7.5 -68.82
7.5 -68.646
7.5 -65.467
8.0 -67.438
8.0 -65.769
8.0 -63.918
8.0 -60.326
8.0 -59.9
8.5 -55.733
10.5 -59.441
12.0 -61.026
12.0 -57.222
18.5 -52.208
18.5 -56.178
18.5 -54.039
18.5 -51.071
18.5 -51.696
18.5 -48.019
18.5 -51.621
18.5 -57.736
19.0 -49.22
19.0 -48.37
19.0 -55.439
19.0 -55.663
19.0 -53.13
19.0 -56.853
19.0 -58.949
19.0 -52.0
19.0 -45.419
19.0 -49.921
19.0 -45.847
20.0 -47.312
20.0 -47.119
20.0 -42.983
20.0 -45.281
20.0 -48.227
20.0 -48.774
20.0 -50.78
20.0 -44.591
20.0 -45.167
20.0 -41.806
20.0 -43.941
20.0 -42.274
20.0 -44.33
20.0 -42.878
20.0 -46.303
20.0 -45.905
20.0 -54.157
20.0 -41.415
20.0 -42.416
20.0 -47.566
20.0 -47.928
20.0 -47.055
20.0 -52.917
20.0 -51.608
20.0 -42.065
20.0 -37.455
20.0 -34.998
20.0 -33.701
21.5 -32.589
21.5 -36.176
21.5 -39.545
23.5 -42.444
23.5 -43.029
23.5 -39.488
23.5 -36.042
23.5 -41.735
23.5 -40.13
23.5 -43.735
23.5 -39.939
23.5 -44.261
24.0 -39.096
24.0 -38.236
24.0 -42.626
24.0 -44.063
24.0 -39.273
24.0 -39.964
24.0 -46.208
24.0 -39.979
24.0 -42.65
24.0 -42.93
24.0 -43.267
24.0 -35.33
24.0 -36.718
24.0 -34.756
24.0 -34.489
24.0 -39.855
100
-51.5 -226.751
-23.0 -157.595
-4.0 -134.926
-4.0 -123.529
-4.0 -106.668
-4.0 -100.485
-4.0 -98.32
-0.5 -88.379
2.5 -79.173
2.5 -83.198
5.0 -74.541
5.0 -74.445
6.0 -72.236
9.5 -67.745
14.0 -65.569
14.0 -64.716
14.0 -68.518
14.0 -63.283
14.0 -63.364
14.0 -59.972
16.5 -62.594
16.5 -63.968
16.5 -63.728
16.5 -60.834
16.5 -60.279
16.5 -53.636
16.5 -57.118
16.5 -55.764
16.5 -61.177
17.0 -55.532
17.0 -49.958
17.0 -49.865
17.0 -51.239
17.0 -55.425
17.0 -51.37
17.0 -48.913
17.0 -51.456
17.0 -49.502
17.0 -46.68
17.0 -46.747
24.0 -54.888
24.0 -46.981
24.0 -45.296
24.0 -48.654
24.0 -49.084
24.0 -48.865
24.0 -48.881
24.0 -45.859
24.0 -46.389
24.0 -48.399
24.0 -47.943
24.0 -47.052
24.0 -42.342
24.0 -45.558
24.0 -51.146
24.0 -43.286
24.0 -43.443
24.0 -35.355
24.0 -41.035
24.0 -39.981
24.0 -41.523
24.0 -44.457
24.0 -44.417
24.0 -47.243
24.0 -41.359
24.0 -40.217
24.0 -43.637
24.0 -36.77
24.0 -40.981
24.0 -48.823
24.0 -45.42
24.0 -47.652
24.0 -40.835
24.0 -38.688
24.0 -43.358
24.0 -39.833
24.0 -37.745
24.0 -42.027
24.0 -51.275
24.0 -50.027
24.0 -48.486
24.0 -36.18
24.0 -41.402
24.0 -43.075
24.0 -46.951
24.0 -42.85
24.0 -44.873
24.0 -43.075
24.0 -42.105
24.0 -43.371
24.0 -41.237
24.0 -39.292
24.0 -41.03
24.0 -43.337
24.0 -39.766
24.0 -40.821
24.0 -41.462
24.0 -40.539
24.0 -41.968
24.0 -42.853
100
-21.5 -225.607
-21.5 -159.93
-21.5 -137.453
-15.5 -122.026
-12.0 -106.522
-12.0 -101.702
-0.5 -91.305
7.0 -95.26
7.0 -82.861
12.5 -71.032
12.5 -70.759
15.0 -65.817
15.0 -63.578
15.0 -61.45
15.0 -64.609
15.0 -63.659
15.0 -59.176
15.0 -58.474
15.0 -58.139
15.0 -59.275
15.0 -54.51
15.0 -53.691
15.0 -52.835
18.5 -54.923
18.5 -50.672
18.5 -48.845
18.5 -53.314
18.5 -53.961
19.5 -51.558
19.5 -53.436
19.5 -50.43
19.5 -49.864
19.5 -50.308
19.5 -47.773
20.5 -39.491
20.5 -40.016
20.5 -43.087
20.5 -39.993
21.0 -41.154
21.0 -41.059
21.0 -44.57
21.0 -49.098
21.0 -47.227
21.0 -47.586
21.0 -42.426
21.0 -44.236
21.0 -43.381
21.0 -40.967
21.0 -38.815
21.0 -38.426
21.0 -45.323
21.0 -47.663
21.0 -43.756
21.0 -39.636
21.0 -40.785
22.0 -41.402
22.0 -40.04
22.5 -43.35
22.5 -42.736
22.5 -41.394
23.5 -40.649
23.5 -42.151
23.5 -44.923
23.5 -38.277
23.5 -34.794
23.5 -32.832
23.5 -37.687
23.5 -39.543
23.5 -34.569
23.5 -36.471
23.5 -38.308
23.5 -39.05
23.5 -38.145
23.5 -39.565
23.5 -38.595
23.5 -41.501
23.5 -36.988
23.5 -41.63
23.5 -42.005
23.5 -41.857
23.5 -38.46
23.5 -38.657
25.0 -35.066
25.0 -37.668
25.0 -29.989
25.0 -29.539
25.0 -31.12
25.0 -40.011
25.0 -38.39
25.0 -39.717
25.0 -34.502
25.0 -38.191
25.0 -40.181
25.0 -37.647
25.0 -36.254
25.0 -38.37
25.0 -33.851
25.0 -33.85
25.0 -37.039
25.0 -33.343
100
-48.0 -234.947
-42.0 -170.194
-32.0 -148.473
-15.0 -125.463
-15.0 -110.769
-11.0 -114.196
-11.0 -103.045
-2.5 -96.0
6.5 -83.524
6.5 -80.098
6.5 -73.933
6.5 -73.929
6.5 -68.772
6.5 -69.46
6.5 -73.247
6.5 -75.626
7.5 -71.228
8.5 -64.65
8.5 -61.73
8.5 -65.756
8.5 -54.577
8.5 -64.475
11.5 -61.609
11.5 -64.151
11.5 -60.16
11.5 -64.247
11.5 -62.226
11.5 -58.913
13.5 -51.698
13.5 -56.425
13.5 -56.988
13.5 -64.58
13.5 -55.91
13.5 -56.59
13.5 -54.622
13.5 -55.071
13.5 -53.97
13.5 -49.076
17.5 -57.489
17.5 -54.849
17.5 -52.547
17.5 -45.138
17.5 -48.633
17.5 -46.442
17.5 -46.978
17.5 -48.283
21.0 -44.27
21.0 -47.66
21.0 -46.071
21.0 -43.101
21.0 -46.804
21.0 -49.882
21.0 -39.743
21.0 -45.961
21.0 -42.775
21.0 -44.584
21.0 -45.073
21.0 -48.787
21.0 -46.47
21.0 -44.232
21.5 -42.971
21.5 -44.435
21.5 -47.704
21.5 -46.005
21.5 -48.035
21.5 -40.261
21.5 -45.078
21.5 -43.036
21.5 -40.976
21.5 -45.538
21.5 -39.098
21.5 -40.477
21.5 -45.01
21.5 -44.242
21.5 -42.03
23.5 -52.456
23.5 -46.349
23.5 -48.698
23.5 -44.049
23.5 -45.71
23.5 -44.194
23.5 -44.306
23.5 -44.912
23.5 -46.794
23.5 -52.902
23.5 -48.551
23.5 -42.484
23.5 -41.836
23.5 -43.295
23.5 -43.793
23.5 -42.054
23.5 -40.769
23.5 -40.44
23.5 -45.859
23.5 -48.025
23.5 -46.055
23.5 -42.338
23.5 -42.794
23.5 -42.055
24.5 -44.809
100
-27.5 -224.945
-9.5 -159.691
-9.5 -130.849
-9.5 -125.318
-9.5 -112.838
-9.5 -95.878
-9.5 -92.526
3.0 -87.938
3.0 -79.332
3.0 -78.865
3.0 -75.439
7.5 -75.211
7.5 -75.574
7.5 -74.472
7.5 -75.224
7.5 -71.912
7.5 -71.781
13.5 -65.308
13.5 -70.337
13.5 -62.455
13.5 -62.392
13.5 -60.101
13.5 -56.231
13.5 -55.384
13.5 -60.01
13.5 -61.205
13.5 -51.376
13.5 -58.291
13.5 -53.606
17.0 -52.89
17.0 -50.855
17.0 -50.648
17.0 -45.898
17.0 -46.545
17.0 -45.303
17.0 -50.936
17.0 -50.835
17.0 -53.813
17.0 -47.738
18.5 -44.861
18.5 -52.895
18.5 -46.755
18.5 -51.282
18.5 -45.54
18.5 -48.024
18.5 -42.15
18.5 -45.714
18.5 -48.236
18.5 -48.051
19.0 -43.753
19.0 -45.831
19.0 -46.772
19.0 -45.881
19.0 -43.197
19.0 -40.326
19.0 -43.61
19.0 -38.899
19.0 -35.949
19.0 -42.382
19.5 -42.137
19.5 -37.812
19.5 -40.3
19.5 -42.892
19.5 -43.071
19.5 -45.871
20.0 -53.538
20.0 -47.591
20.0 -45.528
20.0 -43.82
20.0 -40.767
20.0 -38.982
20.0 -42.738
20.5 -35.423
20.5 -40.542
21.0 -43.196
21.0 -45.334
22.5 -41.565
22.5 -34.845
22.5 -31.042
22.5 -38.206
22.5 -40.545
22.5 -37.993
22.5 -39.016
22.5 -41.361
22.5 -46.719
22.5 -46.254
22.5 -39.486
22.5 -36.409
22.5 -40.359
22.5 -43.973
22.5 -39.637
24.5 -37.615
24.5 -39.619
24.5 -37.681
24.5 -35.835
24.5 -37.916
24.5 -43.239
24.5 -44.062
24.5 -42.315
24.5 -40.225

Individual: [1, 3, 7, 9, 10, 12, 14, 25, 26, 27, 29, 30, 68, 72, 73, 75, 76, 78, 79, 81, 87, 88, 96, 97, 99, 100]
   Fitness: 23.0
     Total: 26
Violations: 16 12

Individual: [2, 3, 5, 6, 9, 11, 17, 21, 26, 27, 30, 32, 36, 65, 74, 75, 78, 82, 93, 94, 96, 97, 99, 100]
   Fitness: 26.0
     Total: 24
Violations: 10 9

Individual: [4, 9, 10, 12, 16, 23, 24, 26, 30, 31, 34, 41, 45, 63, 69, 76, 82, 87, 88, 90, 91, 93, 94]
   Fitness: 23.5
     Total: 23
Violations: 11 10

Individual: [1, 6, 7, 8, 13, 14, 21, 24, 26, 30, 31, 37, 54, 58, 66, 71, 72, 74, 75, 91, 97, 100]
   Fitness: 23.0
     Total: 22
Violations: 10 8

Individual: [1, 12, 13, 15, 22, 24, 35, 36, 40, 42, 51, 52, 61, 63, 66, 73, 74, 76, 77, 84, 97, 100]
   Fitness: 24.0
     Total: 22
Violations: 9 7

Individual: [1, 2, 6, 13, 21, 22, 25, 31, 32, 35, 42, 52, 65, 67, 74, 77, 84, 85, 90, 95, 97, 98]
   Fitness: 24.0
     Total: 22
Violations: 9 7

Individual: [4, 6, 8, 17, 18, 19, 22, 29, 33, 35, 42, 62, 65, 66, 73, 75, 86, 87, 93, 94, 96, 100]
   Fitness: 24.0
     Total: 22
Violations: 9 6

Individual: [1, 5, 7, 20, 22, 34, 41, 44, 53, 57, 64, 83, 88, 90, 91, 96, 98, 100]
   Fitness: 25.0
     Total: 18
Violations: 2 2

Individual: [1, 4, 9, 10, 11, 13, 20, 25, 28, 32, 34, 35, 38, 47, 71, 76, 77, 83, 87, 88, 91, 92, 97]
   Fitness: 24.5
     Total: 23
Violations: 10 9

Individual: [3, 9, 10, 14, 15, 17, 23, 30, 33, 40, 42, 43, 49, 59, 80, 82, 86, 92, 93, 97, 99]
   Fitness: 24.5
     Total: 21
Violations: 7 6
