10
100
-79.5 -227.856
-26.5 -150.676
-5.5 -105.97
2.5 -80.762
2.5 -61.83
6.5 -43.842
10.5 -31.49
13.5 -23.402
15.5 -22.486
19.0 -11.362
22.5 -7.618
22.5 -10.248
22.5 -6.104
22.5 -0.706
22.5 -1.088
23.5 -0.188
24.5 -1.3
24.5 -3.056
24.5 -2.538
24.5 0.66
24.5 1.37
25.0 5.108
25.0 3.376
25.0 -0.496
25.0 -0.588
25.0 -1.376
25.5 -1.706
25.5 -4.64
27.5 -3.3
27.5 -1.592
27.5 -0.836
27.5 -3.216
27.5 -1.608
27.5 -0.258
27.5 -1.322
27.5 -2.602
28.0 -3.584
28.0 -3.93
28.0 -4.2
28.0 -3.536
28.0 -1.054
28.0 -2.08
28.0 1.038
28.0 -2.718
28.0 0.394
28.0 -4.922
28.0 -5.604
28.0 -4.134
28.0 -0.21
28.0 -2.864
28.0 -0.54
28.0 -1.088
28.0 -4.34
28.0 -4.384
28.0 -2.656
28.0 -1.434
28.0 -0.584
28.0 -1.048
28.0 -2.67
28.0 -2.542
28.0 -3.116
28.0 -6.144
28.0 -2.694
28.0 -2.302
28.0 -0.048
28.0 3.01
28.0 1.22
28.0 0.888
28.0 -0.23
28.0 -1.786
28.0 -0.124
28.0 -3.354
28.0 -4.6
28.0 -4.24
28.0 -2.186
28.0 -0.016
28.0 -0.69
28.0 0.768
28.0 -0.56
28.0 0.51
28.0 -1.058
28.0 -1.692
28.0 -0.81
28.0 -1.104
28.0 -0.874
28.0 -3.918
28.0 -1.674
28.0 -1.596
28.0 -2.288
28.0 -2.042
28.0 -4.312
28.0 -2.284
28.0 -4.476
28.0 -1.97
28.0 -5.436
28.0 -2.51
28.0 -6.654
28.0 -6.358
28.0 -1.644
28.0 1.576
100
-58.5 -228.514
-37.5 -135.258
5.0 -101.296
5.0 -65.818
5.0 -44.754
14.5 -32.56
17.5 -21.578
20.0 -15.084
20.0 -9.828
20.0 -9.674
20.0 -5.092
20.0 -2.614
20.0 -4.112
20.0 -2.11
20.5 -2.616
21.5 -0.786
22.0 -4.848
22.0 -0.034
22.0 0.33
22.5 0.794
22.5 -0.314
22.5 2.278
23.0 3.342
23.5 3.806
23.5 4.232
24.0 7.21
25.5 2.71
25.5 3.726
25.5 2.81
25.5 3.526
26.5 1.436
26.5 3.536
26.5 6.014
27.0 4.596
27.0 6.576
27.0 4.878
27.0 3.766
27.0 2.568
27.0 1.764
27.0 2.636
27.0 2.68
27.0 5.018
27.0 2.94
27.0 3.048
27.5 3.922
27.5 2.352
27.5 3.372
27.5 1.648
27.5 2.652
27.5 2.404
27.5 4.88
27.5 4.12
27.5 3.29
27.5 1.928
27.5 0.004
27.5 3.48
27.5 1.592
27.5 4.082
27.5 3.278
27.5 6.024
27.5 2.684
27.5 3.116
27.5 4.102
27.5 3.386
27.5 4.082
27.5 2.45
27.5 -0.16
27.5 0.974
27.5 2.658
28.0 3.538
28.0 0.724
28.0 0.108
28.0 1.28
28.0 1.712
28.0 3.234
28.0 4.534
28.0 3.93
28.0 3.852
28.0 6.204
28.0 3.282
28.0 1.04
28.0 3.648
28.0 5.492
28.0 3.64
28.0 -1.514
28.0 2.476
28.0 2.168
28.0 -2.442
28.0 2.912
28.0 3.41
28.0 0.902
28.0 -0.226
28.0 -1.742
28.0 3.222
28.5 2.826
28.5 6.54
29.0 3.29
29.0 1.146
29.0 -2.01
29.0 1.368
100
-18.0 -234.82
-9.0 -147.61
-2.5 -111.994
6.5 -77.254
6.5 -50.942
7.5 -32.988
12.5 -27.25
15.0 -24.1
16.0 -17.062
16.0 -11.95
19.5 -8.598
24.0 -4.252
24.0 -3.254
24.0 -6.656
24.0 -0.954
24.0 0.832
24.0 0.128
24.0 -2.666
24.0 -1.352
24.0 -1.27
24.0 -3.0
24.0 -0.182
24.0 0.58
24.0 2.232
24.0 0.966
24.0 3.546
24.0 0.262
24.0 0.336
24.0 0.418
24.0 3.678
24.0 2.016
24.0 3.908
24.0 -0.302
24.0 3.592
24.5 0.332
25.0 4.414
25.0 3.912
25.0 2.306
25.0 4.166
25.0 3.074
25.0 4.03
25.0 2.154
25.0 4.842
29.5 2.05
29.5 0.776
29.5 3.052
29.5 4.332
29.5 4.672
29.5 2.55
29.5 2.276
29.5 4.56
29.5 1.192
29.5 -0.758
29.5 2.344
29.5 3.282
29.5 0.596
29.5 2.646
29.5 -0.7
29.5 -1.75
29.5 3.178
29.5 1.394
29.5 1.72
30.5 2.216
30.5 4.716
30.5 4.448
30.5 3.116
30.5 1.62
30.5 1.356
30.5 4.832
30.5 3.618
30.5 3.068
30.5 1.156
30.5 3.806
30.5 2.478
30.5 4.842
30.5 5.0
30.5 7.762
30.5 8.532
30.5 5.55
30.5 3.44
30.5 4.804
30.5 6.494
30.5 5.048
30.5 6.688
30.5 3.302
30.5 6.132
30.5 5.716
30.5 2.478
30.5 4.896
30.5 6.448
30.5 3.06
30.5 4.834
30.5 5.848
30.5 7.944
30.5 5.58
30.5 4.304
30.5 4.44
30.5 1.19
30.5 4.822
30.5 2.648
100
-77.5 -244.072
-37.0 -154.052
-26.0 -103.368
-18.5 -77.912
1.5 -60.45
11.5 -44.422
16.0 -35.988
17.0 -33.652
18.5 -29.286
18.5 -16.144
18.5 -9.53
19.0 -3.854
20.0 -2.876
21.5 -2.034
21.5 0.002
21.5 -1.498
21.5 -1.008
21.5 2.47
23.5 -0.17
23.5 4.624
23.5 3.562
23.5 4.478
24.5 3.352
24.5 4.69
24.5 3.9
24.5 4.76
26.0 1.232
26.0 3.514
26.0 5.104
26.0 6.31
26.0 6.53
27.5 5.184
27.5 7.09
27.5 7.36
27.5 7.556
27.5 6.162
27.5 3.838
27.5 5.536
27.5 5.846
27.5 3.142
27.5 5.356
27.5 2.526
27.5 3.272
27.5 5.394
27.5 6.882
27.5 5.192
27.5 4.274
27.5 6.25
27.5 4.44
27.5 6.052
27.5 1.274
27.5 4.018
27.5 0.998
27.5 2.408
27.5 4.208
27.5 1.622
27.5 4.19
27.5 4.974
27.5 1.356
27.5 1.762
27.5 5.296
27.5 4.45
27.5 3.736
27.5 4.996
27.5 4.156
27.5 3.896
27.5 4.356
27.5 5.56
27.5 6.362
27.5 4.406
27.5 0.906
27.5 1.492
27.5 1.714
27.5 3.082
27.5 4.574
27.5 2.708
27.5 1.608
27.5 3.32
27.5 4.088
27.5 5.772
28.0 3.892
28.0 3.414
28.0 6.044
28.0 5.104
28.0 2.52
28.0 1.882
28.0 0.884
28.0 2.244
28.0 2.442
28.0 2.622
28.0 6.496
28.0 6.998
28.0 5.136
28.0 4.424
28.0 3.266
28.0 5.046
28.0 2.558
28.0 6.006
29.0 5.494
29.0 3.6
100
-36.0 -234.348
-20.5 -148.818
-20.5 -102.148
1.0 -79.2
7.0 -53.656
11.5 -42.604
14.0 -35.618
14.0 -24.564
17.5 -19.63
17.5 -14.72
18.0 -10.478
18.0 -8.772
19.0 -7.616
19.0 -7.862
20.0 -7.696
23.0 -7.73
23.0 -4.158
23.0 -4.796
23.0 -3.59
23.0 -3.414
23.0 -1.618
23.0 0.214
23.0 0.824
23.0 2.656
25.0 2.308
25.0 -2.738
25.0 -0.438
25.0 -2.564
25.0 -0.916
25.0 -1.552
25.0 0.83
25.0 0.48
25.0 3.212
25.0 3.5
25.0 4.698
25.0 4.772
25.0 3.294
25.0 2.148
25.0 1.938
25.0 2.582
25.0 4.196
25.0 5.478
25.0 5.468
25.0 4.182
25.0 3.65
25.0 3.45
25.0 3.392
25.0 3.51
25.0 4.226
25.0 5.808
25.0 3.772
26.5 3.788
26.5 2.436
26.5 1.868
26.5 0.152
26.5 3.506
26.5 4.498
26.5 4.124
26.5 2.936
26.5 2.548
29.0 6.51
29.0 6.648
29.0 6.048
29.0 3.754
29.0 5.472
29.0 3.648
29.0 6.084
29.0 4.426
29.0 4.626
29.0 4.628
29.0 4.612
29.0 -0.934
29.0 -0.77
29.0 2.314
29.0 4.07
29.0 1.176
29.0 0.5
29.0 1.284
29.0 6.41
29.0 5.122
29.0 4.366
29.0 2.528
29.0 0.726
29.0 2.156
29.0 0.896
29.0 3.03
29.0 5.298
29.0 6.654
29.0 5.242
29.0 4.784
29.0 5.87
29.0 3.758
29.0 4.604
29.0 -0.23
29.0 -2.584
29.0 2.194
29.0 2.244
29.0 7.054
29.0 6.436
29.0 4.014
100
-59.5 -230.532
-44.0 -148.86
-27.0 -106.18
-3.5 -84.09
3.5 -57.498
6.5 -44.298
20.0 -32.576
23.0 -29.252
23.0 -19.208
23.0 -10.034
23.0 -7.702
23.0 -9.08
26.0 -4.532
26.0 -0.174
26.0 1.35
26.0 0.128
26.0 2.178
26.0 1.838
26.0 3.172
26.0 4.282
26.0 1.198
26.0 3.126
26.0 3.126
26.0 4.994
26.0 7.23
26.0 5.922
26.0 6.384
26.0 5.016
26.5 2.154
26.5 6.128
26.5 2.378
26.5 1.498
26.5 0.606
26.5 3.202
26.5 4.136
28.0 3.254
28.0 3.72
28.0 0.752
28.0 2.658
28.0 3.866
28.0 4.03
28.0 5.634
28.0 0.764
28.0 4.084
28.0 2.282
28.0 1.39
28.0 0.35
28.0 1.764
28.0 1.734
28.0 3.698
28.0 4.068
28.0 3.99
28.0 3.65
28.0 3.59
28.5 4.834
28.5 1.694
28.5 4.618
28.5 0.766
28.5 2.068
28.5 2.156
28.5 1.996
28.5 0.494
28.5 2.634
28.5 1.676
28.5 0.364
28.5 0.402
28.5 3.012
28.5 -0.424
28.5 2.844
28.5 -2.53
28.5 2.984
28.5 1.108
28.5 1.54
28.5 1.554
28.5 2.338
28.5 -0.714
28.5 4.536
28.5 0.502
28.5 3.778
28.5 3.504
28.5 1.482
28.5 -1.148
28.5 2.904
28.5 5.874
28.5 1.932
28.5 2.878
28.5 0.962
28.5 4.072
28.5 4.982
28.5 3.946
28.5 5.884
28.5 4.83
28.5 2.654
28.5 5.832
28.5 4.184
28.5 3.55
28.5 -0.348
28.5 -0.164
28.5 2.418
28.5 1.834
100
-47.5 -227.112
-39.5 -140.424
-22.5 -102.952
-17.5 -78.054
-11.5 -65.704
-8.5 -53.632
9.0 -43.058
9.0 -31.17
11.5 -32.468
11.5 -22.594
18.5 -16.528
18.5 -14.01
18.5 -10.546
18.5 -9.54
20.5 -7.81
21.5 -6.966
21.5 -4.278
22.5 -1.59
23.0 0.312
23.0 -0.858
23.0 2.698
25.0 0.226
25.5 -2.81
25.5 3.536
28.5 1.29
29.5 6.07
29.5 6.508
29.5 7.346
29.5 7.484
29.5 1.8
29.5 7.3
29.5 6.252
30.0 7.354
30.0 8.852
31.0 9.168
31.0 5.866
31.0 5.416
31.0 2.962
31.5 2.916
31.5 4.488
31.5 3.698
31.5 2.658
31.5 1.554
31.5 2.474
31.5 3.888
31.5 2.566
31.5 6.148
31.5 6.966
31.5 5.464
31.5 4.97
31.5 1.682
31.5 2.248
31.5 4.088
31.5 0.898
31.5 -0.742
31.5 1.074
31.5 3.594
31.5 1.94
31.5 2.678
31.5 0.052
31.5 1.492
31.5 0.28
31.5 3.634
31.5 1.954
31.5 1.55
32.5 -1.626
32.5 2.21
32.5 3.552
32.5 1.466
32.5 2.652
32.5 0.44
32.5 2.952
32.5 1.06
32.5 3.55
32.5 4.084
32.5 3.928
32.5 4.996
32.5 0.554
32.5 6.02
32.5 4.416
32.5 3.648
32.5 1.784
32.5 3.42
32.5 0.59
32.5 0.088
32.5 3.104
32.5 2.342
32.5 4.218
32.5 4.346
32.5 2.61
32.5 0.968
32.5 2.834
32.5 1.516
32.5 3.988
32.5 1.61
32.5 3.772
32.5 2.106
32.5 0.12
32.5 -1.714
32.5 0.018
100
-57.5 -237.434
-37.0 -148.636
-37.0 -110.108
-15.5 -87.252
-3.5 -62.896
7.5 -46.88
9.5 -37.812
18.5 -25.074
18.5 -20.564
21.0 -14.772
21.0 -10.194
22.0 -7.774
22.0 -10.79
22.0 -2.364
22.0 0.952
22.5 -0.096
24.5 2.67
24.5 2.612
24.5 1.89
24.5 2.036
24.5 0.948
24.5 4.72
24.5 4.372
24.5 2.19
24.5 2.354
24.5 3.696
24.5 6.964
25.0 3.126
26.0 7.334
26.5 -3.912
26.5 1.524
26.5 2.984
26.5 -0.92
26.5 4.642
26.5 7.93
26.5 6.418
26.5 3.31
26.5 3.17
26.5 1.642
26.5 1.994
26.5 0.642
27.5 0.092
27.5 2.766
27.5 5.298
27.5 2.404
27.5 3.124
27.5 -1.44
27.5 -0.514
27.5 1.454
27.5 4.208
27.5 4.302
27.5 7.992
27.5 1.022
27.5 3.37
27.5 6.598
27.5 3.276
28.0 3.82
28.0 6.796
28.0 5.394
28.0 4.378
28.0 4.918
28.0 1.886
28.0 5.824
28.0 5.516
28.0 4.066
30.0 5.142
30.0 4.852
30.0 3.472
30.0 3.918
30.0 2.068
30.0 4.254
30.0 6.002
30.0 3.39
30.0 5.008
30.0 4.604
30.0 6.08
30.0 1.666
30.0 2.268
30.0 5.486
30.0 2.144
30.0 1.142
30.0 -0.7
30.0 3.61
30.0 3.23
30.0 5.408
30.0 2.434
30.0 5.314
30.0 5.578
30.0 3.052
30.0 1.532
30.0 -1.818
30.0 4.232
30.0 -8.194
30.0 0.964
30.0 0.906
30.0 2.56
30.0 2.894
30.5 4.108
30.5 3.824
30.5 1.542
100
-37.5 -226.962
-16.5 -133.112
3.5 -89.776
3.5 -68.508
3.5 -50.912
5.5 -42.996
12.5 -29.992
12.5 -20.922
19.5 -15.644
19.5 -7.104
22.0 -4.474
22.0 -1.868
22.0 -2.638
23.0 -0.682
23.0 0.086
23.0 1.806
23.0 1.42
24.5 0.406
24.5 1.598
24.5 -0.584
24.5 0.128
24.5 0.31
24.5 -0.108
24.5 2.91
24.5 1.808
24.5 3.952
26.0 6.36
26.0 2.9
26.0 3.87
26.0 4.682
26.0 4.578
26.0 5.436
26.0 5.07
26.0 5.95
26.5 8.846
28.5 4.096
28.5 4.96
28.5 7.234
28.5 7.642
28.5 4.326
28.5 6.146
28.5 4.182
28.5 3.114
28.5 4.388
28.5 6.578
28.5 6.842
28.5 5.63
28.5 3.132
28.5 5.218
28.5 3.186
28.5 0.91
28.5 2.108
28.5 2.712
28.5 1.64
28.5 4.484
28.5 4.622
28.5 -0.98
28.5 -0.89
28.5 2.52
28.5 5.71
28.5 4.332
28.5 4.096
28.5 3.634
28.5 5.952
28.5 4.152
28.5 3.088
28.5 0.518
28.5 1.694
28.5 0.13
28.5 -3.87
28.5 3.018
28.5 3.13
28.5 6.43
28.5 5.26
28.5 2.268
28.5 4.99
28.5 5.086
28.5 4.824
28.5 4.422
28.5 0.856
28.5 3.458
28.5 2.326
29.5 0.816
29.5 6.08
29.5 5.828
29.5 7.16
29.5 5.628
29.5 3.94
29.5 6.11
29.5 5.65
29.5 6.23
29.5 3.874
29.5 4.408
29.5 7.316
29.5 4.512
29.5 6.898
29.5 8.01
29.5 8.93
29.5 6.114
29.5 6.126
100
-20.5 -235.752
-9.0 -139.886
-5.5 -88.052
2.5 -59.52
6.0 -47.768
10.5 -33.516
12.5 -23.416
13.0 -17.9
16.5 -12.542
16.5 -11.206
19.5 -10.332
20.0 -4.766
22.0 -2.026
22.0 -1.942
23.0 0.612
23.5 1.092
24.0 3.474
24.5 5.468
24.5 3.552
24.5 4.492
24.5 3.158
24.5 3.52
25.0 1.374
25.0 4.994
25.0 2.65
25.0 -1.688
25.0 0.614
25.0 3.474
25.0 0.416
25.5 1.526
25.5 0.882
25.5 -0.87
25.5 2.574
25.5 2.028
25.5 0.512
25.5 1.228
25.5 3.192
25.5 2.32
25.5 4.718
26.0 3.346
27.0 0.792
27.0 2.562
27.0 0.492
27.0 1.034
27.0 2.482
27.0 0.202
27.0 0.128
27.0 4.186
27.0 3.014
27.0 5.226
27.0 7.156
27.0 5.712
27.0 1.492
27.0 0.28
27.0 1.768
27.0 2.3
27.0 4.016
27.5 4.46
27.5 2.408
27.5 3.492
27.5 4.292
27.5 2.772
27.5 3.698
27.5 0.524
27.5 3.604
28.0 4.506
28.0 1.318
28.0 4.298
28.0 2.428
28.0 2.546
28.0 4.576
28.0 1.876
28.0 2.61
28.0 5.59
28.0 3.042
28.0 -2.188
28.0 0.906
28.0 0.764
28.0 3.522
28.0 1.552
28.0 1.906
28.0 1.638
28.0 1.434
28.0 -2.42
28.0 2.206
28.0 3.118
28.0 3.27
28.0 3.262
28.0 4.216
28.0 2.238
28.0 4.084
28.0 4.464
28.0 6.084
28.0 6.612
28.0 6.528
28.0 6.02
28.0 4.868
28.0 5.292
28.0 6.256
28.5 3.354

Individual: [1, 3, 7, 9, 20, 23, 25, 28, 32, 34, 35, 40, 44, 46, 71, 75, 76, 78, 80, 82, 90, 92, 93, 95, 99, 100]
   Fitness: 30.0
     Total: 26
Violations: 9 8

Individual: [2, 4, 12, 17, 18, 21, 29, 33, 35, 36, 39, 47, 63, 67, 69, 70, 79, 83, 84, 86, 96, 100]
   Fitness: 29.0
     Total: 22
Violations: 4 3

Individual: [2, 5, 6, 14, 16, 19, 21, 29, 31, 34, 41, 70, 71, 73, 78, 79, 82, 90, 92, 95, 97]
   Fitness: 30.5
     Total: 21
Violations: 1 1

Individual: [1, 3, 4, 6, 7, 9, 16, 18, 19, 23, 24, 49, 60, 64, 66, 70, 72, 77, 87, 89, 90, 96, 99, 100]
   Fitness: 29.0
     Total: 24
Violations: 7 7

Individual: [3, 6, 7, 10, 23, 24, 27, 29, 30, 34, 49, 56, 70, 72, 77, 78, 80, 81, 86, 93, 97, 99]
   Fitness: 29.0
     Total: 22
Violations: 4 4

Individual: [1, 2, 4, 5, 11, 15, 18, 23, 24, 48, 58, 59, 64, 71, 72, 74, 75, 87, 88, 90, 91, 97, 98]
   Fitness: 28.5
     Total: 23
Violations: 6 5

Individual: [1, 2, 4, 8, 9, 10, 20, 21, 26, 27, 29, 30, 36, 57, 65, 67, 74, 75, 79, 89, 90, 92, 96, 97, 99]
   Fitness: 32.5
     Total: 25
Violations: 5 4

Individual: [2, 7, 8, 11, 13, 23, 25, 31, 32, 35, 36, 70, 72, 76, 78, 79, 87, 90, 91, 93, 97, 98, 100]
   Fitness: 30.5
     Total: 23
Violations: 4 4

Individual: [1, 3, 4, 11, 12, 14, 15, 22, 24, 30, 31, 34, 39, 42, 71, 76, 78, 82, 91, 92, 96, 99]
   Fitness: 30.0
     Total: 22
Violations: 3 3

Individual: [1, 3, 4, 12, 16, 17, 22, 24, 37, 63, 64, 65, 75, 77, 78, 82, 83, 94, 95, 98, 99]
   Fitness: 28.5
     Total: 21
Violations: 3 3
