10
100
-64.0 -229.23
-50.0 -176.215
-15.0 -179.08
-8.0 -135.575
-8.0 -109.605
0.5 -91.36
0.5 -93.77
0.5 -112.84
5.0 -89.265
5.0 -106.675
5.0 -97.67
5.0 -115.61
7.5 -93.19
7.5 -112.705
7.5 -101.695
7.5 -92.47
7.5 -78.02
9.0 -99.865
11.0 -100.575
11.0 -100.105
11.0 -88.0
11.0 -85.21
17.0 -69.575
17.0 -91.59
17.0 -82.29
17.0 -88.36
17.0 -104.3
17.0 -88.375
17.0 -109.41
17.0 -98.68
17.0 -101.83
17.0 -72.02
17.0 -76.96
17.0 -70.815
17.0 -89.305
17.0 -74.68
17.0 -71.11
17.0 -112.85
17.0 -84.69
17.0 -56.645
17.0 -59.48
17.0 -84.07
17.0 -84.335
17.5 -60.66
17.5 -87.45
17.5 -92.7
17.5 -87.41
17.5 -59.465
17.5 -93.49
17.5 -64.9
17.5 -67.685
17.5 -52.19
17.5 -87.185
17.5 -83.925
17.5 -64.855
17.5 -65.55
17.5 -60.405
17.5 -79.575
17.5 -64.915
17.5 -67.08
17.5 -70.24
17.5 -76.3
17.5 -75.315
17.5 -70.08
17.5 -60.29
17.5 -104.145
17.5 -60.8
17.5 -60.71
17.5 -69.075
17.5 -86.735
17.5 -91.05
17.5 -109.475
17.5 -74.4
17.5 -66.445
17.5 -108.085
17.5 -84.64
17.5 -91.975
17.5 -83.415
18.5 -61.885
18.5 -81.96
18.5 -78.055
18.5 -67.425
18.5 -69.635
18.5 -90.065
18.5 -95.4
19.5 -90.26
19.5 -78.79
19.5 -90.505
19.5 -95.96
19.5 -85.305
19.5 -89.65
19.5 -109.015
19.5 -106.725
19.5 -88.42
19.5 -66.335
19.5 -77.765
19.5 -86.635
19.5 -74.88
19.5 -59.015
19.5 -54.3
100
-75.0 -217.63
-35.0 -156.445
-24.5 -141.51
-18.5 -139.645
-12.0 -122.515
-12.0 -100.325
-12.0 -140.175
-1.5 -107.9
1.5 -93.8
1.5 -94.685
1.5 -107.46
1.5 -82.815
1.5 -104.45
1.5 -98.665
3.5 -79.735
3.5 -87.625
3.5 -95.595
3.5 -92.84
3.5 -77.97
7.5 -76.02
7.5 -97.225
7.5 -86.39
7.5 -100.215
7.5 -105.8
7.5 -87.575
7.5 -123.555
13.0 -101.56
13.0 -96.995
13.0 -125.015
13.0 -119.96
13.0 -96.05
13.0 -73.4
13.0 -69.37
13.0 -91.295
13.0 -68.985
13.0 -76.76
13.0 -72.665
13.0 -81.695
13.0 -68.39
13.0 -85.285
13.0 -67.29
13.0 -64.925
15.0 -61.31
15.0 -88.825
15.0 -90.82
15.0 -110.145
15.0 -80.035
15.0 -95.11
15.0 -85.9
15.0 -99.455
15.0 -73.19
15.0 -95.9
15.0 -71.53
15.0 -65.97
15.0 -70.185
15.0 -65.4
15.0 -97.5
15.0 -92.475
15.0 -98.785
15.0 -107.31
15.0 -98.71
15.0 -53.415
15.0 -84.245
15.0 -107.15
15.0 -112.555
15.0 -80.92
15.0 -103.76
15.0 -120.565
15.0 -90.44
15.0 -92.725
15.0 -71.335
15.0 -74.97
15.0 -57.685
15.0 -60.34
15.0 -111.985
15.0 -111.29
15.0 -94.12
15.0 -94.91
15.0 -93.74
15.0 -112.51
15.0 -109.815
15.0 -82.015
15.0 -78.355
15.0 -85.43
15.0 -95.31
15.0 -78.5
15.0 -71.09
16.0 -67.325
17.5 -65.71
17.5 -80.765
17.5 -74.735
17.5 -63.05
17.5 -102.05
17.5 -80.36
20.0 -80.11
20.0 -74.425
20.0 -83.83
20.0 -75.385
20.0 -67.295
20.0 -73.795
100
-44.5 -228.415
-34.5 -142.355
-29.5 -204.4
-7.5 -117.99
-7.5 -117.995
-7.5 -92.595
-6.0 -87.835
-6.0 -118.99
2.0 -92.7
2.0 -97.23
2.0 -98.08
2.0 -122.175
2.0 -99.805
2.0 -120.49
2.0 -142.19
2.0 -98.725
11.0 -128.525
11.0 -103.535
11.0 -98.51
11.0 -88.335
11.0 -107.93
12.5 -105.5
12.5 -97.72
12.5 -100.08
12.5 -81.145
12.5 -104.835
12.5 -107.76
12.5 -109.215
12.5 -81.035
12.5 -93.475
12.5 -81.465
12.5 -105.27
12.5 -89.115
12.5 -78.625
12.5 -84.065
12.5 -92.845
12.5 -74.41
12.5 -80.445
12.5 -90.955
12.5 -78.905
12.5 -119.535
12.5 -92.805
12.5 -91.565
15.0 -112.535
15.0 -107.64
15.0 -90.01
15.0 -104.78
15.0 -73.945
15.0 -107.625
15.0 -79.295
15.0 -89.105
15.0 -78.855
15.0 -87.5
15.0 -104.875
15.0 -92.8
15.0 -88.69
15.0 -82.87
15.0 -102.915
15.0 -83.57
15.0 -83.665
15.0 -95.965
15.0 -116.34
15.0 -67.075
15.0 -82.935
15.0 -78.79
15.0 -115.78
15.0 -93.68
15.0 -80.17
15.0 -88.985
15.0 -85.385
15.0 -110.525
15.0 -71.57
15.0 -79.32
15.0 -90.9
15.0 -85.94
15.0 -96.775
15.0 -95.845
15.0 -91.21
15.0 -82.88
15.0 -140.63
15.0 -83.575
15.0 -78.115
15.0 -105.005
15.0 -83.585
15.0 -76.17
15.0 -78.145
15.0 -86.47
15.0 -105.775
15.0 -126.08
15.0 -95.07
15.0 -127.435
15.0 -87.23
15.0 -99.79
15.0 -85.96
15.0 -91.625
15.0 -100.57
15.0 -93.24
15.0 -94.22
15.0 -78.5
15.0 -116.41
100
-77.0 -244.225
-77.0 -203.44
-44.0 -155.96
-44.0 -141.37
-12.0 -110.935
-12.0 -121.94
-8.5 -130.615
-8.5 -151.975
-8.5 -128.895
-8.5 -118.585
-8.5 -123.205
-8.5 -122.495
-6.0 -121.505
3.0 -107.3
12.0 -98.925
12.0 -81.55
12.0 -64.925
12.0 -91.56
12.0 -85.255
12.0 -91.65
12.0 -70.255
12.0 -77.035
12.0 -76.88
12.0 -92.425
12.0 -97.56
12.0 -87.595
12.0 -67.73
12.0 -82.865
12.0 -110.86
15.0 -91.035
15.0 -83.03
17.0 -86.65
17.0 -70.315
17.0 -86.185
17.0 -69.905
17.0 -87.515
17.0 -71.07
17.0 -87.895
17.0 -102.745
17.0 -81.78
17.0 -94.86
17.0 -88.6
17.0 -79.605
17.0 -97.37
17.0 -88.03
17.0 -78.2
17.0 -102.43
17.0 -79.025
21.5 -90.12
21.5 -74.975
21.5 -50.17
21.5 -73.915
21.5 -67.155
21.5 -87.545
21.5 -78.89
21.5 -87.255
21.5 -99.665
21.5 -65.725
21.5 -86.34
21.5 -81.925
21.5 -82.425
21.5 -77.465
21.5 -91.215
21.5 -94.18
21.5 -105.85
21.5 -46.875
21.5 -77.61
21.5 -76.2
21.5 -76.24
21.5 -70.22
21.5 -93.265
21.5 -110.265
21.5 -107.035
21.5 -94.01
21.5 -70.27
21.5 -54.705
21.5 -84.415
21.5 -76.215
21.5 -78.04
21.5 -81.155
21.5 -69.625
21.5 -88.805
21.5 -118.14
21.5 -77.045
21.5 -91.53
21.5 -108.21
21.5 -103.885
21.5 -81.795
21.5 -128.99
21.5 -97.865
21.5 -84.25
21.5 -67.855
21.5 -77.495
21.5 -81.545
21.5 -99.02
21.5 -77.405
21.5 -77.4
21.5 -87.97
21.5 -87.795
21.5 -68.84
100
-57.5 -241.61
-32.0 -173.76
-32.0 -144.165
-30.5 -110.965
-30.5 -126.95
-1.5 -149.4
-1.5 -114.53
-1.5 -98.09
-1.5 -108.915
-1.5 -104.005
-1.5 -101.52
3.5 -91.63
3.5 -78.745
7.0 -92.265
7.0 -77.3
7.0 -81.495
7.0 -68.23
7.0 -70.29
9.0 -119.36
9.0 -76.8
9.0 -92.435
9.0 -90.745
15.0 -77.595
15.0 -82.16
15.0 -89.9
15.0 -87.06
15.0 -94.915
15.0 -89.9
15.0 -80.94
15.0 -94.925
15.0 -93.53
15.0 -89.915
15.0 -139.185
15.0 -49.375
15.0 -65.365
15.0 -69.825
15.0 -88.725
15.0 -71.385
15.0 -75.335
15.0 -84.5
15.0 -72.38
15.0 -93.13
15.0 -97.945
15.0 -104.515
15.0 -108.37
15.0 -117.14
15.5 -88.8
15.5 -67.955
15.5 -93.905
15.5 -94.25
15.5 -84.27
15.5 -95.85
15.5 -80.75
15.5 -67.94
15.5 -71.58
15.5 -90.035
15.5 -106.97
15.5 -89.54
15.5 -80.885
15.5 -89.48
15.5 -73.265
15.5 -66.92
15.5 -85.975
15.5 -110.035
18.5 -110.71
18.5 -104.425
18.5 -93.74
18.5 -65.835
18.5 -91.885
18.5 -60.22
18.5 -79.92
18.5 -99.245
18.5 -88.63
18.5 -114.86
18.5 -71.475
18.5 -71.93
18.5 -88.85
18.5 -85.675
18.5 -95.665
18.5 -109.69
18.5 -106.97
22.0 -76.91
22.0 -110.81
22.0 -70.97
22.0 -77.095
22.0 -66.79
22.0 -96.91
22.0 -80.355
22.0 -77.615
22.0 -74.745
24.0 -78.82
24.0 -80.71
24.0 -63.285
24.0 -74.415
24.0 -60.085
24.0 -82.075
24.0 -69.235
24.0 -79.29
24.0 -92.21
24.0 -113.85
100
-51.0 -222.645
-46.5 -169.435
-21.5 -156.04
-16.5 -109.405
-16.5 -123.895
-16.5 -106.365
-9.5 -125.525
-3.0 -100.955
-3.0 -108.645
0.5 -100.015
0.5 -123.065
0.5 -98.34
2.0 -106.175
4.5 -75.405
4.5 -99.89
4.5 -87.285
4.5 -92.98
4.5 -100.58
13.0 -82.28
13.0 -73.285
13.0 -92.145
13.0 -83.115
13.0 -77.43
14.0 -66.345
14.0 -93.135
14.0 -79.24
15.0 -72.52
15.0 -85.685
15.0 -107.335
15.0 -51.295
15.0 -74.515
15.0 -86.695
15.0 -95.24
15.0 -102.065
18.0 -99.415
18.0 -103.945
18.0 -97.56
18.0 -115.97
18.0 -91.335
18.0 -109.145
18.0 -91.99
18.0 -142.505
18.0 -90.69
18.0 -91.64
18.0 -71.885
18.0 -67.8
18.0 -69.1
18.5 -66.76
18.5 -53.375
18.5 -70.735
18.5 -82.425
18.5 -99.865
18.5 -97.79
18.5 -78.09
18.5 -81.575
18.5 -100.79
18.5 -110.135
18.5 -77.195
18.5 -83.9
18.5 -96.95
18.5 -87.56
18.5 -108.99
18.5 -105.435
18.5 -69.08
18.5 -87.28
18.5 -79.46
22.0 -70.225
22.0 -74.625
22.0 -74.515
22.0 -93.525
22.0 -112.275
22.0 -93.235
22.0 -97.05
22.0 -96.605
22.0 -79.99
22.0 -55.07
22.0 -92.7
22.0 -78.045
22.0 -72.365
22.0 -77.635
22.0 -74.19
22.0 -56.855
22.0 -52.93
22.0 -67.425
22.0 -77.24
22.0 -84.46
22.0 -91.61
22.0 -80.57
22.0 -81.225
22.0 -103.46
22.0 -72.145
22.0 -86.835
22.0 -87.95
22.0 -129.015
22.0 -105.765
22.0 -87.725
22.0 -86.58
22.0 -90.705
22.0 -92.6
22.0 -86.65
100
-88.5 -237.54
-65.0 -203.435
-60.0 -202.325
-43.5 -145.085
-30.5 -139.735
-30.5 -140.415
-23.5 -121.665
-23.5 -149.655
-12.5 -113.94
-12.5 -162.495
-12.5 -131.365
-12.5 -102.085
-4.0 -91.89
-3.5 -111.01
-3.5 -117.39
2.5 -112.75
2.5 -100.68
2.5 -98.18
2.5 -113.725
2.5 -88.56
2.5 -94.665
2.5 -91.68
2.5 -90.19
2.5 -106.775
2.5 -94.61
2.5 -121.335
2.5 -104.215
2.5 -76.095
2.5 -115.105
5.0 -95.53
7.5 -87.71
7.5 -103.56
7.5 -91.32
7.5 -78.34
7.5 -86.055
7.5 -83.215
7.5 -116.28
7.5 -116.1
7.5 -82.84
7.5 -117.555
7.5 -98.485
7.5 -112.56
7.5 -101.34
7.5 -97.39
9.0 -107.205
9.0 -101.885
9.0 -90.74
9.0 -95.345
9.0 -96.85
9.0 -84.76
9.0 -78.025
9.5 -61.215
9.5 -92.565
9.5 -99.835
9.5 -90.19
9.5 -76.37
9.5 -97.5
9.5 -87.71
9.5 -107.725
9.5 -98.74
9.5 -69.24
9.5 -80.675
9.5 -98.84
9.5 -96.38
9.5 -135.765
9.5 -137.585
9.5 -94.875
9.5 -71.91
9.5 -90.155
9.5 -73.5
9.5 -73.42
9.5 -107.94
10.0 -92.185
10.0 -76.935
10.0 -64.22
10.0 -83.035
15.0 -62.395
15.0 -88.645
15.0 -80.145
17.5 -88.945
17.5 -91.645
17.5 -79.715
17.5 -104.345
17.5 -93.77
17.5 -113.465
17.5 -88.8
17.5 -84.215
17.5 -119.02
19.5 -65.56
19.5 -76.43
19.5 -93.92
20.5 -71.61
20.5 -46.515
20.5 -96.955
20.5 -68.995
20.5 -63.41
20.5 -64.205
20.5 -79.29
20.5 -74.715
20.5 -72.52
100
-50.0 -236.27
-50.0 -166.08
-26.0 -157.62
-26.0 -111.57
-16.5 -165.85
-13.0 -101.21
-13.0 -98.475
4.5 -113.77
4.5 -110.44
4.5 -97.75
4.5 -86.185
4.5 -73.745
4.5 -102.095
4.5 -74.51
4.5 -80.36
7.0 -87.385
7.0 -77.15
7.0 -103.87
10.0 -90.825
10.0 -93.065
13.5 -87.585
13.5 -86.63
13.5 -72.965
13.5 -85.41
13.5 -131.525
13.5 -97.345
13.5 -93.32
13.5 -90.275
13.5 -102.145
13.5 -121.285
13.5 -82.225
13.5 -83.515
13.5 -75.11
13.5 -89.615
13.5 -97.685
13.5 -100.09
13.5 -109.965
13.5 -93.09
13.5 -86.25
14.0 -87.385
14.0 -93.305
14.0 -78.24
14.0 -107.475
14.0 -85.165
14.0 -89.61
14.0 -108.745
14.0 -89.275
14.0 -102.075
14.0 -97.95
14.0 -98.165
14.0 -104.62
14.0 -87.965
14.0 -107.8
14.0 -115.88
14.0 -102.765
14.0 -126.04
14.0 -85.31
14.0 -72.22
14.0 -86.31
14.0 -97.33
14.0 -84.57
16.5 -91.645
16.5 -68.215
16.5 -69.355
16.5 -113.52
16.5 -74.08
16.5 -89.52
16.5 -82.495
16.5 -81.19
16.5 -73.58
16.5 -76.625
16.5 -71.47
16.5 -65.625
16.5 -69.38
17.0 -59.96
17.0 -68.935
17.0 -75.625
17.0 -90.83
17.0 -80.18
17.0 -75.925
17.0 -87.08
17.0 -87.375
17.0 -81.735
20.0 -102.405
20.0 -70.16
20.0 -87.895
20.0 -102.415
20.0 -87.685
20.0 -80.4
20.0 -56.61
20.0 -75.715
20.5 -80.415
20.5 -70.215
20.5 -85.705
20.5 -114.155
20.5 -88.38
20.5 -80.455
20.5 -88.23
20.5 -75.035
20.5 -77.715
100
-84.0 -245.46
-61.5 -201.685
-51.5 -145.23
-31.0 -170.075
-31.0 -153.2
-31.0 -162.44
-31.0 -119.475
-20.0 -119.805
-20.0 -124.34
-16.0 -113.805
-16.0 -130.965
-16.0 -98.57
-16.0 -113.04
-16.0 -96.9
-12.5 -114.98
-9.5 -102.63
-0.5 -123.155
1.5 -115.345
1.5 -121.25
1.5 -105.515
1.5 -102.43
1.5 -102.12
1.5 -111.295
1.5 -115.36
3.5 -106.675
3.5 -106.21
6.0 -79.425
6.0 -121.185
6.0 -104.975
6.0 -119.145
6.0 -78.635
6.0 -87.96
6.0 -78.685
6.0 -73.875
6.0 -108.3
6.0 -68.37
6.0 -89.02
6.5 -121.65
6.5 -91.71
6.5 -122.04
6.5 -99.405
6.5 -128.61
7.0 -86.495
7.0 -94.455
7.0 -110.26
7.0 -99.63
7.0 -111.53
7.0 -106.2
7.0 -95.465
9.5 -87.47
15.0 -94.23
15.0 -71.65
15.0 -91.44
15.0 -83.83
15.0 -78.23
15.0 -149.565
15.0 -90.015
15.0 -96.56
15.0 -80.455
15.0 -90.81
15.0 -75.975
15.0 -92.985
15.0 -81.49
15.0 -104.725
15.0 -80.325
15.0 -79.765
15.0 -88.57
15.0 -95.135
18.0 -103.74
18.0 -74.51
18.0 -111.66
18.0 -65.555
18.0 -76.705
18.0 -99.3
18.0 -128.43
18.0 -101.44
18.0 -94.16
18.0 -116.21
18.0 -58.135
18.0 -77.03
18.0 -85.46
18.0 -68.715
18.0 -75.795
18.0 -98.35
18.0 -117.395
18.0 -64.66
18.0 -120.17
18.0 -80.34
18.0 -79.47
18.0 -98.67
18.0 -104.995
18.0 -85.645
18.0 -82.64
18.0 -104.42
18.0 -74.36
18.0 -110.79
18.0 -76.55
18.0 -90.335
18.0 -85.9
18.0 -73.475
100
-62.5 -232.065
-55.5 -179.1
-34.0 -116.64
-34.0 -118.91
-23.0 -106.855
-23.0 -101.09
-23.0 -102.16
-16.5 -111.085
-16.5 -129.375
-16.5 -95.625
4.0 -94.845
4.0 -81.295
4.0 -102.235
7.5 -124.02
7.5 -92.71
9.5 -70.915
9.5 -82.22
9.5 -79.955
9.5 -108.16
9.5 -95.95
9.5 -107.535
9.5 -112.82
9.5 -87.165
9.5 -90.6
9.5 -94.18
12.0 -72.18
12.0 -85.75
12.0 -73.89
12.0 -85.44
12.0 -113.965
12.0 -97.085
12.0 -79.71
12.0 -119.835
13.5 -88.755
13.5 -86.35
13.5 -79.215
13.5 -90.675
13.5 -88.68
13.5 -97.77
13.5 -72.895
13.5 -60.175
13.5 -73.185
13.5 -84.2
13.5 -132.735
13.5 -95.245
13.5 -100.855
13.5 -101.54
15.0 -106.795
19.5 -89.935
19.5 -75.685
19.5 -71.56
19.5 -111.68
19.5 -98.655
19.5 -120.815
19.5 -101.615
19.5 -115.33
19.5 -111.77
19.5 -81.955
23.5 -87.935
23.5 -72.59
23.5 -92.495
23.5 -82.05
23.5 -85.005
23.5 -77.745
23.5 -80.64
23.5 -73.575
23.5 -107.79
23.5 -80.915
23.5 -67.515
23.5 -75.115
23.5 -81.145
23.5 -68.99
23.5 -65.32
23.5 -81.6
23.5 -77.38
23.5 -75.32
23.5 -78.97
23.5 -78.975
23.5 -106.325
23.5 -95.725
23.5 -113.35
23.5 -80.125
23.5 -88.9
23.5 -111.155
23.5 -87.885
23.5 -54.765
23.5 -58.57
23.5 -61.43
23.5 -62.67
23.5 -98.17
23.5 -67.735
23.5 -104.07
23.5 -96.61
23.5 -99.885
23.5 -105.435
23.5 -80.095
23.5 -109.235
23.5 -73.585
23.5 -71.475
23.5 -62.47

Individual: [4, 13, 18, 19, 21, 26, 27, 28, 31, 32, 40, 57, 66, 68, 75, 77, 79, 81, 88, 96, 98]
   Fitness: 19.5
     Total: 21
Violations: 12 9

Individual: [6, 8, 9, 11, 13, 25, 30, 39, 43, 54, 58, 59, 63, 66, 70, 72, 79, 85, 92, 96]
   Fitness: 20.0
     Total: 20
Violations: 10 8

Individual: [3, 5, 6, 15, 17, 18, 23, 29, 35, 37, 51, 56, 57, 60, 70, 72, 73, 78, 79, 82, 87, 89, 93, 95, 98, 99]
   Fitness: 15.0
     Total: 26
Violations: 24 15

Individual: [1, 2, 6, 12, 13, 14, 17, 19, 21, 38, 41, 48, 61, 71, 72, 74, 75, 78, 86, 88, 90, 93, 97]
   Fitness: 21.5
     Total: 23
Violations: 13 11

Individual: [1, 2, 5, 7, 17, 18, 24, 25, 35, 36, 40, 42, 59, 61, 64, 68, 74, 78, 81, 84, 86, 90, 91, 95]
   Fitness: 24.0
     Total: 24
Violations: 12 12

Individual: [2, 7, 8, 11, 19, 20, 24, 25, 28, 44, 53, 65, 67, 69, 72, 76, 85, 95, 96, 100]
   Fitness: 22.0
     Total: 20
Violations: 8 8

Individual: [5, 6, 9, 11, 12, 15, 22, 28, 30, 48, 56, 66, 69, 71, 77, 83, 86, 87, 89, 92, 94, 99, 100]
   Fitness: 20.5
     Total: 23
Violations: 14 11

Individual: [1, 2, 3, 10, 20, 22, 23, 25, 31, 32, 33, 36, 38, 50, 62, 71, 75, 76, 82, 86, 87, 89, 94, 95, 99]
   Fitness: 20.5
     Total: 25
Violations: 17 11

Individual: [2, 4, 8, 11, 12, 17, 19, 28, 29, 33, 34, 36, 40, 42, 50, 58, 59, 67, 74, 75, 77, 86, 93, 95, 98, 100]
   Fitness: 18.0
     Total: 26
Violations: 21 14

Individual: [7, 8, 9, 14, 17, 23, 24, 26, 28, 31, 35, 40, 47, 67, 75, 77, 78, 91, 93, 96, 97, 99, 100]
   Fitness: 23.5
     Total: 23
Violations: 11 9
