10
500
-50.0 -235.778
-40.5 -146.098
-23.0 -100.861
-20.0 -71.074
-0.5 -49.327
11.0 -34.56
11.0 -23.112
15.0 -11.601
19.5 -2.812
19.5 3.438
20.5 8.203
21.5 12.364
23.0 14.84
23.0 16.652
24.5 17.67
24.5 18.597
26.5 19.208
27.0 20.107
28.0 20.824
28.0 21.727
28.5 22.452
28.5 22.647
28.5 23.39
29.5 23.883
30.5 24.124
33.0 24.943
33.0 25.387
33.0 26.1
33.0 26.496
33.0 26.882
34.0 27.608
34.0 28.464
34.0 29.051
34.0 29.819
35.0 30.015
35.0 30.27
35.0 30.658
35.0 30.541
35.5 30.58
36.0 30.473
36.0 30.625
36.0 30.892
36.0 30.849
36.0 30.877
36.0 31.175
36.0 31.842
36.0 31.982
36.0 32.109
36.0 32.21
36.0 32.258
36.5 32.562
36.5 32.686
36.5 32.472
36.5 32.913
36.5 32.753
36.5 33.43
36.5 33.547
36.5 33.709
36.5 33.918
36.5 33.718
36.5 33.666
36.5 33.672
36.5 34.081
36.5 33.828
36.5 33.698
36.5 33.964
36.5 33.823
36.5 33.628
36.5 33.835
36.5 34.057
36.5 33.694
36.5 34.016
36.5 33.912
36.5 33.906
36.5 33.669
36.5 33.67
36.5 33.445
36.5 33.619
36.5 33.872
36.5 33.911
36.5 33.967
36.5 33.878
36.5 33.693
36.5 33.594
36.5 33.792
36.5 33.713
36.5 33.615
36.5 33.976
36.5 33.981
36.5 33.694
36.5 33.364
36.5 33.561
36.5 33.331
36.5 33.5
36.5 33.775
36.5 33.704
36.5 33.924
36.5 33.668
36.5 33.69
36.5 33.139
36.5 33.453
36.5 33.698
36.5 33.733
36.5 33.614
36.5 33.784
36.5 33.692
36.5 33.969
36.5 33.848
36.5 33.678
36.5 33.541
36.5 33.745
36.5 33.838
36.5 33.748
36.5 33.658
36.5 33.509
36.5 34.144
36.5 33.737
36.5 33.792
36.5 33.662
36.5 33.736
36.5 33.751
36.5 33.631
36.5 33.789
37.0 33.785
37.5 33.848
37.5 33.849
37.5 33.963
37.5 33.808
37.5 33.823
37.5 33.811
37.5 33.703
37.5 33.403
37.5 33.527
37.5 33.748
37.5 33.469
37.5 33.721
37.5 33.719
37.5 33.991
37.5 33.916
37.5 34.257
37.5 34.334
37.5 34.636
37.5 34.417
37.5 34.769
37.5 34.722
37.5 34.599
37.5 34.381
37.5 34.737
37.5 34.799
37.5 34.662
37.5 34.48
37.5 34.527
37.5 34.33
37.5 34.174
37.5 34.457
37.5 34.467
37.5 34.394
37.5 34.486
37.5 34.711
37.5 34.577
37.5 34.491
37.5 34.547
37.5 34.544
37.5 34.026
37.5 34.087
37.5 34.467
37.5 34.689
37.5 34.703
37.5 34.84
37.5 34.588
37.5 34.844
37.5 34.733
37.5 34.722
37.5 34.644
37.5 34.082
37.5 34.367
37.5 34.309
37.5 34.297
37.5 34.14
37.5 34.146
37.5 34.464
37.5 34.829
37.5 34.812
37.5 34.714
37.5 34.498
37.5 34.493
37.5 34.71
37.5 34.66
37.5 34.885
37.5 34.685
37.5 34.437
37.5 34.421
37.5 34.431
37.5 34.383
37.5 34.817
37.5 34.718
37.5 34.74
37.5 34.965
37.5 34.458
37.5 34.495
37.5 34.451
37.5 34.831
37.5 34.832
37.5 34.807
37.5 34.602
37.5 34.519
37.5 34.541
37.5 34.533
37.5 34.891
37.5 34.601
37.5 34.608
37.5 34.365
37.5 34.588
37.5 34.464
37.5 34.574
37.5 34.656
37.5 34.312
37.5 34.546
37.5 34.566
37.5 34.631
37.5 34.718
37.5 34.249
37.5 34.522
37.5 34.481
37.5 34.673
37.5 34.444
37.5 34.843
37.5 34.723
37.5 34.381
37.5 34.216
37.5 34.534
37.5 34.45
37.5 34.661
37.5 34.448
37.5 34.365
37.5 34.526
37.5 34.643
37.5 34.267
37.5 34.547
37.5 34.679
37.5 34.732
37.5 34.722
37.5 34.608
37.5 34.612
37.5 34.678
37.5 34.641
37.5 34.642
37.5 34.836
37.5 34.661
37.5 34.624
37.5 34.593
37.5 34.494
37.5 34.752
37.5 34.586
37.5 35.006
37.5 34.548
37.5 34.46
37.5 34.439
37.5 34.846
37.5 34.75
37.5 34.789
37.5 34.619
37.5 34.841
37.5 34.715
37.5 34.525
37.5 34.523
37.5 34.481
37.5 34.375
37.5 34.689
37.5 34.641
37.5 34.597
37.5 34.534
37.5 34.564
37.5 34.769
37.5 34.299
37.5 34.292
37.5 34.222
37.5 34.052
37.5 34.618
37.5 34.418
37.5 34.353
37.5 34.767
37.5 34.458
37.5 34.222
37.5 34.521
37.5 34.049
37.5 34.528
37.5 34.747
37.5 34.579
37.5 34.645
37.5 34.772
37.5 34.354
37.5 34.879
37.5 34.272
37.5 34.573
37.5 34.497
37.5 34.655
37.5 34.504
37.5 34.379
37.5 34.38
37.5 34.348
37.5 34.451
37.5 34.82
37.5 34.821
37.5 34.855
37.5 34.688
37.5 34.828
37.5 34.606
37.5 34.679
37.5 34.529
37.5 34.356
37.5 34.688
37.5 34.644
37.5 34.269
37.5 34.366
37.5 34.628
37.5 34.395
37.5 34.239
37.5 34.338
37.5 34.007
37.5 34.208
37.5 34.3
37.5 34.493
37.5 34.641
37.5 34.626
37.5 34.754
37.5 34.756
37.5 34.814
37.5 34.763
37.5 34.721
37.5 34.327
37.5 34.397
37.5 34.325
37.5 34.566
37.5 34.195
37.5 34.328
37.5 34.159
37.5 34.723
37.5 34.653
37.5 34.719
37.5 34.445
37.5 34.26
37.5 34.426
37.5 34.55
37.5 34.63
37.5 34.449
37.5 34.645
37.5 34.84
37.5 34.346
37.5 34.736
37.5 34.704
37.5 34.813
37.5 34.776
37.5 34.611
37.5 34.71
37.5 35.017
37.5 34.782
37.5 34.608
37.5 34.629
37.5 34.734
37.5 34.683
37.5 35.022
37.5 34.598
37.5 34.557
37.5 34.45
37.5 34.683
37.5 34.753
37.5 34.529
37.5 34.603
37.5 34.852
37.5 34.573
37.5 34.76
37.5 34.605
37.5 34.31
37.5 34.61
37.5 34.809
37.5 34.647
37.5 34.325
37.5 34.529
37.5 34.734
37.5 34.201
37.5 34.711
37.5 34.661
37.5 34.689
37.5 34.362
37.5 34.444
37.5 34.451
37.5 34.443
37.5 34.472
37.5 34.632
37.5 34.888
37.5 34.665
37.5 34.85
37.5 34.564
37.5 34.599
37.5 34.337
37.5 34.785
37.5 34.789
37.5 34.872
37.5 34.648
37.5 34.47
37.5 34.491
37.5 34.616
37.5 34.299
37.5 34.767
37.5 34.454
37.5 34.331
37.5 34.338
37.5 34.335
37.5 34.751
37.5 34.617
37.5 34.59
37.5 34.775
37.5 34.093
37.5 34.535
37.5 34.84
37.5 34.308
37.5 34.461
37.5 34.738
37.5 34.62
37.5 34.176
37.5 34.471
37.5 34.322
37.5 34.455
37.5 34.412
37.5 34.73
37.5 34.543
37.5 34.649
37.5 34.291
37.5 34.171
37.5 34.628
37.5 34.749
37.5 34.543
37.5 34.46
37.5 34.435
37.5 34.816
37.5 34.237
37.5 34.541
37.5 34.852
37.5 34.802
37.5 34.262
37.5 34.234
37.5 34.406
37.5 34.688
37.5 34.74
37.5 34.879
37.5 34.646
37.5 34.688
37.5 34.634
37.5 34.548
37.5 34.67
37.5 34.344
37.5 34.594
37.5 34.509
37.5 34.558
37.5 34.341
37.5 34.37
37.5 34.393
37.5 34.632
37.5 34.724
37.5 34.738
37.5 34.323
37.5 34.624
37.5 34.505
37.5 34.623
37.5 34.609
37.5 34.487
37.5 34.748
37.5 34.654
37.5 34.78
37.5 34.884
37.5 34.336
37.5 34.347
37.5 34.705
37.5 34.68
37.5 34.697
37.5 34.727
37.5 34.847
37.5 34.688
37.5 34.314
37.5 34.45
37.5 34.652
37.5 34.512
37.5 34.364
37.5 34.759
37.5 34.71
37.5 34.497
37.5 34.635
37.5 34.298
37.5 34.71
37.5 34.715
37.5 34.39
37.5 34.671
37.5 34.487
37.5 34.207
37.5 34.263
37.5 34.73
37.5 34.386
37.5 34.579
37.5 34.296
500
-65.5 -227.563
-31.0 -144.419
-22.5 -102.913
-11.0 -72.278
-3.0 -48.595
1.0 -30.684
14.0 -21.008
14.0 -11.275
17.5 -3.861
18.5 1.583
19.5 6.533
20.0 11.174
23.0 13.978
24.5 15.422
28.5 17.302
28.5 17.905
28.5 19.014
28.5 19.969
28.5 20.66
28.5 21.357
28.5 21.982
28.5 22.757
28.5 23.122
28.5 23.635
29.0 23.587
30.0 23.911
30.0 24.273
30.0 24.578
31.0 24.67
31.0 25.219
31.0 25.693
31.5 25.917
32.0 26.366
32.5 26.895
32.5 27.19
32.5 27.815
33.5 27.977
33.5 28.325
34.0 28.591
34.0 28.851
34.0 29.398
34.0 30.135
34.5 30.106
35.0 30.678
35.0 30.894
35.0 31.052
35.0 31.455
35.0 31.517
35.0 31.307
35.0 31.339
35.0 31.263
35.0 31.621
35.5 31.908
35.5 31.749
35.5 31.96
35.5 31.709
35.5 31.805
36.0 31.678
36.0 31.548
36.0 31.61
36.0 31.976
36.0 32.285
36.0 32.135
36.0 32.34
36.0 32.887
36.0 32.922
36.0 33.066
36.0 33.189
36.0 33.17
36.0 32.935
36.0 33.016
36.0 32.839
36.0 32.618
36.0 32.809
36.0 33.255
36.0 33.009
36.0 32.987
36.0 33.004
36.0 33.028
36.0 32.98
36.0 33.016
36.0 32.854
36.0 32.524
36.0 32.867
36.0 33.044
36.0 33.311
36.0 33.007
36.0 32.75
36.0 33.116
36.0 32.99
36.0 32.614
36.0 33.023
36.0 32.663
36.0 33.122
36.0 33.214
36.0 32.946
36.0 33.091
36.0 32.899
36.0 32.785
36.0 32.549
36.0 33.058
36.0 33.016
36.0 32.724
36.0 32.913
36.0 32.754
36.0 33.097
36.0 32.693
36.0 32.833
36.0 33.105
36.0 33.337
36.0 33.096
36.0 33.266
36.0 33.078
36.0 32.953
36.0 33.009
36.0 32.958
36.0 32.845
36.0 33.162
36.0 33.06
36.0 32.824
36.0 33.156
36.0 32.892
36.0 32.912
36.0 33.092
36.0 33.066
36.0 33.155
36.0 33.271
36.0 32.903
36.0 32.807
36.0 32.497
36.0 32.788
36.0 32.912
36.0 32.937
36.0 32.769
36.0 32.661
36.0 33.114
36.0 32.993
36.0 32.741
36.0 32.902
36.0 32.704
36.0 33.098
36.0 32.875
36.0 33.316
36.0 33.034
36.0 32.656
36.0 32.7
36.0 33.009
36.0 33.031
36.0 33.191
36.0 33.045
36.0 32.928
36.0 33.241
36.0 33.101
36.0 33.055
36.0 32.991
36.0 33.055
36.0 33.171
36.0 32.993
36.0 32.871
36.0 32.97
36.0 32.687
36.0 32.831
36.0 33.125
36.0 32.638
36.0 32.514
36.0 32.57
36.0 32.667
36.0 32.739
36.0 32.764
36.0 32.898
36.0 33.06
36.0 32.849
36.0 33.114
36.0 33.032
36.0 32.866
36.0 32.71
36.0 32.949
36.0 33.052
36.0 33.142
36.0 33.373
36.0 33.107
36.0 32.938
36.0 33.084
36.0 32.863
36.0 32.914
36.0 33.008
36.0 32.837
36.0 32.899
36.0 33.12
36.0 32.557
36.0 32.644
36.5 32.625
36.5 32.741
36.5 32.314
36.5 32.624
36.5 32.84
36.5 33.062
36.5 32.674
36.5 32.851
36.5 33.091
36.5 33.065
36.5 33.196
36.5 32.937
36.5 32.957
36.5 32.836
36.5 33.042
36.5 32.927
36.5 32.931
36.5 33.045
36.5 32.708
36.5 32.478
36.5 32.428
36.5 32.202
36.5 32.416
36.5 32.78
36.5 33.415
36.5 33.523
36.5 33.13
36.5 33.575
36.5 33.74
36.5 33.66
36.5 34.127
36.5 33.882
36.5 33.473
36.5 33.478
36.5 33.05
36.5 33.727
36.5 33.783
36.5 33.518
36.5 33.297
36.5 33.441
36.5 33.253
36.5 33.252
36.5 33.692
36.5 33.453
36.5 33.97
36.5 33.649
36.5 33.508
36.5 33.596
36.5 33.614
36.5 33.569
36.5 33.782
36.5 33.607
36.5 33.812
36.5 33.473
36.5 33.524
36.5 33.965
36.5 33.506
36.5 33.519
36.5 33.668
36.5 33.48
36.5 33.403
36.5 33.469
36.5 33.528
36.5 33.774
36.5 33.359
36.5 33.628
36.5 33.699
36.5 33.528
36.5 33.764
36.5 33.64
36.5 33.579
36.5 32.813
36.5 33.363
36.5 33.535
36.5 33.734
36.5 33.202
36.5 32.955
36.5 33.396
36.5 33.576
36.5 33.167
36.5 33.445
36.5 33.713
36.5 33.356
36.5 33.58
36.5 33.48
36.5 33.483
36.5 33.576
37.0 33.244
37.0 33.541
37.0 33.396
37.0 33.553
37.0 33.462
37.0 33.49
37.0 33.67
37.0 33.603
37.0 33.636
37.0 33.706
37.0 33.499
37.0 33.387
37.0 33.408
37.0 33.464
37.0 33.718
37.0 33.418
37.0 33.386
37.0 33.366
37.0 33.661
37.0 33.542
37.0 33.737
37.0 33.539
37.0 33.746
37.0 34.126
37.0 33.979
37.0 34.152
37.0 33.896
37.0 33.846
37.0 34.035
37.0 34.101
37.0 33.776
37.0 33.911
37.0 33.854
37.0 33.503
37.0 33.644
37.0 33.663
37.0 33.889
37.0 33.451
37.0 33.211
37.0 33.59
37.0 33.608
37.0 33.542
37.0 34.104
37.0 33.989
37.0 33.972
37.0 33.768
37.0 33.556
37.0 33.808
37.0 33.523
37.0 34.071
37.0 33.771
37.0 33.649
37.0 33.482
37.0 33.6
37.0 33.816
37.0 33.822
37.0 33.793
37.0 33.863
37.0 34.084
37.0 33.621
37.0 33.375
37.0 33.981
37.0 33.831
37.0 34.146
37.0 33.513
37.0 33.916
38.0 34.208
38.0 34.022
38.0 34.083
38.0 33.977
38.0 34.107
38.0 34.065
38.0 33.622
38.0 33.845
38.0 33.994
38.0 34.056
38.0 34.308
38.0 34.465
38.0 34.524
38.0 34.328
38.0 34.529
38.0 34.383
38.0 34.886
38.0 34.466
38.0 35.033
38.0 34.721
38.0 34.312
38.0 34.396
38.0 34.533
38.0 34.683
38.0 34.622
38.0 34.626
38.0 35.057
38.0 34.725
38.0 34.915
38.0 34.604
38.0 34.789
38.0 34.954
38.0 34.935
38.0 34.636
38.0 35.043
38.0 35.184
38.0 34.873
38.0 34.893
38.0 34.743
38.0 34.888
38.0 34.784
38.0 34.749
38.0 35.245
38.0 35.033
38.0 34.888
38.0 34.862
38.0 34.737
38.0 34.796
38.0 34.659
38.0 34.842
38.0 34.705
38.0 34.422
38.0 34.881
38.0 34.837
38.0 35.056
38.0 34.892
38.0 35.177
38.0 34.753
38.0 34.802
38.0 34.33
38.0 34.582
38.0 34.761
38.0 34.693
38.0 34.534
38.0 34.806
38.0 34.904
38.0 34.923
38.0 34.385
38.0 34.437
38.0 34.726
38.0 34.578
38.0 34.794
38.0 34.697
38.0 34.682
38.0 34.989
38.0 34.781
38.0 34.749
38.0 35.177
38.0 34.752
38.0 35.009
38.0 34.996
38.0 34.833
38.0 34.873
38.0 35.31
38.0 35.036
38.0 34.832
38.0 34.768
38.0 35.191
38.0 35.318
38.0 35.201
38.0 34.755
38.0 34.431
38.0 34.552
38.0 34.944
38.0 34.879
38.0 35.205
38.0 34.855
38.0 34.997
38.0 34.861
38.0 34.799
38.0 35.096
38.0 34.584
38.0 34.825
38.0 34.861
38.0 34.539
38.0 34.498
38.0 34.736
38.0 34.87
38.0 34.564
38.0 34.849
38.0 34.631
38.0 34.767
38.0 34.785
38.0 34.799
38.0 34.935
38.0 35.018
38.0 35.032
38.0 34.583
38.0 34.676
38.0 34.773
38.0 34.666
38.0 34.761
38.0 34.724
38.0 34.957
38.0 34.683
38.0 34.721
38.0 34.977
38.0 34.752
38.0 34.616
38.0 34.812
38.0 34.768
38.0 34.931
38.0 35.035
38.0 34.943
38.0 34.817
38.0 34.436
38.0 34.73
38.0 34.262
38.0 34.882
38.0 35.16
38.0 34.761
38.0 33.971
38.0 34.397
38.0 34.767
38.0 34.784
38.0 34.8
38.0 34.772
38.0 35.0
38.0 34.905
38.0 34.769
38.0 34.953
38.0 35.084
38.0 34.801
38.0 35.148
38.0 35.179
38.0 35.349
500
-38.0 -227.606
-38.0 -146.275
-17.0 -98.42
-9.5 -65.126
-4.5 -44.831
9.0 -29.417
12.0 -17.307
12.0 -9.963
15.5 -2.882
20.5 2.505
20.5 6.965
21.5 10.279
23.0 13.294
24.0 15.263
25.0 17.002
25.0 18.849
26.5 19.784
28.0 20.898
28.0 21.411
28.0 22.258
29.0 22.911
29.0 23.472
30.0 23.919
30.0 24.473
30.5 25.139
31.5 25.385
31.5 26.286
32.0 26.87
32.0 27.431
32.0 27.659
32.0 28.124
32.0 28.26
32.0 28.681
32.0 28.651
32.0 28.888
32.0 29.018
32.5 29.006
32.5 29.063
32.5 29.246
32.5 29.327
32.5 29.339
32.5 29.255
32.5 29.67
32.5 29.453
32.5 29.949
33.0 29.862
33.0 29.814
33.0 30.282
33.0 30.182
33.0 30.071
33.0 29.958
33.0 29.943
33.0 30.148
33.0 29.826
33.0 30.003
33.0 29.72
33.0 30.484
33.0 30.345
33.0 30.603
33.0 30.585
33.0 30.55
33.0 30.761
33.0 30.722
33.0 30.818
33.0 30.631
33.0 30.635
33.0 30.757
33.0 30.794
33.0 30.638
33.0 31.007
33.0 30.605
33.0 30.518
33.0 30.445
33.0 30.26
33.0 30.121
33.0 30.227
33.0 30.246
33.0 30.533
33.0 30.344
33.0 30.385
33.0 30.458
33.0 30.605
33.0 30.659
33.0 30.63
33.0 30.272
33.0 30.56
33.0 30.646
33.0 30.965
33.0 30.666
33.0 30.627
33.0 30.632
33.0 30.505
33.0 30.52
33.0 30.435
33.0 30.697
33.0 30.98
33.0 30.575
33.0 30.562
33.0 30.641
33.0 30.408
33.0 30.847
33.0 30.586
33.0 30.764
33.0 30.555
33.0 30.677
33.0 30.726
33.0 30.596
33.0 30.228
33.0 30.515
33.0 30.751
33.0 30.599
33.0 30.319
33.0 30.662
33.0 30.481
33.0 30.608
33.0 30.437
33.0 30.541
33.0 30.697
33.0 30.686
33.0 30.666
33.0 30.658
33.0 30.66
33.0 30.555
33.0 30.69
33.0 30.915
33.0 30.695
33.0 30.655
33.0 30.487
33.0 30.71
33.0 30.409
33.0 30.642
33.0 30.686
33.0 30.9
33.0 30.638
33.0 30.567
33.0 30.563
33.0 30.43
33.0 30.383
33.0 30.69
33.0 30.498
33.0 30.471
33.0 30.813
33.0 30.683
33.0 30.701
33.0 30.851
33.0 30.821
33.0 30.682
33.0 30.718
33.0 30.602
33.0 30.693
33.0 30.892
33.0 30.673
33.0 30.876
33.0 30.84
33.0 30.875
33.0 30.851
33.0 30.746
33.0 30.638
33.0 30.589
33.0 30.274
33.0 30.468
33.0 30.616
33.0 30.773
33.0 30.846
33.0 30.821
33.0 30.671
33.0 30.301
33.0 30.329
33.0 30.539
33.0 30.352
33.0 30.483
33.0 30.539
33.0 30.39
33.0 30.685
33.0 30.746
33.0 30.777
33.0 30.667
33.0 30.928
33.0 30.459
33.0 30.502
33.0 30.447
33.0 30.43
33.0 30.42
33.0 30.65
33.0 30.7
33.0 30.624
33.0 30.486
33.0 30.277
33.0 30.464
33.0 30.289
33.0 30.315
33.0 30.63
33.0 30.722
33.0 30.524
33.0 30.666
33.0 30.658
33.0 30.5
33.0 30.309
33.0 30.374
33.0 30.682
33.0 30.765
33.0 30.692
33.0 30.737
33.0 30.567
33.0 30.785
33.0 30.588
33.0 30.788
33.0 30.917
33.0 30.388
33.0 30.549
33.0 30.834
33.0 30.62
33.0 30.584
33.0 30.503
33.0 30.585
33.0 30.488
33.0 30.307
33.0 30.456
33.0 30.213
33.0 30.458
33.0 30.667
33.0 30.806
33.0 30.653
33.0 30.878
33.0 30.586
33.0 30.942
33.0 30.718
33.0 30.612
33.0 30.869
33.0 30.628
33.0 30.39
33.0 30.768
33.0 30.746
33.0 30.59
33.0 30.393
33.0 30.333
33.0 30.596
33.0 30.416
33.0 30.302
33.0 29.886
33.0 30.241
33.0 30.62
33.0 30.67
33.0 31.041
33.0 30.754
33.0 30.475
33.0 30.432
33.0 30.71
33.0 30.875
33.0 30.606
33.0 30.408
33.0 30.83
33.0 30.588
33.0 30.871
33.0 30.823
33.0 30.245
33.0 30.452
33.0 30.493
33.0 30.691
33.0 30.651
33.0 30.425
33.0 30.665
33.0 30.606
33.0 30.426
33.0 30.565
33.0 30.931
33.0 30.53
33.0 30.447
33.0 30.186
33.0 30.568
33.0 30.508
33.0 30.756
33.0 30.785
33.0 30.617
33.0 30.788
33.0 30.808
33.0 30.534
33.0 30.593
33.0 30.589
33.0 30.565
33.0 30.85
33.0 30.504
33.0 30.489
33.0 30.874
33.0 30.464
33.0 30.706
33.0 30.768
33.0 30.533
33.5 30.664
33.5 30.524
33.5 30.707
33.5 30.368
33.5 30.181
33.5 30.172
34.0 30.125
34.0 30.455
34.0 30.467
34.0 30.323
34.0 30.737
34.0 30.565
34.0 30.555
34.0 30.904
34.0 30.68
34.0 30.42
34.0 30.924
34.0 31.065
34.0 31.016
34.0 31.036
34.0 31.117
34.0 30.892
34.0 31.038
34.0 31.058
34.0 30.773
34.0 31.295
34.0 30.694
34.0 31.262
34.0 31.3
34.0 30.968
34.0 30.826
34.0 30.889
34.0 31.029
34.0 30.87
34.0 30.667
34.0 30.978
34.0 31.22
34.0 30.842
34.0 30.905
34.0 31.191
34.0 30.803
34.0 30.91
34.0 31.121
34.0 31.193
34.0 30.979
34.0 30.886
34.0 31.155
34.0 30.936
34.0 31.045
34.0 30.651
34.0 30.875
34.0 31.071
34.0 31.12
34.0 31.038
34.0 31.225
34.0 30.856
34.0 31.166
34.0 31.253
34.0 31.296
34.0 30.942
34.0 30.952
34.0 31.169
34.0 30.978
34.0 31.391
34.0 31.162
34.0 30.714
34.0 30.82
34.0 30.839
34.0 30.693
34.0 30.594
34.0 30.408
34.0 30.516
34.0 30.608
34.0 30.706
34.0 30.685
34.0 31.428
34.0 31.349
34.0 31.27
34.0 31.028
34.0 30.998
34.0 30.965
34.0 31.091
34.0 31.076
34.0 31.206
34.0 31.151
34.0 31.168
34.0 30.845
34.0 31.032
34.0 30.797
34.0 30.962
34.0 31.289
34.0 30.987
34.0 30.589
34.0 31.002
34.0 30.937
34.0 31.202
34.0 31.114
34.0 30.86
34.0 31.262
34.0 30.592
34.0 30.639
34.0 30.904
34.0 30.959
34.0 30.945
34.0 30.672
34.0 30.644
34.0 30.432
34.0 31.244
34.0 31.285
34.0 31.142
34.0 31.381
34.0 31.416
34.0 30.91
34.0 31.053
34.0 31.171
34.0 31.167
34.0 31.061
34.0 31.023
34.0 31.489
34.0 31.066
34.0 31.015
34.0 30.833
34.0 30.557
34.0 31.028
34.0 31.029
34.0 30.771
34.0 30.992
34.0 31.059
34.0 30.562
34.0 30.632
34.0 31.206
34.0 30.923
34.0 30.72
34.0 30.809
34.0 30.801
34.0 31.089
34.0 31.071
34.0 30.858
34.0 30.866
34.0 30.958
34.0 30.851
34.0 30.684
34.0 30.699
34.0 30.905
34.0 30.903
34.0 30.911
34.0 30.995
34.0 31.277
34.0 31.263
34.0 30.948
34.0 31.019
34.0 31.229
34.0 31.014
34.0 31.063
34.0 31.108
34.0 31.039
34.0 31.219
34.0 31.128
34.0 30.526
34.0 31.075
34.0 31.39
34.0 31.265
34.0 31.215
34.0 31.169
34.0 30.684
34.0 30.99
34.0 30.927
34.0 30.922
34.0 30.365
34.0 30.551
34.0 30.859
34.0 30.59
34.0 31.015
34.0 31.085
34.0 30.912
34.0 30.882
34.0 30.888
34.0 31.042
34.0 30.711
34.0 30.751
34.0 30.8
34.0 30.986
34.0 30.964
34.0 30.941
34.0 30.648
34.0 30.731
34.0 31.231
34.0 30.951
34.0 31.051
34.0 31.004
34.0 30.982
34.0 31.151
34.0 30.823
34.0 31.261
34.0 31.179
34.0 30.924
34.0 30.835
34.0 30.983
34.0 30.813
34.0 31.091
34.0 31.005
34.0 30.678
34.0 30.989
34.0 31.132
34.0 30.78
34.0 30.832
34.0 30.913
34.0 31.041
34.0 30.685
34.0 31.002
34.0 30.965
34.0 30.508
500
-52.0 -227.91
-33.5 -141.556
11.0 -97.208
11.0 -68.864
11.5 -47.211
12.0 -28.85
12.5 -15.685
14.5 -7.054
17.0 0.447
21.0 5.761
21.0 9.555
24.0 12.863
25.5 15.143
25.5 17.802
26.0 19.346
26.5 20.275
26.5 21.272
28.0 21.682
28.0 21.961
28.0 22.935
28.0 23.565
28.5 23.845
29.0 24.186
30.0 24.438
30.0 24.91
31.0 25.088
31.0 25.107
31.0 25.482
31.0 26.162
31.0 26.131
32.0 26.546
32.0 26.775
32.0 27.211
32.0 27.552
32.5 27.665
32.5 27.764
32.5 28.326
32.5 28.475
32.5 28.395
32.5 28.745
33.5 29.019
33.5 29.003
33.5 28.992
33.5 29.088
33.5 29.54
33.5 29.715
33.5 30.023
33.5 30.868
33.5 30.955
34.0 31.44
34.0 31.37
34.0 31.239
34.0 31.438
34.0 31.383
34.0 31.556
34.0 31.304
34.5 31.491
34.5 31.547
34.5 31.592
34.5 31.645
34.5 31.263
34.5 31.58
34.5 31.434
34.5 31.6
34.5 31.584
34.5 31.818
34.5 31.575
34.5 31.754
34.5 32.067
34.5 32.061
34.5 31.829
34.5 31.653
34.5 31.829
34.5 32.015
34.5 32.173
34.5 32.112
34.5 32.066
34.5 31.708
34.5 31.896
34.5 31.893
34.5 31.624
34.5 31.937
34.5 31.625
34.5 31.947
34.5 31.851
34.5 32.052
34.5 31.822
34.5 31.642
34.5 31.375
34.5 31.4
34.5 31.746
34.5 31.463
34.5 31.58
34.5 31.527
34.5 31.642
34.5 31.625
34.5 31.622
34.5 31.807
34.5 31.542
34.5 31.878
34.5 31.891
34.5 32.048
34.5 32.121
34.5 31.924
34.5 31.881
34.5 31.766
34.5 31.916
34.5 31.666
34.5 31.78
34.5 31.946
34.5 31.82
34.5 31.867
34.5 32.093
34.5 31.78
34.5 31.676
34.5 31.865
34.5 32.018
34.5 31.915
34.5 32.076
34.5 31.927
34.5 31.85
34.5 31.812
34.5 32.007
34.5 31.725
34.5 31.624
34.5 31.911
34.5 31.807
34.5 31.823
34.5 31.918
34.5 32.032
34.5 31.654
34.5 31.826
34.5 31.531
34.5 32.156
34.5 31.903
34.5 31.98
34.5 31.858
34.5 32.016
34.5 31.985
34.5 31.924
34.5 31.686
34.5 31.838
34.5 31.933
34.5 31.881
34.5 31.942
34.5 31.825
34.5 32.046
34.5 31.911
34.5 32.19
34.5 32.154
34.5 31.672
34.5 31.552
34.5 31.682
34.5 31.42
34.5 31.451
34.5 31.601
34.5 31.942
34.5 31.966
34.5 32.077
34.5 31.815
34.5 31.562
34.5 31.627
34.5 31.802
34.5 32.08
34.5 31.567
34.5 31.773
34.5 31.863
34.5 31.825
34.5 32.112
34.5 31.929
34.5 31.909
34.5 31.793
34.5 32.061
34.5 31.853
34.5 32.068
34.5 31.507
34.5 31.661
34.5 31.853
34.5 31.712
34.5 31.878
34.5 31.984
34.5 31.999
34.5 31.925
34.5 31.749
34.5 31.866
34.5 31.662
34.5 31.841
34.5 32.027
34.5 31.69
34.5 31.766
34.5 31.906
34.5 31.938
34.5 32.071
34.5 32.126
34.5 32.224
34.5 32.088
34.5 32.159
34.5 32.048
34.5 32.134
34.5 31.972
34.5 31.986
34.5 31.938
34.5 31.756
34.5 31.456
34.5 31.837
34.5 31.929
34.5 31.979
34.5 31.747
34.5 31.934
34.5 32.059
34.5 31.924
34.5 31.717
34.5 31.968
34.5 31.723
34.5 32.073
34.5 32.451
34.5 31.772
34.5 31.589
34.5 31.863
34.5 31.861
34.5 31.887
34.5 31.623
34.5 31.798
34.5 31.918
34.5 31.691
34.5 31.597
34.5 31.77
34.5 32.0
34.5 32.047
34.5 31.486
34.5 32.023
34.5 31.805
34.5 31.674
34.5 31.601
34.5 32.119
34.5 31.689
34.5 31.638
34.5 31.52
34.5 31.97
34.5 32.153
34.5 32.313
34.5 32.032
34.5 31.564
34.5 31.301
34.5 31.738
34.5 31.257
34.5 31.718
34.5 31.862
34.5 31.768
34.5 31.761
34.5 31.922
34.5 31.703
34.5 31.67
34.5 31.605
34.5 31.962
34.5 31.648
34.5 31.679
34.5 32.021
34.5 31.927
34.5 31.569
34.5 31.711
34.5 31.758
34.5 31.703
34.5 31.777
34.5 31.748
34.5 31.745
34.5 31.65
34.5 31.469
34.5 31.695
34.5 31.758
34.5 31.672
34.5 32.16
34.5 31.661
34.5 31.526
34.5 31.592
34.5 31.885
34.5 31.766
34.5 31.792
34.5 31.974
34.5 32.079
34.5 31.804
34.5 31.854
34.5 31.596
34.5 31.785
34.5 31.612
34.5 31.824
34.5 31.509
34.5 32.073
34.5 31.994
34.5 31.775
34.5 32.067
34.5 31.864
34.5 31.861
34.5 32.107
34.5 32.095
34.5 32.016
34.5 32.067
34.5 31.987
34.5 31.972
34.5 31.892
34.5 31.716
34.5 31.69
34.5 31.81
34.5 31.942
34.5 32.06
34.5 31.608
34.5 31.967
34.5 31.981
34.5 31.991
34.5 31.877
34.5 31.649
34.5 31.843
34.5 31.836
34.5 31.805
34.5 31.694
34.5 31.591
34.5 31.569
34.5 31.716
34.5 32.098
34.5 31.79
34.5 32.053
34.5 31.904
34.5 31.685
34.5 31.999
34.5 31.582
34.5 31.514
34.5 31.824
34.5 32.062
34.5 31.781
34.5 31.821
34.5 31.845
34.5 31.756
34.5 31.806
34.5 31.604
34.5 31.7
34.5 31.892
34.5 31.787
34.5 31.579
34.5 31.873
34.5 31.987
34.5 32.01
34.5 32.003
34.5 31.574
34.5 31.852
34.5 31.925
34.5 32.17
34.5 31.976
34.5 31.489
34.5 31.492
34.5 31.601
34.5 32.013
34.5 31.661
34.5 31.604
34.5 31.747
34.5 31.655
34.5 32.02
34.5 32.148
34.5 32.103
34.5 32.107
34.5 31.675
34.5 31.844
34.5 31.912
34.5 31.962
34.5 31.795
34.5 31.655
34.5 31.624
34.5 31.65
34.5 31.715
34.5 31.759
34.5 31.552
34.5 31.986
34.5 31.903
34.5 31.992
34.5 32.03
34.5 31.76
34.5 31.859
34.5 31.706
34.5 31.982
34.5 31.825
34.5 31.797
34.5 31.729
34.5 32.042
34.5 31.843
34.5 31.719
34.5 31.959
34.5 32.229
34.5 31.904
34.5 31.809
34.5 31.979
34.5 31.868
34.5 31.726
34.5 31.629
34.5 31.971
34.5 32.196
34.5 32.027
34.5 32.01
34.5 32.137
34.5 31.734
34.5 31.919
34.5 31.712
34.5 31.826
34.5 31.699
34.5 31.862
34.5 31.899
34.5 31.949
34.5 31.638
34.5 31.775
34.5 31.866
34.5 31.978
34.5 31.897
34.5 31.971
34.5 31.713
34.5 31.727
34.5 31.843
34.5 31.862
34.5 31.645
34.5 31.772
34.5 31.901
34.5 32.104
34.5 32.105
34.5 31.684
34.5 31.928
34.5 31.805
34.5 31.67
34.5 31.926
34.5 31.803
34.5 31.612
34.5 31.525
34.5 31.619
34.5 32.002
34.5 31.907
34.5 31.802
34.5 31.914
34.5 31.853
34.5 31.823
34.5 31.64
34.5 31.892
34.5 32.135
34.5 31.918
34.5 31.844
34.5 32.06
34.5 31.899
34.5 31.756
34.5 31.683
34.5 31.735
34.5 31.398
34.5 31.528
34.5 31.742
34.5 31.804
34.5 31.82
34.5 31.815
34.5 31.922
34.5 31.837
34.5 31.476
34.5 31.863
34.5 31.694
34.5 31.846
34.5 31.788
34.5 31.69
34.5 31.5
34.5 31.672
34.5 31.637
34.5 32.02
34.5 31.805
34.5 32.014
34.5 31.825
34.5 31.795
34.5 31.902
34.5 31.806
34.5 31.879
34.5 31.763
34.5 31.915
34.5 31.981
34.5 31.718
34.5 32.039
34.5 32.051
34.5 32.059
34.5 32.014
34.5 32.162
34.5 31.799
34.5 32.078
34.5 31.889
34.5 31.726
34.5 31.77
34.5 31.974
34.5 31.978
34.5 31.737
34.5 32.076
34.5 31.951
34.5 31.612
34.5 31.418
34.5 31.659
34.5 31.79
34.5 31.946
34.5 31.775
34.5 31.861
34.5 32.076
34.5 32.036
34.5 31.945
34.5 31.955
500
-58.0 -240.961
-51.0 -149.008
-19.0 -103.121
-18.5 -72.734
4.5 -50.669
8.5 -33.777
17.0 -19.156
20.0 -7.855
20.0 0.967
23.5 7.004
23.5 11.815
23.5 15.04
23.5 17.456
25.5 18.871
27.0 19.951
27.0 20.781
28.0 21.446
28.0 22.564
30.0 23.145
30.5 24.047
30.5 24.843
30.5 25.093
30.5 25.748
31.0 26.286
32.5 26.79
33.0 27.261
33.0 27.807
33.0 28.577
34.0 28.819
34.0 29.207
34.0 29.513
34.5 29.968
34.5 30.227
34.5 30.417
34.5 30.582
34.5 31.088
35.0 31.016
35.0 31.485
35.0 31.734
35.0 31.792
35.0 31.727
35.0 31.86
35.0 32.233
35.0 32.272
35.0 32.286
35.0 32.233
35.0 32.291
35.5 32.548
35.5 32.291
35.5 32.3
35.5 32.621
35.5 32.326
35.5 32.192
35.5 32.382
35.5 32.353
35.5 32.501
35.5 32.739
35.5 32.627
35.5 32.374
35.5 32.364
35.5 32.39
35.5 32.294
35.5 32.089
35.5 32.262
35.5 32.578
35.5 32.35
35.5 32.352
35.5 32.37
35.5 32.03
35.5 32.37
35.5 32.113
35.5 32.357
35.5 32.715
35.5 32.627
35.5 32.888
35.5 32.532
35.5 32.279
35.5 32.473
35.5 32.315
35.5 32.44
35.5 32.46
35.5 32.495
35.5 32.575
35.5 32.638
35.5 32.242
35.5 32.291
35.5 32.43
35.5 32.352
35.5 32.901
35.5 32.719
35.5 32.407
35.5 32.541
35.5 32.485
35.5 32.672
35.5 32.927
35.5 32.794
35.5 32.665
35.5 32.61
35.5 32.311
35.5 32.34
35.5 32.301
35.5 32.335
35.5 32.553
35.5 32.727
35.5 32.74
35.5 32.199
35.5 32.142
35.5 32.149
35.5 31.828
35.5 32.201
35.5 32.489
35.5 32.783
35.5 32.608
35.5 32.489
35.5 32.513
35.5 32.622
35.5 32.179
35.5 32.612
35.5 32.643
35.5 32.472
35.5 32.631
35.5 32.654
35.5 32.511
35.5 32.459
35.5 32.804
35.5 32.712
35.5 32.84
35.5 32.901
35.5 32.805
35.5 32.767
35.5 32.718
35.5 32.621
35.5 32.574
35.5 32.402
35.5 32.721
35.5 32.431
35.5 32.419
35.5 32.634
35.5 32.302
35.5 32.303
35.5 32.008
35.5 32.114
35.5 32.391
35.5 32.641
35.5 32.445
35.5 32.481
35.5 32.597
35.5 32.702
35.5 32.673
35.5 32.321
35.5 32.405
35.5 32.582
35.5 32.044
35.5 32.169
35.5 32.284
35.5 32.156
35.5 32.385
35.5 32.158
35.5 32.099
35.5 32.139
35.5 32.318
35.5 32.831
35.5 32.501
35.5 32.355
35.5 32.785
35.5 32.558
35.5 32.323
35.5 32.594
35.5 32.476
35.5 32.232
35.5 32.705
35.5 32.614
35.5 32.458
35.5 32.436
35.5 32.457
35.5 32.546
35.5 32.557
35.5 32.653
35.5 32.612
35.5 32.568
35.5 32.541
35.5 32.295
35.5 32.073
35.5 31.904
35.5 32.349
35.5 32.413
35.5 32.764
35.5 32.661
35.5 32.453
35.5 32.666
35.5 32.647
35.5 32.966
35.5 32.348
35.5 32.397
35.5 31.912
35.5 32.397
35.5 32.517
35.5 32.245
35.5 32.121
35.5 32.28
35.5 32.582
35.5 32.595
35.5 32.236
35.5 32.334
35.5 32.625
35.5 32.616
35.5 32.748
35.5 32.551
35.5 32.502
35.5 32.539
35.5 32.648
35.5 32.002
35.5 32.306
35.5 32.337
35.5 32.735
35.5 32.227
35.5 32.317
35.5 32.465
35.5 32.292
35.5 32.57
35.5 32.667
35.5 32.69
35.5 32.66
35.5 32.703
35.5 32.612
35.5 32.398
35.5 32.451
35.5 32.442
35.5 32.567
35.5 32.475
35.5 32.738
35.5 32.389
35.5 32.426
35.5 32.449
35.5 32.4
35.5 32.447
35.5 32.533
35.5 32.417
35.5 32.563
35.5 32.538
35.5 32.163
35.5 32.52
35.5 32.462
35.5 32.664
35.5 32.143
35.5 32.373
35.5 32.166
35.5 32.075
35.5 32.264
35.5 32.425
35.5 32.597
35.5 32.825
35.5 32.386
35.5 32.768
35.5 32.225
35.5 32.093
35.5 32.347
35.5 32.585
35.5 32.311
35.5 32.47
35.5 32.501
35.5 32.42
35.5 32.653
35.5 32.279
35.5 32.262
35.5 32.208
35.5 32.409
35.5 32.792
35.5 32.528
35.5 32.565
35.5 32.654
35.5 32.108
35.5 31.993
35.5 32.399
35.5 32.136
35.5 32.499
35.5 32.218
35.5 32.383
35.5 32.53
35.5 32.238
35.5 32.229
35.5 32.259
35.5 32.285
35.5 32.401
35.5 32.587
35.5 32.553
35.5 32.655
35.5 32.307
35.5 32.04
35.5 32.605
35.5 32.59
35.5 32.589
35.5 32.533
35.5 32.357
35.5 32.522
35.5 32.64
35.5 32.952
35.5 32.439
35.5 32.463
35.5 32.226
35.5 32.417
35.5 31.8
35.5 31.969
35.5 32.24
35.5 32.096
35.5 32.039
35.5 32.116
35.5 32.388
35.5 32.736
35.5 32.292
35.5 32.452
35.5 32.44
35.5 31.9
35.5 32.496
35.5 32.071
35.5 32.294
35.5 32.309
35.5 32.39
35.5 32.206
35.5 32.077
35.5 32.298
35.5 32.373
35.5 32.308
35.5 32.218
35.5 32.189
35.5 32.518
35.5 32.538
35.5 32.138
35.5 32.412
35.5 32.683
35.5 32.148
35.5 32.425
35.5 32.554
35.5 32.613
35.5 32.63
35.5 32.75
35.5 32.543
35.5 32.674
35.5 32.413
35.5 32.285
35.5 32.379
35.5 32.499
35.5 32.904
35.5 32.271
35.5 32.419
35.5 32.311
35.5 32.342
35.5 32.541
35.5 32.624
35.5 32.553
35.5 32.5
35.5 32.489
35.5 32.244
35.5 32.169
35.5 32.369
35.5 32.587
35.5 32.614
35.5 32.392
35.5 32.33
35.5 32.717
35.5 32.505
35.5 32.341
35.5 32.236
35.5 32.763
35.5 32.679
35.5 32.719
35.5 32.495
35.5 32.387
35.5 32.169
35.5 32.538
35.5 32.735
35.5 32.665
35.5 32.783
35.5 32.532
35.5 32.434
35.5 32.518
35.5 32.344
35.5 32.615
35.5 32.464
35.5 32.449
35.5 32.306
35.5 32.489
35.5 32.612
35.5 32.721
35.5 32.516
35.5 32.168
35.5 32.517
35.5 32.96
35.5 32.582
35.5 32.321
35.5 32.441
35.5 31.979
35.5 32.392
35.5 32.398
35.5 32.144
35.5 32.19
35.5 32.429
35.5 32.578
35.5 32.383
35.5 32.45
35.5 32.471
35.5 32.412
35.5 32.399
35.5 32.609
35.5 32.337
35.5 31.908
35.5 32.609
35.5 32.842
35.5 32.58
35.5 32.225
35.5 32.623
35.5 32.62
35.5 32.385
35.5 32.531
35.5 32.76
35.5 32.66
35.5 32.541
35.5 32.274
35.5 32.446
35.5 32.189
35.5 32.288
35.5 32.436
35.5 32.613
35.5 32.75
35.5 32.464
35.5 32.611
35.5 32.651
35.5 32.798
35.5 32.501
35.5 32.829
35.5 32.897
35.5 32.712
35.5 32.578
35.5 32.431
35.5 32.431
35.5 32.45
35.5 32.227
35.5 32.218
35.5 32.646
35.5 32.648
35.5 32.407
35.5 32.315
35.5 32.45
35.5 32.644
35.5 32.993
35.5 32.523
35.5 32.037
35.5 32.035
35.5 32.331
35.5 32.423
35.5 32.237
35.5 32.446
35.5 32.406
35.5 32.287
35.5 32.42
35.5 32.461
35.5 32.294
35.5 32.669
35.5 32.901
35.5 32.591
35.5 32.52
35.5 32.572
35.5 32.975
35.5 32.649
35.5 32.922
35.5 32.605
35.5 32.392
35.5 31.863
35.5 32.17
35.5 32.081
35.5 32.529
35.5 32.312
35.5 32.302
35.5 32.473
35.5 32.387
35.5 32.217
35.5 32.666
35.5 32.105
35.5 32.095
35.5 32.36
35.5 32.436
35.5 32.066
35.5 32.239
35.5 32.189
35.5 32.638
35.5 32.784
35.5 32.607
35.5 32.42
35.5 32.645
35.5 32.553
35.5 32.4
35.5 32.589
35.5 32.541
35.5 32.186
35.5 32.634
35.5 31.952
35.5 32.636
35.5 32.658
35.5 32.544
35.5 32.556
500
-11.5 -231.199
-11.5 -148.097
-8.0 -97.227
2.0 -60.357
4.0 -35.424
14.0 -20.867
18.0 -11.483
18.0 -3.767
21.5 3.229
25.0 8.908
25.0 13.301
25.5 16.328
27.0 18.517
27.0 20.35
27.0 21.293
28.0 22.245
28.5 22.757
28.5 23.161
29.0 23.828
29.5 24.281
31.0 24.633
31.0 24.847
31.5 25.345
31.5 25.819
31.5 26.152
32.0 26.19
32.0 26.815
32.5 27.163
32.5 27.392
33.0 28.058
35.0 28.723
35.0 28.992
35.0 29.503
35.5 29.843
35.5 30.207
35.5 30.169
35.5 30.529
35.5 31.077
35.5 31.183
35.5 31.569
36.0 32.242
36.5 32.184
36.5 32.381
36.5 32.548
36.5 32.849
36.5 32.733
36.5 32.87
36.5 33.005
36.5 33.249
36.5 33.335
36.5 33.302
36.5 33.388
36.5 33.788
36.5 33.543
36.5 33.345
36.5 33.666
36.5 33.675
36.5 33.452
36.5 33.409
36.5 33.536
36.5 33.608
36.5 33.608
36.5 33.706
36.5 33.43
36.5 33.418
36.5 33.529
36.5 33.498
36.5 33.351
36.5 33.61
36.5 33.639
36.5 33.792
36.5 33.691
36.5 33.787
36.5 33.506
36.5 33.724
36.5 33.725
36.5 33.598
36.5 33.867
36.5 33.79
36.5 33.684
36.5 33.608
36.5 33.346
36.5 33.534
36.5 33.702
36.5 33.572
36.5 33.565
36.5 33.683
36.5 33.521
36.5 33.744
36.5 34.068
36.5 33.908
36.5 33.621
36.5 33.656
36.5 33.704
36.5 33.466
36.5 33.604
36.5 33.953
36.5 33.739
36.5 33.554
36.5 33.703
36.5 33.164
36.5 33.421
36.5 33.455
36.5 33.577
36.5 33.283
36.5 33.382
36.5 33.522
36.5 33.979
36.5 33.567
36.5 33.356
36.5 33.357
36.5 33.591
36.5 33.727
36.5 33.48
36.5 33.526
36.5 33.744
36.5 33.589
36.5 33.336
36.5 33.466
36.5 33.732
36.5 33.764
36.5 33.562
36.5 33.747
36.5 33.778
36.5 33.573
36.5 33.672
36.5 33.774
36.5 33.624
36.5 33.509
36.5 33.426
36.5 33.424
36.5 33.307
36.5 33.65
36.5 33.568
36.5 33.671
36.5 33.846
36.5 33.637
36.5 33.552
36.5 33.552
36.5 33.537
36.5 33.781
36.5 33.49
36.5 33.809
36.5 33.837
36.5 34.048
36.5 33.822
36.5 33.632
36.5 33.432
36.5 33.085
36.5 33.684
36.5 33.628
36.5 33.625
36.5 33.654
36.5 33.665
36.5 33.441
36.5 33.52
36.5 33.666
36.5 33.659
36.5 33.704
36.5 33.545
36.5 33.768
36.5 33.622
36.5 33.755
36.5 33.698
36.5 33.865
36.5 33.604
36.5 33.835
36.5 33.806
36.5 33.782
36.5 33.757
36.5 33.482
36.5 33.774
36.5 33.487
36.5 33.385
36.5 33.143
36.5 33.44
36.5 33.74
36.5 33.668
36.5 33.461
36.5 33.399
36.5 33.599
36.5 33.688
36.5 33.557
36.5 33.615
36.5 33.953
36.5 33.581
36.5 33.616
36.5 33.692
36.5 33.702
36.5 33.306
36.5 33.6
36.5 33.153
36.5 33.237
36.5 33.45
36.5 33.759
36.5 33.884
36.5 33.874
36.5 33.536
36.5 33.803
36.5 33.795
36.5 33.613
36.5 34.034
36.5 33.799
36.5 33.45
36.5 33.91
36.5 33.943
36.5 33.457
36.5 33.616
36.5 33.684
36.5 33.76
36.5 33.649
36.5 33.531
36.5 33.358
36.5 33.563
36.5 33.997
36.5 33.996
36.5 33.399
36.5 33.443
36.5 33.582
36.5 33.534
36.5 33.628
36.5 33.536
36.5 34.007
36.5 33.313
36.5 33.452
36.5 33.502
36.5 32.785
36.5 33.393
36.5 33.363
36.5 33.341
36.5 33.319
36.5 33.325
36.5 33.532
36.5 33.475
36.5 33.362
36.5 33.418
36.5 33.412
36.5 33.427
36.5 33.532
36.5 33.747
36.5 33.767
36.5 33.678
36.5 33.632
36.5 33.658
36.5 33.675
36.5 33.305
36.5 33.619
36.5 33.843
36.5 33.795
36.5 33.445
36.5 33.853
36.5 33.766
36.5 33.481
36.5 33.445
36.5 33.564
36.5 33.526
36.5 33.453
36.5 33.59
36.5 33.279
36.5 33.588
36.5 33.744
36.5 33.831
36.5 33.623
36.5 33.762
36.5 33.579
36.5 33.484
36.5 33.627
36.5 33.537
36.5 33.167
36.5 33.504
36.5 33.587
36.5 33.87
36.5 33.84
36.5 33.494
36.5 32.971
36.5 33.655
36.5 33.396
36.5 33.825
36.5 33.577
36.5 33.817
36.5 33.856
36.5 33.353
36.5 33.77
36.5 33.607
36.5 33.551
36.5 33.645
36.5 33.581
36.5 33.725
36.5 33.777
36.5 33.579
36.5 33.583
36.5 33.839
36.5 33.67
36.5 33.622
36.5 33.503
36.5 33.316
36.5 33.656
36.5 33.297
36.5 33.192
36.5 33.641
36.5 33.505
36.5 33.684
36.5 33.925
36.5 33.531
36.5 33.309
36.5 33.596
36.5 33.754
36.5 34.281
36.5 33.868
36.5 33.546
36.5 33.361
36.5 33.537
36.5 33.124
36.5 33.476
36.5 33.359
36.5 33.452
36.5 33.497
36.5 33.205
36.5 33.762
36.5 33.975
36.5 33.761
36.5 33.325
36.5 33.597
36.5 33.867
36.5 33.334
36.5 33.524
36.5 33.852
36.5 34.132
36.5 33.92
36.5 33.81
36.5 33.831
36.5 33.691
36.5 33.581
36.5 33.763
36.5 33.723
36.5 33.805
36.5 33.646
36.5 33.766
36.5 33.974
36.5 33.742
36.5 33.441
36.5 33.634
36.5 33.637
36.5 33.597
36.5 33.854
36.5 33.881
36.5 33.928
36.5 33.776
36.5 33.441
36.5 33.516
36.5 33.488
36.5 33.651
36.5 33.608
36.5 33.421
36.5 33.718
36.5 33.791
36.5 33.595
36.5 33.844
36.5 33.625
36.5 33.638
36.5 33.579
36.5 33.61
36.5 33.946
36.5 33.841
36.5 33.703
36.5 33.945
36.5 33.857
36.5 33.62
36.5 33.411
36.5 33.7
36.5 33.392
36.5 33.629
36.5 33.513
36.5 33.812
36.5 33.667
36.5 33.084
36.5 33.708
36.5 33.705
36.5 33.635
36.5 33.428
36.5 33.806
36.5 33.759
36.5 33.645
36.5 33.641
36.5 33.503
36.5 33.26
36.5 33.542
36.5 33.393
36.5 33.305
36.5 33.359
36.5 33.531
36.5 33.572
36.5 33.36
36.5 33.694
36.5 33.589
36.5 33.82
36.5 33.644
36.5 33.684
36.5 33.565
36.5 33.733
36.5 34.006
36.5 33.861
36.5 34.077
36.5 33.735
36.5 33.33
36.5 33.196
36.5 33.472
36.5 33.477
36.5 33.573
36.5 33.771
36.5 33.46
36.5 33.616
36.5 33.73
36.5 33.618
36.5 33.643
36.5 33.544
36.5 33.372
36.5 33.459
36.5 33.754
36.5 33.904
36.5 33.796
36.5 33.308
36.5 33.54
36.5 33.444
36.5 33.458
36.5 33.65
36.5 33.511
36.5 33.708
36.5 33.745
36.5 33.616
36.5 33.777
36.5 33.998
36.5 33.775
36.5 33.694
36.5 33.701
36.5 33.873
36.5 33.591
36.5 33.915
36.5 33.668
36.5 33.697
36.5 33.835
36.5 33.074
36.5 33.314
36.5 33.709
36.5 33.115
36.5 33.143
36.5 33.22
36.5 33.419
36.5 33.504
36.5 33.415
36.5 33.343
36.5 33.371
36.5 33.673
36.5 33.876
36.5 33.795
36.5 33.782
36.5 33.523
36.5 33.163
36.5 33.808
36.5 33.586
36.5 33.32
36.5 33.406
36.5 33.632
36.5 33.629
36.5 33.811
36.5 33.774
36.5 33.991
36.5 33.68
36.5 33.63
36.5 32.997
36.5 33.432
36.5 33.492
36.5 33.831
36.5 33.96
36.5 33.596
36.5 33.712
36.5 33.62
36.5 33.827
36.5 33.779
36.5 33.646
36.5 33.661
36.5 33.541
36.5 33.602
36.5 33.564
36.5 33.581
36.5 33.694
36.5 33.639
36.5 33.42
36.5 33.755
36.5 33.726
36.5 33.772
36.5 33.677
36.5 33.551
36.5 33.565
36.5 33.675
36.5 33.915
36.5 33.55
36.5 33.686
36.5 33.476
36.5 33.463
500
-48.5 -226.117
-30.0 -142.373
-18.5 -95.888
0.0 -62.914
6.5 -43.961
6.5 -28.16
22.0 -16.209
22.5 -6.158
22.5 1.629
22.5 7.471
25.0 12.216
25.5 16.284
26.0 18.542
26.5 20.159
29.0 21.363
29.0 22.238
30.5 23.041
30.5 23.637
30.5 24.311
30.5 24.88
30.5 25.299
31.5 25.802
31.5 26.209
32.0 26.759
32.5 27.032
32.5 27.441
33.0 27.758
33.0 27.977
33.0 28.28
33.5 28.723
33.5 29.299
33.5 29.266
34.0 29.788
34.0 30.24
34.0 30.091
34.0 30.566
34.0 30.745
34.5 30.266
34.5 30.72
34.5 30.674
34.5 31.017
34.5 30.997
34.5 31.19
34.5 31.276
34.5 31.029
34.5 31.358
34.5 31.78
34.5 31.623
34.5 31.637
34.5 31.291
34.5 31.446
34.5 31.331
34.5 31.255
34.5 31.523
34.5 31.448
34.5 31.385
34.5 31.549
34.5 31.605
34.5 31.807
34.5 31.449
34.5 31.636
34.5 31.395
34.5 31.663
34.5 31.539
35.0 31.339
35.0 31.673
35.0 31.701
35.0 31.79
35.0 31.763
35.0 31.851
35.0 32.138
35.0 31.863
35.0 31.901
35.0 32.217
35.0 32.156
35.0 32.082
35.0 31.853
35.0 32.1
35.0 32.128
35.0 31.923
35.0 32.141
35.0 32.292
35.0 32.502
35.0 32.023
35.0 32.027
35.0 31.964
35.0 32.12
35.0 32.143
35.0 32.358
35.0 32.578
35.0 32.714
35.0 32.27
35.0 32.572
35.0 32.369
35.0 32.192
35.0 32.594
35.0 32.375
35.0 32.089
35.0 32.014
35.0 32.052
35.0 32.271
35.0 32.193
35.0 32.536
35.0 32.61
35.0 32.211
35.0 32.221
35.0 32.093
35.0 32.422
35.0 32.34
35.0 32.314
35.0 32.371
35.0 32.18
35.0 32.107
35.0 31.811
35.0 32.092
35.0 32.321
35.0 32.278
35.0 32.072
35.0 32.243
35.0 31.998
35.0 31.856
35.0 32.037
35.0 32.152
35.0 31.808
35.0 32.25
35.0 32.155
35.0 32.122
35.0 32.484
35.0 32.399
35.0 32.254
35.0 32.326
35.0 32.287
35.0 32.213
35.0 32.042
35.0 32.284
35.0 32.553
35.0 32.139
35.0 32.505
35.0 32.484
35.0 32.459
35.0 32.194
35.0 32.381
35.0 32.279
35.0 32.387
35.0 32.23
35.0 32.365
35.0 32.193
35.0 32.142
35.0 32.285
35.0 31.888
35.0 32.283
35.0 32.125
35.0 31.983
35.0 32.065
35.0 32.202
35.0 32.385
35.0 32.111
35.0 32.098
35.0 32.079
35.0 32.056
35.0 32.308
35.0 32.238
35.0 32.185
35.0 32.228
35.0 32.271
35.0 32.198
35.0 31.973
35.0 32.221
35.0 32.31
35.0 32.199
35.0 32.147
35.0 32.267
35.0 32.38
35.0 31.983
35.0 31.795
35.0 31.894
35.0 32.183
35.0 32.254
35.0 32.283
35.0 32.15
35.0 32.075
35.0 32.15
35.0 31.995
35.0 32.03
35.0 32.076
35.0 32.325
35.0 32.252
35.0 32.121
35.0 32.209
35.0 32.08
35.0 31.951
35.0 32.137
35.0 32.114
35.0 32.352
35.0 32.339
35.0 32.132
35.0 32.299
35.0 32.434
35.0 32.395
35.0 32.415
35.0 32.53
35.0 32.278
35.0 32.536
35.0 32.242
35.0 32.301
35.0 32.085
35.0 32.39
35.0 32.489
35.0 32.611
35.0 32.213
35.0 32.38
35.0 32.323
35.0 31.875
35.0 31.783
35.0 32.268
35.0 32.123
35.0 32.219
35.0 32.034
35.0 31.971
35.0 32.358
35.0 32.253
35.0 32.163
35.0 31.977
35.0 32.184
35.0 32.008
35.0 32.044
35.0 32.231
35.0 32.231
35.0 32.344
35.0 32.308
35.0 32.242
35.0 32.297
35.0 32.465
35.0 32.327
35.0 32.302
35.0 32.163
35.0 32.206
35.0 32.234
35.0 31.975
35.0 32.512
35.0 32.23
35.0 31.736
35.0 32.325
35.0 32.106
35.0 32.182
35.0 32.294
35.0 32.307
35.0 32.368
35.0 32.064
35.0 32.317
35.0 32.039
35.0 31.766
35.0 32.089
35.0 32.415
35.0 32.184
35.0 31.919
35.0 32.287
35.0 32.014
35.0 31.916
35.5 31.742
35.5 32.064
35.5 32.197
35.5 32.199
35.5 32.216
35.5 32.339
35.5 32.438
35.5 32.443
35.5 32.911
35.5 32.502
35.5 32.464
35.5 32.279
35.5 32.539
35.5 32.494
35.5 32.3
35.5 32.174
35.5 32.706
35.5 32.489
35.5 32.477
35.5 32.547
35.5 32.378
35.5 32.465
35.5 32.456
35.5 32.263
35.5 32.635
35.5 32.662
35.5 32.748
35.5 32.683
35.5 32.458
35.5 32.233
35.5 32.65
35.5 32.943
35.5 32.697
35.5 32.706
35.5 32.735
35.5 32.356
35.5 32.8
35.5 33.015
35.5 33.04
35.5 32.218
35.5 32.404
35.5 32.539
35.5 32.792
35.5 32.857
35.5 32.353
35.5 32.498
35.5 32.577
35.5 32.606
35.5 32.569
35.5 32.12
35.5 32.525
35.5 32.478
35.5 32.388
35.5 32.613
35.5 32.412
35.5 32.649
35.5 32.716
35.5 32.743
35.5 32.308
35.5 32.587
35.5 32.295
35.5 32.493
35.5 32.858
35.5 32.725
35.5 32.727
35.5 32.351
35.5 32.657
35.5 32.532
35.5 32.534
35.5 32.592
35.5 32.968
35.5 32.799
35.5 32.65
35.5 32.478
35.5 32.724
35.5 32.695
35.5 32.527
35.5 32.291
35.5 32.808
35.5 32.392
35.5 32.515
35.5 32.702
35.5 32.449
35.5 32.764
35.5 32.42
35.5 32.499
35.5 32.219
35.5 32.24
35.5 32.311
35.5 32.704
35.5 32.862
35.5 32.706
35.5 32.877
35.5 32.942
35.5 32.707
35.5 32.669
35.5 32.789
35.5 32.691
35.5 32.542
35.5 32.779
35.5 32.693
35.5 32.429
35.5 32.479
35.5 32.272
35.5 32.431
35.5 32.418
35.5 32.258
35.5 32.864
35.5 32.547
35.5 32.844
35.5 32.412
35.5 32.701
35.5 32.553
35.5 32.583
35.5 32.518
35.5 32.283
35.5 32.623
35.5 32.429
35.5 32.692
35.5 32.749
35.5 32.864
35.5 32.775
35.5 32.846
35.5 32.749
35.5 32.799
35.5 32.554
35.5 32.317
35.5 32.535
35.5 32.211
35.5 32.636
35.5 32.733
35.5 32.828
35.5 32.488
35.5 32.57
35.5 32.552
35.5 32.103
35.5 32.262
35.5 32.473
35.5 32.838
35.5 32.516
35.5 32.343
35.5 32.666
35.5 32.711
35.5 32.289
35.5 32.409
35.5 32.249
35.5 32.511
35.5 32.239
35.5 32.516
35.5 32.547
35.5 32.372
35.5 32.472
35.5 32.313
35.5 32.201
35.5 32.429
35.5 32.489
35.5 31.819
35.5 32.318
35.5 32.435
35.5 32.521
35.5 32.583
35.5 32.679
35.5 32.134
35.5 32.34
35.5 32.523
35.5 32.177
35.5 32.043
35.5 32.245
35.5 32.707
35.5 32.635
35.5 32.753
35.5 32.867
35.5 32.666
35.5 33.04
35.5 32.586
35.5 32.761
35.5 32.735
35.5 32.406
35.5 32.381
35.5 32.389
35.5 32.753
35.5 32.909
35.5 32.62
35.5 32.634
35.5 32.462
35.5 32.337
35.5 32.603
35.5 32.921
35.5 32.67
35.5 32.632
35.5 32.606
35.5 32.617
35.5 32.541
35.5 32.444
35.5 32.71
35.5 32.933
35.5 32.405
35.5 32.593
35.5 32.592
35.5 32.556
35.5 32.78
35.5 32.652
35.5 32.378
35.5 32.779
35.5 32.442
35.5 32.7
35.5 32.575
35.5 32.9
35.5 32.581
35.5 31.768
35.5 32.42
35.5 32.704
35.5 32.334
35.5 32.306
35.5 32.442
35.5 32.837
35.5 32.706
35.5 32.661
35.5 32.405
35.5 32.438
35.5 32.744
35.5 32.612
35.5 32.632
35.5 32.741
35.5 32.833
35.5 32.866
35.5 32.894
35.5 32.702
35.5 32.324
35.5 32.514
35.5 32.687
35.5 33.015
35.5 32.813
35.5 32.74
35.5 32.664
35.5 32.497
35.5 32.323
35.5 32.638
35.5 32.216
35.5 32.695
35.5 32.475
500
-36.0 -233.511
1.5 -148.866
2.0 -96.823
2.0 -67.274
11.0 -41.754
12.5 -18.352
15.5 -5.008
21.0 3.402
21.5 7.678
24.5 11.768
24.5 14.645
24.5 16.275
24.5 17.932
24.5 18.855
27.5 20.113
27.5 21.152
27.5 21.707
27.5 22.386
29.0 23.206
29.0 23.605
29.0 24.119
29.5 24.743
30.0 25.1
30.5 25.53
32.0 26.318
32.0 26.621
32.0 26.961
32.0 27.319
32.0 27.343
33.0 27.717
33.5 28.355
34.5 28.66
34.5 29.037
34.5 29.231
34.5 29.427
34.5 29.863
35.0 29.918
35.0 29.881
35.0 30.192
35.0 30.613
35.0 31.085
35.5 31.191
35.5 31.867
35.5 31.973
35.5 32.045
35.5 31.961
35.5 32.049
35.5 32.596
35.5 32.671
35.5 32.569
35.5 32.711
35.5 32.763
35.5 32.657
35.5 32.356
35.5 32.491
35.5 32.595
35.5 32.941
35.5 32.544
35.5 32.475
35.5 32.184
35.5 32.918
35.5 32.68
35.5 32.859
35.5 32.595
35.5 32.779
35.5 32.916
35.5 32.853
35.5 32.669
35.5 32.602
35.5 32.513
35.5 32.616
35.5 32.239
35.5 32.425
35.5 32.589
35.5 32.75
35.5 32.142
35.5 32.521
35.5 32.355
35.5 32.489
35.5 32.719
35.5 32.666
35.5 32.401
35.5 32.27
35.5 32.081
35.5 32.307
35.5 32.713
35.5 32.572
35.5 32.736
35.5 32.975
35.5 32.938
35.5 33.257
35.5 32.855
35.5 32.802
35.5 32.999
35.5 32.415
35.5 32.688
35.5 32.573
35.5 32.742
35.5 32.537
35.5 32.645
35.5 32.577
35.5 32.184
35.5 32.338
35.5 32.337
35.5 32.559
35.5 32.587
35.5 32.585
35.5 32.205
35.5 32.592
35.5 32.321
35.5 32.326
35.5 32.077
35.5 32.666
35.5 32.509
35.5 32.413
35.5 32.585
35.5 32.749
35.5 32.618
35.5 32.453
35.5 32.295
35.5 32.57
35.5 32.357
35.5 32.546
35.5 32.555
35.5 32.908
35.5 32.905
35.5 32.678
35.5 32.526
35.5 32.547
35.5 32.306
35.5 32.295
35.5 32.124
35.5 32.436
35.5 32.606
35.5 32.385
35.5 32.337
35.5 32.297
35.5 32.526
35.5 32.255
35.5 32.699
35.5 32.406
35.5 32.569
35.5 32.68
35.5 32.126
35.5 32.289
35.5 32.721
35.5 32.583
35.5 32.596
35.5 32.825
35.5 32.308
35.5 32.246
35.5 32.643
35.5 32.715
35.5 32.743
35.5 32.902
35.5 32.818
35.5 32.676
35.5 32.573
35.5 32.648
35.5 32.797
35.5 32.762
35.5 32.872
35.5 33.197
35.5 32.946
35.5 33.021
35.5 32.936
35.5 32.709
35.5 32.83
35.5 32.402
35.5 32.611
35.5 32.414
35.5 32.417
35.5 32.354
35.5 32.172
35.5 32.647
35.5 32.799
35.5 32.657
35.5 32.739
35.5 32.729
35.5 32.75
35.5 32.79
35.5 32.662
35.5 32.566
35.5 32.684
35.5 32.661
35.5 32.588
35.5 32.572
35.5 32.722
35.5 32.359
35.5 32.827
35.5 32.908
35.5 32.873
35.5 32.438
35.5 32.524
35.5 32.651
35.5 32.766
35.5 32.402
35.5 32.509
35.5 32.62
35.5 32.418
35.5 32.686
35.5 32.917
35.5 33.03
35.5 32.578
35.5 32.669
35.5 32.645
35.5 32.802
35.5 32.631
35.5 32.984
35.5 32.906
35.5 32.352
35.5 32.705
35.5 32.499
35.5 32.644
35.5 32.858
35.5 32.716
35.5 32.693
35.5 32.442
35.5 32.368
35.5 32.914
35.5 32.663
35.5 32.448
35.5 32.851
35.5 32.541
35.5 32.508
35.5 32.585
35.5 32.331
35.5 32.475
35.5 32.891
35.5 32.821
35.5 32.66
35.5 32.755
35.5 32.795
35.5 32.3
35.5 32.435
35.5 32.69
35.5 32.438
35.5 32.529
35.5 32.447
35.5 32.189
35.5 32.105
35.5 32.526
35.5 32.397
35.5 33.004
35.5 32.492
35.5 32.716
35.5 32.807
35.5 32.439
35.5 32.402
35.5 32.493
35.5 32.231
35.5 32.329
35.5 32.398
35.5 32.82
35.5 32.61
35.5 32.615
35.5 32.719
35.5 32.789
35.5 32.488
35.5 32.528
35.5 32.732
35.5 32.647
35.5 32.556
35.5 32.477
35.5 32.611
35.5 32.365
35.5 32.682
35.5 32.747
35.5 32.642
35.5 32.516
35.5 32.67
35.5 32.671
35.5 32.782
35.5 32.778
35.5 32.452
35.5 32.434
35.5 32.426
35.5 32.797
35.5 32.673
35.5 32.471
35.5 32.87
35.5 32.756
35.5 32.748
35.5 32.331
35.5 32.384
35.5 32.48
35.5 32.605
35.5 32.471
35.5 32.877
35.5 32.771
35.5 32.453
35.5 32.314
35.5 32.679
35.5 32.528
35.5 32.453
35.5 32.819
35.5 32.641
35.5 32.482
35.5 32.506
35.5 32.727
35.5 32.981
35.5 32.91
35.5 32.637
35.5 32.792
35.5 32.611
35.5 32.419
35.5 32.604
35.5 32.905
35.5 32.946
35.5 32.949
35.5 32.543
35.5 32.461
35.5 32.407
35.5 32.606
35.5 32.673
35.5 32.589
35.5 32.414
35.5 32.642
35.5 32.839
35.5 32.392
35.5 32.473
35.5 33.05
35.5 32.617
35.5 32.599
35.5 32.628
35.5 32.54
35.5 32.829
35.5 32.725
35.5 32.759
35.5 32.633
35.5 32.67
35.5 32.482
35.5 32.448
35.5 32.606
35.5 32.472
35.5 32.706
35.5 32.912
35.5 32.495
35.5 32.985
35.5 32.834
35.5 32.885
35.5 32.667
35.5 32.556
35.5 32.811
35.5 32.753
35.5 32.716
35.5 32.446
35.5 32.337
35.5 32.517
35.5 32.356
35.5 32.968
35.5 32.527
35.5 33.209
35.5 32.797
35.5 32.46
35.5 32.889
35.5 32.779
35.5 32.713
35.5 32.699
35.5 32.792
35.5 32.925
35.5 32.516
35.5 32.289
35.5 32.807
35.5 32.946
35.5 32.839
35.5 32.485
35.5 32.504
35.5 32.82
35.5 32.682
35.5 32.377
35.5 32.451
35.5 32.52
35.5 32.613
35.5 32.925
35.5 32.697
35.5 32.369
35.5 32.139
35.5 32.503
35.5 32.55
35.5 32.18
35.5 32.33
35.5 32.61
35.5 32.512
35.5 32.581
35.5 32.311
35.5 32.409
35.5 32.455
35.5 32.689
35.5 32.652
35.5 32.428
35.5 32.463
35.5 32.624
35.5 32.339
35.5 32.605
35.5 32.357
35.5 32.2
35.5 32.363
35.5 32.893
35.5 32.718
35.5 32.832
35.5 32.704
35.5 32.716
35.5 32.547
35.5 32.617
35.5 32.431
35.5 32.338
35.5 32.464
35.5 32.626
35.5 32.752
35.5 32.718
35.5 32.763
35.5 32.284
35.5 32.082
35.5 32.493
35.5 32.666
35.5 32.506
35.5 32.554
35.5 32.62
35.5 32.729
35.5 32.771
35.5 33.148
35.5 32.92
35.5 32.773
35.5 32.315
35.5 32.678
35.5 32.7
35.5 32.636
35.5 32.724
35.5 32.527
35.5 32.692
35.5 32.564
35.5 32.619
35.5 32.676
35.5 32.388
35.5 32.417
35.5 32.227
35.5 32.333
35.5 32.464
35.5 32.626
35.5 32.797
35.5 32.634
35.5 32.548
35.5 32.684
35.5 32.347
35.5 32.497
35.5 32.517
35.5 32.59
35.5 32.759
35.5 32.594
35.5 32.748
35.5 33.068
35.5 32.843
35.5 32.457
35.5 32.616
35.5 32.568
35.5 32.778
35.5 32.789
35.5 32.679
35.5 32.407
35.5 32.619
35.5 32.619
35.5 32.494
35.5 32.491
35.5 32.241
35.5 32.125
35.5 32.466
35.5 32.444
35.5 32.613
35.5 32.528
35.5 32.349
35.5 32.711
35.5 32.75
35.5 32.804
35.5 32.752
35.5 32.895
35.5 32.528
35.5 32.558
35.5 32.347
35.5 32.913
35.5 33.022
35.5 32.957
35.5 32.713
35.5 32.241
35.5 32.704
35.5 32.638
35.5 32.619
35.5 32.756
35.5 32.308
35.5 32.124
35.5 32.685
35.5 32.613
35.5 32.453
35.5 32.495
35.5 32.364
35.5 32.619
35.5 32.68
35.5 32.59
35.5 32.65
35.5 32.892
500
-35.0 -232.619
-35.0 -147.649
-17.0 -99.802
-11.0 -69.014
-7.0 -48.297
0.5 -32.029
5.0 -20.068
7.0 -11.445
15.0 -6.009
16.0 -0.233
20.5 4.372
21.5 8.162
24.0 11.46
24.0 14.2
26.5 16.496
26.5 18.049
27.5 19.545
27.5 20.268
28.5 21.261
29.0 22.264
29.0 22.939
29.5 23.828
30.0 24.406
30.5 24.983
31.0 25.676
31.0 26.028
32.0 26.054
32.0 26.509
32.0 26.961
32.0 27.174
33.0 27.496
33.0 28.012
33.0 28.284
33.5 27.942
33.5 28.291
33.5 28.606
33.5 29.086
33.5 29.203
34.0 29.612
34.0 29.724
34.0 30.304
34.0 30.834
34.0 30.555
34.0 31.149
34.0 30.874
34.0 31.324
34.0 31.042
34.0 31.256
34.0 31.522
34.0 31.816
34.0 31.489
34.0 31.282
34.0 31.469
34.0 31.641
34.0 31.033
34.0 31.339
34.0 31.246
34.0 31.396
34.0 31.459
34.0 31.338
34.0 31.555
34.5 31.261
34.5 31.318
34.5 31.573
34.5 31.342
34.5 30.956
34.5 31.436
34.5 31.335
34.5 31.606
34.5 31.564
34.5 31.464
34.5 31.287
34.5 31.301
34.5 31.44
34.5 31.327
34.5 31.2
34.5 31.54
34.5 31.26
34.5 31.221
34.5 31.242
34.5 31.279
34.5 31.373
34.5 31.739
34.5 31.798
34.5 31.628
34.5 31.797
34.5 31.306
34.5 31.01
34.5 31.178
34.5 31.419
34.5 31.184
34.5 31.411
34.5 31.608
34.5 31.431
34.5 31.404
34.5 31.323
34.5 31.444
34.5 32.05
34.5 31.864
34.5 31.713
34.5 31.7
34.5 31.491
34.5 31.334
34.5 31.568
34.5 31.34
34.5 31.808
34.5 31.543
34.5 31.222
34.5 31.569
34.5 31.551
34.5 31.367
34.5 31.148
34.5 31.459
34.5 31.652
34.5 31.477
34.5 31.615
34.5 31.214
34.5 31.418
34.5 31.56
34.5 31.5
34.5 31.418
34.5 31.892
34.5 31.62
34.5 31.551
34.5 31.894
34.5 31.584
34.5 31.605
34.5 31.343
34.5 31.156
34.5 31.162
34.5 31.512
34.5 31.327
34.5 31.168
34.5 31.345
34.5 31.5
34.5 31.508
34.5 31.234
34.5 31.25
34.5 31.287
34.5 31.392
34.5 31.499
34.5 31.671
34.5 31.754
34.5 31.695
34.5 31.942
34.5 31.645
34.5 31.506
34.5 31.859
34.5 31.777
34.5 31.468
34.5 31.842
34.5 31.743
34.5 31.494
34.5 31.488
34.5 31.599
34.5 32.043
34.5 32.075
34.5 31.762
34.5 31.766
34.5 31.372
34.5 31.481
34.5 31.691
34.5 31.588
34.5 31.625
34.5 31.64
34.5 31.488
34.5 31.617
34.5 31.415
34.5 31.399
34.5 31.522
34.5 31.79
34.5 31.37
34.5 31.891
34.5 31.696
34.5 31.674
34.5 31.514
34.5 31.356
34.5 31.421
34.5 31.771
34.5 31.546
34.5 31.733
34.5 31.401
34.5 31.603
34.5 31.708
34.5 31.623
34.5 31.736
34.5 31.674
34.5 32.15
34.5 31.807
34.5 31.587
34.5 31.455
34.5 31.4
34.5 31.372
34.5 31.355
34.5 31.583
34.5 31.791
34.5 31.889
34.5 31.663
34.5 32.032
34.5 31.669
34.5 31.59
34.5 31.502
34.5 31.396
34.5 31.629
34.5 31.467
34.5 31.584
34.5 31.555
34.5 31.808
34.5 31.721
34.5 31.512
34.5 31.355
34.5 31.517
34.5 31.393
34.5 31.766
34.5 31.815
34.5 31.567
34.5 31.659
34.5 31.551
34.5 31.449
34.5 31.57
34.5 31.622
34.5 31.464
34.5 31.282
34.5 31.586
34.5 31.584
34.5 31.31
34.5 31.401
34.5 31.52
34.5 32.059
34.5 31.54
34.5 31.386
34.5 31.285
34.5 31.579
34.5 31.4
34.5 31.487
34.5 31.484
34.5 31.783
34.5 32.166
34.5 31.983
34.5 31.997
34.5 31.909
34.5 31.366
34.5 31.375
34.5 31.472
34.5 31.862
34.5 31.815
34.5 31.599
34.5 31.802
34.5 31.887
34.5 31.847
34.5 31.727
34.5 31.566
34.5 31.972
34.5 31.881
34.5 31.41
34.5 31.509
34.5 31.512
34.5 31.495
34.5 31.731
34.5 31.571
34.5 31.821
34.5 31.845
34.5 31.597
34.5 31.512
34.5 31.508
34.5 31.75
34.5 31.44
34.5 31.476
34.5 31.617
34.5 31.337
34.5 31.419
34.5 31.414
34.5 31.455
34.5 31.746
34.5 31.688
34.5 31.626
34.5 31.612
34.5 31.589
34.5 31.97
34.5 31.496
34.5 31.564
34.5 31.58
34.5 31.447
34.5 31.474
34.5 31.708
34.5 31.893
34.5 31.591
34.5 31.093
34.5 31.543
34.5 30.85
34.5 31.748
34.5 31.605
34.5 31.575
34.5 31.436
34.5 31.825
34.5 31.579
34.5 31.688
34.5 31.648
34.5 31.424
34.5 31.135
34.5 31.243
34.5 31.543
34.5 31.365
34.5 31.554
34.5 31.574
34.5 31.54
34.5 31.487
34.5 31.5
34.5 31.664
34.5 31.585
34.5 31.643
34.5 31.364
34.5 31.348
34.5 31.534
34.5 31.363
34.5 31.493
34.5 31.73
34.5 31.509
34.5 31.549
34.5 31.79
34.5 31.82
34.5 31.927
34.5 31.81
34.5 31.801
34.5 31.879
34.5 31.972
34.5 31.862
34.5 31.802
34.5 31.632
34.5 31.482
34.5 31.702
34.5 31.64
34.5 31.804
34.5 31.659
34.5 31.562
34.5 31.793
34.5 31.678
34.5 31.532
34.5 31.385
34.5 31.644
34.5 32.051
34.5 31.518
34.5 31.61
34.5 31.667
34.5 31.517
34.5 31.336
34.5 31.775
34.5 31.492
34.5 31.669
34.5 31.567
34.5 31.975
34.5 31.731
34.5 31.885
34.5 31.727
34.5 31.326
34.5 31.385
34.5 31.419
34.5 31.45
34.5 31.434
34.5 31.611
34.5 31.155
34.5 31.24
34.5 31.307
34.5 31.431
34.5 31.596
34.5 31.709
34.5 31.765
34.5 31.849
34.5 31.117
34.5 31.482
34.5 31.49
34.5 31.575
34.5 31.639
34.5 31.694
34.5 31.766
34.5 31.601
34.5 31.423
34.5 31.187
34.5 31.593
34.5 31.66
34.5 31.583
34.5 31.563
34.5 31.362
34.5 31.643
34.5 31.725
34.5 31.334
34.5 31.222
34.5 31.641
34.5 31.655
34.5 31.573
34.5 31.204
34.5 31.436
34.5 31.343
34.5 31.076
34.5 31.716
34.5 31.456
34.5 31.59
34.5 31.645
34.5 31.814
34.5 31.755
34.5 32.001
34.5 31.799
34.5 31.701
34.5 31.656
34.5 31.59
34.5 31.568
34.5 31.478
34.5 31.861
34.5 31.495
34.5 31.582
34.5 31.588
34.5 31.591
34.5 31.67
34.5 31.681
34.5 31.574
34.5 31.531
34.5 31.242
34.5 31.576
34.5 31.715
34.5 31.807
34.5 31.55
34.5 31.65
34.5 31.635
34.5 31.414
34.5 31.393
34.5 31.864
34.5 31.859
34.5 31.478
34.5 31.809
34.5 31.508
34.5 31.647
34.5 31.919
34.5 31.605
34.5 31.567
34.5 31.293
34.5 31.615
34.5 31.61
34.5 31.466
34.5 31.645
34.5 31.695
34.5 31.986
34.5 31.917
34.5 32.009
34.5 31.815
34.5 31.806
34.5 31.808
34.5 31.907
34.5 31.545
34.5 31.705
34.5 31.719
34.5 31.629
34.5 31.569
34.5 31.856
34.5 31.761
34.5 31.878
34.5 31.358
34.5 31.407
34.5 31.664
34.5 31.714
34.5 31.632
34.5 31.572
34.5 31.398
34.5 31.2
34.5 31.536
34.5 31.141
34.5 31.377
34.5 31.44
34.5 31.55
34.5 31.246
34.5 31.403
34.5 31.802
34.5 31.815
34.5 31.454
34.5 31.611
34.5 31.399
34.5 31.362
34.5 31.192
34.5 31.201
34.5 31.336
34.5 31.596
34.5 31.763
34.5 31.709
34.5 31.85
34.5 31.425
34.5 31.701
34.5 31.678
34.5 31.402
34.5 31.514
34.5 31.787
34.5 32.067
34.5 32.005
34.5 31.713
34.5 31.51
34.5 31.304
34.5 31.335
34.5 31.47
34.5 31.572
34.5 31.605
34.5 31.637
34.5 31.827
500
-39.0 -232.755
-27.5 -145.165
-21.0 -100.081
-9.0 -71.098
-9.0 -48.642
-0.5 -31.331
11.5 -20.177
15.5 -11.58
17.0 -3.079
19.0 2.05
20.5 6.465
20.5 9.566
21.0 11.297
23.0 13.718
24.5 15.072
24.5 16.325
27.0 17.454
27.0 19.053
27.0 20.341
27.0 20.97
29.0 22.146
29.0 22.89
29.0 23.402
29.0 23.578
30.0 24.37
31.0 24.71
31.0 25.103
31.0 25.579
32.0 25.983
32.0 26.068
32.5 26.484
32.5 27.086
33.5 27.464
33.5 28.185
34.0 28.804
34.0 29.068
34.0 29.863
34.0 30.62
34.5 30.564
34.5 30.872
34.5 31.1
35.0 31.1
35.0 31.31
35.0 31.687
35.5 31.806
35.5 31.755
35.5 31.909
35.5 32.031
35.5 32.288
35.5 32.275
35.5 32.592
35.5 32.649
35.5 32.63
35.5 32.76
35.5 32.66
35.5 32.805
35.5 32.222
35.5 32.573
35.5 32.746
35.5 32.622
35.5 32.47
35.5 32.568
35.5 32.691
35.5 32.6
35.5 32.689
35.5 32.389
35.5 32.768
35.5 32.546
35.5 32.762
35.5 32.811
35.5 32.543
35.5 32.912
35.5 32.787
35.5 32.463
35.5 32.374
35.5 32.358
35.5 32.5
35.5 32.429
35.5 32.363
35.5 32.466
35.5 32.382
35.5 32.588
35.5 32.848
35.5 32.898
35.5 33.022
35.5 32.734
35.5 32.738
35.5 32.659
35.5 32.986
35.5 32.938
35.5 32.625
35.5 32.582
35.5 32.804
35.5 32.745
35.5 32.394
35.5 32.212
35.5 32.383
35.5 32.532
35.5 32.685
35.5 32.73
35.5 32.455
35.5 32.529
35.5 32.701
35.5 32.594
35.5 33.003
35.5 32.853
35.5 32.429
35.5 32.69
35.5 32.332
35.5 32.655
35.5 32.823
35.5 32.272
35.5 32.369
35.5 32.645
35.5 32.742
35.5 32.487
35.5 32.458
35.5 32.422
35.5 32.757
35.5 32.579
35.5 32.817
35.5 32.735
35.5 32.716
35.5 32.906
35.5 32.106
35.5 32.488
35.5 32.34
35.5 32.48
35.5 32.726
35.5 32.629
35.5 32.88
35.5 32.56
35.5 32.645
35.5 32.218
35.5 32.572
35.5 32.267
35.5 32.453
35.5 32.901
35.5 32.634
35.5 33.039
35.5 32.562
35.5 32.264
35.5 32.498
35.5 32.559
35.5 32.717
35.5 32.729
35.5 32.856
35.5 32.513
35.5 32.679
35.5 32.59
35.5 32.758
35.5 32.528
35.5 32.475
35.5 32.693
35.5 32.474
35.5 32.727
35.5 32.871
35.5 32.453
35.5 32.942
35.5 32.777
35.5 32.754
35.5 32.689
35.5 32.821
35.5 32.631
35.5 32.611
35.5 32.592
35.5 32.753
35.5 32.89
35.5 32.806
35.5 32.833
35.5 32.254
35.5 32.599
35.5 32.815
35.5 32.806
35.5 32.326
35.5 32.364
35.5 32.777
35.5 32.63
35.5 32.508
35.5 32.978
35.5 32.643
35.5 32.572
35.5 32.675
35.5 32.527
35.5 32.733
35.5 32.746
35.5 32.597
35.5 32.962
35.5 32.607
35.5 32.57
35.5 32.683
35.5 32.772
35.5 32.608
35.5 32.597
35.5 32.893
35.5 32.668
35.5 32.319
35.5 32.71
35.5 32.502
35.5 32.16
35.5 32.189
35.5 32.367
35.5 32.521
35.5 32.539
35.5 32.365
35.5 32.842
35.5 32.658
35.5 32.915
35.5 32.849
35.5 32.705
35.5 32.844
35.5 32.628
35.5 32.52
35.5 32.294
35.5 32.251
35.5 31.985
35.5 32.465
35.5 32.484
35.5 32.492
35.5 32.59
35.5 32.521
35.5 32.714
35.5 32.317
35.5 32.542
35.5 32.679
35.5 32.482
35.5 32.849
35.5 32.952
35.5 32.807
35.5 32.598
35.5 32.76
35.5 32.728
35.5 32.564
35.5 32.68
35.5 32.272
35.5 32.399
35.5 32.698
35.5 32.591
35.5 32.429
35.5 32.249
35.5 32.123
35.5 32.585
35.5 32.954
35.5 32.916
35.5 32.944
35.5 32.541
35.5 32.697
35.5 32.904
35.5 33.026
35.5 32.466
35.5 32.764
35.5 32.872
35.5 33.045
35.5 32.581
35.5 32.865
35.5 32.356
35.5 32.404
35.5 32.493
35.5 32.571
35.5 32.492
35.5 32.436
35.5 32.852
35.5 32.754
35.5 32.833
35.5 32.962
35.5 32.963
35.5 33.059
35.5 32.84
35.5 32.986
35.5 32.617
35.5 32.67
35.5 32.594
35.5 32.528
35.5 32.753
35.5 32.652
35.5 32.47
35.5 32.695
35.5 32.928
35.5 32.442
35.5 32.773
35.5 32.927
35.5 32.739
35.5 32.782
35.5 32.401
35.5 32.799
35.5 32.522
35.5 32.38
35.5 32.24
35.5 32.61
35.5 32.556
35.5 32.359
35.5 32.927
35.5 32.672
35.5 32.654
35.5 32.784
35.5 32.692
35.5 32.582
35.5 32.44
35.5 32.282
35.5 32.618
35.5 31.907
35.5 32.546
35.5 32.582
35.5 32.716
35.5 32.897
35.5 32.772
35.5 32.232
35.5 32.766
35.5 32.997
35.5 32.755
35.5 32.818
35.5 32.858
35.5 32.995
35.5 32.891
35.5 32.926
35.5 32.818
35.5 32.998
35.5 32.813
35.5 32.828
35.5 32.481
35.5 32.653
35.5 32.413
35.5 32.698
35.5 32.375
35.5 32.69
35.5 32.6
35.5 32.74
35.5 32.743
35.5 32.43
35.5 32.71
35.5 32.804
35.5 32.516
35.5 32.649
35.5 32.497
35.5 32.542
35.5 32.561
35.5 32.715
35.5 32.683
35.5 32.766
35.5 32.477
35.5 32.423
35.5 32.762
35.5 32.593
35.5 32.557
35.5 32.666
35.5 32.423
35.5 32.507
35.5 32.531
35.5 32.759
35.5 32.878
35.5 32.856
35.5 32.604
35.5 32.465
35.5 32.036
35.5 32.631
35.5 32.418
35.5 32.69
35.5 32.696
35.5 32.422
35.5 32.777
35.5 32.728
35.5 32.629
35.5 32.555
35.5 32.48
35.5 32.189
35.5 32.408
35.5 32.26
35.5 32.796
35.5 32.585
35.5 32.572
35.5 32.465
35.5 32.499
35.5 32.524
35.5 33.042
35.5 32.533
35.5 32.512
35.5 32.705
35.5 32.402
35.5 32.67
35.5 32.79
35.5 33.031
35.5 32.98
35.5 32.817
35.5 32.541
35.5 32.552
35.5 32.838
35.5 32.455
35.5 32.738
35.5 32.87
35.5 32.671
35.5 32.697
35.5 32.725
35.5 32.629
35.5 32.531
35.5 32.266
35.5 32.788
35.5 32.864
35.5 32.634
35.5 32.772
35.5 32.727
35.5 32.777
35.5 32.655
35.5 32.716
35.5 33.08
35.5 32.546
35.5 32.728
35.5 32.521
35.5 32.963
35.5 32.797
35.5 32.705
35.5 32.794
35.5 32.379
35.5 32.197
35.5 32.456
35.5 32.614
35.5 32.434
35.5 32.731
35.5 32.769
35.5 32.569
35.5 32.593
35.5 32.369
35.5 32.561
35.5 32.788
35.5 32.646
35.5 32.755
35.5 32.02
35.5 32.459
35.5 32.788
35.5 32.619
35.5 32.678
35.5 32.562
35.5 32.756
35.5 32.814
35.5 32.842
35.5 32.867
35.5 32.783
35.5 32.59
35.5 32.575
35.5 32.555
35.5 32.587
35.5 32.638
35.5 32.529
35.5 32.531
35.5 32.642
35.5 32.422
35.5 32.698
35.5 32.624
35.5 32.586
35.5 32.893
35.5 32.833
35.5 32.998
35.5 32.773
35.5 32.702
35.5 32.77
35.5 32.845
35.5 32.928
35.5 32.684
35.5 32.579
35.5 32.735
35.5 32.739
35.5 32.613
35.5 32.526
35.5 32.298
35.5 32.658
35.5 32.352
35.5 32.502
35.5 32.173
35.5 32.386
35.5 32.472
35.5 32.317
35.5 32.573
35.5 32.362
35.5 32.64
35.5 32.53
35.5 32.581
35.5 32.523
35.5 32.308
35.5 32.536
35.5 32.863
35.5 32.95
35.5 32.927
35.5 32.698
35.5 32.43
35.5 32.74
35.5 32.425
35.5 32.45
35.5 32.185
35.5 32.476
35.5 32.349
35.5 32.089
35.5 32.363
35.5 32.861
35.5 32.873
35.5 32.684
35.5 32.369
35.5 32.476
35.5 32.644
35.5 32.98
35.5 32.573
35.5 32.549

Individual: [2, 4, 5, 10, 11, 14, 19, 21, 29, 30, 35, 61, 62, 69, 71, 72, 74, 78, 88, 90, 91, 96, 97, 99, 100]
   Fitness: 37.5
     Total: 25
Violations: 0 0

Individual: [1, 2, 4, 6, 12, 13, 15, 16, 21, 32, 33, 35, 39, 42, 61, 70, 73, 75, 81, 84, 88, 91, 96, 97, 99, 100]
   Fitness: 38.0
     Total: 26
Violations: 1 1

Individual: [2, 3, 5, 6, 10, 11, 13, 22, 23, 25, 26, 28, 32, 59, 60, 64, 66, 67, 76, 77, 81, 82, 84, 89, 91, 99]
   Fitness: 34.0
     Total: 26
Violations: 5 5

Individual: [2, 3, 5, 6, 16, 20, 22, 23, 31, 32, 47, 52, 54, 65, 66, 69, 70, 79, 87, 90, 94, 96, 97]
   Fitness: 34.5
     Total: 23
Violations: 0 0

Individual: [2, 3, 5, 9, 11, 12, 23, 24, 26, 30, 31, 33, 67, 69, 72, 73, 76, 82, 84, 87, 89, 93, 94, 98, 100]
   Fitness: 35.5
     Total: 25
Violations: 2 2

Individual: [2, 4, 5, 7, 11, 13, 23, 25, 29, 31, 32, 34, 67, 68, 71, 72, 78, 80, 86, 87, 90, 91, 95, 97, 98]
   Fitness: 36.5
     Total: 25
Violations: 1 1

Individual: [2, 3, 7, 10, 11, 16, 23, 24, 27, 28, 34, 42, 48, 67, 70, 71, 75, 76, 78, 88, 90, 91, 96, 97, 99]
   Fitness: 35.5
     Total: 25
Violations: 2 2

Individual: [3, 6, 7, 13, 14, 17, 24, 29, 30, 32, 33, 38, 64, 66, 67, 71, 72, 74, 83, 88, 89, 91, 92, 97, 98]
   Fitness: 35.5
     Total: 25
Violations: 2 2

Individual: [1, 2, 3, 6, 12, 14, 24, 28, 35, 39, 41, 44, 52, 59, 61, 71, 73, 84, 88, 89, 91, 96, 97, 99, 100]
   Fitness: 34.5
     Total: 25
Violations: 3 3

Individual: [2, 4, 10, 12, 13, 15, 21, 25, 31, 33, 34, 36, 44, 71, 72, 74, 79, 80, 82, 90, 91, 94, 96, 97, 99]
   Fitness: 35.5
     Total: 25
Violations: 2 2
