10
100
-51.0 -227.218
-30.5 -116.642
-18.0 -66.228
4.0 -38.038
5.0 -19.858
14.0 -6.752
18.0 0.88
20.5 5.822
24.5 11.87
25.5 16.204
26.5 19.48
27.5 22.284
28.0 23.998
29.5 24.886
30.0 25.612
31.0 26.496
31.5 27.458
33.0 27.938
33.5 28.834
34.0 29.256
34.5 30.058
35.0 30.796
35.5 31.258
35.5 31.654
35.5 32.428
35.5 32.962
35.5 33.206
35.5 32.706
35.5 33.016
35.5 32.898
35.5 32.49
35.5 33.27
35.5 33.192
35.5 33.002
35.5 33.066
35.5 33.524
35.5 33.106
35.5 33.172
35.5 33.256
35.5 33.086
35.5 32.982
35.5 32.974
35.5 32.996
35.5 32.896
35.5 32.84
35.5 33.108
35.5 33.088
35.5 33.146
35.5 32.844
35.5 33.306
35.5 33.094
35.5 33.064
35.5 33.386
35.5 33.22
35.5 32.836
35.5 32.874
35.5 32.942
35.5 33.28
35.5 33.402
35.5 32.918
35.5 32.694
35.5 33.132
35.5 33.41
35.5 33.126
35.5 33.112
35.5 33.046
35.5 32.77
35.5 32.882
35.5 33.112
35.5 33.03
35.5 33.264
35.5 32.908
35.5 33.028
35.5 33.09
35.5 33.056
35.5 32.756
35.5 33.158
35.5 33.298
35.5 32.69
35.5 32.976
35.5 32.884
35.5 32.91
35.5 32.776
35.5 32.95
35.5 33.182
35.5 32.746
35.5 33.334
35.5 32.856
35.5 33.152
35.5 33.262
35.5 33.0
35.5 32.554
35.5 33.04
35.5 32.946
35.5 33.2
35.5 32.758
35.5 33.03
35.5 33.226
35.5 32.944
35.5 33.0
100
-49.5 -229.89
-32.0 -121.068
-7.5 -68.842
12.0 -37.726
14.5 -16.9
16.0 -3.812
17.5 5.718
21.0 11.406
24.0 14.222
24.0 16.922
24.5 17.788
27.5 19.43
28.0 21.036
30.0 22.178
32.5 24.606
32.5 26.548
32.5 27.846
34.0 28.868
34.0 29.94
34.0 30.38
34.5 30.604
34.5 31.112
34.5 31.476
35.0 31.81
35.0 31.514
35.0 32.066
35.0 31.896
35.0 32.468
35.5 32.374
35.5 32.872
35.5 32.452
35.5 32.37
35.5 33.026
35.5 32.56
35.5 32.356
35.5 33.0
35.5 32.826
35.5 32.722
35.5 32.56
35.5 32.8
35.5 32.622
35.5 32.562
35.5 32.59
35.5 32.918
35.5 32.65
35.5 33.076
35.5 32.778
35.5 32.846
35.5 33.15
35.5 33.054
35.5 32.924
35.5 32.94
35.5 32.834
35.5 32.504
35.5 33.096
35.5 33.076
35.5 32.498
35.5 32.636
35.5 32.632
35.5 32.992
35.5 32.95
35.5 32.736
35.5 32.642
35.5 32.872
35.5 32.46
35.5 33.232
35.5 32.866
35.5 32.832
35.5 32.608
35.5 32.586
35.5 32.768
35.5 32.652
35.5 33.052
35.5 33.124
35.5 32.494
35.5 32.59
35.5 32.984
35.5 32.84
35.5 33.104
35.5 32.982
35.5 32.736
35.5 32.666
35.5 32.808
35.5 32.872
35.5 32.588
35.5 32.806
35.5 32.38
35.5 32.534
35.5 32.82
35.5 32.9
35.5 32.678
35.5 33.538
35.5 33.18
35.5 32.844
35.5 32.906
35.5 32.374
35.5 32.826
35.5 32.548
35.5 32.588
35.5 32.628
100
-62.0 -229.94
-42.0 -122.032
-14.0 -71.452
-2.5 -41.308
17.0 -22.714
17.0 -9.862
22.5 3.344
22.5 12.902
25.0 16.716
25.0 19.196
28.0 20.65
29.0 22.344
29.5 23.446
30.5 24.65
30.5 25.942
31.5 26.954
31.5 27.69
31.5 28.156
32.5 28.492
32.5 28.956
33.0 29.054
34.0 29.908
34.0 30.402
34.0 30.684
34.0 30.974
34.0 31.318
34.0 31.024
34.5 31.484
34.5 31.584
34.5 31.934
34.5 31.514
34.5 31.39
34.5 31.782
34.5 31.894
34.5 31.552
34.5 31.544
34.5 31.732
34.5 31.658
34.5 32.042
34.5 31.834
34.5 32.214
34.5 31.992
34.5 31.694
34.5 31.632
34.5 32.056
34.5 31.83
34.5 31.762
34.5 31.802
34.5 31.89
34.5 31.64
34.5 31.684
34.5 31.972
34.5 31.66
34.5 32.074
34.5 31.89
34.5 31.912
34.5 31.95
34.5 31.914
34.5 31.878
34.5 31.816
34.5 31.93
34.5 31.932
34.5 31.46
34.5 31.952
34.5 31.888
34.5 31.856
34.5 32.004
34.5 31.854
34.5 31.72
34.5 32.024
34.5 31.636
34.5 31.946
34.5 31.616
34.5 31.878
34.5 31.954
34.5 31.886
34.5 31.894
34.5 31.738
34.5 31.486
34.5 32.082
34.5 31.678
34.5 31.814
34.5 31.486
34.5 31.102
34.5 31.678
34.5 31.974
34.5 31.582
34.5 31.93
34.5 31.582
34.5 31.782
34.5 31.7
34.5 31.54
34.5 31.918
34.5 31.638
34.5 31.926
34.5 31.688
34.5 31.564
34.5 31.756
34.5 31.582
34.5 31.834
100
-59.0 -223.42
-44.0 -119.57
-10.0 -68.21
0.0 -38.322
8.0 -17.166
13.0 -4.124
18.5 2.842
21.5 9.042
23.0 13.518
24.0 16.178
25.5 19.256
26.0 21.616
27.5 22.95
29.0 24.34
29.5 25.224
30.5 26.446
32.0 26.876
32.0 28.024
32.0 28.884
32.5 29.23
33.0 29.742
33.5 29.966
33.5 30.162
33.5 30.596
33.5 30.804
33.5 30.528
34.0 30.948
34.0 31.06
34.0 31.204
34.5 30.666
34.5 30.832
34.5 30.934
34.5 31.242
34.5 31.468
35.0 31.612
35.0 31.586
35.0 32.05
35.0 31.524
35.0 32.28
35.5 32.742
35.5 32.278
35.5 32.54
35.5 32.57
35.5 32.8
36.0 32.892
36.0 32.886
36.0 33.066
36.0 32.996
36.0 33.13
36.0 33.306
36.0 33.208
36.0 33.428
36.0 33.404
36.0 33.432
36.0 33.752
36.0 33.368
36.0 33.252
36.0 33.382
36.0 33.172
36.0 33.182
36.0 33.09
36.0 33.372
36.0 33.236
36.0 33.272
36.0 33.804
36.0 32.868
36.0 33.114
36.0 33.358
36.0 33.372
36.0 33.31
36.0 33.28
36.0 33.21
36.0 33.43
36.0 32.84
36.0 33.156
36.0 32.798
36.0 33.352
36.0 33.36
36.0 33.518
36.0 33.524
36.0 33.64
36.0 33.734
36.0 33.556
36.0 33.564
36.0 33.668
36.0 33.296
36.0 33.172
36.0 33.312
36.0 32.668
36.0 32.912
36.0 33.618
36.0 33.26
36.0 33.328
36.0 33.264
36.0 33.298
36.0 33.312
36.0 33.286
36.0 33.502
36.0 33.23
36.0 33.586
100
-71.5 -231.206
-23.0 -129.202
-12.0 -79.06
-1.5 -46.034
6.0 -23.95
14.5 -9.568
17.5 0.062
20.5 7.552
23.0 13.37
23.0 16.52
23.5 18.094
24.5 19.676
25.5 20.414
27.0 21.86
27.5 22.55
27.5 23.098
28.0 23.614
29.0 23.998
29.0 23.984
30.0 25.212
30.5 25.334
30.5 26.762
31.0 27.386
31.0 27.604
31.5 27.622
31.5 28.28
31.5 28.504
31.5 28.828
32.5 28.614
32.5 29.15
32.5 29.316
33.0 29.28
33.0 29.66
33.0 30.0
33.5 30.188
34.0 30.192
34.0 30.908
34.0 30.896
34.0 31.044
34.0 31.1
34.0 31.462
34.0 31.704
34.0 30.982
34.0 31.288
34.0 31.45
34.0 31.362
34.0 31.39
34.0 31.138
34.0 31.698
34.0 31.376
34.0 31.556
34.0 31.29
34.0 31.208
34.0 31.58
34.0 31.494
34.0 31.422
34.0 31.814
34.0 31.194
34.0 31.44
34.0 31.576
34.0 31.014
34.0 31.256
34.0 31.324
34.0 31.546
34.0 31.232
34.0 31.318
34.0 31.456
34.0 31.434
34.0 31.632
34.0 31.632
34.0 31.512
34.0 31.718
34.0 31.802
34.0 31.38
34.0 31.558
34.0 31.526
34.0 31.27
34.0 31.72
34.0 31.648
34.0 31.494
34.0 31.584
34.0 31.364
34.0 31.726
34.0 31.454
34.0 31.658
34.0 31.326
34.0 31.25
34.0 31.206
34.0 31.238
34.0 31.542
34.0 31.446
34.0 31.526
35.0 31.386
35.0 31.774
35.0 31.858
35.0 31.618
35.5 32.314
35.5 32.054
35.5 32.222
35.5 32.182
100
-65.0 -234.686
-47.5 -127.22
-15.0 -84.72
9.0 -47.45
15.0 -20.412
16.0 -3.54
18.5 7.612
21.5 12.776
22.5 16.572
25.0 18.092
25.0 19.216
25.0 20.632
27.0 21.536
28.0 22.834
29.0 24.19
31.0 25.03
31.5 26.078
31.5 26.854
32.5 27.546
32.5 28.458
33.0 28.888
34.0 29.478
34.0 29.542
34.5 29.56
34.5 29.848
35.0 30.514
35.0 30.8
35.0 31.43
35.0 31.806
35.5 32.312
35.5 32.214
35.5 32.96
36.0 32.624
36.0 32.398
36.5 33.162
36.5 33.512
37.0 33.702
37.0 33.67
37.0 34.032
37.0 33.848
37.0 34.508
37.0 34.304
37.0 34.24
37.0 34.236
37.0 34.076
37.0 34.25
37.0 33.956
37.0 34.212
37.0 33.96
37.0 34.21
37.0 33.77
37.0 34.29
37.0 34.116
37.0 34.492
37.0 34.232
37.0 34.41
37.0 34.138
37.0 34.664
37.0 34.348
37.0 34.034
37.0 34.274
37.0 34.378
37.0 34.232
37.0 34.304
37.0 34.14
37.0 34.392
37.0 34.09
37.0 34.224
37.0 34.348
37.0 34.366
37.0 34.452
37.0 34.316
37.0 34.094
37.0 34.218
37.0 34.058
37.0 34.23
37.0 34.258
37.0 33.796
37.0 34.076
37.0 34.106
37.0 33.744
37.0 34.592
37.0 34.502
37.0 34.634
37.0 33.998
37.0 34.23
37.0 34.292
37.0 34.316
37.0 34.274
37.0 34.456
37.0 34.208
37.0 34.25
37.0 34.56
37.0 34.542
37.0 34.42
37.0 34.512
37.0 34.388
37.0 34.404
37.0 34.576
37.0 34.3
100
-45.5 -229.84
-19.5 -119.576
-10.0 -63.748
1.5 -31.224
8.5 -15.11
19.5 -3.534
21.5 5.402
22.0 12.012
23.5 16.442
24.5 19.092
26.0 20.124
28.0 21.33
29.0 23.044
30.0 24.11
30.0 25.19
31.5 25.816
31.5 27.132
32.0 27.97
32.5 28.38
34.0 29.234
34.0 29.716
34.0 30.254
34.0 30.464
34.0 31.41
34.5 31.724
34.5 31.96
34.5 31.658
34.5 31.902
34.5 32.126
34.5 32.406
34.5 32.316
34.5 32.156
34.5 32.202
34.5 32.306
34.5 32.554
34.5 32.238
34.5 32.306
34.5 32.782
34.5 32.348
34.5 32.368
34.5 32.654
34.5 32.342
34.5 32.232
34.5 32.26
34.5 32.26
34.5 32.54
34.5 32.218
34.5 32.41
34.5 32.356
34.5 32.522
34.5 32.3
34.5 32.308
34.5 32.398
34.5 32.638
34.5 32.378
34.5 32.332
34.5 32.604
34.5 32.162
34.5 32.478
34.5 32.566
34.5 32.424
34.5 32.37
34.5 32.336
34.5 32.406
34.5 32.732
34.5 32.148
34.5 32.236
34.5 32.252
34.5 32.448
34.5 32.236
34.5 32.264
34.5 32.548
34.5 32.192
34.5 32.212
34.5 32.45
34.5 32.38
34.5 32.192
34.5 32.426
34.5 32.306
34.5 32.482
34.5 32.228
34.5 32.378
34.5 32.098
34.5 32.44
34.5 32.48
34.5 32.564
34.5 32.688
34.5 32.208
34.5 32.53
34.5 32.256
34.5 32.294
34.5 32.688
34.5 32.518
35.0 32.598
35.0 32.764
35.0 32.442
35.0 32.348
35.0 32.374
35.0 32.552
35.0 32.824
100
-30.0 -233.42
-30.0 -115.846
-14.5 -63.976
4.5 -38.352
9.5 -19.33
15.0 -4.844
22.0 3.154
22.5 10.872
23.5 16.846
25.0 19.812
26.5 21.362
27.5 22.274
28.5 23.474
29.0 24.388
30.5 25.38
30.5 26.452
30.5 27.166
31.0 27.91
31.0 28.502
31.5 28.986
32.0 29.132
32.0 29.4
32.5 29.234
32.5 29.494
33.0 29.596
33.0 30.014
33.5 30.358
34.0 30.554
34.0 30.442
34.0 30.822
34.5 30.83
34.5 30.766
34.5 31.244
35.0 31.554
35.0 31.568
35.0 31.692
35.0 31.25
35.0 31.518
35.0 31.714
35.0 32.376
35.0 31.772
35.0 32.162
35.0 32.724
35.0 32.2
35.0 32.35
35.0 32.32
35.0 32.542
35.0 32.432
35.0 32.26
35.0 32.464
35.0 32.226
35.0 32.082
35.0 32.224
35.0 32.202
35.0 32.254
35.0 32.232
35.0 32.38
35.0 32.202
35.0 32.512
35.0 32.216
35.0 32.48
35.0 31.964
35.0 32.212
35.0 32.43
35.0 32.4
35.0 32.172
35.0 32.244
35.0 32.272
35.0 32.198
35.0 32.08
35.0 32.422
35.0 32.448
35.0 32.326
35.0 32.118
35.0 32.264
35.0 31.528
35.0 32.298
35.0 32.548
35.0 32.2
35.0 31.864
35.0 32.318
35.0 32.272
35.0 32.592
35.0 31.99
35.0 32.324
35.0 32.602
35.0 31.986
35.0 32.748
35.0 32.356
35.0 32.352
35.0 32.262
35.0 32.044
35.0 32.208
35.0 32.042
35.0 32.204
35.0 32.396
35.0 32.026
35.0 32.128
35.0 32.372
35.0 32.168
100
-51.5 -225.728
-20.0 -118.378
-6.5 -59.438
1.0 -29.28
11.0 -14.4
14.0 -2.756
19.5 4.616
21.0 12.004
23.0 15.178
25.5 17.638
25.5 18.836
28.0 20.27
29.5 21.668
29.5 23.058
30.0 24.824
30.0 25.408
30.0 25.878
31.5 25.832
31.5 27.014
33.0 27.392
33.0 28.172
33.5 28.756
33.5 29.652
33.5 30.29
33.5 30.94
33.5 30.698
33.5 31.042
33.5 31.022
33.5 30.95
33.5 31.332
33.5 31.192
33.5 31.122
33.5 30.856
33.5 31.168
33.5 30.838
34.0 30.808
34.0 31.138
34.0 30.656
34.0 30.886
34.0 31.064
34.0 30.804
34.5 31.4
34.5 31.122
35.0 31.49
35.0 31.278
35.5 31.966
35.5 32.03
35.5 32.21
35.5 32.688
35.5 32.756
35.5 32.878
35.5 32.856
35.5 33.184
35.5 33.036
35.5 32.878
35.5 32.806
35.5 32.968
35.5 32.888
35.5 32.976
35.5 32.926
35.5 32.466
35.5 32.5
35.5 32.734
35.5 32.738
35.5 33.062
35.5 32.572
35.5 32.942
35.5 33.026
35.5 32.896
35.5 33.088
35.5 32.862
35.5 32.78
35.5 32.884
35.5 32.898
35.5 32.34
35.5 32.906
35.5 32.594
35.5 32.798
35.5 32.972
35.5 32.762
35.5 32.996
35.5 32.894
35.5 32.55
35.5 32.752
35.5 32.748
35.5 33.232
35.5 32.994
35.5 32.98
35.5 32.676
35.5 33.012
35.5 32.63
35.5 33.188
35.5 33.128
35.5 32.882
35.5 32.87
35.5 32.75
35.5 33.064
35.5 33.39
35.5 32.804
35.5 32.76
100
-56.5 -221.468
-32.0 -131.992
-14.5 -79.61
-0.5 -47.818
6.5 -24.698
11.5 -8.528
16.5 1.778
20.5 7.57
21.5 12.312
26.0 15.164
26.0 17.712
26.5 19.756
28.0 22.136
29.0 23.836
29.5 24.596
30.0 24.988
30.5 26.42
31.5 26.966
31.5 27.3
31.5 27.908
34.0 28.786
34.0 29.046
34.0 29.732
34.5 30.448
34.5 30.754
34.5 31.35
35.0 31.302
35.0 31.068
35.0 32.11
35.5 31.644
35.5 32.136
35.5 32.298
35.5 32.116
35.5 32.48
35.5 32.468
35.5 32.892
35.5 32.394
35.5 32.414
35.5 32.682
35.5 32.51
35.5 32.142
35.5 32.37
35.5 32.64
35.5 32.02
35.5 32.488
35.5 32.824
35.5 32.678
35.5 32.55
35.5 32.658
35.5 32.734
35.5 32.694
35.5 32.604
35.5 32.564
35.5 32.87
35.5 32.788
35.5 32.522
35.5 32.65
35.5 32.54
35.5 32.724
35.5 32.264
35.5 32.468
35.5 32.63
35.5 32.712
35.5 32.118
35.5 32.536
35.5 32.628
35.5 32.756
35.5 32.908
35.5 32.378
35.5 32.504
35.5 32.764
35.5 32.518
35.5 32.812
35.5 32.54
35.5 32.522
35.5 32.602
35.5 32.352
35.5 32.334
35.5 32.482
35.5 32.708
35.5 32.772
35.5 32.504
35.5 32.408
35.5 32.88
35.5 32.542
35.5 32.652
35.5 32.952
35.5 32.492
35.5 32.486
35.5 32.272
35.5 32.25
35.5 33.108
35.5 32.66
35.5 32.336
35.5 32.098
35.5 32.924
35.5 32.584
35.5 32.216
35.5 32.578
35.5 32.658

Individual: [4, 6, 7, 9, 13, 15, 16, 27, 28, 31, 33, 36, 37, 69, 71, 72, 77, 78, 80, 90, 92, 93, 97, 98, 99]
   Fitness: 35.5
     Total: 25
Violations: 2 2

Individual: [3, 6, 8, 10, 11, 15, 21, 25, 26, 30, 33, 38, 48, 59, 64, 67, 72, 76, 78, 81, 87, 91, 94, 99, 100]
   Fitness: 35.5
     Total: 25
Violations: 2 2

Individual: [1, 5, 10, 11, 13, 17, 18, 26, 30, 32, 40, 44, 61, 65, 66, 68, 72, 74, 81, 84, 86, 89, 93, 95, 99]
   Fitness: 34.5
     Total: 25
Violations: 3 3

Individual: [2, 3, 6, 8, 12, 14, 17, 23, 24, 30, 33, 35, 39, 41, 71, 73, 78, 81, 82, 87, 88, 90, 96, 97, 99, 100]
   Fitness: 36.0
     Total: 26
Violations: 3 3

Individual: [3, 6, 10, 13, 15, 22, 27, 28, 33, 36, 37, 40, 42, 49, 72, 73, 75, 79, 80, 84, 90, 91, 93, 94, 99, 100]
   Fitness: 36.0
     Total: 26
Violations: 3 3

Individual: [1, 3, 4, 8, 9, 11, 24, 26, 27, 29, 33, 35, 36, 56, 70, 73, 74, 80, 81, 84, 91, 93, 96, 97, 99, 100]
   Fitness: 37.0
     Total: 26
Violations: 2 2

Individual: [2, 4, 5, 9, 11, 12, 21, 25, 26, 27, 36, 56, 59, 64, 66, 74, 75, 80, 83, 88, 90, 95, 98, 99]
   Fitness: 35.0
     Total: 24
Violations: 1 1

Individual: [1, 2, 6, 8, 12, 19, 20, 24, 25, 27, 31, 33, 59, 63, 71, 73, 74, 78, 79, 81, 86, 90, 92, 96, 97, 100]
   Fitness: 35.0
     Total: 26
Violations: 4 4

Individual: [1, 2, 9, 10, 13, 21, 23, 26, 27, 30, 35, 38, 48, 56, 71, 72, 76, 79, 80, 83, 92, 93, 97, 98, 100]
   Fitness: 35.5
     Total: 25
Violations: 2 2

Individual: [6, 7, 10, 12, 20, 21, 23, 24, 29, 31, 43, 47, 59, 61, 67, 68, 69, 78, 81, 83, 85, 86, 90, 96, 100]
   Fitness: 35.5
     Total: 25
Violations: 2 2
