10
500
-9.0 -229.873
-9.0 -199.612
-9.0 -217.911
-9.0 -206.675
-9.0 -220.242
-9.0 -208.333
-9.0 -203.51
-9.0 -198.688
-9.0 -195.456
-9.0 -221.514
-9.0 -203.779
-9.0 -204.032
-9.0 -197.539
-9.0 -218.269
-9.0 -213.705
-9.0 -203.2
-9.0 -214.434
-9.0 -181.67
-9.0 -208.496
-9.0 -213.093
-9.0 -204.08
-9.0 -195.522
-9.0 -205.622
-9.0 -189.344
-9.0 -196.246
-9.0 -171.441
-7.0 -181.667
-7.0 -195.769
-7.0 -202.663
-7.0 -194.93
-7.0 -198.838
-7.0 -191.812
-7.0 -207.517
-7.0 -204.418
-7.0 -208.492
-7.0 -201.772
-7.0 -192.903
-7.0 -206.574
-7.0 -201.069
2.5 -206.573
2.5 -191.257
2.5 -197.147
2.5 -191.934
2.5 -190.596
2.5 -195.878
2.5 -206.936
2.5 -200.535
2.5 -185.16
2.5 -204.492
2.5 -200.432
2.5 -175.968
2.5 -193.161
2.5 -189.987
2.5 -214.164
2.5 -217.397
2.5 -217.628
2.5 -190.065
2.5 -193.277
2.5 -182.889
2.5 -194.756
2.5 -194.541
2.5 -188.648
2.5 -200.437
2.5 -199.05
2.5 -197.237
2.5 -209.49
2.5 -186.32
2.5 -205.529
2.5 -196.089
2.5 -184.74
2.5 -203.353
2.5 -205.357
2.5 -208.016
2.5 -193.529
2.5 -212.368
2.5 -187.328
2.5 -210.694
2.5 -190.552
2.5 -203.341
2.5 -202.093
2.5 -190.558
4.5 -187.37
4.5 -194.051
4.5 -196.527
4.5 -192.356
4.5 -186.903
7.5 -187.456
7.5 -185.594
7.5 -192.825
7.5 -215.017
7.5 -191.641
7.5 -190.134
7.5 -207.273
7.5 -197.694
7.5 -204.188
7.5 -202.045
7.5 -191.718
7.5 -193.23
7.5 -191.462
7.5 -214.488
7.5 -203.336
7.5 -199.357
7.5 -192.797
7.5 -190.87
7.5 -202.148
7.5 -186.422
7.5 -201.922
7.5 -201.027
7.5 -183.809
7.5 -194.633
7.5 -181.98
7.5 -196.699
7.5 -187.028
7.5 -187.241
7.5 -202.48
7.5 -198.265
7.5 -181.65
7.5 -194.217
7.5 -204.347
7.5 -195.856
7.5 -205.125
7.5 -178.057
7.5 -187.794
7.5 -202.447
7.5 -192.055
7.5 -192.208
7.5 -191.434
7.5 -195.314
7.5 -194.693
7.5 -195.396
7.5 -198.409
7.5 -194.021
7.5 -193.23
7.5 -198.212
7.5 -199.275
7.5 -203.49
7.5 -194.817
7.5 -191.073
7.5 -195.737
7.5 -190.634
7.5 -196.35
7.5 -190.83
7.5 -191.605
7.5 -184.742
7.5 -204.021
7.5 -187.798
7.5 -198.308
7.5 -201.807
7.5 -202.472
7.5 -201.855
7.5 -189.342
7.5 -200.337
7.5 -193.053
7.5 -204.681
7.5 -211.788
7.5 -206.267
7.5 -194.579
7.5 -181.032
7.5 -194.949
7.5 -196.242
7.5 -182.669
7.5 -211.255
7.5 -189.318
7.5 -196.933
7.5 -205.198
7.5 -213.744
7.5 -187.244
7.5 -193.258
7.5 -217.798
7.5 -209.303
7.5 -193.767
7.5 -206.35
7.5 -212.289
7.5 -188.988
7.5 -192.357
7.5 -193.079
7.5 -182.23
7.5 -188.924
7.5 -192.605
7.5 -199.319
7.5 -186.866
7.5 -188.645
7.5 -200.424
7.5 -192.203
7.5 -196.766
7.5 -197.4
7.5 -183.223
7.5 -191.722
7.5 -210.561
7.5 -201.523
12.5 -204.749
12.5 -197.09
12.5 -189.767
12.5 -204.608
12.5 -178.438
12.5 -157.067
12.5 -188.635
12.5 -190.108
12.5 -198.776
12.5 -179.288
12.5 -195.289
12.5 -189.283
12.5 -189.273
12.5 -182.25
12.5 -194.346
12.5 -193.135
12.5 -194.3
12.5 -179.968
12.5 -187.38
12.5 -199.852
12.5 -186.637
12.5 -191.883
12.5 -189.149
12.5 -198.9
12.5 -195.12
12.5 -203.14
12.5 -171.675
12.5 -186.898
12.5 -191.627
12.5 -202.104
12.5 -193.975
12.5 -199.783
12.5 -195.584
12.5 -201.527
12.5 -192.682
12.5 -202.093
12.5 -195.98
12.5 -191.951
12.5 -206.952
12.5 -219.518
12.5 -199.891
12.5 -195.763
12.5 -195.228
12.5 -188.179
12.5 -207.447
12.5 -210.624
12.5 -188.903
12.5 -186.585
12.5 -194.808
12.5 -202.179
12.5 -195.769
12.5 -199.014
12.5 -192.898
12.5 -197.776
12.5 -206.633
12.5 -198.122
12.5 -198.1
12.5 -188.309
12.5 -188.401
12.5 -202.128
12.5 -195.654
12.5 -195.775
12.5 -202.26
12.5 -188.843
12.5 -188.694
12.5 -189.624
12.5 -197.015
12.5 -204.367
12.5 -200.287
12.5 -188.813
12.5 -196.288
12.5 -188.552
12.5 -200.517
12.5 -188.153
12.5 -189.292
12.5 -169.939
12.5 -174.234
12.5 -197.057
12.5 -184.519
12.5 -190.39
12.5 -205.867
12.5 -192.988
12.5 -190.258
12.5 -193.477
12.5 -200.082
12.5 -198.496
12.5 -195.822
12.5 -191.056
12.5 -190.702
12.5 -195.751
12.5 -185.619
12.5 -184.649
12.5 -207.381
12.5 -194.555
12.5 -210.721
12.5 -193.329
12.5 -196.26
12.5 -190.587
12.5 -204.799
12.5 -193.746
12.5 -204.499
12.5 -204.108
12.5 -203.052
12.5 -192.569
12.5 -204.014
12.5 -200.239
12.5 -190.749
12.5 -184.648
12.5 -174.37
12.5 -192.137
12.5 -198.387
12.5 -195.279
12.5 -184.173
16.0 -183.109
16.0 -198.768
16.0 -191.908
16.0 -193.191
16.0 -197.716
16.0 -195.964
16.0 -219.771
16.0 -184.747
16.0 -188.621
16.0 -177.105
16.0 -196.259
16.0 -201.842
16.0 -189.642
16.0 -192.383
16.0 -181.528
16.0 -184.632
16.0 -202.889
16.0 -189.285
16.0 -197.624
16.0 -185.325
16.0 -202.699
16.0 -199.857
16.0 -191.839
16.0 -202.521
16.0 -188.666
16.0 -185.887
16.0 -183.817
16.0 -197.515
16.0 -208.215
16.0 -203.999
16.0 -205.837
16.0 -200.693
16.0 -195.487
16.0 -187.009
16.0 -200.531
16.0 -193.13
16.0 -189.249
16.0 -184.389
16.0 -184.79
16.0 -205.112
16.0 -188.684
16.0 -197.682
16.0 -205.545
16.0 -174.39
16.0 -206.692
16.0 -204.015
16.0 -196.122
16.0 -201.908
16.0 -195.876
16.0 -183.635
16.0 -183.54
16.0 -184.766
16.0 -199.002
16.0 -195.559
16.0 -203.756
16.0 -193.951
16.0 -192.133
16.0 -198.671
16.0 -188.385
16.0 -202.411
16.0 -193.815
16.0 -213.278
16.0 -210.851
16.0 -182.714
16.0 -187.302
16.0 -216.982
16.0 -182.962
16.0 -197.0
16.0 -178.48
16.0 -202.531
16.0 -195.438
16.0 -193.915
16.0 -208.059
16.0 -189.709
16.0 -196.269
16.0 -197.035
16.0 -198.424
16.0 -192.67
16.0 -190.767
16.0 -209.461
16.0 -213.522
16.0 -181.925
16.0 -200.635
16.0 -196.747
16.0 -206.01
16.0 -206.831
16.0 -187.822
16.0 -192.005
16.0 -199.685
16.0 -184.498
16.0 -195.289
16.0 -189.519
16.0 -184.914
16.0 -198.52
16.0 -190.87
16.0 -208.368
16.0 -172.725
16.0 -192.144
16.0 -176.681
16.0 -178.664
16.0 -191.93
16.0 -193.781
16.0 -191.314
16.0 -189.201
16.0 -195.034
16.0 -197.066
16.0 -185.695
16.0 -209.877
16.0 -200.886
16.0 -185.19
16.0 -186.946
16.0 -207.964
16.0 -179.832
16.0 -211.026
16.0 -205.912
16.0 -194.764
16.0 -205.784
16.0 -219.024
16.0 -195.284
16.0 -196.577
16.0 -182.397
16.0 -206.829
16.0 -182.935
16.0 -195.975
16.0 -188.04
16.0 -193.857
16.0 -185.454
16.0 -200.359
16.0 -195.621
16.0 -205.385
16.0 -194.557
16.0 -193.617
16.0 -194.824
16.0 -184.052
16.0 -183.963
16.0 -197.264
16.0 -207.629
16.0 -199.425
16.0 -200.187
16.0 -192.464
16.0 -190.861
16.0 -189.099
16.0 -198.674
16.0 -201.739
16.0 -208.269
16.0 -191.7
16.0 -190.067
16.0 -198.078
16.0 -214.072
16.0 -194.486
16.0 -210.887
16.0 -189.269
16.0 -201.637
16.0 -198.517
16.0 -190.34
16.0 -205.264
16.0 -205.338
16.0 -198.135
16.0 -186.063
16.0 -195.711
16.0 -202.855
16.0 -195.057
16.0 -208.541
16.0 -192.996
16.0 -196.504
16.0 -193.7
16.0 -201.26
16.0 -201.594
16.0 -205.873
16.0 -194.996
16.0 -194.044
16.0 -195.881
16.0 -206.357
16.0 -197.595
16.0 -196.933
16.0 -193.826
16.0 -189.494
16.0 -213.543
16.0 -189.448
16.0 -191.977
16.0 -199.888
16.0 -192.123
16.0 -193.587
16.0 -197.0
16.0 -179.934
16.0 -189.213
16.0 -185.594
16.0 -197.714
16.0 -201.492
16.0 -196.942
16.0 -192.81
16.0 -225.078
16.0 -194.938
16.0 -183.527
16.0 -198.808
16.0 -197.404
16.0 -197.092
500
-37.0 -224.173
-30.5 -218.294
-30.5 -210.076
-30.5 -206.215
-19.5 -200.246
-19.5 -177.138
-19.5 -190.105
-19.5 -203.418
-19.5 -206.244
-19.5 -206.392
-19.5 -191.48
-19.5 -184.58
-0.5 -196.984
-0.5 -202.0
-0.5 -193.221
-0.5 -205.806
-0.5 -191.612
-0.5 -194.931
-0.5 -191.739
-0.5 -178.995
-0.5 -198.142
-0.5 -190.153
-0.5 -202.127
-0.5 -207.049
-0.5 -200.966
-0.5 -197.976
-0.5 -202.719
-0.5 -204.664
-0.5 -191.405
-0.5 -196.35
-0.5 -219.18
-0.5 -196.104
-0.5 -198.857
-0.5 -182.762
-0.5 -191.253
-0.5 -199.903
-0.5 -200.259
-0.5 -188.58
-0.5 -195.433
-0.5 -204.416
-0.5 -193.287
-0.5 -191.673
-0.5 -211.598
-0.5 -196.714
-0.5 -203.86
-0.5 -183.965
-0.5 -192.538
-0.5 -208.729
-0.5 -185.364
-0.5 -186.979
-0.5 -192.563
-0.5 -197.182
-0.5 -201.279
-0.5 -203.661
-0.5 -188.718
-0.5 -202.707
-0.5 -200.81
-0.5 -188.394
-0.5 -213.609
-0.5 -204.864
-0.5 -200.628
-0.5 -195.191
-0.5 -212.308
-0.5 -215.294
-0.5 -206.206
-0.5 -198.585
-0.5 -192.836
-0.5 -215.353
-0.5 -192.128
-0.5 -200.075
-0.5 -202.996
-0.5 -199.861
-0.5 -200.607
-0.5 -200.751
-0.5 -200.406
-0.5 -191.176
-0.5 -184.541
-0.5 -200.214
-0.5 -190.273
-0.5 -195.197
-0.5 -203.577
-0.5 -194.45
-0.5 -192.734
-0.5 -194.745
-0.5 -203.42
-0.5 -197.218
-0.5 -196.613
-0.5 -196.025
-0.5 -184.133
3.0 -197.731
3.0 -195.973
3.0 -206.39
3.0 -199.764
3.0 -208.404
3.0 -203.618
3.0 -189.829
3.0 -196.452
3.0 -201.829
3.0 -209.266
3.0 -195.606
3.0 -199.89
3.0 -202.686
3.0 -189.315
3.0 -190.49
3.0 -187.051
3.0 -205.528
3.0 -211.583
3.0 -198.645
3.0 -194.828
3.0 -179.297
3.0 -203.934
3.0 -196.9
3.0 -202.496
3.0 -193.133
3.0 -201.062
3.0 -192.495
3.0 -186.409
3.0 -193.347
3.0 -204.346
3.0 -188.876
3.0 -202.843
3.0 -183.901
3.0 -196.962
3.0 -197.219
3.0 -202.668
3.0 -184.311
3.0 -199.899
3.0 -193.233
3.0 -185.67
3.0 -204.398
3.0 -208.144
3.0 -194.88
3.0 -197.026
3.0 -194.424
3.0 -186.501
3.0 -191.591
3.0 -210.075
3.0 -209.041
3.0 -178.895
3.0 -188.304
3.0 -189.566
3.0 -218.101
3.0 -191.253
3.0 -196.735
3.0 -206.285
3.0 -211.128
3.0 -203.515
3.0 -194.975
3.0 -193.197
3.0 -195.289
3.0 -196.853
3.0 -196.602
3.0 -193.469
3.0 -196.913
3.0 -184.751
3.0 -209.74
3.0 -196.25
3.0 -197.282
3.0 -196.142
3.0 -203.896
3.0 -201.119
3.0 -188.357
3.0 -198.999
3.0 -192.788
3.0 -206.488
3.0 -206.402
3.0 -193.091
3.0 -200.849
3.0 -192.705
3.0 -194.432
3.0 -196.12
3.0 -199.051
3.0 -188.114
3.0 -202.139
3.0 -202.591
3.0 -193.726
3.0 -183.489
3.0 -214.82
3.0 -210.255
3.0 -199.873
3.0 -184.919
3.0 -187.872
3.0 -195.177
3.0 -191.642
3.0 -203.905
3.0 -215.211
3.0 -194.142
3.0 -193.801
3.0 -194.013
3.0 -184.245
3.0 -199.662
3.0 -197.929
3.0 -200.146
3.0 -201.972
3.0 -194.692
3.0 -190.914
3.0 -182.421
3.0 -192.431
3.0 -192.906
3.0 -207.855
3.0 -206.464
3.0 -205.801
3.0 -196.22
3.0 -200.385
3.0 -193.859
3.0 -180.267
3.0 -221.9
3.0 -200.942
3.0 -202.557
3.0 -192.85
3.0 -202.619
3.0 -188.648
3.0 -199.918
3.0 -194.988
3.0 -196.586
3.0 -184.056
3.0 -219.055
3.0 -196.264
3.0 -195.564
3.0 -181.223
3.0 -198.543
3.0 -198.064
3.0 -186.059
3.0 -199.76
3.0 -212.583
3.0 -204.204
3.0 -212.145
3.0 -196.118
3.0 -194.164
3.0 -199.624
3.0 -193.768
3.0 -220.334
3.0 -200.781
6.5 -197.817
6.5 -190.925
6.5 -192.362
6.5 -195.064
6.5 -200.349
6.5 -209.485
6.5 -188.218
6.5 -187.788
6.5 -200.346
6.5 -211.524
6.5 -188.336
6.5 -190.65
6.5 -191.792
6.5 -203.762
6.5 -199.016
6.5 -191.118
6.5 -191.004
6.5 -188.951
6.5 -186.016
6.5 -191.125
6.5 -188.899
6.5 -198.311
6.5 -196.992
6.5 -184.843
6.5 -187.904
6.5 -202.146
6.5 -190.783
6.5 -196.157
6.5 -206.783
6.5 -182.602
6.5 -211.943
6.5 -196.142
6.5 -205.294
6.5 -200.55
6.5 -209.532
6.5 -198.575
6.5 -186.128
6.5 -186.813
6.5 -214.755
6.5 -197.709
6.5 -200.002
6.5 -197.437
6.5 -194.597
6.5 -189.832
6.5 -186.292
6.5 -199.803
6.5 -196.754
6.5 -195.138
6.5 -190.433
6.5 -186.473
6.5 -187.449
6.5 -195.437
6.5 -194.642
6.5 -183.595
6.5 -203.29
6.5 -192.394
6.5 -197.546
6.5 -209.762
6.5 -196.476
6.5 -192.438
6.5 -202.599
6.5 -187.043
6.5 -193.181
6.5 -196.002
6.5 -196.658
6.5 -200.182
6.5 -194.29
6.5 -190.53
6.5 -196.987
6.5 -175.344
6.5 -187.323
6.5 -198.681
6.5 -189.62
6.5 -186.098
6.5 -220.206
6.5 -217.944
6.5 -179.868
6.5 -201.472
6.5 -191.839
6.5 -198.477
6.5 -202.943
6.5 -196.249
6.5 -196.229
6.5 -194.83
6.5 -204.939
6.5 -176.404
6.5 -182.852
6.5 -194.1
6.5 -206.574
6.5 -189.709
6.5 -192.561
6.5 -195.003
6.5 -176.824
6.5 -193.353
6.5 -206.741
6.5 -199.801
6.5 -191.368
6.5 -194.73
6.5 -179.992
6.5 -197.135
6.5 -190.89
6.5 -196.031
6.5 -192.392
6.5 -205.576
6.5 -192.291
6.5 -205.626
6.5 -198.312
6.5 -217.434
6.5 -194.124
6.5 -184.932
6.5 -205.338
6.5 -183.59
6.5 -198.323
6.5 -203.877
6.5 -198.812
6.5 -180.485
6.5 -191.975
6.5 -182.419
6.5 -159.156
6.5 -197.506
6.5 -218.276
6.5 -187.67
6.5 -197.44
6.5 -191.654
6.5 -190.865
6.5 -203.206
6.5 -203.043
6.5 -194.88
6.5 -207.401
6.5 -198.703
6.5 -210.829
6.5 -198.358
6.5 -185.509
6.5 -192.154
6.5 -188.233
6.5 -190.779
6.5 -201.082
6.5 -209.398
6.5 -192.424
6.5 -202.091
6.5 -186.786
6.5 -211.729
6.5 -198.636
6.5 -197.936
6.5 -195.165
6.5 -202.971
6.5 -194.696
6.5 -194.397
6.5 -212.13
6.5 -202.907
6.5 -206.225
6.5 -194.512
6.5 -198.344
6.5 -191.31
6.5 -202.178
6.5 -191.585
6.5 -201.294
6.5 -198.076
6.5 -205.676
6.5 -206.442
6.5 -202.766
6.5 -191.164
6.5 -196.599
6.5 -210.914
6.5 -192.837
6.5 -190.853
6.5 -188.608
6.5 -203.378
6.5 -196.39
6.5 -195.248
6.5 -189.437
6.5 -202.01
6.5 -198.293
6.5 -204.398
6.5 -196.262
6.5 -175.829
6.5 -196.944
6.5 -188.494
6.5 -203.127
6.5 -212.155
6.5 -198.486
6.5 -198.557
6.5 -192.262
6.5 -199.091
6.5 -179.44
6.5 -204.12
6.5 -191.858
6.5 -196.771
6.5 -178.492
6.5 -191.303
6.5 -197.055
6.5 -198.543
6.5 -201.28
6.5 -206.018
6.5 -198.674
6.5 -206.6
6.5 -192.211
6.5 -195.66
6.5 -202.282
6.5 -182.08
6.5 -191.088
6.5 -202.532
6.5 -192.986
6.5 -205.89
6.5 -190.2
6.5 -186.011
6.5 -194.664
6.5 -214.782
6.5 -198.841
6.5 -195.066
6.5 -185.853
6.5 -204.818
6.5 -197.624
6.5 -191.942
6.5 -210.678
6.5 -216.516
6.5 -187.202
6.5 -193.13
6.5 -206.89
6.5 -192.861
6.5 -206.457
6.5 -194.189
6.5 -186.23
6.5 -190.103
6.5 -194.931
6.5 -195.084
6.5 -195.815
6.5 -191.23
6.5 -195.855
6.5 -193.395
6.5 -193.704
6.5 -185.526
6.5 -198.634
6.5 -183.858
6.5 -205.846
6.5 -183.723
6.5 -200.104
6.5 -171.755
6.5 -193.325
6.5 -193.034
6.5 -209.331
6.5 -184.061
6.5 -195.635
6.5 -196.769
6.5 -208.859
6.5 -178.352
6.5 -195.602
6.5 -194.065
6.5 -198.128
6.5 -193.972
6.5 -179.003
6.5 -197.144
6.5 -184.635
6.5 -197.406
6.5 -184.054
6.5 -200.167
6.5 -184.768
6.5 -201.645
6.5 -175.574
6.5 -198.31
6.5 -184.845
6.5 -201.733
6.5 -191.961
6.5 -202.493
6.5 -198.925
6.5 -187.574
6.5 -193.159
500
-50.0 -229.759
-50.0 -200.286
-43.0 -207.334
-37.5 -202.612
-34.0 -205.299
-34.0 -189.85
-34.0 -221.721
-34.0 -200.904
-14.0 -195.431
-14.0 -196.51
-14.0 -184.616
-14.0 -198.448
-14.0 -209.072
-14.0 -191.88
-14.0 -195.815
-14.0 -175.862
-14.0 -169.647
-9.5 -202.37
-9.5 -171.554
-9.5 -199.02
-9.5 -188.024
-9.5 -195.312
-9.5 -195.933
-9.5 -203.64
-9.5 -196.04
-9.5 -186.133
-9.5 -186.248
-9.5 -198.197
-9.5 -217.424
-9.5 -210.095
-9.5 -203.596
-9.5 -201.934
-0.5 -223.02
-0.5 -216.893
-0.5 -208.93
-0.5 -196.222
-0.5 -192.337
-0.5 -197.313
-0.5 -192.316
-0.5 -192.535
-0.5 -189.661
-0.5 -220.525
-0.5 -187.524
-0.5 -210.761
-0.5 -203.464
-0.5 -198.832
-0.5 -207.071
-0.5 -209.161
-0.5 -188.802
-0.5 -183.269
-0.5 -197.551
-0.5 -204.092
-0.5 -203.413
-0.5 -203.439
-0.5 -191.54
-0.5 -198.984
-0.5 -205.682
-0.5 -189.062
-0.5 -202.595
-0.5 -189.645
-0.5 -194.353
-0.5 -210.547
-0.5 -189.53
-0.5 -202.548
-0.5 -191.093
-0.5 -180.959
-0.5 -197.884
-0.5 -207.916
-0.5 -192.615
-0.5 -206.798
-0.5 -202.487
-0.5 -193.57
-0.5 -190.675
-0.5 -190.171
-0.5 -196.397
-0.5 -192.209
-0.5 -203.136
-0.5 -203.503
-0.5 -213.662
-0.5 -199.548
-0.5 -220.654
-0.5 -189.579
-0.5 -194.656
-0.5 -191.111
-0.5 -195.322
-0.5 -198.095
-0.5 -201.43
-0.5 -190.207
-0.5 -212.844
-0.5 -183.298
-0.5 -198.232
-0.5 -193.8
-0.5 -197.057
-0.5 -188.454
-0.5 -185.451
-0.5 -189.98
-0.5 -195.977
-0.5 -192.838
9.0 -181.28
9.0 -183.931
9.0 -193.76
9.0 -205.267
9.0 -186.697
9.0 -191.441
9.0 -183.839
9.0 -191.664
9.0 -203.965
9.0 -194.967
9.0 -192.851
9.0 -206.2
9.0 -186.205
9.0 -191.116
9.0 -191.905
9.0 -190.381
9.0 -207.257
9.0 -198.363
9.0 -179.803
9.0 -205.814
9.0 -193.85
9.0 -192.415
9.0 -187.586
9.0 -181.804
9.0 -206.623
9.0 -198.347
9.0 -198.378
9.0 -207.0
9.0 -188.766
9.0 -197.324
9.0 -217.483
9.0 -191.367
9.0 -202.276
9.0 -195.303
9.0 -198.643
9.0 -197.828
9.0 -190.59
9.0 -195.004
9.0 -189.897
9.0 -188.86
9.0 -188.38
9.0 -200.198
9.0 -194.176
9.0 -183.234
9.0 -203.128
9.0 -206.476
9.0 -204.66
9.0 -206.209
9.0 -206.514
9.0 -194.52
9.0 -192.243
9.0 -195.478
9.0 -196.279
9.0 -189.568
9.0 -203.932
9.0 -185.654
9.0 -196.147
9.0 -193.84
9.0 -201.041
9.0 -179.084
9.0 -190.049
9.0 -192.851
9.0 -186.528
9.0 -195.285
9.0 -190.929
9.0 -184.057
9.0 -189.195
9.0 -195.339
9.0 -195.817
9.0 -182.965
9.0 -189.922
9.0 -195.513
9.0 -204.428
9.0 -199.606
9.0 -192.931
9.0 -183.469
9.0 -201.853
9.0 -179.623
9.0 -192.333
9.0 -219.297
9.0 -203.882
9.0 -194.037
9.0 -185.111
9.0 -192.984
9.0 -190.995
9.0 -192.609
9.0 -221.628
9.0 -197.471
9.0 -178.501
9.0 -189.498
9.0 -195.43
9.0 -196.193
9.0 -194.751
9.0 -190.907
9.0 -189.527
9.0 -194.002
9.0 -211.506
9.0 -202.587
9.0 -189.987
9.0 -213.301
9.0 -194.324
9.0 -203.286
9.0 -190.646
9.0 -205.274
9.0 -196.001
9.0 -194.747
9.0 -189.052
9.0 -189.263
9.0 -203.049
9.0 -190.36
9.0 -215.739
9.0 -208.201
9.0 -213.13
9.0 -200.932
9.0 -184.674
9.0 -201.041
9.0 -202.257
9.0 -201.691
9.0 -207.369
9.0 -205.121
9.0 -193.591
9.0 -203.425
9.0 -204.333
9.0 -194.952
9.0 -195.511
9.0 -186.968
9.0 -187.925
9.0 -206.489
9.0 -188.875
9.0 -206.193
9.0 -191.038
9.0 -186.944
9.0 -200.711
9.0 -190.175
9.0 -204.985
9.0 -187.472
9.0 -192.229
9.0 -198.557
9.0 -197.133
9.0 -192.276
9.0 -198.016
9.0 -201.297
9.0 -183.307
9.0 -193.833
9.0 -186.93
9.0 -200.308
9.0 -200.823
9.0 -212.293
9.0 -201.194
9.0 -187.771
9.0 -192.076
9.0 -196.537
9.0 -196.605
9.0 -207.185
9.0 -204.612
9.0 -193.302
9.0 -197.648
9.0 -201.93
9.0 -202.028
9.0 -205.755
9.0 -186.644
9.0 -223.62
9.0 -198.615
9.0 -196.604
9.0 -192.198
9.0 -191.276
9.0 -204.724
9.0 -200.934
9.0 -190.584
9.0 -187.944
9.0 -194.886
9.0 -188.421
9.0 -199.436
9.0 -185.779
9.0 -193.734
9.0 -197.662
9.0 -208.598
9.0 -197.428
9.0 -183.466
9.0 -202.878
9.0 -199.222
9.0 -195.16
9.0 -194.111
9.0 -198.697
9.0 -197.978
9.0 -226.914
9.0 -186.838
9.0 -186.659
9.0 -189.062
9.0 -199.619
9.0 -206.46
9.0 -208.921
9.0 -188.121
9.0 -185.47
9.0 -188.83
9.0 -200.692
9.0 -196.788
9.0 -193.833
9.0 -191.977
9.0 -192.058
9.0 -199.41
9.0 -208.98
9.0 -202.358
9.0 -197.875
9.0 -208.877
9.0 -188.736
9.0 -180.095
9.0 -203.462
9.0 -189.282
9.0 -195.158
9.0 -199.496
9.0 -186.572
9.0 -190.859
9.0 -191.47
9.0 -207.759
9.0 -214.607
9.0 -194.223
9.0 -189.739
9.0 -194.059
9.0 -208.934
9.0 -193.695
9.0 -200.285
9.0 -177.871
9.0 -178.367
9.0 -168.27
9.0 -166.981
9.0 -185.718
9.0 -193.714
9.0 -197.553
9.0 -204.431
9.0 -207.731
9.0 -204.716
9.0 -200.715
9.0 -209.371
9.0 -194.862
9.0 -206.21
9.0 -190.608
9.0 -200.827
9.0 -200.682
9.0 -187.909
9.0 -191.744
9.0 -203.98
9.0 -211.198
9.0 -177.315
9.0 -158.901
9.0 -195.025
9.0 -221.732
9.0 -202.172
9.0 -191.411
9.0 -198.978
9.0 -190.995
9.0 -170.55
9.0 -192.74
9.0 -205.405
9.0 -202.46
9.0 -187.523
9.0 -192.763
9.0 -194.822
9.0 -178.768
9.0 -199.789
9.0 -211.777
9.0 -202.724
9.0 -187.963
9.0 -192.8
9.0 -194.71
9.0 -197.527
9.0 -191.664
9.0 -205.504
9.0 -194.507
9.0 -178.283
9.0 -193.398
9.0 -183.941
9.0 -187.215
9.0 -196.028
9.0 -197.311
9.0 -197.002
9.0 -198.638
9.0 -202.301
9.0 -191.924
9.0 -194.62
9.0 -189.188
9.0 -200.645
9.0 -202.688
9.0 -195.013
9.0 -190.469
9.0 -183.927
9.0 -185.1
9.0 -208.715
9.0 -206.872
9.0 -198.658
9.0 -198.7
9.0 -199.432
9.0 -193.206
9.0 -192.818
9.0 -192.726
9.0 -181.589
9.0 -201.254
9.0 -189.133
9.0 -198.631
9.0 -200.577
9.0 -200.475
9.0 -204.864
9.0 -177.778
9.0 -203.324
9.0 -184.209
9.0 -195.698
9.0 -201.705
9.0 -198.419
9.0 -198.859
9.0 -194.465
9.0 -203.826
9.0 -200.91
9.0 -194.056
9.0 -220.331
9.0 -197.14
9.0 -192.923
9.0 -190.814
9.0 -190.425
9.0 -184.779
9.0 -201.117
9.0 -187.774
9.0 -200.233
9.0 -198.444
9.0 -198.712
9.0 -186.963
9.0 -199.554
9.0 -191.491
9.0 -194.465
9.0 -190.401
9.0 -204.328
9.0 -191.194
9.0 -213.499
9.0 -211.122
9.0 -203.242
9.0 -182.186
9.0 -198.86
9.0 -189.479
9.0 -182.388
9.0 -195.126
9.0 -196.316
9.0 -198.416
9.0 -214.287
9.0 -195.923
9.0 -213.921
9.0 -188.897
9.0 -202.587
9.0 -194.351
9.0 -180.017
9.0 -180.537
9.0 -197.287
9.0 -194.433
9.0 -207.709
9.0 -179.008
9.0 -202.7
9.0 -211.226
9.0 -188.3
9.0 -202.367
9.0 -197.444
9.0 -193.149
9.0 -198.03
9.0 -198.128
9.0 -189.283
9.0 -211.664
9.0 -182.999
9.0 -201.481
9.0 -188.462
9.0 -186.913
9.0 -194.156
9.0 -199.78
9.0 -203.104
9.0 -184.027
9.0 -210.898
9.0 -217.945
9.0 -190.887
9.0 -185.234
9.0 -207.288
9.0 -187.15
9.0 -181.478
9.0 -243.468
9.0 -204.219
9.0 -189.453
9.0 -210.218
9.0 -207.538
9.0 -202.105
9.0 -196.165
9.0 -203.097
9.0 -197.321
9.0 -185.462
9.0 -197.645
9.0 -186.982
9.0 -205.744
9.0 -199.467
9.0 -207.124
9.0 -203.314
9.0 -201.012
9.0 -200.949
9.0 -195.76
9.0 -187.67
9.0 -208.171
9.0 -199.888
9.0 -210.46
9.0 -192.22
500
-34.0 -227.462
-34.0 -207.004
-24.0 -192.691
-24.0 -196.257
-24.0 -221.614
-24.0 -199.524
-15.5 -210.924
-15.5 -214.771
-15.5 -196.524
-11.0 -206.582
-11.0 -185.313
-11.0 -200.013
-8.5 -211.548
-8.5 -198.277
-8.5 -198.869
-8.5 -187.522
-8.5 -195.203
-8.5 -215.717
-8.5 -190.066
-8.5 -212.216
-8.5 -202.713
-8.5 -195.276
-8.5 -189.328
-8.5 -192.268
-8.5 -197.473
-8.5 -210.311
-8.5 -188.73
-8.5 -200.745
-8.5 -205.453
-8.5 -207.395
-8.5 -205.643
-8.5 -200.14
-8.5 -201.495
-8.5 -204.727
-8.5 -199.457
-8.5 -191.427
-8.5 -194.94
-8.5 -186.487
-8.5 -195.664
-8.5 -192.816
-8.5 -213.322
-8.5 -214.38
-8.5 -204.885
-8.5 -196.378
-8.5 -199.679
-8.5 -197.622
-8.5 -194.803
-4.0 -194.905
-4.0 -186.506
-4.0 -193.226
-4.0 -199.326
-4.0 -217.746
-4.0 -199.374
-4.0 -182.717
-4.0 -182.448
-4.0 -203.918
-4.0 -196.385
-4.0 -188.838
-4.0 -216.193
-4.0 -210.318
-4.0 -200.452
-4.0 -205.536
-4.0 -200.675
-4.0 -214.001
-4.0 -187.874
-4.0 -185.157
-4.0 -185.011
-4.0 -212.357
-4.0 -202.544
-4.0 -198.184
-4.0 -192.181
-4.0 -205.421
-4.0 -210.293
-4.0 -200.825
-4.0 -179.653
-4.0 -184.177
-4.0 -184.311
-4.0 -199.216
-4.0 -196.738
-4.0 -200.333
-4.0 -191.008
-4.0 -190.691
-4.0 -199.22
-4.0 -192.808
-4.0 -195.356
-4.0 -208.822
-4.0 -183.162
-4.0 -191.199
-4.0 -201.857
-4.0 -197.152
-4.0 -213.442
-1.0 -201.764
-1.0 -191.58
-1.0 -184.851
-1.0 -193.316
-1.0 -193.819
-1.0 -190.403
-1.0 -194.368
-1.0 -194.093
-1.0 -200.257
-1.0 -187.934
-1.0 -205.826
-1.0 -201.162
4.0 -201.725
4.0 -196.322
4.0 -197.753
4.0 -193.71
4.0 -180.513
4.0 -186.716
4.0 -178.391
4.0 -197.319
4.0 -220.206
4.0 -209.202
4.0 -211.984
4.0 -189.709
4.0 -196.184
4.0 -187.147
4.0 -195.977
4.0 -190.913
4.0 -187.598
4.0 -216.122
4.0 -203.95
4.0 -198.738
4.0 -186.806
4.0 -191.988
4.0 -197.136
4.0 -206.846
4.0 -188.149
4.0 -192.588
4.0 -211.148
4.0 -205.907
4.0 -198.933
4.0 -198.591
4.0 -200.702
4.0 -191.898
4.0 -194.375
4.0 -206.084
4.0 -187.326
4.0 -194.172
4.0 -209.369
4.0 -201.465
4.0 -191.683
4.0 -192.677
4.0 -189.225
4.0 -203.721
4.0 -200.145
4.0 -188.12
4.0 -192.326
4.0 -208.403
4.0 -192.451
4.0 -193.466
4.0 -217.133
4.0 -197.583
4.0 -194.905
4.0 -196.812
4.0 -196.195
4.0 -201.504
4.0 -186.526
4.0 -200.803
4.0 -196.345
4.0 -190.23
4.0 -193.947
4.0 -198.404
4.0 -200.901
4.0 -209.369
4.0 -199.555
4.0 -198.712
4.0 -197.092
4.0 -182.911
4.0 -185.459
4.0 -195.345
4.0 -198.24
4.0 -199.064
8.0 -203.337
8.0 -193.059
8.0 -180.206
8.0 -192.328
8.0 -193.878
8.0 -188.746
8.0 -204.673
8.0 -204.976
8.0 -188.144
8.0 -200.69
8.0 -186.843
8.0 -199.258
8.0 -186.965
8.0 -207.426
8.0 -185.653
8.0 -188.743
8.0 -185.38
8.0 -192.795
8.0 -211.159
8.0 -195.554
8.0 -190.449
8.0 -217.185
8.0 -198.448
8.0 -177.318
8.0 -192.568
8.0 -207.673
8.0 -195.057
8.0 -197.746
8.0 -188.863
8.0 -201.485
8.0 -189.307
8.0 -192.633
8.0 -194.323
8.0 -189.003
8.0 -189.329
8.0 -196.061
8.0 -194.961
8.0 -202.198
8.0 -195.385
8.0 -187.823
8.0 -190.116
8.0 -212.054
8.0 -199.398
8.0 -198.504
8.0 -203.76
8.0 -201.075
8.0 -205.18
8.0 -198.231
8.0 -175.211
8.0 -200.226
8.0 -214.284
8.0 -201.801
8.0 -194.359
8.0 -199.288
8.0 -201.895
8.0 -191.987
8.0 -200.987
8.0 -202.215
8.0 -184.231
8.0 -189.158
8.0 -198.157
8.0 -205.756
8.0 -187.084
8.0 -188.651
8.0 -203.884
8.0 -202.562
8.0 -196.105
8.0 -200.907
8.0 -209.292
8.0 -207.561
8.0 -187.633
8.0 -196.581
8.0 -195.904
8.0 -199.528
8.0 -198.566
8.0 -193.295
8.0 -196.476
8.0 -192.419
8.0 -183.581
8.0 -194.753
8.0 -192.012
8.0 -197.909
8.0 -193.263
8.0 -188.457
8.0 -197.482
8.0 -178.842
8.0 -215.039
8.0 -197.397
8.0 -199.258
8.0 -193.506
8.0 -186.582
8.0 -202.913
8.0 -191.673
8.0 -194.097
8.0 -197.949
8.0 -190.297
8.0 -175.247
8.0 -195.575
8.0 -194.883
8.0 -181.037
8.0 -185.206
8.0 -198.931
8.0 -202.937
8.0 -188.711
8.0 -209.203
8.0 -219.332
8.0 -192.775
8.0 -201.304
8.0 -202.44
8.0 -192.16
8.0 -187.127
8.0 -187.336
8.0 -185.339
8.0 -206.974
8.0 -182.282
8.0 -206.804
8.0 -199.002
8.0 -214.475
8.0 -195.155
8.0 -196.684
9.5 -176.891
9.5 -185.96
9.5 -193.485
9.5 -195.169
9.5 -195.05
9.5 -201.385
9.5 -198.94
9.5 -199.517
9.5 -193.825
9.5 -184.319
9.5 -201.729
9.5 -199.525
9.5 -202.5
9.5 -187.416
9.5 -190.839
9.5 -194.678
9.5 -217.784
9.5 -190.917
9.5 -176.215
9.5 -181.129
9.5 -198.341
9.5 -189.0
9.5 -185.802
9.5 -189.672
9.5 -190.867
9.5 -191.801
9.5 -193.365
9.5 -192.594
9.5 -184.703
9.5 -191.037
9.5 -171.426
9.5 -211.693
9.5 -204.471
9.5 -204.902
9.5 -202.994
9.5 -192.406
9.5 -203.773
9.5 -196.451
9.5 -205.597
9.5 -205.952
9.5 -196.373
9.5 -191.255
9.5 -199.062
9.5 -213.602
9.5 -188.119
9.5 -187.132
9.5 -187.146
9.5 -197.817
9.5 -203.952
9.5 -189.602
9.5 -195.202
9.5 -182.993
9.5 -204.595
9.5 -203.129
9.5 -200.847
9.5 -204.375
9.5 -193.041
9.5 -207.626
9.5 -186.736
9.5 -189.45
9.5 -205.322
9.5 -197.087
9.5 -195.61
9.5 -203.472
9.5 -208.81
9.5 -199.73
9.5 -218.439
9.5 -202.039
9.5 -193.948
9.5 -212.608
9.5 -195.194
9.5 -201.044
9.5 -194.466
9.5 -201.752
9.5 -194.441
9.5 -202.499
9.5 -188.695
9.5 -187.029
9.5 -194.389
9.5 -202.833
9.5 -211.207
9.5 -192.759
9.5 -191.165
9.5 -195.162
9.5 -199.95
9.5 -181.27
9.5 -219.696
9.5 -201.772
9.5 -190.313
9.5 -188.184
9.5 -195.949
9.5 -188.184
9.5 -187.479
9.5 -190.982
9.5 -182.506
9.5 -204.616
9.5 -190.317
9.5 -205.349
9.5 -206.946
9.5 -195.744
9.5 -187.013
9.5 -194.488
9.5 -207.512
9.5 -187.767
9.5 -204.687
9.5 -186.89
9.5 -189.16
9.5 -190.542
9.5 -192.029
9.5 -189.45
9.5 -190.503
9.5 -188.797
9.5 -188.609
9.5 -179.953
9.5 -212.495
9.5 -198.487
9.5 -199.534
9.5 -191.263
9.5 -176.504
9.5 -199.141
9.5 -188.887
9.5 -196.502
9.5 -216.888
9.5 -180.731
9.5 -194.534
9.5 -203.802
9.5 -190.902
9.5 -193.608
9.5 -203.14
9.5 -198.678
9.5 -196.021
9.5 -191.874
9.5 -190.919
9.5 -206.43
9.5 -183.351
9.5 -204.341
9.5 -187.583
9.5 -192.949
9.5 -183.617
9.5 -208.518
9.5 -182.629
9.5 -198.148
9.5 -194.12
9.5 -205.214
9.5 -186.505
9.5 -192.377
9.5 -195.645
9.5 -189.506
9.5 -181.941
9.5 -195.519
9.5 -190.867
9.5 -192.924
9.5 -178.605
9.5 -208.389
9.5 -213.477
9.5 -195.585
9.5 -183.403
9.5 -193.869
9.5 -200.526
9.5 -192.075
9.5 -181.737
9.5 -160.874
9.5 -187.993
9.5 -182.733
9.5 -196.268
9.5 -207.624
9.5 -201.533
9.5 -196.312
9.5 -197.687
9.5 -176.943
9.5 -201.605
9.5 -202.911
9.5 -202.161
9.5 -184.52
9.5 -177.964
9.5 -185.633
9.5 -212.309
9.5 -196.466
9.5 -195.009
9.5 -186.168
9.5 -212.795
9.5 -197.973
9.5 -187.677
9.5 -207.746
9.5 -221.653
9.5 -199.201
9.5 -202.732
9.5 -200.453
9.5 -190.371
9.5 -201.725
9.5 -208.604
9.5 -221.46
9.5 -194.238
9.5 -203.539
9.5 -203.753
9.5 -189.451
9.5 -197.351
9.5 -196.183
9.5 -214.776
9.5 -195.635
9.5 -216.827
9.5 -206.824
9.5 -198.042
9.5 -210.247
9.5 -206.001
9.5 -203.963
9.5 -195.736
500
-37.0 -229.432
-37.0 -209.015
-35.5 -206.307
-35.5 -192.999
-31.0 -207.822
-31.0 -192.979
-29.0 -204.428
-29.0 -193.783
-22.5 -193.888
-22.5 -199.878
-22.5 -176.22
-22.5 -204.178
-18.5 -199.481
-18.5 -204.571
-18.5 -186.846
-18.5 -200.812
-13.0 -202.311
-13.0 -196.505
-13.0 -199.231
-13.0 -194.845
-13.0 -188.097
-13.0 -199.922
-13.0 -204.349
-13.0 -205.25
-13.0 -200.804
-13.0 -203.1
-13.0 -197.57
-13.0 -194.668
-13.0 -185.201
-13.0 -195.036
-13.0 -205.572
-13.0 -203.744
-13.0 -200.072
-13.0 -204.23
-13.0 -209.938
-13.0 -188.821
-10.5 -208.336
-10.5 -210.334
-10.5 -197.093
-10.5 -193.059
-10.5 -202.737
-10.5 -205.802
-10.5 -222.895
-10.0 -198.218
-10.0 -212.268
-10.0 -190.522
-10.0 -208.338
-10.0 -185.02
-10.0 -194.562
-10.0 -183.627
-8.5 -195.596
-8.5 -178.744
-8.5 -190.285
-8.5 -203.454
-8.5 -197.595
-8.5 -189.996
-8.5 -226.958
-6.5 -208.243
-6.5 -200.74
-6.5 -197.161
-6.5 -190.968
-3.0 -205.543
-3.0 -201.755
-3.0 -192.046
-3.0 -191.844
-3.0 -197.375
1.5 -200.336
1.5 -237.158
1.5 -186.065
1.5 -191.991
1.5 -211.472
1.5 -199.856
1.5 -180.71
1.5 -190.176
1.5 -207.305
1.5 -207.557
1.5 -205.434
1.5 -205.395
1.5 -198.878
1.5 -209.204
1.5 -194.765
1.5 -205.546
1.5 -195.51
1.5 -200.226
1.5 -202.058
1.5 -181.886
1.5 -210.357
1.5 -201.244
1.5 -186.162
1.5 -201.359
1.5 -188.131
1.5 -201.954
1.5 -184.35
1.5 -194.665
1.5 -191.654
1.5 -192.009
1.5 -188.986
1.5 -202.351
1.5 -186.829
1.5 -197.578
1.5 -194.358
1.5 -185.444
1.5 -189.595
1.5 -210.711
1.5 -209.526
1.5 -190.276
1.5 -195.094
1.5 -190.279
1.5 -193.853
1.5 -193.666
1.5 -198.691
1.5 -197.332
1.5 -192.55
1.5 -196.081
1.5 -205.159
1.5 -191.382
1.5 -184.787
1.5 -199.888
1.5 -194.664
1.5 -205.883
1.5 -200.807
1.5 -186.969
1.5 -198.015
1.5 -192.267
1.5 -196.649
1.5 -187.716
1.5 -184.067
1.5 -191.216
1.5 -206.902
1.5 -185.781
1.5 -198.799
1.5 -219.209
1.5 -185.408
1.5 -215.16
1.5 -211.474
1.5 -188.691
1.5 -193.837
1.5 -191.163
1.5 -217.784
1.5 -191.196
1.5 -209.539
1.5 -191.452
1.5 -193.305
1.5 -200.231
1.5 -183.87
1.5 -195.769
1.5 -178.295
1.5 -187.929
1.5 -211.611
1.5 -201.271
5.5 -196.986
5.5 -198.353
5.5 -197.963
5.5 -209.325
5.5 -201.62
5.5 -189.423
5.5 -192.961
5.5 -181.053
5.5 -202.46
5.5 -187.109
5.5 -211.192
5.5 -207.98
5.5 -194.727
5.5 -194.023
5.5 -200.258
5.5 -197.318
5.5 -202.795
5.5 -196.112
5.5 -195.686
5.5 -189.103
5.5 -211.858
5.5 -178.602
5.5 -202.68
5.5 -181.163
5.5 -188.597
5.5 -201.614
5.5 -194.979
5.5 -208.467
5.5 -203.581
5.5 -197.779
5.5 -195.123
5.5 -178.318
5.5 -192.212
5.5 -202.728
5.5 -179.974
5.5 -203.865
5.5 -199.337
5.5 -203.855
5.5 -192.728
5.5 -201.232
5.5 -203.096
5.5 -202.623
5.5 -191.927
5.5 -198.392
5.5 -207.075
5.5 -205.057
5.5 -212.506
5.5 -199.7
5.5 -201.862
5.5 -200.834
5.5 -191.009
5.5 -208.102
5.5 -193.65
5.5 -197.969
5.5 -200.096
5.5 -194.96
5.5 -171.007
5.5 -183.698
5.5 -198.252
5.5 -207.786
5.5 -184.023
5.5 -190.349
5.5 -193.373
5.5 -195.506
5.5 -182.666
5.5 -182.186
5.5 -209.609
5.5 -211.909
5.5 -198.914
5.5 -206.602
5.5 -192.4
5.5 -183.771
5.5 -190.923
5.5 -183.922
5.5 -213.644
5.5 -209.053
5.5 -209.466
5.5 -202.629
5.5 -197.017
5.5 -182.651
5.5 -192.273
5.5 -188.926
5.5 -175.008
5.5 -208.387
5.5 -188.038
5.5 -205.677
5.5 -194.008
5.5 -192.451
5.5 -188.056
14.0 -194.517
14.0 -205.013
14.0 -190.81
14.0 -198.133
14.0 -198.225
14.0 -192.818
14.0 -200.509
14.0 -194.111
14.0 -225.405
14.0 -195.409
14.0 -202.663
14.0 -228.746
14.0 -199.958
14.0 -201.534
14.0 -193.782
14.0 -185.623
14.0 -198.8
14.0 -194.445
14.0 -204.104
14.0 -192.828
14.0 -215.687
14.0 -191.963
14.0 -194.583
14.0 -192.097
14.0 -180.036
14.0 -193.064
14.0 -203.778
14.0 -194.375
14.0 -196.75
14.0 -195.435
14.0 -188.635
14.0 -204.772
14.0 -191.334
14.0 -204.21
14.0 -199.511
14.0 -192.931
14.0 -188.524
14.0 -197.22
14.0 -198.751
14.0 -193.515
14.0 -179.764
14.0 -191.184
14.0 -202.38
14.0 -182.516
14.0 -206.776
14.0 -199.662
14.0 -208.856
14.0 -197.177
14.0 -190.473
14.0 -187.255
14.0 -203.999
14.0 -191.717
14.0 -190.424
14.0 -208.764
14.0 -198.066
14.0 -191.681
14.0 -187.031
14.0 -193.207
14.0 -194.429
14.0 -191.698
14.0 -202.615
14.0 -195.94
14.0 -188.894
14.0 -208.788
14.0 -210.441
14.0 -195.065
14.0 -211.789
14.0 -206.785
14.0 -197.57
14.0 -191.429
14.0 -210.225
14.0 -199.878
14.0 -203.129
14.0 -196.118
14.0 -199.294
14.0 -195.95
14.0 -186.594
14.0 -186.836
14.0 -209.494
14.0 -203.057
14.0 -196.369
14.0 -195.906
14.0 -191.864
14.0 -197.376
14.0 -193.694
14.0 -199.083
14.0 -192.368
14.0 -191.776
14.0 -195.968
14.0 -184.404
14.0 -206.663
14.0 -208.065
14.0 -186.892
14.0 -187.466
14.0 -186.637
14.0 -198.849
14.0 -187.904
14.0 -202.733
14.0 -199.835
14.0 -203.213
14.0 -219.218
14.0 -198.614
14.0 -177.687
14.0 -180.303
14.0 -181.404
14.0 -201.808
14.0 -183.399
14.0 -184.638
14.0 -184.239
14.0 -189.562
14.0 -184.214
14.0 -187.01
14.0 -197.512
14.0 -199.454
14.0 -181.191
14.0 -177.176
14.0 -200.603
14.0 -172.713
14.0 -198.936
14.0 -182.413
14.0 -197.921
14.0 -190.355
14.0 -205.759
14.0 -198.551
14.0 -198.924
14.0 -179.206
14.0 -188.169
14.0 -198.515
14.0 -182.431
14.0 -184.696
14.0 -185.333
14.0 -216.203
14.0 -203.318
14.0 -197.333
14.0 -189.484
14.0 -198.256
14.0 -193.176
14.0 -198.521
14.0 -215.135
14.0 -193.356
14.0 -195.518
14.0 -193.597
14.0 -188.228
14.0 -202.184
14.0 -194.713
14.0 -212.811
14.0 -198.851
14.0 -194.625
14.0 -192.833
14.0 -197.485
14.0 -195.132
14.0 -186.197
14.0 -187.79
14.0 -204.652
14.0 -203.847
14.0 -181.684
14.0 -197.089
14.0 -188.08
14.0 -194.358
14.0 -193.511
14.0 -204.473
14.0 -212.979
14.0 -194.421
14.0 -182.358
14.0 -181.25
14.0 -180.81
14.0 -182.129
14.0 -180.78
14.0 -193.139
14.0 -190.826
14.0 -192.531
14.0 -201.122
14.0 -193.785
14.0 -192.338
14.0 -191.721
14.0 -189.019
14.0 -185.725
14.0 -185.424
14.0 -199.3
14.0 -193.458
14.0 -211.076
14.0 -204.551
14.0 -212.553
14.0 -208.653
14.0 -201.492
14.0 -202.574
14.0 -199.28
14.0 -203.894
14.0 -185.989
14.0 -182.893
14.0 -192.631
14.0 -205.993
14.0 -185.618
14.0 -204.235
14.0 -189.861
14.0 -205.34
14.0 -199.608
14.0 -197.013
14.0 -198.315
14.0 -193.365
14.0 -202.443
14.0 -196.421
14.0 -196.212
14.0 -200.997
14.0 -195.73
14.0 -195.768
14.0 -198.316
14.0 -187.29
14.0 -197.046
14.0 -201.437
14.0 -202.716
14.0 -192.185
14.0 -190.381
14.0 -196.628
14.0 -193.441
14.0 -196.667
14.0 -188.533
14.0 -187.187
14.0 -181.76
14.0 -183.533
14.0 -218.309
14.0 -196.377
14.0 -197.361
14.0 -198.689
14.0 -202.124
14.0 -191.955
14.0 -182.793
14.0 -198.04
14.0 -197.956
14.0 -200.038
14.0 -191.96
14.0 -191.146
14.0 -186.33
14.0 -181.47
14.0 -207.243
14.0 -192.077
14.0 -216.727
14.0 -203.392
14.0 -209.856
14.0 -197.429
14.0 -207.913
14.0 -193.854
14.0 -201.561
14.0 -199.225
14.0 -194.469
14.0 -202.949
14.0 -184.405
14.0 -183.424
14.0 -200.631
14.0 -208.503
14.0 -188.62
14.0 -195.492
14.0 -180.494
14.0 -192.317
14.0 -201.742
14.0 -187.618
14.0 -191.157
14.0 -196.079
14.0 -193.176
14.0 -218.713
14.0 -195.174
500
-16.0 -231.76
-16.0 -202.379
-16.0 -201.108
-16.0 -198.719
-16.0 -187.926
-14.0 -199.667
-14.0 -204.982
-14.0 -197.992
-14.0 -188.848
-14.0 -198.557
-14.0 -194.14
-14.0 -197.752
-14.0 -192.946
-14.0 -205.821
-14.0 -207.388
-14.0 -210.403
-14.0 -202.155
-14.0 -223.244
-14.0 -197.539
-14.0 -182.519
-14.0 -178.632
-14.0 -214.476
-14.0 -197.238
-14.0 -205.885
-14.0 -206.188
-14.0 -194.084
-14.0 -190.851
-14.0 -194.479
-14.0 -196.382
-14.0 -186.717
-14.0 -167.393
-7.0 -217.471
-7.0 -186.168
-7.0 -206.701
-7.0 -184.538
-7.0 -181.977
-7.0 -181.53
-7.0 -194.382
-7.0 -194.039
-7.0 -203.869
-7.0 -208.934
-7.0 -197.617
-7.0 -186.872
-7.0 -198.925
-7.0 -194.862
-7.0 -192.737
-7.0 -184.491
-7.0 -195.337
-7.0 -196.587
-7.0 -197.851
-7.0 -184.123
-7.0 -195.173
-7.0 -205.312
-7.0 -182.11
-7.0 -202.797
-7.0 -207.642
-7.0 -182.922
-5.0 -194.559
-5.0 -200.999
-5.0 -192.657
-5.0 -207.531
-5.0 -198.277
-5.0 -200.636
-5.0 -197.739
-5.0 -214.418
-5.0 -186.041
-5.0 -185.937
-5.0 -204.609
-5.0 -195.281
-5.0 -203.705
-5.0 -224.258
-5.0 -209.134
-5.0 -202.289
-5.0 -186.094
-5.0 -188.514
-5.0 -208.27
-5.0 -199.698
-5.0 -193.894
-5.0 -197.906
-5.0 -204.11
-5.0 -179.227
-5.0 -193.068
-5.0 -195.42
-5.0 -192.771
-5.0 -200.913
-5.0 -202.855
-5.0 -195.514
-5.0 -186.241
-5.0 -196.026
-5.0 -206.317
-5.0 -208.698
-5.0 -202.268
-5.0 -184.689
-5.0 -189.197
-5.0 -183.707
-5.0 -199.499
-5.0 -198.198
-5.0 -195.791
-5.0 -207.642
-5.0 -202.594
-5.0 -188.045
-5.0 -209.335
-5.0 -203.088
-5.0 -196.407
-5.0 -205.466
-5.0 -191.707
-5.0 -201.891
-5.0 -191.221
-5.0 -194.17
-5.0 -199.722
-5.0 -209.896
-5.0 -181.209
-5.0 -182.424
-5.0 -197.803
-5.0 -192.551
-5.0 -201.816
-3.5 -206.161
-3.5 -191.226
-3.5 -197.934
-3.5 -202.288
-3.5 -188.812
-3.5 -194.607
-3.5 -189.225
-3.5 -189.495
-3.5 -170.731
-3.5 -212.915
-3.5 -183.0
-3.5 -192.422
1.0 -184.837
1.0 -206.252
1.0 -194.41
1.0 -190.255
1.0 -187.4
1.0 -195.239
1.0 -223.994
1.0 -186.938
1.0 -187.882
1.0 -209.588
1.0 -199.93
1.0 -185.026
1.0 -197.898
1.0 -193.78
1.0 -198.097
1.0 -194.479
1.0 -188.67
1.0 -191.055
1.0 -184.087
1.0 -191.774
1.0 -217.219
1.0 -212.414
1.0 -211.517
1.0 -198.865
1.0 -190.022
1.0 -197.074
1.0 -194.827
1.0 -201.467
1.0 -206.82
1.0 -188.254
1.0 -203.982
1.0 -197.232
1.0 -202.975
1.0 -194.08
1.0 -199.202
1.0 -212.93
1.0 -189.054
1.0 -207.72
1.0 -183.588
1.0 -193.514
1.0 -179.587
1.0 -214.235
1.0 -212.81
1.0 -200.337
1.0 -179.162
1.0 -197.706
1.0 -190.666
1.0 -204.123
1.0 -197.964
1.0 -202.436
1.0 -197.0
1.0 -209.884
1.0 -190.766
1.0 -196.103
2.5 -197.313
2.5 -190.236
2.5 -190.783
2.5 -165.317
2.5 -224.247
2.5 -192.009
2.5 -188.685
2.5 -180.455
2.5 -201.879
2.5 -211.537
2.5 -203.621
2.5 -208.658
2.5 -190.663
2.5 -208.704
2.5 -211.218
2.5 -198.284
2.5 -186.848
2.5 -225.016
2.5 -211.08
2.5 -201.172
2.5 -200.698
2.5 -193.6
2.5 -194.83
2.5 -193.13
2.5 -189.057
2.5 -199.209
2.5 -196.818
2.5 -201.674
2.5 -194.152
2.5 -189.443
2.5 -187.483
2.5 -198.987
2.5 -203.869
2.5 -194.011
2.5 -196.684
2.5 -201.537
2.5 -195.525
2.5 -191.092
2.5 -189.587
2.5 -194.117
2.5 -201.347
2.5 -207.905
2.5 -187.33
2.5 -193.879
2.5 -201.905
2.5 -196.973
2.5 -187.989
2.5 -192.983
2.5 -204.647
2.5 -207.454
2.5 -190.535
6.0 -195.687
6.0 -201.488
6.0 -192.652
6.0 -201.544
6.0 -199.335
6.0 -196.256
6.0 -188.858
6.0 -183.497
6.0 -183.126
6.0 -176.134
6.0 -197.921
6.0 -196.587
6.0 -191.784
6.0 -191.371
6.0 -189.524
6.0 -212.806
6.0 -184.163
6.0 -199.846
6.0 -196.341
6.0 -187.871
6.0 -212.512
6.0 -203.278
6.0 -207.443
6.0 -183.939
6.0 -177.877
6.0 -205.066
6.0 -202.081
6.0 -198.222
6.0 -196.391
6.0 -200.672
6.0 -192.848
6.0 -197.099
6.0 -207.144
6.0 -195.494
6.0 -198.26
6.0 -186.947
6.0 -194.602
6.0 -193.966
6.0 -193.169
6.0 -193.848
6.0 -191.991
6.0 -192.455
6.0 -184.039
6.0 -201.812
6.0 -200.077
6.0 -182.927
6.0 -180.985
6.0 -232.332
6.0 -200.676
6.0 -191.959
6.0 -187.139
6.0 -185.342
6.0 -214.311
6.0 -195.306
6.0 -193.922
6.0 -186.356
6.0 -198.021
6.0 -179.116
6.0 -181.507
6.0 -191.8
6.0 -177.914
6.0 -188.282
6.0 -195.255
6.0 -193.172
6.0 -180.495
6.0 -191.798
6.0 -197.384
6.0 -191.456
6.0 -197.359
6.0 -182.849
6.0 -204.477
6.0 -199.09
6.0 -203.539
6.0 -187.911
6.0 -200.492
6.0 -192.977
6.0 -209.031
6.0 -200.04
6.0 -202.027
6.0 -200.08
6.0 -212.223
6.0 -196.775
6.0 -193.909
6.0 -201.882
6.0 -189.563
6.0 -201.275
6.0 -186.606
6.0 -208.184
6.0 -190.001
6.0 -181.563
6.0 -184.025
6.0 -188.953
6.0 -207.383
6.0 -177.284
6.0 -222.185
6.0 -199.688
6.0 -200.449
6.0 -213.057
6.0 -207.694
6.0 -197.693
6.0 -188.958
6.0 -188.678
6.0 -193.858
6.0 -194.435
6.0 -186.907
6.0 -203.143
6.0 -200.641
6.0 -192.198
6.0 -189.767
6.0 -194.237
6.0 -184.367
6.0 -176.753
6.0 -192.275
6.0 -202.092
6.0 -193.473
6.0 -199.373
6.0 -199.695
6.0 -187.154
6.0 -207.475
6.0 -209.669
6.0 -195.598
6.0 -192.211
6.0 -200.637
6.0 -189.845
6.0 -179.87
6.0 -185.522
6.0 -197.693
6.0 -226.81
6.0 -192.661
6.0 -202.146
6.0 -199.371
6.0 -187.842
6.0 -191.361
6.0 -183.054
6.0 -206.296
6.0 -194.824
6.0 -199.914
6.0 -187.164
6.0 -217.736
6.0 -199.238
6.0 -202.027
6.0 -195.715
6.0 -200.185
6.0 -204.04
6.0 -189.315
6.0 -188.89
6.0 -195.55
6.0 -206.242
6.0 -191.791
6.0 -184.389
6.0 -185.681
6.0 -204.729
6.0 -188.617
6.0 -181.26
6.0 -187.636
6.0 -201.367
6.0 -211.586
6.0 -199.322
6.0 -193.858
6.0 -184.056
6.0 -205.468
6.0 -193.23
6.0 -197.037
6.0 -196.029
6.0 -185.952
6.0 -196.835
6.0 -201.466
6.0 -191.643
6.0 -191.11
6.0 -194.838
6.0 -209.609
6.0 -190.138
6.0 -187.158
6.0 -207.575
6.0 -202.123
6.0 -204.668
6.0 -199.601
6.0 -208.685
6.0 -198.412
6.0 -202.88
6.0 -192.931
6.0 -186.888
6.0 -190.861
6.0 -197.074
6.0 -185.398
6.0 -203.636
6.0 -196.594
6.0 -181.998
6.0 -198.038
6.0 -198.662
6.0 -207.3
6.0 -193.091
6.0 -190.275
6.0 -186.123
6.0 -195.711
6.0 -203.915
6.0 -199.84
6.0 -187.069
6.0 -168.699
6.0 -204.529
6.0 -203.855
6.0 -190.219
6.0 -204.206
6.0 -199.216
6.0 -194.625
6.0 -176.494
6.0 -197.248
6.0 -203.127
6.0 -209.222
6.0 -200.772
6.0 -186.639
6.0 -195.652
6.0 -187.644
6.0 -207.963
6.0 -189.321
6.0 -188.253
6.0 -196.279
6.0 -199.801
6.0 -190.872
6.0 -192.173
6.0 -190.368
6.0 -213.62
6.0 -196.279
6.0 -183.665
6.0 -195.556
6.0 -192.036
6.0 -193.772
6.0 -203.503
6.0 -201.821
6.0 -178.555
6.0 -177.196
6.0 -187.457
6.0 -194.638
6.0 -198.315
6.0 -188.194
6.0 -194.672
6.0 -191.476
6.0 -204.738
6.0 -218.488
6.0 -222.836
6.0 -191.401
6.0 -194.566
6.0 -198.346
6.0 -193.06
6.0 -191.641
6.0 -184.0
6.0 -201.414
6.0 -187.746
6.0 -198.797
6.0 -199.189
6.0 -207.023
6.0 -209.909
6.0 -185.246
6.0 -208.12
6.0 -201.872
6.0 -192.827
6.0 -193.063
6.0 -190.615
6.0 -200.754
6.0 -175.898
6.0 -222.252
6.0 -187.133
6.0 -173.729
6.0 -186.032
6.0 -180.073
6.0 -178.803
6.0 -195.132
500
-66.0 -235.997
-42.0 -195.918
-26.0 -185.145
-26.0 -192.184
-26.0 -215.104
-26.0 -189.916
-26.0 -226.127
-26.0 -208.894
-26.0 -190.546
-26.0 -200.507
-26.0 -182.286
-22.0 -142.575
-21.0 -179.335
-17.0 -187.602
-16.5 -177.83
-11.0 -190.696
-11.0 -194.272
-11.0 -191.173
-11.0 -202.608
-11.0 -179.07
-11.0 -186.56
-11.0 -191.081
-11.0 -183.587
-11.0 -191.907
-11.0 -184.59
-11.0 -195.252
-11.0 -206.071
-11.0 -210.552
-11.0 -207.333
-11.0 -193.766
-11.0 -199.436
-10.0 -194.278
-10.0 -196.309
-10.0 -193.368
-10.0 -209.64
-10.0 -200.463
-10.0 -209.544
-10.0 -193.219
-10.0 -187.405
-10.0 -209.337
-10.0 -193.7
-10.0 -196.683
-10.0 -201.45
-10.0 -195.232
-10.0 -198.818
-10.0 -187.99
-10.0 -197.97
-10.0 -182.691
-10.0 -206.924
-10.0 -194.371
-10.0 -205.396
-10.0 -203.292
-10.0 -200.427
-10.0 -190.744
-10.0 -213.237
-10.0 -191.758
-10.0 -194.189
-10.0 -191.1
-10.0 -192.918
-10.0 -194.753
-10.0 -196.956
-8.0 -177.572
-8.0 -203.761
-8.0 -210.533
-8.0 -191.222
-8.0 -184.792
-8.0 -198.989
-8.0 -209.45
-8.0 -194.323
-8.0 -190.301
-8.0 -191.502
-8.0 -201.921
-8.0 -173.645
-8.0 -196.672
-8.0 -191.001
-8.0 -187.713
-8.0 -208.428
-8.0 -206.61
-8.0 -198.84
-8.0 -212.252
-8.0 -210.067
-8.0 -205.438
-8.0 -211.786
-8.0 -189.434
-8.0 -188.285
-8.0 -192.156
-8.0 -210.499
-8.0 -200.974
-8.0 -213.638
-8.0 -188.315
-8.0 -200.712
-8.0 -206.502
-8.0 -196.421
-8.0 -179.711
-8.0 -186.039
-8.0 -200.348
-8.0 -196.401
-8.0 -184.816
-8.0 -194.05
-8.0 -182.14
-8.0 -191.913
-8.0 -202.061
-8.0 -198.565
-8.0 -204.17
-2.5 -203.824
-2.5 -191.219
-2.5 -199.226
-2.5 -191.685
-2.5 -199.274
-2.5 -198.495
-2.5 -214.695
-2.5 -205.129
-2.5 -195.503
-2.5 -182.003
-2.5 -190.128
-2.5 -195.413
-2.5 -186.167
-2.5 -197.042
-2.5 -172.141
-2.5 -200.609
-2.5 -197.319
-2.5 -208.101
-2.5 -196.105
-2.5 -186.265
-2.5 -208.174
-2.5 -190.016
-2.5 -201.281
-2.5 -199.827
-2.5 -186.73
-2.5 -188.576
-2.5 -199.716
-2.5 -205.774
-2.5 -197.387
-2.5 -195.518
-2.5 -189.761
-2.5 -186.417
-2.5 -187.525
-2.5 -182.454
-2.5 -207.526
-2.5 -207.163
-2.5 -196.289
-2.5 -198.575
-2.5 -217.568
-2.5 -191.313
-2.5 -194.151
-2.5 -198.264
-2.5 -201.312
-2.5 -198.28
-2.5 -205.917
-2.5 -208.946
-2.5 -180.903
-2.5 -203.532
-2.0 -203.496
-2.0 -196.087
-2.0 -204.627
-2.0 -213.776
-2.0 -205.162
-2.0 -206.002
-2.0 -185.104
-2.0 -204.183
-2.0 -195.727
-2.0 -204.177
-2.0 -201.196
-2.0 -198.127
-2.0 -203.803
-2.0 -188.099
-2.0 -191.356
-2.0 -178.619
-2.0 -205.152
-2.0 -197.089
-2.0 -204.777
-2.0 -192.103
-2.0 -188.842
-2.0 -199.744
-2.0 -191.481
-2.0 -194.783
-2.0 -183.062
-2.0 -193.209
-2.0 -192.494
-2.0 -194.88
-2.0 -186.592
-2.0 -209.475
-2.0 -211.731
-2.0 -193.867
-2.0 -206.007
-2.0 -212.347
-2.0 -191.761
-2.0 -194.31
-2.0 -181.918
-2.0 -205.79
-2.0 -190.174
-2.0 -184.641
-2.0 -199.614
-2.0 -200.709
-2.0 -209.513
-2.0 -203.956
-2.0 -190.746
-2.0 -199.437
-2.0 -215.842
-2.0 -186.683
-2.0 -195.252
-2.0 -188.975
-2.0 -188.192
-2.0 -189.079
-2.0 -194.126
-2.0 -205.88
14.0 -196.641
14.0 -199.71
14.0 -198.984
14.0 -189.13
14.0 -203.558
14.0 -200.292
14.0 -201.726
14.0 -202.666
14.0 -190.979
14.0 -184.289
14.0 -189.733
14.0 -195.264
14.0 -184.937
14.0 -193.144
14.0 -173.707
14.0 -215.702
14.0 -205.086
14.0 -195.071
14.0 -193.818
14.0 -197.756
14.0 -184.079
14.0 -200.187
14.0 -188.976
14.0 -190.384
14.0 -205.331
14.0 -178.733
14.0 -200.602
14.0 -203.558
14.0 -195.167
14.0 -205.266
14.0 -193.468
14.0 -187.345
14.0 -195.808
14.0 -197.389
14.0 -180.991
14.0 -190.095
14.0 -212.884
14.0 -199.179
14.0 -193.529
14.0 -192.458
14.0 -226.478
14.0 -183.084
14.0 -201.929
14.0 -197.702
14.0 -174.692
14.0 -196.839
14.0 -213.372
14.0 -201.69
14.0 -188.927
14.0 -187.734
14.0 -215.743
14.0 -204.852
14.0 -201.229
14.0 -202.879
14.0 -191.858
14.0 -205.273
14.0 -196.389
14.0 -192.945
14.0 -201.296
14.0 -199.589
14.0 -204.526
14.0 -193.804
14.0 -187.733
14.0 -183.175
14.0 -199.652
14.0 -185.694
14.0 -188.151
14.0 -205.199
14.0 -180.984
14.0 -194.99
14.0 -186.295
14.0 -198.62
14.0 -197.549
14.0 -203.567
14.0 -192.494
14.0 -196.848
14.0 -203.286
14.0 -202.896
14.0 -185.869
14.0 -196.295
14.0 -182.781
14.0 -184.672
14.0 -189.338
14.0 -181.002
14.0 -196.221
14.0 -208.447
14.0 -207.862
14.0 -196.584
14.0 -200.24
14.0 -185.224
14.0 -190.313
14.0 -203.648
14.0 -207.157
14.0 -203.61
14.0 -208.024
14.0 -200.857
14.0 -203.158
14.0 -201.792
14.0 -188.209
14.0 -198.061
14.0 -189.642
14.0 -200.802
14.0 -189.825
14.0 -196.067
14.0 -211.397
14.0 -210.75
14.0 -197.265
14.0 -197.206
14.0 -199.241
14.0 -192.786
14.0 -193.806
14.0 -209.921
14.0 -200.759
14.0 -190.491
14.0 -193.292
14.0 -194.55
14.0 -187.686
14.0 -196.396
14.0 -188.191
14.0 -184.175
14.0 -209.592
14.0 -203.621
14.0 -207.147
14.0 -188.653
14.0 -189.822
14.0 -194.821
14.0 -196.345
14.0 -194.979
14.0 -193.135
14.0 -202.352
14.0 -190.504
14.0 -194.55
14.0 -193.458
14.0 -181.763
14.0 -189.553
14.0 -198.596
14.0 -200.244
14.0 -211.494
14.0 -197.095
14.0 -188.307
14.0 -188.383
14.0 -197.385
14.0 -187.346
14.0 -220.934
14.0 -195.6
14.0 -204.771
14.0 -205.547
14.0 -199.553
14.0 -182.803
14.0 -198.966
14.0 -199.928
14.0 -213.654
14.0 -206.869
14.0 -198.702
14.0 -181.664
14.0 -196.991
14.0 -199.627
14.0 -209.582
14.0 -196.085
14.0 -204.417
14.0 -196.402
14.0 -187.657
14.0 -189.589
14.0 -200.452
14.0 -192.378
14.0 -193.426
14.0 -187.353
14.0 -198.619
14.0 -201.344
14.0 -182.979
14.0 -195.035
14.0 -213.078
14.0 -192.12
14.0 -194.722
14.0 -187.494
14.0 -185.427
14.0 -199.396
14.0 -202.454
14.0 -178.92
14.0 -189.734
14.0 -193.906
14.0 -197.761
14.0 -194.762
14.0 -191.288
14.0 -206.696
14.0 -187.801
14.0 -196.088
14.0 -188.763
14.0 -205.161
14.0 -209.896
14.0 -205.626
14.0 -194.907
14.0 -178.725
14.0 -161.296
14.0 -163.457
14.0 -173.971
14.0 -201.158
14.0 -195.68
14.0 -195.034
14.0 -211.873
14.0 -201.084
14.0 -189.853
14.0 -193.879
14.0 -196.454
14.0 -211.945
14.0 -188.525
14.0 -191.4
14.0 -219.769
14.0 -191.175
14.0 -175.985
14.0 -203.12
14.0 -191.439
14.0 -189.438
14.0 -183.774
14.0 -189.043
14.0 -191.776
14.0 -188.9
14.0 -184.241
14.0 -192.574
14.0 -193.677
14.0 -209.228
14.0 -205.208
14.0 -200.419
14.0 -191.745
14.0 -200.274
14.0 -196.898
14.0 -206.877
14.0 -199.238
14.0 -184.886
14.0 -200.014
14.0 -198.781
14.0 -192.841
14.0 -184.039
14.0 -197.856
14.0 -202.144
14.0 -195.793
14.0 -202.988
14.0 -209.991
14.0 -201.433
14.0 -195.732
14.0 -194.257
14.0 -200.17
14.0 -193.193
14.0 -206.315
14.0 -212.186
14.0 -190.397
14.0 -202.988
14.0 -196.687
14.0 -196.349
14.0 -188.878
14.0 -190.682
14.0 -187.114
14.0 -189.415
14.0 -199.037
14.0 -198.635
14.0 -188.329
14.0 -186.717
14.0 -188.892
14.0 -195.717
14.0 -184.94
14.0 -195.453
14.0 -194.085
14.0 -191.263
14.0 -187.443
14.0 -195.316
14.0 -196.168
14.0 -199.216
14.0 -203.968
14.0 -207.673
14.0 -200.248
14.0 -183.381
14.0 -205.67
14.0 -178.704
14.0 -212.802
14.0 -200.437
14.0 -197.906
14.0 -194.413
14.0 -203.383
14.0 -185.682
14.0 -196.029
14.0 -204.695
14.0 -200.162
14.0 -187.201
14.0 -197.942
14.0 -188.545
14.0 -192.144
14.0 -196.07
14.0 -199.663
14.0 -191.813
14.0 -192.566
14.0 -190.569
14.0 -199.044
14.0 -195.856
14.0 -197.659
500
-46.5 -238.955
-26.5 -210.148
-26.5 -189.888
-26.5 -204.241
-26.5 -218.765
-24.0 -197.892
-24.0 -196.485
-24.0 -203.467
-14.5 -200.802
-10.5 -204.558
-10.5 -189.968
-10.5 -186.774
-10.5 -192.262
-10.5 -198.93
-10.5 -191.297
-10.5 -202.004
-10.5 -208.64
-10.5 -203.778
-10.5 -190.995
-10.5 -195.411
-10.5 -199.91
-10.5 -198.762
-10.5 -192.608
-10.5 -194.433
-10.5 -192.598
-10.5 -195.048
-10.5 -194.153
-10.5 -206.45
-10.5 -199.391
-10.5 -202.049
-10.5 -198.358
-10.5 -203.521
-10.5 -202.099
-10.5 -200.49
-10.5 -194.835
-10.5 -199.738
-10.5 -201.196
-10.5 -207.216
-10.5 -203.2
-10.5 -197.43
-10.5 -199.329
-10.5 -195.502
-10.5 -193.779
-10.5 -193.456
-10.5 -207.57
-10.5 -199.457
-10.5 -209.293
-10.5 -201.966
-10.5 -187.402
-10.5 -200.108
-10.5 -197.148
-10.5 -211.645
-10.5 -214.965
-10.5 -199.682
-10.5 -184.62
-10.5 -208.684
-10.5 -208.759
-10.5 -206.666
-10.5 -181.463
-10.5 -212.712
-10.5 -209.922
-10.5 -204.1
-10.5 -187.615
-10.5 -205.297
-10.5 -204.792
-10.5 -195.924
-10.5 -202.738
-10.5 -197.302
-10.5 -205.155
-10.5 -201.473
-10.5 -197.242
-10.5 -210.648
-10.5 -205.091
-10.5 -195.931
-10.5 -198.724
-10.5 -197.027
-10.5 -205.666
-10.5 -203.558
-10.5 -199.307
-6.0 -187.139
-6.0 -187.383
-6.0 -209.463
-6.0 -192.042
-6.0 -195.147
-6.0 -191.802
-6.0 -209.203
-5.5 -189.448
-5.5 -196.569
-5.5 -200.76
-5.5 -200.185
-5.5 -187.525
-5.5 -183.527
-5.5 -183.198
-5.5 -190.238
-5.5 -205.095
-5.5 -189.385
-5.5 -206.553
-5.5 -191.956
-5.5 -199.949
-5.5 -217.474
-5.5 -213.858
-5.5 -196.317
-5.5 -199.345
-5.5 -196.003
-5.5 -182.499
-5.5 -196.957
-5.5 -191.561
-5.5 -193.757
-5.5 -196.675
-5.5 -189.365
-5.5 -203.064
-4.0 -203.004
-4.0 -191.991
-4.0 -206.361
-4.0 -201.891
-4.0 -189.926
-4.0 -191.193
-4.0 -189.82
-4.0 -191.967
-4.0 -187.194
-4.0 -186.075
-1.0 -199.714
-1.0 -189.793
-1.0 -193.57
-1.0 -176.086
-1.0 -187.142
-1.0 -209.529
-1.0 -195.262
-1.0 -198.686
-1.0 -190.933
-1.0 -202.346
-1.0 -202.14
-1.0 -196.224
-1.0 -205.303
-1.0 -203.451
-1.0 -197.75
-0.5 -210.329
-0.5 -187.235
-0.5 -197.48
-0.5 -210.331
-0.5 -204.254
-0.5 -189.754
-0.5 -192.122
-0.5 -181.17
-0.5 -187.088
-0.5 -216.173
-0.5 -203.452
-0.5 -201.978
-0.5 -193.089
-0.5 -191.769
-0.5 -188.931
-0.5 -181.847
-0.5 -194.73
-0.5 -191.01
-0.5 -200.034
-0.5 -199.009
-0.5 -191.671
-0.5 -196.055
-0.5 -195.683
-0.5 -197.502
-0.5 -202.559
-0.5 -211.189
-0.5 -201.833
-0.5 -205.042
-0.5 -179.914
-0.5 -210.743
-0.5 -205.479
-0.5 -194.19
-0.5 -203.712
-0.5 -209.607
15.0 -206.177
15.0 -191.788
15.0 -202.803
15.0 -200.694
15.0 -181.83
15.0 -201.001
15.0 -193.614
15.0 -199.131
15.0 -193.324
15.0 -197.167
15.0 -194.778
15.0 -192.623
15.0 -194.124
15.0 -189.314
15.0 -204.897
15.0 -193.911
15.0 -176.552
15.0 -193.943
15.0 -193.269
15.0 -195.705
15.0 -191.538
15.0 -199.244
15.0 -190.751
15.0 -197.323
15.0 -201.152
15.0 -178.529
15.0 -186.632
15.0 -179.45
15.0 -184.419
15.0 -195.236
15.0 -189.457
15.0 -182.667
15.0 -197.728
15.0 -219.39
15.0 -200.024
15.0 -192.393
15.0 -191.805
15.0 -199.296
15.0 -197.248
15.0 -191.485
15.0 -189.305
15.0 -206.993
15.0 -190.259
15.0 -193.876
15.0 -189.924
15.0 -188.412
15.0 -190.816
15.0 -194.563
15.0 -197.917
15.0 -188.556
15.0 -201.518
15.0 -195.702
15.0 -195.977
15.0 -199.519
15.0 -192.617
15.0 -193.754
15.0 -196.574
15.0 -211.903
15.0 -213.733
15.0 -193.295
15.0 -189.701
15.0 -181.754
15.0 -193.032
15.0 -192.817
15.0 -193.232
15.0 -188.931
15.0 -195.257
15.0 -207.201
15.0 -200.049
15.0 -195.596
15.0 -188.954
15.0 -201.25
15.0 -185.586
15.0 -196.74
15.0 -198.718
15.0 -195.054
15.0 -191.214
15.0 -199.177
15.0 -198.729
15.0 -191.004
15.0 -186.914
15.0 -213.066
15.0 -193.521
15.0 -200.352
15.0 -182.012
15.0 -203.771
15.0 -193.686
15.0 -213.102
15.0 -182.667
15.0 -195.773
15.0 -214.077
15.0 -201.48
15.0 -201.756
15.0 -195.624
15.0 -195.656
15.0 -188.727
15.0 -204.786
15.0 -197.017
15.0 -216.434
15.0 -194.918
15.0 -187.951
15.0 -194.601
15.0 -190.779
15.0 -204.164
15.0 -207.253
15.0 -195.353
15.0 -203.687
15.0 -207.529
15.0 -204.612
15.0 -198.683
15.0 -190.05
15.0 -186.396
15.0 -193.103
15.0 -204.596
15.0 -212.413
15.0 -204.198
15.0 -193.184
15.0 -199.439
15.0 -200.685
15.0 -195.31
15.0 -205.349
15.0 -200.848
15.0 -184.306
15.0 -189.591
15.0 -190.403
15.0 -209.275
15.0 -203.742
15.0 -199.814
15.0 -206.014
15.0 -183.162
15.0 -205.271
15.0 -193.005
15.0 -196.699
15.0 -199.089
15.0 -218.622
15.0 -200.889
15.0 -186.746
15.0 -197.176
15.0 -180.097
15.0 -201.744
15.0 -199.096
15.0 -206.69
15.0 -199.804
15.0 -193.3
15.0 -201.099
15.0 -216.914
15.0 -208.974
15.0 -201.368
15.0 -188.761
15.0 -176.431
15.0 -182.371
15.0 -205.936
15.0 -197.942
15.0 -190.592
15.0 -206.553
15.0 -179.96
15.0 -205.243
15.0 -198.966
15.0 -198.235
15.0 -211.036
15.0 -217.495
15.0 -195.825
15.0 -190.626
15.0 -193.226
15.0 -195.948
15.0 -189.36
15.0 -186.043
15.0 -190.391
15.0 -196.575
15.0 -191.903
15.0 -196.837
15.0 -196.964
15.0 -203.451
15.0 -208.491
15.0 -201.837
15.0 -194.919
15.0 -184.059
15.0 -194.948
15.0 -196.031
15.0 -202.785
15.0 -204.33
15.0 -200.329
15.0 -199.155
15.0 -208.548
15.0 -197.35
15.0 -200.651
15.0 -205.264
15.0 -196.751
15.0 -216.743
15.0 -200.145
15.0 -199.198
15.0 -199.344
15.0 -197.424
15.0 -197.451
15.0 -193.702
15.0 -190.724
15.0 -188.205
15.0 -183.507
15.0 -194.951
15.0 -202.266
15.0 -196.094
15.0 -185.894
15.0 -201.813
15.0 -201.433
15.0 -192.515
15.0 -188.247
15.0 -198.071
15.0 -198.763
15.0 -195.147
15.0 -219.752
15.0 -193.91
15.0 -202.271
15.0 -199.525
15.0 -192.971
15.0 -178.174
15.0 -194.084
15.0 -201.586
15.0 -192.722
15.0 -197.184
15.0 -191.513
15.0 -199.98
15.0 -193.948
15.0 -200.897
15.0 -198.713
15.0 -199.204
15.0 -196.361
15.0 -200.946
15.0 -182.821
15.0 -195.311
15.0 -203.757
15.0 -195.724
15.0 -187.008
15.0 -197.501
15.0 -197.76
15.0 -196.136
15.0 -183.782
15.0 -183.555
15.0 -196.677
15.0 -185.734
15.0 -200.864
15.0 -208.434
15.0 -212.972
15.0 -209.284
15.0 -195.356
15.0 -193.935
15.0 -193.93
15.0 -182.221
15.0 -203.987
15.0 -196.251
15.0 -208.025
15.0 -201.998
15.0 -203.089
15.0 -195.602
15.0 -200.81
15.0 -198.834
15.0 -190.067
15.0 -181.614
15.0 -198.729
15.0 -217.274
15.0 -189.376
15.0 -208.665
15.0 -196.689
15.0 -195.13
15.0 -201.531
15.0 -204.276
15.0 -208.105
15.0 -199.247
15.0 -182.61
15.0 -175.609
15.0 -196.668
15.0 -179.673
15.0 -190.705
15.0 -201.426
15.0 -207.872
15.0 -195.387
15.0 -203.827
15.0 -184.694
15.0 -198.613
15.0 -188.61
15.0 -208.181
15.0 -196.999
15.0 -184.957
15.0 -192.901
15.0 -198.032
15.0 -211.375
15.0 -202.637
15.0 -195.283
15.0 -194.699
15.0 -196.065
15.0 -190.138
15.0 -200.75
15.0 -199.19
15.0 -193.508
15.0 -198.141
15.0 -191.377
15.0 -199.239
15.0 -195.679
15.0 -185.001
15.0 -198.588
15.0 -189.14
15.0 -197.602
15.0 -198.903
15.0 -196.704
15.0 -192.416
15.0 -195.197
15.0 -196.222
15.0 -195.462
15.0 -195.845
15.0 -190.788
15.0 -221.807
15.0 -198.373
15.0 -218.945
15.0 -204.318
15.0 -195.172
15.0 -201.333
15.0 -183.626
15.0 -206.667
15.0 -206.577
15.0 -183.044
15.0 -189.858
15.0 -200.585
15.0 -195.977
15.0 -186.319
15.0 -189.199
15.0 -185.28
15.0 -205.13
15.0 -191.794
15.0 -188.195
15.0 -215.924
15.0 -194.427
500
-21.0 -226.892
-21.0 -198.717
-21.0 -196.341
-21.0 -206.534
-21.0 -186.262
-18.0 -211.565
-18.0 -200.926
-18.0 -190.126
-18.0 -211.935
-18.0 -226.287
-13.5 -200.284
-13.5 -197.642
-13.5 -201.184
-13.5 -202.918
-13.5 -192.888
-13.5 -197.017
-13.5 -200.031
-13.5 -205.0
-13.5 -205.606
-13.5 -201.737
-13.5 -206.028
-13.5 -214.654
-13.5 -208.342
-13.5 -183.874
-13.5 -212.282
-13.5 -201.891
-13.5 -186.279
-13.5 -181.039
-7.0 -192.571
-7.0 -193.428
-7.0 -195.423
-7.0 -201.08
-7.0 -201.059
-7.0 -197.206
-7.0 -187.938
-7.0 -189.973
-7.0 -215.679
-7.0 -194.064
-7.0 -195.075
-7.0 -198.763
-7.0 -193.695
-7.0 -194.961
-7.0 -219.368
-7.0 -201.265
-7.0 -206.61
-7.0 -209.796
-7.0 -206.206
-7.0 -201.446
-7.0 -203.618
-7.0 -201.234
3.5 -195.71
3.5 -197.032
3.5 -191.757
3.5 -197.269
3.5 -202.558
3.5 -193.715
3.5 -195.853
3.5 -198.095
3.5 -181.593
3.5 -195.585
3.5 -188.278
3.5 -198.651
3.5 -190.267
3.5 -192.701
3.5 -198.188
3.5 -212.911
3.5 -197.968
3.5 -212.192
3.5 -186.221
3.5 -188.994
3.5 -186.263
3.5 -200.472
3.5 -196.999
3.5 -207.201
3.5 -192.962
3.5 -207.167
3.5 -192.435
3.5 -201.276
3.5 -203.788
3.5 -197.744
3.5 -201.008
3.5 -204.98
3.5 -190.35
3.5 -196.171
3.5 -184.855
3.5 -197.539
3.5 -211.185
3.5 -182.31
3.5 -177.406
3.5 -209.501
3.5 -205.936
3.5 -206.102
3.5 -195.911
3.5 -216.738
3.5 -208.569
3.5 -201.665
3.5 -186.349
3.5 -192.72
7.5 -189.246
7.5 -182.427
7.5 -195.799
7.5 -200.894
12.0 -202.926
12.0 -212.822
12.0 -193.114
12.0 -196.391
12.0 -197.449
12.0 -193.37
12.0 -191.292
12.0 -199.686
12.0 -201.226
12.0 -218.198
12.0 -177.638
12.0 -195.485
12.0 -190.415
12.0 -189.22
12.0 -188.538
12.0 -192.562
12.0 -189.699
12.0 -204.062
12.0 -185.721
12.0 -192.996
12.0 -201.804
12.0 -208.839
12.0 -189.286
12.0 -204.127
12.0 -193.525
12.0 -190.816
12.0 -194.487
12.0 -207.356
12.0 -224.12
12.0 -205.774
12.0 -208.376
12.0 -196.161
12.0 -194.128
12.0 -201.756
12.0 -177.278
12.0 -203.652
12.0 -189.746
12.0 -199.275
12.0 -195.907
12.0 -197.201
12.0 -186.332
12.0 -201.388
12.0 -189.719
12.0 -194.927
12.0 -204.6
12.0 -180.156
12.0 -189.317
12.0 -202.367
12.0 -203.951
12.0 -191.702
12.0 -195.014
12.0 -197.771
12.0 -171.304
12.0 -202.272
12.0 -183.516
12.0 -195.315
12.0 -184.505
12.0 -197.737
12.0 -192.882
12.0 -188.393
12.0 -197.518
12.0 -198.323
12.0 -210.191
12.0 -199.613
12.0 -188.893
12.0 -193.152
12.0 -189.377
12.0 -199.011
12.0 -207.308
12.0 -192.027
12.0 -192.005
12.0 -188.196
12.0 -203.309
12.0 -185.655
12.0 -200.211
12.0 -181.536
12.0 -180.75
12.0 -192.193
12.0 -213.855
12.0 -191.487
12.0 -190.964
12.0 -196.819
12.0 -205.273
12.0 -192.735
12.0 -201.253
12.0 -196.306
12.0 -201.502
12.0 -186.111
12.0 -188.149
12.0 -233.608
12.0 -201.697
12.0 -183.736
12.0 -184.234
12.0 -193.552
12.0 -198.698
12.0 -194.835
12.0 -199.417
12.0 -201.783
12.0 -180.256
12.0 -198.192
12.0 -193.491
12.0 -194.656
12.0 -190.047
12.0 -220.956
12.0 -191.972
12.0 -190.375
12.0 -200.33
12.0 -187.233
12.0 -196.765
12.0 -199.631
12.0 -198.663
12.0 -196.009
12.0 -206.13
12.0 -199.29
12.0 -193.842
12.0 -186.769
12.0 -195.091
12.0 -176.009
12.0 -167.983
12.0 -187.426
12.0 -198.71
12.0 -194.491
12.0 -200.384
12.0 -199.194
12.0 -196.46
12.0 -196.42
12.0 -190.148
12.0 -185.155
12.0 -197.293
12.0 -197.757
12.0 -198.555
12.0 -186.621
12.0 -211.396
12.0 -174.058
12.0 -191.72
12.0 -201.658
12.0 -210.467
12.0 -184.826
12.0 -196.375
12.0 -182.313
12.0 -206.442
12.0 -191.9
12.0 -197.253
12.0 -200.928
12.0 -189.385
12.0 -188.798
12.0 -188.072
12.0 -205.142
12.0 -204.736
12.0 -180.368
12.0 -212.893
12.0 -207.646
12.0 -199.72
12.0 -194.243
12.0 -199.678
12.0 -188.258
12.0 -186.654
12.0 -193.085
12.0 -197.357
12.0 -183.939
12.0 -207.971
12.0 -180.144
12.0 -203.788
12.0 -196.423
12.0 -194.911
12.0 -189.57
12.0 -192.7
12.0 -184.319
12.0 -192.297
12.0 -192.72
12.0 -207.462
12.0 -207.726
12.0 -195.832
12.0 -201.02
12.0 -195.626
12.0 -183.323
12.0 -193.442
12.0 -209.989
12.0 -194.513
12.0 -196.605
12.0 -209.844
12.0 -191.582
12.0 -199.341
12.0 -199.404
12.0 -193.667
12.0 -209.031
12.0 -198.312
12.0 -198.142
12.0 -195.249
12.0 -200.914
12.0 -186.72
12.0 -192.722
12.0 -185.452
12.0 -200.206
12.0 -188.813
12.0 -198.785
12.0 -205.901
12.0 -195.521
12.0 -188.086
12.0 -196.823
12.0 -186.523
12.0 -197.014
12.0 -185.345
12.0 -201.842
12.0 -192.395
12.0 -199.453
12.0 -192.094
12.0 -199.699
12.0 -187.838
12.0 -195.773
12.0 -208.87
12.0 -175.038
12.0 -196.44
12.0 -193.811
12.0 -190.719
12.0 -197.239
12.0 -191.697
12.0 -193.96
12.0 -188.196
12.0 -187.966
12.0 -193.971
12.0 -188.152
12.0 -179.147
12.0 -194.168
12.0 -194.471
12.0 -200.836
12.0 -217.437
12.0 -201.175
12.0 -192.009
12.0 -194.434
12.0 -180.98
12.0 -207.947
12.0 -185.709
12.0 -207.015
12.0 -214.387
12.0 -211.015
12.0 -202.219
12.0 -202.271
12.0 -189.88
12.0 -191.39
12.0 -189.879
12.0 -180.821
12.0 -225.478
12.0 -180.221
12.0 -203.174
12.0 -199.422
12.0 -185.465
12.0 -196.923
12.0 -188.047
12.0 -188.667
12.0 -188.86
12.0 -200.615
12.0 -191.258
12.0 -193.974
12.0 -198.759
12.0 -193.964
12.0 -203.849
12.0 -196.304
12.0 -184.172
12.0 -205.311
12.0 -181.088
12.0 -201.934
12.0 -199.134
12.0 -201.287
12.0 -197.732
12.0 -200.659
12.0 -205.944
12.0 -191.483
12.0 -195.78
12.0 -192.831
12.0 -201.536
12.0 -190.856
12.0 -188.609
12.0 -188.722
12.0 -189.22
12.0 -204.655
12.0 -197.47
12.0 -200.48
12.0 -188.693
12.0 -191.22
12.0 -203.15
12.0 -218.714
12.0 -194.663
12.0 -203.516
12.0 -210.255
12.0 -194.47
12.0 -198.602
12.0 -189.41
12.0 -197.97
12.0 -202.8
12.0 -195.367
12.0 -171.368
12.0 -199.385
12.0 -196.322
12.0 -204.608
12.0 -191.74
12.0 -193.119
12.0 -202.69
12.0 -188.925
12.0 -197.586
12.0 -189.914
12.0 -182.546
12.0 -193.236
12.0 -187.24
12.0 -189.783
12.0 -197.377
12.0 -205.336
12.0 -202.828
12.0 -193.571
12.0 -191.385
12.0 -201.31
12.0 -198.186
12.0 -204.87
12.0 -202.947
12.0 -190.677
12.0 -195.097
12.0 -168.761
12.0 -177.828
12.0 -195.465
12.0 -182.442
12.0 -211.05
12.0 -203.292
12.0 -189.567
12.0 -180.466
12.0 -194.567
12.0 -186.505
12.0 -187.86
12.0 -185.453
12.0 -190.52
12.0 -205.698
12.0 -182.149
12.0 -203.203
12.0 -200.356
12.0 -192.256
12.0 -196.509
12.0 -203.798
12.0 -205.209
12.0 -182.788
12.0 -188.279
12.0 -195.155
12.0 -196.778
12.0 -207.629
12.0 -188.341
12.0 -196.559
12.0 -199.545
12.0 -193.517
12.0 -183.689
12.0 -183.473
12.0 -195.919
12.0 -189.928
12.0 -204.307
12.0 -201.056
12.0 -193.962
12.0 -194.05
12.0 -190.317
12.0 -198.334
12.0 -182.575
12.0 -183.433
12.0 -192.847
12.0 -191.465
12.0 -189.239
12.0 -195.237
12.0 -192.309
13.0 -201.419
13.0 -211.865
13.0 -196.261
13.0 -197.113
13.0 -195.735
13.0 -186.989
13.0 -191.021
13.0 -199.154
13.0 -193.691
13.0 -204.317
13.0 -194.559
13.0 -191.406
13.0 -186.575
13.0 -199.327
13.0 -210.422
13.0 -186.267
13.0 -183.61
13.0 -206.9
13.0 -197.603
13.0 -199.842
13.0 -201.254
13.0 -196.756
13.0 -189.716
13.0 -207.712
13.0 -198.276
13.0 -194.431
13.0 -216.495
14.5 -184.329
14.5 -197.945
14.5 -183.133
14.5 -193.223
14.5 -189.697
14.5 -184.714
14.5 -198.366
14.5 -195.908
500
-47.0 -233.187
-37.5 -207.573
-31.5 -198.027
-31.5 -196.951
-31.0 -195.583
-31.0 -201.429
-15.0 -196.124
-15.0 -211.776
-15.0 -212.225
-15.0 -204.863
-15.0 -194.461
-15.0 -217.317
-15.0 -198.981
-15.0 -203.307
-15.0 -201.092
-15.0 -213.006
-15.0 -190.047
-15.0 -222.085
-15.0 -204.17
-15.0 -198.973
-15.0 -200.245
-15.0 -211.897
-15.0 -192.021
-15.0 -193.824
-15.0 -194.061
-15.0 -202.086
-15.0 -195.825
-2.0 -193.71
-2.0 -175.439
-2.0 -263.73
-2.0 -202.47
-2.0 -188.753
-2.0 -171.997
-2.0 -197.728
-2.0 -191.662
-2.0 -192.287
-2.0 -209.345
-2.0 -199.584
-2.0 -198.854
-2.0 -198.876
-2.0 -196.127
-2.0 -218.203
-2.0 -201.696
-2.0 -194.801
-2.0 -205.546
-2.0 -197.776
-2.0 -184.408
-2.0 -190.533
6.0 -197.748
6.0 -187.894
6.0 -203.046
6.0 -191.571
6.0 -195.379
6.0 -192.169
6.0 -203.106
6.0 -191.669
6.0 -197.33
6.0 -188.351
6.0 -189.497
6.0 -197.24
6.0 -207.166
6.0 -195.505
6.0 -182.181
6.0 -196.424
6.0 -198.858
6.0 -195.148
6.0 -191.893
6.0 -197.535
6.0 -202.937
11.5 -184.389
11.5 -199.128
11.5 -198.566
11.5 -187.204
11.5 -192.356
11.5 -200.198
11.5 -205.239
11.5 -187.546
11.5 -207.015
11.5 -186.23
11.5 -198.363
11.5 -174.432
11.5 -207.524
11.5 -205.87
11.5 -201.507
11.5 -196.233
11.5 -199.287
11.5 -205.011
11.5 -196.017
11.5 -225.659
11.5 -192.116
11.5 -195.44
11.5 -190.838
11.5 -187.051
11.5 -202.354
11.5 -200.668
11.5 -191.781
11.5 -186.119
11.5 -197.282
11.5 -186.108
11.5 -198.058
11.5 -210.347
11.5 -185.963
11.5 -194.534
11.5 -185.318
11.5 -192.148
11.5 -188.177
11.5 -195.317
11.5 -191.643
11.5 -198.537
11.5 -199.186
11.5 -178.965
11.5 -199.811
11.5 -210.083
11.5 -191.28
11.5 -189.037
11.5 -192.036
11.5 -195.262
11.5 -192.158
11.5 -184.809
11.5 -209.53
11.5 -183.95
11.5 -195.848
11.5 -221.488
11.5 -201.792
11.5 -187.876
11.5 -196.293
11.5 -199.554
11.5 -191.561
11.5 -183.829
11.5 -206.129
11.5 -188.15
11.5 -192.163
11.5 -196.003
11.5 -196.661
11.5 -191.138
11.5 -201.836
11.5 -199.176
11.5 -187.66
11.5 -200.748
11.5 -201.096
11.5 -216.963
11.5 -202.983
11.5 -195.296
11.5 -193.232
11.5 -184.816
11.5 -194.51
11.5 -191.926
11.5 -195.157
11.5 -211.692
11.5 -197.561
11.5 -183.747
11.5 -203.181
11.5 -200.719
11.5 -198.822
11.5 -187.188
11.5 -191.503
11.5 -210.658
11.5 -191.73
11.5 -198.419
11.5 -188.478
11.5 -190.458
11.5 -191.655
11.5 -200.363
11.5 -190.017
11.5 -195.533
11.5 -187.743
11.5 -200.361
11.5 -188.639
11.5 -196.123
11.5 -207.973
11.5 -183.412
11.5 -202.762
11.5 -182.124
11.5 -198.397
11.5 -189.366
11.5 -188.901
11.5 -213.639
11.5 -191.285
11.5 -200.924
11.5 -197.284
11.5 -191.414
11.5 -216.006
11.5 -196.296
11.5 -190.64
11.5 -214.554
11.5 -195.616
11.5 -191.911
11.5 -192.993
11.5 -209.464
11.5 -199.374
11.5 -195.673
11.5 -189.907
11.5 -204.886
11.5 -200.047
11.5 -181.577
11.5 -209.358
11.5 -216.815
11.5 -190.378
11.5 -198.625
11.5 -186.747
11.5 -214.594
11.5 -196.432
11.5 -215.943
11.5 -188.263
11.5 -207.282
11.5 -204.999
11.5 -189.333
11.5 -184.011
11.5 -196.485
11.5 -191.339
11.5 -185.005
11.5 -199.98
11.5 -196.162
11.5 -205.699
11.5 -189.706
11.5 -215.191
11.5 -202.056
11.5 -200.198
11.5 -178.467
11.5 -188.541
11.5 -206.156
11.5 -194.373
11.5 -197.257
11.5 -192.172
11.5 -188.242
11.5 -194.839
11.5 -195.452
11.5 -200.56
11.5 -190.722
11.5 -199.154
11.5 -211.68
11.5 -184.831
11.5 -185.399
11.5 -189.108
11.5 -200.011
11.5 -193.494
11.5 -185.696
11.5 -210.718
11.5 -205.476
11.5 -186.328
11.5 -180.114
11.5 -192.678
11.5 -206.019
11.5 -198.257
11.5 -199.325
11.5 -190.785
11.5 -201.304
11.5 -192.178
11.5 -190.06
11.5 -197.744
11.5 -185.004
11.5 -188.143
11.5 -192.639
11.5 -208.422
11.5 -199.662
11.5 -196.309
11.5 -192.873
11.5 -210.229
11.5 -198.477
11.5 -198.507
11.5 -206.589
11.5 -189.914
11.5 -194.212
11.5 -188.562
11.5 -200.828
11.5 -191.233
11.5 -187.871
11.5 -189.861
11.5 -196.792
11.5 -197.563
11.5 -218.418
11.5 -187.88
11.5 -190.552
11.5 -192.578
11.5 -185.828
11.5 -190.648
11.5 -198.422
11.5 -194.326
11.5 -189.527
11.5 -197.794
11.5 -197.103
11.5 -192.263
11.5 -201.847
11.5 -183.508
11.5 -226.691
11.5 -199.704
11.5 -201.726
11.5 -204.204
11.5 -204.757
11.5 -196.343
11.5 -195.582
11.5 -189.901
11.5 -202.432
11.5 -191.346
11.5 -189.752
11.5 -201.91
11.5 -200.187
11.5 -195.142
11.5 -203.929
11.5 -199.117
11.5 -208.207
11.5 -210.057
11.5 -195.347
11.5 -185.56
11.5 -196.009
11.5 -204.353
11.5 -193.653
11.5 -185.315
11.5 -189.442
11.5 -212.479
11.5 -203.182
11.5 -189.369
11.5 -190.676
11.5 -183.414
11.5 -196.318
11.5 -218.999
11.5 -192.511
11.5 -201.483
11.5 -191.131
11.5 -165.048
11.5 -178.988
11.5 -203.698
11.5 -181.552
11.5 -193.396
11.5 -200.403
11.5 -198.962
11.5 -199.843
11.5 -199.738
11.5 -204.727
11.5 -196.43
11.5 -196.186
11.5 -191.673
11.5 -190.316
11.5 -206.259
11.5 -205.8
11.5 -185.786
11.5 -192.476
11.5 -180.023
11.5 -185.761
11.5 -196.175
11.5 -193.143
11.5 -200.747
11.5 -186.741
11.5 -205.55
11.5 -186.243
11.5 -216.56
11.5 -198.043
11.5 -205.107
11.5 -198.992
11.5 -195.549
11.5 -184.247
11.5 -187.081
11.5 -204.063
11.5 -194.348
11.5 -196.155
11.5 -198.813
11.5 -186.987
11.5 -196.991
11.5 -201.563
11.5 -192.113
11.5 -189.457
11.5 -198.861
11.5 -194.278
11.5 -197.68
11.5 -192.833
11.5 -200.895
11.5 -201.285
11.5 -195.515
11.5 -195.934
11.5 -191.966
11.5 -193.321
11.5 -209.39
11.5 -199.86
11.5 -187.022
11.5 -205.104
11.5 -205.819
11.5 -193.231
11.5 -176.709
11.5 -181.479
11.5 -186.257
11.5 -204.857
11.5 -213.904
11.5 -194.842
11.5 -198.869
11.5 -188.711
11.5 -211.6
11.5 -193.452
11.5 -203.211
11.5 -194.061
11.5 -201.258
11.5 -205.221
11.5 -201.736
11.5 -195.898
11.5 -208.953
11.5 -192.375
11.5 -185.655
11.5 -194.185
11.5 -197.617
11.5 -201.996
11.5 -185.797
11.5 -188.659
11.5 -197.947
11.5 -181.078
11.5 -197.41
11.5 -196.734
11.5 -194.213
11.5 -193.786
11.5 -193.836
11.5 -202.632
11.5 -199.1
11.5 -184.282
11.5 -185.411
11.5 -187.929
11.5 -207.335
11.5 -200.541
11.5 -197.005
11.5 -186.353
11.5 -198.044
11.5 -199.147
11.5 -194.278
11.5 -192.892
11.5 -194.162
11.5 -177.949
11.5 -213.112
11.5 -199.238
11.5 -195.307
11.5 -187.925
11.5 -190.326
11.5 -188.233
11.5 -195.661
11.5 -183.435
11.5 -189.866
11.5 -199.948
11.5 -199.228
11.5 -194.236
11.5 -194.703
11.5 -194.296
11.5 -184.929
11.5 -184.3
11.5 -188.397
11.5 -211.364
11.5 -191.046
11.5 -193.178
11.5 -206.77
11.5 -201.411
11.5 -197.628
11.5 -188.973
11.5 -181.504
11.5 -197.816
11.5 -197.683
11.5 -190.285
11.5 -185.246
11.5 -185.092
11.5 -190.315
11.5 -193.791
11.5 -181.119
11.5 -190.298
11.5 -197.2
11.5 -193.19
11.5 -189.005
11.5 -183.651
11.5 -174.67
11.5 -190.93
11.5 -185.094
11.5 -197.298
11.5 -187.858
11.5 -199.509
11.5 -201.449
11.5 -191.93
11.5 -193.629
11.5 -188.27
11.5 -206.925
11.5 -206.108
11.5 -200.759
11.5 -195.894
11.5 -182.045
11.5 -200.827
11.5 -198.778
11.5 -209.441
11.5 -203.367
11.5 -181.724
11.5 -200.339
11.5 -209.791
11.5 -212.426
11.5 -205.548
11.5 -189.035
11.5 -177.87
11.5 -199.814
11.5 -214.67
11.5 -208.119
11.5 -201.195
11.5 -202.747
11.5 -212.466
11.5 -209.265
11.5 -197.672
11.5 -191.545
11.5 -186.766
11.5 -196.657
11.5 -183.438
11.5 -195.956

Individual: [1, 9, 13, 23, 24, 29, 30, 31, 35, 41, 44, 61, 62, 67, 68, 75, 84, 86, 88, 90, 94, 95, 96, 97]
   Fitness: 16.0
     Total: 24
Violations: 20 15

Individual: [1, 2, 4, 14, 18, 19, 27, 28, 37, 43, 45, 47, 51, 57, 59, 62, 68, 74, 75, 81, 83, 89, 90, 96, 99]
   Fitness: 6.5
     Total: 25
Violations: 31 15

Individual: [16, 19, 21, 22, 25, 31, 32, 38, 46, 49, 50, 56, 63, 64, 67, 69, 74, 77, 82, 83, 88, 89, 91, 94, 95, 98]
   Fitness: 9.0
     Total: 26
Violations: 30 19

Individual: [1, 2, 3, 9, 12, 16, 18, 21, 27, 34, 35, 40, 42, 43, 48, 50, 62, 69, 72, 73, 78, 84, 100]
   Fitness: 9.5
     Total: 23
Violations: 25 16

Individual: [1, 2, 4, 8, 11, 18, 19, 27, 30, 42, 44, 48, 49, 51, 56, 62, 69, 70, 73, 79, 81, 89, 95, 100]
   Fitness: 14.0
     Total: 24
Violations: 22 15

Individual: [1, 8, 12, 20, 26, 28, 31, 33, 36, 38, 40, 43, 48, 56, 57, 59, 62, 63, 65, 77, 82, 83, 88, 91, 94, 96]
   Fitness: 6.0
     Total: 26
Violations: 33 16

Individual: [1, 9, 10, 13, 14, 15, 18, 19, 23, 38, 50, 52, 53, 56, 58, 63, 69, 73, 80, 84, 88, 100]
   Fitness: 14.0
     Total: 22
Violations: 19 11

Individual: [4, 6, 9, 11, 15, 20, 22, 25, 36, 40, 49, 53, 64, 67, 68, 71, 77, 78, 80, 81, 85, 88, 91, 96, 97, 99]
   Fitness: 15.0
     Total: 26
Violations: 24 16

Individual: [2, 3, 5, 6, 8, 10, 16, 19, 21, 23, 25, 41, 47, 48, 49, 54, 63, 66, 69, 70, 80, 86, 95, 97, 99]
   Fitness: 14.5
     Total: 25
Violations: 23 15

Individual: [1, 3, 7, 8, 11, 12, 27, 28, 39, 40, 41, 54, 56, 63, 68, 69, 74, 78, 81, 83, 85, 87, 89, 90, 91, 96, 98]
   Fitness: 11.5
     Total: 27
Violations: 29 15
