10
50
-1.5 -233.227
-1.5 -159.32
-1.5 -141.215
-1.5 -131.415
-1.5 -115.555
9.5 -108.459
9.5 -117.788
9.5 -99.683
10.0 -86.372
18.0 -90.334
18.0 -94.612
18.0 -96.46
18.0 -93.093
18.0 -87.093
18.0 -86.745
18.0 -85.885
18.0 -81.501
18.0 -90.603
18.0 -78.365
18.0 -80.166
18.0 -88.481
18.0 -82.918
18.0 -90.769
18.0 -77.749
18.0 -81.196
18.0 -84.417
18.0 -99.313
18.0 -78.625
18.0 -99.001
18.0 -82.072
24.0 -83.375
24.0 -84.478
24.0 -72.998
24.0 -85.245
24.0 -85.29
24.0 -86.429
24.0 -86.283
24.0 -88.577
24.0 -81.45
24.0 -74.929
24.0 -77.867
24.0 -77.168
24.0 -82.459
24.0 -82.462
24.0 -80.222
24.0 -75.531
24.0 -83.617
24.0 -84.764
24.0 -80.546
24.0 -78.958
50
-41.5 -238.341
-41.5 -164.461
-8.0 -154.315
-8.0 -142.775
-8.0 -119.352
-2.0 -128.042
-0.5 -128.905
13.0 -112.544
13.0 -116.709
13.0 -101.589
13.0 -106.357
15.5 -108.727
15.5 -98.03
15.5 -100.274
15.5 -97.098
15.5 -88.316
15.5 -85.671
15.5 -96.839
15.5 -95.442
15.5 -86.847
15.5 -90.917
15.5 -85.84
15.5 -78.6
18.0 -75.539
18.0 -91.686
18.0 -83.13
18.0 -93.187
18.0 -87.521
18.0 -85.842
18.0 -82.457
18.0 -91.097
18.0 -80.337
18.0 -84.194
18.0 -81.295
18.0 -89.988
18.0 -82.801
18.0 -95.397
18.0 -88.107
18.0 -79.691
18.0 -76.943
18.0 -88.265
18.0 -88.583
18.0 -91.421
18.0 -79.091
18.0 -79.663
18.0 -86.544
19.5 -94.895
19.5 -86.211
19.5 -103.454
19.5 -87.889
50
-29.5 -230.937
-29.5 -170.3
-29.5 -153.948
-11.0 -149.104
-8.5 -125.682
-5.5 -124.206
9.0 -116.015
9.0 -107.013
9.0 -99.027
9.0 -114.597
9.0 -100.566
9.0 -94.326
10.0 -85.425
10.0 -87.838
14.0 -96.069
14.0 -84.844
14.0 -102.277
14.0 -85.08
17.5 -90.698
17.5 -96.181
17.5 -85.019
17.5 -86.202
17.5 -96.139
17.5 -98.204
17.5 -87.329
18.5 -94.891
18.5 -88.126
18.5 -69.973
18.5 -81.684
18.5 -86.827
18.5 -78.84
18.5 -75.444
18.5 -86.833
18.5 -75.795
18.5 -79.497
18.5 -89.46
18.5 -75.057
18.5 -86.613
18.5 -86.228
19.5 -83.953
19.5 -84.557
19.5 -91.48
19.5 -85.519
19.5 -73.511
19.5 -78.002
19.5 -86.559
19.5 -83.695
19.5 -88.565
19.5 -83.364
19.5 -79.909
50
-44.0 -226.264
-15.0 -159.343
-6.0 -145.084
-6.0 -138.24
3.0 -123.234
4.0 -105.801
4.0 -102.998
19.5 -93.782
19.5 -86.543
19.5 -100.443
19.5 -90.634
19.5 -100.107
19.5 -103.723
19.5 -106.293
19.5 -99.557
19.5 -93.192
19.5 -90.345
19.5 -73.939
19.5 -80.688
19.5 -83.297
19.5 -81.867
19.5 -94.227
19.5 -92.229
19.5 -78.476
19.5 -83.85
19.5 -95.007
19.5 -83.721
19.5 -87.889
19.5 -76.125
19.5 -77.57
19.5 -70.991
19.5 -72.646
20.5 -86.996
20.5 -74.581
20.5 -75.093
20.5 -78.13
20.5 -72.542
20.5 -71.816
20.5 -71.605
23.5 -76.975
23.5 -79.651
23.5 -81.885
23.5 -75.969
23.5 -77.776
23.5 -74.205
23.5 -85.138
23.5 -80.832
23.5 -87.57
23.5 -86.624
23.5 -85.548
50
-11.0 -230.238
-11.0 -163.208
-6.0 -150.574
-6.0 -130.555
-2.0 -109.794
-1.5 -115.849
0.5 -116.547
8.5 -111.187
8.5 -100.937
16.5 -93.301
16.5 -94.669
16.5 -96.929
17.0 -93.945
17.0 -83.853
17.0 -83.062
18.5 -72.511
18.5 -80.718
18.5 -78.46
18.5 -81.435
18.5 -92.72
18.5 -90.501
18.5 -90.993
18.5 -87.341
18.5 -77.842
18.5 -81.44
20.5 -77.126
20.5 -78.538
20.5 -94.128
20.5 -87.665
20.5 -75.665
20.5 -77.439
20.5 -91.337
20.5 -82.101
20.5 -69.637
20.5 -80.984
20.5 -81.217
20.5 -87.491
20.5 -90.261
20.5 -82.032
20.5 -87.419
21.0 -87.099
22.0 -73.115
22.0 -72.899
22.0 -76.721
22.5 -73.418
22.5 -76.415
22.5 -76.83
22.5 -70.788
22.5 -87.677
22.5 -75.944
50
-38.0 -228.486
-30.5 -167.77
-19.5 -137.932
-7.5 -129.063
-7.5 -115.589
0.5 -120.505
0.5 -117.613
0.5 -104.199
4.0 -96.622
4.0 -104.327
4.0 -104.348
4.5 -87.993
7.5 -99.532
8.0 -94.659
12.5 -98.707
13.0 -83.678
13.0 -101.845
13.0 -84.762
13.0 -91.03
13.0 -79.179
18.5 -92.548
18.5 -86.606
19.0 -102.326
19.0 -77.801
19.0 -87.851
19.5 -91.258
19.5 -76.102
19.5 -77.196
19.5 -84.728
20.0 -81.365
20.0 -85.7
20.0 -91.231
20.0 -93.401
21.5 -81.556
21.5 -71.629
21.5 -71.879
21.5 -82.689
21.5 -92.248
21.5 -79.85
21.5 -71.777
21.5 -62.456
21.5 -84.559
21.5 -72.227
21.5 -81.644
21.5 -84.133
21.5 -77.11
21.5 -85.111
21.5 -80.67
21.5 -77.047
21.5 -85.38
50
-48.5 -234.046
-23.5 -174.079
-7.5 -148.019
-7.5 -141.793
-7.5 -125.343
6.5 -126.319
6.5 -107.756
6.5 -115.763
7.0 -110.872
11.0 -114.439
11.0 -99.394
11.0 -113.613
11.0 -93.54
15.5 -109.022
15.5 -96.929
15.5 -88.697
15.5 -87.472
17.5 -100.661
17.5 -102.522
17.5 -84.376
17.5 -81.389
17.5 -76.196
20.5 -78.151
20.5 -92.218
20.5 -90.323
20.5 -87.409
20.5 -78.886
20.5 -86.466
20.5 -81.468
20.5 -98.966
20.5 -92.271
20.5 -90.243
22.5 -94.552
22.5 -79.131
22.5 -79.906
22.5 -87.592
22.5 -96.56
22.5 -81.848
22.5 -80.111
22.5 -87.635
22.5 -79.679
22.5 -86.574
22.5 -83.973
22.5 -83.651
22.5 -76.282
22.5 -90.402
22.5 -78.524
22.5 -77.666
22.5 -71.386
22.5 -72.265
50
-23.5 -230.101
-23.5 -167.97
-14.5 -153.912
5.0 -139.976
5.0 -122.736
5.0 -107.277
6.0 -116.474
6.0 -113.482
11.0 -117.257
11.0 -95.709
11.0 -92.696
11.0 -91.365
11.0 -95.098
11.0 -93.404
11.0 -104.624
11.0 -93.186
11.0 -102.984
11.0 -113.367
15.5 -108.977
15.5 -105.188
15.5 -94.318
15.5 -87.708
15.5 -87.623
15.5 -88.971
15.5 -82.536
18.5 -79.764
18.5 -78.976
18.5 -98.356
18.5 -87.883
18.5 -85.006
20.0 -75.323
20.0 -77.469
20.0 -80.005
20.0 -89.986
20.0 -86.382
20.0 -86.32
20.0 -87.161
20.0 -72.865
20.0 -89.513
20.0 -80.012
20.0 -75.894
20.0 -72.532
20.0 -79.578
20.0 -71.742
20.0 -75.175
20.0 -88.059
20.0 -79.184
20.0 -80.778
20.0 -72.336
20.0 -91.061
50
-24.0 -235.344
-10.0 -176.0
1.5 -148.685
1.5 -139.417
1.5 -136.416
3.5 -131.894
6.0 -112.9
6.0 -108.695
6.0 -98.759
9.0 -99.307
10.0 -112.19
16.5 -98.7
16.5 -92.793
16.5 -94.509
17.5 -91.523
17.5 -81.552
17.5 -98.35
17.5 -105.319
17.5 -94.119
17.5 -82.206
17.5 -82.314
19.0 -83.65
20.0 -73.115
20.0 -84.703
20.0 -94.525
20.0 -83.698
20.0 -101.713
20.0 -97.534
20.0 -86.752
20.0 -96.796
20.0 -97.74
20.0 -75.122
20.0 -85.712
20.0 -86.222
20.0 -82.075
20.0 -75.329
20.0 -80.546
20.0 -80.998
20.0 -90.941
20.0 -78.255
20.0 -85.082
24.5 -80.522
24.5 -79.938
24.5 -86.816
24.5 -79.354
24.5 -84.813
24.5 -78.231
24.5 -78.317
24.5 -80.757
24.5 -84.124
50
-38.0 -232.128
-21.5 -164.302
-14.5 -152.395
-9.0 -143.469
7.0 -126.162
7.0 -111.911
7.0 -104.895
7.0 -116.313
7.0 -104.125
19.0 -108.733
19.0 -91.16
19.0 -89.791
19.0 -85.713
19.0 -88.306
19.0 -86.323
19.0 -93.409
19.0 -93.913
19.0 -94.505
19.0 -94.339
19.0 -87.48
19.0 -97.566
19.0 -77.519
19.0 -93.704
19.0 -77.573
19.0 -73.138
19.0 -92.405
19.0 -95.784
19.0 -85.148
22.0 -90.306
22.0 -87.118
22.0 -87.666
22.0 -94.414
22.0 -88.618
22.0 -87.347
22.0 -73.77
22.0 -66.853
22.0 -81.287
22.0 -88.827
22.0 -86.182
22.0 -78.945
22.0 -81.132
22.0 -92.56
22.0 -69.589
22.0 -75.016
22.5 -74.572
22.5 -87.589
22.5 -85.653
22.5 -90.748
22.5 -79.939
22.5 -75.12

Individual: [2, 3, 10, 12, 16, 21, 23, 24, 26, 31, 35, 37, 39, 61, 69, 70, 71, 80, 86, 88, 89, 92, 97, 100]
   Fitness: 24.0
     Total: 24
Violations: 12 10

Individual: [4, 6, 7, 17, 19, 26, 32, 40, 41, 43, 49, 51, 52, 73, 76, 78, 82, 85, 89, 90, 92, 96, 99]
   Fitness: 19.5
     Total: 23
Violations: 15 10

Individual: [1, 3, 4, 7, 8, 16, 20, 24, 25, 26, 27, 39, 43, 48, 50, 56, 65, 68, 77, 85, 89, 90, 91, 98, 100]
   Fitness: 19.5
     Total: 25
Violations: 18 13

Individual: [4, 7, 8, 12, 13, 15, 20, 21, 28, 30, 31, 37, 39, 60, 63, 64, 71, 72, 79, 84, 85, 90, 92, 93, 100]
   Fitness: 23.5
     Total: 25
Violations: 14 11

Individual: [1, 3, 5, 10, 12, 15, 22, 29, 30, 31, 35, 54, 60, 68, 74, 78, 84, 85, 86, 87, 95, 97, 99]
   Fitness: 22.5
     Total: 23
Violations: 12 11

Individual: [3, 4, 9, 11, 13, 15, 18, 20, 21, 30, 31, 43, 63, 64, 67, 71, 72, 74, 79, 90, 94, 96, 100]
   Fitness: 21.5
     Total: 23
Violations: 13 12

Individual: [1, 3, 6, 12, 14, 18, 20, 24, 32, 33, 41, 45, 53, 56, 66, 67, 83, 85, 89, 90, 91, 94, 96]
   Fitness: 22.5
     Total: 23
Violations: 12 9

Individual: [1, 3, 6, 12, 14, 17, 29, 30, 33, 34, 38, 40, 45, 63, 64, 69, 72, 75, 80, 82, 93, 94, 96, 100]
   Fitness: 20.0
     Total: 24
Violations: 16 11

Individual: [1, 4, 7, 11, 12, 21, 28, 29, 39, 40, 52, 56, 58, 61, 63, 67, 80, 81, 82, 85, 90, 91, 96]
   Fitness: 24.5
     Total: 23
Violations: 10 10

Individual: [1, 6, 8, 11, 12, 17, 31, 38, 41, 42, 57, 60, 77, 78, 83, 86, 87, 90, 95]
   Fitness: 22.5
     Total: 19
Violations: 6 5
