10
50
-60.5 -232.908
-52.0 -176.55
-24.5 -154.294
-24.5 -144.72
-24.5 -140.046
-19.0 -140.182
-4.5 -126.575
-4.5 -128.527
-4.5 -130.468
-4.5 -128.437
-4.5 -125.902
-4.5 -120.961
-4.5 -122.612
-4.5 -119.116
-4.5 -116.423
-4.5 -119.274
-4.5 -116.502
-4.5 -116.82
-4.5 -119.396
-4.5 -113.687
-4.5 -121.007
-4.5 -117.494
-4.5 -120.17
-4.5 -116.406
-4.5 -116.863
-4.5 -118.42
-4.5 -112.012
-4.5 -116.31
-1.5 -117.826
-1.5 -117.534
-1.5 -108.433
-1.5 -112.246
-1.5 -113.872
-1.5 -113.46
-1.5 -112.67
-1.5 -111.716
-1.5 -118.444
-1.5 -121.222
-1.5 -117.024
-1.5 -116.207
-1.5 -115.5
3.5 -112.334
3.5 -116.668
3.5 -113.527
3.5 -109.427
3.5 -111.407
3.5 -108.769
3.5 -114.382
3.5 -112.188
3.5 -108.592
50
-56.0 -233.441
-44.5 -168.497
-2.5 -151.688
-2.5 -139.656
-2.5 -138.219
-2.5 -136.733
-2.5 -130.97
-2.5 -131.89
-0.5 -121.478
-0.5 -117.913
-0.5 -122.784
5.0 -126.118
5.0 -119.762
5.0 -118.807
5.0 -119.277
5.0 -120.556
5.0 -119.779
5.0 -123.489
5.0 -124.889
5.0 -118.722
5.0 -117.577
5.0 -114.721
5.0 -114.892
5.0 -120.592
5.0 -114.057
5.0 -115.406
5.0 -118.294
5.0 -119.061
5.0 -118.186
5.0 -116.705
5.0 -112.868
5.0 -113.546
5.0 -115.926
5.0 -115.554
5.0 -112.137
7.0 -110.139
7.0 -107.81
7.0 -112.535
7.0 -111.483
7.0 -111.191
7.0 -111.247
12.5 -109.244
12.5 -107.299
12.5 -109.985
12.5 -109.031
12.5 -108.532
12.5 -109.877
12.5 -113.577
12.5 -112.034
12.5 -109.595
50
-43.0 -234.415
-35.0 -174.153
-15.0 -156.129
-15.0 -148.611
-0.5 -135.708
-0.5 -132.255
-0.5 -126.868
-0.5 -126.614
0.5 -129.094
0.5 -129.417
0.5 -127.036
0.5 -124.146
0.5 -124.022
0.5 -125.058
0.5 -119.799
0.5 -122.399
0.5 -127.912
0.5 -127.486
0.5 -117.645
0.5 -120.222
0.5 -118.556
0.5 -120.634
0.5 -120.991
0.5 -120.535
0.5 -118.648
0.5 -118.678
1.0 -121.651
5.0 -121.605
5.0 -115.981
5.0 -115.511
5.0 -116.533
5.0 -118.267
5.0 -117.039
5.0 -117.496
5.0 -116.531
5.0 -109.088
5.0 -109.789
5.0 -110.95
5.0 -113.495
5.0 -112.225
5.0 -116.537
5.0 -113.24
5.0 -111.349
6.5 -110.837
6.5 -110.322
6.5 -109.838
6.5 -114.993
6.5 -113.796
6.5 -112.121
6.5 -107.06
50
-28.0 -234.787
-28.0 -169.229
-28.0 -149.505
-28.0 -140.913
-6.0 -136.916
-6.0 -138.943
-6.0 -130.38
-6.0 -130.017
-5.5 -126.41
-5.5 -123.247
-5.5 -123.084
-5.5 -120.902
-3.5 -120.176
-3.5 -119.841
-3.5 -115.49
-3.5 -116.427
-3.5 -117.156
-3.5 -116.06
-3.5 -113.528
-3.5 -117.484
-3.5 -116.281
-3.5 -117.735
-3.5 -116.085
-3.5 -114.53
8.0 -117.469
8.0 -118.741
8.0 -120.709
8.0 -113.261
8.0 -115.568
8.0 -110.619
8.0 -112.195
8.0 -114.709
8.0 -113.648
8.0 -115.941
8.0 -109.649
8.0 -117.112
8.0 -111.976
8.0 -113.41
9.0 -114.918
9.0 -108.79
9.0 -113.833
9.0 -114.389
9.0 -108.5
9.0 -107.743
9.0 -115.057
11.5 -120.894
11.5 -114.472
11.5 -111.353
11.5 -111.496
11.5 -111.056
50
-50.5 -231.355
-31.0 -169.097
-31.0 -150.991
-29.0 -139.55
-7.0 -135.057
-7.0 -135.279
-3.5 -131.582
-3.5 -128.069
-3.5 -126.997
-3.5 -123.771
-3.5 -132.459
-3.5 -126.334
2.5 -124.181
2.5 -124.937
2.5 -121.553
2.5 -114.758
2.5 -117.345
2.5 -115.23
2.5 -112.754
2.5 -117.432
2.5 -118.629
2.5 -120.804
2.5 -115.23
2.5 -120.886
2.5 -122.473
2.5 -117.294
2.5 -116.744
2.5 -116.107
2.5 -116.709
2.5 -114.33
2.5 -116.085
2.5 -113.099
2.5 -115.461
2.5 -113.989
2.5 -114.328
2.5 -119.039
2.5 -113.706
2.5 -113.695
2.5 -114.316
2.5 -119.896
2.5 -113.547
2.5 -113.186
2.5 -113.311
2.5 -113.727
2.5 -112.329
2.5 -115.526
2.5 -112.129
2.5 -112.075
5.5 -115.826
5.5 -119.316
50
-46.0 -231.581
-41.5 -171.557
-20.0 -152.637
-10.5 -141.112
-10.5 -140.145
-10.5 -137.442
-10.5 -132.772
-10.5 -126.369
-10.5 -130.216
-10.5 -124.628
-10.5 -122.03
-6.0 -123.035
-6.0 -123.008
-6.0 -124.971
-6.0 -122.93
-2.0 -118.854
-2.0 -121.888
7.5 -120.287
7.5 -114.821
7.5 -115.01
7.5 -119.963
7.5 -118.194
7.5 -115.731
7.5 -117.152
7.5 -117.309
7.5 -112.327
7.5 -115.368
7.5 -121.779
7.5 -116.689
7.5 -119.267
7.5 -112.117
7.5 -117.891
7.5 -115.61
7.5 -111.235
7.5 -115.432
7.5 -112.514
7.5 -114.168
7.5 -118.882
7.5 -111.168
7.5 -115.448
7.5 -114.774
7.5 -109.531
7.5 -113.729
7.5 -111.429
7.5 -114.321
7.5 -113.859
7.5 -113.401
7.5 -114.235
7.5 -114.175
10.5 -115.793
50
-60.0 -230.076
-51.5 -175.33
-47.5 -159.838
-30.0 -144.101
5.0 -136.335
5.0 -136.461
5.0 -134.661
5.0 -134.501
5.0 -130.013
5.0 -126.502
5.0 -122.334
5.0 -121.899
5.0 -125.78
5.0 -121.535
5.0 -123.225
5.0 -123.293
5.0 -116.844
5.0 -117.558
5.0 -119.548
5.0 -117.967
5.0 -120.116
5.0 -119.877
5.0 -119.66
5.0 -115.169
5.0 -115.07
5.0 -116.767
5.0 -117.915
5.0 -119.653
5.0 -113.452
5.0 -117.325
5.0 -116.117
5.0 -115.974
5.0 -116.291
5.0 -118.823
5.0 -115.697
5.0 -118.227
5.0 -117.885
5.0 -110.555
5.0 -114.891
5.0 -114.485
5.0 -111.271
5.0 -111.029
5.0 -114.307
5.0 -112.83
5.0 -109.87
5.0 -114.263
5.0 -113.003
5.0 -113.155
5.0 -113.916
5.0 -114.698
50
-46.5 -235.752
-46.5 -172.028
-17.5 -153.21
-17.5 -143.988
-17.5 -136.395
-17.5 -136.393
-17.5 -128.868
-17.5 -123.734
-14.5 -125.25
-12.5 -128.16
-8.5 -122.17
-8.5 -123.465
-8.5 -123.014
-8.5 -120.493
-8.5 -118.163
-8.5 -121.374
-3.5 -122.232
-3.5 -111.626
-3.5 -120.484
-3.5 -117.346
-3.5 -121.376
-3.5 -116.714
-3.5 -115.051
-3.5 -120.336
0.0 -116.475
0.0 -117.189
0.0 -118.88
4.5 -120.066
4.5 -113.536
7.5 -115.267
7.5 -120.677
7.5 -117.181
7.5 -114.503
7.5 -117.648
7.5 -119.123
7.5 -119.6
7.5 -114.638
7.5 -113.123
7.5 -111.405
7.5 -109.281
7.5 -113.271
7.5 -108.712
7.5 -109.345
7.5 -113.662
7.5 -111.416
7.5 -112.881
7.5 -110.229
7.5 -111.813
7.5 -116.716
7.5 -107.756
50
-55.0 -241.935
-41.5 -170.611
-36.0 -154.919
-18.0 -142.809
-13.0 -138.273
-13.0 -137.773
-13.0 -131.666
-13.0 -131.211
-13.0 -133.998
4.5 -131.315
4.5 -125.269
4.5 -119.982
4.5 -120.811
4.5 -125.862
4.5 -128.66
4.5 -121.674
4.5 -122.123
4.5 -120.548
4.5 -120.407
4.5 -121.917
4.5 -119.604
4.5 -124.574
4.5 -124.0
4.5 -119.113
4.5 -114.752
4.5 -120.266
4.5 -118.961
4.5 -119.861
4.5 -117.744
4.5 -117.266
4.5 -119.648
4.5 -115.825
4.5 -114.605
4.5 -116.77
4.5 -119.609
4.5 -114.194
4.5 -113.009
4.5 -115.789
4.5 -119.858
4.5 -117.97
4.5 -116.217
4.5 -112.756
4.5 -115.757
4.5 -115.968
9.0 -120.991
9.0 -114.812
9.0 -112.866
9.0 -111.993
9.0 -121.051
9.0 -115.718
50
-35.0 -236.512
-35.0 -168.708
-31.0 -153.563
-20.5 -140.84
-20.0 -137.183
-20.0 -133.261
-10.0 -131.922
-8.0 -128.762
-8.0 -130.261
-2.0 -126.953
-2.0 -122.763
-2.0 -120.503
-2.0 -123.494
-2.0 -118.706
-2.0 -122.434
-2.0 -120.048
-2.0 -124.237
-2.0 -119.756
16.5 -119.542
16.5 -114.353
16.5 -116.119
16.5 -116.922
16.5 -117.101
16.5 -117.775
16.5 -112.66
16.5 -118.509
16.5 -116.044
16.5 -116.381
16.5 -112.812
16.5 -112.682
16.5 -111.69
16.5 -112.141
16.5 -112.97
16.5 -114.517
16.5 -110.644
16.5 -112.71
16.5 -114.492
16.5 -115.157
16.5 -115.744
16.5 -108.552
16.5 -109.997
16.5 -111.94
16.5 -109.865
16.5 -112.25
16.5 -113.075
16.5 -110.169
16.5 -109.612
16.5 -108.932
16.5 -115.934
16.5 -109.806

Individual: [14, 19, 25, 27, 36, 39, 42, 43, 51, 54, 55, 56, 65, 66, 71, 73, 76, 79, 85, 90, 92, 93, 96, 97, 100]
   Fitness: 3.5
     Total: 25
Violations: 34 16

Individual: [3, 4, 6, 7, 10, 11, 12, 18, 19, 22, 27, 28, 36, 46, 48, 57, 61, 63, 64, 68, 71, 74, 84, 97, 98]
   Fitness: 12.5
     Total: 25
Violations: 25 16

Individual: [2, 5, 7, 10, 15, 16, 22, 26, 27, 32, 37, 40, 46, 62, 64, 68, 70, 78, 80, 83, 85, 86, 87, 91, 93, 94, 95, 98, 100]
   Fitness: 6.5
     Total: 29
Violations: 37 21

Individual: [6, 7, 9, 12, 15, 28, 29, 32, 33, 35, 36, 38, 43, 61, 63, 66, 69, 73, 78, 81, 82, 85, 91, 92, 95, 96, 99]
   Fitness: 11.5
     Total: 27
Violations: 29 18

Individual: [1, 4, 5, 7, 10, 14, 17, 21, 22, 25, 27, 35, 48, 55, 56, 63, 65, 66, 72, 77, 80, 84, 86, 87, 88, 91, 93, 94, 99]
   Fitness: 5.5
     Total: 29
Violations: 38 21

Individual: [1, 2, 4, 7, 12, 13, 15, 21, 24, 29, 31, 34, 35, 37, 42, 48, 49, 66, 70, 76, 80, 86, 88, 90, 92, 93, 100]
   Fitness: 10.5
     Total: 27
Violations: 30 22

Individual: [5, 8, 9, 10, 14, 20, 21, 22, 26, 27, 30, 38, 41, 48, 50, 53, 67, 70, 76, 81, 82, 83, 84, 85, 90, 91, 93, 98]
   Fitness: 5.0
     Total: 28
Violations: 37 19

Individual: [1, 6, 14, 21, 25, 27, 30, 31, 43, 45, 51, 53, 55, 63, 66, 68, 72, 74, 77, 79, 84, 86, 92, 94, 95, 96, 99]
   Fitness: 7.5
     Total: 27
Violations: 33 17

Individual: [1, 4, 9, 10, 11, 13, 19, 23, 28, 29, 30, 38, 39, 43, 58, 60, 61, 63, 64, 70, 71, 81, 84, 85, 92, 93, 95, 96, 99, 100]
   Fitness: 9.0
     Total: 30
Violations: 36 17

Individual: [7, 9, 15, 23, 28, 40, 46, 60, 61, 62, 65, 66, 67, 71, 81, 88, 93, 94, 98, 99, 100]
   Fitness: 16.5
     Total: 21
Violations: 15 10
