10
100
-57.5 -218.822
-33.0 -135.116
-13.5 -91.952
-1.0 -61.9
-1.0 -39.776
5.0 -23.51
10.5 -11.296
14.5 -3.376
15.5 2.81
19.0 7.362
21.0 11.202
22.5 14.206
23.0 16.354
23.0 17.696
24.5 19.286
25.0 19.936
26.0 20.442
26.0 20.912
26.5 21.638
27.5 21.93
27.5 22.2
28.0 22.594
28.0 23.034
28.0 23.064
28.0 22.87
28.5 23.988
29.5 24.3
29.5 24.906
29.5 25.308
29.5 26.184
30.5 26.884
30.5 27.568
30.5 27.738
30.5 27.808
30.5 27.954
30.5 28.258
31.0 28.34
31.0 28.616
31.0 28.428
31.0 28.758
31.0 28.95
31.0 29.002
31.5 29.134
31.5 29.316
31.5 29.268
31.5 29.302
31.5 29.526
31.5 29.658
31.5 29.728
31.5 29.582
31.5 29.808
31.5 29.608
31.5 29.422
31.5 29.608
31.5 29.364
31.5 29.568
31.5 29.76
31.5 29.364
31.5 29.568
31.5 29.576
31.5 29.604
31.5 29.744
31.5 29.558
31.5 29.61
31.5 29.8
31.5 29.738
31.5 29.668
31.5 29.78
31.5 29.78
31.5 29.72
31.5 29.69
31.5 29.884
31.5 29.498
31.5 29.694
31.5 29.808
31.5 29.748
31.5 29.88
31.5 29.814
31.5 29.9
31.5 29.584
31.5 29.486
31.5 29.336
31.5 29.806
31.5 29.522
31.5 29.54
31.5 29.486
31.5 29.74
31.5 29.434
31.5 29.502
31.5 29.5
31.5 29.598
31.5 29.84
31.5 29.754
31.5 29.582
31.5 29.608
31.5 29.508
31.5 29.708
31.5 29.612
31.5 29.534
31.5 29.64
100
-31.0 -223.422
-25.0 -135.982
-23.0 -86.078
8.5 -52.668
12.5 -31.64
13.0 -17.4
15.0 -4.274
17.0 3.154
18.0 7.736
21.5 10.64
23.0 13.188
24.5 15.76
25.0 17.656
25.0 20.132
25.5 21.152
27.0 21.744
27.0 22.348
28.5 23.292
29.5 23.936
29.5 24.658
30.0 25.372
30.5 26.144
30.5 26.582
30.5 27.17
31.5 27.416
31.5 27.814
31.5 27.862
32.0 28.166
32.0 28.532
32.0 28.458
32.0 28.55
33.0 28.93
33.0 29.328
33.0 29.848
33.0 29.86
33.0 29.916
33.0 29.866
33.0 29.978
33.0 30.18
33.0 30.464
33.0 30.64
33.5 30.328
33.5 30.624
33.5 30.568
33.5 30.69
33.5 31.054
33.5 30.22
34.0 30.45
34.0 30.6
34.0 30.716
34.0 30.608
34.0 30.56
34.0 30.76
34.0 30.836
34.0 30.914
35.0 30.61
35.0 30.772
35.5 30.958
35.5 31.126
35.5 31.592
35.5 31.872
35.5 32.3
35.5 32.556
35.5 32.546
36.0 32.646
36.0 32.858
36.0 33.13
36.0 33.22
36.0 32.866
36.0 33.544
36.0 33.824
36.0 33.422
36.0 33.684
36.0 33.98
36.0 33.632
36.0 33.828
36.0 33.794
36.0 33.868
36.0 33.848
36.0 33.728
36.0 33.922
36.0 33.752
36.0 33.928
36.0 33.79
36.0 33.736
36.0 33.794
36.0 34.026
36.0 33.994
36.0 33.99
36.0 33.838
36.0 33.94
36.0 33.828
36.0 34.006
36.0 34.164
36.0 33.888
36.0 34.058
36.0 33.63
36.0 33.904
36.0 33.66
36.0 33.812
100
-51.0 -241.646
-31.5 -145.404
-21.0 -93.662
-2.0 -63.294
4.5 -38.996
18.5 -21.18
19.5 -8.118
19.5 2.738
23.0 9.916
24.0 14.668
24.0 17.866
26.0 20.214
27.0 21.276
28.0 22.228
29.5 23.082
29.5 24.102
29.5 24.762
30.5 25.422
30.5 26.04
30.5 26.772
31.0 26.67
31.5 27.066
32.0 27.698
32.0 28.444
32.0 28.88
32.0 29.464
32.0 29.88
32.5 29.956
32.5 29.888
32.5 29.698
32.5 30.086
32.5 30.392
32.5 30.382
33.0 30.278
33.0 30.506
33.0 30.69
33.0 30.694
33.0 30.956
33.0 30.914
33.0 30.858
33.0 31.11
33.5 31.21
33.5 31.174
33.5 31.072
33.5 31.374
33.5 31.336
33.5 31.34
33.5 31.452
33.5 31.574
33.5 31.556
33.5 31.456
33.5 31.518
33.5 31.07
33.5 31.196
33.5 31.302
33.5 31.198
33.5 31.364
33.5 31.336
33.5 31.418
33.5 31.382
33.5 31.462
33.5 31.044
33.5 31.168
33.5 30.818
33.5 31.252
33.5 31.41
33.5 31.202
33.5 31.324
33.5 31.252
33.5 31.554
33.5 31.142
33.5 31.348
33.5 31.478
33.5 31.394
33.5 31.636
33.5 31.338
33.5 31.312
33.5 31.516
33.5 31.194
33.5 31.196
33.5 31.248
33.5 31.006
33.5 31.246
33.5 30.958
33.5 31.382
33.5 31.512
33.5 31.596
33.5 31.546
33.5 31.376
33.5 31.494
33.5 31.576
33.5 31.014
33.5 31.014
33.5 31.306
33.5 31.288
33.5 31.09
33.5 31.224
33.5 31.448
33.5 31.336
33.5 31.504
100
-71.5 -229.968
-67.5 -144.8
-29.0 -101.652
-7.0 -73.334
4.0 -52.174
4.0 -33.258
8.0 -17.61
12.0 -6.792
16.0 -0.36
17.5 4.944
19.5 8.724
20.5 12.012
21.5 14.54
25.0 16.07
27.5 17.266
28.0 18.732
28.0 19.952
28.0 20.984
28.0 22.322
28.5 23.944
29.5 25.436
29.5 26.234
30.5 26.924
31.0 27.254
31.0 27.712
31.5 27.958
32.5 28.366
32.5 28.778
32.5 29.17
32.5 29.066
33.5 29.292
33.5 29.764
33.5 30.056
33.5 30.474
33.5 30.596
34.5 30.784
34.5 31.112
34.5 31.076
35.0 31.308
35.0 31.452
35.0 31.558
35.0 31.8
35.0 32.178
35.0 32.548
35.0 32.478
35.0 32.77
35.0 32.92
35.0 33.112
35.0 33.018
35.0 32.99
35.0 32.818
35.0 32.898
35.0 32.874
35.0 32.972
35.0 32.89
35.0 32.648
35.0 33.208
35.0 33.028
35.0 33.062
35.0 32.896
35.0 32.852
35.0 33.162
35.0 33.006
35.0 33.144
35.0 32.662
35.0 32.876
35.0 33.038
35.0 33.014
35.0 32.992
35.0 33.03
35.0 32.658
35.0 33.042
35.0 33.1
35.0 32.926
35.0 32.98
35.0 32.806
35.0 33.034
35.0 32.922
35.0 32.892
35.0 33.018
35.0 33.088
35.0 32.904
35.0 33.032
35.0 33.286
35.0 33.236
35.0 33.218
35.0 32.888
35.0 33.034
35.0 33.114
35.0 32.788
35.0 32.978
35.0 32.926
35.0 32.576
35.0 33.086
35.0 33.146
35.0 32.72
35.0 32.976
35.0 33.124
35.0 32.54
35.0 32.994
100
-53.0 -232.182
-40.0 -143.356
-26.0 -93.592
-20.0 -65.318
1.5 -46.488
2.5 -29.044
3.5 -18.084
15.0 -8.536
15.0 -1.906
18.0 2.938
18.0 7.336
21.0 10.85
23.5 13.738
25.5 15.94
25.5 18.014
25.5 19.54
26.0 20.774
27.0 21.474
27.0 22.732
27.5 23.494
30.0 24.16
30.5 24.8
30.5 25.602
30.5 26.222
31.0 27.012
31.0 27.55
31.5 28.18
31.5 28.684
31.5 28.698
32.0 29.006
32.0 29.292
32.5 29.632
32.5 29.762
33.0 29.91
33.5 29.874
33.5 30.162
33.5 30.316
33.5 30.854
33.5 31.132
33.5 31.496
33.5 31.314
33.5 31.466
33.5 31.58
33.5 31.676
33.5 31.716
33.5 31.74
33.5 31.946
33.5 31.926
33.5 31.856
33.5 31.572
33.5 31.41
33.5 31.276
33.5 31.262
33.5 31.578
33.5 31.508
33.5 31.526
33.5 31.614
33.5 31.29
33.5 31.912
33.5 31.728
33.5 31.68
33.5 31.77
33.5 31.656
33.5 31.904
33.5 31.6
33.5 31.514
33.5 31.604
33.5 31.582
33.5 31.514
33.5 31.55
33.5 31.91
33.5 32.01
33.5 31.978
33.5 31.726
33.5 31.44
33.5 31.46
33.5 31.776
33.5 31.412
33.5 31.904
33.5 31.748
33.5 31.708
33.5 31.408
33.5 31.558
33.5 31.456
33.5 31.512
33.5 31.756
33.5 31.678
33.5 31.85
33.5 31.52
33.5 31.642
33.5 31.93
33.5 31.582
33.5 31.684
33.5 31.66
33.5 31.636
33.5 31.558
33.5 31.768
33.5 31.638
33.5 31.448
33.5 31.532
100
-48.0 -228.438
-26.5 -140.352
-8.5 -88.864
0.5 -59.53
10.0 -35.258
13.5 -16.382
18.5 -3.126
21.0 6.284
21.5 11.41
21.5 14.934
24.0 17.478
24.5 19.008
26.5 20.314
28.0 21.452
28.0 22.364
28.5 23.292
28.5 24.164
29.0 24.868
30.5 25.228
30.5 25.758
31.0 26.232
31.0 26.38
32.0 26.78
32.0 27.188
32.5 27.328
32.5 28.432
34.0 28.74
34.0 29.39
34.0 29.842
34.0 30.362
34.0 30.324
34.0 30.95
34.0 31.19
34.5 31.398
34.5 31.682
34.5 31.91
34.5 31.828
34.5 31.992
34.5 32.322
34.5 32.162
34.5 32.228
34.5 32.3
35.0 32.02
35.0 32.25
35.0 32.262
35.0 32.214
35.0 32.216
35.0 32.348
35.0 32.05
35.0 32.376
35.0 32.438
35.5 32.082
35.5 32.314
35.5 32.316
35.5 32.76
35.5 32.956
35.5 32.866
35.5 33.038
35.5 33.018
35.5 33.21
35.5 33.222
35.5 33.142
35.5 33.086
35.5 33.144
35.5 33.112
35.5 33.222
35.5 33.104
35.5 33.154
35.5 33.284
35.5 33.368
35.5 33.254
35.5 33.328
35.5 33.542
35.5 33.194
35.5 32.65
35.5 33.276
35.5 33.442
35.5 33.336
35.5 33.488
35.5 33.226
35.5 33.396
35.5 33.172
35.5 33.066
35.5 32.982
35.5 33.134
35.5 33.494
35.5 33.148
35.5 33.06
35.5 33.488
35.5 33.394
35.5 33.398
35.5 33.586
35.5 33.096
35.5 33.152
35.5 33.434
35.5 33.128
35.5 33.408
35.5 33.096
35.5 33.236
35.5 33.342
100
-62.0 -233.444
-57.5 -153.826
-38.0 -105.34
-23.5 -76.48
0.0 -54.524
11.5 -36.926
18.5 -21.474
18.5 -8.494
19.0 3.614
21.5 9.926
22.5 13.828
24.5 16.326
24.5 17.896
25.0 19.442
25.5 20.916
26.5 21.488
27.5 22.28
29.0 22.806
29.0 23.822
29.0 24.67
31.5 25.812
31.5 26.104
31.5 26.672
32.5 27.316
32.5 28.188
33.0 29.188
33.0 29.518
33.0 29.852
33.5 30.402
34.0 30.828
34.0 31.132
34.0 30.928
34.5 31.134
34.5 31.298
34.5 31.76
34.5 31.838
35.0 32.15
35.5 32.03
35.5 32.352
35.5 32.28
35.5 32.436
35.5 32.708
35.5 32.822
35.5 32.77
35.5 33.012
35.5 33.29
36.0 33.332
36.0 33.316
36.0 33.55
36.0 33.288
36.0 33.374
36.0 33.36
36.0 33.51
36.0 33.732
36.0 33.714
36.0 33.538
36.0 33.588
36.0 33.452
36.0 33.768
36.0 33.612
36.0 33.652
36.0 33.576
36.0 33.672
36.0 33.534
36.0 33.634
36.0 33.78
36.0 33.912
36.0 33.866
36.0 33.78
36.0 34.138
36.0 33.864
36.0 33.588
36.0 34.008
36.0 33.96
36.0 34.26
36.0 33.764
36.0 33.89
36.0 33.43
36.0 33.368
36.0 33.9
36.0 33.89
36.0 33.572
36.0 33.672
36.0 34.008
36.0 33.756
36.0 33.566
36.0 33.54
36.0 33.696
36.0 33.934
36.0 33.948
36.0 33.834
36.0 33.838
36.0 33.458
36.0 33.56
36.0 33.732
36.0 33.478
36.0 33.986
36.0 33.748
36.0 33.516
36.0 33.892
100
-54.5 -227.786
-53.0 -147.58
-29.0 -103.848
-13.5 -72.882
-7.0 -50.108
1.0 -33.09
5.5 -18.482
8.5 -7.728
15.5 -0.784
17.0 3.916
18.5 8.272
19.5 12.186
22.5 13.93
22.5 15.26
23.5 16.666
24.5 18.114
25.0 19.288
26.0 19.784
26.0 20.32
27.5 21.122
27.5 21.462
27.5 22.162
28.5 22.914
30.0 23.72
30.0 24.484
30.0 25.53
30.5 26.178
30.5 26.838
31.5 27.092
31.5 27.598
31.5 28.038
32.0 28.386
32.5 28.888
32.5 28.746
32.5 29.136
32.5 29.156
32.5 29.212
33.0 29.464
33.0 29.524
33.0 29.67
33.0 30.036
34.0 29.746
34.0 29.902
34.0 30.364
34.0 30.312
34.0 30.362
34.0 30.034
34.0 30.294
34.5 30.626
34.5 30.588
34.5 30.886
35.0 30.77
35.0 31.378
35.0 31.676
35.0 31.834
35.5 31.914
35.5 32.216
35.5 32.622
35.5 32.7
35.5 32.832
35.5 32.96
36.0 33.11
36.0 33.42
36.0 33.368
36.0 32.996
36.0 33.384
36.0 33.512
36.0 33.312
36.5 33.312
36.5 33.566
36.5 33.648
36.5 33.566
36.5 33.614
36.5 33.774
36.5 33.878
36.5 34.448
36.5 34.474
36.5 34.128
36.5 34.042
36.5 33.984
36.5 33.944
36.5 34.388
36.5 33.926
36.5 33.768
36.5 33.83
36.5 33.616
36.5 34.226
36.5 34.31
36.5 34.21
36.5 34.182
36.5 34.252
36.5 33.906
36.5 34.016
36.5 34.176
36.5 34.308
36.5 34.046
36.5 34.192
36.5 34.31
36.5 34.348
36.5 34.304
100
-59.5 -239.002
-31.0 -147.634
-9.5 -102.026
-6.5 -68.96
0.0 -39.718
5.5 -21.598
16.5 -11.348
19.5 -4.014
20.0 2.848
24.0 8.25
24.0 12.684
24.5 16.736
25.5 19.126
27.0 20.906
27.0 21.888
29.0 23.116
30.0 24.004
30.0 25.094
31.5 26.072
32.0 26.85
32.0 27.6
32.0 28.2
32.5 28.578
32.5 29.478
32.5 29.592
32.5 29.848
32.5 30.034
32.5 30.07
33.0 30.332
33.0 30.552
33.0 30.362
33.0 30.452
33.0 30.846
33.0 30.8
33.0 30.786
33.0 31.254
33.5 30.86
33.5 31.032
33.5 31.188
33.5 31.578
33.5 31.522
33.5 31.322
33.5 31.1
33.5 31.372
33.5 31.296
33.5 31.27
33.5 31.346
33.5 30.956
33.5 31.074
33.5 31.176
33.5 31.166
33.5 31.29
33.5 31.61
33.5 31.598
33.5 31.832
33.5 31.352
33.5 31.64
33.5 31.778
33.5 31.398
33.5 31.432
33.5 31.38
33.5 31.316
33.5 31.176
33.5 31.2
33.5 31.434
33.5 31.49
33.5 30.936
33.5 30.976
33.5 31.186
33.5 31.462
33.5 31.31
33.5 31.362
33.5 31.692
33.5 31.472
33.5 31.42
33.5 31.38
33.5 31.49
33.5 31.61
33.5 31.818
33.5 31.736
33.5 31.354
33.5 31.478
33.5 31.342
33.5 31.196
33.5 31.318
33.5 31.342
33.5 31.722
33.5 31.586
33.5 31.018
33.5 31.48
33.5 31.554
33.5 31.36
33.5 31.48
33.5 31.572
33.5 31.502
33.5 31.438
33.5 31.414
33.5 31.386
33.5 31.8
33.5 31.468
100
-52.0 -238.25
-21.0 -155.458
-17.0 -105.26
7.0 -69.31
7.0 -41.18
8.5 -20.738
12.5 -8.184
17.5 0.292
19.0 5.894
22.0 10.322
23.0 14.13
23.0 16.166
24.0 17.808
26.0 18.414
26.0 19.77
26.0 20.316
26.0 21.04
28.0 22.046
29.5 22.806
29.5 23.83
29.5 24.478
30.0 25.094
30.0 25.762
31.0 26.386
31.0 27.204
31.0 27.314
31.5 27.634
31.5 27.686
31.5 28.38
32.5 28.786
33.0 28.964
33.0 29.218
33.0 29.798
34.0 30.144
34.0 30.284
34.0 30.406
34.0 30.776
34.0 31.164
34.0 30.994
34.0 31.454
34.0 31.962
34.0 31.72
34.0 31.88
34.0 31.768
34.0 31.476
34.0 31.478
34.0 31.922
34.0 31.93
34.0 31.932
34.0 31.658
34.0 32.056
34.0 31.53
34.0 31.464
34.0 32.036
34.0 32.054
34.0 31.796
34.0 31.804
34.0 31.9
34.0 31.992
34.0 31.744
34.0 31.878
34.0 31.876
34.0 31.6
34.0 31.694
34.0 31.892
34.0 31.938
34.0 32.004
34.0 31.92
34.0 31.812
34.0 31.882
34.0 31.912
34.0 31.87
34.0 31.85
34.0 31.834
34.0 31.908
34.0 31.968
34.0 31.758
34.0 31.96
34.0 31.498
34.0 31.646
34.0 31.808
34.0 31.908
34.0 31.61
34.0 31.85
34.0 31.898
34.0 31.704
34.0 31.978
34.0 31.89
34.0 31.948
34.0 31.878
34.0 31.958
34.0 31.87
34.0 32.192
34.0 31.916
34.0 31.84
34.0 31.672
34.0 31.826
34.0 31.73
34.0 31.866
34.0 32.128

Individual: [3, 4, 8, 10, 11, 21, 22, 26, 37, 38, 43, 46, 51, 57, 60, 79, 86, 87, 89, 90, 96, 97, 100]
   Fitness: 31.5
     Total: 23
Violations: 3 3

Individual: [7, 9, 10, 14, 15, 17, 26, 28, 29, 31, 40, 58, 60, 61, 74, 75, 77, 81, 83, 84, 95, 97, 98, 100]
   Fitness: 36.0
     Total: 24
Violations: 0 0

Individual: [1, 4, 6, 10, 15, 17, 18, 22, 23, 25, 31, 54, 59, 62, 66, 68, 71, 72, 75, 81, 84, 89, 92, 98, 99]
   Fitness: 33.5
     Total: 25
Violations: 4 4

Individual: [1, 6, 7, 9, 10, 15, 18, 23, 25, 34, 47, 56, 63, 66, 68, 72, 74, 75, 77, 83, 90, 95, 96, 99]
   Fitness: 35.0
     Total: 24
Violations: 1 1

Individual: [2, 4, 10, 11, 13, 14, 19, 21, 33, 42, 43, 49, 60, 61, 68, 83, 86, 88, 91, 92, 95, 97, 100]
   Fitness: 33.5
     Total: 23
Violations: 1 1

Individual: [1, 5, 8, 10, 14, 16, 25, 26, 28, 33, 37, 39, 57, 59, 63, 71, 74, 76, 80, 82, 83, 94, 96, 97, 99]
   Fitness: 35.5
     Total: 25
Violations: 2 2

Individual: [2, 3, 4, 7, 9, 13, 18, 20, 21, 25, 26, 28, 55, 66, 70, 71, 73, 78, 79, 81, 93, 94, 95, 98, 99, 100]
   Fitness: 36.0
     Total: 26
Violations: 3 3

Individual: [1, 2, 7, 8, 10, 20, 21, 23, 28, 29, 31, 46, 53, 62, 65, 67, 70, 74, 76, 79, 80, 89, 92, 97, 100]
   Fitness: 36.5
     Total: 25
Violations: 1 1

Individual: [1, 3, 7, 9, 16, 19, 21, 24, 25, 28, 36, 38, 46, 61, 66, 70, 72, 77, 80, 87, 89, 93, 95, 96, 100]
   Fitness: 33.5
     Total: 25
Violations: 4 4

Individual: [1, 3, 6, 10, 15, 16, 18, 25, 36, 38, 41, 42, 50, 53, 55, 63, 77, 80, 86, 87, 89, 93, 96, 98]
   Fitness: 34.0
     Total: 24
Violations: 2 2
