10
500
-53.5 -236.726
-48.5 -200.22
-36.5 -193.552
-36.5 -177.93
-28.5 -187.8
-14.5 -206.038
-14.5 -187.226
-14.5 -186.358
-14.5 -181.892
-14.5 -171.972
-14.0 -199.126
-14.0 -181.618
-14.0 -177.322
-14.0 -178.448
-14.0 -200.18
-14.0 -179.124
-14.0 -176.172
-14.0 -173.856
-14.0 -198.214
-14.0 -182.348
-14.0 -186.492
0.0 -182.812
0.0 -175.85
0.0 -198.42
0.0 -182.72
0.0 -187.346
0.0 -171.678
0.0 -186.886
0.0 -182.936
0.0 -184.432
0.0 -195.986
0.0 -186.91
0.0 -196.03
0.0 -195.458
0.0 -194.118
0.0 -198.784
0.0 -198.818
0.0 -192.644
0.0 -194.134
0.0 -188.284
0.0 -194.628
0.0 -181.85
0.0 -186.744
0.0 -191.44
0.0 -177.184
0.0 -187.876
0.0 -192.424
0.0 -191.228
0.0 -189.304
0.0 -194.46
0.0 -209.24
0.0 -184.506
0.0 -170.796
0.0 -184.288
0.0 -159.97
0.0 -177.252
0.0 -168.628
0.0 -190.352
0.0 -187.982
7.5 -176.632
7.5 -195.166
7.5 -188.12
7.5 -175.368
7.5 -171.452
7.5 -170.634
7.5 -183.158
7.5 -185.594
7.5 -192.042
7.5 -193.28
7.5 -177.444
7.5 -170.466
7.5 -187.276
7.5 -174.618
7.5 -175.68
7.5 -178.334
7.5 -184.54
7.5 -178.55
7.5 -195.11
7.5 -199.668
7.5 -195.168
7.5 -179.278
7.5 -170.41
7.5 -202.976
7.5 -190.904
7.5 -208.7
7.5 -186.69
7.5 -182.222
7.5 -185.756
7.5 -186.578
7.5 -188.454
7.5 -181.074
7.5 -181.392
7.5 -189.868
7.5 -195.112
7.5 -197.052
7.5 -185.978
7.5 -180.224
7.5 -187.016
7.5 -170.846
7.5 -174.232
7.5 -186.6
7.5 -179.368
7.5 -198.546
7.5 -188.43
7.5 -192.32
7.5 -189.046
7.5 -185.804
7.5 -204.994
7.5 -204.108
7.5 -186.778
7.5 -186.122
7.5 -183.694
7.5 -182.888
7.5 -197.122
7.5 -178.732
7.5 -199.728
7.5 -203.736
7.5 -180.91
7.5 -188.502
7.5 -187.186
7.5 -189.014
7.5 -186.244
7.5 -188.758
7.5 -192.806
7.5 -181.298
7.5 -180.17
7.5 -191.87
7.5 -186.058
7.5 -184.44
7.5 -180.714
7.5 -190.352
7.5 -179.886
7.5 -203.284
7.5 -183.404
7.5 -193.584
7.5 -187.146
7.5 -183.398
7.5 -185.89
7.5 -175.07
7.5 -188.874
7.5 -182.442
7.5 -197.3
7.5 -181.136
7.5 -180.384
7.5 -186.304
7.5 -202.814
7.5 -186.604
7.5 -197.956
7.5 -189.524
7.5 -188.278
7.5 -195.776
7.5 -175.846
7.5 -180.324
7.5 -177.906
7.5 -185.834
7.5 -191.856
7.5 -176.262
7.5 -184.856
7.5 -177.276
7.5 -194.984
7.5 -168.58
7.5 -182.52
7.5 -199.358
7.5 -189.438
7.5 -191.838
7.5 -177.632
7.5 -179.612
7.5 -177.196
7.5 -195.502
7.5 -191.806
7.5 -179.674
7.5 -186.634
7.5 -197.612
7.5 -185.384
7.5 -172.79
7.5 -183.806
7.5 -203.73
7.5 -190.902
7.5 -195.608
7.5 -185.546
7.5 -171.8
7.5 -198.758
7.5 -183.622
7.5 -191.15
7.5 -184.95
7.5 -185.9
7.5 -183.458
7.5 -182.43
7.5 -179.028
7.5 -182.154
7.5 -189.56
7.5 -180.816
7.5 -182.146
7.5 -174.978
7.5 -190.918
7.5 -165.138
7.5 -184.324
7.5 -191.144
7.5 -192.858
7.5 -186.394
7.5 -169.996
7.5 -178.004
7.5 -184.462
7.5 -201.362
7.5 -183.214
7.5 -172.956
7.5 -183.292
7.5 -179.086
7.5 -178.76
7.5 -176.284
7.5 -177.126
7.5 -188.184
7.5 -171.488
7.5 -189.576
7.5 -185.644
7.5 -204.592
7.5 -198.992
7.5 -194.706
7.5 -200.736
7.5 -192.356
7.5 -184.768
7.5 -198.93
7.5 -185.192
7.5 -187.912
7.5 -190.984
7.5 -187.946
7.5 -188.338
7.5 -180.308
7.5 -190.454
7.5 -187.45
7.5 -188.576
7.5 -183.168
7.5 -192.284
7.5 -205.248
7.5 -188.838
7.5 -196.102
7.5 -173.578
7.5 -185.752
7.5 -190.968
7.5 -191.556
7.5 -183.752
7.5 -186.57
7.5 -188.39
7.5 -188.524
7.5 -186.324
7.5 -185.468
7.5 -193.036
7.5 -191.182
7.5 -185.396
7.5 -181.334
7.5 -179.902
7.5 -172.408
7.5 -180.906
7.5 -177.554
7.5 -179.314
7.5 -168.2
7.5 -180.016
7.5 -177.428
7.5 -187.366
7.5 -184.554
7.5 -197.358
7.5 -183.748
7.5 -199.134
7.5 -179.558
7.5 -182.75
7.5 -182.726
7.5 -194.186
7.5 -188.566
7.5 -196.692
9.0 -181.618
9.0 -184.166
9.0 -170.416
9.0 -175.488
9.0 -174.526
9.0 -190.914
9.0 -184.306
9.0 -195.986
9.0 -178.872
9.0 -196.646
9.0 -194.578
9.0 -183.614
9.0 -193.3
9.0 -191.762
9.0 -188.946
9.0 -184.998
9.0 -184.584
9.0 -179.338
9.0 -178.27
9.0 -181.2
9.0 -198.846
9.0 -185.842
9.0 -183.39
9.0 -181.678
9.0 -190.87
9.0 -195.416
9.0 -186.962
9.0 -177.668
9.0 -178.72
9.0 -188.296
9.0 -187.888
9.0 -190.354
9.0 -169.88
9.0 -175.706
9.0 -177.7
9.0 -175.954
9.0 -178.004
9.0 -182.896
9.0 -176.074
9.0 -173.484
9.0 -176.278
9.0 -188.3
9.0 -178.218
9.0 -184.696
9.0 -174.716
9.0 -186.446
9.0 -199.14
9.0 -180.15
9.0 -196.676
9.0 -186.878
9.0 -190.672
9.0 -191.126
9.0 -206.252
9.0 -191.416
9.0 -179.924
9.0 -182.232
9.0 -189.362
9.0 -195.712
9.0 -186.376
9.0 -180.582
9.0 -161.242
9.0 -174.636
9.0 -180.844
9.0 -187.316
9.0 -192.664
9.0 -185.0
9.0 -183.138
9.0 -183.542
9.0 -184.248
9.0 -191.7
9.0 -187.5
9.0 -202.46
9.0 -183.228
9.0 -195.892
9.0 -194.466
9.0 -190.87
9.0 -185.756
9.0 -188.302
9.0 -187.136
9.0 -181.158
9.0 -190.42
9.0 -184.848
9.0 -191.156
9.0 -183.952
9.0 -194.248
9.0 -175.594
9.0 -186.53
9.0 -184.54
9.0 -174.664
9.0 -176.018
9.0 -183.692
9.0 -177.55
9.0 -168.058
9.0 -173.438
9.0 -179.79
9.0 -182.758
9.0 -189.65
9.0 -184.21
9.0 -167.0
9.0 -191.656
9.0 -181.086
9.0 -186.822
9.0 -186.798
9.0 -176.948
9.0 -180.262
9.0 -191.792
9.0 -204.698
9.0 -176.588
9.0 -183.944
9.0 -192.068
9.0 -180.966
9.0 -183.992
9.0 -182.668
9.0 -184.504
9.0 -177.718
9.0 -173.24
9.0 -177.566
9.0 -183.196
9.0 -203.686
9.0 -191.314
9.0 -188.398
9.0 -187.436
9.0 -181.12
9.0 -180.102
9.0 -182.498
9.0 -183.814
9.0 -185.18
9.0 -171.176
9.0 -175.474
9.0 -186.73
9.0 -183.974
9.0 -189.34
9.0 -190.456
9.0 -189.768
9.0 -173.698
9.0 -173.038
9.0 -167.06
9.0 -172.362
9.0 -176.668
9.0 -185.01
9.0 -181.184
9.0 -170.828
9.0 -187.24
9.0 -187.438
9.0 -182.278
9.0 -191.916
9.0 -186.764
9.0 -174.962
9.0 -187.83
9.0 -182.028
9.0 -191.932
9.0 -177.048
9.0 -190.108
9.0 -183.022
9.0 -190.708
9.0 -190.922
9.0 -183.7
9.0 -189.426
9.0 -179.684
9.0 -179.738
9.0 -172.73
9.0 -179.344
9.0 -172.532
9.0 -177.282
9.0 -184.89
9.0 -174.746
9.0 -175.454
9.0 -183.476
9.0 -184.322
9.0 -178.78
9.0 -173.338
9.0 -190.478
9.0 -205.104
9.0 -180.324
9.0 -187.516
9.0 -184.258
9.0 -178.886
9.0 -183.192
9.0 -181.128
9.0 -183.902
9.0 -184.446
9.0 -175.934
9.0 -177.16
9.0 -171.642
9.0 -188.326
9.0 -185.816
9.0 -183.348
9.0 -188.632
9.0 -186.868
9.0 -181.846
9.0 -176.066
9.0 -175.544
9.0 -197.476
9.0 -178.724
9.0 -181.5
9.0 -179.024
9.0 -181.518
9.0 -188.476
9.0 -174.236
9.0 -180.596
9.0 -169.51
9.0 -178.72
9.0 -185.394
9.0 -170.014
9.0 -187.862
9.0 -175.582
9.0 -197.998
9.0 -187.338
9.0 -187.742
9.0 -182.58
9.0 -176.776
9.0 -178.662
9.0 -193.068
9.0 -181.214
9.0 -188.22
9.0 -187.762
9.0 -175.14
9.0 -167.328
9.0 -183.302
9.0 -185.822
9.0 -180.368
9.0 -176.632
9.0 -178.428
9.0 -186.348
9.0 -175.998
9.0 -177.714
9.0 -187.756
9.0 -177.218
9.0 -178.788
9.0 -186.482
9.0 -187.052
500
-36.0 -230.54
-28.0 -202.436
-28.0 -196.95
-28.0 -198.118
-20.0 -196.398
-20.0 -194.29
-20.0 -190.86
-20.0 -178.606
-20.0 -184.922
-20.0 -183.854
-20.0 -182.792
-20.0 -185.712
-15.5 -183.488
-15.5 -182.474
-15.5 -183.844
-10.5 -202.134
-10.5 -190.474
-10.5 -191.948
-10.5 -187.612
-10.5 -172.14
-10.5 -193.662
-10.5 -209.344
-10.5 -199.046
-10.5 -180.96
-10.5 -190.698
-10.5 -185.03
-10.5 -178.514
-10.5 -182.63
-10.5 -190.328
-10.5 -187.61
-10.5 -192.596
-10.5 -185.192
-10.5 -194.358
-10.5 -193.58
-10.5 -179.276
-8.0 -185.996
-8.0 -202.188
-8.0 -182.31
-8.0 -200.852
-8.0 -202.064
-8.0 -182.15
-8.0 -191.94
-8.0 -186.76
-8.0 -181.624
-8.0 -198.49
-8.0 -193.916
-8.0 -194.542
-8.0 -198.058
-8.0 -192.91
-8.0 -186.912
-8.0 -183.172
-8.0 -192.998
-8.0 -184.312
-8.0 -189.772
-8.0 -203.85
-8.0 -191.406
-8.0 -184.044
-8.0 -200.842
-8.0 -190.884
-8.0 -186.036
-8.0 -183.262
-8.0 -183.656
-8.0 -181.398
-8.0 -184.842
-8.0 -183.64
-1.0 -187.864
-1.0 -187.258
-1.0 -197.568
-1.0 -188.798
-1.0 -190.594
-1.0 -184.854
-1.0 -177.318
-1.0 -182.798
-1.0 -174.774
-1.0 -182.882
-1.0 -186.192
-1.0 -178.062
-1.0 -185.24
-1.0 -186.318
-1.0 -191.858
-1.0 -190.14
-1.0 -170.718
-1.0 -177.174
-1.0 -171.172
-1.0 -184.424
-1.0 -190.158
-1.0 -176.136
-1.0 -174.33
-1.0 -184.688
-1.0 -191.584
-1.0 -195.134
-1.0 -193.254
-1.0 -198.554
-1.0 -183.898
-1.0 -193.182
-1.0 -176.404
-1.0 -191.698
-1.0 -181.366
-1.0 -180.116
-1.0 -185.48
-1.0 -187.676
-1.0 -189.978
-1.0 -184.768
-1.0 -188.652
-1.0 -172.712
-1.0 -189.796
-1.0 -188.312
-1.0 -182.718
-1.0 -173.948
-1.0 -181.278
-1.0 -175.402
-1.0 -164.772
-1.0 -200.712
-1.0 -188.424
-1.0 -196.636
-1.0 -193.668
-1.0 -194.226
-1.0 -169.788
-1.0 -183.904
-1.0 -185.416
-1.0 -162.222
-1.0 -171.282
-1.0 -191.688
-1.0 -184.364
-1.0 -181.422
-1.0 -176.604
-1.0 -176.486
-1.0 -189.682
-1.0 -174.598
-1.0 -167.918
-1.0 -183.386
-1.0 -182.328
-1.0 -192.014
-1.0 -174.164
-1.0 -184.062
-1.0 -188.656
-1.0 -190.804
-1.0 -186.87
-1.0 -180.682
-1.0 -196.43
-1.0 -183.836
-1.0 -197.31
-1.0 -177.348
-1.0 -170.942
-1.0 -189.35
-1.0 -186.224
-1.0 -179.398
-1.0 -183.206
-1.0 -198.832
-1.0 -180.56
-1.0 -198.992
-1.0 -172.418
-1.0 -177.874
-1.0 -185.162
-1.0 -186.662
-1.0 -193.652
-1.0 -185.392
-1.0 -193.14
-1.0 -199.65
-1.0 -193.67
-1.0 -190.166
-1.0 -180.25
-1.0 -194.456
-1.0 -196.32
-1.0 -183.978
-1.0 -188.062
-1.0 -187.974
-1.0 -184.118
-1.0 -188.538
-1.0 -191.378
-1.0 -187.934
-1.0 -182.396
-1.0 -167.058
-1.0 -176.732
-1.0 -170.896
-1.0 -182.264
-1.0 -182.442
-1.0 -191.612
-1.0 -180.614
-1.0 -183.576
-1.0 -169.094
-1.0 -206.836
-1.0 -183.898
-1.0 -189.176
-1.0 -202.64
-1.0 -176.788
-1.0 -192.088
-1.0 -207.346
-1.0 -177.216
-1.0 -186.248
-1.0 -183.802
-1.0 -183.794
-1.0 -182.618
-1.0 -171.896
-1.0 -181.734
-1.0 -183.696
-1.0 -194.002
-1.0 -178.54
-1.0 -181.936
-1.0 -184.854
-1.0 -180.604
-1.0 -183.246
-1.0 -186.434
-1.0 -177.388
-1.0 -178.502
-1.0 -195.712
-1.0 -185.162
-1.0 -178.762
-1.0 -174.58
-1.0 -175.25
-1.0 -170.322
-1.0 -200.1
-1.0 -187.526
-1.0 -189.032
-1.0 -187.336
-1.0 -181.512
-1.0 -177.006
-1.0 -196.994
-1.0 -188.794
-1.0 -176.836
-1.0 -189.384
-1.0 -193.132
-1.0 -183.488
-1.0 -196.226
-1.0 -188.846
-1.0 -193.198
-1.0 -182.928
-1.0 -177.144
-1.0 -174.904
-1.0 -199.976
-1.0 -173.574
-1.0 -189.922
4.0 -177.18
4.0 -193.144
4.0 -184.494
4.0 -172.714
4.0 -189.444
4.0 -201.632
4.0 -192.798
4.0 -192.244
4.0 -199.676
4.0 -190.314
4.0 -186.112
4.0 -194.334
4.0 -192.316
4.0 -187.232
4.0 -203.482
4.0 -189.178
4.0 -175.366
4.0 -193.728
4.0 -192.71
4.0 -180.76
4.0 -176.736
4.0 -177.478
4.0 -174.692
4.0 -176.852
4.0 -187.506
4.0 -184.208
4.0 -188.058
4.0 -183.042
4.0 -194.126
4.0 -186.66
4.0 -185.562
4.0 -176.712
4.0 -182.982
4.0 -187.998
4.0 -171.894
4.0 -178.886
4.0 -182.468
4.0 -184.992
4.0 -191.876
4.0 -187.76
4.0 -175.14
4.0 -172.414
4.0 -180.704
4.0 -196.662
4.0 -178.18
4.0 -172.12
4.0 -176.906
4.0 -182.6
4.0 -172.598
4.0 -194.848
4.0 -178.466
4.0 -187.79
4.0 -182.898
4.0 -160.234
4.0 -187.058
4.0 -195.288
4.0 -195.072
4.0 -182.938
4.0 -198.076
4.0 -181.24
4.0 -169.672
4.0 -187.724
4.0 -174.656
4.0 -192.382
4.0 -184.878
4.0 -189.292
4.0 -185.194
4.0 -193.166
4.0 -183.01
4.0 -190.04
4.0 -184.238
4.0 -183.178
4.0 -185.524
4.0 -186.832
4.0 -172.226
4.0 -197.156
4.0 -193.78
4.0 -209.536
4.0 -181.416
4.0 -178.15
4.0 -194.446
4.0 -187.718
4.0 -178.96
4.0 -165.49
4.0 -189.916
4.0 -190.62
4.0 -195.278
4.0 -183.708
4.0 -179.144
4.0 -182.748
4.0 -186.882
4.0 -174.978
4.0 -177.858
4.0 -194.034
4.0 -183.51
4.0 -196.984
4.0 -188.746
4.0 -173.15
4.0 -184.89
4.0 -190.068
4.0 -173.69
4.0 -181.266
4.0 -185.712
4.0 -185.634
4.0 -186.018
4.0 -173.344
4.0 -195.098
4.0 -189.364
4.0 -186.158
4.0 -189.566
4.0 -198.03
4.0 -204.034
4.0 -199.526
4.0 -186.06
4.0 -191.204
4.0 -188.784
4.0 -179.774
4.0 -198.462
4.0 -190.336
4.0 -194.23
4.0 -179.792
4.0 -189.402
4.0 -176.024
4.0 -170.432
4.0 -185.788
4.0 -180.256
4.0 -184.18
4.0 -202.206
4.0 -192.132
4.0 -189.972
4.0 -178.758
4.0 -177.958
4.0 -188.556
4.0 -197.34
4.0 -186.158
4.0 -184.184
4.0 -182.832
4.0 -191.194
4.0 -182.422
4.0 -187.42
4.0 -197.264
4.0 -178.536
4.0 -194.564
4.0 -192.25
4.0 -165.068
4.0 -178.512
4.0 -184.786
4.0 -184.948
4.0 -181.304
4.0 -209.822
4.0 -181.794
4.0 -166.218
4.0 -194.162
4.0 -183.394
4.0 -188.164
4.0 -184.506
4.0 -176.524
4.0 -182.012
4.0 -181.114
4.0 -187.994
4.0 -198.138
4.0 -192.74
4.0 -199.51
4.0 -179.368
4.0 -194.804
4.0 -185.68
4.0 -193.392
4.0 -191.942
4.0 -185.996
4.0 -167.658
4.0 -178.626
4.0 -183.132
4.0 -189.572
4.0 -180.878
4.0 -180.982
5.5 -169.652
5.5 -177.484
5.5 -198.912
5.5 -182.678
5.5 -194.95
5.5 -189.288
5.5 -190.576
5.5 -184.038
5.5 -169.708
5.5 -204.258
5.5 -178.34
5.5 -189.476
5.5 -170.668
5.5 -178.394
5.5 -185.868
5.5 -198.876
5.5 -189.906
5.5 -177.612
5.5 -191.194
5.5 -179.484
5.5 -183.386
5.5 -180.764
5.5 -186.212
5.5 -184.942
5.5 -198.604
5.5 -194.572
5.5 -186.64
5.5 -167.714
5.5 -192.224
5.5 -182.92
5.5 -176.35
5.5 -169.142
5.5 -168.532
5.5 -179.62
5.5 -181.252
5.5 -188.418
5.5 -170.016
5.5 -174.444
5.5 -189.47
5.5 -193.014
5.5 -178.372
5.5 -182.068
5.5 -189.33
5.5 -185.09
5.5 -192.326
5.5 -170.788
5.5 -185.89
5.5 -180.92
5.5 -174.22
5.5 -181.492
5.5 -179.76
5.5 -184.45
5.5 -191.054
5.5 -183.032
5.5 -180.836
5.5 -193.56
5.5 -195.848
5.5 -181.458
5.5 -186.534
5.5 -183.742
5.5 -179.162
5.5 -182.508
5.5 -179.76
5.5 -188.692
5.5 -178.324
5.5 -191.606
5.5 -207.786
5.5 -197.098
5.5 -196.23
5.5 -201.14
5.5 -182.564
5.5 -179.528
5.5 -185.19
5.5 -185.954
5.5 -171.03
5.5 -194.22
5.5 -185.758
5.5 -184.864
5.5 -198.026
5.5 -189.092
5.5 -182.462
5.5 -185.87
5.5 -187.876
5.5 -173.588
5.5 -170.134
5.5 -173.436
5.5 -184.186
5.5 -170.482
5.5 -187.304
5.5 -196.886
5.5 -185.512
5.5 -197.508
5.5 -189.224
500
-39.5 -234.936
-37.0 -198.694
-22.5 -198.25
-17.5 -195.162
-17.5 -201.174
-15.5 -187.454
-15.5 -200.786
-15.5 -192.022
-15.5 -206.016
-15.5 -189.812
-15.5 -189.502
-15.5 -182.344
-15.5 -185.752
-15.5 -189.272
-15.5 -200.97
-15.5 -198.376
-15.5 -202.404
-15.5 -194.43
-15.5 -188.81
-15.5 -181.53
-15.5 -188.854
-15.5 -183.564
-15.5 -181.46
-15.5 -185.598
-15.5 -192.344
-15.5 -186.572
-2.5 -180.29
-2.5 -189.668
-2.5 -180.118
-2.5 -184.7
-2.5 -206.778
-2.5 -176.66
-2.5 -174.04
-2.5 -181.206
-2.5 -197.476
-2.5 -197.712
-2.5 -183.042
-2.5 -183.7
-2.5 -206.364
-2.5 -189.804
-2.5 -179.686
-2.5 -186.614
-2.5 -189.82
-2.5 -182.326
-2.5 -173.6
-2.5 -188.798
-2.5 -190.472
-2.5 -180.466
-2.5 -179.728
-2.5 -190.22
-2.5 -190.824
-2.5 -183.47
-2.5 -190.362
-2.5 -185.724
-2.5 -189.008
-2.5 -181.934
-2.5 -190.896
-2.5 -192.668
-2.5 -186.776
-2.5 -189.328
-2.5 -174.918
-2.5 -180.46
-2.5 -185.582
-2.5 -191.668
-2.5 -194.898
-2.5 -195.058
-2.5 -202.292
-2.5 -182.404
-2.5 -184.418
-2.5 -191.256
-2.5 -180.746
-2.5 -186.006
-2.5 -200.428
-2.5 -194.776
-2.5 -189.128
-2.5 -191.992
-2.5 -184.474
-2.5 -188.222
-2.5 -176.448
-2.5 -176.324
-2.5 -181.362
-2.5 -180.534
-2.5 -172.992
-2.5 -182.476
-2.5 -178.266
-2.5 -188.442
-2.5 -189.11
-2.5 -199.534
-2.5 -188.046
-2.5 -187.646
-2.5 -178.746
-2.5 -187.476
-2.5 -182.53
-2.5 -177.154
-2.5 -182.438
-2.5 -192.168
-2.5 -185.448
-2.5 -164.236
-2.5 -200.762
-2.5 -187.62
-2.5 -184.25
-2.5 -184.512
-2.5 -190.476
-2.5 -203.084
-2.5 -188.382
-2.5 -179.71
-2.5 -173.838
-2.5 -186.554
-2.5 -192.676
-2.5 -192.466
-2.5 -183.244
-2.5 -186.422
-2.5 -185.866
-2.5 -189.24
-2.5 -198.14
-2.5 -190.15
-2.5 -199.262
-2.5 -189.948
-2.5 -184.146
-2.5 -181.25
-2.5 -178.45
-2.5 -181.236
-2.5 -185.782
-2.5 -173.64
-2.5 -191.508
-2.5 -196.404
-2.5 -204.12
-2.5 -184.106
-2.5 -191.498
-2.5 -169.976
-2.5 -181.178
-2.5 -187.416
-2.5 -182.408
-2.5 -181.58
-2.5 -190.612
-2.5 -174.358
-2.5 -167.856
-2.5 -185.236
-2.5 -184.556
-2.5 -190.77
-2.5 -175.162
-2.5 -168.732
-2.5 -190.698
-2.5 -182.186
-2.5 -193.938
-2.5 -188.3
-2.5 -197.596
-2.5 -184.63
-2.5 -202.826
-2.5 -201.25
-2.5 -186.494
-2.5 -168.586
-2.5 -171.01
-2.5 -190.802
-2.5 -179.598
-2.5 -184.768
-2.5 -185.33
-2.5 -183.096
-2.5 -189.446
-2.5 -188.306
-2.5 -176.924
-2.5 -171.368
-2.5 -181.95
-2.5 -198.544
-2.5 -196.838
-2.5 -185.416
-2.5 -184.686
-2.5 -191.48
-2.5 -200.254
-2.5 -181.61
-2.5 -191.53
-2.5 -203.232
-2.5 -186.034
-2.5 -183.196
-2.5 -193.73
-2.5 -192.112
-2.5 -188.188
-2.5 -185.162
-2.5 -176.196
-2.5 -181.868
-2.5 -192.666
-2.5 -181.258
-2.5 -177.932
-2.5 -185.072
-2.5 -175.128
-2.5 -175.914
-2.5 -180.696
-2.5 -184.556
-2.5 -197.544
-2.5 -173.286
-2.5 -188.67
-2.5 -195.566
-2.5 -187.6
-2.5 -184.688
-2.5 -190.194
-2.5 -180.36
-2.5 -191.436
-2.5 -191.774
-2.5 -187.498
-2.5 -181.744
-2.5 -195.42
-2.5 -182.902
-2.5 -185.498
-2.5 -198.046
-2.5 -188.83
-2.5 -192.874
-2.5 -184.488
-2.5 -188.336
-2.5 -184.16
-2.5 -173.34
-2.5 -189.76
-2.5 -195.664
-2.5 -189.214
-2.5 -177.884
-2.5 -189.352
-2.5 -186.814
-2.5 -185.434
-2.5 -192.052
-2.5 -198.648
-2.5 -188.444
-2.5 -191.024
-2.5 -192.73
-2.5 -191.662
-2.5 -181.132
-2.5 -186.986
-2.5 -197.262
-2.5 -197.082
-2.5 -188.636
-2.5 -185.914
-2.5 -183.982
-2.5 -176.936
-2.5 -199.994
-2.5 -190.564
-2.5 -181.412
-2.5 -174.426
-2.5 -185.8
-2.5 -201.186
-2.5 -207.212
-2.5 -194.084
-2.5 -179.68
-2.5 -178.882
-2.5 -164.014
-2.5 -183.716
-2.5 -177.442
-2.5 -174.938
-2.5 -178.392
-2.5 -174.534
-2.5 -199.11
-2.5 -189.61
-2.5 -185.744
-2.5 -177.768
-2.5 -176.236
-2.5 -180.612
-2.5 -201.552
-2.5 -177.15
-2.5 -179.62
-2.5 -184.94
2.5 -179.752
2.5 -196.398
2.5 -187.48
2.5 -179.288
2.5 -178.246
2.5 -191.496
2.5 -199.12
2.5 -185.758
2.5 -198.374
2.5 -182.258
2.5 -179.188
2.5 -178.192
2.5 -191.42
2.5 -184.824
2.5 -179.07
2.5 -187.406
2.5 -202.216
2.5 -197.296
2.5 -187.902
2.5 -176.316
2.5 -165.764
2.5 -194.94
2.5 -181.976
2.5 -169.61
2.5 -182.43
2.5 -174.344
2.5 -183.366
2.5 -183.128
2.5 -185.5
2.5 -178.24
2.5 -186.002
2.5 -193.362
2.5 -181.702
2.5 -191.688
2.5 -184.068
2.5 -194.198
2.5 -195.5
2.5 -167.95
2.5 -188.668
2.5 -196.138
2.5 -179.926
2.5 -171.0
2.5 -182.556
2.5 -187.644
2.5 -179.828
2.5 -190.12
2.5 -189.234
2.5 -195.238
2.5 -182.948
2.5 -193.47
2.5 -192.436
2.5 -182.63
2.5 -185.274
2.5 -170.912
2.5 -204.142
2.5 -188.362
2.5 -183.508
2.5 -184.744
2.5 -177.892
2.5 -170.372
2.5 -168.722
2.5 -172.268
2.5 -186.834
2.5 -185.352
2.5 -174.348
2.5 -175.94
2.5 -176.514
2.5 -191.61
2.5 -190.566
2.5 -190.572
2.5 -182.876
2.5 -170.068
2.5 -171.312
2.5 -196.39
2.5 -187.45
2.5 -186.794
2.5 -185.356
2.5 -184.714
2.5 -196.078
2.5 -182.598
2.5 -187.736
2.5 -193.092
2.5 -193.66
2.5 -181.87
2.5 -177.146
2.5 -163.688
2.5 -179.732
2.5 -183.158
2.5 -168.058
2.5 -184.918
2.5 -188.654
2.5 -180.646
2.5 -188.534
2.5 -183.646
2.5 -181.572
2.5 -175.306
2.5 -175.04
2.5 -187.386
2.5 -179.13
2.5 -185.526
2.5 -183.514
2.5 -179.04
2.5 -189.754
2.5 -190.144
2.5 -190.8
2.5 -191.986
2.5 -187.364
2.5 -189.744
2.5 -190.534
2.5 -192.76
2.5 -177.572
2.5 -169.108
2.5 -183.02
2.5 -182.332
2.5 -189.476
2.5 -179.188
2.5 -163.042
2.5 -191.9
2.5 -184.132
2.5 -176.774
2.5 -185.232
2.5 -173.568
2.5 -168.188
2.5 -195.326
2.5 -190.258
2.5 -181.758
2.5 -177.826
2.5 -186.396
2.5 -189.292
2.5 -179.274
2.5 -177.78
2.5 -196.072
2.5 -195.148
2.5 -191.71
2.5 -181.414
2.5 -178.564
2.5 -181.864
2.5 -178.658
2.5 -183.3
2.5 -186.646
2.5 -179.662
2.5 -198.584
2.5 -188.782
2.5 -175.56
2.5 -180.966
2.5 -200.334
2.5 -195.704
2.5 -182.11
2.5 -189.67
2.5 -186.854
2.5 -189.776
2.5 -191.382
2.5 -167.652
2.5 -185.582
2.5 -181.492
2.5 -188.16
2.5 -195.126
2.5 -182.808
2.5 -180.448
2.5 -182.088
2.5 -189.49
2.5 -189.992
2.5 -198.532
2.5 -191.136
2.5 -183.226
2.5 -189.4
2.5 -171.168
2.5 -185.596
2.5 -193.152
2.5 -184.896
2.5 -171.26
2.5 -187.856
2.5 -184.322
2.5 -194.578
2.5 -189.556
2.5 -185.536
2.5 -193.014
2.5 -178.61
2.5 -193.814
2.5 -185.662
2.5 -181.112
2.5 -176.67
2.5 -180.654
2.5 -174.844
2.5 -178.718
2.5 -172.86
2.5 -182.234
2.5 -187.878
2.5 -166.854
2.5 -174.71
2.5 -183.302
2.5 -187.058
2.5 -181.028
2.5 -185.886
2.5 -178.408
2.5 -191.85
2.5 -185.184
2.5 -175.414
2.5 -183.422
2.5 -187.606
2.5 -186.586
2.5 -185.472
2.5 -186.352
2.5 -177.492
2.5 -173.224
2.5 -178.966
2.5 -180.022
2.5 -176.302
2.5 -186.71
2.5 -189.214
2.5 -186.73
2.5 -194.102
2.5 -177.592
2.5 -188.114
2.5 -166.51
2.5 -173.894
2.5 -174.054
2.5 -187.136
2.5 -194.674
2.5 -189.304
2.5 -193.016
2.5 -187.392
2.5 -192.202
2.5 -176.796
2.5 -190.73
2.5 -217.606
2.5 -193.292
2.5 -178.516
2.5 -176.434
2.5 -175.88
2.5 -175.386
2.5 -189.28
2.5 -179.412
2.5 -181.288
2.5 -186.942
2.5 -182.362
2.5 -180.77
2.5 -200.014
2.5 -186.95
2.5 -187.844
2.5 -177.502
2.5 -191.318
2.5 -190.076
500
-46.5 -240.708
-46.5 -205.468
-46.5 -194.236
-46.5 -195.564
-46.5 -201.632
-46.5 -198.232
-39.5 -180.74
-39.5 -176.218
-39.5 -178.746
-34.5 -178.106
-34.5 -188.574
-32.0 -199.992
-27.0 -199.778
-27.0 -188.224
-17.0 -195.772
-17.0 -181.452
-17.0 -192.796
-17.0 -194.202
-17.0 -176.546
-17.0 -196.952
-17.0 -183.91
-17.0 -181.964
-17.0 -187.316
-17.0 -199.652
-17.0 -189.894
-17.0 -196.33
-17.0 -196.322
-17.0 -196.29
-17.0 -194.218
-17.0 -190.64
-17.0 -179.506
-17.0 -179.66
-17.0 -179.692
-17.0 -196.992
-17.0 -203.652
-6.5 -175.982
-6.5 -182.918
-6.5 -183.634
-6.5 -188.966
-6.5 -196.04
-6.5 -185.242
-6.5 -184.23
-6.5 -186.378
-6.5 -175.534
-6.5 -184.124
-6.5 -168.856
-6.5 -199.27
-6.5 -186.412
-6.5 -192.404
-6.5 -197.886
-6.5 -192.9
-6.5 -194.958
-6.5 -181.472
-6.5 -183.918
-6.5 -192.61
-6.5 -187.13
-6.5 -172.214
-6.5 -170.162
-6.5 -189.8
-6.5 -181.788
-6.5 -192.79
-6.5 -193.626
-6.5 -183.294
-6.5 -178.61
-6.5 -177.558
-6.5 -178.286
-6.5 -179.518
-6.5 -189.36
-6.5 -186.4
-6.5 -184.882
-6.5 -189.676
-6.5 -194.582
-6.5 -188.44
-6.5 -193.082
-6.5 -191.6
-6.5 -192.694
-6.5 -192.904
-6.5 -176.894
-6.5 -180.7
-6.5 -187.772
-6.5 -190.396
-6.5 -195.512
-6.5 -201.528
-6.5 -188.928
-6.5 -177.182
-6.5 -208.582
-6.5 -186.032
-6.5 -191.514
-6.5 -183.748
-6.5 -209.12
-6.5 -197.686
-6.5 -182.888
-6.5 -203.308
-6.5 -193.858
-6.5 -195.872
-6.5 -194.884
-6.5 -195.044
-6.5 -200.806
-6.5 -185.8
-6.5 -187.5
-6.5 -179.54
-6.5 -186.404
-6.5 -198.174
-6.5 -184.01
-6.5 -191.51
-6.5 -182.178
-6.5 -199.306
-6.5 -191.42
-6.5 -186.466
-6.5 -190.956
-6.5 -183.398
-6.5 -193.456
-6.5 -178.412
-6.5 -182.008
-6.5 -200.434
-6.5 -184.296
-6.5 -208.086
-6.5 -184.406
-6.5 -165.594
-6.5 -187.124
-6.5 -188.862
-6.5 -197.198
-6.5 -197.154
-6.5 -184.008
-6.5 -168.306
-5.5 -175.69
-5.5 -170.97
-4.0 -196.668
-4.0 -177.788
-4.0 -174.544
-4.0 -184.654
-4.0 -174.2
-4.0 -191.39
-4.0 -175.404
-4.0 -177.846
-4.0 -168.034
-4.0 -185.146
-4.0 -186.522
-4.0 -189.928
-4.0 -198.14
-4.0 -182.538
-4.0 -191.026
-4.0 -201.518
-4.0 -195.382
-4.0 -201.988
-4.0 -182.3
-4.0 -201.73
-4.0 -192.06
-3.0 -180.344
-3.0 -199.704
-3.0 -198.718
-3.0 -182.712
-3.0 -191.634
-3.0 -191.346
-3.0 -181.948
-3.0 -180.582
-3.0 -186.792
-3.0 -174.816
-3.0 -190.044
-3.0 -189.526
-3.0 -179.028
-3.0 -176.696
-3.0 -190.628
-3.0 -190.184
-3.0 -179.954
-3.0 -191.826
-3.0 -187.1
-3.0 -190.332
-3.0 -188.328
-3.0 -202.818
-3.0 -184.428
-3.0 -186.26
-3.0 -184.41
-3.0 -177.148
-3.0 -194.502
-3.0 -187.962
-3.0 -195.45
-3.0 -186.182
-3.0 -202.342
-3.0 -182.958
-3.0 -188.744
-3.0 -187.372
-3.0 -184.31
-3.0 -185.612
-3.0 -185.582
-3.0 -183.188
-3.0 -182.644
-3.0 -202.042
-3.0 -187.404
-3.0 -189.004
-3.0 -185.502
-3.0 -186.24
-3.0 -179.562
-3.0 -182.832
-3.0 -178.804
-3.0 -191.8
-3.0 -175.89
-3.0 -179.952
-3.0 -189.374
-3.0 -205.262
-3.0 -187.418
-3.0 -185.502
-3.0 -173.448
-3.0 -179.61
-3.0 -181.512
-3.0 -183.004
-3.0 -179.322
-3.0 -179.46
-3.0 -183.294
-3.0 -173.69
-3.0 -181.198
-3.0 -178.162
-3.0 -194.382
-3.0 -185.256
-3.0 -178.336
-3.0 -181.142
-3.0 -180.248
-3.0 -180.22
-3.0 -186.55
-3.0 -210.108
-3.0 -193.166
-3.0 -196.004
-3.0 -195.364
-3.0 -183.856
-3.0 -188.012
-3.0 -193.578
-3.0 -178.656
-3.0 -206.33
-3.0 -191.294
-3.0 -174.856
-3.0 -174.262
-3.0 -183.528
-3.0 -187.26
-0.5 -195.956
-0.5 -190.712
-0.5 -188.73
4.5 -200.024
4.5 -193.47
4.5 -203.922
4.5 -193.52
4.5 -173.346
4.5 -182.372
4.5 -178.444
4.5 -165.744
4.5 -194.272
4.5 -172.248
4.5 -173.248
4.5 -187.926
4.5 -182.024
4.5 -187.962
4.5 -192.34
4.5 -177.542
4.5 -202.24
4.5 -180.612
4.5 -185.422
4.5 -186.094
4.5 -203.908
4.5 -186.172
4.5 -174.296
4.5 -189.918
4.5 -186.946
4.5 -181.264
4.5 -179.768
4.5 -189.918
4.5 -174.298
4.5 -191.47
4.5 -179.008
4.5 -182.724
4.5 -184.17
4.5 -178.042
4.5 -184.282
4.5 -167.862
4.5 -198.93
4.5 -190.222
4.5 -197.248
4.5 -177.346
4.5 -183.842
4.5 -189.006
4.5 -178.98
4.5 -185.492
4.5 -191.08
4.5 -183.592
4.5 -186.08
4.5 -176.854
4.5 -200.354
4.5 -189.276
4.5 -193.634
4.5 -183.662
4.5 -163.214
4.5 -172.388
4.5 -181.74
4.5 -188.602
4.5 -193.696
4.5 -174.29
4.5 -188.318
4.5 -178.05
4.5 -177.142
4.5 -175.072
4.5 -182.128
4.5 -179.43
4.5 -174.5
4.5 -185.264
4.5 -175.222
4.5 -182.748
4.5 -184.656
4.5 -171.046
4.5 -173.494
4.5 -180.604
4.5 -191.404
4.5 -182.154
4.5 -192.012
4.5 -187.152
4.5 -190.5
4.5 -188.294
4.5 -190.178
4.5 -185.334
4.5 -174.716
4.5 -174.776
4.5 -171.294
4.5 -173.738
4.5 -193.992
4.5 -193.302
4.5 -188.648
4.5 -170.224
4.5 -184.37
4.5 -183.534
4.5 -186.35
4.5 -182.162
4.5 -191.09
4.5 -190.686
4.5 -187.712
4.5 -195.162
4.5 -177.446
4.5 -166.68
4.5 -197.02
4.5 -190.038
4.5 -195.246
4.5 -182.072
4.5 -190.736
4.5 -177.28
4.5 -172.132
4.5 -168.176
4.5 -165.446
4.5 -189.142
4.5 -192.604
4.5 -189.456
4.5 -179.264
4.5 -191.782
4.5 -179.644
4.5 -179.572
4.5 -180.832
4.5 -182.422
4.5 -188.656
4.5 -194.336
4.5 -191.852
4.5 -180.836
4.5 -186.654
4.5 -191.47
4.5 -200.664
4.5 -178.204
4.5 -186.528
4.5 -188.378
4.5 -189.894
4.5 -183.886
4.5 -188.798
4.5 -174.288
4.5 -170.222
4.5 -166.72
4.5 -177.622
4.5 -193.592
4.5 -188.336
4.5 -185.69
4.5 -186.88
4.5 -195.9
4.5 -189.102
4.5 -188.112
4.5 -192.466
4.5 -190.868
4.5 -186.792
4.5 -187.246
4.5 -178.126
4.5 -188.028
4.5 -186.584
4.5 -188.478
4.5 -186.406
4.5 -180.598
4.5 -178.914
4.5 -185.086
4.5 -193.594
4.5 -194.654
4.5 -199.172
4.5 -194.498
4.5 -183.144
4.5 -186.482
4.5 -177.022
4.5 -184.83
4.5 -179.752
4.5 -193.67
4.5 -203.352
4.5 -190.382
4.5 -177.944
4.5 -175.722
4.5 -191.674
4.5 -178.238
4.5 -183.588
4.5 -173.746
4.5 -176.748
6.5 -166.75
6.5 -183.45
6.5 -179.522
6.5 -165.894
6.5 -162.636
6.5 -169.422
6.5 -193.79
6.5 -177.828
6.5 -191.872
6.5 -176.81
6.5 -173.824
6.5 -175.936
6.5 -196.402
6.5 -175.396
6.5 -193.486
6.5 -188.388
6.5 -185.784
6.5 -216.774
6.5 -201.65
6.5 -179.652
6.5 -188.13
6.5 -176.772
6.5 -182.018
6.5 -187.506
6.5 -192.438
6.5 -196.724
6.5 -178.712
6.5 -180.582
6.5 -189.488
6.5 -168.502
6.5 -172.122
6.5 -166.988
6.5 -185.538
6.5 -195.534
6.5 -185.154
6.5 -187.276
6.5 -186.118
6.5 -191.25
6.5 -190.998
6.5 -190.792
6.5 -183.792
6.5 -187.29
6.5 -173.544
6.5 -175.968
6.5 -194.164
6.5 -171.918
6.5 -169.862
6.5 -191.37
6.5 -175.59
6.5 -182.606
6.5 -187.898
6.5 -171.912
6.5 -183.492
6.5 -186.674
6.5 -194.454
6.5 -180.606
6.5 -188.548
6.5 -175.148
6.5 -184.194
6.5 -184.944
6.5 -181.652
6.5 -189.58
6.5 -178.542
6.5 -184.22
6.5 -177.342
6.5 -185.428
6.5 -183.014
6.5 -173.332
6.5 -182.918
6.5 -186.828
6.5 -183.718
6.5 -185.706
6.5 -176.03
6.5 -178.558
6.5 -168.666
6.5 -166.502
6.5 -173.726
6.5 -171.978
6.5 -178.588
6.5 -174.692
6.5 -177.9
6.5 -195.946
6.5 -180.036
6.5 -166.808
6.5 -177.538
6.5 -177.772
6.5 -200.742
6.5 -199.076
6.5 -182.516
6.5 -165.478
6.5 -170.514
6.5 -181.568
6.5 -171.256
500
-29.5 -233.43
-29.5 -196.318
-29.5 -192.096
-29.5 -182.79
-29.5 -179.848
-29.5 -200.348
-29.5 -191.748
-29.5 -187.898
-29.5 -176.032
-29.5 -200.788
-29.5 -198.91
-18.5 -186.362
-18.5 -207.194
-18.5 -201.104
-18.5 -194.462
-18.5 -189.422
-18.5 -186.86
-18.5 -185.312
-18.5 -173.512
-18.5 -194.48
-18.5 -184.992
-18.5 -180.516
-18.5 -176.598
-18.5 -179.022
-18.5 -185.746
-18.5 -180.32
-18.5 -180.188
-18.5 -182.27
-18.5 -203.338
-18.5 -198.082
-18.5 -197.234
-18.5 -193.618
-18.5 -180.856
-18.5 -183.028
-18.5 -184.326
-16.0 -180.496
-16.0 -181.954
-16.0 -185.052
-16.0 -180.316
-16.0 -202.198
-16.0 -194.066
-16.0 -175.756
-16.0 -183.124
-2.5 -172.728
-2.5 -172.79
-2.5 -182.36
-2.5 -187.242
-2.5 -198.762
-2.5 -185.202
-2.5 -177.222
-2.5 -190.326
-2.5 -178.298
-2.5 -182.51
-2.5 -194.638
-2.5 -188.804
-2.5 -194.048
-2.5 -179.654
-2.5 -184.422
-2.5 -180.78
-2.5 -186.232
-2.5 -181.662
-2.5 -194.046
-2.5 -196.048
-2.5 -197.238
-2.5 -205.572
-2.5 -199.898
-2.5 -185.548
-2.5 -182.012
-2.5 -193.516
-2.5 -185.462
-2.5 -196.704
-2.5 -188.838
-2.5 -182.324
-2.5 -210.836
-2.5 -188.854
-2.5 -168.214
-2.5 -189.456
-2.5 -183.252
-2.5 -192.85
-2.5 -191.632
-2.5 -188.922
-2.5 -179.916
-2.5 -196.532
-2.5 -181.546
-2.5 -186.148
-2.5 -174.024
-2.5 -176.364
-2.5 -187.596
-2.5 -182.85
-2.5 -197.574
-2.5 -197.906
-2.5 -202.572
-2.5 -178.434
-2.5 -197.07
-2.5 -190.806
-2.5 -187.288
-2.5 -188.538
-2.5 -191.742
-2.5 -183.976
-2.5 -196.072
-2.5 -186.984
-2.5 -188.314
-2.5 -193.976
-2.5 -183.706
-2.5 -177.01
-2.5 -190.02
-2.5 -188.766
-2.5 -189.658
-2.5 -185.106
-2.5 -192.932
-2.5 -176.898
-2.5 -183.186
-2.5 -176.498
-2.5 -203.352
-2.5 -185.374
-2.5 -192.032
-2.5 -193.25
-2.5 -190.996
-2.5 -189.008
-2.5 -175.282
-2.0 -181.966
-2.0 -187.568
-2.0 -180.668
-2.0 -190.618
-2.0 -203.438
-2.0 -198.922
-2.0 -184.424
-2.0 -183.592
-2.0 -186.526
-2.0 -191.686
-2.0 -194.958
-2.0 -179.734
-2.0 -181.47
-2.0 -181.988
-2.0 -182.564
-2.0 -198.202
-2.0 -183.262
-2.0 -172.332
-2.0 -191.302
-2.0 -198.284
-2.0 -189.266
-2.0 -190.394
-2.0 -184.978
-2.0 -194.232
-2.0 -165.05
-2.0 -193.66
-2.0 -184.402
-2.0 -190.278
-2.0 -181.242
-2.0 -165.498
-2.0 -179.846
-2.0 -189.05
-2.0 -191.774
-2.0 -193.244
-2.0 -193.21
-2.0 -185.666
-2.0 -184.416
-2.0 -191.756
-2.0 -175.886
-2.0 -192.172
-2.0 -190.418
-2.0 -186.596
-2.0 -184.186
-2.0 -170.808
6.0 -182.842
6.0 -178.182
6.0 -193.674
6.0 -186.384
6.0 -189.962
6.0 -188.708
6.0 -190.744
6.0 -199.172
7.5 -190.398
7.5 -190.366
7.5 -177.658
7.5 -187.372
7.5 -184.358
7.5 -191.3
7.5 -194.588
7.5 -183.026
7.5 -174.354
7.5 -187.062
7.5 -185.59
7.5 -191.78
7.5 -190.094
7.5 -180.112
7.5 -186.814
7.5 -183.994
7.5 -179.746
7.5 -179.0
7.5 -198.32
7.5 -176.158
7.5 -192.106
7.5 -177.23
7.5 -173.008
7.5 -185.804
7.5 -166.664
7.5 -182.298
7.5 -189.772
7.5 -200.016
7.5 -203.768
7.5 -195.758
7.5 -185.954
7.5 -160.474
7.5 -181.968
7.5 -187.494
7.5 -175.576
7.5 -190.406
7.5 -190.842
7.5 -169.646
7.5 -181.936
7.5 -182.18
7.5 -170.94
7.5 -178.212
7.5 -195.312
7.5 -176.426
7.5 -186.018
7.5 -185.186
7.5 -190.258
7.5 -178.09
7.5 -199.528
7.5 -184.762
7.5 -175.038
7.5 -181.498
7.5 -178.72
7.5 -193.946
7.5 -182.628
7.5 -182.622
7.5 -176.622
7.5 -183.866
7.5 -174.086
7.5 -184.282
7.5 -196.992
7.5 -176.928
7.5 -176.308
7.5 -196.85
7.5 -183.49
7.5 -196.496
7.5 -180.508
7.5 -178.082
7.5 -172.152
7.5 -189.18
7.5 -186.968
7.5 -181.374
7.5 -177.78
7.5 -188.842
7.5 -178.922
7.5 -155.426
7.5 -194.014
7.5 -189.636
7.5 -179.128
7.5 -170.732
7.5 -189.858
7.5 -182.212
7.5 -167.622
7.5 -181.666
7.5 -175.376
7.5 -170.73
7.5 -176.544
7.5 -178.95
7.5 -170.956
7.5 -178.42
7.5 -188.686
7.5 -189.17
7.5 -182.002
7.5 -177.032
7.5 -181.688
7.5 -185.404
7.5 -191.334
7.5 -177.664
7.5 -198.526
7.5 -184.738
7.5 -200.642
7.5 -182.1
7.5 -171.608
7.5 -186.274
7.5 -177.066
7.5 -193.59
7.5 -190.442
7.5 -185.548
7.5 -198.622
7.5 -182.96
7.5 -180.076
7.5 -202.008
7.5 -171.898
7.5 -178.518
7.5 -195.422
7.5 -182.24
7.5 -171.902
7.5 -169.366
7.5 -187.752
7.5 -190.442
7.5 -188.806
7.5 -181.738
7.5 -180.912
7.5 -183.048
7.5 -178.54
7.5 -174.912
7.5 -170.438
7.5 -194.268
7.5 -192.064
7.5 -177.578
7.5 -178.178
7.5 -185.452
7.5 -188.152
7.5 -178.896
7.5 -173.546
7.5 -174.43
7.5 -183.31
7.5 -185.958
7.5 -179.118
7.5 -186.404
7.5 -174.352
7.5 -182.136
7.5 -178.004
7.5 -179.756
7.5 -186.46
7.5 -178.766
7.5 -166.948
7.5 -170.39
7.5 -183.352
7.5 -191.52
7.5 -177.518
7.5 -196.602
7.5 -197.622
7.5 -198.802
7.5 -181.986
7.5 -174.836
7.5 -173.43
7.5 -176.994
7.5 -177.88
7.5 -199.078
7.5 -185.874
7.5 -186.234
7.5 -173.744
7.5 -176.816
7.5 -186.124
7.5 -185.564
7.5 -188.256
7.5 -177.538
7.5 -177.54
7.5 -177.998
7.5 -179.238
7.5 -189.672
7.5 -173.4
7.5 -188.276
7.5 -170.382
7.5 -184.706
7.5 -185.316
7.5 -187.75
7.5 -182.004
7.5 -182.552
7.5 -185.916
7.5 -195.33
7.5 -183.414
7.5 -190.212
7.5 -188.804
7.5 -191.228
7.5 -186.658
7.5 -187.04
7.5 -184.746
7.5 -189.816
7.5 -198.568
7.5 -184.914
7.5 -196.412
7.5 -177.678
7.5 -183.446
7.5 -190.124
7.5 -180.342
7.5 -181.228
7.5 -193.1
7.5 -177.686
7.5 -183.62
7.5 -183.712
7.5 -189.882
7.5 -178.64
7.5 -175.19
7.5 -178.262
7.5 -180.446
7.5 -181.198
7.5 -185.484
7.5 -187.798
7.5 -174.854
7.5 -178.192
7.5 -178.354
7.5 -198.904
7.5 -181.366
7.5 -173.662
7.5 -186.026
7.5 -182.242
7.5 -178.916
7.5 -189.122
7.5 -172.732
7.5 -190.962
7.5 -185.698
7.5 -177.836
7.5 -177.288
7.5 -183.734
7.5 -179.33
7.5 -182.346
7.5 -180.794
7.5 -171.956
7.5 -178.388
7.5 -195.562
7.5 -174.08
7.5 -195.86
7.5 -191.618
7.5 -181.18
7.5 -195.296
7.5 -179.412
7.5 -171.642
7.5 -180.3
7.5 -200.44
7.5 -191.17
7.5 -181.848
7.5 -203.772
7.5 -176.524
7.5 -176.088
7.5 -188.542
7.5 -171.756
7.5 -181.442
7.5 -172.044
7.5 -174.288
7.5 -178.306
7.5 -183.284
7.5 -204.87
7.5 -176.844
7.5 -180.44
7.5 -187.83
7.5 -191.472
7.5 -186.712
7.5 -179.04
7.5 -187.056
7.5 -167.036
7.5 -193.196
7.5 -187.034
7.5 -200.474
7.5 -196.698
7.5 -171.228
7.5 -184.368
7.5 -182.656
7.5 -185.848
7.5 -178.658
7.5 -171.494
7.5 -171.552
7.5 -181.474
7.5 -176.586
7.5 -184.594
7.5 -185.142
7.5 -190.308
7.5 -195.132
7.5 -180.624
7.5 -180.972
7.5 -183.478
7.5 -173.09
7.5 -182.774
7.5 -174.972
7.5 -191.886
7.5 -174.176
7.5 -171.076
7.5 -194.076
7.5 -181.798
7.5 -181.532
7.5 -186.694
7.5 -201.446
7.5 -182.316
7.5 -181.938
7.5 -176.836
7.5 -180.12
7.5 -179.808
7.5 -179.928
7.5 -177.194
7.5 -175.162
7.5 -175.81
7.5 -187.03
7.5 -177.614
7.5 -173.666
7.5 -187.126
7.5 -183.31
7.5 -180.854
7.5 -176.14
7.5 -175.202
7.5 -192.082
7.5 -182.754
7.5 -181.98
7.5 -194.962
7.5 -182.43
7.5 -186.812
7.5 -182.44
7.5 -200.242
7.5 -187.662
7.5 -167.952
7.5 -174.054
7.5 -182.12
7.5 -184.618
7.5 -182.844
7.5 -174.732
7.5 -176.314
7.5 -192.484
7.5 -181.952
500
-56.5 -225.518
-56.5 -189.436
-56.5 -191.78
-42.5 -192.228
-36.5 -210.892
-25.5 -201.196
-25.5 -194.938
-25.5 -200.578
-25.5 -190.306
-25.5 -200.764
-25.5 -178.174
-25.5 -198.8
-25.5 -196.044
-25.5 -200.508
-25.5 -193.752
-25.5 -195.402
-25.5 -198.354
-25.5 -186.266
-21.0 -187.978
-21.0 -169.478
-21.0 -186.362
-21.0 -182.372
-21.0 -199.176
-21.0 -186.376
-21.0 -186.052
-21.0 -195.94
-21.0 -193.5
-21.0 -176.948
-21.0 -183.616
-21.0 -181.122
-9.5 -193.542
-9.5 -189.81
-9.5 -187.768
-9.5 -196.81
-9.5 -184.136
-9.5 -186.298
-9.5 -190.396
-9.5 -175.758
-9.5 -179.196
-5.5 -186.772
-5.5 -191.342
-5.5 -185.486
-3.0 -192.796
-3.0 -186.908
-3.0 -171.066
-3.0 -180.364
-3.0 -181.046
-3.0 -182.49
-3.0 -199.036
-3.0 -182.596
-3.0 -189.662
-3.0 -189.292
-3.0 -192.772
-3.0 -177.664
-2.0 -169.636
-2.0 -183.604
-2.0 -181.838
-2.0 -199.052
-2.0 -176.64
-2.0 -201.632
-2.0 -174.828
-2.0 -163.346
-2.0 -178.754
-2.0 -182.548
-2.0 -176.77
-2.0 -194.276
-2.0 -175.1
-2.0 -182.376
-2.0 -191.254
-2.0 -184.254
-2.0 -208.404
-2.0 -194.926
-2.0 -184.476
-2.0 -186.462
-2.0 -184.7
-2.0 -181.596
-2.0 -175.31
-2.0 -192.866
-2.0 -186.964
-2.0 -184.05
-2.0 -187.198
-2.0 -185.4
-2.0 -178.654
-2.0 -180.656
-2.0 -190.796
-2.0 -167.468
-2.0 -184.698
-2.0 -186.438
-2.0 -177.924
-2.0 -187.628
-2.0 -191.918
-2.0 -181.31
-2.0 -184.35
-2.0 -182.436
-2.0 -188.606
-2.0 -186.664
-2.0 -176.622
-2.0 -186.856
-2.0 -174.282
-2.0 -189.782
-2.0 -180.286
-2.0 -170.77
-2.0 -186.662
-2.0 -188.938
-2.0 -185.232
-2.0 -194.666
-2.0 -174.358
-2.0 -185.306
-2.0 -200.142
-2.0 -196.204
-2.0 -193.746
-2.0 -196.5
-2.0 -191.856
-2.0 -194.444
-2.0 -194.576
-2.0 -190.004
-2.0 -189.578
-2.0 -186.306
-2.0 -195.544
-2.0 -196.166
-2.0 -179.966
-2.0 -195.346
-2.0 -179.774
-2.0 -192.478
-2.0 -183.152
-2.0 -180.822
-2.0 -184.632
-2.0 -200.472
-2.0 -197.164
-2.0 -192.908
-2.0 -189.02
-2.0 -201.092
-2.0 -188.974
-2.0 -195.472
-2.0 -188.866
-2.0 -178.94
-2.0 -189.58
-2.0 -178.018
-2.0 -181.706
-2.0 -180.266
-2.0 -170.852
-2.0 -180.902
-2.0 -190.31
-2.0 -181.358
-2.0 -179.97
-2.0 -195.12
-2.0 -178.482
-2.0 -180.422
-2.0 -196.602
-2.0 -192.26
-2.0 -183.12
-2.0 -163.66
-2.0 -183.786
-2.0 -192.31
-2.0 -174.532
-2.0 -190.896
-2.0 -205.57
-2.0 -189.478
-2.0 -191.626
-2.0 -195.296
-2.0 -193.324
-2.0 -183.234
-2.0 -176.794
-2.0 -194.616
-2.0 -188.144
-2.0 -184.998
-2.0 -175.062
-2.0 -192.548
-2.0 -192.992
0.5 -183.83
0.5 -193.124
0.5 -212.648
0.5 -175.826
0.5 -189.37
0.5 -173.156
0.5 -181.216
0.5 -192.218
0.5 -184.498
0.5 -189.82
0.5 -189.606
0.5 -207.19
0.5 -180.93
0.5 -177.434
0.5 -183.614
0.5 -175.406
0.5 -191.796
0.5 -190.038
0.5 -182.42
0.5 -192.498
0.5 -181.552
0.5 -190.634
0.5 -188.586
0.5 -182.124
0.5 -187.216
0.5 -195.05
0.5 -179.808
0.5 -188.254
0.5 -184.912
0.5 -186.69
0.5 -171.494
0.5 -182.432
0.5 -195.574
0.5 -205.104
0.5 -173.01
0.5 -170.84
0.5 -195.156
0.5 -172.78
0.5 -172.974
0.5 -192.396
0.5 -193.992
0.5 -185.962
0.5 -189.16
0.5 -178.278
0.5 -186.18
0.5 -175.56
0.5 -192.034
0.5 -176.954
0.5 -184.45
0.5 -175.15
0.5 -193.388
0.5 -188.46
0.5 -185.978
0.5 -192.792
0.5 -193.404
0.5 -184.07
0.5 -176.044
0.5 -171.182
0.5 -177.252
0.5 -185.286
0.5 -202.648
0.5 -181.54
0.5 -194.35
0.5 -190.094
0.5 -200.134
0.5 -172.666
0.5 -190.934
0.5 -180.204
0.5 -185.61
0.5 -184.79
0.5 -190.184
0.5 -179.64
0.5 -195.068
0.5 -191.388
0.5 -202.55
0.5 -184.844
0.5 -189.782
0.5 -197.474
0.5 -204.226
0.5 -182.386
0.5 -180.988
0.5 -163.462
0.5 -176.784
0.5 -183.518
0.5 -200.13
0.5 -199.4
0.5 -191.754
0.5 -189.042
0.5 -181.738
0.5 -186.934
0.5 -199.916
0.5 -195.238
0.5 -195.318
0.5 -187.58
0.5 -187.492
0.5 -182.436
0.5 -181.828
0.5 -194.678
0.5 -188.078
0.5 -183.388
0.5 -185.424
0.5 -183.336
0.5 -186.164
0.5 -185.318
0.5 -192.136
0.5 -181.912
0.5 -180.592
4.0 -170.684
4.0 -185.6
4.0 -174.394
4.0 -192.568
4.0 -179.464
4.0 -183.36
4.0 -179.086
4.0 -183.916
4.0 -193.534
4.0 -192.056
4.0 -175.57
4.0 -193.21
4.0 -189.504
4.0 -195.668
4.0 -174.03
4.0 -182.758
4.0 -199.626
4.0 -187.922
4.0 -177.12
4.0 -180.432
4.0 -185.916
4.0 -183.742
4.0 -181.026
4.0 -182.9
4.0 -184.892
4.0 -193.644
4.0 -198.566
4.0 -197.678
4.0 -191.082
4.0 -180.062
4.0 -175.534
4.0 -183.736
4.0 -188.74
4.0 -183.694
4.0 -195.376
4.0 -179.546
4.0 -169.23
4.0 -180.042
4.0 -186.102
4.0 -160.674
4.0 -179.074
4.0 -203.178
4.0 -198.594
4.0 -187.828
4.0 -203.26
4.0 -199.408
4.0 -182.362
4.0 -177.29
4.0 -195.766
4.0 -169.03
4.0 -175.942
4.0 -193.09
4.0 -188.208
4.0 -162.796
4.0 -179.866
6.0 -187.924
6.0 -195.868
6.0 -191.494
6.0 -200.318
6.0 -189.144
6.0 -182.806
6.0 -184.132
6.0 -185.47
6.0 -177.962
6.0 -190.558
6.0 -200.054
6.0 -183.906
6.0 -176.82
6.0 -199.832
6.0 -195.066
6.0 -183.78
6.0 -171.382
6.0 -194.17
6.0 -179.056
6.0 -185.066
6.0 -182.74
6.0 -174.562
6.0 -196.504
6.0 -183.108
6.0 -182.432
6.0 -175.888
6.0 -194.458
6.0 -205.744
6.0 -204.152
6.0 -194.384
6.0 -173.678
6.0 -169.47
6.0 -189.048
6.0 -187.638
6.0 -183.934
6.0 -177.994
6.0 -185.172
6.0 -175.272
6.0 -167.934
6.0 -182.224
6.0 -190.47
6.0 -195.474
6.0 -179.85
6.0 -188.456
6.0 -177.4
6.0 -182.716
6.0 -182.384
6.0 -174.796
6.0 -203.09
6.0 -181.288
6.0 -180.276
6.0 -194.528
6.0 -195.746
6.0 -174.32
6.0 -190.464
6.0 -179.636
6.0 -211.586
6.0 -196.43
6.0 -179.092
6.0 -184.382
6.0 -180.182
6.0 -193.532
6.0 -179.866
6.0 -189.386
6.0 -191.846
6.0 -175.476
6.0 -196.66
6.0 -174.414
6.0 -173.412
6.0 -193.054
6.0 -188.296
6.0 -201.634
6.0 -198.05
6.0 -192.788
6.0 -188.226
6.0 -183.198
6.0 -190.084
6.0 -184.192
6.0 -192.412
6.0 -179.762
6.0 -191.314
6.0 -168.192
6.0 -178.172
6.0 -206.698
6.0 -173.548
6.0 -187.898
6.0 -199.496
6.0 -190.202
6.0 -188.898
6.0 -174.39
6.0 -182.126
6.0 -196.282
6.0 -173.816
6.0 -187.63
6.0 -186.784
6.0 -194.886
6.0 -187.008
6.0 -195.586
6.0 -180.02
6.0 -180.058
6.0 -173.548
6.0 -182.5
6.0 -174.694
6.0 -169.584
6.0 -172.608
6.0 -172.53
6.0 -181.606
6.0 -181.076
6.0 -175.29
6.0 -203.272
6.0 -198.448
6.0 -183.202
6.0 -215.24
6.0 -181.07
6.0 -181.666
6.0 -172.482
6.0 -186.938
6.0 -197.178
6.0 -190.676
6.0 -187.464
6.0 -188.168
6.0 -187.246
6.0 -174.886
6.0 -166.69
6.0 -167.962
6.0 -201.416
6.0 -176.696
6.0 -173.534
6.0 -176.818
6.0 -186.218
6.0 -202.458
6.0 -200.74
6.0 -187.74
6.0 -173.024
6.0 -185.378
6.0 -200.05
6.0 -193.578
6.0 -190.872
6.0 -176.102
6.0 -187.938
6.0 -172.524
6.0 -186.252
6.0 -186.902
6.0 -199.054
6.0 -175.852
6.0 -183.076
6.0 -182.368
6.0 -188.796
6.0 -186.384
6.0 -184.498
6.0 -201.758
6.0 -187.55
6.0 -185.876
6.0 -174.794
6.0 -179.374
6.0 -185.744
6.0 -198.136
6.0 -178.016
6.0 -188.736
6.0 -188.022
6.0 -183.972
6.0 -171.526
6.0 -184.396
6.0 -198.832
6.0 -186.264
6.0 -198.234
6.0 -196.066
6.0 -188.76
6.0 -177.034
500
-66.0 -246.856
-55.0 -213.704
-42.0 -191.838
-42.0 -186.416
-21.0 -189.91
-21.0 -208.104
-21.0 -200.052
-21.0 -192.12
-21.0 -186.114
-18.0 -185.674
-18.0 -183.598
-18.0 -183.16
-18.0 -198.5
-18.0 -190.644
-18.0 -183.604
-18.0 -175.866
-18.0 -200.636
-18.0 -187.278
-18.0 -189.956
-18.0 -199.352
-18.0 -194.296
-18.0 -191.958
-18.0 -181.964
-18.0 -190.738
-18.0 -185.362
-18.0 -196.224
-18.0 -187.762
-18.0 -192.172
-18.0 -180.664
-18.0 -186.014
-18.0 -182.748
-18.0 -185.186
-18.0 -198.196
-3.0 -190.524
-3.0 -188.768
-3.0 -178.02
-3.0 -185.736
-3.0 -181.634
-3.0 -181.764
-3.0 -190.572
-3.0 -179.776
-3.0 -182.37
-3.0 -181.99
-3.0 -185.954
-3.0 -191.764
-3.0 -191.788
-3.0 -185.58
-3.0 -196.388
-3.0 -183.078
-3.0 -189.346
-3.0 -199.896
-3.0 -195.106
-3.0 -183.578
-3.0 -179.728
-3.0 -186.928
-3.0 -184.282
-3.0 -190.714
-3.0 -173.582
-3.0 -169.184
-3.0 -189.358
-3.0 -168.648
-3.0 -190.57
-3.0 -173.526
-3.0 -194.156
-3.0 -194.528
-3.0 -187.764
-3.0 -183.192
-3.0 -180.886
-3.0 -185.956
-3.0 -173.604
-3.0 -193.268
-3.0 -191.946
-3.0 -198.118
-3.0 -183.996
-3.0 -176.026
-3.0 -184.388
-3.0 -203.218
-3.0 -189.932
-3.0 -191.014
-3.0 -182.436
-3.0 -179.744
-3.0 -203.018
-3.0 -180.528
-3.0 -183.198
-3.0 -182.376
-3.0 -177.054
-3.0 -169.638
-3.0 -186.444
-3.0 -178.566
-3.0 -175.424
-3.0 -175.814
-3.0 -196.638
-3.0 -181.844
-3.0 -182.408
-3.0 -183.12
-3.0 -180.472
-3.0 -180.264
-3.0 -182.114
-3.0 -171.214
-3.0 -185.062
-3.0 -190.5
-3.0 -187.898
-3.0 -174.21
-3.0 -176.882
-3.0 -176.32
-3.0 -175.094
-3.0 -180.682
-3.0 -171.218
-3.0 -189.104
-3.0 -184.188
-3.0 -181.198
-3.0 -180.972
-3.0 -188.222
-3.0 -182.726
-3.0 -179.888
-3.0 -173.288
-3.0 -206.292
-3.0 -194.744
-3.0 -172.68
-3.0 -178.938
-3.0 -193.978
-3.0 -194.278
-3.0 -188.826
-3.0 -182.312
-3.0 -190.28
-3.0 -183.41
-3.0 -202.888
-3.0 -188.23
-3.0 -202.218
-3.0 -192.958
-3.0 -187.082
-3.0 -188.884
-3.0 -192.598
-3.0 -191.876
-3.0 -194.93
-3.0 -169.442
-3.0 -181.426
-3.0 -177.038
-3.0 -176.89
-3.0 -191.368
-3.0 -178.684
-3.0 -196.23
-3.0 -198.128
-3.0 -189.512
-3.0 -191.89
-3.0 -188.896
-3.0 -183.184
-3.0 -189.454
-3.0 -190.782
-3.0 -177.16
-3.0 -181.978
-3.0 -183.524
-3.0 -182.784
-3.0 -183.258
-3.0 -182.428
-3.0 -187.69
-3.0 -212.754
-3.0 -203.716
-3.0 -193.066
-3.0 -177.704
-3.0 -182.986
-3.0 -187.966
-3.0 -178.21
-3.0 -183.33
-3.0 -200.686
-3.0 -194.376
-3.0 -183.408
-3.0 -189.538
-3.0 -183.73
-3.0 -180.308
-3.0 -182.126
-3.0 -199.744
-3.0 -189.784
-3.0 -185.704
-3.0 -182.092
-3.0 -194.468
-3.0 -190.792
-3.0 -201.764
-3.0 -195.36
-3.0 -186.282
-3.0 -195.59
-3.0 -188.976
-3.0 -185.874
-3.0 -180.582
-3.0 -180.4
-3.0 -175.81
-3.0 -176.666
-3.0 -183.594
-3.0 -180.464
-3.0 -181.688
-3.0 -183.474
-3.0 -175.4
-3.0 -188.57
-3.0 -189.64
-3.0 -179.786
-3.0 -192.758
-3.0 -197.836
-3.0 -187.526
-3.0 -183.48
-3.0 -181.432
-3.0 -195.912
-3.0 -192.318
-3.0 -202.244
-3.0 -203.266
-3.0 -202.276
-3.0 -198.106
-3.0 -178.264
-3.0 -177.666
-3.0 -183.074
-3.0 -178.102
-3.0 -175.832
-3.0 -189.026
-3.0 -187.696
-3.0 -183.15
-3.0 -179.908
-3.0 -172.502
-3.0 -172.176
-3.0 -179.894
-3.0 -182.192
-3.0 -186.662
-3.0 -191.622
-3.0 -182.808
-3.0 -196.062
-3.0 -190.01
-3.0 -188.416
-3.0 -188.684
-3.0 -181.042
-3.0 -192.656
-3.0 -177.53
-3.0 -175.642
-3.0 -191.528
-3.0 -197.072
-3.0 -179.576
-3.0 -185.07
-3.0 -192.054
-3.0 -189.716
-3.0 -194.52
-3.0 -192.596
-3.0 -189.828
-3.0 -185.112
-3.0 -181.866
-3.0 -180.524
-3.0 -187.782
-3.0 -183.51
-3.0 -188.046
0.5 -174.01
0.5 -178.464
0.5 -204.202
0.5 -176.458
0.5 -178.914
0.5 -182.708
0.5 -195.408
0.5 -192.252
0.5 -187.228
0.5 -187.728
0.5 -181.75
0.5 -178.852
0.5 -174.23
0.5 -187.238
0.5 -184.984
0.5 -180.318
0.5 -187.61
0.5 -191.884
0.5 -165.502
0.5 -191.406
0.5 -174.564
0.5 -189.626
0.5 -184.94
0.5 -178.16
0.5 -175.87
0.5 -172.632
0.5 -172.804
0.5 -190.822
0.5 -185.576
0.5 -173.712
0.5 -179.858
0.5 -186.876
0.5 -178.602
0.5 -175.708
0.5 -186.036
0.5 -185.562
0.5 -192.494
0.5 -176.578
0.5 -189.362
0.5 -182.2
0.5 -182.17
0.5 -185.586
0.5 -169.57
0.5 -179.348
0.5 -188.14
0.5 -180.696
0.5 -194.308
0.5 -176.81
0.5 -190.502
0.5 -188.846
0.5 -184.756
0.5 -189.926
0.5 -191.264
0.5 -183.642
0.5 -181.44
0.5 -196.016
0.5 -189.268
0.5 -181.5
0.5 -187.0
0.5 -183.338
0.5 -185.414
0.5 -188.422
0.5 -185.092
0.5 -199.822
0.5 -184.686
0.5 -200.286
0.5 -198.188
0.5 -184.358
7.5 -182.82
7.5 -179.246
7.5 -176.174
7.5 -185.674
7.5 -179.156
7.5 -176.068
7.5 -178.952
7.5 -194.42
7.5 -183.106
7.5 -179.974
7.5 -184.936
7.5 -191.182
7.5 -187.354
7.5 -198.816
7.5 -183.334
7.5 -188.868
7.5 -194.318
7.5 -215.64
7.5 -192.034
7.5 -206.374
7.5 -196.91
7.5 -186.448
7.5 -185.938
7.5 -189.082
7.5 -180.312
7.5 -184.184
7.5 -181.636
7.5 -179.674
7.5 -173.166
7.5 -190.904
7.5 -184.384
7.5 -166.642
7.5 -186.136
7.5 -174.642
7.5 -182.38
7.5 -182.306
7.5 -173.616
7.5 -190.1
7.5 -188.432
7.5 -184.696
7.5 -182.796
7.5 -180.03
7.5 -181.632
7.5 -195.116
7.5 -193.738
7.5 -183.376
7.5 -180.656
7.5 -186.528
7.5 -179.132
7.5 -182.388
7.5 -189.894
7.5 -190.532
7.5 -185.06
7.5 -183.594
7.5 -192.236
7.5 -193.282
7.5 -184.994
7.5 -188.134
7.5 -169.96
7.5 -176.302
7.5 -179.06
7.5 -202.32
7.5 -189.67
7.5 -176.926
7.5 -170.674
7.5 -190.746
7.5 -184.676
7.5 -182.246
7.5 -177.49
7.5 -193.25
7.5 -186.116
7.5 -182.234
7.5 -191.248
7.5 -182.88
7.5 -183.598
7.5 -182.46
7.5 -192.312
7.5 -188.376
7.5 -189.33
7.5 -172.686
7.5 -180.204
7.5 -172.064
7.5 -183.976
7.5 -161.3
7.5 -198.272
7.5 -189.958
7.5 -184.024
7.5 -174.218
7.5 -171.276
7.5 -186.202
7.5 -175.608
7.5 -167.356
7.5 -161.162
7.5 -185.218
7.5 -173.22
7.5 -178.374
7.5 -173.74
7.5 -190.144
7.5 -179.214
7.5 -190.064
7.5 -193.104
7.5 -182.408
7.5 -176.484
7.5 -178.218
7.5 -180.618
7.5 -185.564
7.5 -174.898
7.5 -175.9
7.5 -189.504
7.5 -179.306
7.5 -188.89
7.5 -185.032
7.5 -180.868
7.5 -187.594
7.5 -195.242
7.5 -191.316
7.5 -176.786
7.5 -188.45
7.5 -183.374
7.5 -176.268
7.5 -196.134
7.5 -181.072
7.5 -178.22
7.5 -178.524
7.5 -181.382
7.5 -182.656
7.5 -183.104
7.5 -185.462
7.5 -192.432
7.5 -189.732
7.5 -212.186
7.5 -205.674
7.5 -194.176
7.5 -177.296
7.5 -165.3
7.5 -184.024
7.5 -177.76
7.5 -178.536
7.5 -181.81
7.5 -189.976
7.5 -185.496
7.5 -178.438
7.5 -188.338
7.5 -186.58
7.5 -170.208
7.5 -193.74
7.5 -177.584
7.5 -185.954
7.5 -182.222
7.5 -166.618
7.5 -196.492
7.5 -172.85
7.5 -200.086
7.5 -201.202
7.5 -198.296
7.5 -183.074
7.5 -194.5
7.5 -182.254
7.5 -182.732
7.5 -176.404
7.5 -182.918
7.5 -172.484
7.5 -188.526
7.5 -190.032
7.5 -193.02
7.5 -185.622
7.5 -168.142
7.5 -177.422
7.5 -203.8
7.5 -188.062
7.5 -192.768
7.5 -181.08
7.5 -177.926
7.5 -187.41
7.5 -199.984
7.5 -181.116
7.5 -186.72
7.5 -188.492
7.5 -174.946
7.5 -175.91
7.5 -180.398
7.5 -177.734
7.5 -174.996
7.5 -176.446
7.5 -190.29
7.5 -200.894
7.5 -193.398
500
-55.0 -239.154
-55.0 -205.37
-49.5 -201.032
-43.0 -181.882
-43.0 -194.132
-36.5 -197.768
-36.5 -204.844
-30.5 -189.778
-9.0 -185.458
-9.0 -187.984
-9.0 -179.03
-9.0 -195.132
-9.0 -198.384
-9.0 -207.52
-9.0 -179.898
-9.0 -177.83
-9.0 -185.618
-9.0 -187.106
-9.0 -178.876
-9.0 -190.226
-9.0 -197.65
-9.0 -185.104
-9.0 -193.918
-9.0 -181.946
-9.0 -199.964
-9.0 -200.06
-9.0 -185.494
-9.0 -181.756
-9.0 -191.108
-9.0 -188.55
-9.0 -183.412
-9.0 -180.146
-9.0 -175.008
-9.0 -193.87
-9.0 -192.218
-9.0 -171.906
-9.0 -201.396
-9.0 -203.504
-9.0 -175.58
-9.0 -173.032
-9.0 -197.556
-9.0 -190.308
-9.0 -170.648
-9.0 -183.96
-9.0 -181.492
-9.0 -200.752
-9.0 -198.202
-9.0 -198.846
-9.0 -180.238
-9.0 -194.39
-9.0 -179.274
-9.0 -194.412
-9.0 -184.046
-9.0 -191.936
-9.0 -193.544
-9.0 -180.464
-9.0 -201.106
-9.0 -204.1
-9.0 -188.318
-9.0 -180.362
-9.0 -188.452
-9.0 -190.482
-9.0 -183.734
-9.0 -187.354
-9.0 -184.688
-9.0 -187.222
-9.0 -191.594
-9.0 -187.072
-9.0 -191.802
-9.0 -190.166
-9.0 -187.728
-9.0 -180.538
-9.0 -184.274
-9.0 -180.582
-9.0 -188.418
-9.0 -182.95
-9.0 -196.802
-9.0 -185.854
-9.0 -201.414
-9.0 -170.86
-9.0 -177.062
-9.0 -190.126
-9.0 -189.214
-9.0 -187.464
-9.0 -212.088
-9.0 -183.88
-9.0 -173.47
-9.0 -183.794
-9.0 -202.464
-9.0 -178.886
-9.0 -193.68
-9.0 -180.526
-9.0 -190.192
-9.0 -182.63
-9.0 -187.152
-9.0 -182.266
-9.0 -193.966
-9.0 -193.894
-9.0 -204.284
-9.0 -188.766
-9.0 -189.84
-9.0 -185.892
-9.0 -182.256
-9.0 -186.604
-9.0 -186.622
-9.0 -204.646
-9.0 -194.81
-9.0 -193.684
-9.0 -187.814
-9.0 -184.738
-9.0 -168.708
-9.0 -188.034
-9.0 -192.476
2.5 -186.862
2.5 -196.912
2.5 -194.92
2.5 -180.912
2.5 -193.124
2.5 -166.89
2.5 -169.816
2.5 -185.136
2.5 -179.708
2.5 -191.518
2.5 -193.724
2.5 -187.89
2.5 -181.88
2.5 -185.186
2.5 -186.374
2.5 -196.242
2.5 -166.326
2.5 -179.402
2.5 -174.798
2.5 -165.374
2.5 -191.986
2.5 -193.548
2.5 -189.622
2.5 -189.87
2.5 -184.694
2.5 -194.106
2.5 -184.254
2.5 -194.556
2.5 -195.526
2.5 -189.224
2.5 -181.164
2.5 -181.328
2.5 -181.896
2.5 -184.994
2.5 -180.766
2.5 -185.218
2.5 -181.756
2.5 -167.958
2.5 -198.304
2.5 -186.502
2.5 -188.052
2.5 -190.988
2.5 -180.57
2.5 -200.646
2.5 -183.122
2.5 -178.148
2.5 -191.934
2.5 -176.204
2.5 -193.596
2.5 -188.974
2.5 -188.636
2.5 -184.428
2.5 -183.962
2.5 -178.506
2.5 -170.04
2.5 -183.87
2.5 -196.376
2.5 -188.048
2.5 -197.812
2.5 -175.334
2.5 -194.526
2.5 -174.872
2.5 -176.122
2.5 -193.514
2.5 -176.1
2.5 -201.578
2.5 -182.146
2.5 -197.042
2.5 -185.526
2.5 -173.076
2.5 -183.302
2.5 -199.76
2.5 -193.324
2.5 -192.864
2.5 -183.67
2.5 -181.732
2.5 -182.926
2.5 -187.872
2.5 -187.316
2.5 -166.976
2.5 -162.492
2.5 -167.912
2.5 -193.872
2.5 -187.084
2.5 -178.728
2.5 -181.364
2.5 -192.616
2.5 -173.604
2.5 -176.548
2.5 -171.652
2.5 -187.332
2.5 -173.672
2.5 -176.418
2.5 -191.628
2.5 -198.648
2.5 -183.654
2.5 -184.584
2.5 -177.392
2.5 -177.89
2.5 -175.254
2.5 -185.0
2.5 -184.804
2.5 -185.402
2.5 -180.916
2.5 -174.554
2.5 -183.972
2.5 -193.102
2.5 -176.69
2.5 -192.41
2.5 -195.142
2.5 -192.712
2.5 -193.652
2.5 -187.542
2.5 -199.35
2.5 -180.368
2.5 -181.104
2.5 -196.162
2.5 -194.662
2.5 -179.162
2.5 -180.858
2.5 -180.216
2.5 -198.222
2.5 -195.02
2.5 -184.724
2.5 -185.91
2.5 -192.556
2.5 -175.844
2.5 -164.974
2.5 -174.74
2.5 -178.132
2.5 -204.714
2.5 -184.048
2.5 -189.776
2.5 -201.15
2.5 -191.488
2.5 -188.934
2.5 -188.588
2.5 -185.988
2.5 -197.076
2.5 -188.516
2.5 -181.512
2.5 -194.406
2.5 -174.102
2.5 -188.862
2.5 -189.276
2.5 -196.868
2.5 -186.37
2.5 -193.798
2.5 -185.838
2.5 -187.832
2.5 -186.65
2.5 -188.336
2.5 -191.47
2.5 -200.35
2.5 -199.386
2.5 -186.962
2.5 -190.76
2.5 -197.498
2.5 -169.966
2.5 -197.758
2.5 -185.912
2.5 -172.708
2.5 -185.688
2.5 -195.422
2.5 -193.724
2.5 -184.188
2.5 -195.166
2.5 -175.53
2.5 -186.688
2.5 -174.518
2.5 -174.504
2.5 -179.202
2.5 -175.384
2.5 -181.44
2.5 -177.108
2.5 -184.12
2.5 -171.216
2.5 -179.978
2.5 -172.056
2.5 -193.426
2.5 -190.516
2.5 -185.05
2.5 -170.394
2.5 -185.88
2.5 -185.49
2.5 -182.74
2.5 -190.408
2.5 -186.712
2.5 -182.676
2.5 -195.426
2.5 -180.522
2.5 -183.794
2.5 -197.984
2.5 -187.704
2.5 -182.214
2.5 -182.932
2.5 -179.124
2.5 -178.812
2.5 -179.994
2.5 -173.344
2.5 -186.05
2.5 -202.354
2.5 -173.758
2.5 -186.032
2.5 -175.84
2.5 -185.584
2.5 -177.592
2.5 -177.766
2.5 -184.246
2.5 -181.77
2.5 -186.54
2.5 -173.732
2.5 -186.234
2.5 -193.948
2.5 -186.148
2.5 -189.21
2.5 -179.112
2.5 -195.758
2.5 -180.084
2.5 -184.71
2.5 -179.416
2.5 -191.738
2.5 -195.198
2.5 -187.104
2.5 -181.138
2.5 -177.316
2.5 -183.432
2.5 -175.546
2.5 -173.998
2.5 -183.28
2.5 -167.992
2.5 -192.08
2.5 -187.818
2.5 -183.17
2.5 -166.16
2.5 -203.81
2.5 -176.14
2.5 -184.874
2.5 -189.93
2.5 -186.016
2.5 -190.356
2.5 -192.588
2.5 -172.13
2.5 -209.104
2.5 -187.544
2.5 -183.914
2.5 -167.796
2.5 -190.762
2.5 -175.158
2.5 -177.92
2.5 -192.656
2.5 -189.254
2.5 -181.294
2.5 -183.748
2.5 -179.248
2.5 -180.224
2.5 -204.552
2.5 -189.458
2.5 -194.012
2.5 -182.736
2.5 -177.948
2.5 -180.98
2.5 -191.342
2.5 -174.938
2.5 -177.442
2.5 -176.368
2.5 -202.63
2.5 -200.5
2.5 -178.116
2.5 -187.846
2.5 -173.184
2.5 -192.914
2.5 -176.67
2.5 -195.366
2.5 -183.926
2.5 -191.668
2.5 -193.082
2.5 -182.502
2.5 -177.568
2.5 -188.006
2.5 -181.196
2.5 -195.206
2.5 -167.122
2.5 -187.154
2.5 -184.266
2.5 -172.356
2.5 -183.054
2.5 -175.214
2.5 -186.968
2.5 -207.398
2.5 -196.574
2.5 -180.308
2.5 -186.17
2.5 -181.35
2.5 -184.218
2.5 -185.642
2.5 -188.092
2.5 -188.682
2.5 -183.262
2.5 -178.636
2.5 -173.052
2.5 -176.692
2.5 -177.458
2.5 -193.03
2.5 -193.552
2.5 -215.204
2.5 -192.956
2.5 -189.656
2.5 -195.76
2.5 -195.654
2.5 -195.01
2.5 -202.544
2.5 -180.038
2.5 -194.768
2.5 -192.458
2.5 -179.332
2.5 -180.45
2.5 -176.814
2.5 -182.98
9.0 -184.8
9.0 -181.69
9.0 -173.488
9.0 -188.902
9.0 -184.06
9.0 -194.472
9.0 -177.274
9.0 -176.372
9.0 -177.846
9.0 -180.894
9.0 -177.03
9.0 -187.348
9.0 -180.054
9.0 -178.904
9.0 -176.91
9.0 -191.03
9.0 -181.646
9.0 -193.332
9.0 -184.126
9.0 -184.03
9.0 -190.976
9.0 -184.43
9.0 -180.424
9.0 -183.238
9.0 -178.612
9.0 -191.124
9.0 -186.614
9.0 -182.244
9.0 -188.602
9.0 -184.56
9.0 -191.002
9.0 -205.43
9.0 -190.358
9.0 -189.766
9.0 -197.052
9.0 -179.93
9.0 -204.24
9.0 -183.738
9.0 -184.408
9.0 -186.28
9.0 -171.592
9.0 -195.66
9.0 -191.24
9.0 -174.93
9.0 -183.704
9.0 -175.374
9.0 -193.076
9.0 -181.27
9.0 -184.886
9.0 -181.69
9.0 -172.836
9.0 -191.2
9.0 -181.688
9.0 -171.968
9.0 -175.62
9.0 -173.676
9.0 -171.508
9.0 -184.114
9.0 -182.8
9.0 -167.436
9.0 -172.548
9.0 -168.85
9.0 -169.074
9.0 -181.05
9.0 -200.968
9.0 -199.304
9.0 -181.44
9.0 -190.312
500
-22.0 -233.798
-22.0 -193.224
-17.5 -203.666
-17.5 -189.39
-17.5 -189.53
-17.5 -193.316
-17.5 -193.05
-17.5 -192.99
-17.5 -189.928
-17.5 -188.132
-17.5 -188.632
-17.5 -190.932
-17.5 -171.882
-15.5 -188.57
-15.5 -177.052
-15.5 -190.474
-15.5 -203.49
-15.5 -197.104
-15.5 -185.25
-15.5 -191.642
15.0 -184.836
15.0 -184.614
15.0 -209.854
15.0 -196.222
15.0 -180.698
15.0 -182.666
15.0 -176.066
15.0 -190.422
15.0 -193.198
15.0 -179.14
15.0 -184.44
15.0 -192.134
15.0 -189.894
15.0 -190.094
15.0 -195.748
15.0 -174.14
15.0 -188.38
15.0 -177.862
15.0 -189.122
15.0 -181.138
15.0 -180.736
15.0 -184.408
15.0 -180.374
15.0 -187.988
15.0 -198.88
15.0 -196.808
15.0 -192.644
15.0 -185.332
15.0 -213.424
15.0 -199.506
15.0 -186.084
15.0 -186.732
15.0 -188.074
15.0 -189.254
15.0 -183.646
15.0 -186.776
15.0 -180.2
15.0 -179.15
15.0 -209.962
15.0 -197.874
15.0 -184.288
15.0 -179.21
15.0 -196.152
15.0 -180.326
15.0 -198.996
15.0 -203.318
15.0 -194.468
15.0 -196.62
15.0 -181.992
15.0 -183.222
15.0 -157.724
15.0 -192.736
15.0 -178.152
15.0 -177.85
15.0 -179.118
15.0 -184.406
15.0 -184.984
15.0 -204.078
15.0 -185.474
15.0 -175.932
15.0 -168.626
15.0 -195.678
15.0 -185.344
15.0 -178.792
15.0 -186.862
15.0 -170.974
15.0 -187.704
15.0 -184.046
15.0 -185.254
15.0 -187.246
15.0 -184.432
15.0 -191.23
15.0 -179.15
15.0 -170.978
15.0 -172.562
15.0 -185.81
15.0 -184.762
15.0 -172.512
15.0 -185.246
15.0 -186.706
15.0 -186.67
15.0 -206.068
15.0 -184.978
15.0 -179.774
15.0 -172.078
15.0 -186.28
15.0 -200.436
15.0 -177.31
15.0 -187.218
15.0 -169.638
15.0 -183.868
15.0 -185.324
15.0 -194.828
15.0 -181.52
15.0 -166.516
15.0 -181.864
15.0 -179.386
15.0 -195.044
15.0 -174.908
15.0 -175.534
15.0 -190.484
15.0 -187.042
15.0 -185.898
15.0 -183.794
15.0 -183.54
15.0 -171.06
15.0 -180.214
15.0 -197.868
15.0 -188.912
15.0 -182.382
15.0 -180.322
15.0 -198.364
15.0 -195.288
15.0 -184.084
15.0 -189.786
15.0 -183.822
15.0 -192.52
15.0 -174.454
15.0 -188.388
15.0 -175.634
15.0 -172.404
15.0 -176.224
15.0 -198.508
15.0 -182.824
15.0 -192.626
15.0 -193.87
15.0 -195.55
15.0 -199.062
15.0 -192.474
15.0 -191.562
15.0 -184.58
15.0 -178.154
15.0 -195.42
15.0 -183.374
15.0 -190.822
15.0 -205.198
15.0 -170.618
15.0 -168.264
15.0 -191.992
15.0 -188.548
15.0 -182.586
15.0 -182.592
15.0 -183.696
15.0 -175.188
15.0 -175.258
15.0 -184.816
15.0 -185.548
15.0 -194.796
15.0 -186.24
15.0 -189.874
15.0 -182.636
15.0 -186.164
15.0 -177.904
15.0 -180.674
15.0 -195.744
15.0 -192.784
15.0 -175.938
15.0 -178.534
15.0 -181.656
15.0 -168.094
15.0 -186.728
15.0 -167.736
15.0 -179.406
15.0 -186.268
15.0 -198.518
15.0 -198.84
15.0 -173.68
15.0 -188.844
15.0 -193.472
15.0 -189.462
15.0 -179.484
15.0 -180.802
15.0 -173.65
15.0 -185.992
15.0 -180.306
15.0 -178.76
15.0 -184.336
15.0 -189.696
15.0 -179.752
15.0 -179.602
15.0 -179.042
15.0 -179.07
15.0 -178.462
15.0 -190.536
15.0 -179.216
15.0 -180.058
15.0 -176.672
15.0 -171.686
15.0 -182.624
15.0 -187.56
15.0 -184.284
15.0 -183.798
15.0 -180.802
15.0 -188.222
15.0 -199.024
15.0 -186.908
15.0 -182.22
15.0 -180.846
15.0 -184.07
15.0 -186.752
15.0 -186.894
15.0 -194.14
15.0 -176.388
15.0 -188.632
15.0 -180.014
15.0 -176.292
15.0 -184.322
15.0 -197.294
15.0 -180.95
15.0 -187.95
15.0 -199.45
15.0 -192.834
15.0 -189.998
15.0 -198.776
15.0 -189.856
15.0 -185.57
15.0 -187.24
15.0 -184.122
15.0 -187.828
15.0 -177.098
15.0 -189.014
15.0 -156.436
15.0 -191.524
15.0 -176.792
15.0 -189.83
15.0 -189.286
15.0 -180.02
15.0 -190.022
15.0 -178.926
15.0 -198.016
15.0 -182.992
15.0 -179.848
15.0 -190.6
15.0 -193.566
15.0 -179.846
15.0 -184.276
15.0 -178.892
15.0 -174.422
15.0 -202.362
15.0 -169.042
15.0 -176.662
15.0 -186.364
15.0 -170.97
15.0 -190.456
15.0 -191.982
15.0 -175.6
15.0 -194.176
15.0 -181.312
15.0 -170.36
15.0 -178.812
15.0 -181.296
15.0 -197.312
15.0 -192.108
15.0 -189.42
15.0 -199.774
15.0 -190.072
15.0 -185.246
15.0 -192.466
15.0 -178.508
15.0 -189.864
15.0 -191.372
15.0 -184.042
15.0 -179.28
15.0 -185.434
15.0 -175.122
15.0 -162.182
15.0 -178.494
15.0 -177.054
15.0 -173.628
15.0 -186.552
15.0 -186.048
15.0 -191.082
15.0 -176.46
15.0 -191.208
15.0 -184.324
15.0 -189.342
15.0 -181.004
15.0 -192.396
15.0 -184.082
15.0 -172.808
15.0 -177.382
15.0 -185.944
15.0 -196.908
15.0 -180.432
15.0 -181.418
15.0 -171.6
15.0 -184.346
15.0 -182.716
15.0 -172.806
15.0 -180.092
15.0 -179.484
15.0 -197.148
15.0 -174.258
15.0 -183.392
15.0 -180.796
15.0 -190.428
15.0 -179.932
15.0 -184.168
15.0 -169.918
15.0 -178.348
15.0 -180.05
15.0 -178.548
15.0 -185.504
15.0 -196.592
15.0 -169.7
15.0 -165.602
15.0 -178.128
15.0 -182.186
15.0 -187.944
15.0 -197.122
15.0 -200.424
15.0 -184.754
15.0 -188.508
15.0 -184.892
15.0 -186.086
15.0 -173.5
15.0 -169.788
15.0 -184.41
15.0 -184.842
15.0 -172.918
15.0 -170.568
15.0 -184.182
15.0 -186.714
15.0 -185.086
15.0 -192.502
15.0 -180.45
15.0 -164.746
15.0 -179.742
15.0 -174.152
15.0 -172.388
15.0 -180.16
15.0 -178.09
15.0 -173.272
15.0 -184.05
15.0 -173.844
15.0 -182.672
15.0 -180.942
15.0 -184.998
15.0 -197.392
15.0 -193.506
15.0 -193.308
15.0 -187.38
15.0 -186.014
15.0 -181.798
15.0 -199.276
15.0 -178.446
15.0 -159.196
15.0 -181.706
15.0 -178.558
15.0 -181.21
15.0 -178.82
15.0 -192.27
15.0 -186.602
15.0 -191.024
15.0 -184.224
15.0 -180.224
15.0 -179.546
15.0 -181.552
15.0 -181.052
15.0 -178.168
15.0 -182.048
15.0 -188.844
15.0 -181.342
15.0 -182.544
15.0 -196.754
15.0 -181.436
15.0 -186.886
15.0 -175.42
15.0 -175.928
15.0 -185.496
15.0 -185.412
15.0 -193.606
15.0 -196.798
15.0 -195.812
15.0 -194.928
15.0 -191.572
15.0 -176.938
15.0 -177.45
15.0 -181.134
15.0 -178.492
15.0 -178.49
15.0 -164.996
15.0 -193.1
15.0 -180.556
15.0 -198.166
15.0 -172.188
15.0 -191.908
15.0 -186.474
15.0 -199.002
15.0 -198.482
15.0 -185.332
15.0 -192.98
15.0 -178.53
15.0 -191.682
15.0 -168.68
15.0 -176.008
15.0 -172.934
15.0 -188.332
15.0 -180.978
15.0 -188.32
15.0 -192.876
15.0 -199.438
15.0 -190.034
15.0 -194.718
15.0 -175.094
15.0 -189.692
15.0 -187.198
15.0 -186.518
15.0 -186.926
15.0 -177.784
15.0 -173.69
15.0 -179.408
15.0 -175.838
15.0 -170.082
15.0 -176.534
15.0 -167.792
15.0 -176.646
15.0 -224.262
15.0 -194.266
15.0 -190.05
15.0 -178.822
15.0 -193.318
15.0 -189.242
15.0 -176.454
15.0 -180.616
15.0 -181.812
15.0 -173.968
15.0 -194.118
15.0 -181.452
15.0 -185.544
15.0 -201.184
15.0 -180.226
15.0 -201.366
15.0 -172.18
15.0 -195.736
15.0 -174.56
15.0 -170.292
15.0 -192.354
15.0 -186.988
15.0 -188.37
15.0 -173.834
15.0 -192.114
15.0 -189.266
15.0 -179.978
15.0 -187.406
15.0 -188.728
15.0 -189.962
15.0 -192.158
15.0 -180.214
15.0 -187.334
15.0 -188.536
15.0 -181.952
15.0 -176.534
15.0 -176.18
15.0 -192.694
15.0 -189.902
15.0 -178.776
15.0 -183.628
15.0 -189.934
15.0 -176.976
15.0 -173.146
15.0 -177.354
15.0 -180.258
15.0 -186.918
15.0 -182.164
15.0 -190.048
15.0 -187.098
15.0 -163.51
15.0 -189.324
15.0 -183.298
15.0 -181.73
15.0 -194.916
15.0 -171.672
15.0 -197.452
15.0 -192.316
15.0 -194.812
15.0 -182.368
15.0 -174.034
15.0 -176.082
15.0 -173.312
500
-45.5 -233.678
-45.5 -194.848
-38.5 -191.568
-33.0 -193.412
-33.0 -195.01
-33.0 -199.42
-33.0 -187.586
-33.0 -208.76
-33.0 -201.924
-33.0 -190.322
-28.0 -190.702
-28.0 -192.666
-28.0 -184.442
-28.0 -184.768
-28.0 -175.342
-28.0 -200.642
-28.0 -199.018
-28.0 -216.154
-28.0 -196.398
-28.0 -194.76
-28.0 -199.25
-28.0 -196.016
-28.0 -203.104
-28.0 -193.998
-28.0 -181.836
-28.0 -195.63
-28.0 -190.46
-19.0 -191.15
-19.0 -180.706
-19.0 -191.874
-19.0 -174.98
-19.0 -186.318
-19.0 -184.716
-19.0 -183.826
-19.0 -187.932
-19.0 -190.944
-19.0 -188.958
-19.0 -188.974
-19.0 -195.338
-19.0 -185.382
-19.0 -184.246
-19.0 -181.796
-19.0 -200.962
-19.0 -176.762
-19.0 -195.05
-19.0 -195.586
-19.0 -199.096
-19.0 -195.92
-19.0 -175.884
-19.0 -188.85
-19.0 -190.76
-19.0 -191.152
-19.0 -194.062
-19.0 -206.702
-19.0 -195.092
-19.0 -192.436
-0.5 -192.364
-0.5 -197.118
-0.5 -180.178
-0.5 -220.184
-0.5 -179.97
-0.5 -172.578
-0.5 -182.396
-0.5 -189.594
-0.5 -183.668
-0.5 -194.028
-0.5 -176.84
-0.5 -191.814
-0.5 -193.256
-0.5 -185.096
-0.5 -192.338
-0.5 -189.47
-0.5 -188.336
-0.5 -172.846
-0.5 -197.164
-0.5 -175.73
-0.5 -185.968
-0.5 -190.54
-0.5 -191.216
-0.5 -183.486
-0.5 -195.398
-0.5 -189.648
-0.5 -190.684
-0.5 -192.926
-0.5 -188.004
-0.5 -177.008
-0.5 -190.44
-0.5 -186.44
-0.5 -179.104
-0.5 -177.88
-0.5 -179.362
-0.5 -189.742
-0.5 -181.248
-0.5 -190.474
-0.5 -187.818
-0.5 -190.478
-0.5 -203.376
-0.5 -186.52
-0.5 -181.312
-0.5 -183.538
-0.5 -191.91
-0.5 -196.632
-0.5 -186.546
-0.5 -194.29
-0.5 -188.942
-0.5 -187.156
-0.5 -198.256
-0.5 -202.64
-0.5 -175.992
-0.5 -185.916
-0.5 -193.698
-0.5 -210.786
-0.5 -182.816
-0.5 -186.416
-0.5 -180.018
-0.5 -185.874
-0.5 -181.874
-0.5 -182.628
-0.5 -188.236
-0.5 -174.698
-0.5 -197.158
-0.5 -189.596
-0.5 -195.598
-0.5 -192.104
-0.5 -207.216
-0.5 -192.722
-0.5 -195.212
-0.5 -191.016
-0.5 -187.632
-0.5 -181.362
-0.5 -171.056
-0.5 -196.406
-0.5 -184.118
-0.5 -187.834
-0.5 -178.788
-0.5 -194.15
-0.5 -185.962
-0.5 -188.022
-0.5 -186.816
-0.5 -190.6
-0.5 -182.83
-0.5 -182.896
-0.5 -185.226
-0.5 -198.7
-0.5 -189.664
-0.5 -177.44
-0.5 -183.166
-0.5 -174.444
-0.5 -191.832
-0.5 -187.966
-0.5 -184.374
-0.5 -190.666
-0.5 -182.198
-0.5 -187.976
-0.5 -189.972
-0.5 -190.472
-0.5 -189.368
-0.5 -181.978
-0.5 -171.862
-0.5 -179.728
-0.5 -182.524
-0.5 -190.292
-0.5 -174.096
-0.5 -181.776
-0.5 -184.156
-0.5 -193.14
-0.5 -193.568
-0.5 -179.65
-0.5 -183.122
-0.5 -174.018
-0.5 -204.472
-0.5 -191.748
-0.5 -165.31
-0.5 -192.064
-0.5 -186.228
-0.5 -180.698
-0.5 -179.0
-0.5 -175.134
-0.5 -184.35
-0.5 -189.644
-0.5 -193.392
-0.5 -195.82
-0.5 -182.032
-0.5 -198.15
-0.5 -191.196
-0.5 -203.564
-0.5 -183.974
-0.5 -177.378
-0.5 -188.622
-0.5 -190.214
-0.5 -185.136
-0.5 -194.67
-0.5 -184.094
-0.5 -192.9
-0.5 -184.836
-0.5 -183.784
-0.5 -189.034
-0.5 -180.472
-0.5 -188.494
-0.5 -189.464
-0.5 -183.45
-0.5 -185.17
-0.5 -169.682
-0.5 -174.414
-0.5 -185.278
-0.5 -198.286
-0.5 -186.724
-0.5 -178.008
-0.5 -182.398
-0.5 -198.014
-0.5 -180.004
-0.5 -177.036
-0.5 -175.914
-0.5 -183.132
-0.5 -197.586
-0.5 -190.692
-0.5 -180.56
-0.5 -182.992
-0.5 -184.724
-0.5 -186.448
-0.5 -181.846
-0.5 -184.69
-0.5 -170.898
-0.5 -175.284
-0.5 -187.168
-0.5 -180.264
-0.5 -174.088
-0.5 -189.15
-0.5 -191.694
-0.5 -182.486
-0.5 -193.048
0.5 -182.28
0.5 -176.45
0.5 -189.476
0.5 -191.336
0.5 -182.754
0.5 -183.266
0.5 -166.23
0.5 -188.986
0.5 -186.742
0.5 -182.898
0.5 -171.986
0.5 -187.71
0.5 -183.974
0.5 -170.376
0.5 -183.204
0.5 -179.54
0.5 -180.588
0.5 -169.526
0.5 -183.198
0.5 -168.532
0.5 -162.308
0.5 -169.346
0.5 -185.122
0.5 -184.416
0.5 -181.306
0.5 -174.748
0.5 -175.126
0.5 -179.38
0.5 -171.63
0.5 -176.486
0.5 -180.226
0.5 -182.98
0.5 -171.532
0.5 -174.564
0.5 -176.202
0.5 -174.268
0.5 -183.086
0.5 -172.782
0.5 -188.818
0.5 -177.074
0.5 -193.272
0.5 -184.58
0.5 -177.976
0.5 -176.236
0.5 -179.248
0.5 -175.858
0.5 -190.464
0.5 -184.928
0.5 -188.478
0.5 -187.976
0.5 -183.796
0.5 -179.164
0.5 -184.602
0.5 -196.452
0.5 -168.89
0.5 -176.268
0.5 -198.84
0.5 -193.094
0.5 -202.566
0.5 -185.962
0.5 -190.56
0.5 -174.608
0.5 -188.078
0.5 -186.348
0.5 -178.102
0.5 -187.654
0.5 -193.104
0.5 -205.052
0.5 -212.0
0.5 -188.892
0.5 -196.048
0.5 -181.322
0.5 -179.95
0.5 -192.742
0.5 -183.44
0.5 -176.27
0.5 -191.416
0.5 -186.002
0.5 -178.286
0.5 -204.842
0.5 -186.344
0.5 -176.336
0.5 -185.2
0.5 -181.516
0.5 -174.116
0.5 -177.43
0.5 -184.82
0.5 -176.5
0.5 -199.684
0.5 -185.122
0.5 -194.106
0.5 -183.628
0.5 -187.096
0.5 -180.352
0.5 -184.888
0.5 -188.664
0.5 -185.538
0.5 -189.244
0.5 -191.568
0.5 -179.676
0.5 -186.086
0.5 -192.206
0.5 -171.132
0.5 -175.924
0.5 -179.214
0.5 -182.51
0.5 -185.576
0.5 -171.934
0.5 -181.118
0.5 -196.408
0.5 -181.63
0.5 -176.674
0.5 -191.506
0.5 -187.032
0.5 -174.166
0.5 -184.468
0.5 -184.302
0.5 -189.174
0.5 -190.058
0.5 -182.89
0.5 -167.382
0.5 -172.796
0.5 -196.332
0.5 -203.004
0.5 -180.686
0.5 -200.952
0.5 -190.592
0.5 -182.234
0.5 -184.822
0.5 -170.576
0.5 -185.916
0.5 -186.234
0.5 -197.946
0.5 -177.278
0.5 -190.31
0.5 -184.122
0.5 -182.176
0.5 -174.81
0.5 -177.28
0.5 -190.11
0.5 -180.418
0.5 -181.392
0.5 -174.19
0.5 -189.84
0.5 -178.432
0.5 -160.112
0.5 -185.754
0.5 -191.622
0.5 -181.364
0.5 -186.56
0.5 -191.724
0.5 -188.776
0.5 -186.438
0.5 -194.056
0.5 -176.72
0.5 -180.172
0.5 -159.316
0.5 -181.27
0.5 -180.804
0.5 -174.99
0.5 -175.218
0.5 -190.99
0.5 -181.644
0.5 -185.294
0.5 -176.396
0.5 -172.344
0.5 -174.696
0.5 -178.456
0.5 -184.952
0.5 -173.41
0.5 -172.754
0.5 -193.678
0.5 -181.802
0.5 -176.83
0.5 -186.196
0.5 -185.654
0.5 -185.744
0.5 -187.056
0.5 -195.762
0.5 -180.46
0.5 -181.934
0.5 -190.14
0.5 -179.82
0.5 -189.808
0.5 -175.286
0.5 -169.862
0.5 -182.156
0.5 -192.528
0.5 -185.722
0.5 -184.758
0.5 -174.8
0.5 -180.276
0.5 -173.128
0.5 -167.616
0.5 -188.85
0.5 -183.13
0.5 -203.286
0.5 -178.772
0.5 -202.924
0.5 -194.66
0.5 -187.394
0.5 -189.284
0.5 -175.478
0.5 -166.394
0.5 -187.554
0.5 -174.082
0.5 -178.052
0.5 -183.448
0.5 -180.366
0.5 -193.02
0.5 -193.748
0.5 -184.656
0.5 -177.088
0.5 -181.992
0.5 -187.888
0.5 -188.148
0.5 -188.518
0.5 -182.066
0.5 -176.298
0.5 -184.136
0.5 -176.864
0.5 -176.41
0.5 -191.196
0.5 -182.638
0.5 -173.938
0.5 -178.924
0.5 -180.57
0.5 -167.414
0.5 -184.89
0.5 -189.61
0.5 -183.232
0.5 -186.014
0.5 -180.854
0.5 -186.574
0.5 -201.3
0.5 -190.22
0.5 -181.128
0.5 -178.044
0.5 -171.748
0.5 -192.922
0.5 -173.512
0.5 -176.056
0.5 -185.232
0.5 -174.086
0.5 -175.966
0.5 -188.046
0.5 -177.808
0.5 -188.72
0.5 -185.452
0.5 -193.73
0.5 -204.658
0.5 -182.228
0.5 -188.024
0.5 -176.014
0.5 -189.044
0.5 -184.096
0.5 -198.256
0.5 -182.692
0.5 -177.528
0.5 -174.91
0.5 -171.344
0.5 -188.452
0.5 -189.232
0.5 -173.132
0.5 -184.398
0.5 -179.34
0.5 -178.854
0.5 -193.388
0.5 -182.53

Individual: [2, 4, 8, 13, 15, 16, 23, 26, 31, 32, 46, 47, 52, 55, 64, 65, 66, 72, 74, 80, 81, 83, 84, 87, 88, 92]
   Fitness: 9.0
     Total: 26
Violations: 30 17

Individual: [2, 3, 4, 5, 7, 12, 13, 15, 16, 20, 22, 27, 28, 30, 33, 39, 56, 59, 60, 65, 67, 68, 69, 72, 83, 87, 88, 91, 92, 93, 100]
   Fitness: 5.5
     Total: 31
Violations: 41 24

Individual: [1, 7, 8, 9, 16, 20, 26, 37, 38, 40, 53, 56, 57, 59, 60, 62, 63, 65, 67, 72, 80, 82, 83, 84, 86]
   Fitness: 2.5
     Total: 25
Violations: 35 16

Individual: [1, 7, 8, 11, 12, 14, 16, 19, 21, 30, 33, 41, 43, 45, 55, 56, 66, 68, 78, 81, 82, 84, 86, 88, 89, 93, 95]
   Fitness: 6.5
     Total: 27
Violations: 34 21

Individual: [1, 2, 3, 6, 8, 9, 14, 15, 16, 19, 21, 31, 37, 40, 48, 50, 65, 67, 70, 71, 72, 79, 85, 86, 95, 96, 100]
   Fitness: 7.5
     Total: 27
Violations: 33 21

Individual: [1, 4, 5, 10, 16, 17, 18, 23, 24, 29, 34, 35, 45, 51, 56, 68, 74, 76, 77, 80, 83, 87, 88, 91, 92, 94, 99, 100]
   Fitness: 6.0
     Total: 28
Violations: 36 18

Individual: [1, 3, 4, 5, 8, 10, 16, 21, 29, 30, 32, 35, 36, 42, 47, 49, 57, 66, 70, 72, 77, 79, 81, 82, 86, 88, 95, 98, 99]
   Fitness: 7.5
     Total: 29
Violations: 36 21

Individual: [1, 3, 7, 8, 9, 12, 13, 15, 19, 25, 35, 36, 37, 38, 54, 55, 67, 72, 80, 81, 82, 85, 94, 100]
   Fitness: 9.0
     Total: 24
Violations: 27 15

Individual: [1, 12, 15, 18, 19, 25, 26, 33, 34, 36, 38, 41, 43, 55, 74, 75, 85, 89, 90, 93, 94, 96]
   Fitness: 15.0
     Total: 22
Violations: 18 14

Individual: [1, 2, 4, 5, 6, 7, 8, 10, 14, 20, 29, 32, 39, 50, 55, 56, 66, 67, 70, 73, 75, 81, 84, 88, 90, 91, 99, 100]
   Fitness: 5.0
     Total: 28
Violations: 37 20
