10
50
-37.5 -236.148
-37.5 -150.788
-20.0 -103.186
-16.5 -70.272
15.0 -46.52
15.0 -29.104
19.0 -16.598
19.5 -5.332
21.0 6.444
23.5 12.318
23.5 15.04
24.0 17.036
24.0 18.834
26.5 20.048
26.5 21.124
27.5 21.446
28.5 22.276
28.5 22.246
29.5 23.196
29.5 23.712
29.5 24.144
29.5 24.778
29.5 25.644
30.0 26.194
30.0 26.412
31.5 26.806
32.0 27.57
32.0 27.964
32.0 27.962
32.0 28.4
32.0 28.766
32.0 28.878
33.0 29.072
33.0 28.746
33.5 29.342
33.5 29.152
33.5 29.114
33.5 28.986
33.5 29.244
33.5 29.074
34.0 29.172
34.0 29.584
34.0 29.434
34.0 29.664
34.0 30.072
34.5 30.274
34.5 30.516
34.5 30.68
34.5 30.608
34.5 31.01
50
-43.5 -235.858
-30.5 -148.478
-26.5 -97.622
-8.5 -69.484
-7.0 -48.246
1.5 -33.112
4.5 -21.87
15.5 -12.258
15.5 -4.376
15.5 1.056
17.0 5.914
19.5 8.654
20.0 11.736
23.5 14.384
23.5 15.894
23.5 17.42
24.0 18.04
26.0 19.03
26.0 20.256
26.5 21.17
26.5 21.612
28.5 22.106
28.5 23.244
28.5 23.188
28.5 23.372
29.0 23.742
29.0 23.992
29.5 24.492
30.0 25.278
30.0 25.64
30.5 26.302
31.0 26.558
31.0 27.096
31.5 27.894
31.5 28.12
31.5 28.212
31.5 28.676
32.0 28.504
32.0 29.006
32.5 28.922
32.5 28.892
32.5 29.078
33.0 29.58
33.0 29.046
34.0 29.232
34.5 29.966
34.5 29.638
34.5 30.124
34.5 30.198
35.5 30.406
50
-46.5 -228.608
-46.5 -142.488
-16.0 -96.628
-4.5 -65.212
-0.5 -47.208
7.5 -30.716
12.5 -17.566
12.5 -7.518
15.0 -0.472
16.5 4.632
18.5 8.366
20.5 11.39
22.0 13.92
22.5 15.654
26.0 16.968
27.5 18.492
27.5 19.228
27.5 20.46
27.5 22.062
29.0 22.446
29.0 23.398
30.0 24.604
30.5 25.558
30.5 26.242
31.0 26.79
31.0 27.462
32.0 27.836
32.0 28.432
33.5 28.94
33.5 29.176
34.0 29.528
34.0 29.572
34.0 30.068
34.0 30.29
34.0 30.136
34.0 30.536
34.5 30.926
34.5 30.838
34.5 30.95
34.5 31.024
34.5 31.71
34.5 31.908
35.0 31.094
35.0 31.726
35.0 31.774
35.0 31.974
35.0 31.266
35.0 31.612
35.0 31.992
35.0 31.98
50
-62.5 -232.056
-51.0 -146.014
-40.5 -99.494
-11.5 -74.268
-11.5 -53.824
-4.5 -38.25
4.5 -25.01
11.5 -15.414
15.5 -5.72
17.5 1.844
18.5 8.168
22.0 11.488
23.5 13.538
24.5 16.084
26.0 17.848
26.0 19.676
26.5 20.948
27.0 21.704
28.0 22.212
28.5 22.904
29.5 23.808
30.0 24.52
30.0 24.85
30.5 25.448
30.5 25.606
32.0 26.518
32.0 26.904
32.5 27.424
33.5 28.114
33.5 28.72
34.0 29.608
34.5 29.994
35.0 30.398
35.0 30.634
35.5 30.212
35.5 30.674
35.5 30.79
35.5 31.664
35.5 31.486
36.0 31.918
36.0 32.196
36.0 32.118
36.0 32.352
36.0 32.718
36.0 32.808
36.0 32.716
36.5 33.112
36.5 33.46
36.5 33.44
36.5 33.64
50
-42.5 -224.738
-33.5 -138.15
-23.5 -90.392
-17.0 -61.148
3.0 -42.978
3.0 -29.31
15.0 -19.356
17.0 -9.946
18.0 -2.76
19.5 3.01
19.5 8.664
22.5 12.41
22.5 15.2
24.0 16.754
24.5 18.266
25.5 19.286
26.5 20.294
27.0 21.354
27.0 22.016
27.0 22.286
27.0 23.178
29.0 23.32
29.0 23.772
29.0 24.56
30.0 24.932
30.0 25.404
30.0 25.95
30.5 26.142
30.5 26.28
32.0 26.716
32.0 27.024
32.0 27.442
32.0 27.718
32.0 28.048
32.0 28.306
32.0 28.528
32.0 28.418
32.0 29.172
32.5 29.176
32.5 29.172
32.5 29.174
33.0 29.614
33.0 28.78
33.0 29.474
33.5 30.13
33.5 29.946
33.5 29.828
33.5 29.694
33.5 30.272
34.0 29.64
50
-59.5 -230.804
-58.0 -148.152
-44.0 -103.75
-17.0 -75.344
-17.0 -57.11
-5.5 -43.614
2.5 -31.718
5.0 -19.664
6.0 -11.534
10.5 -4.644
15.5 -0.68
17.5 3.508
22.0 7.874
22.0 10.452
22.5 13.486
25.0 15.744
25.0 17.102
25.0 18.878
26.0 19.394
27.0 20.536
27.0 21.462
27.5 21.852
28.0 22.45
28.5 23.12
28.5 23.388
28.5 23.49
29.0 23.962
29.0 24.252
30.0 24.2
30.0 25.294
31.0 25.394
31.0 25.806
31.5 25.72
31.5 26.002
31.5 26.156
31.5 26.312
31.5 27.666
31.5 27.886
32.0 28.218
32.0 28.386
32.5 28.904
32.5 28.784
32.5 29.25
32.5 29.308
32.5 29.586
32.5 29.464
32.5 30.01
33.0 30.294
33.0 29.754
33.0 29.924
50
-42.5 -234.974
-38.5 -140.67
-10.0 -92.7
1.5 -61.706
1.5 -44.932
13.5 -29.494
16.0 -17.068
16.0 -6.78
18.5 2.732
21.0 8.018
21.5 11.06
23.5 13.49
24.5 15.346
25.0 16.932
26.0 18.274
27.0 19.838
27.0 21.344
28.0 22.124
28.5 22.936
29.0 23.834
29.0 24.524
29.5 24.372
30.5 25.21
30.5 25.98
31.0 26.61
33.0 26.97
33.0 27.204
33.0 27.474
33.0 27.796
33.5 27.968
33.5 28.74
33.5 28.654
33.5 29.134
33.5 29.874
33.5 29.714
33.5 30.288
33.5 30.06
33.5 30.328
33.5 30.644
34.0 30.618
34.0 30.682
34.0 30.344
34.0 30.792
34.0 29.98
34.5 30.47
34.5 30.79
34.5 31.234
35.0 30.656
35.0 31.286
35.0 31.626
50
-73.0 -245.238
-56.0 -163.138
-39.0 -114.886
-12.5 -84.004
-3.0 -61.9
1.0 -42.848
11.5 -26.194
11.5 -15.492
13.5 -5.324
17.5 -0.108
19.5 5.36
21.5 9.532
22.0 13.902
23.0 16.46
25.0 18.462
25.5 19.854
25.5 21.15
27.0 22.374
27.5 23.454
27.5 24.138
28.0 24.576
29.5 25.274
30.0 25.436
31.0 25.954
31.0 25.7
31.5 26.522
31.5 26.634
31.5 26.542
31.5 26.812
31.5 26.906
32.0 27.848
32.0 27.898
32.5 28.496
32.5 27.976
32.5 28.79
33.5 28.936
33.5 29.052
33.5 29.328
33.5 29.766
34.0 29.978
34.0 30.134
34.0 30.57
34.5 30.598
34.5 31.334
34.5 31.324
34.5 31.494
34.5 31.702
34.5 31.604
34.5 32.052
34.5 31.806
50
-61.5 -228.568
-39.5 -139.06
-32.5 -102.662
-26.0 -78.282
-14.0 -55.048
4.0 -39.356
6.5 -27.556
15.5 -15.474
15.5 -5.726
19.0 1.09
20.5 7.236
20.5 11.41
21.0 14.218
22.0 16.552
22.5 18.222
24.5 19.014
26.0 19.758
26.0 20.514
27.5 21.028
27.5 21.886
27.5 22.286
27.5 22.73
28.0 22.884
28.0 23.108
28.0 23.926
28.0 24.786
29.0 25.198
29.0 25.656
29.0 25.814
29.0 26.042
30.5 26.278
30.5 27.02
31.0 26.776
31.0 27.26
31.0 27.322
31.0 27.742
31.5 27.926
31.5 28.25
32.0 28.27
32.0 28.07
32.0 28.98
32.0 29.376
32.5 29.822
32.5 29.67
32.5 29.586
32.5 29.598
33.0 29.636
33.0 30.138
33.0 30.28
33.0 30.202
50
-33.0 -229.362
-33.0 -148.732
-15.0 -101.256
-15.0 -67.996
1.5 -50.156
1.5 -35.114
1.5 -24.138
11.5 -15.43
12.5 -6.558
13.5 0.214
21.5 4.142
22.0 8.152
23.0 11.202
23.0 14.132
27.0 17.39
27.5 19.954
27.5 21.44
28.0 22.31
28.0 23.076
30.0 23.886
30.0 24.064
30.5 25.146
30.5 25.614
32.5 25.842
33.0 26.5
33.0 26.944
33.0 27.268
33.0 27.698
33.5 28.292
33.5 29.024
33.5 29.264
33.5 29.8
33.5 29.518
34.0 29.7
34.0 30.342
34.0 30.428
34.0 30.264
34.0 30.894
34.0 30.328
34.0 30.574
34.0 30.408
34.0 30.07
34.0 30.46
34.0 30.736
34.0 30.732
34.0 30.806
34.0 31.274
34.0 31.252
34.0 31.5
34.0 31.36

Individual: [3, 4, 7, 8, 14, 15, 28, 30, 35, 36, 38, 43, 47, 54, 60, 70, 74, 76, 77, 81, 87, 89, 95, 96, 99]
   Fitness: 34.5
     Total: 25
Violations: 3 3

Individual: [2, 3, 7, 8, 10, 16, 23, 24, 26, 27, 34, 35, 37, 56, 70, 73, 79, 80, 82, 83, 92, 94, 95, 99, 100]
   Fitness: 35.5
     Total: 25
Violations: 2 2

Individual: [1, 3, 10, 11, 13, 18, 29, 38, 39, 46, 52, 56, 61, 64, 69, 71, 80, 85, 87, 88, 95, 97, 98, 100]
   Fitness: 35.0
     Total: 24
Violations: 1 1

Individual: [2, 5, 6, 9, 11, 14, 15, 18, 26, 29, 33, 59, 63, 68, 69, 71, 72, 78, 80, 86, 90, 95, 96, 98, 99]
   Fitness: 36.5
     Total: 25
Violations: 1 1

Individual: [2, 4, 9, 10, 12, 13, 15, 19, 30, 32, 42, 46, 57, 59, 64, 67, 78, 85, 87, 91, 93, 94, 98, 100]
   Fitness: 34.0
     Total: 24
Violations: 2 2

Individual: [4, 6, 10, 11, 20, 22, 28, 31, 32, 35, 41, 55, 65, 67, 68, 73, 77, 83, 85, 86, 92, 94, 96, 97]
   Fitness: 33.0
     Total: 24
Violations: 3 3

Individual: [1, 2, 6, 8, 13, 19, 26, 28, 29, 34, 38, 40, 41, 58, 71, 73, 77, 85, 89, 91, 92, 94, 98, 100]
   Fitness: 35.0
     Total: 24
Violations: 1 1

Individual: [2, 3, 6, 7, 11, 13, 14, 28, 30, 31, 33, 34, 39, 41, 73, 74, 78, 81, 85, 90, 91, 93, 94, 99, 100]
   Fitness: 34.5
     Total: 25
Violations: 3 3

Individual: [1, 3, 4, 9, 10, 12, 13, 19, 24, 26, 27, 30, 32, 64, 68, 70, 71, 80, 82, 86, 87, 89, 95, 97, 99, 100]
   Fitness: 33.0
     Total: 26
Violations: 6 6

Individual: [1, 2, 4, 8, 16, 18, 21, 22, 25, 27, 30, 57, 63, 64, 66, 67, 72, 82, 83, 86, 88, 91, 95, 97]
   Fitness: 34.0
     Total: 24
Violations: 2 2
