10
50
-70.5 -249.73
-47.5 -138.885
-40.5 -106.595
-27.0 -127.545
-19.5 -84.285
-16.0 -79.31
-8.5 -73.25
-8.5 -58.825
-0.5 -52.155
5.0 -56.74
5.0 -84.315
8.5 -45.41
14.0 -34.46
14.0 -42.14
14.0 -45.215
14.0 -23.31
14.5 -36.22
15.5 -32.13
15.5 -27.845
15.5 -23.675
15.5 -22.93
15.5 -34.995
15.5 -48.485
19.0 -33.235
19.0 -29.955
19.0 -23.39
19.0 -27.805
19.0 -24.355
19.0 -15.26
19.0 -23.935
19.0 -24.48
19.0 -28.765
19.0 -19.565
19.0 -28.015
20.5 -25.865
20.5 -34.79
20.5 -37.525
21.0 -28.32
21.0 -24.565
21.0 -21.835
22.0 -17.43
22.0 -17.695
22.0 -25.605
22.0 -16.615
22.0 -45.36
22.0 -53.635
22.0 -28.24
22.0 -46.08
22.0 -24.17
22.0 -40.975
50
-64.5 -223.165
-38.0 -134.275
-27.0 -105.8
-11.5 -87.59
-7.5 -72.655
9.5 -69.71
9.5 -67.8
9.5 -57.41
17.5 -32.185
18.5 -25.205
20.0 -26.815
20.0 -31.97
20.0 -31.6
20.0 -25.23
20.0 -27.82
20.0 -41.575
20.0 -16.32
20.0 -23.45
20.0 -17.315
20.0 -36.0
20.0 -39.895
20.0 -36.69
20.0 -36.9
20.0 -27.105
20.0 -47.175
20.0 -21.11
20.0 -27.095
20.0 -26.83
20.0 -26.505
20.0 -20.3
20.0 -23.235
20.0 -22.385
20.0 -17.735
20.0 -18.82
21.0 -25.57
21.0 -21.1
21.0 -36.405
21.0 -21.675
21.0 -18.765
21.0 -46.14
21.0 -12.625
21.0 -24.965
21.0 -31.91
21.0 -25.915
21.0 -14.825
21.0 -17.805
21.0 -27.065
21.0 -29.66
26.5 -14.925
26.5 -27.735
50
-60.5 -229.64
-25.0 -133.255
-12.5 -139.495
-2.5 -79.075
-1.5 -69.09
4.5 -54.445
11.0 -48.04
11.5 -75.87
16.0 -64.705
16.0 -41.145
16.0 -42.755
17.5 -15.815
17.5 -32.04
17.5 -46.4
17.5 -38.555
17.5 -27.945
17.5 -31.405
17.5 -21.06
21.0 -11.985
21.0 -24.555
21.0 -28.4
21.5 -21.93
21.5 -23.965
21.5 -35.895
21.5 -20.67
21.5 -53.625
21.5 -39.875
21.5 -27.175
21.5 -11.18
21.5 -18.73
21.5 -16.12
21.5 -12.515
21.5 -81.355
21.5 -15.515
21.5 -24.81
21.5 -31.04
21.5 -11.205
21.5 -30.465
24.0 -13.1
24.0 -24.815
24.0 -10.235
24.0 -37.9
24.0 -26.5
24.0 -37.1
24.5 -46.68
24.5 -25.035
24.5 -7.75
24.5 -12.115
24.5 -16.66
24.5 -23.02
50
-55.0 -227.22
-38.5 -140.11
-20.5 -130.76
-2.0 -97.55
-2.0 -70.21
-0.5 -73.94
4.5 -54.125
7.0 -44.905
14.0 -42.475
17.0 -46.465
17.0 -50.94
17.0 -40.07
17.0 -32.51
17.0 -25.925
17.0 -40.675
17.5 -35.395
18.5 -16.105
18.5 -36.815
18.5 -26.465
18.5 -36.245
18.5 -34.435
18.5 -30.38
19.5 -26.23
21.0 -51.855
21.0 -32.07
21.0 -32.655
21.0 -40.41
21.0 -34.82
21.0 -21.18
22.5 -41.59
22.5 -19.75
22.5 -31.15
22.5 -38.13
22.5 -24.22
22.5 -18.145
22.5 -19.905
22.5 -26.545
22.5 -7.25
22.5 -11.75
22.5 -26.945
22.5 -30.9
22.5 -25.58
22.5 -44.55
22.5 -40.08
22.5 -20.71
22.5 -20.05
22.5 -22.765
22.5 -37.015
22.5 -19.515
22.5 -19.905
50
-39.0 -207.16
-29.0 -111.94
4.5 -101.335
4.5 -58.175
10.5 -40.755
10.5 -34.295
13.0 -25.775
14.0 -31.055
14.0 -28.805
14.0 -29.68
17.0 -24.785
17.0 -27.96
19.5 -20.81
21.0 -33.865
24.0 -28.095
24.0 -33.91
24.0 -24.245
24.0 -25.115
24.0 -16.865
24.0 -18.265
24.0 -19.0
24.0 -16.595
24.0 -8.905
24.0 -16.77
24.0 -15.245
24.0 -23.85
24.0 -30.575
24.0 -15.385
24.0 -23.72
24.0 -14.58
24.0 -20.595
24.0 -19.05
24.0 -23.7
24.0 -19.25
24.0 -7.94
24.0 -26.89
24.0 -19.98
24.0 -27.525
24.0 -23.765
24.0 -18.945
24.0 -32.065
24.0 -29.995
24.0 -53.105
24.0 -25.935
24.0 -36.905
28.5 -14.375
28.5 -11.675
28.5 -30.19
28.5 -14.855
28.5 -11.37
50
-67.5 -229.825
-26.5 -143.41
-26.5 -106.015
-19.5 -114.84
-16.0 -114.21
-7.0 -78.595
-3.5 -82.005
-3.5 -68.415
3.5 -59.93
3.5 -62.76
12.5 -52.795
18.0 -69.24
18.0 -46.455
18.0 -55.655
18.0 -58.66
18.0 -34.01
18.0 -45.28
18.0 -31.485
18.0 -22.805
18.0 -36.17
20.5 -26.36
20.5 -27.9
23.5 -20.895
23.5 -24.08
23.5 -30.49
23.5 -28.68
23.5 -27.49
23.5 -35.345
23.5 -17.085
23.5 -19.16
23.5 -34.625
23.5 -30.53
23.5 -22.275
23.5 -16.405
23.5 -22.3
23.5 -29.435
23.5 -22.77
23.5 -29.265
23.5 -30.92
23.5 -23.58
25.0 -22.75
25.0 -24.57
25.0 -12.995
25.5 -25.83
25.5 -22.32
25.5 -14.36
25.5 -17.81
25.5 -34.165
25.5 -31.94
25.5 -38.685
50
-89.5 -244.84
-76.5 -154.51
-51.5 -145.295
-30.5 -131.265
-12.5 -111.465
-6.0 -75.13
-4.5 -90.115
-3.5 -49.685
5.5 -66.61
10.0 -66.05
10.0 -100.715
14.0 -53.455
14.0 -35.845
18.0 -56.14
19.5 -50.95
22.5 -36.205
22.5 -33.295
24.0 -23.875
24.0 -20.395
24.0 -22.11
24.0 -16.565
24.0 -73.275
24.0 -16.945
24.0 -9.64
24.0 -22.675
24.0 -18.025
24.0 -19.22
24.0 -17.735
24.0 -8.705
24.0 -26.935
24.0 -13.89
24.0 -27.04
24.0 -15.04
24.0 -35.47
24.0 -21.795
24.0 -10.715
24.0 -7.305
28.0 -17.51
28.0 -28.68
28.0 -31.185
28.0 -32.775
28.0 -12.805
28.0 -9.225
28.0 -27.85
28.0 -19.02
28.0 -8.315
28.0 -7.89
28.0 -17.635
28.0 -14.59
28.0 -24.53
50
-63.0 -212.665
-18.5 -142.45
-18.5 -125.0
-18.5 -116.025
-5.5 -114.895
-5.5 -76.19
2.5 -67.92
10.0 -87.65
10.0 -65.475
10.0 -35.285
10.0 -53.755
16.5 -32.365
16.5 -36.02
16.5 -18.485
16.5 -44.625
17.5 -45.78
18.5 -55.25
18.5 -38.12
18.5 -27.87
18.5 -45.26
18.5 -23.425
18.5 -34.845
18.5 -58.125
18.5 -33.565
18.5 -42.68
18.5 -28.165
20.5 -32.18
20.5 -27.985
20.5 -34.305
20.5 -37.13
20.5 -21.8
23.5 -58.575
23.5 -33.065
23.5 -24.655
23.5 -26.175
23.5 -34.25
23.5 -21.385
23.5 -24.78
23.5 -26.095
23.5 -35.555
23.5 -18.04
23.5 -13.68
23.5 -19.97
23.5 -43.9
23.5 -13.625
23.5 -11.24
23.5 -14.72
23.5 -26.095
23.5 -28.04
23.5 -20.13
50
-48.0 -253.27
-27.5 -141.115
-8.0 -104.77
-8.0 -75.96
4.0 -63.72
4.0 -53.52
4.0 -74.75
4.0 -84.805
4.0 -44.49
12.0 -51.94
12.0 -47.26
12.0 -48.71
12.0 -46.79
12.5 -36.325
13.5 -38.255
13.5 -47.39
13.5 -44.075
17.5 -41.55
17.5 -21.615
17.5 -31.015
21.0 -33.09
21.0 -41.435
22.5 -11.675
22.5 -16.94
22.5 -36.35
22.5 -24.795
22.5 -43.14
22.5 -48.475
22.5 -25.335
22.5 -33.625
22.5 -39.335
22.5 -25.33
22.5 -31.46
22.5 -35.14
22.5 -34.435
22.5 -22.21
22.5 -16.91
22.5 -23.59
22.5 -19.495
22.5 -26.115
22.5 -26.39
22.5 -28.26
22.5 -27.255
22.5 -24.655
22.5 -30.14
22.5 -31.7
22.5 -38.98
22.5 -31.865
22.5 -35.305
24.5 -20.705
50
-60.0 -216.87
-46.0 -134.265
-13.5 -141.41
-13.5 -103.785
-3.5 -93.715
-3.5 -59.075
3.5 -82.42
3.5 -55.5
3.5 -45.7
3.5 -100.805
7.5 -62.825
8.0 -43.52
10.5 -41.785
12.0 -55.135
18.5 -46.1
18.5 -24.415
18.5 -29.065
18.5 -30.65
18.5 -14.1
18.5 -29.035
20.0 -24.935
22.5 -20.395
22.5 -7.93
22.5 -15.225
22.5 -29.525
25.5 -5.825
25.5 -27.015
25.5 -13.385
25.5 -11.605
25.5 -18.7
25.5 -19.69
25.5 -26.085
25.5 -35.37
25.5 -13.595
25.5 -25.85
25.5 -15.325
25.5 -15.465
25.5 -14.835
25.5 -9.935
25.5 -15.455
25.5 -21.18
25.5 -27.595
25.5 -17.425
25.5 -14.41
25.5 -12.905
25.5 -17.38
25.5 -16.865
25.5 -17.105
25.5 -15.16
25.5 -16.72

Individual: [1, 6, 8, 9, 13, 22, 23, 26, 36, 45, 52, 53, 57, 65, 66, 68, 72, 83, 85, 86, 88, 93]
   Fitness: 22.0
     Total: 22
Violations: 11 10

Individual: [2, 3, 4, 7, 8, 16, 19, 25, 38, 40, 44, 52, 58, 65, 67, 71, 87, 91, 92, 98, 99]
   Fitness: 26.5
     Total: 21
Violations: 5 5

Individual: [4, 6, 7, 9, 13, 18, 27, 31, 33, 40, 52, 59, 61, 65, 67, 74, 75, 80, 88, 90, 93]
   Fitness: 24.5
     Total: 21
Violations: 7 6

Individual: [4, 6, 10, 20, 22, 23, 25, 26, 31, 35, 38, 45, 49, 54, 69, 71, 74, 77, 78, 86, 90, 96, 100]
   Fitness: 22.5
     Total: 23
Violations: 12 10

Individual: [2, 3, 6, 7, 12, 13, 23, 25, 26, 31, 32, 36, 63, 64, 67, 68, 71, 80, 81, 82, 87, 88, 99]
   Fitness: 28.5
     Total: 23
Violations: 6 5

Individual: [1, 2, 6, 8, 9, 21, 23, 29, 30, 31, 44, 46, 55, 67, 69, 73, 76, 77, 78, 82, 92, 94, 98, 99, 100]
   Fitness: 25.5
     Total: 25
Violations: 12 8

Individual: [1, 4, 5, 7, 8, 16, 18, 21, 28, 36, 43, 61, 62, 76, 80, 82, 83, 89, 92, 97, 99, 100]
   Fitness: 28.0
     Total: 22
Violations: 5 5

Individual: [1, 3, 5, 7, 10, 16, 18, 21, 25, 27, 42, 48, 55, 56, 60, 75, 80, 84, 92, 96, 97, 98, 99]
   Fitness: 23.5
     Total: 23
Violations: 11 9

Individual: [1, 3, 6, 10, 14, 15, 17, 21, 23, 26, 37, 44, 45, 50, 54, 55, 61, 79, 83, 86, 91, 92, 100]
   Fitness: 24.5
     Total: 23
Violations: 10 6

Individual: [2, 3, 6, 8, 11, 17, 18, 21, 27, 29, 30, 36, 56, 65, 68, 69, 77, 78, 95, 96, 99]
   Fitness: 25.5
     Total: 21
Violations: 6 6
