10
100
-71.5 -220.45
-47.5 -173.065
-43.5 -172.595
-22.0 -155.655
-22.0 -154.85
-18.5 -163.045
-18.5 -158.72
-18.5 -173.23
-18.5 -168.695
-18.5 -156.405
-18.5 -162.13
-18.5 -154.22
-18.5 -157.45
-18.5 -140.84
-18.5 -144.76
11.0 -140.8
11.0 -149.915
11.0 -146.69
11.0 -149.77
11.0 -165.39
11.0 -175.74
11.0 -162.165
11.0 -150.45
11.0 -150.78
11.0 -145.11
11.0 -147.33
11.0 -158.715
11.0 -133.63
11.0 -162.405
11.0 -130.795
11.0 -141.885
11.0 -138.525
11.0 -143.485
11.0 -160.725
11.0 -168.1
11.0 -158.16
11.0 -173.345
11.0 -144.825
11.0 -140.68
11.0 -168.67
11.0 -155.565
11.0 -150.76
11.0 -134.48
11.0 -145.175
11.0 -145.275
11.0 -174.65
11.0 -162.325
11.0 -151.685
11.0 -138.12
11.0 -145.02
11.0 -150.95
11.0 -160.96
11.0 -144.35
11.0 -142.33
11.0 -137.68
11.0 -137.5
11.0 -151.72
11.0 -143.9
11.0 -139.815
11.0 -143.415
11.0 -151.25
11.0 -163.525
11.0 -150.44
11.0 -144.54
11.0 -138.635
11.0 -138.27
11.0 -157.105
11.0 -154.02
11.0 -162.935
11.0 -155.785
11.0 -138.235
11.0 -165.04
11.0 -149.51
11.0 -175.815
11.0 -142.45
11.0 -177.17
11.0 -137.105
11.0 -168.075
11.0 -168.485
11.0 -135.8
11.0 -166.675
11.0 -150.36
11.0 -134.82
11.0 -146.09
11.0 -154.55
11.0 -156.48
11.0 -132.7
11.0 -142.25
11.0 -135.44
11.0 -148.975
11.0 -148.16
11.0 -139.07
11.0 -149.65
11.0 -145.63
11.0 -133.645
11.0 -134.425
11.0 -125.375
11.0 -134.5
11.0 -134.94
11.0 -126.655
100
-54.0 -231.705
-38.5 -178.45
-16.0 -153.32
-16.0 -156.8
-16.0 -152.685
-16.0 -164.065
-16.0 -147.34
-16.0 -136.2
-16.0 -166.02
-16.0 -156.475
-12.5 -148.85
-12.5 -143.195
-6.5 -167.01
-2.0 -154.495
-2.0 -161.215
-2.0 -157.915
-2.0 -179.335
-2.0 -154.69
-2.0 -158.355
-2.0 -146.125
-2.0 -157.72
-2.0 -147.815
-2.0 -152.02
-2.0 -136.455
-2.0 -149.1
-2.0 -155.205
-2.0 -161.775
-2.0 -147.585
-2.0 -149.895
-2.0 -145.0
-2.0 -146.065
-2.0 -135.72
-2.0 -157.27
-2.0 -152.225
-2.0 -155.93
-2.0 -149.92
-2.0 -154.06
-2.0 -142.37
-2.0 -139.95
-2.0 -160.38
-2.0 -137.495
-2.0 -172.955
-2.0 -154.555
-2.0 -164.3
-2.0 -169.15
-2.0 -144.385
-2.0 -159.2
-2.0 -132.545
-2.0 -137.62
-2.0 -148.875
-2.0 -158.28
-2.0 -168.43
-2.0 -126.875
-2.0 -131.925
-2.0 -158.45
-2.0 -143.21
-2.0 -140.79
-2.0 -159.595
-2.0 -142.91
-2.0 -161.415
-2.0 -146.48
-2.0 -154.75
-2.0 -178.075
-2.0 -157.49
-2.0 -149.11
-2.0 -151.6
-2.0 -154.72
-2.0 -163.72
-2.0 -154.835
-2.0 -153.96
-2.0 -154.715
-2.0 -145.53
-2.0 -160.16
-2.0 -153.905
-2.0 -143.96
-2.0 -141.505
-2.0 -152.06
-2.0 -151.465
-2.0 -167.15
-2.0 -141.475
-2.0 -172.13
-2.0 -142.92
-2.0 -152.405
-2.0 -146.32
-2.0 -150.29
-2.0 -143.49
-2.0 -137.445
-2.0 -147.295
-2.0 -143.22
-2.0 -140.995
-2.0 -154.735
-2.0 -147.25
-2.0 -142.6
-2.0 -142.705
-2.0 -160.655
-2.0 -156.315
-2.0 -134.015
-2.0 -156.06
-2.0 -133.52
-2.0 -164.58
100
-76.0 -246.925
-53.5 -203.035
-23.5 -168.915
-23.5 -170.08
-23.5 -172.87
-23.5 -138.235
-23.5 -155.45
-23.5 -155.285
-19.0 -166.765
-19.0 -158.395
-19.0 -162.805
-19.0 -162.395
-19.0 -193.55
-19.0 -162.445
-19.0 -180.175
-19.0 -176.33
-19.0 -159.135
-19.0 -139.515
-19.0 -155.615
-19.0 -160.68
-19.0 -146.405
-19.0 -161.365
-19.0 -156.54
-19.0 -141.88
-19.0 -137.225
-19.0 -152.96
-19.0 -153.7
-19.0 -146.335
-19.0 -147.31
-2.5 -152.515
-2.5 -160.57
-2.5 -142.18
-2.5 -176.235
-2.5 -156.225
-2.5 -160.185
-2.5 -140.27
-2.5 -179.485
-2.5 -144.66
-2.5 -161.0
-2.5 -151.02
-2.5 -154.3
-2.5 -139.29
-2.5 -146.93
-2.5 -143.11
-2.5 -151.555
-2.5 -149.49
-2.5 -147.195
-2.5 -166.315
-2.5 -147.59
-2.5 -151.945
-2.5 -144.315
-2.5 -157.875
-2.5 -163.405
-2.5 -129.855
-2.5 -158.755
-2.5 -161.055
-2.5 -149.64
-2.5 -166.385
-2.5 -176.415
-2.5 -172.635
-2.5 -157.005
-2.5 -148.76
-2.5 -149.07
-2.5 -134.255
-2.5 -155.395
-2.5 -146.91
-2.5 -170.205
-2.5 -161.78
-2.5 -153.99
-2.5 -163.465
-2.5 -170.535
-2.5 -158.79
-2.5 -157.665
-2.5 -166.04
-2.5 -154.22
-2.5 -155.765
-2.5 -158.975
-2.5 -153.56
-2.5 -171.47
-2.5 -140.155
-2.5 -145.76
-2.5 -136.89
-2.5 -139.43
-2.5 -146.91
-2.5 -149.0
-2.5 -151.74
-2.5 -152.25
-2.5 -157.2
-2.5 -136.93
-2.5 -137.22
-2.5 -146.095
2.0 -131.1
2.0 -152.905
2.0 -165.82
2.0 -166.035
2.0 -156.84
2.0 -158.78
2.0 -133.74
2.0 -121.65
8.0 -137.895
100
-39.5 -219.53
-39.5 -162.57
-39.5 -158.39
-37.5 -166.095
-37.5 -177.175
-23.0 -164.335
-23.0 -147.93
-23.0 -143.94
-23.0 -169.93
-23.0 -162.91
-23.0 -134.84
-23.0 -162.415
-18.5 -152.65
-18.5 -149.355
-18.5 -149.465
-18.5 -152.07
-18.5 -152.865
-6.0 -144.44
-6.0 -133.67
-6.0 -147.65
-6.0 -169.27
-6.0 -159.18
-6.0 -153.28
-6.0 -167.715
-6.0 -169.55
-6.0 -147.955
-6.0 -146.225
-6.0 -177.39
-6.0 -166.015
-6.0 -137.505
-6.0 -156.13
-6.0 -152.54
-2.5 -143.97
-2.5 -158.755
7.0 -154.625
7.0 -144.37
7.0 -148.05
7.0 -144.82
7.0 -147.365
7.0 -154.49
7.0 -151.365
7.0 -150.2
7.0 -135.005
7.0 -139.225
7.0 -135.675
7.0 -138.815
7.0 -149.66
7.0 -146.64
7.0 -145.85
7.0 -140.645
7.0 -147.965
7.0 -156.625
7.0 -144.525
7.0 -139.97
7.0 -158.145
7.0 -152.01
7.0 -124.98
7.0 -137.44
7.0 -139.385
7.0 -150.575
7.0 -131.765
7.0 -134.655
7.0 -137.275
7.0 -120.765
7.0 -157.23
7.0 -143.605
7.5 -151.455
7.5 -192.025
7.5 -158.115
7.5 -157.005
7.5 -150.265
7.5 -149.44
7.5 -158.13
7.5 -131.84
7.5 -125.48
7.5 -124.52
7.5 -152.815
7.5 -140.345
7.5 -140.67
7.5 -141.16
7.5 -133.065
7.5 -161.395
7.5 -157.98
7.5 -140.285
7.5 -146.78
7.5 -127.455
7.5 -140.005
7.5 -137.35
7.5 -145.7
7.5 -135.1
7.5 -145.255
7.5 -136.25
7.5 -136.165
7.5 -143.475
7.5 -139.96
7.5 -142.38
7.5 -145.28
7.5 -131.06
7.5 -131.13
7.5 -148.425
100
-67.5 -236.075
-46.5 -170.485
-46.5 -163.14
-31.5 -147.28
-31.5 -175.31
-11.0 -159.9
-11.0 -150.18
-11.0 -139.43
-11.0 -138.44
-11.0 -152.925
-11.0 -165.74
-11.0 -143.54
-9.5 -131.475
-9.5 -165.875
-9.5 -141.465
-9.5 -160.7
-9.5 -161.54
-9.5 -153.5
-9.5 -147.49
-9.5 -138.955
-9.5 -150.5
-9.5 -153.765
-9.5 -147.405
-9.5 -169.885
-9.5 -171.8
-9.5 -146.12
-9.5 -169.025
-9.5 -167.275
-9.5 -155.335
-9.5 -168.24
-9.5 -139.765
-9.5 -148.66
-9.5 -144.605
-9.5 -150.045
-5.5 -163.985
-5.5 -156.435
-5.5 -152.1
-5.5 -164.875
-2.0 -155.995
-2.0 -169.66
0.5 -149.71
0.5 -137.06
0.5 -137.835
0.5 -149.245
0.5 -144.555
0.5 -133.37
3.5 -142.065
3.5 -150.66
3.5 -134.28
3.5 -150.465
3.5 -147.91
3.5 -138.83
3.5 -168.975
3.5 -173.69
3.5 -157.995
3.5 -144.665
3.5 -137.82
3.5 -160.775
3.5 -146.29
3.5 -154.64
3.5 -140.475
3.5 -140.605
3.5 -137.735
3.5 -125.205
3.5 -137.9
3.5 -152.18
3.5 -171.19
3.5 -137.545
3.5 -149.235
3.5 -146.67
3.5 -124.945
3.5 -150.005
3.5 -151.465
3.5 -136.575
3.5 -136.685
3.5 -159.94
6.0 -161.38
6.0 -133.255
6.0 -153.3
6.0 -153.835
6.0 -138.35
6.0 -134.855
6.0 -139.25
6.0 -127.075
6.0 -146.085
6.0 -145.035
6.0 -167.43
6.0 -146.13
6.0 -156.31
6.0 -147.38
6.0 -147.535
6.0 -154.665
6.0 -141.275
6.0 -123.905
6.0 -138.335
6.0 -136.23
6.0 -131.19
6.0 -148.04
6.0 -142.075
6.0 -143.56
100
-97.5 -226.685
-53.0 -192.38
-13.0 -171.065
-13.0 -170.84
-13.0 -162.77
-13.0 -157.93
-13.0 -156.49
-13.0 -158.81
-13.0 -150.28
-13.0 -155.58
-13.0 -149.835
-13.0 -171.11
-13.0 -155.355
-13.0 -145.035
-13.0 -158.605
-13.0 -153.88
-13.0 -136.55
-13.0 -149.17
-13.0 -161.22
-13.0 -151.135
-13.0 -156.43
-13.0 -164.15
-13.0 -154.32
-13.0 -156.8
-13.0 -155.805
-13.0 -204.645
-13.0 -167.89
-13.0 -144.025
-13.0 -155.76
-13.0 -154.605
-13.0 -150.52
-13.0 -168.585
-13.0 -150.835
-13.0 -157.145
-13.0 -166.57
-13.0 -147.175
-13.0 -156.04
-13.0 -140.72
-12.0 -160.565
-12.0 -155.445
-12.0 -147.585
-12.0 -140.125
-12.0 -150.545
-12.0 -149.315
-12.0 -145.5
-12.0 -160.435
-12.0 -150.03
-12.0 -136.26
-12.0 -172.545
-12.0 -162.225
-12.0 -161.735
-12.0 -148.86
-12.0 -167.575
-12.0 -162.255
-12.0 -155.665
-12.0 -150.56
-12.0 -137.165
-12.0 -154.68
-12.0 -156.33
-12.0 -139.0
-12.0 -141.29
-12.0 -165.29
-12.0 -145.09
-12.0 -166.26
-12.0 -146.89
-12.0 -151.21
-12.0 -158.63
-12.0 -149.155
-12.0 -160.005
-12.0 -150.61
-12.0 -149.46
-12.0 -176.175
-12.0 -147.855
-12.0 -160.64
-12.0 -139.335
-12.0 -147.575
-12.0 -162.245
-12.0 -159.59
-12.0 -142.04
-12.0 -155.67
-12.0 -152.66
-12.0 -137.885
-12.0 -157.87
-12.0 -144.045
-12.0 -164.965
-12.0 -154.335
-12.0 -132.09
-11.0 -156.12
-11.0 -152.805
-11.0 -140.935
-11.0 -142.21
-11.0 -150.995
-11.0 -153.33
-11.0 -141.795
-11.0 -163.665
-11.0 -149.585
-11.0 -135.445
-11.0 -162.775
-11.0 -129.46
-11.0 -147.255
100
-29.0 -219.585
-24.0 -190.525
-24.0 -165.92
-24.0 -152.86
-16.5 -154.81
-16.5 -156.845
-16.5 -168.605
-16.5 -167.015
-16.5 -135.275
-16.5 -170.335
-16.5 -153.085
-16.5 -158.695
-16.5 -150.515
-16.5 -162.005
-16.5 -170.16
-16.5 -144.045
-16.5 -161.57
-16.5 -168.375
-16.5 -148.735
-16.5 -162.71
-16.5 -166.125
-16.5 -169.355
-7.5 -148.365
-7.5 -155.305
-7.5 -167.39
-7.5 -151.585
-7.5 -153.795
-4.0 -160.53
-4.0 -140.37
1.0 -144.1
1.0 -138.92
1.0 -152.1
1.0 -147.35
1.0 -146.07
1.0 -127.2
1.0 -144.045
1.0 -136.945
1.0 -138.355
1.0 -136.37
1.0 -141.84
1.0 -150.515
1.0 -158.44
1.0 -151.295
1.0 -129.65
1.0 -148.94
1.0 -143.075
1.0 -137.345
1.0 -142.57
1.0 -136.695
1.0 -138.09
1.0 -164.755
1.0 -164.145
1.0 -150.385
1.0 -137.35
1.0 -138.925
1.0 -146.175
1.0 -152.315
1.0 -138.74
1.0 -145.015
1.0 -137.89
1.0 -135.285
1.0 -138.13
1.0 -149.775
1.0 -152.555
1.0 -133.33
1.0 -147.735
1.0 -142.91
1.0 -136.135
1.0 -128.845
1.0 -141.55
1.0 -150.03
1.0 -148.65
1.0 -164.465
1.0 -147.74
1.0 -149.725
1.0 -162.94
1.0 -164.235
1.0 -166.11
1.0 -157.505
1.0 -146.665
1.0 -151.85
1.0 -171.43
1.0 -165.62
1.0 -148.515
1.0 -164.135
1.0 -139.805
1.0 -149.265
1.0 -141.735
1.0 -137.985
1.0 -139.25
1.0 -170.105
1.0 -151.01
1.0 -137.465
1.0 -145.86
1.0 -160.91
1.0 -141.315
1.0 -159.515
1.0 -146.805
1.0 -155.165
1.0 -145.475
100
-71.5 -232.595
-71.5 -184.49
-66.0 -189.215
-38.0 -175.175
-38.0 -158.915
-38.0 -179.75
-31.0 -180.15
-17.5 -150.275
-17.5 -154.695
-8.5 -158.665
-8.5 -172.115
-8.5 -153.46
-8.5 -157.745
-8.5 -162.365
-8.5 -158.12
-8.5 -150.445
-8.5 -143.875
-8.5 -143.37
-8.5 -162.135
-8.5 -149.775
-8.5 -157.125
-8.5 -162.03
-8.5 -135.46
-8.5 -160.875
-8.5 -160.725
-4.5 -159.945
-4.5 -134.395
-4.5 -166.945
-4.5 -141.97
-4.5 -157.305
-4.5 -159.785
-4.5 -142.825
-4.5 -135.69
-4.5 -150.625
-4.5 -136.885
-4.5 -163.705
-4.5 -152.36
-4.0 -151.87
-4.0 -142.36
-4.0 -156.45
-4.0 -135.015
-4.0 -139.225
-4.0 -154.265
-4.0 -151.565
-4.0 -131.135
-4.0 -137.775
-4.0 -162.685
-4.0 -148.775
-4.0 -146.36
-4.0 -146.48
-4.0 -154.755
-4.0 -139.255
-4.0 -144.92
-4.0 -147.405
-4.0 -146.1
-4.0 -133.28
-4.0 -134.18
-4.0 -146.595
-4.0 -139.235
-4.0 -140.815
-4.0 -152.005
-4.0 -158.44
-4.0 -150.55
-4.0 -138.71
-4.0 -149.135
-4.0 -144.94
-4.0 -124.9
-4.0 -138.46
-4.0 -153.285
-4.0 -158.03
-4.0 -150.34
-4.0 -138.785
-4.0 -143.72
-4.0 -134.5
-4.0 -147.975
-4.0 -143.31
-4.0 -139.925
-4.0 -143.655
-4.0 -140.005
-4.0 -134.34
-4.0 -138.69
-4.0 -165.84
-4.0 -144.0
-4.0 -165.925
-4.0 -144.865
-4.0 -154.54
-4.0 -165.885
-4.0 -161.725
-4.0 -145.64
-4.0 -173.57
-4.0 -141.48
-4.0 -137.54
-4.0 -158.905
-4.0 -135.01
-4.0 -147.545
-4.0 -161.08
0.5 -142.745
0.5 -145.98
0.5 -137.615
0.5 -151.8
100
-23.0 -216.7
-23.0 -179.615
-23.0 -177.33
1.5 -143.005
1.5 -165.23
1.5 -173.77
1.5 -141.25
1.5 -143.54
1.5 -148.46
1.5 -149.105
1.5 -153.3
1.5 -148.47
1.5 -146.61
1.5 -134.53
1.5 -154.7
1.5 -134.29
1.5 -132.205
1.5 -165.92
1.5 -172.83
1.5 -144.5
1.5 -144.09
1.5 -155.305
1.5 -162.22
1.5 -156.875
1.5 -158.61
1.5 -139.415
1.5 -163.115
1.5 -182.215
1.5 -146.93
1.5 -152.535
1.5 -158.835
1.5 -159.095
1.5 -137.105
1.5 -142.335
1.5 -143.93
1.5 -151.18
1.5 -158.24
1.5 -130.74
1.5 -138.87
1.5 -150.015
1.5 -136.02
1.5 -160.605
1.5 -151.84
1.5 -162.29
1.5 -156.255
1.5 -189.7
1.5 -151.09
1.5 -150.68
1.5 -171.525
1.5 -137.925
1.5 -167.93
1.5 -156.175
1.5 -166.9
1.5 -156.34
1.5 -151.58
1.5 -139.22
1.5 -155.51
1.5 -173.755
1.5 -148.64
1.5 -161.54
1.5 -178.845
1.5 -162.48
1.5 -139.37
1.5 -161.09
1.5 -166.805
1.5 -145.96
1.5 -154.875
1.5 -144.685
1.5 -145.925
1.5 -146.695
1.5 -164.9
1.5 -131.96
1.5 -150.34
1.5 -138.785
1.5 -135.86
1.5 -160.71
1.5 -154.27
1.5 -131.19
1.5 -170.72
1.5 -153.455
1.5 -129.475
1.5 -158.73
1.5 -147.715
1.5 -141.455
1.5 -147.285
1.5 -151.395
1.5 -141.06
1.5 -155.235
1.5 -139.19
1.5 -146.78
1.5 -151.07
1.5 -138.685
1.5 -150.12
1.5 -155.465
1.5 -153.61
1.5 -143.94
1.5 -136.135
1.5 -138.245
1.5 -157.075
1.5 -153.505
100
-54.5 -230.275
-48.0 -162.415
-43.5 -165.115
-43.5 -150.75
-43.5 -171.62
-36.0 -171.335
-36.0 -164.68
-36.0 -159.11
-36.0 -158.51
-23.5 -160.66
-23.5 -163.76
-23.5 -149.005
-13.5 -141.655
-13.5 -146.13
-13.5 -184.455
-13.5 -165.32
-13.5 -156.83
-13.5 -150.235
-13.5 -163.005
-13.5 -158.14
-13.5 -157.135
-13.5 -152.825
-13.5 -159.9
-13.5 -152.73
-13.5 -170.98
-13.5 -164.465
-13.5 -158.65
-13.5 -143.79
-13.5 -156.05
-13.5 -142.195
-13.5 -156.185
-13.5 -143.425
-13.5 -151.015
-9.5 -136.9
-9.5 -155.695
-9.5 -164.03
-9.5 -147.64
-9.5 -159.09
-9.5 -148.66
-9.5 -155.0
-9.5 -154.995
-9.5 -159.03
-9.5 -141.22
-9.5 -170.7
-9.5 -150.715
-9.5 -151.845
-9.5 -131.215
-9.5 -145.63
-9.5 -165.68
-9.5 -148.795
0.0 -143.99
0.0 -146.34
0.0 -166.29
0.0 -152.08
0.0 -161.055
0.0 -150.12
0.0 -153.885
0.0 -132.57
0.0 -133.01
0.0 -142.04
0.0 -148.49
0.0 -146.25
0.0 -141.815
0.0 -141.82
0.0 -141.3
0.0 -158.73
0.0 -161.755
0.0 -146.32
0.0 -140.975
0.0 -135.86
0.0 -183.15
0.0 -155.66
0.0 -144.94
0.0 -135.79
0.0 -157.845
0.0 -133.895
0.0 -133.01
0.0 -135.63
0.0 -150.355
0.0 -161.855
0.0 -150.735
0.0 -149.035
0.0 -145.105
0.0 -145.9
0.0 -166.76
0.0 -142.365
0.0 -129.895
0.0 -157.9
0.0 -149.17
0.0 -138.275
0.0 -138.39
0.0 -168.15
0.0 -150.685
2.0 -145.84
2.0 -185.95
2.0 -167.38
2.0 -140.215
2.0 -142.145
2.0 -167.42
2.0 -161.105

Individual: [1, 3, 4, 8, 9, 11, 12, 19, 22, 26, 28, 29, 32, 42, 47, 56, 57, 60, 62, 70, 71, 83, 88, 89, 90, 93, 97, 99]
   Fitness: 11.0
     Total: 28
Violations: 31 17

Individual: [2, 5, 11, 13, 20, 28, 29, 31, 32, 34, 35, 36, 54, 56, 58, 63, 64, 69, 70, 71, 75, 76, 77, 83, 87, 91, 92, 96]
   Fitness: -2.0
     Total: 28
Violations: 44 21

Individual: [3, 5, 8, 10, 12, 21, 23, 29, 30, 33, 39, 41, 48, 49, 51, 54, 57, 65, 80, 83, 85, 91, 92, 100]
   Fitness: 8.0
     Total: 24
Violations: 28 15

Individual: [5, 6, 12, 14, 16, 17, 21, 24, 25, 44, 48, 52, 53, 56, 57, 66, 70, 71, 72, 74, 80, 81, 83, 94, 97, 98, 99]
   Fitness: 7.5
     Total: 27
Violations: 33 16

Individual: [1, 3, 8, 13, 15, 16, 23, 27, 34, 37, 39, 41, 43, 44, 54, 57, 68, 75, 76, 77, 80, 81, 83, 90, 94, 95, 96, 98]
   Fitness: 6.0
     Total: 28
Violations: 36 21

Individual: [1, 3, 6, 7, 17, 27, 30, 34, 35, 37, 38, 39, 45, 47, 49, 53, 54, 55, 56, 68, 69, 76, 77, 80, 82, 86, 88, 90, 92, 94, 97, 99]
   Fitness: -11.0
     Total: 32
Violations: 59 25

Individual: [1, 4, 6, 10, 13, 14, 16, 18, 24, 25, 29, 30, 41, 51, 52, 57, 62, 67, 68, 74, 78, 82, 83, 86, 89, 93, 95, 100]
   Fitness: 1.0
     Total: 28
Violations: 41 20

Individual: [1, 3, 4, 12, 14, 17, 19, 30, 33, 39, 41, 43, 48, 54, 55, 60, 72, 73, 76, 78, 79, 82, 84, 87, 92, 93, 94, 95, 97, 99, 100]
   Fitness: 0.5
     Total: 31
Violations: 46 23

Individual: [3, 4, 9, 10, 12, 14, 16, 22, 23, 26, 27, 31, 33, 35, 42, 55, 57, 63, 66, 67, 69, 70, 72, 79, 81, 86, 87, 89, 90, 94, 98]
   Fitness: 1.5
     Total: 31
Violations: 45 25

Individual: [5, 17, 20, 26, 29, 30, 33, 37, 38, 40, 43, 49, 68, 69, 70, 71, 74, 76, 81, 84, 85, 88, 90, 92, 93, 100]
   Fitness: 2.0
     Total: 26
Violations: 37 20
