10
100
-71.5 -227.092
-37.5 -194.864
-37.5 -204.686
-37.5 -189.804
-18.0 -178.412
-18.0 -209.374
-3.0 -190.178
-3.0 -190.148
-3.0 -197.296
-3.0 -205.0
-3.0 -185.25
-3.0 -191.752
-3.0 -234.71
-3.0 -190.43
-3.0 -191.594
-3.0 -193.494
-3.0 -173.298
-3.0 -209.232
-3.0 -176.06
-3.0 -221.044
-3.0 -203.288
-3.0 -200.642
-3.0 -193.628
-3.0 -202.226
-3.0 -215.86
-3.0 -211.19
-3.0 -203.322
-3.0 -213.14
-3.0 -204.776
-3.0 -206.97
-3.0 -187.454
-3.0 -193.35
-3.0 -212.24
-3.0 -195.792
-3.0 -213.326
-3.0 -190.136
-3.0 -202.418
-3.0 -193.206
-3.0 -187.196
-3.0 -194.142
-3.0 -209.162
-3.0 -205.432
-3.0 -213.87
-3.0 -198.16
-3.0 -181.358
-3.0 -209.138
-3.0 -196.852
-3.0 -180.44
-3.0 -199.072
-3.0 -205.62
-3.0 -203.702
-3.0 -177.61
-3.0 -192.434
-3.0 -210.868
-3.0 -200.208
-3.0 -199.284
-3.0 -189.562
-3.0 -214.978
-3.0 -219.502
-3.0 -194.466
-3.0 -175.602
-3.0 -231.664
-3.0 -209.132
-3.0 -191.318
4.0 -220.418
4.0 -213.888
4.0 -179.726
4.0 -202.814
4.0 -200.856
4.0 -194.86
4.0 -192.446
4.0 -195.53
4.0 -179.628
4.0 -209.218
4.0 -207.602
4.0 -195.164
4.0 -212.072
4.0 -188.79
4.0 -197.146
4.0 -197.022
4.0 -191.324
4.0 -177.23
4.0 -185.858
4.0 -190.278
4.0 -194.434
4.0 -188.652
4.0 -199.77
4.0 -224.054
4.0 -204.31
4.0 -202.492
4.0 -202.638
4.0 -205.448
4.0 -198.326
4.0 -193.034
4.0 -176.302
4.0 -183.914
4.0 -163.824
4.0 -150.122
4.0 -181.41
7.0 -209.69
100
-47.5 -228.752
-47.5 -190.238
-34.0 -215.624
-34.0 -211.35
-34.0 -189.184
-34.0 -179.31
-34.0 -190.562
-34.0 -211.244
-34.0 -185.358
-20.0 -188.554
-20.0 -193.912
-20.0 -178.424
-20.0 -163.624
-20.0 -198.88
-20.0 -201.49
-20.0 -185.024
-20.0 -196.926
-9.0 -218.48
-9.0 -207.584
-9.0 -234.324
-9.0 -186.55
-9.0 -196.522
-9.0 -195.796
-9.0 -187.774
-9.0 -188.764
-9.0 -213.472
-9.0 -194.278
-9.0 -199.928
-9.0 -192.77
-6.5 -203.506
-6.5 -191.764
-6.5 -188.304
-6.5 -197.622
-6.5 -191.16
-6.5 -192.952
-6.5 -209.68
-6.5 -192.54
-6.5 -188.68
-6.5 -201.69
-6.5 -193.064
-6.5 -215.612
-6.5 -191.454
-6.5 -200.776
-6.5 -216.82
-6.5 -186.208
-6.5 -186.248
-6.5 -203.458
-6.5 -192.078
-6.5 -176.03
-6.5 -196.376
-6.5 -203.674
-6.5 -220.242
-6.5 -212.088
-6.5 -201.308
-6.5 -200.368
-6.5 -201.73
-6.5 -187.738
-6.5 -205.936
-6.5 -196.924
-6.5 -225.998
-6.5 -207.362
-6.5 -193.442
-6.5 -210.438
-6.5 -199.804
-6.5 -213.618
-6.5 -189.148
-6.5 -207.69
-6.5 -182.466
-6.5 -177.138
-6.5 -187.82
-6.5 -223.088
-6.5 -221.218
-6.5 -186.976
-6.5 -198.588
-6.5 -200.612
-6.5 -185.092
-6.5 -197.196
-6.5 -186.418
-6.5 -159.888
-4.5 -176.096
-4.5 -237.626
-4.5 -185.624
-4.5 -184.448
-4.5 -231.204
-4.5 -179.256
-4.5 -181.36
-4.5 -203.348
-4.5 -186.482
-4.5 -204.68
-4.5 -188.852
-4.5 -190.28
-4.5 -185.968
-4.5 -200.142
-4.5 -191.338
-4.5 -188.388
-4.5 -192.72
-4.5 -190.344
-4.5 -206.684
-4.5 -196.808
-4.5 -198.676
100
-65.0 -239.948
-13.0 -194.764
-13.0 -210.068
-13.0 -195.562
-13.0 -182.854
-13.0 -196.018
-13.0 -212.406
-13.0 -197.808
-13.0 -179.77
-13.0 -204.814
-13.0 -204.676
-13.0 -186.562
-13.0 -188.176
-13.0 -196.278
-13.0 -194.422
-13.0 -208.962
-13.0 -197.034
-13.0 -184.678
-13.0 -215.794
-13.0 -206.366
-13.0 -184.662
-13.0 -190.278
-13.0 -216.698
-13.0 -204.122
-13.0 -213.416
-13.0 -202.468
-13.0 -189.53
-13.0 -199.1
-13.0 -213.074
-13.0 -196.214
-13.0 -187.312
-13.0 -188.37
-13.0 -181.132
-13.0 -208.898
-13.0 -181.56
-13.0 -177.726
-13.0 -214.556
-13.0 -200.392
-13.0 -188.364
-13.0 -191.75
-13.0 -193.056
-13.0 -194.542
-13.0 -188.022
-13.0 -200.052
-9.0 -201.248
-9.0 -217.178
-9.0 -193.598
-7.5 -165.908
-7.5 -169.146
-7.5 -217.432
-7.5 -196.268
-7.5 -189.152
-7.5 -177.744
-7.5 -185.304
-7.5 -191.086
-7.5 -199.148
-7.0 -199.072
-7.0 -178.482
-7.0 -221.3
-7.0 -216.81
-7.0 -205.932
-7.0 -198.194
-7.0 -199.168
-7.0 -205.724
-7.0 -210.124
-7.0 -202.604
-7.0 -205.66
-7.0 -188.858
-7.0 -202.316
-3.5 -201.964
-3.5 -186.896
-3.5 -190.35
-3.5 -179.32
-3.5 -194.03
3.0 -211.172
3.0 -222.53
3.0 -206.596
3.0 -209.338
3.0 -197.302
3.0 -192.574
3.0 -203.722
3.0 -193.952
3.0 -210.872
3.0 -209.164
3.0 -194.636
3.0 -211.026
3.0 -214.812
3.0 -200.484
3.0 -210.156
3.0 -213.76
3.0 -178.424
3.0 -189.326
3.0 -200.846
3.0 -196.222
3.0 -184.588
3.0 -187.742
3.0 -192.75
3.0 -191.618
3.0 -186.024
3.0 -188.816
100
-37.0 -238.31
-37.0 -188.644
-37.0 -202.186
-37.0 -178.564
-35.5 -201.066
-21.0 -211.916
-21.0 -188.928
-21.0 -203.108
-21.0 -189.472
-21.0 -197.616
-21.0 -205.736
-21.0 -194.686
-21.0 -198.796
-21.0 -204.71
-21.0 -202.206
-21.0 -168.346
-21.0 -185.662
-21.0 -212.356
-21.0 -186.136
-18.5 -195.978
-18.5 -202.654
-18.5 -212.89
-18.5 -220.188
-18.5 -183.966
-18.5 -191.582
-18.5 -207.924
-18.5 -209.954
-18.5 -211.522
-18.5 -195.528
-18.5 -202.148
-18.5 -191.084
-18.5 -197.778
-18.5 -189.032
-9.0 -184.89
-9.0 -208.142
-9.0 -203.504
-9.0 -181.204
-9.0 -236.788
-9.0 -198.952
-9.0 -196.532
-9.0 -196.526
-9.0 -203.652
-9.0 -208.512
-9.0 -166.656
-9.0 -184.602
-9.0 -204.574
-9.0 -221.284
-9.0 -174.654
-9.0 -192.216
-9.0 -211.04
-9.0 -191.62
-9.0 -211.092
-9.0 -203.352
-9.0 -220.02
-9.0 -211.87
-9.0 -204.544
-9.0 -197.264
-9.0 -194.754
-9.0 -191.366
-9.0 -197.126
-9.0 -186.482
-9.0 -205.2
-9.0 -207.654
-9.0 -191.152
-9.0 -198.356
-9.0 -227.282
-9.0 -208.95
-9.0 -204.91
-9.0 -195.342
-9.0 -186.136
-9.0 -185.324
-9.0 -192.694
-9.0 -195.19
-9.0 -202.638
-9.0 -207.338
-9.0 -205.798
-9.0 -173.34
-9.0 -205.642
-9.0 -218.662
-9.0 -186.086
-9.0 -194.678
-9.0 -196.58
-9.0 -192.01
-9.0 -204.432
-9.0 -181.386
-9.0 -218.22
-9.0 -197.524
-9.0 -204.792
-9.0 -193.89
-9.0 -198.726
-9.0 -194.306
-6.5 -215.292
-6.5 -194.294
-6.5 -186.544
-6.5 -199.48
-6.5 -175.32
-6.5 -202.302
-6.5 -185.22
-6.5 -192.764
-6.5 -196.528
100
-57.5 -232.322
-40.5 -202.278
-40.5 -198.66
-40.5 -222.574
-40.5 -222.99
-40.5 -211.99
-39.5 -213.23
-32.0 -195.84
-29.0 -209.868
-29.0 -214.156
-29.0 -208.27
-22.0 -205.756
-22.0 -196.982
-22.0 -188.252
-22.0 -200.282
-22.0 -194.362
-22.0 -207.222
-22.0 -217.642
-22.0 -192.19
-22.0 -191.626
-22.0 -211.132
-22.0 -183.01
-22.0 -191.328
-22.0 -192.132
-22.0 -210.034
-22.0 -206.356
-22.0 -210.826
-22.0 -200.058
-22.0 -192.648
-22.0 -199.48
-22.0 -199.232
-22.0 -203.34
-22.0 -212.162
-22.0 -211.478
-22.0 -179.784
-22.0 -205.686
-15.0 -187.126
-15.0 -173.894
-11.0 -201.308
-11.0 -185.614
-11.0 -206.084
-11.0 -194.736
-11.0 -198.486
-11.0 -194.412
-11.0 -186.946
-11.0 -195.57
-11.0 -202.354
-11.0 -174.564
-11.0 -199.234
-11.0 -195.184
-11.0 -199.696
-11.0 -207.946
-11.0 -186.626
-11.0 -195.89
-11.0 -198.718
-11.0 -200.926
-11.0 -200.0
-11.0 -205.232
-11.0 -193.476
-11.0 -230.316
-11.0 -206.294
-11.0 -162.326
-11.0 -178.07
-11.0 -207.736
-11.0 -183.192
-11.0 -208.808
-11.0 -187.738
-11.0 -193.706
-11.0 -192.596
-11.0 -168.148
-11.0 -205.012
-11.0 -189.604
-11.0 -194.226
-11.0 -186.478
-11.0 -212.492
-11.0 -187.068
-11.0 -189.596
-11.0 -199.414
-11.0 -191.932
-11.0 -181.246
-11.0 -215.966
-11.0 -193.778
-11.0 -186.204
-11.0 -191.386
-11.0 -187.216
-11.0 -202.624
-11.0 -202.2
-11.0 -180.77
-11.0 -203.49
-11.0 -211.73
-11.0 -199.104
-11.0 -202.756
-11.0 -199.51
-11.0 -190.386
-11.0 -174.328
-11.0 -215.5
-11.0 -219.794
-11.0 -194.2
-11.0 -200.288
-11.0 -198.308
100
-41.0 -232.024
-41.0 -201.54
-24.5 -204.92
-18.5 -183.32
-18.5 -195.27
-12.0 -188.346
-12.0 -201.66
-12.0 -221.842
-12.0 -198.13
-12.0 -190.4
-12.0 -220.428
-12.0 -207.92
-12.0 -187.708
-12.0 -200.23
-12.0 -218.406
-12.0 -197.222
-12.0 -223.588
-12.0 -188.652
-12.0 -190.59
-12.0 -178.838
-12.0 -173.556
-12.0 -187.898
-12.0 -196.802
-12.0 -195.702
-12.0 -180.204
-12.0 -208.642
-12.0 -195.582
-12.0 -192.572
-12.0 -214.328
-12.0 -216.424
-12.0 -189.64
-12.0 -197.274
-12.0 -186.8
-12.0 -216.112
-12.0 -211.684
-12.0 -198.184
-12.0 -206.714
-12.0 -179.382
-12.0 -202.982
-12.0 -202.032
-12.0 -216.902
-12.0 -224.956
-12.0 -202.508
-12.0 -216.33
-12.0 -188.476
-12.0 -209.78
-12.0 -201.366
-12.0 -190.872
-12.0 -232.026
-12.0 -191.956
-12.0 -192.032
-12.0 -204.172
-12.0 -203.714
-9.5 -192.79
-9.5 -189.496
-9.5 -173.816
-9.5 -176.792
-9.5 -194.806
-9.5 -194.714
-9.5 -189.36
-9.5 -195.316
-9.5 -194.138
-9.5 -185.388
-9.5 -220.438
-9.5 -200.882
1.0 -192.886
1.0 -191.642
1.0 -187.716
1.0 -196.968
1.0 -206.968
1.0 -193.72
1.0 -188.24
1.0 -233.614
1.0 -183.828
1.0 -188.08
1.0 -211.36
1.0 -204.014
1.0 -203.418
1.0 -218.572
1.0 -181.184
1.0 -207.578
1.0 -188.982
1.0 -179.116
1.0 -182.112
1.0 -197.918
1.0 -186.418
1.0 -208.276
1.0 -198.5
1.0 -193.838
1.0 -201.64
1.0 -198.846
1.0 -191.858
1.0 -192.696
1.0 -203.858
1.0 -215.97
1.0 -184.328
1.0 -194.818
1.0 -201.944
1.0 -173.472
1.0 -169.916
100
-49.5 -232.736
-48.0 -207.296
-33.5 -184.684
-33.5 -216.128
-33.5 -201.456
-33.5 -193.812
-33.0 -212.95
-33.0 -191.91
-20.0 -233.498
-20.0 -222.006
-20.0 -200.046
-20.0 -228.402
-20.0 -182.632
-20.0 -172.672
-20.0 -216.782
-20.0 -200.008
-20.0 -190.824
-20.0 -198.296
-20.0 -195.928
-20.0 -187.182
-20.0 -184.208
-20.0 -193.17
-20.0 -182.464
-19.0 -198.936
-19.0 -198.346
-19.0 -213.96
-19.0 -186.156
-19.0 -197.972
-19.0 -186.016
-19.0 -210.078
-19.0 -204.506
-19.0 -185.742
-19.0 -208.11
-19.0 -200.144
-19.0 -221.732
-19.0 -217.65
-19.0 -194.558
-19.0 -182.954
-19.0 -199.534
-19.0 -218.046
-19.0 -209.868
-19.0 -202.472
-19.0 -201.126
-13.5 -196.862
-13.5 -190.244
-13.5 -192.736
-13.5 -180.73
-13.5 -193.894
-13.5 -196.56
-13.5 -197.138
-13.5 -194.426
-13.5 -203.978
-13.5 -206.138
-13.5 -206.734
-13.5 -200.52
-13.5 -190.384
-13.5 -196.18
-13.5 -223.296
-13.5 -182.424
-13.5 -184.494
-13.5 -222.108
-13.5 -220.832
-13.5 -202.492
-13.5 -196.61
-13.5 -182.908
-13.5 -206.614
-13.5 -212.676
-13.5 -215.67
-13.5 -204.908
-13.5 -198.936
-13.5 -195.864
-13.5 -188.616
-13.5 -196.208
-13.5 -197.37
-13.5 -167.108
-13.5 -206.83
-13.5 -206.278
-13.5 -217.87
-13.5 -198.928
-13.5 -191.668
-13.5 -192.152
-13.5 -233.014
-13.5 -212.05
-13.5 -194.932
-13.5 -188.124
-13.5 -203.02
-13.5 -218.558
-13.5 -194.778
-13.5 -193.546
-13.5 -203.288
-13.5 -210.674
-13.5 -185.544
-13.5 -181.87
-13.5 -187.266
-13.5 -200.276
-11.0 -173.87
-11.0 -175.39
-11.0 -196.918
0.0 -216.736
0.0 -192.298
100
-42.0 -228.89
-38.5 -203.138
-38.5 -200.854
-38.5 -191.704
-18.5 -196.538
-18.5 -201.3
-18.5 -218.912
-18.5 -201.648
-18.5 -213.348
-0.5 -204.87
-0.5 -185.878
-0.5 -212.948
-0.5 -209.718
-0.5 -207.902
-0.5 -199.796
-0.5 -219.794
-0.5 -200.412
-0.5 -208.822
-0.5 -209.41
-0.5 -187.614
-0.5 -199.912
-0.5 -200.312
-0.5 -215.848
-0.5 -177.362
-0.5 -177.418
-0.5 -222.962
-0.5 -199.434
-0.5 -216.97
-0.5 -190.244
-0.5 -239.91
-0.5 -196.136
-0.5 -197.194
-0.5 -190.596
-0.5 -221.652
-0.5 -201.578
-0.5 -211.584
-0.5 -216.418
-0.5 -198.714
-0.5 -138.614
-0.5 -150.568
-0.5 -198.436
-0.5 -207.224
-0.5 -182.214
-0.5 -194.374
-0.5 -191.03
-0.5 -171.708
-0.5 -216.362
-0.5 -198.906
-0.5 -185.682
-0.5 -188.352
-0.5 -205.768
-0.5 -204.052
-0.5 -232.466
-0.5 -201.736
-0.5 -192.254
-0.5 -181.018
-0.5 -186.7
-0.5 -185.012
-0.5 -204.434
-0.5 -193.248
-0.5 -177.704
-0.5 -197.714
-0.5 -181.048
-0.5 -212.308
-0.5 -185.094
-0.5 -219.29
-0.5 -181.156
-0.5 -186.108
-0.5 -188.922
-0.5 -188.436
-0.5 -169.322
-0.5 -221.656
-0.5 -204.886
-0.5 -201.466
-0.5 -181.808
-0.5 -178.116
-0.5 -204.852
-0.5 -223.742
-0.5 -195.022
-0.5 -159.676
-0.5 -200.984
-0.5 -197.63
-0.5 -192.586
-0.5 -197.544
-0.5 -194.068
-0.5 -200.884
-0.5 -201.54
-0.5 -190.898
-0.5 -194.73
-0.5 -207.45
-0.5 -177.6
-0.5 -187.342
-0.5 -167.178
-0.5 -192.958
-0.5 -178.112
-0.5 -194.112
-0.5 -174.244
-0.5 -169.026
-0.5 -198.948
-0.5 -192.122
100
-73.5 -233.556
-44.5 -212.62
-36.0 -186.984
-21.5 -202.352
-21.5 -187.13
-21.5 -201.496
-21.5 -209.006
-21.5 -199.476
-21.5 -188.232
-21.5 -218.384
-21.5 -221.372
-21.5 -190.454
-6.5 -189.94
-6.5 -188.666
-6.5 -224.164
-6.5 -206.65
-6.5 -186.486
-6.5 -225.478
-6.5 -190.258
-6.5 -206.996
-6.5 -185.494
-6.5 -193.524
-4.0 -176.29
-2.5 -210.47
-2.5 -210.124
-2.5 -206.2
-2.5 -213.654
-2.5 -215.276
-2.5 -209.92
-2.5 -199.66
-2.5 -202.28
-2.5 -213.134
-2.5 -216.14
-2.5 -167.772
-2.5 -199.182
-2.5 -211.166
-2.5 -196.458
-2.5 -180.2
-2.5 -202.026
-2.5 -207.588
-2.5 -182.304
-2.5 -199.15
-2.5 -201.022
-2.5 -208.358
-2.5 -213.91
-2.5 -206.918
-2.5 -187.824
-2.5 -181.664
-2.5 -195.644
-2.5 -204.774
-2.5 -179.566
-2.5 -197.646
-2.5 -199.936
-2.5 -223.848
-2.5 -196.672
-2.5 -197.456
-2.5 -215.766
-2.5 -234.37
-2.5 -198.352
-2.5 -219.134
-2.5 -190.212
-2.5 -201.178
-2.5 -186.952
-2.5 -183.302
-2.5 -181.722
-2.5 -197.076
-2.5 -196.67
-2.5 -200.868
-2.5 -200.934
-2.5 -206.672
-2.5 -212.342
-2.5 -193.856
-2.5 -201.028
-2.5 -204.812
-2.5 -196.452
-2.5 -200.48
-2.5 -197.17
-2.5 -211.266
-2.5 -198.312
-2.5 -221.4
-2.5 -200.562
-2.5 -183.962
-2.5 -199.996
-2.5 -195.436
-2.5 -197.04
-2.5 -176.526
-2.5 -204.39
-2.5 -170.362
-2.5 -195.16
-2.5 -203.772
-2.5 -197.362
-2.5 -202.456
-2.5 -220.47
-2.5 -200.174
-2.5 -200.178
-2.5 -200.598
-2.5 -185.802
-2.5 -192.28
-2.5 -221.564
-2.5 -225.512
100
-51.0 -226.704
-37.0 -203.488
-30.5 -183.426
-18.0 -177.422
-18.0 -183.692
-18.0 -205.452
-18.0 -207.004
-18.0 -203.89
-18.0 -201.688
-18.0 -196.296
-18.0 -193.436
-16.5 -192.044
-16.5 -187.214
-16.5 -204.076
-16.5 -222.004
-16.5 -199.214
-16.5 -200.388
-16.5 -190.332
-16.5 -179.406
-16.5 -225.202
-16.5 -206.88
-16.5 -211.514
-16.5 -175.614
-16.5 -174.152
-16.5 -205.662
-9.0 -200.29
-9.0 -198.094
-9.0 -206.944
-9.0 -209.388
-9.0 -201.934
-9.0 -193.054
-9.0 -177.958
-9.0 -184.626
-9.0 -205.342
-9.0 -205.21
-9.0 -209.272
-9.0 -185.312
-9.0 -206.252
-9.0 -189.076
-9.0 -193.922
-9.0 -212.568
-9.0 -185.16
-9.0 -211.032
-9.0 -197.286
-9.0 -204.59
-9.0 -208.526
-9.0 -205.274
-9.0 -188.918
-9.0 -185.63
-9.0 -208.934
-9.0 -195.642
-9.0 -191.49
-9.0 -181.23
-9.0 -203.65
-9.0 -200.346
-9.0 -177.798
-9.0 -188.416
-9.0 -196.554
-9.0 -177.486
-9.0 -187.1
-9.0 -201.298
-9.0 -196.976
-9.0 -209.468
-9.0 -218.286
-9.0 -200.572
-9.0 -184.34
-9.0 -193.148
-9.0 -202.658
-9.0 -209.536
-9.0 -189.682
-9.0 -207.626
0.5 -180.762
0.5 -188.274
0.5 -211.046
0.5 -180.338
0.5 -193.016
0.5 -211.992
0.5 -179.99
0.5 -218.754
0.5 -189.392
0.5 -208.542
0.5 -162.568
0.5 -183.794
0.5 -209.328
0.5 -190.668
0.5 -175.602
0.5 -220.024
0.5 -192.538
0.5 -196.834
0.5 -200.162
0.5 -179.178
0.5 -184.884
0.5 -198.936
0.5 -194.722
0.5 -193.906
0.5 -206.3
0.5 -192.264
0.5 -204.97
0.5 -192.854
0.5 -200.49

Individual: [1, 4, 6, 11, 22, 23, 28, 30, 37, 39, 40, 43, 59, 60, 65, 66, 69, 71, 72, 73, 75, 83, 85, 86, 88, 99]
   Fitness: 7.0
     Total: 26
Violations: 32 19

Individual: [2, 6, 7, 10, 13, 16, 19, 21, 22, 23, 24, 27, 30, 43, 47, 50, 55, 66, 70, 71, 72, 78, 79, 84, 89, 91, 95, 97, 99]
   Fitness: -4.5
     Total: 29
Violations: 48 24

Individual: [1, 2, 6, 7, 10, 11, 13, 14, 24, 30, 36, 42, 45, 49, 51, 54, 63, 67, 74, 76, 80, 81, 82, 91, 94, 95, 97, 100]
   Fitness: 3.0
     Total: 28
Violations: 39 21

Individual: [1, 2, 3, 4, 8, 9, 10, 12, 16, 17, 18, 20, 40, 48, 49, 51, 66, 74, 75, 76, 80, 82, 87, 88, 94, 97, 98, 99, 100]
   Fitness: -6.5
     Total: 29
Violations: 50 23

Individual: [1, 4, 6, 8, 11, 17, 18, 22, 29, 34, 35, 38, 42, 43, 44, 57, 58, 59, 65, 66, 68, 71, 74, 75, 76, 81, 84, 93, 95, 96]
   Fitness: -11.0
     Total: 30
Violations: 56 22

Individual: [3, 4, 5, 9, 13, 15, 16, 20, 22, 24, 28, 34, 37, 44, 45, 48, 62, 64, 65, 67, 69, 73, 74, 76, 77, 87, 88, 92, 95, 96]
   Fitness: 1.0
     Total: 30
Violations: 44 21

Individual: [4, 5, 7, 11, 13, 16, 24, 28, 30, 32, 33, 34, 43, 46, 51, 54, 58, 60, 64, 66, 67, 72, 73, 87, 88, 90, 93, 95, 99, 100]
   Fitness: 0.0
     Total: 30
Violations: 45 21

Individual: [3, 5, 6, 10, 16, 18, 20, 21, 22, 25, 29, 31, 43, 47, 50, 53, 56, 57, 62, 66, 71, 76, 82, 85, 86, 90, 92]
   Fitness: -0.5
     Total: 27
Violations: 41 18

Individual: [1, 2, 3, 4, 7, 8, 9, 25, 26, 29, 32, 38, 47, 49, 51, 54, 57, 58, 71, 73, 74, 76, 77, 81, 83, 84, 86, 97, 99]
   Fitness: -2.5
     Total: 29
Violations: 46 23

Individual: [3, 6, 8, 9, 15, 16, 19, 29, 30, 31, 32, 33, 39, 40, 42, 43, 44, 48, 50, 71, 80, 83, 84, 90, 91, 96, 98, 99, 100]
   Fitness: 0.5
     Total: 29
Violations: 43 21
