10
100
10.5 3.305
11.0 8.33
12.0 9.21
12.5 9.725
13.0 10.38
13.0 10.57
13.0 10.605
13.0 10.87
13.0 10.99
13.0 11.04
13.0 11.11
13.0 10.98
13.0 11.3
13.0 11.545
13.0 11.235
13.0 11.46
13.0 11.55
13.0 11.16
13.0 11.19
13.0 11.23
13.0 11.395
13.0 11.69
13.0 11.76
13.0 11.2
13.0 11.48
13.0 11.14
13.0 11.46
13.0 11.57
13.0 11.97
13.0 11.635
13.0 11.745
13.0 11.545
13.0 11.245
13.0 11.615
13.0 11.55
13.0 11.455
13.0 11.73
13.0 11.49
13.0 11.53
13.0 11.41
13.0 11.845
13.0 11.66
13.0 11.48
13.0 11.62
13.0 11.46
13.0 11.615
13.0 11.19
13.0 11.6
13.0 11.625
13.0 11.725
13.0 11.82
13.0 11.42
13.0 11.58
13.0 11.575
13.0 11.725
13.0 11.415
13.0 11.55
13.0 11.415
13.0 11.24
13.0 11.225
13.0 11.63
13.0 11.355
13.0 11.48
13.0 11.58
13.0 11.77
13.0 11.715
13.0 11.565
13.0 11.715
13.0 11.61
13.0 11.54
13.0 11.37
13.0 11.39
13.0 11.135
13.0 11.555
13.0 11.58
13.0 11.4
13.0 11.57
13.0 11.755
13.0 11.745
13.0 11.2
13.0 11.525
13.0 11.24
13.0 11.755
13.0 11.38
13.0 11.6
13.0 11.59
13.0 11.47
13.0 11.075
13.0 11.5
13.0 11.095
13.0 11.02
13.0 11.375
13.0 11.235
13.0 11.335
13.0 11.31
13.0 11.635
13.0 11.525
13.5 11.66
13.5 11.95
13.5 11.455
100
10.0 3.43
11.0 7.735
12.0 8.19
12.0 8.64
12.0 9.165
12.5 9.835
13.0 10.175
13.0 10.36
13.0 10.705
13.0 11.3
13.0 11.26
13.0 11.39
13.0 11.755
13.0 11.745
13.0 11.235
13.0 11.58
13.0 11.375
13.0 11.135
13.0 11.62
13.0 11.435
13.0 11.63
13.0 11.075
13.5 11.265
13.5 11.165
13.5 11.34
13.5 11.04
13.5 11.22
13.5 11.315
13.5 11.245
13.5 11.275
13.5 11.51
13.5 11.895
13.5 11.635
13.5 11.585
13.5 11.66
13.5 11.72
13.5 11.865
13.5 11.595
13.5 12.065
13.5 12.03
13.5 12.025
13.5 11.895
13.5 11.775
13.5 11.825
13.5 11.845
13.5 11.53
13.5 11.935
13.5 12.205
13.5 12.03
13.5 12.0
13.5 11.755
13.5 11.935
13.5 11.89
13.5 11.815
13.5 11.965
13.5 11.645
13.5 11.76
13.5 11.89
13.5 11.81
13.5 11.955
13.5 11.885
13.5 11.95
13.5 11.54
13.5 11.825
13.5 11.565
13.5 11.575
13.5 11.59
13.5 11.73
13.5 11.985
13.5 11.56
13.5 11.6
13.5 11.93
13.5 11.78
13.5 11.85
13.5 11.79
13.5 11.6
13.5 11.755
13.5 12.085
13.5 11.61
13.5 11.76
13.5 11.95
13.5 11.74
13.5 11.795
13.5 11.645
13.5 11.71
13.5 12.245
13.5 11.905
13.5 11.785
13.5 11.765
13.5 11.78
13.5 11.815
13.5 11.715
13.5 12.09
13.5 11.595
13.5 11.665
13.5 11.995
13.5 11.93
13.5 12.195
13.5 11.865
13.5 12.06
100
10.5 4.05
11.5 7.745
12.0 8.5
12.0 9.11
12.5 9.49
12.5 10.4
13.0 10.65
13.0 10.765
13.0 11.125
13.0 10.94
13.0 11.32
13.0 10.935
13.0 11.055
13.0 11.375
13.0 11.51
13.0 11.4
13.0 11.625
13.0 11.46
13.0 11.235
13.0 11.275
13.0 11.65
13.0 11.665
13.0 11.66
13.0 11.405
13.0 11.565
13.0 11.445
13.0 11.575
13.0 11.58
13.0 11.415
13.0 11.545
13.0 11.55
13.0 11.615
13.0 11.46
13.0 11.355
13.0 11.005
13.0 11.485
13.0 11.305
13.0 11.485
13.0 11.43
13.0 11.41
13.0 11.47
13.0 11.7
13.0 11.035
13.0 11.265
13.0 11.53
13.0 11.34
13.0 11.255
13.0 11.775
13.0 11.67
13.0 11.44
13.0 11.58
13.0 11.305
13.0 11.44
13.0 11.735
13.0 11.1
13.0 11.345
13.0 11.655
13.0 11.31
13.0 11.41
13.0 11.52
13.0 11.72
13.0 11.26
13.0 11.18
13.0 11.425
13.0 11.37
13.0 10.945
13.0 11.34
13.0 11.14
13.0 11.305
13.0 11.32
13.0 11.625
13.0 11.28
13.5 11.585
13.5 11.375
13.5 11.165
13.5 11.33
13.5 11.6
13.5 11.49
13.5 11.49
13.5 11.84
13.5 11.575
13.5 11.82
13.5 11.76
13.5 12.09
13.5 11.94
13.5 11.82
13.5 11.41
13.5 11.945
13.5 11.89
13.5 11.695
13.5 11.875
13.5 11.985
13.5 11.965
13.5 11.91
13.5 12.135
13.5 11.815
13.5 12.155
13.5 11.98
13.5 11.725
13.5 11.56
100
10.5 4.02
11.0 7.705
12.0 8.545
12.0 8.94
13.0 9.365
13.0 10.065
13.0 10.42
13.0 10.655
13.0 10.93
13.0 11.18
13.5 11.445
13.5 11.425
13.5 11.675
13.5 11.48
13.5 11.08
13.5 11.145
13.5 10.98
13.5 11.24
13.5 11.48
13.5 11.63
13.5 11.74
13.5 11.62
13.5 11.75
13.5 11.745
13.5 12.085
13.5 12.16
13.5 11.785
13.5 11.885
13.5 11.845
13.5 11.7
13.5 11.855
13.5 11.96
13.5 11.75
13.5 11.895
13.5 11.705
13.5 12.15
13.5 11.795
13.5 11.625
13.5 11.78
13.5 11.465
13.5 11.905
13.5 11.655
13.5 11.915
13.5 11.865
13.5 11.715
13.5 11.61
13.5 11.935
13.5 11.705
13.5 11.58
13.5 11.65
13.5 11.8
13.5 11.72
13.5 11.54
13.5 11.85
13.5 11.845
13.5 11.745
13.5 11.635
13.5 11.715
13.5 11.755
13.5 11.88
13.5 11.79
13.5 11.635
13.5 11.47
13.5 11.77
13.5 11.685
13.5 11.83
13.5 12.005
13.5 12.075
13.5 11.86
13.5 11.825
13.5 11.755
13.5 11.9
13.5 11.605
13.5 11.72
13.5 11.59
13.5 11.76
13.5 11.36
13.5 11.735
13.5 11.875
13.5 12.02
13.5 12.035
13.5 11.76
13.5 11.78
13.5 11.715
13.5 11.755
13.5 11.815
13.5 11.86
13.5 11.5
13.5 11.785
13.5 11.68
13.5 11.88
13.5 11.845
13.5 12.1
13.5 11.91
13.5 11.6
13.5 12.03
13.5 11.71
13.5 11.745
13.5 11.725
13.5 11.645
100
10.0 3.47
10.5 7.235
11.0 8.25
11.5 8.895
12.0 9.445
12.0 9.46
12.0 9.565
13.0 9.92
13.0 9.92
13.0 10.04
13.0 10.29
13.0 10.765
13.0 10.695
13.0 10.67
13.0 10.76
13.0 10.665
13.0 11.195
13.0 11.325
13.0 11.33
13.0 11.485
13.0 11.265
13.0 11.87
13.0 11.105
13.0 11.455
13.0 11.29
13.0 10.73
13.0 11.26
13.0 11.06
13.0 10.99
13.0 11.295
13.0 11.33
13.0 11.515
13.0 11.595
13.0 11.39
13.0 11.355
13.0 11.245
13.0 11.02
13.0 11.34
13.0 11.09
13.0 11.115
13.0 11.325
13.0 11.135
13.0 11.355
13.0 11.475
13.0 11.455
13.0 11.36
13.0 11.305
13.0 11.56
13.0 11.67
13.0 11.635
13.0 11.21
13.0 11.585
13.0 11.39
13.0 10.975
13.0 11.33
13.0 11.31
13.0 11.32
13.0 11.27
13.0 11.57
13.0 11.015
13.0 11.47
13.0 11.14
13.0 11.365
13.0 11.485
13.0 11.34
13.0 11.16
13.0 11.07
13.0 11.485
13.0 11.295
13.0 11.545
13.0 11.605
13.0 11.45
13.0 11.19
13.0 11.375
13.0 11.17
13.0 11.155
13.0 11.285
13.0 11.44
13.0 11.4
13.0 11.585
13.0 11.69
13.0 11.04
13.0 11.305
13.0 11.4
13.0 11.17
13.0 11.54
13.0 11.275
13.0 11.385
13.0 10.865
13.0 11.29
13.0 11.195
13.0 11.515
13.0 11.485
13.0 11.435
13.0 11.11
13.0 11.535
13.0 11.38
13.0 11.475
13.0 11.445
13.0 11.48
100
11.0 4.34
11.5 7.57
12.0 8.345
12.5 9.1
12.5 9.42
13.0 10.105
13.0 10.27
13.0 10.485
13.5 10.675
13.5 11.095
13.5 10.885
13.5 11.225
13.5 11.345
13.5 11.195
13.5 11.155
13.5 11.58
13.5 11.895
13.5 11.66
13.5 11.76
13.5 11.645
13.5 11.75
13.5 12.19
13.5 11.425
13.5 11.745
13.5 11.42
13.5 11.34
13.5 11.815
13.5 12.065
13.5 12.0
13.5 12.305
13.5 11.705
13.5 11.915
13.5 11.585
13.5 11.815
13.5 11.43
13.5 11.94
13.5 11.84
13.5 11.975
13.5 11.695
13.5 11.74
13.5 11.655
13.5 11.335
13.5 11.725
13.5 11.75
13.5 12.12
13.5 11.715
13.5 11.775
13.5 11.9
13.5 11.775
13.5 11.545
13.5 11.86
13.5 11.76
13.5 11.81
13.5 11.82
13.5 11.585
13.5 11.755
13.5 11.885
13.5 11.835
13.5 12.085
13.5 12.04
13.5 11.685
13.5 11.915
13.5 11.665
13.5 11.705
13.5 11.68
13.5 11.875
13.5 11.895
13.5 11.71
13.5 11.62
13.5 11.39
13.5 11.905
13.5 11.865
13.5 11.745
13.5 11.67
13.5 11.885
13.5 11.845
13.5 11.865
13.5 12.03
13.5 11.57
13.5 11.78
13.5 11.68
13.5 11.8
13.5 11.555
13.5 11.715
13.5 11.54
13.5 11.985
13.5 11.84
13.5 11.74
13.5 11.72
13.5 11.59
13.5 11.7
13.5 11.635
13.5 11.87
13.5 11.94
13.5 12.005
13.5 11.79
13.5 11.48
13.5 11.92
13.5 11.865
13.5 11.6
100
10.5 3.91
11.0 7.8
11.5 8.34
13.0 8.7
13.0 9.74
13.0 9.645
13.0 10.245
13.0 10.635
13.0 10.945
13.0 11.145
13.0 11.63
13.0 11.285
13.0 11.6
13.0 11.53
13.0 11.63
13.0 11.585
13.0 10.865
13.0 11.195
13.0 11.52
13.0 11.14
13.0 11.485
13.0 11.57
13.0 11.765
13.0 11.53
13.0 11.35
13.0 11.31
13.0 11.195
13.0 11.36
13.0 11.395
13.0 10.995
13.0 11.465
13.0 11.365
13.0 11.485
13.0 11.21
13.0 11.5
13.0 11.385
13.0 11.52
13.0 11.285
13.0 11.325
13.0 10.86
13.0 11.39
13.0 11.575
13.0 11.57
13.0 11.35
13.0 11.12
13.0 11.495
13.0 11.585
13.0 11.35
13.0 11.55
13.0 11.61
13.0 11.43
13.0 11.265
13.0 11.53
13.0 11.365
13.0 11.69
13.0 11.555
13.0 11.715
13.0 11.42
13.0 11.29
13.0 11.35
13.0 11.295
13.0 11.62
13.0 11.4
13.0 11.775
13.0 11.8
13.0 11.585
13.0 11.53
13.0 11.83
13.0 11.61
13.0 11.755
13.0 11.335
13.0 11.6
13.0 11.395
13.0 11.645
13.0 11.645
13.0 11.56
13.0 11.515
13.0 11.67
13.0 11.255
13.0 11.6
13.0 11.01
13.0 11.755
13.0 11.61
13.0 11.265
13.0 11.595
13.0 11.045
13.0 11.605
13.0 11.535
13.0 11.405
13.0 11.36
13.0 11.16
13.0 11.205
13.0 11.335
13.0 11.315
13.0 11.52
13.0 11.125
13.0 11.215
13.0 11.635
13.0 11.445
13.0 11.335
100
11.5 3.77
12.5 8.025
13.0 8.875
13.0 9.445
13.0 10.355
13.0 10.38
13.0 10.715
13.0 11.49
13.0 11.36
13.0 11.07
13.0 11.375
13.0 11.06
13.0 11.24
13.0 11.39
13.0 11.47
13.0 11.265
13.0 11.14
13.0 11.125
13.0 11.45
13.0 11.31
13.0 10.81
13.0 11.11
13.0 11.225
13.0 11.615
13.0 11.57
13.0 11.165
13.0 11.33
13.0 11.52
13.0 11.04
13.0 11.415
13.0 11.215
13.0 11.465
13.0 11.24
13.0 11.29
13.0 11.455
13.0 11.08
13.0 11.55
13.0 11.09
13.0 11.29
13.0 11.31
13.0 11.28
13.0 10.865
13.0 11.23
13.0 11.645
13.0 11.17
13.0 11.03
13.0 11.375
13.0 11.335
13.0 10.82
13.0 11.04
13.0 11.275
13.0 11.38
13.0 11.15
13.0 10.945
13.0 11.605
13.0 11.43
13.0 11.255
13.0 11.48
13.0 11.355
13.0 11.29
13.0 11.405
13.0 11.25
13.0 11.27
13.0 11.17
13.0 10.82
13.0 10.93
13.0 11.37
13.0 11.365
13.0 11.635
13.0 11.275
13.0 11.525
13.0 11.32
13.0 11.22
13.0 11.465
13.0 11.51
13.0 11.0
13.0 11.55
13.0 11.525
13.0 11.11
13.0 11.485
13.0 11.285
13.0 10.815
13.0 11.44
13.0 11.19
13.0 11.15
13.0 11.175
13.0 11.37
13.0 10.97
13.0 11.08
13.0 11.28
13.0 11.1
13.0 11.07
13.0 11.345
13.0 11.45
13.0 11.295
13.0 11.3
13.0 11.47
13.0 11.245
13.0 11.16
13.0 11.46
100
10.0 3.515
11.0 7.315
11.0 8.42
12.5 8.955
12.5 9.34
12.5 9.675
12.5 10.25
12.5 10.245
12.5 10.77
12.5 11.07
12.5 10.89
12.5 11.2
12.5 11.315
12.5 11.21
12.5 10.89
12.5 10.97
12.5 10.725
12.5 10.81
12.5 10.99
12.5 11.04
12.5 10.94
12.5 11.135
12.5 11.095
12.5 11.15
12.5 10.98
12.5 10.92
12.5 11.43
12.5 10.895
12.5 11.005
12.5 10.81
12.5 10.85
12.5 10.82
12.5 11.155
12.5 10.805
12.5 10.71
12.5 10.525
12.5 10.89
12.5 11.16
12.5 10.78
12.5 10.905
12.5 10.945
12.5 10.635
12.5 10.765
12.5 10.92
12.5 10.725
12.5 10.87
12.5 10.945
12.5 11.145
12.5 10.875
12.5 11.17
12.5 10.865
12.5 11.2
12.5 11.23
12.5 10.955
12.5 11.24
12.5 11.18
12.5 11.0
12.5 10.945
12.5 10.895
12.5 10.805
12.5 10.835
12.5 10.89
12.5 10.835
12.5 10.33
12.5 10.815
12.5 11.04
12.5 10.61
12.5 11.175
12.5 11.26
12.5 11.14
12.5 11.02
12.5 10.91
12.5 10.82
12.5 10.645
12.5 10.935
12.5 11.19
12.5 10.695
12.5 10.655
12.5 10.92
12.5 10.835
12.5 11.085
12.5 10.64
12.5 10.71
12.5 10.7
12.5 10.865
12.5 10.73
12.5 10.62
12.5 10.92
12.5 10.8
12.5 10.89
12.5 11.025
12.5 11.29
12.5 10.97
12.5 11.015
12.5 11.365
12.5 11.08
12.5 11.2
12.5 11.055
12.5 11.25
12.5 10.98
100
10.5 3.015
11.5 7.565
12.0 8.485
12.5 9.2
12.5 9.13
12.5 9.77
12.5 10.45
12.5 10.6
12.5 10.74
12.5 10.785
13.0 10.44
13.0 11.165
13.0 10.42
13.0 10.995
13.0 11.08
13.0 10.69
13.0 10.99
13.0 10.7
13.0 10.48
13.0 10.82
13.0 10.88
13.0 10.875
13.0 11.145
13.0 11.06
13.0 11.09
13.0 11.025
13.0 11.195
13.0 11.29
13.0 10.645
13.0 11.475
13.0 11.145
13.0 11.32
13.0 11.395
13.0 11.34
13.0 11.59
13.0 11.485
13.0 11.145
13.0 11.305
13.0 11.22
13.0 11.24
13.0 10.98
13.0 11.115
13.0 11.57
13.0 11.285
13.0 10.54
13.0 10.755
13.0 10.92
13.0 11.25
13.0 11.415
13.0 11.18
13.0 11.56
13.0 11.135
13.0 10.855
13.0 11.37
13.0 11.33
13.0 11.285
13.0 11.3
13.0 11.54
13.0 11.675
13.0 11.305
13.0 11.405
13.0 11.165
13.0 11.02
13.0 11.285
13.0 11.48
13.0 11.26
13.0 11.495
13.0 11.16
13.0 11.045
13.0 11.21
13.0 11.615
13.0 11.685
13.0 11.265
13.0 11.35
13.0 11.62
13.0 11.515
13.0 11.285
13.0 11.62
13.0 11.565
13.0 11.185
13.0 11.38
13.0 11.075
13.0 11.38
13.0 11.485
13.0 11.05
13.0 11.31
13.0 11.405
13.0 11.495
13.0 11.14
13.0 11.53
13.0 11.295
13.0 11.2
13.0 11.165
13.0 11.205
13.0 11.43
13.0 10.99
13.0 11.105
13.0 11.095
13.0 11.255
13.0 11.325

Individual: [1, 3, 6, 7, 12, 14, 15, 19, 20]
   Fitness: 13.5
     Total: 9
Violations: 0 0

Individual: [1, 2, 6, 7, 9, 14, 15, 18, 20]
   Fitness: 13.5
     Total: 9
Violations: 0 0

Individual: [1, 3, 6, 7, 12, 14, 15, 19, 20]
   Fitness: 13.5
     Total: 9
Violations: 0 0

Individual: [1, 3, 6, 7, 12, 14, 15, 19, 20]
   Fitness: 13.5
     Total: 9
Violations: 0 0

Individual: [1, 2, 4, 5, 7, 14, 16, 17, 19, 20]
   Fitness: 13.0
     Total: 10
Violations: 2 2

Individual: [1, 2, 6, 7, 9, 14, 15, 18, 20]
   Fitness: 13.5
     Total: 9
Violations: 0 0

Individual: [1, 2, 4, 5, 8, 13, 16, 17, 19, 20]
   Fitness: 13.0
     Total: 10
Violations: 2 2

Individual: [1, 2, 4, 5, 10, 13, 14, 17, 19, 20]
   Fitness: 13.0
     Total: 10
Violations: 2 2

Individual: [2, 3, 6, 7, 8, 15, 16, 18, 19]
   Fitness: 12.5
     Total: 9
Violations: 1 1

Individual: [1, 2, 4, 5, 11, 13, 14, 16, 19, 20]
   Fitness: 13.0
     Total: 10
Violations: 2 2
