10
500
10.0 4.035
10.5 7.585
12.0 8.315
12.0 8.695
12.5 8.53
12.5 8.825
12.5 9.06
13.0 9.175
13.0 9.555
13.0 9.71
13.0 9.52
13.0 9.575
13.0 9.675
13.0 10.16
13.0 10.11
13.0 9.975
13.0 9.365
13.0 9.895
13.0 9.765
13.0 9.54
13.0 9.97
13.0 10.04
13.0 10.175
13.0 10.065
13.0 9.75
13.0 10.26
13.5 10.405
13.5 10.33
13.5 9.735
13.5 9.565
13.5 9.835
13.5 9.84
13.5 10.005
13.5 9.96
13.5 9.565
13.5 9.655
13.5 10.065
13.5 9.665
13.5 9.895
13.5 9.92
13.5 9.34
13.5 9.645
13.5 9.525
13.5 9.555
13.5 10.12
13.5 10.585
13.5 10.05
13.5 9.7
13.5 9.78
13.5 9.89
13.5 9.865
13.5 9.58
13.5 9.8
13.5 10.12
13.5 9.675
13.5 10.02
13.5 10.19
13.5 10.115
13.5 10.23
13.5 10.245
13.5 9.915
13.5 9.955
13.5 9.535
13.5 10.035
13.5 9.965
13.5 10.325
13.5 9.99
13.5 10.305
13.5 10.365
13.5 9.85
13.5 10.035
13.5 9.485
13.5 9.865
13.5 9.91
13.5 9.9
13.5 9.755
13.5 9.945
13.5 9.77
13.5 9.79
13.5 9.835
13.5 9.2
13.5 10.015
13.5 9.625
13.5 10.13
13.5 9.85
13.5 9.785
13.5 9.68
13.5 10.035
13.5 9.77
13.5 9.87
13.5 10.145
13.5 9.505
13.5 10.195
13.5 9.93
13.5 10.085
13.5 9.595
13.5 9.925
13.5 9.945
13.5 10.035
13.5 10.18
13.5 9.83
13.5 10.16
13.5 10.145
13.5 9.82
13.5 10.3
13.5 9.835
13.5 9.95
13.5 10.115
13.5 10.16
13.5 10.005
13.5 9.625
13.5 10.345
13.5 10.18
13.5 9.78
13.5 10.055
13.5 9.69
13.5 10.3
13.5 10.095
13.5 9.835
13.5 9.84
13.5 9.595
13.5 9.915
13.5 9.83
13.5 9.815
13.5 9.425
13.5 10.655
13.5 10.33
13.5 9.985
13.5 9.975
13.5 9.965
13.5 9.48
13.5 10.02
13.5 9.565
13.5 9.565
13.5 9.64
13.5 10.125
13.5 10.18
13.5 9.965
13.5 9.43
13.5 9.88
13.5 9.26
13.5 9.395
13.5 9.345
13.5 9.62
13.5 10.545
13.5 9.92
13.5 9.51
13.5 10.3
13.5 9.74
13.5 9.475
13.5 9.545
13.5 9.97
13.5 10.245
13.5 9.81
13.5 9.675
13.5 10.53
13.5 9.98
13.5 9.62
13.5 10.025
13.5 10.025
13.5 9.915
13.5 10.355
13.5 10.24
13.5 9.425
13.5 9.68
13.5 9.88
13.5 10.265
13.5 10.055
13.5 10.335
13.5 10.025
13.5 10.43
13.5 9.65
13.5 10.08
13.5 9.89
13.5 9.68
13.5 10.085
13.5 10.075
13.5 9.97
13.5 9.835
13.5 9.215
13.5 9.72
13.5 10.215
13.5 9.285
13.5 9.53
13.5 9.75
13.5 8.805
13.5 9.905
13.5 10.24
13.5 10.005
13.5 10.1
13.5 10.315
13.5 9.885
13.5 9.425
13.5 10.255
13.5 10.15
13.5 10.18
13.5 10.195
13.5 9.645
13.5 9.7
13.5 9.745
13.5 9.8
13.5 9.455
13.5 9.67
13.5 9.48
13.5 9.515
13.5 9.815
13.5 9.28
13.5 9.345
13.5 9.755
13.5 10.05
13.5 9.69
13.5 9.89
13.5 9.91
13.5 9.665
13.5 9.87
13.5 9.875
13.5 10.08
13.5 9.71
13.5 10.185
13.5 10.14
13.5 9.83
13.5 9.98
13.5 9.985
13.5 10.04
13.5 9.715
13.5 9.99
13.5 9.83
13.5 9.34
13.5 9.7
13.5 9.585
13.5 9.775
13.5 9.855
13.5 10.325
13.5 10.35
13.5 10.445
13.5 10.21
13.5 10.245
13.5 10.155
13.5 10.21
13.5 10.1
13.5 10.2
13.5 9.77
13.5 9.86
13.5 10.395
13.5 10.225
13.5 10.175
13.5 10.065
13.5 10.18
13.5 10.045
13.5 9.62
13.5 9.725
13.5 9.79
13.5 10.32
13.5 10.285
13.5 10.395
13.5 9.815
13.5 9.63
13.5 10.275
13.5 9.99
13.5 9.645
13.5 10.435
13.5 9.995
13.5 9.745
13.5 9.62
13.5 9.835
13.5 9.75
13.5 10.065
13.5 9.83
13.5 9.745
13.5 10.12
13.5 9.73
13.5 9.915
13.5 10.105
13.5 9.74
13.5 10.145
13.5 10.03
13.5 10.34
13.5 10.54
13.5 9.4
13.5 10.475
13.5 10.215
13.5 10.01
13.5 10.145
13.5 10.255
13.5 10.04
13.5 9.87
13.5 10.035
13.5 9.825
13.5 9.89
13.5 10.055
13.5 9.925
13.5 9.725
13.5 10.1
13.5 9.8
13.5 9.69
13.5 10.315
13.5 9.665
13.5 9.905
13.5 10.05
13.5 9.545
13.5 9.8
13.5 9.525
13.5 10.15
13.5 9.555
13.5 9.93
13.5 10.035
13.5 10.185
13.5 10.43
13.5 9.62
13.5 10.065
13.5 9.8
13.5 9.835
13.5 9.855
13.5 10.08
13.5 9.53
13.5 9.285
13.5 9.885
13.5 9.995
13.5 10.03
13.5 9.58
13.5 9.815
13.5 10.005
13.5 10.075
13.5 10.365
13.5 10.09
13.5 9.81
13.5 9.86
13.5 9.995
13.5 10.22
13.5 9.945
13.5 10.16
13.5 10.34
13.5 10.255
13.5 10.13
13.5 10.055
13.5 9.605
13.5 9.78
13.5 9.735
13.5 9.745
13.5 10.075
13.5 9.715
13.5 9.88
13.5 10.015
13.5 9.945
13.5 10.265
13.5 10.43
13.5 10.53
13.5 10.2
13.5 10.06
13.5 10.155
13.5 9.94
13.5 10.095
13.5 9.98
13.5 9.595
13.5 9.875
13.5 10.01
13.5 9.8
13.5 9.915
13.5 10.315
13.5 9.87
13.5 9.905
13.5 9.52
13.5 9.65
13.5 9.67
13.5 10.19
13.5 9.365
13.5 10.39
13.5 9.76
13.5 10.63
13.5 9.71
13.5 9.48
13.5 9.42
13.5 9.78
13.5 10.08
13.5 9.72
13.5 9.645
13.5 9.875
13.5 10.005
13.5 9.715
13.5 9.925
13.5 10.19
13.5 9.485
13.5 9.97
13.5 9.88
13.5 9.975
13.5 9.875
13.5 9.685
13.5 9.57
13.5 9.675
13.5 10.015
13.5 9.835
13.5 10.265
13.5 10.535
13.5 9.86
13.5 10.28
13.5 9.965
13.5 10.44
13.5 10.005
13.5 10.005
13.5 10.44
13.5 9.47
13.5 10.07
13.5 9.755
13.5 9.675
13.5 9.545
13.5 9.795
13.5 10.305
13.5 10.455
13.5 10.405
13.5 9.795
13.5 9.95
13.5 9.92
13.5 9.955
13.5 9.88
13.5 10.275
13.5 10.195
13.5 9.8
13.5 9.86
13.5 10.24
13.5 10.07
13.5 10.245
13.5 9.695
13.5 10.245
13.5 9.7
13.5 9.725
13.5 9.66
13.5 9.725
13.5 9.505
13.5 9.48
13.5 9.86
13.5 9.595
13.5 10.06
13.5 9.52
13.5 9.53
13.5 9.39
13.5 9.4
13.5 9.83
13.5 9.725
13.5 9.71
13.5 9.645
13.5 9.7
13.5 9.53
13.5 9.405
13.5 9.845
13.5 9.765
13.5 10.18
13.5 9.87
13.5 9.825
13.5 10.385
13.5 9.79
13.5 9.985
13.5 10.345
13.5 9.225
13.5 9.705
13.5 9.515
13.5 9.97
13.5 9.315
13.5 9.81
13.5 10.04
13.5 9.91
13.5 9.62
13.5 9.88
13.5 10.17
13.5 9.565
13.5 9.92
13.5 10.23
13.5 10.49
13.5 9.84
13.5 9.84
13.5 9.235
13.5 9.775
13.5 9.995
13.5 9.96
13.5 9.425
13.5 9.42
13.5 9.875
13.5 9.465
13.5 10.01
13.5 10.01
13.5 9.64
13.5 10.13
13.5 10.44
13.5 9.955
13.5 9.91
13.5 10.245
13.5 10.095
13.5 10.2
13.5 10.03
13.5 9.88
13.5 9.995
13.5 9.955
13.5 9.76
13.5 9.845
13.5 9.73
13.5 9.39
13.5 9.705
13.5 9.775
13.5 9.91
13.5 10.17
13.5 10.025
500
11.5 4.4
12.0 7.695
12.0 8.005
12.0 8.285
12.0 8.615
12.5 8.47
12.5 9.06
12.5 9.0
12.5 9.385
13.0 9.73
13.0 9.595
13.0 9.55
13.0 9.905
13.0 9.65
13.0 9.455
13.0 9.825
13.0 10.125
13.0 9.405
13.0 9.98
13.0 10.04
13.0 9.82
13.0 9.6
13.0 9.975
13.0 10.115
13.0 9.89
13.0 9.465
13.0 9.935
13.0 9.7
13.0 9.69
13.0 9.96
13.0 9.475
13.0 9.505
13.0 9.605
13.0 9.575
13.0 9.835
13.0 9.335
13.0 9.76
13.0 9.68
13.0 9.685
13.0 9.715
13.0 9.435
13.0 10.025
13.0 10.0
13.0 9.625
13.0 9.555
13.0 9.825
13.0 9.785
13.0 9.95
13.0 9.63
13.0 9.97
13.0 9.95
13.0 9.855
13.0 9.835
13.0 9.225
13.0 10.13
13.0 10.13
13.0 9.97
13.0 10.185
13.0 9.5
13.0 10.02
13.0 10.115
13.0 9.67
13.0 9.875
13.0 10.05
13.0 9.56
13.0 9.725
13.0 9.35
13.0 9.865
13.0 9.48
13.0 9.235
13.0 9.615
13.0 9.4
13.0 9.865
13.0 8.49
13.0 9.26
13.0 9.155
13.0 9.935
13.0 10.24
13.0 9.485
13.0 10.04
13.0 9.855
13.0 9.425
13.0 9.295
13.0 9.97
13.0 9.935
13.0 9.67
13.0 9.52
13.0 10.195
13.0 10.22
13.0 9.91
13.0 9.53
13.0 9.185
13.0 9.855
13.0 9.895
13.0 9.74
13.0 9.935
13.0 9.61
13.0 10.185
13.0 9.41
13.0 9.435
13.0 9.645
13.0 9.365
13.0 9.95
13.0 10.06
13.0 10.125
13.0 10.13
13.0 9.825
13.0 9.89
13.0 10.04
13.0 9.605
13.0 9.985
13.0 9.96
13.0 9.625
13.0 9.365
13.0 9.84
13.0 9.275
13.0 9.605
13.0 9.565
13.0 9.585
13.0 9.29
13.0 9.68
13.0 10.135
13.0 9.93
13.0 10.36
13.0 9.59
13.0 9.76
13.0 10.14
13.0 9.925
13.0 9.3
13.0 9.53
13.0 9.475
13.0 9.245
13.0 9.52
13.0 9.91
13.0 10.045
13.0 10.06
13.0 9.475
13.0 9.795
13.0 9.79
13.0 9.245
13.0 9.55
13.0 9.755
13.0 9.865
13.0 9.41
13.0 9.35
13.0 9.545
13.0 9.19
13.0 9.545
13.0 9.71
13.0 9.85
13.0 9.555
13.0 9.605
13.0 9.24
13.0 9.72
13.0 9.79
13.0 10.185
13.0 9.225
13.0 10.005
13.0 9.91
13.0 9.735
13.0 9.71
13.0 9.86
13.0 9.345
13.0 9.515
13.0 9.9
13.0 9.705
13.0 9.955
13.0 10.015
13.0 9.915
13.0 10.275
13.0 9.74
13.0 9.755
13.0 9.695
13.0 9.78
13.0 9.675
13.0 9.51
13.0 9.815
13.0 9.91
13.0 9.73
13.0 10.06
13.0 10.215
13.0 9.28
13.0 9.7
13.0 9.76
13.0 9.66
13.0 9.61
13.0 9.825
13.0 9.645
13.0 9.73
13.0 9.21
13.0 9.31
13.0 9.7
13.0 9.685
13.0 9.42
13.0 9.33
13.0 9.735
13.0 9.575
13.0 9.63
13.0 9.275
13.0 9.35
13.0 9.815
13.0 10.195
13.0 9.615
13.0 9.8
13.0 10.39
13.0 10.16
13.0 9.94
13.0 9.955
13.0 9.68
13.0 9.67
13.0 9.7
13.0 9.56
13.0 9.565
13.0 9.705
13.0 10.015
13.0 9.55
13.0 9.36
13.0 10.06
13.0 10.045
13.0 9.98
13.0 9.8
13.0 9.96
13.0 9.585
13.0 10.275
13.0 9.755
13.0 10.06
13.0 9.675
13.0 9.73
13.0 9.65
13.0 9.77
13.0 9.735
13.0 9.735
13.0 9.815
13.0 9.535
13.0 10.08
13.0 9.865
13.0 9.685
13.0 9.485
13.0 9.445
13.0 9.74
13.0 9.675
13.0 10.03
13.0 9.64
13.0 9.625
13.0 9.79
13.0 9.905
13.0 9.83
13.0 9.7
13.0 9.125
13.0 9.585
13.0 9.585
13.0 9.765
13.0 9.79
13.0 9.695
13.0 9.62
13.0 9.33
13.0 9.675
13.0 9.79
13.0 9.875
13.0 9.97
13.0 9.96
13.0 9.67
13.0 9.84
13.0 10.05
13.0 10.005
13.0 9.65
13.0 9.77
13.0 9.53
13.0 9.775
13.0 9.645
13.0 9.245
13.0 9.515
13.0 9.28
13.0 9.665
13.0 9.67
13.0 10.04
13.0 9.97
13.0 9.825
13.0 10.03
13.0 8.985
13.0 9.73
13.0 9.925
13.0 9.955
13.0 9.395
13.0 9.45
13.0 9.125
13.0 10.09
13.0 9.915
13.0 9.725
13.0 9.845
13.0 9.795
13.0 9.87
13.0 10.705
13.0 9.775
13.0 9.675
13.0 9.63
13.0 9.67
13.0 9.8
13.0 10.18
13.0 9.82
13.0 10.34
13.0 9.525
13.0 10.065
13.0 9.63
13.0 9.375
13.0 9.63
13.0 9.54
13.0 9.38
13.0 9.785
13.0 9.92
13.0 9.36
13.0 10.115
13.0 9.75
13.0 9.395
13.0 9.64
13.0 10.34
13.0 9.65
13.0 9.515
13.0 9.51
13.0 9.9
13.0 9.345
13.0 9.74
13.0 10.005
13.0 9.94
13.0 10.055
13.0 10.115
13.0 10.015
13.0 10.01
13.0 9.7
13.0 9.895
13.0 9.39
13.0 9.435
13.0 10.165
13.0 9.985
13.0 9.765
13.0 10.09
13.0 9.755
13.0 9.8
13.0 10.11
13.0 9.755
13.0 9.61
13.0 10.19
13.0 9.655
13.0 9.805
13.0 9.88
13.0 9.67
13.0 10.055
13.0 9.9
13.0 9.9
13.0 9.925
13.0 9.76
13.0 9.625
13.0 10.165
13.0 9.905
13.0 10.055
13.0 9.89
13.0 10.095
13.0 9.75
13.0 9.41
13.0 10.025
13.0 9.81
13.0 9.79
13.0 9.635
13.0 9.35
13.0 9.99
13.0 9.46
13.0 9.56
13.0 9.585
13.0 9.62
13.0 9.365
13.0 9.565
13.0 9.815
13.0 9.525
13.0 9.655
13.0 9.48
13.0 9.5
13.0 9.505
13.0 9.715
13.0 9.54
13.0 9.805
13.0 9.52
13.0 9.225
13.0 9.04
13.0 9.37
13.0 9.515
13.0 9.33
13.0 9.815
13.0 10.015
13.0 9.54
13.0 10.01
13.0 9.59
13.0 9.62
13.0 9.67
13.0 9.955
13.0 9.84
13.0 9.925
13.0 10.44
13.0 9.99
13.0 9.95
13.0 9.8
13.0 9.825
13.0 9.41
13.0 10.25
13.0 10.125
13.0 9.945
13.0 10.13
13.0 9.7
13.0 10.11
13.0 9.875
13.0 9.8
13.0 9.55
13.0 9.195
13.0 9.625
13.0 9.85
13.0 9.46
13.0 9.71
13.0 9.275
13.0 9.535
13.0 9.655
13.0 9.515
13.0 10.08
13.0 9.67
13.0 9.905
13.0 10.31
13.0 9.82
13.0 9.865
13.0 10.065
13.0 10.03
13.0 9.475
13.0 9.825
13.0 9.45
13.0 9.645
13.0 10.02
13.0 9.54
13.0 9.435
13.0 9.88
13.0 10.16
13.0 10.005
13.0 9.29
13.0 10.015
13.0 10.085
13.0 9.63
13.0 9.725
13.0 9.57
13.0 9.9
13.0 9.575
13.0 9.18
13.0 9.605
13.0 9.45
13.0 9.455
13.0 9.07
13.0 9.86
13.0 9.495
13.0 9.55
13.0 9.61
13.0 10.03
13.0 9.69
13.0 9.46
13.0 9.855
13.0 9.91
13.0 9.925
13.0 9.75
13.0 9.28
13.0 9.975
13.0 9.95
13.0 9.775
13.0 9.625
13.0 9.99
13.0 9.75
13.0 9.035
13.0 9.64
13.0 9.28
13.0 9.97
13.0 10.03
13.0 9.655
13.0 9.5
13.0 9.87
13.0 9.795
13.0 9.815
13.0 10.135
13.0 9.05
13.0 9.845
13.0 9.715
13.0 10.12
13.0 10.02
13.0 9.49
13.0 9.78
13.0 9.665
13.0 9.19
13.0 9.5
13.0 10.13
13.0 9.905
13.0 10.03
13.0 9.69
13.0 9.66
13.0 9.79
13.0 10.015
13.0 9.115
13.0 9.555
13.0 9.92
500
11.0 3.885
11.5 7.78
12.0 8.46
12.5 8.805
12.5 8.635
12.5 8.605
13.0 8.905
13.0 9.785
13.0 10.22
13.0 9.76
13.0 9.805
13.0 9.38
13.0 9.345
13.0 9.635
13.0 9.82
13.0 9.715
13.0 10.005
13.0 9.54
13.0 9.355
13.0 9.59
13.0 9.32
13.0 9.545
13.0 9.35
13.0 9.95
13.0 9.675
13.0 10.255
13.0 9.845
13.0 9.805
13.0 9.58
13.0 9.185
13.0 9.605
13.0 9.09
13.0 9.4
13.0 9.33
13.0 9.66
13.0 10.115
13.0 10.06
13.0 9.495
13.0 9.595
13.0 9.655
13.0 9.435
13.0 9.265
13.0 9.615
13.0 9.95
13.0 10.14
13.0 9.675
13.0 9.78
13.0 9.97
13.0 9.61
13.0 10.055
13.0 9.53
13.0 10.115
13.0 9.885
13.0 10.01
13.0 9.48
13.0 8.81
13.0 8.875
13.0 9.23
13.0 9.13
13.0 9.6
13.0 9.925
13.0 9.59
13.0 9.54
13.0 9.735
13.0 9.7
13.0 9.82
13.0 9.395
13.0 9.615
13.0 9.83
13.0 9.745
13.0 10.22
13.0 9.99
13.0 8.985
13.0 10.075
13.0 9.84
13.0 9.81
13.0 9.54
13.0 9.675
13.0 9.515
13.0 9.475
13.0 9.845
13.0 9.52
13.0 9.475
13.0 9.26
13.0 9.4
13.0 9.51
13.0 9.51
13.0 9.735
13.0 9.865
13.0 10.115
13.0 10.08
13.0 9.91
13.0 9.94
13.0 9.78
13.0 9.83
13.0 9.8
13.0 9.425
13.0 9.13
13.0 9.875
13.0 9.65
13.0 9.72
13.0 9.395
13.0 10.065
13.0 9.385
13.0 9.765
13.0 9.81
13.0 9.56
13.0 9.64
13.0 9.6
13.0 9.315
13.0 9.01
13.0 9.34
13.0 9.49
13.0 9.595
13.0 9.55
13.0 9.67
13.0 9.63
13.0 9.35
13.0 9.235
13.0 9.94
13.0 9.815
13.0 9.605
13.0 9.875
13.0 9.695
13.0 9.425
13.0 9.985
13.0 9.82
13.0 9.535
13.0 9.61
13.0 9.875
13.0 9.775
13.0 9.715
13.0 10.03
13.0 9.79
13.0 9.73
13.0 9.34
13.0 9.7
13.0 9.77
13.0 10.085
13.0 9.635
13.0 9.775
13.0 9.41
13.0 10.005
13.0 9.645
13.0 9.26
13.0 9.57
13.0 9.88
13.0 9.68
13.0 9.72
13.0 10.165
13.0 8.57
13.0 9.5
13.0 9.64
13.0 9.65
13.0 9.83
13.0 10.025
13.0 10.16
13.0 10.035
13.0 9.4
13.0 9.64
13.0 9.31
13.0 9.43
13.0 9.22
13.0 9.685
13.0 9.245
13.0 9.435
13.0 9.78
13.0 10.095
13.0 9.57
13.0 9.485
13.0 9.23
13.0 9.43
13.0 9.88
13.0 9.585
13.0 9.265
13.0 9.725
13.0 9.935
13.0 9.39
13.0 10.06
13.0 9.88
13.0 9.675
13.0 8.75
13.0 8.99
13.0 9.81
13.0 9.245
13.0 9.295
13.0 9.25
13.0 9.515
13.0 9.82
13.0 9.87
13.0 9.915
13.0 9.74
13.0 10.185
13.0 9.785
13.0 9.875
13.0 9.345
13.0 9.925
13.0 9.685
13.0 9.51
13.0 9.895
13.0 9.78
13.0 9.55
13.0 9.38
13.0 9.84
13.0 9.53
13.0 9.695
13.0 9.98
13.0 10.05
13.0 10.31
13.0 9.96
13.0 9.565
13.0 9.745
13.0 10.14
13.0 9.895
13.0 9.91
13.0 9.72
13.0 9.625
13.0 9.555
13.0 9.61
13.0 9.97
13.0 9.815
13.0 9.825
13.0 9.695
13.0 9.9
13.0 9.59
13.0 9.945
13.0 9.475
13.0 9.565
13.0 9.48
13.0 9.845
13.0 9.63
13.0 10.265
13.0 9.745
13.0 9.8
13.0 9.43
13.0 9.645
13.0 9.79
13.0 9.555
13.0 9.97
13.0 9.58
13.0 9.92
13.0 10.095
13.0 9.62
13.0 9.61
13.0 9.88
13.0 9.845
13.0 9.83
13.0 9.51
13.0 9.92
13.0 9.8
13.0 10.145
13.0 9.565
13.0 9.885
13.0 9.83
13.0 9.54
13.0 9.715
13.0 9.525
13.0 9.395
13.0 9.745
13.0 9.85
13.0 9.79
13.0 9.52
13.0 9.775
13.0 9.505
13.0 9.96
13.0 9.345
13.0 10.04
13.0 9.41
13.0 9.26
13.0 9.605
13.0 9.41
13.0 9.255
13.0 9.15
13.0 9.675
13.0 10.3
13.0 10.025
13.0 9.17
13.0 9.71
13.0 9.975
13.0 9.395
13.0 10.06
13.0 9.56
13.0 9.885
13.0 9.91
13.0 9.835
13.0 9.81
13.0 9.74
13.0 9.7
13.0 9.245
13.0 9.9
13.0 9.795
13.0 9.965
13.0 10.02
13.0 10.075
13.0 10.025
13.0 9.675
13.0 9.355
13.0 9.225
13.0 9.565
13.0 9.715
13.0 9.79
13.0 9.195
13.0 9.27
13.0 9.84
13.0 9.325
13.0 9.72
13.0 9.83
13.0 10.135
13.0 9.845
13.0 9.25
13.0 9.11
13.0 9.825
13.0 9.32
13.0 9.245
13.0 9.885
13.0 9.875
13.0 9.315
13.0 9.42
13.0 9.75
13.0 9.165
13.0 9.25
13.0 9.08
13.0 8.99
13.0 9.08
13.0 9.88
13.0 9.555
13.0 9.71
13.0 9.95
13.0 9.55
13.0 9.4
13.0 9.295
13.0 9.62
13.0 9.775
13.0 9.325
13.0 9.26
13.0 10.0
13.0 9.71
13.0 9.18
13.0 10.005
13.0 9.98
13.0 9.38
13.0 9.565
13.0 10.085
13.0 9.55
13.0 9.635
13.0 9.34
13.0 9.555
13.0 9.525
13.0 9.38
13.0 9.43
13.0 9.755
13.0 10.215
13.0 9.445
13.0 9.465
13.0 9.44
13.0 9.605
13.0 9.735
13.0 9.71
13.0 9.355
13.0 9.125
13.0 9.71
13.0 10.285
13.0 9.525
13.0 9.775
13.0 9.65
13.0 9.465
13.0 9.055
13.0 9.43
13.0 9.67
13.0 9.255
13.0 9.65
13.0 9.38
13.0 10.095
13.0 9.385
13.0 9.53
13.0 9.775
13.0 9.515
13.0 9.425
13.0 9.14
13.0 9.985
13.0 9.42
13.0 8.975
13.0 9.75
13.0 9.47
13.0 9.745
13.0 9.575
13.0 9.195
13.0 9.59
13.0 10.045
13.0 9.32
13.0 9.38
13.0 9.49
13.0 9.505
13.0 9.345
13.0 9.555
13.0 9.625
13.0 9.705
13.0 9.425
13.0 9.28
13.0 9.425
13.0 9.795
13.0 10.015
13.0 9.8
13.0 9.885
13.0 10.005
13.0 9.575
13.0 9.85
13.0 10.0
13.0 9.445
13.0 9.665
13.0 9.59
13.0 9.63
13.0 9.585
13.0 9.545
13.0 9.74
13.0 9.785
13.0 10.09
13.0 9.685
13.0 9.225
13.0 9.135
13.0 9.24
13.0 8.99
13.0 10.035
13.0 9.485
13.0 9.735
13.0 9.8
13.0 9.565
13.0 9.835
13.0 9.71
13.0 10.085
13.0 10.175
13.0 9.24
13.0 9.275
13.0 9.705
13.0 9.74
13.0 9.775
13.0 8.715
13.0 9.355
13.0 9.495
13.0 9.685
13.0 9.655
13.0 9.495
13.0 9.32
13.0 9.815
13.0 9.525
13.0 9.455
13.0 9.8
13.0 9.51
13.0 10.265
13.0 9.22
13.0 9.025
13.0 9.76
13.0 9.725
13.0 9.43
13.0 9.52
13.0 9.81
13.0 9.31
13.0 9.815
13.0 9.67
13.0 9.555
13.0 9.445
13.0 9.48
13.0 9.215
13.0 9.675
13.0 10.015
13.0 9.94
13.0 9.755
13.0 9.51
13.0 9.895
13.0 9.02
13.0 9.435
13.0 9.805
13.0 9.54
13.0 8.955
13.0 9.435
13.0 9.66
13.0 9.265
13.0 9.295
13.0 9.705
13.0 9.71
13.0 9.64
13.0 9.68
13.0 9.685
13.0 9.79
13.0 9.065
13.0 9.61
13.0 9.67
13.0 9.505
13.0 9.385
13.0 9.215
13.0 9.55
13.0 9.76
13.0 9.815
13.0 9.845
13.0 9.395
13.0 10.19
13.0 9.945
13.0 9.705
13.0 9.435
13.0 10.165
500
10.0 3.45
11.5 7.35
11.5 7.65
12.5 8.325
13.0 8.755
13.0 9.79
13.0 9.605
13.0 9.395
13.0 9.14
13.0 9.64
13.0 9.505
13.0 9.705
13.0 9.84
13.0 9.765
13.0 10.125
13.0 9.175
13.0 9.87
13.0 9.675
13.0 9.755
13.0 10.005
13.0 10.09
13.0 10.485
13.0 9.38
13.0 10.1
13.0 9.57
13.0 9.645
13.0 9.685
13.0 9.555
13.0 9.97
13.0 9.755
13.0 9.495
13.0 10.015
13.0 10.035
13.0 10.31
13.0 9.925
13.0 10.205
13.0 9.915
13.0 10.375
13.0 9.675
13.0 9.84
13.0 9.885
13.0 9.915
13.0 9.59
13.0 9.88
13.0 9.84
13.0 10.29
13.0 10.165
13.0 9.875
13.0 9.895
13.0 10.235
13.0 10.17
13.0 9.965
13.0 9.83
13.0 10.22
13.0 10.18
13.0 10.065
13.0 10.185
13.0 9.97
13.0 9.735
13.0 9.99
13.0 9.835
13.0 9.67
13.0 10.08
13.0 9.965
13.0 10.005
13.0 9.88
13.0 9.565
13.0 9.68
13.0 9.79
13.0 9.59
13.0 10.4
13.0 9.65
13.0 10.235
13.0 10.175
13.0 10.155
13.0 9.85
13.0 10.29
13.0 10.005
13.0 10.405
13.0 10.26
13.0 9.98
13.0 9.715
13.0 9.765
13.0 9.625
13.0 9.725
13.0 9.95
13.0 9.3
13.0 9.74
13.0 9.845
13.0 9.83
13.0 9.995
13.0 9.265
13.5 9.65
13.5 10.01
13.5 9.9
13.5 9.785
13.5 9.63
13.5 9.595
13.5 9.985
13.5 10.03
13.5 9.87
13.5 9.46
13.5 9.255
13.5 9.06
13.5 9.23
13.5 9.74
13.5 9.855
13.5 9.65
13.5 9.77
13.5 10.055
13.5 9.77
13.5 9.725
13.5 9.92
13.5 9.87
13.5 9.49
13.5 9.72
13.5 9.585
13.5 9.775
13.5 9.76
13.5 9.85
13.5 9.685
13.5 10.06
13.5 9.365
13.5 9.705
13.5 9.62
13.5 9.37
13.5 10.11
13.5 9.18
13.5 9.955
13.5 9.325
13.5 10.03
13.5 9.45
13.5 9.865
13.5 9.825
13.5 9.775
13.5 9.87
13.5 10.025
13.5 10.22
13.5 9.765
13.5 9.655
13.5 9.96
13.5 10.22
13.5 9.635
13.5 9.8
13.5 9.215
13.5 9.815
13.5 10.445
13.5 9.985
13.5 9.615
13.5 9.6
13.5 9.78
13.5 9.87
13.5 10.175
13.5 9.725
13.5 9.725
13.5 9.43
13.5 9.72
13.5 9.515
13.5 10.06
13.5 9.585
13.5 9.5
13.5 9.5
13.5 9.325
13.5 9.115
13.5 9.555
13.5 9.575
13.5 10.145
13.5 10.115
13.5 9.935
13.5 10.02
13.5 10.06
13.5 9.52
13.5 9.72
13.5 9.68
13.5 10.055
13.5 9.735
13.5 10.025
13.5 9.94
13.5 9.93
13.5 9.895
13.5 9.955
13.5 9.83
13.5 9.805
13.5 10.03
13.5 10.06
13.5 9.7
13.5 9.76
13.5 10.15
13.5 9.755
13.5 9.78
13.5 9.88
13.5 9.905
13.5 9.68
13.5 9.785
13.5 9.47
13.5 9.4
13.5 9.705
13.5 9.705
13.5 9.915
13.5 9.255
13.5 9.21
13.5 9.07
13.5 9.545
13.5 9.935
13.5 10.05
13.5 9.745
13.5 9.83
13.5 10.17
13.5 9.795
13.5 9.98
13.5 9.855
13.5 9.775
13.5 9.545
13.5 10.195
13.5 9.575
13.5 9.955
13.5 10.07
13.5 9.885
13.5 9.735
13.5 9.505
13.5 9.42
13.5 9.145
13.5 9.735
13.5 9.675
13.5 10.055
13.5 9.76
13.5 9.81
13.5 9.665
13.5 9.075
13.5 9.555
13.5 9.79
13.5 9.895
13.5 9.87
13.5 9.59
13.5 9.42
13.5 9.62
13.5 10.035
13.5 9.95
13.5 9.86
13.5 9.69
13.5 9.47
13.5 9.67
13.5 9.55
13.5 9.715
13.5 9.96
13.5 9.56
13.5 9.5
13.5 9.62
13.5 9.29
13.5 10.02
13.5 9.91
13.5 9.835
13.5 10.02
13.5 9.615
13.5 9.905
13.5 9.945
13.5 10.035
13.5 10.33
13.5 9.555
13.5 10.19
13.5 9.31
13.5 9.96
13.5 9.955
13.5 9.73
13.5 10.11
13.5 10.085
13.5 9.965
13.5 9.36
13.5 9.365
13.5 9.44
13.5 9.255
13.5 9.025
13.5 9.41
13.5 10.045
13.5 9.75
13.5 9.635
13.5 9.455
13.5 9.16
13.5 9.55
13.5 9.67
13.5 9.73
13.5 9.915
13.5 9.56
13.5 9.34
13.5 9.465
13.5 9.785
13.5 9.29
13.5 9.745
13.5 9.585
13.5 9.68
13.5 9.66
13.5 10.06
13.5 9.765
13.5 9.475
13.5 9.34
13.5 9.95
13.5 9.905
13.5 9.615
13.5 9.86
13.5 9.765
13.5 10.38
13.5 9.935
13.5 10.28
13.5 9.9
13.5 10.03
13.5 9.915
13.5 9.71
13.5 9.595
13.5 9.89
13.5 9.37
13.5 9.37
13.5 9.295
13.5 9.835
13.5 9.62
13.5 9.455
13.5 9.665
13.5 9.885
13.5 9.87
13.5 9.775
13.5 9.875
13.5 10.11
13.5 9.92
13.5 9.705
13.5 9.88
13.5 9.845
13.5 10.25
13.5 9.76
13.5 9.895
13.5 9.665
13.5 9.605
13.5 10.265
13.5 10.22
13.5 9.81
13.5 9.535
13.5 9.45
13.5 9.435
13.5 9.795
13.5 9.825
13.5 9.415
13.5 9.59
13.5 9.37
13.5 9.55
13.5 9.46
13.5 10.0
13.5 9.815
13.5 9.73
13.5 9.94
13.5 9.715
13.5 9.715
13.5 9.705
13.5 9.405
13.5 9.79
13.5 9.945
13.5 10.09
13.5 10.11
13.5 9.835
13.5 9.935
13.5 9.94
13.5 9.725
13.5 9.64
13.5 9.635
13.5 9.38
13.5 9.9
13.5 9.41
13.5 9.155
13.5 9.265
13.5 8.885
13.5 9.31
13.5 9.23
13.5 9.76
13.5 9.225
13.5 9.85
13.5 9.93
13.5 9.96
13.5 9.755
13.5 9.65
13.5 9.63
13.5 9.415
13.5 9.615
13.5 9.57
13.5 9.7
13.5 9.7
13.5 9.975
13.5 9.88
13.5 10.34
13.5 9.965
13.5 9.01
13.5 9.235
13.5 9.395
13.5 9.995
13.5 9.715
13.5 10.02
13.5 10.02
13.5 9.475
13.5 9.645
13.5 10.33
13.5 9.92
13.5 9.995
13.5 9.54
13.5 10.09
13.5 9.865
13.5 10.105
13.5 9.77
13.5 9.82
13.5 9.69
13.5 9.85
13.5 9.685
13.5 9.995
13.5 9.58
13.5 9.855
13.5 9.52
13.5 9.765
13.5 9.735
13.5 10.18
13.5 9.775
13.5 9.82
13.5 9.84
13.5 9.83
13.5 9.19
13.5 9.77
13.5 9.84
13.5 10.015
13.5 9.915
13.5 10.01
13.5 9.715
13.5 9.615
13.5 9.515
13.5 9.265
13.5 9.64
13.5 9.27
13.5 9.675
13.5 9.585
13.5 9.73
13.5 10.06
13.5 9.41
13.5 9.92
13.5 9.955
13.5 9.845
13.5 9.91
13.5 9.325
13.5 10.155
13.5 9.82
13.5 9.76
13.5 9.9
13.5 9.77
13.5 9.45
13.5 9.695
13.5 9.675
13.5 9.42
13.5 9.535
13.5 9.595
13.5 9.71
13.5 9.43
13.5 9.44
13.5 9.84
13.5 9.59
13.5 9.62
13.5 9.41
13.5 9.895
13.5 10.02
13.5 9.745
13.5 9.77
13.5 9.1
13.5 9.77
13.5 10.0
13.5 9.225
13.5 9.71
13.5 9.93
13.5 9.575
13.5 9.53
13.5 9.97
13.5 10.03
13.5 9.18
13.5 9.495
13.5 9.71
13.5 9.895
13.5 10.17
13.5 9.985
13.5 9.45
13.5 9.535
13.5 9.915
13.5 9.865
13.5 10.165
13.5 10.015
13.5 10.015
13.5 10.015
13.5 9.895
13.5 9.96
13.5 10.025
13.5 9.865
13.5 9.97
13.5 9.66
13.5 9.995
13.5 9.79
13.5 9.665
13.5 10.07
13.5 9.9
13.5 9.96
13.5 9.605
13.5 9.325
500
11.5 3.225
11.5 7.39
11.5 8.08
11.5 8.01
12.5 8.69
12.5 8.275
12.5 8.465
12.5 8.445
12.5 8.74
12.5 8.835
12.5 9.16
12.5 9.275
12.5 9.29
12.5 8.99
12.5 9.025
12.5 9.285
12.5 9.155
12.5 9.505
12.5 9.39
12.5 9.885
12.5 8.975
12.5 9.555
13.0 9.595
13.0 10.085
13.0 9.67
13.0 9.945
13.0 10.495
13.0 9.45
13.0 9.75
13.0 10.12
13.0 10.13
13.0 10.005
13.0 9.69
13.0 9.78
13.0 9.87
13.0 9.67
13.0 9.695
13.5 9.68
13.5 9.865
13.5 9.9
13.5 9.825
13.5 9.85
13.5 9.87
13.5 10.035
13.5 9.99
13.5 10.11
13.5 10.025
13.5 9.845
13.5 9.61
13.5 9.36
13.5 9.155
13.5 9.51
13.5 10.08
13.5 9.96
13.5 9.865
13.5 9.925
13.5 9.74
13.5 9.875
13.5 9.21
13.5 10.34
13.5 10.24
13.5 10.17
13.5 10.07
13.5 10.465
13.5 10.065
13.5 9.785
13.5 9.985
13.5 10.245
13.5 9.95
13.5 9.955
13.5 9.72
13.5 9.63
13.5 10.045
13.5 9.95
13.5 9.855
13.5 9.81
13.5 9.85
13.5 9.695
13.5 9.925
13.5 10.005
13.5 9.995
13.5 9.86
13.5 10.08
13.5 9.88
13.5 9.625
13.5 9.99
13.5 10.15
13.5 10.6
13.5 10.46
13.5 10.39
13.5 9.695
13.5 9.325
13.5 9.9
13.5 10.26
13.5 9.78
13.5 9.91
13.5 9.705
13.5 10.015
13.5 9.37
13.5 9.465
13.5 10.32
13.5 9.88
13.5 10.25
13.5 10.185
13.5 9.8
13.5 9.615
13.5 9.775
13.5 9.975
13.5 10.04
13.5 9.755
13.5 9.835
13.5 10.18
13.5 10.55
13.5 9.825
13.5 10.04
13.5 10.09
13.5 10.275
13.5 9.945
13.5 9.86
13.5 9.895
13.5 9.76
13.5 9.265
13.5 9.83
13.5 10.23
13.5 10.12
13.5 10.37
13.5 10.205
13.5 10.255
13.5 10.21
13.5 9.725
13.5 9.235
13.5 10.085
13.5 9.745
13.5 10.045
13.5 9.835
13.5 9.725
13.5 9.745
13.5 10.0
13.5 9.995
13.5 10.34
13.5 9.665
13.5 10.1
13.5 9.845
13.5 9.865
13.5 9.92
13.5 10.275
13.5 9.84
13.5 10.06
13.5 9.675
13.5 9.71
13.5 9.775
13.5 10.025
13.5 10.25
13.5 10.115
13.5 9.915
13.5 10.09
13.5 9.96
13.5 10.085
13.5 10.245
13.5 9.725
13.5 9.805
13.5 9.905
13.5 10.34
13.5 10.055
13.5 10.035
13.5 9.86
13.5 9.79
13.5 9.9
13.5 9.52
13.5 10.48
13.5 9.685
13.5 9.98
13.5 10.08
13.5 10.205
13.5 9.63
13.5 10.075
13.5 9.98
13.5 10.12
13.5 9.455
13.5 9.35
13.5 9.82
13.5 9.755
13.5 9.81
13.5 9.96
13.5 9.905
13.5 9.76
13.5 10.25
13.5 9.84
13.5 9.565
13.5 9.98
13.5 9.9
13.5 10.09
13.5 9.955
13.5 9.92
13.5 9.61
13.5 9.54
13.5 10.11
13.5 10.23
13.5 10.23
13.5 10.575
13.5 10.33
13.5 10.115
13.5 9.815
13.5 10.06
13.5 9.86
13.5 9.84
13.5 10.345
13.5 10.065
13.5 10.255
13.5 9.635
13.5 9.71
13.5 9.77
13.5 9.865
13.5 10.455
13.5 9.895
13.5 10.02
13.5 10.6
13.5 10.21
13.5 9.95
13.5 10.005
13.5 9.97
13.5 10.0
13.5 10.18
13.5 9.68
13.5 9.65
13.5 10.055
13.5 10.395
13.5 10.52
13.5 10.05
13.5 9.82
13.5 10.285
13.5 10.02
13.5 9.94
13.5 9.645
13.5 10.195
13.5 9.93
13.5 9.79
13.5 9.935
13.5 9.725
13.5 9.93
13.5 9.935
13.5 9.565
13.5 9.825
13.5 9.805
13.5 10.21
13.5 9.735
13.5 10.135
13.5 10.215
13.5 10.115
13.5 9.33
13.5 9.985
13.5 9.95
13.5 9.895
13.5 9.815
13.5 10.115
13.5 10.285
13.5 9.66
13.5 9.97
13.5 10.11
13.5 10.33
13.5 9.99
13.5 9.82
13.5 9.795
13.5 9.57
13.5 9.9
13.5 9.825
13.5 10.27
13.5 10.48
13.5 10.16
13.5 10.345
13.5 10.245
13.5 10.215
13.5 10.155
13.5 9.5
13.5 9.875
13.5 9.74
13.5 10.25
13.5 9.99
13.5 9.94
13.5 10.045
13.5 10.105
13.5 9.96
13.5 9.74
13.5 9.385
13.5 10.02
13.5 10.35
13.5 9.47
13.5 9.975
13.5 10.185
13.5 10.17
13.5 9.805
13.5 9.775
13.5 9.91
13.5 10.15
13.5 9.94
13.5 10.255
13.5 10.005
13.5 10.14
13.5 9.32
13.5 9.81
13.5 9.33
13.5 10.18
13.5 9.8
13.5 10.195
13.5 10.19
13.5 9.715
13.5 10.185
13.5 10.11
13.5 9.88
13.5 9.88
13.5 9.985
13.5 9.61
13.5 9.335
13.5 9.98
13.5 10.345
13.5 10.075
13.5 10.3
13.5 10.18
13.5 10.005
13.5 10.17
13.5 10.23
13.5 10.03
13.5 9.73
13.5 10.155
13.5 9.965
13.5 10.02
13.5 10.135
13.5 10.085
13.5 10.455
13.5 10.555
13.5 10.465
13.5 9.91
13.5 9.905
13.5 9.87
13.5 9.81
13.5 9.63
13.5 9.68
13.5 9.63
13.5 9.69
13.5 9.615
13.5 10.16
13.5 10.075
13.5 9.225
13.5 9.86
13.5 9.63
13.5 9.895
13.5 10.05
13.5 9.98
13.5 10.07
13.5 9.64
13.5 9.69
13.5 9.665
13.5 9.825
13.5 10.18
13.5 9.56
13.5 9.7
13.5 9.485
13.5 10.17
13.5 9.845
13.5 10.105
13.5 10.1
13.5 10.215
13.5 9.945
13.5 9.405
13.5 10.27
13.5 10.16
13.5 10.255
13.5 10.025
13.5 9.91
13.5 10.135
13.5 9.96
13.5 9.86
13.5 10.1
13.5 10.04
13.5 10.09
13.5 9.99
13.5 9.46
13.5 9.94
13.5 10.055
13.5 10.145
13.5 10.335
13.5 10.1
13.5 10.59
13.5 9.945
13.5 9.83
13.5 10.125
13.5 10.23
13.5 10.195
13.5 10.255
13.5 10.335
13.5 10.08
13.5 9.87
13.5 9.82
13.5 10.145
13.5 10.73
13.5 10.27
13.5 10.19
13.5 10.07
13.5 9.915
13.5 10.505
13.5 10.55
13.5 10.08
13.5 10.26
13.5 10.17
13.5 10.185
13.5 9.625
13.5 9.615
13.5 9.82
13.5 10.395
13.5 10.055
13.5 10.335
13.5 9.695
13.5 10.025
13.5 10.085
13.5 9.755
13.5 9.855
13.5 9.975
13.5 10.1
13.5 9.635
13.5 9.385
13.5 9.805
13.5 10.295
13.5 9.975
13.5 10.185
13.5 10.08
13.5 10.115
13.5 9.775
13.5 9.52
13.5 9.81
13.5 10.005
13.5 10.21
13.5 10.025
13.5 9.705
13.5 9.565
13.5 10.2
13.5 9.775
13.5 9.075
13.5 10.055
13.5 10.09
13.5 10.015
13.5 10.33
13.5 10.705
13.5 9.915
13.5 9.97
13.5 10.215
13.5 9.975
13.5 10.035
13.5 10.22
13.5 10.13
13.5 9.945
13.5 9.86
13.5 10.055
13.5 10.09
13.5 10.265
13.5 9.79
13.5 9.77
13.5 9.64
13.5 10.01
13.5 9.89
13.5 9.24
13.5 10.39
13.5 10.035
13.5 9.895
13.5 9.975
13.5 10.045
13.5 10.365
13.5 10.345
13.5 10.145
13.5 9.795
13.5 10.06
13.5 9.715
13.5 9.855
13.5 9.645
13.5 9.715
13.5 9.8
13.5 9.765
13.5 9.765
13.5 10.005
13.5 9.915
13.5 10.09
13.5 10.14
13.5 9.925
13.5 9.68
13.5 10.265
13.5 10.155
13.5 10.045
13.5 9.53
13.5 10.41
13.5 9.94
13.5 9.82
13.5 8.99
13.5 9.43
13.5 9.555
13.5 9.75
13.5 9.925
13.5 9.415
13.5 9.51
13.5 9.4
13.5 9.56
13.5 9.77
500
11.0 4.14
12.0 8.02
12.5 8.375
12.5 8.96
13.0 8.93
13.0 9.185
13.0 9.485
13.0 9.86
13.0 9.105
13.0 9.76
13.0 9.63
13.0 9.73
13.0 9.9
13.0 10.055
13.0 9.67
13.0 9.475
13.0 9.195
13.0 9.795
13.0 9.8
13.0 9.655
13.0 9.38
13.0 9.815
13.0 9.425
13.0 10.045
13.0 9.97
13.0 9.76
13.0 9.22
13.0 10.11
13.0 9.885
13.0 10.32
13.0 9.99
13.0 9.635
13.0 9.565
13.0 9.375
13.0 9.33
13.0 9.47
13.0 9.645
13.0 9.655
13.0 9.92
13.0 9.57
13.0 9.605
13.0 9.495
13.0 10.01
13.0 9.85
13.0 9.495
13.0 9.58
13.0 9.81
13.0 9.515
13.0 10.015
13.0 9.885
13.0 9.78
13.0 9.405
13.0 9.46
13.0 9.5
13.0 9.855
13.0 9.615
13.0 10.2
13.0 9.835
13.0 9.79
13.0 9.625
13.0 9.28
13.0 9.815
13.0 10.16
13.0 10.495
13.0 9.91
13.0 9.335
13.0 9.26
13.0 9.475
13.0 9.76
13.0 9.94
13.0 10.025
13.0 9.94
13.0 9.38
13.0 9.995
13.0 9.875
13.0 9.78
13.0 9.97
13.0 9.84
13.0 10.125
13.0 10.05
13.0 9.875
13.0 9.88
13.0 9.555
13.0 9.63
13.5 9.885
13.5 9.67
13.5 9.135
13.5 9.57
13.5 9.335
13.5 9.12
13.5 9.385
13.5 9.595
13.5 9.645
13.5 9.37
13.5 9.89
13.5 10.18
13.5 10.125
13.5 10.11
13.5 9.905
13.5 9.86
13.5 10.215
13.5 9.825
13.5 10.085
13.5 9.905
13.5 10.155
13.5 10.315
13.5 9.77
13.5 9.34
13.5 9.7
13.5 9.92
13.5 9.765
13.5 9.65
13.5 9.425
13.5 10.41
13.5 10.395
13.5 10.365
13.5 10.01
13.5 9.89
13.5 9.985
13.5 9.825
13.5 9.74
13.5 9.59
13.5 9.76
13.5 9.535
13.5 9.51
13.5 9.87
13.5 10.195
13.5 9.79
13.5 9.835
13.5 10.135
13.5 10.24
13.5 10.205
13.5 9.88
13.5 10.035
13.5 9.7
13.5 10.095
13.5 10.265
13.5 10.045
13.5 10.485
13.5 10.285
13.5 9.925
13.5 10.04
13.5 10.06
13.5 10.13
13.5 9.91
13.5 9.53
13.5 9.93
13.5 10.17
13.5 10.515
13.5 9.78
13.5 10.075
13.5 10.34
13.5 10.1
13.5 10.41
13.5 10.44
13.5 10.08
13.5 10.43
13.5 10.105
13.5 10.34
13.5 10.325
13.5 10.31
13.5 10.57
13.5 10.05
13.5 9.98
13.5 10.005
13.5 10.2
13.5 9.58
13.5 9.65
13.5 10.21
13.5 9.94
13.5 9.485
13.5 9.97
13.5 9.6
13.5 10.1
13.5 9.785
13.5 9.38
13.5 9.725
13.5 10.255
13.5 9.85
13.5 9.905
13.5 10.295
13.5 9.925
13.5 10.175
13.5 9.535
13.5 9.7
13.5 10.15
13.5 10.41
13.5 10.475
13.5 9.705
13.5 10.215
13.5 10.49
13.5 9.91
13.5 9.845
13.5 10.445
13.5 9.495
13.5 10.175
13.5 10.065
13.5 10.095
13.5 9.82
13.5 9.83
13.5 9.64
13.5 10.125
13.5 10.105
13.5 10.48
13.5 10.19
13.5 10.16
13.5 9.81
13.5 10.035
13.5 10.41
13.5 9.925
13.5 9.54
13.5 9.75
13.5 9.69
13.5 9.885
13.5 9.805
13.5 9.665
13.5 9.885
13.5 10.165
13.5 10.185
13.5 9.455
13.5 9.705
13.5 9.485
13.5 9.755
13.5 10.065
13.5 10.21
13.5 10.13
13.5 9.785
13.5 9.955
13.5 10.23
13.5 10.15
13.5 10.26
13.5 9.72
13.5 9.795
13.5 9.67
13.5 10.175
13.5 9.74
13.5 10.115
13.5 10.265
13.5 10.145
13.5 9.935
13.5 9.925
13.5 9.735
13.5 9.685
13.5 10.09
13.5 9.495
13.5 9.63
13.5 9.985
13.5 10.07
13.5 9.635
13.5 10.205
13.5 10.17
13.5 10.065
13.5 9.895
13.5 9.96
13.5 10.24
13.5 9.88
13.5 9.38
13.5 9.815
13.5 9.915
13.5 9.445
13.5 9.8
13.5 9.8
13.5 10.135
13.5 10.185
13.5 10.36
13.5 10.06
13.5 9.98
13.5 10.485
13.5 10.04
13.5 9.815
13.5 9.995
13.5 9.955
13.5 10.265
13.5 10.045
13.5 10.275
13.5 10.185
13.5 10.355
13.5 10.095
13.5 10.395
13.5 10.31
13.5 10.1
13.5 9.705
13.5 9.785
13.5 10.01
13.5 10.095
13.5 9.795
13.5 9.895
13.5 10.245
13.5 9.995
13.5 10.29
13.5 10.065
13.5 9.89
13.5 10.145
13.5 10.145
13.5 10.135
13.5 9.94
13.5 9.915
13.5 9.87
13.5 9.97
13.5 10.21
13.5 9.965
13.5 9.61
13.5 10.1
13.5 9.8
13.5 10.33
13.5 9.785
13.5 9.835
13.5 9.695
13.5 9.165
13.5 10.045
13.5 10.145
13.5 9.905
13.5 9.885
13.5 9.625
13.5 9.805
13.5 9.87
13.5 10.015
13.5 9.67
13.5 9.915
13.5 9.97
13.5 9.99
13.5 9.225
13.5 9.72
13.5 9.535
13.5 10.7
13.5 10.285
13.5 10.23
13.5 10.01
13.5 9.725
13.5 9.87
13.5 9.605
13.5 10.05
13.5 9.85
13.5 9.435
13.5 9.9
13.5 10.005
13.5 9.935
13.5 9.82
13.5 9.94
13.5 9.765
13.5 9.99
13.5 9.815
13.5 9.8
13.5 9.605
13.5 10.005
13.5 9.23
13.5 10.48
13.5 10.005
13.5 10.1
13.5 10.305
13.5 10.05
13.5 10.025
13.5 9.93
13.5 10.235
13.5 10.24
13.5 9.74
13.5 10.03
13.5 9.97
13.5 10.105
13.5 9.88
13.5 9.99
13.5 10.215
13.5 10.125
13.5 10.105
13.5 10.37
13.5 10.37
13.5 9.6
13.5 9.81
13.5 10.025
13.5 9.885
13.5 9.745
13.5 10.45
13.5 10.505
13.5 10.39
13.5 9.965
13.5 9.795
13.5 10.345
13.5 10.67
13.5 10.32
13.5 10.22
13.5 9.91
13.5 9.88
13.5 9.905
13.5 10.385
13.5 9.87
13.5 9.25
13.5 9.37
13.5 9.915
13.5 9.775
13.5 10.155
13.5 9.855
13.5 9.41
13.5 9.885
13.5 10.175
13.5 10.04
13.5 10.095
13.5 10.375
13.5 9.965
13.5 10.235
13.5 10.475
13.5 9.82
13.5 10.2
13.5 10.36
13.5 10.095
13.5 10.005
13.5 9.585
13.5 9.5
13.5 9.565
13.5 9.765
13.5 10.115
13.5 9.68
13.5 10.09
13.5 10.035
13.5 10.275
13.5 10.665
13.5 10.385
13.5 9.815
13.5 9.79
13.5 10.36
13.5 10.18
13.5 9.585
13.5 10.08
13.5 9.915
13.5 10.27
13.5 10.435
13.5 10.15
13.5 10.02
13.5 9.975
13.5 10.03
13.5 10.175
13.5 9.945
13.5 9.905
13.5 9.565
13.5 9.815
13.5 9.84
13.5 8.74
13.5 9.815
13.5 9.805
13.5 9.59
13.5 9.915
13.5 9.8
13.5 9.89
13.5 10.245
13.5 9.655
13.5 10.045
13.5 10.19
13.5 10.175
13.5 9.29
13.5 10.52
13.5 10.045
13.5 10.265
13.5 10.305
13.5 10.03
13.5 9.93
13.5 10.18
13.5 9.695
13.5 9.85
13.5 9.98
13.5 10.14
13.5 10.14
13.5 9.575
13.5 9.825
13.5 9.92
13.5 10.26
13.5 10.57
13.5 9.91
13.5 9.575
13.5 10.055
13.5 10.26
13.5 9.97
13.5 9.87
13.5 10.53
13.5 10.24
13.5 9.825
13.5 9.915
13.5 9.885
13.5 9.425
13.5 9.71
13.5 9.945
13.5 9.845
13.5 10.005
13.5 10.17
13.5 10.15
13.5 9.985
13.5 9.885
13.5 10.125
13.5 9.72
13.5 10.355
13.5 10.29
13.5 10.33
13.5 10.025
13.5 10.13
13.5 10.29
13.5 9.39
13.5 9.635
13.5 10.345
13.5 10.205
13.5 9.845
13.5 9.17
13.5 9.995
500
11.5 3.67
12.0 7.195
12.5 8.14
12.5 8.395
12.5 8.96
12.5 9.205
12.5 8.945
12.5 9.805
12.5 9.915
12.5 9.69
12.5 10.095
12.5 9.53
12.5 9.72
13.0 9.725
13.0 9.82
13.0 9.95
13.0 9.835
13.0 10.225
13.0 9.75
13.0 9.645
13.0 9.78
13.0 10.15
13.0 9.905
13.0 9.6
13.0 9.805
13.0 9.48
13.0 9.415
13.0 10.065
13.0 9.4
13.0 9.825
13.0 9.295
13.0 9.815
13.0 10.1
13.0 10.115
13.0 10.34
13.0 9.895
13.0 10.28
13.0 9.74
13.0 9.895
13.0 10.455
13.5 10.265
13.5 10.015
13.5 10.13
13.5 9.89
13.5 10.105
13.5 9.72
13.5 9.815
13.5 9.915
13.5 10.07
13.5 9.89
13.5 9.615
13.5 9.565
13.5 10.3
13.5 9.825
13.5 10.135
13.5 10.195
13.5 10.015
13.5 10.515
13.5 10.455
13.5 10.415
13.5 9.91
13.5 9.94
13.5 10.17
13.5 9.845
13.5 9.85
13.5 9.54
13.5 9.345
13.5 10.035
13.5 10.215
13.5 10.475
13.5 9.77
13.5 10.275
13.5 9.635
13.5 9.93
13.5 10.09
13.5 10.385
13.5 10.12
13.5 9.85
13.5 9.655
13.5 9.725
13.5 9.805
13.5 9.745
13.5 10.435
13.5 10.375
13.5 10.08
13.5 9.72
13.5 9.77
13.5 9.84
13.5 9.955
13.5 9.8
13.5 9.585
13.5 9.395
13.5 9.315
13.5 9.56
13.5 9.72
13.5 9.85
13.5 9.8
13.5 10.225
13.5 10.25
13.5 10.26
13.5 10.06
13.5 9.825
13.5 9.74
13.5 9.92
13.5 9.955
13.5 9.845
13.5 9.715
13.5 10.06
13.5 9.995
13.5 10.075
13.5 10.115
13.5 10.37
13.5 9.865
13.5 9.98
13.5 10.14
13.5 10.11
13.5 9.735
13.5 9.73
13.5 9.635
13.5 9.845
13.5 9.69
13.5 10.08
13.5 10.145
13.5 9.95
13.5 9.675
13.5 9.685
13.5 9.48
13.5 10.055
13.5 9.62
13.5 9.4
13.5 9.485
13.5 9.64
13.5 9.375
13.5 9.42
13.5 9.405
13.5 9.855
13.5 10.105
13.5 9.71
13.5 9.46
13.5 9.92
13.5 9.87
13.5 9.76
13.5 9.865
13.5 10.265
13.5 9.09
13.5 9.91
13.5 9.47
13.5 9.775
13.5 9.875
13.5 9.9
13.5 10.13
13.5 10.065
13.5 9.62
13.5 10.015
13.5 9.82
13.5 10.075
13.5 10.115
13.5 10.7
13.5 10.025
13.5 9.785
13.5 10.115
13.5 9.955
13.5 10.12
13.5 10.18
13.5 9.48
13.5 9.88
13.5 9.715
13.5 9.825
13.5 10.03
13.5 9.86
13.5 10.455
13.5 9.94
13.5 10.215
13.5 10.39
13.5 10.435
13.5 10.545
13.5 10.04
13.5 9.725
13.5 9.89
13.5 10.135
13.5 10.35
13.5 10.11
13.5 9.51
13.5 9.84
13.5 10.44
13.5 10.08
13.5 9.695
13.5 10.105
13.5 9.665
13.5 10.035
13.5 10.03
13.5 9.78
13.5 9.91
13.5 9.87
13.5 10.08
13.5 9.96
13.5 9.89
13.5 9.67
13.5 10.09
13.5 10.145
13.5 9.995
13.5 10.08
13.5 9.69
13.5 9.995
13.5 10.495
13.5 10.09
13.5 10.225
13.5 9.965
13.5 9.62
13.5 9.955
13.5 10.06
13.5 10.54
13.5 9.815
13.5 10.115
13.5 10.285
13.5 10.38
13.5 10.42
13.5 10.025
13.5 10.09
13.5 9.895
13.5 9.875
13.5 10.12
13.5 9.965
13.5 10.55
13.5 10.37
13.5 10.2
13.5 10.015
13.5 9.815
13.5 10.565
13.5 10.59
13.5 10.275
13.5 10.075
13.5 9.605
13.5 10.19
13.5 9.82
13.5 9.855
13.5 9.395
13.5 9.825
13.5 10.365
13.5 9.705
13.5 10.13
13.5 10.475
13.5 9.88
13.5 9.7
13.5 9.825
13.5 9.33
13.5 9.695
13.5 9.975
13.5 9.925
13.5 9.835
13.5 10.02
13.5 10.14
13.5 9.9
13.5 10.16
13.5 9.86
13.5 9.53
13.5 9.685
13.5 9.96
13.5 10.075
13.5 9.64
13.5 9.835
13.5 9.64
13.5 9.955
13.5 10.295
13.5 9.96
13.5 10.25
13.5 10.255
13.5 10.055
13.5 9.805
13.5 9.96
13.5 9.405
13.5 9.74
13.5 9.78
13.5 9.695
13.5 9.605
13.5 9.945
13.5 9.895
13.5 9.99
13.5 10.075
13.5 9.885
13.5 9.855
13.5 9.885
13.5 9.76
13.5 10.445
13.5 9.93
13.5 9.815
13.5 9.59
13.5 9.535
13.5 9.895
13.5 10.14
13.5 10.215
13.5 10.105
13.5 9.795
13.5 9.97
13.5 9.96
13.5 9.365
13.5 9.615
13.5 9.82
13.5 9.56
13.5 9.85
13.5 9.645
13.5 10.005
13.5 9.49
13.5 9.71
13.5 10.09
13.5 9.73
13.5 9.94
13.5 9.82
13.5 9.695
13.5 9.81
13.5 10.23
13.5 10.155
13.5 9.94
13.5 9.73
13.5 10.1
13.5 10.58
13.5 9.915
13.5 10.2
13.5 10.055
13.5 9.64
13.5 9.925
13.5 9.985
13.5 8.99
13.5 9.55
13.5 9.485
13.5 9.71
13.5 10.1
13.5 10.26
13.5 9.62
13.5 9.755
13.5 9.5
13.5 9.78
13.5 9.59
13.5 10.135
13.5 9.335
13.5 10.0
13.5 10.14
13.5 10.23
13.5 10.165
13.5 9.79
13.5 10.015
13.5 10.165
13.5 9.985
13.5 10.07
13.5 9.955
13.5 10.31
13.5 10.15
13.5 9.9
13.5 9.86
13.5 9.67
13.5 9.995
13.5 10.0
13.5 9.725
13.5 10.12
13.5 9.75
13.5 10.05
13.5 9.785
13.5 10.19
13.5 10.11
13.5 10.29
13.5 9.93
13.5 10.325
13.5 10.14
13.5 9.81
13.5 9.72
13.5 10.4
13.5 10.29
13.5 10.145
13.5 9.79
13.5 9.675
13.5 9.305
13.5 9.885
13.5 9.635
13.5 9.7
13.5 9.685
13.5 10.0
13.5 10.01
13.5 10.375
13.5 10.24
13.5 10.16
13.5 10.805
13.5 10.315
13.5 9.985
13.5 9.845
13.5 9.985
13.5 10.18
13.5 9.905
13.5 10.015
13.5 9.805
13.5 10.07
13.5 9.675
13.5 9.79
13.5 9.78
13.5 9.955
13.5 9.84
13.5 9.985
13.5 10.325
13.5 10.17
13.5 9.92
13.5 9.72
13.5 10.015
13.5 10.1
13.5 9.81
13.5 9.96
13.5 9.97
13.5 9.81
13.5 10.175
13.5 10.03
13.5 10.21
13.5 10.17
13.5 10.295
13.5 9.625
13.5 9.955
13.5 9.895
13.5 9.76
13.5 10.02
13.5 9.44
13.5 9.57
13.5 10.19
13.5 10.01
13.5 9.96
13.5 9.895
13.5 9.63
13.5 9.96
13.5 9.425
13.5 10.205
13.5 10.175
13.5 10.005
13.5 9.815
13.5 10.28
13.5 10.12
13.5 10.11
13.5 9.63
13.5 9.955
13.5 9.675
13.5 10.12
13.5 10.465
13.5 10.24
13.5 10.65
13.5 10.155
13.5 9.59
13.5 10.465
13.5 10.125
13.5 9.795
13.5 10.7
13.5 10.22
13.5 9.88
13.5 9.84
13.5 9.22
13.5 10.08
13.5 9.695
13.5 9.75
13.5 10.145
13.5 9.97
13.5 10.045
13.5 10.215
13.5 10.165
13.5 10.04
13.5 10.09
13.5 10.225
13.5 9.86
13.5 9.73
13.5 10.07
13.5 10.165
13.5 9.93
13.5 10.165
13.5 10.285
13.5 10.055
13.5 9.6
13.5 10.03
13.5 10.46
13.5 10.01
13.5 10.0
13.5 9.185
13.5 9.905
13.5 9.35
13.5 10.1
13.5 9.73
13.5 10.12
13.5 9.335
13.5 9.45
13.5 9.835
13.5 9.61
13.5 10.165
13.5 9.435
13.5 9.76
13.5 9.74
13.5 10.16
13.5 10.205
13.5 10.37
13.5 10.11
13.5 10.385
13.5 10.09
13.5 10.075
13.5 10.29
13.5 10.095
13.5 10.42
13.5 9.76
13.5 9.805
13.5 9.865
500
11.5 4.17
11.5 7.57
11.5 8.175
12.5 8.875
12.5 9.21
13.0 9.42
13.0 9.815
13.0 10.1
13.0 9.945
13.0 9.895
13.0 9.91
13.5 10.055
13.5 9.685
13.5 10.14
13.5 9.83
13.5 9.945
13.5 9.985
13.5 10.16
13.5 9.635
13.5 9.905
13.5 10.08
13.5 9.835
13.5 9.955
13.5 9.85
13.5 10.345
13.5 9.545
13.5 9.79
13.5 9.58
13.5 9.345
13.5 9.465
13.5 9.655
13.5 9.635
13.5 9.855
13.5 9.845
13.5 9.635
13.5 10.045
13.5 10.13
13.5 10.025
13.5 10.11
13.5 10.275
13.5 10.315
13.5 9.975
13.5 10.145
13.5 10.31
13.5 10.0
13.5 9.765
13.5 10.14
13.5 10.08
13.5 10.2
13.5 9.83
13.5 10.005
13.5 10.07
13.5 10.39
13.5 9.89
13.5 9.655
13.5 9.86
13.5 9.545
13.5 9.415
13.5 9.66
13.5 10.04
13.5 9.6
13.5 10.085
13.5 10.2
13.5 9.375
13.5 10.025
13.5 9.57
13.5 10.225
13.5 9.98
13.5 10.25
13.5 10.31
13.5 9.885
13.5 9.74
13.5 9.32
13.5 9.38
13.5 9.6
13.5 10.18
13.5 9.965
13.5 9.48
13.5 9.975
13.5 10.14
13.5 9.96
13.5 9.66
13.5 9.915
13.5 9.57
13.5 10.245
13.5 9.8
13.5 10.265
13.5 10.18
13.5 10.24
13.5 9.795
13.5 10.34
13.5 9.85
13.5 9.425
13.5 9.72
13.5 10.245
13.5 9.92
13.5 10.34
13.5 9.99
13.5 10.13
13.5 10.23
13.5 9.315
13.5 10.03
13.5 9.73
13.5 9.885
13.5 9.585
13.5 9.7
13.5 9.725
13.5 10.045
13.5 9.665
13.5 9.655
13.5 10.245
13.5 10.015
13.5 10.285
13.5 9.8
13.5 10.32
13.5 10.12
13.5 10.03
13.5 10.015
13.5 10.345
13.5 9.97
13.5 9.98
13.5 9.965
13.5 10.165
13.5 10.05
13.5 10.01
13.5 10.03
13.5 10.585
13.5 9.735
13.5 10.235
13.5 9.925
13.5 9.96
13.5 10.31
13.5 9.555
13.5 9.915
13.5 10.48
13.5 10.085
13.5 9.79
13.5 9.68
13.5 10.13
13.5 9.865
13.5 10.07
13.5 9.935
13.5 9.835
13.5 10.01
13.5 10.135
13.5 9.835
13.5 10.1
13.5 10.04
13.5 10.1
13.5 9.98
13.5 10.415
13.5 10.27
13.5 10.5
13.5 9.88
13.5 10.045
13.5 10.18
13.5 10.035
13.5 10.045
13.5 9.915
13.5 9.375
13.5 9.705
13.5 9.805
13.5 10.145
13.5 10.145
13.5 10.125
13.5 9.9
13.5 9.775
13.5 10.45
13.5 10.075
13.5 10.4
13.5 9.865
13.5 9.975
13.5 10.005
13.5 10.225
13.5 10.225
13.5 10.095
13.5 9.81
13.5 10.0
13.5 10.27
13.5 9.925
13.5 9.3
13.5 9.83
13.5 10.08
13.5 9.69
13.5 9.57
13.5 9.65
13.5 10.035
13.5 10.34
13.5 10.195
13.5 9.22
13.5 9.815
13.5 9.91
13.5 9.615
13.5 10.13
13.5 10.11
13.5 10.255
13.5 10.265
13.5 10.43
13.5 10.15
13.5 9.75
13.5 10.07
13.5 9.655
13.5 9.75
13.5 9.79
13.5 9.74
13.5 9.69
13.5 10.165
13.5 9.88
13.5 9.97
13.5 10.22
13.5 10.045
13.5 10.185
13.5 10.285
13.5 10.025
13.5 10.18
13.5 10.28
13.5 9.975
13.5 9.76
13.5 9.475
13.5 9.765
13.5 10.155
13.5 9.975
13.5 10.05
13.5 9.81
13.5 10.285
13.5 9.995
13.5 9.83
13.5 9.865
13.5 9.715
13.5 10.0
13.5 9.83
13.5 9.795
13.5 9.665
13.5 9.84
13.5 9.305
13.5 9.44
13.5 9.08
13.5 9.395
13.5 9.61
13.5 9.9
13.5 9.855
13.5 10.14
13.5 10.375
13.5 9.51
13.5 9.83
13.5 9.99
13.5 10.2
13.5 9.65
13.5 9.825
13.5 9.79
13.5 10.59
13.5 9.945
13.5 10.795
13.5 10.12
13.5 10.475
13.5 10.14
13.5 10.225
13.5 9.73
13.5 9.705
13.5 9.815
13.5 9.86
13.5 9.81
13.5 9.98
13.5 10.045
13.5 9.72
13.5 9.84
13.5 10.19
13.5 10.105
13.5 10.285
13.5 9.385
13.5 9.99
13.5 10.17
13.5 10.315
13.5 10.235
13.5 10.26
13.5 9.585
13.5 9.18
13.5 9.695
13.5 9.645
13.5 10.1
13.5 9.8
13.5 10.0
13.5 9.91
13.5 10.015
13.5 10.21
13.5 9.87
13.5 10.26
13.5 9.74
13.5 9.87
13.5 9.975
13.5 10.195
13.5 10.25
13.5 10.475
13.5 10.145
13.5 10.295
13.5 10.11
13.5 10.08
13.5 10.03
13.5 9.66
13.5 9.375
13.5 9.87
13.5 10.05
13.5 10.14
13.5 10.165
13.5 10.13
13.5 10.0
13.5 10.095
13.5 9.44
13.5 10.155
13.5 10.285
13.5 10.31
13.5 10.045
13.5 9.93
13.5 9.9
13.5 10.14
13.5 9.785
13.5 9.91
13.5 9.635
13.5 10.2
13.5 10.15
13.5 10.625
13.5 9.825
13.5 10.305
13.5 9.835
13.5 10.335
13.5 10.16
13.5 10.125
13.5 9.71
13.5 10.085
13.5 9.915
13.5 10.155
13.5 9.615
13.5 9.83
13.5 9.75
13.5 10.08
13.5 9.64
13.5 9.72
13.5 9.86
13.5 9.46
13.5 9.485
13.5 9.875
13.5 9.695
13.5 9.59
13.5 9.94
13.5 9.445
13.5 9.555
13.5 9.625
13.5 9.97
13.5 9.71
13.5 9.49
13.5 9.59
13.5 9.69
13.5 9.815
13.5 10.055
13.5 9.92
13.5 10.385
13.5 10.105
13.5 9.805
13.5 10.23
13.5 9.795
13.5 10.34
13.5 10.05
13.5 10.2
13.5 10.12
13.5 10.565
13.5 10.09
13.5 10.03
13.5 9.94
13.5 10.085
13.5 10.155
13.5 9.945
13.5 10.25
13.5 9.42
13.5 9.7
13.5 9.965
13.5 9.945
13.5 10.35
13.5 10.09
13.5 9.975
13.5 10.02
13.5 10.07
13.5 9.725
13.5 9.72
13.5 9.745
13.5 10.08
13.5 10.18
13.5 9.69
13.5 9.545
13.5 10.0
13.5 10.09
13.5 10.31
13.5 10.25
13.5 10.095
13.5 10.215
13.5 9.6
13.5 9.8
13.5 10.4
13.5 10.515
13.5 10.085
13.5 9.905
13.5 10.385
13.5 10.025
13.5 10.09
13.5 10.515
13.5 9.91
13.5 10.02
13.5 10.0
13.5 9.865
13.5 9.96
13.5 9.805
13.5 9.885
13.5 10.205
13.5 10.12
13.5 10.15
13.5 9.785
13.5 10.215
13.5 9.875
13.5 9.915
13.5 9.87
13.5 10.31
13.5 10.11
13.5 10.175
13.5 10.155
13.5 10.055
13.5 10.575
13.5 10.0
13.5 9.835
13.5 9.925
13.5 10.095
13.5 9.69
13.5 9.97
13.5 9.96
13.5 9.75
13.5 10.05
13.5 9.785
13.5 9.655
13.5 9.965
13.5 10.26
13.5 10.47
13.5 10.01
13.5 10.0
13.5 10.085
13.5 10.425
13.5 10.235
13.5 10.44
13.5 10.42
13.5 10.61
13.5 9.735
13.5 9.6
13.5 10.21
13.5 9.53
13.5 9.945
13.5 9.745
13.5 10.225
13.5 10.27
13.5 9.89
13.5 9.83
13.5 9.755
13.5 9.755
13.5 9.42
13.5 9.81
13.5 9.875
13.5 10.155
13.5 10.2
13.5 9.755
13.5 9.935
13.5 10.14
13.5 9.775
13.5 9.435
13.5 9.8
13.5 9.735
13.5 9.51
13.5 10.15
13.5 10.145
13.5 9.62
13.5 10.165
13.5 10.145
13.5 9.97
13.5 10.05
13.5 10.24
13.5 10.215
13.5 9.835
13.5 9.69
13.5 9.805
13.5 9.845
13.5 9.83
13.5 9.995
13.5 9.82
13.5 9.845
13.5 10.01
13.5 9.66
13.5 10.13
13.5 10.16
13.5 10.285
13.5 10.075
13.5 9.74
13.5 9.95
13.5 10.22
13.5 9.925
13.5 9.91
500
10.0 4.09
12.5 7.215
12.5 8.06
12.5 8.785
12.5 8.895
13.0 9.155
13.0 9.52
13.0 9.39
13.0 9.595
13.0 9.49
13.0 9.195
13.0 9.425
13.0 9.34
13.0 9.965
13.0 9.32
13.0 9.53
13.0 9.135
13.0 9.76
13.0 8.92
13.0 9.41
13.0 9.735
13.0 9.245
13.0 9.49
13.0 9.11
13.0 8.775
13.0 9.22
13.0 9.425
13.0 9.23
13.0 9.085
13.0 9.045
13.0 9.26
13.0 9.8
13.0 9.575
13.0 9.33
13.0 9.56
13.0 9.19
13.0 9.4
13.0 10.05
13.0 9.585
13.0 9.63
13.0 9.55
13.0 9.28
13.0 10.045
13.0 9.42
13.0 9.29
13.0 9.105
13.0 9.91
13.0 9.385
13.0 9.575
13.0 9.19
13.0 9.525
13.0 9.08
13.0 9.71
13.0 9.64
13.0 9.98
13.0 10.135
13.0 9.905
13.0 9.195
13.0 9.335
13.0 9.365
13.0 9.415
13.0 9.5
13.0 9.84
13.0 9.515
13.0 9.37
13.0 9.73
13.0 8.735
13.0 9.615
13.0 9.325
13.0 8.86
13.0 9.58
13.0 9.12
13.0 9.51
13.0 9.38
13.0 9.51
13.0 9.605
13.0 9.805
13.0 9.11
13.0 9.735
13.0 8.975
13.0 9.31
13.0 9.425
13.0 9.32
13.0 8.85
13.0 9.51
13.0 9.71
13.0 9.195
13.0 9.08
13.0 9.31
13.0 9.34
13.0 9.625
13.0 9.705
13.0 9.94
13.0 9.35
13.0 9.81
13.0 9.315
13.0 9.39
13.0 9.585
13.0 9.115
13.0 9.6
13.0 9.505
13.0 9.595
13.0 9.345
13.0 9.51
13.0 9.515
13.0 9.9
13.0 9.335
13.0 9.325
13.0 9.66
13.0 9.705
13.0 9.33
13.0 9.695
13.0 9.375
13.0 9.7
13.0 9.645
13.0 9.58
13.0 9.035
13.0 8.91
13.0 8.865
13.0 9.15
13.0 9.425
13.0 9.62
13.0 9.445
13.0 9.25
13.0 9.005
13.0 9.295
13.0 9.705
13.0 9.53
13.0 8.925
13.0 9.14
13.0 9.405
13.0 9.22
13.0 9.535
13.0 9.515
13.0 9.755
13.0 9.69
13.0 9.595
13.0 9.59
13.0 9.57
13.0 9.765
13.0 9.13
13.0 9.205
13.0 9.78
13.0 9.275
13.0 9.155
13.0 9.49
13.0 9.505
13.0 9.43
13.0 8.95
13.0 9.145
13.0 9.555
13.0 9.145
13.0 9.425
13.0 9.235
13.0 9.685
13.0 9.57
13.0 9.805
13.0 8.785
13.0 9.66
13.0 9.385
13.0 9.335
13.0 9.965
13.0 9.72
13.0 9.205
13.0 9.49
13.0 9.625
13.0 9.635
13.0 9.105
13.0 9.305
13.0 9.275
13.0 9.18
13.0 9.12
13.0 9.565
13.0 8.85
13.0 9.31
13.0 9.7
13.0 9.625
13.0 9.655
13.0 9.185
13.0 9.115
13.0 9.12
13.0 9.52
13.0 9.675
13.0 9.785
13.0 9.435
13.0 10.065
13.0 9.705
13.0 9.48
13.0 9.455
13.0 9.095
13.0 9.285
13.0 9.54
13.0 9.245
13.0 9.435
13.0 9.455
13.0 9.625
13.0 9.085
13.0 9.44
13.0 10.025
13.0 8.825
13.0 9.445
13.0 9.63
13.0 9.465
13.0 9.51
13.0 9.56
13.0 9.72
13.0 9.4
13.0 9.31
13.0 9.36
13.0 9.015
13.0 9.31
13.0 9.68
13.0 9.28
13.0 9.755
13.0 9.73
13.0 10.04
13.0 9.575
13.0 9.46
13.0 9.34
13.0 9.205
13.0 9.22
13.0 9.565
13.0 9.935
13.0 9.24
13.0 8.78
13.0 8.75
13.0 9.39
13.0 9.645
13.0 9.68
13.0 9.695
13.0 8.55
13.0 9.065
13.0 9.705
13.0 9.35
13.0 8.695
13.0 9.73
13.0 9.67
13.0 9.365
13.0 10.095
13.0 9.7
13.0 9.505
13.0 9.29
13.0 9.47
13.0 9.375
13.0 9.425
13.0 9.4
13.0 9.695
13.0 9.51
13.0 9.63
13.0 9.39
13.0 9.32
13.0 9.305
13.0 9.08
13.0 9.41
13.0 9.31
13.0 9.785
13.0 10.005
13.0 9.72
13.0 9.62
13.0 9.71
13.0 9.465
13.0 9.22
13.0 9.37
13.0 8.975
13.0 9.61
13.0 9.37
13.0 9.41
13.0 9.86
13.0 9.135
13.0 9.15
13.0 9.015
13.0 9.125
13.0 9.305
13.0 9.485
13.0 9.3
13.0 9.45
13.0 9.725
13.0 9.31
13.0 9.34
13.0 9.83
13.0 9.18
13.0 10.33
13.0 9.825
13.0 9.335
13.0 9.59
13.0 9.595
13.0 9.115
13.0 9.405
13.0 9.22
13.0 9.61
13.0 9.715
13.0 10.0
13.0 9.765
13.0 9.95
13.0 9.395
13.0 9.655
13.0 9.05
13.0 9.405
13.0 9.7
13.0 9.13
13.0 9.155
13.0 8.9
13.0 9.42
13.0 9.31
13.0 9.33
13.0 9.76
13.0 9.41
13.0 9.4
13.0 9.625
13.0 9.415
13.0 9.82
13.0 9.78
13.0 9.935
13.0 9.235
13.0 9.56
13.0 8.97
13.0 9.52
13.0 10.09
13.0 9.24
13.0 9.24
13.0 8.76
13.0 9.205
13.0 9.01
13.0 9.42
13.0 8.74
13.0 9.95
13.0 9.36
13.0 9.43
13.0 9.59
13.0 9.885
13.0 9.755
13.0 9.62
13.0 9.25
13.0 9.67
13.0 9.525
13.0 9.5
13.0 9.785
13.0 9.705
13.0 10.0
13.0 9.64
13.0 9.98
13.0 9.265
13.0 9.15
13.0 9.6
13.0 9.135
13.0 9.11
13.0 9.495
13.0 9.74
13.0 9.175
13.0 9.125
13.0 9.47
13.0 9.635
13.0 9.83
13.0 9.42
13.0 9.16
13.0 9.335
13.0 9.455
13.0 9.765
13.0 10.015
13.0 8.945
13.0 8.77
13.0 9.065
13.0 8.64
13.0 8.99
13.0 9.21
13.0 8.7
13.0 9.1
13.0 9.55
13.0 9.605
13.0 9.56
13.0 9.81
13.0 9.545
13.0 9.575
13.0 9.2
13.0 9.85
13.0 9.725
13.0 9.205
13.0 9.415
13.0 9.545
13.0 9.68
13.0 9.52
13.0 9.475
13.0 9.495
13.0 9.38
13.0 9.55
13.0 9.165
13.0 9.185
13.0 9.6
13.0 9.29
13.0 9.675
13.0 9.215
13.0 9.435
13.0 9.99
13.0 9.535
13.0 9.415
13.0 9.405
13.0 9.08
13.0 9.655
13.0 9.075
13.0 9.85
13.0 9.435
13.0 9.59
13.0 9.77
13.0 9.425
13.0 9.245
13.0 9.83
13.0 9.89
13.0 9.42
13.0 9.41
13.0 9.54
13.0 8.775
13.0 9.785
13.0 9.905
13.0 8.605
13.0 9.385
13.0 9.13
13.0 9.39
13.0 9.435
13.0 9.295
13.0 9.8
13.0 9.19
13.0 9.185
13.0 9.3
13.0 8.805
13.0 9.29
13.0 9.29
13.0 9.515
13.0 9.69
13.0 9.275
13.0 9.255
13.0 9.05
13.0 9.575
13.0 9.79
13.0 9.4
13.0 9.68
13.0 9.68
13.0 8.77
13.0 9.68
13.0 9.11
13.0 9.53
13.0 9.565
13.0 9.745
13.0 10.165
13.0 9.045
13.0 9.5
13.0 9.495
13.0 9.365
13.0 8.93
13.0 9.75
13.0 9.26
13.0 9.6
13.0 9.38
13.0 9.435
13.0 9.98
13.0 9.425
13.0 9.43
13.0 9.765
13.0 9.44
13.0 9.345
13.0 9.695
13.0 9.415
13.0 9.505
13.0 9.98
13.0 9.945
13.0 9.81
13.0 9.56
13.0 9.645
13.0 9.29
13.0 9.79
13.0 9.29
13.0 9.89
13.0 9.245
13.0 9.245
13.0 9.905
13.0 9.53
13.0 10.125
13.0 9.575
13.0 9.805
13.0 9.67
13.0 9.77
13.0 9.63
13.0 9.485
13.0 9.665
13.0 9.375
13.0 9.16
13.0 9.29
13.0 8.795
13.0 9.09
13.0 9.775
13.0 9.09
13.0 9.215
13.0 9.65
13.0 9.225
13.0 9.77
13.0 9.285
13.0 9.315
13.0 9.16
13.0 9.605
13.0 9.475
13.0 9.795
500
11.5 4.155
11.5 7.895
12.0 8.5
12.0 8.63
12.0 8.75
12.5 8.645
12.5 8.97
12.5 9.39
13.0 9.08
13.0 9.495
13.0 8.805
13.0 9.015
13.0 9.15
13.0 9.295
13.0 9.64
13.0 9.38
13.0 9.73
13.0 9.675
13.0 10.115
13.0 9.695
13.5 10.16
13.5 9.935
13.5 9.995
13.5 10.175
13.5 10.085
13.5 9.995
13.5 9.955
13.5 10.01
13.5 10.095
13.5 10.39
13.5 10.095
13.5 10.24
13.5 9.93
13.5 9.61
13.5 9.72
13.5 9.68
13.5 9.38
13.5 9.37
13.5 9.585
13.5 8.96
13.5 9.54
13.5 10.085
13.5 9.81
13.5 9.9
13.5 9.61
13.5 9.765
13.5 9.495
13.5 9.535
13.5 9.67
13.5 9.4
13.5 9.6
13.5 9.17
13.5 9.345
13.5 9.175
13.5 9.69
13.5 10.015
13.5 9.76
13.5 9.86
13.5 9.755
13.5 9.915
13.5 9.51
13.5 9.19
13.5 9.665
13.5 9.005
13.5 9.38
13.5 9.27
13.5 9.75
13.5 10.22
13.5 9.44
13.5 9.52
13.5 9.615
13.5 10.04
13.5 9.58
13.5 9.375
13.5 9.8
13.5 9.835
13.5 9.78
13.5 9.82
13.5 10.145
13.5 10.25
13.5 9.585
13.5 9.91
13.5 9.97
13.5 9.655
13.5 9.62
13.5 9.415
13.5 9.765
13.5 9.91
13.5 9.74
13.5 9.6
13.5 9.645
13.5 9.57
13.5 9.75
13.5 9.725
13.5 9.98
13.5 9.445
13.5 9.605
13.5 9.755
13.5 9.93
13.5 9.84
13.5 9.845
13.5 9.58
13.5 9.845
13.5 9.735
13.5 9.955
13.5 9.3
13.5 9.29
13.5 9.26
13.5 9.845
13.5 10.03
13.5 10.01
13.5 9.055
13.5 9.415
13.5 10.055
13.5 9.545
13.5 9.945
13.5 9.7
13.5 9.845
13.5 10.25
13.5 9.865
13.5 9.695
13.5 9.62
13.5 9.56
13.5 9.8
13.5 10.115
13.5 9.965
13.5 9.99
13.5 9.76
13.5 10.015
13.5 9.79
13.5 9.965
13.5 9.705
13.5 9.64
13.5 9.595
13.5 10.0
13.5 9.785
13.5 9.19
13.5 9.54
13.5 9.945
13.5 9.78
13.5 9.685
13.5 9.71
13.5 9.725
13.5 9.62
13.5 9.31
13.5 9.28
13.5 9.685
13.5 9.19
13.5 9.77
13.5 9.55
13.5 9.73
13.5 9.97
13.5 9.845
13.5 9.665
13.5 9.675
13.5 9.465
13.5 10.035
13.5 9.79
13.5 9.945
13.5 9.73
13.5 10.055
13.5 10.085
13.5 9.58
13.5 9.785
13.5 9.57
13.5 9.325
13.5 9.695
13.5 9.775
13.5 9.95
13.5 10.145
13.5 10.12
13.5 9.555
13.5 9.91
13.5 9.705
13.5 9.8
13.5 9.885
13.5 9.985
13.5 10.035
13.5 9.285
13.5 9.675
13.5 9.655
13.5 9.35
13.5 10.27
13.5 10.1
13.5 9.985
13.5 10.135
13.5 9.53
13.5 9.68
13.5 9.845
13.5 9.62
13.5 9.835
13.5 9.75
13.5 9.82
13.5 9.74
13.5 9.955
13.5 9.745
13.5 9.835
13.5 9.75
13.5 10.04
13.5 9.475
13.5 9.895
13.5 10.0
13.5 9.665
13.5 9.815
13.5 9.905
13.5 10.22
13.5 10.25
13.5 10.03
13.5 9.725
13.5 9.365
13.5 9.885
13.5 9.985
13.5 10.25
13.5 9.975
13.5 10.16
13.5 10.09
13.5 9.57
13.5 10.395
13.5 10.325
13.5 9.61
13.5 9.83
13.5 9.83
13.5 9.855
13.5 9.935
13.5 9.645
13.5 10.165
13.5 9.85
13.5 10.05
13.5 9.995
13.5 10.01
13.5 9.5
13.5 9.6
13.5 10.13
13.5 9.97
13.5 9.63
13.5 9.33
13.5 9.6
13.5 10.035
13.5 9.72
13.5 9.77
13.5 9.66
13.5 10.0
13.5 9.915
13.5 9.635
13.5 9.835
13.5 9.3
13.5 9.64
13.5 9.18
13.5 9.585
13.5 9.475
13.5 9.935
13.5 9.61
13.5 9.24
13.5 9.625
13.5 9.455
13.5 9.945
13.5 10.15
13.5 9.29
13.5 9.795
13.5 9.95
13.5 9.175
13.5 9.84
13.5 9.245
13.5 9.61
13.5 9.045
13.5 9.175
13.5 8.75
13.5 9.825
13.5 9.86
13.5 10.3
13.5 9.82
13.5 10.07
13.5 9.395
13.5 9.275
13.5 9.68
13.5 9.735
13.5 9.685
13.5 9.93
13.5 9.685
13.5 9.95
13.5 9.855
13.5 9.595
13.5 10.155
13.5 9.955
13.5 9.92
13.5 9.99
13.5 9.91
13.5 9.325
13.5 9.14
13.5 9.985
13.5 10.005
13.5 9.79
13.5 9.78
13.5 10.08
13.5 9.89
13.5 9.28
13.5 9.185
13.5 9.755
13.5 9.72
13.5 9.73
13.5 9.56
13.5 9.745
13.5 9.69
13.5 9.395
13.5 9.87
13.5 9.535
13.5 9.735
13.5 9.685
13.5 9.76
13.5 9.68
13.5 10.07
13.5 9.945
13.5 9.86
13.5 9.915
13.5 9.805
13.5 9.46
13.5 9.56
13.5 9.785
13.5 9.22
13.5 9.51
13.5 9.755
13.5 9.985
13.5 9.535
13.5 9.4
13.5 10.09
13.5 9.83
13.5 10.21
13.5 9.575
13.5 9.49
13.5 9.51
13.5 9.85
13.5 9.325
13.5 9.26
13.5 9.265
13.5 9.14
13.5 9.44
13.5 9.34
13.5 9.465
13.5 9.67
13.5 9.86
13.5 9.76
13.5 9.89
13.5 9.79
13.5 9.86
13.5 9.775
13.5 9.755
13.5 9.855
13.5 9.555
13.5 9.685
13.5 9.105
13.5 9.73
13.5 9.57
13.5 9.855
13.5 9.275
13.5 9.48
13.5 9.945
13.5 9.585
13.5 9.995
13.5 9.89
13.5 9.655
13.5 9.81
13.5 9.69
13.5 9.815
13.5 9.85
13.5 10.115
13.5 9.76
13.5 9.97
13.5 9.435
13.5 9.79
13.5 9.28
13.5 9.52
13.5 9.695
13.5 9.335
13.5 9.785
13.5 9.795
13.5 9.205
13.5 9.445
13.5 9.585
13.5 9.955
13.5 9.995
13.5 9.63
13.5 9.61
13.5 9.63
13.5 10.195
13.5 9.56
13.5 9.88
13.5 9.635
13.5 9.39
13.5 9.93
13.5 10.5
13.5 10.135
13.5 9.595
13.5 9.645
13.5 9.6
13.5 9.835
13.5 9.585
13.5 9.785
13.5 9.915
13.5 10.33
13.5 10.195
13.5 10.225
13.5 9.485
13.5 9.815
13.5 9.68
13.5 10.04
13.5 10.265
13.5 9.745
13.5 9.745
13.5 9.53
13.5 9.705
13.5 9.73
13.5 10.015
13.5 9.46
13.5 9.84
13.5 9.675
13.5 9.645
13.5 9.235
13.5 9.615
13.5 9.555
13.5 9.6
13.5 9.72
13.5 9.555
13.5 9.35
13.5 9.175
13.5 9.935
13.5 9.49
13.5 9.45
13.5 9.765
13.5 9.295
13.5 9.915
13.5 9.785
13.5 9.49
13.5 9.7
13.5 9.405
13.5 9.255
13.5 9.695
13.5 10.015
13.5 9.74
13.5 9.745
13.5 9.255
13.5 9.515
13.5 9.645
13.5 9.685
13.5 9.335
13.5 9.355
13.5 9.575
13.5 9.505
13.5 9.35
13.5 9.79
13.5 9.73
13.5 9.775
13.5 9.635
13.5 9.575
13.5 9.65
13.5 9.57
13.5 9.47
13.5 9.47
13.5 9.235
13.5 9.525
13.5 9.48
13.5 10.175
13.5 9.995
13.5 9.735
13.5 9.525
13.5 9.445
13.5 9.645
13.5 10.28
13.5 9.825
13.5 9.84
13.5 9.735
13.5 9.325
13.5 9.68
13.5 9.99
13.5 9.305
13.5 9.785
13.5 9.695
13.5 9.28
13.5 9.66
13.5 9.665
13.5 9.565
13.5 9.81
13.5 9.855
13.5 10.175
13.5 9.695
13.5 9.665
13.5 9.795
13.5 9.715
13.5 9.49
13.5 9.46
13.5 9.105
13.5 9.26
13.5 9.59
13.5 9.725
13.5 9.525
13.5 9.23
13.5 9.315
13.5 9.9
13.5 9.71
13.5 9.995
13.5 9.665

Individual: [1, 2, 6, 7, 9, 14, 15, 18, 20]
   Fitness: 13.5
     Total: 9
Violations: 0 0

Individual: [1, 2, 4, 5, 7, 8, 16, 17, 19, 20]
   Fitness: 13.0
     Total: 10
Violations: 2 2

Individual: [1, 2, 4, 5, 10, 13, 14, 17, 19, 20]
   Fitness: 13.0
     Total: 10
Violations: 2 2

Individual: [1, 2, 6, 7, 9, 14, 15, 18, 20]
   Fitness: 13.5
     Total: 9
Violations: 0 0

Individual: [1, 2, 6, 7, 9, 14, 15, 18, 20]
   Fitness: 13.5
     Total: 9
Violations: 0 0

Individual: [1, 3, 6, 7, 12, 14, 15, 19, 20]
   Fitness: 13.5
     Total: 9
Violations: 0 0

Individual: [1, 2, 6, 7, 9, 14, 15, 18, 20]
   Fitness: 13.5
     Total: 9
Violations: 0 0

Individual: [1, 2, 6, 7, 9, 14, 15, 18, 20]
   Fitness: 13.5
     Total: 9
Violations: 0 0

Individual: [1, 2, 4, 5, 11, 13, 14, 16, 19, 20]
   Fitness: 13.0
     Total: 10
Violations: 2 2

Individual: [1, 2, 6, 7, 9, 14, 15, 18, 20]
   Fitness: 13.5
     Total: 9
Violations: 0 0
