10
500
10.5 2.985
11.5 7.155
12.0 8.67
12.5 9.465
12.5 10.18
13.0 11.065
13.0 11.43
13.0 11.93
13.0 12.415
13.0 12.525
13.0 12.765
13.0 12.64
13.0 12.79
13.0 12.65
13.0 12.835
13.0 12.635
13.0 12.655
13.0 12.735
13.0 12.76
13.0 12.685
13.0 12.74
13.0 12.645
13.0 12.615
13.0 12.775
13.0 12.815
13.0 12.675
13.0 12.595
13.0 12.82
13.0 12.8
13.0 12.745
13.0 12.63
13.0 12.775
13.0 12.875
13.0 12.73
13.0 12.745
13.0 12.66
13.0 12.71
13.0 12.735
13.0 12.82
13.0 12.81
13.0 12.725
13.0 12.775
13.0 12.64
13.0 12.73
13.0 12.68
13.0 12.69
13.0 12.63
13.0 12.705
13.0 12.755
13.0 12.62
13.0 12.77
13.0 12.715
13.0 12.85
13.0 12.625
13.0 12.735
13.0 12.625
13.0 12.83
13.0 12.745
13.0 12.82
13.0 12.68
13.0 12.655
13.0 12.655
13.0 12.69
13.0 12.755
13.0 12.715
13.0 12.72
13.0 12.7
13.0 12.765
13.0 12.475
13.0 12.555
13.0 12.775
13.0 12.795
13.0 12.745
13.0 12.81
13.0 12.795
13.0 12.7
13.0 12.765
13.0 12.8
13.0 12.8
13.0 12.79
13.0 12.655
13.0 12.635
13.0 12.68
13.0 12.74
13.0 12.785
13.0 12.905
13.0 12.855
13.0 12.66
13.0 12.88
13.0 12.84
13.0 12.705
13.0 12.67
13.0 12.73
13.0 12.76
13.0 12.65
13.0 12.75
13.0 12.685
13.0 12.74
13.0 12.845
13.0 12.61
13.0 12.67
13.0 12.84
13.0 12.8
13.0 12.64
13.0 12.725
13.0 12.75
13.0 12.745
13.0 12.755
13.0 12.675
13.0 12.77
13.0 12.72
13.0 12.775
13.0 12.745
13.0 12.65
13.0 12.685
13.0 12.825
13.0 12.55
13.0 12.73
13.0 12.815
13.0 12.65
13.0 12.705
13.0 12.75
13.0 12.925
13.0 12.88
13.0 12.565
13.0 12.84
13.0 12.67
13.0 12.665
13.0 12.54
13.0 12.76
13.0 12.86
13.0 12.685
13.0 12.78
13.0 12.785
13.0 12.595
13.0 12.63
13.0 12.855
13.0 12.7
13.0 12.785
13.0 12.865
13.0 12.58
13.0 12.65
13.0 12.775
13.0 12.85
13.0 12.81
13.0 12.56
13.0 12.74
13.0 12.775
13.0 12.72
13.0 12.745
13.0 12.785
13.0 12.69
13.0 12.68
13.0 12.645
13.0 12.745
13.0 12.585
13.0 12.515
13.0 12.85
13.0 12.615
13.0 12.77
13.0 12.725
13.0 12.74
13.0 12.76
13.0 12.72
13.0 12.755
13.0 12.675
13.0 12.81
13.0 12.665
13.0 12.725
13.0 12.565
13.0 12.67
13.0 12.705
13.0 12.67
13.0 12.865
13.0 12.695
13.0 12.725
13.0 12.765
13.0 12.75
13.0 12.58
13.0 12.795
13.0 12.75
13.0 12.75
13.0 12.785
13.0 12.82
13.0 12.625
13.0 12.695
13.0 12.825
13.0 12.725
13.0 12.64
13.0 12.91
13.0 12.685
13.0 12.68
13.0 12.705
13.0 12.74
13.0 12.84
13.0 12.725
13.0 12.705
13.0 12.89
13.0 12.615
13.0 12.575
13.0 12.825
13.0 12.73
13.0 12.835
13.0 12.82
13.0 12.725
13.0 12.7
13.0 12.67
13.0 12.64
13.0 12.75
13.0 12.665
13.0 12.685
13.0 12.65
13.0 12.88
13.0 12.705
13.0 12.665
13.0 12.635
13.0 12.595
13.0 12.7
13.0 12.715
13.0 12.515
13.0 12.765
13.0 12.655
13.0 12.59
13.0 12.655
13.0 12.775
13.0 12.83
13.0 12.775
13.0 12.65
13.0 12.81
13.0 12.745
13.0 12.715
13.0 12.68
13.0 12.7
13.0 12.76
13.0 12.745
13.0 12.715
13.0 12.815
13.0 12.735
13.0 12.76
13.0 12.78
13.0 12.865
13.0 12.77
13.0 12.795
13.0 12.61
13.0 12.885
13.0 12.71
13.0 12.76
13.0 12.65
13.0 12.81
13.0 12.605
13.0 12.745
13.0 12.85
13.0 12.52
13.0 12.79
13.0 12.835
13.0 12.7
13.0 12.86
13.0 12.84
13.0 12.77
13.0 12.83
13.0 12.715
13.0 12.81
13.0 12.61
13.0 12.715
13.0 12.66
13.0 12.755
13.0 12.71
13.0 12.55
13.0 12.71
13.0 12.705
13.0 12.895
13.0 12.835
13.0 12.675
13.0 12.73
13.0 12.685
13.0 12.735
13.0 12.84
13.0 12.84
13.0 12.69
13.0 12.82
13.0 12.64
13.0 12.835
13.0 12.525
13.0 12.74
13.0 12.715
13.0 12.62
13.0 12.74
13.0 12.705
13.0 12.735
13.0 12.855
13.0 12.69
13.0 12.755
13.0 12.83
13.0 12.845
13.0 12.745
13.0 12.83
13.0 12.765
13.0 12.78
13.0 12.79
13.0 12.715
13.0 12.745
13.0 12.775
13.0 12.855
13.0 12.72
13.0 12.78
13.0 12.705
13.0 12.805
13.0 12.845
13.0 12.725
13.0 12.52
13.0 12.765
13.0 12.68
13.0 12.745
13.0 12.705
13.0 12.8
13.0 12.73
13.0 12.83
13.0 12.795
13.0 12.585
13.0 12.675
13.0 12.68
13.0 12.695
13.0 12.755
13.0 12.745
13.0 12.755
13.0 12.76
13.0 12.61
13.0 12.685
13.0 12.65
13.0 12.645
13.0 12.655
13.0 12.675
13.0 12.805
13.0 12.66
13.0 12.69
13.0 12.695
13.0 12.71
13.0 12.56
13.0 12.815
13.0 12.58
13.0 12.795
13.0 12.65
13.0 12.78
13.0 12.71
13.0 12.79
13.0 12.67
13.0 12.795
13.0 12.885
13.0 12.655
13.0 12.64
13.0 12.75
13.0 12.785
13.0 12.705
13.0 12.765
13.0 12.67
13.0 12.68
13.0 12.835
13.0 12.88
13.0 12.88
13.0 12.695
13.0 12.82
13.0 12.775
13.0 12.755
13.0 12.77
13.0 12.705
13.0 12.575
13.0 12.765
13.0 12.725
13.0 12.795
13.0 12.68
13.0 12.74
13.0 12.85
13.0 12.78
13.0 12.77
13.0 12.68
13.0 12.695
13.0 12.605
13.0 12.69
13.0 12.72
13.0 12.695
13.0 12.675
13.0 12.615
13.0 12.755
13.0 12.635
13.0 12.735
13.0 12.695
13.0 12.695
13.0 12.86
13.0 12.735
13.0 12.625
13.0 12.61
13.0 12.675
13.0 12.705
13.0 12.79
13.0 12.69
13.0 12.695
13.0 12.66
13.0 12.52
13.0 12.72
13.0 12.69
13.0 12.66
13.0 12.795
13.0 12.645
13.0 12.62
13.0 12.655
13.0 12.755
13.0 12.865
13.0 12.705
13.0 12.77
13.0 12.555
13.0 12.755
13.0 12.745
13.0 12.675
13.0 12.705
13.0 12.82
13.0 12.72
13.0 12.825
13.0 12.79
13.0 12.785
13.0 12.8
13.0 12.765
13.0 12.745
13.0 12.685
13.0 12.865
13.0 12.58
13.0 12.685
13.0 12.745
13.0 12.75
13.0 12.705
13.0 12.695
13.0 12.825
13.0 12.775
13.0 12.76
13.0 12.855
13.0 12.57
13.0 12.625
13.0 12.805
13.0 12.775
13.0 12.75
13.0 12.755
13.0 12.785
13.0 12.615
13.0 12.735
13.0 12.805
13.0 12.625
13.0 12.805
13.0 12.66
13.0 12.74
13.0 12.74
13.0 12.69
13.0 12.7
13.0 12.68
13.0 12.59
13.0 12.6
13.0 12.79
13.0 12.615
13.0 12.745
13.0 12.735
13.0 12.8
13.0 12.825
13.0 12.795
13.0 12.615
13.0 12.9
13.0 12.795
13.0 12.76
13.0 12.68
13.0 12.675
13.0 12.77
13.0 12.735
13.0 12.72
13.0 12.83
13.0 12.575
13.0 12.695
13.0 12.75
13.0 12.7
13.0 12.84
13.0 12.725
13.0 12.715
13.0 12.78
13.0 12.55
13.0 12.75
13.0 12.765
13.0 12.745
13.0 12.685
13.0 12.69
13.0 12.76
13.0 12.735
13.0 12.71
13.0 12.89
13.0 12.79
13.0 12.8
13.0 12.59
13.0 12.63
13.0 12.685
13.0 12.685
13.0 12.63
13.0 12.675
13.0 12.69
13.0 12.91
13.0 12.865
500
10.0 3.595
11.5 7.015
11.5 7.99
11.5 8.89
11.5 9.28
11.5 9.55
11.5 10.005
12.0 10.6
12.0 11.065
12.0 11.43
12.0 11.51
12.0 11.625
12.0 11.835
12.0 11.78
12.0 11.8
12.0 11.815
12.0 11.83
12.0 11.765
12.0 11.875
12.0 11.825
12.0 11.835
12.0 11.91
12.0 11.645
12.0 11.83
12.0 11.72
12.0 11.76
12.0 11.82
12.0 11.805
12.0 11.86
12.0 11.815
12.0 11.755
12.0 11.735
12.0 11.84
12.0 11.785
12.0 11.72
12.0 11.735
12.0 11.64
12.0 11.76
12.0 11.835
12.0 11.775
12.0 11.75
12.0 11.87
12.0 11.82
12.0 11.79
12.0 11.86
12.0 11.73
12.0 11.765
12.0 11.73
12.0 11.765
12.0 11.69
12.0 11.83
12.0 11.78
12.0 11.775
12.0 11.8
12.0 11.83
12.0 11.75
12.0 11.84
12.0 11.835
12.0 11.775
12.0 11.77
12.0 11.78
12.0 11.84
12.0 11.89
12.0 11.7
12.0 11.73
12.0 11.795
12.0 11.86
12.0 11.79
12.0 11.815
12.0 11.74
12.0 11.63
12.0 11.82
12.0 11.78
12.0 11.855
12.0 11.775
12.0 11.765
12.0 11.78
12.0 11.75
12.0 11.855
12.0 11.78
12.0 11.83
12.0 11.735
12.0 11.72
12.0 11.8
12.0 11.835
12.0 11.725
12.0 11.74
12.0 11.855
12.0 11.785
12.0 11.72
12.0 11.785
12.0 11.79
12.0 11.69
12.0 11.725
12.0 11.71
12.0 11.805
12.0 11.805
12.0 11.875
12.0 11.83
12.0 11.785
12.0 11.835
12.0 11.71
12.0 11.83
12.0 11.845
12.0 11.69
12.0 11.83
12.0 11.73
12.0 11.715
12.0 11.75
12.0 11.765
12.0 11.845
12.0 11.825
12.0 11.835
12.0 11.785
12.0 11.755
12.0 11.84
12.0 11.71
12.0 11.835
12.0 11.705
12.0 11.83
12.0 11.8
12.0 11.675
12.0 11.795
12.0 11.77
12.0 11.775
12.0 11.79
12.0 11.86
12.0 11.71
12.0 11.785
12.0 11.745
12.0 11.715
12.0 11.825
12.0 11.78
12.0 11.835
12.0 11.73
12.0 11.82
12.0 11.935
12.0 11.89
12.0 11.845
12.0 11.79
12.0 11.815
12.0 11.785
12.0 11.775
12.0 11.845
12.0 11.805
12.0 11.84
12.0 11.78
12.0 11.785
12.0 11.81
12.0 11.795
12.0 11.765
12.0 11.705
12.0 11.82
12.0 11.82
12.0 11.7
12.0 11.785
12.0 11.805
12.0 11.795
12.0 11.77
12.0 11.765
12.0 11.795
12.0 11.8
12.0 11.8
12.0 11.755
12.0 11.855
12.0 11.765
12.0 11.725
12.0 11.765
12.0 11.8
12.0 11.755
12.0 11.765
12.0 11.84
12.0 11.71
12.0 11.735
12.0 11.795
12.0 11.72
12.0 11.73
12.0 11.79
12.0 11.66
12.0 11.81
12.0 11.815
12.0 11.78
12.0 11.72
12.0 11.855
12.0 11.74
12.0 11.805
12.0 11.805
12.0 11.745
12.0 11.825
12.0 11.765
12.0 11.805
12.0 11.84
12.0 11.755
12.0 11.745
12.0 11.87
12.0 11.745
12.0 11.815
12.0 11.715
12.0 11.81
12.0 11.76
12.0 11.7
12.0 11.85
12.0 11.755
12.0 11.76
12.0 11.795
12.0 11.83
12.0 11.82
12.0 11.77
12.0 11.7
12.0 11.755
12.0 11.855
12.0 11.655
12.0 11.79
12.0 11.795
12.0 11.76
12.0 11.785
12.0 11.8
12.0 11.775
12.0 11.85
12.0 11.775
12.0 11.835
12.0 11.795
12.0 11.745
12.0 11.83
12.0 11.775
12.0 11.82
12.0 11.84
12.0 11.85
12.0 11.78
12.0 11.76
12.0 11.82
12.0 11.79
12.0 11.795
12.0 11.765
12.0 11.78
12.0 11.73
12.0 11.93
12.0 11.73
12.0 11.765
12.0 11.795
12.0 11.845
12.0 11.89
12.0 11.785
12.0 11.76
12.0 11.8
12.0 11.725
12.0 11.735
12.0 11.83
12.0 11.845
12.0 11.725
12.0 11.735
12.0 11.76
12.0 11.83
12.0 11.82
12.0 11.86
12.0 11.77
12.0 11.77
12.0 11.86
12.0 11.765
12.0 11.865
12.0 11.85
12.0 11.74
12.0 11.645
12.0 11.835
12.0 11.83
12.0 11.77
12.0 11.72
12.0 11.83
12.0 11.76
12.0 11.855
12.0 11.77
12.0 11.79
12.0 11.805
12.0 11.825
12.0 11.87
12.0 11.865
12.0 11.805
12.0 11.785
12.0 11.72
12.0 11.825
12.0 11.725
12.0 11.785
12.0 11.7
12.0 11.72
12.0 11.76
12.0 11.835
12.0 11.815
12.0 11.81
12.0 11.79
12.0 11.745
12.0 11.69
12.0 11.835
12.0 11.735
12.0 11.86
12.0 11.715
12.0 11.725
12.0 11.79
12.0 11.75
12.0 11.735
12.0 11.865
12.0 11.765
12.0 11.78
12.0 11.87
12.0 11.765
12.0 11.8
12.0 11.79
12.0 11.75
12.0 11.815
12.0 11.815
12.0 11.805
12.0 11.79
12.0 11.72
12.0 11.795
12.0 11.82
12.0 11.745
12.0 11.795
12.0 11.8
12.0 11.84
12.0 11.82
12.0 11.755
12.0 11.73
12.0 11.79
12.0 11.865
12.0 11.775
12.0 11.83
12.0 11.85
12.0 11.815
12.0 11.765
12.0 11.825
12.0 11.77
12.0 11.82
12.0 11.85
12.0 11.76
12.5 11.77
12.5 11.75
12.5 11.725
12.5 11.86
12.5 11.8
12.5 11.94
12.5 12.07
12.5 11.785
12.5 12.335
12.5 12.235
12.5 12.045
12.5 12.155
12.5 12.24
12.5 12.335
12.5 12.325
12.5 12.205
12.5 12.045
12.5 12.205
12.5 12.275
12.5 12.21
12.5 12.28
12.5 12.275
12.5 12.11
12.5 12.3
12.5 12.145
12.5 12.295
12.5 12.135
12.5 12.18
12.5 12.25
12.5 12.095
12.5 12.075
12.5 12.22
12.5 12.21
12.5 12.205
12.5 12.26
12.5 12.15
12.5 12.295
12.5 12.195
12.5 11.995
12.5 12.115
12.5 12.22
12.5 12.23
12.5 12.27
12.5 12.03
12.5 12.22
12.5 12.385
12.5 12.03
12.5 12.305
12.5 12.12
12.5 12.38
12.5 12.26
12.5 12.31
12.5 12.035
12.5 12.31
12.5 12.1
12.5 12.16
12.5 12.18
12.5 12.29
12.5 12.145
12.5 11.975
12.5 12.13
12.5 12.24
12.5 12.22
12.5 12.045
12.5 12.185
12.5 12.12
12.5 12.355
12.5 12.185
12.5 12.12
12.5 12.275
12.5 12.26
12.5 12.3
12.5 12.35
12.5 12.12
12.5 12.21
12.5 12.12
12.5 12.225
12.5 12.155
12.5 12.295
12.5 12.28
12.5 12.22
12.5 12.245
12.5 12.045
12.5 12.13
12.5 12.2
12.5 12.11
12.5 12.06
12.5 12.125
12.5 12.105
12.5 12.175
12.5 12.185
12.5 12.25
12.5 12.18
12.5 12.25
12.5 12.305
12.5 12.33
12.5 12.095
12.5 12.21
12.5 12.165
12.5 12.21
12.5 12.055
12.5 12.265
12.5 12.225
12.5 12.275
12.5 12.09
12.5 12.255
12.5 12.185
12.5 12.22
12.5 12.145
12.5 12.255
12.5 12.305
12.5 12.305
12.5 12.285
12.5 12.38
12.5 12.24
12.5 11.94
12.5 12.095
12.5 12.215
12.5 12.345
12.5 12.28
12.5 12.18
12.5 12.26
12.5 12.18
12.5 12.185
12.5 12.07
12.5 12.23
12.5 12.29
12.5 12.075
12.5 12.145
12.5 12.265
12.5 12.215
12.5 12.195
12.5 12.205
12.5 12.03
12.5 12.16
12.5 12.285
12.5 12.105
12.5 12.23
12.5 12.125
12.5 12.055
12.5 12.335
12.5 12.305
12.5 12.185
12.5 12.27
12.5 12.115
12.5 12.3
12.5 12.35
12.5 12.09
12.5 12.255
12.5 12.155
12.5 11.905
12.5 12.215
12.5 12.3
12.5 12.295
12.5 12.02
12.5 12.245
12.5 12.115
12.5 12.295
12.5 12.01
12.5 12.205
12.5 12.1
12.5 12.34
12.5 12.315
12.5 12.33
12.5 12.16
12.5 12.15
12.5 11.97
500
11.0 3.465
11.5 7.28
11.5 8.565
12.0 9.345
12.0 9.945
12.5 10.44
12.5 10.81
13.0 10.905
13.0 11.595
13.0 11.76
13.0 11.935
13.0 12.175
13.0 12.235
13.0 12.425
13.0 12.55
13.0 12.665
13.0 12.68
13.0 12.885
13.0 12.71
13.0 12.8
13.0 12.64
13.0 12.795
13.0 12.825
13.0 12.715
13.0 12.645
13.0 12.565
13.0 12.65
13.0 12.555
13.0 12.785
13.0 12.765
13.0 12.72
13.0 12.875
13.0 12.855
13.0 12.87
13.0 12.775
13.0 12.71
13.0 12.745
13.0 12.665
13.0 12.76
13.0 12.86
13.0 12.69
13.0 12.635
13.0 12.765
13.0 12.685
13.0 12.815
13.0 12.82
13.0 12.825
13.0 12.68
13.0 12.85
13.0 12.79
13.0 12.645
13.0 12.83
13.0 12.76
13.0 12.8
13.0 12.815
13.0 12.69
13.0 12.775
13.0 12.77
13.0 12.81
13.0 12.795
13.0 12.86
13.0 12.82
13.0 12.66
13.0 12.765
13.0 12.89
13.0 12.85
13.0 12.6
13.0 12.595
13.0 12.805
13.0 12.82
13.0 12.755
13.0 12.69
13.0 12.78
13.0 12.585
13.0 12.71
13.0 12.755
13.0 12.895
13.0 12.835
13.0 12.535
13.0 12.745
13.0 12.7
13.0 12.83
13.0 12.66
13.0 12.695
13.0 12.6
13.0 12.69
13.0 12.87
13.0 12.785
13.0 12.76
13.0 12.655
13.0 12.655
13.0 12.79
13.0 12.815
13.0 12.685
13.0 12.87
13.0 12.825
13.0 12.82
13.0 12.81
13.0 12.82
13.0 12.67
13.0 12.565
13.0 12.74
13.0 12.765
13.0 12.73
13.0 12.445
13.0 12.755
13.0 12.755
13.0 12.69
13.0 12.84
13.0 12.65
13.0 12.9
13.0 12.805
13.0 12.8
13.0 12.84
13.0 12.79
13.0 12.92
13.0 12.765
13.0 12.635
13.0 12.71
13.0 12.8
13.0 12.73
13.0 12.685
13.0 12.655
13.0 12.795
13.0 12.83
13.0 12.735
13.0 12.89
13.0 12.65
13.0 12.695
13.0 12.74
13.0 12.65
13.0 12.87
13.0 12.83
13.0 12.81
13.0 12.62
13.0 12.81
13.0 12.645
13.0 12.67
13.0 12.745
13.0 12.65
13.0 12.655
13.0 12.565
13.0 12.765
13.0 12.695
13.0 12.535
13.0 12.765
13.0 12.645
13.0 12.6
13.0 12.66
13.0 12.83
13.0 12.7
13.0 12.64
13.0 12.805
13.0 12.69
13.0 12.64
13.0 12.785
13.0 12.65
13.0 12.79
13.0 12.57
13.0 12.815
13.0 12.605
13.0 12.845
13.0 12.69
13.0 12.85
13.0 12.685
13.0 12.66
13.0 12.69
13.0 12.715
13.0 12.54
13.0 12.87
13.0 12.75
13.0 12.8
13.0 12.795
13.0 12.655
13.0 12.57
13.0 12.675
13.0 12.695
13.0 12.82
13.0 12.8
13.0 12.875
13.0 12.685
13.0 12.765
13.0 12.74
13.0 12.7
13.0 12.74
13.0 12.78
13.0 12.705
13.0 12.8
13.0 12.585
13.0 12.79
13.0 12.755
13.0 12.53
13.0 12.785
13.0 12.77
13.0 12.745
13.0 12.7
13.0 12.885
13.0 12.74
13.0 12.73
13.0 12.675
13.0 12.71
13.0 12.835
13.0 12.585
13.0 12.59
13.0 12.855
13.0 12.71
13.0 12.81
13.0 12.79
13.0 12.75
13.0 12.795
13.0 12.89
13.0 12.725
13.0 12.71
13.0 12.72
13.0 12.75
13.0 12.615
13.0 12.725
13.0 12.755
13.0 12.68
13.0 12.78
13.0 12.69
13.0 12.78
13.0 12.565
13.0 12.765
13.0 12.625
13.0 12.76
13.0 12.77
13.0 12.82
13.0 12.78
13.0 12.85
13.0 12.72
13.0 12.87
13.0 12.77
13.0 12.81
13.0 12.61
13.0 12.73
13.0 12.735
13.0 12.88
13.0 12.67
13.0 12.79
13.0 12.605
13.0 12.875
13.0 12.77
13.0 12.7
13.0 12.72
13.0 12.765
13.0 12.7
13.0 12.755
13.0 12.77
13.0 12.715
13.0 12.795
13.0 12.48
13.0 12.84
13.0 12.74
13.0 12.8
13.0 12.68
13.0 12.865
13.0 12.785
13.0 12.79
13.0 12.76
13.0 12.76
13.0 12.795
13.0 12.59
13.0 12.705
13.0 12.765
13.0 12.815
13.0 12.825
13.0 12.805
13.0 12.835
13.0 12.675
13.0 12.78
13.0 12.78
13.0 12.65
13.0 12.645
13.0 12.77
13.0 12.77
13.0 12.765
13.0 12.765
13.0 12.865
13.0 12.745
13.0 12.755
13.0 12.775
13.0 12.75
13.0 12.75
13.0 12.78
13.0 12.605
13.0 12.845
13.0 12.695
13.0 12.785
13.0 12.72
13.0 12.73
13.0 12.805
13.0 12.545
13.0 12.69
13.0 12.74
13.0 12.65
13.0 12.855
13.0 12.73
13.0 12.81
13.0 12.785
13.0 12.875
13.0 12.83
13.0 12.85
13.0 12.595
13.0 12.8
13.0 12.74
13.0 12.68
13.0 12.79
13.0 12.72
13.0 12.78
13.0 12.645
13.0 12.635
13.0 12.75
13.0 12.925
13.0 12.84
13.0 12.735
13.0 12.655
13.0 12.825
13.0 12.725
13.0 12.81
13.0 12.7
13.0 12.72
13.0 12.77
13.0 12.72
13.0 12.86
13.0 12.51
13.0 12.815
13.0 12.705
13.0 12.85
13.0 12.72
13.0 12.56
13.0 12.62
13.0 12.595
13.0 12.76
13.0 12.76
13.0 12.77
13.0 12.675
13.0 12.705
13.0 12.825
13.0 12.67
13.0 12.78
13.0 12.645
13.0 12.865
13.0 12.77
13.0 12.77
13.0 12.725
13.0 12.655
13.0 12.765
13.0 12.745
13.0 12.635
13.0 12.69
13.0 12.82
13.0 12.805
13.0 12.535
13.0 12.825
13.0 12.765
13.0 12.815
13.0 12.795
13.0 12.88
13.0 12.705
13.0 12.805
13.0 12.755
13.0 12.63
13.0 12.74
13.0 12.475
13.0 12.805
13.0 12.725
13.0 12.795
13.0 12.485
13.0 12.735
13.0 12.74
13.0 12.75
13.0 12.72
13.0 12.805
13.0 12.77
13.0 12.795
13.0 12.87
13.0 12.715
13.0 12.795
13.0 12.75
13.0 12.775
13.0 12.64
13.0 12.61
13.0 12.635
13.0 12.665
13.0 12.57
13.0 12.83
13.0 12.65
13.0 12.8
13.0 12.68
13.0 12.805
13.0 12.775
13.0 12.89
13.0 12.505
13.0 12.745
13.0 12.655
13.0 12.705
13.0 12.78
13.0 12.735
13.0 12.79
13.0 12.72
13.0 12.665
13.0 12.79
13.0 12.78
13.0 12.795
13.0 12.82
13.0 12.745
13.0 12.845
13.0 12.61
13.0 12.745
13.0 12.61
13.0 12.805
13.0 12.78
13.0 12.845
13.0 12.79
13.0 12.745
13.0 12.695
13.0 12.7
13.0 12.78
13.0 12.695
13.0 12.74
13.0 12.735
13.0 12.72
13.0 12.73
13.0 12.795
13.0 12.71
13.0 12.775
13.0 12.74
13.0 12.62
13.0 12.74
13.0 12.655
13.0 12.725
13.0 12.82
13.0 12.785
13.0 12.575
13.0 12.755
13.0 12.655
13.0 12.575
13.0 12.72
13.0 12.76
13.0 12.72
13.0 12.68
13.0 12.715
13.0 12.75
13.0 12.595
13.0 12.565
13.0 12.725
13.0 12.76
13.0 12.73
13.0 12.825
13.0 12.785
13.0 12.68
13.0 12.72
13.0 12.695
13.0 12.675
13.0 12.695
13.0 12.73
13.0 12.75
13.0 12.83
13.0 12.88
13.0 12.56
13.0 12.805
13.0 12.81
13.0 12.66
13.0 12.91
13.0 12.7
13.0 12.75
13.0 12.78
13.0 12.815
13.0 12.765
13.0 12.665
13.0 12.765
13.0 12.755
13.0 12.745
13.0 12.71
13.0 12.635
13.0 12.645
13.0 12.65
13.0 12.82
13.0 12.685
13.0 12.77
13.0 12.4
13.0 12.84
13.0 12.815
13.0 12.815
13.0 12.715
13.0 12.655
13.0 12.69
13.0 12.835
13.0 12.885
13.0 12.855
13.0 12.77
13.0 12.8
13.0 12.745
13.0 12.515
13.0 12.69
13.0 12.78
13.0 12.635
13.0 12.73
13.0 12.53
500
12.0 4.1
12.5 7.745
12.5 8.885
12.5 9.69
13.0 10.48
13.0 11.15
13.0 11.715
13.0 12.2
13.0 12.58
13.5 12.525
13.5 12.56
13.5 12.725
13.5 12.605
13.5 12.87
13.5 13.015
13.5 13.085
13.5 13.175
13.5 13.085
13.5 13.175
13.5 13.275
13.5 13.12
13.5 13.16
13.5 13.215
13.5 13.305
13.5 13.105
13.5 13.085
13.5 13.155
13.5 13.29
13.5 13.155
13.5 13.215
13.5 13.2
13.5 13.245
13.5 13.31
13.5 13.165
13.5 13.125
13.5 13.155
13.5 13.155
13.5 13.27
13.5 13.125
13.5 13.05
13.5 13.07
13.5 13.185
13.5 13.285
13.5 13.035
13.5 13.2
13.5 13.29
13.5 13.35
13.5 13.17
13.5 13.29
13.5 13.21
13.5 13.235
13.5 13.28
13.5 13.13
13.5 13.065
13.5 13.205
13.5 13.16
13.5 13.255
13.5 13.25
13.5 13.23
13.5 13.115
13.5 13.03
13.5 13.125
13.5 13.27
13.5 13.26
13.5 13.335
13.5 13.255
13.5 13.28
13.5 13.285
13.5 13.095
13.5 13.215
13.5 13.195
13.5 13.255
13.5 12.995
13.5 13.21
13.5 13.25
13.5 13.12
13.5 13.305
13.5 13.2
13.5 13.27
13.5 13.28
13.5 13.22
13.5 13.175
13.5 13.255
13.5 13.185
13.5 13.13
13.5 13.18
13.5 13.19
13.5 13.455
13.5 13.215
13.5 13.36
13.5 13.14
13.5 13.165
13.5 13.205
13.5 13.195
13.5 13.215
13.5 13.265
13.5 13.095
13.5 13.15
13.5 13.26
13.5 13.26
13.5 13.225
13.5 13.175
13.5 13.285
13.5 13.25
13.5 13.29
13.5 13.125
13.5 13.27
13.5 13.245
13.5 13.205
13.5 13.255
13.5 13.345
13.5 13.215
13.5 13.185
13.5 13.38
13.5 13.255
13.5 13.245
13.5 13.17
13.5 13.25
13.5 13.16
13.5 13.2
13.5 13.275
13.5 13.115
13.5 13.21
13.5 13.155
13.5 13.255
13.5 13.16
13.5 13.32
13.5 13.02
13.5 13.315
13.5 13.305
13.5 13.18
13.5 13.235
13.5 13.165
13.5 13.025
13.5 13.175
13.5 13.25
13.5 13.275
13.5 13.185
13.5 13.065
13.5 13.31
13.5 13.27
13.5 13.335
13.5 13.305
13.5 13.235
13.5 13.23
13.5 13.105
13.5 13.19
13.5 13.3
13.5 13.175
13.5 13.155
13.5 13.23
13.5 13.185
13.5 13.17
13.5 13.26
13.5 13.32
13.5 13.335
13.5 13.03
13.5 13.155
13.5 13.095
13.5 13.12
13.5 13.1
13.5 13.12
13.5 13.435
13.5 13.205
13.5 13.31
13.5 13.135
13.5 13.265
13.5 13.23
13.5 13.305
13.5 13.225
13.5 13.265
13.5 13.24
13.5 13.08
13.5 13.23
13.5 13.095
13.5 13.115
13.5 13.24
13.5 13.14
13.5 13.28
13.5 13.215
13.5 13.045
13.5 13.235
13.5 13.16
13.5 13.125
13.5 13.27
13.5 13.33
13.5 13.12
13.5 13.165
13.5 13.18
13.5 13.37
13.5 13.23
13.5 13.24
13.5 13.175
13.5 13.375
13.5 13.175
13.5 13.21
13.5 13.24
13.5 13.15
13.5 13.2
13.5 13.155
13.5 13.245
13.5 13.27
13.5 13.135
13.5 13.34
13.5 13.195
13.5 13.15
13.5 13.145
13.5 13.26
13.5 13.13
13.5 13.175
13.5 13.105
13.5 13.23
13.5 13.315
13.5 13.305
13.5 13.265
13.5 13.075
13.5 13.27
13.5 13.035
13.5 13.26
13.5 13.23
13.5 13.225
13.5 13.115
13.5 13.11
13.5 13.335
13.5 13.305
13.5 13.295
13.5 13.22
13.5 13.09
13.5 13.19
13.5 13.305
13.5 13.3
13.5 13.105
13.5 13.23
13.5 13.125
13.5 13.22
13.5 13.305
13.5 13.13
13.5 13.275
13.5 13.35
13.5 13.015
13.5 13.075
13.5 13.155
13.5 13.13
13.5 13.2
13.5 13.26
13.5 13.31
13.5 13.185
13.5 13.095
13.5 13.225
13.5 13.345
13.5 13.11
13.5 13.17
13.5 13.185
13.5 13.065
13.5 13.25
13.5 13.21
13.5 13.13
13.5 13.125
13.5 13.32
13.5 13.215
13.5 13.305
13.5 13.275
13.5 13.295
13.5 13.25
13.5 13.305
13.5 13.145
13.5 13.25
13.5 13.26
13.5 13.205
13.5 13.19
13.5 13.255
13.5 13.255
13.5 13.16
13.5 13.255
13.5 13.245
13.5 13.015
13.5 13.235
13.5 13.135
13.5 13.285
13.5 13.135
13.5 12.99
13.5 13.165
13.5 13.295
13.5 13.09
13.5 13.25
13.5 13.205
13.5 13.26
13.5 13.17
13.5 13.27
13.5 13.105
13.5 13.25
13.5 13.315
13.5 13.23
13.5 13.13
13.5 13.275
13.5 12.985
13.5 13.21
13.5 13.205
13.5 13.14
13.5 13.205
13.5 13.145
13.5 13.33
13.5 13.095
13.5 13.345
13.5 13.255
13.5 13.045
13.5 13.175
13.5 13.145
13.5 13.315
13.5 13.205
13.5 13.3
13.5 13.22
13.5 13.27
13.5 13.235
13.5 13.24
13.5 13.25
13.5 13.2
13.5 13.28
13.5 13.39
13.5 13.075
13.5 13.17
13.5 13.21
13.5 13.195
13.5 13.29
13.5 13.225
13.5 13.09
13.5 13.16
13.5 13.24
13.5 13.21
13.5 13.18
13.5 13.35
13.5 13.125
13.5 13.155
13.5 13.025
13.5 12.97
13.5 12.995
13.5 13.05
13.5 13.26
13.5 12.95
13.5 13.41
13.5 13.11
13.5 13.165
13.5 13.245
13.5 13.31
13.5 13.17
13.5 13.185
13.5 12.995
13.5 13.075
13.5 13.155
13.5 13.27
13.5 13.205
13.5 13.15
13.5 13.33
13.5 13.225
13.5 13.095
13.5 13.075
13.5 13.3
13.5 13.095
13.5 13.22
13.5 13.305
13.5 13.155
13.5 13.155
13.5 13.29
13.5 13.18
13.5 13.26
13.5 13.345
13.5 13.225
13.5 13.235
13.5 13.205
13.5 13.305
13.5 13.25
13.5 13.235
13.5 13.16
13.5 13.18
13.5 13.115
13.5 13.23
13.5 13.16
13.5 13.085
13.5 13.1
13.5 13.26
13.5 13.23
13.5 13.18
13.5 13.12
13.5 13.17
13.5 13.255
13.5 13.165
13.5 13.13
13.5 13.37
13.5 13.22
13.5 13.105
13.5 13.15
13.5 13.085
13.5 13.195
13.5 13.28
13.5 13.235
13.5 13.23
13.5 13.18
13.5 13.21
13.5 13.31
13.5 13.235
13.5 13.355
13.5 13.245
13.5 13.25
13.5 13.25
13.5 13.25
13.5 13.185
13.5 13.23
13.5 13.135
13.5 13.21
13.5 13.19
13.5 13.225
13.5 13.24
13.5 13.255
13.5 13.065
13.5 13.24
13.5 13.05
13.5 13.26
13.5 13.145
13.5 13.255
13.5 13.0
13.5 13.21
13.5 13.19
13.5 13.3
13.5 13.175
13.5 13.275
13.5 13.165
13.5 13.225
13.5 13.225
13.5 13.2
13.5 13.21
13.5 13.095
13.5 13.165
13.5 13.19
13.5 13.19
13.5 13.29
13.5 13.28
13.5 13.15
13.5 13.255
13.5 13.21
13.5 13.38
13.5 13.24
13.5 13.26
13.5 13.205
13.5 13.065
13.5 13.24
13.5 13.275
13.5 13.35
13.5 13.31
13.5 13.345
13.5 13.38
13.5 13.39
13.5 13.22
13.5 13.395
13.5 13.235
13.5 13.21
13.5 13.165
13.5 13.27
13.5 13.305
13.5 13.225
13.5 13.35
13.5 13.255
13.5 13.16
13.5 13.255
13.5 13.33
13.5 13.28
13.5 13.27
13.5 13.22
13.5 13.21
13.5 13.28
13.5 13.16
13.5 13.24
13.5 13.265
13.5 13.275
13.5 13.305
13.5 13.125
13.5 13.23
13.5 13.255
13.5 13.045
13.5 13.09
13.5 13.17
13.5 13.22
13.5 13.325
13.5 13.25
13.5 13.23
13.5 13.21
13.5 13.17
13.5 13.14
13.5 13.15
13.5 13.24
13.5 13.23
13.5 13.275
13.5 13.335
13.5 12.995
13.5 13.28
13.5 13.27
13.5 13.29
13.5 13.32
13.5 13.2
13.5 13.155
13.5 13.23
500
11.5 3.585
11.5 7.22
12.5 8.965
12.5 9.41
12.5 10.145
12.5 10.84
12.5 11.38
13.0 11.69
13.0 11.99
13.0 12.145
13.0 11.98
13.0 11.81
13.0 11.915
13.0 11.975
13.0 12.115
13.0 12.32
13.0 12.595
13.0 12.575
13.0 12.75
13.0 12.7
13.0 12.86
13.0 12.705
13.0 12.78
13.0 12.83
13.0 12.815
13.0 12.815
13.0 12.775
13.0 12.85
13.0 12.81
13.0 12.675
13.0 12.69
13.0 12.695
13.0 12.76
13.0 12.76
13.0 12.855
13.0 12.76
13.0 12.8
13.0 12.685
13.0 12.815
13.0 12.72
13.0 12.655
13.0 12.78
13.0 12.645
13.0 12.81
13.0 12.895
13.0 12.735
13.0 12.795
13.0 12.49
13.0 12.825
13.0 12.74
13.0 12.725
13.0 12.565
13.0 12.69
13.0 12.665
13.0 12.875
13.0 12.765
13.0 12.78
13.0 12.72
13.0 12.93
13.0 12.755
13.0 12.715
13.0 12.75
13.0 12.83
13.0 12.845
13.0 12.585
13.0 12.695
13.0 12.825
13.0 12.895
13.0 12.73
13.0 12.66
13.0 12.74
13.0 12.775
13.0 12.745
13.0 12.595
13.0 12.75
13.0 12.755
13.0 12.76
13.0 12.7
13.0 12.645
13.0 12.705
13.0 12.725
13.0 12.81
13.0 12.725
13.0 12.665
13.0 12.69
13.0 12.795
13.0 12.815
13.0 12.845
13.0 12.84
13.0 12.825
13.0 12.465
13.0 12.92
13.0 12.83
13.0 12.82
13.0 12.595
13.0 12.82
13.0 12.795
13.0 12.785
13.0 12.7
13.0 12.8
13.0 12.875
13.0 12.745
13.0 12.825
13.0 12.745
13.0 12.605
13.0 12.73
13.0 12.855
13.0 12.77
13.0 12.73
13.0 12.725
13.0 12.84
13.0 12.74
13.0 12.755
13.0 12.625
13.0 12.66
13.0 12.655
13.0 12.76
13.0 12.605
13.0 12.815
13.0 12.68
13.0 12.79
13.0 12.72
13.0 12.535
13.0 12.67
13.0 12.765
13.0 12.635
13.0 12.78
13.0 12.81
13.0 12.65
13.0 12.755
13.0 12.73
13.0 12.67
13.0 12.68
13.0 12.795
13.0 12.775
13.0 12.84
13.0 12.715
13.0 12.855
13.0 12.605
13.0 12.755
13.0 12.655
13.0 12.62
13.0 12.78
13.0 12.82
13.0 12.78
13.0 12.745
13.0 12.595
13.0 12.795
13.0 12.85
13.0 12.61
13.0 12.765
13.0 12.51
13.0 12.72
13.0 12.73
13.0 12.78
13.0 12.835
13.0 12.78
13.0 12.785
13.0 12.67
13.0 12.715
13.0 12.71
13.0 12.76
13.0 12.685
13.0 12.725
13.0 12.875
13.0 12.785
13.0 12.845
13.0 12.78
13.0 12.735
13.0 12.695
13.0 12.565
13.0 12.67
13.0 12.72
13.0 12.755
13.0 12.81
13.0 12.78
13.0 12.75
13.0 12.65
13.0 12.67
13.0 12.855
13.0 12.75
13.0 12.64
13.0 12.745
13.0 12.78
13.0 12.625
13.0 12.745
13.0 12.91
13.0 12.69
13.0 12.84
13.0 12.66
13.0 12.68
13.0 12.765
13.0 12.695
13.0 12.615
13.0 12.725
13.0 12.57
13.0 12.735
13.0 12.87
13.0 12.845
13.0 12.705
13.0 12.77
13.0 12.83
13.0 12.795
13.0 12.635
13.0 12.65
13.0 12.89
13.0 12.765
13.0 12.855
13.0 12.76
13.0 12.795
13.0 12.775
13.0 12.79
13.0 12.705
13.0 12.785
13.0 12.725
13.0 12.79
13.0 12.68
13.0 12.54
13.0 12.685
13.0 12.895
13.0 12.805
13.0 12.85
13.0 12.795
13.0 12.84
13.0 12.555
13.0 12.585
13.0 12.81
13.0 12.665
13.0 12.735
13.0 12.84
13.0 12.825
13.0 12.745
13.0 12.91
13.0 12.685
13.0 12.82
13.0 12.75
13.0 12.75
13.0 12.735
13.0 12.82
13.0 12.755
13.0 12.835
13.0 12.795
13.0 12.83
13.0 12.805
13.0 12.77
13.0 12.83
13.0 12.715
13.0 12.705
13.0 12.765
13.0 12.655
13.0 12.775
13.0 12.825
13.0 12.795
13.0 12.7
13.0 12.805
13.0 12.76
13.0 12.66
13.0 12.73
13.0 12.655
13.0 12.665
13.0 12.69
13.0 12.465
13.0 12.705
13.0 12.695
13.0 12.74
13.0 12.75
13.0 12.76
13.0 12.775
13.0 12.745
13.0 12.625
13.0 12.725
13.0 12.73
13.0 12.64
13.0 12.8
13.0 12.75
13.0 12.71
13.0 12.735
13.0 12.82
13.0 12.86
13.0 12.705
13.0 12.705
13.0 12.72
13.0 12.83
13.0 12.72
13.0 12.725
13.0 12.8
13.0 12.74
13.0 12.665
13.0 12.55
13.0 12.785
13.0 12.785
13.0 12.705
13.0 12.785
13.0 12.86
13.0 12.875
13.0 12.775
13.0 12.65
13.0 12.83
13.0 12.795
13.0 12.755
13.0 12.675
13.0 12.84
13.0 12.795
13.0 12.825
13.0 12.895
13.0 12.765
13.0 12.81
13.0 12.915
13.0 12.72
13.0 12.66
13.0 12.76
13.0 12.725
13.0 12.745
13.0 12.795
13.0 12.77
13.0 12.8
13.0 12.7
13.0 12.725
13.0 12.94
13.0 12.79
13.0 12.785
13.0 12.79
13.0 12.8
13.0 12.52
13.0 12.76
13.0 12.79
13.0 12.855
13.0 12.71
13.0 12.635
13.0 12.67
13.0 12.675
13.0 12.73
13.0 12.75
13.0 12.66
13.0 12.79
13.0 12.625
13.0 12.83
13.0 12.845
13.0 12.89
13.0 12.93
13.0 12.685
13.0 12.74
13.0 12.55
13.0 12.665
13.0 12.625
13.0 12.76
13.0 12.83
13.0 12.775
13.0 12.86
13.0 12.72
13.0 12.795
13.0 12.87
13.0 12.765
13.0 12.795
13.0 12.685
13.0 12.745
13.0 12.7
13.0 12.725
13.0 12.725
13.0 12.63
13.0 12.73
13.0 12.82
13.0 12.795
13.0 12.765
13.0 12.715
13.0 12.72
13.0 12.6
13.0 12.675
13.0 12.715
13.0 12.8
13.0 12.72
13.0 12.77
13.0 12.785
13.0 12.73
13.0 12.695
13.0 12.74
13.0 12.745
13.0 12.7
13.0 12.73
13.0 12.83
13.0 12.765
13.0 12.815
13.0 12.83
13.0 12.77
13.0 12.665
13.0 12.82
13.0 12.6
13.0 12.79
13.0 12.645
13.0 12.485
13.0 12.77
13.0 12.745
13.0 12.87
13.0 12.69
13.0 12.485
13.0 12.725
13.0 12.805
13.0 12.675
13.0 12.79
13.0 12.68
13.0 12.855
13.0 12.825
13.0 12.83
13.0 12.7
13.0 12.91
13.0 12.745
13.0 12.68
13.0 12.8
13.0 12.785
13.0 12.775
13.0 12.81
13.0 12.76
13.0 12.795
13.0 12.72
13.0 12.665
13.0 12.65
13.0 12.65
13.0 12.685
13.0 12.82
13.0 12.76
13.0 12.715
13.0 12.855
13.0 12.735
13.0 12.785
13.0 12.73
13.0 12.685
13.0 12.71
13.0 12.76
13.0 12.705
13.0 12.815
13.0 12.705
13.0 12.63
13.0 12.675
13.0 12.74
13.0 12.755
13.0 12.82
13.0 12.71
13.0 12.755
13.0 12.575
13.0 12.825
13.0 12.775
13.0 12.8
13.0 12.69
13.0 12.84
13.0 12.595
13.0 12.755
13.0 12.71
13.0 12.765
13.0 12.81
13.0 12.73
13.0 12.725
13.0 12.87
13.0 12.825
13.0 12.665
13.0 12.79
13.0 12.8
13.0 12.75
13.0 12.755
13.0 12.74
13.0 12.715
13.0 12.635
13.0 12.69
13.0 12.705
13.0 12.755
13.0 12.72
13.0 12.745
13.0 12.76
13.0 12.645
13.0 12.785
13.0 12.585
13.0 12.625
13.0 12.73
13.0 12.695
13.0 12.765
13.0 12.745
13.0 12.725
13.0 12.665
13.0 12.7
13.0 12.705
13.0 12.705
13.0 12.83
13.0 12.74
13.0 12.635
13.0 12.8
13.0 12.615
13.0 12.74
13.0 12.83
13.0 12.785
13.0 12.805
13.0 12.84
13.0 12.825
13.0 12.845
13.0 12.855
13.0 12.7
13.0 12.615
13.0 12.705
13.0 12.845
13.0 12.735
13.0 12.61
13.0 12.625
500
11.5 4.81
11.5 7.435
11.5 8.41
12.0 8.935
13.0 9.57
13.0 10.22
13.0 10.825
13.0 11.645
13.0 11.97
13.0 12.17
13.0 12.865
13.0 12.735
13.0 12.57
13.0 12.63
13.0 12.775
13.0 12.685
13.0 12.65
13.0 12.655
13.0 12.73
13.0 12.735
13.0 12.575
13.0 12.71
13.0 12.605
13.0 12.75
13.0 12.55
13.0 12.795
13.0 12.775
13.0 12.705
13.0 12.81
13.0 12.62
13.0 12.705
13.0 12.76
13.0 12.76
13.0 12.6
13.0 12.46
13.0 12.625
13.0 12.84
13.0 12.825
13.0 12.75
13.0 12.83
13.0 12.83
13.0 12.93
13.0 12.795
13.0 12.83
13.0 12.7
13.0 12.76
13.0 12.76
13.0 12.64
13.0 12.785
13.0 12.8
13.0 12.47
13.0 12.83
13.0 12.83
13.0 12.575
13.0 12.615
13.0 12.68
13.0 12.76
13.0 12.85
13.0 12.705
13.0 12.635
13.0 12.735
13.0 12.77
13.0 12.76
13.0 12.76
13.0 12.695
13.0 12.805
13.0 12.61
13.0 12.695
13.0 12.805
13.0 12.71
13.0 12.795
13.0 12.7
13.0 12.655
13.0 12.765
13.0 12.77
13.0 12.675
13.0 12.765
13.0 12.67
13.0 12.64
13.0 12.62
13.0 12.575
13.0 12.78
13.0 12.855
13.0 12.675
13.0 12.725
13.0 12.765
13.0 12.725
13.0 12.86
13.0 12.71
13.0 12.725
13.0 12.645
13.0 12.71
13.0 12.76
13.0 12.68
13.0 12.825
13.0 12.585
13.0 12.76
13.0 12.815
13.0 12.69
13.0 12.74
13.0 12.645
13.0 12.62
13.0 12.73
13.0 12.735
13.0 12.625
13.0 12.655
13.0 12.765
13.0 12.57
13.0 12.9
13.0 12.765
13.0 12.81
13.0 12.645
13.0 12.875
13.0 12.615
13.0 12.805
13.0 12.71
13.0 12.73
13.0 12.885
13.0 12.81
13.0 12.67
13.0 12.7
13.0 12.77
13.0 12.865
13.0 12.755
13.0 12.68
13.0 12.8
13.0 12.79
13.0 12.8
13.0 12.73
13.0 12.61
13.0 12.66
13.0 12.705
13.0 12.71
13.0 12.745
13.0 12.695
13.0 12.635
13.0 12.8
13.0 12.635
13.0 12.675
13.0 12.705
13.0 12.685
13.0 12.66
13.0 12.675
13.0 12.635
13.0 12.605
13.0 12.595
13.0 12.665
13.0 12.74
13.0 12.565
13.0 12.875
13.0 12.885
13.0 12.705
13.0 12.74
13.0 12.72
13.0 12.535
13.0 12.685
13.0 12.72
13.0 12.875
13.0 12.8
13.0 12.67
13.0 12.8
13.0 12.745
13.0 12.8
13.0 12.875
13.0 12.7
13.0 12.785
13.0 12.8
13.0 12.7
13.0 12.91
13.0 12.73
13.0 12.805
13.0 12.595
13.0 12.865
13.0 12.735
13.0 12.685
13.0 12.79
13.0 12.83
13.0 12.83
13.0 12.67
13.0 12.58
13.0 12.73
13.0 12.805
13.0 12.685
13.0 12.665
13.0 12.79
13.0 12.73
13.0 12.75
13.0 12.765
13.0 12.765
13.0 12.735
13.0 12.77
13.0 12.6
13.0 12.795
13.0 12.755
13.0 12.695
13.0 12.63
13.0 12.77
13.0 12.67
13.0 12.745
13.0 12.6
13.0 12.795
13.0 12.905
13.0 12.69
13.0 12.69
13.0 12.54
13.0 12.705
13.0 12.68
13.0 12.695
13.0 12.65
13.0 12.615
13.0 12.765
13.0 12.925
13.0 12.825
13.0 12.815
13.0 12.675
13.0 12.635
13.0 12.695
13.0 12.675
13.0 12.71
13.0 12.64
13.0 12.765
13.0 12.675
13.0 12.795
13.0 12.7
13.0 12.63
13.0 12.735
13.0 12.685
13.0 12.705
13.0 12.8
13.0 12.77
13.0 12.735
13.0 12.785
13.0 12.775
13.0 12.705
13.0 12.735
13.0 12.605
13.0 12.75
13.0 12.64
13.0 12.735
13.0 12.775
13.0 12.7
13.0 12.765
13.0 12.85
13.0 12.64
13.0 12.645
13.0 12.825
13.0 12.71
13.0 12.765
13.0 12.68
13.0 12.85
13.0 12.755
13.0 12.865
13.0 12.655
13.0 12.665
13.0 12.795
13.0 12.725
13.0 12.71
13.0 12.765
13.0 12.695
13.0 12.81
13.0 12.885
13.0 12.89
13.0 12.66
13.0 12.76
13.0 12.745
13.0 12.815
13.0 12.77
13.0 12.765
13.0 12.815
13.0 12.765
13.0 12.68
13.0 12.79
13.0 12.745
13.0 12.8
13.0 12.505
13.0 12.62
13.0 12.745
13.0 12.83
13.0 12.595
13.0 12.575
13.0 12.855
13.0 12.755
13.0 12.72
13.0 12.71
13.0 12.725
13.0 12.74
13.0 12.82
13.0 12.685
13.0 12.65
13.0 12.775
13.0 12.755
13.0 12.795
13.0 12.83
13.0 12.8
13.0 12.82
13.0 12.715
13.0 12.81
13.0 12.915
13.0 12.85
13.0 12.76
13.0 12.76
13.0 12.68
13.0 12.775
13.0 12.715
13.0 12.66
13.0 12.745
13.0 12.705
13.0 12.695
13.0 12.765
13.0 12.805
13.0 12.765
13.0 12.68
13.0 12.815
13.0 12.82
13.0 12.79
13.0 12.655
13.0 12.785
13.0 12.71
13.0 12.815
13.0 12.77
13.0 12.815
13.0 12.695
13.0 12.6
13.0 12.64
13.0 12.86
13.0 12.89
13.0 12.645
13.0 12.68
13.0 12.68
13.0 12.725
13.0 12.69
13.0 12.53
13.0 12.67
13.0 12.695
13.0 12.85
13.0 12.815
13.0 12.8
13.0 12.845
13.0 12.8
13.0 12.645
13.0 12.85
13.0 12.78
13.0 12.885
13.0 12.595
13.0 12.785
13.0 12.655
13.0 12.795
13.0 12.735
13.0 12.795
13.0 12.865
13.0 12.795
13.0 12.795
13.0 12.735
13.0 12.72
13.0 12.67
13.0 12.74
13.0 12.735
13.0 12.685
13.0 12.715
13.0 12.69
13.0 12.505
13.0 12.7
13.0 12.61
13.0 12.665
13.0 12.805
13.0 12.58
13.0 12.72
13.0 12.765
13.0 12.685
13.0 12.735
13.0 12.75
13.0 12.785
13.0 12.71
13.0 12.895
13.0 12.705
13.0 12.92
13.0 12.845
13.0 12.815
13.0 12.725
13.0 12.635
13.0 12.81
13.0 12.725
13.0 12.69
13.0 12.785
13.0 12.705
13.0 12.71
13.0 12.645
13.0 12.795
13.0 12.825
13.0 12.705
13.0 12.69
13.0 12.63
13.0 12.66
13.0 12.6
13.0 12.78
13.0 12.705
13.0 12.675
13.0 12.78
13.0 12.62
13.0 12.825
13.0 12.815
13.0 12.77
13.0 12.75
13.0 12.845
13.0 12.58
13.0 12.715
13.0 12.74
13.0 12.855
13.0 12.65
13.0 12.855
13.0 12.75
13.0 12.825
13.0 12.85
13.0 12.85
13.0 12.7
13.0 12.84
13.0 12.725
13.0 12.66
13.0 12.685
13.0 12.67
13.0 12.745
13.0 12.75
13.0 12.775
13.0 12.605
13.0 12.82
13.0 12.8
13.0 12.715
13.0 12.665
13.0 12.8
13.0 12.715
13.0 12.835
13.0 12.79
13.0 12.79
13.0 12.71
13.0 12.785
13.0 12.765
13.0 12.495
13.0 12.635
13.0 12.71
13.0 12.735
13.0 12.815
13.0 12.71
13.0 12.84
13.0 12.735
13.0 12.83
13.0 12.68
13.0 12.78
13.0 12.785
13.0 12.765
13.0 12.65
13.0 12.62
13.0 12.815
13.0 12.565
13.0 12.6
13.0 12.8
13.0 12.755
13.0 12.71
13.0 12.73
13.0 12.785
13.0 12.8
13.0 12.805
13.0 12.6
13.0 12.705
13.0 12.765
13.0 12.625
13.0 12.895
13.0 12.765
13.0 12.65
13.0 12.73
13.0 12.75
13.0 12.74
13.0 12.715
13.0 12.755
13.0 12.795
13.0 12.75
13.0 12.71
13.0 12.74
13.0 12.53
13.0 12.485
13.0 12.76
13.0 12.72
13.0 12.74
13.0 12.815
13.0 12.765
13.0 12.84
13.0 12.83
13.0 12.755
13.0 12.735
13.0 12.66
13.0 12.68
13.0 12.73
13.0 12.74
13.0 12.73
13.0 12.69
13.0 12.72
13.0 12.8
13.0 12.64
13.0 12.72
13.0 12.815
13.0 12.71
500
10.5 3.07
11.0 7.245
11.5 8.62
11.5 9.605
13.0 9.915
13.0 10.665
13.0 11.27
13.0 11.755
13.0 12.17
13.0 12.66
13.0 12.745
13.0 12.69
13.0 12.64
13.0 12.6
13.0 12.505
13.0 12.745
13.0 12.82
13.0 12.775
13.0 12.795
13.0 12.655
13.0 12.735
13.0 12.8
13.0 12.55
13.0 12.715
13.0 12.86
13.0 12.785
13.0 12.715
13.0 12.725
13.0 12.72
13.0 12.62
13.0 12.7
13.0 12.745
13.0 12.755
13.0 12.61
13.0 12.785
13.0 12.645
13.0 12.71
13.0 12.695
13.0 12.705
13.0 12.68
13.0 12.865
13.0 12.605
13.0 12.72
13.0 12.515
13.0 12.89
13.0 12.805
13.0 12.745
13.0 12.795
13.0 12.785
13.0 12.76
13.0 12.8
13.0 12.805
13.0 12.65
13.0 12.805
13.0 12.89
13.0 12.725
13.0 12.645
13.0 12.775
13.0 12.65
13.0 12.72
13.0 12.77
13.0 12.82
13.0 12.65
13.0 12.605
13.0 12.775
13.0 12.76
13.0 12.68
13.0 12.5
13.0 12.765
13.0 12.74
13.0 12.61
13.0 12.775
13.0 12.82
13.0 12.83
13.0 12.6
13.0 12.715
13.0 12.695
13.0 12.855
13.0 12.74
13.0 12.71
13.0 12.81
13.0 12.665
13.0 12.87
13.0 12.795
13.0 12.72
13.0 12.78
13.0 12.895
13.0 12.59
13.0 12.85
13.0 12.705
13.0 12.625
13.0 12.745
13.0 12.83
13.0 12.695
13.0 12.735
13.0 12.845
13.0 12.785
13.0 12.76
13.0 12.755
13.0 12.83
13.0 12.655
13.0 12.65
13.0 12.705
13.0 12.785
13.0 12.61
13.0 12.805
13.0 12.545
13.0 12.695
13.0 12.88
13.0 12.53
13.0 12.79
13.0 12.655
13.0 12.775
13.0 12.76
13.0 12.695
13.0 12.86
13.0 12.765
13.0 12.765
13.0 12.745
13.0 12.775
13.0 12.725
13.0 12.81
13.0 12.58
13.0 12.545
13.0 12.54
13.0 12.75
13.0 12.865
13.0 12.585
13.0 12.905
13.0 12.845
13.0 12.59
13.0 12.845
13.0 12.56
13.0 12.815
13.0 12.725
13.0 12.73
13.0 12.755
13.0 12.775
13.0 12.83
13.0 12.715
13.0 12.87
13.0 12.655
13.0 12.775
13.0 12.69
13.0 12.75
13.0 12.73
13.0 12.625
13.0 12.785
13.0 12.8
13.0 12.755
13.0 12.73
13.0 12.695
13.0 12.735
13.0 12.74
13.0 12.83
13.0 12.7
13.0 12.715
13.0 12.8
13.0 12.695
13.0 12.67
13.0 12.86
13.0 12.705
13.0 12.875
13.0 12.66
13.0 12.73
13.0 12.755
13.0 12.72
13.0 12.635
13.0 12.77
13.0 12.8
13.0 12.73
13.0 12.585
13.0 12.745
13.0 12.915
13.0 12.83
13.0 12.75
13.0 12.87
13.0 12.775
13.0 12.84
13.0 12.685
13.0 12.84
13.0 12.805
13.0 12.76
13.0 12.66
13.0 12.78
13.0 12.725
13.0 12.77
13.0 12.725
13.0 12.7
13.0 12.66
13.0 12.73
13.0 12.625
13.0 12.615
13.0 12.715
13.0 12.74
13.0 12.755
13.0 12.77
13.0 12.855
13.0 12.525
13.0 12.69
13.0 12.53
13.0 12.68
13.0 12.69
13.0 12.89
13.0 12.81
13.0 12.7
13.0 12.815
13.0 12.8
13.0 12.79
13.0 12.87
13.0 12.64
13.0 12.665
13.0 12.82
13.0 12.8
13.0 12.7
13.0 12.69
13.0 12.645
13.0 12.735
13.0 12.655
13.0 12.835
13.0 12.725
13.0 12.625
13.0 12.68
13.0 12.88
13.0 12.68
13.0 12.8
13.0 12.745
13.0 12.785
13.0 12.725
13.0 12.615
13.0 12.77
13.0 12.675
13.0 12.75
13.0 12.85
13.0 12.855
13.0 12.73
13.0 12.77
13.0 12.795
13.0 12.775
13.0 12.795
13.0 12.805
13.0 12.76
13.0 12.73
13.0 12.925
13.0 12.665
13.0 12.815
13.0 12.775
13.0 12.81
13.0 12.7
13.0 12.76
13.0 12.78
13.0 12.825
13.0 12.855
13.0 12.82
13.0 12.805
13.0 12.845
13.0 12.785
13.0 12.7
13.0 12.875
13.0 12.745
13.0 12.69
13.0 12.785
13.0 12.665
13.0 12.82
13.0 12.82
13.0 12.745
13.0 12.775
13.0 12.66
13.0 12.76
13.0 12.815
13.0 12.83
13.0 12.835
13.0 12.655
13.0 12.82
13.0 12.75
13.0 12.73
13.0 12.765
13.0 12.805
13.0 12.66
13.0 12.785
13.0 12.65
13.0 12.6
13.0 12.71
13.0 12.745
13.0 12.82
13.0 12.685
13.0 12.82
13.0 12.605
13.0 12.67
13.0 12.705
13.0 12.6
13.0 12.8
13.0 12.735
13.0 12.865
13.0 12.81
13.0 12.83
13.0 12.72
13.0 12.705
13.0 12.79
13.0 12.645
13.0 12.75
13.0 12.635
13.0 12.705
13.0 12.695
13.0 12.655
13.0 12.73
13.0 12.835
13.0 12.875
13.0 12.795
13.0 12.585
13.0 12.635
13.0 12.64
13.0 12.785
13.0 12.615
13.0 12.565
13.0 12.795
13.0 12.805
13.0 12.84
13.0 12.68
13.0 12.755
13.0 12.69
13.0 12.78
13.0 12.66
13.0 12.75
13.0 12.865
13.0 12.81
13.0 12.655
13.0 12.62
13.0 12.82
13.0 12.68
13.0 12.7
13.0 12.705
13.0 12.785
13.0 12.63
13.0 12.665
13.0 12.715
13.0 12.78
13.0 12.9
13.0 12.82
13.0 12.775
13.0 12.78
13.0 12.68
13.0 12.82
13.0 12.7
13.0 12.65
13.0 12.81
13.0 12.78
13.0 12.65
13.0 12.685
13.0 12.73
13.0 12.775
13.0 12.725
13.0 12.855
13.0 12.74
13.0 12.625
13.0 12.75
13.0 12.68
13.0 12.72
13.0 12.81
13.0 12.79
13.0 12.695
13.0 12.69
13.0 12.795
13.0 12.81
13.0 12.765
13.0 12.675
13.0 12.79
13.0 12.775
13.0 12.765
13.0 12.695
13.0 12.735
13.0 12.615
13.0 12.9
13.0 12.79
13.0 12.885
13.0 12.805
13.0 12.735
13.0 12.65
13.0 12.82
13.0 12.72
13.0 12.755
13.0 12.8
13.0 12.81
13.0 12.91
13.0 12.82
13.0 12.66
13.0 12.815
13.0 12.8
13.0 12.76
13.0 12.74
13.0 12.725
13.0 12.67
13.0 12.695
13.0 12.775
13.0 12.805
13.0 12.695
13.0 12.76
13.0 12.78
13.0 12.75
13.0 12.785
13.0 12.77
13.0 12.785
13.0 12.59
13.0 12.915
13.0 12.755
13.0 12.795
13.0 12.78
13.0 12.795
13.0 12.765
13.0 12.605
13.0 12.715
13.0 12.79
13.0 12.765
13.0 12.775
13.0 12.625
13.0 12.82
13.0 12.73
13.0 12.795
13.0 12.785
13.0 12.705
13.0 12.76
13.0 12.66
13.0 12.725
13.0 12.825
13.0 12.86
13.0 12.73
13.0 12.835
13.0 12.805
13.0 12.765
13.0 12.73
13.0 12.775
13.0 12.805
13.0 12.785
13.0 12.84
13.0 12.725
13.0 12.81
13.0 12.775
13.0 12.745
13.0 12.72
13.0 12.69
13.0 12.74
13.0 12.775
13.0 12.79
13.0 12.77
13.0 12.79
13.0 12.73
13.0 12.725
13.0 12.625
13.0 12.555
13.0 12.745
13.0 12.805
13.0 12.85
13.0 12.765
13.0 12.8
13.0 12.81
13.0 12.79
13.0 12.72
13.0 12.74
13.0 12.795
13.0 12.725
13.0 12.81
13.0 12.75
13.0 12.8
13.0 12.81
13.0 12.64
13.0 12.77
13.0 12.77
13.0 12.725
13.0 12.765
13.0 12.77
13.0 12.855
13.0 12.75
13.0 12.67
13.0 12.695
13.0 12.61
13.0 12.855
13.0 12.745
13.0 12.785
13.0 12.615
13.0 12.635
13.0 12.93
13.0 12.795
13.0 12.895
13.0 12.64
13.0 12.815
13.0 12.73
13.0 12.715
13.0 12.82
13.0 12.65
13.0 12.775
13.0 12.73
13.0 12.885
13.0 12.755
13.0 12.6
13.0 12.73
13.0 12.64
13.0 12.855
13.0 12.65
13.0 12.75
13.0 12.815
500
10.0 4.075
10.5 7.305
12.0 8.82
12.0 9.405
12.0 9.83
13.0 10.09
13.0 10.515
13.0 10.935
13.0 11.465
13.0 12.02
13.0 12.235
13.0 12.635
13.0 12.54
13.0 12.605
13.0 12.585
13.0 12.64
13.0 12.625
13.0 12.635
13.0 12.635
13.0 12.7
13.0 12.59
13.0 12.78
13.0 12.79
13.0 12.695
13.0 12.795
13.0 12.69
13.0 12.705
13.0 12.675
13.0 12.82
13.0 12.64
13.0 12.61
13.0 12.64
13.0 12.755
13.0 12.84
13.0 12.865
13.0 12.71
13.0 12.835
13.0 12.835
13.0 12.67
13.0 12.735
13.0 12.67
13.0 12.715
13.0 12.78
13.0 12.925
13.0 12.69
13.0 12.79
13.0 12.855
13.0 12.79
13.0 12.72
13.0 12.785
13.0 12.76
13.0 12.84
13.0 12.7
13.0 12.855
13.0 12.785
13.0 12.815
13.0 12.585
13.0 12.835
13.0 12.715
13.0 12.705
13.0 12.88
13.0 12.84
13.0 12.79
13.0 12.73
13.0 12.825
13.0 12.57
13.0 12.815
13.0 12.71
13.0 12.815
13.0 12.79
13.0 12.75
13.0 12.785
13.0 12.825
13.0 12.655
13.0 12.685
13.0 12.835
13.0 12.72
13.0 12.745
13.0 12.65
13.0 12.695
13.0 12.785
13.0 12.84
13.0 12.83
13.0 12.82
13.0 12.765
13.0 12.765
13.0 12.675
13.0 12.79
13.0 12.6
13.0 12.725
13.0 12.69
13.0 12.86
13.0 12.835
13.0 12.78
13.0 12.765
13.0 12.775
13.0 12.675
13.0 12.805
13.0 12.625
13.0 12.81
13.0 12.75
13.0 12.785
13.0 12.88
13.0 12.625
13.0 12.77
13.0 12.745
13.0 12.855
13.0 12.87
13.0 12.755
13.0 12.73
13.0 12.645
13.0 12.76
13.0 12.83
13.0 12.765
13.0 12.59
13.0 12.85
13.0 12.75
13.0 12.88
13.0 12.915
13.0 12.85
13.0 12.745
13.0 12.87
13.0 12.69
13.0 12.835
13.0 12.65
13.0 12.77
13.0 12.71
13.0 12.71
13.0 12.795
13.0 12.74
13.0 12.77
13.0 12.68
13.0 12.78
13.0 12.64
13.0 12.805
13.0 12.875
13.0 12.7
13.0 12.665
13.0 12.635
13.0 12.83
13.0 12.79
13.0 12.79
13.0 12.675
13.0 12.715
13.0 12.725
13.0 12.835
13.0 12.785
13.0 12.72
13.0 12.78
13.0 12.875
13.0 12.71
13.0 12.785
13.0 12.785
13.0 12.735
13.0 12.81
13.0 12.79
13.0 12.73
13.0 12.8
13.0 12.77
13.0 12.745
13.0 12.725
13.0 12.685
13.0 12.665
13.0 12.6
13.0 12.69
13.0 12.79
13.0 12.875
13.0 12.71
13.0 12.65
13.0 12.825
13.0 12.84
13.0 12.79
13.0 12.635
13.0 12.725
13.0 12.795
13.0 12.835
13.0 12.78
13.0 12.76
13.0 12.815
13.0 12.69
13.0 12.7
13.0 12.765
13.0 12.81
13.0 12.805
13.0 12.83
13.0 12.825
13.0 12.73
13.0 12.695
13.0 12.815
13.0 12.775
13.0 12.8
13.0 12.935
13.0 12.935
13.0 12.865
13.0 12.685
13.0 12.82
13.0 12.76
13.0 12.805
13.0 12.845
13.0 12.755
13.0 12.725
13.0 12.595
13.0 12.78
13.0 12.785
13.0 12.76
13.0 12.835
13.0 12.64
13.0 12.875
13.0 12.845
13.0 12.84
13.0 12.79
13.0 12.785
13.0 12.8
13.0 12.54
13.0 12.79
13.0 12.8
13.0 12.805
13.0 12.74
13.0 12.575
13.0 12.61
13.0 12.75
13.0 12.815
13.0 12.865
13.0 12.55
13.0 12.94
13.0 12.725
13.0 12.725
13.0 12.78
13.0 12.66
13.0 12.81
13.0 12.695
13.0 12.635
13.0 12.555
13.0 12.78
13.0 12.835
13.0 12.775
13.0 12.73
13.0 12.83
13.0 12.865
13.0 12.78
13.0 12.7
13.0 12.525
13.0 12.735
13.0 12.775
13.0 12.785
13.0 12.545
13.0 12.65
13.0 12.86
13.0 12.62
13.0 12.775
13.0 12.885
13.0 12.7
13.0 12.665
13.0 12.575
13.0 12.75
13.0 12.595
13.0 12.8
13.0 12.865
13.0 12.8
13.0 12.705
13.0 12.755
13.0 12.74
13.0 12.755
13.0 12.82
13.0 12.72
13.0 12.805
13.0 12.73
13.0 12.73
13.0 12.855
13.0 12.8
13.0 12.89
13.0 12.76
13.0 12.775
13.0 12.75
13.0 12.705
13.0 12.715
13.0 12.755
13.0 12.805
13.0 12.9
13.0 12.8
13.0 12.79
13.0 12.615
13.0 12.765
13.0 12.77
13.0 12.655
13.0 12.825
13.0 12.85
13.0 12.685
13.0 12.755
13.0 12.77
13.0 12.81
13.0 12.74
13.0 12.755
13.0 12.61
13.0 12.77
13.0 12.81
13.0 12.8
13.0 12.79
13.0 12.865
13.0 12.59
13.0 12.91
13.0 12.585
13.0 12.855
13.0 12.675
13.0 12.77
13.0 12.665
13.0 12.72
13.0 12.84
13.0 12.815
13.0 12.75
13.0 12.8
13.0 12.775
13.0 12.82
13.0 12.695
13.0 12.815
13.0 12.585
13.0 12.675
13.0 12.825
13.0 12.905
13.0 12.815
13.0 12.77
13.0 12.755
13.0 12.725
13.0 12.805
13.0 12.83
13.0 12.81
13.0 12.68
13.0 12.7
13.0 12.825
13.0 12.525
13.0 12.785
13.0 12.775
13.0 12.835
13.0 12.775
13.0 12.76
13.0 12.755
13.0 12.9
13.0 12.425
13.0 12.69
13.0 12.84
13.0 12.81
13.0 12.77
13.0 12.745
13.0 12.78
13.0 12.715
13.0 12.675
13.0 12.71
13.0 12.75
13.0 12.77
13.0 12.84
13.0 12.73
13.0 12.895
13.0 12.695
13.0 12.65
13.0 12.675
13.0 12.765
13.0 12.77
13.0 12.635
13.0 12.77
13.0 12.725
13.0 12.74
13.0 12.64
13.0 12.7
13.0 12.755
13.0 12.62
13.0 12.85
13.0 12.7
13.0 12.805
13.0 12.83
13.0 12.705
13.0 12.715
13.0 12.88
13.0 12.855
13.0 12.61
13.0 12.875
13.0 12.78
13.0 12.685
13.0 12.81
13.0 12.705
13.0 12.77
13.0 12.675
13.0 12.85
13.0 12.94
13.0 12.795
13.0 12.72
13.0 12.77
13.0 12.775
13.0 12.765
13.0 12.78
13.0 12.71
13.0 12.77
13.0 12.755
13.0 12.91
13.0 12.775
13.0 12.79
13.0 12.735
13.0 12.76
13.0 12.81
13.0 12.83
13.0 12.64
13.0 12.54
13.0 12.78
13.0 12.73
13.0 12.8
13.0 12.79
13.0 12.79
13.0 12.77
13.0 12.755
13.0 12.8
13.0 12.775
13.0 12.86
13.0 12.85
13.0 12.74
13.0 12.72
13.0 12.79
13.0 12.68
13.0 12.575
13.0 12.775
13.0 12.73
13.0 12.79
13.0 12.835
13.0 12.78
13.0 12.72
13.0 12.815
13.0 12.795
13.0 12.795
13.0 12.65
13.0 12.805
13.0 12.775
13.0 12.65
13.0 12.765
13.0 12.695
13.0 12.775
13.0 12.81
13.0 12.795
13.0 12.76
13.0 12.83
13.0 12.85
13.0 12.805
13.0 12.805
13.0 12.76
13.0 12.82
13.0 12.76
13.0 12.82
13.0 12.81
13.0 12.79
13.0 12.855
13.0 12.635
13.0 12.775
13.0 12.655
13.0 12.77
13.0 12.705
13.0 12.87
13.0 12.885
13.0 12.725
13.0 12.755
13.0 12.685
13.0 12.8
13.0 12.755
13.0 12.88
13.0 12.71
13.0 12.58
13.0 12.725
13.0 12.695
13.0 12.74
13.0 12.815
13.0 12.835
13.0 12.815
13.0 12.725
13.0 12.855
13.0 12.73
13.0 12.855
13.0 12.835
13.0 12.78
13.0 12.605
13.0 12.74
13.0 12.75
13.0 12.85
13.0 12.765
13.0 12.69
13.0 12.74
13.0 12.785
13.0 12.795
13.0 12.835
13.0 12.81
13.0 12.87
13.0 12.85
13.0 12.66
13.0 12.72
13.0 12.755
13.0 12.825
13.0 12.81
13.0 12.655
13.0 12.865
13.0 12.775
13.0 12.75
13.0 12.635
13.0 12.77
13.0 12.835
13.0 12.88
500
11.5 4.43
11.5 7.29
12.0 8.665
12.0 9.32
12.5 9.92
12.5 10.565
12.5 10.865
12.5 11.46
12.5 11.74
13.0 12.165
13.0 12.215
13.0 12.33
13.0 12.43
13.0 12.325
13.0 12.55
13.0 12.735
13.0 12.63
13.0 12.515
13.0 12.625
13.0 12.615
13.0 12.605
13.0 12.665
13.0 12.705
13.0 12.805
13.0 12.71
13.0 12.68
13.0 12.705
13.0 12.835
13.0 12.805
13.0 12.72
13.0 12.87
13.0 12.55
13.0 12.69
13.0 12.925
13.0 12.715
13.0 12.725
13.0 12.455
13.0 12.765
13.0 12.74
13.0 12.8
13.0 12.615
13.0 12.72
13.0 12.635
13.0 12.81
13.0 12.82
13.0 12.835
13.0 12.84
13.0 12.74
13.0 12.78
13.0 12.725
13.0 12.515
13.0 12.765
13.0 12.57
13.0 12.53
13.0 12.52
13.0 12.835
13.0 12.61
13.0 12.655
13.0 12.765
13.0 12.845
13.0 12.885
13.0 12.62
13.0 12.695
13.0 12.735
13.0 12.775
13.0 12.775
13.0 12.835
13.0 12.72
13.0 12.605
13.0 12.74
13.0 12.68
13.0 12.635
13.0 12.715
13.0 12.655
13.0 12.85
13.0 12.805
13.0 12.8
13.0 12.78
13.0 12.735
13.0 12.83
13.0 12.66
13.0 12.83
13.0 12.815
13.0 12.78
13.0 12.725
13.0 12.815
13.0 12.71
13.0 12.745
13.0 12.745
13.0 12.575
13.0 12.63
13.0 12.8
13.0 12.83
13.0 12.81
13.0 12.795
13.0 12.8
13.0 12.655
13.0 12.65
13.0 12.635
13.0 12.65
13.0 12.81
13.0 12.62
13.0 12.755
13.0 12.765
13.0 12.83
13.0 12.69
13.0 12.78
13.0 12.785
13.0 12.7
13.0 12.695
13.0 12.625
13.0 12.805
13.0 12.81
13.0 12.75
13.0 12.685
13.0 12.79
13.0 12.81
13.0 12.835
13.0 12.775
13.0 12.6
13.0 12.77
13.0 12.675
13.0 12.79
13.0 12.78
13.0 12.695
13.0 12.845
13.0 12.705
13.0 12.7
13.0 12.775
13.0 12.705
13.0 12.84
13.0 12.67
13.0 12.7
13.0 12.605
13.0 12.655
13.0 12.475
13.0 12.68
13.0 12.68
13.0 12.735
13.0 12.715
13.0 12.655
13.0 12.555
13.0 12.685
13.0 12.84
13.0 12.655
13.0 12.64
13.0 12.575
13.0 12.54
13.0 12.65
13.0 12.805
13.0 12.67
13.0 12.83
13.0 12.79
13.0 12.805
13.0 12.695
13.0 12.625
13.0 12.785
13.0 12.66
13.0 12.81
13.0 12.825
13.0 12.65
13.0 12.8
13.0 12.595
13.0 12.795
13.0 12.69
13.0 12.805
13.0 12.65
13.0 12.51
13.0 12.705
13.0 12.615
13.0 12.92
13.0 12.62
13.0 12.77
13.0 12.73
13.0 12.765
13.0 12.73
13.0 12.715
13.0 12.715
13.0 12.79
13.0 12.72
13.0 12.735
13.0 12.77
13.0 12.905
13.0 12.55
13.0 12.55
13.0 12.705
13.0 12.83
13.0 12.53
13.0 12.79
13.0 12.695
13.0 12.755
13.0 12.51
13.0 12.77
13.0 12.73
13.0 12.615
13.0 12.685
13.0 12.73
13.0 12.76
13.0 12.715
13.0 12.725
13.0 12.77
13.0 12.66
13.0 12.595
13.0 12.875
13.0 12.79
13.0 12.63
13.0 12.8
13.0 12.715
13.0 12.68
13.0 12.645
13.0 12.71
13.0 12.65
13.0 12.605
13.0 12.765
13.0 12.615
13.0 12.59
13.0 12.705
13.0 12.755
13.0 12.825
13.0 12.615
13.0 12.81
13.0 12.8
13.0 12.56
13.0 12.64
13.0 12.635
13.0 12.67
13.0 12.585
13.0 12.72
13.0 12.61
13.0 12.77
13.0 12.655
13.0 12.75
13.0 12.75
13.0 12.635
13.0 12.86
13.0 12.79
13.0 12.745
13.0 12.67
13.0 12.895
13.0 12.74
13.0 12.71
13.0 12.75
13.0 12.445
13.0 12.745
13.0 12.725
13.0 12.68
13.0 12.81
13.0 12.71
13.0 12.85
13.0 12.72
13.0 12.775
13.0 12.775
13.0 12.76
13.0 12.745
13.0 12.79
13.0 12.65
13.0 12.845
13.0 12.745
13.0 12.725
13.0 12.695
13.0 12.77
13.0 12.65
13.0 12.81
13.0 12.615
13.0 12.61
13.0 12.735
13.0 12.715
13.0 12.735
13.0 12.725
13.0 12.65
13.0 12.845
13.0 12.735
13.0 12.63
13.0 12.765
13.0 12.73
13.0 12.73
13.0 12.79
13.0 12.545
13.0 12.7
13.0 12.81
13.0 12.685
13.0 12.605
13.0 12.69
13.0 12.84
13.0 12.71
13.0 12.745
13.0 12.675
13.0 12.67
13.0 12.765
13.0 12.825
13.0 12.83
13.0 12.765
13.0 12.685
13.0 12.72
13.0 12.81
13.0 12.815
13.0 12.59
13.0 12.58
13.0 12.695
13.0 12.755
13.0 12.785
13.0 12.675
13.0 12.655
13.0 12.76
13.0 12.47
13.0 12.75
13.0 12.805
13.0 12.795
13.0 12.88
13.0 12.825
13.0 12.7
13.0 12.715
13.0 12.76
13.0 12.825
13.0 12.655
13.0 12.775
13.0 12.71
13.0 12.59
13.0 12.655
13.0 12.76
13.0 12.72
13.0 12.665
13.0 12.83
13.0 12.59
13.0 12.605
13.0 12.71
13.0 12.815
13.0 12.38
13.0 12.67
13.0 12.715
13.0 12.72
13.0 12.705
13.0 12.64
13.0 12.595
13.0 12.685
13.0 12.66
13.0 12.785
13.0 12.825
13.0 12.805
13.0 12.72
13.0 12.605
13.0 12.755
13.0 12.685
13.0 12.78
13.0 12.77
13.0 12.77
13.0 12.76
13.0 12.845
13.0 12.785
13.0 12.595
13.0 12.635
13.0 12.66
13.0 12.685
13.0 12.78
13.0 12.765
13.0 12.685
13.0 12.635
13.0 12.715
13.0 12.85
13.0 12.705
13.0 12.68
13.0 12.735
13.0 12.76
13.0 12.775
13.0 12.68
13.0 12.735
13.0 12.86
13.0 12.61
13.0 12.715
13.0 12.645
13.0 12.73
13.0 12.705
13.0 12.65
13.0 12.76
13.0 12.765
13.0 12.585
13.0 12.81
13.0 12.53
13.0 12.74
13.0 12.69
13.0 12.51
13.0 12.56
13.0 12.675
13.0 12.61
13.0 12.74
13.0 12.715
13.0 12.71
13.0 12.715
13.0 12.645
13.0 12.765
13.0 12.805
13.0 12.755
13.0 12.79
13.0 12.655
13.0 12.77
13.0 12.665
13.0 12.795
13.0 12.67
13.0 12.78
13.0 12.765
13.0 12.805
13.0 12.755
13.0 12.67
13.0 12.7
13.0 12.81
13.0 12.705
13.0 12.76
13.0 12.735
13.0 12.655
13.0 12.515
13.0 12.81
13.0 12.72
13.0 12.795
13.0 12.725
13.0 12.735
13.0 12.405
13.0 12.705
13.0 12.85
13.0 12.825
13.0 12.71
13.0 12.815
13.0 12.87
13.0 12.715
13.0 12.86
13.0 12.72
13.0 12.74
13.0 12.685
13.0 12.77
13.0 12.465
13.0 12.705
13.0 12.635
13.0 12.74
13.0 12.655
13.0 12.61
13.0 12.525
13.0 12.75
13.0 12.66
13.0 12.675
13.0 12.765
13.0 12.74
13.0 12.68
13.0 12.785
13.0 12.67
13.0 12.68
13.0 12.745
13.0 12.71
13.0 12.625
13.0 12.7
13.0 12.76
13.0 12.745
13.0 12.785
13.0 12.71
13.0 12.665
13.0 12.66
13.0 12.615
13.0 12.72
13.0 12.795
13.0 12.575
13.0 12.645
13.0 12.725
13.0 12.815
13.0 12.685
13.0 12.75
13.0 12.8
13.0 12.855
13.0 12.78
13.0 12.71
13.0 12.74
13.0 12.6
13.0 12.825
13.0 12.7
13.0 12.82
13.0 12.615
13.0 12.7
13.0 12.785
13.0 12.65
13.0 12.7
13.0 12.73
13.0 12.75
13.0 12.65
13.0 12.715
13.0 12.695
13.0 12.695
13.0 12.67
13.0 12.825
13.0 12.695
13.0 12.735
13.0 12.695
13.0 12.66
13.0 12.685
13.0 12.69
13.0 12.625
13.0 12.64
13.0 12.685
13.0 12.71
13.0 12.54
13.0 12.705
13.0 12.725
13.0 12.72
13.0 12.475
500
10.5 4.66
11.5 7.28
12.5 8.49
12.5 9.33
12.5 9.83
12.5 10.545
13.0 10.785
13.0 11.235
13.0 11.685
13.0 11.605
13.0 11.825
13.0 12.01
13.0 12.35
13.0 12.66
13.0 12.705
13.0 12.695
13.0 12.825
13.0 12.715
13.0 12.605
13.0 12.63
13.0 12.81
13.0 12.765
13.0 12.785
13.0 12.465
13.0 12.64
13.0 12.625
13.0 12.815
13.0 12.505
13.0 12.83
13.0 12.705
13.0 12.6
13.0 12.785
13.0 12.92
13.0 12.71
13.0 12.66
13.0 12.67
13.0 12.59
13.0 12.66
13.0 12.585
13.0 12.88
13.0 12.535
13.0 12.775
13.0 12.62
13.0 12.645
13.0 12.745
13.0 12.765
13.0 12.605
13.0 12.68
13.0 12.59
13.0 12.69
13.0 12.72
13.0 12.82
13.0 12.54
13.0 12.72
13.0 12.52
13.0 12.74
13.0 12.795
13.0 12.5
13.0 12.895
13.0 12.705
13.0 12.745
13.0 12.665
13.0 12.79
13.0 12.71
13.0 12.77
13.0 12.635
13.0 12.6
13.0 12.655
13.0 12.615
13.0 12.73
13.0 12.515
13.0 12.605
13.0 12.655
13.0 12.83
13.0 12.56
13.0 12.65
13.0 12.73
13.0 12.62
13.0 12.765
13.0 12.815
13.0 12.68
13.0 12.625
13.0 12.565
13.0 12.73
13.0 12.625
13.0 12.58
13.0 12.825
13.0 12.505
13.0 12.515
13.0 12.605
13.0 12.715
13.0 12.77
13.0 12.755
13.0 12.605
13.0 12.74
13.0 12.75
13.0 12.71
13.0 12.73
13.0 12.44
13.0 12.505
13.0 12.785
13.0 12.61
13.0 12.89
13.0 12.65
13.0 12.695
13.0 12.75
13.0 12.735
13.0 12.645
13.0 12.69
13.0 12.5
13.0 12.625
13.0 12.505
13.0 12.88
13.0 12.785
13.0 12.735
13.0 12.59
13.0 12.615
13.0 12.75
13.0 12.72
13.0 12.555
13.0 12.75
13.0 12.615
13.0 12.535
13.0 12.72
13.0 12.55
13.0 12.635
13.0 12.665
13.0 12.6
13.0 12.495
13.0 12.68
13.0 12.72
13.0 12.665
13.0 12.695
13.0 12.73
13.0 12.48
13.0 12.7
13.0 12.525
13.0 12.625
13.0 12.735
13.0 12.68
13.0 12.82
13.0 12.71
13.0 12.795
13.0 12.67
13.0 12.725
13.0 12.73
13.0 12.64
13.0 12.665
13.0 12.725
13.0 12.92
13.0 12.715
13.0 12.755
13.0 12.675
13.0 12.56
13.0 12.54
13.0 12.7
13.0 12.735
13.0 12.54
13.0 12.81
13.0 12.755
13.0 12.665
13.0 12.75
13.0 12.78
13.0 12.77
13.0 12.595
13.0 12.81
13.0 12.615
13.0 12.69
13.0 12.72
13.0 12.615
13.0 12.51
13.0 12.57
13.0 12.69
13.0 12.72
13.0 12.655
13.0 12.82
13.0 12.68
13.0 12.795
13.0 12.61
13.0 12.54
13.0 12.715
13.0 12.625
13.0 12.425
13.0 12.63
13.0 12.795
13.0 12.76
13.0 12.855
13.0 12.52
13.0 12.775
13.0 12.575
13.0 12.74
13.0 12.65
13.0 12.67
13.0 12.83
13.0 12.52
13.0 12.69
13.0 12.58
13.0 12.725
13.0 12.56
13.0 12.705
13.0 12.555
13.0 12.635
13.0 12.755
13.0 12.74
13.0 12.765
13.0 12.645
13.0 12.62
13.0 12.515
13.0 12.825
13.0 12.81
13.0 12.595
13.0 12.405
13.0 12.77
13.0 12.66
13.0 12.855
13.0 12.715
13.0 12.455
13.0 12.765
13.0 12.79
13.0 12.76
13.0 12.545
13.0 12.8
13.0 12.61
13.0 12.64
13.0 12.735
13.0 12.725
13.0 12.7
13.0 12.615
13.0 12.675
13.0 12.72
13.0 12.585
13.0 12.645
13.0 12.56
13.0 12.805
13.0 12.525
13.0 12.66
13.0 12.65
13.0 12.61
13.0 12.65
13.0 12.545
13.0 12.61
13.0 12.765
13.0 12.725
13.0 12.665
13.0 12.675
13.0 12.51
13.0 12.64
13.0 12.785
13.0 12.635
13.0 12.64
13.0 12.6
13.0 12.665
13.0 12.73
13.0 12.575
13.0 12.765
13.0 12.8
13.0 12.445
13.0 12.51
13.0 12.6
13.0 12.925
13.0 12.62
13.0 12.645
13.0 12.79
13.0 12.795
13.0 12.645
13.0 12.725
13.0 12.58
13.0 12.63
13.0 12.605
13.0 12.62
13.0 12.69
13.0 12.7
13.0 12.82
13.0 12.785
13.0 12.795
13.0 12.89
13.0 12.47
13.0 12.825
13.0 12.8
13.0 12.69
13.0 12.755
13.0 12.38
13.0 12.695
13.0 12.745
13.0 12.535
13.0 12.67
13.0 12.915
13.0 12.78
13.0 12.765
13.0 12.75
13.0 12.88
13.0 12.64
13.0 12.635
13.0 12.61
13.0 12.625
13.0 12.605
13.0 12.64
13.0 12.795
13.0 12.66
13.0 12.64
13.0 12.835
13.0 12.675
13.0 12.65
13.0 12.615
13.0 12.72
13.0 12.765
13.0 12.695
13.0 12.705
13.0 12.84
13.0 12.79
13.0 12.735
13.0 12.63
13.0 12.705
13.0 12.67
13.0 12.605
13.0 12.66
13.0 12.67
13.0 12.45
13.0 12.665
13.0 12.61
13.0 12.825
13.0 12.615
13.0 12.53
13.0 12.77
13.0 12.59
13.0 12.535
13.0 12.735
13.0 12.435
13.0 12.255
13.0 12.75
13.0 12.755
13.0 12.58
13.0 12.595
13.0 12.755
13.0 12.705
13.0 12.56
13.0 12.66
13.0 12.825
13.0 12.505
13.0 12.7
13.0 12.755
13.0 12.775
13.0 12.64
13.0 12.7
13.0 12.63
13.0 12.73
13.0 12.695
13.0 12.605
13.0 12.615
13.0 12.735
13.0 12.735
13.0 12.675
13.0 12.585
13.0 12.73
13.0 12.78
13.0 12.77
13.0 12.68
13.0 12.705
13.0 12.67
13.0 12.705
13.0 12.595
13.0 12.615
13.0 12.73
13.0 12.775
13.0 12.525
13.0 12.69
13.0 12.795
13.0 12.665
13.0 12.765
13.0 12.715
13.0 12.715
13.0 12.685
13.0 12.835
13.0 12.86
13.0 12.53
13.0 12.755
13.0 12.725
13.0 12.585
13.0 12.665
13.0 12.655
13.0 12.69
13.0 12.7
13.0 12.375
13.0 12.525
13.0 12.655
13.0 12.755
13.0 12.79
13.0 12.595
13.0 12.565
13.0 12.73
13.0 12.425
13.0 12.53
13.0 12.785
13.0 12.65
13.0 12.68
13.0 12.72
13.0 12.58
13.0 12.805
13.0 12.665
13.0 12.79
13.0 12.825
13.0 12.62
13.0 12.675
13.0 12.725
13.0 12.55
13.0 12.72
13.0 12.71
13.0 12.715
13.0 12.75
13.0 12.665
13.0 12.72
13.0 12.685
13.0 12.59
13.0 12.68
13.0 12.63
13.0 12.555
13.0 12.615
13.0 12.78
13.0 12.825
13.0 12.585
13.0 12.66
13.0 12.625
13.0 12.655
13.0 12.315
13.0 12.775
13.0 12.72
13.0 12.6
13.0 12.755
13.0 12.61
13.0 12.55
13.0 12.8
13.0 12.69
13.0 12.615
13.0 12.79
13.0 12.575
13.0 12.57
13.0 12.63
13.0 12.565
13.0 12.76
13.0 12.75
13.0 12.81
13.0 12.79
13.0 12.67
13.0 12.715
13.0 12.66
13.0 12.63
13.0 12.655
13.0 12.63
13.0 12.765
13.0 12.615
13.0 12.49
13.0 12.69
13.0 12.755
13.0 12.76
13.0 12.8
13.0 12.885
13.0 12.86
13.0 12.825
13.0 12.77
13.0 12.73
13.0 12.735
13.0 12.645
13.0 12.46
13.0 12.39
13.0 12.565
13.0 12.665
13.0 12.665
13.0 12.675
13.0 12.705
13.0 12.665
13.0 12.85
13.0 12.565
13.0 12.645
13.0 12.72
13.0 12.73
13.0 12.81
13.0 12.69
13.0 12.58
13.0 12.81
13.0 12.61
13.0 12.49
13.0 12.555
13.0 12.675
13.0 12.54
13.0 12.845
13.0 12.71
13.0 12.73
13.0 12.695
13.0 12.74
13.0 12.805
13.0 12.81
13.0 12.595
13.0 12.72
13.0 12.585
13.0 12.725
13.0 12.555
13.0 12.66
13.0 12.775
13.0 12.655
13.0 12.8

Individual: [1, 3, 4, 6, 7, 14, 16, 17, 19, 20]
   Fitness: 13.0
     Total: 10
Violations: 2 2

Individual: [1, 3, 4, 9, 10, 12, 13, 18, 19]
   Fitness: 12.5
     Total: 9
Violations: 1 1

Individual: [1, 2, 4, 5, 7, 8, 16, 17, 19, 20]
   Fitness: 13.0
     Total: 10
Violations: 2 2

Individual: [1, 3, 6, 7, 12, 14, 15, 19, 20]
   Fitness: 13.5
     Total: 9
Violations: 0 0

Individual: [1, 2, 4, 5, 7, 14, 15, 18, 19, 20]
   Fitness: 13.0
     Total: 10
Violations: 2 2

Individual: [1, 2, 4, 5, 13, 14, 15, 18, 19, 20]
   Fitness: 13.0
     Total: 10
Violations: 2 2

Individual: [1, 3, 4, 6, 7, 14, 15, 18, 19, 20]
   Fitness: 13.0
     Total: 10
Violations: 2 2

Individual: [1, 2, 3, 6, 7, 14, 15, 18, 19, 20]
   Fitness: 13.0
     Total: 10
Violations: 2 2

Individual: [1, 2, 4, 5, 7, 8, 16, 17, 19, 20]
   Fitness: 13.0
     Total: 10
Violations: 2 2

Individual: [1, 2, 4, 5, 10, 11, 13, 14, 19, 20]
   Fitness: 13.0
     Total: 10
Violations: 2 2
