10
100
12.5 4.0
12.5 7.975
12.5 9.365
12.5 9.515
12.5 9.96
13.5 10.285
13.5 10.39
13.5 11.295
13.5 11.235
13.5 11.55
13.5 11.77
13.5 12.28
13.5 12.295
13.5 12.52
13.5 12.5
13.5 11.785
13.5 12.02
13.5 12.615
13.5 12.655
13.5 12.785
13.5 12.67
13.5 12.615
13.5 11.96
13.5 12.495
13.5 12.83
13.5 12.41
13.5 12.54
13.5 12.525
13.5 12.875
13.5 12.625
13.5 13.03
13.5 13.145
13.5 12.925
13.5 12.74
13.5 12.73
13.5 12.895
13.5 12.535
13.5 12.875
13.5 13.03
13.5 12.63
13.5 13.055
13.5 12.83
13.5 12.67
13.5 13.08
13.5 12.34
13.5 12.815
13.5 12.265
13.5 12.72
13.5 12.46
13.5 13.07
13.5 12.915
13.5 12.68
13.5 12.775
13.5 12.465
13.5 12.47
13.5 12.93
13.5 12.955
13.5 12.94
13.5 13.14
13.5 12.78
13.5 13.255
13.5 12.83
13.5 13.01
13.5 12.88
13.5 12.72
13.5 12.61
13.5 12.945
13.5 12.62
13.5 12.555
13.5 12.825
13.5 12.805
13.5 13.1
13.5 12.735
13.5 12.23
13.5 12.51
13.5 12.32
13.5 12.665
13.5 12.63
13.5 12.87
13.5 12.855
13.5 12.41
13.5 12.81
13.5 12.375
13.5 12.6
13.5 12.85
13.5 12.93
13.5 12.97
13.5 12.92
13.5 13.16
13.5 12.785
13.5 12.575
13.5 12.805
13.5 12.53
13.5 13.0
13.5 12.705
13.5 12.965
13.5 12.58
13.5 12.89
13.5 12.415
13.5 13.03
100
11.0 4.35
11.5 7.75
11.5 8.91
13.0 9.73
13.0 10.475
13.0 10.63
13.0 10.855
13.0 10.625
13.0 11.35
13.0 11.6
13.0 11.71
13.0 12.035
13.0 11.55
13.0 11.67
13.0 11.85
13.0 12.11
13.0 12.47
13.0 11.83
13.0 12.21
13.0 11.925
13.0 11.305
13.0 11.8
13.0 12.2
13.0 11.985
13.0 11.97
13.0 11.945
13.0 12.165
13.0 12.41
13.0 12.425
13.0 12.685
13.0 12.715
13.0 11.585
13.0 12.07
13.0 12.195
13.0 11.84
13.0 12.115
13.0 12.325
13.0 11.98
13.0 12.24
13.0 11.57
13.0 12.135
13.0 12.51
13.0 11.88
13.0 12.1
13.0 12.385
13.0 11.975
13.0 12.12
13.0 12.365
13.0 12.08
13.0 12.25
13.0 12.09
13.0 11.975
13.0 11.665
13.0 12.715
13.0 12.58
13.0 12.27
13.0 12.445
13.0 11.545
13.0 12.005
13.0 12.335
13.0 12.435
13.0 11.99
13.0 12.455
13.0 12.35
13.0 12.115
13.0 12.635
13.0 11.975
13.0 12.52
13.0 12.225
13.0 12.305
13.0 12.705
13.0 12.275
13.0 12.145
13.0 11.66
13.0 12.055
13.0 11.865
13.0 11.725
13.0 12.5
13.0 12.235
13.0 12.16
13.0 11.93
13.0 12.58
13.0 12.385
13.0 12.445
13.0 12.67
13.5 12.06
13.5 12.325
13.5 12.45
13.5 12.265
13.5 12.18
13.5 12.275
13.5 11.915
13.5 12.44
13.5 11.905
13.5 11.745
13.5 12.03
13.5 12.435
13.5 12.595
13.5 12.37
13.5 12.5
100
11.0 4.465
11.0 7.215
11.5 8.345
12.0 9.45
12.0 9.825
12.0 9.925
12.0 10.825
12.0 10.73
12.5 10.955
12.5 11.03
12.5 10.71
12.5 11.45
12.5 11.545
12.5 11.815
12.5 11.45
12.5 11.57
12.5 11.87
12.5 11.74
12.5 11.98
12.5 11.925
12.5 11.88
12.5 11.97
12.5 12.055
12.5 12.18
12.5 11.93
12.5 12.395
12.5 11.555
12.5 11.07
12.5 11.79
12.5 11.495
12.5 12.015
12.5 11.82
12.5 12.125
12.5 11.775
12.5 12.05
12.5 11.8
12.5 12.05
12.5 11.775
12.5 11.945
12.5 12.07
12.5 11.94
12.5 11.72
12.5 12.215
12.5 11.87
12.5 12.06
12.5 12.185
12.5 11.9
12.5 12.05
12.5 12.175
12.5 11.54
12.5 12.01
12.5 11.47
12.5 11.925
12.5 11.605
12.5 11.97
12.5 11.68
12.5 11.715
12.5 12.015
12.5 11.955
12.5 12.175
12.5 11.865
12.5 12.295
12.5 12.0
12.5 11.755
12.5 11.86
12.5 12.205
12.5 12.07
12.5 12.015
12.5 11.835
12.5 11.93
12.5 12.17
12.5 11.655
12.5 11.945
12.5 11.855
12.5 11.545
12.5 11.97
12.5 11.805
12.5 11.94
12.5 11.19
12.5 11.3
12.5 11.78
12.5 11.975
12.5 11.69
12.5 11.79
12.5 11.945
12.5 11.97
12.5 11.705
12.5 11.99
12.5 11.97
12.5 12.035
12.5 11.755
12.5 11.595
12.5 12.135
12.5 12.025
12.5 11.95
12.5 12.095
12.5 11.99
12.5 11.645
12.5 12.035
12.5 11.82
100
10.5 3.325
11.0 7.555
11.0 8.915
12.0 9.47
12.0 9.8
12.5 10.23
12.5 10.65
13.0 10.225
13.0 11.245
13.0 11.44
13.0 11.635
13.0 11.88
13.0 12.125
13.0 11.65
13.0 11.405
13.0 11.335
13.0 11.63
13.0 11.375
13.0 11.625
13.0 11.38
13.0 11.585
13.0 11.97
13.0 11.385
13.0 11.76
13.0 12.135
13.0 12.125
13.0 12.115
13.0 12.36
13.0 11.925
13.0 12.35
13.0 11.93
13.0 12.17
13.0 12.255
13.0 11.205
13.0 12.23
13.0 12.425
13.0 12.21
13.0 12.38
13.0 11.675
13.0 12.395
13.0 12.335
13.0 12.45
13.0 12.35
13.0 12.565
13.0 12.285
13.0 12.515
13.0 11.82
13.0 12.595
13.0 11.835
13.0 12.075
13.0 12.18
13.0 12.015
13.0 12.075
13.0 12.415
13.0 12.1
13.0 11.885
13.0 11.75
13.0 11.915
13.0 12.165
13.0 12.53
13.0 12.33
13.0 12.41
13.0 12.05
13.0 12.445
13.0 12.53
13.0 12.47
13.0 12.17
13.0 12.165
13.0 12.335
13.0 11.73
13.0 11.825
13.0 12.03
13.0 11.88
13.0 12.395
13.0 11.94
13.0 12.425
13.0 12.085
13.0 12.055
13.0 11.565
13.0 12.035
13.0 12.31
13.0 12.49
13.0 11.87
13.0 12.03
13.0 12.1
13.0 11.855
13.0 11.96
13.0 12.075
13.0 11.845
13.0 12.34
13.0 11.545
13.0 12.015
13.0 12.195
13.0 12.18
13.0 12.31
13.0 12.345
13.0 11.75
13.0 12.64
13.0 10.96
13.0 12.175
100
11.0 4.045
11.0 7.57
11.0 9.215
12.0 9.14
12.0 9.53
12.5 9.63
12.5 10.215
12.5 10.235
13.0 10.92
13.0 11.14
13.0 11.025
13.0 11.88
13.0 11.15
13.0 11.785
13.0 12.105
13.0 12.255
13.0 12.05
13.0 12.62
13.0 12.64
13.0 12.735
13.0 12.225
13.0 12.335
13.0 12.06
13.0 12.24
13.0 12.385
13.0 12.225
13.0 12.075
13.0 12.585
13.0 12.395
13.0 12.0
13.0 12.375
13.0 12.47
13.0 12.54
13.0 12.435
13.0 12.255
13.0 12.415
13.0 12.4
13.0 12.375
13.0 11.75
13.0 12.33
13.0 12.31
13.0 12.305
13.0 12.47
13.0 12.16
13.0 12.355
13.0 11.82
13.0 12.355
13.0 12.655
13.0 12.235
13.0 11.935
13.0 11.84
13.0 12.015
13.0 12.395
13.0 12.005
13.0 12.345
13.0 12.35
13.0 12.475
13.0 12.51
13.0 12.425
13.0 12.155
13.0 12.67
13.0 11.865
13.0 12.02
13.0 12.34
13.0 10.78
13.0 12.155
13.0 12.225
13.0 12.57
13.0 12.52
13.0 12.285
13.0 11.795
13.0 9.315
13.0 12.055
13.0 11.995
13.0 11.75
13.0 12.575
13.0 11.85
13.0 11.77
13.0 11.955
13.0 12.38
13.0 11.725
13.0 12.33
13.0 12.085
13.0 12.215
13.0 12.115
13.0 12.625
13.0 12.405
13.0 11.88
13.0 12.485
13.0 12.07
13.0 12.285
13.0 12.67
13.0 12.295
13.0 12.14
13.0 12.195
13.0 12.285
13.0 12.565
13.0 12.73
13.0 12.22
13.0 12.39
100
10.0 3.835
10.0 7.255
11.0 8.445
11.0 8.51
11.5 9.495
11.5 10.09
11.5 8.68
12.0 9.925
12.0 10.43
12.5 10.305
12.5 10.765
12.5 10.85
12.5 10.795
12.5 11.28
12.5 11.365
12.5 10.955
12.5 11.61
12.5 11.465
13.0 11.315
13.0 11.17
13.0 11.57
13.0 11.575
13.0 11.745
13.0 11.825
13.0 11.77
13.0 12.23
13.0 11.88
13.0 11.99
13.0 12.06
13.0 12.295
13.0 12.365
13.0 11.555
13.0 12.595
13.0 12.49
13.0 12.38
13.0 12.36
13.0 12.3
13.0 12.7
13.0 12.255
13.0 12.04
13.0 12.43
13.0 12.245
13.0 11.67
13.0 12.455
13.0 12.175
13.0 12.35
13.0 12.08
13.0 12.44
13.0 12.555
13.0 12.66
13.0 12.62
13.0 12.2
13.0 12.18
13.0 12.275
13.0 12.45
13.0 12.465
13.0 12.02
13.0 12.535
13.0 12.7
13.0 12.335
13.0 12.385
13.0 12.07
13.0 12.245
13.0 12.39
13.0 12.62
13.0 11.925
13.0 12.305
13.0 12.13
13.0 12.23
13.0 11.975
13.0 12.055
13.0 12.515
13.0 12.195
13.0 12.645
13.0 12.39
13.0 12.61
13.0 12.37
13.0 12.19
13.0 12.155
13.0 12.28
13.0 12.26
13.0 12.47
13.0 12.055
13.0 12.575
13.0 12.425
13.0 12.095
13.0 12.21
13.0 12.44
13.0 12.37
13.0 12.105
13.0 11.885
13.0 12.305
13.0 12.215
13.0 12.235
13.0 12.245
13.0 12.615
13.0 12.635
13.0 12.53
13.0 12.82
13.0 12.755
100
10.0 3.565
10.0 7.15
10.5 8.215
10.5 8.505
11.5 9.175
11.5 8.685
11.5 9.525
11.5 9.68
12.0 10.04
12.0 10.62
12.0 10.14
12.5 10.69
12.5 10.6
12.5 11.215
12.5 11.25
12.5 11.66
12.5 11.605
12.5 11.725
12.5 11.765
12.5 11.54
12.5 11.645
12.5 11.62
12.5 11.735
12.5 11.75
12.5 10.73
12.5 11.295
12.5 11.885
12.5 11.66
12.5 11.75
12.5 11.94
12.5 12.075
12.5 11.975
12.5 11.815
12.5 12.155
12.5 11.445
12.5 12.08
12.5 11.895
12.5 11.77
12.5 12.165
12.5 11.92
12.5 11.87
12.5 11.375
12.5 11.74
12.5 11.64
12.5 11.545
12.5 11.635
12.5 11.805
12.5 11.89
12.5 11.485
12.5 11.69
12.5 11.975
12.5 11.535
12.5 12.06
12.5 12.105
12.5 11.945
12.5 11.83
12.5 11.785
12.5 11.81
12.5 11.795
12.5 11.81
12.5 11.89
12.5 12.31
12.5 12.035
12.5 11.745
12.5 12.24
12.5 12.38
12.5 11.925
12.5 11.98
12.5 11.82
12.5 11.16
12.5 12.105
12.5 11.905
12.5 11.99
12.5 12.195
12.5 12.32
12.5 11.195
12.5 11.805
12.5 11.44
12.5 11.75
12.5 11.62
12.5 11.96
12.5 11.895
12.5 11.66
12.5 12.07
12.5 11.89
12.5 12.175
12.5 12.155
12.5 12.08
12.5 12.045
12.5 11.955
12.5 11.825
12.5 11.76
12.5 11.895
12.5 11.68
12.5 11.8
12.5 11.65
12.5 12.075
12.5 11.785
12.5 11.77
12.5 11.845
100
11.0 4.43
11.0 7.555
11.5 8.845
11.5 9.19
11.5 9.82
12.5 9.7
12.5 9.97
12.5 10.445
13.0 10.885
13.0 10.72
13.0 10.1
13.0 10.925
13.0 10.725
13.0 11.67
13.0 10.925
13.0 12.23
13.0 12.1
13.0 12.615
13.0 12.65
13.0 12.465
13.0 12.02
13.0 12.41
13.0 12.575
13.0 12.015
13.0 12.155
13.0 12.325
13.0 12.525
13.0 12.575
13.0 12.375
13.0 12.145
13.0 12.355
13.0 12.49
13.0 12.76
13.0 12.36
13.0 12.4
13.0 12.535
13.0 12.28
13.0 12.35
13.0 12.125
13.0 12.29
13.0 12.26
13.0 12.375
13.0 12.37
13.0 12.42
13.0 11.915
13.0 12.19
13.0 11.92
13.0 12.485
13.0 12.505
13.0 12.345
13.0 12.17
13.0 12.27
13.0 12.185
13.0 12.31
13.0 12.33
13.0 12.215
13.0 12.105
13.0 12.35
13.0 12.465
13.0 12.58
13.0 12.375
13.0 12.53
13.0 12.66
13.0 12.23
13.0 12.21
13.0 12.45
13.0 12.11
13.0 12.465
13.0 12.39
13.0 12.1
13.0 12.52
13.0 11.78
13.0 12.425
13.0 11.98
13.0 12.285
13.0 12.31
13.0 12.64
13.0 12.62
13.0 12.485
13.0 12.415
13.0 12.24
13.0 12.44
13.0 11.79
13.0 12.35
13.0 12.605
13.0 11.625
13.0 12.04
13.0 11.66
13.0 12.06
13.0 12.04
13.0 12.005
13.0 12.28
13.0 12.62
13.0 12.505
13.0 12.6
13.0 12.76
13.0 12.32
13.0 12.54
13.0 12.545
13.0 12.655
100
9.0 2.42
9.5 6.95
10.5 8.235
11.0 9.065
12.5 9.43
12.5 9.46
12.5 9.945
12.5 10.63
12.5 11.35
12.5 11.3
12.5 11.9
12.5 12.21
12.5 11.88
12.5 12.35
12.5 12.2
12.5 11.925
12.5 11.92
12.5 11.885
12.5 11.93
12.5 12.225
12.5 11.7
12.5 12.13
12.5 12.14
12.5 11.445
12.5 12.02
12.5 11.825
12.5 11.415
12.5 11.925
12.5 11.84
12.5 12.065
12.5 11.895
12.5 11.825
12.5 11.845
12.5 12.04
12.5 11.3
12.5 11.635
12.5 12.05
12.5 11.72
12.5 12.14
12.5 12.01
12.5 12.045
12.5 11.925
12.5 11.965
12.5 11.6
12.5 11.9
12.5 11.935
12.5 12.09
12.5 11.7
12.5 11.635
12.5 11.54
12.5 11.415
12.5 11.93
12.5 11.9
12.5 11.96
12.5 11.89
12.5 11.975
12.5 11.81
12.5 11.68
12.5 11.825
12.5 12.295
12.5 11.97
12.5 11.97
12.5 11.89
12.5 11.85
12.5 11.85
12.5 11.86
12.5 11.79
12.5 11.685
12.5 11.77
12.5 11.975
12.5 12.015
12.5 12.05
12.5 11.705
12.5 12.045
12.5 12.32
12.5 11.81
12.5 11.93
12.5 11.83
12.5 11.83
12.5 11.695
12.5 11.935
12.5 12.12
12.5 12.07
12.5 12.01
12.5 12.145
12.5 11.71
12.5 12.06
12.5 11.82
12.5 12.06
12.5 11.88
12.5 12.025
12.5 11.735
12.5 11.87
12.5 11.48
12.5 11.855
12.5 11.785
12.5 11.795
12.5 11.695
12.5 11.725
12.5 11.715
100
10.5 3.105
12.0 7.64
12.0 9.13
12.5 9.51
12.5 10.015
13.0 9.83
13.0 10.21
13.0 10.865
13.0 11.235
13.0 11.5
13.0 11.01
13.0 10.765
13.0 11.765
13.0 11.35
13.0 11.93
13.0 12.115
13.0 12.34
13.0 12.56
13.0 12.44
13.0 11.44
13.0 12.64
13.0 12.405
13.0 12.36
13.0 12.24
13.0 12.215
13.0 12.45
13.0 12.425
13.0 12.065
13.0 12.02
13.0 12.09
13.0 12.0
13.0 12.7
13.0 12.69
13.0 12.615
13.0 12.24
13.0 12.62
13.0 12.24
13.0 12.37
13.0 12.28
13.0 12.105
13.0 12.03
13.0 12.095
13.0 12.6
13.0 12.405
13.0 12.49
13.0 12.54
13.0 12.45
13.0 12.105
13.0 12.625
13.0 12.275
13.0 12.185
13.0 12.11
13.0 11.415
13.0 12.115
13.0 12.455
13.0 12.6
13.0 12.505
13.0 12.515
13.0 12.34
13.0 12.275
13.0 12.435
13.0 12.56
13.0 12.47
13.0 12.345
13.0 12.245
13.0 12.14
13.0 11.9
13.0 12.45
13.0 12.375
13.0 12.36
13.0 12.015
13.0 12.225
13.0 12.02
13.0 12.155
13.0 12.03
13.0 12.57
13.0 12.635
13.0 12.52
13.0 12.435
13.0 11.69
13.0 11.885
13.0 11.94
13.0 12.55
13.0 11.92
13.0 11.91
13.0 12.525
13.0 12.335
13.0 12.51
13.0 12.685
13.0 12.15
13.0 11.82
13.0 12.235
13.0 12.23
13.0 11.93
13.0 12.36
13.0 12.435
13.0 12.165
13.0 12.415
13.0 12.205
13.0 12.28

Individual: [1, 2, 6, 7, 9, 14, 15, 18, 20]
   Fitness: 13.5
     Total: 9
Violations: 0 0

Individual: [1, 3, 6, 7, 12, 14, 15, 19, 20]
   Fitness: 13.5
     Total: 9
Violations: 0 0

Individual: [2, 4, 6, 7, 9, 15, 17, 18, 20]
   Fitness: 12.5
     Total: 9
Violations: 1 1

Individual: [1, 2, 4, 5, 10, 12, 13, 17, 18, 20]
   Fitness: 13.0
     Total: 10
Violations: 2 2

Individual: [1, 2, 4, 5, 11, 13, 14, 16, 19, 20]
   Fitness: 13.0
     Total: 10
Violations: 2 2

Individual: [1, 3, 4, 6, 7, 14, 15, 16, 19, 20]
   Fitness: 13.0
     Total: 10
Violations: 2 2

Individual: [2, 3, 5, 6, 11, 14, 15, 18, 20]
   Fitness: 12.5
     Total: 9
Violations: 1 1

Individual: [1, 2, 5, 6, 7, 14, 16, 17, 19, 20]
   Fitness: 13.0
     Total: 10
Violations: 2 2

Individual: [1, 2, 6, 8, 12, 13, 17, 19, 20]
   Fitness: 12.5
     Total: 9
Violations: 1 1

Individual: [1, 2, 4, 5, 7, 11, 14, 16, 19, 20]
   Fitness: 13.0
     Total: 10
Violations: 2 2
