10
100
10.5 4.06
11.5 8.01
12.0 8.87
12.5 9.995
12.5 10.205
12.5 10.53
12.5 10.38
12.5 10.62
12.5 10.9
12.5 11.05
12.5 11.145
12.5 10.96
12.5 11.04
12.5 11.225
12.5 10.835
12.5 11.145
12.5 11.125
12.5 11.305
12.5 11.335
13.0 11.36
13.0 11.015
13.0 11.38
13.0 11.055
13.0 11.445
13.0 11.42
13.0 11.49
13.0 11.62
13.0 11.325
13.0 11.465
13.0 11.52
13.0 11.375
13.0 11.36
13.0 11.505
13.0 11.445
13.0 11.725
13.0 11.495
13.0 11.21
13.0 11.48
13.0 11.345
13.0 11.14
13.0 11.26
13.0 11.515
13.0 11.395
13.0 11.535
13.0 11.535
13.0 11.505
13.0 11.675
13.0 11.67
13.0 11.555
13.0 11.61
13.0 11.55
13.0 11.11
13.0 11.505
13.0 11.565
13.0 11.38
13.0 11.88
13.0 11.65
13.0 11.54
13.0 11.46
13.0 11.455
13.0 11.565
13.0 11.34
13.0 11.69
13.0 11.39
13.0 11.67
13.0 11.865
13.0 11.495
13.0 11.275
13.0 11.545
13.0 11.555
13.0 11.66
13.0 11.62
13.0 11.46
13.0 11.855
13.0 11.78
13.0 11.455
13.0 11.665
13.0 11.735
13.0 11.515
13.0 11.47
13.0 11.365
13.0 11.425
13.0 11.41
13.0 11.42
13.0 11.365
13.0 11.52
13.0 11.09
13.0 11.435
13.0 11.53
13.0 11.295
13.0 11.56
13.0 11.415
13.0 11.745
13.0 11.91
13.0 11.63
13.0 11.59
13.0 11.615
13.0 11.38
13.0 11.54
13.0 11.595
100
11.5 4.91
12.5 8.705
12.5 9.475
12.5 10.3
12.5 10.285
13.0 10.69
13.0 10.625
13.0 11.335
13.0 11.28
13.0 11.51
13.0 11.3
13.0 11.535
13.0 11.385
13.0 11.19
13.0 11.295
13.0 11.54
13.0 11.445
13.0 11.52
13.0 11.775
13.0 11.335
13.0 11.65
13.0 11.52
13.0 11.845
13.0 11.645
13.0 11.545
13.0 11.435
13.0 11.58
13.0 11.6
13.0 11.645
13.0 11.935
13.0 11.405
13.0 11.4
13.0 11.445
13.0 11.865
13.0 11.335
13.0 11.37
13.0 11.44
13.0 11.445
13.0 11.315
13.0 11.635
13.0 11.52
13.0 11.55
13.0 11.44
13.0 11.765
13.0 11.665
13.0 11.51
13.0 11.66
13.0 11.18
13.0 11.695
13.0 11.585
13.0 11.475
13.0 11.395
13.0 11.555
13.0 11.325
13.0 11.69
13.0 11.54
13.0 11.93
13.0 11.445
13.0 11.305
13.0 11.585
13.0 11.605
13.0 11.61
13.0 12.015
13.0 11.45
13.0 11.745
13.0 11.125
13.0 11.575
13.0 11.965
13.0 11.465
13.0 11.67
13.0 11.56
13.0 11.665
13.0 11.655
13.0 11.595
13.0 11.16
13.0 11.665
13.0 11.385
13.0 11.665
13.0 11.315
13.0 11.4
13.0 11.53
13.0 11.355
13.0 11.24
13.0 11.505
13.0 11.055
13.0 11.235
13.0 11.66
13.0 11.61
13.0 11.305
13.0 11.655
13.0 11.58
13.0 11.51
13.0 11.38
13.0 11.22
13.0 11.725
13.0 11.865
13.0 11.555
13.0 11.505
13.0 11.315
13.0 11.595
100
10.0 3.48
11.0 7.51
11.5 8.65
12.0 8.99
13.0 9.505
13.0 10.185
13.0 10.65
13.0 11.065
13.0 11.215
13.0 11.025
13.0 11.47
13.0 11.655
13.0 11.575
13.0 11.33
13.0 11.33
13.0 11.105
13.0 11.79
13.0 11.205
13.0 11.7
13.0 11.535
13.0 11.585
13.0 11.36
13.0 11.32
13.0 11.35
13.0 11.39
13.0 11.125
13.0 11.18
13.0 11.25
13.0 11.515
13.0 11.295
13.0 11.385
13.0 11.45
13.0 11.48
13.0 11.69
13.0 11.415
13.0 11.37
13.0 11.54
13.0 11.465
13.0 11.655
13.0 11.2
13.0 11.135
13.0 11.34
13.0 11.425
13.0 11.305
13.0 11.765
13.0 11.215
13.0 11.625
13.0 11.1
13.0 11.53
13.0 11.165
13.0 10.995
13.0 11.405
13.0 11.43
13.0 11.14
13.0 11.595
13.0 11.43
13.0 11.465
13.0 11.635
13.0 11.8
13.0 11.375
13.0 11.085
13.0 11.795
13.0 11.6
13.0 11.555
13.0 11.725
13.0 11.64
13.0 11.815
13.0 11.635
13.0 11.57
13.0 11.7
13.0 11.71
13.0 11.51
13.0 11.615
13.0 11.205
13.0 11.26
13.0 11.46
13.0 11.545
13.0 11.66
13.0 11.34
13.0 11.375
13.0 11.5
13.0 11.24
13.0 11.805
13.0 11.53
13.0 11.565
13.0 11.605
13.0 11.735
13.0 11.445
13.0 11.69
13.0 11.68
13.0 11.505
13.0 11.435
13.0 11.57
13.0 11.76
13.0 11.4
13.0 11.45
13.0 11.5
13.0 11.3
13.0 11.055
13.0 11.635
100
11.5 2.76
12.5 7.72
13.0 9.495
13.0 10.52
13.0 10.085
13.5 11.235
13.5 11.395
13.5 11.28
13.5 11.755
13.5 11.32
13.5 11.795
13.5 11.75
13.5 11.785
13.5 11.755
13.5 11.66
13.5 11.78
13.5 12.045
13.5 12.235
13.5 12.065
13.5 12.05
13.5 11.705
13.5 11.915
13.5 11.71
13.5 11.84
13.5 11.705
13.5 11.69
13.5 11.915
13.5 11.77
13.5 12.015
13.5 12.025
13.5 11.875
13.5 11.795
13.5 12.125
13.5 11.955
13.5 11.89
13.5 12.17
13.5 11.725
13.5 11.74
13.5 11.47
13.5 11.915
13.5 11.865
13.5 11.45
13.5 12.015
13.5 11.795
13.5 11.935
13.5 11.59
13.5 11.825
13.5 11.85
13.5 11.86
13.5 12.055
13.5 11.63
13.5 12.115
13.5 11.965
13.5 11.95
13.5 11.88
13.5 11.975
13.5 11.56
13.5 11.96
13.5 11.905
13.5 11.785
13.5 11.9
13.5 11.69
13.5 12.015
13.5 11.635
13.5 11.79
13.5 12.175
13.5 11.76
13.5 12.32
13.5 12.05
13.5 11.635
13.5 11.455
13.5 11.655
13.5 11.985
13.5 11.99
13.5 12.07
13.5 11.835
13.5 11.855
13.5 11.82
13.5 11.93
13.5 11.995
13.5 11.65
13.5 11.685
13.5 12.38
13.5 11.66
13.5 11.885
13.5 11.68
13.5 11.89
13.5 11.64
13.5 11.33
13.5 11.765
13.5 11.61
13.5 12.06
13.5 12.125
13.5 11.865
13.5 12.145
13.5 11.915
13.5 11.955
13.5 11.965
13.5 12.015
13.5 12.23
100
11.0 3.47
12.0 8.205
13.0 9.44
13.0 10.155
13.0 10.435
13.0 10.82
13.0 10.995
13.0 11.105
13.0 11.26
13.0 10.995
13.0 11.25
13.0 11.35
13.0 11.22
13.0 11.32
13.0 11.175
13.0 11.27
13.0 11.18
13.0 11.23
13.0 11.495
13.0 11.455
13.0 11.415
13.0 11.055
13.0 11.445
13.0 11.37
13.0 11.57
13.0 11.64
13.0 10.93
13.0 11.495
13.0 11.47
13.0 11.71
13.0 11.535
13.0 11.255
13.0 11.51
13.5 11.22
13.5 10.77
13.5 11.25
13.5 10.75
13.5 11.33
13.5 11.45
13.5 11.335
13.5 11.325
13.5 12.13
13.5 11.9
13.5 11.97
13.5 11.865
13.5 11.85
13.5 11.66
13.5 12.195
13.5 12.085
13.5 11.705
13.5 11.865
13.5 12.0
13.5 12.165
13.5 12.0
13.5 12.23
13.5 12.055
13.5 11.81
13.5 12.125
13.5 11.73
13.5 12.035
13.5 11.42
13.5 11.895
13.5 11.925
13.5 11.365
13.5 11.53
13.5 11.84
13.5 11.78
13.5 11.8
13.5 11.915
13.5 11.79
13.5 11.865
13.5 12.305
13.5 11.91
13.5 12.19
13.5 11.945
13.5 11.76
13.5 11.42
13.5 11.89
13.5 12.03
13.5 12.27
13.5 12.005
13.5 12.05
13.5 12.28
13.5 12.045
13.5 12.015
13.5 12.0
13.5 12.055
13.5 11.94
13.5 11.995
13.5 11.875
13.5 12.21
13.5 12.07
13.5 11.925
13.5 11.65
13.5 11.78
13.5 12.105
13.5 12.21
13.5 12.065
13.5 11.765
13.5 12.105
100
10.5 3.955
11.5 8.105
12.5 9.085
12.5 9.2
13.0 10.3
13.0 11.19
13.0 11.085
13.0 11.335
13.0 11.495
13.0 11.385
13.0 11.495
13.0 11.465
13.0 11.09
13.0 11.46
13.0 11.245
13.0 11.19
13.0 11.545
13.0 11.5
13.0 11.865
13.0 11.255
13.0 11.425
13.0 11.98
13.0 11.75
13.0 11.565
13.0 11.565
13.0 11.56
13.0 11.35
13.0 11.42
13.0 11.48
13.0 11.425
13.0 11.535
13.0 11.735
13.0 11.36
13.0 11.6
13.0 11.23
13.0 11.57
13.0 11.635
13.0 11.545
13.0 11.46
13.0 11.2
13.0 11.33
13.0 11.525
13.0 11.345
13.0 11.66
13.0 11.56
13.0 11.42
13.0 11.585
13.0 11.56
13.0 11.335
13.0 11.305
13.0 11.54
13.0 10.98
13.0 11.52
13.0 11.65
13.0 11.775
13.0 11.51
13.0 11.39
13.0 11.425
13.0 11.325
13.0 11.445
13.0 11.175
13.0 11.545
13.0 11.19
13.0 11.15
13.0 10.935
13.0 11.25
13.0 11.52
13.0 11.465
13.0 11.45
13.0 11.56
13.0 11.47
13.0 11.27
13.0 11.275
13.0 11.44
13.0 11.42
13.0 11.455
13.0 11.02
13.0 11.26
13.0 11.42
13.0 11.57
13.0 11.165
13.0 11.32
13.0 11.74
13.0 11.79
13.0 11.56
13.0 11.285
13.0 11.34
13.0 11.37
13.0 11.44
13.0 11.755
13.0 11.445
13.0 11.625
13.0 11.765
13.0 11.17
13.0 11.305
13.0 11.155
13.0 11.46
13.0 11.405
13.0 11.74
13.0 11.415
100
12.0 3.145
12.0 7.72
12.5 8.885
12.5 9.8
13.0 10.51
13.0 11.15
13.0 10.865
13.0 11.19
13.0 11.28
13.0 11.085
13.0 11.27
13.0 11.44
13.0 11.355
13.0 11.535
13.0 11.705
13.0 11.48
13.0 11.395
13.0 11.455
13.0 11.14
13.0 11.725
13.0 11.46
13.0 11.345
13.0 11.59
13.0 11.605
13.0 11.615
13.0 11.595
13.0 11.32
13.0 11.28
13.0 11.5
13.0 11.09
13.0 11.525
13.0 11.48
13.0 11.51
13.0 11.565
13.0 11.595
13.0 11.555
13.0 11.28
13.0 11.485
13.0 11.365
13.0 11.625
13.0 11.385
13.0 11.645
13.0 11.53
13.0 11.49
13.0 11.695
13.0 11.255
13.0 11.355
13.0 11.615
13.0 11.705
13.0 11.475
13.0 11.46
13.0 11.75
13.0 11.675
13.0 11.48
13.0 11.35
13.0 11.295
13.0 11.29
13.0 11.055
13.0 11.365
13.0 11.195
13.0 11.295
13.0 11.38
13.0 11.48
13.0 11.345
13.0 11.4
13.0 11.425
13.0 11.59
13.0 11.725
13.0 11.635
13.0 11.825
13.0 11.525
13.0 11.075
13.0 11.225
13.0 11.71
13.0 11.35
13.0 11.465
13.0 11.31
13.0 11.885
13.0 11.485
13.0 11.925
13.0 11.45
13.0 11.2
13.0 11.72
13.0 11.605
13.0 11.49
13.0 11.31
13.0 11.325
13.0 11.295
13.0 11.365
13.0 11.34
13.0 11.275
13.0 11.195
13.0 11.525
13.0 11.875
13.0 11.45
13.0 11.605
13.0 10.915
13.0 11.285
13.0 11.51
13.0 11.355
100
11.0 3.13
11.0 7.15
12.0 8.77
12.0 9.43
12.0 9.43
12.0 9.435
12.0 9.3
13.0 9.985
13.0 10.13
13.0 10.345
13.0 10.4
13.0 10.585
13.0 10.67
13.0 11.39
13.0 11.275
13.0 11.17
13.0 11.555
13.0 11.385
13.0 11.195
13.0 11.56
13.0 11.455
13.0 11.265
13.0 11.74
13.0 11.445
13.0 11.47
13.0 11.28
13.0 11.5
13.0 11.175
13.0 11.365
13.0 11.495
13.0 11.385
13.0 11.485
13.0 11.25
13.0 11.49
13.0 11.525
13.0 10.905
13.0 11.545
13.0 11.36
13.0 11.32
13.0 10.86
13.0 11.43
13.0 11.765
13.0 11.02
13.0 11.285
13.0 11.38
13.0 11.79
13.0 11.67
13.0 11.29
13.0 10.69
13.0 11.52
13.0 11.49
13.0 11.185
13.0 11.495
13.0 11.44
13.0 11.36
13.0 11.765
13.0 11.49
13.0 11.605
13.0 11.64
13.0 11.195
13.0 11.495
13.0 11.375
13.0 11.38
13.0 11.595
13.0 11.26
13.0 11.46
13.0 11.42
13.0 10.855
13.0 11.275
13.0 11.695
13.0 11.505
13.0 11.35
13.0 11.425
13.0 10.97
13.0 11.38
13.0 11.625
13.0 11.025
13.0 11.385
13.0 11.335
13.0 11.55
13.0 11.18
13.0 11.575
13.0 11.035
13.0 11.675
13.0 11.505
13.0 11.45
13.0 11.27
13.0 11.285
13.0 11.5
13.0 11.04
13.0 11.73
13.0 11.71
13.0 11.37
13.0 11.565
13.0 11.595
13.0 11.17
13.0 11.03
13.0 11.465
13.0 11.03
13.0 11.485
100
11.5 3.535
12.5 7.09
12.5 8.73
13.0 9.77
13.0 10.355
13.0 11.375
13.0 11.295
13.0 11.795
13.0 11.57
13.0 11.42
13.0 11.435
13.0 11.66
13.0 10.815
13.0 11.52
13.0 11.3
13.0 11.07
13.0 11.175
13.0 11.41
13.0 11.055
13.0 11.23
13.0 11.48
13.0 11.62
13.0 11.295
13.0 11.39
13.0 11.21
13.0 10.81
13.0 11.56
13.0 11.585
13.0 11.65
13.0 11.245
13.0 11.345
13.0 11.395
13.0 11.4
13.0 11.51
13.0 11.685
13.0 11.43
13.5 11.62
13.5 11.44
13.5 11.28
13.5 10.97
13.5 11.6
13.5 11.445
13.5 11.775
13.5 11.605
13.5 11.825
13.5 11.49
13.5 11.57
13.5 11.94
13.5 11.54
13.5 11.99
13.5 12.055
13.5 11.725
13.5 11.96
13.5 12.01
13.5 12.03
13.5 11.74
13.5 11.955
13.5 11.695
13.5 11.76
13.5 12.06
13.5 11.44
13.5 12.025
13.5 11.84
13.5 11.85
13.5 12.125
13.5 11.93
13.5 11.86
13.5 12.12
13.5 11.92
13.5 11.81
13.5 12.355
13.5 11.92
13.5 11.96
13.5 12.135
13.5 11.99
13.5 11.815
13.5 11.81
13.5 11.91
13.5 11.825
13.5 11.98
13.5 11.81
13.5 12.17
13.5 11.725
13.5 11.86
13.5 12.11
13.5 12.245
13.5 11.65
13.5 12.245
13.5 11.885
13.5 11.765
13.5 11.97
13.5 11.825
13.5 11.795
13.5 11.875
13.5 12.125
13.5 12.235
13.5 12.0
13.5 11.95
13.5 11.7
13.5 11.685
100
10.5 3.28
12.0 8.26
13.0 9.19
13.5 10.07
13.5 10.925
13.5 11.065
13.5 11.835
13.5 11.695
13.5 11.95
13.5 11.815
13.5 12.06
13.5 11.905
13.5 11.725
13.5 11.945
13.5 11.465
13.5 12.025
13.5 12.205
13.5 12.055
13.5 11.695
13.5 11.965
13.5 12.0
13.5 12.215
13.5 11.95
13.5 11.9
13.5 11.835
13.5 12.17
13.5 12.26
13.5 12.01
13.5 11.85
13.5 12.085
13.5 11.58
13.5 12.0
13.5 12.12
13.5 11.77
13.5 11.655
13.5 11.75
13.5 11.785
13.5 11.875
13.5 11.75
13.5 11.535
13.5 12.015
13.5 11.685
13.5 11.745
13.5 11.675
13.5 11.945
13.5 11.73
13.5 11.78
13.5 11.405
13.5 11.91
13.5 11.86
13.5 12.005
13.5 11.805
13.5 11.875
13.5 11.84
13.5 12.045
13.5 12.15
13.5 11.8
13.5 11.73
13.5 11.825
13.5 11.975
13.5 12.305
13.5 11.825
13.5 11.97
13.5 12.205
13.5 11.805
13.5 11.73
13.5 12.215
13.5 12.02
13.5 11.76
13.5 12.03
13.5 12.05
13.5 11.545
13.5 11.455
13.5 12.025
13.5 11.89
13.5 11.82
13.5 11.755
13.5 11.79
13.5 11.85
13.5 11.59
13.5 12.31
13.5 11.74
13.5 12.16
13.5 11.61
13.5 11.425
13.5 11.945
13.5 12.05
13.5 11.785
13.5 12.045
13.5 12.165
13.5 12.04
13.5 11.73
13.5 11.92
13.5 12.03
13.5 11.98
13.5 12.195
13.5 11.845
13.5 11.88
13.5 11.65
13.5 11.675

Individual: [1, 2, 4, 5, 13, 14, 15, 18, 19, 20]
   Fitness: 13.0
     Total: 10
Violations: 2 2

Individual: [1, 2, 5, 6, 7, 14, 16, 17, 19, 20]
   Fitness: 13.0
     Total: 10
Violations: 2 2

Individual: [1, 2, 4, 5, 13, 14, 16, 17, 19, 20]
   Fitness: 13.0
     Total: 10
Violations: 2 2

Individual: [1, 3, 6, 7, 12, 14, 15, 19, 20]
   Fitness: 13.5
     Total: 9
Violations: 0 0

Individual: [1, 3, 6, 7, 12, 14, 15, 19, 20]
   Fitness: 13.5
     Total: 9
Violations: 0 0

Individual: [1, 2, 4, 5, 7, 14, 15, 18, 19, 20]
   Fitness: 13.0
     Total: 10
Violations: 2 2

Individual: [1, 2, 4, 5, 7, 14, 16, 17, 19, 20]
   Fitness: 13.0
     Total: 10
Violations: 2 2

Individual: [1, 2, 4, 7, 8, 11, 16, 17, 19, 20]
   Fitness: 13.0
     Total: 10
Violations: 2 2

Individual: [1, 2, 6, 7, 9, 14, 15, 18, 20]
   Fitness: 13.5
     Total: 9
Violations: 0 0

Individual: [1, 3, 6, 7, 12, 14, 15, 19, 20]
   Fitness: 13.5
     Total: 9
Violations: 0 0
