10
100
10.5 3.548
12.0 7.616
12.5 9.08
13.0 9.806
13.5 10.244
13.5 10.934
13.5 10.828
13.5 11.054
13.5 11.202
13.5 11.008
13.5 11.302
13.5 11.36
13.5 11.152
13.5 11.284
13.5 11.246
13.5 11.658
13.5 11.722
13.5 11.842
13.5 11.944
13.5 12.032
13.5 12.038
13.5 11.966
13.5 12.036
13.5 12.04
13.5 11.814
13.5 11.95
13.5 11.838
13.5 11.91
13.5 11.836
13.5 12.012
13.5 11.988
13.5 11.89
13.5 12.036
13.5 11.958
13.5 11.744
13.5 11.966
13.5 11.93
13.5 11.582
13.5 11.758
13.5 11.908
13.5 11.994
13.5 12.126
13.5 11.936
13.5 11.858
13.5 12.12
13.5 11.992
13.5 12.012
13.5 11.908
13.5 12.008
13.5 11.88
13.5 11.86
13.5 11.828
13.5 11.884
13.5 11.89
13.5 11.93
13.5 11.788
13.5 11.858
13.5 12.002
13.5 11.834
13.5 12.126
13.5 11.828
13.5 11.832
13.5 11.628
13.5 11.862
13.5 11.832
13.5 11.696
13.5 11.764
13.5 11.856
13.5 11.796
13.5 11.764
13.5 11.916
13.5 11.792
13.5 11.852
13.5 11.692
13.5 11.88
13.5 11.954
13.5 11.824
13.5 12.006
13.5 11.846
13.5 11.916
13.5 12.048
13.5 11.824
13.5 11.696
13.5 12.052
13.5 11.676
13.5 11.788
13.5 11.944
13.5 11.742
13.5 11.984
13.5 11.756
13.5 11.774
13.5 11.824
13.5 11.994
13.5 11.61
13.5 11.914
13.5 12.088
13.5 11.922
13.5 11.834
13.5 11.864
13.5 11.87
100
11.0 3.63
11.5 7.67
12.5 8.678
12.5 9.512
12.5 9.86
12.5 10.374
13.0 10.53
13.0 10.926
13.0 10.676
13.0 10.71
13.0 11.09
13.0 11.194
13.0 10.978
13.0 11.222
13.0 11.508
13.0 11.39
13.0 11.382
13.0 11.198
13.0 11.538
13.0 11.408
13.0 11.616
13.0 11.416
13.0 11.504
13.0 11.252
13.0 11.446
13.0 11.442
13.0 11.212
13.0 11.424
13.0 11.484
13.0 11.594
13.0 11.46
13.0 11.186
13.0 11.396
13.0 11.506
13.0 11.51
13.0 11.518
13.0 11.386
13.0 11.378
13.0 11.25
13.0 11.492
13.0 11.544
13.0 11.318
13.0 11.36
13.0 11.47
13.0 11.084
13.0 11.366
13.0 11.472
13.0 11.402
13.0 11.348
13.0 11.248
13.0 11.634
13.0 11.354
13.0 11.338
13.0 11.426
13.0 11.348
13.0 11.338
13.0 11.156
13.0 11.25
13.0 11.234
13.0 11.394
13.0 11.334
13.0 11.428
13.0 11.452
13.0 11.36
13.0 11.464
13.0 11.328
13.0 11.31
13.0 11.476
13.0 11.268
13.0 11.332
13.0 11.252
13.0 11.37
13.0 11.396
13.0 11.412
13.0 11.624
13.0 11.106
13.0 11.45
13.0 11.284
13.0 11.384
13.0 11.636
13.0 11.37
13.0 11.194
13.0 11.436
13.0 11.16
13.0 11.248
13.0 11.374
13.0 11.5
13.0 11.224
13.0 11.546
13.0 11.488
13.0 11.304
13.0 11.334
13.0 11.64
13.0 11.222
13.0 11.246
13.0 11.408
13.0 11.384
13.0 11.308
13.0 11.34
13.0 11.46
100
11.5 4.18
12.0 8.146
12.5 9.16
13.0 9.694
13.0 10.454
13.0 11.138
13.0 11.23
13.0 11.198
13.0 11.24
13.0 11.498
13.5 11.47
13.5 11.106
13.5 11.334
13.5 11.538
13.5 11.412
13.5 11.498
13.5 11.638
13.5 11.95
13.5 11.926
13.5 11.99
13.5 11.922
13.5 11.912
13.5 11.768
13.5 11.912
13.5 11.8
13.5 12.038
13.5 12.032
13.5 11.874
13.5 11.75
13.5 11.856
13.5 11.94
13.5 12.028
13.5 12.052
13.5 11.998
13.5 11.782
13.5 11.838
13.5 11.998
13.5 11.744
13.5 11.854
13.5 12.03
13.5 12.106
13.5 11.862
13.5 11.872
13.5 11.938
13.5 11.858
13.5 11.876
13.5 11.942
13.5 11.81
13.5 11.94
13.5 11.884
13.5 11.874
13.5 11.922
13.5 11.876
13.5 11.884
13.5 11.868
13.5 11.85
13.5 11.752
13.5 11.788
13.5 12.022
13.5 11.834
13.5 11.874
13.5 11.956
13.5 11.844
13.5 11.836
13.5 11.772
13.5 11.898
13.5 11.89
13.5 11.786
13.5 11.844
13.5 11.8
13.5 11.846
13.5 11.658
13.5 11.842
13.5 11.982
13.5 11.776
13.5 11.96
13.5 11.928
13.5 11.8
13.5 12.088
13.5 11.91
13.5 11.71
13.5 11.78
13.5 11.862
13.5 11.89
13.5 11.842
13.5 11.892
13.5 11.796
13.5 11.862
13.5 11.86
13.5 11.69
13.5 11.94
13.5 11.97
13.5 11.818
13.5 11.992
13.5 11.664
13.5 12.016
13.5 12.002
13.5 12.014
13.5 12.0
13.5 11.64
100
11.0 3.156
12.0 7.67
12.5 8.71
13.0 9.366
13.0 10.21
13.0 10.718
13.0 10.712
13.0 10.702
13.0 10.918
13.0 11.16
13.0 11.12
13.0 11.216
13.0 11.35
13.0 11.32
13.0 11.342
13.0 11.034
13.0 11.482
13.0 11.012
13.0 11.188
13.0 11.35
13.0 11.328
13.0 11.252
13.0 11.488
13.0 11.498
13.0 11.06
13.0 11.32
13.0 11.596
13.0 11.524
13.0 11.366
13.0 11.29
13.0 11.438
13.0 11.448
13.0 11.452
13.0 11.348
13.0 11.41
13.0 11.472
13.0 11.372
13.0 11.582
13.0 11.154
13.0 11.244
13.0 11.474
13.0 11.398
13.0 11.238
13.0 11.166
13.0 11.456
13.0 11.512
13.0 11.328
13.0 11.136
13.0 11.268
13.0 11.57
13.0 11.378
13.0 11.564
13.0 11.352
13.0 11.338
13.0 11.406
13.0 11.36
13.0 11.352
13.0 11.302
13.0 11.458
13.0 11.606
13.0 11.66
13.0 11.334
13.0 11.46
13.0 11.468
13.0 11.406
13.0 11.324
13.0 11.646
13.0 11.474
13.0 11.338
13.0 11.314
13.0 11.42
13.0 11.32
13.0 11.186
13.0 10.97
13.0 11.392
13.0 11.634
13.0 11.348
13.0 11.446
13.0 11.49
13.0 11.564
13.0 11.46
13.0 11.348
13.0 11.596
13.0 11.36
13.0 11.244
13.0 11.512
13.0 11.418
13.0 11.254
13.0 11.138
13.0 11.334
13.0 11.632
13.0 11.318
13.0 11.382
13.0 11.422
13.0 11.342
13.0 11.494
13.0 11.482
13.0 11.482
13.0 11.364
13.0 11.534
100
11.0 3.896
11.5 8.124
12.5 8.776
12.5 9.326
12.5 9.506
13.5 9.982
13.5 10.594
13.5 10.796
13.5 11.074
13.5 11.032
13.5 10.982
13.5 11.544
13.5 11.83
13.5 11.84
13.5 11.708
13.5 12.126
13.5 11.874
13.5 11.808
13.5 11.78
13.5 11.894
13.5 11.926
13.5 11.93
13.5 12.006
13.5 11.882
13.5 11.792
13.5 12.086
13.5 11.944
13.5 11.846
13.5 11.682
13.5 11.976
13.5 11.77
13.5 11.908
13.5 12.018
13.5 12.074
13.5 12.126
13.5 11.49
13.5 11.846
13.5 11.718
13.5 11.928
13.5 11.9
13.5 11.864
13.5 11.944
13.5 11.838
13.5 11.964
13.5 11.71
13.5 11.8
13.5 11.954
13.5 11.908
13.5 11.802
13.5 11.872
13.5 11.932
13.5 11.764
13.5 11.758
13.5 11.72
13.5 11.782
13.5 11.606
13.5 11.884
13.5 11.816
13.5 11.818
13.5 12.046
13.5 11.96
13.5 11.904
13.5 11.838
13.5 11.904
13.5 12.066
13.5 11.782
13.5 11.776
13.5 11.948
13.5 11.916
13.5 11.918
13.5 11.64
13.5 11.938
13.5 11.886
13.5 11.782
13.5 11.842
13.5 11.828
13.5 11.946
13.5 11.928
13.5 11.98
13.5 11.914
13.5 11.81
13.5 11.928
13.5 12.01
13.5 12.034
13.5 11.95
13.5 12.028
13.5 12.024
13.5 11.926
13.5 11.962
13.5 11.946
13.5 12.03
13.5 11.896
13.5 11.952
13.5 11.934
13.5 11.978
13.5 12.002
13.5 11.69
13.5 11.766
13.5 12.054
13.5 11.932
100
12.5 3.778
12.5 8.242
13.0 9.398
13.0 9.966
13.0 10.66
13.0 11.208
13.0 11.344
13.0 11.534
13.0 11.256
13.0 11.402
13.0 11.536
13.0 11.552
13.0 11.382
13.0 11.312
13.0 11.534
13.0 11.446
13.0 11.354
13.0 11.408
13.0 11.59
13.0 11.578
13.0 11.41
13.0 11.134
13.0 11.512
13.0 11.478
13.0 11.548
13.0 11.502
13.0 11.434
13.0 11.532
13.0 11.394
13.0 11.272
13.0 11.458
13.0 11.708
13.0 11.592
13.0 11.378
13.0 11.478
13.0 11.288
13.0 11.268
13.0 11.472
13.0 11.5
13.0 11.704
13.0 11.432
13.0 11.462
13.0 11.53
13.0 11.49
13.0 11.472
13.0 11.346
13.0 11.56
13.0 11.352
13.0 11.434
13.0 11.208
13.0 11.536
13.0 11.592
13.0 11.44
13.0 11.546
13.0 11.46
13.0 11.364
13.0 11.442
13.0 11.398
13.0 11.37
13.0 11.44
13.0 11.39
13.0 11.582
13.0 11.546
13.0 11.342
13.0 11.47
13.0 11.516
13.0 11.58
13.0 11.524
13.0 11.508
13.0 11.472
13.0 11.526
13.0 11.66
13.0 11.484
13.0 11.296
13.0 11.49
13.0 11.702
13.0 11.462
13.0 11.568
13.0 11.342
13.0 11.438
13.0 11.146
13.0 11.692
13.0 11.392
13.0 11.608
13.0 11.546
13.0 11.422
13.0 11.4
13.0 11.424
13.0 11.584
13.0 11.458
13.0 11.618
13.0 11.538
13.0 11.392
13.0 11.538
13.0 11.604
13.0 11.556
13.0 11.492
13.0 11.398
13.0 11.46
13.0 11.536
100
11.0 4.278
12.0 7.778
13.0 8.738
13.0 9.386
13.0 9.94
13.0 10.434
13.0 10.768
13.0 11.004
13.0 11.19
13.0 11.182
13.0 11.29
13.0 11.322
13.5 11.264
13.5 11.326
13.5 11.414
13.5 11.472
13.5 11.58
13.5 11.464
13.5 11.676
13.5 11.948
13.5 11.786
13.5 11.852
13.5 11.692
13.5 11.804
13.5 11.832
13.5 11.922
13.5 12.036
13.5 11.754
13.5 11.968
13.5 11.876
13.5 11.868
13.5 11.718
13.5 11.686
13.5 11.948
13.5 11.872
13.5 11.86
13.5 11.962
13.5 11.988
13.5 11.854
13.5 11.77
13.5 11.866
13.5 11.958
13.5 12.168
13.5 11.99
13.5 11.876
13.5 11.942
13.5 12.046
13.5 11.856
13.5 11.98
13.5 11.826
13.5 11.962
13.5 11.994
13.5 11.926
13.5 11.768
13.5 11.98
13.5 11.866
13.5 11.718
13.5 11.998
13.5 11.782
13.5 11.762
13.5 11.82
13.5 12.052
13.5 11.738
13.5 11.866
13.5 11.75
13.5 11.766
13.5 11.78
13.5 12.102
13.5 12.046
13.5 11.97
13.5 11.954
13.5 11.918
13.5 12.006
13.5 12.06
13.5 11.936
13.5 11.55
13.5 11.736
13.5 11.908
13.5 11.842
13.5 11.924
13.5 12.104
13.5 11.974
13.5 11.882
13.5 12.074
13.5 11.936
13.5 11.906
13.5 11.736
13.5 12.024
13.5 11.85
13.5 12.06
13.5 12.126
13.5 12.024
13.5 11.822
13.5 11.864
13.5 11.93
13.5 12.032
13.5 11.66
13.5 11.932
13.5 11.862
13.5 11.936
100
11.5 2.9
11.5 7.634
13.5 8.49
13.5 9.0
13.5 9.75
13.5 10.426
13.5 11.052
13.5 11.402
13.5 11.63
13.5 11.618
13.5 11.908
13.5 12.038
13.5 11.848
13.5 11.818
13.5 11.748
13.5 11.822
13.5 11.912
13.5 11.948
13.5 11.848
13.5 11.664
13.5 11.898
13.5 11.914
13.5 11.776
13.5 12.014
13.5 11.872
13.5 11.834
13.5 11.756
13.5 11.812
13.5 12.12
13.5 12.036
13.5 11.892
13.5 11.706
13.5 12.134
13.5 11.866
13.5 11.948
13.5 11.998
13.5 11.956
13.5 11.77
13.5 11.78
13.5 11.83
13.5 11.828
13.5 12.0
13.5 11.948
13.5 11.694
13.5 11.76
13.5 11.888
13.5 11.692
13.5 11.828
13.5 11.822
13.5 11.886
13.5 12.136
13.5 11.846
13.5 11.864
13.5 12.074
13.5 12.056
13.5 12.04
13.5 11.954
13.5 11.938
13.5 11.822
13.5 11.824
13.5 11.854
13.5 11.688
13.5 11.648
13.5 11.936
13.5 12.0
13.5 11.922
13.5 11.748
13.5 11.96
13.5 11.83
13.5 11.922
13.5 11.986
13.5 11.94
13.5 11.77
13.5 11.97
13.5 11.814
13.5 12.066
13.5 12.084
13.5 12.01
13.5 11.824
13.5 12.026
13.5 11.962
13.5 11.95
13.5 11.964
13.5 11.932
13.5 12.082
13.5 11.856
13.5 11.944
13.5 11.832
13.5 12.028
13.5 11.966
13.5 11.922
13.5 11.888
13.5 11.712
13.5 11.86
13.5 11.932
13.5 11.892
13.5 11.864
13.5 11.64
13.5 11.892
13.5 11.822
100
11.0 3.568
12.0 7.824
12.5 8.854
12.5 9.236
13.0 9.684
13.0 10.55
13.0 10.526
13.0 10.824
13.0 11.108
13.0 11.172
13.0 11.012
13.0 10.88
13.0 11.106
13.0 11.168
13.0 11.334
13.0 11.374
13.0 11.13
13.0 11.158
13.0 11.232
13.0 11.234
13.0 11.178
13.0 11.39
13.0 11.32
13.0 11.394
13.0 11.38
13.0 11.454
13.0 11.432
13.0 11.324
13.0 11.5
13.0 11.212
13.0 11.534
13.0 11.138
13.0 11.308
13.0 11.156
13.0 11.286
13.0 11.362
13.0 11.38
13.0 11.218
13.0 11.442
13.0 11.522
13.0 11.202
13.0 11.388
13.0 11.204
13.0 11.194
13.0 11.184
13.0 11.264
13.0 11.466
13.0 11.042
13.0 11.418
13.0 11.276
13.0 11.536
13.0 11.284
13.0 11.5
13.0 11.3
13.0 11.296
13.0 11.282
13.0 11.236
13.0 10.956
13.0 11.064
13.0 11.396
13.0 11.464
13.0 11.388
13.0 11.29
13.0 11.242
13.0 11.456
13.0 11.354
13.0 11.406
13.0 11.31
13.0 11.372
13.0 11.572
13.0 11.302
13.0 11.228
13.0 11.32
13.0 11.378
13.0 11.252
13.0 11.27
13.0 11.344
13.0 11.148
13.0 11.55
13.0 11.126
13.0 11.396
13.0 11.254
13.0 11.382
13.0 11.156
13.0 11.334
13.0 11.16
13.0 11.018
13.0 11.222
13.0 11.08
13.0 11.11
13.0 11.284
13.0 11.496
13.0 11.416
13.0 11.358
13.0 11.34
13.0 11.238
13.0 11.274
13.0 11.302
13.0 11.242
13.0 11.104
100
11.0 3.458
11.5 8.128
12.5 8.79
12.5 9.36
13.0 9.642
13.0 10.112
13.0 10.344
13.0 10.664
13.0 10.686
13.0 10.64
13.0 11.11
13.0 11.164
13.0 11.0
13.0 11.122
13.0 11.01
13.0 11.338
13.0 11.22
13.0 11.236
13.0 11.02
13.0 11.302
13.0 11.208
13.0 10.972
13.0 11.02
13.0 11.202
13.0 11.372
13.0 11.35
13.0 11.368
13.0 11.386
13.0 10.996
13.0 11.342
13.0 11.524
13.0 11.426
13.0 11.436
13.0 11.468
13.0 11.336
13.0 11.36
13.0 11.324
13.0 11.448
13.0 11.808
13.0 11.472
13.0 11.408
13.0 11.206
13.0 11.416
13.0 11.372
13.0 11.512
13.0 11.258
13.0 11.396
13.0 11.618
13.0 11.328
13.0 11.506
13.0 11.226
13.0 11.496
13.0 11.4
13.0 11.206
13.0 11.378
13.0 11.348
13.0 11.156
13.0 11.426
13.0 11.422
13.0 11.368
13.0 11.4
13.0 11.36
13.0 11.264
13.0 11.216
13.0 11.524
13.0 11.292
13.0 11.262
13.0 11.352
13.0 11.218
13.0 11.344
13.0 11.338
13.0 11.436
13.0 11.454
13.0 11.554
13.0 11.148
13.0 11.392
13.0 11.266
13.0 11.268
13.0 11.488
13.0 11.36
13.0 11.436
13.0 11.606
13.0 11.332
13.0 11.442
13.0 11.404
13.0 11.432
13.0 11.37
13.0 11.33
13.0 11.406
13.0 11.186
13.0 11.486
13.0 11.37
13.0 11.562
13.0 11.396
13.0 11.346
13.0 11.334
13.0 11.394
13.0 11.136
13.0 11.17
13.0 11.244

Individual: [1, 3, 6, 7, 12, 14, 15, 19, 20]
   Fitness: 13.5
     Total: 9
Violations: 0 0

Individual: [1, 2, 4, 5, 13, 14, 16, 17, 19, 20]
   Fitness: 13.0
     Total: 10
Violations: 2 2

Individual: [1, 2, 6, 7, 9, 14, 15, 18, 20]
   Fitness: 13.5
     Total: 9
Violations: 0 0

Individual: [1, 2, 4, 5, 7, 8, 16, 17, 19, 20]
   Fitness: 13.0
     Total: 10
Violations: 2 2

Individual: [1, 3, 6, 7, 12, 14, 15, 19, 20]
   Fitness: 13.5
     Total: 9
Violations: 0 0

Individual: [1, 2, 5, 6, 7, 14, 16, 17, 19, 20]
   Fitness: 13.0
     Total: 10
Violations: 2 2

Individual: [1, 3, 6, 7, 12, 14, 15, 19, 20]
   Fitness: 13.5
     Total: 9
Violations: 0 0

Individual: [1, 2, 6, 7, 9, 14, 15, 18, 20]
   Fitness: 13.5
     Total: 9
Violations: 0 0

Individual: [1, 3, 4, 6, 7, 14, 15, 16, 19, 20]
   Fitness: 13.0
     Total: 10
Violations: 2 2

Individual: [1, 2, 4, 5, 10, 13, 14, 17, 19, 20]
   Fitness: 13.0
     Total: 10
Violations: 2 2
