10
500
10.5 3.5
11.5 7.596
13.0 9.042
13.0 9.836
13.5 10.096
13.5 11.164
13.5 11.33
13.5 11.802
13.5 12.33
13.5 12.664
13.5 12.784
13.5 12.85
13.5 13.2
13.5 13.22
13.5 13.302
13.5 13.132
13.5 13.168
13.5 13.282
13.5 13.442
13.5 13.244
13.5 13.282
13.5 13.22
13.5 13.39
13.5 13.26
13.5 13.262
13.5 13.238
13.5 13.28
13.5 13.088
13.5 13.102
13.5 13.27
13.5 13.158
13.5 13.254
13.5 13.248
13.5 13.158
13.5 13.142
13.5 13.132
13.5 12.968
13.5 13.212
13.5 13.15
13.5 13.116
13.5 13.31
13.5 13.166
13.5 13.026
13.5 13.024
13.5 13.066
13.5 13.196
13.5 13.03
13.5 13.162
13.5 13.072
13.5 13.098
13.5 13.06
13.5 13.232
13.5 13.252
13.5 13.118
13.5 13.086
13.5 13.026
13.5 13.108
13.5 13.132
13.5 13.074
13.5 13.146
13.5 13.11
13.5 13.334
13.5 13.138
13.5 13.128
13.5 13.058
13.5 13.128
13.5 13.276
13.5 13.206
13.5 13.256
13.5 13.208
13.5 13.292
13.5 13.2
13.5 13.156
13.5 13.182
13.5 13.144
13.5 13.21
13.5 13.098
13.5 13.098
13.5 13.196
13.5 13.07
13.5 13.306
13.5 13.09
13.5 13.232
13.5 13.166
13.5 12.996
13.5 13.06
13.5 13.114
13.5 13.172
13.5 13.218
13.5 13.162
13.5 13.042
13.5 13.138
13.5 13.186
13.5 13.068
13.5 13.084
13.5 13.198
13.5 13.214
13.5 13.056
13.5 13.06
13.5 13.154
13.5 13.126
13.5 13.104
13.5 13.248
13.5 13.112
13.5 13.146
13.5 13.154
13.5 13.04
13.5 13.19
13.5 12.99
13.5 13.162
13.5 13.054
13.5 13.106
13.5 13.192
13.5 13.084
13.5 13.124
13.5 12.972
13.5 13.146
13.5 13.19
13.5 13.068
13.5 13.134
13.5 13.262
13.5 13.086
13.5 13.088
13.5 13.216
13.5 12.972
13.5 13.17
13.5 13.142
13.5 13.19
13.5 13.214
13.5 13.204
13.5 13.168
13.5 13.168
13.5 13.054
13.5 13.104
13.5 13.102
13.5 13.12
13.5 13.09
13.5 13.076
13.5 13.046
13.5 13.234
13.5 13.1
13.5 13.31
13.5 13.116
13.5 12.994
13.5 12.942
13.5 13.11
13.5 13.178
13.5 13.124
13.5 12.98
13.5 12.988
13.5 12.856
13.5 13.062
13.5 13.184
13.5 13.054
13.5 13.216
13.5 13.244
13.5 13.118
13.5 13.242
13.5 13.224
13.5 13.078
13.5 13.084
13.5 13.106
13.5 13.316
13.5 13.234
13.5 13.208
13.5 13.008
13.5 13.13
13.5 13.258
13.5 13.14
13.5 13.248
13.5 13.022
13.5 13.096
13.5 13.33
13.5 13.154
13.5 13.3
13.5 13.2
13.5 13.126
13.5 13.026
13.5 13.19
13.5 13.082
13.5 13.298
13.5 13.352
13.5 13.176
13.5 13.202
13.5 13.002
13.5 13.152
13.5 13.244
13.5 13.22
13.5 13.13
13.5 13.062
13.5 13.234
13.5 13.244
13.5 13.236
13.5 13.126
13.5 13.11
13.5 13.154
13.5 13.148
13.5 13.2
13.5 13.226
13.5 13.166
13.5 13.22
13.5 12.998
13.5 13.284
13.5 13.132
13.5 13.082
13.5 13.12
13.5 12.908
13.5 13.034
13.5 13.008
13.5 13.074
13.5 13.136
13.5 13.334
13.5 13.174
13.5 13.092
13.5 13.082
13.5 13.21
13.5 13.146
13.5 13.176
13.5 13.028
13.5 13.222
13.5 13.276
13.5 13.1
13.5 13.228
13.5 13.338
13.5 13.298
13.5 13.26
13.5 13.216
13.5 13.22
13.5 13.244
13.5 13.292
13.5 13.004
13.5 13.298
13.5 13.102
13.5 13.17
13.5 13.132
13.5 13.22
13.5 13.136
13.5 13.066
13.5 13.242
13.5 13.19
13.5 13.034
13.5 13.212
13.5 13.102
13.5 13.072
13.5 13.266
13.5 13.174
13.5 13.132
13.5 13.228
13.5 13.124
13.5 13.304
13.5 13.072
13.5 13.256
13.5 13.166
13.5 13.238
13.5 13.2
13.5 13.1
13.5 13.074
13.5 13.27
13.5 13.066
13.5 13.258
13.5 13.246
13.5 13.19
13.5 13.108
13.5 12.98
13.5 13.188
13.5 13.1
13.5 13.154
13.5 13.174
13.5 12.988
13.5 13.128
13.5 13.14
13.5 13.304
13.5 13.32
13.5 13.148
13.5 13.074
13.5 13.118
13.5 13.104
13.5 13.218
13.5 13.27
13.5 13.14
13.5 13.264
13.5 13.126
13.5 13.1
13.5 13.178
13.5 13.102
13.5 13.282
13.5 13.208
13.5 13.278
13.5 13.054
13.5 13.192
13.5 13.26
13.5 13.048
13.5 13.264
13.5 13.128
13.5 13.11
13.5 13.196
13.5 13.24
13.5 13.126
13.5 13.148
13.5 13.346
13.5 13.344
13.5 13.174
13.5 13.256
13.5 13.194
13.5 13.16
13.5 13.122
13.5 13.236
13.5 13.17
13.5 13.232
13.5 13.122
13.5 13.198
13.5 13.21
13.5 13.246
13.5 13.242
13.5 13.224
13.5 13.15
13.5 13.264
13.5 13.2
13.5 13.056
13.5 12.778
13.5 13.152
13.5 13.108
13.5 13.242
13.5 13.234
13.5 13.058
13.5 13.13
13.5 13.156
13.5 13.282
13.5 13.188
13.5 13.362
13.5 13.316
13.5 13.222
13.5 13.15
13.5 13.13
13.5 13.194
13.5 13.138
13.5 13.078
13.5 13.152
13.5 13.112
13.5 13.08
13.5 13.076
13.5 13.238
13.5 13.124
13.5 13.138
13.5 13.192
13.5 13.064
13.5 13.182
13.5 13.21
13.5 13.138
13.5 13.106
13.5 13.142
13.5 12.836
13.5 12.988
13.5 13.02
13.5 13.266
13.5 13.274
13.5 13.202
13.5 13.242
13.5 13.32
13.5 13.05
13.5 13.214
13.5 13.242
13.5 13.262
13.5 13.028
13.5 13.124
13.5 13.222
13.5 13.146
13.5 13.144
13.5 13.148
13.5 13.03
13.5 13.13
13.5 13.048
13.5 13.046
13.5 13.224
13.5 13.152
13.5 13.2
13.5 13.178
13.5 13.176
13.5 13.238
13.5 13.024
13.5 13.19
13.5 12.942
13.5 13.016
13.5 12.964
13.5 13.064
13.5 13.19
13.5 13.056
13.5 13.236
13.5 13.12
13.5 13.242
13.5 13.324
13.5 13.116
13.5 13.166
13.5 13.248
13.5 13.148
13.5 13.102
13.5 13.234
13.5 13.32
13.5 13.174
13.5 13.152
13.5 13.118
13.5 13.208
13.5 13.266
13.5 13.136
13.5 13.17
13.5 13.296
13.5 13.076
13.5 13.098
13.5 13.1
13.5 13.058
13.5 13.128
13.5 13.232
13.5 13.178
13.5 13.358
13.5 13.162
13.5 13.072
13.5 13.2
13.5 13.278
13.5 13.218
13.5 13.21
13.5 13.116
13.5 13.24
13.5 13.3
13.5 13.214
13.5 13.116
13.5 13.186
13.5 13.054
13.5 13.156
13.5 13.158
13.5 13.242
13.5 13.076
13.5 13.18
13.5 13.254
13.5 13.12
13.5 13.132
13.5 13.15
13.5 12.938
13.5 13.184
13.5 13.326
13.5 13.146
13.5 13.094
13.5 13.1
13.5 13.23
13.5 13.168
13.5 13.314
13.5 13.276
13.5 13.252
13.5 13.106
13.5 13.242
13.5 13.236
13.5 13.204
13.5 13.212
13.5 13.238
13.5 13.116
13.5 13.136
13.5 13.144
13.5 13.048
13.5 13.136
13.5 13.156
13.5 13.236
13.5 13.17
13.5 13.31
13.5 13.268
13.5 13.224
13.5 12.85
13.5 13.068
13.5 13.282
13.5 13.134
13.5 13.224
13.5 13.106
13.5 13.108
13.5 13.208
13.5 13.23
13.5 13.09
13.5 13.226
13.5 13.184
13.5 13.264
13.5 13.094
13.5 13.028
13.5 13.228
13.5 13.094
13.5 13.176
13.5 13.198
13.5 13.128
13.5 13.142
13.5 13.144
13.5 13.254
13.5 13.302
13.5 13.232
13.5 13.188
13.5 13.132
13.5 13.216
13.5 13.226
13.5 13.166
13.5 13.178
13.5 13.212
13.5 13.176
13.5 13.194
13.5 13.162
13.5 13.314
500
12.0 3.762
13.0 8.594
13.0 9.66
13.0 10.386
13.0 11.032
13.0 11.184
13.0 11.346
13.0 11.038
13.0 11.97
13.0 12.54
13.0 12.192
13.0 12.408
13.0 12.536
13.0 12.384
13.0 12.344
13.0 12.69
13.0 12.614
13.0 12.598
13.0 12.818
13.0 12.582
13.0 12.702
13.0 12.65
13.0 12.542
13.0 12.606
13.0 12.656
13.0 12.552
13.0 12.636
13.0 12.218
13.0 12.516
13.0 12.548
13.0 12.74
13.0 12.824
13.0 12.502
13.0 12.556
13.0 12.28
13.0 12.368
13.0 12.56
13.0 12.424
13.0 12.116
13.0 12.428
13.0 12.226
13.0 12.352
13.0 12.352
13.0 12.518
13.0 12.224
13.0 12.422
13.0 12.65
13.0 12.632
13.0 12.586
13.0 12.722
13.0 12.606
13.0 12.6
13.0 12.366
13.0 12.662
13.0 12.594
13.0 12.474
13.0 12.57
13.0 12.734
13.0 12.488
13.0 12.46
13.0 12.66
13.0 12.488
13.0 12.25
13.0 12.46
13.0 12.598
13.0 12.312
13.0 12.486
13.0 12.38
13.0 12.344
13.0 12.64
13.0 12.544
13.0 12.644
13.0 12.63
13.0 12.47
13.0 12.468
13.0 12.346
13.0 12.464
13.0 12.408
13.0 12.43
13.0 12.506
13.0 12.782
13.0 12.744
13.0 12.47
13.0 12.388
13.0 12.538
13.0 12.746
13.0 12.684
13.0 12.638
13.0 12.81
13.0 12.378
13.0 12.372
13.0 12.322
13.0 12.362
13.0 12.688
13.0 12.648
13.0 12.32
13.0 12.544
13.0 12.528
13.0 12.73
13.0 12.348
13.0 12.768
13.0 12.642
13.0 12.574
13.0 12.566
13.0 12.702
13.0 12.35
13.0 12.6
13.0 12.448
13.0 12.54
13.0 12.602
13.0 12.532
13.0 12.74
13.0 12.47
13.0 12.452
13.0 12.552
13.0 12.624
13.0 12.174
13.0 12.506
13.0 12.598
13.0 12.47
13.0 12.594
13.0 12.562
13.0 12.452
13.0 12.312
13.0 12.34
13.0 12.61
13.0 12.566
13.0 12.75
13.0 12.614
13.0 12.432
13.0 12.372
13.0 12.644
13.0 12.66
13.0 12.6
13.0 12.114
13.0 12.538
13.0 12.244
13.0 12.494
13.0 12.404
13.0 12.574
13.0 12.412
13.0 12.562
13.0 12.568
13.0 12.74
13.0 12.45
13.0 12.664
13.0 12.538
13.0 12.24
13.0 12.482
13.0 12.586
13.0 12.582
13.0 12.248
13.0 12.652
13.0 12.144
13.0 12.55
13.0 12.306
13.0 12.474
13.0 12.432
13.0 12.706
13.0 12.738
13.0 12.478
13.0 12.556
13.0 12.572
13.0 12.596
13.0 12.61
13.0 12.72
13.0 12.358
13.0 12.65
13.0 12.584
13.0 12.606
13.0 12.482
13.0 12.64
13.0 12.602
13.0 12.524
13.0 12.604
13.0 12.272
13.0 12.632
13.0 12.65
13.0 12.62
13.0 12.642
13.0 12.706
13.0 12.826
13.0 12.582
13.0 12.818
13.0 12.53
13.0 12.566
13.0 12.528
13.0 12.664
13.0 12.802
13.0 12.44
13.0 12.522
13.0 12.74
13.0 12.424
13.0 12.41
13.0 12.404
13.0 12.406
13.0 12.574
13.0 12.596
13.0 12.624
13.0 12.568
13.0 12.64
13.0 12.514
13.0 12.284
13.0 12.64
13.0 12.284
13.0 12.634
13.0 12.636
13.0 12.588
13.0 12.752
13.0 12.814
13.0 12.518
13.0 12.624
13.0 12.66
13.0 12.534
13.0 12.488
13.0 12.508
13.0 12.602
13.0 12.406
13.0 12.302
13.0 12.654
13.0 12.674
13.0 12.466
13.0 12.418
13.0 12.376
13.0 12.626
13.0 12.48
13.0 12.87
13.0 12.342
13.0 12.432
13.0 12.636
13.0 12.784
13.0 12.392
13.0 12.564
13.0 12.644
13.0 12.796
13.0 12.638
13.0 12.708
13.0 12.388
13.0 12.18
13.0 12.64
13.0 12.644
13.0 12.468
13.0 12.126
13.0 12.382
13.0 12.742
13.0 12.216
13.0 12.496
13.0 12.516
13.0 12.612
13.0 12.296
13.0 12.39
13.0 12.212
13.0 12.354
13.0 12.632
13.0 12.57
13.0 12.716
13.0 12.642
13.0 12.404
13.0 12.158
13.0 12.298
13.0 12.632
13.0 12.74
13.0 12.396
13.0 12.366
13.0 12.614
13.0 12.646
13.0 12.406
13.0 12.672
13.0 12.294
13.0 12.38
13.0 12.684
13.0 12.714
13.0 12.428
13.0 12.194
13.0 12.586
13.0 12.398
13.0 12.596
13.0 12.372
13.0 12.254
13.0 12.534
13.0 12.368
13.0 12.722
13.0 12.35
13.0 12.538
13.0 12.538
13.0 12.506
13.0 12.586
13.0 12.466
13.0 12.67
13.0 12.54
13.0 12.746
13.0 12.808
13.0 12.4
13.0 12.572
13.0 12.508
13.0 12.476
13.0 12.502
13.0 12.416
13.0 12.374
13.0 12.522
13.0 12.546
13.0 12.59
13.0 12.37
13.0 12.52
13.0 12.494
13.0 12.728
13.0 12.642
13.0 12.446
13.0 12.632
13.0 12.618
13.0 12.804
13.0 12.406
13.0 12.742
13.0 12.524
13.0 12.54
13.0 12.478
13.0 12.428
13.0 12.342
13.0 12.798
13.0 12.492
13.0 12.472
13.0 12.69
13.0 12.556
13.0 12.772
13.0 12.36
13.0 12.626
13.0 12.518
13.0 12.528
13.0 12.44
13.0 12.588
13.0 12.74
13.0 12.628
13.0 12.658
13.0 12.564
13.0 12.546
13.0 12.594
13.0 12.384
13.0 12.666
13.0 12.382
13.0 12.6
13.0 12.732
13.0 12.534
13.0 12.68
13.0 12.56
13.0 12.506
13.0 12.332
13.0 12.482
13.0 12.668
13.0 12.294
13.0 12.31
13.0 12.35
13.0 12.406
13.0 12.69
13.0 12.344
13.0 12.52
13.0 12.846
13.0 12.68
13.0 12.668
13.0 12.468
13.0 12.828
13.0 12.604
13.0 12.698
13.0 12.634
13.0 12.662
13.0 12.304
13.0 12.494
13.0 12.616
13.0 12.508
13.0 12.58
13.0 12.498
13.0 12.36
13.0 12.594
13.0 12.666
13.0 12.652
13.0 12.652
13.0 12.196
13.0 12.272
13.0 12.412
13.0 12.262
13.0 12.444
13.0 12.722
13.0 12.388
13.0 12.42
13.0 12.498
13.0 12.206
13.0 12.732
13.0 12.434
13.0 12.806
13.0 12.668
13.0 12.682
13.0 12.654
13.0 12.634
13.0 12.596
13.0 12.432
13.0 12.752
13.0 12.35
13.0 12.518
13.0 12.572
13.0 12.584
13.0 12.694
13.0 12.644
13.0 12.75
13.0 12.584
13.0 12.518
13.0 11.816
13.0 12.462
13.0 12.402
13.0 12.69
13.0 12.682
13.0 12.67
13.0 12.52
13.0 12.634
13.0 12.39
13.0 12.598
13.0 12.812
13.0 12.75
13.0 12.486
13.0 12.568
13.0 12.582
13.0 12.456
13.0 12.756
13.0 12.738
13.0 12.504
13.0 12.59
13.0 12.782
13.0 12.652
13.0 12.43
13.0 12.672
13.0 12.51
13.0 12.68
13.0 12.446
13.0 12.262
13.0 12.382
13.0 12.574
13.0 12.632
13.0 12.598
13.0 12.766
13.0 12.594
13.0 12.56
13.0 12.522
13.0 12.608
13.0 12.492
13.0 12.772
13.0 12.752
13.0 12.372
13.0 12.488
13.0 12.336
13.0 12.31
13.0 12.29
13.0 12.728
13.0 12.452
13.0 12.64
13.0 12.464
13.0 12.596
13.0 12.502
13.0 12.632
13.0 12.636
13.0 12.676
13.0 12.396
13.0 12.526
13.0 12.322
13.0 12.492
13.0 12.274
13.0 12.514
13.0 12.432
13.0 12.542
13.0 12.478
13.0 12.346
13.0 12.572
13.0 12.62
13.0 12.308
13.0 12.748
13.0 12.368
13.0 12.532
13.0 12.626
13.0 12.5
13.0 12.658
13.0 12.42
13.0 12.386
13.0 12.648
13.0 12.656
13.0 12.59
13.0 12.228
13.0 12.54
13.0 12.144
13.0 12.428
13.0 12.294
13.0 12.596
13.0 12.128
13.0 12.672
13.0 12.738
13.0 12.656
13.0 12.614
13.0 12.566
13.0 12.888
13.0 12.57
13.0 12.34
13.0 12.352
13.0 12.49
13.0 12.458
500
12.0 4.66
12.0 8.266
12.0 9.43
12.5 9.926
12.5 10.214
13.0 10.866
13.0 11.55
13.5 11.766
13.5 12.184
13.5 12.438
13.5 12.43
13.5 12.722
13.5 12.578
13.5 12.646
13.5 12.846
13.5 13.068
13.5 12.942
13.5 13.136
13.5 13.182
13.5 13.244
13.5 13.098
13.5 13.116
13.5 13.036
13.5 13.11
13.5 13.034
13.5 13.164
13.5 13.282
13.5 13.224
13.5 13.138
13.5 13.22
13.5 13.262
13.5 13.178
13.5 13.252
13.5 13.074
13.5 13.242
13.5 13.192
13.5 13.164
13.5 13.09
13.5 12.956
13.5 13.084
13.5 13.12
13.5 12.942
13.5 13.212
13.5 13.222
13.5 13.004
13.5 13.048
13.5 13.236
13.5 13.062
13.5 12.936
13.5 13.138
13.5 13.218
13.5 13.208
13.5 13.244
13.5 13.23
13.5 13.304
13.5 13.196
13.5 13.242
13.5 13.294
13.5 13.332
13.5 13.226
13.5 13.166
13.5 13.026
13.5 13.116
13.5 13.134
13.5 13.234
13.5 13.184
13.5 13.186
13.5 13.13
13.5 13.042
13.5 13.18
13.5 13.124
13.5 13.088
13.5 13.218
13.5 13.2
13.5 13.226
13.5 13.166
13.5 13.12
13.5 13.412
13.5 13.046
13.5 13.318
13.5 13.298
13.5 13.144
13.5 13.142
13.5 13.134
13.5 13.136
13.5 13.01
13.5 13.036
13.5 13.002
13.5 13.248
13.5 13.316
13.5 13.27
13.5 13.244
13.5 13.162
13.5 13.174
13.5 13.206
13.5 13.158
13.5 13.08
13.5 13.148
13.5 13.142
13.5 13.216
13.5 13.192
13.5 13.11
13.5 13.21
13.5 13.294
13.5 13.074
13.5 13.096
13.5 13.066
13.5 13.054
13.5 13.236
13.5 13.086
13.5 13.15
13.5 13.262
13.5 13.236
13.5 13.182
13.5 13.302
13.5 13.292
13.5 13.246
13.5 13.136
13.5 13.14
13.5 13.19
13.5 13.288
13.5 13.176
13.5 13.2
13.5 13.126
13.5 13.118
13.5 13.294
13.5 13.23
13.5 13.076
13.5 13.09
13.5 13.082
13.5 13.15
13.5 13.106
13.5 13.094
13.5 13.166
13.5 13.264
13.5 13.234
13.5 13.188
13.5 13.282
13.5 13.232
13.5 13.178
13.5 13.114
13.5 13.044
13.5 13.12
13.5 13.154
13.5 13.148
13.5 13.036
13.5 13.196
13.5 13.004
13.5 13.12
13.5 13.102
13.5 13.146
13.5 13.184
13.5 13.236
13.5 13.13
13.5 13.152
13.5 13.116
13.5 13.162
13.5 13.298
13.5 13.32
13.5 13.156
13.5 13.21
13.5 13.108
13.5 13.01
13.5 13.14
13.5 13.142
13.5 12.914
13.5 13.3
13.5 12.982
13.5 13.134
13.5 13.106
13.5 13.038
13.5 13.18
13.5 13.17
13.5 13.336
13.5 13.132
13.5 13.194
13.5 13.15
13.5 13.22
13.5 12.954
13.5 13.172
13.5 13.184
13.5 13.138
13.5 13.098
13.5 13.128
13.5 13.258
13.5 13.16
13.5 13.126
13.5 13.16
13.5 13.07
13.5 13.238
13.5 13.04
13.5 13.076
13.5 12.98
13.5 13.012
13.5 13.172
13.5 13.214
13.5 13.124
13.5 13.236
13.5 13.208
13.5 13.22
13.5 13.236
13.5 13.128
13.5 13.18
13.5 13.07
13.5 13.192
13.5 13.248
13.5 13.122
13.5 13.03
13.5 13.12
13.5 13.104
13.5 13.144
13.5 13.022
13.5 13.072
13.5 13.124
13.5 13.12
13.5 13.248
13.5 13.268
13.5 13.212
13.5 13.064
13.5 12.942
13.5 12.948
13.5 13.274
13.5 13.134
13.5 13.26
13.5 13.248
13.5 13.134
13.5 13.076
13.5 13.248
13.5 13.154
13.5 13.124
13.5 13.186
13.5 13.184
13.5 13.144
13.5 13.116
13.5 13.122
13.5 13.032
13.5 13.044
13.5 13.188
13.5 13.082
13.5 13.21
13.5 13.134
13.5 13.144
13.5 13.134
13.5 13.142
13.5 13.074
13.5 13.29
13.5 12.906
13.5 13.03
13.5 13.11
13.5 13.112
13.5 13.22
13.5 13.274
13.5 13.186
13.5 13.134
13.5 13.348
13.5 13.174
13.5 13.2
13.5 13.258
13.5 13.328
13.5 13.17
13.5 13.164
13.5 13.1
13.5 13.24
13.5 13.2
13.5 13.054
13.5 13.118
13.5 13.208
13.5 13.234
13.5 13.0
13.5 13.132
13.5 13.12
13.5 13.25
13.5 13.14
13.5 13.12
13.5 13.066
13.5 13.108
13.5 13.182
13.5 13.17
13.5 13.294
13.5 13.194
13.5 13.222
13.5 13.16
13.5 13.152
13.5 12.978
13.5 12.85
13.5 13.108
13.5 12.844
13.5 12.928
13.5 13.128
13.5 13.194
13.5 13.258
13.5 12.99
13.5 13.056
13.5 12.948
13.5 13.178
13.5 13.056
13.5 13.188
13.5 13.092
13.5 13.376
13.5 13.128
13.5 13.228
13.5 13.364
13.5 13.092
13.5 13.166
13.5 13.19
13.5 13.158
13.5 13.244
13.5 13.122
13.5 13.196
13.5 13.26
13.5 13.004
13.5 13.19
13.5 13.206
13.5 13.126
13.5 13.19
13.5 13.29
13.5 13.076
13.5 13.108
13.5 13.176
13.5 13.246
13.5 13.212
13.5 12.832
13.5 13.152
13.5 13.076
13.5 13.06
13.5 13.134
13.5 13.052
13.5 13.292
13.5 13.22
13.5 13.276
13.5 13.148
13.5 13.186
13.5 13.104
13.5 13.228
13.5 13.1
13.5 13.018
13.5 12.92
13.5 13.226
13.5 13.274
13.5 13.208
13.5 13.176
13.5 12.992
13.5 13.14
13.5 13.174
13.5 13.208
13.5 13.172
13.5 13.21
13.5 13.2
13.5 13.196
13.5 13.028
13.5 13.116
13.5 13.232
13.5 13.014
13.5 13.188
13.5 13.218
13.5 13.156
13.5 13.114
13.5 13.218
13.5 13.16
13.5 13.294
13.5 13.258
13.5 13.158
13.5 13.182
13.5 13.284
13.5 13.222
13.5 13.058
13.5 13.146
13.5 13.014
13.5 13.196
13.5 13.104
13.5 13.128
13.5 13.224
13.5 13.158
13.5 13.23
13.5 13.168
13.5 13.242
13.5 13.236
13.5 13.11
13.5 13.214
13.5 13.212
13.5 13.05
13.5 13.186
13.5 13.23
13.5 13.05
13.5 13.092
13.5 13.114
13.5 13.116
13.5 13.196
13.5 13.014
13.5 13.164
13.5 12.764
13.5 13.186
13.5 13.208
13.5 13.24
13.5 13.102
13.5 13.19
13.5 13.27
13.5 13.082
13.5 13.136
13.5 13.272
13.5 13.002
13.5 12.974
13.5 13.13
13.5 13.312
13.5 13.204
13.5 13.114
13.5 12.986
13.5 12.89
13.5 13.144
13.5 13.104
13.5 13.194
13.5 13.18
13.5 13.128
13.5 13.24
13.5 13.17
13.5 13.106
13.5 13.096
13.5 13.24
13.5 13.14
13.5 12.95
13.5 13.146
13.5 13.028
13.5 13.082
13.5 13.154
13.5 13.096
13.5 13.174
13.5 13.0
13.5 12.952
13.5 13.104
13.5 12.966
13.5 13.082
13.5 13.056
13.5 13.17
13.5 13.08
13.5 13.106
13.5 13.108
13.5 13.238
13.5 13.052
13.5 13.174
13.5 13.1
13.5 12.828
13.5 13.172
13.5 13.062
13.5 13.158
13.5 13.168
13.5 13.284
13.5 13.264
13.5 13.13
13.5 13.112
13.5 13.254
13.5 13.27
13.5 13.2
13.5 13.186
13.5 13.25
13.5 13.128
13.5 13.306
13.5 13.144
13.5 13.14
13.5 13.232
13.5 13.268
13.5 13.07
13.5 13.224
13.5 13.216
13.5 13.172
13.5 13.21
13.5 13.206
13.5 13.036
13.5 13.126
13.5 13.194
13.5 13.05
13.5 13.1
13.5 13.28
13.5 13.316
13.5 13.27
13.5 12.888
13.5 13.114
13.5 13.17
13.5 13.2
13.5 13.142
13.5 13.17
13.5 13.268
13.5 12.936
13.5 13.28
13.5 12.984
13.5 13.102
13.5 13.164
13.5 13.202
13.5 13.27
13.5 13.186
13.5 13.162
13.5 13.186
13.5 13.19
13.5 13.302
13.5 13.124
13.5 13.056
13.5 13.398
13.5 13.192
13.5 13.2
13.5 13.222
13.5 13.164
500
12.0 3.612
12.0 7.83
12.0 9.044
12.5 10.018
12.5 10.58
13.0 11.0
13.0 11.728
13.0 11.396
13.0 11.898
13.0 12.148
13.0 12.144
13.0 12.02
13.0 12.1
13.0 12.48
13.0 12.324
13.0 12.478
13.0 12.542
13.0 12.634
13.0 12.546
13.0 12.748
13.0 12.75
13.0 12.762
13.0 12.69
13.0 12.726
13.0 12.692
13.0 12.764
13.0 12.446
13.0 12.628
13.0 12.66
13.0 12.558
13.0 12.658
13.0 12.506
13.0 12.612
13.0 12.686
13.0 12.508
13.0 12.712
13.0 12.704
13.0 12.516
13.0 12.77
13.0 12.67
13.0 12.726
13.0 12.52
13.0 12.562
13.0 12.662
13.0 12.53
13.0 12.596
13.0 12.642
13.0 12.564
13.0 12.566
13.0 12.708
13.0 12.722
13.0 12.71
13.0 12.738
13.0 12.78
13.0 12.724
13.0 12.528
13.0 12.56
13.0 12.53
13.0 12.456
13.0 12.522
13.0 12.668
13.0 12.438
13.0 12.846
13.0 12.578
13.0 12.418
13.0 12.324
13.0 12.58
13.0 12.606
13.0 12.574
13.0 12.556
13.0 12.362
13.0 12.636
13.0 12.732
13.0 12.69
13.0 12.678
13.0 12.536
13.0 12.742
13.0 12.646
13.0 12.59
13.0 12.482
13.0 12.384
13.0 12.73
13.0 12.78
13.0 12.688
13.0 12.792
13.0 12.678
13.0 12.78
13.0 12.686
13.0 12.626
13.0 12.512
13.0 12.694
13.0 12.65
13.0 12.702
13.0 12.674
13.0 12.61
13.0 12.758
13.0 12.634
13.0 12.544
13.0 12.43
13.0 12.77
13.0 12.71
13.0 12.66
13.0 12.422
13.0 12.736
13.0 12.556
13.0 12.724
13.0 12.676
13.0 12.692
13.0 12.73
13.0 12.472
13.0 12.72
13.0 12.824
13.0 12.7
13.0 12.6
13.0 12.47
13.0 12.502
13.0 12.608
13.0 12.572
13.0 12.518
13.0 12.732
13.0 12.75
13.0 12.554
13.0 12.48
13.0 12.69
13.0 12.666
13.0 12.754
13.0 12.888
13.0 12.682
13.0 12.83
13.0 12.688
13.0 12.77
13.0 12.82
13.0 12.594
13.0 12.784
13.0 12.856
13.0 12.61
13.0 12.564
13.0 12.644
13.0 12.634
13.0 12.55
13.0 12.626
13.0 12.71
13.0 12.504
13.0 12.594
13.0 12.72
13.0 12.576
13.0 12.57
13.0 12.636
13.0 12.662
13.0 12.736
13.0 12.562
13.0 12.682
13.0 12.606
13.0 12.72
13.0 12.526
13.0 12.796
13.0 12.772
13.0 12.798
13.0 12.646
13.0 12.518
13.0 12.644
13.0 12.496
13.0 12.688
13.0 12.402
13.0 12.506
13.0 12.672
13.0 12.672
13.0 12.558
13.0 12.744
13.0 12.562
13.0 12.568
13.0 12.646
13.0 12.642
13.0 12.776
13.0 12.744
13.0 12.598
13.0 12.606
13.0 12.754
13.0 12.834
13.0 12.828
13.0 12.682
13.0 12.738
13.0 12.688
13.0 12.65
13.0 12.754
13.0 12.554
13.0 12.822
13.0 12.556
13.0 12.638
13.0 12.594
13.0 12.462
13.0 12.602
13.0 12.618
13.0 12.614
13.0 12.568
13.0 12.634
13.0 12.534
13.0 12.61
13.0 12.378
13.0 12.622
13.0 12.666
13.0 12.592
13.0 12.618
13.0 12.608
13.0 12.786
13.0 12.7
13.0 12.858
13.0 12.456
13.0 12.576
13.0 12.65
13.0 12.272
13.0 12.714
13.0 12.722
13.0 12.752
13.0 12.718
13.0 12.816
13.0 12.512
13.0 12.546
13.0 12.528
13.0 12.648
13.0 12.698
13.0 12.708
13.0 12.626
13.0 12.602
13.0 12.86
13.0 12.714
13.0 12.652
13.0 12.634
13.0 12.766
13.0 12.722
13.0 12.6
13.0 12.572
13.0 12.49
13.0 12.642
13.0 12.534
13.0 12.656
13.0 12.698
13.0 12.658
13.0 12.758
13.0 12.324
13.0 12.606
13.0 12.526
13.0 12.542
13.0 12.414
13.0 12.792
13.0 12.596
13.0 12.736
13.0 12.698
13.0 12.662
13.0 12.672
13.0 12.576
13.0 12.53
13.0 12.722
13.0 12.688
13.0 12.604
13.0 12.842
13.0 12.646
13.0 12.416
13.0 12.728
13.0 12.734
13.0 12.58
13.0 12.586
13.0 12.602
13.0 12.706
13.0 12.684
13.0 12.642
13.0 12.524
13.0 12.758
13.0 12.578
13.0 12.786
13.0 12.636
13.0 12.526
13.0 12.722
13.0 12.612
13.0 12.78
13.0 12.716
13.0 12.51
13.0 12.62
13.0 12.666
13.0 12.552
13.0 12.752
13.0 12.548
13.0 12.618
13.0 12.628
13.0 12.776
13.0 12.656
13.0 12.636
13.0 12.492
13.0 12.656
13.0 12.534
13.0 12.594
13.0 12.698
13.0 12.456
13.0 12.786
13.0 12.812
13.0 12.682
13.0 12.73
13.0 12.632
13.0 12.602
13.0 12.542
13.0 12.752
13.0 12.724
13.0 12.658
13.0 12.662
13.0 12.696
13.0 12.562
13.0 12.83
13.0 12.746
13.0 12.636
13.0 12.766
13.0 12.672
13.0 12.476
13.0 12.804
13.0 12.766
13.0 12.698
13.0 12.686
13.0 12.732
13.0 12.722
13.0 12.606
13.0 12.64
13.0 12.61
13.0 12.634
13.0 12.736
13.0 12.706
13.0 12.666
13.0 12.658
13.0 12.7
13.0 12.742
13.0 12.778
13.0 12.798
13.0 12.774
13.0 12.694
13.0 12.756
13.0 12.704
13.0 12.636
13.0 12.782
13.0 12.63
13.0 12.554
13.0 12.828
13.0 12.606
13.0 12.6
13.0 12.782
13.0 12.744
13.0 12.692
13.0 12.552
13.0 12.49
13.0 12.724
13.0 12.688
13.0 12.654
13.0 12.694
13.0 12.752
13.0 12.522
13.0 12.642
13.0 12.662
13.0 12.586
13.0 12.656
13.0 12.816
13.0 12.828
13.0 12.626
13.0 12.646
13.0 12.662
13.0 12.646
13.0 12.602
13.0 12.366
13.0 12.608
13.0 12.674
13.0 12.596
13.0 12.6
13.0 12.674
13.0 12.636
13.0 12.686
13.0 12.712
13.0 12.704
13.0 12.678
13.0 12.628
13.0 12.65
13.0 12.602
13.0 12.662
13.0 12.688
13.0 12.388
13.0 12.39
13.0 12.762
13.0 12.436
13.0 12.694
13.0 12.802
13.0 12.5
13.0 12.536
13.0 12.46
13.0 12.412
13.0 12.644
13.0 12.62
13.0 12.588
13.0 12.648
13.0 12.808
13.0 12.474
13.0 12.478
13.0 12.61
13.0 12.716
13.0 12.7
13.0 12.622
13.0 12.71
13.0 12.644
13.0 12.524
13.0 12.786
13.0 12.722
13.0 12.404
13.0 12.502
13.0 12.634
13.0 12.564
13.0 12.788
13.0 12.626
13.0 12.666
13.0 12.58
13.0 12.588
13.0 12.442
13.0 12.744
13.0 12.742
13.0 12.602
13.0 12.436
13.0 12.538
13.0 12.766
13.0 12.658
13.0 12.734
13.0 12.698
13.0 12.618
13.0 12.826
13.0 12.9
13.0 12.724
13.0 12.654
13.0 12.698
13.0 12.812
13.0 12.77
13.0 12.848
13.0 12.724
13.0 12.668
13.0 12.788
13.0 12.508
13.0 12.652
13.0 12.524
13.0 12.744
13.0 12.752
13.0 12.644
13.0 12.634
13.0 12.752
13.0 12.482
13.0 12.714
13.0 12.77
13.0 12.612
13.0 12.814
13.0 12.76
13.0 12.756
13.0 12.764
13.0 12.666
13.0 12.454
13.0 12.522
13.0 12.406
13.0 12.842
13.0 12.486
13.0 12.39
13.0 12.622
13.0 12.63
13.0 12.472
13.0 12.7
13.0 12.622
13.0 12.72
13.0 12.36
13.0 12.588
13.0 12.532
13.0 12.66
13.0 12.786
13.0 12.366
13.0 12.71
13.0 12.622
13.0 12.686
13.0 12.622
13.0 12.66
13.0 12.796
13.0 12.618
13.0 12.868
13.0 12.638
13.0 12.698
13.0 12.654
13.0 12.622
13.0 12.608
13.0 12.756
13.0 12.87
13.0 12.428
13.0 12.64
13.0 12.676
13.0 12.614
13.0 12.774
13.0 12.708
13.0 12.682
13.0 12.738
13.0 12.674
13.0 12.616
13.0 12.67
13.0 12.698
13.0 12.73
13.0 12.722
500
11.0 3.002
11.0 7.734
12.5 9.178
12.5 9.708
12.5 10.226
12.5 10.572
13.0 11.13
13.0 11.096
13.0 11.476
13.5 11.732
13.5 11.918
13.5 12.384
13.5 12.408
13.5 12.602
13.5 12.612
13.5 12.596
13.5 12.932
13.5 12.59
13.5 12.766
13.5 12.914
13.5 13.184
13.5 12.798
13.5 13.082
13.5 13.068
13.5 13.068
13.5 13.182
13.5 13.244
13.5 13.038
13.5 13.292
13.5 13.184
13.5 13.144
13.5 13.29
13.5 13.226
13.5 13.29
13.5 13.348
13.5 13.096
13.5 13.148
13.5 12.828
13.5 13.066
13.5 13.138
13.5 13.162
13.5 13.156
13.5 13.154
13.5 13.14
13.5 13.196
13.5 12.912
13.5 13.178
13.5 13.092
13.5 13.116
13.5 13.136
13.5 13.284
13.5 12.978
13.5 13.026
13.5 13.042
13.5 13.114
13.5 13.178
13.5 12.874
13.5 13.168
13.5 13.162
13.5 13.12
13.5 13.2
13.5 13.298
13.5 13.198
13.5 13.104
13.5 13.058
13.5 13.162
13.5 13.256
13.5 13.204
13.5 13.008
13.5 13.134
13.5 12.884
13.5 13.168
13.5 13.038
13.5 13.182
13.5 13.11
13.5 13.18
13.5 13.296
13.5 13.144
13.5 12.994
13.5 12.984
13.5 13.266
13.5 13.038
13.5 13.054
13.5 13.292
13.5 12.99
13.5 13.276
13.5 13.07
13.5 13.206
13.5 13.102
13.5 13.044
13.5 13.058
13.5 12.92
13.5 12.966
13.5 13.114
13.5 13.038
13.5 13.208
13.5 12.954
13.5 13.076
13.5 13.086
13.5 13.194
13.5 12.884
13.5 13.038
13.5 13.114
13.5 13.148
13.5 13.064
13.5 13.278
13.5 13.112
13.5 13.226
13.5 13.178
13.5 12.978
13.5 13.098
13.5 13.106
13.5 13.12
13.5 13.198
13.5 13.252
13.5 13.228
13.5 13.18
13.5 12.944
13.5 13.13
13.5 13.236
13.5 13.244
13.5 13.17
13.5 13.178
13.5 13.128
13.5 13.228
13.5 13.148
13.5 13.234
13.5 13.242
13.5 13.188
13.5 13.1
13.5 13.084
13.5 12.818
13.5 13.228
13.5 12.762
13.5 13.098
13.5 13.192
13.5 12.87
13.5 13.228
13.5 13.18
13.5 13.142
13.5 13.26
13.5 13.088
13.5 13.102
13.5 13.068
13.5 12.944
13.5 13.214
13.5 13.056
13.5 13.188
13.5 13.094
13.5 13.322
13.5 13.26
13.5 13.094
13.5 12.958
13.5 12.962
13.5 13.196
13.5 13.152
13.5 13.186
13.5 13.08
13.5 13.02
13.5 13.066
13.5 13.182
13.5 13.206
13.5 13.022
13.5 13.148
13.5 13.332
13.5 12.982
13.5 13.096
13.5 13.128
13.5 13.02
13.5 13.052
13.5 13.192
13.5 13.004
13.5 13.072
13.5 13.194
13.5 13.078
13.5 13.192
13.5 13.142
13.5 13.026
13.5 13.042
13.5 13.164
13.5 13.356
13.5 12.916
13.5 13.158
13.5 13.172
13.5 12.896
13.5 13.148
13.5 13.072
13.5 13.132
13.5 13.13
13.5 13.19
13.5 12.956
13.5 13.292
13.5 12.986
13.5 13.18
13.5 13.23
13.5 13.074
13.5 13.102
13.5 13.014
13.5 13.04
13.5 13.048
13.5 13.126
13.5 13.184
13.5 13.064
13.5 13.182
13.5 13.068
13.5 13.056
13.5 13.222
13.5 13.3
13.5 13.198
13.5 13.258
13.5 13.244
13.5 13.204
13.5 13.268
13.5 13.114
13.5 13.296
13.5 13.236
13.5 13.074
13.5 13.164
13.5 13.216
13.5 12.928
13.5 13.096
13.5 12.938
13.5 13.26
13.5 13.104
13.5 13.176
13.5 13.05
13.5 12.966
13.5 13.25
13.5 13.176
13.5 13.278
13.5 13.22
13.5 13.162
13.5 13.09
13.5 13.14
13.5 13.25
13.5 13.266
13.5 13.058
13.5 13.12
13.5 13.126
13.5 13.19
13.5 13.1
13.5 13.208
13.5 13.038
13.5 12.986
13.5 13.086
13.5 13.122
13.5 13.134
13.5 13.11
13.5 13.228
13.5 13.05
13.5 13.186
13.5 13.058
13.5 13.108
13.5 13.014
13.5 13.256
13.5 13.188
13.5 13.084
13.5 13.056
13.5 13.108
13.5 13.152
13.5 13.038
13.5 13.024
13.5 13.072
13.5 13.116
13.5 13.17
13.5 13.182
13.5 13.124
13.5 12.968
13.5 13.296
13.5 13.056
13.5 13.146
13.5 13.314
13.5 13.136
13.5 13.176
13.5 13.106
13.5 13.14
13.5 13.082
13.5 12.984
13.5 13.014
13.5 13.1
13.5 13.172
13.5 13.198
13.5 13.052
13.5 13.138
13.5 12.822
13.5 12.984
13.5 13.066
13.5 13.036
13.5 12.992
13.5 13.054
13.5 13.152
13.5 13.096
13.5 13.16
13.5 13.296
13.5 13.14
13.5 13.094
13.5 12.876
13.5 13.256
13.5 13.162
13.5 13.184
13.5 13.12
13.5 13.096
13.5 13.142
13.5 13.136
13.5 13.122
13.5 13.198
13.5 13.112
13.5 13.004
13.5 13.164
13.5 13.148
13.5 12.88
13.5 13.13
13.5 13.07
13.5 13.064
13.5 13.124
13.5 13.162
13.5 13.11
13.5 13.232
13.5 13.074
13.5 12.998
13.5 13.154
13.5 13.198
13.5 13.074
13.5 13.054
13.5 13.17
13.5 13.002
13.5 13.27
13.5 13.288
13.5 13.312
13.5 13.138
13.5 12.97
13.5 13.152
13.5 13.056
13.5 13.204
13.5 13.14
13.5 13.056
13.5 13.07
13.5 13.282
13.5 13.068
13.5 13.206
13.5 13.198
13.5 13.13
13.5 13.15
13.5 13.15
13.5 13.102
13.5 12.964
13.5 13.018
13.5 12.966
13.5 12.998
13.5 12.996
13.5 13.144
13.5 13.162
13.5 13.094
13.5 13.262
13.5 13.058
13.5 13.198
13.5 12.944
13.5 13.016
13.5 12.642
13.5 12.902
13.5 13.03
13.5 13.158
13.5 13.306
13.5 13.194
13.5 13.236
13.5 13.088
13.5 13.188
13.5 13.234
13.5 13.064
13.5 13.036
13.5 13.116
13.5 13.25
13.5 13.09
13.5 13.008
13.5 13.158
13.5 13.254
13.5 13.188
13.5 13.186
13.5 13.21
13.5 13.198
13.5 13.01
13.5 13.088
13.5 13.186
13.5 13.166
13.5 13.066
13.5 13.222
13.5 13.072
13.5 13.19
13.5 13.282
13.5 13.316
13.5 13.34
13.5 13.026
13.5 13.196
13.5 13.2
13.5 13.098
13.5 13.106
13.5 13.128
13.5 13.136
13.5 13.264
13.5 13.258
13.5 13.208
13.5 13.196
13.5 13.13
13.5 13.042
13.5 13.338
13.5 13.222
13.5 13.17
13.5 13.314
13.5 13.194
13.5 13.116
13.5 13.274
13.5 13.3
13.5 13.25
13.5 13.142
13.5 13.14
13.5 13.274
13.5 13.264
13.5 12.914
13.5 13.176
13.5 13.108
13.5 13.146
13.5 13.08
13.5 13.176
13.5 13.262
13.5 12.986
13.5 12.944
13.5 13.198
13.5 13.08
13.5 13.092
13.5 13.242
13.5 13.272
13.5 13.128
13.5 13.11
13.5 13.14
13.5 13.154
13.5 13.256
13.5 13.05
13.5 13.258
13.5 12.906
13.5 13.288
13.5 12.964
13.5 13.18
13.5 13.088
13.5 13.026
13.5 12.95
13.5 13.124
13.5 12.974
13.5 13.132
13.5 13.244
13.5 13.158
13.5 13.312
13.5 13.116
13.5 12.92
13.5 13.054
13.5 12.922
13.5 13.196
13.5 13.176
13.5 13.09
13.5 13.172
13.5 13.14
13.5 13.032
13.5 13.056
13.5 13.12
13.5 13.06
13.5 13.086
13.5 13.076
13.5 13.238
13.5 13.126
13.5 13.01
13.5 13.144
13.5 13.228
13.5 13.08
13.5 13.212
13.5 13.046
13.5 13.288
13.5 12.994
13.5 13.17
13.5 13.36
13.5 13.36
13.5 13.21
13.5 13.236
13.5 13.194
13.5 13.134
13.5 13.154
13.5 13.226
13.5 13.266
13.5 13.28
13.5 13.094
13.5 13.178
13.5 13.104
13.5 13.26
13.5 13.04
13.5 13.008
13.5 13.244
13.5 13.134
13.5 12.97
13.5 13.016
13.5 12.8
13.5 13.028
13.5 13.148
500
11.0 3.982
11.0 7.926
12.0 9.388
12.0 10.032
12.0 10.1
12.5 10.65
12.5 10.824
12.5 11.096
12.5 11.384
12.5 11.476
13.0 11.666
13.0 12.008
13.0 12.184
13.0 12.318
13.0 12.346
13.0 12.604
13.0 12.546
13.0 12.664
13.0 12.764
13.0 12.698
13.0 12.658
13.0 12.528
13.0 12.822
13.0 12.782
13.0 12.534
13.0 12.584
13.0 12.776
13.0 12.726
13.0 12.656
13.0 12.734
13.0 12.756
13.0 12.602
13.0 12.752
13.0 12.84
13.0 12.578
13.0 12.728
13.0 12.638
13.0 12.626
13.0 12.77
13.0 12.754
13.0 12.644
13.0 12.638
13.0 12.622
13.0 12.668
13.0 12.74
13.0 12.642
13.0 12.722
13.0 12.63
13.0 12.858
13.5 12.84
13.5 12.684
13.5 12.684
13.5 12.636
13.5 12.45
13.5 12.674
13.5 12.606
13.5 12.948
13.5 12.678
13.5 13.052
13.5 13.168
13.5 13.148
13.5 12.982
13.5 13.224
13.5 13.154
13.5 13.194
13.5 13.19
13.5 13.082
13.5 13.064
13.5 13.16
13.5 13.194
13.5 13.364
13.5 13.168
13.5 13.152
13.5 13.024
13.5 13.05
13.5 13.096
13.5 13.186
13.5 13.282
13.5 13.302
13.5 13.206
13.5 13.234
13.5 13.214
13.5 13.238
13.5 13.088
13.5 13.054
13.5 13.056
13.5 13.224
13.5 13.082
13.5 13.218
13.5 13.278
13.5 13.186
13.5 13.152
13.5 13.262
13.5 13.148
13.5 13.172
13.5 13.116
13.5 13.038
13.5 13.07
13.5 13.328
13.5 13.208
13.5 13.27
13.5 13.17
13.5 13.19
13.5 12.958
13.5 13.038
13.5 13.096
13.5 13.126
13.5 13.226
13.5 13.132
13.5 13.08
13.5 13.11
13.5 13.068
13.5 13.214
13.5 13.092
13.5 13.156
13.5 13.118
13.5 13.226
13.5 13.124
13.5 13.196
13.5 13.2
13.5 13.12
13.5 13.142
13.5 12.89
13.5 13.088
13.5 13.124
13.5 13.182
13.5 13.078
13.5 13.054
13.5 13.206
13.5 12.792
13.5 13.04
13.5 13.226
13.5 13.054
13.5 13.204
13.5 13.12
13.5 13.162
13.5 12.962
13.5 13.114
13.5 13.206
13.5 13.168
13.5 13.16
13.5 13.02
13.5 13.064
13.5 13.134
13.5 13.226
13.5 13.224
13.5 13.064
13.5 13.272
13.5 13.284
13.5 13.168
13.5 13.014
13.5 13.14
13.5 13.138
13.5 13.198
13.5 13.0
13.5 13.104
13.5 12.816
13.5 13.08
13.5 13.174
13.5 13.146
13.5 13.208
13.5 12.932
13.5 13.226
13.5 13.052
13.5 13.172
13.5 13.216
13.5 13.054
13.5 13.204
13.5 13.248
13.5 13.1
13.5 13.1
13.5 13.216
13.5 13.174
13.5 13.18
13.5 12.956
13.5 13.174
13.5 13.218
13.5 13.34
13.5 13.248
13.5 13.274
13.5 13.278
13.5 13.162
13.5 12.948
13.5 13.268
13.5 13.252
13.5 13.098
13.5 13.258
13.5 13.124
13.5 13.184
13.5 13.01
13.5 13.116
13.5 13.228
13.5 13.124
13.5 13.17
13.5 13.174
13.5 13.186
13.5 13.134
13.5 13.196
13.5 13.238
13.5 13.234
13.5 13.26
13.5 13.112
13.5 13.082
13.5 13.13
13.5 13.128
13.5 13.28
13.5 13.14
13.5 13.294
13.5 13.144
13.5 13.13
13.5 13.118
13.5 13.282
13.5 13.226
13.5 13.208
13.5 13.216
13.5 13.21
13.5 12.908
13.5 13.26
13.5 13.258
13.5 13.282
13.5 13.222
13.5 13.124
13.5 13.11
13.5 13.202
13.5 13.164
13.5 13.08
13.5 13.148
13.5 13.01
13.5 13.114
13.5 13.168
13.5 13.11
13.5 13.152
13.5 13.174
13.5 13.05
13.5 13.24
13.5 13.08
13.5 13.086
13.5 13.062
13.5 13.182
13.5 13.064
13.5 13.038
13.5 13.182
13.5 13.28
13.5 13.118
13.5 13.284
13.5 13.298
13.5 13.24
13.5 13.302
13.5 13.262
13.5 13.164
13.5 13.134
13.5 13.314
13.5 13.162
13.5 13.188
13.5 13.194
13.5 13.184
13.5 13.08
13.5 13.112
13.5 13.014
13.5 13.168
13.5 13.148
13.5 13.008
13.5 13.208
13.5 13.174
13.5 13.146
13.5 12.934
13.5 12.784
13.5 13.182
13.5 13.084
13.5 13.206
13.5 13.018
13.5 13.314
13.5 13.16
13.5 13.006
13.5 13.1
13.5 13.28
13.5 13.208
13.5 13.186
13.5 13.238
13.5 13.034
13.5 13.174
13.5 13.34
13.5 13.152
13.5 13.074
13.5 13.128
13.5 13.234
13.5 13.084
13.5 13.162
13.5 13.122
13.5 13.134
13.5 13.128
13.5 13.194
13.5 13.172
13.5 13.234
13.5 12.946
13.5 13.29
13.5 13.17
13.5 13.234
13.5 13.332
13.5 13.242
13.5 13.09
13.5 13.21
13.5 13.128
13.5 13.264
13.5 13.018
13.5 13.042
13.5 13.108
13.5 13.29
13.5 13.084
13.5 13.246
13.5 13.202
13.5 13.202
13.5 13.124
13.5 13.092
13.5 13.258
13.5 13.138
13.5 13.144
13.5 13.218
13.5 13.346
13.5 13.236
13.5 13.162
13.5 13.176
13.5 13.146
13.5 13.214
13.5 13.154
13.5 12.954
13.5 13.06
13.5 13.058
13.5 13.066
13.5 13.034
13.5 13.216
13.5 13.2
13.5 13.146
13.5 13.114
13.5 13.308
13.5 13.302
13.5 13.094
13.5 13.272
13.5 13.266
13.5 13.192
13.5 13.144
13.5 13.23
13.5 13.104
13.5 12.914
13.5 13.052
13.5 13.098
13.5 13.044
13.5 12.85
13.5 13.214
13.5 13.168
13.5 13.13
13.5 13.296
13.5 13.212
13.5 13.142
13.5 12.96
13.5 13.11
13.5 13.008
13.5 13.108
13.5 12.93
13.5 13.184
13.5 13.192
13.5 13.178
13.5 13.176
13.5 13.304
13.5 12.954
13.5 13.184
13.5 13.152
13.5 13.072
13.5 13.146
13.5 13.322
13.5 13.154
13.5 13.246
13.5 13.212
13.5 13.072
13.5 12.984
13.5 13.168
13.5 13.192
13.5 13.18
13.5 13.324
13.5 13.366
13.5 13.196
13.5 13.242
13.5 13.19
13.5 13.28
13.5 13.148
13.5 13.2
13.5 13.256
13.5 13.29
13.5 13.098
13.5 13.086
13.5 12.972
13.5 13.248
13.5 13.204
13.5 13.204
13.5 13.134
13.5 13.234
13.5 13.05
13.5 13.194
13.5 13.338
13.5 13.214
13.5 13.294
13.5 13.164
13.5 13.012
13.5 13.038
13.5 13.098
13.5 13.052
13.5 13.096
13.5 13.052
13.5 13.284
13.5 13.126
13.5 13.274
13.5 13.17
13.5 13.178
13.5 13.13
13.5 13.342
13.5 13.252
13.5 13.156
13.5 13.134
13.5 13.288
13.5 13.288
13.5 13.134
13.5 13.126
13.5 13.196
13.5 13.028
13.5 13.204
13.5 13.098
13.5 13.15
13.5 13.134
13.5 13.084
13.5 13.048
13.5 13.214
13.5 13.074
13.5 13.15
13.5 12.978
13.5 13.044
13.5 13.184
13.5 13.19
13.5 13.174
13.5 13.18
13.5 13.132
13.5 13.134
13.5 13.076
13.5 13.234
13.5 13.168
13.5 13.076
13.5 13.27
13.5 13.302
13.5 13.072
13.5 13.234
13.5 13.008
13.5 12.944
13.5 13.214
13.5 13.066
13.5 13.244
13.5 13.198
13.5 13.156
13.5 13.246
13.5 13.126
13.5 13.186
13.5 13.266
13.5 13.176
13.5 13.266
13.5 13.078
13.5 13.03
13.5 13.232
13.5 13.064
13.5 13.174
13.5 13.32
13.5 13.228
13.5 13.168
13.5 13.262
13.5 13.17
13.5 13.23
13.5 13.242
13.5 13.242
13.5 13.198
13.5 13.24
13.5 13.296
13.5 13.208
13.5 13.224
13.5 13.24
13.5 13.202
13.5 13.378
13.5 13.196
13.5 13.192
13.5 13.216
13.5 13.058
13.5 13.244
13.5 13.232
13.5 12.912
13.5 13.078
13.5 12.95
13.5 13.05
13.5 13.134
13.5 13.22
13.5 13.24
13.5 13.138
13.5 13.11
13.5 13.16
13.5 13.178
500
11.0 3.722
11.0 7.814
11.5 9.298
13.0 9.952
13.0 10.518
13.0 10.672
13.0 11.386
13.0 11.638
13.5 12.282
13.5 11.94
13.5 12.254
13.5 12.002
13.5 12.154
13.5 12.654
13.5 12.74
13.5 12.914
13.5 12.752
13.5 13.074
13.5 13.066
13.5 13.152
13.5 13.194
13.5 13.192
13.5 12.91
13.5 12.954
13.5 13.018
13.5 13.18
13.5 12.926
13.5 13.076
13.5 13.104
13.5 13.198
13.5 13.094
13.5 13.16
13.5 13.012
13.5 13.044
13.5 13.016
13.5 13.064
13.5 12.846
13.5 12.692
13.5 12.99
13.5 13.21
13.5 13.02
13.5 13.09
13.5 13.222
13.5 13.062
13.5 13.13
13.5 12.97
13.5 13.16
13.5 13.194
13.5 13.058
13.5 13.1
13.5 13.102
13.5 13.144
13.5 13.236
13.5 13.21
13.5 13.184
13.5 13.224
13.5 13.16
13.5 13.118
13.5 13.006
13.5 13.252
13.5 13.082
13.5 12.836
13.5 12.908
13.5 13.23
13.5 13.238
13.5 13.124
13.5 13.226
13.5 13.01
13.5 12.53
13.5 12.792
13.5 13.118
13.5 12.984
13.5 12.938
13.5 12.932
13.5 13.234
13.5 13.104
13.5 13.028
13.5 13.036
13.5 13.028
13.5 13.12
13.5 13.118
13.5 13.16
13.5 13.136
13.5 13.098
13.5 13.156
13.5 13.134
13.5 13.182
13.5 13.038
13.5 13.052
13.5 13.164
13.5 13.212
13.5 13.086
13.5 13.194
13.5 13.366
13.5 13.018
13.5 12.96
13.5 12.98
13.5 13.012
13.5 13.174
13.5 12.97
13.5 13.17
13.5 13.23
13.5 12.902
13.5 13.21
13.5 12.902
13.5 12.978
13.5 13.048
13.5 13.006
13.5 13.198
13.5 13.204
13.5 13.17
13.5 13.154
13.5 13.194
13.5 13.042
13.5 12.894
13.5 12.834
13.5 13.036
13.5 12.784
13.5 13.14
13.5 13.164
13.5 13.23
13.5 13.064
13.5 13.126
13.5 13.134
13.5 13.236
13.5 13.154
13.5 12.896
13.5 12.686
13.5 13.048
13.5 13.154
13.5 13.2
13.5 13.064
13.5 13.168
13.5 13.17
13.5 13.034
13.5 13.218
13.5 13.244
13.5 13.104
13.5 13.18
13.5 13.108
13.5 13.126
13.5 13.022
13.5 13.052
13.5 12.974
13.5 13.228
13.5 13.074
13.5 13.158
13.5 13.136
13.5 13.098
13.5 13.212
13.5 12.824
13.5 13.058
13.5 13.172
13.5 12.898
13.5 12.966
13.5 12.876
13.5 12.94
13.5 12.802
13.5 12.982
13.5 12.988
13.5 13.116
13.5 12.922
13.5 12.954
13.5 12.952
13.5 13.136
13.5 13.184
13.5 13.192
13.5 13.172
13.5 12.836
13.5 13.144
13.5 13.244
13.5 13.048
13.5 13.0
13.5 13.03
13.5 13.09
13.5 12.972
13.5 13.024
13.5 13.068
13.5 12.958
13.5 13.108
13.5 13.076
13.5 12.858
13.5 13.062
13.5 13.074
13.5 13.088
13.5 13.322
13.5 13.226
13.5 13.11
13.5 13.088
13.5 13.042
13.5 13.12
13.5 13.084
13.5 13.166
13.5 12.928
13.5 13.12
13.5 13.218
13.5 13.23
13.5 13.032
13.5 13.14
13.5 13.144
13.5 13.208
13.5 13.188
13.5 13.062
13.5 13.184
13.5 13.238
13.5 13.146
13.5 13.214
13.5 13.294
13.5 12.988
13.5 12.966
13.5 13.114
13.5 13.054
13.5 13.17
13.5 13.104
13.5 13.104
13.5 13.106
13.5 13.104
13.5 12.54
13.5 13.094
13.5 12.948
13.5 13.144
13.5 13.0
13.5 13.064
13.5 13.006
13.5 12.93
13.5 12.97
13.5 13.032
13.5 13.076
13.5 13.114
13.5 12.982
13.5 13.056
13.5 13.168
13.5 13.112
13.5 13.196
13.5 13.0
13.5 13.032
13.5 13.24
13.5 13.252
13.5 13.266
13.5 13.18
13.5 13.132
13.5 13.116
13.5 13.064
13.5 13.036
13.5 12.958
13.5 13.042
13.5 13.202
13.5 13.322
13.5 13.03
13.5 13.124
13.5 13.002
13.5 12.684
13.5 12.88
13.5 12.936
13.5 12.808
13.5 12.884
13.5 12.884
13.5 12.998
13.5 13.026
13.5 13.082
13.5 13.334
13.5 13.024
13.5 13.162
13.5 13.108
13.5 13.098
13.5 13.004
13.5 13.126
13.5 12.926
13.5 12.96
13.5 12.818
13.5 13.068
13.5 13.276
13.5 13.134
13.5 13.134
13.5 13.254
13.5 13.172
13.5 12.94
13.5 12.84
13.5 12.922
13.5 13.226
13.5 13.046
13.5 12.832
13.5 13.104
13.5 13.058
13.5 13.202
13.5 12.962
13.5 13.188
13.5 12.776
13.5 12.976
13.5 13.102
13.5 13.016
13.5 13.018
13.5 13.046
13.5 12.996
13.5 13.182
13.5 13.02
13.5 12.866
13.5 13.15
13.5 12.956
13.5 12.908
13.5 12.966
13.5 13.026
13.5 13.288
13.5 12.938
13.5 13.118
13.5 12.872
13.5 13.078
13.5 12.98
13.5 13.06
13.5 12.854
13.5 13.186
13.5 13.126
13.5 12.938
13.5 12.872
13.5 13.162
13.5 12.994
13.5 13.064
13.5 12.946
13.5 13.064
13.5 13.138
13.5 13.176
13.5 12.844
13.5 13.024
13.5 13.158
13.5 13.054
13.5 12.918
13.5 13.086
13.5 13.006
13.5 13.276
13.5 12.954
13.5 13.106
13.5 12.938
13.5 13.03
13.5 13.2
13.5 13.136
13.5 13.002
13.5 13.024
13.5 12.744
13.5 12.928
13.5 12.83
13.5 12.832
13.5 13.154
13.5 13.05
13.5 13.098
13.5 12.754
13.5 13.11
13.5 12.926
13.5 13.11
13.5 12.822
13.5 12.84
13.5 12.978
13.5 12.95
13.5 12.972
13.5 13.144
13.5 13.2
13.5 13.04
13.5 13.122
13.5 13.138
13.5 13.32
13.5 13.122
13.5 13.122
13.5 13.036
13.5 12.982
13.5 13.04
13.5 12.75
13.5 13.136
13.5 12.896
13.5 13.098
13.5 13.192
13.5 13.086
13.5 13.274
13.5 13.12
13.5 13.144
13.5 13.082
13.5 12.924
13.5 13.108
13.5 12.974
13.5 13.042
13.5 13.064
13.5 13.186
13.5 13.302
13.5 12.952
13.5 13.05
13.5 13.174
13.5 13.262
13.5 13.106
13.5 13.162
13.5 13.064
13.5 12.966
13.5 12.874
13.5 13.172
13.5 13.28
13.5 13.258
13.5 13.088
13.5 13.182
13.5 13.166
13.5 13.038
13.5 13.246
13.5 12.978
13.5 13.158
13.5 13.094
13.5 12.804
13.5 13.12
13.5 13.172
13.5 13.078
13.5 13.162
13.5 12.622
13.5 12.896
13.5 13.062
13.5 13.114
13.5 13.056
13.5 13.092
13.5 13.048
13.5 13.02
13.5 12.948
13.5 12.746
13.5 13.194
13.5 13.13
13.5 12.836
13.5 13.236
13.5 12.99
13.5 13.076
13.5 12.95
13.5 13.196
13.5 13.12
13.5 13.072
13.5 12.87
13.5 13.11
13.5 13.14
13.5 13.052
13.5 13.002
13.5 12.884
13.5 13.062
13.5 12.894
13.5 13.012
13.5 12.88
13.5 12.87
13.5 13.038
13.5 13.024
13.5 13.034
13.5 13.054
13.5 12.954
13.5 13.068
13.5 13.044
13.5 12.906
13.5 12.814
13.5 13.156
13.5 13.038
13.5 12.884
13.5 13.078
13.5 13.108
13.5 12.688
13.5 12.904
13.5 13.12
13.5 13.158
13.5 13.252
13.5 13.012
13.5 13.04
13.5 13.042
13.5 13.31
13.5 13.152
13.5 13.082
13.5 13.274
13.5 13.036
13.5 13.208
13.5 12.806
13.5 13.158
13.5 13.056
13.5 13.032
13.5 13.086
13.5 13.082
13.5 13.22
13.5 12.792
13.5 13.02
13.5 13.022
13.5 13.172
13.5 13.172
13.5 13.126
13.5 12.996
13.5 12.802
13.5 13.278
13.5 13.128
13.5 12.886
13.5 12.724
13.5 12.996
13.5 12.942
13.5 13.098
13.5 13.078
13.5 12.746
13.5 12.982
13.5 12.902
13.5 12.988
13.5 12.988
13.5 13.054
13.5 13.188
13.5 12.97
13.5 13.022
13.5 13.052
13.5 12.99
13.5 13.088
500
11.0 3.612
11.5 7.868
11.5 8.952
12.5 9.876
13.0 10.404
13.0 10.894
13.0 11.496
13.5 11.862
13.5 12.102
13.5 12.362
13.5 12.336
13.5 12.586
13.5 12.412
13.5 12.444
13.5 12.798
13.5 13.016
13.5 13.032
13.5 13.17
13.5 13.088
13.5 13.014
13.5 12.98
13.5 13.144
13.5 13.022
13.5 12.99
13.5 13.248
13.5 13.15
13.5 12.99
13.5 13.242
13.5 13.138
13.5 13.216
13.5 13.152
13.5 13.06
13.5 13.22
13.5 13.194
13.5 13.308
13.5 13.176
13.5 13.122
13.5 13.144
13.5 13.028
13.5 13.172
13.5 13.06
13.5 13.024
13.5 13.102
13.5 12.97
13.5 12.838
13.5 13.082
13.5 13.098
13.5 13.18
13.5 13.052
13.5 12.974
13.5 12.98
13.5 13.26
13.5 13.04
13.5 13.106
13.5 13.238
13.5 13.048
13.5 13.056
13.5 13.032
13.5 13.102
13.5 13.002
13.5 13.114
13.5 13.128
13.5 13.156
13.5 13.15
13.5 12.996
13.5 13.026
13.5 13.288
13.5 13.226
13.5 13.082
13.5 12.87
13.5 13.008
13.5 13.126
13.5 13.19
13.5 13.056
13.5 13.062
13.5 12.852
13.5 13.05
13.5 13.084
13.5 13.014
13.5 13.086
13.5 12.952
13.5 13.06
13.5 13.228
13.5 13.074
13.5 13.11
13.5 13.054
13.5 13.362
13.5 13.14
13.5 13.132
13.5 13.106
13.5 13.204
13.5 13.112
13.5 13.186
13.5 13.078
13.5 13.09
13.5 13.004
13.5 13.228
13.5 13.148
13.5 13.092
13.5 13.058
13.5 13.042
13.5 12.958
13.5 13.046
13.5 12.988
13.5 13.302
13.5 13.042
13.5 13.088
13.5 13.11
13.5 13.174
13.5 13.22
13.5 13.14
13.5 13.086
13.5 12.9
13.5 13.18
13.5 13.05
13.5 13.144
13.5 12.998
13.5 12.872
13.5 12.906
13.5 12.812
13.5 13.054
13.5 13.2
13.5 12.952
13.5 13.064
13.5 13.286
13.5 13.008
13.5 13.126
13.5 13.044
13.5 13.086
13.5 12.93
13.5 12.904
13.5 13.216
13.5 13.108
13.5 13.144
13.5 13.116
13.5 13.236
13.5 13.152
13.5 13.264
13.5 13.144
13.5 13.16
13.5 13.058
13.5 13.092
13.5 13.206
13.5 13.178
13.5 13.278
13.5 13.13
13.5 13.146
13.5 13.104
13.5 13.018
13.5 13.156
13.5 13.332
13.5 13.2
13.5 13.184
13.5 13.258
13.5 13.114
13.5 13.108
13.5 13.01
13.5 13.302
13.5 13.064
13.5 13.094
13.5 13.218
13.5 13.18
13.5 13.138
13.5 12.922
13.5 13.012
13.5 13.06
13.5 13.2
13.5 13.224
13.5 13.01
13.5 13.02
13.5 12.79
13.5 12.692
13.5 13.068
13.5 12.978
13.5 12.95
13.5 13.208
13.5 13.174
13.5 13.172
13.5 13.094
13.5 13.168
13.5 13.052
13.5 13.088
13.5 12.868
13.5 13.136
13.5 13.168
13.5 13.132
13.5 13.138
13.5 13.004
13.5 13.23
13.5 12.782
13.5 13.14
13.5 13.026
13.5 13.114
13.5 13.132
13.5 13.056
13.5 12.874
13.5 13.106
13.5 13.16
13.5 13.188
13.5 13.07
13.5 12.952
13.5 12.942
13.5 13.138
13.5 13.152
13.5 13.342
13.5 13.112
13.5 13.274
13.5 12.962
13.5 13.108
13.5 13.056
13.5 13.062
13.5 12.984
13.5 13.068
13.5 12.974
13.5 12.95
13.5 13.098
13.5 13.066
13.5 13.074
13.5 13.21
13.5 13.164
13.5 13.166
13.5 13.074
13.5 13.34
13.5 13.106
13.5 12.824
13.5 12.902
13.5 12.958
13.5 13.142
13.5 12.968
13.5 13.158
13.5 13.07
13.5 13.01
13.5 13.142
13.5 12.962
13.5 12.81
13.5 12.982
13.5 12.884
13.5 13.13
13.5 13.29
13.5 13.02
13.5 13.188
13.5 12.768
13.5 13.046
13.5 13.228
13.5 13.12
13.5 13.034
13.5 13.178
13.5 12.958
13.5 13.042
13.5 12.936
13.5 13.076
13.5 13.234
13.5 13.252
13.5 13.126
13.5 12.968
13.5 13.024
13.5 13.13
13.5 12.918
13.5 13.178
13.5 13.154
13.5 13.158
13.5 13.084
13.5 13.076
13.5 13.028
13.5 13.198
13.5 13.216
13.5 13.168
13.5 13.042
13.5 13.062
13.5 13.194
13.5 13.112
13.5 13.242
13.5 13.214
13.5 13.224
13.5 13.15
13.5 13.12
13.5 13.194
13.5 13.086
13.5 13.126
13.5 13.216
13.5 13.186
13.5 12.922
13.5 12.974
13.5 13.206
13.5 13.13
13.5 13.194
13.5 13.312
13.5 12.986
13.5 13.12
13.5 12.96
13.5 12.71
13.5 13.148
13.5 12.876
13.5 12.976
13.5 13.112
13.5 13.1
13.5 13.118
13.5 13.172
13.5 13.172
13.5 12.968
13.5 13.004
13.5 12.88
13.5 13.078
13.5 12.886
13.5 12.984
13.5 12.894
13.5 12.928
13.5 13.132
13.5 12.854
13.5 13.098
13.5 13.102
13.5 13.034
13.5 12.904
13.5 13.072
13.5 12.97
13.5 12.852
13.5 12.778
13.5 12.864
13.5 13.064
13.5 13.114
13.5 13.208
13.5 13.042
13.5 13.236
13.5 12.974
13.5 13.012
13.5 13.014
13.5 12.966
13.5 13.1
13.5 13.104
13.5 13.066
13.5 13.226
13.5 13.12
13.5 13.138
13.5 12.958
13.5 13.168
13.5 13.196
13.5 13.24
13.5 13.098
13.5 12.986
13.5 13.126
13.5 13.244
13.5 13.026
13.5 13.13
13.5 13.14
13.5 13.018
13.5 13.222
13.5 13.07
13.5 13.068
13.5 13.066
13.5 12.888
13.5 13.076
13.5 13.246
13.5 13.084
13.5 13.016
13.5 13.29
13.5 13.204
13.5 13.154
13.5 13.144
13.5 12.982
13.5 13.12
13.5 13.156
13.5 13.036
13.5 13.204
13.5 13.266
13.5 13.132
13.5 13.116
13.5 13.12
13.5 13.12
13.5 13.314
13.5 13.118
13.5 12.858
13.5 13.102
13.5 13.134
13.5 13.282
13.5 13.292
13.5 13.054
13.5 12.878
13.5 13.058
13.5 13.06
13.5 13.24
13.5 13.254
13.5 13.266
13.5 13.166
13.5 13.208
13.5 12.898
13.5 13.07
13.5 12.846
13.5 13.072
13.5 13.086
13.5 13.116
13.5 13.056
13.5 13.04
13.5 13.186
13.5 13.092
13.5 13.308
13.5 13.332
13.5 13.084
13.5 13.218
13.5 12.884
13.5 12.91
13.5 13.09
13.5 13.008
13.5 13.124
13.5 13.02
13.5 13.136
13.5 13.152
13.5 13.088
13.5 13.054
13.5 12.878
13.5 13.088
13.5 13.164
13.5 13.16
13.5 13.002
13.5 12.99
13.5 13.216
13.5 13.3
13.5 13.226
13.5 13.19
13.5 12.992
13.5 13.018
13.5 13.09
13.5 13.134
13.5 13.178
13.5 13.046
13.5 13.156
13.5 13.11
13.5 13.1
13.5 13.028
13.5 13.112
13.5 13.088
13.5 13.226
13.5 13.016
13.5 13.138
13.5 13.208
13.5 13.274
13.5 13.162
13.5 13.178
13.5 13.182
13.5 13.208
13.5 13.06
13.5 13.182
13.5 13.186
13.5 12.968
13.5 13.138
13.5 13.06
13.5 12.95
13.5 13.194
13.5 13.342
13.5 13.102
13.5 13.02
13.5 13.146
13.5 13.08
13.5 13.074
13.5 13.198
13.5 13.214
13.5 13.072
13.5 13.018
13.5 13.072
13.5 13.184
13.5 13.19
13.5 13.042
13.5 12.988
13.5 12.982
13.5 13.176
13.5 13.038
13.5 13.134
13.5 13.094
13.5 13.164
13.5 13.024
13.5 13.094
13.5 13.086
13.5 12.88
13.5 12.916
13.5 13.028
13.5 12.956
13.5 13.092
13.5 13.046
13.5 13.184
13.5 13.252
13.5 13.092
13.5 13.264
13.5 13.192
13.5 12.978
13.5 13.09
13.5 13.192
13.5 13.172
13.5 12.936
13.5 12.654
13.5 12.802
13.5 13.032
13.5 13.214
13.5 13.02
13.5 13.238
13.5 13.156
13.5 13.216
13.5 13.17
13.5 13.2
13.5 13.15
13.5 13.092
13.5 12.952
500
11.0 3.444
11.5 7.894
11.5 9.002
12.5 9.542
13.0 10.168
13.0 10.652
13.0 11.262
13.5 11.994
13.5 11.846
13.5 12.352
13.5 12.44
13.5 12.57
13.5 12.596
13.5 12.812
13.5 12.652
13.5 12.966
13.5 12.972
13.5 13.252
13.5 13.214
13.5 13.278
13.5 13.182
13.5 13.048
13.5 13.144
13.5 12.934
13.5 13.254
13.5 13.2
13.5 13.09
13.5 13.18
13.5 13.11
13.5 13.214
13.5 13.14
13.5 13.086
13.5 13.14
13.5 13.306
13.5 13.304
13.5 13.16
13.5 13.052
13.5 13.248
13.5 13.148
13.5 13.294
13.5 13.244
13.5 13.296
13.5 13.266
13.5 13.27
13.5 13.162
13.5 13.046
13.5 13.12
13.5 13.12
13.5 13.248
13.5 13.034
13.5 13.26
13.5 13.32
13.5 13.02
13.5 13.26
13.5 13.16
13.5 13.232
13.5 13.286
13.5 13.114
13.5 13.126
13.5 13.108
13.5 13.05
13.5 13.106
13.5 12.998
13.5 13.048
13.5 13.164
13.5 12.93
13.5 13.266
13.5 13.034
13.5 13.282
13.5 13.214
13.5 13.084
13.5 13.242
13.5 13.228
13.5 13.286
13.5 13.192
13.5 12.974
13.5 12.852
13.5 13.234
13.5 13.194
13.5 13.08
13.5 13.006
13.5 13.062
13.5 13.194
13.5 13.27
13.5 12.962
13.5 13.164
13.5 13.096
13.5 13.16
13.5 13.18
13.5 13.074
13.5 13.286
13.5 13.298
13.5 13.196
13.5 13.1
13.5 13.222
13.5 13.178
13.5 13.102
13.5 13.232
13.5 13.192
13.5 13.148
13.5 13.128
13.5 13.21
13.5 13.18
13.5 12.938
13.5 13.088
13.5 13.064
13.5 13.13
13.5 13.142
13.5 13.344
13.5 13.264
13.5 13.208
13.5 13.22
13.5 13.298
13.5 13.212
13.5 13.094
13.5 12.976
13.5 13.246
13.5 13.294
13.5 13.246
13.5 13.072
13.5 13.212
13.5 13.158
13.5 13.152
13.5 13.26
13.5 12.988
13.5 13.182
13.5 13.12
13.5 13.024
13.5 13.188
13.5 12.906
13.5 13.222
13.5 13.164
13.5 13.022
13.5 12.986
13.5 13.138
13.5 13.222
13.5 13.062
13.5 13.186
13.5 13.27
13.5 13.178
13.5 13.11
13.5 13.208
13.5 13.23
13.5 13.324
13.5 13.178
13.5 13.254
13.5 12.98
13.5 13.006
13.5 13.188
13.5 13.096
13.5 13.206
13.5 13.088
13.5 13.178
13.5 13.144
13.5 13.026
13.5 13.056
13.5 12.992
13.5 13.172
13.5 12.896
13.5 13.058
13.5 13.208
13.5 13.168
13.5 13.086
13.5 13.236
13.5 13.294
13.5 13.328
13.5 13.25
13.5 13.224
13.5 13.222
13.5 13.128
13.5 13.258
13.5 13.21
13.5 13.054
13.5 13.152
13.5 13.26
13.5 13.276
13.5 13.228
13.5 13.194
13.5 13.284
13.5 13.298
13.5 13.11
13.5 13.18
13.5 13.178
13.5 13.414
13.5 13.064
13.5 13.17
13.5 13.166
13.5 13.194
13.5 13.236
13.5 13.182
13.5 13.126
13.5 13.338
13.5 13.19
13.5 13.172
13.5 13.216
13.5 13.126
13.5 13.154
13.5 13.194
13.5 13.12
13.5 13.18
13.5 13.228
13.5 13.172
13.5 13.132
13.5 13.272
13.5 13.274
13.5 13.252
13.5 13.24
13.5 13.208
13.5 13.144
13.5 13.166
13.5 13.196
13.5 13.044
13.5 13.282
13.5 13.126
13.5 13.036
13.5 13.184
13.5 13.268
13.5 13.244
13.5 13.302
13.5 12.988
13.5 13.068
13.5 13.286
13.5 13.148
13.5 13.222
13.5 13.2
13.5 13.244
13.5 13.294
13.5 13.212
13.5 13.224
13.5 13.308
13.5 13.02
13.5 13.312
13.5 13.184
13.5 13.196
13.5 13.244
13.5 13.286
13.5 13.214
13.5 13.02
13.5 13.136
13.5 13.136
13.5 12.974
13.5 13.382
13.5 13.228
13.5 13.236
13.5 13.194
13.5 13.25
13.5 13.204
13.5 13.262
13.5 13.162
13.5 13.182
13.5 13.242
13.5 13.212
13.5 13.376
13.5 13.134
13.5 13.116
13.5 13.2
13.5 13.262
13.5 13.17
13.5 13.096
13.5 13.176
13.5 13.166
13.5 13.172
13.5 13.296
13.5 13.252
13.5 13.224
13.5 13.216
13.5 13.068
13.5 13.156
13.5 13.164
13.5 13.208
13.5 13.152
13.5 12.9
13.5 13.19
13.5 13.214
13.5 13.17
13.5 13.11
13.5 13.112
13.5 13.274
13.5 13.184
13.5 13.078
13.5 13.344
13.5 13.18
13.5 13.314
13.5 13.154
13.5 13.284
13.5 13.226
13.5 13.218
13.5 13.366
13.5 13.144
13.5 13.194
13.5 13.192
13.5 13.108
13.5 13.252
13.5 13.242
13.5 13.308
13.5 13.152
13.5 13.202
13.5 13.154
13.5 13.154
13.5 13.124
13.5 13.27
13.5 13.116
13.5 12.922
13.5 13.05
13.5 12.984
13.5 13.058
13.5 13.222
13.5 13.174
13.5 13.18
13.5 13.286
13.5 13.094
13.5 12.978
13.5 13.018
13.5 13.176
13.5 13.188
13.5 13.194
13.5 13.196
13.5 13.32
13.5 13.262
13.5 13.15
13.5 13.246
13.5 13.146
13.5 13.188
13.5 13.182
13.5 13.234
13.5 13.09
13.5 13.162
13.5 13.108
13.5 13.106
13.5 13.078
13.5 13.068
13.5 13.204
13.5 13.068
13.5 13.182
13.5 13.158
13.5 13.33
13.5 13.348
13.5 13.322
13.5 13.28
13.5 13.126
13.5 13.078
13.5 13.216
13.5 13.156
13.5 13.258
13.5 13.202
13.5 13.174
13.5 12.994
13.5 13.188
13.5 12.98
13.5 13.294
13.5 13.144
13.5 13.172
13.5 13.162
13.5 13.188
13.5 12.982
13.5 13.132
13.5 13.21
13.5 13.226
13.5 13.024
13.5 13.098
13.5 13.174
13.5 13.16
13.5 13.228
13.5 13.13
13.5 13.202
13.5 13.268
13.5 13.23
13.5 13.204
13.5 13.166
13.5 13.276
13.5 13.254
13.5 13.274
13.5 13.292
13.5 13.214
13.5 13.146
13.5 13.062
13.5 13.148
13.5 13.054
13.5 13.152
13.5 13.102
13.5 13.128
13.5 13.3
13.5 13.304
13.5 13.136
13.5 13.238
13.5 13.246
13.5 13.17
13.5 13.192
13.5 13.244
13.5 13.254
13.5 13.112
13.5 13.176
13.5 13.222
13.5 13.28
13.5 13.15
13.5 13.002
13.5 13.114
13.5 12.998
13.5 13.328
13.5 13.086
13.5 13.224
13.5 13.244
13.5 13.078
13.5 13.072
13.5 13.272
13.5 13.24
13.5 13.188
13.5 13.256
13.5 13.198
13.5 13.194
13.5 13.236
13.5 13.198
13.5 13.17
13.5 13.188
13.5 13.226
13.5 13.298
13.5 13.238
13.5 13.146
13.5 13.232
13.5 13.066
13.5 13.084
13.5 13.162
13.5 13.096
13.5 13.014
13.5 12.972
13.5 13.058
13.5 12.94
13.5 13.164
13.5 13.122
13.5 13.198
13.5 13.2
13.5 13.296
13.5 13.106
13.5 13.234
13.5 13.212
13.5 13.142
13.5 12.944
13.5 13.26
13.5 13.124
13.5 13.044
13.5 13.13
13.5 13.026
13.5 13.102
13.5 13.172
13.5 12.992
13.5 13.2
13.5 13.17
13.5 13.196
13.5 13.118
13.5 13.226
13.5 13.05
13.5 13.16
13.5 13.102
13.5 13.112
13.5 13.112
13.5 13.16
13.5 13.118
13.5 13.138
13.5 13.202
13.5 13.082
13.5 13.11
13.5 13.318
13.5 13.238
13.5 13.036
13.5 13.054
13.5 12.858
13.5 13.24
13.5 13.326
13.5 13.276
13.5 13.202
13.5 13.082
13.5 13.26
13.5 13.122
13.5 13.2
13.5 13.136
13.5 13.146
13.5 13.122
13.5 13.194
13.5 13.256
13.5 13.032
13.5 13.296
13.5 13.15
13.5 13.154
13.5 13.232
13.5 13.07
13.5 13.242
13.5 12.936
13.5 13.008
13.5 13.222
13.5 12.9
13.5 13.164
13.5 13.192
13.5 13.078
13.5 13.11
13.5 13.162
13.5 13.196
13.5 13.348
13.5 13.29
13.5 13.102
13.5 13.114
500
11.0 3.724
11.5 7.778
12.0 8.994
12.0 9.768
12.0 10.458
12.0 10.214
13.5 10.568
13.5 10.958
13.5 10.812
13.5 11.312
13.5 11.548
13.5 11.544
13.5 11.936
13.5 12.77
13.5 12.938
13.5 12.762
13.5 13.064
13.5 13.174
13.5 13.1
13.5 13.266
13.5 13.102
13.5 13.206
13.5 13.07
13.5 13.086
13.5 13.104
13.5 13.186
13.5 13.038
13.5 13.152
13.5 13.128
13.5 13.142
13.5 13.202
13.5 13.03
13.5 13.16
13.5 13.074
13.5 13.044
13.5 13.144
13.5 13.116
13.5 13.066
13.5 13.06
13.5 12.9
13.5 13.24
13.5 13.22
13.5 13.124
13.5 13.258
13.5 13.174
13.5 13.076
13.5 13.112
13.5 13.102
13.5 13.162
13.5 13.132
13.5 13.264
13.5 13.016
13.5 13.022
13.5 12.968
13.5 13.194
13.5 13.248
13.5 13.134
13.5 13.206
13.5 13.048
13.5 13.124
13.5 12.952
13.5 13.054
13.5 13.154
13.5 13.228
13.5 13.158
13.5 13.088
13.5 13.206
13.5 12.884
13.5 13.088
13.5 12.928
13.5 13.266
13.5 13.192
13.5 13.128
13.5 13.204
13.5 12.986
13.5 13.104
13.5 13.018
13.5 13.044
13.5 13.27
13.5 13.122
13.5 13.312
13.5 13.188
13.5 13.18
13.5 12.88
13.5 12.772
13.5 13.192
13.5 13.18
13.5 13.086
13.5 13.148
13.5 12.91
13.5 13.128
13.5 13.172
13.5 13.092
13.5 13.248
13.5 13.272
13.5 12.934
13.5 13.09
13.5 12.904
13.5 13.11
13.5 13.086
13.5 13.29
13.5 12.966
13.5 13.144
13.5 13.078
13.5 13.012
13.5 13.244
13.5 13.124
13.5 13.008
13.5 13.24
13.5 12.974
13.5 13.076
13.5 13.226
13.5 13.004
13.5 12.916
13.5 13.178
13.5 13.104
13.5 13.244
13.5 13.112
13.5 13.128
13.5 13.148
13.5 13.124
13.5 13.026
13.5 13.104
13.5 13.084
13.5 12.97
13.5 12.97
13.5 12.802
13.5 13.178
13.5 12.776
13.5 12.916
13.5 13.228
13.5 12.916
13.5 13.112
13.5 12.76
13.5 12.924
13.5 13.026
13.5 13.044
13.5 12.964
13.5 13.202
13.5 12.894
13.5 13.156
13.5 13.142
13.5 13.156
13.5 13.102
13.5 13.106
13.5 12.9
13.5 13.07
13.5 12.986
13.5 12.922
13.5 13.01
13.5 13.072
13.5 13.054
13.5 12.906
13.5 12.992
13.5 13.13
13.5 13.134
13.5 13.02
13.5 13.186
13.5 12.844
13.5 13.16
13.5 13.116
13.5 12.958
13.5 13.066
13.5 13.36
13.5 13.064
13.5 13.108
13.5 13.18
13.5 13.242
13.5 13.002
13.5 13.116
13.5 13.082
13.5 13.158
13.5 13.192
13.5 13.162
13.5 13.01
13.5 13.106
13.5 13.134
13.5 13.116
13.5 13.22
13.5 13.252
13.5 13.172
13.5 13.168
13.5 13.16
13.5 13.112
13.5 13.136
13.5 12.996
13.5 13.018
13.5 13.128
13.5 13.17
13.5 12.976
13.5 12.972
13.5 13.144
13.5 13.18
13.5 13.134
13.5 13.06
13.5 12.85
13.5 13.282
13.5 13.278
13.5 13.144
13.5 13.11
13.5 13.086
13.5 12.892
13.5 13.324
13.5 13.104
13.5 13.134
13.5 12.92
13.5 12.974
13.5 13.328
13.5 13.206
13.5 12.918
13.5 12.986
13.5 13.214
13.5 13.148
13.5 13.124
13.5 13.14
13.5 13.178
13.5 13.204
13.5 13.098
13.5 13.184
13.5 13.09
13.5 13.16
13.5 13.224
13.5 13.186
13.5 13.11
13.5 12.926
13.5 13.098
13.5 13.046
13.5 13.142
13.5 13.004
13.5 13.222
13.5 13.19
13.5 13.176
13.5 13.148
13.5 13.056
13.5 13.174
13.5 13.162
13.5 13.15
13.5 12.908
13.5 13.06
13.5 13.19
13.5 13.25
13.5 13.138
13.5 13.168
13.5 13.148
13.5 13.346
13.5 13.168
13.5 12.98
13.5 13.072
13.5 13.114
13.5 13.242
13.5 13.11
13.5 13.238
13.5 13.134
13.5 13.198
13.5 13.086
13.5 13.098
13.5 13.158
13.5 13.034
13.5 13.164
13.5 13.13
13.5 13.038
13.5 13.28
13.5 13.318
13.5 13.134
13.5 13.17
13.5 13.078
13.5 13.242
13.5 12.968
13.5 12.934
13.5 13.166
13.5 13.21
13.5 13.2
13.5 12.89
13.5 13.15
13.5 13.19
13.5 13.098
13.5 12.858
13.5 12.938
13.5 13.1
13.5 13.216
13.5 12.972
13.5 13.05
13.5 13.134
13.5 13.13
13.5 13.018
13.5 13.142
13.5 13.102
13.5 12.958
13.5 13.2
13.5 13.224
13.5 13.268
13.5 13.01
13.5 13.182
13.5 13.194
13.5 13.16
13.5 13.166
13.5 13.148
13.5 13.298
13.5 12.998
13.5 13.072
13.5 13.202
13.5 13.04
13.5 12.86
13.5 13.188
13.5 13.228
13.5 13.176
13.5 13.242
13.5 13.292
13.5 13.144
13.5 13.146
13.5 13.232
13.5 13.17
13.5 12.852
13.5 13.126
13.5 12.922
13.5 13.11
13.5 13.068
13.5 13.026
13.5 12.956
13.5 13.11
13.5 13.264
13.5 13.134
13.5 13.072
13.5 12.812
13.5 12.882
13.5 12.926
13.5 13.038
13.5 13.17
13.5 13.16
13.5 13.15
13.5 13.094
13.5 13.106
13.5 13.278
13.5 13.142
13.5 13.204
13.5 13.24
13.5 13.18
13.5 13.11
13.5 13.062
13.5 12.912
13.5 13.148
13.5 13.256
13.5 13.266
13.5 12.986
13.5 13.246
13.5 13.044
13.5 13.136
13.5 13.288
13.5 13.104
13.5 13.188
13.5 12.93
13.5 13.05
13.5 13.108
13.5 13.116
13.5 13.178
13.5 13.144
13.5 13.172
13.5 13.11
13.5 13.276
13.5 13.152
13.5 13.038
13.5 13.252
13.5 13.262
13.5 13.032
13.5 12.978
13.5 13.118
13.5 13.134
13.5 13.192
13.5 13.08
13.5 13.074
13.5 13.02
13.5 13.212
13.5 12.876
13.5 13.026
13.5 13.172
13.5 13.128
13.5 13.126
13.5 13.018
13.5 13.04
13.5 13.238
13.5 13.188
13.5 13.056
13.5 13.016
13.5 13.132
13.5 13.116
13.5 13.108
13.5 13.158
13.5 13.266
13.5 13.016
13.5 13.262
13.5 13.264
13.5 13.256
13.5 13.158
13.5 12.886
13.5 13.288
13.5 13.166
13.5 13.02
13.5 12.926
13.5 13.118
13.5 13.106
13.5 13.178
13.5 13.196
13.5 13.264
13.5 13.058
13.5 12.982
13.5 13.058
13.5 13.096
13.5 13.084
13.5 13.238
13.5 13.17
13.5 13.14
13.5 12.982
13.5 13.13
13.5 12.892
13.5 12.974
13.5 13.12
13.5 13.114
13.5 13.234
13.5 13.216
13.5 13.064
13.5 13.318
13.5 13.108
13.5 13.186
13.5 13.308
13.5 13.252
13.5 12.958
13.5 13.188
13.5 13.09
13.5 13.158
13.5 13.182
13.5 13.142
13.5 13.098
13.5 13.262
13.5 13.176
13.5 13.008
13.5 12.99
13.5 13.008
13.5 12.838
13.5 13.142
13.5 13.148
13.5 13.168
13.5 13.094
13.5 13.234
13.5 12.988
13.5 13.198
13.5 13.034
13.5 13.242
13.5 13.194
13.5 13.156
13.5 13.188
13.5 13.044
13.5 13.192
13.5 13.178
13.5 13.196
13.5 12.85
13.5 13.056
13.5 13.008
13.5 13.03
13.5 13.244
13.5 13.286
13.5 13.152
13.5 13.152
13.5 13.096
13.5 13.258
13.5 13.096
13.5 13.07
13.5 13.244
13.5 13.116
13.5 13.182
13.5 12.938
13.5 13.078
13.5 13.204
13.5 13.14
13.5 13.198
13.5 13.244
13.5 13.266
13.5 13.198
13.5 13.164
13.5 13.192
13.5 13.272
13.5 13.092
13.5 13.136
13.5 13.006
13.5 13.04
13.5 13.182
13.5 13.236
13.5 13.25
13.5 13.108
13.5 13.198
13.5 13.046
13.5 12.986
13.5 13.208
13.5 13.112
13.5 12.986
13.5 13.034
13.5 13.132
13.5 13.036
13.5 13.172
13.5 13.138
13.5 13.274

Individual: [1, 3, 6, 7, 12, 14, 15, 19, 20]
   Fitness: 13.5
     Total: 9
Violations: 0 0

Individual: [1, 3, 4, 8, 9, 11, 16, 17, 19, 20]
   Fitness: 13.0
     Total: 10
Violations: 2 2

Individual: [1, 3, 6, 7, 12, 14, 15, 19, 20]
   Fitness: 13.5
     Total: 9
Violations: 0 0

Individual: [1, 2, 4, 5, 8, 13, 16, 17, 19, 20]
   Fitness: 13.0
     Total: 10
Violations: 2 2

Individual: [1, 2, 6, 7, 9, 14, 15, 18, 20]
   Fitness: 13.5
     Total: 9
Violations: 0 0

Individual: [1, 3, 6, 7, 12, 14, 15, 19, 20]
   Fitness: 13.5
     Total: 9
Violations: 0 0

Individual: [1, 2, 6, 7, 9, 14, 15, 18, 20]
   Fitness: 13.5
     Total: 9
Violations: 0 0

Individual: [1, 2, 6, 7, 9, 14, 15, 18, 20]
   Fitness: 13.5
     Total: 9
Violations: 0 0

Individual: [1, 3, 6, 7, 12, 14, 15, 19, 20]
   Fitness: 13.5
     Total: 9
Violations: 0 0

Individual: [1, 2, 6, 7, 9, 14, 15, 18, 20]
   Fitness: 13.5
     Total: 9
Violations: 0 0
