10
100
11.5 3.196
12.0 8.372
12.5 9.032
13.0 10.496
13.0 11.396
13.0 10.128
13.0 11.26
13.0 12.15
13.0 12.14
13.0 12.186
13.0 12.472
13.0 11.94
13.0 12.606
13.0 12.064
13.0 12.29
13.0 12.442
13.0 12.376
13.0 12.524
13.0 12.608
13.0 12.292
13.0 12.1
13.0 12.184
13.0 12.332
13.0 12.16
13.0 12.198
13.0 12.284
13.0 12.518
13.0 12.46
13.0 12.648
13.0 12.698
13.0 12.592
13.0 12.802
13.0 12.224
13.0 12.32
13.0 11.89
13.0 12.346
13.0 12.458
13.0 12.448
13.0 12.298
13.0 12.226
13.0 12.508
13.0 12.5
13.0 12.582
13.0 12.004
13.0 12.358
13.0 12.48
13.0 12.428
13.0 12.498
13.0 12.462
13.0 12.414
13.0 12.37
13.0 12.518
13.0 12.448
13.0 12.488
13.0 12.474
13.0 12.222
13.0 12.4
13.0 12.666
13.0 12.518
13.0 12.238
13.0 12.442
13.0 12.372
13.0 12.456
13.0 12.352
13.0 12.348
13.0 12.352
13.0 12.634
13.0 12.236
13.0 12.208
13.0 12.522
13.0 12.332
13.0 12.462
13.0 12.35
13.0 12.444
13.0 12.528
13.0 12.452
13.0 12.364
13.0 12.624
13.0 12.456
13.0 12.6
13.0 12.02
13.0 12.41
13.0 12.614
13.0 12.174
13.0 12.196
13.0 11.994
13.0 12.53
13.0 12.12
13.0 12.038
13.0 12.188
13.0 12.484
13.0 12.576
13.0 12.396
13.0 12.34
13.0 12.298
13.0 12.262
13.0 12.344
13.0 12.46
13.0 12.266
13.0 12.528
100
11.0 3.782
12.0 8.564
12.0 9.304
12.5 10.06
12.5 10.704
12.5 11.332
12.5 10.522
13.5 11.756
13.5 11.756
13.5 11.566
13.5 12.056
13.5 11.732
13.5 12.108
13.5 12.588
13.5 12.622
13.5 12.532
13.5 12.97
13.5 13.022
13.5 13.114
13.5 13.106
13.5 12.988
13.5 12.874
13.5 12.88
13.5 12.928
13.5 13.112
13.5 12.838
13.5 12.826
13.5 12.63
13.5 12.76
13.5 12.792
13.5 12.998
13.5 12.822
13.5 13.082
13.5 12.886
13.5 12.612
13.5 12.84
13.5 12.922
13.5 12.95
13.5 13.002
13.5 12.866
13.5 12.854
13.5 12.988
13.5 12.8
13.5 12.974
13.5 13.146
13.5 12.95
13.5 12.944
13.5 12.996
13.5 13.08
13.5 13.036
13.5 12.948
13.5 13.042
13.5 12.944
13.5 12.962
13.5 12.954
13.5 12.998
13.5 12.87
13.5 12.582
13.5 13.142
13.5 12.822
13.5 12.954
13.5 12.778
13.5 12.64
13.5 12.99
13.5 12.834
13.5 12.46
13.5 13.236
13.5 13.114
13.5 12.914
13.5 12.756
13.5 12.862
13.5 12.658
13.5 12.888
13.5 13.012
13.5 12.818
13.5 12.696
13.5 12.922
13.5 12.694
13.5 12.802
13.5 12.952
13.5 12.948
13.5 12.952
13.5 13.104
13.5 13.076
13.5 12.734
13.5 12.974
13.5 12.672
13.5 12.948
13.5 13.05
13.5 12.746
13.5 13.052
13.5 13.094
13.5 12.928
13.5 12.97
13.5 12.902
13.5 12.826
13.5 13.086
13.5 12.828
13.5 12.866
13.5 12.892
100
11.0 3.164
12.5 8.228
13.0 8.604
13.0 10.444
13.0 9.702
13.0 11.564
13.0 12.102
13.0 12.676
13.0 12.592
13.0 12.556
13.0 12.512
13.0 12.434
13.0 12.446
13.0 12.224
13.0 12.4
13.0 12.506
13.0 12.202
13.0 12.316
13.0 12.49
13.0 12.312
13.0 12.414
13.0 12.352
13.0 12.72
13.0 12.298
13.0 12.47
13.0 12.632
13.0 12.534
13.0 12.27
13.0 12.18
13.0 12.364
13.0 12.312
13.0 12.35
13.0 12.42
13.0 12.474
13.0 12.412
13.0 12.472
13.0 12.418
13.0 12.498
13.0 12.282
13.0 12.43
13.0 12.284
13.0 12.166
13.0 12.246
13.0 12.534
13.0 12.314
13.0 12.592
13.0 12.274
13.0 11.972
13.0 12.302
13.0 12.416
13.0 12.242
13.0 12.19
13.0 12.524
13.0 12.042
13.0 12.398
13.0 12.534
13.0 12.428
13.0 12.32
13.0 12.436
13.0 12.466
13.0 12.176
13.0 12.448
13.0 12.328
13.0 12.38
13.0 12.39
13.0 12.482
13.0 12.332
13.0 12.366
13.0 12.358
13.0 12.562
13.0 12.404
13.0 12.31
13.0 12.656
13.0 12.322
13.0 12.464
13.0 11.984
13.0 12.346
13.0 12.204
13.0 12.564
13.0 12.288
13.0 12.248
13.0 12.546
13.0 12.384
13.0 12.41
13.0 12.508
13.0 12.366
13.0 12.638
13.0 12.492
13.0 12.414
13.0 12.562
13.0 12.268
13.0 12.15
13.0 12.268
13.0 12.492
13.0 12.59
13.0 12.55
13.0 12.476
13.0 12.354
13.0 12.676
13.0 12.412
100
11.5 3.748
11.5 8.44
11.5 9.23
12.5 9.754
13.0 10.238
13.0 11.02
13.0 10.84
13.0 11.152
13.0 11.898
13.0 11.844
13.0 12.17
13.0 12.262
13.0 12.588
13.0 12.224
13.0 12.626
13.0 12.54
13.0 12.252
13.0 12.592
13.0 12.486
13.0 12.6
13.0 12.628
13.0 12.65
13.0 12.406
13.0 12.308
13.0 12.506
13.0 12.428
13.0 12.756
13.0 12.626
13.0 12.504
13.0 12.39
13.0 12.786
13.0 12.666
13.0 12.628
13.0 12.66
13.0 12.682
13.0 12.688
13.0 12.764
13.0 12.446
13.0 12.602
13.0 12.502
13.0 12.548
13.0 12.486
13.0 12.53
13.0 12.396
13.0 12.442
13.0 12.62
13.0 12.472
13.0 12.548
13.0 12.618
13.0 12.484
13.0 12.622
13.0 12.77
13.0 12.126
13.0 12.342
13.0 12.366
13.0 12.694
13.0 12.518
13.0 12.782
13.0 12.486
13.0 12.626
13.0 12.732
13.0 12.522
13.0 12.576
13.0 12.53
13.0 12.268
13.0 12.314
13.0 12.452
13.0 12.51
13.0 12.324
13.0 12.482
13.0 12.616
13.0 12.618
13.0 12.546
13.0 12.724
13.0 12.252
13.0 12.528
13.0 12.506
13.0 12.352
13.0 12.578
13.0 12.45
13.0 12.368
13.0 12.198
13.0 12.472
13.0 12.474
13.0 12.55
13.0 12.586
13.0 12.684
13.0 12.682
13.0 12.304
13.0 12.398
13.0 12.436
13.0 12.686
13.0 12.688
13.0 12.502
13.0 12.488
13.0 12.412
13.0 12.522
13.0 12.642
13.0 12.764
13.0 12.482
100
11.0 3.548
11.0 8.654
13.0 9.076
13.0 9.11
13.0 10.378
13.0 11.216
13.0 11.532
13.0 12.53
13.0 12.232
13.0 12.67
13.0 12.59
13.0 12.404
13.0 12.234
13.0 12.604
13.0 12.71
13.0 12.548
13.0 12.444
13.0 12.796
13.0 12.544
13.0 12.432
13.0 12.55
13.0 12.562
13.0 12.678
13.0 12.454
13.0 12.66
13.0 12.476
13.0 12.484
13.0 12.478
13.0 12.598
13.0 12.768
13.0 12.566
13.0 12.428
13.0 12.486
13.0 12.408
13.0 12.634
13.0 12.444
13.0 12.572
13.0 12.174
13.0 12.602
13.0 12.53
13.0 12.714
13.0 12.53
13.0 12.576
13.0 12.596
13.0 12.314
13.0 12.502
13.0 12.548
13.0 12.272
13.0 12.562
13.0 12.57
13.0 12.46
13.0 12.572
13.0 12.356
13.0 12.412
13.0 12.328
13.0 12.638
13.0 12.57
13.0 12.328
13.0 12.76
13.0 12.452
13.0 12.53
13.0 12.74
13.0 12.35
13.0 12.568
13.0 12.276
13.0 12.482
13.0 12.524
13.0 12.422
13.0 12.7
13.0 12.696
13.0 12.416
13.0 12.474
13.0 12.344
13.0 12.456
13.0 12.494
13.0 12.298
13.0 12.576
13.0 12.46
13.0 12.37
13.0 12.628
13.0 12.672
13.0 12.466
13.0 12.328
13.0 12.604
13.0 12.56
13.0 12.448
13.0 12.568
13.0 12.422
13.0 12.498
13.0 12.638
13.0 12.628
13.0 12.718
13.0 12.532
13.0 12.616
13.0 12.554
13.0 12.574
13.0 12.364
13.0 12.316
13.0 12.458
13.0 12.454
100
11.5 3.366
12.0 8.596
12.0 9.682
12.0 10.102
13.0 10.58
13.0 11.0
13.0 11.56
13.0 11.678
13.0 11.986
13.0 11.144
13.0 12.2
13.0 12.662
13.0 12.384
13.0 12.518
13.0 12.63
13.0 12.416
13.0 12.51
13.0 12.458
13.0 12.478
13.0 12.506
13.0 12.632
13.0 12.436
13.0 12.598
13.0 12.564
13.0 12.138
13.0 12.448
13.0 12.386
13.0 12.662
13.0 12.316
13.0 12.68
13.0 12.788
13.0 12.514
13.0 12.346
13.0 12.516
13.0 12.548
13.0 12.686
13.0 12.65
13.0 12.682
13.0 12.71
13.0 12.71
13.0 12.598
13.0 12.56
13.0 12.344
13.0 12.548
13.0 12.5
13.0 12.418
13.0 12.612
13.0 12.446
13.0 12.222
13.0 12.64
13.0 12.748
13.0 12.522
13.0 12.66
13.0 12.564
13.0 12.538
13.0 12.124
13.0 12.386
13.0 12.478
13.0 12.318
13.0 12.6
13.0 12.588
13.0 12.614
13.0 12.656
13.0 12.398
13.0 12.58
13.0 12.138
13.0 12.738
13.0 12.652
13.0 12.538
13.0 12.472
13.0 12.656
13.0 12.758
13.0 12.508
13.0 12.556
13.0 12.542
13.0 12.576
13.0 12.692
13.0 12.524
13.0 12.384
13.0 12.504
13.0 12.744
13.0 12.412
13.0 12.492
13.0 12.648
13.0 12.682
13.0 12.658
13.0 12.606
13.0 12.718
13.0 12.546
13.0 12.596
13.0 12.626
13.0 12.56
13.0 12.608
13.0 12.578
13.0 12.62
13.0 12.8
13.0 12.568
13.0 12.406
13.0 12.696
13.0 12.656
100
10.5 3.182
11.0 8.368
11.0 9.05
12.5 9.404
12.5 9.614
12.5 10.014
12.5 9.93
12.5 10.626
12.5 11.544
12.5 11.426
12.5 11.708
12.5 11.768
12.5 11.894
12.5 11.916
12.5 11.972
12.5 12.08
12.5 12.008
12.5 11.972
12.5 11.96
12.5 12.18
12.5 12.026
12.5 12.05
12.5 12.14
12.5 12.14
12.5 12.094
12.5 11.958
12.5 12.112
12.5 12.04
12.5 11.954
12.5 12.042
12.5 11.838
12.5 11.966
12.5 12.104
12.5 12.224
12.5 12.032
12.5 12.088
12.5 12.076
12.5 12.008
12.5 11.702
12.5 11.774
12.5 12.31
12.5 12.064
12.5 11.784
12.5 11.914
12.5 12.078
12.5 12.168
12.5 12.25
12.5 12.02
12.5 12.032
12.5 12.182
12.5 11.914
12.5 12.088
12.5 12.072
12.5 12.092
12.5 11.96
12.5 12.084
12.5 11.81
12.5 11.816
12.5 11.868
12.5 11.838
12.5 12.088
12.5 12.112
12.5 11.996
12.5 12.156
12.5 12.152
12.5 12.162
12.5 12.024
12.5 12.174
12.5 12.198
12.5 12.172
12.5 12.066
12.5 11.994
12.5 11.966
12.5 11.9
12.5 11.96
12.5 12.132
12.5 12.038
12.5 12.116
12.5 12.008
12.5 11.892
12.5 12.11
12.5 12.014
12.5 12.066
12.5 11.986
12.5 12.086
12.5 12.03
12.5 12.118
12.5 12.186
12.5 12.032
12.5 11.976
12.5 12.222
12.5 12.076
12.5 11.928
12.5 11.978
12.5 12.016
12.5 11.982
12.5 11.984
12.5 11.942
12.5 12.242
12.5 12.034
100
11.5 3.672
11.5 8.486
12.0 9.178
12.0 10.426
12.5 10.594
12.5 10.804
12.5 11.624
13.0 10.102
13.0 11.068
13.0 11.58
13.5 11.922
13.5 12.248
13.5 12.496
13.5 12.76
13.5 12.85
13.5 13.08
13.5 12.994
13.5 13.0
13.5 13.026
13.5 12.862
13.5 13.1
13.5 13.112
13.5 12.784
13.5 12.706
13.5 13.11
13.5 13.054
13.5 12.886
13.5 12.696
13.5 12.928
13.5 13.0
13.5 12.986
13.5 13.108
13.5 13.152
13.5 12.876
13.5 12.914
13.5 12.814
13.5 12.98
13.5 13.232
13.5 13.014
13.5 13.19
13.5 13.0
13.5 13.048
13.5 13.018
13.5 12.9
13.5 13.052
13.5 12.918
13.5 12.764
13.5 12.842
13.5 12.82
13.5 13.068
13.5 13.018
13.5 12.746
13.5 12.974
13.5 13.086
13.5 12.782
13.5 12.978
13.5 12.992
13.5 13.134
13.5 12.94
13.5 13.03
13.5 13.064
13.5 12.842
13.5 13.252
13.5 13.058
13.5 13.136
13.5 13.122
13.5 13.032
13.5 12.826
13.5 12.98
13.5 13.126
13.5 12.99
13.5 13.01
13.5 12.974
13.5 13.162
13.5 13.08
13.5 12.892
13.5 13.098
13.5 12.918
13.5 13.142
13.5 12.982
13.5 13.148
13.5 12.966
13.5 13.114
13.5 12.978
13.5 12.692
13.5 12.89
13.5 13.154
13.5 12.976
13.5 12.958
13.5 12.592
13.5 13.022
13.5 12.89
13.5 13.066
13.5 13.25
13.5 13.016
13.5 13.052
13.5 13.044
13.5 12.848
13.5 13.052
13.5 12.856
100
11.5 4.27
11.5 8.534
12.0 8.98
12.5 10.34
12.5 9.972
12.5 10.764
12.5 11.102
12.5 11.352
13.0 11.43
13.0 11.342
13.0 11.582
13.5 10.894
13.5 12.082
13.5 12.202
13.5 12.49
13.5 12.946
13.5 12.722
13.5 12.934
13.5 12.842
13.5 12.966
13.5 12.794
13.5 12.712
13.5 13.104
13.5 12.944
13.5 12.994
13.5 13.04
13.5 12.922
13.5 13.054
13.5 13.164
13.5 13.192
13.5 12.956
13.5 12.938
13.5 13.054
13.5 12.996
13.5 12.864
13.5 13.01
13.5 13.18
13.5 13.004
13.5 13.044
13.5 12.78
13.5 12.998
13.5 13.19
13.5 12.788
13.5 12.984
13.5 13.116
13.5 13.164
13.5 12.942
13.5 12.996
13.5 12.876
13.5 12.878
13.5 12.944
13.5 12.69
13.5 13.008
13.5 13.074
13.5 13.008
13.5 13.134
13.5 12.898
13.5 12.824
13.5 12.826
13.5 13.056
13.5 12.918
13.5 12.98
13.5 12.98
13.5 12.96
13.5 12.906
13.5 13.086
13.5 12.916
13.5 13.16
13.5 13.152
13.5 13.086
13.5 12.814
13.5 12.984
13.5 12.884
13.5 12.922
13.5 12.984
13.5 12.95
13.5 13.178
13.5 13.102
13.5 13.244
13.5 13.194
13.5 13.092
13.5 12.942
13.5 13.14
13.5 12.764
13.5 13.172
13.5 12.906
13.5 13.228
13.5 13.28
13.5 13.11
13.5 13.048
13.5 13.088
13.5 12.97
13.5 12.82
13.5 12.708
13.5 12.812
13.5 13.074
13.5 13.128
13.5 13.058
13.5 12.994
13.5 12.972
100
10.5 3.292
10.5 8.272
11.5 9.236
12.0 9.796
12.5 10.04
12.5 10.556
12.5 10.578
12.5 10.942
12.5 11.116
12.5 11.686
12.5 11.888
13.0 11.944
13.0 11.784
13.0 11.8
13.0 11.934
13.0 11.416
13.0 11.756
13.0 11.878
13.0 11.83
13.0 12.318
13.0 12.406
13.0 12.396
13.0 12.41
13.0 12.17
13.0 12.71
13.0 12.57
13.0 12.498
13.0 12.546
13.0 12.546
13.0 12.564
13.0 12.616
13.0 12.504
13.0 12.356
13.0 12.254
13.0 12.688
13.0 12.546
13.0 12.296
13.0 12.482
13.0 12.542
13.0 12.5
13.0 12.586
13.0 12.632
13.0 12.524
13.0 12.222
13.0 12.668
13.0 12.308
13.0 12.652
13.0 12.334
13.0 12.386
13.0 12.66
13.0 12.638
13.0 12.5
13.0 12.566
13.0 12.54
13.0 12.702
13.0 12.666
13.0 12.524
13.0 12.594
13.0 12.522
13.0 12.29
13.0 12.484
13.0 12.534
13.0 12.566
13.0 12.558
13.0 12.538
13.0 12.688
13.0 12.316
13.0 12.47
13.0 12.558
13.0 12.562
13.0 12.304
13.0 12.468
13.0 12.608
13.0 12.254
13.0 12.548
13.0 12.616
13.0 12.61
13.0 12.498
13.0 12.548
13.0 12.518
13.0 12.612
13.0 12.458
13.0 12.632
13.0 12.692
13.0 12.622
13.0 12.432
13.0 12.592
13.0 12.66
13.0 12.598
13.0 12.41
13.0 12.508
13.0 12.522
13.0 12.552
13.0 12.636
13.0 12.522
13.0 12.648
13.0 12.456
13.0 12.552
13.0 12.568
13.0 12.678

Individual: [1, 2, 4, 5, 8, 13, 16, 17, 19, 20]
   Fitness: 13.0
     Total: 10
Violations: 2 2

Individual: [1, 2, 6, 7, 9, 14, 15, 18, 20]
   Fitness: 13.5
     Total: 9
Violations: 0 0

Individual: [1, 2, 4, 5, 10, 12, 13, 17, 18, 20]
   Fitness: 13.0
     Total: 10
Violations: 2 2

Individual: [1, 2, 4, 5, 7, 14, 15, 16, 19, 20]
   Fitness: 13.0
     Total: 10
Violations: 2 2

Individual: [1, 2, 4, 5, 7, 14, 15, 18, 19, 20]
   Fitness: 13.0
     Total: 10
Violations: 2 2

Individual: [1, 2, 3, 6, 7, 14, 16, 17, 19, 20]
   Fitness: 13.0
     Total: 10
Violations: 2 2

Individual: [1, 2, 6, 8, 12, 13, 17, 19, 20]
   Fitness: 12.5
     Total: 9
Violations: 1 1

Individual: [1, 2, 6, 7, 9, 14, 15, 18, 20]
   Fitness: 13.5
     Total: 9
Violations: 0 0

Individual: [1, 2, 6, 7, 9, 14, 15, 18, 20]
   Fitness: 13.5
     Total: 9
Violations: 0 0

Individual: [1, 2, 5, 6, 7, 14, 16, 17, 19, 20]
   Fitness: 13.0
     Total: 10
Violations: 2 2
