10
50
11.0 3.604
11.0 6.432
11.5 7.18
11.5 7.3
11.5 6.712
12.5 6.036
12.5 6.252
13.0 6.526
13.0 6.752
13.0 6.662
13.0 6.718
13.0 6.876
13.0 7.03
13.0 6.538
13.0 6.994
13.0 6.554
13.0 7.0
13.0 7.272
13.0 6.756
13.0 6.928
13.0 6.694
13.0 6.684
13.0 7.03
13.0 6.792
13.0 7.244
13.0 6.878
13.0 7.234
13.0 6.592
13.0 7.188
13.0 7.226
13.0 7.116
13.0 7.27
13.0 7.102
13.0 6.886
13.0 6.624
13.0 6.168
13.0 6.808
13.0 7.57
13.0 6.946
13.0 7.058
13.0 7.196
13.0 6.66
13.0 7.088
13.0 7.186
13.0 7.204
13.0 7.188
13.0 6.828
13.0 6.912
13.0 6.856
13.0 7.33
50
10.0 3.548
11.5 7.074
12.0 6.588
12.0 7.096
12.0 6.776
12.5 7.008
12.5 6.48
12.5 6.758
12.5 6.978
12.5 6.884
12.5 6.832
12.5 6.726
12.5 7.214
12.5 6.468
12.5 6.944
12.5 6.664
13.0 7.304
13.0 6.988
13.0 6.828
13.0 7.268
13.0 7.014
13.0 6.156
13.0 7.336
13.0 7.042
13.0 7.372
13.0 7.002
13.0 6.502
13.0 7.076
13.0 6.974
13.0 6.666
13.0 7.014
13.0 7.046
13.0 6.928
13.0 6.958
13.0 6.688
13.0 7.008
13.0 6.564
13.0 6.574
13.0 6.898
13.0 7.208
13.0 6.006
13.0 6.502
13.0 7.128
13.0 7.45
13.0 6.954
13.0 7.37
13.0 6.928
13.0 7.278
13.0 6.524
13.0 7.24
50
11.0 4.1
11.0 6.736
12.5 7.156
12.5 7.204
12.5 7.32
12.5 6.582
12.5 7.112
12.5 6.316
12.5 6.86
12.5 6.892
12.5 6.482
12.5 6.744
13.0 6.87
13.0 6.364
13.0 6.706
13.0 7.032
13.0 7.154
13.0 6.716
13.0 7.66
13.0 7.188
13.0 6.358
13.0 7.142
13.0 7.004
13.0 7.204
13.0 7.334
13.0 6.902
13.0 6.758
13.0 6.708
13.0 7.034
13.0 7.266
13.0 7.046
13.0 7.008
13.0 6.874
13.0 7.7
13.0 7.184
13.0 6.354
13.0 7.516
13.0 7.38
13.0 6.888
13.0 7.562
13.0 7.346
13.0 7.27
13.0 7.14
13.0 7.224
13.0 7.086
13.0 7.262
13.0 7.2
13.0 6.954
13.0 6.642
13.0 7.028
50
11.5 3.43
11.5 6.644
11.5 6.964
12.0 6.854
12.5 7.322
12.5 6.442
12.5 6.926
12.5 6.272
12.5 5.958
12.5 7.222
12.5 6.86
12.5 7.156
12.5 6.886
12.5 6.808
12.5 7.046
12.5 6.764
12.5 6.518
12.5 6.862
12.5 7.076
12.5 6.518
12.5 6.774
12.5 6.726
12.5 6.662
12.5 7.072
12.5 7.048
12.5 7.098
13.0 6.708
13.0 7.156
13.0 6.872
13.0 7.01
13.0 6.686
13.0 6.584
13.0 7.424
13.0 6.87
13.0 7.208
13.0 6.898
13.0 7.018
13.0 7.218
13.0 6.532
13.0 6.848
13.0 7.514
13.0 7.164
13.0 6.902
13.0 7.322
13.0 6.818
13.0 6.582
13.0 6.92
13.0 6.95
13.0 7.22
13.0 6.74
50
11.5 3.62
11.5 6.446
11.5 6.66
12.0 6.858
12.0 7.016
12.0 7.036
12.0 6.7
12.0 7.056
12.0 7.05
12.0 7.174
12.0 6.944
12.5 6.554
12.5 6.558
12.5 6.818
12.5 5.812
12.5 6.782
12.5 6.706
12.5 6.602
12.5 6.868
12.5 6.144
12.5 6.726
12.5 6.85
12.5 6.604
12.5 6.918
12.5 6.398
12.5 7.036
12.5 6.736
12.5 7.384
12.5 6.87
12.5 7.018
12.5 6.74
12.5 6.694
12.5 6.978
12.5 6.82
12.5 6.972
12.5 7.184
12.5 7.12
13.5 6.882
13.5 6.748
13.5 6.334
13.5 6.64
13.5 7.202
13.5 7.192
13.5 6.992
13.5 7.432
13.5 7.128
13.5 6.62
13.5 7.436
13.5 6.806
13.5 6.938
50
11.5 4.174
12.5 6.486
12.5 7.028
12.5 7.016
12.5 6.52
12.5 6.876
12.5 6.746
12.5 6.794
12.5 6.816
12.5 6.738
12.5 6.814
12.5 7.532
12.5 6.628
12.5 6.908
12.5 7.164
12.5 7.148
12.5 7.004
12.5 6.752
12.5 6.684
12.5 6.254
12.5 7.306
12.5 7.21
12.5 6.93
12.5 6.942
12.5 7.112
12.5 7.0
12.5 7.082
12.5 6.87
12.5 7.512
12.5 7.286
12.5 6.958
12.5 6.854
12.5 6.356
13.0 7.27
13.0 7.304
13.0 7.714
13.0 6.986
13.0 6.692
13.0 6.512
13.0 6.606
13.0 6.874
13.0 6.964
13.0 6.714
13.0 6.724
13.0 6.746
13.0 7.018
13.0 7.026
13.0 6.924
13.0 7.074
13.0 6.398
50
11.0 3.74
11.5 5.884
11.5 6.372
12.5 6.874
12.5 6.712
13.0 6.902
13.0 6.254
13.0 6.666
13.0 6.77
13.0 6.704
13.0 7.094
13.0 7.024
13.0 6.736
13.0 6.994
13.0 6.96
13.0 7.06
13.0 7.24
13.0 7.036
13.0 6.844
13.0 6.748
13.0 6.364
13.0 7.374
13.0 7.368
13.0 6.254
13.0 6.848
13.0 6.964
13.0 7.266
13.0 6.818
13.0 6.942
13.0 6.764
13.0 6.574
13.0 7.182
13.0 6.434
13.0 6.78
13.0 6.95
13.0 7.262
13.0 7.06
13.0 7.114
13.0 7.352
13.0 6.416
13.0 7.04
13.0 6.966
13.0 6.712
13.0 6.856
13.0 7.206
13.0 6.902
13.0 6.504
13.0 6.326
13.0 7.04
13.0 7.194
50
13.0 4.018
13.0 6.622
13.0 6.844
13.0 6.848
13.0 6.55
13.0 6.792
13.0 6.576
13.0 6.912
13.0 6.71
13.0 7.152
13.0 6.714
13.0 6.712
13.0 6.582
13.0 6.73
13.0 6.934
13.0 6.378
13.0 7.08
13.0 6.252
13.0 6.962
13.0 7.32
13.0 6.536
13.0 6.836
13.0 6.852
13.0 6.986
13.0 6.97
13.0 6.68
13.0 7.314
13.0 6.736
13.0 7.112
13.0 7.29
13.0 6.836
13.0 7.198
13.0 7.08
13.0 6.828
13.0 7.058
13.0 7.37
13.0 6.878
13.0 6.8
13.0 6.726
13.0 7.036
13.0 7.034
13.0 7.326
13.0 7.02
13.0 7.198
13.0 7.058
13.0 6.952
13.0 7.052
13.0 6.798
13.0 7.33
13.0 6.922
50
11.5 3.752
12.0 6.588
12.0 6.782
12.0 6.69
12.0 6.6
12.0 6.802
12.0 7.388
12.0 6.956
12.0 6.374
12.5 6.908
12.5 6.562
12.5 6.792
12.5 6.75
12.5 7.032
12.5 7.27
12.5 6.808
12.5 6.494
12.5 7.006
12.5 6.91
12.5 6.886
12.5 6.264
12.5 6.936
12.5 6.826
12.5 6.868
12.5 7.55
12.5 6.612
12.5 7.326
12.5 6.912
12.5 6.314
12.5 6.944
12.5 6.938
12.5 6.82
12.5 7.04
12.5 6.584
12.5 6.688
12.5 6.984
12.5 6.81
12.5 6.914
12.5 7.28
12.5 6.61
12.5 7.368
12.5 7.256
12.5 7.076
12.5 6.496
12.5 7.252
12.5 7.438
12.5 7.31
12.5 6.556
12.5 7.208
12.5 7.42
50
10.5 4.262
12.0 6.68
12.0 6.268
12.5 6.936
12.5 6.554
12.5 6.544
12.5 6.616
12.5 7.104
12.5 6.788
12.5 6.982
12.5 7.036
12.5 7.076
12.5 6.088
12.5 6.792
12.5 6.432
12.5 7.288
12.5 7.374
12.5 6.534
12.5 6.942
12.5 7.262
12.5 7.274
12.5 7.196
12.5 6.836
12.5 6.958
12.5 7.278
12.5 6.862
12.5 6.88
12.5 7.192
12.5 6.808
12.5 7.028
12.5 6.914
12.5 6.896
12.5 7.056
12.5 6.642
12.5 7.264
12.5 6.88
12.5 7.132
12.5 7.072
12.5 7.08
12.5 7.314
12.5 7.056
12.5 6.976
12.5 6.72
12.5 6.8
12.5 7.016
12.5 6.818
12.5 7.22
12.5 6.472
13.0 6.952
13.0 7.148

Individual: [1, 2, 4, 5, 10, 11, 13, 14, 19, 20]
   Fitness: 13.0
     Total: 10
Violations: 2 2

Individual: [1, 2, 4, 7, 8, 11, 16, 17, 19, 20]
   Fitness: 13.0
     Total: 10
Violations: 2 2

Individual: [1, 2, 4, 5, 11, 13, 14, 16, 19, 20]
   Fitness: 13.0
     Total: 10
Violations: 2 2

Individual: [1, 2, 4, 5, 7, 14, 16, 17, 19, 20]
   Fitness: 13.0
     Total: 10
Violations: 2 2

Individual: [1, 2, 6, 7, 9, 14, 15, 18, 20]
   Fitness: 13.5
     Total: 9
Violations: 0 0

Individual: [1, 2, 6, 7, 9, 14, 15, 17, 18, 20]
   Fitness: 13.0
     Total: 10
Violations: 2 2

Individual: [1, 2, 5, 6, 7, 14, 16, 17, 19, 20]
   Fitness: 13.0
     Total: 10
Violations: 2 2

Individual: [1, 2, 4, 8, 11, 13, 16, 17, 19, 20]
   Fitness: 13.0
     Total: 10
Violations: 2 2

Individual: [2, 4, 7, 8, 11, 16, 17, 19, 20]
   Fitness: 12.5
     Total: 9
Violations: 1 1

Individual: [1, 2, 5, 6, 7, 14, 15, 17, 18, 20]
   Fitness: 13.0
     Total: 10
Violations: 2 2
