10
100
11.5 3.852
11.5 7.618
12.5 8.454
12.5 8.974
12.5 8.92
13.0 9.452
13.0 10.206
13.0 10.302
13.0 10.256
13.0 10.284
13.0 10.366
13.0 10.666
13.0 10.55
13.0 10.972
13.0 10.558
13.0 10.664
13.0 10.468
13.0 10.66
13.0 10.23
13.0 10.964
13.0 11.098
13.0 10.384
13.0 10.912
13.0 10.376
13.0 10.154
13.0 10.712
13.0 10.954
13.0 10.794
13.0 11.086
13.0 10.936
13.0 10.222
13.0 10.85
13.0 10.866
13.0 10.976
13.0 10.83
13.0 10.96
13.0 10.54
13.0 10.924
13.0 10.618
13.0 11.114
13.0 10.718
13.0 10.962
13.0 10.722
13.0 10.406
13.0 10.556
13.0 10.714
13.0 10.876
13.0 10.804
13.0 10.616
13.0 10.642
13.0 10.74
13.0 10.376
13.0 10.718
13.0 11.008
13.0 10.662
13.0 10.608
13.0 10.194
13.0 10.752
13.0 10.864
13.0 10.52
13.0 10.198
13.0 10.778
13.0 10.812
13.0 11.05
13.0 10.912
13.0 10.892
13.0 10.292
13.0 10.458
13.0 11.112
13.0 10.716
13.0 10.66
13.0 10.812
13.0 10.786
13.0 10.59
13.0 10.43
13.0 10.314
13.0 10.574
13.0 10.718
13.0 10.746
13.0 10.914
13.0 10.79
13.0 10.594
13.0 10.982
13.0 10.252
13.0 10.852
13.0 10.816
13.0 10.736
13.0 10.736
13.0 10.976
13.0 10.86
13.0 10.472
13.0 10.748
13.0 10.698
13.0 10.75
13.0 10.714
13.0 10.856
13.0 11.014
13.0 9.95
13.0 10.718
13.0 10.354
100
11.5 2.504
12.0 7.584
12.5 8.544
12.5 9.214
13.0 9.06
13.5 9.576
13.5 9.87
13.5 10.774
13.5 10.616
13.5 11.088
13.5 10.992
13.5 10.55
13.5 11.172
13.5 11.106
13.5 10.988
13.5 11.454
13.5 11.402
13.5 10.916
13.5 11.196
13.5 11.32
13.5 11.208
13.5 11.036
13.5 10.694
13.5 11.16
13.5 11.266
13.5 11.016
13.5 11.262
13.5 11.15
13.5 11.188
13.5 11.096
13.5 11.25
13.5 11.228
13.5 11.31
13.5 11.024
13.5 11.208
13.5 11.202
13.5 11.024
13.5 10.72
13.5 10.862
13.5 11.114
13.5 11.182
13.5 11.094
13.5 11.278
13.5 11.61
13.5 11.234
13.5 11.19
13.5 11.174
13.5 10.932
13.5 11.398
13.5 11.204
13.5 10.91
13.5 11.394
13.5 11.576
13.5 11.31
13.5 11.466
13.5 11.306
13.5 11.332
13.5 11.444
13.5 10.972
13.5 11.092
13.5 11.396
13.5 11.472
13.5 10.784
13.5 11.276
13.5 11.564
13.5 11.268
13.5 11.412
13.5 11.2
13.5 11.38
13.5 10.958
13.5 10.844
13.5 11.576
13.5 11.714
13.5 11.474
13.5 11.204
13.5 11.434
13.5 11.342
13.5 10.852
13.5 11.202
13.5 11.064
13.5 11.634
13.5 11.526
13.5 11.322
13.5 11.252
13.5 11.238
13.5 11.162
13.5 11.26
13.5 11.794
13.5 11.108
13.5 11.438
13.5 11.536
13.5 11.496
13.5 11.652
13.5 11.264
13.5 10.654
13.5 11.024
13.5 11.404
13.5 11.102
13.5 11.012
13.5 11.504
100
11.5 4.042
11.5 7.446
12.5 8.554
12.5 8.556
13.0 9.164
13.0 9.958
13.0 10.11
13.0 10.526
13.0 10.744
13.0 10.81
13.0 10.75
13.0 10.994
13.0 10.79
13.0 10.54
13.0 10.696
13.0 10.352
13.0 10.758
13.0 10.52
13.0 10.786
13.0 10.656
13.0 11.26
13.0 11.118
13.0 10.674
13.0 10.698
13.5 10.774
13.5 10.31
13.5 10.694
13.5 10.95
13.5 11.048
13.5 11.048
13.5 10.874
13.5 11.024
13.5 10.922
13.5 10.874
13.5 11.014
13.5 10.898
13.5 11.064
13.5 11.404
13.5 11.254
13.5 11.266
13.5 11.254
13.5 11.308
13.5 11.644
13.5 11.266
13.5 11.114
13.5 10.938
13.5 11.312
13.5 11.202
13.5 11.434
13.5 11.626
13.5 11.212
13.5 11.622
13.5 11.648
13.5 11.462
13.5 11.284
13.5 11.376
13.5 11.278
13.5 11.34
13.5 11.446
13.5 11.294
13.5 11.202
13.5 11.252
13.5 11.306
13.5 11.438
13.5 11.228
13.5 11.61
13.5 11.356
13.5 11.47
13.5 11.614
13.5 11.134
13.5 10.99
13.5 11.16
13.5 11.21
13.5 11.426
13.5 10.968
13.5 11.136
13.5 11.49
13.5 11.722
13.5 11.402
13.5 11.298
13.5 11.094
13.5 11.318
13.5 11.306
13.5 11.248
13.5 10.99
13.5 11.294
13.5 11.476
13.5 11.024
13.5 10.998
13.5 11.466
13.5 11.114
13.5 11.166
13.5 11.158
13.5 11.12
13.5 11.308
13.5 10.95
13.5 11.436
13.5 11.306
13.5 11.436
13.5 11.038
100
11.0 4.062
12.5 7.822
12.5 8.342
12.5 9.256
13.0 9.474
13.0 9.934
13.0 10.048
13.0 9.82
13.5 9.896
13.5 10.332
13.5 10.418
13.5 10.392
13.5 10.706
13.5 10.728
13.5 11.08
13.5 11.09
13.5 10.496
13.5 10.668
13.5 11.394
13.5 11.378
13.5 11.422
13.5 11.338
13.5 11.63
13.5 11.448
13.5 11.49
13.5 11.212
13.5 11.568
13.5 11.672
13.5 11.802
13.5 11.412
13.5 11.72
13.5 11.372
13.5 11.382
13.5 11.132
13.5 10.964
13.5 11.436
13.5 11.156
13.5 11.092
13.5 11.224
13.5 11.002
13.5 11.172
13.5 11.204
13.5 10.63
13.5 11.4
13.5 11.496
13.5 11.108
13.5 11.236
13.5 11.458
13.5 11.46
13.5 11.33
13.5 11.202
13.5 10.62
13.5 11.384
13.5 11.296
13.5 11.514
13.5 11.458
13.5 11.186
13.5 11.04
13.5 11.402
13.5 11.38
13.5 11.49
13.5 10.858
13.5 11.482
13.5 11.298
13.5 10.87
13.5 11.042
13.5 11.398
13.5 11.068
13.5 10.932
13.5 10.772
13.5 11.234
13.5 11.478
13.5 10.576
13.5 10.902
13.5 11.178
13.5 11.08
13.5 11.032
13.5 11.15
13.5 11.398
13.5 11.208
13.5 11.248
13.5 11.452
13.5 11.188
13.5 11.006
13.5 11.29
13.5 11.4
13.5 11.424
13.5 11.302
13.5 10.936
13.5 11.114
13.5 11.422
13.5 11.21
13.5 11.408
13.5 11.464
13.5 11.6
13.5 11.286
13.5 11.53
13.5 11.616
13.5 11.494
13.5 11.07
100
11.5 3.998
12.0 7.926
12.5 8.544
12.5 9.122
12.5 8.9
13.0 10.25
13.0 10.26
13.0 10.232
13.0 10.528
13.0 10.438
13.5 10.874
13.5 10.898
13.5 10.714
13.5 10.7
13.5 10.434
13.5 10.542
13.5 10.948
13.5 11.024
13.5 10.674
13.5 10.746
13.5 11.05
13.5 11.35
13.5 11.344
13.5 11.026
13.5 11.292
13.5 11.452
13.5 11.556
13.5 11.532
13.5 11.514
13.5 11.496
13.5 11.472
13.5 11.092
13.5 11.266
13.5 11.204
13.5 11.658
13.5 10.936
13.5 11.49
13.5 11.178
13.5 11.09
13.5 11.452
13.5 11.192
13.5 11.408
13.5 11.052
13.5 11.046
13.5 11.344
13.5 11.06
13.5 10.722
13.5 10.832
13.5 11.49
13.5 10.958
13.5 11.38
13.5 11.47
13.5 11.088
13.5 11.474
13.5 11.428
13.5 11.372
13.5 11.136
13.5 10.758
13.5 11.4
13.5 11.26
13.5 11.374
13.5 11.466
13.5 11.204
13.5 11.156
13.5 11.176
13.5 11.322
13.5 11.378
13.5 11.046
13.5 11.192
13.5 10.88
13.5 11.76
13.5 11.16
13.5 11.488
13.5 11.602
13.5 11.344
13.5 11.274
13.5 11.48
13.5 11.394
13.5 11.236
13.5 10.966
13.5 11.594
13.5 10.586
13.5 11.412
13.5 10.944
13.5 11.182
13.5 11.05
13.5 11.096
13.5 11.364
13.5 11.28
13.5 11.168
13.5 11.45
13.5 11.164
13.5 10.948
13.5 11.062
13.5 11.036
13.5 11.254
13.5 11.33
13.5 11.018
13.5 11.32
13.5 11.51
100
11.5 3.728
11.5 7.522
12.0 8.048
12.5 9.022
12.5 8.972
12.5 9.798
13.0 10.33
13.0 10.032
13.0 10.422
13.0 10.508
13.0 10.846
13.0 10.544
13.0 10.69
13.0 10.224
13.0 10.554
13.0 10.692
13.0 11.11
13.0 10.474
13.0 10.852
13.0 10.82
13.0 10.892
13.0 10.964
13.0 10.984
13.0 10.974
13.0 10.612
13.0 10.722
13.0 10.992
13.0 10.766
13.0 11.072
13.0 10.838
13.0 10.986
13.0 10.606
13.0 10.984
13.0 10.936
13.0 10.64
13.0 10.574
13.0 11.084
13.0 10.912
13.0 10.89
13.0 10.334
13.0 10.752
13.0 10.52
13.0 11.092
13.0 10.976
13.0 10.61
13.0 10.73
13.0 10.86
13.0 10.93
13.0 10.606
13.0 10.708
13.0 10.858
13.0 10.952
13.0 11.384
13.0 10.804
13.0 11.072
13.0 10.62
13.0 10.636
13.0 10.898
13.0 10.904
13.0 10.962
13.0 10.952
13.0 10.808
13.0 10.96
13.0 10.77
13.0 11.136
13.0 10.692
13.0 10.624
13.0 10.962
13.0 10.98
13.0 11.046
13.0 10.896
13.0 11.272
13.0 10.796
13.0 10.796
13.0 10.742
13.0 10.766
13.0 10.78
13.0 11.184
13.0 10.274
13.0 10.476
13.0 10.446
13.0 10.9
13.0 10.196
13.0 10.762
13.0 10.964
13.0 11.172
13.0 10.894
13.0 10.768
13.0 11.044
13.0 10.938
13.0 10.922
13.0 10.392
13.0 10.984
13.0 10.952
13.0 10.794
13.0 10.866
13.0 11.098
13.0 11.074
13.0 10.628
13.0 10.864
100
11.5 3.54
12.5 7.74
12.5 8.454
12.5 9.344
13.0 9.792
13.0 9.75
13.0 10.178
13.0 10.606
13.0 10.0
13.0 10.274
13.0 10.844
13.0 10.422
13.0 10.248
13.0 10.41
13.0 10.57
13.0 10.508
13.0 9.968
13.0 10.466
13.0 10.446
13.0 10.332
13.0 10.744
13.0 10.896
13.0 10.772
13.0 10.776
13.0 10.752
13.0 10.984
13.0 10.626
13.0 10.464
13.0 10.792
13.0 10.066
13.0 10.942
13.0 10.816
13.0 10.488
13.0 10.114
13.0 10.744
13.0 10.944
13.0 11.058
13.0 10.994
13.0 10.704
13.0 10.764
13.0 10.578
13.0 11.116
13.0 10.872
13.0 10.468
13.0 11.124
13.0 10.716
13.0 10.798
13.0 10.958
13.0 11.0
13.0 10.756
13.0 10.502
13.0 11.176
13.0 10.74
13.0 10.714
13.0 10.988
13.0 10.858
13.0 10.914
13.0 10.986
13.0 10.82
13.0 10.65
13.0 10.852
13.0 10.474
13.0 10.67
13.0 10.37
13.0 10.9
13.0 10.94
13.0 10.81
13.0 10.974
13.0 10.712
13.0 11.042
13.0 10.754
13.0 10.686
13.0 10.35
13.0 10.558
13.0 10.398
13.0 10.376
13.0 10.126
13.0 10.916
13.0 10.436
13.0 10.638
13.0 10.952
13.0 11.084
13.0 10.876
13.0 10.502
13.0 10.748
13.0 10.704
13.0 10.694
13.0 10.526
13.0 10.428
13.0 10.65
13.0 10.812
13.0 10.804
13.0 10.892
13.0 11.19
13.0 11.154
13.0 10.774
13.0 11.02
13.0 10.768
13.0 10.958
13.0 10.732
100
11.5 3.748
11.5 7.672
12.5 8.6
12.5 9.02
13.0 9.19
13.0 10.106
13.0 10.33
13.0 10.308
13.0 10.612
13.0 10.472
13.0 10.654
13.0 10.274
13.0 10.696
13.0 10.512
13.0 10.634
13.0 10.662
13.0 10.494
13.0 9.898
13.0 11.094
13.0 10.982
13.0 10.788
13.0 10.51
13.0 11.082
13.0 10.638
13.0 10.894
13.0 10.722
13.0 10.952
13.0 10.884
13.0 10.408
13.0 10.408
13.0 10.718
13.0 10.648
13.0 10.722
13.0 10.472
13.0 10.548
13.0 10.736
13.0 10.476
13.0 10.718
13.0 10.752
13.0 11.01
13.0 10.966
13.0 11.14
13.0 11.01
13.0 10.716
13.0 10.534
13.0 11.0
13.0 10.578
13.0 10.776
13.0 10.736
13.0 10.976
13.0 10.696
13.0 10.206
13.0 10.512
13.0 10.394
13.0 10.53
13.0 10.518
13.0 10.56
13.0 10.542
13.0 10.726
13.0 10.772
13.0 10.948
13.0 10.954
13.0 10.99
13.0 10.582
13.0 11.034
13.0 10.732
13.0 10.78
13.0 10.804
13.0 11.056
13.0 10.042
13.0 10.74
13.0 10.866
13.0 10.892
13.0 10.6
13.0 10.796
13.0 10.284
13.0 10.792
13.0 10.746
13.0 10.702
13.0 10.274
13.0 10.366
13.0 11.076
13.0 10.44
13.0 10.808
13.0 10.654
13.0 10.752
13.0 10.786
13.0 10.432
13.0 10.754
13.0 10.956
13.0 10.852
13.0 11.15
13.0 10.886
13.0 10.738
13.0 10.46
13.0 10.72
13.0 10.57
13.0 11.178
13.0 10.906
13.0 11.086
100
11.0 3.758
11.0 7.498
13.0 8.38
13.0 8.608
13.0 9.214
13.0 9.788
13.0 9.82
13.0 10.42
13.0 10.018
13.0 10.766
13.0 10.8
13.0 10.662
13.0 10.616
13.0 9.876
13.0 10.896
13.0 10.872
13.0 10.066
13.0 10.756
13.0 10.968
13.0 10.96
13.0 11.102
13.0 10.864
13.0 11.014
13.0 10.538
13.0 10.896
13.0 10.696
13.0 10.426
13.0 10.256
13.0 10.754
13.0 10.932
13.0 11.15
13.0 11.116
13.0 10.912
13.0 11.142
13.0 10.454
13.0 10.866
13.0 10.594
13.0 10.836
13.0 10.57
13.0 10.972
13.0 10.986
13.0 10.688
13.0 11.096
13.0 10.548
13.0 10.654
13.0 10.95
13.0 10.798
13.0 10.716
13.0 11.118
13.0 11.334
13.0 10.704
13.0 10.91
13.0 10.724
13.0 10.71
13.0 10.826
13.0 11.178
13.0 11.008
13.0 10.836
13.0 10.498
13.0 10.952
13.0 10.398
13.0 10.69
13.0 10.76
13.0 10.488
13.0 10.646
13.0 10.71
13.0 10.818
13.0 10.856
13.0 10.848
13.0 10.318
13.0 10.77
13.0 10.656
13.0 10.676
13.0 10.916
13.0 10.926
13.0 10.658
13.0 10.792
13.0 10.966
13.0 11.046
13.0 10.804
13.0 10.94
13.0 10.962
13.0 10.83
13.0 11.268
13.0 11.274
13.0 10.898
13.0 10.69
13.0 10.818
13.0 10.694
13.0 10.558
13.0 10.432
13.0 11.152
13.0 11.238
13.0 10.736
13.0 10.764
13.0 11.004
13.0 10.336
13.0 10.638
13.0 10.246
13.0 10.65
100
11.0 4.004
13.0 7.71
13.0 8.778
13.0 8.924
13.0 8.56
13.5 9.554
13.5 9.26
13.5 9.874
13.5 10.382
13.5 10.538
13.5 10.822
13.5 11.134
13.5 11.234
13.5 11.262
13.5 11.614
13.5 11.152
13.5 11.178
13.5 11.284
13.5 11.688
13.5 11.442
13.5 11.352
13.5 11.06
13.5 11.006
13.5 11.2
13.5 11.492
13.5 11.542
13.5 11.032
13.5 10.96
13.5 11.404
13.5 11.336
13.5 11.416
13.5 11.328
13.5 11.036
13.5 11.23
13.5 11.286
13.5 11.248
13.5 11.372
13.5 11.194
13.5 11.362
13.5 11.43
13.5 11.166
13.5 11.678
13.5 11.356
13.5 11.764
13.5 11.088
13.5 11.558
13.5 11.342
13.5 11.352
13.5 11.062
13.5 11.866
13.5 11.31
13.5 11.194
13.5 11.476
13.5 10.918
13.5 11.018
13.5 11.356
13.5 11.418
13.5 11.592
13.5 11.07
13.5 10.734
13.5 11.3
13.5 11.072
13.5 11.136
13.5 11.152
13.5 11.732
13.5 11.764
13.5 11.444
13.5 10.742
13.5 11.164
13.5 10.88
13.5 10.97
13.5 11.1
13.5 11.56
13.5 11.028
13.5 11.288
13.5 11.248
13.5 11.254
13.5 11.37
13.5 11.256
13.5 10.95
13.5 11.512
13.5 11.142
13.5 11.21
13.5 11.318
13.5 11.088
13.5 11.422
13.5 11.654
13.5 11.596
13.5 11.152
13.5 11.152
13.5 11.284
13.5 11.16
13.5 11.312
13.5 10.932
13.5 11.438
13.5 11.016
13.5 11.244
13.5 11.446
13.5 11.538
13.5 10.99

Individual: [1, 2, 3, 6, 7, 14, 16, 17, 19, 20]
   Fitness: 13.0
     Total: 10
Violations: 2 2

Individual: [1, 2, 6, 7, 9, 14, 15, 18, 20]
   Fitness: 13.5
     Total: 9
Violations: 0 0

Individual: [1, 2, 6, 7, 9, 14, 15, 18, 20]
   Fitness: 13.5
     Total: 9
Violations: 0 0

Individual: [1, 3, 6, 7, 12, 14, 15, 19, 20]
   Fitness: 13.5
     Total: 9
Violations: 0 0

Individual: [1, 2, 6, 7, 9, 14, 15, 18, 20]
   Fitness: 13.5
     Total: 9
Violations: 0 0

Individual: [1, 2, 4, 5, 7, 8, 16, 17, 19, 20]
   Fitness: 13.0
     Total: 10
Violations: 2 2

Individual: [1, 2, 4, 5, 7, 14, 15, 17, 18, 20]
   Fitness: 13.0
     Total: 10
Violations: 2 2

Individual: [1, 2, 5, 7, 8, 10, 16, 17, 19, 20]
   Fitness: 13.0
     Total: 10
Violations: 2 2

Individual: [1, 2, 4, 5, 7, 8, 16, 17, 19, 20]
   Fitness: 13.0
     Total: 10
Violations: 2 2

Individual: [1, 2, 6, 7, 9, 14, 15, 18, 20]
   Fitness: 13.5
     Total: 9
Violations: 0 0
