10
50
11.5 3.836
12.0 7.446
12.5 8.622
12.5 9.363
13.0 10.028
13.0 10.426
13.0 10.946
13.0 11.364
13.0 11.698
13.0 12.17
13.0 12.376
13.0 12.491
13.0 12.477
13.0 12.563
13.0 12.634
13.0 12.519
13.0 12.667
13.0 12.678
13.0 12.654
13.0 12.621
13.0 12.641
13.0 12.643
13.0 12.559
13.0 12.636
13.0 12.671
13.0 12.653
13.0 12.571
13.0 12.573
13.0 12.636
13.0 12.711
13.0 12.644
13.0 12.687
13.0 12.558
13.0 12.718
13.0 12.69
13.0 12.649
13.0 12.613
13.0 12.598
13.0 12.643
13.0 12.595
13.0 12.731
13.0 12.683
13.0 12.665
13.0 12.689
13.0 12.737
13.0 12.687
13.0 12.629
13.0 12.726
13.0 12.73
13.0 12.687
50
11.0 3.802
12.0 7.271
13.0 8.701
13.0 9.546
13.0 10.162
13.0 10.762
13.0 11.263
13.0 11.519
13.0 11.962
13.0 11.725
13.0 12.01
13.0 12.089
13.0 12.059
13.0 12.285
13.0 12.315
13.0 12.379
13.0 12.383
13.0 12.463
13.0 12.334
13.0 12.362
13.0 12.541
13.0 12.374
13.0 12.513
13.0 12.603
13.0 12.637
13.0 12.525
13.0 12.645
13.0 12.596
13.0 12.632
13.0 12.576
13.0 12.654
13.0 12.717
13.0 12.528
13.0 12.589
13.0 12.671
13.0 12.634
13.0 12.62
13.0 12.653
13.0 12.639
13.0 12.666
13.0 12.608
13.0 12.598
13.0 12.715
13.0 12.682
13.0 12.657
13.0 12.607
13.0 12.597
13.0 12.696
13.0 12.561
13.0 12.661
50
11.5 3.501
11.5 7.207
12.0 8.626
12.5 9.527
12.5 10.116
13.0 10.515
13.0 10.929
13.0 11.344
13.0 11.656
13.0 11.842
13.0 11.945
13.0 12.287
13.0 12.242
13.0 12.293
13.0 12.342
13.0 12.435
13.0 12.529
13.0 12.482
13.0 12.607
13.0 12.549
13.0 12.483
13.0 12.643
13.0 12.586
13.0 12.623
13.0 12.604
13.0 12.7
13.0 12.585
13.0 12.548
13.0 12.729
13.0 12.709
13.0 12.61
13.0 12.682
13.0 12.641
13.0 12.69
13.0 12.63
13.0 12.682
13.0 12.615
13.0 12.506
13.0 12.646
13.0 12.59
13.0 12.647
13.0 12.597
13.0 12.687
13.0 12.649
13.0 12.577
13.0 12.619
13.0 12.545
13.0 12.673
13.0 12.631
13.0 12.543
50
12.0 3.988
12.0 7.645
12.5 8.94
13.0 9.507
13.0 10.192
13.0 10.688
13.0 11.068
13.0 11.482
13.0 11.848
13.0 12.091
13.0 12.249
13.0 12.267
13.0 12.489
13.0 12.568
13.0 12.634
13.0 12.591
13.0 12.529
13.0 12.526
13.0 12.551
13.0 12.458
13.0 12.562
13.0 12.559
13.0 12.624
13.0 12.604
13.0 12.539
13.0 12.594
13.0 12.505
13.0 12.672
13.0 12.534
13.0 12.466
13.0 12.539
13.0 12.605
13.0 12.628
13.0 12.617
13.0 12.526
13.0 12.592
13.0 12.518
13.0 12.67
13.0 12.662
13.0 12.583
13.0 12.594
13.0 12.51
13.0 12.568
13.0 12.633
13.0 12.59
13.0 12.633
13.0 12.534
13.0 12.553
13.0 12.545
13.0 12.488
50
11.5 3.906
12.5 7.443
12.5 8.654
12.5 9.343
12.5 10.049
12.5 10.418
13.0 10.903
13.0 11.146
13.0 11.498
13.5 11.698
13.5 11.855
13.5 11.91
13.5 11.964
13.5 12.294
13.5 12.401
13.5 12.623
13.5 12.843
13.5 13.058
13.5 13.184
13.5 13.073
13.5 13.213
13.5 13.124
13.5 13.264
13.5 13.178
13.5 13.099
13.5 13.114
13.5 13.243
13.5 13.183
13.5 13.131
13.5 13.093
13.5 13.138
13.5 13.207
13.5 13.162
13.5 13.167
13.5 13.093
13.5 13.145
13.5 13.186
13.5 13.231
13.5 13.18
13.5 13.206
13.5 13.197
13.5 13.167
13.5 13.025
13.5 13.147
13.5 13.227
13.5 13.132
13.5 13.175
13.5 13.158
13.5 13.052
13.5 13.143
50
12.0 3.385
12.0 7.238
12.5 8.721
12.5 9.545
12.5 10.218
13.0 10.692
13.0 11.184
13.0 11.396
13.0 11.663
13.0 12.049
13.0 12.21
13.0 12.355
13.0 12.439
13.0 12.391
13.0 12.541
13.0 12.543
13.0 12.508
13.0 12.677
13.0 12.586
13.0 12.664
13.0 12.627
13.0 12.66
13.0 12.563
13.0 12.726
13.0 12.644
13.0 12.674
13.0 12.624
13.0 12.665
13.0 12.661
13.0 12.611
13.0 12.565
13.0 12.711
13.0 12.659
13.0 12.725
13.0 12.624
13.0 12.724
13.0 12.663
13.0 12.589
13.0 12.66
13.0 12.632
13.0 12.583
13.0 12.559
13.0 12.548
13.0 12.55
13.0 12.63
13.0 12.597
13.0 12.668
13.0 12.648
13.0 12.595
13.0 12.714
50
11.0 3.459
11.0 7.359
12.5 8.674
13.0 9.399
13.0 9.888
13.0 10.461
13.0 11.019
13.0 11.297
13.0 11.777
13.0 11.988
13.0 12.125
13.0 12.216
13.0 12.169
13.0 12.231
13.0 12.467
13.0 12.403
13.0 12.508
13.0 12.506
13.0 12.455
13.0 12.478
13.0 12.448
13.0 12.576
13.0 12.556
13.0 12.565
13.0 12.466
13.0 12.534
13.0 12.526
13.0 12.509
13.0 12.513
13.0 12.537
13.0 12.575
13.0 12.534
13.0 12.536
13.0 12.577
13.0 12.616
13.0 12.56
13.0 12.637
13.0 12.633
13.0 12.568
13.0 12.55
13.0 12.668
13.0 12.588
13.0 12.618
13.0 12.573
13.0 12.701
13.0 12.651
13.0 12.605
13.0 12.614
13.0 12.574
13.0 12.678
50
10.5 3.73
11.5 7.466
12.5 8.617
13.0 9.128
13.0 9.762
13.0 10.314
13.0 10.873
13.0 11.355
13.5 11.71
13.5 11.856
13.5 12.118
13.5 12.112
13.5 12.235
13.5 12.387
13.5 12.296
13.5 12.218
13.5 12.434
13.5 12.523
13.5 12.652
13.5 12.975
13.5 13.134
13.5 13.14
13.5 13.1
13.5 13.152
13.5 13.143
13.5 13.149
13.5 13.132
13.5 13.149
13.5 13.188
13.5 13.138
13.5 12.992
13.5 13.162
13.5 13.112
13.5 13.099
13.5 13.162
13.5 13.144
13.5 13.137
13.5 13.069
13.5 13.133
13.5 13.209
13.5 13.165
13.5 13.218
13.5 13.114
13.5 13.111
13.5 13.203
13.5 13.197
13.5 13.192
13.5 13.219
13.5 13.161
13.5 13.105
50
11.5 3.805
12.5 7.331
12.5 8.674
13.0 9.534
13.0 10.247
13.0 10.812
13.0 11.21
13.0 11.657
13.0 11.963
13.0 12.172
13.0 12.245
13.0 12.236
13.0 12.177
13.0 12.294
13.0 12.324
13.0 12.355
13.0 12.422
13.0 12.306
13.0 12.298
13.0 12.316
13.0 12.456
13.0 12.37
13.0 12.431
13.0 12.412
13.0 12.55
13.0 12.507
13.0 12.451
13.0 12.543
13.0 12.556
13.0 12.513
13.0 12.555
13.0 12.676
13.0 12.539
13.0 12.623
13.0 12.524
13.0 12.494
13.0 12.533
13.0 12.592
13.0 12.594
13.0 12.499
13.0 12.518
13.0 12.534
13.0 12.634
13.0 12.437
13.0 12.569
13.0 12.628
13.0 12.581
13.0 12.63
13.0 12.627
13.0 12.539
50
11.0 3.68
12.5 7.271
13.0 8.585
13.0 9.383
13.0 9.977
13.0 10.721
13.0 11.455
13.0 12.022
13.0 12.302
13.0 12.42
13.5 12.518
13.5 12.499
13.5 12.539
13.5 12.628
13.5 12.705
13.5 12.625
13.5 12.702
13.5 12.783
13.5 12.915
13.5 13.04
13.5 13.177
13.5 13.033
13.5 13.161
13.5 13.139
13.5 13.176
13.5 13.243
13.5 13.139
13.5 13.126
13.5 13.186
13.5 13.098
13.5 13.172
13.5 13.135
13.5 13.112
13.5 13.198
13.5 13.184
13.5 13.098
13.5 13.179
13.5 13.146
13.5 13.162
13.5 13.165
13.5 13.132
13.5 13.112
13.5 13.211
13.5 13.189
13.5 13.198
13.5 13.247
13.5 13.2
13.5 12.989
13.5 13.19
13.5 13.155

Individual: [1, 2, 3, 6, 7, 14, 16, 17, 19, 20]
   Fitness: 13.0
     Total: 10
Violations: 2 2

Individual: [1, 2, 4, 5, 8, 10, 13, 17, 19, 20]
   Fitness: 13.0
     Total: 10
Violations: 2 2

Individual: [1, 2, 4, 5, 11, 13, 14, 16, 19, 20]
   Fitness: 13.0
     Total: 10
Violations: 2 2

Individual: [1, 2, 5, 6, 7, 14, 15, 16, 19, 20]
   Fitness: 13.0
     Total: 10
Violations: 2 2

Individual: [1, 2, 6, 7, 9, 14, 15, 18, 20]
   Fitness: 13.5
     Total: 9
Violations: 0 0

Individual: [1, 2, 4, 5, 7, 14, 15, 17, 18, 20]
   Fitness: 13.0
     Total: 10
Violations: 2 2

Individual: [1, 2, 4, 7, 8, 11, 16, 17, 19, 20]
   Fitness: 13.0
     Total: 10
Violations: 2 2

Individual: [1, 3, 6, 7, 12, 14, 15, 19, 20]
   Fitness: 13.5
     Total: 9
Violations: 0 0

Individual: [1, 2, 4, 5, 7, 8, 16, 17, 19, 20]
   Fitness: 13.0
     Total: 10
Violations: 2 2

Individual: [1, 3, 6, 7, 12, 14, 15, 19, 20]
   Fitness: 13.5
     Total: 9
Violations: 0 0
