10
50
12.0 4.132
12.5 7.477
12.5 8.137
12.5 8.17
12.5 8.629
12.5 8.493
12.5 8.756
12.5 8.616
13.0 8.894
13.0 8.763
13.0 9.094
13.0 9.557
13.0 9.368
13.0 9.266
13.0 9.446
13.0 9.409
13.0 9.529
13.0 9.454
13.0 9.532
13.0 9.301
13.0 9.789
13.0 9.617
13.0 9.448
13.0 9.836
13.0 9.672
13.0 9.6
13.0 9.656
13.0 9.427
13.0 9.354
13.0 9.625
13.0 9.404
13.0 9.552
13.0 9.149
13.0 9.495
13.0 9.408
13.5 9.412
13.5 9.261
13.5 9.298
13.5 9.297
13.5 9.316
13.5 9.541
13.5 9.465
13.5 9.547
13.5 9.339
13.5 9.447
13.5 9.167
13.5 9.174
13.5 9.515
13.5 9.456
13.5 9.807
50
11.5 3.746
12.0 7.442
12.0 7.927
12.0 8.178
12.5 8.376
12.5 8.472
12.5 8.214
13.0 8.461
13.0 8.779
13.0 8.847
13.0 8.524
13.0 9.001
13.0 8.981
13.0 9.155
13.0 9.294
13.0 9.43
13.0 9.26
13.0 9.202
13.0 9.521
13.0 9.57
13.0 9.343
13.0 9.641
13.0 9.619
13.0 9.365
13.0 9.237
13.0 9.385
13.0 9.709
13.0 9.374
13.0 9.779
13.0 9.481
13.0 9.925
13.0 9.89
13.0 9.68
13.0 9.574
13.0 9.611
13.0 9.703
13.0 9.585
13.0 9.361
13.0 9.731
13.0 9.296
13.0 9.816
13.0 9.424
13.0 9.282
13.0 9.549
13.0 9.528
13.0 9.698
13.0 9.193
13.0 9.687
13.0 9.338
13.0 9.604
50
12.0 3.511
12.0 7.038
12.5 7.887
12.5 8.386
12.5 8.686
13.0 8.54
13.0 9.002
13.0 8.756
13.0 9.018
13.0 9.135
13.0 9.348
13.0 9.272
13.0 9.147
13.0 9.049
13.0 9.366
13.0 9.483
13.0 9.261
13.0 9.392
13.0 9.316
13.0 9.293
13.0 9.414
13.0 9.249
13.0 9.301
13.0 9.247
13.0 9.171
13.5 9.772
13.5 9.854
13.5 9.824
13.5 9.403
13.5 9.457
13.5 9.31
13.5 9.404
13.5 9.372
13.5 9.317
13.5 9.752
13.5 9.304
13.5 9.314
13.5 9.561
13.5 9.424
13.5 9.51
13.5 9.606
13.5 9.519
13.5 9.665
13.5 9.503
13.5 9.722
13.5 9.427
13.5 9.233
13.5 9.948
13.5 9.608
13.5 9.286
50
12.5 3.772
12.5 7.093
12.5 7.99
12.5 7.875
12.5 8.48
12.5 8.748
12.5 8.467
13.0 8.664
13.0 9.13
13.0 9.099
13.0 9.092
13.0 9.243
13.5 8.833
13.5 9.259
13.5 9.456
13.5 9.22
13.5 8.941
13.5 9.11
13.5 9.541
13.5 9.681
13.5 9.454
13.5 9.625
13.5 9.736
13.5 9.881
13.5 9.761
13.5 9.71
13.5 9.416
13.5 9.666
13.5 9.857
13.5 10.155
13.5 9.807
13.5 9.721
13.5 9.531
13.5 9.749
13.5 9.434
13.5 9.585
13.5 9.747
13.5 9.705
13.5 9.622
13.5 9.783
13.5 9.785
13.5 9.767
13.5 9.973
13.5 9.779
13.5 9.993
13.5 10.379
13.5 9.713
13.5 9.68
13.5 10.003
13.5 9.757
50
12.0 3.83
12.0 7.148
12.0 7.959
12.5 8.519
12.5 8.472
13.0 8.378
13.0 8.512
13.0 8.987
13.0 8.842
13.0 9.404
13.0 9.151
13.0 9.014
13.0 9.214
13.0 9.229
13.0 9.196
13.0 9.29
13.0 9.545
13.5 9.669
13.5 9.619
13.5 9.711
13.5 9.579
13.5 9.655
13.5 9.563
13.5 9.592
13.5 9.522
13.5 9.486
13.5 9.363
13.5 9.714
13.5 9.613
13.5 9.613
13.5 9.587
13.5 9.682
13.5 9.545
13.5 9.719
13.5 9.646
13.5 9.363
13.5 9.62
13.5 9.472
13.5 9.518
13.5 9.616
13.5 9.377
13.5 9.823
13.5 9.992
13.5 9.982
13.5 9.87
13.5 9.89
13.5 9.759
13.5 9.91
13.5 9.722
13.5 9.734
50
11.0 3.752
12.0 7.258
12.0 7.739
12.5 8.018
13.0 8.307
13.0 8.361
13.0 8.962
13.0 8.797
13.0 8.867
13.0 9.159
13.0 8.898
13.0 8.976
13.0 8.816
13.0 9.085
13.0 8.919
13.0 8.796
13.0 8.864
13.0 8.846
13.0 8.748
13.0 8.949
13.0 9.483
13.0 9.324
13.0 8.983
13.0 9.336
13.0 9.094
13.0 8.929
13.0 9.217
13.0 9.236
13.0 9.241
13.0 9.483
13.0 9.317
13.0 9.522
13.0 9.294
13.0 9.302
13.0 9.355
13.0 9.265
13.0 9.201
13.0 9.271
13.0 9.057
13.0 9.44
13.0 9.344
13.0 9.396
13.0 9.377
13.0 9.442
13.0 9.218
13.0 9.399
13.0 9.366
13.0 9.319
13.0 9.148
13.0 9.52
50
12.5 4.031
12.5 7.307
12.5 7.829
12.5 8.688
12.5 8.901
12.5 8.639
12.5 8.724
13.0 8.852
13.0 9.089
13.0 9.308
13.0 9.016
13.0 9.329
13.0 9.199
13.0 9.538
13.0 9.513
13.0 9.118
13.0 9.357
13.0 9.05
13.0 9.218
13.0 9.274
13.0 9.476
13.0 9.351
13.0 9.227
13.0 9.093
13.0 9.136
13.0 9.221
13.0 9.542
13.0 9.592
13.0 9.449
13.0 9.789
13.0 9.611
13.0 9.219
13.0 8.488
13.0 9.333
13.0 9.492
13.0 9.086
13.0 9.306
13.0 9.181
13.0 9.502
13.0 9.423
13.0 9.526
13.0 9.354
13.0 9.158
13.0 9.433
13.0 9.51
13.0 9.439
13.0 9.173
13.5 9.116
13.5 9.615
13.5 9.59
50
11.5 3.981
11.5 7.03
12.5 7.84
12.5 8.384
13.0 8.521
13.0 8.136
13.0 8.506
13.0 9.04
13.0 8.873
13.0 9.202
13.0 8.927
13.0 9.265
13.0 8.919
13.0 9.1
13.0 9.041
13.0 9.27
13.0 9.464
13.0 9.33
13.0 9.318
13.0 9.143
13.0 9.292
13.0 9.293
13.0 9.499
13.0 9.37
13.0 9.233
13.0 9.773
13.0 9.775
13.0 9.849
13.0 9.651
13.0 9.704
13.0 9.66
13.0 9.813
13.0 9.762
13.0 9.822
13.0 9.724
13.0 9.566
13.0 9.634
13.0 9.55
13.0 9.546
13.0 9.549
13.0 9.431
13.0 9.791
13.0 9.751
13.0 9.699
13.0 9.618
13.0 9.727
13.0 9.514
13.0 9.589
13.0 9.247
13.0 9.802
50
12.0 3.59
12.5 7.393
12.5 7.795
12.5 7.992
13.0 8.322
13.0 8.863
13.0 9.0
13.0 9.19
13.0 9.329
13.0 9.031
13.0 9.319
13.0 9.317
13.0 9.268
13.0 9.367
13.0 9.241
13.0 9.138
13.0 9.441
13.0 9.247
13.0 9.086
13.0 9.601
13.0 9.136
13.0 9.901
13.5 9.846
13.5 9.129
13.5 9.388
13.5 9.445
13.5 9.504
13.5 9.467
13.5 9.436
13.5 9.209
13.5 9.374
13.5 9.401
13.5 9.37
13.5 9.565
13.5 9.395
13.5 9.281
13.5 9.229
13.5 9.574
13.5 9.461
13.5 9.222
13.5 9.626
13.5 9.537
13.5 9.644
13.5 9.748
13.5 9.7
13.5 9.733
13.5 9.623
13.5 9.307
13.5 9.39
13.5 9.58
50
11.5 3.497
12.0 7.018
12.5 7.811
12.5 8.192
12.5 8.235
12.5 8.553
12.5 8.539
12.5 8.659
13.0 9.05
13.0 9.173
13.0 9.102
13.0 9.013
13.0 9.426
13.0 9.18
13.0 9.202
13.0 9.476
13.0 9.179
13.0 9.174
13.0 8.982
13.0 9.377
13.0 9.224
13.0 9.304
13.0 9.376
13.0 9.69
13.0 9.211
13.0 9.452
13.0 9.503
13.0 9.525
13.0 9.403
13.0 9.366
13.0 9.302
13.0 9.671
13.0 9.135
13.0 9.563
13.0 9.26
13.0 8.831
13.0 8.994
13.0 9.555
13.0 9.488
13.0 9.561
13.0 9.16
13.0 9.151
13.0 9.16
13.0 9.354
13.0 8.905
13.0 9.314
13.0 9.453
13.0 8.827
13.0 9.353
13.0 9.076

Individual: [1, 2, 6, 7, 9, 14, 15, 18, 20]
   Fitness: 13.5
     Total: 9
Violations: 0 0

Individual: [1, 2, 4, 5, 7, 14, 16, 17, 19, 20]
   Fitness: 13.0
     Total: 10
Violations: 2 2

Individual: [1, 2, 6, 7, 9, 14, 15, 18, 20]
   Fitness: 13.5
     Total: 9
Violations: 0 0

Individual: [1, 3, 6, 7, 12, 14, 15, 19, 20]
   Fitness: 13.5
     Total: 9
Violations: 0 0

Individual: [1, 2, 6, 7, 9, 14, 15, 18, 20]
   Fitness: 13.5
     Total: 9
Violations: 0 0

Individual: [1, 2, 4, 5, 10, 12, 13, 17, 18, 20]
   Fitness: 13.0
     Total: 10
Violations: 2 2

Individual: [1, 2, 6, 7, 9, 14, 15, 18, 20]
   Fitness: 13.5
     Total: 9
Violations: 0 0

Individual: [1, 2, 3, 6, 7, 8, 16, 17, 19, 20]
   Fitness: 13.0
     Total: 10
Violations: 2 2

Individual: [1, 2, 6, 7, 9, 14, 15, 18, 20]
   Fitness: 13.5
     Total: 9
Violations: 0 0

Individual: [1, 2, 4, 7, 8, 11, 16, 17, 19, 20]
   Fitness: 13.0
     Total: 10
Violations: 2 2
