10
50
11.5 3.911
11.5 7.3
11.5 8.397
12.5 8.936
12.5 9.133
12.5 9.146
13.0 9.576
13.0 9.878
13.0 10.033
13.0 10.156
13.0 10.14
13.0 10.355
13.0 10.592
13.5 10.754
13.5 10.946
13.5 10.93
13.5 11.34
13.5 11.3
13.5 11.215
13.5 11.223
13.5 11.288
13.5 11.286
13.5 11.278
13.5 11.199
13.5 11.193
13.5 11.399
13.5 11.465
13.5 11.507
13.5 11.556
13.5 11.717
13.5 11.827
13.5 11.711
13.5 11.723
13.5 11.739
13.5 11.667
13.5 11.528
13.5 11.517
13.5 11.544
13.5 11.536
13.5 11.676
13.5 11.778
13.5 11.618
13.5 11.658
13.5 11.713
13.5 11.74
13.5 11.636
13.5 11.655
13.5 11.684
13.5 11.727
13.5 11.707
50
11.5 3.646
12.5 7.326
12.5 8.501
13.0 9.004
13.0 9.209
13.0 9.34
13.0 9.664
13.0 9.755
13.0 10.133
13.0 10.404
13.0 10.255
13.0 10.453
13.0 10.521
13.0 10.609
13.0 10.656
13.0 10.569
13.0 10.628
13.0 10.704
13.0 10.697
13.0 10.767
13.0 10.791
13.0 10.79
13.0 10.589
13.0 10.767
13.0 10.719
13.0 10.694
13.0 10.751
13.0 10.778
13.5 10.717
13.5 10.785
13.5 10.878
13.5 10.859
13.5 10.887
13.5 10.981
13.5 10.804
13.5 10.793
13.5 10.643
13.5 10.711
13.5 10.721
13.5 10.683
13.5 10.719
13.5 10.538
13.5 10.495
13.5 10.643
13.5 10.81
13.5 11.008
13.5 11.076
13.5 11.277
13.5 11.261
13.5 11.31
50
12.5 4.181
12.5 7.378
12.5 8.504
12.5 8.959
12.5 9.443
12.5 9.575
12.5 9.77
13.0 9.887
13.5 10.074
13.5 10.189
13.5 10.38
13.5 10.418
13.5 10.464
13.5 10.589
13.5 10.736
13.5 10.759
13.5 10.908
13.5 10.647
13.5 10.784
13.5 10.879
13.5 10.82
13.5 10.9
13.5 10.819
13.5 11.034
13.5 11.195
13.5 11.392
13.5 11.511
13.5 11.736
13.5 11.73
13.5 11.73
13.5 11.666
13.5 11.735
13.5 11.708
13.5 11.739
13.5 11.667
13.5 11.755
13.5 11.641
13.5 11.663
13.5 11.77
13.5 11.609
13.5 11.651
13.5 11.58
13.5 11.78
13.5 11.625
13.5 11.571
13.5 11.807
13.5 11.861
13.5 11.729
13.5 11.726
13.5 11.682
50
11.0 3.636
11.5 7.141
12.0 8.355
12.5 8.905
12.5 9.176
13.0 9.28
13.0 9.62
13.0 9.858
13.0 9.812
13.0 10.06
13.0 10.369
13.0 10.436
13.0 10.58
13.0 10.636
13.0 10.721
13.0 10.853
13.0 10.879
13.0 10.906
13.0 11.169
13.0 11.024
13.0 10.947
13.0 11.008
13.0 10.934
13.0 10.947
13.0 10.94
13.0 10.931
13.0 10.961
13.0 10.931
13.0 10.873
13.0 10.944
13.0 10.913
13.0 10.858
13.0 10.992
13.0 11.126
13.0 11.043
13.0 10.92
13.0 11.006
13.0 10.879
13.0 10.808
13.0 10.753
13.0 10.883
13.0 11.092
13.0 11.017
13.0 11.023
13.0 11.014
13.0 11.085
13.0 11.03
13.0 10.923
13.0 10.976
13.0 10.881
50
12.5 3.884
12.5 7.406
12.5 8.281
12.5 8.757
13.0 9.352
13.0 9.638
13.0 9.564
13.0 9.679
13.0 9.844
13.0 9.856
13.0 9.958
13.0 10.09
13.0 10.167
13.0 10.338
13.0 10.309
13.0 10.657
13.0 10.681
13.0 10.569
13.0 10.52
13.0 10.725
13.0 10.838
13.0 10.72
13.0 10.767
13.0 10.683
13.0 10.632
13.0 10.601
13.0 10.604
13.0 10.569
13.0 10.604
13.0 10.69
13.0 10.529
13.0 10.762
13.0 10.374
13.0 10.39
13.0 10.514
13.0 10.497
13.0 10.621
13.0 10.663
13.0 10.62
13.0 10.675
13.0 10.452
13.0 10.491
13.0 10.545
13.0 10.71
13.0 10.618
13.0 10.692
13.0 10.744
13.0 10.732
13.0 10.664
13.0 10.796
50
12.0 3.664
12.0 7.222
12.0 8.28
12.5 8.72
12.5 9.086
13.0 9.408
13.0 9.735
13.0 10.047
13.0 9.966
13.0 10.234
13.0 10.337
13.0 10.576
13.0 10.601
13.0 10.551
13.0 10.512
13.0 10.747
13.0 10.861
13.0 10.82
13.0 10.87
13.0 10.902
13.0 10.855
13.0 10.793
13.0 10.828
13.0 10.847
13.0 10.964
13.0 10.983
13.0 10.907
13.0 10.877
13.0 11.013
13.0 10.973
13.0 10.97
13.0 11.025
13.0 11.088
13.0 10.883
13.0 10.845
13.0 10.955
13.0 10.958
13.0 11.008
13.0 10.969
13.0 10.951
13.0 10.983
13.0 11.001
13.0 11.016
13.0 10.896
13.0 10.864
13.0 10.829
13.0 10.99
13.0 10.829
13.0 10.89
13.0 10.923
50
11.5 3.353
12.0 7.337
12.5 8.524
12.5 9.051
13.0 9.483
13.0 9.65
13.0 9.972
13.0 10.227
13.0 10.46
13.5 10.587
13.5 10.669
13.5 10.589
13.5 10.683
13.5 10.878
13.5 10.983
13.5 10.881
13.5 10.764
13.5 10.984
13.5 10.963
13.5 10.877
13.5 11.087
13.5 11.053
13.5 11.148
13.5 11.279
13.5 11.2
13.5 11.092
13.5 11.232
13.5 11.137
13.5 11.498
13.5 11.51
13.5 11.489
13.5 11.42
13.5 11.524
13.5 11.483
13.5 11.41
13.5 11.324
13.5 11.483
13.5 11.547
13.5 11.503
13.5 11.347
13.5 11.395
13.5 11.44
13.5 11.446
13.5 11.506
13.5 11.545
13.5 11.551
13.5 11.518
13.5 11.51
13.5 11.545
13.5 11.479
50
11.5 3.485
12.0 7.245
12.5 8.367
12.5 8.786
12.5 9.188
13.0 9.502
13.0 9.878
13.0 9.971
13.0 10.155
13.0 10.377
13.0 10.478
13.0 10.595
13.0 10.673
13.0 10.865
13.0 11.013
13.0 10.894
13.0 10.86
13.0 10.867
13.0 10.98
13.0 10.961
13.0 10.813
13.0 10.762
13.0 10.873
13.0 10.915
13.0 10.886
13.0 11.05
13.0 11.158
13.0 11.124
13.0 11.128
13.0 11.062
13.0 11.015
13.0 11.059
13.0 11.104
13.0 11.091
13.0 10.983
13.0 10.935
13.0 10.978
13.0 11.03
13.5 11.007
13.5 10.936
13.5 11.026
13.5 10.982
13.5 10.876
13.5 10.875
13.5 11.043
13.5 10.985
13.5 11.021
13.5 11.178
13.5 11.142
13.5 11.104
50
10.5 3.255
12.0 7.256
12.0 8.422
12.5 8.885
13.0 9.326
13.0 9.617
13.0 9.79
13.5 10.148
13.5 10.401
13.5 10.73
13.5 10.786
13.5 10.904
13.5 11.157
13.5 11.218
13.5 11.186
13.5 11.114
13.5 11.231
13.5 11.279
13.5 11.22
13.5 11.287
13.5 11.427
13.5 11.318
13.5 11.56
13.5 11.567
13.5 11.605
13.5 11.538
13.5 11.698
13.5 11.686
13.5 11.615
13.5 11.667
13.5 11.773
13.5 11.813
13.5 11.852
13.5 11.785
13.5 11.711
13.5 11.811
13.5 11.881
13.5 11.852
13.5 11.81
13.5 11.732
13.5 11.784
13.5 11.849
13.5 11.772
13.5 11.66
13.5 11.642
13.5 11.485
13.5 11.575
13.5 11.612
13.5 11.709
13.5 11.553
50
11.5 3.76
11.5 7.304
12.5 8.274
12.5 8.767
12.5 9.192
12.5 9.45
13.0 9.75
13.0 9.885
13.0 10.089
13.0 10.178
13.0 10.286
13.5 10.384
13.5 10.587
13.5 10.669
13.5 10.705
13.5 10.712
13.5 10.713
13.5 10.701
13.5 10.824
13.5 10.759
13.5 10.896
13.5 10.876
13.5 10.964
13.5 11.142
13.5 11.223
13.5 11.325
13.5 11.403
13.5 11.579
13.5 11.535
13.5 11.496
13.5 11.709
13.5 11.859
13.5 11.947
13.5 11.787
13.5 11.733
13.5 11.702
13.5 11.63
13.5 11.597
13.5 11.875
13.5 11.778
13.5 11.916
13.5 11.743
13.5 11.726
13.5 11.631
13.5 11.647
13.5 11.643
13.5 11.564
13.5 11.551
13.5 11.717
13.5 11.715

Individual: [1, 2, 6, 7, 9, 14, 15, 18, 20]
   Fitness: 13.5
     Total: 9
Violations: 0 0

Individual: [1, 3, 6, 7, 12, 14, 15, 19, 20]
   Fitness: 13.5
     Total: 9
Violations: 0 0

Individual: [1, 3, 6, 7, 12, 14, 15, 19, 20]
   Fitness: 13.5
     Total: 9
Violations: 0 0

Individual: [1, 2, 4, 5, 7, 8, 16, 17, 19, 20]
   Fitness: 13.0
     Total: 10
Violations: 2 2

Individual: [1, 2, 4, 8, 10, 11, 13, 17, 19, 20]
   Fitness: 13.0
     Total: 10
Violations: 2 2

Individual: [1, 2, 7, 8, 10, 11, 16, 17, 19, 20]
   Fitness: 13.0
     Total: 10
Violations: 2 2

Individual: [1, 3, 6, 7, 12, 14, 15, 19, 20]
   Fitness: 13.5
     Total: 9
Violations: 0 0

Individual: [1, 2, 6, 7, 9, 14, 15, 18, 20]
   Fitness: 13.5
     Total: 9
Violations: 0 0

Individual: [1, 2, 6, 7, 9, 14, 15, 18, 20]
   Fitness: 13.5
     Total: 9
Violations: 0 0

Individual: [1, 2, 6, 7, 9, 14, 15, 18, 20]
   Fitness: 13.5
     Total: 9
Violations: 0 0
