10
100
11.5 3.749
11.5 5.369
12.0 5.886
12.0 5.492
12.5 5.785
12.5 5.66
12.5 5.821
12.5 5.959
12.5 5.886
12.5 5.616
12.5 5.62
12.5 5.625
12.5 5.71
12.5 5.846
12.5 5.874
12.5 6.014
12.5 5.796
12.5 5.999
12.5 5.963
12.5 5.968
12.5 5.886
12.5 5.891
12.5 5.381
12.5 5.784
12.5 5.382
12.5 5.66
12.5 5.602
12.5 5.664
12.5 5.98
13.0 5.812
13.0 5.895
13.0 5.85
13.0 5.539
13.0 5.531
13.0 5.912
13.0 5.64
13.0 5.728
13.0 5.631
13.0 5.787
13.0 5.949
13.0 5.863
13.0 5.761
13.0 5.501
13.0 5.691
13.0 6.08
13.0 5.779
13.0 5.792
13.0 5.9
13.0 6.032
13.0 5.961
13.0 5.731
13.0 5.52
13.0 5.74
13.0 5.676
13.0 5.569
13.0 5.599
13.0 5.944
13.0 6.024
13.0 5.734
13.0 5.667
13.0 5.835
13.0 5.925
13.0 5.529
13.0 5.439
13.0 5.675
13.0 5.739
13.0 5.833
13.0 5.61
13.0 5.977
13.0 5.621
13.0 5.874
13.0 5.829
13.0 6.164
13.0 6.023
13.0 5.85
13.0 5.858
13.0 6.091
13.0 6.202
13.0 5.712
13.0 5.829
13.0 5.741
13.0 6.005
13.0 5.823
13.0 5.834
13.0 5.819
13.0 5.954
13.0 5.743
13.0 5.66
13.0 5.652
13.0 5.81
13.0 6.034
13.0 5.886
13.0 5.843
13.0 5.768
13.0 5.908
13.0 5.828
13.0 5.63
13.0 5.799
13.0 5.729
13.0 5.801
100
12.5 3.741
12.5 5.111
12.5 6.01
12.5 5.889
12.5 5.651
12.5 5.806
12.5 5.471
12.5 5.711
12.5 5.669
12.5 5.705
12.5 5.657
12.5 5.638
12.5 6.097
12.5 6.035
12.5 5.504
12.5 5.497
12.5 5.707
12.5 5.996
12.5 5.681
12.5 6.171
12.5 5.959
12.5 5.895
12.5 5.857
12.5 5.751
12.5 5.821
12.5 5.651
12.5 5.566
12.5 5.597
12.5 5.665
12.5 5.675
12.5 5.824
12.5 6.029
12.5 5.79
13.0 5.741
13.0 5.678
13.0 5.72
13.0 5.903
13.0 6.013
13.0 5.71
13.0 5.833
13.0 5.981
13.0 5.529
13.0 6.075
13.0 5.963
13.0 6.011
13.0 5.882
13.0 5.616
13.0 6.14
13.0 5.92
13.0 6.193
13.0 6.26
13.0 5.781
13.0 6.291
13.0 5.766
13.0 5.536
13.0 5.806
13.0 5.524
13.0 5.764
13.0 6.121
13.0 5.963
13.0 5.783
13.0 5.843
13.0 5.683
13.0 6.079
13.0 6.098
13.0 5.516
13.0 5.627
13.0 5.697
13.0 5.803
13.0 5.827
13.0 6.278
13.0 6.111
13.0 5.794
13.0 5.702
13.0 6.089
13.0 5.954
13.0 5.808
13.0 5.888
13.0 5.575
13.0 5.817
13.0 5.452
13.0 5.667
13.0 5.614
13.0 5.823
13.0 5.901
13.0 5.727
13.0 5.471
13.0 5.772
13.0 5.673
13.0 5.746
13.0 5.922
13.0 5.708
13.0 5.865
13.0 5.822
13.0 5.771
13.0 5.803
13.0 6.105
13.0 6.0
13.0 5.596
13.0 6.037
100
12.0 3.738
12.0 5.269
12.0 5.466
12.5 5.668
13.5 5.644
13.5 5.572
13.5 5.814
13.5 5.867
13.5 5.608
13.5 5.947
13.5 6.212
13.5 5.604
13.5 5.733
13.5 5.695
13.5 6.1
13.5 5.835
13.5 6.064
13.5 6.186
13.5 5.821
13.5 5.766
13.5 5.661
13.5 5.665
13.5 6.108
13.5 5.787
13.5 5.899
13.5 5.999
13.5 6.207
13.5 5.936
13.5 5.879
13.5 6.214
13.5 5.869
13.5 5.759
13.5 5.505
13.5 5.663
13.5 5.687
13.5 6.153
13.5 6.047
13.5 5.962
13.5 5.906
13.5 5.667
13.5 5.798
13.5 5.808
13.5 5.578
13.5 5.838
13.5 5.885
13.5 5.956
13.5 5.913
13.5 6.066
13.5 5.994
13.5 5.611
13.5 6.174
13.5 5.697
13.5 5.57
13.5 5.85
13.5 5.913
13.5 5.593
13.5 5.929
13.5 5.713
13.5 5.92
13.5 6.093
13.5 6.162
13.5 5.713
13.5 6.037
13.5 5.849
13.5 5.944
13.5 5.573
13.5 5.771
13.5 5.585
13.5 5.862
13.5 5.724
13.5 5.885
13.5 5.98
13.5 5.512
13.5 5.671
13.5 5.814
13.5 5.525
13.5 5.836
13.5 5.594
13.5 5.781
13.5 6.048
13.5 5.981
13.5 5.887
13.5 5.882
13.5 5.836
13.5 5.954
13.5 5.997
13.5 5.923
13.5 5.994
13.5 6.084
13.5 5.878
13.5 5.634
13.5 6.039
13.5 5.94
13.5 5.704
13.5 6.116
13.5 5.885
13.5 5.747
13.5 5.652
13.5 5.734
13.5 6.064
100
12.0 3.419
12.0 5.179
12.0 5.708
12.0 5.964
12.0 5.739
12.5 6.068
13.0 6.151
13.0 5.822
13.0 5.892
13.0 5.994
13.0 5.748
13.0 5.723
13.0 5.564
13.0 5.946
13.0 6.1
13.0 6.064
13.0 5.8
13.0 5.68
13.0 5.54
13.0 5.937
13.0 5.942
13.0 5.867
13.0 5.803
13.0 5.779
13.0 5.734
13.0 5.85
13.0 5.862
13.0 6.07
13.0 5.777
13.0 5.739
13.0 5.826
13.0 5.82
13.0 5.65
13.0 5.557
13.0 5.774
13.0 6.089
13.0 5.983
13.0 6.034
13.0 6.099
13.0 5.842
13.0 5.731
13.0 5.977
13.0 5.726
13.0 5.842
13.0 5.732
13.0 5.72
13.0 5.77
13.0 5.721
13.0 5.961
13.0 6.063
13.0 6.102
13.0 5.608
13.0 5.995
13.0 6.063
13.0 5.671
13.0 5.558
13.0 5.65
13.0 5.644
13.0 5.707
13.0 5.981
13.0 5.95
13.0 5.595
13.0 5.741
13.0 5.727
13.0 5.821
13.0 6.004
13.0 5.858
13.0 5.625
13.0 5.852
13.0 5.958
13.0 5.745
13.0 5.72
13.0 5.999
13.0 6.029
13.0 6.025
13.0 5.328
13.0 5.718
13.0 5.72
13.0 5.776
13.0 5.592
13.0 6.0
13.0 6.074
13.0 5.649
13.0 5.775
13.0 5.833
13.0 5.637
13.0 5.922
13.0 6.039
13.0 5.889
13.0 5.873
13.0 6.091
13.0 5.837
13.0 5.668
13.0 5.63
13.0 5.787
13.0 5.774
13.0 6.014
13.0 5.811
13.0 5.5
13.0 5.84
100
11.5 3.62
11.5 5.516
12.5 5.925
12.5 5.655
12.5 5.425
12.5 5.385
12.5 5.686
12.5 6.186
12.5 5.779
12.5 6.14
12.5 5.919
12.5 5.611
12.5 5.495
12.5 5.667
12.5 5.766
12.5 5.807
12.5 5.781
12.5 5.999
12.5 5.553
12.5 5.702
12.5 5.783
12.5 6.18
13.0 6.003
13.0 5.631
13.0 6.038
13.0 6.012
13.0 5.825
13.0 5.967
13.0 5.907
13.0 5.9
13.0 5.806
13.0 6.064
13.5 6.227
13.5 6.049
13.5 6.088
13.5 5.996
13.5 5.756
13.5 5.797
13.5 5.401
13.5 5.737
13.5 5.796
13.5 5.884
13.5 5.95
13.5 6.201
13.5 5.545
13.5 5.935
13.5 5.914
13.5 5.745
13.5 5.985
13.5 6.001
13.5 5.755
13.5 5.928
13.5 6.032
13.5 6.023
13.5 5.884
13.5 5.313
13.5 5.67
13.5 5.844
13.5 5.645
13.5 5.874
13.5 5.966
13.5 6.198
13.5 6.001
13.5 5.6
13.5 5.849
13.5 5.796
13.5 5.879
13.5 5.942
13.5 5.853
13.5 6.07
13.5 5.711
13.5 5.788
13.5 5.676
13.5 6.06
13.5 6.016
13.5 6.032
13.5 5.985
13.5 5.767
13.5 5.779
13.5 5.489
13.5 5.832
13.5 5.707
13.5 5.95
13.5 5.774
13.5 5.75
13.5 5.915
13.5 6.038
13.5 5.868
13.5 6.055
13.5 5.934
13.5 5.527
13.5 5.793
13.5 5.768
13.5 5.844
13.5 6.212
13.5 6.001
13.5 5.922
13.5 5.854
13.5 6.024
13.5 5.875
100
11.0 3.509
12.0 5.469
12.0 5.911
12.0 5.541
12.5 6.111
12.5 5.439
12.5 5.561
12.5 5.904
12.5 5.917
12.5 5.662
12.5 5.706
12.5 5.629
12.5 5.889
12.5 5.706
12.5 5.927
12.5 6.119
12.5 5.856
12.5 5.994
12.5 6.056
12.5 5.923
12.5 5.666
12.5 5.882
12.5 6.097
12.5 5.801
12.5 5.986
12.5 5.612
12.5 5.576
12.5 5.858
12.5 5.969
12.5 6.068
12.5 6.093
12.5 5.889
12.5 5.751
12.5 5.779
12.5 6.019
13.0 5.679
13.0 5.721
13.0 5.722
13.0 6.014
13.0 5.836
13.0 5.671
13.0 5.704
13.0 5.875
13.0 5.863
13.0 5.762
13.0 5.893
13.0 5.608
13.0 5.889
13.0 5.896
13.0 5.759
13.0 5.519
13.0 5.909
13.0 5.873
13.0 5.987
13.0 5.724
13.0 5.902
13.0 5.729
13.0 5.995
13.0 5.977
13.0 6.024
13.0 5.845
13.0 5.857
13.0 6.047
13.0 6.143
13.0 5.76
13.0 5.933
13.0 6.101
13.0 5.538
13.0 5.923
13.0 5.72
13.0 6.297
13.0 5.75
13.0 5.94
13.0 5.959
13.0 5.801
13.0 5.862
13.0 6.078
13.0 6.106
13.0 6.27
13.0 5.891
13.0 5.858
13.0 5.923
13.0 5.954
13.0 6.04
13.0 6.143
13.0 5.995
13.0 5.85
13.0 5.919
13.0 5.822
13.0 5.98
13.0 5.909
13.0 5.833
13.0 6.032
13.0 5.793
13.0 6.047
13.0 6.125
13.0 5.724
13.0 5.587
13.0 5.476
13.0 5.729
100
12.0 3.411
12.0 5.555
12.0 5.881
12.0 5.598
12.0 5.999
12.5 5.919
12.5 5.251
12.5 5.579
12.5 5.947
12.5 6.049
12.5 5.995
12.5 5.785
12.5 5.858
12.5 5.988
12.5 5.991
12.5 6.04
12.5 5.712
12.5 5.573
12.5 6.091
13.0 5.903
13.0 6.139
13.0 5.763
13.0 6.141
13.0 5.783
13.0 5.764
13.0 5.645
13.0 5.883
13.0 6.006
13.0 5.897
13.0 5.881
13.0 5.838
13.0 6.016
13.0 5.461
13.0 5.669
13.0 5.846
13.0 6.061
13.0 5.999
13.0 5.874
13.0 5.797
13.0 5.717
13.0 5.66
13.0 6.043
13.0 6.068
13.0 5.622
13.0 5.594
13.0 5.203
13.0 5.761
13.0 5.812
13.0 5.721
13.0 5.996
13.0 6.23
13.0 5.836
13.0 5.88
13.0 5.373
13.0 5.639
13.0 5.876
13.0 5.855
13.0 5.848
13.0 5.606
13.0 5.779
13.0 6.069
13.0 6.182
13.0 6.125
13.0 5.8
13.0 5.952
13.0 5.888
13.0 5.876
13.0 6.021
13.0 5.762
13.0 6.299
13.0 6.109
13.0 5.936
13.0 5.686
13.0 5.629
13.0 5.62
13.0 5.585
13.0 5.431
13.0 6.153
13.0 5.818
13.0 5.667
13.0 5.58
13.0 5.779
13.0 6.127
13.0 5.786
13.0 5.936
13.0 5.993
13.0 5.888
13.0 5.785
13.0 5.678
13.0 5.754
13.0 5.697
13.0 5.7
13.0 5.846
13.0 5.925
13.0 6.047
13.0 5.561
13.0 5.718
13.0 5.83
13.0 5.762
13.0 5.937
100
12.0 3.675
12.0 5.013
12.5 5.598
12.5 5.554
12.5 5.848
13.0 6.285
13.0 5.874
13.0 5.69
13.0 5.864
13.0 5.491
13.0 5.845
13.0 5.52
13.0 5.675
13.0 5.513
13.0 5.934
13.0 6.02
13.0 5.45
13.0 5.815
13.0 5.852
13.0 5.587
13.0 5.86
13.0 5.761
13.0 6.123
13.0 5.949
13.0 5.804
13.0 5.76
13.0 5.968
13.0 5.823
13.0 5.687
13.0 5.89
13.0 5.361
13.0 5.94
13.0 5.787
13.0 5.872
13.0 5.774
13.0 5.581
13.0 5.759
13.0 6.013
13.0 6.012
13.0 5.868
13.0 5.685
13.0 5.833
13.0 5.738
13.0 6.035
13.0 6.023
13.0 5.932
13.0 5.714
13.0 6.143
13.0 6.088
13.0 6.025
13.0 6.116
13.0 5.987
13.0 5.579
13.0 5.893
13.0 6.005
13.0 5.619
13.0 5.819
13.0 5.864
13.0 5.687
13.0 5.818
13.0 5.688
13.0 5.93
13.0 5.875
13.0 5.991
13.0 5.806
13.0 5.926
13.0 5.704
13.0 5.746
13.0 5.836
13.0 5.582
13.0 5.56
13.0 6.058
13.0 5.895
13.0 5.988
13.0 5.707
13.0 5.875
13.0 6.024
13.0 5.452
13.0 5.854
13.0 6.217
13.0 6.115
13.0 5.783
13.0 5.691
13.0 5.907
13.0 5.802
13.0 5.965
13.0 5.781
13.0 5.966
13.0 5.936
13.0 5.951
13.0 5.75
13.0 5.887
13.0 5.649
13.0 5.647
13.0 5.903
13.0 5.657
13.0 5.85
13.0 5.965
13.0 6.079
13.0 6.004
100
12.0 3.888
12.0 5.569
12.0 5.524
12.0 5.411
12.0 5.921
12.0 5.918
12.5 5.977
12.5 6.127
12.5 5.617
12.5 5.97
12.5 5.658
12.5 5.878
12.5 5.51
12.5 6.002
12.5 5.89
12.5 5.748
12.5 5.609
12.5 5.501
12.5 5.791
12.5 5.564
12.5 5.793
12.5 5.763
12.5 5.857
12.5 6.058
12.5 5.798
12.5 5.863
12.5 5.817
13.0 5.826
13.0 6.133
13.0 6.023
13.0 5.751
13.0 5.785
13.0 5.925
13.0 5.669
13.0 5.714
13.0 5.743
13.0 5.82
13.0 5.656
13.0 5.822
13.0 5.768
13.0 6.09
13.0 6.048
13.0 6.02
13.0 5.817
13.0 6.166
13.0 5.868
13.0 5.725
13.0 5.878
13.0 6.073
13.0 5.989
13.0 6.021
13.0 5.665
13.0 5.862
13.0 5.791
13.0 5.716
13.0 5.492
13.0 5.736
13.0 6.065
13.0 5.954
13.0 5.843
13.0 6.055
13.0 5.843
13.0 5.713
13.0 5.763
13.0 5.991
13.0 6.016
13.0 6.158
13.0 6.018
13.0 5.774
13.0 5.907
13.0 5.971
13.0 6.093
13.0 5.86
13.0 5.944
13.0 6.011
13.0 5.643
13.0 5.945
13.0 6.081
13.0 5.586
13.0 5.768
13.0 5.779
13.0 5.705
13.0 5.666
13.0 5.835
13.0 5.673
13.0 5.619
13.0 6.036
13.0 6.221
13.0 5.971
13.0 5.66
13.0 5.804
13.0 5.875
13.0 5.838
13.0 5.883
13.0 5.933
13.0 5.365
13.0 5.847
13.0 6.075
13.0 5.919
13.0 5.949
100
11.0 4.013
12.5 5.205
12.5 5.663
12.5 5.709
12.5 5.937
12.5 5.939
12.5 5.891
12.5 5.826
12.5 5.624
12.5 5.604
12.5 6.011
12.5 5.664
12.5 5.94
13.0 5.78
13.0 5.879
13.0 5.832
13.0 6.002
13.0 6.071
13.0 5.799
13.0 5.751
13.0 5.729
13.0 6.058
13.0 5.902
13.0 5.91
13.0 6.071
13.0 5.636
13.0 5.823
13.0 5.991
13.0 5.788
13.0 5.556
13.0 5.527
13.0 5.638
13.0 6.067
13.0 5.917
13.0 6.059
13.0 5.705
13.0 5.857
13.0 5.779
13.0 5.78
13.0 5.972
13.0 5.769
13.0 5.754
13.0 6.088
13.0 5.92
13.0 5.678
13.0 5.722
13.0 5.611
13.0 5.884
13.0 6.007
13.0 5.747
13.0 6.15
13.0 5.757
13.0 5.77
13.0 6.178
13.0 5.803
13.0 5.859
13.0 6.034
13.0 5.66
13.0 5.452
13.0 5.511
13.0 6.15
13.0 5.822
13.0 5.602
13.0 5.641
13.0 5.72
13.0 5.951
13.0 5.606
13.0 5.716
13.0 5.782
13.0 6.169
13.0 5.991
13.0 6.047
13.0 5.962
13.0 5.881
13.0 5.662
13.0 5.934
13.0 5.817
13.0 5.577
13.0 6.131
13.0 5.899
13.0 6.059
13.0 5.915
13.0 5.808
13.0 5.65
13.0 5.816
13.0 5.604
13.0 5.794
13.0 5.919
13.0 5.786
13.0 5.883
13.0 5.595
13.0 5.704
13.0 5.847
13.0 6.23
13.0 5.776
13.0 5.997
13.0 5.806
13.0 5.768
13.0 5.912
13.0 5.907

Individual: [1, 2, 4, 8, 10, 11, 13, 17, 19, 20]
   Fitness: 13.0
     Total: 10
Violations: 2 2

Individual: [1, 2, 4, 5, 7, 14, 16, 17, 19, 20]
   Fitness: 13.0
     Total: 10
Violations: 2 2

Individual: [1, 3, 6, 7, 12, 14, 15, 19, 20]
   Fitness: 13.5
     Total: 9
Violations: 0 0

Individual: [1, 2, 4, 5, 7, 14, 15, 18, 19, 20]
   Fitness: 13.0
     Total: 10
Violations: 2 2

Individual: [1, 2, 6, 7, 9, 14, 15, 18, 20]
   Fitness: 13.5
     Total: 9
Violations: 0 0

Individual: [1, 2, 4, 7, 8, 11, 16, 17, 19, 20]
   Fitness: 13.0
     Total: 10
Violations: 2 2

Individual: [1, 2, 4, 5, 7, 11, 14, 16, 19, 20]
   Fitness: 13.0
     Total: 10
Violations: 2 2

Individual: [1, 2, 3, 6, 7, 8, 16, 17, 19, 20]
   Fitness: 13.0
     Total: 10
Violations: 2 2

Individual: [1, 2, 5, 7, 8, 10, 16, 17, 19, 20]
   Fitness: 13.0
     Total: 10
Violations: 2 2

Individual: [1, 2, 4, 5, 7, 14, 15, 17, 18, 20]
   Fitness: 13.0
     Total: 10
Violations: 2 2
