10
50
12.0 3.687
12.0 6.348
12.0 6.363
12.0 6.444
12.0 6.541
12.0 6.878
12.0 6.827
12.0 6.726
12.5 6.874
12.5 6.792
12.5 6.744
13.0 6.665
13.0 6.536
13.0 6.914
13.0 6.514
13.0 7.122
13.0 7.077
13.0 7.078
13.0 7.008
13.0 6.966
13.0 7.028
13.0 6.661
13.0 7.173
13.0 6.921
13.0 7.142
13.0 6.947
13.0 7.108
13.0 6.948
13.0 6.8
13.0 6.868
13.0 6.96
13.0 6.767
13.0 6.907
13.0 7.471
13.0 6.704
13.0 7.192
13.0 7.145
13.0 7.053
13.0 6.999
13.0 7.182
13.0 7.211
13.0 6.977
13.0 6.873
13.0 6.988
13.0 7.264
13.0 7.346
13.0 6.879
13.0 6.897
13.0 7.02
13.0 7.219
50
11.5 3.67
12.0 6.445
12.0 6.436
12.0 6.953
12.5 6.737
12.5 6.871
13.0 7.089
13.0 6.786
13.0 6.823
13.0 6.796
13.0 6.709
13.0 7.072
13.0 6.728
13.0 7.065
13.0 6.715
13.0 6.898
13.0 6.527
13.0 6.88
13.0 6.961
13.0 6.652
13.0 7.294
13.0 7.043
13.0 6.975
13.0 7.027
13.0 6.777
13.0 7.137
13.0 6.987
13.0 7.011
13.0 7.046
13.0 6.852
13.0 7.207
13.0 6.981
13.0 6.846
13.0 7.187
13.0 6.957
13.0 7.077
13.0 6.832
13.0 7.191
13.0 7.173
13.0 6.727
13.0 6.943
13.0 7.018
13.0 6.797
13.0 6.879
13.0 6.893
13.0 7.11
13.0 6.935
13.0 7.169
13.0 7.083
13.0 6.978
50
12.0 4.034
12.0 6.324
12.0 6.764
12.5 6.954
12.5 6.655
12.5 6.673
12.5 6.986
12.5 7.183
12.5 6.976
12.5 6.861
12.5 6.948
12.5 7.033
12.5 7.117
12.5 7.172
12.5 6.825
12.5 6.81
12.5 6.651
12.5 6.669
12.5 6.691
12.5 7.006
12.5 7.044
12.5 7.391
12.5 7.091
12.5 6.815
12.5 7.128
12.5 6.801
12.5 7.042
12.5 6.984
12.5 6.904
12.5 6.891
12.5 7.142
13.0 6.737
13.0 6.6
13.0 7.02
13.0 7.116
13.0 7.198
13.0 6.836
13.0 6.659
13.0 6.803
13.0 6.917
13.0 7.055
13.0 7.124
13.0 7.094
13.0 6.768
13.0 7.056
13.0 7.192
13.0 6.837
13.0 7.097
13.0 7.173
13.0 6.924
50
11.5 4.193
12.0 6.559
12.0 6.376
12.0 6.773
12.5 6.978
12.5 6.64
12.5 6.81
12.5 7.001
12.5 7.08
13.0 7.075
13.0 6.481
13.0 6.67
13.0 7.13
13.0 6.531
13.0 6.975
13.0 6.542
13.0 7.069
13.0 6.749
13.0 7.069
13.0 6.81
13.0 6.904
13.0 6.867
13.0 7.104
13.0 6.829
13.0 7.253
13.0 6.872
13.0 6.588
13.0 6.834
13.0 7.081
13.0 7.253
13.0 7.124
13.0 7.008
13.0 7.27
13.0 7.191
13.0 7.044
13.0 7.189
13.0 6.778
13.0 6.524
13.0 6.921
13.0 6.978
13.0 7.08
13.0 6.968
13.0 6.78
13.0 6.979
13.0 7.171
13.0 6.841
13.0 6.901
13.0 7.325
13.0 6.804
13.0 7.315
50
11.5 3.707
11.5 6.246
11.5 6.992
12.5 7.188
12.5 6.864
12.5 6.712
12.5 7.04
12.5 6.802
12.5 6.53
12.5 6.784
12.5 6.609
12.5 6.953
12.5 6.652
12.5 6.713
12.5 6.748
12.5 6.331
12.5 6.885
12.5 6.771
12.5 6.906
12.5 6.603
12.5 6.569
12.5 6.751
12.5 6.806
12.5 6.619
13.0 6.698
13.0 6.619
13.0 7.129
13.0 6.476
13.0 6.767
13.0 7.015
13.0 6.894
13.0 6.886
13.0 6.668
13.0 6.673
13.0 6.729
13.0 6.739
13.0 6.904
13.0 7.263
13.0 6.925
13.0 6.851
13.0 6.78
13.0 7.163
13.0 6.659
13.0 7.054
13.0 7.073
13.0 6.9
13.0 6.769
13.0 7.019
13.0 6.992
13.0 6.901
50
11.5 3.874
12.0 6.344
12.5 6.641
12.5 7.03
12.5 6.785
12.5 6.648
12.5 6.722
12.5 6.807
12.5 6.861
12.5 7.028
12.5 6.923
12.5 6.805
12.5 6.927
13.0 7.017
13.0 6.839
13.0 6.572
13.0 7.111
13.0 7.096
13.0 6.783
13.0 6.997
13.0 7.053
13.0 7.218
13.0 6.952
13.0 6.789
13.0 7.306
13.0 6.81
13.0 7.117
13.0 7.279
13.0 7.158
13.0 7.111
13.0 6.832
13.0 6.635
13.0 7.149
13.0 7.093
13.0 6.777
13.0 7.106
13.0 6.764
13.0 7.175
13.0 6.794
13.0 7.111
13.0 7.014
13.0 7.362
13.0 7.066
13.0 6.354
13.0 6.63
13.0 6.881
13.0 6.964
13.0 7.079
13.0 7.246
13.0 7.359
50
10.5 3.952
11.0 6.38
12.0 6.339
12.0 6.789
12.0 6.904
12.0 6.828
12.0 7.162
12.5 7.012
12.5 6.815
13.0 6.82
13.0 6.679
13.0 6.722
13.0 6.622
13.0 6.836
13.0 7.097
13.0 6.731
13.0 6.436
13.0 6.901
13.0 7.109
13.0 7.036
13.0 7.125
13.0 6.945
13.0 6.704
13.0 6.85
13.0 7.194
13.0 6.831
13.0 6.817
13.0 6.77
13.0 6.795
13.0 7.03
13.0 6.959
13.0 6.928
13.0 6.89
13.0 6.719
13.0 7.171
13.0 7.198
13.0 6.985
13.0 6.465
13.0 6.661
13.0 6.983
13.0 7.278
13.0 7.301
13.0 7.094
13.0 6.773
13.0 7.05
13.0 6.881
13.0 6.864
13.0 6.981
13.0 7.258
13.0 6.835
50
12.5 3.783
12.5 6.568
12.5 6.788
12.5 6.686
12.5 6.975
12.5 6.762
12.5 7.022
12.5 6.83
12.5 7.059
12.5 6.851
12.5 7.007
12.5 6.609
12.5 6.843
12.5 7.193
12.5 6.73
12.5 6.667
12.5 6.84
12.5 6.762
12.5 6.914
12.5 6.872
12.5 7.049
12.5 6.707
12.5 6.627
12.5 7.125
12.5 6.727
12.5 7.376
12.5 6.671
12.5 6.965
12.5 6.159
12.5 7.219
12.5 6.891
12.5 6.79
12.5 6.677
12.5 6.96
12.5 7.08
12.5 7.004
12.5 6.859
12.5 6.767
12.5 6.892
12.5 6.822
12.5 6.927
12.5 6.986
12.5 6.725
12.5 6.956
12.5 7.235
12.5 6.915
12.5 6.685
12.5 7.103
12.5 7.011
13.0 6.735
50
12.5 3.84
12.5 6.677
12.5 6.647
12.5 6.513
12.5 6.988
12.5 6.968
12.5 6.73
12.5 7.11
12.5 6.838
13.0 6.808
13.0 7.199
13.0 7.166
13.0 7.112
13.0 6.986
13.0 6.838
13.0 7.049
13.0 6.431
13.0 6.761
13.0 6.71
13.0 7.064
13.0 7.112
13.0 6.843
13.0 7.013
13.0 7.025
13.0 7.093
13.0 7.086
13.0 6.773
13.0 6.553
13.0 7.189
13.0 6.786
13.0 6.713
13.0 7.018
13.0 6.759
13.0 7.173
13.0 7.142
13.0 6.976
13.0 6.946
13.0 7.207
13.0 7.306
13.0 7.267
13.0 7.185
13.0 6.85
13.0 6.917
13.0 7.209
13.0 7.171
13.0 6.781
13.0 6.979
13.0 7.19
13.0 6.995
13.0 6.997
50
11.5 3.843
12.5 6.397
12.5 6.614
12.5 6.932
12.5 6.743
12.5 7.043
12.5 6.614
12.5 6.882
12.5 7.03
12.5 6.982
12.5 6.715
12.5 6.768
12.5 7.028
12.5 6.877
12.5 6.985
12.5 6.667
12.5 6.739
13.0 7.138
13.0 7.154
13.0 6.819
13.0 6.843
13.0 7.021
13.0 7.027
13.0 6.71
13.0 6.759
13.0 6.937
13.0 6.788
13.0 6.86
13.0 7.042
13.0 6.731
13.0 6.682
13.0 7.204
13.0 7.018
13.0 7.01
13.0 6.964
13.0 6.896
13.0 6.78
13.0 7.091
13.0 7.003
13.0 7.059
13.0 6.956
13.0 7.079
13.0 7.09
13.0 6.962
13.0 7.179
13.0 6.97
13.0 7.066
13.0 6.759
13.0 7.019
13.0 6.942

Individual: [1, 2, 6, 7, 9, 14, 15, 18, 19, 20]
   Fitness: 13.0
     Total: 10
Violations: 2 2

Individual: [1, 3, 4, 6, 7, 14, 15, 17, 18, 20]
   Fitness: 13.0
     Total: 10
Violations: 2 2

Individual: [1, 2, 3, 6, 7, 14, 15, 16, 19, 20]
   Fitness: 13.0
     Total: 10
Violations: 2 2

Individual: [1, 3, 4, 6, 7, 14, 15, 18, 19, 20]
   Fitness: 13.0
     Total: 10
Violations: 2 2

Individual: [1, 2, 6, 7, 9, 14, 15, 17, 18, 20]
   Fitness: 13.0
     Total: 10
Violations: 2 2

Individual: [1, 2, 5, 6, 7, 14, 15, 18, 19, 20]
   Fitness: 13.0
     Total: 10
Violations: 2 2

Individual: [1, 2, 4, 5, 7, 14, 16, 17, 19, 20]
   Fitness: 13.0
     Total: 10
Violations: 2 2

Individual: [1, 2, 3, 6, 7, 14, 15, 18, 19, 20]
   Fitness: 13.0
     Total: 10
Violations: 2 2

Individual: [1, 2, 4, 5, 8, 13, 16, 17, 19, 20]
   Fitness: 13.0
     Total: 10
Violations: 2 2

Individual: [1, 2, 5, 7, 10, 14, 16, 17, 19, 20]
   Fitness: 13.0
     Total: 10
Violations: 2 2
