10
50
12.5 3.911
12.5 8.376
13.0 9.384
13.0 10.077
13.0 10.534
13.0 11.108
13.0 11.282
13.0 11.543
13.0 11.61
13.0 11.721
13.5 11.84
13.5 11.677
13.5 11.662
13.5 11.474
13.5 11.336
13.5 11.354
13.5 11.553
13.5 12.113
13.5 12.342
13.5 12.467
13.5 12.316
13.5 12.36
13.5 12.195
13.5 12.334
13.5 12.37
13.5 12.397
13.5 12.449
13.5 12.283
13.5 12.438
13.5 12.303
13.5 12.289
13.5 12.318
13.5 12.321
13.5 12.248
13.5 12.386
13.5 12.255
13.5 12.372
13.5 12.301
13.5 12.357
13.5 12.248
13.5 12.363
13.5 12.32
13.5 12.397
13.5 12.457
13.5 12.292
13.5 12.255
13.5 12.368
13.5 12.245
13.5 12.191
13.5 12.419
50
12.5 3.93
12.5 8.355
12.5 9.357
13.0 10.168
13.0 10.91
13.0 11.338
13.0 11.606
13.0 11.506
13.0 11.781
13.0 11.711
13.0 11.672
13.0 11.835
13.0 11.829
13.0 11.772
13.0 11.661
13.0 11.559
13.0 11.678
13.0 11.738
13.0 11.671
13.0 11.617
13.0 11.723
13.0 11.808
13.0 11.77
13.0 11.866
13.0 11.652
13.0 11.692
13.0 11.749
13.0 11.89
13.0 11.753
13.0 11.662
13.0 11.682
13.0 11.612
13.0 11.639
13.0 11.904
13.0 11.618
13.0 11.761
13.0 11.689
13.0 11.726
13.0 11.603
13.0 11.822
13.0 11.69
13.0 11.81
13.0 11.839
13.0 11.793
13.0 11.687
13.0 11.768
13.0 11.717
13.0 11.881
13.0 11.7
13.0 11.752
50
12.0 3.494
12.0 8.271
13.0 9.349
13.0 9.834
13.0 10.187
13.0 10.548
13.0 10.867
13.0 10.946
13.0 11.302
13.0 11.395
13.0 11.448
13.0 11.333
13.0 11.392
13.0 11.409
13.0 11.506
13.0 11.433
13.0 11.555
13.0 11.626
13.0 11.492
13.0 11.651
13.0 11.467
13.0 11.463
13.0 11.45
13.0 11.603
13.0 11.372
13.0 11.517
13.0 11.36
13.0 11.459
13.0 11.46
13.0 11.346
13.0 11.339
13.0 11.449
13.0 11.413
13.0 11.277
13.0 11.257
13.0 11.542
13.0 11.546
13.0 11.467
13.0 11.5
13.0 11.414
13.0 11.606
13.0 11.485
13.0 11.616
13.0 11.373
13.0 11.624
13.0 11.64
13.0 11.557
13.0 11.628
13.0 11.394
13.0 11.511
50
11.0 3.948
12.5 8.139
13.0 9.155
13.0 9.93
13.0 10.617
13.0 11.306
13.0 11.623
13.0 11.732
13.0 11.741
13.0 11.687
13.0 11.739
13.0 11.889
13.0 11.801
13.0 11.809
13.0 11.862
13.0 11.732
13.0 11.754
13.0 11.767
13.0 11.779
13.0 11.876
13.0 11.855
13.0 11.964
13.0 11.822
13.0 11.694
13.0 11.836
13.0 11.841
13.0 11.808
13.0 11.784
13.0 11.774
13.0 11.86
13.0 11.846
13.0 11.756
13.0 11.799
13.0 11.881
13.0 11.845
13.0 11.692
13.0 11.871
13.0 11.708
13.0 11.839
13.0 11.889
13.0 11.842
13.0 11.949
13.0 11.898
13.0 11.799
13.0 11.763
13.0 11.767
13.0 11.928
13.0 11.851
13.0 11.942
13.0 11.76
50
11.0 4.126
12.0 8.128
12.5 9.05
13.0 9.728
13.0 10.297
13.0 10.827
13.0 11.216
13.0 11.517
13.0 11.729
13.0 11.854
13.0 11.925
13.0 11.814
13.0 11.68
13.0 11.718
13.0 11.761
13.0 11.764
13.0 11.8
13.0 11.788
13.0 11.714
13.0 11.815
13.0 11.8
13.0 11.751
13.0 11.749
13.0 11.869
13.0 11.826
13.0 11.82
13.0 11.847
13.0 11.843
13.0 11.772
13.0 11.826
13.0 11.852
13.0 11.796
13.0 11.727
13.0 11.959
13.0 11.834
13.0 11.937
13.0 11.74
13.0 11.907
13.0 11.826
13.0 11.821
13.0 11.84
13.0 11.813
13.0 11.896
13.0 11.84
13.0 11.866
13.0 11.746
13.0 11.773
13.0 11.698
13.0 11.853
13.0 11.814
50
12.0 4.047
12.5 8.673
13.0 9.495
13.0 10.106
13.0 10.755
13.0 11.172
13.0 11.458
13.0 11.701
13.0 11.819
13.0 11.639
13.0 11.858
13.0 11.757
13.0 11.681
13.0 11.707
13.0 11.874
13.0 11.813
13.0 11.814
13.0 11.701
13.0 11.634
13.0 11.716
13.0 11.828
13.0 11.891
13.0 11.693
13.0 11.79
13.0 11.793
13.0 11.73
13.0 11.842
13.0 11.779
13.0 11.78
13.0 11.672
13.0 11.752
13.0 11.713
13.0 11.856
13.0 11.911
13.0 11.808
13.0 11.947
13.0 11.772
13.0 11.744
13.0 11.716
13.0 11.669
13.0 11.971
13.0 11.88
13.0 11.527
13.0 11.757
13.0 11.683
13.0 11.7
13.0 11.734
13.0 11.798
13.0 11.83
13.0 11.579
50
10.5 3.453
12.0 8.332
12.5 9.242
13.0 9.814
13.0 10.397
13.0 10.919
13.0 11.468
13.0 11.541
13.0 11.622
13.0 11.878
13.0 11.751
13.0 11.72
13.0 11.699
13.0 11.739
13.0 11.704
13.0 11.587
13.0 11.608
13.0 11.728
13.0 11.734
13.0 11.685
13.0 11.593
13.0 11.763
13.0 11.635
13.0 11.631
13.0 11.661
13.0 11.725
13.0 11.609
13.0 11.79
13.0 11.652
13.0 11.659
13.0 11.647
13.0 11.54
13.0 11.677
13.0 11.725
13.0 11.542
13.0 11.756
13.0 11.744
13.0 11.458
13.0 11.692
13.0 11.719
13.0 11.747
13.0 11.874
13.0 11.637
13.0 11.663
13.0 11.701
13.0 11.664
13.0 11.639
13.0 11.621
13.0 11.515
13.0 11.67
50
12.0 3.694
12.5 8.376
13.0 9.457
13.0 10.088
13.5 10.736
13.5 11.195
13.5 11.496
13.5 11.748
13.5 11.757
13.5 11.734
13.5 11.775
13.5 11.846
13.5 11.973
13.5 12.12
13.5 12.366
13.5 12.232
13.5 12.322
13.5 12.316
13.5 12.457
13.5 12.382
13.5 12.391
13.5 12.338
13.5 12.283
13.5 12.398
13.5 12.35
13.5 12.423
13.5 12.277
13.5 12.303
13.5 12.318
13.5 12.385
13.5 12.307
13.5 12.318
13.5 12.37
13.5 12.336
13.5 12.333
13.5 12.399
13.5 12.236
13.5 12.371
13.5 12.324
13.5 12.207
13.5 12.337
13.5 12.251
13.5 12.359
13.5 12.331
13.5 12.325
13.5 12.381
13.5 12.263
13.5 12.292
13.5 12.341
13.5 12.344
50
12.0 4.126
12.5 8.432
12.5 9.311
12.5 9.833
13.0 10.2
13.0 10.588
13.0 10.741
13.0 10.842
13.0 11.01
13.0 11.134
13.0 11.461
13.0 11.339
13.0 11.487
13.0 11.467
13.0 11.576
13.0 11.429
13.0 11.508
13.0 11.471
13.0 11.57
13.0 11.602
13.0 11.519
13.0 11.534
13.0 11.522
13.0 11.533
13.0 11.714
13.0 11.601
13.0 11.629
13.0 11.585
13.0 11.614
13.0 11.558
13.0 11.669
13.0 11.595
13.0 11.485
13.0 11.607
13.0 11.662
13.0 11.594
13.0 11.471
13.0 11.593
13.5 11.583
13.5 11.598
13.5 11.536
13.5 11.582
13.5 11.738
13.5 11.63
13.5 11.479
13.5 11.799
13.5 12.075
13.5 12.187
13.5 12.276
13.5 12.24
50
11.5 3.857
12.0 8.423
12.5 9.343
13.0 9.998
13.0 10.667
13.5 11.007
13.5 11.109
13.5 11.402
13.5 11.319
13.5 11.352
13.5 11.629
13.5 11.878
13.5 12.283
13.5 12.373
13.5 12.326
13.5 12.418
13.5 12.296
13.5 12.314
13.5 12.272
13.5 12.357
13.5 12.364
13.5 12.393
13.5 12.286
13.5 12.341
13.5 12.229
13.5 12.377
13.5 12.291
13.5 12.398
13.5 12.399
13.5 12.332
13.5 12.248
13.5 12.22
13.5 12.35
13.5 12.269
13.5 12.371
13.5 12.315
13.5 12.371
13.5 12.428
13.5 12.297
13.5 12.368
13.5 12.401
13.5 12.337
13.5 12.375
13.5 12.36
13.5 12.373
13.5 12.419
13.5 12.369
13.5 12.219
13.5 12.358
13.5 12.317

Individual: [1, 3, 6, 7, 12, 14, 15, 19, 20]
   Fitness: 13.5
     Total: 9
Violations: 0 0

Individual: [1, 2, 4, 5, 7, 14, 16, 17, 19, 20]
   Fitness: 13.0
     Total: 10
Violations: 2 2

Individual: [1, 2, 4, 5, 7, 11, 14, 16, 19, 20]
   Fitness: 13.0
     Total: 10
Violations: 2 2

Individual: [1, 2, 4, 5, 7, 8, 16, 17, 19, 20]
   Fitness: 13.0
     Total: 10
Violations: 2 2

Individual: [1, 2, 5, 6, 7, 14, 15, 18, 19, 20]
   Fitness: 13.0
     Total: 10
Violations: 2 2

Individual: [1, 2, 4, 8, 11, 13, 16, 17, 19, 20]
   Fitness: 13.0
     Total: 10
Violations: 2 2

Individual: [1, 2, 5, 6, 7, 14, 15, 16, 19, 20]
   Fitness: 13.0
     Total: 10
Violations: 2 2

Individual: [1, 2, 6, 7, 9, 14, 15, 18, 20]
   Fitness: 13.5
     Total: 9
Violations: 0 0

Individual: [1, 3, 6, 7, 12, 14, 15, 19, 20]
   Fitness: 13.5
     Total: 9
Violations: 0 0

Individual: [1, 3, 6, 7, 12, 14, 15, 19, 20]
   Fitness: 13.5
     Total: 9
Violations: 0 0
