10
100
11.5 3.835
12.0 6.898
12.5 7.881
12.5 7.927
13.0 8.533
13.0 8.568
13.0 8.407
13.0 8.81
13.0 8.791
13.0 9.004
13.0 8.824
13.0 8.834
13.0 8.641
13.0 8.918
13.0 8.632
13.0 8.807
13.0 9.012
13.0 8.999
13.0 9.068
13.0 8.946
13.0 8.969
13.0 8.918
13.0 8.688
13.0 8.983
13.0 8.899
13.0 8.992
13.0 8.778
13.5 8.665
13.5 8.897
13.5 9.115
13.5 9.173
13.5 8.962
13.5 9.118
13.5 8.809
13.5 9.279
13.5 8.693
13.5 8.818
13.5 8.745
13.5 8.701
13.5 8.903
13.5 8.815
13.5 8.705
13.5 8.885
13.5 8.813
13.5 8.666
13.5 8.798
13.5 8.654
13.5 8.878
13.5 9.097
13.5 8.936
13.5 9.05
13.5 8.902
13.5 8.781
13.5 8.997
13.5 8.756
13.5 8.906
13.5 9.066
13.5 8.998
13.5 9.127
13.5 8.856
13.5 9.052
13.5 9.202
13.5 8.888
13.5 8.972
13.5 8.835
13.5 8.75
13.5 8.848
13.5 8.917
13.5 8.981
13.5 9.134
13.5 8.856
13.5 9.054
13.5 9.037
13.5 9.02
13.5 9.107
13.5 8.702
13.5 8.942
13.5 8.658
13.5 8.63
13.5 8.792
13.5 9.1
13.5 9.02
13.5 9.046
13.5 8.722
13.5 9.04
13.5 8.953
13.5 8.899
13.5 8.791
13.5 8.951
13.5 8.867
13.5 8.702
13.5 8.875
13.5 8.782
13.5 8.98
13.5 8.948
13.5 8.813
13.5 8.885
13.5 9.064
13.5 8.983
13.5 8.838
100
12.5 3.969
12.5 6.763
12.5 7.593
12.5 7.858
13.0 7.981
13.0 8.298
13.0 8.468
13.0 8.455
13.0 8.177
13.0 8.675
13.0 8.789
13.0 8.71
13.0 8.638
13.0 8.692
13.0 8.822
13.0 9.014
13.0 8.883
13.0 8.993
13.0 8.965
13.0 8.886
13.0 8.955
13.0 9.035
13.0 8.777
13.0 8.729
13.0 9.099
13.0 8.977
13.0 8.85
13.0 8.924
13.0 8.874
13.0 9.027
13.0 9.097
13.0 8.846
13.0 8.935
13.0 8.932
13.0 9.048
13.0 8.982
13.0 8.975
13.0 8.972
13.0 9.03
13.0 9.212
13.0 8.815
13.0 9.075
13.0 8.986
13.5 8.78
13.5 8.797
13.5 8.937
13.5 8.868
13.5 8.852
13.5 9.074
13.5 8.941
13.5 9.135
13.5 8.81
13.5 9.055
13.5 8.797
13.5 8.869
13.5 8.852
13.5 9.089
13.5 9.083
13.5 9.067
13.5 9.057
13.5 8.899
13.5 8.957
13.5 8.995
13.5 9.007
13.5 8.913
13.5 8.722
13.5 8.731
13.5 8.971
13.5 9.03
13.5 9.137
13.5 9.081
13.5 9.026
13.5 9.093
13.5 8.976
13.5 9.052
13.5 8.764
13.5 9.011
13.5 8.952
13.5 9.157
13.5 8.916
13.5 9.033
13.5 8.946
13.5 8.913
13.5 9.069
13.5 9.043
13.5 9.087
13.5 9.183
13.5 9.183
13.5 8.8
13.5 9.192
13.5 9.196
13.5 8.944
13.5 8.846
13.5 8.885
13.5 8.906
13.5 8.956
13.5 8.861
13.5 8.859
13.5 9.089
13.5 9.082
100
11.5 3.611
11.5 6.843
12.5 7.624
12.5 8.022
12.5 8.011
12.5 8.305
12.5 8.174
12.5 8.123
13.0 8.556
13.0 8.506
13.0 8.794
13.0 8.597
13.0 8.5
13.0 8.534
13.0 8.932
13.0 8.802
13.0 8.568
13.0 8.783
13.0 8.659
13.0 8.994
13.0 9.033
13.0 8.967
13.0 9.113
13.0 8.793
13.0 8.929
13.0 8.889
13.0 9.089
13.0 9.176
13.0 9.017
13.0 9.185
13.0 9.126
13.0 9.032
13.0 9.12
13.0 8.926
13.0 9.036
13.0 8.889
13.0 8.667
13.0 8.5
13.0 8.957
13.0 8.974
13.0 8.883
13.0 9.013
13.0 9.066
13.0 8.92
13.0 8.973
13.0 8.748
13.0 8.982
13.0 8.991
13.0 8.931
13.0 9.059
13.0 8.837
13.0 8.892
13.0 8.899
13.0 8.844
13.0 8.891
13.0 8.955
13.0 8.885
13.0 8.854
13.0 9.0
13.0 8.933
13.0 8.892
13.0 9.039
13.0 9.027
13.0 8.672
13.0 8.966
13.0 9.113
13.0 9.032
13.0 8.97
13.0 8.785
13.0 8.921
13.0 8.978
13.0 8.917
13.0 9.061
13.0 8.819
13.0 8.887
13.0 8.903
13.0 8.903
13.0 9.053
13.0 8.884
13.0 9.08
13.0 9.217
13.0 9.248
13.0 8.915
13.0 8.884
13.0 8.993
13.0 9.03
13.0 9.135
13.0 9.049
13.0 8.815
13.0 8.884
13.0 8.796
13.0 8.891
13.0 9.138
13.0 8.914
13.0 8.968
13.0 8.85
13.0 8.951
13.0 9.051
13.0 9.065
13.0 8.501
100
12.5 3.637
12.5 6.83
12.5 7.631
12.5 7.9
12.5 8.128
13.0 8.13
13.0 8.159
13.0 8.259
13.0 8.365
13.0 8.343
13.0 8.458
13.0 8.66
13.0 8.632
13.0 8.572
13.0 8.756
13.0 8.835
13.0 8.922
13.0 8.827
13.0 8.913
13.0 8.911
13.0 9.034
13.0 9.111
13.0 8.71
13.0 8.897
13.0 8.685
13.0 8.694
13.0 8.932
13.0 8.749
13.0 8.863
13.0 8.943
13.0 8.896
13.0 8.527
13.0 8.416
13.0 8.708
13.0 8.798
13.0 8.952
13.0 9.135
13.0 8.896
13.0 8.771
13.0 8.812
13.0 8.854
13.0 8.937
13.0 8.843
13.0 8.847
13.0 8.822
13.0 8.905
13.0 8.871
13.0 8.709
13.0 8.807
13.0 8.99
13.0 8.803
13.0 8.8
13.0 8.704
13.0 9.076
13.0 9.145
13.0 8.852
13.0 8.928
13.0 8.996
13.0 8.904
13.0 8.952
13.0 8.92
13.0 8.974
13.0 8.956
13.0 8.881
13.0 8.88
13.0 8.965
13.0 8.829
13.0 8.878
13.0 8.767
13.0 8.884
13.0 8.917
13.0 8.913
13.0 8.795
13.0 8.842
13.0 8.998
13.0 8.861
13.0 8.597
13.0 8.814
13.0 8.947
13.0 8.96
13.0 8.806
13.5 8.979
13.5 9.043
13.5 9.232
13.5 9.023
13.5 8.998
13.5 9.046
13.5 8.933
13.5 8.712
13.5 8.902
13.5 8.862
13.5 8.806
13.5 8.777
13.5 8.833
13.5 8.943
13.5 8.886
13.5 8.779
13.5 8.982
13.5 8.955
13.5 8.816
100
11.0 3.592
12.0 6.975
12.0 7.481
12.5 8.094
12.5 8.107
12.5 7.993
12.5 8.185
12.5 8.294
12.5 8.594
12.5 8.837
12.5 8.791
13.0 8.733
13.0 8.722
13.0 8.737
13.0 8.869
13.0 8.818
13.0 8.934
13.0 8.807
13.0 8.804
13.0 8.736
13.0 8.987
13.0 8.859
13.0 8.891
13.0 8.726
13.0 8.903
13.0 8.943
13.0 8.939
13.0 8.994
13.0 8.615
13.0 8.841
13.0 8.636
13.0 8.885
13.0 9.046
13.0 9.045
13.0 9.149
13.0 8.614
13.0 8.851
13.0 8.908
13.0 8.855
13.0 8.986
13.0 8.872
13.0 8.919
13.0 8.842
13.0 8.962
13.0 8.996
13.0 8.952
13.0 8.809
13.0 9.049
13.0 9.052
13.0 8.872
13.0 8.852
13.0 9.007
13.0 8.872
13.0 8.759
13.0 9.043
13.0 8.827
13.0 8.8
13.0 8.649
13.0 8.803
13.0 8.647
13.0 8.855
13.0 8.765
13.0 8.966
13.0 8.859
13.0 9.049
13.0 8.928
13.0 9.119
13.0 8.662
13.0 8.873
13.0 8.993
13.0 9.077
13.0 8.731
13.0 8.946
13.0 8.832
13.0 8.672
13.0 8.887
13.0 8.695
13.0 8.984
13.0 8.9
13.0 8.841
13.0 8.767
13.0 9.011
13.0 8.537
13.0 8.943
13.0 8.539
13.0 8.873
13.0 8.979
13.0 8.862
13.0 8.79
13.0 8.871
13.5 8.744
13.5 8.898
13.5 8.831
13.5 8.9
13.5 9.004
13.5 8.91
13.5 9.06
13.5 9.07
13.5 9.031
13.5 8.946
100
12.5 3.745
12.5 6.93
12.5 7.874
12.5 8.152
12.5 8.33
12.5 8.346
12.5 8.241
13.0 8.274
13.0 8.262
13.0 8.182
13.0 8.442
13.0 8.691
13.0 8.618
13.0 8.602
13.0 8.464
13.0 8.703
13.0 8.508
13.0 8.701
13.0 8.727
13.0 8.796
13.0 8.674
13.0 8.898
13.0 8.856
13.0 8.716
13.0 8.749
13.0 8.771
13.0 8.822
13.0 8.701
13.0 8.955
13.0 8.851
13.0 9.188
13.0 8.92
13.0 9.01
13.0 9.045
13.0 9.174
13.0 9.136
13.0 8.925
13.0 9.044
13.0 9.101
13.0 9.089
13.0 9.047
13.0 9.055
13.0 9.047
13.0 8.768
13.0 8.982
13.0 9.079
13.0 8.929
13.0 8.867
13.0 8.909
13.0 8.924
13.0 8.817
13.0 9.038
13.0 8.872
13.0 9.013
13.0 8.971
13.0 9.023
13.0 8.965
13.0 8.604
13.0 8.818
13.0 9.022
13.0 9.044
13.0 8.977
13.0 8.99
13.0 8.901
13.0 8.778
13.0 8.925
13.5 9.035
13.5 8.835
13.5 8.788
13.5 8.881
13.5 8.862
13.5 8.918
13.5 8.759
13.5 8.959
13.5 8.952
13.5 8.782
13.5 8.954
13.5 8.972
13.5 8.861
13.5 8.849
13.5 8.695
13.5 8.959
13.5 9.001
13.5 9.16
13.5 8.997
13.5 9.001
13.5 8.995
13.5 9.008
13.5 8.98
13.5 8.879
13.5 8.842
13.5 8.862
13.5 8.904
13.5 8.887
13.5 9.111
13.5 8.779
13.5 9.061
13.5 9.089
13.5 9.042
13.5 8.969
100
11.5 4.246
12.5 7.045
12.5 7.933
12.5 8.265
12.5 8.295
12.5 8.324
13.0 8.518
13.0 8.53
13.0 8.706
13.0 8.716
13.0 8.543
13.0 8.84
13.0 8.866
13.0 8.748
13.0 8.719
13.0 9.004
13.5 9.213
13.5 8.864
13.5 8.76
13.5 8.962
13.5 9.091
13.5 8.936
13.5 9.052
13.5 9.033
13.5 8.762
13.5 8.783
13.5 8.78
13.5 8.994
13.5 9.072
13.5 8.771
13.5 8.782
13.5 8.813
13.5 8.904
13.5 8.962
13.5 8.877
13.5 8.684
13.5 8.977
13.5 8.847
13.5 9.087
13.5 9.006
13.5 9.08
13.5 9.032
13.5 9.207
13.5 9.114
13.5 9.132
13.5 8.903
13.5 9.113
13.5 9.146
13.5 9.133
13.5 9.037
13.5 8.876
13.5 8.854
13.5 9.072
13.5 9.295
13.5 9.055
13.5 8.889
13.5 9.062
13.5 8.848
13.5 8.94
13.5 8.884
13.5 9.182
13.5 9.142
13.5 8.851
13.5 9.068
13.5 9.092
13.5 9.244
13.5 9.209
13.5 9.278
13.5 9.177
13.5 9.127
13.5 8.777
13.5 9.02
13.5 8.859
13.5 9.091
13.5 9.14
13.5 9.198
13.5 9.141
13.5 8.902
13.5 8.993
13.5 9.112
13.5 9.067
13.5 8.923
13.5 8.704
13.5 8.913
13.5 8.896
13.5 9.228
13.5 8.93
13.5 9.033
13.5 9.201
13.5 9.038
13.5 8.863
13.5 8.91
13.5 8.808
13.5 9.085
13.5 9.081
13.5 9.098
13.5 9.17
13.5 9.011
13.5 8.882
13.5 8.93
100
11.5 3.546
11.5 7.017
12.0 7.798
12.0 8.14
12.5 8.265
12.5 8.309
12.5 8.558
12.5 8.418
12.5 8.562
13.0 8.68
13.0 8.754
13.0 8.852
13.0 8.609
13.0 8.693
13.0 8.85
13.0 9.077
13.0 8.864
13.0 8.944
13.0 9.009
13.0 8.543
13.0 9.075
13.0 9.081
13.0 9.08
13.0 8.778
13.5 9.004
13.5 8.807
13.5 8.903
13.5 8.878
13.5 8.878
13.5 8.746
13.5 9.106
13.5 8.944
13.5 8.68
13.5 8.945
13.5 8.91
13.5 8.959
13.5 8.891
13.5 8.804
13.5 8.702
13.5 8.525
13.5 8.827
13.5 8.761
13.5 8.838
13.5 9.198
13.5 8.943
13.5 9.089
13.5 8.925
13.5 9.12
13.5 9.031
13.5 8.821
13.5 8.84
13.5 8.946
13.5 8.584
13.5 9.003
13.5 8.986
13.5 9.093
13.5 9.064
13.5 8.976
13.5 8.883
13.5 9.086
13.5 9.154
13.5 8.962
13.5 9.137
13.5 9.169
13.5 9.014
13.5 9.182
13.5 9.148
13.5 9.123
13.5 9.177
13.5 9.184
13.5 9.019
13.5 8.912
13.5 8.943
13.5 9.136
13.5 8.98
13.5 8.981
13.5 9.001
13.5 9.192
13.5 9.097
13.5 9.05
13.5 9.094
13.5 9.218
13.5 8.925
13.5 8.944
13.5 9.068
13.5 8.781
13.5 9.085
13.5 8.915
13.5 8.518
13.5 9.117
13.5 9.231
13.5 8.989
13.5 8.908
13.5 9.087
13.5 8.683
13.5 8.967
13.5 9.103
13.5 9.147
13.5 9.039
13.5 8.942
100
11.0 3.7
11.5 6.964
12.0 7.777
12.0 7.796
12.0 7.916
12.0 8.25
12.0 8.222
12.5 8.396
12.5 8.549
13.0 8.612
13.0 8.551
13.0 8.644
13.0 8.479
13.0 8.562
13.0 8.443
13.0 8.509
13.0 8.456
13.0 8.614
13.0 8.565
13.0 8.571
13.0 8.732
13.5 8.732
13.5 8.494
13.5 8.65
13.5 8.565
13.5 8.486
13.5 8.672
13.5 8.367
13.5 8.562
13.5 8.743
13.5 8.686
13.5 8.796
13.5 8.81
13.5 8.593
13.5 8.929
13.5 8.471
13.5 8.358
13.5 8.625
13.5 8.931
13.5 8.654
13.5 8.712
13.5 8.674
13.5 8.787
13.5 8.739
13.5 8.946
13.5 8.859
13.5 8.898
13.5 9.288
13.5 8.999
13.5 9.066
13.5 9.183
13.5 9.14
13.5 9.16
13.5 9.049
13.5 9.065
13.5 9.199
13.5 9.088
13.5 9.23
13.5 8.793
13.5 9.107
13.5 8.743
13.5 8.803
13.5 8.905
13.5 9.054
13.5 9.125
13.5 9.071
13.5 9.086
13.5 9.147
13.5 9.082
13.5 8.918
13.5 9.08
13.5 8.983
13.5 9.095
13.5 9.078
13.5 9.204
13.5 9.09
13.5 9.116
13.5 9.003
13.5 9.115
13.5 8.928
13.5 8.74
13.5 9.3
13.5 9.035
13.5 9.013
13.5 8.85
13.5 9.08
13.5 9.023
13.5 8.893
13.5 8.972
13.5 8.919
13.5 9.01
13.5 9.072
13.5 9.017
13.5 8.71
13.5 9.045
13.5 9.132
13.5 9.075
13.5 9.181
13.5 9.102
13.5 9.379
100
12.0 3.352
12.0 7.015
12.5 7.756
12.5 8.035
12.5 8.247
13.0 8.378
13.0 8.244
13.0 8.399
13.0 8.58
13.0 8.755
13.0 8.627
13.0 8.909
13.0 8.761
13.5 8.732
13.5 8.664
13.5 8.785
13.5 8.643
13.5 8.775
13.5 8.944
13.5 8.907
13.5 9.157
13.5 9.031
13.5 9.024
13.5 9.287
13.5 9.174
13.5 9.047
13.5 9.078
13.5 9.004
13.5 8.858
13.5 8.947
13.5 8.829
13.5 8.78
13.5 8.921
13.5 8.89
13.5 8.652
13.5 8.831
13.5 9.151
13.5 8.776
13.5 8.957
13.5 9.009
13.5 8.908
13.5 9.021
13.5 8.998
13.5 9.09
13.5 8.984
13.5 8.836
13.5 9.214
13.5 8.961
13.5 9.223
13.5 9.141
13.5 9.042
13.5 9.151
13.5 8.784
13.5 8.985
13.5 8.891
13.5 9.012
13.5 8.911
13.5 9.002
13.5 9.242
13.5 8.969
13.5 9.007
13.5 9.17
13.5 9.146
13.5 9.185
13.5 9.226
13.5 9.002
13.5 9.168
13.5 9.211
13.5 9.282
13.5 8.988
13.5 9.051
13.5 9.074
13.5 8.905
13.5 9.072
13.5 9.22
13.5 9.345
13.5 9.202
13.5 9.005
13.5 9.179
13.5 9.186
13.5 9.094
13.5 9.078
13.5 8.847
13.5 9.051
13.5 9.107
13.5 9.246
13.5 9.139
13.5 9.106
13.5 9.138
13.5 9.048
13.5 9.163
13.5 9.073
13.5 9.044
13.5 9.071
13.5 8.741
13.5 9.038
13.5 9.185
13.5 9.242
13.5 9.233
13.5 8.663

Individual: [1, 3, 6, 7, 12, 14, 15, 19, 20]
   Fitness: 13.5
     Total: 9
Violations: 0 0

Individual: [1, 3, 6, 7, 12, 14, 15, 19, 20]
   Fitness: 13.5
     Total: 9
Violations: 0 0

Individual: [1, 2, 4, 5, 13, 14, 16, 17, 19, 20]
   Fitness: 13.0
     Total: 10
Violations: 2 2

Individual: [1, 2, 6, 7, 9, 14, 15, 18, 20]
   Fitness: 13.5
     Total: 9
Violations: 0 0

Individual: [1, 3, 6, 7, 12, 14, 15, 19, 20]
   Fitness: 13.5
     Total: 9
Violations: 0 0

Individual: [1, 3, 6, 7, 12, 14, 15, 19, 20]
   Fitness: 13.5
     Total: 9
Violations: 0 0

Individual: [1, 3, 6, 7, 12, 14, 15, 19, 20]
   Fitness: 13.5
     Total: 9
Violations: 0 0

Individual: [1, 3, 6, 7, 12, 14, 15, 19, 20]
   Fitness: 13.5
     Total: 9
Violations: 0 0

Individual: [1, 3, 6, 7, 12, 14, 15, 19, 20]
   Fitness: 13.5
     Total: 9
Violations: 0 0

Individual: [1, 2, 6, 7, 9, 14, 15, 18, 20]
   Fitness: 13.5
     Total: 9
Violations: 0 0
