10
500
12.0 3.844
12.0 7.918
13.5 8.793
13.5 9.277
13.5 9.919
13.5 10.077
13.5 10.384
13.5 10.604
13.5 10.901
13.5 10.861
13.5 10.997
13.5 11.142
13.5 11.498
13.5 11.506
13.5 11.465
13.5 11.672
13.5 11.512
13.5 11.472
13.5 11.579
13.5 11.391
13.5 11.463
13.5 11.702
13.5 11.362
13.5 11.694
13.5 11.546
13.5 11.661
13.5 11.689
13.5 11.774
13.5 11.646
13.5 11.692
13.5 11.694
13.5 11.413
13.5 11.524
13.5 11.258
13.5 11.602
13.5 11.602
13.5 11.686
13.5 11.726
13.5 11.487
13.5 11.888
13.5 11.32
13.5 11.6
13.5 11.518
13.5 11.67
13.5 11.8
13.5 11.737
13.5 11.46
13.5 11.756
13.5 11.715
13.5 11.643
13.5 11.693
13.5 11.652
13.5 11.765
13.5 11.511
13.5 11.606
13.5 11.523
13.5 11.524
13.5 11.467
13.5 11.553
13.5 11.312
13.5 11.81
13.5 11.831
13.5 11.61
13.5 11.498
13.5 11.488
13.5 11.307
13.5 11.69
13.5 11.563
13.5 11.499
13.5 11.583
13.5 11.734
13.5 11.565
13.5 11.407
13.5 11.588
13.5 11.562
13.5 11.844
13.5 11.687
13.5 11.723
13.5 11.697
13.5 11.56
13.5 11.731
13.5 11.628
13.5 11.511
13.5 11.422
13.5 11.32
13.5 11.611
13.5 11.402
13.5 11.407
13.5 11.403
13.5 11.509
13.5 11.741
13.5 11.505
13.5 11.489
13.5 11.717
13.5 11.702
13.5 11.696
13.5 11.678
13.5 11.663
13.5 11.629
13.5 11.456
13.5 11.722
13.5 11.562
13.5 11.601
13.5 11.494
13.5 11.187
13.5 11.543
13.5 11.692
13.5 11.425
13.5 11.49
13.5 11.583
13.5 11.62
13.5 11.579
13.5 11.593
13.5 11.699
13.5 11.719
13.5 11.772
13.5 11.162
13.5 11.7
13.5 11.717
13.5 11.478
13.5 11.593
13.5 11.851
13.5 11.387
13.5 11.695
13.5 11.498
13.5 11.435
13.5 11.972
13.5 11.794
13.5 11.589
13.5 11.771
13.5 11.676
13.5 11.327
13.5 11.503
13.5 11.7
13.5 11.798
13.5 11.463
13.5 11.451
13.5 11.485
13.5 11.45
13.5 11.514
13.5 11.425
13.5 11.756
13.5 11.55
13.5 11.736
13.5 11.741
13.5 11.708
13.5 11.64
13.5 11.858
13.5 11.535
13.5 11.5
13.5 11.534
13.5 11.674
13.5 11.575
13.5 11.826
13.5 11.696
13.5 11.524
13.5 11.64
13.5 11.563
13.5 11.644
13.5 11.358
13.5 11.717
13.5 11.393
13.5 11.666
13.5 11.486
13.5 11.557
13.5 11.472
13.5 11.584
13.5 11.655
13.5 11.526
13.5 11.703
13.5 11.445
13.5 11.505
13.5 11.549
13.5 11.535
13.5 11.644
13.5 11.584
13.5 11.442
13.5 11.445
13.5 11.753
13.5 11.501
13.5 11.613
13.5 11.365
13.5 11.527
13.5 11.367
13.5 11.581
13.5 11.533
13.5 11.409
13.5 11.527
13.5 11.551
13.5 11.63
13.5 11.689
13.5 11.485
13.5 11.655
13.5 11.465
13.5 11.595
13.5 11.554
13.5 11.825
13.5 11.619
13.5 11.486
13.5 11.62
13.5 11.451
13.5 11.383
13.5 11.573
13.5 11.584
13.5 11.453
13.5 11.36
13.5 11.593
13.5 11.569
13.5 11.541
13.5 11.661
13.5 11.444
13.5 11.654
13.5 11.364
13.5 11.573
13.5 11.199
13.5 11.6
13.5 11.686
13.5 11.43
13.5 11.371
13.5 11.649
13.5 11.59
13.5 11.681
13.5 11.597
13.5 11.558
13.5 11.614
13.5 11.837
13.5 11.698
13.5 11.54
13.5 11.315
13.5 11.663
13.5 11.607
13.5 11.532
13.5 11.519
13.5 11.345
13.5 11.705
13.5 11.57
13.5 11.534
13.5 11.479
13.5 11.618
13.5 11.598
13.5 11.644
13.5 11.338
13.5 11.574
13.5 11.677
13.5 11.571
13.5 11.718
13.5 11.748
13.5 11.607
13.5 11.388
13.5 11.748
13.5 11.477
13.5 11.328
13.5 11.608
13.5 11.507
13.5 11.827
13.5 11.684
13.5 11.606
13.5 11.513
13.5 11.468
13.5 11.61
13.5 11.572
13.5 11.737
13.5 11.69
13.5 11.573
13.5 11.551
13.5 11.578
13.5 11.444
13.5 11.614
13.5 11.776
13.5 11.556
13.5 11.604
13.5 11.718
13.5 11.559
13.5 11.46
13.5 11.561
13.5 11.821
13.5 11.57
13.5 11.579
13.5 11.353
13.5 11.519
13.5 11.412
13.5 11.609
13.5 11.539
13.5 11.64
13.5 11.454
13.5 11.622
13.5 11.577
13.5 11.701
13.5 11.789
13.5 11.662
13.5 11.492
13.5 11.572
13.5 11.465
13.5 11.683
13.5 11.328
13.5 11.681
13.5 11.645
13.5 11.818
13.5 11.5
13.5 11.643
13.5 11.692
13.5 11.507
13.5 11.539
13.5 11.475
13.5 11.606
13.5 11.492
13.5 11.471
13.5 11.656
13.5 11.532
13.5 11.638
13.5 11.571
13.5 11.612
13.5 11.554
13.5 11.455
13.5 11.629
13.5 11.305
13.5 11.857
13.5 11.596
13.5 11.553
13.5 11.56
13.5 11.764
13.5 11.779
13.5 11.602
13.5 11.786
13.5 11.444
13.5 11.682
13.5 11.605
13.5 11.562
13.5 11.714
13.5 11.432
13.5 11.57
13.5 11.637
13.5 11.661
13.5 11.85
13.5 11.493
13.5 11.478
13.5 11.823
13.5 11.595
13.5 11.583
13.5 11.751
13.5 11.681
13.5 11.598
13.5 11.689
13.5 11.514
13.5 11.66
13.5 11.546
13.5 11.674
13.5 11.483
13.5 11.493
13.5 11.684
13.5 11.467
13.5 11.713
13.5 11.729
13.5 11.675
13.5 11.411
13.5 11.423
13.5 11.631
13.5 11.61
13.5 11.583
13.5 11.566
13.5 11.241
13.5 11.437
13.5 11.637
13.5 11.717
13.5 11.557
13.5 11.529
13.5 11.446
13.5 11.339
13.5 11.468
13.5 11.447
13.5 11.212
13.5 11.552
13.5 11.539
13.5 11.359
13.5 11.573
13.5 11.65
13.5 11.77
13.5 11.608
13.5 11.418
13.5 11.489
13.5 11.621
13.5 11.813
13.5 11.508
13.5 11.656
13.5 11.491
13.5 11.643
13.5 11.426
13.5 11.701
13.5 11.622
13.5 11.789
13.5 11.577
13.5 11.67
13.5 11.675
13.5 11.546
13.5 11.604
13.5 11.625
13.5 11.659
13.5 11.874
13.5 11.686
13.5 11.58
13.5 11.549
13.5 11.519
13.5 11.856
13.5 11.488
13.5 11.497
13.5 11.734
13.5 11.524
13.5 11.59
13.5 11.876
13.5 11.467
13.5 11.471
13.5 11.762
13.5 11.745
13.5 11.645
13.5 11.579
13.5 11.768
13.5 11.873
13.5 11.812
13.5 11.759
13.5 11.562
13.5 11.587
13.5 11.575
13.5 11.649
13.5 11.922
13.5 11.684
13.5 11.565
13.5 11.839
13.5 11.644
13.5 11.642
13.5 11.5
13.5 11.632
13.5 11.761
13.5 11.574
13.5 11.564
13.5 11.56
13.5 11.408
13.5 11.2
13.5 11.449
13.5 11.532
13.5 11.774
13.5 11.679
13.5 11.744
13.5 11.581
13.5 11.597
13.5 11.853
13.5 11.8
13.5 11.846
13.5 11.561
13.5 11.462
13.5 11.491
13.5 11.659
13.5 11.728
13.5 11.603
13.5 11.161
13.5 11.364
13.5 11.655
13.5 11.62
13.5 11.596
13.5 11.668
13.5 11.615
13.5 11.578
13.5 11.557
13.5 11.49
13.5 11.509
13.5 11.735
13.5 11.611
13.5 11.417
13.5 11.538
13.5 11.562
13.5 11.69
13.5 11.497
13.5 11.652
13.5 11.545
13.5 11.643
13.5 11.481
13.5 11.382
13.5 11.593
13.5 11.534
13.5 11.739
13.5 11.667
13.5 11.539
13.5 11.806
13.5 11.804
13.5 11.62
13.5 11.61
13.5 11.499
13.5 11.74
13.5 11.796
13.5 11.547
13.5 11.389
13.5 11.518
13.5 11.547
13.5 11.404
13.5 11.686
13.5 11.67
13.5 11.489
13.5 11.488
13.5 11.707
13.5 11.532
13.5 11.589
500
11.0 3.866
12.0 7.914
12.5 8.314
13.0 9.404
13.0 10.343
13.0 10.276
13.0 10.845
13.5 10.933
13.5 11.154
13.5 11.222
13.5 11.032
13.5 11.199
13.5 11.103
13.5 11.184
13.5 11.028
13.5 11.19
13.5 11.234
13.5 10.957
13.5 11.134
13.5 10.952
13.5 10.923
13.5 11.02
13.5 11.06
13.5 10.986
13.5 11.171
13.5 11.248
13.5 11.137
13.5 11.317
13.5 11.367
13.5 11.197
13.5 11.289
13.5 11.218
13.5 11.317
13.5 11.201
13.5 11.009
13.5 11.509
13.5 11.617
13.5 11.506
13.5 11.408
13.5 11.207
13.5 11.425
13.5 11.456
13.5 11.201
13.5 11.489
13.5 11.273
13.5 11.233
13.5 11.462
13.5 11.186
13.5 11.48
13.5 11.301
13.5 11.225
13.5 11.526
13.5 11.373
13.5 11.312
13.5 11.33
13.5 11.431
13.5 11.505
13.5 11.378
13.5 11.385
13.5 11.333
13.5 11.346
13.5 11.27
13.5 11.306
13.5 11.245
13.5 11.346
13.5 11.598
13.5 11.487
13.5 11.053
13.5 11.2
13.5 11.297
13.5 11.339
13.5 11.108
13.5 11.284
13.5 11.527
13.5 11.63
13.5 11.616
13.5 11.282
13.5 11.318
13.5 11.36
13.5 11.455
13.5 11.264
13.5 11.456
13.5 11.435
13.5 11.178
13.5 11.436
13.5 11.337
13.5 11.351
13.5 11.549
13.5 11.501
13.5 11.312
13.5 11.436
13.5 11.461
13.5 11.228
13.5 11.097
13.5 11.127
13.5 10.768
13.5 11.252
13.5 11.176
13.5 11.447
13.5 11.396
13.5 11.468
13.5 11.309
13.5 11.291
13.5 11.482
13.5 11.479
13.5 11.18
13.5 11.578
13.5 11.288
13.5 11.346
13.5 11.625
13.5 11.459
13.5 11.322
13.5 11.271
13.5 11.262
13.5 11.444
13.5 11.337
13.5 11.347
13.5 11.134
13.5 11.404
13.5 11.45
13.5 11.171
13.5 11.473
13.5 11.337
13.5 11.283
13.5 11.491
13.5 11.386
13.5 11.53
13.5 11.571
13.5 11.084
13.5 11.003
13.5 11.58
13.5 11.213
13.5 11.043
13.5 11.325
13.5 11.308
13.5 11.266
13.5 11.446
13.5 11.177
13.5 11.178
13.5 11.401
13.5 11.253
13.5 11.333
13.5 11.56
13.5 11.447
13.5 11.48
13.5 11.436
13.5 11.509
13.5 11.514
13.5 11.446
13.5 11.389
13.5 11.417
13.5 11.429
13.5 11.33
13.5 11.545
13.5 11.496
13.5 11.256
13.5 10.9
13.5 11.131
13.5 11.142
13.5 11.174
13.5 11.134
13.5 11.429
13.5 11.229
13.5 11.46
13.5 11.459
13.5 11.343
13.5 11.223
13.5 11.387
13.5 11.304
13.5 11.17
13.5 11.299
13.5 11.395
13.5 11.276
13.5 11.069
13.5 11.285
13.5 11.478
13.5 11.167
13.5 11.174
13.5 11.333
13.5 11.328
13.5 11.314
13.5 11.295
13.5 11.26
13.5 11.412
13.5 11.28
13.5 11.098
13.5 11.074
13.5 10.975
13.5 11.399
13.5 11.437
13.5 11.528
13.5 11.292
13.5 11.24
13.5 11.361
13.5 11.426
13.5 11.414
13.5 11.38
13.5 11.307
13.5 11.262
13.5 10.91
13.5 11.389
13.5 11.385
13.5 11.132
13.5 11.137
13.5 11.228
13.5 11.17
13.5 11.272
13.5 11.178
13.5 11.199
13.5 11.262
13.5 11.337
13.5 11.47
13.5 11.278
13.5 11.069
13.5 11.331
13.5 11.414
13.5 11.264
13.5 11.476
13.5 11.458
13.5 11.51
13.5 11.612
13.5 11.687
13.5 11.498
13.5 11.404
13.5 11.346
13.5 11.257
13.5 11.322
13.5 11.335
13.5 11.064
13.5 11.133
13.5 11.125
13.5 11.246
13.5 11.336
13.5 11.419
13.5 11.448
13.5 11.556
13.5 11.648
13.5 11.41
13.5 11.319
13.5 11.541
13.5 11.335
13.5 11.451
13.5 11.337
13.5 11.571
13.5 11.237
13.5 11.316
13.5 11.054
13.5 11.142
13.5 11.041
13.5 11.173
13.5 11.36
13.5 11.474
13.5 11.571
13.5 11.096
13.5 11.292
13.5 11.346
13.5 11.317
13.5 11.441
13.5 11.061
13.5 11.218
13.5 11.147
13.5 11.252
13.5 11.498
13.5 11.415
13.5 11.654
13.5 11.299
13.5 11.426
13.5 11.551
13.5 11.443
13.5 11.399
13.5 11.314
13.5 11.283
13.5 11.377
13.5 11.221
13.5 11.384
13.5 11.359
13.5 11.397
13.5 11.248
13.5 11.524
13.5 11.566
13.5 11.307
13.5 11.499
13.5 11.428
13.5 11.387
13.5 11.417
13.5 11.458
13.5 11.393
13.5 11.494
13.5 11.638
13.5 11.372
13.5 11.335
13.5 11.184
13.5 11.303
13.5 11.481
13.5 11.213
13.5 11.337
13.5 11.042
13.5 11.224
13.5 11.355
13.5 11.098
13.5 11.293
13.5 11.545
13.5 11.061
13.5 11.367
13.5 11.282
13.5 11.124
13.5 11.071
13.5 11.335
13.5 11.164
13.5 11.202
13.5 11.429
13.5 11.413
13.5 11.184
13.5 11.349
13.5 11.338
13.5 11.247
13.5 11.19
13.5 11.341
13.5 11.361
13.5 11.538
13.5 11.423
13.5 11.535
13.5 11.618
13.5 11.413
13.5 11.634
13.5 11.402
13.5 11.431
13.5 11.63
13.5 11.409
13.5 11.428
13.5 11.468
13.5 11.608
13.5 11.367
13.5 11.602
13.5 11.386
13.5 11.475
13.5 11.596
13.5 11.35
13.5 11.494
13.5 11.208
13.5 10.744
13.5 11.051
13.5 11.224
13.5 11.151
13.5 11.2
13.5 11.412
13.5 11.333
13.5 11.399
13.5 11.463
13.5 11.478
13.5 11.433
13.5 11.182
13.5 11.314
13.5 11.378
13.5 11.388
13.5 11.533
13.5 11.265
13.5 11.324
13.5 11.371
13.5 11.306
13.5 11.344
13.5 11.418
13.5 11.366
13.5 11.541
13.5 11.451
13.5 11.262
13.5 11.558
13.5 11.464
13.5 11.511
13.5 11.534
13.5 11.35
13.5 11.365
13.5 11.504
13.5 11.298
13.5 11.289
13.5 11.5
13.5 11.556
13.5 11.38
13.5 11.0
13.5 11.294
13.5 11.443
13.5 11.465
13.5 11.349
13.5 11.343
13.5 11.316
13.5 11.275
13.5 11.347
13.5 11.559
13.5 11.538
13.5 11.36
13.5 11.212
13.5 11.185
13.5 11.147
13.5 11.201
13.5 11.63
13.5 11.489
13.5 11.417
13.5 11.459
13.5 11.25
13.5 11.357
13.5 11.382
13.5 11.413
13.5 11.36
13.5 11.448
13.5 11.462
13.5 11.382
13.5 11.211
13.5 11.395
13.5 11.465
13.5 11.441
13.5 11.493
13.5 11.181
13.5 11.268
13.5 11.304
13.5 11.511
13.5 11.189
13.5 11.458
13.5 11.478
13.5 11.507
13.5 11.272
13.5 11.309
13.5 11.502
13.5 11.374
13.5 11.159
13.5 11.193
13.5 11.242
13.5 11.366
13.5 11.203
13.5 11.52
13.5 11.202
13.5 11.324
13.5 11.208
13.5 11.292
13.5 11.361
13.5 11.026
13.5 11.0
13.5 11.223
13.5 11.492
13.5 11.583
13.5 11.326
13.5 11.349
13.5 11.527
13.5 11.524
13.5 11.299
13.5 11.525
13.5 11.43
13.5 11.32
13.5 11.368
13.5 11.319
13.5 11.521
13.5 11.575
13.5 11.467
13.5 11.371
13.5 11.183
13.5 11.468
13.5 11.465
13.5 11.437
13.5 11.558
13.5 11.539
13.5 11.098
13.5 11.283
13.5 11.335
13.5 11.44
13.5 11.344
13.5 11.466
13.5 11.007
13.5 11.196
13.5 11.029
13.5 11.415
13.5 11.167
13.5 11.158
13.5 11.311
13.5 11.358
13.5 11.429
13.5 11.39
13.5 11.162
13.5 11.467
13.5 11.268
13.5 11.199
13.5 11.217
13.5 11.056
13.5 11.168
13.5 11.346
13.5 11.267
13.5 11.536
13.5 11.17
13.5 11.204
13.5 11.503
13.5 11.471
13.5 11.35
13.5 11.349
13.5 11.242
13.5 11.335
13.5 11.333
13.5 11.416
13.5 11.527
13.5 11.423
13.5 11.303
13.5 11.355
13.5 11.4
500
11.5 4.236
12.0 8.041
12.5 8.669
12.5 9.289
13.0 9.641
13.0 9.785
13.0 10.541
13.0 10.793
13.0 10.837
13.0 11.008
13.0 10.967
13.0 11.16
13.0 11.084
13.0 10.912
13.0 10.855
13.0 10.806
13.0 10.623
13.0 10.933
13.0 10.927
13.0 10.964
13.0 11.109
13.0 10.881
13.0 11.145
13.0 10.967
13.0 10.975
13.0 10.927
13.0 10.854
13.0 10.882
13.0 10.832
13.0 11.03
13.0 11.034
13.0 10.837
13.0 10.778
13.0 10.988
13.0 10.825
13.0 10.937
13.0 10.867
13.0 10.812
13.0 10.683
13.0 10.977
13.0 10.779
13.0 10.778
13.0 10.536
13.0 10.713
13.0 11.071
13.0 11.32
13.0 10.941
13.0 10.885
13.0 10.953
13.0 11.147
13.0 11.114
13.0 10.869
13.0 10.75
13.0 10.963
13.0 11.055
13.0 10.888
13.0 11.056
13.0 10.979
13.0 10.86
13.0 11.171
13.0 11.075
13.0 10.814
13.0 10.776
13.0 10.806
13.0 10.407
13.0 10.835
13.0 10.659
13.0 10.742
13.0 11.024
13.0 10.544
13.0 10.905
13.0 10.82
13.0 10.543
13.0 10.935
13.0 10.988
13.0 10.646
13.0 10.822
13.0 10.929
13.0 10.95
13.0 11.02
13.0 10.932
13.0 10.734
13.0 10.986
13.0 10.823
13.0 10.772
13.0 10.872
13.0 11.065
13.0 10.993
13.0 10.756
13.0 11.073
13.0 10.878
13.0 10.947
13.0 10.865
13.0 11.0
13.0 11.026
13.0 10.895
13.0 10.859
13.0 10.936
13.0 11.02
13.0 10.746
13.0 10.814
13.0 10.788
13.0 10.846
13.0 10.905
13.0 10.731
13.0 10.881
13.0 11.016
13.0 10.828
13.0 10.832
13.0 11.138
13.0 10.774
13.0 10.881
13.0 11.016
13.0 10.769
13.0 10.643
13.0 11.163
13.0 10.86
13.0 10.864
13.0 10.851
13.0 10.903
13.0 10.823
13.0 10.597
13.0 10.932
13.0 10.726
13.0 10.791
13.0 11.044
13.0 10.913
13.0 10.97
13.0 10.978
13.0 10.973
13.0 10.711
13.0 10.77
13.0 10.802
13.0 10.874
13.0 11.039
13.0 11.059
13.0 11.059
13.0 11.051
13.0 11.027
13.0 11.061
13.0 10.889
13.0 10.796
13.0 10.94
13.0 11.038
13.0 10.985
13.0 11.138
13.0 10.937
13.0 11.008
13.0 10.833
13.0 11.073
13.0 10.94
13.0 10.799
13.0 10.97
13.0 10.777
13.0 10.723
13.0 10.916
13.0 10.971
13.0 11.064
13.0 10.832
13.0 10.744
13.0 10.945
13.0 10.938
13.0 10.804
13.0 10.652
13.0 10.944
13.0 10.816
13.0 10.76
13.0 10.992
13.0 10.683
13.0 10.858
13.0 11.085
13.0 11.069
13.0 11.048
13.0 11.041
13.0 10.824
13.0 11.051
13.0 10.966
13.0 11.152
13.0 11.073
13.0 11.058
13.0 10.739
13.0 10.852
13.0 11.235
13.0 10.812
13.0 10.933
13.0 11.116
13.0 10.95
13.0 11.04
13.0 10.821
13.0 11.07
13.0 11.026
13.0 10.779
13.0 11.089
13.0 10.946
13.0 10.909
13.0 10.986
13.0 11.135
13.0 10.882
13.0 11.187
13.0 11.037
13.0 11.104
13.0 11.018
13.0 10.834
13.0 11.024
13.0 11.024
13.0 10.952
13.0 10.955
13.0 11.001
13.0 10.951
13.0 10.929
13.0 10.905
13.0 10.87
13.0 10.915
13.0 10.848
13.0 10.918
13.0 10.788
13.0 10.776
13.0 10.651
13.0 10.759
13.0 10.721
13.0 11.026
13.0 10.812
13.5 10.946
13.5 11.091
13.5 11.094
13.5 11.121
13.5 10.511
13.5 10.796
13.5 10.594
13.5 10.618
13.5 10.833
13.5 11.078
13.5 11.48
13.5 11.579
13.5 11.633
13.5 11.562
13.5 11.427
13.5 11.625
13.5 11.782
13.5 11.533
13.5 11.459
13.5 11.605
13.5 11.249
13.5 11.664
13.5 11.527
13.5 11.637
13.5 11.65
13.5 11.603
13.5 11.739
13.5 11.715
13.5 11.282
13.5 11.593
13.5 11.609
13.5 11.571
13.5 11.66
13.5 11.439
13.5 11.693
13.5 11.701
13.5 11.589
13.5 11.559
13.5 11.503
13.5 11.322
13.5 11.619
13.5 11.693
13.5 11.617
13.5 11.585
13.5 11.627
13.5 11.616
13.5 11.75
13.5 11.568
13.5 11.667
13.5 11.676
13.5 11.499
13.5 11.63
13.5 11.334
13.5 11.441
13.5 11.321
13.5 11.513
13.5 11.536
13.5 11.355
13.5 11.459
13.5 11.672
13.5 11.562
13.5 11.531
13.5 11.218
13.5 11.324
13.5 11.361
13.5 11.569
13.5 11.361
13.5 11.406
13.5 11.483
13.5 11.619
13.5 11.607
13.5 11.49
13.5 11.46
13.5 11.41
13.5 11.742
13.5 11.888
13.5 11.585
13.5 11.603
13.5 11.455
13.5 11.665
13.5 11.665
13.5 11.474
13.5 11.658
13.5 11.636
13.5 11.651
13.5 11.472
13.5 11.644
13.5 11.363
13.5 11.577
13.5 11.622
13.5 11.797
13.5 11.829
13.5 11.694
13.5 11.682
13.5 11.455
13.5 11.484
13.5 11.424
13.5 11.604
13.5 11.651
13.5 11.554
13.5 11.661
13.5 11.67
13.5 11.802
13.5 11.623
13.5 11.517
13.5 11.656
13.5 11.585
13.5 11.465
13.5 11.498
13.5 11.289
13.5 11.545
13.5 11.407
13.5 11.354
13.5 11.492
13.5 11.334
13.5 11.249
13.5 11.6
13.5 11.5
13.5 11.597
13.5 11.677
13.5 11.568
13.5 11.546
13.5 11.613
13.5 11.326
13.5 11.69
13.5 11.381
13.5 11.545
13.5 11.529
13.5 11.668
13.5 11.62
13.5 11.448
13.5 11.435
13.5 11.217
13.5 11.488
13.5 11.587
13.5 11.41
13.5 11.343
13.5 11.524
13.5 11.447
13.5 11.573
13.5 11.511
13.5 11.436
13.5 11.56
13.5 11.31
13.5 11.495
13.5 11.505
13.5 11.477
13.5 11.671
13.5 11.671
13.5 11.752
13.5 11.361
13.5 11.132
13.5 11.66
13.5 11.435
13.5 11.273
13.5 11.409
13.5 11.512
13.5 11.324
13.5 11.591
13.5 11.58
13.5 11.391
13.5 11.569
13.5 11.514
13.5 11.795
13.5 11.572
13.5 11.565
13.5 11.395
13.5 11.604
13.5 11.347
13.5 11.232
13.5 11.488
13.5 11.58
13.5 11.607
13.5 11.682
13.5 11.485
13.5 11.607
13.5 11.623
13.5 11.622
13.5 11.651
13.5 11.549
13.5 11.606
13.5 11.507
13.5 11.698
13.5 11.479
13.5 11.487
13.5 11.543
13.5 11.726
13.5 11.57
13.5 11.571
13.5 11.486
13.5 11.438
13.5 11.356
13.5 11.482
13.5 11.493
13.5 11.527
13.5 11.581
13.5 11.464
13.5 11.616
13.5 11.718
13.5 11.1
13.5 11.268
13.5 11.212
13.5 11.497
13.5 11.498
13.5 11.702
13.5 11.399
13.5 11.784
13.5 11.71
13.5 11.586
13.5 11.66
13.5 11.72
13.5 11.549
13.5 11.606
13.5 11.644
13.5 11.534
13.5 11.524
13.5 11.412
13.5 11.375
13.5 11.538
13.5 11.536
13.5 11.59
13.5 11.614
13.5 11.581
13.5 11.636
13.5 11.688
13.5 11.596
13.5 11.649
13.5 11.488
13.5 11.354
13.5 11.686
13.5 11.703
13.5 11.67
13.5 11.544
13.5 11.654
13.5 11.715
13.5 11.476
13.5 11.696
13.5 11.689
13.5 11.614
13.5 11.473
13.5 11.658
13.5 11.783
13.5 11.663
13.5 11.647
13.5 11.663
13.5 11.581
13.5 11.614
13.5 11.612
13.5 11.523
13.5 11.465
13.5 11.436
13.5 11.701
13.5 11.688
13.5 11.646
13.5 11.644
13.5 11.656
13.5 11.699
13.5 11.533
13.5 11.511
13.5 11.685
13.5 11.756
13.5 11.659
13.5 11.609
13.5 11.592
13.5 11.604
13.5 11.556
13.5 11.494
13.5 11.56
13.5 11.425
13.5 11.844
13.5 11.491
13.5 11.667
13.5 11.455
13.5 11.646
13.5 11.509
13.5 11.513
13.5 11.504
13.5 11.411
500
12.0 3.634
12.5 7.988
12.5 8.686
13.0 9.391
13.0 10.218
13.0 10.523
13.0 10.509
13.0 10.883
13.0 10.816
13.0 10.977
13.0 10.976
13.0 11.108
13.0 11.014
13.0 10.849
13.0 10.903
13.0 11.004
13.0 10.974
13.0 11.064
13.0 10.754
13.0 11.019
13.0 11.061
13.0 10.768
13.0 10.95
13.0 10.957
13.0 11.086
13.0 11.115
13.0 11.126
13.5 11.103
13.5 10.94
13.5 11.079
13.5 10.665
13.5 11.073
13.5 10.994
13.5 11.041
13.5 11.202
13.5 11.354
13.5 11.352
13.5 11.69
13.5 11.752
13.5 11.677
13.5 11.597
13.5 11.525
13.5 11.437
13.5 11.559
13.5 11.606
13.5 11.361
13.5 11.606
13.5 11.505
13.5 11.751
13.5 11.653
13.5 11.482
13.5 11.499
13.5 11.712
13.5 11.454
13.5 11.706
13.5 11.757
13.5 11.474
13.5 11.287
13.5 11.581
13.5 11.496
13.5 11.504
13.5 11.582
13.5 11.745
13.5 11.583
13.5 11.581
13.5 11.619
13.5 11.604
13.5 11.449
13.5 11.465
13.5 11.41
13.5 11.628
13.5 11.73
13.5 11.728
13.5 11.721
13.5 11.566
13.5 11.727
13.5 11.752
13.5 11.686
13.5 11.763
13.5 11.736
13.5 11.904
13.5 11.681
13.5 11.655
13.5 11.707
13.5 11.796
13.5 11.602
13.5 11.725
13.5 11.809
13.5 11.686
13.5 11.56
13.5 11.745
13.5 11.562
13.5 11.779
13.5 11.423
13.5 11.535
13.5 11.5
13.5 11.552
13.5 11.15
13.5 11.589
13.5 11.695
13.5 11.678
13.5 11.659
13.5 11.638
13.5 11.497
13.5 11.871
13.5 11.412
13.5 11.668
13.5 11.52
13.5 11.671
13.5 11.349
13.5 11.406
13.5 11.521
13.5 11.488
13.5 11.757
13.5 11.557
13.5 11.7
13.5 11.751
13.5 11.731
13.5 11.474
13.5 11.483
13.5 11.395
13.5 11.545
13.5 11.502
13.5 11.427
13.5 11.317
13.5 11.546
13.5 11.496
13.5 11.568
13.5 11.455
13.5 11.52
13.5 11.839
13.5 11.648
13.5 11.642
13.5 11.567
13.5 11.407
13.5 11.338
13.5 11.645
13.5 11.681
13.5 11.522
13.5 11.726
13.5 11.625
13.5 11.557
13.5 11.443
13.5 11.497
13.5 11.838
13.5 11.618
13.5 11.523
13.5 11.37
13.5 11.787
13.5 11.507
13.5 11.56
13.5 11.437
13.5 11.441
13.5 11.687
13.5 11.693
13.5 11.4
13.5 11.738
13.5 11.665
13.5 11.37
13.5 11.457
13.5 11.542
13.5 11.723
13.5 11.573
13.5 11.656
13.5 11.567
13.5 11.822
13.5 11.388
13.5 11.348
13.5 11.879
13.5 11.431
13.5 11.648
13.5 11.406
13.5 11.383
13.5 11.381
13.5 11.555
13.5 11.701
13.5 11.612
13.5 11.649
13.5 11.752
13.5 11.732
13.5 11.544
13.5 11.511
13.5 11.554
13.5 11.597
13.5 11.277
13.5 11.503
13.5 11.541
13.5 11.623
13.5 11.463
13.5 11.115
13.5 11.384
13.5 11.531
13.5 11.386
13.5 11.485
13.5 11.431
13.5 11.437
13.5 11.703
13.5 11.412
13.5 11.571
13.5 11.677
13.5 11.727
13.5 11.475
13.5 11.633
13.5 11.662
13.5 11.826
13.5 11.727
13.5 11.655
13.5 11.755
13.5 11.548
13.5 11.688
13.5 11.44
13.5 11.635
13.5 11.732
13.5 11.687
13.5 11.725
13.5 11.858
13.5 11.492
13.5 11.696
13.5 11.546
13.5 11.649
13.5 11.454
13.5 11.621
13.5 11.746
13.5 11.483
13.5 11.368
13.5 11.593
13.5 11.481
13.5 11.616
13.5 11.756
13.5 11.728
13.5 11.715
13.5 11.829
13.5 11.686
13.5 11.648
13.5 11.759
13.5 11.74
13.5 11.679
13.5 11.664
13.5 11.735
13.5 11.62
13.5 11.484
13.5 11.463
13.5 11.644
13.5 11.629
13.5 11.55
13.5 11.555
13.5 11.626
13.5 11.435
13.5 11.532
13.5 11.739
13.5 11.898
13.5 11.36
13.5 11.598
13.5 11.518
13.5 11.475
13.5 11.433
13.5 11.752
13.5 11.509
13.5 11.596
13.5 11.644
13.5 11.742
13.5 11.905
13.5 11.562
13.5 11.611
13.5 11.547
13.5 11.78
13.5 11.619
13.5 11.511
13.5 11.677
13.5 11.607
13.5 11.229
13.5 11.55
13.5 11.417
13.5 11.689
13.5 11.636
13.5 11.671
13.5 11.586
13.5 11.649
13.5 11.649
13.5 11.725
13.5 11.566
13.5 11.594
13.5 11.637
13.5 11.653
13.5 11.488
13.5 11.491
13.5 11.385
13.5 11.409
13.5 11.498
13.5 11.636
13.5 11.815
13.5 11.586
13.5 11.603
13.5 11.453
13.5 11.572
13.5 11.698
13.5 11.655
13.5 11.566
13.5 11.651
13.5 11.645
13.5 11.563
13.5 11.619
13.5 11.332
13.5 11.657
13.5 11.541
13.5 11.271
13.5 11.456
13.5 11.853
13.5 11.562
13.5 11.471
13.5 11.473
13.5 11.624
13.5 11.505
13.5 11.49
13.5 11.747
13.5 11.679
13.5 11.847
13.5 11.535
13.5 11.844
13.5 11.831
13.5 11.79
13.5 11.516
13.5 11.738
13.5 11.567
13.5 11.367
13.5 11.403
13.5 11.612
13.5 11.828
13.5 11.629
13.5 11.68
13.5 11.696
13.5 11.341
13.5 11.557
13.5 11.437
13.5 11.394
13.5 11.599
13.5 11.613
13.5 11.629
13.5 11.623
13.5 11.384
13.5 11.76
13.5 11.266
13.5 11.28
13.5 11.617
13.5 11.662
13.5 11.658
13.5 11.632
13.5 11.477
13.5 11.686
13.5 11.486
13.5 11.8
13.5 11.442
13.5 11.586
13.5 11.5
13.5 11.735
13.5 11.587
13.5 11.773
13.5 11.679
13.5 11.641
13.5 11.365
13.5 11.429
13.5 11.533
13.5 11.52
13.5 11.495
13.5 11.666
13.5 11.597
13.5 11.48
13.5 11.64
13.5 11.788
13.5 11.649
13.5 11.713
13.5 11.349
13.5 11.472
13.5 11.819
13.5 11.607
13.5 11.556
13.5 11.443
13.5 11.64
13.5 11.517
13.5 11.713
13.5 11.581
13.5 11.624
13.5 11.347
13.5 11.266
13.5 11.594
13.5 11.479
13.5 11.464
13.5 11.382
13.5 11.386
13.5 11.676
13.5 11.754
13.5 11.58
13.5 11.646
13.5 11.541
13.5 11.62
13.5 11.769
13.5 11.677
13.5 11.718
13.5 11.709
13.5 11.365
13.5 11.464
13.5 11.745
13.5 11.423
13.5 11.567
13.5 11.616
13.5 11.547
13.5 11.577
13.5 11.463
13.5 11.669
13.5 11.873
13.5 11.96
13.5 11.641
13.5 11.749
13.5 11.716
13.5 11.685
13.5 11.536
13.5 11.525
13.5 11.43
13.5 11.717
13.5 11.461
13.5 11.305
13.5 11.587
13.5 11.63
13.5 11.622
13.5 11.631
13.5 11.483
13.5 11.417
13.5 11.565
13.5 11.761
13.5 11.752
13.5 11.638
13.5 11.743
13.5 11.674
13.5 11.612
13.5 11.458
13.5 11.565
13.5 11.522
13.5 11.479
13.5 11.633
13.5 11.594
13.5 11.662
13.5 11.762
13.5 11.672
13.5 11.555
13.5 11.331
13.5 11.451
13.5 11.571
13.5 11.632
13.5 11.678
13.5 11.495
13.5 11.477
13.5 11.593
13.5 11.545
13.5 11.581
13.5 11.596
13.5 11.7
13.5 11.494
13.5 11.839
13.5 11.786
13.5 11.55
13.5 11.761
13.5 11.529
13.5 11.53
13.5 11.807
13.5 11.626
13.5 11.267
13.5 11.396
13.5 11.736
13.5 11.799
13.5 11.735
13.5 11.42
13.5 11.711
13.5 11.602
13.5 11.692
13.5 11.425
13.5 11.874
13.5 11.541
13.5 11.786
13.5 11.82
13.5 11.437
13.5 11.297
13.5 11.176
13.5 11.457
13.5 11.484
13.5 11.541
13.5 11.537
13.5 11.659
13.5 11.767
13.5 11.726
13.5 11.776
13.5 11.703
13.5 11.685
13.5 11.692
13.5 11.715
13.5 11.539
13.5 11.617
13.5 11.544
13.5 11.536
13.5 11.562
13.5 11.314
500
11.5 3.818
12.5 8.101
12.5 8.804
12.5 9.504
13.0 9.909
13.0 10.194
13.0 10.585
13.0 10.872
13.0 10.91
13.0 11.15
13.0 11.044
13.0 11.09
13.0 10.901
13.0 10.898
13.0 11.23
13.0 11.168
13.0 11.222
13.0 11.116
13.0 10.947
13.0 11.193
13.0 10.949
13.0 10.866
13.0 10.992
13.0 11.097
13.0 11.196
13.0 11.272
13.0 10.765
13.0 11.044
13.0 11.08
13.0 11.265
13.0 10.996
13.0 11.108
13.0 10.958
13.0 10.826
13.0 11.086
13.0 11.046
13.0 10.958
13.0 11.116
13.0 11.194
13.0 11.106
13.0 11.007
13.0 11.2
13.0 11.044
13.0 11.283
13.0 11.198
13.0 10.991
13.0 11.217
13.0 11.202
13.0 11.013
13.0 10.978
13.0 11.179
13.0 11.26
13.0 11.285
13.0 11.232
13.0 11.068
13.0 11.001
13.0 10.959
13.0 11.091
13.0 10.793
13.0 11.31
13.0 10.818
13.0 11.047
13.0 11.382
13.0 11.241
13.5 10.909
13.5 10.942
13.5 11.051
13.5 11.229
13.5 11.354
13.5 11.173
13.5 11.092
13.5 11.005
13.5 10.78
13.5 10.993
13.5 11.17
13.5 11.415
13.5 11.296
13.5 11.362
13.5 11.562
13.5 11.492
13.5 11.518
13.5 11.59
13.5 11.642
13.5 11.609
13.5 11.408
13.5 11.391
13.5 11.582
13.5 11.537
13.5 11.671
13.5 11.437
13.5 11.718
13.5 11.64
13.5 11.708
13.5 11.655
13.5 11.571
13.5 11.411
13.5 11.359
13.5 11.492
13.5 11.367
13.5 11.604
13.5 11.417
13.5 11.36
13.5 11.358
13.5 11.517
13.5 11.291
13.5 11.445
13.5 11.577
13.5 11.361
13.5 11.455
13.5 11.453
13.5 11.461
13.5 11.24
13.5 11.351
13.5 11.463
13.5 11.328
13.5 11.547
13.5 11.553
13.5 11.516
13.5 11.496
13.5 11.218
13.5 11.348
13.5 11.39
13.5 11.458
13.5 11.339
13.5 11.542
13.5 11.614
13.5 11.559
13.5 11.688
13.5 11.647
13.5 11.311
13.5 11.335
13.5 11.416
13.5 11.496
13.5 11.402
13.5 11.484
13.5 11.411
13.5 11.321
13.5 11.286
13.5 11.423
13.5 11.567
13.5 11.478
13.5 11.535
13.5 11.494
13.5 11.471
13.5 11.588
13.5 11.664
13.5 11.481
13.5 11.539
13.5 11.46
13.5 11.515
13.5 11.526
13.5 11.615
13.5 11.533
13.5 11.37
13.5 11.483
13.5 11.462
13.5 11.464
13.5 11.375
13.5 11.48
13.5 11.394
13.5 11.364
13.5 11.293
13.5 11.442
13.5 11.653
13.5 11.335
13.5 11.708
13.5 11.564
13.5 11.426
13.5 11.749
13.5 11.412
13.5 11.55
13.5 11.307
13.5 11.274
13.5 11.506
13.5 11.636
13.5 11.38
13.5 11.368
13.5 11.167
13.5 11.364
13.5 11.734
13.5 11.672
13.5 11.601
13.5 11.546
13.5 11.487
13.5 11.132
13.5 11.621
13.5 11.423
13.5 11.402
13.5 11.698
13.5 11.405
13.5 11.369
13.5 11.427
13.5 11.542
13.5 11.549
13.5 11.611
13.5 11.674
13.5 11.781
13.5 11.54
13.5 11.369
13.5 11.253
13.5 11.345
13.5 11.647
13.5 11.437
13.5 11.639
13.5 11.517
13.5 11.412
13.5 11.38
13.5 11.648
13.5 11.353
13.5 11.545
13.5 11.459
13.5 11.643
13.5 11.208
13.5 11.585
13.5 11.276
13.5 11.493
13.5 11.605
13.5 11.347
13.5 11.554
13.5 11.279
13.5 11.4
13.5 11.518
13.5 11.347
13.5 11.517
13.5 11.424
13.5 11.492
13.5 11.478
13.5 11.388
13.5 11.575
13.5 11.511
13.5 11.442
13.5 11.436
13.5 11.319
13.5 11.454
13.5 11.386
13.5 11.516
13.5 11.611
13.5 11.381
13.5 11.326
13.5 11.54
13.5 11.613
13.5 11.514
13.5 11.523
13.5 11.338
13.5 11.531
13.5 11.484
13.5 11.582
13.5 11.808
13.5 11.836
13.5 11.374
13.5 11.79
13.5 11.166
13.5 11.36
13.5 11.627
13.5 11.813
13.5 11.349
13.5 11.263
13.5 11.476
13.5 11.54
13.5 11.634
13.5 11.462
13.5 11.699
13.5 11.531
13.5 11.5
13.5 11.31
13.5 11.379
13.5 11.401
13.5 11.631
13.5 11.495
13.5 11.554
13.5 11.669
13.5 11.45
13.5 11.569
13.5 11.659
13.5 11.642
13.5 11.208
13.5 11.574
13.5 11.461
13.5 11.697
13.5 11.538
13.5 11.57
13.5 11.382
13.5 11.497
13.5 11.373
13.5 11.296
13.5 11.489
13.5 11.39
13.5 11.597
13.5 11.636
13.5 11.438
13.5 11.175
13.5 11.515
13.5 11.641
13.5 11.338
13.5 11.329
13.5 11.6
13.5 11.506
13.5 11.435
13.5 11.332
13.5 11.471
13.5 11.678
13.5 11.745
13.5 11.618
13.5 11.532
13.5 11.433
13.5 11.538
13.5 11.413
13.5 11.611
13.5 11.607
13.5 11.527
13.5 11.294
13.5 11.446
13.5 11.514
13.5 11.478
13.5 11.406
13.5 11.351
13.5 11.678
13.5 11.57
13.5 11.36
13.5 11.663
13.5 11.422
13.5 11.334
13.5 11.325
13.5 11.486
13.5 11.432
13.5 11.569
13.5 11.649
13.5 11.474
13.5 11.671
13.5 11.558
13.5 11.395
13.5 11.561
13.5 11.508
13.5 11.349
13.5 11.641
13.5 11.549
13.5 11.478
13.5 11.475
13.5 11.117
13.5 11.292
13.5 11.466
13.5 11.655
13.5 11.705
13.5 11.482
13.5 11.714
13.5 11.573
13.5 11.615
13.5 11.384
13.5 11.351
13.5 11.289
13.5 11.39
13.5 11.392
13.5 11.376
13.5 11.484
13.5 11.341
13.5 11.526
13.5 11.206
13.5 11.313
13.5 11.442
13.5 11.427
13.5 11.513
13.5 11.154
13.5 11.354
13.5 11.561
13.5 11.563
13.5 11.555
13.5 11.486
13.5 11.59
13.5 11.69
13.5 11.587
13.5 11.437
13.5 11.52
13.5 11.369
13.5 11.415
13.5 11.155
13.5 11.495
13.5 11.472
13.5 11.705
13.5 11.678
13.5 11.776
13.5 11.635
13.5 11.56
13.5 11.486
13.5 11.25
13.5 11.502
13.5 11.548
13.5 11.533
13.5 11.449
13.5 11.634
13.5 11.378
13.5 11.524
13.5 11.67
13.5 11.516
13.5 11.271
13.5 11.423
13.5 11.508
13.5 11.512
13.5 11.522
13.5 11.319
13.5 11.222
13.5 11.406
13.5 11.348
13.5 11.494
13.5 11.439
13.5 11.477
13.5 11.398
13.5 11.601
13.5 11.547
13.5 11.557
13.5 11.443
13.5 11.445
13.5 11.641
13.5 11.476
13.5 11.413
13.5 11.339
13.5 11.503
13.5 11.435
13.5 11.195
13.5 11.463
13.5 11.552
13.5 11.578
13.5 11.507
13.5 11.473
13.5 11.325
13.5 11.526
13.5 11.489
13.5 11.272
13.5 11.344
13.5 11.52
13.5 11.619
13.5 11.596
13.5 11.593
13.5 11.463
13.5 11.358
13.5 11.042
13.5 11.341
13.5 11.213
13.5 11.368
13.5 11.444
13.5 11.62
13.5 11.578
13.5 11.123
13.5 11.37
13.5 11.692
13.5 11.674
13.5 11.534
13.5 11.609
13.5 11.406
13.5 11.378
13.5 11.603
13.5 11.58
13.5 11.744
13.5 11.622
13.5 11.326
13.5 11.571
13.5 11.602
13.5 11.646
13.5 11.583
13.5 11.567
13.5 11.773
13.5 11.645
13.5 11.332
13.5 11.354
13.5 11.328
13.5 11.45
13.5 11.463
13.5 11.47
13.5 11.598
13.5 11.63
13.5 11.478
13.5 11.744
13.5 11.537
13.5 11.356
13.5 11.378
13.5 11.328
13.5 11.3
13.5 11.498
13.5 11.661
13.5 11.515
13.5 11.348
13.5 11.38
13.5 11.487
13.5 11.664
13.5 11.024
13.5 11.401
13.5 11.389
13.5 11.323
13.5 11.543
13.5 11.381
13.5 11.731
13.5 11.395
13.5 11.497
13.5 11.467
13.5 11.33
13.5 11.45
13.5 11.383
13.5 11.623
13.5 11.405
13.5 11.62
13.5 11.437
500
11.5 3.651
12.0 7.75
12.0 8.918
12.5 8.953
13.5 9.691
13.5 10.312
13.5 10.442
13.5 10.704
13.5 10.762
13.5 11.069
13.5 11.257
13.5 11.605
13.5 11.478
13.5 11.562
13.5 11.626
13.5 11.466
13.5 11.74
13.5 11.77
13.5 11.641
13.5 11.574
13.5 11.764
13.5 11.634
13.5 11.934
13.5 11.907
13.5 11.537
13.5 11.567
13.5 11.415
13.5 11.626
13.5 11.78
13.5 11.658
13.5 11.69
13.5 11.793
13.5 11.489
13.5 11.559
13.5 11.869
13.5 11.51
13.5 11.465
13.5 11.646
13.5 11.73
13.5 11.591
13.5 11.659
13.5 11.697
13.5 11.562
13.5 11.476
13.5 11.605
13.5 11.769
13.5 11.769
13.5 11.557
13.5 11.437
13.5 11.443
13.5 11.613
13.5 11.42
13.5 11.465
13.5 11.616
13.5 11.75
13.5 11.601
13.5 11.578
13.5 11.688
13.5 11.443
13.5 11.639
13.5 11.524
13.5 11.595
13.5 11.514
13.5 11.715
13.5 11.805
13.5 11.375
13.5 11.517
13.5 11.611
13.5 11.473
13.5 11.608
13.5 11.555
13.5 11.605
13.5 11.602
13.5 11.858
13.5 11.747
13.5 11.548
13.5 11.278
13.5 11.374
13.5 11.504
13.5 11.37
13.5 11.436
13.5 11.509
13.5 11.541
13.5 11.707
13.5 11.753
13.5 11.765
13.5 11.51
13.5 11.575
13.5 11.626
13.5 11.773
13.5 11.724
13.5 11.78
13.5 11.356
13.5 11.566
13.5 11.642
13.5 11.747
13.5 11.567
13.5 11.626
13.5 11.85
13.5 11.566
13.5 11.594
13.5 11.447
13.5 11.768
13.5 11.691
13.5 11.676
13.5 11.358
13.5 11.708
13.5 11.946
13.5 11.378
13.5 11.662
13.5 11.607
13.5 11.608
13.5 11.809
13.5 11.63
13.5 11.572
13.5 11.562
13.5 11.775
13.5 11.15
13.5 11.62
13.5 11.598
13.5 11.703
13.5 11.573
13.5 11.905
13.5 11.624
13.5 11.733
13.5 11.622
13.5 11.791
13.5 11.469
13.5 11.33
13.5 11.644
13.5 11.661
13.5 11.758
13.5 11.573
13.5 11.539
13.5 11.587
13.5 11.526
13.5 11.692
13.5 11.851
13.5 11.772
13.5 11.677
13.5 11.72
13.5 11.734
13.5 11.607
13.5 11.341
13.5 11.608
13.5 11.561
13.5 11.629
13.5 11.442
13.5 11.531
13.5 11.476
13.5 11.719
13.5 11.558
13.5 11.601
13.5 11.445
13.5 11.721
13.5 11.556
13.5 11.67
13.5 11.626
13.5 11.664
13.5 11.509
13.5 11.856
13.5 11.605
13.5 11.501
13.5 11.489
13.5 11.594
13.5 11.646
13.5 11.293
13.5 11.498
13.5 11.741
13.5 11.551
13.5 11.523
13.5 11.579
13.5 11.248
13.5 11.552
13.5 11.664
13.5 11.58
13.5 11.642
13.5 11.491
13.5 11.43
13.5 11.746
13.5 11.544
13.5 11.669
13.5 11.638
13.5 11.528
13.5 11.273
13.5 11.607
13.5 11.746
13.5 11.84
13.5 11.725
13.5 11.578
13.5 11.692
13.5 11.565
13.5 11.456
13.5 11.518
13.5 11.382
13.5 11.61
13.5 11.614
13.5 11.676
13.5 11.861
13.5 11.656
13.5 11.66
13.5 11.621
13.5 11.481
13.5 11.691
13.5 11.564
13.5 11.148
13.5 11.628
13.5 11.742
13.5 11.738
13.5 11.667
13.5 11.689
13.5 11.679
13.5 11.491
13.5 11.399
13.5 11.248
13.5 11.504
13.5 11.461
13.5 11.369
13.5 11.605
13.5 11.328
13.5 11.572
13.5 11.577
13.5 11.917
13.5 11.639
13.5 11.604
13.5 11.716
13.5 11.859
13.5 11.602
13.5 11.564
13.5 11.607
13.5 11.461
13.5 11.508
13.5 11.452
13.5 11.446
13.5 11.069
13.5 11.381
13.5 11.577
13.5 11.526
13.5 11.575
13.5 11.535
13.5 11.62
13.5 11.356
13.5 11.642
13.5 11.592
13.5 11.543
13.5 11.591
13.5 11.641
13.5 11.618
13.5 11.825
13.5 11.598
13.5 11.486
13.5 11.404
13.5 11.503
13.5 11.603
13.5 11.449
13.5 11.534
13.5 11.702
13.5 11.702
13.5 11.607
13.5 11.514
13.5 11.396
13.5 11.592
13.5 11.688
13.5 11.635
13.5 11.678
13.5 11.548
13.5 11.844
13.5 11.751
13.5 11.757
13.5 11.602
13.5 11.546
13.5 11.355
13.5 11.719
13.5 11.627
13.5 11.558
13.5 11.662
13.5 11.744
13.5 11.518
13.5 11.587
13.5 11.494
13.5 11.714
13.5 11.672
13.5 11.663
13.5 11.694
13.5 11.726
13.5 11.777
13.5 11.843
13.5 11.495
13.5 11.693
13.5 11.775
13.5 11.764
13.5 11.555
13.5 11.468
13.5 11.564
13.5 11.587
13.5 11.569
13.5 11.931
13.5 11.476
13.5 11.261
13.5 11.758
13.5 11.604
13.5 11.565
13.5 11.469
13.5 11.539
13.5 11.492
13.5 11.534
13.5 11.569
13.5 11.763
13.5 11.554
13.5 11.717
13.5 11.743
13.5 11.692
13.5 11.576
13.5 11.522
13.5 11.802
13.5 11.667
13.5 11.709
13.5 11.72
13.5 11.563
13.5 11.683
13.5 11.704
13.5 11.586
13.5 11.687
13.5 11.739
13.5 11.739
13.5 11.645
13.5 11.525
13.5 11.599
13.5 11.585
13.5 11.461
13.5 11.331
13.5 11.565
13.5 11.432
13.5 11.624
13.5 11.781
13.5 11.773
13.5 11.538
13.5 11.481
13.5 11.583
13.5 11.499
13.5 11.796
13.5 11.674
13.5 11.704
13.5 11.733
13.5 11.628
13.5 11.63
13.5 11.653
13.5 11.782
13.5 11.601
13.5 11.769
13.5 11.34
13.5 11.639
13.5 11.423
13.5 11.435
13.5 11.391
13.5 11.68
13.5 11.523
13.5 11.422
13.5 11.405
13.5 11.436
13.5 11.491
13.5 11.619
13.5 11.725
13.5 11.601
13.5 11.703
13.5 11.651
13.5 11.582
13.5 11.536
13.5 11.603
13.5 11.567
13.5 11.577
13.5 11.658
13.5 11.713
13.5 11.671
13.5 11.369
13.5 11.541
13.5 11.643
13.5 11.671
13.5 11.538
13.5 11.303
13.5 11.822
13.5 11.617
13.5 11.549
13.5 11.636
13.5 11.632
13.5 11.554
13.5 11.755
13.5 11.494
13.5 11.429
13.5 11.858
13.5 11.74
13.5 11.682
13.5 11.377
13.5 11.634
13.5 11.636
13.5 11.484
13.5 11.674
13.5 11.67
13.5 11.558
13.5 11.383
13.5 11.457
13.5 11.719
13.5 11.513
13.5 11.473
13.5 11.683
13.5 11.364
13.5 11.827
13.5 11.831
13.5 11.751
13.5 11.607
13.5 11.737
13.5 11.361
13.5 11.368
13.5 11.353
13.5 11.381
13.5 11.415
13.5 11.612
13.5 11.554
13.5 11.753
13.5 11.809
13.5 11.572
13.5 11.754
13.5 11.815
13.5 11.585
13.5 11.657
13.5 11.554
13.5 11.385
13.5 11.533
13.5 11.42
13.5 11.61
13.5 11.599
13.5 11.531
13.5 11.696
13.5 11.623
13.5 11.725
13.5 11.667
13.5 11.826
13.5 11.664
13.5 11.134
13.5 11.678
13.5 11.751
13.5 11.788
13.5 11.445
13.5 11.677
13.5 11.456
13.5 11.604
13.5 11.754
13.5 11.456
13.5 11.504
13.5 11.423
13.5 11.446
13.5 11.775
13.5 11.651
13.5 11.807
13.5 11.695
13.5 11.685
13.5 11.288
13.5 11.715
13.5 11.771
13.5 11.721
13.5 11.731
13.5 11.729
13.5 11.602
13.5 11.585
13.5 11.611
13.5 11.349
13.5 11.469
13.5 11.59
13.5 11.447
13.5 11.357
13.5 11.771
13.5 11.514
13.5 11.595
13.5 11.671
13.5 11.504
13.5 11.48
13.5 11.565
13.5 11.416
13.5 11.482
13.5 11.73
13.5 11.734
13.5 11.848
13.5 11.558
13.5 11.663
13.5 11.562
13.5 11.672
13.5 11.725
13.5 11.804
13.5 11.688
13.5 11.747
13.5 11.362
13.5 11.443
13.5 11.55
13.5 11.498
13.5 11.613
13.5 11.652
13.5 11.748
13.5 11.731
13.5 11.63
13.5 11.641
500
11.0 3.975
11.5 8.036
12.5 8.906
12.5 9.421
12.5 9.442
13.0 9.624
13.0 10.195
13.0 10.466
13.0 10.721
13.0 10.513
13.0 10.597
13.0 11.08
13.0 10.917
13.0 11.124
13.0 11.039
13.0 11.103
13.0 11.138
13.0 10.783
13.0 10.713
13.0 10.975
13.0 11.145
13.0 10.909
13.0 10.952
13.0 11.242
13.0 11.137
13.0 11.081
13.0 10.976
13.0 11.156
13.0 10.912
13.0 10.89
13.0 11.051
13.0 11.047
13.0 10.672
13.0 11.082
13.0 11.148
13.0 10.716
13.0 10.969
13.0 10.948
13.0 10.782
13.0 10.983
13.0 10.66
13.0 10.796
13.0 10.86
13.0 10.858
13.0 10.941
13.0 10.908
13.0 10.807
13.0 10.89
13.0 10.781
13.0 10.858
13.0 10.59
13.0 10.835
13.0 10.916
13.0 10.965
13.0 10.807
13.0 10.998
13.0 10.982
13.0 10.906
13.0 11.065
13.0 10.862
13.0 10.967
13.0 11.138
13.0 11.184
13.0 11.05
13.0 10.89
13.0 10.647
13.0 10.976
13.0 11.114
13.0 10.865
13.0 10.97
13.0 10.759
13.0 11.01
13.0 10.928
13.0 11.029
13.0 10.991
13.0 11.006
13.0 10.983
13.0 11.109
13.0 11.117
13.0 10.764
13.0 11.18
13.0 10.848
13.0 11.117
13.0 10.794
13.0 11.081
13.0 11.198
13.0 10.955
13.0 11.133
13.0 11.143
13.0 11.147
13.0 11.011
13.0 11.048
13.0 11.188
13.0 11.007
13.0 11.107
13.0 11.064
13.0 11.114
13.0 11.277
13.0 10.968
13.0 10.697
13.0 10.724
13.0 11.11
13.0 10.926
13.0 10.885
13.0 10.775
13.0 10.709
13.0 10.825
13.0 10.648
13.0 10.898
13.0 11.03
13.0 10.89
13.0 10.907
13.0 10.851
13.0 11.038
13.0 11.081
13.0 10.869
13.0 11.087
13.0 10.926
13.0 10.961
13.0 11.086
13.0 11.043
13.0 10.83
13.0 11.191
13.0 10.917
13.0 11.186
13.0 10.912
13.0 11.059
13.0 10.934
13.0 10.822
13.0 11.099
13.0 11.08
13.0 11.12
13.0 11.315
13.0 10.939
13.0 10.908
13.0 10.893
13.0 10.965
13.0 10.889
13.0 11.001
13.0 10.702
13.0 11.237
13.0 10.867
13.0 10.968
13.0 10.947
13.0 10.89
13.0 10.855
13.0 11.02
13.0 10.939
13.0 10.944
13.0 10.875
13.0 11.002
13.0 10.949
13.0 10.892
13.0 10.934
13.0 10.879
13.0 10.955
13.0 10.894
13.0 10.896
13.0 10.894
13.0 11.069
13.0 11.153
13.0 11.045
13.0 11.104
13.0 11.078
13.0 10.903
13.0 10.851
13.0 10.93
13.0 10.58
13.0 10.577
13.0 10.702
13.0 10.994
13.0 10.825
13.0 10.566
13.0 10.677
13.0 10.68
13.0 10.758
13.0 10.698
13.0 10.954
13.0 10.899
13.0 10.976
13.0 10.96
13.0 10.988
13.0 11.101
13.0 10.999
13.0 11.111
13.0 11.0
13.0 10.981
13.0 10.942
13.0 10.734
13.0 10.905
13.0 10.664
13.0 11.118
13.0 10.716
13.0 10.943
13.0 10.869
13.0 10.704
13.0 10.972
13.0 10.884
13.0 10.598
13.0 11.083
13.0 10.898
13.0 11.134
13.5 10.986
13.5 10.875
13.5 10.926
13.5 10.955
13.5 10.734
13.5 10.859
13.5 11.118
13.5 11.156
13.5 11.164
13.5 11.468
13.5 11.489
13.5 11.702
13.5 11.542
13.5 11.741
13.5 11.755
13.5 11.686
13.5 11.7
13.5 11.623
13.5 11.564
13.5 11.621
13.5 11.849
13.5 11.627
13.5 11.535
13.5 11.536
13.5 11.512
13.5 11.699
13.5 11.621
13.5 11.251
13.5 11.478
13.5 11.545
13.5 11.446
13.5 11.406
13.5 11.533
13.5 11.819
13.5 11.709
13.5 11.606
13.5 11.499
13.5 11.509
13.5 11.407
13.5 11.603
13.5 11.625
13.5 11.512
13.5 11.857
13.5 11.603
13.5 11.509
13.5 11.764
13.5 11.831
13.5 11.555
13.5 11.778
13.5 11.643
13.5 11.483
13.5 11.757
13.5 11.515
13.5 11.521
13.5 11.278
13.5 11.392
13.5 11.61
13.5 11.373
13.5 11.3
13.5 11.514
13.5 11.487
13.5 11.296
13.5 11.541
13.5 11.686
13.5 11.514
13.5 11.66
13.5 11.512
13.5 11.342
13.5 11.666
13.5 11.899
13.5 11.566
13.5 11.539
13.5 11.537
13.5 11.679
13.5 11.678
13.5 11.663
13.5 11.508
13.5 11.705
13.5 11.474
13.5 11.498
13.5 11.544
13.5 11.592
13.5 11.276
13.5 11.349
13.5 11.575
13.5 11.778
13.5 11.693
13.5 11.691
13.5 11.354
13.5 11.503
13.5 11.523
13.5 11.457
13.5 11.606
13.5 11.731
13.5 11.665
13.5 11.65
13.5 11.482
13.5 11.709
13.5 11.653
13.5 11.593
13.5 11.814
13.5 11.614
13.5 11.686
13.5 11.471
13.5 11.488
13.5 11.574
13.5 11.564
13.5 11.737
13.5 11.798
13.5 11.317
13.5 11.463
13.5 11.635
13.5 11.329
13.5 11.715
13.5 11.501
13.5 11.748
13.5 11.664
13.5 11.604
13.5 11.539
13.5 11.665
13.5 11.667
13.5 11.653
13.5 11.493
13.5 11.56
13.5 11.664
13.5 11.636
13.5 11.563
13.5 11.715
13.5 11.748
13.5 11.68
13.5 11.595
13.5 11.569
13.5 11.628
13.5 11.714
13.5 11.162
13.5 11.683
13.5 11.438
13.5 11.673
13.5 11.599
13.5 11.367
13.5 11.664
13.5 11.495
13.5 11.72
13.5 11.478
13.5 11.607
13.5 11.849
13.5 11.73
13.5 11.677
13.5 11.653
13.5 11.741
13.5 11.647
13.5 11.666
13.5 11.667
13.5 11.6
13.5 11.446
13.5 11.648
13.5 11.457
13.5 11.655
13.5 11.622
13.5 11.598
13.5 11.776
13.5 11.479
13.5 11.635
13.5 11.628
13.5 11.323
13.5 11.442
13.5 11.296
13.5 11.601
13.5 11.587
13.5 11.874
13.5 11.514
13.5 11.589
13.5 11.674
13.5 11.495
13.5 11.776
13.5 11.321
13.5 11.663
13.5 11.567
13.5 11.719
13.5 11.57
13.5 11.572
13.5 11.837
13.5 11.631
13.5 11.562
13.5 11.655
13.5 11.578
13.5 11.714
13.5 11.811
13.5 11.891
13.5 11.446
13.5 11.708
13.5 11.595
13.5 11.485
13.5 11.581
13.5 11.51
13.5 11.283
13.5 11.625
13.5 11.388
13.5 11.647
13.5 11.649
13.5 11.688
13.5 11.601
13.5 11.846
13.5 11.832
13.5 11.646
13.5 11.726
13.5 11.631
13.5 11.474
13.5 11.511
13.5 11.599
13.5 11.858
13.5 11.617
13.5 11.606
13.5 11.587
13.5 11.548
13.5 11.725
13.5 11.711
13.5 11.572
13.5 11.504
13.5 11.755
13.5 11.76
13.5 11.333
13.5 11.529
13.5 11.471
13.5 11.712
13.5 11.698
13.5 11.705
13.5 11.764
13.5 11.424
13.5 11.861
13.5 11.475
13.5 11.697
13.5 11.43
13.5 11.511
13.5 11.551
13.5 11.783
13.5 11.497
13.5 11.673
13.5 11.676
13.5 11.721
13.5 11.671
13.5 11.422
13.5 11.755
13.5 11.42
13.5 11.62
13.5 11.549
13.5 11.557
13.5 11.663
13.5 11.667
13.5 11.454
13.5 11.676
13.5 11.592
13.5 11.479
13.5 11.668
13.5 11.554
13.5 11.613
13.5 11.54
13.5 11.446
13.5 11.371
13.5 11.666
13.5 11.686
13.5 11.563
13.5 11.662
13.5 11.698
13.5 11.654
13.5 11.534
13.5 11.525
13.5 11.526
13.5 11.443
13.5 11.511
13.5 11.763
13.5 11.636
13.5 11.413
13.5 11.516
13.5 11.473
13.5 11.591
13.5 11.7
13.5 11.295
13.5 11.554
13.5 11.338
13.5 11.353
13.5 11.492
13.5 11.536
13.5 11.679
13.5 11.599
13.5 11.561
13.5 11.623
13.5 11.647
13.5 11.521
13.5 11.753
13.5 11.496
13.5 11.673
13.5 11.582
13.5 11.655
13.5 11.596
13.5 11.745
13.5 11.635
13.5 11.716
500
11.5 3.466
12.0 8.114
12.5 8.822
12.5 9.156
13.0 9.67
13.0 10.138
13.0 10.429
13.0 10.399
13.0 10.662
13.0 10.719
13.0 11.025
13.0 11.051
13.0 11.008
13.0 11.091
13.0 11.046
13.0 11.069
13.0 10.966
13.0 11.267
13.0 11.021
13.0 11.069
13.0 11.062
13.0 10.626
13.0 11.139
13.0 11.168
13.0 10.932
13.0 11.122
13.0 10.973
13.0 10.849
13.0 11.141
13.0 10.931
13.0 11.185
13.0 10.961
13.0 11.111
13.0 11.071
13.0 11.268
13.0 11.168
13.0 11.242
13.0 11.175
13.0 10.948
13.0 11.264
13.0 11.045
13.0 10.92
13.0 11.076
13.0 10.82
13.0 10.836
13.0 11.041
13.0 11.135
13.0 10.949
13.0 11.055
13.0 11.04
13.0 11.058
13.0 10.904
13.0 10.8
13.0 11.04
13.0 11.102
13.0 10.843
13.0 10.823
13.0 11.06
13.0 11.044
13.0 10.966
13.0 10.956
13.0 11.127
13.0 11.073
13.0 10.98
13.0 11.154
13.0 10.914
13.0 10.863
13.0 11.072
13.0 11.212
13.0 11.078
13.0 11.045
13.0 11.024
13.0 11.178
13.0 10.917
13.0 10.946
13.0 11.055
13.0 11.063
13.0 10.901
13.0 11.171
13.0 11.213
13.0 10.902
13.0 11.202
13.0 10.91
13.0 11.122
13.0 11.054
13.0 10.97
13.0 10.993
13.0 11.232
13.0 10.764
13.0 11.184
13.0 11.095
13.0 11.041
13.0 11.173
13.0 11.011
13.0 11.2
13.0 11.383
13.0 10.929
13.0 10.793
13.0 10.899
13.0 11.138
13.0 10.79
13.0 11.01
13.0 11.136
13.0 11.138
13.0 11.027
13.0 11.172
13.0 10.788
13.0 10.892
13.0 10.784
13.0 10.856
13.0 10.854
13.0 10.936
13.0 11.189
13.0 10.989
13.0 11.107
13.0 11.025
13.0 10.996
13.0 11.036
13.0 10.985
13.0 11.088
13.0 11.066
13.0 10.691
13.0 11.256
13.0 11.255
13.0 10.93
13.0 11.18
13.0 11.07
13.0 11.026
13.0 10.844
13.0 11.201
13.0 10.967
13.0 11.059
13.0 11.056
13.0 11.262
13.0 11.045
13.0 10.983
13.0 11.215
13.0 10.987
13.0 10.933
13.0 10.991
13.0 11.193
13.0 11.217
13.0 11.066
13.0 11.178
13.0 11.108
13.0 10.882
13.0 10.983
13.0 11.206
13.0 11.26
13.0 11.177
13.0 11.054
13.0 10.949
13.0 11.228
13.0 11.083
13.0 10.979
13.0 11.057
13.0 11.145
13.0 11.206
13.0 11.074
13.0 11.168
13.0 10.905
13.0 11.081
13.0 11.24
13.0 11.039
13.0 11.236
13.0 10.908
13.0 11.168
13.0 11.025
13.0 11.177
13.0 11.019
13.0 10.795
13.0 11.12
13.0 11.326
13.0 11.212
13.0 11.176
13.0 11.062
13.0 10.896
13.0 11.044
13.0 10.866
13.0 11.239
13.0 10.981
13.0 10.832
13.0 10.81
13.0 11.105
13.0 11.252
13.0 11.008
13.0 10.7
13.0 10.956
13.0 11.212
13.0 11.122
13.0 11.008
13.0 11.204
13.0 10.953
13.0 10.965
13.0 10.956
13.0 10.858
13.0 10.713
13.0 11.236
13.0 10.746
13.0 10.968
13.0 10.987
13.0 11.181
13.0 11.059
13.0 11.119
13.0 11.169
13.0 10.987
13.0 11.064
13.0 10.95
13.0 11.006
13.0 11.059
13.0 10.887
13.0 10.903
13.0 11.15
13.0 11.058
13.0 11.019
13.0 11.1
13.0 10.988
13.0 11.07
13.0 10.895
13.0 10.881
13.0 10.888
13.0 10.835
13.0 11.127
13.0 10.97
13.0 11.009
13.0 10.902
13.0 10.945
13.0 11.057
13.0 10.944
13.0 10.741
13.0 10.939
13.0 11.063
13.0 11.016
13.0 11.091
13.0 11.189
13.0 11.017
13.0 10.856
13.0 11.356
13.0 11.111
13.0 11.158
13.0 11.326
13.0 11.259
13.0 11.122
13.0 11.067
13.0 10.999
13.0 11.147
13.0 10.954
13.0 10.856
13.0 10.801
13.0 11.007
13.0 10.719
13.0 10.642
13.0 10.698
13.0 10.957
13.0 10.914
13.0 11.137
13.0 11.027
13.0 11.012
13.0 11.237
13.0 10.984
13.0 11.098
13.0 11.111
13.0 10.816
13.0 10.999
13.0 11.117
13.0 11.05
13.0 11.13
13.0 10.945
13.0 11.051
13.0 10.833
13.0 11.114
13.0 11.266
13.0 11.153
13.0 11.167
13.0 11.075
13.0 11.077
13.0 11.358
13.0 11.17
13.0 11.094
13.0 11.05
13.0 11.044
13.0 10.896
13.0 10.984
13.0 11.009
13.0 10.639
13.0 11.134
13.0 11.085
13.0 11.209
13.0 11.223
13.0 10.947
13.0 10.674
13.0 11.054
13.0 11.058
13.0 10.919
13.0 11.025
13.0 10.919
13.0 11.145
13.0 10.818
13.0 11.02
13.0 11.086
13.0 11.241
13.0 11.322
13.0 11.235
13.0 11.042
13.0 11.027
13.0 11.051
13.0 11.055
13.0 11.311
13.0 11.039
13.0 11.08
13.0 10.863
13.0 10.86
13.0 11.133
13.0 11.029
13.0 10.966
13.0 11.037
13.0 10.92
13.0 11.018
13.0 10.625
13.0 11.058
13.0 11.08
13.0 10.808
13.0 10.823
13.0 11.139
13.0 11.004
13.0 11.145
13.0 10.882
13.0 10.873
13.0 10.664
13.0 10.924
13.0 11.071
13.0 11.195
13.0 11.161
13.0 10.66
13.0 11.25
13.0 10.966
13.0 10.998
13.0 10.984
13.0 10.79
13.0 10.56
13.0 11.151
13.0 11.133
13.0 11.091
13.0 11.158
13.0 10.936
13.0 11.062
13.0 10.911
13.0 10.685
13.0 11.083
13.0 11.135
13.0 11.058
13.0 10.964
13.0 11.342
13.0 11.217
13.0 10.918
13.0 11.218
13.0 11.18
13.0 10.869
13.0 10.83
13.0 11.136
13.0 10.912
13.0 10.75
13.0 11.007
13.0 10.675
13.0 10.918
13.0 11.108
13.0 11.158
13.0 11.096
13.0 11.055
13.0 10.829
13.0 11.311
13.0 10.825
13.0 10.76
13.0 11.113
13.0 11.01
13.0 11.183
13.0 11.056
13.0 10.975
13.0 11.241
13.0 10.959
13.0 10.943
13.0 11.032
13.0 11.105
13.0 11.061
13.0 11.184
13.0 11.13
13.0 11.065
13.0 10.979
13.0 10.926
13.0 11.084
13.0 10.976
13.0 11.104
13.0 10.85
13.0 10.963
13.0 11.183
13.0 11.149
13.0 10.953
13.0 11.04
13.0 11.093
13.0 11.021
13.0 10.905
13.0 11.147
13.0 11.235
13.0 11.167
13.0 11.078
13.0 11.119
13.0 10.861
13.0 10.996
13.0 11.14
13.0 11.256
13.0 11.139
13.0 11.067
13.0 11.254
13.0 11.206
13.0 11.043
13.0 11.003
13.0 10.988
13.0 10.887
13.0 11.103
13.0 10.87
13.0 11.132
13.0 11.076
13.0 11.025
13.0 11.138
13.0 11.082
13.0 11.177
13.0 11.104
13.0 11.212
13.0 11.203
13.0 11.151
13.0 11.045
13.0 11.027
13.0 11.371
13.0 11.162
13.0 11.202
13.0 11.147
13.0 11.109
13.0 11.065
13.0 11.041
13.0 10.908
13.0 11.246
13.0 10.858
13.0 10.913
13.0 11.075
13.0 11.307
13.0 11.166
13.0 10.977
13.0 10.697
13.0 10.962
13.0 10.893
13.0 11.113
13.0 11.127
13.0 11.223
13.0 10.975
13.0 11.405
13.0 11.345
13.0 10.905
13.0 11.108
13.0 11.041
13.0 11.117
13.0 11.22
13.0 10.929
13.0 10.807
13.0 10.893
13.0 10.97
13.0 11.097
13.0 10.93
13.0 11.149
13.0 11.246
13.0 10.989
13.0 11.153
13.0 11.08
13.0 11.017
13.0 11.016
13.0 10.964
13.0 11.01
13.0 11.135
13.0 10.905
13.0 11.143
13.0 11.194
13.0 10.767
13.0 10.915
13.0 11.122
13.0 11.033
13.0 11.197
13.0 11.028
13.0 11.106
13.0 10.898
13.5 10.931
13.5 11.284
13.5 11.166
13.5 11.151
13.5 10.858
13.5 11.263
13.5 10.975
13.5 10.893
13.5 11.064
13.5 10.726
13.5 10.873
13.5 10.891
500
12.5 3.831
12.5 7.912
13.0 8.747
13.0 9.65
13.0 9.911
13.0 10.249
13.0 10.198
13.0 10.594
13.0 10.611
13.0 10.625
13.5 10.924
13.5 10.754
13.5 10.456
13.5 10.785
13.5 10.573
13.5 10.639
13.5 10.41
13.5 10.783
13.5 10.666
13.5 10.609
13.5 11.047
13.5 11.441
13.5 11.673
13.5 11.345
13.5 11.504
13.5 11.736
13.5 11.581
13.5 11.619
13.5 11.687
13.5 11.735
13.5 11.512
13.5 11.497
13.5 11.536
13.5 11.776
13.5 11.666
13.5 11.378
13.5 11.471
13.5 11.463
13.5 11.671
13.5 11.612
13.5 11.717
13.5 11.754
13.5 11.568
13.5 11.62
13.5 11.691
13.5 11.647
13.5 11.652
13.5 11.405
13.5 11.664
13.5 11.715
13.5 11.401
13.5 11.687
13.5 11.406
13.5 11.622
13.5 11.702
13.5 11.544
13.5 11.682
13.5 11.508
13.5 11.578
13.5 11.6
13.5 11.533
13.5 11.683
13.5 11.551
13.5 11.728
13.5 11.61
13.5 11.714
13.5 11.718
13.5 11.564
13.5 11.517
13.5 11.52
13.5 11.653
13.5 11.603
13.5 11.7
13.5 11.605
13.5 11.782
13.5 11.605
13.5 11.451
13.5 11.552
13.5 11.648
13.5 11.669
13.5 11.805
13.5 11.589
13.5 11.782
13.5 11.393
13.5 11.856
13.5 11.695
13.5 11.841
13.5 11.564
13.5 11.756
13.5 11.765
13.5 11.361
13.5 11.533
13.5 11.392
13.5 11.611
13.5 11.464
13.5 11.62
13.5 11.391
13.5 11.681
13.5 11.722
13.5 11.694
13.5 11.553
13.5 11.485
13.5 11.775
13.5 11.545
13.5 11.281
13.5 11.359
13.5 11.633
13.5 11.591
13.5 11.431
13.5 11.602
13.5 11.631
13.5 11.582
13.5 11.67
13.5 11.703
13.5 11.81
13.5 11.538
13.5 11.728
13.5 11.585
13.5 11.677
13.5 11.474
13.5 11.411
13.5 11.716
13.5 11.896
13.5 11.741
13.5 11.714
13.5 11.452
13.5 11.589
13.5 11.722
13.5 11.561
13.5 11.793
13.5 11.419
13.5 11.622
13.5 11.604
13.5 11.663
13.5 11.733
13.5 11.675
13.5 11.523
13.5 11.646
13.5 11.586
13.5 11.587
13.5 11.499
13.5 11.567
13.5 11.678
13.5 11.522
13.5 11.794
13.5 11.56
13.5 11.63
13.5 11.657
13.5 11.736
13.5 11.612
13.5 11.499
13.5 11.561
13.5 11.542
13.5 11.733
13.5 11.443
13.5 11.576
13.5 11.72
13.5 11.77
13.5 11.699
13.5 11.508
13.5 11.751
13.5 11.693
13.5 11.665
13.5 11.527
13.5 11.588
13.5 11.756
13.5 11.46
13.5 11.463
13.5 11.585
13.5 11.706
13.5 11.464
13.5 11.65
13.5 11.789
13.5 11.423
13.5 11.433
13.5 11.627
13.5 11.719
13.5 11.33
13.5 11.595
13.5 11.693
13.5 11.755
13.5 11.574
13.5 11.684
13.5 11.626
13.5 11.64
13.5 11.766
13.5 11.789
13.5 11.561
13.5 11.51
13.5 11.542
13.5 11.392
13.5 11.682
13.5 11.704
13.5 11.713
13.5 11.664
13.5 11.757
13.5 11.716
13.5 11.628
13.5 11.583
13.5 11.532
13.5 11.479
13.5 11.593
13.5 11.64
13.5 11.697
13.5 11.699
13.5 11.745
13.5 11.462
13.5 11.718
13.5 11.427
13.5 11.81
13.5 11.684
13.5 11.781
13.5 11.667
13.5 11.734
13.5 11.803
13.5 11.612
13.5 11.615
13.5 11.673
13.5 11.885
13.5 11.618
13.5 11.567
13.5 11.599
13.5 11.574
13.5 11.656
13.5 11.634
13.5 11.492
13.5 11.489
13.5 11.729
13.5 11.584
13.5 11.643
13.5 11.793
13.5 11.701
13.5 11.63
13.5 11.538
13.5 11.541
13.5 11.618
13.5 11.732
13.5 11.547
13.5 11.473
13.5 11.672
13.5 11.658
13.5 11.665
13.5 11.38
13.5 11.608
13.5 11.682
13.5 11.273
13.5 11.493
13.5 11.748
13.5 11.785
13.5 11.466
13.5 11.632
13.5 11.528
13.5 11.263
13.5 11.466
13.5 11.559
13.5 11.653
13.5 11.735
13.5 11.708
13.5 11.456
13.5 11.544
13.5 11.487
13.5 11.556
13.5 11.43
13.5 11.577
13.5 11.466
13.5 11.63
13.5 11.593
13.5 11.651
13.5 11.79
13.5 11.467
13.5 11.554
13.5 11.584
13.5 11.623
13.5 11.863
13.5 11.568
13.5 11.63
13.5 11.642
13.5 11.674
13.5 11.687
13.5 11.777
13.5 11.643
13.5 11.459
13.5 11.655
13.5 11.361
13.5 11.369
13.5 11.537
13.5 11.298
13.5 11.365
13.5 11.539
13.5 11.675
13.5 11.691
13.5 11.343
13.5 11.656
13.5 11.637
13.5 11.696
13.5 11.655
13.5 11.751
13.5 11.393
13.5 11.675
13.5 11.51
13.5 11.597
13.5 11.388
13.5 11.632
13.5 11.685
13.5 11.603
13.5 11.496
13.5 11.687
13.5 11.377
13.5 11.22
13.5 11.478
13.5 11.582
13.5 11.656
13.5 11.592
13.5 11.564
13.5 11.922
13.5 11.698
13.5 11.673
13.5 11.749
13.5 11.78
13.5 11.534
13.5 11.59
13.5 11.579
13.5 11.659
13.5 11.527
13.5 11.576
13.5 11.377
13.5 11.54
13.5 11.605
13.5 11.81
13.5 11.588
13.5 11.807
13.5 11.494
13.5 11.423
13.5 11.569
13.5 11.701
13.5 11.812
13.5 11.678
13.5 11.668
13.5 11.518
13.5 11.542
13.5 11.507
13.5 11.452
13.5 11.489
13.5 11.676
13.5 11.924
13.5 11.741
13.5 11.371
13.5 11.731
13.5 11.637
13.5 11.603
13.5 11.724
13.5 11.712
13.5 11.564
13.5 11.784
13.5 11.535
13.5 11.825
13.5 11.873
13.5 11.624
13.5 11.605
13.5 11.451
13.5 11.569
13.5 11.4
13.5 11.574
13.5 11.709
13.5 11.767
13.5 11.508
13.5 11.583
13.5 11.521
13.5 11.437
13.5 11.762
13.5 11.547
13.5 11.567
13.5 11.64
13.5 11.682
13.5 11.688
13.5 11.568
13.5 11.447
13.5 11.457
13.5 11.444
13.5 11.814
13.5 11.688
13.5 11.67
13.5 11.679
13.5 11.562
13.5 11.717
13.5 11.596
13.5 11.514
13.5 11.779
13.5 11.677
13.5 11.68
13.5 11.693
13.5 11.792
13.5 11.728
13.5 11.56
13.5 11.686
13.5 11.273
13.5 11.693
13.5 11.442
13.5 11.431
13.5 11.596
13.5 11.68
13.5 11.529
13.5 11.758
13.5 11.745
13.5 11.543
13.5 11.676
13.5 11.643
13.5 11.58
13.5 11.462
13.5 11.734
13.5 11.832
13.5 11.584
13.5 11.593
13.5 11.408
13.5 11.446
13.5 11.757
13.5 11.455
13.5 11.45
13.5 11.51
13.5 11.651
13.5 11.728
13.5 11.414
13.5 11.864
13.5 11.794
13.5 11.333
13.5 11.583
13.5 11.608
13.5 11.38
13.5 11.433
13.5 11.455
13.5 11.529
13.5 11.585
13.5 11.762
13.5 11.54
13.5 11.734
13.5 11.573
13.5 11.53
13.5 11.754
13.5 11.638
13.5 11.837
13.5 11.784
13.5 11.644
13.5 11.499
13.5 11.59
13.5 11.685
13.5 11.861
13.5 11.687
13.5 11.71
13.5 11.633
13.5 11.645
13.5 11.486
13.5 11.852
13.5 11.786
13.5 11.833
13.5 11.406
13.5 11.585
13.5 11.503
13.5 11.598
13.5 11.49
13.5 11.634
13.5 11.604
13.5 11.678
13.5 11.636
13.5 11.635
13.5 11.447
13.5 11.568
13.5 11.701
13.5 11.519
13.5 11.788
13.5 11.571
13.5 11.594
13.5 11.723
13.5 11.59
13.5 11.818
13.5 11.432
13.5 11.459
13.5 11.415
13.5 11.577
13.5 11.689
13.5 11.611
13.5 11.489
13.5 11.492
13.5 11.724
13.5 11.648
13.5 11.704
13.5 11.622
13.5 11.699
13.5 11.702
13.5 11.545
13.5 11.538
13.5 11.569
13.5 11.609
13.5 11.505
13.5 11.47
13.5 11.47
13.5 11.82
13.5 11.833
13.5 11.747
13.5 11.559
13.5 11.728
500
11.5 3.618
12.0 8.122
12.5 8.859
12.5 9.422
12.5 9.625
13.0 9.894
13.0 10.199
13.0 10.125
13.5 10.519
13.5 10.868
13.5 10.899
13.5 10.843
13.5 10.607
13.5 10.878
13.5 11.242
13.5 10.875
13.5 11.165
13.5 10.856
13.5 11.293
13.5 11.658
13.5 11.681
13.5 11.662
13.5 11.704
13.5 11.709
13.5 11.379
13.5 11.619
13.5 11.516
13.5 11.746
13.5 11.673
13.5 11.566
13.5 11.539
13.5 11.561
13.5 11.495
13.5 11.449
13.5 11.647
13.5 11.712
13.5 11.642
13.5 11.717
13.5 11.592
13.5 11.813
13.5 11.674
13.5 11.701
13.5 11.694
13.5 11.509
13.5 11.631
13.5 11.37
13.5 11.638
13.5 11.616
13.5 11.729
13.5 11.499
13.5 11.379
13.5 11.726
13.5 11.675
13.5 11.546
13.5 11.426
13.5 11.291
13.5 11.472
13.5 11.592
13.5 11.594
13.5 11.638
13.5 11.705
13.5 11.674
13.5 11.369
13.5 11.625
13.5 11.745
13.5 11.614
13.5 11.629
13.5 11.573
13.5 11.632
13.5 11.582
13.5 11.744
13.5 11.571
13.5 11.221
13.5 11.551
13.5 11.702
13.5 11.599
13.5 11.553
13.5 11.866
13.5 11.537
13.5 11.641
13.5 11.746
13.5 11.597
13.5 11.619
13.5 11.608
13.5 11.81
13.5 11.394
13.5 11.686
13.5 11.766
13.5 11.411
13.5 11.87
13.5 11.615
13.5 11.698
13.5 11.677
13.5 11.804
13.5 11.348
13.5 11.312
13.5 11.593
13.5 11.559
13.5 11.675
13.5 11.437
13.5 11.33
13.5 11.058
13.5 11.841
13.5 11.403
13.5 11.533
13.5 11.923
13.5 11.497
13.5 11.597
13.5 11.464
13.5 11.056
13.5 11.508
13.5 11.59
13.5 11.837
13.5 11.772
13.5 11.69
13.5 11.749
13.5 11.516
13.5 11.8
13.5 11.617
13.5 11.618
13.5 11.406
13.5 11.51
13.5 11.583
13.5 11.53
13.5 11.551
13.5 11.613
13.5 11.955
13.5 11.506
13.5 11.635
13.5 11.655
13.5 11.639
13.5 11.673
13.5 11.532
13.5 11.754
13.5 11.716
13.5 11.5
13.5 11.551
13.5 11.458
13.5 11.569
13.5 11.776
13.5 11.732
13.5 11.56
13.5 11.424
13.5 11.673
13.5 11.771
13.5 11.597
13.5 11.482
13.5 11.313
13.5 11.411
13.5 11.562
13.5 11.492
13.5 11.758
13.5 11.61
13.5 11.453
13.5 11.626
13.5 11.699
13.5 11.584
13.5 11.617
13.5 11.552
13.5 11.764
13.5 11.627
13.5 11.411
13.5 11.356
13.5 11.419
13.5 11.614
13.5 11.729
13.5 11.427
13.5 11.774
13.5 11.771
13.5 11.416
13.5 11.464
13.5 11.291
13.5 11.557
13.5 11.61
13.5 11.555
13.5 11.255
13.5 11.685
13.5 11.65
13.5 11.66
13.5 11.46
13.5 11.526
13.5 11.45
13.5 11.517
13.5 11.511
13.5 11.597
13.5 11.645
13.5 11.594
13.5 11.595
13.5 11.634
13.5 11.673
13.5 11.483
13.5 11.813
13.5 11.685
13.5 11.523
13.5 11.725
13.5 11.659
13.5 11.683
13.5 11.739
13.5 11.628
13.5 11.701
13.5 11.72
13.5 11.675
13.5 11.69
13.5 11.579
13.5 11.739
13.5 11.525
13.5 11.916
13.5 11.631
13.5 11.505
13.5 11.68
13.5 11.509
13.5 11.419
13.5 11.526
13.5 11.42
13.5 11.599
13.5 11.55
13.5 11.532
13.5 11.696
13.5 11.625
13.5 11.546
13.5 11.743
13.5 11.669
13.5 11.443
13.5 11.521
13.5 11.622
13.5 11.684
13.5 11.739
13.5 11.839
13.5 11.44
13.5 11.69
13.5 11.683
13.5 11.617
13.5 11.535
13.5 11.499
13.5 11.696
13.5 11.813
13.5 11.757
13.5 11.625
13.5 11.523
13.5 11.567
13.5 11.311
13.5 11.815
13.5 11.73
13.5 11.695
13.5 11.524
13.5 11.5
13.5 11.621
13.5 11.677
13.5 11.298
13.5 11.706
13.5 11.603
13.5 11.433
13.5 11.813
13.5 11.796
13.5 11.327
13.5 11.424
13.5 11.401
13.5 11.618
13.5 11.662
13.5 11.598
13.5 11.784
13.5 11.632
13.5 11.612
13.5 11.583
13.5 11.652
13.5 11.679
13.5 11.467
13.5 11.731
13.5 11.383
13.5 11.593
13.5 11.543
13.5 11.528
13.5 11.51
13.5 11.594
13.5 11.626
13.5 11.717
13.5 11.73
13.5 11.622
13.5 11.455
13.5 11.673
13.5 11.704
13.5 11.581
13.5 11.64
13.5 11.858
13.5 11.546
13.5 11.663
13.5 11.77
13.5 11.72
13.5 11.807
13.5 11.623
13.5 11.725
13.5 11.774
13.5 11.68
13.5 11.646
13.5 11.705
13.5 11.866
13.5 11.615
13.5 11.697
13.5 11.641
13.5 11.619
13.5 11.64
13.5 11.736
13.5 11.471
13.5 11.67
13.5 11.683
13.5 11.408
13.5 11.72
13.5 11.645
13.5 11.698
13.5 11.636
13.5 11.604
13.5 11.852
13.5 11.887
13.5 11.559
13.5 11.569
13.5 11.395
13.5 11.648
13.5 11.542
13.5 11.753
13.5 11.649
13.5 11.555
13.5 11.672
13.5 11.518
13.5 11.644
13.5 11.599
13.5 11.727
13.5 11.547
13.5 11.466
13.5 11.74
13.5 11.356
13.5 11.723
13.5 11.71
13.5 11.77
13.5 11.805
13.5 11.606
13.5 11.732
13.5 11.731
13.5 11.372
13.5 11.44
13.5 11.598
13.5 11.67
13.5 11.777
13.5 11.567
13.5 11.786
13.5 11.619
13.5 11.664
13.5 11.499
13.5 11.445
13.5 11.886
13.5 11.744
13.5 11.439
13.5 11.712
13.5 11.877
13.5 11.676
13.5 11.668
13.5 11.434
13.5 11.674
13.5 11.637
13.5 11.571
13.5 11.606
13.5 11.569
13.5 11.461
13.5 11.427
13.5 11.512
13.5 11.661
13.5 11.471
13.5 11.408
13.5 11.695
13.5 11.604
13.5 11.678
13.5 11.596
13.5 11.742
13.5 11.66
13.5 11.787
13.5 11.349
13.5 11.425
13.5 11.682
13.5 11.642
13.5 11.568
13.5 11.514
13.5 11.669
13.5 11.808
13.5 11.578
13.5 11.658
13.5 11.708
13.5 11.862
13.5 11.523
13.5 11.569
13.5 11.743
13.5 11.748
13.5 11.573
13.5 11.665
13.5 11.601
13.5 11.864
13.5 11.541
13.5 11.754
13.5 11.601
13.5 11.574
13.5 11.646
13.5 11.645
13.5 11.538
13.5 11.625
13.5 11.506
13.5 11.586
13.5 11.308
13.5 11.483
13.5 11.556
13.5 11.539
13.5 11.737
13.5 11.687
13.5 11.507
13.5 11.439
13.5 11.635
13.5 11.477
13.5 11.586
13.5 11.509
13.5 11.482
13.5 11.485
13.5 11.632
13.5 11.445
13.5 11.603
13.5 11.649
13.5 11.665
13.5 11.548
13.5 11.802
13.5 11.658
13.5 11.682
13.5 11.613
13.5 11.794
13.5 11.658
13.5 11.718
13.5 11.73
13.5 11.654
13.5 11.613
13.5 11.544
13.5 11.647
13.5 11.478
13.5 11.702
13.5 11.682
13.5 11.763
13.5 11.717
13.5 11.547
13.5 11.623
13.5 11.691
13.5 11.499
13.5 11.714
13.5 11.663
13.5 11.495
13.5 11.414
13.5 11.542
13.5 11.599
13.5 11.469
13.5 11.413
13.5 11.684
13.5 11.544
13.5 11.465
13.5 11.389
13.5 11.564
13.5 11.527
13.5 11.899
13.5 11.849
13.5 11.617
13.5 11.482
13.5 11.513
13.5 11.556
13.5 11.787
13.5 11.674
13.5 11.602
13.5 11.355
13.5 11.595
13.5 11.422
13.5 11.453
13.5 11.605
13.5 11.52
13.5 11.377
13.5 11.444
13.5 11.576
13.5 11.743
13.5 11.6
13.5 11.662
13.5 11.523
13.5 11.68
13.5 11.542
13.5 11.612
13.5 11.865
13.5 11.518
13.5 11.469
13.5 11.612
13.5 11.706
13.5 11.594
13.5 11.598
13.5 11.435
13.5 11.448
13.5 11.662
13.5 11.553
13.5 11.534
13.5 11.288
13.5 11.771
13.5 11.729
13.5 11.798

Individual: [1, 3, 6, 7, 12, 14, 15, 19, 20]
   Fitness: 13.5
     Total: 9
Violations: 0 0

Individual: [1, 3, 6, 7, 12, 14, 15, 19, 20]
   Fitness: 13.5
     Total: 9
Violations: 0 0

Individual: [1, 2, 6, 7, 9, 14, 15, 18, 20]
   Fitness: 13.5
     Total: 9
Violations: 0 0

Individual: [1, 3, 6, 7, 12, 14, 15, 19, 20]
   Fitness: 13.5
     Total: 9
Violations: 0 0

Individual: [1, 3, 6, 7, 12, 14, 15, 19, 20]
   Fitness: 13.5
     Total: 9
Violations: 0 0

Individual: [1, 2, 6, 7, 9, 14, 15, 18, 20]
   Fitness: 13.5
     Total: 9
Violations: 0 0

Individual: [1, 2, 6, 7, 9, 14, 15, 18, 20]
   Fitness: 13.5
     Total: 9
Violations: 0 0

Individual: [1, 3, 6, 7, 12, 14, 15, 19, 20]
   Fitness: 13.5
     Total: 9
Violations: 0 0

Individual: [1, 3, 6, 7, 12, 14, 15, 19, 20]
   Fitness: 13.5
     Total: 9
Violations: 0 0

Individual: [1, 3, 6, 7, 12, 14, 15, 19, 20]
   Fitness: 13.5
     Total: 9
Violations: 0 0
