10
500
11.5 4.304
11.5 5.629
12.0 5.898
12.0 6.116
12.5 5.965
12.5 5.72
12.5 6.362
12.5 5.88
12.5 5.714
12.5 6.391
12.5 5.873
12.5 6.337
13.0 5.963
13.0 5.768
13.0 6.026
13.0 5.9
13.0 5.809
13.0 6.172
13.0 5.919
13.0 6.069
13.0 5.932
13.0 6.026
13.0 5.87
13.0 6.079
13.0 6.261
13.0 6.138
13.0 6.088
13.0 6.029
13.0 6.205
13.0 5.896
13.0 6.226
13.0 6.016
13.0 6.12
13.0 5.791
13.0 6.056
13.0 5.652
13.0 5.956
13.0 6.078
13.0 6.007
13.0 5.834
13.0 5.871
13.0 6.108
13.0 5.819
13.0 6.053
13.0 6.108
13.0 5.929
13.0 5.773
13.0 5.924
13.0 5.975
13.0 5.942
13.0 5.794
13.0 5.923
13.0 5.997
13.0 6.172
13.0 5.886
13.0 6.175
13.0 6.22
13.0 6.018
13.0 6.199
13.0 6.014
13.0 6.297
13.0 5.795
13.0 6.194
13.0 6.029
13.0 6.114
13.0 5.714
13.0 5.823
13.0 6.031
13.0 6.218
13.0 6.134
13.0 6.249
13.0 5.985
13.0 6.019
13.0 6.071
13.0 5.897
13.0 5.693
13.0 5.996
13.0 6.097
13.0 6.481
13.0 6.09
13.0 6.003
13.0 6.134
13.0 5.938
13.0 6.029
13.0 6.14
13.0 5.821
13.0 6.033
13.0 5.95
13.0 6.275
13.0 6.076
13.0 5.969
13.0 5.903
13.0 6.075
13.0 6.215
13.0 6.136
13.0 5.974
13.0 6.025
13.0 5.609
13.0 6.037
13.0 6.296
13.0 5.854
13.0 5.842
13.0 5.886
13.0 6.283
13.0 5.685
13.0 5.703
13.0 5.856
13.0 6.185
13.0 5.884
13.0 6.252
13.0 5.928
13.0 5.908
13.0 5.938
13.0 6.049
13.0 5.863
13.0 6.167
13.0 6.23
13.0 6.079
13.0 5.774
13.0 6.234
13.0 6.214
13.0 6.338
13.0 6.473
13.0 5.955
13.0 5.98
13.0 6.182
13.0 5.979
13.0 5.571
13.0 6.069
13.0 6.217
13.0 6.254
13.0 6.068
13.0 5.861
13.0 5.983
13.0 6.181
13.0 5.653
13.0 5.739
13.0 6.017
13.0 5.862
13.0 5.916
13.0 5.977
13.0 5.798
13.0 5.746
13.0 5.826
13.0 6.056
13.0 5.957
13.0 6.15
13.0 6.357
13.0 6.053
13.0 5.88
13.0 6.114
13.0 6.258
13.0 6.276
13.0 5.886
13.0 6.083
13.0 6.154
13.0 5.768
13.0 5.584
13.0 5.698
13.0 5.953
13.0 5.807
13.0 5.96
13.0 6.087
13.0 5.919
13.0 5.977
13.0 6.108
13.0 5.744
13.0 5.814
13.0 5.755
13.0 5.998
13.0 5.763
13.0 5.834
13.0 5.983
13.0 5.804
13.0 5.924
13.0 6.302
13.0 6.184
13.0 6.222
13.0 5.986
13.0 6.172
13.0 5.694
13.0 6.043
13.0 6.011
13.0 6.023
13.0 6.074
13.0 6.3
13.0 5.958
13.0 5.622
13.0 6.137
13.0 6.051
13.0 5.856
13.0 5.671
13.0 6.016
13.0 5.971
13.0 5.985
13.0 5.837
13.0 6.102
13.0 5.866
13.0 5.865
13.0 6.366
13.0 6.173
13.0 5.849
13.0 5.869
13.0 6.079
13.0 5.955
13.0 6.354
13.0 6.076
13.0 6.039
13.0 6.435
13.0 6.144
13.0 5.968
13.0 5.738
13.0 5.991
13.0 6.258
13.0 6.104
13.0 6.135
13.0 6.115
13.0 6.097
13.0 6.158
13.0 6.033
13.0 5.838
13.0 6.104
13.0 5.872
13.0 5.929
13.0 5.897
13.0 5.881
13.0 6.083
13.0 5.994
13.0 5.991
13.0 5.784
13.0 6.016
13.0 6.113
13.0 6.347
13.0 6.018
13.0 6.041
13.0 5.855
13.0 5.82
13.0 5.917
13.0 6.001
13.0 6.092
13.0 5.862
13.0 6.217
13.0 6.373
13.0 5.77
13.0 6.037
13.0 5.986
13.0 5.899
13.0 6.026
13.0 6.018
13.0 6.086
13.0 5.911
13.0 6.132
13.0 5.888
13.0 6.193
13.0 5.931
13.5 6.162
13.5 5.993
13.5 6.178
13.5 5.853
13.5 6.045
13.5 5.715
13.5 6.111
13.5 5.85
13.5 6.214
13.5 6.166
13.5 5.828
13.5 5.647
13.5 5.734
13.5 5.975
13.5 6.205
13.5 5.893
13.5 6.073
13.5 6.122
13.5 6.061
13.5 5.683
13.5 6.292
13.5 5.986
13.5 6.13
13.5 6.019
13.5 5.72
13.5 5.828
13.5 5.674
13.5 6.024
13.5 6.178
13.5 5.804
13.5 5.991
13.5 6.274
13.5 5.702
13.5 5.981
13.5 5.737
13.5 6.301
13.5 5.923
13.5 5.958
13.5 5.948
13.5 5.9
13.5 6.175
13.5 6.237
13.5 6.005
13.5 5.914
13.5 6.12
13.5 6.199
13.5 6.245
13.5 6.082
13.5 6.078
13.5 6.153
13.5 6.307
13.5 5.922
13.5 6.11
13.5 6.043
13.5 5.97
13.5 6.156
13.5 6.088
13.5 6.323
13.5 6.057
13.5 6.211
13.5 6.057
13.5 5.926
13.5 6.097
13.5 5.95
13.5 6.277
13.5 6.037
13.5 5.816
13.5 6.143
13.5 6.221
13.5 5.724
13.5 6.381
13.5 6.47
13.5 6.049
13.5 6.012
13.5 6.077
13.5 6.131
13.5 5.996
13.5 6.188
13.5 5.467
13.5 5.918
13.5 5.712
13.5 5.753
13.5 6.107
13.5 5.83
13.5 5.987
13.5 5.975
13.5 5.728
13.5 5.962
13.5 6.304
13.5 5.925
13.5 6.029
13.5 5.989
13.5 6.171
13.5 6.03
13.5 6.07
13.5 6.364
13.5 6.104
13.5 6.392
13.5 6.015
13.5 5.835
13.5 6.036
13.5 5.842
13.5 5.982
13.5 5.837
13.5 5.99
13.5 6.021
13.5 5.622
13.5 5.75
13.5 5.564
13.5 5.86
13.5 5.714
13.5 5.919
13.5 5.987
13.5 6.195
13.5 6.197
13.5 6.121
13.5 6.068
13.5 5.911
13.5 6.093
13.5 6.18
13.5 6.1
13.5 6.0
13.5 5.832
13.5 6.199
13.5 6.146
13.5 6.008
13.5 6.116
13.5 5.88
13.5 5.914
13.5 6.257
13.5 5.864
13.5 6.094
13.5 6.216
13.5 5.833
13.5 5.949
13.5 5.91
13.5 6.294
13.5 6.164
13.5 6.019
13.5 5.842
13.5 6.118
13.5 6.148
13.5 5.801
13.5 6.205
13.5 6.331
13.5 5.821
13.5 5.771
13.5 6.007
13.5 6.257
13.5 6.058
13.5 6.01
13.5 6.25
13.5 6.087
13.5 6.285
13.5 5.861
13.5 5.941
13.5 6.085
13.5 6.314
13.5 5.887
13.5 6.121
13.5 6.006
13.5 6.239
13.5 6.125
13.5 5.757
13.5 5.937
13.5 6.121
13.5 6.021
13.5 5.84
13.5 5.764
13.5 6.278
13.5 6.278
13.5 6.098
13.5 6.117
13.5 5.906
13.5 5.929
13.5 5.88
13.5 6.024
13.5 5.92
13.5 5.843
13.5 5.85
13.5 6.065
13.5 5.95
13.5 5.979
13.5 6.062
13.5 5.871
13.5 6.151
13.5 6.103
13.5 6.139
13.5 5.637
13.5 5.86
13.5 5.909
13.5 5.94
13.5 5.94
13.5 6.063
13.5 5.967
13.5 5.988
13.5 5.466
13.5 6.073
13.5 6.121
13.5 5.894
13.5 6.004
13.5 6.112
13.5 6.133
13.5 5.577
13.5 6.308
13.5 6.023
13.5 5.772
13.5 5.861
13.5 5.946
13.5 5.885
13.5 6.036
13.5 5.926
13.5 5.897
13.5 5.942
13.5 6.131
13.5 5.768
13.5 5.899
13.5 6.083
13.5 6.351
13.5 6.027
13.5 5.965
13.5 6.091
13.5 6.074
13.5 5.814
13.5 5.821
13.5 6.148
13.5 6.079
13.5 6.021
13.5 6.117
13.5 6.151
13.5 6.11
13.5 6.11
13.5 5.884
13.5 6.032
13.5 5.973
13.5 5.935
13.5 6.025
13.5 5.794
13.5 5.864
13.5 5.947
13.5 5.81
13.5 5.795
13.5 5.99
13.5 6.208
13.5 5.988
500
10.5 3.446
11.5 5.945
11.5 5.655
12.5 5.866
12.5 5.856
12.5 6.048
12.5 5.72
12.5 5.631
12.5 6.134
12.5 5.854
12.5 6.108
12.5 5.806
12.5 5.754
12.5 5.73
12.5 6.02
12.5 5.987
12.5 6.104
12.5 5.826
12.5 6.039
12.5 6.167
12.5 5.644
13.0 6.175
13.0 6.139
13.0 5.908
13.0 5.595
13.0 6.076
13.0 6.123
13.0 5.63
13.0 6.022
13.0 6.082
13.0 6.038
13.0 6.014
13.0 5.782
13.0 5.926
13.0 5.908
13.0 5.57
13.0 6.079
13.0 5.831
13.0 5.873
13.0 6.173
13.0 5.757
13.0 6.092
13.0 6.018
13.0 6.337
13.0 6.381
13.0 6.268
13.0 6.272
13.0 6.183
13.0 6.005
13.0 6.133
13.0 6.088
13.0 5.895
13.0 5.98
13.0 5.962
13.0 5.946
13.0 5.756
13.0 6.174
13.0 6.104
13.0 5.924
13.0 6.118
13.0 6.161
13.0 5.482
13.0 5.796
13.0 5.854
13.0 5.89
13.0 6.175
13.5 5.834
13.5 6.02
13.5 5.677
13.5 5.768
13.5 6.084
13.5 6.089
13.5 6.061
13.5 6.017
13.5 6.017
13.5 6.129
13.5 5.854
13.5 5.875
13.5 6.313
13.5 5.923
13.5 5.893
13.5 5.943
13.5 5.811
13.5 5.849
13.5 6.165
13.5 6.134
13.5 5.761
13.5 6.113
13.5 5.935
13.5 5.996
13.5 5.851
13.5 6.007
13.5 5.902
13.5 5.701
13.5 5.986
13.5 5.937
13.5 5.809
13.5 6.264
13.5 6.035
13.5 5.618
13.5 6.106
13.5 5.659
13.5 6.289
13.5 5.925
13.5 6.143
13.5 6.086
13.5 6.039
13.5 5.881
13.5 5.919
13.5 6.131
13.5 5.805
13.5 5.94
13.5 6.007
13.5 5.967
13.5 5.969
13.5 5.862
13.5 5.849
13.5 6.268
13.5 5.811
13.5 6.162
13.5 6.16
13.5 5.962
13.5 6.008
13.5 6.002
13.5 6.002
13.5 5.951
13.5 6.147
13.5 5.87
13.5 5.926
13.5 6.009
13.5 6.095
13.5 6.296
13.5 5.963
13.5 6.094
13.5 6.087
13.5 5.776
13.5 6.091
13.5 6.017
13.5 5.684
13.5 5.815
13.5 6.165
13.5 6.006
13.5 6.133
13.5 6.14
13.5 5.689
13.5 5.743
13.5 5.9
13.5 6.04
13.5 5.907
13.5 5.961
13.5 5.894
13.5 5.979
13.5 5.991
13.5 5.908
13.5 6.024
13.5 6.159
13.5 5.594
13.5 5.618
13.5 5.906
13.5 6.173
13.5 5.902
13.5 6.148
13.5 6.228
13.5 5.918
13.5 6.178
13.5 5.979
13.5 5.668
13.5 6.092
13.5 5.755
13.5 6.245
13.5 5.811
13.5 5.807
13.5 5.445
13.5 5.648
13.5 5.788
13.5 5.766
13.5 5.664
13.5 5.914
13.5 6.212
13.5 6.433
13.5 5.618
13.5 5.864
13.5 5.945
13.5 6.034
13.5 6.141
13.5 5.74
13.5 6.0
13.5 5.769
13.5 5.547
13.5 5.864
13.5 5.783
13.5 5.997
13.5 6.096
13.5 5.97
13.5 6.299
13.5 6.15
13.5 6.159
13.5 6.141
13.5 5.941
13.5 6.119
13.5 5.923
13.5 6.138
13.5 6.007
13.5 6.16
13.5 6.063
13.5 6.086
13.5 5.923
13.5 5.919
13.5 5.871
13.5 5.805
13.5 5.985
13.5 6.116
13.5 6.027
13.5 5.937
13.5 6.133
13.5 6.058
13.5 5.992
13.5 5.955
13.5 5.761
13.5 5.83
13.5 6.311
13.5 6.196
13.5 5.898
13.5 6.13
13.5 6.044
13.5 5.835
13.5 5.704
13.5 5.879
13.5 5.891
13.5 5.85
13.5 5.986
13.5 5.613
13.5 5.833
13.5 6.385
13.5 5.928
13.5 5.598
13.5 5.785
13.5 5.913
13.5 6.423
13.5 6.168
13.5 6.197
13.5 6.233
13.5 5.954
13.5 5.66
13.5 5.702
13.5 5.848
13.5 6.056
13.5 6.073
13.5 6.05
13.5 5.776
13.5 5.557
13.5 6.356
13.5 5.906
13.5 6.021
13.5 5.869
13.5 6.104
13.5 5.947
13.5 6.028
13.5 5.858
13.5 6.234
13.5 6.001
13.5 6.069
13.5 6.252
13.5 5.985
13.5 5.837
13.5 5.769
13.5 6.014
13.5 5.992
13.5 6.118
13.5 5.951
13.5 6.343
13.5 5.962
13.5 5.978
13.5 6.178
13.5 5.923
13.5 5.585
13.5 6.044
13.5 6.122
13.5 5.802
13.5 6.006
13.5 6.072
13.5 6.202
13.5 6.091
13.5 5.996
13.5 5.915
13.5 6.12
13.5 6.421
13.5 6.285
13.5 5.879
13.5 5.971
13.5 6.229
13.5 6.012
13.5 5.919
13.5 5.949
13.5 5.84
13.5 6.103
13.5 6.262
13.5 6.009
13.5 5.883
13.5 5.861
13.5 5.772
13.5 6.005
13.5 6.466
13.5 6.084
13.5 6.104
13.5 6.121
13.5 5.947
13.5 6.038
13.5 5.921
13.5 5.929
13.5 5.886
13.5 5.937
13.5 6.071
13.5 6.101
13.5 5.719
13.5 5.655
13.5 6.069
13.5 6.078
13.5 6.142
13.5 6.062
13.5 5.923
13.5 6.242
13.5 6.117
13.5 6.253
13.5 5.961
13.5 5.972
13.5 5.859
13.5 5.984
13.5 6.096
13.5 6.092
13.5 5.556
13.5 5.919
13.5 5.944
13.5 6.123
13.5 6.142
13.5 5.991
13.5 5.925
13.5 6.141
13.5 6.107
13.5 5.892
13.5 6.13
13.5 5.887
13.5 5.999
13.5 6.089
13.5 6.086
13.5 6.048
13.5 5.858
13.5 6.019
13.5 6.149
13.5 6.007
13.5 6.191
13.5 6.237
13.5 5.874
13.5 5.819
13.5 5.77
13.5 6.132
13.5 6.156
13.5 6.082
13.5 5.99
13.5 5.711
13.5 5.832
13.5 5.615
13.5 6.044
13.5 5.913
13.5 6.062
13.5 5.954
13.5 5.913
13.5 6.264
13.5 5.929
13.5 5.664
13.5 6.102
13.5 5.911
13.5 5.856
13.5 6.196
13.5 6.097
13.5 5.905
13.5 5.809
13.5 6.178
13.5 6.183
13.5 6.036
13.5 6.285
13.5 5.916
13.5 5.757
13.5 6.076
13.5 6.175
13.5 6.081
13.5 5.891
13.5 5.746
13.5 5.973
13.5 6.009
13.5 6.155
13.5 6.168
13.5 5.988
13.5 5.801
13.5 6.175
13.5 5.891
13.5 5.922
13.5 5.911
13.5 6.034
13.5 6.232
13.5 5.655
13.5 6.226
13.5 6.124
13.5 6.004
13.5 6.09
13.5 5.893
13.5 5.759
13.5 6.07
13.5 5.943
13.5 5.943
13.5 5.982
13.5 6.106
13.5 5.886
13.5 5.956
13.5 5.905
13.5 5.604
13.5 6.141
13.5 6.101
13.5 5.9
13.5 5.819
13.5 5.874
13.5 6.188
13.5 6.291
13.5 5.796
13.5 5.993
13.5 6.06
13.5 6.055
13.5 6.044
13.5 5.86
13.5 5.826
13.5 6.185
13.5 6.069
13.5 6.056
13.5 5.88
13.5 6.019
13.5 6.111
13.5 5.928
13.5 5.649
13.5 5.832
13.5 5.435
13.5 6.16
13.5 5.854
13.5 5.988
13.5 5.872
13.5 5.673
13.5 5.933
13.5 5.998
13.5 6.108
13.5 5.862
13.5 5.952
13.5 6.078
13.5 6.106
13.5 6.221
13.5 5.846
13.5 5.993
13.5 5.955
13.5 5.992
13.5 5.935
13.5 5.947
13.5 5.566
13.5 6.47
13.5 5.773
13.5 6.009
13.5 6.086
13.5 6.25
13.5 6.155
13.5 6.016
13.5 6.075
13.5 5.891
13.5 5.898
13.5 5.909
13.5 5.982
13.5 6.185
13.5 5.959
13.5 6.157
13.5 6.369
13.5 5.922
13.5 5.94
13.5 5.808
13.5 6.155
13.5 6.063
13.5 6.002
13.5 5.659
13.5 5.759
13.5 6.171
13.5 6.145
13.5 5.899
13.5 5.603
13.5 6.016
13.5 6.245
13.5 6.206
13.5 5.87
13.5 5.709
13.5 6.0
13.5 6.152
13.5 6.047
13.5 5.825
13.5 6.248
13.5 6.169
13.5 5.748
500
11.5 3.621
11.5 6.05
12.5 6.045
12.5 6.168
12.5 5.984
12.5 6.045
12.5 5.882
12.5 5.745
13.0 5.859
13.0 5.896
13.0 6.374
13.0 5.715
13.0 6.22
13.0 6.188
13.0 5.933
13.0 6.063
13.0 5.824
13.0 5.955
13.0 6.412
13.0 6.202
13.0 5.925
13.0 6.072
13.0 6.214
13.0 5.808
13.0 5.972
13.0 6.125
13.0 6.027
13.0 6.326
13.0 6.415
13.0 6.006
13.0 6.199
13.0 5.873
13.0 5.882
13.0 6.259
13.0 6.09
13.0 6.032
13.0 5.846
13.0 5.915
13.0 5.779
13.0 6.11
13.0 5.764
13.0 6.148
13.0 6.224
13.0 5.861
13.0 6.131
13.0 5.976
13.0 6.011
13.0 5.827
13.0 6.117
13.0 5.709
13.0 6.077
13.0 6.045
13.0 6.164
13.0 5.965
13.0 6.268
13.0 6.307
13.0 5.759
13.0 6.054
13.0 6.199
13.0 6.152
13.0 6.061
13.0 6.013
13.0 5.935
13.0 5.833
13.0 5.972
13.0 6.032
13.0 6.216
13.0 6.263
13.0 5.983
13.0 6.135
13.0 5.867
13.0 5.939
13.0 5.827
13.0 5.69
13.0 5.971
13.0 6.197
13.0 5.91
13.0 5.988
13.0 6.092
13.0 5.97
13.0 5.97
13.0 5.872
13.0 6.001
13.0 5.917
13.0 6.262
13.0 6.226
13.0 5.946
13.0 6.152
13.0 6.207
13.0 6.102
13.0 6.169
13.0 6.123
13.0 6.014
13.0 5.982
13.0 6.217
13.0 5.945
13.0 6.112
13.0 5.857
13.0 5.758
13.0 5.925
13.0 5.902
13.0 6.195
13.0 5.926
13.0 6.167
13.0 6.259
13.0 6.066
13.0 6.028
13.0 5.594
13.0 5.906
13.0 5.914
13.0 6.195
13.0 6.121
13.0 5.934
13.0 6.424
13.0 6.251
13.0 6.093
13.0 5.892
13.0 6.157
13.0 5.95
13.0 6.105
13.0 5.774
13.0 6.033
13.0 6.078
13.0 5.936
13.0 5.994
13.0 6.056
13.0 6.163
13.0 6.181
13.0 6.146
13.0 6.032
13.0 5.852
13.0 5.724
13.0 5.93
13.0 6.105
13.0 6.185
13.0 5.79
13.0 5.774
13.0 6.186
13.0 6.02
13.0 6.301
13.0 6.102
13.0 6.086
13.0 6.153
13.0 5.834
13.0 5.834
13.0 6.022
13.0 5.864
13.0 6.25
13.0 5.868
13.0 5.909
13.0 6.0
13.0 6.317
13.0 5.956
13.0 5.849
13.0 5.82
13.0 6.002
13.0 6.091
13.0 5.931
13.0 5.573
13.0 5.905
13.0 6.253
13.0 5.869
13.0 5.872
13.0 6.403
13.0 5.838
13.0 5.913
13.0 6.074
13.0 6.248
13.0 5.825
13.0 6.05
13.0 6.222
13.0 6.031
13.0 6.045
13.0 5.574
13.0 5.872
13.0 5.79
13.0 5.711
13.0 5.666
13.0 5.944
13.0 5.889
13.0 5.711
13.0 5.952
13.0 5.852
13.0 6.067
13.0 5.801
13.0 6.049
13.0 6.099
13.0 6.155
13.0 6.073
13.0 6.136
13.0 6.207
13.0 6.357
13.0 6.004
13.0 6.173
13.0 5.929
13.0 6.004
13.0 6.225
13.0 6.076
13.0 6.164
13.0 6.132
13.0 5.81
13.0 5.898
13.0 6.218
13.0 6.06
13.0 6.042
13.0 5.758
13.0 6.02
13.0 6.017
13.0 5.849
13.0 5.812
13.0 6.059
13.0 6.192
13.0 6.176
13.0 5.93
13.0 5.989
13.0 5.602
13.0 6.153
13.0 6.19
13.0 6.096
13.0 6.029
13.0 6.13
13.0 6.032
13.0 5.936
13.0 5.893
13.0 5.551
13.0 5.897
13.0 6.362
13.0 6.119
13.0 5.798
13.0 6.144
13.0 5.966
13.0 6.045
13.0 5.649
13.0 6.163
13.0 5.938
13.0 6.217
13.0 5.796
13.0 5.935
13.0 6.018
13.0 5.894
13.0 5.808
13.0 6.114
13.0 5.914
13.0 5.974
13.0 6.047
13.0 5.648
13.0 5.851
13.0 6.087
13.0 5.594
13.0 5.767
13.0 6.004
13.0 5.974
13.0 5.87
13.0 5.913
13.0 6.208
13.0 5.877
13.0 6.027
13.0 6.272
13.0 5.947
13.0 5.986
13.0 6.087
13.0 6.166
13.0 6.224
13.0 6.068
13.0 6.144
13.0 5.728
13.0 6.256
13.0 5.808
13.0 6.56
13.0 5.92
13.0 6.039
13.0 6.141
13.0 5.719
13.0 6.071
13.0 5.92
13.0 5.871
13.0 5.872
13.0 5.957
13.0 6.249
13.0 5.601
13.0 5.966
13.0 5.969
13.0 6.044
13.0 5.873
13.0 6.148
13.0 5.747
13.0 5.996
13.0 6.175
13.0 6.231
13.0 6.096
13.0 6.076
13.0 5.917
13.0 5.969
13.0 5.958
13.0 5.686
13.0 6.013
13.0 6.033
13.0 6.046
13.0 5.898
13.0 6.038
13.0 6.193
13.0 6.081
13.0 6.465
13.0 5.803
13.0 6.016
13.0 6.133
13.0 5.906
13.0 5.736
13.0 6.207
13.0 5.855
13.0 5.989
13.0 5.753
13.0 5.95
13.0 5.948
13.0 5.895
13.0 5.808
13.0 6.263
13.0 5.557
13.0 6.293
13.0 6.178
13.0 6.062
13.0 6.1
13.0 5.793
13.0 5.696
13.0 5.919
13.0 6.087
13.0 5.846
13.0 5.768
13.0 5.891
13.0 6.097
13.0 5.886
13.0 6.293
13.0 6.118
13.0 5.897
13.0 6.101
13.0 6.009
13.0 5.971
13.0 5.977
13.0 5.574
13.0 6.133
13.0 5.908
13.0 5.801
13.0 6.096
13.0 6.081
13.0 5.966
13.0 5.752
13.0 5.591
13.0 6.173
13.0 5.969
13.0 5.883
13.0 6.281
13.0 6.112
13.0 5.896
13.0 6.437
13.0 6.195
13.0 6.052
13.0 6.254
13.0 5.757
13.0 5.926
13.0 6.019
13.0 5.914
13.0 6.216
13.0 5.761
13.0 6.171
13.0 5.869
13.0 5.917
13.0 6.132
13.0 5.795
13.0 6.013
13.0 6.068
13.0 5.814
13.0 6.185
13.0 6.06
13.0 6.152
13.0 6.171
13.0 6.074
13.0 6.111
13.0 5.967
13.0 5.913
13.0 6.088
13.0 5.806
13.0 5.945
13.0 5.804
13.0 6.153
13.0 6.064
13.0 6.004
13.0 6.154
13.0 6.014
13.0 5.616
13.0 5.911
13.0 6.222
13.0 5.983
13.0 6.143
13.0 5.894
13.0 6.138
13.0 5.926
13.0 6.112
13.0 6.192
13.0 6.101
13.0 5.616
13.0 5.784
13.0 5.925
13.0 6.188
13.0 6.367
13.0 6.032
13.0 5.897
13.0 5.724
13.0 5.754
13.0 5.924
13.0 6.132
13.0 6.01
13.0 6.31
13.0 6.005
13.0 5.825
13.0 6.213
13.0 5.726
13.0 5.829
13.0 6.291
13.0 6.3
13.0 5.922
13.0 6.339
13.0 6.189
13.0 6.028
13.0 5.889
13.0 5.707
13.0 5.701
13.0 6.149
13.0 5.96
13.0 6.305
13.0 6.017
13.0 6.268
13.0 5.877
13.0 6.003
13.0 6.01
13.0 5.874
13.0 6.166
13.0 6.099
13.0 5.798
13.0 5.708
13.0 6.099
13.0 5.948
13.0 6.352
13.0 6.18
13.0 6.046
13.0 6.079
13.0 5.708
13.0 6.382
13.5 6.049
13.5 5.903
13.5 5.571
13.5 5.932
13.5 5.578
13.5 6.017
13.5 5.805
13.5 5.696
13.5 5.897
13.5 6.015
13.5 5.962
13.5 6.14
13.5 5.969
13.5 6.255
13.5 6.139
13.5 6.209
13.5 5.932
13.5 5.724
13.5 5.982
13.5 6.121
13.5 5.883
13.5 5.998
13.5 5.808
13.5 6.22
13.5 6.115
13.5 6.167
13.5 6.395
13.5 5.982
13.5 5.976
13.5 6.239
13.5 5.568
13.5 6.074
13.5 5.924
13.5 6.278
13.5 5.993
13.5 6.437
13.5 6.055
13.5 6.089
13.5 5.973
13.5 5.976
13.5 6.224
13.5 5.99
13.5 6.079
13.5 6.17
13.5 6.477
13.5 5.691
13.5 5.84
13.5 5.994
13.5 6.158
13.5 5.984
13.5 6.222
13.5 6.034
13.5 5.877
500
10.5 3.152
12.0 5.537
12.0 6.201
12.5 5.967
12.5 5.991
12.5 6.034
12.5 6.012
12.5 6.134
12.5 5.887
12.5 5.784
12.5 5.992
12.5 5.786
12.5 6.115
13.0 5.907
13.0 6.384
13.0 5.954
13.0 5.899
13.0 5.906
13.0 6.139
13.0 6.106
13.0 5.715
13.0 5.962
13.0 6.102
13.0 5.943
13.0 6.174
13.0 5.887
13.0 6.071
13.0 5.993
13.0 5.709
13.0 5.729
13.0 6.193
13.0 5.975
13.0 6.249
13.0 6.006
13.0 6.089
13.0 6.102
13.0 5.95
13.0 6.208
13.0 5.796
13.0 5.869
13.0 5.576
13.0 5.882
13.0 6.431
13.0 5.986
13.0 5.899
13.0 5.854
13.0 5.698
13.0 6.088
13.0 5.839
13.0 6.075
13.0 6.083
13.0 5.876
13.0 5.949
13.0 6.223
13.0 6.376
13.0 6.194
13.0 6.076
13.0 6.095
13.0 5.913
13.0 6.051
13.0 5.898
13.0 6.193
13.0 6.154
13.0 6.038
13.0 5.895
13.0 6.042
13.0 5.755
13.0 5.73
13.0 6.292
13.0 6.042
13.0 5.967
13.0 6.314
13.0 6.028
13.0 5.654
13.0 5.78
13.0 6.075
13.0 5.934
13.0 6.169
13.0 5.802
13.0 5.96
13.0 5.78
13.0 5.812
13.0 5.909
13.0 6.27
13.0 6.297
13.0 6.002
13.0 5.895
13.0 6.146
13.0 5.765
13.0 5.998
13.0 5.709
13.0 6.19
13.0 6.027
13.0 5.969
13.0 5.975
13.0 6.197
13.0 5.983
13.0 6.299
13.0 6.15
13.0 5.794
13.0 6.309
13.0 5.942
13.0 5.58
13.0 5.876
13.0 6.082
13.0 6.044
13.0 6.033
13.0 5.876
13.0 5.816
13.0 6.195
13.0 5.763
13.0 5.965
13.0 6.388
13.0 6.216
13.0 6.005
13.0 5.829
13.0 6.09
13.0 6.066
13.0 5.963
13.0 5.842
13.0 5.88
13.0 6.226
13.0 6.152
13.0 6.147
13.0 6.192
13.0 6.23
13.0 6.179
13.0 5.967
13.0 6.153
13.0 5.913
13.0 6.077
13.0 6.051
13.0 6.135
13.0 6.0
13.0 5.704
13.0 6.072
13.0 6.204
13.0 6.112
13.0 5.849
13.0 6.082
13.0 6.211
13.0 6.271
13.0 5.979
13.0 6.147
13.0 6.118
13.0 6.022
13.0 5.847
13.0 5.987
13.0 6.118
13.0 6.099
13.0 5.967
13.0 5.825
13.0 5.554
13.0 5.905
13.0 5.954
13.0 5.781
13.0 5.618
13.0 5.753
13.0 6.066
13.0 6.07
13.0 6.091
13.0 5.873
13.0 6.073
13.0 6.155
13.0 5.537
13.0 5.836
13.0 6.305
13.0 6.197
13.0 5.949
13.0 6.104
13.0 6.139
13.0 6.116
13.0 5.896
13.0 5.881
13.0 6.327
13.0 5.843
13.0 5.984
13.0 6.17
13.0 6.018
13.0 6.209
13.0 5.916
13.0 5.969
13.0 5.835
13.0 6.099
13.0 5.916
13.0 5.946
13.0 6.12
13.0 6.218
13.0 5.61
13.0 5.96
13.0 5.731
13.0 6.085
13.0 6.045
13.0 5.984
13.0 5.75
13.0 5.774
13.0 6.097
13.0 6.289
13.0 5.784
13.0 6.111
13.0 5.979
13.0 6.019
13.0 5.956
13.0 5.95
13.0 6.011
13.0 6.241
13.0 6.072
13.0 6.018
13.0 6.069
13.0 6.195
13.0 5.997
13.0 5.971
13.0 5.913
13.0 6.12
13.0 5.995
13.0 5.887
13.0 5.856
13.0 6.311
13.0 5.95
13.0 5.741
13.0 6.044
13.0 5.968
13.0 5.899
13.0 5.844
13.0 5.662
13.0 6.261
13.0 6.051
13.0 5.969
13.0 5.941
13.0 5.959
13.0 6.288
13.0 5.864
13.0 5.928
13.0 6.165
13.0 6.204
13.0 6.034
13.0 6.111
13.0 6.116
13.0 6.273
13.0 5.912
13.0 5.745
13.0 5.842
13.0 6.124
13.0 6.219
13.0 6.18
13.0 6.059
13.0 6.105
13.0 6.21
13.0 5.899
13.0 6.207
13.0 6.101
13.0 5.788
13.0 5.901
13.0 6.004
13.0 5.927
13.0 5.949
13.0 6.154
13.0 6.053
13.0 5.906
13.0 5.987
13.0 5.991
13.0 6.274
13.0 6.044
13.0 6.285
13.0 6.309
13.0 6.143
13.0 6.286
13.0 5.933
13.0 6.051
13.0 5.96
13.0 5.928
13.0 6.024
13.0 5.98
13.0 6.132
13.0 6.057
13.0 5.958
13.0 5.881
13.0 6.036
13.0 5.795
13.0 5.88
13.0 5.91
13.0 6.039
13.0 5.964
13.0 6.416
13.0 5.893
13.0 5.98
13.0 6.012
13.0 6.027
13.0 5.885
13.0 6.133
13.0 6.238
13.0 6.132
13.0 5.939
13.0 5.7
13.0 5.738
13.0 6.179
13.0 6.142
13.0 6.083
13.0 5.657
13.0 6.249
13.0 5.889
13.0 5.983
13.0 6.091
13.0 5.861
13.0 6.088
13.0 6.007
13.0 6.228
13.0 6.041
13.0 6.06
13.0 5.908
13.0 6.229
13.0 5.773
13.0 6.388
13.0 6.285
13.0 6.328
13.0 5.812
13.0 6.083
13.0 6.293
13.0 6.199
13.0 5.979
13.0 5.995
13.0 5.949
13.0 6.161
13.0 6.037
13.0 5.987
13.0 5.946
13.0 5.699
13.0 6.273
13.0 6.169
13.0 6.104
13.0 5.792
13.0 6.062
13.0 6.064
13.0 5.836
13.0 5.663
13.0 6.001
13.0 5.977
13.0 6.156
13.0 6.171
13.0 6.123
13.0 5.868
13.0 6.067
13.0 6.095
13.0 6.253
13.0 6.094
13.0 6.023
13.0 6.095
13.0 6.022
13.0 6.403
13.0 5.827
13.0 5.752
13.0 5.756
13.0 5.908
13.0 6.033
13.0 5.918
13.0 6.119
13.0 5.485
13.0 5.804
13.0 6.298
13.0 6.066
13.0 5.983
13.0 5.888
13.0 5.886
13.0 6.221
13.0 5.911
13.0 5.846
13.0 5.754
13.0 6.042
13.0 5.944
13.0 6.151
13.0 5.963
13.0 6.031
13.0 6.15
13.0 5.686
13.0 6.217
13.0 6.054
13.0 6.142
13.0 6.119
13.0 5.934
13.0 6.0
13.0 6.013
13.0 5.767
13.0 6.253
13.0 5.845
13.0 5.658
13.0 6.245
13.0 6.434
13.0 6.299
13.0 6.122
13.0 6.246
13.0 6.031
13.0 5.781
13.0 6.09
13.0 5.886
13.0 6.098
13.0 6.171
13.0 6.196
13.0 5.84
13.0 5.798
13.0 6.145
13.0 6.21
13.0 5.895
13.0 6.131
13.0 6.047
13.0 5.851
13.0 6.014
13.0 5.924
13.0 6.075
13.0 6.311
13.0 6.319
13.0 6.423
13.0 6.172
13.0 6.237
13.0 6.214
13.0 6.346
13.0 6.156
13.0 5.736
13.0 6.214
13.0 6.052
13.0 5.907
13.0 5.984
13.0 5.757
13.0 6.099
13.0 6.168
13.0 6.183
13.0 6.135
13.0 6.037
13.0 6.003
13.0 5.891
13.0 6.065
13.0 5.932
13.0 6.148
13.0 5.91
13.0 6.494
13.0 6.022
13.0 6.165
13.0 5.992
13.0 5.696
13.0 6.278
13.0 5.796
13.0 6.018
13.0 5.814
13.0 6.137
13.0 6.426
13.0 5.787
13.0 6.022
13.0 5.828
13.0 5.833
13.0 5.881
13.0 5.864
13.0 5.663
13.0 5.938
13.0 5.606
13.5 6.335
13.5 6.057
13.5 6.005
13.5 6.061
13.5 5.841
13.5 5.857
13.5 6.279
13.5 6.023
13.5 6.179
13.5 6.037
13.5 6.045
13.5 6.091
13.5 6.331
13.5 5.718
13.5 5.893
13.5 6.02
13.5 5.735
13.5 5.728
13.5 6.022
13.5 5.993
13.5 6.142
13.5 6.045
13.5 5.982
13.5 5.852
13.5 5.862
13.5 6.042
13.5 5.796
13.5 5.743
13.5 5.871
13.5 5.909
13.5 6.051
13.5 5.793
13.5 6.028
13.5 6.33
13.5 5.974
13.5 6.181
13.5 5.842
13.5 5.905
13.5 5.973
13.5 5.914
13.5 5.94
13.5 5.982
13.5 5.969
13.5 5.873
13.5 6.13
13.5 5.923
13.5 5.82
500
13.0 3.559
13.0 5.509
13.0 6.038
13.0 6.019
13.0 6.413
13.0 5.83
13.0 6.279
13.0 6.246
13.0 6.065
13.0 6.065
13.0 6.104
13.0 6.018
13.0 6.039
13.0 5.922
13.0 5.978
13.0 6.062
13.0 6.009
13.0 5.999
13.0 5.806
13.0 6.042
13.0 5.964
13.0 6.219
13.0 6.214
13.0 5.971
13.0 5.923
13.0 5.805
13.0 6.131
13.0 5.779
13.0 5.935
13.0 6.141
13.0 5.879
13.0 5.729
13.0 5.856
13.0 6.188
13.0 5.856
13.0 5.905
13.0 6.285
13.0 6.078
13.0 6.019
13.0 6.088
13.0 5.856
13.0 6.161
13.0 5.939
13.0 5.996
13.0 5.768
13.0 6.124
13.0 5.995
13.0 6.066
13.0 5.963
13.0 5.638
13.0 5.804
13.0 5.957
13.0 6.156
13.0 6.246
13.0 5.882
13.0 6.142
13.0 6.036
13.0 5.985
13.0 6.117
13.0 5.892
13.0 5.887
13.0 5.8
13.0 6.059
13.0 6.121
13.0 6.143
13.0 6.009
13.0 6.242
13.0 6.256
13.0 5.788
13.0 5.77
13.0 6.012
13.0 6.136
13.0 6.141
13.0 6.047
13.0 5.842
13.0 5.59
13.0 5.998
13.0 6.027
13.0 6.008
13.0 6.202
13.0 5.74
13.0 6.023
13.0 6.214
13.0 6.178
13.0 5.976
13.0 5.95
13.0 6.183
13.0 6.31
13.0 5.701
13.0 5.583
13.0 5.763
13.0 5.892
13.0 5.712
13.0 5.723
13.0 5.904
13.0 5.916
13.0 5.818
13.0 6.104
13.0 6.218
13.0 5.722
13.0 5.916
13.0 5.599
13.0 6.147
13.0 5.857
13.0 5.906
13.0 6.077
13.0 6.112
13.0 5.527
13.0 5.919
13.0 5.964
13.0 6.337
13.0 5.946
13.0 6.003
13.0 5.633
13.0 5.718
13.0 5.97
13.0 6.028
13.0 5.916
13.0 6.09
13.0 5.637
13.0 6.096
13.0 6.249
13.0 5.898
13.0 6.118
13.0 6.009
13.0 5.85
13.0 5.982
13.0 5.89
13.0 5.891
13.0 5.868
13.0 5.715
13.0 5.986
13.0 5.812
13.0 6.005
13.0 5.977
13.0 5.851
13.0 5.954
13.0 6.231
13.0 6.025
13.0 6.032
13.0 5.976
13.0 5.961
13.0 6.163
13.0 6.099
13.0 6.255
13.0 5.759
13.0 6.21
13.0 6.269
13.0 5.71
13.0 5.964
13.0 5.998
13.0 5.798
13.0 5.915
13.0 6.243
13.0 5.955
13.0 5.873
13.0 5.606
13.0 6.007
13.0 6.102
13.0 5.953
13.0 5.723
13.0 5.974
13.0 6.112
13.0 6.31
13.0 6.078
13.0 6.135
13.0 5.891
13.0 6.139
13.0 5.755
13.0 5.844
13.0 5.788
13.0 5.992
13.0 6.125
13.0 5.957
13.0 5.997
13.0 6.007
13.0 6.16
13.0 5.928
13.0 5.734
13.0 5.906
13.0 5.973
13.0 5.865
13.0 5.859
13.0 5.945
13.0 5.412
13.0 5.767
13.0 5.86
13.0 5.778
13.0 6.041
13.0 6.092
13.0 6.028
13.0 5.73
13.0 5.863
13.0 5.767
13.0 5.585
13.0 6.212
13.0 6.272
13.0 6.095
13.0 6.224
13.0 5.999
13.0 5.981
13.0 5.874
13.0 6.112
13.0 6.067
13.0 5.746
13.0 5.755
13.0 6.163
13.0 5.748
13.0 6.043
13.0 5.751
13.0 5.925
13.0 6.461
13.0 6.125
13.0 5.747
13.0 5.866
13.0 5.851
13.0 5.906
13.0 5.675
13.0 6.178
13.0 5.985
13.0 6.308
13.0 5.971
13.0 5.966
13.0 6.045
13.0 5.602
13.0 5.661
13.0 6.137
13.0 5.946
13.0 5.937
13.0 6.173
13.0 5.83
13.0 5.896
13.0 5.989
13.0 6.268
13.0 6.059
13.0 6.007
13.0 5.979
13.0 5.97
13.0 5.748
13.0 6.083
13.0 6.164
13.0 5.733
13.0 6.009
13.0 6.139
13.0 6.048
13.0 6.155
13.0 6.037
13.0 6.11
13.0 6.148
13.0 5.797
13.0 6.02
13.0 5.833
13.0 5.784
13.0 5.752
13.0 5.884
13.0 6.032
13.0 6.096
13.0 5.905
13.0 5.975
13.0 6.08
13.0 5.954
13.0 5.981
13.0 6.039
13.0 5.634
13.0 5.949
13.0 6.173
13.0 6.027
13.0 6.127
13.0 6.181
13.0 5.877
13.0 5.806
13.0 5.808
13.0 6.422
13.0 6.114
13.0 6.052
13.0 5.843
13.0 6.018
13.0 6.013
13.0 6.155
13.0 6.111
13.0 6.386
13.0 6.099
13.0 5.754
13.0 6.167
13.0 6.142
13.0 6.13
13.0 6.028
13.0 6.046
13.0 6.041
13.0 6.217
13.0 6.158
13.0 5.819
13.0 6.191
13.0 5.935
13.0 6.305
13.0 6.007
13.0 5.838
13.0 6.282
13.0 6.362
13.0 6.177
13.0 5.926
13.0 5.879
13.0 5.847
13.0 6.228
13.0 6.28
13.0 5.984
13.0 6.111
13.0 6.162
13.0 6.142
13.0 5.818
13.0 6.326
13.0 6.129
13.0 5.847
13.0 5.82
13.0 5.832
13.0 6.294
13.0 6.233
13.0 6.096
13.0 6.19
13.0 6.133
13.0 5.832
13.0 6.14
13.0 5.939
13.0 5.619
13.0 5.792
13.0 5.878
13.0 5.948
13.0 6.067
13.0 5.894
13.0 6.385
13.0 5.851
13.0 6.045
13.0 6.247
13.0 6.241
13.0 5.982
13.0 5.494
13.0 6.241
13.0 5.839
13.0 5.801
13.0 6.19
13.0 6.007
13.0 5.656
13.0 6.421
13.0 6.055
13.0 6.608
13.0 6.157
13.0 6.138
13.0 6.026
13.0 6.058
13.0 6.248
13.0 6.192
13.0 6.089
13.0 6.055
13.0 5.74
13.0 5.867
13.0 6.033
13.0 5.796
13.0 6.095
13.0 5.979
13.0 6.001
13.0 5.747
13.0 5.627
13.0 5.774
13.0 5.599
13.0 6.183
13.0 6.417
13.0 5.757
13.0 5.995
13.0 6.206
13.0 6.099
13.0 6.234
13.0 5.891
13.0 5.93
13.0 5.853
13.0 5.983
13.0 5.973
13.0 6.051
13.0 5.686
13.0 6.007
13.0 6.186
13.0 5.764
13.0 6.235
13.0 5.836
13.0 5.937
13.0 5.823
13.0 6.054
13.0 5.819
13.0 6.006
13.0 5.805
13.0 5.702
13.0 6.106
13.0 5.723
13.0 6.382
13.0 5.881
13.0 5.954
13.0 6.116
13.0 6.169
13.0 5.684
13.0 5.971
13.0 6.137
13.0 5.871
13.0 6.175
13.0 5.922
13.0 5.906
13.0 5.786
13.0 5.693
13.0 6.14
13.0 5.791
13.0 5.708
13.0 6.23
13.0 5.73
13.0 6.115
13.0 6.16
13.0 5.997
13.0 6.139
13.0 6.335
13.0 6.126
13.0 6.207
13.0 6.14
13.0 6.219
13.0 6.058
13.0 5.72
13.0 5.99
13.0 5.856
13.0 5.739
13.0 5.543
13.0 5.728
13.0 5.904
13.0 6.061
13.0 6.041
13.0 5.772
13.0 6.13
13.0 6.188
13.0 5.863
13.0 5.897
13.0 5.932
13.0 6.121
13.0 5.928
13.0 6.056
13.0 5.907
13.0 6.157
13.0 6.273
13.0 5.77
13.0 6.269
13.0 5.774
13.0 6.032
13.0 5.915
13.0 5.919
13.0 5.682
13.0 6.317
13.0 6.01
13.0 5.886
13.0 6.148
13.0 5.946
13.0 5.909
13.0 5.997
13.0 5.811
13.0 6.133
13.0 6.148
13.0 6.076
13.0 6.005
13.0 5.969
13.0 5.746
13.0 6.046
13.0 5.88
13.0 5.9
13.0 5.811
13.0 6.223
13.0 5.941
13.0 6.001
13.0 5.581
13.0 5.888
13.0 5.954
13.0 6.312
13.0 6.014
13.0 6.018
13.0 6.099
13.0 6.048
13.0 6.208
13.0 5.863
13.0 5.862
13.0 5.891
13.0 5.875
13.0 6.001
13.0 5.598
13.0 5.972
13.0 6.003
13.0 5.892
13.0 6.014
13.0 5.842
13.0 6.031
13.0 5.876
13.0 6.241
13.0 6.075
13.0 6.007
13.0 6.363
13.0 6.16
13.0 5.893
13.0 6.343
13.0 6.021
500
11.5 3.837
11.5 5.522
11.5 5.941
13.0 6.117
13.0 5.838
13.0 6.245
13.0 6.114
13.0 5.989
13.0 6.087
13.0 6.071
13.0 5.851
13.0 6.172
13.0 6.111
13.0 6.079
13.0 6.183
13.0 5.977
13.0 6.128
13.0 5.955
13.0 5.698
13.0 6.131
13.0 5.898
13.0 5.793
13.0 5.757
13.0 5.788
13.0 5.755
13.0 6.328
13.0 5.915
13.0 6.209
13.0 6.142
13.0 6.109
13.0 6.041
13.0 6.042
13.0 5.819
13.0 5.732
13.0 5.629
13.0 5.956
13.0 6.069
13.0 6.015
13.0 5.864
13.0 5.597
13.0 5.911
13.0 5.83
13.0 5.983
13.0 5.979
13.0 5.984
13.0 5.852
13.0 5.792
13.0 5.945
13.0 6.358
13.0 5.969
13.0 6.112
13.0 6.093
13.0 6.179
13.0 5.777
13.0 6.052
13.0 5.809
13.0 6.197
13.0 6.303
13.0 5.824
13.0 6.215
13.0 6.359
13.0 5.959
13.0 6.042
13.0 5.692
13.0 5.929
13.0 6.046
13.0 5.958
13.0 6.001
13.0 6.258
13.0 6.404
13.0 6.207
13.0 5.881
13.0 6.005
13.0 6.09
13.0 5.628
13.0 6.014
13.0 5.649
13.0 6.222
13.0 6.093
13.0 5.858
13.0 5.964
13.0 5.84
13.0 6.411
13.0 6.37
13.0 6.2
13.0 6.233
13.0 5.643
13.0 5.947
13.0 5.884
13.0 5.922
13.0 5.837
13.0 6.034
13.0 5.734
13.0 6.266
13.0 6.027
13.0 5.883
13.0 6.069
13.0 5.987
13.0 6.227
13.0 5.608
13.0 5.884
13.0 5.919
13.0 5.991
13.0 5.912
13.0 6.096
13.0 5.924
13.0 6.0
13.0 5.991
13.0 6.019
13.0 6.045
13.0 5.555
13.0 5.806
13.0 6.048
13.0 5.69
13.0 6.036
13.0 6.004
13.0 6.056
13.0 6.139
13.0 6.074
13.0 5.828
13.0 5.965
13.0 5.923
13.0 6.264
13.0 5.99
13.0 5.858
13.0 6.102
13.0 6.106
13.0 6.027
13.0 6.031
13.0 6.089
13.0 5.923
13.0 5.955
13.0 5.801
13.0 5.786
13.0 5.834
13.0 5.807
13.0 5.818
13.0 5.933
13.0 6.074
13.0 5.805
13.0 6.042
13.0 6.082
13.0 6.183
13.0 5.861
13.0 6.255
13.0 6.081
13.0 5.942
13.0 5.672
13.0 5.896
13.0 6.005
13.0 5.707
13.0 6.187
13.0 6.135
13.0 5.848
13.0 5.928
13.0 5.896
13.0 6.091
13.0 6.128
13.0 6.181
13.0 6.315
13.0 6.082
13.0 6.197
13.0 5.99
13.0 5.908
13.0 5.782
13.0 5.151
13.0 6.009
13.0 6.068
13.0 6.169
13.0 5.861
13.0 6.063
13.0 5.651
13.0 5.985
13.0 5.63
13.0 5.891
13.0 6.0
13.0 6.187
13.0 5.995
13.0 6.078
13.0 6.073
13.0 6.019
13.0 6.181
13.0 6.135
13.0 5.867
13.0 6.117
13.0 5.981
13.0 5.894
13.0 5.911
13.0 6.063
13.0 5.877
13.0 6.272
13.0 5.799
13.0 5.903
13.0 6.107
13.0 6.099
13.0 5.949
13.0 5.821
13.0 5.997
13.0 5.866
13.0 5.863
13.0 6.011
13.0 5.983
13.0 5.891
13.0 6.032
13.0 5.85
13.0 5.867
13.0 5.938
13.0 5.739
13.0 5.765
13.0 6.155
13.0 6.182
13.0 5.846
13.0 5.903
13.0 6.398
13.0 6.273
13.0 6.112
13.0 5.82
13.0 6.081
13.0 6.151
13.0 6.214
13.0 6.05
13.0 6.229
13.0 6.036
13.0 5.937
13.0 5.811
13.0 5.935
13.0 6.087
13.0 6.104
13.0 6.09
13.0 6.04
13.0 5.597
13.0 5.766
13.0 5.952
13.0 6.217
13.0 6.293
13.0 5.989
13.0 5.755
13.0 5.677
13.0 6.093
13.0 5.972
13.0 5.896
13.0 5.814
13.0 6.07
13.0 5.974
13.0 6.16
13.0 6.201
13.0 6.09
13.0 5.789
13.0 5.696
13.0 5.904
13.0 5.89
13.0 5.947
13.0 6.094
13.0 6.307
13.0 5.985
13.0 5.952
13.0 6.004
13.0 5.938
13.0 6.078
13.0 5.959
13.0 6.018
13.0 5.701
13.0 6.068
13.0 6.063
13.0 5.919
13.0 5.797
13.0 6.132
13.0 5.978
13.0 5.879
13.0 6.132
13.0 5.997
13.0 5.667
13.0 5.895
13.0 5.935
13.0 6.172
13.0 6.19
13.0 5.884
13.0 5.935
13.0 6.249
13.0 6.061
13.0 6.023
13.0 6.191
13.0 6.006
13.0 5.953
13.0 6.045
13.0 5.782
13.0 6.123
13.0 5.874
13.0 5.837
13.0 5.576
13.0 6.07
13.0 6.251
13.0 5.991
13.0 6.038
13.0 6.151
13.0 5.7
13.0 5.977
13.0 5.984
13.0 6.191
13.0 5.968
13.0 5.731
13.0 5.988
13.0 5.943
13.0 5.888
13.0 6.331
13.0 5.827
13.0 5.89
13.0 5.493
13.0 5.755
13.0 5.856
13.0 6.252
13.0 6.081
13.0 6.115
13.0 6.472
13.0 6.189
13.0 5.994
13.0 6.071
13.0 5.747
13.0 5.917
13.0 6.044
13.0 5.784
13.0 5.948
13.0 5.88
13.0 5.929
13.0 5.541
13.0 5.958
13.0 6.181
13.0 6.142
13.0 6.296
13.0 5.882
13.0 5.856
13.0 5.711
13.0 6.156
13.0 6.193
13.0 5.993
13.0 5.823
13.0 6.299
13.0 5.835
13.0 5.786
13.0 6.025
13.0 5.927
13.0 6.069
13.0 5.942
13.0 5.994
13.0 5.717
13.0 6.217
13.0 6.157
13.0 6.16
13.0 6.035
13.0 5.98
13.0 5.974
13.0 5.913
13.0 6.102
13.0 6.105
13.0 6.231
13.0 5.759
13.0 5.966
13.0 5.948
13.0 5.991
13.0 6.097
13.0 6.075
13.0 5.964
13.0 5.563
13.0 5.873
13.0 6.017
13.0 5.766
13.0 5.886
13.0 6.001
13.0 5.817
13.0 5.907
13.0 6.387
13.0 5.927
13.0 6.105
13.0 6.018
13.0 5.954
13.0 5.727
13.0 5.956
13.0 6.186
13.0 6.126
13.0 5.888
13.0 5.999
13.0 5.986
13.0 5.825
13.0 6.169
13.0 6.064
13.0 6.304
13.0 6.284
13.0 5.926
13.0 6.208
13.0 5.929
13.0 6.063
13.0 5.992
13.0 5.952
13.0 5.829
13.0 6.159
13.0 6.223
13.0 5.951
13.0 6.216
13.0 6.053
13.0 6.139
13.0 5.966
13.0 6.085
13.0 5.923
13.0 6.073
13.0 6.247
13.0 6.008
13.0 5.707
13.0 5.952
13.0 5.897
13.0 5.767
13.0 6.07
13.0 6.159
13.0 6.277
13.0 6.019
13.0 5.842
13.0 5.862
13.0 6.071
13.0 5.955
13.0 5.741
13.0 6.201
13.0 5.737
13.0 5.825
13.0 6.076
13.5 6.053
13.5 6.304
13.5 6.215
13.5 6.32
13.5 5.993
13.5 5.86
13.5 6.338
13.5 6.199
13.5 6.281
13.5 6.126
13.5 6.123
13.5 6.177
13.5 6.062
13.5 5.953
13.5 6.017
13.5 6.286
13.5 5.747
13.5 6.263
13.5 6.18
13.5 5.866
13.5 5.88
13.5 5.949
13.5 6.238
13.5 6.113
13.5 6.102
13.5 6.104
13.5 5.991
13.5 6.119
13.5 5.839
13.5 5.924
13.5 5.784
13.5 6.104
13.5 5.923
13.5 6.101
13.5 5.916
13.5 5.861
13.5 5.962
13.5 5.966
13.5 5.818
13.5 6.27
13.5 6.225
13.5 6.231
13.5 6.066
13.5 6.083
13.5 5.954
13.5 5.754
13.5 5.911
13.5 6.213
13.5 6.06
13.5 5.795
13.5 5.83
13.5 5.973
13.5 5.989
13.5 5.915
13.5 5.874
13.5 6.137
13.5 5.934
13.5 6.221
13.5 5.977
13.5 6.089
13.5 6.092
13.5 6.197
13.5 6.06
13.5 5.931
13.5 6.171
13.5 5.961
13.5 5.866
13.5 5.969
13.5 5.793
13.5 6.027
13.5 6.133
13.5 6.026
13.5 5.984
13.5 5.795
13.5 6.189
13.5 6.051
13.5 6.113
500
11.0 3.73
11.5 5.28
11.5 6.138
12.5 5.565
12.5 5.791
12.5 5.948
12.5 6.115
12.5 6.124
12.5 5.906
12.5 6.169
12.5 5.928
12.5 6.174
12.5 5.984
12.5 5.896
12.5 5.893
12.5 6.201
12.5 6.005
13.0 5.969
13.0 5.641
13.0 6.273
13.0 6.044
13.0 5.908
13.0 5.704
13.0 5.966
13.0 5.88
13.0 5.65
13.0 6.132
13.0 6.064
13.0 6.44
13.0 5.887
13.0 6.086
13.0 5.984
13.0 5.886
13.0 5.964
13.0 6.031
13.0 6.065
13.0 5.979
13.0 5.952
13.0 5.869
13.0 5.764
13.0 5.994
13.0 5.99
13.0 6.242
13.0 5.968
13.0 6.058
13.0 6.214
13.0 5.875
13.0 5.92
13.0 5.953
13.0 6.033
13.0 5.877
13.0 6.184
13.0 5.974
13.0 5.887
13.0 6.028
13.0 5.947
13.0 5.766
13.0 5.827
13.0 6.213
13.0 6.224
13.0 6.292
13.0 5.965
13.0 6.02
13.0 5.967
13.0 5.959
13.0 6.011
13.0 6.068
13.0 5.993
13.0 5.594
13.0 6.162
13.0 5.979
13.0 6.066
13.0 6.018
13.0 6.062
13.0 5.93
13.0 6.238
13.0 6.063
13.0 6.012
13.0 5.895
13.0 5.976
13.0 6.02
13.0 5.664
13.0 5.966
13.0 6.007
13.0 5.771
13.0 6.092
13.0 5.772
13.0 6.169
13.0 5.825
13.0 5.917
13.0 6.302
13.0 5.663
13.0 5.984
13.0 6.218
13.0 6.195
13.0 6.112
13.0 6.276
13.0 5.933
13.0 5.882
13.0 6.373
13.0 5.835
13.0 5.963
13.0 5.889
13.0 6.094
13.0 6.21
13.0 5.91
13.0 5.667
13.0 5.818
13.0 5.789
13.0 5.705
13.0 5.876
13.0 6.015
13.0 5.815
13.0 5.966
13.0 6.058
13.0 6.009
13.0 6.449
13.0 6.227
13.0 6.064
13.0 5.799
13.0 5.993
13.0 6.149
13.0 5.872
13.0 6.125
13.0 5.961
13.0 6.27
13.0 5.921
13.0 5.958
13.0 6.291
13.0 6.037
13.0 5.942
13.0 5.969
13.0 5.942
13.0 5.99
13.0 6.003
13.0 5.772
13.0 5.762
13.0 6.105
13.0 5.79
13.0 5.872
13.0 6.043
13.0 5.828
13.0 5.873
13.0 5.739
13.0 5.792
13.0 6.098
13.0 6.106
13.0 5.795
13.0 5.875
13.0 5.966
13.0 6.108
13.0 5.507
13.0 6.073
13.0 6.06
13.0 6.01
13.0 5.99
13.0 6.107
13.0 5.993
13.0 6.103
13.0 6.177
13.0 5.901
13.0 6.393
13.0 5.989
13.0 6.019
13.0 6.152
13.0 6.12
13.0 6.423
13.0 6.039
13.0 5.934
13.0 6.278
13.0 6.112
13.0 5.949
13.0 5.808
13.0 6.122
13.0 5.988
13.0 5.89
13.0 5.64
13.0 5.643
13.0 5.73
13.0 6.004
13.0 5.842
13.0 5.8
13.0 5.846
13.0 5.621
13.0 6.156
13.0 6.445
13.0 5.85
13.0 5.908
13.0 5.998
13.0 6.263
13.0 6.038
13.0 5.969
13.5 5.885
13.5 6.261
13.5 5.777
13.5 6.099
13.5 5.875
13.5 5.999
13.5 5.764
13.5 5.898
13.5 6.224
13.5 5.934
13.5 5.781
13.5 6.27
13.5 6.215
13.5 5.984
13.5 6.038
13.5 5.956
13.5 5.902
13.5 5.715
13.5 6.163
13.5 6.063
13.5 6.332
13.5 6.163
13.5 6.329
13.5 6.236
13.5 5.802
13.5 6.337
13.5 6.076
13.5 5.875
13.5 5.99
13.5 5.648
13.5 6.117
13.5 5.821
13.5 6.096
13.5 6.151
13.5 6.044
13.5 6.273
13.5 5.983
13.5 6.332
13.5 5.873
13.5 6.127
13.5 6.085
13.5 5.515
13.5 5.682
13.5 5.709
13.5 6.003
13.5 6.285
13.5 5.762
13.5 6.016
13.5 5.979
13.5 6.1
13.5 6.035
13.5 6.107
13.5 6.223
13.5 6.037
13.5 6.173
13.5 6.279
13.5 5.986
13.5 6.057
13.5 5.93
13.5 6.206
13.5 6.25
13.5 5.97
13.5 5.949
13.5 5.974
13.5 5.918
13.5 5.961
13.5 5.864
13.5 5.812
13.5 6.061
13.5 5.689
13.5 5.821
13.5 6.164
13.5 5.712
13.5 6.189
13.5 5.977
13.5 6.093
13.5 5.743
13.5 6.035
13.5 6.175
13.5 5.813
13.5 6.044
13.5 6.001
13.5 5.885
13.5 5.834
13.5 5.906
13.5 5.935
13.5 5.753
13.5 6.085
13.5 6.133
13.5 6.128
13.5 6.031
13.5 6.202
13.5 6.127
13.5 5.981
13.5 5.765
13.5 6.03
13.5 6.111
13.5 5.647
13.5 5.759
13.5 6.078
13.5 6.053
13.5 6.026
13.5 5.918
13.5 5.635
13.5 5.982
13.5 6.288
13.5 5.859
13.5 6.164
13.5 6.007
13.5 6.362
13.5 5.782
13.5 5.767
13.5 6.152
13.5 6.207
13.5 5.938
13.5 6.071
13.5 6.1
13.5 5.882
13.5 5.783
13.5 6.154
13.5 6.297
13.5 6.046
13.5 6.223
13.5 6.154
13.5 5.925
13.5 6.06
13.5 6.102
13.5 6.023
13.5 6.124
13.5 6.23
13.5 6.067
13.5 6.036
13.5 5.959
13.5 6.234
13.5 5.939
13.5 6.166
13.5 6.224
13.5 6.1
13.5 6.015
13.5 5.989
13.5 6.21
13.5 6.311
13.5 6.247
13.5 5.703
13.5 6.263
13.5 6.084
13.5 6.293
13.5 6.013
13.5 5.833
13.5 5.876
13.5 5.919
13.5 5.986
13.5 6.005
13.5 6.162
13.5 6.178
13.5 6.199
13.5 5.681
13.5 5.873
13.5 5.701
13.5 6.073
13.5 6.332
13.5 5.816
13.5 6.146
13.5 6.232
13.5 6.38
13.5 6.135
13.5 5.973
13.5 6.232
13.5 6.288
13.5 5.935
13.5 5.73
13.5 6.026
13.5 6.119
13.5 6.086
13.5 5.92
13.5 5.958
13.5 6.29
13.5 6.169
13.5 5.974
13.5 6.084
13.5 6.444
13.5 5.537
13.5 6.179
13.5 6.031
13.5 5.923
13.5 6.026
13.5 6.037
13.5 6.155
13.5 5.791
13.5 6.039
13.5 5.774
13.5 6.07
13.5 6.022
13.5 5.953
13.5 5.919
13.5 5.733
13.5 6.353
13.5 6.111
13.5 6.084
13.5 5.73
13.5 5.895
13.5 5.457
13.5 5.859
13.5 6.011
13.5 5.953
13.5 6.205
13.5 5.906
13.5 6.148
13.5 6.091
13.5 6.286
13.5 5.853
13.5 6.198
13.5 6.004
13.5 6.144
13.5 6.251
13.5 6.068
13.5 5.985
13.5 6.128
13.5 5.792
13.5 5.878
13.5 6.289
13.5 5.999
13.5 6.151
13.5 5.952
13.5 5.894
13.5 6.042
13.5 6.152
13.5 6.134
13.5 5.933
13.5 6.018
13.5 5.663
13.5 6.107
13.5 5.944
13.5 5.694
13.5 5.897
13.5 5.792
13.5 6.18
13.5 6.004
13.5 5.954
13.5 5.809
13.5 5.694
13.5 5.78
13.5 5.926
13.5 6.189
13.5 6.152
13.5 6.091
13.5 5.944
13.5 6.058
13.5 5.798
13.5 5.706
13.5 6.188
13.5 5.889
13.5 6.011
13.5 5.643
13.5 6.187
13.5 5.943
13.5 5.845
13.5 6.022
13.5 6.026
13.5 5.831
13.5 6.024
13.5 5.893
13.5 6.1
13.5 6.277
13.5 6.127
13.5 6.034
13.5 6.039
13.5 5.882
13.5 5.91
13.5 5.856
13.5 5.97
13.5 5.916
13.5 6.042
13.5 6.14
13.5 6.211
13.5 5.843
13.5 6.316
13.5 6.159
13.5 5.828
13.5 5.918
13.5 6.01
13.5 5.899
13.5 6.279
13.5 6.111
13.5 6.06
13.5 6.325
13.5 6.011
13.5 5.9
13.5 5.731
13.5 6.078
13.5 6.207
13.5 6.442
13.5 6.246
13.5 5.785
13.5 5.936
13.5 5.725
13.5 5.651
13.5 5.749
13.5 5.981
13.5 5.791
13.5 5.73
13.5 5.85
13.5 5.906
13.5 5.578
13.5 6.173
13.5 6.139
13.5 5.856
13.5 6.005
500
12.5 3.541
12.5 5.776
12.5 5.757
12.5 5.928
12.5 5.919
12.5 5.842
12.5 5.822
12.5 6.363
12.5 5.923
12.5 5.791
12.5 6.261
12.5 5.958
12.5 6.282
12.5 6.239
12.5 5.94
12.5 6.137
12.5 6.03
12.5 5.746
12.5 6.035
12.5 5.835
12.5 5.955
12.5 5.915
12.5 5.498
12.5 5.854
13.0 5.707
13.0 5.719
13.0 5.665
13.0 5.55
13.0 5.867
13.0 6.18
13.0 5.801
13.0 5.857
13.0 5.936
13.0 5.932
13.0 6.188
13.0 5.941
13.0 5.943
13.0 6.07
13.0 5.978
13.0 5.884
13.0 5.921
13.0 6.031
13.0 6.019
13.0 6.053
13.0 5.659
13.0 5.715
13.0 5.812
13.0 6.204
13.0 6.011
13.0 6.216
13.0 6.097
13.0 5.904
13.0 5.935
13.0 6.099
13.0 5.835
13.0 6.078
13.0 5.793
13.0 5.905
13.0 6.165
13.0 5.923
13.0 6.339
13.0 5.927
13.0 6.11
13.0 6.031
13.0 5.568
13.0 6.289
13.0 6.082
13.0 5.939
13.0 5.779
13.0 5.742
13.0 5.977
13.0 6.067
13.0 6.031
13.0 6.224
13.0 6.224
13.0 5.937
13.0 5.827
13.0 5.878
13.0 6.004
13.0 5.873
13.0 6.188
13.0 6.149
13.0 6.138
13.0 5.754
13.0 5.618
13.0 5.859
13.0 5.89
13.0 5.932
13.0 5.932
13.0 6.05
13.0 5.973
13.0 5.928
13.0 5.779
13.0 6.257
13.0 5.976
13.0 5.772
13.0 5.812
13.0 5.895
13.0 6.045
13.0 6.24
13.0 6.119
13.0 6.193
13.0 5.877
13.0 5.848
13.0 5.678
13.0 5.793
13.0 5.923
13.0 5.871
13.0 6.057
13.0 6.195
13.0 6.186
13.0 5.941
13.0 6.002
13.0 6.109
13.0 5.936
13.0 6.168
13.0 6.0
13.0 5.742
13.0 5.868
13.0 6.207
13.0 6.015
13.0 6.059
13.0 5.9
13.0 5.926
13.0 5.778
13.0 5.893
13.0 5.809
13.0 6.192
13.0 5.895
13.0 5.733
13.0 5.637
13.0 6.297
13.0 5.811
13.0 5.842
13.0 6.219
13.0 6.076
13.0 6.399
13.0 5.915
13.0 6.125
13.0 6.055
13.0 6.081
13.0 5.982
13.0 5.891
13.0 6.365
13.0 5.838
13.0 6.069
13.0 5.904
13.0 6.073
13.0 5.797
13.0 5.949
13.0 6.188
13.0 5.708
13.0 6.063
13.0 5.906
13.0 5.706
13.0 6.079
13.0 5.704
13.0 5.803
13.0 5.955
13.0 5.766
13.0 5.761
13.0 5.793
13.0 6.165
13.0 5.97
13.0 5.894
13.0 6.099
13.0 5.605
13.0 5.948
13.0 5.989
13.0 5.892
13.0 6.003
13.0 6.151
13.0 6.154
13.0 6.067
13.0 6.074
13.0 5.983
13.0 5.731
13.0 6.125
13.0 5.897
13.0 5.678
13.0 6.094
13.0 6.161
13.0 5.982
13.0 5.933
13.0 5.763
13.0 6.308
13.0 6.186
13.0 5.86
13.0 5.988
13.0 5.582
13.0 6.146
13.0 5.73
13.0 5.607
13.0 6.227
13.0 6.215
13.0 5.974
13.0 5.767
13.0 5.922
13.0 5.976
13.0 5.839
13.0 5.86
13.0 5.741
13.0 5.743
13.0 5.924
13.0 5.694
13.0 5.937
13.0 6.131
13.0 5.754
13.0 5.808
13.0 5.831
13.0 6.2
13.0 6.022
13.0 5.954
13.0 6.094
13.0 5.944
13.0 6.11
13.0 6.118
13.0 6.278
13.0 6.195
13.0 5.76
13.0 5.71
13.0 5.755
13.0 5.801
13.0 6.111
13.0 5.838
13.0 5.888
13.0 5.988
13.0 5.677
13.0 6.03
13.0 6.044
13.0 5.838
13.0 5.929
13.0 5.966
13.0 5.987
13.0 6.032
13.0 6.184
13.0 5.947
13.0 5.79
13.0 5.81
13.0 6.038
13.0 6.063
13.0 6.165
13.0 5.97
13.0 5.993
13.0 5.869
13.0 5.734
13.0 6.02
13.0 5.769
13.0 5.845
13.0 5.914
13.0 5.708
13.0 6.272
13.0 6.077
13.0 5.976
13.0 5.933
13.0 5.977
13.0 5.988
13.0 5.993
13.0 6.119
13.0 6.227
13.0 6.165
13.0 5.756
13.0 6.135
13.0 5.797
13.0 5.915
13.0 6.059
13.0 6.414
13.0 5.978
13.0 6.019
13.0 6.307
13.0 5.937
13.0 5.937
13.0 5.836
13.0 6.12
13.0 6.079
13.0 5.897
13.0 5.841
13.0 5.964
13.0 5.811
13.0 6.013
13.0 6.042
13.0 5.979
13.0 5.803
13.0 6.293
13.0 6.018
13.0 6.003
13.0 5.7
13.0 5.776
13.0 5.76
13.0 5.939
13.0 5.552
13.0 5.997
13.0 6.039
13.0 5.918
13.0 6.263
13.0 5.96
13.0 5.912
13.0 5.826
13.0 6.365
13.0 5.957
13.0 5.904
13.0 6.166
13.0 5.926
13.0 5.99
13.0 6.263
13.0 5.62
13.0 5.697
13.0 6.056
13.0 5.812
13.0 5.862
13.0 5.748
13.0 5.964
13.0 6.022
13.0 6.105
13.0 5.625
13.0 6.03
13.0 6.135
13.0 5.706
13.0 5.892
13.0 6.009
13.0 6.098
13.0 5.785
13.0 5.907
13.0 6.018
13.0 6.112
13.0 6.18
13.0 6.081
13.0 5.612
13.0 5.999
13.0 5.949
13.0 5.921
13.0 6.143
13.0 5.802
13.0 5.814
13.0 5.657
13.0 6.211
13.0 5.626
13.0 5.967
13.0 6.121
13.0 6.004
13.0 5.917
13.0 6.238
13.0 6.117
13.0 5.932
13.0 6.117
13.0 5.973
13.0 6.025
13.0 5.951
13.0 5.782
13.0 5.898
13.0 5.601
13.0 5.681
13.0 6.236
13.0 5.729
13.0 5.983
13.0 5.639
13.0 6.062
13.0 6.395
13.0 5.688
13.0 6.282
13.0 5.942
13.0 5.99
13.0 6.03
13.0 6.017
13.0 6.382
13.0 6.175
13.0 6.007
13.0 6.035
13.0 5.962
13.0 5.616
13.0 5.897
13.0 5.474
13.0 6.076
13.0 6.088
13.0 5.655
13.0 6.043
13.0 5.969
13.0 6.31
13.0 5.991
13.0 6.095
13.0 6.071
13.0 6.184
13.0 6.371
13.0 6.192
13.0 6.002
13.0 5.912
13.0 6.032
13.0 6.189
13.0 5.859
13.0 5.753
13.0 5.642
13.0 5.839
13.0 6.088
13.5 6.004
13.5 6.196
13.5 5.954
13.5 5.442
13.5 5.823
13.5 5.88
13.5 6.286
13.5 6.006
13.5 5.62
13.5 6.213
13.5 6.173
13.5 6.114
13.5 6.146
13.5 6.031
13.5 6.141
13.5 6.017
13.5 6.3
13.5 5.82
13.5 5.853
13.5 5.816
13.5 6.07
13.5 5.878
13.5 5.85
13.5 5.766
13.5 6.011
13.5 6.075
13.5 6.25
13.5 6.097
13.5 5.978
13.5 6.375
13.5 6.15
13.5 6.129
13.5 5.764
13.5 6.124
13.5 6.071
13.5 5.906
13.5 5.847
13.5 5.837
13.5 6.066
13.5 5.99
13.5 6.038
13.5 5.884
13.5 5.864
13.5 5.97
13.5 5.965
13.5 5.865
13.5 6.208
13.5 6.028
13.5 6.026
13.5 5.949
13.5 5.912
13.5 6.127
13.5 5.856
13.5 5.896
13.5 5.924
13.5 5.839
13.5 5.762
13.5 6.063
13.5 6.114
13.5 6.007
13.5 6.21
13.5 5.884
13.5 5.849
13.5 6.111
13.5 5.946
13.5 6.06
13.5 6.068
13.5 6.241
13.5 5.971
13.5 5.947
13.5 5.588
13.5 6.174
13.5 5.663
13.5 6.011
13.5 5.781
13.5 6.051
13.5 6.154
13.5 5.861
13.5 5.881
13.5 5.871
13.5 6.125
13.5 5.687
13.5 5.972
13.5 5.848
13.5 5.846
13.5 5.757
13.5 5.952
13.5 5.815
13.5 5.934
13.5 6.334
13.5 5.67
13.5 6.061
13.5 5.603
13.5 6.221
13.5 6.212
13.5 5.901
13.5 6.084
13.5 5.84
13.5 5.73
13.5 5.748
13.5 5.841
13.5 5.841
13.5 5.994
13.5 6.006
13.5 5.972
13.5 6.033
13.5 6.246
500
13.0 3.881
13.0 5.541
13.0 6.067
13.0 6.215
13.0 6.055
13.0 5.857
13.0 5.847
13.0 5.62
13.0 5.799
13.0 5.989
13.0 5.924
13.0 5.85
13.0 5.938
13.0 6.025
13.0 6.069
13.0 6.094
13.0 6.201
13.0 6.127
13.0 6.094
13.0 5.877
13.0 5.952
13.0 5.512
13.0 6.077
13.0 6.066
13.0 6.257
13.0 5.972
13.0 6.305
13.0 6.117
13.0 6.077
13.0 5.611
13.0 5.717
13.0 6.152
13.0 5.954
13.0 5.8
13.0 6.24
13.0 5.857
13.0 6.119
13.0 6.049
13.0 5.692
13.0 6.025
13.0 6.056
13.0 6.087
13.0 6.225
13.0 5.876
13.0 6.001
13.0 6.277
13.0 6.302
13.0 5.85
13.0 6.09
13.0 5.749
13.0 6.262
13.0 5.703
13.0 5.907
13.0 5.686
13.0 6.101
13.0 6.208
13.0 6.442
13.0 6.316
13.0 5.895
13.0 6.235
13.0 6.128
13.0 6.083
13.0 6.013
13.0 6.015
13.0 5.802
13.0 6.092
13.0 5.964
13.0 5.82
13.0 6.221
13.0 5.789
13.0 6.087
13.0 5.899
13.0 6.104
13.0 5.881
13.0 6.041
13.0 5.996
13.0 6.213
13.0 6.082
13.0 5.926
13.0 6.01
13.0 5.955
13.0 6.136
13.0 6.178
13.5 6.022
13.5 6.196
13.5 6.18
13.5 5.771
13.5 5.923
13.5 6.199
13.5 5.755
13.5 5.828
13.5 5.836
13.5 6.116
13.5 6.19
13.5 6.264
13.5 6.165
13.5 5.786
13.5 6.104
13.5 5.699
13.5 5.792
13.5 6.196
13.5 5.579
13.5 6.185
13.5 6.002
13.5 5.886
13.5 5.805
13.5 6.158
13.5 5.965
13.5 5.906
13.5 5.883
13.5 6.036
13.5 6.045
13.5 5.909
13.5 6.078
13.5 6.474
13.5 6.168
13.5 6.258
13.5 6.198
13.5 6.12
13.5 6.157
13.5 6.177
13.5 6.202
13.5 6.068
13.5 5.942
13.5 5.898
13.5 5.822
13.5 5.947
13.5 5.761
13.5 6.074
13.5 5.873
13.5 6.042
13.5 5.98
13.5 6.182
13.5 6.246
13.5 5.792
13.5 6.069
13.5 6.25
13.5 5.856
13.5 6.099
13.5 5.719
13.5 5.874
13.5 5.781
13.5 6.31
13.5 6.046
13.5 6.081
13.5 6.009
13.5 6.224
13.5 6.487
13.5 5.803
13.5 5.901
13.5 6.053
13.5 6.329
13.5 6.149
13.5 5.564
13.5 6.048
13.5 5.873
13.5 6.082
13.5 6.079
13.5 5.821
13.5 6.004
13.5 5.98
13.5 6.21
13.5 5.707
13.5 5.83
13.5 6.197
13.5 6.036
13.5 6.089
13.5 5.965
13.5 6.03
13.5 5.996
13.5 6.086
13.5 6.394
13.5 6.072
13.5 6.142
13.5 5.728
13.5 6.282
13.5 5.982
13.5 5.689
13.5 6.327
13.5 6.091
13.5 5.989
13.5 5.905
13.5 5.797
13.5 5.823
13.5 5.756
13.5 5.441
13.5 5.87
13.5 5.803
13.5 6.093
13.5 6.069
13.5 5.708
13.5 6.07
13.5 6.029
13.5 5.84
13.5 5.952
13.5 6.202
13.5 6.074
13.5 6.116
13.5 5.995
13.5 6.006
13.5 5.879
13.5 5.679
13.5 5.944
13.5 6.156
13.5 6.049
13.5 6.145
13.5 6.18
13.5 5.827
13.5 6.216
13.5 6.04
13.5 6.219
13.5 6.06
13.5 6.212
13.5 5.756
13.5 6.059
13.5 5.863
13.5 6.472
13.5 5.928
13.5 6.08
13.5 5.931
13.5 5.863
13.5 6.308
13.5 6.076
13.5 6.263
13.5 6.275
13.5 6.172
13.5 6.051
13.5 6.015
13.5 5.962
13.5 5.84
13.5 6.339
13.5 6.112
13.5 6.12
13.5 6.146
13.5 6.03
13.5 5.911
13.5 6.337
13.5 6.193
13.5 5.972
13.5 5.772
13.5 5.768
13.5 6.006
13.5 5.986
13.5 6.217
13.5 6.039
13.5 6.013
13.5 6.308
13.5 5.826
13.5 5.675
13.5 5.883
13.5 6.319
13.5 5.913
13.5 5.798
13.5 5.975
13.5 6.161
13.5 6.003
13.5 5.991
13.5 6.289
13.5 5.924
13.5 6.063
13.5 6.075
13.5 6.069
13.5 5.904
13.5 5.857
13.5 6.031
13.5 6.249
13.5 5.932
13.5 6.021
13.5 6.11
13.5 6.051
13.5 5.965
13.5 6.307
13.5 6.115
13.5 6.076
13.5 6.178
13.5 6.16
13.5 6.118
13.5 5.841
13.5 6.11
13.5 5.993
13.5 5.963
13.5 6.042
13.5 5.91
13.5 6.001
13.5 6.008
13.5 5.825
13.5 5.771
13.5 6.535
13.5 6.232
13.5 6.088
13.5 6.117
13.5 6.026
13.5 6.286
13.5 5.853
13.5 6.116
13.5 6.0
13.5 6.083
13.5 5.845
13.5 6.14
13.5 6.026
13.5 5.692
13.5 6.105
13.5 6.137
13.5 6.191
13.5 6.063
13.5 5.865
13.5 5.744
13.5 5.846
13.5 6.001
13.5 5.955
13.5 6.23
13.5 6.066
13.5 6.01
13.5 5.869
13.5 6.363
13.5 6.174
13.5 5.819
13.5 6.116
13.5 5.633
13.5 5.744
13.5 5.963
13.5 6.021
13.5 5.958
13.5 6.087
13.5 6.081
13.5 5.909
13.5 6.101
13.5 5.914
13.5 6.108
13.5 6.214
13.5 6.12
13.5 6.223
13.5 5.95
13.5 5.748
13.5 6.477
13.5 5.743
13.5 5.769
13.5 6.041
13.5 5.574
13.5 6.18
13.5 5.742
13.5 5.944
13.5 5.932
13.5 6.091
13.5 5.783
13.5 5.754
13.5 5.908
13.5 6.213
13.5 5.869
13.5 5.681
13.5 5.812
13.5 5.957
13.5 6.037
13.5 6.007
13.5 6.09
13.5 5.9
13.5 5.996
13.5 5.98
13.5 5.782
13.5 5.816
13.5 5.97
13.5 5.869
13.5 6.181
13.5 6.275
13.5 5.924
13.5 6.4
13.5 5.676
13.5 6.022
13.5 6.118
13.5 6.163
13.5 6.269
13.5 6.185
13.5 6.074
13.5 6.192
13.5 6.092
13.5 6.175
13.5 6.113
13.5 6.019
13.5 5.594
13.5 6.03
13.5 5.894
13.5 6.069
13.5 5.95
13.5 6.044
13.5 6.128
13.5 6.22
13.5 6.179
13.5 6.06
13.5 5.765
13.5 6.03
13.5 6.091
13.5 6.129
13.5 6.131
13.5 5.941
13.5 6.104
13.5 5.644
13.5 6.133
13.5 5.991
13.5 5.875
13.5 5.937
13.5 6.018
13.5 6.189
13.5 5.996
13.5 6.09
13.5 6.29
13.5 6.244
13.5 6.474
13.5 6.002
13.5 5.833
13.5 6.335
13.5 6.015
13.5 6.003
13.5 6.173
13.5 5.912
13.5 6.098
13.5 6.049
13.5 5.927
13.5 5.997
13.5 6.14
13.5 5.889
13.5 6.045
13.5 5.796
13.5 5.948
13.5 5.778
13.5 6.103
13.5 5.977
13.5 5.899
13.5 6.114
13.5 5.597
13.5 5.785
13.5 5.937
13.5 5.876
13.5 6.007
13.5 5.906
13.5 6.009
13.5 6.182
13.5 6.112
13.5 5.88
13.5 5.916
13.5 6.277
13.5 5.865
13.5 5.812
13.5 5.855
13.5 6.063
13.5 6.056
13.5 6.323
13.5 6.094
13.5 6.157
13.5 6.234
13.5 5.813
13.5 6.324
13.5 6.168
13.5 6.105
13.5 5.718
13.5 6.096
13.5 5.972
13.5 6.007
13.5 6.221
13.5 6.009
13.5 6.114
13.5 5.991
13.5 6.29
13.5 6.312
13.5 5.84
13.5 5.775
13.5 6.089
13.5 6.058
13.5 6.062
13.5 6.037
13.5 5.724
13.5 6.014
13.5 5.964
13.5 6.127
13.5 6.287
13.5 5.958
13.5 5.968
13.5 6.115
13.5 6.02
13.5 6.281
13.5 6.254
13.5 6.261
13.5 5.873
13.5 5.959
13.5 6.213
13.5 5.703
13.5 6.103
13.5 6.072
13.5 5.945
13.5 6.117
13.5 6.157
13.5 5.936
13.5 6.199
13.5 6.101
13.5 5.949
13.5 6.128
13.5 5.757
13.5 6.151
13.5 5.945
13.5 6.273
13.5 5.999
500
11.0 3.841
12.0 5.569
12.0 5.95
12.5 6.101
12.5 5.97
12.5 6.037
12.5 6.075
12.5 5.908
12.5 5.729
12.5 6.02
13.0 5.688
13.0 5.971
13.0 5.835
13.0 6.113
13.0 5.868
13.0 5.766
13.0 5.915
13.0 5.758
13.0 5.948
13.0 6.071
13.0 5.785
13.0 6.106
13.0 6.205
13.0 6.008
13.0 5.773
13.0 6.066
13.0 6.089
13.0 6.189
13.0 5.744
13.0 5.983
13.0 5.778
13.0 6.085
13.0 5.861
13.0 5.872
13.0 5.968
13.0 5.876
13.0 6.17
13.0 5.87
13.0 5.942
13.0 5.993
13.0 5.986
13.0 5.832
13.0 5.882
13.0 5.875
13.0 5.553
13.0 5.97
13.0 6.043
13.0 5.777
13.0 6.11
13.0 5.95
13.0 6.157
13.0 6.207
13.0 5.855
13.0 5.965
13.0 5.979
13.0 6.022
13.0 6.012
13.0 6.387
13.0 5.922
13.0 6.07
13.0 5.638
13.0 6.166
13.0 6.26
13.0 6.269
13.0 5.738
13.0 5.858
13.0 5.733
13.0 5.931
13.0 5.726
13.0 5.776
13.0 5.949
13.0 5.776
13.0 5.767
13.0 6.046
13.0 6.089
13.0 6.307
13.0 6.036
13.0 5.874
13.0 6.032
13.0 5.768
13.0 5.767
13.0 6.008
13.0 6.288
13.0 5.937
13.0 6.121
13.0 5.997
13.0 6.058
13.0 6.096
13.0 6.193
13.0 5.974
13.0 5.946
13.0 6.11
13.0 6.01
13.0 6.143
13.0 5.861
13.0 6.0
13.0 6.141
13.0 6.226
13.0 6.036
13.0 5.983
13.0 6.28
13.0 6.451
13.0 5.767
13.0 5.771
13.0 5.719
13.0 6.101
13.0 6.073
13.0 5.929
13.0 5.902
13.0 5.857
13.0 5.985
13.0 6.245
13.0 6.249
13.0 6.06
13.0 6.0
13.0 5.487
13.0 6.077
13.0 6.076
13.0 5.97
13.0 5.844
13.0 6.113
13.0 6.299
13.0 6.071
13.0 5.902
13.0 6.294
13.0 5.935
13.0 6.285
13.0 5.862
13.0 6.034
13.0 6.018
13.0 6.066
13.0 6.123
13.0 5.861
13.0 5.822
13.0 5.744
13.0 5.8
13.0 6.018
13.0 5.97
13.0 6.252
13.0 6.096
13.0 5.944
13.0 5.962
13.0 5.585
13.0 6.116
13.0 5.872
13.0 6.039
13.0 5.9
13.0 5.751
13.0 6.177
13.0 5.612
13.0 6.01
13.0 6.2
13.0 6.209
13.0 6.135
13.0 6.108
13.0 6.096
13.0 5.971
13.0 5.968
13.0 5.773
13.0 5.961
13.0 6.059
13.0 6.077
13.0 6.107
13.0 6.026
13.0 6.204
13.0 6.038
13.0 6.285
13.0 6.093
13.0 5.792
13.0 6.03
13.0 6.125
13.0 6.183
13.0 6.133
13.0 6.115
13.0 6.169
13.0 6.172
13.0 5.948
13.0 6.185
13.0 6.007
13.0 5.764
13.0 5.988
13.0 6.087
13.0 5.774
13.0 5.919
13.0 6.291
13.0 5.327
13.0 6.156
13.0 6.17
13.0 5.751
13.0 5.681
13.0 6.013
13.0 6.103
13.0 6.183
13.0 5.741
13.0 6.139
13.0 5.962
13.0 6.071
13.0 5.971
13.0 6.238
13.0 5.909
13.0 5.865
13.0 6.008
13.0 6.233
13.0 5.618
13.0 6.093
13.0 6.015
13.0 5.664
13.0 6.225
13.0 6.132
13.0 5.87
13.0 6.167
13.0 5.683
13.0 6.045
13.0 5.914
13.0 6.058
13.0 6.025
13.0 5.611
13.0 5.952
13.0 6.032
13.0 5.986
13.0 5.967
13.0 6.165
13.0 6.222
13.0 5.645
13.0 5.869
13.0 5.782
13.0 6.172
13.0 5.772
13.0 6.063
13.0 5.957
13.0 5.872
13.0 5.928
13.0 6.044
13.0 5.909
13.0 5.833
13.0 5.88
13.0 6.017
13.0 5.884
13.0 5.943
13.0 6.047
13.0 6.158
13.0 5.868
13.0 6.098
13.0 5.649
13.0 5.928
13.0 5.771
13.0 5.951
13.0 6.051
13.0 6.067
13.0 6.113
13.0 6.048
13.0 5.836
13.0 5.864
13.0 5.894
13.0 5.898
13.0 5.779
13.0 6.031
13.0 6.112
13.0 5.991
13.0 6.101
13.0 6.006
13.0 5.751
13.0 6.107
13.0 6.392
13.0 5.94
13.0 5.815
13.0 5.591
13.0 5.973
13.0 6.162
13.0 6.187
13.0 6.019
13.0 6.133
13.0 5.631
13.0 5.818
13.0 6.069
13.0 6.097
13.0 5.99
13.0 5.75
13.0 6.081
13.0 6.15
13.0 5.591
13.0 6.17
13.0 6.095
13.0 5.788
13.0 6.029
13.0 6.058
13.0 5.906
13.0 6.088
13.0 6.349
13.0 6.203
13.0 5.974
13.0 5.74
13.0 6.359
13.0 6.074
13.0 5.875
13.0 5.769
13.0 6.095
13.0 5.53
13.0 6.032
13.0 6.084
13.0 6.125
13.0 5.786
13.0 6.037
13.0 5.964
13.0 5.931
13.0 5.942
13.0 5.837
13.0 6.101
13.0 6.06
13.0 5.891
13.0 6.188
13.0 5.875
13.0 6.099
13.0 6.167
13.0 5.72
13.0 6.252
13.0 6.285
13.0 6.113
13.0 6.108
13.0 5.929
13.0 6.099
13.0 5.964
13.0 6.162
13.0 5.987
13.0 6.163
13.0 6.229
13.0 5.679
13.0 5.964
13.0 6.011
13.0 5.769
13.0 5.69
13.0 6.373
13.0 5.882
13.0 6.169
13.0 5.747
13.0 6.155
13.0 6.063
13.0 6.214
13.0 5.919
13.0 5.946
13.0 6.139
13.0 6.088
13.0 6.058
13.0 6.207
13.0 6.067
13.0 6.331
13.0 5.948
13.0 5.816
13.0 5.404
13.0 6.142
13.0 6.027
13.0 6.186
13.0 5.769
13.0 6.224
13.0 6.05
13.0 5.948
13.0 5.868
13.0 5.967
13.0 5.964
13.0 6.136
13.0 6.089
13.0 6.249
13.0 6.0
13.0 6.116
13.0 5.831
13.0 5.706
13.0 5.778
13.0 6.077
13.0 5.729
13.0 6.023
13.0 6.268
13.0 6.014
13.0 5.811
13.0 6.123
13.0 5.998
13.0 6.087
13.0 5.993
13.0 5.775
13.0 6.058
13.0 5.749
13.0 5.972
13.0 5.96
13.0 6.077
13.0 6.331
13.0 5.879
13.0 5.817
13.0 6.06
13.0 6.19
13.0 5.993
13.0 6.152
13.0 6.059
13.0 5.784
13.0 5.871
13.0 6.004
13.0 6.092
13.0 6.054
13.0 6.208
13.0 6.18
13.0 5.939
13.0 6.068
13.0 5.92
13.0 6.06
13.0 5.736
13.0 5.891
13.0 6.078
13.0 5.947
13.0 5.96
13.0 6.064
13.0 6.064
13.0 5.949
13.0 5.764
13.0 6.113
13.0 6.365
13.0 5.915
13.0 5.972
13.0 5.925
13.0 6.221
13.0 5.772
13.0 5.926
13.0 5.734
13.0 5.938
13.0 6.162
13.0 5.8
13.0 6.134
13.0 6.225
13.0 6.305
13.0 5.756
13.0 5.937
13.0 5.699
13.0 6.206
13.0 5.991
13.0 6.085
13.0 6.134
13.0 6.078
13.0 5.731
13.0 6.071
13.0 5.712
13.0 6.116
13.0 5.94
13.0 5.946
13.0 6.191
13.0 6.052
13.0 6.115
13.0 6.083
13.0 5.901
13.0 5.918
13.0 5.758
13.0 6.162
13.0 6.177
13.0 6.115
13.0 5.809
13.0 5.786
13.0 5.599
13.0 5.925
13.0 5.989
13.0 6.226
13.0 6.288
13.0 5.598
13.0 6.011
13.0 6.103
13.0 6.018
13.0 6.119
13.0 5.911
13.0 5.857
13.0 5.989
13.0 5.605
13.0 5.905
13.0 6.059
13.0 6.102
13.0 5.758
13.0 6.063
13.0 5.948
13.0 6.115
13.0 6.296
13.0 6.02
13.0 5.731
13.0 6.054
13.0 5.731
13.0 6.116
13.0 6.181
13.0 5.801
13.0 6.076
13.0 5.944
13.0 6.044
13.0 5.96
13.0 6.276
13.0 5.786
13.0 6.072
13.0 6.096
13.0 6.112
13.0 5.857
13.0 6.343
13.0 5.966
13.0 6.004
13.0 6.011
13.0 5.922
13.0 5.694
13.0 6.053
13.0 5.93
13.0 5.948

Individual: [1, 3, 6, 7, 12, 14, 15, 19, 20]
   Fitness: 13.5
     Total: 9
Violations: 0 0

Individual: [1, 2, 6, 7, 9, 14, 15, 18, 20]
   Fitness: 13.5
     Total: 9
Violations: 0 0

Individual: [1, 3, 6, 7, 12, 14, 15, 19, 20]
   Fitness: 13.5
     Total: 9
Violations: 0 0

Individual: [1, 3, 6, 7, 12, 14, 15, 19, 20]
   Fitness: 13.5
     Total: 9
Violations: 0 0

Individual: [1, 3, 4, 8, 9, 11, 16, 17, 19, 20]
   Fitness: 13.0
     Total: 10
Violations: 2 2

Individual: [1, 2, 6, 7, 9, 14, 15, 18, 20]
   Fitness: 13.5
     Total: 9
Violations: 0 0

Individual: [1, 2, 6, 7, 9, 14, 15, 18, 20]
   Fitness: 13.5
     Total: 9
Violations: 0 0

Individual: [1, 2, 6, 7, 9, 14, 15, 18, 20]
   Fitness: 13.5
     Total: 9
Violations: 0 0

Individual: [1, 3, 6, 7, 12, 14, 15, 19, 20]
   Fitness: 13.5
     Total: 9
Violations: 0 0

Individual: [1, 3, 4, 6, 7, 14, 15, 16, 19, 20]
   Fitness: 13.0
     Total: 10
Violations: 2 2
