10
50
12.5 3.404
12.5 7.818
13.0 7.82
13.0 8.522
13.0 8.511
13.0 8.774
13.0 9.142
13.0 9.675
13.0 9.575
13.0 9.723
13.0 10.027
13.0 9.761
13.0 9.967
13.0 9.554
13.0 10.004
13.0 9.78
13.0 9.838
13.0 10.182
13.0 9.419
13.0 10.072
13.0 9.65
13.0 9.883
13.0 10.154
13.0 9.326
13.0 9.706
13.0 9.752
13.0 9.579
13.0 9.843
13.0 9.788
13.0 9.577
13.0 9.812
13.0 10.087
13.0 9.975
13.0 9.452
13.0 9.91
13.0 9.789
13.0 9.664
13.0 9.629
13.0 9.309
13.0 9.083
13.0 9.797
13.0 9.746
13.0 9.84
13.0 9.896
13.0 9.216
13.0 9.736
13.0 9.526
13.0 10.214
13.0 9.347
13.0 9.102
50
11.0 3.446
12.5 7.607
12.5 8.161
12.5 7.398
13.0 8.949
13.0 9.412
13.0 9.358
13.0 8.844
13.0 9.029
13.0 9.717
13.0 8.993
13.0 9.419
13.0 9.754
13.0 9.904
13.0 9.771
13.0 9.602
13.0 9.817
13.0 9.528
13.0 9.666
13.0 9.562
13.0 9.894
13.0 9.711
13.0 9.843
13.0 9.885
13.0 9.785
13.0 9.572
13.0 9.164
13.0 9.374
13.0 9.043
13.0 9.732
13.0 9.325
13.0 9.605
13.0 8.99
13.0 9.66
13.0 9.488
13.0 9.301
13.0 9.97
13.0 9.447
13.0 9.438
13.0 9.417
13.0 9.876
13.0 9.286
13.0 9.462
13.0 9.746
13.0 9.295
13.0 10.186
13.0 9.249
13.0 9.561
13.0 9.752
13.0 9.448
50
12.5 3.618
12.5 7.281
12.5 7.824
12.5 8.285
12.5 7.991
13.0 8.373
13.0 9.125
13.0 8.866
13.0 9.203
13.0 9.35
13.0 8.684
13.0 9.15
13.0 8.426
13.0 9.824
13.0 9.262
13.0 8.666
13.0 8.607
13.0 9.268
13.0 9.792
13.0 9.556
13.0 9.196
13.0 9.49
13.0 9.393
13.0 9.211
13.0 9.172
13.0 9.161
13.0 9.653
13.0 9.648
13.0 9.481
13.0 8.853
13.0 9.616
13.0 9.592
13.5 9.78
13.5 9.294
13.5 9.391
13.5 9.789
13.5 9.738
13.5 9.307
13.5 9.332
13.5 9.852
13.5 9.441
13.5 9.694
13.5 9.615
13.5 9.672
13.5 9.325
13.5 9.435
13.5 9.646
13.5 9.597
13.5 9.285
13.5 9.609
50
12.5 4.044
13.0 7.647
13.0 8.847
13.0 7.724
13.0 8.905
13.0 8.859
13.0 8.656
13.0 8.984
13.0 9.267
13.0 9.583
13.0 9.254
13.0 8.947
13.5 9.828
13.5 9.718
13.5 9.842
13.5 9.973
13.5 9.721
13.5 9.535
13.5 9.532
13.5 9.953
13.5 10.289
13.5 9.943
13.5 9.494
13.5 10.259
13.5 9.649
13.5 10.024
13.5 10.058
13.5 10.065
13.5 9.869
13.5 9.928
13.5 9.371
13.5 9.619
13.5 9.805
13.5 10.234
13.5 10.373
13.5 9.915
13.5 10.126
13.5 10.458
13.5 9.609
13.5 9.976
13.5 10.066
13.5 10.073
13.5 9.97
13.5 10.084
13.5 9.732
13.5 9.762
13.5 9.603
13.5 9.345
13.5 9.85
13.5 10.403
50
11.5 3.602
12.0 7.364
12.5 8.311
13.0 8.915
13.0 8.619
13.0 9.33
13.0 9.045
13.0 8.855
13.0 9.335
13.0 9.704
13.0 10.008
13.0 9.627
13.0 9.828
13.0 9.892
13.0 9.245
13.0 9.781
13.0 9.4
13.0 9.35
13.0 9.539
13.0 8.845
13.0 9.551
13.0 9.332
13.0 9.195
13.0 9.573
13.0 9.821
13.0 9.739
13.0 9.364
13.0 9.473
13.0 9.292
13.0 9.49
13.0 9.588
13.0 9.655
13.0 9.613
13.0 9.815
13.0 9.44
13.0 9.42
13.0 9.871
13.0 9.763
13.0 9.598
13.0 9.604
13.0 9.664
13.0 9.938
13.0 9.887
13.0 9.821
13.0 9.058
13.0 10.087
13.0 9.596
13.0 10.33
13.0 10.188
13.0 9.729
50
11.5 4.116
12.5 7.756
13.0 7.863
13.0 8.226
13.0 8.972
13.0 8.076
13.0 8.718
13.0 8.799
13.0 9.209
13.0 9.423
13.0 9.36
13.0 9.332
13.0 9.519
13.0 9.58
13.0 9.376
13.0 9.563
13.0 10.068
13.0 9.918
13.0 9.534
13.0 9.291
13.0 9.4
13.0 9.968
13.0 9.181
13.0 9.68
13.0 9.404
13.0 9.369
13.0 9.338
13.0 9.96
13.0 9.816
13.0 9.519
13.0 9.313
13.0 9.372
13.0 9.656
13.0 9.558
13.0 9.73
13.0 9.244
13.0 9.289
13.0 9.754
13.0 9.857
13.0 10.146
13.0 9.905
13.0 9.697
13.0 9.921
13.0 9.052
13.0 9.729
13.0 10.09
13.0 10.194
13.0 9.384
13.0 9.831
13.0 9.677
50
12.5 4.175
12.5 7.953
13.0 8.177
13.0 8.172
13.5 7.955
13.5 8.991
13.5 9.245
13.5 9.064
13.5 9.274
13.5 9.866
13.5 9.514
13.5 10.199
13.5 9.844
13.5 9.118
13.5 10.043
13.5 10.222
13.5 10.146
13.5 10.092
13.5 9.703
13.5 10.188
13.5 9.986
13.5 9.431
13.5 10.234
13.5 10.315
13.5 9.948
13.5 9.696
13.5 10.216
13.5 10.107
13.5 10.208
13.5 10.353
13.5 10.064
13.5 9.975
13.5 10.03
13.5 9.906
13.5 10.003
13.5 10.287
13.5 9.636
13.5 10.033
13.5 9.988
13.5 9.775
13.5 9.667
13.5 9.964
13.5 10.287
13.5 10.321
13.5 10.35
13.5 9.855
13.5 9.671
13.5 9.932
13.5 10.112
13.5 9.918
50
11.5 3.57
11.5 7.793
12.5 7.381
13.5 8.148
13.5 8.631
13.5 8.927
13.5 9.287
13.5 9.127
13.5 9.836
13.5 9.828
13.5 9.809
13.5 9.903
13.5 9.34
13.5 9.691
13.5 9.488
13.5 9.797
13.5 9.71
13.5 9.665
13.5 9.381
13.5 9.222
13.5 9.097
13.5 9.827
13.5 9.66
13.5 9.519
13.5 10.208
13.5 9.908
13.5 9.975
13.5 9.822
13.5 9.592
13.5 10.048
13.5 9.805
13.5 9.922
13.5 10.31
13.5 9.983
13.5 10.354
13.5 10.284
13.5 9.955
13.5 9.562
13.5 9.474
13.5 10.149
13.5 10.182
13.5 10.286
13.5 9.453
13.5 9.99
13.5 10.312
13.5 9.964
13.5 9.889
13.5 9.876
13.5 10.371
13.5 10.114
50
10.5 3.352
11.5 7.647
12.5 7.596
12.5 7.939
12.5 7.127
12.5 7.964
12.5 7.841
12.5 7.975
12.5 8.762
12.5 9.178
13.0 9.053
13.0 9.032
13.0 8.908
13.0 9.452
13.0 9.424
13.0 8.85
13.0 8.235
13.0 8.805
13.0 8.796
13.0 9.716
13.0 9.675
13.0 9.562
13.0 9.254
13.0 9.496
13.0 9.537
13.0 9.557
13.0 9.581
13.0 9.827
13.0 9.629
13.0 9.724
13.0 9.62
13.0 9.534
13.0 9.557
13.0 9.859
13.0 9.669
13.5 9.146
13.5 10.058
13.5 9.464
13.5 9.884
13.5 9.726
13.5 9.337
13.5 9.306
13.5 9.364
13.5 9.651
13.5 9.175
13.5 9.307
13.5 9.489
13.5 9.977
13.5 9.783
13.5 9.973
50
11.5 3.632
11.5 7.378
12.5 7.977
12.5 7.951
12.5 8.129
12.5 8.861
12.5 8.594
13.0 8.925
13.0 8.263
13.0 8.412
13.0 8.839
13.0 9.367
13.0 9.135
13.0 9.472
13.0 9.51
13.0 9.361
13.0 9.138
13.0 9.379
13.0 9.417
13.0 9.75
13.0 9.516
13.0 9.646
13.0 8.878
13.0 9.103
13.0 8.47
13.0 9.479
13.0 8.96
13.0 9.468
13.0 9.888
13.0 9.437
13.0 9.515
13.0 9.375
13.0 8.798
13.0 9.431
13.0 9.398
13.0 9.317
13.0 8.886
13.0 9.333
13.0 9.774
13.0 9.921
13.0 9.27
13.0 9.448
13.0 9.447
13.0 9.59
13.0 9.319
13.0 9.1
13.0 9.803
13.0 10.018
13.0 10.04
13.0 9.135

Individual: [1, 2, 4, 5, 7, 14, 15, 18, 19, 20]
   Fitness: 13.0
     Total: 10
Violations: 2 2

Individual: [1, 3, 4, 6, 7, 14, 16, 17, 19, 20]
   Fitness: 13.0
     Total: 10
Violations: 2 2

Individual: [1, 2, 6, 7, 9, 14, 15, 18, 20]
   Fitness: 13.5
     Total: 9
Violations: 0 0

Individual: [1, 3, 6, 7, 12, 14, 15, 19, 20]
   Fitness: 13.5
     Total: 9
Violations: 0 0

Individual: [1, 2, 5, 6, 7, 14, 15, 18, 19, 20]
   Fitness: 13.0
     Total: 10
Violations: 2 2

Individual: [1, 2, 4, 5, 7, 8, 16, 17, 19, 20]
   Fitness: 13.0
     Total: 10
Violations: 2 2

Individual: [1, 2, 6, 7, 9, 14, 15, 18, 20]
   Fitness: 13.5
     Total: 9
Violations: 0 0

Individual: [1, 3, 6, 7, 12, 14, 15, 19, 20]
   Fitness: 13.5
     Total: 9
Violations: 0 0

Individual: [1, 2, 6, 7, 9, 14, 15, 18, 20]
   Fitness: 13.5
     Total: 9
Violations: 0 0

Individual: [1, 2, 4, 7, 8, 11, 16, 17, 19, 20]
   Fitness: 13.0
     Total: 10
Violations: 2 2
