10
50
7.5 -36.54
8.5 -12.315
14.0 -2.92
17.0 3.74
17.0 7.29
17.0 8.395
17.0 9.21
18.0 9.94
20.0 11.635
20.0 10.08
20.0 10.84
20.0 10.205
20.0 10.215
20.0 10.735
20.0 11.76
20.0 10.015
20.0 10.685
20.0 11.57
20.0 12.45
20.0 9.2
20.0 8.46
20.0 11.17
20.0 8.895
20.0 10.035
21.5 12.94
21.5 13.6
21.5 11.425
21.5 10.695
21.5 11.095
21.5 12.265
21.5 13.16
21.5 13.31
21.5 12.895
21.5 10.94
21.5 12.09
21.5 12.225
22.5 13.59
22.5 12.825
22.5 14.335
22.5 12.345
22.5 12.585
22.5 12.13
22.5 13.455
23.5 13.3
23.5 13.0
23.5 13.865
23.5 14.155
23.5 13.145
23.5 11.87
23.5 11.42
50
11.0 -35.395
11.5 -14.685
13.5 -7.765
13.5 0.31
14.5 2.63
15.0 5.17
15.0 7.195
16.0 5.76
16.0 7.625
16.0 8.75
18.0 9.485
18.0 9.99
18.0 9.795
18.0 10.21
18.5 11.015
18.5 10.21
19.5 9.735
19.5 10.13
19.5 10.55
19.5 10.855
19.5 12.915
19.5 10.79
19.5 9.735
19.5 11.56
20.0 13.005
20.0 11.765
20.0 11.14
20.0 12.715
20.5 12.665
20.5 12.555
20.5 11.54
21.0 13.345
21.0 11.31
21.0 11.535
21.0 11.035
21.0 9.185
21.0 9.11
21.0 11.81
21.0 12.2
21.0 11.825
21.0 9.175
21.0 11.74
21.0 11.335
21.0 11.22
21.0 11.355
21.0 11.46
21.0 12.88
21.0 12.15
21.0 12.385
21.0 11.14
50
5.5 -36.42
9.5 -15.02
10.0 -8.935
14.5 -2.165
14.5 3.455
16.5 3.27
16.5 6.23
17.0 6.65
18.5 10.745
18.5 10.58
18.5 10.89
18.5 10.615
19.0 10.71
19.0 11.12
19.0 8.97
19.0 10.065
19.0 8.56
19.0 11.1
19.0 9.505
19.0 10.2
19.0 8.3
20.0 9.14
20.0 9.325
20.0 10.705
20.0 11.12
20.0 10.215
20.0 9.655
20.0 10.24
20.0 10.64
20.0 11.24
20.0 10.285
20.0 10.88
20.0 10.49
20.0 8.465
20.0 11.84
20.0 11.465
20.0 12.255
22.0 11.255
22.0 12.64
22.0 10.245
22.0 11.365
22.0 10.365
22.0 10.875
22.0 13.205
22.0 10.79
22.0 11.095
22.0 8.525
22.0 11.745
22.5 11.37
22.5 13.205
50
3.0 -34.285
10.5 -13.165
10.5 -4.575
15.0 0.105
15.0 3.585
15.0 3.07
16.0 6.48
16.0 7.43
17.0 6.62
17.5 9.355
17.5 8.74
17.5 10.85
17.5 8.625
17.5 8.955
18.5 9.865
19.0 8.285
19.0 10.87
19.0 12.265
19.5 9.29
19.5 9.79
19.5 9.57
19.5 10.84
19.5 9.83
19.5 12.24
19.5 11.81
20.5 9.36
20.5 10.57
20.5 8.245
20.5 9.47
21.0 9.81
21.0 8.31
21.0 8.985
21.0 8.04
21.0 10.63
21.0 10.42
21.0 10.935
21.0 11.185
21.0 10.855
21.0 10.785
21.0 11.03
21.0 11.07
21.0 11.11
21.0 11.43
21.0 11.755
21.0 10.945
21.0 11.135
21.0 12.995
21.0 10.7
21.0 11.275
21.0 10.655
50
5.0 -34.17
9.5 -12.665
12.0 -5.0
16.0 -3.355
16.0 0.935
17.0 3.69
17.0 2.22
17.0 2.215
17.0 2.605
17.0 7.765
18.0 5.205
19.0 5.59
19.0 8.31
19.5 10.005
19.5 8.92
19.5 8.985
19.5 11.225
19.5 11.73
20.0 11.39
20.5 9.345
20.5 11.995
20.5 11.895
20.5 12.535
20.5 12.035
20.5 11.82
20.5 12.21
20.5 12.475
20.5 11.415
20.5 9.725
20.5 10.145
20.5 10.43
20.5 11.5
20.5 12.125
21.0 9.085
22.5 11.985
22.5 12.42
22.5 13.19
22.5 13.085
22.5 14.54
22.5 12.88
22.5 11.4
22.5 12.22
22.5 11.52
22.5 10.1
22.5 12.68
22.5 14.15
22.5 13.43
22.5 12.01
22.5 15.04
22.5 14.07
50
8.5 -35.68
8.5 -11.94
12.0 -3.61
12.5 -1.105
13.0 2.99
14.0 6.72
15.5 6.935
16.5 6.79
17.0 7.445
18.0 9.185
18.0 9.875
18.0 11.37
18.5 10.295
18.5 11.475
18.5 11.425
18.5 10.32
18.5 10.195
18.5 10.975
18.5 8.565
18.5 10.85
18.5 10.54
18.5 10.36
19.0 10.825
19.0 9.845
19.0 9.475
19.0 7.71
19.0 9.275
20.5 9.83
20.5 11.4
20.5 12.57
20.5 11.535
20.5 9.295
20.5 9.36
20.5 8.455
20.5 9.79
20.5 9.075
20.5 11.735
20.5 11.37
20.5 10.74
20.5 12.0
20.5 9.955
20.5 10.99
20.5 10.82
20.5 12.13
20.5 11.31
20.5 10.74
20.5 9.9
20.5 12.225
20.5 11.725
20.5 10.365
50
6.0 -41.955
9.0 -14.515
9.0 -7.11
16.5 -3.165
16.5 -0.94
16.5 3.915
16.5 4.705
16.5 5.85
17.0 7.895
18.5 9.265
18.5 10.69
19.0 10.22
19.0 10.095
19.0 8.62
19.5 10.93
19.5 12.35
19.5 10.775
20.5 11.04
20.5 9.965
20.5 9.025
20.5 11.85
20.5 8.715
20.5 10.26
20.5 10.555
20.5 10.43
20.5 11.68
20.5 10.805
20.5 11.975
20.5 12.91
20.5 9.92
20.5 11.355
20.5 10.82
20.5 11.17
20.5 10.375
20.5 11.66
20.5 11.43
20.5 11.1
21.0 11.835
21.0 12.28
21.0 13.15
21.0 11.555
21.0 11.09
21.0 11.68
21.0 10.825
21.0 11.165
21.0 10.025
21.0 11.585
21.5 10.19
21.5 10.74
21.5 11.965
50
9.5 -33.835
10.0 -7.695
16.0 -1.96
16.0 1.545
16.0 2.79
16.0 5.515
17.0 7.82
18.0 8.22
18.0 8.79
18.0 8.48
18.5 9.83
18.5 11.785
18.5 11.09
18.5 8.02
18.5 10.15
18.5 11.8
18.5 9.98
18.5 10.27
18.5 8.135
18.5 11.025
18.5 9.815
18.5 11.44
18.5 11.95
20.0 11.55
20.0 11.77
20.0 11.93
20.0 11.735
20.0 11.165
20.0 9.655
20.0 8.405
20.0 9.295
20.0 11.16
20.0 8.24
20.0 9.59
20.0 10.895
20.0 12.925
20.0 10.635
20.0 12.575
20.0 13.405
20.5 13.355
20.5 12.96
20.5 12.88
20.5 11.325
20.5 11.78
20.5 10.54
20.5 9.915
20.5 11.73
20.5 12.075
20.5 13.605
20.5 12.72
50
15.0 -33.115
15.0 -12.47
15.0 -3.59
15.0 2.28
15.5 5.61
15.5 6.165
15.5 6.93
16.0 6.38
17.0 8.94
17.0 10.12
18.0 10.995
18.0 11.77
19.5 8.455
19.5 12.045
19.5 11.295
19.5 10.725
19.5 9.685
19.5 11.355
19.5 12.36
19.5 11.8
19.5 10.055
19.5 10.42
19.5 12.875
20.0 12.665
20.0 9.725
20.0 10.665
20.0 10.145
21.0 11.22
21.0 11.0
21.0 10.87
21.0 10.775
21.0 11.42
21.0 12.375
21.0 10.905
21.0 11.82
21.0 11.085
21.0 11.585
21.0 11.36
21.0 10.885
21.0 9.83
21.0 12.22
21.0 11.305
21.0 11.08
21.0 11.15
21.0 10.27
21.0 10.585
21.0 10.8
21.0 10.57
21.0 12.135
21.0 11.99
50
11.0 -42.15
11.5 -21.495
14.0 -10.31
14.0 -0.505
15.5 6.25
15.5 6.325
15.5 6.275
15.5 6.545
17.0 7.2
17.0 9.775
17.0 8.155
17.5 10.31
17.5 10.5
17.5 9.58
17.5 7.94
17.5 9.285
17.5 10.125
18.0 -0.035
18.0 8.7
18.0 10.285
18.0 10.675
18.0 10.24
18.0 11.85
18.0 11.74
18.0 11.485
18.0 10.44
18.5 9.84
18.5 8.59
19.5 11.275
19.5 12.29
19.5 8.48
19.5 9.55
21.0 10.83
21.0 9.415
21.0 9.93
21.0 9.285
21.0 8.505
21.0 7.45
21.0 12.54
21.0 9.365
21.0 12.67
21.0 12.4
21.0 12.995
21.0 11.01
21.5 10.43
21.5 8.225
21.5 10.425
21.5 11.185
21.5 8.715
21.5 10.08

Individual: [1, 2, 4, 5, 11, 13, 14, 16, 32, 35, 37, 40, 41, 44, 46, 49, 50]
   Fitness: 23.5
     Total: 17
Violations: 2 2

Individual: [1, 2, 4, 5, 7, 14, 15, 17, 18, 36, 41, 43, 44, 47, 48, 49]
   Fitness: 21.0
     Total: 16
Violations: 3 3

Individual: [3, 4, 6, 7, 12, 13, 15, 16, 31, 33, 34, 36, 42, 44, 45, 47, 48]
   Fitness: 22.5
     Total: 17
Violations: 3 3

Individual: [3, 4, 8, 10, 15, 16, 18, 19, 25, 35, 37, 41, 43, 44, 48, 50]
   Fitness: 21.0
     Total: 16
Violations: 3 3

Individual: [1, 2, 4, 5, 12, 13, 17, 35, 36, 39, 40, 46, 47, 49, 50]
   Fitness: 22.5
     Total: 15
Violations: 0 0

Individual: [3, 4, 6, 10, 11, 15, 21, 30, 31, 33, 34, 43, 44, 48, 49]
   Fitness: 20.5
     Total: 15
Violations: 2 2

Individual: [1, 3, 7, 9, 10, 11, 14, 16, 20, 34, 38, 41, 43, 46, 47, 49, 50]
   Fitness: 21.5
     Total: 17
Violations: 4 4

Individual: [3, 6, 7, 10, 15, 16, 21, 22, 30, 34, 40, 42, 43, 48, 49]
   Fitness: 20.5
     Total: 15
Violations: 2 2

Individual: [3, 5, 8, 9, 11, 12, 14, 18, 32, 34, 38, 40, 43, 44, 47, 49]
   Fitness: 21.0
     Total: 16
Violations: 3 3

Individual: [1, 3, 4, 9, 12, 13, 18, 19, 28, 30, 36, 39, 40, 43, 45, 46, 48]
   Fitness: 21.5
     Total: 17
Violations: 4 4
