10
500
11.0 -34.48
14.5 -5.035
16.0 4.85
19.5 11.025
19.5 13.805
20.5 14.165
21.0 15.91
22.0 17.37
22.0 18.895
22.0 19.955
22.0 21.055
22.5 21.29
22.5 21.275
23.0 21.61
23.0 21.625
23.0 21.605
23.0 21.67
23.0 22.2
23.0 22.45
23.0 22.255
23.0 22.38
23.0 22.5
23.0 22.29
23.0 22.095
23.0 22.005
23.0 22.44
23.0 22.32
23.0 22.425
23.0 22.175
23.0 22.305
23.0 22.17
23.0 22.275
23.0 22.17
23.0 22.38
23.0 22.255
23.0 22.14
23.0 22.39
23.0 22.19
23.0 22.26
23.0 22.15
23.0 22.22
23.0 22.465
23.0 22.1
23.0 22.3
23.0 22.225
23.0 22.165
23.0 22.325
23.0 22.245
23.0 22.275
23.0 22.435
23.0 22.49
23.0 22.09
23.0 22.04
23.0 22.225
23.0 22.055
23.0 22.45
23.0 22.395
23.0 22.34
23.0 22.36
23.0 22.315
23.0 21.93
23.0 22.1
23.0 22.19
23.0 22.17
23.0 22.045
23.0 21.93
23.0 22.275
23.0 22.045
23.0 22.075
23.0 22.48
23.0 21.745
23.0 22.2
23.0 22.1
23.0 22.39
23.0 22.32
23.0 22.12
23.0 22.415
23.0 22.515
23.0 22.245
23.0 22.27
23.0 22.4
23.0 22.325
23.0 22.09
23.0 22.37
23.0 22.415
23.0 22.45
23.0 22.025
23.0 22.18
23.0 22.525
23.0 22.16
23.0 22.465
23.0 22.285
23.0 22.295
23.0 22.215
23.0 22.05
23.0 22.255
23.0 22.39
23.0 22.105
23.0 22.18
23.0 22.34
23.0 22.26
23.0 22.295
23.0 22.025
23.0 22.07
23.0 22.27
23.0 22.45
23.0 22.28
23.0 22.095
23.0 22.34
23.0 22.245
23.0 22.115
23.0 22.295
23.0 22.495
23.0 22.29
23.0 22.47
23.0 21.95
23.0 22.21
23.0 22.22
23.0 21.99
23.0 22.32
23.0 22.32
23.0 22.165
23.0 21.9
23.0 22.12
23.0 22.32
23.0 22.37
23.0 22.42
23.0 22.03
23.0 22.455
23.0 22.52
23.0 21.935
23.0 22.555
23.0 22.13
23.0 22.155
23.0 22.1
23.0 21.91
23.0 21.86
23.0 22.28
23.0 22.19
23.0 22.41
23.0 22.31
23.0 22.27
23.0 22.4
23.0 22.275
23.0 22.04
23.0 22.37
23.0 22.37
23.0 22.335
23.0 22.175
23.0 22.29
23.0 22.16
23.0 22.175
23.0 22.23
23.0 21.91
23.0 22.195
23.0 22.175
23.0 22.36
23.0 22.48
23.0 22.285
23.0 22.16
23.0 22.145
23.0 22.29
23.0 22.205
23.0 22.31
23.0 22.16
23.0 22.22
23.0 21.92
23.0 22.21
23.0 22.465
23.0 22.255
23.0 22.145
23.0 22.485
23.0 22.305
23.0 22.205
23.0 22.2
23.0 22.11
23.0 22.365
23.0 22.205
23.0 21.89
23.0 22.14
23.0 22.57
23.0 22.275
23.0 22.26
23.0 22.105
23.0 22.745
23.0 22.28
23.0 22.34
23.0 22.05
23.0 22.14
23.0 22.26
23.0 22.145
23.0 22.145
23.0 22.47
23.0 22.095
23.0 22.1
23.0 22.245
23.0 22.06
23.0 22.34
23.0 22.265
23.0 22.315
23.0 22.19
23.0 22.31
23.0 22.24
23.0 22.42
23.0 22.325
23.0 22.225
23.0 22.155
23.0 21.865
23.0 22.285
23.0 22.105
23.0 22.12
23.0 22.25
23.0 22.41
23.0 22.475
23.0 22.08
23.0 22.22
23.0 22.04
23.0 22.235
23.0 21.955
23.0 22.36
23.0 22.215
23.0 22.31
23.0 22.08
23.0 22.095
23.0 22.025
23.0 22.39
23.0 22.035
23.0 22.28
23.0 22.16
23.0 22.225
23.0 22.225
23.0 22.205
23.0 22.37
23.0 21.94
23.0 22.24
23.0 22.265
23.0 22.07
23.0 22.08
23.0 22.445
23.0 21.88
23.0 22.215
23.0 22.3
23.0 22.185
23.0 22.065
23.0 22.22
23.0 22.185
23.0 21.91
23.0 22.425
23.0 22.3
23.0 22.46
23.0 22.175
23.0 22.36
23.0 21.77
23.0 22.075
23.0 22.505
23.0 22.305
23.0 22.28
23.0 22.19
23.0 22.24
23.0 22.175
23.0 22.055
23.0 22.36
23.0 22.135
23.0 22.47
23.0 21.99
23.0 21.915
23.0 22.045
23.0 22.185
23.0 22.17
23.0 21.995
23.0 22.11
23.0 22.23
23.0 22.135
23.0 22.08
23.0 22.11
23.0 22.19
23.0 22.305
23.0 22.29
23.0 22.295
23.0 22.295
23.0 22.225
23.0 21.935
23.0 21.775
23.0 22.38
23.0 22.13
23.0 22.175
23.0 22.075
23.0 22.42
23.0 22.405
23.0 22.25
23.0 22.23
23.0 22.1
23.0 22.115
23.0 22.28
23.0 22.405
23.0 21.84
23.0 22.26
23.0 22.12
23.0 22.29
23.0 22.175
23.0 22.165
23.0 22.06
23.0 22.085
23.0 21.805
23.0 22.305
23.0 22.37
23.0 22.365
23.0 22.205
23.0 22.36
23.0 22.135
23.0 22.34
23.0 21.79
23.0 22.38
23.0 22.255
23.0 22.035
23.0 22.275
23.0 22.345
23.0 22.53
23.0 22.3
23.0 22.19
23.0 22.165
23.0 22.145
23.0 22.32
23.0 22.25
23.0 22.11
23.0 21.83
23.0 22.385
23.0 22.195
23.0 22.355
23.0 22.32
23.0 22.48
23.0 22.06
23.0 22.055
23.0 22.07
23.0 22.265
23.0 22.135
23.0 22.435
23.0 22.325
23.0 22.265
23.0 22.325
23.0 22.105
23.0 22.19
23.0 22.085
23.0 22.28
23.0 22.13
23.0 22.16
23.0 22.21
23.0 22.31
23.0 22.355
23.0 22.17
23.0 22.27
23.0 22.055
23.0 22.24
23.0 22.19
23.0 22.295
23.0 22.375
23.0 22.445
23.0 22.11
23.0 22.285
23.0 22.31
23.0 22.13
23.0 22.365
23.0 22.4
23.0 22.23
23.0 22.245
23.0 22.335
23.0 22.135
23.0 22.27
23.0 22.175
23.0 22.245
23.0 22.09
23.0 22.17
23.0 22.325
23.0 22.085
23.0 22.595
23.0 22.19
23.0 22.055
23.0 22.075
23.0 22.365
23.0 22.275
23.0 21.88
23.0 22.215
23.0 22.42
23.0 22.34
23.0 22.195
23.0 22.315
23.0 22.515
23.0 22.29
23.0 22.195
23.0 22.415
23.0 22.195
23.0 22.355
23.0 22.075
23.0 22.4
23.0 22.085
23.0 22.3
23.0 22.255
23.0 22.025
23.0 22.29
23.0 22.28
23.0 22.33
23.0 22.195
23.0 22.255
23.0 22.24
23.0 22.135
23.0 22.14
23.0 22.13
23.0 22.36
23.0 22.095
23.0 22.34
23.0 22.425
23.0 22.195
23.0 22.27
23.0 22.15
23.0 22.365
23.0 22.48
23.0 22.38
23.0 22.32
23.0 22.415
23.0 22.385
23.0 22.1
23.0 22.075
23.0 22.225
23.0 22.14
23.0 21.995
23.0 22.3
23.0 22.375
23.0 22.175
23.0 22.25
23.0 22.205
23.0 22.325
23.0 22.295
23.0 22.435
23.0 22.045
23.0 22.145
23.0 22.225
23.0 22.41
23.0 22.205
23.0 22.195
23.0 22.18
23.0 22.125
23.0 22.305
23.0 22.25
23.0 22.065
23.0 22.17
23.0 22.215
23.0 22.125
23.0 22.485
23.0 22.375
23.0 22.255
23.0 22.045
23.0 22.46
23.0 22.13
23.0 22.06
23.0 22.34
23.0 22.28
23.0 22.225
23.0 22.47
23.0 22.57
23.0 22.34
23.0 22.12
23.0 22.23
23.0 22.26
23.0 22.655
23.0 22.12
23.0 22.23
23.0 22.1
23.0 22.34
23.0 22.27
23.0 22.26
23.0 22.495
23.0 22.34
23.0 22.355
23.0 22.21
23.0 22.1
23.0 22.155
23.0 22.26
23.0 22.415
23.0 22.39
23.0 22.025
23.0 22.35
23.0 22.315
23.0 22.325
23.0 22.255
23.0 21.87
23.0 22.305
23.0 22.315
23.0 21.85
23.0 22.31
23.0 21.995
23.0 22.34
23.0 22.28
23.0 22.375
23.0 22.19
23.0 22.415
23.0 21.86
23.0 22.26
23.0 22.43
23.0 22.38
23.0 22.19
500
6.5 -39.195
12.0 -8.74
15.0 3.59
17.5 9.19
18.5 12.6
20.0 14.265
20.0 16.045
22.0 17.495
22.0 18.51
22.0 19.66
22.0 20.015
22.0 20.51
22.0 20.97
22.0 21.05
22.0 21.025
22.0 21.01
22.0 21.285
22.0 21.115
22.0 21.19
22.5 21.41
22.5 21.34
23.0 20.89
23.0 21.18
23.0 21.515
23.0 21.95
23.0 22.275
23.0 22.51
23.0 22.26
23.0 22.375
23.0 22.395
23.0 22.22
23.0 22.27
23.0 22.405
23.0 22.275
23.0 22.075
23.0 22.485
23.0 22.285
23.0 22.185
23.0 22.31
23.0 22.275
23.0 22.4
23.0 22.485
23.0 22.4
23.0 22.36
23.0 22.02
23.0 22.315
23.0 22.4
23.0 22.445
23.0 22.325
23.0 22.475
23.0 22.355
23.0 22.32
23.0 22.235
23.0 22.105
23.0 22.345
23.0 22.365
23.0 22.375
23.0 22.34
23.0 22.255
23.0 22.115
23.0 22.22
23.0 22.52
23.0 22.255
23.0 22.255
23.0 22.39
23.0 22.41
23.0 21.955
23.0 22.37
23.0 22.255
23.0 22.14
23.0 22.245
23.0 21.985
23.0 22.175
23.0 22.035
23.0 22.235
23.0 22.22
23.0 22.49
23.0 22.64
23.0 22.35
23.0 22.07
23.0 22.05
23.0 22.48
23.0 22.425
23.0 22.17
23.0 22.415
23.0 22.19
23.0 22.37
23.0 22.41
23.0 22.48
23.0 22.38
23.0 22.225
23.0 22.3
23.0 22.39
23.0 22.45
23.0 22.545
23.0 22.255
23.0 22.42
23.0 22.23
23.0 22.365
23.0 22.235
23.0 22.365
23.0 22.17
23.0 22.44
23.0 22.275
23.0 21.86
23.0 22.43
23.0 22.305
23.0 22.145
23.0 22.21
23.0 22.325
23.0 22.195
23.0 22.12
23.0 22.16
23.0 22.065
23.0 22.24
23.0 22.38
23.0 22.595
23.0 22.46
23.0 22.23
23.0 22.295
23.0 22.125
23.0 22.285
23.0 22.115
23.0 22.23
23.0 22.13
23.0 22.285
23.0 22.31
23.0 22.305
23.0 22.445
23.0 22.35
23.0 22.39
23.0 22.39
23.0 22.11
23.0 22.265
23.0 22.32
23.0 22.515
23.0 22.015
23.0 22.25
23.0 22.285
23.0 22.04
23.0 22.355
23.0 22.31
23.0 22.495
23.0 22.305
23.0 22.375
23.0 22.18
23.0 22.235
23.0 22.36
23.0 22.16
23.0 22.545
23.0 22.015
23.0 22.17
23.0 22.185
23.0 22.56
23.0 22.4
23.0 21.885
23.0 22.19
23.0 22.225
23.0 22.16
23.0 22.115
23.0 22.16
23.0 22.405
23.0 22.08
23.0 22.04
23.0 22.04
23.0 22.04
23.0 22.41
23.0 22.535
23.0 22.15
23.0 22.21
23.0 22.27
23.0 22.225
23.0 22.14
23.0 22.315
23.0 22.505
23.0 22.24
23.0 22.365
23.0 22.515
23.0 22.205
23.0 22.315
23.0 22.46
23.0 22.34
23.0 22.305
23.0 22.175
23.0 22.375
23.0 22.23
23.0 22.105
23.0 22.315
23.0 22.42
23.0 22.44
23.0 22.495
23.0 22.4
23.0 22.295
23.0 22.165
23.0 22.2
23.0 22.41
23.0 22.525
23.0 22.325
23.0 22.15
23.0 22.035
23.0 22.255
23.0 22.19
23.0 22.28
23.0 22.355
23.0 22.465
23.0 22.23
23.0 22.415
23.0 22.45
23.0 22.27
23.0 22.35
23.0 22.43
23.0 22.16
23.0 22.305
23.0 22.21
23.0 22.41
23.0 22.23
23.0 22.3
23.0 22.32
23.0 22.18
23.0 22.25
23.0 22.44
23.0 22.18
23.0 22.365
23.0 22.36
23.0 22.09
23.0 21.825
23.0 22.525
23.0 22.205
23.0 22.3
23.0 22.385
23.0 22.29
23.0 22.355
23.0 22.47
23.0 22.27
23.0 22.135
23.0 22.395
23.0 22.56
23.0 22.045
23.0 22.145
23.0 22.46
23.0 22.225
23.0 22.055
23.0 22.09
23.0 22.315
23.0 22.4
23.0 22.34
23.0 22.405
23.0 22.475
23.0 21.865
23.0 22.405
23.0 22.24
23.0 22.245
23.0 22.455
23.0 22.335
23.0 22.0
23.0 22.285
23.0 22.345
23.0 22.325
23.0 22.2
23.0 22.235
23.0 22.255
23.0 22.15
23.0 22.045
23.0 22.105
23.0 22.425
23.0 22.26
23.0 22.275
23.0 21.965
23.0 22.29
23.0 22.165
23.0 22.27
23.0 22.5
23.0 22.295
23.0 22.205
23.0 22.245
23.0 22.09
23.0 22.46
23.0 22.195
23.0 22.315
23.0 22.065
23.0 22.435
23.0 22.36
23.0 22.075
23.0 22.64
23.0 22.195
23.0 22.26
23.0 22.17
23.0 22.125
23.0 22.36
23.0 22.345
23.0 22.135
23.0 22.35
23.0 22.46
23.0 21.98
23.0 22.15
23.0 22.365
23.0 22.29
23.0 22.425
23.0 22.325
23.0 22.29
23.0 22.15
23.0 22.4
23.0 22.315
23.0 22.28
23.0 21.945
23.0 22.215
23.0 22.02
23.0 22.295
23.0 22.26
23.0 22.37
23.0 22.425
23.0 22.22
23.0 22.195
23.0 22.24
23.0 22.36
23.0 22.505
23.0 22.305
23.0 22.265
23.0 22.21
23.0 22.37
23.0 22.33
23.0 22.34
23.0 22.4
23.0 22.285
23.0 22.345
23.0 22.435
23.0 22.245
23.0 22.175
23.0 22.1
23.0 22.46
23.0 22.28
23.0 22.03
23.0 22.46
23.0 22.19
23.0 22.225
23.0 22.015
23.0 22.425
23.0 22.315
23.0 22.505
23.0 22.085
23.0 22.185
23.0 22.17
23.0 22.47
23.0 22.43
23.0 22.41
23.0 22.37
23.0 22.23
23.0 22.285
23.0 22.39
23.0 22.595
23.0 22.21
23.0 22.18
23.0 22.06
23.0 22.215
23.0 22.315
23.0 22.1
23.0 22.06
23.0 22.315
23.0 22.025
23.0 22.31
23.0 22.16
23.0 22.435
23.0 22.575
23.0 22.295
23.0 22.195
23.0 22.12
23.0 22.255
23.0 22.265
23.0 22.335
23.0 22.29
23.0 22.585
23.0 22.36
23.0 22.295
23.0 22.33
23.0 22.45
23.0 22.265
23.0 22.33
23.0 22.205
23.0 22.625
23.0 22.36
23.0 22.39
23.0 22.29
23.0 22.225
23.0 22.495
23.0 22.4
23.0 22.245
23.0 22.465
23.0 22.33
23.0 22.275
23.0 22.21
23.0 22.165
23.0 22.39
23.0 22.515
23.0 22.34
23.0 22.4
23.0 22.16
23.0 22.495
23.0 22.325
23.0 22.42
23.0 22.395
23.0 22.26
23.0 22.45
23.0 22.315
23.0 21.98
23.0 22.285
23.0 22.32
23.0 22.305
23.0 22.21
23.0 22.01
23.0 22.28
23.0 22.155
23.0 21.89
23.0 22.345
23.0 22.265
23.0 22.115
23.0 22.135
23.0 22.255
23.0 22.39
23.0 22.465
23.0 22.34
23.0 22.24
23.0 22.675
23.0 22.21
23.0 22.315
23.0 22.33
23.0 22.045
23.0 22.135
23.0 22.325
23.0 22.305
23.0 22.265
23.0 22.415
23.0 22.31
23.0 22.18
23.0 22.41
23.0 22.19
23.0 22.145
23.0 22.32
23.0 21.885
23.0 22.205
23.0 22.335
23.0 22.375
23.0 22.315
23.0 22.165
23.0 22.345
23.0 22.105
23.0 22.34
23.0 22.45
23.0 22.37
23.0 22.535
23.0 22.3
23.0 22.37
23.0 22.265
23.0 22.685
23.0 22.405
23.0 22.35
23.0 22.28
23.0 22.31
23.0 22.08
23.0 22.46
23.0 22.38
23.0 22.48
23.0 22.41
23.0 22.445
23.0 22.23
23.0 22.35
23.0 22.325
23.0 22.28
23.0 22.5
23.0 22.08
23.0 22.39
23.0 22.02
23.0 22.08
23.0 22.155
23.0 22.385
23.0 22.39
23.0 22.42
23.0 22.415
23.0 22.2
23.0 22.51
23.0 22.315
23.0 22.285
23.0 22.455
23.0 22.25
23.0 22.475
23.0 22.16
23.0 22.275
23.0 22.195
23.0 22.23
23.0 22.375
23.0 22.24
23.0 22.585
23.0 22.31
23.0 22.46
23.0 22.265
23.0 22.25
23.0 22.215
23.0 22.345
23.0 22.19
23.0 22.26
23.0 22.56
500
10.5 -39.305
12.0 -6.335
13.5 7.085
15.5 10.635
18.5 12.855
21.5 14.58
21.5 16.11
22.0 17.885
23.0 18.82
23.0 20.355
24.0 21.53
24.0 22.0
24.0 22.44
24.0 22.69
24.0 23.245
24.0 23.245
24.0 23.225
24.0 23.065
24.0 23.285
24.0 23.32
24.0 23.095
24.0 23.135
24.0 23.385
24.0 23.15
24.0 23.24
24.0 23.235
24.0 23.155
24.0 23.31
24.0 23.555
24.0 23.275
24.0 23.48
24.0 23.585
24.0 22.99
24.0 23.135
24.0 23.48
24.0 23.18
24.0 23.155
24.0 23.09
24.0 23.13
24.0 23.46
24.0 23.215
24.0 23.37
24.0 23.49
24.0 23.265
24.0 23.17
24.0 23.255
24.0 23.465
24.0 23.285
24.0 23.305
24.0 23.025
24.0 23.395
24.0 23.485
24.0 23.43
24.0 23.265
24.0 23.37
24.0 23.055
24.0 23.275
24.0 23.155
24.0 23.165
24.0 23.375
24.0 23.33
24.0 23.34
24.0 22.99
24.0 23.365
24.0 23.24
24.0 23.3
24.0 23.025
24.0 23.03
24.0 23.21
24.0 23.28
24.0 23.355
24.0 23.24
24.0 23.225
24.0 23.075
24.0 23.3
24.0 23.0
24.0 23.385
24.0 23.485
24.0 23.19
24.0 23.2
24.0 23.13
24.0 23.275
24.0 23.375
24.0 23.29
24.0 23.375
24.0 23.235
24.0 23.53
24.0 23.315
24.0 23.15
24.0 23.285
24.0 23.26
24.0 23.05
24.0 23.285
24.0 23.26
24.0 23.045
24.0 23.295
24.0 23.665
24.0 23.27
24.0 23.44
24.0 23.285
24.0 23.135
24.0 23.29
24.0 23.32
24.0 23.055
24.0 23.475
24.0 23.225
24.0 23.405
24.0 23.245
24.0 23.255
24.0 22.995
24.0 23.295
24.0 23.51
24.0 23.54
24.0 23.415
24.0 23.445
24.0 23.285
24.0 23.25
24.0 23.35
24.0 23.57
24.0 23.27
24.0 23.34
24.0 23.295
24.0 23.395
24.0 23.205
24.0 23.325
24.0 23.41
24.0 23.055
24.0 23.26
24.0 23.525
24.0 23.27
24.0 23.27
24.0 23.305
24.0 23.615
24.0 23.25
24.0 23.26
24.0 23.155
24.0 23.205
24.0 23.34
24.0 23.285
24.0 23.515
24.0 23.365
24.0 23.17
24.0 23.095
24.0 23.105
24.0 23.265
24.0 23.05
24.0 23.145
24.0 23.125
24.0 23.38
24.0 23.385
24.0 23.48
24.0 23.585
24.0 23.19
24.0 23.45
24.0 23.265
24.0 22.84
24.0 23.33
24.0 23.375
24.0 23.415
24.0 23.475
24.0 23.39
24.0 23.28
24.0 23.2
24.0 23.155
24.0 23.035
24.0 23.21
24.0 23.285
24.0 23.35
24.0 23.16
24.0 23.255
24.0 23.44
24.0 23.33
24.0 22.995
24.0 23.065
24.0 23.265
24.0 23.05
24.0 23.32
24.0 23.29
24.0 23.36
24.0 23.28
24.0 23.17
24.0 23.13
24.0 23.39
24.0 23.375
24.0 23.295
24.0 23.39
24.0 23.26
24.0 23.25
24.0 23.12
24.0 23.265
24.0 23.205
24.0 23.225
24.0 23.205
24.0 23.235
24.0 23.36
24.0 23.09
24.0 23.24
24.0 23.35
24.0 23.105
24.0 23.275
24.0 23.08
24.0 22.935
24.0 23.51
24.0 23.165
24.0 23.03
24.0 23.18
24.0 23.27
24.0 22.92
24.0 23.295
24.0 23.31
24.0 23.35
24.0 23.3
24.0 23.05
24.0 23.43
24.0 23.015
24.0 23.495
24.0 23.26
24.0 23.25
24.0 23.495
24.0 23.4
24.0 23.265
24.0 23.31
24.0 23.39
24.0 23.55
24.0 23.11
24.0 23.075
24.0 23.215
24.0 23.375
24.0 23.075
24.0 23.305
24.0 22.97
24.0 23.155
24.0 23.23
24.0 23.295
24.0 23.21
24.0 23.48
24.0 23.285
24.0 23.445
24.0 23.515
24.0 23.48
24.0 23.34
24.0 23.205
24.0 23.35
24.0 23.26
24.0 23.205
24.0 23.26
24.0 23.285
24.0 23.1
24.0 23.1
24.0 23.1
24.0 23.465
24.0 23.09
24.0 23.31
24.0 23.4
24.0 23.145
24.0 23.165
24.0 23.115
24.0 23.155
24.0 23.545
24.0 23.095
24.0 23.39
24.0 23.09
24.0 23.23
24.0 23.315
24.0 23.545
24.0 23.145
24.0 23.26
24.0 22.955
24.0 23.205
24.0 23.385
24.0 23.425
24.0 23.14
24.0 23.39
24.0 23.135
24.0 23.285
24.0 23.33
24.0 23.39
24.0 23.4
24.0 23.36
24.0 23.51
24.0 23.275
24.0 23.27
24.0 23.32
24.0 22.995
24.0 23.105
24.0 23.265
24.0 23.32
24.0 23.335
24.0 22.98
24.0 23.01
24.0 23.335
24.0 23.255
24.0 23.0
24.0 23.08
24.0 23.23
24.0 23.25
24.0 23.01
24.0 23.425
24.0 23.055
24.0 23.27
24.0 23.35
24.0 23.45
24.0 23.12
24.0 23.1
24.0 23.52
24.0 23.17
24.0 23.4
24.0 23.35
24.0 23.47
24.0 23.3
24.0 23.415
24.0 23.365
24.0 23.135
24.0 23.36
24.0 23.275
24.0 23.24
24.0 23.18
24.0 23.15
24.0 23.24
24.0 23.13
24.0 23.27
24.0 22.87
24.0 23.245
24.0 23.12
24.0 23.45
24.0 23.145
24.0 23.01
24.0 23.28
24.0 23.095
24.0 23.305
24.0 23.205
24.0 23.415
24.0 23.425
24.0 23.415
24.0 23.1
24.0 23.045
24.0 23.17
24.0 23.125
24.0 23.46
24.0 23.605
24.0 23.04
24.0 23.43
24.0 23.1
24.0 23.265
24.0 23.59
24.0 23.21
24.0 23.11
24.0 23.275
24.0 23.365
24.0 23.135
24.0 23.2
24.0 23.115
24.0 23.205
24.0 23.005
24.0 23.41
24.0 23.185
24.0 23.4
24.0 23.18
24.0 23.11
24.0 23.31
24.0 23.41
24.0 23.245
24.0 23.1
24.0 23.105
24.0 23.365
24.0 23.14
24.0 23.11
24.0 23.315
24.0 23.25
24.0 23.325
24.0 23.3
24.0 23.375
24.0 23.385
24.0 23.27
24.0 23.21
24.0 23.35
24.0 23.1
24.0 23.375
24.0 23.115
24.0 23.35
24.0 23.27
24.0 23.425
24.0 23.175
24.0 23.205
24.0 22.915
24.0 23.485
24.0 23.37
24.0 23.26
24.0 23.04
24.0 23.29
24.0 23.275
24.0 23.055
24.0 23.35
24.0 23.335
24.0 23.22
24.0 23.095
24.0 23.275
24.0 23.21
24.0 23.15
24.0 23.245
24.0 23.18
24.0 23.23
24.0 23.2
24.0 23.38
24.0 23.64
24.0 23.08
24.0 23.43
24.0 23.21
24.0 23.27
24.0 23.24
24.0 22.98
24.0 23.13
24.0 23.095
24.0 23.375
24.0 23.15
24.0 23.09
24.0 23.385
24.0 23.285
24.0 23.14
24.0 23.485
24.0 23.135
24.0 23.185
24.0 23.25
24.0 23.165
24.0 22.83
24.0 23.275
24.0 23.415
24.0 23.43
24.0 23.39
24.0 23.205
24.0 23.26
24.0 23.015
24.0 23.365
24.0 23.05
24.0 23.385
24.0 23.44
24.0 23.335
24.0 23.305
24.0 23.465
24.0 23.33
24.0 23.395
24.0 23.0
24.0 23.39
24.0 23.255
24.0 23.495
24.0 23.34
24.0 23.24
24.0 23.4
24.0 22.945
24.0 22.81
24.0 23.365
24.0 23.205
24.0 23.64
24.0 23.22
24.0 23.52
24.0 23.555
24.0 23.175
24.0 23.285
24.0 23.175
24.0 23.39
24.0 23.1
24.0 23.115
24.0 23.165
24.0 23.375
24.0 23.215
24.0 23.225
24.0 23.255
24.0 23.455
24.0 23.34
24.0 23.135
24.0 22.95
24.0 23.265
24.0 23.1
24.0 23.13
24.0 23.26
24.0 23.32
24.0 23.315
24.0 23.23
24.0 23.025
24.0 23.31
24.0 23.22
24.0 23.5
24.0 23.26
24.0 23.11
24.0 23.03
24.0 23.235
24.0 23.17
24.0 23.265
24.0 23.24
24.0 23.415
24.0 23.215
24.0 23.09
24.0 23.13
24.0 23.365
24.0 23.515
24.0 23.355
24.0 23.485
24.0 23.58
24.0 23.115
24.0 23.52
500
5.0 -37.735
8.0 -6.59
12.0 2.125
16.5 7.215
16.5 10.065
17.5 12.57
18.0 14.625
19.5 16.035
20.0 17.07
20.0 17.73
20.0 18.895
20.0 19.495
20.5 19.28
20.5 19.5
20.5 19.41
20.5 19.735
20.5 19.8
20.5 19.71
20.5 19.985
20.5 19.78
20.5 19.855
20.5 19.77
20.5 19.89
20.5 19.845
20.5 19.75
20.5 19.825
20.5 19.72
20.5 19.815
20.5 19.585
20.5 19.84
20.5 19.825
20.5 19.98
20.5 19.88
20.5 19.51
20.5 19.9
20.5 19.795
20.5 19.88
20.5 20.04
20.5 19.83
20.5 19.855
20.5 19.785
20.5 19.8
20.5 19.69
20.5 19.87
20.5 19.59
20.5 19.495
20.5 19.835
20.5 19.665
20.5 19.925
20.5 19.79
20.5 19.805
20.5 19.72
20.5 19.77
20.5 19.775
20.5 19.7
20.5 19.665
20.5 19.84
20.5 19.955
20.5 19.735
20.5 19.805
20.5 20.035
20.5 19.7
20.5 19.575
20.5 20.02
20.5 19.77
20.5 19.915
20.5 19.8
20.5 19.84
20.5 19.735
20.5 19.695
20.5 19.69
20.5 19.655
20.5 19.83
20.5 19.86
20.5 19.28
20.5 19.73
20.5 19.525
20.5 19.43
20.5 20.055
20.5 19.79
20.5 19.845
20.5 19.995
20.5 19.785
20.5 19.805
20.5 19.775
20.5 19.685
20.5 19.935
20.5 19.79
20.5 19.68
20.5 19.8
20.5 19.83
20.5 19.62
20.5 19.925
20.5 19.925
20.5 19.805
20.5 19.87
20.5 19.46
20.5 19.835
20.5 20.01
20.5 19.65
20.5 19.635
20.5 19.775
20.5 20.15
20.5 19.84
20.5 19.66
20.5 20.06
20.5 19.955
20.5 19.885
20.5 19.735
20.5 19.705
20.5 19.815
20.5 19.76
20.5 19.75
20.5 19.88
20.5 19.705
20.5 19.86
20.5 19.74
20.5 19.965
20.5 19.805
20.5 19.71
20.5 19.775
20.5 19.875
20.5 19.79
20.5 19.91
20.5 19.855
20.5 19.68
20.5 19.79
20.5 19.705
20.5 19.72
20.5 19.925
20.5 19.775
20.5 19.545
20.5 19.94
20.5 20.02
20.5 19.845
20.5 19.59
20.5 19.775
20.5 19.84
20.5 19.875
20.5 19.89
20.5 19.79
20.5 20.02
20.5 19.83
20.5 19.9
20.5 19.925
20.5 19.865
20.5 19.9
20.5 19.77
20.5 19.88
20.5 19.755
20.5 19.53
20.5 19.655
20.5 19.855
20.5 19.88
20.5 19.8
20.5 20.055
20.5 19.82
20.5 19.72
20.5 19.965
20.5 19.755
20.5 19.935
20.5 19.765
20.5 20.09
20.5 20.135
20.5 19.725
20.5 19.875
20.5 19.765
20.5 19.725
20.5 19.98
20.5 19.725
20.5 20.02
20.5 19.835
20.5 19.685
20.5 19.8
20.5 19.985
20.5 19.735
20.5 19.83
20.5 19.66
20.5 19.8
20.5 19.835
20.5 19.605
20.5 19.79
20.5 19.725
20.5 19.765
20.5 19.82
20.5 19.95
20.5 19.89
20.5 20.01
20.5 19.94
20.5 19.915
20.5 20.1
20.5 19.82
20.5 19.935
20.5 19.745
20.5 19.705
21.0 19.93
21.0 19.535
21.0 19.53
21.0 20.08
21.0 19.87
21.0 20.36
21.0 20.32
21.0 20.425
21.0 20.135
21.0 20.405
21.0 20.28
21.0 20.17
21.0 19.97
21.0 20.435
21.0 20.235
21.0 20.125
21.0 20.24
21.0 20.05
21.0 20.295
21.0 20.07
21.0 20.405
21.0 20.44
21.0 20.275
21.0 20.12
21.0 20.25
21.0 20.22
21.0 20.33
21.0 20.175
21.0 20.12
21.0 20.17
21.0 20.195
21.0 20.36
21.0 20.405
21.0 20.04
21.0 20.135
21.0 20.56
21.0 20.125
21.0 20.185
21.0 20.09
21.0 20.55
21.0 20.5
21.0 20.155
21.0 20.285
21.0 20.485
21.0 19.88
21.0 20.3
21.0 20.275
21.0 20.13
21.0 20.195
21.0 20.39
21.0 20.15
21.0 20.07
21.0 20.325
21.0 20.325
21.0 20.335
21.0 20.125
21.0 20.06
21.0 20.5
21.0 20.28
21.0 20.135
21.0 20.1
21.0 20.54
21.0 20.16
21.0 20.2
21.0 20.135
21.0 20.4
21.0 20.14
21.0 20.125
21.0 20.345
21.0 20.255
21.0 20.25
21.0 20.45
21.0 20.245
21.0 20.065
21.0 20.275
21.0 20.26
21.0 20.48
21.0 20.355
21.0 20.12
21.0 20.145
21.0 20.31
21.0 20.095
21.0 20.39
21.0 20.22
21.0 20.08
21.0 20.425
21.0 20.3
21.0 20.055
21.0 20.36
21.0 20.145
21.0 20.36
21.0 20.48
21.0 20.305
21.0 20.07
21.0 20.295
21.0 20.165
21.0 20.3
21.0 20.06
21.0 20.225
21.0 20.19
21.0 20.345
21.0 20.06
21.0 20.485
21.0 20.115
21.0 20.54
21.0 20.37
21.0 20.14
21.0 19.83
21.0 20.23
21.0 19.9
21.0 20.13
21.0 20.295
21.0 20.28
21.0 20.31
21.0 20.0
21.0 20.14
21.0 20.22
21.0 20.125
21.0 19.855
21.0 20.34
21.0 20.465
21.0 20.325
21.0 20.265
21.0 20.545
21.0 20.075
21.0 20.0
21.0 20.265
21.0 20.345
21.0 20.295
21.0 20.4
21.0 20.2
21.0 20.345
21.0 20.265
21.0 20.355
21.0 20.34
21.0 20.25
21.0 19.945
21.0 20.03
21.0 20.115
21.0 20.195
21.0 20.305
21.0 20.425
21.0 20.15
21.0 20.125
21.0 20.19
21.0 20.255
21.0 20.29
21.0 20.145
21.0 19.77
21.0 19.995
21.0 20.395
21.0 20.225
21.0 20.395
21.0 20.27
21.0 20.455
21.0 20.095
21.0 20.205
21.0 20.15
21.0 20.195
21.0 20.245
21.0 20.27
21.0 20.165
21.0 20.225
21.0 20.125
21.0 20.355
21.0 20.235
21.0 20.235
21.0 20.29
21.0 20.375
21.0 20.17
21.0 20.22
21.0 19.98
21.0 20.155
21.0 20.345
21.0 20.305
21.0 20.355
21.0 20.405
21.0 20.19
21.0 20.515
21.0 20.345
21.0 20.35
21.0 20.645
21.0 20.16
21.0 20.15
21.0 20.245
21.0 20.32
21.0 20.07
21.0 20.205
21.0 19.875
21.0 20.425
21.0 20.27
21.0 20.235
21.0 20.315
21.0 20.295
21.0 20.03
21.0 20.115
21.0 20.12
21.0 20.58
21.0 20.16
21.0 20.34
21.0 20.225
21.0 20.375
21.0 20.305
21.0 20.225
21.0 20.295
21.0 19.735
21.0 20.165
21.0 20.13
21.0 20.17
21.0 20.29
21.0 20.28
21.0 20.44
21.0 20.12
21.0 20.145
21.0 19.95
21.0 20.36
21.0 20.42
21.0 20.295
21.0 20.525
21.0 20.325
21.0 20.55
21.0 20.09
21.0 20.265
21.0 20.24
21.0 20.22
21.0 20.4
21.0 20.36
21.0 20.32
21.0 20.145
21.0 20.53
21.0 20.43
21.0 20.19
21.0 20.085
21.0 19.94
21.0 20.095
21.0 20.34
21.0 20.23
21.5 20.04
21.5 20.26
21.5 20.275
21.5 20.425
21.5 20.175
21.5 20.62
21.5 20.795
21.5 20.86
21.5 20.62
22.0 20.785
22.0 20.77
22.0 20.695
22.0 20.89
22.0 21.22
22.0 21.22
22.0 20.895
22.0 21.055
22.0 21.515
22.0 21.3
22.0 20.785
22.0 21.4
22.0 21.235
22.0 21.26
22.0 21.025
22.0 21.335
22.0 21.4
22.0 21.315
22.0 21.255
22.0 21.37
22.0 20.915
22.0 21.275
22.0 21.22
22.0 21.3
22.0 20.93
22.0 20.955
22.0 21.21
22.0 21.095
22.0 21.045
22.0 20.96
22.0 21.37
22.0 21.31
22.0 20.86
22.0 20.9
22.0 20.945
22.0 20.935
22.0 21.36
22.0 21.205
22.0 21.105
22.0 21.275
22.0 21.185
22.0 21.175
22.0 21.19
22.0 21.355
22.0 20.885
22.0 21.19
22.0 21.44
22.0 21.025
22.0 21.395
22.0 21.36
22.0 21.015
22.0 21.18
22.0 21.205
22.0 21.275
22.0 21.215
22.0 21.125
22.0 21.14
22.0 21.105
22.0 21.47
500
9.0 -34.22
9.0 -7.48
12.5 3.025
15.0 8.365
15.5 10.895
16.5 12.415
18.0 13.79
19.0 15.485
19.0 16.425
19.5 17.31
20.0 18.02
21.0 18.325
21.5 18.81
21.5 19.56
22.0 20.215
22.0 20.805
22.5 20.96
23.5 21.595
23.5 21.835
24.0 22.025
24.0 22.29
24.0 22.87
24.0 23.11
24.0 23.325
24.0 23.205
24.0 23.305
24.0 23.305
24.0 23.475
24.0 23.145
24.0 23.365
24.0 23.505
24.0 23.32
24.0 23.26
24.0 23.09
24.0 23.24
24.0 23.175
24.0 23.26
24.0 23.245
24.0 23.21
24.0 23.445
24.0 23.385
24.0 23.365
24.0 23.22
24.0 23.27
24.0 23.205
24.0 23.27
24.0 23.325
24.0 23.195
24.0 23.3
24.0 23.435
24.0 23.505
24.0 23.205
24.0 23.265
24.0 23.35
24.0 23.25
24.0 23.265
24.0 22.92
24.0 23.385
24.0 23.195
24.0 23.275
24.0 23.27
24.0 23.015
24.0 23.47
24.0 23.355
24.0 23.36
24.0 23.35
24.0 23.26
24.0 23.375
24.0 23.235
24.0 23.24
24.0 23.295
24.0 23.51
24.0 23.27
24.0 23.51
24.0 23.11
24.0 23.17
24.0 23.215
24.0 23.1
24.0 23.21
24.0 22.93
24.0 23.305
24.0 23.485
24.0 23.315
24.0 23.225
24.0 23.305
24.0 23.445
24.0 23.19
24.0 23.295
24.0 23.295
24.0 23.405
24.0 23.355
24.0 23.44
24.0 23.125
24.0 23.385
24.0 23.48
24.0 23.435
24.0 23.25
24.0 23.32
24.0 23.36
24.0 23.405
24.0 23.34
24.0 23.25
24.0 23.205
24.0 23.315
24.0 23.34
24.0 23.035
24.0 23.255
24.0 23.52
24.0 23.345
24.0 23.185
24.0 23.505
24.0 23.335
24.0 23.465
24.0 23.26
24.0 23.205
24.0 23.44
24.0 23.235
24.0 23.52
24.0 23.18
24.0 23.33
24.0 23.17
24.0 23.195
24.0 23.075
24.0 23.3
24.0 23.38
24.0 23.28
24.0 23.305
24.0 23.215
24.0 23.14
24.0 23.14
24.0 23.305
24.0 23.34
24.0 23.2
24.0 23.425
24.0 23.22
24.0 23.3
24.0 23.325
24.0 23.175
24.0 23.405
24.0 23.34
24.0 23.57
24.0 23.31
24.0 23.405
24.0 23.195
24.0 23.175
24.0 23.27
24.0 23.465
24.0 23.165
24.0 23.365
24.0 23.15
24.0 23.435
24.0 23.55
24.0 23.28
24.0 23.265
24.0 23.025
24.0 23.17
24.0 23.16
24.0 23.33
24.0 23.23
24.0 23.295
24.0 23.365
24.0 23.315
24.0 23.3
24.0 23.385
24.0 23.055
24.0 23.3
24.0 23.495
24.0 23.26
24.0 23.3
24.0 23.195
24.0 23.55
24.0 23.365
24.0 23.405
24.0 23.41
24.0 23.07
24.0 23.63
24.0 23.265
24.0 23.125
24.0 23.385
24.0 23.23
24.0 23.415
24.0 23.105
24.0 22.89
24.0 23.455
24.0 23.29
24.0 23.225
24.0 22.975
24.0 23.225
24.0 23.325
24.0 23.51
24.0 23.12
24.0 23.15
24.0 23.33
24.0 23.435
24.0 23.125
24.0 23.385
24.0 23.25
24.0 23.51
24.0 23.28
24.0 23.245
24.0 23.185
24.0 23.265
24.0 23.03
24.0 23.095
24.0 23.175
24.0 23.41
24.0 23.32
24.0 23.3
24.0 23.265
24.0 23.415
24.0 23.505
24.0 23.245
24.0 23.305
24.0 23.315
24.0 23.015
24.0 23.48
24.0 23.265
24.0 23.415
24.0 23.42
24.0 23.4
24.0 23.43
24.0 23.365
24.0 23.25
24.0 22.95
24.0 23.375
24.0 23.135
24.0 23.4
24.0 23.28
24.0 23.085
24.0 23.28
24.0 23.135
24.0 23.2
24.0 23.13
24.0 23.185
24.0 23.355
24.0 23.16
24.0 23.375
24.0 23.105
24.0 23.645
24.0 23.275
24.0 23.175
24.0 23.405
24.0 23.335
24.0 23.015
24.0 23.1
24.0 23.31
24.0 23.37
24.0 23.16
24.0 23.4
24.0 23.275
24.0 23.36
24.0 23.115
24.0 23.21
24.0 23.27
24.0 23.19
24.0 23.215
24.0 23.08
24.0 23.245
24.0 23.18
24.0 23.11
24.0 23.345
24.0 23.21
24.0 23.2
24.0 23.2
24.0 23.13
24.0 23.44
24.0 23.37
24.0 23.135
24.0 23.285
24.0 23.025
24.0 23.15
24.0 23.41
24.0 23.37
24.0 23.615
24.0 23.2
24.0 23.14
24.0 23.15
24.0 23.235
24.0 23.535
24.0 23.115
24.0 22.915
24.0 23.445
24.0 23.49
24.0 23.04
24.0 23.32
24.0 23.35
24.0 23.48
24.0 23.025
24.0 23.16
24.0 23.33
24.0 23.25
24.0 23.065
24.0 23.33
24.0 23.24
24.0 23.075
24.0 23.52
24.0 23.24
24.0 23.49
24.0 23.43
24.0 23.18
24.0 23.445
24.0 23.43
24.0 23.105
24.0 23.305
24.0 23.07
24.0 23.18
24.0 23.405
24.0 23.31
24.0 23.07
24.0 23.145
24.0 23.25
24.0 23.585
24.0 23.145
24.0 23.425
24.0 23.425
24.0 23.245
24.0 23.435
24.0 23.225
24.0 23.295
24.0 23.28
24.0 23.315
24.0 23.32
24.0 23.37
24.0 23.07
24.0 23.285
24.0 23.475
24.0 23.365
24.0 23.21
24.0 23.375
24.0 23.485
24.0 23.075
24.0 23.125
24.0 23.27
24.0 23.455
24.0 23.42
24.0 22.925
24.0 23.16
24.0 23.275
24.0 23.25
24.0 23.42
24.0 23.37
24.0 23.43
24.0 23.38
24.0 23.26
24.0 23.315
24.0 23.33
24.0 23.14
24.0 23.385
24.0 22.99
24.0 23.245
24.0 23.495
24.0 23.255
24.0 23.36
24.0 23.255
24.0 23.405
24.0 23.305
24.0 23.42
24.0 23.31
24.0 22.975
24.0 23.205
24.0 23.285
24.0 23.02
24.0 23.305
24.0 23.225
24.0 23.41
24.0 23.385
24.0 23.535
24.0 23.245
24.0 23.27
24.0 23.205
24.0 23.375
24.0 23.165
24.0 23.645
24.0 23.325
24.0 23.07
24.0 23.32
24.0 23.205
24.0 23.425
24.0 23.405
24.0 23.425
24.0 23.095
24.0 23.23
24.0 23.315
24.0 23.26
24.0 23.415
24.0 23.175
24.0 23.445
24.0 23.335
24.0 23.26
24.0 23.125
24.0 22.995
24.0 23.4
24.0 23.115
24.0 23.27
24.0 23.55
24.0 23.335
24.0 23.315
24.0 23.595
24.0 23.325
24.0 23.045
24.0 23.355
24.0 23.28
24.0 23.235
24.0 23.33
24.0 23.045
24.0 23.185
24.0 23.04
24.0 23.105
24.0 23.46
24.0 23.465
24.0 22.995
24.0 23.175
24.0 23.185
24.0 23.255
24.0 23.6
24.0 23.35
24.0 23.27
24.0 23.265
24.0 23.375
24.0 23.065
24.0 23.36
24.0 23.205
24.0 23.14
24.0 23.48
24.0 23.415
24.0 23.27
24.0 23.39
24.0 23.235
24.0 23.3
24.0 23.49
24.0 23.23
24.0 23.075
24.0 23.495
24.0 23.36
24.0 23.23
24.0 23.245
24.0 23.435
24.0 23.55
24.0 23.305
24.0 23.3
24.0 23.01
24.0 23.395
24.0 23.03
24.0 23.205
24.0 23.215
24.0 23.45
24.0 23.08
24.0 23.225
24.0 23.35
24.0 23.37
24.0 23.26
24.0 23.165
24.0 23.425
24.0 23.15
24.0 23.405
24.0 23.21
24.0 23.47
24.0 23.35
24.0 23.19
24.0 23.175
24.0 23.38
24.0 23.17
24.0 23.36
24.0 23.36
24.0 23.5
24.0 23.155
24.0 23.29
24.0 23.255
24.0 23.465
24.0 23.305
24.0 23.29
24.0 23.17
24.0 23.165
24.0 23.505
24.0 23.31
24.0 23.215
24.0 23.115
24.0 23.06
24.0 23.175
24.0 23.17
24.0 23.345
24.0 23.145
24.0 23.41
24.0 23.31
24.0 23.27
24.0 23.195
24.0 23.17
24.0 23.295
24.0 23.16
24.0 23.48
24.0 23.25
24.0 23.17
24.0 23.385
24.0 23.245
24.0 23.445
24.0 23.345
24.0 23.45
24.0 23.54
24.0 23.055
24.0 23.03
500
7.0 -36.045
11.5 -6.38
13.0 5.795
14.5 10.315
16.0 12.37
17.5 14.215
18.0 15.12
19.5 16.135
20.0 16.95
20.0 17.85
20.0 18.28
20.5 18.625
21.0 18.605
21.0 19.145
21.5 19.85
21.5 20.17
21.5 20.75
21.5 20.44
21.5 20.89
21.5 20.7
21.5 20.865
21.5 20.68
21.5 20.86
21.5 20.625
21.5 20.79
21.5 20.63
21.5 20.605
21.5 20.885
21.5 20.675
21.5 20.69
21.5 20.635
21.5 20.735
21.5 20.715
21.5 20.68
21.5 20.795
21.5 20.465
21.5 20.77
21.5 20.905
21.5 20.55
21.5 20.25
21.5 20.67
21.5 20.7
21.5 20.84
21.5 20.6
21.5 20.405
21.5 20.45
21.5 20.66
21.5 20.7
21.5 20.74
21.5 20.845
21.5 20.73
21.5 20.775
21.5 20.69
21.5 20.995
21.5 20.855
21.5 20.845
21.5 20.615
21.5 20.755
21.5 20.895
21.5 20.96
21.5 20.635
21.5 20.77
21.5 20.865
21.5 20.81
21.5 20.625
21.5 20.63
21.5 20.825
21.5 20.9
21.5 20.625
21.5 20.855
21.5 20.92
21.5 20.715
21.5 20.825
21.5 20.995
21.5 20.9
21.5 20.71
21.5 20.8
21.5 20.71
21.5 20.745
21.5 20.71
21.5 20.535
21.5 21.06
21.5 20.775
21.5 20.94
21.5 20.595
21.5 20.67
21.5 20.74
21.5 20.63
21.5 20.585
21.5 20.85
21.5 20.88
21.5 20.84
21.5 20.755
21.5 20.77
21.5 20.955
21.5 20.83
21.5 20.825
21.5 20.795
21.5 20.765
21.5 20.755
21.5 20.855
21.5 20.755
21.5 20.885
21.5 20.825
21.5 20.815
21.5 20.76
21.5 20.535
21.5 20.87
21.5 20.85
21.5 20.81
21.5 20.705
21.5 20.655
21.5 20.695
21.5 20.84
21.5 21.055
21.5 20.755
21.5 20.845
21.5 20.63
21.5 20.875
21.5 20.67
21.5 20.8
21.5 20.8
21.5 20.365
21.5 20.615
21.5 20.695
21.5 20.92
21.5 20.66
21.5 20.73
22.0 20.84
22.0 20.815
22.0 20.865
22.0 20.73
22.0 20.815
22.0 21.075
22.0 21.27
22.0 21.055
22.0 21.025
22.0 21.235
22.0 21.22
22.0 21.005
22.0 21.265
22.0 21.155
22.0 21.245
22.0 21.255
22.0 21.48
22.0 21.115
22.0 21.23
22.0 21.335
22.0 21.3
22.0 21.58
22.0 21.115
22.0 21.115
22.0 21.11
22.0 21.015
22.0 20.89
22.0 21.325
22.0 21.37
22.0 21.195
22.0 21.23
22.0 21.285
22.0 21.21
22.0 20.76
22.0 21.265
22.0 21.215
22.0 21.32
22.0 21.2
22.0 20.77
22.0 20.96
22.0 21.155
22.0 21.245
22.0 21.215
22.0 21.185
22.0 21.075
22.0 21.21
22.0 21.255
22.0 21.405
22.0 21.355
22.0 21.09
22.0 21.255
22.0 21.27
22.0 21.005
22.0 20.955
22.0 21.21
22.0 21.24
22.0 21.285
22.0 21.155
22.0 21.27
22.0 21.26
22.0 21.34
22.0 21.06
22.0 21.025
22.0 21.16
22.0 21.29
22.0 21.2
22.0 20.98
22.0 21.135
22.0 21.205
22.0 21.31
22.0 21.085
22.0 21.05
22.0 21.405
22.0 21.11
22.0 21.285
22.0 21.46
22.0 21.44
22.0 21.12
22.0 21.315
22.0 21.345
22.0 21.205
22.0 21.29
22.0 21.125
22.0 21.515
22.0 21.215
22.0 21.26
22.0 21.075
22.0 21.29
22.0 21.24
22.0 21.025
22.0 21.23
22.0 20.835
22.0 21.305
22.0 21.245
22.0 21.275
22.0 21.38
22.0 21.185
22.0 20.95
22.0 21.11
22.0 21.205
22.0 21.135
22.0 21.295
22.0 21.15
22.0 20.855
22.0 21.225
22.0 21.325
22.0 20.995
22.0 21.415
22.0 21.235
22.0 21.01
22.0 21.475
22.0 21.065
22.0 21.295
22.0 20.87
22.0 21.16
22.0 21.135
22.0 21.465
22.0 21.135
22.0 21.145
22.0 21.235
22.0 21.08
22.0 21.43
22.0 21.3
22.0 21.565
22.0 21.18
22.0 21.495
22.0 21.09
22.0 21.395
22.0 21.285
22.0 20.945
22.0 21.47
22.0 21.255
22.0 21.205
22.0 21.165
22.0 20.92
22.0 21.15
22.0 21.11
22.0 21.15
22.0 21.315
22.0 21.205
22.0 21.38
22.0 21.305
22.0 21.21
22.0 21.205
22.0 21.085
22.0 20.86
22.0 21.065
22.0 21.445
22.0 21.205
22.0 21.05
22.0 21.13
22.0 20.97
22.0 21.33
22.0 21.35
22.0 21.38
22.0 21.41
22.0 21.31
22.0 20.925
22.0 21.345
22.0 21.3
22.0 20.895
22.0 21.2
22.0 21.325
22.0 21.25
22.0 21.12
22.0 21.095
22.0 21.055
22.0 21.23
22.0 21.12
22.0 21.305
22.0 21.12
22.0 21.175
22.0 21.24
22.0 21.18
22.0 21.25
22.0 21.08
22.0 21.12
22.0 21.265
22.0 21.105
22.0 21.295
22.0 21.475
22.0 21.19
22.0 21.08
22.0 21.18
22.0 21.1
22.0 21.305
22.0 21.12
22.0 21.265
22.0 21.305
22.0 21.3
22.0 21.28
22.0 21.245
22.0 21.08
22.0 21.225
22.0 20.775
22.0 21.085
22.0 21.235
22.0 21.195
22.0 21.215
22.0 21.275
22.0 21.175
22.0 21.315
22.0 21.28
22.0 21.37
22.0 20.895
22.0 21.41
22.0 21.205
22.0 21.175
22.0 21.09
22.0 21.28
22.0 21.525
22.0 20.93
22.0 21.16
22.0 21.175
22.0 21.295
22.0 21.285
22.0 21.155
22.0 21.235
22.0 21.165
22.0 21.405
22.0 21.295
22.0 21.225
22.0 21.315
22.0 21.32
22.0 21.51
22.0 21.265
22.0 21.225
22.0 21.315
22.0 20.715
22.0 21.145
22.0 21.16
22.0 21.41
22.0 20.95
22.0 21.005
22.0 21.055
22.0 20.96
22.0 21.13
22.0 21.065
22.0 21.165
22.0 21.185
22.0 21.225
22.0 20.99
22.0 21.275
22.0 21.285
22.0 21.505
22.0 21.34
22.0 21.205
22.0 20.99
22.0 21.145
22.0 21.385
22.0 21.17
22.0 21.04
22.0 21.075
22.0 20.935
22.0 21.16
22.0 21.215
22.0 20.97
22.0 21.31
22.0 21.2
22.0 21.085
22.0 21.255
22.0 20.845
22.0 21.335
22.0 21.205
22.0 21.135
22.0 21.045
22.0 20.845
22.0 21.095
22.0 21.15
22.0 21.405
22.0 21.23
22.0 20.955
22.0 21.39
22.0 21.11
22.0 21.51
22.0 21.235
22.0 21.44
22.0 21.13
22.0 20.895
22.0 21.065
22.0 21.08
22.0 21.115
22.0 21.18
22.0 21.3
22.0 21.345
22.0 21.05
22.0 20.925
22.0 21.135
22.0 21.145
22.0 21.095
22.0 21.14
22.0 21.155
22.0 21.22
22.0 21.25
22.0 21.4
22.0 21.2
22.0 21.33
22.0 20.915
22.0 21.06
22.0 21.135
22.0 20.865
22.0 21.42
22.0 21.39
22.0 21.155
22.0 21.005
22.0 21.07
22.0 21.195
22.0 21.185
22.0 21.405
22.0 21.35
22.0 21.245
22.0 21.255
22.0 21.17
22.0 21.23
22.0 21.31
22.0 21.35
22.0 21.355
22.0 21.03
22.0 21.06
22.0 21.34
22.0 21.155
22.0 20.93
22.0 21.11
22.0 21.005
22.0 21.44
22.0 21.13
22.0 21.045
22.0 20.725
22.0 20.915
22.0 20.935
22.0 21.295
22.0 21.42
22.0 21.445
22.0 21.35
22.0 21.36
22.0 21.305
22.0 21.22
22.0 21.48
22.0 21.23
22.0 21.08
22.0 21.215
22.0 21.02
22.0 20.855
22.0 21.28
22.0 21.175
22.0 21.555
22.0 21.0
22.0 20.98
22.0 21.33
22.0 21.275
22.0 21.24
22.0 21.245
22.0 21.21
22.0 21.26
22.0 21.135
22.0 21.215
22.0 21.42
22.0 21.155
22.0 21.4
22.0 21.04
22.0 21.13
22.0 21.245
22.0 20.935
22.0 20.85
22.0 21.545
22.0 21.145
22.0 21.335
22.0 21.21
22.0 21.265
22.0 21.24
22.0 21.07
22.0 21.135
500
10.5 -36.22
11.5 -7.995
15.0 3.885
15.5 9.21
16.5 11.3
17.0 13.58
17.5 14.77
18.5 16.075
19.5 16.715
19.5 17.335
20.5 17.715
20.5 18.135
21.0 18.545
21.5 19.0
21.5 19.535
22.0 19.66
22.0 19.855
22.0 20.115
22.5 19.8
22.5 20.205
22.5 21.16
22.5 21.565
22.5 21.92
22.5 21.44
22.5 21.835
22.5 21.69
22.5 21.63
22.5 21.665
22.5 21.62
22.5 21.59
22.5 21.745
22.5 21.57
22.5 21.655
22.5 21.33
22.5 21.505
22.5 21.855
22.5 21.455
22.5 21.505
22.5 21.31
22.5 21.35
22.5 21.6
22.5 21.805
22.5 21.595
22.5 21.325
22.5 21.785
22.5 21.59
22.5 21.78
22.5 21.895
22.5 21.455
22.5 21.525
22.5 21.19
22.5 21.465
22.5 21.56
22.5 21.65
22.5 21.69
22.5 21.49
22.5 21.57
22.5 21.76
22.5 21.4
22.5 21.74
22.5 21.895
22.5 21.745
22.5 21.95
22.5 21.51
22.5 21.58
22.5 21.215
22.5 21.52
22.5 21.5
22.5 21.77
22.5 21.56
22.5 21.56
22.5 21.505
22.5 21.535
22.5 21.545
22.5 21.625
22.5 21.375
22.5 21.705
22.5 21.1
22.5 21.56
22.5 21.46
22.5 21.685
22.5 21.83
22.5 21.67
22.5 21.83
22.5 22.06
22.5 21.16
22.5 21.225
22.5 21.975
22.5 21.78
22.5 21.69
22.5 21.475
22.5 21.715
22.5 21.635
22.5 21.715
22.5 21.71
22.5 21.645
22.5 21.465
22.5 21.75
22.5 21.4
22.5 21.785
22.5 21.805
22.5 21.37
22.5 21.56
22.5 21.705
22.5 22.065
22.5 21.805
22.5 21.415
22.5 21.47
22.5 21.77
22.5 21.69
22.5 21.795
22.5 21.265
22.5 21.665
22.5 21.575
22.5 21.4
22.5 21.345
22.5 21.785
22.5 21.515
22.5 21.75
22.5 21.5
22.5 21.355
22.5 21.51
22.5 21.555
22.5 21.83
22.5 21.985
22.5 21.735
22.5 21.59
22.5 21.62
22.5 21.655
22.5 21.28
22.5 21.69
22.5 21.745
22.5 21.265
22.5 21.475
22.5 21.37
22.5 21.205
22.5 21.77
22.5 21.64
22.5 21.46
22.5 21.735
22.5 21.78
22.5 21.545
22.5 21.64
22.5 21.565
22.5 21.185
22.5 21.64
22.5 21.52
22.5 21.58
22.5 21.88
22.5 21.435
22.5 21.415
22.5 21.685
22.5 21.435
22.5 21.595
22.5 21.915
22.5 21.705
22.5 21.555
22.5 21.645
22.5 21.94
22.5 21.595
22.5 21.705
22.5 21.57
22.5 21.66
22.5 21.59
22.5 21.83
22.5 21.755
22.5 21.58
22.5 21.79
22.5 21.41
22.5 21.38
22.5 21.305
22.5 21.2
22.5 21.55
22.5 21.295
22.5 21.635
22.5 21.39
22.5 21.515
22.5 21.245
22.5 21.61
22.5 21.61
22.5 21.69
22.5 21.615
22.5 21.61
22.5 21.41
22.5 21.72
22.5 21.445
22.5 21.27
22.5 21.685
22.5 21.53
22.5 21.065
22.5 21.705
22.5 21.72
22.5 21.505
22.5 21.455
22.5 21.67
22.5 21.775
22.5 21.525
22.5 21.93
22.5 21.69
22.5 21.56
22.5 21.66
22.5 21.755
22.5 21.5
22.5 21.605
22.5 21.595
22.5 21.255
22.5 21.23
22.5 21.805
22.5 21.73
22.5 21.795
22.5 21.515
22.5 21.595
22.5 21.32
22.5 21.665
22.5 21.395
22.5 21.505
22.5 21.81
22.5 21.375
22.5 21.51
22.5 21.65
22.5 21.45
22.5 22.155
22.5 21.735
22.5 21.605
22.5 21.65
22.5 21.55
22.5 21.58
22.5 21.735
22.5 21.615
22.5 21.635
22.5 21.72
22.5 21.61
22.5 21.485
22.5 21.68
22.5 21.8
22.5 21.67
22.5 21.805
22.5 21.77
22.5 21.535
22.5 21.45
22.5 21.665
22.5 21.67
22.5 21.39
22.5 21.585
22.5 21.785
22.5 21.69
22.5 21.61
22.5 21.7
22.5 21.575
22.5 21.37
22.5 21.66
22.5 21.545
22.5 21.61
22.5 21.49
22.5 21.725
22.5 21.645
22.5 21.235
22.5 21.575
22.5 21.635
22.5 21.63
22.5 21.13
22.5 21.88
22.5 21.5
22.5 21.415
22.5 21.645
22.5 21.57
22.5 21.865
22.5 21.565
22.5 21.59
22.5 21.69
22.5 21.335
22.5 21.41
22.5 21.99
22.5 21.735
22.5 21.68
22.5 21.485
22.5 21.755
22.5 21.65
22.5 21.815
22.5 21.81
22.5 21.55
22.5 21.405
22.5 21.55
22.5 21.905
22.5 21.65
22.5 21.415
22.5 21.46
22.5 21.82
22.5 21.275
22.5 21.485
22.5 21.105
22.5 21.73
22.5 21.555
22.5 21.74
22.5 21.69
22.5 21.655
22.5 21.485
22.5 21.565
22.5 21.515
22.5 21.61
22.5 21.23
22.5 21.47
22.5 21.505
22.5 21.6
22.5 21.695
22.5 21.715
22.5 21.79
22.5 21.705
22.5 21.755
22.5 21.845
22.5 21.485
22.5 21.76
22.5 21.455
22.5 21.455
22.5 21.755
22.5 21.93
22.5 21.925
22.5 22.055
22.5 21.1
22.5 21.74
22.5 21.485
22.5 21.795
22.5 21.695
22.5 21.785
22.5 21.555
22.5 21.635
22.5 21.54
22.5 21.505
22.5 21.795
22.5 21.81
22.5 21.53
22.5 21.625
22.5 21.525
22.5 21.47
22.5 21.895
22.5 21.575
22.5 21.745
22.5 21.78
22.5 21.945
22.5 21.51
22.5 21.34
22.5 21.36
22.5 21.8
22.5 21.325
22.5 21.675
22.5 21.94
22.5 21.625
22.5 21.715
22.5 21.48
22.5 21.78
22.5 21.76
22.5 21.86
22.5 21.255
22.5 21.415
22.5 21.955
22.5 21.555
22.5 21.075
22.5 21.795
22.5 21.65
22.5 21.58
22.5 21.65
22.5 21.565
22.5 21.585
22.5 21.49
22.5 21.34
22.5 21.82
22.5 21.515
22.5 21.645
22.5 21.955
22.5 21.35
22.5 21.82
22.5 21.84
22.5 21.59
22.5 21.77
22.5 21.31
22.5 21.86
22.5 21.63
22.5 21.76
22.5 21.475
22.5 21.4
22.5 21.455
22.5 21.445
22.5 21.27
22.5 21.635
22.5 21.235
22.5 21.225
22.5 21.35
22.5 21.72
22.5 21.645
22.5 21.635
22.5 21.66
22.5 21.395
22.5 21.685
22.5 21.725
22.5 21.695
22.5 21.28
22.5 21.335
22.5 21.575
22.5 22.0
22.5 21.465
22.5 21.495
22.5 21.51
22.5 21.445
22.5 21.455
22.5 21.645
22.5 21.475
22.5 21.295
22.5 21.655
22.5 21.555
22.5 21.445
22.5 21.6
22.5 21.535
22.5 21.695
22.5 21.52
22.5 21.335
22.5 21.395
22.5 21.395
22.5 21.855
22.5 21.855
22.5 21.74
22.5 21.61
22.5 21.585
22.5 21.61
22.5 21.425
22.5 21.64
22.5 21.695
22.5 21.585
22.5 21.77
22.5 21.76
22.5 21.63
22.5 21.655
22.5 21.535
22.5 21.57
22.5 21.505
22.5 21.42
22.5 21.75
22.5 21.535
22.5 21.99
22.5 21.53
22.5 21.66
22.5 21.895
22.5 21.4
22.5 21.67
22.5 21.825
22.5 21.535
22.5 21.96
22.5 21.91
22.5 21.32
22.5 21.615
22.5 21.42
22.5 21.865
22.5 21.675
22.5 21.715
22.5 21.65
22.5 21.365
22.5 21.56
22.5 21.59
22.5 21.775
22.5 21.36
22.5 21.735
22.5 21.665
22.5 21.73
22.5 21.71
22.5 21.525
22.5 21.785
22.5 21.505
22.5 21.44
22.5 21.58
22.5 21.43
22.5 21.85
22.5 21.735
22.5 21.55
22.5 21.69
22.5 21.61
22.5 21.44
22.5 21.1
22.5 21.51
22.5 21.76
22.5 21.825
22.5 21.505
22.5 21.35
22.5 21.54
22.5 21.405
22.5 21.58
22.5 21.71
22.5 21.71
22.5 21.445
22.5 21.58
22.5 21.835
22.5 21.6
22.5 21.445
22.5 21.715
22.5 21.63
22.5 21.61
22.5 21.57
22.5 21.755
22.5 21.72
22.5 21.655
22.5 21.785
22.5 21.355
500
8.5 -35.59
10.0 -5.525
12.5 3.835
17.0 9.0
17.5 11.93
17.5 13.775
18.0 15.205
18.5 16.395
19.0 16.765
19.0 17.225
20.0 17.72
20.5 18.135
20.5 18.04
20.5 18.435
20.5 18.94
20.5 19.385
20.5 19.78
20.5 19.855
20.5 19.9
20.5 19.94
20.5 19.955
20.5 19.725
20.5 19.815
20.5 19.855
20.5 19.895
20.5 19.83
20.5 19.94
20.5 19.78
20.5 19.655
20.5 19.865
20.5 19.95
20.5 19.885
20.5 19.81
20.5 19.82
20.5 19.84
20.5 20.015
20.5 19.97
20.5 19.9
20.5 19.855
20.5 19.885
20.5 19.875
20.5 19.785
20.5 19.905
20.5 19.72
20.5 19.735
20.5 19.55
20.5 19.93
20.5 19.75
20.5 19.76
20.5 19.795
20.5 19.83
20.5 19.82
20.5 19.84
20.5 19.97
20.5 19.9
20.5 19.775
20.5 19.95
20.5 19.68
20.5 19.78
20.5 19.795
20.5 19.97
20.5 19.875
20.5 19.855
20.5 20.035
20.5 19.855
20.5 19.44
20.5 19.855
20.5 19.855
20.5 19.905
20.5 19.96
20.5 19.86
20.5 19.935
20.5 19.84
20.5 19.72
20.5 19.815
20.5 19.77
20.5 20.05
20.5 19.63
20.5 19.95
20.5 19.81
20.5 19.595
20.5 19.735
20.5 19.725
20.5 20.055
20.5 19.625
20.5 19.645
20.5 20.025
20.5 19.935
20.5 19.545
20.5 19.775
20.5 19.995
20.5 19.745
20.5 19.945
20.5 19.815
20.5 19.72
20.5 19.665
20.5 19.765
20.5 19.83
20.5 19.77
20.5 19.57
20.5 19.91
20.5 19.835
20.5 19.595
20.5 20.115
20.5 19.735
20.5 20.065
20.5 19.68
20.5 19.595
20.5 19.875
20.5 19.825
20.5 19.67
20.5 19.685
20.5 19.87
20.5 19.68
20.5 19.765
20.5 19.66
20.5 19.74
20.5 19.88
20.5 19.81
20.5 19.81
20.5 19.92
20.5 19.75
20.5 19.99
20.5 19.795
20.5 19.905
20.5 19.9
20.5 19.67
20.5 19.9
20.5 19.895
20.5 19.9
20.5 20.075
20.5 19.795
20.5 19.94
20.5 19.83
20.5 20.05
20.5 19.93
20.5 19.68
20.5 19.735
20.5 19.705
20.5 19.81
20.5 19.665
20.5 19.555
20.5 19.965
20.5 19.76
20.5 20.0
20.5 19.915
20.5 19.855
20.5 19.92
20.5 19.54
20.5 19.755
20.5 19.65
20.5 19.8
20.5 19.82
20.5 20.0
20.5 19.965
20.5 19.995
20.5 19.7
20.5 19.845
20.5 19.855
20.5 19.825
20.5 19.83
20.5 19.57
20.5 19.785
20.5 19.745
20.5 19.91
20.5 20.01
20.5 19.775
20.5 19.89
20.5 19.76
20.5 19.69
20.5 19.66
20.5 19.815
20.5 19.885
20.5 19.445
20.5 19.805
20.5 19.86
20.5 19.905
20.5 19.655
20.5 19.995
20.5 19.745
20.5 19.97
20.5 19.96
20.5 19.785
20.5 19.98
20.5 19.78
20.5 19.695
20.5 19.925
20.5 20.105
20.5 19.99
20.5 19.76
20.5 19.64
20.5 19.695
20.5 19.77
20.5 19.675
20.5 19.86
20.5 19.71
20.5 19.845
20.5 19.875
20.5 19.81
20.5 19.965
20.5 20.135
20.5 19.755
20.5 19.92
20.5 19.98
20.5 19.96
20.5 19.745
20.5 19.765
20.5 19.675
20.5 20.025
20.5 19.99
20.5 19.835
20.5 19.715
20.5 19.765
20.5 19.76
20.5 19.63
20.5 19.84
20.5 19.77
20.5 19.895
20.5 19.755
20.5 19.8
20.5 19.825
20.5 19.775
20.5 19.945
20.5 19.94
20.5 19.815
20.5 19.755
20.5 19.715
20.5 19.74
20.5 20.0
20.5 19.77
20.5 19.935
20.5 19.86
20.5 19.995
20.5 19.82
20.5 19.875
20.5 19.98
20.5 19.825
20.5 20.0
20.5 19.74
20.5 19.775
20.5 19.755
20.5 20.025
20.5 19.95
20.5 19.925
20.5 19.755
20.5 19.805
20.5 19.795
20.5 19.885
20.5 19.715
20.5 19.81
20.5 19.78
20.5 19.78
20.5 19.935
20.5 19.86
20.5 19.9
20.5 19.74
20.5 19.965
20.5 19.79
20.5 19.795
20.5 20.0
20.5 19.85
20.5 19.61
20.5 20.065
20.5 19.66
20.5 19.9
20.5 20.07
20.5 19.58
20.5 19.815
20.5 19.6
20.5 19.91
20.5 19.82
20.5 19.78
20.5 19.64
20.5 19.74
20.5 19.645
20.5 19.995
20.5 19.835
20.5 19.825
20.5 19.755
20.5 19.82
20.5 19.875
20.5 19.87
20.5 19.94
20.5 19.73
20.5 19.705
20.5 19.765
20.5 19.645
20.5 19.81
20.5 19.595
20.5 19.705
20.5 19.805
20.5 19.735
20.5 19.855
20.5 19.745
20.5 19.92
20.5 19.635
20.5 19.4
20.5 19.945
20.5 20.025
20.5 19.745
20.5 19.98
20.5 19.72
20.5 19.77
20.5 19.635
20.5 19.84
20.5 19.645
20.5 19.705
20.5 19.81
20.5 19.7
20.5 19.84
20.5 19.835
20.5 19.64
20.5 19.865
20.5 19.905
20.5 19.885
20.5 19.795
20.5 19.675
20.5 19.885
20.5 19.865
20.5 19.825
20.5 19.765
20.5 19.925
20.5 19.825
20.5 19.885
20.5 19.83
20.5 19.88
20.5 19.87
20.5 20.015
20.5 19.565
20.5 19.73
20.5 19.69
20.5 19.72
20.5 19.88
20.5 19.755
20.5 20.005
20.5 19.9
20.5 19.935
20.5 19.825
20.5 19.71
20.5 19.73
20.5 19.945
20.5 19.69
20.5 19.59
20.5 19.915
20.5 19.95
20.5 19.765
20.5 19.92
20.5 19.765
20.5 20.075
20.5 19.82
20.5 19.85
20.5 19.895
20.5 19.735
20.5 19.755
20.5 19.63
20.5 19.86
20.5 19.84
20.5 19.965
20.5 19.66
20.5 19.815
20.5 19.73
20.5 19.625
20.5 19.78
20.5 19.36
20.5 19.88
20.5 19.665
20.5 19.565
20.5 19.855
20.5 19.94
20.5 19.665
20.5 19.6
20.5 19.62
20.5 20.065
20.5 19.86
20.5 19.81
20.5 19.63
20.5 19.845
20.5 19.72
20.5 19.545
20.5 19.73
20.5 19.965
20.5 19.845
20.5 19.825
20.5 20.08
20.5 19.87
20.5 19.79
20.5 19.41
20.5 19.755
20.5 19.645
20.5 19.87
20.5 19.88
20.5 19.855
20.5 19.725
20.5 19.705
20.5 19.765
20.5 19.88
20.5 19.9
20.5 19.715
20.5 19.96
20.5 20.145
20.5 19.8
20.5 19.74
20.5 19.485
20.5 19.885
20.5 19.765
20.5 19.71
20.5 19.945
20.5 19.505
20.5 19.74
20.5 19.915
20.5 19.885
20.5 20.135
20.5 19.73
20.5 19.95
20.5 19.845
20.5 19.97
20.5 19.79
20.5 20.01
20.5 19.785
20.5 19.98
20.5 19.94
20.5 19.77
20.5 19.83
20.5 19.735
20.5 19.78
20.5 19.87
20.5 19.62
20.5 19.925
20.5 19.6
20.5 19.945
20.5 20.04
20.5 19.94
20.5 19.86
20.5 19.755
20.5 19.965
20.5 19.87
20.5 19.78
20.5 19.735
20.5 19.75
20.5 19.795
20.5 19.83
20.5 19.8
20.5 19.75
20.5 19.86
20.5 19.83
20.5 19.62
20.5 19.76
20.5 19.67
20.5 19.915
20.5 19.95
20.5 19.77
20.5 19.87
20.5 19.84
20.5 19.685
20.5 19.845
20.5 19.7
20.5 19.6
20.5 19.775
20.5 19.585
20.5 19.77
20.5 19.76
20.5 19.805
20.5 19.86
20.5 19.805
20.5 19.725
20.5 19.675
20.5 19.79
20.5 19.72
20.5 19.56
20.5 19.745
20.5 19.825
20.5 19.775
20.5 19.675
20.5 19.765
20.5 19.57
20.5 19.645
20.5 19.775
20.5 19.855
20.5 19.83
20.5 20.015
20.5 19.895
20.5 20.02
20.5 20.09
20.5 19.925
20.5 20.015
20.5 20.145
20.5 19.92
20.5 19.78
20.5 19.93
20.5 19.745
20.5 19.595
20.5 19.93
20.5 19.555
20.5 19.56
20.5 19.37
20.5 19.815
20.5 19.685
20.5 19.6
20.5 19.705
20.5 19.975
500
7.5 -40.815
9.0 -9.66
12.5 2.445
14.0 7.29
16.5 11.75
16.5 12.73
19.5 14.195
19.5 15.485
20.5 16.975
21.5 17.96
21.5 18.97
22.5 19.515
23.0 20.435
23.5 20.86
24.0 21.4
24.0 22.23
24.0 22.705
24.0 23.305
24.0 23.24
24.0 23.38
24.0 23.125
24.0 23.31
24.0 23.33
24.0 23.26
24.0 23.325
24.0 23.21
24.0 23.31
24.0 23.48
24.0 22.905
24.0 23.24
24.0 23.28
24.0 23.17
24.0 23.31
24.0 23.005
24.0 23.42
24.0 23.3
24.0 23.175
24.0 23.605
24.0 23.34
24.0 23.285
24.0 23.48
24.0 23.58
24.0 23.41
24.0 23.29
24.0 23.62
24.0 23.145
24.0 23.185
24.0 22.88
24.0 23.19
24.0 23.29
24.0 22.99
24.0 23.48
24.0 23.33
24.0 23.21
24.0 23.425
24.0 23.1
24.0 23.43
24.0 23.595
24.0 23.325
24.0 23.295
24.0 23.075
24.0 23.07
24.0 23.165
24.0 23.4
24.0 23.34
24.0 23.325
24.0 23.185
24.0 23.405
24.0 23.43
24.0 23.13
24.0 23.35
24.0 23.28
24.0 23.315
24.0 23.165
24.0 23.36
24.0 23.025
24.0 23.33
24.0 23.36
24.0 23.395
24.0 22.995
24.0 23.37
24.0 23.3
24.0 23.23
24.0 23.285
24.0 23.41
24.0 23.01
24.0 23.44
24.0 23.31
24.0 23.375
24.0 23.36
24.0 23.31
24.0 23.265
24.0 22.855
24.0 22.94
24.0 23.185
24.0 23.24
24.0 23.3
24.0 23.28
24.0 23.395
24.0 23.515
24.0 23.17
24.0 23.255
24.0 23.035
24.0 23.38
24.0 23.025
24.0 23.27
24.0 23.385
24.0 23.445
24.0 23.32
24.0 23.525
24.0 23.285
24.0 23.16
24.0 23.18
24.0 23.325
24.0 23.495
24.0 23.135
24.0 23.28
24.0 23.315
24.0 23.34
24.0 23.275
24.0 23.365
24.0 23.245
24.0 23.35
24.0 23.025
24.0 22.95
24.0 23.435
24.0 23.24
24.0 23.455
24.0 23.54
24.0 23.28
24.0 23.28
24.0 23.435
24.0 23.37
24.0 23.145
24.0 23.235
24.0 23.255
24.0 23.36
24.0 23.215
24.0 23.565
24.0 23.485
24.0 23.295
24.0 23.185
24.0 23.205
24.0 23.365
24.0 23.43
24.0 23.22
24.0 23.465
24.0 23.475
24.0 23.06
24.0 23.355
24.0 23.14
24.0 23.2
24.0 23.29
24.0 23.05
24.0 23.28
24.0 23.205
24.0 23.17
24.0 23.165
24.0 23.24
24.0 23.31
24.0 23.385
24.0 23.29
24.0 23.16
24.0 23.09
24.0 23.34
24.0 23.205
24.0 23.225
24.0 23.41
24.0 23.485
24.0 23.285
24.0 23.285
24.0 23.495
24.0 23.405
24.0 23.43
24.0 23.37
24.0 23.39
24.0 23.335
24.0 23.375
24.0 23.41
24.0 23.29
24.0 23.14
24.0 23.515
24.0 23.095
24.0 23.355
24.0 23.335
24.0 23.155
24.0 22.87
24.0 23.255
24.0 23.35
24.0 23.25
24.0 23.43
24.0 23.2
24.0 23.29
24.0 23.275
24.0 23.465
24.0 23.36
24.0 23.3
24.0 23.38
24.0 23.22
24.0 23.085
24.0 23.335
24.0 23.325
24.0 23.575
24.0 23.41
24.0 23.535
24.0 23.27
24.0 23.36
24.0 23.29
24.0 23.455
24.0 23.34
24.0 22.88
24.0 23.305
24.0 23.38
24.0 23.45
24.0 23.255
24.0 23.465
24.0 23.465
24.0 23.48
24.0 23.295
24.0 23.35
24.0 23.31
24.0 23.49
24.0 23.325
24.0 23.435
24.0 23.46
24.0 22.87
24.0 23.265
24.0 23.25
24.0 23.105
24.0 23.075
24.0 23.265
24.0 23.23
24.0 23.355
24.0 23.415
24.0 23.46
24.0 23.19
24.0 23.42
24.0 23.165
24.0 23.07
24.0 23.4
24.0 23.525
24.0 23.265
24.0 23.405
24.0 23.52
24.0 23.275
24.0 23.225
24.0 23.255
24.0 23.29
24.0 23.15
24.0 23.535
24.0 23.205
24.0 23.38
24.0 23.28
24.0 23.295
24.0 23.32
24.0 23.315
24.0 23.43
24.0 23.36
24.0 23.395
24.0 23.135
24.0 23.39
24.0 23.12
24.0 23.175
24.0 23.47
24.0 23.395
24.0 23.41
24.0 23.25
24.0 23.19
24.0 23.415
24.0 23.515
24.0 23.305
24.0 23.09
24.0 23.305
24.0 23.135
24.0 23.35
24.0 23.405
24.0 23.32
24.0 23.165
24.0 23.39
24.0 23.24
24.0 23.315
24.0 23.305
24.0 23.48
24.0 23.355
24.0 23.06
24.0 23.18
24.0 23.395
24.0 23.34
24.0 23.165
24.0 23.135
24.0 23.24
24.0 23.065
24.0 23.275
24.0 23.14
24.0 23.005
24.0 23.285
24.0 23.295
24.0 23.21
24.0 23.545
24.0 23.29
24.0 23.385
24.0 22.975
24.0 23.135
24.0 23.42
24.0 23.15
24.0 23.105
24.0 23.235
24.0 23.34
24.0 23.21
24.0 23.0
24.0 23.245
24.0 23.385
24.0 23.245
24.0 23.135
24.0 23.135
24.0 23.305
24.0 23.32
24.0 23.44
24.0 23.355
24.0 23.365
24.0 23.22
24.0 23.425
24.0 22.915
24.0 23.295
24.0 23.355
24.0 23.24
24.0 23.59
24.0 23.365
24.0 22.91
24.0 23.335
24.0 23.095
24.0 23.245
24.0 23.345
24.0 23.54
24.0 23.435
24.0 23.375
24.0 23.35
24.0 23.215
24.0 23.455
24.0 23.205
24.0 23.42
24.0 23.245
24.0 23.31
24.0 23.07
24.0 23.57
24.0 23.32
24.0 23.46
24.0 23.375
24.0 23.215
24.0 23.425
24.0 23.28
24.0 23.36
24.0 23.15
24.0 23.205
24.0 23.54
24.0 23.305
24.0 23.19
24.0 23.245
24.0 23.18
24.0 23.305
24.0 23.33
24.0 23.365
24.0 23.265
24.0 23.435
24.0 23.505
24.0 23.485
24.0 23.215
24.0 23.12
24.0 23.345
24.0 23.375
24.0 23.39
24.0 23.465
24.0 23.41
24.0 23.325
24.0 23.225
24.0 23.375
24.0 23.36
24.0 23.365
24.0 23.225
24.0 23.46
24.0 23.105
24.0 23.255
24.0 23.45
24.0 23.405
24.0 23.4
24.0 23.455
24.0 23.225
24.0 23.345
24.0 23.25
24.0 23.27
24.0 23.32
24.0 23.15
24.0 23.15
24.0 23.415
24.0 23.44
24.0 23.45
24.0 23.06
24.0 23.15
24.0 23.585
24.0 23.335
24.0 23.17
24.0 23.365
24.0 23.445
24.0 23.435
24.0 23.095
24.0 23.1
24.0 23.37
24.0 23.205
24.0 23.095
24.0 23.43
24.0 23.36
24.0 23.275
24.0 23.37
24.0 23.185
24.0 23.39
24.0 23.315
24.0 23.47
24.0 23.45
24.0 23.355
24.0 23.265
24.0 23.51
24.0 23.345
24.0 23.185
24.0 23.205
24.0 23.245
24.0 23.395
24.0 23.475
24.0 23.26
24.0 23.38
24.0 23.365
24.0 23.65
24.0 23.27
24.0 23.295
24.0 23.355
24.0 23.35
24.0 23.255
24.0 23.285
24.0 23.265
24.0 23.43
24.0 23.035
24.0 23.265
24.0 23.345
24.0 23.295
24.0 23.22
24.0 23.26
24.0 23.37
24.0 23.365
24.0 23.235
24.0 23.225
24.0 23.33
24.0 23.245
24.0 23.075
24.0 23.345
24.0 23.215
24.0 23.455
24.0 23.31
24.0 23.42
24.0 23.19
24.0 23.47
24.0 23.31
24.0 23.12
24.0 23.225
24.0 23.33
24.0 23.325
24.0 23.27
24.0 23.625
24.0 23.185
24.0 23.275
24.0 23.36
24.0 23.43
24.0 23.23
24.0 23.125
24.0 23.45
24.0 23.225
24.0 23.115
24.0 23.38
24.0 23.095
24.0 23.445
24.0 23.05
24.0 23.165
24.0 23.215
24.0 23.435
24.0 23.28
24.0 23.145
24.0 23.165
24.0 23.235
24.0 23.135
24.0 23.48
24.0 23.18
24.0 23.185
24.0 23.235
24.0 23.205
24.0 23.225
24.0 23.655
24.0 23.49
24.0 23.23
24.0 23.15
24.0 23.22
24.0 23.38
24.0 23.275
500
6.5 -41.93
11.0 -11.595
14.0 2.36
18.0 7.895
18.0 11.51
19.0 14.68
19.5 16.25
19.5 17.39
19.5 17.63
20.5 18.035
21.5 19.165
22.0 19.505
22.0 19.935
22.5 20.835
22.5 21.25
22.5 21.24
23.0 21.575
23.0 21.59
23.0 21.7
23.5 22.215
23.5 22.25
24.0 22.495
24.0 22.73
24.0 22.75
24.0 22.83
24.0 22.95
24.0 23.125
24.0 23.065
24.0 23.52
24.0 23.38
24.0 23.395
24.0 23.22
24.0 23.21
24.0 23.285
24.0 23.22
24.0 23.005
24.0 23.475
24.0 23.1
24.0 23.215
24.0 23.35
24.0 23.375
24.0 23.335
24.0 23.445
24.0 23.035
24.0 23.395
24.0 23.45
24.0 23.3
24.0 23.39
24.0 23.325
24.0 23.355
24.0 23.49
24.0 23.285
24.0 22.95
24.0 23.19
24.0 23.415
24.0 23.24
24.0 23.375
24.0 23.195
24.0 23.305
24.0 23.115
24.0 23.175
24.0 23.23
24.0 23.21
24.0 23.44
24.0 23.145
24.0 23.31
24.0 23.11
24.0 23.01
24.0 23.275
24.0 23.475
24.0 23.3
24.0 23.385
24.0 23.325
24.0 23.135
24.0 23.375
24.0 22.78
24.0 23.26
24.0 23.235
24.0 23.505
24.0 23.275
24.0 23.465
24.0 23.12
24.0 23.23
24.0 23.53
24.0 23.22
24.0 23.28
24.0 23.415
24.0 23.265
24.0 23.31
24.0 23.26
24.0 23.49
24.0 23.15
24.0 23.26
24.0 23.195
24.0 23.24
24.0 23.15
24.0 23.215
24.0 23.055
24.0 23.14
24.0 23.11
24.0 23.22
24.0 23.15
24.0 22.985
24.0 23.42
24.0 23.335
24.0 23.47
24.0 23.38
24.0 23.245
24.0 23.315
24.0 23.415
24.0 23.525
24.0 23.295
24.0 23.275
24.0 23.345
24.0 23.395
24.0 23.47
24.0 23.56
24.0 23.22
24.0 23.21
24.0 23.46
24.0 23.515
24.0 23.175
24.0 23.335
24.0 23.3
24.0 22.955
24.0 23.375
24.0 23.34
24.0 23.26
24.0 23.38
24.0 23.24
24.0 23.3
24.0 23.325
24.0 23.505
24.0 23.385
24.0 23.35
24.0 23.535
24.0 23.22
24.0 23.235
24.0 23.38
24.0 23.29
24.0 23.405
24.0 23.315
24.0 23.345
24.0 23.06
24.0 23.255
24.0 23.28
24.0 23.165
24.0 23.265
24.0 23.47
24.0 23.445
24.0 23.39
24.0 22.775
24.0 23.03
24.0 23.23
24.0 23.2
24.0 23.345
24.0 23.36
24.0 23.395
24.0 23.475
24.0 23.355
24.0 23.385
24.0 23.44
24.0 23.145
24.0 23.34
24.0 23.36
24.0 23.46
24.0 22.92
24.0 23.33
24.0 23.165
24.0 23.505
24.0 23.325
24.0 23.37
24.0 23.25
24.0 23.385
24.0 23.285
24.0 23.12
24.0 23.205
24.0 23.425
24.0 23.12
24.0 23.45
24.0 23.195
24.0 23.38
24.0 22.97
24.0 23.58
24.0 23.29
24.0 23.18
24.0 23.395
24.0 23.48
24.0 23.33
24.0 23.365
24.0 23.44
24.0 22.94
24.0 23.455
24.0 23.44
24.0 23.295
24.0 23.39
24.0 22.855
24.0 23.135
24.0 23.265
24.0 23.42
24.0 23.465
24.0 23.325
24.0 23.39
24.0 23.335
24.0 23.415
24.0 22.94
24.0 23.315
24.0 23.22
24.0 23.24
24.0 23.19
24.0 23.465
24.0 23.245
24.0 23.3
24.0 23.205
24.0 23.455
24.0 23.275
24.0 23.11
24.0 23.16
24.0 23.38
24.0 23.28
24.0 23.275
24.0 23.375
24.0 23.425
24.0 23.23
24.0 23.35
24.0 23.245
24.0 23.44
24.0 23.325
24.0 23.385
24.0 23.375
24.0 23.2
24.0 23.325
24.0 23.23
24.0 23.38
24.0 23.405
24.0 23.4
24.0 23.34
24.0 23.075
24.0 23.355
24.0 23.27
24.0 23.475
24.0 23.06
24.0 23.21
24.0 23.42
24.0 22.97
24.0 23.225
24.0 23.575
24.0 23.115
24.0 23.265
24.0 23.39
24.0 23.355
24.0 23.24
24.0 23.245
24.0 23.16
24.0 23.38
24.0 23.05
24.0 23.375
24.0 23.195
24.0 23.325
24.0 23.555
24.0 23.21
24.0 23.42
24.0 23.445
24.0 23.1
24.0 23.14
24.0 23.205
24.0 23.185
24.0 23.13
24.0 23.295
24.0 23.19
24.0 23.39
24.0 23.35
24.0 23.305
24.0 23.305
24.0 23.26
24.0 23.075
24.0 23.165
24.0 23.31
24.0 22.94
24.0 23.25
24.0 23.105
24.0 23.33
24.0 23.1
24.0 23.235
24.0 23.485
24.0 23.32
24.0 23.3
24.0 23.205
24.0 23.07
24.0 23.295
24.0 23.295
24.0 23.17
24.0 23.425
24.0 23.155
24.0 23.115
24.0 23.04
24.0 23.37
24.0 22.99
24.0 23.155
24.0 23.44
24.0 23.44
24.0 23.46
24.0 23.26
24.0 23.24
24.0 23.155
24.0 23.28
24.0 23.385
24.0 23.19
24.0 23.3
24.0 23.53
24.0 23.355
24.0 23.285
24.0 23.495
24.0 23.185
24.0 23.295
24.0 23.365
24.0 23.165
24.0 23.31
24.0 23.19
24.0 23.115
24.0 23.195
24.0 23.38
24.0 23.245
24.0 23.29
24.0 23.445
24.0 23.335
24.0 23.32
24.0 23.42
24.0 23.445
24.0 23.06
24.0 23.155
24.0 23.14
24.0 23.45
24.0 23.365
24.0 23.29
24.0 23.315
24.0 23.0
24.0 23.295
24.0 23.11
24.0 23.26
24.0 23.36
24.0 23.11
24.0 23.325
24.0 23.375
24.0 22.95
24.0 23.21
24.0 23.395
24.0 23.235
24.0 23.16
24.0 23.225
24.0 23.38
24.0 23.495
24.0 23.46
24.0 23.03
24.0 23.105
24.0 23.04
24.0 23.45
24.0 23.32
24.0 23.34
24.0 23.07
24.0 23.045
24.0 23.355
24.0 23.26
24.0 23.375
24.0 23.41
24.0 23.2
24.0 23.35
24.0 23.33
24.0 23.165
24.0 23.32
24.0 23.425
24.0 23.325
24.0 23.38
24.0 23.305
24.0 23.265
24.0 23.345
24.0 23.435
24.0 23.15
24.0 23.35
24.0 23.385
24.0 23.295
24.0 23.455
24.0 23.36
24.0 23.41
24.0 23.4
24.0 23.44
24.0 23.3
24.0 23.115
24.0 23.19
24.0 23.45
24.0 23.39
24.0 23.36
24.0 23.325
24.0 23.185
24.0 23.44
24.0 23.5
24.0 23.12
24.0 23.13
24.0 23.445
24.0 23.37
24.0 23.45
24.0 23.375
24.0 23.07
24.0 23.22
24.0 23.035
24.0 23.005
24.0 23.425
24.0 23.415
24.0 23.43
24.0 23.07
24.0 23.29
24.0 23.23
24.0 23.34
24.0 23.465
24.0 23.175
24.0 23.555
24.0 22.9
24.0 23.52
24.0 23.31
24.0 23.31
24.0 23.345
24.0 23.195
24.0 23.4
24.0 23.445
24.0 23.315
24.0 23.54
24.0 23.2
24.0 23.445
24.0 23.225
24.0 23.3
24.0 23.32
24.0 23.33
24.0 23.31
24.0 23.03
24.0 23.33
24.0 23.2
24.0 23.15
24.0 23.275
24.0 23.17
24.0 23.08
24.0 23.105
24.0 23.39
24.0 23.14
24.0 23.3
24.0 23.46
24.0 23.26
24.0 23.235
24.0 23.285
24.0 23.2
24.0 23.015
24.0 23.15
24.0 23.23
24.0 23.245
24.0 23.165
24.0 23.225
24.0 23.24
24.0 23.525
24.0 23.14
24.0 23.475
24.0 23.21
24.0 23.355
24.0 23.335
24.0 23.365
24.0 23.34
24.0 23.315
24.0 23.205
24.0 23.435
24.0 23.04
24.0 23.03
24.0 23.395
24.0 23.155
24.0 23.305
24.0 23.415
24.0 22.91
24.0 23.16
24.0 23.045
24.0 23.14
24.0 23.385
24.0 23.43
24.0 23.235
24.0 23.155
24.0 23.425
24.0 23.125
24.0 23.42
24.0 23.455
24.0 23.22
24.0 23.355
24.0 23.295
24.0 23.205
24.0 22.87
24.0 22.965
24.0 23.345
24.0 23.31
24.0 23.425
24.0 23.31
24.0 23.2
24.0 23.525
24.0 23.405
24.0 23.345
24.0 23.19

Individual: [1, 6, 7, 9, 10, 15, 16, 18, 33, 35, 36, 38, 44, 46, 47, 49]
   Fitness: 23.0
     Total: 16
Violations: 1 1

Individual: [1, 3, 4, 10, 11, 14, 15, 31, 34, 35, 41, 43, 44, 46, 49, 50]
   Fitness: 23.0
     Total: 16
Violations: 1 1

Individual: [1, 2, 4, 5, 11, 13, 14, 19, 28, 35, 40, 41, 44, 46, 49, 50]
   Fitness: 24.0
     Total: 16
Violations: 0 0

Individual: [1, 4, 5, 12, 13, 17, 20, 24, 32, 34, 37, 38, 45, 46, 49, 50]
   Fitness: 22.0
     Total: 16
Violations: 2 2

Individual: [1, 3, 4, 6, 12, 13, 16, 17, 34, 35, 38, 39, 46, 47, 49, 50]
   Fitness: 24.0
     Total: 16
Violations: 0 0

Individual: [4, 6, 7, 11, 17, 18, 20, 21, 26, 39, 40, 42, 43, 47, 49, 50]
   Fitness: 22.0
     Total: 16
Violations: 2 2

Individual: [1, 2, 4, 7, 8, 11, 20, 23, 28, 30, 31, 34, 41, 43, 46, 47, 50]
   Fitness: 22.5
     Total: 17
Violations: 3 3

Individual: [1, 3, 4, 6, 10, 12, 23, 24, 26, 32, 33, 35, 39, 48, 50]
   Fitness: 20.5
     Total: 15
Violations: 2 2

Individual: [1, 2, 4, 5, 11, 13, 14, 16, 36, 37, 39, 40, 46, 47, 49, 50]
   Fitness: 24.0
     Total: 16
Violations: 0 0

Individual: [2, 3, 5, 6, 12, 13, 15, 16, 37, 38, 40, 41, 46, 47, 49, 50]
   Fitness: 24.0
     Total: 16
Violations: 0 0
