10
500
9.5 -32.08
11.0 -22.755
11.0 -17.705
11.0 -19.475
12.5 -16.65
13.5 -16.16
14.5 -14.06
14.5 -19.775
14.5 -14.255
14.5 -10.905
14.5 -12.15
14.5 -13.395
15.5 -19.105
15.5 -15.215
15.5 -12.06
15.5 -18.785
15.5 -16.47
15.5 -15.345
15.5 -13.675
15.5 -12.22
15.5 -15.15
15.5 -19.605
15.5 -17.335
15.5 -16.355
15.5 -19.435
15.5 -14.685
15.5 -21.23
15.5 -22.005
15.5 -17.465
15.5 -18.07
15.5 -13.44
15.5 -14.465
15.5 -14.91
15.5 -15.505
15.5 -12.93
15.5 -15.41
15.5 -17.405
15.5 -15.51
15.5 -18.84
15.5 -15.92
15.5 -15.285
15.5 -15.44
15.5 -16.595
15.5 -13.835
15.5 -18.48
15.5 -19.055
15.5 -15.86
15.5 -19.94
15.5 -13.085
15.5 -17.08
15.5 -16.265
15.5 -14.885
15.5 -17.88
15.5 -16.095
15.5 -13.995
15.5 -12.41
15.5 -15.315
15.5 -16.325
15.5 -15.53
15.5 -17.095
15.5 -13.775
15.5 -18.185
15.5 -15.43
15.5 -15.955
15.5 -14.325
15.5 -17.305
15.5 -15.125
15.5 -16.81
15.5 -20.02
15.5 -17.86
15.5 -13.835
15.5 -13.495
15.5 -15.445
15.5 -17.75
15.5 -21.01
15.5 -19.93
15.5 -14.01
15.5 -14.15
15.5 -17.245
15.5 -14.695
15.5 -17.315
15.5 -14.19
15.5 -15.66
15.5 -15.55
15.5 -13.35
15.5 -17.85
15.5 -17.075
15.5 -17.625
15.5 -17.49
15.5 -16.075
15.5 -12.095
15.5 -15.005
15.5 -13.81
15.5 -15.405
15.5 -12.845
15.5 -13.38
15.5 -13.41
15.5 -15.725
15.5 -15.595
15.5 -16.95
15.5 -17.515
15.5 -16.57
15.5 -16.185
15.5 -16.96
15.5 -15.015
15.5 -18.12
15.5 -16.795
15.5 -13.39
15.5 -16.09
15.5 -13.36
15.5 -15.64
15.5 -18.26
15.5 -17.16
15.5 -16.44
15.5 -18.57
19.0 -16.32
19.0 -17.135
19.0 -17.38
19.0 -19.775
19.0 -17.17
19.0 -12.51
19.0 -12.805
19.0 -16.345
19.0 -17.37
19.0 -17.885
19.0 -15.14
19.0 -14.065
19.0 -14.67
19.0 -16.495
19.0 -15.34
19.0 -15.37
19.0 -14.28
19.0 -16.74
19.0 -16.94
19.0 -18.865
19.0 -15.21
19.0 -15.145
19.0 -20.08
19.0 -18.995
19.0 -15.68
19.0 -14.88
19.0 -16.835
19.0 -18.935
19.0 -15.375
19.0 -15.17
19.0 -18.595
19.0 -17.755
19.0 -18.84
19.0 -18.64
19.0 -15.705
19.0 -15.375
19.0 -13.01
19.0 -15.705
19.0 -18.54
19.0 -14.725
19.0 -13.95
19.0 -18.13
19.0 -19.81
19.0 -21.12
19.0 -17.935
19.0 -18.045
19.0 -13.635
19.0 -14.275
19.0 -14.77
19.0 -16.325
19.0 -14.44
19.0 -14.925
19.0 -14.93
19.0 -19.535
19.0 -16.06
19.0 -14.52
19.0 -12.165
19.0 -14.75
19.0 -14.045
19.0 -20.235
19.0 -14.545
19.0 -15.155
19.0 -15.8
19.0 -13.77
19.0 -13.24
19.0 -15.43
19.0 -13.635
19.0 -15.37
19.0 -14.285
19.0 -16.675
19.0 -20.515
19.0 -19.965
19.0 -19.13
19.0 -18.365
19.0 -18.685
19.0 -18.355
19.0 -17.825
19.0 -17.17
19.0 -16.735
19.0 -14.815
19.0 -11.66
19.0 -12.775
19.0 -16.185
19.0 -16.245
19.0 -13.05
19.0 -16.58
19.0 -13.99
19.0 -14.77
19.0 -14.005
19.0 -13.615
19.0 -12.84
19.0 -19.045
19.0 -17.19
19.0 -18.235
19.0 -20.515
19.0 -18.6
19.0 -11.75
19.0 -16.115
19.0 -14.08
19.0 -15.3
19.0 -16.07
19.0 -15.72
19.0 -19.2
19.0 -15.895
19.0 -17.88
19.0 -14.845
19.0 -16.725
19.0 -17.795
19.0 -21.06
19.0 -17.96
19.0 -16.885
19.0 -16.225
19.0 -15.2
19.0 -18.0
19.0 -15.76
19.0 -13.78
19.0 -13.37
19.0 -13.225
19.0 -13.64
19.0 -14.035
19.0 -13.385
19.0 -14.52
19.0 -16.315
19.0 -11.615
19.0 -14.71
19.0 -15.04
19.0 -15.045
19.0 -18.0
19.0 -14.12
19.0 -15.025
19.0 -19.335
19.0 -16.735
19.0 -14.34
19.0 -16.14
19.0 -12.015
19.0 -15.205
19.0 -11.02
19.0 -16.53
19.0 -13.025
19.0 -15.62
19.0 -11.96
19.0 -17.905
19.0 -15.555
19.0 -15.17
19.0 -12.09
19.0 -14.52
19.0 -14.72
19.0 -20.33
19.0 -18.25
19.0 -16.705
19.0 -15.54
19.0 -14.075
19.0 -11.185
19.0 -18.665
19.0 -18.155
19.0 -14.1
19.0 -16.675
19.0 -16.15
19.0 -17.775
19.0 -13.5
19.0 -13.505
19.0 -13.565
19.0 -15.64
19.0 -16.41
19.0 -17.79
19.0 -16.86
19.0 -18.23
19.0 -13.115
19.0 -14.525
19.0 -13.535
19.0 -15.31
19.0 -16.76
19.0 -16.19
19.0 -17.59
19.0 -17.48
19.0 -16.61
19.0 -17.175
19.0 -17.35
19.0 -16.29
19.0 -14.49
19.0 -10.03
19.0 -10.975
19.0 -16.695
19.0 -13.705
19.0 -15.165
19.0 -13.94
19.0 -12.435
19.0 -13.36
19.0 -13.3
19.0 -15.045
19.0 -13.62
19.0 -14.795
19.0 -15.04
19.0 -19.02
19.0 -18.02
19.0 -13.9
19.0 -22.445
19.0 -17.005
19.0 -11.94
19.0 -15.775
19.0 -16.105
19.0 -13.85
19.0 -15.205
19.0 -13.705
19.0 -16.36
19.0 -16.685
19.0 -17.75
19.0 -19.31
19.0 -15.945
19.0 -17.61
19.0 -13.75
19.0 -12.065
19.0 -13.78
19.0 -17.835
19.0 -15.945
19.0 -12.075
19.0 -13.145
19.0 -11.965
19.0 -15.655
19.0 -17.905
19.0 -18.88
19.0 -11.105
19.0 -15.19
19.0 -14.675
19.0 -12.88
19.0 -16.825
19.0 -19.885
19.0 -13.695
19.0 -15.65
19.0 -14.56
19.0 -13.82
19.0 -13.485
19.0 -15.13
19.0 -14.405
19.0 -13.24
19.0 -15.325
19.0 -17.08
19.0 -14.925
19.0 -15.14
19.0 -15.895
19.0 -17.35
19.0 -14.695
19.0 -15.41
19.0 -13.53
19.0 -12.975
19.0 -11.645
19.0 -12.705
19.0 -12.815
19.0 -17.51
19.0 -16.9
19.0 -18.04
19.0 -17.88
19.0 -14.085
19.0 -14.395
19.0 -17.94
19.0 -19.29
19.0 -14.375
19.0 -15.555
19.0 -14.265
19.0 -16.915
19.0 -16.04
19.0 -15.655
19.0 -14.575
19.0 -17.595
19.0 -15.59
19.0 -16.225
19.0 -17.495
19.0 -17.105
19.0 -15.59
19.0 -13.37
19.0 -11.48
19.0 -12.94
19.0 -18.36
19.0 -14.13
19.0 -15.66
19.0 -16.415
19.0 -14.6
19.0 -13.2
19.0 -16.125
19.0 -17.075
19.0 -14.98
19.0 -17.38
19.0 -17.115
19.0 -16.885
19.0 -16.65
19.0 -16.285
19.0 -15.815
19.0 -15.34
19.0 -19.29
19.0 -17.025
19.0 -16.99
19.0 -18.285
19.0 -17.975
19.0 -12.845
19.0 -15.86
19.0 -14.815
19.0 -12.755
19.0 -13.885
19.0 -17.805
19.0 -12.645
19.0 -15.38
19.0 -13.89
19.0 -12.535
19.0 -15.54
19.0 -13.57
19.0 -14.06
19.0 -15.81
19.0 -16.195
19.0 -16.37
19.0 -14.72
19.0 -13.86
19.0 -11.755
19.0 -13.355
19.0 -11.585
19.0 -12.725
19.0 -17.565
19.0 -15.475
19.0 -15.73
19.0 -11.635
19.0 -17.285
19.0 -17.44
19.0 -18.135
19.0 -14.29
19.0 -14.955
19.0 -18.64
19.0 -13.245
19.0 -12.94
19.0 -15.81
19.0 -16.26
19.0 -18.215
19.0 -16.565
19.0 -16.0
19.0 -17.045
19.0 -17.91
19.0 -17.195
19.0 -16.35
19.0 -17.27
19.0 -13.255
19.0 -14.105
19.0 -15.28
19.0 -13.29
19.0 -14.015
19.0 -11.315
19.0 -15.35
19.0 -16.275
19.0 -13.87
19.0 -13.775
19.0 -12.335
19.0 -12.485
19.0 -13.045
19.0 -16.495
19.0 -16.025
19.0 -14.415
19.0 -18.205
19.0 -14.985
19.0 -14.38
19.0 -11.2
19.0 -11.215
19.0 -17.29
19.0 -21.695
19.0 -20.195
19.0 -17.31
19.0 -15.66
19.0 -17.175
19.0 -15.785
19.0 -19.74
19.0 -14.57
19.0 -15.615
19.0 -13.77
19.0 -12.365
19.0 -15.315
19.0 -14.9
19.0 -16.005
19.0 -16.41
19.0 -16.29
19.0 -13.89
19.0 -16.995
19.0 -12.95
19.0 -15.45
19.0 -17.665
19.0 -17.44
19.0 -13.845
19.0 -14.26
19.0 -15.335
19.0 -13.405
500
0.0 -41.31
9.0 -21.695
11.0 -19.405
13.0 -18.7
13.5 -15.245
13.5 -14.475
14.0 -17.04
14.0 -15.42
14.0 -13.875
14.0 -15.025
14.0 -16.305
14.0 -15.52
14.0 -20.7
14.0 -15.07
14.0 -17.595
14.0 -14.965
14.0 -11.535
14.0 -12.525
14.0 -13.83
14.0 -18.675
14.0 -17.48
16.0 -14.49
16.0 -13.41
16.0 -15.8
16.0 -13.455
16.0 -14.515
16.0 -16.36
16.0 -16.42
16.0 -13.93
16.0 -13.77
16.0 -15.135
16.0 -13.415
16.0 -13.88
16.0 -15.65
16.0 -15.51
16.0 -20.75
17.0 -15.91
17.0 -15.455
17.0 -15.615
17.0 -19.705
17.0 -17.365
17.0 -16.51
17.0 -16.855
17.0 -14.95
17.0 -16.985
17.0 -16.54
17.0 -18.625
17.0 -17.745
17.0 -17.505
17.0 -15.905
17.0 -20.5
17.0 -16.435
17.0 -16.24
17.0 -13.27
17.0 -14.135
17.0 -17.09
17.0 -14.97
17.0 -14.845
17.0 -14.45
17.0 -13.48
17.0 -14.455
17.0 -16.445
17.0 -13.61
17.0 -16.02
17.0 -17.09
17.0 -21.265
17.0 -14.32
17.0 -14.14
17.0 -16.93
17.0 -15.145
17.0 -16.36
17.0 -15.215
17.0 -13.58
17.0 -14.725
17.0 -18.2
17.5 -13.225
17.5 -16.275
17.5 -14.89
17.5 -18.495
17.5 -14.145
17.5 -14.91
17.5 -16.485
17.5 -14.68
17.5 -19.81
17.5 -16.46
17.5 -16.355
17.5 -16.595
17.5 -13.315
17.5 -14.6
17.5 -16.295
17.5 -16.67
17.5 -14.445
17.5 -17.885
17.5 -16.065
17.5 -17.96
17.5 -17.875
17.5 -14.765
17.5 -14.015
17.5 -15.495
17.5 -15.745
17.5 -15.81
17.5 -11.09
17.5 -14.44
17.5 -10.565
17.5 -13.3
17.5 -13.095
17.5 -14.925
17.5 -14.4
17.5 -14.115
17.5 -14.77
17.5 -15.025
17.5 -16.36
17.5 -17.75
17.5 -19.005
17.5 -18.695
17.5 -17.62
17.5 -16.41
17.5 -13.21
17.5 -14.425
17.5 -16.125
17.5 -15.55
17.5 -17.49
17.5 -17.555
17.5 -15.905
17.5 -14.25
17.5 -21.4
17.5 -17.285
17.5 -18.475
17.5 -13.595
17.5 -15.825
17.5 -20.41
17.5 -17.905
17.5 -15.72
17.5 -14.695
17.5 -13.745
17.5 -14.5
17.5 -14.485
17.5 -16.6
17.5 -16.615
17.5 -14.01
17.5 -13.565
17.5 -15.19
17.5 -15.845
17.5 -17.62
17.5 -18.87
17.5 -17.715
17.5 -15.38
17.5 -14.41
17.5 -13.28
17.5 -16.61
17.5 -16.875
17.5 -21.945
17.5 -20.545
17.5 -17.385
17.5 -14.345
17.5 -13.795
17.5 -18.385
17.5 -17.83
17.5 -16.765
17.5 -18.695
17.5 -20.725
17.5 -14.495
17.5 -19.09
17.5 -14.605
17.5 -17.235
17.5 -14.465
17.5 -20.465
17.5 -18.705
17.5 -16.8
17.5 -17.375
17.5 -17.38
17.5 -18.78
17.5 -16.72
17.5 -12.68
17.5 -19.9
17.5 -18.37
17.5 -16.035
17.5 -16.375
17.5 -14.045
17.5 -14.47
17.5 -17.21
17.5 -16.445
17.5 -14.265
17.5 -16.595
17.5 -18.155
17.5 -17.89
17.5 -18.88
17.5 -16.3
17.5 -17.53
17.5 -10.46
17.5 -10.475
17.5 -15.1
17.5 -17.31
17.5 -14.71
17.5 -16.04
17.5 -16.59
17.5 -14.095
18.0 -10.595
18.0 -16.86
18.0 -16.03
18.0 -13.545
18.0 -12.74
18.0 -15.33
18.0 -15.01
18.0 -14.585
18.0 -19.265
18.0 -15.91
18.0 -11.98
18.0 -12.595
18.0 -14.625
18.0 -14.725
18.0 -15.93
18.0 -18.055
18.0 -17.475
18.0 -16.86
18.0 -11.665
18.0 -13.355
18.0 -14.6
18.0 -14.02
18.0 -13.385
18.0 -15.785
18.0 -19.285
18.0 -12.445
18.0 -14.83
18.0 -14.595
18.0 -15.775
18.0 -15.835
18.0 -16.31
18.0 -18.185
18.0 -16.115
18.0 -17.335
18.0 -16.64
18.0 -18.34
18.0 -17.37
18.0 -17.845
18.0 -16.445
18.0 -16.57
18.0 -13.555
18.0 -13.455
18.0 -13.22
18.0 -14.53
18.0 -15.905
18.0 -15.085
18.0 -13.42
18.0 -19.36
18.0 -17.015
18.0 -14.595
18.0 -16.69
18.0 -16.895
18.0 -14.67
18.0 -12.71
18.0 -11.29
18.0 -13.035
18.0 -19.4
18.0 -15.77
18.0 -10.695
18.0 -16.075
18.0 -17.845
18.0 -17.545
18.0 -14.245
18.0 -15.055
18.0 -17.505
18.0 -18.845
18.0 -14.92
18.0 -11.15
18.0 -16.55
18.0 -13.485
18.0 -8.385
18.0 -15.24
18.0 -16.815
18.0 -16.77
18.0 -15.07
18.0 -14.675
18.0 -15.685
18.0 -17.42
18.0 -12.225
18.0 -13.52
18.0 -15.43
18.0 -15.385
18.0 -18.27
18.0 -13.48
18.0 -16.69
18.0 -14.76
18.0 -15.935
18.0 -14.005
18.0 -12.515
18.0 -15.035
18.0 -17.79
18.0 -16.03
18.0 -15.885
18.0 -14.99
18.0 -17.405
18.0 -17.21
18.0 -13.625
18.0 -12.87
18.0 -14.055
18.0 -16.705
18.0 -15.175
18.0 -15.895
18.0 -17.86
18.0 -18.035
18.0 -19.765
18.0 -14.97
18.0 -17.14
18.0 -14.8
18.0 -16.56
18.0 -18.605
18.0 -16.04
18.0 -14.335
18.0 -16.68
18.0 -17.5
18.0 -16.625
18.0 -17.27
18.0 -15.765
18.0 -15.215
18.0 -14.02
18.0 -15.215
18.0 -16.535
18.0 -14.84
18.0 -16.45
18.0 -15.035
18.0 -13.045
18.0 -15.48
18.0 -16.715
18.0 -18.515
18.0 -18.115
18.0 -19.34
18.0 -12.41
18.0 -17.165
18.0 -12.59
18.0 -17.495
18.0 -14.175
18.0 -15.195
18.0 -15.955
18.0 -19.365
18.0 -12.42
18.0 -17.77
18.0 -17.205
18.0 -11.975
18.0 -15.885
18.0 -18.195
18.0 -14.21
18.5 -11.62
18.5 -16.725
18.5 -15.26
18.5 -16.11
18.5 -13.19
18.5 -12.755
18.5 -17.46
18.5 -19.4
18.5 -18.915
18.5 -17.645
18.5 -15.78
18.5 -14.715
18.5 -12.085
18.5 -16.845
18.5 -15.15
18.5 -15.96
18.5 -16.23
18.5 -17.835
18.5 -17.11
18.5 -18.3
18.5 -13.23
18.5 -11.27
18.5 -11.08
18.5 -12.0
18.5 -18.53
18.5 -16.09
18.5 -15.875
18.5 -15.865
18.5 -13.67
18.5 -18.175
18.5 -15.82
18.5 -18.155
18.5 -16.05
18.5 -14.29
18.5 -15.725
18.5 -15.035
18.5 -12.905
18.5 -15.035
18.5 -15.29
18.5 -14.625
18.5 -15.465
18.5 -16.87
18.5 -12.865
18.5 -17.43
18.5 -14.315
18.5 -14.465
18.5 -14.425
18.5 -16.13
18.5 -17.33
18.5 -16.18
18.5 -14.14
18.5 -15.64
18.5 -15.87
18.5 -16.235
18.5 -11.755
18.5 -17.22
18.5 -15.36
18.5 -16.585
18.5 -18.91
18.5 -18.12
18.5 -11.685
18.5 -14.7
18.5 -16.21
18.5 -15.32
18.5 -16.7
18.5 -19.36
18.5 -16.095
18.5 -12.935
18.5 -17.045
18.5 -14.595
18.5 -19.665
18.5 -18.135
18.5 -13.93
18.5 -14.965
18.5 -15.225
18.5 -14.75
18.5 -14.55
18.5 -15.97
18.5 -14.885
18.5 -15.275
18.5 -16.865
18.5 -17.485
18.5 -17.77
18.5 -14.45
18.5 -14.345
18.5 -11.695
18.5 -14.095
18.5 -12.37
18.5 -14.35
18.5 -20.315
18.5 -19.21
18.5 -17.245
18.5 -17.895
18.5 -16.95
18.5 -15.09
18.5 -13.03
18.5 -15.72
18.5 -18.29
18.5 -18.325
18.5 -17.065
18.5 -14.11
18.5 -14.595
18.5 -14.88
18.5 -14.93
18.5 -13.09
18.5 -10.43
18.5 -15.235
18.5 -13.33
18.5 -15.6
18.5 -15.405
18.5 -14.115
18.5 -15.79
18.5 -15.82
18.5 -13.06
18.5 -16.835
18.5 -15.08
18.5 -15.52
18.5 -16.22
18.5 -17.75
18.5 -16.945
18.5 -20.795
18.5 -17.925
18.5 -16.64
18.5 -13.355
18.5 -17.32
18.5 -16.13
18.5 -13.465
18.5 -16.62
18.5 -13.73
18.5 -14.15
18.5 -19.725
18.5 -18.0
18.5 -17.44
18.5 -18.015
18.5 -15.51
18.5 -15.4
18.5 -12.99
18.5 -14.57
18.5 -16.41
18.5 -17.585
18.5 -13.71
18.5 -14.055
18.5 -18.115
18.5 -15.56
18.5 -15.39
18.5 -17.455
18.5 -17.945
18.5 -18.205
18.5 -17.53
18.5 -17.845
18.5 -12.33
18.5 -13.325
18.5 -17.56
18.5 -18.825
18.5 -15.38
18.5 -14.17
18.5 -15.39
18.5 -13.99
500
5.0 -34.275
11.5 -22.695
11.5 -18.695
16.5 -15.7
16.5 -15.86
16.5 -15.57
16.5 -17.1
16.5 -15.54
16.5 -14.08
16.5 -16.4
16.5 -16.175
16.5 -15.09
16.5 -16.71
16.5 -12.29
16.5 -14.975
16.5 -15.165
16.5 -12.085
17.0 -14.31
17.5 -15.29
17.5 -15.015
17.5 -17.575
17.5 -14.675
17.5 -16.685
17.5 -17.075
17.5 -15.865
17.5 -13.925
17.5 -16.33
17.5 -16.545
17.5 -13.315
17.5 -20.21
17.5 -22.735
17.5 -17.525
17.5 -14.61
17.5 -16.51
17.5 -14.85
17.5 -14.48
17.5 -14.71
17.5 -20.17
17.5 -17.755
17.5 -14.785
17.5 -11.92
17.5 -13.565
17.5 -13.74
17.5 -12.76
17.5 -11.575
17.5 -14.91
17.5 -17.975
17.5 -17.035
17.5 -15.08
17.5 -15.985
17.5 -16.575
17.5 -18.155
17.5 -15.685
17.5 -17.59
17.5 -16.605
17.5 -13.835
17.5 -15.01
17.5 -11.495
17.5 -16.95
17.5 -16.995
17.5 -17.355
17.5 -14.08
17.5 -15.785
17.5 -16.64
17.5 -16.275
17.5 -13.13
17.5 -13.83
17.5 -18.145
17.5 -19.23
17.5 -18.795
17.5 -14.375
17.5 -11.465
17.5 -18.635
17.5 -14.635
17.5 -14.49
17.5 -14.37
17.5 -16.49
17.5 -13.74
17.5 -17.8
17.5 -18.97
17.5 -21.97
17.5 -20.6
17.5 -19.045
17.5 -16.785
17.5 -16.345
17.5 -12.16
17.5 -15.32
17.5 -15.4
17.5 -16.365
17.5 -16.225
17.5 -16.065
17.5 -16.015
17.5 -16.535
17.5 -19.225
17.5 -21.455
17.5 -17.59
17.5 -13.78
17.5 -11.155
17.5 -13.145
17.5 -18.505
17.5 -15.715
17.5 -16.18
17.5 -15.785
17.5 -19.75
17.5 -16.36
17.5 -16.58
17.5 -16.595
17.5 -18.415
17.5 -20.255
17.5 -16.265
17.5 -15.02
17.5 -17.165
17.5 -15.79
17.5 -15.785
17.5 -17.5
17.5 -16.075
17.5 -17.415
17.5 -18.625
17.5 -19.6
17.5 -17.28
17.5 -16.775
17.5 -14.995
17.5 -16.78
17.5 -15.56
17.5 -19.515
17.5 -16.335
17.5 -15.505
17.5 -14.295
17.5 -15.92
17.5 -19.715
17.5 -19.195
17.5 -17.175
17.5 -12.275
17.5 -16.835
17.5 -16.51
17.5 -12.03
17.5 -16.69
17.5 -17.38
17.5 -18.3
17.5 -14.51
17.5 -17.555
17.5 -15.05
17.5 -18.98
17.5 -20.535
17.5 -18.24
17.5 -14.01
17.5 -17.225
17.5 -18.07
17.5 -17.4
17.5 -13.86
17.5 -13.205
17.5 -12.815
17.5 -15.76
17.5 -16.465
17.5 -17.37
17.5 -14.295
17.5 -14.34
17.5 -16.645
17.5 -12.905
17.5 -15.46
17.5 -18.425
17.5 -19.29
17.5 -19.875
17.5 -16.52
17.5 -17.76
17.5 -16.525
17.5 -15.755
17.5 -15.065
17.5 -9.43
17.5 -15.795
17.5 -15.975
17.5 -16.955
17.5 -13.085
17.5 -13.465
17.5 -15.665
17.5 -15.76
17.5 -16.41
17.5 -16.675
17.5 -20.275
17.5 -17.585
17.5 -19.225
17.5 -12.795
17.5 -17.075
17.5 -18.06
17.5 -20.68
17.5 -21.525
17.5 -19.735
17.5 -17.305
17.5 -16.075
17.5 -14.795
17.5 -12.58
17.5 -14.48
17.5 -15.08
17.5 -14.16
17.5 -13.42
17.5 -16.065
17.5 -19.275
17.5 -19.755
17.5 -17.325
17.5 -15.325
17.5 -11.445
17.5 -15.505
17.5 -17.49
17.5 -18.215
17.5 -14.915
17.5 -15.28
17.5 -16.33
17.5 -14.035
17.5 -15.15
17.5 -14.615
17.5 -11.26
17.5 -13.59
17.5 -15.38
17.5 -18.185
17.5 -18.755
17.5 -17.295
17.5 -17.48
17.5 -13.07
17.5 -9.07
17.5 -16.305
17.5 -13.785
17.5 -13.905
17.5 -15.24
17.5 -17.285
17.5 -14.62
17.5 -16.955
17.5 -14.945
17.5 -16.185
17.5 -15.115
17.5 -15.8
17.5 -13.88
17.5 -13.67
17.5 -17.085
17.5 -16.975
17.5 -16.295
17.5 -18.905
17.5 -16.325
17.5 -15.78
17.5 -14.785
17.5 -14.08
17.5 -14.84
17.5 -17.045
17.5 -19.565
17.5 -16.345
17.5 -18.305
17.5 -19.43
17.5 -19.98
17.5 -15.93
17.5 -16.385
19.5 -13.515
19.5 -17.475
19.5 -20.1
19.5 -16.67
19.5 -15.05
19.5 -12.165
19.5 -16.215
19.5 -18.94
19.5 -15.95
19.5 -15.21
19.5 -17.545
19.5 -14.02
19.5 -12.72
19.5 -11.615
19.5 -15.82
19.5 -18.125
19.5 -18.11
19.5 -15.305
19.5 -13.395
19.5 -16.755
19.5 -14.095
19.5 -17.38
19.5 -13.77
19.5 -12.81
19.5 -17.07
19.5 -17.96
19.5 -12.53
19.5 -15.53
19.5 -17.595
19.5 -16.71
19.5 -17.3
19.5 -15.515
19.5 -17.57
19.5 -16.025
19.5 -15.475
19.5 -13.615
19.5 -17.405
19.5 -15.455
19.5 -15.325
19.5 -17.48
19.5 -14.285
19.5 -12.515
19.5 -14.245
19.5 -19.325
19.5 -16.165
19.5 -18.055
19.5 -18.115
19.5 -14.69
19.5 -17.225
19.5 -14.05
19.5 -16.145
19.5 -11.445
19.5 -18.58
19.5 -12.935
19.5 -12.36
19.5 -16.3
19.5 -17.98
19.5 -18.65
19.5 -18.565
19.5 -17.72
19.5 -19.865
19.5 -16.125
19.5 -16.48
19.5 -12.92
19.5 -16.4
19.5 -16.075
19.5 -15.955
19.5 -16.14
19.5 -15.445
19.5 -16.025
19.5 -14.91
19.5 -15.35
19.5 -20.625
19.5 -18.565
19.5 -18.23
19.5 -17.26
19.5 -16.88
19.5 -11.595
19.5 -12.615
19.5 -14.325
19.5 -18.68
19.5 -15.595
19.5 -14.855
19.5 -14.695
19.5 -13.14
19.5 -13.885
19.5 -16.455
19.5 -16.71
19.5 -18.905
19.5 -16.635
19.5 -16.765
19.5 -15.56
19.5 -17.09
19.5 -14.475
19.5 -10.685
19.5 -16.675
19.5 -16.705
19.5 -16.435
19.5 -16.3
19.5 -16.215
19.5 -16.355
19.5 -16.51
19.5 -15.66
19.5 -18.305
19.5 -18.35
19.5 -18.69
19.5 -19.42
19.5 -17.96
19.5 -16.13
19.5 -24.215
19.5 -19.695
19.5 -14.12
19.5 -14.48
19.5 -13.315
19.5 -17.98
19.5 -17.27
19.5 -13.035
19.5 -15.78
19.5 -15.645
19.5 -17.98
19.5 -15.11
19.5 -16.02
19.5 -14.395
19.5 -11.93
19.5 -18.52
19.5 -14.445
19.5 -19.655
19.5 -17.7
19.5 -22.44
19.5 -16.49
19.5 -14.33
19.5 -15.335
19.5 -14.795
19.5 -12.37
19.5 -17.59
19.5 -18.83
19.5 -18.74
19.5 -14.92
19.5 -18.2
19.5 -18.29
19.5 -16.875
19.5 -13.705
19.5 -13.745
19.5 -17.17
19.5 -22.315
19.5 -17.5
19.5 -16.635
19.5 -15.51
19.5 -17.025
19.5 -13.405
19.5 -11.285
19.5 -13.96
19.5 -12.56
19.5 -13.295
19.5 -14.12
19.5 -16.465
19.5 -12.805
19.5 -15.085
19.5 -17.07
19.5 -18.1
19.5 -13.5
19.5 -16.875
19.5 -16.665
19.5 -18.58
19.5 -19.715
19.5 -16.42
19.5 -19.13
19.5 -15.09
19.5 -13.495
19.5 -14.12
19.5 -14.13
19.5 -14.03
19.5 -12.765
19.5 -16.605
19.5 -13.165
19.5 -12.915
19.5 -14.625
19.5 -14.765
19.5 -16.865
19.5 -14.6
19.5 -12.455
19.5 -13.325
19.5 -14.93
19.5 -16.415
19.5 -15.425
19.5 -17.255
19.5 -15.885
19.5 -15.055
19.5 -12.755
19.5 -12.225
19.5 -14.355
19.5 -18.015
19.5 -15.655
19.5 -14.78
19.5 -16.215
19.5 -13.545
19.5 -15.15
19.5 -16.565
19.5 -13.725
19.5 -13.455
19.5 -14.975
19.5 -12.68
19.5 -12.815
19.5 -14.21
19.5 -14.435
19.5 -14.88
19.5 -15.61
19.5 -17.425
19.5 -11.905
19.5 -12.975
19.5 -14.345
19.5 -18.615
19.5 -15.895
19.5 -17.52
19.5 -14.285
19.5 -17.05
19.5 -17.355
19.5 -18.13
19.5 -16.25
19.5 -15.33
19.5 -14.22
19.5 -13.9
19.5 -18.13
19.5 -13.43
19.5 -12.485
19.5 -16.46
19.5 -17.24
19.5 -17.82
19.5 -12.675
19.5 -14.085
19.5 -13.33
19.5 -10.03
19.5 -15.755
19.5 -16.475
19.5 -17.88
19.5 -17.625
19.5 -16.835
19.5 -16.825
19.5 -17.225
19.5 -15.61
19.5 -16.655
19.5 -19.23
19.5 -15.95
19.5 -14.04
19.5 -16.16
19.5 -15.2
19.5 -13.215
19.5 -15.18
19.5 -14.225
19.5 -14.68
19.5 -12.35
500
10.0 -36.0
10.0 -23.49
13.0 -21.95
13.0 -21.66
13.0 -18.045
13.0 -14.84
13.0 -16.705
13.0 -11.975
13.0 -15.13
13.0 -14.615
13.0 -17.045
13.0 -20.345
13.0 -16.98
13.0 -17.945
13.0 -15.29
13.0 -16.835
13.0 -20.22
13.0 -14.69
13.0 -17.245
13.0 -17.85
13.0 -12.37
13.0 -16.365
13.5 -15.29
13.5 -16.135
13.5 -16.965
14.5 -16.66
16.0 -12.62
16.0 -11.68
16.0 -17.155
16.0 -16.345
16.0 -18.14
16.0 -12.37
16.0 -16.03
16.0 -18.405
16.0 -15.6
16.0 -19.845
16.0 -18.735
16.0 -15.635
16.0 -18.155
16.0 -16.58
16.0 -13.515
16.0 -16.86
16.0 -20.585
16.0 -17.26
16.0 -17.16
16.0 -19.955
16.0 -16.85
16.0 -16.13
16.0 -16.57
16.0 -18.635
16.0 -15.78
16.0 -16.93
16.5 -14.505
16.5 -16.945
16.5 -14.29
16.5 -12.92
16.5 -11.165
16.5 -13.775
16.5 -14.325
16.5 -13.815
16.5 -14.74
16.5 -14.805
16.5 -13.59
16.5 -17.68
16.5 -15.93
16.5 -15.105
16.5 -16.02
16.5 -15.725
16.5 -15.37
16.5 -15.11
16.5 -14.85
16.5 -12.965
16.5 -18.66
16.5 -16.26
16.5 -15.03
16.5 -13.685
16.5 -13.855
16.5 -14.58
16.5 -15.545
16.5 -11.595
16.5 -13.8
16.5 -15.83
16.5 -16.675
16.5 -16.085
16.5 -14.415
16.5 -15.835
16.5 -13.455
16.5 -16.13
16.5 -17.14
16.5 -12.215
16.5 -12.635
16.5 -13.58
16.5 -12.875
16.5 -13.585
16.5 -14.015
16.5 -15.02
16.5 -14.62
16.5 -13.29
17.0 -12.75
17.0 -10.21
17.0 -14.805
17.0 -14.595
17.0 -14.21
17.0 -12.495
17.0 -14.285
17.0 -17.605
17.0 -16.87
17.0 -11.6
17.0 -14.665
17.0 -16.27
17.0 -10.775
17.0 -12.86
17.0 -14.295
17.0 -14.235
17.0 -13.08
17.0 -16.545
17.0 -23.26
17.0 -21.445
17.0 -12.135
17.0 -15.21
17.0 -12.85
17.0 -18.485
17.0 -16.3
17.0 -16.675
17.0 -16.12
17.0 -17.925
17.0 -15.515
17.0 -15.615
17.0 -14.83
17.0 -11.765
17.0 -12.375
17.0 -14.005
17.0 -15.755
17.0 -15.245
17.0 -14.485
17.0 -13.07
17.0 -12.745
17.0 -15.19
17.0 -13.175
17.0 -15.205
17.0 -15.985
17.0 -15.735
17.0 -16.13
17.0 -16.295
17.0 -15.305
17.0 -19.345
17.0 -14.44
17.0 -11.885
17.0 -15.535
17.0 -21.695
17.0 -17.065
17.0 -17.17
17.0 -16.165
17.0 -12.76
17.0 -13.91
17.0 -17.33
17.0 -18.42
17.0 -19.075
17.0 -19.275
17.0 -14.47
17.0 -13.875
17.0 -14.64
17.0 -15.095
17.0 -15.825
17.0 -16.495
17.0 -20.24
17.0 -18.98
17.0 -19.03
17.0 -17.91
17.0 -16.29
17.0 -16.965
17.0 -18.52
17.0 -17.93
17.0 -12.98
17.0 -14.83
17.0 -15.065
17.0 -15.495
17.0 -14.46
17.0 -16.665
17.0 -12.655
17.0 -13.66
17.0 -16.27
17.0 -17.195
17.0 -16.615
17.0 -15.925
17.0 -15.39
17.0 -16.305
17.0 -17.66
17.0 -17.93
17.0 -17.145
17.0 -15.965
17.0 -13.265
17.0 -18.93
17.0 -14.295
17.0 -14.675
17.0 -13.51
17.0 -19.48
17.0 -18.615
17.0 -17.645
17.0 -13.78
17.0 -15.635
17.0 -13.715
17.0 -12.88
17.0 -15.47
17.0 -16.47
17.0 -14.23
17.0 -16.535
17.0 -20.05
17.0 -17.71
17.0 -22.52
17.0 -19.32
17.0 -14.925
17.0 -18.04
17.0 -18.64
17.0 -17.35
17.0 -16.97
17.0 -14.18
17.0 -15.65
17.0 -15.175
17.0 -18.065
17.0 -22.91
17.0 -16.155
17.0 -15.99
17.0 -19.28
17.0 -12.505
17.0 -10.665
17.0 -19.405
17.0 -15.205
17.0 -19.53
17.0 -17.51
17.0 -17.485
17.0 -13.295
17.0 -14.11
17.0 -20.79
17.0 -16.14
17.0 -13.505
17.0 -14.79
17.0 -16.615
17.0 -17.845
17.0 -13.03
17.0 -16.015
17.0 -16.815
17.0 -16.38
17.0 -17.75
17.0 -13.595
17.0 -13.5
17.0 -15.365
17.0 -15.325
17.0 -15.75
17.0 -16.41
17.0 -17.01
17.0 -19.18
17.0 -16.975
17.0 -19.81
17.0 -18.75
17.0 -18.245
17.0 -19.93
17.0 -18.42
17.0 -15.3
17.0 -16.455
17.0 -19.305
17.0 -14.25
17.0 -16.725
17.0 -15.265
17.0 -16.835
17.0 -15.085
17.0 -16.42
17.0 -17.58
17.0 -16.8
17.0 -15.5
17.0 -16.525
17.0 -21.3
17.0 -15.685
17.0 -16.67
17.0 -17.225
17.0 -17.13
17.0 -17.28
17.0 -16.685
17.0 -15.185
17.0 -18.76
17.0 -19.42
17.0 -20.895
17.0 -14.135
17.0 -15.845
17.0 -17.355
17.0 -18.45
17.0 -18.115
17.0 -17.21
17.0 -17.815
17.0 -13.525
17.0 -14.005
17.0 -15.085
17.0 -9.315
17.0 -14.26
17.0 -14.055
17.0 -12.29
17.0 -14.815
17.0 -15.675
17.0 -17.965
17.0 -17.975
17.0 -16.995
17.0 -14.475
17.0 -15.045
17.0 -15.5
17.0 -15.165
17.0 -19.355
17.0 -16.43
17.0 -20.265
17.5 -18.97
17.5 -19.29
17.5 -14.59
17.5 -17.415
17.5 -17.865
17.5 -15.325
17.5 -15.8
17.5 -23.165
17.5 -16.74
17.5 -15.7
17.5 -15.67
17.5 -17.485
17.5 -15.82
17.5 -19.875
17.5 -18.14
17.5 -19.015
17.5 -15.655
17.5 -16.215
17.5 -15.14
17.5 -14.135
17.5 -13.61
17.5 -13.525
17.5 -18.775
17.5 -13.61
17.5 -12.855
17.5 -15.99
17.5 -13.305
17.5 -16.885
17.5 -19.175
17.5 -19.115
17.5 -17.125
17.5 -16.38
17.5 -13.54
17.5 -17.27
17.5 -11.735
17.5 -16.185
17.5 -15.615
17.5 -14.98
17.5 -15.315
17.5 -17.34
17.5 -16.125
17.5 -15.31
17.5 -16.4
17.5 -15.845
17.5 -14.065
17.5 -14.48
17.5 -12.1
17.5 -18.63
17.5 -14.545
17.5 -15.77
17.5 -19.175
17.5 -14.98
17.5 -15.425
17.5 -15.83
17.5 -15.2
17.5 -16.83
17.5 -13.48
17.5 -12.535
17.5 -15.705
17.5 -16.535
17.5 -17.055
17.5 -13.095
17.5 -15.385
17.5 -16.8
17.5 -17.005
17.5 -13.18
17.5 -14.555
17.5 -14.225
17.5 -14.74
17.5 -14.24
17.5 -18.13
17.5 -13.16
17.5 -15.805
17.5 -17.915
17.5 -22.385
17.5 -17.915
17.5 -14.635
17.5 -16.125
17.5 -14.68
17.5 -14.115
17.5 -12.91
18.0 -15.335
18.0 -13.87
18.0 -15.59
18.0 -16.66
18.0 -13.295
18.0 -16.97
18.0 -13.865
18.0 -14.475
18.0 -15.165
18.0 -19.36
18.0 -19.74
18.0 -16.85
18.0 -17.78
18.0 -17.485
18.0 -16.335
18.0 -16.795
18.0 -15.99
18.0 -16.24
18.0 -18.85
18.0 -18.53
18.0 -17.125
18.0 -14.275
18.0 -15.91
18.0 -16.31
18.0 -15.255
18.0 -15.275
18.0 -16.385
18.0 -16.52
18.0 -14.26
18.0 -13.34
18.0 -18.95
18.0 -12.665
18.0 -14.245
18.0 -14.06
18.0 -13.51
18.0 -14.185
18.0 -13.945
18.0 -11.59
18.0 -15.31
18.0 -14.57
18.0 -16.425
18.0 -15.085
18.0 -13.06
18.0 -17.1
18.0 -16.735
18.0 -17.015
18.0 -15.67
18.0 -16.195
18.0 -14.545
18.0 -18.08
18.0 -16.585
18.0 -18.795
18.0 -17.815
18.0 -15.925
18.0 -14.37
18.0 -20.88
18.0 -21.0
18.0 -18.96
18.0 -18.19
18.0 -17.065
18.0 -16.385
18.0 -12.085
18.0 -18.395
18.0 -18.855
18.0 -15.21
18.0 -16.905
18.0 -16.505
18.0 -12.75
18.0 -14.17
18.0 -16.85
18.0 -18.45
18.0 -16.375
18.0 -18.34
18.0 -14.83
18.0 -12.82
18.0 -16.96
18.0 -16.37
18.0 -16.94
18.0 -14.525
18.0 -13.105
18.0 -17.495
18.0 -16.035
18.0 -17.15
18.0 -13.165
18.0 -17.865
18.0 -20.035
18.0 -15.23
18.0 -17.375
18.0 -19.495
18.0 -17.175
18.0 -14.495
18.0 -18.82
18.0 -20.105
18.0 -18.945
18.0 -16.54
18.0 -17.965
18.0 -12.875
18.0 -16.56
18.0 -16.045
18.0 -23.45
18.0 -22.695
18.0 -18.25
18.0 -20.46
18.0 -14.47
18.0 -15.055
18.0 -15.57
18.0 -12.0
18.0 -12.58
18.0 -15.6
18.0 -18.705
18.0 -19.275
500
8.0 -40.03
8.0 -25.2
10.5 -23.67
15.0 -25.325
15.0 -21.46
15.0 -16.7
15.0 -18.525
15.0 -18.77
15.0 -16.205
15.0 -16.0
15.0 -14.61
15.0 -12.215
15.0 -16.445
15.0 -16.95
15.0 -17.715
15.0 -24.245
15.0 -23.235
15.0 -19.065
15.0 -19.095
15.0 -18.415
15.0 -17.27
15.0 -19.01
15.0 -16.945
15.0 -16.825
15.0 -16.68
15.0 -17.535
15.0 -17.29
15.0 -19.99
15.0 -16.8
15.0 -17.29
15.0 -17.175
15.0 -18.755
15.0 -15.075
16.5 -14.54
17.0 -16.76
17.0 -15.335
17.0 -15.51
17.0 -15.125
17.0 -14.305
17.0 -16.215
17.0 -15.365
17.5 -14.35
17.5 -19.765
17.5 -14.86
17.5 -15.63
17.5 -14.585
17.5 -16.75
17.5 -15.75
17.5 -16.705
17.5 -18.425
17.5 -15.445
17.5 -17.41
17.5 -15.07
17.5 -15.95
17.5 -14.775
17.5 -17.08
17.5 -17.88
17.5 -18.97
17.5 -18.445
17.5 -18.13
17.5 -17.03
17.5 -14.075
17.5 -15.84
17.5 -17.365
17.5 -16.985
17.5 -13.355
17.5 -17.935
17.5 -21.315
17.5 -16.64
17.5 -13.325
17.5 -15.775
17.5 -16.24
17.5 -18.485
17.5 -16.15
17.5 -15.445
17.5 -17.815
17.5 -16.71
17.5 -15.635
17.5 -16.525
17.5 -17.345
17.5 -17.585
17.5 -14.855
17.5 -16.885
17.5 -14.69
17.5 -13.545
17.5 -15.585
17.5 -20.175
17.5 -13.94
17.5 -12.76
17.5 -14.405
17.5 -13.48
17.5 -18.955
17.5 -16.38
17.5 -17.38
17.5 -17.605
17.5 -20.405
17.5 -15.585
17.5 -13.84
17.5 -16.47
17.5 -14.195
17.5 -16.1
17.5 -15.995
17.5 -17.825
17.5 -15.685
17.5 -13.11
17.5 -15.86
17.5 -18.675
17.5 -20.775
17.5 -15.675
17.5 -17.075
17.5 -14.705
17.5 -14.85
17.5 -12.615
17.5 -11.605
17.5 -18.37
17.5 -16.39
17.5 -15.23
17.5 -14.49
17.5 -16.04
17.5 -16.455
17.5 -15.785
17.5 -17.23
17.5 -16.285
17.5 -19.26
17.5 -17.61
17.5 -18.945
17.5 -17.075
17.5 -14.89
17.5 -14.69
17.5 -14.44
17.5 -9.905
17.5 -12.435
17.5 -12.605
17.5 -14.025
17.5 -14.125
17.5 -11.155
17.5 -14.505
17.5 -14.665
17.5 -18.84
17.5 -13.3
17.5 -18.23
17.5 -16.415
17.5 -17.275
17.5 -17.935
17.5 -11.445
17.5 -14.295
17.5 -20.825
17.5 -20.685
17.5 -17.18
17.5 -13.925
17.5 -14.04
17.5 -15.035
17.5 -14.405
17.5 -16.13
17.5 -16.225
17.5 -16.75
17.5 -16.635
17.5 -13.775
17.5 -15.32
17.5 -17.585
17.5 -13.135
17.5 -13.22
17.5 -16.485
17.5 -14.3
17.5 -17.29
17.5 -15.05
17.5 -19.455
17.5 -16.615
17.5 -16.06
17.5 -17.3
17.5 -15.065
17.5 -15.615
17.5 -13.505
17.5 -15.885
17.5 -13.64
17.5 -17.84
17.5 -13.155
17.5 -18.08
17.5 -19.22
17.5 -22.7
17.5 -22.25
17.5 -18.405
17.5 -16.475
17.5 -17.84
17.5 -17.665
17.5 -15.06
17.5 -16.095
17.5 -14.67
17.5 -17.12
17.5 -17.28
17.5 -13.42
17.5 -12.915
17.5 -14.18
17.5 -15.89
17.5 -13.18
17.5 -12.385
17.5 -12.42
17.5 -15.145
17.5 -17.745
17.5 -20.205
17.5 -20.305
17.5 -16.21
17.5 -15.825
17.5 -17.675
17.5 -13.61
17.5 -17.245
17.5 -14.16
17.5 -15.79
17.5 -17.045
17.5 -16.625
17.5 -13.015
17.5 -14.53
17.5 -17.445
17.5 -14.715
17.5 -16.88
17.5 -15.395
17.5 -17.185
17.5 -12.71
17.5 -15.135
17.5 -14.885
17.5 -16.3
17.5 -15.625
17.5 -18.8
18.0 -15.535
18.0 -15.955
18.0 -13.685
18.0 -15.51
18.0 -11.97
18.0 -18.75
18.0 -17.23
18.0 -18.985
18.0 -15.13
18.0 -16.38
18.0 -18.415
18.0 -17.745
18.0 -18.145
18.0 -17.245
18.0 -21.12
18.0 -14.545
18.0 -20.035
18.0 -24.805
18.0 -18.07
18.0 -18.025
18.0 -18.225
18.0 -20.965
18.0 -16.64
18.0 -17.72
18.0 -15.505
18.0 -13.715
18.0 -15.035
18.0 -17.995
18.0 -14.975
18.0 -15.385
18.0 -15.345
18.0 -14.43
18.0 -15.535
18.0 -15.15
18.0 -16.29
18.0 -18.91
18.0 -17.685
18.0 -13.45
18.0 -17.725
18.0 -16.295
18.0 -17.57
18.0 -18.74
18.0 -13.45
18.0 -13.92
18.0 -17.18
18.0 -16.82
18.0 -14.16
18.0 -17.34
18.0 -16.735
18.0 -16.365
18.0 -14.87
18.0 -14.86
18.0 -18.71
18.0 -18.25
18.0 -15.89
18.0 -19.26
18.0 -13.045
18.0 -16.38
18.0 -16.115
18.0 -16.51
18.0 -15.055
18.0 -15.885
18.0 -19.055
18.0 -14.71
18.0 -15.525
18.0 -18.24
18.0 -11.55
18.0 -16.55
18.0 -16.745
18.0 -14.97
18.0 -12.135
18.0 -14.99
18.0 -15.535
18.0 -18.975
18.0 -15.59
18.0 -13.435
18.0 -13.68
18.0 -14.795
18.0 -20.455
18.0 -18.795
18.0 -17.965
18.0 -14.415
18.0 -17.95
18.0 -16.125
18.0 -18.17
18.0 -13.925
18.0 -15.975
18.0 -16.435
18.0 -15.36
18.0 -14.915
18.0 -19.455
18.0 -15.68
18.0 -14.345
18.0 -14.405
18.0 -15.565
18.0 -14.755
18.0 -12.825
18.0 -14.67
18.0 -12.265
18.0 -13.645
18.0 -16.38
18.0 -15.15
18.0 -16.84
18.0 -16.545
18.0 -16.15
18.0 -14.945
18.0 -14.56
18.0 -13.725
18.0 -15.96
18.0 -16.065
18.0 -14.57
18.0 -13.56
18.0 -14.475
18.0 -17.95
18.0 -20.975
18.0 -16.25
18.0 -13.695
18.0 -17.035
18.0 -19.275
18.0 -18.57
18.0 -15.135
18.0 -15.675
18.0 -15.445
18.0 -14.07
18.0 -12.125
18.0 -14.975
18.0 -17.155
18.0 -17.79
18.0 -18.95
18.0 -16.71
18.0 -17.985
18.0 -17.685
18.0 -14.715
18.0 -15.51
18.0 -18.425
18.0 -12.795
18.0 -15.305
18.0 -18.945
18.0 -12.88
18.0 -13.275
18.0 -15.515
18.0 -19.465
18.0 -17.865
18.0 -13.79
18.0 -16.805
18.0 -14.075
18.0 -16.855
18.0 -14.245
18.0 -13.525
18.0 -17.435
18.0 -17.84
18.0 -14.665
18.0 -15.25
18.0 -15.635
18.0 -19.455
18.0 -18.595
18.0 -19.715
18.0 -15.355
18.0 -15.605
18.0 -12.03
18.0 -14.47
18.0 -16.655
18.0 -16.165
18.0 -14.91
18.0 -16.22
18.0 -14.92
18.0 -17.57
18.0 -15.77
18.0 -16.99
18.0 -16.585
18.0 -17.635
18.0 -14.14
18.0 -16.89
18.0 -17.405
18.0 -15.34
18.0 -16.805
18.0 -17.01
18.0 -13.88
18.0 -18.545
18.0 -21.205
18.0 -15.72
18.0 -15.415
18.0 -15.585
18.0 -13.7
18.0 -17.72
18.0 -14.455
18.0 -19.935
18.0 -19.125
18.0 -15.97
18.0 -16.805
18.0 -17.48
18.0 -15.535
18.0 -14.915
18.0 -17.24
18.0 -17.47
18.0 -14.195
18.0 -11.445
18.0 -17.8
18.0 -13.7
18.0 -15.39
18.0 -19.44
18.0 -18.075
18.0 -17.97
18.0 -16.965
18.0 -17.95
18.0 -18.76
18.0 -16.855
18.0 -12.28
18.0 -13.94
18.0 -12.385
18.0 -16.675
18.0 -17.725
18.0 -19.85
18.0 -15.08
18.0 -16.635
18.0 -16.15
18.0 -17.21
18.0 -12.74
18.0 -15.31
18.0 -12.235
18.0 -17.9
18.0 -16.255
18.0 -18.41
18.0 -16.5
18.0 -15.76
18.0 -12.55
18.0 -17.65
18.0 -17.435
18.0 -16.66
18.0 -14.99
18.0 -18.05
18.0 -19.845
18.0 -21.335
18.0 -15.59
18.0 -16.595
18.0 -15.91
18.0 -16.73
18.0 -17.935
18.0 -16.225
18.0 -17.94
18.0 -13.36
18.0 -16.745
18.0 -15.275
18.0 -14.175
18.0 -14.415
18.0 -14.255
18.0 -14.19
18.0 -19.02
18.0 -16.55
18.0 -19.625
18.0 -18.335
18.0 -15.44
18.0 -16.945
18.0 -18.505
18.0 -22.555
18.0 -18.445
18.0 -17.96
18.0 -15.935
18.0 -15.53
18.0 -15.21
18.0 -17.46
18.0 -18.14
18.0 -15.2
18.0 -15.505
18.0 -17.12
18.0 -16.49
18.0 -15.21
18.0 -15.96
18.0 -15.9
18.0 -15.735
18.0 -16.015
18.0 -15.3
18.0 -19.16
18.0 -17.93
18.0 -20.45
18.0 -18.205
18.0 -19.03
500
12.5 -37.79
12.5 -26.02
16.5 -18.86
16.5 -18.2
16.5 -17.765
16.5 -15.51
16.5 -14.8
16.5 -14.6
16.5 -14.6
16.5 -17.105
16.5 -14.08
16.5 -14.63
16.5 -16.615
16.5 -18.725
16.5 -17.06
16.5 -16.885
16.5 -16.49
16.5 -16.92
16.5 -13.925
16.5 -11.65
16.5 -15.82
16.5 -13.825
16.5 -19.38
16.5 -16.24
16.5 -16.715
16.5 -14.535
16.5 -14.345
16.5 -18.32
16.5 -16.915
16.5 -18.085
16.5 -17.845
16.5 -15.1
16.5 -13.89
16.5 -13.57
16.5 -14.605
16.5 -16.265
16.5 -14.665
16.5 -19.395
16.5 -15.4
16.5 -15.63
16.5 -15.105
16.5 -15.85
16.5 -18.725
16.5 -17.53
16.5 -15.1
16.5 -15.705
16.5 -14.695
16.5 -13.585
16.5 -10.46
16.5 -14.285
16.5 -14.025
16.5 -12.8
16.5 -12.165
16.5 -13.82
16.5 -14.0
16.5 -15.24
16.5 -16.05
16.5 -15.345
16.5 -16.095
16.5 -15.265
16.5 -15.05
16.5 -15.21
16.5 -16.805
16.5 -15.91
16.5 -15.565
16.5 -12.225
16.5 -14.59
16.5 -16.965
16.5 -16.32
16.5 -14.2
16.5 -15.455
16.5 -14.225
16.5 -17.31
16.5 -14.83
16.5 -17.005
16.5 -17.77
16.5 -15.125
16.5 -18.36
16.5 -13.51
16.5 -12.67
16.5 -17.33
16.5 -9.15
16.5 -10.475
16.5 -14.19
17.0 -14.065
17.0 -15.715
17.0 -13.295
17.0 -13.59
17.0 -17.985
17.0 -14.845
17.0 -14.465
17.0 -16.85
17.0 -19.2
17.0 -16.465
17.0 -12.915
17.0 -11.035
17.0 -16.72
17.0 -18.88
17.0 -14.135
17.0 -16.2
17.0 -16.425
17.0 -17.285
17.0 -17.71
17.0 -14.355
17.0 -16.54
17.0 -15.435
17.0 -17.125
17.0 -15.875
17.0 -17.175
17.0 -14.34
17.0 -15.26
17.0 -12.135
17.0 -16.945
17.0 -15.71
17.0 -12.08
17.0 -13.08
17.0 -15.915
17.0 -18.375
17.0 -14.105
17.0 -13.745
17.0 -17.27
17.0 -21.195
17.0 -16.46
17.0 -17.88
17.0 -19.155
17.0 -14.185
17.0 -14.605
17.0 -15.28
17.0 -17.02
17.0 -13.775
17.0 -17.47
17.0 -19.51
17.0 -16.39
17.0 -11.615
17.0 -15.82
17.0 -15.52
17.0 -17.44
17.0 -14.01
17.0 -14.945
17.0 -14.315
17.0 -15.21
17.0 -16.835
17.0 -20.155
17.0 -19.265
17.0 -12.66
17.0 -19.025
17.0 -15.34
17.0 -20.935
17.0 -15.18
17.0 -12.21
17.0 -14.185
17.0 -15.485
17.0 -15.905
17.0 -14.86
17.0 -11.57
17.0 -15.115
17.0 -14.31
17.0 -14.885
17.0 -14.84
17.0 -15.32
17.0 -15.425
17.0 -14.545
17.0 -11.995
17.0 -15.125
17.0 -15.68
17.0 -15.285
17.0 -12.715
17.0 -15.13
17.0 -18.33
17.0 -19.315
17.0 -20.52
17.0 -18.37
17.0 -15.05
17.0 -18.465
17.0 -15.37
17.0 -13.25
17.0 -13.9
17.0 -16.415
17.0 -15.63
17.0 -15.72
17.0 -13.27
17.0 -14.61
17.0 -15.55
17.0 -16.09
17.0 -15.55
17.0 -15.51
17.0 -14.835
17.0 -15.685
17.0 -18.04
17.0 -14.645
17.0 -16.685
17.0 -15.305
17.0 -15.405
17.0 -13.22
17.0 -10.775
17.0 -11.65
17.0 -14.955
17.0 -13.565
17.0 -14.37
17.0 -15.91
17.0 -14.79
17.0 -14.21
17.0 -14.895
17.0 -16.66
17.0 -17.645
17.0 -16.545
17.0 -13.52
17.0 -12.39
17.0 -16.14
17.0 -22.485
17.0 -17.73
17.0 -14.455
17.0 -12.665
17.0 -18.015
17.0 -13.535
17.0 -17.285
17.0 -17.285
17.0 -15.785
17.0 -16.865
17.0 -19.075
17.0 -14.435
17.0 -14.89
17.0 -14.075
17.0 -13.615
17.0 -12.88
17.0 -15.775
17.0 -13.88
17.0 -13.085
17.0 -16.55
17.0 -17.685
17.0 -18.465
17.0 -15.55
17.0 -14.79
17.0 -14.16
17.0 -13.815
17.0 -14.83
17.0 -14.05
17.0 -15.585
17.0 -13.615
17.0 -16.555
17.0 -13.06
17.0 -12.76
17.0 -13.255
17.0 -18.48
17.0 -16.335
17.0 -15.355
17.0 -19.315
17.0 -17.685
17.0 -11.89
17.0 -14.22
17.0 -14.67
17.0 -17.155
17.0 -18.615
17.0 -16.555
17.0 -17.745
17.0 -13.735
17.0 -13.06
17.0 -13.94
17.0 -16.015
17.0 -18.92
17.0 -16.935
17.0 -15.665
17.0 -12.175
17.0 -9.995
17.0 -16.195
17.0 -16.755
17.0 -17.58
17.0 -16.71
17.0 -16.415
17.0 -12.675
17.0 -15.725
17.0 -13.535
17.0 -15.39
17.0 -16.065
17.0 -13.17
17.0 -14.96
17.0 -12.025
17.0 -11.29
17.0 -14.73
17.0 -13.07
17.0 -13.575
17.0 -18.13
17.0 -18.93
17.0 -16.835
17.0 -17.845
17.0 -16.485
17.0 -20.545
17.0 -17.225
17.0 -16.275
17.0 -14.745
17.0 -12.09
17.0 -13.315
17.0 -12.86
17.0 -19.625
17.0 -13.99
17.0 -10.475
17.0 -11.95
17.0 -15.22
17.0 -17.79
17.0 -15.315
17.0 -20.475
17.0 -17.35
17.0 -20.3
17.0 -15.75
17.0 -15.69
17.0 -18.545
17.0 -19.25
17.0 -15.705
17.0 -17.585
17.0 -16.905
17.0 -13.745
17.0 -15.65
17.0 -15.285
17.0 -17.99
17.0 -17.585
17.0 -16.66
17.0 -15.33
17.0 -18.185
17.0 -21.655
17.0 -19.575
17.0 -16.385
17.0 -15.365
17.0 -17.655
17.0 -12.555
17.0 -14.8
17.0 -17.88
17.0 -16.28
17.0 -19.385
17.0 -17.395
17.0 -16.425
17.0 -14.525
17.0 -14.54
17.0 -15.735
17.0 -15.935
17.0 -15.0
17.0 -14.025
17.0 -18.69
17.0 -18.08
17.0 -17.885
17.0 -13.75
17.0 -19.105
17.0 -16.235
17.0 -15.365
17.0 -16.765
17.0 -16.85
17.0 -15.495
18.5 -14.06
18.5 -15.51
18.5 -12.175
18.5 -12.6
18.5 -12.39
18.5 -11.425
18.5 -13.58
18.5 -17.335
18.5 -15.515
18.5 -15.5
18.5 -17.31
18.5 -15.58
18.5 -16.3
18.5 -16.72
18.5 -16.235
18.5 -16.315
18.5 -17.37
18.5 -18.545
18.5 -15.865
18.5 -16.205
18.5 -16.315
18.5 -11.77
18.5 -12.485
18.5 -15.34
18.5 -18.185
18.5 -16.665
18.5 -17.255
18.5 -17.985
18.5 -13.61
18.5 -15.565
18.5 -15.225
18.5 -15.935
18.5 -11.32
18.5 -12.28
18.5 -14.25
18.5 -12.425
18.5 -15.305
18.5 -18.05
18.5 -15.855
18.5 -17.45
18.5 -13.615
18.5 -10.345
18.5 -14.79
18.5 -14.82
18.5 -15.7
18.5 -14.74
18.5 -14.74
18.5 -16.4
18.5 -13.8
18.5 -14.405
18.5 -15.365
18.5 -16.13
18.5 -15.05
18.5 -11.26
18.5 -18.405
18.5 -16.065
18.5 -17.655
18.5 -13.56
18.5 -15.675
18.5 -16.93
18.5 -15.21
18.5 -17.2
18.5 -17.245
18.5 -15.585
18.5 -16.895
18.5 -13.69
18.5 -17.23
18.5 -17.715
18.5 -12.47
18.5 -14.94
18.5 -15.485
18.5 -19.325
18.5 -20.51
18.5 -17.08
18.5 -15.945
18.5 -13.535
18.5 -14.75
18.5 -14.665
18.5 -17.235
18.5 -12.415
18.5 -14.05
18.5 -17.32
18.5 -16.815
18.5 -14.995
18.5 -12.91
18.5 -18.025
18.5 -15.63
18.5 -16.355
18.5 -19.215
18.5 -19.36
18.5 -14.625
18.5 -16.855
18.5 -16.505
18.5 -17.37
18.5 -14.69
18.5 -19.065
18.5 -18.745
18.5 -20.215
18.5 -15.91
18.5 -18.43
18.5 -18.11
18.5 -18.045
18.5 -17.81
18.5 -19.825
18.5 -15.525
18.5 -13.665
18.5 -15.06
18.5 -14.71
18.5 -14.84
18.5 -12.69
18.5 -12.24
18.5 -15.15
18.5 -22.91
18.5 -20.04
18.5 -13.41
18.5 -15.915
18.5 -13.585
18.5 -18.045
18.5 -17.295
18.5 -16.665
18.5 -12.97
18.5 -16.85
18.5 -15.865
18.5 -17.565
18.5 -15.215
18.5 -16.885
18.5 -17.12
18.5 -18.825
18.5 -12.595
18.5 -15.105
18.5 -18.535
18.5 -17.02
18.5 -15.165
18.5 -15.885
18.5 -14.475
18.5 -16.705
18.5 -14.615
18.5 -19.455
18.5 -14.125
18.5 -17.385
18.5 -15.765
18.5 -20.715
18.5 -19.31
18.5 -15.84
18.5 -17.74
18.5 -15.945
18.5 -16.835
18.5 -19.38
18.5 -14.725
18.5 -13.585
18.5 -13.39
18.5 -14.915
18.5 -17.94
18.5 -14.62
500
14.5 -40.095
14.5 -22.42
14.5 -22.805
14.5 -17.84
14.5 -19.02
14.5 -20.515
14.5 -20.575
14.5 -18.145
14.5 -16.255
14.5 -18.015
14.5 -17.58
14.5 -18.37
14.5 -13.975
14.5 -16.96
14.5 -14.325
14.5 -16.915
14.5 -21.085
14.5 -14.79
14.5 -11.015
14.5 -14.87
14.5 -13.105
14.5 -12.685
14.5 -12.775
14.5 -14.955
14.5 -17.04
14.5 -15.345
14.5 -14.47
14.5 -18.155
14.5 -14.885
14.5 -17.125
14.5 -15.355
14.5 -16.17
14.5 -16.955
14.5 -20.84
14.5 -17.82
14.5 -15.55
14.5 -16.13
14.5 -19.17
14.5 -19.095
14.5 -17.52
14.5 -17.385
14.5 -15.65
14.5 -17.115
14.5 -19.46
14.5 -21.245
14.5 -18.145
14.5 -17.5
14.5 -16.34
14.5 -17.84
14.5 -13.085
14.5 -15.595
14.5 -14.21
14.5 -17.065
14.5 -13.555
14.5 -14.19
14.5 -14.985
14.5 -15.14
14.5 -12.365
14.5 -17.65
14.5 -18.155
16.0 -15.195
16.0 -18.845
16.0 -17.91
16.0 -17.91
16.0 -13.7
16.0 -15.405
16.0 -14.255
16.0 -12.2
16.0 -14.64
16.0 -16.995
16.0 -15.535
16.0 -16.1
16.0 -17.735
16.0 -15.075
16.0 -13.785
16.0 -13.27
16.5 -14.465
16.5 -18.86
16.5 -15.085
16.5 -15.24
16.5 -13.92
16.5 -16.975
16.5 -15.205
16.5 -14.87
16.5 -11.17
16.5 -18.325
16.5 -13.515
16.5 -14.765
16.5 -13.075
16.5 -13.71
16.5 -14.805
16.5 -15.09
16.5 -15.785
16.5 -17.815
16.5 -17.385
16.5 -18.19
16.5 -13.015
16.5 -13.715
16.5 -14.67
16.5 -11.115
16.5 -15.945
16.5 -15.115
16.5 -20.43
16.5 -15.96
16.5 -20.305
16.5 -17.0
16.5 -16.04
16.5 -12.645
16.5 -12.58
16.5 -14.37
16.5 -13.75
16.5 -16.39
16.5 -13.63
16.5 -14.915
16.5 -13.99
16.5 -15.51
16.5 -16.375
16.5 -16.065
16.5 -17.115
16.5 -12.805
16.5 -13.77
16.5 -11.655
16.5 -13.8
16.5 -13.8
16.5 -15.6
16.5 -15.305
16.5 -15.44
16.5 -13.32
16.5 -13.13
16.5 -16.77
16.5 -16.83
16.5 -15.36
16.5 -14.085
16.5 -16.59
16.5 -19.635
16.5 -16.6
16.5 -15.285
16.5 -12.505
16.5 -13.14
16.5 -18.245
16.5 -17.82
16.5 -14.89
16.5 -15.175
16.5 -16.92
16.5 -15.24
16.5 -13.625
16.5 -12.17
16.5 -18.395
16.5 -17.405
16.5 -16.96
16.5 -13.12
17.5 -14.685
17.5 -10.08
17.5 -15.735
17.5 -18.205
17.5 -14.085
17.5 -16.61
17.5 -14.215
17.5 -14.695
17.5 -17.22
17.5 -23.205
17.5 -17.89
17.5 -17.085
17.5 -13.525
17.5 -17.35
17.5 -17.71
17.5 -16.875
17.5 -17.54
17.5 -14.455
17.5 -16.855
17.5 -15.12
17.5 -14.905
17.5 -15.475
17.5 -16.8
17.5 -11.325
17.5 -15.49
17.5 -14.28
17.5 -13.965
17.5 -11.655
17.5 -12.845
17.5 -12.48
17.5 -12.885
17.5 -12.59
17.5 -14.415
17.5 -15.655
17.5 -18.045
17.5 -14.475
17.5 -11.985
17.5 -13.33
17.5 -16.715
17.5 -15.56
17.5 -19.07
17.5 -17.0
17.5 -13.185
17.5 -16.0
17.5 -16.28
17.5 -19.535
17.5 -18.615
17.5 -17.04
17.5 -13.95
17.5 -17.735
17.5 -16.99
17.5 -14.735
17.5 -15.77
17.5 -12.275
17.5 -14.385
17.5 -15.945
17.5 -12.665
17.5 -19.035
17.5 -15.25
17.5 -17.955
17.5 -17.485
17.5 -12.285
17.5 -16.175
17.5 -14.005
17.5 -14.135
17.5 -15.73
17.5 -16.25
17.5 -17.86
17.5 -18.51
17.5 -15.535
17.5 -13.36
17.5 -15.23
17.5 -13.965
17.5 -14.32
17.5 -13.26
17.5 -20.205
17.5 -15.135
17.5 -12.43
17.5 -14.57
17.5 -13.89
17.5 -15.66
17.5 -16.02
17.5 -16.34
17.5 -14.06
17.5 -14.545
17.5 -15.285
17.5 -14.965
17.5 -14.35
17.5 -15.01
17.5 -13.605
17.5 -12.985
17.5 -16.85
17.5 -15.925
17.5 -13.0
17.5 -15.93
17.5 -15.07
17.5 -15.74
17.5 -17.24
17.5 -12.915
17.5 -17.58
17.5 -16.285
17.5 -17.26
17.5 -13.41
17.5 -14.075
17.5 -13.21
17.5 -13.99
17.5 -14.685
17.5 -16.72
17.5 -11.31
17.5 -14.295
17.5 -18.055
17.5 -13.515
17.5 -15.565
17.5 -12.94
17.5 -15.655
17.5 -18.425
17.5 -13.545
17.5 -15.625
17.5 -16.94
17.5 -15.44
17.5 -17.695
17.5 -17.36
17.5 -16.755
17.5 -17.345
17.5 -19.35
17.5 -16.92
17.5 -11.835
17.5 -14.835
17.5 -16.795
17.5 -15.585
17.5 -19.13
17.5 -19.13
17.5 -18.05
17.5 -17.465
17.5 -19.43
17.5 -14.57
17.5 -15.015
17.5 -13.865
17.5 -15.515
17.5 -12.635
17.5 -15.865
17.5 -15.4
17.5 -20.305
17.5 -15.215
17.5 -13.43
17.5 -14.31
17.5 -14.075
17.5 -15.495
17.5 -17.03
17.5 -18.24
17.5 -18.835
17.5 -17.47
17.5 -15.215
17.5 -17.845
17.5 -16.705
17.5 -11.7
17.5 -14.565
17.5 -16.14
17.5 -18.745
17.5 -17.325
17.5 -14.815
17.5 -17.635
17.5 -15.21
17.5 -12.565
17.5 -14.49
17.5 -14.545
17.5 -15.245
17.5 -16.905
17.5 -20.39
17.5 -17.73
17.5 -19.165
17.5 -18.485
17.5 -18.09
17.5 -13.755
17.5 -13.475
17.5 -17.415
17.5 -16.925
17.5 -17.065
17.5 -13.265
17.5 -17.99
17.5 -21.44
17.5 -16.79
18.0 -15.395
18.0 -12.975
18.0 -15.915
18.0 -16.6
18.0 -16.26
18.0 -17.93
18.0 -15.97
18.0 -19.16
18.0 -15.695
18.0 -15.175
18.0 -14.37
18.0 -15.92
18.0 -15.61
18.0 -13.165
18.0 -13.515
18.0 -14.01
18.0 -15.12
18.0 -14.28
18.0 -18.27
18.0 -12.515
18.0 -12.455
18.0 -13.49
18.0 -12.83
18.0 -17.72
18.0 -15.8
18.0 -17.31
18.0 -20.275
18.0 -19.02
18.0 -19.7
18.0 -19.12
18.0 -12.535
18.0 -13.37
18.0 -13.52
18.0 -16.57
18.0 -13.475
18.0 -19.04
18.0 -16.315
18.0 -19.445
18.0 -17.245
18.0 -19.195
18.0 -14.73
18.0 -15.35
18.0 -15.555
18.0 -17.095
18.0 -17.905
18.0 -15.08
18.0 -11.465
18.0 -11.165
18.0 -16.61
18.0 -19.105
18.0 -18.105
18.0 -19.425
18.0 -16.3
18.0 -19.065
18.0 -15.72
18.0 -12.805
18.0 -15.91
18.0 -15.315
18.0 -15.135
18.0 -16.055
18.0 -14.65
18.0 -17.43
18.0 -12.675
18.0 -14.28
18.0 -18.865
18.0 -18.765
18.0 -16.845
18.0 -15.46
18.0 -12.105
18.0 -12.73
18.0 -15.415
18.0 -13.89
18.0 -16.09
18.0 -15.48
18.0 -16.43
18.0 -16.72
18.0 -16.94
18.0 -15.19
18.0 -14.43
18.0 -17.595
18.0 -16.72
18.0 -15.56
18.0 -17.34
18.0 -13.915
18.0 -13.965
18.0 -16.86
18.0 -11.555
18.0 -15.035
18.0 -15.93
18.0 -14.53
18.0 -15.425
18.0 -17.79
18.0 -18.55
18.0 -13.24
18.0 -13.675
18.0 -16.44
18.0 -19.85
18.0 -18.485
18.0 -12.665
18.0 -15.025
18.0 -15.56
18.0 -14.8
18.0 -13.275
18.0 -15.78
18.0 -15.65
18.0 -17.775
18.0 -13.845
18.0 -14.405
18.0 -14.12
18.0 -12.62
18.0 -12.98
18.0 -14.095
18.0 -14.825
18.0 -16.835
18.0 -16.05
18.0 -19.52
18.0 -15.26
18.0 -15.82
18.0 -16.465
18.0 -13.59
18.0 -16.5
18.0 -12.8
18.0 -14.185
18.0 -15.475
18.0 -17.175
18.0 -17.505
18.0 -17.335
18.0 -15.61
18.0 -19.895
18.0 -17.075
18.0 -13.99
18.0 -12.625
18.0 -14.68
18.0 -15.385
18.0 -15.195
18.0 -13.845
18.0 -12.065
18.0 -11.365
18.0 -15.995
18.0 -12.0
18.0 -13.495
18.0 -13.935
18.0 -13.535
18.0 -13.955
18.0 -16.125
18.0 -15.835
18.0 -12.235
18.0 -16.695
18.0 -13.595
18.0 -12.75
18.0 -15.965
18.0 -14.85
18.0 -14.685
18.0 -20.485
18.0 -13.78
18.0 -13.74
18.0 -14.485
18.0 -13.05
18.0 -14.72
18.0 -17.05
18.0 -17.75
20.0 -14.19
20.0 -13.355
20.0 -17.975
20.0 -13.52
20.0 -17.415
20.0 -17.445
500
11.5 -33.64
11.5 -24.985
11.5 -21.715
11.5 -18.435
11.5 -21.63
12.0 -17.865
12.0 -19.625
12.0 -21.685
15.0 -19.165
15.0 -17.25
15.0 -15.85
16.5 -13.765
16.5 -12.74
16.5 -13.88
16.5 -13.96
16.5 -16.225
16.5 -13.505
16.5 -15.225
16.5 -12.66
16.5 -13.025
16.5 -16.78
16.5 -16.925
16.5 -16.125
16.5 -13.615
16.5 -15.045
16.5 -15.57
16.5 -13.705
16.5 -14.975
16.5 -13.695
16.5 -15.13
16.5 -15.36
16.5 -14.53
16.5 -17.445
16.5 -16.94
16.5 -14.835
16.5 -13.465
16.5 -12.765
16.5 -15.61
16.5 -16.235
16.5 -16.195
16.5 -15.705
16.5 -19.67
16.5 -19.795
16.5 -18.425
16.5 -16.895
16.5 -15.705
16.5 -16.86
16.5 -16.965
16.5 -13.435
16.5 -18.025
16.5 -14.955
16.5 -12.495
16.5 -16.825
16.5 -18.155
16.5 -18.79
16.5 -14.41
16.5 -14.305
16.5 -19.45
16.5 -17.66
16.5 -15.79
16.5 -17.045
16.5 -15.475
16.5 -16.79
17.5 -13.4
17.5 -12.735
17.5 -14.965
17.5 -17.615
17.5 -17.795
17.5 -14.965
17.5 -15.205
17.5 -16.62
17.5 -17.305
17.5 -15.345
17.5 -15.49
17.5 -15.665
17.5 -20.105
17.5 -17.76
17.5 -14.055
17.5 -14.72
17.5 -13.935
17.5 -14.395
17.5 -14.195
17.5 -17.39
17.5 -15.08
17.5 -17.72
17.5 -13.305
17.5 -16.895
17.5 -20.0
17.5 -15.91
17.5 -15.02
17.5 -18.39
17.5 -18.2
17.5 -18.81
17.5 -18.22
17.5 -16.24
17.5 -15.955
17.5 -15.22
17.5 -15.73
17.5 -18.695
17.5 -16.35
17.5 -17.99
17.5 -17.905
17.5 -12.44
17.5 -14.055
17.5 -17.89
17.5 -12.655
17.5 -14.905
17.5 -14.37
17.5 -16.105
17.5 -15.425
17.5 -17.365
17.5 -17.61
17.5 -16.055
17.5 -16.545
17.5 -18.42
17.5 -16.58
17.5 -12.405
17.5 -14.78
17.5 -14.68
17.5 -16.985
17.5 -20.37
17.5 -16.395
17.5 -14.56
17.5 -15.31
17.5 -12.495
17.5 -14.66
17.5 -15.58
17.5 -16.875
17.5 -15.0
17.5 -14.8
17.5 -16.94
17.5 -19.015
17.5 -20.77
17.5 -17.425
17.5 -18.4
17.5 -18.505
17.5 -12.07
17.5 -17.085
17.5 -18.09
17.5 -14.27
17.5 -16.64
17.5 -15.055
17.5 -18.485
17.5 -16.325
17.5 -15.52
17.5 -14.64
17.5 -12.46
17.5 -17.23
17.5 -12.205
17.5 -13.79
17.5 -13.365
17.5 -12.725
17.5 -14.9
17.5 -13.555
17.5 -18.38
17.5 -16.575
17.5 -13.44
17.5 -14.565
17.5 -14.655
17.5 -13.475
17.5 -13.935
17.5 -13.045
17.5 -15.92
17.5 -12.67
17.5 -16.085
17.5 -16.515
17.5 -15.325
17.5 -15.775
17.5 -16.18
17.5 -19.25
17.5 -14.26
17.5 -15.66
17.5 -16.59
17.5 -15.765
17.5 -12.76
17.5 -15.95
17.5 -17.08
17.5 -16.47
17.5 -15.44
17.5 -14.615
17.5 -13.02
17.5 -17.68
17.5 -16.47
17.5 -12.175
17.5 -13.625
17.5 -7.92
17.5 -12.45
17.5 -16.545
17.5 -15.505
17.5 -18.17
17.5 -14.175
17.5 -17.645
17.5 -15.79
17.5 -15.91
17.5 -18.02
17.5 -18.535
17.5 -14.2
17.5 -16.54
17.5 -19.45
17.5 -18.16
17.5 -16.08
17.5 -15.155
17.5 -15.315
17.5 -16.975
17.5 -10.675
17.5 -12.75
17.5 -13.985
17.5 -14.64
17.5 -17.085
17.5 -14.935
17.5 -12.995
17.5 -16.67
17.5 -13.84
17.5 -15.355
17.5 -15.405
17.5 -13.925
17.5 -16.845
17.5 -14.43
17.5 -12.095
17.5 -14.59
17.5 -13.185
17.5 -15.3
17.5 -16.8
17.5 -13.355
18.0 -14.845
18.0 -15.91
18.0 -14.005
18.0 -15.93
18.0 -17.62
18.0 -18.725
18.0 -19.585
18.0 -17.745
18.0 -19.685
18.0 -17.27
18.0 -14.445
18.0 -17.765
18.0 -16.28
18.0 -15.81
18.0 -19.205
18.0 -18.305
18.0 -15.025
18.0 -13.75
18.0 -15.515
18.0 -15.54
18.0 -16.76
18.0 -13.915
18.0 -16.44
18.0 -15.285
18.0 -13.185
18.0 -15.47
18.0 -20.735
18.0 -16.135
18.0 -16.36
18.0 -19.325
18.0 -17.745
18.0 -15.215
18.0 -12.905
18.0 -13.215
18.0 -14.01
18.0 -15.37
18.0 -17.29
18.0 -17.265
18.0 -18.565
18.0 -19.81
18.0 -18.66
18.0 -14.17
18.0 -15.325
18.0 -18.79
18.0 -16.95
18.0 -15.34
18.0 -16.78
18.0 -17.77
18.0 -16.315
18.0 -16.325
18.0 -13.1
18.0 -18.07
18.0 -15.09
18.0 -16.5
18.0 -16.92
18.0 -17.215
18.0 -16.855
18.0 -16.825
18.0 -18.085
18.0 -20.83
18.0 -17.01
18.0 -13.31
18.0 -15.055
18.0 -15.44
18.0 -14.48
18.0 -16.31
18.0 -16.17
18.0 -13.12
18.0 -12.255
18.0 -16.465
18.0 -13.58
18.0 -13.06
18.0 -16.095
18.0 -13.15
18.0 -15.05
18.0 -16.485
18.0 -17.625
18.0 -13.23
18.0 -14.415
18.0 -13.605
18.0 -17.2
18.0 -19.88
18.0 -15.985
18.0 -13.355
18.0 -15.175
18.0 -17.195
18.0 -13.37
18.0 -15.17
18.0 -16.04
18.0 -13.89
18.0 -17.68
18.0 -16.985
18.0 -15.995
18.0 -20.16
18.0 -21.095
18.0 -15.86
18.0 -13.87
18.0 -18.4
18.0 -17.73
18.0 -15.115
18.0 -15.57
18.0 -18.095
18.0 -14.94
18.0 -15.515
18.0 -15.39
18.0 -14.765
18.0 -16.38
18.0 -13.595
18.0 -15.625
18.0 -12.86
18.0 -16.515
18.0 -16.26
18.0 -14.355
18.0 -19.215
18.0 -16.27
18.0 -14.21
18.0 -15.91
18.0 -16.26
18.0 -12.695
18.0 -19.345
18.0 -15.295
18.0 -18.425
18.0 -15.99
18.0 -12.525
18.0 -14.115
18.0 -15.445
18.0 -15.02
18.0 -13.71
18.0 -13.355
18.0 -15.955
18.0 -13.335
18.0 -17.72
18.0 -15.29
18.0 -12.755
18.0 -15.275
18.0 -13.315
18.0 -13.78
18.0 -15.23
18.0 -14.37
18.0 -20.87
18.0 -18.415
18.0 -12.8
18.0 -17.06
18.0 -17.685
18.0 -17.155
18.0 -19.61
18.0 -19.085
18.0 -17.555
18.0 -16.725
18.0 -14.255
18.0 -12.59
18.0 -13.86
18.0 -16.62
18.0 -12.73
18.0 -16.5
18.0 -13.905
18.0 -17.42
18.0 -12.825
18.0 -12.375
18.0 -13.115
18.0 -13.8
18.0 -13.82
18.0 -16.02
18.0 -17.295
18.0 -12.47
18.0 -14.58
18.0 -16.49
18.0 -12.935
18.0 -14.255
18.0 -14.42
18.0 -16.81
18.0 -13.405
18.0 -14.395
18.0 -14.28
18.0 -14.035
18.0 -14.555
18.0 -13.675
18.0 -14.605
18.0 -15.785
18.0 -11.06
18.0 -12.465
18.0 -14.275
18.0 -16.12
18.0 -15.225
18.0 -16.895
18.0 -19.305
18.0 -15.595
18.0 -13.51
18.0 -14.515
18.0 -17.84
18.0 -14.635
18.0 -16.89
18.0 -15.345
18.0 -12.45
18.0 -16.155
18.0 -14.495
18.0 -14.395
18.0 -11.955
18.0 -13.02
18.0 -16.625
18.0 -13.03
18.0 -16.66
18.0 -14.995
18.0 -16.695
18.0 -19.685
18.0 -14.185
18.0 -16.055
18.0 -13.75
18.0 -16.29
18.0 -12.535
18.0 -16.48
18.0 -13.4
18.0 -13.84
18.0 -16.66
18.0 -16.855
18.0 -18.15
18.0 -15.51
18.0 -18.57
18.0 -18.945
18.0 -17.865
18.0 -17.655
18.0 -18.095
18.0 -16.96
18.0 -16.13
18.0 -14.945
18.0 -15.395
18.0 -16.59
18.0 -14.595
18.0 -16.18
18.0 -16.54
18.0 -14.985
18.0 -14.945
18.0 -12.99
18.0 -16.575
18.0 -15.51
18.0 -19.19
18.0 -16.725
18.0 -15.095
18.0 -19.255
18.0 -12.67
18.0 -15.435
18.0 -19.615
18.0 -16.175
18.0 -12.52
18.0 -14.615
18.0 -17.65
18.0 -14.9
18.0 -18.785
18.0 -13.21
18.0 -16.935
18.0 -14.88
18.0 -17.205
18.0 -18.765
18.0 -15.595
18.0 -16.39
18.0 -18.115
18.0 -15.545
18.0 -11.795
18.0 -15.065
18.0 -18.305
18.0 -17.465
18.0 -15.6
18.0 -13.085
18.0 -13.05
18.0 -22.875
18.0 -12.12
18.0 -16.585
18.0 -15.8
18.0 -15.91
18.0 -19.02
18.0 -15.57
18.0 -15.83
18.0 -12.58
18.0 -18.08
18.0 -15.06
18.0 -17.21
500
8.0 -38.14
10.0 -27.485
10.0 -18.45
10.0 -20.345
14.0 -18.255
14.5 -13.97
14.5 -18.535
14.5 -15.895
14.5 -18.44
16.0 -15.45
16.0 -15.835
16.0 -15.85
16.0 -17.55
16.0 -15.93
16.0 -16.835
16.0 -18.05
16.0 -16.12
16.0 -16.42
16.0 -20.64
16.0 -17.71
16.0 -18.0
16.0 -13.12
16.0 -19.0
16.0 -15.785
16.0 -15.42
16.5 -15.89
16.5 -16.99
16.5 -16.85
16.5 -14.29
16.5 -12.735
16.5 -16.645
16.5 -18.195
16.5 -19.505
16.5 -17.3
16.5 -16.35
16.5 -16.54
16.5 -17.05
16.5 -18.24
16.5 -16.09
16.5 -13.5
16.5 -17.845
16.5 -15.955
16.5 -18.315
16.5 -16.435
16.5 -17.51
16.5 -15.835
16.5 -15.29
16.5 -18.675
16.5 -17.65
16.5 -12.925
16.5 -14.23
16.5 -16.78
16.5 -15.865
16.5 -18.38
16.5 -17.47
16.5 -15.23
16.5 -14.95
16.5 -16.265
16.5 -15.37
16.5 -13.765
16.5 -14.49
16.5 -17.225
16.5 -17.845
16.5 -17.93
16.5 -15.055
16.5 -14.825
16.5 -14.225
16.5 -17.625
16.5 -17.435
16.5 -16.12
16.5 -16.145
16.5 -15.355
16.5 -15.625
16.5 -14.81
16.5 -19.065
16.5 -16.45
16.5 -17.865
16.5 -15.47
16.5 -17.075
16.5 -18.42
16.5 -17.515
16.5 -18.095
16.5 -14.895
16.5 -14.58
16.5 -14.975
16.5 -18.555
16.5 -15.47
16.5 -17.34
16.5 -12.43
16.5 -14.515
16.5 -13.2
16.5 -13.635
16.5 -14.92
16.5 -16.015
16.5 -15.44
16.5 -16.795
16.5 -15.45
16.5 -16.19
16.5 -15.065
16.5 -11.77
16.5 -12.175
16.5 -15.24
16.5 -18.035
16.5 -12.45
16.5 -16.095
16.5 -15.005
16.5 -15.92
16.5 -17.95
16.5 -12.58
16.5 -12.27
16.5 -14.68
16.5 -17.17
16.5 -13.07
16.5 -15.25
16.5 -12.185
16.5 -14.675
16.5 -11.485
16.5 -19.945
16.5 -15.44
16.5 -13.44
16.5 -15.67
16.5 -13.51
16.5 -13.915
16.5 -15.215
16.5 -14.955
16.5 -16.615
16.5 -17.495
16.5 -14.875
16.5 -18.15
16.5 -17.975
16.5 -16.175
16.5 -16.09
16.5 -20.855
16.5 -19.555
16.5 -20.11
16.5 -19.045
16.5 -15.64
16.5 -17.35
16.5 -18.185
16.5 -14.485
16.5 -12.96
16.5 -15.345
16.5 -13.765
16.5 -12.145
16.5 -15.725
16.5 -18.925
16.5 -14.495
16.5 -12.655
16.5 -11.495
16.5 -10.91
16.5 -14.25
16.5 -14.075
16.5 -13.285
16.5 -13.975
16.5 -14.89
16.5 -17.025
16.5 -18.2
16.5 -11.96
16.5 -16.15
16.5 -20.045
16.5 -19.285
16.5 -17.665
16.5 -20.47
16.5 -18.67
16.5 -15.105
16.5 -13.345
16.5 -15.62
16.5 -13.695
16.5 -18.805
16.5 -16.47
16.5 -15.33
16.5 -13.63
16.5 -16.085
16.5 -16.26
16.5 -12.875
16.5 -17.09
16.5 -16.435
16.5 -17.215
16.5 -18.19
16.5 -14.98
16.5 -16.245
16.5 -15.585
16.5 -13.56
16.5 -17.55
16.5 -17.55
16.5 -16.545
16.5 -19.135
16.5 -15.825
16.5 -17.86
16.5 -16.515
16.5 -11.395
16.5 -16.08
16.5 -15.355
16.5 -12.725
16.5 -9.84
16.5 -13.915
16.5 -17.04
16.5 -15.505
16.5 -15.24
16.5 -13.89
16.5 -15.625
16.5 -15.72
16.5 -14.47
16.5 -14.475
16.5 -14.98
16.5 -13.35
16.5 -15.345
16.5 -14.9
16.5 -14.01
16.5 -15.51
16.5 -17.15
16.5 -16.805
16.5 -16.345
16.5 -16.495
16.5 -13.15
17.5 -16.38
17.5 -14.385
17.5 -18.34
17.5 -18.36
17.5 -14.59
17.5 -13.125
17.5 -13.45
17.5 -14.36
17.5 -13.99
17.5 -13.195
17.5 -13.535
17.5 -10.6
17.5 -15.125
17.5 -15.925
17.5 -13.055
17.5 -12.37
17.5 -11.39
17.5 -13.08
17.5 -12.905
17.5 -17.425
17.5 -17.915
17.5 -15.165
17.5 -14.64
17.5 -12.505
17.5 -16.105
17.5 -15.865
17.5 -15.635
17.5 -15.945
17.5 -22.0
17.5 -16.015
17.5 -14.055
17.5 -17.15
17.5 -15.29
17.5 -15.965
17.5 -14.185
17.5 -17.045
17.5 -13.23
17.5 -16.085
17.5 -17.315
17.5 -16.1
17.5 -13.25
17.5 -11.99
17.5 -16.055
17.5 -16.07
17.5 -11.98
17.5 -14.855
17.5 -16.52
17.5 -16.76
17.5 -16.655
17.5 -15.885
17.5 -14.58
17.5 -15.77
17.5 -17.125
17.5 -12.535
17.5 -14.41
17.5 -14.49
17.5 -16.145
17.5 -11.74
17.5 -14.8
17.5 -18.015
17.5 -14.26
17.5 -11.93
17.5 -10.935
17.5 -11.12
17.5 -12.085
17.5 -16.15
17.5 -10.96
17.5 -15.01
17.5 -16.13
17.5 -16.57
17.5 -13.945
17.5 -16.24
17.5 -15.39
17.5 -15.575
17.5 -15.825
17.5 -14.1
17.5 -18.085
17.5 -14.805
17.5 -11.24
17.5 -15.105
17.5 -14.755
17.5 -16.275
17.5 -13.42
17.5 -15.545
17.5 -11.525
17.5 -13.68
17.5 -17.145
17.5 -13.665
17.5 -17.36
17.5 -14.445
17.5 -14.44
17.5 -14.825
17.5 -15.105
17.5 -12.37
17.5 -13.175
17.5 -10.545
17.5 -8.99
17.5 -12.12
17.5 -12.18
17.5 -19.745
17.5 -18.09
17.5 -13.5
17.5 -15.045
17.5 -13.06
17.5 -16.06
17.5 -16.73
17.5 -14.91
17.5 -14.885
17.5 -13.535
17.5 -14.61
17.5 -13.87
17.5 -14.84
17.5 -17.05
17.5 -14.35
17.5 -14.665
17.5 -13.745
17.5 -14.77
17.5 -14.59
17.5 -16.115
17.5 -15.45
17.5 -17.74
17.5 -14.77
17.5 -12.15
17.5 -11.06
17.5 -12.2
17.5 -15.145
17.5 -16.75
17.5 -12.365
17.5 -15.325
17.5 -14.445
17.5 -16.39
17.5 -15.27
17.5 -13.635
17.5 -15.185
17.5 -15.73
17.5 -14.495
17.5 -14.05
17.5 -15.41
17.5 -13.325
17.5 -14.04
17.5 -13.64
17.5 -14.64
17.5 -15.265
17.5 -16.83
17.5 -17.935
17.5 -13.675
17.5 -13.565
17.5 -15.1
17.5 -19.025
17.5 -16.98
17.5 -19.57
17.5 -18.68
17.5 -17.09
17.5 -12.275
17.5 -15.795
17.5 -13.63
17.5 -18.43
17.5 -14.65
17.5 -16.66
17.5 -14.785
17.5 -14.505
17.5 -15.495
17.5 -16.085
17.5 -16.975
17.5 -13.54
17.5 -14.72
17.5 -15.04
17.5 -18.175
17.5 -16.66
17.5 -16.875
17.5 -15.07
17.5 -14.705
17.5 -16.225
17.5 -16.425
17.5 -18.055
17.5 -18.51
17.5 -16.625
17.5 -13.97
17.5 -10.015
17.5 -12.535
17.5 -15.995
17.5 -16.745
17.5 -14.195
17.5 -13.41
17.5 -10.575
17.5 -15.075
17.5 -18.92
17.5 -17.74
17.5 -16.325
17.5 -15.0
17.5 -13.195
17.5 -14.025
17.5 -16.155
17.5 -16.175
17.5 -14.915
17.5 -14.54
17.5 -19.175
17.5 -15.57
17.5 -12.01
17.5 -11.68
17.5 -17.905
17.5 -12.385
17.5 -14.215
17.5 -18.095
17.5 -13.2
17.5 -19.065
17.5 -16.24
17.5 -15.845
17.5 -15.57
17.5 -13.075
17.5 -15.825
17.5 -16.9
17.5 -15.96
17.5 -16.095
17.5 -18.12
17.5 -16.86
17.5 -20.375
17.5 -16.21
17.5 -14.96
17.5 -14.48
17.5 -16.37
17.5 -17.61
17.5 -16.43
17.5 -16.91
17.5 -17.69
17.5 -12.665
17.5 -11.8
17.5 -8.865
17.5 -13.455
17.5 -14.255
17.5 -14.755
17.5 -15.875
17.5 -10.33
17.5 -14.01
17.5 -15.515
17.5 -14.755
17.5 -18.415
17.5 -13.43
17.5 -15.19
17.5 -13.575
17.5 -16.315
17.5 -16.295
17.5 -15.895
17.5 -17.725
17.5 -18.78
17.5 -14.595
17.5 -13.65
17.5 -16.33
17.5 -16.755
17.5 -15.73
17.5 -16.055
17.5 -13.175
17.5 -15.69
17.5 -19.555
17.5 -11.885
17.5 -13.09
17.5 -16.665
17.5 -17.445
17.5 -13.41
17.5 -16.38
17.5 -16.425
17.5 -14.66
17.5 -12.765
17.5 -17.075
17.5 -18.035
17.5 -14.76
17.5 -15.73
17.5 -16.46
17.5 -17.305
17.5 -15.765
17.5 -16.765
17.5 -15.595
17.5 -17.805
17.5 -18.335
17.5 -18.3
17.5 -14.03
17.5 -13.415
17.5 -17.175
17.5 -16.46
17.5 -16.91
17.5 -15.1
17.5 -14.03
17.5 -14.13
17.5 -16.775
17.5 -14.53
500
8.5 -37.005
16.5 -23.35
16.5 -17.84
16.5 -18.565
16.5 -14.17
16.5 -16.315
16.5 -18.085
16.5 -17.095
16.5 -17.1
16.5 -14.25
16.5 -18.395
16.5 -19.865
16.5 -16.52
16.5 -15.545
16.5 -18.185
16.5 -17.94
16.5 -20.66
16.5 -21.465
16.5 -16.86
16.5 -14.82
16.5 -16.215
16.5 -17.53
16.5 -14.13
16.5 -15.2
16.5 -14.4
16.5 -16.45
16.5 -14.32
16.5 -14.995
16.5 -16.005
16.5 -14.135
16.5 -15.055
16.5 -16.115
16.5 -16.62
16.5 -15.965
16.5 -14.58
16.5 -11.41
16.5 -13.185
16.5 -10.43
16.5 -19.15
16.5 -16.345
16.5 -18.455
16.5 -17.135
16.5 -16.715
16.5 -16.0
16.5 -17.165
16.5 -17.545
16.5 -18.92
16.5 -14.46
16.5 -14.79
16.5 -13.595
16.5 -14.825
16.5 -13.475
16.5 -12.165
16.5 -12.64
16.5 -17.365
16.5 -17.71
16.5 -12.3
16.5 -13.12
16.5 -15.36
16.5 -9.035
16.5 -14.89
16.5 -12.485
16.5 -15.2
16.5 -12.17
16.5 -13.94
16.5 -17.61
16.5 -17.725
16.5 -14.93
16.5 -16.055
16.5 -13.98
16.5 -17.125
16.5 -14.305
16.5 -19.47
16.5 -16.57
16.5 -17.15
16.5 -16.875
16.5 -14.325
16.5 -13.145
16.5 -12.69
16.5 -16.455
16.5 -13.2
16.5 -15.21
16.5 -16.69
16.5 -15.49
16.5 -14.86
16.5 -17.12
16.5 -14.68
16.5 -17.575
16.5 -20.295
16.5 -19.815
16.5 -18.65
16.5 -13.26
16.5 -17.725
16.5 -20.45
16.5 -22.195
16.5 -15.395
16.5 -15.57
16.5 -15.825
16.5 -14.23
16.5 -15.27
16.5 -14.285
16.5 -14.54
16.5 -16.945
16.5 -15.16
16.5 -18.39
16.5 -13.79
16.5 -15.21
16.5 -16.225
16.5 -15.585
16.5 -14.36
16.5 -15.32
16.5 -13.13
16.5 -18.36
16.5 -15.68
16.5 -19.055
16.5 -19.94
16.5 -13.425
16.5 -12.24
16.5 -18.795
16.5 -12.655
16.5 -13.74
16.5 -16.195
16.5 -18.06
17.5 -16.015
17.5 -16.09
17.5 -14.63
17.5 -14.01
17.5 -19.065
17.5 -17.4
17.5 -13.15
17.5 -11.45
17.5 -19.705
17.5 -16.36
17.5 -18.785
17.5 -20.29
17.5 -16.065
17.5 -18.57
17.5 -16.405
17.5 -20.43
17.5 -20.18
17.5 -18.295
17.5 -22.26
17.5 -18.11
17.5 -16.215
17.5 -14.6
17.5 -15.46
17.5 -16.67
17.5 -17.8
17.5 -14.935
17.5 -19.555
17.5 -17.915
17.5 -17.295
17.5 -13.69
17.5 -17.98
17.5 -16.965
17.5 -13.33
17.5 -12.405
17.5 -15.75
17.5 -11.49
17.5 -16.065
17.5 -12.105
17.5 -12.48
17.5 -12.425
17.5 -14.01
17.5 -15.79
17.5 -17.71
17.5 -17.27
17.5 -14.675
17.5 -13.605
17.5 -16.21
17.5 -17.905
17.5 -16.96
17.5 -15.845
17.5 -16.79
17.5 -15.165
17.5 -16.005
17.5 -17.48
17.5 -15.565
17.5 -14.94
17.5 -13.3
17.5 -15.735
17.5 -12.425
17.5 -15.025
17.5 -14.71
17.5 -15.115
17.5 -15.755
17.5 -15.035
17.5 -13.505
17.5 -14.5
17.5 -12.04
17.5 -14.3
17.5 -13.875
17.5 -17.54
17.5 -16.32
17.5 -17.15
17.5 -15.225
17.5 -16.7
17.5 -15.765
17.5 -19.53
17.5 -16.665
17.5 -17.385
17.5 -21.585
17.5 -14.105
17.5 -14.445
17.5 -15.26
17.5 -16.075
17.5 -14.625
17.5 -17.155
17.5 -19.165
17.5 -21.375
17.5 -13.83
17.5 -16.895
17.5 -16.805
17.5 -16.785
17.5 -17.485
17.5 -11.885
17.5 -15.51
17.5 -14.3
17.5 -10.015
17.5 -13.65
17.5 -17.1
17.5 -17.33
17.5 -14.505
17.5 -15.055
17.5 -17.555
17.5 -16.15
17.5 -16.695
17.5 -20.995
17.5 -13.03
17.5 -12.525
17.5 -15.1
17.5 -15.05
17.5 -15.1
17.5 -15.97
17.5 -16.105
17.5 -17.635
17.5 -18.645
17.5 -19.26
17.5 -16.66
17.5 -15.78
17.5 -18.8
17.5 -15.43
17.5 -12.27
17.5 -16.135
17.5 -20.175
17.5 -17.655
17.5 -15.225
17.5 -17.41
17.5 -17.235
17.5 -17.36
17.5 -16.06
17.5 -18.455
17.5 -15.065
17.5 -14.33
17.5 -16.74
17.5 -15.565
17.5 -16.535
17.5 -14.895
17.5 -17.46
17.5 -16.25
17.5 -10.77
17.5 -10.825
17.5 -10.425
17.5 -11.23
17.5 -12.69
17.5 -15.27
17.5 -17.775
17.5 -14.13
17.5 -13.94
17.5 -17.485
17.5 -14.905
17.5 -14.045
17.5 -10.625
17.5 -13.095
17.5 -17.29
17.5 -17.205
17.5 -19.19
17.5 -17.68
17.5 -18.045
17.5 -12.425
17.5 -14.055
17.5 -20.07
17.5 -15.825
17.5 -19.12
17.5 -14.36
17.5 -15.13
17.5 -15.255
17.5 -13.655
17.5 -15.86
17.5 -16.27
17.5 -15.85
17.5 -14.425
17.5 -14.52
17.5 -13.365
17.5 -19.415
17.5 -16.755
17.5 -15.475
17.5 -14.315
17.5 -14.49
17.5 -17.195
17.5 -17.935
17.5 -14.24
17.5 -15.955
17.5 -11.835
17.5 -14.3
17.5 -14.125
17.5 -14.05
17.5 -15.415
17.5 -14.51
17.5 -17.295
17.5 -17.64
17.5 -16.955
17.5 -16.24
17.5 -18.435
17.5 -18.895
17.5 -16.275
17.5 -12.445
17.5 -16.71
17.5 -14.81
17.5 -13.005
17.5 -15.905
17.5 -15.8
17.5 -14.175
17.5 -14.74
17.5 -17.995
17.5 -15.845
17.5 -14.14
17.5 -18.375
17.5 -17.625
17.5 -16.875
17.5 -15.15
17.5 -10.745
17.5 -13.91
17.5 -16.175
17.5 -18.22
17.5 -18.11
17.5 -14.84
17.5 -17.52
17.5 -16.865
17.5 -18.35
17.5 -17.925
17.5 -19.915
17.5 -16.435
17.5 -16.845
17.5 -20.905
17.5 -16.75
17.5 -17.395
17.5 -15.65
17.5 -15.76
17.5 -16.775
18.0 -16.305
18.0 -13.585
18.0 -17.875
18.0 -16.265
18.0 -15.415
18.0 -16.07
18.0 -17.14
18.0 -17.01
18.0 -16.555
18.0 -17.725
18.0 -14.195
18.0 -15.365
18.0 -16.365
18.0 -17.505
18.0 -16.335
18.0 -14.495
18.0 -14.025
18.0 -13.54
18.0 -16.635
18.0 -17.5
18.0 -16.16
18.0 -12.765
18.0 -13.18
18.0 -18.39
18.0 -13.36
18.0 -13.99
18.0 -17.84
18.0 -18.895
18.0 -18.355
18.0 -17.845
18.0 -16.705
18.0 -17.385
18.0 -12.19
18.0 -13.535
18.0 -13.15
18.0 -14.445
18.0 -14.855
18.0 -16.52
18.0 -16.235
18.0 -15.855
18.0 -16.32
18.0 -14.47
18.0 -17.27
18.0 -16.17
18.0 -14.77
18.0 -10.22
18.0 -14.9
18.0 -17.96
18.0 -19.8
18.0 -18.86
18.0 -18.775
18.0 -19.18
18.0 -15.07
18.0 -12.755
18.0 -12.995
18.0 -11.085
18.0 -13.345
18.0 -16.265
18.0 -17.82
18.0 -16.29
18.0 -14.885
18.0 -17.49
18.0 -15.745
18.0 -14.275
18.0 -16.29
18.0 -14.42
18.0 -17.125
18.0 -16.785
18.0 -16.225
18.0 -15.165
18.0 -17.66
18.0 -15.835
18.0 -16.03
18.0 -11.745
18.0 -15.09
18.0 -14.38
18.0 -16.495
18.0 -15.84
18.0 -14.29
18.0 -16.17
18.0 -15.855
18.0 -17.065
18.0 -20.9
18.0 -14.35
18.0 -14.47
18.0 -15.335
18.0 -16.005
18.0 -17.14
18.0 -18.275
18.0 -20.76
18.0 -16.815
18.0 -20.34
18.0 -16.68
18.0 -16.96
18.0 -16.805
18.0 -15.745
18.0 -16.55
18.0 -20.665
18.0 -22.08
18.0 -12.41
18.0 -15.05
18.0 -18.24
18.0 -15.745
18.0 -15.58
18.0 -16.495
18.0 -17.895
18.0 -15.375
18.0 -15.93
18.0 -18.24
18.0 -15.545
18.0 -15.545
18.0 -12.595
18.0 -15.255
18.0 -12.355
18.0 -12.275
18.0 -13.11
18.0 -11.9
18.0 -15.65
18.0 -16.6
18.0 -15.905
18.0 -15.405
18.0 -16.875
18.0 -18.99
18.0 -19.235
18.0 -13.68
18.0 -13.285
18.0 -13.785
18.0 -17.685
18.0 -15.54
18.0 -18.465
18.0 -16.535
18.0 -14.215
18.0 -15.53
18.0 -16.345
18.0 -16.945
18.0 -13.015
18.0 -19.36
18.0 -17.94
18.0 -15.72
18.0 -13.44
18.0 -8.835
18.0 -17.19
18.0 -18.98
18.0 -16.79
18.0 -15.35
18.0 -12.355
18.0 -14.27
18.0 -10.775
18.0 -15.42
18.0 -16.14

Individual: [1, 3, 5, 10, 12, 13, 16, 18, 32, 35, 38, 40, 46, 47, 49, 50]
   Fitness: 19.0
     Total: 16
Violations: 5 5

Individual: [1, 3, 4, 10, 11, 15, 17, 31, 32, 35, 36, 41, 43, 44, 49]
   Fitness: 18.5
     Total: 15
Violations: 4 4

Individual: [5, 6, 9, 11, 14, 19, 21, 25, 26, 39, 40, 42, 43, 49, 50]
   Fitness: 19.5
     Total: 15
Violations: 3 3

Individual: [2, 3, 9, 12, 16, 18, 19, 24, 27, 40, 41, 43, 44, 46, 49, 50]
   Fitness: 18.0
     Total: 16
Violations: 6 5

Individual: [1, 3, 4, 6, 7, 11, 13, 14, 29, 31, 32, 37, 41, 43, 46, 47]
   Fitness: 18.0
     Total: 16
Violations: 6 5

Individual: [2, 4, 7, 8, 10, 11, 13, 19, 32, 33, 35, 36, 38, 42, 47, 48, 50]
   Fitness: 18.5
     Total: 17
Violations: 7 7

Individual: [1, 3, 6, 10, 12, 13, 15, 16, 19, 21, 35, 37, 38, 40, 44, 46, 47, 49]
   Fitness: 20.0
     Total: 18
Violations: 7 6

Individual: [2, 4, 5, 8, 13, 15, 16, 18, 35, 39, 40, 41, 43, 48, 49, 50]
   Fitness: 18.0
     Total: 16
Violations: 6 6

Individual: [1, 4, 5, 6, 16, 29, 34, 35, 36, 45, 46, 49, 50]
   Fitness: 17.5
     Total: 13
Violations: 2 2

Individual: [1, 2, 4, 6, 7, 13, 14, 16, 17, 23, 29, 34, 36, 37, 38, 43, 44, 46]
   Fitness: 18.0
     Total: 18
Violations: 9 6
