10
500
14.0 -45.715
17.0 -18.61
17.0 -3.095
17.0 6.175
17.5 11.605
17.5 13.605
18.0 15.545
20.0 16.4
20.0 17.07
21.5 17.795
21.5 18.25
21.5 18.8
22.0 19.375
22.0 19.675
22.0 19.845
22.0 20.045
22.0 20.85
22.0 20.75
22.0 21.215
22.0 21.22
22.0 21.295
22.0 21.23
22.0 21.32
22.0 21.4
22.0 20.985
22.0 21.0
22.0 21.265
22.0 21.255
22.0 21.19
22.0 21.26
22.0 21.38
22.0 21.38
22.0 21.36
22.0 21.405
22.0 21.24
22.0 21.285
22.0 21.47
22.0 21.155
22.0 21.23
22.0 21.335
22.0 21.38
22.0 21.32
22.0 21.49
22.0 21.11
22.0 21.125
22.0 21.155
22.0 21.19
22.0 21.2
22.0 21.225
22.0 20.855
22.0 21.05
22.0 20.88
22.0 21.095
22.0 21.425
22.0 20.96
22.0 21.47
22.0 21.375
22.0 21.31
22.0 21.195
22.0 21.205
22.0 21.235
22.0 21.425
22.0 21.33
22.0 21.3
22.0 21.255
22.0 21.205
22.0 21.38
22.0 21.085
22.0 20.91
22.0 21.275
22.0 21.12
22.0 21.375
22.0 21.04
22.0 21.345
22.0 20.895
22.0 21.385
22.0 21.495
22.0 21.15
22.0 21.07
22.0 21.315
22.0 21.235
22.0 21.23
22.0 21.245
22.0 21.39
22.0 21.36
22.0 21.265
22.0 21.355
22.0 21.275
22.0 21.225
22.0 21.435
22.0 21.06
22.0 21.32
22.0 21.145
22.0 21.39
22.0 21.07
22.0 21.31
22.0 21.165
22.0 21.325
22.0 21.015
22.0 21.205
22.0 21.48
22.0 21.215
22.0 20.92
22.0 21.205
22.0 21.43
22.0 20.93
22.0 21.165
22.0 21.4
22.0 21.31
22.0 21.5
22.0 21.265
22.0 21.115
22.0 21.2
22.0 21.205
22.0 21.25
22.0 21.39
22.0 21.195
22.0 21.1
22.0 21.105
22.0 21.145
22.0 21.405
22.0 21.295
22.0 21.095
22.0 21.15
22.0 21.28
22.0 21.5
22.0 21.36
22.0 21.485
22.0 21.32
22.0 21.41
22.0 21.175
22.0 21.075
22.0 21.405
22.0 21.11
22.0 21.225
22.0 21.22
22.0 21.13
22.0 21.41
22.0 21.395
22.5 21.35
22.5 21.33
22.5 21.29
22.5 21.225
22.5 20.94
22.5 21.3
22.5 21.53
22.5 21.46
22.5 21.525
22.5 21.565
22.5 21.705
22.5 21.75
22.5 21.19
22.5 21.56
22.5 21.42
22.5 21.275
22.5 21.605
23.0 21.625
23.0 21.52
23.0 21.855
23.0 21.57
23.5 21.86
23.5 22.085
23.5 22.035
23.5 22.09
23.5 22.185
23.5 22.285
23.5 22.495
23.5 22.725
23.5 22.38
23.5 22.555
23.5 22.65
23.5 22.525
23.5 22.655
23.5 22.55
23.5 22.405
23.5 22.7
23.5 22.75
23.5 22.71
23.5 22.445
23.5 22.585
23.5 22.86
23.5 22.68
23.5 22.64
23.5 22.285
23.5 22.355
23.5 22.39
23.5 22.985
23.5 22.475
23.5 22.505
23.5 22.325
23.5 22.745
23.5 22.465
23.5 22.25
23.5 22.23
23.5 22.53
23.5 22.795
23.5 22.405
23.5 22.635
23.5 22.5
23.5 22.44
23.5 22.34
23.5 22.27
23.5 22.19
23.5 22.575
23.5 22.28
23.5 22.475
23.5 22.415
23.5 22.695
23.5 22.645
23.5 22.59
23.5 22.405
23.5 22.31
23.5 22.37
23.5 22.21
23.5 22.37
23.5 22.685
23.5 22.51
23.5 22.525
23.5 22.41
23.5 22.115
23.5 22.39
23.5 22.445
23.5 22.5
23.5 22.58
23.5 22.445
23.5 22.45
23.5 22.67
23.5 22.595
23.5 22.625
23.5 22.89
23.5 22.61
23.5 22.505
23.5 22.505
23.5 22.615
23.5 22.615
23.5 22.285
23.5 22.5
23.5 22.53
23.5 22.785
23.5 22.425
23.5 22.2
23.5 22.405
23.5 22.6
23.5 22.19
23.5 22.535
23.5 22.36
23.5 22.695
23.5 22.48
23.5 22.655
23.5 22.55
23.5 22.72
23.5 22.43
23.5 22.325
23.5 22.515
23.5 22.66
23.5 22.505
23.5 22.76
23.5 22.405
23.5 22.825
23.5 22.75
23.5 22.675
23.5 22.475
23.5 22.7
23.5 22.445
23.5 22.265
23.5 22.46
23.5 22.03
23.5 22.585
23.5 22.56
23.5 22.875
23.5 22.61
23.5 22.345
23.5 22.11
23.5 22.665
23.5 22.75
23.5 22.755
23.5 22.545
23.5 22.53
23.5 22.71
23.5 22.34
23.5 22.285
23.5 22.26
23.5 22.335
23.5 22.32
23.5 22.24
23.5 22.145
23.5 22.65
23.5 22.63
23.5 22.55
23.5 22.54
23.5 22.355
23.5 22.655
23.5 22.615
23.5 22.65
23.5 22.46
23.5 22.455
23.5 22.62
23.5 22.495
23.5 22.275
23.5 22.73
23.5 22.88
23.5 22.475
23.5 22.725
23.5 22.7
23.5 22.71
23.5 22.735
23.5 22.48
23.5 22.35
23.5 22.51
23.5 22.53
23.5 22.385
23.5 22.82
23.5 22.72
23.5 22.485
23.5 22.3
23.5 22.65
23.5 22.69
23.5 22.44
23.5 22.51
23.5 22.27
23.5 22.535
23.5 22.7
23.5 22.495
23.5 22.315
23.5 22.335
23.5 22.42
23.5 22.89
23.5 22.285
23.5 22.18
23.5 22.565
23.5 22.495
23.5 22.46
23.5 22.625
23.5 22.59
23.5 22.635
23.5 22.61
23.5 22.58
23.5 22.485
23.5 22.795
23.5 22.765
23.5 22.655
23.5 22.715
23.5 22.275
23.5 22.53
23.5 22.535
23.5 22.55
23.5 22.7
23.5 22.435
23.5 22.595
23.5 22.235
23.5 22.815
23.5 22.525
23.5 22.755
23.5 22.68
23.5 22.795
23.5 22.55
23.5 22.395
23.5 22.18
23.5 23.02
23.5 22.45
23.5 22.155
23.5 22.39
23.5 22.21
23.5 22.385
23.5 22.51
23.5 22.445
23.5 22.81
23.5 22.695
23.5 22.57
23.5 22.855
23.5 22.585
23.5 22.605
23.5 22.615
23.5 22.62
23.5 22.35
23.5 22.46
23.5 22.195
23.5 22.425
23.5 22.435
23.5 22.265
23.5 22.335
23.5 22.375
23.5 22.63
23.5 22.59
23.5 22.945
23.5 22.535
23.5 22.365
23.5 22.705
23.5 22.53
23.5 22.425
23.5 22.81
23.5 22.39
23.5 22.79
23.5 22.67
23.5 22.74
23.5 22.45
23.5 22.505
23.5 22.525
23.5 22.825
23.5 22.3
23.5 22.46
23.5 22.555
23.5 22.705
23.5 22.54
23.5 22.84
23.5 22.355
23.5 22.81
23.5 22.72
23.5 22.56
23.5 22.525
23.5 22.56
23.5 22.67
23.5 22.15
23.5 22.72
23.5 22.54
23.5 22.215
23.5 22.295
23.5 22.62
23.5 22.9
23.5 22.49
23.5 22.5
23.5 22.615
23.5 22.805
23.5 22.745
23.5 22.62
23.5 22.485
23.5 22.315
23.5 22.42
23.5 22.52
23.5 22.46
23.5 22.585
23.5 22.39
23.5 22.38
23.5 22.905
23.5 22.61
23.5 22.54
23.5 22.68
23.5 22.76
23.5 22.55
23.5 22.51
23.5 22.83
23.5 22.46
23.5 22.44
23.5 22.565
23.5 22.46
23.5 22.46
23.5 22.38
23.5 22.7
23.5 22.82
23.5 22.535
23.5 22.385
23.5 22.425
23.5 22.54
23.5 22.655
23.5 22.49
23.5 22.335
23.5 22.65
23.5 22.905
23.5 22.76
23.5 22.625
23.5 22.815
23.5 22.85
23.5 22.415
23.5 22.7
23.5 22.315
23.5 22.44
23.5 22.755
23.5 22.705
23.5 22.665
23.5 22.49
23.5 22.625
23.5 22.215
23.5 22.465
23.5 22.545
23.5 22.22
23.5 22.445
23.5 22.49
23.5 22.385
23.5 22.395
23.5 22.545
23.5 22.485
23.5 22.435
23.5 22.76
23.5 22.635
23.5 22.53
23.5 22.625
23.5 22.705
23.5 22.355
23.5 22.405
23.5 22.62
23.5 22.615
23.5 22.775
23.5 22.345
23.5 22.44
23.5 22.22
23.5 22.565
23.5 22.535
23.5 22.725
23.5 22.51
23.5 22.64
500
8.5 -38.085
9.5 -15.45
14.0 -3.145
15.0 3.62
16.0 8.785
16.5 12.575
17.5 14.19
17.5 14.995
18.5 15.87
19.0 16.485
19.5 17.2
20.0 17.365
21.0 17.47
21.0 18.45
21.0 18.81
21.0 18.68
21.5 19.09
21.5 19.535
21.5 19.63
21.5 19.9
21.5 20.335
22.0 20.39
22.0 20.425
22.0 20.55
22.0 20.905
22.0 20.69
22.5 21.1
22.5 21.215
22.5 20.905
22.5 21.145
22.5 21.055
22.5 21.37
22.5 21.79
22.5 21.715
22.5 21.715
22.5 21.665
22.5 21.875
22.5 21.625
22.5 21.72
22.5 21.915
22.5 21.485
22.5 21.705
22.5 21.86
22.5 21.655
22.5 21.88
22.5 21.7
22.5 21.665
22.5 21.56
22.5 21.685
22.5 21.69
22.5 21.615
22.5 21.535
22.5 21.93
22.5 21.775
22.5 22.055
22.5 21.835
22.5 21.87
22.5 21.84
22.5 21.605
22.5 21.78
22.5 21.785
22.5 21.635
22.5 21.565
22.5 21.59
22.5 21.455
22.5 21.57
22.5 21.585
22.5 21.755
22.5 21.81
22.5 21.96
22.5 21.595
22.5 21.78
22.5 21.725
22.5 21.525
22.5 21.675
22.5 21.8
22.5 21.76
22.5 21.675
22.5 21.855
22.5 21.655
22.5 21.765
22.5 21.895
22.5 21.79
22.5 21.79
22.5 21.74
22.5 21.665
22.5 21.995
22.5 21.65
22.5 21.69
22.5 21.545
22.5 21.53
22.5 21.48
22.5 21.915
22.5 21.595
22.5 21.74
22.5 21.705
22.5 21.635
22.5 21.97
22.5 21.755
22.5 21.79
22.5 21.805
22.5 21.79
22.5 21.755
22.5 21.825
22.5 21.66
22.5 21.65
22.5 21.685
22.5 21.675
22.5 21.87
22.5 21.86
22.5 21.72
22.5 21.65
22.5 21.815
22.5 21.445
22.5 21.765
22.5 21.71
22.5 21.72
22.5 21.73
22.5 21.91
22.5 21.915
22.5 21.745
22.5 21.695
22.5 21.655
22.5 21.64
22.5 21.6
22.5 21.695
22.5 21.715
22.5 21.54
22.5 21.815
22.5 21.92
22.5 21.535
22.5 21.665
22.5 21.66
22.5 21.895
22.5 21.96
22.5 21.71
22.5 21.67
22.5 21.7
22.5 21.645
22.5 21.56
22.5 21.78
22.5 21.465
22.5 21.865
22.5 21.835
22.5 21.8
22.5 21.775
22.5 21.61
22.5 21.675
22.5 21.74
22.5 21.795
22.5 21.88
22.5 21.755
22.5 21.61
22.5 21.545
22.5 21.71
22.5 21.86
22.5 21.685
22.5 21.78
22.5 21.69
22.5 21.85
22.5 21.715
22.5 21.79
22.5 21.83
22.5 21.805
22.5 21.66
22.5 21.865
22.5 21.955
22.5 21.915
22.5 21.675
22.5 21.59
22.5 21.935
22.5 21.885
22.5 21.995
22.5 21.865
22.5 21.845
22.5 21.78
22.5 21.925
22.5 21.935
22.5 21.74
22.5 21.705
22.5 21.91
22.5 21.82
22.5 21.665
22.5 21.6
22.5 21.65
22.5 21.755
22.5 21.71
22.5 21.865
22.5 21.61
22.5 21.705
22.5 21.81
22.5 21.785
22.5 21.85
22.5 21.785
22.5 22.07
22.5 21.66
22.5 21.72
22.5 21.745
22.5 21.87
22.5 21.64
22.5 21.715
22.5 21.81
22.5 21.66
22.5 21.945
22.5 21.785
22.5 21.93
22.5 21.6
22.5 21.595
22.5 21.78
22.5 21.975
22.5 21.82
22.5 21.875
22.5 21.805
22.5 21.785
22.5 21.95
22.5 21.79
22.5 21.68
22.5 21.61
22.5 21.74
22.5 21.42
22.5 21.59
22.5 21.44
22.5 21.62
22.5 21.78
22.5 21.975
22.5 21.62
22.5 21.69
22.5 21.57
22.5 21.855
22.5 21.835
22.5 21.585
22.5 21.67
22.5 21.795
22.5 21.645
22.5 21.605
22.5 21.6
22.5 21.755
22.5 21.79
22.5 21.79
22.5 21.83
22.5 21.815
22.5 21.905
22.5 21.655
22.5 21.75
22.5 21.88
22.5 21.655
22.5 21.805
22.5 21.72
22.5 21.545
22.5 21.625
22.5 21.725
22.5 21.845
22.5 21.765
22.5 21.54
22.5 21.7
22.5 21.695
22.5 21.595
22.5 21.625
22.5 21.55
22.5 21.9
22.5 21.7
22.5 21.69
22.5 21.48
22.5 21.91
22.5 21.805
22.5 21.465
22.5 21.3
22.5 21.565
22.5 21.75
22.5 21.75
22.5 21.71
22.5 21.8
22.5 21.885
22.5 21.79
22.5 21.51
22.5 21.81
22.5 21.56
22.5 21.64
22.5 21.915
22.5 21.61
22.5 21.74
22.5 21.93
22.5 21.73
22.5 21.735
22.5 21.47
22.5 21.76
22.5 21.835
22.5 21.86
22.5 21.905
22.5 21.84
22.5 21.68
22.5 21.63
22.5 21.72
22.5 21.84
22.5 21.77
22.5 21.755
22.5 21.675
22.5 21.69
22.5 21.715
22.5 21.745
22.5 21.78
22.5 21.495
22.5 21.645
22.5 21.915
22.5 21.68
22.5 21.775
22.5 21.975
22.5 21.975
22.5 21.82
22.5 21.725
22.5 21.52
22.5 21.755
22.5 21.73
22.5 21.72
22.5 21.845
22.5 21.68
22.5 21.63
22.5 21.665
22.5 21.875
22.5 21.76
22.5 21.715
22.5 21.73
22.5 21.525
22.5 21.745
22.5 21.755
22.5 21.5
22.5 21.515
22.5 22.01
22.5 21.55
22.5 21.715
22.5 21.98
22.5 21.85
22.5 21.63
22.5 21.52
22.5 21.795
22.5 21.715
22.5 21.795
22.5 21.85
22.5 21.515
22.5 21.7
22.5 21.82
22.5 22.0
22.5 21.725
22.5 21.775
22.5 21.785
22.5 21.74
22.5 21.65
22.5 21.91
22.5 21.715
22.5 21.71
22.5 21.9
22.5 21.575
22.5 21.69
22.5 21.64
22.5 21.89
22.5 21.88
22.5 21.88
22.5 21.845
22.5 21.74
22.5 21.83
22.5 21.485
22.5 21.765
22.5 21.78
22.5 21.88
22.5 21.915
22.5 21.78
22.5 21.715
22.5 21.765
22.5 21.805
22.5 21.635
22.5 21.375
22.5 21.565
22.5 21.735
22.5 21.81
22.5 22.01
22.5 21.74
22.5 21.62
22.5 21.62
22.5 21.82
22.5 21.445
22.5 21.4
22.5 21.56
22.5 21.755
22.5 21.665
22.5 21.825
22.5 21.73
22.5 21.615
22.5 21.805
22.5 21.875
22.5 21.725
22.5 21.735
22.5 21.915
22.5 21.925
22.5 21.79
22.5 21.59
22.5 21.96
22.5 21.64
22.5 21.825
22.5 21.705
22.5 21.82
22.5 21.99
22.5 21.7
22.5 21.985
22.5 21.605
22.5 21.435
22.5 21.665
22.5 21.66
22.5 21.78
22.5 21.855
22.5 22.0
22.5 21.545
22.5 21.88
22.5 21.595
22.5 21.36
22.5 21.895
22.5 21.665
22.5 21.62
22.5 21.615
22.5 21.715
22.5 21.9
22.5 21.76
22.5 21.56
22.5 21.735
22.5 21.81
22.5 21.565
22.5 21.615
22.5 21.825
22.5 21.78
22.5 21.84
22.5 21.46
22.5 21.925
22.5 21.925
22.5 21.755
22.5 21.765
22.5 21.5
22.5 21.53
22.5 21.585
22.5 21.43
22.5 21.56
22.5 21.71
22.5 21.955
22.5 21.665
22.5 21.75
22.5 21.795
22.5 21.815
22.5 21.795
22.5 21.625
22.5 21.615
22.5 21.835
22.5 21.715
22.5 21.875
22.5 21.805
22.5 21.625
22.5 21.95
22.5 21.62
22.5 21.64
22.5 21.895
22.5 21.74
22.5 21.655
22.5 21.725
22.5 21.635
22.5 21.76
22.5 21.74
22.5 21.81
22.5 21.91
22.5 21.81
22.5 21.68
22.5 21.785
22.5 21.75
22.5 21.665
22.5 21.81
22.5 21.39
22.5 21.88
22.5 21.73
22.5 21.51
22.5 21.665
22.5 21.62
22.5 21.725
22.5 21.8
22.5 21.855
22.5 21.7
22.5 21.985
22.5 21.685
22.5 21.885
22.5 21.87
22.5 21.625
22.5 21.965
22.5 22.0
22.5 21.685
22.5 21.64
22.5 21.61
22.5 21.765
22.5 21.745
22.5 21.655
22.5 21.7
22.5 21.615
22.5 21.715
22.5 21.585
22.5 21.695
22.5 21.805
500
10.5 -37.58
10.5 -12.91
10.5 -2.365
12.5 4.58
15.0 9.315
15.0 11.29
16.5 12.05
16.5 13.28
18.0 13.905
18.0 14.405
19.5 14.995
20.0 15.575
20.0 15.65
20.0 15.865
20.0 16.875
20.0 17.465
20.5 18.005
21.0 18.685
21.5 18.685
21.5 19.495
22.0 19.91
22.0 20.54
22.0 20.905
22.0 21.27
22.0 21.05
22.0 21.055
22.0 21.42
22.0 21.205
22.0 21.355
22.0 21.3
22.0 21.305
22.0 21.43
22.0 21.14
22.0 21.375
22.0 21.295
22.0 20.935
22.0 21.195
22.0 21.205
22.0 21.27
22.0 20.935
22.0 21.215
22.0 21.345
22.0 21.37
22.0 21.355
22.0 21.385
22.0 21.4
22.0 21.25
22.0 21.005
22.0 21.095
22.0 21.315
22.0 21.28
22.0 21.45
22.0 21.425
22.0 21.2
22.0 20.515
22.0 21.315
22.0 21.27
22.0 21.14
22.0 21.145
22.0 21.43
22.0 21.36
22.0 21.335
22.0 21.36
22.0 21.25
22.0 21.225
22.0 21.34
22.0 21.285
22.0 21.24
22.0 20.88
22.0 21.41
22.0 20.905
22.0 21.14
22.0 21.315
22.0 21.485
22.0 21.27
22.0 21.21
22.0 21.145
22.0 21.36
22.0 21.265
22.0 21.21
22.0 21.045
22.0 20.795
22.0 20.94
22.0 21.255
22.0 20.94
22.0 21.285
22.0 21.095
22.0 21.29
22.0 20.99
22.0 21.39
22.0 21.4
22.0 21.155
22.0 21.11
22.0 21.145
22.0 21.085
22.0 21.17
22.0 21.29
22.0 21.24
22.0 21.085
22.0 21.085
22.0 21.1
22.0 21.29
22.0 20.96
22.0 21.375
22.0 21.3
22.0 21.16
22.0 21.29
22.0 21.44
22.0 21.36
22.0 21.135
22.0 21.04
22.0 21.025
22.0 21.26
22.0 21.14
22.0 21.04
22.0 20.995
22.0 21.055
22.0 20.96
22.0 21.13
22.0 21.315
22.0 21.345
22.0 21.09
22.0 21.36
22.0 21.245
22.0 21.285
22.0 21.395
22.0 20.935
22.0 21.365
22.0 21.095
22.0 21.065
22.0 21.075
22.0 21.25
22.0 21.47
22.0 21.39
22.0 21.245
22.0 21.38
22.0 21.1
22.0 21.035
22.0 20.935
22.0 21.01
22.0 21.0
22.0 21.085
22.0 21.195
22.0 21.08
22.0 21.255
22.0 21.175
22.0 21.16
22.0 21.05
22.0 21.205
22.0 21.195
22.0 21.235
22.0 21.175
22.0 21.48
22.0 21.345
22.0 21.135
22.0 21.285
22.0 21.24
22.0 21.025
22.0 21.27
22.0 21.52
22.0 21.43
22.0 21.275
22.0 21.275
22.0 21.135
22.0 21.325
22.0 20.96
22.0 21.23
22.0 21.125
22.0 21.02
22.0 21.625
22.0 20.94
22.0 21.155
22.0 21.2
22.0 21.2
22.0 21.11
22.0 21.27
22.0 21.435
22.0 21.53
22.0 21.145
22.0 21.465
22.0 21.305
22.0 21.1
22.0 21.32
22.0 21.255
22.0 21.24
22.0 20.835
22.0 21.375
22.0 21.615
22.0 21.555
22.0 21.2
22.0 21.215
22.0 21.395
22.0 21.195
22.0 21.205
22.0 21.155
22.0 21.25
22.0 21.12
22.0 21.035
22.0 21.2
22.0 21.145
22.0 21.185
22.0 21.15
22.0 21.405
22.0 21.23
22.0 20.9
22.0 21.105
22.0 21.21
22.0 21.335
22.0 21.275
22.0 21.29
22.0 21.22
22.0 21.01
22.0 21.05
22.0 21.26
22.0 21.345
22.0 21.225
22.0 21.26
22.0 21.255
22.0 21.155
22.0 21.055
22.0 21.11
22.0 21.255
22.0 21.17
22.0 21.285
22.0 21.255
22.0 20.965
22.0 21.49
22.0 21.185
22.0 21.31
22.0 21.62
22.0 21.27
22.0 21.365
22.0 20.945
22.0 21.29
22.0 21.455
22.0 21.45
22.0 21.305
22.0 21.25
22.0 21.35
22.0 21.09
22.0 21.095
22.0 21.37
22.0 21.175
22.0 21.275
22.0 21.315
22.0 21.215
22.0 21.065
22.0 21.05
22.0 21.28
22.0 21.2
22.0 20.975
22.0 21.315
22.0 21.18
22.0 21.29
22.0 21.43
22.0 21.515
22.0 21.12
22.0 21.47
22.0 21.28
22.0 21.175
22.0 21.305
22.0 20.975
22.0 21.275
22.0 21.31
22.0 21.19
22.0 21.485
22.0 20.855
22.0 21.055
22.0 21.205
22.0 21.47
22.0 21.24
22.0 21.395
22.0 21.185
22.0 20.905
22.0 20.975
22.0 21.085
22.0 21.31
22.0 21.39
22.0 21.41
22.0 21.325
22.0 21.17
22.0 21.055
22.0 21.32
22.0 21.3
22.0 21.18
22.0 21.32
22.0 21.375
22.0 21.05
22.0 21.01
22.0 21.23
22.0 21.32
22.0 21.295
22.0 21.08
22.0 21.195
22.0 21.255
22.0 21.18
22.0 20.96
22.0 21.15
22.0 21.23
22.0 21.405
22.0 21.18
22.0 21.375
22.0 20.97
22.0 21.225
22.0 21.255
22.0 21.035
22.0 21.32
22.0 21.24
22.0 21.07
22.0 21.145
22.0 21.07
22.0 21.13
22.0 20.875
22.0 21.285
22.0 21.38
22.0 21.2
22.0 21.255
22.0 21.06
22.0 21.16
22.0 21.51
22.0 21.29
22.0 21.18
22.0 21.52
22.0 21.195
22.0 20.84
22.0 21.34
22.0 21.435
22.0 21.285
22.0 21.265
22.0 21.19
22.0 21.28
22.0 21.44
22.0 21.335
22.0 21.24
22.0 21.33
22.0 21.305
22.0 21.12
22.0 21.165
22.0 21.275
22.0 21.21
22.0 21.23
22.0 21.185
22.0 21.23
22.0 21.01
22.0 21.215
22.0 21.08
22.0 21.515
22.0 21.525
22.0 21.395
22.0 21.195
22.0 21.45
22.0 21.175
22.0 20.97
22.0 21.215
22.0 21.22
22.0 21.39
22.0 21.395
22.0 21.39
22.0 21.13
22.0 21.225
22.0 21.1
22.0 21.44
22.0 21.115
22.0 21.5
22.0 21.28
22.0 21.31
22.0 21.005
22.0 21.125
22.0 21.255
22.0 21.405
22.0 21.335
22.0 21.38
22.0 21.265
22.0 21.235
22.0 21.215
22.0 21.48
22.0 21.065
22.0 21.025
22.0 21.31
22.0 20.85
22.0 21.46
22.0 21.42
22.0 21.24
22.0 21.01
22.0 21.355
22.0 21.065
22.0 21.125
22.0 21.28
22.0 21.05
22.0 21.1
22.0 21.245
22.0 21.495
22.0 21.285
22.0 21.21
22.0 21.415
22.0 21.44
22.0 21.185
22.0 21.235
22.0 21.32
22.0 21.285
22.0 21.28
22.0 21.24
22.0 21.315
22.0 21.34
22.0 21.375
22.0 21.485
22.0 21.295
22.0 21.23
22.0 21.355
22.0 21.325
22.0 21.235
22.0 21.185
22.0 21.24
22.0 21.155
22.0 21.255
22.0 21.295
22.0 21.245
22.0 21.035
22.0 21.46
22.0 21.25
22.0 21.44
22.0 21.04
22.0 21.165
22.0 21.335
22.0 21.07
22.0 21.16
22.0 21.41
22.0 21.445
22.0 21.25
22.0 21.305
22.0 20.77
22.0 21.005
22.0 21.525
22.0 21.185
22.0 21.285
22.0 21.435
22.0 21.19
22.0 21.03
22.0 21.085
22.0 21.04
22.0 21.375
22.0 21.07
22.0 20.895
22.0 21.37
22.0 21.01
22.0 21.255
22.0 21.11
22.0 21.565
22.0 21.39
22.0 21.21
22.0 21.3
22.0 21.09
22.0 21.385
22.0 21.43
22.0 21.25
22.0 21.225
22.0 21.14
22.0 20.985
22.0 21.225
22.0 21.08
22.0 21.185
22.0 21.09
22.0 21.535
22.0 21.23
22.0 20.825
22.0 21.265
22.0 21.025
22.0 21.33
22.0 21.325
22.0 21.325
22.0 20.945
22.0 21.335
22.0 21.245
22.0 20.98
22.0 21.045
22.0 21.19
22.0 20.98
22.0 21.45
22.0 21.16
22.0 21.23
22.0 21.225
22.0 21.52
22.0 21.08
22.0 21.355
22.0 21.355
22.0 21.065
22.0 21.295
22.0 21.105
22.0 21.13
22.0 21.175
22.0 21.105
22.0 21.4
22.0 21.21
22.0 21.335
22.0 21.24
22.0 21.45
22.0 21.26
22.0 21.13
22.0 21.13
22.0 21.44
500
12.0 -34.225
12.0 -9.2
15.0 1.715
17.0 8.21
17.0 11.14
18.5 13.365
18.5 14.645
18.5 15.3
19.0 16.07
19.0 16.29
20.0 16.965
20.0 16.75
21.5 17.435
21.5 18.045
21.5 18.465
21.5 18.62
22.0 19.115
22.0 19.79
22.5 20.26
23.5 20.715
24.0 21.105
24.0 21.355
24.0 21.88
24.0 22.35
24.0 22.85
24.0 22.855
24.0 23.19
24.0 23.24
24.0 23.575
24.0 23.02
24.0 23.28
24.0 23.195
24.0 23.19
24.0 23.05
24.0 23.145
24.0 23.06
24.0 23.26
24.0 23.28
24.0 23.31
24.0 23.38
24.0 23.015
24.0 23.055
24.0 23.34
24.0 23.18
24.0 23.18
24.0 23.175
24.0 23.28
24.0 23.075
24.0 23.065
24.0 23.29
24.0 23.365
24.0 23.245
24.0 23.08
24.0 23.14
24.0 23.25
24.0 23.365
24.0 23.1
24.0 23.215
24.0 23.415
24.0 23.355
24.0 23.425
24.0 23.095
24.0 23.305
24.0 22.9
24.0 23.195
24.0 23.095
24.0 23.325
24.0 23.395
24.0 23.27
24.0 23.46
24.0 23.225
24.0 23.175
24.0 23.295
24.0 22.835
24.0 23.315
24.0 23.28
24.0 23.365
24.0 23.435
24.0 23.515
24.0 23.075
24.0 23.275
24.0 23.48
24.0 23.3
24.0 23.44
24.0 23.085
24.0 23.265
24.0 23.34
24.0 23.14
24.0 23.04
24.0 23.25
24.0 22.995
24.0 23.25
24.0 23.2
24.0 23.105
24.0 23.48
24.0 23.44
24.0 23.105
24.0 23.25
24.0 23.06
24.0 23.13
24.0 23.24
24.0 23.125
24.0 23.17
24.0 23.06
24.0 23.165
24.0 23.245
24.0 23.05
24.0 23.05
24.0 23.12
24.0 23.145
24.0 23.095
24.0 23.215
24.0 23.4
24.0 23.23
24.0 23.365
24.0 23.215
24.0 23.1
24.0 23.17
24.0 23.28
24.0 23.25
24.0 23.245
24.0 23.1
24.0 23.155
24.0 23.22
24.0 23.16
24.0 23.17
24.0 23.22
24.0 23.175
24.0 23.04
24.0 23.13
24.0 23.28
24.0 23.14
24.0 23.33
24.0 23.395
24.0 23.155
24.0 23.285
24.0 23.08
24.0 23.35
24.0 23.17
24.0 22.83
24.0 23.12
24.0 23.21
24.0 23.165
24.0 23.11
24.0 22.86
24.0 23.14
24.0 22.74
24.0 23.325
24.0 23.325
24.0 23.345
24.0 23.41
24.0 23.28
24.0 23.305
24.0 23.31
24.0 23.165
24.0 23.165
24.0 23.025
24.0 23.175
24.0 23.3
24.0 22.99
24.0 22.975
24.0 23.235
24.0 23.285
24.0 23.335
24.0 23.215
24.0 23.23
24.0 23.51
24.0 23.08
24.0 23.135
24.0 23.3
24.0 23.0
24.0 23.32
24.0 23.235
24.0 23.345
24.0 23.455
24.0 23.6
24.0 23.285
24.0 23.23
24.0 23.205
24.0 23.485
24.0 23.4
24.0 23.13
24.0 23.315
24.0 23.25
24.0 23.375
24.0 22.97
24.0 23.075
24.0 23.145
24.0 23.345
24.0 23.13
24.0 22.89
24.0 23.39
24.0 23.155
24.0 23.235
24.0 23.05
24.0 22.965
24.0 23.26
24.0 23.19
24.0 22.99
24.0 23.34
24.0 23.14
24.0 23.415
24.0 23.26
24.0 23.405
24.0 23.48
24.0 23.36
24.0 23.195
24.0 23.31
24.0 23.255
24.0 23.04
24.0 23.22
24.0 23.195
24.0 23.115
24.0 23.38
24.0 22.835
24.0 23.365
24.0 23.01
24.0 23.2
24.0 23.245
24.0 23.39
24.0 23.32
24.0 23.405
24.0 23.105
24.0 23.08
24.0 22.87
24.0 23.415
24.0 23.365
24.0 23.57
24.0 23.36
24.0 23.345
24.0 23.02
24.0 23.1
24.0 23.225
24.0 23.285
24.0 23.36
24.0 22.935
24.0 23.235
24.0 23.31
24.0 23.35
24.0 23.03
24.0 23.255
24.0 23.385
24.0 23.2
24.0 23.31
24.0 23.165
24.0 23.41
24.0 23.295
24.0 23.135
24.0 23.235
24.0 23.21
24.0 23.1
24.0 22.78
24.0 23.255
24.0 23.275
24.0 22.88
24.0 23.24
24.0 23.33
24.0 23.345
24.0 23.325
24.0 23.13
24.0 23.28
24.0 23.195
24.0 23.13
24.0 23.125
24.0 22.945
24.0 23.24
24.0 22.94
24.0 23.41
24.0 23.28
24.0 23.03
24.0 23.135
24.0 23.375
24.0 23.2
24.0 23.18
24.0 23.01
24.0 23.26
24.0 23.36
24.0 23.18
24.0 23.255
24.0 23.26
24.0 23.16
24.0 23.23
24.0 23.31
24.0 23.115
24.0 23.3
24.0 23.47
24.0 23.22
24.0 23.37
24.0 23.25
24.0 23.155
24.0 23.385
24.0 22.98
24.0 23.13
24.0 23.3
24.0 23.415
24.0 23.175
24.0 23.06
24.0 22.935
24.0 22.915
24.0 23.335
24.0 23.215
24.0 23.025
24.0 23.415
24.0 23.19
24.0 23.165
24.0 23.35
24.0 23.415
24.0 23.45
24.0 23.405
24.0 23.315
24.0 23.19
24.0 23.465
24.0 23.175
24.0 23.25
24.0 23.025
24.0 23.335
24.0 23.455
24.0 23.265
24.0 23.21
24.0 23.22
24.0 23.245
24.0 23.22
24.0 23.085
24.0 23.135
24.0 23.335
24.0 23.24
24.0 23.265
24.0 23.025
24.0 23.195
24.0 23.025
24.0 23.195
24.0 23.235
24.0 23.26
24.0 23.175
24.0 22.94
24.0 22.945
24.0 23.13
24.0 23.465
24.0 23.425
24.0 23.395
24.0 23.185
24.0 23.075
24.0 23.555
24.0 23.215
24.0 23.19
24.0 23.33
24.0 23.28
24.0 23.12
24.0 23.215
24.0 23.355
24.0 23.095
24.0 23.11
24.0 22.995
24.0 23.11
24.0 23.505
24.0 22.89
24.0 23.185
24.0 22.975
24.0 23.14
24.0 22.975
24.0 23.29
24.0 23.155
24.0 23.325
24.0 23.18
24.0 23.205
24.0 23.185
24.0 23.155
24.0 23.135
24.0 23.29
24.0 22.95
24.0 23.045
24.0 23.055
24.0 23.195
24.0 23.06
24.0 23.275
24.0 23.205
24.0 22.805
24.0 22.88
24.0 23.2
24.0 23.36
24.0 23.15
24.0 22.965
24.0 23.015
24.0 23.18
24.0 23.245
24.0 23.275
24.0 23.415
24.0 23.285
24.0 23.31
24.0 23.29
24.0 23.095
24.0 23.16
24.0 23.33
24.0 23.1
24.0 23.075
24.0 23.185
24.0 22.915
24.0 23.17
24.0 23.25
24.0 23.285
24.0 23.24
24.0 23.275
24.0 23.145
24.0 23.175
24.0 22.945
24.0 23.285
24.0 23.395
24.0 23.205
24.0 23.43
24.0 23.23
24.0 23.41
24.0 23.275
24.0 23.215
24.0 22.83
24.0 22.98
24.0 23.13
24.0 23.405
24.0 23.32
24.0 23.325
24.0 23.165
24.0 23.41
24.0 23.21
24.0 23.01
24.0 23.07
24.0 23.165
24.0 23.25
24.0 22.96
24.0 23.245
24.0 23.44
24.0 23.39
24.0 23.16
24.0 23.175
24.0 23.3
24.0 23.205
24.0 23.03
24.0 23.47
24.0 23.15
24.0 23.31
24.0 23.08
24.0 23.265
24.0 23.4
24.0 23.275
24.0 23.43
24.0 23.16
24.0 23.035
24.0 23.505
24.0 23.23
24.0 23.45
24.0 23.43
24.0 23.12
24.0 23.205
24.0 23.135
24.0 23.275
24.0 23.33
24.0 23.25
24.0 23.4
24.0 22.64
24.0 23.095
24.0 23.315
24.0 23.22
24.0 23.41
24.0 23.25
24.0 23.27
24.0 23.26
24.0 23.165
24.0 23.305
24.0 23.26
24.0 23.245
24.0 23.275
24.0 22.935
24.0 23.22
24.0 23.11
24.0 23.315
24.0 23.18
24.0 22.84
24.0 23.19
24.0 23.435
24.0 23.15
24.0 22.94
24.0 23.335
24.0 23.385
24.0 23.59
24.0 23.09
24.0 23.26
24.0 23.115
24.0 23.305
24.0 23.245
24.0 23.245
24.0 23.355
24.0 23.31
24.0 23.29
24.0 23.4
24.0 23.165
24.0 23.275
24.0 23.38
24.0 23.015
24.0 23.14
24.0 23.295
24.0 23.34
24.0 23.235
500
6.5 -35.75
10.5 -11.645
14.5 -0.85
14.5 5.605
15.5 9.31
16.5 12.305
18.0 13.1
20.0 14.45
20.0 15.47
20.0 16.825
21.0 17.72
21.5 18.67
22.5 19.39
22.5 19.93
22.5 20.33
22.5 20.52
22.5 20.9
22.5 21.36
22.5 21.47
23.0 21.795
23.0 21.825
23.0 21.965
23.0 21.66
23.0 21.94
23.0 22.145
23.5 22.155
23.5 22.165
23.5 22.035
23.5 21.945
23.5 21.965
23.5 22.545
23.5 22.64
23.5 22.6
23.5 22.625
23.5 22.485
23.5 22.655
23.5 22.285
23.5 22.68
23.5 22.765
23.5 22.81
23.5 22.77
23.5 22.51
23.5 22.6
23.5 22.43
23.5 22.28
23.5 22.785
23.5 22.665
23.5 22.89
23.5 22.575
23.5 22.695
23.5 22.6
23.5 22.46
23.5 22.44
23.5 22.505
23.5 22.37
23.5 22.635
23.5 22.855
23.5 22.82
23.5 22.84
23.5 22.61
23.5 22.695
23.5 22.56
23.5 22.43
23.5 22.7
23.5 22.675
23.5 22.62
23.5 22.81
23.5 22.57
23.5 22.535
23.5 22.32
23.5 22.37
23.5 22.6
23.5 22.67
23.5 22.525
23.5 22.58
23.5 22.685
23.5 22.635
23.5 22.65
23.5 22.46
23.5 22.36
23.5 22.545
23.5 22.41
23.5 22.915
23.5 22.89
23.5 22.855
23.5 22.795
23.5 22.525
23.5 22.875
23.5 22.59
23.5 22.49
23.5 22.77
23.5 22.805
23.5 22.71
23.5 22.43
23.5 22.655
23.5 22.705
23.5 22.745
23.5 22.63
23.5 22.615
23.5 22.685
23.5 22.565
23.5 22.405
23.5 22.495
23.5 22.44
23.5 22.39
23.5 22.225
23.5 22.255
23.5 22.6
23.5 22.395
23.5 22.425
23.5 22.6
23.5 22.71
23.5 22.72
23.5 22.485
23.5 22.315
23.5 22.94
23.5 22.555
23.5 22.365
23.5 22.49
23.5 22.59
23.5 22.445
23.5 22.365
23.5 22.655
23.5 22.635
23.5 22.39
23.5 22.52
23.5 22.325
23.5 22.24
23.5 22.48
23.5 22.4
23.5 22.665
23.5 22.28
23.5 22.24
23.5 22.525
23.5 22.705
23.5 22.66
23.5 22.61
23.5 22.395
23.5 22.605
23.5 22.685
23.5 22.065
23.5 22.62
23.5 22.69
23.5 22.785
23.5 22.5
23.5 22.5
23.5 22.64
23.5 22.42
23.5 22.33
23.5 22.455
23.5 22.7
23.5 22.36
23.5 22.845
23.5 22.185
23.5 22.425
23.5 22.92
23.5 22.74
23.5 22.77
23.5 22.595
23.5 22.31
23.5 22.65
23.5 22.985
23.5 22.91
23.5 22.735
23.5 22.58
23.5 22.37
23.5 22.735
23.5 22.575
23.5 22.55
23.5 22.48
23.5 22.885
23.5 22.26
23.5 22.47
23.5 22.755
23.5 22.46
23.5 22.855
23.5 22.63
23.5 22.765
23.5 22.735
23.5 22.695
23.5 22.57
23.5 22.1
23.5 22.455
23.5 22.315
23.5 22.555
23.5 22.375
23.5 22.66
23.5 22.465
23.5 22.44
23.5 22.295
23.5 22.66
23.5 22.265
23.5 22.165
23.5 22.47
23.5 22.775
23.5 22.57
23.5 22.495
23.5 22.79
23.5 22.31
23.5 22.645
23.5 22.665
23.5 22.675
23.5 22.655
23.5 22.185
23.5 22.315
23.5 22.7
23.5 22.72
23.5 22.59
23.5 22.645
23.5 22.26
23.5 22.565
23.5 22.585
23.5 22.77
23.5 22.68
23.5 22.72
23.5 22.6
23.5 22.775
23.5 22.785
23.5 22.805
23.5 22.745
23.5 22.265
23.5 22.455
23.5 22.83
23.5 22.445
23.5 22.525
23.5 22.53
23.5 22.545
23.5 22.225
23.5 22.655
23.5 22.78
23.5 22.81
23.5 22.375
23.5 22.72
23.5 22.65
23.5 22.67
23.5 22.67
23.5 22.665
23.5 22.8
23.5 22.575
23.5 22.62
23.5 22.87
23.5 22.57
23.5 22.415
23.5 22.81
23.5 22.26
23.5 22.36
23.5 22.82
23.5 22.6
23.5 22.76
23.5 22.44
23.5 22.565
23.5 22.9
23.5 22.58
23.5 22.35
23.5 22.61
23.5 22.785
23.5 22.66
23.5 22.79
23.5 22.3
23.5 22.245
23.5 22.605
23.5 22.565
23.5 22.43
23.5 22.57
23.5 22.66
23.5 22.745
23.5 22.8
23.5 22.49
23.5 22.8
23.5 22.18
23.5 22.8
23.5 22.57
23.5 22.655
23.5 22.32
23.5 22.37
23.5 22.365
23.5 22.675
23.5 22.465
23.5 22.55
23.5 22.435
23.5 22.37
23.5 22.6
23.5 22.755
23.5 22.75
23.5 22.715
23.5 22.675
23.5 22.6
23.5 22.64
23.5 22.545
23.5 22.385
23.5 22.515
23.5 22.765
23.5 22.43
23.5 22.11
23.5 22.295
23.5 22.435
23.5 22.845
23.5 22.505
23.5 22.55
23.5 22.49
23.5 22.87
23.5 22.86
23.5 22.67
23.5 22.635
23.5 22.7
23.5 22.68
23.5 22.55
23.5 22.51
23.5 22.32
23.5 22.665
23.5 22.615
23.5 22.715
23.5 22.81
23.5 22.765
23.5 22.62
23.5 22.72
23.5 22.35
23.5 22.455
23.5 22.635
23.5 22.635
23.5 22.65
23.5 22.485
23.5 22.675
23.5 22.445
23.5 22.725
23.5 22.58
23.5 22.595
23.5 22.75
23.5 22.445
23.5 22.74
23.5 22.525
23.5 22.44
23.5 22.395
23.5 22.395
23.5 22.465
23.5 22.205
23.5 22.495
23.5 22.265
23.5 22.545
23.5 22.695
23.5 22.355
23.5 22.375
23.5 22.365
23.5 22.52
23.5 22.355
23.5 22.625
23.5 22.285
23.5 22.645
23.5 22.425
23.5 22.58
23.5 22.515
23.5 22.59
23.5 22.67
23.5 22.405
23.5 22.24
23.5 22.815
23.5 22.635
23.5 22.48
23.5 22.535
23.5 22.585
23.5 22.21
23.5 22.615
23.5 22.49
23.5 22.315
23.5 22.305
23.5 22.405
23.5 22.53
23.5 22.75
23.5 22.8
23.5 22.54
23.5 22.95
23.5 22.87
23.5 22.605
23.5 22.225
23.5 22.74
23.5 22.61
23.5 22.705
23.5 22.47
23.5 22.24
23.5 22.78
23.5 22.735
23.5 22.765
23.5 22.725
23.5 22.69
23.5 22.665
23.5 22.37
23.5 22.45
23.5 22.575
23.5 22.65
23.5 22.56
23.5 22.735
23.5 22.745
23.5 22.57
23.5 22.235
23.5 22.44
23.5 22.475
23.5 22.495
23.5 22.155
23.5 22.515
23.5 22.62
23.5 22.23
23.5 22.7
23.5 22.545
23.5 22.415
23.5 22.8
23.5 22.58
23.5 22.72
23.5 22.25
23.5 22.795
23.5 22.89
23.5 22.8
23.5 22.465
23.5 22.465
23.5 22.79
23.5 22.335
23.5 22.305
23.5 22.36
23.5 22.64
23.5 22.88
23.5 22.32
23.5 22.84
23.5 22.445
23.5 22.565
23.5 22.775
23.5 22.51
23.5 22.1
23.5 22.375
23.5 22.545
23.5 22.415
23.5 22.53
23.5 22.725
23.5 22.78
23.5 22.83
23.5 22.68
23.5 22.965
23.5 22.83
23.5 22.05
23.5 22.145
23.5 22.42
23.5 22.72
23.5 22.74
23.5 22.215
23.5 22.48
23.5 22.775
23.5 22.54
23.5 22.63
23.5 22.325
23.5 22.835
23.5 22.335
23.5 22.74
23.5 22.83
23.5 22.74
23.5 22.605
23.5 22.43
23.5 22.41
23.5 22.525
23.5 22.215
23.5 22.4
23.5 22.435
23.5 22.24
23.5 22.56
23.5 22.63
23.5 22.485
23.5 22.23
23.5 22.495
23.5 22.35
23.5 22.435
23.5 22.075
23.5 22.345
23.5 22.595
23.5 22.79
23.5 22.745
23.5 22.63
23.5 22.53
23.5 22.415
23.5 22.355
23.5 22.635
23.5 22.595
23.5 22.29
23.5 22.27
23.5 22.43
23.5 22.71
23.5 22.445
23.5 22.545
23.5 22.66
23.5 22.595
23.5 22.485
23.5 22.575
23.5 22.74
23.5 22.665
23.5 22.59
23.5 22.34
23.5 22.725
23.5 22.405
23.5 22.73
23.5 22.845
23.5 22.425
23.5 22.68
23.5 22.92
23.5 22.4
500
9.5 -35.285
14.0 -14.28
15.0 -1.62
15.0 5.725
16.5 10.785
17.5 12.69
17.5 14.115
18.0 15.09
18.0 15.615
18.0 15.885
19.0 16.4
19.0 16.825
19.5 17.07
19.5 17.48
22.0 17.925
22.5 18.46
22.5 18.77
22.5 19.485
23.5 20.06
24.0 20.765
24.0 21.1
24.0 21.885
24.0 21.84
24.0 22.53
24.0 22.87
24.0 22.83
24.0 22.905
24.0 22.885
24.0 22.79
24.0 23.1
24.0 23.225
24.0 22.94
24.0 23.28
24.0 22.955
24.0 22.875
24.0 23.295
24.0 22.935
24.0 23.145
24.0 22.915
24.0 22.78
24.0 22.85
24.0 22.88
24.0 23.135
24.0 23.25
24.0 23.22
24.0 22.77
24.0 23.2
24.0 22.86
24.0 22.935
24.0 22.98
24.0 23.07
24.0 23.21
24.0 23.205
24.0 23.0
24.0 23.095
24.0 23.015
24.0 22.78
24.0 22.76
24.0 22.545
24.0 22.94
24.0 22.815
24.0 22.99
24.0 23.28
24.0 23.21
24.0 22.895
24.0 23.005
24.0 23.305
24.0 22.99
24.0 22.86
24.0 23.16
24.0 23.105
24.0 23.005
24.0 23.18
24.0 23.36
24.0 23.275
24.0 23.03
24.0 23.105
24.0 23.21
24.0 23.09
24.0 22.96
24.0 23.02
24.0 23.23
24.0 22.765
24.0 23.21
24.0 23.21
24.0 23.17
24.0 22.885
24.0 23.29
24.0 22.94
24.0 23.235
24.0 23.155
24.0 23.23
24.0 23.365
24.0 23.255
24.0 23.12
24.0 23.235
24.0 22.95
24.0 23.025
24.0 23.125
24.0 23.12
24.0 22.975
24.0 22.95
24.0 22.885
24.0 22.845
24.0 22.995
24.0 22.895
24.0 22.98
24.0 23.205
24.0 23.05
24.0 23.145
24.0 23.35
24.0 22.935
24.0 23.1
24.0 22.835
24.0 22.88
24.0 23.25
24.0 23.045
24.0 23.03
24.0 22.91
24.0 22.91
24.0 23.32
24.0 23.15
24.0 23.03
24.0 22.985
24.0 23.22
24.0 22.975
24.0 22.86
24.0 22.82
24.0 22.86
24.0 23.03
24.0 22.955
24.0 23.245
24.0 23.01
24.0 23.07
24.0 23.085
24.0 22.91
24.0 22.935
24.0 22.945
24.0 23.02
24.0 23.135
24.0 23.325
24.0 23.4
24.0 23.16
24.0 23.13
24.0 22.9
24.0 23.035
24.0 22.935
24.0 22.805
24.0 22.875
24.0 23.14
24.0 23.21
24.0 23.01
24.0 22.855
24.0 23.025
24.0 23.01
24.0 22.91
24.0 23.215
24.0 23.125
24.0 22.92
24.0 23.01
24.0 23.135
24.0 22.83
24.0 22.875
24.0 23.185
24.0 23.385
24.0 23.0
24.0 22.89
24.0 23.265
24.0 23.14
24.0 23.21
24.0 22.935
24.0 22.9
24.0 23.25
24.0 23.29
24.0 23.09
24.0 22.94
24.0 22.855
24.0 22.79
24.0 23.02
24.0 23.145
24.0 23.17
24.0 23.05
24.0 23.12
24.0 23.175
24.0 22.675
24.0 22.68
24.0 22.99
24.0 23.175
24.0 23.115
24.0 23.095
24.0 23.01
24.0 22.71
24.0 22.805
24.0 23.135
24.0 23.17
24.0 23.215
24.0 23.11
24.0 23.335
24.0 22.82
24.0 22.81
24.0 22.945
24.0 23.07
24.0 23.195
24.0 22.965
24.0 23.315
24.0 23.215
24.0 23.145
24.0 23.12
24.0 23.115
24.0 23.21
24.0 22.72
24.0 23.065
24.0 23.44
24.0 23.2
24.0 23.235
24.0 23.0
24.0 22.775
24.0 23.24
24.0 23.21
24.0 23.23
24.0 23.335
24.0 23.33
24.0 23.28
24.0 22.85
24.0 22.865
24.0 22.99
24.0 23.13
24.0 22.935
24.0 23.0
24.0 23.135
24.0 23.345
24.0 22.85
24.0 23.21
24.0 23.075
24.0 23.115
24.0 23.32
24.0 22.88
24.0 22.78
24.0 23.13
24.0 23.115
24.0 22.9
24.0 22.975
24.0 23.225
24.0 23.23
24.0 23.055
24.0 23.21
24.0 22.8
24.0 23.04
24.0 23.2
24.0 23.12
24.0 23.115
24.0 23.015
24.0 23.025
24.0 23.195
24.0 23.005
24.0 23.115
24.0 23.305
24.0 23.215
24.0 23.235
24.0 23.03
24.0 23.13
24.0 23.0
24.0 22.71
24.0 23.09
24.0 23.265
24.0 23.16
24.0 23.165
24.0 23.075
24.0 22.935
24.0 23.135
24.0 22.935
24.0 22.81
24.0 23.02
24.0 23.245
24.0 22.815
24.0 23.235
24.0 23.215
24.0 23.22
24.0 23.1
24.0 23.21
24.0 23.16
24.0 23.055
24.0 23.09
24.0 23.24
24.0 22.86
24.0 22.935
24.0 22.65
24.0 22.935
24.0 23.215
24.0 22.8
24.0 22.9
24.0 22.85
24.0 23.3
24.0 23.02
24.0 22.965
24.0 23.22
24.0 23.17
24.0 23.14
24.0 23.105
24.0 22.995
24.0 23.305
24.0 23.28
24.0 22.86
24.0 23.15
24.0 23.405
24.0 23.185
24.0 23.3
24.0 23.05
24.0 23.235
24.0 23.05
24.0 23.11
24.0 22.955
24.0 23.31
24.0 22.925
24.0 22.99
24.0 22.915
24.0 22.98
24.0 23.075
24.0 23.045
24.0 22.875
24.0 22.81
24.0 23.025
24.0 23.39
24.0 23.005
24.0 23.18
24.0 22.855
24.0 23.205
24.0 22.92
24.0 22.77
24.0 23.075
24.0 23.16
24.0 23.39
24.0 22.715
24.0 23.165
24.0 23.145
24.0 23.35
24.0 23.23
24.0 23.415
24.0 22.965
24.0 23.24
24.0 23.185
24.0 23.01
24.0 23.26
24.0 23.295
24.0 22.93
24.0 22.97
24.0 23.13
24.0 23.035
24.0 23.29
24.0 22.965
24.0 23.095
24.0 23.075
24.0 23.095
24.0 23.35
24.0 23.0
24.0 23.195
24.0 22.805
24.0 22.88
24.0 23.145
24.0 23.115
24.0 23.0
24.0 23.205
24.0 23.165
24.0 23.03
24.0 23.035
24.0 22.82
24.0 23.045
24.0 23.21
24.0 22.985
24.0 23.4
24.0 23.13
24.0 22.855
24.0 23.185
24.0 23.255
24.0 23.075
24.0 23.015
24.0 23.1
24.0 22.945
24.0 23.195
24.0 22.945
24.0 23.135
24.0 22.995
24.0 22.81
24.0 23.285
24.0 23.035
24.0 23.03
24.0 23.085
24.0 23.045
24.0 23.155
24.0 23.065
24.0 23.08
24.0 22.825
24.0 22.99
24.0 23.34
24.0 23.06
24.0 23.15
24.0 23.03
24.0 23.07
24.0 22.7
24.0 22.94
24.0 23.09
24.0 23.03
24.0 22.685
24.0 22.675
24.0 23.055
24.0 23.0
24.0 23.255
24.0 23.165
24.0 23.05
24.0 22.92
24.0 23.015
24.0 22.92
24.0 22.75
24.0 23.195
24.0 23.195
24.0 23.22
24.0 23.065
24.0 23.04
24.0 23.24
24.0 23.08
24.0 22.945
24.0 23.285
24.0 22.92
24.0 22.935
24.0 22.885
24.0 23.135
24.0 23.01
24.0 22.815
24.0 23.175
24.0 22.89
24.0 23.38
24.0 22.955
24.0 23.035
24.0 23.06
24.0 23.155
24.0 22.885
24.0 22.94
24.0 23.145
24.0 23.21
24.0 22.765
24.0 23.065
24.0 22.83
24.0 23.01
24.0 23.26
24.0 23.06
24.0 22.99
24.0 23.115
24.0 22.925
24.0 22.845
24.0 22.89
24.0 22.98
24.0 23.19
24.0 23.025
24.0 23.26
24.0 22.86
24.0 22.935
24.0 23.185
24.0 22.965
24.0 23.2
24.0 23.3
24.0 23.065
24.0 23.0
24.0 23.105
24.0 23.105
24.0 23.11
24.0 23.07
24.0 23.2
24.0 22.955
24.0 22.995
24.0 23.355
24.0 22.815
24.0 23.04
24.0 23.19
24.0 22.88
24.0 23.0
24.0 23.2
24.0 22.83
24.0 23.1
24.0 22.67
24.0 22.975
24.0 23.19
24.0 22.92
24.0 22.785
24.0 23.06
24.0 23.04
24.0 23.08
24.0 22.755
24.0 23.18
24.0 22.81
24.0 23.38
24.0 23.535
24.0 23.015
24.0 23.205
24.0 23.165
24.0 22.98
24.0 23.04
24.0 22.875
24.0 23.075
24.0 23.04
24.0 23.165
500
9.0 -36.515
13.0 -10.755
14.0 -0.41
15.5 6.015
16.0 9.505
18.0 12.375
18.0 14.035
19.0 15.075
19.5 15.86
19.5 16.725
20.0 17.665
20.0 18.24
20.5 18.575
21.0 18.925
21.5 19.065
21.5 19.205
22.0 19.74
22.0 19.99
22.5 20.73
22.5 21.11
22.5 21.08
22.5 20.9
22.5 21.255
22.5 21.68
23.0 21.665
23.0 21.575
23.0 21.975
23.0 22.325
23.0 22.155
23.0 22.205
23.0 22.435
23.0 22.13
23.0 22.265
23.0 22.235
23.0 22.315
23.0 22.33
23.0 22.255
23.0 22.255
23.0 22.245
23.0 22.31
23.0 22.055
23.0 21.905
23.0 22.095
23.0 22.18
23.0 22.22
23.0 21.97
23.0 22.005
23.0 22.145
23.0 22.235
23.0 22.02
23.0 22.12
23.0 22.26
23.0 22.33
23.0 22.34
23.0 22.385
23.0 22.415
23.0 22.34
23.0 22.22
23.0 22.15
23.0 22.27
23.0 22.03
23.0 22.125
23.0 22.125
23.0 22.275
23.0 22.435
23.0 22.0
23.0 22.18
23.0 21.78
23.0 21.915
23.0 22.095
23.0 22.46
23.0 22.435
23.0 22.07
23.0 22.135
23.0 22.13
23.0 21.995
23.0 22.325
23.0 22.28
23.0 22.055
23.0 21.99
23.0 21.96
23.0 22.4
23.0 22.365
23.0 22.33
23.0 22.375
23.0 22.405
23.0 22.19
23.0 22.355
23.0 22.22
23.0 22.23
23.0 22.26
23.0 22.345
23.0 22.21
23.0 21.975
23.0 21.95
23.0 22.22
23.0 22.12
23.0 22.275
23.0 22.085
23.0 22.275
23.0 22.33
23.0 22.2
23.0 22.345
23.0 22.125
23.0 22.095
23.0 22.445
23.0 22.235
23.0 22.265
23.0 22.47
23.0 22.17
23.0 22.395
23.0 22.205
23.0 22.58
23.0 22.34
23.0 22.14
23.0 22.06
23.0 22.28
23.0 22.125
23.0 22.13
23.0 22.14
23.0 22.42
23.0 22.265
23.0 22.23
23.0 22.105
23.0 22.12
23.0 22.145
23.0 22.275
23.0 22.185
23.0 22.205
23.0 22.36
23.0 22.32
23.0 22.055
23.0 22.34
23.0 22.405
23.0 22.285
23.0 22.16
23.0 22.21
23.0 22.14
23.0 22.295
23.0 22.05
23.0 22.2
23.0 22.34
23.0 22.23
23.0 22.115
23.0 21.935
23.0 22.3
23.0 22.43
23.0 22.18
23.0 22.3
23.0 22.57
23.0 22.03
23.0 22.335
23.0 22.18
23.0 22.48
23.0 22.37
24.0 22.195
24.0 22.125
24.0 22.465
24.0 22.135
24.0 22.305
24.0 22.755
24.0 22.87
24.0 23.215
24.0 23.18
24.0 23.275
24.0 23.295
24.0 23.345
24.0 23.11
24.0 22.7
24.0 23.065
24.0 23.075
24.0 23.14
24.0 22.905
24.0 23.0
24.0 22.965
24.0 23.015
24.0 22.78
24.0 23.025
24.0 23.34
24.0 23.48
24.0 22.99
24.0 23.14
24.0 23.19
24.0 22.975
24.0 23.1
24.0 23.175
24.0 23.145
24.0 23.075
24.0 23.325
24.0 22.965
24.0 23.04
24.0 23.025
24.0 23.045
24.0 23.34
24.0 23.225
24.0 23.51
24.0 23.19
24.0 23.225
24.0 23.235
24.0 23.02
24.0 23.11
24.0 22.955
24.0 22.915
24.0 23.17
24.0 23.205
24.0 23.335
24.0 22.955
24.0 23.29
24.0 22.77
24.0 23.26
24.0 23.435
24.0 23.385
24.0 23.04
24.0 23.25
24.0 23.06
24.0 23.155
24.0 23.075
24.0 23.265
24.0 22.965
24.0 23.015
24.0 23.145
24.0 23.025
24.0 23.0
24.0 23.405
24.0 23.33
24.0 23.245
24.0 22.65
24.0 23.39
24.0 22.91
24.0 23.095
24.0 23.31
24.0 23.17
24.0 23.09
24.0 23.12
24.0 23.18
24.0 23.17
24.0 23.25
24.0 23.215
24.0 23.035
24.0 23.31
24.0 22.87
24.0 23.2
24.0 22.9
24.0 22.855
24.0 23.075
24.0 23.11
24.0 23.28
24.0 23.205
24.0 23.345
24.0 23.215
24.0 23.21
24.0 23.345
24.0 23.325
24.0 23.335
24.0 22.99
24.0 23.015
24.0 22.995
24.0 22.825
24.0 22.905
24.0 23.12
24.0 23.17
24.0 23.35
24.0 23.36
24.0 22.81
24.0 23.095
24.0 22.97
24.0 23.04
24.0 23.365
24.0 23.485
24.0 23.35
24.0 23.355
24.0 23.045
24.0 23.245
24.0 22.9
24.0 22.945
24.0 23.24
24.0 22.675
24.0 22.9
24.0 23.04
24.0 22.885
24.0 23.09
24.0 23.035
24.0 23.185
24.0 23.14
24.0 23.27
24.0 23.325
24.0 23.215
24.0 23.385
24.0 23.27
24.0 23.295
24.0 23.095
24.0 23.165
24.0 23.245
24.0 23.235
24.0 23.37
24.0 22.95
24.0 23.19
24.0 23.345
24.0 22.8
24.0 22.945
24.0 23.215
24.0 23.145
24.0 23.045
24.0 23.195
24.0 23.09
24.0 22.925
24.0 23.085
24.0 23.055
24.0 22.81
24.0 23.135
24.0 23.27
24.0 23.24
24.0 22.965
24.0 23.07
24.0 22.76
24.0 23.235
24.0 22.8
24.0 22.865
24.0 23.095
24.0 23.29
24.0 23.195
24.0 23.12
24.0 23.335
24.0 23.305
24.0 23.215
24.0 22.99
24.0 23.015
24.0 23.305
24.0 23.055
24.0 23.285
24.0 23.09
24.0 22.92
24.0 23.18
24.0 23.3
24.0 22.995
24.0 22.99
24.0 23.15
24.0 23.22
24.0 23.165
24.0 23.065
24.0 23.015
24.0 23.21
24.0 23.075
24.0 23.36
24.0 22.88
24.0 22.955
24.0 23.32
24.0 23.26
24.0 23.2
24.0 23.385
24.0 23.17
24.0 22.795
24.0 23.405
24.0 23.09
24.0 23.245
24.0 23.12
24.0 23.16
24.0 23.25
24.0 23.04
24.0 23.31
24.0 23.275
24.0 22.745
24.0 22.965
24.0 23.12
24.0 23.09
24.0 23.165
24.0 23.205
24.0 23.035
24.0 22.87
24.0 23.475
24.0 23.185
24.0 23.115
24.0 23.21
24.0 23.18
24.0 23.28
24.0 23.24
24.0 23.01
24.0 23.11
24.0 23.165
24.0 23.2
24.0 23.175
24.0 23.32
24.0 23.535
24.0 23.045
24.0 23.06
24.0 22.895
24.0 23.38
24.0 23.03
24.0 23.16
24.0 23.345
24.0 22.69
24.0 23.24
24.0 23.385
24.0 23.43
24.0 23.405
24.0 23.06
24.0 23.165
24.0 23.305
24.0 23.075
24.0 23.09
24.0 23.16
24.0 22.94
24.0 23.41
24.0 23.315
24.0 23.255
24.0 23.335
24.0 23.06
24.0 23.14
24.0 23.19
24.0 22.985
24.0 23.115
24.0 23.0
24.0 22.955
24.0 23.205
24.0 23.495
24.0 23.285
24.0 23.185
24.0 23.35
24.0 23.175
24.0 22.925
24.0 22.755
24.0 23.035
24.0 23.02
24.0 23.1
24.0 23.16
24.0 23.275
24.0 23.35
24.0 22.97
24.0 22.95
24.0 23.1
24.0 23.43
24.0 23.185
24.0 23.04
24.0 23.17
24.0 23.215
24.0 23.15
24.0 23.12
24.0 23.345
24.0 23.26
24.0 23.165
24.0 23.355
24.0 23.175
24.0 23.295
24.0 23.07
24.0 22.965
24.0 23.255
24.0 23.205
24.0 23.08
24.0 22.99
24.0 23.16
24.0 23.48
24.0 23.365
24.0 23.105
24.0 23.055
24.0 23.15
24.0 23.335
24.0 23.335
24.0 23.1
24.0 23.315
24.0 23.295
24.0 23.22
24.0 23.13
24.0 23.295
24.0 23.31
24.0 23.14
24.0 22.98
24.0 22.955
24.0 23.21
24.0 23.095
24.0 23.135
24.0 23.16
24.0 23.12
24.0 23.075
24.0 23.28
24.0 23.35
24.0 22.98
24.0 23.025
24.0 23.085
24.0 23.08
24.0 22.985
24.0 23.035
24.0 23.08
24.0 23.355
24.0 23.26
24.0 23.2
24.0 23.215
24.0 22.84
24.0 22.905
24.0 22.865
24.0 23.365
24.0 23.08
24.0 22.795
24.0 22.795
24.0 23.145
24.0 22.99
24.0 23.48
24.0 23.155
24.0 23.44
24.0 23.265
24.0 23.275
500
7.5 -32.805
10.0 -11.24
15.0 0.93
16.5 7.42
16.5 11.125
17.0 12.34
17.0 13.72
17.5 14.315
18.0 14.98
18.0 15.625
19.5 16.315
20.0 16.415
20.0 17.16
20.5 17.87
21.0 18.75
21.0 18.905
21.5 19.45
21.5 19.955
21.5 20.05
21.5 20.36
23.0 20.35
23.0 20.46
23.0 20.74
23.0 21.1
23.0 21.635
23.0 21.955
23.0 22.22
23.0 22.16
23.0 21.74
23.0 22.06
23.5 22.33
23.5 22.06
23.5 22.28
23.5 22.22
23.5 22.495
23.5 22.39
23.5 22.205
23.5 22.395
23.5 22.495
23.5 22.745
23.5 22.78
23.5 22.35
23.5 22.645
23.5 22.67
23.5 22.64
23.5 22.77
23.5 22.58
23.5 22.82
23.5 22.46
23.5 22.49
23.5 22.57
23.5 22.69
23.5 22.71
23.5 22.215
23.5 22.37
23.5 22.89
23.5 22.705
23.5 22.595
23.5 22.785
23.5 22.68
23.5 22.56
23.5 22.595
23.5 22.495
23.5 22.33
23.5 22.78
23.5 22.465
23.5 22.77
23.5 22.465
23.5 22.59
23.5 22.605
23.5 22.595
23.5 22.305
23.5 22.54
23.5 22.53
23.5 22.445
23.5 22.59
23.5 22.625
23.5 22.28
23.5 22.24
23.5 22.8
23.5 22.62
23.5 22.57
23.5 22.52
23.5 22.315
23.5 22.49
23.5 22.23
23.5 22.19
23.5 22.665
23.5 22.555
23.5 22.345
23.5 22.535
23.5 22.625
23.5 22.535
23.5 22.69
23.5 22.33
23.5 22.24
23.5 22.565
23.5 22.675
23.5 22.2
23.5 22.51
23.5 22.24
23.5 22.525
23.5 22.555
23.5 22.64
23.5 22.38
23.5 22.565
23.5 22.8
23.5 22.945
23.5 22.845
23.5 22.315
23.5 22.615
23.5 22.59
23.5 22.615
23.5 22.66
23.5 22.515
23.5 22.405
23.5 22.49
23.5 22.325
23.5 22.63
23.5 22.455
23.5 22.56
23.5 22.345
23.5 22.625
23.5 22.285
23.5 22.545
23.5 22.515
23.5 22.475
23.5 22.76
23.5 22.76
23.5 22.765
23.5 22.67
23.5 22.78
23.5 22.455
23.5 22.385
23.5 22.445
23.5 22.25
23.5 22.775
23.5 22.415
23.5 22.57
23.5 22.43
23.5 22.845
23.5 22.355
23.5 22.705
23.5 22.68
23.5 22.43
23.5 22.585
23.5 22.56
23.5 22.42
23.5 22.515
23.5 22.265
23.5 22.69
23.5 22.4
23.5 22.905
23.5 22.885
23.5 22.635
23.5 22.695
23.5 22.665
23.5 22.26
23.5 22.595
23.5 22.635
23.5 22.305
23.5 22.595
23.5 22.22
23.5 22.79
23.5 22.345
23.5 22.19
23.5 22.565
23.5 22.655
23.5 22.745
23.5 22.815
23.5 22.625
23.5 22.405
23.5 22.59
23.5 22.865
23.5 22.82
23.5 22.57
23.5 22.455
23.5 22.295
23.5 22.805
23.5 22.8
23.5 22.9
23.5 23.025
23.5 22.485
23.5 22.635
23.5 22.845
23.5 22.785
23.5 22.69
23.5 22.515
23.5 22.54
23.5 22.625
23.5 22.79
23.5 22.64
23.5 22.77
23.5 22.51
23.5 22.75
23.5 22.875
23.5 22.375
23.5 22.63
23.5 22.44
23.5 22.645
23.5 22.555
23.5 22.22
23.5 22.505
23.5 22.67
23.5 22.965
23.5 22.33
23.5 22.415
23.5 22.61
23.5 22.67
23.5 22.64
23.5 22.295
23.5 22.515
23.5 22.65
23.5 22.47
23.5 22.435
23.5 22.94
23.5 22.565
23.5 22.585
23.5 22.375
23.5 22.49
23.5 22.475
23.5 22.545
23.5 22.555
23.5 22.51
23.5 22.805
23.5 22.465
23.5 22.855
23.5 22.76
23.5 22.535
23.5 22.62
23.5 22.68
23.5 22.57
23.5 22.505
23.5 22.195
23.5 22.31
23.5 22.62
23.5 22.52
23.5 22.605
23.5 22.515
23.5 22.78
23.5 22.72
23.5 22.515
23.5 22.635
23.5 22.665
23.5 22.66
23.5 22.755
23.5 22.29
23.5 22.495
23.5 22.6
23.5 22.58
23.5 22.385
23.5 22.525
23.5 22.34
23.5 22.655
23.5 22.625
23.5 22.74
23.5 22.785
23.5 22.595
23.5 22.57
23.5 22.345
23.5 22.6
23.5 22.19
23.5 22.255
23.5 22.375
23.5 22.605
23.5 22.595
23.5 22.415
23.5 22.2
23.5 22.47
23.5 22.585
23.5 22.83
23.5 22.835
23.5 22.465
23.5 22.645
23.5 22.78
23.5 22.815
23.5 22.77
23.5 22.54
23.5 22.425
23.5 22.51
23.5 22.315
23.5 22.34
23.5 22.635
23.5 22.435
23.5 22.555
23.5 22.685
23.5 22.715
23.5 22.285
23.5 22.41
23.5 22.465
23.5 22.67
23.5 22.515
23.5 22.67
23.5 22.66
23.5 22.45
23.5 22.665
23.5 22.7
23.5 22.395
23.5 22.625
23.5 22.525
23.5 22.435
23.5 22.74
23.5 22.555
23.5 22.325
23.5 22.605
23.5 22.69
23.5 22.445
23.5 22.695
23.5 22.445
23.5 22.455
23.5 22.58
23.5 22.68
23.5 22.37
23.5 22.64
23.5 22.515
23.5 22.745
23.5 22.71
23.5 22.695
23.5 22.6
23.5 22.65
23.5 22.535
23.5 22.535
23.5 22.655
23.5 22.355
23.5 22.505
23.5 22.92
23.5 22.87
23.5 22.44
23.5 22.585
23.5 22.665
23.5 22.4
23.5 22.46
23.5 22.995
23.5 22.825
23.5 22.605
23.5 22.53
23.5 22.555
23.5 22.725
23.5 22.775
23.5 22.79
23.5 22.31
23.5 22.44
23.5 22.28
23.5 22.85
23.5 22.745
23.5 22.37
23.5 22.74
23.5 22.715
23.5 22.675
23.5 22.57
23.5 22.535
23.5 22.53
23.5 22.72
23.5 22.245
23.5 22.7
23.5 22.47
23.5 22.8
23.5 22.77
23.5 22.595
23.5 22.695
23.5 22.74
23.5 22.84
23.5 22.625
23.5 22.575
23.5 22.5
23.5 22.325
23.5 22.53
23.5 22.535
23.5 22.82
23.5 22.665
23.5 22.49
23.5 22.54
23.5 22.615
23.5 22.74
23.5 22.205
23.5 22.5
23.5 22.59
23.5 22.73
23.5 22.82
23.5 22.655
23.5 22.9
23.5 22.71
23.5 22.565
23.5 22.38
23.5 22.525
23.5 22.88
23.5 22.555
23.5 22.615
23.5 22.67
23.5 22.72
23.5 22.8
23.5 22.51
23.5 22.615
23.5 22.47
23.5 22.7
23.5 22.605
23.5 22.67
23.5 22.87
23.5 22.675
23.5 22.895
23.5 22.58
23.5 22.54
23.5 22.54
23.5 22.625
23.5 22.69
23.5 22.505
23.5 22.515
23.5 22.065
23.5 22.54
23.5 22.51
23.5 22.45
23.5 22.915
23.5 22.375
23.5 22.25
23.5 22.395
23.5 22.615
23.5 22.5
23.5 22.49
23.5 22.395
23.5 22.68
23.5 22.465
23.5 22.755
23.5 22.625
23.5 22.615
23.5 22.6
23.5 22.595
23.5 22.48
23.5 22.37
23.5 22.785
23.5 22.54
23.5 22.825
23.5 22.715
23.5 22.695
23.5 22.365
23.5 22.255
23.5 22.525
23.5 22.635
23.5 22.815
23.5 22.515
23.5 22.765
23.5 22.37
23.5 22.625
23.5 22.415
23.5 22.455
23.5 22.75
23.5 22.54
23.5 22.805
23.5 22.61
23.5 22.765
23.5 22.765
23.5 22.525
23.5 22.405
23.5 22.545
23.5 22.85
23.5 22.48
23.5 22.39
23.5 22.695
23.5 22.825
23.5 22.665
23.5 22.1
23.5 22.395
23.5 22.185
23.5 22.505
23.5 22.42
23.5 22.495
23.5 22.595
23.5 22.54
23.5 22.325
23.5 22.395
23.5 22.735
23.5 22.655
23.5 22.805
23.5 22.5
23.5 22.53
23.5 22.575
23.5 22.515
23.5 22.115
23.5 22.19
23.5 22.33
23.5 22.66
23.5 22.325
23.5 22.44
23.5 22.72
23.5 22.7
23.5 22.57
23.5 22.645
23.5 22.715
23.5 22.405
23.5 22.925
23.5 22.665
23.5 22.66
23.5 22.625
23.5 22.53
23.5 22.38
23.5 22.95
23.5 22.74
23.5 22.71
23.5 22.49
23.5 22.785
23.5 22.725
500
11.0 -36.095
13.0 -14.125
14.0 -0.465
15.5 7.31
18.0 9.965
18.0 11.74
18.0 13.425
18.0 14.49
18.0 15.52
18.5 16.405
18.5 16.895
20.0 17.19
20.5 17.705
20.5 18.09
21.0 18.865
21.0 19.345
21.0 19.88
21.0 19.98
21.5 20.15
21.5 20.41
21.5 20.285
21.5 20.41
21.5 20.525
21.5 20.845
21.5 20.51
21.5 20.735
21.5 20.56
21.5 20.615
21.5 20.585
21.5 20.77
21.5 20.69
21.5 20.52
21.5 20.985
21.5 20.91
21.5 20.695
21.5 20.89
22.5 20.54
22.5 20.61
22.5 20.72
22.5 20.87
22.5 21.18
22.5 21.27
22.5 21.485
22.5 21.83
22.5 21.52
22.5 21.555
22.5 21.635
22.5 21.5
22.5 21.63
22.5 21.66
22.5 21.905
22.5 21.82
22.5 21.555
22.5 21.625
22.5 21.44
22.5 21.7
22.5 21.67
22.5 21.695
22.5 21.625
22.5 21.865
22.5 21.66
22.5 21.455
22.5 21.395
22.5 21.39
22.5 21.185
22.5 21.925
22.5 21.73
22.5 21.74
22.5 21.49
22.5 21.355
22.5 21.585
22.5 21.365
22.5 21.555
22.5 21.765
22.5 21.72
22.5 21.4
22.5 21.665
22.5 21.565
22.5 21.52
22.5 21.67
22.5 21.345
22.5 21.585
22.5 21.735
22.5 21.54
22.5 21.14
22.5 21.49
22.5 21.68
22.5 21.565
22.5 21.605
22.5 21.87
22.5 21.825
22.5 21.83
22.5 21.355
22.5 21.705
22.5 21.715
22.5 21.825
22.5 21.52
22.5 21.715
22.5 21.63
22.5 21.245
22.5 21.72
22.5 21.925
22.5 21.98
22.5 21.545
22.5 21.595
22.5 21.705
22.5 21.53
22.5 21.72
22.5 21.67
22.5 21.445
22.5 21.52
22.5 21.56
22.5 21.555
22.5 21.635
22.5 21.47
22.5 21.59
22.5 21.21
22.5 21.385
22.5 21.75
22.5 21.54
22.5 21.88
22.5 21.845
22.5 21.45
22.5 21.635
22.5 21.515
22.5 21.6
22.5 21.855
22.5 21.515
22.5 21.885
22.5 21.215
22.5 21.545
22.5 21.805
22.5 21.805
22.5 21.765
22.5 21.87
22.5 21.855
22.5 21.825
22.5 21.745
22.5 21.605
22.5 21.915
22.5 21.665
22.5 21.445
22.5 21.91
22.5 21.53
22.5 21.765
22.5 21.445
22.5 21.65
22.5 21.545
22.5 21.23
22.5 21.47
22.5 21.405
22.5 21.75
22.5 21.79
22.5 21.42
22.5 21.84
22.5 21.74
22.5 21.59
22.5 21.555
22.5 21.64
22.5 21.925
22.5 21.43
22.5 21.77
22.5 21.66
22.5 21.64
22.5 21.435
22.5 21.46
22.5 21.445
22.5 21.58
22.5 21.63
22.5 21.805
22.5 21.715
22.5 21.465
22.5 21.71
22.5 21.685
22.5 21.865
22.5 21.84
22.5 21.47
22.5 21.745
22.5 21.61
22.5 21.825
22.5 21.675
22.5 21.575
22.5 21.48
22.5 21.735
22.5 21.645
22.5 21.83
22.5 21.77
22.5 21.605
22.5 21.54
22.5 21.79
22.5 21.805
22.5 21.1
22.5 21.515
22.5 21.605
22.5 21.47
22.5 21.415
22.5 21.785
22.5 21.84
22.5 21.86
22.5 21.955
22.5 21.58
22.5 21.75
22.5 21.895
22.5 21.295
22.5 21.46
22.5 21.6
22.5 21.625
22.5 21.605
22.5 21.82
22.5 21.83
22.5 22.01
22.5 21.57
22.5 21.305
22.5 21.78
22.5 21.815
22.5 21.63
22.5 21.54
22.5 21.645
22.5 21.6
22.5 21.68
22.5 21.86
22.5 21.805
22.5 21.62
22.5 21.67
22.5 21.725
22.5 21.695
22.5 21.68
22.5 21.275
22.5 21.785
22.5 21.45
22.5 21.695
22.5 21.445
22.5 21.405
22.5 21.735
22.5 21.39
22.5 21.715
24.0 21.755
24.0 21.825
24.0 21.585
24.0 21.895
24.0 21.745
24.0 21.905
24.0 22.175
24.0 22.45
24.0 22.91
24.0 23.005
24.0 22.705
24.0 22.94
24.0 23.07
24.0 22.815
24.0 23.03
24.0 23.085
24.0 23.19
24.0 22.955
24.0 22.875
24.0 23.06
24.0 22.835
24.0 23.085
24.0 22.815
24.0 23.035
24.0 23.125
24.0 23.11
24.0 23.245
24.0 23.115
24.0 22.935
24.0 22.975
24.0 23.3
24.0 23.345
24.0 23.155
24.0 23.155
24.0 23.1
24.0 22.96
24.0 22.895
24.0 22.785
24.0 22.775
24.0 22.66
24.0 22.79
24.0 22.655
24.0 22.975
24.0 22.87
24.0 22.795
24.0 22.905
24.0 22.78
24.0 23.105
24.0 23.09
24.0 23.08
24.0 22.73
24.0 23.185
24.0 23.09
24.0 23.26
24.0 23.05
24.0 23.04
24.0 23.14
24.0 22.895
24.0 23.155
24.0 23.23
24.0 23.3
24.0 22.94
24.0 22.98
24.0 23.065
24.0 22.78
24.0 22.915
24.0 23.095
24.0 23.015
24.0 22.77
24.0 23.175
24.0 22.985
24.0 23.215
24.0 23.07
24.0 23.305
24.0 23.265
24.0 23.2
24.0 23.015
24.0 23.215
24.0 22.945
24.0 22.975
24.0 23.275
24.0 22.825
24.0 22.9
24.0 23.005
24.0 22.99
24.0 22.995
24.0 23.065
24.0 22.81
24.0 23.02
24.0 23.04
24.0 22.745
24.0 22.79
24.0 22.875
24.0 22.97
24.0 23.145
24.0 22.97
24.0 23.26
24.0 22.875
24.0 23.175
24.0 23.075
24.0 22.99
24.0 23.075
24.0 22.41
24.0 23.125
24.0 23.1
24.0 22.96
24.0 23.055
24.0 22.905
24.0 23.16
24.0 23.26
24.0 23.11
24.0 22.815
24.0 23.025
24.0 23.025
24.0 23.145
24.0 23.035
24.0 23.43
24.0 23.09
24.0 23.12
24.0 22.805
24.0 23.255
24.0 22.895
24.0 22.73
24.0 23.115
24.0 22.95
24.0 22.89
24.0 22.815
24.0 22.915
24.0 23.015
24.0 22.7
24.0 22.915
24.0 22.84
24.0 22.855
24.0 23.25
24.0 22.85
24.0 22.885
24.0 23.085
24.0 23.265
24.0 23.255
24.0 22.965
24.0 22.945
24.0 22.68
24.0 23.305
24.0 22.85
24.0 22.805
24.0 23.22
24.0 23.205
24.0 22.74
24.0 22.9
24.0 22.445
24.0 23.155
24.0 22.65
24.0 22.83
24.0 23.22
24.0 23.17
24.0 23.12
24.0 23.27
24.0 22.925
24.0 22.805
24.0 23.235
24.0 23.025
24.0 22.94
24.0 23.04
24.0 22.845
24.0 22.985
24.0 23.04
24.0 22.87
24.0 22.91
24.0 22.92
24.0 23.03
24.0 23.07
24.0 22.845
24.0 22.89
24.0 23.135
24.0 22.915
24.0 22.755
24.0 22.92
24.0 22.98
24.0 22.705
24.0 22.895
24.0 22.65
24.0 22.565
24.0 23.07
24.0 23.24
24.0 22.915
24.0 23.175
24.0 22.88
24.0 23.115
24.0 23.355
24.0 23.14
24.0 22.99
24.0 22.88
24.0 22.74
24.0 22.92
24.0 22.73
24.0 23.175
24.0 22.815
24.0 23.035
24.0 23.025
24.0 23.12
24.0 23.005
24.0 23.265
24.0 23.05
24.0 23.235
24.0 23.04
24.0 23.2
24.0 23.17
24.0 23.165
24.0 23.14
24.0 23.095
24.0 22.5
24.0 22.97
24.0 23.0
24.0 23.09
24.0 23.145
24.0 23.105
24.0 22.45
24.0 23.235
24.0 23.195
24.0 22.975
24.0 23.085
24.0 22.835
24.0 23.145
24.0 23.03
24.0 22.89
24.0 22.625
24.0 22.675
24.0 22.835
24.0 23.15
24.0 22.94
24.0 23.005
24.0 23.04
24.0 22.82
24.0 22.87
24.0 22.86
24.0 23.01
24.0 23.19
24.0 23.275
24.0 23.02
24.0 22.865
24.0 23.23
24.0 22.99
24.0 23.06
24.0 23.22
24.0 23.205
24.0 22.945
24.0 23.19
24.0 22.925
24.0 22.985
24.0 22.975
24.0 22.915
24.0 23.2
24.0 23.025
24.0 22.85
24.0 22.955
24.0 23.105
24.0 22.98
24.0 22.91
24.0 23.02
24.0 23.07
24.0 23.0
24.0 22.925
24.0 22.805
24.0 22.77
500
5.5 -37.13
7.5 -15.655
8.0 -5.38
12.0 1.67
12.0 6.28
15.0 8.885
16.5 11.135
17.0 11.97
17.0 12.63
18.0 13.93
19.5 14.785
19.5 15.7
20.5 16.63
20.5 17.79
21.0 18.635
21.0 19.44
21.5 19.34
21.5 19.865
22.5 19.905
22.5 20.54
22.5 20.505
22.5 20.995
22.5 20.865
22.5 21.375
23.0 21.515
23.5 21.475
23.5 21.565
23.5 21.745
23.5 21.675
23.5 22.185
23.5 22.305
24.0 22.59
24.0 22.56
24.0 22.44
24.0 22.775
24.0 22.88
24.0 23.255
24.0 22.94
24.0 23.06
24.0 23.225
24.0 23.165
24.0 22.975
24.0 23.04
24.0 23.065
24.0 23.025
24.0 23.095
24.0 22.79
24.0 22.965
24.0 22.935
24.0 22.85
24.0 23.08
24.0 22.91
24.0 23.045
24.0 23.145
24.0 23.075
24.0 23.445
24.0 23.255
24.0 23.065
24.0 23.0
24.0 23.15
24.0 23.22
24.0 23.16
24.0 23.135
24.0 23.08
24.0 22.85
24.0 23.34
24.0 23.305
24.0 23.285
24.0 23.01
24.0 23.255
24.0 22.855
24.0 23.17
24.0 23.055
24.0 23.125
24.0 23.075
24.0 22.76
24.0 23.065
24.0 23.2
24.0 23.11
24.0 23.145
24.0 23.13
24.0 23.065
24.0 22.875
24.0 23.07
24.0 23.29
24.0 23.2
24.0 22.96
24.0 23.065
24.0 23.08
24.0 23.205
24.0 23.175
24.0 23.19
24.0 22.93
24.0 22.74
24.0 23.02
24.0 23.08
24.0 23.14
24.0 23.35
24.0 23.145
24.0 22.86
24.0 22.99
24.0 23.18
24.0 23.175
24.0 23.14
24.0 22.955
24.0 22.81
24.0 22.945
24.0 22.7
24.0 22.93
24.0 22.875
24.0 22.69
24.0 22.735
24.0 23.095
24.0 23.055
24.0 23.14
24.0 23.295
24.0 23.265
24.0 23.12
24.0 22.81
24.0 23.11
24.0 22.93
24.0 23.0
24.0 22.8
24.0 22.85
24.0 22.81
24.0 22.94
24.0 23.12
24.0 23.32
24.0 23.04
24.0 22.97
24.0 22.59
24.0 23.06
24.0 23.075
24.0 23.01
24.0 22.855
24.0 22.815
24.0 22.895
24.0 22.975
24.0 23.18
24.0 23.19
24.0 23.04
24.0 23.015
24.0 23.05
24.0 23.005
24.0 22.92
24.0 23.235
24.0 23.105
24.0 23.08
24.0 22.88
24.0 23.21
24.0 23.03
24.0 23.07
24.0 23.325
24.0 23.02
24.0 23.285
24.0 23.02
24.0 23.3
24.0 23.105
24.0 22.98
24.0 23.12
24.0 23.255
24.0 22.79
24.0 22.975
24.0 23.215
24.0 23.28
24.0 23.34
24.0 22.95
24.0 23.12
24.0 23.425
24.0 22.995
24.0 22.915
24.0 23.0
24.0 23.27
24.0 23.135
24.0 22.7
24.0 23.0
24.0 22.775
24.0 23.195
24.0 23.085
24.0 23.195
24.0 23.02
24.0 23.0
24.0 22.98
24.0 22.835
24.0 23.17
24.0 23.125
24.0 22.95
24.0 23.015
24.0 22.945
24.0 23.25
24.0 23.405
24.0 23.075
24.0 23.2
24.0 23.26
24.0 22.85
24.0 22.73
24.0 23.31
24.0 23.12
24.0 22.835
24.0 23.345
24.0 23.165
24.0 23.06
24.0 23.13
24.0 22.91
24.0 23.175
24.0 23.055
24.0 23.225
24.0 22.9
24.0 22.89
24.0 23.2
24.0 23.285
24.0 23.145
24.0 23.01
24.0 22.945
24.0 23.02
24.0 22.875
24.0 23.13
24.0 22.95
24.0 22.86
24.0 22.97
24.0 23.115
24.0 23.005
24.0 23.135
24.0 22.905
24.0 23.265
24.0 23.125
24.0 23.21
24.0 23.17
24.0 23.415
24.0 22.99
24.0 23.225
24.0 23.13
24.0 23.115
24.0 23.26
24.0 23.315
24.0 23.025
24.0 23.15
24.0 23.095
24.0 22.99
24.0 23.275
24.0 23.23
24.0 23.26
24.0 23.115
24.0 23.115
24.0 23.0
24.0 22.885
24.0 23.035
24.0 23.13
24.0 22.965
24.0 23.01
24.0 23.02
24.0 23.03
24.0 22.975
24.0 22.815
24.0 23.15
24.0 23.115
24.0 22.89
24.0 23.01
24.0 22.88
24.0 23.025
24.0 23.07
24.0 23.02
24.0 23.04
24.0 22.835
24.0 22.93
24.0 23.15
24.0 23.43
24.0 23.235
24.0 23.095
24.0 23.03
24.0 23.015
24.0 22.76
24.0 23.03
24.0 23.1
24.0 23.215
24.0 23.055
24.0 23.03
24.0 23.17
24.0 23.275
24.0 22.995
24.0 23.175
24.0 23.16
24.0 22.91
24.0 23.005
24.0 23.025
24.0 22.89
24.0 23.06
24.0 22.87
24.0 23.22
24.0 22.855
24.0 23.305
24.0 23.36
24.0 23.05
24.0 22.92
24.0 22.915
24.0 23.025
24.0 23.0
24.0 23.115
24.0 22.915
24.0 23.025
24.0 23.09
24.0 23.195
24.0 23.13
24.0 23.04
24.0 23.0
24.0 23.27
24.0 23.285
24.0 23.07
24.0 22.87
24.0 22.705
24.0 22.82
24.0 23.175
24.0 22.98
24.0 22.89
24.0 23.23
24.0 23.34
24.0 23.275
24.0 23.085
24.0 23.215
24.0 23.33
24.0 23.08
24.0 23.245
24.0 22.82
24.0 23.02
24.0 23.085
24.0 22.99
24.0 23.47
24.0 23.165
24.0 23.23
24.0 22.93
24.0 22.935
24.0 23.035
24.0 22.875
24.0 23.01
24.0 23.36
24.0 22.97
24.0 23.33
24.0 23.455
24.0 23.285
24.0 23.04
24.0 23.215
24.0 22.87
24.0 22.825
24.0 22.995
24.0 23.165
24.0 23.225
24.0 23.03
24.0 23.07
24.0 23.36
24.0 23.09
24.0 22.69
24.0 23.36
24.0 23.195
24.0 23.155
24.0 23.27
24.0 22.855
24.0 22.785
24.0 22.86
24.0 23.01
24.0 23.075
24.0 22.69
24.0 22.88
24.0 22.945
24.0 22.99
24.0 22.735
24.0 22.985
24.0 23.12
24.0 23.205
24.0 23.395
24.0 23.17
24.0 23.01
24.0 23.24
24.0 22.975
24.0 23.48
24.0 23.225
24.0 23.11
24.0 23.095
24.0 23.06
24.0 23.175
24.0 23.22
24.0 23.215
24.0 22.92
24.0 23.15
24.0 23.205
24.0 23.09
24.0 23.19
24.0 23.085
24.0 23.18
24.0 22.89
24.0 23.1
24.0 23.095
24.0 23.105
24.0 23.215
24.0 23.06
24.0 23.055
24.0 23.18
24.0 23.175
24.0 23.155
24.0 23.07
24.0 23.125
24.0 23.035
24.0 22.805
24.0 23.14
24.0 23.055
24.0 22.94
24.0 22.995
24.0 23.23
24.0 23.2
24.0 23.18
24.0 23.075
24.0 22.97
24.0 23.115
24.0 22.94
24.0 23.03
24.0 23.04
24.0 23.24
24.0 23.155
24.0 22.995
24.0 22.975
24.0 23.0
24.0 23.08
24.0 23.125
24.0 23.035
24.0 22.995
24.0 23.11
24.0 22.77
24.0 22.985
24.0 23.235
24.0 23.235
24.0 23.185
24.0 23.305
24.0 23.24
24.0 23.22
24.0 23.37
24.0 23.04
24.0 22.99
24.0 23.38
24.0 23.065
24.0 22.91
24.0 22.65
24.0 23.06
24.0 23.145
24.0 23.26
24.0 23.145
24.0 23.08
24.0 22.975
24.0 22.745
24.0 22.98
24.0 23.02
24.0 22.93
24.0 23.05
24.0 23.09
24.0 22.835
24.0 22.93
24.0 23.035
24.0 23.02
24.0 23.33
24.0 23.11
24.0 23.19
24.0 23.33
24.0 23.215
24.0 23.055
24.0 22.97
24.0 23.16
24.0 23.24
24.0 22.97
24.0 22.935
24.0 22.675
24.0 23.025
24.0 22.98
24.0 23.135
24.0 22.925
24.0 23.09
24.0 23.205
24.0 23.385
24.0 22.99
24.0 23.11
24.0 23.045
24.0 22.99
24.0 23.175
24.0 23.185
24.0 23.21
24.0 23.015
24.0 22.995
24.0 23.22
24.0 23.23
24.0 22.76
24.0 22.99
24.0 23.17
24.0 23.225
24.0 23.1
24.0 23.01
24.0 22.95
24.0 23.035
24.0 22.85
24.0 22.905
24.0 23.035
24.0 23.145
24.0 23.04
24.0 22.945

Individual: [1, 3, 9, 10, 12, 13, 18, 20, 32, 33, 36, 38, 42, 45, 47, 49, 50]
   Fitness: 23.5
     Total: 17
Violations: 2 2

Individual: [5, 6, 8, 9, 14, 15, 17, 18, 34, 39, 40, 42, 43, 48, 49]
   Fitness: 22.5
     Total: 15
Violations: 0 0

Individual: [1, 2, 4, 5, 11, 12, 14, 15, 28, 31, 36, 38, 39, 43, 46, 49]
   Fitness: 22.0
     Total: 16
Violations: 2 2

Individual: [1, 2, 4, 5, 12, 13, 16, 17, 35, 36, 38, 39, 45, 46, 48, 49]
   Fitness: 24.0
     Total: 16
Violations: 0 0

Individual: [1, 3, 4, 8, 11, 16, 17, 20, 22, 35, 37, 38, 40, 44, 46, 47, 49]
   Fitness: 23.5
     Total: 17
Violations: 2 2

Individual: [2, 4, 7, 11, 14, 16, 22, 23, 31, 34, 38, 41, 43, 47, 49, 50]
   Fitness: 24.0
     Total: 16
Violations: 0 0

Individual: [2, 6, 7, 9, 14, 15, 17, 18, 35, 36, 38, 39, 44, 45, 47, 48]
   Fitness: 24.0
     Total: 16
Violations: 0 0

Individual: [1, 2, 4, 8, 9, 11, 19, 22, 31, 32, 37, 38, 41, 46, 47, 49, 50]
   Fitness: 23.5
     Total: 17
Violations: 2 2

Individual: [1, 5, 8, 10, 13, 14, 17, 22, 28, 32, 35, 37, 40, 41, 44, 49]
   Fitness: 24.0
     Total: 16
Violations: 0 0

Individual: [1, 5, 6, 8, 12, 13, 17, 24, 32, 34, 37, 38, 45, 46, 48, 49]
   Fitness: 24.0
     Total: 16
Violations: 0 0
