10
100
5.5 -40.0
11.0 -6.12
11.0 0.005
13.5 6.42
14.5 7.645
15.5 10.6
15.5 5.965
18.0 12.87
18.0 13.445
18.5 14.07
18.5 15.595
19.0 15.485
20.0 16.44
20.0 16.385
20.5 17.235
21.5 14.675
21.5 18.715
21.5 18.03
21.5 16.505
22.0 17.235
22.0 17.735
22.0 18.58
22.0 18.935
22.0 19.975
22.0 17.545
22.0 18.49
22.0 18.975
22.0 17.895
22.0 19.335
22.0 19.5
22.0 19.335
22.0 19.975
22.0 18.67
22.0 19.235
22.0 19.62
22.0 17.95
22.0 18.68
22.0 19.385
22.0 18.5
22.0 18.815
22.0 18.895
22.0 19.02
22.0 20.14
22.0 19.575
22.0 19.065
22.0 18.615
22.0 17.88
22.0 18.72
22.0 19.865
22.0 19.845
22.0 19.45
22.0 20.04
22.0 19.405
22.0 20.19
22.0 19.435
22.0 19.02
22.0 19.75
22.0 19.925
22.0 20.205
22.0 19.28
22.0 19.04
22.0 20.01
22.0 19.685
22.0 16.25
22.0 19.05
22.0 19.595
22.0 16.935
22.0 17.885
22.0 19.345
22.0 19.41
22.0 20.12
22.0 19.805
22.0 19.445
22.0 20.44
22.0 19.355
22.0 19.365
22.0 19.41
22.0 17.25
22.0 19.01
22.0 14.205
22.0 19.255
22.0 18.905
22.0 17.2
22.0 19.345
22.0 20.105
22.0 18.92
22.0 20.03
22.0 19.75
22.0 19.59
22.0 20.135
22.0 19.09
22.0 18.975
22.0 18.595
22.0 19.31
22.0 18.82
22.0 19.625
22.0 19.675
22.0 18.53
22.0 18.74
22.0 19.505
100
11.5 -32.975
12.0 -3.3
15.0 -0.79
17.5 8.73
17.5 8.25
17.5 8.45
18.0 14.385
18.0 12.33
19.0 13.64
19.5 14.585
20.0 12.07
20.0 17.2
20.5 15.86
20.5 17.715
20.5 17.97
22.0 17.15
22.0 16.89
22.0 18.115
22.0 17.81
22.0 18.225
22.5 19.565
22.5 19.445
22.5 19.135
24.0 20.295
24.0 20.775
24.0 19.89
24.0 19.48
24.0 21.89
24.0 21.555
24.0 21.21
24.0 20.66
24.0 19.63
24.0 20.36
24.0 21.48
24.0 20.545
24.0 21.075
24.0 21.525
24.0 21.54
24.0 20.995
24.0 21.45
24.0 21.5
24.0 22.075
24.0 21.69
24.0 21.75
24.0 20.95
24.0 21.575
24.0 20.695
24.0 20.52
24.0 21.885
24.0 21.66
24.0 21.205
24.0 22.75
24.0 22.16
24.0 21.535
24.0 21.885
24.0 20.285
24.0 20.05
24.0 17.435
24.0 21.415
24.0 19.59
24.0 22.01
24.0 19.92
24.0 22.02
24.0 21.79
24.0 21.58
24.0 21.225
24.0 22.235
24.0 21.3
24.0 21.415
24.0 20.955
24.0 22.065
24.0 18.845
24.0 21.02
24.0 21.4
24.0 20.535
24.0 21.355
24.0 21.87
24.0 20.115
24.0 20.855
24.0 21.44
24.0 21.19
24.0 21.765
24.0 20.675
24.0 21.12
24.0 21.225
24.0 22.05
24.0 21.055
24.0 20.82
24.0 20.725
24.0 22.13
24.0 21.23
24.0 21.415
24.0 21.65
24.0 19.925
24.0 21.475
24.0 21.445
24.0 21.17
24.0 19.12
24.0 20.095
24.0 21.065
100
4.5 -37.3
4.5 -11.11
11.5 -4.73
12.5 1.78
14.5 10.52
15.0 6.65
15.5 11.635
15.5 11.61
17.0 13.12
17.5 6.185
17.5 11.87
19.0 14.065
19.0 15.825
19.0 14.22
19.0 16.335
19.5 11.025
19.5 16.405
19.5 15.26
19.5 17.385
20.0 17.055
20.0 16.615
20.0 17.645
20.0 17.095
20.0 17.7
20.0 17.37
20.0 17.47
20.0 17.975
20.0 17.515
20.0 16.105
20.0 18.34
20.5 18.365
20.5 15.88
20.5 16.225
20.5 12.56
20.5 17.005
20.5 16.755
21.0 18.205
21.0 18.42
21.0 17.105
21.0 17.35
21.0 16.06
21.5 15.635
21.5 17.695
21.5 13.57
21.5 18.875
21.5 18.015
21.5 19.805
21.5 18.32
21.5 17.67
21.5 18.77
21.5 17.99
21.5 18.29
21.5 19.15
21.5 19.535
21.5 18.69
21.5 20.395
21.5 18.975
21.5 19.245
21.5 18.705
21.5 18.46
21.5 15.995
21.5 18.34
21.5 17.64
21.5 17.495
21.5 18.175
21.5 18.535
21.5 17.835
21.5 18.255
21.5 20.105
21.5 17.91
21.5 19.545
21.5 19.365
21.5 19.16
21.5 18.405
21.5 19.28
21.5 15.12
21.5 17.395
21.5 19.225
21.5 18.02
21.5 17.4
21.5 16.17
21.5 19.045
21.5 19.255
21.5 19.7
21.5 18.315
21.5 19.035
21.5 19.7
21.5 18.64
21.5 19.43
21.5 18.925
21.5 18.52
21.5 19.56
21.5 19.65
21.5 18.755
21.5 19.205
21.5 16.885
21.5 17.975
21.5 18.4
21.5 18.01
21.5 15.14
100
8.0 -38.72
10.0 -9.38
13.0 2.075
13.0 0.395
17.0 8.485
17.0 7.885
18.0 10.76
18.0 14.05
18.5 16.415
18.5 15.775
18.5 12.645
18.5 15.51
19.0 16.85
19.0 16.355
19.5 14.14
20.0 13.85
20.0 16.485
20.5 17.115
20.5 9.63
20.5 16.895
21.0 17.075
21.0 17.02
21.0 17.76
21.0 17.91
21.0 18.405
21.0 15.82
21.0 18.235
21.0 19.285
21.5 19.395
21.5 17.925
21.5 18.3
21.5 19.14
21.5 19.13
21.5 18.605
21.5 19.165
21.5 19.065
21.5 17.735
21.5 19.275
21.5 18.88
21.5 17.975
21.5 18.065
21.5 20.06
21.5 19.32
21.5 19.07
21.5 19.78
21.5 18.8
21.5 19.115
21.5 19.79
21.5 19.06
21.5 19.085
21.5 19.155
21.5 18.435
21.5 18.37
21.5 19.165
21.5 17.68
21.5 17.43
21.5 19.255
21.5 16.165
21.5 19.005
21.5 19.24
21.5 18.845
21.5 19.4
21.5 18.78
21.5 19.295
21.5 18.1
21.5 18.26
21.5 19.63
21.5 18.09
21.5 17.27
21.5 18.31
21.5 18.69
21.5 17.71
21.5 19.12
21.5 18.435
21.5 18.09
21.5 19.54
21.5 19.4
21.5 18.025
21.5 18.425
21.5 18.545
21.5 18.435
21.5 18.8
21.5 18.66
21.5 19.825
21.5 18.985
21.5 18.7
21.5 17.95
21.5 19.475
21.5 19.355
21.5 20.03
21.5 19.32
21.5 18.565
21.5 19.575
21.5 18.345
21.5 19.235
21.5 18.445
21.5 19.635
21.5 19.265
21.5 18.98
21.5 19.025
100
11.5 -38.015
13.0 -7.875
16.5 3.915
17.0 6.09
17.5 13.755
18.5 14.07
18.5 11.96
18.5 15.065
18.5 12.5
18.5 14.855
20.0 15.67
20.5 16.7
20.5 15.87
21.0 18.095
22.5 17.06
23.5 17.03
23.5 18.395
23.5 17.0
23.5 18.31
23.5 21.6
23.5 18.435
23.5 20.41
23.5 17.68
23.5 19.725
23.5 18.9
23.5 20.9
23.5 19.785
23.5 21.53
23.5 20.23
23.5 21.04
23.5 18.44
23.5 21.485
23.5 21.615
23.5 19.875
23.5 20.785
23.5 22.255
23.5 20.635
23.5 20.59
23.5 20.025
23.5 21.405
23.5 16.74
23.5 20.715
23.5 21.085
23.5 19.295
23.5 21.605
23.5 20.6
23.5 19.22
23.5 19.3
23.5 20.005
23.5 18.785
23.5 21.085
23.5 19.635
23.5 20.86
23.5 20.485
23.5 21.055
23.5 20.155
23.5 19.83
23.5 20.185
23.5 20.31
23.5 20.445
23.5 21.39
23.5 21.675
23.5 19.01
23.5 21.435
23.5 21.38
23.5 21.875
23.5 21.355
23.5 21.6
23.5 21.21
23.5 21.065
23.5 20.845
23.5 20.96
23.5 21.185
23.5 21.39
23.5 20.61
23.5 20.2
23.5 20.845
23.5 19.91
23.5 18.065
23.5 22.085
23.5 20.93
23.5 20.64
23.5 21.245
23.5 20.78
23.5 21.09
23.5 20.255
23.5 19.705
23.5 21.155
23.5 20.005
23.5 21.085
23.5 21.12
23.5 17.895
23.5 21.8
23.5 21.375
23.5 21.08
23.5 20.905
23.5 20.045
23.5 19.575
23.5 20.385
23.5 20.275
100
8.0 -38.105
11.0 -2.375
14.5 -0.215
14.5 8.4
15.5 6.715
16.0 5.305
17.0 12.495
18.0 12.03
18.0 14.74
18.5 14.6
19.5 15.32
20.0 13.035
20.0 16.33
21.0 15.495
21.0 15.85
21.0 16.005
21.0 17.08
22.5 17.725
22.5 18.545
22.5 18.12
22.5 18.93
23.0 19.475
23.0 18.395
23.0 20.17
23.5 17.645
23.5 21.23
23.5 20.445
23.5 18.33
23.5 19.95
23.5 20.165
24.0 20.445
24.0 21.47
24.0 19.86
24.0 20.94
24.0 19.95
24.0 21.37
24.0 19.195
24.0 19.87
24.0 21.215
24.0 21.51
24.0 22.075
24.0 21.62
24.0 20.26
24.0 21.745
24.0 19.185
24.0 22.13
24.0 21.29
24.0 20.0
24.0 19.045
24.0 20.375
24.0 22.01
24.0 20.715
24.0 20.835
24.0 22.315
24.0 18.13
24.0 21.225
24.0 21.025
24.0 20.41
24.0 21.72
24.0 21.75
24.0 22.775
24.0 22.425
24.0 21.73
24.0 22.005
24.0 22.14
24.0 21.14
24.0 21.755
24.0 19.105
24.0 21.09
24.0 20.115
24.0 21.365
24.0 20.715
24.0 20.705
24.0 19.825
24.0 20.03
24.0 21.485
24.0 20.13
24.0 20.365
24.0 19.485
24.0 21.785
24.0 20.37
24.0 21.37
24.0 22.27
24.0 22.66
24.0 20.53
24.0 15.18
24.0 20.0
24.0 20.025
24.0 21.215
24.0 21.68
24.0 19.07
24.0 20.56
24.0 20.835
24.0 20.15
24.0 19.255
24.0 19.495
24.0 22.155
24.0 22.525
24.0 22.02
24.0 22.145
100
10.5 -36.895
10.5 -7.5
14.5 6.03
14.5 -2.35
15.5 -2.87
16.0 7.35
17.5 13.405
18.0 12.2
18.5 14.93
19.5 15.275
19.5 15.395
19.5 16.31
19.5 17.225
20.5 17.33
20.5 16.165
20.5 14.29
20.5 17.405
21.0 17.175
21.0 18.325
21.0 16.125
21.5 19.16
22.5 17.095
22.5 16.79
23.0 19.595
23.0 17.51
23.0 19.305
23.0 19.3
23.0 19.04
23.0 19.885
23.0 19.765
23.0 21.42
23.0 20.85
23.0 20.095
23.0 21.29
23.0 19.94
23.0 20.765
23.0 20.285
23.0 19.83
23.0 18.505
23.0 19.74
23.0 18.71
23.0 19.965
23.0 20.375
23.0 20.265
23.0 20.005
23.0 19.505
23.0 19.685
23.0 19.63
23.0 20.63
23.0 21.28
23.0 21.465
23.0 20.56
23.0 21.41
23.0 20.565
23.0 20.365
23.0 20.53
23.0 19.465
23.0 19.87
23.0 18.335
23.0 19.125
23.0 19.935
23.0 20.08
23.0 19.76
23.0 20.43
23.0 21.545
23.0 19.365
23.0 20.92
23.0 20.91
23.0 20.165
23.0 20.655
23.0 20.525
23.0 21.225
23.0 20.77
23.0 20.48
23.0 18.09
23.0 17.29
23.0 19.13
23.0 18.665
23.0 19.4
23.0 20.72
23.0 20.97
23.0 20.48
23.0 21.155
23.0 20.2
23.0 20.03
23.0 21.57
23.0 20.34
23.0 20.13
23.0 20.775
23.0 19.865
23.0 18.78
23.0 21.0
23.0 20.12
23.0 20.68
23.0 18.39
23.0 20.42
23.0 20.14
23.0 20.385
23.0 20.18
23.0 19.57
100
8.0 -37.62
11.0 -7.305
11.5 -9.195
13.5 3.475
13.5 6.465
15.0 10.195
17.5 10.635
17.5 11.705
17.5 9.565
17.5 10.255
18.0 13.735
19.0 11.67
19.5 14.3
19.5 13.925
20.0 17.065
20.0 17.18
20.5 16.31
20.5 17.32
20.5 16.775
21.5 16.805
21.5 17.245
21.5 18.45
21.5 18.62
21.5 18.36
21.5 17.93
21.5 18.555
21.5 19.35
21.5 17.8
21.5 18.03
21.5 19.435
21.5 16.55
21.5 19.85
21.5 20.005
21.5 19.525
21.5 18.79
21.5 20.165
21.5 19.625
21.5 17.19
21.5 19.315
21.5 14.655
21.5 19.43
21.5 19.35
21.5 18.775
21.5 19.595
21.5 19.105
21.5 19.965
21.5 19.355
21.5 20.2
21.5 19.06
21.5 19.285
21.5 18.91
21.5 19.51
21.5 19.65
21.5 18.925
21.5 18.15
21.5 16.045
21.5 18.74
21.5 17.36
21.5 18.96
21.5 17.27
21.5 18.52
21.5 18.13
21.5 18.21
21.5 18.77
21.5 17.02
21.5 19.145
21.5 18.885
21.5 19.48
21.5 16.32
21.5 19.195
21.5 19.45
21.5 19.065
21.5 19.055
21.5 19.035
21.5 17.57
21.5 20.12
21.5 20.305
21.5 19.795
21.5 19.425
21.5 19.315
21.5 19.26
21.5 19.08
21.5 17.37
21.5 19.515
21.5 19.61
21.5 18.94
21.5 17.935
21.5 19.48
21.5 14.905
21.5 17.74
21.5 18.72
21.5 17.05
21.5 19.375
21.5 20.11
21.5 18.77
21.5 18.48
21.5 18.75
21.5 18.955
21.5 18.915
21.5 18.585
100
13.0 -37.84
14.5 -4.69
15.5 6.86
16.5 10.73
17.5 4.655
20.5 13.735
20.5 11.43
21.0 15.465
21.5 13.815
21.5 15.27
21.5 16.645
21.5 17.075
22.0 18.285
22.0 17.715
22.0 19.04
22.0 18.845
22.0 19.88
22.5 19.245
22.5 16.64
22.5 18.69
22.5 19.93
22.5 17.805
22.5 19.27
22.5 20.465
22.5 19.67
22.5 20.96
22.5 20.215
22.5 19.935
22.5 19.48
22.5 18.4
22.5 19.275
22.5 20.735
22.5 21.225
22.5 19.74
22.5 21.225
22.5 20.375
22.5 21.095
22.5 18.73
22.5 18.81
22.5 17.97
22.5 20.795
22.5 18.345
22.5 20.79
22.5 20.615
22.5 20.565
22.5 19.69
22.5 18.96
22.5 18.94
22.5 19.17
22.5 20.69
22.5 18.715
22.5 17.36
22.5 18.48
22.5 17.115
22.5 19.18
22.5 18.62
22.5 19.96
22.5 19.765
22.5 17.975
22.5 20.15
22.5 19.46
22.5 19.73
22.5 19.965
22.5 18.455
22.5 19.76
22.5 20.02
22.5 18.33
22.5 20.005
22.5 18.985
22.5 20.385
22.5 18.8
22.5 19.645
22.5 20.795
22.5 19.735
22.5 20.74
22.5 19.52
22.5 19.645
22.5 18.62
22.5 20.15
22.5 16.35
22.5 18.96
22.5 17.58
22.5 16.4
22.5 16.67
22.5 20.895
22.5 19.47
23.0 18.97
23.0 17.485
23.0 18.39
23.0 18.35
23.0 20.365
23.0 20.845
23.5 19.81
23.5 20.47
23.5 20.43
23.5 19.26
23.5 19.505
24.0 16.95
24.0 20.18
24.0 21.18
100
9.0 -36.86
10.5 -6.225
15.0 2.585
15.0 7.22
15.0 6.895
16.5 11.25
16.5 12.81
19.0 13.205
19.0 12.805
19.0 14.15
19.5 13.985
19.5 13.595
19.5 16.505
19.5 16.64
20.0 16.935
20.0 14.905
20.5 17.71
20.5 15.38
21.0 18.64
21.0 18.465
21.5 17.955
21.5 17.79
21.5 19.695
21.5 18.565
21.5 18.365
21.5 19.23
23.0 19.42
23.0 18.96
23.0 19.805
23.0 19.075
23.0 17.11
23.0 19.79
23.0 18.865
23.0 20.725
23.0 20.86
23.0 20.71
23.0 19.785
24.5 21.065
24.5 20.4
24.5 20.18
24.5 21.285
24.5 22.07
24.5 18.24
24.5 20.91
24.5 21.335
24.5 21.57
24.5 21.02
24.5 22.03
24.5 20.995
24.5 22.18
24.5 18.8
24.5 22.62
24.5 21.355
24.5 20.4
24.5 21.64
24.5 17.695
24.5 21.445
24.5 22.63
24.5 21.33
24.5 21.285
24.5 21.365
24.5 21.75
24.5 22.21
24.5 19.99
24.5 20.48
24.5 21.32
24.5 21.465
24.5 21.095
24.5 19.9
24.5 21.91
24.5 22.635
24.5 21.46
24.5 21.61
24.5 20.37
24.5 22.1
24.5 20.75
24.5 21.52
24.5 19.92
24.5 21.365
24.5 22.045
24.5 22.295
24.5 20.935
24.5 21.295
24.5 21.365
24.5 22.15
24.5 19.775
24.5 20.76
24.5 21.46
24.5 19.98
24.5 21.98
24.5 19.58
24.5 21.585
24.5 22.59
24.5 22.21
24.5 21.325
24.5 21.26
24.5 22.58
24.5 22.93
24.5 21.435
24.5 22.64

Individual: [2, 3, 6, 8, 11, 12, 15, 29, 31, 32, 36, 37, 41, 44, 48, 49]
   Fitness: 22.0
     Total: 16
Violations: 2 2

Individual: [2, 3, 5, 6, 12, 14, 15, 17, 33, 34, 36, 37, 43, 44, 47, 48]
   Fitness: 24.0
     Total: 16
Violations: 0 0

Individual: [6, 7, 10, 11, 13, 23, 24, 26, 31, 32, 34, 43, 47, 48, 50]
   Fitness: 21.5
     Total: 15
Violations: 1 1

Individual: [1, 3, 4, 10, 12, 18, 27, 28, 30, 31, 40, 41, 43, 47, 49]
   Fitness: 21.5
     Total: 15
Violations: 1 1

Individual: [1, 3, 4, 6, 11, 12, 14, 15, 33, 34, 36, 37, 39, 46, 47, 49, 50]
   Fitness: 23.5
     Total: 17
Violations: 2 2

Individual: [1, 4, 5, 8, 10, 13, 17, 20, 34, 37, 38, 41, 46, 47, 49, 50]
   Fitness: 24.0
     Total: 16
Violations: 0 0

Individual: [1, 7, 8, 10, 11, 17, 18, 22, 31, 38, 39, 41, 42, 47, 48, 50]
   Fitness: 23.0
     Total: 16
Violations: 1 1

Individual: [4, 8, 10, 13, 15, 19, 21, 24, 36, 37, 39, 43, 45, 46, 48]
   Fitness: 21.5
     Total: 15
Violations: 1 1

Individual: [2, 3, 5, 6, 11, 12, 14, 15, 34, 36, 37, 39, 45, 46, 49, 50]
   Fitness: 24.0
     Total: 16
Violations: 0 0

Individual: [1, 3, 5, 6, 8, 14, 16, 17, 19, 36, 38, 39, 41, 45, 47, 48, 50]
   Fitness: 24.5
     Total: 17
Violations: 1 1
