10
100
12.5 -39.566
12.5 -20.538
12.5 -10.922
14.5 -5.78
15.5 -0.33
15.5 -0.278
15.5 2.3
17.0 -0.626
17.0 3.0
19.0 3.122
19.0 2.516
19.0 1.054
19.0 3.286
19.0 4.664
19.0 4.952
19.0 5.626
19.0 5.656
19.0 6.074
19.0 5.502
19.0 4.124
19.5 4.718
19.5 4.01
19.5 5.168
19.5 6.612
19.5 6.59
19.5 5.146
19.5 2.814
19.5 4.616
19.5 3.51
20.0 4.162
20.0 5.568
20.0 4.248
20.0 6.388
20.0 5.17
20.5 7.768
20.5 6.174
20.5 6.444
20.5 5.302
20.5 4.374
20.5 4.784
20.5 5.948
20.5 6.264
20.5 3.858
20.5 5.754
20.5 4.51
20.5 6.298
20.5 5.296
20.5 5.612
20.5 2.31
20.5 4.026
20.5 4.14
20.5 2.682
20.5 4.62
20.5 6.076
20.5 2.586
20.5 6.48
20.5 3.062
20.5 4.368
20.5 4.362
20.5 5.424
20.5 3.482
20.5 4.68
20.5 4.234
21.0 5.832
21.0 5.366
21.0 5.13
21.0 6.174
21.0 4.936
21.0 5.882
21.0 4.182
21.0 5.068
21.0 3.456
21.0 4.096
21.5 4.968
21.5 3.76
21.5 2.506
21.5 2.14
21.5 3.854
21.5 4.782
22.5 5.906
22.5 6.288
22.5 7.196
22.5 6.312
22.5 6.408
22.5 7.488
22.5 4.738
22.5 6.516
22.5 7.128
22.5 5.336
22.5 4.406
22.5 6.41
22.5 6.704
22.5 6.55
22.5 4.882
22.5 5.504
22.5 4.576
22.5 5.338
22.5 7.56
22.5 6.344
22.5 5.468
100
13.5 -38.51
13.5 -20.39
13.5 -11.524
13.5 -6.324
15.5 -6.074
15.5 -4.208
15.5 -0.078
17.5 -1.288
17.5 1.758
18.5 4.62
18.5 4.94
19.0 6.468
19.0 5.458
19.0 6.856
19.0 3.422
19.0 5.258
19.0 6.386
19.5 6.446
19.5 6.15
19.5 7.546
19.5 5.04
19.5 6.586
19.5 4.8
19.5 3.358
19.5 5.54
19.5 4.928
19.5 5.292
19.5 6.876
19.5 5.654
19.5 6.416
19.5 6.342
19.5 4.048
19.5 5.176
19.5 5.924
20.0 4.3
20.0 5.558
20.0 5.246
20.0 4.538
20.0 6.2
20.0 5.428
20.0 6.516
21.0 3.56
21.0 4.382
21.0 3.322
21.0 4.46
21.0 4.654
21.0 4.816
21.0 5.152
21.0 4.004
21.0 6.264
21.0 4.988
21.0 7.72
21.0 5.962
21.0 3.146
21.0 5.332
21.0 5.358
21.0 5.34
21.0 5.434
21.0 5.01
21.0 6.406
21.0 5.494
21.0 7.136
21.0 5.634
21.0 7.496
21.0 3.764
21.0 3.538
21.0 4.468
21.0 6.124
21.0 6.176
21.0 5.868
21.0 6.342
21.0 6.29
21.0 5.824
21.0 5.858
21.0 6.196
21.0 3.192
21.0 5.532
21.0 5.468
21.0 3.76
21.0 4.318
21.5 5.412
21.5 5.954
21.5 5.472
21.5 2.792
21.5 5.024
21.5 4.19
21.5 6.926
21.5 5.66
21.5 6.34
21.5 5.808
21.5 5.568
21.5 5.582
21.5 6.34
21.5 7.552
21.5 8.318
21.5 7.63
21.5 6.56
21.5 8.21
21.5 6.994
21.5 6.768
100
10.0 -37.464
13.5 -15.696
13.5 -9.842
13.5 -6.97
13.5 -1.656
17.0 0.26
17.0 1.83
17.0 3.416
17.0 3.946
18.0 2.472
18.5 1.618
18.5 3.916
18.5 5.43
18.5 4.37
18.5 1.71
18.5 5.042
18.5 5.588
18.5 7.522
19.0 5.798
19.0 5.586
19.5 6.322
19.5 6.0
19.5 5.856
19.5 6.18
19.5 5.46
19.5 5.464
20.0 6.734
20.0 7.3
20.0 6.574
20.0 7.376
20.0 7.996
20.0 4.714
20.0 5.896
20.0 3.368
20.0 4.78
20.0 3.628
20.0 2.886
20.0 5.828
20.0 6.502
20.0 5.032
20.0 5.208
21.5 4.036
21.5 2.21
21.5 4.562
21.5 3.734
21.5 5.904
21.5 7.578
21.5 4.618
21.5 5.208
21.5 4.282
21.5 4.942
21.5 6.424
21.5 6.224
21.5 6.566
21.5 1.908
21.5 6.128
21.5 2.248
21.5 6.242
21.5 4.876
21.5 7.45
21.5 5.572
21.5 5.196
21.5 5.578
21.5 5.22
21.5 5.952
21.5 4.89
21.5 7.242
21.5 4.95
21.5 7.694
21.5 5.026
21.5 5.196
21.5 1.098
21.5 4.582
21.5 6.63
21.5 6.362
21.5 5.056
21.5 7.708
21.5 9.038
21.5 8.422
21.5 10.012
21.5 8.486
21.5 8.252
21.5 5.548
21.5 7.836
21.5 6.436
21.5 5.23
21.5 7.458
21.5 5.206
21.5 6.108
21.5 5.834
21.5 4.426
21.5 4.936
21.5 6.058
21.5 6.26
21.5 6.912
21.5 4.668
21.5 3.134
21.5 2.036
21.5 6.516
21.5 5.78
100
8.0 -33.106
16.0 -17.386
16.0 -7.65
16.5 -3.604
16.5 -0.222
17.5 0.044
18.0 3.806
19.0 4.252
19.0 3.378
20.5 4.61
20.5 3.65
20.5 5.668
20.5 2.64
20.5 3.428
20.5 4.508
20.5 5.594
20.5 7.464
20.5 5.476
20.5 6.0
20.5 3.8
20.5 5.866
20.5 3.922
20.5 6.42
20.5 5.91
20.5 3.664
20.5 5.846
20.5 5.312
20.5 5.044
20.5 6.768
20.5 4.902
21.0 5.508
21.0 6.488
21.0 6.912
21.0 5.278
21.0 6.38
21.0 4.31
21.0 5.908
21.0 6.944
21.0 6.804
21.0 5.358
21.0 5.52
21.0 5.838
21.0 5.1
21.0 7.584
22.0 7.72
22.0 6.174
22.0 5.232
22.0 4.016
22.0 6.93
22.0 4.054
22.0 6.336
22.0 5.376
22.0 8.46
22.0 7.7
22.0 6.346
22.0 6.464
22.0 8.264
22.0 6.878
22.0 7.392
22.0 4.682
22.0 4.706
22.0 5.076
22.0 1.046
22.0 6.16
22.0 5.984
22.0 6.768
22.5 5.254
22.5 4.934
22.5 5.938
22.5 5.08
22.5 4.142
22.5 5.674
22.5 4.602
22.5 7.398
22.5 6.108
22.5 3.972
22.5 5.79
22.5 7.062
22.5 6.578
22.5 4.282
22.5 5.356
22.5 6.276
22.5 7.882
22.5 6.948
22.5 5.008
22.5 6.832
22.5 7.13
22.5 5.686
22.5 7.02
22.5 5.886
22.5 2.174
22.5 4.266
22.5 7.718
22.5 6.44
22.5 7.324
22.5 7.926
22.5 8.178
22.5 5.794
22.5 4.47
22.5 5.434
100
12.0 -38.18
13.0 -16.084
14.5 -7.466
16.0 -5.026
16.5 -1.144
17.0 -1.308
17.0 1.454
17.0 -0.414
18.0 1.234
18.0 1.872
18.0 2.928
18.0 2.614
18.0 3.824
18.0 4.31
18.0 6.29
18.0 4.882
18.0 4.47
18.0 3.306
18.0 4.948
18.0 1.9
18.0 3.334
18.0 4.9
18.0 5.61
18.0 6.424
20.0 7.964
20.0 6.478
20.0 7.074
20.0 5.51
20.0 6.256
20.0 5.304
20.0 5.972
20.0 6.24
20.5 5.052
20.5 3.994
20.5 5.082
20.5 5.494
20.5 5.538
20.5 6.41
20.5 7.1
20.5 7.574
20.5 6.082
20.5 3.97
20.5 4.584
20.5 4.53
20.5 4.282
20.5 4.556
20.5 3.652
20.5 6.352
20.5 2.758
20.5 5.244
20.5 7.072
20.5 6.702
20.5 7.442
20.5 5.628
20.5 4.578
20.5 7.71
20.5 7.018
21.5 7.076
21.5 7.894
21.5 8.162
21.5 7.068
21.5 5.894
21.5 6.992
21.5 5.676
21.5 8.78
21.5 8.962
21.5 7.588
21.5 5.99
21.5 5.77
21.5 4.332
21.5 5.464
21.5 4.308
21.5 4.802
21.5 6.072
21.5 5.588
21.5 5.202
21.5 6.37
21.5 6.93
21.5 6.464
21.5 5.42
21.5 5.778
21.5 3.37
21.5 5.986
21.5 3.376
21.5 4.922
21.5 4.562
21.5 3.238
21.5 3.358
21.5 4.418
21.5 5.65
22.0 5.452
22.0 4.182
22.0 5.92
22.0 5.434
22.0 3.394
22.0 5.33
22.0 5.978
22.0 5.912
22.0 2.756
22.0 4.794
100
15.0 -37.238
15.0 -18.87
15.0 -11.432
15.0 -6.332
15.0 -2.584
15.0 -2.9
16.5 -1.318
16.5 -0.046
17.5 2.822
17.5 3.638
17.5 4.32
18.0 2.884
18.0 5.604
18.0 2.206
18.0 1.84
18.0 2.446
19.0 4.316
19.0 4.248
19.0 3.464
19.0 3.506
19.0 5.174
19.5 6.204
19.5 3.566
19.5 6.832
19.5 7.254
19.5 4.934
20.0 6.066
20.0 6.202
20.0 7.61
21.0 5.68
21.0 7.634
21.0 8.48
21.0 6.676
21.0 8.254
21.0 7.662
21.0 6.684
21.0 6.39
21.0 6.154
21.5 5.914
21.5 6.326
21.5 6.894
21.5 5.706
21.5 6.742
21.5 4.094
21.5 6.4
21.5 5.006
21.5 6.052
21.5 5.156
21.5 5.608
21.5 6.552
21.5 4.14
21.5 4.752
21.5 8.174
21.5 7.3
21.5 6.954
21.5 7.078
21.5 5.94
21.5 5.334
21.5 4.702
21.5 6.316
22.0 6.102
22.0 8.654
22.0 8.02
22.0 7.084
22.0 5.238
22.0 5.536
22.0 5.58
22.0 5.324
22.0 4.434
22.0 3.666
22.0 5.314
22.0 6.7
22.0 6.774
22.0 6.812
22.0 7.212
22.0 7.028
24.0 6.606
24.0 6.006
24.0 7.244
24.0 3.686
24.0 5.598
24.0 4.998
24.0 6.216
24.0 5.744
24.0 1.178
24.0 3.688
24.0 5.346
24.0 7.384
24.0 4.738
24.0 5.748
24.0 5.046
24.0 4.824
24.0 3.902
24.0 4.544
24.0 5.058
24.0 5.65
24.0 5.97
24.0 6.696
24.0 3.486
24.0 4.386
100
9.0 -35.708
12.0 -16.018
13.0 -10.366
13.5 -8.782
13.5 -3.276
14.0 0.468
15.5 1.612
15.5 -1.134
15.5 -3.93
17.5 -0.422
17.5 2.638
17.5 3.798
18.0 3.702
18.0 2.178
18.5 3.426
18.5 4.146
18.5 5.17
18.5 0.622
18.5 4.474
18.5 4.298
19.5 4.172
19.5 6.092
19.5 4.614
19.5 1.258
19.5 2.906
19.5 3.234
19.5 3.144
19.5 1.804
19.5 3.768
19.5 4.6
19.5 6.14
19.5 2.704
19.5 4.138
19.5 4.934
19.5 3.074
19.5 3.79
19.5 4.334
19.5 5.154
19.5 5.082
19.5 3.9
19.5 4.718
20.0 6.08
20.0 5.204
20.0 5.378
20.0 6.528
20.0 5.73
20.0 6.194
20.0 4.328
20.0 3.634
20.0 5.426
20.0 6.47
20.0 3.22
20.0 6.1
20.0 7.792
20.0 5.232
20.0 5.704
20.0 5.578
20.0 5.882
20.0 5.638
20.0 5.302
20.0 4.89
20.0 5.674
20.0 4.204
20.0 4.658
20.0 5.012
20.0 4.998
20.0 5.492
20.0 5.736
20.0 4.686
20.0 5.846
20.0 3.99
20.0 5.772
20.0 4.944
20.0 4.602
20.0 3.516
20.0 4.984
20.0 4.178
20.0 4.514
20.0 5.302
20.0 3.758
20.0 5.26
20.5 5.126
20.5 4.464
20.5 5.404
20.5 6.082
20.5 5.772
21.0 8.51
21.0 5.194
21.0 6.356
21.0 6.456
21.0 2.74
21.0 3.446
21.0 4.54
21.0 4.526
21.0 3.246
21.0 4.172
21.0 6.058
21.0 5.454
21.0 3.518
21.0 5.294
100
8.5 -35.148
13.5 -17.336
15.0 -7.072
16.0 -6.668
18.5 -4.592
18.5 -3.458
18.5 -0.514
18.5 -1.8
18.5 2.038
18.5 4.86
18.5 5.82
18.5 5.88
18.5 5.762
18.5 1.432
18.5 6.852
18.5 3.208
18.5 2.628
18.5 3.628
18.5 4.298
19.0 5.172
19.0 5.426
19.0 7.128
19.0 0.062
19.0 5.126
19.0 4.59
19.0 5.876
19.0 4.748
19.0 5.102
20.0 5.826
20.0 3.2
20.0 6.612
20.0 5.66
20.0 5.342
20.0 4.73
20.0 4.738
20.0 4.412
20.0 5.608
20.0 4.724
20.0 5.358
20.5 4.218
20.5 5.688
20.5 7.1
20.5 6.832
20.5 6.546
20.5 6.392
20.5 6.098
20.5 6.816
20.5 5.516
20.5 8.012
20.5 5.322
20.5 3.474
20.5 5.016
20.5 7.316
20.5 7.062
20.5 4.172
20.5 5.724
20.5 6.83
20.5 5.466
21.0 5.296
21.0 5.922
21.0 4.044
21.0 4.998
21.0 4.118
21.0 4.954
21.0 5.38
21.0 4.392
21.0 5.992
21.0 8.116
21.0 8.252
21.0 3.812
21.0 6.724
21.0 5.788
21.0 6.016
21.0 6.916
21.0 4.77
21.0 7.236
21.0 2.306
21.0 5.284
21.0 6.898
21.5 5.9
21.5 4.316
21.5 4.938
21.5 7.544
21.5 5.526
21.5 6.082
21.5 6.898
21.5 5.892
21.5 6.284
21.5 6.35
21.5 4.858
21.5 5.206
21.5 5.92
21.5 5.994
21.5 4.466
21.5 7.502
21.5 6.044
21.5 5.86
21.5 4.066
21.5 8.072
21.5 6.138
100
5.0 -36.122
9.0 -18.658
12.0 -11.316
12.5 -5.036
12.5 -8.142
15.0 -2.516
17.0 0.292
17.0 1.34
17.0 2.096
17.0 -4.702
17.0 1.126
17.0 4.174
17.5 2.57
17.5 4.188
17.5 5.386
19.0 5.608
19.0 4.21
20.0 4.57
20.0 6.028
20.5 4.404
20.5 3.868
20.5 6.146
20.5 6.34
20.5 6.668
20.5 7.708
20.5 5.502
20.5 7.03
20.5 2.668
20.5 3.614
20.5 6.234
20.5 3.942
20.5 4.686
20.5 2.97
20.5 2.366
20.5 3.378
20.5 2.658
20.5 -0.016
20.5 3.366
20.5 4.82
20.5 5.036
20.5 6.182
20.5 5.022
20.5 5.762
20.5 5.958
20.5 1.978
20.5 5.344
20.5 5.616
20.5 8.19
20.5 4.86
20.5 5.618
20.5 5.552
20.5 4.266
20.5 5.516
20.5 6.252
20.5 2.87
20.5 3.426
20.5 5.416
20.5 5.574
20.5 3.71
20.5 3.14
20.5 7.024
20.5 4.238
20.5 4.6
22.0 5.838
22.0 5.052
22.0 5.908
22.0 5.622
22.0 3.308
22.0 3.014
22.0 4.466
22.0 5.048
22.0 5.922
22.0 4.86
22.0 2.978
22.0 3.68
22.0 3.212
22.0 5.242
22.0 4.898
22.0 5.768
22.0 4.794
22.0 5.086
22.0 5.264
22.0 4.514
22.0 4.826
22.0 6.282
22.0 3.662
22.0 6.414
22.0 5.82
22.0 2.536
22.0 2.91
22.0 5.258
22.5 7.338
22.5 3.768
22.5 5.874
22.5 4.666
22.5 6.79
22.5 5.118
22.5 3.988
22.5 5.152
22.5 0.734
100
14.0 -34.566
15.0 -16.644
15.0 -9.534
15.0 -5.754
15.0 -2.288
16.5 2.52
17.0 2.872
17.0 4.078
17.0 1.142
17.0 2.958
17.0 3.52
18.0 5.6
18.0 5.182
18.0 4.528
19.0 3.934
19.0 5.44
19.0 2.74
19.0 4.982
19.0 6.34
19.0 1.32
19.0 4.88
19.0 3.26
19.0 5.418
19.0 4.268
19.0 4.108
19.0 5.57
19.0 3.91
19.0 3.818
19.0 6.046
20.0 3.264
20.0 5.054
20.0 2.87
20.0 4.736
20.0 4.578
20.0 4.468
20.0 5.28
20.5 4.538
21.5 4.788
21.5 4.982
21.5 6.4
21.5 6.934
21.5 6.748
21.5 5.304
21.5 5.888
21.5 6.486
21.5 7.25
21.5 3.064
21.5 6.208
21.5 2.952
21.5 5.236
21.5 4.772
21.5 4.506
21.5 4.33
21.5 4.658
21.5 4.308
21.5 2.904
21.5 6.114
21.5 3.462
21.5 2.828
21.5 3.91
21.5 3.646
21.5 7.392
21.5 6.994
21.5 7.43
21.5 6.262
21.5 6.584
21.5 6.102
21.5 6.724
21.5 5.95
21.5 5.548
21.5 5.552
21.5 4.638
21.5 5.182
21.5 7.23
21.5 4.282
21.5 4.546
21.5 4.73
21.5 1.646
21.5 4.676
21.5 5.508
21.5 4.012
21.5 4.296
21.5 5.914
21.5 5.736
21.5 5.562
21.5 5.826
21.5 4.948
21.5 7.112
21.5 5.908
21.5 7.482
21.5 6.204
21.5 7.146
21.5 7.32
21.5 5.08
21.5 6.562
21.5 4.648
21.5 5.682
21.5 5.008
21.5 3.758
21.5 2.574

Individual: [2, 3, 5, 6, 11, 13, 15, 16, 32, 34, 35, 37, 43, 44, 46, 47, 50]
   Fitness: 22.5
     Total: 17
Violations: 3 3

Individual: [1, 2, 4, 5, 10, 12, 14, 17, 21, 36, 38, 39, 41, 46, 47, 49, 50]
   Fitness: 21.5
     Total: 17
Violations: 4 3

Individual: [1, 5, 6, 8, 10, 16, 17, 21, 35, 39, 40, 42, 47, 48, 50]
   Fitness: 21.5
     Total: 15
Violations: 1 1

Individual: [1, 2, 4, 5, 11, 12, 14, 15, 34, 35, 37, 41, 46, 49, 50]
   Fitness: 22.5
     Total: 15
Violations: 0 0

Individual: [1, 2, 4, 5, 10, 11, 13, 14, 27, 28, 34, 35, 37, 38, 44, 45, 47, 48]
   Fitness: 22.0
     Total: 18
Violations: 5 5

Individual: [1, 5, 7, 10, 11, 14, 16, 20, 34, 37, 38, 41, 46, 47, 49, 50]
   Fitness: 24.0
     Total: 16
Violations: 0 0

Individual: [2, 3, 6, 8, 11, 12, 13, 17, 29, 33, 35, 36, 38, 42, 44, 45]
   Fitness: 21.0
     Total: 16
Violations: 3 3

Individual: [2, 5, 7, 13, 15, 16, 20, 32, 36, 37, 39, 45, 47, 48, 50]
   Fitness: 21.5
     Total: 15
Violations: 1 1

Individual: [1, 3, 6, 7, 10, 12, 15, 22, 30, 31, 33, 39, 42, 46, 49]
   Fitness: 22.5
     Total: 15
Violations: 0 0

Individual: [1, 2, 8, 9, 11, 12, 18, 19, 21, 35, 36, 38, 39, 44, 45, 48, 50]
   Fitness: 21.5
     Total: 17
Violations: 4 4
