10
50
10.5 -37.594
11.0 -20.418
13.5 -14.774
13.5 -13.238
13.5 -12.172
14.5 -11.92
16.0 -10.864
16.0 -11.566
16.0 -11.248
16.0 -11.03
16.0 -11.554
16.0 -11.76
16.0 -11.498
16.0 -10.386
16.0 -10.17
16.0 -8.864
17.0 -8.954
17.0 -9.108
17.0 -10.63
17.0 -9.602
17.0 -9.046
17.0 -11.12
17.0 -8.192
17.0 -9.054
17.0 -10.214
17.0 -11.702
17.0 -9.002
17.0 -10.238
17.0 -10.356
17.0 -9.998
17.0 -11.816
17.0 -8.458
17.0 -9.176
17.0 -10.168
17.0 -12.692
17.5 -7.612
17.5 -11.638
17.5 -10.59
19.0 -8.702
19.0 -9.33
19.0 -11.044
19.0 -11.61
19.0 -8.336
19.0 -8.916
19.0 -10.192
19.0 -10.384
19.0 -7.912
19.0 -9.634
19.0 -9.364
19.0 -9.602
50
13.0 -36.578
13.0 -21.652
17.0 -15.904
17.0 -15.246
17.0 -13.216
17.0 -11.732
17.0 -10.278
17.0 -9.858
17.0 -8.808
17.0 -10.058
17.0 -9.892
17.0 -9.982
17.0 -10.208
17.0 -10.276
17.5 -9.074
17.5 -10.954
17.5 -10.482
17.5 -9.556
17.5 -10.17
17.5 -9.812
17.5 -9.822
17.5 -11.31
17.5 -9.434
17.5 -9.754
17.5 -11.15
17.5 -10.612
17.5 -10.092
17.5 -9.296
17.5 -9.344
17.5 -10.444
17.5 -10.226
17.5 -11.06
17.5 -9.22
17.5 -9.7
17.5 -10.124
17.5 -11.262
17.5 -10.872
17.5 -11.258
17.5 -10.162
17.5 -10.242
17.5 -9.052
17.5 -9.27
17.5 -9.368
17.5 -12.298
17.5 -9.38
17.5 -10.918
17.5 -10.704
17.5 -11.858
17.5 -10.566
17.5 -9.442
50
7.5 -35.858
15.5 -20.664
15.5 -16.012
15.5 -11.34
15.5 -11.924
15.5 -10.476
15.5 -11.228
15.5 -9.414
15.5 -10.514
15.5 -11.374
15.5 -10.872
17.0 -10.654
17.0 -9.008
17.0 -10.344
17.0 -10.052
17.0 -11.39
17.0 -9.908
17.0 -11.714
17.0 -13.06
17.0 -11.24
17.0 -10.544
17.0 -10.812
17.0 -8.872
17.0 -8.3
17.0 -8.544
17.0 -6.992
17.0 -7.492
17.0 -8.376
17.0 -9.532
17.0 -10.908
17.0 -10.636
17.0 -10.418
17.0 -10.128
17.0 -12.502
17.0 -11.24
17.0 -10.636
17.0 -10.244
17.0 -10.94
17.0 -9.132
17.0 -9.692
17.0 -10.418
17.0 -11.624
17.0 -11.632
17.0 -11.744
17.0 -9.974
17.0 -12.894
17.0 -9.104
17.0 -9.364
17.0 -11.724
17.0 -12.212
50
13.0 -40.724
14.5 -21.606
14.5 -15.314
14.5 -13.588
14.5 -12.414
14.5 -12.564
16.0 -10.062
16.0 -9.778
16.0 -10.148
16.0 -12.83
16.0 -11.118
16.0 -10.79
16.0 -11.216
16.0 -13.66
16.0 -11.418
16.0 -10.686
16.0 -10.608
16.0 -10.476
16.0 -10.644
16.0 -10.016
16.5 -9.812
16.5 -9.908
16.5 -9.814
16.5 -9.77
16.5 -9.644
16.5 -10.504
16.5 -12.812
16.5 -11.126
16.5 -9.918
16.5 -9.302
16.5 -9.498
16.5 -12.17
16.5 -9.83
16.5 -8.418
16.5 -9.854
16.5 -10.56
17.0 -9.316
17.0 -10.498
17.0 -9.874
17.0 -9.998
17.0 -10.256
17.0 -11.076
17.0 -10.356
18.5 -10.698
18.5 -10.04
18.5 -9.14
18.5 -8.718
18.5 -11.434
18.5 -13.55
18.5 -9.678
50
10.5 -40.668
12.5 -21.432
12.5 -16.404
15.0 -11.938
15.0 -11.334
17.0 -10.09
17.0 -9.572
17.0 -11.906
17.0 -9.604
17.0 -8.428
17.0 -8.162
17.0 -8.8
17.0 -11.028
17.0 -10.658
17.0 -9.644
17.0 -12.5
17.0 -10.29
17.0 -10.854
17.0 -9.674
17.0 -11.598
17.0 -9.412
17.0 -9.222
17.0 -8.82
17.0 -9.816
17.0 -9.846
17.0 -11.666
17.0 -10.182
17.0 -9.142
17.0 -8.832
17.0 -10.472
17.0 -9.764
17.0 -10.928
17.0 -10.678
17.0 -10.364
17.0 -10.092
17.0 -11.248
17.0 -10.39
17.0 -10.768
17.5 -12.578
17.5 -10.626
17.5 -11.68
17.5 -10.6
17.5 -10.7
17.5 -8.844
17.5 -8.644
17.5 -9.866
17.5 -10.624
17.5 -9.752
17.5 -9.952
17.5 -10.958
50
6.5 -35.858
11.5 -18.818
15.5 -16.83
15.5 -13.068
15.5 -12.996
16.0 -11.924
16.0 -8.938
16.0 -11.126
16.0 -12.328
16.5 -10.522
16.5 -11.104
16.5 -9.408
16.5 -10.772
16.5 -10.54
16.5 -10.316
16.5 -11.51
16.5 -10.022
16.5 -12.16
16.5 -11.506
16.5 -10.808
16.5 -8.836
16.5 -8.46
16.5 -10.248
16.5 -11.082
16.5 -11.062
16.5 -8.596
16.5 -9.68
16.5 -10.924
16.5 -9.146
16.5 -10.254
16.5 -11.582
16.5 -10.054
16.5 -9.41
16.5 -12.98
16.5 -10.076
16.5 -9.332
16.5 -10.394
16.5 -11.578
16.5 -11.42
16.5 -10.122
16.5 -9.912
16.5 -10.34
16.5 -11.542
16.5 -9.598
16.5 -12.0
16.5 -10.51
16.5 -13.518
17.5 -11.762
17.5 -10.558
17.5 -8.75
50
10.0 -41.96
10.0 -21.97
13.0 -16.598
13.5 -13.704
14.0 -14.23
14.0 -13.072
14.0 -14.23
14.0 -12.506
15.5 -12.188
15.5 -13.31
17.0 -10.468
17.0 -12.426
17.0 -12.21
17.0 -11.878
17.0 -9.728
17.0 -11.266
17.0 -11.962
17.0 -10.852
17.0 -12.144
17.0 -11.13
17.0 -10.44
17.0 -12.894
17.0 -12.186
17.0 -9.642
17.0 -9.22
17.0 -9.256
17.0 -13.074
17.0 -10.86
17.0 -10.724
17.0 -10.56
17.0 -10.006
17.0 -9.97
17.0 -11.468
17.0 -11.616
17.0 -12.248
17.0 -10.13
17.0 -9.792
17.0 -10.604
17.0 -9.754
17.0 -10.502
17.0 -10.45
17.0 -10.54
17.0 -10.712
17.0 -11.546
17.0 -10.276
17.0 -10.826
18.0 -9.092
18.0 -8.916
18.0 -9.724
18.0 -9.02
50
14.0 -38.988
14.0 -23.372
14.0 -19.36
14.5 -15.454
14.5 -12.166
14.5 -11.974
14.5 -12.216
14.5 -10.51
14.5 -11.834
15.5 -11.114
15.5 -10.956
15.5 -9.622
16.0 -11.124
16.0 -11.098
16.0 -10.598
16.0 -9.734
16.0 -12.524
16.0 -12.338
16.0 -10.748
16.0 -11.638
16.0 -11.38
16.0 -11.308
16.0 -11.164
16.0 -11.618
16.0 -11.552
16.0 -10.572
16.0 -10.468
16.0 -9.81
16.0 -11.544
16.0 -9.628
16.0 -8.97
16.0 -10.862
16.0 -12.612
16.0 -10.078
16.0 -10.36
17.0 -10.35
17.0 -12.68
17.0 -12.008
17.0 -11.356
17.0 -11.09
17.0 -11.31
17.0 -12.04
17.0 -10.118
17.0 -11.426
17.0 -10.2
17.0 -9.406
17.0 -9.188
17.0 -8.834
17.0 -10.462
17.0 -11.508
50
12.0 -36.436
12.0 -21.45
15.0 -14.312
15.0 -12.122
15.0 -10.872
16.5 -11.472
17.5 -10.104
17.5 -9.658
17.5 -11.978
17.5 -11.212
17.5 -8.636
17.5 -10.452
17.5 -8.852
17.5 -12.786
17.5 -11.36
17.5 -12.846
17.5 -12.848
17.5 -10.524
17.5 -11.534
17.5 -10.646
17.5 -11.608
17.5 -11.336
17.5 -8.364
17.5 -10.578
17.5 -10.394
17.5 -10.918
17.5 -9.538
17.5 -11.868
17.5 -9.876
17.5 -9.612
17.5 -9.78
17.5 -9.568
17.5 -10.77
17.5 -9.25
17.5 -10.26
17.5 -10.322
17.5 -10.404
17.5 -8.6
17.5 -10.364
17.5 -13.15
17.5 -12.398
17.5 -9.782
17.5 -11.094
17.5 -10.356
17.5 -7.688
17.5 -10.14
17.5 -9.854
17.5 -10.334
17.5 -10.108
17.5 -9.18
50
15.0 -36.214
15.0 -20.084
15.0 -13.692
15.0 -13.604
15.0 -13.166
15.0 -11.564
15.0 -10.892
15.0 -10.816
15.5 -8.802
15.5 -11.32
15.5 -10.666
16.5 -9.754
16.5 -10.368
16.5 -9.864
16.5 -11.214
16.5 -10.186
16.5 -10.806
16.5 -11.008
16.5 -8.618
16.5 -10.794
16.5 -10.396
16.5 -10.344
16.5 -11.546
16.5 -9.814
16.5 -11.296
16.5 -11.358
16.5 -10.28
16.5 -12.058
16.5 -11.322
16.5 -9.102
16.5 -9.578
16.5 -9.81
16.5 -10.212
16.5 -11.658
16.5 -10.644
16.5 -9.466
16.5 -8.844
16.5 -10.824
16.5 -9.572
16.5 -9.78
16.5 -8.512
16.5 -11.87
16.5 -9.528
16.5 -9.342
16.5 -11.21
16.5 -9.708
16.5 -10.51
16.5 -8.98
16.5 -8.858
16.5 -10.018

Individual: [3, 4, 6, 7, 9, 13, 15, 16, 18, 31, 35, 41, 42, 43, 45, 46]
   Fitness: 19.0
     Total: 16
Violations: 5 5

Individual: [3, 4, 8, 12, 14, 15, 17, 18, 33, 35, 37, 38, 42, 45, 46]
   Fitness: 17.5
     Total: 15
Violations: 5 5

Individual: [5, 6, 8, 9, 11, 15, 33, 34, 36, 37, 39, 40, 45, 47, 48, 49]
   Fitness: 17.0
     Total: 16
Violations: 7 7

Individual: [4, 5, 9, 11, 12, 16, 17, 36, 38, 39, 43, 45, 49]
   Fitness: 18.5
     Total: 13
Violations: 1 1

Individual: [1, 3, 5, 6, 8, 14, 16, 17, 30, 33, 34, 36, 37, 44, 46, 47, 48]
   Fitness: 17.5
     Total: 17
Violations: 8 7

Individual: [1, 7, 8, 10, 12, 17, 18, 32, 38, 39, 42, 48, 50]
   Fitness: 17.5
     Total: 13
Violations: 2 2

Individual: [2, 8, 9, 11, 18, 27, 30, 32, 35, 36, 44, 47, 48, 50]
   Fitness: 18.0
     Total: 14
Violations: 3 3

Individual: [6, 8, 13, 14, 17, 19, 25, 35, 43, 47, 48, 50]
   Fitness: 17.0
     Total: 12
Violations: 1 1

Individual: [3, 4, 7, 8, 15, 16, 18, 31, 34, 36, 39, 42, 48]
   Fitness: 17.5
     Total: 13
Violations: 2 2

Individual: [1, 2, 4, 8, 9, 19, 21, 28, 30, 32, 33, 35, 42, 44, 46]
   Fitness: 16.5
     Total: 15
Violations: 6 6
