10
500
14.0 -35.29
14.0 -25.38
14.0 -25.168
14.5 -19.844
14.5 -26.604
14.5 -23.856
14.5 -25.952
14.5 -26.556
14.5 -22.026
14.5 -22.042
14.5 -26.51
14.5 -22.526
14.5 -27.168
14.5 -24.74
14.5 -22.79
14.5 -23.91
14.5 -22.462
14.5 -23.956
14.5 -25.806
14.5 -25.592
14.5 -29.486
14.5 -28.052
14.5 -24.022
14.5 -26.174
14.5 -22.404
15.5 -23.334
15.5 -22.886
15.5 -23.962
15.5 -23.466
15.5 -27.902
15.5 -22.566
15.5 -24.452
15.5 -27.174
15.5 -26.434
15.5 -23.694
15.5 -25.958
15.5 -23.744
15.5 -28.944
15.5 -25.188
15.5 -22.274
15.5 -25.164
15.5 -27.826
15.5 -22.758
15.5 -27.216
15.5 -24.186
15.5 -24.776
16.0 -22.102
16.0 -21.378
16.0 -31.248
16.0 -24.196
16.0 -26.038
16.0 -21.48
16.0 -23.132
16.0 -27.914
16.0 -23.368
16.0 -22.538
16.0 -23.476
16.0 -26.738
16.0 -31.21
16.0 -20.682
16.0 -18.868
16.0 -26.9
16.0 -25.032
16.0 -25.164
16.0 -29.85
16.0 -24.71
16.0 -23.588
16.0 -24.472
16.0 -24.474
16.0 -30.856
16.0 -24.578
16.0 -23.432
16.0 -30.52
16.0 -27.374
16.0 -25.57
16.0 -23.896
16.0 -21.46
16.0 -24.646
16.0 -27.504
16.0 -25.722
16.0 -21.97
16.0 -22.38
16.0 -25.744
16.0 -22.74
16.0 -23.992
16.0 -22.22
16.0 -25.974
16.0 -24.588
16.0 -23.414
16.0 -28.566
16.0 -29.064
16.0 -28.06
16.0 -25.426
16.0 -27.268
16.0 -23.756
16.0 -23.7
16.0 -22.7
16.0 -24.956
16.0 -24.938
16.0 -22.164
16.0 -21.012
16.0 -23.86
16.0 -22.074
16.0 -22.426
16.0 -27.47
16.0 -23.224
16.0 -19.99
16.0 -24.94
16.0 -27.504
16.0 -21.454
16.0 -21.03
17.0 -23.302
17.0 -30.594
17.0 -22.304
17.0 -22.288
17.0 -26.788
17.0 -25.796
17.0 -23.362
17.0 -28.05
17.0 -28.178
17.0 -24.676
17.0 -22.422
17.0 -27.05
17.0 -24.276
17.0 -20.074
17.0 -25.658
17.0 -29.146
17.0 -21.148
17.0 -25.376
17.0 -23.77
17.0 -24.742
17.0 -29.012
17.0 -27.356
17.0 -25.664
17.0 -23.04
17.0 -24.208
17.0 -27.406
17.0 -26.988
17.0 -27.586
17.0 -26.346
17.0 -26.63
17.0 -23.122
17.0 -18.592
17.0 -21.888
17.0 -21.32
18.0 -27.418
18.0 -21.098
18.0 -23.614
18.0 -26.09
18.0 -21.444
18.0 -24.14
18.0 -24.498
18.0 -25.096
18.0 -26.606
18.0 -20.138
18.0 -28.582
18.0 -23.294
18.0 -24.144
18.0 -28.612
18.0 -28.04
18.0 -22.368
18.0 -25.196
18.0 -24.42
18.0 -26.968
18.0 -22.814
18.0 -24.67
18.0 -24.88
18.0 -24.906
18.0 -28.024
18.0 -23.084
18.0 -25.28
18.0 -22.666
18.0 -20.988
18.0 -21.36
18.0 -23.618
18.0 -29.646
18.0 -21.64
18.0 -25.258
18.0 -21.252
18.0 -23.802
18.0 -23.15
18.0 -25.412
18.0 -25.416
18.0 -25.622
18.0 -23.098
18.0 -25.384
18.0 -26.2
18.0 -27.27
18.0 -24.796
18.0 -28.002
18.0 -30.416
18.0 -25.298
18.0 -26.15
18.0 -23.298
18.0 -23.696
18.0 -22.982
18.0 -29.474
18.0 -25.706
18.0 -25.976
18.0 -20.298
18.0 -24.854
18.0 -24.182
18.0 -20.824
18.0 -30.826
18.0 -24.468
18.0 -22.534
18.0 -24.838
18.0 -22.612
18.0 -24.868
18.0 -26.272
18.0 -28.72
18.0 -22.214
18.0 -23.96
18.0 -23.592
18.0 -27.466
18.0 -24.844
18.0 -21.85
18.0 -24.236
18.0 -21.646
18.0 -24.422
18.0 -25.51
18.0 -26.746
18.0 -26.778
18.0 -25.64
18.0 -25.53
18.0 -23.078
18.0 -25.44
18.0 -24.452
18.0 -23.728
18.0 -22.066
18.0 -19.818
18.0 -22.844
18.0 -23.628
18.0 -27.034
18.0 -23.856
18.0 -21.586
18.0 -23.43
18.0 -27.552
18.0 -20.9
18.0 -24.764
18.0 -29.038
18.0 -25.35
18.0 -24.244
18.0 -25.33
18.0 -23.29
18.0 -20.802
18.0 -23.408
18.0 -29.352
18.0 -24.166
18.0 -28.17
18.0 -23.466
18.0 -26.77
18.0 -23.008
18.0 -22.688
18.0 -24.218
18.0 -21.892
18.0 -24.856
18.0 -25.604
18.0 -24.562
18.0 -27.832
18.0 -22.016
18.0 -28.03
18.0 -24.666
18.0 -21.992
18.0 -22.31
18.0 -25.08
18.0 -24.6
18.0 -22.314
18.0 -20.294
18.0 -23.614
18.0 -24.764
18.0 -21.202
18.0 -24.782
18.0 -31.952
18.0 -28.07
18.0 -22.924
18.0 -26.454
18.0 -27.012
18.0 -19.636
18.0 -21.514
18.0 -21.532
18.0 -20.786
18.0 -26.588
18.0 -22.094
18.0 -21.86
18.0 -20.074
18.0 -24.656
18.0 -24.598
18.0 -20.522
18.0 -26.798
18.0 -25.76
18.0 -24.65
18.0 -25.674
18.0 -21.098
18.0 -26.258
18.0 -25.152
18.0 -30.852
18.0 -26.436
18.0 -23.268
18.0 -23.932
18.0 -21.268
18.0 -22.922
18.0 -27.788
18.0 -25.612
18.0 -23.534
18.0 -22.784
18.0 -25.164
18.0 -20.944
18.0 -28.206
18.0 -27.902
18.0 -25.66
18.0 -19.474
18.0 -19.966
18.0 -22.362
18.0 -25.1
18.0 -25.084
18.0 -24.712
18.0 -27.178
18.0 -25.532
18.0 -22.72
18.0 -24.722
18.0 -23.928
18.0 -18.534
18.0 -20.618
18.0 -25.62
18.0 -27.976
18.0 -27.534
18.0 -25.934
18.0 -27.356
18.0 -27.188
18.0 -25.404
18.0 -25.04
18.0 -23.496
18.0 -23.598
18.0 -18.742
18.0 -21.116
18.0 -20.862
18.0 -21.044
18.0 -25.334
18.0 -27.594
18.0 -25.748
18.0 -22.408
18.0 -28.394
18.0 -22.994
18.0 -21.144
18.0 -19.656
18.0 -21.762
18.0 -26.162
18.0 -22.484
18.0 -21.106
18.0 -22.636
18.0 -24.054
18.0 -24.322
18.0 -26.274
18.0 -22.056
18.0 -25.732
18.0 -21.92
18.0 -23.822
18.0 -21.148
18.0 -22.758
18.0 -32.228
18.0 -27.174
18.0 -23.774
18.0 -24.842
18.0 -22.744
18.0 -23.172
18.0 -25.794
18.0 -20.4
18.0 -27.114
18.0 -28.858
18.0 -24.742
18.0 -25.744
18.0 -23.906
18.0 -18.69
18.0 -27.56
18.0 -22.706
18.0 -19.194
18.0 -24.666
18.0 -23.344
18.0 -23.488
18.0 -21.168
18.0 -27.384
18.0 -26.97
18.0 -25.502
18.0 -20.666
18.0 -25.85
18.0 -26.228
18.0 -25.326
18.0 -23.656
18.0 -28.176
18.0 -23.984
18.0 -25.612
18.0 -23.604
18.0 -26.676
18.0 -27.808
18.0 -27.806
18.0 -25.962
18.0 -23.988
18.0 -26.06
18.0 -22.892
18.0 -26.596
18.0 -20.584
18.0 -18.346
18.0 -20.01
18.0 -24.59
18.0 -22.772
18.0 -22.37
18.0 -22.818
18.0 -38.298
18.0 -20.598
18.0 -24.194
18.0 -23.33
18.0 -25.198
18.0 -28.008
18.0 -26.14
18.0 -27.204
18.0 -25.502
18.0 -22.242
18.0 -25.298
18.0 -21.908
18.0 -30.15
18.0 -25.362
18.0 -23.33
18.0 -25.414
18.0 -24.842
18.0 -21.264
18.0 -23.736
18.0 -27.746
18.0 -21.88
18.0 -24.854
18.0 -18.426
18.0 -25.158
18.0 -25.254
18.0 -22.972
18.0 -25.674
18.0 -26.292
18.0 -24.138
18.0 -25.61
18.0 -25.246
18.0 -21.072
18.0 -23.616
18.0 -25.056
18.0 -23.0
18.0 -24.364
18.0 -21.51
18.0 -28.464
18.0 -25.236
18.0 -24.774
18.0 -22.312
18.0 -28.554
18.0 -28.424
18.0 -25.948
18.0 -23.622
18.0 -24.05
18.0 -20.098
18.0 -30.332
18.0 -22.382
18.0 -19.878
18.0 -26.496
18.0 -22.524
18.0 -31.6
18.0 -26.724
18.0 -22.842
18.0 -23.568
18.0 -22.44
18.0 -23.142
18.0 -30.858
18.0 -23.69
18.0 -23.902
18.0 -21.31
18.0 -26.648
18.0 -27.238
18.0 -25.312
18.0 -24.036
18.0 -25.058
18.0 -25.93
18.0 -24.06
18.0 -29.448
18.0 -26.1
18.0 -22.748
18.0 -26.854
18.0 -23.782
18.0 -21.994
18.0 -26.17
18.0 -25.21
18.0 -22.462
18.0 -22.216
18.0 -23.18
18.0 -23.45
18.0 -20.116
18.0 -25.176
18.0 -23.12
18.0 -25.934
18.0 -27.48
18.0 -27.144
18.0 -24.058
18.0 -25.33
18.0 -23.35
18.0 -21.98
18.0 -21.124
500
7.5 -37.474
13.0 -26.734
13.0 -29.712
13.0 -30.396
13.0 -25.846
13.0 -25.186
13.0 -27.866
13.0 -23.216
14.0 -20.424
14.0 -27.022
14.0 -21.618
14.0 -28.548
14.0 -26.752
14.0 -24.702
14.0 -21.77
14.0 -26.254
14.0 -23.378
14.0 -21.278
14.0 -26.812
14.0 -25.56
16.5 -23.3
16.5 -27.234
16.5 -29.56
16.5 -22.918
16.5 -24.136
16.5 -25.886
16.5 -25.528
17.0 -25.106
17.0 -19.812
17.0 -24.014
17.0 -28.134
17.0 -20.588
17.0 -30.312
17.0 -21.534
17.0 -20.56
17.0 -25.328
17.0 -26.7
17.0 -22.85
17.0 -23.316
17.0 -23.966
17.0 -28.162
17.0 -23.434
17.0 -30.714
17.0 -25.936
17.0 -25.448
17.0 -28.476
17.0 -26.282
17.0 -25.112
17.0 -26.494
17.0 -27.23
17.0 -24.908
17.0 -20.648
17.0 -23.366
17.0 -23.58
17.0 -26.102
17.0 -22.924
17.0 -29.034
17.0 -23.744
17.0 -25.132
17.0 -23.726
17.0 -25.068
17.0 -24.942
17.0 -26.582
17.0 -27.914
17.0 -25.574
17.0 -20.328
17.0 -21.214
17.0 -27.98
17.0 -26.442
17.0 -23.678
17.0 -26.6
17.0 -29.236
17.0 -29.068
17.0 -24.838
17.0 -26.91
17.0 -26.516
17.0 -23.064
17.0 -23.696
17.0 -27.666
17.0 -24.518
17.0 -26.518
17.0 -26.582
17.0 -24.112
17.0 -21.468
17.0 -23.722
17.0 -26.836
17.0 -28.828
17.0 -22.596
17.0 -25.098
17.0 -24.462
17.0 -22.98
17.0 -23.966
17.0 -28.448
17.0 -28.71
17.0 -24.906
17.0 -27.068
17.0 -26.546
17.0 -24.044
17.0 -25.042
17.0 -23.936
17.0 -31.51
17.0 -28.324
17.0 -27.432
17.0 -23.476
17.0 -24.406
17.0 -19.244
17.0 -21.956
17.0 -21.564
17.0 -25.066
17.0 -21.734
17.0 -22.962
17.0 -20.814
17.0 -19.52
17.0 -28.456
17.0 -18.202
17.0 -24.262
17.0 -24.454
17.0 -20.612
17.0 -21.022
17.0 -25.14
17.0 -20.68
17.0 -22.656
17.0 -24.252
17.0 -24.476
17.0 -26.528
17.0 -26.298
17.0 -22.85
17.0 -27.29
17.0 -21.95
17.0 -26.4
17.0 -23.888
17.0 -26.78
17.0 -25.442
17.0 -27.746
17.0 -23.466
17.0 -21.484
17.0 -24.554
17.0 -21.29
17.0 -21.462
17.0 -26.156
17.0 -27.436
17.0 -22.194
17.0 -29.642
17.0 -25.182
17.0 -26.824
17.0 -24.312
17.0 -20.922
17.0 -29.486
17.0 -25.284
17.0 -25.358
17.0 -23.494
17.5 -27.178
17.5 -27.676
17.5 -27.526
17.5 -22.12
17.5 -24.37
17.5 -26.842
17.5 -22.286
17.5 -23.984
17.5 -19.54
17.5 -29.488
17.5 -21.73
17.5 -25.3
17.5 -27.118
17.5 -25.598
17.5 -19.664
19.5 -26.704
19.5 -21.886
19.5 -25.822
19.5 -23.796
19.5 -29.882
19.5 -25.164
19.5 -25.682
19.5 -28.068
19.5 -28.596
19.5 -25.286
19.5 -24.506
19.5 -23.254
19.5 -23.412
19.5 -20.606
19.5 -27.432
19.5 -24.896
19.5 -30.1
19.5 -21.502
19.5 -24.554
19.5 -24.152
19.5 -22.446
19.5 -20.466
19.5 -28.232
19.5 -25.504
19.5 -28.856
19.5 -24.132
19.5 -21.942
19.5 -23.516
19.5 -26.592
19.5 -26.652
19.5 -28.82
19.5 -24.132
19.5 -23.262
19.5 -18.466
19.5 -20.392
19.5 -24.718
19.5 -22.614
19.5 -28.302
19.5 -22.094
19.5 -21.45
19.5 -23.12
19.5 -21.244
19.5 -22.562
19.5 -27.99
19.5 -24.538
19.5 -24.64
19.5 -22.392
19.5 -19.138
19.5 -21.822
19.5 -24.804
19.5 -27.424
19.5 -22.206
19.5 -22.654
19.5 -22.358
19.5 -25.668
19.5 -24.88
19.5 -24.29
19.5 -23.456
19.5 -25.084
19.5 -23.986
19.5 -21.182
19.5 -26.488
19.5 -26.68
19.5 -27.368
19.5 -30.458
19.5 -23.27
19.5 -20.322
19.5 -25.278
19.5 -25.946
19.5 -21.392
19.5 -25.846
19.5 -25.398
19.5 -22.12
19.5 -27.258
19.5 -24.408
19.5 -25.882
19.5 -30.166
19.5 -29.242
19.5 -24.312
19.5 -22.852
19.5 -20.398
19.5 -22.056
19.5 -20.342
19.5 -18.348
19.5 -27.436
19.5 -27.244
19.5 -29.286
19.5 -26.69
19.5 -20.244
19.5 -32.548
19.5 -25.09
19.5 -25.012
19.5 -26.98
19.5 -27.082
19.5 -24.92
19.5 -22.786
19.5 -20.47
19.5 -24.58
19.5 -26.51
19.5 -21.598
19.5 -26.458
19.5 -27.874
19.5 -28.788
19.5 -22.356
19.5 -24.402
19.5 -21.696
19.5 -23.9
19.5 -28.91
19.5 -25.368
19.5 -26.124
19.5 -24.844
19.5 -23.038
19.5 -30.404
19.5 -25.94
19.5 -27.154
19.5 -25.116
19.5 -23.138
19.5 -26.044
19.5 -26.39
19.5 -24.984
19.5 -24.608
19.5 -22.082
19.5 -23.706
19.5 -21.644
19.5 -23.476
19.5 -23.608
19.5 -24.772
19.5 -24.156
19.5 -28.46
19.5 -24.692
19.5 -24.566
19.5 -24.148
19.5 -21.822
19.5 -26.274
19.5 -25.332
19.5 -20.904
19.5 -25.886
19.5 -33.132
19.5 -26.448
19.5 -26.176
19.5 -19.912
19.5 -22.794
19.5 -23.552
19.5 -25.988
19.5 -29.034
19.5 -24.556
19.5 -27.942
19.5 -27.398
19.5 -24.426
19.5 -20.95
19.5 -20.208
19.5 -26.364
19.5 -19.042
19.5 -23.078
19.5 -25.224
19.5 -26.108
19.5 -21.134
19.5 -26.454
19.5 -26.166
19.5 -27.016
19.5 -21.558
19.5 -22.144
19.5 -26.082
19.5 -26.532
19.5 -23.71
19.5 -24.368
19.5 -23.182
19.5 -24.474
19.5 -22.462
19.5 -19.766
19.5 -22.006
19.5 -25.278
19.5 -23.154
19.5 -22.252
19.5 -23.3
19.5 -27.08
19.5 -17.452
19.5 -26.622
19.5 -29.454
19.5 -26.112
19.5 -27.016
19.5 -28.238
19.5 -23.304
19.5 -25.636
19.5 -23.342
19.5 -32.926
19.5 -23.548
19.5 -25.564
19.5 -25.226
19.5 -24.298
19.5 -25.454
19.5 -23.22
19.5 -17.748
19.5 -30.134
19.5 -22.556
19.5 -21.382
19.5 -30.258
19.5 -23.818
19.5 -24.566
19.5 -23.646
19.5 -24.806
19.5 -24.002
19.5 -21.7
19.5 -24.944
19.5 -25.878
19.5 -24.018
19.5 -22.574
19.5 -22.556
19.5 -25.034
19.5 -20.642
19.5 -27.672
19.5 -26.032
19.5 -27.15
19.5 -25.4
19.5 -25.47
19.5 -24.616
19.5 -23.884
19.5 -22.104
19.5 -23.246
19.5 -23.896
19.5 -24.596
19.5 -25.486
19.5 -25.494
19.5 -24.788
19.5 -26.05
19.5 -23.796
19.5 -28.786
19.5 -22.114
19.5 -25.616
19.5 -21.264
19.5 -23.404
19.5 -29.824
19.5 -23.93
19.5 -21.376
19.5 -22.198
19.5 -21.436
19.5 -21.502
19.5 -20.418
19.5 -28.738
19.5 -18.966
19.5 -32.664
19.5 -23.47
19.5 -23.156
19.5 -23.654
19.5 -24.14
19.5 -26.828
19.5 -28.41
19.5 -24.93
19.5 -24.818
19.5 -24.986
19.5 -24.728
19.5 -24.944
19.5 -27.24
19.5 -25.356
19.5 -26.938
19.5 -24.402
19.5 -23.258
19.5 -28.136
19.5 -22.418
19.5 -25.042
19.5 -20.08
19.5 -27.802
19.5 -26.02
19.5 -21.276
19.5 -24.782
19.5 -23.596
19.5 -31.528
19.5 -26.45
19.5 -25.126
19.5 -23.246
19.5 -24.254
19.5 -23.146
19.5 -19.184
19.5 -27.7
19.5 -22.038
19.5 -20.542
19.5 -28.934
19.5 -25.546
19.5 -24.048
19.5 -24.534
19.5 -22.99
19.5 -26.376
19.5 -21.736
19.5 -27.62
19.5 -25.248
19.5 -25.492
19.5 -26.632
19.5 -23.796
19.5 -23.578
19.5 -30.01
19.5 -29.72
19.5 -27.218
19.5 -23.984
19.5 -22.528
19.5 -21.266
19.5 -26.148
19.5 -24.054
19.5 -21.002
19.5 -25.254
19.5 -24.626
19.5 -26.334
19.5 -26.68
19.5 -19.668
19.5 -21.642
19.5 -23.008
19.5 -20.216
19.5 -27.618
19.5 -25.262
19.5 -22.95
19.5 -25.602
19.5 -18.93
19.5 -28.658
19.5 -23.712
19.5 -25.292
19.5 -22.35
19.5 -21.25
19.5 -24.142
19.5 -27.268
19.5 -24.52
19.5 -25.95
19.5 -21.712
19.5 -22.44
19.5 -23.83
19.5 -26.032
19.5 -27.21
19.5 -26.902
19.5 -27.104
19.5 -23.492
19.5 -26.384
19.5 -21.516
19.5 -24.576
19.5 -23.114
19.5 -23.638
19.5 -27.324
500
10.0 -34.268
10.0 -33.296
10.0 -25.496
12.0 -24.526
13.0 -23.836
15.0 -24.796
15.0 -25.308
15.0 -27.068
15.0 -25.216
15.0 -23.042
15.0 -24.816
15.5 -24.412
15.5 -22.818
15.5 -27.706
15.5 -22.664
15.5 -27.366
15.5 -25.056
17.0 -31.024
17.0 -29.95
17.0 -25.582
17.0 -22.834
17.0 -26.102
17.0 -20.55
17.0 -26.074
17.0 -22.776
17.0 -21.106
17.0 -29.828
17.0 -23.646
17.0 -24.1
17.0 -21.898
17.0 -24.414
17.0 -23.576
17.0 -25.768
17.0 -24.716
17.0 -20.432
17.0 -26.594
17.0 -24.97
17.0 -20.938
17.0 -23.164
17.0 -23.368
17.0 -24.71
17.0 -21.908
17.0 -26.654
17.0 -25.73
17.0 -22.992
17.0 -25.17
17.0 -23.692
17.0 -21.256
17.0 -26.198
17.0 -24.724
17.0 -26.432
17.0 -24.152
17.0 -22.884
17.0 -28.344
17.0 -25.74
17.0 -24.726
17.0 -22.276
17.0 -22.662
17.0 -24.828
17.0 -26.656
17.0 -23.526
17.0 -26.272
17.0 -23.982
17.0 -24.788
17.0 -27.592
17.0 -31.22
17.0 -24.914
17.0 -25.604
17.0 -20.74
17.0 -24.0
17.0 -22.886
17.0 -25.396
17.0 -26.422
17.0 -25.842
17.0 -22.34
17.0 -26.458
17.0 -24.556
17.0 -25.05
17.0 -23.638
17.0 -24.13
17.0 -26.924
17.0 -22.254
17.0 -23.946
17.0 -24.278
18.5 -23.298
18.5 -25.514
18.5 -25.088
18.5 -27.494
18.5 -24.984
18.5 -22.38
18.5 -23.794
18.5 -28.764
18.5 -31.022
18.5 -27.18
18.5 -25.248
18.5 -26.9
18.5 -19.094
18.5 -24.242
18.5 -28.194
18.5 -21.212
18.5 -23.68
18.5 -31.042
18.5 -31.888
18.5 -28.166
18.5 -25.416
18.5 -25.11
18.5 -27.504
18.5 -23.566
18.5 -28.484
18.5 -27.396
18.5 -22.426
18.5 -24.366
18.5 -27.636
18.5 -25.02
18.5 -23.396
18.5 -25.206
18.5 -26.724
18.5 -22.854
18.5 -25.84
18.5 -24.828
18.5 -28.57
18.5 -19.606
18.5 -20.68
18.5 -27.192
18.5 -25.698
18.5 -20.178
18.5 -29.916
18.5 -24.542
18.5 -25.244
18.5 -23.91
18.5 -26.748
18.5 -26.092
18.5 -23.806
18.5 -21.33
18.5 -24.134
18.5 -22.258
18.5 -26.072
18.5 -26.404
18.5 -25.262
18.5 -24.01
18.5 -24.702
18.5 -26.318
18.5 -25.276
18.5 -25.194
18.5 -25.236
18.5 -27.758
18.5 -29.428
18.5 -20.22
18.5 -22.668
18.5 -22.602
18.5 -23.092
18.5 -28.09
18.5 -21.798
18.5 -20.314
18.5 -26.468
18.5 -24.59
18.5 -27.682
18.5 -28.07
18.5 -23.83
18.5 -23.13
18.5 -24.362
18.5 -29.446
18.5 -25.328
18.5 -23.598
18.5 -20.984
18.5 -23.44
18.5 -29.91
18.5 -29.304
18.5 -21.786
18.5 -23.66
18.5 -25.982
18.5 -33.102
18.5 -26.184
18.5 -26.282
18.5 -24.884
18.5 -24.308
18.5 -22.506
18.5 -23.47
18.5 -23.568
18.5 -30.522
18.5 -28.698
18.5 -26.342
18.5 -23.204
18.5 -27.64
18.5 -24.316
18.5 -21.568
18.5 -27.328
18.5 -25.328
18.5 -26.334
18.5 -23.798
18.5 -27.134
18.5 -26.878
18.5 -25.954
18.5 -22.222
18.5 -28.12
18.5 -22.616
18.5 -27.0
18.5 -26.736
18.5 -21.282
18.5 -20.634
18.5 -19.704
18.5 -26.432
18.5 -23.242
18.5 -26.864
18.5 -23.836
18.5 -24.32
18.5 -23.82
18.5 -25.97
18.5 -21.87
18.5 -23.186
18.5 -24.408
18.5 -23.558
18.5 -22.908
18.5 -23.786
18.5 -27.836
18.5 -29.414
18.5 -25.186
18.5 -25.86
18.5 -21.056
18.5 -26.992
18.5 -25.026
18.5 -19.932
18.5 -23.78
18.5 -24.824
18.5 -25.498
18.5 -24.62
18.5 -21.418
18.5 -27.862
18.5 -24.28
18.5 -20.376
18.5 -23.828
18.5 -26.004
18.5 -23.778
18.5 -23.124
18.5 -24.884
18.5 -21.87
18.5 -26.806
18.5 -22.346
18.5 -25.18
18.5 -28.288
18.5 -28.362
18.5 -28.126
18.5 -25.346
18.5 -28.356
18.5 -25.004
18.5 -25.978
18.5 -21.664
18.5 -19.936
18.5 -19.094
18.5 -26.108
18.5 -26.912
18.5 -23.73
18.5 -25.9
18.5 -23.788
18.5 -24.638
18.5 -23.438
18.5 -25.432
18.5 -22.944
18.5 -25.062
18.5 -25.054
18.5 -20.54
18.5 -25.084
18.5 -27.572
18.5 -22.492
18.5 -25.318
18.5 -26.364
18.5 -23.886
18.5 -25.452
18.5 -26.492
18.5 -22.556
18.5 -23.282
18.5 -26.404
18.5 -22.502
18.5 -24.38
18.5 -30.21
18.5 -26.366
18.5 -23.908
18.5 -21.174
18.5 -22.878
18.5 -25.338
18.5 -25.404
18.5 -22.742
18.5 -27.588
18.5 -22.166
18.5 -24.758
18.5 -22.438
18.5 -24.242
18.5 -26.096
18.5 -25.496
18.5 -26.888
18.5 -23.004
18.5 -21.934
18.5 -22.182
18.5 -24.248
18.5 -23.298
18.5 -27.582
18.5 -24.892
18.5 -22.12
18.5 -23.364
18.5 -27.954
18.5 -28.612
18.5 -21.318
18.5 -24.838
18.5 -22.374
18.5 -29.328
18.5 -29.474
18.5 -25.422
18.5 -23.85
18.5 -26.38
18.5 -26.164
18.5 -24.702
18.5 -20.048
18.5 -20.972
18.5 -27.69
18.5 -25.456
18.5 -29.772
18.5 -24.7
18.5 -20.852
18.5 -25.222
18.5 -27.354
18.5 -27.728
18.5 -27.178
18.5 -24.762
18.5 -25.792
18.5 -23.914
18.5 -25.72
18.5 -22.208
18.5 -25.228
18.5 -26.848
18.5 -28.16
18.5 -20.388
18.5 -25.54
18.5 -23.968
18.5 -24.084
18.5 -26.994
18.5 -27.78
18.5 -23.106
18.5 -26.94
18.5 -23.734
18.5 -25.846
18.5 -29.064
18.5 -24.026
18.5 -26.764
18.5 -27.262
18.5 -22.292
18.5 -19.738
18.5 -25.536
18.5 -23.07
18.5 -23.158
18.5 -23.564
18.5 -24.644
18.5 -30.068
18.5 -22.398
18.5 -21.162
18.5 -26.758
18.5 -25.676
18.5 -25.054
18.5 -23.812
18.5 -24.64
18.5 -23.736
18.5 -25.13
18.5 -23.832
18.5 -29.09
18.5 -27.544
18.5 -20.266
18.5 -23.714
18.5 -29.074
18.5 -28.34
18.5 -31.032
18.5 -27.73
18.5 -24.796
18.5 -30.614
18.5 -21.158
18.5 -23.03
18.5 -32.034
18.5 -25.58
18.5 -25.954
18.5 -23.27
18.5 -31.708
18.5 -23.114
18.5 -27.668
18.5 -27.416
18.5 -21.902
18.5 -24.216
18.5 -23.604
18.5 -25.78
18.5 -25.158
18.5 -24.26
18.5 -26.188
18.5 -24.416
18.5 -27.918
18.5 -25.484
18.5 -26.224
18.5 -23.578
18.5 -27.63
18.5 -27.802
18.5 -21.604
18.5 -20.144
18.5 -25.124
18.5 -22.01
18.5 -23.396
18.5 -31.332
18.5 -23.1
18.5 -20.712
18.5 -28.514
18.5 -26.528
18.5 -24.75
18.5 -19.488
18.5 -24.696
18.5 -28.208
18.5 -22.136
18.5 -23.272
18.5 -21.714
18.5 -22.562
18.5 -25.136
18.5 -22.086
18.5 -25.176
18.5 -21.214
18.5 -26.342
18.5 -25.214
18.5 -27.072
18.5 -24.23
18.5 -23.37
18.5 -21.67
18.5 -28.512
18.5 -31.044
18.5 -24.718
18.5 -25.358
18.5 -21.428
18.5 -24.684
18.5 -28.598
18.5 -25.758
18.5 -34.81
18.5 -25.178
18.5 -26.074
18.5 -25.824
18.5 -24.028
18.5 -29.768
18.5 -20.252
18.5 -24.85
18.5 -24.17
18.5 -22.336
18.5 -27.18
18.5 -23.346
18.5 -23.81
18.5 -23.468
18.5 -23.818
18.5 -19.798
18.5 -21.026
18.5 -22.57
18.5 -22.694
18.5 -27.162
18.5 -23.274
18.5 -23.11
18.5 -30.556
18.5 -26.222
18.5 -25.662
18.5 -20.154
18.5 -27.232
18.5 -28.4
18.5 -29.976
18.5 -29.262
18.5 -27.596
18.5 -28.256
18.5 -26.46
18.5 -20.912
18.5 -19.988
18.5 -24.516
18.5 -21.242
18.5 -32.214
18.5 -23.158
18.5 -20.338
18.5 -25.956
18.5 -26.348
18.5 -27.094
18.5 -28.686
18.5 -27.158
18.5 -25.824
18.5 -25.128
18.5 -28.722
18.5 -25.764
18.5 -19.306
18.5 -25.352
18.5 -28.51
18.5 -29.26
18.5 -28.382
18.5 -20.868
18.5 -25.196
18.5 -20.632
18.5 -23.932
18.5 -23.96
18.5 -18.196
18.5 -24.32
18.5 -23.384
18.5 -26.18
18.5 -23.33
18.5 -23.116
18.5 -19.686
18.5 -24.716
18.5 -30.522
500
13.5 -34.202
13.5 -26.848
14.0 -26.788
15.0 -30.072
15.0 -26.072
15.0 -23.668
15.0 -24.398
15.0 -21.726
15.5 -22.97
15.5 -24.758
15.5 -25.472
15.5 -23.628
15.5 -24.096
15.5 -30.494
15.5 -27.974
15.5 -27.304
16.0 -33.742
16.0 -24.886
16.0 -24.996
16.0 -24.266
16.0 -26.196
16.0 -24.54
16.0 -25.758
16.0 -22.172
16.0 -29.92
16.0 -29.398
16.0 -25.484
16.0 -24.632
16.0 -25.924
16.0 -24.318
16.0 -25.99
16.0 -23.9
16.0 -26.284
16.0 -26.57
16.0 -26.272
16.0 -22.524
16.0 -26.24
16.0 -24.678
16.0 -25.558
16.0 -24.428
16.0 -27.256
16.0 -23.958
16.0 -32.814
16.0 -21.844
16.0 -24.388
16.0 -20.124
17.0 -22.97
17.0 -21.808
17.0 -23.492
17.0 -24.0
17.0 -24.526
17.0 -25.312
17.0 -26.666
17.0 -21.332
17.0 -16.872
17.0 -27.096
17.0 -24.796
17.0 -23.016
18.5 -21.83
18.5 -22.89
18.5 -26.232
18.5 -29.746
18.5 -18.12
18.5 -22.992
18.5 -25.93
18.5 -25.478
18.5 -23.032
18.5 -24.12
18.5 -23.62
18.5 -24.474
18.5 -26.55
18.5 -24.602
18.5 -25.358
18.5 -19.026
18.5 -22.952
18.5 -22.26
18.5 -22.15
18.5 -19.922
18.5 -23.138
18.5 -27.814
18.5 -25.956
18.5 -19.474
18.5 -19.552
18.5 -23.162
18.5 -23.89
18.5 -24.068
18.5 -22.992
18.5 -22.952
18.5 -28.45
18.5 -29.818
18.5 -26.394
18.5 -24.27
18.5 -27.318
18.5 -26.308
18.5 -26.758
18.5 -22.832
18.5 -27.15
18.5 -22.676
18.5 -31.49
18.5 -25.278
18.5 -26.572
18.5 -21.92
18.5 -20.714
18.5 -20.092
18.5 -23.676
18.5 -21.428
18.5 -19.04
18.5 -27.492
18.5 -26.934
18.5 -27.29
18.5 -24.278
18.5 -21.572
18.5 -27.182
18.5 -25.578
18.5 -25.74
18.5 -25.504
18.5 -24.18
18.5 -26.872
18.5 -30.134
18.5 -26.318
18.5 -25.298
18.5 -22.78
18.5 -27.834
18.5 -30.108
18.5 -21.844
18.5 -23.352
18.5 -26.326
18.5 -25.952
18.5 -25.146
18.5 -23.812
18.5 -25.838
18.5 -23.696
18.5 -22.078
18.5 -25.042
18.5 -21.704
18.5 -20.506
18.5 -23.122
18.5 -23.916
18.5 -24.518
18.5 -20.79
18.5 -24.168
18.5 -26.612
18.5 -25.426
18.5 -20.362
18.5 -23.488
18.5 -20.418
18.5 -24.88
18.5 -24.218
18.5 -25.256
18.5 -22.268
18.5 -26.726
18.5 -26.638
18.5 -24.944
18.5 -25.032
18.5 -22.612
18.5 -23.146
18.5 -21.502
18.5 -24.17
18.5 -19.666
18.5 -28.702
18.5 -27.93
18.5 -24.134
18.5 -24.172
18.5 -22.422
18.5 -20.8
18.5 -24.976
18.5 -26.954
18.5 -25.162
18.5 -27.784
18.5 -22.44
18.5 -22.32
18.5 -31.794
18.5 -25.828
18.5 -25.844
18.5 -22.696
18.5 -28.436
18.5 -26.78
18.5 -25.902
18.5 -19.536
18.5 -17.028
18.5 -21.394
18.5 -23.838
18.5 -26.24
18.5 -22.894
18.5 -24.66
18.5 -19.716
18.5 -22.8
18.5 -26.424
18.5 -24.612
18.5 -23.246
18.5 -21.702
18.5 -22.116
18.5 -24.024
18.5 -29.45
18.5 -25.856
18.5 -26.836
18.5 -30.084
18.5 -27.026
18.5 -24.488
18.5 -24.424
18.5 -24.418
18.5 -25.618
18.5 -24.134
18.5 -22.148
18.5 -27.272
18.5 -23.622
18.5 -24.242
18.5 -25.6
18.5 -24.062
18.5 -25.1
18.5 -29.396
18.5 -24.308
18.5 -22.656
18.5 -28.132
18.5 -26.736
18.5 -28.596
18.5 -23.958
18.5 -24.098
18.5 -28.384
18.5 -29.348
18.5 -25.876
18.5 -26.886
18.5 -25.05
18.5 -25.63
18.5 -31.476
18.5 -23.166
18.5 -26.416
18.5 -25.86
18.5 -28.196
18.5 -21.598
18.5 -24.526
18.5 -24.824
18.5 -22.268
18.5 -26.402
18.5 -31.54
18.5 -25.6
18.5 -26.04
18.5 -22.62
18.5 -19.67
18.5 -29.22
18.5 -22.744
18.5 -24.544
18.5 -26.228
18.5 -20.638
18.5 -23.526
18.5 -27.64
18.5 -31.146
18.5 -24.79
18.5 -25.834
18.5 -23.638
18.5 -21.054
18.5 -23.636
18.5 -32.028
18.5 -21.76
18.5 -26.396
18.5 -25.122
18.5 -21.98
18.5 -21.594
18.5 -23.124
18.5 -23.938
18.5 -27.124
18.5 -22.512
18.5 -23.964
18.5 -24.088
18.5 -25.292
18.5 -26.086
18.5 -21.506
18.5 -23.496
18.5 -28.182
18.5 -28.282
18.5 -22.472
18.5 -23.462
18.5 -24.38
18.5 -22.216
18.5 -23.628
18.5 -22.862
18.5 -22.692
18.5 -25.658
18.5 -24.176
18.5 -24.18
18.5 -27.36
18.5 -25.51
18.5 -20.976
18.5 -21.808
18.5 -24.224
18.5 -23.714
18.5 -22.0
18.5 -30.01
18.5 -24.952
18.5 -24.906
18.5 -23.228
18.5 -23.52
18.5 -26.978
18.5 -25.572
18.5 -26.116
18.5 -20.716
18.5 -24.976
18.5 -18.64
18.5 -24.292
18.5 -22.742
18.5 -19.444
18.5 -26.99
18.5 -20.662
18.5 -25.24
18.5 -24.512
18.5 -23.132
18.5 -23.772
18.5 -25.564
18.5 -27.84
18.5 -23.032
18.5 -22.736
18.5 -20.34
18.5 -21.918
18.5 -23.458
18.5 -22.388
18.5 -26.606
18.5 -23.158
18.5 -21.46
18.5 -25.014
18.5 -25.116
18.5 -26.414
18.5 -27.1
18.5 -22.366
18.5 -23.494
18.5 -22.746
18.5 -23.174
18.5 -25.12
18.5 -20.81
18.5 -23.518
18.5 -25.318
18.5 -23.134
18.5 -26.86
18.5 -25.202
18.5 -23.392
18.5 -22.48
18.5 -21.708
18.5 -21.842
18.5 -21.908
18.5 -24.314
18.5 -25.382
18.5 -23.114
18.5 -27.242
18.5 -32.05
18.5 -26.158
18.5 -24.9
18.5 -25.092
18.5 -27.458
18.5 -26.598
18.5 -27.272
18.5 -27.556
18.5 -24.234
18.5 -24.928
18.5 -23.032
18.5 -29.448
18.5 -22.244
18.5 -21.798
18.5 -21.502
18.5 -27.034
18.5 -25.094
18.5 -27.514
18.5 -24.772
18.5 -29.938
18.5 -26.582
18.5 -24.764
18.5 -25.694
18.5 -23.892
18.5 -22.226
18.5 -22.198
18.5 -23.546
18.5 -24.066
18.5 -24.616
18.5 -27.022
18.5 -26.3
18.5 -28.598
18.5 -25.366
18.5 -21.82
18.5 -22.54
18.5 -25.94
18.5 -26.124
18.5 -25.122
18.5 -27.67
18.5 -24.396
18.5 -25.13
18.5 -22.8
18.5 -26.14
18.5 -25.852
18.5 -23.296
18.5 -25.832
18.5 -24.436
18.5 -20.414
18.5 -26.846
18.5 -21.966
18.5 -22.046
18.5 -23.184
18.5 -25.94
18.5 -23.45
18.5 -25.006
18.5 -25.4
18.5 -23.634
18.5 -25.396
18.5 -20.92
18.5 -21.512
18.5 -22.842
18.5 -30.972
18.5 -25.13
18.5 -24.752
18.5 -24.508
18.5 -24.48
18.5 -25.708
18.5 -20.862
18.5 -24.946
18.5 -23.454
18.5 -26.802
18.5 -27.598
18.5 -24.754
18.5 -26.534
18.5 -24.714
18.5 -24.892
18.5 -26.398
18.5 -22.364
18.5 -24.874
18.5 -28.042
18.5 -27.212
18.5 -24.052
18.5 -23.268
18.5 -26.596
18.5 -22.88
18.5 -25.534
18.5 -23.496
18.5 -25.746
18.5 -25.332
18.5 -24.694
18.5 -25.088
18.5 -19.522
18.5 -21.496
18.5 -20.312
18.5 -22.608
18.5 -24.162
18.5 -24.77
18.5 -23.396
18.5 -21.048
18.5 -26.688
18.5 -21.64
18.5 -26.444
18.5 -25.2
18.5 -19.896
18.5 -21.614
18.5 -24.85
18.5 -21.684
18.5 -29.45
18.5 -29.852
18.5 -24.076
18.5 -19.42
18.5 -20.894
18.5 -22.894
18.5 -26.366
18.5 -25.96
18.5 -22.23
18.5 -21.084
18.5 -19.696
18.5 -30.33
18.5 -22.962
18.5 -25.228
18.5 -24.526
18.5 -20.878
18.5 -26.672
18.5 -23.358
18.5 -25.196
18.5 -31.68
18.5 -24.852
18.5 -22.818
18.5 -22.262
18.5 -22.328
18.5 -27.188
18.5 -26.55
18.5 -27.04
18.5 -25.518
18.5 -27.322
18.5 -23.522
18.5 -24.22
18.5 -25.51
18.5 -25.498
18.5 -26.62
18.5 -26.826
18.5 -25.846
18.5 -26.676
18.5 -25.026
18.5 -23.08
18.5 -22.716
18.5 -24.176
18.5 -24.126
18.5 -32.69
18.5 -23.732
18.5 -24.28
18.5 -22.35
18.5 -30.144
18.5 -25.302
18.5 -20.11
18.5 -22.626
18.5 -23.724
500
7.5 -41.248
12.5 -25.802
15.0 -28.384
15.0 -24.56
15.0 -28.188
15.0 -32.178
15.0 -23.648
15.0 -28.672
15.0 -26.102
16.0 -24.822
16.0 -22.832
16.0 -20.814
16.0 -24.826
16.0 -27.04
17.0 -23.282
17.0 -27.016
17.0 -24.392
17.0 -22.222
17.0 -28.346
17.0 -25.56
17.0 -30.218
17.0 -24.508
17.0 -24.734
17.0 -30.204
17.0 -25.624
17.0 -28.062
17.0 -28.85
17.0 -22.75
17.0 -24.816
17.0 -25.766
17.0 -26.644
17.0 -24.164
17.0 -27.378
17.0 -25.84
17.0 -24.464
17.0 -27.684
17.0 -24.632
17.0 -23.098
18.0 -19.588
18.0 -27.784
18.0 -26.48
18.0 -28.64
18.0 -23.706
18.0 -27.816
18.0 -24.712
18.0 -24.57
18.5 -26.024
18.5 -24.896
18.5 -24.53
18.5 -26.238
18.5 -27.164
18.5 -26.556
18.5 -27.0
19.0 -23.778
19.0 -24.338
19.0 -25.934
19.0 -26.322
19.0 -23.456
19.0 -27.904
19.0 -26.314
19.0 -19.662
19.0 -21.998
19.0 -25.518
19.0 -22.894
19.0 -25.738
19.0 -21.77
19.0 -21.498
19.0 -22.998
19.0 -22.138
19.0 -21.284
19.0 -24.39
19.0 -21.596
19.0 -28.394
19.0 -23.656
19.0 -24.38
19.0 -21.892
19.0 -26.71
19.0 -24.866
19.0 -23.468
19.0 -22.73
19.0 -21.358
19.0 -24.866
19.0 -28.308
19.0 -25.928
19.0 -27.38
19.0 -26.4
19.0 -27.466
19.0 -30.108
19.0 -24.204
19.0 -24.24
19.0 -26.088
19.0 -22.15
19.0 -25.74
19.0 -29.156
19.0 -29.766
19.0 -20.714
19.0 -29.564
19.0 -24.932
19.0 -23.248
19.0 -25.744
19.0 -22.162
19.0 -23.374
19.0 -29.264
19.0 -28.564
19.0 -25.5
19.0 -25.958
19.0 -26.362
19.0 -22.592
19.0 -24.008
19.0 -27.552
19.0 -22.124
19.0 -24.974
19.0 -23.366
19.0 -25.244
19.0 -24.05
19.0 -24.12
19.0 -22.492
19.0 -30.39
19.0 -25.11
19.0 -25.88
19.0 -25.278
19.0 -22.342
19.0 -20.326
19.0 -24.086
19.0 -25.454
19.0 -26.8
19.0 -25.9
19.0 -25.192
19.0 -26.048
19.0 -25.642
19.0 -24.974
19.0 -23.55
19.0 -26.226
19.0 -19.74
19.0 -22.284
19.0 -27.096
19.0 -23.258
19.0 -21.938
19.0 -25.418
19.0 -24.57
19.0 -26.31
19.0 -22.312
19.0 -26.796
19.0 -21.366
19.0 -28.568
19.0 -24.284
19.0 -24.42
19.0 -27.694
19.0 -22.424
19.0 -22.536
19.0 -27.34
19.0 -29.938
19.0 -25.486
19.0 -28.944
19.0 -28.164
19.0 -26.56
19.0 -24.576
19.0 -22.342
19.0 -26.592
19.0 -25.04
19.0 -22.892
19.0 -21.472
19.0 -27.726
19.0 -29.396
19.0 -34.986
19.0 -27.0
19.0 -29.998
19.0 -21.628
19.0 -23.416
19.0 -23.784
19.0 -28.698
19.0 -31.066
19.0 -25.136
19.0 -21.148
19.0 -22.634
19.0 -21.15
19.0 -25.988
19.0 -24.05
19.0 -26.798
19.0 -23.008
19.0 -23.118
19.0 -23.68
19.0 -18.262
19.0 -23.4
19.0 -17.298
19.0 -30.238
19.0 -22.36
19.0 -25.194
19.0 -25.788
19.0 -27.738
19.0 -25.674
19.0 -22.432
19.0 -27.464
19.0 -26.066
19.0 -30.438
19.0 -24.686
19.0 -20.932
19.0 -24.464
19.0 -22.56
19.0 -21.906
19.0 -29.546
19.0 -22.392
19.0 -25.778
19.0 -24.424
19.0 -26.202
19.0 -25.786
19.0 -23.636
19.0 -27.428
19.0 -26.612
19.0 -29.242
19.0 -24.548
19.0 -22.974
19.0 -23.79
19.0 -22.604
19.0 -24.126
19.0 -24.142
19.0 -25.98
19.0 -25.438
19.0 -27.71
19.0 -29.192
19.0 -23.452
19.0 -25.078
19.0 -21.33
19.0 -24.0
19.0 -24.332
19.0 -24.66
19.0 -21.376
19.0 -23.52
19.0 -23.424
19.0 -22.348
19.0 -23.02
19.0 -21.948
19.0 -22.7
19.0 -23.37
19.0 -23.664
19.0 -22.82
19.0 -26.488
19.0 -26.826
19.0 -29.396
19.0 -25.622
19.0 -24.27
19.0 -25.108
19.0 -21.806
19.0 -24.674
19.0 -31.478
19.0 -25.218
19.0 -20.676
19.0 -20.362
19.0 -24.416
19.0 -28.82
19.0 -29.958
19.0 -22.924
19.0 -26.976
19.0 -23.702
19.0 -23.554
19.0 -24.716
19.0 -26.54
19.0 -25.12
19.0 -19.544
19.0 -25.594
19.0 -26.406
19.0 -24.026
19.0 -23.296
19.0 -28.662
19.0 -24.112
19.0 -21.41
19.0 -25.598
19.0 -20.242
19.0 -26.65
19.0 -27.402
19.0 -27.224
19.0 -26.868
19.0 -28.582
19.0 -33.968
19.0 -23.388
19.0 -26.858
19.0 -26.902
19.0 -32.742
19.0 -25.34
19.0 -28.558
19.0 -26.076
19.0 -22.554
19.0 -29.954
19.0 -22.276
19.0 -23.226
19.0 -18.676
19.0 -24.752
19.0 -23.79
19.0 -23.656
19.0 -26.1
19.0 -21.56
19.0 -23.77
19.0 -23.196
19.0 -23.386
19.0 -20.374
19.0 -23.792
19.0 -27.144
19.0 -23.082
19.0 -23.448
19.0 -23.424
19.0 -23.524
19.0 -28.27
19.0 -28.406
19.0 -24.298
19.0 -24.528
19.0 -22.498
19.0 -22.706
19.0 -22.05
19.0 -22.46
19.0 -27.216
19.0 -25.412
19.0 -25.222
19.0 -24.188
19.0 -26.114
19.0 -25.838
19.0 -24.61
19.0 -25.316
19.0 -24.818
19.0 -26.32
19.0 -25.724
19.0 -24.28
19.0 -24.692
19.0 -25.696
19.0 -29.912
19.0 -23.81
19.0 -23.246
19.0 -21.226
19.0 -27.114
19.0 -26.964
19.0 -29.42
19.0 -30.51
19.0 -26.048
19.0 -25.36
19.0 -21.612
19.0 -25.074
19.0 -25.602
19.0 -22.646
19.0 -22.918
19.0 -29.72
19.0 -25.188
19.0 -30.406
19.0 -28.23
19.0 -24.122
19.0 -29.206
19.0 -24.91
19.0 -28.806
19.0 -25.928
19.0 -24.852
19.0 -24.116
19.0 -21.316
19.0 -24.084
19.0 -24.352
19.0 -23.466
19.0 -25.992
19.0 -20.804
19.0 -24.748
19.0 -26.164
19.0 -25.144
19.0 -28.522
19.0 -23.96
19.0 -26.558
19.0 -25.382
19.0 -22.36
19.0 -24.83
19.0 -23.488
19.0 -22.37
19.0 -26.788
19.0 -26.79
19.0 -22.53
19.0 -22.306
19.0 -21.322
19.0 -20.8
19.0 -24.514
19.0 -21.466
19.0 -23.478
19.0 -27.58
19.0 -21.97
19.0 -20.572
19.0 -21.42
19.0 -20.012
19.0 -25.18
19.0 -22.442
19.0 -23.98
19.0 -29.478
19.0 -27.344
19.0 -26.51
19.0 -20.326
19.0 -27.758
19.0 -19.922
19.0 -23.488
19.0 -24.924
19.0 -21.136
19.0 -25.132
19.0 -25.866
19.0 -27.196
19.0 -25.864
19.0 -26.122
19.0 -24.142
19.0 -24.006
19.0 -24.054
19.0 -23.89
19.0 -22.44
19.0 -25.49
19.0 -18.472
19.0 -22.124
19.0 -24.904
19.0 -30.782
19.0 -22.578
19.0 -18.264
19.0 -20.942
19.0 -26.092
19.0 -30.538
19.0 -26.586
19.0 -24.508
19.0 -24.716
19.0 -22.332
19.0 -25.512
19.0 -22.68
19.0 -18.916
19.0 -21.526
19.0 -25.286
19.0 -22.616
19.0 -26.364
19.0 -21.344
19.0 -19.792
19.0 -20.9
19.0 -21.866
19.0 -24.454
19.0 -24.278
19.0 -23.68
19.0 -24.336
19.0 -22.838
19.0 -21.886
19.0 -23.124
19.0 -24.196
19.0 -24.598
19.0 -24.732
19.0 -23.242
19.0 -22.734
19.0 -23.816
19.0 -25.33
19.0 -26.202
19.0 -22.906
19.0 -21.702
19.0 -24.536
19.0 -20.892
19.0 -23.084
19.0 -22.774
19.0 -26.724
19.0 -24.114
19.0 -23.962
19.0 -23.048
19.0 -23.392
19.0 -26.39
19.5 -23.518
19.5 -22.498
19.5 -23.104
19.5 -19.452
19.5 -24.316
19.5 -22.606
19.5 -24.402
19.5 -22.672
19.5 -23.89
19.5 -22.342
19.5 -28.088
19.5 -24.0
19.5 -19.948
19.5 -27.742
19.5 -21.954
19.5 -18.86
19.5 -23.126
19.5 -20.924
19.5 -21.338
19.5 -21.734
19.5 -25.684
19.5 -26.074
19.5 -23.204
19.5 -27.824
19.5 -24.376
19.5 -23.462
19.5 -23.834
19.5 -24.622
19.5 -22.944
19.5 -23.716
19.5 -19.368
19.5 -25.704
19.5 -29.776
19.5 -27.69
19.5 -26.242
19.5 -24.168
19.5 -21.796
19.5 -25.766
19.5 -22.442
19.5 -22.05
19.5 -27.548
19.5 -28.47
19.5 -27.678
19.5 -21.28
19.5 -25.596
19.5 -24.374
500
13.5 -34.726
15.0 -25.23
15.0 -27.358
15.0 -28.656
15.0 -27.118
15.0 -25.056
15.0 -25.75
15.0 -28.712
15.0 -24.392
15.0 -24.818
15.0 -26.064
15.0 -22.91
15.0 -20.622
15.0 -23.562
15.0 -25.026
15.0 -23.584
15.0 -28.574
15.0 -29.508
16.0 -22.68
16.0 -30.086
16.0 -20.732
16.0 -22.238
16.0 -24.4
16.0 -22.874
16.0 -23.754
16.0 -28.74
16.0 -23.532
16.0 -25.372
16.0 -24.408
16.0 -24.552
16.0 -25.232
16.0 -23.632
16.0 -18.084
16.0 -25.354
16.0 -26.89
16.0 -27.484
16.0 -29.924
16.0 -29.99
16.0 -27.12
16.0 -26.326
16.0 -27.02
18.0 -25.97
18.0 -22.418
18.0 -24.86
18.0 -24.17
18.0 -32.042
18.0 -26.222
18.0 -23.984
18.0 -26.632
18.0 -27.796
18.0 -25.168
18.0 -22.974
18.0 -27.266
18.0 -26.392
18.0 -27.376
18.0 -22.022
18.0 -20.814
18.0 -27.258
18.0 -21.108
18.0 -21.38
18.0 -24.726
18.0 -26.792
18.0 -26.842
18.0 -25.544
18.0 -25.558
18.0 -23.826
18.0 -21.436
18.0 -27.466
18.0 -21.014
18.0 -23.61
18.0 -29.14
18.0 -26.228
18.0 -25.992
18.0 -31.156
18.0 -24.49
18.0 -26.13
18.0 -25.248
18.0 -31.356
18.0 -27.054
18.0 -20.564
18.0 -18.576
18.0 -23.43
18.0 -22.214
18.0 -24.256
18.0 -25.412
18.0 -20.682
18.0 -24.378
18.0 -22.768
18.0 -21.484
18.0 -28.022
18.0 -32.26
18.0 -29.696
18.0 -23.304
18.0 -22.524
18.0 -22.158
18.0 -27.368
18.0 -28.732
18.0 -27.34
18.0 -24.36
18.0 -27.008
18.0 -23.088
18.0 -22.812
18.0 -25.964
18.0 -23.87
18.0 -26.822
18.0 -23.496
18.0 -25.762
18.0 -22.726
18.0 -20.64
18.0 -20.046
18.0 -19.33
18.0 -24.07
18.0 -24.034
18.0 -26.622
18.0 -26.484
18.0 -24.548
18.0 -22.106
18.0 -25.68
18.0 -24.648
18.0 -23.956
18.0 -24.044
18.0 -21.914
18.0 -28.23
18.0 -24.472
18.0 -30.282
18.0 -26.276
18.0 -25.614
18.0 -22.546
18.0 -21.792
18.0 -24.16
18.0 -23.046
18.0 -25.136
18.0 -23.564
18.0 -23.008
18.0 -21.468
18.0 -24.882
18.0 -23.23
18.0 -26.69
18.0 -19.078
18.0 -20.542
18.0 -25.11
18.0 -15.514
18.0 -29.024
18.0 -29.01
18.0 -24.784
18.0 -31.506
18.0 -21.68
18.0 -23.404
18.0 -22.718
18.0 -20.808
18.0 -27.648
18.0 -25.096
18.0 -24.806
18.0 -22.88
18.0 -23.26
18.0 -22.854
18.0 -25.298
18.0 -22.41
18.0 -22.428
18.0 -27.732
18.0 -25.912
18.0 -22.258
18.0 -22.56
18.0 -27.638
18.0 -25.608
18.0 -23.096
18.0 -28.892
18.0 -28.572
18.0 -24.312
18.0 -24.206
18.0 -23.27
18.0 -21.7
18.0 -17.96
18.0 -25.662
18.0 -26.56
18.0 -22.142
18.0 -23.932
18.0 -24.294
18.0 -23.826
18.0 -28.422
18.0 -25.05
18.0 -25.018
18.0 -25.79
18.0 -21.868
18.0 -22.248
18.0 -24.394
18.0 -23.05
18.0 -24.082
18.0 -21.728
18.0 -24.996
18.0 -19.0
18.0 -25.454
18.0 -20.84
18.0 -24.44
18.0 -21.46
18.0 -25.718
18.0 -27.088
18.0 -20.466
18.0 -31.378
18.0 -30.824
18.0 -23.39
18.0 -25.012
18.0 -22.288
18.0 -27.92
18.0 -23.63
18.0 -28.66
18.0 -21.832
18.0 -25.988
18.0 -29.24
18.0 -24.85
18.0 -24.854
18.0 -29.68
18.0 -25.856
18.0 -30.284
18.0 -21.626
18.0 -24.48
18.0 -24.346
18.0 -25.37
18.0 -24.344
18.0 -27.294
18.0 -27.49
18.0 -21.792
18.0 -27.364
18.0 -23.812
18.0 -25.45
18.0 -25.868
18.0 -23.702
18.0 -25.054
18.0 -19.824
18.0 -23.888
18.0 -26.408
18.0 -29.216
18.0 -23.04
18.0 -19.362
18.0 -22.636
18.0 -23.766
18.0 -29.558
18.0 -25.398
18.0 -19.954
18.0 -24.894
18.0 -26.268
18.0 -24.082
18.0 -27.156
18.0 -21.354
18.0 -27.936
18.0 -25.122
18.0 -24.53
18.0 -21.42
18.0 -25.246
18.0 -24.174
18.0 -21.904
18.0 -27.15
18.0 -22.97
18.0 -31.074
18.0 -24.258
18.0 -27.126
18.0 -24.422
18.0 -24.41
18.0 -27.426
18.0 -25.782
18.0 -19.44
18.0 -23.718
18.0 -21.508
18.0 -24.128
18.0 -28.64
18.0 -27.084
18.0 -26.324
18.0 -24.208
18.0 -25.054
18.0 -21.992
18.0 -26.6
18.0 -27.09
18.0 -27.822
18.0 -22.7
18.0 -22.804
18.0 -21.192
18.0 -22.662
18.0 -24.404
18.0 -22.182
18.0 -21.252
18.0 -24.924
18.0 -22.82
18.0 -26.538
18.0 -25.098
18.0 -24.288
18.0 -27.444
18.0 -24.038
18.0 -27.912
18.0 -24.128
18.0 -23.074
18.0 -24.182
18.0 -26.818
18.0 -27.972
18.0 -22.874
18.0 -24.872
18.0 -24.39
18.0 -25.644
18.0 -23.75
18.0 -19.632
18.0 -22.012
18.0 -23.856
18.0 -23.88
18.0 -21.206
18.0 -24.1
18.0 -20.378
18.0 -23.878
18.0 -24.156
18.0 -28.188
18.0 -26.892
18.0 -31.5
18.0 -27.834
18.0 -27.058
18.0 -25.46
18.0 -24.958
18.0 -23.448
18.0 -23.376
18.0 -23.058
18.0 -27.638
18.0 -27.338
18.0 -24.288
18.0 -27.932
18.0 -24.07
18.0 -26.184
18.0 -24.644
18.0 -23.21
18.0 -20.148
18.0 -23.192
18.0 -24.312
18.0 -24.614
18.0 -26.12
18.0 -23.93
18.0 -27.258
18.0 -26.422
18.0 -26.292
18.0 -26.51
18.0 -19.806
18.0 -25.3
18.0 -22.412
18.0 -22.738
18.0 -22.018
18.0 -28.854
18.0 -25.818
18.0 -24.158
18.0 -26.656
18.0 -23.428
18.0 -25.4
18.0 -26.038
18.0 -26.666
18.0 -27.804
18.0 -23.46
18.0 -34.564
18.0 -23.97
18.0 -27.868
18.0 -23.204
18.0 -26.344
18.0 -23.29
18.0 -26.084
18.0 -20.862
18.0 -23.25
18.0 -29.454
18.0 -24.3
18.0 -27.338
18.0 -28.11
18.0 -20.87
18.0 -23.026
18.0 -24.348
18.0 -26.424
18.0 -24.628
18.0 -24.898
18.0 -25.788
18.0 -23.322
18.0 -18.756
18.0 -25.072
18.0 -23.18
18.0 -24.994
18.0 -22.894
18.0 -23.382
18.0 -22.574
18.0 -25.996
18.0 -27.738
18.0 -26.784
18.0 -22.742
18.0 -22.304
18.0 -20.186
18.0 -24.542
18.0 -26.232
18.0 -24.934
18.0 -22.266
18.0 -22.66
18.0 -20.44
18.0 -23.92
18.0 -20.496
18.0 -24.584
18.0 -28.654
18.0 -24.722
18.0 -29.438
18.0 -26.042
18.0 -28.924
18.0 -21.152
18.0 -16.256
18.0 -24.238
18.0 -20.456
18.0 -23.644
18.0 -27.974
18.0 -24.912
18.0 -25.046
18.0 -24.972
18.0 -24.226
18.0 -25.864
18.0 -26.674
18.0 -26.822
18.0 -31.872
18.0 -26.96
18.0 -29.146
18.0 -27.096
18.0 -24.018
18.0 -24.376
18.0 -25.6
18.0 -22.988
18.0 -27.486
18.0 -22.484
18.0 -23.552
18.0 -27.21
18.0 -21.962
18.0 -27.186
18.0 -27.082
18.0 -20.906
18.0 -22.414
18.0 -30.676
18.0 -31.306
18.0 -24.15
18.0 -25.24
18.0 -24.9
18.0 -22.842
18.0 -27.396
18.0 -22.828
18.0 -23.154
18.0 -24.954
18.0 -23.196
18.0 -25.526
18.0 -23.004
18.0 -23.078
18.0 -19.65
18.0 -22.642
18.0 -21.912
18.0 -22.364
18.0 -26.674
18.0 -24.97
18.0 -28.158
18.0 -28.962
18.0 -27.56
18.0 -20.692
18.0 -24.198
18.0 -23.512
18.0 -23.792
18.0 -28.406
18.0 -27.358
18.0 -25.29
18.0 -24.042
18.0 -23.352
18.0 -23.522
18.0 -25.276
18.0 -27.304
18.0 -24.242
18.0 -23.102
18.0 -24.692
18.0 -24.308
18.0 -27.954
18.0 -21.682
18.0 -23.174
18.0 -30.828
18.0 -28.802
18.0 -25.936
18.0 -24.898
18.0 -21.87
18.0 -29.988
18.0 -23.976
18.0 -24.6
18.0 -22.584
18.0 -25.284
18.0 -23.406
18.0 -20.718
18.0 -31.364
18.0 -28.04
18.0 -22.962
18.0 -22.908
18.0 -28.256
18.0 -24.478
18.0 -27.434
18.0 -24.028
18.0 -24.384
18.0 -24.156
18.0 -24.202
18.0 -27.816
18.0 -21.472
18.0 -25.474
18.0 -24.104
18.0 -24.544
18.0 -24.314
18.0 -27.51
500
15.0 -36.176
15.0 -30.128
15.0 -28.134
15.0 -21.98
15.0 -27.57
15.0 -28.508
15.0 -28.272
15.0 -25.976
15.0 -29.614
15.0 -33.176
15.0 -25.054
15.0 -28.752
15.0 -23.286
15.0 -26.364
15.0 -23.124
15.0 -25.854
15.0 -25.306
15.0 -24.276
15.0 -25.968
15.0 -21.91
15.0 -29.756
15.0 -24.014
15.0 -23.066
15.0 -23.266
15.0 -26.13
15.0 -24.42
15.0 -25.224
15.0 -22.69
15.0 -25.978
15.0 -30.216
15.0 -28.874
15.0 -26.696
15.0 -28.252
15.0 -21.46
15.0 -23.96
15.0 -26.704
15.0 -25.242
17.5 -24.566
17.5 -24.548
17.5 -27.458
17.5 -27.454
17.5 -22.298
17.5 -26.272
17.5 -24.144
17.5 -21.878
17.5 -21.85
17.5 -24.346
17.5 -25.762
17.5 -26.902
17.5 -20.176
17.5 -23.734
17.5 -23.894
17.5 -26.308
17.5 -30.304
17.5 -24.066
17.5 -28.222
17.5 -24.534
17.5 -22.492
17.5 -25.408
17.5 -25.274
17.5 -28.222
17.5 -26.138
17.5 -23.618
17.5 -23.688
17.5 -27.438
18.0 -29.268
18.0 -27.442
18.0 -24.528
18.0 -25.816
18.0 -25.736
18.0 -22.09
18.0 -24.848
18.0 -20.7
18.0 -27.204
18.0 -22.946
18.0 -23.792
18.0 -25.282
18.0 -28.526
18.0 -22.928
18.0 -21.926
18.0 -28.122
18.0 -22.828
18.0 -29.174
18.0 -19.806
18.0 -21.602
18.0 -21.808
18.0 -25.992
18.0 -26.22
18.0 -22.212
18.0 -24.82
18.0 -24.122
18.0 -24.7
18.0 -26.056
18.0 -26.042
18.0 -24.938
18.0 -25.496
18.0 -25.246
18.0 -30.11
18.0 -22.048
18.0 -23.812
18.0 -22.458
18.0 -25.424
18.0 -29.1
18.0 -28.826
18.0 -21.55
18.0 -23.326
18.0 -22.062
18.0 -27.178
18.0 -25.552
18.0 -22.052
18.0 -23.262
18.0 -25.908
18.0 -22.83
18.0 -22.128
18.0 -27.186
18.0 -22.568
18.0 -24.688
18.0 -28.388
18.0 -22.134
18.0 -21.086
18.0 -25.306
18.0 -25.326
18.0 -28.164
18.0 -25.004
18.0 -25.382
18.0 -21.676
18.0 -22.48
18.0 -23.818
18.0 -25.768
18.0 -23.384
18.0 -20.072
18.0 -23.262
18.0 -25.248
18.0 -28.934
18.0 -33.05
18.0 -22.916
18.0 -27.882
18.0 -23.388
18.0 -24.302
18.0 -23.444
18.0 -26.226
18.0 -25.336
18.0 -22.534
18.0 -18.29
18.0 -20.444
18.0 -23.916
18.0 -28.842
18.0 -20.572
18.0 -23.422
18.0 -27.362
18.0 -26.308
18.0 -22.276
18.0 -21.934
18.0 -29.698
18.0 -22.068
18.0 -23.838
18.0 -25.378
18.0 -28.264
18.0 -23.71
18.0 -26.156
18.0 -23.394
18.0 -27.532
18.0 -27.698
18.0 -23.686
18.0 -24.664
18.0 -28.726
18.0 -21.444
18.0 -22.366
18.0 -24.72
18.0 -23.092
18.0 -22.964
18.0 -25.04
18.0 -28.43
18.0 -27.208
18.0 -23.458
18.0 -25.358
18.0 -23.298
18.0 -22.63
18.0 -24.264
18.0 -24.74
18.0 -30.934
18.0 -25.514
18.0 -23.542
18.0 -21.318
18.0 -29.238
18.0 -31.374
18.0 -19.29
18.0 -27.54
18.0 -20.972
18.0 -22.068
18.0 -21.718
18.0 -26.03
18.0 -25.342
18.0 -25.108
18.0 -25.418
18.0 -27.328
18.0 -25.98
18.0 -25.68
18.0 -20.92
18.0 -22.608
18.0 -27.288
18.0 -27.092
18.0 -25.09
18.0 -23.882
18.0 -24.066
18.0 -24.576
18.0 -25.992
18.0 -25.052
18.0 -26.384
18.0 -25.166
18.0 -23.38
18.0 -24.302
18.0 -31.036
18.0 -26.71
18.0 -25.434
18.0 -28.974
18.0 -24.588
18.0 -26.988
18.0 -27.628
18.0 -28.66
18.0 -25.144
18.0 -26.142
18.0 -25.45
18.0 -23.258
18.0 -25.128
18.0 -27.506
18.0 -27.084
18.0 -22.898
18.0 -21.468
18.0 -20.266
18.0 -22.944
18.0 -22.982
18.0 -23.372
18.0 -20.638
18.0 -23.698
18.0 -25.41
18.0 -27.012
18.0 -25.854
18.0 -24.39
18.0 -23.942
18.0 -20.69
18.0 -18.224
18.0 -23.642
18.0 -28.402
18.0 -31.516
18.0 -26.166
18.0 -27.614
18.0 -26.562
18.0 -24.634
18.0 -27.594
18.0 -26.336
18.0 -21.912
18.0 -25.662
18.0 -25.524
18.0 -22.16
18.0 -23.036
18.0 -19.236
18.0 -25.53
18.0 -24.424
18.0 -19.074
18.0 -22.184
18.0 -21.066
18.0 -25.486
18.0 -21.418
18.0 -24.148
18.0 -21.714
18.0 -28.866
18.0 -29.17
18.0 -24.928
18.0 -22.336
18.0 -26.95
18.0 -23.46
18.0 -23.204
18.0 -25.718
18.0 -24.498
18.0 -23.714
18.0 -23.878
18.0 -26.126
18.0 -27.398
18.0 -30.044
18.0 -27.592
18.0 -23.17
18.0 -25.944
18.0 -23.528
18.0 -23.2
18.0 -27.094
18.0 -24.66
18.0 -27.732
18.0 -27.708
18.0 -21.754
18.0 -26.282
18.0 -26.71
18.0 -23.78
18.0 -32.496
18.0 -24.65
18.0 -27.52
18.0 -24.294
18.0 -23.94
18.0 -25.324
18.0 -25.898
18.0 -22.392
18.0 -23.56
18.0 -23.428
18.0 -24.576
18.0 -25.228
18.0 -24.682
18.0 -21.854
18.0 -24.306
18.0 -20.15
18.0 -26.066
18.0 -24.218
18.0 -27.814
18.0 -22.69
18.0 -19.13
18.0 -21.99
18.0 -24.65
18.0 -23.172
18.0 -29.916
18.0 -26.09
18.0 -25.202
18.0 -22.38
18.0 -24.402
18.0 -21.624
18.0 -25.082
18.0 -24.636
18.0 -22.036
18.0 -40.036
18.0 -26.672
18.0 -22.248
18.0 -23.774
18.0 -24.564
18.0 -25.498
18.0 -25.692
18.0 -21.978
18.0 -22.858
18.0 -24.528
18.0 -23.24
18.0 -26.884
18.0 -24.334
18.0 -24.252
18.0 -28.61
18.0 -27.288
18.0 -29.512
18.0 -22.236
18.0 -28.252
18.0 -24.894
18.0 -24.296
18.0 -26.678
18.0 -22.812
18.0 -22.252
18.0 -22.37
18.0 -24.97
18.0 -23.724
18.0 -22.67
18.0 -24.94
18.0 -23.842
18.0 -30.034
18.0 -20.916
18.0 -24.82
18.0 -25.07
18.0 -21.78
18.0 -25.542
18.0 -22.232
18.0 -21.436
18.0 -25.414
18.0 -24.172
18.0 -27.808
18.0 -31.642
18.0 -29.616
18.0 -22.944
18.0 -25.558
18.0 -28.316
18.0 -22.512
18.0 -25.488
18.0 -22.082
18.0 -22.432
18.0 -25.756
18.0 -20.13
18.0 -28.028
18.0 -25.25
18.0 -25.238
18.0 -23.52
18.0 -25.658
18.0 -26.54
18.0 -26.496
18.0 -22.4
18.0 -24.462
18.0 -26.752
18.0 -27.572
18.0 -26.552
18.0 -27.498
18.0 -19.494
18.0 -23.14
18.0 -23.558
18.0 -26.468
18.0 -23.266
18.0 -23.35
18.0 -20.784
18.0 -23.646
18.0 -26.644
18.0 -21.54
18.0 -25.33
18.0 -23.344
18.0 -21.118
18.0 -21.738
18.0 -24.414
18.0 -19.962
18.0 -27.874
18.0 -22.304
18.0 -22.702
18.0 -21.982
18.0 -22.49
18.0 -21.188
18.0 -19.754
18.0 -25.31
18.0 -24.2
18.0 -28.086
18.0 -26.564
18.0 -25.162
18.0 -23.698
18.0 -25.864
18.0 -25.474
18.0 -22.064
18.0 -22.236
18.0 -26.462
18.0 -26.098
18.0 -28.022
18.0 -26.714
18.0 -19.986
18.0 -19.18
18.0 -24.082
18.0 -27.562
18.0 -27.198
18.0 -19.982
18.0 -24.346
18.0 -26.936
18.0 -25.194
18.0 -23.834
18.0 -26.824
18.0 -28.114
18.0 -28.5
18.0 -24.354
18.0 -21.662
18.0 -26.672
18.0 -22.542
18.0 -22.5
18.0 -23.438
18.0 -22.042
18.0 -23.694
18.0 -26.744
18.0 -22.762
18.0 -24.002
18.0 -27.408
18.0 -28.888
18.0 -22.31
18.0 -21.086
18.0 -27.396
18.0 -24.282
18.0 -21.578
18.0 -23.974
18.0 -25.694
18.0 -22.902
18.0 -25.414
18.0 -28.618
18.0 -23.844
18.0 -21.474
18.0 -27.596
18.0 -23.808
18.0 -27.024
18.0 -24.582
18.0 -23.304
18.0 -29.742
18.0 -24.55
18.0 -25.036
18.0 -21.144
18.0 -24.83
18.0 -30.482
18.0 -26.14
18.0 -27.968
18.0 -24.95
18.0 -23.786
18.0 -27.51
18.0 -29.466
18.0 -29.042
18.0 -25.768
18.0 -24.946
18.0 -25.864
18.0 -25.608
18.0 -27.48
18.0 -26.426
18.0 -20.462
18.0 -26.516
18.0 -24.954
18.0 -27.274
18.0 -25.398
18.0 -25.668
18.0 -27.204
18.0 -28.518
18.0 -22.674
18.0 -25.37
500
9.5 -37.478
10.5 -28.668
11.5 -26.368
12.0 -25.264
14.5 -23.066
14.5 -25.762
14.5 -22.436
14.5 -26.606
14.5 -25.69
14.5 -27.344
14.5 -27.992
14.5 -22.69
14.5 -25.972
14.5 -24.888
14.5 -19.826
14.5 -24.104
14.5 -29.344
14.5 -29.174
14.5 -30.058
14.5 -29.496
14.5 -27.864
15.0 -22.644
15.0 -30.03
15.0 -28.56
15.0 -23.616
15.5 -20.696
15.5 -23.968
15.5 -27.092
15.5 -33.384
15.5 -26.004
15.5 -23.448
15.5 -24.562
15.5 -29.762
15.5 -27.432
15.5 -23.44
15.5 -30.906
15.5 -26.732
15.5 -26.96
15.5 -22.406
17.0 -24.912
17.0 -25.276
17.0 -24.088
17.0 -30.596
17.0 -28.254
17.0 -29.44
17.0 -26.518
17.0 -23.606
17.0 -23.382
17.0 -26.106
17.0 -27.048
17.0 -25.432
17.0 -26.322
17.0 -30.174
17.0 -27.036
17.0 -24.638
17.0 -25.652
17.0 -23.884
17.0 -26.044
17.0 -24.856
17.0 -25.66
17.0 -24.24
17.0 -20.648
17.0 -23.942
17.0 -23.706
17.0 -23.35
17.0 -27.878
17.0 -26.41
17.0 -23.836
17.0 -23.698
17.0 -20.77
17.0 -23.42
17.0 -22.632
17.0 -25.706
17.0 -26.462
17.0 -29.446
17.0 -24.492
17.0 -26.63
17.0 -22.292
17.0 -24.416
17.0 -26.6
17.5 -26.952
17.5 -25.772
17.5 -22.996
17.5 -24.886
17.5 -21.044
17.5 -26.398
17.5 -25.598
17.5 -26.366
17.5 -23.286
17.5 -22.866
17.5 -25.164
17.5 -22.582
17.5 -30.248
17.5 -25.018
17.5 -24.902
17.5 -25.386
17.5 -21.124
17.5 -27.202
17.5 -20.986
17.5 -25.044
17.5 -20.556
17.5 -21.206
17.5 -21.926
17.5 -21.266
17.5 -24.862
17.5 -29.624
17.5 -19.242
17.5 -25.232
17.5 -23.864
17.5 -25.468
17.5 -22.008
17.5 -21.896
17.5 -19.524
17.5 -22.154
17.5 -29.378
17.5 -24.038
17.5 -23.73
17.5 -23.662
17.5 -27.662
17.5 -24.468
17.5 -24.974
17.5 -22.152
17.5 -21.34
17.5 -19.966
17.5 -20.708
17.5 -25.372
17.5 -22.954
17.5 -21.982
17.5 -22.49
17.5 -22.39
17.5 -24.77
17.5 -23.226
17.5 -23.886
17.5 -24.004
17.5 -23.864
17.5 -26.892
17.5 -31.448
17.5 -27.6
17.5 -30.928
17.5 -29.406
17.5 -29.118
17.5 -27.376
17.5 -24.442
17.5 -24.184
17.5 -22.778
17.5 -26.414
17.5 -28.864
17.5 -23.27
17.5 -23.946
17.5 -21.292
17.5 -26.044
17.5 -19.922
17.5 -24.96
18.0 -23.116
18.0 -27.69
18.0 -24.612
18.0 -25.12
18.0 -23.752
18.0 -25.672
18.0 -26.366
18.0 -22.744
18.0 -23.648
18.0 -22.144
18.0 -23.046
18.0 -24.696
18.0 -23.916
18.0 -20.65
18.0 -26.122
18.0 -27.53
18.0 -27.862
18.0 -26.71
18.0 -23.974
18.0 -25.842
18.0 -22.396
18.0 -24.476
18.0 -23.536
18.0 -21.066
18.0 -20.522
18.0 -27.886
18.0 -31.816
18.0 -30.634
18.0 -27.584
18.0 -21.214
18.0 -24.42
18.0 -21.95
18.0 -25.642
18.0 -23.512
18.0 -25.788
18.0 -25.452
18.0 -26.182
18.0 -22.126
18.0 -25.818
18.0 -28.922
18.0 -24.382
18.0 -21.87
18.0 -26.302
18.0 -23.724
18.0 -27.184
18.0 -21.682
18.0 -26.93
18.0 -23.004
18.0 -29.25
18.0 -21.014
18.0 -22.924
18.0 -27.856
18.0 -24.26
18.0 -23.584
18.0 -21.392
18.0 -22.352
18.0 -28.098
18.0 -28.258
18.0 -24.436
18.0 -27.354
18.0 -23.056
18.0 -24.37
18.0 -24.44
18.0 -32.522
18.0 -29.032
18.0 -21.646
18.0 -23.298
18.0 -31.12
18.0 -33.144
18.0 -25.326
18.0 -22.608
18.0 -25.394
18.0 -27.426
18.0 -21.224
18.0 -25.03
18.0 -24.132
18.0 -29.096
18.0 -25.1
18.0 -20.738
18.0 -25.652
18.0 -27.4
18.0 -25.35
18.0 -27.124
18.0 -24.362
18.0 -25.884
18.0 -22.83
18.0 -26.98
18.0 -27.174
18.0 -25.566
18.0 -26.542
18.0 -24.002
18.0 -21.198
18.0 -22.486
18.0 -23.194
18.0 -17.816
18.0 -25.628
18.0 -25.516
18.0 -21.406
18.0 -26.696
18.0 -26.026
18.0 -22.742
18.0 -29.044
18.0 -22.272
18.0 -24.05
18.0 -21.298
18.0 -24.594
18.0 -26.26
18.0 -21.418
18.0 -23.22
18.0 -27.316
18.0 -28.664
18.0 -26.17
18.0 -26.008
18.0 -23.942
18.0 -25.734
18.0 -26.312
18.0 -22.372
18.0 -22.8
18.0 -26.742
18.0 -29.384
18.0 -25.01
18.0 -22.772
18.0 -28.84
18.0 -28.516
18.0 -25.024
18.0 -22.26
18.0 -21.52
18.0 -26.282
18.0 -23.296
18.0 -25.062
18.0 -25.686
18.0 -25.028
18.0 -27.246
18.0 -26.534
18.0 -24.94
18.0 -26.968
18.0 -29.05
18.0 -28.496
18.0 -26.762
18.0 -24.626
18.0 -27.6
18.0 -25.294
18.0 -22.712
18.0 -20.296
18.0 -22.68
18.0 -19.624
18.0 -23.596
18.0 -24.596
18.0 -21.334
18.0 -21.58
18.0 -19.606
18.0 -22.504
18.0 -27.82
18.0 -21.386
18.0 -23.686
18.0 -24.942
18.0 -22.756
18.0 -26.02
18.0 -25.534
18.0 -22.406
18.0 -25.252
18.0 -30.43
18.0 -22.33
18.0 -26.33
18.0 -23.182
18.0 -23.504
18.0 -23.668
18.0 -25.094
18.0 -25.266
18.0 -23.816
18.0 -23.786
18.0 -20.18
18.0 -18.882
18.0 -28.714
18.0 -21.418
18.0 -22.894
18.0 -26.108
18.0 -33.368
18.0 -26.594
18.0 -24.716
18.0 -25.762
18.0 -27.288
18.0 -29.722
18.0 -23.836
18.0 -26.65
18.0 -21.322
18.0 -22.066
18.0 -27.36
18.0 -24.618
18.0 -26.224
18.0 -28.004
18.0 -24.946
18.0 -25.038
18.0 -26.84
18.0 -26.8
18.0 -20.062
18.0 -23.9
18.0 -24.21
18.0 -27.78
18.0 -27.826
18.0 -25.578
18.0 -20.666
18.0 -24.198
18.0 -21.044
18.0 -22.624
18.0 -22.612
18.0 -23.268
18.0 -28.488
18.0 -23.94
18.0 -23.746
18.0 -21.182
18.0 -18.79
18.0 -25.142
18.0 -28.136
18.0 -22.742
18.0 -21.148
18.0 -26.534
18.0 -26.336
18.0 -22.526
18.0 -26.134
18.0 -27.704
18.0 -23.762
18.0 -24.846
18.0 -27.938
18.0 -26.348
18.0 -24.704
18.0 -30.624
18.0 -28.184
18.0 -23.578
18.0 -23.738
18.0 -23.846
18.0 -22.898
18.0 -23.452
18.0 -24.014
18.0 -22.62
18.0 -25.262
18.0 -23.216
18.0 -22.412
18.0 -19.226
18.0 -23.524
18.0 -21.198
18.0 -20.672
18.0 -23.308
18.0 -26.542
18.0 -26.728
18.0 -24.11
18.0 -19.412
18.0 -24.35
18.0 -26.644
18.0 -21.548
18.0 -18.688
18.0 -26.87
18.0 -24.476
18.0 -22.254
18.0 -21.832
18.0 -25.69
18.0 -24.154
18.0 -23.454
18.0 -26.004
18.0 -23.264
18.0 -27.046
18.0 -22.098
18.0 -22.038
18.0 -22.96
18.0 -17.362
18.0 -23.124
18.0 -24.97
18.0 -26.344
18.0 -27.278
18.0 -26.53
18.0 -21.238
18.0 -23.508
18.0 -22.01
18.0 -29.482
18.0 -32.166
18.0 -22.07
18.0 -22.31
18.0 -25.076
18.0 -27.048
18.0 -28.01
18.0 -22.63
18.0 -25.29
18.0 -23.092
18.0 -21.476
18.0 -31.544
18.0 -26.93
18.0 -31.73
18.0 -23.558
18.0 -23.026
18.0 -24.126
18.0 -19.514
18.0 -22.574
18.0 -21.89
18.0 -23.38
18.0 -20.044
18.0 -22.682
18.0 -25.926
18.0 -25.74
18.0 -25.532
18.0 -26.422
18.0 -25.334
18.0 -29.162
18.0 -24.85
18.0 -23.41
18.0 -24.93
18.0 -25.436
18.0 -26.482
18.0 -24.91
18.0 -22.968
18.0 -24.888
18.0 -21.938
18.0 -25.744
18.0 -27.202
18.0 -25.322
18.0 -23.594
18.0 -22.386
18.0 -23.988
18.0 -22.85
18.0 -25.098
18.0 -26.706
18.0 -24.63
18.0 -22.908
18.0 -20.636
18.0 -25.064
18.0 -25.786
18.0 -24.86
18.0 -33.094
18.0 -26.932
18.0 -26.262
18.0 -26.356
18.0 -23.006
18.0 -32.598
18.0 -20.81
18.0 -22.932
18.0 -20.956
18.0 -26.772
18.0 -26.508
18.0 -24.826
18.0 -20.134
18.0 -24.26
18.0 -21.516
18.0 -20.994
18.0 -25.77
18.0 -24.594
18.0 -27.306
18.0 -29.18
18.0 -24.554
500
11.5 -40.16
15.5 -30.022
15.5 -25.972
15.5 -29.212
15.5 -24.886
15.5 -26.242
15.5 -26.594
15.5 -25.822
15.5 -27.734
15.5 -26.988
15.5 -22.034
15.5 -28.714
15.5 -27.462
15.5 -24.126
15.5 -28.206
15.5 -27.578
15.5 -23.354
15.5 -21.542
15.5 -24.16
15.5 -24.818
15.5 -24.616
15.5 -26.138
17.0 -28.38
17.0 -24.034
17.0 -22.018
17.0 -21.496
17.0 -28.85
17.0 -26.732
17.0 -28.324
17.0 -33.442
17.0 -25.86
17.0 -28.934
17.0 -23.95
17.0 -22.27
17.0 -25.742
17.0 -29.736
17.0 -22.956
17.0 -32.852
17.0 -23.272
17.0 -24.414
17.0 -23.312
17.0 -22.734
17.0 -25.712
17.0 -33.048
17.0 -23.518
17.0 -25.17
17.0 -36.084
17.0 -26.27
17.0 -27.338
17.0 -24.178
17.0 -22.898
17.0 -25.034
17.0 -31.008
17.0 -26.95
17.0 -23.564
17.0 -25.0
17.0 -22.424
17.0 -20.918
17.0 -25.698
17.0 -25.94
17.0 -23.602
17.0 -22.91
17.0 -27.154
17.0 -23.452
17.0 -29.322
17.0 -23.884
17.0 -21.92
17.0 -24.808
17.0 -25.806
17.0 -26.734
17.0 -23.63
17.0 -23.89
17.0 -21.698
17.0 -26.258
17.0 -28.4
17.0 -23.068
17.0 -20.082
17.0 -21.698
17.0 -17.348
17.0 -19.638
17.0 -25.618
17.0 -26.5
17.0 -29.196
17.0 -29.038
17.0 -21.004
17.0 -24.286
17.0 -21.976
17.0 -25.326
17.0 -20.722
17.0 -29.426
17.0 -21.02
17.0 -24.976
17.0 -26.142
17.0 -27.806
17.0 -30.73
17.0 -23.722
17.0 -25.242
17.0 -26.994
17.0 -21.968
17.0 -25.1
17.0 -25.35
17.0 -24.34
17.0 -20.702
17.0 -28.28
17.0 -23.482
17.0 -20.276
17.0 -26.848
17.0 -24.518
17.0 -22.53
17.0 -24.62
17.0 -27.04
17.0 -30.806
17.0 -25.58
17.0 -24.054
17.0 -25.842
17.0 -21.422
17.0 -28.58
17.0 -24.23
17.0 -26.31
17.0 -26.27
17.0 -21.686
17.0 -27.332
17.0 -24.1
17.0 -27.18
17.0 -26.54
17.0 -23.91
17.0 -29.508
17.0 -30.904
17.0 -25.648
17.0 -23.89
17.0 -24.58
17.0 -22.578
17.0 -22.354
17.0 -20.676
17.0 -27.57
17.0 -23.074
17.0 -25.148
17.0 -25.13
17.0 -23.964
17.0 -25.186
17.0 -22.324
17.0 -26.492
17.0 -24.274
17.0 -22.644
17.0 -24.7
17.0 -22.598
17.0 -28.28
17.0 -28.424
17.0 -25.648
17.0 -22.612
17.0 -23.912
17.0 -22.836
17.0 -25.716
17.0 -25.684
17.0 -27.852
17.0 -24.666
17.0 -27.264
17.0 -25.154
17.5 -25.354
17.5 -25.652
17.5 -21.876
17.5 -27.736
17.5 -27.596
17.5 -22.446
17.5 -21.026
17.5 -22.984
17.5 -25.2
17.5 -26.23
17.5 -23.956
17.5 -22.742
18.5 -29.712
18.5 -28.28
18.5 -27.774
18.5 -28.166
18.5 -25.302
18.5 -25.298
18.5 -21.254
18.5 -26.426
18.5 -24.424
18.5 -29.252
18.5 -27.682
18.5 -24.59
18.5 -23.408
18.5 -26.818
18.5 -22.356
18.5 -25.178
18.5 -30.338
18.5 -27.474
18.5 -24.556
18.5 -21.518
18.5 -27.824
18.5 -27.02
18.5 -26.016
18.5 -22.288
18.5 -24.174
18.5 -23.76
18.5 -25.006
18.5 -23.324
18.5 -23.262
18.5 -24.728
18.5 -22.18
18.5 -20.478
18.5 -26.376
18.5 -26.494
18.5 -25.666
18.5 -30.282
18.5 -27.822
18.5 -25.074
18.5 -29.87
18.5 -20.218
18.5 -26.336
18.5 -20.496
18.5 -28.784
18.5 -23.902
18.5 -27.066
18.5 -27.596
18.5 -26.042
18.5 -24.102
18.5 -23.236
18.5 -24.9
18.5 -26.79
18.5 -27.146
18.5 -23.858
18.5 -25.676
18.5 -30.346
18.5 -24.994
18.5 -27.654
18.5 -27.406
18.5 -28.158
18.5 -28.068
18.5 -23.276
18.5 -24.99
18.5 -26.436
18.5 -23.776
18.5 -27.39
18.5 -20.396
18.5 -24.918
18.5 -26.732
18.5 -28.8
18.5 -24.792
18.5 -23.796
18.5 -23.466
18.5 -29.652
18.5 -24.218
18.5 -26.568
18.5 -22.83
18.5 -26.83
18.5 -23.728
18.5 -23.866
18.5 -23.564
18.5 -24.946
18.5 -25.178
18.5 -30.772
18.5 -26.07
18.5 -22.286
18.5 -24.848
18.5 -25.074
18.5 -24.776
18.5 -23.526
18.5 -25.886
18.5 -26.086
18.5 -22.548
18.5 -26.232
18.5 -26.052
18.5 -29.31
18.5 -22.998
18.5 -25.202
18.5 -25.294
18.5 -27.154
18.5 -25.104
18.5 -27.17
18.5 -22.058
18.5 -25.48
18.5 -24.444
18.5 -23.35
18.5 -22.738
18.5 -25.57
18.5 -27.468
18.5 -21.388
18.5 -24.644
18.5 -27.848
18.5 -24.684
18.5 -27.14
18.5 -27.182
18.5 -22.29
18.5 -25.072
18.5 -24.912
18.5 -25.388
18.5 -25.76
18.5 -27.216
18.5 -26.632
18.5 -27.102
18.5 -26.754
18.5 -26.146
18.5 -33.538
18.5 -28.834
18.5 -28.394
18.5 -28.64
18.5 -24.574
18.5 -24.462
18.5 -25.78
18.5 -28.396
18.5 -25.356
18.5 -19.898
18.5 -26.006
18.5 -23.954
18.5 -22.888
18.5 -23.182
18.5 -24.876
18.5 -25.928
18.5 -25.334
18.5 -25.122
18.5 -23.744
18.5 -29.586
18.5 -26.75
18.5 -27.45
18.5 -25.844
18.5 -25.248
18.5 -23.562
18.5 -21.906
18.5 -25.832
18.5 -25.132
18.5 -29.05
18.5 -29.488
18.5 -23.54
18.5 -26.378
18.5 -27.25
18.5 -27.646
18.5 -22.848
18.5 -22.6
18.5 -26.692
18.5 -24.964
18.5 -24.424
18.5 -26.466
18.5 -23.788
18.5 -27.34
18.5 -27.826
18.5 -22.882
18.5 -27.16
18.5 -28.892
18.5 -23.9
18.5 -26.372
18.5 -27.004
18.5 -23.49
18.5 -26.36
18.5 -25.496
18.5 -19.404
18.5 -25.894
18.5 -28.786
18.5 -26.646
18.5 -22.884
18.5 -26.336
18.5 -25.934
18.5 -24.496
18.5 -24.066
18.5 -23.628
18.5 -23.452
18.5 -30.552
18.5 -23.674
18.5 -27.294
18.5 -26.1
18.5 -22.66
18.5 -32.014
18.5 -29.218
18.5 -30.548
18.5 -25.278
18.5 -23.38
18.5 -24.788
18.5 -24.57
18.5 -21.964
18.5 -22.628
18.5 -20.474
18.5 -21.394
18.5 -24.628
18.5 -26.696
18.5 -25.594
18.5 -24.052
18.5 -23.616
18.5 -21.652
18.5 -25.832
18.5 -27.282
18.5 -25.44
18.5 -28.094
18.5 -25.44
18.5 -24.456
18.5 -23.836
18.5 -25.092
18.5 -21.59
18.5 -24.988
18.5 -18.558
18.5 -23.754
18.5 -23.074
18.5 -26.132
18.5 -25.478
18.5 -28.378
18.5 -25.836
18.5 -22.054
18.5 -26.956
18.5 -25.372
18.5 -21.622
18.5 -26.496
18.5 -25.282
18.5 -24.74
18.5 -19.03
18.5 -26.2
18.5 -23.876
18.5 -28.81
18.5 -25.4
18.5 -27.03
18.5 -23.108
18.5 -28.426
18.5 -24.558
18.5 -29.26
18.5 -26.32
18.5 -24.676
18.5 -22.838
18.5 -21.91
18.5 -22.922
18.5 -27.848
18.5 -27.262
18.5 -27.67
18.5 -22.892
18.5 -28.44
18.5 -25.374
18.5 -26.594
18.5 -26.312
18.5 -22.158
18.5 -26.636
18.5 -18.754
18.5 -20.702
18.5 -24.556
18.5 -25.098
18.5 -24.628
18.5 -24.858
18.5 -26.442
18.5 -26.49
18.5 -26.452
18.5 -20.998
18.5 -23.0
18.5 -24.368
18.5 -23.636
18.5 -21.95
18.5 -24.538
18.5 -20.524
18.5 -23.86
18.5 -24.07
18.5 -26.408
18.5 -29.22
18.5 -20.54
18.5 -25.354
18.5 -23.818
18.5 -27.274
18.5 -27.962
18.5 -26.38
18.5 -24.136
18.5 -23.562
18.5 -27.234
18.5 -24.704
18.5 -28.196
18.5 -25.246
18.5 -24.846
18.5 -24.71
18.5 -27.26
18.5 -22.432
18.5 -23.924
18.5 -24.904
18.5 -26.652
18.5 -26.488
18.5 -19.112
18.5 -23.548
18.5 -24.224
18.5 -24.242
18.5 -22.72
18.5 -22.612
18.5 -26.756
18.5 -25.088
18.5 -24.408
18.5 -25.244
18.5 -20.446
18.5 -21.51
18.5 -26.842
18.5 -26.966
18.5 -24.254
18.5 -24.746
18.5 -24.264
18.5 -26.764
18.5 -27.888
18.5 -26.236
18.5 -33.034
18.5 -23.494
18.5 -27.264
18.5 -23.188
18.5 -22.88
18.5 -27.434
18.5 -23.734
18.5 -25.062
18.5 -24.838
18.5 -23.718
18.5 -23.318
18.5 -20.766
500
9.5 -34.274
10.5 -26.916
13.0 -28.652
15.0 -25.394
15.0 -25.208
15.0 -24.984
15.0 -26.082
15.0 -27.254
15.0 -28.938
15.0 -27.872
15.0 -23.342
15.0 -29.656
15.0 -23.582
15.0 -26.84
15.0 -21.092
16.0 -21.794
17.5 -20.144
17.5 -24.012
17.5 -25.366
17.5 -26.976
17.5 -28.058
17.5 -21.896
17.5 -25.724
17.5 -28.68
17.5 -26.1
17.5 -20.97
17.5 -21.248
17.5 -22.906
17.5 -31.06
17.5 -28.754
17.5 -23.002
17.5 -22.312
17.5 -24.272
17.5 -23.27
17.5 -24.09
17.5 -20.588
17.5 -24.494
17.5 -24.524
17.5 -21.166
17.5 -28.282
17.5 -23.942
17.5 -22.94
17.5 -25.642
17.5 -27.666
17.5 -28.742
17.5 -26.062
17.5 -24.426
17.5 -27.268
17.5 -23.456
17.5 -24.696
17.5 -25.026
17.5 -21.914
17.5 -25.348
17.5 -29.548
17.5 -22.178
17.5 -30.496
17.5 -22.944
17.5 -30.334
17.5 -27.382
17.5 -23.556
17.5 -29.386
17.5 -23.104
17.5 -28.696
17.5 -29.364
17.5 -25.514
17.5 -21.698
17.5 -24.036
17.5 -22.65
17.5 -28.458
17.5 -22.432
17.5 -23.798
17.5 -25.726
17.5 -23.212
17.5 -21.828
17.5 -25.924
17.5 -30.274
17.5 -26.748
17.5 -28.146
17.5 -23.252
17.5 -23.534
17.5 -22.696
17.5 -28.802
17.5 -22.904
17.5 -24.368
17.5 -26.92
17.5 -22.818
17.5 -19.062
17.5 -24.81
17.5 -22.11
17.5 -29.834
17.5 -28.146
17.5 -23.906
17.5 -27.87
17.5 -23.734
17.5 -25.374
17.5 -23.548
17.5 -26.678
17.5 -29.014
17.5 -31.298
17.5 -27.784
17.5 -23.814
17.5 -30.476
17.5 -22.492
17.5 -25.282
17.5 -25.422
17.5 -27.86
17.5 -28.652
17.5 -24.008
17.5 -26.234
17.5 -26.57
17.5 -32.868
17.5 -24.838
17.5 -21.526
17.5 -31.242
17.5 -28.292
17.5 -26.224
17.5 -26.534
17.5 -28.326
17.5 -24.358
17.5 -24.71
17.5 -22.754
17.5 -25.346
17.5 -20.136
17.5 -28.052
17.5 -28.06
17.5 -23.71
17.5 -29.496
17.5 -21.602
17.5 -22.732
17.5 -19.994
17.5 -20.438
17.5 -23.57
17.5 -23.388
17.5 -28.322
17.5 -24.382
17.5 -22.684
17.5 -27.738
17.5 -24.446
17.5 -19.446
17.5 -20.836
17.5 -21.23
17.5 -27.184
17.5 -24.782
17.5 -25.372
17.5 -20.332
17.5 -24.09
17.5 -26.968
17.5 -22.672
17.5 -26.036
17.5 -26.608
17.5 -20.144
17.5 -24.148
17.5 -25.452
17.5 -23.698
17.5 -29.294
17.5 -27.198
17.5 -23.91
17.5 -25.404
17.5 -28.11
17.5 -26.33
17.5 -24.262
17.5 -23.558
17.5 -24.57
17.5 -24.31
17.5 -25.764
17.5 -25.96
17.5 -30.296
17.5 -29.622
17.5 -20.274
17.5 -23.198
17.5 -23.352
17.5 -25.666
17.5 -22.13
17.5 -26.244
17.5 -28.274
17.5 -24.716
17.5 -25.486
17.5 -26.91
17.5 -32.76
17.5 -23.6
17.5 -28.258
17.5 -23.682
17.5 -23.076
17.5 -20.288
17.5 -22.638
17.5 -21.816
17.5 -19.956
17.5 -26.084
17.5 -22.466
17.5 -21.622
17.5 -21.254
17.5 -22.162
17.5 -20.816
17.5 -20.564
17.5 -23.88
17.5 -27.87
17.5 -24.366
17.5 -25.758
17.5 -24.736
17.5 -21.058
17.5 -25.1
17.5 -23.162
17.5 -25.798
17.5 -22.214
17.5 -21.572
17.5 -24.438
17.5 -22.496
17.5 -26.566
17.5 -24.442
17.5 -26.402
17.5 -24.742
17.5 -21.302
17.5 -21.996
17.5 -25.03
17.5 -27.564
17.5 -27.414
17.5 -24.318
17.5 -23.466
17.5 -22.82
17.5 -24.142
17.5 -28.248
17.5 -24.302
17.5 -21.372
17.5 -22.86
17.5 -26.966
17.5 -28.962
17.5 -24.006
17.5 -23.724
17.5 -24.314
17.5 -25.37
17.5 -25.776
17.5 -24.862
17.5 -29.484
17.5 -31.204
17.5 -26.028
18.0 -26.624
18.0 -25.152
18.0 -25.26
18.0 -30.558
18.0 -28.756
18.0 -32.976
18.0 -23.662
18.0 -25.156
18.0 -31.8
18.0 -26.896
18.0 -21.478
18.0 -18.874
18.0 -26.036
18.0 -22.558
18.0 -20.832
18.0 -23.578
18.0 -18.404
18.0 -21.874
18.0 -21.818
18.0 -18.524
18.0 -22.236
18.0 -30.362
18.0 -23.368
18.0 -25.44
18.0 -23.824
18.0 -22.886
18.0 -23.632
18.0 -27.548
18.0 -29.526
18.0 -24.23
18.0 -29.708
18.0 -27.846
18.0 -25.758
18.0 -21.14
18.0 -25.9
18.0 -25.218
18.0 -26.374
18.0 -27.488
18.0 -29.686
18.0 -30.086
18.0 -23.248
18.0 -18.39
18.0 -21.296
18.0 -23.572
18.0 -23.534
18.0 -25.628
18.0 -26.342
18.0 -22.844
18.0 -24.252
18.0 -22.56
18.0 -28.936
18.0 -24.366
18.0 -27.258
18.0 -22.188
18.0 -23.7
18.0 -20.69
18.0 -27.024
18.0 -26.616
18.0 -30.352
18.0 -20.576
18.0 -28.098
18.0 -24.748
18.0 -20.764
18.0 -24.828
18.0 -27.434
18.0 -20.856
18.0 -24.12
18.0 -22.444
18.0 -21.356
18.0 -26.3
18.0 -23.604
18.0 -18.32
18.0 -23.042
18.0 -22.158
18.0 -22.16
18.0 -25.32
18.0 -23.406
18.0 -32.398
18.0 -26.822
18.0 -31.006
18.0 -22.738
18.0 -26.16
18.0 -26.532
18.0 -27.088
18.0 -24.3
18.0 -24.036
18.0 -24.89
18.0 -25.24
18.0 -22.004
18.0 -25.228
18.0 -21.058
18.0 -21.976
18.0 -26.7
18.0 -24.502
18.0 -24.692
18.0 -21.57
18.0 -25.98
18.0 -26.31
18.0 -23.362
18.0 -22.628
18.0 -30.998
18.0 -27.414
18.0 -27.286
18.0 -23.294
18.0 -21.616
18.0 -27.054
18.0 -24.052
18.0 -26.864
18.0 -22.754
18.0 -19.258
18.0 -23.468
18.0 -27.432
18.0 -27.472
18.0 -25.424
18.0 -26.152
18.0 -24.506
18.0 -24.06
18.0 -25.692
18.0 -22.378
18.0 -22.016
18.0 -26.936
18.0 -22.296
18.0 -26.456
18.0 -28.906
18.0 -22.306
18.0 -25.034
18.0 -21.704
18.0 -26.078
18.0 -26.596
18.0 -19.884
18.0 -19.644
18.0 -27.214
18.0 -20.266
18.0 -16.612
18.0 -18.26
18.0 -22.61
18.0 -39.86
18.0 -24.51
18.0 -22.71
18.0 -26.366
18.0 -26.316
18.0 -26.38
18.0 -24.49
18.0 -23.122
18.0 -23.026
18.0 -25.18
18.0 -24.474
18.0 -26.61
18.0 -26.858
18.0 -22.026
18.0 -21.122
18.0 -20.862
18.0 -22.162
18.0 -26.496
18.0 -27.874
18.0 -25.708
18.0 -23.938
18.0 -26.696
18.0 -24.3
18.0 -25.446
18.0 -20.544
18.0 -22.438
18.0 -22.756
18.0 -25.242
18.0 -25.652
18.0 -22.724
18.0 -21.278
18.0 -25.09
18.0 -27.586
18.0 -26.21
18.0 -26.288
18.0 -23.828
18.0 -22.052
18.0 -20.45
18.0 -23.024
18.0 -24.626
18.0 -21.01
18.0 -27.336
18.0 -23.288
18.0 -24.898
18.0 -23.23
18.0 -27.82
18.0 -23.1
18.0 -20.706
18.0 -27.354
18.0 -27.188
18.0 -24.408
18.0 -27.938
18.0 -23.714
18.0 -20.936
18.0 -26.338
18.0 -26.588
18.0 -21.668
18.0 -20.922
18.0 -28.454
18.0 -30.404
18.0 -27.37
18.0 -25.668
18.0 -26.942
18.0 -24.34
18.0 -26.242
18.0 -23.976
18.0 -23.548
18.0 -25.916
18.0 -21.52
18.0 -25.986
18.0 -25.762
18.0 -26.178
18.0 -23.78
18.0 -23.982
18.0 -23.72
18.0 -24.12
18.0 -23.256
18.0 -23.408
18.0 -25.262
18.0 -24.522
18.0 -23.146
18.0 -23.778
18.0 -23.182
18.0 -23.404
18.0 -23.938
18.0 -19.59
18.0 -29.3
18.0 -25.038
18.0 -29.35
18.0 -26.87
18.0 -28.572
18.0 -29.486
18.0 -26.294
18.0 -24.058
18.0 -22.218
18.0 -22.036
18.0 -27.674
18.0 -30.326
18.0 -28.91
18.0 -23.718
18.0 -25.532
18.0 -23.568
18.0 -27.632
18.0 -23.354
18.0 -20.116
18.0 -25.448
18.0 -26.362
18.0 -22.562
18.0 -24.402
18.0 -22.11
18.0 -24.502
18.0 -23.134
18.0 -23.55
18.0 -28.44
18.0 -23.376
18.0 -26.486
18.0 -27.16
18.0 -21.476
18.0 -25.626
18.0 -23.34
18.0 -29.118
18.0 -24.108
18.0 -23.582
18.0 -23.554
18.0 -23.222
18.0 -23.29
18.0 -27.572
18.0 -22.362
18.0 -21.778

Individual: [1, 5, 10, 11, 14, 15, 20, 28, 34, 37, 38, 44, 45, 47]
   Fitness: 18.0
     Total: 14
Violations: 3 3

Individual: [2, 4, 5, 9, 10, 12, 13, 19, 32, 33, 35, 39, 40, 46, 47, 49, 50]
   Fitness: 19.5
     Total: 17
Violations: 6 6

Individual: [1, 3, 6, 7, 10, 14, 15, 30, 31, 37, 38, 41, 42, 43, 49]
   Fitness: 18.5
     Total: 15
Violations: 4 4

Individual: [3, 4, 10, 12, 14, 15, 17, 35, 40, 41, 43, 44, 48, 49, 50]
   Fitness: 18.5
     Total: 15
Violations: 4 4

Individual: [1, 2, 4, 8, 13, 14, 16, 35, 36, 38, 43, 44, 47, 48, 49]
   Fitness: 19.5
     Total: 15
Violations: 3 3

Individual: [2, 3, 5, 6, 11, 15, 16, 23, 33, 34, 36, 37, 41, 45, 47, 48]
   Fitness: 18.0
     Total: 16
Violations: 6 5

Individual: [1, 2, 4, 8, 12, 15, 17, 21, 25, 31, 36, 39, 43, 44, 48, 50]
   Fitness: 18.0
     Total: 16
Violations: 6 5

Individual: [2, 3, 6, 8, 11, 17, 20, 21, 24, 33, 35, 38, 41, 48]
   Fitness: 18.0
     Total: 14
Violations: 3 3

Individual: [4, 5, 6, 7, 11, 13, 14, 17, 18, 19, 35, 36, 39, 40, 46, 49, 50]
   Fitness: 18.5
     Total: 17
Violations: 7 6

Individual: [1, 4, 9, 13, 15, 16, 20, 38, 39, 40, 42, 43, 49, 50]
   Fitness: 18.0
     Total: 14
Violations: 3 3
