10
50
5.0 -38.086
11.0 -11.91
17.0 -1.856
19.5 3.102
19.5 7.498
20.0 9.6
20.0 10.454
20.0 10.226
20.0 11.522
20.0 10.576
20.0 12.65
20.0 13.134
20.0 12.6
22.5 12.81
22.5 12.878
22.5 13.088
22.5 12.26
22.5 13.248
22.5 13.778
22.5 13.26
22.5 14.064
23.0 13.724
23.0 15.406
23.0 14.418
23.0 15.254
23.0 14.03
23.0 14.534
23.0 14.468
24.0 15.06
24.0 15.092
24.0 14.854
24.0 15.288
24.0 14.484
24.0 14.87
24.0 14.844
24.0 15.436
24.0 14.456
24.0 15.4
24.0 15.2
24.0 14.824
24.0 15.896
24.0 15.926
24.0 15.38
24.0 15.454
24.0 16.358
24.0 15.88
24.0 17.016
24.0 17.118
24.0 16.234
24.0 16.482
50
11.5 -38.322
13.5 -9.226
14.5 1.866
18.5 6.468
18.5 8.656
18.5 10.708
19.0 9.996
19.0 10.704
20.0 10.752
21.5 12.216
21.5 11.794
21.5 13.542
21.5 13.204
21.5 13.03
21.5 13.326
21.5 13.444
21.5 13.71
21.5 14.768
22.0 14.158
22.0 14.062
22.5 13.798
22.5 14.342
22.5 13.612
22.5 14.54
23.0 14.534
23.0 15.514
23.0 15.392
23.0 15.046
23.0 14.862
23.0 14.482
23.0 14.94
23.5 15.372
23.5 15.608
23.5 14.968
23.5 15.758
23.5 14.842
23.5 14.836
23.5 14.242
23.5 15.008
23.5 15.078
23.5 15.232
23.5 14.676
23.5 15.046
24.0 14.954
24.0 14.662
24.0 15.178
24.0 14.44
24.0 15.236
24.0 14.026
24.0 14.034
50
6.5 -36.412
13.0 -10.078
14.0 -1.92
16.0 2.884
17.0 6.088
17.0 7.7
18.5 10.618
18.5 11.338
19.0 11.626
19.0 11.68
20.5 11.358
20.5 12.104
20.5 12.97
20.5 12.77
20.5 13.264
21.0 13.594
21.0 12.84
21.0 13.43
21.0 13.096
22.0 13.78
22.0 13.022
22.0 13.352
22.0 14.124
22.0 14.374
22.0 13.72
22.0 13.73
23.0 15.06
23.0 14.46
23.0 15.066
23.0 14.178
23.0 15.538
23.0 14.434
23.5 14.398
23.5 15.058
23.5 15.236
23.5 14.18
23.5 14.188
24.0 15.19
24.0 14.83
24.0 15.666
24.0 15.31
24.0 15.61
24.0 15.04
24.0 15.0
24.0 14.44
24.0 13.974
24.0 15.002
24.0 14.444
24.0 14.768
24.0 14.398
50
8.5 -36.202
14.0 -10.396
16.0 -0.57
16.5 5.522
17.5 8.12
17.5 9.668
19.0 10.858
19.0 11.34
19.0 12.676
19.0 12.3
19.5 12.802
19.5 12.116
20.0 12.08
20.5 12.944
20.5 12.738
21.5 12.894
21.5 13.368
21.5 13.212
21.5 13.216
21.5 13.92
21.5 13.84
22.0 13.922
22.0 14.418
22.0 14.632
23.5 14.094
23.5 14.822
23.5 13.974
23.5 14.536
23.5 13.76
23.5 13.812
23.5 13.942
23.5 14.698
23.5 15.012
24.0 15.802
24.0 14.872
24.0 14.988
24.0 14.976
24.0 14.678
24.0 16.044
24.0 15.55
24.0 15.704
24.0 15.292
24.0 16.13
24.0 15.52
24.0 16.23
24.5 14.386
24.5 15.262
24.5 15.828
24.5 15.56
24.5 14.738
50
12.0 -40.144
13.0 -11.166
14.5 0.878
17.0 6.556
17.0 9.476
18.0 9.786
18.0 10.236
20.0 11.426
20.0 12.148
20.0 12.436
20.0 13.338
20.0 13.346
20.5 13.452
20.5 12.834
20.5 13.164
20.5 13.074
20.5 13.338
20.5 13.262
21.0 13.556
21.5 14.394
21.5 13.644
21.5 14.588
21.5 14.59
22.5 14.69
22.5 14.164
22.5 12.77
23.0 14.056
23.0 14.256
23.0 13.644
23.0 14.498
23.0 13.842
23.0 14.176
23.0 13.962
23.0 14.236
23.5 13.196
23.5 14.716
23.5 14.248
23.5 15.144
23.5 14.364
23.5 13.744
23.5 14.206
23.5 14.748
23.5 14.652
23.5 14.428
24.0 14.006
24.0 14.354
24.0 15.418
24.0 14.398
24.0 14.68
24.0 14.446
50
11.5 -39.184
15.5 -11.758
15.5 -0.576
15.5 3.902
16.5 7.288
19.0 9.06
19.0 9.25
19.0 11.32
20.0 12.704
21.0 12.606
21.0 12.55
21.0 12.736
21.0 12.976
21.0 13.186
21.0 12.274
21.5 13.342
21.5 13.034
22.0 13.158
22.0 14.094
22.0 14.13
22.0 13.172
22.0 14.238
22.0 13.654
22.0 13.322
22.0 12.538
22.5 12.878
22.5 13.358
22.5 14.394
23.0 14.468
23.0 14.172
23.0 14.686
23.0 14.01
23.0 13.212
23.0 14.634
23.0 14.582
23.0 14.55
23.0 14.946
23.0 14.178
23.0 14.21
23.0 14.4
24.0 14.92
24.0 14.42
24.0 14.646
24.0 14.216
24.0 15.386
24.0 15.092
24.0 15.218
24.0 15.94
24.0 14.972
24.0 15.754
50
13.0 -37.126
14.5 -9.618
17.5 0.618
17.5 5.498
18.5 8.514
19.0 9.916
19.0 10.458
19.5 11.316
19.5 12.082
21.0 12.188
21.0 13.028
21.0 13.598
22.0 13.042
22.0 12.924
22.0 12.866
22.0 12.962
22.0 12.462
23.0 13.568
23.0 13.088
23.0 12.598
23.0 14.758
23.0 14.454
23.0 14.134
23.0 15.144
23.0 14.22
23.0 14.428
23.0 14.236
23.0 13.686
23.0 14.476
23.0 13.412
23.0 14.536
23.0 15.44
23.0 15.43
23.0 15.186
23.0 14.684
23.0 14.716
23.0 15.256
23.0 15.404
23.0 16.126
23.0 15.498
23.0 15.182
23.0 14.7
23.0 14.594
23.0 15.564
23.0 15.868
23.5 15.25
23.5 15.652
23.5 15.068
23.5 15.68
23.5 14.32
50
13.5 -38.416
13.5 -12.968
15.5 -1.136
17.0 6.838
18.0 8.548
18.0 11.504
18.0 11.69
20.0 13.146
20.0 11.98
20.5 13.072
20.5 13.246
20.5 12.886
20.5 12.392
21.0 13.656
21.0 13.52
21.0 12.572
21.0 12.878
21.0 13.286
21.0 13.448
21.5 13.3
21.5 13.156
21.5 13.382
21.5 13.752
21.5 14.294
21.5 12.806
21.5 14.084
21.5 14.14
21.5 13.488
22.0 13.634
23.5 13.64
23.5 13.316
23.5 14.556
23.5 14.542
23.5 15.158
23.5 14.78
23.5 14.544
23.5 14.868
23.5 15.034
23.5 15.626
23.5 15.056
23.5 14.962
23.5 14.968
23.5 14.124
23.5 15.068
23.5 15.752
23.5 14.45
24.5 15.854
24.5 15.842
24.5 14.53
24.5 14.7
50
12.5 -36.492
13.0 -8.204
15.5 -0.156
18.0 5.088
18.5 7.612
18.5 10.382
19.5 11.518
21.0 12.546
22.5 12.56
22.5 13.726
22.5 13.832
22.5 13.4
22.5 13.912
22.5 13.956
22.5 13.446
23.0 13.94
23.0 14.352
23.0 14.692
23.0 15.45
23.0 14.296
23.0 15.364
23.0 14.402
23.0 13.858
23.0 14.872
23.0 14.462
23.0 14.918
23.0 15.312
23.0 14.758
23.0 15.532
23.0 14.968
23.0 14.672
23.0 14.886
23.0 14.842
23.0 15.6
23.0 15.434
23.0 15.454
23.0 15.012
23.0 14.134
23.0 15.494
23.0 14.918
23.0 15.022
23.5 15.294
23.5 15.62
23.5 14.872
23.5 16.026
23.5 15.166
23.5 14.554
23.5 14.612
23.5 13.454
23.5 13.906
50
13.0 -36.076
14.5 -8.894
15.5 1.808
15.5 6.28
20.0 9.45
20.0 11.002
20.5 10.886
20.5 11.772
20.5 12.106
20.5 13.04
20.5 12.822
20.5 12.36
20.5 12.61
20.5 13.218
20.5 13.402
20.5 12.714
20.5 13.83
20.5 11.494
22.0 12.876
22.0 12.138
22.0 13.596
22.0 13.8
22.0 12.988
22.0 13.774
22.0 13.028
22.0 13.138
22.0 13.694
22.0 13.922
22.5 14.896
22.5 14.402
23.0 14.378
23.0 14.354
23.0 14.424
23.0 14.768
23.0 14.39
23.5 14.44
23.5 14.728
23.5 14.96
23.5 14.078
23.5 14.5
23.5 15.11
24.0 13.28
24.0 14.968
24.0 14.686
24.0 13.88
24.0 15.39
24.0 12.886
24.0 14.988
24.0 15.142
24.0 15.06

Individual: [1, 3, 4, 6, 10, 12, 13, 15, 35, 37, 38, 40, 44, 46, 47, 49]
   Fitness: 24.0
     Total: 16
Violations: 0 0

Individual: [2, 4, 5, 7, 11, 13, 14, 16, 35, 36, 38, 39, 45, 46, 48, 49]
   Fitness: 24.0
     Total: 16
Violations: 0 0

Individual: [3, 7, 8, 10, 15, 16, 19, 21, 37, 38, 40, 41, 46, 47, 49, 50]
   Fitness: 24.0
     Total: 16
Violations: 0 0

Individual: [1, 3, 4, 6, 12, 13, 16, 17, 27, 35, 36, 39, 40, 46, 47, 49, 50]
   Fitness: 24.5
     Total: 17
Violations: 1 1

Individual: [1, 2, 4, 5, 10, 13, 14, 17, 28, 34, 36, 37, 45, 47, 48, 50]
   Fitness: 24.0
     Total: 16
Violations: 0 0

Individual: [1, 2, 4, 5, 10, 11, 13, 14, 35, 37, 38, 40, 44, 46, 47, 49]
   Fitness: 24.0
     Total: 16
Violations: 0 0

Individual: [1, 2, 4, 5, 10, 12, 13, 17, 34, 35, 37, 38, 44, 46, 47, 49]
   Fitness: 24.0
     Total: 16
Violations: 0 0

Individual: [1, 2, 4, 5, 10, 11, 13, 14, 28, 32, 34, 35, 37, 41, 44, 48, 49]
   Fitness: 24.5
     Total: 17
Violations: 1 1

Individual: [1, 5, 7, 8, 10, 14, 16, 17, 19, 35, 36, 39, 40, 45, 46, 48, 49]
   Fitness: 23.5
     Total: 17
Violations: 2 2

Individual: [1, 2, 4, 5, 10, 12, 13, 17, 34, 35, 37, 38, 43, 46, 47, 50]
   Fitness: 24.0
     Total: 16
Violations: 0 0
