10
50
10.5 -39.542
12.5 -6.618
18.0 3.74
18.0 9.214
19.0 11.674
19.5 14.196
20.5 16.18
20.5 17.246
20.5 18.404
21.0 18.65
21.5 19.346
21.5 19.754
22.5 20.214
22.5 20.46
23.0 20.904
23.0 21.202
23.0 21.804
23.0 21.95
23.0 22.05
23.0 22.12
23.0 22.176
23.0 22.32
23.0 22.528
23.0 22.078
23.0 22.162
23.0 22.168
23.0 22.294
23.0 22.308
23.0 22.238
23.0 22.194
23.0 22.18
23.0 22.146
23.0 22.232
23.0 22.264
23.0 22.244
23.0 22.222
23.0 22.204
23.0 22.168
23.0 22.012
23.0 22.206
23.0 22.238
23.0 22.208
23.0 21.988
23.0 22.258
23.0 22.336
23.0 22.268
23.0 22.08
23.0 22.112
23.0 22.212
23.0 22.192
50
7.0 -38.25
12.5 -7.2
16.5 4.288
16.5 9.582
19.5 12.798
20.5 14.5
21.5 16.016
21.5 17.308
22.0 18.68
22.0 19.448
22.5 20.492
22.5 21.14
22.5 21.104
22.5 21.298
22.5 21.708
24.0 21.562
24.0 21.932
24.0 22.24
24.0 22.622
24.0 22.892
24.0 23.092
24.0 23.136
24.0 23.118
24.0 23.388
24.0 22.666
24.0 23.352
24.0 23.136
24.0 22.824
24.0 23.336
24.0 23.302
24.0 23.098
24.0 23.21
24.0 23.262
24.0 23.034
24.0 23.084
24.0 23.192
24.0 23.188
24.0 22.976
24.0 23.16
24.0 23.32
24.0 23.282
24.0 23.136
24.0 22.972
24.0 23.108
24.0 23.034
24.0 23.282
24.0 23.252
24.0 22.974
24.0 23.122
24.0 23.352
50
7.0 -35.258
13.5 -5.906
16.5 3.948
16.5 8.488
16.5 11.48
19.5 13.464
19.5 14.872
20.5 16.05
21.0 16.846
21.0 17.884
21.0 18.826
21.5 19.5
21.5 20.078
21.5 20.096
21.5 20.642
21.5 20.846
21.5 20.87
21.5 20.954
21.5 20.888
21.5 20.894
21.5 20.842
21.5 20.804
21.5 20.92
21.5 20.828
21.5 20.868
21.5 20.884
21.5 20.924
21.5 20.934
21.5 21.024
21.5 20.942
21.5 20.814
21.5 20.756
21.5 20.97
21.5 20.988
21.5 20.924
21.5 20.818
21.5 20.91
21.5 20.864
21.5 20.908
21.5 20.826
21.5 20.836
21.5 20.986
21.5 21.002
21.5 20.9
21.5 20.808
21.5 20.998
21.5 20.836
21.5 20.984
21.5 20.952
21.5 20.936
50
8.0 -40.566
12.5 -7.836
15.0 3.774
16.5 9.674
17.5 12.824
18.0 14.45
19.5 15.68
19.5 16.204
20.0 17.168
21.5 17.464
21.5 18.4
21.5 19.082
22.0 19.606
22.0 20.862
22.0 20.932
22.5 20.79
22.5 20.856
22.5 21.116
24.0 21.436
24.0 22.046
24.0 22.038
24.0 22.614
24.0 22.93
24.0 23.12
24.0 23.184
24.0 23.056
24.0 23.386
24.0 23.37
24.0 23.26
24.0 23.274
24.0 23.198
24.0 23.182
24.0 23.232
24.0 23.218
24.0 23.452
24.0 23.296
24.0 23.266
24.0 23.138
24.0 22.928
24.0 23.138
24.0 23.284
24.0 23.176
24.0 23.448
24.0 23.216
24.0 23.302
24.0 23.33
24.0 23.208
24.0 23.344
24.0 23.23
24.0 23.23
50
7.5 -40.624
9.5 -8.04
19.0 3.696
19.0 7.548
19.0 11.434
19.0 13.66
19.5 16.406
19.5 17.782
20.0 18.386
20.0 18.588
23.0 19.058
23.0 19.25
23.0 19.752
23.0 20.504
23.0 21.388
24.0 21.694
24.0 22.074
24.0 21.944
24.0 22.024
24.0 22.19
24.0 22.146
24.0 22.834
24.0 23.152
24.0 23.094
24.0 23.178
24.0 23.364
24.0 23.152
24.0 23.26
24.0 23.144
24.0 23.234
24.0 23.252
24.0 23.026
24.0 23.406
24.0 23.284
24.0 23.19
24.0 23.362
24.0 23.3
24.0 23.26
24.0 23.242
24.0 22.99
24.0 23.278
24.0 23.204
24.0 23.296
24.0 23.316
24.0 23.148
24.0 23.3
24.0 23.172
24.0 23.14
24.0 23.058
24.0 22.968
50
8.0 -35.774
10.0 -5.27
14.5 3.994
16.0 8.762
16.5 11.658
18.5 13.584
20.0 14.618
20.0 16.368
20.5 17.78
21.5 18.6
22.0 19.418
22.5 19.694
22.5 20.552
23.0 21.116
23.0 21.418
23.0 21.82
23.0 21.962
23.0 21.842
23.0 22.15
23.0 22.302
23.0 22.602
23.0 22.162
23.0 22.326
23.0 22.328
23.0 22.186
23.0 22.254
23.0 22.196
23.0 22.322
23.0 22.12
23.0 22.282
23.0 22.194
23.0 22.398
23.0 22.212
23.0 22.38
23.0 22.332
23.0 22.286
23.0 22.344
23.0 22.432
23.0 22.106
23.0 22.242
23.0 22.314
23.0 22.468
23.0 22.234
23.0 22.222
23.0 22.388
23.0 22.186
23.0 22.242
23.0 22.314
23.0 22.274
23.0 22.364
50
10.0 -38.424
12.5 -7.406
16.0 4.558
17.0 9.232
17.5 12.47
18.5 13.872
18.5 15.262
19.0 15.958
19.5 16.632
20.5 16.978
20.5 17.984
21.5 18.82
22.5 19.402
22.5 19.994
23.0 20.792
23.0 21.142
23.5 21.676
23.5 22.046
23.5 22.074
23.5 22.246
24.0 22.318
24.0 22.708
24.0 22.4
24.0 22.856
24.0 22.986
24.0 23.138
24.0 23.118
24.0 22.782
24.0 23.108
24.0 23.126
24.0 23.302
24.0 23.162
24.0 23.308
24.0 23.276
24.0 23.198
24.0 22.91
24.0 23.352
24.0 23.204
24.0 23.37
24.0 23.322
24.0 23.196
24.0 23.28
24.0 23.054
24.0 23.246
24.0 23.352
24.0 23.468
24.0 23.188
24.0 23.35
24.0 23.272
24.0 23.382
50
11.0 -35.378
13.0 -4.954
15.5 6.342
17.0 9.986
18.5 13.146
19.0 15.1
19.5 16.058
20.5 17.05
20.5 17.988
21.5 18.472
21.5 19.17
22.0 19.846
22.0 20.284
22.0 20.82
22.5 20.95
23.0 21.256
23.0 21.488
23.0 21.742
23.0 22.152
23.0 22.19
23.0 22.4
23.0 22.35
23.0 22.288
23.0 22.336
23.0 22.278
23.0 22.33
23.0 22.282
24.0 22.374
24.0 22.286
24.0 22.356
24.0 22.346
24.0 22.418
24.0 22.95
24.0 22.62
24.0 23.252
24.0 23.128
24.0 23.216
24.0 23.136
24.0 23.09
24.0 23.398
24.0 23.478
24.0 23.134
24.0 23.342
24.0 23.262
24.0 23.34
24.0 23.242
24.0 23.332
24.0 23.244
24.0 23.298
24.0 23.358
50
10.5 -37.652
13.0 -6.76
15.0 3.968
17.0 9.458
19.0 12.582
19.0 15.106
20.5 16.5
21.0 17.57
21.0 18.54
22.5 19.376
23.0 20.16
24.0 21.09
24.0 21.67
24.0 21.802
24.0 22.122
24.0 22.426
24.0 22.5
24.0 22.748
24.0 23.41
24.0 23.274
24.0 22.978
24.0 23.318
24.0 23.172
24.0 23.106
24.0 23.264
24.0 23.102
24.0 23.332
24.0 22.874
24.0 23.206
24.0 23.016
24.0 23.168
24.0 23.296
24.0 23.048
24.0 23.078
24.0 23.014
24.0 23.308
24.0 23.196
24.0 23.308
24.0 23.214
24.0 23.078
24.0 23.418
24.0 23.202
24.0 23.322
24.0 23.034
24.0 23.28
24.0 23.1
24.0 23.23
24.0 23.394
24.0 23.19
24.0 23.176
50
13.0 -37.638
13.5 -6.502
16.0 5.186
17.5 10.682
17.5 13.438
17.5 14.974
18.0 15.264
18.5 15.81
19.5 16.126
20.0 16.654
20.0 17.014
20.0 17.446
20.5 18.376
21.0 18.712
21.0 19.166
21.5 19.31
21.5 19.432
21.5 19.994
22.0 20.404
22.0 20.258
22.0 20.808
22.0 21.014
22.0 21.084
22.0 21.22
22.0 21.41
23.0 21.088
23.0 21.188
23.0 21.174
23.0 21.286
23.0 21.408
23.0 21.424
23.0 22.082
23.0 22.052
23.0 22.388
23.0 22.054
23.0 22.154
23.0 22.192
23.0 21.904
23.0 22.318
23.0 22.15
23.0 22.258
23.0 22.282
23.0 22.304
23.0 22.166
23.0 22.38
23.0 22.152
23.0 22.262
23.0 22.156
23.0 22.274
23.0 22.042

Individual: [1, 7, 8, 10, 11, 17, 18, 20, 21, 37, 38, 40, 45, 46, 48, 49]
   Fitness: 23.0
     Total: 16
Violations: 1 1

Individual: [3, 4, 6, 7, 12, 13, 15, 16, 32, 33, 35, 36, 42, 43, 46, 47]
   Fitness: 24.0
     Total: 16
Violations: 0 0

Individual: [1, 3, 7, 9, 10, 12, 31, 32, 35, 36, 37, 45, 46, 48, 49]
   Fitness: 21.5
     Total: 15
Violations: 1 1

Individual: [1, 4, 5, 8, 13, 14, 16, 17, 34, 35, 37, 38, 43, 44, 46, 47]
   Fitness: 24.0
     Total: 16
Violations: 0 0

Individual: [2, 4, 7, 8, 11, 13, 16, 17, 33, 34, 36, 37, 44, 45, 47, 48]
   Fitness: 24.0
     Total: 16
Violations: 0 0

Individual: [1, 2, 7, 9, 10, 14, 15, 17, 34, 35, 37, 38, 44, 45, 47, 48]
   Fitness: 23.0
     Total: 16
Violations: 1 1

Individual: [1, 2, 4, 5, 11, 13, 14, 16, 35, 36, 39, 41, 44, 45, 48, 50]
   Fitness: 24.0
     Total: 16
Violations: 0 0

Individual: [6, 7, 9, 10, 16, 17, 19, 20, 36, 37, 39, 40, 46, 47, 49, 50]
   Fitness: 24.0
     Total: 16
Violations: 0 0

Individual: [1, 4, 8, 10, 11, 13, 17, 20, 28, 35, 37, 38, 40, 44, 47, 49]
   Fitness: 24.0
     Total: 16
Violations: 0 0

Individual: [2, 4, 8, 13, 15, 16, 21, 23, 35, 36, 39, 41, 44, 45, 48, 50]
   Fitness: 23.0
     Total: 16
Violations: 1 1
