10
500
12.0 -36.957
13.0 -10.841
15.0 -0.703
17.5 5.238
19.0 7.671
19.0 9.754
19.5 11.166
19.5 11.359
20.0 11.965
20.5 12.184
20.5 12.93
20.5 12.369
21.5 13.425
21.5 13.183
22.0 13.721
22.0 13.472
22.0 12.197
22.5 13.353
23.0 13.864
23.0 13.917
23.0 13.659
23.0 14.33
23.0 13.944
23.0 14.41
23.0 14.622
23.5 14.215
23.5 14.411
23.5 14.766
23.5 14.611
23.5 14.448
23.5 14.436
23.5 14.281
23.5 13.829
24.0 14.01
24.0 14.062
24.0 13.607
24.0 14.198
24.0 14.147
24.0 14.662
24.0 14.528
24.0 14.723
24.0 14.864
24.0 15.295
24.0 14.699
24.0 15.02
24.0 14.665
24.0 13.717
24.0 14.484
24.0 14.285
24.0 14.731
24.0 14.559
24.0 13.795
24.0 14.51
24.0 14.757
24.0 14.654
24.0 14.56
24.0 15.141
24.0 13.919
24.0 14.73
24.0 14.668
24.0 14.587
24.0 14.483
24.0 14.127
24.0 14.933
24.0 15.397
24.0 15.961
24.0 15.356
24.0 15.62
24.0 15.419
24.0 15.81
24.0 15.243
24.0 15.425
24.0 15.863
24.0 15.95
24.0 15.438
24.0 15.128
24.0 15.314
24.0 14.754
24.0 15.966
24.0 16.492
24.0 16.157
24.0 15.583
24.0 15.283
24.0 14.858
24.0 15.6
24.0 15.122
24.0 15.885
24.0 15.597
24.0 15.565
24.0 15.58
24.0 15.85
24.0 16.449
24.0 15.382
24.0 15.254
24.0 16.119
24.0 15.593
24.0 15.777
24.0 15.536
24.0 15.352
24.0 15.465
24.0 14.997
24.0 15.467
24.0 15.648
24.0 16.249
24.0 15.296
24.0 15.686
24.0 15.894
24.0 15.782
24.0 16.28
24.0 15.772
24.0 15.786
24.0 15.381
24.0 14.697
24.0 16.095
24.0 15.596
24.0 15.125
24.0 15.141
24.0 14.559
24.0 15.522
24.0 15.456
24.0 15.937
24.0 15.406
24.0 15.62
24.0 15.091
24.0 15.51
24.0 15.666
24.0 15.99
24.0 15.998
24.0 16.049
24.0 16.289
24.0 16.069
24.0 16.151
24.0 15.462
24.0 15.66
24.0 15.917
24.0 15.785
24.0 16.049
24.0 15.504
24.0 15.116
24.0 15.645
24.0 15.512
24.0 16.026
24.0 15.813
24.0 16.001
24.0 15.412
24.0 15.616
24.0 15.366
24.0 15.88
24.0 15.484
24.0 15.582
24.0 15.42
24.0 16.098
24.0 15.599
24.0 15.951
24.0 14.473
24.0 15.9
24.0 16.526
24.0 16.221
24.0 15.787
24.0 15.445
24.0 15.842
24.0 15.976
24.0 15.166
24.0 15.983
24.0 15.99
24.0 15.531
24.0 15.913
24.0 16.241
24.0 15.657
24.0 15.631
24.0 14.539
24.0 15.386
24.0 15.678
24.0 15.626
24.0 15.721
24.0 16.044
24.0 14.991
24.0 14.647
24.0 15.759
24.0 15.471
24.0 15.618
24.0 15.521
24.0 15.711
24.0 15.693
24.0 15.752
24.0 16.173
24.0 16.289
24.0 15.47
24.0 15.286
24.0 15.261
24.0 15.027
24.0 14.643
24.0 15.946
24.0 16.308
24.0 15.349
24.0 16.036
24.0 16.287
24.0 15.637
24.0 15.476
24.0 16.029
24.0 15.48
24.0 14.933
24.0 15.96
24.0 15.934
24.0 15.769
24.0 15.929
24.0 15.69
24.0 16.005
24.0 15.881
24.0 15.538
24.0 15.369
24.0 15.508
24.0 15.87
24.0 15.745
24.0 15.769
24.0 15.901
24.0 15.603
24.0 15.983
24.0 15.771
24.0 15.803
24.0 16.192
24.0 15.945
24.0 15.506
24.0 15.876
24.0 15.109
24.0 16.275
24.0 16.268
24.0 15.534
24.0 15.52
24.0 15.201
24.0 15.86
24.0 16.03
24.0 15.982
24.0 16.492
24.0 15.882
24.0 15.922
24.0 15.356
24.0 15.725
24.0 15.649
24.0 14.849
24.0 14.986
24.0 15.558
24.0 16.157
24.0 16.263
24.0 15.349
24.0 15.826
24.0 15.791
24.0 16.018
24.0 15.899
24.0 15.814
24.0 16.278
24.0 16.234
24.0 15.234
24.0 16.024
24.0 15.971
24.0 15.613
24.0 15.643
24.0 16.082
24.0 15.811
24.0 15.852
24.0 15.464
24.0 15.146
24.0 15.088
24.0 15.592
24.0 15.715
24.0 15.849
24.0 15.926
24.0 15.765
24.0 16.12
24.0 15.92
24.0 15.081
24.0 15.636
24.0 15.587
24.0 15.197
24.0 15.334
24.0 15.528
24.0 15.58
24.0 15.905
24.0 16.001
24.0 15.585
24.0 15.09
24.0 15.312
24.0 15.809
24.0 14.715
24.0 15.631
24.0 15.325
24.0 15.6
24.0 15.956
24.0 15.46
24.0 15.946
24.0 16.04
24.0 15.845
24.0 15.435
24.0 15.746
24.0 15.29
24.0 15.249
24.0 15.072
24.0 15.553
24.0 15.369
24.0 15.438
24.0 15.951
24.0 15.904
24.0 15.314
24.0 16.213
24.0 15.896
24.0 15.974
24.0 16.366
24.0 15.215
24.0 14.641
24.0 15.926
24.0 15.422
24.0 15.687
24.0 15.477
24.0 15.641
24.0 15.295
24.0 15.789
24.0 15.108
24.0 15.543
24.0 15.117
24.0 15.487
24.0 15.216
24.0 15.175
24.0 15.302
24.0 15.684
24.0 15.283
24.0 15.392
24.0 15.861
24.0 15.79
24.0 15.744
24.0 15.17
24.0 15.421
24.0 15.904
24.0 15.336
24.0 15.194
24.0 15.28
24.0 15.325
24.0 15.17
24.0 15.447
24.0 15.734
24.0 15.919
24.0 15.828
24.0 15.803
24.0 15.509
24.0 15.571
24.0 15.718
24.0 15.418
24.0 15.493
24.0 14.618
24.0 15.625
24.0 16.303
24.0 15.474
24.0 16.363
24.0 15.367
24.0 15.82
24.0 15.961
24.0 15.279
24.0 16.416
24.0 15.85
24.0 15.405
24.0 15.699
24.0 15.241
24.0 15.703
24.0 14.84
24.0 15.449
24.0 15.577
24.0 15.527
24.0 15.374
24.0 15.103
24.0 14.808
24.0 15.133
24.0 15.846
24.0 16.168
24.0 15.716
24.0 15.763
24.0 16.153
24.0 16.314
24.0 15.735
24.0 15.825
24.0 16.261
24.0 15.705
24.0 16.049
24.0 14.358
24.0 15.858
24.0 15.795
24.0 15.793
24.0 16.434
24.0 15.943
24.0 15.975
24.0 16.289
24.0 14.982
24.0 14.892
24.0 15.89
24.0 15.491
24.0 15.299
24.0 15.56
24.0 15.376
24.0 15.596
24.0 15.677
24.0 16.033
24.0 15.559
24.0 15.4
24.0 15.746
24.0 15.541
24.0 16.233
24.0 15.218
24.0 15.541
24.0 14.924
24.0 14.623
24.0 15.344
24.0 15.432
24.0 15.779
24.0 16.609
24.0 16.179
24.0 15.774
24.0 16.303
24.0 16.092
24.0 16.144
24.0 15.831
24.0 16.1
24.0 16.108
24.0 15.963
24.0 15.802
24.0 15.984
24.0 15.549
24.5 16.159
24.5 16.206
24.5 16.18
24.5 16.266
24.5 15.583
24.5 15.295
24.5 15.704
24.5 15.412
24.5 15.681
24.5 15.871
24.5 15.815
24.5 15.969
24.5 15.795
24.5 15.341
24.5 15.341
24.5 15.523
24.5 14.869
24.5 15.714
24.5 16.111
24.5 15.546
24.5 15.416
24.5 15.797
24.5 14.21
24.5 15.563
24.5 15.529
24.5 14.896
24.5 16.02
24.5 15.437
24.5 15.161
24.5 14.797
24.5 15.147
24.5 15.835
24.5 15.929
24.5 14.842
24.5 15.044
24.5 15.524
24.5 15.934
24.5 14.762
24.5 16.284
24.5 15.257
24.5 15.626
24.5 15.597
24.5 15.779
24.5 15.122
24.5 15.314
24.5 15.645
24.5 15.628
24.5 15.813
24.5 15.92
24.5 15.46
24.5 15.389
24.5 14.66
24.5 15.7
24.5 15.689
24.5 15.889
24.5 15.115
24.5 15.739
24.5 15.756
24.5 15.289
24.5 14.724
24.5 15.675
24.5 14.929
24.5 15.61
24.5 15.368
24.5 15.329
24.5 15.559
24.5 15.472
24.5 15.494
24.5 15.732
24.5 15.864
24.5 16.118
24.5 15.879
24.5 14.769
24.5 15.191
24.5 15.073
24.5 14.48
500
11.0 -36.251
15.5 -8.511
16.5 0.254
17.0 4.991
20.0 8.418
20.0 10.042
20.0 11.409
20.0 11.396
20.0 10.973
20.0 12.639
20.0 12.586
21.0 12.798
21.0 12.379
21.0 12.621
21.0 12.931
21.5 12.876
22.0 13.362
24.0 13.329
24.0 14.272
24.0 13.737
24.0 14.391
24.0 13.966
24.0 13.84
24.0 13.794
24.0 14.396
24.0 14.461
24.0 14.277
24.0 14.986
24.0 14.678
24.0 14.227
24.0 15.37
24.0 15.014
24.0 15.091
24.0 15.754
24.0 15.685
24.0 15.239
24.0 15.608
24.0 15.312
24.0 15.384
24.0 15.718
24.0 16.12
24.0 15.921
24.0 15.785
24.0 14.813
24.0 15.727
24.0 15.859
24.0 16.198
24.0 15.723
24.0 15.905
24.0 16.188
24.0 16.206
24.0 16.415
24.0 15.393
24.0 15.721
24.0 15.753
24.0 15.989
24.0 15.95
24.0 15.225
24.0 15.813
24.0 16.128
24.0 16.675
24.0 16.259
24.0 16.022
24.0 15.818
24.0 15.284
24.0 15.851
24.0 15.24
24.0 15.322
24.0 15.716
24.0 15.741
24.0 16.084
24.0 15.794
24.0 16.158
24.0 16.346
24.0 16.68
24.0 16.316
24.0 16.056
24.0 15.666
24.0 15.728
24.0 15.907
24.0 16.383
24.0 16.09
24.0 16.347
24.0 16.441
24.0 16.108
24.0 15.835
24.0 16.633
24.0 16.153
24.0 15.823
24.0 16.068
24.0 15.645
24.0 15.762
24.0 15.566
24.0 16.123
24.0 16.17
24.0 16.172
24.0 15.82
24.0 15.265
24.0 15.608
24.0 15.117
24.0 15.516
24.0 15.525
24.0 15.15
24.0 15.961
24.0 15.919
24.0 15.445
24.0 15.891
24.0 15.333
24.0 15.427
24.0 16.03
24.0 15.463
24.0 16.326
24.0 16.203
24.0 15.847
24.0 16.244
24.0 15.693
24.0 15.921
24.0 15.536
24.0 15.602
24.0 15.663
24.0 16.178
24.0 16.147
24.0 15.988
24.0 16.214
24.0 15.907
24.0 16.468
24.0 16.662
24.0 16.44
24.0 15.841
24.0 16.429
24.0 15.575
24.0 15.419
24.0 15.991
24.0 15.464
24.0 15.565
24.0 15.65
24.0 16.436
24.0 15.452
24.0 15.501
24.0 16.155
24.0 15.415
24.0 15.349
24.0 15.711
24.0 15.525
24.0 15.524
24.0 15.72
24.0 14.807
24.0 16.058
24.0 14.652
24.0 15.177
24.0 14.628
24.0 15.917
24.0 16.152
24.0 15.866
24.0 16.22
24.0 15.477
24.0 15.826
24.0 15.745
24.0 14.926
24.0 15.615
24.0 15.381
24.0 15.407
24.0 15.742
24.0 15.705
24.0 16.7
24.0 16.254
24.0 15.985
24.0 16.064
24.0 16.457
24.0 16.335
24.0 15.767
24.0 15.895
24.0 16.39
24.0 15.651
24.0 15.341
24.0 16.268
24.0 15.835
24.0 16.034
24.0 16.005
24.0 15.742
24.0 15.066
24.0 15.58
24.0 16.011
24.0 15.971
24.0 15.175
24.0 15.336
24.0 15.615
24.0 16.452
24.0 16.24
24.0 16.198
24.0 15.508
24.0 15.275
24.0 15.772
24.0 16.23
24.0 16.731
24.0 15.251
24.0 16.158
24.0 16.288
24.0 14.848
24.0 15.744
24.0 15.634
24.0 15.469
24.0 15.804
24.0 15.448
24.0 16.011
24.0 16.087
24.0 16.093
24.0 16.306
24.0 15.519
24.0 16.077
24.0 15.947
24.0 15.873
24.0 15.992
24.0 16.421
24.0 15.663
24.0 15.291
24.0 15.488
24.0 16.34
24.0 16.027
24.0 16.136
24.0 15.965
24.0 16.427
24.0 16.021
24.0 16.705
24.0 16.827
24.0 16.411
24.0 15.962
24.0 16.356
24.0 15.896
24.0 15.217
24.0 16.206
24.0 16.078
24.0 15.581
24.0 15.439
24.0 15.097
24.0 15.522
24.0 15.838
24.0 15.736
24.0 15.599
24.0 16.042
24.0 15.247
24.0 15.416
24.0 15.628
24.0 15.938
24.0 15.567
24.0 15.262
24.0 15.727
24.0 15.819
24.0 15.503
24.0 15.873
24.0 16.546
24.0 15.768
24.0 15.479
24.0 16.325
24.0 16.159
24.0 16.067
24.0 15.855
24.0 16.356
24.0 16.394
24.0 16.29
24.0 16.413
24.0 16.361
24.0 15.484
24.0 15.709
24.0 15.334
24.0 15.613
24.0 15.881
24.0 15.457
24.0 16.122
24.0 16.014
24.0 16.478
24.0 16.092
24.0 15.969
24.0 15.962
24.0 16.016
24.0 15.994
24.0 15.91
24.0 15.778
24.0 16.012
24.0 16.228
24.0 15.972
24.0 15.302
24.0 15.283
24.0 15.876
24.0 15.771
24.0 15.613
24.0 16.233
24.0 16.282
24.0 16.064
24.0 15.455
24.0 16.498
24.0 15.382
24.0 15.845
24.0 15.619
24.0 15.562
24.0 16.09
24.0 15.827
24.0 16.043
24.0 16.091
24.0 15.968
24.0 15.602
24.0 15.435
24.0 15.771
24.0 16.196
24.0 16.649
24.0 16.5
24.0 16.147
24.0 15.762
24.0 16.043
24.0 15.84
24.0 15.708
24.0 15.726
24.0 15.826
24.0 16.777
24.0 16.091
24.0 15.49
24.0 15.647
24.0 15.637
24.0 16.083
24.0 14.938
24.0 15.066
24.0 16.199
24.0 16.324
24.0 16.065
24.0 16.223
24.0 16.305
24.0 16.263
24.0 16.167
24.0 15.473
24.0 15.457
24.0 16.102
24.0 15.817
24.0 16.414
24.0 15.065
24.0 15.677
24.0 15.114
24.0 16.214
24.0 16.241
24.0 16.232
24.0 16.117
24.0 16.012
24.0 15.734
24.0 15.763
24.0 15.621
24.0 16.406
24.0 16.016
24.0 15.943
24.0 16.256
24.0 15.817
24.0 15.743
24.0 15.532
24.0 15.532
24.0 15.446
24.0 16.218
24.0 15.636
24.0 15.912
24.0 15.32
24.0 15.805
24.0 15.588
24.0 15.603
24.0 15.396
24.0 16.352
24.0 16.422
24.0 15.993
24.0 15.884
24.0 15.257
24.0 15.346
24.0 15.112
24.0 16.046
24.0 15.959
24.0 16.214
24.0 16.424
24.0 16.879
24.0 16.267
24.0 15.961
24.0 15.461
24.0 16.048
24.0 16.479
24.0 16.202
24.0 16.409
24.0 15.314
24.0 15.648
24.0 15.58
24.0 16.131
24.0 16.177
24.0 15.637
24.0 16.332
24.0 15.994
24.0 15.956
24.0 16.217
24.0 15.479
24.0 16.046
24.0 15.005
24.0 15.693
24.0 15.77
24.0 15.851
24.0 15.563
24.0 15.52
24.0 15.314
24.0 14.678
24.0 15.759
24.0 15.946
24.0 15.728
24.0 15.754
24.0 15.057
24.0 15.448
24.0 15.794
24.0 16.197
24.0 15.411
24.0 16.099
24.0 15.299
24.0 15.835
24.0 16.501
24.0 15.966
24.0 15.304
24.0 16.186
24.0 16.463
24.0 15.956
24.0 14.718
24.0 15.512
24.0 16.003
24.0 16.26
24.0 16.043
24.0 16.118
24.0 16.17
24.0 16.152
24.0 15.316
24.0 15.634
24.0 15.948
24.0 15.663
24.0 15.886
24.0 15.88
24.0 15.853
24.0 15.628
24.0 15.155
24.0 16.165
24.0 15.967
24.0 15.981
24.0 16.016
24.0 16.272
24.0 16.192
24.0 15.967
24.0 16.23
24.0 16.383
24.0 16.059
24.0 16.242
24.0 15.997
24.0 16.059
24.0 16.035
24.0 15.94
24.0 16.016
24.0 16.214
24.0 15.846
24.0 16.297
24.0 15.394
24.0 16.055
24.0 15.408
24.0 15.17
24.0 15.977
24.0 15.413
24.0 15.364
24.0 15.628
24.0 15.987
24.0 15.823
24.0 15.708
24.0 16.377
24.0 16.344
24.0 16.453
24.0 16.009
24.0 16.606
24.0 16.552
24.0 16.024
24.0 16.434
24.0 15.302
24.0 15.291
24.0 16.086
24.0 14.261
24.0 15.397
24.0 15.509
24.0 15.151
24.0 14.994
24.0 15.593
24.0 15.665
24.0 16.206
24.0 16.28
24.0 16.117
24.0 16.407
24.0 16.249
24.0 15.854
24.0 16.03
24.0 15.304
24.0 15.752
24.0 16.005
24.0 16.274
24.0 15.516
24.0 16.393
24.0 16.167
24.0 15.843
24.0 15.831
24.0 16.44
500
12.0 -37.373
16.0 -10.516
16.0 0.07
18.0 5.853
18.5 9.273
20.5 10.564
20.5 10.959
20.5 10.539
20.5 12.583
20.5 12.817
20.5 12.536
20.5 12.673
20.5 13.398
21.5 13.638
21.5 14.018
22.0 13.258
22.0 13.465
22.0 12.996
22.0 13.994
22.0 14.226
22.5 14.21
24.0 14.351
24.0 14.691
24.0 14.682
24.0 14.326
24.0 14.542
24.0 14.923
24.0 15.211
24.0 14.881
24.0 14.635
24.0 14.739
24.0 14.922
24.0 14.878
24.0 14.479
24.0 14.678
24.0 13.642
24.0 15.007
24.5 14.875
24.5 15.476
24.5 15.438
24.5 14.935
24.5 14.851
24.5 15.454
24.5 15.644
24.5 15.752
24.5 15.092
24.5 15.683
24.5 16.023
24.5 15.902
24.5 15.572
24.5 15.114
24.5 15.25
24.5 16.317
24.5 16.218
24.5 15.759
24.5 15.506
24.5 15.511
24.5 15.627
24.5 15.09
24.5 16.228
24.5 15.347
24.5 15.372
24.5 15.375
24.5 15.367
24.5 15.97
24.5 15.398
24.5 15.682
24.5 15.601
24.5 15.429
24.5 15.828
24.5 16.209
24.5 15.991
24.5 15.797
24.5 16.912
24.5 15.878
24.5 15.427
24.5 15.804
24.5 15.343
24.5 16.129
24.5 15.952
24.5 14.763
24.5 15.075
24.5 15.432
24.5 15.165
24.5 15.148
24.5 15.423
24.5 15.866
24.5 15.089
24.5 15.872
24.5 15.248
24.5 15.092
24.5 15.683
24.5 15.752
24.5 16.094
24.5 16.164
24.5 16.035
24.5 15.988
24.5 15.908
24.5 15.757
24.5 16.122
24.5 16.277
24.5 15.593
24.5 15.209
24.5 14.529
24.5 14.665
24.5 15.997
24.5 16.45
24.5 15.864
24.5 16.131
24.5 16.214
24.5 15.67
24.5 16.074
24.5 16.049
24.5 15.933
24.5 15.833
24.5 16.092
24.5 15.904
24.5 15.645
24.5 15.727
24.5 15.704
24.5 15.598
24.5 15.795
24.5 16.306
24.5 15.401
24.5 15.782
24.5 16.072
24.5 15.986
24.5 15.58
24.5 15.654
24.5 15.857
24.5 16.314
24.5 15.6
24.5 16.48
24.5 16.128
24.5 16.673
24.5 16.097
24.5 15.834
24.5 15.47
24.5 15.561
24.5 15.711
24.5 15.795
24.5 16.375
24.5 15.814
24.5 15.367
24.5 15.509
24.5 15.933
24.5 15.642
24.5 15.964
24.5 15.504
24.5 15.84
24.5 16.086
24.5 15.781
24.5 15.428
24.5 15.507
24.5 15.584
24.5 15.662
24.5 16.142
24.5 15.753
24.5 16.459
24.5 15.143
24.5 15.197
24.5 16.207
24.5 16.278
24.5 15.565
24.5 15.523
24.5 16.479
24.5 15.9
24.5 15.903
24.5 16.064
24.5 15.444
24.5 16.115
24.5 14.53
24.5 15.753
24.5 15.574
24.5 15.906
24.5 15.729
24.5 16.166
24.5 16.81
24.5 15.899
24.5 16.056
24.5 16.28
24.5 15.255
24.5 16.404
24.5 15.77
24.5 15.115
24.5 14.848
24.5 15.763
24.5 16.26
24.5 16.301
24.5 16.444
24.5 15.95
24.5 16.117
24.5 16.142
24.5 16.237
24.5 14.907
24.5 15.718
24.5 15.765
24.5 16.626
24.5 16.142
24.5 16.347
24.5 15.416
24.5 15.528
24.5 16.045
24.5 16.13
24.5 15.677
24.5 15.13
24.5 15.793
24.5 15.228
24.5 16.04
24.5 16.112
24.5 16.039
24.5 15.606
24.5 15.88
24.5 16.029
24.5 16.193
24.5 15.661
24.5 15.153
24.5 16.727
24.5 15.884
24.5 15.034
24.5 15.581
24.5 16.246
24.5 16.153
24.5 15.614
24.5 16.695
24.5 16.934
24.5 16.311
24.5 16.092
24.5 16.276
24.5 16.558
24.5 16.092
24.5 16.132
24.5 15.821
24.5 15.554
24.5 16.341
24.5 16.854
24.5 16.039
24.5 16.038
24.5 16.134
24.5 15.533
24.5 15.19
24.5 15.807
24.5 16.379
24.5 16.289
24.5 16.634
24.5 16.513
24.5 15.958
24.5 16.405
24.5 16.267
24.5 15.425
24.5 15.333
24.5 15.451
24.5 16.215
24.5 16.354
24.5 16.098
24.5 15.261
24.5 15.475
24.5 15.411
24.5 15.486
24.5 15.444
24.5 16.001
24.5 15.207
24.5 15.164
24.5 15.418
24.5 15.443
24.5 15.213
24.5 15.28
24.5 15.992
24.5 15.515
24.5 15.537
24.5 16.271
24.5 15.709
24.5 15.937
24.5 15.433
24.5 15.337
24.5 15.935
24.5 15.909
24.5 16.24
24.5 16.22
24.5 16.186
24.5 16.563
24.5 16.714
24.5 16.053
24.5 15.703
24.5 15.336
24.5 15.555
24.5 15.673
24.5 16.402
24.5 15.945
24.5 16.692
24.5 16.428
24.5 15.572
24.5 15.78
24.5 16.189
24.5 15.678
24.5 16.045
24.5 15.922
24.5 15.756
24.5 15.835
24.5 15.881
24.5 15.216
24.5 15.769
24.5 15.677
24.5 16.054
24.5 15.769
24.5 15.426
24.5 15.561
24.5 15.392
24.5 15.69
24.5 15.823
24.5 16.092
24.5 15.332
24.5 16.084
24.5 15.618
24.5 15.021
24.5 15.472
24.5 15.921
24.5 15.651
24.5 16.056
24.5 15.628
24.5 15.416
24.5 16.088
24.5 15.525
24.5 15.75
24.5 16.305
24.5 15.878
24.5 16.138
24.5 15.793
24.5 15.818
24.5 15.124
24.5 15.281
24.5 15.325
24.5 15.023
24.5 16.408
24.5 15.638
24.5 15.968
24.5 15.538
24.5 16.39
24.5 16.642
24.5 16.138
24.5 15.971
24.5 15.915
24.5 16.25
24.5 16.066
24.5 16.089
24.5 16.014
24.5 16.579
24.5 15.84
24.5 16.19
24.5 15.128
24.5 16.562
24.5 16.147
24.5 16.583
24.5 15.971
24.5 16.319
24.5 15.232
24.5 15.629
24.5 16.023
24.5 15.574
24.5 14.763
24.5 15.919
24.5 15.932
24.5 16.228
24.5 15.676
24.5 16.002
24.5 15.82
24.5 16.043
24.5 16.301
24.5 16.253
24.5 16.174
24.5 16.087
24.5 15.187
24.5 16.396
24.5 15.795
24.5 16.266
24.5 15.749
24.5 15.482
24.5 16.084
24.5 15.752
24.5 15.644
24.5 15.324
24.5 16.062
24.5 15.843
24.5 15.021
24.5 15.205
24.5 16.116
24.5 14.834
24.5 15.885
24.5 16.367
24.5 16.277
24.5 15.369
24.5 15.58
24.5 14.97
24.5 15.868
24.5 15.671
24.5 15.906
24.5 15.625
24.5 16.062
24.5 16.19
24.5 16.425
24.5 15.716
24.5 16.132
24.5 15.622
24.5 15.943
24.5 14.642
24.5 15.442
24.5 15.774
24.5 15.521
24.5 16.531
24.5 15.701
24.5 15.46
24.5 16.312
24.5 15.586
24.5 15.482
24.5 15.576
24.5 15.452
24.5 15.43
24.5 15.237
24.5 15.475
24.5 15.481
24.5 15.411
24.5 15.069
24.5 15.318
24.5 16.022
24.5 15.544
24.5 15.313
24.5 16.278
24.5 15.384
24.5 16.194
24.5 15.941
24.5 15.722
24.5 15.039
24.5 15.109
24.5 16.134
24.5 14.983
24.5 15.362
24.5 15.588
24.5 15.902
24.5 15.5
24.5 16.391
24.5 15.83
24.5 16.104
24.5 15.406
24.5 15.919
24.5 15.975
24.5 16.004
24.5 16.315
24.5 16.388
24.5 16.041
24.5 16.036
24.5 16.269
24.5 16.219
24.5 15.901
24.5 16.177
24.5 16.063
24.5 15.973
24.5 15.526
24.5 16.535
24.5 16.188
24.5 15.59
24.5 15.442
24.5 15.581
24.5 16.083
24.5 15.696
24.5 15.093
24.5 14.751
24.5 15.531
24.5 15.142
24.5 15.512
24.5 15.522
24.5 15.882
24.5 16.056
24.5 15.751
24.5 15.701
24.5 15.092
24.5 16.679
24.5 16.358
24.5 15.667
24.5 15.76
24.5 15.57
24.5 15.837
24.5 15.785
24.5 16.063
24.5 16.211
24.5 15.233
24.5 16.064
24.5 15.494
24.5 15.426
24.5 15.885
24.5 15.913
24.5 15.859
24.5 15.619
24.5 15.572
24.5 16.296
24.5 15.441
24.5 16.005
24.5 16.433
24.5 15.306
24.5 16.034
24.5 15.905
500
9.5 -38.843
14.5 -10.945
17.5 0.752
17.5 4.892
19.0 8.428
19.0 9.874
19.0 10.726
19.0 11.226
20.5 11.702
20.5 12.088
20.5 12.063
20.5 12.275
21.0 12.335
21.0 12.939
21.0 13.736
21.0 13.138
21.0 13.453
21.0 13.454
21.0 13.661
21.0 13.756
21.5 14.432
21.5 13.908
21.5 14.125
23.0 12.981
23.0 13.554
23.0 13.582
23.0 14.155
23.0 14.403
23.0 13.867
23.0 13.396
23.0 13.098
24.0 13.919
24.0 14.803
24.0 14.077
24.0 14.649
24.0 15.544
24.0 15.502
24.0 15.238
24.0 15.59
24.0 15.857
24.0 15.332
24.0 16.059
24.0 15.267
24.0 15.068
24.0 15.184
24.0 15.529
24.0 14.539
24.0 14.669
24.0 15.346
24.0 16.154
24.0 15.486
24.0 15.877
24.0 15.974
24.0 15.827
24.0 16.089
24.0 15.998
24.0 14.799
24.0 15.166
24.0 15.225
24.0 15.978
24.0 15.24
24.0 15.762
24.0 15.76
24.0 15.801
24.0 15.621
24.0 15.819
24.0 15.936
24.0 15.778
24.0 15.219
24.0 16.374
24.0 16.227
24.0 15.46
24.5 15.819
24.5 16.22
24.5 15.906
24.5 15.79
24.5 15.899
24.5 15.741
24.5 15.605
24.5 15.472
24.5 15.165
24.5 15.553
24.5 14.946
24.5 15.253
24.5 14.399
24.5 14.666
24.5 14.958
24.5 15.004
24.5 15.732
24.5 14.987
24.5 15.55
24.5 15.281
24.5 15.321
24.5 15.894
24.5 15.659
24.5 15.328
24.5 15.794
24.5 15.525
24.5 15.165
24.5 15.209
24.5 15.082
24.5 15.376
24.5 15.593
24.5 15.187
24.5 15.774
24.5 15.247
24.5 15.933
24.5 15.293
24.5 15.268
24.5 15.248
24.5 15.043
24.5 15.727
24.5 15.716
24.5 15.18
24.5 14.775
24.5 14.65
24.5 14.993
24.5 15.729
24.5 15.967
24.5 15.418
24.5 15.617
24.5 15.791
24.5 15.748
24.5 14.732
24.5 16.131
24.5 15.489
24.5 16.091
24.5 16.176
24.5 15.095
24.5 14.868
24.5 14.891
24.5 15.255
24.5 15.456
24.5 15.707
24.5 15.605
24.5 15.86
24.5 15.547
24.5 16.07
24.5 15.297
24.5 15.533
24.5 15.211
24.5 15.674
24.5 15.412
24.5 15.247
24.5 15.404
24.5 14.439
24.5 14.343
24.5 15.578
24.5 15.301
24.5 15.348
24.5 15.464
24.5 15.458
24.5 15.533
24.5 15.789
24.5 14.675
24.5 15.33
24.5 15.79
24.5 16.209
24.5 15.884
24.5 15.15
24.5 15.934
24.5 15.63
24.5 15.984
24.5 15.015
24.5 15.719
24.5 16.021
24.5 15.062
24.5 14.944
24.5 15.249
24.5 15.491
24.5 15.097
24.5 15.876
24.5 14.478
24.5 16.261
24.5 16.139
24.5 15.899
24.5 15.121
24.5 15.842
24.5 15.311
24.5 15.988
24.5 16.204
24.5 16.214
24.5 16.039
24.5 15.384
24.5 15.326
24.5 15.407
24.5 15.529
24.5 15.538
24.5 16.18
24.5 15.926
24.5 15.826
24.5 15.284
24.5 15.409
24.5 16.341
24.5 15.838
24.5 16.011
24.5 15.092
24.5 15.505
24.5 15.732
24.5 15.901
24.5 14.461
24.5 15.545
24.5 15.222
24.5 15.053
24.5 14.675
24.5 15.518
24.5 15.702
24.5 16.276
24.5 16.035
24.5 15.388
24.5 16.217
24.5 15.574
24.5 15.287
24.5 15.536
24.5 15.819
24.5 16.012
24.5 15.154
24.5 15.853
24.5 16.212
24.5 16.051
24.5 15.88
24.5 16.331
24.5 16.316
24.5 15.572
24.5 16.036
24.5 16.247
24.5 15.704
24.5 16.371
24.5 14.942
24.5 15.97
24.5 15.793
24.5 15.185
24.5 15.818
24.5 16.101
24.5 15.619
24.5 16.062
24.5 15.842
24.5 15.766
24.5 15.847
24.5 15.462
24.5 15.301
24.5 16.0
24.5 15.866
24.5 15.829
24.5 15.281
24.5 15.415
24.5 15.693
24.5 15.321
24.5 15.122
24.5 15.904
24.5 15.743
24.5 15.591
24.5 15.166
24.5 15.371
24.5 14.906
24.5 14.527
24.5 15.562
24.5 15.127
24.5 15.895
24.5 15.573
24.5 14.775
24.5 14.919
24.5 15.763
24.5 16.375
24.5 16.0
24.5 16.47
24.5 16.068
24.5 16.052
24.5 15.932
24.5 15.779
24.5 16.053
24.5 16.278
24.5 15.994
24.5 15.477
24.5 15.249
24.5 16.152
24.5 15.734
24.5 15.44
24.5 15.46
24.5 15.32
24.5 15.0
24.5 15.62
24.5 15.599
24.5 15.701
24.5 15.028
24.5 15.277
24.5 15.598
24.5 15.787
24.5 16.12
24.5 16.043
24.5 15.92
24.5 14.206
24.5 15.688
24.5 15.21
24.5 15.252
24.5 15.682
24.5 15.454
24.5 15.271
24.5 15.196
24.5 15.654
24.5 14.672
24.5 15.892
24.5 15.534
24.5 15.552
24.5 15.945
24.5 15.742
24.5 15.54
24.5 15.574
24.5 15.368
24.5 15.485
24.5 15.588
24.5 14.614
24.5 15.783
24.5 15.83
24.5 15.411
24.5 15.84
24.5 14.902
24.5 15.747
24.5 14.646
24.5 15.175
24.5 15.381
24.5 15.284
24.5 16.282
24.5 16.004
24.5 15.196
24.5 15.423
24.5 15.139
24.5 15.472
24.5 15.556
24.5 15.382
24.5 15.051
24.5 15.441
24.5 15.131
24.5 15.273
24.5 16.235
24.5 15.857
24.5 14.988
24.5 14.967
24.5 15.478
24.5 15.41
24.5 15.517
24.5 15.095
24.5 15.429
24.5 15.68
24.5 15.337
24.5 15.183
24.5 15.584
24.5 15.821
24.5 16.099
24.5 15.064
24.5 15.694
24.5 14.773
24.5 15.219
24.5 14.666
24.5 14.886
24.5 14.808
24.5 15.673
24.5 14.906
24.5 15.39
24.5 15.328
24.5 16.07
24.5 15.457
24.5 14.453
24.5 14.714
24.5 14.994
24.5 15.373
24.5 15.488
24.5 14.631
24.5 14.889
24.5 15.289
24.5 15.844
24.5 16.355
24.5 15.476
24.5 15.934
24.5 15.624
24.5 15.5
24.5 14.816
24.5 15.377
24.5 15.319
24.5 16.319
24.5 15.496
24.5 15.838
24.5 16.149
24.5 15.089
24.5 15.247
24.5 15.733
24.5 15.274
24.5 16.065
24.5 15.479
24.5 15.832
24.5 15.615
24.5 15.79
24.5 15.466
24.5 15.78
24.5 15.919
24.5 16.133
24.5 16.097
24.5 15.179
24.5 15.562
24.5 15.609
24.5 14.957
24.5 14.1
24.5 15.381
24.5 15.595
24.5 14.976
24.5 15.246
24.5 15.16
24.5 15.342
24.5 15.241
24.5 15.063
24.5 14.998
24.5 15.707
24.5 15.481
24.5 15.91
24.5 16.173
24.5 15.853
24.5 16.409
24.5 15.359
24.5 15.081
24.5 15.688
24.5 14.781
24.5 14.874
24.5 15.401
24.5 15.942
24.5 15.87
24.5 15.085
24.5 15.973
24.5 15.393
24.5 14.666
24.5 15.475
24.5 15.816
24.5 16.304
24.5 15.826
24.5 16.166
24.5 15.532
24.5 14.735
24.5 14.576
24.5 14.743
24.5 15.518
24.5 14.594
24.5 14.953
24.5 15.372
24.5 16.0
24.5 15.347
24.5 16.039
24.5 15.922
24.5 15.685
24.5 15.402
24.5 15.637
24.5 15.319
24.5 15.671
24.5 15.145
24.5 15.48
24.5 15.41
24.5 16.071
24.5 15.667
24.5 15.868
24.5 16.592
24.5 15.874
24.5 15.505
24.5 15.187
24.5 14.674
24.5 15.677
24.5 15.337
24.5 16.551
24.5 15.648
24.5 15.41
24.5 16.014
24.5 16.238
24.5 15.82
24.5 15.626
24.5 15.318
24.5 15.262
24.5 15.063
24.5 14.632
24.5 15.422
24.5 15.219
24.5 15.507
24.5 14.755
24.5 15.331
24.5 15.223
24.5 15.201
24.5 15.95
24.5 15.168
24.5 15.561
24.5 15.599
24.5 15.821
24.5 15.193
24.5 15.586
24.5 15.265
24.5 15.015
24.5 15.447
24.5 15.66
24.5 15.955
24.5 15.619
24.5 15.548
24.5 15.824
24.5 14.969
24.5 15.343
24.5 15.625
500
10.0 -35.815
10.0 -10.963
16.5 -1.126
16.5 4.525
17.0 7.192
19.0 9.191
19.0 10.682
19.5 10.974
20.5 11.516
20.5 11.371
20.5 11.804
20.5 12.09
20.5 12.98
21.0 12.394
21.5 13.598
22.0 14.031
23.0 13.748
23.0 14.254
23.0 14.173
24.0 14.808
24.0 14.138
24.0 14.608
24.0 14.661
24.0 15.182
24.0 15.459
24.0 14.775
24.0 14.695
24.0 15.337
24.0 15.672
24.0 15.026
24.0 15.583
24.0 16.071
24.0 15.274
24.0 15.448
24.0 15.676
24.0 16.083
24.0 15.737
24.0 15.621
24.0 15.168
24.0 15.797
24.0 15.609
24.0 15.857
24.0 15.314
24.0 16.224
24.0 16.575
24.0 16.579
24.0 15.528
24.0 15.381
24.0 15.713
24.0 15.333
24.0 16.221
24.0 15.401
24.0 14.954
24.0 16.167
24.0 15.356
24.0 15.767
24.0 15.921
24.0 16.248
24.0 15.435
24.0 15.077
24.0 15.742
24.0 15.62
24.0 15.895
24.0 16.601
24.0 16.06
24.0 15.93
24.0 14.969
24.0 15.965
24.0 15.652
24.0 15.477
24.0 16.263
24.0 15.889
24.0 15.599
24.0 16.289
24.0 16.248
24.0 16.394
24.0 16.255
24.0 15.863
24.0 15.793
24.0 15.67
24.0 15.759
24.0 16.121
24.0 15.885
24.0 15.89
24.0 16.095
24.0 16.061
24.0 16.164
24.0 16.24
24.0 16.324
24.0 16.077
24.0 16.32
24.0 16.279
24.0 15.88
24.0 16.212
24.0 16.064
24.0 16.033
24.0 16.077
24.0 16.021
24.0 15.972
24.0 16.303
24.0 16.416
24.0 16.106
24.0 15.782
24.0 16.399
24.0 16.372
24.0 15.546
24.0 16.273
24.0 16.221
24.0 16.149
24.0 15.715
24.0 15.84
24.0 15.837
24.0 15.518
24.0 15.178
24.0 16.303
24.0 15.225
24.0 15.315
24.0 15.764
24.0 15.803
24.0 16.094
24.0 15.79
24.0 16.494
24.0 15.861
24.0 15.731
24.0 15.3
24.0 15.838
24.0 14.717
24.0 15.446
24.0 15.587
24.0 14.765
24.0 15.48
24.0 15.732
24.0 15.583
24.0 15.865
24.0 15.966
24.0 16.494
24.0 15.555
24.0 16.018
24.0 15.501
24.0 15.202
24.0 16.456
24.0 16.206
24.0 15.674
24.0 15.41
24.0 15.969
24.0 15.892
24.0 15.86
24.0 15.48
24.0 16.12
24.0 16.031
24.0 16.015
24.0 16.161
24.0 15.981
24.0 16.262
24.0 16.519
24.0 15.393
24.0 15.034
24.0 15.68
24.0 16.356
24.0 15.965
24.0 16.377
24.0 16.342
24.0 16.426
24.0 16.14
24.0 15.179
24.0 16.647
24.0 15.299
24.0 15.767
24.0 16.238
24.0 15.253
24.0 15.425
24.0 15.565
24.0 15.206
24.0 15.906
24.0 15.975
24.0 16.41
24.0 16.648
24.0 16.327
24.0 16.985
24.0 15.72
24.0 16.171
24.0 16.42
24.0 15.744
24.0 15.958
24.0 16.422
24.0 16.13
24.0 15.369
24.0 15.447
24.0 16.414
24.0 16.499
24.0 16.059
24.0 16.478
24.0 16.112
24.0 15.662
24.0 16.498
24.0 16.53
24.0 16.205
24.0 15.466
24.0 15.844
24.0 16.429
24.0 15.898
24.0 16.208
24.0 16.467
24.0 16.057
24.0 16.551
24.0 15.603
24.0 15.517
24.0 15.692
24.0 16.43
24.0 16.257
24.0 16.457
24.0 15.697
24.0 16.371
24.0 15.925
24.0 15.934
24.0 15.27
24.0 15.7
24.0 15.821
24.0 15.129
24.0 15.379
24.0 15.791
24.0 15.224
24.0 15.654
24.0 15.738
24.0 16.561
24.0 15.68
24.0 16.33
24.0 16.098
24.0 16.025
24.0 15.896
24.0 15.458
24.0 16.199
24.0 16.404
24.0 15.947
24.0 16.293
24.0 15.435
24.0 15.869
24.0 16.384
24.0 16.155
24.0 16.031
24.0 15.844
24.0 16.616
24.0 16.173
24.0 16.25
24.0 15.965
24.0 15.891
24.0 15.687
24.0 16.22
24.0 15.7
24.0 16.096
24.0 16.68
24.0 16.083
24.0 16.16
24.0 15.142
24.0 15.591
24.0 15.824
24.0 16.411
24.0 15.508
24.0 15.512
24.0 15.279
24.0 15.502
24.0 14.939
24.0 15.183
24.0 15.695
24.0 16.11
24.0 16.438
24.0 16.295
24.0 15.509
24.0 15.637
24.0 14.661
24.0 16.047
24.0 16.046
24.0 16.023
24.0 16.174
24.0 15.824
24.0 15.906
24.0 15.671
24.0 15.797
24.0 15.102
24.0 15.948
24.0 15.002
24.0 16.638
24.0 15.86
24.0 16.125
24.0 15.566
24.0 15.83
24.0 15.865
24.0 16.609
24.0 15.995
24.0 15.843
24.0 16.109
24.0 15.9
24.0 15.538
24.0 15.046
24.0 15.724
24.0 16.074
24.0 16.388
24.0 16.264
24.0 14.792
24.0 15.326
24.0 16.16
24.0 16.43
24.0 16.063
24.0 16.049
24.0 15.378
24.0 15.159
24.0 15.67
24.0 15.888
24.0 16.137
24.0 16.108
24.0 15.551
24.0 15.94
24.0 16.472
24.0 16.386
24.0 15.909
24.0 15.909
24.0 16.068
24.0 15.664
24.0 15.736
24.0 16.208
24.0 15.316
24.0 15.382
24.0 15.629
24.0 15.119
24.0 15.287
24.0 15.393
24.0 15.532
24.0 15.888
24.0 15.816
24.0 15.743
24.0 16.227
24.0 15.688
24.0 15.454
24.0 15.372
24.0 15.431
24.0 16.147
24.0 16.356
24.0 16.286
24.0 16.319
24.0 15.265
24.0 16.112
24.0 15.944
24.0 15.543
24.0 16.211
24.0 15.763
24.0 16.015
24.0 15.68
24.0 16.514
24.0 16.039
24.0 15.494
24.0 15.891
24.0 15.932
24.0 15.757
24.0 15.844
24.0 16.39
24.0 15.734
24.0 15.487
24.0 16.068
24.0 15.256
24.0 15.909
24.0 15.864
24.0 15.695
24.0 15.765
24.0 15.095
24.0 15.931
24.0 16.586
24.0 16.173
24.0 16.657
24.0 16.376
24.0 16.004
24.0 15.334
24.0 16.207
24.0 16.098
24.0 15.37
24.0 16.092
24.0 15.32
24.0 16.417
24.0 14.693
24.0 15.444
24.0 15.867
24.0 15.442
24.0 15.827
24.0 16.68
24.0 16.155
24.0 15.824
24.0 15.173
24.0 15.632
24.0 15.811
24.0 15.956
24.0 15.373
24.0 16.265
24.0 15.878
24.0 15.642
24.0 15.628
24.0 15.58
24.0 15.725
24.0 16.325
24.0 15.173
24.0 15.86
24.0 15.799
24.0 15.516
24.0 16.401
24.0 16.159
24.0 16.158
24.0 16.504
24.0 15.712
24.0 15.454
24.0 15.838
24.0 15.373
24.0 14.775
24.0 15.101
24.0 15.328
24.0 15.6
24.0 15.371
24.0 15.453
24.0 15.617
24.0 15.661
24.0 15.479
24.0 15.75
24.0 15.83
24.0 16.116
24.0 16.029
24.0 15.794
24.0 15.314
24.0 16.124
24.0 15.76
24.0 15.928
24.0 16.055
24.0 16.232
24.0 15.798
24.0 16.332
24.0 15.529
24.0 15.686
24.0 16.1
24.0 15.277
24.0 15.433
24.0 15.476
24.0 16.249
24.0 16.284
24.0 16.212
24.0 16.243
24.0 15.953
24.0 16.399
24.0 15.735
24.0 15.468
24.0 16.028
24.0 15.8
24.0 15.84
24.0 15.898
24.0 15.699
24.0 16.345
24.0 16.523
24.0 15.93
24.0 16.094
24.0 16.036
24.0 15.248
24.0 15.785
24.0 15.752
24.0 16.377
24.0 15.349
24.0 15.923
24.0 15.894
24.0 16.001
24.0 15.617
24.0 16.004
24.0 15.982
24.0 15.701
24.0 15.884
24.0 16.17
24.0 16.241
24.0 16.318
24.0 15.984
24.0 15.998
24.0 15.777
24.0 16.191
24.0 16.316
24.0 16.528
24.0 15.995
24.0 16.232
24.0 16.17
24.0 16.131
24.0 15.028
24.0 14.241
24.0 14.978
24.0 15.827
24.0 15.74
24.0 15.976
24.0 15.806
24.0 15.892
24.0 16.311
24.0 16.215
24.0 14.97
24.0 15.746
24.0 16.601
24.0 15.997
24.0 16.247
24.0 16.077
24.0 15.976
24.0 15.766
24.0 16.613
500
14.0 -37.505
14.0 -10.581
16.0 0.606
17.5 6.547
19.0 9.341
20.5 9.985
22.5 11.313
22.5 11.287
22.5 11.424
22.5 12.002
22.5 12.098
22.5 11.747
22.5 12.569
22.5 12.774
22.5 13.371
22.5 13.436
22.5 13.34
22.5 12.997
23.0 13.29
23.0 14.017
24.0 14.247
24.0 13.668
24.0 14.332
24.0 13.61
24.0 14.125
24.0 14.101
24.0 14.017
24.0 14.527
24.0 14.383
24.0 14.488
24.0 14.98
24.0 14.858
24.0 14.53
24.0 14.44
24.0 14.62
24.0 14.849
24.0 15.171
24.0 14.763
24.0 14.702
24.0 14.458
24.0 14.827
24.0 14.931
24.0 15.719
24.0 14.63
24.0 15.522
24.0 15.224
24.0 16.135
24.0 15.89
24.0 16.034
24.0 15.681
24.0 15.823
24.0 15.416
24.0 15.872
24.0 15.375
24.0 15.138
24.0 15.096
24.0 15.749
24.0 15.558
24.0 15.674
24.0 16.015
24.0 16.299
24.0 16.485
24.0 16.336
24.0 16.068
24.0 15.418
24.0 15.298
24.0 15.745
24.0 15.643
24.0 15.612
24.0 15.734
24.0 15.879
24.0 15.212
24.0 15.702
24.0 15.565
24.0 16.077
24.0 16.128
24.0 16.156
24.0 15.39
24.0 15.768
24.0 15.7
24.0 15.152
24.0 15.794
24.0 16.193
24.0 16.162
24.0 15.552
24.0 15.459
24.0 15.597
24.0 15.603
24.0 15.747
24.0 14.926
24.0 16.136
24.0 16.059
24.0 16.031
24.0 16.63
24.0 16.271
24.0 15.752
24.0 15.219
24.0 15.615
24.0 15.821
24.0 16.15
24.0 15.511
24.0 15.492
24.0 15.638
24.0 16.534
24.0 15.702
24.0 15.905
24.0 16.22
24.0 16.219
24.0 15.943
24.0 15.937
24.0 16.333
24.0 15.752
24.0 14.685
24.0 15.398
24.0 15.919
24.0 15.373
24.0 14.624
24.0 15.874
24.0 15.61
24.0 15.694
24.0 16.563
24.0 16.018
24.0 16.188
24.0 15.319
24.0 15.534
24.0 15.698
24.0 15.859
24.0 16.064
24.0 16.051
24.0 15.986
24.0 15.937
24.0 15.932
24.0 16.188
24.0 15.397
24.0 15.37
24.0 16.092
24.0 15.594
24.0 15.818
24.0 16.248
24.0 15.085
24.0 15.56
24.0 16.01
24.0 15.869
24.0 15.432
24.0 15.788
24.0 16.092
24.0 15.696
24.0 16.324
24.0 15.87
24.0 15.398
24.0 15.427
24.0 15.333
24.0 15.248
24.0 16.133
24.0 15.622
24.0 16.069
24.0 15.238
24.0 16.205
24.0 15.639
24.0 15.834
24.0 16.427
24.0 15.879
24.0 15.904
24.0 15.991
24.0 15.572
24.0 15.498
24.0 16.219
24.0 15.847
24.0 15.686
24.0 15.605
24.0 15.294
24.0 15.921
24.0 16.033
24.0 15.629
24.0 15.5
24.0 16.334
24.0 15.298
24.0 15.299
24.0 15.82
24.0 16.327
24.0 16.03
24.0 16.191
24.0 15.085
24.0 15.272
24.0 15.686
24.0 15.721
24.0 15.812
24.0 14.936
24.0 15.417
24.0 16.067
24.0 15.941
24.0 16.005
24.0 15.911
24.0 15.23
24.0 15.801
24.0 15.983
24.0 16.029
24.0 15.786
24.0 15.279
24.0 15.057
24.0 15.489
24.0 15.871
24.0 15.608
24.0 15.891
24.0 15.385
24.0 16.12
24.0 15.774
24.0 16.295
24.0 16.375
24.0 16.349
24.0 16.332
24.0 15.94
24.0 15.815
24.0 15.61
24.0 16.5
24.0 15.92
24.0 16.129
24.0 16.004
24.0 15.128
24.0 15.659
24.0 15.666
24.0 15.506
24.0 15.87
24.0 15.451
24.0 16.549
24.0 15.884
24.0 15.964
24.0 16.145
24.0 16.53
24.0 15.415
24.0 16.092
24.0 15.067
24.0 15.36
24.0 16.382
24.0 15.9
24.0 16.632
24.0 16.1
24.0 15.788
24.0 16.059
24.0 15.291
24.0 15.925
24.0 15.115
24.0 15.365
24.0 15.488
24.0 15.942
24.0 16.0
24.0 15.595
24.0 15.709
24.0 15.7
24.0 15.997
24.0 16.282
24.0 16.336
24.0 15.417
24.0 15.647
24.0 16.029
24.0 15.803
24.0 15.85
24.0 15.979
24.0 15.767
24.0 15.592
24.0 15.929
24.0 15.996
24.0 15.33
24.0 14.753
24.0 15.697
24.0 14.791
24.0 15.318
24.0 15.833
24.0 16.13
24.0 15.945
24.0 15.318
24.0 16.233
24.0 15.106
24.0 15.318
24.0 15.822
24.0 15.544
24.0 15.448
24.0 15.308
24.0 16.277
24.0 15.673
24.0 15.594
24.0 15.218
24.0 15.635
24.0 15.581
24.0 16.017
24.0 15.374
24.0 15.714
24.0 15.789
24.0 15.886
24.0 15.504
24.0 15.752
24.0 15.698
24.0 16.009
24.0 15.998
24.0 16.25
24.0 16.357
24.0 16.237
24.0 15.922
24.0 15.577
24.0 14.814
24.0 15.994
24.0 15.524
24.0 15.799
24.0 16.181
24.0 15.472
24.0 15.563
24.0 15.116
24.0 15.446
24.0 15.696
24.0 15.587
24.0 15.324
24.0 15.696
24.0 15.718
24.0 16.236
24.0 15.788
24.0 15.838
24.0 15.451
24.0 15.545
24.0 15.964
24.0 15.653
24.0 15.441
24.0 15.375
24.0 16.188
24.0 15.829
24.0 15.333
24.0 15.739
24.0 14.731
24.0 15.981
24.0 16.623
24.0 15.723
24.0 15.83
24.0 16.41
24.0 15.821
24.0 15.2
24.0 15.365
24.0 16.244
24.0 15.577
24.0 15.658
24.0 15.683
24.0 16.062
24.0 16.156
24.0 15.2
24.0 15.477
24.0 15.974
24.0 16.436
24.0 16.044
24.0 16.53
24.0 16.157
24.0 15.666
24.0 15.92
24.0 15.443
24.0 15.724
24.0 15.523
24.0 15.341
24.0 14.738
24.0 16.441
24.0 15.422
24.0 14.843
24.0 15.375
24.0 15.37
24.0 14.877
24.0 15.386
24.0 16.108
24.0 15.559
24.0 15.733
24.0 16.737
24.0 16.033
24.0 15.737
24.0 15.82
24.0 15.74
24.0 16.261
24.0 16.291
24.0 16.473
24.0 15.552
24.0 15.938
24.0 15.92
24.0 16.187
24.0 16.824
24.0 16.887
24.0 15.804
24.0 15.563
24.0 16.011
24.0 15.936
24.0 16.394
24.0 15.801
24.0 14.781
24.0 15.919
24.0 15.922
24.0 16.019
24.0 16.416
24.0 15.857
24.0 15.636
24.0 15.157
24.0 15.911
24.0 15.854
24.0 14.927
24.0 16.338
24.0 16.317
24.0 16.341
24.0 15.475
24.0 15.111
24.0 15.262
24.0 15.646
24.0 16.027
24.0 16.303
24.0 16.074
24.0 15.874
24.0 16.165
24.0 15.435
24.0 15.499
24.0 15.155
24.0 15.245
24.0 15.782
24.0 15.744
24.0 15.402
24.0 15.923
24.0 16.12
24.0 15.844
24.0 15.794
24.0 15.79
24.0 15.811
24.0 15.405
24.0 15.736
24.0 15.884
24.0 14.997
24.0 15.043
24.0 15.115
24.0 15.262
24.0 15.14
24.0 14.88
24.0 15.479
24.0 15.185
24.0 15.569
24.0 15.537
24.0 15.696
24.0 15.349
24.0 15.602
24.0 15.479
24.0 15.479
24.0 15.473
24.0 15.577
24.0 15.758
24.0 15.842
24.0 16.136
24.0 15.899
24.0 15.543
24.0 16.191
24.0 15.291
24.0 15.63
24.0 15.92
24.0 15.961
24.0 15.14
24.0 15.316
24.0 14.653
24.0 15.52
24.0 15.928
24.0 15.753
24.0 15.809
24.0 15.665
24.0 16.36
24.0 15.456
24.0 15.535
24.0 15.971
24.0 15.985
24.0 16.173
24.0 15.906
24.0 16.493
24.0 15.87
24.0 15.16
24.0 16.043
24.0 15.412
24.0 15.788
24.0 15.78
24.0 15.977
24.0 16.468
24.0 15.798
24.0 15.623
24.0 16.514
24.0 15.427
24.0 15.354
24.0 15.211
24.0 16.302
24.0 16.412
24.0 15.476
24.0 15.806
24.0 15.771
24.5 15.078
24.5 15.582
24.5 15.523
24.5 15.344
24.5 16.064
24.5 15.728
24.5 15.681
24.5 15.66
24.5 15.957
24.5 16.128
24.5 14.786
24.5 15.831
24.5 16.072
24.5 15.786
500
11.5 -36.878
13.5 -9.875
15.5 -0.525
17.5 4.131
20.0 8.176
20.0 9.829
20.0 11.175
20.0 11.236
20.0 11.841
20.5 12.573
21.0 12.345
21.5 12.584
21.5 12.419
21.5 13.212
21.5 12.896
21.5 12.845
22.0 13.24
22.0 13.272
22.5 13.598
22.5 13.411
23.0 14.041
23.0 14.596
23.0 14.371
23.0 14.3
23.5 14.866
23.5 13.952
23.5 14.993
24.0 15.22
24.0 15.106
24.0 15.316
24.0 14.646
24.0 14.886
24.0 15.353
24.0 15.019
24.0 14.76
24.0 15.155
24.0 15.345
24.0 15.128
24.0 14.941
24.0 14.771
24.0 15.505
24.0 15.729
24.0 15.37
24.0 15.277
24.0 14.855
24.0 15.5
24.0 15.738
24.0 14.627
24.5 16.014
24.5 15.598
24.5 16.144
24.5 15.714
24.5 15.72
24.5 15.428
24.5 15.923
24.5 14.722
24.5 14.971
24.5 15.775
24.5 16.21
24.5 15.854
24.5 16.517
24.5 16.003
24.5 15.811
24.5 15.517
24.5 15.721
24.5 15.598
24.5 15.4
24.5 16.386
24.5 15.823
24.5 16.327
24.5 16.124
24.5 16.025
24.5 15.927
24.5 15.899
24.5 15.493
24.5 16.03
24.5 16.472
24.5 15.902
24.5 16.226
24.5 16.229
24.5 15.933
24.5 15.935
24.5 15.548
24.5 16.032
24.5 16.108
24.5 16.567
24.5 16.64
24.5 16.137
24.5 16.141
24.5 16.083
24.5 16.113
24.5 15.433
24.5 15.723
24.5 15.986
24.5 16.443
24.5 16.248
24.5 16.727
24.5 16.427
24.5 15.831
24.5 15.452
24.5 15.433
24.5 15.253
24.5 15.962
24.5 15.831
24.5 16.404
24.5 16.095
24.5 14.723
24.5 15.979
24.5 15.755
24.5 15.919
24.5 16.148
24.5 16.9
24.5 15.813
24.5 16.182
24.5 16.178
24.5 15.435
24.5 16.1
24.5 14.629
24.5 15.637
24.5 14.869
24.5 16.275
24.5 16.354
24.5 15.978
24.5 16.556
24.5 15.703
24.5 16.285
24.5 16.332
24.5 15.873
24.5 15.061
24.5 15.764
24.5 14.886
24.5 16.565
24.5 15.87
24.5 16.148
24.5 15.705
24.5 15.919
24.5 15.673
24.5 15.776
24.5 15.472
24.5 15.226
24.5 15.81
24.5 15.493
24.5 16.116
24.5 15.759
24.5 15.407
24.5 16.043
24.5 16.658
24.5 16.09
24.5 15.865
24.5 16.716
24.5 15.616
24.5 15.546
24.5 15.451
24.5 15.557
24.5 15.33
24.5 15.664
24.5 15.758
24.5 15.217
24.5 16.378
24.5 16.277
24.5 16.478
24.5 16.221
24.5 16.624
24.5 15.737
24.5 16.526
24.5 16.092
24.5 15.296
24.5 16.362
24.5 16.567
24.5 15.597
24.5 15.812
24.5 15.506
24.5 15.845
24.5 16.167
24.5 15.1
24.5 15.739
24.5 15.583
24.5 15.567
24.5 15.475
24.5 15.883
24.5 15.876
24.5 15.438
24.5 15.642
24.5 15.637
24.5 16.237
24.5 16.253
24.5 16.092
24.5 15.951
24.5 15.88
24.5 15.997
24.5 16.482
24.5 16.954
24.5 15.989
24.5 16.151
24.5 16.354
24.5 15.588
24.5 16.054
24.5 16.145
24.5 16.141
24.5 15.895
24.5 15.73
24.5 14.951
24.5 15.22
24.5 15.948
24.5 15.899
24.5 16.151
24.5 16.172
24.5 15.891
24.5 15.682
24.5 16.182
24.5 16.434
24.5 16.922
24.5 16.68
24.5 16.577
24.5 16.063
24.5 15.848
24.5 16.555
24.5 16.36
24.5 16.288
24.5 15.888
24.5 16.226
24.5 16.139
24.5 15.034
24.5 15.954
24.5 14.765
24.5 16.629
24.5 16.862
24.5 16.004
24.5 16.388
24.5 16.486
24.5 16.2
24.5 15.704
24.5 16.337
24.5 16.858
24.5 16.603
24.5 16.698
24.5 15.906
24.5 16.37
24.5 15.93
24.5 16.197
24.5 16.302
24.5 15.554
24.5 15.175
24.5 15.055
24.5 15.896
24.5 16.288
24.5 15.56
24.5 15.912
24.5 15.805
24.5 15.672
24.5 16.06
24.5 15.769
24.5 15.934
24.5 16.725
24.5 16.052
24.5 16.162
24.5 15.742
24.5 15.901
24.5 16.219
24.5 15.51
24.5 15.465
24.5 15.913
24.5 16.0
24.5 15.198
24.5 15.57
24.5 15.333
24.5 15.852
24.5 15.337
24.5 16.109
24.5 15.838
24.5 16.254
24.5 15.822
24.5 16.245
24.5 15.84
24.5 15.803
24.5 16.523
24.5 16.448
24.5 16.056
24.5 15.732
24.5 15.749
24.5 16.224
24.5 15.945
24.5 16.426
24.5 16.146
24.5 15.949
24.5 15.927
24.5 16.236
24.5 16.332
24.5 15.969
24.5 16.348
24.5 16.49
24.5 16.5
24.5 16.205
24.5 15.454
24.5 16.166
24.5 16.005
24.5 16.337
24.5 16.487
24.5 16.295
24.5 16.325
24.5 16.049
24.5 16.424
24.5 16.403
24.5 15.76
24.5 15.774
24.5 16.059
24.5 15.968
24.5 15.998
24.5 15.525
24.5 16.102
24.5 15.62
24.5 15.787
24.5 15.709
24.5 15.213
24.5 15.518
24.5 15.691
24.5 16.532
24.5 16.047
24.5 15.634
24.5 16.319
24.5 16.771
24.5 16.68
24.5 16.45
24.5 16.218
24.5 16.396
24.5 15.396
24.5 15.44
24.5 16.035
24.5 16.262
24.5 15.521
24.5 15.902
24.5 15.282
24.5 16.34
24.5 15.404
24.5 16.027
24.5 16.081
24.5 16.84
24.5 16.199
24.5 16.037
24.5 15.873
24.5 16.224
24.5 16.309
24.5 16.383
24.5 16.496
24.5 15.969
24.5 15.614
24.5 16.152
24.5 15.88
24.5 15.458
24.5 15.49
24.5 16.131
24.5 15.838
24.5 15.992
24.5 15.696
24.5 15.723
24.5 15.569
24.5 14.953
24.5 15.687
24.5 16.001
24.5 15.465
24.5 15.807
24.5 16.23
24.5 16.679
24.5 16.453
24.5 16.074
24.5 15.9
24.5 16.035
24.5 14.71
24.5 16.527
24.5 15.814
24.5 15.916
24.5 15.68
24.5 15.594
24.5 14.592
24.5 16.349
24.5 15.266
24.5 15.724
24.5 15.65
24.5 16.084
24.5 16.176
24.5 16.211
24.5 16.304
24.5 16.573
24.5 15.598
24.5 16.02
24.5 16.455
24.5 16.155
24.5 16.698
24.5 16.057
24.5 16.422
24.5 16.004
24.5 16.735
24.5 15.992
24.5 15.169
24.5 15.985
24.5 16.178
24.5 16.237
24.5 16.083
24.5 16.646
24.5 16.482
24.5 15.89
24.5 16.401
24.5 16.818
24.5 16.783
24.5 16.508
24.5 14.909
24.5 15.723
24.5 15.315
24.5 15.669
24.5 16.077
24.5 15.253
24.5 16.104
24.5 16.322
24.5 15.716
24.5 15.979
24.5 15.977
24.5 14.961
24.5 15.179
24.5 14.938
24.5 15.31
24.5 15.837
24.5 16.149
24.5 15.234
24.5 16.044
24.5 16.349
24.5 16.337
24.5 16.216
24.5 15.936
24.5 15.731
24.5 14.626
24.5 15.249
24.5 15.702
24.5 16.484
24.5 16.25
24.5 16.04
24.5 15.697
24.5 15.863
24.5 15.485
24.5 16.007
24.5 16.435
24.5 16.161
24.5 15.83
24.5 14.16
24.5 15.121
24.5 16.581
24.5 16.876
24.5 15.964
24.5 16.869
24.5 16.18
24.5 16.153
24.5 16.332
24.5 16.282
24.5 16.33
24.5 16.042
24.5 15.297
24.5 16.295
24.5 16.192
24.5 16.035
24.5 15.072
24.5 15.822
24.5 15.78
24.5 16.364
24.5 16.473
24.5 15.987
24.5 16.584
24.5 16.498
24.5 15.843
24.5 14.886
24.5 16.142
24.5 16.527
24.5 15.641
24.5 16.408
24.5 16.038
24.5 16.142
24.5 15.564
24.5 15.958
24.5 15.012
24.5 15.272
24.5 16.759
24.5 16.286
24.5 16.37
24.5 16.018
24.5 16.524
24.5 15.681
24.5 16.069
24.5 15.64
24.5 15.902
24.5 16.103
24.5 15.888
24.5 16.498
24.5 15.712
24.5 15.817
24.5 16.434
24.5 16.045
24.5 16.419
24.5 15.612
24.5 15.418
24.5 16.033
24.5 15.779
24.5 15.97
500
11.5 -39.376
13.5 -13.326
16.5 -1.177
16.5 4.72
16.5 8.163
17.0 10.109
18.5 10.97
19.0 11.817
19.0 11.462
20.5 12.422
20.5 13.0
20.5 13.321
20.5 12.986
20.5 13.439
20.5 12.98
21.5 13.249
23.0 13.954
23.0 13.721
23.0 13.684
23.0 13.874
24.0 14.258
24.0 14.092
24.0 14.984
24.0 14.415
24.0 14.788
24.0 14.154
24.0 14.296
24.0 15.733
24.0 14.673
24.0 15.174
24.0 15.03
24.0 13.888
24.0 15.013
24.0 15.039
24.0 15.711
24.0 15.499
24.5 15.483
24.5 15.488
24.5 16.289
24.5 15.132
24.5 15.761
24.5 16.01
24.5 15.473
24.5 16.094
24.5 16.272
24.5 16.238
24.5 15.486
24.5 16.137
24.5 15.515
24.5 15.546
24.5 15.599
24.5 15.56
24.5 15.219
24.5 15.22
24.5 15.68
24.5 15.888
24.5 15.419
24.5 16.005
24.5 15.547
24.5 16.282
24.5 16.279
24.5 15.345
24.5 15.208
24.5 15.623
24.5 15.223
24.5 15.321
24.5 15.283
24.5 15.079
24.5 15.117
24.5 14.459
24.5 15.211
24.5 15.169
24.5 15.439
24.5 15.473
24.5 15.57
24.5 15.934
24.5 15.129
24.5 15.103
24.5 16.084
24.5 15.981
24.5 15.496
24.5 15.599
24.5 15.449
24.5 16.374
24.5 15.464
24.5 15.95
24.5 15.857
24.5 15.382
24.5 15.802
24.5 15.397
24.5 16.008
24.5 15.307
24.5 15.797
24.5 15.435
24.5 15.58
24.5 15.844
24.5 15.21
24.5 15.377
24.5 15.835
24.5 15.605
24.5 14.985
24.5 15.698
24.5 15.593
24.5 15.313
24.5 15.65
24.5 15.772
24.5 15.903
24.5 14.824
24.5 15.532
24.5 15.357
24.5 15.295
24.5 15.53
24.5 15.841
24.5 16.066
24.5 15.037
24.5 15.886
24.5 15.405
24.5 16.162
24.5 15.347
24.5 15.97
24.5 15.984
24.5 15.256
24.5 15.163
24.5 15.025
24.5 14.836
24.5 16.187
24.5 15.659
24.5 15.446
24.5 15.895
24.5 15.44
24.5 15.689
24.5 16.617
24.5 16.523
24.5 15.842
24.5 16.001
24.5 15.762
24.5 15.321
24.5 15.54
24.5 15.271
24.5 15.677
24.5 15.595
24.5 15.654
24.5 14.812
24.5 15.533
24.5 15.893
24.5 15.921
24.5 15.931
24.5 15.91
24.5 15.893
24.5 15.216
24.5 15.918
24.5 15.054
24.5 15.781
24.5 15.102
24.5 15.808
24.5 15.7
24.5 15.756
24.5 16.104
24.5 15.822
24.5 15.764
24.5 15.073
24.5 15.527
24.5 15.723
24.5 15.549
24.5 15.829
24.5 16.494
24.5 14.954
24.5 15.193
24.5 15.629
24.5 15.208
24.5 15.818
24.5 15.435
24.5 15.373
24.5 14.664
24.5 14.97
24.5 14.915
24.5 15.897
24.5 15.844
24.5 15.822
24.5 16.155
24.5 15.8
24.5 15.821
24.5 15.403
24.5 16.052
24.5 15.682
24.5 15.84
24.5 15.519
24.5 16.423
24.5 15.601
24.5 15.766
24.5 15.802
24.5 16.64
24.5 15.637
24.5 16.259
24.5 16.121
24.5 15.684
24.5 15.646
24.5 15.46
24.5 14.624
24.5 14.782
24.5 14.62
24.5 15.008
24.5 15.687
24.5 15.269
24.5 14.679
24.5 15.397
24.5 15.425
24.5 15.25
24.5 15.208
24.5 15.279
24.5 16.014
24.5 15.671
24.5 15.562
24.5 15.139
24.5 15.686
24.5 15.053
24.5 15.794
24.5 15.724
24.5 15.06
24.5 15.256
24.5 15.757
24.5 15.394
24.5 15.483
24.5 16.245
24.5 15.953
24.5 15.966
24.5 15.963
24.5 15.927
24.5 15.493
24.5 16.284
24.5 15.744
24.5 15.302
24.5 15.578
24.5 15.827
24.5 15.447
24.5 15.597
24.5 16.099
24.5 15.938
24.5 15.661
24.5 16.064
24.5 16.062
24.5 16.08
24.5 15.959
24.5 15.643
24.5 15.861
24.5 15.137
24.5 14.821
24.5 15.195
24.5 15.83
24.5 15.631
24.5 14.821
24.5 15.459
24.5 15.289
24.5 15.334
24.5 15.69
24.5 16.182
24.5 15.74
24.5 15.927
24.5 16.272
24.5 16.117
24.5 15.35
24.5 15.495
24.5 16.23
24.5 16.019
24.5 16.514
24.5 16.455
24.5 15.605
24.5 15.316
24.5 15.554
24.5 15.815
24.5 15.766
24.5 15.79
24.5 15.174
24.5 15.414
24.5 15.602
24.5 15.857
24.5 15.526
24.5 16.627
24.5 15.754
24.5 15.722
24.5 15.846
24.5 15.993
24.5 15.344
24.5 15.973
24.5 16.027
24.5 16.049
24.5 15.24
24.5 15.869
24.5 16.126
24.5 15.961
24.5 15.526
24.5 15.762
24.5 15.916
24.5 15.463
24.5 15.695
24.5 15.368
24.5 16.113
24.5 15.885
24.5 15.768
24.5 16.01
24.5 16.704
24.5 16.393
24.5 16.49
24.5 15.29
24.5 15.651
24.5 15.829
24.5 15.78
24.5 15.966
24.5 15.438
24.5 15.763
24.5 15.643
24.5 16.25
24.5 15.979
24.5 15.774
24.5 15.722
24.5 15.681
24.5 15.679
24.5 15.794
24.5 15.302
24.5 15.281
24.5 15.91
24.5 16.176
24.5 15.277
24.5 15.266
24.5 15.202
24.5 15.828
24.5 16.145
24.5 16.139
24.5 16.403
24.5 15.761
24.5 16.08
24.5 15.923
24.5 16.279
24.5 15.928
24.5 15.098
24.5 14.302
24.5 15.68
24.5 15.327
24.5 15.303
24.5 15.366
24.5 16.437
24.5 15.404
24.5 15.508
24.5 15.656
24.5 16.182
24.5 15.007
24.5 14.718
24.5 15.383
24.5 15.511
24.5 16.078
24.5 16.182
24.5 16.055
24.5 16.175
24.5 15.52
24.5 15.635
24.5 16.168
24.5 16.116
24.5 16.251
24.5 15.712
24.5 15.849
24.5 15.688
24.5 15.683
24.5 15.307
24.5 15.216
24.5 15.379
24.5 15.355
24.5 15.16
24.5 15.7
24.5 16.048
24.5 15.632
24.5 16.078
24.5 15.717
24.5 15.931
24.5 16.098
24.5 15.863
24.5 16.478
24.5 16.06
24.5 16.107
24.5 15.352
24.5 15.68
24.5 15.868
24.5 15.228
24.5 16.231
24.5 15.376
24.5 16.085
24.5 16.294
24.5 15.63
24.5 15.08
24.5 15.742
24.5 15.964
24.5 16.014
24.5 15.435
24.5 15.434
24.5 16.025
24.5 15.99
24.5 16.409
24.5 15.718
24.5 14.565
24.5 15.7
24.5 15.884
24.5 15.465
24.5 16.068
24.5 16.501
24.5 15.759
24.5 15.697
24.5 14.942
24.5 15.542
24.5 15.351
24.5 14.986
24.5 16.146
24.5 15.705
24.5 15.923
24.5 15.422
24.5 16.125
24.5 15.937
24.5 15.775
24.5 16.457
24.5 15.718
24.5 15.31
24.5 15.162
24.5 15.464
24.5 15.832
24.5 15.685
24.5 15.521
24.5 15.745
24.5 15.503
24.5 15.497
24.5 15.547
24.5 15.378
24.5 14.982
24.5 15.483
24.5 16.393
24.5 16.605
24.5 16.592
24.5 15.988
24.5 15.495
24.5 15.907
24.5 15.005
24.5 15.227
24.5 15.686
24.5 15.857
24.5 15.842
24.5 16.118
24.5 16.028
24.5 16.468
24.5 16.396
24.5 16.081
24.5 15.857
24.5 15.653
24.5 15.758
24.5 16.248
24.5 15.207
24.5 16.103
24.5 15.003
24.5 15.048
24.5 15.741
24.5 15.772
24.5 16.18
24.5 15.919
24.5 16.148
24.5 16.031
24.5 15.646
24.5 16.349
24.5 15.523
24.5 16.021
24.5 15.481
24.5 15.543
24.5 15.716
24.5 14.558
24.5 15.125
24.5 15.305
24.5 15.517
24.5 15.575
24.5 15.533
24.5 15.799
24.5 15.167
24.5 16.046
24.5 16.375
24.5 15.555
24.5 15.874
24.5 15.264
24.5 15.872
24.5 15.71
24.5 15.965
24.5 15.662
24.5 15.474
24.5 16.245
24.5 15.24
24.5 15.472
24.5 16.071
24.5 15.625
24.5 15.852
24.5 16.27
24.5 15.754
24.5 15.934
24.5 15.765
24.5 15.472
24.5 15.632
24.5 14.9
24.5 15.622
500
15.0 -38.615
15.0 -10.441
17.0 1.303
17.5 6.055
17.5 8.857
19.0 10.383
19.0 11.554
20.0 12.253
20.0 12.648
22.5 13.362
22.5 13.736
22.5 13.534
22.5 13.068
22.5 13.564
22.5 13.938
22.5 13.882
23.5 13.929
23.5 13.864
23.5 14.127
23.5 14.372
23.5 13.433
23.5 14.126
23.5 13.748
23.5 14.132
23.5 14.67
23.5 14.885
23.5 14.626
23.5 14.399
24.5 14.971
24.5 15.057
24.5 14.945
24.5 14.961
24.5 14.445
24.5 14.925
24.5 14.814
24.5 15.069
24.5 14.447
24.5 15.082
24.5 15.306
24.5 14.685
24.5 15.215
24.5 14.953
24.5 15.406
24.5 15.11
24.5 14.228
24.5 15.248
24.5 15.281
24.5 15.008
24.5 15.087
24.5 15.321
24.5 15.478
24.5 15.357
24.5 15.473
24.5 15.035
24.5 14.949
24.5 14.826
24.5 15.308
24.5 15.427
24.5 15.584
24.5 15.314
24.5 15.866
24.5 15.109
24.5 15.936
24.5 15.461
24.5 15.309
24.5 15.064
24.5 15.669
24.5 13.903
24.5 14.879
24.5 15.047
24.5 15.26
24.5 15.453
24.5 15.458
24.5 15.695
24.5 14.521
24.5 14.264
24.5 14.816
24.5 15.275
24.5 15.109
24.5 15.837
24.5 15.141
24.5 14.469
24.5 15.579
24.5 15.874
24.5 15.456
24.5 14.734
24.5 15.844
24.5 15.668
24.5 15.572
24.5 14.983
24.5 15.264
24.5 15.55
24.5 15.32
24.5 14.704
24.5 15.648
24.5 15.917
24.5 15.558
24.5 16.187
24.5 15.402
24.5 15.132
24.5 15.346
24.5 15.876
24.5 15.901
24.5 16.038
24.5 15.313
24.5 15.738
24.5 14.907
24.5 15.095
24.5 15.584
24.5 15.533
24.5 15.322
24.5 15.353
24.5 15.543
24.5 15.581
24.5 14.923
24.5 15.579
24.5 15.689
24.5 15.008
24.5 15.235
24.5 15.174
24.5 15.874
24.5 15.491
24.5 15.547
24.5 15.512
24.5 15.794
24.5 16.397
24.5 15.295
24.5 15.062
24.5 15.625
24.5 15.624
24.5 16.066
24.5 15.304
24.5 15.617
24.5 15.964
24.5 16.432
24.5 16.013
24.5 15.051
24.5 15.24
24.5 14.894
24.5 15.883
24.5 14.657
24.5 14.47
24.5 15.256
24.5 15.388
24.5 15.932
24.5 15.498
24.5 15.4
24.5 15.362
24.5 14.231
24.5 14.742
24.5 13.796
24.5 13.958
24.5 14.509
24.5 15.003
24.5 15.037
24.5 15.151
24.5 15.501
24.5 15.651
24.5 15.88
24.5 15.264
24.5 14.817
24.5 15.239
24.5 15.515
24.5 15.197
24.5 15.456
24.5 15.125
24.5 15.938
24.5 14.655
24.5 15.714
24.5 14.682
24.5 15.266
24.5 14.965
24.5 15.497
24.5 14.791
24.5 15.863
24.5 15.687
24.5 15.226
24.5 15.062
24.5 14.904
24.5 15.367
24.5 15.228
24.5 15.619
24.5 15.197
24.5 15.658
24.5 15.756
24.5 15.3
24.5 15.449
24.5 15.145
24.5 14.683
24.5 15.411
24.5 15.684
24.5 15.722
24.5 15.91
24.5 15.3
24.5 14.886
24.5 15.406
24.5 15.413
24.5 14.859
24.5 15.07
24.5 15.818
24.5 15.301
24.5 15.453
24.5 15.137
24.5 14.995
24.5 15.255
24.5 15.997
24.5 16.307
24.5 14.745
24.5 15.156
24.5 15.262
24.5 14.716
24.5 14.657
24.5 15.246
24.5 15.361
24.5 15.376
24.5 14.989
24.5 15.425
24.5 15.604
24.5 15.392
24.5 15.312
24.5 15.668
24.5 15.408
24.5 15.226
24.5 15.598
24.5 14.918
24.5 15.318
24.5 16.05
24.5 15.582
24.5 15.456
24.5 15.258
24.5 16.311
24.5 16.401
24.5 15.501
24.5 15.447
24.5 15.561
24.5 15.703
24.5 15.303
24.5 16.146
24.5 15.29
24.5 15.939
24.5 16.17
24.5 16.43
24.5 15.909
24.5 15.26
24.5 16.223
24.5 15.102
24.5 15.335
24.5 15.412
24.5 14.263
24.5 14.493
24.5 15.066
24.5 14.776
24.5 15.429
24.5 15.179
24.5 15.333
24.5 15.582
24.5 15.853
24.5 15.507
24.5 14.75
24.5 15.767
24.5 16.485
24.5 14.779
24.5 16.137
24.5 16.515
24.5 15.851
24.5 14.65
24.5 15.437
24.5 14.441
24.5 15.399
24.5 15.822
24.5 15.548
24.5 15.162
24.5 15.234
24.5 14.639
24.5 15.339
24.5 15.357
24.5 15.1
24.5 14.808
24.5 14.753
24.5 14.647
24.5 15.353
24.5 15.811
24.5 15.578
24.5 15.86
24.5 15.476
24.5 15.703
24.5 15.24
24.5 15.852
24.5 14.911
24.5 15.425
24.5 15.428
24.5 15.973
24.5 16.194
24.5 15.682
24.5 15.322
24.5 15.397
24.5 15.354
24.5 16.014
24.5 15.888
24.5 15.809
24.5 16.013
24.5 15.51
24.5 14.647
24.5 15.035
24.5 15.697
24.5 14.968
24.5 15.395
24.5 14.894
24.5 14.935
24.5 15.562
24.5 15.858
24.5 15.018
24.5 15.069
24.5 15.724
24.5 15.188
24.5 15.625
24.5 15.287
24.5 13.897
24.5 15.127
24.5 15.158
24.5 14.477
24.5 15.288
24.5 15.108
24.5 14.753
24.5 15.6
24.5 15.323
24.5 15.369
24.5 15.854
24.5 15.665
24.5 16.078
24.5 15.32
24.5 15.929
24.5 15.497
24.5 15.677
24.5 16.208
24.5 16.416
24.5 16.453
24.5 15.148
24.5 15.465
24.5 15.601
24.5 16.025
24.5 15.38
24.5 15.197
24.5 15.714
24.5 15.159
24.5 15.774
24.5 16.072
24.5 14.634
24.5 16.135
24.5 15.738
24.5 15.349
24.5 15.615
24.5 15.721
24.5 15.322
24.5 15.84
24.5 15.404
24.5 15.103
24.5 15.733
24.5 15.254
24.5 16.14
24.5 15.484
24.5 15.869
24.5 16.142
24.5 15.155
24.5 15.174
24.5 15.392
24.5 15.872
24.5 15.005
24.5 14.979
24.5 15.318
24.5 16.107
24.5 15.262
24.5 15.745
24.5 15.609
24.5 15.649
24.5 15.086
24.5 15.541
24.5 15.622
24.5 15.555
24.5 15.768
24.5 15.531
24.5 15.716
24.5 15.655
24.5 15.704
24.5 15.937
24.5 15.263
24.5 15.41
24.5 16.085
24.5 15.564
24.5 15.646
24.5 15.662
24.5 16.222
24.5 15.207
24.5 15.758
24.5 15.643
24.5 15.843
24.5 14.875
24.5 15.034
24.5 15.728
24.5 15.112
24.5 14.912
24.5 15.555
24.5 15.23
24.5 15.695
24.5 15.228
24.5 15.543
24.5 15.426
24.5 14.756
24.5 15.784
24.5 14.763
24.5 15.4
24.5 15.376
24.5 15.388
24.5 16.372
24.5 15.415
24.5 14.924
24.5 14.779
24.5 15.128
24.5 15.411
24.5 15.11
24.5 15.436
24.5 15.914
24.5 15.997
24.5 13.56
24.5 15.213
24.5 15.476
24.5 15.181
24.5 15.666
24.5 15.928
24.5 15.638
24.5 16.354
24.5 15.922
24.5 15.413
24.5 15.158
24.5 15.538
24.5 16.213
24.5 14.778
24.5 14.487
24.5 15.347
24.5 15.684
24.5 15.741
24.5 15.152
24.5 15.271
24.5 15.523
24.5 15.37
24.5 15.121
24.5 15.658
24.5 16.014
24.5 15.23
24.5 14.956
24.5 14.95
24.5 14.871
24.5 15.703
24.5 15.441
24.5 15.418
24.5 15.168
24.5 15.428
24.5 14.643
24.5 14.58
24.5 14.988
24.5 15.456
24.5 16.514
24.5 16.157
24.5 15.848
24.5 15.427
24.5 14.95
24.5 15.07
24.5 15.084
24.5 15.008
24.5 15.301
24.5 15.056
24.5 15.33
24.5 14.397
24.5 15.373
24.5 15.561
24.5 14.867
24.5 15.851
24.5 15.502
24.5 15.897
24.5 15.363
24.5 15.168
24.5 15.613
24.5 16.156
24.5 15.562
24.5 15.604
24.5 15.641
24.5 15.548
24.5 15.372
24.5 14.416
24.5 15.289
24.5 15.731
24.5 15.413
24.5 15.358
24.5 15.957
24.5 16.184
24.5 15.144
24.5 15.506
24.5 15.846
24.5 15.777
24.5 15.313
500
14.0 -37.061
15.0 -10.341
16.0 -0.382
16.5 4.801
19.0 8.072
19.0 10.062
19.0 10.923
19.0 10.476
20.5 10.854
20.5 12.722
21.5 12.367
21.5 12.857
22.5 13.465
22.5 13.091
22.5 13.773
22.5 14.638
22.5 14.275
22.5 14.474
22.5 14.189
22.5 14.81
24.0 14.699
24.0 14.498
24.0 13.846
24.0 14.035
24.0 14.223
24.0 14.514
24.0 14.662
24.0 14.013
24.0 14.777
24.0 14.63
24.0 14.732
24.0 14.739
24.0 14.688
24.0 15.085
24.0 14.531
24.0 15.279
24.0 15.157
24.0 15.203
24.0 15.087
24.0 14.963
24.0 14.638
24.0 14.166
24.0 14.89
24.0 15.385
24.0 15.728
24.0 15.542
24.0 15.124
24.0 15.467
24.0 15.624
24.0 15.622
24.0 15.194
24.0 15.579
24.0 15.981
24.0 15.849
24.0 15.919
24.0 16.076
24.0 15.706
24.0 15.33
24.0 15.316
24.0 14.55
24.0 15.306
24.0 15.409
24.0 14.873
24.0 14.717
24.0 15.34
24.0 14.667
24.0 15.222
24.0 15.309
24.0 15.334
24.0 15.356
24.0 15.224
24.0 15.138
24.0 15.46
24.0 15.447
24.0 15.677
24.0 15.805
24.0 15.788
24.0 15.401
24.0 14.974
24.0 15.531
24.0 16.108
24.0 15.796
24.0 16.031
24.0 15.968
24.0 15.63
24.0 15.08
24.0 15.052
24.0 15.285
24.0 15.944
24.0 15.939
24.0 15.463
24.0 15.496
24.0 15.6
24.0 15.352
24.0 15.551
24.0 14.683
24.0 15.345
24.0 16.069
24.0 15.565
24.0 15.364
24.0 14.111
24.0 15.472
24.0 15.371
24.0 15.586
24.0 15.056
24.0 15.423
24.0 15.032
24.0 15.468
24.0 15.844
24.0 15.994
24.0 15.545
24.0 15.67
24.0 15.626
24.0 16.42
24.0 15.1
24.0 15.412
24.0 15.544
24.0 16.012
24.0 15.141
24.0 15.165
24.0 15.259
24.0 16.158
24.0 16.14
24.0 16.297
24.0 16.455
24.0 15.748
24.0 15.674
24.0 15.121
24.0 15.657
24.0 15.392
24.0 15.121
24.0 15.106
24.0 15.342
24.0 15.821
24.0 16.372
24.0 15.574
24.0 15.118
24.0 14.987
24.0 15.421
24.0 15.748
24.0 15.364
24.0 15.559
24.0 16.0
24.0 15.732
24.0 15.617
24.0 15.278
24.0 16.498
24.0 15.345
24.0 15.819
24.0 15.061
24.0 15.505
24.0 15.492
24.0 15.138
24.0 15.984
24.0 15.516
24.0 16.103
24.0 15.229
24.0 14.731
24.0 15.488
24.0 14.979
24.0 15.575
24.0 15.853
24.0 16.013
24.0 15.79
24.0 16.269
24.0 15.151
24.0 15.91
24.0 15.047
24.0 15.193
24.0 15.365
24.0 15.403
24.0 15.717
24.0 15.632
24.0 15.095
24.0 14.861
24.0 14.922
24.0 15.693
24.0 15.074
24.0 14.58
24.0 15.917
24.0 15.792
24.0 15.369
24.0 15.305
24.0 15.574
24.0 15.565
24.0 15.355
24.0 15.907
24.0 14.655
24.0 16.036
24.0 15.117
24.0 16.092
24.0 15.913
24.0 15.731
24.0 15.808
24.0 15.343
24.0 14.909
24.0 15.337
24.0 14.96
24.0 15.297
24.0 16.119
24.0 15.537
24.0 15.464
24.0 15.646
24.0 15.582
24.0 15.462
24.0 16.033
24.0 15.744
24.0 15.47
24.0 15.962
24.0 15.661
24.0 15.113
24.0 14.592
24.0 15.25
24.0 15.318
24.0 15.578
24.0 15.644
24.0 15.407
24.0 16.043
24.0 16.13
24.0 16.195
24.0 15.18
24.0 15.401
24.0 15.471
24.0 15.353
24.0 14.849
24.0 15.82
24.0 15.731
24.0 14.575
24.0 15.556
24.0 16.338
24.0 15.134
24.0 15.358
24.0 15.652
24.0 15.596
24.0 15.197
24.0 15.473
24.0 15.898
24.0 15.704
24.0 15.726
24.0 16.34
24.0 15.872
24.0 15.12
24.0 15.737
24.0 16.032
24.0 16.436
24.0 16.886
24.0 14.884
24.0 15.807
24.0 14.55
24.0 15.778
24.0 15.661
24.0 15.684
24.0 15.625
24.0 15.062
24.0 15.231
24.0 15.51
24.0 15.438
24.0 15.899
24.0 15.634
24.0 15.836
24.0 15.803
24.0 16.358
24.0 15.233
24.0 15.461
24.0 15.835
24.0 15.983
24.0 15.21
24.0 15.774
24.0 15.809
24.0 16.081
24.0 16.017
24.0 14.796
24.0 15.546
24.0 15.909
24.0 15.814
24.0 15.564
24.0 15.965
24.0 15.417
24.0 15.332
24.0 15.275
24.0 14.879
24.0 16.184
24.0 14.846
24.0 15.558
24.0 15.543
24.0 15.647
24.0 15.649
24.0 15.159
24.0 14.496
24.0 14.625
24.0 15.901
24.0 15.16
24.0 15.596
24.0 15.674
24.0 15.378
24.0 15.414
24.0 15.391
24.0 15.659
24.0 15.336
24.0 15.408
24.0 15.696
24.0 16.304
24.0 15.527
24.0 15.994
24.0 16.144
24.0 15.914
24.0 15.887
24.0 15.526
24.0 15.401
24.0 15.867
24.0 16.083
24.0 15.768
24.0 15.34
24.0 15.75
24.0 15.81
24.0 15.459
24.0 15.462
24.0 14.94
24.0 15.735
24.0 15.263
24.0 15.644
24.0 15.375
24.0 15.397
24.0 15.645
24.0 15.806
24.0 15.427
24.0 15.385
24.0 15.502
24.0 15.781
24.0 15.811
24.0 15.501
24.0 15.427
24.0 15.478
24.0 14.994
24.0 15.333
24.0 15.361
24.0 15.672
24.0 15.574
24.0 15.143
24.0 14.742
24.0 15.483
24.0 15.241
24.0 16.05
24.0 15.772
24.0 14.899
24.0 15.328
24.0 15.051
24.0 15.624
24.0 15.865
24.0 15.636
24.0 16.2
24.0 15.643
24.0 15.718
24.0 15.173
24.0 15.462
24.0 15.397
24.0 15.871
24.0 15.305
24.0 15.224
24.0 15.698
24.0 15.908
24.0 15.39
24.0 15.774
24.0 15.595
24.0 15.412
24.0 15.143
24.0 15.215
24.0 15.233
24.0 15.038
24.0 14.054
24.0 14.56
24.0 14.783
24.0 15.584
24.0 15.2
24.0 15.585
24.0 15.864
24.0 14.803
24.0 15.507
24.0 15.405
24.0 15.492
24.0 16.313
24.0 15.093
24.0 15.211
24.0 15.247
24.0 15.558
24.0 15.897
24.0 15.936
24.0 15.95
24.0 15.421
24.0 15.446
24.0 15.708
24.0 16.044
24.0 15.657
24.0 15.298
24.0 16.019
24.0 14.769
24.0 15.564
24.0 15.818
24.0 15.571
24.0 15.493
24.0 15.467
24.0 14.863
24.0 16.063
24.0 16.278
24.0 15.061
24.0 15.816
24.0 15.831
24.0 15.393
24.0 15.583
24.0 14.584
24.0 15.287
24.0 15.744
24.0 15.441
24.0 15.455
24.0 14.948
24.0 15.04
24.0 15.191
24.0 14.747
24.0 14.851
24.0 15.451
24.0 14.88
24.0 15.404
24.0 15.558
24.0 15.682
24.0 15.456
24.0 16.251
24.0 15.849
24.0 16.031
24.0 15.392
24.0 15.24
24.0 15.599
24.0 15.362
24.0 16.25
24.0 15.595
24.0 15.858
24.0 15.414
24.0 15.333
24.0 15.375
24.0 16.009
24.0 15.557
24.0 15.334
24.0 15.809
24.0 15.734
24.0 15.266
24.0 15.446
24.0 14.955
24.0 14.568
24.0 14.561
24.0 14.823
24.0 15.588
24.0 15.629
24.0 15.755
24.0 15.568
24.0 15.835
24.0 15.847
24.0 15.935
24.0 16.031
24.0 15.672
24.0 16.226
24.0 16.229
24.0 16.255
24.0 15.993
24.0 15.858
24.0 15.19
24.0 15.301
24.0 14.87
24.0 14.845
24.0 15.454
24.0 15.724
24.0 15.742
24.0 15.948
24.0 16.122
24.0 15.978
24.0 15.677
24.0 14.75
24.0 15.569
24.0 15.76
24.0 15.771
24.0 15.166
24.0 15.228
24.0 14.931
24.0 15.109
24.0 15.788
24.0 15.626
24.0 15.702
24.0 15.556
24.0 15.058
24.0 15.138
24.0 15.241
24.0 15.587
24.0 15.106
24.0 15.448
24.0 15.221
24.0 14.875
24.0 14.851
24.0 15.672
24.0 15.912
24.0 16.208
24.0 16.225
24.0 15.53

Individual: [1, 2, 4, 5, 10, 11, 13, 14, 29, 33, 35, 36, 38, 40, 46, 49, 50]
   Fitness: 24.5
     Total: 17
Violations: 1 1

Individual: [1, 2, 4, 5, 11, 13, 14, 16, 29, 37, 38, 40, 41, 46, 48, 49]
   Fitness: 24.0
     Total: 16
Violations: 0 0

Individual: [1, 3, 4, 6, 10, 12, 13, 15, 33, 34, 38, 39, 41, 46, 47, 49, 50]
   Fitness: 24.5
     Total: 17
Violations: 1 1

Individual: [1, 2, 5, 6, 12, 14, 15, 17, 21, 34, 35, 38, 39, 45, 46, 49, 50]
   Fitness: 24.5
     Total: 17
Violations: 1 1

Individual: [2, 4, 5, 7, 11, 13, 14, 16, 34, 37, 38, 41, 46, 47, 49, 50]
   Fitness: 24.0
     Total: 16
Violations: 0 0

Individual: [1, 2, 6, 7, 9, 14, 15, 17, 18, 37, 38, 40, 41, 46, 47, 49, 50]
   Fitness: 24.5
     Total: 17
Violations: 1 1

Individual: [1, 3, 4, 6, 7, 14, 15, 17, 18, 36, 37, 39, 40, 46, 47, 49, 50]
   Fitness: 24.5
     Total: 17
Violations: 1 1

Individual: [1, 4, 5, 7, 8, 14, 16, 17, 19, 35, 36, 39, 40, 46, 47, 49, 50]
   Fitness: 24.5
     Total: 17
Violations: 1 1

Individual: [3, 4, 6, 7, 12, 13, 15, 16, 30, 34, 36, 37, 39, 46, 47, 49, 50]
   Fitness: 24.5
     Total: 17
Violations: 1 1

Individual: [3, 4, 6, 7, 12, 13, 15, 16, 33, 34, 36, 37, 42, 45, 46, 49]
   Fitness: 24.0
     Total: 16
Violations: 0 0
