10
100
12.0 -37.778
12.0 -18.34
13.0 -9.479
17.0 -3.929
17.0 -1.609
17.0 0.559
18.0 2.416
18.0 3.513
18.0 4.317
18.0 4.11
18.0 4.863
18.0 4.613
18.5 4.957
19.5 4.902
19.5 5.398
19.5 4.855
20.0 4.913
20.0 4.338
20.0 4.158
20.0 5.026
20.0 5.543
20.0 5.032
20.0 4.933
20.0 4.868
20.0 4.798
20.0 5.042
20.0 5.329
20.0 5.86
20.0 5.784
20.0 5.576
21.0 5.215
21.0 6.044
21.0 5.584
21.0 4.399
21.5 4.923
21.5 5.287
21.5 4.764
21.5 5.306
21.5 6.129
21.5 5.99
21.5 6.324
21.5 4.751
22.0 4.815
22.0 5.772
22.0 5.204
22.0 6.279
22.0 6.653
22.0 6.111
22.0 5.852
22.0 6.117
22.0 6.431
22.0 5.662
22.0 5.772
22.0 5.572
22.0 6.303
22.0 5.658
22.0 6.165
22.0 5.901
22.5 5.849
22.5 6.55
22.5 5.883
22.5 6.048
22.5 5.581
22.5 5.213
22.5 5.455
22.5 5.884
22.5 5.857
22.5 6.696
22.5 6.398
22.5 5.582
22.5 6.492
22.5 5.108
22.5 5.603
22.5 6.444
22.5 6.027
23.0 5.699
23.0 5.656
23.0 5.25
23.0 6.569
23.0 6.51
23.0 5.419
23.0 6.086
23.0 6.457
23.0 5.831
23.0 5.986
23.0 5.157
23.0 5.992
23.0 5.803
23.0 4.98
23.0 5.255
23.0 5.368
23.0 5.692
23.0 5.216
23.0 5.826
23.0 4.571
23.0 4.243
23.0 5.969
23.0 6.202
23.0 7.018
23.0 4.847
100
10.5 -37.682
12.0 -17.377
17.5 -8.818
17.5 -3.576
17.5 -0.904
17.5 1.602
17.5 3.149
17.5 4.101
19.5 4.284
19.5 4.966
19.5 5.087
19.5 4.562
19.5 5.29
19.5 4.793
19.5 5.182
19.5 4.809
19.5 4.876
19.5 5.095
19.5 5.236
19.5 5.299
19.5 5.168
19.5 5.119
19.5 6.069
19.5 5.928
19.5 4.886
19.5 5.333
19.5 5.082
19.5 4.993
19.5 5.622
19.5 5.36
20.5 5.15
20.5 5.024
20.5 4.71
20.5 4.919
20.5 5.351
20.5 6.357
21.0 6.195
21.0 5.513
21.0 6.042
21.0 4.979
21.0 4.993
21.5 4.823
21.5 5.63
21.5 5.985
21.5 5.306
21.5 5.627
21.5 5.713
21.5 5.866
21.5 5.329
21.5 5.518
21.5 5.727
21.5 6.292
21.5 6.063
21.5 6.424
21.5 6.893
21.5 6.766
21.5 6.063
21.5 5.695
21.5 6.98
21.5 7.116
21.5 6.768
21.5 6.784
21.5 6.528
21.5 7.014
21.5 6.132
21.5 5.654
21.5 6.316
21.5 6.889
21.5 6.241
21.5 6.389
21.5 6.475
21.5 6.713
21.5 6.165
21.5 5.527
21.5 5.244
21.5 5.612
21.5 5.855
21.5 6.204
21.5 5.928
21.5 5.595
21.5 5.488
21.5 5.001
21.5 5.604
21.5 5.567
21.5 5.407
21.5 5.422
21.5 5.675
21.5 5.636
22.0 5.803
22.0 5.649
22.0 6.303
22.0 6.247
22.0 6.104
22.0 6.255
22.0 6.873
22.0 6.129
22.0 6.615
22.0 6.273
22.0 5.633
22.0 5.582
100
12.0 -39.353
13.0 -19.89
17.5 -10.109
18.0 -4.576
18.0 0.641
18.0 1.992
18.0 3.987
19.0 4.799
19.0 4.995
19.0 4.817
20.0 4.855
20.0 4.611
20.0 5.555
20.0 5.265
20.0 5.002
20.0 4.934
20.0 5.738
20.0 5.932
20.0 6.136
20.0 5.557
20.5 5.041
20.5 6.089
20.5 5.85
20.5 6.589
20.5 6.265
20.5 5.774
20.5 4.903
20.5 5.912
20.5 5.207
20.5 5.105
20.5 5.004
20.5 5.617
20.5 5.642
21.0 5.911
21.0 6.015
21.0 6.125
21.0 6.139
21.0 6.678
21.0 4.707
21.0 5.791
21.0 5.634
21.0 5.024
21.0 6.411
21.0 5.412
21.0 5.854
21.0 6.542
21.0 6.929
21.0 6.078
21.0 5.677
21.0 5.446
21.0 5.629
21.0 6.112
21.0 6.567
22.5 6.369
22.5 5.842
22.5 6.263
22.5 6.06
22.5 4.796
22.5 5.834
22.5 5.761
22.5 5.939
22.5 5.999
22.5 6.697
22.5 5.912
22.5 6.001
22.5 5.101
22.5 5.647
22.5 6.438
22.5 6.508
22.5 6.17
22.5 6.386
22.5 7.016
22.5 5.567
22.5 6.318
22.5 6.062
22.5 6.586
22.5 6.571
22.5 5.639
22.5 5.823
22.5 6.172
22.5 5.917
22.5 6.653
22.5 6.837
22.5 6.496
22.5 7.68
22.5 6.696
22.5 5.699
22.5 5.665
22.5 5.465
22.5 6.297
22.5 5.549
22.5 6.168
22.5 5.812
22.5 6.533
22.5 5.618
22.5 5.244
22.5 6.081
22.5 5.9
22.5 5.59
22.5 5.5
100
15.5 -36.916
15.5 -17.131
17.5 -10.162
17.5 -5.532
17.5 -1.935
17.5 -0.345
17.5 3.36
18.0 4.381
18.0 5.432
19.0 6.141
19.0 5.445
19.0 5.17
20.0 5.022
20.0 4.793
20.0 4.468
20.0 4.977
20.0 5.65
20.0 5.141
20.0 4.317
20.0 4.869
20.0 4.994
20.0 5.097
20.0 5.894
20.0 4.551
20.0 4.942
20.0 4.502
20.0 5.706
20.0 6.038
20.0 6.355
20.0 6.491
20.0 6.055
20.0 6.011
20.0 5.179
20.0 4.959
21.0 4.466
21.0 4.784
21.0 5.251
21.0 5.766
21.0 5.538
21.0 4.565
21.0 4.666
21.0 4.765
21.0 4.958
21.0 5.36
21.0 3.719
21.0 5.63
21.0 5.597
21.0 4.815
21.0 5.64
21.0 6.663
21.0 5.512
21.0 5.404
21.0 5.83
21.0 5.897
21.0 4.996
21.0 4.663
21.0 6.686
21.0 5.885
21.0 5.806
21.0 6.34
21.0 5.303
21.0 6.653
21.0 5.044
21.0 4.295
21.0 4.028
21.0 4.778
21.0 5.123
21.0 5.555
21.0 5.403
21.0 5.517
21.0 4.667
21.5 4.588
21.5 5.677
21.5 6.168
21.5 5.157
21.5 5.674
21.5 5.665
21.5 5.473
21.5 4.616
21.5 4.217
21.5 4.687
21.5 5.052
21.5 6.194
21.5 5.386
21.5 4.371
21.5 4.652
21.5 4.851
21.5 4.476
21.5 5.536
22.0 5.535
22.0 7.087
22.0 5.871
22.0 5.151
23.0 5.246
23.0 4.925
23.0 5.468
23.0 5.92
23.0 5.654
23.0 5.277
23.0 5.317
100
10.5 -37.05
12.5 -15.76
15.5 -6.885
16.0 -2.243
17.0 1.574
17.5 3.433
17.5 4.179
17.5 4.309
19.0 4.203
19.0 4.511
19.0 5.071
19.0 5.314
19.0 5.094
19.0 4.991
19.0 5.269
19.0 5.913
19.0 6.214
19.0 5.348
19.0 5.695
20.0 5.525
20.0 5.775
20.0 5.657
20.0 5.544
20.0 4.933
20.5 4.442
20.5 5.676
20.5 5.543
20.5 5.724
20.5 5.127
20.5 5.008
20.5 6.146
20.5 5.545
20.5 6.005
20.5 5.663
20.5 6.158
21.5 6.906
21.5 7.211
21.5 6.356
21.5 6.258
21.5 5.157
21.5 4.526
21.5 5.462
21.5 5.019
21.5 4.718
21.5 4.258
21.5 5.885
21.5 5.316
22.0 6.467
22.0 5.514
22.0 6.05
22.0 6.224
22.0 5.3
22.0 4.469
22.0 5.286
22.0 4.977
22.0 4.649
22.0 5.357
22.0 5.947
22.0 6.015
22.0 5.916
22.0 6.143
22.0 5.887
22.0 5.455
22.0 5.781
22.0 5.747
22.0 6.122
22.0 5.286
22.0 5.794
22.0 6.24
22.0 5.835
22.0 5.734
22.0 6.063
22.0 5.713
22.0 5.368
22.5 5.602
22.5 5.643
22.5 6.106
22.5 5.626
22.5 6.981
22.5 6.427
22.5 6.416
22.5 6.099
22.5 6.15
22.5 6.576
22.5 6.377
22.5 5.93
22.5 5.988
22.5 6.277
22.5 6.818
22.5 5.832
22.5 6.118
22.5 6.019
22.5 6.252
22.5 6.289
22.5 6.75
22.5 7.113
22.5 5.408
22.5 7.105
22.5 5.408
22.5 5.954
100
10.0 -37.769
11.5 -16.64
16.5 -8.569
17.0 -2.541
17.0 0.639
17.0 2.908
17.5 3.35
17.5 4.076
18.0 4.906
18.0 4.848
18.5 4.693
19.0 4.83
19.0 5.161
19.0 4.726
19.0 5.542
19.0 4.697
20.0 6.224
20.0 6.312
20.0 5.132
20.0 5.281
20.0 5.434
20.0 4.025
20.0 4.198
20.0 5.748
20.0 5.477
20.0 5.197
20.0 4.498
20.0 4.622
20.0 5.468
20.0 5.775
20.0 5.027
20.0 4.923
20.0 5.307
20.0 5.399
20.0 5.345
20.0 5.277
20.0 5.34
20.0 4.628
20.0 5.602
20.0 5.154
20.0 5.282
20.0 4.866
20.0 5.452
20.0 5.705
20.0 4.703
20.0 4.05
20.5 5.346
20.5 5.289
20.5 5.965
20.5 5.974
20.5 5.778
20.5 6.222
20.5 5.579
20.5 6.242
20.5 5.562
20.5 5.556
20.5 5.69
21.0 6.065
21.0 6.062
21.0 5.658
21.0 5.396
21.0 6.089
21.0 6.049
21.0 6.104
21.0 6.512
21.0 6.195
21.0 5.997
21.0 5.628
21.0 5.897
21.0 6.501
21.0 6.756
21.0 6.037
21.0 5.832
21.0 7.218
21.0 6.063
21.0 5.424
21.0 5.95
21.0 5.981
21.0 6.001
21.0 5.213
21.0 5.499
21.0 6.265
21.0 5.957
21.0 6.808
21.0 6.246
21.5 6.524
21.5 6.181
21.5 6.5
21.5 6.645
21.5 7.392
21.5 6.646
21.5 6.743
21.5 6.781
21.5 7.006
21.5 7.179
21.5 5.38
21.5 5.498
21.5 5.189
21.5 5.625
21.5 6.197
100
16.5 -38.103
16.5 -17.942
16.5 -10.078
16.5 -3.975
18.0 0.107
18.0 2.269
19.0 3.52
19.0 4.054
19.0 3.787
19.0 5.384
19.0 4.884
19.0 4.842
19.0 4.647
19.0 4.688
19.0 5.011
19.0 5.136
19.0 5.203
19.0 4.658
19.5 5.534
19.5 5.503
19.5 6.343
20.0 5.66
20.0 5.364
20.0 5.977
20.0 5.414
20.0 6.434
20.0 6.048
20.0 6.04
20.0 5.941
20.0 6.602
20.0 6.299
20.0 5.479
20.0 6.231
20.0 6.929
20.0 6.783
20.0 6.044
20.0 5.799
20.0 5.607
21.5 5.966
21.5 6.968
21.5 6.46
21.5 4.751
21.5 5.839
21.5 5.908
21.5 6.263
21.5 5.316
21.5 4.841
21.5 4.866
21.5 5.36
21.5 4.119
21.5 3.861
21.5 4.351
21.5 4.572
21.5 5.723
21.5 5.267
21.5 5.565
21.5 5.457
21.5 6.385
21.5 5.907
21.5 5.469
21.5 5.287
21.5 5.293
21.5 5.803
21.5 6.413
21.5 6.041
21.5 6.652
21.5 6.196
21.5 6.307
21.5 6.297
21.5 6.083
21.5 5.632
21.5 5.376
21.5 5.433
21.5 5.854
21.5 5.884
21.5 5.837
21.5 6.341
21.5 5.912
21.5 4.808
21.5 5.859
21.5 6.294
21.5 5.809
21.5 5.428
21.5 5.721
21.5 5.378
21.5 5.032
21.5 5.879
21.5 5.869
21.5 5.701
21.5 5.867
21.5 5.032
21.5 6.752
21.5 5.716
21.5 6.69
21.5 5.278
21.5 5.852
21.5 5.495
21.5 5.244
21.5 5.509
21.5 6.237
100
14.5 -38.637
17.0 -17.585
17.0 -6.847
17.0 -4.097
19.0 -0.412
19.0 1.743
19.0 3.407
19.0 4.662
19.0 3.676
19.0 4.76
19.0 5.19
19.0 5.138
19.0 5.862
19.0 5.669
19.0 5.883
19.0 5.154
19.0 5.566
19.0 5.451
19.0 4.643
19.0 4.928
19.0 4.818
19.0 5.588
19.0 5.564
19.0 5.139
19.0 4.765
19.0 4.323
19.5 5.711
19.5 6.359
20.5 6.113
20.5 5.882
20.5 5.788
20.5 5.402
20.5 6.392
20.5 7.036
20.5 7.274
20.5 6.204
20.5 5.984
20.5 5.432
20.5 6.258
20.5 5.643
20.5 5.626
20.5 6.132
20.5 5.348
20.5 5.55
20.5 5.951
20.5 6.459
20.5 6.429
20.5 6.04
20.5 6.319
20.5 6.271
20.5 5.716
20.5 6.109
20.5 5.732
20.5 5.1
20.5 5.506
20.5 5.755
21.0 5.711
21.0 5.692
21.0 5.969
21.0 5.396
21.0 6.557
21.0 6.627
21.0 6.111
21.0 5.968
21.0 5.963
21.0 7.214
21.0 5.521
21.0 5.87
21.0 5.89
21.0 6.04
21.0 5.693
21.0 5.965
21.0 5.92
21.0 5.997
21.0 6.036
21.0 5.351
21.0 5.969
21.0 5.048
21.0 5.098
21.0 4.86
21.0 5.304
21.0 4.673
21.0 5.248
21.0 6.051
21.0 4.931
21.0 5.189
21.0 6.127
21.0 6.278
21.0 6.457
21.0 6.657
21.0 6.599
21.0 6.561
21.0 5.612
21.0 5.781
21.0 6.134
21.0 7.068
21.0 5.233
21.0 5.788
21.0 5.408
22.5 5.122
100
12.0 -38.408
13.0 -17.212
18.0 -9.465
18.0 -4.276
18.0 -1.628
18.0 1.196
18.0 3.505
18.0 4.235
18.5 5.735
18.5 5.172
18.5 5.66
18.5 4.338
18.5 4.233
18.5 5.149
18.5 5.257
19.0 4.81
19.0 5.942
19.0 5.605
20.0 5.419
20.0 4.224
20.0 5.548
20.0 5.171
20.0 5.031
21.5 4.849
21.5 5.35
21.5 5.207
21.5 5.008
21.5 4.099
21.5 5.681
21.5 5.946
21.5 4.583
21.5 5.183
21.5 5.292
21.5 5.522
21.5 5.608
21.5 5.335
21.5 5.303
21.5 5.377
21.5 5.858
21.5 6.415
21.5 5.638
21.5 6.116
21.5 6.347
21.5 7.047
21.5 6.18
21.5 5.698
21.5 5.746
21.5 5.654
21.5 6.075
21.5 5.711
21.5 7.155
21.5 6.799
21.5 6.09
21.5 5.472
21.5 4.905
21.5 5.03
21.5 5.264
21.5 5.286
21.5 5.404
21.5 5.949
21.5 6.791
21.5 5.892
21.5 5.471
21.5 5.886
21.5 5.518
21.5 5.923
21.5 5.684
21.5 5.339
21.5 4.824
21.5 5.768
21.5 5.769
21.5 5.589
21.5 5.882
22.5 5.352
22.5 5.495
22.5 6.13
22.5 6.041
22.5 6.83
22.5 5.573
22.5 5.84
22.5 6.456
22.5 6.39
22.5 6.445
22.5 5.652
22.5 5.454
22.5 5.531
22.5 4.7
22.5 3.238
22.5 3.314
22.5 4.677
22.5 5.412
22.5 5.976
22.5 5.068
22.5 5.849
22.5 5.337
22.5 5.206
22.5 5.609
22.5 5.399
22.5 4.925
22.5 5.595
100
11.0 -37.045
16.5 -17.517
16.5 -8.037
16.5 -3.122
18.0 0.435
18.0 1.865
21.5 3.897
21.5 4.148
21.5 4.315
21.5 5.395
21.5 4.595
21.5 4.943
21.5 5.141
21.5 5.511
21.5 3.947
21.5 5.151
21.5 4.309
21.5 4.725
21.5 5.26
21.5 5.424
21.5 5.649
21.5 5.509
21.5 5.199
21.5 4.652
21.5 5.138
21.5 5.827
21.5 5.119
21.5 6.134
21.5 5.657
21.5 6.229
21.5 6.141
21.5 5.881
21.5 5.361
21.5 5.18
21.5 5.334
21.5 6.449
21.5 4.952
21.5 4.122
21.5 5.364
21.5 6.108
21.5 6.08
21.5 6.59
21.5 6.598
21.5 5.124
21.5 5.266
21.5 4.849
21.5 5.043
21.5 4.269
21.5 5.027
21.5 6.226
21.5 7.149
21.5 7.524
21.5 6.715
21.5 6.957
21.5 6.31
21.5 5.296
21.5 5.611
21.5 5.816
21.5 6.23
21.5 5.656
21.5 5.243
21.5 5.176
21.5 5.321
23.0 5.809
23.0 6.207
23.0 5.232
23.0 6.218
23.0 5.807
23.0 5.025
23.0 4.842
23.0 5.2
23.0 5.701
23.0 6.5
23.0 5.93
23.0 6.209
23.0 5.645
23.0 5.73
23.0 6.08
23.0 6.209
23.0 5.779
23.0 6.352
23.0 6.428
23.0 5.273
23.0 4.951
23.0 5.447
23.0 4.87
23.0 4.428
23.0 4.439
23.0 5.298
23.0 5.601
23.0 5.231
23.0 5.703
23.0 5.85
23.0 5.255
23.0 5.249
23.0 5.203
23.0 4.628
23.0 4.258
23.0 5.179
23.0 5.18

Individual: [1, 2, 4, 5, 8, 10, 11, 13, 17, 31, 34, 35, 40, 42, 43, 47, 48, 50]
   Fitness: 23.0
     Total: 18
Violations: 4 4

Individual: [2, 3, 5, 6, 12, 13, 16, 17, 34, 35, 37, 38, 44, 46, 47, 48]
   Fitness: 22.0
     Total: 16
Violations: 2 2

Individual: [3, 4, 6, 7, 14, 15, 17, 34, 35, 38, 39, 46, 47, 49, 50]
   Fitness: 22.5
     Total: 15
Violations: 0 0

Individual: [1, 2, 4, 5, 12, 13, 15, 16, 32, 34, 37, 38, 45, 46, 47, 50]
   Fitness: 23.0
     Total: 16
Violations: 1 1

Individual: [1, 2, 5, 6, 13, 15, 16, 18, 32, 36, 38, 39, 45, 47, 50]
   Fitness: 22.5
     Total: 15
Violations: 0 0

Individual: [2, 4, 5, 7, 13, 14, 16, 17, 35, 37, 38, 40, 46, 48, 50]
   Fitness: 21.5
     Total: 15
Violations: 1 1

Individual: [3, 6, 8, 12, 14, 15, 17, 34, 38, 39, 43, 45, 46, 49, 50]
   Fitness: 21.5
     Total: 15
Violations: 1 1

Individual: [1, 2, 5, 7, 10, 14, 16, 17, 34, 37, 38, 41, 43, 46, 47]
   Fitness: 22.5
     Total: 15
Violations: 0 0

Individual: [2, 6, 7, 9, 14, 17, 18, 31, 37, 38, 41, 46, 47, 49, 50]
   Fitness: 22.5
     Total: 15
Violations: 0 0

Individual: [1, 2, 4, 5, 12, 14, 15, 17, 34, 35, 37, 38, 43, 45, 48, 50]
   Fitness: 23.0
     Total: 16
Violations: 1 1
