10
100
16.5 -39.114
16.5 -29.698
16.5 -27.913
16.5 -34.006
16.5 -30.018
16.5 -29.482
16.5 -27.821
16.5 -25.375
16.5 -29.303
16.5 -24.913
16.5 -28.889
16.5 -23.689
16.5 -28.939
16.5 -27.741
16.5 -28.015
16.5 -24.593
16.5 -28.305
16.5 -29.322
16.5 -31.392
16.5 -25.183
16.5 -31.177
16.5 -30.527
16.5 -29.759
16.5 -30.165
16.5 -25.885
16.5 -26.591
16.5 -29.092
16.5 -28.162
16.5 -26.933
16.5 -27.107
16.5 -33.779
16.5 -29.836
16.5 -30.111
16.5 -24.52
16.5 -27.72
16.5 -29.367
16.5 -26.749
16.5 -28.078
16.5 -26.755
16.5 -25.48
16.5 -27.428
16.5 -26.493
16.5 -28.509
16.5 -27.698
16.5 -28.44
16.5 -24.334
16.5 -32.307
16.5 -27.238
16.5 -32.473
16.5 -29.766
16.5 -26.193
16.5 -26.16
16.5 -27.853
16.5 -29.393
16.5 -28.843
16.5 -24.324
16.5 -23.07
16.5 -19.657
16.5 -27.185
16.5 -28.983
16.5 -30.666
16.5 -29.25
16.5 -23.848
16.5 -28.016
16.5 -28.616
16.5 -31.176
16.5 -30.47
16.5 -35.085
16.5 -26.954
16.5 -29.11
16.5 -30.987
16.5 -29.465
16.5 -31.816
16.5 -21.871
16.5 -25.67
16.5 -25.108
16.5 -27.7
16.5 -24.798
16.5 -24.306
16.5 -28.571
16.5 -34.054
16.5 -28.513
16.5 -28.53
16.5 -32.444
16.5 -30.162
16.5 -31.482
16.5 -27.808
16.5 -28.293
16.5 -26.189
16.5 -28.253
16.5 -27.797
16.5 -28.53
16.5 -29.406
16.5 -29.416
16.5 -28.206
16.5 -30.446
16.5 -23.494
16.5 -32.994
16.5 -29.149
16.5 -25.845
100
15.5 -35.928
15.5 -28.048
15.5 -27.279
15.5 -29.038
15.5 -27.947
15.5 -26.374
15.5 -26.47
15.5 -27.22
15.5 -26.203
15.5 -31.876
15.5 -31.853
15.5 -25.063
15.5 -31.181
15.5 -30.139
15.5 -30.201
15.5 -31.346
15.5 -26.051
15.5 -26.251
15.5 -26.46
19.5 -31.734
19.5 -29.556
19.5 -27.767
19.5 -27.895
19.5 -23.209
19.5 -24.769
19.5 -28.18
19.5 -28.256
19.5 -26.904
19.5 -27.167
19.5 -20.969
19.5 -25.363
19.5 -26.536
19.5 -25.5
19.5 -29.184
19.5 -29.506
19.5 -31.376
19.5 -26.64
19.5 -26.128
19.5 -28.087
19.5 -26.873
19.5 -33.269
19.5 -26.228
19.5 -29.908
19.5 -32.176
19.5 -29.931
19.5 -27.17
19.5 -26.436
19.5 -29.271
19.5 -29.754
19.5 -26.952
19.5 -28.646
19.5 -25.877
19.5 -21.068
19.5 -32.923
19.5 -25.515
19.5 -29.322
19.5 -30.399
19.5 -30.139
19.5 -34.789
19.5 -30.319
19.5 -22.993
19.5 -25.226
19.5 -26.68
19.5 -25.211
19.5 -27.692
19.5 -30.025
19.5 -27.072
19.5 -27.393
19.5 -26.698
19.5 -33.201
19.5 -27.934
19.5 -21.278
19.5 -26.523
19.5 -26.959
19.5 -27.962
19.5 -25.202
19.5 -25.067
19.5 -23.915
19.5 -30.423
19.5 -27.9
19.5 -26.224
19.5 -26.64
19.5 -25.97
19.5 -34.804
19.5 -28.419
19.5 -29.137
19.5 -27.706
19.5 -23.362
19.5 -27.856
19.5 -30.075
19.5 -27.47
19.5 -26.413
19.5 -27.128
19.5 -29.08
19.5 -24.363
19.5 -27.89
19.5 -28.39
19.5 -26.605
19.5 -35.196
19.5 -27.098
100
13.0 -37.127
13.0 -26.921
15.5 -27.744
15.5 -28.556
15.5 -27.887
15.5 -24.302
16.0 -30.459
16.0 -30.462
16.0 -28.165
16.0 -28.071
16.0 -27.47
16.0 -26.94
16.0 -30.784
16.0 -26.097
16.0 -25.196
16.0 -27.179
16.0 -28.757
16.0 -29.083
16.0 -22.602
16.0 -27.68
16.0 -23.991
16.0 -29.721
17.5 -30.059
17.5 -27.713
17.5 -26.402
17.5 -28.535
17.5 -25.327
17.5 -27.395
17.5 -28.626
17.5 -29.501
17.5 -27.739
17.5 -32.186
17.5 -25.611
17.5 -37.272
17.5 -25.758
17.5 -26.505
17.5 -35.413
17.5 -31.089
17.5 -26.879
17.5 -30.433
17.5 -33.5
17.5 -28.892
17.5 -24.769
17.5 -30.957
17.5 -29.302
17.5 -28.031
17.5 -27.682
17.5 -28.218
17.5 -28.871
17.5 -31.971
17.5 -28.157
17.5 -23.595
17.5 -26.047
17.5 -27.824
17.5 -28.789
17.5 -29.217
17.5 -32.001
17.5 -28.194
17.5 -25.6
17.5 -28.17
17.5 -25.572
17.5 -33.317
17.5 -27.008
17.5 -38.553
17.5 -22.813
17.5 -27.356
17.5 -29.523
17.5 -28.233
17.5 -26.548
17.5 -29.404
17.5 -26.797
17.5 -28.545
17.5 -28.422
17.5 -28.792
17.5 -30.583
18.5 -29.688
18.5 -30.985
18.5 -28.433
18.5 -29.567
18.5 -30.012
18.5 -26.641
18.5 -29.787
18.5 -26.289
18.5 -26.156
18.5 -31.149
18.5 -24.875
18.5 -29.378
18.5 -27.402
18.5 -27.717
18.5 -33.773
18.5 -27.722
18.5 -30.329
18.5 -26.627
18.5 -28.846
18.5 -27.599
18.5 -26.578
18.5 -27.085
18.5 -26.506
18.5 -24.245
18.5 -29.356
100
13.0 -36.735
13.0 -26.884
13.0 -25.868
13.0 -23.009
17.5 -27.5
17.5 -27.647
17.5 -28.284
17.5 -30.225
17.5 -27.841
17.5 -24.742
17.5 -29.249
17.5 -21.215
17.5 -32.583
17.5 -27.306
17.5 -27.946
17.5 -28.191
17.5 -27.804
17.5 -27.717
17.5 -26.492
17.5 -28.915
17.5 -30.2
17.5 -31.316
17.5 -30.128
17.5 -27.076
17.5 -30.453
17.5 -24.956
17.5 -27.436
17.5 -31.02
17.5 -26.077
17.5 -24.496
17.5 -28.461
17.5 -27.49
17.5 -27.559
17.5 -28.665
17.5 -25.562
17.5 -29.462
17.5 -27.854
17.5 -27.052
17.5 -27.204
17.5 -29.439
17.5 -26.612
17.5 -27.594
17.5 -26.247
17.5 -26.461
17.5 -31.047
17.5 -29.601
17.5 -28.412
17.5 -32.439
17.5 -21.605
17.5 -25.051
17.5 -25.227
17.5 -32.474
17.5 -28.946
17.5 -28.816
17.5 -25.919
17.5 -32.981
17.5 -28.862
17.5 -28.736
17.5 -29.799
17.5 -30.543
17.5 -27.348
17.5 -27.366
17.5 -30.092
17.5 -31.837
17.5 -28.063
17.5 -30.516
17.5 -29.395
17.5 -29.225
17.5 -27.362
17.5 -31.06
17.5 -29.043
17.5 -28.938
17.5 -25.182
17.5 -25.639
17.5 -33.802
17.5 -28.189
17.5 -25.814
17.5 -29.787
17.5 -29.084
17.5 -29.209
17.5 -26.166
17.5 -25.282
17.5 -29.382
17.5 -26.894
17.5 -26.601
17.5 -25.349
17.5 -25.476
17.5 -26.777
17.5 -27.419
17.5 -31.169
17.5 -26.183
17.5 -27.645
17.5 -25.693
17.5 -25.434
17.5 -28.551
17.5 -23.977
17.5 -27.851
17.5 -28.155
17.5 -27.059
17.5 -29.275
100
11.5 -37.172
13.0 -27.287
15.5 -28.168
15.5 -25.914
15.5 -28.728
15.5 -32.474
18.5 -27.108
18.5 -29.399
18.5 -34.507
18.5 -27.287
18.5 -26.864
18.5 -29.076
18.5 -24.553
18.5 -25.011
18.5 -31.043
18.5 -28.618
18.5 -27.372
18.5 -26.198
18.5 -30.292
18.5 -29.12
18.5 -29.13
18.5 -25.226
18.5 -28.049
18.5 -29.997
18.5 -23.246
18.5 -32.549
18.5 -30.012
18.5 -29.408
18.5 -24.358
18.5 -24.864
18.5 -28.807
18.5 -25.771
18.5 -31.185
18.5 -27.618
18.5 -25.171
18.5 -25.802
18.5 -26.214
18.5 -26.909
18.5 -24.665
18.5 -24.823
18.5 -24.132
18.5 -29.548
18.5 -27.515
18.5 -32.139
18.5 -33.885
18.5 -27.707
18.5 -31.874
18.5 -27.591
18.5 -30.586
18.5 -29.544
18.5 -34.374
18.5 -29.889
18.5 -31.684
18.5 -31.914
18.5 -23.935
18.5 -27.878
18.5 -28.132
18.5 -31.777
18.5 -27.566
18.5 -23.067
18.5 -24.352
18.5 -28.464
18.5 -30.666
18.5 -28.392
18.5 -29.643
18.5 -26.818
18.5 -27.165
18.5 -28.49
18.5 -25.041
18.5 -35.16
18.5 -29.941
18.5 -29.06
18.5 -29.18
18.5 -23.708
18.5 -31.461
18.5 -31.262
18.5 -27.982
18.5 -21.747
18.5 -25.316
18.5 -33.826
18.5 -28.739
18.5 -27.536
18.5 -25.174
18.5 -25.361
18.5 -25.793
18.5 -23.021
18.5 -35.761
18.5 -26.99
18.5 -27.532
18.5 -31.662
18.5 -28.228
18.5 -29.518
18.5 -29.303
18.5 -27.763
18.5 -28.386
18.5 -26.59
18.5 -30.62
18.5 -27.828
18.5 -26.824
18.5 -33.023
100
13.0 -37.36
13.0 -29.986
13.5 -30.004
13.5 -27.579
15.0 -30.406
15.0 -30.642
15.0 -28.759
15.0 -31.332
15.0 -26.24
15.0 -27.758
15.0 -30.439
15.0 -31.601
15.0 -27.967
15.0 -31.887
15.0 -31.087
15.0 -30.205
15.0 -29.513
16.0 -31.181
16.0 -27.169
16.0 -27.696
16.0 -29.2
16.0 -30.383
16.0 -30.209
16.0 -32.622
16.0 -30.572
16.0 -36.816
16.0 -29.198
16.0 -27.632
16.0 -27.034
16.0 -27.5
16.0 -27.479
16.0 -25.948
16.0 -31.418
16.0 -24.076
16.0 -26.186
16.0 -45.81
16.0 -29.128
16.0 -25.721
16.0 -28.367
16.0 -30.07
16.0 -29.504
16.0 -30.654
16.0 -30.863
16.0 -27.227
16.0 -25.38
16.0 -28.886
16.0 -26.547
16.0 -33.918
16.0 -30.229
16.0 -29.46
16.0 -26.516
16.0 -27.475
16.0 -28.14
16.0 -30.196
16.0 -27.119
16.0 -23.69
16.0 -29.044
16.0 -27.745
16.0 -23.057
16.0 -31.366
16.0 -25.059
16.0 -29.463
16.0 -31.652
16.0 -28.233
16.0 -29.432
16.0 -30.124
16.0 -29.591
16.0 -30.352
16.0 -27.094
16.0 -26.52
16.0 -23.946
16.0 -31.41
16.0 -30.002
16.0 -27.558
16.0 -31.302
16.0 -28.67
16.0 -26.883
16.0 -24.764
16.5 -27.008
16.5 -26.626
16.5 -29.602
16.5 -25.087
16.5 -26.769
16.5 -25.746
16.5 -31.409
16.5 -25.272
16.5 -27.156
16.5 -28.154
16.5 -28.589
16.5 -22.879
16.5 -28.531
16.5 -30.006
16.5 -27.838
16.5 -31.001
16.5 -28.69
16.5 -28.228
16.5 -27.428
16.5 -24.884
16.5 -24.835
16.5 -26.597
100
12.0 -36.785
12.0 -27.678
12.0 -30.489
12.5 -30.112
12.5 -27.612
12.5 -32.138
12.5 -26.564
12.5 -28.841
16.0 -25.852
16.0 -30.98
18.0 -25.958
18.0 -28.387
18.0 -30.045
18.0 -23.932
18.0 -32.124
18.0 -28.629
18.0 -29.449
18.0 -31.154
18.0 -28.505
18.0 -32.622
18.0 -28.821
18.0 -26.628
18.0 -29.99
18.0 -29.084
18.0 -28.355
18.0 -29.756
18.0 -33.544
18.0 -28.597
18.0 -25.177
18.0 -27.158
18.0 -24.843
18.0 -26.861
18.0 -29.91
18.0 -30.021
18.0 -31.837
18.0 -28.575
18.0 -31.483
18.0 -27.145
18.0 -29.039
18.0 -26.09
18.0 -28.912
18.0 -27.843
18.0 -24.508
18.0 -29.803
18.0 -30.514
18.0 -26.842
18.0 -38.933
18.0 -27.613
18.0 -29.179
18.0 -27.764
18.0 -30.266
18.0 -28.62
18.0 -25.695
18.0 -30.362
18.0 -24.891
18.0 -28.275
18.0 -28.963
18.0 -27.991
18.0 -21.023
18.0 -18.928
18.0 -49.805
18.0 -33.765
18.0 -29.98
18.0 -26.672
18.0 -25.355
18.0 -35.795
18.0 -27.417
18.0 -27.49
18.0 -28.96
18.0 -27.92
18.0 -25.689
18.0 -27.739
18.0 -27.383
18.0 -27.69
18.0 -26.899
18.0 -27.349
18.0 -31.362
18.0 -30.415
18.0 -27.376
18.0 -25.262
18.0 -30.819
18.0 -27.899
18.0 -29.823
18.0 -29.29
18.0 -29.493
18.0 -33.307
18.0 -32.758
18.0 -26.905
18.0 -34.333
18.0 -34.557
18.0 -24.751
18.0 -28.249
18.0 -26.911
18.0 -26.72
18.0 -29.798
18.0 -27.853
18.0 -29.899
18.0 -29.293
18.0 -27.645
18.0 -29.893
100
11.0 -35.955
13.0 -26.385
13.0 -27.781
13.0 -28.553
13.0 -27.643
13.0 -30.637
13.0 -29.697
13.0 -25.029
15.0 -28.003
15.0 -25.135
15.0 -27.267
15.0 -29.8
15.0 -34.367
15.0 -23.93
15.0 -30.102
15.0 -30.833
15.5 -26.095
15.5 -28.305
15.5 -28.29
15.5 -27.707
15.5 -28.755
15.5 -27.569
15.5 -29.08
15.5 -28.1
15.5 -28.427
15.5 -28.291
15.5 -29.336
17.0 -30.646
17.0 -27.494
17.0 -29.564
17.0 -31.384
17.0 -27.887
17.0 -27.432
17.0 -29.575
17.0 -27.79
17.0 -24.271
17.0 -32.127
17.0 -29.138
17.0 -29.839
17.0 -31.842
17.0 -29.279
17.0 -33.006
17.0 -28.983
17.0 -28.782
17.0 -24.539
17.0 -28.138
17.0 -25.308
17.0 -24.974
17.0 -29.069
17.0 -26.133
17.0 -24.944
17.0 -23.979
17.0 -28.864
17.0 -40.229
17.0 -27.206
17.0 -29.389
17.0 -26.727
17.0 -26.707
17.0 -29.966
17.0 -28.893
17.0 -26.777
17.0 -22.81
17.0 -32.998
17.0 -27.555
17.0 -28.873
17.0 -28.578
17.0 -28.874
17.0 -28.189
17.0 -29.172
17.0 -26.147
17.0 -27.69
17.0 -31.383
17.0 -28.977
17.0 -23.454
17.0 -29.717
17.0 -33.835
17.0 -28.758
17.0 -29.466
17.0 -25.185
17.0 -35.897
17.0 -26.267
17.0 -28.703
17.0 -25.764
17.0 -29.322
17.0 -28.606
17.0 -30.619
17.0 -28.48
17.0 -29.482
17.0 -31.65
17.0 -32.272
17.0 -28.207
17.0 -29.178
17.0 -28.445
17.0 -26.43
17.0 -33.582
17.0 -27.317
17.0 -28.522
17.0 -25.507
17.0 -29.132
17.0 -27.123
100
12.0 -38.281
12.0 -28.403
15.0 -27.098
15.0 -33.747
15.0 -25.07
15.0 -34.397
15.0 -32.404
15.0 -28.775
15.0 -25.901
15.0 -33.46
15.0 -25.914
16.0 -25.644
16.0 -25.114
16.0 -25.968
16.0 -26.578
16.0 -28.476
16.0 -28.349
16.0 -28.04
18.0 -29.674
18.0 -25.317
18.0 -25.548
18.0 -27.991
18.0 -27.339
18.0 -30.219
18.0 -30.561
18.0 -28.135
18.0 -32.675
18.0 -26.865
18.0 -30.577
18.0 -28.619
18.0 -28.445
18.0 -28.594
18.0 -25.711
18.0 -25.367
18.0 -27.931
18.0 -21.751
18.0 -30.222
18.0 -28.233
18.0 -30.605
18.0 -27.612
18.0 -24.353
18.0 -25.089
18.0 -27.588
18.0 -26.781
18.0 -22.491
18.0 -28.478
18.0 -32.129
18.0 -28.944
18.0 -25.055
18.0 -28.891
18.0 -25.292
18.0 -31.179
18.0 -24.551
18.0 -29.713
18.0 -24.105
18.0 -27.099
18.0 -24.98
18.0 -35.115
18.0 -27.507
18.0 -24.813
18.0 -25.971
18.0 -19.786
18.0 -21.091
18.0 -13.621
18.0 -18.149
18.0 -31.546
18.0 -26.758
18.0 -32.929
18.0 -30.933
18.0 -30.403
18.0 -31.614
18.0 -23.969
18.0 -29.338
18.0 -25.268
18.0 -26.964
18.0 -31.208
18.0 -30.169
18.0 -25.81
18.0 -27.749
18.0 -27.709
18.0 -30.558
18.0 -24.741
18.0 -31.808
18.0 -32.423
18.0 -29.584
18.0 -28.22
18.0 -29.934
18.0 -23.011
18.0 -25.766
18.0 -25.98
18.0 -27.459
18.0 -25.976
18.0 -30.134
18.0 -33.424
18.0 -27.276
18.0 -27.872
18.0 -31.502
18.0 -24.386
18.0 -28.996
18.0 -25.451
100
11.0 -36.515
13.0 -27.833
13.0 -28.385
14.5 -32.773
15.5 -28.545
15.5 -27.503
15.5 -25.375
15.5 -26.744
15.5 -26.184
15.5 -25.818
15.5 -23.259
15.5 -33.503
15.5 -29.528
15.5 -30.792
15.5 -30.162
15.5 -27.91
15.5 -28.683
15.5 -26.688
16.0 -25.335
16.0 -29.068
16.0 -32.304
16.0 -30.696
16.0 -29.542
16.0 -28.528
16.0 -28.847
16.0 -26.115
16.0 -26.277
16.0 -31.096
16.0 -26.961
16.0 -28.023
16.0 -27.006
17.0 -27.963
17.0 -33.648
17.0 -30.539
17.0 -23.446
17.0 -29.789
17.0 -28.739
17.0 -27.468
17.0 -28.996
17.0 -31.98
17.0 -26.467
17.0 -29.979
17.0 -28.614
17.0 -26.583
17.0 -27.153
17.0 -29.755
17.0 -26.559
17.0 -27.175
17.0 -27.521
17.0 -28.507
17.0 -31.366
17.0 -29.77
17.0 -24.235
17.0 -27.884
17.0 -29.582
17.0 -29.07
17.0 -25.444
17.0 -30.804
17.0 -25.899
17.0 -29.98
17.0 -24.791
17.0 -29.208
17.0 -24.586
17.0 -28.197
17.0 -28.995
17.0 -28.442
17.0 -30.808
17.0 -25.624
17.0 -27.86
17.0 -27.662
17.0 -24.436
17.0 -29.378
17.0 -30.053
17.0 -30.584
17.0 -25.668
17.0 -30.207
17.0 -31.722
17.0 -28.983
17.0 -30.648
17.0 -27.125
17.0 -28.221
17.0 -27.453
17.0 -33.206
17.0 -27.444
17.0 -27.814
17.0 -25.714
17.0 -22.613
17.0 -26.697
17.0 -29.534
17.0 -30.978
17.0 -25.554
17.0 -25.658
17.0 -25.23
17.0 -26.37
17.0 -27.249
17.0 -31.407
17.0 -26.405
17.0 -24.606
17.0 -26.391
17.0 -29.648

Individual: [1, 3, 4, 10, 12, 15, 34, 35, 36, 39, 40, 42, 48]
   Fitness: 16.5
     Total: 13
Violations: 3 3

Individual: [4, 5, 7, 9, 13, 15, 18, 33, 34, 36, 37, 40, 42, 45, 49]
   Fitness: 19.5
     Total: 15
Violations: 3 3

Individual: [3, 4, 7, 8, 15, 19, 21, 32, 33, 37, 42, 43, 47, 48, 50]
   Fitness: 18.5
     Total: 15
Violations: 4 4

Individual: [1, 3, 7, 8, 10, 14, 16, 27, 28, 32, 37, 43, 45, 48, 50]
   Fitness: 17.5
     Total: 15
Violations: 5 3

Individual: [5, 8, 14, 19, 20, 25, 28, 34, 37, 38, 41, 43, 46, 47, 50]
   Fitness: 18.5
     Total: 15
Violations: 4 4

Individual: [1, 4, 5, 6, 10, 11, 15, 18, 22, 23, 33, 36, 37, 39, 46, 47, 50]
   Fitness: 16.5
     Total: 17
Violations: 9 7

Individual: [4, 6, 11, 12, 14, 18, 19, 28, 33, 36, 37, 40, 45, 46, 48, 49]
   Fitness: 18.0
     Total: 16
Violations: 6 5

Individual: [1, 2, 4, 5, 17, 20, 21, 23, 28, 29, 34, 42, 43, 48, 49, 50]
   Fitness: 17.0
     Total: 16
Violations: 7 6

Individual: [1, 3, 4, 9, 14, 17, 18, 20, 38, 40, 41, 43, 47, 48, 49, 50]
   Fitness: 18.0
     Total: 16
Violations: 6 5

Individual: [1, 3, 6, 7, 10, 14, 20, 24, 27, 31, 33, 42, 43, 45, 49, 50]
   Fitness: 17.0
     Total: 16
Violations: 7 6
