10
50
12.0 -35.814
12.0 -8.428
14.5 -2.606
17.0 3.725
17.0 5.687
17.0 6.149
18.5 7.173
19.0 8.738
19.0 9.779
19.5 9.323
20.5 9.601
20.5 9.591
20.5 8.807
20.5 10.102
21.0 10.156
21.0 11.59
21.5 11.657
21.5 11.19
21.5 11.95
21.5 10.359
22.5 11.717
22.5 11.246
22.5 11.739
22.5 10.792
22.5 12.206
22.5 12.237
22.5 11.589
22.5 11.99
22.5 12.952
22.5 12.101
23.0 11.6
23.0 10.5
23.0 11.733
23.0 10.701
23.0 11.77
23.0 11.08
23.0 11.452
23.0 12.309
23.0 11.71
23.0 11.4
23.0 10.933
23.0 11.613
23.0 11.75
23.0 11.164
23.0 11.899
23.0 10.871
23.0 11.979
24.0 11.508
24.0 12.729
24.0 10.856
50
11.0 -38.881
12.5 -10.17
15.5 -2.768
18.5 1.813
18.5 6.14
18.5 7.262
18.5 7.764
21.0 9.38
21.0 10.005
21.0 11.184
21.0 10.409
21.0 10.801
21.0 9.266
21.0 7.797
21.0 10.767
21.0 11.645
23.5 11.578
23.5 9.503
23.5 11.458
23.5 10.43
23.5 9.98
23.5 9.86
23.5 10.097
23.5 9.985
23.5 11.901
23.5 10.999
23.5 12.034
23.5 12.507
23.5 12.414
23.5 11.234
24.0 12.188
24.0 11.624
24.0 11.188
24.0 12.41
24.0 12.404
24.0 12.623
24.0 12.418
24.0 13.047
24.0 11.283
24.0 11.385
24.0 13.262
24.0 12.672
24.0 11.306
24.0 12.398
24.0 13.108
24.0 13.554
24.0 12.221
24.0 11.433
24.0 12.047
24.0 13.127
50
13.0 -37.072
13.5 -8.055
16.0 -1.089
16.0 4.027
17.5 3.034
17.5 4.434
19.0 8.842
19.0 6.38
19.5 7.372
20.5 7.86
20.5 6.818
20.5 7.938
20.5 9.424
20.5 8.091
20.5 9.147
20.5 10.921
21.5 9.426
22.0 11.417
22.0 10.656
22.0 11.064
22.0 10.699
22.0 12.459
22.0 11.203
22.0 11.426
22.0 11.804
22.5 12.312
22.5 12.132
22.5 11.583
22.5 11.189
23.0 10.662
23.0 12.827
23.0 11.68
23.0 12.661
23.5 11.021
23.5 12.478
23.5 11.693
23.5 12.844
23.5 11.305
23.5 12.29
23.5 11.163
24.0 12.239
24.0 12.626
24.0 10.403
24.0 10.835
24.0 12.575
24.0 12.541
24.0 13.359
24.0 12.92
24.0 13.557
24.0 12.068
50
13.5 -37.053
14.0 -8.769
15.5 -2.268
17.0 4.514
17.5 4.09
18.5 7.082
18.5 9.454
18.5 9.673
18.5 10.081
20.0 8.719
20.0 10.57
20.0 11.109
20.5 11.123
22.0 9.547
22.0 11.006
22.0 10.81
22.0 10.735
22.0 10.539
22.5 10.891
22.5 11.757
22.5 11.838
22.5 12.167
22.5 12.267
22.5 11.654
23.5 12.821
23.5 12.013
24.5 13.467
24.5 12.204
24.5 11.23
24.5 11.723
24.5 11.312
24.5 11.449
24.5 12.925
24.5 13.297
24.5 10.675
24.5 13.025
24.5 14.125
24.5 12.235
24.5 12.576
24.5 12.994
24.5 12.076
24.5 12.678
24.5 13.202
24.5 12.574
24.5 12.754
24.5 14.558
24.5 13.096
24.5 13.337
24.5 12.552
24.5 12.8
50
13.0 -36.591
16.0 -6.291
17.5 0.266
17.5 3.718
17.5 7.256
17.5 7.404
17.5 8.341
18.0 9.259
18.0 9.804
19.0 10.343
19.0 9.439
19.5 9.649
19.5 11.487
19.5 10.68
20.0 10.301
20.0 8.638
21.5 10.574
21.5 11.402
21.5 11.697
22.5 11.054
22.5 11.145
22.5 11.703
22.5 12.258
22.5 11.526
22.5 10.183
22.5 11.348
22.5 10.983
22.5 10.886
22.5 11.029
22.5 10.842
22.5 9.216
23.0 9.859
23.0 10.792
23.0 12.216
23.5 11.835
23.5 10.79
23.5 11.315
23.5 11.942
23.5 12.593
23.5 12.816
23.5 11.841
23.5 12.127
23.5 11.825
23.5 11.338
24.0 10.742
24.0 11.811
24.5 11.45
24.5 12.932
24.5 13.319
24.5 12.075
50
11.5 -38.404
11.5 -10.961
16.0 -5.302
18.0 0.586
18.0 3.087
18.0 5.264
18.0 6.099
20.5 5.534
20.5 9.093
20.5 8.924
20.5 9.32
20.5 9.908
21.0 9.893
21.0 9.185
21.0 10.974
22.0 10.845
22.0 11.015
22.0 12.232
22.0 11.357
24.0 8.299
24.0 10.981
24.0 11.205
24.0 11.262
24.0 12.519
24.0 13.002
24.0 12.467
24.0 12.383
24.0 12.112
24.0 11.405
24.0 12.615
24.0 11.903
24.0 11.602
24.0 13.511
24.0 12.417
24.0 10.46
24.0 13.398
24.0 12.351
24.0 12.612
24.0 12.162
24.0 12.099
24.0 14.366
24.0 13.248
24.0 13.695
24.0 11.464
24.0 13.582
24.0 13.451
24.0 14.246
24.0 13.694
24.0 12.926
24.0 12.714
50
12.0 -37.539
16.5 -8.477
16.5 -1.27
16.5 2.391
17.0 5.807
17.5 5.381
17.5 8.052
18.5 7.717
18.5 7.563
20.0 8.799
20.0 10.175
20.0 9.367
20.0 9.932
20.5 10.703
20.5 10.363
20.5 10.326
20.5 10.19
21.0 11.52
21.0 9.384
21.0 9.521
21.0 11.886
22.0 11.715
22.0 12.532
22.0 12.56
22.0 12.384
22.0 11.329
22.0 11.148
23.0 11.32
23.0 11.533
23.5 12.661
23.5 12.024
24.0 10.821
24.0 12.639
24.0 10.413
24.0 11.465
24.0 12.014
24.0 12.232
24.0 12.298
24.0 10.913
24.0 12.581
24.0 12.577
24.0 11.585
24.0 12.677
24.0 12.742
24.0 14.512
24.0 12.678
24.0 11.868
24.5 13.163
24.5 11.043
24.5 13.216
50
8.5 -36.858
13.0 -9.213
13.5 -2.203
17.0 2.356
18.5 4.494
18.5 6.462
19.0 7.309
19.0 8.824
19.0 10.087
19.0 7.212
19.0 9.159
19.0 10.047
20.5 9.49
20.5 10.956
20.5 9.403
20.5 9.998
20.5 10.106
21.0 11.409
21.0 11.403
21.0 10.486
21.0 10.751
21.5 9.823
21.5 10.801
21.5 9.44
21.5 10.466
21.5 10.244
21.5 10.903
22.0 9.061
22.0 11.842
22.0 10.894
22.0 10.505
22.0 10.31
22.0 9.871
22.5 10.492
22.5 9.211
22.5 10.869
22.5 10.977
22.5 11.374
22.5 11.581
22.5 10.972
22.5 10.799
22.5 10.055
23.0 12.178
24.0 11.168
24.0 10.164
24.0 11.702
24.0 11.835
24.0 13.843
24.0 13.974
24.0 11.288
50
13.5 -36.977
15.0 -7.286
15.0 -0.299
16.5 3.19
17.0 6.189
18.5 6.411
18.5 6.898
18.5 8.941
18.5 8.77
19.0 8.242
19.0 10.32
20.0 10.948
20.0 10.914
20.0 10.344
20.5 11.286
20.5 11.626
20.5 10.143
22.0 9.922
22.0 10.056
22.0 10.767
22.5 11.721
22.5 10.56
22.5 12.179
22.5 10.514
22.5 12.699
22.5 11.395
23.0 12.518
23.0 11.42
23.0 13.123
23.0 12.005
23.0 13.497
23.0 12.281
23.0 12.524
23.0 12.001
23.0 11.932
23.0 11.926
23.0 13.178
23.0 13.6
23.0 12.243
23.0 12.08
23.0 11.438
23.5 13.894
23.5 14.469
23.5 13.891
23.5 12.862
24.0 13.361
24.0 13.831
24.0 13.808
24.0 13.125
24.5 12.18
50
10.5 -37.983
14.0 -9.408
17.5 -1.197
17.5 2.693
17.5 5.349
18.5 7.381
18.5 8.6
19.0 9.029
19.0 10.53
19.0 10.217
19.0 10.588
20.0 9.614
20.5 11.235
20.5 9.775
20.5 11.155
21.0 11.043
21.0 11.207
21.0 11.485
21.0 11.56
21.0 12.149
21.5 10.47
22.5 11.747
22.5 10.583
22.5 11.119
22.5 12.525
23.0 11.724
23.0 10.441
23.0 13.321
23.5 11.293
24.0 11.894
24.0 12.873
24.0 12.126
24.0 12.881
24.0 13.05
24.0 11.132
24.0 11.69
24.0 12.159
24.0 11.536
24.0 11.905
24.0 12.229
24.5 11.956
24.5 13.015
24.5 11.983
24.5 14.384
24.5 12.177
24.5 13.398
24.5 13.967
24.5 12.913
24.5 12.646
24.5 13.384

Individual: [2, 4, 7, 8, 11, 13, 16, 17, 34, 36, 37, 39, 43, 45, 46, 48]
   Fitness: 24.0
     Total: 16
Violations: 0 0

Individual: [2, 3, 5, 6, 11, 12, 14, 15, 34, 37, 38, 41, 46, 47, 49, 50]
   Fitness: 24.0
     Total: 16
Violations: 0 0

Individual: [2, 4, 5, 7, 11, 13, 14, 16, 33, 34, 36, 37, 42, 44, 45, 49]
   Fitness: 24.0
     Total: 16
Violations: 0 0

Individual: [1, 3, 4, 6, 10, 12, 13, 15, 32, 34, 35, 37, 41, 43, 44, 46, 50]
   Fitness: 24.5
     Total: 17
Violations: 1 1

Individual: [1, 2, 4, 5, 10, 12, 13, 17, 18, 36, 37, 39, 40, 45, 46, 48, 49]
   Fitness: 24.5
     Total: 17
Violations: 1 1

Individual: [2, 4, 5, 7, 11, 13, 14, 16, 34, 35, 40, 41, 43, 44, 49, 50]
   Fitness: 24.0
     Total: 16
Violations: 0 0

Individual: [1, 2, 4, 5, 10, 13, 14, 17, 28, 34, 35, 37, 38, 44, 45, 47, 48]
   Fitness: 24.5
     Total: 17
Violations: 1 1

Individual: [1, 2, 4, 8, 10, 11, 13, 17, 36, 37, 39, 40, 46, 47, 49, 50]
   Fitness: 24.0
     Total: 16
Violations: 0 0

Individual: [1, 2, 4, 5, 12, 14, 15, 17, 18, 36, 37, 39, 40, 46, 47, 49, 50]
   Fitness: 24.5
     Total: 17
Violations: 1 1

Individual: [1, 3, 4, 6, 10, 12, 13, 15, 32, 33, 36, 37, 44, 45, 47, 48, 50]
   Fitness: 24.5
     Total: 17
Violations: 1 1
