10
500
10.0 -36.279
11.5 -12.755
15.0 -1.082
15.0 4.419
16.5 7.202
16.5 9.823
17.0 11.281
17.5 12.519
18.5 13.703
19.0 14.062
19.0 14.333
19.5 14.579
20.5 14.348
20.5 14.906
20.5 15.293
21.0 16.113
21.5 16.334
21.5 16.449
21.5 16.902
21.5 16.888
21.5 17.257
22.0 17.127
22.0 17.372
22.0 17.96
22.0 18.366
22.0 18.833
22.0 18.877
22.5 18.745
22.5 19.223
22.5 18.78
22.5 18.948
22.5 19.479
22.5 19.203
23.5 18.181
24.0 18.872
24.0 19.009
24.0 19.143
24.0 19.333
24.0 19.758
24.0 19.576
24.0 20.488
24.0 20.513
24.0 20.958
24.0 21.006
24.0 21.188
24.0 21.605
24.0 21.181
24.0 21.812
24.0 21.712
24.0 22.17
24.0 22.119
24.0 21.72
24.0 21.546
24.0 21.478
24.0 21.415
24.0 21.52
24.0 21.015
24.0 21.197
24.0 21.249
24.0 21.308
24.0 21.423
24.0 21.59
24.0 21.528
24.0 21.555
24.0 21.782
24.0 21.693
24.0 21.627
24.0 21.426
24.0 21.766
24.0 21.646
24.0 21.898
24.0 21.533
24.0 21.665
24.0 21.609
24.0 21.697
24.0 21.857
24.0 21.833
24.0 21.724
24.0 21.738
24.0 21.455
24.0 21.556
24.0 21.226
24.0 21.546
24.0 21.945
24.0 21.59
24.0 21.522
24.0 21.774
24.0 21.612
24.0 21.679
24.0 21.977
24.0 21.883
24.0 21.682
24.0 21.439
24.0 21.808
24.0 21.451
24.0 21.69
24.0 21.364
24.0 22.007
24.0 21.642
24.0 21.734
24.0 21.518
24.0 21.697
24.0 21.119
24.0 21.326
24.0 21.673
24.0 21.651
24.0 21.309
24.0 21.627
24.0 21.557
24.0 21.729
24.0 21.224
24.0 21.017
24.0 21.253
24.0 21.513
24.0 21.642
24.0 21.743
24.0 21.627
24.0 21.812
24.0 21.308
24.0 21.574
24.0 21.466
24.0 21.296
24.0 21.511
24.0 21.661
24.0 21.575
24.0 21.68
24.0 21.481
24.0 21.343
24.0 22.017
24.0 21.274
24.0 21.56
24.0 21.807
24.0 21.349
24.0 21.751
24.0 21.719
24.0 20.941
24.0 21.401
24.0 21.849
24.0 21.527
24.0 21.524
24.0 21.74
24.0 21.355
24.0 21.315
24.0 21.467
24.0 21.344
24.0 21.582
24.0 21.867
24.0 21.93
24.0 21.134
24.0 21.699
24.0 21.71
24.0 22.209
24.0 21.43
24.0 21.632
24.0 21.636
24.0 21.942
24.0 21.654
24.0 21.844
24.0 21.623
24.0 21.669
24.0 21.825
24.0 21.639
24.0 21.788
24.0 21.466
24.0 21.833
24.0 21.257
24.0 21.597
24.0 21.698
24.0 21.901
24.0 21.438
24.0 21.913
24.0 21.571
24.0 21.759
24.0 21.709
24.0 21.553
24.0 21.568
24.0 22.016
24.0 21.884
24.0 21.547
24.0 21.392
24.0 21.768
24.0 21.443
24.0 21.456
24.0 21.355
24.0 21.711
24.0 21.889
24.0 21.834
24.0 21.841
24.0 21.464
24.0 21.782
24.0 21.889
24.0 21.578
24.0 21.927
24.0 21.79
24.0 21.427
24.0 21.978
24.0 22.007
24.0 21.159
24.0 21.411
24.0 21.808
24.0 21.894
24.0 21.744
24.0 21.793
24.0 21.492
24.0 21.746
24.0 21.292
24.0 20.928
24.0 21.394
24.0 21.323
24.0 21.335
24.0 21.684
24.0 21.662
24.0 21.522
24.0 21.813
24.0 21.58
24.0 21.878
24.0 21.775
24.0 21.869
24.0 21.445
24.0 21.09
24.0 21.736
24.0 21.614
24.0 21.636
24.0 21.739
24.0 22.094
24.0 21.841
24.0 21.555
24.0 21.777
24.0 21.808
24.0 21.818
24.0 21.65
24.0 21.649
24.0 21.964
24.0 21.624
24.0 21.679
24.0 21.872
24.0 21.83
24.0 21.664
24.0 21.479
24.0 21.846
24.0 21.961
24.0 22.005
24.0 21.584
24.0 21.7
24.0 21.42
24.0 21.566
24.0 21.938
24.0 21.307
24.0 21.597
24.0 21.612
24.0 21.197
24.0 21.633
24.0 22.008
24.0 21.744
24.0 21.669
24.0 21.83
24.0 21.16
24.0 21.86
24.0 22.146
24.0 21.843
24.0 21.678
24.0 21.458
24.0 21.863
24.0 21.576
24.0 21.905
24.0 21.519
24.0 21.421
24.0 21.715
24.0 21.553
24.0 21.76
24.0 21.427
24.0 21.498
24.0 21.265
24.0 21.611
24.0 21.45
24.0 21.462
24.0 21.595
24.0 21.254
24.0 21.487
24.0 21.537
24.0 21.747
24.0 21.548
24.0 21.366
24.0 21.623
24.0 21.589
24.0 21.927
24.0 21.631
24.0 21.856
24.0 21.915
24.0 21.442
24.0 21.95
24.0 21.394
24.0 21.692
24.0 21.565
24.0 21.876
24.0 22.005
24.0 21.792
24.0 21.986
24.0 21.9
24.0 21.317
24.0 21.615
24.0 21.733
24.0 21.322
24.0 21.455
24.0 21.38
24.0 21.537
24.0 21.525
24.0 21.328
24.0 21.459
24.0 21.472
24.0 21.363
24.0 21.422
24.0 21.717
24.0 21.61
24.0 21.573
24.0 21.477
24.0 21.458
24.0 21.086
24.0 21.133
24.0 20.965
24.0 21.413
24.0 21.688
24.0 21.801
24.0 21.648
24.0 21.564
24.0 21.629
24.0 21.316
24.0 21.752
24.0 21.68
24.0 21.553
24.0 21.556
24.0 21.802
24.0 21.444
24.0 21.779
24.0 21.682
24.0 21.832
24.0 21.805
24.0 21.931
24.0 22.106
24.0 21.7
24.0 21.844
24.0 21.377
24.0 21.575
24.0 21.716
24.0 21.623
24.0 21.85
24.0 21.619
24.0 21.635
24.0 21.704
24.0 21.859
24.0 21.665
24.0 21.812
24.0 21.431
24.0 21.881
24.0 21.411
24.0 21.959
24.0 21.963
24.0 21.783
24.0 21.909
24.5 21.959
24.5 22.075
24.5 21.798
24.5 21.742
24.5 21.603
24.5 21.76
24.5 21.656
24.5 21.753
24.5 21.64
24.5 21.708
24.5 21.533
24.5 21.556
24.5 21.451
24.5 21.332
24.5 21.74
24.5 21.439
24.5 21.49
24.5 21.793
24.5 22.044
24.5 21.61
24.5 21.374
24.5 21.919
24.5 21.907
24.5 21.559
24.5 21.603
24.5 20.897
24.5 22.068
24.5 21.856
24.5 21.688
24.5 22.257
24.5 21.872
24.5 21.659
24.5 21.442
24.5 21.88
24.5 22.258
24.5 21.846
24.5 21.851
24.5 21.623
24.5 21.491
24.5 21.583
24.5 22.487
24.5 22.079
24.5 21.897
24.5 22.228
24.5 22.187
24.5 21.94
24.5 22.256
24.5 22.084
24.5 21.544
24.5 21.855
24.5 22.039
24.5 22.055
24.5 21.799
24.5 21.9
24.5 21.923
24.5 21.699
24.5 21.753
24.5 21.463
24.5 21.793
24.5 21.976
24.5 21.882
24.5 21.933
24.5 21.863
24.5 21.498
24.5 21.594
24.5 22.013
24.5 21.674
24.5 21.585
24.5 21.724
24.5 21.888
24.5 21.713
24.5 22.205
24.5 21.719
24.5 21.516
24.5 21.332
24.5 21.816
24.5 21.499
24.5 21.86
24.5 21.916
24.5 21.935
24.5 21.744
24.5 21.791
24.5 21.842
24.5 22.098
24.5 21.817
24.5 22.186
24.5 21.602
24.5 21.918
24.5 21.84
24.5 21.849
24.5 21.913
24.5 22.323
24.5 22.066
24.5 21.353
24.5 21.825
24.5 21.655
24.5 21.675
24.5 22.045
24.5 21.48
24.5 22.11
24.5 22.048
24.5 21.749
24.5 21.913
24.5 22.196
24.5 21.986
24.5 21.362
24.5 21.857
24.5 21.917
24.5 21.702
24.5 21.998
24.5 21.58
24.5 21.909
24.5 22.322
24.5 21.907
24.5 21.926
24.5 21.52
24.5 22.058
24.5 22.092
24.5 21.87
24.5 21.439
24.5 22.001
24.5 22.016
24.5 22.112
24.5 22.04
24.5 21.891
24.5 22.143
24.5 21.969
24.5 22.077
24.5 22.306
24.5 21.998
24.5 21.993
24.5 21.9
24.5 21.903
24.5 21.742
24.5 21.722
24.5 21.466
24.5 21.58
24.5 21.494
24.5 21.484
24.5 21.731
24.5 21.878
500
13.5 -38.404
13.5 -14.433
13.5 -1.902
17.0 3.178
17.0 7.465
17.0 10.415
17.0 11.884
17.5 12.812
19.5 13.698
21.0 14.178
21.0 14.22
21.0 15.002
21.0 14.91
21.5 16.004
21.5 16.635
22.0 17.054
22.0 17.743
22.0 18.16
22.0 18.513
22.0 18.512
22.0 18.717
22.5 18.776
22.5 18.899
22.5 18.445
22.5 19.061
22.5 18.962
22.5 18.869
22.5 18.85
22.5 18.758
22.5 18.587
22.5 19.034
22.5 19.126
22.5 19.155
22.5 18.961
22.5 19.219
22.5 19.557
22.5 19.777
22.5 19.581
22.5 19.616
22.5 19.737
22.5 19.428
22.5 19.564
22.5 19.615
22.5 19.657
22.5 19.784
22.5 19.856
22.5 19.62
22.5 19.58
22.5 20.001
22.5 19.824
22.5 19.928
22.5 19.745
22.5 19.384
22.5 19.923
22.5 19.708
22.5 19.897
22.5 19.604
22.5 19.641
22.5 19.452
22.5 19.509
22.5 19.654
22.5 19.293
22.5 19.747
22.5 19.389
22.5 19.491
22.5 19.584
22.5 19.957
22.5 19.555
22.5 19.945
22.5 19.782
22.5 19.583
22.5 19.751
22.5 19.08
22.5 19.159
22.5 19.592
22.5 19.223
22.5 19.637
22.5 19.586
22.5 19.793
22.5 19.889
22.5 19.678
22.5 19.702
22.5 19.24
22.5 19.301
22.5 19.476
22.5 19.28
22.5 19.652
22.5 19.554
22.5 19.331
22.5 19.436
22.5 19.711
22.5 19.681
22.5 19.641
22.5 19.596
22.5 19.249
22.5 19.987
22.5 19.844
22.5 19.854
22.5 19.508
22.5 19.683
22.5 19.016
22.5 19.312
22.5 19.43
22.5 19.787
22.5 19.695
22.5 19.859
22.5 19.987
22.5 20.334
22.5 19.951
22.5 20.055
22.5 20.467
22.5 20.114
22.5 19.947
22.5 19.778
22.5 19.78
22.5 19.745
22.5 20.06
22.5 19.668
22.5 20.149
22.5 19.903
22.5 19.865
22.5 19.7
22.5 19.416
22.5 19.855
22.5 19.81
22.5 20.064
22.5 19.94
22.5 19.604
22.5 20.109
22.5 19.845
22.5 19.957
22.5 19.517
22.5 20.065
22.5 20.202
22.5 20.319
22.5 19.768
22.5 19.714
22.5 20.021
22.5 19.981
22.5 20.286
22.5 19.122
22.5 20.189
22.5 19.831
22.5 20.104
22.5 19.421
22.5 19.752
22.5 19.217
22.5 19.679
22.5 19.845
22.5 20.037
22.5 20.105
22.5 19.686
22.5 20.186
22.5 20.193
22.5 19.958
22.5 19.847
22.5 19.822
22.5 20.085
22.5 19.578
22.5 19.666
22.5 20.024
22.5 20.244
22.5 20.267
22.5 20.024
22.5 19.904
22.5 20.308
22.5 19.703
22.5 19.63
22.5 19.582
22.5 19.937
22.5 19.402
22.5 19.57
22.5 19.6
22.5 19.695
22.5 19.882
22.5 19.702
22.5 19.95
22.5 19.932
22.5 19.937
22.5 19.201
22.5 19.804
22.5 19.853
22.5 19.863
22.5 19.743
22.5 19.592
22.5 19.591
22.5 19.603
22.5 19.765
22.5 20.034
22.5 19.872
22.5 19.889
22.5 19.276
22.5 19.625
22.5 19.54
22.5 20.267
22.5 20.137
22.5 20.254
22.5 19.534
22.5 19.81
22.5 19.645
22.5 20.066
22.5 19.722
22.5 19.679
22.5 19.934
22.5 19.73
22.5 19.494
22.5 19.721
22.5 20.071
22.5 19.927
22.5 19.577
22.5 19.409
22.5 19.736
22.5 19.232
22.5 19.388
22.5 19.787
22.5 19.788
22.5 19.963
22.5 20.236
22.5 19.601
22.5 19.774
22.5 19.906
22.5 20.28
22.5 19.882
22.5 19.872
22.5 19.685
22.5 19.748
22.5 19.757
22.5 19.673
22.5 19.685
22.5 20.137
22.5 19.61
22.5 19.881
22.5 19.691
22.5 20.08
22.5 19.608
22.5 19.857
22.5 19.872
22.5 19.584
22.5 19.651
22.5 19.978
22.5 19.992
22.5 20.11
22.5 19.934
22.5 20.021
22.5 19.785
22.5 20.236
22.5 19.68
22.5 20.002
22.5 19.856
22.5 19.66
22.5 19.951
22.5 20.015
22.5 19.659
22.5 19.43
22.5 19.712
22.5 19.981
22.5 19.974
22.5 19.645
22.5 19.881
22.5 19.543
22.5 19.763
22.5 19.242
22.5 19.463
22.5 19.561
22.5 19.418
22.5 19.808
22.5 20.014
22.5 19.817
22.5 19.967
22.5 19.853
22.5 19.842
22.5 19.517
22.5 19.782
22.5 19.593
22.5 20.02
22.5 19.937
22.5 19.729
22.5 19.786
22.5 20.061
22.5 20.028
22.5 19.834
22.5 20.038
22.5 19.984
22.5 19.845
22.5 19.639
22.5 20.258
22.5 19.543
22.5 19.951
22.5 20.164
22.5 19.932
22.5 19.393
22.5 20.154
22.5 19.701
22.5 19.765
22.5 19.576
22.5 20.001
22.5 20.093
22.5 19.636
22.5 20.044
22.5 20.054
22.5 20.191
22.5 19.809
22.5 19.582
22.5 19.676
22.5 19.967
22.5 19.545
22.5 19.961
22.5 19.865
22.5 20.177
22.5 20.3
22.5 19.814
22.5 19.67
22.5 19.628
22.5 20.102
22.5 20.255
22.5 19.817
22.5 19.661
22.5 19.625
22.5 20.034
22.5 19.925
22.5 19.73
22.5 19.911
22.5 20.03
22.5 20.201
22.5 19.786
22.5 19.768
22.5 19.677
22.5 19.222
22.5 19.398
22.5 19.591
22.5 19.26
22.5 19.81
22.5 19.964
22.5 19.817
22.5 19.888
22.5 20.057
22.5 19.804
22.5 19.659
22.5 19.783
22.5 19.524
22.5 19.812
22.5 19.677
22.5 19.694
22.5 19.504
22.5 19.993
22.5 19.982
22.5 20.18
22.5 19.78
22.5 20.307
22.5 19.698
22.5 19.711
22.5 19.279
22.5 19.659
22.5 19.334
22.5 20.098
22.5 19.29
22.5 19.204
22.5 19.787
22.5 19.784
22.5 19.657
22.5 19.361
22.5 19.879
22.5 19.574
22.5 20.091
22.5 19.73
22.5 19.511
22.5 19.437
22.5 20.194
22.5 19.429
22.5 18.842
22.5 19.399
22.5 19.185
22.5 19.904
22.5 19.722
22.5 19.535
22.5 19.801
22.5 19.934
22.5 19.754
22.5 20.162
22.5 19.992
22.5 19.756
22.5 19.928
22.5 19.964
22.5 20.209
22.5 19.655
22.5 20.06
22.5 19.8
22.5 19.526
22.5 19.625
22.5 19.938
22.5 19.853
22.5 20.316
22.5 20.213
22.5 20.242
22.5 20.262
22.5 20.07
22.5 19.944
22.5 20.046
22.5 19.812
22.5 19.367
22.5 19.524
22.5 19.438
22.5 19.597
22.5 19.438
22.5 19.49
22.5 19.491
22.5 20.008
22.5 19.879
22.5 20.057
22.5 19.535
22.5 19.938
22.5 20.046
22.5 20.13
22.5 19.567
22.5 19.71
22.5 19.764
22.5 19.517
22.5 20.138
22.5 19.609
22.5 20.08
22.5 19.394
22.5 20.126
22.5 20.13
22.5 20.089
22.5 19.93
22.5 19.886
22.5 19.927
22.5 19.653
22.5 19.779
22.5 19.429
22.5 20.032
22.5 19.889
22.5 19.74
22.5 20.06
22.5 19.929
22.5 19.632
22.5 19.251
22.5 19.668
22.5 19.92
22.5 19.776
22.5 19.787
22.5 19.665
22.5 19.616
22.5 19.592
22.5 20.136
22.5 20.407
22.5 19.667
22.5 19.798
22.5 19.679
22.5 20.015
22.5 19.8
22.5 19.195
22.5 19.811
22.5 20.189
22.5 19.459
22.5 19.556
22.5 19.221
22.5 19.978
22.5 19.665
22.5 20.225
22.5 19.837
22.5 19.712
22.5 19.88
22.5 19.842
22.5 19.316
22.5 19.912
22.5 19.405
22.5 20.229
22.5 19.998
22.5 19.842
22.5 20.032
22.5 19.883
22.5 19.626
22.5 20.064
22.5 19.685
22.5 19.838
22.5 20.022
22.5 20.453
22.5 20.224
22.5 20.389
22.5 20.05
22.5 20.021
22.5 18.909
22.5 19.664
22.5 19.653
22.5 19.563
22.5 20.028
22.5 19.876
22.5 19.915
22.5 19.855
22.5 19.485
22.5 19.782
22.5 19.897
22.5 19.908
22.5 19.8
22.5 20.09
22.5 19.909
22.5 19.927
22.5 19.983
22.5 19.576
500
9.5 -38.635
13.5 -13.587
14.0 -2.602
16.5 3.888
16.5 7.528
17.0 10.221
17.5 11.033
17.5 12.644
17.5 13.52
19.0 13.14
19.0 13.766
19.0 13.399
19.5 14.956
19.5 15.359
19.5 15.559
21.5 15.406
21.5 15.749
22.5 15.869
22.5 16.482
22.5 16.329
22.5 16.778
22.5 17.042
22.5 17.341
22.5 17.608
22.5 18.138
22.5 17.795
22.5 17.886
22.5 18.439
24.0 18.984
24.0 18.843
24.0 19.188
24.0 19.232
24.0 19.583
24.0 19.926
24.0 20.144
24.0 20.651
24.0 21.022
24.0 20.622
24.0 20.318
24.0 20.588
24.0 20.855
24.0 21.059
24.0 21.011
24.0 21.323
24.0 21.467
24.0 21.23
24.0 21.594
24.0 21.343
24.0 21.306
24.0 20.984
24.0 20.767
24.0 20.586
24.0 21.194
24.0 21.416
24.0 21.653
24.0 20.852
24.0 21.387
24.0 20.931
24.0 21.025
24.0 21.166
24.0 21.422
24.0 21.363
24.0 21.399
24.0 21.622
24.0 21.749
24.0 21.256
24.0 21.18
24.0 20.993
24.0 20.949
24.0 21.089
24.0 21.247
24.0 21.223
24.0 21.219
24.0 20.917
24.0 20.805
24.0 20.697
24.0 21.089
24.0 21.039
24.0 21.322
24.0 20.995
24.0 20.933
24.0 21.187
24.0 21.092
24.0 21.415
24.0 20.964
24.0 20.832
24.0 20.586
24.0 21.183
24.0 20.659
24.0 21.153
24.0 20.882
24.0 20.966
24.0 21.326
24.0 21.93
24.0 21.211
24.0 21.445
24.0 21.517
24.0 21.307
24.0 21.082
24.0 21.271
24.0 21.346
24.0 21.495
24.0 21.78
24.0 21.404
24.0 20.743
24.0 21.045
24.0 21.373
24.0 21.192
24.0 21.304
24.0 21.21
24.0 21.014
24.0 21.503
24.0 21.873
24.0 21.255
24.0 21.709
24.0 21.328
24.0 21.317
24.0 21.459
24.0 21.432
24.0 21.25
24.0 21.258
24.0 21.658
24.0 21.54
24.0 21.525
24.0 21.306
24.0 21.16
24.0 21.362
24.0 21.192
24.0 21.175
24.0 21.095
24.0 21.071
24.0 21.092
24.0 21.375
24.0 21.465
24.0 21.51
24.0 21.329
24.0 21.485
24.0 21.298
24.0 21.113
24.0 21.244
24.0 20.877
24.0 20.941
24.0 21.301
24.0 21.173
24.0 21.209
24.0 21.677
24.0 21.089
24.0 21.092
24.0 21.235
24.0 21.466
24.0 21.421
24.0 21.681
24.0 21.501
24.0 21.565
24.0 21.22
24.0 21.062
24.0 21.214
24.0 21.367
24.0 21.482
24.0 21.606
24.0 21.72
24.0 21.233
24.0 21.345
24.0 21.452
24.0 21.109
24.0 21.483
24.0 21.02
24.0 21.341
24.0 21.621
24.0 20.795
24.0 21.331
24.0 20.776
24.0 20.719
24.0 20.893
24.0 21.152
24.0 21.367
24.0 21.115
24.0 21.633
24.0 21.284
24.0 21.357
24.0 21.175
24.0 21.327
24.0 21.444
24.0 21.766
24.0 21.735
24.0 21.331
24.0 21.138
24.0 21.305
24.0 21.683
24.0 21.529
24.0 21.862
24.0 21.129
24.0 21.475
24.0 21.263
24.0 21.474
24.0 21.219
24.0 21.182
24.0 21.563
24.0 21.305
24.0 21.05
24.0 20.899
24.0 21.269
24.0 21.353
24.0 21.423
24.0 21.249
24.0 21.439
24.0 21.195
24.0 21.53
24.0 21.829
24.0 21.673
24.0 21.202
24.0 21.627
24.0 21.351
24.0 21.219
24.0 21.225
24.0 21.274
24.0 21.039
24.0 21.584
24.0 21.295
24.0 21.107
24.0 21.47
24.0 21.394
24.0 21.477
24.0 21.257
24.0 21.539
24.0 21.601
24.0 21.439
24.0 20.853
24.0 21.312
24.0 21.257
24.0 21.559
24.0 21.34
24.0 20.971
24.0 20.966
24.0 20.888
24.0 21.227
24.0 21.504
24.0 20.984
24.0 20.772
24.0 21.034
24.0 21.03
24.0 21.653
24.0 20.943
24.0 21.475
24.0 21.178
24.0 21.188
24.0 21.018
24.0 20.894
24.0 20.813
24.0 21.186
24.0 21.492
24.0 21.124
24.0 21.286
24.0 21.315
24.0 21.461
24.0 21.203
24.0 20.921
24.0 20.733
24.0 21.268
24.0 21.41
24.0 21.006
24.0 21.001
24.0 21.554
24.0 21.54
24.0 21.08
24.0 20.796
24.0 21.514
24.0 21.462
24.0 21.305
24.0 21.039
24.0 21.541
24.0 21.832
24.0 21.727
24.0 21.455
24.0 21.421
24.0 21.023
24.0 21.077
24.0 21.095
24.0 20.789
24.0 21.251
24.0 21.042
24.0 21.396
24.0 21.155
24.0 21.205
24.0 21.07
24.0 20.632
24.0 21.09
24.0 21.506
24.0 21.133
24.0 21.08
24.0 20.879
24.0 20.963
24.0 21.135
24.0 20.938
24.0 20.978
24.0 20.912
24.0 21.274
24.0 21.108
24.0 20.916
24.0 21.115
24.0 21.099
24.0 21.304
24.0 21.642
24.0 21.008
24.0 21.658
24.0 21.585
24.0 21.353
24.0 21.398
24.0 21.455
24.0 20.911
24.0 21.139
24.0 21.291
24.0 21.397
24.0 21.023
24.0 21.284
24.0 21.158
24.0 21.141
24.0 20.914
24.0 21.35
24.0 20.414
24.0 21.432
24.0 21.342
24.0 21.249
24.0 21.414
24.0 21.151
24.0 21.727
24.0 20.467
24.0 21.01
24.0 21.273
24.0 20.978
24.0 21.341
24.0 21.167
24.0 20.874
24.0 20.876
24.0 20.776
24.0 21.285
24.0 21.378
24.0 21.058
24.0 21.043
24.0 21.689
24.0 21.837
24.0 21.229
24.0 21.31
24.0 21.205
24.0 21.326
24.0 21.429
24.0 21.316
24.0 21.363
24.0 20.872
24.0 21.64
24.0 21.312
24.0 21.365
24.0 20.797
24.0 21.116
24.0 21.42
24.0 21.143
24.0 21.207
24.0 21.288
24.0 21.521
24.0 21.19
24.0 21.502
24.0 21.694
24.0 21.25
24.0 21.685
24.0 20.966
24.0 21.406
24.0 21.03
24.0 21.216
24.0 20.528
24.0 21.035
24.0 20.791
24.0 21.108
24.0 21.321
24.0 21.618
24.0 21.51
24.0 21.239
24.0 21.538
24.0 21.06
24.0 21.251
24.0 21.236
24.0 21.428
24.0 21.284
24.0 21.003
24.0 20.562
24.0 20.989
24.0 21.258
24.0 21.189
24.0 21.668
24.0 21.439
24.0 21.678
24.0 21.908
24.0 21.416
24.0 21.372
24.0 21.024
24.0 21.015
24.0 21.176
24.0 21.175
24.0 21.261
24.0 21.297
24.0 20.973
24.0 21.471
24.0 21.398
24.0 21.344
24.0 21.607
24.0 21.47
24.0 21.559
24.0 21.389
24.0 21.438
24.0 21.37
24.0 20.949
24.0 21.464
24.0 21.302
24.0 21.569
24.0 21.506
24.0 21.605
24.0 21.59
24.0 21.899
24.0 21.317
24.0 21.48
24.0 21.106
24.0 21.391
24.0 21.493
24.0 21.569
24.0 21.851
24.0 21.308
24.0 21.009
24.0 20.971
24.0 21.159
24.0 20.877
24.0 21.522
24.0 21.392
24.0 21.361
24.0 20.994
24.0 21.292
24.0 21.425
24.0 21.08
24.0 20.888
24.0 21.238
24.0 21.594
24.0 21.541
24.0 21.409
24.0 21.406
24.0 21.309
24.0 21.167
24.0 21.647
24.0 21.553
24.0 21.664
24.0 21.623
24.0 21.715
24.0 21.524
24.0 21.269
24.0 20.472
24.0 21.4
24.0 21.037
24.0 21.015
24.0 20.988
24.0 21.185
24.0 21.195
24.0 21.196
24.0 21.183
24.0 21.148
24.0 21.438
24.0 21.182
24.0 21.496
24.0 20.941
24.0 21.184
24.0 21.305
24.0 21.81
24.0 21.366
24.0 21.686
24.0 21.709
24.0 21.761
24.0 21.811
24.0 21.581
24.0 21.323
24.0 21.265
24.0 21.222
24.0 21.109
24.0 21.045
24.0 21.022
24.0 21.146
24.0 21.325
24.0 20.978
24.0 21.436
24.0 21.587
24.0 21.334
24.0 21.561
24.0 21.659
24.0 21.586
24.0 21.31
24.0 20.731
24.0 21.006
24.0 21.264
24.0 21.114
24.0 20.979
24.0 21.202
24.0 21.287
24.0 20.675
24.0 21.293
24.0 20.872
500
11.0 -40.323
11.0 -14.556
11.5 -3.265
15.5 3.335
16.5 6.543
16.5 8.804
17.5 11.033
18.0 12.932
20.0 13.412
20.5 13.982
20.5 14.535
20.5 15.574
20.5 15.986
20.5 15.906
20.5 15.705
20.5 16.183
20.5 16.18
21.0 17.19
21.0 16.747
21.5 17.397
21.5 17.059
23.0 17.027
23.0 17.304
23.0 17.257
23.0 17.719
23.0 17.132
23.0 17.647
23.0 17.488
23.0 18.053
23.0 18.183
23.0 18.237
23.0 18.062
23.0 18.293
23.0 18.572
23.0 18.792
23.0 19.17
23.0 19.378
23.0 19.996
23.0 20.339
23.0 20.628
23.0 20.299
23.0 20.595
23.0 20.795
23.0 20.676
23.0 19.99
23.0 20.383
23.0 20.52
23.0 20.646
23.0 20.264
23.0 20.415
23.0 20.403
23.0 20.475
23.0 20.58
23.0 20.639
23.0 20.638
23.0 20.733
23.0 20.505
23.0 20.721
23.0 20.491
23.0 20.622
23.0 20.275
23.0 19.977
23.0 20.223
23.0 20.377
23.0 20.66
23.0 20.246
23.0 20.216
23.0 20.788
23.0 21.16
23.0 20.315
23.0 20.736
23.0 20.758
23.0 20.431
23.0 20.961
23.0 20.548
23.0 20.474
23.0 20.868
23.0 20.741
23.0 20.806
23.0 20.703
23.0 20.305
23.0 20.738
23.0 21.265
23.0 20.892
23.0 20.994
23.0 20.803
23.0 20.855
23.0 20.435
23.0 20.566
23.0 20.412
23.0 20.728
23.0 20.719
23.0 20.449
23.0 20.717
23.0 20.96
23.0 20.913
23.0 20.791
23.0 20.624
23.0 20.667
23.0 20.925
23.0 20.674
23.0 20.523
23.0 20.355
23.0 21.113
23.0 21.071
23.0 20.95
23.0 20.705
23.0 20.99
23.0 20.384
23.0 20.563
23.0 20.637
23.0 20.642
23.0 20.505
23.0 20.875
23.0 20.675
23.0 20.193
23.0 20.687
23.0 20.733
23.0 20.504
23.0 20.589
23.0 20.67
23.0 21.054
23.0 20.649
23.0 20.667
23.0 20.841
23.0 20.356
23.0 20.491
23.0 20.496
23.0 20.558
23.0 20.599
23.0 20.542
23.0 20.786
23.0 20.389
23.0 20.542
23.0 20.344
23.0 20.48
23.0 20.801
23.0 20.553
23.0 20.925
23.0 20.797
23.0 20.846
23.0 20.594
23.0 20.843
23.0 20.882
23.0 20.774
23.0 20.089
23.5 20.371
23.5 20.64
23.5 20.469
23.5 20.768
23.5 20.256
23.5 20.223
23.5 20.38
23.5 20.759
23.5 20.754
23.5 20.311
23.5 21.004
23.5 20.708
23.5 20.754
23.5 20.662
23.5 20.947
23.5 20.972
23.5 20.896
23.5 20.809
23.5 20.896
24.0 21.21
24.0 20.849
24.0 20.678
24.0 20.891
24.0 20.864
24.0 20.885
24.0 21.312
24.0 21.448
24.0 21.417
24.0 21.322
24.0 21.492
24.0 21.522
24.0 21.829
24.0 21.923
24.0 21.771
24.0 21.16
24.0 21.585
24.0 21.879
24.0 21.989
24.0 21.867
24.0 21.671
24.0 21.574
24.0 21.602
24.0 21.763
24.0 21.819
24.0 21.752
24.0 21.845
24.0 21.945
24.0 22.082
24.0 21.904
24.0 21.725
24.0 21.714
24.0 21.439
24.0 21.838
24.0 21.793
24.0 22.049
24.0 21.866
24.0 22.206
24.0 21.363
24.0 21.909
24.0 21.439
24.0 21.626
24.0 21.738
24.0 21.594
24.0 21.768
24.0 21.563
24.0 21.648
24.0 21.537
24.0 21.679
24.0 21.316
24.0 21.358
24.0 21.093
24.0 21.06
24.0 21.468
24.0 21.561
24.0 21.78
24.0 21.79
24.0 21.821
24.0 21.951
24.0 21.912
24.0 22.164
24.0 21.856
24.0 21.934
24.0 21.681
24.0 21.766
24.0 21.712
24.0 21.811
24.0 21.661
24.0 21.486
24.0 21.5
24.0 21.522
24.0 21.375
24.0 21.437
24.0 21.245
24.0 21.4
24.0 21.588
24.0 21.52
24.0 21.38
24.0 21.385
24.0 21.608
24.0 21.222
24.0 21.39
24.0 21.701
24.0 21.653
24.0 21.573
24.0 21.74
24.0 22.089
24.0 21.892
24.0 21.87
24.0 21.747
24.0 21.284
24.0 21.813
24.0 21.383
24.0 21.701
24.0 21.864
24.0 21.299
24.0 21.643
24.0 21.323
24.0 21.797
24.0 22.011
24.0 22.12
24.0 21.808
24.0 21.552
24.0 21.751
24.0 21.867
24.0 21.664
24.0 21.665
24.0 21.577
24.0 22.023
24.0 21.978
24.0 22.121
24.0 21.988
24.0 21.951
24.0 21.465
24.0 21.454
24.0 21.842
24.0 21.71
24.0 21.749
24.0 21.452
24.0 21.621
24.0 21.558
24.0 21.465
24.0 21.75
24.0 21.823
24.0 21.852
24.0 22.341
24.0 21.703
24.0 21.712
24.0 21.845
24.0 21.598
24.0 21.63
24.0 21.783
24.0 21.92
24.0 21.4
24.0 21.456
24.0 21.636
24.0 21.801
24.0 21.659
24.0 21.637
24.0 21.665
24.0 21.598
24.0 21.187
24.0 21.276
24.0 21.427
24.0 21.923
24.0 21.499
24.0 21.763
24.0 21.855
24.0 21.691
24.0 21.739
24.0 22.204
24.0 21.798
24.0 21.853
24.0 21.777
24.0 21.924
24.0 22.031
24.0 21.729
24.0 21.323
24.0 21.754
24.0 21.706
24.0 21.665
24.0 21.905
24.0 21.261
24.0 21.555
24.0 21.669
24.0 21.46
24.0 21.146
24.0 21.522
24.0 21.538
24.0 21.544
24.0 21.207
24.0 21.664
24.0 21.617
24.0 22.023
24.0 21.201
24.0 21.24
24.0 21.562
24.0 21.537
24.0 21.482
24.0 21.388
24.0 21.763
24.0 21.813
24.0 21.386
24.0 21.663
24.0 21.768
24.0 21.334
24.0 21.214
24.0 21.222
24.0 21.525
24.0 21.524
24.0 21.836
24.0 21.559
24.0 21.109
24.0 21.285
24.0 21.239
24.0 21.538
24.0 21.137
24.0 21.792
24.0 21.401
24.0 21.98
24.0 21.662
24.0 21.702
24.0 21.344
24.0 21.684
24.0 21.17
24.0 21.557
24.0 21.251
24.0 21.297
24.0 21.769
24.0 21.272
24.0 21.931
24.0 21.56
24.0 21.904
24.0 21.697
24.0 22.028
24.0 21.805
24.0 21.941
24.0 21.875
24.0 21.112
24.0 21.642
24.0 21.597
24.0 21.565
24.0 21.809
24.0 21.631
24.0 21.589
24.0 21.626
24.0 21.782
24.0 21.877
24.0 21.683
24.0 21.684
24.0 21.711
24.0 22.038
24.0 21.725
24.0 21.81
24.0 21.526
24.0 21.687
24.0 21.723
24.0 21.965
24.0 21.804
24.0 21.671
24.0 21.6
24.0 21.446
24.0 21.645
24.0 21.731
24.0 21.626
24.0 21.48
24.0 22.172
24.0 21.797
24.0 21.922
24.0 21.712
24.0 21.961
24.0 21.97
24.0 22.002
24.0 21.924
24.0 22.007
24.0 21.879
24.0 21.672
24.0 21.782
24.0 22.085
24.0 22.051
24.0 21.554
24.0 21.758
24.0 21.935
24.0 21.911
24.0 21.557
24.0 21.69
24.0 21.594
24.0 21.698
24.0 21.897
24.0 21.888
24.0 22.046
24.0 21.808
24.0 22.047
24.0 22.003
24.0 21.589
24.0 21.857
24.0 22.143
24.0 21.346
24.0 21.692
24.0 21.398
24.0 21.892
24.0 21.366
24.0 21.31
24.0 21.449
24.0 21.574
24.0 21.317
24.0 21.689
24.0 21.638
24.0 22.328
24.0 21.788
24.0 21.884
24.0 21.386
24.0 21.635
24.0 21.64
24.0 21.669
24.0 21.565
24.0 21.92
24.0 21.741
24.0 21.715
24.0 21.835
24.0 21.934
24.0 21.447
24.0 22.193
24.0 21.477
24.0 21.519
24.0 21.752
24.0 21.437
24.0 21.774
24.0 21.683
24.0 21.656
24.0 21.809
24.0 21.752
24.0 21.349
24.0 21.524
24.0 21.211
24.0 21.602
24.0 21.774
24.0 21.783
24.0 21.322
24.0 21.294
24.0 21.304
24.0 21.43
24.0 21.608
24.0 21.636
24.0 21.765
24.0 21.338
24.0 21.45
24.0 21.759
24.0 21.583
24.0 21.815
24.0 21.811
24.0 21.609
24.0 21.754
24.0 21.596
24.0 21.688
500
11.5 -38.091
12.0 -15.414
13.5 -3.861
15.0 2.406
17.0 6.275
17.5 8.953
18.0 10.487
19.0 12.55
19.0 13.085
19.5 13.847
21.0 14.683
21.0 15.778
21.0 15.423
21.5 16.122
21.5 16.606
21.5 17.014
21.5 17.018
21.5 17.363
22.5 17.93
22.5 18.183
23.5 18.517
23.5 18.724
23.5 18.912
23.5 19.366
23.5 19.304
23.5 19.54
23.5 19.657
24.0 19.746
24.0 19.487
24.0 20.04
24.0 20.238
24.0 20.047
24.0 20.46
24.0 20.116
24.0 20.654
24.0 20.964
24.0 20.373
24.0 20.686
24.0 20.731
24.0 21.232
24.0 21.614
24.0 20.886
24.0 20.965
24.0 21.584
24.0 21.163
24.0 21.523
24.0 21.22
24.0 21.587
24.0 21.703
24.0 21.305
24.0 21.146
24.0 21.021
24.0 21.379
24.0 20.94
24.0 21.484
24.0 21.152
24.0 20.753
24.0 20.389
24.0 20.223
24.0 20.887
24.0 20.87
24.0 21.197
24.0 21.412
24.0 20.951
24.0 20.708
24.0 21.365
24.0 21.18
24.0 21.462
24.0 21.619
24.0 21.414
24.0 20.918
24.0 21.217
24.0 21.539
24.0 21.562
24.0 21.308
24.0 21.19
24.0 21.656
24.0 21.499
24.0 21.245
24.0 21.18
24.0 21.296
24.0 20.97
24.0 21.621
24.0 21.426
24.0 21.448
24.0 21.326
24.0 21.11
24.0 21.202
24.0 21.538
24.0 21.198
24.0 21.095
24.0 21.098
24.0 20.592
24.0 21.138
24.0 21.444
24.0 21.021
24.0 21.07
24.0 21.449
24.0 21.577
24.0 21.589
24.0 21.303
24.0 21.29
24.0 21.137
24.0 21.394
24.0 21.257
24.0 21.056
24.0 21.018
24.0 20.912
24.0 21.019
24.0 20.728
24.0 21.157
24.0 21.532
24.0 21.299
24.0 21.739
24.0 21.201
24.0 20.938
24.0 21.236
24.0 21.599
24.0 21.25
24.0 20.954
24.0 20.957
24.0 21.315
24.0 21.396
24.0 21.395
24.0 21.166
24.0 21.34
24.0 20.962
24.0 20.743
24.0 20.985
24.0 21.226
24.0 21.213
24.0 21.228
24.0 21.094
24.0 21.166
24.0 21.517
24.0 21.4
24.0 21.188
24.0 21.087
24.0 20.94
24.0 21.113
24.0 21.005
24.0 21.156
24.0 21.515
24.0 20.807
24.0 21.154
24.0 21.53
24.0 21.425
24.0 21.33
24.0 20.985
24.0 21.275
24.0 21.289
24.0 21.108
24.0 20.65
24.0 20.955
24.0 21.281
24.0 21.32
24.0 21.322
24.0 21.292
24.0 21.504
24.0 21.578
24.0 21.473
24.0 21.153
24.0 21.484
24.0 20.863
24.0 21.395
24.0 21.329
24.0 20.911
24.0 21.226
24.0 21.407
24.0 21.073
24.0 21.424
24.0 21.029
24.0 21.065
24.0 20.845
24.0 20.808
24.0 21.051
24.0 21.496
24.0 21.109
24.0 21.281
24.0 21.357
24.0 20.787
24.0 21.248
24.0 21.135
24.0 21.384
24.0 21.313
24.0 20.738
24.0 21.54
24.0 21.07
24.0 21.507
24.0 21.144
24.0 21.15
24.0 21.038
24.0 21.364
24.0 21.289
24.0 20.778
24.0 21.557
24.0 21.388
24.0 21.202
24.0 21.468
24.0 21.159
24.0 20.688
24.0 21.021
24.0 21.42
24.0 21.25
24.0 21.432
24.0 20.959
24.0 21.434
24.0 20.834
24.0 21.226
24.0 21.115
24.0 20.997
24.0 20.52
24.0 20.819
24.0 20.75
24.0 21.174
24.0 20.832
24.0 21.318
24.0 21.6
24.0 21.438
24.0 21.092
24.0 21.549
24.0 21.495
24.0 21.116
24.0 21.247
24.0 21.43
24.0 21.043
24.0 21.283
24.0 20.657
24.0 20.923
24.0 21.616
24.0 21.319
24.0 21.355
24.0 21.437
24.0 21.348
24.0 21.25
24.0 21.53
24.0 21.124
24.0 21.037
24.0 21.229
24.0 21.144
24.0 21.116
24.0 21.267
24.0 21.295
24.0 21.314
24.0 21.539
24.0 21.429
24.0 21.83
24.0 21.402
24.0 21.181
24.0 21.403
24.0 21.504
24.0 21.656
24.0 21.524
24.0 21.418
24.0 21.451
24.0 21.13
24.0 21.416
24.0 21.766
24.0 21.046
24.0 21.09
24.0 21.209
24.0 20.845
24.0 21.229
24.0 21.192
24.0 21.425
24.0 21.535
24.0 21.297
24.0 21.446
24.0 21.169
24.0 21.373
24.0 21.324
24.0 21.191
24.0 21.248
24.0 21.23
24.0 21.752
24.0 21.191
24.0 20.711
24.0 21.21
24.0 20.956
24.0 21.015
24.0 21.068
24.0 21.178
24.0 21.169
24.0 20.909
24.0 21.449
24.0 21.424
24.0 21.052
24.0 20.553
24.0 21.02
24.0 20.824
24.0 21.449
24.0 21.45
24.0 21.416
24.0 21.353
24.0 21.927
24.0 21.21
24.0 21.279
24.0 21.366
24.0 21.342
24.0 20.914
24.0 21.53
24.0 20.871
24.0 21.658
24.0 21.175
24.0 21.148
24.0 21.309
24.0 21.329
24.0 20.716
24.0 20.869
24.0 21.331
24.0 21.43
24.0 21.521
24.0 21.108
24.0 21.392
24.0 21.502
24.0 21.751
24.0 20.994
24.0 21.218
24.0 21.244
24.0 21.201
24.0 21.43
24.0 21.13
24.0 21.276
24.0 21.297
24.0 21.382
24.0 21.238
24.0 21.594
24.0 21.458
24.0 20.65
24.0 20.977
24.0 20.567
24.0 21.361
24.0 20.978
24.0 21.479
24.0 20.762
24.0 21.176
24.0 21.342
24.0 21.321
24.0 20.939
24.0 21.199
24.0 21.487
24.0 21.495
24.0 21.226
24.0 21.376
24.0 21.481
24.0 21.372
24.0 21.561
24.0 21.138
24.0 21.326
24.0 21.571
24.0 20.923
24.0 21.473
24.0 20.832
24.0 20.962
24.0 21.064
24.0 21.173
24.0 21.083
24.0 20.774
24.0 20.749
24.0 20.293
24.0 20.892
24.0 20.951
24.0 21.458
24.0 21.38
24.0 21.51
24.0 21.075
24.0 21.483
24.0 21.187
24.0 21.254
24.0 21.353
24.0 21.452
24.0 21.063
24.0 21.162
24.0 20.622
24.0 20.948
24.0 21.38
24.0 20.966
24.0 21.272
24.0 21.21
24.0 21.485
24.0 21.303
24.0 21.473
24.0 21.517
24.0 21.479
24.0 21.398
24.0 21.886
24.0 21.181
24.0 20.704
24.0 21.462
24.0 21.23
24.0 21.225
24.0 21.425
24.0 21.098
24.0 21.42
24.0 21.225
24.0 20.952
24.0 21.114
24.0 21.31
24.0 21.243
24.0 21.478
24.0 21.229
24.0 21.483
24.0 20.774
24.0 21.426
24.0 21.527
24.0 21.277
24.0 21.487
24.0 21.384
24.0 21.692
24.0 21.707
24.0 21.611
24.0 21.494
24.0 21.578
24.0 21.377
24.0 21.1
24.0 21.195
24.0 21.385
24.0 21.085
24.0 21.102
24.0 20.811
24.0 21.229
24.0 21.172
24.0 20.82
24.0 21.467
24.0 21.624
24.0 21.224
24.0 21.393
24.0 21.453
24.0 21.415
24.0 21.427
24.0 20.81
24.0 21.086
24.0 21.369
24.0 20.458
24.0 21.28
24.0 21.351
24.0 21.002
24.0 20.937
24.0 21.083
24.0 21.111
24.0 21.052
24.0 21.276
24.0 21.088
24.0 20.772
24.0 20.813
24.0 21.453
24.0 21.687
24.0 21.211
24.0 20.933
24.0 21.194
24.0 20.94
24.0 20.806
24.0 20.653
24.0 20.907
24.0 21.171
24.0 20.704
24.0 20.928
24.0 20.975
24.0 21.185
24.0 21.173
24.0 20.929
24.0 20.871
24.0 21.22
24.0 21.181
24.0 21.095
24.0 21.413
24.0 21.171
24.0 21.822
24.0 21.787
24.0 21.322
24.0 21.182
24.0 21.178
24.0 21.436
24.0 21.458
24.0 21.223
24.0 21.266
24.0 21.444
24.0 20.883
24.0 21.197
24.0 21.084
24.0 21.001
24.0 21.111
24.0 20.908
24.0 21.486
24.0 21.035
24.0 21.0
24.0 21.227
24.0 20.818
24.0 21.441
24.0 21.334
24.0 21.097
24.0 20.584
24.0 21.668
24.0 21.353
24.0 21.211
24.0 20.977
24.0 21.276
24.0 21.827
24.0 21.397
24.0 21.561
500
8.0 -39.778
11.0 -16.702
15.0 -4.934
15.0 1.668
16.0 5.388
16.0 8.378
17.5 10.44
19.0 11.976
19.5 13.529
20.0 14.364
20.0 14.556
20.0 15.389
20.5 15.917
20.5 16.125
20.5 16.91
20.5 16.673
21.5 17.435
21.5 17.705
21.5 17.918
21.5 17.629
21.5 17.83
21.5 18.063
21.5 18.181
21.5 18.123
21.5 18.363
21.5 18.017
21.5 18.737
21.5 18.258
22.0 18.827
22.0 18.339
22.0 18.206
22.0 18.195
22.0 18.665
22.0 18.255
22.0 18.208
22.5 18.452
22.5 18.515
22.5 18.888
22.5 18.808
22.5 18.803
22.5 18.964
23.0 19.689
23.5 19.672
23.5 19.678
24.5 19.922
24.5 20.199
24.5 20.098
24.5 19.581
24.5 20.75
24.5 20.788
24.5 20.729
24.5 20.594
24.5 19.602
24.5 21.083
24.5 21.638
24.5 21.784
24.5 21.607
24.5 21.483
24.5 21.867
24.5 21.921
24.5 22.021
24.5 21.656
24.5 21.697
24.5 21.62
24.5 21.652
24.5 21.915
24.5 22.031
24.5 21.196
24.5 21.676
24.5 21.838
24.5 21.722
24.5 22.062
24.5 21.734
24.5 21.662
24.5 21.418
24.5 21.98
24.5 21.762
24.5 21.89
24.5 21.948
24.5 22.033
24.5 21.081
24.5 21.781
24.5 21.588
24.5 21.834
24.5 21.556
24.5 21.579
24.5 21.565
24.5 21.731
24.5 21.791
24.5 21.679
24.5 21.606
24.5 21.752
24.5 21.306
24.5 21.99
24.5 21.367
24.5 22.0
24.5 21.604
24.5 21.373
24.5 21.712
24.5 21.635
24.5 21.833
24.5 21.766
24.5 21.792
24.5 21.52
24.5 21.604
24.5 21.616
24.5 22.083
24.5 22.082
24.5 21.593
24.5 21.767
24.5 21.946
24.5 22.143
24.5 21.859
24.5 21.901
24.5 21.343
24.5 21.33
24.5 21.458
24.5 21.829
24.5 21.526
24.5 21.745
24.5 21.783
24.5 21.777
24.5 21.925
24.5 21.657
24.5 21.951
24.5 22.026
24.5 21.434
24.5 22.047
24.5 22.263
24.5 22.063
24.5 21.635
24.5 22.07
24.5 21.482
24.5 22.069
24.5 21.776
24.5 22.28
24.5 21.422
24.5 21.432
24.5 21.742
24.5 21.74
24.5 22.057
24.5 22.255
24.5 22.279
24.5 22.002
24.5 21.708
24.5 21.923
24.5 22.575
24.5 22.017
24.5 22.083
24.5 22.556
24.5 22.033
24.5 21.763
24.5 21.684
24.5 22.007
24.5 21.694
24.5 21.686
24.5 21.146
24.5 21.791
24.5 21.553
24.5 22.168
24.5 22.066
24.5 21.64
24.5 21.923
24.5 21.727
24.5 22.047
24.5 21.986
24.5 21.907
24.5 22.01
24.5 22.197
24.5 22.209
24.5 21.693
24.5 21.705
24.5 21.785
24.5 21.967
24.5 21.752
24.5 22.284
24.5 21.902
24.5 21.896
24.5 21.705
24.5 21.386
24.5 21.164
24.5 21.108
24.5 21.812
24.5 21.916
24.5 21.892
24.5 21.785
24.5 21.681
24.5 21.818
24.5 21.712
24.5 21.843
24.5 21.354
24.5 21.842
24.5 21.687
24.5 21.636
24.5 21.635
24.5 21.625
24.5 21.356
24.5 21.709
24.5 21.941
24.5 22.341
24.5 22.197
24.5 21.749
24.5 21.846
24.5 21.478
24.5 21.506
24.5 21.918
24.5 21.664
24.5 21.708
24.5 21.711
24.5 21.707
24.5 21.986
24.5 21.777
24.5 21.588
24.5 21.671
24.5 21.577
24.5 21.851
24.5 21.668
24.5 21.057
24.5 21.63
24.5 21.692
24.5 21.806
24.5 21.664
24.5 21.387
24.5 21.814
24.5 21.84
24.5 22.137
24.5 22.014
24.5 21.982
24.5 21.919
24.5 22.551
24.5 21.971
24.5 22.187
24.5 22.27
24.5 21.981
24.5 21.76
24.5 22.32
24.5 22.112
24.5 22.032
24.5 21.958
24.5 21.578
24.5 21.429
24.5 21.466
24.5 21.237
24.5 21.132
24.5 21.726
24.5 21.601
24.5 21.68
24.5 21.656
24.5 21.685
24.5 22.023
24.5 21.663
24.5 21.658
24.5 21.555
24.5 21.552
24.5 22.014
24.5 21.107
24.5 21.398
24.5 21.608
24.5 22.051
24.5 21.901
24.5 21.968
24.5 21.434
24.5 21.942
24.5 22.065
24.5 22.162
24.5 21.914
24.5 21.731
24.5 21.95
24.5 22.216
24.5 22.235
24.5 22.092
24.5 22.325
24.5 22.281
24.5 22.206
24.5 22.112
24.5 21.912
24.5 22.226
24.5 21.781
24.5 21.997
24.5 22.099
24.5 21.997
24.5 21.884
24.5 21.967
24.5 21.66
24.5 21.822
24.5 22.043
24.5 21.919
24.5 21.87
24.5 22.053
24.5 22.118
24.5 22.012
24.5 22.063
24.5 21.911
24.5 21.61
24.5 22.036
24.5 21.955
24.5 21.411
24.5 21.818
24.5 21.859
24.5 21.723
24.5 21.772
24.5 21.969
24.5 21.863
24.5 21.984
24.5 21.873
24.5 22.171
24.5 21.47
24.5 21.856
24.5 21.812
24.5 22.135
24.5 22.018
24.5 22.102
24.5 22.145
24.5 21.783
24.5 21.974
24.5 21.981
24.5 21.936
24.5 21.654
24.5 22.103
24.5 21.398
24.5 21.562
24.5 22.001
24.5 21.932
24.5 21.152
24.5 21.735
24.5 21.723
24.5 21.624
24.5 21.421
24.5 21.878
24.5 21.812
24.5 21.967
24.5 21.7
24.5 21.893
24.5 21.85
24.5 21.644
24.5 21.715
24.5 21.682
24.5 21.992
24.5 22.176
24.5 21.931
24.5 22.185
24.5 22.067
24.5 21.472
24.5 21.531
24.5 21.511
24.5 21.917
24.5 22.396
24.5 22.083
24.5 21.972
24.5 21.583
24.5 21.844
24.5 21.618
24.5 22.044
24.5 21.63
24.5 21.45
24.5 22.021
24.5 22.013
24.5 22.17
24.5 22.058
24.5 21.783
24.5 21.993
24.5 22.233
24.5 21.724
24.5 21.761
24.5 21.925
24.5 21.792
24.5 21.823
24.5 21.925
24.5 21.677
24.5 21.664
24.5 21.752
24.5 21.59
24.5 21.94
24.5 22.131
24.5 22.481
24.5 21.971
24.5 21.544
24.5 21.723
24.5 21.721
24.5 22.002
24.5 21.385
24.5 21.623
24.5 21.939
24.5 21.349
24.5 21.825
24.5 21.825
24.5 21.826
24.5 21.816
24.5 21.374
24.5 21.583
24.5 22.04
24.5 22.136
24.5 22.0
24.5 21.742
24.5 22.214
24.5 21.901
24.5 20.947
24.5 21.651
24.5 21.669
24.5 21.965
24.5 21.709
24.5 21.542
24.5 21.558
24.5 21.902
24.5 21.521
24.5 22.051
24.5 22.178
24.5 21.978
24.5 21.703
24.5 21.749
24.5 21.851
24.5 21.775
24.5 21.697
24.5 21.928
24.5 21.574
24.5 21.946
24.5 22.174
24.5 21.694
24.5 21.747
24.5 21.546
24.5 21.696
24.5 21.531
24.5 21.855
24.5 21.202
24.5 21.785
24.5 21.694
24.5 21.588
24.5 21.996
24.5 21.825
24.5 21.826
24.5 21.734
24.5 21.547
24.5 22.14
24.5 21.747
24.5 21.541
24.5 21.693
24.5 21.844
24.5 21.737
24.5 21.813
24.5 21.062
24.5 21.659
24.5 21.809
24.5 21.811
24.5 21.712
24.5 21.938
24.5 22.196
24.5 21.824
24.5 21.995
24.5 21.724
24.5 22.28
24.5 21.922
24.5 21.552
24.5 22.212
24.5 21.925
24.5 21.96
24.5 22.139
24.5 22.028
24.5 21.911
24.5 22.038
24.5 21.916
24.5 22.315
24.5 21.926
24.5 22.048
24.5 22.084
24.5 21.896
24.5 21.401
24.5 21.931
24.5 21.708
24.5 22.392
24.5 21.983
24.5 22.167
24.5 21.563
24.5 21.993
24.5 21.947
24.5 22.01
24.5 22.12
24.5 21.818
24.5 22.079
24.5 22.064
24.5 21.828
24.5 22.111
24.5 21.723
24.5 21.742
24.5 21.654
24.5 21.781
24.5 21.234
24.5 21.526
24.5 21.786
24.5 21.856
24.5 21.707
24.5 22.025
24.5 21.805
24.5 21.636
24.5 22.028
24.5 22.036
24.5 22.039
24.5 21.728
24.5 22.027
24.5 21.677
24.5 22.208
500
12.5 -35.935
13.5 -11.26
15.0 -1.971
17.0 5.085
17.0 8.578
17.0 11.144
18.5 12.434
19.0 12.265
20.0 14.084
21.0 14.616
22.0 15.315
22.0 15.467
22.0 15.73
22.0 16.474
22.0 16.606
22.0 17.048
23.0 17.622
23.0 18.502
23.0 18.813
23.0 19.098
23.0 19.215
23.0 19.335
23.0 19.37
23.0 19.306
23.0 19.463
23.0 19.526
23.0 20.197
23.0 20.304
23.0 19.951
23.0 20.549
23.0 20.442
23.0 20.617
23.0 20.438
23.0 20.776
23.0 20.484
23.0 20.932
23.0 20.394
23.0 20.434
23.0 20.205
23.0 20.621
23.0 20.02
23.0 20.32
23.0 20.252
23.0 19.954
23.0 20.389
23.0 20.656
23.0 20.546
23.0 20.122
23.5 20.023
23.5 20.21
23.5 20.293
23.5 20.688
23.5 20.479
23.5 21.026
23.5 20.493
23.5 20.54
23.5 20.275
23.5 20.169
23.5 20.705
23.5 19.687
23.5 20.43
23.5 20.245
23.5 20.16
23.5 20.219
23.5 20.346
23.5 19.802
23.5 20.228
23.5 20.314
23.5 20.878
23.5 20.594
23.5 20.401
23.5 20.324
23.5 20.559
23.5 20.277
23.5 20.048
23.5 20.455
23.5 20.891
23.5 20.6
23.5 20.793
23.5 20.898
23.5 20.59
23.5 20.59
23.5 20.786
23.5 20.55
23.5 20.693
23.5 20.626
23.5 20.343
23.5 20.364
23.5 20.346
23.5 20.922
23.5 20.774
23.5 20.31
23.5 20.589
23.5 20.935
23.5 21.003
23.5 20.772
23.5 20.244
23.5 20.692
23.5 21.064
23.5 20.833
23.5 20.49
23.5 20.854
23.5 20.558
23.5 20.183
23.5 20.645
23.5 20.882
23.5 20.531
23.5 20.396
23.5 20.192
23.5 20.014
23.5 20.566
23.5 20.602
23.5 20.396
23.5 20.305
23.5 20.433
23.5 20.48
23.5 20.228
23.5 20.508
23.5 20.56
23.5 20.839
23.5 20.707
23.5 20.786
23.5 20.81
23.5 20.787
23.5 20.934
23.5 20.254
23.5 20.146
23.5 20.281
23.5 20.762
23.5 20.732
23.5 20.643
23.5 20.059
23.5 20.555
23.5 20.174
23.5 20.123
23.5 20.349
23.5 20.495
23.5 20.897
23.5 20.988
23.5 20.923
23.5 21.332
23.5 21.077
23.5 20.603
23.5 20.759
23.5 20.8
23.5 20.236
23.5 20.357
23.5 20.571
23.5 20.579
23.5 20.74
23.5 20.858
23.5 20.716
23.5 20.491
23.5 20.751
23.5 20.476
23.5 20.384
23.5 20.864
23.5 20.06
23.5 20.769
23.5 20.875
23.5 20.695
23.5 20.455
23.5 20.46
23.5 20.767
23.5 20.466
23.5 20.71
23.5 20.531
23.5 20.794
23.5 20.529
23.5 20.567
23.5 20.635
23.5 20.91
23.5 20.754
23.5 20.43
23.5 20.338
23.5 20.245
23.5 20.222
23.5 20.464
23.5 20.463
23.5 20.044
23.5 20.911
23.5 20.793
23.5 20.283
23.5 20.089
23.5 20.796
23.5 20.8
23.5 21.177
23.5 20.134
23.5 20.792
23.5 21.06
23.5 20.396
23.5 19.928
23.5 20.772
23.5 20.653
23.5 20.567
23.5 20.633
23.5 20.913
23.5 20.844
23.5 20.143
23.5 20.342
23.5 20.731
23.5 20.863
23.5 20.464
23.5 20.374
23.5 20.805
23.5 20.19
23.5 20.184
23.5 20.466
23.5 19.922
23.5 20.309
23.5 19.931
23.5 20.359
23.5 19.864
23.5 19.593
23.5 20.186
23.5 20.493
23.5 20.0
23.5 20.293
23.5 20.476
23.5 20.403
23.5 20.613
23.5 20.293
23.5 20.664
23.5 20.175
23.5 20.659
23.5 20.831
23.5 20.153
23.5 20.39
23.5 20.447
23.5 20.674
23.5 20.767
23.5 20.39
23.5 20.821
23.5 20.946
23.5 19.769
23.5 20.533
23.5 20.462
23.5 20.437
23.5 20.558
23.5 20.64
23.5 20.861
23.5 21.346
23.5 20.904
23.5 21.265
23.5 20.896
23.5 20.738
23.5 20.598
23.5 20.506
23.5 20.501
23.5 19.719
23.5 20.489
23.5 20.78
23.5 21.214
23.5 20.592
23.5 20.714
23.5 20.538
23.5 20.809
23.5 21.173
23.5 20.613
23.5 20.39
23.5 21.148
23.5 20.623
23.5 20.723
23.5 20.758
23.5 20.629
23.5 20.661
23.5 20.37
23.5 20.26
23.5 20.842
23.5 21.274
23.5 21.019
23.5 20.857
23.5 20.366
23.5 20.627
23.5 20.506
23.5 20.552
23.5 20.762
23.5 20.501
23.5 20.444
23.5 20.094
23.5 20.446
23.5 20.425
23.5 20.11
23.5 20.475
23.5 20.544
23.5 20.391
23.5 20.319
23.5 20.739
23.5 20.96
23.5 20.449
23.5 20.777
23.5 20.895
23.5 20.83
23.5 20.514
23.5 20.365
23.5 20.803
23.5 20.501
23.5 20.664
23.5 20.677
23.5 20.439
23.5 20.496
23.5 20.702
23.5 20.847
23.5 20.348
23.5 20.663
23.5 20.809
23.5 20.612
23.5 20.794
23.5 20.768
23.5 20.102
23.5 20.482
23.5 20.319
23.5 20.408
23.5 20.936
23.5 20.817
23.5 20.532
23.5 20.458
23.5 20.83
23.5 20.899
23.5 21.085
23.5 20.906
23.5 20.53
23.5 20.445
23.5 20.819
23.5 19.906
23.5 20.694
23.5 20.926
23.5 20.727
23.5 20.921
23.5 20.32
23.5 20.471
23.5 20.286
23.5 20.82
23.5 20.413
23.5 20.577
23.5 20.499
23.5 20.774
23.5 20.672
23.5 20.89
23.5 20.522
23.5 20.813
23.5 20.813
23.5 20.725
23.5 20.484
23.5 20.396
23.5 20.774
23.5 20.911
23.5 20.797
23.5 20.974
23.5 20.686
23.5 20.664
23.5 21.254
23.5 21.073
23.5 20.611
23.5 20.744
23.5 20.439
23.5 20.838
23.5 20.749
23.5 20.71
23.5 20.822
23.5 20.889
23.5 20.385
23.5 20.126
23.5 20.489
23.5 20.211
23.5 20.491
23.5 20.563
23.5 20.809
23.5 20.916
23.5 21.107
23.5 20.794
23.5 20.955
23.5 20.937
23.5 20.711
23.5 21.113
23.5 20.709
23.5 20.629
23.5 20.422
23.5 20.849
23.5 20.769
23.5 20.362
23.5 20.31
23.5 20.322
23.5 19.868
23.5 20.078
23.5 20.681
23.5 19.787
23.5 20.651
23.5 20.571
23.5 20.359
23.5 20.285
23.5 20.421
23.5 20.193
23.5 20.393
23.5 20.563
23.5 20.538
23.5 20.06
23.5 20.859
23.5 19.721
23.5 20.137
23.5 20.134
23.5 20.059
23.5 19.891
23.5 20.509
23.5 20.581
23.5 20.598
23.5 20.927
23.5 20.701
23.5 20.531
23.5 20.507
23.5 20.844
23.5 20.591
23.5 20.243
23.5 20.545
23.5 20.58
23.5 20.798
23.5 20.578
23.5 20.715
23.5 20.285
23.5 20.613
23.5 20.813
23.5 20.184
23.5 20.977
23.5 20.491
23.5 20.727
23.5 20.851
23.5 19.878
23.5 20.222
23.5 20.443
23.5 20.664
23.5 19.895
23.5 20.62
23.5 21.173
23.5 21.24
23.5 20.808
23.5 20.735
23.5 20.621
23.5 20.318
23.5 21.025
23.5 21.056
23.5 20.85
23.5 21.021
23.5 20.504
23.5 20.865
23.5 20.075
23.5 20.672
23.5 20.204
23.5 20.704
23.5 20.765
23.5 20.747
23.5 20.96
23.5 20.893
23.5 20.853
23.5 20.784
23.5 20.987
23.5 21.12
23.5 20.297
23.5 20.644
23.5 20.79
23.5 20.544
23.5 20.647
23.5 20.589
23.5 19.975
23.5 20.696
23.5 20.547
23.5 21.006
23.5 20.813
23.5 20.894
23.5 21.302
23.5 20.365
23.5 20.832
23.5 20.349
23.5 20.76
23.5 20.863
23.5 21.336
23.5 20.822
23.5 20.838
23.5 20.746
23.5 20.934
23.5 20.594
23.5 20.782
23.5 21.03
23.5 20.508
23.5 20.629
23.5 21.047
23.5 20.748
23.5 20.782
23.5 19.959
23.5 20.364
23.5 20.48
23.5 20.415
23.5 20.654
23.5 20.632
23.5 20.746
23.5 20.302
23.5 20.686
23.5 20.21
23.5 20.348
23.5 20.294
23.5 20.641
500
14.0 -36.616
16.0 -12.653
16.0 -1.67
16.0 5.846
16.5 9.895
19.5 11.641
20.0 12.972
20.0 13.925
20.5 14.34
20.5 15.075
21.5 16.416
21.5 16.819
22.5 17.055
22.5 17.28
23.0 17.004
23.0 17.637
23.0 18.096
23.5 18.314
24.0 19.036
24.5 19.182
24.5 20.011
24.5 19.828
24.5 19.749
24.5 20.56
24.5 19.947
24.5 20.634
24.5 20.708
24.5 21.152
24.5 21.51
24.5 21.077
24.5 21.519
24.5 21.582
24.5 21.901
24.5 21.351
24.5 21.616
24.5 22.008
24.5 21.63
24.5 21.545
24.5 20.92
24.5 21.718
24.5 21.628
24.5 21.896
24.5 22.003
24.5 21.969
24.5 21.859
24.5 21.992
24.5 21.592
24.5 21.839
24.5 21.946
24.5 21.543
24.5 21.491
24.5 21.722
24.5 22.219
24.5 22.232
24.5 22.255
24.5 21.874
24.5 21.713
24.5 22.033
24.5 21.927
24.5 22.197
24.5 22.141
24.5 21.976
24.5 21.88
24.5 21.517
24.5 22.203
24.5 22.054
24.5 21.637
24.5 21.403
24.5 21.642
24.5 21.697
24.5 21.764
24.5 22.32
24.5 21.322
24.5 21.963
24.5 21.721
24.5 21.969
24.5 22.107
24.5 21.741
24.5 21.821
24.5 21.754
24.5 22.167
24.5 22.233
24.5 21.652
24.5 21.895
24.5 21.769
24.5 21.449
24.5 21.971
24.5 21.782
24.5 22.284
24.5 21.932
24.5 21.943
24.5 21.898
24.5 22.068
24.5 21.962
24.5 21.988
24.5 21.559
24.5 22.027
24.5 22.04
24.5 21.954
24.5 21.705
24.5 21.715
24.5 21.797
24.5 22.033
24.5 22.209
24.5 21.389
24.5 21.616
24.5 22.198
24.5 21.919
24.5 22.066
24.5 21.867
24.5 22.037
24.5 22.301
24.5 22.044
24.5 22.276
24.5 22.213
24.5 22.237
24.5 22.036
24.5 21.825
24.5 21.839
24.5 21.869
24.5 21.779
24.5 22.19
24.5 21.901
24.5 21.915
24.5 21.94
24.5 21.965
24.5 21.508
24.5 21.862
24.5 21.563
24.5 21.949
24.5 22.057
24.5 21.535
24.5 21.897
24.5 21.417
24.5 21.743
24.5 21.931
24.5 21.815
24.5 21.851
24.5 21.579
24.5 21.557
24.5 21.787
24.5 21.237
24.5 21.609
24.5 22.019
24.5 22.107
24.5 21.515
24.5 21.723
24.5 22.19
24.5 22.003
24.5 22.178
24.5 21.919
24.5 22.006
24.5 21.771
24.5 22.143
24.5 21.738
24.5 21.447
24.5 21.887
24.5 21.441
24.5 21.881
24.5 21.713
24.5 21.711
24.5 21.753
24.5 21.811
24.5 22.501
24.5 21.704
24.5 21.805
24.5 22.053
24.5 21.563
24.5 22.028
24.5 21.85
24.5 21.804
24.5 21.855
24.5 21.507
24.5 22.017
24.5 21.95
24.5 21.769
24.5 21.238
24.5 22.078
24.5 21.638
24.5 21.727
24.5 21.8
24.5 21.83
24.5 21.679
24.5 21.58
24.5 21.659
24.5 21.491
24.5 21.582
24.5 22.116
24.5 21.841
24.5 21.74
24.5 21.813
24.5 21.254
24.5 21.604
24.5 21.576
24.5 21.471
24.5 22.029
24.5 21.707
24.5 22.236
24.5 21.718
24.5 22.296
24.5 21.583
24.5 21.719
24.5 21.915
24.5 21.843
24.5 21.973
24.5 22.326
24.5 22.026
24.5 21.944
24.5 21.949
24.5 21.784
24.5 22.02
24.5 21.929
24.5 21.974
24.5 21.983
24.5 22.016
24.5 21.794
24.5 21.936
24.5 21.581
24.5 21.983
24.5 21.585
24.5 22.004
24.5 22.449
24.5 22.61
24.5 21.963
24.5 21.968
24.5 22.248
24.5 22.03
24.5 21.927
24.5 21.812
24.5 22.248
24.5 22.001
24.5 22.0
24.5 22.171
24.5 22.391
24.5 22.375
24.5 22.133
24.5 22.025
24.5 21.526
24.5 21.613
24.5 21.919
24.5 21.797
24.5 21.874
24.5 21.914
24.5 22.257
24.5 22.082
24.5 21.883
24.5 22.088
24.5 22.139
24.5 21.939
24.5 21.901
24.5 22.001
24.5 22.041
24.5 22.182
24.5 21.597
24.5 21.608
24.5 22.112
24.5 21.695
24.5 22.199
24.5 22.089
24.5 21.851
24.5 21.876
24.5 22.026
24.5 21.927
24.5 22.177
24.5 22.08
24.5 21.678
24.5 21.952
24.5 21.819
24.5 21.924
24.5 21.603
24.5 21.632
24.5 22.065
24.5 22.233
24.5 22.045
24.5 21.802
24.5 21.525
24.5 21.701
24.5 22.158
24.5 22.268
24.5 21.619
24.5 21.986
24.5 21.475
24.5 22.343
24.5 22.315
24.5 22.061
24.5 21.789
24.5 22.1
24.5 21.518
24.5 21.523
24.5 22.236
24.5 21.778
24.5 21.718
24.5 22.011
24.5 21.273
24.5 21.849
24.5 21.434
24.5 21.357
24.5 21.401
24.5 21.795
24.5 21.657
24.5 22.101
24.5 22.246
24.5 22.538
24.5 22.108
24.5 22.195
24.5 21.869
24.5 21.668
24.5 21.882
24.5 21.767
24.5 21.714
24.5 21.891
24.5 21.544
24.5 21.922
24.5 21.316
24.5 21.83
24.5 21.69
24.5 22.087
24.5 22.228
24.5 21.674
24.5 21.545
24.5 21.71
24.5 21.857
24.5 21.747
24.5 22.217
24.5 21.87
24.5 22.1
24.5 21.591
24.5 21.879
24.5 21.166
24.5 21.783
24.5 21.628
24.5 21.432
24.5 21.862
24.5 22.184
24.5 21.834
24.5 21.901
24.5 21.489
24.5 22.261
24.5 21.694
24.5 21.792
24.5 21.667
24.5 21.677
24.5 21.68
24.5 22.205
24.5 21.409
24.5 22.091
24.5 21.821
24.5 22.172
24.5 22.131
24.5 22.049
24.5 22.069
24.5 22.017
24.5 21.804
24.5 20.903
24.5 21.319
24.5 21.374
24.5 21.583
24.5 21.741
24.5 21.477
24.5 21.409
24.5 21.788
24.5 22.27
24.5 21.861
24.5 21.9
24.5 21.615
24.5 21.717
24.5 21.889
24.5 21.833
24.5 22.095
24.5 21.858
24.5 22.072
24.5 21.774
24.5 22.076
24.5 22.083
24.5 21.994
24.5 22.091
24.5 21.751
24.5 21.759
24.5 21.905
24.5 22.178
24.5 22.025
24.5 21.94
24.5 21.698
24.5 21.571
24.5 21.357
24.5 21.116
24.5 21.253
24.5 21.3
24.5 21.767
24.5 21.384
24.5 21.626
24.5 21.496
24.5 21.494
24.5 22.108
24.5 21.684
24.5 21.943
24.5 21.924
24.5 21.985
24.5 22.209
24.5 21.556
24.5 21.914
24.5 22.152
24.5 21.168
24.5 21.703
24.5 21.717
24.5 21.648
24.5 22.146
24.5 21.905
24.5 21.779
24.5 21.767
24.5 21.642
24.5 21.804
24.5 21.649
24.5 21.738
24.5 21.548
24.5 21.444
24.5 21.675
24.5 21.699
24.5 21.42
24.5 21.613
24.5 21.785
24.5 22.052
24.5 22.323
24.5 21.525
24.5 21.451
24.5 21.617
24.5 21.538
24.5 21.347
24.5 21.583
24.5 21.74
24.5 21.728
24.5 22.166
24.5 22.069
24.5 21.974
24.5 22.608
24.5 22.278
24.5 22.051
24.5 22.452
24.5 22.15
24.5 21.325
24.5 21.987
24.5 21.25
24.5 21.879
24.5 21.556
24.5 21.921
24.5 21.617
24.5 22.219
24.5 21.725
24.5 21.95
24.5 21.453
24.5 21.916
24.5 22.187
24.5 21.557
24.5 21.973
24.5 22.214
24.5 22.075
24.5 22.396
24.5 21.897
24.5 22.234
24.5 22.255
24.5 21.903
24.5 22.035
24.5 22.2
24.5 22.283
24.5 22.079
24.5 22.353
24.5 22.392
24.5 22.001
24.5 21.453
24.5 21.661
24.5 21.742
24.5 21.417
24.5 21.593
24.5 21.587
24.5 21.487
24.5 21.551
24.5 21.707
24.5 21.343
24.5 21.822
24.5 21.785
24.5 21.762
24.5 21.74
24.5 21.794
24.5 22.025
24.5 21.636
24.5 21.85
24.5 21.82
24.5 21.884
24.5 22.034
24.5 21.191
24.5 21.734
24.5 21.545
24.5 21.683
24.5 22.036
24.5 21.607
24.5 21.622
24.5 22.01
24.5 21.679
24.5 21.476
24.5 21.675
500
12.5 -37.846
13.5 -13.463
14.5 -2.624
16.0 4.893
16.5 9.163
17.5 8.18
18.0 9.79
18.0 12.681
19.0 13.775
19.0 14.615
20.0 14.109
20.0 14.62
20.0 15.267
20.5 15.446
20.5 15.603
21.0 16.427
21.0 16.966
21.5 17.223
21.5 17.58
22.0 18.135
22.0 18.239
22.5 17.801
22.5 18.362
22.5 18.29
23.0 18.856
23.0 18.646
23.5 18.618
23.5 18.586
23.5 18.892
24.0 19.507
24.0 19.421
24.0 19.721
24.0 20.273
24.0 20.213
24.0 20.347
24.0 20.629
24.0 20.549
24.0 20.87
24.0 21.19
24.0 21.201
24.0 21.17
24.0 20.87
24.0 21.028
24.0 21.423
24.0 21.547
24.0 21.129
24.0 21.753
24.0 21.483
24.0 21.737
24.0 21.271
24.0 20.492
24.0 21.089
24.0 20.613
24.0 21.292
24.0 22.015
24.0 21.851
24.0 21.753
24.0 21.918
24.0 21.797
24.0 21.583
24.0 21.372
24.0 20.991
24.0 21.186
24.0 20.946
24.0 21.405
24.0 21.899
24.0 21.485
24.0 21.77
24.0 21.885
24.0 21.637
24.0 21.701
24.0 21.314
24.0 21.431
24.0 21.775
24.0 21.77
24.0 21.811
24.0 21.735
24.0 21.522
24.0 21.752
24.0 21.493
24.0 21.749
24.0 21.794
24.0 21.374
24.0 21.455
24.0 21.488
24.0 21.786
24.0 21.411
24.0 21.847
24.0 21.601
24.0 21.389
24.0 21.211
24.0 21.597
24.0 21.551
24.0 21.654
24.0 21.578
24.0 21.775
24.0 21.609
24.0 21.775
24.0 21.546
24.0 21.239
24.0 21.163
24.0 21.699
24.0 21.425
24.0 21.487
24.0 21.552
24.0 21.42
24.0 21.468
24.0 21.314
24.0 21.554
24.0 21.708
24.0 21.306
24.0 21.537
24.0 21.75
24.0 21.336
24.0 21.797
24.0 21.914
24.0 21.514
24.0 21.506
24.0 21.856
24.0 21.247
24.0 21.509
24.0 21.82
24.0 21.468
24.0 21.495
24.0 21.607
24.0 21.459
24.0 21.644
24.0 21.713
24.0 21.281
24.0 21.236
24.0 21.006
24.0 21.544
24.0 21.76
24.0 21.429
24.0 21.595
24.0 21.508
24.0 21.311
24.0 21.097
24.0 21.448
24.0 21.22
24.0 21.826
24.0 21.067
24.0 21.891
24.0 21.453
24.0 21.458
24.0 21.509
24.0 21.942
24.0 21.458
24.0 21.661
24.0 21.637
24.0 21.443
24.0 21.552
24.0 21.536
24.0 21.536
24.0 20.7
24.0 20.836
24.0 21.022
24.0 21.028
24.0 21.221
24.0 21.041
24.0 21.103
24.0 21.303
24.0 21.954
24.0 21.962
24.0 21.428
24.0 21.421
24.0 21.884
24.0 21.791
24.0 21.721
24.0 21.775
24.0 21.775
24.0 21.29
24.0 21.43
24.0 21.516
24.0 21.591
24.0 21.491
24.0 21.481
24.0 21.609
24.0 21.904
24.0 21.652
24.0 21.684
24.0 21.524
24.0 21.694
24.0 21.602
24.0 21.813
24.0 21.599
24.0 21.691
24.0 21.631
24.0 21.371
24.0 21.748
24.0 21.908
24.0 21.485
24.0 21.786
24.0 21.699
24.0 21.558
24.0 21.358
24.0 20.835
24.0 21.43
24.0 21.114
24.0 21.433
24.0 21.673
24.0 21.496
24.0 21.887
24.0 21.632
24.0 21.288
24.0 21.562
24.0 21.584
24.0 21.403
24.0 21.727
24.0 21.613
24.0 21.666
24.0 21.364
24.0 21.379
24.0 21.63
24.0 21.664
24.0 21.657
24.0 21.894
24.0 21.565
24.0 21.927
24.0 22.172
24.0 21.993
24.0 21.442
24.0 21.763
24.0 21.647
24.0 21.58
24.0 21.791
24.0 21.351
24.0 22.378
24.0 22.079
24.0 21.792
24.0 21.304
24.0 21.326
24.0 20.994
24.0 21.564
24.0 21.437
24.0 21.485
24.0 21.743
24.0 21.104
24.0 21.676
24.0 21.625
24.0 21.413
24.0 21.786
24.0 21.605
24.0 21.639
24.0 21.585
24.0 22.103
24.0 21.871
24.0 21.851
24.0 21.669
24.0 21.502
24.0 20.972
24.0 21.557
24.0 21.413
24.0 21.795
24.0 21.31
24.0 21.543
24.0 21.645
24.0 21.486
24.0 21.237
24.0 21.242
24.0 21.528
24.0 21.627
24.0 21.052
24.0 21.596
24.0 21.554
24.0 21.734
24.0 21.474
24.0 21.619
24.0 22.087
24.0 21.75
24.0 21.706
24.0 21.684
24.0 21.465
24.0 21.714
24.0 21.701
24.0 21.436
24.0 21.236
24.0 21.588
24.0 21.724
24.0 21.67
24.0 21.754
24.0 21.66
24.0 21.745
24.0 22.033
24.0 21.566
24.0 21.351
24.0 21.242
24.0 21.702
24.0 21.478
24.0 21.386
24.0 21.34
24.0 21.393
24.0 21.18
24.0 21.088
24.0 21.56
24.0 21.685
24.0 21.644
24.0 21.582
24.0 21.546
24.0 21.423
24.0 21.758
24.0 21.372
24.0 21.369
24.0 21.639
24.0 21.339
24.0 21.807
24.0 21.481
24.0 21.644
24.0 21.619
24.0 21.255
24.0 21.617
24.0 21.58
24.0 21.504
24.0 21.235
24.0 21.564
24.0 21.7
24.0 21.428
24.0 21.358
24.0 21.645
24.0 21.701
24.0 21.715
24.0 21.665
24.0 21.935
24.0 21.224
24.0 21.556
24.0 21.758
24.0 21.759
24.0 21.83
24.0 21.364
24.0 21.832
24.0 21.915
24.0 21.657
24.0 21.685
24.0 21.505
24.0 21.286
24.0 21.41
24.0 21.467
24.0 21.342
24.0 21.486
24.0 21.499
24.0 21.66
24.0 21.737
24.0 21.861
24.0 21.683
24.0 21.397
24.0 21.771
24.0 21.71
24.0 21.623
24.0 21.541
24.0 21.292
24.0 21.599
24.0 21.662
24.0 21.263
24.0 21.423
24.0 21.65
24.0 21.844
24.0 21.609
24.0 22.005
24.0 22.187
24.0 21.779
24.0 21.842
24.0 21.699
24.0 21.48
24.0 21.284
24.0 21.328
24.0 21.357
24.0 21.637
24.0 21.362
24.0 21.449
24.0 21.81
24.0 21.525
24.0 21.482
24.0 21.466
24.0 21.578
24.0 21.414
24.0 21.636
24.0 21.48
24.0 21.722
24.0 21.309
24.0 21.756
24.0 21.348
24.0 21.433
24.0 21.686
24.0 21.708
24.0 21.721
24.0 21.287
24.0 21.551
24.0 21.489
24.0 21.602
24.0 21.519
24.0 21.76
24.0 21.552
24.0 21.22
24.0 21.123
24.0 21.676
24.0 21.403
24.0 21.671
24.0 21.712
24.0 21.885
24.0 21.632
24.0 21.53
24.0 21.524
24.0 21.344
24.0 21.513
24.0 21.412
24.0 21.477
24.0 21.347
24.0 21.55
24.0 21.629
24.0 21.711
24.0 21.406
24.0 21.687
24.0 21.288
24.0 21.561
24.0 21.61
24.0 21.524
24.0 21.423
24.0 21.209
24.0 21.661
24.0 21.729
24.0 21.555
24.0 21.258
24.0 20.859
24.0 20.743
24.0 21.06
24.0 21.115
24.0 21.722
24.0 21.162
24.0 21.813
24.0 21.753
24.0 21.559
24.0 21.393
24.0 21.914
24.0 21.201
24.0 21.353
24.0 21.366
24.0 21.444
24.0 20.911
24.0 21.378
24.0 21.14
24.0 21.37
24.0 21.197
24.0 21.579
24.0 21.708
24.0 21.652
24.0 21.253
24.0 21.44
24.0 21.502
24.0 21.444
24.0 21.681
24.0 22.003
24.0 21.74
24.0 21.737
24.0 21.138
24.0 21.555
24.0 21.324
24.0 21.155
24.0 21.262
24.0 21.761
24.0 21.693
24.0 21.616
24.0 21.445
24.0 21.581
24.0 21.483
24.0 21.614
24.0 21.826
24.0 21.491
24.0 21.637
24.0 21.916
24.0 21.374
24.0 21.517
24.0 21.727
24.0 21.137
24.0 21.636
24.0 21.551
24.0 21.53
24.0 21.811
24.0 21.36
24.0 21.565
24.0 21.332
24.0 21.609
24.0 21.6
24.0 21.244
24.0 21.445
24.0 21.51
24.0 21.41
24.0 21.997
24.0 21.688
24.0 21.481
24.0 21.794
24.0 21.269
24.0 21.14
24.0 21.141
24.0 21.373
24.0 21.506
24.0 21.593
24.0 21.676
24.0 21.022
24.0 21.633
24.0 21.613
500
13.5 -37.275
13.5 -13.56
15.0 -1.762
15.0 3.553
16.0 7.437
17.0 9.534
17.5 10.928
18.5 12.333
19.0 12.866
19.0 13.633
19.0 14.001
19.5 13.884
19.5 14.589
20.5 14.973
20.5 15.182
20.5 15.616
21.0 16.117
21.0 16.094
21.5 16.638
22.5 17.037
22.5 16.92
22.5 17.666
23.0 18.513
23.0 18.898
23.0 18.812
23.0 18.968
23.0 19.137
24.0 19.274
24.0 18.912
24.5 19.847
24.5 20.013
24.5 20.421
24.5 20.188
24.5 20.832
24.5 21.143
24.5 20.66
24.5 21.527
24.5 21.444
24.5 20.932
24.5 21.172
24.5 21.323
24.5 21.128
24.5 21.081
24.5 21.365
24.5 21.369
24.5 20.868
24.5 21.348
24.5 21.651
24.5 21.592
24.5 21.454
24.5 21.846
24.5 22.047
24.5 21.599
24.5 21.618
24.5 21.475
24.5 21.111
24.5 21.475
24.5 21.597
24.5 21.067
24.5 21.164
24.5 21.443
24.5 21.139
24.5 21.594
24.5 21.447
24.5 21.679
24.5 21.648
24.5 21.35
24.5 21.883
24.5 21.623
24.5 21.663
24.5 21.418
24.5 21.672
24.5 21.825
24.5 21.834
24.5 20.796
24.5 20.786
24.5 21.369
24.5 21.199
24.5 21.684
24.5 21.861
24.5 21.536
24.5 21.596
24.5 21.483
24.5 21.326
24.5 21.347
24.5 21.07
24.5 21.426
24.5 21.402
24.5 21.233
24.5 21.693
24.5 21.755
24.5 21.075
24.5 21.716
24.5 21.213
24.5 21.177
24.5 21.155
24.5 22.016
24.5 22.204
24.5 21.566
24.5 21.613
24.5 21.564
24.5 21.285
24.5 21.726
24.5 21.173
24.5 21.668
24.5 21.527
24.5 22.051
24.5 21.328
24.5 21.698
24.5 21.886
24.5 21.729
24.5 21.701
24.5 21.784
24.5 21.721
24.5 21.825
24.5 21.215
24.5 21.273
24.5 21.473
24.5 21.392
24.5 21.49
24.5 20.901
24.5 20.942
24.5 20.717
24.5 20.871
24.5 21.123
24.5 21.321
24.5 21.478
24.5 21.715
24.5 21.203
24.5 21.625
24.5 21.441
24.5 21.588
24.5 20.999
24.5 21.392
24.5 21.809
24.5 21.454
24.5 21.353
24.5 21.529
24.5 21.541
24.5 22.021
24.5 21.883
24.5 21.509
24.5 21.151
24.5 21.793
24.5 21.482
24.5 21.448
24.5 21.953
24.5 21.341
24.5 21.305
24.5 21.635
24.5 21.594
24.5 21.221
24.5 21.221
24.5 21.315
24.5 20.849
24.5 21.237
24.5 21.144
24.5 20.685
24.5 21.084
24.5 21.587
24.5 20.854
24.5 21.087
24.5 21.276
24.5 21.344
24.5 21.387
24.5 21.635
24.5 21.368
24.5 21.489
24.5 21.239
24.5 21.331
24.5 20.582
24.5 20.782
24.5 21.013
24.5 21.232
24.5 21.119
24.5 20.857
24.5 21.489
24.5 21.021
24.5 21.403
24.5 21.186
24.5 21.079
24.5 21.046
24.5 21.425
24.5 21.601
24.5 21.072
24.5 20.851
24.5 21.308
24.5 20.959
24.5 21.335
24.5 21.377
24.5 21.119
24.5 21.497
24.5 20.553
24.5 21.2
24.5 21.637
24.5 21.806
24.5 21.469
24.5 21.585
24.5 21.82
24.5 21.952
24.5 21.72
24.5 22.031
24.5 22.001
24.5 21.22
24.5 21.201
24.5 21.294
24.5 21.956
24.5 21.579
24.5 21.014
24.5 21.354
24.5 20.935
24.5 20.946
24.5 21.46
24.5 21.488
24.5 21.554
24.5 21.452
24.5 21.456
24.5 21.793
24.5 21.631
24.5 22.14
24.5 22.041
24.5 22.142
24.5 21.42
24.5 21.343
24.5 20.959
24.5 20.833
24.5 21.064
24.5 21.049
24.5 21.571
24.5 21.609
24.5 21.183
24.5 21.43
24.5 21.388
24.5 21.851
24.5 21.384
24.5 21.332
24.5 21.19
24.5 21.208
24.5 21.19
24.5 21.366
24.5 21.253
24.5 20.556
24.5 21.334
24.5 21.279
24.5 21.309
24.5 21.367
24.5 20.592
24.5 21.782
24.5 22.019
24.5 21.837
24.5 21.681
24.5 21.315
24.5 21.033
24.5 21.581
24.5 21.581
24.5 21.195
24.5 21.468
24.5 21.383
24.5 21.096
24.5 21.751
24.5 21.312
24.5 21.188
24.5 21.375
24.5 21.056
24.5 21.268
24.5 21.606
24.5 20.736
24.5 21.373
24.5 20.744
24.5 21.464
24.5 21.71
24.5 22.013
24.5 22.132
24.5 21.801
24.5 21.895
24.5 21.251
24.5 21.412
24.5 21.764
24.5 21.446
24.5 21.7
24.5 21.615
24.5 21.572
24.5 21.723
24.5 21.432
24.5 21.183
24.5 21.212
24.5 21.637
24.5 21.302
24.5 21.447
24.5 21.304
24.5 21.029
24.5 21.438
24.5 21.394
24.5 21.435
24.5 21.301
24.5 21.374
24.5 21.597
24.5 21.579
24.5 21.491
24.5 21.517
24.5 21.076
24.5 21.819
24.5 21.274
24.5 21.638
24.5 21.386
24.5 21.818
24.5 20.929
24.5 21.543
24.5 20.949
24.5 21.675
24.5 21.804
24.5 21.646
24.5 21.674
24.5 21.67
24.5 21.433
24.5 21.194
24.5 21.959
24.5 21.719
24.5 21.903
24.5 21.956
24.5 21.798
24.5 20.857
24.5 21.113
24.5 21.33
24.5 21.411
24.5 21.018
24.5 21.438
24.5 21.661
24.5 21.747
24.5 21.854
24.5 21.965
24.5 21.61
24.5 21.497
24.5 21.441
24.5 21.786
24.5 21.522
24.5 21.378
24.5 21.762
24.5 21.443
24.5 21.169
24.5 21.448
24.5 21.284
24.5 21.192
24.5 21.126
24.5 21.364
24.5 21.394
24.5 21.428
24.5 21.684
24.5 21.528
24.5 21.385
24.5 21.688
24.5 21.16
24.5 21.316
24.5 22.01
24.5 21.477
24.5 21.391
24.5 20.807
24.5 21.261
24.5 21.465
24.5 21.157
24.5 21.433
24.5 21.312
24.5 20.479
24.5 21.405
24.5 21.768
24.5 21.445
24.5 20.911
24.5 21.031
24.5 20.721
24.5 20.972
24.5 21.1
24.5 21.378
24.5 21.43
24.5 20.863
24.5 21.436
24.5 20.939
24.5 21.694
24.5 21.7
24.5 21.734
24.5 20.969
24.5 21.596
24.5 21.61
24.5 21.585
24.5 21.259
24.5 21.493
24.5 21.41
24.5 21.402
24.5 21.837
24.5 21.79
24.5 21.545
24.5 21.281
24.5 21.719
24.5 21.64
24.5 21.695
24.5 22.1
24.5 21.74
24.5 21.882
24.5 21.808
24.5 21.743
24.5 21.665
24.5 21.872
24.5 21.722
24.5 21.504
24.5 21.861
24.5 21.112
24.5 21.433
24.5 21.434
24.5 21.569
24.5 21.389
24.5 21.734
24.5 21.17
24.5 21.452
24.5 21.501
24.5 21.617
24.5 21.319
24.5 21.829
24.5 21.904
24.5 21.329
24.5 20.988
24.5 21.846
24.5 21.253
24.5 21.842
24.5 22.042
24.5 21.251
24.5 21.622
24.5 21.605
24.5 21.693
24.5 21.763
24.5 21.467
24.5 21.455
24.5 20.507
24.5 21.406
24.5 21.152
24.5 21.405
24.5 21.591
24.5 21.52
24.5 21.605
24.5 21.695
24.5 21.789
24.5 21.897
24.5 21.699
24.5 21.674
24.5 21.315
24.5 21.581
24.5 21.773
24.5 22.172
24.5 22.075
24.5 21.736
24.5 20.873
24.5 21.902
24.5 21.831
24.5 21.189
24.5 21.678
24.5 21.933
24.5 21.387
24.5 21.02
24.5 21.299
24.5 21.752
24.5 21.202
24.5 21.234
24.5 21.492
24.5 21.258
24.5 21.003
24.5 21.455
24.5 20.885
24.5 21.368
24.5 20.79
24.5 21.623
24.5 21.684
24.5 21.032
24.5 21.343
24.5 21.488
24.5 21.364
24.5 21.5
24.5 21.495
24.5 21.573
24.5 21.427
24.5 21.433
24.5 21.221
24.5 21.163
24.5 21.234
24.5 21.877
24.5 21.039
24.5 21.476
24.5 21.933
24.5 21.986
24.5 21.982
24.5 21.894
24.5 21.855
24.5 21.764
24.5 21.646
24.5 21.647
24.5 21.108
24.5 22.069
24.5 21.507
24.5 21.4
24.5 22.085
24.5 21.413
24.5 21.741
24.5 21.5

Individual: [1, 2, 4, 5, 11, 12, 14, 15, 33, 35, 36, 38, 39, 46, 47, 49, 50]
   Fitness: 24.5
     Total: 17
Violations: 1 1

Individual: [2, 3, 6, 7, 11, 13, 18, 26, 31, 32, 35, 40, 42, 43, 47, 48, 50]
   Fitness: 22.5
     Total: 17
Violations: 3 3

Individual: [1, 5, 6, 8, 12, 13, 17, 24, 32, 34, 37, 38, 45, 46, 48, 49]
   Fitness: 24.0
     Total: 16
Violations: 0 0

Individual: [1, 2, 4, 8, 10, 11, 13, 17, 34, 35, 37, 38, 43, 45, 46, 50]
   Fitness: 24.0
     Total: 16
Violations: 0 0

Individual: [2, 3, 5, 9, 14, 18, 20, 21, 29, 30, 36, 41, 45, 47, 48, 50]
   Fitness: 24.0
     Total: 16
Violations: 0 0

Individual: [2, 3, 4, 7, 8, 15, 16, 18, 19, 37, 38, 40, 41, 46, 47, 49, 50]
   Fitness: 24.5
     Total: 17
Violations: 1 1

Individual: [1, 2, 4, 8, 9, 13, 19, 20, 23, 28, 35, 40, 41, 44, 46, 49, 50]
   Fitness: 23.5
     Total: 17
Violations: 2 2

Individual: [1, 3, 4, 6, 10, 12, 13, 15, 32, 34, 35, 37, 43, 44, 45, 48, 50]
   Fitness: 24.5
     Total: 17
Violations: 1 1

Individual: [1, 2, 5, 6, 12, 13, 15, 16, 35, 36, 38, 39, 45, 47, 48, 50]
   Fitness: 24.0
     Total: 16
Violations: 0 0

Individual: [1, 3, 4, 6, 12, 13, 15, 16, 19, 36, 38, 39, 41, 45, 47, 48, 50]
   Fitness: 24.5
     Total: 17
Violations: 1 1
