10
50
15.0 -38.077
15.0 -23.015
15.0 -23.174
15.0 -19.507
16.0 -20.632
16.0 -19.775
16.0 -19.988
16.0 -17.038
16.0 -18.086
16.0 -15.563
17.0 -17.026
17.0 -16.548
17.0 -16.486
17.0 -17.467
17.0 -17.775
17.0 -18.244
17.0 -17.613
17.0 -16.538
17.0 -15.595
17.0 -17.621
17.0 -17.602
17.0 -18.003
17.0 -16.305
17.0 -16.65
17.0 -15.341
17.0 -15.148
17.0 -17.58
17.0 -16.835
17.0 -18.224
17.0 -17.812
17.0 -16.398
17.0 -16.81
17.0 -16.424
17.0 -16.678
17.0 -15.549
17.0 -17.036
17.0 -16.881
17.0 -17.333
17.0 -17.951
17.0 -15.88
17.0 -15.486
17.0 -16.282
17.0 -16.257
17.0 -17.225
17.5 -16.453
17.5 -15.43
17.5 -15.372
17.5 -16.697
17.5 -18.733
17.5 -18.757
50
13.0 -38.026
14.0 -24.155
15.0 -18.344
15.0 -17.47
15.0 -16.38
15.0 -18.836
15.0 -17.333
15.0 -17.184
15.0 -14.676
15.0 -16.187
15.0 -14.821
16.0 -17.707
16.0 -17.427
16.0 -15.383
16.0 -18.154
16.0 -15.995
16.0 -16.32
16.0 -16.468
16.0 -16.873
16.0 -16.61
16.5 -16.969
16.5 -15.914
17.5 -15.44
17.5 -17.042
17.5 -17.461
17.5 -17.326
17.5 -19.972
17.5 -18.697
17.5 -17.093
17.5 -15.708
17.5 -16.307
17.5 -18.96
17.5 -19.127
17.5 -16.561
17.5 -15.588
17.5 -18.264
17.5 -19.155
17.5 -16.528
17.5 -15.081
17.5 -18.247
17.5 -16.04
17.5 -16.274
17.5 -15.526
17.5 -15.817
17.5 -15.643
17.5 -16.245
17.5 -15.523
17.5 -14.565
17.5 -15.574
17.5 -16.213
50
11.0 -36.877
16.5 -23.226
16.5 -19.86
16.5 -17.815
16.5 -19.251
16.5 -18.256
16.5 -17.221
16.5 -19.442
17.0 -18.412
17.0 -16.041
17.0 -16.752
18.0 -15.365
18.0 -14.572
18.0 -17.145
18.0 -18.775
18.0 -15.368
18.0 -15.539
18.0 -16.27
18.0 -16.984
18.0 -16.961
18.0 -19.045
18.0 -18.963
18.0 -18.151
18.0 -16.954
18.0 -18.323
18.0 -19.708
18.0 -17.337
18.0 -18.325
18.0 -16.318
18.0 -14.657
18.0 -18.767
18.0 -16.151
18.0 -19.436
18.0 -15.331
18.0 -19.506
18.0 -16.928
18.0 -16.336
18.0 -16.105
18.0 -16.027
18.0 -14.839
18.0 -16.176
18.0 -13.754
18.0 -14.133
18.0 -15.275
18.0 -16.559
18.0 -16.388
18.0 -16.796
18.0 -17.786
18.0 -16.858
18.0 -15.506
50
11.0 -37.721
13.0 -21.785
13.0 -19.085
13.5 -18.857
13.5 -21.816
17.0 -20.008
17.0 -17.213
17.0 -17.786
17.0 -18.325
17.0 -18.011
17.0 -17.808
17.0 -17.688
17.0 -18.843
17.0 -16.808
17.0 -18.036
17.0 -15.862
17.5 -16.39
17.5 -16.794
17.5 -14.639
17.5 -17.674
17.5 -18.494
17.5 -17.24
17.5 -16.157
17.5 -16.128
17.5 -17.866
17.5 -18.391
17.5 -18.942
17.5 -15.996
17.5 -17.195
17.5 -14.547
17.5 -17.237
17.5 -15.748
17.5 -18.525
17.5 -21.524
18.0 -16.523
18.0 -17.417
18.0 -18.654
18.0 -17.193
18.0 -16.027
18.0 -18.204
18.0 -18.498
18.0 -18.192
18.0 -17.084
18.0 -17.957
18.0 -17.87
18.0 -17.709
18.0 -16.277
18.0 -15.863
18.0 -18.605
18.0 -19.519
50
13.0 -37.871
15.0 -22.583
15.0 -19.898
15.5 -18.035
18.0 -16.696
18.0 -16.064
18.0 -17.069
18.0 -17.46
18.0 -15.196
18.0 -18.24
18.0 -17.728
18.0 -19.302
18.0 -16.732
18.0 -16.568
18.0 -14.57
18.0 -16.896
18.0 -17.192
18.0 -17.107
18.0 -18.394
18.0 -16.335
18.0 -16.333
18.0 -15.829
18.0 -15.687
18.0 -17.473
18.0 -17.583
18.0 -17.071
18.0 -18.516
18.0 -16.517
18.0 -17.172
18.0 -18.953
18.0 -15.412
18.0 -15.966
18.0 -20.691
18.0 -18.361
18.0 -16.389
18.0 -16.49
18.0 -17.638
18.0 -16.32
18.0 -17.257
18.0 -16.225
18.0 -16.723
18.0 -18.708
18.0 -15.973
18.0 -15.875
18.0 -16.516
18.0 -18.645
18.0 -17.863
18.0 -15.806
18.0 -17.004
18.0 -17.722
50
12.5 -37.541
13.5 -23.771
14.5 -19.23
16.0 -17.249
16.0 -17.84
16.0 -16.783
16.0 -16.107
16.0 -18.948
16.0 -16.82
16.0 -16.736
16.0 -15.689
16.0 -15.215
16.0 -18.616
16.0 -18.142
16.0 -16.725
16.0 -17.094
16.0 -16.094
16.0 -15.882
17.5 -18.223
17.5 -17.543
17.5 -16.558
17.5 -15.699
17.5 -15.705
17.5 -15.805
17.5 -15.324
17.5 -19.473
17.5 -16.265
17.5 -15.909
17.5 -16.565
17.5 -14.001
17.5 -16.794
17.5 -16.637
17.5 -16.983
17.5 -15.81
17.5 -17.632
17.5 -16.5
17.5 -16.113
17.5 -15.814
17.5 -18.967
17.5 -15.193
17.5 -15.84
17.5 -17.956
17.5 -17.555
17.5 -16.924
18.0 -17.266
18.0 -16.719
18.0 -17.451
18.0 -14.452
18.0 -14.563
18.0 -14.088
50
13.5 -38.536
16.5 -23.327
16.5 -20.828
16.5 -17.032
16.5 -18.083
16.5 -19.107
16.5 -17.118
16.5 -16.948
16.5 -16.266
16.5 -16.854
16.5 -16.516
16.5 -18.422
16.5 -16.372
16.5 -18.363
16.5 -18.562
16.5 -18.465
16.5 -16.36
17.5 -16.539
17.5 -17.633
17.5 -15.355
17.5 -15.195
17.5 -16.043
17.5 -17.834
17.5 -18.095
17.5 -18.88
17.5 -16.718
17.5 -16.542
17.5 -16.615
17.5 -15.173
17.5 -14.745
17.5 -15.315
17.5 -16.235
18.0 -15.567
18.0 -15.794
18.0 -16.934
18.0 -18.325
18.0 -16.47
18.0 -19.616
18.0 -14.519
18.0 -16.372
18.0 -17.634
18.0 -16.687
18.0 -15.201
18.0 -15.988
18.0 -16.106
18.0 -13.533
18.0 -16.508
18.0 -16.088
18.0 -18.997
18.0 -17.449
50
15.0 -37.234
15.0 -24.086
15.0 -19.346
15.0 -16.585
15.0 -17.531
15.0 -19.346
15.0 -17.709
15.0 -15.784
15.5 -16.525
16.0 -19.431
16.5 -18.538
16.5 -19.223
16.5 -17.016
17.5 -19.027
17.5 -18.043
17.5 -17.837
17.5 -17.571
17.5 -13.682
17.5 -14.324
17.5 -16.322
17.5 -17.27
17.5 -16.171
17.5 -14.88
17.5 -14.783
17.5 -16.878
17.5 -20.159
17.5 -16.404
17.5 -16.408
17.5 -15.921
17.5 -17.97
17.5 -16.659
17.5 -17.875
17.5 -16.758
17.5 -16.067
17.5 -16.372
17.5 -14.273
17.5 -14.673
17.5 -15.61
17.5 -17.046
17.5 -17.145
17.5 -17.054
17.5 -14.809
17.5 -14.74
17.5 -15.162
17.5 -15.016
17.5 -16.079
17.5 -18.496
17.5 -19.319
17.5 -17.566
17.5 -16.9
50
13.5 -37.396
14.5 -24.453
15.0 -19.662
16.0 -15.057
16.0 -18.389
16.0 -19.873
16.0 -21.298
16.0 -18.193
16.0 -16.643
17.0 -17.022
17.0 -18.638
17.0 -18.714
17.0 -16.734
17.0 -17.921
17.0 -17.056
17.0 -16.408
17.0 -16.391
17.0 -16.567
17.0 -15.447
17.0 -14.463
17.0 -15.764
17.0 -14.322
17.0 -15.022
17.0 -17.347
17.0 -17.607
17.0 -15.821
17.0 -13.844
17.0 -17.617
17.0 -16.327
17.0 -16.317
17.0 -18.7
17.0 -14.977
17.0 -17.375
17.0 -15.282
19.5 -18.569
19.5 -18.257
19.5 -17.923
19.5 -17.997
19.5 -17.874
19.5 -15.555
19.5 -15.761
19.5 -15.138
19.5 -17.555
19.5 -18.873
19.5 -16.793
19.5 -17.353
19.5 -17.166
19.5 -14.896
19.5 -18.166
19.5 -14.477
50
12.0 -36.731
13.5 -22.603
15.0 -18.455
15.0 -17.182
15.5 -18.328
15.5 -18.571
15.5 -17.78
16.5 -14.581
16.5 -18.113
17.0 -14.459
17.0 -16.149
17.0 -15.982
17.0 -20.077
17.0 -17.713
17.0 -17.655
17.5 -16.568
17.5 -16.191
17.5 -16.812
17.5 -16.302
17.5 -15.876
17.5 -16.802
17.5 -16.713
17.5 -15.499
17.5 -15.185
17.5 -16.028
17.5 -16.244
17.5 -15.603
17.5 -17.581
17.5 -15.13
17.5 -15.686
17.5 -15.225
17.5 -14.17
17.5 -17.471
17.5 -16.648
17.5 -18.198
17.5 -16.622
17.5 -16.849
17.5 -16.275
17.5 -19.411
17.5 -16.739
17.5 -14.962
17.5 -16.145
17.5 -17.642
17.5 -19.861
17.5 -16.298
17.5 -16.139
17.5 -17.951
17.5 -15.131
17.5 -14.597
17.5 -18.218

Individual: [4, 6, 10, 11, 13, 17, 19, 22, 34, 35, 37, 43, 45, 49, 50]
   Fitness: 17.5
     Total: 15
Violations: 5 5

Individual: [1, 3, 11, 13, 14, 22, 26, 27, 32, 33, 35, 45, 46, 48, 49]
   Fitness: 17.5
     Total: 15
Violations: 5 5

Individual: [4, 7, 8, 11, 13, 14, 16, 17, 33, 37, 39, 40, 48, 49]
   Fitness: 18.0
     Total: 14
Violations: 3 3

Individual: [1, 2, 6, 7, 9, 15, 16, 17, 19, 35, 37, 38, 44, 46, 48, 49]
   Fitness: 18.0
     Total: 16
Violations: 6 5

Individual: [4, 8, 9, 11, 16, 17, 19, 31, 33, 36, 37, 38, 40, 44, 47, 48]
   Fitness: 18.0
     Total: 16
Violations: 6 5

Individual: [1, 3, 6, 8, 11, 12, 15, 17, 20, 30, 34, 41, 44, 47, 49, 50]
   Fitness: 18.0
     Total: 16
Violations: 6 6

Individual: [1, 2, 4, 5, 10, 17, 28, 29, 31, 35, 38, 40, 46, 49]
   Fitness: 18.0
     Total: 14
Violations: 3 3

Individual: [2, 3, 5, 11, 12, 14, 15, 17, 23, 28, 37, 38, 40, 45, 46, 49, 50]
   Fitness: 17.5
     Total: 17
Violations: 8 7

Individual: [1, 4, 6, 12, 15, 19, 27, 30, 31, 36, 38, 43, 44, 46, 47]
   Fitness: 19.5
     Total: 15
Violations: 3 2

Individual: [1, 7, 9, 12, 14, 20, 22, 29, 33, 34, 36, 40, 41, 42, 50]
   Fitness: 17.5
     Total: 15
Violations: 5 5
