10
500
13.5 -39.162
14.5 -9.9
19.0 1.735
19.5 4.896
19.5 7.71
21.0 8.098
21.0 8.762
21.0 9.31
21.0 8.709
21.0 9.114
21.0 8.856
21.0 8.149
21.0 8.74
21.0 8.314
21.0 8.744
21.5 8.807
21.5 9.042
21.5 8.494
21.5 8.867
21.5 9.003
21.5 9.309
21.5 9.446
21.5 8.96
22.0 8.85
22.0 8.198
22.0 8.623
22.0 8.485
22.0 9.029
22.0 8.77
22.0 8.774
22.0 8.564
22.0 8.095
22.0 9.095
22.0 8.345
22.0 9.075
24.0 8.691
24.0 8.92
24.0 8.588
24.0 9.329
24.0 9.745
24.0 9.226
24.0 9.284
24.0 9.334
24.0 9.324
24.0 9.193
24.0 9.436
24.0 9.31
24.0 8.855
24.0 9.538
24.0 8.806
24.0 9.295
24.0 9.732
24.0 9.553
24.0 8.81
24.0 9.657
24.0 9.392
24.0 9.282
24.0 9.91
24.0 10.043
24.0 9.314
24.0 9.762
24.0 9.313
24.0 9.243
24.0 9.118
24.0 8.69
24.0 9.76
24.0 9.642
24.0 9.412
24.0 9.087
24.0 9.429
24.0 9.657
24.0 10.119
24.0 8.914
24.0 9.132
24.0 8.579
24.0 9.122
24.0 9.172
24.0 8.99
24.0 9.291
24.0 9.589
24.0 10.195
24.0 9.909
24.0 9.69
24.0 9.47
24.0 9.273
24.0 9.537
24.0 9.804
24.0 9.577
24.0 9.388
24.0 9.687
24.0 9.83
24.0 9.761
24.0 10.38
24.0 9.595
24.0 8.46
24.0 9.152
24.0 9.478
24.0 9.25
24.0 9.322
24.0 9.766
24.0 10.07
24.0 9.78
24.0 9.482
24.0 9.12
24.0 9.265
24.0 9.712
24.0 9.105
24.0 9.472
24.0 9.771
24.0 9.24
24.0 9.08
24.0 9.51
24.0 9.741
24.0 9.591
24.0 9.029
24.0 9.243
24.0 9.078
24.0 8.75
24.0 9.819
24.0 9.613
24.0 9.189
24.0 9.04
24.0 8.656
24.0 8.228
24.0 9.358
24.0 9.035
24.0 9.111
24.0 9.283
24.0 11.007
24.0 10.396
24.0 9.948
24.0 9.681
24.0 9.659
24.0 9.862
24.0 9.657
24.0 9.623
24.0 9.864
24.0 9.812
24.0 9.518
24.0 9.014
24.0 9.209
24.0 9.772
24.0 9.378
24.0 10.051
24.0 9.468
24.0 8.965
24.0 9.176
24.0 8.932
24.0 9.268
24.0 9.446
24.0 9.877
24.0 9.107
24.0 9.061
24.0 9.727
24.0 9.132
24.0 9.723
24.0 9.942
24.0 9.776
24.0 10.086
24.0 9.174
24.0 9.941
24.0 9.796
24.0 9.679
24.0 9.1
24.0 8.815
24.0 9.64
24.0 9.007
24.0 9.785
24.0 9.615
24.0 9.292
24.0 9.613
24.0 10.218
24.0 9.545
24.0 9.537
24.0 9.647
24.0 10.085
24.0 10.022
24.0 10.259
24.0 9.946
24.0 10.229
24.0 10.249
24.0 9.801
24.0 9.684
24.0 9.742
24.0 9.325
24.0 9.827
24.0 10.034
24.0 10.253
24.0 9.881
24.0 10.36
24.0 9.486
24.0 10.14
24.0 9.609
24.0 9.69
24.0 9.52
24.0 10.448
24.0 9.232
24.0 10.765
24.0 10.307
24.5 9.44
24.5 10.001
24.5 9.042
24.5 9.504
24.5 9.685
24.5 9.351
24.5 9.719
24.5 9.615
24.5 9.43
24.5 9.086
24.5 9.396
24.5 9.459
24.5 9.735
24.5 9.308
24.5 9.521
24.5 9.444
24.5 10.216
24.5 10.164
24.5 9.793
24.5 10.269
24.5 9.485
24.5 9.388
24.5 10.011
24.5 10.192
24.5 10.415
24.5 10.381
24.5 10.142
24.5 10.245
24.5 10.382
24.5 9.645
24.5 9.483
24.5 9.936
24.5 9.782
24.5 9.496
24.5 9.665
24.5 9.439
24.5 9.853
24.5 9.65
24.5 9.432
24.5 10.061
24.5 9.653
24.5 9.943
24.5 9.399
24.5 9.573
24.5 9.324
24.5 9.884
24.5 9.619
24.5 9.144
24.5 10.069
24.5 9.664
24.5 9.574
24.5 10.192
24.5 10.314
24.5 9.443
24.5 9.616
24.5 10.057
24.5 10.163
24.5 10.606
24.5 10.574
24.5 10.279
24.5 9.302
24.5 9.293
24.5 9.194
24.5 9.746
24.5 10.022
24.5 9.661
24.5 10.371
24.5 9.656
24.5 10.313
24.5 10.491
24.5 10.32
24.5 10.166
24.5 9.536
24.5 9.691
24.5 9.765
24.5 10.014
24.5 9.319
24.5 9.496
24.5 10.126
24.5 9.988
24.5 9.746
24.5 9.883
24.5 9.653
24.5 9.383
24.5 9.334
24.5 10.542
24.5 10.512
24.5 10.18
24.5 9.678
24.5 9.883
24.5 10.259
24.5 9.919
24.5 9.607
24.5 9.88
24.5 9.638
24.5 9.299
24.5 10.35
24.5 9.964
24.5 9.482
24.5 10.091
24.5 9.569
24.5 9.744
24.5 9.56
24.5 10.139
24.5 10.115
24.5 10.058
24.5 10.141
24.5 9.602
24.5 10.372
24.5 10.114
24.5 9.753
24.5 9.707
24.5 10.373
24.5 10.559
24.5 9.335
24.5 10.167
24.5 9.949
24.5 9.288
24.5 9.737
24.5 9.609
24.5 9.583
24.5 10.035
24.5 10.059
24.5 9.482
24.5 9.746
24.5 10.028
24.5 10.25
24.5 9.882
24.5 9.932
24.5 9.46
24.5 8.915
24.5 9.975
24.5 9.981
24.5 10.194
24.5 10.085
24.5 9.791
24.5 9.692
24.5 9.461
24.5 9.83
24.5 10.153
24.5 10.07
24.5 10.005
24.5 9.825
24.5 10.015
24.5 9.919
24.5 10.158
24.5 10.152
24.5 10.002
24.5 10.039
24.5 10.018
24.5 10.136
24.5 10.574
24.5 10.358
24.5 11.009
24.5 9.937
24.5 9.628
24.5 9.679
24.5 9.432
24.5 9.381
24.5 9.707
24.5 9.694
24.5 9.902
24.5 9.71
24.5 9.824
24.5 8.822
24.5 9.421
24.5 10.229
24.5 9.603
24.5 9.488
24.5 8.943
24.5 9.391
24.5 10.273
24.5 9.875
24.5 9.841
24.5 9.338
24.5 9.853
24.5 9.994
24.5 9.665
24.5 9.673
24.5 9.081
24.5 9.022
24.5 9.681
24.5 9.771
24.5 10.186
24.5 10.086
24.5 8.996
24.5 8.785
24.5 9.493
24.5 9.721
24.5 9.74
24.5 8.821
24.5 9.434
24.5 9.434
24.5 10.043
24.5 9.843
24.5 9.737
24.5 9.942
24.5 9.542
24.5 10.012
24.5 10.574
24.5 10.066
24.5 9.762
24.5 9.503
24.5 9.749
24.5 9.478
24.5 9.797
24.5 9.529
24.5 9.938
24.5 9.563
24.5 9.224
24.5 9.288
24.5 9.511
24.5 10.361
24.5 9.539
24.5 9.646
24.5 10.166
24.5 10.069
24.5 9.14
24.5 10.274
24.5 10.22
24.5 10.079
24.5 9.411
24.5 9.728
24.5 9.458
24.5 10.21
24.5 10.269
24.5 9.648
24.5 9.731
24.5 9.703
24.5 9.942
24.5 9.46
24.5 9.685
24.5 9.613
24.5 9.493
24.5 9.024
24.5 9.883
24.5 9.752
24.5 9.109
24.5 10.003
24.5 10.356
24.5 9.973
24.5 9.747
24.5 9.75
24.5 8.97
24.5 9.257
24.5 9.656
24.5 9.664
24.5 10.262
24.5 9.538
24.5 9.824
24.5 8.742
24.5 9.373
24.5 9.686
24.5 9.563
24.5 9.647
24.5 9.797
24.5 10.54
24.5 9.322
24.5 9.521
24.5 9.609
24.5 9.147
24.5 9.883
24.5 9.862
24.5 9.062
24.5 10.341
24.5 10.047
24.5 10.357
24.5 9.87
24.5 9.554
24.5 9.869
24.5 9.355
24.5 8.896
24.5 9.603
24.5 9.426
24.5 10.633
24.5 9.948
24.5 10.159
24.5 9.928
24.5 9.696
24.5 9.894
24.5 9.993
24.5 9.999
24.5 9.267
24.5 9.966
24.5 9.217
24.5 10.111
24.5 9.914
24.5 9.958
24.5 9.77
24.5 9.879
24.5 10.035
24.5 10.273
24.5 10.322
24.5 9.6
24.5 9.856
24.5 10.297
24.5 9.752
24.5 9.594
24.5 9.169
24.5 9.623
24.5 9.866
500
14.5 -37.502
14.5 -11.361
18.0 -1.311
18.0 4.284
19.0 6.296
19.0 7.523
19.0 7.931
19.5 8.714
20.0 8.874
20.5 8.441
20.5 8.629
20.5 9.105
20.5 8.979
21.0 9.378
21.0 9.292
21.0 9.559
21.0 9.707
21.0 9.531
21.0 9.374
21.0 9.736
21.0 9.641
21.5 10.009
21.5 9.737
21.5 8.984
21.5 9.512
21.5 9.046
21.5 9.167
21.5 9.123
21.5 9.613
21.5 9.521
21.5 9.128
21.5 8.49
21.5 9.09
21.5 8.918
21.5 8.978
21.5 9.434
21.5 9.202
21.5 9.073
21.5 8.941
22.0 8.885
22.0 9.215
22.0 8.734
22.0 9.269
22.0 9.521
22.0 9.373
22.0 9.815
22.0 9.349
22.0 9.063
22.0 8.856
22.0 9.925
22.0 9.382
22.0 9.436
22.0 9.811
22.0 9.688
22.0 9.258
22.0 9.79
22.0 9.403
22.0 8.894
22.0 9.126
22.0 9.887
22.0 9.304
23.0 9.082
23.0 9.375
23.0 9.973
23.0 9.931
23.0 10.275
23.0 10.198
23.0 9.962
23.0 9.549
23.0 10.015
23.0 10.183
23.0 10.275
23.0 9.75
23.0 8.36
23.0 9.446
23.0 9.114
23.0 9.082
23.0 10.452
23.0 9.66
23.0 9.569
23.0 9.407
23.0 9.358
23.0 9.356
23.0 9.479
23.0 9.763
23.0 9.793
23.0 9.687
23.0 9.319
23.0 9.693
23.0 10.026
23.0 8.738
23.5 9.268
23.5 9.835
23.5 9.564
23.5 9.369
23.5 9.491
23.5 9.574
23.5 9.582
23.5 9.65
23.5 9.745
23.5 10.118
23.5 9.591
23.5 9.428
23.5 9.212
23.5 9.583
23.5 10.09
23.5 9.433
23.5 9.09
23.5 9.159
23.5 9.636
23.5 9.923
23.5 9.498
23.5 9.081
23.5 9.463
23.5 8.925
23.5 9.789
23.5 10.053
23.5 9.621
23.5 9.192
23.5 10.32
23.5 10.084
23.5 9.479
23.5 9.283
23.5 9.476
23.5 9.815
23.5 8.923
23.5 9.124
23.5 9.427
23.5 9.59
23.5 9.438
23.5 9.284
23.5 9.203
23.5 9.917
23.5 9.816
23.5 9.588
23.5 9.569
23.5 9.191
23.5 9.327
23.5 9.087
23.5 9.024
23.5 8.791
23.5 8.936
23.5 9.773
23.5 9.083
23.5 9.591
23.5 9.673
23.5 9.817
23.5 9.566
23.5 9.61
23.5 9.838
23.5 10.101
23.5 10.158
23.5 10.024
23.5 9.608
23.5 9.016
23.5 9.043
23.5 9.523
23.5 9.073
23.5 9.143
23.5 9.052
23.5 9.415
23.5 9.495
23.5 9.293
23.5 10.165
23.5 9.938
23.5 9.627
23.5 9.682
23.5 9.038
23.5 9.448
23.5 9.443
23.5 9.977
23.5 9.635
23.5 9.976
23.5 10.323
23.5 9.67
23.5 10.213
23.5 9.804
23.5 9.472
23.5 9.256
23.5 9.261
23.5 9.086
23.5 9.545
23.5 10.024
23.5 9.43
23.5 9.994
23.5 9.352
23.5 9.107
23.5 9.288
23.5 9.733
23.5 9.681
23.5 8.772
23.5 9.244
23.5 9.288
23.5 9.515
23.5 9.857
23.5 9.585
23.5 9.195
23.5 9.234
23.5 8.868
23.5 9.378
23.5 9.661
23.5 8.979
23.5 9.118
23.5 8.957
23.5 8.651
23.5 9.669
23.5 8.84
23.5 9.053
23.5 8.792
23.5 8.485
23.5 9.807
23.5 10.078
23.5 9.538
23.5 9.179
23.5 8.452
23.5 9.445
23.5 9.284
23.5 8.984
23.5 8.354
23.5 9.352
23.5 9.392
23.5 9.836
23.5 9.074
23.5 9.844
23.5 10.236
23.5 10.055
23.5 10.509
23.5 10.077
23.5 10.029
23.5 9.109
23.5 9.609
23.5 9.182
23.5 9.074
23.5 9.375
23.5 9.516
23.5 7.858
23.5 9.743
23.5 9.694
23.5 9.03
23.5 8.819
23.5 9.631
23.5 9.507
23.5 9.554
23.5 10.084
23.5 8.723
23.5 9.275
23.5 8.612
23.5 9.46
23.5 8.633
23.5 9.253
23.5 9.522
23.5 8.836
23.5 9.788
23.5 8.576
23.5 9.514
23.5 9.084
23.5 9.676
23.5 9.171
23.5 9.239
23.5 9.205
23.5 9.771
23.5 10.259
23.5 8.862
23.5 9.571
23.5 8.837
23.5 9.864
23.5 9.464
23.5 9.86
23.5 10.114
23.5 9.667
23.5 9.269
23.5 9.636
23.5 9.69
23.5 9.459
23.5 9.769
23.5 9.452
23.5 9.252
23.5 8.917
23.5 8.923
23.5 9.284
23.5 9.682
23.5 10.081
23.5 9.422
23.5 9.557
23.5 9.068
23.5 9.494
23.5 9.459
23.5 9.696
23.5 9.036
23.5 9.133
23.5 9.439
23.5 9.241
23.5 8.786
23.5 8.835
23.5 9.548
23.5 9.595
23.5 8.732
23.5 8.689
23.5 8.89
23.5 9.161
23.5 9.539
23.5 8.667
23.5 8.991
23.5 8.935
23.5 8.247
23.5 9.531
23.5 10.188
23.5 9.102
23.5 9.161
23.5 9.353
23.5 8.829
23.5 9.006
23.5 9.471
23.5 9.745
23.5 8.992
23.5 9.163
23.5 9.604
23.5 9.395
23.5 9.234
23.5 8.913
23.5 9.853
23.5 9.917
23.5 9.746
23.5 9.264
23.5 9.265
23.5 8.53
23.5 9.476
23.5 10.035
23.5 10.063
23.5 9.748
23.5 9.409
23.5 9.943
23.5 9.677
23.5 9.477
23.5 9.105
23.5 8.958
23.5 9.127
23.5 9.936
23.5 9.889
23.5 9.246
23.5 9.732
23.5 9.341
23.5 9.578
23.5 9.104
23.5 9.151
23.5 8.776
23.5 8.775
23.5 8.308
23.5 8.979
23.5 9.316
23.5 9.002
23.5 9.693
23.5 9.817
23.5 9.072
23.5 9.05
23.5 8.751
23.5 8.867
23.5 9.359
23.5 9.521
23.5 9.189
23.5 9.202
23.5 8.509
23.5 8.93
23.5 9.183
23.5 8.017
23.5 8.376
23.5 8.879
23.5 9.223
23.5 9.275
23.5 9.614
23.5 9.203
23.5 9.588
23.5 9.806
23.5 9.367
23.5 9.139
23.5 9.419
23.5 9.218
23.5 9.208
23.5 9.276
23.5 9.058
23.5 8.878
23.5 9.9
23.5 10.187
23.5 9.46
23.5 10.001
23.5 10.352
23.5 9.662
23.5 9.264
23.5 8.217
23.5 9.52
23.5 8.934
23.5 9.407
23.5 10.175
23.5 10.291
23.5 10.176
23.5 10.07
23.5 10.056
23.5 9.53
23.5 10.01
23.5 9.812
23.5 9.728
23.5 9.225
23.5 9.451
23.5 9.432
23.5 9.411
23.5 9.36
23.5 8.811
23.5 9.21
23.5 9.602
23.5 9.332
23.5 9.378
23.5 9.505
23.5 9.314
23.5 9.459
23.5 9.514
23.5 9.411
23.5 10.115
23.5 9.772
23.5 9.025
23.5 8.962
23.5 9.458
23.5 9.105
23.5 10.2
23.5 9.685
23.5 9.085
23.5 8.83
23.5 8.728
23.5 8.336
23.5 9.194
23.5 9.002
23.5 8.858
23.5 9.094
23.5 8.923
23.5 9.341
23.5 9.492
23.5 9.248
23.5 9.245
23.5 9.971
23.5 9.67
23.5 9.896
23.5 8.989
23.5 9.529
23.5 9.384
23.5 9.686
23.5 9.335
23.5 9.459
23.5 8.596
23.5 9.584
23.5 9.674
23.5 9.423
23.5 9.064
23.5 9.403
23.5 9.893
23.5 9.986
23.5 10.06
23.5 9.145
23.5 8.709
23.5 8.42
23.5 8.881
23.5 9.674
23.5 9.394
23.5 9.916
23.5 9.722
23.5 8.769
23.5 9.304
23.5 8.851
23.5 8.949
23.5 9.063
23.5 9.644
23.5 8.58
23.5 9.366
23.5 10.196
23.5 9.95
23.5 9.121
23.5 9.907
23.5 9.873
23.5 9.442
23.5 8.861
23.5 9.85
23.5 9.798
23.5 9.107
23.5 8.981
23.5 9.349
23.5 9.251
23.5 9.544
23.5 9.879
23.5 9.674
23.5 9.622
23.5 9.401
23.5 9.037
23.5 8.948
23.5 9.147
23.5 9.442
23.5 9.559
23.5 9.353
23.5 10.086
23.5 9.621
23.5 9.276
23.5 9.061
23.5 9.619
500
10.0 -39.044
12.0 -11.214
15.0 -1.932
17.0 3.432
18.5 6.934
18.5 8.176
18.5 8.882
22.0 8.607
22.0 8.754
22.0 8.408
22.0 9.414
22.0 9.526
22.0 9.715
22.0 8.809
22.0 8.275
22.0 8.653
22.0 8.744
22.0 8.557
22.0 9.288
22.0 8.861
22.0 9.644
22.0 9.314
22.0 9.215
22.0 10.031
22.0 9.674
22.0 9.537
22.0 9.712
24.0 9.787
24.0 9.607
24.0 9.224
24.0 10.435
24.0 10.399
24.0 9.567
24.0 9.559
24.0 10.037
24.0 9.779
24.0 9.164
24.0 9.657
24.0 9.354
24.0 9.276
24.0 9.311
24.0 9.734
24.0 9.539
24.0 9.805
24.0 9.891
24.0 10.153
24.0 9.687
24.0 9.418
24.0 9.6
24.0 9.733
24.0 9.574
24.0 9.781
24.0 9.135
24.0 9.264
24.0 9.476
24.0 9.52
24.0 9.28
24.0 10.052
24.0 10.281
24.0 10.503
24.0 9.605
24.0 9.674
24.0 10.256
24.0 9.841
24.0 10.283
24.0 9.385
24.0 9.557
24.0 9.499
24.0 9.416
24.0 9.994
24.0 9.11
24.0 9.897
24.0 9.465
24.0 9.38
24.0 10.282
24.0 9.812
24.0 9.581
24.0 9.745
24.0 9.704
24.0 10.147
24.0 9.698
24.0 9.842
24.0 9.217
24.0 9.308
24.0 9.316
24.0 9.389
24.0 10.032
24.0 9.396
24.0 9.967
24.0 10.392
24.0 10.095
24.0 9.582
24.0 9.439
24.0 10.054
24.0 9.882
24.0 9.241
24.0 9.739
24.0 9.656
24.0 9.501
24.0 10.029
24.0 9.179
24.0 9.04
24.0 9.595
24.5 9.836
24.5 10.123
24.5 10.341
24.5 10.058
24.5 10.06
24.5 10.356
24.5 10.448
24.5 10.22
24.5 9.907
24.5 9.896
24.5 9.554
24.5 9.895
24.5 9.871
24.5 9.967
24.5 10.165
24.5 9.323
24.5 9.721
24.5 9.746
24.5 9.639
24.5 10.167
24.5 10.16
24.5 10.296
24.5 10.226
24.5 10.182
24.5 9.525
24.5 9.548
24.5 10.116
24.5 9.876
24.5 9.703
24.5 9.327
24.5 9.561
24.5 9.698
24.5 10.29
24.5 9.653
24.5 9.875
24.5 9.762
24.5 9.62
24.5 9.46
24.5 10.048
24.5 9.983
24.5 10.119
24.5 9.992
24.5 9.866
24.5 10.073
24.5 10.325
24.5 9.626
24.5 9.878
24.5 9.919
24.5 9.973
24.5 9.755
24.5 8.785
24.5 9.667
24.5 9.573
24.5 9.731
24.5 9.467
24.5 10.177
24.5 9.849
24.5 10.036
24.5 9.814
24.5 10.0
24.5 10.064
24.5 9.821
24.5 9.931
24.5 10.362
24.5 9.765
24.5 9.837
24.5 9.707
24.5 9.828
24.5 9.638
24.5 10.073
24.5 10.189
24.5 10.629
24.5 9.458
24.5 10.399
24.5 9.953
24.5 10.509
24.5 9.8
24.5 10.139
24.5 10.023
24.5 9.817
24.5 9.546
24.5 10.102
24.5 9.973
24.5 11.18
24.5 10.978
24.5 10.355
24.5 10.289
24.5 9.615
24.5 9.952
24.5 10.391
24.5 10.111
24.5 10.714
24.5 10.732
24.5 10.718
24.5 10.517
24.5 10.242
24.5 10.683
24.5 10.269
24.5 10.349
24.5 10.296
24.5 10.02
24.5 10.254
24.5 10.317
24.5 10.017
24.5 10.674
24.5 10.634
24.5 10.368
24.5 10.394
24.5 10.48
24.5 9.532
24.5 10.239
24.5 9.713
24.5 10.097
24.5 10.603
24.5 10.109
24.5 10.363
24.5 9.713
24.5 9.698
24.5 9.941
24.5 9.949
24.5 10.377
24.5 9.701
24.5 9.307
24.5 9.967
24.5 10.478
24.5 9.688
24.5 9.614
24.5 10.05
24.5 10.886
24.5 10.114
24.5 9.802
24.5 10.399
24.5 10.563
24.5 10.294
24.5 10.231
24.5 9.689
24.5 10.006
24.5 9.654
24.5 9.509
24.5 9.615
24.5 9.139
24.5 9.566
24.5 9.732
24.5 10.143
24.5 9.24
24.5 10.029
24.5 9.8
24.5 9.562
24.5 9.441
24.5 9.718
24.5 10.467
24.5 9.98
24.5 10.968
24.5 10.09
24.5 9.604
24.5 10.176
24.5 10.282
24.5 9.795
24.5 9.753
24.5 9.552
24.5 10.088
24.5 9.333
24.5 10.214
24.5 9.893
24.5 10.515
24.5 10.896
24.5 10.968
24.5 10.039
24.5 10.056
24.5 9.646
24.5 10.094
24.5 9.532
24.5 9.675
24.5 10.018
24.5 9.92
24.5 9.558
24.5 9.552
24.5 9.539
24.5 9.783
24.5 9.119
24.5 9.193
24.5 10.014
24.5 10.302
24.5 10.491
24.5 9.95
24.5 9.735
24.5 9.894
24.5 10.179
24.5 9.586
24.5 9.655
24.5 9.326
24.5 9.139
24.5 10.597
24.5 10.223
24.5 9.924
24.5 10.064
24.5 9.543
24.5 10.09
24.5 9.074
24.5 9.54
24.5 9.972
24.5 9.711
24.5 10.066
24.5 9.693
24.5 9.156
24.5 9.788
24.5 9.577
24.5 9.28
24.5 8.859
24.5 9.946
24.5 10.175
24.5 10.291
24.5 9.488
24.5 9.95
24.5 9.789
24.5 10.108
24.5 9.328
24.5 10.16
24.5 9.569
24.5 9.306
24.5 9.666
24.5 10.169
24.5 10.152
24.5 9.626
24.5 9.906
24.5 9.407
24.5 9.512
24.5 9.863
24.5 10.174
24.5 9.655
24.5 10.154
24.5 9.504
24.5 9.369
24.5 9.197
24.5 10.178
24.5 9.115
24.5 9.984
24.5 9.437
24.5 9.894
24.5 10.728
24.5 10.316
24.5 9.692
24.5 9.673
24.5 9.771
24.5 9.368
24.5 9.615
24.5 10.056
24.5 9.787
24.5 9.721
24.5 8.924
24.5 9.728
24.5 9.907
24.5 10.146
24.5 9.382
24.5 10.134
24.5 9.727
24.5 9.95
24.5 10.319
24.5 10.321
24.5 10.342
24.5 9.475
24.5 9.595
24.5 10.251
24.5 10.336
24.5 9.404
24.5 10.168
24.5 9.484
24.5 10.076
24.5 9.306
24.5 10.179
24.5 9.942
24.5 9.665
24.5 10.141
24.5 9.423
24.5 10.082
24.5 11.009
24.5 10.254
24.5 10.219
24.5 10.341
24.5 10.274
24.5 9.368
24.5 9.534
24.5 9.722
24.5 9.166
24.5 10.087
24.5 9.597
24.5 9.467
24.5 9.671
24.5 9.357
24.5 9.732
24.5 9.721
24.5 9.207
24.5 9.727
24.5 9.956
24.5 10.12
24.5 9.724
24.5 9.303
24.5 10.245
24.5 10.544
24.5 9.579
24.5 9.408
24.5 9.488
24.5 10.63
24.5 10.181
24.5 10.889
24.5 10.628
24.5 10.006
24.5 10.368
24.5 9.77
24.5 9.588
24.5 9.784
24.5 9.58
24.5 9.505
24.5 10.001
24.5 9.382
24.5 9.853
24.5 9.373
24.5 9.855
24.5 9.634
24.5 10.261
24.5 9.745
24.5 10.057
24.5 9.916
24.5 9.408
24.5 9.786
24.5 9.908
24.5 10.439
24.5 10.241
24.5 9.625
24.5 9.725
24.5 10.792
24.5 10.606
24.5 9.829
24.5 9.415
24.5 9.6
24.5 9.677
24.5 9.343
24.5 9.189
24.5 9.307
24.5 9.518
24.5 9.406
24.5 9.39
24.5 10.184
24.5 10.855
24.5 9.963
24.5 9.878
24.5 10.345
24.5 9.619
24.5 9.873
24.5 8.912
24.5 9.528
24.5 9.602
24.5 9.94
24.5 9.58
24.5 10.039
24.5 10.068
24.5 9.831
24.5 9.307
24.5 10.388
24.5 8.751
24.5 8.793
24.5 9.639
24.5 10.195
24.5 10.454
24.5 10.713
24.5 10.271
24.5 9.722
24.5 9.864
24.5 9.56
24.5 10.062
24.5 9.497
24.5 9.865
24.5 9.844
24.5 9.799
24.5 9.874
24.5 9.992
24.5 9.917
24.5 9.748
24.5 10.297
24.5 9.894
24.5 10.199
24.5 9.925
24.5 9.736
24.5 10.258
24.5 9.467
24.5 8.654
24.5 8.865
24.5 9.505
24.5 9.724
24.5 9.894
24.5 10.45
24.5 9.89
24.5 10.072
24.5 10.2
24.5 10.075
24.5 9.713
24.5 9.505
500
10.0 -39.304
14.5 -10.645
18.0 -0.378
18.0 5.119
18.0 7.219
18.0 7.989
18.5 7.999
19.0 8.594
20.0 8.494
20.0 8.407
20.0 8.956
20.5 9.29
20.5 8.869
20.5 9.402
20.5 9.314
21.0 8.71
21.0 9.139
21.0 9.813
21.0 9.095
21.0 8.984
21.0 9.191
21.0 8.273
21.0 9.19
21.0 8.76
21.0 9.065
21.0 9.354
21.0 9.517
21.5 8.811
21.5 8.676
21.5 9.072
21.5 9.589
21.5 9.317
21.5 9.248
21.5 9.468
21.5 9.115
21.5 9.554
21.5 10.263
21.5 9.83
21.5 9.538
21.5 9.305
21.5 9.311
21.5 9.064
24.0 9.777
24.0 9.915
24.0 9.808
24.0 9.756
24.0 9.94
24.0 10.136
24.0 9.975
24.0 9.456
24.0 9.529
24.0 9.615
24.0 9.755
24.0 10.104
24.0 9.78
24.0 9.556
24.0 9.529
24.0 9.403
24.0 9.46
24.0 9.509
24.0 9.943
24.0 9.704
24.0 9.739
24.0 9.341
24.0 9.848
24.0 8.87
24.0 8.558
24.0 8.678
24.0 9.028
24.0 9.488
24.0 9.727
24.0 8.818
24.0 8.366
24.0 9.406
24.0 9.359
24.0 9.427
24.0 8.979
24.0 9.29
24.0 9.362
24.0 9.855
24.0 10.005
24.0 9.088
24.0 9.261
24.0 9.268
24.0 8.827
24.0 9.556
24.0 9.314
24.0 9.735
24.0 9.219
24.0 9.36
24.0 9.067
24.0 8.925
24.0 9.831
24.0 9.152
24.0 9.226
24.0 9.34
24.0 9.371
24.0 9.282
24.0 9.894
24.0 10.451
24.0 9.552
24.0 9.67
24.0 8.979
24.0 9.216
24.0 8.587
24.0 8.657
24.0 9.0
24.0 9.544
24.0 9.486
24.0 9.373
24.0 9.315
24.0 9.472
24.0 8.877
24.0 9.265
24.0 8.378
24.0 8.716
24.0 9.012
24.0 8.873
24.0 9.504
24.0 9.43
24.0 9.17
24.0 9.202
24.0 9.129
24.0 9.289
24.0 9.677
24.0 9.792
24.0 9.284
24.0 9.383
24.0 9.549
24.0 9.941
24.0 10.221
24.0 9.515
24.0 10.242
24.0 10.007
24.0 9.618
24.0 10.05
24.0 9.45
24.0 9.872
24.0 9.774
24.0 9.664
24.0 9.223
24.0 8.475
24.0 9.831
24.0 9.601
24.0 9.024
24.0 8.993
24.0 9.529
24.0 9.394
24.0 9.375
24.0 8.351
24.0 9.459
24.0 9.7
24.0 9.505
24.0 9.25
24.0 9.48
24.0 9.183
24.0 9.928
24.0 9.775
24.0 9.925
24.0 9.45
24.0 9.895
24.0 9.079
24.0 8.903
24.0 8.947
24.0 10.039
24.0 10.268
24.0 10.19
24.0 10.132
24.0 10.176
24.0 9.833
24.0 9.492
24.0 10.212
24.0 9.813
24.0 9.946
24.0 9.933
24.0 9.929
24.0 9.484
24.0 10.01
24.0 10.291
24.0 9.496
24.0 9.13
24.0 9.098
24.0 9.566
24.0 10.016
24.5 10.193
24.5 10.137
24.5 10.211
24.5 9.667
24.5 9.643
24.5 9.487
24.5 10.101
24.5 9.475
24.5 10.128
24.5 9.925
24.5 10.134
24.5 9.792
24.5 10.381
24.5 10.549
24.5 10.208
24.5 9.964
24.5 10.149
24.5 9.499
24.5 10.458
24.5 10.52
24.5 10.639
24.5 10.306
24.5 9.875
24.5 10.027
24.5 10.451
24.5 10.254
24.5 9.349
24.5 9.831
24.5 9.372
24.5 9.909
24.5 9.538
24.5 9.161
24.5 9.647
24.5 9.889
24.5 9.654
24.5 8.883
24.5 9.692
24.5 10.555
24.5 10.103
24.5 9.334
24.5 9.541
24.5 9.818
24.5 9.757
24.5 9.822
24.5 10.213
24.5 9.641
24.5 9.438
24.5 9.437
24.5 9.315
24.5 10.079
24.5 9.39
24.5 9.992
24.5 9.858
24.5 9.264
24.5 9.012
24.5 9.629
24.5 9.666
24.5 9.708
24.5 9.444
24.5 9.91
24.5 9.59
24.5 9.775
24.5 9.134
24.5 9.37
24.5 9.973
24.5 10.159
24.5 9.827
24.5 9.815
24.5 10.624
24.5 10.127
24.5 9.508
24.5 9.96
24.5 9.769
24.5 9.248
24.5 10.048
24.5 10.082
24.5 8.921
24.5 9.712
24.5 10.359
24.5 10.182
24.5 10.344
24.5 10.3
24.5 9.692
24.5 10.296
24.5 10.048
24.5 9.985
24.5 10.052
24.5 9.352
24.5 9.823
24.5 9.778
24.5 10.186
24.5 10.447
24.5 10.732
24.5 10.279
24.5 10.735
24.5 9.804
24.5 9.08
24.5 9.822
24.5 9.475
24.5 9.865
24.5 10.234
24.5 9.907
24.5 9.819
24.5 9.933
24.5 9.604
24.5 9.925
24.5 9.657
24.5 9.687
24.5 9.69
24.5 9.472
24.5 9.712
24.5 9.476
24.5 10.019
24.5 9.63
24.5 9.817
24.5 9.841
24.5 9.208
24.5 10.349
24.5 10.256
24.5 9.694
24.5 9.679
24.5 9.74
24.5 9.701
24.5 9.76
24.5 10.007
24.5 9.936
24.5 9.051
24.5 9.777
24.5 9.856
24.5 9.69
24.5 9.937
24.5 9.379
24.5 9.52
24.5 9.919
24.5 9.739
24.5 9.364
24.5 9.384
24.5 9.799
24.5 10.135
24.5 9.813
24.5 9.26
24.5 9.248
24.5 9.834
24.5 9.782
24.5 9.583
24.5 9.798
24.5 9.682
24.5 9.662
24.5 9.57
24.5 10.072
24.5 10.295
24.5 10.013
24.5 9.709
24.5 9.454
24.5 9.635
24.5 8.958
24.5 9.403
24.5 9.37
24.5 9.267
24.5 10.255
24.5 9.809
24.5 9.504
24.5 9.742
24.5 10.196
24.5 9.904
24.5 9.678
24.5 9.886
24.5 9.785
24.5 9.658
24.5 9.45
24.5 9.902
24.5 9.522
24.5 9.145
24.5 9.191
24.5 9.769
24.5 9.518
24.5 9.358
24.5 9.506
24.5 9.497
24.5 9.297
24.5 9.098
24.5 8.942
24.5 9.151
24.5 9.543
24.5 9.39
24.5 9.747
24.5 9.797
24.5 9.68
24.5 9.645
24.5 9.517
24.5 9.296
24.5 9.463
24.5 9.212
24.5 9.777
24.5 9.153
24.5 9.291
24.5 9.594
24.5 9.854
24.5 10.205
24.5 9.478
24.5 9.232
24.5 9.337
24.5 9.822
24.5 9.926
24.5 8.865
24.5 9.515
24.5 8.804
24.5 8.562
24.5 9.191
24.5 9.801
24.5 9.906
24.5 8.872
24.5 9.284
24.5 9.66
24.5 10.074
24.5 9.852
24.5 9.727
24.5 8.722
24.5 9.752
24.5 9.618
24.5 9.077
24.5 9.314
24.5 9.521
24.5 9.545
24.5 9.272
24.5 9.389
24.5 8.912
24.5 9.206
24.5 9.933
24.5 8.929
24.5 9.418
24.5 9.762
24.5 8.987
24.5 9.678
24.5 9.377
24.5 9.452
24.5 8.812
24.5 9.218
24.5 10.379
24.5 9.721
24.5 9.769
24.5 8.656
24.5 9.235
24.5 8.989
24.5 8.872
24.5 9.017
24.5 8.789
24.5 9.675
24.5 9.822
24.5 9.681
24.5 9.485
24.5 9.006
24.5 10.114
24.5 9.816
24.5 9.734
24.5 9.1
24.5 9.215
24.5 8.711
24.5 9.271
24.5 9.068
24.5 9.018
24.5 9.409
24.5 9.524
24.5 9.328
24.5 9.454
24.5 10.308
24.5 9.895
24.5 10.266
24.5 9.197
24.5 8.858
24.5 8.433
24.5 8.579
24.5 9.148
24.5 9.04
24.5 8.677
24.5 9.268
24.5 9.32
24.5 9.1
24.5 8.946
24.5 9.534
24.5 9.456
24.5 9.7
24.5 9.472
24.5 9.25
24.5 10.076
24.5 9.212
24.5 9.625
24.5 9.618
24.5 9.182
24.5 9.595
24.5 9.48
24.5 8.791
24.5 9.25
24.5 9.107
24.5 9.437
24.5 9.095
24.5 8.969
24.5 9.158
24.5 9.036
24.5 9.567
24.5 9.469
24.5 9.657
24.5 9.025
24.5 9.483
24.5 9.719
24.5 9.709
24.5 9.798
24.5 9.756
24.5 9.367
24.5 9.54
24.5 9.445
24.5 9.295
24.5 9.445
24.5 8.868
24.5 8.892
24.5 9.3
500
13.0 -37.797
13.0 -11.155
16.5 -1.253
18.0 4.177
18.0 6.447
18.0 7.838
18.5 9.023
19.5 8.704
19.5 8.515
19.5 8.331
19.5 9.175
19.5 8.941
20.0 9.032
20.0 7.809
20.0 8.873
20.0 9.082
20.0 9.071
20.0 9.496
20.5 9.561
20.5 9.32
22.0 9.605
22.0 9.615
22.0 9.853
22.0 9.075
22.0 9.159
22.0 8.981
22.0 9.421
22.0 9.896
22.5 9.873
22.5 9.445
22.5 9.331
22.5 9.476
22.5 9.817
22.5 8.836
22.5 9.458
23.5 8.972
23.5 9.764
23.5 9.837
23.5 8.954
23.5 8.948
23.5 9.041
23.5 9.379
23.5 9.446
23.5 9.37
23.5 9.455
23.5 10.52
23.5 10.416
23.5 10.116
23.5 9.367
23.5 9.354
23.5 8.935
23.5 9.75
23.5 9.514
23.5 8.957
23.5 9.188
23.5 9.209
23.5 9.493
23.5 9.793
23.5 9.421
23.5 8.743
23.5 9.51
23.5 9.751
23.5 9.759
23.5 9.029
23.5 9.691
23.5 10.217
23.5 9.6
23.5 9.458
23.5 9.68
23.5 9.997
23.5 9.143
23.5 9.278
23.5 9.306
23.5 9.492
23.5 9.861
23.5 9.849
23.5 10.379
23.5 10.041
23.5 9.27
23.5 9.273
23.5 9.278
23.5 9.967
23.5 9.848
23.5 9.073
23.5 9.381
23.5 9.437
23.5 10.069
23.5 9.897
23.5 9.872
23.5 9.566
23.5 9.483
23.5 9.275
23.5 9.391
23.5 9.558
23.5 8.977
23.5 9.181
24.0 10.226
24.0 10.189
24.0 10.075
24.0 10.435
24.0 10.337
24.0 8.836
24.0 9.824
24.0 10.706
24.0 10.314
24.0 9.451
24.0 9.819
24.0 9.808
24.0 9.658
24.0 9.404
24.0 10.367
24.0 9.638
24.0 9.364
24.0 10.067
24.0 9.238
24.0 8.889
24.0 9.626
24.0 8.585
24.0 9.96
24.0 9.912
24.0 10.2
24.0 10.485
24.0 9.403
24.0 9.57
24.0 8.954
24.0 9.093
24.0 8.718
24.0 9.403
24.0 9.951
24.0 9.371
24.0 9.685
24.0 9.621
24.0 9.525
24.0 10.096
24.0 10.225
24.0 9.766
24.0 9.71
24.0 9.488
24.0 9.737
24.0 9.123
24.0 8.841
24.0 9.321
24.0 9.496
24.0 9.843
24.0 10.212
24.0 10.436
24.0 11.069
24.0 10.624
24.0 9.513
24.0 9.447
24.0 9.862
24.0 9.926
24.0 9.919
24.0 10.379
24.0 10.264
24.0 10.295
24.0 9.418
24.0 9.654
24.0 10.058
24.0 9.682
24.0 9.535
24.0 10.04
24.0 10.069
24.0 10.665
24.0 10.006
24.0 10.009
24.0 10.014
24.0 9.906
24.0 10.149
24.0 9.392
24.0 10.266
24.0 9.893
24.0 10.078
24.0 10.577
24.0 10.646
24.0 10.887
24.0 10.524
24.0 9.73
24.0 10.357
24.0 10.357
24.0 10.74
24.0 10.345
24.0 10.226
24.0 10.022
24.0 9.628
24.0 9.722
24.0 9.861
24.0 10.4
24.0 10.15
24.0 10.154
24.0 10.237
24.0 10.891
24.0 10.891
24.0 10.162
24.0 10.168
24.0 10.481
24.0 10.391
24.0 9.914
24.0 10.205
24.0 10.807
24.0 9.96
24.0 9.703
24.0 10.337
24.0 10.4
24.0 10.325
24.0 9.659
24.0 9.553
24.0 10.711
24.0 10.667
24.0 10.37
24.0 10.938
24.0 10.554
24.0 10.643
24.0 11.036
24.0 9.807
24.0 10.312
24.0 10.457
24.0 10.799
24.0 10.881
24.0 10.426
24.0 10.965
24.0 10.044
24.0 10.722
24.0 10.665
24.0 10.152
24.0 10.06
24.5 10.218
24.5 10.297
24.5 10.257
24.5 10.153
24.5 10.252
24.5 9.572
24.5 10.252
24.5 10.155
24.5 10.62
24.5 10.577
24.5 9.404
24.5 9.083
24.5 9.918
24.5 10.381
24.5 10.352
24.5 10.567
24.5 10.305
24.5 10.245
24.5 10.693
24.5 10.451
24.5 10.938
24.5 10.401
24.5 10.25
24.5 10.687
24.5 10.356
24.5 9.977
24.5 9.868
24.5 10.4
24.5 9.993
24.5 9.947
24.5 10.488
24.5 9.768
24.5 9.733
24.5 9.867
24.5 9.456
24.5 9.91
24.5 10.056
24.5 10.346
24.5 10.111
24.5 10.063
24.5 10.312
24.5 10.006
24.5 9.985
24.5 9.717
24.5 9.982
24.5 10.617
24.5 10.075
24.5 11.141
24.5 10.741
24.5 10.603
24.5 10.354
24.5 10.96
24.5 9.779
24.5 10.163
24.5 10.151
24.5 9.587
24.5 10.134
24.5 9.845
24.5 10.245
24.5 9.476
24.5 10.477
24.5 10.32
24.5 10.511
24.5 10.529
24.5 10.262
24.5 10.174
24.5 9.108
24.5 9.513
24.5 9.129
24.5 10.585
24.5 9.77
24.5 9.538
24.5 10.48
24.5 10.067
24.5 10.079
24.5 9.947
24.5 10.1
24.5 10.325
24.5 10.517
24.5 10.325
24.5 9.82
24.5 9.895
24.5 10.799
24.5 10.451
24.5 10.563
24.5 10.008
24.5 10.156
24.5 9.747
24.5 9.996
24.5 9.98
24.5 9.772
24.5 9.734
24.5 9.899
24.5 9.424
24.5 10.114
24.5 9.58
24.5 9.208
24.5 9.745
24.5 10.085
24.5 9.308
24.5 9.511
24.5 9.852
24.5 9.239
24.5 10.009
24.5 10.008
24.5 10.049
24.5 10.134
24.5 10.46
24.5 10.56
24.5 10.21
24.5 10.048
24.5 9.844
24.5 10.454
24.5 10.711
24.5 10.234
24.5 10.787
24.5 10.121
24.5 10.242
24.5 9.768
24.5 9.736
24.5 10.632
24.5 10.291
24.5 10.663
24.5 10.966
24.5 10.259
24.5 10.29
24.5 9.647
24.5 9.675
24.5 9.435
24.5 10.253
24.5 10.218
24.5 9.959
24.5 9.444
24.5 9.914
24.5 9.778
24.5 10.18
24.5 9.997
24.5 10.013
24.5 10.312
24.5 10.249
24.5 10.011
24.5 9.498
24.5 9.423
24.5 8.906
24.5 9.593
24.5 9.033
24.5 9.306
24.5 9.839
24.5 9.918
24.5 9.128
24.5 9.585
24.5 9.438
24.5 10.01
24.5 10.461
24.5 9.928
24.5 9.954
24.5 10.337
24.5 10.427
24.5 10.37
24.5 9.758
24.5 9.882
24.5 9.89
24.5 10.022
24.5 10.603
24.5 10.698
24.5 10.603
24.5 10.503
24.5 10.324
24.5 10.327
24.5 10.255
24.5 9.947
24.5 9.972
24.5 10.205
24.5 9.719
24.5 9.259
24.5 9.533
24.5 9.798
24.5 9.929
24.5 10.268
24.5 9.94
24.5 10.208
24.5 10.073
24.5 9.678
24.5 9.609
24.5 8.96
24.5 9.944
24.5 9.687
24.5 10.607
24.5 10.36
24.5 9.968
24.5 9.898
24.5 10.115
24.5 10.213
24.5 10.338
24.5 9.973
24.5 10.382
24.5 9.714
24.5 9.388
24.5 9.97
24.5 10.153
24.5 9.963
24.5 9.503
24.5 10.119
24.5 9.807
24.5 9.912
24.5 10.096
24.5 9.745
24.5 9.548
24.5 9.354
24.5 9.66
24.5 9.437
24.5 9.375
24.5 10.045
24.5 9.095
24.5 8.507
24.5 9.395
24.5 9.407
24.5 10.769
24.5 10.374
24.5 9.358
24.5 9.93
24.5 9.696
24.5 9.992
24.5 10.441
24.5 9.508
24.5 9.576
24.5 9.555
24.5 9.859
24.5 9.556
24.5 10.53
24.5 10.298
24.5 10.794
24.5 10.113
24.5 10.039
24.5 9.736
24.5 10.107
24.5 10.242
24.5 10.018
24.5 10.071
24.5 9.753
24.5 9.818
24.5 9.904
24.5 9.442
24.5 9.564
24.5 9.597
24.5 8.867
24.5 9.3
24.5 9.766
24.5 9.388
24.5 9.763
24.5 10.381
24.5 9.806
24.5 10.095
24.5 9.304
24.5 10.397
24.5 9.68
24.5 9.896
24.5 10.032
24.5 9.704
24.5 9.108
24.5 9.723
24.5 9.274
24.5 9.702
24.5 8.899
24.5 8.877
24.5 9.562
24.5 9.788
24.5 9.419
24.5 9.484
24.5 9.006
24.5 9.36
24.5 9.013
24.5 9.388
24.5 9.142
500
14.0 -37.553
14.0 -11.584
15.0 -1.604
18.5 3.29
18.5 5.557
18.5 7.559
18.5 7.991
19.5 9.022
21.5 9.459
21.5 9.769
21.5 9.218
21.5 8.963
21.5 9.514
21.5 9.036
21.5 8.55
21.5 8.312
21.5 8.538
21.5 8.745
21.5 9.152
21.5 9.369
21.5 9.145
21.5 8.436
21.5 9.124
21.5 9.09
22.0 8.914
22.0 9.595
22.0 9.64
22.0 9.74
22.0 10.114
22.0 9.416
22.0 9.254
22.0 9.4
22.0 10.021
22.0 9.453
22.0 8.996
22.0 9.802
22.0 9.033
22.0 9.196
22.0 9.518
22.0 10.107
22.0 9.531
22.0 9.149
22.0 9.575
22.0 9.497
22.0 9.47
22.0 10.244
22.0 9.62
22.0 9.477
22.0 9.868
22.0 9.877
22.0 9.51
22.0 9.383
22.0 8.271
23.5 9.374
23.5 9.16
23.5 9.048
23.5 9.845
23.5 9.493
23.5 9.086
23.5 8.891
23.5 9.04
23.5 9.277
23.5 9.031
23.5 9.179
23.5 8.745
23.5 10.013
23.5 9.491
23.5 9.966
23.5 9.792
23.5 9.042
23.5 9.141
23.5 9.411
23.5 9.202
23.5 8.984
23.5 8.845
23.5 9.356
23.5 9.231
23.5 9.238
23.5 9.324
23.5 9.24
23.5 9.132
23.5 8.677
23.5 9.674
23.5 9.257
23.5 9.187
23.5 8.819
23.5 9.43
23.5 10.188
23.5 9.639
23.5 8.904
23.5 9.231
23.5 9.379
23.5 9.528
23.5 9.482
23.5 9.912
23.5 9.791
23.5 9.798
23.5 9.419
23.5 9.023
23.5 9.801
23.5 9.352
23.5 9.279
23.5 8.992
23.5 8.997
23.5 9.08
23.5 9.649
23.5 9.522
23.5 9.159
23.5 9.869
23.5 9.304
23.5 8.905
23.5 8.657
23.5 8.607
23.5 9.151
23.5 9.173
23.5 8.614
23.5 9.78
23.5 8.893
23.5 9.273
23.5 9.467
23.5 9.897
23.5 10.303
23.5 9.972
23.5 8.775
23.5 9.718
23.5 9.461
23.5 8.884
23.5 9.04
23.5 9.667
23.5 9.195
23.5 9.936
23.5 9.84
23.5 9.484
23.5 9.092
23.5 9.809
23.5 9.784
23.5 9.826
23.5 9.52
23.5 9.49
23.5 9.837
23.5 9.48
24.0 9.505
24.0 9.827
24.0 10.105
24.0 10.044
24.0 9.427
24.0 9.742
24.0 9.901
24.0 9.625
24.0 9.699
24.0 9.679
24.0 9.27
24.0 9.968
24.0 9.038
24.0 9.308
24.0 9.363
24.0 9.379
24.0 9.286
24.0 9.015
24.0 9.227
24.0 9.859
24.0 9.73
24.0 10.062
24.0 9.717
24.0 9.033
24.0 10.258
24.0 9.842
24.0 10.002
24.0 9.524
24.0 10.391
24.0 9.515
24.0 9.872
24.0 9.905
24.0 9.474
24.0 9.024
24.0 9.892
24.0 10.218
24.0 10.24
24.0 9.619
24.0 9.88
24.0 9.973
24.0 9.316
24.0 9.414
24.0 10.57
24.0 9.953
24.0 9.74
24.0 9.955
24.0 9.997
24.0 9.596
24.0 10.19
24.0 10.118
24.0 9.915
24.0 9.759
24.0 9.309
24.0 10.039
24.0 10.191
24.0 10.026
24.0 10.112
24.0 9.776
24.0 10.057
24.0 9.492
24.0 9.782
24.0 10.463
24.0 10.552
24.0 10.981
24.0 9.819
24.0 9.484
24.0 10.183
24.0 10.873
24.0 10.066
24.0 10.402
24.0 10.4
24.0 10.262
24.0 10.315
24.0 9.666
24.0 10.195
24.0 10.332
24.0 10.356
24.0 10.937
24.0 10.064
24.0 10.148
24.0 9.612
24.0 9.645
24.0 10.201
24.0 9.988
24.0 10.898
24.0 10.556
24.0 11.273
24.0 11.221
24.0 10.392
24.0 9.352
24.0 9.866
24.0 10.536
24.0 10.491
24.0 11.341
24.0 10.504
24.0 10.244
24.0 10.224
24.0 10.112
24.0 10.334
24.0 10.016
24.0 10.473
24.0 9.89
24.0 10.088
24.0 10.604
24.0 10.268
24.0 10.143
24.0 10.535
24.0 10.801
24.0 11.387
24.0 10.325
24.0 9.854
24.0 10.819
24.0 9.997
24.0 9.63
24.0 10.436
24.0 10.128
24.0 9.848
24.0 10.158
24.0 9.907
24.0 9.888
24.0 9.766
24.0 10.085
24.0 10.204
24.0 10.333
24.0 10.067
24.0 10.107
24.0 10.543
24.0 10.453
24.0 9.906
24.0 10.749
24.0 10.95
24.0 10.919
24.0 10.988
24.0 10.447
24.0 9.787
24.0 10.462
24.0 10.357
24.0 10.941
24.0 11.164
24.0 10.394
24.0 10.253
24.0 10.501
24.0 10.955
24.0 10.229
24.0 9.67
24.0 9.719
24.0 10.254
24.0 9.714
24.0 10.213
24.0 10.28
24.0 10.537
24.0 10.514
24.0 10.06
24.0 10.428
24.0 10.83
24.0 10.753
24.0 10.304
24.0 10.44
24.0 10.347
24.0 10.408
24.0 10.112
24.0 10.11
24.0 10.0
24.0 10.144
24.0 9.677
24.0 10.392
24.0 9.618
24.0 10.415
24.0 10.356
24.0 10.218
24.0 10.262
24.0 9.956
24.0 10.37
24.0 9.792
24.0 9.21
24.0 10.026
24.0 10.239
24.0 10.145
24.0 10.329
24.0 10.641
24.0 10.464
24.0 10.051
24.0 10.078
24.0 10.615
24.0 10.115
24.0 10.793
24.0 9.953
24.0 9.369
24.0 9.643
24.0 10.011
24.0 10.503
24.0 9.869
24.0 9.742
24.0 9.465
24.0 10.218
24.0 10.264
24.0 10.464
24.0 10.278
24.0 10.399
24.0 10.146
24.0 10.357
24.5 9.925
24.5 9.711
24.5 9.392
24.5 10.584
24.5 10.235
24.5 9.992
24.5 10.048
24.5 9.442
24.5 10.341
24.5 10.4
24.5 9.857
24.5 10.677
24.5 10.083
24.5 10.363
24.5 10.402
24.5 10.226
24.5 10.308
24.5 10.248
24.5 10.085
24.5 10.496
24.5 9.801
24.5 9.87
24.5 9.861
24.5 9.488
24.5 10.128
24.5 10.412
24.5 10.444
24.5 10.38
24.5 10.0
24.5 11.27
24.5 9.844
24.5 9.68
24.5 9.763
24.5 10.118
24.5 10.34
24.5 10.795
24.5 10.278
24.5 10.451
24.5 10.215
24.5 9.274
24.5 8.917
24.5 9.348
24.5 10.272
24.5 10.753
24.5 9.599
24.5 10.187
24.5 10.367
24.5 10.228
24.5 10.277
24.5 10.208
24.5 9.697
24.5 9.493
24.5 9.598
24.5 10.251
24.5 10.775
24.5 10.21
24.5 10.569
24.5 10.765
24.5 10.215
24.5 9.927
24.5 10.471
24.5 9.841
24.5 9.103
24.5 10.097
24.5 9.512
24.5 10.323
24.5 10.368
24.5 10.361
24.5 9.664
24.5 10.244
24.5 9.719
24.5 9.933
24.5 9.737
24.5 9.769
24.5 9.26
24.5 9.559
24.5 8.765
24.5 10.048
24.5 10.146
24.5 10.577
24.5 9.971
24.5 9.982
24.5 9.752
24.5 9.519
24.5 10.555
24.5 9.726
24.5 9.739
24.5 10.894
24.5 10.534
24.5 10.439
24.5 10.317
24.5 9.995
24.5 10.005
24.5 10.811
24.5 10.514
24.5 10.674
24.5 9.449
24.5 9.869
24.5 10.232
24.5 10.083
24.5 9.718
24.5 9.949
24.5 10.242
24.5 9.792
24.5 9.991
24.5 10.811
24.5 10.223
24.5 9.891
24.5 9.633
24.5 9.74
24.5 10.442
24.5 10.029
24.5 9.658
24.5 9.584
24.5 10.073
24.5 10.456
24.5 10.42
24.5 9.816
24.5 10.375
24.5 10.669
24.5 10.285
24.5 10.188
24.5 9.9
24.5 9.835
24.5 10.211
24.5 9.781
24.5 10.029
24.5 9.829
24.5 10.085
24.5 9.703
24.5 9.747
24.5 9.906
24.5 9.915
24.5 9.793
24.5 10.132
24.5 9.873
24.5 10.277
24.5 10.03
24.5 10.789
24.5 10.61
24.5 10.485
24.5 9.823
24.5 10.027
24.5 9.958
24.5 9.975
24.5 10.129
24.5 10.44
24.5 10.787
24.5 10.563
24.5 9.759
24.5 9.779
24.5 10.681
24.5 9.872
24.5 10.826
24.5 11.143
24.5 10.368
24.5 10.026
24.5 10.509
500
13.0 -36.822
13.5 -10.518
15.5 0.005
17.0 4.293
19.0 6.502
19.0 7.673
19.0 8.928
20.5 9.036
20.5 9.077
20.5 9.035
20.5 9.719
20.5 9.177
20.5 9.698
21.5 9.539
22.5 8.863
22.5 9.413
22.5 9.063
22.5 8.33
22.5 8.653
22.5 8.666
22.5 9.581
22.5 9.714
22.5 9.498
22.5 8.616
22.5 8.059
22.5 8.712
22.5 8.8
22.5 8.868
22.5 9.219
22.5 8.756
22.5 9.544
22.5 8.982
22.5 9.549
22.5 8.656
22.5 9.649
22.5 9.402
22.5 9.558
22.5 9.078
22.5 9.385
22.5 9.596
22.5 8.97
22.5 9.673
22.5 8.717
23.0 9.268
23.0 9.27
23.0 8.679
23.0 8.919
23.0 9.132
23.0 9.085
23.0 8.814
23.0 8.741
23.0 9.22
23.0 9.529
23.0 9.051
23.0 9.329
23.0 9.269
23.0 9.837
23.0 9.307
23.0 9.259
23.0 8.936
23.0 8.92
23.0 9.349
23.0 9.236
23.0 9.65
23.0 9.35
23.0 9.384
23.5 9.388
23.5 9.39
23.5 8.967
23.5 9.801
23.5 9.725
23.5 9.151
23.5 9.361
23.5 9.166
23.5 8.598
23.5 9.647
24.0 9.369
24.0 10.007
24.0 10.001
24.0 9.836
24.0 9.827
24.0 9.831
24.0 10.21
24.0 9.134
24.0 9.433
24.0 9.964
24.0 9.275
24.0 9.518
24.0 9.474
24.0 9.38
24.0 9.453
24.0 9.821
24.0 10.188
24.0 9.676
24.0 9.734
24.0 10.328
24.0 9.47
24.0 9.883
24.0 9.857
24.0 9.988
24.0 9.717
24.0 9.712
24.0 9.55
24.0 10.212
24.0 9.897
24.0 9.659
24.0 9.685
24.0 8.703
24.0 10.087
24.0 10.076
24.0 9.688
24.0 9.613
24.0 8.704
24.0 9.014
24.0 9.696
24.0 9.933
24.0 9.588
24.0 9.621
24.0 9.645
24.0 10.203
24.0 10.013
24.0 9.658
24.0 9.566
24.0 9.4
24.0 8.793
24.0 9.572
24.0 9.383
24.0 9.311
24.0 9.203
24.0 8.768
24.0 9.06
24.0 9.652
24.0 10.096
24.0 9.488
24.0 9.552
24.0 9.918
24.0 9.499
24.0 9.574
24.0 9.372
24.0 9.272
24.0 9.71
24.0 9.541
24.0 8.835
24.0 8.747
24.0 10.016
24.0 10.01
24.0 9.715
24.0 9.815
24.0 9.542
24.0 9.041
24.0 9.287
24.0 9.189
24.0 8.948
24.0 9.366
24.0 9.896
24.0 9.977
24.0 10.357
24.0 9.807
24.0 9.555
24.0 9.612
24.0 9.849
24.0 9.096
24.0 9.124
24.0 8.997
24.0 10.256
24.0 9.556
24.0 9.579
24.0 9.25
24.0 8.934
24.0 10.13
24.0 9.797
24.0 9.672
24.0 10.163
24.0 10.042
24.0 10.207
24.0 9.968
24.0 9.826
24.0 9.98
24.0 9.347
24.0 9.365
24.0 10.113
24.0 9.445
24.0 9.365
24.0 9.543
24.0 9.439
24.0 9.688
24.0 9.472
24.0 9.4
24.0 9.236
24.0 9.281
24.0 9.52
24.0 9.509
24.0 9.772
24.0 9.12
24.0 9.719
24.0 9.762
24.5 8.332
24.5 9.519
24.5 9.156
24.5 8.668
24.5 9.768
24.5 9.072
24.5 9.139
24.5 9.948
24.5 9.186
24.5 8.927
24.5 9.036
24.5 8.926
24.5 8.627
24.5 9.126
24.5 9.032
24.5 9.456
24.5 9.533
24.5 9.49
24.5 10.124
24.5 9.647
24.5 10.194
24.5 9.601
24.5 9.532
24.5 9.575
24.5 8.878
24.5 9.921
24.5 10.067
24.5 9.719
24.5 9.359
24.5 9.579
24.5 9.673
24.5 9.359
24.5 8.825
24.5 9.102
24.5 9.157
24.5 9.06
24.5 8.987
24.5 9.538
24.5 8.542
24.5 9.101
24.5 9.646
24.5 9.213
24.5 9.15
24.5 9.021
24.5 9.091
24.5 9.72
24.5 9.559
24.5 10.079
24.5 9.23
24.5 9.393
24.5 9.692
24.5 9.921
24.5 9.701
24.5 9.851
24.5 9.118
24.5 8.849
24.5 9.647
24.5 9.786
24.5 9.678
24.5 9.695
24.5 9.756
24.5 8.686
24.5 9.083
24.5 9.619
24.5 10.056
24.5 9.537
24.5 9.501
24.5 9.504
24.5 9.759
24.5 9.497
24.5 9.653
24.5 10.146
24.5 9.751
24.5 9.779
24.5 10.095
24.5 9.479
24.5 9.0
24.5 9.902
24.5 10.215
24.5 10.07
24.5 10.003
24.5 9.476
24.5 8.831
24.5 10.503
24.5 10.181
24.5 10.064
24.5 9.781
24.5 9.252
24.5 9.461
24.5 8.953
24.5 9.319
24.5 9.326
24.5 9.498
24.5 9.637
24.5 9.28
24.5 10.001
24.5 9.427
24.5 9.495
24.5 9.277
24.5 9.168
24.5 9.51
24.5 9.294
24.5 9.056
24.5 9.498
24.5 8.928
24.5 9.629
24.5 9.214
24.5 9.248
24.5 9.353
24.5 9.983
24.5 9.772
24.5 10.337
24.5 9.5
24.5 9.68
24.5 9.452
24.5 9.187
24.5 9.281
24.5 9.477
24.5 9.102
24.5 9.739
24.5 9.405
24.5 9.136
24.5 9.96
24.5 9.727
24.5 9.657
24.5 9.674
24.5 8.849
24.5 9.052
24.5 9.809
24.5 9.173
24.5 9.382
24.5 9.512
24.5 9.83
24.5 9.659
24.5 9.304
24.5 9.298
24.5 9.215
24.5 10.134
24.5 9.396
24.5 9.591
24.5 9.065
24.5 9.626
24.5 9.169
24.5 8.997
24.5 9.422
24.5 9.475
24.5 9.468
24.5 9.635
24.5 9.606
24.5 9.188
24.5 8.953
24.5 9.301
24.5 8.58
24.5 9.125
24.5 8.838
24.5 8.796
24.5 8.963
24.5 9.004
24.5 9.477
24.5 8.582
24.5 9.167
24.5 9.035
24.5 8.708
24.5 9.76
24.5 9.746
24.5 9.484
24.5 9.028
24.5 9.449
24.5 9.426
24.5 9.396
24.5 9.51
24.5 9.745
24.5 9.029
24.5 8.868
24.5 8.464
24.5 9.503
24.5 8.738
24.5 9.346
24.5 9.911
24.5 9.855
24.5 9.268
24.5 9.406
24.5 9.427
24.5 9.395
24.5 8.993
24.5 9.382
24.5 9.899
24.5 9.865
24.5 9.563
24.5 9.519
24.5 10.237
24.5 9.307
24.5 9.839
24.5 8.193
24.5 8.213
24.5 9.797
24.5 10.437
24.5 10.219
24.5 9.47
24.5 9.642
24.5 9.936
24.5 10.157
24.5 9.331
24.5 9.109
24.5 8.741
24.5 9.035
24.5 9.277
24.5 9.692
24.5 9.394
24.5 9.97
24.5 9.573
24.5 9.315
24.5 10.107
24.5 10.498
24.5 9.798
24.5 9.163
24.5 9.864
24.5 9.547
24.5 9.774
24.5 9.603
24.5 9.842
24.5 9.827
24.5 9.93
24.5 9.463
24.5 9.965
24.5 9.322
24.5 9.099
24.5 9.323
24.5 9.646
24.5 9.054
24.5 9.171
24.5 9.428
24.5 9.902
24.5 10.154
24.5 8.799
24.5 9.531
24.5 9.737
24.5 9.157
24.5 9.231
24.5 9.741
24.5 10.255
24.5 9.497
24.5 9.516
24.5 9.979
24.5 9.308
24.5 9.558
24.5 9.054
24.5 9.208
24.5 9.115
24.5 9.384
24.5 9.73
24.5 8.987
24.5 9.039
24.5 9.464
24.5 8.94
24.5 8.373
24.5 9.021
24.5 9.371
24.5 9.565
24.5 9.422
24.5 9.358
24.5 9.453
24.5 9.843
24.5 9.351
24.5 9.089
24.5 8.624
24.5 9.522
24.5 9.717
24.5 10.091
24.5 9.35
24.5 9.922
24.5 9.673
24.5 9.893
24.5 9.802
24.5 9.682
24.5 9.156
24.5 9.59
24.5 8.609
24.5 9.251
24.5 9.206
24.5 8.735
24.5 8.975
24.5 9.048
24.5 9.547
24.5 9.475
24.5 9.666
24.5 9.221
24.5 9.491
24.5 9.673
24.5 9.68
24.5 9.182
24.5 9.085
24.5 8.821
24.5 9.413
24.5 9.767
24.5 9.637
24.5 9.075
24.5 9.867
24.5 9.6
24.5 8.961
24.5 9.083
24.5 9.587
24.5 9.168
24.5 9.507
500
12.0 -39.983
14.5 -9.799
17.0 1.051
18.5 4.374
18.5 7.152
19.5 8.099
19.5 8.425
21.0 9.004
21.0 8.334
21.0 8.49
21.0 8.812
21.0 8.777
21.0 8.998
22.0 9.209
22.0 9.069
22.0 8.665
22.0 9.079
22.0 8.981
22.0 9.055
22.0 8.485
22.0 9.316
22.0 9.51
22.0 9.528
22.0 9.027
22.0 9.445
22.0 10.139
22.0 10.446
22.0 9.767
22.0 9.447
22.0 10.094
22.0 9.57
22.5 9.318
22.5 9.47
22.5 9.773
22.5 9.836
22.5 9.52
22.5 8.983
22.5 9.372
22.5 9.986
24.0 9.498
24.0 10.206
24.0 9.474
24.0 9.784
24.0 10.592
24.0 10.93
24.0 10.359
24.0 10.35
24.0 10.094
24.0 9.679
24.0 9.851
24.0 9.86
24.0 9.556
24.0 10.287
24.0 10.31
24.0 10.18
24.0 10.207
24.0 10.326
24.0 9.844
24.0 9.742
24.0 10.301
24.0 10.038
24.0 9.203
24.0 8.348
24.0 9.445
24.0 9.449
24.0 9.452
24.0 10.168
24.0 9.732
24.0 9.666
24.0 10.073
24.0 10.361
24.0 10.347
24.0 10.131
24.0 10.09
24.0 9.622
24.0 10.001
24.0 10.101
24.0 9.243
24.0 9.767
24.0 10.163
24.0 9.991
24.0 9.942
24.0 10.122
24.0 9.6
24.0 9.819
24.0 9.922
24.0 9.711
24.0 10.271
24.0 9.562
24.0 10.122
24.0 10.386
24.0 10.033
24.0 9.744
24.0 9.702
24.0 9.295
24.0 10.031
24.0 9.752
24.0 9.948
24.0 10.485
24.0 10.204
24.0 10.335
24.0 10.568
24.0 9.968
24.0 10.677
24.0 10.969
24.0 10.456
24.0 9.87
24.0 10.197
24.0 10.062
24.0 9.639
24.0 9.606
24.0 8.818
24.0 9.53
24.0 9.304
24.0 9.683
24.0 10.031
24.0 10.321
24.0 10.21
24.0 10.534
24.0 9.919
24.0 9.671
24.0 9.598
24.0 9.68
24.0 9.519
24.0 9.679
24.0 9.773
24.0 10.344
24.0 9.765
24.0 9.748
24.0 9.752
24.0 9.828
24.0 9.553
24.0 9.517
24.0 9.304
24.0 9.623
24.0 10.216
24.0 10.001
24.0 10.28
24.0 9.864
24.0 9.912
24.0 9.427
24.0 9.479
24.0 9.736
24.0 9.335
24.0 8.97
24.0 9.154
24.0 9.825
24.0 9.232
24.0 9.294
24.0 10.112
24.0 10.37
24.0 9.196
24.0 9.224
24.0 10.267
24.0 9.506
24.0 9.97
24.0 9.844
24.0 9.522
24.0 9.559
24.0 9.82
24.0 9.44
24.0 9.691
24.0 9.213
24.0 10.007
24.0 9.966
24.0 9.859
24.0 10.283
24.0 9.682
24.0 9.863
24.0 9.173
24.0 9.74
24.0 9.782
24.0 10.147
24.0 10.318
24.0 9.916
24.0 9.78
24.0 10.05
24.0 9.949
24.0 10.765
24.0 10.426
24.0 9.501
24.0 9.506
24.0 9.206
24.0 9.428
24.0 9.913
24.0 9.687
24.0 9.627
24.0 9.792
24.0 9.309
24.0 9.832
24.0 9.748
24.0 9.625
24.0 9.606
24.0 9.454
24.0 9.276
24.0 9.72
24.0 9.805
24.0 9.781
24.0 10.05
24.0 9.994
24.0 9.8
24.0 9.59
24.0 10.068
24.0 9.191
24.0 9.997
24.0 10.631
24.0 10.439
24.0 10.047
24.0 10.083
24.0 10.198
24.0 9.783
24.0 9.138
24.0 9.89
24.0 10.119
24.0 10.075
24.0 9.828
24.0 10.206
24.0 9.103
24.0 9.035
24.0 9.816
24.0 9.322
24.0 9.697
24.0 9.656
24.0 9.304
24.0 9.812
24.0 10.757
24.0 9.948
24.0 10.036
24.0 10.101
24.0 10.14
24.0 9.468
24.0 9.609
24.0 10.093
24.0 9.94
24.0 9.828
24.0 9.663
24.0 9.798
24.0 10.068
24.0 10.096
24.0 9.851
24.0 10.515
24.0 10.569
24.0 10.29
24.0 9.783
24.0 10.113
24.0 10.511
24.0 10.311
24.0 9.84
24.0 9.645
24.0 10.296
24.0 10.205
24.0 9.337
24.0 10.294
24.0 9.935
24.0 9.604
24.0 9.404
24.0 9.913
24.0 10.409
24.0 10.592
24.0 10.127
24.0 9.769
24.0 10.389
24.0 9.532
24.0 9.9
24.0 9.869
24.0 10.008
24.0 9.944
24.0 9.513
24.0 9.814
24.0 10.332
24.0 9.909
24.0 10.094
24.0 9.959
24.0 10.092
24.0 9.609
24.0 9.372
24.0 9.761
24.0 10.649
24.0 10.246
24.0 9.835
24.0 9.554
24.0 9.731
24.0 9.747
24.0 9.764
24.0 9.704
24.0 9.514
24.0 9.725
24.0 9.392
24.0 9.933
24.0 10.005
24.0 10.007
24.0 10.301
24.0 10.216
24.0 10.832
24.0 10.283
24.0 10.803
24.0 10.491
24.0 9.366
24.0 9.731
24.0 10.132
24.0 9.797
24.0 10.436
24.0 10.136
24.0 10.21
24.0 10.086
24.0 8.748
24.0 9.798
24.0 9.92
24.0 10.272
24.0 10.386
24.0 10.058
24.0 9.429
24.0 9.685
24.0 10.603
24.0 10.422
24.0 10.629
24.0 10.896
24.0 9.948
24.0 9.689
24.0 9.546
24.0 9.204
24.0 9.711
24.0 9.716
24.0 9.966
24.0 9.784
24.0 9.966
24.0 10.228
24.0 10.457
24.0 9.589
24.0 9.001
24.0 9.504
24.0 9.681
24.0 10.325
24.0 10.136
24.0 9.721
24.0 10.61
24.0 9.716
24.0 9.417
24.0 10.199
24.0 9.975
24.0 9.934
24.0 9.764
24.0 10.257
24.0 10.13
24.0 9.816
24.0 9.892
24.0 9.56
24.0 9.449
24.0 9.275
24.0 9.258
24.0 9.985
24.0 9.759
24.0 10.539
24.0 10.074
24.0 9.954
24.0 10.562
24.0 10.234
24.0 9.576
24.0 10.184
24.0 10.392
24.0 10.518
24.0 10.294
24.0 10.339
24.0 10.033
24.0 9.737
24.0 9.9
24.0 9.441
24.0 10.417
24.0 9.854
24.0 10.302
24.0 9.935
24.0 10.049
24.0 10.197
24.0 10.278
24.0 9.741
24.0 9.941
24.0 9.727
24.0 9.957
24.0 9.878
24.0 9.771
24.0 9.925
24.0 9.841
24.0 10.19
24.0 9.801
24.0 9.184
24.0 10.479
24.0 9.606
24.0 9.958
24.0 10.154
24.0 9.612
24.0 9.778
24.0 9.301
24.0 10.065
24.0 9.414
24.0 10.079
24.0 9.757
24.0 9.571
24.0 10.502
24.0 9.828
24.0 9.862
24.0 10.374
24.0 10.374
24.0 9.589
24.0 9.299
24.0 10.209
24.0 10.239
24.0 10.133
24.0 9.741
24.0 9.496
24.0 10.026
24.0 9.407
24.0 9.784
24.0 9.971
24.0 10.351
24.0 10.121
24.0 10.388
24.0 9.743
24.0 9.835
24.0 9.437
24.0 9.695
24.0 10.045
24.0 10.18
24.0 9.877
24.0 10.271
24.0 10.103
24.0 9.768
24.0 10.166
24.0 10.011
24.0 9.887
24.0 9.136
24.0 9.23
24.0 9.968
24.0 10.039
24.0 9.8
24.0 10.205
24.0 9.807
24.0 9.864
24.0 9.564
24.0 9.822
24.0 9.539
24.0 10.114
24.0 10.555
24.0 10.579
24.0 10.324
24.0 10.462
24.0 9.527
24.0 9.244
24.0 9.555
24.0 10.207
24.0 10.02
24.0 9.601
24.0 9.975
24.0 9.911
24.0 9.835
24.0 10.17
24.0 9.822
24.0 8.942
24.0 9.592
24.0 10.24
24.0 10.52
24.0 10.271
24.0 9.915
24.0 10.503
24.0 10.386
24.0 9.161
24.0 9.775
24.0 10.335
24.0 9.759
24.0 9.98
24.0 10.154
24.0 9.791
24.0 9.051
24.0 9.992
24.0 8.927
24.0 9.236
24.0 9.815
24.0 9.726
24.0 10.273
24.0 9.924
24.0 9.616
24.0 9.722
24.0 9.205
24.0 9.188
24.0 8.507
24.0 10.462
24.0 9.822
24.0 9.852
24.0 10.203
24.0 9.524
24.0 10.244
24.0 9.863
24.0 10.356
24.0 9.766
24.0 10.062
24.0 10.525
24.0 10.11
24.0 9.703
24.0 9.332
24.0 10.475
24.0 10.287
500
15.0 -40.757
15.0 -12.902
15.5 -1.088
17.0 4.278
18.0 6.532
18.0 7.539
18.5 8.615
19.5 8.254
19.5 8.427
19.5 8.094
19.5 8.052
19.5 8.248
19.5 8.901
19.5 8.943
19.5 8.946
19.5 8.582
19.5 8.544
20.5 8.985
20.5 8.607
20.5 9.017
20.5 9.618
20.5 9.416
20.5 9.081
20.5 9.24
20.5 9.386
20.5 9.352
20.5 9.552
20.5 8.721
20.5 8.626
20.5 9.028
20.5 8.842
20.5 9.491
21.0 9.333
21.0 8.948
21.0 9.061
21.0 8.807
21.0 8.95
21.0 8.885
21.0 9.388
21.0 8.884
21.0 8.935
21.0 9.17
21.0 9.785
22.0 9.764
22.0 9.671
22.5 9.214
22.5 9.318
22.5 8.825
22.5 9.548
22.5 9.358
22.5 8.846
22.5 8.953
22.5 8.577
22.5 8.362
22.5 8.682
22.5 8.436
22.5 8.353
22.5 8.754
22.5 8.851
22.5 8.493
22.5 8.656
22.5 9.271
22.5 8.797
22.5 8.853
22.5 9.635
22.5 8.915
22.5 9.166
22.5 9.121
22.5 9.494
22.5 9.317
22.5 9.019
22.5 9.167
22.5 8.811
22.5 10.163
22.5 9.765
22.5 9.135
22.5 8.38
22.5 9.639
22.5 9.593
22.5 9.715
22.5 9.832
22.5 9.052
22.5 9.323
22.5 8.183
22.5 9.017
22.5 9.669
22.5 9.662
22.5 9.155
22.5 9.851
22.5 9.086
23.0 9.449
23.0 9.496
23.0 9.719
23.0 9.891
23.0 9.386
23.0 8.359
23.0 9.169
23.0 9.761
23.0 9.238
23.0 9.474
23.0 9.68
23.0 9.042
23.0 8.97
23.0 9.519
23.0 9.389
23.0 8.534
23.0 9.843
23.5 8.521
23.5 9.864
23.5 9.295
23.5 9.718
23.5 8.892
23.5 9.785
23.5 9.63
23.5 9.634
23.5 8.957
23.5 9.222
23.5 8.836
23.5 9.12
23.5 9.203
23.5 9.43
23.5 8.919
23.5 9.29
23.5 8.884
23.5 9.33
23.5 9.011
23.5 9.145
23.5 8.216
23.5 8.855
23.5 8.938
23.5 9.732
23.5 8.946
23.5 8.576
23.5 8.828
23.5 8.851
23.5 9.22
23.5 9.254
23.5 9.943
23.5 9.797
23.5 9.704
23.5 10.022
23.5 10.371
23.5 9.728
23.5 9.748
23.5 9.238
23.5 9.419
23.5 9.381
23.5 8.566
23.5 8.811
23.5 9.692
23.5 9.637
23.5 9.696
23.5 9.506
23.5 9.422
23.5 9.042
23.5 9.117
23.5 9.143
23.5 8.838
23.5 9.349
23.5 9.625
23.5 9.39
23.5 9.818
23.5 9.118
23.5 9.224
23.5 8.807
23.5 8.486
23.5 9.259
23.5 9.098
23.5 9.051
23.5 9.416
23.5 9.217
23.5 9.026
23.5 8.889
23.5 8.612
23.5 8.949
23.5 9.159
23.5 9.443
23.5 9.061
23.5 8.731
23.5 8.395
23.5 9.091
23.5 9.135
23.5 9.787
23.5 9.465
23.5 9.217
23.5 8.649
23.5 9.8
23.5 9.424
23.5 9.266
23.5 8.497
23.5 8.579
23.5 8.816
23.5 8.762
23.5 9.363
24.5 9.489
24.5 9.612
24.5 9.112
24.5 8.436
24.5 8.736
24.5 9.438
24.5 8.991
24.5 8.668
24.5 8.752
24.5 9.549
24.5 9.683
24.5 8.698
24.5 9.06
24.5 8.591
24.5 8.859
24.5 8.984
24.5 8.701
24.5 8.535
24.5 9.534
24.5 9.107
24.5 8.972
24.5 9.479
24.5 9.63
24.5 8.914
24.5 9.518
24.5 9.043
24.5 9.026
24.5 9.802
24.5 9.396
24.5 9.499
24.5 9.252
24.5 9.11
24.5 9.282
24.5 8.674
24.5 8.651
24.5 9.682
24.5 9.604
24.5 9.989
24.5 9.107
24.5 9.155
24.5 10.004
24.5 9.866
24.5 9.272
24.5 9.614
24.5 9.334
24.5 9.12
24.5 9.027
24.5 9.246
24.5 9.321
24.5 8.649
24.5 8.712
24.5 8.733
24.5 8.507
24.5 9.25
24.5 8.607
24.5 9.168
24.5 8.844
24.5 9.371
24.5 8.494
24.5 8.641
24.5 9.292
24.5 9.04
24.5 8.628
24.5 8.936
24.5 8.711
24.5 8.419
24.5 8.783
24.5 8.819
24.5 8.268
24.5 9.354
24.5 8.799
24.5 9.188
24.5 9.261
24.5 8.557
24.5 9.244
24.5 9.448
24.5 9.295
24.5 8.965
24.5 9.304
24.5 9.327
24.5 9.218
24.5 8.387
24.5 9.278
24.5 9.204
24.5 9.101
24.5 9.347
24.5 9.478
24.5 9.275
24.5 9.345
24.5 9.341
24.5 9.606
24.5 9.228
24.5 8.614
24.5 8.836
24.5 8.87
24.5 9.283
24.5 9.218
24.5 8.67
24.5 8.944
24.5 8.316
24.5 8.81
24.5 8.879
24.5 9.158
24.5 9.412
24.5 8.565
24.5 8.752
24.5 10.006
24.5 9.571
24.5 8.784
24.5 9.084
24.5 8.664
24.5 9.524
24.5 9.327
24.5 9.386
24.5 8.794
24.5 9.491
24.5 10.028
24.5 9.232
24.5 9.691
24.5 9.114
24.5 9.287
24.5 8.883
24.5 9.608
24.5 8.957
24.5 9.41
24.5 9.028
24.5 9.854
24.5 9.106
24.5 9.512
24.5 9.006
24.5 8.924
24.5 8.81
24.5 9.339
24.5 9.729
24.5 8.884
24.5 9.326
24.5 8.718
24.5 9.103
24.5 9.076
24.5 9.26
24.5 9.585
24.5 9.603
24.5 8.433
24.5 9.246
24.5 9.532
24.5 9.062
24.5 9.163
24.5 8.994
24.5 8.782
24.5 8.605
24.5 9.146
24.5 8.769
24.5 9.228
24.5 7.947
24.5 8.858
24.5 9.436
24.5 8.796
24.5 8.986
24.5 9.453
24.5 9.225
24.5 8.697
24.5 9.063
24.5 9.046
24.5 9.797
24.5 10.006
24.5 9.845
24.5 9.588
24.5 9.306
24.5 9.77
24.5 10.353
24.5 10.245
24.5 9.838
24.5 8.875
24.5 10.547
24.5 9.834
24.5 8.606
24.5 8.712
24.5 9.583
24.5 9.252
24.5 9.16
24.5 9.305
24.5 9.247
24.5 9.409
24.5 9.21
24.5 9.129
24.5 8.63
24.5 9.477
24.5 9.412
24.5 9.829
24.5 8.719
24.5 9.443
24.5 9.893
24.5 9.539
24.5 8.811
24.5 9.091
24.5 9.391
24.5 9.206
24.5 9.406
24.5 9.438
24.5 9.393
24.5 8.815
24.5 9.614
24.5 9.572
24.5 9.474
24.5 9.402
24.5 9.583
24.5 9.33
24.5 8.745
24.5 9.621
24.5 9.38
24.5 9.905
24.5 9.611
24.5 9.204
24.5 9.031
24.5 9.385
24.5 8.862
24.5 9.267
24.5 9.193
24.5 8.731
24.5 8.533
24.5 9.529
24.5 9.34
24.5 9.742
24.5 9.143
24.5 9.687
24.5 9.583
24.5 9.972
24.5 9.277
24.5 9.806
24.5 9.592
24.5 9.276
24.5 9.821
24.5 9.907
24.5 9.201
24.5 8.72
24.5 9.114
24.5 8.889
24.5 9.147
24.5 9.4
24.5 9.735
24.5 9.87
24.5 9.636
24.5 9.286
24.5 9.756
24.5 9.888
24.5 9.869
24.5 8.895
24.5 9.077
24.5 9.136
24.5 8.979
24.5 8.799
24.5 9.139
24.5 9.209
24.5 9.224
24.5 9.666
24.5 9.592
24.5 9.774
24.5 9.786
24.5 9.186
24.5 8.777
24.5 9.079
24.5 9.063
24.5 8.181
24.5 8.634
24.5 9.364
24.5 8.644
24.5 10.071
24.5 9.501
24.5 9.298
24.5 9.775
24.5 9.28
24.5 8.573
24.5 8.416
24.5 9.192
24.5 9.349
24.5 8.929
24.5 9.029
24.5 9.184
24.5 8.909
24.5 8.834
24.5 9.843
24.5 9.145
24.5 8.975
24.5 8.583
24.5 8.939
24.5 9.363
24.5 9.761
24.5 9.822
24.5 9.292
24.5 9.68
24.5 9.395
24.5 9.029
24.5 9.348
24.5 9.521
24.5 9.709
24.5 9.53
24.5 8.922
24.5 9.63
24.5 9.545
24.5 9.572
24.5 8.531
24.5 9.347
24.5 8.549
24.5 9.179
24.5 9.897
24.5 9.621
500
13.0 -37.639
14.5 -9.129
19.0 0.335
19.0 4.388
19.0 6.688
19.0 7.875
19.0 8.757
19.0 8.852
19.0 8.873
19.5 8.801
19.5 9.084
19.5 9.617
19.5 9.118
19.5 8.665
19.5 9.517
19.5 9.058
20.0 9.209
20.0 9.641
20.5 9.29
20.5 8.816
20.5 9.457
20.5 9.74
20.5 9.515
20.5 8.683
20.5 8.588
20.5 10.081
20.5 9.454
20.5 10.369
20.5 9.215
21.0 9.832
21.0 9.791
21.0 9.954
21.0 9.734
21.0 9.573
21.0 9.787
21.0 9.664
21.5 9.452
21.5 9.473
21.5 9.452
21.5 9.401
21.5 9.767
21.5 9.115
21.5 9.737
22.5 10.161
22.5 10.036
22.5 9.277
22.5 9.341
22.5 9.161
23.5 10.149
23.5 9.135
23.5 9.206
23.5 8.461
23.5 8.446
23.5 9.892
23.5 8.9
23.5 9.021
23.5 9.083
23.5 8.803
23.5 8.924
23.5 8.947
23.5 9.469
23.5 9.202
23.5 9.19
23.5 8.968
23.5 9.047
23.5 9.285
23.5 9.194
23.5 8.885
23.5 10.149
23.5 10.126
23.5 9.455
23.5 9.514
23.5 9.958
23.5 10.056
23.5 9.795
23.5 10.145
23.5 9.323
23.5 9.817
23.5 9.348
23.5 9.255
24.0 9.872
24.0 10.449
24.0 10.108
24.0 9.629
24.0 9.489
24.0 10.139
24.0 10.058
24.0 9.625
24.0 9.789
24.0 9.827
24.0 9.732
24.0 9.659
24.0 10.188
24.0 9.141
24.0 9.296
24.0 9.447
24.0 9.287
24.0 9.277
24.0 10.059
24.0 9.301
24.0 9.245
24.0 9.339
24.0 9.636
24.0 9.342
24.0 9.488
24.0 9.017
24.0 8.939
24.5 9.683
24.5 10.316
24.5 10.463
24.5 10.137
24.5 9.789
24.5 9.316
24.5 8.89
24.5 9.0
24.5 9.495
24.5 9.157
24.5 9.186
24.5 9.074
24.5 9.807
24.5 9.736
24.5 9.766
24.5 9.715
24.5 10.058
24.5 10.204
24.5 10.145
24.5 9.904
24.5 9.787
24.5 9.892
24.5 9.627
24.5 9.368
24.5 9.301
24.5 10.152
24.5 9.467
24.5 10.089
24.5 9.917
24.5 9.418
24.5 10.243
24.5 9.601
24.5 10.216
24.5 10.414
24.5 8.923
24.5 9.581
24.5 9.014
24.5 9.148
24.5 9.679
24.5 9.473
24.5 9.872
24.5 9.79
24.5 9.757
24.5 9.755
24.5 10.354
24.5 9.69
24.5 9.575
24.5 10.002
24.5 10.154
24.5 10.19
24.5 9.459
24.5 9.044
24.5 10.055
24.5 9.594
24.5 10.065
24.5 10.849
24.5 10.375
24.5 10.201
24.5 10.31
24.5 10.508
24.5 9.727
24.5 9.628
24.5 9.767
24.5 10.117
24.5 8.951
24.5 9.812
24.5 9.064
24.5 9.266
24.5 9.701
24.5 10.099
24.5 9.777
24.5 9.492
24.5 9.972
24.5 10.525
24.5 9.671
24.5 10.012
24.5 9.915
24.5 10.583
24.5 9.894
24.5 10.216
24.5 9.963
24.5 10.37
24.5 9.625
24.5 9.483
24.5 9.617
24.5 9.077
24.5 10.316
24.5 10.187
24.5 10.447
24.5 9.639
24.5 10.11
24.5 9.696
24.5 9.008
24.5 9.996
24.5 10.351
24.5 9.971
24.5 10.011
24.5 10.069
24.5 9.437
24.5 10.287
24.5 10.301
24.5 10.022
24.5 10.449
24.5 10.63
24.5 10.662
24.5 10.341
24.5 9.155
24.5 10.121
24.5 10.435
24.5 10.55
24.5 9.39
24.5 9.506
24.5 9.056
24.5 9.989
24.5 9.685
24.5 10.302
24.5 9.734
24.5 9.866
24.5 9.462
24.5 9.184
24.5 9.204
24.5 9.304
24.5 10.249
24.5 9.733
24.5 9.771
24.5 10.019
24.5 9.559
24.5 9.38
24.5 9.488
24.5 10.06
24.5 9.648
24.5 9.844
24.5 9.062
24.5 8.735
24.5 10.057
24.5 9.616
24.5 9.609
24.5 9.586
24.5 9.318
24.5 9.715
24.5 10.207
24.5 9.829
24.5 9.993
24.5 9.925
24.5 9.318
24.5 8.877
24.5 9.447
24.5 9.639
24.5 9.568
24.5 9.711
24.5 9.388
24.5 10.228
24.5 9.556
24.5 9.929
24.5 9.05
24.5 9.323
24.5 9.37
24.5 8.875
24.5 9.932
24.5 9.921
24.5 10.215
24.5 9.879
24.5 9.872
24.5 9.889
24.5 8.944
24.5 9.028
24.5 9.23
24.5 10.355
24.5 9.58
24.5 9.977
24.5 10.136
24.5 9.609
24.5 10.551
24.5 9.893
24.5 9.246
24.5 10.416
24.5 10.3
24.5 9.524
24.5 10.151
24.5 10.182
24.5 9.565
24.5 9.782
24.5 9.795
24.5 9.896
24.5 10.249
24.5 8.878
24.5 8.966
24.5 8.866
24.5 9.883
24.5 10.171
24.5 9.23
24.5 10.069
24.5 10.136
24.5 10.075
24.5 9.516
24.5 9.242
24.5 9.175
24.5 8.716
24.5 9.431
24.5 9.685
24.5 10.023
24.5 9.784
24.5 9.099
24.5 8.769
24.5 9.114
24.5 9.278
24.5 9.586
24.5 9.801
24.5 9.403
24.5 9.416
24.5 9.146
24.5 9.086
24.5 9.439
24.5 9.378
24.5 9.459
24.5 10.133
24.5 9.505
24.5 9.96
24.5 10.056
24.5 9.889
24.5 9.87
24.5 9.518
24.5 9.171
24.5 9.186
24.5 8.888
24.5 8.746
24.5 9.147
24.5 9.038
24.5 8.092
24.5 8.838
24.5 9.02
24.5 9.171
24.5 9.129
24.5 9.419
24.5 9.15
24.5 8.852
24.5 8.758
24.5 9.104
24.5 8.866
24.5 9.788
24.5 10.364
24.5 9.527
24.5 9.97
24.5 9.291
24.5 9.058
24.5 9.014
24.5 9.777
24.5 8.97
24.5 9.577
24.5 9.884
24.5 9.215
24.5 9.06
24.5 9.617
24.5 9.507
24.5 8.937
24.5 10.367
24.5 9.779
24.5 9.596
24.5 9.042
24.5 9.335
24.5 9.463
24.5 10.055
24.5 10.781
24.5 9.857
24.5 9.154
24.5 9.334
24.5 8.471
24.5 8.905
24.5 9.865
24.5 9.955
24.5 9.775
24.5 10.796
24.5 10.374
24.5 9.723
24.5 9.504
24.5 9.279
24.5 8.958
24.5 9.433
24.5 9.905
24.5 9.404
24.5 10.544
24.5 9.266
24.5 9.631
24.5 9.428
24.5 9.747
24.5 9.828
24.5 9.445
24.5 9.786
24.5 9.293
24.5 9.274
24.5 8.867
24.5 9.711
24.5 9.475
24.5 9.107
24.5 8.871
24.5 9.556
24.5 9.113
24.5 9.4
24.5 9.678
24.5 9.612
24.5 9.328
24.5 9.831
24.5 9.204
24.5 9.774
24.5 10.348
24.5 9.938
24.5 9.612
24.5 9.39
24.5 9.996
24.5 10.38
24.5 10.24
24.5 9.322
24.5 9.197
24.5 9.417
24.5 9.711
24.5 9.168
24.5 9.378
24.5 9.681
24.5 9.552
24.5 10.012
24.5 9.469
24.5 8.806
24.5 9.511
24.5 9.549
24.5 9.398
24.5 9.585
24.5 9.752
24.5 9.027
24.5 9.233
24.5 9.544
24.5 9.777
24.5 9.438
24.5 9.481
24.5 9.192
24.5 9.368
24.5 10.098
24.5 9.065
24.5 9.015
24.5 9.246
24.5 9.117
24.5 9.611
24.5 9.216
24.5 9.193
24.5 9.61
24.5 9.533
24.5 9.773
24.5 9.292
24.5 9.294
24.5 9.222
24.5 9.133
24.5 8.753
24.5 9.511
24.5 8.589
24.5 9.4
24.5 9.002
24.5 9.586
24.5 9.487
24.5 9.602
24.5 9.722
24.5 9.37
24.5 9.079
24.5 8.924
24.5 9.542
24.5 8.874
24.5 8.709
24.5 9.279
24.5 9.576
24.5 9.303
24.5 9.983
24.5 9.65
24.5 9.855
24.5 9.182
24.5 9.511
24.5 9.73
24.5 9.757
24.5 9.233
24.5 9.204
24.5 9.461
24.5 9.161
24.5 9.791
24.5 9.524
24.5 9.67
24.5 9.29
24.5 8.943
24.5 9.078
24.5 9.257
24.5 9.046
24.5 9.598
24.5 8.996
24.5 9.264
24.5 9.358
24.5 9.625
24.5 9.286

Individual: [2, 3, 4, 7, 8, 15, 16, 18, 19, 37, 38, 40, 41, 46, 47, 49, 50]
   Fitness: 24.5
     Total: 17
Violations: 1 1

Individual: [1, 2, 5, 7, 10, 11, 14, 16, 19, 34, 35, 40, 42, 43, 47, 48, 50]
   Fitness: 23.5
     Total: 17
Violations: 2 2

Individual: [1, 3, 4, 6, 10, 12, 13, 15, 33, 34, 36, 37, 44, 45, 46, 49, 50]
   Fitness: 24.5
     Total: 17
Violations: 1 1

Individual: [1, 2, 4, 5, 10, 12, 13, 17, 18, 28, 36, 37, 40, 41, 47, 49, 50]
   Fitness: 24.5
     Total: 17
Violations: 1 1

Individual: [1, 3, 4, 6, 10, 12, 13, 15, 32, 35, 36, 38, 39, 45, 47, 48, 50]
   Fitness: 24.5
     Total: 17
Violations: 1 1

Individual: [2, 3, 5, 6, 12, 13, 16, 17, 30, 34, 36, 37, 39, 45, 46, 49, 50]
   Fitness: 24.5
     Total: 17
Violations: 1 1

Individual: [1, 2, 4, 5, 7, 14, 15, 17, 18, 36, 37, 39, 40, 45, 46, 48, 49]
   Fitness: 24.5
     Total: 17
Violations: 1 1

Individual: [3, 4, 6, 7, 13, 14, 17, 18, 35, 37, 38, 40, 44, 46, 47, 49]
   Fitness: 24.0
     Total: 16
Violations: 0 0

Individual: [1, 2, 5, 7, 10, 14, 16, 17, 28, 34, 35, 37, 43, 44, 47, 48, 50]
   Fitness: 24.5
     Total: 17
Violations: 1 1

Individual: [2, 3, 5, 6, 12, 13, 15, 16, 32, 34, 35, 37, 41, 43, 44, 46, 50]
   Fitness: 24.5
     Total: 17
Violations: 1 1
