10
100
-30.0 -237.49
-22.5 -152.594
-14.0 -101.585
-8.0 -69.345
10.0 -45.985
15.0 -28.452
17.5 -15.817
21.5 -5.034
21.5 2.374
24.0 8.83
24.0 12.453
24.5 15.623
25.5 17.635
27.0 18.963
27.0 19.987
27.5 20.611
28.5 21.439
29.0 22.107
29.0 22.591
30.5 23.132
30.5 23.764
30.5 23.84
30.5 24.397
31.5 24.773
32.0 25.473
32.0 25.557
32.0 26.13
32.5 26.347
32.5 26.752
32.5 26.956
33.0 27.141
33.0 27.297
33.0 27.949
33.0 28.034
33.5 28.294
33.5 28.35
33.5 28.587
34.0 28.763
34.0 29.093
34.0 29.24
34.5 29.623
34.5 29.872
34.5 30.48
34.5 30.543
34.5 30.842
34.5 31.211
35.0 31.366
35.0 31.321
35.0 31.61
35.0 31.758
35.5 31.692
35.5 31.635
35.5 31.9
35.5 31.967
36.0 32.163
36.0 31.942
36.0 32.217
36.0 32.4
36.5 32.395
36.5 32.324
36.5 32.154
36.5 32.427
36.5 32.717
36.5 32.519
36.5 32.523
36.5 33.027
36.5 33.072
36.5 33.022
36.5 32.997
36.5 32.623
36.5 32.774
36.5 32.931
36.5 33.142
36.5 33.221
36.5 33.181
36.5 33.169
36.5 33.062
36.5 33.42
36.5 33.551
36.5 33.547
36.5 33.561
36.5 33.516
36.5 33.51
36.5 33.678
36.5 33.488
36.5 33.738
36.5 33.645
36.5 33.468
36.5 33.695
36.5 33.435
36.5 33.469
36.5 33.478
36.5 33.572
36.5 33.415
36.5 33.463
36.5 33.74
36.5 33.746
36.5 33.557
36.5 33.646
36.5 33.69
100
-49.5 -235.291
-33.0 -155.976
-23.5 -107.973
3.0 -73.841
3.0 -50.112
9.5 -29.83
10.0 -16.339
20.0 -6.964
20.0 1.004
23.5 7.135
25.0 11.91
25.0 15.28
27.5 17.414
28.5 18.97
28.5 20.492
29.0 21.638
29.0 22.521
30.5 23.31
30.5 23.977
30.5 24.686
30.5 25.291
31.0 25.942
31.5 26.346
32.5 26.834
33.0 27.262
33.0 27.452
34.0 27.765
34.0 28.033
34.0 28.341
34.0 29.075
34.0 29.409
34.5 29.474
34.5 29.812
34.5 30.099
34.5 30.235
34.5 30.695
34.5 31.098
34.5 31.107
35.0 31.103
35.0 31.37
35.5 31.605
36.0 31.912
36.0 31.936
36.0 31.986
36.0 32.2
36.5 32.245
36.5 32.357
36.5 32.703
36.5 33.23
37.0 33.169
37.0 33.187
37.0 33.265
37.0 33.529
37.0 33.578
37.0 33.667
37.0 33.946
37.0 34.031
37.0 33.57
37.0 33.874
37.0 33.855
37.0 33.675
37.0 33.785
37.0 34.012
37.0 33.8
37.0 33.897
37.0 34.012
37.0 34.15
37.0 33.913
37.0 33.942
37.0 33.901
37.0 34.032
37.0 34.068
37.0 34.223
37.0 34.021
37.0 34.187
37.0 33.939
37.0 33.915
37.0 33.789
37.0 33.932
37.0 34.073
37.0 33.998
37.0 34.038
37.0 33.899
37.0 34.196
37.0 34.216
37.0 34.096
37.0 34.164
37.0 34.01
37.0 34.197
37.0 34.2
37.0 33.829
37.0 34.071
37.0 33.829
37.0 34.036
37.0 34.309
37.0 34.203
37.0 34.192
37.0 34.031
37.0 34.187
37.0 34.236
100
-44.0 -237.1
-36.0 -151.556
-5.5 -101.627
-3.5 -66.743
1.5 -40.81
11.5 -23.346
15.0 -10.787
18.5 -2.534
20.5 3.264
22.0 8.771
24.5 12.755
25.5 15.349
28.0 17.593
28.0 18.978
29.0 20.342
29.0 21.808
29.5 22.689
30.5 23.516
31.0 24.611
32.0 25.427
32.0 26.219
33.0 26.994
33.0 27.243
33.5 27.95
33.5 28.387
33.5 28.794
33.5 29.254
34.0 29.554
34.0 29.813
34.0 29.904
34.0 30.161
34.0 30.316
34.0 30.188
34.5 30.473
34.5 30.524
34.5 30.589
34.5 30.855
34.5 31.082
34.5 31.378
35.0 31.482
35.0 31.488
35.0 31.391
35.0 31.528
35.0 31.518
36.5 31.139
36.5 31.259
36.5 31.256
36.5 31.323
36.5 31.15
36.5 31.075
36.5 31.041
36.5 31.495
36.5 31.918
36.5 32.157
36.5 32.698
36.5 32.987
36.5 33.085
36.5 33.25
36.5 33.319
36.5 33.669
36.5 33.792
36.5 33.718
36.5 33.427
36.5 33.868
36.5 33.794
36.5 33.706
36.5 33.689
36.5 33.853
36.5 33.912
36.5 33.949
36.5 33.947
36.5 33.684
36.5 33.737
36.5 33.739
36.5 33.496
36.5 33.695
36.5 33.76
36.5 33.77
36.5 33.63
36.5 33.787
36.5 33.655
36.5 33.629
36.5 33.778
36.5 33.604
36.5 33.738
36.5 33.698
36.5 33.58
36.5 33.552
36.5 33.847
36.5 33.965
36.5 33.479
36.5 33.607
36.5 33.902
36.5 33.717
36.5 33.51
36.5 33.506
36.5 33.463
36.5 33.535
36.5 33.483
36.5 33.215
100
-50.5 -229.164
-37.0 -153.576
-13.0 -105.937
-12.5 -72.759
4.0 -48.949
18.5 -31.719
19.0 -17.895
20.5 -6.116
20.5 3.006
25.5 9.749
25.5 13.942
27.0 16.065
27.0 17.712
27.0 18.831
27.0 19.879
27.5 20.657
27.5 20.966
28.0 21.116
28.0 21.587
28.5 22.158
29.0 22.81
29.5 23.414
29.5 23.734
30.5 23.757
30.5 24.37
31.5 25.057
31.5 25.475
32.0 26.033
32.0 26.417
32.0 26.579
32.0 26.975
32.5 27.461
32.5 27.837
32.5 28.328
33.0 28.904
33.0 29.054
34.0 29.416
34.0 29.36
34.0 29.606
34.0 29.57
34.0 29.891
34.5 30.338
34.5 30.514
34.5 30.716
34.5 30.69
34.5 31.025
34.5 31.121
34.5 31.294
34.5 31.508
34.5 31.463
34.5 31.276
34.5 31.519
34.5 31.409
34.5 31.417
34.5 31.511
34.5 31.609
34.5 31.508
34.5 31.152
34.5 31.425
34.5 31.413
34.5 31.264
34.5 31.587
34.5 31.43
34.5 31.449
34.5 31.399
34.5 31.377
34.5 31.343
34.5 31.185
34.5 31.435
34.5 31.203
34.5 31.293
34.5 31.296
34.5 31.455
34.5 31.16
34.5 31.209
34.5 30.998
34.5 31.025
34.5 31.467
34.5 31.541
34.5 31.469
34.5 31.576
34.5 31.638
34.5 31.774
34.5 31.327
34.5 31.326
34.5 31.236
34.5 31.269
34.5 31.236
34.5 31.627
34.5 31.421
34.5 31.409
34.5 31.528
34.5 31.512
34.5 31.594
34.5 31.374
34.5 31.612
34.5 31.536
34.5 31.181
34.5 31.441
34.5 31.571
100
-57.0 -230.753
-37.0 -155.979
-24.5 -106.14
-11.5 -73.507
6.0 -50.187
15.5 -31.955
15.5 -19.414
20.0 -7.21
20.0 0.674
21.5 6.661
21.5 10.457
25.0 13.055
27.0 15.426
27.0 17.196
27.0 18.378
27.5 19.223
30.0 20.34
30.0 21.501
30.0 22.509
30.0 23.355
31.5 24.554
31.5 25.304
31.5 26.069
31.5 26.538
31.5 26.685
32.0 27.122
32.5 27.519
33.0 28.171
33.0 28.475
33.0 28.547
33.0 28.844
33.0 28.897
33.5 29.017
33.5 29.16
33.5 29.477
33.5 29.558
33.5 30.161
34.0 30.63
34.5 30.699
34.5 30.728
34.5 30.919
34.5 31.016
34.5 31.026
35.0 31.222
35.0 31.34
35.0 31.458
35.0 31.481
35.0 31.47
35.0 31.509
35.0 31.831
35.0 31.672
35.0 31.727
35.0 31.657
35.0 31.857
35.0 32.023
35.0 31.993
35.0 32.138
35.0 31.982
35.0 31.735
35.0 31.828
35.0 31.843
35.0 32.064
35.0 31.897
35.0 31.839
35.0 31.915
35.0 31.981
35.0 31.936
35.0 32.055
35.0 31.975
35.0 32.035
35.0 32.197
35.0 32.213
35.0 32.355
35.0 32.094
35.0 31.99
35.0 31.952
35.0 31.965
35.0 31.965
35.0 32.068
35.0 32.199
35.0 31.918
35.0 31.582
35.0 31.633
35.0 31.77
35.0 31.961
35.0 31.943
35.0 31.754
35.0 31.721
35.0 31.84
35.0 31.893
35.5 32.009
35.5 32.01
35.5 31.688
35.5 31.668
35.5 32.017
35.5 31.629
35.5 31.956
35.5 32.033
35.5 31.699
35.5 31.962
100
-38.0 -233.374
-24.5 -151.74
-16.5 -103.844
-16.5 -71.007
1.0 -50.363
4.5 -32.304
14.0 -18.326
21.5 -8.345
22.0 0.831
23.5 7.978
23.5 12.603
27.0 15.669
27.0 17.737
27.0 18.954
27.0 20.159
27.0 20.963
27.5 21.822
30.0 22.639
30.0 23.149
30.0 23.489
30.0 24.014
30.0 24.823
30.5 25.39
31.0 25.925
32.0 26.468
32.0 27.222
33.0 27.446
33.0 27.468
34.0 27.987
34.0 28.502
34.0 28.689
34.5 29.344
34.5 29.705
35.0 29.994
35.0 30.49
35.0 30.757
35.0 31.109
35.5 31.668
35.5 31.786
35.5 32.201
35.5 32.18
35.5 32.244
35.5 32.65
35.5 32.982
36.0 32.814
36.0 32.68
36.0 32.538
36.0 32.572
36.0 32.57
36.5 32.735
36.5 32.812
36.5 32.906
36.5 32.88
36.5 33.184
36.5 33.152
36.5 33.377
37.0 33.263
37.0 33.385
37.0 33.635
37.0 33.72
37.0 33.697
37.0 33.714
37.0 33.733
37.0 33.816
37.0 33.824
37.0 34.197
37.0 33.982
37.0 33.945
37.0 34.055
37.0 33.82
37.0 33.983
37.0 33.77
37.0 33.915
37.0 34.213
37.0 33.623
37.0 33.736
37.0 33.886
37.0 34.057
37.0 33.796
37.0 33.849
37.0 33.691
37.0 33.789
37.0 33.88
37.0 33.931
37.0 34.05
37.0 33.995
37.0 33.968
37.0 34.12
37.0 34.085
37.0 34.073
37.0 34.097
37.0 34.101
37.0 34.006
37.0 34.041
37.0 33.936
37.0 33.816
37.0 34.041
37.0 33.946
37.0 33.878
37.0 33.691
100
-62.5 -232.223
-11.5 -152.496
-11.5 -104.737
-3.0 -70.379
3.5 -47.711
8.5 -29.329
12.5 -15.519
12.5 -6.269
15.5 0.136
21.0 4.808
22.0 8.374
25.0 12.474
25.5 14.741
26.0 16.537
28.0 18.314
28.0 19.824
28.0 21.273
28.0 22.444
28.5 23.496
29.0 24.071
31.0 24.477
31.0 25.158
31.0 25.551
31.5 25.83
31.5 26.094
32.5 26.48
33.0 26.773
33.0 26.943
33.0 27.381
33.0 27.792
33.5 28.434
33.5 29.018
33.5 29.646
33.5 30.143
34.0 30.182
34.0 30.714
34.5 30.76
34.5 31.044
34.5 31.296
34.5 31.253
34.5 31.214
34.5 31.23
34.5 31.369
34.5 31.613
34.5 31.381
34.5 31.519
34.5 31.537
34.5 31.577
34.5 31.747
34.5 31.817
34.5 31.574
34.5 31.569
34.5 31.788
35.0 31.719
35.0 31.716
35.0 31.607
35.0 31.667
35.0 31.489
35.0 31.769
35.5 31.824
35.5 31.88
35.5 31.833
35.5 31.592
35.5 31.6
35.5 31.834
35.5 31.841
35.5 31.745
35.5 31.941
35.5 31.924
35.5 31.99
35.5 32.021
35.5 32.085
35.5 32.13
35.5 32.145
35.5 32.442
35.5 32.416
35.5 32.56
35.5 32.579
35.5 32.567
35.5 32.63
35.5 32.323
35.5 32.512
35.5 32.722
35.5 32.695
35.5 32.594
35.5 32.451
35.5 32.757
35.5 32.857
35.5 32.941
35.5 32.838
35.5 32.602
35.5 32.619
35.5 32.663
35.5 32.527
35.5 32.274
35.5 32.429
35.5 32.436
35.5 32.718
35.5 32.883
35.5 32.771
100
-49.5 -231.98
-44.0 -152.587
-28.0 -105.525
0.0 -75.073
6.5 -51.687
9.0 -33.868
13.0 -17.208
19.0 -6.278
23.0 1.572
25.0 6.681
25.0 11.543
26.0 15.509
28.0 17.956
28.0 20.153
29.5 21.617
30.0 22.937
31.0 24.061
31.0 24.973
32.0 25.335
32.0 26.268
32.0 26.635
32.0 27.587
32.5 28.024
32.5 28.286
32.5 28.519
32.5 28.985
32.5 29.04
32.5 29.265
33.0 29.652
33.0 29.34
33.0 29.574
33.0 29.719
33.0 29.645
33.0 29.694
33.0 29.696
33.5 29.864
33.5 29.633
33.5 29.977
33.5 29.927
33.5 29.965
33.5 29.597
33.5 29.703
33.5 29.993
33.5 29.995
33.5 29.841
33.5 30.034
33.5 30.202
33.5 30.282
33.5 30.369
33.5 30.54
33.5 30.636
33.5 30.941
33.5 30.763
33.5 30.879
33.5 30.972
33.5 30.697
33.5 30.512
33.5 30.654
33.5 30.787
33.5 30.762
33.5 30.638
33.5 30.771
33.5 30.731
33.5 30.959
33.5 30.665
33.5 30.872
33.5 30.441
33.5 30.414
33.5 30.547
33.5 30.775
33.5 30.563
33.5 30.555
33.5 30.696
33.5 30.712
33.5 30.721
33.5 30.793
33.5 30.552
33.5 30.845
33.5 30.845
33.5 30.949
33.5 30.757
33.5 30.897
33.5 30.788
33.5 30.819
33.5 30.684
33.5 30.658
33.5 30.626
33.5 30.632
33.5 30.76
33.5 30.855
33.5 30.933
33.5 30.75
33.5 30.679
33.5 30.655
33.5 30.758
33.5 30.459
33.5 30.763
33.5 30.674
33.5 30.854
33.5 30.675
100
-51.5 -233.476
-27.5 -148.752
-19.5 -100.705
-13.0 -69.859
3.0 -48.257
3.0 -33.492
11.0 -22.57
15.0 -13.333
18.5 -5.266
18.5 1.815
22.5 7.124
22.5 11.186
25.0 14.375
27.5 16.463
27.5 17.942
29.0 19.682
29.0 20.871
29.5 21.673
29.5 22.683
29.5 23.029
30.0 23.723
30.0 24.071
30.5 24.635
32.0 25.149
32.0 25.506
32.0 26.092
33.5 26.566
33.5 27.198
34.0 27.699
34.0 28.397
34.0 28.988
34.5 29.678
34.5 29.942
34.5 30.365
35.0 30.616
35.0 30.629
35.0 30.612
35.0 31.127
35.0 30.905
35.0 31.154
35.0 31.404
35.5 31.613
35.5 31.728
35.5 32.008
35.5 31.676
35.5 31.926
35.5 32.048
35.5 31.932
35.5 32.034
35.5 32.246
35.5 32.017
35.5 31.978
35.5 31.872
35.5 32.048
35.5 32.021
35.5 31.936
35.5 32.205
35.5 32.309
35.5 32.179
35.5 32.288
35.5 32.165
35.5 32.226
35.5 32.024
36.0 32.031
36.0 31.891
36.0 32.014
36.0 31.875
36.0 31.94
36.0 32.1
36.0 32.307
36.0 32.109
36.0 32.096
36.0 32.452
36.0 32.359
36.0 32.686
36.0 32.312
36.0 32.465
36.5 32.573
36.5 32.558
37.0 32.566
37.0 32.948
37.0 32.957
37.0 32.784
37.0 32.684
37.0 32.93
37.0 33.225
37.0 33.11
37.0 33.586
37.0 33.691
37.0 33.775
37.0 33.709
37.0 33.85
37.0 33.903
37.0 33.925
37.0 33.917
37.0 34.143
37.0 34.259
37.0 33.896
37.0 34.094
37.0 34.214
100
-31.0 -229.718
-7.0 -146.377
-7.0 -100.967
-6.0 -70.597
1.0 -46.176
8.5 -28.188
12.0 -15.207
18.5 -4.939
20.0 0.748
22.0 6.87
26.0 10.813
26.0 14.266
26.0 16.556
27.5 17.839
27.5 18.913
27.5 19.995
28.0 21.141
28.5 22.126
29.5 23.416
30.0 23.993
30.0 24.795
30.5 25.096
30.5 25.553
31.5 25.757
32.0 26.509
33.0 26.669
33.0 27.509
33.0 28.148
33.5 28.646
34.0 28.945
34.5 29.216
34.5 29.844
34.5 30.085
34.5 30.433
34.5 30.887
34.5 30.944
34.5 31.26
34.5 31.321
34.5 31.425
34.5 31.865
34.5 31.987
34.5 31.585
34.5 31.843
34.5 31.678
34.5 32.024
34.5 31.885
34.5 31.965
34.5 31.883
34.5 31.83
34.5 31.888
34.5 31.537
34.5 31.794
34.5 31.673
34.5 31.887
34.5 31.857
34.5 31.767
34.5 31.928
34.5 31.621
34.5 31.683
34.5 31.744
34.5 31.972
34.5 32.037
34.5 31.817
34.5 31.67
34.5 31.656
34.5 31.805
34.5 31.927
34.5 31.804
34.5 31.573
34.5 31.877
34.5 31.875
34.5 31.968
34.5 31.466
34.5 31.884
34.5 31.884
34.5 31.641
34.5 31.321
34.5 31.363
34.5 31.605
34.5 31.574
34.5 31.771
34.5 31.939
34.5 31.969
34.5 31.532
34.5 31.857
34.5 31.991
34.5 31.826
34.5 31.904
34.5 31.533
34.5 31.65
34.5 31.742
34.5 31.663
34.5 31.736
34.5 31.672
34.5 31.783
34.5 31.674
34.5 31.779
34.5 31.836
34.5 31.901
34.5 31.843

Individual: [1, 4, 5, 8, 13, 16, 20, 26, 29, 30, 33, 43, 63, 67, 68, 72, 74, 75, 84, 88, 89, 90, 95, 98, 99]
   Fitness: 36.5
     Total: 25
Violations: 1 1

Individual: [2, 3, 4, 8, 9, 11, 17, 21, 22, 24, 28, 29, 63, 65, 66, 68, 72, 74, 75, 86, 88, 89, 93, 95, 96, 99]
   Fitness: 37.0
     Total: 26
Violations: 2 2

Individual: [2, 4, 5, 9, 10, 17, 19, 20, 24, 26, 27, 65, 66, 69, 71, 74, 75, 78, 80, 88, 92, 93, 97, 99, 100]
   Fitness: 36.5
     Total: 25
Violations: 1 1

Individual: [1, 4, 8, 16, 18, 21, 22, 25, 27, 30, 37, 43, 45, 48, 50, 72, 76, 77, 81, 83, 91, 93, 97, 98, 100]
   Fitness: 34.5
     Total: 25
Violations: 3 3

Individual: [6, 7, 9, 13, 15, 16, 18, 22, 30, 32, 33, 41, 43, 62, 63, 72, 74, 77, 84, 88, 89, 95, 97, 98, 100]
   Fitness: 35.5
     Total: 25
Violations: 2 2

Individual: [2, 4, 5, 7, 11, 13, 14, 25, 27, 28, 32, 33, 34, 65, 68, 69, 72, 74, 75, 77, 90, 91, 93, 94, 99, 100]
   Fitness: 37.0
     Total: 26
Violations: 2 2

Individual: [1, 2, 5, 6, 12, 15, 17, 20, 21, 24, 26, 61, 63, 69, 71, 72, 74, 78, 86, 88, 89, 91, 92, 97, 99]
   Fitness: 35.5
     Total: 25
Violations: 2 2

Individual: [6, 8, 9, 13, 15, 16, 22, 30, 33, 34, 37, 39, 42, 43, 79, 81, 82, 86, 87, 94, 96, 97, 99, 100]
   Fitness: 34.0
     Total: 24
Violations: 2 2

Individual: [1, 3, 4, 6, 10, 13, 21, 24, 28, 31, 33, 37, 54, 67, 69, 70, 72, 76, 78, 79, 81, 91, 94, 96, 99, 100]
   Fitness: 37.0
     Total: 26
Violations: 2 2

Individual: [2, 3, 5, 12, 13, 14, 17, 18, 27, 28, 30, 59, 61, 65, 66, 68, 72, 80, 86, 87, 89, 90, 96, 97, 99]
   Fitness: 34.5
     Total: 25
Violations: 3 3
