10
100
-42.0 -226.79
-30.5 -183.762
-30.5 -162.878
-2.5 -158.238
-2.5 -162.202
-2.5 -158.944
-2.5 -151.768
-2.5 -145.594
-2.5 -165.282
-2.5 -155.02
-1.5 -154.042
-1.5 -156.404
-1.5 -141.32
-1.5 -149.264
-1.5 -154.318
-1.5 -155.542
-1.5 -147.436
-1.5 -160.72
-1.5 -143.294
-1.5 -149.11
-1.5 -147.872
-1.5 -152.05
-1.5 -142.678
-1.5 -137.258
-1.5 -154.47
-1.5 -148.224
-1.5 -159.092
-1.5 -161.404
-1.5 -165.252
-1.5 -154.25
-1.5 -154.314
-1.5 -154.162
-1.5 -149.96
-1.5 -138.36
-1.5 -159.248
-1.5 -139.956
-1.5 -152.004
-1.5 -149.49
-1.5 -149.346
-1.5 -153.966
-1.5 -152.864
-1.5 -149.576
-1.5 -137.402
-1.5 -142.146
-1.5 -152.362
-1.5 -137.122
-1.5 -171.614
-1.5 -151.322
-1.5 -143.314
-1.5 -160.86
-1.5 -155.022
-1.5 -153.166
-1.5 -155.082
-1.5 -163.248
-1.5 -144.666
-1.5 -153.2
-1.5 -138.426
-1.5 -141.55
-1.5 -152.688
-1.5 -151.284
-1.5 -148.224
-1.5 -142.646
-1.5 -148.478
-1.5 -155.068
-1.5 -141.342
-1.5 -147.1
-1.5 -141.978
-1.5 -146.796
-1.5 -146.224
-1.5 -159.922
-1.5 -151.006
-1.5 -144.676
-1.5 -151.934
-1.5 -150.222
-1.5 -144.172
-1.5 -154.636
-1.5 -154.17
-1.5 -143.674
-1.5 -147.6
-1.5 -147.24
-1.5 -146.198
-1.5 -152.902
-1.5 -149.0
-1.5 -145.608
-1.5 -144.976
-1.5 -141.138
-1.5 -150.184
-1.5 -138.99
-1.5 -147.674
-1.5 -149.106
-1.5 -157.586
-1.5 -142.638
-1.5 -146.186
-1.5 -145.564
-1.5 -156.648
-0.5 -150.772
-0.5 -156.018
-0.5 -148.29
-0.5 -147.586
-0.5 -155.264
100
-35.0 -224.914
-35.0 -185.988
-35.0 -171.938
-35.0 -174.892
-35.0 -161.126
-26.5 -165.188
-16.0 -171.442
-16.0 -160.802
-16.0 -156.824
-16.0 -158.746
-16.0 -162.622
-4.0 -158.614
-4.0 -159.462
-4.0 -144.342
-4.0 -166.15
-4.0 -149.422
-4.0 -146.858
-4.0 -149.5
-4.0 -152.444
-2.5 -142.984
-2.5 -139.782
-2.5 -135.39
-2.5 -149.156
-2.5 -156.73
-2.5 -151.562
-2.5 -153.942
-2.5 -152.946
-2.5 -151.794
-2.5 -155.168
-2.5 -137.796
-2.5 -142.19
-2.5 -152.21
-2.5 -155.81
-2.5 -148.46
-1.0 -148.116
-1.0 -149.334
-1.0 -154.746
-1.0 -145.868
-1.0 -142.408
-1.0 -148.774
-1.0 -153.712
-1.0 -159.184
-1.0 -158.638
-1.0 -140.556
-1.0 -144.06
-1.0 -149.054
-1.0 -143.682
-1.0 -147.942
-1.0 -154.324
-1.0 -157.766
-1.0 -143.688
-1.0 -158.666
-1.0 -145.65
-1.0 -136.884
-1.0 -157.246
-1.0 -138.648
-1.0 -136.884
-1.0 -145.034
-1.0 -161.436
-1.0 -157.224
-1.0 -139.858
-1.0 -140.032
-1.0 -153.578
-1.0 -146.348
-1.0 -149.24
-1.0 -151.768
-1.0 -158.916
-1.0 -143.086
-1.0 -145.074
-1.0 -139.404
-1.0 -153.694
-1.0 -148.438
-1.0 -148.886
-1.0 -148.888
-1.0 -155.452
-1.0 -154.06
-1.0 -151.042
-1.0 -168.738
-1.0 -151.248
-1.0 -157.552
-1.0 -140.454
-1.0 -143.2
-1.0 -134.662
2.5 -152.008
2.5 -137.722
2.5 -152.996
2.5 -149.57
2.5 -149.724
2.5 -139.462
2.5 -149.474
2.5 -155.328
2.5 -140.88
2.5 -149.554
2.5 -156.812
2.5 -148.59
2.5 -158.598
2.5 -144.222
2.5 -134.744
2.5 -138.334
2.5 -161.184
100
-45.5 -239.278
-45.5 -191.708
-32.5 -171.762
-22.0 -170.058
-20.5 -160.188
-20.5 -168.652
-4.5 -159.152
-4.5 -154.774
-4.5 -169.862
-4.5 -151.062
-4.5 -166.824
-4.5 -152.538
-4.5 -154.104
-4.5 -172.128
-4.5 -151.3
-4.5 -160.848
-4.5 -155.382
-4.5 -152.346
-4.5 -161.572
-4.5 -154.24
-4.5 -154.404
-4.5 -161.15
-4.5 -151.478
-3.0 -159.766
-3.0 -148.962
-3.0 -150.7
-3.0 -151.562
-3.0 -145.032
-3.0 -145.65
-3.0 -149.118
-3.0 -148.712
-3.0 -156.478
-3.0 -157.476
-3.0 -163.376
-3.0 -149.166
-3.0 -143.348
-3.0 -144.258
-3.0 -151.91
-3.0 -145.66
-3.0 -161.13
-3.0 -149.24
-3.0 -146.492
-3.0 -138.472
-3.0 -140.18
-3.0 -157.714
-3.0 -159.442
-3.0 -146.928
-3.0 -161.064
-3.0 -150.31
4.5 -139.03
4.5 -141.418
4.5 -145.114
4.5 -156.038
4.5 -150.89
4.5 -161.886
4.5 -156.68
4.5 -152.696
4.5 -139.982
4.5 -141.32
4.5 -148.462
4.5 -143.996
4.5 -166.22
4.5 -154.35
4.5 -152.19
4.5 -155.36
4.5 -156.4
4.5 -138.132
4.5 -154.188
4.5 -154.504
4.5 -147.92
5.5 -144.352
5.5 -137.094
5.5 -141.64
5.5 -146.886
5.5 -144.528
5.5 -149.996
5.5 -154.774
5.5 -146.876
5.5 -143.36
5.5 -136.986
5.5 -152.722
5.5 -147.148
5.5 -144.954
5.5 -148.38
5.5 -144.098
5.5 -159.32
5.5 -148.01
5.5 -152.846
5.5 -142.506
5.5 -145.89
5.5 -143.04
5.5 -148.806
5.5 -147.498
5.5 -158.006
5.5 -163.48
5.5 -143.796
5.5 -152.112
5.5 -154.466
5.5 -149.74
5.5 -147.474
100
-52.0 -229.956
-34.0 -192.788
-18.5 -160.848
-18.5 -161.564
-18.5 -159.152
-18.5 -162.874
-18.5 -162.652
-18.5 -150.72
-18.5 -160.376
-18.5 -166.616
-18.5 -158.006
-18.5 -157.894
-18.5 -157.036
-18.5 -168.632
-18.5 -162.622
-18.5 -153.486
-18.5 -142.948
-18.5 -170.868
-18.5 -164.158
0.5 -163.62
0.5 -163.228
0.5 -148.318
0.5 -151.814
0.5 -158.438
0.5 -169.388
0.5 -168.932
0.5 -150.86
0.5 -149.112
0.5 -156.524
0.5 -153.522
0.5 -145.068
0.5 -148.264
0.5 -147.872
0.5 -156.81
0.5 -158.762
0.5 -151.464
0.5 -163.724
0.5 -145.906
0.5 -143.07
0.5 -151.008
0.5 -144.312
0.5 -139.892
3.5 -156.432
3.5 -143.21
3.5 -146.008
3.5 -142.986
3.5 -151.556
3.5 -152.268
3.5 -153.048
3.5 -153.3
3.5 -145.922
3.5 -156.186
3.5 -155.214
3.5 -159.042
3.5 -160.342
3.5 -161.194
3.5 -154.846
3.5 -153.602
3.5 -146.84
3.5 -150.802
3.5 -144.642
3.5 -149.282
3.5 -146.17
3.5 -143.618
3.5 -151.756
3.5 -160.416
3.5 -146.89
3.5 -146.866
3.5 -139.608
3.5 -158.848
3.5 -146.368
3.5 -167.856
3.5 -153.49
3.5 -140.982
3.5 -135.332
3.5 -154.252
3.5 -136.56
3.5 -145.264
3.5 -139.28
3.5 -151.992
3.5 -155.794
3.5 -144.282
3.5 -145.808
3.5 -144.13
3.5 -148.702
3.5 -135.096
3.5 -145.678
3.5 -155.598
3.5 -136.924
3.5 -144.986
3.5 -157.082
3.5 -150.358
3.5 -141.15
10.5 -145.376
10.5 -151.97
10.5 -149.646
10.5 -152.22
10.5 -148.672
10.5 -135.464
10.5 -136.26
100
-51.5 -233.956
-45.5 -184.294
-39.5 -178.48
-37.5 -170.198
-34.5 -161.238
-34.5 -152.318
-16.5 -159.996
-16.5 -157.738
-5.0 -149.204
-5.0 -158.04
-5.0 -170.36
-5.0 -169.802
-5.0 -158.59
-5.0 -137.082
-5.0 -156.49
-2.5 -159.082
-2.0 -153.656
-2.0 -160.208
-2.0 -152.26
-2.0 -149.264
-2.0 -155.902
-2.0 -155.802
-2.0 -157.668
-2.0 -160.218
-2.0 -147.428
-2.0 -144.068
13.0 -151.358
13.0 -147.86
13.0 -145.692
13.0 -149.794
13.0 -146.584
13.0 -157.294
13.0 -144.544
13.0 -155.81
13.0 -151.752
13.0 -155.752
13.0 -145.734
13.0 -143.676
13.0 -140.902
13.0 -140.154
13.0 -158.74
13.0 -149.096
13.0 -159.152
13.0 -144.096
13.0 -150.364
13.0 -147.332
13.0 -134.92
13.0 -149.364
13.0 -151.54
13.0 -151.322
13.0 -155.952
13.0 -146.446
13.0 -151.826
13.0 -145.934
13.0 -137.116
13.0 -146.56
13.0 -155.32
13.0 -149.408
13.0 -165.082
13.0 -152.568
13.0 -153.382
13.0 -161.47
13.0 -149.036
13.0 -152.334
13.0 -138.788
13.0 -142.92
13.0 -147.232
13.0 -143.222
13.0 -151.676
13.0 -159.384
13.0 -137.544
13.0 -145.694
13.0 -153.128
13.0 -148.034
13.0 -152.122
13.0 -149.986
13.0 -151.462
13.0 -150.582
13.0 -151.618
13.0 -156.53
13.0 -156.794
13.0 -146.02
13.0 -144.964
13.0 -147.664
13.0 -141.094
13.0 -152.668
13.0 -158.074
13.0 -160.972
13.0 -154.758
13.0 -142.036
13.0 -148.034
13.0 -137.856
13.0 -150.6
13.0 -150.228
13.0 -144.782
13.0 -157.864
13.0 -151.946
13.0 -151.182
13.0 -152.948
13.0 -147.706
100
-54.5 -230.488
-26.5 -190.564
-15.5 -170.544
-15.5 -172.956
-5.0 -171.198
-5.0 -157.866
-5.0 -168.638
-3.5 -162.86
-3.5 -162.25
-3.5 -156.904
-3.5 -150.83
-3.5 -144.122
-3.5 -152.158
-3.5 -162.704
-3.5 -147.792
-3.5 -157.678
-3.5 -156.718
-3.5 -154.768
-3.5 -148.992
-3.5 -154.74
-3.5 -150.88
-3.5 -149.592
1.0 -154.256
1.0 -143.032
1.0 -151.278
1.0 -152.266
1.0 -149.892
1.0 -151.872
1.0 -148.162
14.5 -144.32
14.5 -142.972
14.5 -155.786
14.5 -146.29
14.5 -164.594
14.5 -144.554
14.5 -157.062
14.5 -151.38
14.5 -143.272
14.5 -148.178
14.5 -151.318
14.5 -137.198
14.5 -162.462
14.5 -169.934
14.5 -147.24
14.5 -144.238
14.5 -147.79
14.5 -151.93
14.5 -142.724
14.5 -141.5
14.5 -148.21
14.5 -151.746
14.5 -153.474
14.5 -151.878
14.5 -146.968
14.5 -134.992
14.5 -155.612
14.5 -154.668
14.5 -155.428
14.5 -148.018
14.5 -141.786
14.5 -149.066
14.5 -156.424
14.5 -151.948
14.5 -147.182
14.5 -147.422
14.5 -145.636
14.5 -149.288
14.5 -147.91
14.5 -154.426
14.5 -135.768
14.5 -135.356
14.5 -149.394
14.5 -167.27
14.5 -147.546
14.5 -146.616
14.5 -154.268
14.5 -146.734
14.5 -149.076
14.5 -135.328
14.5 -140.95
14.5 -137.38
14.5 -149.078
14.5 -146.974
14.5 -147.02
14.5 -151.832
14.5 -156.33
14.5 -142.496
14.5 -140.944
14.5 -146.91
14.5 -153.888
14.5 -143.458
14.5 -152.328
14.5 -140.366
14.5 -141.404
14.5 -143.224
14.5 -139.256
14.5 -139.864
14.5 -135.946
14.5 -143.98
14.5 -150.258
100
-66.0 -236.092
-55.5 -193.602
-48.5 -167.622
-48.5 -168.498
-30.0 -162.182
-16.5 -161.368
-16.5 -166.322
-16.5 -158.06
-16.5 -159.25
-16.5 -151.472
-16.5 -157.722
-6.0 -148.732
4.0 -145.034
4.0 -157.538
4.0 -144.712
4.0 -150.572
4.0 -166.492
4.0 -156.778
4.0 -160.034
4.0 -151.416
4.0 -149.146
4.0 -144.694
4.0 -151.912
4.0 -156.802
4.0 -151.89
4.0 -141.68
4.0 -150.682
4.0 -155.54
4.0 -152.464
4.0 -149.134
13.5 -141.728
13.5 -146.462
13.5 -158.202
13.5 -148.85
13.5 -148.798
13.5 -153.5
13.5 -157.146
13.5 -139.32
13.5 -144.382
13.5 -150.964
13.5 -138.754
13.5 -156.202
13.5 -154.826
13.5 -155.612
13.5 -150.444
13.5 -140.426
13.5 -153.148
13.5 -141.504
13.5 -152.986
13.5 -148.496
13.5 -146.52
13.5 -151.198
13.5 -164.792
13.5 -141.334
13.5 -146.676
13.5 -145.894
13.5 -144.582
13.5 -139.238
13.5 -144.314
13.5 -150.898
13.5 -151.114
13.5 -158.418
13.5 -139.96
13.5 -152.846
13.5 -146.414
13.5 -140.486
13.5 -148.072
13.5 -148.704
13.5 -145.508
13.5 -145.622
13.5 -149.746
13.5 -152.012
13.5 -148.516
13.5 -149.376
13.5 -146.476
13.5 -136.786
13.5 -149.466
13.5 -144.968
13.5 -146.72
13.5 -154.342
13.5 -141.88
13.5 -156.584
13.5 -138.468
13.5 -144.46
13.5 -144.238
13.5 -139.988
13.5 -143.022
13.5 -143.258
13.5 -150.002
13.5 -144.254
13.5 -156.602
13.5 -155.084
13.5 -140.906
13.5 -146.476
13.5 -157.192
13.5 -136.862
13.5 -145.256
13.5 -154.798
13.5 -149.992
13.5 -133.632
100
-66.5 -233.686
-45.5 -188.376
-32.0 -179.97
-30.5 -164.1
-21.5 -167.54
-17.0 -158.286
-17.0 -153.326
-17.0 -147.252
-17.0 -162.218
-17.0 -163.272
-17.0 -156.232
-17.0 -144.368
-17.0 -164.722
-14.5 -157.814
-14.5 -162.028
-14.5 -161.354
-6.0 -147.75
-6.0 -146.264
-6.0 -149.432
-6.0 -151.048
-6.0 -165.486
-6.0 -147.678
-6.0 -142.402
-6.0 -160.858
-6.0 -162.908
-6.0 -149.454
-6.0 -155.692
-6.0 -155.686
-6.0 -148.638
-6.0 -160.124
-6.0 -147.138
-6.0 -150.924
-6.0 -157.81
-6.0 -153.214
-6.0 -152.316
4.0 -155.818
4.0 -155.632
4.0 -161.238
4.0 -155.054
4.0 -161.568
4.0 -151.038
4.0 -141.748
4.0 -144.434
4.0 -153.804
4.0 -139.144
4.0 -158.858
4.0 -140.722
5.5 -157.156
5.5 -149.672
5.5 -146.216
5.5 -161.22
5.5 -146.46
5.5 -142.23
5.5 -143.532
5.5 -143.178
5.5 -144.574
5.5 -140.128
5.5 -144.586
5.5 -144.506
5.5 -154.45
5.5 -149.81
5.5 -154.928
5.5 -156.12
5.5 -147.406
5.5 -145.73
5.5 -142.52
5.5 -157.624
5.5 -150.57
5.5 -155.212
5.5 -157.894
5.5 -144.584
5.5 -158.632
5.5 -152.596
5.5 -155.898
5.5 -143.78
5.5 -147.41
5.5 -149.1
5.5 -149.2
5.5 -134.666
5.5 -146.694
5.5 -150.136
5.5 -144.92
5.5 -132.098
5.5 -144.324
5.5 -139.704
5.5 -130.468
5.5 -148.004
5.5 -142.408
5.5 -137.088
5.5 -148.59
5.5 -148.48
5.5 -137.444
5.5 -149.16
5.5 -152.384
5.5 -145.868
5.5 -149.296
5.5 -142.226
5.5 -143.046
5.5 -135.518
5.5 -137.916
100
-52.0 -227.87
-50.0 -182.348
-29.0 -167.362
-29.0 -171.576
-29.0 -171.596
-29.0 -163.476
-29.0 -170.058
-29.0 -170.792
-20.0 -154.766
-20.0 -165.968
-20.0 -171.368
-20.0 -153.932
-20.0 -159.132
-20.0 -154.228
-20.0 -158.39
-20.0 -165.586
-13.5 -164.974
-13.5 -159.344
-13.5 -158.212
-8.5 -140.064
-8.5 -154.262
-8.5 -155.512
-8.0 -154.354
-8.0 -157.78
-8.0 -153.728
-8.0 -142.122
-8.0 -143.82
5.0 -156.59
5.0 -144.736
5.0 -144.73
5.0 -160.226
5.0 -154.106
5.0 -143.348
5.0 -154.738
5.0 -156.124
5.0 -151.218
5.0 -134.394
5.0 -147.264
5.0 -148.334
5.0 -146.578
5.0 -150.496
5.0 -154.916
5.0 -149.546
5.0 -150.528
5.0 -162.738
5.0 -142.628
5.0 -145.892
5.0 -149.208
5.0 -158.73
5.0 -157.214
5.0 -148.91
5.0 -160.252
5.0 -155.342
5.0 -151.104
5.0 -159.342
5.0 -145.574
5.0 -145.646
6.5 -145.312
6.5 -147.152
6.5 -141.542
6.5 -144.03
6.5 -143.554
6.5 -154.134
6.5 -143.936
6.5 -152.402
6.5 -162.062
6.5 -153.792
6.5 -148.176
6.5 -153.204
6.5 -154.132
6.5 -155.332
6.5 -155.06
6.5 -156.954
6.5 -137.248
6.5 -140.392
6.5 -142.33
6.5 -146.57
6.5 -148.316
6.5 -149.152
6.5 -136.672
6.5 -158.892
6.5 -140.872
6.5 -141.394
6.5 -157.41
6.5 -139.242
6.5 -128.154
6.5 -139.62
6.5 -157.314
6.5 -135.216
6.5 -140.592
6.5 -144.356
6.5 -143.17
6.5 -152.368
6.5 -151.36
6.5 -137.794
6.5 -140.672
6.5 -136.516
6.5 -143.136
6.5 -151.714
6.5 -138.268
100
-42.0 -228.588
-40.0 -190.482
-35.0 -184.23
-18.5 -157.87
-18.5 -153.694
-18.5 -157.604
-18.5 -150.462
-18.5 -158.194
-10.5 -152.946
-9.5 -155.564
-7.5 -157.362
-7.5 -156.404
-7.5 -148.11
-7.5 -149.046
-7.5 -142.67
-4.5 -139.264
-4.5 -152.794
-4.5 -157.356
-4.5 -157.68
-4.5 -158.606
-4.0 -157.206
-4.0 -151.556
-4.0 -154.268
-4.0 -155.728
-4.0 -149.22
-4.0 -168.004
-4.0 -153.368
-4.0 -144.832
-4.0 -143.252
-4.0 -152.194
-4.0 -150.092
-4.0 -149.53
-4.0 -152.42
-4.0 -139.572
-4.0 -154.4
-4.0 -158.848
-4.0 -151.868
-4.0 -157.902
-4.0 -150.694
-4.0 -159.664
-4.0 -160.334
-4.0 -155.49
-4.0 -146.804
-4.0 -153.326
-4.0 -167.852
-4.0 -145.944
-4.0 -155.66
-4.0 -154.796
-4.0 -153.946
-4.0 -158.53
-4.0 -155.526
-4.0 -154.618
-4.0 -140.474
-4.0 -137.22
-4.0 -140.612
-4.0 -146.084
-4.0 -149.144
-4.0 -168.53
-4.0 -147.022
-4.0 -149.69
-4.0 -142.24
-4.0 -147.496
-4.0 -161.724
-4.0 -148.25
-4.0 -153.676
-4.0 -147.408
-4.0 -161.082
-2.5 -153.816
-2.5 -153.074
-2.5 -147.094
-2.5 -141.432
-2.5 -144.506
-2.5 -150.358
-2.5 -144.32
-2.5 -142.14
-2.5 -156.198
-2.5 -157.3
-2.5 -146.404
-2.5 -142.456
-2.5 -145.486
-2.5 -139.348
-2.5 -170.344
-2.5 -144.866
-2.5 -148.026
-2.5 -145.108
-2.5 -157.542
-2.5 -163.332
-2.5 -149.228
-2.5 -151.104
-2.5 -150.262
-2.5 -140.16
-2.5 -151.7
-2.5 -149.56
-2.5 -144.042
-2.5 -142.93
-2.5 -144.884
-2.5 -154.12
-2.5 -139.212
-2.5 -147.916
-2.5 -141.606

Individual: [1, 4, 7, 8, 9, 13, 15, 16, 17, 18, 25, 28, 36, 37, 38, 46, 50, 57, 61, 66, 69, 71, 78, 80, 83, 84, 91, 95, 96]
   Fitness: -0.5
     Total: 29
Violations: 44 23

Individual: [6, 8, 10, 11, 13, 14, 23, 28, 31, 37, 38, 43, 44, 55, 64, 65, 69, 70, 71, 72, 74, 75, 85, 87, 90, 93, 94, 96, 97]
   Fitness: 2.5
     Total: 29
Violations: 41 21

Individual: [6, 7, 10, 15, 17, 29, 32, 33, 34, 35, 37, 40, 43, 48, 49, 50, 53, 55, 68, 69, 72, 77, 78, 80, 90, 94, 97]
   Fitness: 5.5
     Total: 27
Violations: 35 15

Individual: [9, 10, 11, 15, 16, 24, 25, 28, 32, 37, 38, 41, 43, 45, 63, 64, 70, 72, 78, 80, 81, 91, 92, 93, 95, 98, 100]
   Fitness: 10.5
     Total: 27
Violations: 30 17

Individual: [2, 7, 9, 11, 21, 27, 31, 47, 48, 53, 54, 61, 67, 70, 71, 76, 80, 81, 92, 94, 99, 100]
   Fitness: 13.0
     Total: 22
Violations: 20 14

Individual: [1, 2, 3, 6, 8, 9, 11, 17, 19, 26, 27, 30, 33, 39, 42, 44, 60, 64, 74, 76, 79, 83, 86, 91, 92, 94, 95, 97, 100]
   Fitness: 14.5
     Total: 29
Violations: 29 19

Individual: [6, 9, 10, 11, 15, 16, 17, 19, 34, 37, 40, 42, 55, 61, 69, 72, 75, 76, 77, 79, 81, 88, 94, 97, 98]
   Fitness: 13.5
     Total: 25
Violations: 24 17

Individual: [1, 2, 4, 10, 13, 15, 16, 17, 18, 22, 33, 41, 46, 53, 55, 57, 60, 61, 62, 70, 72, 73, 82, 83, 87, 94, 96]
   Fitness: 5.5
     Total: 27
Violations: 35 18

Individual: [2, 3, 4, 6, 9, 17, 18, 22, 28, 31, 35, 39, 40, 44, 49, 61, 68, 69, 73, 84, 85, 89, 90, 91, 93, 95, 100]
   Fitness: 6.5
     Total: 27
Violations: 34 21

Individual: [3, 4, 5, 10, 12, 13, 17, 23, 24, 26, 33, 35, 42, 44, 48, 55, 58, 70, 71, 76, 78, 80, 85, 87, 88, 90, 93, 94, 96, 97, 99]
   Fitness: -2.5
     Total: 31
Violations: 49 25
