10
50
-43.0 -232.565
-22.5 -141.384
2.5 -91.647
9.0 -66.39
9.0 -46.755
9.0 -32.993
17.5 -24.432
17.5 -16.977
18.0 -9.627
19.0 -5.865
22.5 -2.084
22.5 -0.693
22.5 0.823
23.0 3.539
24.0 3.808
24.0 4.715
24.0 4.528
24.0 4.526
25.0 4.0
25.0 7.515
26.0 6.355
26.0 5.874
26.0 6.968
26.0 6.547
26.0 6.659
26.0 7.788
26.0 7.991
27.0 8.463
27.0 8.912
27.0 9.109
27.0 8.658
27.0 8.437
27.0 8.569
27.0 8.794
27.5 8.985
27.5 8.749
29.0 9.967
29.0 9.907
29.0 8.373
29.0 8.65
29.0 8.488
29.0 7.449
29.0 8.583
29.0 7.586
30.5 9.948
30.5 7.221
30.5 9.071
30.5 9.719
30.5 10.25
30.5 10.5
50
-43.5 -234.528
-27.5 -144.826
-15.5 -95.741
-9.0 -70.777
2.0 -55.763
14.5 -43.478
14.5 -30.297
15.5 -20.975
18.0 -14.283
18.0 -10.085
19.5 -6.983
19.5 -1.69
21.0 1.236
22.5 3.649
22.5 5.583
22.5 5.955
25.5 7.403
25.5 7.951
26.0 7.036
27.0 7.502
27.0 8.229
27.0 8.543
27.0 9.126
27.0 10.19
27.0 10.286
28.0 10.234
28.0 10.312
28.5 9.964
28.5 10.066
28.5 9.985
28.5 11.214
28.5 10.366
28.5 10.734
28.5 9.217
28.5 8.79
28.5 7.76
28.5 9.297
29.5 9.33
29.5 8.202
29.5 9.708
29.5 8.264
29.5 6.903
29.5 9.669
29.5 7.356
29.5 8.028
29.5 9.249
29.5 10.709
29.5 8.362
29.5 9.089
29.5 7.835
50
-41.5 -235.595
-27.5 -144.232
-11.5 -98.844
9.5 -72.807
9.5 -51.963
12.5 -35.661
15.5 -23.903
17.0 -14.236
17.0 -11.567
21.5 -5.768
21.5 -2.439
23.0 -1.622
23.0 -0.438
23.0 2.276
23.0 3.9
24.0 2.761
24.0 5.308
24.0 5.759
27.0 7.212
27.0 7.603
27.0 6.926
27.0 7.568
27.0 6.566
27.0 7.753
27.0 7.009
27.0 7.084
27.0 8.41
27.5 6.747
27.5 7.469
27.5 8.148
27.5 8.562
27.5 7.852
27.5 8.039
27.5 8.32
27.5 7.184
27.5 9.457
28.0 8.276
28.0 7.032
28.0 6.683
28.0 9.185
28.0 5.77
28.0 7.164
29.0 6.855
29.0 7.004
29.0 7.282
29.0 7.053
29.0 9.269
29.0 9.975
29.0 7.671
29.0 8.41
50
-53.5 -224.174
-28.0 -139.754
-14.0 -103.061
2.0 -76.111
2.0 -55.749
15.0 -38.96
16.0 -26.973
17.5 -17.828
17.5 -11.237
22.0 -7.497
22.0 -6.63
22.0 -1.56
25.5 0.063
25.5 2.451
25.5 4.013
25.5 4.831
27.5 6.319
27.5 6.888
27.5 6.402
27.5 5.972
27.5 5.707
27.5 6.78
27.5 6.647
27.5 7.052
27.5 8.12
27.5 6.385
27.5 6.161
27.5 6.281
27.5 7.836
28.0 8.148
28.0 8.522
28.0 7.484
28.0 7.233
28.0 6.238
28.0 7.245
28.0 6.937
28.0 7.257
28.0 7.906
28.0 9.376
28.5 9.195
28.5 10.895
28.5 8.432
28.5 9.943
28.5 8.866
28.5 8.922
31.0 10.028
31.0 8.743
31.0 8.07
31.0 8.881
31.0 9.685
50
-49.5 -236.873
-44.5 -146.754
-23.5 -104.73
-16.5 -82.42
2.0 -60.929
3.0 -43.374
9.0 -33.95
12.5 -26.537
17.5 -17.572
21.5 -12.015
21.5 -5.855
21.5 -3.428
23.5 1.203
23.5 4.646
24.5 6.353
24.5 9.812
26.0 10.279
26.0 10.146
26.0 9.186
26.0 9.936
26.0 8.655
26.0 8.139
26.0 8.958
26.0 7.782
26.5 7.796
26.5 7.503
26.5 6.852
26.5 8.246
26.5 7.83
27.0 9.281
27.0 7.583
27.0 8.504
27.0 5.654
27.0 6.785
27.0 8.35
27.0 8.669
27.0 7.12
27.0 6.251
27.0 6.805
27.0 7.783
27.0 6.877
27.0 7.603
27.0 6.014
28.0 7.166
28.0 8.943
28.0 8.452
28.0 8.383
28.0 7.599
28.0 8.423
28.0 8.711
50
-28.5 -233.864
-13.5 -135.18
-13.5 -98.018
4.5 -69.546
4.5 -52.023
6.0 -38.273
14.5 -31.466
14.5 -18.616
16.5 -14.271
18.0 -11.555
20.0 -4.33
22.0 -2.001
22.5 1.061
24.0 2.141
24.0 3.759
24.0 4.529
24.0 6.467
24.0 5.598
24.0 5.667
24.0 5.035
24.0 4.821
25.0 5.751
25.0 5.94
27.5 6.857
27.5 4.367
27.5 3.304
27.5 5.892
27.5 5.336
27.5 8.015
27.5 7.955
27.5 9.617
27.5 9.798
27.5 10.067
27.5 10.604
27.5 9.438
27.5 8.721
27.5 8.962
27.5 7.308
27.5 9.421
27.5 9.744
27.5 10.287
27.5 9.144
27.5 8.594
27.5 9.945
27.5 9.14
28.0 8.208
29.5 9.486
29.5 10.033
29.5 8.667
29.5 9.681
50
-63.0 -229.101
-39.5 -143.029
-11.0 -102.304
-9.5 -73.252
7.5 -52.752
12.5 -39.462
12.5 -28.28
15.5 -20.258
20.5 -15.614
21.0 -12.365
21.0 -6.44
21.0 -0.587
21.0 1.382
21.5 1.919
24.0 4.022
24.0 4.554
24.0 5.874
28.0 4.936
28.0 5.803
28.0 6.503
28.0 8.153
28.0 7.104
28.0 7.146
28.0 7.296
28.0 7.898
28.0 7.182
28.0 6.953
28.0 8.886
28.0 7.457
28.0 6.557
28.0 6.936
28.0 7.224
28.0 7.092
30.5 7.164
30.5 6.255
30.5 7.091
30.5 7.78
30.5 5.77
30.5 7.311
30.5 8.783
30.5 9.013
30.5 7.904
30.5 9.827
30.5 8.255
30.5 7.372
30.5 8.091
30.5 9.079
30.5 7.788
30.5 9.142
30.5 7.956
50
-45.0 -232.869
-29.0 -138.427
-15.0 -94.174
6.0 -67.364
13.5 -51.773
13.5 -35.688
15.0 -26.113
15.0 -16.689
18.5 -11.959
20.0 -7.198
20.0 -3.82
21.0 -0.35
21.5 2.66
23.0 3.337
24.5 5.131
24.5 5.289
26.0 6.294
26.0 4.607
26.0 7.558
26.0 7.217
26.5 9.323
26.5 9.042
26.5 11.343
27.5 11.342
27.5 10.519
27.5 10.938
27.5 9.314
28.0 10.915
28.0 10.444
28.0 10.866
28.0 11.169
28.0 10.104
28.0 11.804
28.0 12.395
28.0 11.117
30.5 9.917
30.5 10.997
30.5 10.877
30.5 11.663
30.5 11.675
30.5 13.028
30.5 11.847
30.5 12.166
30.5 9.169
30.5 10.499
30.5 8.573
30.5 9.514
30.5 8.788
30.5 9.763
30.5 10.96
50
-59.5 -237.555
-35.0 -145.995
-24.0 -95.187
2.0 -75.162
8.0 -55.869
8.0 -40.2
11.5 -26.263
13.0 -22.589
15.5 -15.47
20.0 -11.682
20.0 -8.21
20.0 -5.604
22.5 -1.64
23.5 -1.267
23.5 2.692
26.5 6.295
26.5 6.346
26.5 7.393
26.5 8.008
26.5 8.176
26.5 8.011
28.5 7.919
29.0 9.05
29.0 9.372
29.0 9.202
29.0 8.256
29.0 10.128
29.5 9.598
29.5 9.209
29.5 8.177
29.5 8.833
29.5 10.069
29.5 7.227
29.5 8.715
29.5 7.755
30.0 4.569
30.5 8.613
30.5 8.481
30.5 9.023
30.5 7.52
30.5 8.525
30.5 9.718
31.5 7.958
31.5 8.431
31.5 8.02
31.5 9.197
31.5 9.189
31.5 7.173
31.5 10.606
31.5 9.849
50
-35.0 -225.862
-30.5 -136.041
-16.0 -92.434
3.5 -63.16
6.0 -45.406
14.0 -33.379
16.0 -22.655
19.0 -15.492
19.0 -8.938
19.0 -4.169
23.5 -0.586
24.0 1.657
24.0 2.774
25.0 2.937
25.0 1.226
25.0 2.723
25.0 4.445
25.0 4.535
26.0 5.022
26.0 5.476
27.0 7.59
27.0 7.272
27.0 7.227
27.0 6.144
27.0 8.51
27.5 9.65
27.5 7.712
27.5 6.346
27.5 6.058
27.5 7.69
27.5 8.139
27.5 6.722
27.5 5.647
27.5 7.538
28.5 7.512
28.5 7.472
28.5 8.891
28.5 8.927
28.5 8.325
28.5 8.282
28.5 6.992
28.5 7.262
28.5 8.862
28.5 7.765
28.5 8.12
28.5 9.855
28.5 9.138
28.5 9.355
29.0 11.186
29.0 8.663

Individual: [3, 7, 9, 10, 12, 13, 18, 25, 28, 30, 34, 36, 39, 70, 73, 74, 75, 77, 82, 88, 89, 92, 95, 98, 100]
   Fitness: 30.5
     Total: 25
Violations: 7 7

Individual: [2, 4, 5, 9, 10, 14, 27, 28, 30, 31, 33, 37, 66, 67, 76, 78, 79, 83, 84, 86, 94, 97, 98]
   Fitness: 29.5
     Total: 23
Violations: 5 5

Individual: [2, 3, 5, 6, 11, 12, 14, 16, 23, 24, 27, 59, 63, 64, 69, 70, 80, 82, 83, 85, 92, 93, 98, 99]
   Fitness: 29.0
     Total: 24
Violations: 7 6

Individual: [1, 5, 12, 15, 20, 21, 26, 29, 33, 34, 36, 66, 69, 70, 73, 88, 89, 91, 95, 97, 98, 100]
   Fitness: 31.0
     Total: 22
Violations: 2 2

Individual: [3, 5, 8, 14, 19, 21, 22, 27, 29, 32, 33, 38, 65, 72, 74, 77, 78, 79, 81, 85, 87, 94, 99, 100]
   Fitness: 28.0
     Total: 24
Violations: 8 7

Individual: [3, 5, 9, 10, 16, 18, 21, 25, 28, 34, 61, 62, 67, 68, 70, 76, 77, 89, 91, 92, 97, 98, 100]
   Fitness: 29.5
     Total: 23
Violations: 5 5

Individual: [2, 3, 7, 9, 17, 20, 21, 26, 29, 34, 66, 68, 72, 73, 75, 81, 82, 88, 92, 93, 95, 99, 100]
   Fitness: 30.5
     Total: 23
Violations: 4 4

Individual: [1, 3, 4, 5, 6, 10, 11, 23, 25, 28, 29, 32, 34, 37, 72, 75, 81, 83, 84, 88, 97, 98, 100]
   Fitness: 30.5
     Total: 23
Violations: 4 4

Individual: [2, 3, 6, 8, 14, 16, 17, 21, 23, 27, 34, 35, 68, 69, 71, 72, 77, 78, 91, 92, 94, 98, 99]
   Fitness: 31.5
     Total: 23
Violations: 3 3

Individual: [2, 5, 9, 11, 12, 14, 18, 25, 27, 30, 32, 40, 66, 67, 70, 72, 73, 75, 79, 86, 87, 89, 90, 95, 96, 98]
   Fitness: 29.0
     Total: 26
Violations: 10 8
