10
50
-81.0 -241.68
-41.0 -153.34
-41.0 -117.315
-35.5 -83.805
-11.5 -63.525
2.0 -54.09
2.0 -38.76
6.5 -29.4
7.0 -21.63
18.0 -17.855
18.0 -11.38
18.0 -16.875
18.0 -3.555
18.0 -1.4
18.0 0.925
19.0 -3.685
19.0 0.35
21.0 1.7
22.0 6.26
22.5 4.125
22.5 4.625
22.5 6.28
22.5 4.015
22.5 4.175
22.5 5.765
22.5 6.95
22.5 1.705
22.5 6.01
23.5 7.69
23.5 5.475
23.5 7.695
25.0 5.855
25.0 4.735
25.0 5.86
25.0 5.325
25.0 5.005
25.0 5.385
25.0 1.315
25.0 2.2
26.0 3.35
26.0 6.575
26.0 8.165
26.0 7.46
26.0 9.065
26.0 3.955
26.0 7.83
26.0 3.71
26.0 6.135
26.0 6.455
26.0 5.325
50
-75.5 -221.91
-48.0 -129.045
-12.0 -99.105
-12.0 -76.35
0.0 -52.46
7.5 -41.27
7.5 -26.04
15.0 -22.53
15.5 -21.44
15.5 -13.53
15.5 -9.235
15.5 -15.5
15.5 -8.405
15.5 -7.915
22.0 -5.13
22.5 -1.47
22.5 0.375
22.5 1.915
22.5 -7.36
22.5 1.515
22.5 4.73
24.5 9.155
24.5 1.72
24.5 5.37
24.5 0.8
24.5 7.65
24.5 7.69
28.0 10.6
28.0 7.23
28.0 10.28
28.0 6.655
28.0 7.89
28.0 7.645
28.0 8.325
28.0 7.99
28.0 9.55
28.0 6.355
28.0 7.705
28.5 10.695
28.5 8.485
28.5 10.76
29.0 8.765
29.0 6.61
29.0 9.73
29.0 7.41
29.0 6.96
29.0 1.46
29.0 9.675
29.0 5.315
29.0 2.61
50
-90.0 -231.365
-42.0 -143.135
-42.0 -105.665
-24.0 -79.705
-3.0 -63.48
3.5 -48.765
10.0 -30.92
12.5 -17.735
17.5 -14.77
18.0 -3.21
20.0 0.905
23.0 3.71
23.0 3.03
23.0 4.415
24.0 6.215
25.0 6.105
25.0 4.845
25.0 7.375
25.0 6.445
25.0 6.32
25.0 9.1
25.0 5.42
25.0 7.655
25.0 8.675
26.5 10.61
26.5 7.745
26.5 6.66
26.5 10.635
26.5 11.34
26.5 4.01
26.5 6.5
26.5 7.695
26.5 2.815
26.5 8.67
29.5 11.005
29.5 9.925
29.5 6.845
30.0 13.47
30.0 9.535
30.0 10.42
30.0 7.31
30.0 9.565
30.0 11.79
30.0 5.68
30.0 8.62
30.0 9.075
30.0 9.975
30.0 10.515
30.0 7.905
30.0 6.475
50
-51.5 -229.685
-34.0 -135.01
-9.5 -96.155
5.0 -65.365
7.0 -56.955
15.5 -27.275
15.5 -25.265
15.5 -11.445
16.0 -8.57
16.5 -2.765
16.5 -3.5
22.5 -2.55
22.5 -1.81
22.5 0.53
22.5 0.51
22.5 1.14
22.5 -0.47
22.5 3.165
23.0 3.95
25.0 5.405
25.0 4.06
25.0 5.225
27.0 3.115
27.0 3.07
27.0 -1.165
27.0 2.96
27.0 2.785
27.5 -0.23
27.5 -0.075
27.5 2.545
27.5 6.095
27.5 3.235
28.5 5.405
28.5 3.33
28.5 3.18
28.5 4.43
28.5 4.36
28.5 7.32
28.5 4.155
28.5 5.215
28.5 7.125
28.5 3.74
28.5 5.345
28.5 8.865
28.5 6.335
28.5 6.805
28.5 6.44
28.5 5.235
28.5 3.755
29.5 5.18
50
-98.0 -213.01
-47.5 -136.87
-40.0 -106.055
-24.5 -80.375
-22.0 -61.25
10.5 -41.84
10.5 -32.175
14.5 -18.675
15.5 -10.87
15.5 -8.105
17.0 -0.84
17.0 -2.385
19.5 -0.765
20.5 1.43
20.5 2.955
21.5 -0.08
21.5 -3.465
22.0 4.615
22.0 6.53
25.5 6.09
25.5 6.53
25.5 9.905
25.5 9.665
25.5 8.015
25.5 6.815
25.5 3.955
25.5 7.18
25.5 7.88
25.5 5.815
25.5 10.61
25.5 11.8
25.5 10.145
25.5 7.935
27.0 4.03
27.0 10.36
27.0 11.555
27.0 4.88
27.0 9.16
27.0 7.57
27.0 9.745
27.0 10.47
27.0 10.105
27.0 13.065
27.0 9.845
27.0 5.525
27.0 6.855
27.0 8.15
27.0 4.87
27.0 9.74
27.0 6.87
50
-68.5 -231.48
-49.0 -121.63
-24.5 -108.715
-15.5 -78.725
-3.0 -49.875
-3.0 -42.57
12.0 -33.055
12.0 -29.525
18.0 -18.735
18.0 -11.33
18.0 -10.185
18.0 -3.69
18.5 2.625
20.5 3.15
20.5 7.045
21.5 6.14
22.0 8.06
23.5 6.695
23.5 6.08
23.5 8.6
23.5 5.94
26.0 3.25
26.0 6.775
26.5 7.135
26.5 4.0
26.5 5.39
26.5 4.065
26.5 5.81
26.5 6.59
26.5 8.23
26.5 7.345
26.5 10.31
26.5 12.275
26.5 6.18
26.5 9.4
26.5 11.59
26.5 7.65
26.5 9.295
26.5 7.665
26.5 7.25
26.5 9.785
26.5 12.125
27.0 9.825
27.0 9.235
27.0 5.145
27.0 5.52
27.0 7.805
27.0 11.475
27.0 4.82
27.0 7.97
50
-89.0 -237.5
-41.0 -146.345
-19.0 -103.94
-3.0 -66.135
-1.0 -45.43
11.5 -33.255
11.5 -37.165
13.5 -15.7
14.5 -19.305
15.0 -7.295
17.5 -3.29
20.5 0.58
20.5 -0.795
21.0 4.09
22.0 -3.04
22.0 4.09
25.5 8.49
25.5 7.735
25.5 10.25
25.5 7.44
26.5 7.945
26.5 9.61
26.5 7.575
26.5 12.67
26.5 11.895
26.5 10.065
27.5 11.81
27.5 7.64
27.5 8.375
28.0 7.8
28.0 9.815
28.0 10.29
28.0 10.885
28.0 5.175
29.0 10.77
29.0 10.935
29.0 15.135
29.0 12.685
29.0 10.01
29.0 10.89
29.0 6.36
29.0 7.165
29.0 10.25
29.0 10.245
29.0 12.15
29.0 12.25
29.0 10.23
29.5 13.71
30.5 15.665
30.5 11.015
50
-56.0 -234.035
-14.0 -140.955
-14.0 -100.295
8.0 -70.155
8.0 -53.615
10.0 -35.43
15.5 -32.415
15.5 -11.975
18.5 -3.535
20.0 0.19
22.0 -0.645
23.0 5.43
23.5 4.355
23.5 4.16
23.5 1.805
24.5 8.1
24.5 7.07
26.0 8.215
26.0 8.51
26.0 8.31
26.0 6.845
26.5 7.505
26.5 8.03
28.0 7.515
28.0 5.78
28.0 6.88
28.0 4.605
28.0 7.98
28.0 3.945
28.0 6.215
28.0 8.36
29.0 11.24
29.0 13.0
29.0 8.305
29.0 9.5
29.0 6.3
29.0 11.185
29.0 10.68
29.0 5.395
29.0 10.425
30.0 11.17
30.0 6.475
30.0 5.315
30.0 5.26
30.0 9.425
30.0 10.29
30.0 4.4
30.0 5.93
30.0 9.8
31.0 12.4
50
-84.5 -219.93
-57.5 -149.78
-13.5 -105.28
-8.0 -75.145
-1.5 -53.155
7.0 -34.01
8.0 -23.525
12.5 -17.66
13.0 -13.93
16.0 -9.73
16.5 -9.1
16.5 -5.75
16.5 -2.78
21.5 3.3
23.5 4.8
23.5 5.575
23.5 5.46
23.5 5.61
23.5 8.96
23.5 7.51
23.5 6.41
23.5 8.095
23.5 5.435
23.5 5.075
25.5 -2.685
25.5 7.305
25.5 6.585
25.5 9.775
25.5 8.94
25.5 8.645
25.5 6.79
25.5 7.285
25.5 9.6
25.5 7.03
25.5 5.93
25.5 6.92
25.5 4.865
25.5 7.41
25.5 8.495
25.5 5.59
25.5 8.3
25.5 8.39
25.5 7.03
25.5 3.235
25.5 6.54
26.0 4.065
26.5 8.895
26.5 8.725
26.5 8.86
26.5 7.655
50
-70.0 -213.92
-70.0 -140.25
-40.5 -107.44
-23.5 -94.645
-21.0 -67.53
-7.5 -53.61
-4.5 -44.625
0.0 -41.17
8.0 -30.45
13.0 -18.64
13.0 -16.725
13.0 -9.03
16.0 -11.315
19.0 -5.675
19.0 1.215
20.0 -0.56
20.0 -0.565
20.5 3.96
21.5 2.94
21.5 3.055
21.5 7.06
24.5 7.935
24.5 1.3
24.5 6.705
24.5 5.03
24.5 6.175
24.5 7.435
24.5 6.39
24.5 7.365
24.5 9.64
24.5 8.92
24.5 9.315
26.0 10.625
26.0 7.47
26.0 8.43
26.0 9.505
26.0 8.79
26.0 8.78
26.0 9.32
26.0 10.72
26.0 10.6
26.0 6.94
26.0 7.84
26.0 11.605
26.0 9.325
26.5 11.985
26.5 8.985
26.5 10.92
26.5 9.4
28.0 7.86

Individual: [1, 5, 7, 11, 20, 22, 23, 44, 45, 54, 55, 56, 59, 71, 75, 76, 84, 86, 91, 94, 99, 100]
   Fitness: 26.0
     Total: 22
Violations: 7 5

Individual: [2, 5, 9, 11, 21, 25, 26, 28, 32, 44, 64, 68, 69, 70, 73, 75, 78, 88, 90, 91, 93, 94, 99, 100]
   Fitness: 29.0
     Total: 24
Violations: 7 6

Individual: [1, 6, 7, 10, 16, 18, 19, 24, 27, 28, 61, 63, 70, 71, 73, 74, 82, 88, 89, 91, 92, 97]
   Fitness: 30.0
     Total: 22
Violations: 3 3

Individual: [5, 7, 11, 12, 14, 18, 20, 27, 32, 33, 38, 41, 60, 61, 63, 72, 73, 74, 77, 78, 87, 91, 92, 98, 99]
   Fitness: 29.5
     Total: 25
Violations: 8 8

Individual: [1, 3, 4, 7, 15, 18, 19, 30, 43, 52, 54, 58, 75, 77, 80, 81, 90, 91, 93, 94]
   Fitness: 27.0
     Total: 20
Violations: 3 2

Individual: [1, 3, 6, 12, 16, 27, 29, 34, 35, 36, 40, 49, 70, 72, 75, 79, 80, 83, 93, 94, 98, 99]
   Fitness: 27.0
     Total: 22
Violations: 6 6

Individual: [2, 3, 10, 16, 21, 23, 24, 29, 31, 34, 63, 69, 70, 72, 77, 79, 87, 90, 91, 94, 96, 99, 100]
   Fitness: 30.5
     Total: 23
Violations: 4 4

Individual: [1, 2, 4, 10, 11, 12, 15, 17, 25, 26, 27, 31, 32, 65, 67, 68, 70, 74, 76, 77, 79, 88, 95, 96, 99, 100]
   Fitness: 31.0
     Total: 26
Violations: 8 7

Individual: [2, 3, 7, 9, 10, 17, 20, 24, 26, 29, 33, 36, 60, 65, 66, 72, 76, 81, 90, 91, 93, 98, 100]
   Fitness: 26.5
     Total: 23
Violations: 8 7

Individual: [9, 10, 12, 13, 18, 20, 31, 32, 34, 38, 39, 62, 70, 71, 75, 76, 92, 93, 94, 97, 98, 100]
   Fitness: 28.0
     Total: 22
Violations: 5 4
