10
50
-19.5 -230.737
-17.5 -126.605
2.5 -72.195
8.0 -43.121
15.5 -20.018
15.5 -3.724
22.0 5.674
22.0 10.667
24.0 14.575
26.0 17.07
26.5 19.452
26.5 21.078
27.5 22.022
28.5 23.457
30.0 24.161
30.5 24.883
30.5 25.747
32.5 26.562
33.5 27.374
35.0 28.307
35.0 29.41
35.0 30.658
35.0 31.377
35.0 31.722
35.0 32.024
35.5 32.608
35.5 32.869
35.5 32.58
35.5 32.823
36.0 32.741
36.0 32.636
36.0 32.69
36.0 32.58
36.0 33.144
36.0 33.392
36.0 33.718
36.0 33.567
36.0 33.719
36.0 33.871
36.0 33.841
36.0 33.809
36.0 33.752
36.0 33.683
36.0 33.664
36.0 33.776
36.0 33.724
36.0 33.672
36.0 33.689
36.0 33.852
36.0 33.776
50
-53.5 -224.796
-21.5 -124.601
-9.5 -75.115
0.5 -44.182
10.5 -24.05
15.0 -8.925
21.0 0.678
21.5 7.016
22.5 11.62
25.5 15.352
25.5 17.927
26.0 19.671
26.5 21.204
26.5 22.159
28.0 22.826
28.5 23.522
29.5 24.044
30.5 24.414
30.5 25.065
30.5 25.666
31.0 26.221
32.0 26.613
32.5 27.199
33.0 27.756
33.5 27.805
34.0 28.924
35.0 29.587
35.0 30.267
35.0 31.045
35.0 31.513
35.0 31.47
35.0 31.921
35.5 32.178
35.5 32.475
36.0 32.799
36.0 32.625
36.0 33.015
36.0 32.982
36.0 32.634
36.0 32.818
36.0 32.912
36.0 33.068
36.0 33.561
36.0 33.717
36.0 33.778
36.0 33.593
36.0 33.602
36.0 33.669
36.0 33.588
36.0 33.636
50
-36.5 -239.395
-26.0 -136.691
-13.0 -78.476
5.5 -46.051
7.0 -25.784
15.5 -11.795
19.0 -0.892
20.5 7.056
23.5 12.922
23.5 16.29
25.0 18.141
26.5 19.603
26.5 20.615
28.5 21.196
28.5 22.288
29.0 22.535
30.0 23.495
30.0 24.506
31.0 25.424
32.0 26.477
32.0 27.287
32.5 27.891
33.5 28.568
34.0 29.144
34.5 29.639
34.5 30.055
34.5 30.678
35.0 30.95
35.5 31.403
35.5 31.689
35.5 31.72
35.5 32.292
35.5 32.425
35.5 32.52
35.5 32.659
35.5 32.86
35.5 33.0
35.5 32.884
35.5 33.074
35.5 32.932
35.5 33.147
35.5 33.242
35.5 33.017
35.5 33.163
35.5 32.968
35.5 33.02
35.5 32.953
35.5 32.927
35.5 33.064
35.5 32.988
50
-49.0 -230.488
-4.0 -125.28
-4.0 -75.873
7.5 -46.986
11.0 -20.465
17.0 -4.977
19.0 3.404
20.5 9.894
23.0 13.88
26.5 16.617
26.5 18.123
27.0 19.829
29.0 20.877
29.0 22.234
30.5 23.551
30.5 24.567
31.0 25.724
31.5 26.334
31.5 26.949
32.0 27.183
33.0 27.505
33.0 27.687
33.5 28.145
33.5 28.489
33.5 28.768
34.0 29.126
34.0 29.789
34.0 30.392
34.5 31.356
34.5 31.553
34.5 31.64
34.5 31.93
34.5 31.919
34.5 31.821
34.5 31.97
34.5 32.187
34.5 32.128
34.5 32.174
34.5 32.133
34.5 32.138
34.5 32.064
34.5 32.059
34.5 32.14
34.5 32.224
34.5 32.243
34.5 32.107
34.5 32.036
34.5 31.928
34.5 32.238
34.5 31.953
50
-35.5 -220.49
-19.0 -126.357
1.5 -75.379
10.0 -42.404
10.0 -18.585
17.5 -5.989
18.0 2.426
20.5 7.958
22.5 12.476
23.0 15.37
25.5 17.461
25.5 18.734
27.5 20.244
28.0 21.646
28.0 22.626
28.5 23.519
30.0 24.842
30.0 25.572
31.0 26.254
31.0 26.799
31.0 27.37
32.5 28.019
32.5 28.71
33.0 28.995
33.0 29.055
33.0 29.574
33.5 29.829
33.5 30.233
34.5 30.636
34.5 30.803
34.5 31.16
34.5 31.215
34.5 31.672
35.0 32.156
35.0 32.384
35.0 32.463
35.5 32.456
35.5 32.57
35.5 32.622
35.5 33.123
35.5 33.081
35.5 33.373
35.5 33.482
35.5 33.435
35.5 33.261
35.5 33.166
35.5 33.273
35.5 33.264
35.5 33.27
35.5 33.633
50
-48.0 -238.38
-38.0 -136.06
-9.0 -82.701
1.5 -50.959
7.5 -28.19
15.5 -11.701
18.0 -0.444
20.5 7.283
23.5 11.96
25.0 15.165
25.0 17.544
27.5 18.774
27.5 19.935
27.5 20.741
28.0 21.427
30.0 22.139
30.0 23.158
30.0 23.551
30.0 24.098
30.5 24.435
30.5 25.183
30.5 25.725
31.0 26.84
31.0 27.591
31.0 28.326
31.5 28.409
32.0 28.63
32.0 28.625
32.0 29.024
32.0 29.162
32.5 29.21
32.5 29.139
32.5 29.364
32.5 29.606
32.5 29.94
32.5 30.324
33.0 30.239
33.0 30.29
33.0 30.477
33.0 30.596
33.0 30.513
33.0 30.643
33.0 30.719
33.0 30.742
33.0 30.772
33.0 30.841
33.0 30.705
33.0 30.884
33.0 30.842
33.0 30.802
50
-39.5 -228.558
-32.0 -137.264
-8.0 -81.116
-3.0 -46.402
7.5 -24.051
18.0 -11.603
21.5 -1.549
21.5 7.046
23.0 12.087
24.5 15.497
26.0 17.782
27.0 19.425
27.5 20.216
27.5 21.315
28.0 22.176
28.5 22.814
30.0 23.691
30.0 24.455
31.5 25.07
31.5 25.964
31.5 26.653
32.0 27.309
32.5 28.017
33.0 28.562
33.0 28.836
33.0 29.156
33.5 29.495
33.5 29.986
34.5 30.229
34.5 30.375
34.5 30.612
34.5 30.903
34.5 30.428
35.0 30.639
35.0 31.028
35.0 31.468
35.0 31.987
35.0 32.281
35.0 32.67
35.0 33.062
35.0 33.001
35.0 32.862
35.0 33.073
35.0 33.199
35.0 33.065
35.0 33.017
35.0 32.871
35.0 32.797
35.0 32.85
35.0 32.854
50
-31.0 -225.405
-19.0 -123.615
-9.5 -74.646
4.5 -42.005
8.5 -22.122
16.5 -9.3
19.0 0.902
23.0 8.274
24.5 13.307
26.5 16.936
27.0 19.929
28.5 21.792
28.5 23.399
30.0 24.538
30.5 25.612
31.0 26.563
32.0 27.107
32.5 27.67
32.5 28.516
34.5 29.046
34.5 29.797
34.5 30.446
35.0 31.009
35.0 31.37
35.0 32.029
35.0 32.204
35.0 31.957
35.0 32.251
35.0 32.302
35.0 32.673
35.0 32.67
35.0 32.984
35.0 32.75
35.0 32.717
35.0 32.946
35.0 32.852
35.0 32.845
35.0 32.759
35.0 32.886
35.0 32.794
35.0 32.609
35.0 32.783
35.0 32.632
35.0 32.891
35.0 32.896
35.0 32.744
35.0 32.894
35.0 32.908
35.0 33.049
35.0 32.767
50
-19.0 -232.905
-18.0 -138.774
-6.0 -84.044
-3.5 -47.219
11.5 -22.811
16.5 -7.098
17.5 1.328
21.5 7.431
24.0 11.836
24.5 15.204
24.5 17.138
25.5 19.156
28.0 20.179
28.0 21.669
28.5 22.313
28.5 23.141
29.5 24.046
29.5 24.717
30.0 25.453
31.0 25.943
31.5 26.926
31.5 27.714
32.0 28.29
33.0 28.759
33.0 29.312
33.5 29.54
34.5 30.202
34.5 30.716
34.5 31.207
35.0 31.527
35.0 31.925
35.0 32.055
35.0 32.587
35.0 32.672
35.5 32.682
35.5 33.064
35.5 33.3
35.5 33.146
35.5 33.538
35.5 33.523
35.5 33.401
35.5 33.379
35.5 33.552
35.5 33.313
35.5 33.19
35.5 33.256
35.5 33.353
35.5 33.417
35.5 33.399
35.5 33.479
50
-40.5 -229.261
-26.0 -129.384
-13.5 -79.37
11.0 -46.549
12.0 -25.341
20.0 -8.739
22.0 2.886
23.5 10.357
24.0 14.536
24.5 17.346
25.0 19.178
26.0 20.36
26.0 21.663
27.0 22.514
28.0 23.065
28.0 23.556
28.5 24.163
29.0 24.787
30.0 25.006
30.0 25.013
31.0 25.196
31.5 25.5
31.5 25.83
31.5 26.128
32.0 27.076
32.0 27.576
32.0 28.156
32.5 28.8
32.5 29.046
32.5 29.199
33.0 29.145
33.0 29.588
33.0 29.889
33.0 30.056
33.5 30.131
33.5 30.248
33.5 30.265
33.5 30.556
33.5 30.466
33.5 30.642
33.5 30.894
33.5 31.331
33.5 31.372
33.5 31.531
33.5 31.153
33.5 31.154
33.5 31.21
33.5 31.566
33.5 31.259
33.5 31.36

Individual: [1, 2, 5, 10, 12, 16, 21, 25, 28, 33, 36, 42, 52, 53, 66, 69, 77, 84, 87, 89, 93, 95, 98, 100]
   Fitness: 36.0
     Total: 24
Violations: 0 0

Individual: [1, 2, 4, 5, 10, 11, 13, 23, 25, 26, 30, 31, 64, 66, 71, 72, 74, 75, 77, 81, 89, 92, 93, 95, 99, 100]
   Fitness: 36.0
     Total: 26
Violations: 3 3

Individual: [1, 3, 4, 8, 9, 11, 12, 22, 24, 25, 27, 31, 33, 34, 68, 69, 71, 72, 74, 78, 87, 89, 90, 94, 95, 97, 98]
   Fitness: 35.5
     Total: 27
Violations: 5 5

Individual: [1, 3, 5, 10, 11, 13, 14, 26, 33, 43, 44, 58, 59, 62, 64, 67, 68, 71, 86, 88, 89, 96, 97, 99, 100]
   Fitness: 34.5
     Total: 25
Violations: 3 3

Individual: [1, 2, 4, 5, 10, 12, 17, 20, 21, 25, 27, 31, 63, 65, 66, 70, 72, 73, 87, 88, 90, 91, 97, 98, 100]
   Fitness: 35.5
     Total: 25
Violations: 2 2

Individual: [1, 3, 6, 8, 14, 16, 17, 21, 38, 40, 45, 46, 49, 56, 61, 62, 65, 80, 83, 85, 93, 94, 99, 100]
   Fitness: 33.0
     Total: 24
Violations: 3 3

Individual: [1, 2, 4, 5, 10, 11, 22, 24, 25, 29, 30, 32, 64, 70, 72, 75, 76, 79, 81, 84, 91, 95, 97, 100]
   Fitness: 35.0
     Total: 24
Violations: 1 1

Individual: [1, 10, 11, 13, 17, 20, 22, 28, 32, 35, 37, 40, 41, 49, 74, 75, 77, 82, 83, 86, 93, 94, 96, 100]
   Fitness: 35.0
     Total: 24
Violations: 1 1

Individual: [2, 3, 5, 8, 9, 12, 20, 24, 26, 27, 29, 33, 41, 67, 68, 71, 73, 76, 87, 89, 90, 96, 97, 99, 100]
   Fitness: 35.5
     Total: 25
Violations: 2 2

Individual: [6, 9, 11, 17, 19, 20, 26, 36, 37, 42, 45, 49, 60, 76, 77, 80, 82, 85, 86, 91, 93, 98, 99]
   Fitness: 33.5
     Total: 23
Violations: 1 1
