10
100
-60.5 -231.568
-36.0 -165.206
-7.5 -133.782
-7.5 -125.496
-0.5 -118.796
-0.5 -126.918
1.5 -122.25
1.5 -111.366
1.5 -114.344
1.5 -112.564
1.5 -117.766
1.5 -112.926
1.5 -110.304
1.5 -115.834
1.5 -112.432
1.5 -108.476
1.5 -111.564
1.5 -106.11
1.5 -107.004
1.5 -108.282
1.5 -110.71
1.5 -108.866
1.5 -106.436
1.5 -110.916
1.5 -104.97
1.5 -105.232
1.5 -107.296
1.5 -111.208
1.5 -110.148
1.5 -106.734
1.5 -107.282
1.5 -108.976
1.5 -104.08
1.5 -105.934
1.5 -104.712
1.5 -108.144
1.5 -103.89
1.5 -108.51
1.5 -110.63
1.5 -104.728
1.5 -111.69
1.5 -108.768
1.5 -110.236
1.5 -111.224
1.5 -105.412
1.5 -106.632
1.5 -106.768
1.5 -101.928
1.5 -105.24
1.5 -103.212
1.5 -105.322
1.5 -104.078
1.5 -111.842
1.5 -98.864
1.5 -105.536
1.5 -107.05
1.5 -100.486
1.5 -104.834
1.5 -103.936
1.5 -104.904
1.5 -105.668
1.5 -103.12
1.5 -100.964
1.5 -101.524
5.0 -96.862
5.0 -101.918
5.0 -101.61
5.0 -97.566
5.0 -106.52
5.0 -101.896
5.0 -100.596
5.0 -101.652
5.0 -99.452
5.0 -105.088
5.0 -104.02
5.0 -104.744
5.0 -103.86
7.5 -102.016
7.5 -99.552
7.5 -101.882
7.5 -102.014
7.5 -96.134
7.5 -106.762
7.5 -104.128
7.5 -101.022
7.5 -100.406
7.5 -99.712
8.0 -100.79
8.0 -101.75
8.0 -105.026
8.0 -103.968
8.0 -102.504
8.0 -97.626
8.0 -100.276
8.0 -102.23
8.0 -105.834
8.0 -100.558
8.0 -102.936
8.0 -98.262
8.0 -98.03
100
-59.5 -232.912
-45.5 -176.204
-35.5 -144.08
-25.0 -147.116
-25.0 -128.382
-23.5 -125.548
-9.0 -124.326
-9.0 -118.626
-9.0 -120.13
-9.0 -121.274
-9.0 -115.954
-9.0 -112.108
-8.0 -115.83
-5.5 -112.568
-5.5 -119.768
-5.5 -111.302
-5.5 -112.238
-5.5 -112.206
-5.5 -116.794
-5.5 -116.262
-5.5 -116.082
-5.5 -111.934
-5.5 -109.924
-5.5 -111.214
-5.5 -117.214
-5.5 -109.782
-5.5 -103.078
-5.5 -100.554
-5.5 -100.46
-5.5 -114.192
-5.5 -106.706
-5.5 -100.732
-5.5 -108.718
-5.5 -111.908
-5.5 -102.896
-5.5 -110.718
-5.5 -112.586
-5.5 -115.03
-3.0 -111.328
-3.0 -102.22
1.0 -106.948
1.0 -106.84
2.0 -104.388
2.0 -105.652
2.0 -97.99
2.0 -108.248
2.0 -108.526
2.0 -109.636
2.0 -101.968
2.0 -100.262
2.0 -107.842
2.0 -105.304
7.5 -103.562
7.5 -103.32
7.5 -106.708
7.5 -100.378
7.5 -102.818
7.5 -95.328
7.5 -105.9
7.5 -102.556
7.5 -101.584
7.5 -108.332
7.5 -102.238
7.5 -111.062
7.5 -102.942
7.5 -103.534
7.5 -101.262
7.5 -102.596
7.5 -105.24
7.5 -101.446
7.5 -101.934
7.5 -103.454
7.5 -106.952
7.5 -100.56
7.5 -103.738
7.5 -98.074
10.0 -97.612
10.0 -104.756
10.0 -102.316
10.0 -106.874
10.0 -104.44
10.0 -101.512
10.0 -104.45
10.0 -98.304
10.0 -101.676
10.0 -103.866
10.0 -101.81
10.0 -101.304
10.0 -95.878
10.0 -100.698
10.0 -103.914
10.0 -103.048
10.0 -100.882
10.0 -99.022
10.0 -106.448
10.0 -101.472
10.0 -103.064
10.0 -102.64
10.0 -100.1
10.0 -99.484
100
-73.5 -220.12
-21.5 -156.684
-21.5 -143.234
-21.5 -139.906
-20.5 -128.026
-20.5 -117.916
-20.5 -122.788
-20.5 -115.74
-3.5 -118.334
-3.5 -119.042
-3.5 -121.778
-3.5 -114.562
-3.5 -109.864
4.0 -114.422
4.0 -110.372
4.0 -110.374
4.0 -113.45
4.0 -112.7
4.0 -114.264
4.0 -108.766
4.0 -114.374
4.0 -106.58
4.0 -109.938
5.0 -106.648
5.0 -110.918
8.5 -110.196
8.5 -111.354
8.5 -108.124
8.5 -99.97
8.5 -106.652
8.5 -105.212
8.5 -106.74
8.5 -108.238
8.5 -113.15
8.5 -104.36
8.5 -108.756
8.5 -103.024
8.5 -108.94
8.5 -102.622
8.5 -103.184
8.5 -105.788
8.5 -110.584
8.5 -110.268
8.5 -105.358
8.5 -106.382
8.5 -97.39
8.5 -102.858
8.5 -104.412
8.5 -109.348
8.5 -110.784
8.5 -105.306
8.5 -105.99
8.5 -108.316
8.5 -108.042
8.5 -104.404
8.5 -108.44
8.5 -110.71
8.5 -105.298
8.5 -103.846
8.5 -105.398
8.5 -103.468
8.5 -107.546
8.5 -109.134
8.5 -104.688
8.5 -106.836
8.5 -105.864
8.5 -98.922
8.5 -104.304
8.5 -108.504
8.5 -107.964
8.5 -107.254
8.5 -103.426
8.5 -96.192
8.5 -99.802
8.5 -103.8
8.5 -99.772
8.5 -105.476
8.5 -107.424
8.5 -98.748
8.5 -95.764
8.5 -102.554
8.5 -102.932
8.5 -99.402
8.5 -104.222
8.5 -104.842
8.5 -106.282
8.5 -97.842
8.5 -94.69
8.5 -97.356
8.5 -97.16
9.0 -101.19
9.0 -99.238
9.0 -104.588
9.0 -92.128
9.0 -99.434
9.0 -90.68
9.0 -101.668
9.0 -103.206
9.0 -98.096
9.0 -100.12
100
-14.0 -234.698
-14.0 -157.066
-7.0 -140.606
10.5 -126.508
10.5 -122.884
10.5 -122.15
10.5 -126.542
10.5 -119.772
10.5 -120.07
10.5 -118.72
10.5 -116.104
10.5 -111.346
10.5 -112.074
10.5 -114.636
10.5 -117.272
10.5 -115.694
10.5 -117.326
10.5 -113.662
10.5 -109.096
10.5 -113.728
10.5 -111.452
10.5 -112.128
10.5 -110.12
10.5 -106.494
10.5 -108.67
10.5 -114.854
10.5 -113.088
10.5 -107.614
10.5 -105.626
10.5 -106.548
10.5 -108.288
10.5 -105.814
10.5 -102.824
10.5 -106.046
10.5 -106.094
10.5 -105.816
10.5 -108.206
10.5 -106.546
10.5 -105.766
10.5 -100.51
10.5 -106.146
10.5 -109.628
10.5 -107.462
10.5 -106.112
10.5 -102.496
10.5 -110.176
10.5 -105.734
10.5 -97.244
10.5 -101.382
10.5 -106.23
10.5 -103.97
10.5 -108.258
10.5 -93.218
10.5 -101.922
10.5 -108.408
10.5 -105.332
10.5 -109.35
10.5 -99.05
10.5 -102.95
10.5 -104.418
10.5 -103.514
10.5 -102.342
10.5 -94.458
10.5 -103.622
10.5 -101.36
10.5 -98.112
10.5 -103.8
10.5 -102.692
10.5 -100.886
10.5 -103.462
10.5 -105.74
10.5 -104.436
10.5 -103.392
10.5 -100.978
10.5 -101.09
10.5 -108.958
10.5 -102.74
10.5 -103.59
10.5 -100.872
10.5 -98.806
10.5 -99.482
10.5 -102.558
10.5 -105.872
10.5 -103.508
10.5 -95.846
10.5 -97.578
10.5 -97.244
10.5 -100.906
10.5 -103.116
10.5 -105.046
10.5 -106.578
11.5 -107.17
11.5 -101.744
11.5 -97.472
11.5 -93.466
11.5 -96.758
11.5 -100.782
11.5 -107.44
11.5 -103.958
11.5 -106.092
100
-82.0 -234.674
-47.0 -164.866
-17.0 -146.202
-17.0 -137.198
-16.5 -129.19
-16.5 -132.948
-16.5 -126.566
-10.0 -123.568
-10.0 -121.824
-10.0 -115.648
-10.0 -117.448
-10.0 -118.052
-1.5 -111.572
-1.5 -108.264
-1.5 -113.328
-1.5 -108.352
-1.5 -110.916
-1.5 -114.306
-1.5 -114.522
-1.5 -111.874
-1.5 -113.132
-1.5 -107.894
-1.5 -114.004
-1.5 -107.824
4.5 -115.822
4.5 -108.852
4.5 -111.144
4.5 -107.056
4.5 -107.054
4.5 -104.844
4.5 -104.444
4.5 -105.794
4.5 -107.156
4.5 -109.05
4.5 -112.566
4.5 -111.398
4.5 -114.13
4.5 -110.486
4.5 -108.616
4.5 -109.996
4.5 -107.722
4.5 -110.226
4.5 -102.596
4.5 -106.87
4.5 -107.276
4.5 -110.706
4.5 -105.25
4.5 -103.538
4.5 -103.916
4.5 -104.418
4.5 -109.68
4.5 -102.734
4.5 -109.4
4.5 -109.588
4.5 -106.594
4.5 -100.526
4.5 -110.322
4.5 -103.562
4.5 -110.49
4.5 -102.316
4.5 -104.582
9.0 -98.376
9.0 -105.92
9.0 -102.684
9.0 -110.316
9.0 -111.546
9.0 -104.042
9.0 -101.048
9.0 -100.854
9.0 -101.128
9.0 -104.276
9.0 -103.344
9.0 -96.97
9.0 -98.3
9.0 -98.404
9.0 -99.912
9.0 -98.894
9.0 -109.214
9.0 -98.46
9.0 -102.04
9.0 -100.038
9.0 -104.584
9.0 -100.95
9.0 -102.014
9.0 -93.256
9.0 -98.902
9.0 -106.174
9.0 -100.568
9.0 -99.476
9.0 -99.686
9.0 -104.184
9.0 -105.044
9.0 -98.482
9.0 -100.486
9.0 -105.904
9.0 -98.24
9.0 -99.156
9.0 -107.518
9.0 -109.428
9.0 -98.442
100
-44.0 -229.322
-38.5 -160.34
-27.0 -139.164
-17.5 -132.93
-17.5 -129.482
-17.5 -126.176
-17.5 -126.244
-9.0 -125.296
-9.0 -120.476
-9.0 -118.288
-9.0 -116.154
-9.0 -122.298
-9.0 -117.828
-9.0 -126.002
-9.0 -124.31
-9.0 -126.786
-9.0 -123.072
-9.0 -122.72
-9.0 -114.36
-9.0 -119.648
-9.0 -111.234
-9.0 -116.952
-9.0 -118.126
-9.0 -112.898
-9.0 -119.514
-9.0 -115.256
-9.0 -117.074
-9.0 -119.464
-9.0 -117.202
-9.0 -112.312
-9.0 -117.272
-9.0 -119.25
-9.0 -111.938
-9.0 -110.894
-9.0 -117.584
-6.5 -110.934
-6.5 -115.558
-6.0 -108.04
-6.0 -111.74
-6.0 -110.196
-6.0 -113.936
-6.0 -113.798
-6.0 -108.198
-6.0 -112.266
2.5 -117.016
2.5 -112.298
2.5 -107.32
2.5 -97.672
2.5 -106.472
2.5 -104.576
7.5 -109.624
7.5 -109.274
7.5 -108.938
7.5 -109.784
7.5 -106.472
7.5 -107.082
7.5 -108.398
7.5 -100.49
7.5 -104.624
7.5 -103.24
7.5 -107.066
7.5 -99.582
7.5 -105.364
7.5 -103.032
7.5 -106.626
7.5 -108.768
7.5 -108.214
7.5 -107.192
7.5 -106.924
7.5 -101.202
7.5 -103.294
7.5 -107.124
7.5 -103.346
7.5 -104.688
7.5 -99.074
7.5 -102.536
7.5 -105.316
7.5 -102.76
7.5 -105.22
7.5 -107.088
7.5 -92.242
7.5 -103.73
7.5 -100.346
7.5 -103.076
7.5 -99.626
7.5 -100.626
7.5 -103.724
7.5 -96.212
7.5 -95.25
7.5 -104.974
7.5 -101.362
7.5 -107.228
7.5 -96.068
7.5 -101.584
7.5 -98.52
7.5 -104.238
7.5 -108.942
7.5 -102.936
7.5 -90.57
7.5 -96.516
100
-70.0 -233.058
-40.5 -162.792
-13.5 -146.59
-13.5 -132.336
-13.5 -132.026
-13.5 -132.064
-13.5 -117.556
-13.5 -122.972
-13.5 -124.224
-13.5 -116.928
-13.5 -117.338
-7.5 -113.138
-7.5 -123.47
-7.5 -117.356
-7.5 -115.968
-7.5 -117.5
-7.5 -113.604
-7.5 -115.37
-7.5 -111.258
-7.5 -111.766
-7.5 -117.09
-7.5 -112.184
-7.5 -117.912
-7.5 -114.58
-7.5 -110.438
-7.5 -112.294
-7.5 -108.774
-2.5 -105.898
-2.5 -111.114
-2.0 -114.832
-2.0 -114.09
-2.0 -111.69
-2.0 -107.51
-2.0 -107.908
-2.0 -102.444
-2.0 -106.01
-2.0 -106.86
-2.0 -108.628
-2.0 -101.886
-2.0 -100.784
-2.0 -106.996
1.5 -109.256
1.5 -108.684
1.5 -108.44
1.5 -108.462
1.5 -104.996
1.5 -105.328
1.5 -104.328
1.5 -101.46
1.5 -110.142
1.5 -104.36
1.5 -103.564
1.5 -105.842
1.5 -104.284
1.5 -101.57
1.5 -98.386
1.5 -98.734
1.5 -101.746
1.5 -101.666
1.5 -103.042
1.5 -110.798
1.5 -111.42
1.5 -104.382
1.5 -104.184
1.5 -103.252
1.5 -106.222
1.5 -105.442
1.5 -104.956
1.5 -103.468
1.5 -101.724
1.5 -105.574
1.5 -103.784
1.5 -104.84
1.5 -99.502
1.5 -90.842
1.5 -94.78
1.5 -103.658
1.5 -103.486
1.5 -101.69
1.5 -101.754
1.5 -96.33
1.5 -100.45
1.5 -104.664
1.5 -97.196
1.5 -110.74
1.5 -104.178
1.5 -95.516
1.5 -102.69
1.5 -98.25
1.5 -103.038
1.5 -103.942
1.5 -99.212
6.0 -96.662
6.0 -105.704
6.0 -106.096
6.0 -98.168
6.0 -101.43
6.0 -94.952
6.0 -106.99
6.0 -103.588
100
-15.5 -221.03
-15.5 -165.166
-15.5 -149.43
-15.5 -139.526
-15.5 -134.552
-15.5 -131.95
-15.5 -130.606
-12.0 -119.69
-12.0 -117.944
-11.5 -123.162
-7.0 -122.54
-7.0 -124.67
-7.0 -115.296
4.5 -112.396
4.5 -118.242
4.5 -111.504
4.5 -116.952
4.5 -106.776
4.5 -113.422
4.5 -106.734
4.5 -110.912
4.5 -108.508
4.5 -104.864
4.5 -110.368
4.5 -109.03
4.5 -109.134
4.5 -113.65
4.5 -104.398
4.5 -103.186
4.5 -111.542
4.5 -105.342
4.5 -103.282
4.5 -104.466
4.5 -106.352
5.0 -104.022
5.0 -104.328
5.0 -112.602
5.0 -108.546
5.0 -102.832
5.0 -99.824
5.0 -104.986
5.0 -103.32
5.0 -102.154
5.0 -106.104
5.0 -95.3
5.0 -103.086
5.0 -103.49
5.0 -109.112
5.0 -110.774
5.0 -104.594
5.0 -94.452
5.0 -102.72
5.0 -100.51
5.0 -95.788
5.0 -102.55
5.0 -99.534
5.0 -97.85
5.0 -104.458
5.0 -100.984
5.0 -100.784
5.0 -106.69
5.0 -103.664
5.0 -100.508
5.0 -103.128
5.0 -105.208
10.0 -100.118
10.0 -103.848
10.0 -107.89
10.0 -106.686
10.0 -105.556
10.0 -104.268
10.0 -100.148
10.0 -104.254
10.0 -98.322
10.0 -98.204
10.0 -98.086
10.0 -101.278
10.0 -101.088
12.5 -100.786
12.5 -98.82
12.5 -102.904
12.5 -100.534
12.5 -103.642
12.5 -102.642
12.5 -99.566
12.5 -94.14
12.5 -101.038
12.5 -99.452
12.5 -96.772
12.5 -99.406
12.5 -106.522
12.5 -99.982
12.5 -102.316
12.5 -101.108
12.5 -102.242
12.5 -101.144
12.5 -107.81
12.5 -100.892
12.5 -108.372
12.5 -106.776
100
-57.0 -241.42
-47.0 -169.208
-25.5 -149.164
-25.5 -148.578
-19.0 -137.402
-11.5 -127.048
-11.5 -125.216
-11.5 -124.718
-3.5 -121.552
3.0 -118.6
3.0 -105.428
3.0 -114.514
3.0 -111.52
3.0 -116.778
3.0 -116.854
3.0 -108.108
3.0 -114.408
3.0 -110.592
3.0 -112.738
3.0 -113.654
3.0 -105.962
3.0 -107.732
3.0 -108.228
3.0 -111.84
3.0 -110.948
3.0 -105.504
3.0 -106.496
3.0 -108.924
3.0 -104.584
3.0 -104.258
3.0 -100.636
3.0 -104.58
3.0 -104.45
3.0 -115.292
3.0 -109.45
3.0 -110.238
3.0 -98.788
3.0 -108.124
3.0 -101.858
3.0 -100.172
3.0 -107.228
3.0 -103.354
3.0 -106.142
3.0 -104.87
3.0 -106.718
3.0 -106.22
12.5 -103.55
12.5 -100.252
12.5 -106.436
12.5 -113.606
12.5 -104.032
12.5 -107.248
12.5 -109.256
12.5 -101.214
12.5 -109.376
12.5 -99.956
12.5 -105.134
12.5 -110.438
12.5 -105.554
12.5 -99.906
12.5 -109.572
12.5 -103.486
12.5 -101.584
12.5 -108.652
12.5 -104.678
12.5 -98.702
12.5 -103.302
12.5 -106.93
12.5 -105.158
12.5 -101.24
12.5 -98.676
12.5 -98.082
12.5 -106.418
12.5 -105.368
12.5 -94.71
12.5 -103.47
12.5 -105.832
12.5 -101.516
12.5 -101.004
12.5 -94.89
12.5 -101.158
12.5 -101.22
12.5 -95.764
12.5 -104.44
12.5 -101.166
12.5 -99.692
12.5 -91.986
12.5 -95.658
12.5 -96.914
12.5 -102.612
12.5 -95.138
12.5 -93.854
12.5 -90.854
12.5 -96.56
12.5 -103.87
12.5 -91.7
12.5 -97.06
12.5 -98.374
12.5 -100.138
12.5 -91.804
100
-42.0 -216.232
-38.5 -162.764
-38.5 -139.932
-20.0 -136.162
-20.0 -138.13
-20.0 -129.048
4.5 -121.42
4.5 -125.776
4.5 -124.026
4.5 -120.89
4.5 -121.026
4.5 -115.798
4.5 -117.974
4.5 -118.884
4.5 -120.918
4.5 -111.154
4.5 -112.068
4.5 -115.598
4.5 -113.338
4.5 -117.256
4.5 -116.964
4.5 -115.616
4.5 -115.46
4.5 -111.768
4.5 -109.94
4.5 -113.746
4.5 -110.17
4.5 -110.902
4.5 -107.648
4.5 -107.478
4.5 -100.688
4.5 -105.64
4.5 -107.146
4.5 -113.752
4.5 -110.752
4.5 -106.844
4.5 -106.818
4.5 -112.71
4.5 -108.496
4.5 -106.184
4.5 -104.76
4.5 -105.186
4.5 -108.828
4.5 -111.486
4.5 -110.776
4.5 -112.304
4.5 -104.94
4.5 -103.618
4.5 -103.244
4.5 -102.382
4.5 -111.198
4.5 -108.99
4.5 -101.488
4.5 -103.102
4.5 -101.254
4.5 -103.456
4.5 -98.536
4.5 -98.854
4.5 -108.438
4.5 -108.234
4.5 -102.148
4.5 -112.988
4.5 -103.27
4.5 -99.168
4.5 -106.568
4.5 -102.426
4.5 -100.07
4.5 -103.058
4.5 -107.176
4.5 -103.582
4.5 -105.542
4.5 -103.802
4.5 -103.76
4.5 -108.062
4.5 -111.374
4.5 -109.41
4.5 -102.122
4.5 -102.816
4.5 -99.824
4.5 -97.462
4.5 -104.132
4.5 -103.294
4.5 -103.614
4.5 -102.216
4.5 -99.28
4.5 -101.656
4.5 -103.926
4.5 -101.83
4.5 -91.11
4.5 -96.444
4.5 -98.98
4.5 -105.598
4.5 -99.562
4.5 -103.596
4.5 -99.724
4.5 -99.836
4.5 -102.834
4.5 -105.682
4.5 -100.69
4.5 -102.464

Individual: [1, 2, 4, 6, 9, 10, 13, 15, 21, 23, 26, 28, 32, 39, 42, 48, 56, 64, 65, 73, 76, 80, 82, 83, 85, 91, 93, 94, 97, 98]
   Fitness: 8.0
     Total: 30
Violations: 37 18

Individual: [1, 5, 7, 10, 11, 12, 22, 23, 25, 27, 28, 31, 52, 56, 57, 59, 67, 69, 71, 73, 79, 87, 89, 91, 94, 98]
   Fitness: 10.0
     Total: 26
Violations: 29 15

Individual: [1, 2, 5, 8, 12, 14, 18, 23, 24, 29, 32, 33, 36, 40, 41, 42, 58, 62, 72, 73, 74, 85, 90, 91, 93, 94, 96, 97]
   Fitness: 9.0
     Total: 28
Violations: 33 22

Individual: [2, 3, 4, 8, 14, 17, 18, 23, 24, 27, 29, 31, 36, 38, 39, 41, 43, 56, 67, 74, 79, 87, 91, 93, 97, 98, 100]
   Fitness: 11.5
     Total: 27
Violations: 29 17

Individual: [10, 11, 12, 14, 15, 16, 21, 25, 26, 30, 31, 33, 47, 59, 62, 66, 68, 69, 73, 79, 81, 84, 90, 94, 95, 96, 98, 100]
   Fitness: 9.0
     Total: 28
Violations: 33 21

Individual: [2, 3, 4, 7, 8, 10, 19, 29, 32, 37, 40, 42, 43, 44, 50, 57, 61, 66, 79, 80, 82, 92, 96]
   Fitness: 7.5
     Total: 23
Violations: 27 14

Individual: [1, 6, 7, 12, 13, 18, 22, 24, 29, 36, 39, 40, 46, 48, 50, 54, 70, 71, 75, 77, 86, 88, 95, 98, 99, 100]
   Fitness: 6.0
     Total: 26
Violations: 33 18

Individual: [1, 3, 4, 6, 14, 16, 18, 25, 44, 46, 49, 56, 57, 59, 61, 62, 71, 73, 76, 83, 86, 90, 94, 99, 100]
   Fitness: 12.5
     Total: 25
Violations: 25 16

Individual: [1, 2, 3, 5, 9, 10, 12, 20, 24, 27, 28, 30, 38, 41, 52, 65, 66, 68, 70, 71, 73, 79, 82, 83, 86, 87, 89, 94, 100]
   Fitness: 12.5
     Total: 29
Violations: 31 17

Individual: [2, 4, 5, 11, 15, 17, 24, 25, 26, 36, 41, 45, 49, 51, 52, 62, 64, 68, 70, 71, 74, 75, 81, 82, 93, 94, 95, 96, 98]
   Fitness: 4.5
     Total: 29
Violations: 39 21
