10
100
-60.5 -236.96
-60.5 -168.83
-56.5 -147.73
-33.0 -115.59
-24.0 -104.975
-24.0 -100.77
-9.0 -114.245
-9.0 -76.69
-8.0 -64.96
1.5 -56.11
1.5 -48.015
10.5 -48.095
10.5 -41.765
10.5 -41.29
10.5 -42.425
14.0 -30.825
14.0 -38.055
14.0 -40.405
14.0 -33.31
14.0 -29.15
14.0 -26.625
14.0 -29.98
14.0 -23.61
14.0 -23.97
15.0 -22.87
15.0 -30.535
15.0 -35.12
15.0 -22.62
15.0 -28.245
15.0 -24.21
18.0 -28.115
18.0 -17.12
18.0 -21.16
20.5 -33.81
20.5 -21.955
20.5 -24.57
20.5 -23.01
20.5 -35.805
20.5 -32.075
20.5 -28.705
20.5 -24.215
20.5 -32.815
20.5 -36.4
20.5 -38.28
20.5 -24.31
20.5 -35.305
22.0 -30.975
22.0 -31.215
22.0 -26.21
22.0 -20.18
22.0 -16.175
22.0 -16.675
22.0 -15.745
22.0 -14.745
22.0 -15.745
22.0 -22.115
22.0 -30.755
22.0 -20.865
22.0 -22.985
22.0 -34.41
22.0 -26.445
22.0 -17.25
22.0 -19.94
22.0 -23.26
22.0 -23.48
22.0 -15.845
22.0 -22.935
22.0 -22.755
22.0 -26.44
22.0 -29.72
22.0 -37.485
22.0 -23.515
22.5 -17.68
22.5 -14.205
22.5 -24.445
22.5 -18.835
25.0 -21.59
25.0 -11.71
25.0 -17.845
25.0 -11.56
25.0 -27.1
25.0 -13.925
25.0 -16.605
26.0 -10.385
26.0 -20.575
26.0 -19.875
26.0 -17.445
26.0 -11.145
26.0 -10.29
26.0 -22.465
26.0 -12.28
26.0 -6.365
26.0 -9.66
26.0 -12.545
26.0 -15.87
26.0 -16.185
26.0 -11.545
26.0 -6.445
26.0 -21.52
26.0 -13.765
100
-84.0 -232.345
-68.5 -161.705
-43.0 -139.015
-37.0 -106.125
-32.0 -96.305
-28.0 -88.065
-1.5 -99.47
-1.5 -81.84
-1.5 -57.685
-1.5 -62.255
6.5 -63.85
8.0 -56.3
15.5 -48.125
15.5 -43.48
15.5 -45.795
19.0 -42.04
19.0 -44.325
19.0 -38.82
19.0 -37.505
19.0 -27.33
19.0 -21.735
20.0 -24.93
20.0 -27.24
20.0 -20.405
20.0 -19.335
20.0 -19.605
20.0 -17.83
20.0 -20.69
20.0 -22.19
20.5 -15.525
20.5 -10.485
20.5 -15.68
20.5 -19.39
20.5 -16.875
20.5 -25.01
20.5 -17.875
21.5 -17.285
21.5 -19.69
21.5 -15.1
21.5 -17.02
21.5 -12.9
21.5 -19.775
21.5 -26.34
21.5 -23.59
21.5 -18.22
21.5 -19.975
21.5 -27.13
21.5 -18.755
21.5 -22.835
21.5 -27.245
21.5 -37.555
21.5 -18.18
21.5 -21.675
21.5 -6.245
21.5 -7.41
25.0 -12.895
25.0 -16.645
25.0 -12.595
25.0 -15.215
25.0 -13.03
25.0 -8.975
25.0 -16.37
25.0 -22.665
25.0 -27.29
25.0 -19.335
25.0 -20.695
25.0 -24.38
25.0 -18.645
25.0 -11.785
25.0 -12.34
25.0 -9.025
25.0 -10.89
25.0 -10.275
25.0 -10.875
25.0 -12.905
25.0 -12.95
25.0 -17.285
25.0 -13.565
25.0 -13.685
25.0 -11.68
25.0 -13.365
25.0 -15.505
25.0 -10.645
25.0 -15.115
25.0 -19.665
25.0 -18.83
25.0 -15.23
25.0 -17.225
25.0 -23.155
25.0 -46.2
25.0 -28.105
25.0 -24.84
25.0 -13.135
25.0 -18.015
25.0 -12.3
25.0 -6.665
25.0 -9.205
25.0 -16.265
25.0 -28.18
25.0 -21.56
100
-62.5 -229.945
-50.5 -157.315
-35.5 -137.9
-35.5 -121.84
-29.0 -118.18
-20.0 -94.79
-20.0 -86.945
-1.0 -93.94
-1.0 -74.58
-1.0 -72.545
-1.0 -53.725
4.5 -48.675
4.5 -47.77
7.0 -28.995
7.5 -32.815
11.0 -37.13
11.0 -37.605
11.0 -39.48
11.0 -29.98
13.5 -24.65
19.5 -36.305
19.5 -32.355
19.5 -28.41
19.5 -34.745
21.0 -23.49
21.0 -14.69
21.0 -27.63
21.0 -19.395
21.0 -20.28
21.0 -24.52
21.0 -14.92
21.0 -17.675
21.0 -14.5
21.0 -10.24
21.0 -22.015
21.0 -18.51
21.0 -19.32
21.0 -14.355
21.0 -13.235
21.0 -13.42
21.0 -14.115
21.0 -13.35
21.0 -9.355
21.0 -18.735
21.0 -14.675
22.0 -16.51
22.0 -12.465
22.0 -10.71
22.0 -16.945
22.0 -17.395
22.0 -11.77
23.0 -14.905
23.0 -15.58
23.0 -30.075
23.0 -15.33
23.0 -16.725
23.0 -18.055
23.0 -19.81
23.0 -30.06
23.0 -25.58
23.0 -30.825
23.0 -43.755
23.0 -13.995
23.0 -17.41
23.0 -15.565
23.0 -23.02
23.0 -23.83
23.5 -21.06
23.5 -44.145
23.5 -28.115
23.5 -34.11
23.5 -24.725
23.5 -22.69
23.5 -18.735
23.5 -19.03
23.5 -16.53
23.5 -26.515
23.5 -13.615
23.5 -19.49
23.5 -30.78
23.5 -22.285
23.5 -24.085
23.5 -19.72
23.5 -34.725
23.5 -21.27
23.5 -19.655
23.5 -24.015
23.5 -21.195
23.5 -19.625
23.5 -17.15
23.5 -15.765
23.5 -12.39
23.5 -17.76
24.0 -16.425
24.0 -15.52
24.0 -8.075
24.0 -23.64
24.0 -31.95
24.0 -29.18
24.0 -18.325
100
-60.0 -228.695
-57.0 -160.48
-49.0 -133.685
-32.5 -114.44
-32.5 -112.24
-32.5 -94.39
-28.5 -82.54
-17.5 -90.895
-13.0 -76.94
-10.5 -68.27
9.0 -66.93
9.0 -60.77
10.5 -46.795
10.5 -41.315
10.5 -37.14
12.0 -38.115
12.0 -39.925
12.0 -40.745
13.0 -36.775
13.0 -31.58
13.0 -41.655
14.0 -35.24
14.0 -31.22
14.0 -30.825
18.0 -33.555
18.0 -27.55
18.0 -27.315
18.0 -30.185
18.0 -27.375
18.0 -41.855
18.0 -30.81
18.0 -28.67
19.5 -16.85
19.5 -18.835
19.5 -34.34
19.5 -21.61
19.5 -10.925
19.5 -15.07
19.5 -18.015
19.5 -17.98
22.0 -27.0
22.0 -41.86
22.0 -37.135
22.0 -30.33
22.0 -25.77
22.0 -22.24
22.0 -23.31
22.0 -18.315
22.0 -17.85
22.0 -16.32
22.0 -25.445
22.0 -21.445
23.0 -15.915
23.0 -16.19
23.0 -14.93
23.0 -8.52
23.0 -19.065
23.0 -13.43
23.0 -15.565
23.0 -20.08
23.0 -22.07
23.0 -22.105
23.0 -27.855
23.0 -27.465
23.0 -16.69
23.0 -22.05
23.0 -20.63
23.0 -27.165
23.0 -24.675
23.5 -25.06
23.5 -18.88
24.5 -18.085
24.5 -36.77
24.5 -24.21
24.5 -23.395
24.5 -21.96
24.5 -19.445
24.5 -23.23
24.5 -31.605
24.5 -25.425
24.5 -11.49
24.5 -25.19
24.5 -13.34
24.5 -15.77
24.5 -11.8
24.5 -6.43
24.5 -11.785
24.5 -15.48
24.5 -14.64
24.5 -10.55
24.5 -11.0
24.5 -14.115
24.5 -19.975
24.5 -14.7
24.5 -34.205
24.5 -24.29
24.5 -18.005
24.5 -13.625
24.5 -8.795
24.5 -4.31
100
-80.5 -231.745
-56.0 -161.195
-45.5 -135.735
-32.5 -106.26
-14.5 -104.475
-14.5 -80.285
-4.5 -67.655
-4.5 -74.12
-4.5 -72.75
-4.5 -60.825
-4.0 -57.3
-2.0 -55.7
2.5 -48.355
18.0 -44.885
18.0 -50.8
18.0 -43.305
18.0 -45.105
18.0 -42.385
18.0 -28.71
18.0 -35.09
18.0 -22.025
18.5 -16.585
18.5 -32.54
18.5 -22.345
22.5 -29.98
22.5 -19.28
22.5 -16.87
22.5 -23.46
22.5 -31.095
22.5 -25.26
22.5 -28.75
22.5 -12.49
22.5 -24.74
22.5 -11.615
23.5 -18.43
23.5 -17.585
23.5 -14.075
23.5 -17.975
23.5 -22.3
23.5 -15.775
25.0 -14.98
25.0 -23.1
25.0 -18.505
25.0 -13.225
25.0 -11.515
25.0 -7.545
25.0 -10.355
25.0 -8.1
25.0 -12.395
25.0 -9.725
25.0 -23.035
25.0 -20.085
25.0 -22.94
25.0 -17.69
25.0 -12.925
25.0 -12.52
25.0 -19.04
25.0 -18.74
25.0 -26.12
25.0 -15.23
25.0 -19.375
25.0 -24.73
25.0 -7.84
25.0 -21.695
25.0 -20.28
25.0 -19.455
25.0 -13.825
25.0 -13.815
25.0 -25.56
25.0 -20.095
25.0 -35.245
25.0 -32.175
25.5 -20.7
25.5 -16.825
25.5 -14.65
25.5 -25.795
25.5 -15.01
25.5 -8.655
25.5 -11.655
25.5 -6.66
25.5 -4.64
25.5 -13.735
25.5 -11.375
25.5 -15.19
25.5 -6.785
25.5 -12.99
25.5 -14.24
25.5 -14.73
25.5 -11.13
25.5 -13.09
25.5 -16.095
25.5 -23.005
25.5 -25.915
25.5 -22.165
25.5 -8.9
25.5 -10.405
25.5 -4.855
25.5 -8.34
25.5 -15.09
25.5 -15.405
100
-49.0 -229.315
-49.0 -171.295
-49.0 -128.72
-38.5 -109.105
-8.5 -106.775
-8.5 -88.475
-7.5 -77.27
-7.5 -82.135
-3.5 -66.77
-2.5 -54.395
-2.5 -54.715
-2.5 -54.93
2.5 -49.505
2.5 -53.455
8.0 -46.785
8.0 -48.11
12.0 -37.2
14.5 -49.39
14.5 -47.305
14.5 -35.355
17.5 -28.32
17.5 -41.97
17.5 -30.0
17.5 -34.665
18.0 -26.095
19.5 -24.645
19.5 -31.075
19.5 -33.34
19.5 -34.98
19.5 -33.37
19.5 -26.925
21.0 -20.9
21.0 -33.37
21.0 -38.42
21.0 -21.165
21.0 -26.33
21.0 -23.02
21.0 -27.0
21.0 -27.255
21.0 -36.925
21.0 -38.37
21.0 -24.595
21.0 -30.7
21.0 -27.565
21.0 -15.625
21.0 -17.125
21.0 -19.19
21.0 -34.51
21.0 -43.745
21.0 -33.76
21.0 -27.09
21.0 -52.17
21.0 -36.935
21.0 -40.87
21.0 -20.42
21.0 -20.415
21.5 -21.74
21.5 -27.29
21.5 -25.075
21.5 -23.09
21.5 -14.57
21.5 -9.285
21.5 -15.71
21.5 -14.355
21.5 -11.06
21.5 -7.01
21.5 -8.3
21.5 -9.995
21.5 -13.72
22.5 -26.695
23.0 -9.125
23.0 -10.82
23.0 -13.06
23.0 -9.78
23.0 -9.045
23.0 -6.78
23.0 -21.37
23.0 -24.805
23.0 -22.29
23.0 -19.375
23.0 -24.785
23.0 -16.625
23.0 -12.605
23.0 -14.055
23.0 -10.45
23.0 -11.22
23.0 -8.145
24.5 -11.27
24.5 -8.86
24.5 -18.325
24.5 -10.21
24.5 -16.15
24.5 -17.2
24.5 -8.91
24.5 -16.245
24.5 -16.795
24.5 -11.635
24.5 -12.975
24.5 -18.71
24.5 -31.02
100
-47.0 -235.44
-47.0 -170.225
-47.0 -134.87
-32.0 -120.675
-21.0 -109.76
-17.5 -90.45
-17.5 -70.11
-2.0 -65.34
-2.0 -75.91
-2.0 -65.265
4.0 -52.445
4.0 -53.46
9.0 -43.98
9.0 -52.02
9.0 -41.42
11.0 -34.17
11.0 -39.885
11.0 -44.625
13.0 -34.925
13.0 -34.16
13.0 -26.145
13.0 -31.615
14.5 -34.795
14.5 -39.065
14.5 -36.23
14.5 -34.94
14.5 -41.41
14.5 -36.45
15.5 -34.205
16.5 -45.735
16.5 -33.865
20.5 -28.325
20.5 -42.89
20.5 -26.315
21.0 -28.015
21.0 -30.09
21.0 -18.675
21.0 -20.49
23.0 -27.015
23.0 -26.965
23.0 -27.605
23.0 -25.93
23.0 -24.125
23.0 -20.495
23.0 -19.22
23.0 -19.57
23.0 -3.405
24.5 -13.59
24.5 -16.97
24.5 -13.0
24.5 -13.81
24.5 -17.235
24.5 -13.775
24.5 -14.885
24.5 -14.01
24.5 -9.53
24.5 -10.54
24.5 -14.805
24.5 -9.045
24.5 -24.855
24.5 -45.91
24.5 -24.795
24.5 -25.165
24.5 -19.07
27.0 -15.44
27.0 -13.72
27.0 -20.155
27.0 -20.085
27.0 -32.795
27.0 -21.055
27.0 -18.39
27.0 -21.9
27.0 -36.91
27.0 -42.795
27.0 -26.15
27.0 -14.905
27.0 -12.575
27.0 -15.955
27.0 -12.855
27.0 -10.485
27.0 -3.805
28.0 -4.345
28.0 -10.52
28.0 -14.275
28.0 -7.015
28.0 -12.285
28.0 -12.355
28.0 -8.405
28.0 -5.59
28.0 -4.51
28.0 -11.305
28.0 -21.52
28.0 -13.19
28.0 -6.04
28.0 -10.31
28.0 -18.835
28.0 -20.555
28.0 -10.695
28.0 -11.275
28.0 -12.025
100
-55.0 -241.93
-55.0 -172.685
-44.5 -134.29
-37.5 -116.96
-36.5 -108.075
-7.0 -88.16
-7.0 -84.74
-2.5 -68.755
-2.5 -66.93
5.5 -66.515
5.5 -59.385
8.5 -48.83
8.5 -42.82
8.5 -54.27
9.5 -43.555
9.5 -47.235
14.0 -47.535
14.0 -39.935
14.0 -43.235
19.5 -38.855
19.5 -35.085
19.5 -41.675
19.5 -31.085
19.5 -31.22
19.5 -34.245
19.5 -28.94
19.5 -22.47
19.5 -33.265
19.5 -30.655
19.5 -16.705
19.5 -20.835
20.0 -22.42
20.0 -17.18
20.5 -22.49
20.5 -18.745
20.5 -27.52
20.5 -21.235
20.5 -17.755
20.5 -28.605
20.5 -24.465
20.5 -11.075
20.5 -17.085
21.0 -17.58
21.0 -21.995
21.0 -14.36
21.0 -13.77
22.0 -10.095
22.0 -12.405
22.0 -9.735
22.0 -13.8
22.0 -10.795
22.0 -11.755
22.0 -17.345
22.0 -17.53
22.0 -23.57
22.0 -15.125
22.0 -19.45
22.0 -23.485
22.0 -21.88
22.0 -13.165
22.0 -12.22
22.0 -16.01
22.0 -14.385
22.0 -10.56
22.0 -6.175
22.0 -8.12
22.0 -11.805
22.0 -14.15
22.0 -15.48
22.5 -13.18
22.5 -19.015
22.5 -13.155
22.5 -12.34
22.5 -14.69
22.5 -13.075
25.5 -12.985
25.5 -8.87
25.5 -9.015
25.5 -10.44
25.5 -16.31
25.5 -8.74
25.5 -4.89
25.5 -9.29
25.5 -13.435
25.5 -6.795
25.5 -16.6
25.5 -12.585
25.5 -20.14
25.5 -7.5
25.5 -10.865
25.5 -11.05
25.5 -7.58
25.5 -11.69
25.5 -9.175
25.5 -7.06
25.5 -5.765
25.5 -4.18
25.5 -8.955
25.5 -17.975
25.5 -16.28
100
-70.5 -231.66
-70.5 -182.59
-36.0 -151.52
-36.0 -130.525
-26.5 -142.59
-26.5 -100.155
-26.5 -92.255
-26.5 -84.345
-6.5 -79.4
-6.5 -66.095
-2.5 -69.04
1.5 -62.225
1.5 -51.08
6.5 -46.725
6.5 -50.2
6.5 -49.66
10.5 -33.57
12.5 -41.99
14.5 -31.205
14.5 -40.985
17.5 -28.755
17.5 -28.485
17.5 -23.215
17.5 -24.7
17.5 -25.295
17.5 -27.525
17.5 -33.35
17.5 -41.01
18.0 -35.5
18.0 -26.675
18.0 -22.265
18.5 -15.96
18.5 -21.175
20.0 -23.17
20.0 -22.75
20.0 -19.25
20.0 -18.975
20.0 -26.12
20.0 -28.095
20.0 -14.315
20.0 -11.29
20.5 -14.96
20.5 -12.765
20.5 -12.755
20.5 -22.31
20.5 -18.655
20.5 -14.935
20.5 -10.42
22.0 -6.085
22.0 -9.47
22.0 -17.385
22.0 -13.215
22.0 -13.775
22.0 -13.39
22.0 -15.26
23.5 -14.755
23.5 -16.595
23.5 -14.33
23.5 -11.095
23.5 -12.385
23.5 -7.335
23.5 -11.7
24.0 -3.705
24.0 -9.93
24.0 -13.89
24.0 -8.49
24.0 -5.005
24.0 -17.675
24.0 -14.43
24.0 -14.185
24.0 -13.315
24.0 -11.39
24.0 -25.525
24.0 -21.475
24.0 -15.97
24.0 -12.79
24.0 -14.115
24.0 -14.12
24.0 -8.84
24.0 -9.75
24.0 -11.68
24.0 -12.905
24.0 -11.6
24.0 -8.555
24.0 -10.27
24.0 -16.32
24.0 -21.705
24.0 -15.29
24.0 -11.195
24.0 -10.135
26.0 -8.26
26.0 -11.32
27.5 -14.15
27.5 -11.86
27.5 -18.985
27.5 -19.895
27.5 -18.0
27.5 -24.03
27.5 -29.575
27.5 -33.1
100
-73.5 -228.07
-73.5 -171.56
-59.5 -151.445
-35.0 -118.48
-21.0 -105.515
-21.0 -107.765
-16.0 -98.17
-13.5 -77.795
-13.5 -86.21
-2.0 -77.875
-2.0 -61.57
0.0 -64.43
0.0 -68.255
0.0 -46.565
4.5 -46.035
4.5 -34.625
11.5 -30.43
13.5 -33.46
13.5 -33.505
13.5 -33.99
13.5 -30.005
13.5 -37.175
16.5 -30.005
16.5 -34.19
16.5 -25.835
16.5 -39.105
16.5 -31.72
20.0 -32.04
21.0 -18.445
21.0 -14.655
21.0 -17.855
21.0 -17.325
21.0 -18.34
21.0 -23.895
21.0 -18.69
22.0 -28.575
22.0 -16.905
22.0 -27.15
24.5 -22.385
24.5 -23.795
24.5 -34.32
24.5 -22.895
24.5 -23.0
24.5 -14.28
24.5 -18.335
24.5 -23.065
24.5 -14.89
24.5 -15.905
24.5 -11.72
24.5 -13.77
24.5 -18.22
24.5 -21.005
24.5 -9.205
24.5 -11.64
24.5 -11.8
24.5 -20.685
24.5 -22.035
24.5 -20.965
24.5 -33.045
24.5 -27.455
24.5 -19.77
24.5 -19.865
24.5 -17.835
24.5 -17.705
24.5 -25.93
24.5 -17.375
24.5 -8.255
24.5 -13.915
24.5 -18.24
24.5 -33.0
24.5 -25.315
24.5 -27.135
24.5 -11.925
24.5 -12.35
24.5 -14.335
24.5 -16.085
24.5 -19.485
24.5 -20.855
24.5 -18.545
24.5 -20.74
24.5 -36.09
24.5 -27.91
24.5 -21.985
24.5 -17.105
24.5 -18.885
25.5 -17.2
25.5 -16.625
25.5 -18.62
25.5 -9.6
25.5 -12.74
25.5 -17.805
25.5 -10.78
26.0 -15.5
26.0 -26.835
26.0 -14.93
26.0 -16.645
26.0 -12.455
26.0 -11.1
26.0 -17.13
26.0 -22.695

Individual: [7, 8, 10, 11, 17, 18, 31, 32, 33, 34, 43, 64, 71, 73, 83, 85, 88, 89, 92, 96, 98, 100]
   Fitness: 26.0
     Total: 22
Violations: 7 6

Individual: [1, 3, 4, 6, 16, 18, 21, 28, 36, 42, 43, 47, 48, 60, 62, 65, 76, 79, 86, 97, 98, 100]
   Fitness: 25.0
     Total: 22
Violations: 8 8

Individual: [3, 5, 6, 9, 10, 18, 22, 24, 25, 28, 29, 34, 37, 44, 66, 67, 68, 73, 76, 77, 83, 87, 90, 91, 94, 96]
   Fitness: 24.0
     Total: 26
Violations: 15 12

Individual: [4, 5, 7, 14, 22, 29, 38, 42, 48, 53, 61, 64, 73, 78, 87, 88, 91, 97, 100]
   Fitness: 24.5
     Total: 19
Violations: 4 4

Individual: [3, 9, 12, 18, 24, 31, 32, 34, 35, 41, 43, 44, 61, 71, 74, 75, 82, 83, 86, 94, 96, 97, 99]
   Fitness: 25.5
     Total: 23
Violations: 9 8

Individual: [1, 2, 4, 5, 9, 10, 25, 29, 35, 38, 39, 40, 52, 54, 57, 61, 63, 77, 78, 80, 85, 86, 96]
   Fitness: 24.5
     Total: 23
Violations: 10 8

Individual: [5, 7, 12, 13, 15, 16, 29, 34, 36, 58, 70, 71, 73, 74, 79, 89, 92, 97, 98, 100]
   Fitness: 28.0
     Total: 20
Violations: 2 2

Individual: [4, 7, 8, 13, 14, 22, 26, 32, 41, 43, 58, 65, 70, 80, 81, 83, 85, 92, 93, 96, 97]
   Fitness: 25.5
     Total: 21
Violations: 6 4

Individual: [2, 9, 13, 15, 21, 23, 25, 31, 32, 34, 38, 52, 68, 72, 75, 77, 80, 89, 94, 96, 97, 99, 100]
   Fitness: 27.5
     Total: 23
Violations: 7 5

Individual: [3, 4, 6, 12, 13, 15, 25, 27, 28, 30, 34, 37, 58, 69, 73, 75, 78, 81, 85, 87, 95, 98, 99, 100]
   Fitness: 26.0
     Total: 24
Violations: 10 8
