10
50
-55.0 -234.364
-39.0 -192.014
-28.5 -176.9
-17.5 -211.356
-17.5 -199.744
-13.0 -199.17
-13.0 -177.368
-13.0 -177.746
-13.0 -169.982
-13.0 -185.804
-13.0 -167.746
-13.0 -164.6
-13.0 -161.034
-13.0 -184.682
-13.0 -178.654
-13.0 -194.9
-12.5 -173.556
-12.5 -184.022
-12.5 -189.04
-12.5 -186.388
-12.5 -172.482
-12.5 -162.94
-12.5 -181.478
-12.5 -183.978
-12.5 -171.5
-12.5 -179.076
-12.5 -178.208
-12.5 -194.094
-12.5 -175.042
-12.5 -183.982
-12.5 -175.018
-12.5 -218.044
-12.5 -177.588
-12.5 -173.002
-12.5 -182.614
-12.5 -196.038
-12.5 -191.048
-12.5 -181.87
-12.5 -201.836
-12.5 -171.69
-12.5 -163.406
-12.5 -166.526
-12.5 -205.246
-9.0 -172.238
-9.0 -162.164
-9.0 -191.916
-9.0 -184.58
3.0 -195.244
3.0 -172.782
3.0 -224.944
50
-41.5 -224.88
-41.5 -171.57
-41.5 -202.492
-41.5 -186.592
-32.0 -180.128
-32.0 -179.706
-32.0 -175.84
-16.5 -168.228
-16.5 -186.748
-16.5 -209.47
-16.5 -182.458
-16.5 -174.484
-16.5 -188.546
-16.5 -175.954
-16.5 -177.292
-16.5 -185.378
-16.5 -172.606
-16.5 -177.686
-16.5 -176.08
-16.5 -172.498
-7.0 -181.73
-7.0 -176.706
-7.0 -184.672
-7.0 -167.674
-7.0 -192.088
-7.0 -185.674
-7.0 -182.788
-7.0 -173.156
-7.0 -186.414
-7.0 -183.57
-7.0 -169.726
-7.0 -191.062
-7.0 -183.716
-7.0 -176.638
-7.0 -161.836
-7.0 -175.282
-7.0 -169.12
-7.0 -177.494
-7.0 -178.272
-7.0 -181.212
-7.0 -180.794
-7.0 -183.308
-7.0 -198.248
-7.0 -177.844
-7.0 -188.454
-7.0 -176.036
-7.0 -186.75
-7.0 -185.078
-7.0 -175.988
-7.0 -165.588
50
-44.5 -237.33
-44.5 -190.02
-44.5 -193.934
-27.0 -217.344
-27.0 -188.888
-27.0 -172.402
-26.0 -194.622
-26.0 -202.6
-26.0 -205.01
-26.0 -195.734
-24.0 -189.758
-24.0 -187.126
-23.0 -206.274
-23.0 -171.248
-23.0 -177.228
-23.0 -181.742
-23.0 -174.174
-23.0 -185.29
-23.0 -173.898
-23.0 -182.95
-23.0 -190.594
-23.0 -177.102
-23.0 -179.042
-9.0 -178.28
-9.0 -155.13
-9.0 -182.136
-9.0 -198.084
-9.0 -201.238
-9.0 -183.158
-9.0 -190.95
-9.0 -202.26
-9.0 -202.738
-9.0 -179.26
-9.0 -179.366
-9.0 -194.7
-9.0 -181.372
-9.0 -170.012
-9.0 -171.982
-9.0 -174.678
-9.0 -185.754
-9.0 -180.522
-9.0 -168.564
-9.0 -173.62
-9.0 -192.426
-9.0 -190.54
-9.0 -187.256
-9.0 -185.922
-9.0 -202.086
-9.0 -184.302
-9.0 -184.644
50
-42.5 -232.976
-42.5 -191.628
-10.5 -172.82
-10.5 -188.542
-10.5 -167.988
-10.5 -180.056
-10.5 -189.176
-7.0 -192.182
-7.0 -171.2
-7.0 -172.42
-7.0 -188.826
-7.0 -203.77
-7.0 -204.814
-7.0 -187.274
-7.0 -186.038
-7.0 -183.262
-7.0 -186.242
-7.0 -188.948
-7.0 -188.29
-7.0 -188.67
-7.0 -176.608
-7.0 -178.606
-7.0 -203.4
-7.0 -197.606
-7.0 -200.094
-7.0 -196.62
-7.0 -177.854
-5.5 -167.97
-5.5 -195.148
-5.5 -172.298
-5.5 -183.65
-5.5 -186.054
-5.5 -175.744
-5.5 -165.256
-5.5 -175.256
-5.5 -190.922
-5.5 -178.164
-5.5 -178.642
-5.5 -173.6
-5.5 -165.178
-5.5 -187.356
-5.5 -192.96
-5.5 -173.938
-5.5 -178.252
-5.5 -160.064
6.0 -191.626
6.0 -167.596
6.0 -175.352
6.0 -187.944
6.0 -192.574
50
-52.0 -233.692
-52.0 -201.724
-32.5 -180.786
-32.5 -173.956
-32.5 -184.98
-27.0 -193.458
-27.0 -158.826
-27.0 -203.096
-26.5 -177.276
-26.5 -202.166
-26.5 -183.824
-26.5 -192.26
-26.5 -180.882
-26.5 -172.158
-26.5 -176.878
-26.5 -184.792
-26.5 -191.75
-26.5 -204.526
-26.5 -194.782
-26.5 -175.95
-26.5 -164.928
-1.5 -200.306
-1.5 -174.916
1.0 -198.934
1.0 -175.12
1.0 -210.338
1.0 -162.538
1.0 -185.156
1.0 -188.634
1.0 -183.072
1.0 -182.512
1.0 -174.488
1.0 -156.464
1.0 -184.336
1.0 -186.802
1.0 -198.17
1.0 -192.268
1.0 -172.562
1.0 -178.048
1.0 -187.752
1.0 -171.392
1.0 -175.25
1.0 -190.846
1.0 -190.582
1.0 -167.65
1.0 -177.092
1.0 -180.104
1.0 -183.748
1.0 -184.31
1.0 -178.158
50
-56.5 -240.548
-45.0 -183.344
-45.0 -216.894
-34.5 -190.068
-34.5 -181.028
-34.5 -177.31
-32.0 -171.212
-19.0 -186.432
-19.0 -209.982
-19.0 -190.916
-19.0 -189.718
-16.5 -178.742
-16.5 -178.698
-16.5 -185.616
-16.5 -201.444
-16.5 -176.334
-16.5 -181.858
-16.5 -201.644
-16.5 -192.21
-16.5 -178.346
-16.5 -169.768
-16.5 -175.992
-16.5 -177.818
-16.5 -182.902
-16.5 -198.688
-16.5 -180.812
-16.5 -181.038
-16.5 -179.14
-16.5 -183.948
-16.5 -196.77
-16.5 -184.094
-16.5 -176.366
-16.5 -183.024
-16.5 -165.434
-16.5 -180.068
-11.0 -170.008
-11.0 -197.748
-11.0 -180.504
-11.0 -177.392
-11.0 -174.022
-11.0 -190.622
-11.0 -177.594
-11.0 -201.046
-11.0 -185.486
-6.5 -173.71
-6.5 -188.61
-6.5 -196.86
-6.5 -180.492
-6.5 -181.942
-6.5 -167.752
50
-68.5 -235.04
-68.5 -201.962
-56.0 -196.608
-51.0 -185.602
-38.0 -182.43
-31.0 -186.476
-31.0 -182.65
-31.0 -164.596
-31.0 -191.574
-31.0 -188.364
-28.5 -203.486
-28.5 -194.34
-28.5 -182.804
-17.5 -159.294
-17.5 -208.518
-17.5 -197.702
-17.5 -216.848
-17.5 -195.414
-15.0 -175.714
-15.0 -186.748
-15.0 -179.418
-15.0 -202.058
-15.0 -194.322
-15.0 -203.422
-15.0 -202.624
-12.0 -186.434
-12.0 -179.634
-12.0 -190.766
-12.0 -184.648
-12.0 -187.7
-12.0 -191.794
-12.0 -191.114
-12.0 -174.198
-12.0 -197.772
-12.0 -193.246
-12.0 -179.764
-12.0 -197.362
-12.0 -167.87
-12.0 -162.266
-12.0 -190.33
-12.0 -167.976
-12.0 -184.446
-12.0 -191.94
-12.0 -185.352
-12.0 -172.036
-12.0 -166.474
-12.0 -179.806
-12.0 -195.636
-12.0 -176.37
-12.0 -182.948
50
-58.5 -229.384
-38.0 -194.2
-38.0 -181.228
-38.0 -170.23
-38.0 -206.32
-38.0 -191.79
-38.0 -168.038
-38.0 -185.268
-38.0 -186.416
-16.0 -182.978
-16.0 -185.474
-16.0 -206.654
-16.0 -181.332
-16.0 -197.786
-11.0 -186.398
-11.0 -174.836
-11.0 -169.362
-11.0 -193.876
-11.0 -168.998
-11.0 -176.89
-4.0 -174.064
-4.0 -207.688
-4.0 -185.434
-4.0 -190.222
-4.0 -182.52
-4.0 -178.968
-4.0 -188.106
-4.0 -187.894
-4.0 -184.946
-4.0 -149.108
-4.0 -232.898
-4.0 -200.028
-4.0 -178.73
-4.0 -189.166
-4.0 -183.218
-4.0 -178.534
-4.0 -176.458
-4.0 -179.768
-4.0 -164.086
-4.0 -190.662
-4.0 -167.306
-4.0 -184.35
-4.0 -188.916
-4.0 -181.342
-4.0 -180.812
-4.0 -175.944
-4.0 -177.22
-4.0 -179.368
-4.0 -182.992
-4.0 -185.556
50
-69.0 -237.498
-63.5 -205.23
-46.0 -208.114
-46.0 -179.554
-40.5 -186.392
-29.0 -197.936
-29.0 -180.424
-29.0 -222.536
-29.0 -181.846
-29.0 -204.056
-29.0 -186.378
-29.0 -182.426
-29.0 -195.976
-29.0 -178.522
-29.0 -174.424
-15.0 -193.682
-15.0 -161.982
-15.0 -174.422
-15.0 -193.022
-6.5 -183.896
-6.5 -184.458
-6.5 -178.364
-6.5 -179.904
-6.5 -173.6
-6.5 -172.81
-6.5 -171.898
-6.5 -185.364
-6.5 -163.842
-6.5 -184.136
-6.5 -193.642
-6.5 -168.818
-6.5 -211.484
-6.5 -170.582
-6.5 -158.794
-6.5 -184.302
-6.5 -178.048
-6.5 -168.292
-6.5 -174.434
-6.5 -188.674
-6.5 -184.546
-6.5 -176.546
-6.5 -195.582
-6.5 -174.292
-6.5 -186.81
-6.5 -172.344
-6.5 -188.6
-6.5 -198.896
-6.5 -175.326
-6.5 -186.406
-6.5 -172.714
50
-44.5 -228.486
-44.0 -202.868
-33.5 -174.12
-33.5 -167.518
-33.5 -168.318
-33.5 -183.45
-33.5 -181.864
-33.5 -178.172
-28.0 -190.132
-28.0 -187.542
-28.0 -181.314
-22.5 -186.852
0.0 -215.232
0.0 -189.54
0.0 -186.118
0.0 -190.86
0.0 -177.166
0.0 -196.94
0.0 -178.27
0.0 -194.126
0.0 -198.91
0.0 -192.512
0.0 -179.522
0.0 -189.414
0.0 -172.386
10.5 -172.884
10.5 -182.116
10.5 -177.422
10.5 -166.628
10.5 -182.112
10.5 -179.098
10.5 -191.918
10.5 -192.83
10.5 -192.764
10.5 -174.674
10.5 -185.858
10.5 -179.27
10.5 -174.554
10.5 -182.128
10.5 -183.406
10.5 -190.628
10.5 -200.19
10.5 -165.506
10.5 -175.148
10.5 -184.628
10.5 -178.402
10.5 -160.796
10.5 -169.374
10.5 -186.188
10.5 -183.998

Individual: [1, 3, 6, 8, 11, 12, 14, 17, 20, 23, 24, 26, 36, 39, 40, 42, 55, 57, 65, 73, 76, 78, 80, 81, 83, 84, 85, 94]
   Fitness: 3.0
     Total: 28
Violations: 39 23

Individual: [3, 6, 11, 13, 18, 22, 24, 25, 28, 29, 41, 46, 47, 48, 54, 56, 59, 66, 68, 71, 74, 75, 76, 78, 80, 85, 88, 89, 96, 97]
   Fitness: -7.0
     Total: 30
Violations: 52 21

Individual: [4, 9, 13, 15, 17, 20, 21, 23, 24, 27, 28, 31, 34, 35, 36, 37, 39, 48, 58, 61, 67, 72, 73, 87, 91, 92, 96, 100]
   Fitness: -9.0
     Total: 28
Violations: 51 21

Individual: [1, 2, 4, 8, 17, 18, 23, 34, 38, 42, 43, 45, 48, 50, 54, 60, 74, 75, 76, 81, 82, 87, 91, 94, 95, 99]
   Fitness: 6.0
     Total: 26
Violations: 33 17

Individual: [1, 3, 8, 11, 12, 22, 24, 26, 27, 29, 37, 38, 41, 42, 50, 53, 57, 61, 72, 73, 74, 81, 82, 86, 89, 90, 94, 96]
   Fitness: 1.0
     Total: 28
Violations: 41 20

Individual: [1, 2, 10, 11, 12, 21, 22, 24, 28, 29, 32, 37, 41, 47, 50, 51, 56, 60, 63, 67, 70, 71, 82, 83, 85, 86, 88, 90, 93]
   Fitness: -6.5
     Total: 29
Violations: 50 23

Individual: [2, 4, 7, 15, 19, 23, 32, 35, 42, 44, 50, 53, 55, 59, 64, 67, 68, 74, 75, 77, 82, 83, 84, 85, 86, 87, 97, 100]
   Fitness: -12.0
     Total: 28
Violations: 54 22

Individual: [4, 5, 6, 8, 10, 11, 14, 15, 20, 21, 25, 26, 32, 35, 36, 45, 57, 58, 63, 65, 66, 82, 85, 91, 92, 95, 97, 99]
   Fitness: -4.0
     Total: 28
Violations: 46 25

Individual: [2, 6, 7, 9, 20, 22, 23, 24, 27, 29, 30, 31, 32, 42, 44, 45, 50, 52, 64, 66, 75, 77, 79, 83, 84, 85, 88, 89, 94, 95, 100]
   Fitness: -6.5
     Total: 31
Violations: 53 24

Individual: [1, 4, 16, 22, 27, 35, 40, 52, 54, 57, 59, 61, 62, 67, 68, 70, 71, 72, 81, 85, 91, 95, 98]
   Fitness: 10.5
     Total: 23
Violations: 24 13
