10
500
-54.0 -224.355
-54.0 -178.39
-21.5 -143.055
-18.5 -114.85
-18.0 -106.745
-14.5 -92.88
-8.0 -88.32
-5.5 -83.1
-1.5 -89.245
-1.5 -81.63
9.5 -76.245
9.5 -74.115
9.5 -64.575
9.5 -59.07
9.5 -55.24
9.5 -55.445
9.5 -52.445
9.5 -50.345
9.5 -50.485
9.5 -66.295
9.5 -51.82
9.5 -53.935
9.5 -69.91
9.5 -73.745
9.5 -67.235
9.5 -63.86
9.5 -57.68
9.5 -61.24
9.5 -59.3
11.5 -60.88
11.5 -57.76
13.5 -53.035
13.5 -52.925
13.5 -59.34
13.5 -55.795
13.5 -48.325
17.5 -52.155
17.5 -54.225
17.5 -52.675
17.5 -57.95
17.5 -65.56
17.5 -49.25
17.5 -54.405
17.5 -48.45
17.5 -49.185
17.5 -44.375
17.5 -46.475
17.5 -45.53
17.5 -50.41
17.5 -64.315
17.5 -57.7
17.5 -66.305
17.5 -70.75
17.5 -64.215
17.5 -61.64
17.5 -68.175
17.5 -60.245
17.5 -67.985
17.5 -69.36
17.5 -56.09
17.5 -50.67
17.5 -45.86
17.5 -60.75
17.5 -56.145
17.5 -55.68
17.5 -56.035
17.5 -58.005
17.5 -57.715
17.5 -52.42
17.5 -50.14
17.5 -48.945
17.5 -69.605
17.5 -73.765
17.5 -77.82
17.5 -78.31
17.5 -74.59
17.5 -63.81
17.5 -64.415
17.5 -60.495
17.5 -59.405
17.5 -56.58
17.5 -58.75
17.5 -55.66
17.5 -59.235
18.0 -61.17
19.5 -51.33
19.5 -45.525
19.5 -44.965
19.5 -69.015
19.5 -60.73
19.5 -55.855
19.5 -65.06
19.5 -50.67
19.5 -50.26
19.5 -42.555
19.5 -42.245
19.5 -51.145
19.5 -49.215
19.5 -51.65
19.5 -59.235
19.5 -51.855
19.5 -50.68
19.5 -43.325
19.5 -50.745
19.5 -56.015
19.5 -52.785
19.5 -53.08
19.5 -48.93
19.5 -46.18
19.5 -59.69
19.5 -63.125
19.5 -68.385
19.5 -72.975
19.5 -80.63
19.5 -64.355
19.5 -56.75
19.5 -63.54
19.5 -63.6
19.5 -70.925
19.5 -70.47
19.5 -70.345
19.5 -60.255
19.5 -54.61
19.5 -63.07
19.5 -60.085
19.5 -62.53
19.5 -67.94
19.5 -59.775
19.5 -58.56
19.5 -67.09
19.5 -58.915
19.5 -57.39
19.5 -72.855
19.5 -53.595
19.5 -55.775
19.5 -54.115
19.5 -66.27
19.5 -59.85
19.5 -79.485
19.5 -65.495
19.5 -58.18
19.5 -64.395
19.5 -61.045
19.5 -55.205
19.5 -64.33
19.5 -53.725
19.5 -59.65
19.5 -62.27
20.0 -58.5
20.0 -65.88
20.0 -58.59
20.0 -64.99
20.0 -55.61
20.0 -55.085
20.0 -52.075
20.0 -42.93
20.0 -59.18
20.0 -49.705
20.0 -51.71
20.0 -50.04
20.0 -46.79
20.0 -46.515
20.0 -47.58
20.0 -46.74
20.0 -51.705
20.0 -48.6
20.0 -49.98
20.0 -60.86
20.0 -57.91
20.0 -54.75
20.0 -58.85
20.0 -52.395
20.0 -44.92
20.0 -58.08
20.0 -58.84
20.0 -55.285
20.0 -63.855
20.0 -55.55
20.0 -56.81
20.0 -48.045
20.0 -56.215
20.0 -63.21
20.0 -65.67
20.0 -64.975
20.0 -60.935
20.0 -65.43
20.0 -60.415
20.0 -56.84
20.0 -52.63
20.0 -48.135
20.0 -48.97
20.0 -44.255
20.0 -43.115
20.0 -56.195
20.0 -45.695
20.0 -57.9
20.0 -53.725
20.0 -63.765
20.0 -56.865
20.0 -55.94
20.0 -55.805
20.0 -54.515
20.0 -51.645
20.0 -54.68
20.0 -62.2
20.0 -66.135
20.0 -65.45
20.0 -64.93
20.0 -61.97
20.0 -61.985
20.0 -57.15
20.0 -50.115
20.0 -56.945
20.0 -61.52
20.0 -67.935
20.0 -61.08
20.0 -60.495
20.0 -50.52
20.0 -54.14
20.0 -58.255
20.0 -59.74
20.0 -60.595
20.0 -53.995
20.0 -53.475
20.0 -60.47
20.0 -58.885
20.0 -60.92
20.0 -60.39
20.0 -56.98
20.0 -48.575
20.0 -55.155
20.0 -51.37
20.0 -45.72
20.0 -53.555
20.0 -43.66
20.0 -46.94
20.0 -55.995
20.0 -58.45
20.0 -53.075
20.0 -52.985
20.0 -54.445
20.0 -60.84
20.5 -60.95
20.5 -56.755
20.5 -50.665
20.5 -49.385
20.5 -50.515
20.5 -54.655
20.5 -54.565
23.0 -42.865
23.0 -44.425
23.0 -52.775
23.0 -50.665
23.0 -48.145
23.0 -45.16
23.0 -46.25
23.0 -53.31
23.0 -57.535
23.0 -62.83
23.0 -52.18
23.0 -47.755
23.0 -47.08
23.0 -44.935
23.0 -41.405
23.0 -39.87
23.0 -54.595
23.0 -55.325
23.0 -46.39
23.0 -43.46
23.0 -38.815
23.0 -35.45
23.0 -45.165
23.0 -44.19
23.0 -44.605
23.0 -46.565
23.0 -47.11
23.0 -42.495
23.0 -39.035
23.0 -39.465
23.0 -44.925
23.0 -44.81
23.0 -34.585
23.0 -38.31
23.0 -35.885
23.0 -47.295
23.0 -41.205
23.0 -41.205
23.0 -46.17
23.0 -55.01
23.0 -46.77
23.0 -50.91
23.0 -54.095
23.0 -52.8
23.0 -41.73
23.0 -45.855
23.0 -59.67
23.0 -54.01
23.0 -50.175
23.0 -44.915
23.0 -52.99
23.0 -62.125
23.0 -55.125
23.0 -54.155
23.0 -54.77
23.0 -48.705
23.0 -50.525
23.0 -44.475
23.0 -46.845
23.0 -46.45
23.0 -45.9
23.0 -32.915
23.0 -34.62
23.0 -36.66
23.0 -36.925
23.0 -37.01
23.0 -38.835
23.0 -42.32
23.0 -45.1
23.0 -62.365
23.0 -54.45
23.0 -48.22
23.0 -49.32
23.0 -50.51
23.0 -52.115
23.0 -56.11
23.0 -40.2
23.0 -47.945
23.0 -49.44
23.0 -43.97
23.0 -43.345
23.0 -41.485
23.0 -46.565
23.0 -59.135
23.0 -51.68
23.0 -56.855
23.0 -54.66
23.0 -47.205
23.0 -49.58
23.0 -52.7
23.0 -47.515
23.0 -46.33
23.0 -45.105
23.0 -53.805
23.0 -55.95
23.0 -48.795
23.0 -46.92
23.0 -47.54
23.0 -57.095
23.0 -54.6
23.0 -52.615
23.0 -42.825
23.0 -48.88
23.0 -45.415
23.0 -43.27
23.0 -45.345
23.0 -54.495
23.0 -41.67
23.0 -43.35
23.0 -40.505
23.0 -52.03
23.0 -49.48
23.0 -48.44
23.0 -48.18
23.0 -43.82
23.0 -52.715
23.0 -41.65
23.0 -42.415
23.0 -36.255
23.0 -39.5
23.0 -41.145
23.0 -43.82
23.0 -47.61
23.0 -35.54
25.0 -36.445
25.0 -34.32
25.0 -45.8
25.0 -40.115
25.0 -48.215
25.0 -44.225
25.0 -54.265
25.0 -57.345
25.0 -53.5
25.0 -48.54
25.0 -53.82
25.0 -47.5
25.0 -48.81
25.0 -58.955
25.0 -67.505
25.0 -61.415
25.0 -79.49
25.0 -58.72
25.0 -59.73
25.0 -46.085
25.0 -52.71
25.0 -62.875
25.0 -60.36
25.0 -62.435
25.0 -53.695
25.0 -50.54
25.0 -56.29
25.0 -51.615
25.0 -41.04
25.0 -45.045
25.0 -51.02
25.0 -53.62
25.0 -58.19
25.0 -59.97
25.0 -58.46
25.0 -56.095
25.0 -50.01
25.0 -48.83
25.0 -57.48
25.0 -54.48
25.0 -62.765
25.0 -62.415
25.0 -58.16
25.0 -50.75
25.0 -46.195
25.0 -44.585
25.0 -46.14
25.0 -45.365
25.0 -48.66
25.0 -42.875
25.0 -49.2
25.0 -48.105
25.0 -53.04
25.0 -54.015
25.0 -51.37
25.0 -48.885
25.0 -55.44
25.0 -59.735
25.0 -49.42
25.0 -57.805
25.0 -54.98
25.0 -54.705
25.0 -49.21
25.0 -53.52
25.0 -51.6
25.0 -48.015
25.0 -51.445
25.0 -46.685
25.0 -46.82
25.0 -50.24
25.0 -36.965
25.0 -42.96
25.0 -36.61
25.0 -41.505
25.0 -38.005
25.0 -49.9
25.0 -52.095
25.0 -58.93
25.0 -57.505
25.0 -59.635
25.0 -59.32
25.0 -61.635
25.0 -58.25
25.0 -52.44
25.0 -45.855
25.0 -46.225
25.0 -40.605
25.0 -45.54
25.0 -46.275
25.0 -51.55
25.0 -55.335
25.0 -45.725
25.0 -40.725
25.0 -36.46
25.0 -39.81
25.0 -54.185
25.0 -61.38
25.0 -50.91
25.0 -49.735
25.0 -51.365
25.0 -49.79
25.0 -49.79
25.0 -53.715
25.0 -63.57
25.0 -50.755
25.0 -57.58
25.0 -56.705
25.0 -73.02
25.0 -61.17
25.0 -66.195
25.0 -74.88
25.0 -61.995
25.0 -54.335
25.0 -61.815
25.0 -63.835
25.0 -69.265
25.0 -53.18
25.0 -50.04
25.0 -49.76
25.0 -49.655
25.0 -54.95
25.0 -44.46
25.0 -53.825
25.0 -54.215
25.0 -52.34
25.0 -52.7
25.0 -47.93
500
-61.5 -221.84
-49.5 -174.09
-38.5 -144.67
-31.5 -134.915
-21.5 -137.47
-21.5 -109.705
-12.0 -97.85
-12.0 -104.405
-6.5 -88.345
-4.5 -84.7
0.0 -93.05
0.0 -83.455
0.0 -74.875
0.0 -70.16
0.0 -64.215
1.0 -63.575
5.5 -67.085
5.5 -66.565
5.5 -67.685
5.5 -72.64
5.5 -72.325
7.5 -70.735
7.5 -76.705
7.5 -65.1
7.5 -62.445
7.5 -70.635
7.5 -69.52
7.5 -65.295
7.5 -73.47
7.5 -63.07
7.5 -51.12
7.5 -58.95
11.0 -59.575
11.0 -66.96
11.0 -67.775
11.0 -66.88
11.0 -64.47
11.0 -57.145
11.0 -53.645
11.0 -56.35
11.0 -51.025
11.0 -61.185
11.0 -68.745
18.5 -69.77
18.5 -66.095
18.5 -69.765
18.5 -60.235
18.5 -73.83
18.5 -72.4
18.5 -60.45
18.5 -72.195
18.5 -64.195
18.5 -61.38
18.5 -55.8
18.5 -62.475
18.5 -57.21
18.5 -58.8
18.5 -60.65
18.5 -50.385
18.5 -51.8
18.5 -44.875
18.5 -47.24
18.5 -52.165
18.5 -53.66
18.5 -55.68
18.5 -54.015
18.5 -52.075
21.5 -40.625
21.5 -45.63
21.5 -48.32
21.5 -41.25
21.5 -42.01
21.5 -40.805
21.5 -42.185
21.5 -44.94
21.5 -47.79
21.5 -56.675
21.5 -64.04
21.5 -72.005
21.5 -58.555
21.5 -57.225
21.5 -50.415
21.5 -51.47
21.5 -60.735
21.5 -50.075
21.5 -57.55
21.5 -54.375
21.5 -53.5
21.5 -57.645
21.5 -45.15
21.5 -48.56
21.5 -44.435
21.5 -51.68
21.5 -49.19
21.5 -48.135
21.5 -54.6
21.5 -54.405
21.5 -62.18
21.5 -73.33
21.5 -58.38
21.5 -64.365
21.5 -63.09
21.5 -50.185
21.5 -46.155
21.5 -55.48
21.5 -57.195
21.5 -53.63
21.5 -45.96
21.5 -43.975
21.5 -45.215
21.5 -46.175
21.5 -49.425
21.5 -51.145
21.5 -47.42
21.5 -49.57
21.5 -54.38
21.5 -49.85
21.5 -57.54
21.5 -56.495
21.5 -58.7
21.5 -58.01
21.5 -59.75
21.5 -59.41
21.5 -56.05
21.5 -51.135
21.5 -54.73
21.5 -43.48
21.5 -46.82
21.5 -44.825
21.5 -44.125
21.5 -48.64
21.5 -53.735
21.5 -52.54
21.5 -49.67
21.5 -48.565
21.5 -52.59
21.5 -60.255
21.5 -55.205
21.5 -57.235
21.5 -63.3
21.5 -70.2
21.5 -54.945
21.5 -63.335
21.5 -56.815
21.5 -57.38
21.5 -55.67
21.5 -65.51
21.5 -60.72
21.5 -54.91
21.5 -48.1
21.5 -46.33
21.5 -51.785
21.5 -52.385
21.5 -49.905
21.5 -45.46
21.5 -50.775
21.5 -47.21
21.5 -43.17
21.5 -51.91
21.5 -49.91
21.5 -45.395
21.5 -42.965
21.5 -43.57
21.5 -46.24
21.5 -42.66
21.5 -52.61
21.5 -50.37
21.5 -49.41
21.5 -46.095
21.5 -56.87
21.5 -58.925
21.5 -63.085
21.5 -60.32
21.5 -59.74
21.5 -59.63
21.5 -55.69
21.5 -55.44
21.5 -47.425
21.5 -46.68
21.5 -48.11
21.5 -56.855
22.0 -50.44
22.0 -50.845
22.0 -49.375
22.0 -49.95
22.0 -59.325
22.0 -58.29
22.0 -49.73
22.0 -46.41
22.0 -47.94
22.0 -52.855
22.0 -63.87
22.0 -62.57
22.0 -64.7
22.0 -50.01
22.0 -49.415
22.0 -42.455
22.0 -46.2
22.0 -42.435
22.0 -49.73
22.0 -58.77
22.0 -43.515
22.0 -46.39
22.0 -48.455
22.0 -51.175
22.0 -48.175
22.0 -48.755
22.0 -45.97
22.0 -46.58
22.0 -51.585
22.0 -48.115
22.0 -48.81
22.0 -43.395
22.0 -48.955
22.0 -61.69
22.0 -54.285
22.0 -55.6
22.0 -52.855
22.0 -57.655
22.0 -51.74
22.0 -46.08
22.0 -43.255
22.0 -46.885
22.0 -41.145
22.0 -40.975
22.0 -45.74
22.0 -43.845
22.0 -54.595
22.0 -48.04
22.0 -52.105
22.0 -78.04
22.0 -54.87
22.0 -49.625
22.0 -43.66
22.0 -45.48
22.0 -53.165
22.0 -48.885
22.0 -46.47
22.0 -59.87
22.0 -54.695
22.0 -46.525
22.0 -57.3
22.0 -44.965
22.0 -39.84
22.0 -42.21
22.0 -41.335
22.0 -40.05
22.0 -34.765
22.0 -36.525
22.0 -40.055
22.0 -49.64
22.0 -45.12
22.0 -49.39
22.0 -43.695
22.0 -49.815
22.0 -52.685
22.0 -47.19
22.0 -50.105
22.0 -49.36
22.0 -54.185
22.0 -52.915
22.0 -50.39
22.0 -46.36
22.0 -46.34
22.0 -54.725
22.0 -52.78
22.0 -51.665
22.0 -50.995
22.0 -52.545
22.0 -51.075
22.0 -51.81
22.0 -47.975
22.0 -44.675
22.0 -43.74
22.0 -52.225
22.0 -43.49
22.0 -42.755
22.0 -55.745
22.0 -61.73
22.0 -63.2
22.0 -65.93
22.0 -60.295
22.0 -61.09
22.0 -66.875
22.0 -62.455
22.0 -62.04
22.0 -47.72
22.0 -49.51
22.0 -52.08
22.0 -49.045
22.0 -62.05
22.0 -66.185
22.0 -60.51
22.0 -57.285
22.0 -47.445
22.0 -53.05
22.0 -64.21
22.0 -45.92
22.0 -53.125
22.0 -50.83
22.0 -60.275
22.0 -56.88
22.0 -57.53
22.0 -56.69
22.0 -46.02
22.0 -48.325
22.0 -61.44
22.0 -66.59
22.0 -63.29
22.0 -59.915
22.0 -72.52
22.0 -72.82
22.0 -63.485
22.0 -57.495
22.0 -56.75
22.0 -61.735
22.0 -55.92
22.0 -64.13
22.0 -59.35
22.0 -58.92
22.0 -49.56
22.0 -50.135
22.0 -61.92
22.0 -60.265
22.0 -49.035
22.0 -45.05
22.0 -36.79
22.0 -42.355
22.0 -43.98
22.0 -43.09
22.0 -48.36
22.0 -46.51
22.0 -51.365
22.0 -59.17
22.0 -57.74
22.0 -48.22
22.0 -53.34
22.0 -55.69
22.0 -49.76
22.0 -40.775
22.0 -46.445
22.0 -52.095
22.0 -57.705
22.0 -60.715
22.0 -48.19
22.0 -57.11
22.0 -57.45
22.0 -53.655
22.0 -56.87
22.0 -51.845
22.0 -46.38
22.0 -60.105
22.0 -64.69
22.0 -47.94
22.0 -41.785
22.0 -43.975
22.0 -51.04
24.5 -46.76
24.5 -50.905
24.5 -40.49
24.5 -41.115
24.5 -44.68
24.5 -44.32
24.5 -45.79
24.5 -47.925
24.5 -57.305
24.5 -50.5
24.5 -45.4
24.5 -51.555
24.5 -50.635
24.5 -57.58
24.5 -55.56
24.5 -48.19
24.5 -42.855
24.5 -47.725
24.5 -47.545
24.5 -50.045
24.5 -55.92
24.5 -60.6
24.5 -49.3
24.5 -58.38
24.5 -48.94
24.5 -43.13
24.5 -43.06
24.5 -45.29
24.5 -44.12
24.5 -50.83
24.5 -67.075
24.5 -60.465
24.5 -58.155
24.5 -57.035
24.5 -48.195
24.5 -50.555
24.5 -63.98
24.5 -69.975
24.5 -60.715
24.5 -56.17
24.5 -58.14
24.5 -45.135
24.5 -42.415
24.5 -46.425
24.5 -47.12
24.5 -47.38
24.5 -45.635
24.5 -53.76
24.5 -50.055
24.5 -60.15
24.5 -45.65
24.5 -47.77
24.5 -42.48
24.5 -48.44
24.5 -46.16
24.5 -46.225
24.5 -50.49
24.5 -41.1
24.5 -38.63
24.5 -44.705
24.5 -41.18
24.5 -48.97
24.5 -55.15
24.5 -49.42
24.5 -48.23
24.5 -58.41
24.5 -47.34
24.5 -50.24
24.5 -48.725
24.5 -68.42
24.5 -43.31
24.5 -51.89
24.5 -38.445
24.5 -44.835
24.5 -41.28
24.5 -40.495
24.5 -38.915
24.5 -37.845
24.5 -39.57
24.5 -34.1
24.5 -35.675
24.5 -44.42
24.5 -36.78
24.5 -36.24
24.5 -31.275
24.5 -46.08
24.5 -42.05
24.5 -53.89
24.5 -54.325
24.5 -58.465
24.5 -53.125
24.5 -45.985
24.5 -41.11
24.5 -42.33
24.5 -45.77
24.5 -52.205
24.5 -52.575
24.5 -51.4
24.5 -55.775
24.5 -61.81
24.5 -57.025
24.5 -62.535
24.5 -64.625
24.5 -62.99
24.5 -53.565
24.5 -52.255
24.5 -47.67
24.5 -48.77
24.5 -45.24
24.5 -55.355
24.5 -37.945
24.5 -38.13
24.5 -31.72
24.5 -28.625
24.5 -31.73
24.5 -44.015
24.5 -54.805
24.5 -42.98
24.5 -50.115
24.5 -50.48
24.5 -48.52
24.5 -45.395
24.5 -51.845
25.0 -51.305
25.0 -59.03
25.0 -42.83
25.0 -46.4
25.0 -54.62
25.0 -39.61
25.0 -41.565
25.0 -44.695
25.0 -59.48
25.0 -50.25
25.0 -64.255
25.0 -68.465
25.0 -61.595
25.0 -55.955
25.0 -52.93
25.0 -57.34
25.0 -49.275
25.0 -52.31
25.0 -48.705
25.0 -48.57
500
-89.5 -245.6
-43.5 -186.82
-43.5 -151.485
-35.5 -115.755
-23.5 -103.975
-10.5 -95.085
-7.0 -89.36
-7.0 -79.885
-7.0 -79.29
8.5 -74.55
8.5 -81.98
8.5 -63.68
8.5 -65.985
8.5 -68.905
8.5 -79.06
8.5 -68.1
13.5 -72.915
13.5 -71.49
13.5 -67.905
13.5 -61.155
13.5 -61.075
13.5 -59.16
13.5 -63.67
13.5 -60.67
13.5 -66.37
13.5 -63.84
13.5 -62.415
13.5 -61.925
13.5 -67.62
13.5 -69.21
13.5 -56.165
16.5 -52.75
16.5 -43.435
16.5 -51.575
16.5 -49.825
16.5 -52.945
16.5 -61.895
16.5 -51.625
16.5 -62.505
17.5 -55.29
17.5 -44.335
17.5 -43.34
17.5 -47.825
17.5 -55.77
17.5 -48.3
19.0 -49.385
19.0 -43.51
19.0 -46.84
19.0 -46.5
19.0 -57.145
19.0 -43.395
19.0 -43.965
19.0 -55.1
19.0 -48.385
19.0 -52.67
19.0 -60.85
19.0 -53.96
19.0 -52.8
19.0 -55.33
19.0 -49.46
19.0 -46.47
19.0 -41.365
19.0 -49.245
19.0 -56.765
19.5 -53.635
19.5 -48.77
19.5 -53.81
19.5 -52.43
19.5 -55.73
19.5 -59.21
19.5 -53.955
19.5 -56.55
19.5 -54.565
19.5 -54.63
19.5 -49.82
19.5 -49.05
19.5 -51.58
19.5 -57.02
19.5 -53.71
19.5 -56.935
19.5 -47.6
19.5 -49.48
19.5 -47.125
19.5 -43.44
19.5 -39.67
19.5 -56.12
19.5 -66.77
19.5 -70.965
19.5 -58.945
19.5 -54.21
19.5 -55.05
19.5 -57.335
19.5 -49.145
19.5 -48.39
19.5 -47.145
19.5 -58.08
19.5 -56.165
19.5 -50.955
19.5 -52.875
19.5 -52.665
19.5 -61.295
19.5 -51.55
19.5 -55.42
19.5 -61.86
19.5 -67.16
19.5 -58.165
19.5 -61.36
19.5 -55.955
19.5 -59.85
19.5 -49.685
19.5 -46.275
19.5 -58.055
19.5 -61.25
19.5 -61.33
19.5 -52.045
19.5 -49.255
19.5 -46.925
19.5 -42.145
19.5 -51.6
19.5 -51.99
19.5 -63.535
19.5 -67.65
19.5 -71.62
19.5 -69.29
19.5 -66.625
19.5 -65.59
19.5 -58.015
19.5 -48.97
19.5 -48.57
19.5 -53.095
19.5 -61.705
19.5 -53.845
19.5 -58.83
19.5 -56.475
19.5 -49.19
19.5 -48.26
19.5 -60.325
19.5 -66.215
19.5 -58.585
19.5 -59.415
19.5 -53.615
19.5 -85.435
19.5 -57.08
19.5 -69.15
19.5 -58.65
19.5 -46.38
19.5 -43.71
19.5 -40.3
19.5 -43.805
19.5 -48.68
19.5 -46.525
19.5 -43.48
19.5 -48.435
19.5 -47.415
19.5 -45.895
19.5 -56.49
19.5 -51.845
19.5 -48.245
19.5 -49.53
19.5 -58.495
19.5 -55.905
19.5 -48.94
19.5 -54.685
19.5 -59.75
19.5 -56.785
19.5 -63.125
19.5 -56.97
19.5 -60.105
19.5 -58.07
19.5 -57.06
19.5 -55.48
19.5 -59.625
19.5 -62.485
19.5 -54.905
19.5 -58.86
19.5 -70.14
19.5 -53.095
19.5 -46.77
19.5 -42.255
19.5 -51.385
19.5 -59.3
19.5 -73.85
19.5 -57.905
19.5 -60.87
19.5 -55.47
19.5 -63.69
19.5 -53.085
19.5 -53.17
19.5 -56.225
19.5 -55.085
19.5 -52.83
19.5 -50.865
19.5 -49.175
19.5 -43.25
19.5 -39.545
19.5 -46.565
19.5 -46.52
19.5 -45.22
19.5 -52.99
19.5 -53.995
19.5 -62.145
19.5 -56.835
19.5 -64.23
19.5 -52.475
19.5 -63.145
19.5 -57.89
19.5 -47.655
19.5 -64.295
19.5 -60.9
19.5 -65.05
19.5 -59.355
19.5 -60.035
19.5 -63.94
19.5 -64.445
19.5 -58.145
19.5 -49.395
19.5 -55.575
19.5 -58.985
19.5 -58.22
19.5 -64.805
19.5 -59.71
19.5 -63.15
19.5 -61.64
19.5 -49.78
19.5 -55.595
19.5 -59.675
19.5 -54.19
19.5 -63.48
19.5 -57.225
19.5 -59.835
19.5 -55.305
19.5 -61.09
19.5 -75.885
19.5 -71.08
19.5 -57.915
19.5 -57.32
19.5 -47.07
19.5 -41.225
19.5 -45.05
19.5 -46.015
19.5 -41.705
19.5 -50.73
19.5 -51.855
19.5 -49.94
19.5 -55.52
19.5 -56.22
19.5 -50.61
19.5 -54.3
19.5 -51.19
19.5 -58.79
19.5 -59.38
19.5 -56.395
19.5 -51.12
19.5 -51.165
19.5 -51.395
19.5 -44.97
19.5 -45.06
19.5 -54.245
19.5 -50.145
19.5 -64.605
19.5 -60.855
19.5 -53.85
19.5 -48.87
19.5 -52.075
19.5 -58.06
19.5 -60.09
19.5 -61.105
19.5 -51.24
19.5 -60.225
19.5 -48.325
19.5 -47.155
19.5 -52.71
19.5 -54.635
19.5 -50.43
19.5 -49.92
19.5 -46.095
19.5 -59.49
19.5 -57.165
23.0 -50.19
23.0 -49.655
23.0 -54.7
23.0 -56.85
23.0 -49.295
23.0 -49.61
23.0 -51.01
23.0 -50.27
23.0 -51.43
23.0 -56.265
23.0 -62.845
23.0 -60.825
23.0 -56.745
23.0 -49.73
23.0 -47.56
23.0 -50.785
23.0 -59.315
23.0 -57.125
23.0 -54.005
23.0 -45.755
23.0 -49.175
23.0 -50.59
23.0 -56.84
23.0 -56.35
23.0 -44.63
23.0 -41.69
23.0 -45.22
23.0 -49.865
23.0 -46.585
23.0 -50.395
23.0 -48.2
23.0 -46.51
23.0 -43.415
23.0 -46.84
23.0 -43.56
23.0 -46.685
23.0 -52.67
23.0 -52.54
23.0 -47.41
23.0 -48.145
23.0 -47.55
23.0 -54.095
23.0 -44.335
23.0 -48.095
23.0 -47.775
23.0 -46.055
23.0 -42.135
23.0 -48.765
23.0 -48.11
23.0 -54.745
23.0 -56.06
23.0 -55.225
23.0 -48.63
23.0 -47.51
23.0 -43.265
23.0 -48.32
23.0 -39.31
23.0 -49.815
23.0 -46.31
23.0 -41.5
23.0 -51.985
23.0 -58.6
23.0 -57.71
23.0 -60.135
23.0 -53.08
23.0 -51.48
23.0 -62.145
23.0 -55.315
23.0 -52.13
23.0 -43.815
23.0 -37.92
23.0 -50.345
23.0 -52.13
23.0 -51.25
23.0 -70.06
23.0 -60.055
23.0 -74.39
23.0 -61.19
23.0 -69.88
23.0 -58.315
23.0 -62.93
23.0 -58.345
23.0 -58.17
23.0 -51.09
23.0 -49.95
23.0 -53.145
23.0 -51.885
23.0 -45.115
23.0 -42.48
23.0 -46.34
23.0 -62.77
23.0 -64.87
23.0 -60.665
23.0 -56.825
23.0 -55.055
23.0 -49.7
23.0 -51.21
23.0 -51.06
23.0 -46.99
23.0 -45.205
23.0 -34.5
23.0 -42.865
23.0 -40.145
23.0 -48.0
23.0 -40.745
23.0 -55.89
23.0 -48.55
23.0 -57.56
23.0 -55.7
23.0 -42.06
23.0 -56.665
23.0 -52.045
23.0 -58.075
23.0 -49.46
23.0 -53.275
23.0 -52.33
23.0 -53.46
23.0 -50.4
23.0 -48.8
23.0 -56.065
23.0 -49.625
23.0 -50.56
23.0 -44.015
23.0 -56.36
23.0 -55.315
23.0 -56.39
23.0 -68.185
23.0 -67.21
23.0 -64.89
23.0 -63.14
23.0 -56.86
23.0 -53.015
23.0 -47.62
23.0 -46.635
23.0 -41.74
23.0 -41.42
23.0 -47.81
23.0 -56.66
23.0 -57.67
23.0 -48.955
23.0 -57.785
23.0 -61.3
23.0 -57.51
23.0 -55.365
23.0 -51.32
23.0 -48.965
23.0 -48.045
23.0 -53.56
23.0 -53.785
23.0 -55.6
23.0 -57.31
23.0 -52.575
23.0 -47.35
23.0 -52.105
23.0 -48.875
23.0 -52.305
23.0 -57.485
23.0 -51.57
23.0 -64.445
23.0 -59.11
23.0 -58.035
23.0 -63.88
23.0 -54.17
23.0 -43.765
23.0 -39.1
23.0 -44.67
23.0 -40.97
23.0 -50.9
23.0 -52.505
23.0 -56.945
23.0 -53.39
23.0 -71.625
23.0 -72.815
23.0 -58.295
23.0 -53.355
23.0 -58.265
23.0 -63.6
23.0 -57.305
23.0 -55.53
23.0 -52.64
23.0 -59.175
23.0 -64.765
23.0 -66.39
23.0 -73.225
23.0 -68.645
23.0 -61.79
23.0 -57.785
23.0 -61.875
23.0 -66.31
23.0 -53.795
23.0 -46.475
23.0 -53.02
23.0 -54.355
23.0 -47.5
23.0 -59.005
23.0 -57.015
23.0 -63.54
23.0 -50.39
23.0 -65.87
23.0 -53.52
23.0 -58.55
23.0 -52.015
23.0 -47.14
23.0 -54.195
23.0 -48.46
23.0 -39.18
23.0 -59.57
23.0 -59.36
23.0 -59.765
23.0 -53.355
23.0 -46.455
23.0 -46.485
23.0 -56.145
23.0 -70.84
23.0 -55.22
23.0 -51.355
23.0 -56.925
23.0 -49.445
23.0 -48.61
23.0 -48.19
23.0 -51.12
23.0 -51.215
500
-35.0 -247.005
-35.0 -172.165
-34.5 -147.615
-34.5 -135.49
-27.0 -118.85
-26.0 -110.85
-13.0 -104.635
-11.0 -105.0
-11.0 -86.26
-10.0 -85.23
5.5 -72.86
5.5 -61.98
5.5 -63.895
5.5 -63.67
5.5 -69.68
5.5 -80.495
5.5 -71.285
5.5 -62.665
5.5 -71.655
5.5 -87.125
5.5 -78.625
8.0 -76.02
8.0 -68.47
8.0 -59.065
17.0 -58.44
17.0 -71.955
17.0 -50.06
17.0 -44.38
17.0 -44.305
17.0 -56.015
17.0 -53.495
17.0 -51.305
17.0 -59.3
17.0 -65.56
17.0 -58.265
17.0 -54.4
17.0 -54.54
17.0 -57.38
17.0 -55.91
17.0 -58.34
17.0 -49.135
17.0 -51.455
17.0 -44.44
17.0 -47.565
17.0 -52.155
17.0 -52.165
17.0 -68.735
17.0 -57.755
17.0 -63.265
17.0 -59.13
17.0 -63.38
17.0 -52.685
17.0 -55.82
17.0 -68.195
17.0 -64.8
22.0 -69.185
22.0 -49.885
22.0 -49.74
22.0 -51.03
22.0 -56.64
22.0 -53.525
22.0 -60.24
22.0 -66.27
22.0 -53.265
22.0 -50.005
22.0 -53.44
22.0 -54.81
22.0 -50.87
22.5 -52.45
22.5 -49.715
22.5 -51.04
22.5 -50.905
22.5 -53.27
22.5 -58.535
22.5 -52.07
22.5 -48.295
22.5 -36.19
22.5 -43.065
22.5 -51.625
22.5 -56.305
22.5 -58.12
22.5 -55.57
22.5 -46.92
22.5 -44.075
22.5 -48.015
22.5 -52.585
22.5 -51.575
22.5 -47.78
22.5 -48.815
22.5 -47.82
22.5 -48.9
22.5 -43.01
22.5 -43.17
22.5 -43.06
22.5 -45.71
22.5 -43.05
22.5 -44.73
22.5 -42.335
22.5 -41.695
22.5 -39.85
22.5 -50.06
22.5 -62.55
22.5 -48.585
22.5 -48.965
22.5 -46.845
22.5 -45.16
22.5 -44.55
22.5 -50.585
22.5 -58.595
22.5 -56.855
22.5 -49.66
22.5 -55.665
22.5 -48.105
22.5 -57.955
22.5 -66.16
22.5 -58.58
22.5 -62.135
22.5 -57.135
22.5 -43.285
22.5 -49.785
22.5 -52.625
22.5 -49.345
22.5 -48.1
22.5 -53.085
22.5 -47.475
22.5 -47.255
22.5 -56.235
22.5 -71.005
22.5 -63.54
22.5 -63.775
22.5 -60.55
22.5 -61.9
22.5 -52.16
22.5 -52.54
22.5 -58.935
22.5 -54.82
22.5 -59.105
22.5 -53.355
22.5 -51.605
22.5 -43.415
22.5 -45.715
22.5 -47.07
23.0 -51.545
23.0 -50.415
23.0 -54.93
23.0 -47.16
23.0 -56.77
23.0 -46.515
23.0 -37.015
23.0 -50.41
23.0 -44.745
23.0 -61.175
23.0 -53.03
23.0 -53.815
23.0 -48.605
23.0 -57.325
23.0 -56.51
23.0 -47.045
23.0 -47.77
23.0 -52.535
23.0 -46.73
23.0 -49.955
23.0 -42.685
23.0 -44.83
23.0 -44.83
23.0 -53.465
23.0 -54.08
23.0 -56.535
23.0 -61.135
23.0 -45.5
23.0 -44.545
23.0 -44.455
23.0 -53.165
23.0 -61.44
23.0 -63.875
23.0 -62.47
23.0 -48.125
23.0 -44.555
23.0 -49.025
23.0 -52.475
23.0 -54.665
23.0 -50.315
23.0 -50.475
23.0 -46.795
23.0 -49.175
23.0 -53.08
23.0 -46.8
23.0 -39.68
23.0 -46.09
23.0 -44.395
23.5 -44.825
23.5 -53.86
23.5 -47.325
23.5 -41.655
23.5 -50.25
23.5 -61.265
23.5 -45.45
23.5 -54.86
23.5 -47.795
23.5 -56.92
23.5 -68.66
23.5 -68.99
23.5 -57.095
23.5 -57.45
23.5 -42.825
23.5 -46.62
23.5 -54.735
23.5 -41.165
23.5 -49.365
23.5 -51.175
23.5 -44.85
23.5 -51.14
23.5 -50.83
23.5 -43.54
23.5 -44.44
23.5 -60.41
23.5 -55.42
23.5 -50.375
23.5 -49.735
23.5 -55.27
23.5 -47.565
23.5 -45.5
23.5 -40.92
23.5 -47.355
23.5 -37.5
23.5 -39.945
23.5 -48.12
23.5 -51.19
23.5 -47.0
23.5 -48.93
23.5 -45.965
23.5 -42.48
23.5 -41.595
23.5 -54.12
23.5 -58.61
23.5 -69.11
23.5 -65.63
23.5 -72.355
23.5 -52.48
23.5 -48.26
23.5 -50.905
23.5 -39.995
23.5 -46.0
23.5 -45.22
23.5 -43.125
23.5 -51.59
23.5 -61.71
23.5 -47.845
23.5 -56.32
23.5 -54.4
23.5 -57.0
23.5 -50.585
23.5 -51.29
23.5 -53.745
23.5 -55.03
23.5 -50.05
23.5 -56.67
23.5 -45.025
23.5 -42.67
23.5 -58.045
23.5 -56.21
23.5 -51.675
23.5 -46.095
23.5 -44.085
23.5 -40.27
23.5 -38.315
23.5 -45.265
23.5 -44.67
23.5 -44.01
23.5 -47.745
23.5 -36.11
23.5 -42.97
23.5 -46.35
23.5 -54.325
23.5 -65.39
23.5 -48.815
23.5 -52.23
23.5 -48.025
23.5 -47.105
23.5 -43.085
23.5 -49.78
23.5 -44.935
23.5 -42.505
23.5 -47.985
23.5 -53.085
23.5 -52.21
23.5 -54.15
23.5 -45.91
23.5 -48.545
23.5 -48.08
23.5 -52.995
23.5 -61.93
23.5 -47.715
23.5 -42.515
23.5 -45.605
23.5 -64.035
23.5 -62.98
23.5 -51.715
23.5 -47.5
23.5 -57.41
23.5 -54.715
23.5 -57.955
23.5 -55.69
23.5 -49.295
23.5 -52.55
23.5 -65.355
23.5 -51.575
23.5 -68.29
23.5 -56.88
23.5 -50.515
23.5 -46.825
23.5 -60.285
23.5 -61.765
23.5 -62.285
23.5 -57.005
23.5 -56.59
23.5 -66.185
23.5 -60.325
23.5 -60.46
23.5 -50.995
23.5 -52.315
23.5 -49.74
23.5 -44.16
23.5 -47.18
23.5 -43.47
23.5 -42.79
23.5 -44.995
23.5 -40.75
23.5 -38.27
23.5 -42.47
23.5 -47.025
23.5 -51.42
23.5 -57.69
23.5 -60.155
23.5 -47.81
23.5 -57.435
23.5 -45.885
23.5 -51.65
23.5 -46.795
23.5 -41.545
23.5 -48.74
23.5 -40.25
23.5 -40.355
23.5 -42.84
23.5 -32.15
23.5 -44.855
23.5 -49.46
23.5 -47.92
23.5 -52.51
23.5 -45.185
23.5 -55.515
23.5 -54.66
23.5 -58.19
23.5 -52.315
23.5 -52.555
23.5 -45.665
23.5 -47.835
23.5 -44.03
23.5 -42.42
23.5 -40.235
23.5 -52.915
23.5 -58.345
23.5 -48.26
23.5 -47.325
23.5 -45.45
23.5 -49.13
23.5 -50.995
23.5 -62.085
23.5 -55.505
23.5 -53.935
23.5 -49.385
23.5 -54.35
23.5 -47.33
23.5 -44.615
23.5 -46.095
23.5 -43.33
23.5 -49.115
23.5 -52.085
23.5 -51.375
23.5 -45.865
23.5 -47.405
23.5 -46.805
23.5 -46.395
23.5 -51.345
23.5 -49.085
23.5 -43.0
23.5 -47.635
23.5 -50.565
23.5 -52.57
23.5 -47.98
23.5 -50.265
23.5 -54.635
23.5 -51.89
23.5 -51.175
23.5 -52.57
23.5 -55.655
23.5 -49.92
23.5 -49.285
23.5 -50.835
23.5 -44.71
23.5 -52.115
23.5 -50.535
23.5 -46.67
23.5 -42.85
23.5 -52.995
23.5 -52.495
23.5 -55.305
23.5 -51.17
23.5 -54.855
23.5 -59.625
23.5 -47.99
23.5 -54.305
23.5 -53.88
23.5 -59.295
23.5 -56.085
23.5 -44.005
23.5 -45.315
23.5 -46.605
23.5 -48.33
23.5 -55.495
23.5 -49.83
23.5 -53.785
23.5 -64.83
23.5 -51.435
23.5 -61.225
23.5 -47.405
23.5 -52.185
23.5 -58.94
23.5 -58.135
23.5 -50.35
23.5 -53.045
23.5 -52.755
23.5 -59.265
23.5 -68.61
23.5 -61.035
23.5 -46.96
23.5 -49.165
23.5 -53.095
23.5 -46.005
23.5 -48.01
23.5 -46.83
23.5 -50.01
23.5 -56.505
23.5 -48.045
23.5 -49.995
23.5 -46.6
23.5 -47.795
23.5 -56.75
23.5 -52.06
23.5 -47.78
23.5 -43.87
23.5 -41.71
23.5 -43.08
23.5 -45.325
23.5 -45.47
23.5 -53.795
23.5 -46.69
23.5 -51.825
23.5 -54.96
23.5 -54.63
23.5 -56.81
23.5 -48.85
23.5 -60.405
23.5 -52.975
23.5 -57.98
23.5 -55.765
23.5 -52.525
23.5 -50.44
23.5 -58.18
23.5 -53.865
23.5 -53.025
23.5 -49.955
23.5 -56.685
23.5 -50.875
23.5 -48.905
23.5 -46.89
23.5 -43.215
23.5 -51.375
23.5 -41.375
23.5 -41.065
23.5 -47.515
23.5 -55.8
23.5 -50.915
23.5 -49.93
23.5 -52.145
23.5 -63.345
23.5 -46.3
23.5 -60.155
23.5 -54.74
23.5 -52.865
23.5 -51.88
23.5 -59.51
23.5 -64.045
23.5 -58.945
23.5 -60.89
23.5 -52.745
23.5 -47.55
23.5 -40.675
23.5 -51.975
23.5 -54.11
500
-34.5 -216.965
-24.0 -167.34
-13.5 -127.845
-13.5 -130.32
-13.5 -119.565
-13.5 -101.14
-5.0 -88.015
-5.0 -87.01
-4.5 -72.115
-2.0 -71.765
-2.0 -63.655
-0.5 -65.325
4.5 -58.285
9.5 -65.745
9.5 -75.295
9.5 -67.925
10.0 -70.465
12.0 -71.21
12.0 -56.935
12.0 -60.2
12.0 -61.72
12.0 -66.7
12.0 -65.3
12.0 -68.845
12.0 -64.58
12.0 -65.325
12.0 -73.935
12.0 -64.51
12.0 -63.36
12.0 -69.71
12.0 -57.705
12.0 -55.37
12.0 -56.23
12.0 -61.35
12.0 -65.55
12.0 -61.24
12.0 -59.005
12.0 -55.385
12.0 -55.74
12.5 -59.635
15.0 -60.52
15.0 -64.13
15.0 -70.93
15.0 -63.435
15.0 -61.475
15.0 -64.96
15.0 -67.27
15.0 -64.61
15.0 -82.85
15.0 -73.15
15.0 -69.75
15.0 -74.78
15.0 -68.115
15.0 -65.33
15.0 -61.515
16.0 -66.775
16.0 -62.25
16.0 -61.865
16.0 -52.765
16.0 -50.575
16.0 -57.73
16.0 -56.865
16.0 -50.97
16.0 -54.855
16.0 -61.435
16.0 -58.705
16.0 -59.895
16.0 -57.575
16.0 -62.59
16.0 -63.465
16.0 -59.01
16.0 -56.57
16.0 -68.48
16.0 -61.68
16.0 -55.015
16.0 -65.625
16.0 -58.105
16.0 -73.12
16.0 -76.595
16.0 -78.71
16.0 -73.215
16.0 -59.64
16.0 -55.69
19.5 -65.295
19.5 -49.415
19.5 -53.74
19.5 -66.48
19.5 -61.935
19.5 -55.585
19.5 -57.175
19.5 -58.03
19.5 -53.765
19.5 -59.465
19.5 -56.175
19.5 -46.535
19.5 -49.87
19.5 -60.19
19.5 -62.115
19.5 -62.79
19.5 -61.695
19.5 -58.33
19.5 -51.145
19.5 -55.405
19.5 -61.675
19.5 -69.425
19.5 -75.24
19.5 -76.825
19.5 -76.44
19.5 -82.04
19.5 -59.92
19.5 -55.025
19.5 -65.285
19.5 -54.11
19.5 -57.665
19.5 -68.715
19.5 -63.14
19.5 -57.96
19.5 -59.35
19.5 -51.145
19.5 -49.245
19.5 -57.46
19.5 -52.825
19.5 -56.59
19.5 -52.735
20.0 -46.95
20.0 -52.275
20.0 -48.09
20.0 -38.29
20.0 -40.145
20.0 -53.02
20.0 -53.575
20.0 -57.995
20.0 -48.175
20.0 -44.525
20.0 -45.82
20.0 -52.48
20.0 -59.05
20.0 -60.485
20.0 -63.41
20.0 -62.12
20.0 -62.07
20.0 -61.565
20.0 -62.51
20.0 -62.125
20.0 -67.86
20.0 -63.505
20.0 -68.56
20.0 -84.675
20.0 -64.59
20.0 -61.745
20.0 -54.975
20.0 -64.085
20.0 -70.39
20.0 -53.565
20.0 -48.735
20.0 -53.055
20.0 -54.725
20.0 -57.145
20.0 -51.725
20.0 -43.49
20.0 -41.595
20.0 -44.375
20.0 -46.135
20.0 -43.125
20.0 -48.585
20.0 -46.05
20.0 -47.215
20.0 -52.615
20.0 -63.115
20.0 -60.0
20.0 -61.595
20.0 -55.375
20.0 -53.97
20.0 -57.58
20.0 -60.56
20.0 -58.915
20.0 -64.82
20.0 -60.695
20.0 -62.855
20.0 -55.655
20.0 -58.92
20.0 -59.725
20.0 -61.375
20.0 -64.54
20.0 -62.575
20.0 -65.645
20.0 -51.985
20.0 -65.02
20.0 -62.955
20.0 -56.36
20.0 -68.9
20.0 -72.065
20.0 -72.285
20.0 -67.77
20.0 -59.445
20.0 -57.335
20.5 -51.29
20.5 -49.485
20.5 -58.715
20.5 -55.03
20.5 -61.835
20.5 -61.35
20.5 -53.6
20.5 -50.905
20.5 -55.1
20.5 -50.94
20.5 -49.83
20.5 -48.63
20.5 -54.15
20.5 -51.665
20.5 -53.735
20.5 -48.71
20.5 -57.91
20.5 -60.12
20.5 -61.28
20.5 -58.97
20.5 -55.905
20.5 -54.835
20.5 -51.84
20.5 -50.35
20.5 -47.525
20.5 -41.415
20.5 -48.865
20.5 -47.045
20.5 -53.825
20.5 -49.755
20.5 -51.725
20.5 -52.4
20.5 -57.82
20.5 -57.85
20.5 -63.95
20.5 -67.72
20.5 -58.045
20.5 -56.05
20.5 -51.77
20.5 -54.95
20.5 -48.25
20.5 -63.25
20.5 -56.045
20.5 -53.365
20.5 -54.715
20.5 -60.295
20.5 -60.63
20.5 -55.535
20.5 -46.49
20.5 -61.535
20.5 -54.015
20.5 -41.07
20.5 -40.23
20.5 -47.33
20.5 -56.85
20.5 -54.49
20.5 -49.075
20.5 -47.33
20.5 -50.14
20.5 -39.48
20.5 -42.885
20.5 -44.06
20.5 -51.88
20.5 -58.155
20.5 -54.06
20.5 -63.725
20.5 -67.42
20.5 -62.77
20.5 -70.775
22.0 -62.42
22.0 -54.715
22.0 -58.295
22.0 -64.395
22.0 -70.155
22.0 -72.885
22.0 -61.78
22.0 -67.73
22.0 -64.18
22.0 -74.315
22.0 -57.745
22.0 -49.47
22.0 -50.76
22.0 -46.69
22.0 -44.345
22.0 -53.23
22.0 -57.355
22.0 -47.94
22.0 -54.465
22.0 -63.245
22.0 -63.615
22.0 -62.11
22.0 -60.565
22.0 -58.02
22.0 -63.285
22.0 -53.015
22.0 -63.8
22.0 -67.19
22.0 -62.24
22.0 -55.025
22.0 -53.0
22.0 -53.485
22.0 -49.06
22.0 -43.555
22.0 -53.185
22.0 -47.715
22.0 -53.99
22.0 -56.255
22.0 -59.165
22.0 -52.665
22.0 -50.755
22.0 -59.49
22.0 -49.965
22.0 -51.845
22.0 -46.35
22.0 -64.675
22.0 -50.4
22.0 -53.155
22.0 -67.235
22.0 -60.165
22.0 -54.63
22.0 -55.575
22.0 -48.655
22.0 -58.76
22.0 -43.195
22.0 -47.645
22.0 -51.4
22.0 -48.94
22.0 -54.415
22.0 -58.285
22.0 -58.755
22.0 -53.315
22.0 -63.305
22.0 -47.075
22.0 -48.625
22.0 -59.77
22.0 -61.125
22.0 -55.585
22.0 -53.655
22.0 -54.4
22.0 -49.64
22.0 -49.84
22.0 -48.275
22.0 -53.005
22.0 -66.075
22.0 -57.59
22.0 -65.85
22.0 -58.3
22.0 -52.04
22.0 -56.97
24.5 -52.93
24.5 -57.79
24.5 -60.435
24.5 -64.335
24.5 -54.83
24.5 -58.455
24.5 -42.9
24.5 -46.815
24.5 -48.17
24.5 -50.54
24.5 -52.625
24.5 -57.945
24.5 -46.425
24.5 -49.32
24.5 -49.13
24.5 -46.505
24.5 -55.29
24.5 -57.015
24.5 -55.475
24.5 -53.125
24.5 -55.955
24.5 -54.86
24.5 -43.615
24.5 -33.605
24.5 -36.11
24.5 -37.32
24.5 -42.715
24.5 -53.89
24.5 -59.13
24.5 -56.185
24.5 -54.52
24.5 -47.355
24.5 -47.89
24.5 -46.71
24.5 -45.18
24.5 -44.9
24.5 -38.89
24.5 -48.66
24.5 -53.805
24.5 -37.365
24.5 -46.48
24.5 -49.56
24.5 -49.37
24.5 -45.49
24.5 -55.585
24.5 -50.555
24.5 -43.445
24.5 -40.065
24.5 -43.765
24.5 -46.59
24.5 -49.375
24.5 -46.775
24.5 -43.045
24.5 -47.1
24.5 -38.35
24.5 -38.98
24.5 -45.94
24.5 -46.995
24.5 -48.615
24.5 -51.795
24.5 -49.61
24.5 -45.3
24.5 -54.195
24.5 -49.12
24.5 -44.015
24.5 -49.525
24.5 -47.94
24.5 -51.25
24.5 -51.115
24.5 -50.105
24.5 -46.355
24.5 -50.345
24.5 -50.48
24.5 -48.49
24.5 -55.545
24.5 -58.245
24.5 -53.245
24.5 -54.645
24.5 -60.125
24.5 -47.06
24.5 -45.36
25.0 -45.01
25.0 -43.87
25.0 -57.17
25.0 -48.74
25.0 -51.89
25.0 -45.82
25.0 -43.03
25.0 -39.745
25.0 -43.36
25.0 -47.3
25.0 -54.89
25.0 -50.315
25.0 -53.58
25.0 -50.405
25.0 -49.885
25.0 -50.505
25.0 -53.52
25.0 -64.985
25.0 -53.67
25.0 -53.815
25.0 -55.555
25.0 -47.0
25.0 -53.375
25.0 -52.935
25.0 -49.07
25.0 -46.84
25.0 -35.785
25.0 -44.745
25.0 -55.925
25.0 -52.135
25.0 -58.97
25.0 -55.13
25.0 -63.925
25.0 -61.125
25.0 -54.1
25.0 -48.23
25.0 -39.21
25.0 -46.415
25.0 -38.145
25.0 -42.555
25.0 -41.22
25.0 -43.57
25.0 -55.025
25.0 -51.21
25.0 -58.11
25.0 -55.92
25.0 -46.985
25.0 -57.655
25.0 -61.95
25.0 -59.27
25.0 -60.955
25.0 -59.3
25.0 -54.73
25.0 -52.03
25.0 -59.975
25.0 -52.67
25.0 -47.48
25.0 -52.91
25.0 -54.115
25.0 -46.955
25.0 -47.06
25.0 -55.28
25.0 -54.055
25.0 -48.61
25.0 -50.135
25.0 -53.99
25.0 -73.605
25.0 -62.145
25.0 -75.405
25.0 -61.225
25.0 -51.43
25.0 -57.32
25.0 -56.12
25.0 -49.73
500
-53.5 -212.625
-15.5 -157.3
-14.5 -139.06
-12.5 -107.67
-10.0 -85.065
-10.0 -91.505
-4.0 -86.975
-4.0 -77.175
-4.0 -76.88
-4.0 -75.31
9.5 -79.525
9.5 -69.89
9.5 -80.93
9.5 -70.605
9.5 -56.585
9.5 -63.67
9.5 -55.34
9.5 -52.825
9.5 -54.71
9.5 -57.355
9.5 -68.005
9.5 -64.645
9.5 -74.495
9.5 -66.745
9.5 -64.01
9.5 -62.135
9.5 -65.08
9.5 -63.135
9.5 -63.64
17.5 -53.405
17.5 -52.21
17.5 -59.38
17.5 -48.655
18.0 -51.505
18.0 -40.485
18.0 -46.555
18.0 -50.225
18.0 -53.035
18.0 -48.255
21.5 -46.875
21.5 -42.165
21.5 -46.01
21.5 -45.905
21.5 -48.53
21.5 -49.09
21.5 -63.69
21.5 -50.015
21.5 -59.855
21.5 -52.06
21.5 -54.08
21.5 -54.885
21.5 -52.88
21.5 -52.63
21.5 -57.975
21.5 -54.94
21.5 -51.39
21.5 -50.255
21.5 -57.0
21.5 -56.085
21.5 -63.285
21.5 -62.85
21.5 -68.35
21.5 -48.535
21.5 -47.275
21.5 -49.815
21.5 -48.575
21.5 -49.045
21.5 -46.8
21.5 -63.29
21.5 -59.43
21.5 -57.655
21.5 -54.725
21.5 -59.495
21.5 -57.905
21.5 -65.335
21.5 -60.43
21.5 -51.46
21.5 -51.885
21.5 -55.95
21.5 -56.855
21.5 -62.365
21.5 -55.345
21.5 -74.835
21.5 -62.125
21.5 -51.57
21.5 -56.185
21.5 -47.31
21.5 -49.265
21.5 -49.035
23.0 -41.56
23.0 -38.24
23.0 -42.485
23.0 -48.18
23.0 -44.23
23.0 -42.455
23.0 -44.975
23.0 -54.625
23.0 -49.09
23.0 -49.16
23.0 -47.405
23.0 -52.49
23.0 -50.99
23.0 -48.1
23.0 -52.05
23.0 -50.575
23.0 -46.115
23.0 -66.765
23.0 -56.345
23.0 -58.8
23.0 -53.79
23.0 -46.13
23.0 -43.73
23.0 -50.475
23.0 -48.905
23.0 -53.005
23.0 -40.215
23.0 -46.365
23.0 -46.805
23.0 -50.83
23.0 -46.895
23.0 -50.885
23.0 -46.92
23.0 -40.14
23.0 -48.77
23.0 -49.665
23.0 -54.905
23.0 -58.015
23.0 -56.94
23.0 -58.845
23.0 -61.54
23.0 -55.845
23.0 -59.675
23.0 -52.875
23.0 -49.805
23.0 -50.165
23.0 -48.895
23.0 -40.345
23.0 -39.49
23.0 -36.29
23.0 -41.16
23.0 -34.01
23.0 -38.37
23.0 -39.435
23.0 -34.975
23.0 -41.905
23.0 -35.63
23.0 -41.25
23.0 -41.355
23.0 -45.355
23.0 -49.155
23.0 -46.775
23.0 -51.515
23.0 -40.505
23.0 -38.865
23.0 -40.315
23.0 -42.28
23.0 -46.96
23.0 -53.195
23.0 -43.67
23.0 -43.415
23.0 -37.02
23.0 -42.35
23.0 -45.0
23.0 -42.18
23.0 -41.815
23.0 -38.875
23.0 -43.88
23.0 -50.515
23.0 -46.77
23.0 -42.105
23.0 -40.645
23.0 -50.065
23.0 -49.405
23.0 -49.34
23.0 -45.36
23.0 -61.475
23.0 -56.82
23.0 -49.64
23.0 -42.24
23.0 -51.06
23.0 -49.02
23.0 -42.69
23.0 -42.785
23.0 -50.62
23.0 -57.345
23.0 -50.325
23.0 -45.255
23.0 -39.855
23.0 -39.73
23.0 -47.175
23.0 -49.905
23.0 -51.435
23.0 -55.295
23.0 -60.535
23.0 -59.58
23.0 -58.27
23.0 -60.21
23.0 -47.705
23.0 -39.815
23.0 -43.95
23.0 -26.855
23.0 -34.02
23.0 -42.335
23.0 -40.365
23.0 -40.29
23.0 -43.905
23.0 -39.745
23.0 -43.79
23.0 -46.965
23.0 -46.65
23.0 -50.625
23.0 -44.44
23.0 -50.11
23.0 -47.94
23.0 -43.62
23.0 -48.51
23.0 -51.36
23.0 -47.6
23.0 -44.53
23.0 -53.265
23.0 -58.865
23.0 -62.875
23.0 -56.595
23.0 -57.515
23.0 -43.425
23.0 -40.155
23.0 -46.725
23.0 -52.565
23.0 -51.525
23.0 -49.64
23.0 -48.515
23.0 -49.055
23.0 -47.015
23.0 -50.635
23.0 -55.14
23.0 -55.38
23.0 -50.06
23.0 -40.245
23.0 -53.305
23.0 -56.315
23.0 -44.01
23.0 -49.64
23.0 -49.025
23.0 -44.345
23.0 -38.085
23.0 -38.98
23.0 -37.13
23.0 -44.235
23.0 -47.03
23.0 -54.615
23.0 -46.855
23.0 -55.015
23.0 -40.55
23.0 -42.73
23.0 -44.085
23.0 -42.205
23.0 -57.935
23.0 -45.88
23.0 -42.295
23.0 -47.59
23.0 -43.015
23.0 -44.465
23.0 -43.245
23.0 -46.65
23.0 -39.325
23.0 -41.16
23.0 -46.07
23.0 -43.82
23.0 -45.685
23.0 -47.05
23.0 -41.975
23.0 -36.025
23.0 -42.335
23.0 -46.88
23.0 -52.87
23.0 -45.115
23.0 -41.915
23.0 -45.985
23.0 -44.25
23.0 -43.255
23.0 -46.865
23.0 -34.615
23.0 -39.995
23.0 -49.41
23.0 -52.85
23.0 -56.05
23.0 -63.895
23.0 -47.66
23.0 -40.825
23.0 -42.385
23.0 -51.1
23.0 -52.385
23.0 -48.005
23.0 -46.48
23.0 -49.945
23.0 -47.125
23.0 -51.785
23.0 -52.185
23.0 -48.955
23.0 -47.71
23.0 -47.45
23.0 -54.515
23.0 -44.44
23.0 -53.005
23.0 -54.24
23.0 -60.835
23.0 -61.325
23.0 -60.395
23.0 -67.61
23.0 -58.145
23.0 -49.56
23.0 -50.97
23.0 -63.395
23.0 -53.505
23.0 -62.46
23.0 -56.32
23.0 -50.5
23.0 -50.88
23.0 -44.24
23.0 -44.315
23.0 -45.605
23.0 -46.855
23.0 -56.605
23.0 -53.46
23.0 -53.555
23.0 -44.845
23.0 -49.49
23.0 -45.585
23.0 -49.955
23.0 -44.59
25.0 -39.19
25.0 -41.18
25.0 -35.31
25.0 -36.765
25.0 -43.745
25.0 -40.035
25.0 -50.635
25.0 -51.93
25.0 -57.495
25.0 -63.415
25.0 -59.01
25.0 -65.7
25.0 -51.195
25.0 -52.83
25.0 -51.47
25.0 -43.905
25.0 -37.915
25.0 -37.37
25.0 -41.495
25.0 -42.58
25.0 -42.715
25.0 -49.255
25.0 -59.63
25.0 -48.985
25.0 -49.24
25.0 -51.705
25.0 -47.965
25.0 -44.12
25.0 -43.475
25.0 -47.2
25.0 -49.42
25.0 -60.21
25.0 -59.39
25.0 -52.145
25.0 -59.35
25.0 -47.94
25.0 -66.185
25.0 -66.78
25.0 -66.39
25.0 -62.345
25.0 -59.8
25.0 -50.13
25.0 -56.13
25.0 -43.04
25.0 -52.41
25.0 -46.625
25.0 -47.95
25.0 -46.47
25.0 -52.93
25.0 -52.84
25.0 -49.545
25.0 -58.4
25.0 -58.705
25.0 -51.985
25.0 -50.02
25.0 -42.96
25.0 -39.265
25.0 -41.54
25.0 -33.685
25.0 -46.65
25.0 -42.96
25.0 -41.715
25.0 -53.79
25.0 -52.335
25.0 -62.185
25.0 -53.08
25.0 -54.95
25.0 -58.235
25.0 -50.065
25.0 -49.005
25.0 -44.35
25.0 -44.29
25.0 -53.1
25.0 -49.44
25.0 -47.355
25.0 -60.655
25.0 -53.15
25.0 -52.405
25.0 -54.19
25.0 -59.555
25.0 -48.28
25.0 -48.295
25.0 -51.19
25.0 -63.08
25.0 -58.55
25.0 -52.57
25.0 -54.4
25.0 -57.865
25.0 -55.11
25.0 -52.235
25.0 -51.685
25.0 -50.065
25.0 -44.065
25.0 -46.51
25.0 -54.66
25.0 -53.765
25.0 -51.455
25.0 -48.64
25.0 -48.475
25.0 -46.095
25.0 -40.685
25.0 -45.27
25.0 -59.325
25.0 -50.64
25.0 -46.935
25.0 -52.17
25.0 -46.305
25.0 -60.44
25.0 -53.81
25.0 -55.295
25.0 -51.085
25.0 -52.45
25.0 -51.755
25.0 -52.15
25.0 -54.55
25.0 -65.005
25.0 -57.715
25.0 -62.84
25.0 -63.48
25.0 -59.17
25.0 -56.515
25.0 -55.03
25.0 -53.925
25.0 -53.165
25.0 -54.765
25.0 -55.97
25.0 -63.54
25.0 -60.6
25.0 -60.555
25.0 -58.555
25.0 -61.99
25.0 -58.61
25.0 -61.0
25.0 -68.115
25.0 -63.8
25.0 -53.78
25.0 -57.23
25.0 -56.69
25.0 -58.96
25.0 -55.215
25.0 -53.805
25.0 -53.395
25.0 -50.26
25.0 -53.485
25.0 -56.615
25.0 -54.49
25.0 -53.52
25.0 -46.38
25.0 -46.835
25.0 -43.865
25.0 -52.675
25.0 -42.275
25.0 -42.41
25.0 -45.55
25.0 -54.47
25.0 -52.155
25.0 -49.705
25.0 -55.39
25.0 -61.04
25.0 -53.915
25.0 -54.525
25.0 -63.075
25.0 -48.245
25.0 -51.095
25.0 -46.085
25.0 -66.935
25.0 -63.065
25.0 -64.42
25.0 -64.965
25.0 -67.275
500
-21.0 -220.475
-17.0 -152.47
-2.0 -130.465
-2.0 -108.845
-2.0 -108.4
-2.0 -94.54
0.0 -83.275
1.0 -67.11
1.0 -76.36
9.5 -61.125
9.5 -68.845
9.5 -67.3
9.5 -68.87
9.5 -69.02
15.0 -57.985
15.0 -65.11
15.0 -57.195
16.5 -59.51
16.5 -50.63
16.5 -62.855
16.5 -49.45
16.5 -55.63
16.5 -57.42
16.5 -63.455
16.5 -58.03
16.5 -59.075
16.5 -52.75
16.5 -51.55
16.5 -47.025
16.5 -42.35
16.5 -38.22
16.5 -41.75
16.5 -48.985
16.5 -55.165
16.5 -54.265
16.5 -62.6
16.5 -62.255
16.5 -62.34
16.5 -56.6
16.5 -67.475
16.5 -58.6
16.5 -65.035
16.5 -65.77
16.5 -62.31
16.5 -54.885
16.5 -61.945
16.5 -62.37
16.5 -57.475
16.5 -61.89
16.5 -57.585
16.5 -63.785
16.5 -55.09
16.5 -48.915
16.5 -61.46
16.5 -58.275
16.5 -53.88
16.5 -60.885
16.5 -59.915
16.5 -61.525
16.5 -60.555
16.5 -58.335
16.5 -49.18
16.5 -44.27
16.5 -42.625
16.5 -53.055
16.5 -64.12
16.5 -66.895
16.5 -67.655
16.5 -60.4
16.5 -60.485
16.5 -67.82
16.5 -53.015
16.5 -52.77
16.5 -58.725
16.5 -53.785
16.5 -54.485
16.5 -56.35
16.5 -60.08
16.5 -58.805
16.5 -48.49
18.0 -48.91
18.0 -48.77
18.0 -55.06
18.0 -52.545
21.5 -51.445
21.5 -54.455
21.5 -59.06
21.5 -54.755
21.5 -69.405
21.5 -57.95
21.5 -43.715
21.5 -44.81
21.5 -45.77
21.5 -43.91
21.5 -53.975
21.5 -54.135
21.5 -48.37
21.5 -51.69
21.5 -51.795
21.5 -52.66
21.5 -46.48
21.5 -45.145
21.5 -43.795
21.5 -49.82
21.5 -57.11
21.5 -55.585
23.0 -55.15
23.0 -45.465
23.0 -48.505
23.0 -58.42
23.0 -58.68
23.0 -66.57
23.0 -49.89
23.0 -51.385
23.0 -52.84
23.0 -53.015
23.0 -44.65
23.0 -41.875
23.0 -49.385
23.0 -48.135
23.0 -47.025
23.0 -50.27
23.0 -52.28
23.0 -48.54
23.0 -47.8
23.0 -42.47
23.0 -44.805
23.0 -43.25
23.0 -46.72
23.0 -51.51
23.0 -60.435
23.0 -53.4
23.0 -55.69
23.0 -50.52
23.0 -50.29
23.0 -54.605
23.0 -50.78
23.0 -53.91
23.0 -49.32
23.0 -48.325
23.0 -48.95
23.0 -52.795
23.0 -52.61
23.0 -44.87
23.0 -46.375
23.0 -40.9
23.0 -54.14
23.0 -48.12
23.0 -55.28
23.0 -50.9
23.0 -51.365
23.0 -46.68
23.0 -54.495
23.0 -52.065
23.0 -43.045
23.0 -43.8
23.0 -49.235
23.0 -50.125
23.0 -63.415
23.0 -50.89
23.0 -54.815
23.0 -39.995
23.0 -43.18
23.0 -59.965
23.0 -56.335
23.0 -56.72
23.0 -56.835
23.0 -54.96
23.0 -60.085
23.0 -51.93
23.0 -58.17
23.0 -52.945
23.0 -53.795
23.0 -57.265
23.0 -50.43
23.0 -52.735
23.0 -51.025
23.0 -45.655
23.0 -46.145
23.0 -41.815
23.0 -48.98
23.0 -46.4
23.0 -43.26
23.0 -51.415
23.0 -61.355
23.0 -67.05
23.0 -81.99
23.0 -72.05
23.0 -72.47
23.0 -63.38
23.0 -55.86
23.0 -56.045
23.0 -46.375
23.0 -55.77
23.0 -51.59
23.0 -53.315
23.0 -46.995
23.0 -52.65
23.0 -52.265
23.0 -57.285
23.0 -60.705
23.0 -52.91
23.0 -60.105
23.0 -55.42
23.0 -50.835
23.0 -47.405
23.0 -43.99
23.0 -58.015
23.0 -58.77
23.0 -51.86
23.0 -43.75
23.0 -43.5
23.0 -53.735
23.0 -53.64
23.0 -45.805
23.0 -54.92
23.0 -52.075
23.0 -46.95
23.0 -44.77
23.0 -39.93
23.0 -43.985
23.0 -42.805
23.0 -50.375
23.0 -58.39
23.0 -59.67
23.0 -62.265
23.0 -52.24
23.0 -48.73
23.0 -54.855
23.0 -53.015
23.0 -54.815
23.0 -48.705
23.0 -35.77
23.0 -41.57
23.0 -44.455
23.0 -37.815
23.0 -42.4
23.0 -45.79
23.0 -45.715
23.0 -45.035
23.0 -48.805
23.0 -45.205
23.0 -48.195
23.0 -53.36
23.0 -57.49
23.0 -55.42
23.0 -58.43
23.0 -59.15
23.0 -53.455
23.0 -49.265
23.0 -39.56
23.0 -43.05
23.0 -39.845
23.0 -48.685
23.0 -42.695
23.0 -58.0
23.0 -48.065
23.0 -60.06
23.0 -50.785
23.0 -52.775
23.0 -58.23
23.0 -55.845
23.0 -43.97
23.0 -39.89
23.0 -42.545
23.0 -42.92
23.0 -43.975
23.0 -46.235
23.0 -58.795
23.0 -59.28
23.0 -60.615
23.0 -55.89
23.0 -57.37
23.5 -48.26
23.5 -45.69
23.5 -48.32
23.5 -49.775
23.5 -53.485
23.5 -54.53
23.5 -66.72
23.5 -60.395
23.5 -53.205
23.5 -55.89
23.5 -53.47
23.5 -56.365
23.5 -56.67
23.5 -52.7
23.5 -53.28
23.5 -48.48
23.5 -42.71
23.5 -44.39
23.5 -56.84
23.5 -52.815
23.5 -61.005
23.5 -59.125
23.5 -50.21
23.5 -51.835
23.5 -50.87
23.5 -51.3
23.5 -65.005
23.5 -55.415
23.5 -64.21
23.5 -63.45
23.5 -66.29
23.5 -68.635
23.5 -64.23
23.5 -66.945
23.5 -58.055
23.5 -55.43
23.5 -58.215
23.5 -64.535
23.5 -54.41
23.5 -59.685
23.5 -50.2
23.5 -50.645
23.5 -64.475
23.5 -58.13
23.5 -59.6
23.5 -62.145
23.5 -63.045
23.5 -62.83
23.5 -68.335
23.5 -56.14
23.5 -54.035
23.5 -67.61
23.5 -65.98
23.5 -57.405
23.5 -60.215
23.5 -63.035
23.5 -59.105
23.5 -56.025
23.5 -55.485
23.5 -54.815
23.5 -56.255
23.5 -49.665
23.5 -48.57
23.5 -51.225
23.5 -44.81
23.5 -56.88
23.5 -48.115
23.5 -52.085
23.5 -64.915
23.5 -57.565
23.5 -53.49
23.5 -55.935
23.5 -52.19
24.5 -54.84
24.5 -47.16
24.5 -42.325
24.5 -43.325
24.5 -44.515
24.5 -44.425
24.5 -52.045
24.5 -53.775
24.5 -49.665
24.5 -46.725
24.5 -51.82
24.5 -43.375
24.5 -42.21
24.5 -64.38
24.5 -55.41
24.5 -55.64
24.5 -50.48
24.5 -52.685
24.5 -81.375
24.5 -70.785
24.5 -59.06
24.5 -52.02
24.5 -56.025
24.5 -49.03
24.5 -44.755
24.5 -43.865
24.5 -42.465
24.5 -52.96
24.5 -59.8
24.5 -57.79
24.5 -52.15
24.5 -65.385
24.5 -54.88
24.5 -54.745
24.5 -61.475
24.5 -51.765
24.5 -49.87
24.5 -61.765
24.5 -49.92
24.5 -43.995
24.5 -52.405
24.5 -62.295
24.5 -58.985
24.5 -56.25
24.5 -56.7
24.5 -55.765
24.5 -55.13
24.5 -56.02
24.5 -51.635
24.5 -63.135
24.5 -69.095
24.5 -59.115
24.5 -49.605
24.5 -60.1
24.5 -54.47
24.5 -57.19
24.5 -49.135
24.5 -51.455
24.5 -55.755
24.5 -48.45
24.5 -46.685
24.5 -48.595
24.5 -49.23
24.5 -58.135
24.5 -57.615
24.5 -51.445
24.5 -47.975
24.5 -42.255
24.5 -45.41
24.5 -42.44
24.5 -48.675
24.5 -45.125
24.5 -52.185
24.5 -51.14
24.5 -66.69
24.5 -57.43
24.5 -49.345
24.5 -45.965
24.5 -60.53
24.5 -52.63
24.5 -48.325
24.5 -64.17
24.5 -60.07
24.5 -57.5
24.5 -58.32
24.5 -58.9
24.5 -44.155
24.5 -48.81
24.5 -48.86
24.5 -49.46
24.5 -55.01
24.5 -61.47
24.5 -62.265
24.5 -50.725
24.5 -59.72
24.5 -66.695
24.5 -57.98
24.5 -48.215
24.5 -45.125
24.5 -42.62
24.5 -33.77
24.5 -41.4
24.5 -48.275
24.5 -42.03
24.5 -51.0
24.5 -57.065
24.5 -39.585
24.5 -39.955
24.5 -49.505
24.5 -48.11
24.5 -45.12
24.5 -49.375
24.5 -41.58
24.5 -37.9
24.5 -41.935
24.5 -37.71
24.5 -37.955
24.5 -46.27
24.5 -41.665
24.5 -46.815
24.5 -42.23
24.5 -44.165
24.5 -54.355
24.5 -51.495
24.5 -57.345
24.5 -59.005
24.5 -60.78
24.5 -47.825
24.5 -49.005
24.5 -53.665
24.5 -57.325
24.5 -59.92
24.5 -49.175
24.5 -51.875
24.5 -45.535
24.5 -51.08
24.5 -51.335
24.5 -61.28
24.5 -52.435
24.5 -47.895
24.5 -49.63
25.0 -48.09
25.0 -54.83
25.0 -42.005
25.0 -41.075
25.0 -57.935
25.0 -49.19
25.0 -61.59
25.0 -56.645
25.0 -63.47
25.0 -59.46
25.0 -64.52
25.0 -61.19
25.0 -46.515
500
-44.5 -215.32
-44.5 -164.375
-34.5 -137.315
-22.0 -127.45
-22.0 -107.375
-22.0 -99.725
2.5 -92.575
2.5 -72.465
2.5 -86.035
3.5 -74.58
3.5 -75.115
7.0 -80.67
7.0 -66.215
16.0 -59.855
16.0 -54.56
16.0 -53.81
16.0 -46.24
16.0 -53.0
16.0 -43.635
16.0 -58.98
16.0 -49.685
16.0 -48.15
16.0 -42.645
16.0 -53.12
16.0 -49.47
16.0 -59.535
16.0 -64.995
16.0 -54.66
16.0 -49.21
16.5 -55.72
16.5 -60.795
16.5 -47.88
16.5 -50.07
16.5 -55.99
18.0 -64.145
18.0 -57.16
18.0 -45.695
18.0 -54.945
18.0 -46.64
18.0 -46.055
18.0 -58.215
18.0 -63.97
18.0 -51.31
18.0 -48.85
18.0 -57.215
18.5 -59.145
18.5 -43.675
18.5 -45.31
18.5 -58.325
18.5 -41.765
18.5 -52.18
18.5 -51.03
18.5 -71.675
18.5 -59.675
18.5 -46.74
18.5 -45.82
18.5 -45.22
18.5 -46.95
18.5 -53.03
18.5 -50.41
18.5 -45.215
18.5 -41.965
18.5 -39.895
18.5 -50.83
18.5 -60.95
18.5 -61.14
18.5 -44.345
18.5 -54.25
18.5 -54.145
18.5 -61.465
18.5 -53.27
18.5 -48.765
18.5 -48.26
18.5 -51.36
18.5 -52.715
18.5 -53.025
18.5 -48.65
18.5 -63.655
18.5 -55.43
18.5 -52.145
18.5 -49.505
18.5 -43.245
18.5 -46.16
18.5 -49.77
18.5 -51.185
18.5 -60.87
18.5 -48.39
18.5 -49.315
18.5 -57.93
18.5 -59.345
18.5 -61.51
18.5 -57.635
18.5 -62.65
18.5 -52.98
18.5 -44.64
18.5 -57.27
18.5 -65.095
18.5 -71.305
18.5 -64.695
18.5 -54.48
18.5 -53.905
18.5 -59.145
18.5 -54.415
18.5 -62.195
18.5 -53.28
21.5 -48.765
21.5 -46.195
21.5 -48.11
21.5 -53.525
21.5 -58.675
21.5 -62.86
21.5 -53.89
21.5 -53.81
21.5 -44.42
21.5 -54.175
21.5 -55.35
21.5 -42.43
21.5 -45.22
21.5 -55.865
21.5 -67.72
21.5 -58.235
21.5 -60.165
21.5 -64.66
21.5 -61.97
21.5 -61.86
21.5 -54.21
21.5 -52.235
21.5 -53.495
21.5 -59.05
21.5 -55.96
21.5 -62.275
21.5 -59.775
21.5 -61.045
21.5 -52.865
21.5 -41.86
21.5 -43.205
21.5 -54.1
21.5 -56.995
21.5 -54.73
21.5 -54.625
21.5 -47.215
21.5 -48.42
21.5 -41.635
21.5 -36.42
21.5 -48.575
21.5 -45.935
21.5 -39.875
21.5 -43.015
21.5 -39.07
21.5 -40.29
21.5 -47.925
21.5 -49.475
21.5 -45.335
21.5 -51.065
21.5 -55.15
21.5 -57.93
21.5 -50.56
21.5 -45.315
21.5 -49.185
21.5 -49.585
21.5 -52.015
21.5 -47.905
21.5 -53.91
21.5 -49.835
21.5 -44.895
21.5 -53.74
21.5 -61.685
21.5 -62.76
21.5 -57.255
21.5 -51.54
21.5 -40.55
21.5 -35.58
21.5 -37.15
21.5 -44.895
21.5 -52.0
21.5 -49.995
21.5 -47.26
21.5 -52.62
21.5 -58.745
21.5 -45.35
21.5 -49.42
21.5 -41.17
21.5 -45.695
21.5 -52.23
21.5 -44.03
21.5 -43.285
21.5 -55.595
21.5 -54.095
22.5 -47.465
22.5 -45.515
22.5 -50.485
22.5 -51.24
22.5 -56.5
22.5 -59.68
22.5 -52.035
22.5 -55.985
22.5 -51.45
22.5 -57.995
22.5 -52.61
22.5 -50.905
22.5 -49.475
22.5 -47.555
22.5 -37.33
22.5 -39.59
22.5 -45.505
22.5 -46.355
22.5 -53.32
22.5 -63.085
22.5 -62.93
22.5 -56.515
22.5 -59.08
22.5 -56.245
22.5 -50.815
22.5 -48.75
22.5 -52.17
22.5 -52.76
22.5 -58.065
22.5 -55.115
22.5 -64.68
22.5 -61.325
22.5 -60.205
22.5 -54.66
22.5 -68.58
23.0 -59.95
23.0 -59.81
23.0 -44.335
23.0 -47.87
23.0 -55.415
23.0 -55.27
23.0 -45.02
23.0 -53.81
23.0 -43.635
23.0 -63.13
23.0 -51.73
23.0 -46.305
23.0 -48.72
23.0 -59.555
23.0 -63.675
23.0 -56.145
23.0 -57.36
23.0 -49.665
23.0 -49.26
23.0 -38.32
23.0 -41.495
23.0 -42.33
23.0 -46.31
23.0 -35.815
23.0 -36.83
23.0 -40.01
23.0 -47.14
23.0 -44.33
23.0 -37.895
23.0 -32.735
25.5 -40.66
25.5 -35.6
25.5 -46.71
25.5 -42.81
25.5 -41.825
25.5 -40.335
25.5 -44.5
25.5 -50.22
25.5 -41.94
25.5 -56.855
25.5 -52.28
25.5 -46.715
25.5 -46.065
25.5 -53.01
25.5 -48.175
25.5 -46.005
25.5 -52.23
25.5 -51.095
25.5 -52.69
25.5 -47.92
25.5 -47.265
25.5 -48.205
25.5 -54.165
25.5 -53.115
25.5 -52.23
25.5 -44.665
25.5 -48.795
25.5 -47.52
25.5 -41.61
25.5 -40.22
25.5 -48.735
25.5 -47.865
25.5 -49.98
25.5 -56.17
25.5 -64.2
25.5 -58.645
25.5 -59.465
25.5 -49.735
25.5 -53.835
25.5 -46.77
25.5 -49.385
25.5 -47.42
25.5 -38.415
25.5 -53.155
25.5 -49.48
25.5 -50.36
25.5 -47.235
25.5 -51.02
25.5 -51.34
25.5 -49.25
25.5 -50.805
25.5 -52.69
25.5 -50.92
25.5 -59.0
25.5 -58.395
25.5 -55.99
25.5 -60.12
25.5 -48.205
25.5 -47.755
25.5 -55.945
25.5 -49.25
25.5 -49.675
25.5 -50.845
25.5 -48.41
25.5 -35.92
25.5 -48.035
25.5 -40.02
25.5 -45.86
25.5 -53.045
25.5 -51.895
25.5 -59.715
25.5 -52.815
25.5 -53.265
25.5 -52.94
25.5 -54.59
25.5 -57.55
25.5 -55.92
25.5 -57.31
25.5 -51.775
25.5 -49.295
25.5 -47.285
25.5 -44.405
25.5 -44.49
25.5 -36.785
25.5 -40.905
25.5 -39.14
25.5 -44.44
25.5 -43.605
25.5 -56.08
25.5 -50.03
25.5 -49.97
25.5 -50.76
25.5 -41.76
25.5 -37.63
25.5 -46.82
25.5 -47.815
25.5 -50.225
25.5 -38.285
25.5 -39.46
25.5 -43.96
25.5 -43.645
25.5 -51.895
25.5 -49.52
25.5 -51.405
25.5 -44.265
25.5 -48.44
25.5 -45.775
25.5 -53.23
25.5 -58.195
25.5 -52.7
25.5 -53.77
25.5 -56.89
25.5 -60.305
25.5 -51.29
25.5 -49.45
25.5 -48.2
25.5 -48.19
25.5 -44.3
25.5 -41.92
25.5 -44.445
25.5 -50.985
25.5 -48.065
25.5 -45.18
25.5 -40.75
25.5 -52.84
25.5 -44.305
25.5 -48.12
25.5 -52.92
25.5 -48.7
25.5 -48.945
25.5 -40.84
25.5 -38.465
25.5 -46.705
25.5 -49.85
25.5 -42.08
25.5 -42.775
25.5 -36.44
25.5 -43.155
25.5 -37.565
25.5 -41.045
25.5 -49.69
25.5 -47.945
25.5 -55.44
25.5 -59.185
25.5 -52.61
25.5 -49.07
25.5 -55.745
25.5 -47.34
25.5 -43.285
25.5 -50.6
25.5 -46.335
25.5 -51.515
25.5 -51.295
25.5 -49.67
25.5 -41.165
25.5 -39.155
25.5 -48.315
25.5 -42.22
25.5 -49.77
25.5 -52.115
25.5 -59.31
25.5 -57.48
25.5 -52.07
25.5 -46.28
25.5 -36.71
25.5 -38.98
25.5 -45.545
25.5 -42.49
25.5 -43.43
25.5 -47.235
25.5 -51.885
25.5 -53.775
25.5 -50.28
25.5 -57.875
25.5 -59.285
25.5 -49.665
25.5 -44.46
25.5 -44.595
25.5 -45.17
25.5 -51.42
25.5 -54.44
25.5 -51.425
25.5 -56.06
25.5 -50.2
25.5 -47.595
25.5 -57.205
25.5 -59.1
25.5 -52.42
25.5 -63.05
25.5 -49.02
25.5 -47.44
25.5 -48.565
25.5 -42.66
25.5 -41.685
25.5 -44.24
25.5 -46.43
25.5 -48.705
25.5 -55.24
25.5 -51.75
25.5 -50.035
25.5 -53.87
25.5 -50.545
25.5 -52.625
25.5 -46.9
25.5 -45.65
25.5 -39.53
25.5 -48.45
25.5 -52.045
25.5 -44.485
25.5 -46.32
25.5 -48.87
25.5 -56.14
25.5 -44.01
25.5 -38.09
25.5 -40.01
25.5 -45.31
25.5 -52.045
25.5 -42.105
25.5 -43.0
25.5 -41.56
25.5 -45.275
25.5 -50.13
25.5 -51.19
25.5 -41.75
25.5 -45.31
25.5 -41.655
25.5 -41.135
25.5 -39.475
25.5 -40.825
25.5 -51.055
25.5 -49.08
25.5 -48.625
25.5 -38.565
25.5 -37.435
25.5 -42.13
25.5 -41.72
25.5 -41.045
25.5 -58.9
25.5 -48.58
25.5 -47.245
25.5 -49.595
25.5 -57.445
25.5 -47.34
25.5 -43.575
25.5 -40.65
25.5 -53.15
25.5 -51.825
500
-75.0 -229.97
-40.0 -158.245
-39.0 -128.83
-26.0 -105.555
-15.5 -96.02
-3.5 -89.105
-3.5 -80.345
-3.5 -74.53
-3.5 -75.485
8.5 -78.485
8.5 -81.145
8.5 -74.96
8.5 -70.57
12.0 -68.38
12.0 -56.175
12.0 -55.695
12.0 -53.46
15.5 -53.9
15.5 -59.765
18.5 -62.58
18.5 -84.965
19.0 -58.585
19.0 -52.315
19.0 -50.97
19.0 -47.605
19.0 -54.02
19.0 -51.635
19.0 -51.735
19.0 -49.78
19.0 -57.76
19.0 -49.705
19.0 -44.7
19.0 -51.005
19.0 -53.26
19.0 -57.625
19.0 -53.11
19.0 -56.69
19.0 -54.385
19.0 -57.89
19.0 -47.925
19.0 -45.31
19.0 -49.56
19.0 -53.76
19.0 -57.525
19.0 -54.985
19.0 -55.75
19.0 -54.135
19.0 -51.48
19.0 -47.96
19.0 -48.185
19.0 -47.93
19.0 -42.81
19.0 -53.395
19.0 -55.09
19.0 -57.66
19.0 -56.235
19.0 -58.01
19.0 -57.73
19.0 -53.065
19.0 -51.67
19.0 -49.16
21.0 -60.0
21.0 -58.535
21.0 -55.42
21.0 -51.015
21.0 -49.585
21.0 -52.925
21.0 -58.825
21.0 -56.605
21.0 -41.7
21.0 -39.545
21.0 -37.075
21.0 -34.97
21.0 -36.01
21.0 -40.905
21.0 -40.07
21.0 -38.765
21.0 -41.415
21.0 -49.285
21.0 -43.185
21.0 -37.015
21.0 -41.345
21.0 -38.365
21.0 -40.895
21.0 -44.845
21.5 -43.755
21.5 -43.775
21.5 -40.295
21.5 -48.76
21.5 -52.785
21.5 -46.165
21.5 -54.985
21.5 -47.145
21.5 -48.345
21.5 -56.205
21.5 -40.775
21.5 -47.005
21.5 -48.245
21.5 -42.195
21.5 -35.045
21.5 -38.535
21.5 -47.87
21.5 -41.65
21.5 -55.63
21.5 -44.625
21.5 -54.07
21.5 -62.29
21.5 -59.61
21.5 -50.565
21.5 -60.745
21.5 -53.325
21.5 -58.09
21.5 -55.095
21.5 -49.495
21.5 -48.565
21.5 -52.27
21.5 -60.29
21.5 -60.025
21.5 -52.57
21.5 -47.515
21.5 -49.295
21.5 -44.275
21.5 -46.21
21.5 -48.16
21.5 -54.555
21.5 -47.845
21.5 -48.11
21.5 -46.37
21.5 -42.47
21.5 -43.82
21.5 -47.625
21.5 -52.8
23.0 -46.765
23.0 -52.33
23.0 -48.685
23.0 -43.675
23.0 -46.27
23.0 -58.185
23.0 -61.82
23.0 -54.325
23.0 -46.045
23.0 -47.92
23.0 -40.05
23.0 -34.795
23.0 -42.955
23.0 -43.915
23.0 -44.455
23.0 -49.95
23.0 -42.88
23.0 -41.445
23.0 -47.115
23.0 -50.05
23.0 -44.185
23.0 -48.605
23.0 -44.55
23.0 -49.47
23.0 -49.275
23.0 -42.01
23.0 -46.215
23.0 -51.015
23.0 -54.27
23.0 -47.475
23.0 -51.145
23.0 -50.64
23.0 -46.135
23.0 -44.475
23.0 -62.62
23.0 -48.445
23.0 -44.3
23.0 -48.495
23.0 -60.13
23.0 -43.955
23.0 -56.055
23.0 -42.165
23.0 -53.785
23.0 -62.905
23.0 -59.66
23.0 -71.46
23.0 -65.885
23.0 -51.885
23.0 -43.345
23.0 -46.76
23.0 -47.535
23.0 -53.745
23.0 -57.725
23.0 -52.815
23.0 -46.04
23.0 -39.32
23.0 -43.14
23.0 -48.24
23.0 -51.87
23.0 -47.245
23.0 -66.2
23.0 -56.43
23.0 -40.05
23.0 -45.96
23.0 -46.01
23.0 -49.125
23.0 -50.825
23.0 -45.83
23.0 -41.375
23.0 -48.54
23.0 -45.43
23.0 -51.405
23.0 -53.625
23.0 -54.09
23.0 -60.0
23.0 -66.075
23.0 -64.63
23.0 -49.715
23.0 -50.96
23.0 -63.005
23.0 -56.575
23.0 -49.285
23.0 -54.605
23.0 -56.47
23.0 -47.975
23.0 -61.44
23.0 -60.835
23.0 -50.96
23.0 -49.485
23.0 -52.795
23.0 -40.575
23.0 -44.835
23.0 -43.755
23.0 -44.565
23.0 -41.265
23.0 -45.81
23.0 -45.235
23.0 -51.65
23.0 -43.34
23.0 -48.935
23.0 -48.17
23.0 -51.955
23.0 -47.765
23.0 -55.775
23.0 -50.25
23.0 -46.43
23.0 -46.26
23.0 -54.38
23.0 -52.59
23.0 -57.13
23.0 -57.13
23.0 -54.655
23.0 -50.69
23.0 -48.775
23.0 -43.79
23.0 -46.21
23.0 -43.575
23.0 -41.11
23.0 -46.905
23.0 -38.33
23.0 -48.375
23.0 -50.315
23.0 -48.24
23.0 -53.185
23.0 -60.025
23.0 -74.335
23.0 -61.72
23.0 -58.71
23.0 -47.61
23.0 -53.155
23.0 -42.28
23.0 -57.59
23.0 -49.33
23.0 -51.225
23.0 -49.55
23.0 -46.55
23.0 -46.43
23.0 -44.78
23.0 -60.975
23.0 -51.075
23.0 -46.395
23.0 -56.64
23.0 -53.765
23.0 -50.75
23.0 -45.665
23.0 -53.41
23.0 -52.965
23.0 -53.725
23.0 -64.83
23.0 -57.85
23.0 -50.07
23.0 -43.66
23.0 -44.33
23.0 -44.655
23.0 -41.27
23.0 -41.965
23.0 -44.65
23.0 -48.31
23.0 -44.875
23.0 -46.975
23.0 -37.73
23.0 -44.47
23.0 -48.835
23.0 -40.105
23.0 -39.64
23.0 -41.725
23.0 -47.39
23.0 -52.97
23.0 -56.47
23.0 -46.965
23.0 -50.205
23.0 -51.475
23.0 -42.67
23.0 -52.045
23.0 -54.27
23.0 -52.075
23.0 -41.62
23.0 -50.05
23.0 -55.26
23.0 -58.815
23.0 -67.69
23.0 -66.28
23.0 -59.91
23.0 -60.505
23.0 -48.355
23.0 -43.845
23.0 -41.79
23.0 -47.26
23.0 -51.54
23.0 -45.235
23.0 -42.05
23.0 -34.59
23.0 -35.86
23.0 -41.395
23.0 -42.325
23.0 -52.81
23.0 -48.835
23.0 -54.045
23.0 -54.825
23.0 -49.68
23.0 -73.455
23.0 -59.885
23.0 -56.895
23.0 -49.99
23.0 -43.275
23.0 -49.145
23.0 -52.04
23.0 -45.98
23.0 -45.945
23.0 -54.89
23.0 -50.88
23.0 -52.93
23.0 -46.64
23.0 -54.945
23.0 -48.595
23.0 -54.075
23.0 -55.8
23.0 -59.425
23.0 -59.32
23.0 -55.62
23.0 -53.27
23.0 -50.565
23.0 -48.105
23.0 -48.92
23.0 -45.26
23.0 -42.855
23.0 -50.83
23.0 -45.22
23.0 -45.705
23.0 -49.63
23.0 -58.94
23.0 -53.675
23.0 -49.445
23.0 -43.435
23.0 -43.755
23.0 -44.005
23.0 -46.7
23.0 -38.48
23.0 -37.7
23.0 -39.265
23.0 -42.015
23.0 -46.62
23.0 -41.515
23.0 -43.06
23.0 -45.69
23.0 -47.695
23.0 -51.615
23.0 -43.945
23.0 -46.115
23.0 -49.285
23.0 -44.66
23.0 -38.025
23.0 -34.91
23.0 -41.06
23.0 -35.59
23.0 -38.05
23.0 -34.955
23.0 -34.49
23.0 -33.415
23.0 -38.155
23.0 -43.84
23.0 -38.385
23.0 -48.475
23.0 -46.025
23.0 -49.4
23.0 -58.5
23.0 -43.81
23.0 -40.67
23.0 -52.87
23.0 -51.7
23.0 -46.105
23.0 -47.16
23.0 -42.685
23.0 -46.69
23.0 -45.615
23.0 -46.895
23.0 -52.31
23.0 -50.475
23.0 -55.995
24.0 -54.63
24.0 -48.085
24.0 -45.035
24.0 -48.67
24.0 -48.5
24.0 -46.265
24.0 -43.275
24.0 -46.285
24.0 -53.15
24.0 -46.75
24.0 -45.575
24.0 -44.96
24.0 -53.485
24.0 -47.66
24.0 -54.21
24.0 -52.525
24.0 -54.56
24.0 -53.55
24.0 -50.075
24.0 -54.9
24.0 -57.055
24.0 -48.9
24.0 -49.315
24.0 -39.19
24.0 -41.75
24.0 -53.225
24.0 -56.8
24.0 -55.735
24.0 -52.505
24.0 -46.195
24.0 -42.3
24.0 -40.635
24.0 -36.91
24.0 -38.72
24.0 -41.965
24.0 -45.975
24.0 -51.605
24.0 -49.37
24.0 -56.965
24.0 -59.055
24.5 -54.92
24.5 -50.285
24.5 -55.66
24.5 -59.64
24.5 -56.165
24.5 -56.245
24.5 -62.0
24.5 -63.33
24.5 -48.53
24.5 -43.165
24.5 -53.645
24.5 -49.8
24.5 -39.105
24.5 -35.72
24.5 -38.49
24.5 -45.04
24.5 -47.88
24.5 -41.465
24.5 -51.59
24.5 -46.065
24.5 -56.505
24.5 -55.515
24.5 -64.165
24.5 -61.485
24.5 -56.665
24.5 -50.595
24.5 -49.525
24.5 -46.39
24.5 -46.125
24.5 -53.145
24.5 -53.38
24.5 -58.905
24.5 -64.485
24.5 -62.215
24.5 -52.75
24.5 -64.675
24.5 -53.17
24.5 -51.59
24.5 -46.23
24.5 -69.785
24.5 -55.92
24.5 -64.785
24.5 -54.565
24.5 -49.125
24.5 -55.895
24.5 -49.985
24.5 -49.54
24.5 -39.14
24.5 -38.555
500
-95.0 -238.995
-68.5 -187.12
-53.0 -154.64
-32.5 -119.345
-24.0 -105.36
-16.0 -96.02
-16.0 -95.28
-13.0 -94.825
-13.0 -88.45
-11.5 -92.615
-11.5 -93.785
-2.5 -70.39
8.5 -65.255
8.5 -66.26
9.5 -72.61
21.5 -73.335
21.5 -66.975
21.5 -61.55
21.5 -46.83
21.5 -47.635
21.5 -54.18
21.5 -67.405
21.5 -56.365
21.5 -56.61
21.5 -69.975
21.5 -82.4
21.5 -61.715
21.5 -62.655
21.5 -61.61
21.5 -63.01
21.5 -56.465
21.5 -55.185
21.5 -50.35
21.5 -46.31
21.5 -52.45
21.5 -71.125
21.5 -55.895
21.5 -53.47
21.5 -57.855
21.5 -55.875
21.5 -48.09
21.5 -57.18
21.5 -50.955
21.5 -52.335
21.5 -53.11
21.5 -54.49
21.5 -57.715
21.5 -56.995
21.5 -45.875
23.5 -44.4
23.5 -38.55
23.5 -42.63
23.5 -51.455
23.5 -48.945
23.5 -61.025
23.5 -49.665
23.5 -43.025
23.5 -51.715
23.5 -59.71
23.5 -51.57
23.5 -55.61
23.5 -52.605
23.5 -55.075
23.5 -52.145
23.5 -56.01
23.5 -68.405
23.5 -48.89
23.5 -49.905
23.5 -48.625
23.5 -52.445
23.5 -47.34
24.0 -41.425
24.0 -45.86
24.0 -53.3
24.0 -50.515
24.0 -51.655
24.0 -51.51
24.0 -52.105
24.0 -52.115
24.0 -53.33
24.0 -51.635
24.0 -53.45
24.0 -55.645
24.0 -52.945
24.0 -56.95
24.0 -51.78
24.0 -52.13
24.0 -53.54
24.0 -57.71
24.0 -60.73
24.0 -69.61
24.0 -67.025
24.0 -52.165
24.0 -54.125
24.0 -65.875
24.0 -49.32
24.0 -50.475
24.0 -41.35
24.0 -41.055
24.0 -51.49
24.0 -50.32
24.0 -59.64
24.0 -50.115
24.0 -52.605
24.0 -51.495
24.0 -62.025
24.0 -57.42
24.0 -52.65
24.0 -53.51
24.0 -52.62
24.0 -56.895
24.0 -52.41
24.0 -47.23
24.0 -58.055
24.0 -58.635
24.0 -55.32
24.0 -55.37
24.0 -57.27
24.0 -53.05
24.0 -58.675
24.0 -48.13
24.0 -70.1
24.0 -59.26
24.0 -53.4
24.0 -57.725
24.0 -61.66
24.0 -50.775
24.0 -58.54
24.0 -58.13
24.0 -65.505
24.0 -63.86
24.0 -57.28
24.0 -55.58
24.0 -47.455
24.0 -42.22
24.0 -44.38
24.0 -42.255
24.0 -50.71
24.0 -48.015
24.0 -49.485
24.0 -43.83
24.0 -55.1
24.0 -56.6
24.0 -67.075
24.0 -57.545
24.0 -59.36
24.0 -55.635
24.0 -52.965
24.0 -50.51
24.0 -53.8
24.0 -48.92
24.0 -50.67
24.0 -46.89
24.0 -49.09
24.0 -42.905
24.0 -50.49
24.0 -46.41
24.0 -44.075
24.0 -56.6
24.0 -54.67
24.0 -54.995
24.0 -57.945
24.0 -61.375
24.0 -62.64
24.0 -62.27
24.0 -58.205
24.0 -58.3
24.0 -62.055
24.0 -57.32
24.0 -48.27
24.0 -47.91
24.0 -42.085
24.0 -43.205
24.0 -48.495
24.0 -38.875
24.0 -41.14
24.0 -52.405
24.0 -53.425
24.0 -46.78
24.0 -53.875
24.0 -64.97
24.0 -61.25
24.0 -67.465
24.0 -69.815
24.0 -62.52
24.0 -64.36
24.0 -66.945
24.0 -57.805
24.0 -55.69
24.0 -51.41
24.0 -58.685
24.0 -61.265
24.0 -54.8
24.0 -53.44
24.0 -64.365
24.0 -60.19
24.0 -50.48
24.0 -47.62
24.0 -46.275
24.0 -55.375
24.0 -46.56
24.0 -48.895
24.0 -56.15
24.0 -66.09
24.0 -60.315
24.0 -53.11
24.0 -51.99
24.0 -40.92
24.0 -47.91
24.0 -45.755
24.0 -46.39
24.0 -45.5
24.0 -57.03
24.0 -57.97
24.0 -57.2
24.0 -57.24
24.0 -58.515
24.0 -51.775
24.0 -51.08
24.0 -53.76
24.0 -46.26
24.0 -55.48
24.0 -67.97
24.0 -61.49
24.0 -57.125
24.0 -54.75
24.0 -55.44
24.0 -53.58
24.0 -61.455
24.0 -61.5
24.0 -53.99
24.0 -58.755
24.0 -63.505
24.0 -62.515
24.0 -48.245
24.0 -46.955
24.0 -51.005
24.0 -53.125
24.0 -46.775
24.0 -38.825
24.0 -43.325
24.0 -51.155
24.0 -51.415
24.0 -47.98
24.0 -62.195
24.0 -52.03
24.0 -56.915
24.0 -57.495
24.0 -47.955
24.0 -53.505
24.0 -55.725
24.0 -56.505
24.0 -50.585
24.0 -46.53
24.0 -48.445
24.0 -51.11
24.0 -48.955
24.0 -44.695
24.0 -56.81
24.0 -58.42
24.0 -52.68
24.0 -46.475
24.0 -59.91
24.0 -58.255
24.0 -62.84
24.0 -55.405
24.0 -51.565
24.0 -52.555
24.0 -50.65
24.0 -52.35
24.0 -58.38
24.0 -68.94
24.0 -57.695
24.0 -49.92
24.0 -59.265
24.0 -62.635
24.0 -52.595
24.0 -50.29
24.0 -49.005
24.0 -54.645
24.0 -60.04
24.0 -61.315
24.0 -64.345
24.0 -61.34
24.0 -54.445
24.0 -64.72
24.0 -65.775
24.0 -65.845
24.0 -63.945
24.0 -55.395
24.0 -63.835
24.0 -60.255
24.0 -56.2
24.0 -51.835
24.0 -66.295
24.0 -45.53
24.0 -48.465
24.0 -46.515
24.0 -47.26
24.0 -51.68
24.0 -50.415
24.0 -60.12
24.0 -53.62
24.0 -62.96
24.0 -65.58
24.0 -57.24
24.0 -53.56
24.0 -53.11
24.0 -47.0
24.0 -49.295
24.0 -58.73
24.0 -42.22
24.0 -40.535
24.0 -52.685
24.0 -55.03
24.0 -53.635
24.0 -54.055
24.0 -50.68
24.0 -44.295
24.0 -52.385
24.0 -57.265
24.0 -51.115
24.0 -61.36
24.0 -56.715
24.0 -56.18
24.0 -45.85
24.0 -41.12
24.0 -42.405
24.0 -39.875
24.0 -44.685
24.0 -43.655
24.0 -49.465
24.0 -53.21
24.0 -58.27
24.0 -53.84
24.0 -60.035
24.0 -51.42
24.0 -63.76
24.0 -57.29
24.0 -56.575
24.0 -58.955
24.0 -60.53
24.0 -61.555
24.0 -62.06
24.0 -59.42
24.0 -57.21
24.0 -46.025
24.0 -52.96
24.0 -56.805
24.0 -46.61
24.0 -44.25
24.0 -44.135
24.0 -47.64
24.0 -49.53
24.0 -45.105
24.0 -50.695
24.0 -49.25
24.0 -52.12
24.0 -48.505
24.0 -46.085
24.0 -50.4
24.0 -48.525
24.0 -47.245
24.0 -53.445
24.0 -54.57
24.0 -55.94
24.0 -66.485
24.0 -64.925
24.0 -57.9
24.0 -52.0
24.0 -59.265
24.0 -48.17
24.0 -52.075
24.0 -55.385
24.0 -52.66
24.0 -56.315
24.0 -54.995
24.0 -55.325
24.0 -54.915
24.0 -49.25
24.0 -42.395
24.0 -40.825
24.0 -52.34
24.0 -51.885
24.0 -44.995
24.0 -46.3
24.0 -48.31
24.0 -47.12
24.0 -54.97
24.0 -49.1
24.0 -54.13
24.0 -54.32
24.0 -49.015
24.0 -52.875
24.0 -54.95
24.0 -48.4
24.0 -44.075
24.0 -73.03
24.0 -50.89
24.0 -52.14
24.0 -57.81
24.0 -52.955
24.0 -49.78
24.0 -40.875
24.0 -48.1
24.0 -46.605
24.0 -44.8
24.0 -45.27
24.0 -43.205
24.0 -50.775
24.0 -45.505
24.0 -54.525
24.0 -52.475
24.0 -43.69
24.0 -50.775
24.0 -42.535
24.0 -60.935
24.0 -63.695
24.0 -50.725
24.0 -47.96
24.0 -47.67
24.0 -56.985
24.0 -60.875
24.0 -53.16
24.0 -53.93
24.0 -54.115
24.0 -49.465
24.0 -56.92
24.0 -49.195
24.0 -49.81
24.0 -43.54
24.0 -39.245
24.0 -40.79
24.0 -47.85
24.0 -40.06
24.0 -51.355
24.0 -47.52
24.0 -54.06
24.0 -52.87
24.0 -64.77
24.0 -61.54
24.0 -66.695
24.0 -58.05
24.0 -59.385
24.0 -59.565
24.0 -58.52
24.0 -57.77
24.0 -53.175
24.0 -53.415
24.0 -55.86
24.0 -49.49
24.0 -53.62
24.0 -57.41
24.0 -58.06
24.0 -53.815
24.0 -60.975
24.0 -52.975
24.0 -45.115
24.0 -46.975
24.0 -51.77
24.0 -60.86
24.0 -62.8
24.0 -61.565
24.0 -57.065
24.0 -54.95
24.0 -55.32
24.0 -59.04
24.0 -60.86
24.0 -50.81
24.0 -47.53
24.0 -53.89
24.0 -49.475
24.0 -46.755
24.0 -65.385
24.0 -59.855
24.0 -56.9
24.0 -59.395
24.0 -63.16
24.0 -58.125
24.0 -66.37
24.0 -67.575
24.0 -56.785
24.0 -60.615
24.0 -57.01
24.0 -53.05
24.0 -58.085
24.0 -52.965
24.0 -50.05
24.0 -57.22
24.0 -62.01
24.0 -58.635
24.0 -54.075
24.0 -55.055
24.0 -56.295
24.0 -52.98
24.0 -46.99
24.0 -45.985
24.0 -52.93
24.0 -53.165
24.0 -60.79

Individual: [6, 8, 9, 11, 18, 19, 21, 22, 24, 26, 32, 54, 56, 57, 67, 68, 70, 71, 73, 91, 95, 96, 98, 99]
   Fitness: 25.0
     Total: 24
Violations: 11 10

Individual: [1, 3, 4, 8, 9, 10, 13, 23, 26, 30, 38, 40, 55, 59, 60, 69, 73, 74, 81, 85, 87, 91, 92, 99]
   Fitness: 25.0
     Total: 24
Violations: 11 10

Individual: [3, 5, 6, 11, 14, 19, 31, 37, 44, 50, 61, 62, 65, 73, 81, 87, 88, 90, 92, 95, 98, 99]
   Fitness: 23.0
     Total: 22
Violations: 10 8

Individual: [1, 2, 3, 6, 7, 14, 20, 27, 32, 35, 45, 51, 54, 65, 71, 75, 77, 86, 90, 91, 99]
   Fitness: 23.5
     Total: 21
Violations: 8 6

Individual: [1, 2, 4, 9, 10, 17, 20, 21, 23, 24, 26, 27, 29, 33, 35, 67, 70, 73, 74, 77, 82, 83, 86, 88, 95, 100]
   Fitness: 25.0
     Total: 26
Violations: 14 11

Individual: [2, 3, 6, 7, 11, 12, 23, 24, 26, 29, 30, 31, 33, 53, 62, 69, 73, 79, 83, 87, 89, 90, 92, 96]
   Fitness: 25.0
     Total: 24
Violations: 11 7

Individual: [1, 7, 11, 13, 18, 23, 24, 26, 27, 32, 34, 58, 64, 68, 69, 73, 76, 81, 83, 86, 89, 95, 97, 100]
   Fitness: 25.0
     Total: 24
Violations: 11 9

Individual: [3, 4, 5, 7, 8, 14, 22, 25, 28, 29, 33, 35, 68, 75, 78, 79, 81, 82, 84, 91, 95, 97, 98]
   Fitness: 25.5
     Total: 23
Violations: 9 9

Individual: [2, 3, 5, 6, 12, 16, 19, 20, 24, 25, 30, 61, 64, 67, 72, 74, 78, 82, 84, 88, 93, 99, 100]
   Fitness: 24.5
     Total: 23
Violations: 10 8

Individual: [1, 2, 6, 9, 12, 13, 17, 18, 19, 31, 36, 39, 44, 46, 48, 62, 63, 81, 84, 91, 92, 96, 97, 99]
   Fitness: 24.0
     Total: 24
Violations: 12 10
