10
500
-64.5 -234.944
-43.0 -146.668
-25.5 -105.12
9.0 -81.76
9.0 -60.972
17.5 -44.478
17.5 -33.146
17.5 -25.664
19.5 -20.874
19.5 -15.79
19.5 -12.526
19.5 -12.062
21.0 -12.186
21.0 -12.238
21.0 -12.042
22.5 -11.956
23.5 -9.186
23.5 -11.018
23.5 -10.138
23.5 -13.206
23.5 -10.84
23.5 -8.534
23.5 -12.172
23.5 -13.488
23.5 -13.79
23.5 -12.504
23.5 -12.712
23.5 -12.358
23.5 -16.438
23.5 -15.088
23.5 -16.976
23.5 -17.722
23.5 -13.536
23.5 -8.368
23.5 -10.982
23.5 -9.904
23.5 -9.328
23.5 -8.99
23.5 -9.35
23.5 -10.228
23.5 -9.542
23.5 -9.0
23.5 -10.598
24.0 -10.122
24.0 -10.672
24.5 -11.18
24.5 -10.7
24.5 -8.626
24.5 -11.342
24.5 -10.878
24.5 -10.696
24.5 -8.2
24.5 -8.934
24.5 -11.004
24.5 -10.14
24.5 -8.318
24.5 -9.57
24.5 -8.296
24.5 -10.392
24.5 -9.166
24.5 -11.392
24.5 -10.026
24.5 -10.916
25.5 -10.278
25.5 -8.898
25.5 -7.226
25.5 -8.0
25.5 -7.52
25.5 -9.186
25.5 -8.246
25.5 -8.332
25.5 -9.782
25.5 -11.24
25.5 -11.148
25.5 -9.954
25.5 -9.44
25.5 -8.942
25.5 -7.998
25.5 -12.04
25.5 -10.168
25.5 -10.72
25.5 -6.824
25.5 -9.42
25.5 -10.78
25.5 -10.838
28.5 -10.15
28.5 -8.522
28.5 -9.68
28.5 -11.106
28.5 -10.848
28.5 -9.318
28.5 -11.148
28.5 -11.062
28.5 -12.518
28.5 -14.478
28.5 -14.512
28.5 -11.86
28.5 -10.708
28.5 -9.438
28.5 -8.476
28.5 -8.168
28.5 -9.636
28.5 -8.844
28.5 -9.404
28.5 -13.368
28.5 -12.712
28.5 -9.308
28.5 -9.468
28.5 -10.424
28.5 -10.22
28.5 -8.136
28.5 -9.196
28.5 -9.64
28.5 -11.352
28.5 -10.126
28.5 -10.522
28.5 -9.716
28.5 -8.378
28.5 -9.148
28.5 -10.014
28.5 -10.114
28.5 -10.926
28.5 -10.086
28.5 -10.232
28.5 -11.624
28.5 -10.744
28.5 -13.14
28.5 -11.98
28.5 -11.134
28.5 -11.614
28.5 -13.118
28.5 -10.408
28.5 -8.714
28.5 -9.97
28.5 -11.246
28.5 -12.73
28.5 -10.79
28.5 -11.946
28.5 -13.556
28.5 -13.682
28.5 -12.956
28.5 -13.73
28.5 -11.516
28.5 -12.716
28.5 -11.326
28.5 -12.33
28.5 -12.866
28.5 -12.098
28.5 -14.664
28.5 -14.574
28.5 -9.536
28.5 -10.894
28.5 -10.124
28.5 -12.062
28.5 -10.818
28.5 -11.36
28.5 -9.838
28.5 -11.116
28.5 -9.868
28.5 -7.334
28.5 -10.452
28.5 -12.698
28.5 -12.672
28.5 -13.062
28.5 -11.866
28.5 -14.372
28.5 -12.02
28.5 -7.244
28.5 -10.92
28.5 -10.61
28.5 -12.742
28.5 -12.13
28.5 -12.41
28.5 -11.4
28.5 -12.7
28.5 -10.654
28.5 -9.26
28.5 -11.022
28.5 -10.174
28.5 -14.158
28.5 -12.796
28.5 -9.99
28.5 -9.226
28.5 -6.346
28.5 -9.642
28.5 -7.716
28.5 -8.088
28.5 -13.466
28.5 -12.768
28.5 -11.786
28.5 -11.56
28.5 -12.384
28.5 -10.452
28.5 -11.482
28.5 -11.234
28.5 -9.354
28.5 -11.768
28.5 -10.504
28.5 -11.582
28.5 -8.344
28.5 -9.328
28.5 -11.03
28.5 -10.996
28.5 -10.724
28.5 -10.198
28.5 -12.2
28.5 -8.346
28.5 -10.018
28.5 -11.384
28.5 -10.496
28.5 -10.21
28.5 -11.046
28.5 -11.508
28.5 -16.09
28.5 -15.264
28.5 -15.442
28.5 -13.388
28.5 -9.876
28.5 -7.36
28.5 -6.116
28.5 -8.562
28.5 -7.668
28.5 -10.016
28.5 -6.368
28.5 -8.496
28.5 -7.796
28.5 -9.006
28.5 -11.83
28.5 -9.138
28.5 -10.86
28.5 -10.86
28.5 -10.658
28.5 -12.946
28.5 -13.388
28.5 -12.096
28.5 -10.462
28.5 -9.208
28.5 -9.04
28.5 -8.556
28.5 -10.592
28.5 -10.27
28.5 -9.644
28.5 -10.092
28.5 -11.276
28.5 -8.82
28.5 -9.804
28.5 -11.826
28.5 -11.268
28.5 -13.454
28.5 -13.1
28.5 -12.608
28.5 -10.896
28.5 -9.138
28.5 -11.36
28.5 -10.852
28.5 -10.426
28.5 -13.05
28.5 -12.46
28.5 -10.348
28.5 -9.414
28.5 -9.342
28.5 -10.42
28.5 -13.52
28.5 -13.944
28.5 -11.48
28.5 -12.494
28.5 -9.912
28.5 -8.522
28.5 -11.768
28.5 -11.024
28.5 -10.57
28.5 -9.352
28.5 -10.822
28.5 -10.112
28.5 -6.408
28.5 -7.308
28.5 -8.758
28.5 -12.324
28.5 -11.364
28.5 -12.032
28.5 -12.254
28.5 -11.26
28.5 -11.176
28.5 -14.622
28.5 -12.404
28.5 -11.264
28.5 -10.488
28.5 -12.41
28.5 -11.66
28.5 -12.9
28.5 -11.806
28.5 -15.394
28.5 -14.15
28.5 -13.542
28.5 -14.542
28.5 -13.336
28.5 -9.946
28.5 -8.148
28.5 -9.1
28.5 -7.478
28.5 -8.852
28.5 -7.888
28.5 -10.734
28.5 -14.626
28.5 -11.608
28.5 -10.488
28.5 -12.278
28.5 -13.236
28.5 -14.854
28.5 -13.816
28.5 -12.494
28.5 -11.348
28.5 -15.404
28.5 -15.716
28.5 -14.22
28.5 -13.186
28.5 -11.856
28.5 -11.11
28.5 -11.51
28.5 -14.03
28.5 -12.448
28.5 -9.89
28.5 -10.112
28.5 -8.966
28.5 -11.634
28.5 -16.238
28.5 -17.262
28.5 -15.738
28.5 -14.34
28.5 -13.504
28.5 -17.084
28.5 -14.906
28.5 -11.078
28.5 -10.65
28.5 -9.766
28.5 -9.778
28.5 -12.542
28.5 -11.25
28.5 -15.066
28.5 -14.216
28.5 -13.85
28.5 -14.73
28.5 -13.064
28.5 -12.982
28.5 -11.968
28.5 -11.662
28.5 -13.128
28.5 -12.044
28.5 -14.38
28.5 -12.386
28.5 -13.798
28.5 -11.75
28.5 -12.902
28.5 -11.36
28.5 -10.992
28.5 -9.652
28.5 -10.712
28.5 -15.562
28.5 -12.556
28.5 -11.298
28.5 -13.75
28.5 -14.808
28.5 -12.844
28.5 -13.906
28.5 -13.682
28.5 -15.014
28.5 -14.054
28.5 -15.51
28.5 -11.562
28.5 -10.246
28.5 -12.812
28.5 -14.68
28.5 -11.684
28.5 -12.384
28.5 -10.04
28.5 -8.632
28.5 -8.868
28.5 -12.166
28.5 -14.916
28.5 -10.496
28.5 -9.362
28.5 -12.116
28.5 -16.034
28.5 -13.076
28.5 -12.686
28.5 -11.93
28.5 -12.624
28.5 -11.026
28.5 -11.056
28.5 -9.97
28.5 -11.084
28.5 -10.72
28.5 -11.354
28.5 -9.766
28.5 -12.788
28.5 -12.74
28.5 -11.722
28.5 -10.192
28.5 -14.104
28.5 -12.03
28.5 -10.624
28.5 -12.704
28.5 -9.042
28.5 -7.33
28.5 -7.492
28.5 -9.604
28.5 -12.516
28.5 -11.41
28.5 -9.542
28.5 -7.636
28.5 -9.576
28.5 -10.02
28.5 -9.876
28.5 -10.678
28.5 -8.476
28.5 -10.126
28.5 -11.024
28.5 -12.11
28.5 -11.22
28.5 -12.45
28.5 -10.468
28.5 -12.534
28.5 -13.734
28.5 -17.654
28.5 -16.724
28.5 -16.53
28.5 -10.038
28.5 -7.862
28.5 -11.088
28.5 -12.52
28.5 -11.78
28.5 -10.27
28.5 -11.056
28.5 -10.144
28.5 -7.93
28.5 -9.764
28.5 -10.264
28.5 -11.596
28.5 -10.766
28.5 -11.15
28.5 -12.678
28.5 -13.726
28.5 -12.184
28.5 -11.584
28.5 -9.072
28.5 -8.97
28.5 -9.634
28.5 -11.498
28.5 -12.408
28.5 -14.308
28.5 -12.22
28.5 -11.442
28.5 -13.054
28.5 -9.3
28.5 -11.234
28.5 -13.036
28.5 -12.408
28.5 -12.716
28.5 -12.29
28.5 -12.034
28.5 -10.858
28.5 -10.16
28.5 -15.336
28.5 -10.286
28.5 -9.494
28.5 -10.512
28.5 -12.602
28.5 -9.526
28.5 -10.3
28.5 -9.252
28.5 -12.38
28.5 -11.542
28.5 -12.54
28.5 -13.644
28.5 -14.524
28.5 -13.458
28.5 -14.14
28.5 -10.414
28.5 -9.832
28.5 -10.026
28.5 -8.936
28.5 -10.286
28.5 -12.942
28.5 -12.842
28.5 -12.598
28.5 -14.728
28.5 -10.81
28.5 -8.558
28.5 -8.14
28.5 -9.808
28.5 -9.728
28.5 -11.56
28.5 -12.004
28.5 -12.264
28.5 -10.336
28.5 -12.33
28.5 -10.354
28.5 -10.614
28.5 -9.142
28.5 -9.898
500
-33.0 -228.122
-26.0 -130.772
-17.5 -92.924
-2.0 -73.044
7.0 -55.846
12.0 -40.334
12.0 -33.888
17.0 -30.16
17.0 -25.32
17.0 -22.334
17.0 -20.586
17.5 -17.484
18.5 -13.998
18.5 -12.56
18.5 -13.802
18.5 -14.21
20.5 -14.836
20.5 -12.848
20.5 -13.236
20.5 -12.068
22.5 -14.988
22.5 -12.44
22.5 -11.532
22.5 -10.73
22.5 -12.63
22.5 -11.272
22.5 -11.136
22.5 -12.586
22.5 -10.284
22.5 -11.952
22.5 -14.166
22.5 -13.04
22.5 -13.514
22.5 -9.324
22.5 -10.276
22.5 -14.012
22.5 -13.328
22.5 -13.432
23.0 -10.78
23.0 -9.214
23.0 -10.474
23.0 -11.76
23.0 -14.408
23.0 -15.87
23.0 -12.538
23.0 -10.464
23.0 -11.39
23.0 -12.712
23.0 -11.056
23.0 -12.216
23.0 -11.628
23.0 -11.646
23.0 -12.0
23.0 -13.154
23.0 -14.46
23.0 -12.876
24.0 -13.286
24.0 -13.96
24.0 -11.35
24.0 -10.772
24.0 -12.118
24.0 -12.124
24.0 -14.46
24.0 -14.45
24.0 -15.942
24.0 -17.568
24.0 -15.852
24.0 -17.574
24.0 -18.514
24.0 -18.54
24.0 -18.124
24.0 -17.502
25.5 -14.744
25.5 -15.764
25.5 -14.458
25.5 -14.498
25.5 -14.11
25.5 -11.058
25.5 -10.222
25.5 -11.812
25.5 -14.374
25.5 -12.702
25.5 -12.236
25.5 -13.97
25.5 -18.81
25.5 -15.474
25.5 -12.358
25.5 -10.446
25.5 -9.156
25.5 -9.568
25.5 -9.582
25.5 -13.174
25.5 -11.568
25.5 -11.73
25.5 -12.886
25.5 -13.606
25.5 -13.102
25.5 -15.502
25.5 -15.924
25.5 -16.52
25.5 -12.096
25.5 -14.252
25.5 -15.354
25.5 -12.238
25.5 -12.098
25.5 -9.12
25.5 -10.604
25.5 -10.652
25.5 -11.536
25.5 -10.302
25.5 -11.658
25.5 -11.178
25.5 -10.458
25.5 -9.688
25.5 -9.182
25.5 -8.246
25.5 -7.988
25.5 -10.338
25.5 -11.606
25.5 -9.692
25.5 -11.704
25.5 -13.316
25.5 -10.53
25.5 -8.482
25.5 -10.678
25.5 -11.876
25.5 -11.812
25.5 -9.636
25.5 -10.23
25.5 -8.786
25.5 -10.13
25.5 -9.616
25.5 -10.394
25.5 -9.192
25.5 -8.92
25.5 -8.912
25.5 -6.828
25.5 -12.98
25.5 -11.512
25.5 -14.988
25.5 -15.56
25.5 -11.24
25.5 -13.67
25.5 -13.462
25.5 -15.242
25.5 -13.334
25.5 -11.136
25.5 -11.342
25.5 -11.416
25.5 -12.07
25.5 -11.904
25.5 -10.128
25.5 -14.376
25.5 -15.424
25.5 -13.12
25.5 -11.73
25.5 -12.06
25.5 -12.242
25.5 -13.006
25.5 -9.488
25.5 -11.304
25.5 -9.58
25.5 -7.8
25.5 -10.824
25.5 -14.19
25.5 -11.51
25.5 -10.942
25.5 -10.836
25.5 -7.19
25.5 -7.5
25.5 -7.412
25.5 -8.812
25.5 -8.376
25.5 -7.832
25.5 -8.776
25.5 -9.08
25.5 -6.778
25.5 -11.318
25.5 -10.858
25.5 -9.66
25.5 -10.952
25.5 -11.032
25.5 -12.078
25.5 -8.966
25.5 -10.364
25.5 -13.442
25.5 -15.398
25.5 -11.934
25.5 -9.124
25.5 -12.264
25.5 -11.792
25.5 -11.16
25.5 -11.896
26.0 -14.762
26.0 -14.808
26.0 -15.11
26.0 -13.736
26.0 -11.744
26.0 -12.74
26.0 -13.696
26.0 -14.114
26.0 -13.448
26.0 -15.522
26.0 -15.602
26.0 -13.242
26.0 -13.446
26.0 -12.038
26.0 -11.49
26.0 -12.502
26.0 -11.914
26.0 -11.92
26.0 -12.156
26.0 -10.594
26.0 -12.876
26.0 -15.952
26.0 -13.72
26.0 -13.612
26.0 -14.524
26.0 -15.288
26.0 -16.042
26.0 -15.118
26.0 -18.058
26.0 -16.172
26.0 -15.572
26.0 -17.432
26.0 -17.352
26.0 -16.458
26.0 -22.066
26.0 -15.93
26.0 -14.698
26.0 -13.012
26.0 -14.414
26.0 -11.276
26.0 -11.816
26.0 -10.636
26.0 -10.124
26.0 -8.992
26.0 -12.752
26.0 -16.054
26.0 -15.006
26.0 -14.986
26.0 -16.462
26.0 -15.542
26.0 -18.94
26.0 -17.758
26.0 -14.456
26.0 -14.288
26.0 -12.514
26.0 -13.242
26.0 -14.94
26.0 -13.864
26.0 -15.16
26.0 -15.014
26.0 -15.418
26.0 -12.988
26.0 -14.122
26.0 -15.348
26.0 -16.098
26.0 -15.07
26.0 -15.518
26.0 -15.516
26.0 -12.762
26.0 -12.388
26.0 -12.768
26.0 -14.55
26.0 -16.688
26.0 -14.408
26.0 -13.262
26.0 -13.368
26.0 -13.016
26.0 -11.976
26.0 -14.244
26.0 -13.182
26.0 -13.672
26.0 -13.884
26.0 -12.748
26.0 -8.96
26.0 -11.588
26.0 -11.576
26.0 -14.0
26.0 -13.724
26.0 -13.028
26.0 -14.334
26.0 -13.696
26.0 -14.88
26.0 -13.3
26.0 -13.608
26.0 -14.98
26.0 -14.036
26.0 -10.032
26.0 -12.5
26.0 -9.566
26.0 -10.92
26.0 -11.828
26.0 -9.69
26.0 -9.648
26.0 -9.8
26.0 -11.64
26.0 -14.138
26.0 -12.912
26.0 -12.99
26.0 -9.794
26.0 -11.422
26.0 -13.498
26.0 -13.876
26.0 -15.224
26.0 -15.09
26.5 -10.098
26.5 -13.372
26.5 -11.288
26.5 -15.73
26.5 -17.22
26.5 -13.39
26.5 -14.248
26.5 -13.512
26.5 -15.33
26.5 -16.374
26.5 -14.514
26.5 -11.856
26.5 -11.65
26.5 -11.968
26.5 -11.508
26.5 -9.898
26.5 -10.474
26.5 -10.658
26.5 -13.08
26.5 -14.458
26.5 -14.768
26.5 -13.782
26.5 -14.65
26.5 -14.618
26.5 -13.546
26.5 -12.236
26.5 -9.928
26.5 -12.964
26.5 -15.21
26.5 -15.192
26.5 -15.436
26.5 -16.538
26.5 -15.04
26.5 -12.878
26.5 -12.608
26.5 -14.548
26.5 -14.118
26.5 -12.364
26.5 -12.646
26.5 -13.244
26.5 -14.64
26.5 -11.238
26.5 -13.472
26.5 -12.146
26.5 -9.678
26.5 -11.492
26.5 -12.214
26.5 -13.648
26.5 -16.598
26.5 -15.534
26.5 -12.606
26.5 -13.266
26.5 -12.692
26.5 -11.584
26.5 -13.062
26.5 -13.668
26.5 -14.804
26.5 -14.222
26.5 -13.968
26.5 -12.64
26.5 -15.926
26.5 -14.69
26.5 -12.85
26.5 -14.14
26.5 -14.688
26.5 -13.226
26.5 -15.16
26.5 -14.652
26.5 -18.588
26.5 -16.756
26.5 -12.292
26.5 -13.912
26.5 -13.124
26.5 -16.064
26.5 -15.992
26.5 -17.566
26.5 -15.968
26.5 -15.412
26.5 -14.95
26.5 -13.858
26.5 -13.828
26.5 -16.192
26.5 -15.172
26.5 -16.734
26.5 -16.638
26.5 -15.34
26.5 -17.036
26.5 -15.326
26.5 -15.904
26.5 -15.486
26.5 -14.128
26.5 -11.78
26.5 -13.058
26.5 -13.758
26.5 -13.072
26.5 -14.272
26.5 -13.926
26.5 -16.094
26.5 -13.548
26.5 -12.97
26.5 -15.178
26.5 -14.73
26.5 -10.086
26.5 -10.804
26.5 -14.162
26.5 -18.134
26.5 -15.036
26.5 -14.524
26.5 -13.426
26.5 -11.222
26.5 -14.16
26.5 -15.142
26.5 -14.424
26.5 -12.288
26.5 -13.242
26.5 -16.144
26.5 -15.346
26.5 -13.562
26.5 -12.996
26.5 -15.942
26.5 -18.0
26.5 -14.946
26.5 -12.38
26.5 -12.454
26.5 -15.456
26.5 -14.54
26.5 -13.672
26.5 -15.064
26.5 -15.476
26.5 -13.296
26.5 -14.218
26.5 -11.038
26.5 -12.71
26.5 -12.362
26.5 -14.372
26.5 -16.454
26.5 -16.858
26.5 -14.092
26.5 -12.918
26.5 -13.642
26.5 -13.156
26.5 -15.386
26.5 -14.96
26.5 -12.618
26.5 -9.42
26.5 -9.244
26.5 -10.0
26.5 -7.998
26.5 -9.904
26.5 -13.164
26.5 -15.004
26.5 -12.118
26.5 -14.41
26.5 -15.346
26.5 -15.326
26.5 -13.77
26.5 -15.136
26.5 -14.372
26.5 -14.29
26.5 -10.134
26.5 -11.222
26.5 -10.416
26.5 -9.668
26.5 -12.154
26.5 -14.022
26.5 -13.216
26.5 -14.312
26.5 -13.92
26.5 -13.706
26.5 -13.442
26.5 -13.278
26.5 -12.942
26.5 -13.76
26.5 -13.602
26.5 -14.644
26.5 -17.066
26.5 -18.224
26.5 -18.696
26.5 -18.71
26.5 -16.628
26.5 -15.246
26.5 -13.032
26.5 -11.782
26.5 -12.8
26.5 -13.942
26.5 -16.738
26.5 -14.812
26.5 -16.016
26.5 -18.978
26.5 -20.09
26.5 -17.918
26.5 -15.27
26.5 -15.45
500
-53.5 -229.196
-35.5 -142.872
-13.0 -105.312
-12.0 -73.68
-7.5 -58.306
16.5 -49.722
16.5 -40.958
16.5 -36.726
16.5 -24.942
17.0 -19.816
17.0 -20.746
17.0 -18.134
17.0 -19.574
17.0 -18.234
17.5 -15.754
23.0 -12.32
23.0 -9.9
23.0 -12.416
23.0 -13.514
23.0 -11.888
23.0 -9.606
23.0 -11.828
23.0 -10.366
23.0 -8.334
23.0 -8.094
23.0 -10.534
23.5 -12.146
23.5 -10.868
23.5 -12.3
23.5 -11.916
23.5 -11.216
23.5 -9.966
23.5 -9.148
23.5 -9.452
23.5 -11.44
23.5 -13.496
23.5 -8.9
23.5 -8.268
23.5 -6.33
23.5 -8.128
23.5 -9.308
26.5 -10.024
26.5 -10.176
26.5 -12.936
26.5 -11.884
26.5 -10.954
26.5 -7.774
26.5 -10.744
26.5 -10.662
26.5 -7.908
26.5 -10.74
26.5 -10.29
26.5 -10.094
26.5 -11.93
26.5 -10.828
26.5 -12.782
26.5 -10.678
26.5 -8.816
26.5 -9.536
26.5 -9.61
26.5 -12.18
26.5 -11.54
26.5 -12.944
26.5 -14.612
26.5 -13.936
26.5 -11.976
26.5 -12.582
26.5 -12.632
26.5 -12.44
26.5 -10.384
26.5 -10.008
26.5 -12.03
26.5 -7.754
26.5 -6.906
26.5 -6.546
26.5 -8.698
26.5 -8.644
26.5 -8.544
26.5 -11.334
26.5 -10.762
26.5 -11.15
26.5 -12.604
26.5 -11.122
26.5 -9.332
26.5 -12.578
26.5 -10.234
26.5 -11.282
26.5 -10.334
26.5 -9.096
26.5 -8.98
26.5 -10.602
26.5 -11.548
26.5 -10.874
26.5 -11.074
26.5 -10.484
26.5 -10.806
26.5 -13.074
26.5 -10.626
26.5 -10.914
26.5 -11.142
26.5 -8.606
26.5 -9.062
26.5 -9.634
26.5 -11.268
26.5 -11.032
26.5 -12.052
26.5 -11.538
26.5 -13.778
26.5 -12.616
26.5 -12.108
26.5 -13.124
26.5 -13.378
26.5 -14.492
26.5 -14.17
26.5 -15.416
26.5 -13.352
26.5 -12.122
26.5 -12.192
26.5 -13.132
26.5 -10.516
26.5 -10.822
26.5 -14.442
26.5 -11.894
26.5 -13.112
26.5 -12.444
26.5 -12.528
26.5 -11.466
26.5 -11.644
26.5 -13.338
26.5 -15.17
26.5 -14.568
26.5 -13.734
26.5 -14.73
26.5 -12.356
26.5 -14.344
26.5 -10.43
26.5 -12.392
26.5 -11.148
26.5 -9.496
26.5 -12.136
26.5 -12.498
26.5 -10.578
26.5 -11.672
26.5 -12.03
26.5 -9.684
26.5 -13.762
26.5 -12.708
26.5 -12.882
26.5 -11.696
26.5 -14.15
26.5 -12.08
26.5 -14.346
26.5 -14.392
26.5 -12.05
26.5 -15.174
26.5 -15.654
26.5 -17.576
26.5 -18.804
26.5 -14.06
26.5 -12.254
26.5 -10.774
26.5 -10.918
26.5 -9.18
26.5 -12.9
26.5 -13.81
26.5 -13.456
26.5 -11.514
26.5 -10.694
26.5 -11.46
26.5 -13.75
26.5 -11.948
26.5 -10.404
26.5 -10.54
26.5 -12.394
26.5 -11.91
26.5 -11.8
26.5 -11.932
26.5 -10.93
26.5 -9.976
26.5 -10.952
26.5 -13.442
26.5 -11.786
26.5 -12.23
26.5 -12.196
26.5 -10.728
26.5 -12.066
26.5 -12.38
26.5 -13.15
26.5 -12.554
26.5 -9.862
26.5 -11.118
26.5 -8.666
26.5 -10.152
26.5 -12.04
26.5 -11.042
26.5 -13.472
26.5 -13.732
26.5 -13.356
26.5 -12.87
26.5 -10.744
26.5 -9.734
26.5 -12.8
26.5 -10.932
26.5 -11.11
26.5 -13.12
26.5 -13.728
26.5 -10.37
26.5 -10.72
26.5 -10.33
26.5 -12.308
26.5 -13.704
26.5 -12.492
26.5 -13.002
26.5 -12.272
26.5 -11.858
26.5 -11.398
26.5 -11.826
26.5 -12.402
26.5 -11.278
26.5 -9.122
26.5 -9.554
26.5 -11.05
26.5 -11.102
26.5 -8.826
26.5 -8.464
26.5 -8.422
26.5 -7.778
26.5 -7.738
26.5 -10.866
26.5 -10.568
26.5 -10.208
26.5 -10.196
26.5 -11.362
26.5 -11.936
26.5 -10.904
26.5 -10.056
26.5 -9.71
26.5 -9.734
26.5 -11.232
26.5 -11.324
26.5 -12.054
26.5 -10.256
26.5 -9.954
26.5 -9.928
26.5 -11.034
26.5 -10.732
26.5 -11.184
26.5 -11.922
26.5 -12.166
26.5 -10.6
26.5 -8.046
26.5 -7.124
26.5 -9.12
26.5 -9.83
26.5 -11.006
26.5 -8.786
26.5 -7.542
26.5 -8.33
26.5 -11.31
26.5 -12.748
26.5 -12.236
26.5 -9.672
26.5 -9.224
26.5 -6.668
26.5 -4.736
26.5 -8.812
26.5 -8.528
26.5 -9.31
26.5 -11.412
26.5 -13.912
26.5 -12.114
26.5 -12.218
26.5 -11.482
26.5 -10.73
26.5 -10.38
26.5 -13.676
26.5 -14.0
26.5 -14.184
26.5 -12.03
26.5 -11.104
26.5 -12.22
26.5 -11.074
26.5 -10.46
26.5 -9.35
26.5 -9.93
26.5 -8.944
26.5 -10.334
26.5 -11.036
26.5 -9.684
26.5 -7.548
26.5 -9.174
26.5 -11.754
26.5 -9.924
26.5 -11.57
26.5 -11.886
26.5 -12.644
26.5 -12.338
26.5 -12.856
26.5 -10.16
26.5 -10.294
26.5 -12.704
26.5 -10.1
26.5 -14.594
26.5 -11.87
26.5 -9.482
26.5 -11.864
26.5 -10.504
26.5 -9.376
26.5 -9.546
26.5 -8.076
26.5 -11.97
26.5 -12.374
26.5 -8.268
26.5 -10.948
26.5 -8.098
26.5 -10.726
26.5 -9.88
26.5 -11.682
26.5 -13.626
26.5 -14.652
26.5 -14.484
26.5 -9.294
26.5 -10.68
26.5 -7.754
26.5 -10.366
26.5 -13.636
26.5 -10.94
26.5 -12.496
26.5 -10.848
26.5 -9.718
26.5 -9.192
26.5 -11.014
26.5 -13.108
26.5 -16.402
26.5 -11.332
26.5 -11.202
26.5 -9.692
26.5 -10.084
26.5 -12.514
26.5 -12.636
26.5 -11.228
26.5 -8.4
26.5 -11.398
26.5 -11.932
26.5 -13.032
26.5 -12.624
26.5 -9.248
26.5 -9.34
26.5 -9.158
26.5 -8.766
26.5 -9.294
26.5 -11.136
26.5 -11.764
26.5 -10.534
26.5 -14.158
26.5 -15.68
26.5 -11.962
26.5 -10.75
26.5 -8.858
26.5 -7.752
26.5 -6.366
26.5 -8.342
26.5 -8.804
26.5 -10.498
26.5 -13.768
26.5 -16.778
26.5 -12.54
26.5 -11.308
26.5 -11.56
26.5 -11.656
26.5 -11.9
27.5 -12.532
27.5 -12.568
27.5 -11.344
27.5 -9.584
27.5 -11.21
27.5 -9.104
27.5 -8.542
27.5 -10.532
27.5 -11.594
27.5 -13.942
27.5 -14.088
27.5 -9.796
27.5 -11.154
27.5 -10.524
27.5 -8.142
27.5 -9.178
27.5 -8.754
27.5 -10.364
27.5 -11.964
27.5 -10.464
27.5 -10.84
27.5 -11.46
27.5 -10.382
27.5 -9.052
27.5 -10.694
27.5 -11.044
27.5 -10.604
27.5 -10.438
27.5 -8.862
27.5 -11.286
27.5 -12.084
27.5 -10.258
27.5 -9.038
27.5 -8.438
27.5 -10.316
27.5 -10.904
27.5 -12.03
27.5 -11.718
27.5 -9.292
27.5 -12.364
27.5 -9.652
27.5 -9.718
27.5 -9.484
27.5 -12.444
27.5 -10.668
27.5 -9.396
27.5 -10.074
27.5 -7.042
27.5 -7.728
27.5 -10.194
27.5 -10.1
27.5 -11.532
27.5 -13.896
27.5 -10.292
27.5 -9.55
27.5 -12.876
27.5 -11.188
27.5 -9.714
27.5 -10.386
27.5 -12.53
27.5 -10.776
27.5 -12.276
27.5 -10.272
27.5 -11.708
27.5 -14.056
27.5 -14.702
27.5 -13.848
27.5 -10.878
27.5 -10.828
27.5 -13.116
27.5 -10.028
27.5 -6.856
27.5 -10.868
27.5 -10.84
27.5 -9.322
27.5 -10.692
27.5 -10.838
27.5 -10.224
27.5 -13.748
27.5 -12.022
27.5 -12.0
27.5 -11.82
27.5 -9.358
27.5 -9.686
27.5 -12.47
27.5 -9.582
27.5 -12.092
27.5 -9.0
27.5 -7.034
27.5 -12.666
27.5 -9.588
27.5 -11.976
27.5 -14.644
27.5 -15.8
27.5 -14.712
27.5 -13.288
27.5 -13.728
27.5 -13.46
27.5 -12.944
27.5 -15.432
27.5 -14.94
27.5 -14.152
27.5 -14.414
27.5 -13.788
27.5 -11.15
27.5 -11.332
27.5 -12.578
27.5 -13.536
27.5 -16.472
27.5 -13.764
27.5 -13.146
27.5 -13.064
27.5 -12.338
27.5 -14.67
27.5 -15.668
27.5 -12.256
27.5 -11.044
27.5 -12.312
27.5 -10.784
27.5 -13.58
27.5 -14.456
27.5 -11.006
27.5 -11.602
27.5 -11.136
27.5 -12.248
27.5 -12.628
27.5 -12.858
27.5 -13.984
27.5 -14.776
500
-36.5 -229.84
-35.5 -136.792
-7.5 -92.476
-6.0 -70.832
10.0 -55.13
10.0 -43.96
13.5 -34.666
15.5 -28.924
15.5 -24.054
15.5 -21.368
16.0 -21.232
17.0 -20.98
17.0 -19.474
18.5 -17.236
19.0 -14.448
19.0 -16.336
19.0 -15.142
19.0 -15.912
19.0 -12.098
22.0 -14.076
22.0 -15.168
22.0 -8.186
22.0 -7.898
22.0 -11.37
22.0 -10.148
22.0 -9.62
23.5 -10.308
23.5 -9.784
23.5 -5.866
23.5 -8.542
23.5 -12.506
23.5 -11.528
23.5 -7.516
23.5 -7.946
23.5 -8.392
26.0 -11.224
26.0 -7.904
26.0 -10.964
26.0 -8.284
26.0 -10.536
26.0 -9.332
26.0 -9.998
26.0 -8.906
26.0 -8.104
26.0 -8.982
26.0 -8.076
26.0 -8.782
26.0 -9.364
26.0 -8.42
26.0 -12.0
26.0 -6.104
26.0 -5.926
26.0 -5.482
26.0 -5.082
26.0 -4.404
26.0 -9.86
26.0 -7.89
26.0 -9.428
26.0 -7.788
26.0 -8.026
26.0 -8.592
26.0 -8.266
26.0 -10.236
26.0 -8.99
26.0 -11.452
26.0 -6.362
26.0 -5.712
26.0 -6.726
26.0 -6.068
26.0 -6.442
26.0 -9.218
26.0 -11.384
26.0 -11.452
26.0 -9.616
26.0 -9.762
26.0 -10.604
26.0 -12.29
26.0 -11.192
26.0 -8.298
26.0 -7.572
26.0 -8.014
26.0 -8.174
26.0 -8.78
26.0 -11.324
26.0 -11.816
26.0 -11.754
26.0 -11.088
26.5 -10.388
26.5 -11.152
26.5 -13.542
26.5 -10.536
26.5 -13.316
26.5 -13.414
26.5 -13.022
26.5 -14.052
26.5 -9.884
26.5 -11.462
26.5 -10.454
26.5 -10.74
26.5 -11.678
26.5 -10.116
26.5 -8.01
26.5 -9.334
26.5 -9.278
26.5 -8.692
26.5 -9.616
26.5 -11.694
26.5 -11.414
26.5 -8.814
26.5 -7.92
26.5 -9.764
26.5 -9.732
26.5 -12.772
26.5 -14.082
26.5 -15.24
26.5 -12.264
26.5 -14.672
26.5 -10.268
26.5 -10.082
26.5 -8.974
26.5 -10.732
26.5 -9.496
26.5 -10.85
26.5 -11.63
26.5 -12.044
26.5 -12.796
26.5 -7.928
26.5 -10.584
26.5 -12.402
26.5 -13.846
26.5 -13.076
26.5 -12.66
26.5 -11.884
26.5 -13.432
26.5 -10.244
26.5 -10.766
26.5 -9.036
26.5 -10.302
26.5 -12.26
26.5 -11.456
26.5 -12.22
26.5 -7.886
26.5 -6.054
26.5 -7.146
26.5 -11.708
26.5 -13.606
26.5 -14.87
26.5 -16.996
26.5 -13.4
26.5 -12.208
26.5 -13.3
26.5 -11.95
26.5 -12.55
26.5 -12.124
26.5 -9.23
26.5 -11.474
26.5 -12.084
26.5 -12.6
26.5 -13.328
26.5 -14.224
26.5 -12.11
26.5 -12.63
26.5 -12.604
26.5 -10.962
26.5 -11.564
26.5 -11.598
26.5 -11.478
26.5 -9.346
26.5 -10.108
26.5 -9.734
26.5 -11.556
26.5 -12.18
26.5 -13.29
26.5 -12.674
26.5 -14.34
26.5 -11.866
26.5 -11.784
26.5 -12.092
26.5 -12.208
26.5 -13.208
26.5 -15.936
26.5 -14.886
26.5 -14.272
26.5 -12.46
26.5 -14.916
26.5 -12.364
26.5 -12.882
26.5 -13.9
26.5 -13.95
26.5 -9.594
26.5 -10.912
26.5 -8.812
26.5 -11.534
26.5 -9.484
26.5 -9.428
26.5 -12.012
26.5 -9.23
26.5 -13.474
26.5 -13.418
26.5 -12.576
26.5 -11.312
26.5 -13.644
26.5 -12.912
26.5 -13.682
26.5 -12.56
26.5 -12.278
26.5 -11.296
28.0 -11.156
28.0 -12.846
28.0 -13.184
28.0 -13.278
28.0 -10.828
28.0 -15.49
28.0 -14.622
28.0 -11.792
28.0 -12.384
28.0 -11.428
28.0 -12.156
28.0 -14.778
28.0 -9.804
28.0 -9.938
28.0 -7.166
28.0 -7.888
28.0 -9.298
28.0 -9.166
28.0 -10.07
28.0 -11.164
28.0 -11.268
28.0 -13.772
28.0 -16.24
28.0 -19.072
28.0 -12.45
28.0 -10.592
28.0 -10.384
28.0 -10.828
28.0 -12.304
28.0 -9.142
28.0 -13.4
28.0 -11.898
28.0 -13.408
28.0 -11.264
28.0 -10.74
28.0 -10.786
28.0 -9.972
28.0 -11.95
28.0 -12.574
28.0 -14.362
28.0 -11.776
28.0 -12.056
28.0 -11.304
28.0 -14.82
28.0 -13.458
28.0 -13.182
28.0 -11.79
28.0 -11.106
28.0 -9.016
28.0 -12.548
28.0 -11.096
28.0 -13.63
28.0 -8.628
28.0 -11.99
28.0 -11.978
28.0 -12.108
28.0 -10.32
28.0 -10.34
28.0 -9.466
28.0 -10.386
28.0 -11.03
28.0 -8.076
28.0 -8.788
28.0 -11.336
28.0 -14.618
28.0 -11.566
28.0 -13.686
28.0 -11.88
28.0 -10.708
28.0 -11.228
28.0 -9.054
28.0 -7.506
28.0 -10.364
28.0 -9.44
28.0 -10.218
28.0 -8.172
28.0 -9.246
28.0 -9.378
28.0 -11.114
28.0 -10.506
28.0 -11.278
28.0 -11.582
28.0 -10.504
28.0 -11.314
28.0 -14.12
28.0 -14.642
28.0 -13.47
28.0 -10.752
28.0 -10.48
28.0 -10.57
28.0 -14.172
28.0 -19.62
28.0 -15.852
28.0 -14.152
28.0 -12.856
28.0 -11.904
28.0 -11.74
28.0 -13.28
28.0 -12.634
28.0 -9.362
28.0 -11.112
28.0 -11.858
28.0 -11.142
28.0 -12.834
28.0 -12.716
28.0 -12.594
28.0 -13.37
28.0 -12.58
28.0 -13.766
28.0 -11.406
28.0 -13.348
28.0 -13.4
28.0 -14.672
28.0 -13.422
28.0 -12.308
28.0 -12.712
28.0 -13.59
28.0 -15.634
28.0 -12.42
28.0 -11.85
28.0 -10.134
28.0 -12.206
28.0 -11.194
28.0 -11.342
28.0 -10.004
28.0 -9.328
28.0 -11.722
28.0 -12.176
28.0 -12.852
28.0 -13.434
28.0 -11.22
28.0 -12.284
28.0 -11.99
28.0 -13.09
28.0 -13.02
28.0 -14.692
28.0 -10.576
28.0 -10.442
28.0 -13.958
28.0 -12.268
28.0 -10.76
28.0 -12.498
28.0 -13.678
28.0 -14.974
28.0 -13.77
28.0 -11.852
28.0 -9.678
28.0 -10.072
28.0 -15.408
28.0 -14.492
28.0 -11.724
28.0 -10.874
28.0 -13.06
28.0 -12.578
28.0 -11.208
28.0 -12.134
28.0 -11.916
28.0 -11.69
28.0 -12.048
28.0 -10.228
28.0 -8.708
28.0 -8.442
28.0 -8.016
28.0 -13.044
28.0 -12.648
28.0 -12.068
28.0 -11.352
28.0 -11.74
28.0 -8.394
28.0 -9.584
28.0 -8.51
28.0 -6.95
28.0 -10.032
28.0 -13.324
28.0 -13.624
28.0 -11.776
28.0 -12.746
28.0 -13.48
28.0 -9.866
28.0 -11.966
28.0 -11.054
28.0 -12.704
28.0 -11.552
28.0 -12.466
28.0 -11.186
28.0 -11.172
28.0 -10.424
28.0 -11.814
28.0 -14.224
28.0 -11.174
28.0 -13.186
28.0 -9.17
28.0 -11.198
28.0 -12.204
28.0 -14.054
28.0 -14.316
28.0 -12.704
28.0 -15.682
28.0 -11.028
28.0 -12.118
28.0 -12.242
28.0 -10.41
28.0 -14.434
28.0 -12.798
28.0 -12.262
28.0 -13.602
28.0 -15.332
28.0 -13.36
28.0 -12.188
28.0 -11.568
28.0 -11.984
28.0 -12.132
28.0 -9.732
28.0 -11.878
28.0 -12.53
28.0 -11.508
28.0 -8.68
28.0 -10.024
28.0 -10.416
28.0 -10.678
28.0 -9.646
28.0 -11.224
28.0 -9.8
28.0 -12.202
28.0 -9.658
28.0 -11.632
28.0 -13.698
28.0 -12.054
28.0 -11.586
28.0 -11.362
28.0 -12.61
28.0 -11.998
28.0 -8.726
28.0 -9.522
28.0 -11.922
28.0 -13.29
28.0 -13.128
28.0 -13.768
28.0 -12.42
28.0 -10.978
28.0 -14.418
28.0 -11.412
28.0 -10.87
28.0 -8.554
28.0 -9.698
28.0 -14.532
28.0 -10.504
28.0 -11.8
28.0 -9.58
28.0 -13.244
28.0 -14.398
28.0 -14.252
28.0 -14.682
28.0 -10.274
28.0 -12.754
28.0 -12.23
28.0 -11.944
28.0 -11.504
28.0 -10.006
28.0 -13.648
28.0 -11.706
28.0 -12.112
28.0 -12.146
28.0 -10.804
28.0 -11.714
28.0 -9.818
28.0 -10.042
28.0 -8.538
28.0 -9.668
28.0 -13.354
28.0 -11.72
28.0 -11.6
28.0 -13.728
28.0 -14.444
28.0 -17.552
28.0 -18.204
28.0 -13.43
28.0 -13.078
28.0 -10.376
28.0 -12.638
28.0 -11.934
28.0 -10.288
28.0 -13.586
28.0 -14.808
28.0 -10.548
28.0 -10.73
28.0 -9.916
28.0 -10.684
28.0 -11.57
28.0 -11.834
28.0 -14.494
28.0 -14.734
28.0 -9.754
500
-36.5 -234.222
-17.5 -149.288
-4.5 -105.346
-4.5 -79.128
2.5 -56.364
12.5 -42.31
12.5 -33.386
14.5 -31.786
15.0 -25.206
19.5 -19.45
20.0 -16.798
22.0 -12.672
22.0 -15.162
22.0 -11.254
22.0 -9.414
22.0 -9.23
22.0 -9.438
22.0 -9.652
24.0 -9.604
24.0 -7.0
24.0 -6.756
24.0 -7.512
24.0 -8.44
24.0 -6.69
24.0 -7.238
24.0 -7.536
24.0 -6.716
24.0 -9.384
24.0 -11.002
24.0 -11.41
24.5 -8.614
24.5 -9.034
24.5 -8.772
24.5 -10.568
24.5 -7.722
24.5 -9.904
24.5 -12.974
26.0 -12.104
26.0 -10.242
26.0 -11.65
26.0 -8.226
26.0 -8.078
26.0 -10.606
26.0 -9.28
26.0 -6.732
26.0 -8.896
26.0 -10.446
26.0 -10.182
26.0 -9.196
26.0 -8.456
26.0 -8.906
26.0 -9.236
26.0 -9.026
26.0 -12.246
26.0 -10.652
26.0 -10.504
26.0 -7.522
26.0 -7.086
26.0 -7.628
26.0 -8.506
26.0 -10.03
26.0 -13.158
26.0 -11.89
26.0 -8.48
26.0 -9.91
26.0 -7.998
26.0 -10.902
26.0 -11.086
26.0 -8.26
26.0 -6.858
26.0 -6.754
26.0 -6.368
26.0 -9.5
26.0 -12.486
26.0 -10.51
26.0 -10.182
26.5 -6.252
26.5 -6.136
26.5 -8.714
26.5 -8.176
26.5 -7.822
26.5 -6.844
26.5 -6.996
26.5 -8.7
26.5 -7.77
26.5 -7.728
26.5 -9.684
26.5 -9.866
26.5 -9.514
26.5 -10.266
26.5 -11.206
26.5 -8.154
26.5 -9.492
26.5 -8.014
26.5 -6.342
26.5 -10.466
26.5 -8.282
26.5 -8.316
26.5 -10.004
26.5 -9.316
26.5 -9.43
26.5 -9.282
26.5 -9.118
26.5 -13.408
26.5 -12.736
26.5 -8.498
26.5 -9.78
26.5 -11.184
26.5 -10.478
26.5 -7.948
26.5 -10.736
26.5 -7.198
26.5 -7.264
26.5 -9.078
26.5 -11.678
26.5 -11.368
26.5 -9.656
26.5 -11.272
26.5 -12.444
26.5 -10.696
26.5 -12.47
26.5 -6.524
26.5 -8.766
26.5 -10.114
26.5 -10.882
26.5 -9.208
26.5 -12.084
26.5 -8.354
26.5 -9.258
26.5 -10.268
26.5 -9.772
26.5 -10.22
26.5 -14.136
26.5 -15.048
26.5 -12.786
26.5 -11.26
26.5 -12.026
26.5 -7.494
26.5 -6.782
26.5 -8.578
26.5 -10.842
26.5 -11.436
26.5 -11.68
26.5 -13.642
26.5 -14.73
26.5 -14.926
26.5 -12.978
26.5 -8.86
26.5 -7.93
26.5 -5.146
26.5 -7.4
26.5 -9.066
26.5 -7.948
26.5 -8.712
26.5 -8.97
26.5 -8.828
26.5 -9.958
26.5 -10.364
26.5 -13.686
26.5 -11.916
26.5 -11.29
26.5 -9.974
26.5 -7.09
26.5 -8.806
26.5 -5.174
26.5 -6.518
26.5 -5.318
26.5 -6.634
26.5 -7.384
26.5 -6.774
26.5 -8.552
26.5 -10.572
26.5 -11.312
26.5 -9.84
26.5 -12.214
26.5 -10.242
26.5 -10.484
26.5 -10.464
26.5 -13.292
26.5 -12.378
26.5 -10.254
26.5 -9.7
26.5 -9.646
26.5 -10.046
26.5 -13.146
26.5 -12.738
26.5 -10.978
26.5 -12.55
26.5 -15.336
26.5 -15.86
26.5 -14.684
26.5 -9.19
26.5 -10.548
26.5 -10.766
26.5 -11.998
26.5 -11.842
26.5 -11.15
26.5 -10.072
26.5 -12.944
26.5 -11.222
26.5 -11.706
26.5 -11.864
26.5 -12.764
26.5 -10.71
26.5 -8.924
26.5 -11.362
26.5 -11.88
26.5 -12.788
26.5 -8.622
26.5 -9.614
26.5 -10.816
26.5 -10.43
26.5 -6.992
26.5 -10.14
26.5 -9.444
26.5 -9.56
26.5 -11.544
26.5 -10.172
26.5 -10.94
26.5 -14.842
26.5 -11.496
26.5 -13.29
26.5 -12.192
26.5 -12.554
26.5 -8.278
26.5 -6.918
26.5 -9.406
26.5 -10.814
26.5 -9.994
26.5 -9.104
26.5 -10.05
26.5 -9.264
26.5 -11.93
26.5 -12.658
26.5 -14.226
26.5 -11.178
26.5 -9.64
26.5 -10.172
26.5 -13.62
26.5 -9.426
26.5 -8.31
26.5 -9.748
26.5 -11.106
26.5 -9.498
26.5 -9.108
26.5 -10.534
26.5 -11.482
26.5 -9.026
26.5 -9.888
26.5 -9.988
26.5 -8.77
26.5 -10.432
26.5 -11.17
26.5 -8.04
26.5 -10.506
26.5 -10.056
26.5 -10.87
26.5 -9.6
26.5 -9.592
26.5 -11.448
26.5 -9.618
26.5 -7.256
26.5 -9.392
26.5 -10.51
26.5 -11.894
26.5 -9.644
26.5 -10.1
26.5 -10.642
26.5 -9.158
26.5 -11.122
26.5 -13.406
26.5 -9.658
26.5 -10.422
26.5 -9.948
26.5 -11.028
26.5 -10.594
26.5 -7.978
26.5 -10.672
26.5 -12.46
26.5 -13.752
26.5 -11.238
26.5 -12.896
26.5 -11.228
26.5 -11.67
26.5 -9.516
26.5 -11.286
26.5 -11.84
26.5 -12.314
26.5 -14.596
26.5 -12.84
26.5 -9.712
26.5 -11.98
26.5 -12.79
26.5 -11.91
26.5 -9.33
26.5 -11.85
26.5 -15.56
26.5 -13.972
26.5 -12.484
26.5 -10.048
26.5 -12.572
26.5 -11.316
26.5 -13.966
26.5 -14.296
26.5 -9.43
26.5 -10.318
26.5 -9.446
26.5 -7.428
26.5 -8.768
26.5 -9.512
26.5 -8.5
26.5 -10.432
26.5 -11.656
26.5 -8.33
26.5 -7.902
26.5 -9.376
26.5 -9.71
26.5 -8.606
26.5 -11.534
26.5 -8.72
26.5 -10.212
26.5 -10.206
26.5 -7.726
26.5 -7.736
26.5 -7.738
26.5 -9.994
26.5 -9.464
26.5 -9.54
26.5 -9.278
26.5 -8.182
27.0 -10.618
27.0 -7.894
27.0 -10.614
27.0 -12.302
27.0 -13.794
27.0 -9.738
27.0 -10.526
27.0 -11.044
27.0 -14.836
27.0 -13.816
27.0 -10.516
27.0 -11.786
27.0 -11.672
27.0 -10.318
27.0 -10.814
27.0 -10.408
27.0 -9.82
27.0 -10.908
27.0 -9.898
27.0 -13.924
27.0 -14.02
27.0 -12.948
27.0 -10.758
27.0 -11.414
27.0 -8.406
27.0 -6.98
27.0 -8.936
27.0 -9.374
27.0 -8.718
27.0 -11.144
27.0 -6.154
27.0 -9.686
27.0 -9.726
27.0 -9.962
27.0 -10.156
27.0 -12.764
27.0 -12.498
27.0 -9.3
27.0 -10.652
27.0 -9.562
27.0 -9.132
27.0 -9.428
27.0 -8.456
27.0 -6.678
27.0 -10.372
27.0 -8.634
27.0 -10.334
27.0 -12.02
27.0 -10.264
27.0 -10.158
27.0 -13.618
27.0 -12.26
27.0 -11.228
27.0 -10.574
27.0 -9.822
27.0 -11.926
27.0 -11.864
27.0 -12.394
27.0 -9.368
27.0 -9.382
27.0 -8.828
27.0 -10.144
27.0 -11.79
27.0 -10.596
27.0 -14.626
27.0 -11.9
27.0 -13.96
27.0 -16.508
27.0 -13.926
27.0 -12.128
27.0 -9.118
27.0 -10.998
27.0 -11.45
27.0 -10.292
27.0 -10.206
27.0 -9.082
27.0 -9.542
27.0 -10.342
27.0 -13.358
27.0 -11.122
27.0 -11.476
27.0 -10.3
27.0 -9.816
27.0 -11.282
27.0 -13.814
27.0 -13.44
27.0 -13.36
27.0 -11.104
27.0 -9.71
27.0 -8.958
27.0 -10.942
27.0 -10.624
27.0 -10.7
27.0 -13.876
27.0 -10.668
27.0 -11.432
27.0 -7.9
27.0 -7.122
27.0 -11.114
27.0 -8.16
27.0 -10.24
27.0 -11.418
27.0 -11.198
27.0 -13.118
27.0 -11.434
27.0 -10.676
27.0 -13.702
27.0 -14.35
27.0 -13.674
27.0 -11.33
27.0 -9.646
27.0 -10.744
27.0 -15.208
27.0 -13.148
27.0 -10.768
27.0 -11.088
27.0 -8.656
27.0 -7.958
27.0 -8.806
27.0 -9.506
27.0 -11.982
27.0 -11.662
27.0 -10.09
27.0 -10.816
27.0 -11.228
27.0 -8.848
27.0 -8.18
27.0 -11.85
27.0 -9.884
27.0 -10.466
27.0 -11.93
27.0 -11.102
27.0 -15.36
27.0 -9.902
27.0 -11.424
27.0 -10.76
27.0 -14.96
27.0 -11.106
27.0 -11.168
27.0 -16.576
27.0 -13.442
27.0 -15.702
27.0 -11.364
27.0 -12.97
27.0 -12.704
27.0 -11.352
27.0 -11.978
27.0 -9.886
27.0 -12.07
27.0 -9.63
27.0 -7.546
27.0 -7.56
27.0 -10.628
27.0 -9.652
27.0 -8.796
27.0 -7.524
27.0 -6.51
27.0 -9.92
27.0 -9.198
27.0 -9.826
27.0 -8.648
27.0 -11.54
27.0 -11.196
27.0 -8.828
27.0 -7.466
27.0 -6.898
27.0 -8.094
27.0 -7.532
27.0 -10.204
27.0 -10.948
500
-57.5 -227.558
-27.0 -143.132
-20.0 -102.186
-8.5 -83.676
0.5 -65.294
7.5 -51.118
8.5 -42.936
8.5 -34.052
14.5 -31.596
14.5 -23.202
17.0 -19.664
17.5 -18.794
17.5 -19.896
21.0 -16.836
21.0 -15.784
21.0 -14.456
21.0 -16.14
21.0 -18.11
21.0 -17.746
21.0 -14.574
21.0 -16.458
21.0 -11.866
21.0 -10.664
21.0 -10.646
21.0 -11.584
22.0 -9.776
22.0 -7.614
22.0 -9.156
22.0 -11.904
22.0 -14.9
22.0 -13.322
22.0 -13.992
22.0 -11.444
22.0 -11.18
22.0 -13.004
22.0 -14.782
22.0 -14.214
22.0 -12.614
22.0 -11.986
22.0 -13.242
23.0 -12.052
23.0 -11.86
23.0 -10.264
23.0 -12.82
23.0 -11.046
23.0 -11.754
23.0 -12.618
23.0 -12.396
23.0 -13.774
23.0 -12.15
23.0 -11.378
23.0 -11.112
23.0 -9.706
23.0 -8.568
23.0 -10.282
23.0 -9.376
23.0 -11.394
23.0 -10.688
23.0 -9.618
23.0 -7.552
23.0 -8.282
23.5 -9.334
23.5 -10.206
23.5 -10.352
23.5 -12.58
23.5 -13.788
23.5 -10.502
23.5 -13.772
23.5 -11.98
23.5 -11.052
23.5 -9.814
23.5 -9.896
23.5 -10.47
23.5 -10.812
23.5 -12.47
23.5 -12.594
23.5 -13.412
23.5 -10.234
23.5 -10.162
23.5 -14.164
23.5 -13.118
23.5 -12.86
23.5 -11.654
23.5 -11.142
23.5 -14.456
23.5 -15.18
23.5 -14.026
23.5 -11.638
23.5 -9.898
23.5 -11.814
23.5 -10.674
23.5 -14.138
23.5 -11.384
23.5 -10.162
23.5 -10.904
23.5 -10.592
23.5 -12.67
23.5 -13.066
23.5 -15.688
23.5 -13.32
23.5 -9.656
23.5 -9.018
23.5 -9.506
23.5 -11.338
23.5 -14.02
23.5 -13.524
23.5 -14.026
23.5 -14.74
23.5 -15.114
23.5 -13.534
23.5 -12.122
23.5 -12.53
23.5 -10.658
23.5 -14.86
23.5 -13.09
23.5 -16.74
23.5 -15.092
23.5 -14.278
23.5 -13.26
23.5 -14.072
23.5 -12.372
23.5 -11.96
23.5 -14.13
23.5 -20.284
23.5 -16.262
23.5 -13.936
23.5 -11.894
23.5 -12.008
23.5 -14.58
23.5 -12.414
23.5 -12.778
23.5 -13.48
23.5 -10.894
23.5 -13.764
23.5 -14.288
23.5 -12.946
23.5 -12.04
23.5 -11.97
23.5 -12.206
23.5 -11.276
23.5 -12.334
23.5 -11.864
23.5 -11.988
23.5 -12.798
23.5 -12.546
23.5 -11.946
23.5 -14.054
23.5 -15.682
23.5 -15.072
23.5 -16.608
23.5 -13.718
23.5 -12.89
23.5 -13.924
23.5 -14.348
23.5 -14.328
23.5 -12.268
23.5 -14.134
23.5 -13.986
23.5 -12.3
23.5 -12.908
23.5 -12.122
23.5 -14.08
23.5 -16.922
23.5 -15.716
23.5 -13.612
23.5 -13.462
23.5 -15.206
23.5 -16.13
23.5 -14.86
23.5 -11.606
23.5 -12.248
23.5 -14.206
23.5 -12.082
23.5 -13.732
23.5 -14.55
23.5 -13.808
23.5 -16.422
23.5 -14.136
23.5 -14.5
23.5 -11.968
23.5 -11.648
23.5 -11.384
23.5 -12.532
23.5 -13.81
23.5 -13.068
23.5 -13.608
23.5 -10.48
23.5 -12.462
23.5 -14.112
23.5 -18.81
23.5 -14.42
23.5 -12.786
24.5 -10.756
24.5 -9.462
24.5 -9.956
24.5 -11.578
24.5 -14.37
24.5 -13.422
24.5 -13.904
24.5 -14.046
24.5 -13.902
24.5 -14.064
24.5 -15.2
24.5 -15.672
24.5 -13.796
24.5 -13.768
24.5 -15.636
24.5 -16.654
24.5 -15.106
24.5 -12.168
24.5 -15.386
26.0 -16.626
26.0 -15.942
26.0 -13.684
26.0 -13.428
26.0 -13.964
26.0 -10.828
26.0 -10.93
26.0 -10.948
26.0 -11.63
26.0 -13.694
26.0 -14.442
26.0 -14.218
26.0 -15.278
26.0 -16.436
26.0 -13.66
26.0 -14.374
26.0 -13.176
26.0 -10.964
26.0 -13.026
26.0 -11.072
26.0 -11.08
26.0 -10.934
26.0 -13.254
26.0 -11.856
26.0 -13.54
26.0 -12.43
26.0 -14.238
26.0 -13.184
26.0 -13.074
26.0 -12.296
26.0 -11.566
26.0 -15.764
26.0 -12.41
26.0 -10.756
26.0 -12.314
26.0 -12.118
26.0 -11.714
26.0 -12.954
26.0 -12.248
26.0 -11.0
26.0 -13.21
26.0 -12.708
26.0 -12.956
26.0 -12.104
26.0 -12.868
26.0 -13.248
26.0 -13.906
26.0 -12.172
26.0 -10.246
26.0 -11.224
26.0 -12.156
26.0 -10.866
26.0 -12.166
26.0 -12.136
26.0 -10.47
26.0 -9.7
26.0 -8.62
26.0 -10.1
26.0 -9.284
26.0 -10.306
26.0 -11.38
26.0 -9.498
26.0 -9.972
26.0 -8.756
26.0 -11.932
26.0 -14.468
26.0 -10.172
26.0 -8.43
26.0 -10.862
26.0 -10.636
26.0 -9.988
26.0 -9.44
26.0 -10.012
26.5 -9.172
26.5 -9.512
26.5 -9.288
26.5 -7.782
26.5 -10.004
26.5 -8.78
26.5 -13.206
26.5 -11.036
26.5 -13.164
26.5 -11.022
26.5 -12.754
27.5 -9.822
27.5 -9.588
27.5 -11.204
27.5 -11.038
27.5 -11.54
27.5 -14.44
27.5 -10.126
27.5 -12.816
27.5 -7.788
27.5 -9.116
27.5 -8.8
27.5 -9.002
27.5 -8.986
27.5 -9.964
27.5 -10.84
27.5 -9.56
27.5 -10.724
27.5 -12.124
27.5 -13.218
27.5 -13.64
27.5 -11.03
27.5 -14.312
27.5 -12.736
27.5 -12.318
27.5 -11.6
27.5 -11.892
27.5 -11.182
27.5 -10.886
27.5 -13.272
27.5 -12.692
27.5 -14.732
27.5 -10.844
27.5 -11.456
27.5 -12.704
27.5 -14.148
27.5 -11.95
27.5 -10.24
27.5 -13.658
27.5 -13.334
27.5 -13.534
27.5 -10.614
27.5 -11.952
27.5 -12.12
27.5 -11.212
27.5 -12.46
27.5 -11.91
27.5 -10.87
27.5 -10.886
27.5 -13.626
27.5 -11.498
27.5 -8.544
27.5 -10.412
27.5 -11.832
27.5 -12.028
27.5 -11.872
27.5 -12.546
27.5 -15.092
27.5 -15.232
27.5 -12.184
27.5 -10.716
27.5 -11.324
27.5 -11.0
27.5 -10.188
27.5 -8.862
27.5 -9.908
27.5 -9.806
27.5 -9.696
27.5 -11.734
27.5 -11.386
27.5 -9.828
27.5 -11.71
27.5 -11.218
27.5 -9.094
27.5 -8.922
27.5 -10.014
27.5 -9.39
27.5 -12.282
27.5 -14.31
27.5 -14.504
27.5 -12.224
27.5 -13.202
27.5 -6.798
27.5 -9.77
27.5 -7.634
27.5 -7.57
27.5 -10.454
27.5 -10.308
27.5 -8.274
27.5 -9.594
27.5 -9.466
27.5 -10.618
27.5 -9.494
27.5 -10.394
27.5 -8.368
27.5 -10.666
27.5 -12.434
27.5 -13.192
27.5 -11.406
27.5 -13.956
27.5 -10.358
27.5 -11.094
27.5 -11.018
27.5 -9.88
27.5 -8.146
27.5 -6.616
27.5 -9.432
27.5 -9.75
27.5 -9.296
27.5 -8.276
27.5 -11.348
27.5 -11.57
27.5 -10.214
27.5 -10.102
27.5 -9.982
27.5 -9.464
27.5 -7.372
27.5 -11.144
27.5 -11.678
27.5 -11.37
27.5 -10.734
27.5 -9.848
27.5 -10.05
27.5 -8.772
27.5 -7.306
27.5 -9.296
27.5 -9.2
27.5 -5.888
27.5 -7.864
27.5 -9.64
27.5 -9.362
27.5 -9.682
27.5 -7.912
27.5 -8.9
27.5 -11.834
27.5 -11.536
27.5 -10.338
27.5 -11.408
27.5 -10.362
27.5 -7.712
27.5 -9.486
27.5 -8.336
27.5 -7.98
27.5 -9.088
27.5 -9.87
27.5 -7.362
27.5 -9.734
27.5 -10.192
27.5 -10.968
27.5 -10.874
27.5 -10.204
27.5 -9.558
27.5 -9.588
27.5 -11.204
27.5 -13.27
27.5 -12.194
27.5 -9.762
27.5 -12.638
27.5 -10.218
27.5 -10.14
27.5 -11.234
27.5 -9.918
27.5 -9.906
27.5 -10.09
27.5 -8.626
27.5 -8.406
27.5 -12.844
27.5 -10.308
27.5 -11.462
27.5 -13.992
27.5 -11.354
27.5 -12.91
27.5 -13.882
27.5 -10.008
27.5 -9.912
27.5 -8.896
27.5 -12.344
27.5 -11.54
27.5 -6.968
27.5 -7.684
27.5 -10.07
27.5 -10.762
27.5 -9.124
27.5 -13.116
27.5 -10.422
27.5 -12.676
27.5 -11.758
27.5 -10.81
27.5 -10.57
27.5 -11.812
27.5 -10.562
27.5 -11.0
27.5 -12.04
27.5 -11.574
27.5 -12.346
27.5 -12.424
27.5 -14.012
27.5 -13.706
27.5 -14.894
27.5 -13.624
27.5 -12.22
27.5 -9.418
27.5 -7.594
27.5 -11.114
27.5 -12.428
27.5 -9.668
500
-47.0 -230.652
-20.5 -140.358
-20.5 -95.592
-0.5 -73.358
6.5 -58.7
8.0 -45.128
17.5 -33.422
18.5 -27.91
18.5 -25.286
18.5 -24.034
18.5 -22.48
18.5 -21.128
18.5 -21.602
18.5 -21.336
18.5 -20.426
22.5 -16.65
22.5 -18.914
22.5 -17.39
22.5 -15.424
22.5 -13.934
22.5 -12.518
22.5 -12.53
22.5 -8.332
22.5 -10.628
22.5 -13.172
22.5 -9.788
22.5 -11.294
22.5 -13.104
22.5 -10.538
22.5 -10.014
22.5 -8.854
22.5 -9.658
22.5 -14.994
22.5 -13.212
23.0 -13.114
23.0 -14.308
23.0 -12.47
23.0 -9.554
23.0 -10.976
23.0 -11.602
23.0 -11.804
23.5 -8.672
23.5 -8.886
23.5 -12.952
23.5 -16.914
23.5 -15.55
23.5 -12.732
23.5 -14.814
23.5 -13.354
23.5 -14.188
23.5 -13.596
23.5 -11.038
23.5 -10.514
23.5 -12.056
23.5 -13.376
23.5 -9.902
23.5 -11.084
23.5 -12.684
23.5 -11.724
23.5 -11.286
23.5 -11.174
23.5 -10.612
23.5 -12.782
23.5 -13.68
23.5 -12.834
23.5 -14.528
23.5 -13.382
23.5 -12.07
23.5 -9.992
23.5 -10.628
23.5 -9.532
23.5 -10.774
23.5 -11.344
23.5 -11.406
23.5 -12.122
23.5 -12.924
23.5 -15.136
23.5 -12.432
23.5 -12.778
23.5 -9.876
23.5 -10.132
23.5 -11.86
23.5 -12.698
23.5 -9.608
23.5 -11.71
23.5 -10.22
23.5 -11.634
23.5 -12.82
23.5 -9.706
23.5 -9.904
23.5 -10.78
23.5 -10.734
23.5 -9.226
23.5 -10.1
23.5 -10.67
23.5 -11.896
25.0 -10.934
25.0 -10.046
25.0 -9.768
25.0 -9.92
26.5 -8.56
26.5 -9.688
26.5 -7.858
26.5 -8.326
26.5 -11.248
26.5 -11.018
26.5 -11.106
26.5 -12.512
26.5 -11.444
26.5 -9.534
26.5 -10.444
26.5 -9.626
26.5 -12.282
26.5 -12.448
27.0 -10.308
27.0 -11.512
27.0 -12.878
27.0 -9.966
27.0 -11.566
27.0 -10.63
27.5 -10.37
27.5 -10.706
27.5 -9.87
27.5 -12.538
27.5 -12.086
27.5 -9.46
27.5 -9.64
27.5 -9.38
27.5 -10.81
27.5 -12.974
27.5 -11.258
27.5 -13.758
27.5 -14.062
27.5 -15.006
27.5 -11.802
27.5 -13.562
27.5 -11.632
27.5 -13.26
27.5 -11.528
27.5 -12.22
27.5 -10.894
27.5 -11.928
27.5 -11.156
27.5 -12.906
27.5 -13.232
27.5 -14.294
27.5 -15.34
27.5 -14.782
27.5 -9.922
27.5 -12.024
27.5 -13.41
27.5 -11.696
27.5 -13.218
27.5 -10.73
27.5 -16.208
27.5 -13.682
27.5 -16.438
27.5 -14.564
27.5 -12.552
27.5 -11.986
27.5 -11.6
27.5 -9.334
27.5 -8.442
27.5 -10.282
27.5 -12.174
27.5 -12.07
27.5 -14.652
27.5 -11.942
27.5 -11.442
27.5 -13.402
27.5 -13.502
27.5 -14.37
27.5 -13.132
27.5 -15.074
27.5 -13.23
27.5 -14.41
27.5 -13.372
27.5 -13.05
27.5 -11.85
27.5 -9.866
27.5 -10.744
27.5 -13.066
27.5 -12.542
27.5 -12.438
27.5 -13.144
27.5 -12.278
27.5 -14.194
27.5 -15.136
27.5 -13.978
27.5 -13.062
27.5 -13.794
27.5 -13.922
27.5 -16.886
27.5 -11.654
27.5 -13.338
27.5 -9.18
27.5 -12.918
27.5 -13.42
27.5 -13.314
27.5 -13.762
27.5 -15.72
27.5 -15.006
27.5 -14.362
27.5 -12.372
27.5 -12.788
27.5 -13.894
27.5 -12.968
27.5 -12.366
27.5 -12.406
27.5 -11.254
27.5 -13.644
27.5 -13.956
27.5 -13.56
27.5 -12.008
27.5 -14.31
27.5 -10.818
27.5 -14.052
27.5 -11.494
27.5 -12.292
27.5 -13.18
27.5 -14.298
27.5 -16.63
27.5 -11.552
27.5 -12.948
27.5 -13.324
27.5 -14.714
27.5 -15.714
27.5 -14.436
27.5 -16.154
27.5 -14.5
27.5 -13.714
27.5 -11.248
27.5 -8.9
27.5 -11.156
27.5 -12.368
27.5 -13.438
27.5 -11.658
27.5 -12.606
27.5 -9.64
27.5 -12.392
27.5 -13.946
27.5 -13.106
27.5 -10.138
27.5 -5.706
27.5 -10.398
27.5 -11.552
27.5 -8.312
27.5 -11.06
27.5 -12.292
27.5 -12.812
27.5 -9.52
27.5 -14.426
27.5 -13.326
27.5 -12.202
27.5 -11.014
27.5 -13.5
27.5 -12.736
28.0 -10.372
28.0 -9.2
28.0 -10.504
28.0 -10.238
28.0 -11.322
28.0 -12.198
28.0 -15.258
28.0 -13.68
28.0 -12.636
28.0 -13.994
28.0 -12.418
28.0 -10.86
28.0 -13.482
28.0 -11.666
28.0 -13.202
28.0 -15.646
28.0 -11.844
28.0 -11.606
28.0 -10.666
28.0 -9.444
28.0 -12.226
28.0 -13.308
28.0 -12.032
28.0 -13.044
28.0 -15.48
28.0 -10.244
28.0 -10.54
28.0 -10.776
28.0 -14.06
28.0 -12.618
28.0 -13.59
28.0 -15.712
28.0 -15.106
28.0 -16.558
28.0 -15.166
28.0 -12.826
28.0 -15.096
28.0 -15.144
28.0 -14.884
28.0 -13.766
28.0 -9.78
28.0 -10.48
28.0 -11.612
28.0 -14.036
28.0 -14.552
28.0 -10.884
28.0 -12.92
28.0 -14.326
28.0 -11.662
28.0 -9.946
28.0 -12.016
28.0 -12.004
28.0 -11.318
28.0 -11.184
28.0 -14.128
28.0 -11.068
28.0 -11.058
28.0 -10.136
28.0 -11.854
28.0 -11.562
28.0 -9.552
28.0 -10.286
28.0 -10.338
28.0 -9.124
28.0 -9.618
28.0 -9.81
28.0 -11.908
28.0 -10.778
28.0 -11.428
28.0 -14.398
28.0 -7.382
28.0 -10.066
28.0 -10.77
28.0 -14.412
28.0 -15.242
28.0 -14.336
28.0 -16.468
28.0 -17.702
28.0 -15.816
28.0 -15.972
28.0 -17.314
28.0 -16.32
28.0 -14.044
28.0 -13.034
28.0 -12.304
28.0 -12.484
28.0 -10.614
28.0 -10.982
28.0 -11.414
28.0 -11.05
28.0 -9.854
28.0 -10.68
28.0 -12.092
28.0 -13.61
28.0 -13.06
28.0 -15.088
28.0 -12.638
28.0 -8.564
28.0 -11.186
28.0 -12.228
28.0 -11.276
28.0 -11.532
28.0 -10.514
28.0 -9.336
28.0 -14.008
28.0 -12.934
28.0 -14.68
28.0 -12.942
28.0 -12.286
28.0 -10.296
28.0 -10.506
28.0 -14.308
28.0 -12.976
28.0 -13.738
28.0 -11.916
28.0 -12.402
28.0 -11.36
28.0 -11.936
28.0 -12.462
28.0 -13.152
28.0 -14.682
28.0 -11.208
28.0 -12.17
28.0 -8.774
28.0 -9.96
28.0 -9.202
28.0 -9.506
28.0 -10.546
28.0 -11.25
28.0 -8.078
28.0 -6.698
28.0 -7.932
28.0 -9.994
28.0 -9.278
28.0 -7.91
28.0 -9.334
28.0 -8.318
28.0 -10.648
28.0 -10.52
28.0 -12.404
28.0 -14.586
28.0 -15.302
28.0 -11.724
28.0 -12.628
28.0 -15.02
28.0 -15.548
28.0 -13.664
28.0 -13.788
28.0 -13.422
28.0 -13.476
28.0 -12.572
28.0 -14.518
28.0 -13.352
28.0 -11.18
28.0 -9.802
28.0 -9.584
28.0 -9.954
28.0 -12.116
28.0 -12.644
28.0 -11.172
28.0 -12.212
28.0 -12.346
28.0 -14.152
28.0 -12.89
28.0 -16.626
28.0 -12.582
28.0 -13.946
29.5 -11.628
29.5 -13.584
29.5 -11.524
29.5 -11.034
29.5 -9.806
29.5 -9.428
29.5 -11.118
29.5 -13.332
29.5 -8.808
29.5 -12.108
29.5 -13.346
29.5 -14.046
29.5 -12.232
29.5 -13.128
29.5 -13.304
29.5 -12.156
29.5 -10.342
29.5 -10.806
29.5 -12.086
29.5 -11.378
29.5 -11.73
29.5 -10.402
29.5 -12.356
29.5 -14.816
29.5 -10.852
29.5 -14.574
29.5 -12.524
29.5 -14.44
29.5 -15.548
29.5 -12.082
29.5 -12.092
29.5 -13.112
29.5 -10.366
29.5 -12.6
29.5 -11.434
29.5 -9.838
29.5 -12.308
29.5 -16.044
29.5 -12.482
29.5 -9.658
29.5 -11.468
29.5 -16.196
29.5 -14.868
29.5 -13.936
29.5 -13.508
29.5 -12.58
29.5 -14.098
29.5 -14.226
29.5 -15.77
29.5 -12.798
29.5 -12.066
29.5 -12.51
29.5 -13.774
29.5 -13.31
29.5 -19.182
29.5 -15.786
29.5 -15.666
29.5 -11.29
29.5 -12.122
29.5 -11.82
29.5 -10.474
29.5 -11.51
29.5 -12.746
29.5 -14.394
29.5 -13.6
29.5 -12.378
29.5 -13.418
29.5 -16.63
29.5 -15.812
29.5 -10.048
29.5 -11.554
29.5 -10.182
29.5 -12.384
29.5 -10.058
29.5 -10.796
29.5 -11.576
500
-62.5 -238.708
-33.0 -139.164
-18.5 -98.042
-8.0 -77.936
-4.5 -61.298
8.0 -49.436
17.0 -43.742
17.0 -39.09
17.0 -31.276
21.5 -27.344
21.5 -23.52
21.5 -23.74
21.5 -19.498
21.5 -18.222
21.5 -15.38
21.5 -17.564
21.5 -15.602
21.5 -15.204
21.5 -19.552
21.5 -17.1
21.5 -19.84
21.5 -18.44
21.5 -16.326
21.5 -20.246
21.5 -19.084
24.5 -18.02
24.5 -17.284
24.5 -16.566
24.5 -14.376
24.5 -13.048
24.5 -9.59
24.5 -11.39
24.5 -11.4
24.5 -13.974
24.5 -14.868
24.5 -14.492
24.5 -11.452
24.5 -13.304
24.5 -12.262
24.5 -10.856
24.5 -11.746
24.5 -11.834
24.5 -10.038
24.5 -11.152
24.5 -9.586
24.5 -9.782
24.5 -7.292
24.5 -8.532
24.5 -10.158
24.5 -8.85
24.5 -7.42
24.5 -7.612
24.5 -10.888
24.5 -10.386
24.5 -8.492
24.5 -8.484
24.5 -7.576
24.5 -6.88
24.5 -7.338
24.5 -6.026
24.5 -9.046
24.5 -7.762
24.5 -8.358
24.5 -12.752
25.0 -12.312
25.0 -5.696
26.5 -6.426
26.5 -4.852
26.5 -7.866
26.5 -9.492
26.5 -9.004
26.5 -7.258
26.5 -7.646
26.5 -7.71
26.5 -9.512
26.5 -6.832
26.5 -7.482
26.5 -7.658
26.5 -7.848
26.5 -5.29
26.5 -6.574
26.5 -6.528
26.5 -6.548
26.5 -10.516
26.5 -9.56
26.5 -10.428
26.5 -9.814
26.5 -12.886
26.5 -13.73
26.5 -13.284
26.5 -12.522
26.5 -11.458
26.5 -13.836
26.5 -12.102
26.5 -15.02
26.5 -11.13
26.5 -9.366
26.5 -9.668
26.5 -7.756
26.5 -10.506
26.5 -14.008
26.5 -14.124
26.5 -12.124
26.5 -9.188
26.5 -11.298
26.5 -14.554
26.5 -11.228
26.5 -12.148
26.5 -10.488
26.5 -9.414
26.5 -9.668
26.5 -10.782
26.5 -11.77
26.5 -10.436
26.5 -10.522
26.5 -12.28
26.5 -12.896
26.5 -12.54
26.5 -12.036
26.5 -10.43
26.5 -10.182
26.5 -10.742
26.5 -11.614
26.5 -11.17
26.5 -10.76
26.5 -11.726
26.5 -9.942
26.5 -10.108
26.5 -12.872
26.5 -16.306
26.5 -12.494
26.5 -14.776
26.5 -12.158
26.5 -10.04
26.5 -10.236
26.5 -10.034
26.5 -8.24
26.5 -11.738
26.5 -13.048
26.5 -13.298
26.5 -9.944
26.5 -7.2
26.5 -8.646
26.5 -11.342
26.5 -10.63
26.5 -9.88
26.5 -14.422
26.5 -11.982
26.5 -10.106
26.5 -14.482
26.5 -11.456
26.5 -11.898
26.5 -14.17
26.5 -9.746
26.5 -10.42
26.5 -11.868
26.5 -10.168
26.5 -9.012
26.5 -9.484
26.5 -10.368
26.5 -10.242
26.5 -13.528
26.5 -12.49
26.5 -10.578
26.5 -10.59
26.5 -12.514
26.5 -12.678
26.5 -10.988
26.5 -11.726
26.5 -12.56
26.5 -12.116
26.5 -9.682
26.5 -8.662
26.5 -10.728
26.5 -10.582
26.5 -10.162
26.5 -12.476
26.5 -14.344
26.5 -13.696
26.5 -9.608
26.5 -8.804
26.5 -12.172
26.5 -12.784
30.0 -12.424
30.0 -11.478
30.0 -11.346
30.0 -15.714
30.0 -16.17
30.0 -13.872
30.0 -12.822
30.0 -9.2
30.0 -11.552
30.0 -7.36
30.0 -11.488
30.0 -15.64
30.0 -12.006
30.0 -12.678
30.0 -11.374
30.0 -15.508
30.0 -13.17
30.0 -10.688
30.0 -11.396
30.0 -13.396
30.0 -13.846
30.0 -13.71
30.0 -11.962
30.0 -15.12
30.0 -11.882
30.0 -11.904
30.0 -11.58
30.0 -13.79
30.0 -11.01
30.0 -12.636
30.0 -13.87
30.0 -12.276
30.0 -11.266
30.0 -10.828
30.0 -12.168
30.0 -12.852
30.0 -11.264
30.0 -10.882
30.0 -9.034
30.0 -10.772
30.0 -9.976
30.0 -9.284
30.0 -12.814
30.0 -10.958
30.0 -8.956
30.0 -12.314
30.0 -10.88
30.0 -9.354
30.0 -9.918
30.0 -11.766
30.0 -10.94
30.0 -9.124
30.0 -9.52
30.0 -9.258
30.0 -12.178
30.0 -11.95
30.0 -9.43
30.0 -10.026
30.0 -11.194
30.0 -9.67
30.0 -9.08
30.0 -10.474
30.0 -8.932
30.0 -10.91
30.0 -10.902
30.0 -10.018
30.0 -13.986
30.0 -14.762
30.0 -10.478
30.0 -12.168
30.0 -10.642
30.0 -12.3
30.0 -9.586
30.0 -5.87
30.0 -7.046
30.0 -9.562
30.0 -9.314
30.0 -7.85
30.0 -7.834
30.0 -10.18
30.0 -8.678
30.0 -9.802
30.0 -8.54
30.0 -12.364
30.0 -11.676
30.0 -11.364
30.0 -12.234
30.0 -14.9
30.0 -10.386
30.0 -8.202
30.0 -9.544
30.0 -9.774
30.0 -10.39
30.0 -10.69
30.0 -9.52
30.0 -9.636
30.0 -11.232
30.0 -11.284
30.0 -9.406
30.0 -11.118
30.0 -11.686
30.0 -10.78
30.0 -11.484
30.0 -9.914
30.0 -9.214
30.0 -11.322
30.0 -10.848
30.0 -7.376
30.0 -6.566
30.0 -7.234
30.0 -10.874
30.0 -11.344
30.0 -10.946
30.0 -13.73
30.0 -8.802
30.0 -7.064
30.0 -5.742
30.0 -8.48
30.0 -10.41
30.0 -11.802
30.0 -12.028
30.0 -9.984
30.0 -11.306
30.0 -13.81
30.0 -13.43
30.0 -9.622
30.0 -8.03
30.0 -6.416
30.0 -10.032
30.0 -9.01
30.0 -10.36
30.0 -11.882
30.0 -12.93
30.0 -11.248
30.0 -10.654
30.0 -10.352
30.0 -8.612
30.0 -9.532
30.0 -9.394
30.0 -12.916
30.0 -10.99
30.0 -13.696
30.0 -14.782
30.0 -13.386
30.0 -12.78
30.0 -13.278
30.0 -13.526
30.0 -12.258
30.0 -14.19
30.0 -10.152
30.0 -8.936
30.0 -7.816
30.0 -9.586
30.0 -10.662
30.0 -10.308
30.0 -9.06
30.0 -9.662
30.0 -11.9
30.0 -10.596
30.0 -9.82
30.0 -13.246
30.0 -13.12
30.0 -13.628
30.0 -13.42
30.0 -11.518
30.0 -13.834
30.0 -12.34
30.0 -11.67
30.0 -9.67
30.0 -10.14
30.0 -10.702
30.0 -11.946
30.0 -11.656
30.0 -11.776
30.0 -11.538
30.0 -12.186
30.0 -8.354
30.0 -7.826
30.0 -9.544
30.0 -8.86
30.0 -10.206
30.0 -9.408
30.0 -10.394
30.0 -10.654
30.0 -11.838
30.0 -11.758
30.0 -12.728
30.0 -12.494
30.0 -10.4
30.0 -9.634
30.0 -9.594
30.0 -12.204
30.0 -14.538
30.0 -13.17
30.0 -10.118
30.0 -6.618
30.0 -8.678
30.0 -11.234
30.0 -8.26
30.0 -9.362
30.0 -10.35
30.0 -11.664
30.0 -12.088
30.0 -11.846
30.0 -9.264
30.0 -10.334
30.0 -12.616
30.0 -13.472
30.0 -14.782
30.0 -15.726
30.0 -16.94
30.0 -12.172
30.0 -13.588
30.0 -10.058
30.0 -12.036
30.0 -12.212
30.0 -11.336
30.0 -10.954
30.0 -8.772
30.0 -11.05
30.0 -12.624
30.0 -12.538
30.0 -13.684
30.0 -12.402
30.0 -12.774
30.0 -13.27
30.0 -12.316
30.0 -11.556
30.0 -12.214
30.0 -12.31
30.0 -12.752
30.0 -9.656
30.0 -12.1
30.0 -14.304
30.0 -15.336
30.0 -13.896
30.0 -15.83
30.0 -16.558
30.0 -15.752
30.0 -12.968
30.0 -14.368
30.0 -13.714
30.0 -12.77
30.0 -9.06
30.0 -13.284
30.0 -9.444
30.0 -12.77
30.0 -13.246
30.0 -13.248
30.0 -13.29
30.0 -12.686
30.0 -14.578
30.0 -16.56
30.0 -16.392
30.0 -14.078
30.0 -12.576
30.0 -9.234
30.0 -11.428
30.0 -12.48
30.0 -13.158
30.0 -12.506
30.0 -11.31
30.0 -10.348
30.0 -12.596
30.0 -14.316
30.0 -15.496
30.0 -14.688
30.0 -16.354
30.0 -12.24
30.0 -12.578
30.0 -13.546
30.0 -15.338
30.0 -12.158
30.0 -12.094
30.0 -11.306
30.0 -11.232
30.0 -11.54
30.0 -14.506
30.0 -13.246
30.0 -11.256
30.0 -11.088
30.0 -11.83
30.0 -12.918
30.0 -12.944
30.0 -14.136
30.0 -15.146
30.0 -16.126
30.0 -17.576
30.0 -16.604
30.0 -14.482
30.0 -14.49
30.0 -15.044
30.0 -13.786
30.0 -15.12
30.0 -16.082
30.0 -14.194
30.0 -14.268
30.0 -14.912
30.0 -14.676
30.0 -10.92
30.0 -14.734
30.0 -15.366
30.0 -13.408
30.0 -10.986
30.0 -10.406
30.0 -13.224
30.0 -13.732
30.0 -10.702
30.0 -14.818
30.0 -12.538
30.0 -13.634
30.0 -12.972
30.0 -10.698
30.0 -12.578
30.0 -13.46
30.0 -13.618
30.0 -14.12
500
-34.5 -240.684
-30.5 -148.028
-8.0 -102.046
-5.5 -77.752
2.0 -63.906
5.0 -48.604
11.5 -40.198
11.5 -30.738
12.5 -25.72
17.5 -21.21
17.5 -20.398
17.5 -19.21
18.5 -18.046
18.5 -16.866
20.0 -18.452
20.5 -16.288
20.5 -10.738
21.0 -10.836
22.0 -8.2
22.0 -5.998
22.0 -7.392
22.0 -10.914
22.0 -13.522
22.0 -13.808
23.0 -13.478
23.0 -12.112
23.0 -11.85
23.0 -11.89
23.0 -10.604
23.0 -11.314
25.0 -10.68
25.0 -12.746
25.0 -10.146
25.0 -12.158
25.0 -13.434
25.0 -10.568
25.0 -14.47
25.0 -11.934
25.0 -11.278
25.0 -14.016
25.0 -10.922
25.0 -10.908
25.0 -12.636
25.0 -10.85
25.0 -12.172
25.0 -11.416
25.0 -14.482
25.0 -18.546
25.0 -15.274
25.0 -13.434
25.0 -12.41
25.0 -13.974
25.0 -9.478
26.0 -15.25
29.5 -11.98
29.5 -10.592
29.5 -11.994
29.5 -9.838
29.5 -12.118
29.5 -9.888
29.5 -12.632
29.5 -10.034
29.5 -8.236
29.5 -8.366
29.5 -12.166
29.5 -13.246
29.5 -12.068
29.5 -10.0
29.5 -8.892
29.5 -8.898
29.5 -11.624
29.5 -10.964
29.5 -12.252
29.5 -12.462
29.5 -15.864
29.5 -14.318
29.5 -12.95
29.5 -11.464
29.5 -10.316
29.5 -11.718
29.5 -11.818
29.5 -12.232
29.5 -8.982
29.5 -9.772
29.5 -14.054
29.5 -12.318
29.5 -12.146
29.5 -16.75
29.5 -12.306
29.5 -14.526
29.5 -14.422
29.5 -10.438
29.5 -12.512
29.5 -14.652
29.5 -12.64
29.5 -11.846
29.5 -11.476
29.5 -9.996
29.5 -8.412
29.5 -10.72
29.5 -12.242
29.5 -12.008
29.5 -11.03
29.5 -16.246
29.5 -13.226
29.5 -12.13
29.5 -10.22
29.5 -7.936
29.5 -10.61
29.5 -14.152
29.5 -11.342
29.5 -19.42
29.5 -13.26
29.5 -15.038
29.5 -12.334
29.5 -10.944
29.5 -14.878
29.5 -13.262
29.5 -12.168
29.5 -13.91
29.5 -17.156
29.5 -15.396
29.5 -12.984
29.5 -13.55
29.5 -14.608
29.5 -15.456
29.5 -13.522
29.5 -13.172
29.5 -14.804
29.5 -14.47
29.5 -15.27
29.5 -13.75
29.5 -13.51
29.5 -14.146
29.5 -15.428
29.5 -16.132
29.5 -15.534
29.5 -14.1
29.5 -16.074
29.5 -13.89
29.5 -16.262
29.5 -14.664
29.5 -17.342
29.5 -15.958
29.5 -13.662
29.5 -12.828
29.5 -12.05
29.5 -15.448
29.5 -15.132
29.5 -15.174
29.5 -18.058
29.5 -16.28
29.5 -12.344
29.5 -10.218
29.5 -13.044
29.5 -12.602
29.5 -13.386
29.5 -16.578
29.5 -14.522
29.5 -13.378
29.5 -14.504
29.5 -13.824
29.5 -16.574
29.5 -14.57
29.5 -13.018
29.5 -11.876
29.5 -14.45
29.5 -14.864
29.5 -14.92
29.5 -11.878
29.5 -13.034
29.5 -14.228
29.5 -12.828
29.5 -12.626
29.5 -12.7
29.5 -12.8
29.5 -12.668
29.5 -12.828
29.5 -14.742
29.5 -12.768
29.5 -11.682
29.5 -12.394
29.5 -13.782
29.5 -10.848
29.5 -11.33
29.5 -10.454
29.5 -9.29
29.5 -13.102
29.5 -11.62
29.5 -13.164
29.5 -12.916
29.5 -12.752
29.5 -14.74
29.5 -11.854
29.5 -15.812
29.5 -15.226
29.5 -13.65
29.5 -14.43
29.5 -15.184
29.5 -12.58
29.5 -13.878
29.5 -15.96
29.5 -13.914
29.5 -12.186
29.5 -14.19
29.5 -11.26
29.5 -12.608
29.5 -13.53
29.5 -13.728
29.5 -10.802
29.5 -11.034
29.5 -11.51
29.5 -11.474
29.5 -10.252
29.5 -11.368
29.5 -12.052
29.5 -14.772
29.5 -13.496
29.5 -14.764
29.5 -12.042
29.5 -9.988
29.5 -12.148
29.5 -12.144
29.5 -12.208
29.5 -10.226
29.5 -10.236
29.5 -7.61
29.5 -10.174
29.5 -10.538
29.5 -11.72
29.5 -15.182
29.5 -15.092
29.5 -16.5
29.5 -14.796
29.5 -15.35
29.5 -12.652
29.5 -13.638
29.5 -11.972
29.5 -10.758
29.5 -9.284
29.5 -11.336
29.5 -8.026
29.5 -8.664
29.5 -8.5
29.5 -10.78
29.5 -9.712
29.5 -7.402
29.5 -10.0
29.5 -8.628
29.5 -7.166
29.5 -7.314
29.5 -9.094
29.5 -11.266
29.5 -12.9
29.5 -13.236
29.5 -11.732
29.5 -12.396
29.5 -12.128
29.5 -11.594
29.5 -11.436
29.5 -10.854
29.5 -10.248
29.5 -10.31
29.5 -11.948
29.5 -8.984
29.5 -13.498
29.5 -10.438
29.5 -8.51
29.5 -9.97
29.5 -14.092
29.5 -14.35
29.5 -11.446
29.5 -17.016
29.5 -11.65
29.5 -10.944
29.5 -11.222
29.5 -13.938
29.5 -11.676
29.5 -12.45
29.5 -12.53
29.5 -13.868
29.5 -12.504
29.5 -10.986
29.5 -10.786
29.5 -12.068
29.5 -13.376
29.5 -12.086
29.5 -13.722
29.5 -13.752
29.5 -12.794
29.5 -12.38
29.5 -8.932
29.5 -12.622
29.5 -14.838
29.5 -12.988
29.5 -15.308
29.5 -15.92
29.5 -19.168
29.5 -13.79
29.5 -13.066
29.5 -12.178
29.5 -12.632
29.5 -12.658
29.5 -10.584
29.5 -11.32
29.5 -12.93
29.5 -14.366
29.5 -15.298
29.5 -14.82
29.5 -14.528
29.5 -13.772
29.5 -13.026
29.5 -10.776
29.5 -8.104
29.5 -7.944
29.5 -11.196
29.5 -11.16
29.5 -11.26
29.5 -12.63
29.5 -11.824
29.5 -10.612
29.5 -10.974
29.5 -13.5
29.5 -11.478
29.5 -11.126
29.5 -13.43
29.5 -17.924
29.5 -13.16
29.5 -14.672
29.5 -14.9
29.5 -13.518
29.5 -13.504
29.5 -12.834
29.5 -15.762
29.5 -15.27
29.5 -12.462
29.5 -11.176
29.5 -9.788
29.5 -12.35
29.5 -9.686
29.5 -12.058
29.5 -10.946
29.5 -12.414
29.5 -13.54
29.5 -15.622
29.5 -12.636
29.5 -12.308
29.5 -12.496
29.5 -13.522
29.5 -11.768
29.5 -11.354
29.5 -12.122
29.5 -12.902
29.5 -13.284
29.5 -11.778
29.5 -10.916
29.5 -13.246
29.5 -13.674
29.5 -11.742
29.5 -13.012
29.5 -13.042
29.5 -11.78
29.5 -12.504
29.5 -11.216
29.5 -12.552
29.5 -12.652
29.5 -13.706
29.5 -14.18
29.5 -14.236
29.5 -10.788
29.5 -16.156
29.5 -13.506
29.5 -13.566
29.5 -13.922
29.5 -11.94
29.5 -13.834
29.5 -12.012
29.5 -11.134
29.5 -13.216
29.5 -11.944
29.5 -12.31
29.5 -13.54
29.5 -13.686
29.5 -11.336
29.5 -12.538
29.5 -12.226
29.5 -12.628
29.5 -14.262
29.5 -13.046
29.5 -12.946
29.5 -12.096
29.5 -14.842
29.5 -11.91
29.5 -10.108
29.5 -13.164
29.5 -12.958
29.5 -11.604
29.5 -11.484
29.5 -10.104
29.5 -10.51
29.5 -13.138
29.5 -11.26
29.5 -12.732
29.5 -13.27
29.5 -12.308
29.5 -13.248
29.5 -11.052
29.5 -12.362
29.5 -11.736
29.5 -12.366
29.5 -9.896
29.5 -11.522
29.5 -13.518
29.5 -12.636
29.5 -12.58
29.5 -10.994
29.5 -14.72
29.5 -11.48
29.5 -10.422
29.5 -12.428
29.5 -13.348
29.5 -10.97
29.5 -10.356
29.5 -13.682
29.5 -13.854
29.5 -12.602
29.5 -10.828
29.5 -11.534
29.5 -13.68
29.5 -10.484
29.5 -12.984
29.5 -14.304
29.5 -12.274
29.5 -10.964
29.5 -15.166
29.5 -11.62
29.5 -12.178
29.5 -13.44
29.5 -13.622
29.5 -10.168
29.5 -12.23
29.5 -11.094
29.5 -11.158
29.5 -12.804
29.5 -10.208
29.5 -6.924
29.5 -11.222
29.5 -14.798
29.5 -11.994
29.5 -11.818
29.5 -14.638
29.5 -12.128
29.5 -12.36
29.5 -12.84
29.5 -10.926
29.5 -12.182
29.5 -13.246
29.5 -9.962
29.5 -11.34
29.5 -12.384
29.5 -14.112
29.5 -12.43
29.5 -15.124
29.5 -14.868
29.5 -13.446
29.5 -13.23
29.5 -13.42
29.5 -13.372
29.5 -12.578
29.5 -14.798
29.5 -12.566
29.5 -12.772
29.5 -13.718
29.5 -11.726
29.5 -12.158
29.5 -13.254
29.5 -13.472
29.5 -13.49
29.5 -15.392
29.5 -14.864
29.5 -12.17
29.5 -10.436
29.5 -12.39
29.5 -14.746
29.5 -14.692
29.5 -12.06
29.5 -13.376
29.5 -13.134
29.5 -11.848
29.5 -12.89
29.5 -14.786
29.5 -13.344
29.5 -14.39
29.5 -12.554
29.5 -11.062
29.5 -11.936
29.5 -10.474
29.5 -10.52
29.5 -11.092
29.5 -9.832
500
-57.0 -234.16
-44.0 -139.358
-24.0 -100.128
-4.5 -81.99
3.0 -67.266
3.0 -55.952
5.0 -41.61
10.5 -36.788
10.5 -34.93
11.5 -31.032
12.5 -28.722
12.5 -28.058
12.5 -23.532
14.5 -23.696
15.0 -23.466
15.0 -21.694
15.0 -17.156
18.0 -19.92
18.0 -15.748
19.0 -14.374
19.0 -13.154
19.0 -13.476
19.0 -13.854
20.0 -14.156
20.0 -11.454
21.0 -13.42
21.0 -15.34
21.0 -11.072
21.0 -10.954
22.0 -11.548
22.0 -10.032
22.0 -10.572
22.0 -10.324
22.0 -10.164
22.0 -7.81
22.5 -9.432
22.5 -10.972
22.5 -11.37
22.5 -9.192
24.0 -8.866
24.0 -9.952
24.0 -11.264
24.5 -12.202
25.5 -9.836
25.5 -8.998
25.5 -12.104
25.5 -9.658
25.5 -6.052
25.5 -9.876
25.5 -9.912
25.5 -8.83
25.5 -11.44
25.5 -9.23
25.5 -10.412
25.5 -8.554
25.5 -8.72
25.5 -8.538
25.5 -9.518
25.5 -9.932
25.5 -7.974
25.5 -5.86
25.5 -5.136
25.5 -8.256
25.5 -8.724
25.5 -8.556
25.5 -10.626
25.5 -10.516
25.5 -7.052
25.5 -8.32
25.5 -9.568
25.5 -8.204
25.5 -8.484
25.5 -7.928
25.5 -9.012
25.5 -10.418
25.5 -9.522
25.5 -9.388
25.5 -9.486
25.5 -8.716
25.5 -10.478
25.5 -12.122
25.5 -10.928
25.5 -11.668
25.5 -12.246
25.5 -12.706
25.5 -11.094
25.5 -11.21
25.5 -12.192
25.5 -11.61
25.5 -9.018
25.5 -13.18
25.5 -12.182
25.5 -11.906
25.5 -8.16
25.5 -7.932
25.5 -5.854
25.5 -9.518
25.5 -12.31
25.5 -11.85
25.5 -11.028
25.5 -14.126
25.5 -13.19
25.5 -13.28
25.5 -12.016
25.5 -13.32
25.5 -11.584
25.5 -9.234
25.5 -11.512
25.5 -10.24
25.5 -10.522
25.5 -11.134
25.5 -12.31
25.5 -11.14
25.5 -11.94
25.5 -13.66
25.5 -13.228
25.5 -11.564
25.5 -12.256
25.5 -10.558
25.5 -9.25
25.5 -11.214
25.5 -11.016
26.5 -7.864
26.5 -10.096
26.5 -9.016
26.5 -8.716
26.5 -9.244
26.5 -8.868
26.5 -10.466
26.5 -9.446
26.5 -12.5
26.5 -16.134
26.5 -11.954
26.5 -12.766
26.5 -14.482
26.5 -13.282
26.5 -10.194
26.5 -10.842
26.5 -9.97
26.5 -11.438
26.5 -11.932
26.5 -11.744
26.5 -10.768
26.5 -8.114
26.5 -7.112
26.5 -10.76
26.5 -9.704
26.5 -11.666
26.5 -10.922
26.5 -11.26
26.5 -10.764
26.5 -11.57
26.5 -14.78
26.5 -13.792
26.5 -11.504
26.5 -13.048
26.5 -12.668
26.5 -13.522
26.5 -14.722
26.5 -13.934
26.5 -14.79
26.5 -17.334
26.5 -19.526
26.5 -17.496
26.5 -15.856
26.5 -15.41
26.5 -16.354
26.5 -17.972
26.5 -14.76
26.5 -11.432
26.5 -12.658
26.5 -11.994
26.5 -14.108
26.5 -12.44
26.5 -11.75
26.5 -11.582
26.5 -12.18
26.5 -14.668
26.5 -16.728
26.5 -15.186
26.5 -14.68
26.5 -15.592
26.5 -16.516
26.5 -14.42
26.5 -12.016
26.5 -11.7
26.5 -15.836
26.5 -14.942
26.5 -19.198
26.5 -16.986
26.5 -13.876
26.5 -11.51
26.5 -15.328
26.5 -15.768
26.5 -16.158
26.5 -15.474
26.5 -10.406
26.5 -11.606
26.5 -11.38
26.5 -12.138
26.5 -12.64
26.5 -15.948
26.5 -15.87
26.5 -16.658
26.5 -12.744
26.5 -12.91
26.5 -14.906
26.5 -14.33
26.5 -12.272
26.5 -12.57
26.5 -12.422
26.5 -11.122
26.5 -11.696
26.5 -11.826
26.5 -12.908
26.5 -10.092
26.5 -9.714
26.5 -11.542
26.5 -13.696
26.5 -11.246
26.5 -12.774
26.5 -14.092
26.5 -15.474
26.5 -13.592
26.5 -12.706
26.5 -12.726
26.5 -10.246
26.5 -10.644
26.5 -12.438
26.5 -14.718
26.5 -13.126
26.5 -10.524
26.5 -13.2
26.5 -13.008
26.5 -13.942
26.5 -14.622
26.5 -14.19
26.5 -13.562
26.5 -11.38
26.5 -9.21
26.5 -13.93
26.5 -12.842
26.5 -10.648
26.5 -16.076
26.5 -11.888
26.5 -15.206
26.5 -15.51
26.5 -15.252
26.5 -13.318
28.0 -13.384
28.0 -11.354
28.0 -9.34
28.0 -8.798
28.0 -11.402
28.0 -9.076
28.0 -10.676
28.0 -13.422
28.0 -11.026
28.0 -11.456
28.0 -10.26
28.0 -12.07
28.0 -12.704
28.0 -12.338
28.0 -10.388
28.0 -9.65
28.0 -10.362
28.0 -11.18
28.0 -12.664
28.0 -13.84
28.0 -13.02
28.0 -13.146
28.0 -11.404
28.0 -8.618
28.0 -9.558
28.0 -13.626
28.0 -12.752
28.0 -11.914
28.0 -10.968
28.0 -11.998
28.0 -15.608
28.0 -16.818
28.0 -12.232
28.0 -12.23
28.0 -12.568
28.0 -13.768
28.0 -15.872
28.0 -12.224
28.0 -11.672
28.0 -13.706
28.0 -12.636
28.0 -13.86
28.0 -10.474
28.0 -12.734
28.0 -11.056
28.0 -11.164
28.0 -13.428
28.0 -11.78
28.0 -11.986
28.0 -10.346
28.0 -14.53
28.0 -11.59
28.0 -9.784
28.0 -9.114
28.0 -8.898
28.0 -12.552
28.0 -10.6
28.0 -12.484
28.0 -9.41
28.0 -10.056
28.0 -11.15
28.0 -8.836
28.0 -9.976
28.0 -9.9
28.0 -10.8
28.0 -12.586
28.0 -14.056
28.0 -13.748
28.0 -13.878
28.0 -12.852
28.0 -9.598
28.0 -8.316
28.0 -9.62
28.0 -11.058
28.0 -10.342
28.0 -12.102
28.0 -11.04
28.0 -12.18
28.0 -9.752
28.0 -10.948
28.0 -12.418
28.0 -12.748
28.0 -12.166
28.0 -13.012
28.0 -11.282
28.0 -11.616
28.0 -11.696
28.0 -12.566
28.0 -13.828
28.0 -12.074
28.0 -15.498
28.0 -11.146
28.0 -8.656
28.0 -9.146
28.0 -10.688
28.0 -9.392
28.0 -11.856
28.0 -12.53
28.0 -13.624
28.0 -17.59
28.0 -14.122
28.0 -11.648
28.0 -12.76
28.0 -12.104
28.0 -10.3
28.0 -12.172
28.0 -12.648
28.0 -12.13
28.0 -9.658
28.0 -9.146
28.0 -11.06
28.0 -13.192
28.0 -17.396
28.0 -16.27
28.0 -13.1
28.0 -16.224
28.0 -13.164
28.0 -10.546
28.0 -8.338
28.0 -9.146
28.0 -9.922
28.0 -9.886
28.0 -12.316
28.0 -11.954
28.0 -11.556
28.0 -11.736
28.0 -10.794
28.0 -12.366
28.0 -9.704
28.0 -12.512
28.0 -10.072
28.0 -9.442
28.0 -12.708
28.0 -9.86
28.0 -7.224
28.0 -10.222
28.0 -9.508
28.0 -10.814
28.0 -12.594
28.0 -10.596
28.0 -10.238
28.0 -7.752
28.0 -8.21
28.0 -11.478
28.0 -11.662
28.0 -10.678
28.0 -6.742
28.0 -8.282
28.0 -9.954
28.0 -10.558
28.0 -10.9
28.0 -6.802
28.0 -8.092
28.0 -10.004
28.0 -11.01
28.0 -9.968
28.0 -9.49
28.0 -10.848
28.0 -11.638
28.0 -8.836
28.0 -9.844
28.0 -10.906
28.0 -9.97
28.0 -11.476
28.0 -13.074
28.0 -12.092
28.0 -11.136
28.0 -11.558
28.0 -12.17
28.0 -10.294
28.0 -8.096
28.0 -8.11
28.0 -9.752
28.0 -10.334
28.0 -11.28
28.0 -10.526
28.0 -11.112
28.0 -11.448
28.0 -13.428
28.0 -12.958
28.0 -11.152
28.0 -10.15
28.0 -12.062
28.0 -12.614
28.0 -13.042
28.0 -11.98
28.0 -10.19
28.0 -10.266
28.0 -9.71
28.0 -10.344
28.0 -11.81
28.0 -11.86
28.0 -10.076
28.0 -11.122
28.0 -9.6
28.0 -10.632
28.0 -10.316
28.0 -12.11
28.0 -13.268
28.0 -12.01
28.0 -10.752
28.0 -7.594
28.0 -9.86
28.0 -11.274
28.0 -9.072
28.0 -7.128
28.0 -10.644
28.0 -13.432
28.0 -14.578
28.0 -11.776
28.0 -9.838
28.0 -10.99
28.0 -13.028
28.0 -9.562
28.0 -10.348
28.0 -11.554
28.0 -10.878
28.0 -8.082
28.0 -8.344
28.0 -12.692
28.0 -10.598
28.0 -12.992
28.0 -13.27
28.0 -13.262
28.0 -11.814
28.0 -11.698
28.0 -10.894
28.0 -9.28
28.0 -9.63
28.0 -12.612
28.0 -10.328
28.0 -10.708
28.0 -12.066
28.0 -12.358
28.0 -11.436
28.0 -13.846
28.0 -11.572
28.0 -12.492
28.0 -12.754
28.0 -9.784
28.0 -11.162
28.0 -14.492
28.0 -12.552
28.0 -11.732
28.0 -11.132
28.0 -7.118
28.0 -7.194
28.0 -10.538
28.0 -11.896
28.0 -10.52
28.0 -7.892

Individual: [4, 5, 11, 12, 13, 17, 26, 27, 31, 32, 33, 44, 64, 65, 67, 73, 79, 88, 89, 91, 92, 98, 100]
   Fitness: 28.5
     Total: 23
Violations: 6 6

Individual: [5, 7, 11, 12, 19, 25, 28, 29, 34, 48, 55, 58, 65, 66, 70, 71, 81, 83, 88, 90, 93, 94, 100]
   Fitness: 26.5
     Total: 23
Violations: 8 8

Individual: [1, 9, 11, 12, 13, 15, 16, 26, 27, 28, 34, 35, 64, 68, 69, 71, 75, 77, 88, 89, 91, 92, 95, 99, 100]
   Fitness: 27.5
     Total: 25
Violations: 10 9

Individual: [3, 4, 9, 12, 13, 16, 18, 22, 25, 29, 34, 62, 63, 66, 67, 73, 75, 79, 82, 86, 87, 89, 94, 96]
   Fitness: 28.0
     Total: 24
Violations: 8 8

Individual: [3, 6, 17, 19, 20, 22, 36, 44, 45, 48, 57, 61, 73, 75, 81, 82, 84, 91, 92, 96, 97, 99]
   Fitness: 27.0
     Total: 22
Violations: 6 4

Individual: [2, 3, 8, 10, 12, 15, 16, 25, 27, 30, 31, 34, 36, 66, 68, 72, 75, 76, 78, 79, 83, 85, 93, 97, 99]
   Fitness: 27.5
     Total: 25
Violations: 10 9

Individual: [1, 7, 8, 10, 11, 20, 22, 23, 25, 27, 28, 32, 38, 65, 70, 76, 77, 79, 83, 86, 91, 95, 97, 98, 100]
   Fitness: 29.5
     Total: 25
Violations: 8 7

Individual: [2, 3, 5, 9, 11, 14, 22, 24, 27, 28, 31, 61, 62, 67, 70, 71, 77, 79, 82, 89, 95, 99]
   Fitness: 30.0
     Total: 22
Violations: 3 3

Individual: [2, 3, 10, 12, 18, 20, 23, 25, 29, 31, 35, 61, 64, 66, 69, 70, 72, 73, 75, 88, 89, 90, 91, 98, 100]
   Fitness: 29.5
     Total: 25
Violations: 8 8

Individual: [1, 7, 10, 11, 28, 30, 32, 33, 35, 39, 41, 76, 78, 79, 83, 84, 85, 87, 93, 96, 97, 100]
   Fitness: 28.0
     Total: 22
Violations: 5 5
