10
50
-52.0 -235.51
-43.0 -202.935
-15.0 -201.701
-15.0 -186.244
-15.0 -192.654
-15.0 -198.379
-15.0 -192.98
-15.0 -184.51
-7.0 -189.438
-7.0 -178.26
-7.0 -176.63
-7.0 -179.463
-7.0 -189.777
-7.0 -184.444
-7.0 -176.334
-7.0 -198.081
-7.0 -181.719
-7.0 -183.236
-7.0 -186.733
-7.0 -189.612
-7.0 -186.291
-7.0 -177.991
-7.0 -180.087
-7.0 -180.247
-4.5 -190.524
-4.5 -185.258
-4.5 -177.349
-4.5 -179.474
-4.5 -171.835
-4.5 -180.563
-4.5 -195.39
-0.5 -177.283
-0.5 -173.569
-0.5 -169.965
-0.5 -173.836
-0.5 -178.994
-0.5 -192.591
-0.5 -181.632
-0.5 -166.78
-0.5 -181.968
-0.5 -191.4
-0.5 -180.579
-0.5 -179.414
-0.5 -168.205
-0.5 -181.185
0.0 -180.789
0.0 -183.901
0.0 -183.44
0.0 -180.989
0.0 -183.701
50
-11.0 -231.379
-11.0 -193.511
-11.0 -203.289
-11.0 -179.781
-11.0 -186.491
-11.0 -188.949
-11.0 -192.01
-11.0 -191.901
-11.0 -180.496
-11.0 -197.59
-11.0 -187.282
-11.0 -176.929
-11.0 -185.753
-11.0 -171.947
-11.0 -179.611
-9.0 -187.929
-4.0 -192.367
-4.0 -172.81
-4.0 -182.185
-4.0 -176.676
-4.0 -199.142
-4.0 -180.368
-4.0 -179.791
-4.0 -172.123
-4.0 -183.137
-4.0 -169.985
-4.0 -187.348
-2.0 -174.278
-2.0 -185.237
-2.0 -177.3
-2.0 -196.048
-2.0 -179.295
-2.0 -181.55
-2.0 -190.881
-2.0 -182.836
-2.0 -177.506
-2.0 -185.159
-2.0 -190.485
-2.0 -178.574
-2.0 -184.307
-2.0 -191.928
-2.0 -177.361
-2.0 -177.796
-2.0 -176.122
-2.0 -184.077
-2.0 -173.392
-2.0 -186.95
-2.0 -180.065
-2.0 -183.792
-2.0 -183.285
50
-37.0 -235.512
-37.0 -192.489
-19.0 -190.923
-19.0 -183.345
-19.0 -186.632
-19.0 -186.365
-11.5 -180.791
-11.5 -186.266
-11.5 -180.708
-11.5 -188.28
-11.5 -181.113
-11.5 -184.96
-11.5 -188.992
-11.5 -185.173
-11.5 -182.88
-11.5 -180.748
-11.5 -182.274
-11.5 -166.433
-11.5 -188.868
-11.5 -188.026
-10.5 -181.465
-3.5 -178.801
-3.5 -182.546
-3.5 -189.876
-3.5 -181.975
-3.5 -186.545
0.5 -181.189
0.5 -166.492
10.0 -165.946
10.0 -177.161
10.0 -176.444
10.0 -186.683
10.0 -170.43
10.0 -163.181
10.0 -172.741
10.0 -180.464
10.0 -172.479
10.0 -162.875
10.0 -191.867
10.0 -170.018
10.0 -176.198
10.0 -174.334
10.0 -184.21
10.0 -198.736
10.0 -168.582
10.0 -169.544
10.0 -188.831
10.0 -193.379
10.0 -180.491
10.0 -168.166
50
-59.5 -228.817
-37.0 -200.934
-14.5 -193.25
-14.5 -174.262
-14.5 -169.524
-14.5 -196.196
-14.5 -202.925
-14.5 -189.007
-14.5 -191.72
-14.5 -183.666
-14.5 -162.344
-14.5 -203.082
-14.5 -184.382
-14.5 -190.43
-14.5 -176.334
-14.5 -177.018
-14.5 -186.885
-14.5 -181.759
-14.5 -178.199
-14.5 -185.35
-14.5 -186.949
-14.5 -186.077
-14.5 -192.489
-14.5 -176.486
-14.5 -161.633
-14.5 -204.381
-14.0 -187.547
-14.0 -180.884
-14.0 -182.561
-9.5 -185.603
-9.5 -189.498
-5.0 -181.798
-5.0 -172.191
-5.0 -176.133
-5.0 -170.303
-5.0 -179.213
-5.0 -167.541
-5.0 -173.656
-5.0 -190.741
-5.0 -183.971
-5.0 -185.616
-5.0 -177.285
-5.0 -170.79
-5.0 -189.537
-5.0 -168.325
-5.0 -184.996
-5.0 -178.922
-5.0 -176.195
-5.0 -187.684
-5.0 -186.44
50
-32.0 -235.616
-32.0 -198.613
-32.0 -185.319
-32.0 -182.585
-32.0 -174.257
-10.5 -186.655
-10.5 -171.71
-10.5 -182.769
-10.5 -177.196
-10.5 -188.97
-10.5 -188.074
-10.5 -179.319
3.0 -189.691
3.0 -183.033
3.0 -184.834
3.0 -179.472
3.0 -175.012
3.0 -180.381
3.0 -181.269
3.0 -190.987
3.0 -194.721
3.0 -176.831
3.0 -179.612
3.0 -194.543
3.0 -182.886
3.0 -175.076
3.0 -184.192
3.0 -178.352
3.0 -173.105
3.0 -198.96
3.0 -172.129
3.0 -177.921
3.0 -176.425
3.0 -170.856
3.0 -183.708
3.0 -185.862
5.5 -176.339
5.5 -165.381
5.5 -182.123
5.5 -183.305
5.5 -186.796
5.5 -176.784
5.5 -180.707
5.5 -175.193
5.5 -186.426
5.5 -189.539
5.5 -174.032
5.5 -173.116
5.5 -178.621
5.5 -176.57
50
-52.5 -229.61
-39.0 -180.068
-39.0 -177.01
-31.5 -191.706
-15.0 -182.418
-15.0 -181.158
-15.0 -183.432
-15.0 -170.555
-15.0 -184.643
-15.0 -183.839
-15.0 -182.715
-15.0 -181.623
-15.0 -196.801
-12.0 -185.261
-12.0 -177.594
-12.0 -185.91
-12.0 -183.405
-12.0 -183.437
-12.0 -177.174
-12.0 -193.855
-12.0 -177.534
-12.0 -178.942
-8.5 -186.711
-8.5 -177.832
-8.5 -177.36
-8.5 -178.592
-8.5 -169.993
-8.5 -180.948
-8.5 -187.255
-8.5 -183.8
-8.5 -188.738
-8.5 -188.474
-8.5 -168.672
-8.5 -185.812
-8.5 -185.16
-8.5 -181.292
-8.5 -177.417
-8.5 -178.066
-8.5 -191.776
5.5 -184.239
5.5 -167.569
5.5 -153.676
5.5 -177.238
5.5 -174.349
5.5 -173.034
5.5 -181.791
5.5 -182.6
5.5 -177.158
5.5 -190.944
5.5 -181.224
50
-16.5 -238.441
-16.5 -194.133
-16.5 -180.965
-16.5 -182.076
-12.0 -192.981
-12.0 -189.336
-12.0 -180.684
-12.0 -182.085
-12.0 -182.284
-12.0 -181.308
-12.0 -197.903
-12.0 -183.772
-12.0 -194.14
-12.0 -192.477
-12.0 -176.068
-12.0 -188.242
-12.0 -172.585
-12.0 -189.922
-12.0 -182.332
-12.0 -175.563
-3.0 -180.547
-3.0 -177.139
-3.0 -189.349
-3.0 -175.18
-3.0 -174.415
-3.0 -172.398
1.5 -178.538
1.5 -182.291
1.5 -185.133
1.5 -173.719
1.5 -184.206
1.5 -190.473
1.5 -183.681
1.5 -175.85
1.5 -188.176
1.5 -182.37
1.5 -181.995
1.5 -187.117
1.5 -179.66
1.5 -195.499
1.5 -172.365
1.5 -173.188
1.5 -190.847
1.5 -179.942
1.5 -168.005
1.5 -170.787
1.5 -173.149
1.5 -184.77
1.5 -181.036
1.5 -184.973
50
-58.5 -230.574
-43.0 -191.967
-26.0 -203.036
-8.0 -201.821
-8.0 -182.957
-3.0 -192.841
-3.0 -189.576
-3.0 -189.516
-3.0 -186.5
-3.0 -185.369
-3.0 -183.461
-3.0 -193.85
-3.0 -179.495
-3.0 -189.564
-3.0 -186.456
11.0 -189.821
11.0 -194.672
11.0 -191.121
11.0 -180.764
11.0 -187.169
11.0 -181.48
11.0 -184.379
11.0 -194.909
11.0 -177.002
11.0 -189.481
11.0 -188.715
11.0 -186.14
11.0 -177.775
11.0 -186.974
11.0 -176.676
11.0 -184.337
11.0 -193.161
11.0 -181.669
11.0 -179.89
11.0 -178.592
11.0 -181.322
11.0 -182.119
11.0 -174.436
11.0 -183.375
11.0 -182.936
11.0 -194.233
11.0 -172.221
11.0 -177.451
11.0 -179.119
11.0 -177.575
11.0 -176.143
11.0 -189.809
11.0 -186.897
11.0 -178.722
11.0 -181.681
50
-55.5 -225.819
-51.5 -188.255
-43.5 -200.231
-13.5 -182.227
-13.5 -201.688
-13.5 -190.711
-13.5 -182.069
-13.5 -172.242
-13.5 -177.451
-13.5 -196.962
-13.5 -177.637
-13.5 -188.969
-13.5 -175.312
-13.5 -185.433
-13.5 -196.708
-13.5 -198.836
-13.5 -173.636
-13.5 -192.921
-13.5 -171.542
-13.5 -186.862
-11.0 -194.706
-6.5 -170.205
-6.5 -193.496
-6.5 -175.695
-6.5 -173.515
-6.5 -184.066
-6.5 -178.172
-6.5 -183.109
-6.5 -190.102
-6.5 -179.714
-6.5 -182.196
-6.5 -175.261
-6.5 -181.232
-6.5 -182.813
-6.5 -174.809
-6.5 -170.514
-6.5 -161.045
-6.5 -183.905
-6.5 -179.827
-6.5 -178.514
0.5 -181.629
0.5 -174.728
0.5 -173.804
0.5 -171.785
0.5 -173.744
0.5 -178.955
0.5 -186.938
0.5 -193.255
0.5 -185.557
0.5 -175.214
50
-66.0 -226.988
-34.5 -192.319
-34.5 -199.273
-34.5 -190.607
-28.5 -197.354
-28.5 -198.747
-28.5 -172.564
-22.0 -187.331
-10.0 -193.002
-10.0 -170.507
-10.0 -179.607
-10.0 -183.534
-10.0 -173.93
-10.0 -167.963
-10.0 -181.178
-10.0 -196.393
-10.0 -179.877
-4.5 -188.968
-4.5 -175.883
-4.5 -176.846
-4.5 -198.293
-4.5 -175.298
-4.5 -176.706
-4.5 -190.217
-4.5 -180.7
-4.5 -174.528
-4.5 -185.654
-4.5 -180.115
-4.5 -179.22
-4.5 -194.216
-4.5 -182.732
-4.5 -184.246
-4.5 -173.597
-4.5 -176.464
-4.5 -176.63
-4.5 -191.382
-4.5 -179.978
-4.5 -179.366
-4.5 -187.629
-4.5 -175.421
-4.5 -179.577
-4.5 -178.494
-4.5 -176.862
-4.5 -167.801
-4.5 -205.468
-4.5 -179.821
-4.5 -178.638
-4.5 -192.709
-4.5 -183.807
-4.5 -183.857

Individual: [1, 2, 6, 9, 12, 14, 18, 21, 24, 29, 31, 39, 43, 46, 48, 54, 57, 58, 59, 62, 66, 78, 79, 81, 84, 85, 96, 97]
   Fitness: 0.0
     Total: 28
Violations: 42 20

Individual: [3, 5, 9, 10, 11, 19, 20, 21, 22, 28, 30, 33, 39, 48, 50, 58, 61, 68, 70, 74, 82, 83, 84, 85, 87, 95, 96, 100]
   Fitness: -2.0
     Total: 28
Violations: 44 20

Individual: [1, 6, 7, 12, 13, 14, 15, 20, 25, 34, 37, 42, 50, 54, 56, 69, 73, 76, 78, 82, 84, 88, 89, 90, 93, 97]
   Fitness: 10.0
     Total: 26
Violations: 29 17

Individual: [2, 4, 5, 6, 11, 12, 14, 15, 17, 34, 37, 46, 50, 51, 61, 65, 67, 70, 71, 72, 73, 75, 81, 82, 84, 86, 94, 96, 97, 98]
   Fitness: -3.0
     Total: 30
Violations: 48 22

Individual: [1, 3, 5, 6, 10, 13, 17, 20, 27, 36, 39, 40, 43, 45, 46, 47, 53, 55, 60, 62, 66, 83, 85, 92, 94, 97, 98, 99, 100]
   Fitness: 5.5
     Total: 29
Violations: 38 21

Individual: [4, 6, 9, 15, 16, 24, 27, 35, 37, 41, 42, 44, 45, 50, 51, 56, 64, 70, 72, 73, 83, 84, 93, 95, 100]
   Fitness: 5.5
     Total: 25
Violations: 32 17

Individual: [1, 2, 4, 15, 18, 19, 23, 28, 31, 33, 34, 42, 44, 50, 69, 70, 74, 77, 79, 81, 85, 89, 90, 91, 92, 94, 95, 98, 100]
   Fitness: 1.5
     Total: 29
Violations: 42 22

Individual: [1, 2, 3, 4, 5, 9, 10, 15, 16, 19, 20, 36, 45, 47, 51, 58, 61, 67, 68, 76, 79, 88, 89, 94, 96, 99]
   Fitness: 11.0
     Total: 26
Violations: 28 19

Individual: [1, 3, 4, 9, 14, 15, 18, 24, 25, 28, 30, 31, 32, 36, 54, 56, 57, 61, 68, 70, 71, 73, 86, 90, 91, 93, 94, 96, 100]
   Fitness: 0.5
     Total: 29
Violations: 43 21

Individual: [1, 3, 6, 7, 12, 21, 25, 27, 31, 35, 36, 37, 38, 43, 46, 49, 53, 54, 58, 68, 69, 71, 77, 84, 88, 93, 94, 95, 97]
   Fitness: -4.5
     Total: 29
Violations: 48 21
