10
100
-72.5 -222.03
-54.5 -154.98
-39.0 -114.765
-14.0 -98.21
4.5 -84.97
4.5 -74.13
4.5 -71.68
4.5 -60.15
9.0 -55.035
12.5 -46.885
13.5 -47.29
13.5 -36.535
18.0 -32.1
18.0 -64.955
18.0 -37.685
18.0 -44.435
18.0 -34.435
18.0 -43.11
18.0 -35.005
18.0 -40.61
18.0 -39.65
18.0 -42.285
18.0 -47.245
18.0 -45.015
18.0 -48.525
18.0 -30.89
18.0 -29.145
18.0 -40.49
18.0 -35.17
18.0 -28.065
18.0 -36.635
18.0 -39.475
18.0 -42.465
18.0 -40.885
18.0 -34.48
18.0 -48.875
18.0 -44.875
18.0 -42.535
18.0 -39.985
19.0 -38.06
19.0 -34.935
19.0 -38.035
19.0 -32.99
19.0 -34.63
19.0 -29.935
19.0 -27.245
19.0 -27.91
19.0 -29.875
19.0 -46.92
19.0 -38.465
19.0 -34.65
19.0 -32.93
19.0 -39.465
19.0 -36.89
19.0 -43.765
19.0 -35.89
19.0 -40.075
19.0 -29.17
19.0 -32.995
19.0 -32.65
19.0 -35.505
19.0 -40.43
19.0 -36.2
19.0 -35.025
19.0 -35.825
19.0 -26.38
19.0 -29.695
19.0 -30.72
19.0 -29.005
19.0 -29.92
19.0 -31.1
19.5 -40.035
19.5 -47.15
19.5 -41.93
19.5 -54.31
19.5 -39.07
19.5 -43.545
21.0 -46.575
21.0 -36.61
21.0 -34.57
21.0 -33.985
21.0 -41.5
21.0 -43.92
21.0 -32.35
21.0 -33.58
21.0 -30.16
21.0 -35.275
21.0 -37.11
21.0 -26.295
21.0 -42.55
21.0 -44.415
21.0 -59.0
21.0 -43.11
21.0 -47.695
21.0 -37.73
21.0 -51.405
21.0 -44.64
21.0 -37.525
21.0 -50.825
21.0 -36.32
100
-64.5 -217.845
-64.5 -156.83
-44.0 -135.22
-25.5 -121.9
-12.0 -95.895
-2.5 -90.42
-2.5 -66.055
0.5 -71.675
3.5 -55.54
4.5 -64.11
8.5 -52.28
10.0 -55.855
12.0 -53.12
12.0 -53.915
12.0 -45.67
12.0 -58.14
12.5 -49.255
12.5 -51.095
12.5 -39.125
16.0 -33.73
17.0 -34.6
20.0 -32.135
20.0 -34.595
20.0 -34.495
20.0 -28.73
20.0 -22.91
20.0 -22.46
20.0 -27.215
20.0 -27.25
20.0 -23.285
20.0 -28.46
20.0 -32.315
21.5 -29.51
21.5 -23.96
21.5 -47.04
21.5 -36.805
21.5 -36.64
21.5 -30.155
21.5 -34.675
21.5 -26.36
21.5 -27.025
21.5 -20.97
21.5 -40.92
21.5 -32.095
21.5 -28.62
21.5 -21.615
21.5 -32.64
21.5 -35.155
21.5 -32.65
21.5 -25.78
21.5 -29.97
21.5 -33.67
21.5 -33.695
21.5 -31.905
21.5 -40.13
21.5 -35.92
21.5 -36.9
21.5 -34.455
21.5 -29.645
21.5 -41.435
21.5 -39.935
21.5 -43.625
21.5 -41.405
21.5 -38.545
21.5 -31.525
21.5 -46.33
21.5 -43.33
21.5 -31.17
21.5 -27.525
21.5 -35.745
21.5 -35.94
21.5 -39.915
21.5 -50.3
21.5 -34.055
21.5 -45.84
21.5 -32.015
21.5 -30.23
21.5 -28.835
22.0 -21.505
22.0 -21.38
22.0 -29.89
22.0 -50.505
22.0 -31.575
22.0 -37.955
22.0 -30.93
22.0 -39.775
22.0 -50.495
22.0 -45.075
22.0 -44.435
22.0 -29.505
22.0 -34.385
22.0 -32.66
22.0 -26.115
22.0 -22.27
22.0 -29.94
22.0 -30.775
22.0 -21.165
22.0 -25.83
23.0 -27.265
23.0 -41.585
100
-63.0 -240.115
-56.5 -179.14
-25.0 -137.995
-22.5 -110.94
-22.5 -97.015
-15.5 -79.085
-11.5 -78.105
-0.5 -67.32
-0.5 -70.52
6.0 -56.96
6.0 -51.19
13.5 -46.815
13.5 -47.53
13.5 -71.905
13.5 -64.635
13.5 -64.13
13.5 -55.09
13.5 -40.585
13.5 -41.57
13.5 -43.645
13.5 -42.53
13.5 -63.215
13.5 -46.855
13.5 -42.98
14.5 -36.705
14.5 -48.375
15.5 -39.665
15.5 -43.04
15.5 -51.92
15.5 -39.3
15.5 -36.09
15.5 -41.295
15.5 -42.36
16.5 -34.995
16.5 -46.67
16.5 -39.315
16.5 -41.94
16.5 -46.69
16.5 -38.975
16.5 -45.81
16.5 -51.06
16.5 -55.145
16.5 -42.32
16.5 -39.725
16.5 -34.035
16.5 -55.83
18.0 -44.91
18.0 -41.785
20.0 -33.06
20.0 -43.05
20.0 -33.185
20.0 -36.63
20.0 -32.78
20.0 -28.875
20.0 -40.575
20.0 -40.775
22.0 -29.195
22.0 -28.53
22.0 -24.37
22.0 -30.645
22.0 -50.005
22.0 -37.635
22.0 -24.82
22.0 -34.655
22.0 -30.175
22.0 -47.175
22.0 -34.105
22.0 -30.49
22.0 -31.11
22.0 -40.705
22.0 -43.1
22.0 -42.755
22.0 -27.845
22.0 -26.945
22.0 -38.655
22.0 -41.925
22.0 -32.89
22.0 -51.185
22.0 -49.715
22.0 -36.48
22.0 -39.75
22.0 -34.875
22.0 -24.935
22.0 -43.055
22.0 -32.575
22.0 -42.575
22.5 -41.47
22.5 -30.17
22.5 -39.885
22.5 -46.375
22.5 -47.805
22.5 -33.055
22.5 -34.06
22.5 -45.32
22.5 -40.82
22.5 -32.825
22.5 -38.025
22.5 -43.755
22.5 -41.275
22.5 -29.995
100
-43.0 -233.715
-40.5 -166.04
-36.5 -131.715
-30.5 -133.635
-17.5 -100.42
-17.5 -83.45
-10.5 -79.565
-7.5 -73.2
2.5 -66.32
9.5 -55.88
9.5 -58.735
9.5 -41.795
9.5 -46.92
13.5 -50.4
14.0 -47.74
14.5 -40.835
14.5 -39.785
14.5 -37.425
14.5 -46.665
14.5 -34.955
15.5 -41.97
15.5 -31.99
15.5 -44.41
15.5 -43.265
15.5 -43.4
15.5 -54.83
15.5 -40.265
15.5 -44.41
15.5 -45.43
15.5 -48.77
15.5 -51.48
15.5 -34.515
15.5 -37.065
15.5 -40.035
15.5 -36.98
15.5 -46.97
15.5 -67.3
15.5 -37.79
15.5 -45.535
15.5 -39.15
15.5 -40.895
17.5 -44.22
17.5 -33.575
20.5 -34.69
20.5 -42.235
20.5 -34.06
20.5 -34.94
20.5 -42.795
20.5 -44.155
20.5 -33.855
20.5 -40.535
20.5 -47.02
20.5 -42.195
21.5 -42.345
21.5 -44.86
21.5 -37.625
21.5 -39.695
21.5 -52.805
21.5 -41.175
22.5 -54.19
22.5 -35.44
22.5 -28.675
22.5 -34.94
22.5 -48.6
22.5 -35.05
22.5 -35.935
22.5 -40.26
22.5 -45.705
22.5 -42.095
22.5 -49.715
22.5 -43.635
22.5 -38.03
22.5 -44.93
22.5 -39.22
22.5 -39.535
22.5 -40.97
22.5 -32.815
22.5 -38.365
22.5 -40.035
22.5 -45.5
22.5 -42.81
22.5 -41.705
22.5 -37.015
22.5 -45.56
22.5 -42.285
22.5 -36.135
22.5 -32.305
22.5 -44.825
22.5 -45.495
22.5 -37.685
22.5 -29.355
22.5 -31.2
22.5 -35.11
22.5 -63.355
22.5 -29.805
22.5 -39.775
22.5 -33.79
22.5 -41.88
22.5 -30.07
22.5 -32.73
100
-76.0 -242.485
-40.0 -169.26
-21.0 -120.49
-6.5 -97.28
-6.5 -71.55
-6.5 -71.055
5.5 -64.49
5.5 -61.215
9.0 -56.48
9.0 -56.325
9.0 -59.48
9.5 -51.39
13.0 -42.09
13.0 -45.34
13.0 -44.195
13.0 -49.705
13.0 -41.285
13.0 -47.625
13.0 -35.84
13.0 -42.155
13.0 -39.725
13.0 -35.755
13.0 -53.46
13.0 -41.27
14.0 -34.35
14.0 -29.41
14.0 -30.84
14.0 -29.53
17.0 -34.825
17.0 -35.775
17.0 -47.025
17.0 -53.835
17.0 -39.63
17.0 -45.26
17.0 -33.64
17.0 -41.455
17.0 -32.94
17.0 -33.175
17.0 -52.0
17.0 -37.365
17.0 -36.63
17.5 -41.035
17.5 -31.835
17.5 -39.465
17.5 -44.735
17.5 -35.615
17.5 -33.295
17.5 -32.59
17.5 -38.3
20.0 -29.11
20.0 -31.705
20.0 -37.28
20.0 -35.08
20.0 -37.385
20.0 -32.645
20.0 -32.905
20.0 -38.71
20.0 -41.89
20.0 -30.33
20.0 -39.25
20.0 -44.69
20.0 -33.89
20.0 -32.755
20.0 -29.425
20.0 -33.74
20.0 -33.075
20.0 -32.26
20.0 -29.57
20.0 -50.65
20.0 -36.725
20.0 -35.785
20.0 -29.395
20.0 -35.675
20.0 -28.545
20.0 -32.14
20.0 -42.665
20.0 -33.455
20.0 -32.275
20.0 -35.545
20.0 -36.48
20.0 -55.46
20.0 -43.285
20.0 -37.34
20.0 -30.38
20.0 -39.52
20.0 -38.205
20.0 -34.185
20.0 -43.41
20.0 -29.945
20.0 -53.79
20.0 -40.24
20.0 -43.74
20.0 -39.495
20.0 -37.685
20.0 -36.45
20.0 -37.96
20.0 -34.03
20.0 -31.395
20.0 -38.19
20.0 -45.64
100
-46.0 -242.145
-33.0 -145.77
-23.5 -125.29
-12.0 -100.315
-12.0 -70.65
-8.0 -65.08
0.0 -68.945
8.5 -59.475
8.5 -63.47
8.5 -56.99
8.5 -42.83
8.5 -52.625
16.5 -47.585
17.0 -31.66
17.0 -31.12
17.0 -30.335
22.0 -37.405
22.0 -34.38
22.0 -38.93
22.0 -43.11
22.0 -50.435
22.0 -47.99
22.0 -43.895
22.0 -32.965
22.0 -49.665
22.0 -42.25
22.0 -37.115
22.0 -44.625
22.0 -62.3
22.0 -32.85
22.0 -32.7
22.0 -35.8
22.0 -31.7
22.0 -38.515
22.0 -40.625
22.0 -32.755
22.0 -39.03
22.0 -34.02
22.0 -41.035
22.0 -43.03
22.0 -49.16
22.0 -48.845
22.0 -32.43
22.0 -31.76
22.0 -31.195
22.0 -33.02
22.0 -31.97
22.0 -29.46
22.0 -29.51
22.0 -52.97
22.0 -34.295
22.0 -42.645
22.0 -35.97
22.0 -40.875
22.0 -37.81
22.0 -30.335
22.0 -41.26
22.0 -45.795
22.0 -35.33
22.0 -29.125
22.0 -56.25
22.0 -45.655
22.0 -31.23
22.0 -28.47
22.0 -30.27
22.0 -35.13
22.0 -37.51
22.0 -35.505
22.0 -43.19
22.0 -38.705
22.0 -40.785
22.0 -44.115
22.0 -37.795
22.0 -46.73
22.0 -33.535
22.0 -30.62
22.0 -36.615
22.0 -28.415
22.0 -51.955
22.0 -42.655
22.0 -42.185
22.0 -43.4
22.0 -42.505
22.0 -52.275
22.0 -46.445
22.0 -43.43
22.0 -36.44
22.0 -39.445
22.0 -57.305
22.0 -40.41
22.0 -34.325
22.0 -48.15
22.0 -27.93
22.0 -38.95
22.0 -44.51
22.0 -31.235
22.0 -39.07
22.0 -29.885
22.0 -36.955
22.0 -36.555
100
-71.0 -222.4
-50.0 -155.41
-50.0 -128.55
-28.5 -118.31
-15.5 -93.065
-8.5 -83.845
-8.5 -88.825
-3.0 -64.71
-1.0 -68.93
-1.0 -80.2
10.0 -63.76
10.0 -57.5
10.0 -52.13
10.0 -43.255
11.5 -40.755
11.5 -53.645
12.0 -48.13
12.0 -39.14
12.0 -41.775
14.5 -33.63
18.0 -31.375
18.0 -33.05
18.0 -33.76
18.0 -33.805
18.0 -34.28
18.0 -28.415
18.0 -34.83
18.0 -21.63
18.0 -29.185
18.0 -24.05
18.0 -33.04
18.0 -27.705
18.0 -34.885
18.0 -34.595
18.0 -32.505
18.0 -33.525
18.0 -36.405
18.0 -37.095
18.0 -47.68
18.0 -37.39
18.0 -31.09
18.0 -38.725
18.0 -33.605
18.0 -29.485
18.0 -44.76
18.0 -36.995
18.0 -42.325
18.0 -29.225
18.0 -40.735
18.0 -38.12
18.0 -41.225
18.0 -42.845
18.0 -32.85
20.0 -27.365
20.0 -31.06
22.5 -28.615
22.5 -34.305
22.5 -37.16
22.5 -39.29
22.5 -42.11
22.5 -45.44
22.5 -45.33
22.5 -40.375
22.5 -44.145
22.5 -47.595
22.5 -52.135
22.5 -45.8
22.5 -32.51
22.5 -33.745
22.5 -29.45
22.5 -34.135
22.5 -41.98
22.5 -28.03
22.5 -33.325
22.5 -23.775
22.5 -27.205
22.5 -32.16
22.5 -30.455
22.5 -31.31
22.5 -31.52
22.5 -40.135
22.5 -39.875
22.5 -33.365
22.5 -33.235
22.5 -43.385
22.5 -42.77
22.5 -46.4
22.5 -30.825
22.5 -37.34
22.5 -31.6
22.5 -43.8
22.5 -48.845
22.5 -52.285
22.5 -39.425
22.5 -38.615
22.5 -42.44
22.5 -47.08
22.5 -31.68
22.5 -37.69
22.5 -51.475
100
-70.0 -224.455
-70.0 -150.27
-56.5 -155.54
-30.0 -111.735
-13.5 -98.71
-9.5 -87.885
-9.5 -73.735
-5.0 -71.04
-3.0 -72.395
9.5 -73.665
9.5 -64.79
9.5 -56.165
9.5 -50.6
13.5 -44.275
13.5 -47.44
13.5 -44.695
13.5 -38.625
13.5 -37.47
13.5 -32.925
13.5 -37.0
13.5 -48.83
13.5 -50.54
13.5 -43.4
13.5 -40.91
15.0 -40.615
15.0 -41.52
15.0 -40.395
16.0 -45.655
16.0 -31.585
17.0 -44.4
17.0 -46.9
17.0 -38.175
17.0 -44.275
17.0 -47.705
17.0 -30.97
17.0 -31.765
17.0 -33.355
17.0 -30.785
18.0 -36.21
20.0 -39.64
20.0 -43.245
20.0 -33.925
20.0 -42.37
20.0 -39.93
20.0 -51.415
20.0 -37.635
20.0 -38.055
20.0 -39.725
20.0 -54.5
20.0 -46.46
20.0 -50.235
20.0 -30.835
20.0 -41.25
20.0 -33.26
20.0 -30.365
20.0 -31.13
20.0 -48.37
20.0 -33.29
20.0 -30.45
20.0 -34.835
20.0 -38.235
20.0 -41.9
20.0 -35.815
20.0 -42.175
20.0 -34.27
20.0 -49.745
20.0 -55.73
20.0 -34.54
20.0 -30.785
20.0 -29.96
20.0 -36.09
20.0 -40.36
20.0 -33.3
20.0 -34.19
20.0 -42.66
20.0 -36.865
20.0 -44.675
20.0 -42.76
20.0 -52.34
20.0 -47.685
20.0 -43.665
20.0 -38.41
20.0 -33.445
20.0 -39.41
20.0 -36.07
20.0 -30.265
20.0 -41.615
20.0 -36.915
20.0 -39.525
20.0 -38.465
20.0 -38.46
20.0 -29.34
20.0 -49.07
20.0 -32.78
20.0 -44.85
20.0 -43.34
20.0 -52.065
20.0 -42.575
20.0 -38.465
20.0 -41.33
100
-76.0 -237.705
-55.5 -158.47
-44.0 -133.375
-35.0 -120.345
-31.0 -95.795
-4.5 -89.16
-4.5 -75.345
6.5 -63.505
6.5 -51.955
6.5 -59.615
6.5 -45.935
10.0 -41.165
13.5 -44.915
13.5 -42.685
13.5 -50.745
14.5 -38.965
14.5 -36.57
16.5 -33.555
16.5 -29.965
18.5 -30.66
18.5 -27.01
19.5 -31.74
19.5 -33.755
19.5 -31.48
19.5 -29.36
19.5 -22.425
19.5 -28.445
19.5 -35.77
19.5 -28.515
19.5 -43.43
19.5 -37.955
19.5 -38.655
19.5 -39.36
19.5 -30.475
19.5 -38.49
19.5 -34.045
19.5 -25.32
19.5 -29.73
19.5 -27.5
19.5 -33.05
19.5 -36.06
19.5 -37.555
19.5 -35.815
19.5 -36.825
19.5 -37.085
19.5 -31.195
19.5 -26.745
19.5 -39.185
19.5 -22.775
19.5 -27.03
19.5 -34.935
19.5 -31.245
19.5 -24.205
19.5 -28.55
20.5 -41.8
20.5 -35.04
20.5 -36.21
20.5 -38.72
20.5 -48.71
20.5 -34.325
20.5 -41.25
20.5 -38.27
20.5 -35.82
20.5 -28.885
20.5 -47.18
20.5 -32.45
20.5 -29.715
20.5 -33.81
20.5 -33.42
20.5 -37.575
20.5 -37.635
20.5 -34.405
20.5 -49.37
20.5 -67.7
20.5 -38.43
20.5 -41.38
20.5 -46.355
20.5 -30.36
20.5 -27.2
20.5 -30.81
20.5 -37.68
20.5 -25.32
20.5 -29.07
20.5 -28.395
20.5 -33.805
20.5 -26.765
20.5 -32.05
20.5 -26.015
20.5 -35.745
20.5 -26.855
20.5 -25.585
20.5 -29.145
20.5 -28.28
20.5 -31.89
20.5 -40.64
20.5 -45.21
20.5 -37.985
20.5 -32.625
20.5 -27.645
20.5 -28.9
100
-84.0 -215.815
-65.5 -148.7
-41.0 -138.69
-25.0 -104.105
-20.0 -82.525
0.5 -78.04
0.5 -69.665
0.5 -65.6
1.0 -68.885
10.5 -58.065
17.5 -59.38
17.5 -55.565
17.5 -50.33
17.5 -40.46
17.5 -32.455
17.5 -49.29
17.5 -39.96
17.5 -32.17
17.5 -42.86
17.5 -34.22
17.5 -49.685
18.0 -36.325
18.0 -30.435
18.0 -30.92
18.0 -27.035
18.0 -42.795
18.0 -26.695
18.0 -26.695
18.0 -30.985
18.0 -36.945
18.0 -37.31
18.0 -32.845
18.5 -36.675
18.5 -40.765
18.5 -37.525
18.5 -37.7
18.5 -49.25
18.5 -49.07
18.5 -44.17
18.5 -40.3
18.5 -34.175
18.5 -33.12
18.5 -30.4
18.5 -45.245
18.5 -40.705
18.5 -34.92
20.0 -24.42
20.0 -29.155
20.0 -33.995
20.0 -46.745
20.0 -37.54
20.0 -32.235
22.0 -35.275
22.0 -42.64
22.0 -32.18
22.0 -30.82
22.5 -34.715
22.5 -34.515
22.5 -30.81
22.5 -38.725
22.5 -40.03
22.5 -47.3
22.5 -38.465
22.5 -45.62
22.5 -43.625
22.5 -55.15
22.5 -38.6
22.5 -39.435
22.5 -32.88
22.5 -46.745
22.5 -29.085
22.5 -34.915
22.5 -40.945
22.5 -34.93
22.5 -27.715
22.5 -30.125
22.5 -30.525
22.5 -40.465
22.5 -33.75
22.5 -39.375
22.5 -40.025
22.5 -48.275
23.0 -44.805
23.0 -39.025
23.0 -48.35
23.0 -47.465
23.0 -34.695
23.0 -35.335
23.0 -36.2
23.0 -33.71
23.0 -41.44
23.0 -34.505
23.0 -35.99
23.0 -40.48
23.0 -36.285
23.0 -33.165
23.0 -39.475
23.0 -31.16
23.0 -32.715
23.0 -44.24

Individual: [1, 5, 7, 10, 22, 26, 27, 35, 36, 38, 41, 42, 51, 52, 58, 77, 79, 82, 84, 85, 92, 95, 97, 98]
   Fitness: 21.0
     Total: 24
Violations: 15 8

Individual: [1, 3, 16, 17, 18, 22, 23, 25, 55, 59, 63, 66, 68, 69, 79, 81, 86, 89, 90, 98]
   Fitness: 23.0
     Total: 20
Violations: 7 6

Individual: [2, 3, 4, 9, 17, 20, 21, 26, 28, 29, 32, 34, 39, 53, 68, 72, 73, 77, 85, 89, 90, 92, 96]
   Fitness: 22.5
     Total: 23
Violations: 12 8

Individual: [4, 6, 10, 13, 14, 25, 27, 28, 32, 34, 42, 48, 56, 66, 67, 71, 73, 75, 88, 93, 94, 95, 99]
   Fitness: 22.5
     Total: 23
Violations: 12 10

Individual: [7, 8, 11, 22, 24, 25, 27, 31, 36, 44, 49, 50, 61, 72, 77, 79, 85, 89, 92, 99]
   Fitness: 20.0
     Total: 20
Violations: 10 7

Individual: [8, 10, 11, 17, 19, 20, 22, 23, 29, 37, 40, 56, 62, 65, 67, 70, 76, 77, 79, 80, 89, 94, 95, 98]
   Fitness: 22.0
     Total: 24
Violations: 14 10

Individual: [4, 7, 8, 9, 11, 18, 21, 25, 36, 43, 45, 48, 56, 59, 66, 68, 74, 90, 94, 96, 99]
   Fitness: 22.5
     Total: 21
Violations: 9 9

Individual: [5, 7, 21, 22, 30, 44, 45, 48, 49, 51, 62, 63, 64, 67, 77, 84, 88, 89, 95, 96, 97, 100]
   Fitness: 20.0
     Total: 22
Violations: 13 8

Individual: [7, 8, 13, 16, 18, 24, 26, 47, 48, 50, 56, 63, 69, 79, 80, 82, 85, 94, 95, 98, 100]
   Fitness: 20.5
     Total: 21
Violations: 11 9

Individual: [1, 5, 7, 21, 22, 23, 29, 32, 33, 34, 40, 44, 49, 70, 73, 74, 76, 77, 82, 90, 94, 95]
   Fitness: 23.0
     Total: 22
Violations: 10 7
