10
50
-47.5 -234.351
-14.5 -139.285
-6.0 -98.3
5.5 -71.893
12.0 -54.116
12.0 -42.215
13.0 -32.217
13.0 -27.537
17.5 -24.946
17.5 -20.323
17.5 -17.918
19.0 -15.837
19.0 -13.589
22.0 -12.269
22.0 -11.365
22.0 -11.224
22.0 -12.966
22.0 -11.967
22.0 -12.489
22.0 -14.15
22.0 -13.34
22.0 -14.307
22.5 -12.002
23.0 -9.474
23.0 -10.348
23.0 -8.386
23.0 -9.047
23.0 -8.413
23.0 -10.933
23.0 -10.152
23.0 -11.505
23.0 -11.218
23.0 -10.731
23.0 -10.75
23.0 -11.381
23.0 -11.812
23.0 -11.25
23.0 -9.715
23.0 -9.004
23.0 -9.103
23.0 -10.351
23.0 -10.527
23.0 -11.172
23.0 -12.012
23.5 -10.487
24.0 -11.775
24.0 -9.219
24.0 -9.601
24.0 -9.413
24.0 -8.725
50
-51.0 -240.769
-16.0 -150.986
-13.0 -108.338
-0.5 -79.381
7.5 -60.379
17.0 -43.705
17.0 -38.083
17.0 -32.031
21.0 -27.721
21.0 -22.182
21.0 -20.271
21.0 -20.094
21.0 -17.085
23.5 -13.791
23.5 -14.073
23.5 -12.84
23.5 -10.099
23.5 -8.623
23.5 -7.389
25.0 -7.855
25.0 -7.868
25.0 -9.059
25.0 -10.121
25.0 -10.415
25.0 -9.282
25.0 -8.347
25.0 -7.506
25.0 -6.461
25.0 -7.723
25.0 -8.3
25.0 -6.457
25.0 -6.765
25.0 -8.509
25.0 -9.153
25.0 -8.777
25.0 -11.012
25.0 -8.377
25.0 -9.299
25.0 -7.847
25.0 -9.491
25.0 -8.778
25.0 -10.256
25.0 -9.869
25.0 -8.09
25.0 -6.123
25.0 -8.01
25.0 -6.85
25.0 -7.802
25.0 -9.424
25.0 -7.587
50
-50.0 -234.876
-27.5 -142.93
0.0 -102.523
1.0 -79.364
7.0 -59.452
13.0 -42.405
13.0 -35.644
14.5 -30.67
14.5 -27.672
18.5 -23.487
18.5 -19.262
18.5 -17.944
21.5 -14.854
21.5 -13.46
21.5 -13.588
23.0 -12.865
23.0 -11.927
23.0 -12.981
23.0 -11.438
23.0 -11.131
23.0 -10.196
23.0 -9.677
23.0 -10.246
23.0 -11.219
23.0 -11.148
24.0 -12.822
24.0 -12.214
24.0 -10.416
24.0 -8.726
24.0 -7.455
24.0 -9.67
26.5 -8.779
26.5 -7.602
26.5 -9.833
26.5 -10.751
26.5 -10.676
26.5 -5.825
26.5 -6.553
26.5 -7.22
26.5 -8.205
26.5 -7.86
26.5 -6.449
26.5 -8.557
26.5 -9.767
26.5 -13.692
26.5 -11.432
26.5 -10.818
26.5 -10.982
26.5 -9.895
26.5 -9.866
50
-51.0 -230.15
-30.0 -146.276
-15.5 -103.79
2.0 -77.826
14.5 -57.366
14.5 -46.259
14.5 -38.273
14.5 -29.708
14.5 -25.555
21.5 -23.29
21.5 -19.039
23.5 -18.649
23.5 -17.5
23.5 -14.109
23.5 -18.517
23.5 -16.915
23.5 -15.646
23.5 -12.98
23.5 -15.559
25.5 -13.244
25.5 -14.056
25.5 -11.963
25.5 -11.181
25.5 -14.109
25.5 -15.283
25.5 -15.737
25.5 -14.237
25.5 -14.338
25.5 -14.492
25.5 -14.519
25.5 -13.204
25.5 -13.906
25.5 -13.497
25.5 -12.745
25.5 -13.659
25.5 -12.884
25.5 -12.619
25.5 -14.171
25.5 -14.178
25.5 -13.25
25.5 -11.627
25.5 -14.234
25.5 -13.496
25.5 -12.327
25.5 -12.841
25.5 -13.068
25.5 -16.39
25.5 -14.776
25.5 -15.065
25.5 -13.791
50
-38.5 -235.492
-22.0 -139.157
-12.5 -99.214
11.0 -73.772
11.0 -61.057
11.5 -48.084
11.5 -39.395
15.5 -31.093
16.5 -26.112
21.5 -21.926
21.5 -22.56
21.5 -19.284
21.5 -18.089
21.5 -15.974
22.5 -15.216
22.5 -16.021
22.5 -15.992
22.5 -13.943
22.5 -10.569
22.5 -8.869
22.5 -10.229
22.5 -11.245
22.5 -11.246
22.5 -11.698
22.5 -10.425
22.5 -9.481
22.5 -8.659
23.5 -7.808
23.5 -7.833
23.5 -9.869
23.5 -8.537
23.5 -9.447
23.5 -8.06
23.5 -8.805
23.5 -9.258
23.5 -10.162
23.5 -8.327
24.0 -8.712
24.0 -8.771
24.0 -8.509
24.0 -8.895
24.0 -8.306
24.0 -7.599
24.0 -9.055
24.0 -9.415
24.0 -7.567
24.0 -8.425
24.0 -9.706
24.0 -9.681
24.0 -9.071
50
-46.5 -227.033
-13.5 -143.545
-1.0 -102.081
6.0 -77.694
6.0 -57.992
17.0 -39.931
17.0 -34.622
21.0 -28.494
21.0 -22.535
21.0 -17.267
21.0 -15.713
21.0 -14.208
23.0 -14.752
23.0 -13.037
23.0 -13.17
23.0 -12.243
23.0 -11.356
23.0 -12.052
23.0 -13.316
23.0 -11.522
23.0 -10.75
23.0 -10.886
23.0 -10.118
23.5 -8.517
23.5 -9.636
23.5 -9.741
23.5 -11.042
23.5 -8.985
23.5 -9.311
23.5 -12.26
23.5 -10.384
23.5 -11.531
23.5 -12.745
23.5 -12.017
23.5 -15.228
23.5 -12.011
23.5 -11.756
23.5 -11.603
23.5 -11.644
23.5 -8.914
23.5 -11.681
23.5 -10.931
23.5 -10.103
23.5 -9.668
23.5 -10.26
23.5 -11.113
23.5 -10.755
23.5 -11.7
23.5 -12.639
25.0 -11.173
50
-30.5 -233.169
-21.5 -142.664
-9.5 -100.454
0.5 -71.226
8.0 -52.785
14.0 -43.615
18.0 -33.571
18.0 -25.242
18.0 -20.945
18.0 -17.428
19.5 -16.027
20.0 -15.338
20.0 -16.016
20.0 -12.736
20.5 -14.783
21.5 -12.901
21.5 -12.115
21.5 -12.363
21.5 -12.901
21.5 -12.936
21.5 -12.721
21.5 -12.994
21.5 -11.942
21.5 -10.397
23.5 -10.904
23.5 -9.119
24.5 -7.616
24.5 -8.01
24.5 -11.406
24.5 -11.368
24.5 -11.138
24.5 -11.357
24.5 -10.192
24.5 -10.449
24.5 -12.89
24.5 -12.021
24.5 -11.386
24.5 -9.885
24.5 -9.611
24.5 -8.714
24.5 -9.22
24.5 -10.597
24.5 -9.315
24.5 -8.544
24.5 -8.301
24.5 -10.534
24.5 -10.444
24.5 -9.832
24.5 -9.737
24.5 -10.033
50
-58.0 -229.731
-24.0 -138.661
-16.5 -99.25
4.5 -71.652
9.5 -53.76
13.5 -43.78
18.0 -36.207
18.0 -29.478
18.0 -24.705
18.0 -23.259
18.0 -19.897
19.5 -17.787
19.5 -15.774
21.5 -16.005
21.5 -16.16
21.5 -15.562
21.5 -14.885
24.5 -13.366
24.5 -12.411
24.5 -12.0
24.5 -11.803
24.5 -12.857
24.5 -13.188
24.5 -14.663
24.5 -11.29
25.0 -10.622
25.0 -13.189
25.0 -12.126
25.0 -11.665
25.0 -10.421
25.0 -11.9
25.0 -13.55
25.0 -12.934
25.0 -13.18
26.0 -11.875
26.0 -12.278
26.0 -13.871
26.0 -10.997
26.0 -10.997
26.0 -8.633
26.0 -9.301
26.0 -10.589
26.0 -10.571
26.0 -8.777
26.0 -8.895
26.0 -9.803
26.0 -10.152
26.0 -10.25
26.0 -12.971
26.0 -11.653
50
-45.5 -230.573
-8.0 -142.826
-7.0 -99.216
-7.0 -74.513
3.0 -55.107
16.5 -40.788
16.5 -33.694
19.5 -28.811
19.5 -25.26
20.0 -21.79
20.5 -19.943
20.5 -16.364
20.5 -16.044
20.5 -16.327
20.5 -14.842
20.5 -13.075
22.0 -10.745
22.0 -8.972
22.0 -9.568
22.0 -10.464
22.0 -9.829
24.0 -9.234
25.5 -7.624
25.5 -8.189
25.5 -8.143
25.5 -9.967
25.5 -11.322
25.5 -13.013
25.5 -11.019
25.5 -11.005
25.5 -13.702
25.5 -12.817
25.5 -11.241
25.5 -11.639
25.5 -10.628
25.5 -9.62
25.5 -9.607
25.5 -9.301
25.5 -9.791
25.5 -8.856
25.5 -8.243
25.5 -10.101
25.5 -12.211
25.5 -9.499
25.5 -8.983
25.5 -8.723
25.5 -7.957
25.5 -7.872
25.5 -8.044
25.5 -6.919
50
-34.0 -226.476
-34.0 -145.808
-12.0 -103.194
4.0 -80.497
9.0 -57.929
18.5 -43.941
18.5 -36.005
21.0 -29.354
21.0 -24.217
21.0 -17.477
21.0 -16.624
21.0 -15.118
21.0 -15.788
21.5 -13.985
21.5 -12.814
23.0 -12.392
23.5 -10.577
23.5 -10.742
23.5 -11.308
23.5 -9.327
24.0 -7.764
24.0 -9.697
24.0 -7.032
24.0 -8.764
24.0 -9.099
24.0 -8.248
24.0 -11.108
26.0 -8.062
26.0 -8.577
26.0 -8.1
26.0 -6.325
26.0 -7.9
26.0 -7.006
26.0 -7.417
26.0 -8.637
26.0 -8.644
26.0 -9.302
26.0 -8.558
26.0 -11.443
26.0 -12.807
26.0 -11.954
26.0 -8.796
26.0 -7.532
26.0 -9.737
26.0 -9.087
26.0 -7.773
26.0 -10.434
26.0 -10.293
26.0 -12.006
26.0 -9.777

Individual: [2, 4, 8, 10, 13, 20, 26, 34, 35, 41, 43, 59, 63, 65, 72, 75, 76, 82, 93, 96, 99, 100]
   Fitness: 24.0
     Total: 22
Violations: 9 8

Individual: [3, 5, 7, 8, 15, 17, 18, 20, 23, 24, 33, 34, 38, 57, 60, 67, 72, 74, 75, 79, 82, 88, 92, 93, 95, 99]
   Fitness: 25.0
     Total: 26
Violations: 14 13

Individual: [3, 4, 7, 8, 10, 14, 23, 24, 27, 28, 33, 34, 68, 70, 71, 74, 75, 83, 84, 90, 95, 98, 99]
   Fitness: 26.5
     Total: 23
Violations: 8 7

Individual: [2, 4, 5, 7, 11, 16, 22, 24, 25, 29, 31, 32, 40, 66, 68, 71, 75, 80, 85, 86, 87, 88, 90, 97, 98]
   Fitness: 25.5
     Total: 25
Violations: 12 11

Individual: [1, 3, 7, 10, 15, 22, 28, 30, 31, 33, 39, 42, 55, 80, 85, 89, 92, 93, 94, 98]
   Fitness: 24.0
     Total: 20
Violations: 6 5

Individual: [1, 2, 5, 6, 8, 9, 17, 18, 21, 22, 23, 30, 48, 60, 61, 63, 69, 71, 74, 80, 81, 84]
   Fitness: 25.0
     Total: 22
Violations: 8 7

Individual: [1, 4, 6, 9, 12, 21, 24, 31, 35, 37, 44, 62, 63, 74, 76, 77, 93, 94, 96, 97, 98]
   Fitness: 24.5
     Total: 21
Violations: 7 7

Individual: [2, 4, 11, 15, 16, 22, 23, 26, 58, 61, 62, 65, 67, 74, 78, 80, 89, 92, 94, 97]
   Fitness: 26.0
     Total: 20
Violations: 4 3

Individual: [3, 7, 10, 14, 20, 24, 27, 31, 36, 43, 56, 57, 61, 70, 71, 73, 77, 82, 90, 92, 93, 97, 99]
   Fitness: 25.5
     Total: 23
Violations: 9 7

Individual: [1, 3, 8, 10, 12, 18, 20, 24, 25, 29, 61, 66, 71, 72, 73, 77, 82, 85, 94, 96, 99, 100]
   Fitness: 26.0
     Total: 22
Violations: 7 7
