10
100
-55.0 -225.88
-39.0 -176.695
-20.5 -156.772
-5.0 -151.753
-5.0 -139.697
-5.0 -142.407
-5.0 -134.91
-5.0 -135.686
-5.0 -141.095
-5.0 -136.512
-5.0 -132.017
-5.0 -126.495
0.0 -130.675
0.0 -133.525
0.0 -130.492
0.0 -131.224
0.0 -129.936
0.0 -133.247
0.0 -131.118
0.0 -128.23
0.0 -128.614
0.0 -129.049
0.0 -131.406
5.0 -127.739
5.0 -128.923
5.0 -130.2
5.0 -133.581
5.0 -125.908
5.0 -119.949
5.0 -129.206
5.0 -128.55
5.0 -130.868
5.0 -125.583
5.0 -128.48
5.0 -126.922
5.0 -122.246
5.0 -129.122
5.0 -125.221
5.0 -127.236
5.0 -123.355
5.0 -126.62
5.0 -125.689
5.0 -127.802
5.0 -128.33
5.0 -124.19
5.0 -126.188
5.0 -131.146
5.0 -131.168
5.0 -123.727
5.0 -123.247
5.0 -123.451
5.0 -121.584
5.0 -125.529
5.0 -124.282
5.0 -124.831
5.0 -131.326
5.0 -123.917
5.0 -128.265
5.0 -124.622
5.5 -128.751
5.5 -128.922
5.5 -129.151
5.5 -123.774
11.0 -124.34
11.0 -124.484
11.0 -126.898
11.0 -127.016
11.0 -120.128
11.0 -130.984
11.0 -124.399
11.0 -115.608
11.0 -119.374
11.0 -122.711
11.0 -131.439
11.0 -131.088
11.0 -124.262
11.0 -124.506
11.0 -128.338
11.0 -118.385
11.0 -127.544
11.0 -125.686
11.0 -124.853
11.0 -121.092
11.0 -122.923
11.0 -124.935
11.0 -117.254
11.0 -121.196
11.0 -125.51
11.0 -124.051
11.0 -122.056
11.0 -122.385
11.0 -120.983
11.0 -123.256
11.0 -124.911
17.5 -120.918
17.5 -126.905
17.5 -122.546
17.5 -125.973
17.5 -120.404
17.5 -120.682
100
-35.5 -236.208
-35.5 -170.434
-18.5 -154.837
-8.5 -150.032
1.5 -138.506
1.5 -138.745
1.5 -131.501
2.5 -136.445
2.5 -136.103
2.5 -131.542
2.5 -135.602
2.5 -127.424
2.5 -128.41
2.5 -132.338
2.5 -129.367
2.5 -128.052
2.5 -122.247
2.5 -128.977
2.5 -133.111
2.5 -128.584
2.5 -125.579
2.5 -127.193
2.5 -127.798
2.5 -125.256
2.5 -123.919
2.5 -127.939
2.5 -124.25
2.5 -120.993
2.5 -127.719
2.5 -127.585
2.5 -129.992
2.5 -123.949
2.5 -121.891
2.5 -123.98
2.5 -120.846
2.5 -129.088
7.0 -125.689
7.0 -126.74
7.0 -121.163
7.0 -125.719
7.0 -123.253
7.0 -123.742
7.0 -126.14
7.0 -132.253
7.0 -125.828
7.0 -125.073
7.0 -126.269
7.0 -123.762
7.0 -122.843
7.0 -126.532
7.0 -122.354
7.0 -126.24
7.0 -121.69
7.0 -120.854
7.0 -124.859
7.0 -122.775
7.0 -125.838
7.0 -125.203
7.0 -124.496
7.0 -123.708
7.0 -126.761
7.0 -123.536
7.0 -126.178
7.0 -125.474
7.0 -120.721
7.0 -116.271
7.0 -123.129
7.0 -125.536
7.0 -131.447
7.0 -122.475
7.0 -125.028
7.0 -127.942
7.0 -124.638
7.0 -125.9
7.0 -120.003
7.0 -122.889
7.0 -124.731
7.0 -126.057
7.0 -121.304
7.0 -120.167
7.0 -120.988
7.0 -123.64
7.0 -119.654
7.0 -119.634
7.0 -123.737
7.0 -124.608
7.0 -124.959
7.0 -129.776
7.0 -123.642
7.0 -120.852
7.0 -124.071
7.0 -118.961
7.0 -120.798
7.0 -116.314
9.0 -123.071
9.0 -125.074
9.0 -124.146
9.0 -115.612
9.0 -123.672
9.0 -120.695
100
-33.0 -225.888
-33.0 -165.205
-23.5 -148.687
-22.5 -146.49
-22.5 -143.531
-21.5 -143.713
-14.5 -136.656
8.5 -137.24
8.5 -136.952
8.5 -135.353
8.5 -131.964
8.5 -135.849
8.5 -131.146
8.5 -128.467
8.5 -130.504
8.5 -131.058
8.5 -141.187
8.5 -132.055
8.5 -131.698
8.5 -120.884
8.5 -127.695
8.5 -131.601
8.5 -127.968
8.5 -122.008
8.5 -125.217
8.5 -131.416
8.5 -127.327
8.5 -124.138
8.5 -127.274
8.5 -126.915
8.5 -128.339
8.5 -124.353
8.5 -128.249
8.5 -131.924
8.5 -128.475
8.5 -127.075
8.5 -132.842
8.5 -122.529
8.5 -122.078
8.5 -124.931
8.5 -129.983
8.5 -126.874
8.5 -122.9
8.5 -126.021
8.5 -126.212
8.5 -128.743
8.5 -124.038
8.5 -124.193
12.0 -124.522
12.0 -122.747
12.0 -126.59
12.0 -122.858
12.0 -120.888
12.0 -124.064
12.0 -120.974
12.0 -124.906
12.0 -123.636
12.0 -126.351
12.0 -129.227
12.0 -121.332
12.0 -127.03
12.0 -127.031
12.0 -126.284
12.0 -124.887
12.0 -123.274
12.0 -128.848
12.0 -126.92
12.0 -127.501
12.0 -129.621
12.0 -124.774
12.0 -128.504
12.0 -127.02
12.0 -123.396
12.0 -121.933
12.0 -119.572
12.0 -121.183
12.0 -120.062
12.0 -117.182
12.0 -124.444
12.0 -127.719
12.0 -131.928
12.0 -128.779
12.0 -123.082
12.0 -120.176
12.0 -125.094
12.0 -129.368
12.0 -121.133
12.0 -122.93
12.0 -122.896
12.0 -124.661
12.0 -131.351
12.0 -126.202
12.0 -125.89
12.0 -118.832
12.0 -121.185
12.0 -125.796
12.0 -131.077
12.0 -126.94
12.0 -128.555
12.0 -121.382
100
-23.5 -232.564
-23.5 -172.27
-12.0 -157.952
-12.0 -146.579
-12.0 -144.011
-10.0 -140.624
7.0 -133.936
7.0 -135.025
7.0 -134.773
7.0 -135.543
7.0 -132.183
7.0 -135.44
7.0 -132.26
7.0 -134.952
7.0 -130.436
7.0 -135.259
7.0 -133.236
7.0 -133.239
7.0 -129.641
7.0 -137.848
7.0 -133.401
7.0 -131.911
7.0 -127.638
7.0 -132.062
7.0 -128.854
7.0 -134.591
7.0 -134.228
7.0 -126.45
7.0 -130.218
7.0 -127.23
13.0 -122.723
13.0 -122.91
13.0 -124.044
13.0 -124.182
13.0 -132.805
13.0 -128.56
13.0 -128.07
13.0 -125.899
13.0 -125.024
13.0 -125.799
13.0 -122.344
13.0 -123.434
13.0 -129.29
13.0 -124.141
13.0 -129.53
13.0 -130.041
13.0 -123.551
13.0 -128.249
13.0 -124.73
13.0 -126.327
13.0 -130.496
13.0 -127.857
13.0 -126.835
13.0 -126.208
13.0 -122.451
13.0 -121.702
13.0 -119.394
13.0 -124.789
13.0 -126.481
13.0 -127.529
13.0 -129.009
13.0 -130.26
13.0 -130.319
13.0 -123.588
13.0 -125.47
13.0 -128.901
13.0 -126.295
13.0 -122.472
13.0 -120.157
13.0 -121.707
13.0 -125.933
13.0 -124.547
13.0 -128.707
13.0 -124.394
13.0 -126.055
13.0 -128.301
13.0 -127.106
13.0 -129.133
13.0 -122.71
13.0 -129.773
13.0 -121.018
13.0 -123.43
13.0 -122.593
13.0 -118.428
13.0 -126.541
13.0 -121.148
13.0 -123.43
13.0 -119.358
13.0 -117.483
13.0 -123.675
13.0 -126.511
13.0 -125.375
13.0 -123.325
13.0 -122.64
13.0 -128.599
13.0 -120.973
13.0 -125.212
13.0 -125.277
13.0 -121.99
13.0 -121.814
100
-36.5 -230.108
-29.0 -170.54
-28.5 -149.798
-19.5 -143.473
0.5 -150.101
0.5 -142.17
0.5 -141.832
0.5 -134.885
0.5 -141.638
0.5 -129.348
0.5 -135.77
0.5 -133.307
0.5 -128.774
0.5 -129.435
0.5 -138.543
0.5 -132.172
0.5 -126.53
0.5 -129.796
0.5 -133.472
0.5 -134.168
0.5 -127.875
0.5 -135.175
4.5 -127.126
4.5 -131.861
4.5 -131.701
4.5 -125.486
4.5 -135.387
4.5 -128.832
4.5 -133.502
4.5 -128.112
4.5 -124.223
4.5 -123.308
4.5 -127.405
4.5 -128.637
4.5 -124.754
4.5 -125.928
4.5 -129.745
4.5 -131.94
4.5 -131.262
4.5 -128.032
4.5 -128.56
4.5 -130.785
4.5 -132.138
4.5 -128.001
4.5 -125.7
4.5 -126.707
4.5 -128.677
4.5 -125.448
4.5 -123.897
4.5 -126.527
4.5 -125.84
4.5 -127.09
6.5 -125.558
6.5 -125.085
6.5 -121.804
6.5 -125.371
6.5 -126.766
6.5 -128.582
6.5 -120.326
6.5 -126.064
6.5 -123.407
6.5 -117.796
6.5 -117.81
6.5 -120.041
6.5 -125.909
6.5 -126.287
6.5 -123.284
6.5 -126.934
6.5 -120.789
6.5 -126.018
6.5 -121.679
6.5 -118.572
6.5 -123.232
6.5 -118.979
6.5 -124.564
6.5 -123.964
6.5 -120.957
6.5 -123.584
6.5 -127.112
6.5 -125.543
6.5 -125.416
6.5 -129.888
6.5 -127.254
6.5 -122.833
6.5 -121.162
10.0 -123.247
10.0 -127.59
10.0 -127.525
10.0 -130.051
10.0 -122.919
10.0 -120.839
10.0 -124.535
10.0 -124.981
10.0 -126.381
10.0 -125.409
10.0 -123.374
10.0 -118.773
10.0 -126.105
10.0 -121.198
10.0 -126.408
100
-45.5 -234.44
-36.0 -180.776
-21.5 -159.141
-19.5 -148.086
-14.0 -147.46
-14.0 -139.804
-14.0 -138.751
-14.0 -136.638
-14.0 -137.35
2.5 -140.892
2.5 -138.198
5.0 -138.237
5.0 -132.9
5.0 -136.425
5.0 -135.481
5.0 -136.041
5.0 -130.873
5.0 -128.032
5.0 -128.07
5.0 -129.814
5.0 -132.534
5.0 -132.284
5.0 -129.797
5.0 -125.939
5.0 -127.768
5.0 -133.217
5.0 -128.417
5.0 -123.093
5.0 -128.531
5.0 -128.78
5.0 -132.569
5.0 -126.31
5.0 -125.668
5.0 -129.189
5.0 -127.616
5.0 -131.626
5.0 -126.073
5.0 -126.189
5.0 -127.84
5.0 -128.461
5.0 -127.08
14.5 -127.073
14.5 -130.987
14.5 -130.788
14.5 -122.595
14.5 -129.473
14.5 -128.597
14.5 -127.098
14.5 -119.307
14.5 -126.581
14.5 -121.477
14.5 -124.674
14.5 -125.863
14.5 -123.587
14.5 -123.32
14.5 -127.591
14.5 -122.88
14.5 -124.322
14.5 -125.004
14.5 -120.909
14.5 -121.412
14.5 -127.374
14.5 -127.822
14.5 -117.745
14.5 -121.326
14.5 -128.14
14.5 -129.379
14.5 -125.023
14.5 -121.494
14.5 -120.339
14.5 -121.207
14.5 -120.973
14.5 -119.86
14.5 -125.749
14.5 -119.552
14.5 -120.131
14.5 -119.172
14.5 -125.819
14.5 -125.884
14.5 -123.865
16.5 -121.225
16.5 -123.54
16.5 -124.407
16.5 -120.25
16.5 -124.652
16.5 -127.348
16.5 -119.727
16.5 -120.941
16.5 -120.406
16.5 -118.199
16.5 -119.211
16.5 -120.71
16.5 -121.107
16.5 -116.729
16.5 -117.836
16.5 -119.876
16.5 -120.246
16.5 -120.213
16.5 -123.91
16.5 -120.489
100
-24.0 -231.905
-24.0 -170.182
-14.5 -155.333
-14.5 -150.94
-13.5 -140.972
-11.0 -132.943
-2.0 -136.84
-2.0 -131.777
-2.0 -138.912
-2.0 -136.943
-2.0 -136.849
-2.0 -134.618
-2.0 -136.643
-2.0 -136.077
-2.0 -130.302
-2.0 -132.339
-2.0 -133.117
-2.0 -133.668
-2.0 -131.157
-2.0 -129.749
-2.0 -127.223
-2.0 -129.654
-2.0 -133.294
-2.0 -137.46
-2.0 -131.075
-2.0 -131.332
-2.0 -126.777
-2.0 -131.044
-2.0 -128.292
-2.0 -126.442
4.0 -127.343
4.0 -129.764
4.0 -131.56
4.0 -130.924
4.0 -129.744
4.0 -127.583
4.0 -128.574
4.0 -130.777
4.0 -128.713
4.0 -124.898
4.0 -121.906
4.0 -123.498
4.0 -124.73
4.0 -129.418
4.0 -130.021
4.0 -137.012
4.0 -134.347
4.0 -131.263
4.0 -131.767
4.0 -128.969
4.0 -130.125
4.0 -127.309
4.0 -128.047
4.0 -129.486
4.0 -124.819
4.0 -127.157
4.0 -120.281
4.0 -127.329
9.0 -126.979
9.0 -128.892
9.0 -121.79
9.0 -123.884
9.0 -119.473
9.0 -117.701
9.0 -126.137
9.0 -128.361
9.0 -125.018
9.0 -127.905
9.0 -121.945
9.0 -118.446
9.0 -123.124
9.0 -127.384
9.0 -125.386
9.0 -124.646
9.0 -123.939
9.0 -120.635
9.0 -121.667
9.0 -122.917
9.0 -126.469
9.0 -124.005
9.0 -120.816
9.0 -120.42
9.0 -124.393
9.0 -119.48
9.0 -122.241
9.0 -120.655
9.0 -119.67
9.0 -119.221
9.0 -124.506
9.0 -129.724
9.0 -126.227
9.0 -123.638
9.0 -119.471
9.0 -125.348
9.0 -127.019
9.0 -122.572
9.0 -123.491
9.0 -121.892
9.0 -119.741
9.0 -127.25
100
-43.0 -227.464
-29.5 -172.139
-19.0 -153.789
-19.0 -150.261
-19.0 -147.922
-19.0 -137.265
-15.5 -134.209
3.5 -129.44
3.5 -137.245
3.5 -134.014
3.5 -131.783
3.5 -132.062
3.5 -129.775
3.5 -130.208
3.5 -134.59
3.5 -133.463
3.5 -135.074
3.5 -130.661
3.5 -131.439
3.5 -129.101
3.5 -129.42
3.5 -128.128
3.5 -129.194
3.5 -126.585
3.5 -135.832
3.5 -127.184
3.5 -123.269
3.5 -127.834
3.5 -131.489
3.5 -130.747
3.5 -131.376
7.5 -126.779
7.5 -123.662
7.5 -129.294
7.5 -125.606
7.5 -126.799
7.5 -128.597
7.5 -126.369
7.5 -132.066
7.5 -138.38
7.5 -124.182
7.5 -126.305
7.5 -128.884
7.5 -128.465
7.5 -126.712
7.5 -121.971
7.5 -124.754
7.5 -123.247
7.5 -125.96
7.5 -123.955
7.5 -129.444
7.5 -125.832
7.5 -131.071
7.5 -127.036
7.5 -126.105
7.5 -125.528
7.5 -123.431
7.5 -126.833
7.5 -124.543
11.0 -121.837
11.0 -120.181
11.0 -128.145
11.0 -130.628
11.0 -124.389
11.0 -122.375
11.0 -124.585
11.5 -126.752
11.5 -116.471
11.5 -124.943
11.5 -123.892
11.5 -122.8
11.5 -124.587
11.5 -124.701
11.5 -119.248
11.5 -115.709
11.5 -120.579
11.5 -126.32
11.5 -123.326
11.5 -119.571
11.5 -119.626
12.0 -118.278
12.0 -118.375
12.0 -121.426
12.0 -117.205
12.0 -123.586
12.0 -117.14
12.0 -119.715
12.0 -119.561
12.0 -116.909
12.0 -119.074
12.0 -113.005
12.0 -117.101
12.0 -119.486
12.0 -119.67
12.0 -120.119
12.0 -121.147
12.0 -122.806
12.0 -124.658
12.0 -119.547
12.0 -121.177
100
-33.0 -238.277
-16.0 -172.584
-16.0 -153.134
-16.0 -149.298
-16.0 -147.766
-9.0 -145.804
-9.0 -139.133
-9.0 -139.384
-9.0 -140.128
-9.0 -130.436
-9.0 -132.285
-9.0 -133.754
-9.0 -130.736
-9.0 -134.043
-9.0 -132.903
-9.0 -134.824
-9.0 -133.184
-9.0 -128.005
-9.0 -132.063
-9.0 -131.282
-9.0 -129.057
-6.5 -135.784
2.5 -131.834
2.5 -130.942
2.5 -130.223
2.5 -132.133
2.5 -130.043
2.5 -133.239
2.5 -132.16
2.5 -126.579
2.5 -132.725
2.5 -128.153
2.5 -129.385
2.5 -127.321
2.5 -128.29
2.5 -121.284
2.5 -127.565
2.5 -126.359
2.5 -126.756
2.5 -126.368
2.5 -129.054
2.5 -128.066
2.5 -129.338
2.5 -127.827
2.5 -119.769
2.5 -126.281
2.5 -125.53
2.5 -126.617
2.5 -125.686
2.5 -133.359
2.5 -129.459
2.5 -129.771
5.0 -125.526
6.0 -121.305
6.0 -120.594
6.0 -123.263
6.0 -129.515
6.0 -129.283
6.0 -125.801
6.0 -120.339
6.0 -116.934
6.0 -120.845
6.0 -130.263
6.0 -119.363
6.0 -120.91
6.0 -126.114
6.0 -132.797
6.0 -124.32
6.0 -128.885
6.0 -124.8
10.5 -127.2
13.0 -126.621
13.0 -122.192
13.0 -123.121
13.0 -127.184
13.0 -124.266
13.0 -122.89
13.0 -123.251
13.0 -125.835
13.0 -120.573
13.0 -116.961
13.0 -119.035
13.0 -120.185
13.0 -122.476
13.0 -118.923
13.0 -120.616
13.0 -120.355
13.0 -122.503
13.0 -118.647
13.0 -121.305
13.0 -124.615
13.0 -120.122
13.0 -116.715
13.0 -115.001
13.0 -125.19
13.0 -120.458
13.0 -129.479
13.0 -125.828
13.0 -121.858
13.0 -123.359
100
-58.5 -230.779
-32.5 -178.811
-32.5 -163.233
-31.5 -155.468
-24.0 -146.19
-24.0 -142.173
-6.0 -138.592
-4.5 -136.459
-4.5 -138.053
-4.5 -145.801
-4.5 -128.809
7.5 -132.216
7.5 -131.262
7.5 -127.143
7.5 -129.723
7.5 -135.391
7.5 -135.92
7.5 -137.266
7.5 -133.24
7.5 -127.24
7.5 -130.83
7.5 -131.991
7.5 -133.312
7.5 -125.207
7.5 -128.73
7.5 -127.798
7.5 -132.011
7.5 -125.283
7.5 -128.844
7.5 -130.254
7.5 -122.874
7.5 -129.69
10.0 -128.249
10.0 -129.262
10.0 -127.053
10.0 -127.16
10.0 -128.482
10.0 -132.066
10.0 -122.285
11.0 -124.916
11.0 -125.277
11.0 -124.391
11.0 -127.339
11.0 -126.332
11.0 -130.712
11.0 -121.982
11.0 -124.601
11.0 -122.774
11.0 -121.959
11.0 -125.189
11.0 -121.852
11.0 -123.368
11.0 -132.012
11.0 -124.557
11.0 -124.363
11.0 -128.967
11.0 -124.64
11.0 -126.337
11.0 -125.109
11.0 -129.94
11.0 -130.494
11.0 -125.354
11.0 -124.905
11.0 -129.302
11.0 -126.404
11.0 -125.938
11.0 -128.62
11.0 -124.969
11.0 -126.708
11.0 -125.269
11.0 -126.158
11.0 -125.603
11.0 -130.898
11.0 -125.865
11.0 -122.86
11.0 -123.43
11.0 -123.498
11.0 -123.045
11.0 -125.057
11.0 -123.388
11.0 -122.93
11.0 -129.425
11.0 -121.725
11.0 -119.943
11.0 -122.195
11.0 -118.411
11.0 -127.904
11.0 -121.915
11.0 -120.086
11.0 -124.483
11.0 -127.834
11.0 -125.506
11.0 -117.721
11.0 -123.22
11.0 -120.563
11.0 -119.655
11.0 -122.899
11.0 -120.56
11.0 -118.506
11.0 -119.722

Individual: [1, 3, 4, 6, 7, 12, 14, 23, 27, 30, 37, 38, 56, 58, 65, 66, 70, 72, 73, 83, 89, 90, 92, 94, 98]
   Fitness: 17.5
     Total: 25
Violations: 20 14

Individual: [2, 5, 8, 9, 12, 20, 23, 25, 30, 34, 46, 51, 52, 53, 55, 61, 63, 68, 78, 79, 82, 86, 87, 93, 97, 98, 99, 100]
   Fitness: 9.0
     Total: 28
Violations: 33 18

Individual: [2, 3, 5, 9, 10, 23, 27, 30, 33, 40, 41, 46, 53, 54, 56, 58, 61, 66, 67, 68, 81, 85, 86, 87, 92, 98]
   Fitness: 12.0
     Total: 26
Violations: 27 14

Individual: [1, 2, 4, 5, 6, 11, 13, 15, 21, 23, 31, 34, 44, 52, 58, 63, 70, 74, 75, 84, 88, 90, 92, 100]
   Fitness: 13.0
     Total: 24
Violations: 23 18

Individual: [1, 6, 7, 9, 10, 11, 13, 15, 18, 22, 23, 24, 26, 27, 30, 49, 55, 63, 67, 69, 78, 81, 83, 91, 95, 100]
   Fitness: 10.0
     Total: 26
Violations: 29 19

Individual: [1, 2, 5, 7, 13, 18, 22, 27, 31, 32, 33, 38, 46, 48, 62, 71, 81, 83, 88, 90, 91, 99, 100]
   Fitness: 16.5
     Total: 23
Violations: 18 13

Individual: [4, 6, 7, 9, 14, 19, 22, 23, 26, 31, 34, 36, 45, 55, 59, 62, 63, 66, 74, 75, 80, 82, 83, 91, 93, 94, 95, 97]
   Fitness: 9.0
     Total: 28
Violations: 33 19

Individual: [3, 5, 10, 11, 14, 15, 18, 19, 22, 29, 36, 53, 55, 59, 70, 71, 72, 75, 76, 82, 87, 89, 93, 94, 98, 100]
   Fitness: 12.0
     Total: 26
Violations: 27 17

Individual: [1, 2, 6, 9, 13, 17, 18, 19, 21, 26, 28, 29, 34, 43, 45, 53, 55, 68, 77, 78, 82, 90, 95, 96, 98, 100]
   Fitness: 13.0
     Total: 26
Violations: 26 18

Individual: [3, 5, 8, 12, 13, 17, 28, 36, 37, 38, 47, 48, 49, 54, 57, 58, 59, 74, 76, 81, 83, 85, 87, 88, 96, 97]
   Fitness: 11.0
     Total: 26
Violations: 28 15
