10
100
9.5 3.71
11.5 7.37
11.5 7.935
11.5 8.105
11.5 8.905
12.5 9.33
12.5 9.61
12.5 10.045
12.5 10.185
12.5 10.415
13.0 10.625
13.0 10.955
13.0 10.785
13.0 10.885
13.0 11.125
13.0 11.185
13.0 11.25
13.0 11.42
13.0 11.305
13.0 11.22
13.0 11.51
13.0 11.615
13.0 11.505
13.5 11.42
13.5 11.35
13.5 11.74
13.5 11.36
13.5 11.64
13.5 11.33
13.5 11.56
13.5 11.57
13.5 11.395
13.5 11.145
13.5 11.35
13.5 11.26
13.5 11.43
13.5 11.77
13.5 11.475
13.5 11.885
13.5 11.525
13.5 11.815
13.5 11.725
13.5 11.56
13.5 11.545
13.5 11.83
13.5 11.815
13.5 11.715
13.5 11.55
13.5 11.47
13.5 11.645
13.5 11.955
13.5 11.725
13.5 11.66
13.5 11.83
13.5 11.745
13.5 12.05
13.5 11.81
13.5 11.715
13.5 11.745
13.5 11.81
13.5 11.895
13.5 11.995
13.5 11.685
13.5 11.565
13.5 11.615
13.5 11.6
13.5 11.675
13.5 11.605
13.5 11.875
13.5 11.88
13.5 11.99
13.5 11.82
13.5 11.475
13.5 11.3
13.5 11.455
13.5 11.465
13.5 11.515
13.5 11.46
13.5 11.385
13.5 11.085
13.5 11.33
13.5 11.67
13.5 11.45
13.5 11.51
13.5 11.435
13.5 11.735
13.5 11.58
13.5 11.58
13.5 11.55
13.5 11.69
13.5 11.885
13.5 11.83
13.5 12.01
13.5 11.6
13.5 11.65
13.5 11.925
13.5 11.785
13.5 11.92
13.5 11.855
13.5 11.69
100
9.5 4.23
11.0 6.875
11.0 7.86
11.5 8.52
12.0 8.89
12.0 9.195
12.5 9.58
12.5 9.74
12.5 10.145
12.5 10.43
12.5 10.415
12.5 10.13
12.5 10.525
12.5 10.52
12.5 10.695
12.5 10.695
12.5 10.56
12.5 10.495
12.5 10.58
12.5 10.555
12.5 10.98
12.5 10.75
12.5 10.615
12.5 10.755
12.5 10.92
12.5 10.66
12.5 10.845
12.5 10.7
12.5 10.725
12.5 11.035
12.5 11.155
12.5 10.94
12.5 10.86
12.5 10.885
12.5 10.85
12.5 10.865
12.5 10.975
12.5 10.565
12.5 10.86
12.5 10.535
12.5 10.655
12.5 10.93
12.5 10.88
12.5 10.955
12.5 11.05
12.5 10.745
12.5 10.79
12.5 10.85
12.5 10.96
12.5 10.955
12.5 10.785
12.5 10.915
12.5 10.88
13.0 10.715
13.0 10.64
13.0 10.48
13.0 10.705
13.0 10.94
13.0 10.725
13.0 10.815
13.0 10.835
13.0 10.585
13.0 10.685
13.0 10.835
13.0 11.3
13.0 11.085
13.0 11.02
13.0 11.285
13.5 11.37
13.5 11.445
13.5 11.22
13.5 11.31
13.5 11.555
13.5 10.97
13.5 11.38
13.5 11.48
13.5 11.85
13.5 11.84
13.5 11.87
13.5 11.71
13.5 11.34
13.5 11.195
13.5 11.505
13.5 11.59
13.5 11.565
13.5 11.675
13.5 11.45
13.5 11.26
13.5 11.72
13.5 11.525
13.5 11.54
13.5 11.765
13.5 11.565
13.5 11.68
13.5 11.65
13.5 11.67
13.5 11.415
13.5 11.585
13.5 11.53
13.5 11.725
100
11.0 2.565
11.0 6.8
11.5 8.215
12.0 8.535
12.0 9.04
12.0 8.725
12.5 9.72
12.5 9.75
12.5 9.89
12.5 9.945
12.5 10.11
12.5 10.395
13.0 10.365
13.0 10.635
13.0 10.48
13.0 10.865
13.0 10.845
13.0 10.95
13.0 11.195
13.0 11.145
13.0 11.03
13.0 10.905
13.0 10.715
13.0 10.88
13.0 10.915
13.0 11.465
13.0 11.135
13.0 11.125
13.0 11.345
13.0 11.245
13.0 11.445
13.0 11.68
13.0 11.52
13.0 11.39
13.0 11.055
13.0 11.045
13.0 11.49
13.0 11.22
13.0 11.3
13.0 10.99
13.0 11.29
13.0 11.25
13.0 11.115
13.0 11.315
13.0 11.45
13.0 11.255
13.0 11.28
13.0 11.57
13.0 11.415
13.0 11.38
13.0 11.515
13.0 11.515
13.0 11.54
13.0 11.5
13.0 11.455
13.0 11.455
13.0 11.715
13.0 11.625
13.0 11.295
13.0 11.08
13.0 11.095
13.0 11.22
13.0 11.095
13.0 11.42
13.0 11.21
13.0 11.245
13.0 11.365
13.0 11.61
13.0 11.65
13.0 11.54
13.0 11.34
13.0 11.36
13.0 11.195
13.0 11.185
13.0 11.265
13.0 11.205
13.0 11.43
13.0 11.515
13.0 11.475
13.0 11.18
13.0 11.19
13.0 11.29
13.0 11.355
13.0 11.195
13.0 11.4
13.0 11.295
13.0 11.435
13.0 11.135
13.0 11.385
13.0 11.62
13.0 11.365
13.0 11.42
13.0 11.335
13.0 11.305
13.0 11.445
13.0 11.095
13.0 10.91
13.0 11.105
13.0 11.37
13.0 11.265
100
11.5 4.695
12.0 7.52
12.0 8.25
12.5 9.01
12.5 9.01
12.5 9.44
12.5 9.675
12.5 10.01
12.5 10.02
13.0 10.17
13.0 10.325
13.0 10.34
13.0 10.505
13.0 10.62
13.0 10.815
13.0 10.52
13.0 10.635
13.0 10.45
13.0 10.42
13.0 10.27
13.0 10.45
13.0 10.63
13.0 10.27
13.0 10.37
13.0 10.995
13.0 10.93
13.0 10.855
13.0 10.83
13.0 11.105
13.0 11.15
13.0 11.065
13.0 11.325
13.0 11.26
13.0 11.24
13.0 11.11
13.0 11.165
13.0 11.03
13.0 10.99
13.0 10.825
13.0 11.34
13.0 11.33
13.0 11.245
13.0 10.92
13.0 11.015
13.0 10.85
13.0 11.095
13.0 11.365
13.0 11.09
13.0 11.015
13.0 10.895
13.0 10.855
13.0 11.11
13.0 11.09
13.0 10.965
13.0 11.0
13.0 11.19
13.0 11.6
13.0 11.27
13.0 10.995
13.0 10.95
13.0 10.945
13.0 10.965
13.0 10.995
13.0 10.98
13.0 10.91
13.0 11.055
13.0 10.975
13.0 11.145
13.0 10.98
13.0 11.09
13.0 11.085
13.0 11.09
13.0 10.91
13.0 10.76
13.0 10.94
13.0 10.605
13.0 10.86
13.0 11.15
13.0 11.03
13.0 11.365
13.0 11.245
13.0 11.395
13.0 11.335
13.0 11.18
13.0 11.15
13.0 11.13
13.0 11.04
13.0 11.105
13.0 11.02
13.0 10.98
13.0 11.265
13.0 10.955
13.0 11.165
13.0 10.635
13.0 10.55
13.0 10.975
13.0 11.135
13.0 10.895
13.0 11.345
13.0 11.24
100
11.5 3.965
11.5 7.65
11.5 8.685
12.0 9.1
12.0 9.125
12.0 9.415
12.5 9.735
12.5 9.96
12.5 9.995
12.5 10.225
13.0 10.535
13.0 10.895
13.0 10.89
13.0 11.045
13.0 11.295
13.0 11.565
13.0 11.145
13.5 11.18
13.5 10.79
13.5 11.255
13.5 10.88
13.5 10.94
13.5 10.95
13.5 11.245
13.5 11.14
13.5 11.21
13.5 11.64
13.5 11.7
13.5 11.63
13.5 11.555
13.5 11.695
13.5 11.59
13.5 11.645
13.5 11.66
13.5 11.87
13.5 11.665
13.5 11.8
13.5 11.425
13.5 11.635
13.5 11.23
13.5 11.76
13.5 11.985
13.5 11.52
13.5 11.53
13.5 11.745
13.5 11.82
13.5 11.94
13.5 11.655
13.5 11.77
13.5 12.02
13.5 11.84
13.5 11.89
13.5 11.86
13.5 11.57
13.5 11.6
13.5 12.06
13.5 12.115
13.5 11.865
13.5 11.815
13.5 11.81
13.5 11.755
13.5 11.705
13.5 11.8
13.5 11.645
13.5 11.6
13.5 11.645
13.5 11.785
13.5 11.935
13.5 11.775
13.5 11.81
13.5 11.55
13.5 11.815
13.5 11.71
13.5 11.795
13.5 11.59
13.5 11.81
13.5 11.84
13.5 11.7
13.5 11.655
13.5 11.73
13.5 11.865
13.5 11.885
13.5 11.695
13.5 11.935
13.5 11.655
13.5 11.765
13.5 11.725
13.5 11.64
13.5 11.79
13.5 11.825
13.5 11.615
13.5 11.785
13.5 11.89
13.5 11.89
13.5 11.91
13.5 11.995
13.5 11.98
13.5 11.555
13.5 12.055
13.5 11.905
100
11.0 4.405
11.0 7.81
12.0 8.3
12.0 8.77
12.0 9.055
12.5 8.96
12.5 9.025
12.5 9.445
12.5 9.97
12.5 10.19
13.0 10.37
13.0 9.955
13.0 10.375
13.0 10.48
13.0 10.785
13.0 11.085
13.0 11.24
13.0 10.955
13.0 10.62
13.0 10.945
13.0 10.97
13.0 10.915
13.0 10.645
13.0 11.46
13.0 11.525
13.0 11.225
13.0 11.42
13.0 11.02
13.0 11.095
13.0 11.3
13.0 11.115
13.0 10.845
13.0 10.925
13.0 10.865
13.0 10.93
13.0 10.94
13.0 11.35
13.0 11.5
13.0 11.19
13.0 11.49
13.0 11.515
13.0 11.32
13.0 11.445
13.0 11.13
13.0 11.005
13.0 11.155
13.0 11.41
13.0 11.065
13.0 11.295
13.0 11.325
13.0 10.955
13.0 11.15
13.0 11.42
13.0 10.775
13.0 11.12
13.0 11.445
13.0 11.605
13.0 11.445
13.0 11.22
13.0 10.85
13.0 10.845
13.0 10.865
13.0 11.07
13.0 11.35
13.0 11.31
13.0 10.99
13.0 11.075
13.0 11.26
13.0 11.32
13.0 11.34
13.0 11.365
13.0 11.08
13.0 11.205
13.0 10.915
13.0 11.12
13.0 11.27
13.0 11.195
13.0 11.36
13.0 11.095
13.0 11.35
13.0 11.325
13.0 11.545
13.0 11.765
13.0 11.2
13.0 11.4
13.0 11.045
13.0 11.35
13.0 11.25
13.0 11.225
13.0 11.14
13.0 11.735
13.0 11.35
13.0 11.15
13.0 11.075
13.0 11.19
13.0 11.215
13.0 11.22
13.0 11.16
13.0 11.105
13.0 10.75
100
10.0 3.78
11.5 7.7
12.0 8.53
12.5 8.88
12.5 9.395
12.5 9.825
13.0 10.25
13.0 10.775
13.0 10.73
13.0 10.98
13.0 10.93
13.0 10.52
13.0 10.865
13.0 10.955
13.0 11.42
13.0 11.45
13.0 11.29
13.0 11.14
13.0 11.085
13.0 11.075
13.0 10.975
13.0 11.05
13.0 11.33
13.0 11.04
13.0 11.035
13.0 11.115
13.0 11.16
13.0 11.385
13.0 11.24
13.0 11.015
13.0 11.29
13.0 11.355
13.0 11.555
13.0 11.345
13.0 11.175
13.0 11.4
13.0 11.635
13.0 11.25
13.0 11.08
13.0 10.69
13.0 10.795
13.0 10.91
13.0 11.18
13.0 11.055
13.0 11.035
13.0 11.38
13.0 11.365
13.0 11.41
13.0 10.925
13.0 11.345
13.0 11.55
13.0 11.19
13.0 11.085
13.0 10.8
13.0 10.965
13.0 11.1
13.0 11.13
13.0 11.195
13.0 11.145
13.0 11.105
13.0 10.83
13.0 10.77
13.0 11.06
13.0 11.49
13.0 11.44
13.0 11.005
13.0 11.03
13.0 11.06
13.0 10.975
13.0 10.825
13.0 10.855
13.0 10.925
13.0 11.13
13.0 11.2
13.0 11.1
13.0 11.045
13.0 10.995
13.0 10.985
13.0 11.35
13.0 11.1
13.0 11.045
13.0 11.41
13.0 11.06
13.0 11.24
13.0 11.07
13.0 11.195
13.0 11.33
13.0 11.255
13.0 10.78
13.0 11.11
13.0 11.245
13.0 11.545
13.0 11.325
13.0 11.39
13.0 11.05
13.0 11.255
13.0 11.05
13.0 11.105
13.0 11.265
13.0 11.24
100
11.0 3.965
11.0 7.56
11.5 8.065
12.0 8.665
12.0 8.935
12.5 9.465
12.5 9.545
12.5 10.115
12.5 10.13
12.5 10.255
12.5 10.51
12.5 10.395
12.5 10.405
13.0 10.595
13.0 10.72
13.0 10.51
13.0 10.635
13.0 10.58
13.0 10.895
13.0 10.575
13.0 10.82
13.0 10.72
13.0 11.175
13.0 11.095
13.0 11.15
13.0 11.33
13.0 11.41
13.0 11.405
13.0 11.205
13.0 10.885
13.0 11.44
13.0 11.315
13.0 11.405
13.0 11.455
13.0 11.4
13.0 11.465
13.0 11.7
13.0 11.21
13.0 11.305
13.0 11.475
13.0 11.15
13.0 11.435
13.0 11.445
13.0 11.56
13.0 11.635
13.0 11.595
13.0 11.56
13.0 11.615
13.0 11.53
13.0 11.805
13.0 11.59
13.0 11.2
13.0 11.14
13.0 11.385
13.0 11.525
13.0 11.185
13.0 11.34
13.0 11.665
13.0 11.65
13.0 11.42
13.0 11.415
13.0 11.34
13.0 11.64
13.0 11.665
13.0 11.37
13.0 11.68
13.0 11.325
13.0 11.575
13.0 11.345
13.0 11.25
13.0 11.2
13.0 11.505
13.0 11.165
13.0 11.065
13.0 11.04
13.0 11.45
13.0 11.29
13.0 11.355
13.0 11.31
13.0 11.55
13.0 11.31
13.0 11.35
13.0 10.99
13.0 11.13
13.0 11.285
13.0 11.755
13.0 11.405
13.0 11.055
13.0 11.355
13.0 11.22
13.0 11.305
13.0 11.465
13.0 11.44
13.0 11.51
13.0 11.72
13.0 11.825
13.0 11.415
13.0 11.5
13.0 11.6
13.0 11.355
100
9.5 3.075
11.5 6.42
11.5 8.035
12.0 8.78
12.0 9.065
12.0 9.505
12.0 9.435
12.5 9.635
12.5 9.85
12.5 10.085
13.0 10.345
13.0 10.45
13.0 10.305
13.0 10.25
13.0 10.765
13.0 10.515
13.0 10.44
13.0 10.97
13.0 10.935
13.0 11.19
13.0 11.51
13.0 11.57
13.0 11.295
13.0 11.235
13.0 11.325
13.0 11.065
13.0 11.245
13.0 11.095
13.0 11.235
13.0 11.155
13.0 11.145
13.0 11.335
13.0 11.5
13.0 10.82
13.0 11.03
13.0 11.02
13.0 10.91
13.0 11.245
13.0 11.06
13.0 11.345
13.0 11.045
13.0 11.215
13.0 11.475
13.0 11.43
13.0 11.055
13.0 11.045
13.0 11.045
13.0 11.26
13.0 11.385
13.0 11.09
13.0 11.245
13.0 11.455
13.0 11.41
13.0 11.35
13.0 10.855
13.0 10.71
13.0 10.85
13.0 11.11
13.0 11.255
13.0 11.22
13.0 11.36
13.0 11.605
13.0 11.1
13.0 11.245
13.0 11.245
13.0 11.265
13.0 11.14
13.0 11.2
13.0 11.32
13.0 11.265
13.0 11.085
13.0 11.035
13.0 11.29
13.0 11.425
13.0 11.225
13.0 11.45
13.0 11.07
13.0 11.08
13.0 11.21
13.0 11.26
13.0 10.825
13.0 10.83
13.0 10.705
13.0 10.845
13.0 11.225
13.0 11.345
13.0 11.265
13.0 11.125
13.0 11.245
13.0 11.695
13.0 11.63
13.0 11.22
13.0 11.045
13.0 11.235
13.0 11.12
13.0 11.325
13.0 11.355
13.0 11.58
13.0 11.365
13.0 11.28
100
10.0 3.17
10.5 6.665
11.5 7.975
12.0 8.865
12.0 9.06
12.0 9.52
12.0 9.615
12.0 9.9
12.5 10.325
12.5 10.33
12.5 10.295
13.0 10.55
13.0 10.925
13.0 10.81
13.0 11.005
13.0 11.205
13.0 11.46
13.0 11.105
13.0 11.025
13.0 11.125
13.0 11.51
13.0 11.585
13.0 11.595
13.0 11.29
13.0 11.28
13.0 11.37
13.0 11.485
13.0 11.025
13.0 11.055
13.0 11.185
13.0 10.81
13.0 11.365
13.0 11.16
13.0 10.915
13.0 10.99
13.0 11.03
13.0 11.34
13.0 11.025
13.0 10.805
13.0 10.93
13.0 11.095
13.0 11.21
13.0 10.71
13.0 10.83
13.0 10.95
13.0 11.295
13.0 11.38
13.0 10.955
13.0 11.155
13.0 11.05
13.0 11.085
13.0 11.08
13.0 11.345
13.0 11.225
13.0 11.4
13.0 11.32
13.0 11.11
13.0 11.1
13.0 11.055
13.0 11.09
13.0 11.29
13.0 11.265
13.0 11.335
13.0 10.97
13.0 11.24
13.0 11.33
13.0 11.44
13.0 11.115
13.0 11.14
13.0 11.05
13.0 10.81
13.0 10.71
13.0 11.295
13.0 10.72
13.0 11.17
13.0 11.24
13.0 11.04
13.0 11.1
13.0 11.56
13.0 11.555
13.0 11.515
13.0 11.16
13.0 11.48
13.0 11.4
13.0 11.415
13.0 11.215
13.0 11.01
13.0 11.295
13.0 10.785
13.0 10.785
13.0 10.94
13.0 11.23
13.0 11.64
13.0 11.34
13.0 11.205
13.0 11.46
13.0 10.755
13.0 10.775
13.0 11.155
13.0 10.99

Individual: [1, 3, 6, 7, 12, 14, 15, 19, 20]
   Fitness: 13.5
     Total: 9
Violations: 0 0

Individual: [1, 3, 6, 7, 12, 14, 15, 19, 20]
   Fitness: 13.5
     Total: 9
Violations: 0 0

Individual: [1, 2, 3, 6, 7, 14, 16, 17, 19, 20]
   Fitness: 13.0
     Total: 10
Violations: 2 2

Individual: [1, 3, 4, 8, 9, 11, 16, 17, 19, 20]
   Fitness: 13.0
     Total: 10
Violations: 2 2

Individual: [1, 3, 6, 7, 12, 14, 15, 19, 20]
   Fitness: 13.5
     Total: 9
Violations: 0 0

Individual: [1, 2, 4, 5, 7, 11, 14, 16, 19, 20]
   Fitness: 13.0
     Total: 10
Violations: 2 2

Individual: [1, 2, 4, 5, 7, 14, 16, 17, 19, 20]
   Fitness: 13.0
     Total: 10
Violations: 2 2

Individual: [1, 2, 4, 5, 7, 14, 15, 16, 19, 20]
   Fitness: 13.0
     Total: 10
Violations: 2 2

Individual: [1, 3, 4, 8, 9, 11, 16, 17, 19, 20]
   Fitness: 13.0
     Total: 10
Violations: 2 2

Individual: [1, 2, 4, 5, 7, 14, 16, 17, 19, 20]
   Fitness: 13.0
     Total: 10
Violations: 2 2
