10
100
11.0 3.74
11.5 8.565
11.5 9.805
12.0 10.435
12.5 10.67
13.5 11.08
13.5 11.635
13.5 12.415
13.5 13.04
13.5 13.255
13.5 13.31
13.5 13.305
13.5 13.38
13.5 13.385
13.5 13.405
13.5 13.155
13.5 13.34
13.5 13.32
13.5 13.33
13.5 13.33
13.5 13.26
13.5 13.345
13.5 13.31
13.5 13.36
13.5 13.355
13.5 13.345
13.5 13.38
13.5 13.3
13.5 13.32
13.5 13.345
13.5 13.34
13.5 13.225
13.5 13.28
13.5 13.265
13.5 13.25
13.5 13.21
13.5 13.4
13.5 13.29
13.5 13.275
13.5 13.28
13.5 13.41
13.5 13.225
13.5 13.265
13.5 13.31
13.5 13.255
13.5 13.365
13.5 13.295
13.5 13.24
13.5 13.35
13.5 13.29
13.5 13.35
13.5 13.38
13.5 13.385
13.5 13.415
13.5 13.37
13.5 13.335
13.5 13.31
13.5 13.365
13.5 13.15
13.5 13.34
13.5 13.255
13.5 13.35
13.5 13.255
13.5 13.355
13.5 13.335
13.5 13.39
13.5 13.115
13.5 13.25
13.5 13.155
13.5 13.21
13.5 13.225
13.5 13.235
13.5 13.435
13.5 13.22
13.5 13.37
13.5 13.26
13.5 13.34
13.5 13.325
13.5 13.32
13.5 13.28
13.5 13.23
13.5 13.34
13.5 13.335
13.5 13.28
13.5 13.185
13.5 13.185
13.5 13.38
13.5 13.335
13.5 13.35
13.5 13.33
13.5 13.28
13.5 13.245
13.5 13.295
13.5 13.3
13.5 13.2
13.5 13.405
13.5 13.365
13.5 13.3
13.5 13.195
13.5 13.405
100
10.0 4.695
11.0 8.21
11.5 9.35
12.0 9.845
12.5 10.795
12.5 11.2
13.0 11.45
13.0 11.69
13.0 11.685
13.0 12.17
13.0 12.445
13.0 12.57
13.0 12.8
13.0 12.65
13.0 12.51
13.0 12.83
13.0 12.675
13.0 12.575
13.0 12.56
13.0 12.825
13.0 12.615
13.0 12.845
13.0 12.71
13.0 12.735
13.0 12.915
13.0 12.695
13.0 12.79
13.0 12.765
13.0 12.61
13.0 12.815
13.0 12.76
13.0 12.665
13.0 12.705
13.0 12.85
13.0 12.645
13.0 12.655
13.0 12.71
13.0 12.875
13.0 12.805
13.0 12.875
13.0 12.805
13.0 12.865
13.0 12.835
13.0 12.68
13.0 12.735
13.0 12.795
13.0 12.79
13.0 12.8
13.0 12.78
13.0 12.925
13.0 12.7
13.0 12.65
13.0 12.825
13.0 12.86
13.0 12.855
13.0 12.825
13.0 12.79
13.0 12.795
13.0 12.77
13.0 12.675
13.0 12.865
13.0 12.895
13.0 12.87
13.0 12.81
13.0 12.705
13.0 12.67
13.0 12.83
13.0 12.845
13.0 12.595
13.0 12.765
13.0 12.73
13.0 12.795
13.0 12.625
13.0 12.74
13.0 12.75
13.0 12.71
13.0 12.83
13.0 12.605
13.0 12.86
13.0 12.94
13.0 12.55
13.0 12.82
13.0 12.775
13.0 12.765
13.0 12.84
13.0 12.825
13.0 12.7
13.0 12.72
13.0 12.93
13.0 12.88
13.0 12.83
13.0 12.835
13.0 12.83
13.0 12.76
13.0 12.82
13.0 12.775
13.0 12.865
13.0 12.83
13.0 12.875
13.0 12.815
100
10.0 4.055
11.5 8.285
12.0 9.655
12.0 10.455
12.5 11.15
12.5 11.845
13.0 12.15
13.0 12.345
13.0 12.62
13.0 12.735
13.0 12.86
13.0 12.745
13.0 12.79
13.0 12.79
13.0 12.705
13.0 12.83
13.0 12.72
13.0 12.72
13.0 12.73
13.0 12.705
13.0 12.73
13.0 12.725
13.0 12.755
13.0 12.765
13.0 12.815
13.0 12.765
13.0 12.86
13.0 12.905
13.0 12.795
13.0 12.82
13.0 12.75
13.0 12.745
13.0 12.58
13.0 12.75
13.0 12.7
13.0 12.855
13.0 12.82
13.0 12.7
13.0 12.735
13.0 12.795
13.0 12.745
13.0 12.875
13.0 12.685
13.0 12.675
13.0 12.74
13.0 12.715
13.0 12.705
13.0 12.795
13.0 12.58
13.0 12.75
13.0 12.845
13.0 12.805
13.0 12.78
13.0 12.64
13.0 12.715
13.0 12.58
13.0 12.89
13.0 12.865
13.0 12.775
13.0 12.77
13.0 12.615
13.0 12.84
13.0 12.67
13.0 12.855
13.0 12.835
13.0 12.9
13.0 12.835
13.0 12.76
13.0 12.805
13.0 12.725
13.0 12.77
13.0 12.855
13.0 12.84
13.0 12.855
13.0 12.655
13.0 12.69
13.0 12.73
13.0 12.71
13.0 12.55
13.0 12.61
13.0 12.67
13.0 12.63
13.0 12.755
13.0 12.74
13.0 12.785
13.0 12.6
13.0 12.62
13.0 12.69
13.0 12.64
13.0 12.845
13.0 12.8
13.0 12.765
13.0 12.83
13.0 12.695
13.0 12.605
13.0 12.805
13.0 12.665
13.0 12.69
13.0 12.83
13.0 12.705
100
10.5 3.46
12.5 7.895
12.5 9.29
12.5 9.86
12.5 10.13
12.5 10.96
12.5 11.355
12.5 11.135
12.5 11.6
12.5 12.025
12.5 12.155
12.5 12.195
12.5 12.22
12.5 12.19
12.5 12.07
12.5 12.19
12.5 12.215
12.5 12.19
12.5 12.095
12.5 12.155
12.5 12.3
12.5 12.11
12.5 12.21
12.5 12.18
12.5 12.185
12.5 12.27
12.5 12.26
12.5 12.23
12.5 12.28
12.5 12.2
12.5 12.215
12.5 12.36
12.5 12.32
12.5 12.245
12.5 12.245
12.5 12.255
12.5 12.24
12.5 12.275
12.5 12.21
12.5 12.26
12.5 12.26
12.5 12.29
12.5 12.265
12.5 12.265
12.5 12.255
12.5 12.26
12.5 12.25
12.5 12.315
12.5 12.345
12.5 12.235
12.5 12.315
12.5 12.07
12.5 12.375
12.5 12.205
12.5 12.325
12.5 12.34
12.5 12.255
12.5 12.075
12.5 12.09
12.5 12.005
12.5 12.335
12.5 12.25
12.5 12.315
12.5 12.35
12.5 12.19
12.5 12.225
12.5 12.23
12.5 12.34
12.5 12.28
12.5 12.365
12.5 12.19
12.5 12.36
12.5 12.315
12.5 12.3
12.5 12.31
12.5 12.37
12.5 12.145
12.5 12.395
12.5 12.33
12.5 12.18
12.5 12.275
12.5 12.16
12.5 12.34
12.5 12.265
12.5 12.165
12.5 12.13
12.5 12.285
12.5 12.25
12.5 12.345
12.5 12.135
12.5 12.185
12.5 12.23
12.5 12.22
12.5 12.295
12.5 12.22
12.5 12.125
12.5 12.315
12.5 12.255
12.5 12.05
12.5 11.95
100
10.5 3.7
11.0 8.275
12.0 9.3
12.5 9.985
12.5 10.55
12.5 11.125
12.5 11.975
12.5 12.29
12.5 12.26
12.5 12.37
12.5 12.27
12.5 12.42
12.5 12.39
12.5 12.405
12.5 12.405
12.5 12.29
12.5 12.395
12.5 12.345
12.5 12.375
12.5 12.32
12.5 12.325
12.5 12.285
12.5 12.385
12.5 12.43
12.5 12.38
12.5 12.305
12.5 12.3
12.5 12.41
12.5 12.14
12.5 12.235
12.5 12.4
12.5 12.44
12.5 12.28
12.5 12.12
12.5 12.35
12.5 12.325
12.5 12.37
12.5 12.265
12.5 12.315
12.5 12.24
12.5 12.33
12.5 12.305
12.5 12.325
12.5 12.28
12.5 12.4
12.5 12.12
12.5 12.36
12.5 12.275
12.5 12.295
12.5 12.285
12.5 12.29
12.5 12.29
12.5 12.27
12.5 12.245
12.5 12.26
12.5 12.35
12.5 12.44
12.5 12.36
12.5 12.415
12.5 12.31
12.5 12.34
12.5 12.4
12.5 12.385
12.5 12.335
12.5 12.395
12.5 12.23
12.5 12.305
12.5 12.285
12.5 12.21
12.5 12.345
12.5 12.335
12.5 12.33
12.5 12.405
12.5 12.195
12.5 12.375
12.5 12.35
12.5 12.24
12.5 12.435
12.5 12.415
12.5 12.24
12.5 12.375
12.5 12.3
12.5 12.355
12.5 12.3
12.5 12.375
12.5 12.35
12.5 12.365
12.5 12.21
12.5 12.29
12.5 12.245
12.5 12.32
12.5 12.32
12.5 12.175
12.5 12.35
12.5 12.275
12.5 12.265
12.5 12.31
12.5 12.315
12.5 12.4
12.5 12.305
100
10.5 3.64
11.5 8.18
12.5 9.285
13.0 10.195
13.0 11.37
13.0 12.12
13.0 12.51
13.0 12.815
13.0 12.765
13.0 12.9
13.0 12.85
13.0 12.86
13.0 12.81
13.0 12.84
13.0 12.895
13.0 12.78
13.0 12.77
13.0 12.74
13.0 12.795
13.0 12.83
13.0 12.925
13.0 12.73
13.0 12.81
13.0 12.845
13.0 12.85
13.0 12.83
13.0 12.82
13.0 12.805
13.0 12.905
13.0 12.835
13.0 12.895
13.0 12.905
13.0 12.855
13.0 12.855
13.0 12.89
13.0 12.895
13.0 12.855
13.0 12.89
13.0 12.88
13.0 12.79
13.0 12.9
13.0 12.845
13.0 12.84
13.0 12.85
13.0 12.84
13.0 12.845
13.0 12.76
13.0 12.905
13.0 12.54
13.0 12.79
13.0 12.81
13.0 12.805
13.0 12.815
13.0 12.885
13.0 12.96
13.0 12.945
13.0 12.84
13.0 12.95
13.0 12.745
13.0 12.84
13.0 12.805
13.0 12.865
13.0 12.825
13.0 12.85
13.0 12.64
13.0 12.69
13.0 12.9
13.0 12.78
13.0 12.905
13.0 12.825
13.0 12.84
13.0 12.87
13.0 12.88
13.0 12.78
13.0 12.86
13.0 12.855
13.0 12.95
13.0 12.7
13.0 12.885
13.0 12.8
13.0 12.825
13.0 12.87
13.0 12.755
13.0 12.765
13.0 12.78
13.0 12.85
13.0 12.9
13.0 12.855
13.0 12.875
13.0 12.775
13.0 12.855
13.0 12.78
13.0 12.75
13.0 12.8
13.0 12.735
13.0 12.595
13.0 12.9
13.0 12.93
13.0 12.8
13.0 12.775
100
12.5 4.435
12.5 8.845
12.5 9.915
13.0 10.76
13.0 12.095
13.0 12.645
13.0 12.745
13.0 12.67
13.0 12.735
13.0 12.9
13.0 12.805
13.0 12.875
13.0 12.765
13.0 12.785
13.0 12.83
13.0 12.83
13.0 12.81
13.0 12.91
13.0 12.815
13.0 12.765
13.0 12.86
13.0 12.61
13.0 12.45
13.0 12.75
13.0 12.655
13.0 12.835
13.0 12.7
13.0 12.8
13.0 12.925
13.0 12.8
13.0 12.645
13.0 12.81
13.0 12.7
13.0 12.785
13.0 12.855
13.0 12.765
13.0 12.795
13.0 12.855
13.0 12.83
13.0 12.69
13.0 12.745
13.0 12.645
13.0 12.735
13.0 12.905
13.0 12.81
13.0 12.88
13.0 12.85
13.0 12.845
13.0 12.79
13.0 12.74
13.0 12.88
13.0 12.73
13.0 12.7
13.0 12.865
13.0 12.8
13.0 12.72
13.0 12.775
13.0 12.75
13.0 12.85
13.0 12.8
13.0 12.9
13.0 12.825
13.0 12.775
13.0 12.75
13.0 12.68
13.0 12.775
13.0 12.69
13.0 12.6
13.0 12.83
13.0 12.75
13.0 12.83
13.0 12.875
13.0 12.595
13.0 12.805
13.0 12.795
13.0 12.94
13.0 12.795
13.0 12.77
13.0 12.9
13.0 12.735
13.0 12.895
13.0 12.68
13.0 12.855
13.0 12.83
13.0 12.835
13.0 12.855
13.0 12.87
13.0 12.82
13.0 12.745
13.0 12.58
13.0 12.795
13.0 12.795
13.0 12.9
13.0 12.825
13.0 12.755
13.0 12.905
13.0 12.675
13.0 12.87
13.0 12.73
13.0 12.76
100
10.5 3.88
11.0 8.16
12.5 9.2
12.5 9.735
12.5 10.51
12.5 11.135
12.5 11.885
12.5 12.065
13.0 12.18
13.0 12.17
13.0 12.33
13.0 12.24
13.0 12.76
13.0 12.885
13.0 12.89
13.0 12.905
13.0 12.88
13.0 12.655
13.0 12.75
13.0 12.76
13.0 12.93
13.0 12.885
13.0 12.87
13.0 12.985
13.0 12.805
13.0 12.75
13.0 12.87
13.0 12.805
13.0 12.86
13.0 12.825
13.0 12.8
13.0 12.845
13.0 12.87
13.0 12.875
13.0 12.855
13.0 12.925
13.0 12.845
13.0 12.785
13.0 12.885
13.0 12.775
13.0 12.815
13.0 12.92
13.0 12.83
13.0 12.75
13.0 12.82
13.0 12.825
13.0 12.68
13.0 12.8
13.0 12.955
13.0 12.85
13.0 12.845
13.0 12.765
13.0 12.845
13.0 12.91
13.0 12.81
13.0 12.885
13.0 12.855
13.0 12.84
13.0 12.89
13.0 12.825
13.0 12.735
13.0 12.745
13.0 12.86
13.0 12.805
13.0 12.72
13.0 12.805
13.0 12.825
13.0 12.74
13.0 12.645
13.0 12.86
13.0 12.85
13.0 12.715
13.0 12.88
13.0 12.805
13.0 12.88
13.0 12.94
13.0 12.865
13.0 12.825
13.0 12.93
13.0 12.845
13.0 12.75
13.0 12.78
13.0 12.825
13.0 12.7
13.0 12.805
13.0 12.915
13.0 12.91
13.0 12.965
13.0 12.805
13.0 12.885
13.0 12.875
13.0 12.93
13.0 12.8
13.0 12.855
13.0 12.855
13.0 12.85
13.0 12.805
13.0 12.875
13.0 12.96
13.0 12.76
100
11.5 3.43
12.5 7.995
13.0 9.62
13.0 10.895
13.0 11.755
13.0 12.315
13.0 12.57
13.5 12.885
13.5 12.775
13.5 12.73
13.5 12.775
13.5 13.005
13.5 13.175
13.5 13.35
13.5 13.265
13.5 13.43
13.5 13.3
13.5 13.355
13.5 13.325
13.5 13.285
13.5 13.325
13.5 13.3
13.5 13.465
13.5 13.42
13.5 13.225
13.5 13.37
13.5 13.405
13.5 13.21
13.5 13.235
13.5 13.26
13.5 13.33
13.5 13.365
13.5 13.315
13.5 13.405
13.5 13.355
13.5 13.205
13.5 13.275
13.5 13.315
13.5 13.315
13.5 13.39
13.5 13.355
13.5 13.32
13.5 13.39
13.5 13.13
13.5 13.32
13.5 13.36
13.5 13.45
13.5 13.285
13.5 13.3
13.5 13.225
13.5 13.375
13.5 13.27
13.5 13.275
13.5 13.46
13.5 13.245
13.5 13.365
13.5 13.32
13.5 13.2
13.5 13.345
13.5 13.27
13.5 13.285
13.5 13.325
13.5 13.285
13.5 13.275
13.5 13.14
13.5 13.37
13.5 13.27
13.5 13.33
13.5 13.335
13.5 13.25
13.5 13.315
13.5 13.245
13.5 13.45
13.5 13.265
13.5 13.235
13.5 13.355
13.5 13.315
13.5 13.355
13.5 13.33
13.5 13.395
13.5 13.305
13.5 13.37
13.5 13.245
13.5 13.35
13.5 13.405
13.5 13.31
13.5 13.375
13.5 13.335
13.5 13.355
13.5 13.31
13.5 13.115
13.5 13.315
13.5 13.21
13.5 13.38
13.5 13.235
13.5 13.36
13.5 13.185
13.5 13.26
13.5 13.265
13.5 13.315
100
11.0 2.915
11.0 8.075
12.0 9.13
12.0 10.245
13.0 10.345
13.0 10.935
13.0 12.055
13.0 12.585
13.0 12.835
13.0 12.8
13.0 12.705
13.0 12.675
13.0 12.515
13.0 12.715
13.0 12.9
13.0 12.81
13.0 12.43
13.0 12.885
13.0 12.6
13.0 12.73
13.0 12.92
13.0 12.81
13.0 12.915
13.0 12.88
13.0 12.76
13.0 12.77
13.0 12.59
13.0 12.55
13.0 12.75
13.0 12.785
13.0 12.78
13.0 12.805
13.0 12.62
13.0 12.6
13.0 12.68
13.0 12.69
13.0 12.655
13.0 12.695
13.0 12.66
13.0 12.725
13.0 12.715
13.0 12.78
13.0 12.71
13.0 12.87
13.0 12.735
13.0 12.76
13.0 12.73
13.0 12.69
13.0 12.925
13.0 12.685
13.0 12.8
13.0 12.905
13.0 12.67
13.0 12.67
13.0 12.77
13.0 12.785
13.0 12.74
13.0 12.835
13.0 12.78
13.0 12.865
13.0 12.755
13.0 12.825
13.0 12.735
13.0 12.74
13.0 12.575
13.0 12.795
13.0 12.69
13.0 12.49
13.0 12.82
13.0 12.825
13.0 12.75
13.0 12.55
13.0 12.72
13.0 12.845
13.0 12.61
13.0 12.815
13.0 12.79
13.0 12.755
13.0 12.83
13.0 12.865
13.0 12.695
13.0 12.81
13.0 12.755
13.0 12.74
13.0 12.91
13.0 12.68
13.0 12.795
13.0 12.695
13.0 12.815
13.0 12.77
13.0 12.86
13.0 12.67
13.0 12.665
13.0 12.78
13.0 12.67
13.0 12.9
13.0 12.575
13.0 12.63
13.0 12.735
13.0 12.955

Individual: [1, 3, 6, 7, 12, 14, 15, 19, 20]
   Fitness: 13.5
     Total: 9
Violations: 0 0

Individual: [1, 2, 4, 8, 11, 13, 16, 17, 19, 20]
   Fitness: 13.0
     Total: 10
Violations: 2 2

Individual: [1, 2, 3, 6, 7, 14, 15, 18, 19, 20]
   Fitness: 13.0
     Total: 10
Violations: 2 2

Individual: [1, 4, 6, 9, 10, 13, 15, 18, 19]
   Fitness: 12.5
     Total: 9
Violations: 1 1

Individual: [2, 3, 5, 6, 8, 15, 16, 18, 19]
   Fitness: 12.5
     Total: 9
Violations: 1 1

Individual: [1, 2, 4, 5, 13, 14, 16, 17, 19, 20]
   Fitness: 13.0
     Total: 10
Violations: 2 2

Individual: [1, 2, 4, 5, 8, 10, 13, 17, 19, 20]
   Fitness: 13.0
     Total: 10
Violations: 2 2

Individual: [1, 3, 4, 6, 7, 14, 15, 18, 19, 20]
   Fitness: 13.0
     Total: 10
Violations: 2 2

Individual: [1, 3, 6, 7, 12, 14, 15, 19, 20]
   Fitness: 13.5
     Total: 9
Violations: 0 0

Individual: [1, 2, 4, 5, 10, 12, 13, 17, 18, 20]
   Fitness: 13.0
     Total: 10
Violations: 2 2
