10
50
12.0 3.695
12.0 6.445
12.5 7.94
12.5 7.995
12.5 8.37
12.5 8.515
12.5 8.925
12.5 8.15
12.5 8.37
12.5 8.375
12.5 8.605
13.0 9.04
13.0 9.2
13.0 8.46
13.0 8.67
13.0 8.825
13.0 8.8
13.0 9.2
13.0 9.02
13.0 8.765
13.0 8.845
13.0 8.875
13.0 9.03
13.0 9.28
13.0 9.275
13.0 9.57
13.0 9.62
13.0 8.905
13.0 8.995
13.0 9.0
13.0 8.88
13.0 8.95
13.0 8.785
13.0 8.44
13.0 8.28
13.0 9.07
13.0 9.245
13.0 9.075
13.0 8.74
13.0 8.575
13.0 8.595
13.0 8.645
13.0 8.855
13.0 9.235
13.0 9.225
13.0 8.755
13.0 8.99
13.0 9.045
13.0 8.795
13.0 8.725
50
10.5 4.01
11.5 6.27
12.5 7.19
12.5 7.935
12.5 8.315
12.5 8.18
13.0 8.615
13.0 8.745
13.0 8.83
13.0 8.655
13.0 9.155
13.0 8.74
13.0 9.095
13.0 9.005
13.0 9.01
13.0 8.515
13.0 9.045
13.0 9.17
13.0 8.96
13.0 9.075
13.0 8.715
13.0 9.02
13.0 8.96
13.0 8.94
13.0 8.705
13.0 9.03
13.0 8.755
13.0 7.78
13.0 8.64
13.0 8.565
13.0 8.625
13.0 8.905
13.0 9.165
13.0 9.445
13.0 9.665
13.0 9.24
13.0 9.08
13.0 8.865
13.0 8.95
13.0 8.695
13.0 8.785
13.0 9.0
13.0 8.765
13.0 8.7
13.0 8.575
13.0 8.78
13.0 8.935
13.0 8.99
13.0 8.52
13.0 8.815
50
11.0 3.815
11.0 6.695
11.0 7.64
11.5 8.005
12.0 7.5
12.5 8.09
12.5 8.16
12.5 8.425
12.5 8.7
12.5 9.265
13.0 8.4
13.0 8.495
13.0 8.65
13.0 8.74
13.0 9.125
13.0 8.93
13.0 8.635
13.0 8.635
13.0 9.22
13.0 9.31
13.0 9.075
13.0 8.86
13.0 9.075
13.0 8.34
13.0 8.725
13.0 8.71
13.0 8.85
13.5 8.865
13.5 8.78
13.5 9.13
13.5 9.06
13.5 8.8
13.5 8.7
13.5 8.82
13.5 8.55
13.5 8.645
13.5 9.125
13.5 8.8
13.5 8.535
13.5 8.83
13.5 8.675
13.5 8.55
13.5 8.745
13.5 8.89
13.5 8.455
13.5 8.48
13.5 8.62
13.5 8.84
13.5 8.83
13.5 8.82
50
10.0 3.895
11.5 7.2
12.0 7.63
12.5 7.52
12.5 8.105
12.5 8.655
12.5 8.94
12.5 8.35
12.5 8.44
13.5 8.49
13.5 8.84
13.5 8.785
13.5 8.91
13.5 9.085
13.5 8.84
13.5 8.835
13.5 8.75
13.5 8.605
13.5 8.805
13.5 8.63
13.5 8.82
13.5 8.76
13.5 8.71
13.5 8.675
13.5 9.245
13.5 8.96
13.5 8.965
13.5 8.93
13.5 9.0
13.5 8.635
13.5 9.22
13.5 9.02
13.5 8.745
13.5 8.3
13.5 8.62
13.5 8.575
13.5 8.935
13.5 9.25
13.5 8.855
13.5 8.985
13.5 9.115
13.5 9.245
13.5 9.185
13.5 8.875
13.5 8.915
13.5 8.9
13.5 8.565
13.5 8.5
13.5 9.01
13.5 8.82
50
10.5 4.075
10.5 6.74
11.0 7.73
12.0 7.445
12.0 7.47
12.0 7.96
12.0 8.455
12.0 7.93
12.5 8.43
12.5 8.485
13.0 8.455
13.0 8.765
13.0 8.535
13.0 8.925
13.0 8.47
13.0 8.67
13.0 8.505
13.0 8.84
13.0 9.1
13.0 8.605
13.0 8.755
13.0 8.465
13.0 8.535
13.0 8.66
13.0 8.615
13.0 8.545
13.0 8.62
13.0 8.885
13.0 8.875
13.0 8.695
13.0 8.735
13.0 8.685
13.0 8.895
13.0 8.65
13.0 9.315
13.0 9.12
13.0 9.275
13.0 9.535
13.0 9.295
13.0 9.0
13.0 9.075
13.0 8.965
13.0 9.04
13.0 9.08
13.0 8.61
13.0 8.745
13.0 8.705
13.0 8.695
13.0 9.01
13.0 8.925
50
10.0 3.125
11.5 6.675
11.5 7.635
11.5 7.625
12.5 8.15
12.5 7.81
12.5 7.915
13.0 8.63
13.0 8.665
13.0 8.755
13.0 8.755
13.0 8.885
13.0 9.025
13.0 8.765
13.0 8.215
13.0 8.955
13.0 9.03
13.5 8.79
13.5 9.055
13.5 8.865
13.5 8.635
13.5 8.66
13.5 8.475
13.5 8.535
13.5 8.755
13.5 8.325
13.5 8.685
13.5 8.77
13.5 9.705
13.5 9.12
13.5 9.15
13.5 9.185
13.5 9.315
13.5 9.395
13.5 9.02
13.5 9.02
13.5 8.9
13.5 8.24
13.5 8.64
13.5 8.7
13.5 8.995
13.5 9.12
13.5 8.825
13.5 8.93
13.5 8.74
13.5 8.91
13.5 8.485
13.5 8.845
13.5 8.86
13.5 9.015
50
10.5 3.13
11.5 6.815
12.0 7.4
12.0 7.9
12.0 8.07
12.0 7.99
12.5 8.305
12.5 8.445
12.5 8.525
12.5 8.455
13.0 8.7
13.0 8.61
13.0 8.67
13.0 8.49
13.0 8.83
13.0 8.605
13.0 8.675
13.0 8.655
13.0 8.88
13.0 8.795
13.0 8.935
13.0 8.885
13.0 8.72
13.0 8.855
13.0 8.73
13.0 8.675
13.0 8.47
13.0 8.64
13.0 8.565
13.0 8.745
13.0 8.63
13.0 9.195
13.0 8.73
13.0 8.25
13.0 8.8
13.0 8.52
13.0 8.63
13.0 8.86
13.0 9.375
13.0 8.995
13.0 9.225
13.0 9.15
13.0 8.725
13.0 9.015
13.5 8.67
13.5 8.97
13.5 9.28
13.5 8.77
13.5 8.845
13.5 8.325
50
11.5 4.74
11.5 7.125
13.0 7.74
13.0 7.935
13.0 8.595
13.0 8.405
13.0 8.645
13.0 8.65
13.0 8.475
13.0 9.02
13.0 9.41
13.0 9.19
13.0 8.86
13.0 8.875
13.0 9.145
13.0 8.89
13.0 9.23
13.0 8.965
13.0 9.225
13.0 8.69
13.0 8.695
13.0 8.82
13.0 8.99
13.0 8.595
13.0 9.26
13.0 9.295
13.0 9.265
13.0 8.69
13.0 8.8
13.0 9.14
13.0 9.02
13.0 9.005
13.0 8.97
13.0 8.81
13.0 8.575
13.0 8.815
13.0 8.845
13.0 8.305
13.0 8.74
13.0 8.61
13.0 8.99
13.0 8.76
13.0 8.56
13.0 8.805
13.0 8.865
13.0 8.93
13.0 8.495
13.0 9.085
13.0 9.355
13.0 9.435
50
12.0 4.01
12.5 6.74
12.5 7.055
12.5 7.6
12.5 8.235
12.5 8.31
12.5 8.375
13.0 8.315
13.0 8.61
13.0 8.49
13.0 8.54
13.0 8.305
13.0 8.275
13.0 8.48
13.0 8.675
13.0 8.485
13.0 8.67
13.0 8.5
13.0 8.865
13.0 8.865
13.0 8.75
13.0 9.075
13.0 8.725
13.0 8.75
13.0 8.925
13.0 8.73
13.0 8.975
13.0 8.73
13.0 8.47
13.0 8.815
13.0 8.745
13.0 8.605
13.0 8.095
13.0 8.045
13.0 8.405
13.0 8.705
13.0 8.655
13.0 8.76
13.0 8.92
13.0 8.57
13.0 8.625
13.0 8.825
13.0 9.17
13.0 9.0
13.0 8.92
13.0 8.685
13.0 8.475
13.0 8.04
13.0 8.395
13.0 8.185
50
11.0 3.315
12.0 6.51
12.0 7.84
12.0 7.91
12.0 7.73
12.0 7.995
12.0 8.0
13.0 8.65
13.0 8.29
13.0 8.22
13.0 8.7
13.0 8.605
13.0 8.23
13.0 8.49
13.0 8.335
13.0 8.135
13.0 8.385
13.0 8.435
13.0 8.975
13.0 8.39
13.0 8.81
13.0 8.505
13.0 8.7
13.0 8.85
13.0 8.735
13.0 8.915
13.0 8.43
13.0 8.95
13.0 8.8
13.0 8.67
13.0 8.535
13.0 8.595
13.0 8.645
13.0 8.265
13.0 8.61
13.0 8.05
13.0 8.57
13.0 8.71
13.0 8.35
13.0 8.215
13.0 8.665
13.0 9.205
13.0 9.13
13.0 8.805
13.0 8.995
13.0 9.27
13.0 8.94
13.0 9.07
13.0 9.37
13.0 8.725

Individual: [1, 2, 3, 6, 7, 14, 16, 17, 19, 20]
   Fitness: 13.0
     Total: 10
Violations: 2 2

Individual: [1, 2, 4, 5, 13, 14, 16, 17, 19, 20]
   Fitness: 13.0
     Total: 10
Violations: 2 2

Individual: [1, 2, 6, 7, 9, 14, 15, 18, 20]
   Fitness: 13.5
     Total: 9
Violations: 0 0

Individual: [1, 2, 6, 7, 9, 14, 15, 18, 20]
   Fitness: 13.5
     Total: 9
Violations: 0 0

Individual: [1, 2, 3, 6, 7, 14, 16, 17, 19, 20]
   Fitness: 13.0
     Total: 10
Violations: 2 2

Individual: [1, 3, 6, 7, 12, 14, 15, 19, 20]
   Fitness: 13.5
     Total: 9
Violations: 0 0

Individual: [1, 2, 6, 7, 9, 14, 15, 18, 20]
   Fitness: 13.5
     Total: 9
Violations: 0 0

Individual: [1, 3, 4, 6, 7, 14, 15, 16, 19, 20]
   Fitness: 13.0
     Total: 10
Violations: 2 2

Individual: [1, 2, 4, 5, 7, 8, 16, 17, 19, 20]
   Fitness: 13.0
     Total: 10
Violations: 2 2

Individual: [1, 2, 5, 7, 10, 14, 16, 17, 19, 20]
   Fitness: 13.0
     Total: 10
Violations: 2 2
