10
50
11.0 3.62
13.0 5.795
13.0 6.44
13.0 6.235
13.0 6.52
13.0 5.465
13.0 6.425
13.0 7.085
13.0 6.345
13.0 6.32
13.0 5.995
13.0 5.545
13.0 5.95
13.0 6.035
13.0 6.38
13.0 4.65
13.0 6.375
13.0 5.485
13.0 5.145
13.0 5.515
13.0 6.45
13.0 6.105
13.0 5.845
13.0 5.945
13.0 5.58
13.0 6.13
13.0 6.05
13.0 6.295
13.0 6.165
13.0 6.47
13.0 6.675
13.0 5.715
13.0 6.47
13.0 5.94
13.0 5.91
13.0 6.01
13.0 6.565
13.0 6.24
13.0 5.915
13.0 6.94
13.0 6.65
13.0 5.785
13.0 5.505
13.0 6.28
13.0 6.465
13.0 6.0
13.0 5.85
13.0 7.19
13.0 5.555
13.0 6.63
50
10.0 1.76
11.0 5.165
12.0 6.63
12.0 6.115
12.0 5.305
12.0 5.975
12.0 6.47
12.0 6.425
12.0 6.055
12.0 5.19
12.0 6.48
12.0 5.93
12.0 6.335
12.0 6.27
12.0 6.205
12.0 6.17
12.0 6.255
12.0 6.835
12.5 5.775
12.5 5.795
12.5 6.37
12.5 5.865
12.5 6.5
12.5 5.885
12.5 6.335
12.5 6.115
13.0 6.665
13.0 5.865
13.0 7.1
13.0 6.41
13.0 6.095
13.0 5.85
13.0 6.305
13.0 5.935
13.0 6.82
13.0 6.455
13.0 5.84
13.0 5.89
13.0 5.995
13.0 6.76
13.0 5.65
13.0 5.995
13.0 6.05
13.0 5.19
13.0 5.65
13.0 5.485
13.0 5.77
13.0 6.2
13.0 6.565
13.0 5.265
50
11.0 3.945
13.0 5.89
13.0 6.165
13.0 5.565
13.0 5.935
13.0 6.62
13.0 6.265
13.0 7.075
13.0 5.33
13.0 6.385
13.0 6.19
13.0 6.33
13.0 6.055
13.0 6.64
13.0 6.24
13.0 6.525
13.0 6.505
13.0 6.735
13.0 6.06
13.0 6.25
13.0 7.035
13.0 5.78
13.0 5.68
13.0 5.715
13.0 5.5
13.0 6.385
13.0 6.45
13.0 5.53
13.0 6.065
13.0 6.555
13.0 5.755
13.0 6.315
13.0 6.58
13.0 5.97
13.0 6.385
13.0 5.775
13.0 6.125
13.0 5.755
13.0 6.29
13.0 6.52
13.0 6.645
13.0 5.575
13.0 4.88
13.0 6.31
13.0 6.465
13.0 6.37
13.0 6.005
13.0 6.34
13.0 5.48
13.0 6.51
50
11.5 3.28
11.5 5.495
11.5 6.235
11.5 6.11
11.5 5.86
11.5 6.18
11.5 6.085
11.5 5.915
11.5 6.245
12.0 4.72
12.0 5.705
12.0 5.19
12.0 5.28
12.0 5.935
12.5 6.475
12.5 6.015
12.5 6.635
12.5 6.43
12.5 6.17
12.5 5.415
12.5 7.01
12.5 6.36
12.5 7.095
12.5 6.25
12.5 6.045
12.5 6.89
12.5 5.96
12.5 5.865
12.5 6.15
12.5 6.285
12.5 5.98
12.5 6.115
12.5 6.005
12.5 5.325
12.5 6.73
12.5 5.245
12.5 6.05
12.5 5.545
12.5 6.385
12.5 6.06
12.5 7.25
12.5 6.48
12.5 5.765
12.5 6.385
12.5 6.46
12.5 6.51
12.5 5.845
12.5 5.6
12.5 6.69
12.5 5.29
50
10.5 3.44
10.5 5.85
11.0 6.425
11.5 5.75
12.5 5.35
12.5 6.18
12.5 6.3
12.5 6.06
12.5 5.31
12.5 5.965
12.5 6.78
12.5 6.78
12.5 6.245
13.0 6.61
13.0 6.13
13.0 7.165
13.0 5.8
13.0 5.79
13.0 6.08
13.0 5.805
13.0 6.255
13.0 6.295
13.0 6.17
13.0 6.05
13.0 6.335
13.0 6.405
13.0 6.825
13.0 5.395
13.0 5.895
13.0 5.955
13.0 6.355
13.0 5.895
13.0 6.16
13.0 6.305
13.0 6.025
13.0 6.465
13.0 6.08
13.0 5.76
13.0 5.285
13.0 6.31
13.0 5.58
13.0 6.335
13.0 6.065
13.0 6.36
13.0 6.075
13.0 6.04
13.0 6.165
13.0 6.29
13.0 5.785
13.0 6.195
50
11.0 2.655
11.0 6.75
12.5 5.83
12.5 5.96
12.5 6.375
12.5 6.1
12.5 6.425
12.5 6.43
12.5 6.74
12.5 6.35
12.5 5.965
12.5 6.525
12.5 7.34
12.5 6.015
12.5 6.42
12.5 6.015
12.5 6.515
12.5 6.785
12.5 6.64
12.5 5.435
12.5 6.055
12.5 5.675
12.5 5.335
12.5 6.13
12.5 6.575
12.5 6.34
12.5 5.605
12.5 6.005
12.5 6.245
12.5 6.63
12.5 5.68
12.5 6.085
12.5 5.59
12.5 6.425
12.5 6.18
12.5 6.315
12.5 5.825
12.5 5.65
12.5 5.725
12.5 6.685
12.5 6.65
12.5 6.245
12.5 5.61
12.5 7.03
12.5 6.45
12.5 5.81
12.5 5.415
12.5 6.26
12.5 6.05
12.5 6.535
50
11.0 3.34
11.0 5.35
11.0 5.63
11.0 6.5
12.5 5.19
12.5 6.095
12.5 6.375
12.5 6.515
12.5 6.355
12.5 6.305
12.5 6.19
12.5 6.46
12.5 6.35
12.5 5.67
12.5 6.17
12.5 4.58
12.5 5.325
12.5 6.36
12.5 6.25
12.5 6.08
12.5 6.1
12.5 6.005
12.5 6.125
12.5 6.41
12.5 6.295
12.5 5.48
12.5 6.09
12.5 5.91
12.5 5.935
12.5 6.1
12.5 5.585
12.5 7.05
13.0 6.32
13.0 6.45
13.0 6.65
13.0 6.245
13.0 5.73
13.0 6.25
13.0 6.265
13.0 6.6
13.0 6.475
13.0 5.89
13.0 5.885
13.0 6.095
13.0 6.685
13.0 5.91
13.0 5.91
13.0 6.07
13.0 5.65
13.0 6.045
50
11.0 3.555
11.5 5.88
11.5 5.505
11.5 5.925
11.5 6.15
11.5 6.545
11.5 6.545
11.5 6.1
11.5 5.505
11.5 6.3
11.5 6.005
11.5 6.84
11.5 6.14
11.5 6.37
11.5 6.305
11.5 6.025
11.5 5.875
11.5 6.29
12.0 5.93
12.0 5.59
12.0 5.4
12.0 6.625
12.0 5.94
12.0 6.115
12.0 7.2
12.0 6.645
12.0 5.85
12.0 6.1
12.0 5.14
12.0 5.19
12.0 6.135
12.0 6.63
12.0 6.175
12.0 5.395
12.0 6.215
12.0 5.65
12.0 6.015
12.0 5.8
12.0 5.845
12.0 5.96
12.0 6.44
12.0 6.675
12.0 6.65
12.0 6.265
12.0 6.365
12.0 6.105
12.0 5.145
12.0 6.455
12.0 6.22
12.0 6.03
50
11.0 3.48
11.0 5.635
11.0 6.165
11.5 5.995
11.5 5.685
11.5 5.5
11.5 5.745
11.5 6.275
11.5 5.58
12.0 5.98
12.0 6.025
12.0 6.575
12.0 6.165
12.5 5.99
12.5 5.46
12.5 6.035
12.5 6.435
12.5 6.195
12.5 7.135
12.5 5.335
12.5 6.1
12.5 6.45
12.5 5.96
12.5 6.635
12.5 6.395
12.5 6.21
12.5 5.85
12.5 6.65
12.5 6.3
12.5 6.07
12.5 5.91
12.5 5.86
12.5 6.38
12.5 5.695
12.5 5.51
12.5 6.15
12.5 6.695
12.5 6.1
12.5 5.86
12.5 6.145
12.5 6.505
12.5 6.145
13.0 6.48
13.0 5.535
13.0 6.07
13.0 6.11
13.0 6.265
13.0 6.705
13.0 5.985
13.0 5.055
50
10.0 3.06
10.0 5.225
10.5 5.915
10.5 6.075
10.5 6.07
10.5 6.01
10.5 6.075
10.5 5.455
10.5 6.835
11.5 6.315
11.5 5.575
12.0 6.665
12.0 6.235
12.0 6.705
12.0 6.52
12.0 5.095
12.0 6.55
12.0 6.15
12.0 5.785
12.0 5.64
12.0 5.985
12.0 5.18
12.0 5.94
12.0 7.085
12.0 5.71
12.0 6.395
12.0 6.155
12.0 5.38
12.5 6.245
12.5 5.56
12.5 6.775
12.5 5.755
12.5 6.615
12.5 6.37
12.5 6.365
12.5 6.285
12.5 6.815
12.5 5.875
12.5 4.865
12.5 5.425
12.5 5.84
12.5 6.185
12.5 5.235
12.5 5.79
12.5 5.8
12.5 5.78
12.5 6.27
12.5 6.145
12.5 5.64
12.5 5.56

Individual: [1, 2, 4, 5, 13, 14, 15, 18, 19, 20]
   Fitness: 13.0
     Total: 10
Violations: 2 2

Individual: [1, 2, 4, 5, 7, 11, 14, 16, 19, 20]
   Fitness: 13.0
     Total: 10
Violations: 2 2

Individual: [1, 3, 4, 6, 7, 12, 14, 15, 19, 20]
   Fitness: 13.0
     Total: 10
Violations: 2 2

Individual: [1, 2, 5, 6, 9, 14, 15, 18, 20]
   Fitness: 12.5
     Total: 9
Violations: 1 1

Individual: [1, 2, 4, 5, 7, 8, 16, 17, 19, 20]
   Fitness: 13.0
     Total: 10
Violations: 2 2

Individual: [1, 2, 4, 5, 7, 15, 16, 19, 20]
   Fitness: 12.5
     Total: 9
Violations: 1 1

Individual: [1, 2, 3, 6, 7, 14, 15, 17, 18, 20]
   Fitness: 13.0
     Total: 10
Violations: 2 2

Individual: [3, 5, 8, 9, 12, 17, 18, 20]
   Fitness: 12.0
     Total: 8
Violations: 0 0

Individual: [1, 2, 5, 7, 10, 14, 16, 17, 19, 20]
   Fitness: 13.0
     Total: 10
Violations: 2 2

Individual: [1, 2, 5, 6, 14, 15, 17, 18, 20]
   Fitness: 12.5
     Total: 9
Violations: 1 1
