10
100
11.5 2.885
12.0 7.61
12.0 9.02
12.0 10.285
12.5 10.89
13.0 11.045
13.0 11.485
13.0 11.28
13.0 11.75
13.0 12.25
13.0 12.51
13.0 12.685
13.0 12.93
13.0 12.62
13.0 12.7
13.0 12.68
13.0 12.76
13.0 12.755
13.0 12.65
13.0 12.935
13.0 12.825
13.0 12.72
13.0 12.665
13.0 12.895
13.0 12.795
13.0 12.645
13.0 12.57
13.0 12.755
13.0 12.81
13.0 12.83
13.0 12.765
13.0 12.875
13.0 12.755
13.0 12.87
13.0 12.765
13.0 12.825
13.0 12.805
13.0 12.75
13.0 12.785
13.0 12.78
13.0 12.83
13.0 12.895
13.0 12.835
13.0 12.73
13.0 12.785
13.0 12.64
13.0 12.735
13.0 12.665
13.0 12.805
13.0 12.865
13.0 12.71
13.0 12.73
13.0 12.775
13.0 12.735
13.0 12.785
13.0 12.82
13.0 12.595
13.0 12.66
13.0 12.715
13.0 12.79
13.0 12.74
13.0 12.775
13.0 12.775
13.0 12.63
13.0 12.84
13.0 12.52
13.0 12.72
13.0 12.8
13.0 12.77
13.0 12.8
13.0 12.845
13.0 12.74
13.0 12.79
13.0 12.825
13.0 12.865
13.0 12.835
13.0 12.55
13.0 12.845
13.0 12.755
13.0 12.69
13.0 12.875
13.0 12.585
13.0 12.8
13.0 12.715
13.0 12.82
13.0 12.82
13.0 12.825
13.0 12.775
13.0 12.605
13.0 12.82
13.0 12.74
13.0 12.725
13.0 12.58
13.0 12.845
13.0 12.8
13.0 12.77
13.0 12.785
13.0 12.66
13.0 12.705
13.0 12.745
100
11.0 3.89
11.5 7.675
11.5 9.0
12.0 10.01
12.5 10.53
12.5 11.11
13.0 11.295
13.0 11.775
13.0 11.755
13.0 12.105
13.0 12.37
13.0 12.3
13.0 12.44
13.0 12.415
13.0 12.405
13.0 12.735
13.0 12.475
13.0 12.74
13.0 12.635
13.0 12.755
13.0 12.755
13.0 12.84
13.0 12.65
13.0 12.555
13.0 12.72
13.0 12.675
13.0 12.76
13.0 12.785
13.0 12.73
13.0 12.785
13.0 12.58
13.0 12.66
13.0 12.655
13.0 12.825
13.0 12.65
13.0 12.87
13.0 12.93
13.0 12.73
13.0 12.68
13.0 12.645
13.0 12.72
13.0 12.725
13.0 12.825
13.0 12.885
13.0 12.55
13.0 12.49
13.0 12.685
13.0 12.78
13.0 12.66
13.0 12.78
13.0 12.795
13.0 12.52
13.0 12.785
13.0 12.6
13.0 12.65
13.0 12.51
13.0 12.595
13.0 12.775
13.0 12.475
13.0 12.535
13.0 12.72
13.0 12.685
13.0 12.74
13.0 12.76
13.0 12.58
13.0 12.665
13.0 12.76
13.0 12.69
13.0 12.5
13.0 12.595
13.0 12.715
13.0 12.72
13.0 12.63
13.0 12.62
13.0 12.805
13.0 12.69
13.0 12.61
13.0 12.645
13.0 12.715
13.0 12.94
13.0 12.685
13.0 12.785
13.0 12.495
13.0 12.63
13.0 12.755
13.0 12.75
13.0 12.705
13.0 12.74
13.0 12.775
13.0 12.675
13.0 12.725
13.0 12.815
13.0 12.645
13.0 12.74
13.0 12.635
13.0 12.6
13.0 12.68
13.0 12.845
13.0 12.745
13.0 12.945
100
10.0 2.925
11.5 7.99
12.0 9.02
12.0 9.99
12.0 10.45
12.5 10.78
12.5 11.29
12.5 11.88
12.5 12.175
12.5 12.325
12.5 12.325
12.5 12.18
12.5 12.19
12.5 12.295
12.5 12.3
12.5 12.15
12.5 12.315
12.5 12.32
12.5 12.28
12.5 12.295
12.5 12.09
12.5 12.15
12.5 12.345
12.5 12.265
12.5 12.255
12.5 12.24
12.5 12.245
12.5 12.31
12.5 12.295
12.5 12.365
12.5 12.085
12.5 12.36
12.5 12.29
12.5 12.05
12.5 12.255
12.5 12.195
12.5 12.2
12.5 12.14
12.5 12.22
12.5 12.26
12.5 12.195
12.5 12.145
12.5 12.32
12.5 12.305
12.5 12.11
12.5 12.355
12.5 12.29
12.5 12.245
12.5 12.16
12.5 12.335
12.5 12.075
12.5 12.34
12.5 12.15
12.5 12.205
12.5 12.215
12.5 12.225
12.5 12.3
12.5 12.14
12.5 12.26
12.5 12.32
12.5 12.35
12.5 12.265
12.5 12.19
12.5 12.27
12.5 12.18
12.5 12.355
12.5 12.335
12.5 12.26
12.5 12.335
12.5 12.16
12.5 12.13
12.5 12.28
12.5 12.21
12.5 12.12
12.5 12.345
12.5 12.175
12.5 12.26
12.5 12.285
12.5 12.34
12.5 12.175
12.5 12.295
12.5 12.28
12.5 12.28
12.5 12.29
12.5 12.305
12.5 12.225
12.5 12.36
12.5 12.24
12.5 12.385
12.5 12.29
12.5 12.19
12.5 12.305
12.5 12.115
12.5 12.22
12.5 12.215
12.5 12.325
12.5 12.195
12.5 12.18
12.5 12.225
12.5 12.28
100
10.5 3.32
11.5 8.085
11.5 9.515
12.0 10.19
12.5 10.46
12.5 10.93
12.5 11.64
12.5 12.13
12.5 12.24
12.5 12.38
12.5 12.205
12.5 12.195
12.5 12.27
12.5 12.185
12.5 12.335
12.5 12.355
12.5 12.275
12.5 12.355
12.5 12.185
12.5 12.22
12.5 12.305
12.5 12.23
12.5 12.2
12.5 12.195
12.5 12.275
12.5 12.24
12.5 12.315
12.5 12.325
12.5 12.305
12.5 12.14
12.5 12.24
12.5 12.35
12.5 12.295
12.5 12.105
12.5 12.33
12.5 12.08
12.5 12.095
12.5 12.305
12.5 12.405
12.5 12.245
12.5 12.3
12.5 12.255
12.5 12.195
12.5 12.22
12.5 12.285
12.5 12.37
12.5 12.19
12.5 12.205
12.5 12.125
12.5 12.265
12.5 12.25
12.5 12.22
12.5 12.21
12.5 12.115
12.5 12.42
12.5 12.3
12.5 12.285
12.5 12.24
12.5 12.26
12.5 12.2
12.5 12.21
12.5 12.3
12.5 12.255
12.5 12.21
12.5 12.195
12.5 12.285
12.5 12.195
12.5 12.145
12.5 12.32
12.5 12.235
12.5 12.225
12.5 12.145
12.5 12.165
12.5 12.165
12.5 12.3
12.5 12.375
12.5 12.295
12.5 12.29
12.5 12.185
12.5 12.305
12.5 12.235
12.5 12.165
12.5 12.18
12.5 12.275
12.5 12.185
12.5 12.175
12.5 12.335
12.5 12.22
12.5 12.195
12.5 12.32
12.5 12.33
12.5 12.26
12.5 12.12
12.5 12.265
12.5 12.245
12.5 12.2
12.5 12.19
12.5 12.215
12.5 12.365
12.5 12.23
100
11.0 4.875
11.5 8.325
12.0 9.795
12.0 10.61
12.5 11.025
12.5 11.43
12.5 11.965
12.5 12.08
12.5 12.225
12.5 12.155
12.5 12.18
12.5 12.055
12.5 12.12
12.5 12.21
12.5 12.385
12.5 12.14
12.5 12.265
12.5 12.255
12.5 12.32
12.5 12.335
12.5 12.015
12.5 12.135
12.5 12.205
12.5 12.225
12.5 12.32
12.5 12.28
12.5 12.25
12.5 12.28
12.5 12.115
12.5 12.19
12.5 12.295
12.5 12.3
12.5 12.23
12.5 12.195
12.5 12.285
12.5 12.265
12.5 12.28
12.5 12.26
12.5 12.275
12.5 12.27
12.5 12.26
12.5 12.295
12.5 12.26
12.5 12.195
12.5 12.255
12.5 12.27
12.5 12.24
12.5 12.32
12.5 12.215
12.5 12.285
12.5 12.17
12.5 12.35
12.5 12.325
12.5 12.195
12.5 12.265
12.5 12.165
12.5 12.27
12.5 12.185
12.5 12.305
12.5 12.335
12.5 12.2
12.5 12.275
12.5 12.275
12.5 12.135
12.5 12.27
12.5 12.37
12.5 12.215
12.5 12.135
12.5 12.24
12.5 12.235
12.5 12.37
12.5 12.39
12.5 12.185
12.5 12.165
12.5 12.355
12.5 12.335
12.5 12.21
12.5 12.22
12.5 12.28
12.5 12.255
12.5 12.23
12.5 12.09
12.5 12.355
12.5 12.38
12.5 12.28
12.5 12.26
12.5 12.205
12.5 12.22
12.5 12.28
12.5 12.29
12.5 12.235
12.5 12.285
12.5 12.17
12.5 12.305
12.5 12.305
12.5 12.31
12.5 12.355
12.5 12.345
12.5 12.06
12.5 12.29
100
11.5 3.465
12.0 8.325
12.5 9.6
12.5 10.555
12.5 11.24
13.0 11.785
13.0 11.915
13.0 11.85
13.0 12.4
13.0 12.605
13.0 12.655
13.0 12.74
13.0 12.75
13.0 12.79
13.0 12.845
13.0 12.885
13.0 12.73
13.0 12.705
13.0 12.6
13.0 12.75
13.0 12.645
13.0 12.81
13.0 12.835
13.0 12.71
13.0 12.56
13.0 12.72
13.0 12.795
13.0 12.875
13.0 12.695
13.0 12.705
13.0 12.605
13.0 12.845
13.0 12.8
13.0 12.63
13.0 12.585
13.0 12.65
13.0 12.555
13.0 12.735
13.0 12.82
13.0 12.645
13.0 12.695
13.0 12.74
13.0 12.775
13.0 12.8
13.0 12.68
13.0 12.705
13.0 12.58
13.0 12.705
13.0 12.775
13.0 12.84
13.0 12.73
13.0 12.64
13.0 12.76
13.0 12.69
13.0 12.59
13.0 12.65
13.0 12.67
13.0 12.685
13.0 12.555
13.0 12.71
13.0 12.7
13.0 12.75
13.0 12.71
13.0 12.81
13.0 12.625
13.0 12.535
13.0 12.69
13.0 12.62
13.0 12.655
13.0 12.69
13.0 12.76
13.0 12.6
13.0 12.675
13.0 12.555
13.0 12.78
13.0 12.72
13.0 12.59
13.0 12.675
13.0 12.73
13.0 12.76
13.0 12.66
13.0 12.625
13.0 12.755
13.0 12.655
13.0 12.885
13.0 12.67
13.0 12.69
13.0 12.78
13.0 12.545
13.0 12.72
13.0 12.63
13.0 12.765
13.0 12.83
13.0 12.67
13.0 12.715
13.0 12.495
13.0 12.805
13.0 12.67
13.0 12.66
13.0 12.53
100
11.0 4.36
12.0 8.075
12.5 9.41
12.5 10.12
12.5 10.725
12.5 11.485
12.5 12.035
12.5 12.2
12.5 12.19
12.5 12.23
12.5 12.165
12.5 12.195
12.5 12.245
12.5 12.145
12.5 12.19
12.5 12.21
12.5 12.34
12.5 12.355
12.5 12.205
12.5 12.2
12.5 12.255
12.5 12.295
12.5 12.17
12.5 12.3
12.5 12.19
12.5 12.245
12.5 12.31
12.5 12.215
12.5 12.285
12.5 12.37
12.5 12.295
12.5 12.11
12.5 12.21
12.5 12.205
12.5 12.08
12.5 12.135
12.5 12.18
12.5 12.28
12.5 12.155
12.5 12.295
12.5 12.245
12.5 12.3
12.5 12.125
12.5 12.0
12.5 12.31
12.5 12.075
12.5 12.22
12.5 12.375
12.5 12.3
12.5 12.215
12.5 12.28
12.5 12.17
12.5 12.31
12.5 12.235
12.5 12.19
12.5 12.16
12.5 12.205
12.5 12.225
12.5 12.295
12.5 12.26
12.5 12.265
12.5 12.345
12.5 12.24
12.5 12.295
12.5 12.175
12.5 12.215
12.5 12.18
12.5 12.275
12.5 12.32
12.5 12.15
12.5 12.215
12.5 12.07
12.5 12.195
12.5 12.295
12.5 12.25
12.5 12.14
12.5 12.3
12.5 12.36
12.5 12.285
12.5 12.28
12.5 12.31
12.5 12.365
12.5 12.29
12.5 12.26
12.5 12.31
12.5 12.12
12.5 12.14
12.5 12.135
12.5 12.385
12.5 12.255
12.5 12.335
12.5 12.235
12.5 12.345
12.5 12.275
12.5 12.31
12.5 12.07
12.5 12.32
12.5 12.31
12.5 12.19
12.5 12.265
100
9.5 4.455
12.0 7.66
12.0 8.855
12.0 9.58
12.0 10.2
12.0 10.905
12.5 11.585
12.5 11.785
12.5 12.01
12.5 12.165
12.5 12.3
12.5 12.31
12.5 12.175
12.5 12.29
12.5 12.185
12.5 12.27
12.5 12.3
12.5 12.265
12.5 12.37
12.5 12.23
12.5 12.34
12.5 12.245
12.5 12.25
12.5 12.265
12.5 12.34
12.5 12.33
12.5 12.17
12.5 12.245
12.5 12.21
12.5 12.33
12.5 12.34
12.5 12.295
12.5 12.285
12.5 12.35
12.5 12.215
12.5 12.245
12.5 12.235
12.5 12.245
12.5 12.35
12.5 12.375
12.5 12.305
12.5 12.195
12.5 12.31
12.5 12.175
12.5 12.17
12.5 12.375
12.5 12.36
12.5 12.295
12.5 12.345
12.5 12.265
12.5 12.26
12.5 12.365
12.5 12.22
12.5 12.26
12.5 12.205
12.5 12.325
12.5 12.25
12.5 12.29
12.5 12.21
12.5 12.33
12.5 12.295
12.5 12.25
12.5 12.31
12.5 12.39
12.5 12.215
12.5 12.3
12.5 12.25
12.5 12.35
12.5 12.35
12.5 12.235
12.5 12.27
12.5 12.355
12.5 12.205
12.5 12.305
12.5 12.195
12.5 12.29
12.5 12.365
12.5 12.31
12.5 12.275
12.5 12.36
12.5 12.285
12.5 12.23
12.5 12.16
12.5 12.18
12.5 12.345
12.5 12.26
12.5 12.305
12.5 12.32
12.5 12.34
12.5 12.345
12.5 12.095
12.5 12.355
12.5 12.315
12.5 12.28
12.5 12.295
12.5 12.305
12.5 12.325
12.5 12.35
12.5 12.375
12.5 12.245
100
11.0 3.275
11.0 7.655
12.5 8.77
13.0 9.865
13.0 10.94
13.0 11.85
13.0 12.5
13.0 12.645
13.0 12.615
13.0 12.83
13.0 12.805
13.0 12.685
13.0 12.695
13.0 12.745
13.0 12.695
13.0 12.75
13.0 12.63
13.0 12.9
13.0 12.73
13.0 12.68
13.0 12.82
13.0 12.76
13.0 12.63
13.0 12.76
13.0 12.76
13.0 12.765
13.0 12.79
13.0 12.7
13.0 12.745
13.0 12.68
13.0 12.625
13.0 12.695
13.0 12.82
13.0 12.635
13.0 12.725
13.0 12.765
13.0 12.79
13.0 12.785
13.0 12.685
13.0 12.665
13.0 12.68
13.0 12.74
13.0 12.725
13.0 12.78
13.0 12.62
13.0 12.7
13.0 12.73
13.0 12.77
13.0 12.845
13.0 12.59
13.0 12.755
13.0 12.76
13.0 12.715
13.0 12.53
13.0 12.715
13.0 12.735
13.0 12.68
13.0 12.78
13.0 12.89
13.0 12.665
13.0 12.685
13.0 12.745
13.0 12.69
13.0 12.825
13.0 12.72
13.0 12.56
13.0 12.81
13.0 12.735
13.0 12.71
13.0 12.77
13.0 12.62
13.0 12.715
13.0 12.63
13.0 12.5
13.0 12.845
13.0 12.735
13.0 12.695
13.0 12.79
13.0 12.72
13.0 12.805
13.0 12.69
13.0 12.62
13.0 12.78
13.0 12.805
13.0 12.7
13.0 12.67
13.0 12.795
13.0 12.76
13.0 12.76
13.0 12.675
13.0 12.6
13.0 12.745
13.0 12.795
13.0 12.635
13.0 12.78
13.0 12.795
13.0 12.76
13.0 12.575
13.0 12.915
13.0 12.635
100
11.0 3.54
11.5 7.765
11.5 9.11
12.0 10.035
13.0 10.93
13.0 11.35
13.0 11.91
13.0 11.96
13.0 12.455
13.0 12.625
13.0 12.795
13.0 12.825
13.0 12.705
13.0 12.715
13.0 12.64
13.0 12.71
13.0 12.765
13.0 12.62
13.0 12.83
13.0 12.725
13.0 12.725
13.0 12.695
13.0 12.755
13.0 12.745
13.0 12.64
13.0 12.7
13.0 12.735
13.0 12.85
13.0 12.6
13.0 12.795
13.0 12.715
13.0 12.825
13.0 12.885
13.0 12.7
13.0 12.8
13.0 12.835
13.0 12.81
13.0 12.84
13.0 12.835
13.0 12.75
13.0 12.77
13.0 12.875
13.0 12.86
13.0 12.365
13.0 12.68
13.0 12.785
13.0 12.89
13.0 12.79
13.0 12.66
13.0 12.725
13.0 12.69
13.0 12.77
13.0 12.795
13.0 12.72
13.0 12.735
13.0 12.58
13.0 12.74
13.0 12.73
13.0 12.81
13.0 12.655
13.0 12.795
13.0 12.785
13.0 12.84
13.0 12.805
13.0 12.7
13.0 12.655
13.0 12.685
13.0 12.59
13.0 12.72
13.0 12.545
13.0 12.61
13.0 12.825
13.0 12.735
13.0 12.725
13.0 12.785
13.0 12.735
13.0 12.795
13.0 12.785
13.0 12.71
13.0 12.79
13.0 12.79
13.0 12.65
13.0 12.625
13.0 12.61
13.0 12.75
13.0 12.835
13.0 12.73
13.0 12.815
13.0 12.675
13.0 12.64
13.0 12.815
13.0 12.835
13.0 12.88
13.0 12.75
13.0 12.63
13.0 12.625
13.0 12.775
13.0 12.77
13.0 12.685
13.0 12.795

Individual: [1, 2, 4, 5, 13, 14, 16, 17, 19, 20]
   Fitness: 13.0
     Total: 10
Violations: 2 2

Individual: [1, 2, 4, 5, 13, 14, 16, 17, 19, 20]
   Fitness: 13.0
     Total: 10
Violations: 2 2

Individual: [2, 3, 5, 6, 12, 14, 15, 17, 20]
   Fitness: 12.5
     Total: 9
Violations: 1 1

Individual: [2, 3, 5, 6, 13, 14, 16, 17, 19]
   Fitness: 12.5
     Total: 9
Violations: 1 1

Individual: [2, 3, 5, 6, 13, 14, 16, 17, 19]
   Fitness: 12.5
     Total: 9
Violations: 1 1

Individual: [1, 3, 4, 8, 9, 11, 16, 17, 19, 20]
   Fitness: 13.0
     Total: 10
Violations: 2 2

Individual: [1, 3, 4, 7, 9, 12, 16, 18, 19]
   Fitness: 12.5
     Total: 9
Violations: 1 1

Individual: [1, 2, 6, 7, 9, 15, 16, 19, 20]
   Fitness: 12.5
     Total: 9
Violations: 1 1

Individual: [1, 2, 5, 6, 7, 14, 15, 16, 19, 20]
   Fitness: 13.0
     Total: 10
Violations: 2 2

Individual: [1, 2, 3, 6, 7, 8, 16, 17, 19, 20]
   Fitness: 13.0
     Total: 10
Violations: 2 2
