10
50
10.5 3.845
11.0 7.46
12.5 7.885
12.5 8.21
12.5 7.825
12.5 8.35
12.5 9.06
12.5 9.495
13.0 9.895
13.0 9.92
13.0 10.165
13.0 10.345
13.0 10.035
13.0 9.77
13.0 10.41
13.0 10.46
13.0 10.56
13.0 10.51
13.0 10.52
13.0 10.255
13.5 10.83
13.5 10.59
13.5 10.12
13.5 10.485
13.5 10.585
13.5 10.63
13.5 10.775
13.5 10.465
13.5 9.95
13.5 10.35
13.5 10.44
13.5 10.525
13.5 10.205
13.5 10.54
13.5 10.255
13.5 9.645
13.5 10.205
13.5 10.26
13.5 10.36
13.5 10.22
13.5 10.26
13.5 10.18
13.5 10.555
13.5 10.345
13.5 10.505
13.5 10.325
13.5 10.255
13.5 10.36
13.5 10.26
13.5 10.24
50
11.0 3.765
11.0 6.755
11.5 8.18
13.0 8.405
13.0 9.185
13.0 9.54
13.0 9.505
13.0 10.045
13.0 10.11
13.0 9.93
13.0 10.235
13.0 10.695
13.0 10.455
13.0 10.2
13.0 10.415
13.0 10.855
13.0 10.78
13.0 10.465
13.0 10.48
13.0 10.785
13.0 10.33
13.0 10.035
13.0 10.58
13.0 10.285
13.0 10.28
13.0 10.865
13.0 10.6
13.0 10.4
13.0 10.535
13.0 10.455
13.0 10.64
13.0 10.735
13.0 10.92
13.0 10.4
13.0 10.375
13.0 10.64
13.0 10.03
13.0 10.37
13.0 10.385
13.0 10.52
13.0 10.415
13.0 11.145
13.0 10.875
13.0 10.81
13.0 11.02
13.0 10.64
13.0 10.69
13.0 10.125
13.0 10.4
13.0 10.12
50
12.0 3.225
12.0 7.245
12.0 8.07
12.5 7.66
12.5 8.365
12.5 8.75
12.5 8.245
12.5 9.0
12.5 9.315
12.5 9.14
12.5 9.43
12.5 9.84
12.5 10.0
12.5 9.985
12.5 9.835
12.5 10.26
12.5 10.155
12.5 10.19
12.5 10.5
12.5 10.685
12.5 9.795
12.5 9.64
12.5 9.81
12.5 9.845
12.5 9.515
12.5 9.675
12.5 10.18
12.5 9.975
12.5 9.765
12.5 10.4
12.5 10.015
12.5 10.035
12.5 10.395
12.5 10.005
12.5 9.8
12.5 10.09
12.5 10.565
12.5 10.455
12.5 10.035
12.5 10.435
12.5 10.275
12.5 10.885
12.5 10.325
12.5 10.275
12.5 10.205
12.5 10.375
12.5 10.15
12.5 9.7
12.5 9.89
12.5 9.91
50
10.0 3.175
11.0 6.895
11.5 7.66
11.5 7.84
11.5 8.595
13.0 8.825
13.0 8.74
13.0 8.64
13.0 8.675
13.0 9.325
13.0 9.545
13.0 9.475
13.0 9.445
13.0 9.125
13.0 9.905
13.0 9.875
13.0 9.905
13.0 9.995
13.0 10.12
13.0 10.195
13.0 10.58
13.0 9.51
13.0 10.14
13.0 10.35
13.0 10.63
13.0 10.205
13.0 10.085
13.0 10.445
13.0 10.32
13.0 10.51
13.0 10.56
13.0 10.155
13.0 10.04
13.0 10.03
13.0 10.38
13.0 10.4
13.0 9.94
13.0 10.48
13.0 10.515
13.0 10.81
13.0 10.465
13.0 10.405
13.0 10.175
13.0 10.45
13.0 10.845
13.0 10.52
13.0 10.72
13.0 10.07
13.0 10.2
13.0 10.63
50
10.5 3.125
10.5 6.66
11.5 8.035
12.0 8.765
12.0 9.025
12.0 8.53
12.5 8.885
12.5 9.475
12.5 9.615
12.5 9.695
12.5 9.905
13.0 10.07
13.0 10.3
13.0 9.345
13.0 9.9
13.0 9.99
13.0 10.105
13.5 10.125
13.5 9.975
13.5 9.875
13.5 10.005
13.5 10.23
13.5 10.065
13.5 10.09
13.5 10.21
13.5 10.235
13.5 10.485
13.5 11.125
13.5 10.97
13.5 10.995
13.5 10.6
13.5 10.64
13.5 10.795
13.5 10.595
13.5 10.73
13.5 10.675
13.5 10.61
13.5 10.71
13.5 9.885
13.5 10.455
13.5 10.8
13.5 10.735
13.5 10.345
13.5 10.795
13.5 10.875
13.5 10.645
13.5 10.19
13.5 9.71
13.5 10.155
13.5 10.215
50
11.0 4.7
11.5 7.66
12.5 8.56
12.5 8.705
12.5 9.015
12.5 9.195
13.0 9.68
13.0 9.695
13.0 10.02
13.0 9.93
13.0 9.79
13.0 9.83
13.0 9.85
13.0 9.825
13.0 10.06
13.0 10.24
13.0 10.435
13.0 10.355
13.0 10.415
13.0 10.565
13.0 11.035
13.0 10.57
13.0 10.605
13.0 10.5
13.0 10.39
13.0 10.3
13.0 10.255
13.0 10.63
13.0 10.63
13.0 10.565
13.0 10.93
13.0 10.7
13.0 10.835
13.0 10.725
13.0 10.98
13.0 10.625
13.0 10.29
13.0 10.515
13.0 10.225
13.0 10.46
13.0 10.055
13.0 10.21
13.0 10.275
13.0 10.475
13.0 11.01
13.0 10.85
13.0 10.45
13.0 10.595
13.0 10.56
13.0 10.69
50
10.5 3.46
11.0 7.05
11.0 8.155
12.0 8.685
12.0 8.76
12.5 9.33
13.0 9.795
13.0 9.725
13.0 9.465
13.0 9.475
13.0 9.595
13.0 9.68
13.0 10.035
13.0 9.805
13.0 9.995
13.0 10.325
13.0 10.205
13.0 10.635
13.0 10.405
13.0 9.91
13.0 10.39
13.0 10.415
13.0 10.635
13.0 10.67
13.0 10.445
13.0 11.075
13.0 10.865
13.0 10.515
13.0 10.135
13.0 10.395
13.0 10.82
13.0 10.85
13.0 10.27
13.0 10.635
13.0 10.26
13.0 10.49
13.0 10.44
13.0 10.525
13.0 10.585
13.0 10.465
13.0 10.4
13.0 9.885
13.0 10.015
13.0 10.395
13.0 10.32
13.0 9.765
13.0 9.235
13.0 10.085
13.0 10.705
13.5 10.705
50
10.5 3.18
11.0 7.015
11.5 7.915
12.0 8.455
12.5 9.05
12.5 9.095
12.5 9.2
12.5 9.07
12.5 9.33
12.5 9.6
12.5 9.735
12.5 9.985
13.0 10.34
13.0 9.555
13.0 10.175
13.0 10.005
13.0 9.495
13.0 10.055
13.0 9.99
13.0 10.015
13.0 10.285
13.0 9.82
13.0 10.15
13.0 9.905
13.0 9.98
13.0 10.15
13.0 9.73
13.0 10.04
13.0 10.15
13.0 10.29
13.0 10.355
13.0 10.375
13.0 10.43
13.0 10.38
13.0 10.595
13.0 10.44
13.0 10.405
13.0 10.565
13.0 10.25
13.0 10.215
13.0 10.4
13.0 10.695
13.0 10.935
13.0 10.88
13.0 10.925
13.0 10.9
13.0 10.725
13.0 10.65
13.0 10.895
13.0 10.725
50
10.5 3.35
12.0 6.57
12.0 7.34
12.0 8.105
12.0 8.105
12.0 8.795
13.0 8.925
13.0 8.975
13.0 9.14
13.0 8.935
13.0 9.28
13.0 9.335
13.0 9.795
13.0 9.905
13.0 9.81
13.0 9.775
13.0 10.0
13.0 9.075
13.0 9.74
13.0 10.065
13.0 10.005
13.0 9.115
13.0 9.77
13.0 9.96
13.0 9.905
13.0 10.32
13.0 10.53
13.0 10.295
13.0 9.695
13.0 9.56
13.0 9.685
13.0 9.37
13.0 9.75
13.0 10.12
13.0 9.645
13.0 9.86
13.0 10.45
13.0 10.27
13.0 9.57
13.0 9.79
13.0 10.52
13.0 10.43
13.0 10.24
13.0 10.705
13.0 10.395
13.0 10.46
13.0 10.31
13.0 10.18
13.0 9.96
13.0 9.77
50
10.5 4.49
12.0 7.36
12.0 8.525
12.5 8.525
12.5 8.965
12.5 9.53
12.5 9.49
12.5 9.55
13.0 9.98
13.0 9.68
13.0 10.45
13.0 9.905
13.0 10.175
13.0 10.055
13.0 10.67
13.0 10.575
13.0 10.885
13.0 10.85
13.0 10.625
13.0 10.225
13.0 10.195
13.0 10.29
13.0 10.12
13.0 9.93
13.0 9.815
13.0 10.38
13.0 9.985
13.0 9.995
13.0 10.305
13.0 10.035
13.0 10.16
13.0 10.515
13.0 10.705
13.0 9.68
13.0 10.53
13.0 9.555
13.0 10.31
13.0 10.09
13.0 9.895
13.0 10.675
13.0 10.66
13.0 10.285
13.0 10.535
13.5 10.525
13.5 10.15
13.5 10.19
13.5 10.34
13.5 10.195
13.5 10.755
13.5 9.81

Individual: [1, 2, 6, 7, 9, 14, 15, 18, 20]
   Fitness: 13.5
     Total: 9
Violations: 0 0

Individual: [1, 2, 4, 5, 7, 14, 15, 16, 19, 20]
   Fitness: 13.0
     Total: 10
Violations: 2 2

Individual: [2, 3, 5, 6, 12, 14, 15, 17, 20]
   Fitness: 12.5
     Total: 9
Violations: 1 1

Individual: [1, 3, 4, 8, 9, 11, 16, 17, 19, 20]
   Fitness: 13.0
     Total: 10
Violations: 2 2

Individual: [1, 2, 6, 7, 9, 14, 15, 18, 20]
   Fitness: 13.5
     Total: 9
Violations: 0 0

Individual: [1, 2, 4, 5, 7, 8, 16, 17, 19, 20]
   Fitness: 13.0
     Total: 10
Violations: 2 2

Individual: [1, 2, 6, 7, 9, 14, 15, 18, 20]
   Fitness: 13.5
     Total: 9
Violations: 0 0

Individual: [1, 2, 4, 5, 7, 14, 15, 18, 19, 20]
   Fitness: 13.0
     Total: 10
Violations: 2 2

Individual: [1, 2, 5, 7, 10, 11, 14, 16, 19, 20]
   Fitness: 13.0
     Total: 10
Violations: 2 2

Individual: [1, 2, 6, 7, 9, 14, 15, 18, 20]
   Fitness: 13.5
     Total: 9
Violations: 0 0
