10
50
11.5 2.964
11.5 5.262
11.5 5.608
11.5 5.81
11.5 5.488
11.5 5.49
11.5 5.406
12.5 5.43
12.5 6.018
12.5 6.028
13.5 5.174
13.5 5.35
13.5 5.596
13.5 4.92
13.5 6.088
13.5 6.244
13.5 5.804
13.5 5.01
13.5 6.0
13.5 5.98
13.5 5.768
13.5 6.004
13.5 5.486
13.5 5.854
13.5 5.6
13.5 5.638
13.5 6.058
13.5 5.298
13.5 5.856
13.5 5.264
13.5 5.146
13.5 5.7
13.5 6.652
13.5 6.43
13.5 6.014
13.5 4.846
13.5 5.294
13.5 5.432
13.5 5.332
13.5 5.51
13.5 5.164
13.5 6.148
13.5 5.432
13.5 5.046
13.5 5.2
13.5 5.138
13.5 5.76
13.5 4.986
13.5 5.416
13.5 5.986
50
11.0 4.004
12.5 5.632
12.5 5.064
12.5 4.982
12.5 5.462
12.5 5.406
12.5 5.786
12.5 5.744
12.5 5.51
12.5 5.564
12.5 5.566
12.5 5.642
12.5 4.84
12.5 6.162
12.5 5.678
12.5 5.498
12.5 5.234
12.5 5.762
12.5 5.844
12.5 5.35
12.5 5.408
12.5 6.16
12.5 5.572
12.5 5.444
12.5 5.55
12.5 5.404
12.5 5.89
12.5 5.67
13.0 6.326
13.0 5.732
13.0 4.224
13.0 5.836
13.0 5.796
13.0 5.0
13.0 5.874
13.0 5.812
13.0 5.762
13.0 5.714
13.0 5.938
13.0 5.832
13.0 5.346
13.0 5.564
13.0 5.592
13.0 4.74
13.0 5.646
13.0 5.282
13.0 5.588
13.0 5.36
13.0 6.024
13.0 5.89
50
11.5 4.19
12.5 5.602
12.5 5.182
12.5 4.334
12.5 6.318
12.5 6.042
12.5 5.544
12.5 5.794
12.5 5.86
12.5 6.574
13.0 5.95
13.0 5.61
13.0 5.472
13.0 6.0
13.0 5.648
13.0 5.594
13.0 5.39
13.0 5.776
13.0 6.114
13.0 5.798
13.0 5.742
13.0 6.084
13.0 5.106
13.0 6.44
13.0 5.904
13.0 5.436
13.0 6.388
13.0 6.536
13.0 5.774
13.0 5.72
13.0 5.54
13.0 5.96
13.0 5.608
13.0 6.076
13.0 5.698
13.0 5.93
13.0 6.26
13.0 4.654
13.0 6.544
13.0 5.412
13.0 5.148
13.0 5.758
13.0 6.218
13.0 5.642
13.0 6.15
13.0 6.22
13.0 5.006
13.0 5.3
13.0 5.984
13.0 5.544
50
11.5 3.806
11.5 5.366
11.5 5.724
12.0 5.57
12.0 5.824
12.0 5.348
12.0 5.184
12.0 6.012
12.0 5.812
13.0 5.79
13.0 5.57
13.0 5.542
13.0 6.092
13.0 6.588
13.0 5.634
13.0 5.65
13.0 5.632
13.0 6.454
13.0 5.424
13.0 4.628
13.0 5.93
13.0 5.176
13.0 5.902
13.0 6.12
13.0 5.782
13.0 5.976
13.0 5.874
13.0 5.114
13.0 5.338
13.0 5.382
13.0 5.882
13.0 5.826
13.0 5.76
13.0 5.864
13.0 5.33
13.0 5.58
13.0 5.822
13.0 5.68
13.0 6.174
13.0 5.468
13.0 5.61
13.0 5.604
13.0 5.822
13.0 5.74
13.0 5.676
13.0 5.148
13.0 6.012
13.0 6.168
13.0 6.12
13.0 5.608
50
11.0 4.022
11.5 5.66
11.5 5.632
11.5 5.774
11.5 5.48
12.0 6.136
12.0 5.334
12.0 5.854
12.0 5.606
12.0 5.62
12.0 5.634
12.0 5.874
12.0 5.628
12.0 5.82
12.0 5.666
12.0 5.062
12.0 5.128
12.5 5.49
12.5 6.018
12.5 5.75
12.5 6.044
12.5 5.866
12.5 6.248
12.5 4.212
12.5 5.308
12.5 5.572
12.5 6.052
12.5 4.608
12.5 5.314
12.5 5.828
12.5 4.596
12.5 5.728
12.5 5.742
12.5 5.48
12.5 6.214
12.5 5.512
12.5 5.816
12.5 5.734
12.5 5.488
12.5 5.842
12.5 5.252
12.5 5.984
12.5 5.548
12.5 5.296
12.5 6.124
13.0 6.206
13.0 5.654
13.0 6.028
13.0 6.258
13.0 5.152
50
11.0 3.972
12.0 6.038
12.0 5.876
12.0 5.386
12.0 6.05
12.0 5.846
12.0 5.414
12.0 6.202
12.0 5.36
12.0 4.886
12.0 5.428
12.0 4.722
12.0 6.128
12.0 6.128
12.0 5.07
12.0 5.046
12.0 5.752
12.0 5.074
12.0 5.14
12.0 5.372
12.0 5.154
12.0 5.808
12.0 5.27
12.0 5.088
12.0 6.082
12.0 5.446
12.0 6.092
12.0 6.088
12.0 5.826
12.0 5.816
12.0 4.992
12.0 5.228
12.0 6.06
12.0 5.494
12.0 6.532
12.0 5.37
12.0 5.606
12.0 5.434
12.0 5.518
12.0 5.714
12.0 5.034
12.0 6.146
12.0 5.672
12.0 5.532
12.0 5.774
12.0 5.668
12.0 5.3
12.0 5.654
12.0 5.002
12.0 5.586
50
10.5 4.18
12.5 5.468
12.5 5.938
12.5 6.006
12.5 5.898
12.5 5.306
12.5 5.674
12.5 5.3
12.5 5.888
12.5 5.374
12.5 6.05
12.5 6.042
12.5 5.544
12.5 5.05
12.5 5.598
12.5 5.27
12.5 5.412
12.5 5.682
12.5 5.144
12.5 5.702
12.5 5.892
12.5 5.91
12.5 5.722
12.5 5.556
12.5 6.158
12.5 5.852
12.5 5.832
12.5 3.734
12.5 5.438
12.5 5.786
12.5 5.266
12.5 5.752
12.5 5.634
12.5 6.18
12.5 5.288
12.5 5.43
12.5 6.258
12.5 5.874
12.5 6.152
12.5 5.35
12.5 5.364
12.5 5.804
12.5 5.264
12.5 6.062
12.5 6.196
12.5 5.674
12.5 5.566
12.5 5.89
12.5 5.704
12.5 5.26
50
11.5 3.494
11.5 5.76
11.5 5.878
12.5 5.124
12.5 6.006
12.5 4.51
12.5 5.188
12.5 5.568
12.5 5.318
12.5 6.164
12.5 5.69
12.5 5.33
12.5 6.158
12.5 5.608
12.5 5.602
12.5 5.784
12.5 5.188
12.5 5.938
12.5 5.706
12.5 6.344
12.5 5.436
12.5 5.242
12.5 5.686
12.5 5.088
12.5 5.528
12.5 5.674
12.5 5.28
12.5 5.68
12.5 5.306
12.5 5.94
12.5 5.69
12.5 5.996
12.5 5.868
12.5 5.278
12.5 5.64
12.5 5.526
12.5 5.054
12.5 6.112
12.5 5.46
12.5 5.918
12.5 5.764
12.5 5.018
12.5 5.77
12.5 5.188
12.5 5.536
12.5 5.388
12.5 5.32
12.5 5.716
12.5 5.508
12.5 5.8
50
10.5 3.704
12.5 5.3
12.5 5.178
12.5 5.88
12.5 5.58
12.5 5.632
12.5 5.486
12.5 5.044
12.5 6.136
12.5 5.39
12.5 5.682
12.5 5.76
12.5 5.796
12.5 5.648
12.5 5.192
12.5 5.608
12.5 4.984
12.5 6.022
12.5 5.876
12.5 6.008
12.5 5.052
12.5 5.582
12.5 6.156
12.5 5.036
12.5 5.334
12.5 5.344
12.5 5.516
12.5 6.168
12.5 6.112
12.5 5.68
12.5 5.772
12.5 5.908
13.5 6.028
13.5 5.444
13.5 5.016
13.5 5.684
13.5 5.864
13.5 5.476
13.5 6.356
13.5 6.202
13.5 5.796
13.5 6.558
13.5 5.972
13.5 5.416
13.5 5.788
13.5 5.166
13.5 4.426
13.5 5.314
13.5 4.844
13.5 5.798
50
12.0 3.856
12.0 5.912
12.0 5.602
13.0 5.152
13.0 6.438
13.0 5.668
13.0 5.044
13.0 5.446
13.0 5.188
13.0 6.012
13.0 5.624
13.0 5.808
13.0 5.41
13.0 6.058
13.0 5.684
13.0 5.478
13.0 5.838
13.0 6.21
13.0 5.734
13.0 5.98
13.0 5.414
13.0 5.49
13.0 5.562
13.0 5.394
13.0 6.162
13.0 4.67
13.0 5.406
13.0 5.788
13.0 5.836
13.0 5.7
13.0 5.996
13.0 5.896
13.0 5.088
13.0 4.632
13.0 5.432
13.0 6.13
13.0 5.598
13.0 5.45
13.0 5.532
13.0 5.66
13.0 6.392
13.0 5.938
13.0 5.782
13.0 5.426
13.0 5.652
13.0 5.578
13.0 5.154
13.0 5.586
13.0 5.872
13.0 6.05

Individual: [1, 2, 6, 7, 9, 14, 15, 18, 20]
   Fitness: 13.5
     Total: 9
Violations: 0 0

Individual: [1, 2, 4, 5, 10, 13, 14, 17, 19, 20]
   Fitness: 13.0
     Total: 10
Violations: 2 2

Individual: [1, 2, 4, 5, 13, 14, 15, 18, 19, 20]
   Fitness: 13.0
     Total: 10
Violations: 2 2

Individual: [1, 2, 3, 6, 7, 8, 16, 17, 19, 20]
   Fitness: 13.0
     Total: 10
Violations: 2 2

Individual: [1, 2, 3, 6, 7, 14, 15, 18, 19, 20]
   Fitness: 13.0
     Total: 10
Violations: 2 2

Individual: [3, 4, 8, 9, 16, 17, 19, 20]
   Fitness: 12.0
     Total: 8
Violations: 0 0

Individual: [3, 4, 6, 7, 9, 16, 17, 19, 20]
   Fitness: 12.5
     Total: 9
Violations: 1 1

Individual: [1, 2, 4, 5, 11, 13, 14, 16, 19, 20]
   Fitness: 13.0
     Total: 10
Violations: 2 2

Individual: [1, 3, 6, 7, 12, 14, 15, 19, 20]
   Fitness: 13.5
     Total: 9
Violations: 0 0

Individual: [1, 2, 3, 6, 7, 14, 15, 16, 19, 20]
   Fitness: 13.0
     Total: 10
Violations: 2 2
