10
500
11.0 3.918
11.0 5.156
12.5 5.718
12.5 5.938
12.5 5.9
12.5 6.046
12.5 5.93
12.5 5.384
12.5 5.728
12.5 5.604
12.5 5.706
12.5 5.834
12.5 6.316
12.5 6.092
12.5 5.852
12.5 6.132
12.5 5.792
12.5 6.098
12.5 5.532
12.5 5.814
12.5 5.876
12.5 6.04
12.5 5.496
12.5 5.556
12.5 5.82
12.5 6.24
12.5 6.386
12.5 6.352
12.5 5.952
12.5 6.04
12.5 6.02
12.5 6.144
12.5 5.836
12.5 5.516
12.5 6.018
12.5 6.062
12.5 5.862
12.5 6.148
12.5 6.112
12.5 5.738
12.5 6.094
12.5 5.786
12.5 5.444
12.5 6.05
12.5 5.61
12.5 6.06
12.5 5.904
12.5 5.76
12.5 5.562
12.5 5.884
12.5 5.864
12.5 5.804
12.5 5.92
12.5 6.054
12.5 6.012
12.5 6.048
12.5 5.916
12.5 6.028
12.5 6.034
12.5 5.898
12.5 5.568
12.5 5.308
12.5 5.886
12.5 5.762
12.5 5.816
12.5 5.548
12.5 5.98
12.5 6.208
12.5 6.136
12.5 6.268
13.0 6.174
13.0 5.962
13.0 6.036
13.0 5.932
13.0 5.548
13.0 5.326
13.0 5.76
13.0 5.85
13.0 5.662
13.0 5.62
13.0 5.9
13.0 6.114
13.0 6.174
13.0 6.154
13.0 5.964
13.0 5.602
13.0 6.254
13.0 6.008
13.0 6.15
13.0 5.788
13.0 5.894
13.0 5.988
13.0 6.218
13.0 6.144
13.0 5.994
13.0 5.422
13.0 5.6
13.0 5.38
13.0 5.586
13.0 5.584
13.0 6.046
13.0 5.678
13.0 6.112
13.0 5.946
13.0 5.898
13.0 5.992
13.0 5.988
13.0 5.974
13.0 5.872
13.0 5.992
13.0 6.136
13.0 5.598
13.0 6.442
13.0 6.154
13.0 6.016
13.0 6.164
13.0 5.742
13.0 5.798
13.0 5.874
13.0 5.904
13.0 5.854
13.0 6.12
13.0 5.476
13.0 5.288
13.0 5.394
13.0 5.554
13.0 5.846
13.0 5.68
13.0 5.81
13.0 5.166
13.0 5.868
13.0 5.82
13.0 5.936
13.0 5.824
13.0 5.67
13.0 5.754
13.0 5.87
13.0 5.57
13.0 5.83
13.0 5.814
13.0 5.71
13.0 6.052
13.0 6.074
13.0 5.022
13.0 5.756
13.0 6.248
13.0 5.834
13.0 5.61
13.0 5.572
13.0 5.608
13.0 5.52
13.0 6.066
13.0 5.7
13.0 5.618
13.0 5.548
13.0 5.902
13.0 6.054
13.0 5.67
13.0 5.68
13.0 6.256
13.0 5.898
13.0 5.616
13.0 5.54
13.0 5.846
13.0 6.074
13.0 5.742
13.0 5.69
13.0 5.814
13.0 5.402
13.0 5.43
13.0 5.498
13.0 5.322
13.0 5.736
13.0 5.766
13.0 6.13
13.0 5.734
13.0 5.932
13.0 5.98
13.0 6.288
13.0 5.788
13.0 5.796
13.0 5.694
13.0 6.326
13.0 5.776
13.0 5.8
13.0 6.194
13.0 6.092
13.0 5.674
13.0 5.438
13.0 6.298
13.0 5.676
13.0 5.792
13.0 5.65
13.0 6.062
13.0 6.086
13.0 5.856
13.0 5.996
13.0 5.652
13.0 5.738
13.0 5.486
13.0 5.842
13.0 5.612
13.0 5.944
13.0 5.736
13.0 5.588
13.0 5.672
13.0 5.192
13.0 5.542
13.0 5.494
13.0 5.692
13.0 5.75
13.0 5.752
13.0 5.874
13.0 5.906
13.0 5.52
13.0 6.056
13.0 6.078
13.0 5.666
13.0 6.066
13.0 5.754
13.0 5.852
13.0 5.77
13.0 5.344
13.0 5.856
13.0 5.988
13.0 5.708
13.0 6.374
13.0 5.622
13.0 5.714
13.0 6.338
13.0 6.14
13.0 5.996
13.0 5.872
13.0 5.738
13.0 5.772
13.0 6.192
13.0 6.168
13.0 5.856
13.0 6.074
13.0 6.408
13.0 5.536
13.0 6.042
13.0 5.664
13.0 5.39
13.0 5.934
13.0 5.752
13.0 5.354
13.0 5.812
13.0 5.984
13.0 6.112
13.0 6.182
13.0 6.094
13.0 5.588
13.0 5.872
13.0 5.842
13.0 5.712
13.0 5.448
13.0 5.642
13.0 6.114
13.0 5.85
13.0 6.176
13.0 6.392
13.0 5.222
13.0 5.688
13.0 5.698
13.0 6.196
13.0 6.57
13.0 5.356
13.0 5.434
13.0 6.134
13.0 5.786
13.0 5.972
13.0 5.476
13.0 5.744
13.0 5.886
13.0 5.502
13.0 6.342
13.0 6.126
13.0 5.836
13.0 5.75
13.0 5.4
13.0 5.996
13.0 5.52
13.0 5.146
13.0 6.01
13.0 5.816
13.0 5.734
13.0 5.99
13.0 6.202
13.0 5.836
13.0 5.626
13.0 5.676
13.0 5.772
13.0 5.902
13.0 6.006
13.0 5.342
13.0 5.48
13.0 5.788
13.0 5.962
13.0 5.222
13.0 5.804
13.0 5.296
13.0 5.848
13.0 5.21
13.0 5.868
13.0 5.638
13.0 5.844
13.0 5.96
13.0 5.826
13.0 5.986
13.0 5.544
13.0 5.77
13.0 5.694
13.0 5.528
13.0 6.162
13.0 5.302
13.0 6.0
13.0 6.354
13.0 5.784
13.0 5.824
13.0 5.884
13.0 6.144
13.0 5.922
13.0 5.908
13.0 5.628
13.0 6.16
13.0 5.81
13.0 6.26
13.0 5.712
13.0 5.772
13.0 5.714
13.0 5.548
13.0 5.716
13.0 5.968
13.0 6.066
13.0 5.41
13.0 5.614
13.0 6.108
13.0 5.622
13.0 5.58
13.0 5.962
13.0 5.948
13.0 5.864
13.0 5.6
13.0 5.992
13.0 6.324
13.0 6.086
13.0 5.77
13.0 5.67
13.0 5.772
13.0 5.652
13.0 5.604
13.0 5.938
13.0 5.984
13.0 6.19
13.0 5.966
13.0 6.114
13.0 5.822
13.0 6.654
13.0 6.186
13.0 5.904
13.0 6.18
13.0 6.026
13.0 5.886
13.0 5.594
13.0 5.702
13.0 5.698
13.0 5.73
13.0 6.15
13.0 6.1
13.0 5.566
13.0 5.632
13.0 5.692
13.0 5.46
13.0 6.0
13.0 5.652
13.0 5.732
13.0 5.718
13.0 5.534
13.0 5.19
13.0 5.792
13.0 6.02
13.0 6.184
13.0 5.866
13.0 5.67
13.0 5.938
13.0 6.148
13.0 6.082
13.0 5.87
13.0 5.882
13.0 5.764
13.0 6.134
13.0 5.582
13.0 5.39
13.0 5.816
13.0 6.102
13.0 5.73
13.0 5.832
13.0 6.114
13.0 6.07
13.0 5.876
13.0 5.62
13.0 5.834
13.0 5.634
13.0 5.772
13.0 5.606
13.0 6.01
13.0 5.712
13.0 5.31
13.0 5.15
13.0 5.762
13.0 5.748
13.0 5.732
13.0 5.73
13.0 5.988
13.0 6.024
13.0 5.962
13.0 5.828
13.0 5.756
13.0 6.142
13.0 6.158
13.0 5.752
13.0 5.644
13.0 5.814
13.0 5.46
13.0 5.556
13.0 5.428
13.0 5.722
13.0 6.012
13.0 5.808
13.0 6.056
13.0 5.908
13.0 5.888
13.0 5.68
13.0 5.822
13.0 6.222
13.0 5.542
13.0 5.786
13.0 5.914
13.0 6.024
13.0 5.794
13.0 5.758
13.0 5.512
13.0 5.872
13.0 5.916
13.0 6.206
13.0 5.64
13.0 5.862
13.0 5.862
13.0 5.798
13.0 5.256
13.0 5.65
13.0 6.188
13.0 5.706
13.0 5.568
13.0 5.302
13.0 6.0
13.0 5.948
13.0 5.818
13.0 5.774
13.0 5.816
13.0 5.884
13.0 5.668
13.0 6.028
13.0 5.322
13.0 5.724
13.0 5.296
13.0 5.522
13.0 5.62
13.0 5.152
13.0 5.75
13.0 5.802
13.0 6.044
13.0 5.784
13.0 5.444
13.0 5.692
13.0 5.522
13.0 5.876
13.0 5.522
13.0 5.754
13.0 6.036
13.0 5.538
13.0 5.856
13.0 5.52
13.0 5.696
13.0 6.072
13.0 6.056
13.0 6.23
13.0 5.648
13.0 5.894
13.0 5.702
13.0 5.64
13.0 5.95
13.0 5.78
13.0 5.994
13.0 5.99
13.0 5.878
13.0 5.828
13.0 5.822
13.0 5.482
500
12.0 3.564
12.5 4.924
12.5 5.586
12.5 5.832
12.5 6.006
12.5 5.798
12.5 5.83
12.5 5.724
12.5 6.11
12.5 6.056
12.5 5.948
12.5 5.514
12.5 5.89
12.5 5.666
12.5 5.744
12.5 6.11
12.5 5.69
12.5 5.7
12.5 5.936
12.5 6.198
12.5 5.824
12.5 5.796
12.5 6.466
12.5 6.014
12.5 5.324
12.5 5.784
12.5 5.69
12.5 5.818
12.5 6.236
12.5 6.338
12.5 5.364
12.5 5.798
12.5 5.446
12.5 5.586
12.5 5.586
12.5 5.668
12.5 5.6
13.0 5.318
13.0 5.788
13.0 6.138
13.0 5.766
13.0 5.786
13.0 6.046
13.0 5.762
13.0 6.274
13.0 5.694
13.0 6.224
13.0 6.2
13.0 5.41
13.0 6.302
13.0 5.886
13.0 6.066
13.0 6.116
13.0 5.968
13.0 5.904
13.0 5.918
13.0 5.57
13.0 6.12
13.0 5.376
13.0 5.958
13.0 5.722
13.0 5.96
13.0 5.958
13.0 6.028
13.0 6.282
13.0 6.068
13.0 6.194
13.0 5.76
13.0 5.684
13.0 5.846
13.0 5.968
13.0 5.744
13.0 5.594
13.0 5.73
13.0 5.706
13.0 5.898
13.0 5.504
13.0 5.44
13.0 6.114
13.0 6.008
13.0 5.89
13.0 6.166
13.0 5.842
13.0 5.552
13.0 5.784
13.0 6.322
13.0 6.122
13.0 5.942
13.0 5.876
13.0 5.822
13.0 5.992
13.0 5.892
13.0 5.722
13.0 6.202
13.0 5.818
13.0 6.062
13.0 6.052
13.0 5.34
13.0 5.734
13.0 5.65
13.0 6.274
13.0 6.196
13.0 5.344
13.0 6.32
13.0 5.838
13.0 5.472
13.0 5.308
13.0 5.748
13.0 5.996
13.0 5.85
13.0 5.86
13.0 5.784
13.0 5.554
13.0 5.734
13.0 5.34
13.0 5.97
13.0 5.808
13.0 5.6
13.0 5.77
13.0 5.71
13.0 5.846
13.0 5.816
13.0 5.5
13.0 5.912
13.0 5.958
13.0 5.164
13.0 5.952
13.0 5.776
13.0 6.098
13.0 6.102
13.0 5.91
13.0 5.816
13.0 5.812
13.0 6.292
13.0 6.034
13.0 6.404
13.0 5.714
13.0 5.912
13.0 5.714
13.0 5.506
13.0 5.684
13.0 5.166
13.0 5.732
13.0 5.712
13.0 5.914
13.0 5.384
13.0 6.082
13.0 5.992
13.0 5.932
13.0 6.038
13.0 5.894
13.0 6.222
13.0 6.154
13.0 5.788
13.0 5.076
13.0 5.732
13.0 5.42
13.0 5.456
13.0 5.718
13.0 5.968
13.0 5.778
13.0 6.158
13.0 6.072
13.0 5.606
13.0 5.768
13.0 5.878
13.0 5.59
13.0 5.69
13.0 5.186
13.0 5.714
13.0 6.234
13.0 5.82
13.0 5.78
13.0 5.686
13.0 5.814
13.0 6.004
13.0 5.796
13.0 5.626
13.0 5.974
13.0 6.006
13.0 5.306
13.0 6.024
13.0 5.506
13.0 6.208
13.0 5.484
13.0 5.644
13.0 5.652
13.0 6.102
13.0 5.774
13.0 6.064
13.0 5.69
13.0 5.952
13.0 6.316
13.0 6.044
13.0 6.044
13.0 5.704
13.0 6.106
13.0 5.416
13.0 6.036
13.0 5.98
13.0 5.718
13.0 5.876
13.0 5.996
13.0 5.972
13.0 5.946
13.0 5.406
13.0 5.608
13.0 5.452
13.0 5.444
13.0 5.614
13.0 6.136
13.0 5.444
13.0 5.54
13.0 5.89
13.0 5.966
13.0 6.242
13.0 5.972
13.0 5.65
13.0 6.112
13.0 6.068
13.0 5.662
13.0 6.046
13.0 5.89
13.0 5.984
13.0 5.92
13.0 6.216
13.0 5.986
13.0 5.812
13.0 5.816
13.0 5.714
13.0 5.632
13.0 5.782
13.0 6.058
13.0 5.836
13.0 5.712
13.0 6.226
13.0 5.668
13.0 6.092
13.0 5.824
13.0 5.66
13.0 5.976
13.0 5.99
13.0 5.844
13.0 5.856
13.0 5.476
13.0 6.076
13.0 5.454
13.0 5.494
13.0 5.902
13.0 6.08
13.0 6.088
13.0 5.836
13.0 5.994
13.0 5.99
13.0 5.764
13.0 6.102
13.0 5.42
13.0 5.686
13.0 6.372
13.0 6.14
13.0 5.99
13.0 5.566
13.0 5.482
13.0 5.634
13.0 6.3
13.0 5.866
13.0 5.51
13.0 5.978
13.0 5.72
13.0 5.926
13.0 5.436
13.0 5.764
13.0 5.98
13.0 5.608
13.0 5.932
13.0 6.2
13.0 5.93
13.0 6.054
13.0 5.752
13.0 5.786
13.0 5.716
13.0 5.492
13.0 5.378
13.0 5.582
13.0 5.838
13.0 5.51
13.0 6.2
13.0 5.8
13.0 6.104
13.0 5.202
13.0 5.706
13.0 5.748
13.0 5.53
13.0 5.728
13.0 5.55
13.0 6.054
13.0 5.434
13.0 6.0
13.0 6.558
13.0 6.344
13.0 5.934
13.0 5.548
13.0 5.614
13.0 5.366
13.0 5.804
13.0 5.912
13.0 6.11
13.0 5.818
13.0 5.644
13.0 5.002
13.0 6.06
13.0 5.556
13.0 6.128
13.0 5.918
13.0 6.02
13.0 5.656
13.0 6.35
13.0 5.924
13.0 5.816
13.0 5.566
13.0 6.058
13.0 5.638
13.0 6.004
13.0 6.024
13.0 5.862
13.0 5.384
13.0 5.404
13.0 5.63
13.0 5.606
13.0 6.032
13.0 5.68
13.0 5.974
13.0 5.82
13.0 5.47
13.0 5.502
13.0 6.042
13.0 6.046
13.0 6.27
13.0 5.892
13.0 5.378
13.0 5.402
13.0 6.126
13.0 5.742
13.0 5.95
13.0 5.644
13.0 5.634
13.0 5.776
13.0 5.85
13.0 6.048
13.0 5.998
13.0 5.618
13.0 5.774
13.0 5.632
13.0 5.756
13.0 5.762
13.0 5.748
13.0 5.99
13.0 5.822
13.0 5.736
13.0 5.872
13.0 5.952
13.0 6.046
13.0 6.18
13.0 5.69
13.0 6.33
13.0 5.894
13.0 5.268
13.0 5.71
13.0 5.786
13.0 6.06
13.0 6.086
13.0 5.958
13.0 5.818
13.0 6.314
13.0 5.606
13.0 5.226
13.0 5.4
13.0 5.634
13.0 5.596
13.0 5.89
13.0 5.714
13.0 5.906
13.0 5.914
13.0 5.654
13.0 5.61
13.0 6.154
13.0 5.702
13.0 5.43
13.0 5.792
13.0 5.85
13.0 5.612
13.0 5.27
13.0 5.44
13.0 5.686
13.0 6.232
13.0 5.678
13.0 5.74
13.0 5.792
13.0 5.762
13.0 5.674
13.0 5.956
13.0 5.928
13.0 5.682
13.0 5.612
13.0 5.78
13.0 5.902
13.0 5.486
13.0 5.91
13.0 5.542
13.0 5.228
13.0 5.542
13.0 5.796
13.0 5.43
13.0 5.746
13.0 6.016
13.0 5.974
13.0 5.7
13.0 5.954
13.0 5.62
13.0 6.13
13.0 5.954
13.0 6.048
13.0 5.634
13.0 5.884
13.0 5.564
13.0 5.856
13.0 5.802
13.0 6.546
13.0 5.644
13.0 5.878
13.0 6.048
13.0 5.724
13.0 5.828
13.0 5.936
13.0 5.884
13.0 5.912
13.0 5.858
13.0 5.884
13.0 6.128
13.0 5.798
13.0 5.912
13.0 5.646
13.0 5.462
13.0 5.474
13.0 5.714
13.0 5.678
13.0 5.914
13.0 5.682
13.0 5.794
13.0 5.638
13.0 5.836
13.0 6.388
13.0 5.774
13.0 5.544
13.0 5.62
13.0 6.076
13.0 5.736
13.0 5.702
13.0 5.972
13.0 5.42
13.0 5.57
13.0 5.948
13.0 5.328
13.0 5.812
13.0 5.748
13.0 5.732
13.0 5.572
13.0 5.906
13.0 5.636
13.0 5.51
13.0 5.882
13.0 5.668
13.0 6.022
13.0 6.174
13.0 5.87
13.0 6.058
13.0 5.878
13.0 5.674
13.0 5.67
13.0 6.116
13.0 5.636
13.0 5.896
13.0 5.83
13.0 5.554
13.0 5.688
13.0 5.786
13.0 6.226
13.0 5.56
13.0 5.976
13.0 5.42
13.0 5.402
13.0 5.926
13.0 6.044
13.0 5.842
13.0 5.872
13.0 5.624
13.0 5.66
13.0 5.934
13.0 6.032
13.0 5.814
500
11.0 3.478
11.0 5.178
11.5 6.14
11.5 6.068
12.5 5.944
12.5 5.97
12.5 5.48
12.5 5.878
12.5 6.158
12.5 5.924
12.5 5.71
12.5 5.712
12.5 5.854
12.5 5.902
12.5 5.876
12.5 5.712
12.5 5.84
12.5 5.772
12.5 5.472
12.5 5.634
12.5 5.578
12.5 5.468
12.5 5.904
12.5 5.884
12.5 6.106
12.5 5.67
12.5 5.568
12.5 5.88
12.5 5.33
12.5 5.28
12.5 6.056
12.5 5.968
12.5 5.964
12.5 5.706
12.5 5.516
12.5 5.506
12.5 5.87
12.5 5.788
12.5 5.556
12.5 5.94
12.5 6.084
12.5 5.892
12.5 5.882
12.5 6.12
12.5 5.848
12.5 6.038
12.5 5.92
12.5 6.0
12.5 5.896
12.5 6.226
12.5 5.97
12.5 6.122
12.5 5.934
12.5 6.034
12.5 5.57
12.5 5.214
12.5 5.952
12.5 5.804
12.5 5.54
12.5 5.776
12.5 6.362
12.5 6.308
12.5 6.064
12.5 5.812
12.5 5.674
12.5 5.866
12.5 5.736
12.5 5.816
12.5 5.4
12.5 5.49
12.5 5.66
12.5 5.714
12.5 5.662
12.5 5.832
12.5 6.146
12.5 6.128
12.5 6.09
12.5 6.158
12.5 5.914
12.5 5.954
12.5 5.73
12.5 5.81
12.5 5.334
12.5 5.608
12.5 5.862
12.5 5.994
12.5 5.996
12.5 5.838
12.5 5.732
12.5 6.256
12.5 5.81
12.5 5.43
12.5 6.08
12.5 5.698
12.5 6.05
12.5 6.21
12.5 5.786
12.5 5.952
12.5 5.93
12.5 6.174
12.5 5.724
12.5 5.96
12.5 6.062
12.5 5.796
12.5 5.76
12.5 5.656
12.5 5.946
12.5 5.498
12.5 5.508
12.5 5.924
12.5 5.806
12.5 5.998
12.5 6.378
12.5 6.004
12.5 5.888
12.5 6.126
12.5 6.226
12.5 5.694
12.5 5.348
12.5 5.826
12.5 5.876
12.5 5.652
12.5 5.432
12.5 5.948
12.5 5.654
12.5 5.624
12.5 5.534
12.5 5.892
12.5 6.022
12.5 5.82
12.5 5.72
12.5 5.608
12.5 5.608
12.5 5.892
12.5 5.826
12.5 5.872
12.5 6.232
12.5 6.17
12.5 5.86
12.5 5.754
12.5 5.944
12.5 5.218
12.5 5.942
12.5 6.02
12.5 6.234
12.5 5.95
12.5 5.878
12.5 6.016
12.5 5.506
12.5 5.858
12.5 5.734
12.5 5.416
12.5 5.606
12.5 5.44
12.5 5.8
12.5 5.724
12.5 6.042
12.5 5.284
12.5 5.62
12.5 5.512
12.5 5.564
12.5 5.576
12.5 5.738
12.5 5.634
12.5 5.572
12.5 5.704
12.5 5.506
12.5 5.914
12.5 5.986
12.5 5.748
12.5 5.724
12.5 5.698
12.5 5.71
12.5 5.766
12.5 5.982
12.5 5.862
12.5 6.052
12.5 6.018
12.5 5.864
12.5 5.566
12.5 5.952
12.5 6.16
12.5 5.826
12.5 5.238
12.5 5.442
12.5 5.958
12.5 5.922
12.5 5.582
12.5 5.71
12.5 5.856
12.5 6.24
12.5 6.114
12.5 6.252
12.5 5.966
12.5 5.952
12.5 5.996
12.5 5.708
12.5 5.664
12.5 5.748
12.5 5.24
12.5 5.984
12.5 5.488
12.5 5.892
12.5 5.584
12.5 6.238
12.5 5.88
12.5 5.87
12.5 5.52
12.5 5.72
12.5 6.076
12.5 5.798
12.5 5.978
12.5 5.876
12.5 5.404
12.5 5.708
12.5 5.914
12.5 5.66
12.5 6.108
12.5 6.262
12.5 6.242
12.5 5.754
12.5 5.722
12.5 6.14
12.5 5.682
12.5 5.992
12.5 6.104
12.5 6.214
12.5 5.548
12.5 5.802
12.5 6.048
12.5 5.704
12.5 5.872
12.5 6.022
12.5 6.0
12.5 5.61
12.5 6.048
12.5 6.434
12.5 6.218
12.5 6.132
12.5 5.85
12.5 5.898
12.5 6.208
12.5 5.658
12.5 5.982
12.5 5.606
12.5 6.218
12.5 5.982
12.5 6.086
12.5 5.574
12.5 5.948
12.5 5.892
12.5 5.906
12.5 6.066
12.5 5.84
12.5 5.85
12.5 5.844
12.5 5.816
12.5 6.322
12.5 5.668
12.5 6.012
12.5 5.236
12.5 6.066
12.5 5.484
12.5 6.14
12.5 5.754
12.5 5.87
12.5 5.716
12.5 5.588
13.0 6.112
13.0 6.238
13.0 6.096
13.0 6.116
13.0 5.524
13.0 5.856
13.0 5.734
13.0 5.668
13.0 5.488
13.0 5.842
13.0 5.418
13.0 5.998
13.0 5.948
13.0 5.792
13.0 5.74
13.0 5.74
13.0 5.842
13.0 5.982
13.0 6.144
13.0 5.96
13.0 6.504
13.0 6.2
13.0 5.842
13.0 5.904
13.0 5.814
13.0 5.838
13.0 5.362
13.0 5.892
13.0 5.894
13.0 6.142
13.0 5.81
13.0 5.97
13.0 5.98
13.0 5.978
13.0 6.026
13.0 6.072
13.0 5.988
13.0 5.932
13.0 5.77
13.0 5.73
13.0 5.85
13.0 5.834
13.0 6.252
13.0 6.118
13.0 6.358
13.0 6.296
13.0 6.114
13.0 5.684
13.0 5.712
13.0 5.86
13.0 5.864
13.0 5.942
13.0 5.826
13.0 5.732
13.0 6.04
13.0 5.666
13.0 5.168
13.0 5.652
13.0 5.614
13.0 5.784
13.0 5.752
13.0 6.042
13.0 5.974
13.0 6.194
13.0 6.078
13.0 6.112
13.0 5.616
13.0 5.666
13.0 5.672
13.0 5.658
13.0 5.684
13.0 5.18
13.0 5.798
13.0 6.094
13.0 5.908
13.0 5.884
13.0 6.004
13.0 5.326
13.0 6.212
13.0 5.88
13.0 5.656
13.0 6.058
13.0 5.956
13.0 5.632
13.0 6.218
13.0 5.874
13.0 5.786
13.0 5.842
13.0 5.776
13.0 5.9
13.0 6.016
13.0 5.642
13.0 5.808
13.0 5.872
13.0 5.992
13.0 5.694
13.0 5.79
13.0 6.232
13.0 5.912
13.0 6.016
13.0 5.704
13.0 5.874
13.0 6.18
13.0 5.948
13.0 5.686
13.0 5.714
13.0 5.606
13.0 5.742
13.0 5.696
13.0 5.874
13.0 6.056
13.0 5.798
13.0 6.028
13.0 5.644
13.0 5.984
13.0 5.412
13.0 5.902
13.0 5.57
13.0 5.944
13.0 5.894
13.0 5.842
13.0 6.178
13.0 5.728
13.5 6.138
13.5 5.674
13.5 5.58
13.5 5.964
13.5 5.382
13.5 6.096
13.5 5.656
13.5 5.576
13.5 5.654
13.5 5.396
13.5 5.522
13.5 5.664
13.5 5.578
13.5 5.234
13.5 5.444
13.5 5.562
13.5 5.726
13.5 5.756
13.5 5.982
13.5 5.692
13.5 5.832
13.5 6.22
13.5 6.124
13.5 6.088
13.5 6.182
13.5 6.124
13.5 6.184
13.5 5.94
13.5 5.62
13.5 6.026
13.5 6.108
13.5 5.966
13.5 5.768
13.5 6.272
13.5 5.722
13.5 6.488
13.5 5.84
13.5 5.682
13.5 5.918
13.5 5.962
13.5 5.83
13.5 5.874
13.5 5.75
13.5 5.726
13.5 5.72
13.5 6.092
13.5 6.172
13.5 6.068
13.5 6.182
13.5 6.066
13.5 5.718
13.5 6.192
13.5 5.948
13.5 6.262
13.5 6.238
13.5 6.1
13.5 6.032
13.5 6.042
13.5 6.158
13.5 5.798
13.5 5.892
13.5 5.714
13.5 6.11
13.5 5.55
13.5 5.528
13.5 5.278
13.5 6.064
13.5 5.832
13.5 5.92
13.5 6.388
13.5 5.956
13.5 6.044
13.5 5.814
13.5 5.732
13.5 5.986
13.5 5.788
13.5 6.168
13.5 5.666
13.5 5.512
13.5 6.222
13.5 5.988
13.5 5.61
13.5 6.1
13.5 5.61
13.5 5.784
13.5 5.758
13.5 5.83
13.5 5.962
13.5 6.174
13.5 6.194
13.5 5.908
13.5 6.128
13.5 5.728
13.5 5.68
13.5 5.49
13.5 5.994
13.5 6.222
13.5 6.08
13.5 5.28
13.5 5.736
13.5 5.814
13.5 5.944
13.5 5.596
13.5 5.712
13.5 5.656
13.5 5.78
13.5 5.714
13.5 5.978
13.5 5.996
500
10.5 4.306
11.0 5.174
11.0 5.69
12.0 5.91
12.0 5.914
12.0 5.804
12.0 6.102
12.0 5.604
12.5 5.836
12.5 5.364
12.5 5.55
12.5 5.88
12.5 5.908
12.5 6.016
12.5 5.794
13.0 5.908
13.0 5.522
13.0 5.744
13.0 5.962
13.0 6.214
13.0 6.388
13.0 5.748
13.0 5.652
13.0 5.656
13.0 5.932
13.0 6.002
13.0 6.168
13.0 5.914
13.0 5.748
13.0 5.758
13.0 6.318
13.0 5.41
13.0 5.878
13.0 6.218
13.0 6.196
13.0 5.802
13.0 5.912
13.0 5.618
13.0 4.998
13.0 5.22
13.0 5.678
13.0 5.6
13.0 6.01
13.0 5.962
13.0 6.058
13.0 5.948
13.0 5.646
13.0 5.744
13.0 5.808
13.0 6.0
13.0 6.358
13.0 5.814
13.0 6.188
13.0 5.768
13.0 5.454
13.0 6.082
13.0 6.042
13.0 5.992
13.0 5.65
13.0 5.542
13.0 5.352
13.0 5.948
13.0 6.148
13.0 5.542
13.0 6.082
13.0 5.426
13.0 5.61
13.0 5.884
13.0 5.744
13.0 5.97
13.0 6.268
13.0 5.72
13.0 5.94
13.0 5.824
13.0 5.854
13.0 5.846
13.0 5.54
13.0 5.462
13.0 5.632
13.0 5.23
13.0 5.554
13.0 5.98
13.0 5.762
13.0 5.644
13.0 5.27
13.0 6.194
13.0 6.082
13.0 5.838
13.0 6.06
13.0 5.846
13.0 5.93
13.0 5.778
13.0 5.636
13.0 5.708
13.0 5.784
13.0 5.736
13.0 6.316
13.0 5.514
13.0 5.758
13.0 6.088
13.0 5.52
13.0 5.654
13.0 6.03
13.0 5.814
13.0 6.046
13.0 6.102
13.0 5.946
13.0 5.958
13.0 5.92
13.0 5.4
13.0 6.104
13.0 6.22
13.0 5.796
13.0 6.116
13.0 6.046
13.0 5.708
13.0 5.584
13.0 5.91
13.0 5.698
13.0 5.862
13.0 5.506
13.0 5.432
13.0 5.7
13.0 5.198
13.0 5.594
13.0 6.252
13.0 5.396
13.0 5.55
13.0 5.752
13.0 6.316
13.0 5.914
13.0 5.468
13.0 5.092
13.0 6.068
13.0 6.22
13.0 6.15
13.0 6.18
13.0 6.022
13.0 5.594
13.0 5.776
13.0 6.132
13.0 5.94
13.0 5.812
13.0 5.85
13.0 5.536
13.0 5.944
13.0 5.31
13.0 5.276
13.0 5.804
13.0 5.356
13.0 5.522
13.0 5.604
13.0 6.048
13.0 6.018
13.0 5.79
13.0 5.648
13.0 5.95
13.0 6.164
13.0 5.812
13.0 5.524
13.0 5.696
13.0 5.654
13.0 6.078
13.0 6.04
13.0 5.908
13.0 6.112
13.0 5.144
13.0 6.242
13.0 6.386
13.0 5.99
13.0 5.858
13.0 5.95
13.0 5.9
13.0 5.526
13.0 6.024
13.0 5.916
13.0 6.052
13.0 6.262
13.0 6.374
13.0 5.87
13.0 6.078
13.0 5.458
13.0 5.886
13.0 5.62
13.0 5.974
13.0 5.378
13.0 5.396
13.0 5.744
13.0 5.634
13.0 5.8
13.0 6.046
13.0 5.38
13.0 6.022
13.0 5.94
13.0 6.276
13.0 6.192
13.0 6.106
13.0 5.28
13.0 5.79
13.0 5.662
13.0 5.37
13.0 5.766
13.0 5.858
13.0 5.688
13.0 5.64
13.0 5.364
13.0 5.484
13.0 5.778
13.0 5.812
13.0 5.838
13.0 5.686
13.0 6.3
13.0 5.93
13.0 5.928
13.0 5.628
13.0 6.132
13.0 5.636
13.0 5.556
13.0 5.774
13.0 5.884
13.0 5.784
13.0 5.744
13.0 5.888
13.0 5.678
13.0 5.878
13.0 6.136
13.0 5.52
13.0 5.688
13.0 5.806
13.0 5.856
13.0 5.836
13.0 5.864
13.0 5.854
13.0 5.65
13.0 5.56
13.0 6.004
13.0 5.552
13.0 6.046
13.0 6.082
13.0 5.428
13.0 5.302
13.0 5.928
13.0 5.916
13.0 5.82
13.0 5.816
13.0 6.074
13.0 6.262
13.0 6.228
13.0 5.942
13.0 6.082
13.0 5.508
13.0 6.102
13.0 5.424
13.0 5.972
13.0 5.952
13.0 6.168
13.0 5.2
13.0 5.838
13.0 5.416
13.0 5.468
13.0 5.766
13.0 5.488
13.0 5.968
13.0 6.164
13.0 5.454
13.0 5.632
13.0 5.32
13.0 5.5
13.0 5.7
13.0 5.604
13.0 5.754
13.0 6.086
13.0 5.846
13.0 5.946
13.0 5.484
13.0 5.26
13.0 5.486
13.0 6.124
13.0 6.014
13.0 5.722
13.0 5.848
13.0 5.788
13.0 5.97
13.0 5.886
13.0 5.602
13.0 5.634
13.0 5.434
13.0 5.636
13.0 5.662
13.0 5.724
13.0 5.648
13.0 6.232
13.0 5.768
13.0 5.284
13.0 6.058
13.0 6.158
13.0 5.728
13.0 5.712
13.0 6.134
13.0 5.854
13.0 5.92
13.0 5.868
13.0 5.964
13.0 5.496
13.0 6.076
13.0 5.272
13.0 5.848
13.0 5.586
13.0 5.712
13.0 5.612
13.0 5.544
13.0 5.888
13.0 5.988
13.0 5.568
13.0 5.95
13.0 6.264
13.0 5.658
13.0 5.75
13.0 5.078
13.0 5.748
13.0 5.64
13.0 5.912
13.0 6.034
13.0 6.086
13.0 5.906
13.0 5.996
13.0 5.688
13.0 5.684
13.0 6.064
13.0 5.632
13.0 6.166
13.0 5.844
13.0 5.974
13.0 6.036
13.0 6.082
13.0 6.224
13.0 5.402
13.0 5.168
13.0 6.054
13.0 5.34
13.0 6.066
13.0 5.87
13.0 6.326
13.0 6.006
13.0 5.64
13.0 5.696
13.0 6.226
13.0 6.052
13.0 6.32
13.0 6.28
13.0 5.764
13.0 5.232
13.0 5.6
13.0 5.936
13.0 5.788
13.0 5.562
13.0 6.096
13.0 5.814
13.0 5.826
13.0 5.472
13.0 5.734
13.0 5.632
13.0 5.59
13.0 5.546
13.0 5.96
13.0 5.676
13.0 5.522
13.0 6.0
13.0 5.986
13.0 6.154
13.0 5.57
13.0 5.874
13.0 5.79
13.0 5.808
13.0 5.736
13.0 6.264
13.0 5.536
13.0 5.792
13.0 5.964
13.0 6.13
13.0 5.84
13.0 5.6
13.0 5.756
13.0 5.382
13.0 5.82
13.0 5.64
13.0 5.876
13.0 5.884
13.0 6.036
13.0 5.656
13.0 5.984
13.0 6.31
13.0 6.142
13.0 5.652
13.0 5.6
13.0 5.932
13.0 5.428
13.0 5.934
13.0 5.836
13.0 6.192
13.0 5.646
13.0 5.38
13.0 6.042
13.0 5.624
13.0 5.952
13.0 6.012
13.0 5.442
13.0 5.804
13.0 5.85
13.0 5.718
13.0 5.886
13.0 5.42
13.0 5.98
13.0 5.632
13.0 5.616
13.0 5.904
13.0 6.03
13.0 5.478
13.0 6.202
13.0 5.586
13.0 5.556
13.0 5.708
13.0 5.658
13.0 5.88
13.0 5.648
13.0 5.75
13.0 5.558
13.0 5.828
13.0 5.472
13.0 5.636
13.0 5.976
13.0 6.262
13.0 5.65
13.0 6.124
13.0 5.858
13.0 5.592
13.0 6.306
13.0 5.812
13.0 5.846
13.0 5.838
13.0 6.072
13.0 5.832
13.0 5.63
13.0 6.138
13.0 5.704
13.0 5.818
13.0 5.524
13.0 5.482
13.0 5.694
13.0 6.046
13.0 5.658
13.0 5.714
13.0 6.046
13.0 6.012
13.0 5.956
13.0 6.126
13.0 5.838
13.0 6.16
13.0 5.69
13.0 5.82
13.0 6.062
13.0 5.68
13.0 5.814
13.0 6.114
13.0 6.158
13.0 5.936
13.0 5.518
13.0 5.828
13.0 5.644
13.0 5.348
13.0 5.182
13.0 5.828
13.0 5.748
13.0 5.612
13.0 5.872
13.0 5.858
13.0 5.782
13.0 5.906
13.0 5.798
13.0 5.64
13.0 5.896
13.0 5.63
13.0 5.78
13.0 5.846
13.0 5.88
13.0 6.596
13.0 5.908
13.0 6.142
13.0 5.74
13.0 6.136
13.0 6.218
13.0 5.918
13.0 6.062
13.0 6.182
13.0 5.844
13.0 5.148
13.0 5.646
13.0 5.464
13.0 5.61
13.0 5.952
500
10.5 3.612
11.5 5.75
12.5 5.468
12.5 5.828
12.5 6.432
13.0 6.16
13.0 6.002
13.0 5.47
13.0 5.93
13.0 5.628
13.0 6.0
13.0 6.17
13.0 6.414
13.0 5.386
13.0 5.83
13.0 5.648
13.0 5.438
13.0 6.054
13.0 6.214
13.0 6.05
13.0 5.374
13.0 5.802
13.0 6.012
13.0 5.524
13.0 5.838
13.0 6.278
13.0 5.93
13.0 5.068
13.0 6.024
13.0 5.86
13.0 6.032
13.0 5.852
13.0 6.016
13.0 5.712
13.0 5.894
13.0 5.808
13.0 6.1
13.0 5.766
13.0 6.192
13.0 5.732
13.0 5.804
13.0 6.01
13.0 6.218
13.0 5.958
13.0 5.934
13.0 6.038
13.0 5.726
13.0 5.884
13.0 5.63
13.0 6.132
13.0 5.258
13.0 6.018
13.0 5.828
13.0 6.088
13.0 5.526
13.0 5.904
13.0 5.816
13.0 5.39
13.0 6.108
13.0 6.17
13.0 5.85
13.0 5.612
13.0 5.36
13.0 6.074
13.0 5.988
13.0 5.888
13.0 6.152
13.0 5.792
13.0 5.936
13.0 5.76
13.0 5.658
13.0 6.248
13.0 5.724
13.0 5.648
13.0 5.816
13.0 5.666
13.0 5.824
13.0 5.468
13.0 5.978
13.0 5.402
13.0 5.722
13.0 5.534
13.0 5.536
13.0 5.586
13.0 5.902
13.0 5.928
13.0 5.712
13.0 5.976
13.0 5.67
13.0 6.122
13.0 5.548
13.0 5.712
13.0 5.41
13.0 5.516
13.0 6.034
13.0 5.698
13.0 5.956
13.0 5.9
13.0 5.782
13.0 6.182
13.0 5.79
13.0 6.256
13.0 5.784
13.0 6.032
13.0 6.008
13.0 5.994
13.0 5.674
13.0 5.946
13.0 6.32
13.0 6.064
13.0 5.87
13.0 5.634
13.0 5.896
13.0 6.332
13.0 5.676
13.0 5.882
13.0 6.064
13.0 5.546
13.0 5.946
13.0 6.022
13.0 5.748
13.0 5.866
13.0 5.914
13.0 5.41
13.0 5.994
13.0 5.87
13.0 5.782
13.0 5.704
13.0 6.026
13.0 6.178
13.0 6.048
13.0 6.39
13.0 6.03
13.0 5.938
13.0 5.79
13.0 5.942
13.0 5.666
13.0 6.062
13.0 6.364
13.0 5.726
13.0 5.62
13.0 5.874
13.0 6.096
13.0 6.13
13.0 5.348
13.0 5.748
13.0 5.344
13.0 5.47
13.0 5.918
13.0 5.952
13.0 5.68
13.0 5.916
13.0 6.012
13.0 5.702
13.0 5.658
13.0 5.61
13.0 5.552
13.0 6.076
13.0 5.624
13.0 5.776
13.0 6.172
13.0 6.062
13.0 5.688
13.0 5.822
13.0 5.706
13.0 5.918
13.0 5.688
13.0 5.722
13.0 5.518
13.0 5.912
13.0 5.826
13.0 5.734
13.0 5.83
13.0 5.674
13.0 6.042
13.0 6.232
13.0 5.936
13.0 5.73
13.0 5.768
13.0 5.77
13.0 5.528
13.0 5.832
13.0 6.228
13.0 5.668
13.0 5.79
13.0 5.666
13.0 5.506
13.0 6.07
13.0 5.806
13.0 5.766
13.0 5.516
13.0 5.398
13.0 5.816
13.0 5.698
13.0 6.184
13.0 6.036
13.0 5.61
13.0 5.616
13.0 6.248
13.0 5.376
13.0 5.484
13.0 5.196
13.0 5.832
13.0 5.814
13.0 5.76
13.0 5.706
13.0 5.646
13.0 5.774
13.0 6.114
13.0 5.666
13.0 5.816
13.0 5.904
13.0 6.274
13.0 5.66
13.0 5.458
13.0 5.566
13.0 5.316
13.0 5.526
13.0 6.358
13.0 6.138
13.0 5.258
13.0 6.034
13.0 6.256
13.0 5.28
13.0 6.062
13.0 5.972
13.0 5.818
13.0 5.392
13.0 5.854
13.0 5.844
13.0 5.858
13.0 5.682
13.0 5.714
13.0 5.594
13.0 5.62
13.0 5.542
13.0 6.136
13.0 5.532
13.0 5.696
13.0 5.616
13.0 6.0
13.0 6.026
13.0 5.876
13.0 5.554
13.0 6.074
13.0 5.744
13.0 6.012
13.0 5.172
13.0 5.456
13.0 6.146
13.0 5.41
13.0 5.704
13.0 5.976
13.0 5.79
13.0 5.972
13.0 5.94
13.0 5.566
13.0 5.514
13.0 6.05
13.0 5.996
13.0 5.462
13.0 5.936
13.0 5.954
13.0 5.858
13.0 6.036
13.0 5.918
13.0 5.294
13.0 5.62
13.0 5.964
13.0 6.304
13.0 5.892
13.0 5.93
13.0 6.234
13.0 6.178
13.0 5.844
13.0 6.27
13.0 5.652
13.0 5.634
13.0 5.792
13.0 5.878
13.0 5.362
13.0 5.842
13.0 5.58
13.0 5.474
13.0 6.17
13.0 6.174
13.0 5.354
13.0 5.772
13.0 6.166
13.0 6.092
13.0 5.734
13.0 5.882
13.0 5.802
13.0 5.932
13.0 5.744
13.0 6.25
13.0 5.874
13.0 5.834
13.0 5.442
13.0 5.668
13.0 5.636
13.0 5.71
13.0 6.0
13.0 6.152
13.0 5.646
13.0 5.696
13.0 5.764
13.0 5.732
13.0 5.988
13.0 5.768
13.5 6.068
13.5 6.152
13.5 5.832
13.5 5.614
13.5 5.718
13.5 5.514
13.5 5.938
13.5 6.196
13.5 5.694
13.5 6.074
13.5 5.916
13.5 6.068
13.5 5.486
13.5 5.89
13.5 5.58
13.5 5.9
13.5 5.846
13.5 5.798
13.5 5.48
13.5 5.726
13.5 5.7
13.5 5.716
13.5 5.748
13.5 5.828
13.5 5.872
13.5 6.008
13.5 5.83
13.5 5.952
13.5 5.896
13.5 5.714
13.5 5.732
13.5 5.664
13.5 5.846
13.5 6.094
13.5 6.08
13.5 5.604
13.5 5.718
13.5 5.642
13.5 5.952
13.5 5.698
13.5 5.554
13.5 5.51
13.5 5.616
13.5 5.15
13.5 5.792
13.5 5.386
13.5 5.852
13.5 5.978
13.5 6.292
13.5 6.026
13.5 6.098
13.5 5.878
13.5 5.756
13.5 5.746
13.5 5.686
13.5 5.716
13.5 5.928
13.5 5.872
13.5 5.444
13.5 5.77
13.5 5.92
13.5 6.046
13.5 5.902
13.5 6.046
13.5 5.798
13.5 5.756
13.5 5.84
13.5 5.53
13.5 5.8
13.5 5.988
13.5 5.53
13.5 5.714
13.5 5.616
13.5 5.498
13.5 5.896
13.5 6.016
13.5 6.146
13.5 6.044
13.5 6.066
13.5 5.698
13.5 6.024
13.5 5.868
13.5 5.726
13.5 5.584
13.5 5.394
13.5 6.126
13.5 5.99
13.5 5.752
13.5 5.776
13.5 5.506
13.5 5.82
13.5 5.776
13.5 5.166
13.5 5.642
13.5 5.608
13.5 5.852
13.5 5.552
13.5 5.812
13.5 6.172
13.5 5.754
13.5 5.702
13.5 6.092
13.5 5.912
13.5 5.882
13.5 6.044
13.5 5.666
13.5 5.522
13.5 5.732
13.5 5.886
13.5 6.138
13.5 6.024
13.5 6.02
13.5 5.576
13.5 6.036
13.5 5.784
13.5 5.512
13.5 6.138
13.5 5.982
13.5 6.16
13.5 5.712
13.5 5.67
13.5 6.216
13.5 5.888
13.5 5.788
13.5 5.66
13.5 5.562
13.5 5.616
13.5 5.492
13.5 5.97
13.5 6.116
13.5 5.604
13.5 5.94
13.5 5.584
13.5 5.85
13.5 5.732
13.5 5.77
13.5 5.616
13.5 5.478
13.5 6.118
13.5 6.058
13.5 6.072
13.5 5.924
13.5 5.908
13.5 6.044
13.5 5.872
13.5 5.878
13.5 6.36
13.5 6.03
13.5 5.894
13.5 5.866
13.5 6.08
13.5 6.216
13.5 5.61
13.5 5.876
13.5 5.36
13.5 5.882
13.5 5.878
13.5 5.754
13.5 5.284
13.5 6.18
13.5 5.612
13.5 5.518
13.5 5.666
13.5 5.834
13.5 5.922
13.5 5.37
13.5 5.382
13.5 5.84
13.5 5.134
13.5 6.01
13.5 5.676
13.5 6.086
13.5 5.65
13.5 5.728
13.5 5.968
13.5 5.744
13.5 5.81
13.5 5.934
13.5 5.892
13.5 5.816
13.5 5.736
13.5 5.816
13.5 6.144
13.5 5.322
13.5 6.198
13.5 6.012
13.5 5.236
13.5 5.568
13.5 5.668
13.5 5.486
500
11.0 3.898
11.5 5.888
12.0 5.776
12.0 6.17
12.0 5.654
12.0 5.892
12.0 5.784
12.0 5.656
12.0 5.616
12.0 5.794
12.5 5.966
12.5 5.96
12.5 5.726
12.5 6.026
12.5 5.638
12.5 5.628
12.5 6.05
12.5 5.94
12.5 5.77
12.5 5.948
12.5 5.64
12.5 5.41
12.5 5.886
12.5 5.904
12.5 5.902
12.5 5.962
12.5 5.92
12.5 6.092
12.5 5.968
12.5 6.032
12.5 5.818
12.5 6.094
12.5 6.172
12.5 6.666
12.5 6.144
12.5 6.236
12.5 5.718
12.5 5.51
12.5 5.94
12.5 5.764
12.5 5.734
12.5 5.968
12.5 6.068
12.5 6.446
12.5 5.914
12.5 5.462
12.5 5.7
12.5 6.218
12.5 5.916
12.5 6.27
12.5 5.74
12.5 6.112
12.5 6.066
12.5 5.584
12.5 5.71
12.5 6.018
12.5 5.718
12.5 5.942
12.5 5.398
12.5 5.534
12.5 5.604
12.5 5.86
12.5 5.13
12.5 5.832
12.5 5.084
12.5 5.634
12.5 5.8
12.5 5.878
12.5 5.96
12.5 5.262
12.5 5.668
12.5 5.904
12.5 5.61
12.5 5.978
12.5 5.698
12.5 5.81
12.5 6.162
12.5 5.752
12.5 5.718
12.5 5.294
12.5 6.0
12.5 6.072
12.5 6.174
12.5 5.69
12.5 6.122
12.5 6.302
12.5 6.028
12.5 5.342
12.5 5.39
12.5 5.584
12.5 6.02
12.5 5.37
12.5 5.66
12.5 5.708
12.5 5.934
12.5 5.634
12.5 5.886
12.5 5.22
12.5 5.364
12.5 5.998
12.5 5.594
12.5 5.838
12.5 5.864
12.5 5.57
12.5 5.824
12.5 5.784
12.5 5.972
12.5 6.048
12.5 5.736
12.5 5.788
12.5 5.79
12.5 5.51
12.5 5.922
12.5 5.954
12.5 6.048
12.5 5.886
12.5 6.176
12.5 6.16
12.5 5.838
12.5 5.9
12.5 5.944
12.5 5.558
12.5 5.686
12.5 6.044
12.5 5.818
12.5 6.146
12.5 6.16
12.5 5.594
12.5 5.578
12.5 5.852
12.5 6.188
12.5 5.986
12.5 5.884
12.5 5.952
12.5 5.952
12.5 5.642
12.5 5.59
12.5 5.752
12.5 5.932
12.5 5.978
12.5 5.668
12.5 5.842
12.5 5.784
12.5 5.822
12.5 6.434
12.5 6.332
12.5 5.35
12.5 5.906
12.5 5.722
12.5 5.66
12.5 5.62
13.0 5.788
13.0 5.876
13.0 6.056
13.0 5.948
13.0 5.728
13.0 5.194
13.0 5.852
13.0 5.408
13.0 6.114
13.0 6.022
13.0 5.748
13.0 5.868
13.0 5.504
13.0 5.974
13.0 5.93
13.0 5.838
13.0 5.82
13.0 6.17
13.0 6.414
13.0 6.278
13.0 5.904
13.0 5.73
13.0 6.104
13.0 5.584
13.0 5.462
13.0 6.152
13.0 5.834
13.0 5.812
13.0 5.668
13.0 5.86
13.0 6.402
13.0 5.682
13.0 5.704
13.0 5.756
13.0 5.52
13.0 6.344
13.0 6.534
13.0 6.092
13.0 6.09
13.0 5.99
13.0 5.812
13.0 6.034
13.0 6.222
13.0 5.664
13.0 6.158
13.0 5.83
13.0 5.254
13.0 5.348
13.0 5.794
13.0 5.3
13.0 6.162
13.0 6.13
13.0 5.692
13.0 5.832
13.0 6.228
13.0 5.986
13.0 5.174
13.0 5.562
13.0 5.39
13.0 6.17
13.0 6.122
13.0 5.942
13.0 5.406
13.0 5.132
13.0 5.908
13.0 5.85
13.0 5.466
13.0 5.362
13.0 6.126
13.0 5.756
13.0 6.006
13.0 6.008
13.0 6.236
13.0 6.54
13.0 5.876
13.0 6.07
13.0 5.796
13.0 5.894
13.0 6.056
13.0 5.78
13.0 6.04
13.0 5.656
13.0 5.688
13.0 6.012
13.0 6.116
13.0 6.17
13.0 5.984
13.0 5.946
13.0 5.472
13.0 6.088
13.0 5.53
13.0 5.728
13.0 5.716
13.0 6.072
13.0 6.004
13.0 5.47
13.0 5.858
13.0 5.648
13.0 5.646
13.0 5.556
13.0 5.526
13.0 5.506
13.0 5.934
13.0 6.026
13.0 6.372
13.0 6.006
13.0 5.996
13.0 6.024
13.0 6.16
13.0 6.032
13.0 5.74
13.0 6.15
13.0 6.098
13.0 6.098
13.0 5.72
13.0 5.806
13.0 6.056
13.0 5.972
13.0 5.314
13.0 6.404
13.0 5.734
13.0 5.518
13.0 5.252
13.0 6.22
13.0 5.8
13.0 6.244
13.0 6.39
13.0 6.198
13.0 5.732
13.0 5.66
13.0 5.782
13.0 6.12
13.0 6.104
13.0 6.106
13.0 5.746
13.0 5.638
13.0 5.9
13.0 5.946
13.0 5.362
13.0 5.752
13.0 5.564
13.0 5.86
13.0 6.17
13.0 5.876
13.0 5.992
13.0 5.936
13.0 5.306
13.0 5.944
13.0 5.666
13.0 6.034
13.0 5.946
13.0 5.766
13.0 6.07
13.0 5.73
13.0 5.634
13.0 6.068
13.0 5.474
13.0 5.694
13.0 5.702
13.0 5.764
13.0 5.446
13.0 5.546
13.0 6.046
13.0 5.688
13.0 5.776
13.0 6.08
13.0 5.804
13.0 5.79
13.0 5.128
13.0 5.408
13.0 5.948
13.0 5.764
13.0 5.8
13.0 6.046
13.0 6.032
13.0 5.684
13.0 5.844
13.0 5.394
13.0 5.69
13.0 5.546
13.0 6.1
13.0 5.848
13.0 5.656
13.0 6.07
13.0 5.906
13.0 5.784
13.0 5.856
13.0 6.124
13.0 5.984
13.0 6.056
13.0 5.738
13.0 6.176
13.0 5.458
13.0 5.864
13.0 5.726
13.0 5.952
13.0 5.906
13.0 5.776
13.0 5.94
13.0 5.53
13.0 5.656
13.0 5.708
13.0 5.93
13.0 6.114
13.0 5.906
13.0 5.976
13.0 5.678
13.0 5.654
13.0 6.1
13.0 6.046
13.0 5.528
13.0 5.5
13.0 5.59
13.0 6.334
13.0 5.802
13.0 5.6
13.0 5.634
13.0 5.624
13.0 5.674
13.0 5.622
13.0 6.248
13.0 5.952
13.0 5.506
13.0 6.128
13.0 6.308
13.0 5.494
13.0 6.074
13.0 5.584
13.0 5.872
13.0 5.596
13.0 6.052
13.0 5.998
13.0 5.762
13.0 5.806
13.0 5.996
13.0 5.548
13.0 6.02
13.0 5.674
13.0 5.774
13.0 5.936
13.0 5.834
13.0 5.6
13.0 6.064
13.0 5.942
13.0 5.654
13.0 5.472
13.0 5.566
13.0 5.872
13.0 5.986
13.0 6.354
13.0 5.976
13.0 5.932
13.0 5.966
13.0 5.242
13.0 5.25
13.0 5.428
13.0 5.91
13.0 5.608
13.0 5.752
13.0 6.31
13.0 6.176
13.0 5.854
13.0 5.9
13.0 5.45
13.0 5.052
13.0 5.7
13.0 5.828
13.0 5.812
13.0 5.682
13.0 6.156
13.0 6.264
13.0 5.834
13.0 6.052
13.0 5.522
13.0 5.35
13.0 5.726
13.0 6.176
13.0 5.83
13.0 5.79
13.0 6.092
13.0 5.818
13.0 5.614
13.0 5.596
13.0 6.186
13.0 6.184
13.0 6.024
13.0 5.894
13.0 6.238
13.0 5.988
13.0 5.776
13.0 6.26
13.0 6.366
13.0 6.076
13.0 5.668
13.0 5.86
13.0 5.526
13.0 5.832
13.0 5.866
13.0 6.112
13.0 5.718
13.0 5.782
13.0 5.896
13.0 5.76
13.0 6.036
13.0 5.424
13.0 5.736
13.0 6.186
13.0 6.164
13.0 5.732
13.0 5.68
13.0 5.904
13.0 5.798
13.0 5.962
13.0 5.772
13.0 5.078
13.0 5.536
13.0 5.426
13.0 5.712
13.0 5.654
13.0 5.38
13.0 5.854
13.0 5.808
13.0 5.914
13.0 5.962
13.0 6.086
13.0 5.794
13.0 5.602
13.0 5.258
13.0 5.358
13.0 5.488
13.0 5.32
13.0 5.79
13.0 6.156
13.0 5.944
13.0 5.202
13.0 6.118
13.0 6.006
13.0 5.976
13.0 6.04
13.0 5.276
13.0 5.634
13.0 5.776
13.0 6.03
13.0 6.074
13.0 5.814
13.0 5.878
13.0 5.766
13.0 5.3
13.0 5.474
500
11.0 3.606
12.0 5.622
12.0 5.968
12.0 5.726
12.0 5.76
12.0 5.718
12.5 5.672
12.5 6.016
12.5 6.44
12.5 5.988
12.5 5.776
12.5 5.864
12.5 5.536
12.5 5.902
12.5 5.686
12.5 5.548
12.5 5.54
12.5 5.796
12.5 5.532
12.5 5.66
12.5 5.86
12.5 6.28
12.5 5.36
12.5 5.9
12.5 5.626
12.5 5.738
12.5 5.63
12.5 6.42
12.5 6.026
12.5 5.832
12.5 5.97
12.5 5.928
12.5 5.718
12.5 5.818
12.5 5.598
12.5 6.234
12.5 6.31
12.5 6.384
12.5 5.984
12.5 5.85
12.5 5.096
12.5 5.556
12.5 6.088
12.5 6.364
12.5 5.686
13.0 5.538
13.0 5.652
13.0 6.112
13.0 5.886
13.0 6.2
13.0 5.994
13.0 5.814
13.0 5.696
13.0 5.934
13.0 6.018
13.0 5.844
13.0 5.998
13.0 5.886
13.0 5.3
13.0 5.892
13.0 5.926
13.0 6.034
13.0 5.362
13.0 5.592
13.0 5.554
13.0 5.79
13.0 5.866
13.0 5.462
13.0 5.754
13.0 6.034
13.0 5.838
13.0 5.658
13.0 5.794
13.0 6.046
13.0 6.224
13.0 5.948
13.0 5.702
13.0 5.984
13.0 6.022
13.0 6.006
13.0 5.736
13.0 5.86
13.0 6.034
13.0 4.77
13.0 5.864
13.0 5.754
13.0 6.132
13.0 6.154
13.0 5.646
13.0 5.378
13.0 5.644
13.0 5.638
13.0 5.944
13.0 5.662
13.0 5.632
13.0 5.734
13.0 5.678
13.0 6.19
13.0 5.796
13.0 6.09
13.0 6.116
13.0 5.56
13.0 6.02
13.0 5.804
13.0 5.75
13.0 6.2
13.0 5.766
13.0 6.096
13.0 5.52
13.0 5.904
13.0 5.726
13.0 5.47
13.0 5.614
13.0 5.552
13.0 5.942
13.0 5.462
13.0 5.516
13.0 5.992
13.0 6.262
13.0 5.522
13.0 5.398
13.0 5.076
13.0 5.684
13.0 5.708
13.0 5.818
13.0 5.776
13.0 5.744
13.0 5.666
13.0 5.792
13.0 5.302
13.0 5.798
13.0 5.708
13.0 5.72
13.0 5.742
13.0 5.494
13.0 5.7
13.0 5.476
13.0 5.948
13.0 6.018
13.0 5.85
13.0 5.844
13.0 5.67
13.0 5.45
13.0 6.138
13.0 5.55
13.0 5.79
13.0 5.74
13.0 5.832
13.0 5.656
13.0 5.87
13.0 6.072
13.0 5.906
13.0 5.856
13.0 5.848
13.0 5.694
13.0 6.264
13.0 5.91
13.0 5.562
13.0 5.664
13.0 5.876
13.0 5.636
13.0 5.33
13.0 5.852
13.0 5.982
13.0 6.078
13.0 5.95
13.0 5.804
13.0 5.828
13.0 5.348
13.0 5.624
13.0 5.364
13.0 5.3
13.0 5.816
13.0 5.786
13.0 5.54
13.0 5.538
13.0 5.896
13.0 5.708
13.0 5.346
13.0 6.05
13.0 5.516
13.0 5.8
13.0 5.874
13.0 5.714
13.0 5.756
13.0 5.664
13.0 6.14
13.0 5.768
13.0 6.038
13.0 5.506
13.0 5.924
13.0 5.866
13.0 6.078
13.0 6.304
13.0 5.726
13.0 5.728
13.0 5.748
13.0 5.478
13.0 6.024
13.0 5.804
13.0 6.072
13.0 6.244
13.0 5.836
13.0 5.84
13.0 5.904
13.0 5.642
13.0 6.024
13.0 5.872
13.0 5.84
13.0 6.032
13.0 6.026
13.0 5.98
13.0 5.77
13.0 5.592
13.0 6.192
13.0 5.914
13.0 6.116
13.0 5.892
13.0 5.432
13.0 5.908
13.0 6.562
13.0 6.086
13.0 5.964
13.0 5.886
13.0 5.864
13.0 5.98
13.0 5.84
13.0 5.852
13.0 6.054
13.0 5.864
13.0 5.888
13.0 5.53
13.0 6.082
13.0 5.568
13.0 6.0
13.0 6.03
13.0 5.844
13.0 5.696
13.0 5.898
13.0 5.832
13.0 6.188
13.0 5.74
13.0 5.714
13.0 5.7
13.0 5.946
13.0 5.756
13.0 5.49
13.0 5.962
13.0 6.088
13.0 5.55
13.0 6.172
13.0 5.636
13.0 6.028
13.0 5.988
13.0 6.108
13.0 5.452
13.0 5.74
13.0 5.786
13.0 5.46
13.0 5.764
13.0 6.012
13.0 5.332
13.0 5.934
13.0 5.572
13.0 6.126
13.0 5.572
13.0 5.586
13.0 5.72
13.0 5.718
13.0 5.386
13.0 5.724
13.0 5.642
13.0 5.93
13.0 5.566
13.0 5.766
13.0 5.828
13.0 6.048
13.0 6.198
13.0 5.268
13.0 5.574
13.0 5.628
13.0 5.754
13.0 5.712
13.0 6.152
13.0 6.046
13.0 6.256
13.0 6.076
13.0 5.584
13.0 5.792
13.0 6.086
13.0 5.77
13.0 6.184
13.0 6.02
13.0 6.256
13.0 5.526
13.0 5.822
13.0 6.242
13.0 6.432
13.0 5.778
13.0 6.404
13.0 5.942
13.0 5.41
13.0 6.048
13.0 5.678
13.0 5.446
13.0 5.88
13.0 5.904
13.0 5.726
13.0 5.94
13.0 5.464
13.0 6.034
13.0 5.746
13.0 5.792
13.0 5.988
13.0 5.992
13.0 5.814
13.0 5.702
13.0 5.798
13.0 5.284
13.0 5.634
13.0 5.668
13.0 6.098
13.0 6.066
13.0 5.8
13.0 5.568
13.0 5.782
13.0 5.994
13.0 5.35
13.0 6.048
13.0 5.606
13.0 5.47
13.0 5.894
13.0 5.894
13.0 5.788
13.0 6.092
13.0 5.54
13.0 5.99
13.0 5.222
13.0 5.77
13.0 6.042
13.0 5.784
13.0 6.032
13.0 5.648
13.0 6.092
13.0 5.89
13.0 5.84
13.0 5.778
13.0 6.084
13.0 5.528
13.0 5.786
13.0 5.35
13.0 5.19
13.0 5.48
13.0 6.174
13.0 6.018
13.0 6.128
13.0 5.914
13.0 5.686
13.0 5.468
13.0 5.344
13.0 5.942
13.0 5.678
13.0 5.714
13.0 5.82
13.0 5.872
13.0 5.886
13.0 5.79
13.0 5.892
13.0 6.038
13.0 5.992
13.0 6.09
13.0 6.03
13.0 5.722
13.0 5.666
13.0 6.08
13.0 5.894
13.0 5.692
13.0 5.668
13.0 5.456
13.0 6.004
13.0 5.238
13.0 5.632
13.0 5.896
13.0 5.994
13.0 5.838
13.0 5.882
13.0 6.048
13.0 5.88
13.0 6.216
13.0 5.38
13.0 5.512
13.0 5.888
13.0 5.958
13.0 6.242
13.0 5.854
13.0 5.908
13.0 6.15
13.0 5.854
13.0 5.108
13.0 5.234
13.0 6.028
13.0 5.908
13.0 5.508
13.0 5.938
13.0 5.76
13.0 5.91
13.0 5.748
13.0 5.558
13.0 5.524
13.0 5.506
13.0 6.062
13.0 5.76
13.0 6.06
13.0 5.862
13.0 5.694
13.0 5.416
13.0 5.362
13.0 6.144
13.0 5.964
13.0 5.568
13.0 6.168
13.0 6.05
13.0 6.076
13.0 5.948
13.0 6.018
13.0 5.846
13.0 5.67
13.0 5.9
13.0 5.76
13.0 5.796
13.0 6.052
13.0 5.768
13.0 5.866
13.0 5.752
13.0 5.678
13.0 5.648
13.0 5.662
13.0 5.712
13.0 6.046
13.0 6.136
13.0 5.56
13.0 6.2
13.0 6.258
13.0 6.396
13.0 5.494
13.0 6.112
13.0 6.438
13.0 5.886
13.0 6.178
13.0 6.858
13.0 6.304
13.0 5.84
13.0 5.426
13.0 5.48
13.0 5.924
13.0 5.506
13.0 5.52
13.0 5.72
13.0 5.836
13.0 5.97
13.0 6.034
13.0 5.564
13.0 6.048
13.0 6.156
13.0 5.52
13.0 5.104
13.0 5.34
13.0 5.658
13.0 5.68
13.0 6.104
13.0 5.166
13.0 5.616
13.0 5.534
13.0 6.064
13.0 5.97
13.0 5.768
13.0 5.344
13.0 5.806
13.0 5.838
13.0 5.756
13.0 6.01
13.0 5.926
13.0 6.212
13.0 5.854
13.0 5.848
13.0 6.152
13.0 5.968
13.0 6.518
13.0 6.1
13.0 5.838
13.0 5.72
13.0 5.46
13.0 6.398
13.0 6.134
13.0 5.9
13.0 5.968
13.0 5.658
13.0 5.658
13.0 6.052
13.0 6.006
500
12.0 3.494
12.0 5.0
12.0 5.682
12.0 5.066
12.0 5.798
12.0 5.554
12.0 5.358
12.0 5.65
12.0 5.45
12.0 5.516
12.0 6.144
12.0 5.994
12.0 5.786
12.0 6.402
12.5 6.212
12.5 5.646
12.5 6.244
12.5 5.876
12.5 5.772
12.5 5.952
12.5 5.73
12.5 5.516
12.5 6.126
12.5 5.54
12.5 5.586
12.5 5.934
12.5 5.666
12.5 5.85
12.5 6.038
12.5 6.026
12.5 5.992
12.5 6.068
12.5 5.7
12.5 5.998
12.5 6.262
12.5 5.784
12.5 5.688
12.5 5.968
12.5 5.994
12.5 5.97
12.5 5.528
12.5 5.626
12.5 6.016
12.5 5.566
12.5 5.966
12.5 5.768
12.5 5.93
12.5 5.432
12.5 5.696
12.5 5.96
12.5 5.71
12.5 6.222
12.5 5.94
12.5 5.714
12.5 5.572
12.5 5.422
12.5 5.624
12.5 5.758
12.5 6.136
12.5 5.664
12.5 5.73
12.5 6.102
12.5 6.09
12.5 6.168
12.5 5.724
12.5 5.788
12.5 5.72
12.5 5.438
12.5 5.388
12.5 5.94
12.5 5.934
12.5 5.758
12.5 6.29
12.5 5.762
12.5 5.946
12.5 6.394
12.5 5.826
12.5 5.958
12.5 5.816
12.5 5.196
12.5 5.646
12.5 5.756
12.5 5.794
12.5 5.312
12.5 6.234
12.5 5.794
12.5 5.812
12.5 5.6
12.5 5.92
12.5 5.47
12.5 5.512
12.5 5.794
12.5 6.282
12.5 5.758
12.5 5.718
12.5 5.996
12.5 5.34
12.5 5.544
12.5 6.052
12.5 5.646
12.5 5.202
12.5 5.852
12.5 5.79
12.5 5.908
12.5 6.074
12.5 5.752
12.5 5.764
12.5 5.832
12.5 6.03
12.5 5.53
12.5 5.548
12.5 5.814
12.5 6.078
12.5 5.948
12.5 5.894
12.5 5.536
12.5 6.07
12.5 5.628
12.5 5.724
12.5 5.646
12.5 5.942
12.5 5.976
12.5 6.416
12.5 5.788
12.5 5.988
12.5 6.01
12.5 5.966
12.5 5.826
12.5 5.802
12.5 5.612
12.5 5.64
12.5 5.514
12.5 6.154
12.5 6.284
12.5 6.226
12.5 5.768
12.5 5.788
12.5 5.538
12.5 5.964
12.5 6.056
12.5 5.356
12.5 5.53
12.5 5.294
12.5 5.466
13.0 5.724
13.0 5.96
13.0 5.762
13.0 5.832
13.0 5.604
13.0 6.142
13.0 6.322
13.0 5.88
13.0 6.156
13.0 5.376
13.0 6.112
13.0 6.118
13.0 5.708
13.0 5.56
13.0 5.67
13.0 6.006
13.0 6.024
13.0 6.314
13.0 5.706
13.0 5.848
13.0 5.93
13.0 6.006
13.0 6.026
13.0 5.944
13.0 6.148
13.0 5.968
13.0 5.594
13.0 5.854
13.0 5.86
13.0 5.894
13.0 5.906
13.0 5.67
13.0 5.494
13.0 6.014
13.0 5.486
13.0 5.822
13.0 5.414
13.0 5.688
13.0 5.556
13.0 5.938
13.0 6.172
13.0 6.29
13.0 6.128
13.0 5.786
13.0 5.894
13.0 5.872
13.0 5.916
13.0 5.708
13.0 5.57
13.0 5.088
13.0 5.398
13.0 6.118
13.0 5.374
13.0 5.712
13.0 5.348
13.0 5.828
13.0 5.796
13.0 5.684
13.0 5.58
13.0 6.234
13.0 6.172
13.0 5.398
13.0 5.758
13.0 6.098
13.0 5.532
13.0 5.918
13.0 5.79
13.0 6.028
13.0 5.578
13.0 5.762
13.0 6.228
13.0 5.964
13.0 6.136
13.0 5.708
13.0 6.142
13.0 6.094
13.0 5.994
13.0 6.234
13.0 5.822
13.0 5.704
13.0 5.954
13.0 6.212
13.0 6.06
13.0 5.898
13.0 5.652
13.0 5.772
13.0 5.942
13.0 5.768
13.0 6.142
13.0 5.842
13.0 5.356
13.0 5.958
13.0 5.744
13.0 5.694
13.0 6.162
13.0 6.058
13.0 6.124
13.0 5.878
13.0 6.056
13.0 6.134
13.0 5.276
13.0 5.554
13.0 5.78
13.0 6.152
13.0 6.014
13.0 5.654
13.0 5.456
13.0 5.884
13.0 5.84
13.0 5.69
13.0 5.85
13.0 6.18
13.0 6.296
13.0 6.046
13.0 5.628
13.0 5.738
13.0 6.066
13.0 6.108
13.0 5.882
13.0 5.892
13.0 5.574
13.0 5.96
13.0 5.068
13.0 5.812
13.0 5.694
13.0 5.722
13.0 5.88
13.0 6.218
13.0 5.986
13.0 5.936
13.0 5.994
13.0 5.89
13.0 5.604
13.0 5.708
13.0 6.252
13.0 5.878
13.0 5.984
13.0 5.708
13.0 5.638
13.0 5.526
13.0 6.178
13.0 5.71
13.0 6.146
13.0 6.134
13.0 5.656
13.0 5.722
13.0 5.888
13.0 5.728
13.0 5.766
13.0 5.914
13.0 5.648
13.0 5.608
13.0 5.864
13.0 5.724
13.0 5.68
13.0 5.884
13.0 5.254
13.0 5.862
13.0 6.182
13.0 6.274
13.0 5.582
13.0 5.778
13.0 5.858
13.0 5.854
13.0 5.75
13.0 5.936
13.0 5.812
13.0 5.642
13.0 6.35
13.0 6.076
13.0 5.772
13.0 5.862
13.0 6.06
13.0 5.756
13.0 5.938
13.0 6.114
13.0 5.802
13.0 5.602
13.0 5.964
13.0 5.534
13.0 6.014
13.0 5.782
13.0 5.71
13.0 5.846
13.0 6.08
13.0 6.044
13.0 6.06
13.0 5.578
13.0 6.198
13.0 6.232
13.0 5.77
13.0 5.57
13.0 5.68
13.0 6.572
13.0 6.094
13.0 5.842
13.0 6.118
13.0 5.632
13.0 6.164
13.0 6.09
13.0 5.86
13.0 5.332
13.0 5.584
13.0 5.776
13.0 5.578
13.0 5.77
13.0 5.822
13.0 5.814
13.0 6.306
13.0 5.932
13.0 5.794
13.0 5.776
13.0 5.71
13.0 5.856
13.0 6.204
13.0 6.09
13.0 5.648
13.0 5.824
13.0 5.682
13.0 5.526
13.0 5.922
13.0 5.966
13.0 5.86
13.0 5.868
13.0 5.89
13.0 6.108
13.0 5.378
13.0 5.714
13.0 5.726
13.0 5.766
13.0 5.702
13.0 6.022
13.0 6.37
13.0 5.904
13.0 5.52
13.0 5.832
13.0 5.852
13.0 5.876
13.0 6.134
13.0 6.422
13.0 6.112
13.0 5.436
13.0 5.72
13.0 5.92
13.0 5.908
13.0 5.774
13.0 5.734
13.0 5.772
13.0 6.172
13.0 5.774
13.0 6.09
13.0 5.814
13.0 6.2
13.0 5.972
13.0 5.466
13.0 5.66
13.0 5.974
13.0 6.222
13.0 6.106
13.0 5.906
13.0 6.036
13.0 6.14
13.0 6.14
13.0 5.904
13.0 5.932
13.0 5.48
13.0 5.85
13.0 6.198
13.0 5.996
13.0 5.502
13.0 5.432
13.0 5.686
13.0 6.154
13.0 5.736
13.0 6.142
13.0 5.98
13.0 6.174
13.0 5.468
13.0 5.55
13.0 5.834
13.0 6.102
13.0 5.47
13.0 5.564
13.0 6.084
13.0 6.064
13.0 5.92
13.0 5.682
13.0 5.75
13.0 5.81
13.0 6.032
13.0 5.684
13.0 5.244
13.0 5.792
13.0 6.138
13.0 5.762
13.0 6.022
13.0 5.384
13.0 5.462
13.0 5.598
13.0 5.924
13.0 5.968
13.0 6.038
13.0 5.628
13.0 5.944
13.0 5.532
13.0 5.75
13.0 5.7
13.0 6.182
13.0 6.152
13.0 5.668
13.0 5.79
13.0 5.286
13.0 6.202
13.0 6.056
13.0 5.866
13.0 6.48
13.0 5.78
13.0 5.822
13.0 5.83
13.0 5.736
13.0 5.73
13.0 5.6
13.0 5.916
13.0 6.226
13.0 6.08
13.0 6.174
13.0 5.778
13.0 5.986
13.0 5.81
13.0 5.666
13.0 6.212
13.0 6.262
13.0 6.19
13.0 5.928
13.0 5.92
13.0 5.424
13.0 5.816
13.0 6.032
13.0 5.302
13.0 5.812
13.0 6.082
13.0 5.702
13.0 6.246
13.0 6.114
13.0 5.886
13.0 5.658
13.0 5.648
13.0 5.868
13.0 6.156
13.0 5.42
13.0 6.096
13.0 5.738
13.0 5.43
13.0 5.606
13.0 5.73
13.0 5.75
500
11.5 3.648
12.5 6.032
12.5 5.988
12.5 5.83
12.5 6.094
12.5 6.08
12.5 5.97
12.5 5.924
12.5 6.046
12.5 5.466
12.5 6.08
12.5 6.22
13.0 6.15
13.0 5.958
13.0 6.038
13.0 5.792
13.0 5.64
13.0 5.67
13.0 5.668
13.0 5.452
13.0 6.128
13.0 5.69
13.0 6.05
13.0 5.902
13.0 5.738
13.0 5.712
13.0 5.74
13.0 5.896
13.0 6.218
13.0 6.196
13.0 5.522
13.0 5.658
13.0 5.588
13.0 5.986
13.0 5.856
13.0 5.822
13.0 6.432
13.0 5.848
13.0 5.234
13.0 5.762
13.0 5.798
13.0 5.892
13.0 5.36
13.0 6.022
13.0 5.87
13.0 6.036
13.0 6.244
13.0 6.054
13.0 5.666
13.0 5.702
13.0 5.73
13.0 5.56
13.0 6.178
13.0 5.95
13.0 5.708
13.0 5.196
13.0 5.046
13.0 6.056
13.0 5.726
13.0 5.886
13.0 6.49
13.0 5.888
13.0 5.706
13.0 5.95
13.0 5.482
13.0 5.954
13.0 5.138
13.0 5.31
13.0 5.54
13.0 6.102
13.0 5.6
13.0 5.654
13.0 5.898
13.0 5.79
13.0 6.176
13.0 5.848
13.0 5.766
13.0 5.684
13.0 5.746
13.0 5.3
13.0 5.838
13.0 5.866
13.0 5.102
13.0 5.7
13.0 5.61
13.0 6.178
13.0 5.95
13.0 5.874
13.0 5.826
13.0 5.922
13.0 5.986
13.0 6.012
13.0 6.16
13.0 5.846
13.0 6.162
13.0 5.844
13.0 5.48
13.0 6.164
13.0 6.064
13.0 5.814
13.0 5.654
13.0 5.504
13.0 6.21
13.0 5.952
13.0 6.092
13.0 5.58
13.0 5.828
13.0 5.842
13.0 6.018
13.0 6.126
13.0 5.88
13.0 6.21
13.0 5.772
13.0 5.804
13.0 5.818
13.0 5.502
13.0 6.066
13.0 5.896
13.0 5.834
13.0 5.656
13.0 5.516
13.0 5.992
13.0 6.156
13.0 6.068
13.0 5.394
13.0 5.776
13.0 6.044
13.0 5.844
13.0 5.896
13.0 5.978
13.0 5.722
13.0 5.924
13.0 6.37
13.0 5.962
13.0 5.646
13.0 6.246
13.0 6.298
13.0 6.152
13.0 5.852
13.0 5.884
13.0 5.66
13.0 6.046
13.0 5.974
13.0 5.938
13.0 5.514
13.0 5.888
13.0 5.866
13.0 5.832
13.0 5.136
13.0 5.958
13.0 6.184
13.0 5.864
13.0 6.09
13.0 5.684
13.0 5.9
13.0 6.242
13.0 5.96
13.0 5.724
13.0 5.608
13.0 5.818
13.0 5.346
13.0 6.146
13.0 6.246
13.0 5.658
13.0 6.344
13.0 5.876
13.0 6.008
13.0 5.778
13.0 6.18
13.0 5.964
13.0 5.958
13.0 5.74
13.0 5.826
13.0 5.474
13.0 5.74
13.0 5.87
13.0 5.452
13.0 5.826
13.0 5.954
13.0 6.018
13.0 5.938
13.0 6.184
13.0 5.934
13.0 6.256
13.0 5.966
13.0 5.888
13.0 5.54
13.0 5.516
13.0 5.868
13.0 6.008
13.0 5.992
13.0 5.554
13.0 5.906
13.0 6.034
13.0 5.982
13.0 5.956
13.0 5.384
13.0 6.212
13.0 5.484
13.0 6.068
13.0 6.468
13.0 5.882
13.0 6.338
13.0 5.722
13.0 5.772
13.0 5.544
13.0 6.184
13.0 5.782
13.0 5.57
13.0 5.678
13.0 5.97
13.0 5.958
13.0 5.858
13.0 5.796
13.0 5.828
13.0 6.062
13.0 5.73
13.0 5.53
13.0 5.606
13.0 5.648
13.0 6.258
13.0 5.304
13.0 5.638
13.0 5.448
13.0 5.84
13.0 5.738
13.0 5.94
13.0 6.116
13.0 5.95
13.0 5.81
13.0 6.132
13.0 5.942
13.0 5.918
13.0 5.792
13.0 5.88
13.0 5.702
13.0 5.658
13.0 5.562
13.0 5.896
13.0 6.044
13.0 5.648
13.0 5.388
13.0 5.926
13.0 5.7
13.0 6.238
13.0 5.516
13.0 5.552
13.0 5.766
13.0 5.494
13.0 5.7
13.0 5.888
13.0 6.164
13.0 6.206
13.0 6.218
13.0 5.502
13.0 5.75
13.0 5.526
13.0 5.66
13.0 5.58
13.0 5.526
13.0 6.042
13.0 5.514
13.0 5.804
13.0 6.094
13.0 6.354
13.0 5.998
13.0 5.534
13.0 5.802
13.0 5.842
13.0 5.964
13.0 5.848
13.0 5.648
13.0 5.588
13.0 5.976
13.0 5.592
13.0 5.584
13.0 6.01
13.0 5.98
13.0 5.752
13.0 5.586
13.0 5.97
13.0 5.6
13.0 5.838
13.0 5.422
13.0 5.948
13.0 6.086
13.0 6.302
13.0 5.538
13.0 5.644
13.0 6.208
13.0 6.422
13.0 6.22
13.0 5.62
13.0 5.796
13.0 5.998
13.0 6.118
13.0 5.75
13.0 5.922
13.0 5.586
13.0 5.694
13.0 5.382
13.0 5.394
13.0 5.554
13.0 5.976
13.0 5.8
13.0 5.932
13.0 5.918
13.0 5.796
13.0 6.3
13.0 5.51
13.0 5.516
13.0 5.244
13.0 5.462
13.0 5.286
13.0 5.652
13.0 5.97
13.0 5.328
13.0 6.086
13.0 6.034
13.0 5.844
13.0 5.706
13.0 5.778
13.0 6.168
13.0 5.322
13.0 5.912
13.0 6.128
13.0 5.428
13.0 5.952
13.0 5.724
13.0 5.088
13.0 5.52
13.0 5.896
13.0 5.692
13.0 5.838
13.0 5.576
13.0 5.838
13.0 5.742
13.0 5.53
13.0 5.372
13.0 5.548
13.0 5.536
13.0 6.088
13.0 5.738
13.0 5.654
13.0 5.676
13.0 5.65
13.0 5.964
13.0 5.612
13.0 5.754
13.0 6.034
13.0 5.188
13.0 5.816
13.0 5.854
13.0 5.544
13.0 5.772
13.0 5.444
13.0 5.52
13.0 5.898
13.0 5.924
13.0 5.86
13.0 5.628
13.0 5.896
13.0 6.158
13.0 5.908
13.0 5.984
13.0 5.898
13.0 4.99
13.0 6.292
13.0 6.336
13.0 5.708
13.0 5.676
13.0 5.672
13.0 6.01
13.0 5.84
13.0 6.094
13.0 5.608
13.0 5.988
13.0 5.71
13.0 5.464
13.0 5.512
13.0 5.828
13.0 5.91
13.0 5.802
13.0 6.052
13.0 5.644
13.0 5.954
13.0 6.05
13.0 5.558
13.0 6.11
13.0 5.656
13.0 5.828
13.0 5.782
13.0 6.156
13.0 5.768
13.0 5.754
13.0 5.96
13.0 5.92
13.0 6.23
13.0 5.888
13.0 5.93
13.0 5.676
13.0 6.45
13.0 6.408
13.0 6.042
13.0 5.336
13.0 5.738
13.0 5.406
13.0 5.63
13.0 5.406
13.0 5.764
13.0 5.354
13.0 5.774
13.0 5.61
13.0 5.706
13.0 5.674
13.0 5.828
13.0 5.904
13.0 5.728
13.0 5.956
13.0 5.64
13.0 5.952
13.0 5.582
13.0 5.566
13.0 5.752
13.0 5.86
13.0 6.332
13.0 6.036
13.0 5.842
13.0 6.168
13.0 5.74
13.0 5.902
13.0 5.666
13.0 5.858
13.0 6.012
13.0 5.906
13.0 6.028
13.0 4.892
13.0 5.332
13.0 5.748
13.0 6.446
13.0 5.784
13.0 5.674
13.0 6.06
13.0 5.708
13.0 5.92
13.0 5.644
13.0 5.554
13.0 5.79
13.0 5.77
13.0 5.372
13.0 5.988
13.0 5.72
13.0 6.036
13.0 5.862
13.0 5.99
13.0 5.356
13.0 5.826
13.0 5.456
13.0 5.804
13.0 5.972
13.0 5.792
13.0 6.106
13.0 6.132
13.0 5.904
13.0 5.93
13.0 5.652
13.0 5.486
13.0 5.342
13.0 6.044
13.0 6.316
13.0 5.816
13.0 5.95
13.0 6.184
13.0 5.91
13.0 5.806
13.0 6.014
13.0 5.778
13.0 5.742
13.0 5.144
13.0 5.898
13.0 5.774
13.0 6.036
13.0 5.33
13.0 5.876
13.0 5.832
13.0 5.628
13.0 5.234
13.0 5.444
13.0 5.7
13.0 5.796
13.0 6.09
13.0 5.254
13.0 5.324
13.0 6.032
13.0 5.806
13.0 6.232
13.0 5.972
13.0 5.672
13.0 4.994
13.0 5.9
500
11.0 4.204
11.0 5.79
11.5 5.898
11.5 6.026
11.5 5.34
11.5 5.728
12.0 5.648
12.0 5.984
12.0 5.846
12.5 5.97
12.5 5.716
12.5 5.986
12.5 5.786
12.5 5.746
12.5 5.808
12.5 5.462
13.0 5.492
13.0 6.048
13.0 5.722
13.0 5.73
13.0 6.192
13.0 5.924
13.0 6.026
13.0 5.926
13.0 6.038
13.0 5.87
13.0 5.652
13.0 6.054
13.0 6.044
13.0 6.24
13.0 6.048
13.0 5.738
13.0 5.158
13.0 5.468
13.0 5.87
13.0 5.69
13.0 6.002
13.0 6.038
13.0 5.91
13.0 5.612
13.0 6.056
13.0 6.398
13.0 6.234
13.0 5.782
13.0 5.444
13.0 5.658
13.0 5.908
13.0 5.834
13.0 5.92
13.0 5.556
13.0 5.158
13.0 5.922
13.0 6.414
13.0 5.944
13.0 5.95
13.0 5.74
13.0 5.856
13.0 5.724
13.0 5.444
13.0 5.94
13.0 5.576
13.0 5.958
13.0 5.94
13.0 5.514
13.0 5.742
13.0 5.614
13.0 5.732
13.0 5.516
13.0 5.606
13.0 5.858
13.0 5.448
13.0 5.76
13.0 5.566
13.0 6.012
13.0 6.104
13.0 6.198
13.0 5.99
13.0 5.598
13.0 5.6
13.0 5.644
13.0 6.08
13.0 5.626
13.0 5.668
13.0 5.586
13.0 5.734
13.0 5.828
13.0 5.898
13.0 6.082
13.0 5.928
13.0 5.708
13.0 5.768
13.0 6.176
13.0 5.918
13.0 5.516
13.0 5.932
13.0 5.29
13.0 5.77
13.0 6.138
13.0 5.792
13.0 5.514
13.0 5.85
13.0 5.452
13.0 5.432
13.0 5.52
13.0 6.106
13.0 5.668
13.0 5.758
13.0 5.914
13.0 5.646
13.0 5.742
13.0 5.74
13.0 5.716
13.0 5.89
13.0 5.67
13.0 5.68
13.0 5.774
13.0 5.616
13.0 5.682
13.0 5.726
13.0 5.866
13.0 6.2
13.0 5.848
13.0 6.046
13.0 5.91
13.0 5.866
13.0 6.092
13.0 6.018
13.0 5.622
13.0 5.432
13.0 5.942
13.0 5.96
13.0 5.928
13.0 6.146
13.0 5.576
13.0 5.69
13.0 5.596
13.0 6.228
13.0 6.1
13.0 6.246
13.0 5.904
13.0 6.272
13.0 5.906
13.0 5.75
13.0 6.294
13.0 6.102
13.0 5.558
13.0 5.426
13.0 5.79
13.0 5.688
13.0 5.714
13.0 5.57
13.0 5.722
13.0 6.022
13.0 5.832
13.0 6.052
13.0 5.986
13.0 5.808
13.0 6.23
13.0 5.614
13.0 5.576
13.0 6.13
13.0 5.944
13.0 5.864
13.0 5.638
13.0 5.692
13.0 5.94
13.0 5.304
13.0 5.932
13.0 6.246
13.0 6.126
13.0 5.904
13.0 6.032
13.0 6.026
13.0 5.62
13.0 5.968
13.0 6.01
13.0 5.708
13.0 6.102
13.0 6.172
13.0 5.92
13.0 5.482
13.0 5.948
13.0 5.66
13.0 5.81
13.0 6.064
13.0 5.776
13.0 6.024
13.0 5.58
13.0 6.07
13.0 5.482
13.0 5.67
13.0 5.602
13.0 5.406
13.0 5.42
13.0 5.638
13.0 5.896
13.0 5.962
13.0 5.758
13.0 5.822
13.0 5.946
13.0 5.692
13.0 5.808
13.0 5.946
13.0 5.56
13.0 5.66
13.0 5.818
13.0 5.742
13.0 5.884
13.0 5.532
13.0 5.854
13.0 6.134
13.0 6.218
13.0 6.112
13.0 5.934
13.0 6.108
13.0 5.98
13.0 6.114
13.0 6.046
13.0 5.684
13.0 5.486
13.0 6.182
13.0 5.736
13.0 5.954
13.0 5.804
13.0 5.746
13.0 5.668
13.0 6.1
13.0 6.338
13.0 6.05
13.0 5.91
13.0 5.716
13.0 5.776
13.0 5.942
13.0 5.422
13.0 6.21
13.0 5.95
13.0 6.136
13.0 5.676
13.0 5.988
13.0 5.786
13.0 5.672
13.0 6.016
13.0 5.63
13.0 5.922
13.0 6.128
13.0 5.502
13.0 5.636
13.0 6.122
13.0 6.086
13.0 5.844
13.0 5.772
13.0 5.622
13.0 5.696
13.0 5.916
13.0 6.182
13.0 6.042
13.0 6.202
13.0 6.178
13.0 5.882
13.0 5.586
13.0 6.118
13.0 5.514
13.0 5.702
13.0 5.938
13.0 5.668
13.0 5.492
13.0 5.48
13.0 5.9
13.0 5.746
13.0 5.688
13.0 5.866
13.0 5.772
13.0 5.808
13.0 6.078
13.0 5.86
13.0 6.02
13.0 5.636
13.0 6.152
13.0 5.986
13.0 6.138
13.0 5.892
13.0 5.442
13.0 5.396
13.0 5.686
13.0 6.124
13.0 5.988
13.0 5.904
13.0 5.522
13.0 6.018
13.0 5.83
13.0 5.668
13.0 5.648
13.0 5.576
13.0 5.81
13.0 5.646
13.0 5.768
13.0 5.598
13.0 6.404
13.0 6.21
13.0 5.532
13.0 5.67
13.0 6.012
13.0 5.252
13.0 6.062
13.0 5.466
13.0 6.394
13.0 5.624
13.0 5.586
13.0 6.198
13.0 5.774
13.0 6.18
13.0 5.792
13.0 5.774
13.0 5.972
13.0 5.95
13.0 5.638
13.0 5.86
13.0 6.122
13.0 6.084
13.0 5.694
13.0 6.268
13.0 5.898
13.0 6.138
13.0 5.968
13.0 6.18
13.0 5.864
13.0 5.848
13.0 5.508
13.0 6.008
13.0 5.994
13.0 5.616
13.0 5.69
13.0 5.91
13.0 5.822
13.0 5.588
13.0 6.004
13.0 6.09
13.0 6.13
13.0 6.03
13.0 5.494
13.0 6.182
13.0 5.362
13.0 5.386
13.0 5.594
13.0 5.628
13.0 5.466
13.0 5.976
13.0 5.65
13.0 5.95
13.0 5.902
13.0 5.96
13.0 5.998
13.0 5.492
13.0 5.826
13.0 5.658
13.0 6.006
13.0 5.794
13.0 5.652
13.0 5.942
13.0 6.094
13.0 5.52
13.0 5.748
13.0 5.674
13.0 5.96
13.0 5.472
13.0 5.726
13.0 5.806
13.0 6.034
13.0 5.788
13.0 5.902
13.0 5.848
13.0 6.14
13.0 5.876
13.0 6.194
13.0 6.062
13.0 5.766
13.0 5.706
13.0 6.068
13.0 5.934
13.0 5.798
13.0 5.61
13.0 5.504
13.0 5.61
13.0 5.656
13.0 5.882
13.0 6.082
13.0 5.824
13.0 5.774
13.0 5.994
13.0 5.482
13.0 5.584
13.0 5.642
13.0 6.478
13.0 5.522
13.0 5.762
13.0 5.83
13.0 5.808
13.0 5.806
13.0 5.678
13.0 5.492
13.0 5.688
13.0 5.892
13.0 6.244
13.0 6.098
13.0 6.112
13.0 5.856
13.0 6.272
13.0 6.476
13.0 6.24
13.0 6.182
13.0 5.7
13.0 5.842
13.0 5.748
13.0 5.742
13.0 6.102
13.0 5.904
13.0 5.732
13.0 5.728
13.0 5.664
13.0 6.122
13.0 5.66
13.0 5.79
13.0 5.882
13.0 6.104
13.0 5.726
13.0 5.806
13.0 5.282
13.0 5.76
13.0 5.834
13.0 6.048
13.0 6.17
13.0 5.582
13.0 6.048
13.0 5.722
13.0 5.764
13.5 5.484
13.5 5.82
13.5 5.808
13.5 6.006
13.5 6.146
13.5 5.902
13.5 5.618
13.5 5.376
13.5 5.612
13.5 5.926
13.5 6.184
13.5 5.964
13.5 5.22
13.5 5.648
13.5 5.606
13.5 5.814
13.5 5.632
13.5 6.074
13.5 6.078
13.5 5.564
13.5 5.68
13.5 5.174
13.5 5.878
13.5 6.204
13.5 6.09
13.5 5.902
13.5 6.124
13.5 6.328
13.5 6.172
13.5 5.628
13.5 5.886
13.5 6.004
13.5 5.44
13.5 5.854
13.5 5.838
13.5 5.824
13.5 5.874
13.5 6.124
13.5 5.884
13.5 5.962
13.5 5.946
13.5 6.228
13.5 5.624
13.5 5.97
13.5 6.036
13.5 5.764
13.5 5.824
13.5 5.388
13.5 5.898
13.5 5.892
13.5 6.278
13.5 5.934
13.5 5.79
13.5 5.848
13.5 5.732
13.5 5.616
13.5 6.054
13.5 6.212
13.5 5.862
13.5 6.108
13.5 5.776
13.5 5.89
13.5 6.132
13.5 5.898
13.5 5.588

Individual: [1, 2, 4, 5, 10, 11, 13, 14, 19, 20]
   Fitness: 13.0
     Total: 10
Violations: 2 2

Individual: [1, 2, 4, 5, 8, 10, 13, 17, 19, 20]
   Fitness: 13.0
     Total: 10
Violations: 2 2

Individual: [1, 3, 6, 7, 12, 14, 15, 19, 20]
   Fitness: 13.5
     Total: 9
Violations: 0 0

Individual: [1, 2, 3, 6, 7, 14, 15, 18, 19, 20]
   Fitness: 13.0
     Total: 10
Violations: 2 2

Individual: [1, 3, 6, 7, 12, 14, 15, 19, 20]
   Fitness: 13.5
     Total: 9
Violations: 0 0

Individual: [1, 3, 4, 6, 7, 14, 15, 16, 19, 20]
   Fitness: 13.0
     Total: 10
Violations: 2 2

Individual: [1, 2, 5, 6, 7, 14, 15, 16, 19, 20]
   Fitness: 13.0
     Total: 10
Violations: 2 2

Individual: [1, 2, 4, 5, 7, 8, 16, 17, 19, 20]
   Fitness: 13.0
     Total: 10
Violations: 2 2

Individual: [1, 3, 4, 6, 7, 14, 15, 16, 19, 20]
   Fitness: 13.0
     Total: 10
Violations: 2 2

Individual: [1, 3, 6, 7, 12, 14, 15, 19, 20]
   Fitness: 13.5
     Total: 9
Violations: 0 0
