10
100
11.0 3.616
11.0 7.382
12.0 7.95
12.5 8.144
12.5 8.16
12.5 8.984
12.5 8.92
12.5 8.85
12.5 8.98
13.0 9.038
13.0 9.432
13.0 9.592
13.0 9.722
13.0 9.298
13.0 9.094
13.0 9.284
13.0 9.256
13.0 9.458
13.0 9.562
13.0 9.512
13.0 9.262
13.0 9.494
13.0 9.064
13.5 9.538
13.5 9.546
13.5 9.11
13.5 9.526
13.5 9.456
13.5 9.084
13.5 9.19
13.5 9.298
13.5 9.68
13.5 9.308
13.5 9.194
13.5 9.662
13.5 9.056
13.5 9.12
13.5 9.136
13.5 9.022
13.5 9.35
13.5 9.248
13.5 9.584
13.5 9.104
13.5 9.026
13.5 9.074
13.5 9.076
13.5 9.494
13.5 9.36
13.5 9.544
13.5 9.428
13.5 9.158
13.5 9.344
13.5 8.952
13.5 8.928
13.5 9.208
13.5 9.09
13.5 9.182
13.5 9.34
13.5 8.752
13.5 9.23
13.5 9.196
13.5 9.074
13.5 9.268
13.5 9.698
13.5 9.134
13.5 9.156
13.5 9.54
13.5 9.732
13.5 9.74
13.5 9.428
13.5 9.412
13.5 9.286
13.5 9.72
13.5 9.358
13.5 9.422
13.5 9.408
13.5 9.354
13.5 9.38
13.5 9.58
13.5 9.738
13.5 9.684
13.5 9.596
13.5 9.496
13.5 9.426
13.5 9.306
13.5 9.59
13.5 9.268
13.5 9.434
13.5 9.342
13.5 9.292
13.5 9.282
13.5 8.194
13.5 9.356
13.5 8.846
13.5 9.278
13.5 9.578
13.5 8.884
13.5 9.104
13.5 9.556
13.5 9.622
100
11.5 4.362
11.5 7.258
12.0 7.868
12.5 8.326
13.0 8.614
13.0 8.758
13.5 8.852
13.5 8.684
13.5 8.78
13.5 9.488
13.5 8.936
13.5 9.44
13.5 9.626
13.5 9.302
13.5 9.176
13.5 9.008
13.5 9.508
13.5 9.316
13.5 9.286
13.5 9.74
13.5 9.65
13.5 9.186
13.5 9.532
13.5 9.314
13.5 9.368
13.5 9.656
13.5 9.424
13.5 8.96
13.5 9.842
13.5 9.378
13.5 9.238
13.5 9.534
13.5 9.08
13.5 9.296
13.5 9.428
13.5 9.32
13.5 9.324
13.5 8.546
13.5 9.288
13.5 9.356
13.5 9.404
13.5 9.396
13.5 9.544
13.5 9.666
13.5 9.608
13.5 9.648
13.5 9.414
13.5 9.374
13.5 9.214
13.5 8.754
13.5 9.132
13.5 9.774
13.5 9.47
13.5 9.396
13.5 9.604
13.5 9.146
13.5 9.25
13.5 8.966
13.5 9.364
13.5 9.346
13.5 9.518
13.5 9.306
13.5 8.87
13.5 9.472
13.5 9.362
13.5 9.286
13.5 8.992
13.5 9.576
13.5 9.53
13.5 8.998
13.5 9.456
13.5 9.704
13.5 9.432
13.5 9.102
13.5 9.538
13.5 8.888
13.5 9.34
13.5 9.51
13.5 9.378
13.5 9.7
13.5 9.88
13.5 9.514
13.5 9.714
13.5 9.44
13.5 9.95
13.5 9.588
13.5 9.498
13.5 8.96
13.5 9.228
13.5 9.352
13.5 9.408
13.5 9.222
13.5 9.41
13.5 8.986
13.5 8.99
13.5 9.6
13.5 9.504
13.5 9.536
13.5 9.522
13.5 9.386
100
10.5 3.118
11.5 6.964
12.0 7.75
12.0 8.134
12.0 8.366
12.5 8.716
12.5 8.522
12.5 8.634
12.5 8.578
13.0 8.768
13.0 8.83
13.0 8.976
13.0 8.996
13.0 8.854
13.0 8.928
13.0 9.256
13.0 8.688
13.0 9.196
13.0 9.104
13.0 9.386
13.0 9.618
13.0 9.202
13.0 9.17
13.0 9.764
13.0 9.532
13.0 9.466
13.0 9.12
13.0 9.226
13.0 9.45
13.0 9.304
13.0 9.406
13.0 9.614
13.0 9.456
13.0 9.692
13.0 9.592
13.0 9.156
13.0 9.452
13.0 8.976
13.0 9.314
13.0 9.272
13.0 9.552
13.0 9.502
13.0 9.326
13.0 9.292
13.0 9.486
13.5 9.52
13.5 9.54
13.5 9.33
13.5 8.768
13.5 8.838
13.5 9.258
13.5 9.338
13.5 8.848
13.5 9.25
13.5 9.268
13.5 9.67
13.5 8.932
13.5 9.284
13.5 9.61
13.5 9.154
13.5 9.022
13.5 9.384
13.5 9.416
13.5 9.41
13.5 9.71
13.5 9.272
13.5 9.952
13.5 9.628
13.5 9.326
13.5 9.486
13.5 9.254
13.5 9.396
13.5 9.064
13.5 9.468
13.5 9.608
13.5 9.676
13.5 9.18
13.5 9.52
13.5 9.312
13.5 9.634
13.5 9.518
13.5 9.208
13.5 9.36
13.5 9.33
13.5 9.762
13.5 9.69
13.5 9.132
13.5 9.656
13.5 9.0
13.5 9.316
13.5 8.968
13.5 9.628
13.5 9.836
13.5 9.878
13.5 9.616
13.5 9.36
13.5 9.47
13.5 9.62
13.5 9.296
13.5 9.65
100
11.5 4.172
11.5 7.43
12.5 7.878
12.5 7.674
13.0 8.138
13.0 8.832
13.0 8.852
13.5 8.876
13.5 9.094
13.5 8.84
13.5 8.902
13.5 9.308
13.5 8.992
13.5 9.352
13.5 9.074
13.5 9.484
13.5 9.516
13.5 9.474
13.5 9.72
13.5 9.266
13.5 9.346
13.5 9.754
13.5 9.352
13.5 9.334
13.5 9.69
13.5 9.45
13.5 9.148
13.5 9.112
13.5 9.078
13.5 9.428
13.5 9.436
13.5 9.528
13.5 9.356
13.5 9.16
13.5 9.294
13.5 9.076
13.5 9.456
13.5 9.232
13.5 9.102
13.5 9.702
13.5 9.864
13.5 9.468
13.5 9.14
13.5 9.412
13.5 8.414
13.5 9.594
13.5 9.426
13.5 9.068
13.5 9.736
13.5 9.504
13.5 9.02
13.5 8.744
13.5 9.27
13.5 9.544
13.5 9.206
13.5 9.594
13.5 9.082
13.5 9.178
13.5 9.692
13.5 9.37
13.5 9.428
13.5 9.652
13.5 9.04
13.5 9.208
13.5 9.304
13.5 9.636
13.5 9.29
13.5 9.206
13.5 9.236
13.5 9.36
13.5 8.882
13.5 9.56
13.5 9.36
13.5 9.616
13.5 9.264
13.5 9.676
13.5 8.964
13.5 9.42
13.5 9.37
13.5 9.306
13.5 9.434
13.5 9.478
13.5 9.452
13.5 9.61
13.5 9.38
13.5 9.522
13.5 9.42
13.5 9.236
13.5 9.494
13.5 9.648
13.5 9.544
13.5 9.214
13.5 9.52
13.5 9.258
13.5 9.532
13.5 9.288
13.5 8.704
13.5 9.28
13.5 9.364
13.5 9.132
100
11.5 4.16
12.0 7.474
12.0 7.486
12.5 8.598
12.5 8.508
12.5 8.652
12.5 8.79
12.5 8.9
12.5 8.96
12.5 9.006
13.5 8.898
13.5 8.764
13.5 9.17
13.5 9.25
13.5 9.27
13.5 9.144
13.5 9.294
13.5 9.6
13.5 9.254
13.5 9.388
13.5 8.88
13.5 8.984
13.5 9.432
13.5 9.15
13.5 9.468
13.5 9.098
13.5 8.852
13.5 8.976
13.5 9.266
13.5 9.612
13.5 9.76
13.5 9.706
13.5 9.548
13.5 9.032
13.5 9.27
13.5 9.694
13.5 9.01
13.5 9.038
13.5 9.006
13.5 9.438
13.5 9.578
13.5 9.18
13.5 9.376
13.5 9.426
13.5 9.496
13.5 9.454
13.5 9.57
13.5 9.568
13.5 9.654
13.5 9.684
13.5 9.67
13.5 9.632
13.5 9.238
13.5 9.62
13.5 9.262
13.5 9.308
13.5 9.72
13.5 9.656
13.5 9.448
13.5 9.94
13.5 9.374
13.5 9.56
13.5 9.564
13.5 9.672
13.5 9.928
13.5 9.53
13.5 9.11
13.5 9.098
13.5 8.978
13.5 9.314
13.5 9.466
13.5 9.496
13.5 9.496
13.5 9.592
13.5 9.358
13.5 9.174
13.5 9.324
13.5 9.278
13.5 9.176
13.5 9.428
13.5 9.432
13.5 9.27
13.5 9.188
13.5 9.296
13.5 9.686
13.5 9.46
13.5 9.362
13.5 9.622
13.5 9.366
13.5 9.294
13.5 9.402
13.5 9.398
13.5 9.538
13.5 9.208
13.5 9.282
13.5 9.448
13.5 9.476
13.5 9.39
13.5 9.28
13.5 9.13
100
11.5 4.07
11.5 7.246
12.5 7.776
12.5 8.13
12.5 8.082
12.5 8.704
13.0 8.368
13.0 8.97
13.0 9.452
13.0 8.98
13.0 9.368
13.0 9.35
13.0 9.726
13.0 9.336
13.0 9.178
13.0 9.29
13.0 9.102
13.0 9.078
13.0 9.236
13.0 9.09
13.0 9.354
13.0 9.432
13.0 9.086
13.0 9.326
13.0 9.128
13.0 9.574
13.0 9.526
13.0 9.56
13.0 9.228
13.0 9.35
13.0 9.414
13.0 9.09
13.0 9.224
13.0 9.144
13.0 9.122
13.0 8.97
13.0 8.782
13.0 9.274
13.0 9.49
13.0 9.324
13.0 9.254
13.0 8.884
13.0 9.08
13.0 9.414
13.0 9.298
13.0 9.406
13.0 9.242
13.0 9.058
13.0 9.138
13.0 9.2
13.0 9.34
13.0 9.562
13.0 9.55
13.0 9.522
13.0 9.156
13.0 9.304
13.0 9.138
13.0 9.112
13.0 9.196
13.0 9.31
13.0 8.85
13.0 9.278
13.0 8.918
13.0 9.248
13.0 9.25
13.0 9.218
13.0 9.204
13.0 9.164
13.0 9.146
13.0 9.36
13.0 9.26
13.0 8.994
13.0 9.468
13.0 9.624
13.0 9.554
13.5 9.628
13.5 8.95
13.5 8.976
13.5 9.402
13.5 8.832
13.5 8.956
13.5 9.024
13.5 9.348
13.5 9.16
13.5 8.948
13.5 9.06
13.5 9.292
13.5 9.692
13.5 9.554
13.5 9.352
13.5 9.55
13.5 9.234
13.5 9.288
13.5 9.666
13.5 8.932
13.5 9.754
13.5 9.412
13.5 9.422
13.5 9.366
13.5 9.23
100
12.5 3.934
12.5 7.09
12.5 8.008
12.5 7.294
12.5 8.368
12.5 8.292
12.5 8.386
12.5 8.728
12.5 8.638
13.5 8.884
13.5 8.936
13.5 8.942
13.5 8.766
13.5 9.006
13.5 9.138
13.5 8.274
13.5 8.55
13.5 8.736
13.5 8.976
13.5 9.042
13.5 9.268
13.5 9.344
13.5 9.098
13.5 9.244
13.5 8.696
13.5 9.28
13.5 9.262
13.5 9.186
13.5 9.574
13.5 9.308
13.5 9.694
13.5 9.532
13.5 9.786
13.5 9.536
13.5 9.908
13.5 9.556
13.5 9.234
13.5 9.388
13.5 9.094
13.5 9.19
13.5 9.462
13.5 9.156
13.5 9.53
13.5 9.866
13.5 9.836
13.5 9.74
13.5 9.632
13.5 9.448
13.5 9.378
13.5 9.244
13.5 9.604
13.5 9.06
13.5 9.358
13.5 9.346
13.5 9.246
13.5 9.398
13.5 9.088
13.5 9.268
13.5 9.192
13.5 9.562
13.5 8.794
13.5 9.308
13.5 9.464
13.5 9.0
13.5 9.232
13.5 8.792
13.5 9.346
13.5 8.93
13.5 9.514
13.5 9.57
13.5 9.338
13.5 9.478
13.5 9.24
13.5 8.866
13.5 9.106
13.5 9.736
13.5 9.684
13.5 9.024
13.5 9.402
13.5 9.43
13.5 9.41
13.5 9.312
13.5 9.216
13.5 8.412
13.5 9.452
13.5 8.98
13.5 9.406
13.5 9.694
13.5 9.296
13.5 9.256
13.5 9.174
13.5 8.908
13.5 9.096
13.5 9.616
13.5 9.75
13.5 9.542
13.5 9.494
13.5 9.506
13.5 9.64
13.5 9.37
100
11.5 4.118
11.5 7.452
11.5 7.756
12.5 8.052
12.5 8.178
12.5 8.414
12.5 8.856
12.5 9.206
12.5 9.002
13.0 8.92
13.0 8.87
13.0 8.904
13.0 9.256
13.0 9.494
13.0 8.85
13.0 9.442
13.0 9.366
13.0 9.432
13.0 9.314
13.0 9.282
13.0 9.098
13.0 9.396
13.0 9.126
13.0 9.382
13.0 8.988
13.5 9.374
13.5 9.392
13.5 9.122
13.5 9.112
13.5 9.07
13.5 9.202
13.5 9.306
13.5 9.168
13.5 9.42
13.5 9.694
13.5 9.36
13.5 9.7
13.5 9.482
13.5 9.682
13.5 10.082
13.5 9.65
13.5 9.358
13.5 8.94
13.5 9.478
13.5 9.786
13.5 9.15
13.5 9.31
13.5 9.226
13.5 9.622
13.5 9.372
13.5 9.314
13.5 9.538
13.5 9.606
13.5 9.592
13.5 9.22
13.5 9.04
13.5 9.256
13.5 9.29
13.5 9.636
13.5 8.9
13.5 8.93
13.5 9.362
13.5 9.624
13.5 9.496
13.5 9.574
13.5 9.37
13.5 8.748
13.5 9.462
13.5 9.408
13.5 9.258
13.5 8.988
13.5 9.584
13.5 9.766
13.5 9.338
13.5 9.456
13.5 9.26
13.5 9.416
13.5 9.422
13.5 9.508
13.5 9.712
13.5 9.672
13.5 9.688
13.5 9.39
13.5 9.6
13.5 9.832
13.5 9.362
13.5 9.296
13.5 9.492
13.5 9.358
13.5 9.784
13.5 9.7
13.5 9.446
13.5 9.578
13.5 9.468
13.5 9.436
13.5 9.634
13.5 9.698
13.5 9.534
13.5 9.352
13.5 9.734
100
12.0 3.972
12.0 7.278
12.5 8.036
12.5 8.486
12.5 8.684
12.5 8.336
12.5 8.934
12.5 9.218
13.0 9.568
13.0 9.196
13.0 9.624
13.0 9.42
13.0 9.432
13.0 9.25
13.0 9.576
13.5 9.8
13.5 9.48
13.5 9.588
13.5 9.288
13.5 9.262
13.5 9.35
13.5 9.208
13.5 9.41
13.5 9.378
13.5 9.476
13.5 9.55
13.5 9.508
13.5 9.26
13.5 9.512
13.5 9.32
13.5 9.18
13.5 9.81
13.5 9.294
13.5 9.524
13.5 9.748
13.5 10.016
13.5 9.478
13.5 9.362
13.5 9.424
13.5 9.568
13.5 9.438
13.5 9.36
13.5 9.442
13.5 9.528
13.5 9.266
13.5 9.442
13.5 9.566
13.5 9.684
13.5 9.06
13.5 8.874
13.5 9.518
13.5 9.642
13.5 9.67
13.5 9.632
13.5 9.446
13.5 9.738
13.5 9.278
13.5 9.386
13.5 9.46
13.5 9.71
13.5 9.302
13.5 9.514
13.5 9.274
13.5 9.514
13.5 9.522
13.5 9.668
13.5 9.632
13.5 9.576
13.5 9.798
13.5 9.314
13.5 9.198
13.5 9.346
13.5 9.296
13.5 9.482
13.5 9.61
13.5 9.596
13.5 9.606
13.5 9.576
13.5 9.876
13.5 9.146
13.5 9.228
13.5 9.446
13.5 8.914
13.5 9.264
13.5 9.788
13.5 9.262
13.5 9.042
13.5 9.176
13.5 9.278
13.5 9.42
13.5 9.67
13.5 9.694
13.5 9.234
13.5 9.382
13.5 9.31
13.5 9.238
13.5 9.144
13.5 9.632
13.5 9.352
13.5 9.348
100
11.0 3.64
11.5 6.958
12.0 7.92
12.5 8.066
12.5 8.486
12.5 8.532
13.0 8.924
13.0 9.22
13.0 9.02
13.0 9.05
13.0 8.728
13.0 9.222
13.0 8.982
13.0 9.204
13.0 9.47
13.0 8.82
13.0 9.356
13.0 9.41
13.0 9.358
13.0 9.496
13.0 9.472
13.0 9.0
13.0 9.118
13.0 8.864
13.0 9.068
13.0 9.086
13.0 9.198
13.0 8.736
13.0 9.232
13.0 8.916
13.0 9.014
13.0 9.272
13.0 9.296
13.0 9.376
13.0 9.232
13.0 8.936
13.0 9.42
13.0 9.152
13.0 9.284
13.0 8.642
13.0 9.118
13.0 8.956
13.5 9.104
13.5 9.396
13.5 9.41
13.5 9.244
13.5 8.96
13.5 9.038
13.5 9.376
13.5 9.53
13.5 8.836
13.5 8.54
13.5 9.04
13.5 9.23
13.5 8.892
13.5 9.074
13.5 9.162
13.5 9.456
13.5 9.126
13.5 9.332
13.5 9.472
13.5 9.066
13.5 9.122
13.5 9.37
13.5 9.514
13.5 9.284
13.5 9.342
13.5 9.18
13.5 9.086
13.5 8.948
13.5 9.058
13.5 9.534
13.5 9.376
13.5 9.256
13.5 9.34
13.5 9.58
13.5 9.388
13.5 9.324
13.5 9.568
13.5 9.432
13.5 9.592
13.5 9.706
13.5 9.726
13.5 9.256
13.5 9.2
13.5 9.152
13.5 9.336
13.5 9.14
13.5 8.818
13.5 9.202
13.5 9.492
13.5 9.29
13.5 9.232
13.5 9.158
13.5 9.262
13.5 9.532
13.5 9.38
13.5 9.406
13.5 9.51
13.5 8.928

Individual: [1, 2, 6, 7, 9, 14, 15, 18, 20]
   Fitness: 13.5
     Total: 9
Violations: 0 0

Individual: [1, 3, 6, 7, 12, 14, 15, 19, 20]
   Fitness: 13.5
     Total: 9
Violations: 0 0

Individual: [1, 2, 6, 7, 9, 14, 15, 18, 20]
   Fitness: 13.5
     Total: 9
Violations: 0 0

Individual: [1, 2, 6, 7, 9, 14, 15, 18, 20]
   Fitness: 13.5
     Total: 9
Violations: 0 0

Individual: [1, 2, 6, 7, 9, 14, 15, 18, 20]
   Fitness: 13.5
     Total: 9
Violations: 0 0

Individual: [1, 3, 6, 7, 12, 14, 15, 19, 20]
   Fitness: 13.5
     Total: 9
Violations: 0 0

Individual: [1, 3, 6, 7, 12, 14, 15, 19, 20]
   Fitness: 13.5
     Total: 9
Violations: 0 0

Individual: [1, 2, 6, 7, 9, 14, 15, 18, 20]
   Fitness: 13.5
     Total: 9
Violations: 0 0

Individual: [1, 3, 6, 7, 12, 14, 15, 19, 20]
   Fitness: 13.5
     Total: 9
Violations: 0 0

Individual: [1, 2, 6, 7, 9, 14, 15, 18, 20]
   Fitness: 13.5
     Total: 9
Violations: 0 0
