10
100
12.0 3.626
12.0 8.432
12.5 9.81
13.0 10.358
13.0 11.208
13.0 11.956
13.0 12.614
13.0 12.682
13.0 12.896
13.0 12.758
13.0 12.792
13.0 12.844
13.0 12.856
13.0 12.79
13.0 12.862
13.0 12.864
13.0 12.89
13.0 12.798
13.0 12.858
13.0 12.874
13.0 12.88
13.0 12.93
13.0 12.846
13.0 12.876
13.0 12.924
13.0 12.846
13.0 12.798
13.0 12.79
13.0 12.82
13.0 12.818
13.0 12.864
13.0 12.864
13.0 12.844
13.0 12.804
13.0 12.838
13.0 12.772
13.0 12.84
13.0 12.816
13.0 12.838
13.0 12.828
13.0 12.774
13.0 12.85
13.0 12.876
13.0 12.9
13.0 12.886
13.0 12.868
13.0 12.792
13.0 12.844
13.0 12.846
13.0 12.83
13.0 12.868
13.0 12.854
13.0 12.848
13.0 12.85
13.0 12.826
13.0 12.796
13.0 12.842
13.0 12.866
13.0 12.93
13.0 12.808
13.0 12.81
13.0 12.894
13.0 12.85
13.0 12.87
13.0 12.764
13.0 12.866
13.0 12.786
13.0 12.816
13.0 12.896
13.0 12.788
13.0 12.832
13.0 12.87
13.0 12.828
13.0 12.814
13.0 12.788
13.0 12.966
13.0 12.832
13.0 12.824
13.0 12.78
13.0 12.846
13.0 12.768
13.0 12.836
13.0 12.82
13.0 12.826
13.0 12.796
13.0 12.79
13.0 12.898
13.0 12.78
13.0 12.818
13.0 12.818
13.0 12.872
13.0 12.856
13.0 12.826
13.0 12.896
13.0 12.882
13.0 12.844
13.0 12.764
13.0 12.802
13.0 12.832
13.0 12.868
100
11.5 3.768
12.0 8.442
12.5 9.982
12.5 10.842
12.5 11.712
12.5 12.176
13.0 12.284
13.0 12.256
13.0 12.264
13.0 12.364
13.0 12.636
13.0 12.806
13.0 12.87
13.0 12.854
13.0 12.91
13.0 12.864
13.0 12.86
13.0 12.866
13.0 12.882
13.0 12.808
13.0 12.816
13.0 12.81
13.0 12.828
13.0 12.804
13.0 12.908
13.0 12.824
13.0 12.786
13.0 12.764
13.0 12.85
13.0 12.806
13.0 12.888
13.0 12.846
13.0 12.826
13.0 12.844
13.0 12.84
13.0 12.87
13.0 12.854
13.0 12.848
13.0 12.862
13.0 12.854
13.0 12.832
13.0 12.82
13.0 12.79
13.0 12.866
13.0 12.808
13.0 12.8
13.0 12.812
13.0 12.794
13.0 12.816
13.0 12.722
13.0 12.832
13.0 12.834
13.0 12.864
13.0 12.818
13.0 12.686
13.0 12.76
13.0 12.88
13.0 12.896
13.0 12.792
13.0 12.876
13.0 12.828
13.0 12.848
13.0 12.856
13.0 12.832
13.0 12.79
13.0 12.894
13.0 12.828
13.0 12.822
13.0 12.818
13.0 12.846
13.0 12.864
13.0 12.878
13.0 12.8
13.0 12.778
13.0 12.854
13.0 12.75
13.0 12.748
13.0 12.872
13.0 12.808
13.0 12.816
13.0 12.878
13.0 12.814
13.0 12.916
13.0 12.838
13.0 12.858
13.0 12.838
13.0 12.858
13.0 12.894
13.0 12.838
13.0 12.828
13.0 12.824
13.0 12.832
13.0 12.81
13.0 12.868
13.0 12.834
13.0 12.758
13.0 12.896
13.0 12.86
13.0 12.772
13.0 12.884
100
12.0 3.65
12.0 8.654
12.5 10.17
12.5 10.958
13.0 11.848
13.0 12.23
13.5 12.254
13.5 12.432
13.5 12.728
13.5 12.748
13.5 13.244
13.5 13.37
13.5 13.294
13.5 13.27
13.5 13.322
13.5 13.288
13.5 13.322
13.5 13.282
13.5 13.332
13.5 13.276
13.5 13.338
13.5 13.288
13.5 13.294
13.5 13.344
13.5 13.35
13.5 13.302
13.5 13.306
13.5 13.294
13.5 13.32
13.5 13.31
13.5 13.198
13.5 13.306
13.5 13.318
13.5 13.336
13.5 13.316
13.5 13.278
13.5 13.316
13.5 13.278
13.5 13.354
13.5 13.296
13.5 13.252
13.5 13.342
13.5 13.264
13.5 13.24
13.5 13.27
13.5 13.32
13.5 13.252
13.5 13.188
13.5 13.296
13.5 13.312
13.5 13.362
13.5 13.232
13.5 13.342
13.5 13.36
13.5 13.26
13.5 13.38
13.5 13.254
13.5 13.324
13.5 13.336
13.5 13.288
13.5 13.432
13.5 13.352
13.5 13.236
13.5 13.234
13.5 13.186
13.5 13.37
13.5 13.254
13.5 13.274
13.5 13.236
13.5 13.284
13.5 13.252
13.5 13.3
13.5 13.314
13.5 13.394
13.5 13.306
13.5 13.27
13.5 13.336
13.5 13.23
13.5 13.238
13.5 13.168
13.5 13.172
13.5 13.196
13.5 13.312
13.5 13.346
13.5 13.252
13.5 13.306
13.5 13.328
13.5 13.266
13.5 13.376
13.5 13.326
13.5 13.28
13.5 13.162
13.5 13.31
13.5 13.374
13.5 13.362
13.5 13.322
13.5 13.324
13.5 13.326
13.5 13.342
13.5 13.388
100
11.0 3.858
12.5 8.196
12.5 9.77
13.0 11.018
13.0 11.742
13.0 12.228
13.0 12.64
13.0 12.696
13.0 12.758
13.0 12.77
13.0 12.818
13.0 12.838
13.0 12.766
13.0 12.698
13.0 12.798
13.0 12.842
13.0 12.82
13.0 12.786
13.0 12.778
13.0 12.8
13.0 12.852
13.0 12.702
13.0 12.75
13.0 12.91
13.0 12.85
13.0 12.76
13.0 12.828
13.0 12.722
13.0 12.75
13.0 12.77
13.0 12.808
13.0 12.744
13.0 12.846
13.0 12.79
13.0 12.84
13.0 12.722
13.0 12.808
13.0 12.698
13.0 12.706
13.0 12.724
13.0 12.832
13.0 12.754
13.0 12.728
13.0 12.836
13.0 12.782
13.0 12.824
13.0 12.798
13.0 12.794
13.0 12.816
13.0 12.802
13.0 12.86
13.0 12.698
13.0 12.798
13.0 12.714
13.0 12.774
13.0 12.726
13.0 12.796
13.0 12.836
13.0 12.832
13.0 12.808
13.0 12.726
13.0 12.88
13.0 12.74
13.0 12.78
13.0 12.766
13.0 12.792
13.0 12.658
13.0 12.782
13.0 12.852
13.0 12.764
13.0 12.806
13.0 12.78
13.0 12.754
13.0 12.684
13.0 12.734
13.0 12.772
13.0 12.702
13.0 12.822
13.0 12.708
13.0 12.712
13.0 12.692
13.0 12.786
13.0 12.702
13.0 12.742
13.0 12.714
13.0 12.812
13.0 12.782
13.0 12.782
13.0 12.69
13.0 12.842
13.0 12.82
13.0 12.776
13.0 12.668
13.0 12.808
13.0 12.756
13.0 12.802
13.0 12.838
13.0 12.78
13.0 12.736
13.0 12.758
100
12.5 3.702
12.5 8.386
13.0 10.114
13.0 11.424
13.0 12.33
13.0 12.648
13.0 12.834
13.0 12.806
13.0 12.77
13.0 12.814
13.0 12.87
13.0 12.758
13.0 12.736
13.0 12.76
13.0 12.818
13.0 12.81
13.0 12.796
13.0 12.652
13.0 12.784
13.0 12.802
13.0 12.844
13.0 12.9
13.0 12.758
13.0 12.784
13.0 12.864
13.0 12.778
13.0 12.792
13.0 12.764
13.0 12.816
13.0 12.812
13.0 12.78
13.0 12.75
13.0 12.828
13.0 12.716
13.0 12.778
13.0 12.88
13.0 12.78
13.0 12.812
13.0 12.828
13.0 12.768
13.0 12.838
13.0 12.742
13.0 12.86
13.0 12.792
13.0 12.81
13.0 12.762
13.0 12.828
13.0 12.798
13.0 12.828
13.0 12.842
13.0 12.77
13.0 12.796
13.0 12.818
13.0 12.854
13.0 12.786
13.0 12.762
13.0 12.72
13.0 12.772
13.0 12.88
13.0 12.9
13.0 12.754
13.0 12.864
13.0 12.738
13.0 12.864
13.0 12.856
13.0 12.788
13.0 12.87
13.0 12.752
13.0 12.766
13.0 12.828
13.0 12.77
13.0 12.874
13.0 12.804
13.0 12.836
13.0 12.772
13.0 12.806
13.0 12.912
13.0 12.79
13.0 12.732
13.0 12.742
13.0 12.664
13.0 12.858
13.0 12.842
13.0 12.748
13.0 12.802
13.0 12.782
13.0 12.804
13.0 12.784
13.0 12.722
13.0 12.764
13.0 12.768
13.0 12.81
13.0 12.758
13.0 12.878
13.0 12.712
13.0 12.534
13.0 12.778
13.0 12.802
13.0 12.886
13.0 12.93
100
11.5 3.666
12.0 8.44
12.5 9.666
13.0 10.736
13.0 11.738
13.0 12.484
13.0 12.722
13.0 12.73
13.0 12.748
13.0 12.704
13.0 12.686
13.0 12.642
13.0 12.69
13.0 12.734
13.0 12.66
13.0 12.766
13.0 12.708
13.0 12.652
13.0 12.57
13.0 12.736
13.0 12.756
13.0 12.648
13.0 12.628
13.0 12.716
13.0 12.724
13.0 12.738
13.0 12.782
13.0 12.712
13.0 12.73
13.0 12.682
13.0 12.74
13.0 12.836
13.0 12.762
13.0 12.708
13.0 12.644
13.0 12.718
13.0 12.756
13.0 12.734
13.0 12.826
13.0 12.758
13.0 12.738
13.0 12.768
13.0 12.796
13.0 12.686
13.0 12.85
13.0 12.826
13.0 12.796
13.0 12.85
13.0 12.846
13.0 12.774
13.0 12.826
13.0 12.766
13.0 12.776
13.0 12.694
13.0 12.648
13.0 12.692
13.0 12.806
13.0 12.738
13.0 12.736
13.0 12.748
13.0 12.706
13.0 12.732
13.0 12.874
13.0 12.65
13.0 12.65
13.0 12.78
13.0 12.85
13.0 12.66
13.0 12.828
13.0 12.816
13.0 12.782
13.0 12.794
13.0 12.794
13.0 12.812
13.0 12.77
13.0 12.74
13.0 12.864
13.0 12.84
13.0 12.674
13.0 12.76
13.0 12.826
13.0 12.88
13.0 12.77
13.0 12.724
13.0 12.658
13.0 12.752
13.0 12.818
13.0 12.776
13.0 12.804
13.0 12.864
13.0 12.7
13.0 12.828
13.0 12.772
13.0 12.816
13.0 12.802
13.0 12.796
13.0 12.776
13.0 12.75
13.0 12.71
13.0 12.75
100
11.0 3.646
12.0 8.516
12.0 9.464
12.5 10.3
13.0 11.054
13.0 11.698
13.0 12.136
13.0 12.436
13.0 12.776
13.0 12.718
13.0 12.82
13.0 12.732
13.0 12.822
13.0 12.78
13.0 12.79
13.0 12.854
13.0 12.82
13.0 12.834
13.0 12.818
13.0 12.908
13.0 12.828
13.0 12.812
13.0 12.77
13.0 12.81
13.0 12.792
13.0 12.774
13.0 12.7
13.0 12.79
13.0 12.85
13.0 12.832
13.0 12.818
13.0 12.788
13.0 12.768
13.0 12.8
13.0 12.718
13.0 12.872
13.0 12.8
13.0 12.808
13.0 12.788
13.0 12.668
13.0 12.818
13.0 12.722
13.0 12.776
13.0 12.674
13.0 12.754
13.0 12.874
13.0 12.782
13.0 12.768
13.0 12.874
13.0 12.856
13.0 12.772
13.0 12.772
13.0 12.838
13.0 12.852
13.0 12.832
13.0 12.722
13.0 12.802
13.0 12.9
13.0 12.876
13.0 12.794
13.0 12.784
13.0 12.734
13.0 12.828
13.0 12.766
13.0 12.792
13.0 12.752
13.0 12.852
13.0 12.842
13.0 12.692
13.0 12.844
13.0 12.794
13.0 12.734
13.0 12.638
13.0 12.792
13.0 12.832
13.0 12.8
13.0 12.806
13.0 12.896
13.0 12.876
13.0 12.836
13.0 12.758
13.0 12.81
13.0 12.846
13.0 12.862
13.0 12.866
13.0 12.71
13.0 12.826
13.0 12.808
13.0 12.816
13.0 12.808
13.0 12.718
13.0 12.792
13.0 12.808
13.0 12.78
13.0 12.874
13.0 12.768
13.0 12.744
13.0 12.802
13.0 12.842
13.0 12.802
100
12.0 3.798
12.0 8.524
12.5 10.152
12.5 11.056
13.0 11.71
13.0 12.006
13.0 12.482
13.0 12.752
13.0 12.65
13.0 12.682
13.0 12.722
13.0 12.708
13.0 12.78
13.0 12.824
13.0 12.8
13.0 12.746
13.0 12.71
13.0 12.73
13.0 12.764
13.0 12.676
13.0 12.676
13.0 12.784
13.0 12.75
13.0 12.718
13.0 12.762
13.0 12.592
13.0 12.672
13.0 12.696
13.0 12.764
13.0 12.75
13.0 12.7
13.0 12.728
13.0 12.77
13.0 12.836
13.0 12.746
13.0 12.678
13.0 12.77
13.0 12.786
13.0 12.764
13.0 12.726
13.0 12.754
13.0 12.724
13.0 12.778
13.0 12.796
13.0 12.742
13.0 12.806
13.0 12.742
13.0 12.78
13.0 12.838
13.0 12.712
13.0 12.772
13.0 12.738
13.0 12.81
13.0 12.75
13.0 12.81
13.0 12.748
13.0 12.718
13.0 12.756
13.0 12.756
13.0 12.782
13.0 12.658
13.0 12.794
13.0 12.78
13.0 12.772
13.0 12.712
13.0 12.704
13.0 12.768
13.0 12.712
13.0 12.766
13.0 12.774
13.0 12.618
13.0 12.786
13.0 12.782
13.0 12.784
13.0 12.722
13.0 12.75
13.0 12.754
13.0 12.786
13.0 12.866
13.0 12.836
13.0 12.792
13.0 12.772
13.0 12.766
13.0 12.666
13.0 12.76
13.0 12.754
13.0 12.784
13.0 12.794
13.0 12.83
13.0 12.73
13.0 12.734
13.0 12.808
13.0 12.81
13.0 12.726
13.0 12.704
13.0 12.868
13.0 12.772
13.0 12.86
13.0 12.812
13.0 12.804
100
11.5 2.696
12.0 8.422
12.0 9.888
12.5 10.556
13.5 11.174
13.5 11.72
13.5 12.174
13.5 12.778
13.5 13.356
13.5 13.346
13.5 13.366
13.5 13.27
13.5 13.214
13.5 13.3
13.5 13.376
13.5 13.28
13.5 13.262
13.5 13.182
13.5 13.35
13.5 13.272
13.5 13.246
13.5 13.232
13.5 13.336
13.5 13.368
13.5 13.272
13.5 13.3
13.5 13.324
13.5 13.308
13.5 13.324
13.5 13.34
13.5 13.376
13.5 13.35
13.5 13.32
13.5 13.346
13.5 13.294
13.5 13.29
13.5 13.3
13.5 13.308
13.5 13.278
13.5 13.336
13.5 13.256
13.5 13.37
13.5 13.296
13.5 13.326
13.5 13.33
13.5 13.346
13.5 13.274
13.5 13.314
13.5 13.232
13.5 13.278
13.5 13.276
13.5 13.264
13.5 13.282
13.5 13.342
13.5 13.326
13.5 13.338
13.5 13.272
13.5 13.314
13.5 13.312
13.5 13.362
13.5 13.288
13.5 13.308
13.5 13.336
13.5 13.3
13.5 13.33
13.5 13.312
13.5 13.214
13.5 13.27
13.5 13.254
13.5 13.284
13.5 13.21
13.5 13.238
13.5 13.324
13.5 13.246
13.5 13.254
13.5 13.302
13.5 13.338
13.5 13.302
13.5 13.246
13.5 13.326
13.5 13.394
13.5 13.19
13.5 13.3
13.5 13.22
13.5 13.258
13.5 13.318
13.5 13.336
13.5 13.35
13.5 13.338
13.5 13.298
13.5 13.352
13.5 13.298
13.5 13.256
13.5 13.29
13.5 13.27
13.5 13.286
13.5 13.296
13.5 13.34
13.5 13.354
13.5 13.288
100
11.5 3.522
12.5 8.216
12.5 9.884
13.5 10.878
13.5 11.792
13.5 11.89
13.5 11.95
13.5 12.522
13.5 13.222
13.5 13.35
13.5 13.284
13.5 13.298
13.5 13.256
13.5 13.27
13.5 13.288
13.5 13.32
13.5 13.32
13.5 13.358
13.5 13.332
13.5 13.29
13.5 13.35
13.5 13.244
13.5 13.322
13.5 13.28
13.5 13.276
13.5 13.254
13.5 13.276
13.5 13.322
13.5 13.246
13.5 13.372
13.5 13.358
13.5 13.222
13.5 13.29
13.5 13.248
13.5 13.234
13.5 13.232
13.5 13.286
13.5 13.162
13.5 13.254
13.5 13.318
13.5 13.214
13.5 13.284
13.5 13.292
13.5 13.322
13.5 13.244
13.5 13.348
13.5 13.078
13.5 13.352
13.5 13.26
13.5 13.38
13.5 13.326
13.5 13.264
13.5 13.304
13.5 13.226
13.5 13.344
13.5 13.32
13.5 13.276
13.5 13.32
13.5 13.262
13.5 13.276
13.5 13.3
13.5 13.3
13.5 13.296
13.5 13.286
13.5 13.334
13.5 13.38
13.5 13.39
13.5 13.336
13.5 13.34
13.5 13.328
13.5 13.304
13.5 13.254
13.5 13.256
13.5 13.298
13.5 13.288
13.5 13.408
13.5 13.306
13.5 13.328
13.5 13.268
13.5 13.282
13.5 13.29
13.5 13.284
13.5 13.334
13.5 13.334
13.5 13.272
13.5 13.368
13.5 13.25
13.5 13.31
13.5 13.322
13.5 13.322
13.5 13.312
13.5 13.256
13.5 13.24
13.5 13.342
13.5 13.194
13.5 13.31
13.5 13.31
13.5 13.294
13.5 13.342
13.5 13.256

Individual: [1, 2, 5, 6, 7, 14, 15, 18, 19, 20]
   Fitness: 13.0
     Total: 10
Violations: 2 2

Individual: [1, 2, 4, 5, 7, 8, 16, 17, 19, 20]
   Fitness: 13.0
     Total: 10
Violations: 2 2

Individual: [1, 3, 6, 7, 12, 14, 15, 19, 20]
   Fitness: 13.5
     Total: 9
Violations: 0 0

Individual: [1, 2, 4, 5, 13, 14, 15, 18, 19, 20]
   Fitness: 13.0
     Total: 10
Violations: 2 2

Individual: [1, 2, 4, 5, 10, 12, 13, 17, 18, 20]
   Fitness: 13.0
     Total: 10
Violations: 2 2

Individual: [1, 2, 4, 5, 7, 14, 15, 17, 18, 20]
   Fitness: 13.0
     Total: 10
Violations: 2 2

Individual: [1, 2, 4, 5, 7, 8, 16, 17, 19, 20]
   Fitness: 13.0
     Total: 10
Violations: 2 2

Individual: [1, 2, 4, 5, 13, 14, 16, 17, 19, 20]
   Fitness: 13.0
     Total: 10
Violations: 2 2

Individual: [1, 2, 6, 7, 9, 14, 15, 18, 20]
   Fitness: 13.5
     Total: 9
Violations: 0 0

Individual: [1, 2, 6, 7, 9, 14, 15, 18, 20]
   Fitness: 13.5
     Total: 9
Violations: 0 0
