10
100
11.0 3.478
12.5 5.1
12.5 5.82
12.5 5.456
12.5 5.116
12.5 5.64
12.5 6.202
12.5 6.082
12.5 4.726
12.5 4.586
12.5 5.778
12.5 5.258
12.5 6.072
12.5 6.396
12.5 5.58
12.5 4.692
12.5 5.152
12.5 5.948
12.5 6.244
12.5 5.55
12.5 5.074
12.5 6.258
12.5 5.202
12.5 4.688
12.5 4.79
12.5 6.092
12.5 6.332
12.5 6.966
12.5 6.146
12.5 6.816
12.5 4.512
12.5 6.908
12.5 5.976
12.5 5.8
12.5 5.296
12.5 4.354
12.5 5.66
12.5 6.578
12.5 5.652
12.5 4.952
12.5 5.17
12.5 5.728
12.5 6.742
12.5 5.916
12.5 5.198
12.5 6.042
12.5 5.796
12.5 6.284
12.5 5.994
12.5 5.15
12.5 5.452
12.5 5.004
12.5 5.754
12.5 5.422
12.5 4.97
12.5 6.23
12.5 5.602
12.5 5.238
12.5 5.394
12.5 5.758
12.5 6.442
12.5 6.04
12.5 5.484
12.5 5.486
12.5 4.9
12.5 5.938
12.5 5.262
12.5 5.632
12.5 5.864
12.5 6.124
12.5 5.298
12.5 5.772
12.5 5.516
12.5 6.332
12.5 5.322
12.5 5.356
12.5 5.982
12.5 6.48
12.5 4.53
12.5 5.396
12.5 6.104
12.5 6.1
12.5 7.132
12.5 6.182
12.5 7.352
12.5 7.914
12.5 6.766
13.0 6.274
13.0 5.382
13.0 5.044
13.0 5.964
13.0 5.028
13.0 5.924
13.0 4.7
13.0 5.042
13.0 6.074
13.0 5.546
13.0 4.97
13.0 5.112
13.0 6.452
100
10.5 3.16
11.5 5.414
11.5 4.968
11.5 4.974
11.5 5.446
11.5 5.156
11.5 5.932
11.5 5.868
12.5 4.668
12.5 5.972
12.5 5.602
12.5 5.758
12.5 4.562
12.5 4.684
12.5 5.898
12.5 4.42
12.5 5.444
12.5 5.232
12.5 5.046
12.5 5.306
12.5 5.11
12.5 5.664
12.5 5.724
12.5 5.584
12.5 5.758
12.5 5.328
12.5 5.734
12.5 5.146
12.5 5.858
12.5 5.992
12.5 7.07
12.5 5.266
12.5 5.356
12.5 5.16
12.5 5.268
12.5 5.348
12.5 4.846
12.5 4.778
12.5 6.028
12.5 5.65
12.5 4.714
12.5 5.278
12.5 5.524
12.5 5.306
12.5 4.826
12.5 6.098
12.5 5.952
12.5 4.5
12.5 5.268
12.5 5.904
12.5 5.778
12.5 6.462
12.5 5.946
12.5 6.576
12.5 5.862
12.5 5.75
12.5 5.382
12.5 5.904
12.5 5.562
12.5 5.528
12.5 6.128
12.5 5.884
12.5 5.908
12.5 5.33
12.5 5.984
12.5 5.65
12.5 5.956
12.5 4.462
12.5 6.56
12.5 6.83
12.5 5.67
12.5 6.052
12.5 4.71
12.5 4.712
12.5 5.268
12.5 5.11
12.5 5.786
12.5 4.438
12.5 5.582
12.5 5.212
12.5 5.832
12.5 5.25
12.5 6.14
12.5 5.088
12.5 5.534
12.5 5.068
12.5 5.342
12.5 5.63
12.5 5.148
12.5 5.28
12.5 5.476
12.5 4.01
12.5 5.676
12.5 6.394
12.5 6.256
12.5 5.692
12.5 6.356
12.5 6.076
12.5 5.652
12.5 6.316
100
10.5 4.358
12.0 4.568
12.0 5.496
13.0 4.964
13.0 5.408
13.0 5.598
13.0 6.316
13.0 5.58
13.0 5.672
13.0 4.416
13.0 5.52
13.0 4.952
13.0 6.796
13.0 5.42
13.0 5.686
13.0 5.814
13.0 5.58
13.0 5.71
13.0 4.87
13.0 6.006
13.0 5.798
13.0 6.29
13.0 6.5
13.0 4.458
13.0 5.908
13.0 4.782
13.0 6.792
13.0 5.354
13.5 6.298
13.5 5.354
13.5 6.032
13.5 4.016
13.5 5.624
13.5 4.926
13.5 6.518
13.5 4.258
13.5 5.998
13.5 5.14
13.5 4.91
13.5 5.862
13.5 5.91
13.5 5.196
13.5 4.96
13.5 5.738
13.5 4.868
13.5 6.24
13.5 5.99
13.5 4.762
13.5 5.57
13.5 5.778
13.5 4.248
13.5 5.832
13.5 4.154
13.5 5.622
13.5 5.796
13.5 4.928
13.5 5.758
13.5 5.946
13.5 5.554
13.5 5.956
13.5 5.946
13.5 5.04
13.5 4.73
13.5 5.248
13.5 2.412
13.5 4.814
13.5 5.382
13.5 5.66
13.5 5.384
13.5 5.536
13.5 5.412
13.5 3.742
13.5 4.946
13.5 6.192
13.5 2.43
13.5 6.254
13.5 6.326
13.5 6.412
13.5 6.188
13.5 5.484
13.5 6.366
13.5 5.81
13.5 4.996
13.5 5.67
13.5 6.41
13.5 6.374
13.5 6.03
13.5 4.738
13.5 6.35
13.5 6.084
13.5 5.036
13.5 6.612
13.5 4.306
13.5 6.432
13.5 6.378
13.5 4.208
13.5 6.044
13.5 5.894
13.5 5.8
13.5 6.17
100
11.0 3.954
13.0 5.698
13.0 5.188
13.0 6.144
13.0 5.56
13.0 6.162
13.0 5.304
13.0 5.202
13.0 5.59
13.0 6.134
13.0 5.064
13.0 5.058
13.0 5.862
13.0 5.176
13.0 5.198
13.0 5.55
13.0 6.6
13.0 5.602
13.0 6.6
13.0 6.3
13.0 5.896
13.0 5.342
13.0 5.126
13.0 5.704
13.0 5.916
13.0 6.326
13.0 6.016
13.0 4.982
13.0 6.168
13.0 5.448
13.0 4.764
13.0 6.012
13.0 5.848
13.0 5.184
13.0 6.278
13.0 4.528
13.0 5.374
13.0 6.036
13.0 5.954
13.0 6.312
13.0 4.436
13.0 5.652
13.0 6.206
13.0 6.37
13.0 6.348
13.0 5.914
13.0 4.964
13.0 4.658
13.0 6.138
13.0 5.336
13.0 5.55
13.0 5.808
13.0 5.234
13.0 5.806
13.0 5.818
13.0 6.404
13.0 4.218
13.0 5.95
13.0 6.17
13.0 6.426
13.0 6.158
13.0 4.994
13.0 4.64
13.0 6.188
13.0 5.812
13.0 5.866
13.0 6.256
13.0 5.47
13.0 5.35
13.0 5.478
13.0 5.834
13.0 5.476
13.0 5.37
13.0 6.412
13.0 4.17
13.0 5.128
13.0 6.376
13.0 5.79
13.0 6.44
13.0 5.682
13.0 4.056
13.0 5.1
13.0 6.296
13.0 5.232
13.0 4.168
13.0 6.532
13.0 6.002
13.0 4.662
13.0 5.894
13.0 5.022
13.0 4.766
13.0 5.486
13.0 5.872
13.0 5.748
13.0 6.194
13.0 6.234
13.0 6.364
13.0 6.032
13.0 5.738
13.0 4.776
100
11.5 3.998
11.5 5.746
11.5 4.476
11.5 3.952
11.5 5.482
11.5 6.306
11.5 5.206
11.5 6.51
11.5 5.216
12.5 5.252
12.5 4.248
12.5 6.258
12.5 5.244
12.5 4.942
12.5 6.46
12.5 5.466
12.5 5.452
12.5 5.368
13.0 5.266
13.0 5.998
13.0 5.204
13.0 5.212
13.0 2.932
13.0 5.364
13.0 6.166
13.0 4.762
13.0 3.01
13.0 3.864
13.0 4.31
13.0 5.762
13.0 6.34
13.0 3.238
13.0 5.382
13.0 6.262
13.0 5.962
13.0 6.464
13.0 5.658
13.0 6.17
13.0 6.384
13.0 6.236
13.0 6.328
13.0 5.822
13.0 3.786
13.0 5.704
13.0 5.622
13.0 5.61
13.0 4.88
13.0 5.012
13.0 4.898
13.0 3.022
13.0 6.226
13.0 5.412
13.0 5.22
13.0 5.126
13.0 5.624
13.0 6.154
13.0 5.278
13.0 5.456
13.0 5.408
13.0 6.0
13.0 6.522
13.0 5.422
13.0 5.876
13.0 5.59
13.0 5.258
13.0 5.73
13.0 5.922
13.0 5.748
13.0 5.768
13.0 6.114
13.0 4.894
13.0 6.334
13.0 4.946
13.0 5.618
13.0 5.186
13.0 6.798
13.0 6.552
13.0 -2.086
13.0 5.632
13.0 5.422
13.0 6.052
13.0 4.56
13.0 5.594
13.0 6.062
13.0 4.994
13.0 6.17
13.0 6.496
13.0 5.532
13.0 3.686
13.0 6.418
13.0 6.24
13.0 5.376
13.0 6.184
13.0 6.224
13.0 6.182
13.0 5.498
13.0 3.78
13.0 4.766
13.0 5.938
13.0 5.526
100
11.0 3.768
11.0 5.638
11.0 5.08
11.5 4.066
11.5 5.134
11.5 6.71
11.5 7.392
12.0 4.268
12.0 2.466
12.0 5.466
12.0 5.536
12.0 5.418
12.0 4.674
12.0 5.316
12.0 5.314
12.0 4.878
12.0 6.156
12.0 4.602
12.0 5.708
12.0 4.374
12.0 4.8
12.5 5.852
12.5 5.224
12.5 6.842
12.5 5.474
12.5 5.212
12.5 5.862
12.5 6.23
12.5 3.33
12.5 4.552
12.5 6.004
13.0 6.584
13.0 5.562
13.0 5.594
13.0 5.284
13.0 6.516
13.0 5.604
13.0 5.37
13.0 5.226
13.0 5.372
13.0 5.302
13.0 5.122
13.0 3.506
13.0 5.034
13.0 5.682
13.0 5.598
13.0 5.708
13.0 5.49
13.0 5.022
13.0 6.382
13.0 5.394
13.0 6.416
13.0 6.768
13.0 6.974
13.0 6.06
13.0 3.69
13.0 5.628
13.0 5.014
13.0 5.11
13.0 5.626
13.0 5.372
13.0 5.338
13.0 5.342
13.0 5.556
13.0 6.094
13.0 5.012
13.0 6.14
13.0 5.552
13.0 4.934
13.0 6.096
13.0 5.348
13.0 5.216
13.0 5.532
13.0 5.906
13.0 5.1
13.0 5.554
13.0 5.892
13.0 5.862
13.0 5.33
13.0 5.92
13.0 5.782
13.0 5.268
13.0 5.176
13.0 5.098
13.0 4.908
13.0 4.51
13.0 4.93
13.0 5.006
13.0 6.674
13.0 5.49
13.0 5.52
13.0 5.654
13.0 5.44
13.0 6.222
13.0 5.33
13.0 5.564
13.0 6.002
13.0 6.016
13.0 6.816
13.0 6.208
100
11.0 3.484
11.0 6.152
11.5 5.794
11.5 5.332
12.0 5.636
12.0 4.76
12.0 5.978
12.0 5.778
12.5 5.318
12.5 6.076
12.5 4.05
12.5 6.602
12.5 5.962
12.5 5.206
12.5 6.056
12.5 6.084
12.5 5.75
12.5 6.63
12.5 4.666
12.5 6.278
12.5 4.514
12.5 3.76
12.5 6.08
12.5 5.328
12.5 5.274
12.5 6.092
12.5 5.778
12.5 5.004
12.5 6.03
12.5 6.416
13.0 6.294
13.0 5.196
13.0 4.82
13.0 6.242
13.0 4.652
13.0 5.588
13.0 5.524
13.0 5.728
13.0 6.104
13.0 5.584
13.0 5.308
13.0 6.002
13.0 4.394
13.0 6.752
13.0 5.312
13.0 5.966
13.0 6.126
13.0 5.878
13.0 5.038
13.0 5.718
13.0 6.62
13.0 5.616
13.0 5.574
13.0 5.56
13.0 5.802
13.0 4.976
13.0 4.216
13.0 6.304
13.0 5.678
13.0 6.052
13.0 3.924
13.0 4.928
13.0 5.428
13.0 5.466
13.0 6.182
13.0 5.664
13.0 5.19
13.0 5.222
13.0 4.836
13.0 5.85
13.0 5.55
13.0 5.108
13.0 5.094
13.0 6.15
13.0 5.2
13.0 6.102
13.0 4.836
13.0 5.868
13.0 6.246
13.0 5.422
13.0 5.668
13.0 4.384
13.0 5.882
13.0 5.954
13.0 5.388
13.0 5.322
13.0 5.242
13.0 6.898
13.0 6.986
13.0 5.324
13.0 5.13
13.0 5.798
13.0 5.864
13.0 6.34
13.0 5.528
13.0 5.928
13.0 6.094
13.0 6.484
13.0 5.998
13.0 4.816
100
12.5 4.006
12.5 5.044
12.5 5.67
12.5 5.33
12.5 5.684
12.5 5.564
12.5 6.258
12.5 5.476
12.5 4.544
12.5 4.894
12.5 5.416
12.5 5.28
12.5 5.568
12.5 4.99
12.5 5.736
12.5 5.618
12.5 6.302
12.5 4.412
12.5 5.04
12.5 4.776
12.5 4.686
12.5 5.166
12.5 4.786
12.5 5.844
12.5 5.422
12.5 4.202
12.5 6.03
12.5 5.712
12.5 4.69
12.5 5.308
12.5 5.666
12.5 6.012
12.5 6.094
12.5 5.226
12.5 5.014
12.5 5.172
12.5 5.758
12.5 5.942
12.5 5.088
12.5 5.636
12.5 5.86
12.5 5.398
12.5 6.386
12.5 5.304
12.5 5.112
12.5 4.622
12.5 4.324
12.5 5.39
12.5 6.372
12.5 5.822
12.5 6.064
12.5 6.816
12.5 4.92
12.5 4.798
12.5 5.042
12.5 5.916
12.5 5.108
12.5 5.194
12.5 5.44
12.5 5.286
12.5 5.77
12.5 4.99
12.5 5.648
12.5 5.532
12.5 5.85
12.5 5.1
12.5 5.978
12.5 5.372
12.5 5.454
12.5 5.642
12.5 5.39
12.5 5.698
12.5 6.158
12.5 4.692
12.5 3.932
12.5 5.602
12.5 6.182
12.5 5.722
12.5 4.288
12.5 6.17
12.5 6.34
12.5 5.824
12.5 5.85
12.5 5.92
12.5 5.592
12.5 6.01
12.5 6.004
12.5 5.552
12.5 4.662
12.5 5.622
12.5 5.872
12.5 5.706
12.5 5.672
12.5 6.088
12.5 6.54
12.5 6.968
12.5 6.25
12.5 5.146
12.5 5.34
12.5 6.34
100
11.5 3.478
11.5 4.488
11.5 5.224
11.5 5.636
11.5 5.408
12.5 5.208
12.5 4.846
12.5 6.21
12.5 5.878
12.5 6.824
12.5 5.134
12.5 5.924
12.5 4.182
12.5 5.686
12.5 5.88
12.5 5.554
12.5 5.482
12.5 5.51
12.5 5.358
12.5 5.954
12.5 6.226
12.5 5.084
12.5 5.664
12.5 5.38
12.5 5.916
12.5 5.518
12.5 4.988
12.5 6.066
12.5 5.432
12.5 4.796
12.5 5.658
12.5 5.65
12.5 5.348
12.5 5.59
12.5 5.432
12.5 5.246
12.5 5.632
12.5 4.676
12.5 5.814
12.5 4.578
12.5 6.056
12.5 5.72
12.5 5.598
12.5 4.3
12.5 5.19
13.0 4.0
13.0 4.992
13.0 5.284
13.0 5.266
13.0 6.114
13.0 6.326
13.0 5.95
13.0 5.948
13.0 5.752
13.0 5.01
13.0 5.792
13.0 5.866
13.0 5.13
13.0 5.574
13.0 5.642
13.0 5.544
13.0 5.724
13.0 6.232
13.0 6.336
13.0 5.824
13.0 5.518
13.0 6.802
13.0 5.76
13.0 5.51
13.0 6.26
13.0 6.096
13.0 5.47
13.0 6.286
13.0 6.594
13.0 5.8
13.0 6.252
13.0 6.322
13.0 6.1
13.0 5.888
13.0 5.78
13.0 7.066
13.0 5.58
13.0 5.576
13.0 5.52
13.0 5.848
13.0 4.758
13.0 4.852
13.0 6.346
13.0 5.042
13.0 5.738
13.0 5.654
13.0 5.792
13.0 4.714
13.0 5.95
13.0 6.154
13.0 5.446
13.0 5.222
13.0 5.848
13.0 5.064
13.0 5.104
100
11.5 3.84
11.5 5.606
11.5 5.766
11.5 5.556
11.5 5.69
11.5 5.606
11.5 5.122
11.5 7.216
11.5 6.64
11.5 3.782
11.5 6.63
12.0 4.632
12.0 5.276
12.0 4.546
12.0 5.314
12.5 6.084
12.5 6.474
12.5 5.312
12.5 6.664
12.5 1.878
12.5 5.49
12.5 4.83
12.5 6.294
12.5 4.048
12.5 5.862
12.5 5.716
12.5 5.814
12.5 6.042
12.5 6.228
12.5 5.576
12.5 6.304
12.5 6.632
12.5 5.852
12.5 6.002
12.5 4.216
13.0 6.078
13.0 6.178
13.0 5.23
13.0 5.962
13.0 5.668
13.0 4.43
13.0 6.198
13.0 5.182
13.0 6.156
13.0 5.646
13.0 4.96
13.0 5.918
13.0 5.486
13.0 5.504
13.0 2.846
13.0 6.452
13.0 6.612
13.0 5.112
13.0 5.626
13.0 6.734
13.0 2.234
13.0 5.628
13.0 5.584
13.0 4.558
13.0 6.558
13.0 4.426
13.0 7.06
13.0 6.122
13.0 4.554
13.0 5.894
13.0 5.864
13.0 5.792
13.0 5.418
13.0 6.626
13.0 5.714
13.0 5.866
13.0 5.954
13.0 6.416
13.0 5.38
13.0 4.976
13.0 6.038
13.0 5.274
13.0 5.346
13.0 5.422
13.0 4.604
13.0 4.174
13.0 5.848
13.0 6.014
13.0 6.234
13.0 5.146
13.0 5.728
13.0 5.142
13.0 4.64
13.0 6.258
13.0 4.98
13.0 4.322
13.0 5.852
13.0 5.712
13.0 5.574
13.0 5.594
13.0 5.062
13.0 5.48
13.0 4.658
13.0 5.794
13.0 5.902

Individual: [1, 2, 4, 5, 7, 11, 14, 16, 19, 20]
   Fitness: 13.0
     Total: 10
Violations: 2 2

Individual: [1, 2, 4, 6, 9, 13, 15, 18, 19]
   Fitness: 12.5
     Total: 9
Violations: 1 1

Individual: [1, 2, 6, 7, 9, 14, 15, 18, 20]
   Fitness: 13.5
     Total: 9
Violations: 0 0

Individual: [1, 2, 5, 6, 7, 14, 15, 17, 18, 20]
   Fitness: 13.0
     Total: 10
Violations: 2 2

Individual: [1, 2, 3, 6, 7, 14, 15, 18, 19, 20]
   Fitness: 13.0
     Total: 10
Violations: 2 2

Individual: [1, 2, 6, 7, 9, 14, 15, 17, 18, 20]
   Fitness: 13.0
     Total: 10
Violations: 2 2

Individual: [1, 3, 4, 6, 7, 14, 15, 18, 19, 20]
   Fitness: 13.0
     Total: 10
Violations: 2 2

Individual: [1, 2, 4, 5, 8, 13, 17, 19, 20]
   Fitness: 12.5
     Total: 9
Violations: 1 1

Individual: [1, 2, 5, 7, 10, 11, 14, 16, 19, 20]
   Fitness: 13.0
     Total: 10
Violations: 2 2

Individual: [1, 3, 4, 6, 7, 14, 15, 18, 19, 20]
   Fitness: 13.0
     Total: 10
Violations: 2 2
