10
100
11.0 4.198
12.0 6.46
12.0 6.66
13.0 6.54
13.0 6.494
13.0 6.898
13.0 6.78
13.0 7.096
13.0 7.09
13.0 7.13
13.0 6.878
13.0 6.924
13.0 6.72
13.0 6.796
13.0 7.224
13.0 7.082
13.0 6.852
13.0 7.042
13.0 7.044
13.0 6.986
13.0 7.442
13.0 6.788
13.0 6.714
13.0 7.31
13.0 6.812
13.0 7.178
13.0 7.054
13.0 7.21
13.0 6.892
13.0 6.966
13.0 7.024
13.0 7.234
13.0 6.952
13.0 6.846
13.0 6.606
13.0 6.422
13.0 6.96
13.0 7.504
13.0 6.792
13.0 6.568
13.0 6.946
13.0 7.032
13.0 7.284
13.0 6.776
13.0 6.582
13.0 6.904
13.0 6.678
13.0 7.05
13.0 7.208
13.0 7.142
13.0 6.888
13.0 6.806
13.0 7.238
13.0 6.842
13.0 6.86
13.0 6.972
13.0 6.692
13.0 6.65
13.0 7.394
13.0 7.098
13.0 7.228
13.0 7.254
13.0 6.74
13.0 6.796
13.0 6.612
13.0 6.814
13.0 7.614
13.0 6.842
13.0 6.85
13.0 7.134
13.0 7.208
13.0 6.934
13.0 7.16
13.0 7.194
13.0 6.92
13.0 7.37
13.0 7.452
13.0 7.472
13.0 6.998
13.0 6.98
13.0 6.984
13.0 6.826
13.0 6.61
13.0 7.184
13.0 6.892
13.0 7.144
13.0 7.02
13.0 7.054
13.0 6.738
13.0 6.684
13.0 7.0
13.0 7.088
13.0 6.756
13.0 6.692
13.0 7.112
13.0 6.282
13.0 7.1
13.0 7.228
13.0 7.066
13.0 7.138
100
11.5 4.222
11.5 6.03
11.5 6.31
11.5 6.82
12.5 6.496
12.5 6.702
12.5 6.832
12.5 6.572
13.0 6.438
13.0 7.0
13.0 6.75
13.0 7.152
13.0 6.912
13.0 6.528
13.0 7.124
13.0 6.92
13.0 6.602
13.0 6.846
13.0 7.102
13.0 7.08
13.0 7.024
13.0 6.982
13.0 6.09
13.0 7.068
13.0 6.786
13.0 6.488
13.0 6.618
13.0 6.886
13.0 6.998
13.0 6.976
13.0 6.462
13.0 7.202
13.0 6.966
13.0 6.58
13.0 6.7
13.0 6.454
13.0 7.168
13.0 6.916
13.0 6.776
13.0 6.72
13.0 7.192
13.0 7.202
13.0 7.1
13.0 7.224
13.0 7.104
13.0 7.206
13.0 7.028
13.0 6.736
13.0 6.618
13.0 6.934
13.0 6.734
13.0 7.198
13.0 7.2
13.0 6.85
13.0 7.178
13.0 6.812
13.0 6.71
13.0 7.31
13.0 7.012
13.0 6.908
13.0 6.706
13.0 7.04
13.0 6.87
13.0 7.072
13.0 7.038
13.0 7.286
13.0 6.986
13.0 7.234
13.0 7.074
13.0 7.114
13.0 6.62
13.0 7.138
13.0 7.038
13.0 6.822
13.0 7.528
13.0 6.902
13.0 6.678
13.0 7.084
13.0 6.842
13.0 7.026
13.0 6.824
13.0 6.83
13.0 6.92
13.0 6.726
13.0 6.702
13.0 6.938
13.0 7.27
13.0 7.162
13.0 6.902
13.0 7.06
13.0 6.648
13.0 6.826
13.0 6.886
13.0 6.85
13.0 7.138
13.0 6.886
13.0 6.882
13.0 6.834
13.0 6.928
13.0 6.552
100
11.5 3.916
11.5 6.404
11.5 6.646
11.5 6.472
11.5 6.718
11.5 6.414
11.5 6.894
11.5 6.638
11.5 6.414
11.5 6.518
11.5 6.678
12.0 6.998
12.0 6.856
12.0 6.974
12.0 6.65
12.0 6.776
12.0 6.794
12.0 6.774
12.5 6.642
12.5 6.724
12.5 7.0
12.5 6.922
12.5 7.124
13.0 6.476
13.0 6.602
13.0 6.934
13.0 6.676
13.0 6.718
13.0 7.066
13.0 6.596
13.0 7.054
13.0 7.126
13.0 6.754
13.0 6.558
13.0 7.21
13.0 6.752
13.0 6.528
13.0 6.882
13.0 6.536
13.0 6.524
13.0 6.968
13.0 6.494
13.0 6.828
13.0 7.026
13.0 6.564
13.0 7.094
13.0 6.438
13.0 7.238
13.0 6.92
13.0 6.516
13.0 6.526
13.0 6.842
13.0 7.008
13.0 7.164
13.0 6.646
13.0 7.024
13.0 6.876
13.0 6.836
13.0 7.074
13.0 7.136
13.0 7.404
13.0 7.11
13.0 6.714
13.0 6.95
13.0 6.612
13.0 6.94
13.0 6.932
13.0 6.988
13.0 6.856
13.0 6.884
13.0 6.866
13.0 6.628
13.0 6.862
13.0 7.33
13.0 7.012
13.0 6.766
13.0 7.06
13.0 6.688
13.0 6.708
13.0 7.098
13.0 6.66
13.0 6.918
13.0 7.208
13.0 6.67
13.0 6.714
13.0 6.986
13.0 7.126
13.0 7.574
13.0 7.028
13.0 6.8
13.0 6.77
13.0 6.842
13.0 7.288
13.0 6.544
13.0 6.832
13.0 7.162
13.0 7.42
13.0 6.974
13.0 6.844
13.0 6.776
100
13.0 3.574
13.0 6.206
13.0 6.226
13.0 6.598
13.0 6.624
13.0 6.956
13.0 6.904
13.0 7.16
13.0 7.234
13.0 6.948
13.0 7.072
13.0 7.14
13.0 6.602
13.0 7.142
13.0 7.094
13.0 6.986
13.0 6.486
13.0 6.964
13.0 7.072
13.0 6.922
13.0 6.85
13.0 7.11
13.0 7.072
13.0 6.39
13.0 6.912
13.0 7.06
13.0 6.694
13.0 6.746
13.0 6.496
13.0 6.974
13.0 7.304
13.0 6.838
13.0 6.496
13.0 6.656
13.0 6.95
13.0 7.012
13.0 7.204
13.0 6.892
13.0 7.212
13.0 6.858
13.0 6.816
13.0 6.564
13.0 6.778
13.0 7.296
13.0 6.972
13.0 7.07
13.0 7.098
13.0 6.944
13.0 6.634
13.0 7.252
13.0 6.824
13.0 6.98
13.0 7.068
13.0 7.13
13.0 6.678
13.0 6.724
13.0 6.868
13.0 7.144
13.0 7.03
13.0 7.122
13.0 7.21
13.0 7.452
13.0 7.122
13.0 7.128
13.0 7.194
13.0 6.976
13.0 6.622
13.0 7.152
13.0 6.518
13.0 7.12
13.0 7.13
13.0 6.826
13.0 7.042
13.0 7.006
13.0 6.788
13.0 6.684
13.0 6.986
13.0 6.918
13.0 7.116
13.0 6.73
13.0 6.87
13.0 6.92
13.0 6.956
13.0 7.078
13.0 7.096
13.0 6.986
13.0 6.832
13.0 7.198
13.0 6.846
13.0 7.17
13.0 6.96
13.0 6.586
13.0 7.298
13.0 6.766
13.0 7.058
13.0 7.04
13.0 6.678
13.0 6.942
13.0 7.136
13.0 7.042
100
11.5 3.53
11.5 6.252
11.5 7.01
11.5 6.794
12.0 6.536
12.0 6.82
12.0 6.894
12.0 6.888
12.0 7.196
12.5 6.746
12.5 6.9
12.5 6.57
12.5 6.562
12.5 6.986
12.5 6.926
12.5 6.646
12.5 7.05
12.5 7.326
12.5 6.74
12.5 6.868
12.5 6.962
12.5 7.226
12.5 6.672
12.5 7.222
12.5 6.578
12.5 7.096
12.5 7.28
12.5 6.816
12.5 6.66
12.5 7.004
12.5 7.114
12.5 6.768
12.5 6.532
12.5 7.032
12.5 6.65
12.5 6.87
12.5 7.122
12.5 6.87
12.5 7.124
12.5 7.006
12.5 6.886
12.5 6.782
12.5 6.83
12.5 6.362
12.5 6.75
12.5 7.554
12.5 6.852
12.5 6.98
12.5 6.826
12.5 7.098
12.5 7.132
12.5 6.854
12.5 7.114
12.5 7.14
12.5 7.138
12.5 7.346
12.5 6.618
12.5 7.052
12.5 7.042
12.5 7.148
12.5 6.78
12.5 6.804
12.5 6.674
13.0 6.55
13.0 6.806
13.0 6.93
13.0 6.558
13.0 6.92
13.0 6.718
13.0 6.812
13.0 7.454
13.0 7.394
13.0 7.374
13.0 7.558
13.0 7.01
13.0 7.248
13.0 6.456
13.0 6.662
13.0 6.92
13.0 6.986
13.0 6.678
13.0 7.144
13.0 6.846
13.0 7.182
13.0 7.006
13.0 6.77
13.0 6.844
13.0 7.074
13.0 6.79
13.0 7.122
13.0 7.116
13.0 6.714
13.0 6.86
13.0 6.748
13.0 7.554
13.0 6.618
13.0 7.292
13.0 7.022
13.0 7.376
13.0 6.888
100
11.5 3.862
12.0 6.314
12.0 6.8
12.0 6.812
12.0 6.598
12.0 6.366
12.0 6.638
12.0 6.688
12.5 6.618
12.5 6.892
12.5 6.676
12.5 6.572
12.5 7.22
12.5 7.504
12.5 6.878
12.5 7.18
12.5 6.772
12.5 7.026
12.5 6.92
12.5 6.642
12.5 6.892
12.5 7.282
12.5 7.02
13.0 6.65
13.0 6.728
13.0 6.748
13.0 6.918
13.0 7.15
13.0 6.898
13.0 6.956
13.0 6.772
13.0 6.756
13.0 7.072
13.0 7.006
13.0 7.032
13.0 6.88
13.0 6.944
13.0 6.928
13.0 6.586
13.0 7.374
13.0 7.272
13.0 7.082
13.0 6.978
13.0 7.248
13.0 6.978
13.0 7.132
13.0 6.846
13.0 7.054
13.0 6.89
13.0 7.178
13.0 6.474
13.0 6.882
13.0 6.828
13.0 6.638
13.0 6.692
13.0 6.82
13.0 6.298
13.0 6.144
13.0 6.95
13.0 6.586
13.0 7.144
13.0 6.578
13.0 6.778
13.0 7.006
13.0 7.104
13.0 6.782
13.0 7.168
13.0 7.028
13.0 6.694
13.0 7.296
13.0 7.004
13.0 6.876
13.0 6.882
13.0 6.996
13.0 6.914
13.5 7.13
13.5 7.24
13.5 7.194
13.5 7.756
13.5 7.004
13.5 7.186
13.5 6.79
13.5 7.062
13.5 7.108
13.5 6.85
13.5 7.298
13.5 6.978
13.5 6.976
13.5 6.64
13.5 6.84
13.5 6.66
13.5 7.154
13.5 6.812
13.5 6.522
13.5 6.858
13.5 6.598
13.5 6.954
13.5 6.822
13.5 6.86
13.5 7.356
100
12.0 4.326
12.0 6.454
12.0 6.896
12.5 6.842
12.5 6.826
12.5 6.626
12.5 6.716
12.5 6.702
12.5 6.928
12.5 6.954
12.5 6.688
12.5 7.082
12.5 6.524
12.5 7.164
12.5 6.802
12.5 6.89
12.5 7.012
12.5 6.882
12.5 7.168
12.5 6.852
12.5 7.034
12.5 7.108
12.5 7.238
12.5 6.8
12.5 6.482
12.5 6.918
12.5 7.09
12.5 7.072
12.5 6.852
12.5 6.846
12.5 7.362
12.5 7.09
13.5 7.004
13.5 7.014
13.5 7.248
13.5 6.948
13.5 7.422
13.5 6.912
13.5 7.014
13.5 7.124
13.5 7.048
13.5 7.164
13.5 6.846
13.5 6.882
13.5 7.01
13.5 6.534
13.5 7.23
13.5 6.986
13.5 6.566
13.5 7.034
13.5 7.034
13.5 6.828
13.5 6.908
13.5 7.342
13.5 7.014
13.5 7.124
13.5 6.91
13.5 6.43
13.5 6.484
13.5 7.096
13.5 7.278
13.5 7.238
13.5 7.118
13.5 6.964
13.5 6.66
13.5 7.006
13.5 7.056
13.5 6.836
13.5 6.798
13.5 6.784
13.5 6.786
13.5 6.792
13.5 7.146
13.5 7.048
13.5 7.042
13.5 6.924
13.5 6.51
13.5 7.216
13.5 7.094
13.5 7.03
13.5 6.428
13.5 7.02
13.5 6.852
13.5 7.302
13.5 6.756
13.5 6.73
13.5 6.946
13.5 7.19
13.5 7.064
13.5 6.65
13.5 7.388
13.5 6.894
13.5 6.638
13.5 6.786
13.5 7.28
13.5 6.894
13.5 7.198
13.5 6.622
13.5 7.186
13.5 6.92
100
11.5 3.388
12.0 6.262
12.0 6.584
12.0 6.466
12.0 6.676
12.0 6.634
12.0 6.532
12.0 7.03
12.0 6.8
12.5 7.086
12.5 6.876
12.5 7.202
12.5 6.78
12.5 7.096
12.5 6.958
12.5 7.3
12.5 6.76
12.5 7.006
12.5 6.842
12.5 7.066
12.5 7.024
12.5 7.054
12.5 7.144
12.5 6.76
12.5 6.68
12.5 6.584
12.5 6.742
12.5 7.266
12.5 6.986
12.5 6.644
12.5 7.138
12.5 7.15
12.5 7.31
13.0 7.044
13.0 6.998
13.0 6.95
13.0 7.004
13.0 7.122
13.0 6.462
13.0 6.75
13.0 7.2
13.0 7.246
13.0 6.526
13.0 6.926
13.0 6.818
13.0 6.848
13.0 6.964
13.0 7.012
13.0 7.196
13.0 7.006
13.0 6.952
13.0 6.708
13.0 7.31
13.0 6.97
13.0 6.802
13.0 6.976
13.0 6.684
13.0 6.852
13.0 7.008
13.0 7.198
13.0 7.018
13.0 7.28
13.0 7.16
13.0 7.402
13.0 6.964
13.0 6.964
13.0 6.78
13.0 6.88
13.0 7.106
13.0 7.354
13.0 7.068
13.0 6.694
13.0 7.07
13.0 6.676
13.0 6.624
13.0 6.54
13.0 6.872
13.0 6.904
13.0 6.816
13.0 7.132
13.0 7.1
13.0 7.11
13.0 6.792
13.0 6.93
13.0 6.97
13.0 7.09
13.0 7.398
13.0 6.586
13.0 6.988
13.0 6.932
13.0 7.42
13.0 7.46
13.0 6.894
13.0 7.186
13.0 7.368
13.0 6.914
13.0 7.24
13.0 7.37
13.0 6.92
13.0 6.88
100
11.0 3.698
11.5 6.278
11.5 6.536
12.5 6.612
12.5 6.826
12.5 6.42
13.0 6.456
13.0 6.28
13.0 6.696
13.0 6.562
13.0 6.876
13.0 6.894
13.0 6.836
13.0 6.676
13.0 6.474
13.0 6.284
13.0 6.588
13.0 6.686
13.0 6.294
13.0 6.626
13.0 7.31
13.0 7.25
13.0 6.79
13.0 6.792
13.0 6.972
13.0 6.87
13.0 6.74
13.0 6.822
13.0 6.736
13.0 6.964
13.0 6.694
13.0 6.978
13.0 6.506
13.0 6.384
13.0 6.712
13.0 7.094
13.0 7.04
13.0 7.17
13.0 6.68
13.0 6.924
13.0 7.1
13.0 6.664
13.0 6.798
13.0 6.832
13.0 7.066
13.0 7.168
13.0 7.298
13.0 6.866
13.0 6.906
13.0 6.96
13.0 7.116
13.0 6.98
13.0 7.158
13.0 7.328
13.0 7.452
13.0 7.01
13.0 7.142
13.0 7.122
13.0 6.728
13.0 7.076
13.0 7.166
13.0 7.03
13.0 6.848
13.0 6.878
13.0 6.87
13.0 6.69
13.0 6.932
13.0 7.216
13.0 6.978
13.0 6.778
13.0 7.188
13.0 6.876
13.0 6.96
13.0 6.556
13.0 7.208
13.0 6.884
13.0 7.204
13.0 7.098
13.0 7.156
13.0 7.302
13.0 7.184
13.0 6.72
13.0 7.138
13.0 7.028
13.0 7.0
13.0 7.006
13.0 7.136
13.0 7.102
13.0 7.182
13.0 7.398
13.0 6.696
13.0 6.826
13.0 6.786
13.0 7.246
13.0 6.452
13.0 7.07
13.0 6.798
13.0 6.838
13.0 6.808
13.0 6.658
100
11.0 3.296
11.0 6.638
11.0 6.306
11.5 6.368
11.5 6.964
11.5 6.64
12.5 6.938
12.5 7.17
12.5 6.53
12.5 6.9
12.5 6.722
12.5 6.824
12.5 7.026
12.5 6.71
12.5 7.25
12.5 6.634
12.5 6.696
12.5 6.904
12.5 6.806
12.5 7.038
12.5 7.174
12.5 6.82
12.5 6.982
12.5 6.958
12.5 6.97
12.5 6.646
12.5 6.746
13.0 7.086
13.0 6.908
13.0 6.666
13.0 6.772
13.0 6.676
13.0 6.978
13.0 6.58
13.0 6.602
13.0 6.782
13.0 6.868
13.0 6.888
13.0 7.168
13.0 7.434
13.0 7.078
13.0 7.014
13.0 7.158
13.0 7.01
13.0 7.234
13.0 6.39
13.0 7.3
13.0 6.218
13.0 6.79
13.0 7.234
13.0 7.116
13.0 6.88
13.0 7.48
13.0 7.126
13.0 6.974
13.0 6.724
13.0 7.094
13.0 6.57
13.0 6.758
13.0 6.948
13.0 6.272
13.0 7.154
13.0 6.944
13.0 6.92
13.0 7.054
13.0 7.056
13.0 7.1
13.0 7.174
13.0 6.996
13.0 7.148
13.0 6.774
13.0 6.868
13.0 6.972
13.0 6.998
13.0 6.79
13.0 6.768
13.0 7.042
13.0 6.75
13.0 6.724
13.0 7.058
13.0 7.092
13.0 7.03
13.0 7.204
13.0 6.69
13.0 6.822
13.0 6.822
13.0 6.72
13.0 6.724
13.0 7.108
13.0 7.008
13.0 7.062
13.0 7.274
13.0 7.136
13.0 7.232
13.0 6.862
13.0 6.94
13.0 6.654
13.0 7.31
13.0 6.662
13.0 6.902

Individual: [1, 2, 3, 6, 7, 14, 16, 17, 19, 20]
   Fitness: 13.0
     Total: 10
Violations: 2 2

Individual: [1, 2, 3, 6, 7, 14, 15, 18, 19, 20]
   Fitness: 13.0
     Total: 10
Violations: 2 2

Individual: [1, 2, 4, 5, 11, 13, 14, 16, 19, 20]
   Fitness: 13.0
     Total: 10
Violations: 2 2

Individual: [1, 2, 5, 6, 7, 14, 16, 17, 19, 20]
   Fitness: 13.0
     Total: 10
Violations: 2 2

Individual: [1, 2, 3, 6, 7, 8, 16, 17, 19, 20]
   Fitness: 13.0
     Total: 10
Violations: 2 2

Individual: [1, 3, 6, 7, 12, 14, 15, 19, 20]
   Fitness: 13.5
     Total: 9
Violations: 0 0

Individual: [1, 3, 6, 7, 12, 14, 15, 19, 20]
   Fitness: 13.5
     Total: 9
Violations: 0 0

Individual: [1, 2, 5, 7, 8, 10, 16, 17, 19, 20]
   Fitness: 13.0
     Total: 10
Violations: 2 2

Individual: [1, 2, 3, 6, 7, 8, 16, 17, 19, 20]
   Fitness: 13.0
     Total: 10
Violations: 2 2

Individual: [1, 2, 3, 6, 7, 14, 15, 16, 19, 20]
   Fitness: 13.0
     Total: 10
Violations: 2 2
