10
100
10.5 2.772
12.5 6.96
12.5 7.974
12.5 8.192
12.5 8.436
12.5 8.464
12.5 8.718
13.0 9.032
13.0 8.784
13.0 9.18
13.0 9.328
13.0 9.274
13.0 9.546
13.0 9.532
13.0 9.482
13.5 9.2
13.5 9.708
13.5 9.642
13.5 9.564
13.5 9.762
13.5 9.776
13.5 9.63
13.5 9.698
13.5 9.79
13.5 9.616
13.5 9.566
13.5 9.496
13.5 9.206
13.5 9.454
13.5 9.598
13.5 9.694
13.5 9.574
13.5 9.364
13.5 9.464
13.5 9.658
13.5 9.958
13.5 9.642
13.5 9.538
13.5 9.538
13.5 9.534
13.5 9.652
13.5 9.402
13.5 9.684
13.5 9.716
13.5 9.446
13.5 9.644
13.5 9.654
13.5 9.454
13.5 9.388
13.5 9.806
13.5 9.566
13.5 9.452
13.5 9.514
13.5 9.602
13.5 9.438
13.5 9.862
13.5 9.754
13.5 9.772
13.5 9.644
13.5 9.88
13.5 9.726
13.5 9.894
13.5 9.67
13.5 9.658
13.5 9.808
13.5 9.748
13.5 9.934
13.5 9.712
13.5 9.54
13.5 9.732
13.5 9.81
13.5 9.25
13.5 9.804
13.5 9.826
13.5 9.844
13.5 9.74
13.5 9.684
13.5 9.784
13.5 9.592
13.5 10.026
13.5 9.566
13.5 9.788
13.5 9.804
13.5 9.466
13.5 9.65
13.5 9.634
13.5 9.682
13.5 9.682
13.5 9.804
13.5 9.8
13.5 9.846
13.5 9.642
13.5 9.87
13.5 9.77
13.5 9.662
13.5 9.882
13.5 9.734
13.5 9.42
13.5 9.554
13.5 9.458
100
12.0 4.548
12.5 7.43
12.5 7.986
13.0 8.384
13.0 8.524
13.0 8.35
13.0 8.682
13.0 9.136
13.0 9.4
13.0 9.212
13.0 9.43
13.0 9.226
13.0 9.162
13.0 9.39
13.0 9.478
13.0 9.164
13.0 9.32
13.0 9.282
13.0 9.638
13.0 9.32
13.0 9.126
13.0 9.522
13.0 9.256
13.0 9.458
13.0 9.364
13.0 9.324
13.0 9.17
13.0 9.548
13.0 9.0
13.0 9.118
13.0 9.402
13.0 9.266
13.0 9.444
13.0 9.434
13.0 9.184
13.0 9.242
13.0 9.57
13.0 9.466
13.0 9.502
13.0 9.258
13.0 9.452
13.0 9.196
13.0 9.632
13.0 9.306
13.0 9.332
13.0 9.626
13.0 9.294
13.0 9.418
13.0 9.222
13.0 9.494
13.0 9.38
13.0 9.166
13.0 9.248
13.0 9.296
13.0 9.476
13.0 9.468
13.0 9.606
13.0 9.288
13.0 9.398
13.0 9.35
13.0 8.962
13.0 9.254
13.0 9.178
13.0 9.016
13.0 9.064
13.0 9.368
13.0 9.37
13.0 8.97
13.0 9.154
13.0 9.246
13.0 9.394
13.0 9.114
13.0 9.228
13.0 9.456
13.0 9.394
13.0 9.532
13.0 9.398
13.0 9.672
13.0 9.3
13.0 9.598
13.0 9.52
13.0 9.444
13.0 9.216
13.0 9.186
13.0 9.436
13.0 9.36
13.0 9.392
13.0 9.436
13.0 9.428
13.0 9.198
13.0 9.262
13.0 9.526
13.0 9.494
13.0 9.584
13.0 9.372
13.0 9.512
13.0 9.454
13.0 9.392
13.0 9.516
13.0 9.35
100
11.5 4.146
11.5 7.366
12.5 8.042
12.5 7.936
13.0 8.56
13.0 8.728
13.0 8.856
13.0 8.606
13.0 8.83
13.0 9.012
13.0 9.146
13.0 9.19
13.0 9.062
13.0 9.15
13.0 9.314
13.0 9.394
13.0 9.474
13.0 9.496
13.0 9.6
13.0 9.196
13.0 9.346
13.0 9.508
13.0 9.324
13.0 9.246
13.0 9.082
13.0 9.674
13.0 9.436
13.0 9.23
13.0 9.548
13.0 9.622
13.0 9.6
13.0 9.396
13.0 9.316
13.0 9.254
13.0 8.894
13.0 9.03
13.0 9.328
13.0 9.262
13.0 8.902
13.0 9.054
13.0 9.468
13.0 9.582
13.0 9.29
13.0 9.17
13.0 9.506
13.0 9.54
13.0 9.308
13.0 9.508
13.0 9.49
13.0 9.402
13.0 9.266
13.0 9.438
13.0 9.43
13.5 9.51
13.5 9.626
13.5 9.48
13.5 9.53
13.5 9.676
13.5 9.258
13.5 9.26
13.5 9.0
13.5 9.344
13.5 9.622
13.5 9.498
13.5 9.298
13.5 9.544
13.5 9.558
13.5 9.538
13.5 9.752
13.5 9.464
13.5 9.482
13.5 9.73
13.5 9.37
13.5 9.636
13.5 9.75
13.5 9.752
13.5 9.658
13.5 9.506
13.5 9.482
13.5 9.378
13.5 9.396
13.5 9.668
13.5 9.562
13.5 9.764
13.5 9.514
13.5 9.606
13.5 9.494
13.5 9.332
13.5 9.312
13.5 9.482
13.5 9.43
13.5 9.638
13.5 9.684
13.5 9.756
13.5 9.594
13.5 9.79
13.5 9.738
13.5 9.73
13.5 9.566
13.5 9.584
100
11.0 3.434
12.0 7.352
12.0 8.042
12.5 8.508
12.5 8.618
12.5 8.876
12.5 9.004
13.0 9.158
13.0 8.962
13.0 9.224
13.0 9.306
13.5 9.342
13.5 9.4
13.5 9.464
13.5 9.588
13.5 9.624
13.5 9.358
13.5 9.338
13.5 9.362
13.5 9.342
13.5 9.05
13.5 9.326
13.5 9.32
13.5 9.684
13.5 9.528
13.5 9.568
13.5 9.31
13.5 9.578
13.5 9.338
13.5 9.38
13.5 9.37
13.5 9.612
13.5 9.554
13.5 9.516
13.5 9.112
13.5 9.22
13.5 9.276
13.5 9.408
13.5 9.454
13.5 9.33
13.5 9.098
13.5 9.426
13.5 9.564
13.5 9.608
13.5 9.482
13.5 9.386
13.5 9.624
13.5 9.68
13.5 9.434
13.5 9.434
13.5 9.358
13.5 9.358
13.5 9.38
13.5 9.534
13.5 9.526
13.5 9.588
13.5 9.88
13.5 9.292
13.5 9.606
13.5 9.738
13.5 9.394
13.5 9.71
13.5 9.498
13.5 9.278
13.5 9.452
13.5 9.684
13.5 9.564
13.5 9.704
13.5 9.468
13.5 9.632
13.5 9.464
13.5 9.642
13.5 9.338
13.5 9.202
13.5 9.458
13.5 9.548
13.5 9.634
13.5 9.72
13.5 9.14
13.5 9.312
13.5 9.556
13.5 9.638
13.5 9.55
13.5 9.482
13.5 9.12
13.5 9.354
13.5 9.496
13.5 9.8
13.5 9.66
13.5 9.652
13.5 9.682
13.5 9.622
13.5 9.572
13.5 9.494
13.5 9.746
13.5 9.684
13.5 9.424
13.5 9.606
13.5 9.186
13.5 9.352
100
11.0 3.75
12.0 7.532
12.0 7.812
12.0 8.028
12.5 8.338
12.5 8.566
12.5 8.656
13.0 8.818
13.0 8.836
13.0 9.128
13.0 9.43
13.0 9.178
13.0 9.266
13.0 9.296
13.0 9.356
13.0 9.304
13.0 9.158
13.0 9.228
13.0 9.576
13.0 9.156
13.0 9.454
13.0 9.352
13.0 9.144
13.0 8.916
13.0 9.416
13.0 9.328
13.0 9.394
13.0 9.256
13.0 9.004
13.0 9.508
13.0 9.166
13.0 9.128
13.0 9.39
13.0 9.728
13.0 9.366
13.0 9.648
13.0 9.432
13.0 9.56
13.0 9.474
13.0 9.494
13.0 9.332
13.0 9.406
13.0 9.348
13.0 9.186
13.0 9.506
13.0 9.418
13.0 9.422
13.0 9.344
13.0 9.36
13.0 9.26
13.0 9.422
13.0 9.612
13.0 9.206
13.0 9.482
13.0 9.316
13.0 9.442
13.0 9.58
13.0 9.534
13.0 9.364
13.0 9.662
13.0 9.586
13.0 9.324
13.0 9.446
13.5 9.562
13.5 9.452
13.5 9.58
13.5 9.396
13.5 9.522
13.5 9.402
13.5 9.442
13.5 9.416
13.5 9.006
13.5 9.346
13.5 9.292
13.5 9.2
13.5 9.278
13.5 9.218
13.5 9.474
13.5 9.618
13.5 9.756
13.5 9.64
13.5 9.54
13.5 9.75
13.5 9.824
13.5 9.674
13.5 9.762
13.5 9.644
13.5 9.244
13.5 9.482
13.5 9.702
13.5 9.784
13.5 9.702
13.5 9.864
13.5 9.964
13.5 9.776
13.5 9.696
13.5 9.566
13.5 9.324
13.5 9.508
13.5 9.5
100
10.0 3.626
12.0 7.168
12.0 7.886
12.5 8.48
12.5 8.794
12.5 8.822
13.0 8.832
13.0 9.172
13.0 8.92
13.0 9.266
13.0 9.218
13.0 9.118
13.0 9.004
13.0 9.324
13.0 9.272
13.0 9.218
13.0 9.016
13.0 9.048
13.0 9.466
13.0 9.332
13.0 9.244
13.0 9.154
13.0 9.366
13.0 9.126
13.0 9.046
13.0 9.454
13.0 9.272
13.0 9.188
13.0 9.132
13.0 9.138
13.0 9.038
13.0 8.966
13.0 8.978
13.0 9.174
13.0 9.304
13.0 9.384
13.0 9.118
13.0 9.234
13.0 8.894
13.0 9.108
13.0 9.17
13.0 9.446
13.0 9.518
13.0 9.328
13.0 9.43
13.0 9.31
13.0 9.374
13.0 9.266
13.0 9.658
13.0 9.396
13.0 9.264
13.0 9.26
13.0 9.436
13.0 9.406
13.0 9.274
13.0 9.25
13.0 8.85
13.0 8.866
13.0 9.238
13.0 9.03
13.0 9.122
13.0 9.534
13.0 9.368
13.0 8.896
13.0 9.484
13.0 9.396
13.0 9.278
13.0 9.568
13.0 9.444
13.0 9.388
13.0 9.262
13.0 9.284
13.0 9.504
13.0 9.252
13.0 9.184
13.0 9.286
13.0 9.216
13.0 9.154
13.0 8.918
13.0 9.366
13.0 9.258
13.0 9.284
13.0 9.17
13.0 9.134
13.0 9.658
13.0 9.34
13.0 9.258
13.0 9.464
13.0 9.334
13.0 9.284
13.0 9.084
13.0 9.132
13.0 9.0
13.0 9.14
13.0 9.186
13.0 9.336
13.0 9.322
13.0 9.0
13.0 9.046
13.0 8.912
100
11.5 3.694
11.5 6.916
12.0 7.804
12.0 8.078
12.5 8.586
12.5 8.408
12.5 8.676
12.5 8.784
13.0 8.688
13.0 8.668
13.0 8.49
13.0 8.784
13.0 8.822
13.0 8.842
13.0 9.092
13.0 9.122
13.0 8.832
13.0 9.158
13.0 8.878
13.0 8.844
13.0 8.992
13.0 9.556
13.0 9.264
13.0 9.384
13.0 9.268
13.0 9.208
13.0 9.234
13.0 9.104
13.0 9.026
13.0 8.904
13.0 8.922
13.0 8.976
13.0 8.832
13.0 8.808
13.0 8.982
13.0 9.054
13.0 9.208
13.0 9.26
13.0 9.234
13.0 8.992
13.0 8.936
13.0 9.516
13.0 8.988
13.0 9.098
13.0 8.832
13.0 9.308
13.0 9.082
13.0 8.886
13.0 9.248
13.0 9.05
13.0 9.17
13.0 9.202
13.0 9.212
13.0 9.134
13.0 9.002
13.0 8.742
13.0 9.088
13.0 9.278
13.0 9.008
13.0 9.246
13.0 9.188
13.0 8.88
13.0 9.088
13.0 9.026
13.0 9.01
13.0 9.398
13.0 9.322
13.0 9.022
13.0 8.75
13.0 9.012
13.0 9.104
13.0 8.898
13.0 8.946
13.0 8.876
13.0 8.87
13.0 8.956
13.0 9.008
13.0 8.894
13.0 9.132
13.0 9.16
13.0 9.032
13.0 8.84
13.0 8.68
13.0 8.964
13.0 9.048
13.0 9.27
13.0 9.036
13.0 8.542
13.0 8.746
13.0 9.288
13.0 8.906
13.0 9.114
13.0 9.1
13.0 8.696
13.0 8.884
13.0 9.0
13.0 9.04
13.0 9.092
13.0 9.07
13.0 9.032
100
11.5 3.834
11.5 7.34
12.0 7.992
12.5 8.502
13.0 8.468
13.0 8.886
13.0 9.12
13.0 9.256
13.0 8.912
13.0 9.128
13.0 9.242
13.0 9.366
13.0 9.344
13.0 9.32
13.0 9.58
13.0 9.422
13.0 9.672
13.0 9.472
13.0 9.496
13.0 9.468
13.0 9.41
13.0 9.53
13.0 9.758
13.0 9.342
13.0 9.444
13.0 9.578
13.0 9.656
13.0 9.232
13.0 9.294
13.0 9.102
13.0 9.006
13.0 9.434
13.0 9.414
13.0 9.446
13.0 9.506
13.0 9.55
13.0 9.604
13.0 9.512
13.0 9.302
13.0 9.474
13.0 9.56
13.0 9.378
13.0 9.13
13.0 9.32
13.0 9.67
13.0 9.814
13.0 9.55
13.0 9.514
13.0 9.188
13.0 9.434
13.0 9.498
13.0 9.254
13.0 9.238
13.0 9.328
13.0 9.654
13.0 9.384
13.0 9.53
13.0 9.448
13.0 9.68
13.0 9.308
13.0 9.392
13.0 9.31
13.0 9.578
13.0 9.46
13.0 9.276
13.0 9.772
13.0 9.75
13.0 9.498
13.0 9.648
13.0 9.998
13.0 9.752
13.0 9.316
13.0 9.58
13.0 9.166
13.0 9.37
13.0 9.122
13.0 9.444
13.0 9.502
13.0 9.554
13.0 9.204
13.0 9.616
13.0 9.116
13.0 9.838
13.0 9.51
13.0 9.532
13.0 9.666
13.0 9.618
13.0 9.544
13.0 9.472
13.0 9.518
13.0 9.552
13.0 9.326
13.0 9.54
13.0 9.506
13.0 9.366
13.0 9.222
13.0 9.34
13.0 9.78
13.0 9.6
13.0 9.37
100
11.0 3.606
11.5 7.374
12.5 7.914
12.5 8.446
12.5 8.592
13.0 8.816
13.0 9.2
13.0 9.198
13.0 9.404
13.0 9.404
13.0 9.112
13.0 9.044
13.0 9.602
13.0 9.376
13.0 9.56
13.0 9.426
13.0 9.522
13.5 9.506
13.5 9.552
13.5 9.47
13.5 9.238
13.5 9.164
13.5 9.24
13.5 9.44
13.5 9.108
13.5 9.39
13.5 9.054
13.5 9.336
13.5 9.438
13.5 9.314
13.5 9.576
13.5 9.166
13.5 9.764
13.5 9.864
13.5 9.664
13.5 9.578
13.5 9.528
13.5 9.422
13.5 9.546
13.5 9.668
13.5 9.62
13.5 9.5
13.5 9.61
13.5 9.308
13.5 9.388
13.5 9.322
13.5 9.562
13.5 9.378
13.5 9.658
13.5 9.442
13.5 9.966
13.5 9.982
13.5 9.716
13.5 9.544
13.5 9.256
13.5 9.434
13.5 9.614
13.5 9.39
13.5 9.758
13.5 9.702
13.5 9.618
13.5 9.706
13.5 9.486
13.5 9.434
13.5 9.62
13.5 9.604
13.5 9.78
13.5 9.668
13.5 9.994
13.5 9.708
13.5 9.688
13.5 9.606
13.5 9.686
13.5 9.398
13.5 9.24
13.5 9.44
13.5 9.456
13.5 9.508
13.5 9.36
13.5 9.594
13.5 9.448
13.5 9.348
13.5 9.502
13.5 9.56
13.5 9.274
13.5 9.36
13.5 9.622
13.5 9.664
13.5 9.824
13.5 9.64
13.5 9.92
13.5 9.73
13.5 9.708
13.5 9.884
13.5 9.24
13.5 9.578
13.5 9.606
13.5 9.708
13.5 9.472
13.5 9.68
100
12.0 3.754
12.0 7.008
12.5 7.944
12.5 8.368
13.0 8.47
13.0 8.57
13.0 9.092
13.0 8.986
13.0 9.084
13.0 9.282
13.0 9.226
13.0 9.234
13.0 9.302
13.5 9.012
13.5 9.536
13.5 9.394
13.5 9.276
13.5 9.286
13.5 9.63
13.5 9.424
13.5 9.414
13.5 9.558
13.5 9.376
13.5 9.268
13.5 9.484
13.5 9.362
13.5 9.678
13.5 9.628
13.5 9.402
13.5 9.672
13.5 9.286
13.5 9.666
13.5 9.608
13.5 9.626
13.5 9.78
13.5 9.644
13.5 9.782
13.5 9.638
13.5 9.686
13.5 9.61
13.5 9.684
13.5 9.28
13.5 9.41
13.5 9.176
13.5 9.674
13.5 9.396
13.5 9.326
13.5 9.548
13.5 9.582
13.5 9.414
13.5 9.628
13.5 9.6
13.5 9.52
13.5 9.454
13.5 9.552
13.5 9.706
13.5 9.752
13.5 9.648
13.5 9.718
13.5 9.422
13.5 9.56
13.5 9.628
13.5 9.862
13.5 9.55
13.5 9.664
13.5 9.696
13.5 9.656
13.5 9.726
13.5 9.394
13.5 10.068
13.5 10.192
13.5 9.742
13.5 9.634
13.5 9.2
13.5 9.544
13.5 9.886
13.5 9.532
13.5 9.058
13.5 9.39
13.5 9.584
13.5 9.518
13.5 9.296
13.5 9.532
13.5 9.692
13.5 9.504
13.5 9.816
13.5 9.772
13.5 9.456
13.5 9.478
13.5 9.444
13.5 9.684
13.5 9.854
13.5 9.672
13.5 9.522
13.5 9.62
13.5 9.562
13.5 9.616
13.5 9.748
13.5 9.514
13.5 9.672

Individual: [1, 3, 6, 7, 12, 14, 15, 19, 20]
   Fitness: 13.5
     Total: 9
Violations: 0 0

Individual: [1, 2, 4, 5, 11, 13, 14, 16, 19, 20]
   Fitness: 13.0
     Total: 10
Violations: 2 2

Individual: [1, 2, 6, 7, 9, 14, 15, 18, 20]
   Fitness: 13.5
     Total: 9
Violations: 0 0

Individual: [1, 2, 6, 7, 9, 14, 15, 18, 20]
   Fitness: 13.5
     Total: 9
Violations: 0 0

Individual: [1, 2, 6, 7, 9, 14, 15, 18, 20]
   Fitness: 13.5
     Total: 9
Violations: 0 0

Individual: [1, 3, 4, 6, 7, 14, 15, 17, 18, 20]
   Fitness: 13.0
     Total: 10
Violations: 2 2

Individual: [1, 2, 7, 8, 10, 11, 16, 17, 19, 20]
   Fitness: 13.0
     Total: 10
Violations: 2 2

Individual: [1, 2, 5, 6, 7, 14, 16, 17, 19, 20]
   Fitness: 13.0
     Total: 10
Violations: 2 2

Individual: [1, 3, 6, 7, 12, 14, 15, 19, 20]
   Fitness: 13.5
     Total: 9
Violations: 0 0

Individual: [1, 2, 6, 7, 9, 14, 15, 18, 20]
   Fitness: 13.5
     Total: 9
Violations: 0 0
