10
100
12.0 3.94
13.0 8.752
13.0 10.146
13.0 11.107
13.0 11.908
13.0 12.132
13.0 12.305
13.0 12.377
13.0 12.435
13.0 12.372
13.0 12.383
13.0 12.411
13.0 12.423
13.0 12.452
13.0 12.394
13.0 12.365
13.0 12.445
13.0 12.537
13.0 12.483
13.0 12.444
13.0 12.447
13.0 12.442
13.0 12.422
13.0 12.407
13.0 12.425
13.0 12.508
13.0 12.459
13.0 12.456
13.0 12.355
13.0 12.317
13.0 12.285
13.0 12.429
13.0 12.372
13.0 12.419
13.0 12.464
13.0 12.494
13.0 12.515
13.0 12.381
13.0 12.381
13.0 12.404
13.0 12.531
13.0 12.408
13.0 12.392
13.0 12.463
13.0 12.487
13.0 12.483
13.0 12.564
13.0 12.496
13.0 12.533
13.0 12.552
13.0 12.486
13.0 12.445
13.0 12.621
13.0 12.475
13.0 12.424
13.0 12.555
13.0 12.517
13.0 12.539
13.0 12.475
13.0 12.505
13.0 12.6
13.0 12.445
13.0 12.403
13.0 12.42
13.0 12.56
13.0 12.481
13.0 12.363
13.0 12.491
13.0 12.497
13.0 12.455
13.0 12.476
13.0 12.528
13.0 12.539
13.0 12.539
13.0 12.548
13.0 12.605
13.0 12.447
13.0 12.438
13.0 12.483
13.0 12.341
13.0 12.354
13.0 12.441
13.0 12.464
13.0 12.389
13.0 12.482
13.0 12.369
13.0 12.417
13.0 12.446
13.0 12.434
13.0 12.473
13.0 12.44
13.0 12.401
13.0 12.428
13.0 12.558
13.0 12.455
13.0 12.347
13.0 12.377
13.0 12.505
13.0 12.403
13.0 12.388
100
12.0 3.692
12.5 8.709
12.5 9.969
12.5 10.759
13.0 11.723
13.0 12.108
13.0 12.329
13.0 12.57
13.5 12.676
13.5 12.6
13.5 12.686
13.5 12.596
13.5 12.779
13.5 13.115
13.5 13.355
13.5 13.355
13.5 13.35
13.5 13.369
13.5 13.288
13.5 13.369
13.5 13.36
13.5 13.351
13.5 13.298
13.5 13.324
13.5 13.333
13.5 13.367
13.5 13.368
13.5 13.304
13.5 13.358
13.5 13.336
13.5 13.357
13.5 13.332
13.5 13.364
13.5 13.369
13.5 13.352
13.5 13.385
13.5 13.361
13.5 13.298
13.5 13.328
13.5 13.362
13.5 13.359
13.5 13.307
13.5 13.339
13.5 13.404
13.5 13.399
13.5 13.354
13.5 13.364
13.5 13.323
13.5 13.373
13.5 13.382
13.5 13.348
13.5 13.376
13.5 13.375
13.5 13.343
13.5 13.372
13.5 13.35
13.5 13.324
13.5 13.389
13.5 13.401
13.5 13.349
13.5 13.365
13.5 13.312
13.5 13.297
13.5 13.347
13.5 13.375
13.5 13.411
13.5 13.361
13.5 13.351
13.5 13.338
13.5 13.351
13.5 13.372
13.5 13.357
13.5 13.346
13.5 13.366
13.5 13.387
13.5 13.35
13.5 13.363
13.5 13.347
13.5 13.329
13.5 13.413
13.5 13.342
13.5 13.306
13.5 13.346
13.5 13.324
13.5 13.335
13.5 13.374
13.5 13.347
13.5 13.344
13.5 13.388
13.5 13.396
13.5 13.395
13.5 13.309
13.5 13.367
13.5 13.332
13.5 13.412
13.5 13.386
13.5 13.364
13.5 13.373
13.5 13.426
13.5 13.373
100
11.5 3.196
11.5 8.429
12.0 9.545
13.0 10.335
13.0 10.898
13.0 11.601
13.0 11.872
13.0 12.243
13.0 12.584
13.0 12.514
13.0 12.608
13.0 12.635
13.0 12.628
13.0 12.692
13.0 12.788
13.0 12.72
13.0 12.793
13.0 12.758
13.0 12.691
13.0 12.751
13.0 12.732
13.0 12.819
13.0 12.667
13.0 12.752
13.0 12.649
13.0 12.807
13.0 12.722
13.0 12.686
13.0 12.736
13.0 12.769
13.0 12.793
13.0 12.841
13.0 12.875
13.0 12.754
13.0 12.726
13.0 12.739
13.0 12.701
13.0 12.797
13.0 12.728
13.0 12.702
13.0 12.743
13.0 12.81
13.0 12.719
13.0 12.801
13.0 12.698
13.0 12.818
13.0 12.727
13.0 12.777
13.0 12.707
13.0 12.845
13.0 12.696
13.0 12.819
13.0 12.745
13.0 12.828
13.0 12.818
13.0 12.71
13.0 12.737
13.0 12.764
13.0 12.712
13.0 12.764
13.0 12.757
13.0 12.787
13.0 12.67
13.0 12.78
13.0 12.723
13.0 12.842
13.0 12.789
13.0 12.806
13.0 12.766
13.0 12.771
13.0 12.735
13.0 12.797
13.0 12.781
13.0 12.737
13.0 12.791
13.0 12.77
13.0 12.792
13.0 12.704
13.0 12.754
13.0 12.82
13.0 12.767
13.0 12.765
13.0 12.801
13.0 12.749
13.0 12.809
13.0 12.818
13.0 12.793
13.0 12.817
13.0 12.747
13.0 12.81
13.0 12.763
13.0 12.772
13.0 12.8
13.0 12.867
13.0 12.791
13.0 12.751
13.0 12.71
13.0 12.675
13.0 12.69
13.0 12.738
100
11.0 3.586
11.5 8.584
12.5 9.702
13.0 10.471
13.0 11.13
13.0 11.724
13.0 12.051
13.0 12.301
13.0 12.484
13.0 12.574
13.0 12.612
13.0 12.564
13.0 12.662
13.0 12.62
13.0 12.603
13.0 12.689
13.0 12.486
13.0 12.582
13.0 12.56
13.0 12.626
13.0 12.439
13.0 12.627
13.0 12.644
13.0 12.645
13.0 12.543
13.0 12.655
13.0 12.541
13.0 12.545
13.0 12.551
13.0 12.613
13.0 12.547
13.0 12.621
13.0 12.613
13.0 12.654
13.0 12.61
13.0 12.705
13.0 12.556
13.0 12.633
13.0 12.609
13.0 12.653
13.0 12.709
13.0 12.674
13.0 12.602
13.0 12.674
13.0 12.599
13.0 12.597
13.0 12.61
13.0 12.647
13.0 12.68
13.0 12.667
13.0 12.589
13.0 12.735
13.0 12.578
13.0 12.67
13.0 12.64
13.0 12.515
13.0 12.634
13.0 12.76
13.0 12.695
13.0 12.587
13.0 12.698
13.0 12.696
13.0 12.684
13.0 12.785
13.0 12.639
13.0 12.655
13.0 12.621
13.0 12.662
13.0 12.772
13.0 12.694
13.0 12.642
13.0 12.705
13.0 12.712
13.0 12.617
13.0 12.818
13.0 12.692
13.0 12.708
13.0 12.719
13.0 12.611
13.0 12.63
13.0 12.621
13.0 12.586
13.0 12.449
13.0 12.536
13.0 12.637
13.0 12.683
13.0 12.513
13.0 12.6
13.0 12.591
13.0 12.655
13.0 12.55
13.0 12.686
13.0 12.631
13.0 12.606
13.0 12.71
13.0 12.626
13.0 12.544
13.0 12.678
13.0 12.698
13.0 12.584
100
12.5 3.624
12.5 8.754
12.5 9.887
12.5 10.48
12.5 11.108
13.5 11.654
13.5 11.886
13.5 12.017
13.5 12.159
13.5 12.567
13.5 13.238
13.5 13.382
13.5 13.34
13.5 13.333
13.5 13.361
13.5 13.298
13.5 13.371
13.5 13.337
13.5 13.3
13.5 13.41
13.5 13.349
13.5 13.355
13.5 13.308
13.5 13.348
13.5 13.351
13.5 13.33
13.5 13.348
13.5 13.368
13.5 13.327
13.5 13.329
13.5 13.356
13.5 13.356
13.5 13.323
13.5 13.32
13.5 13.403
13.5 13.322
13.5 13.364
13.5 13.372
13.5 13.33
13.5 13.373
13.5 13.349
13.5 13.362
13.5 13.406
13.5 13.35
13.5 13.374
13.5 13.348
13.5 13.327
13.5 13.298
13.5 13.354
13.5 13.341
13.5 13.375
13.5 13.326
13.5 13.284
13.5 13.405
13.5 13.349
13.5 13.318
13.5 13.337
13.5 13.323
13.5 13.303
13.5 13.384
13.5 13.326
13.5 13.403
13.5 13.366
13.5 13.352
13.5 13.315
13.5 13.349
13.5 13.401
13.5 13.326
13.5 13.327
13.5 13.383
13.5 13.356
13.5 13.374
13.5 13.405
13.5 13.369
13.5 13.323
13.5 13.329
13.5 13.336
13.5 13.369
13.5 13.323
13.5 13.337
13.5 13.372
13.5 13.313
13.5 13.329
13.5 13.344
13.5 13.29
13.5 13.331
13.5 13.343
13.5 13.356
13.5 13.35
13.5 13.348
13.5 13.399
13.5 13.306
13.5 13.295
13.5 13.338
13.5 13.346
13.5 13.363
13.5 13.36
13.5 13.324
13.5 13.355
13.5 13.304
100
11.5 3.876
12.0 8.669
12.5 9.951
12.5 10.711
13.0 11.295
13.0 11.581
13.0 11.931
13.0 12.045
13.0 12.569
13.0 12.864
13.0 12.83
13.0 12.837
13.0 12.821
13.0 12.823
13.0 12.9
13.0 12.897
13.0 12.86
13.0 12.847
13.0 12.867
13.0 12.787
13.0 12.82
13.0 12.855
13.0 12.924
13.0 12.9
13.0 12.905
13.0 12.917
13.0 12.866
13.0 12.93
13.0 12.902
13.0 12.847
13.0 12.864
13.0 12.901
13.0 12.89
13.0 12.871
13.0 12.904
13.0 12.868
13.0 12.859
13.0 12.842
13.0 12.906
13.0 12.851
13.0 12.884
13.0 12.827
13.0 12.863
13.0 12.903
13.0 12.823
13.0 12.882
13.0 12.901
13.0 12.845
13.0 12.903
13.0 12.874
13.0 12.868
13.0 12.911
13.0 12.865
13.0 12.874
13.0 12.872
13.0 12.892
13.0 12.904
13.0 12.851
13.0 12.865
13.0 12.835
13.0 12.881
13.0 12.834
13.0 12.875
13.0 12.908
13.0 12.821
13.0 12.841
13.0 12.887
13.0 12.899
13.0 12.843
13.0 12.838
13.0 12.88
13.0 12.861
13.0 12.879
13.0 12.866
13.0 12.887
13.0 12.872
13.0 12.84
13.0 12.887
13.0 12.859
13.0 12.824
13.0 12.841
13.0 12.885
13.0 12.86
13.0 12.887
13.0 12.884
13.0 12.778
13.0 12.815
13.0 12.87
13.0 12.84
13.0 12.905
13.0 12.843
13.0 12.865
13.0 12.912
13.0 12.788
13.0 12.86
13.0 12.863
13.0 12.901
13.0 12.862
13.0 12.881
13.0 12.857
100
12.0 3.603
12.5 8.726
13.0 9.911
13.0 11.072
13.0 11.805
13.0 12.265
13.0 12.701
13.0 12.727
13.0 12.664
13.0 12.817
13.0 12.753
13.0 12.74
13.0 12.755
13.0 12.794
13.0 12.751
13.0 12.771
13.0 12.774
13.0 12.747
13.0 12.751
13.0 12.751
13.0 12.825
13.0 12.86
13.0 12.837
13.0 12.788
13.0 12.787
13.0 12.844
13.0 12.763
13.0 12.792
13.0 12.777
13.0 12.845
13.0 12.783
13.0 12.806
13.0 12.785
13.0 12.822
13.0 12.748
13.0 12.741
13.0 12.819
13.0 12.783
13.0 12.778
13.0 12.797
13.0 12.782
13.0 12.835
13.0 12.813
13.0 12.824
13.0 12.806
13.0 12.804
13.0 12.857
13.0 12.845
13.0 12.831
13.0 12.752
13.0 12.773
13.0 12.791
13.0 12.813
13.0 12.827
13.0 12.786
13.0 12.733
13.0 12.745
13.0 12.814
13.0 12.834
13.0 12.786
13.0 12.843
13.0 12.823
13.0 12.881
13.0 12.851
13.0 12.826
13.0 12.81
13.0 12.798
13.0 12.834
13.0 12.835
13.0 12.78
13.0 12.84
13.0 12.839
13.0 12.811
13.0 12.762
13.0 12.81
13.0 12.773
13.0 12.769
13.0 12.781
13.0 12.826
13.0 12.852
13.0 12.795
13.0 12.785
13.0 12.827
13.0 12.845
13.0 12.807
13.0 12.839
13.0 12.833
13.0 12.795
13.0 12.818
13.0 12.805
13.0 12.756
13.0 12.849
13.0 12.846
13.0 12.82
13.0 12.808
13.0 12.843
13.0 12.845
13.0 12.792
13.0 12.81
13.0 12.834
100
11.5 4.075
12.5 8.733
12.5 9.997
13.0 10.898
13.5 11.614
13.5 12.169
13.5 12.44
13.5 12.978
13.5 13.327
13.5 13.309
13.5 13.299
13.5 13.291
13.5 13.3
13.5 13.425
13.5 13.357
13.5 13.344
13.5 13.346
13.5 13.326
13.5 13.359
13.5 13.368
13.5 13.392
13.5 13.364
13.5 13.355
13.5 13.354
13.5 13.393
13.5 13.347
13.5 13.346
13.5 13.404
13.5 13.365
13.5 13.335
13.5 13.321
13.5 13.375
13.5 13.303
13.5 13.329
13.5 13.327
13.5 13.373
13.5 13.37
13.5 13.336
13.5 13.446
13.5 13.322
13.5 13.339
13.5 13.307
13.5 13.303
13.5 13.321
13.5 13.328
13.5 13.403
13.5 13.313
13.5 13.329
13.5 13.4
13.5 13.386
13.5 13.349
13.5 13.381
13.5 13.305
13.5 13.368
13.5 13.375
13.5 13.295
13.5 13.39
13.5 13.351
13.5 13.363
13.5 13.404
13.5 13.357
13.5 13.411
13.5 13.365
13.5 13.339
13.5 13.311
13.5 13.303
13.5 13.309
13.5 13.362
13.5 13.339
13.5 13.353
13.5 13.425
13.5 13.294
13.5 13.318
13.5 13.345
13.5 13.377
13.5 13.361
13.5 13.321
13.5 13.328
13.5 13.368
13.5 13.312
13.5 13.366
13.5 13.336
13.5 13.321
13.5 13.293
13.5 13.363
13.5 13.345
13.5 13.354
13.5 13.353
13.5 13.346
13.5 13.403
13.5 13.388
13.5 13.377
13.5 13.364
13.5 13.371
13.5 13.358
13.5 13.317
13.5 13.312
13.5 13.349
13.5 13.354
13.5 13.31
100
11.5 3.723
12.5 8.723
13.0 10.014
13.0 10.68
13.0 11.424
13.0 12.032
13.0 12.278
13.0 12.537
13.0 12.637
13.0 12.635
13.0 12.662
13.0 12.655
13.0 12.598
13.0 12.717
13.0 12.645
13.0 12.661
13.0 12.604
13.0 12.697
13.0 12.726
13.0 12.677
13.0 12.679
13.0 12.658
13.0 12.579
13.0 12.592
13.0 12.713
13.0 12.625
13.0 12.657
13.0 12.54
13.0 12.586
13.0 12.641
13.0 12.625
13.0 12.709
13.0 12.674
13.0 12.728
13.0 12.657
13.0 12.648
13.0 12.696
13.0 12.701
13.0 12.74
13.0 12.754
13.0 12.698
13.0 12.703
13.0 12.649
13.0 12.657
13.0 12.651
13.0 12.695
13.0 12.622
13.0 12.678
13.0 12.595
13.0 12.639
13.0 12.519
13.0 12.641
13.0 12.629
13.0 12.657
13.0 12.597
13.0 12.696
13.0 12.674
13.0 12.69
13.0 12.706
13.0 12.607
13.0 12.721
13.0 12.668
13.0 12.695
13.0 12.721
13.0 12.64
13.0 12.744
13.0 12.631
13.0 12.734
13.0 12.644
13.0 12.673
13.0 12.656
13.0 12.735
13.0 12.688
13.0 12.735
13.0 12.733
13.0 12.675
13.0 12.656
13.0 12.666
13.0 12.752
13.0 12.717
13.0 12.679
13.0 12.672
13.0 12.659
13.0 12.724
13.0 12.689
13.0 12.647
13.0 12.698
13.0 12.682
13.0 12.622
13.0 12.686
13.0 12.707
13.0 12.76
13.0 12.763
13.0 12.804
13.0 12.721
13.0 12.697
13.0 12.629
13.0 12.711
13.0 12.758
13.0 12.712
100
11.0 3.767
12.0 8.534
12.5 9.981
13.0 10.758
13.0 11.2
13.0 11.671
13.0 11.943
13.0 12.134
13.0 12.505
13.0 12.773
13.0 12.839
13.0 12.81
13.0 12.779
13.0 12.764
13.0 12.805
13.0 12.761
13.0 12.882
13.0 12.81
13.0 12.767
13.0 12.798
13.0 12.838
13.0 12.802
13.0 12.853
13.0 12.86
13.0 12.803
13.0 12.885
13.0 12.794
13.0 12.811
13.0 12.783
13.0 12.79
13.0 12.819
13.0 12.817
13.0 12.845
13.0 12.865
13.0 12.775
13.0 12.831
13.0 12.843
13.0 12.891
13.0 12.822
13.0 12.716
13.0 12.831
13.0 12.778
13.0 12.871
13.0 12.91
13.0 12.806
13.0 12.857
13.0 12.868
13.0 12.836
13.0 12.796
13.0 12.837
13.0 12.794
13.0 12.825
13.0 12.845
13.5 12.872
13.5 12.851
13.5 12.643
13.5 12.475
13.5 12.642
13.5 13.24
13.5 13.419
13.5 13.352
13.5 13.347
13.5 13.409
13.5 13.322
13.5 13.364
13.5 13.289
13.5 13.346
13.5 13.282
13.5 13.366
13.5 13.372
13.5 13.357
13.5 13.339
13.5 13.372
13.5 13.39
13.5 13.354
13.5 13.332
13.5 13.363
13.5 13.352
13.5 13.31
13.5 13.321
13.5 13.354
13.5 13.361
13.5 13.371
13.5 13.369
13.5 13.334
13.5 13.31
13.5 13.314
13.5 13.348
13.5 13.376
13.5 13.396
13.5 13.399
13.5 13.379
13.5 13.395
13.5 13.357
13.5 13.308
13.5 13.33
13.5 13.335
13.5 13.379
13.5 13.331
13.5 13.362

Individual: [1, 2, 5, 7, 10, 11, 14, 16, 19, 20]
   Fitness: 13.0
     Total: 10
Violations: 2 2

Individual: [1, 3, 6, 7, 12, 14, 15, 19, 20]
   Fitness: 13.5
     Total: 9
Violations: 0 0

Individual: [1, 2, 3, 6, 7, 8, 16, 17, 19, 20]
   Fitness: 13.0
     Total: 10
Violations: 2 2

Individual: [1, 2, 7, 8, 10, 11, 16, 17, 19, 20]
   Fitness: 13.0
     Total: 10
Violations: 2 2

Individual: [1, 3, 6, 7, 12, 14, 15, 19, 20]
   Fitness: 13.5
     Total: 9
Violations: 0 0

Individual: [1, 2, 4, 5, 7, 8, 16, 17, 19, 20]
   Fitness: 13.0
     Total: 10
Violations: 2 2

Individual: [1, 2, 4, 5, 8, 13, 16, 17, 19, 20]
   Fitness: 13.0
     Total: 10
Violations: 2 2

Individual: [1, 2, 6, 7, 9, 14, 15, 18, 20]
   Fitness: 13.5
     Total: 9
Violations: 0 0

Individual: [1, 2, 5, 7, 8, 10, 16, 17, 19, 20]
   Fitness: 13.0
     Total: 10
Violations: 2 2

Individual: [1, 3, 6, 7, 12, 14, 15, 19, 20]
   Fitness: 13.5
     Total: 9
Violations: 0 0
