10
500
11.5 3.728
11.5 7.229
12.0 8.252
12.0 8.822
12.5 9.374
12.5 9.81
13.0 9.876
13.0 10.343
13.0 10.386
13.0 10.702
13.0 10.688
13.0 11.229
13.0 11.036
13.0 11.63
13.0 11.447
13.0 11.868
13.0 11.977
13.0 11.933
13.0 12.19
13.0 12.112
13.0 12.331
13.0 12.379
13.0 12.074
13.0 12.429
13.0 12.21
13.0 12.094
13.0 12.169
13.0 12.325
13.0 12.048
13.0 12.283
13.0 12.165
13.0 11.956
13.0 12.086
13.0 12.318
13.0 12.233
13.0 12.241
13.0 12.434
13.0 12.258
13.0 12.213
13.0 12.335
13.0 12.04
13.0 12.423
13.0 12.056
13.0 12.387
13.0 12.403
13.0 12.186
13.0 12.14
13.0 12.276
13.0 12.182
13.0 12.332
13.0 12.166
13.0 12.116
13.0 12.252
13.0 12.266
13.0 12.31
13.0 12.266
13.0 12.317
13.0 12.265
13.0 12.18
13.0 12.2
13.0 12.158
13.0 12.195
13.0 12.259
13.0 12.045
13.0 12.5
13.0 12.245
13.0 12.127
13.0 12.204
13.0 12.209
13.0 12.517
13.0 12.168
13.0 12.155
13.0 12.092
13.0 12.094
13.0 12.326
13.0 12.439
13.0 12.359
13.0 12.031
13.0 12.258
13.0 12.373
13.0 12.385
13.0 12.353
13.0 12.205
13.0 12.399
13.0 12.057
13.0 12.299
13.0 12.108
13.0 12.258
13.0 12.138
13.0 12.255
13.0 12.228
13.0 12.328
13.0 12.29
13.0 12.341
13.0 12.164
13.0 12.278
13.0 12.339
13.0 12.266
13.0 12.295
13.0 12.426
13.0 12.212
13.0 12.267
13.0 12.315
13.0 12.385
13.0 12.447
13.0 12.495
13.0 12.354
13.0 12.408
13.0 12.254
13.0 12.034
13.0 12.26
13.0 12.278
13.0 12.379
13.0 12.343
13.0 12.289
13.0 12.373
13.0 12.47
13.0 12.212
13.0 12.38
13.0 12.426
13.0 12.146
13.0 12.343
13.0 12.306
13.0 12.127
13.0 12.511
13.0 12.486
13.0 12.316
13.0 12.383
13.0 12.162
13.0 12.339
13.0 12.215
13.0 12.05
13.0 12.205
13.0 11.877
13.0 12.242
13.0 12.194
13.0 12.199
13.0 12.26
13.0 12.283
13.0 12.263
13.0 12.263
13.0 12.286
13.0 12.178
13.0 12.395
13.0 12.147
13.0 12.151
13.0 12.242
13.0 12.433
13.0 12.236
13.0 12.36
13.0 12.085
13.0 12.113
13.0 12.214
13.0 12.257
13.0 12.328
13.0 12.278
13.0 12.323
13.0 12.403
13.0 12.329
13.0 12.219
13.0 12.245
13.0 11.96
13.0 12.244
13.0 12.223
13.0 12.355
13.0 12.347
13.0 12.372
13.0 12.283
13.0 11.946
13.0 12.087
13.0 12.18
13.0 12.356
13.0 12.179
13.0 12.322
13.0 12.158
13.0 12.098
13.0 12.32
13.0 12.084
13.0 12.128
13.0 12.439
13.0 12.262
13.0 12.204
13.0 12.331
13.0 12.228
13.0 12.303
13.0 12.272
13.0 12.225
13.0 12.12
13.0 12.327
13.0 12.259
13.0 12.355
13.0 12.307
13.0 12.299
13.0 12.323
13.0 12.352
13.0 12.361
13.0 12.176
13.0 12.236
13.0 12.249
13.0 12.197
13.0 12.22
13.0 12.369
13.0 12.181
13.0 12.396
13.0 12.391
13.0 12.286
13.0 12.261
13.0 12.155
13.0 12.408
13.0 12.103
13.0 12.401
13.0 12.362
13.0 12.14
13.0 12.092
13.0 12.263
13.0 12.495
13.0 12.237
13.0 12.122
13.0 12.138
13.0 12.458
13.0 12.021
13.0 12.335
13.0 12.174
13.0 12.019
13.0 12.312
13.0 12.242
13.0 12.318
13.0 12.352
13.0 12.282
13.0 12.011
13.0 12.203
13.0 12.008
13.0 12.321
13.0 12.148
13.0 12.348
13.0 12.295
13.0 11.917
13.0 12.491
13.0 12.315
13.0 12.227
13.0 12.282
13.0 12.181
13.0 12.144
13.0 12.261
13.0 12.091
13.0 11.936
13.0 12.441
13.0 12.342
13.0 12.317
13.0 12.326
13.0 12.125
13.0 11.869
13.0 12.0
13.0 12.222
13.0 12.375
13.0 12.246
13.0 12.228
13.0 12.311
13.0 12.231
13.0 12.062
13.0 11.965
13.0 12.355
13.0 12.375
13.0 12.222
13.0 12.189
13.0 12.198
13.0 12.117
13.0 12.307
13.0 12.24
13.0 12.27
13.0 12.147
13.0 12.261
13.0 12.021
13.0 12.353
13.0 12.282
13.0 12.054
13.0 12.137
13.0 12.219
13.0 12.181
13.0 12.124
13.0 12.195
13.0 12.078
13.0 11.895
13.0 12.198
13.0 12.113
13.0 12.075
13.0 12.122
13.0 12.133
13.0 12.012
13.0 12.344
13.0 12.344
13.0 12.194
13.0 12.391
13.0 12.333
13.0 12.279
13.0 12.285
13.0 12.318
13.0 12.075
13.0 12.024
13.0 12.026
13.0 12.15
13.0 12.239
13.0 12.257
13.0 12.133
13.0 12.207
13.0 12.353
13.0 11.999
13.0 12.334
13.0 12.127
13.0 12.245
13.0 12.168
13.0 12.206
13.0 12.29
13.0 12.094
13.0 12.507
13.0 12.439
13.0 12.092
13.0 12.229
13.0 12.329
13.0 12.302
13.0 12.378
13.0 12.354
13.0 12.404
13.0 12.128
13.0 12.19
13.0 12.424
13.0 12.261
13.0 12.251
13.0 12.139
13.0 12.292
13.0 12.432
13.0 12.26
13.0 12.232
13.0 12.298
13.0 12.317
13.0 12.238
13.0 12.125
13.0 11.976
13.0 12.021
13.0 12.327
13.0 12.235
13.0 11.946
13.0 12.404
13.0 12.146
13.0 12.102
13.0 12.332
13.0 12.472
13.0 12.467
13.0 12.253
13.0 12.321
13.0 12.207
13.0 12.227
13.0 12.223
13.0 12.329
13.0 12.197
13.0 12.278
13.0 12.334
13.0 12.292
13.0 12.251
13.0 12.239
13.0 12.522
13.0 12.314
13.0 12.341
13.0 12.425
13.0 12.544
13.0 12.348
13.0 12.082
13.0 12.336
13.0 12.203
13.0 12.307
13.0 12.333
13.0 12.269
13.0 12.481
13.0 12.398
13.0 12.485
13.0 12.234
13.0 12.391
13.0 12.379
13.0 12.01
13.0 11.933
13.0 12.296
13.0 12.235
13.0 12.343
13.0 11.997
13.0 12.181
13.0 12.302
13.0 11.976
13.0 11.991
13.0 12.309
13.0 12.137
13.0 12.381
13.0 12.049
13.0 11.887
13.0 12.156
13.0 12.049
13.0 12.428
13.0 12.319
13.0 12.116
13.0 12.03
13.0 12.361
13.0 12.162
13.0 12.046
13.0 12.156
13.0 12.297
13.0 12.127
13.0 12.166
13.0 12.167
13.0 12.473
13.0 12.131
13.0 12.454
13.0 12.259
13.0 12.345
13.0 12.449
13.0 12.089
13.0 12.209
13.0 12.104
13.0 12.466
13.0 11.913
13.0 12.117
13.0 12.326
13.0 12.155
13.0 12.384
13.0 12.29
13.0 12.14
13.0 12.379
13.0 12.163
13.0 12.182
13.0 12.402
13.0 12.22
13.0 12.246
13.0 12.365
13.0 12.317
13.0 12.238
13.0 11.948
13.0 12.114
13.0 11.963
13.0 12.192
13.0 12.091
13.0 11.952
13.0 11.99
13.0 12.128
13.0 12.308
13.0 12.246
13.0 12.323
13.0 12.316
13.0 12.325
13.0 12.394
13.0 12.432
13.0 12.26
13.0 12.274
13.0 12.397
13.0 12.322
13.0 12.471
13.0 12.281
13.0 12.078
13.0 12.072
13.0 12.428
13.0 12.249
13.0 12.34
13.0 12.153
13.0 12.339
13.0 12.138
13.0 12.259
13.0 12.189
13.0 12.037
13.0 12.31
13.0 12.129
13.0 12.178
13.0 12.036
13.0 12.112
13.0 12.263
13.0 12.325
13.0 12.35
13.0 12.365
13.0 12.302
13.0 12.369
13.0 12.061
13.0 12.326
13.0 12.345
13.0 12.269
13.0 12.463
13.0 12.201
13.0 12.393
13.0 12.344
13.0 12.109
13.0 11.993
13.0 12.243
13.0 12.446
13.0 12.333
13.0 12.233
13.0 12.267
13.0 12.316
13.0 12.319
13.0 12.124
13.0 12.27
13.0 12.266
13.0 11.775
13.0 12.108
13.0 12.113
13.0 12.283
500
12.0 3.89
12.0 7.532
12.0 8.673
12.5 8.882
12.5 9.509
12.5 9.732
13.0 10.174
13.0 10.456
13.0 10.825
13.0 10.827
13.0 11.267
13.0 11.525
13.0 11.463
13.5 11.629
13.5 11.626
13.5 11.534
13.5 11.39
13.5 11.683
13.5 11.536
13.5 11.772
13.5 12.043
13.5 11.709
13.5 12.305
13.5 12.173
13.5 12.262
13.5 12.576
13.5 12.83
13.5 12.661
13.5 12.754
13.5 12.907
13.5 12.831
13.5 12.843
13.5 12.83
13.5 12.752
13.5 12.959
13.5 12.804
13.5 12.737
13.5 12.895
13.5 12.719
13.5 12.707
13.5 12.886
13.5 12.913
13.5 12.775
13.5 12.889
13.5 12.927
13.5 12.755
13.5 12.732
13.5 12.862
13.5 12.788
13.5 12.779
13.5 12.75
13.5 12.881
13.5 12.783
13.5 12.719
13.5 12.833
13.5 12.744
13.5 12.665
13.5 12.714
13.5 12.742
13.5 12.829
13.5 12.804
13.5 12.649
13.5 12.953
13.5 12.852
13.5 12.68
13.5 12.833
13.5 12.781
13.5 12.89
13.5 12.966
13.5 12.808
13.5 12.781
13.5 12.855
13.5 12.925
13.5 12.895
13.5 12.889
13.5 12.93
13.5 12.891
13.5 12.635
13.5 12.774
13.5 12.766
13.5 12.755
13.5 12.781
13.5 12.651
13.5 12.641
13.5 12.68
13.5 12.887
13.5 12.807
13.5 12.865
13.5 12.643
13.5 12.786
13.5 12.558
13.5 12.701
13.5 12.713
13.5 12.913
13.5 12.789
13.5 12.859
13.5 12.785
13.5 12.826
13.5 12.702
13.5 12.751
13.5 12.904
13.5 12.816
13.5 12.948
13.5 12.781
13.5 12.779
13.5 12.784
13.5 12.821
13.5 12.731
13.5 12.855
13.5 12.697
13.5 12.847
13.5 12.796
13.5 12.729
13.5 12.98
13.5 12.929
13.5 12.758
13.5 12.782
13.5 12.546
13.5 12.832
13.5 12.822
13.5 12.87
13.5 12.881
13.5 12.817
13.5 12.953
13.5 12.663
13.5 12.943
13.5 12.811
13.5 12.671
13.5 12.726
13.5 12.801
13.5 12.568
13.5 12.759
13.5 12.772
13.5 12.65
13.5 12.832
13.5 12.761
13.5 12.584
13.5 12.55
13.5 12.546
13.5 12.761
13.5 12.861
13.5 12.901
13.5 12.754
13.5 12.717
13.5 12.949
13.5 12.922
13.5 12.868
13.5 12.97
13.5 12.814
13.5 12.832
13.5 12.74
13.5 12.762
13.5 12.84
13.5 12.699
13.5 12.934
13.5 12.928
13.5 12.747
13.5 12.749
13.5 12.94
13.5 13.0
13.5 12.862
13.5 12.682
13.5 12.806
13.5 12.939
13.5 12.676
13.5 12.99
13.5 13.007
13.5 12.88
13.5 12.753
13.5 12.768
13.5 12.705
13.5 12.909
13.5 12.736
13.5 12.862
13.5 12.608
13.5 12.887
13.5 12.702
13.5 12.738
13.5 12.854
13.5 12.786
13.5 12.826
13.5 12.729
13.5 12.653
13.5 12.904
13.5 12.697
13.5 12.946
13.5 12.786
13.5 12.957
13.5 12.808
13.5 12.871
13.5 12.666
13.5 12.562
13.5 12.883
13.5 12.647
13.5 12.738
13.5 12.968
13.5 12.905
13.5 12.719
13.5 12.645
13.5 12.659
13.5 12.643
13.5 12.94
13.5 12.875
13.5 12.812
13.5 12.827
13.5 12.927
13.5 12.742
13.5 12.766
13.5 12.59
13.5 12.754
13.5 12.804
13.5 12.85
13.5 12.577
13.5 12.718
13.5 12.69
13.5 12.704
13.5 12.588
13.5 12.571
13.5 12.731
13.5 12.965
13.5 12.752
13.5 12.703
13.5 12.658
13.5 12.826
13.5 12.897
13.5 12.897
13.5 12.882
13.5 12.893
13.5 12.85
13.5 13.074
13.5 12.795
13.5 12.872
13.5 12.934
13.5 13.048
13.5 13.026
13.5 13.002
13.5 12.973
13.5 13.079
13.5 12.861
13.5 12.785
13.5 12.825
13.5 12.812
13.5 12.848
13.5 12.998
13.5 12.923
13.5 12.917
13.5 12.898
13.5 12.708
13.5 12.565
13.5 12.838
13.5 12.714
13.5 12.848
13.5 12.702
13.5 12.852
13.5 12.931
13.5 12.832
13.5 12.913
13.5 12.76
13.5 12.837
13.5 12.886
13.5 12.694
13.5 12.696
13.5 12.814
13.5 12.765
13.5 12.948
13.5 12.727
13.5 12.68
13.5 12.892
13.5 12.78
13.5 12.873
13.5 12.807
13.5 12.72
13.5 12.782
13.5 12.842
13.5 12.681
13.5 12.732
13.5 12.764
13.5 12.722
13.5 12.681
13.5 12.545
13.5 12.743
13.5 12.766
13.5 12.829
13.5 12.916
13.5 12.882
13.5 12.816
13.5 12.739
13.5 12.722
13.5 12.8
13.5 12.871
13.5 12.821
13.5 12.54
13.5 12.875
13.5 12.793
13.5 12.421
13.5 12.893
13.5 12.7
13.5 12.826
13.5 12.722
13.5 12.702
13.5 12.646
13.5 12.81
13.5 12.852
13.5 12.804
13.5 12.845
13.5 12.85
13.5 12.715
13.5 12.576
13.5 12.711
13.5 12.863
13.5 13.016
13.5 12.862
13.5 12.861
13.5 12.874
13.5 12.922
13.5 12.572
13.5 12.869
13.5 12.875
13.5 12.825
13.5 12.965
13.5 13.051
13.5 12.75
13.5 13.006
13.5 12.756
13.5 12.876
13.5 12.817
13.5 12.836
13.5 12.817
13.5 12.909
13.5 12.902
13.5 12.818
13.5 12.905
13.5 12.637
13.5 12.678
13.5 12.682
13.5 12.924
13.5 12.772
13.5 12.974
13.5 12.864
13.5 12.939
13.5 12.606
13.5 12.816
13.5 12.775
13.5 12.895
13.5 12.715
13.5 12.766
13.5 12.76
13.5 12.727
13.5 12.85
13.5 12.716
13.5 12.613
13.5 12.841
13.5 12.826
13.5 12.937
13.5 12.814
13.5 12.736
13.5 12.748
13.5 12.904
13.5 12.805
13.5 12.648
13.5 12.723
13.5 12.711
13.5 12.812
13.5 12.61
13.5 12.898
13.5 12.751
13.5 12.895
13.5 12.881
13.5 12.639
13.5 12.76
13.5 13.037
13.5 12.906
13.5 12.657
13.5 12.847
13.5 12.909
13.5 12.723
13.5 12.598
13.5 12.768
13.5 12.836
13.5 12.624
13.5 12.925
13.5 12.915
13.5 13.051
13.5 12.914
13.5 12.661
13.5 12.752
13.5 12.804
13.5 12.865
13.5 12.707
13.5 12.559
13.5 12.654
13.5 12.72
13.5 12.884
13.5 12.828
13.5 12.914
13.5 12.877
13.5 12.79
13.5 12.738
13.5 12.882
13.5 12.506
13.5 12.348
13.5 12.771
13.5 12.483
13.5 12.638
13.5 12.674
13.5 12.854
13.5 12.638
13.5 12.82
13.5 12.768
13.5 12.779
13.5 12.939
13.5 12.888
13.5 12.571
13.5 12.898
13.5 12.679
13.5 12.914
13.5 12.65
13.5 12.948
13.5 12.769
13.5 12.94
13.5 12.815
13.5 12.879
13.5 12.598
13.5 12.682
13.5 12.891
13.5 12.925
13.5 12.974
13.5 12.812
13.5 12.784
13.5 12.695
13.5 12.773
13.5 12.747
13.5 12.719
13.5 12.67
13.5 12.947
13.5 12.78
13.5 12.911
13.5 12.694
13.5 12.862
13.5 12.5
13.5 12.748
13.5 12.916
13.5 12.918
13.5 12.525
13.5 12.763
13.5 12.816
13.5 12.909
13.5 12.764
13.5 12.862
13.5 12.88
13.5 12.877
13.5 12.86
13.5 12.758
13.5 12.81
13.5 12.903
13.5 12.792
13.5 12.549
13.5 12.86
13.5 12.842
13.5 12.98
13.5 12.779
13.5 12.816
13.5 12.785
13.5 12.788
13.5 12.866
13.5 12.755
13.5 12.805
13.5 12.883
13.5 12.689
13.5 12.855
13.5 12.806
13.5 12.868
13.5 12.821
13.5 12.809
13.5 12.755
13.5 12.707
13.5 12.739
13.5 12.911
13.5 12.461
13.5 12.789
13.5 12.742
13.5 12.846
13.5 12.896
13.5 12.928
13.5 12.739
13.5 12.931
13.5 12.703
13.5 13.039
13.5 12.736
13.5 12.863
13.5 13.001
13.5 12.538
13.5 12.52
13.5 12.663
13.5 12.667
13.5 12.734
13.5 12.852
13.5 12.729
13.5 12.909
13.5 12.683
500
12.0 3.678
12.0 7.156
12.5 8.666
13.0 9.425
13.0 9.911
13.0 10.205
13.0 9.932
13.0 10.545
13.0 10.776
13.0 10.748
13.0 11.384
13.0 11.434
13.0 11.786
13.0 11.523
13.0 11.611
13.0 11.581
13.0 11.692
13.0 11.768
13.0 11.415
13.0 11.853
13.0 11.771
13.0 12.11
13.0 12.106
13.0 11.967
13.0 11.818
13.0 12.235
13.0 11.882
13.0 12.033
13.0 11.818
13.0 12.174
13.0 11.889
13.0 12.14
13.0 12.085
13.0 12.117
13.0 12.198
13.0 12.035
13.0 12.122
13.0 11.993
13.0 11.951
13.0 12.024
13.0 12.17
13.0 12.076
13.0 11.873
13.0 12.199
13.0 11.996
13.0 12.263
13.0 12.033
13.0 12.146
13.0 12.257
13.0 12.296
13.0 12.256
13.0 12.3
13.0 12.137
13.0 12.148
13.0 12.339
13.0 12.226
13.0 12.151
13.0 12.015
13.0 12.075
13.0 11.955
13.0 12.244
13.0 12.097
13.0 12.165
13.0 12.256
13.0 12.124
13.0 12.107
13.0 12.319
13.0 12.371
13.0 12.117
13.0 12.104
13.0 12.221
13.0 12.17
13.0 12.29
13.0 12.237
13.0 12.207
13.0 12.356
13.0 12.299
13.0 12.159
13.0 12.312
13.0 12.461
13.0 12.207
13.0 12.16
13.0 12.052
13.0 12.247
13.0 12.171
13.0 12.134
13.0 12.057
13.0 12.124
13.0 12.263
13.0 12.17
13.0 12.41
13.0 12.078
13.0 12.195
13.0 11.807
13.0 12.426
13.0 12.185
13.0 12.259
13.0 12.095
13.0 12.107
13.0 12.134
13.0 12.342
13.0 12.255
13.0 11.929
13.0 11.928
13.0 12.342
13.0 12.295
13.0 12.262
13.0 12.519
13.0 12.121
13.0 12.114
13.0 11.881
13.0 11.968
13.0 12.18
13.0 12.134
13.0 11.93
13.0 12.177
13.0 11.808
13.0 12.012
13.0 12.194
13.0 12.279
13.0 12.278
13.0 12.131
13.0 12.123
13.0 12.075
13.0 12.144
13.0 12.17
13.0 12.316
13.0 12.26
13.0 12.069
13.0 12.137
13.0 12.215
13.0 11.909
13.0 12.267
13.0 12.315
13.0 12.203
13.0 12.239
13.0 12.225
13.0 12.224
13.0 12.279
13.0 12.327
13.0 12.163
13.0 12.124
13.0 12.32
13.0 12.427
13.0 12.049
13.0 12.209
13.0 12.055
13.0 12.166
13.0 12.369
13.0 12.083
13.0 12.299
13.0 12.127
13.0 11.952
13.0 12.27
13.0 12.097
13.0 12.105
13.0 11.949
13.0 12.353
13.0 12.365
13.0 12.323
13.0 12.021
13.0 12.252
13.0 12.162
13.0 12.406
13.0 12.359
13.0 12.199
13.0 12.213
13.0 12.007
13.0 12.23
13.0 12.299
13.0 12.28
13.0 12.184
13.0 12.086
13.0 12.226
13.0 12.202
13.0 12.139
13.0 12.058
13.0 12.413
13.0 12.38
13.0 12.25
13.0 12.086
13.0 12.029
13.0 12.325
13.0 12.377
13.0 12.443
13.0 12.419
13.0 12.38
13.0 12.33
13.0 12.303
13.0 12.526
13.0 12.26
13.0 12.295
13.0 12.301
13.0 12.256
13.0 12.348
13.0 12.276
13.0 12.306
13.0 12.106
13.0 12.303
13.0 12.067
13.0 12.209
13.0 12.158
13.0 12.156
13.0 12.25
13.0 12.042
13.0 12.253
13.0 12.317
13.0 12.258
13.0 12.34
13.0 12.18
13.0 12.312
13.0 12.007
13.0 11.956
13.0 12.12
13.0 11.972
13.0 12.08
13.0 12.214
13.0 12.233
13.0 12.358
13.0 12.362
13.0 12.205
13.0 12.146
13.0 12.076
13.0 12.153
13.0 12.467
13.0 12.043
13.0 12.199
13.0 12.318
13.0 12.349
13.0 12.287
13.0 12.246
13.0 12.057
13.0 12.41
13.0 12.297
13.0 12.266
13.0 12.167
13.0 12.252
13.0 12.201
13.0 12.147
13.0 12.338
13.0 12.235
13.0 12.215
13.0 12.158
13.0 12.018
13.0 12.226
13.0 12.343
13.0 12.268
13.0 12.248
13.0 12.129
13.0 12.23
13.0 12.347
13.0 12.369
13.0 12.051
13.0 12.305
13.0 12.334
13.0 12.142
13.0 12.226
13.0 12.449
13.0 12.302
13.0 12.046
13.0 12.283
13.0 12.374
13.0 12.105
13.0 11.945
13.0 12.179
13.0 11.987
13.0 12.311
13.0 12.111
13.0 11.744
13.0 12.256
13.0 12.273
13.0 12.191
13.0 12.076
13.0 12.263
13.0 12.237
13.0 12.224
13.0 12.25
13.0 12.125
13.0 12.353
13.0 12.091
13.0 12.117
13.0 12.327
13.0 12.282
13.0 12.075
13.0 12.107
13.0 12.377
13.0 12.208
13.0 12.002
13.0 12.309
13.0 12.016
13.0 12.135
13.0 12.235
13.0 12.297
13.0 12.193
13.0 12.104
13.0 12.028
13.0 12.224
13.0 12.259
13.0 12.24
13.0 12.154
13.0 12.196
13.0 12.292
13.0 11.962
13.0 12.076
13.0 12.15
13.0 12.254
13.0 11.937
13.0 12.145
13.0 12.081
13.0 12.332
13.0 12.365
13.0 12.132
13.0 12.07
13.0 12.254
13.0 12.148
13.0 12.372
13.0 12.179
13.0 12.076
13.0 12.057
13.0 12.166
13.0 12.225
13.0 12.347
13.0 12.32
13.0 12.265
13.0 11.994
13.0 12.455
13.0 12.319
13.0 12.254
13.0 12.263
13.0 12.356
13.0 12.424
13.0 12.419
13.0 12.154
13.0 12.158
13.0 12.131
13.0 12.222
13.0 12.459
13.0 12.116
13.0 12.013
13.0 12.207
13.0 12.249
13.0 12.254
13.0 12.028
13.0 12.025
13.0 11.983
13.0 12.197
13.0 12.081
13.0 11.99
13.0 12.114
13.0 12.174
13.0 12.117
13.0 12.275
13.0 12.081
13.0 12.317
13.0 12.056
13.0 12.141
13.0 12.243
13.0 12.106
13.0 12.145
13.0 12.216
13.0 12.203
13.0 12.011
13.0 12.262
13.0 12.206
13.0 12.348
13.0 12.281
13.0 12.01
13.0 12.256
13.0 12.105
13.0 12.19
13.0 12.165
13.0 12.373
13.0 12.075
13.0 12.283
13.0 12.511
13.0 11.872
13.0 12.104
13.0 12.114
13.0 12.012
13.0 12.024
13.0 12.271
13.0 12.3
13.0 12.35
13.0 12.092
13.0 12.243
13.0 12.122
13.0 11.888
13.0 12.17
13.0 12.067
13.0 12.453
13.0 11.96
13.0 12.319
13.0 12.149
13.0 12.027
13.0 12.051
13.0 12.229
13.0 12.167
13.0 12.181
13.0 12.109
13.0 12.171
13.0 12.16
13.0 12.335
13.0 12.263
13.0 11.984
13.0 12.186
13.0 12.282
13.0 12.225
13.0 12.266
13.0 12.232
13.0 12.169
13.0 11.963
13.0 12.283
13.0 12.295
13.0 12.004
13.0 12.298
13.0 12.237
13.0 12.379
13.0 12.183
13.0 12.241
13.0 12.306
13.0 12.316
13.0 12.079
13.0 12.324
13.0 12.216
13.0 12.285
13.0 12.385
13.0 12.243
13.0 12.171
13.0 12.266
13.0 12.143
13.0 12.05
13.0 12.084
13.0 12.037
13.0 12.148
13.0 12.153
13.0 12.054
13.0 12.37
13.0 12.366
13.0 12.057
13.0 11.828
13.0 12.342
13.0 12.129
13.0 12.004
13.0 12.057
13.0 12.364
13.0 11.988
13.0 12.218
13.0 12.178
13.0 12.084
13.0 12.272
13.0 12.188
13.0 12.1
13.0 12.159
13.0 12.283
13.0 12.238
13.0 11.78
13.0 12.128
13.0 12.198
13.0 12.149
13.0 12.28
13.0 12.24
13.0 11.968
13.0 11.886
13.0 11.906
13.0 12.128
13.0 12.182
13.0 12.079
13.0 12.066
13.0 12.193
13.0 12.4
13.0 12.268
13.0 12.273
13.0 12.433
13.0 12.192
13.0 12.087
13.0 12.002
13.0 11.968
13.0 12.17
13.0 12.339
13.0 12.184
13.0 12.08
13.0 11.975
13.0 12.364
13.0 12.097
13.0 11.943
13.0 12.105
13.0 12.014
13.0 12.207
13.0 12.09
13.0 12.123
13.0 12.089
13.0 12.0
13.0 11.984
13.0 11.902
13.0 12.164
13.0 11.805
13.0 12.298
13.0 12.259
13.0 12.036
13.0 11.932
500
12.0 3.377
12.0 7.226
12.0 8.616
12.0 9.134
12.5 9.648
12.5 9.937
12.5 10.231
13.0 10.688
13.0 10.73
13.0 10.765
13.0 10.904
13.0 11.193
13.0 11.273
13.0 11.261
13.0 11.38
13.0 11.746
13.0 11.846
13.0 12.114
13.0 11.754
13.0 11.921
13.0 11.989
13.0 12.068
13.0 12.163
13.0 11.933
13.0 12.115
13.0 12.216
13.0 12.366
13.0 12.143
13.0 12.046
13.0 12.3
13.0 12.522
13.0 12.323
13.0 12.331
13.0 12.482
13.0 12.262
13.0 12.391
13.0 12.502
13.0 11.957
13.0 12.216
13.0 11.998
13.0 12.354
13.0 12.163
13.0 12.272
13.0 12.306
13.0 12.254
13.0 12.333
13.0 12.328
13.0 12.362
13.0 12.26
13.0 12.331
13.0 12.254
13.0 12.284
13.0 12.332
13.0 12.433
13.0 12.368
13.0 12.489
13.0 12.302
13.0 12.359
13.0 12.434
13.0 12.227
13.0 12.218
13.0 12.317
13.0 12.139
13.0 12.388
13.0 12.5
13.0 12.36
13.0 12.166
13.0 12.169
13.0 12.477
13.0 12.232
13.0 12.172
13.0 12.464
13.0 12.24
13.0 12.19
13.0 12.183
13.0 11.997
13.0 12.343
13.0 12.251
13.0 12.268
13.0 12.23
13.0 11.976
13.0 12.342
13.0 12.032
13.0 12.119
13.0 12.262
13.0 12.247
13.0 12.259
13.0 12.286
13.0 12.398
13.0 12.211
13.0 12.254
13.0 12.205
13.0 12.249
13.0 12.284
13.0 12.272
13.0 12.357
13.0 12.175
13.0 12.001
13.0 12.402
13.0 12.304
13.0 12.256
13.0 12.181
13.0 12.232
13.0 12.137
13.0 11.988
13.0 12.123
13.0 12.015
13.0 12.091
13.0 12.233
13.0 12.171
13.0 12.25
13.0 12.277
13.0 12.186
13.0 12.364
13.0 12.242
13.0 12.01
13.0 12.165
13.0 12.334
13.0 12.185
13.0 12.166
13.0 12.406
13.0 12.395
13.0 12.402
13.0 12.283
13.0 12.326
13.0 12.539
13.0 12.326
13.0 12.144
13.0 12.112
13.0 12.351
13.0 12.283
13.0 12.28
13.0 12.091
13.0 12.048
13.0 11.992
13.0 12.182
13.0 12.129
13.0 12.345
13.0 12.318
13.0 12.21
13.0 11.97
13.0 12.198
13.0 12.353
13.0 12.159
13.0 12.152
13.0 12.167
13.0 12.469
13.0 12.165
13.0 12.144
13.0 12.192
13.0 12.207
13.0 12.312
13.0 12.201
13.0 12.268
13.0 12.133
13.0 12.238
13.0 12.132
13.0 12.208
13.0 12.23
13.0 12.208
13.0 12.285
13.0 12.219
13.0 12.269
13.0 12.189
13.0 12.26
13.0 12.23
13.0 12.069
13.0 12.224
13.0 12.366
13.0 12.151
13.0 12.258
13.0 12.256
13.0 12.252
13.0 12.07
13.0 12.334
13.0 12.239
13.0 12.147
13.0 12.249
13.0 12.232
13.0 12.103
13.0 12.335
13.0 12.051
13.0 12.246
13.0 12.373
13.0 12.339
13.0 12.131
13.0 12.399
13.0 12.396
13.0 12.326
13.0 12.042
13.0 12.197
13.0 12.23
13.0 12.053
13.0 12.276
13.0 12.261
13.0 12.286
13.0 12.292
13.0 12.243
13.0 12.194
13.0 12.092
13.0 12.168
13.0 12.068
13.0 12.206
13.0 12.137
13.0 12.267
13.0 12.349
13.0 12.319
13.0 12.146
13.0 12.288
13.0 12.47
13.0 12.174
13.0 12.056
13.0 12.324
13.0 12.268
13.0 12.294
13.0 12.351
13.0 12.347
13.0 12.292
13.0 12.408
13.0 12.366
13.0 12.265
13.0 11.94
13.0 12.207
13.0 12.185
13.0 12.178
13.0 12.354
13.0 12.276
13.0 12.286
13.0 12.107
13.0 12.105
13.0 12.172
13.0 12.189
13.0 12.243
13.0 12.324
13.0 12.281
13.0 12.377
13.0 12.109
13.0 12.368
13.0 11.976
13.0 12.151
13.0 12.28
13.0 12.296
13.0 12.255
13.0 12.367
13.0 12.36
13.0 12.023
13.0 12.233
13.0 12.147
13.0 12.244
13.0 12.047
13.0 12.269
13.0 12.18
13.0 12.292
13.0 12.274
13.0 12.146
13.0 12.332
13.0 12.22
13.0 12.057
13.0 12.446
13.0 12.205
13.0 12.248
13.0 12.269
13.0 12.196
13.0 12.204
13.0 12.326
13.0 12.304
13.0 11.774
13.0 11.764
13.0 12.318
13.0 12.054
13.0 12.234
13.0 11.86
13.0 11.944
13.0 12.437
13.0 12.191
13.0 12.268
13.0 12.256
13.0 12.195
13.0 12.283
13.0 12.029
13.0 12.096
13.0 12.334
13.0 12.111
13.0 12.357
13.0 12.432
13.0 12.091
13.0 12.059
13.0 12.289
13.0 12.354
13.0 12.217
13.0 12.214
13.0 12.189
13.0 12.465
13.0 12.391
13.0 12.422
13.0 12.325
13.0 12.221
13.0 12.277
13.0 12.355
13.0 12.365
13.0 12.158
13.0 12.283
13.0 12.273
13.0 12.236
13.0 12.232
13.0 11.863
13.0 11.778
13.0 12.121
13.0 12.205
13.0 12.083
13.0 12.363
13.0 12.324
13.0 12.28
13.0 12.441
13.0 12.314
13.0 12.317
13.0 12.288
13.0 12.136
13.0 12.444
13.0 12.411
13.0 12.317
13.0 12.286
13.0 11.55
13.0 12.213
13.0 12.455
13.0 12.208
13.0 12.312
13.0 12.292
13.0 12.044
13.0 12.13
13.0 12.102
13.0 12.067
13.0 12.169
13.0 12.161
13.0 12.219
13.0 12.324
13.0 12.319
13.0 12.275
13.0 12.246
13.0 12.215
13.0 12.28
13.0 12.024
13.0 12.052
13.0 12.377
13.0 12.243
13.0 12.334
13.0 12.192
13.0 12.422
13.0 12.101
13.0 12.076
13.0 12.312
13.0 12.561
13.0 12.269
13.0 12.372
13.0 12.238
13.0 12.291
13.0 12.217
13.0 12.269
13.0 12.158
13.0 12.059
13.0 12.29
13.0 12.386
13.0 12.168
13.0 12.023
13.0 12.226
13.0 11.924
13.0 12.113
13.0 12.383
13.0 12.324
13.0 12.109
13.0 12.187
13.0 12.16
13.0 12.495
13.0 12.214
13.0 12.22
13.0 12.238
13.0 12.222
13.0 12.212
13.0 12.522
13.0 12.243
13.0 12.163
13.0 12.045
13.0 12.212
13.0 12.293
13.0 12.141
13.0 12.37
13.0 11.989
13.0 12.347
13.0 12.053
13.0 12.311
13.0 12.313
13.0 11.966
13.0 12.273
13.0 12.239
13.0 12.223
13.0 11.849
13.0 12.283
13.0 12.331
13.0 12.138
13.0 12.123
13.0 12.239
13.0 12.374
13.0 12.124
13.0 12.076
13.0 12.289
13.0 12.221
13.0 12.282
13.0 12.212
13.0 12.125
13.0 12.243
13.0 12.353
13.0 12.423
13.0 12.254
13.0 12.196
13.0 12.16
13.0 12.253
13.0 12.152
13.0 12.104
13.0 12.225
13.0 12.151
13.0 12.146
13.0 12.327
13.0 12.342
13.0 12.413
13.0 12.518
13.0 12.301
13.0 12.36
13.0 12.198
13.0 12.473
13.0 12.409
13.0 12.129
13.0 12.478
13.0 12.347
13.0 12.283
13.0 12.373
13.0 12.591
13.0 12.431
13.0 12.245
13.0 12.046
13.0 12.263
13.0 12.285
13.0 12.33
13.0 12.312
13.0 12.311
13.0 12.286
13.0 12.626
13.0 12.421
13.0 12.482
13.0 12.253
13.0 12.143
13.0 12.152
13.0 12.33
13.0 12.383
13.0 12.198
13.0 11.948
13.0 12.275
13.0 11.953
13.0 12.307
13.0 12.282
13.0 12.355
13.0 12.2
13.0 12.346
13.0 12.31
13.0 12.233
13.0 12.287
13.0 12.152
13.0 12.131
13.0 12.178
13.0 12.346
13.0 12.152
13.0 12.461
13.0 12.39
13.0 12.309
13.0 12.448
13.0 12.346
13.0 12.312
13.0 12.432
13.0 12.433
13.0 12.091
13.0 12.221
13.0 12.317
13.0 12.091
13.0 12.175
13.0 12.265
13.0 12.234
13.0 12.223
13.0 12.274
13.0 12.222
13.0 12.125
13.0 12.229
13.0 12.341
13.0 12.342
13.0 12.411
13.0 12.247
13.0 12.31
13.0 12.347
13.0 12.082
13.0 12.303
13.0 12.092
13.0 12.392
500
11.5 3.982
12.5 7.432
12.5 8.899
12.5 9.266
13.0 9.634
13.0 10.049
13.0 10.544
13.0 10.774
13.0 10.721
13.0 11.204
13.0 11.416
13.0 11.653
13.0 11.349
13.0 12.073
13.0 11.623
13.0 11.865
13.0 11.931
13.0 12.103
13.0 12.17
13.0 12.139
13.0 12.33
13.0 12.302
13.0 12.327
13.0 12.393
13.0 12.311
13.0 12.318
13.0 12.247
13.0 12.257
13.0 12.459
13.0 12.213
13.0 12.223
13.0 12.318
13.0 12.316
13.0 12.221
13.0 12.312
13.0 12.127
13.0 12.112
13.0 12.102
13.0 12.246
13.0 12.394
13.0 12.329
13.0 12.202
13.0 12.296
13.0 12.109
13.0 12.269
13.0 12.221
13.0 12.225
13.0 12.45
13.0 12.25
13.0 12.382
13.0 12.411
13.0 12.467
13.0 12.166
13.0 12.382
13.0 12.28
13.0 12.135
13.0 12.16
13.0 12.46
13.0 12.269
13.0 12.256
13.0 12.279
13.0 12.144
13.0 12.267
13.0 12.338
13.0 12.265
13.0 12.352
13.0 12.429
13.0 12.567
13.0 12.373
13.0 12.245
13.0 12.213
13.0 12.194
13.0 12.284
13.0 12.209
13.0 12.355
13.0 12.084
13.0 12.162
13.0 12.16
13.0 12.335
13.0 12.407
13.0 12.4
13.0 12.177
13.0 12.34
13.0 12.327
13.0 11.889
13.0 12.224
13.0 12.088
13.0 12.298
13.0 12.232
13.0 12.293
13.0 12.258
13.0 12.259
13.0 12.482
13.0 12.305
13.0 12.563
13.0 12.345
13.0 12.231
13.0 12.277
13.0 12.269
13.0 12.245
13.0 12.152
13.0 12.512
13.0 12.426
13.0 12.207
13.0 12.234
13.0 12.305
13.0 12.436
13.0 12.184
13.0 12.139
13.0 12.243
13.0 12.12
13.0 12.157
13.0 12.08
13.0 12.304
13.0 12.054
13.0 12.152
13.0 12.157
13.0 12.121
13.0 11.902
13.0 11.931
13.0 12.206
13.0 12.219
13.0 12.35
13.0 12.406
13.0 12.237
13.0 12.403
13.0 12.134
13.0 12.321
13.0 12.432
13.0 12.407
13.0 12.3
13.0 12.242
13.0 12.488
13.0 12.482
13.0 12.493
13.0 12.13
13.0 12.489
13.0 12.305
13.0 12.472
13.0 12.374
13.0 12.22
13.0 12.107
13.0 12.223
13.0 12.079
13.0 12.254
13.0 12.314
13.0 12.37
13.0 12.46
13.0 12.248
13.0 12.375
13.0 12.134
13.0 11.981
13.0 11.973
13.0 12.186
13.0 12.044
13.0 12.415
13.0 12.405
13.0 12.314
13.0 12.413
13.0 12.194
13.0 12.341
13.0 12.242
13.0 12.259
13.0 12.212
13.0 12.421
13.0 12.193
13.0 12.076
13.0 12.369
13.0 12.412
13.0 12.142
13.0 12.371
13.0 12.403
13.0 12.366
13.0 12.389
13.0 12.155
13.0 12.174
13.0 12.091
13.0 12.303
13.0 12.409
13.0 11.962
13.0 12.253
13.0 12.284
13.0 12.163
13.0 12.207
13.0 12.283
13.0 12.121
13.0 12.256
13.0 12.21
13.0 11.976
13.0 12.113
13.0 11.923
13.0 12.333
13.0 12.261
13.0 12.115
13.0 12.519
13.0 12.129
13.0 12.253
13.0 12.285
13.0 12.038
13.0 11.91
13.0 12.288
13.0 11.841
13.0 12.308
13.0 12.075
13.0 12.209
13.0 12.159
13.0 12.188
13.0 12.423
13.0 12.226
13.0 12.328
13.0 12.314
13.0 12.102
13.0 12.289
13.0 12.378
13.0 12.349
13.0 12.264
13.0 12.273
13.0 12.362
13.0 12.258
13.0 12.247
13.0 12.138
13.0 12.107
13.0 12.182
13.0 12.194
13.0 12.276
13.0 12.248
13.0 12.09
13.0 12.221
13.0 12.242
13.0 12.2
13.0 12.378
13.0 12.383
13.0 12.376
13.0 12.302
13.0 12.197
13.0 12.155
13.0 12.212
13.0 11.956
13.0 12.01
13.0 12.067
13.0 12.022
13.0 11.733
13.0 12.208
13.0 12.065
13.0 12.177
13.0 12.386
13.0 12.154
13.0 12.19
13.0 12.11
13.0 12.168
13.0 12.355
13.0 12.175
13.0 12.148
13.0 12.269
13.0 12.256
13.0 12.214
13.0 12.235
13.0 12.426
13.0 12.354
13.0 12.329
13.0 12.216
13.0 12.308
13.0 12.054
13.0 12.15
13.0 12.421
13.0 12.465
13.0 12.467
13.0 12.219
13.0 12.298
13.0 12.415
13.0 12.217
13.0 12.525
13.0 12.393
13.0 12.274
13.0 12.25
13.0 12.399
13.0 12.364
13.0 12.237
13.0 12.217
13.0 12.163
13.0 12.407
13.0 12.302
13.0 12.305
13.0 12.18
13.0 12.361
13.0 12.229
13.0 12.279
13.0 12.275
13.0 12.462
13.0 12.258
13.0 12.198
13.0 12.214
13.0 11.898
13.0 12.254
13.0 12.083
13.0 12.143
13.0 11.995
13.0 12.288
13.0 12.428
13.0 12.276
13.0 12.216
13.0 12.228
13.0 12.22
13.0 12.328
13.0 12.395
13.0 12.418
13.0 12.382
13.0 12.348
13.0 12.297
13.0 12.127
13.0 12.188
13.0 12.417
13.0 12.299
13.0 12.288
13.0 12.33
13.0 12.415
13.0 12.277
13.0 12.321
13.0 12.485
13.0 12.328
13.0 12.253
13.0 12.363
13.0 12.294
13.0 12.233
13.0 12.397
13.0 12.242
13.0 12.239
13.0 12.36
13.0 12.381
13.0 12.27
13.0 12.136
13.0 12.254
13.0 12.366
13.0 12.325
13.0 12.31
13.0 12.354
13.0 12.183
13.0 12.294
13.0 12.42
13.0 12.312
13.0 12.307
13.0 12.362
13.0 12.231
13.0 12.449
13.0 12.536
13.0 12.591
13.0 12.266
13.0 12.43
13.0 12.475
13.0 12.453
13.0 12.219
13.0 12.197
13.0 12.383
13.0 12.301
13.0 12.086
13.0 12.261
13.0 12.19
13.0 12.108
13.0 12.045
13.0 12.172
13.0 12.19
13.0 12.221
13.0 12.188
13.0 12.262
13.0 12.399
13.0 12.394
13.0 12.269
13.0 12.398
13.0 12.331
13.0 12.396
13.0 12.476
13.0 12.276
13.0 12.116
13.0 12.334
13.0 12.185
13.0 12.175
13.0 12.234
13.0 12.272
13.0 12.12
13.0 12.433
13.0 12.333
13.0 12.299
13.0 12.338
13.0 12.391
13.0 12.2
13.0 12.034
13.0 12.147
13.0 12.22
13.0 12.502
13.0 12.308
13.0 12.16
13.0 11.98
13.0 12.349
13.0 12.245
13.0 12.435
13.0 12.18
13.0 12.361
13.0 12.051
13.0 12.36
13.0 12.404
13.0 12.173
13.0 12.323
13.0 12.337
13.0 11.997
13.0 12.362
13.0 12.436
13.0 12.137
13.0 12.378
13.0 12.197
13.0 12.253
13.0 12.333
13.0 12.392
13.0 12.421
13.0 12.401
13.0 12.266
13.0 12.483
13.0 12.452
13.0 12.409
13.0 12.077
13.0 12.395
13.0 12.214
13.0 12.172
13.0 12.257
13.0 12.388
13.0 12.432
13.0 12.386
13.0 12.368
13.0 12.284
13.0 12.51
13.0 12.404
13.0 12.369
13.0 12.3
13.0 12.311
13.0 12.496
13.0 12.145
13.0 12.313
13.0 12.213
13.0 12.425
13.0 12.248
13.0 12.103
13.0 12.296
13.0 12.081
13.0 12.17
13.0 12.382
13.0 12.317
13.0 12.322
13.0 12.087
13.0 12.286
13.0 12.398
13.0 12.192
13.0 12.265
13.0 12.27
13.0 12.134
13.0 12.42
13.0 12.178
13.0 12.362
13.0 12.311
13.0 12.211
13.0 12.075
13.0 12.167
13.0 12.377
13.0 12.337
13.0 12.399
13.0 12.34
13.0 12.22
13.0 12.248
13.0 12.256
13.0 12.185
13.0 12.319
13.0 12.413
13.0 12.305
13.0 12.161
13.0 12.266
13.0 12.286
13.0 12.296
13.0 12.383
13.0 12.324
13.0 12.138
13.0 12.329
13.0 12.411
13.0 12.4
13.0 12.193
13.0 12.219
13.0 12.235
13.0 12.124
13.0 12.245
13.0 12.361
13.0 12.225
13.0 12.213
13.0 11.955
13.0 12.257
13.0 12.1
13.0 12.387
13.0 12.142
13.0 12.43
13.0 12.356
13.0 12.294
13.0 12.336
13.0 12.027
13.0 12.17
500
11.0 3.942
11.5 7.72
12.5 8.731
12.5 9.204
13.0 9.646
13.0 10.151
13.0 10.374
13.0 10.657
13.0 10.83
13.0 11.03
13.0 10.981
13.0 11.518
13.5 11.721
13.5 11.503
13.5 11.853
13.5 11.824
13.5 11.844
13.5 11.735
13.5 11.882
13.5 11.912
13.5 11.857
13.5 11.728
13.5 11.915
13.5 11.313
13.5 12.222
13.5 12.482
13.5 12.31
13.5 12.483
13.5 12.656
13.5 12.801
13.5 12.609
13.5 12.764
13.5 12.758
13.5 12.779
13.5 12.815
13.5 12.657
13.5 12.738
13.5 12.818
13.5 12.761
13.5 12.822
13.5 12.741
13.5 12.672
13.5 12.841
13.5 12.767
13.5 12.771
13.5 12.66
13.5 12.863
13.5 12.68
13.5 12.859
13.5 12.9
13.5 12.767
13.5 12.685
13.5 12.902
13.5 12.871
13.5 12.937
13.5 12.89
13.5 12.692
13.5 12.785
13.5 12.957
13.5 12.856
13.5 12.908
13.5 12.845
13.5 12.929
13.5 12.648
13.5 12.608
13.5 12.849
13.5 12.865
13.5 12.861
13.5 12.853
13.5 12.858
13.5 13.047
13.5 12.983
13.5 12.97
13.5 12.895
13.5 12.964
13.5 12.951
13.5 12.855
13.5 12.955
13.5 12.689
13.5 12.753
13.5 12.769
13.5 12.656
13.5 12.618
13.5 12.616
13.5 12.925
13.5 12.867
13.5 12.73
13.5 12.8
13.5 12.743
13.5 12.862
13.5 12.92
13.5 12.916
13.5 12.904
13.5 12.818
13.5 12.967
13.5 12.795
13.5 12.952
13.5 12.838
13.5 12.943
13.5 12.773
13.5 12.792
13.5 12.791
13.5 12.891
13.5 12.731
13.5 12.849
13.5 12.838
13.5 12.877
13.5 12.612
13.5 12.731
13.5 12.808
13.5 12.744
13.5 12.7
13.5 12.84
13.5 12.86
13.5 12.809
13.5 12.839
13.5 12.859
13.5 12.831
13.5 12.652
13.5 12.843
13.5 12.829
13.5 12.629
13.5 12.751
13.5 12.507
13.5 12.621
13.5 12.896
13.5 12.788
13.5 12.787
13.5 12.986
13.5 12.905
13.5 12.867
13.5 12.727
13.5 12.696
13.5 12.624
13.5 12.9
13.5 12.783
13.5 12.856
13.5 12.959
13.5 13.01
13.5 12.76
13.5 12.718
13.5 12.649
13.5 12.936
13.5 12.75
13.5 12.806
13.5 12.686
13.5 12.911
13.5 12.775
13.5 12.708
13.5 12.852
13.5 12.865
13.5 12.696
13.5 12.791
13.5 12.939
13.5 12.671
13.5 12.944
13.5 12.913
13.5 12.837
13.5 12.723
13.5 12.756
13.5 12.732
13.5 12.768
13.5 12.841
13.5 12.935
13.5 12.961
13.5 12.923
13.5 12.916
13.5 12.948
13.5 12.656
13.5 12.904
13.5 12.916
13.5 12.843
13.5 12.759
13.5 12.803
13.5 12.821
13.5 13.006
13.5 12.739
13.5 12.898
13.5 12.91
13.5 12.86
13.5 12.838
13.5 12.891
13.5 12.825
13.5 12.885
13.5 12.717
13.5 12.988
13.5 12.773
13.5 12.801
13.5 12.599
13.5 12.796
13.5 12.76
13.5 12.812
13.5 12.766
13.5 12.869
13.5 12.813
13.5 12.932
13.5 12.919
13.5 12.793
13.5 12.781
13.5 12.695
13.5 12.702
13.5 12.714
13.5 12.755
13.5 12.804
13.5 12.763
13.5 12.778
13.5 12.91
13.5 12.914
13.5 12.856
13.5 12.796
13.5 12.8
13.5 12.655
13.5 12.614
13.5 12.746
13.5 12.919
13.5 12.856
13.5 12.768
13.5 12.926
13.5 12.849
13.5 12.868
13.5 12.81
13.5 12.954
13.5 12.868
13.5 12.723
13.5 12.761
13.5 12.816
13.5 12.8
13.5 12.824
13.5 12.773
13.5 12.963
13.5 12.853
13.5 12.952
13.5 12.928
13.5 12.949
13.5 12.743
13.5 12.766
13.5 12.885
13.5 12.812
13.5 12.933
13.5 12.919
13.5 12.669
13.5 12.89
13.5 12.636
13.5 12.774
13.5 12.704
13.5 12.854
13.5 12.891
13.5 12.943
13.5 12.701
13.5 12.715
13.5 12.501
13.5 12.565
13.5 12.93
13.5 12.629
13.5 12.73
13.5 12.903
13.5 12.71
13.5 12.905
13.5 12.803
13.5 12.845
13.5 12.747
13.5 12.697
13.5 12.971
13.5 13.001
13.5 12.817
13.5 12.916
13.5 12.884
13.5 12.771
13.5 12.814
13.5 12.668
13.5 12.725
13.5 12.83
13.5 12.854
13.5 12.9
13.5 13.001
13.5 12.752
13.5 12.813
13.5 12.705
13.5 12.867
13.5 12.832
13.5 12.647
13.5 12.654
13.5 12.788
13.5 12.901
13.5 12.847
13.5 12.94
13.5 12.906
13.5 12.885
13.5 12.906
13.5 12.908
13.5 12.937
13.5 12.893
13.5 12.626
13.5 12.642
13.5 12.799
13.5 12.693
13.5 12.736
13.5 12.748
13.5 12.646
13.5 12.58
13.5 12.703
13.5 12.572
13.5 12.976
13.5 12.879
13.5 12.859
13.5 12.813
13.5 12.838
13.5 12.919
13.5 12.742
13.5 12.633
13.5 12.804
13.5 12.742
13.5 12.802
13.5 12.943
13.5 12.954
13.5 12.75
13.5 12.968
13.5 12.914
13.5 12.927
13.5 12.796
13.5 12.872
13.5 12.969
13.5 12.861
13.5 12.935
13.5 12.797
13.5 12.809
13.5 12.772
13.5 12.825
13.5 12.878
13.5 12.715
13.5 12.812
13.5 12.861
13.5 12.792
13.5 12.73
13.5 12.717
13.5 12.91
13.5 12.821
13.5 12.872
13.5 12.678
13.5 12.743
13.5 12.586
13.5 12.761
13.5 12.881
13.5 12.714
13.5 12.769
13.5 12.83
13.5 12.753
13.5 12.705
13.5 12.455
13.5 12.85
13.5 12.719
13.5 12.916
13.5 12.893
13.5 12.863
13.5 12.789
13.5 12.682
13.5 12.783
13.5 12.804
13.5 12.655
13.5 12.833
13.5 12.947
13.5 12.814
13.5 12.982
13.5 12.825
13.5 12.827
13.5 12.826
13.5 12.716
13.5 12.812
13.5 12.565
13.5 12.834
13.5 12.967
13.5 12.87
13.5 12.92
13.5 12.832
13.5 12.749
13.5 12.778
13.5 12.811
13.5 12.779
13.5 12.748
13.5 12.716
13.5 12.667
13.5 12.736
13.5 12.991
13.5 12.935
13.5 12.996
13.5 12.826
13.5 12.776
13.5 12.767
13.5 12.799
13.5 12.821
13.5 12.769
13.5 12.729
13.5 12.825
13.5 12.838
13.5 12.874
13.5 12.885
13.5 12.874
13.5 12.632
13.5 12.694
13.5 12.715
13.5 12.977
13.5 12.785
13.5 12.829
13.5 12.896
13.5 12.532
13.5 12.733
13.5 12.863
13.5 12.863
13.5 12.926
13.5 12.689
13.5 12.663
13.5 12.752
13.5 12.804
13.5 12.66
13.5 12.913
13.5 12.624
13.5 12.957
13.5 12.713
13.5 12.816
13.5 12.803
13.5 12.638
13.5 12.788
13.5 12.72
13.5 12.627
13.5 12.927
13.5 12.774
13.5 12.571
13.5 12.681
13.5 12.77
13.5 12.794
13.5 12.707
13.5 12.771
13.5 12.83
13.5 12.747
13.5 12.768
13.5 12.703
13.5 12.548
13.5 12.951
13.5 12.77
13.5 12.894
13.5 12.687
13.5 12.85
13.5 12.826
13.5 12.536
13.5 12.942
13.5 12.647
13.5 12.563
13.5 12.734
13.5 12.938
13.5 12.876
13.5 12.781
13.5 12.835
13.5 12.835
13.5 12.833
13.5 12.876
13.5 12.863
13.5 12.68
13.5 12.802
13.5 12.597
13.5 12.732
13.5 12.667
13.5 12.539
13.5 12.616
13.5 12.805
13.5 12.764
13.5 12.698
13.5 12.782
13.5 13.073
13.5 12.794
13.5 12.927
13.5 12.829
13.5 12.889
13.5 12.882
13.5 12.904
13.5 12.719
13.5 12.807
13.5 12.839
13.5 12.677
13.5 12.974
13.5 12.917
13.5 12.856
13.5 12.895
13.5 12.863
13.5 12.783
13.5 12.884
13.5 12.702
13.5 12.934
13.5 12.821
13.5 12.666
13.5 12.66
13.5 12.697
13.5 12.688
13.5 12.951
13.5 12.7
13.5 12.831
13.5 12.703
13.5 12.903
13.5 12.666
13.5 12.828
13.5 12.875
500
12.5 3.502
13.0 7.358
13.0 8.848
13.0 9.091
13.0 9.561
13.0 9.921
13.0 10.34
13.0 10.803
13.0 10.884
13.0 11.502
13.0 11.831
13.0 11.735
13.0 11.664
13.0 11.896
13.0 12.192
13.0 12.058
13.0 11.973
13.0 12.246
13.0 12.216
13.0 12.317
13.0 12.33
13.0 12.314
13.0 12.249
13.0 12.373
13.0 11.996
13.0 12.371
13.0 12.016
13.0 12.209
13.0 12.233
13.0 12.309
13.0 12.258
13.0 12.291
13.0 11.995
13.0 12.31
13.0 12.298
13.0 12.095
13.0 12.206
13.0 12.299
13.0 12.106
13.0 12.253
13.0 12.291
13.0 12.36
13.0 12.309
13.0 11.855
13.0 12.233
13.0 12.368
13.0 12.413
13.0 12.324
13.0 12.395
13.0 12.331
13.0 12.268
13.0 12.4
13.0 12.108
13.0 12.218
13.0 12.367
13.0 12.287
13.0 12.334
13.0 12.392
13.0 12.27
13.0 12.122
13.0 11.92
13.0 12.459
13.0 12.158
13.0 12.299
13.0 12.448
13.0 12.274
13.0 12.209
13.0 12.24
13.0 12.297
13.0 12.356
13.0 12.371
13.0 12.359
13.0 12.401
13.0 12.406
13.0 12.173
13.0 12.421
13.0 12.313
13.0 12.176
13.0 12.202
13.0 12.336
13.0 12.223
13.0 12.02
13.0 12.162
13.0 12.33
13.0 12.27
13.0 12.165
13.0 12.334
13.0 12.19
13.0 12.273
13.0 12.31
13.0 12.3
13.0 12.455
13.0 12.261
13.0 12.495
13.0 12.143
13.0 12.385
13.0 12.429
13.0 12.213
13.0 12.219
13.0 12.309
13.0 12.343
13.0 12.333
13.0 12.256
13.0 12.38
13.0 12.403
13.0 12.479
13.0 12.298
13.0 12.249
13.0 12.331
13.0 12.231
13.0 12.216
13.0 12.362
13.0 12.386
13.0 12.27
13.0 12.015
13.0 12.29
13.0 12.276
13.0 12.121
13.0 12.352
13.0 12.25
13.0 12.337
13.0 12.334
13.0 12.473
13.0 12.247
13.0 12.455
13.0 12.33
13.0 12.416
13.0 12.105
13.0 12.205
13.0 12.372
13.0 12.273
13.0 12.331
13.0 12.405
13.0 12.237
13.0 12.355
13.0 12.238
13.0 12.309
13.0 12.447
13.0 12.263
13.0 12.293
13.0 12.142
13.0 12.417
13.0 12.1
13.0 12.264
13.0 12.424
13.0 12.4
13.0 12.351
13.0 12.096
13.0 12.201
13.0 12.168
13.0 12.348
13.0 12.397
13.0 12.343
13.0 12.33
13.0 12.337
13.0 12.364
13.0 12.391
13.0 12.29
13.0 12.411
13.0 12.239
13.0 12.218
13.0 12.491
13.0 12.371
13.0 12.37
13.0 12.151
13.0 12.359
13.0 12.285
13.0 12.256
13.0 12.508
13.0 12.047
13.0 12.246
13.0 12.352
13.0 12.21
13.0 12.119
13.0 12.235
13.0 12.366
13.0 12.292
13.0 12.234
13.0 12.387
13.0 12.495
13.0 12.401
13.0 12.456
13.0 12.369
13.0 12.224
13.0 12.24
13.0 12.213
13.0 12.196
13.0 12.347
13.0 12.304
13.0 12.343
13.0 12.273
13.0 12.351
13.0 12.429
13.0 12.383
13.0 12.322
13.0 12.324
13.0 12.395
13.0 12.271
13.0 12.148
13.0 11.955
13.0 12.139
13.0 12.252
13.0 12.147
13.0 12.389
13.0 12.467
13.0 12.343
13.0 12.367
13.0 12.401
13.0 12.416
13.0 12.51
13.0 12.047
13.0 12.404
13.0 12.086
13.0 12.133
13.0 12.24
13.0 12.296
13.0 12.388
13.0 12.116
13.0 12.231
13.0 12.395
13.0 12.23
13.0 12.251
13.0 12.191
13.0 12.068
13.0 12.262
13.0 12.016
13.0 12.212
13.0 12.316
13.0 12.159
13.0 12.348
13.0 12.217
13.0 12.406
13.0 12.051
13.0 12.29
13.0 12.163
13.0 12.336
13.0 12.223
13.0 12.198
13.0 12.324
13.0 12.173
13.0 12.302
13.0 12.15
13.0 12.337
13.0 12.385
13.0 12.348
13.0 12.291
13.0 12.318
13.0 12.38
13.0 12.355
13.0 12.305
13.0 12.476
13.0 12.428
13.0 12.457
13.0 12.469
13.0 12.098
13.0 12.511
13.0 12.21
13.0 12.299
13.0 12.387
13.0 12.307
13.0 12.275
13.0 12.082
13.0 12.3
13.0 12.406
13.0 12.416
13.0 12.312
13.0 11.943
13.0 12.206
13.0 12.376
13.0 12.368
13.0 12.27
13.0 12.233
13.0 12.212
13.0 12.304
13.0 12.371
13.0 12.283
13.0 12.139
13.0 12.278
13.0 12.382
13.0 12.076
13.0 12.324
13.0 12.434
13.0 12.234
13.0 12.259
13.0 12.418
13.0 12.241
13.0 12.231
13.0 12.307
13.0 12.424
13.0 12.392
13.0 12.449
13.0 12.332
13.0 12.232
13.0 12.315
13.0 12.291
13.0 12.302
13.0 12.332
13.0 12.26
13.0 12.306
13.0 12.32
13.0 12.109
13.0 12.286
13.0 12.375
13.0 12.26
13.0 12.022
13.0 12.453
13.0 12.188
13.0 12.174
13.0 12.408
13.0 12.444
13.0 12.103
13.0 12.248
13.0 12.295
13.0 12.104
13.0 12.181
13.0 12.279
13.0 12.23
13.0 12.289
13.0 12.483
13.0 12.481
13.0 12.288
13.0 12.519
13.0 12.318
13.0 12.29
13.0 12.422
13.0 12.429
13.0 12.162
13.0 12.369
13.0 12.426
13.0 12.362
13.0 12.059
13.0 12.23
13.0 12.116
13.0 12.104
13.0 12.247
13.0 12.283
13.0 12.346
13.0 12.548
13.0 12.221
13.0 12.302
13.0 12.238
13.0 12.343
13.0 12.148
13.0 12.229
13.0 12.312
13.0 12.253
13.0 12.23
13.0 12.388
13.0 12.276
13.0 12.319
13.0 12.54
13.0 12.34
13.0 12.388
13.0 12.117
13.0 12.101
13.0 12.429
13.0 12.352
13.0 12.411
13.0 12.423
13.0 12.194
13.0 12.343
13.0 12.178
13.0 12.055
13.0 12.361
13.0 12.229
13.0 12.44
13.0 12.231
13.0 12.195
13.0 12.289
13.0 12.117
13.0 12.385
13.0 12.347
13.0 12.397
13.0 12.408
13.0 12.369
13.0 12.36
13.0 12.403
13.0 12.374
13.0 12.283
13.0 12.298
13.0 12.059
13.0 12.298
13.0 12.419
13.0 12.218
13.0 12.383
13.0 12.376
13.0 12.516
13.0 12.254
13.0 12.471
13.0 12.377
13.0 12.39
13.0 12.448
13.0 12.28
13.0 12.308
13.0 12.334
13.0 12.216
13.0 12.401
13.0 12.366
13.0 12.558
13.0 12.324
13.0 12.428
13.0 12.254
13.0 12.4
13.0 12.24
13.0 12.513
13.0 12.269
13.0 12.425
13.0 12.415
13.0 12.192
13.0 12.149
13.0 12.118
13.0 12.1
13.0 12.342
13.0 12.233
13.0 12.231
13.0 12.307
13.0 12.389
13.0 12.307
13.0 12.298
13.0 12.252
13.0 12.448
13.0 12.339
13.0 12.325
13.0 12.371
13.0 12.363
13.0 12.484
13.0 12.238
13.0 12.316
13.0 12.214
13.0 12.271
13.0 12.202
13.0 12.384
13.0 12.393
13.0 12.183
13.0 12.352
13.0 12.263
13.0 12.321
13.0 12.295
13.0 12.324
13.0 12.183
13.0 12.119
13.0 12.23
13.0 12.134
13.0 12.249
13.0 12.267
13.0 12.318
13.0 12.172
13.0 11.922
13.0 12.599
13.0 12.14
13.0 12.097
13.0 12.21
13.0 12.351
13.0 12.443
13.0 12.389
13.0 12.233
13.0 12.221
13.0 12.398
13.0 12.368
13.0 12.231
13.0 12.374
13.0 12.385
13.0 12.396
13.0 12.278
13.0 12.308
13.0 12.237
13.0 12.145
13.0 12.009
13.0 12.371
13.0 12.304
13.0 12.239
13.0 12.19
13.0 12.289
13.0 12.249
13.0 12.34
13.0 12.346
13.0 12.226
13.0 12.203
13.0 12.237
13.0 12.199
13.0 12.251
13.0 12.287
13.0 12.401
13.0 12.385
13.0 12.192
13.0 12.192
13.0 12.189
13.0 12.352
13.0 12.302
13.0 12.227
13.0 12.283
13.0 12.531
13.0 12.545
13.0 12.377
13.0 12.465
13.0 12.196
13.0 12.075
13.0 12.041
13.0 12.081
13.0 12.21
500
12.0 3.927
12.5 7.381
12.5 8.442
12.5 9.226
13.0 9.592
13.0 10.361
13.0 10.575
13.0 10.759
13.0 11.189
13.0 11.411
13.5 11.747
13.5 11.774
13.5 11.909
13.5 11.838
13.5 12.073
13.5 12.314
13.5 12.075
13.5 11.364
13.5 11.915
13.5 12.038
13.5 11.829
13.5 12.073
13.5 11.96
13.5 12.379
13.5 12.169
13.5 12.371
13.5 12.69
13.5 12.546
13.5 12.511
13.5 12.764
13.5 12.745
13.5 12.722
13.5 12.682
13.5 12.657
13.5 12.873
13.5 12.54
13.5 12.87
13.5 12.797
13.5 12.953
13.5 12.719
13.5 12.825
13.5 12.963
13.5 12.696
13.5 12.736
13.5 12.643
13.5 12.662
13.5 12.743
13.5 12.628
13.5 12.655
13.5 12.913
13.5 13.005
13.5 12.924
13.5 12.641
13.5 12.844
13.5 12.775
13.5 12.77
13.5 12.828
13.5 12.639
13.5 12.68
13.5 12.671
13.5 12.838
13.5 12.726
13.5 12.756
13.5 12.697
13.5 12.719
13.5 12.875
13.5 12.961
13.5 12.764
13.5 12.856
13.5 12.664
13.5 12.603
13.5 12.628
13.5 12.8
13.5 12.807
13.5 12.805
13.5 12.772
13.5 13.052
13.5 12.829
13.5 12.827
13.5 12.814
13.5 12.712
13.5 13.058
13.5 12.802
13.5 12.783
13.5 12.784
13.5 12.65
13.5 12.623
13.5 12.881
13.5 12.786
13.5 12.74
13.5 12.452
13.5 12.933
13.5 12.825
13.5 12.935
13.5 12.89
13.5 12.675
13.5 12.686
13.5 12.72
13.5 12.729
13.5 12.85
13.5 12.812
13.5 12.732
13.5 13.036
13.5 12.922
13.5 12.829
13.5 12.814
13.5 12.396
13.5 12.784
13.5 12.878
13.5 12.729
13.5 12.766
13.5 12.805
13.5 12.869
13.5 12.716
13.5 12.919
13.5 12.824
13.5 12.952
13.5 12.548
13.5 12.841
13.5 12.795
13.5 12.598
13.5 12.814
13.5 12.792
13.5 12.811
13.5 12.781
13.5 12.75
13.5 12.508
13.5 12.679
13.5 12.689
13.5 12.662
13.5 12.84
13.5 12.835
13.5 12.756
13.5 12.837
13.5 12.811
13.5 12.657
13.5 12.852
13.5 12.719
13.5 12.656
13.5 12.794
13.5 12.732
13.5 12.637
13.5 12.639
13.5 12.736
13.5 12.76
13.5 12.836
13.5 12.969
13.5 12.903
13.5 12.973
13.5 12.908
13.5 12.75
13.5 12.833
13.5 12.864
13.5 12.781
13.5 12.784
13.5 12.834
13.5 12.732
13.5 12.777
13.5 12.882
13.5 12.694
13.5 12.668
13.5 12.765
13.5 12.956
13.5 12.652
13.5 12.633
13.5 12.886
13.5 12.615
13.5 12.774
13.5 12.852
13.5 12.509
13.5 12.651
13.5 12.738
13.5 12.462
13.5 12.878
13.5 12.676
13.5 12.814
13.5 12.78
13.5 12.823
13.5 12.758
13.5 12.859
13.5 12.835
13.5 12.806
13.5 12.896
13.5 12.731
13.5 12.773
13.5 12.917
13.5 12.837
13.5 12.805
13.5 12.816
13.5 12.948
13.5 12.763
13.5 12.848
13.5 12.931
13.5 12.793
13.5 12.903
13.5 12.771
13.5 12.52
13.5 12.749
13.5 12.461
13.5 12.656
13.5 12.584
13.5 12.467
13.5 12.657
13.5 12.827
13.5 12.5
13.5 12.902
13.5 12.894
13.5 12.784
13.5 12.814
13.5 12.682
13.5 12.576
13.5 12.608
13.5 12.491
13.5 12.698
13.5 12.67
13.5 12.661
13.5 12.668
13.5 12.793
13.5 12.863
13.5 12.656
13.5 12.68
13.5 12.808
13.5 12.825
13.5 12.79
13.5 12.696
13.5 12.955
13.5 12.778
13.5 12.717
13.5 12.632
13.5 12.6
13.5 12.735
13.5 12.841
13.5 12.662
13.5 12.426
13.5 12.768
13.5 12.803
13.5 12.81
13.5 12.614
13.5 12.709
13.5 12.787
13.5 12.807
13.5 12.927
13.5 12.835
13.5 12.897
13.5 12.818
13.5 12.546
13.5 12.814
13.5 12.843
13.5 12.892
13.5 12.779
13.5 12.627
13.5 12.892
13.5 12.739
13.5 12.867
13.5 12.907
13.5 13.047
13.5 12.73
13.5 12.968
13.5 12.774
13.5 12.801
13.5 12.934
13.5 12.702
13.5 12.692
13.5 12.911
13.5 12.775
13.5 12.693
13.5 12.708
13.5 12.819
13.5 12.809
13.5 12.952
13.5 12.871
13.5 12.77
13.5 12.793
13.5 12.674
13.5 12.799
13.5 12.667
13.5 12.832
13.5 12.689
13.5 12.886
13.5 12.844
13.5 12.778
13.5 12.803
13.5 12.606
13.5 12.84
13.5 12.862
13.5 12.839
13.5 12.909
13.5 12.649
13.5 12.765
13.5 12.876
13.5 12.836
13.5 12.999
13.5 12.772
13.5 12.728
13.5 12.948
13.5 12.967
13.5 12.724
13.5 12.539
13.5 12.901
13.5 12.773
13.5 12.728
13.5 12.753
13.5 12.904
13.5 12.681
13.5 12.558
13.5 12.837
13.5 12.685
13.5 12.802
13.5 12.798
13.5 12.686
13.5 12.644
13.5 12.855
13.5 12.834
13.5 12.804
13.5 12.729
13.5 12.46
13.5 12.457
13.5 12.478
13.5 12.751
13.5 12.389
13.5 12.665
13.5 12.656
13.5 12.74
13.5 12.919
13.5 12.898
13.5 12.852
13.5 12.835
13.5 12.792
13.5 12.776
13.5 12.857
13.5 12.76
13.5 12.885
13.5 12.854
13.5 12.689
13.5 12.852
13.5 12.758
13.5 12.768
13.5 12.949
13.5 12.845
13.5 12.674
13.5 12.787
13.5 12.904
13.5 12.651
13.5 12.879
13.5 12.749
13.5 12.918
13.5 12.657
13.5 12.654
13.5 12.865
13.5 12.686
13.5 12.78
13.5 12.749
13.5 12.848
13.5 12.91
13.5 12.657
13.5 12.55
13.5 12.651
13.5 12.31
13.5 12.834
13.5 12.782
13.5 12.267
13.5 12.729
13.5 12.783
13.5 12.727
13.5 12.824
13.5 12.894
13.5 12.726
13.5 12.777
13.5 12.752
13.5 12.808
13.5 12.659
13.5 12.765
13.5 12.916
13.5 12.801
13.5 12.903
13.5 12.641
13.5 12.912
13.5 12.752
13.5 12.837
13.5 12.762
13.5 12.867
13.5 12.557
13.5 12.497
13.5 12.747
13.5 12.827
13.5 12.423
13.5 12.751
13.5 12.756
13.5 12.866
13.5 12.821
13.5 12.895
13.5 12.919
13.5 12.81
13.5 12.82
13.5 12.686
13.5 12.782
13.5 12.625
13.5 12.781
13.5 12.723
13.5 12.765
13.5 12.709
13.5 12.687
13.5 12.823
13.5 12.694
13.5 12.827
13.5 12.854
13.5 12.851
13.5 12.707
13.5 12.662
13.5 12.699
13.5 12.895
13.5 12.652
13.5 12.865
13.5 12.853
13.5 12.691
13.5 12.776
13.5 12.806
13.5 12.825
13.5 12.796
13.5 12.781
13.5 12.772
13.5 12.787
13.5 12.701
13.5 12.835
13.5 12.735
13.5 12.779
13.5 12.812
13.5 12.779
13.5 12.917
13.5 12.832
13.5 12.631
13.5 12.842
13.5 12.974
13.5 12.798
13.5 12.863
13.5 12.873
13.5 12.741
13.5 12.591
13.5 12.771
13.5 12.76
13.5 12.983
13.5 12.642
13.5 12.679
13.5 12.822
13.5 12.854
13.5 12.94
13.5 12.904
13.5 12.761
13.5 12.895
13.5 12.716
13.5 12.746
13.5 12.862
13.5 12.889
13.5 12.797
13.5 12.866
13.5 12.819
13.5 12.902
13.5 12.919
13.5 12.661
13.5 12.715
13.5 12.756
13.5 12.693
13.5 12.644
13.5 12.676
13.5 12.819
13.5 12.77
13.5 12.83
13.5 12.916
13.5 12.884
13.5 12.83
13.5 12.876
13.5 12.815
13.5 12.9
13.5 12.84
13.5 12.908
13.5 12.814
13.5 12.705
13.5 12.758
13.5 12.898
13.5 12.506
13.5 12.875
13.5 12.706
13.5 12.784
13.5 12.606
13.5 12.873
13.5 12.806
13.5 12.745
13.5 12.635
13.5 12.544
13.5 12.753
13.5 12.648
13.5 12.852
13.5 12.778
13.5 12.835
13.5 12.874
13.5 12.503
13.5 12.913
13.5 12.553
13.5 12.89
13.5 12.945
500
11.5 3.513
11.5 7.63
12.5 8.918
12.5 9.322
12.5 9.686
12.5 10.211
12.5 10.696
12.5 10.943
13.5 11.282
13.5 11.27
13.5 11.412
13.5 11.693
13.5 11.447
13.5 11.664
13.5 11.799
13.5 11.789
13.5 11.791
13.5 11.99
13.5 11.885
13.5 12.121
13.5 12.206
13.5 12.159
13.5 12.485
13.5 12.486
13.5 12.536
13.5 12.746
13.5 12.93
13.5 12.881
13.5 12.703
13.5 12.833
13.5 12.692
13.5 12.752
13.5 12.772
13.5 12.719
13.5 12.868
13.5 12.852
13.5 12.806
13.5 12.713
13.5 12.548
13.5 12.644
13.5 12.728
13.5 12.799
13.5 12.726
13.5 12.882
13.5 12.57
13.5 12.732
13.5 12.702
13.5 12.86
13.5 12.904
13.5 12.788
13.5 12.854
13.5 12.96
13.5 12.789
13.5 12.609
13.5 12.725
13.5 12.763
13.5 12.772
13.5 12.774
13.5 12.821
13.5 12.852
13.5 12.864
13.5 12.741
13.5 12.883
13.5 12.785
13.5 12.774
13.5 12.85
13.5 12.588
13.5 12.657
13.5 12.856
13.5 12.838
13.5 12.688
13.5 12.798
13.5 12.722
13.5 12.648
13.5 12.618
13.5 12.79
13.5 12.815
13.5 12.962
13.5 12.773
13.5 12.719
13.5 12.818
13.5 12.726
13.5 12.806
13.5 12.893
13.5 12.822
13.5 12.865
13.5 12.887
13.5 12.877
13.5 12.83
13.5 12.699
13.5 12.689
13.5 12.745
13.5 12.817
13.5 12.743
13.5 12.889
13.5 12.621
13.5 12.783
13.5 12.822
13.5 12.629
13.5 12.782
13.5 12.543
13.5 12.478
13.5 12.777
13.5 12.663
13.5 12.814
13.5 12.667
13.5 12.831
13.5 12.464
13.5 12.912
13.5 12.838
13.5 12.879
13.5 12.765
13.5 12.698
13.5 12.828
13.5 12.842
13.5 12.9
13.5 12.75
13.5 12.537
13.5 12.808
13.5 12.702
13.5 12.926
13.5 12.998
13.5 12.817
13.5 12.93
13.5 12.811
13.5 12.92
13.5 12.971
13.5 12.9
13.5 12.827
13.5 12.97
13.5 12.932
13.5 12.82
13.5 12.706
13.5 12.745
13.5 12.721
13.5 12.865
13.5 12.939
13.5 12.92
13.5 12.769
13.5 12.835
13.5 12.683
13.5 12.778
13.5 12.869
13.5 12.993
13.5 12.931
13.5 12.791
13.5 12.819
13.5 12.796
13.5 12.745
13.5 12.897
13.5 12.738
13.5 12.778
13.5 12.755
13.5 12.695
13.5 12.676
13.5 12.718
13.5 12.956
13.5 12.813
13.5 12.861
13.5 12.869
13.5 12.799
13.5 12.651
13.5 12.912
13.5 12.987
13.5 12.943
13.5 12.952
13.5 12.737
13.5 12.683
13.5 12.873
13.5 12.538
13.5 12.891
13.5 12.5
13.5 12.782
13.5 12.821
13.5 12.949
13.5 13.035
13.5 12.87
13.5 12.741
13.5 12.906
13.5 12.731
13.5 12.743
13.5 12.872
13.5 12.855
13.5 12.763
13.5 12.963
13.5 12.765
13.5 12.784
13.5 12.823
13.5 12.848
13.5 12.625
13.5 12.979
13.5 12.913
13.5 12.885
13.5 12.945
13.5 12.903
13.5 12.725
13.5 12.845
13.5 12.949
13.5 12.851
13.5 12.919
13.5 12.975
13.5 12.945
13.5 12.959
13.5 12.795
13.5 12.817
13.5 12.995
13.5 13.008
13.5 12.863
13.5 12.793
13.5 12.931
13.5 12.893
13.5 12.779
13.5 12.89
13.5 12.76
13.5 12.868
13.5 12.837
13.5 12.818
13.5 12.929
13.5 13.009
13.5 12.952
13.5 13.002
13.5 12.899
13.5 12.987
13.5 12.732
13.5 12.76
13.5 12.805
13.5 12.58
13.5 12.896
13.5 12.823
13.5 12.871
13.5 12.779
13.5 12.8
13.5 12.868
13.5 12.833
13.5 12.831
13.5 12.936
13.5 12.875
13.5 12.794
13.5 12.752
13.5 12.802
13.5 12.906
13.5 12.952
13.5 12.898
13.5 12.685
13.5 12.823
13.5 12.808
13.5 12.559
13.5 12.758
13.5 12.853
13.5 12.84
13.5 12.728
13.5 12.758
13.5 12.818
13.5 13.054
13.5 13.007
13.5 12.889
13.5 13.006
13.5 12.834
13.5 12.828
13.5 12.829
13.5 12.807
13.5 12.867
13.5 12.96
13.5 12.747
13.5 12.855
13.5 12.88
13.5 12.55
13.5 12.839
13.5 12.751
13.5 12.872
13.5 12.954
13.5 12.892
13.5 12.918
13.5 12.81
13.5 12.641
13.5 12.774
13.5 12.835
13.5 12.766
13.5 12.808
13.5 12.793
13.5 12.904
13.5 12.987
13.5 12.844
13.5 12.817
13.5 12.732
13.5 12.839
13.5 12.673
13.5 12.817
13.5 12.826
13.5 12.749
13.5 13.01
13.5 12.742
13.5 12.721
13.5 12.955
13.5 12.63
13.5 12.742
13.5 12.853
13.5 12.61
13.5 12.769
13.5 12.926
13.5 12.614
13.5 12.806
13.5 12.914
13.5 12.745
13.5 12.952
13.5 12.955
13.5 12.654
13.5 12.791
13.5 12.82
13.5 12.857
13.5 12.844
13.5 12.637
13.5 12.793
13.5 12.944
13.5 12.975
13.5 12.993
13.5 12.809
13.5 12.894
13.5 12.874
13.5 12.721
13.5 12.815
13.5 12.585
13.5 12.536
13.5 12.709
13.5 12.74
13.5 12.848
13.5 12.725
13.5 12.599
13.5 12.754
13.5 12.778
13.5 12.812
13.5 12.703
13.5 12.819
13.5 12.952
13.5 12.908
13.5 12.714
13.5 12.769
13.5 12.643
13.5 12.67
13.5 12.597
13.5 12.82
13.5 12.7
13.5 12.673
13.5 12.952
13.5 12.522
13.5 12.966
13.5 12.776
13.5 12.86
13.5 12.779
13.5 12.804
13.5 12.791
13.5 12.82
13.5 12.861
13.5 12.85
13.5 12.88
13.5 12.936
13.5 12.633
13.5 12.798
13.5 12.765
13.5 12.901
13.5 12.808
13.5 12.82
13.5 12.656
13.5 12.753
13.5 12.735
13.5 12.872
13.5 12.777
13.5 12.818
13.5 12.779
13.5 12.695
13.5 13.04
13.5 13.011
13.5 13.023
13.5 13.001
13.5 12.963
13.5 12.861
13.5 12.825
13.5 12.862
13.5 12.934
13.5 12.863
13.5 12.715
13.5 12.82
13.5 12.752
13.5 12.814
13.5 12.853
13.5 12.684
13.5 12.616
13.5 12.794
13.5 12.821
13.5 12.699
13.5 12.77
13.5 12.719
13.5 12.768
13.5 12.652
13.5 12.721
13.5 12.897
13.5 12.763
13.5 12.736
13.5 12.682
13.5 12.816
13.5 12.795
13.5 12.615
13.5 12.741
13.5 12.747
13.5 12.631
13.5 12.684
13.5 12.717
13.5 12.607
13.5 12.838
13.5 13.01
13.5 12.792
13.5 12.98
13.5 12.767
13.5 12.706
13.5 12.753
13.5 12.672
13.5 12.651
13.5 12.797
13.5 12.764
13.5 12.542
13.5 12.695
13.5 12.542
13.5 12.783
13.5 12.839
13.5 12.917
13.5 12.856
13.5 12.68
13.5 12.612
13.5 12.932
13.5 12.794
13.5 12.69
13.5 12.575
13.5 12.677
13.5 12.898
13.5 12.824
13.5 12.799
13.5 12.766
13.5 12.847
13.5 12.863
13.5 12.907
13.5 12.825
13.5 12.882
13.5 12.813
13.5 12.688
13.5 12.871
13.5 12.769
13.5 12.793
13.5 12.735
13.5 12.841
13.5 12.666
13.5 12.607
13.5 12.859
13.5 12.884
13.5 12.837
13.5 12.931
13.5 12.827
13.5 12.648
13.5 12.868
13.5 12.865
13.5 12.795
13.5 12.868
13.5 12.869
13.5 12.881
13.5 12.915
13.5 12.932
13.5 12.866
13.5 12.957
13.5 12.641
13.5 12.809
13.5 12.951
13.5 12.817
13.5 12.774
13.5 12.868
13.5 12.693
13.5 12.819
13.5 12.764
13.5 12.638
13.5 12.672
13.5 12.751
13.5 12.752
13.5 12.737
13.5 12.68
13.5 12.843
13.5 12.716
13.5 12.891
13.5 12.926
13.5 12.598
13.5 12.879
13.5 12.814
13.5 12.807
13.5 12.826
13.5 12.859
13.5 12.914
13.5 12.883
13.5 12.801
13.5 12.947
13.5 12.795
13.5 12.795
13.5 12.935
13.5 12.867
500
12.0 3.73
12.0 7.448
12.5 8.697
12.5 9.288
12.5 9.615
12.5 10.008
13.0 9.938
13.0 10.543
13.0 10.438
13.0 10.773
13.5 11.123
13.5 11.419
13.5 11.27
13.5 11.765
13.5 12.058
13.5 11.653
13.5 12.232
13.5 12.417
13.5 12.654
13.5 12.683
13.5 12.552
13.5 12.921
13.5 12.873
13.5 12.913
13.5 12.618
13.5 12.831
13.5 12.694
13.5 12.812
13.5 12.811
13.5 12.7
13.5 12.732
13.5 12.699
13.5 12.822
13.5 12.938
13.5 12.993
13.5 12.777
13.5 12.78
13.5 12.84
13.5 12.799
13.5 12.805
13.5 12.804
13.5 12.756
13.5 12.886
13.5 12.889
13.5 12.771
13.5 12.734
13.5 12.921
13.5 12.934
13.5 12.989
13.5 12.712
13.5 12.672
13.5 12.877
13.5 12.744
13.5 12.914
13.5 12.777
13.5 12.608
13.5 12.795
13.5 12.746
13.5 12.652
13.5 12.741
13.5 12.748
13.5 12.814
13.5 12.798
13.5 12.82
13.5 12.886
13.5 13.092
13.5 12.84
13.5 12.732
13.5 12.698
13.5 12.534
13.5 12.865
13.5 12.914
13.5 12.669
13.5 12.753
13.5 12.775
13.5 12.884
13.5 12.852
13.5 12.699
13.5 12.771
13.5 12.829
13.5 12.84
13.5 12.756
13.5 12.663
13.5 12.795
13.5 12.611
13.5 12.901
13.5 12.837
13.5 12.618
13.5 12.755
13.5 12.964
13.5 12.772
13.5 12.653
13.5 12.523
13.5 12.884
13.5 12.92
13.5 12.823
13.5 12.734
13.5 12.998
13.5 12.587
13.5 12.752
13.5 12.663
13.5 12.853
13.5 12.76
13.5 12.968
13.5 12.869
13.5 12.744
13.5 12.937
13.5 12.933
13.5 12.854
13.5 12.807
13.5 12.729
13.5 12.921
13.5 12.881
13.5 12.834
13.5 12.752
13.5 12.76
13.5 12.902
13.5 12.915
13.5 12.735
13.5 12.83
13.5 12.73
13.5 12.713
13.5 12.789
13.5 12.765
13.5 12.894
13.5 12.764
13.5 12.919
13.5 12.829
13.5 12.762
13.5 12.832
13.5 12.683
13.5 12.816
13.5 12.528
13.5 12.889
13.5 12.842
13.5 12.793
13.5 12.728
13.5 12.952
13.5 12.477
13.5 12.941
13.5 12.756
13.5 12.842
13.5 12.644
13.5 12.657
13.5 12.711
13.5 12.662
13.5 12.645
13.5 12.837
13.5 12.862
13.5 12.748
13.5 12.974
13.5 12.924
13.5 12.945
13.5 12.759
13.5 12.595
13.5 12.727
13.5 12.663
13.5 12.469
13.5 12.673
13.5 12.718
13.5 12.696
13.5 12.874
13.5 12.722
13.5 12.772
13.5 12.601
13.5 12.688
13.5 12.81
13.5 12.682
13.5 12.879
13.5 12.753
13.5 12.825
13.5 12.801
13.5 12.658
13.5 12.769
13.5 12.612
13.5 12.801
13.5 12.79
13.5 12.746
13.5 12.906
13.5 12.94
13.5 12.727
13.5 12.831
13.5 12.634
13.5 12.636
13.5 12.705
13.5 12.825
13.5 12.744
13.5 12.855
13.5 12.964
13.5 12.873
13.5 12.819
13.5 12.647
13.5 12.691
13.5 12.673
13.5 12.51
13.5 12.787
13.5 12.696
13.5 12.772
13.5 12.788
13.5 12.81
13.5 12.731
13.5 13.002
13.5 12.65
13.5 12.896
13.5 12.868
13.5 12.82
13.5 13.056
13.5 12.851
13.5 12.825
13.5 12.92
13.5 12.808
13.5 12.911
13.5 12.669
13.5 12.64
13.5 12.883
13.5 12.907
13.5 12.843
13.5 12.914
13.5 12.799
13.5 12.908
13.5 12.852
13.5 12.899
13.5 12.871
13.5 12.773
13.5 12.768
13.5 12.778
13.5 12.911
13.5 12.783
13.5 12.576
13.5 12.445
13.5 12.9
13.5 12.729
13.5 12.823
13.5 12.765
13.5 12.723
13.5 12.67
13.5 12.808
13.5 12.924
13.5 12.831
13.5 12.967
13.5 12.964
13.5 12.829
13.5 12.721
13.5 12.828
13.5 12.794
13.5 12.899
13.5 12.673
13.5 12.767
13.5 12.868
13.5 12.736
13.5 12.717
13.5 12.807
13.5 12.842
13.5 12.82
13.5 12.887
13.5 12.879
13.5 12.881
13.5 12.71
13.5 12.609
13.5 12.648
13.5 12.754
13.5 12.707
13.5 12.849
13.5 12.671
13.5 12.839
13.5 12.746
13.5 12.788
13.5 12.822
13.5 12.99
13.5 12.729
13.5 12.95
13.5 12.535
13.5 12.76
13.5 12.828
13.5 12.557
13.5 12.916
13.5 12.793
13.5 12.877
13.5 12.909
13.5 12.668
13.5 12.836
13.5 12.884
13.5 13.048
13.5 12.963
13.5 12.758
13.5 12.957
13.5 12.768
13.5 12.624
13.5 12.781
13.5 12.881
13.5 12.815
13.5 12.625
13.5 12.857
13.5 12.896
13.5 12.929
13.5 12.754
13.5 12.93
13.5 12.91
13.5 12.854
13.5 12.58
13.5 12.798
13.5 12.974
13.5 12.862
13.5 12.616
13.5 12.823
13.5 12.714
13.5 12.567
13.5 12.717
13.5 12.744
13.5 12.81
13.5 12.737
13.5 12.718
13.5 12.883
13.5 12.841
13.5 12.712
13.5 12.746
13.5 12.713
13.5 12.806
13.5 12.846
13.5 12.856
13.5 12.848
13.5 12.802
13.5 12.902
13.5 12.872
13.5 12.546
13.5 12.805
13.5 12.904
13.5 13.017
13.5 12.903
13.5 12.878
13.5 12.727
13.5 12.709
13.5 12.67
13.5 12.894
13.5 12.657
13.5 12.655
13.5 12.689
13.5 12.835
13.5 12.839
13.5 12.716
13.5 12.929
13.5 12.92
13.5 12.769
13.5 12.745
13.5 12.796
13.5 12.828
13.5 12.881
13.5 12.752
13.5 12.692
13.5 12.764
13.5 12.872
13.5 12.914
13.5 12.908
13.5 12.84
13.5 12.767
13.5 12.909
13.5 12.881
13.5 12.852
13.5 12.805
13.5 12.609
13.5 12.779
13.5 12.885
13.5 12.928
13.5 12.875
13.5 12.841
13.5 12.865
13.5 12.661
13.5 12.691
13.5 12.858
13.5 12.778
13.5 12.718
13.5 12.809
13.5 12.921
13.5 12.636
13.5 12.887
13.5 12.684
13.5 12.545
13.5 12.797
13.5 12.672
13.5 12.567
13.5 12.779
13.5 12.88
13.5 12.843
13.5 12.81
13.5 12.918
13.5 12.855
13.5 12.922
13.5 12.745
13.5 12.637
13.5 12.699
13.5 12.675
13.5 12.812
13.5 12.901
13.5 12.813
13.5 12.667
13.5 12.831
13.5 12.79
13.5 12.804
13.5 12.854
13.5 12.637
13.5 12.62
13.5 12.897
13.5 12.774
13.5 12.966
13.5 12.867
13.5 12.596
13.5 12.719
13.5 12.716
13.5 12.768
13.5 12.781
13.5 12.932
13.5 12.6
13.5 12.893
13.5 12.889
13.5 12.974
13.5 12.972
13.5 12.873
13.5 12.741
13.5 12.657
13.5 12.753
13.5 12.91
13.5 12.868
13.5 12.822
13.5 13.032
13.5 12.686
13.5 12.778
13.5 12.791
13.5 12.584
13.5 12.835
13.5 12.542
13.5 12.65
13.5 12.941
13.5 12.683
13.5 12.889
13.5 12.748
13.5 12.748
13.5 12.682
13.5 12.836
13.5 12.647
13.5 12.769
13.5 12.792
13.5 13.051
13.5 12.981
13.5 12.75
13.5 12.878
13.5 12.758
13.5 12.715
13.5 12.798
13.5 12.803
13.5 12.91
13.5 12.921
13.5 12.893
13.5 12.63
13.5 12.524
13.5 12.723
13.5 12.602
13.5 12.539
13.5 12.841
13.5 12.706
13.5 12.799
13.5 12.739
13.5 12.81
13.5 12.827
13.5 12.884
13.5 12.862
13.5 12.921
13.5 12.883
13.5 12.966
13.5 12.911
13.5 12.59
13.5 12.89
13.5 12.666
13.5 12.735
13.5 12.664
13.5 12.816
13.5 12.839
13.5 12.784
13.5 12.622
13.5 12.747
13.5 12.933
13.5 12.742
13.5 12.639
13.5 12.782
13.5 12.856
13.5 12.741
13.5 12.803
13.5 12.933
13.5 12.93
13.5 12.87
13.5 12.817
13.5 12.949
13.5 12.834
13.5 12.734
13.5 12.704
13.5 12.946
13.5 12.884
13.5 12.648
13.5 12.666
13.5 12.748
13.5 12.729

Individual: [1, 2, 4, 8, 11, 13, 16, 17, 19, 20]
   Fitness: 13.0
     Total: 10
Violations: 2 2

Individual: [1, 3, 6, 7, 12, 14, 15, 19, 20]
   Fitness: 13.5
     Total: 9
Violations: 0 0

Individual: [1, 2, 4, 5, 10, 12, 13, 17, 18, 20]
   Fitness: 13.0
     Total: 10
Violations: 2 2

Individual: [1, 2, 4, 5, 7, 8, 16, 17, 19, 20]
   Fitness: 13.0
     Total: 10
Violations: 2 2

Individual: [1, 2, 4, 5, 8, 10, 13, 17, 19, 20]
   Fitness: 13.0
     Total: 10
Violations: 2 2

Individual: [1, 2, 6, 7, 9, 14, 15, 18, 20]
   Fitness: 13.5
     Total: 9
Violations: 0 0

Individual: [1, 2, 4, 5, 8, 10, 13, 17, 19, 20]
   Fitness: 13.0
     Total: 10
Violations: 2 2

Individual: [1, 3, 6, 7, 12, 14, 15, 19, 20]
   Fitness: 13.5
     Total: 9
Violations: 0 0

Individual: [1, 2, 6, 7, 9, 14, 15, 18, 20]
   Fitness: 13.5
     Total: 9
Violations: 0 0

Individual: [1, 3, 6, 7, 12, 14, 15, 19, 20]
   Fitness: 13.5
     Total: 9
Violations: 0 0
