10
100
11.5 3.598
12.0 6.57
13.0 6.021
13.0 6.69
13.0 6.951
13.0 7.118
13.0 6.919
13.0 7.091
13.0 6.844
13.0 7.053
13.0 7.131
13.0 7.097
13.0 7.056
13.0 6.678
13.0 7.112
13.0 7.184
13.0 6.864
13.0 7.146
13.0 7.079
13.0 7.029
13.0 6.786
13.0 6.951
13.0 6.833
13.0 6.883
13.0 7.001
13.0 6.895
13.0 6.787
13.0 6.816
13.0 6.953
13.0 7.159
13.0 7.437
13.0 6.813
13.0 7.126
13.0 7.224
13.0 6.726
13.0 7.241
13.0 6.906
13.0 7.219
13.0 7.094
13.0 6.861
13.0 6.89
13.0 7.209
13.0 7.207
13.0 6.966
13.0 7.345
13.0 6.916
13.0 7.29
13.0 6.683
13.0 6.916
13.0 7.056
13.0 6.944
13.0 7.127
13.0 6.904
13.0 7.105
13.0 6.706
13.0 6.633
13.0 6.935
13.0 7.349
13.0 6.69
13.0 7.283
13.0 6.973
13.0 7.151
13.0 7.002
13.0 7.272
13.0 7.127
13.0 6.918
13.0 6.792
13.0 7.087
13.0 7.307
13.0 7.142
13.0 6.984
13.0 7.056
13.0 6.828
13.0 7.025
13.0 7.245
13.0 7.255
13.0 7.06
13.0 6.935
13.0 6.99
13.0 6.787
13.0 6.799
13.0 7.083
13.0 7.204
13.0 7.304
13.0 7.121
13.0 6.882
13.0 6.893
13.0 7.084
13.0 7.284
13.0 7.238
13.0 6.977
13.0 7.182
13.0 7.011
13.0 7.042
13.0 6.916
13.0 7.141
13.0 7.079
13.0 7.095
13.0 6.893
13.0 7.072
100
11.5 3.984
11.5 6.487
11.5 6.583
11.5 6.845
13.0 6.76
13.0 7.273
13.0 7.031
13.0 6.771
13.0 7.344
13.0 6.961
13.0 7.049
13.0 7.201
13.0 6.991
13.0 6.821
13.0 7.113
13.0 7.082
13.0 6.671
13.0 7.217
13.0 7.044
13.0 7.448
13.0 6.985
13.0 7.239
13.0 6.602
13.0 6.77
13.0 6.738
13.0 6.93
13.0 7.085
13.0 7.121
13.0 6.898
13.0 6.746
13.0 6.917
13.0 6.688
13.0 7.152
13.0 6.897
13.0 6.97
13.0 7.263
13.0 7.259
13.0 6.81
13.0 7.19
13.0 7.217
13.0 7.337
13.0 7.304
13.0 6.865
13.0 7.232
13.0 7.338
13.5 6.759
13.5 7.072
13.5 7.05
13.5 7.326
13.5 7.331
13.5 7.02
13.5 7.286
13.5 6.905
13.5 7.108
13.5 7.073
13.5 7.136
13.5 7.248
13.5 7.236
13.5 6.788
13.5 7.164
13.5 7.418
13.5 6.738
13.5 7.141
13.5 7.257
13.5 6.867
13.5 7.153
13.5 6.775
13.5 6.791
13.5 7.008
13.5 7.214
13.5 6.967
13.5 7.003
13.5 6.855
13.5 7.255
13.5 7.362
13.5 7.074
13.5 7.165
13.5 6.958
13.5 7.259
13.5 7.017
13.5 7.152
13.5 7.377
13.5 7.186
13.5 7.146
13.5 7.06
13.5 7.024
13.5 7.368
13.5 7.122
13.5 7.261
13.5 7.112
13.5 6.796
13.5 7.093
13.5 6.949
13.5 7.392
13.5 6.91
13.5 7.081
13.5 7.16
13.5 6.984
13.5 7.168
13.5 7.048
100
11.5 4.004
11.5 6.425
12.5 6.9
12.5 6.637
12.5 6.769
12.5 6.412
12.5 6.915
12.5 6.651
12.5 6.975
12.5 6.751
12.5 7.117
12.5 7.095
12.5 6.995
12.5 6.763
12.5 6.656
12.5 7.027
12.5 6.953
12.5 6.805
12.5 6.767
12.5 6.952
12.5 6.808
12.5 6.714
13.0 6.994
13.0 7.236
13.0 6.854
13.0 6.951
13.0 6.726
13.0 7.397
13.0 6.946
13.0 7.142
13.0 7.354
13.0 7.278
13.0 7.436
13.0 7.092
13.0 6.929
13.0 6.649
13.0 6.966
13.0 7.192
13.0 7.14
13.0 7.185
13.0 7.03
13.0 7.167
13.0 6.848
13.0 7.341
13.0 7.313
13.0 6.888
13.0 7.082
13.0 7.017
13.0 7.083
13.0 7.086
13.0 6.906
13.0 7.429
13.0 6.707
13.0 7.086
13.0 7.318
13.0 6.905
13.0 7.203
13.0 6.813
13.0 6.724
13.0 7.18
13.0 7.176
13.0 7.011
13.0 7.34
13.0 7.131
13.0 7.21
13.0 7.121
13.0 7.218
13.0 6.94
13.0 7.118
13.0 7.194
13.0 7.231
13.0 7.118
13.0 7.129
13.0 7.157
13.0 7.404
13.0 7.285
13.0 7.164
13.0 7.188
13.0 7.046
13.0 6.674
13.0 6.959
13.0 7.23
13.0 7.077
13.0 7.141
13.0 6.912
13.0 7.321
13.0 6.731
13.0 7.131
13.0 7.404
13.0 6.504
13.0 7.221
13.0 6.877
13.0 7.086
13.0 7.082
13.0 7.093
13.0 6.825
13.0 7.106
13.0 7.093
13.0 6.918
13.0 6.866
100
11.0 3.784
11.5 6.506
12.5 6.863
12.5 6.716
12.5 6.862
12.5 6.736
12.5 7.006
12.5 6.772
12.5 6.721
12.5 6.75
12.5 7.076
12.5 6.877
12.5 6.887
12.5 6.602
12.5 6.883
13.0 6.804
13.0 6.427
13.0 6.861
13.0 7.212
13.0 7.372
13.0 6.911
13.0 7.309
13.0 7.084
13.0 6.889
13.0 6.989
13.0 7.223
13.0 6.916
13.0 7.245
13.0 6.998
13.0 7.11
13.0 6.735
13.0 6.972
13.0 7.052
13.0 6.766
13.0 6.841
13.0 6.956
13.0 6.95
13.0 6.722
13.0 7.067
13.0 6.847
13.0 6.878
13.0 6.668
13.0 6.826
13.0 7.168
13.0 7.022
13.0 7.247
13.0 7.144
13.0 7.122
13.0 7.031
13.0 7.25
13.0 6.965
13.0 7.022
13.0 6.811
13.0 7.019
13.0 7.031
13.0 7.28
13.0 7.0
13.0 6.88
13.0 6.61
13.0 6.777
13.0 7.21
13.0 6.844
13.0 6.876
13.0 6.875
13.0 7.313
13.0 6.622
13.0 7.181
13.0 7.097
13.0 7.064
13.0 6.987
13.0 6.982
13.0 7.387
13.0 6.815
13.0 6.947
13.0 6.949
13.0 6.833
13.0 7.095
13.0 7.028
13.0 7.411
13.0 7.08
13.0 6.709
13.0 7.024
13.0 7.102
13.0 6.903
13.0 6.861
13.0 7.094
13.0 7.101
13.0 6.715
13.0 7.429
13.0 6.862
13.0 6.812
13.0 7.254
13.0 7.337
13.0 6.779
13.0 7.38
13.0 7.345
13.0 7.14
13.0 6.97
13.0 6.63
13.0 7.057
100
11.0 3.854
11.0 6.41
12.5 6.645
12.5 6.78
12.5 6.68
12.5 6.697
12.5 6.745
12.5 6.676
13.0 6.635
13.0 6.985
13.0 6.921
13.0 6.89
13.0 6.797
13.0 6.987
13.0 7.041
13.0 7.31
13.0 7.026
13.0 6.784
13.0 7.032
13.0 6.861
13.0 7.109
13.0 6.918
13.0 7.193
13.0 7.159
13.0 6.696
13.0 6.749
13.0 7.006
13.0 6.751
13.0 6.977
13.0 6.75
13.0 7.115
13.0 6.553
13.0 7.167
13.0 6.888
13.0 6.936
13.0 7.259
13.0 6.978
13.0 7.305
13.0 7.159
13.0 7.024
13.0 7.242
13.0 7.042
13.0 7.023
13.0 7.259
13.0 7.084
13.0 7.049
13.0 6.74
13.0 7.269
13.0 6.59
13.0 7.048
13.0 7.207
13.0 7.174
13.0 7.224
13.0 6.812
13.0 7.426
13.0 6.604
13.0 6.643
13.0 6.259
13.0 7.27
13.0 6.913
13.0 6.825
13.0 6.649
13.0 7.411
13.0 7.326
13.0 7.245
13.0 6.965
13.0 7.11
13.0 7.243
13.0 6.993
13.0 6.864
13.0 7.106
13.0 7.295
13.0 7.051
13.0 7.148
13.0 7.205
13.0 7.128
13.0 7.108
13.0 7.073
13.0 7.215
13.0 7.259
13.0 7.275
13.0 6.817
13.0 6.548
13.0 7.245
13.0 6.953
13.0 6.441
13.0 7.147
13.0 7.121
13.0 6.316
13.0 6.621
13.0 6.874
13.0 6.862
13.0 7.389
13.0 7.007
13.0 6.954
13.0 7.028
13.0 6.82
13.0 7.362
13.0 7.131
13.0 7.281
100
12.0 4.153
12.0 6.361
12.0 6.683
12.0 6.166
12.0 6.885
13.0 6.724
13.0 6.746
13.0 7.095
13.0 6.745
13.0 7.12
13.0 6.9
13.0 6.763
13.0 6.613
13.0 7.248
13.0 6.828
13.0 6.832
13.0 7.33
13.0 6.839
13.0 6.917
13.0 6.947
13.0 6.82
13.0 6.871
13.0 6.617
13.0 7.188
13.0 6.947
13.0 7.267
13.0 7.009
13.0 7.001
13.0 6.941
13.0 6.675
13.0 7.183
13.0 6.949
13.0 7.395
13.0 7.047
13.0 7.235
13.0 7.336
13.0 7.193
13.0 6.79
13.0 7.387
13.0 7.125
13.0 6.861
13.0 6.947
13.0 7.209
13.0 7.137
13.0 7.014
13.0 7.022
13.0 7.166
13.0 7.011
13.0 6.574
13.0 7.18
13.0 7.114
13.0 7.216
13.0 6.933
13.0 7.317
13.0 7.137
13.0 7.04
13.0 7.183
13.0 7.315
13.0 7.067
13.0 6.991
13.0 6.985
13.0 6.911
13.0 7.189
13.0 6.779
13.0 7.087
13.0 7.261
13.0 7.162
13.0 7.239
13.0 7.073
13.0 7.306
13.0 6.955
13.0 7.094
13.0 7.042
13.0 7.122
13.0 7.18
13.0 7.251
13.0 7.017
13.0 7.207
13.0 7.012
13.0 7.456
13.0 6.885
13.0 7.057
13.0 7.105
13.0 7.018
13.0 7.063
13.0 7.036
13.0 7.213
13.0 6.747
13.0 7.202
13.0 7.157
13.0 7.157
13.0 6.863
13.0 7.146
13.0 7.579
13.0 7.409
13.0 7.087
13.0 7.353
13.0 7.137
13.0 6.928
13.0 7.165
100
11.5 3.603
12.5 6.082
12.5 6.518
12.5 6.747
12.5 6.71
12.5 6.793
12.5 6.753
12.5 6.631
12.5 6.812
12.5 7.015
12.5 6.925
12.5 7.011
12.5 7.029
12.5 6.779
12.5 6.724
12.5 6.87
12.5 6.812
12.5 6.83
12.5 6.938
12.5 6.89
12.5 7.035
12.5 6.735
12.5 6.922
12.5 6.687
12.5 7.249
12.5 6.867
12.5 6.769
13.0 6.969
13.0 6.949
13.0 7.072
13.0 7.197
13.0 6.471
13.0 6.84
13.0 7.013
13.0 7.008
13.0 6.571
13.0 6.724
13.0 6.927
13.0 6.599
13.0 7.029
13.0 7.072
13.0 7.096
13.0 7.185
13.0 7.119
13.0 6.891
13.0 7.279
13.0 7.227
13.0 7.125
13.0 7.168
13.0 7.193
13.0 7.411
13.0 7.341
13.0 7.09
13.0 6.501
13.0 7.271
13.0 7.007
13.0 7.466
13.0 6.413
13.0 6.843
13.0 7.418
13.0 7.129
13.0 7.138
13.0 6.896
13.0 7.089
13.0 7.447
13.0 6.968
13.0 7.213
13.0 7.299
13.0 7.143
13.0 7.202
13.0 7.056
13.0 7.019
13.0 7.328
13.0 7.398
13.0 6.979
13.0 7.038
13.0 6.92
13.0 7.398
13.0 7.085
13.0 6.81
13.0 7.259
13.0 7.028
13.0 7.089
13.0 6.751
13.0 7.181
13.0 7.04
13.0 7.043
13.0 7.025
13.0 7.251
13.0 7.107
13.0 6.819
13.0 7.103
13.0 6.849
13.0 6.76
13.0 6.902
13.0 7.459
13.0 7.391
13.0 6.973
13.0 7.142
13.0 7.105
100
11.5 3.748
11.5 6.705
12.0 6.427
12.0 6.649
12.0 6.704
12.0 6.839
12.0 6.251
12.0 6.988
13.0 6.67
13.0 6.73
13.0 6.778
13.0 6.731
13.0 7.296
13.0 7.202
13.0 6.911
13.0 7.117
13.0 7.177
13.0 7.118
13.0 7.108
13.0 6.849
13.0 6.938
13.0 7.11
13.0 6.942
13.0 6.643
13.0 6.704
13.0 7.14
13.0 7.147
13.0 6.85
13.0 6.898
13.0 7.095
13.0 7.278
13.0 7.086
13.0 6.581
13.0 7.022
13.0 6.843
13.0 7.113
13.0 6.861
13.0 7.264
13.0 7.025
13.0 6.452
13.0 7.274
13.0 7.055
13.0 6.738
13.0 6.676
13.0 6.952
13.0 6.898
13.0 7.195
13.0 7.202
13.0 6.703
13.0 7.142
13.0 6.886
13.0 6.785
13.0 7.036
13.0 7.097
13.0 6.794
13.0 6.946
13.0 6.713
13.0 7.154
13.0 7.183
13.0 6.936
13.0 7.18
13.0 6.929
13.0 7.086
13.0 6.778
13.0 7.195
13.0 7.169
13.0 6.94
13.0 7.113
13.0 6.996
13.0 7.092
13.0 7.03
13.0 7.206
13.0 6.929
13.0 7.115
13.0 6.823
13.0 7.139
13.0 6.957
13.0 7.112
13.0 7.095
13.0 7.129
13.0 7.014
13.0 7.205
13.0 6.97
13.0 7.045
13.0 6.888
13.0 7.386
13.0 6.796
13.0 6.927
13.0 7.035
13.0 7.098
13.0 6.769
13.0 6.997
13.0 7.02
13.0 7.048
13.0 6.832
13.0 7.2
13.0 7.402
13.0 6.963
13.0 7.025
13.0 7.418
100
11.5 3.839
12.0 6.723
12.5 6.613
12.5 6.685
12.5 6.789
13.0 6.554
13.0 6.568
13.0 6.794
13.0 6.426
13.0 7.094
13.0 7.184
13.0 6.853
13.0 6.839
13.0 6.76
13.0 6.607
13.0 7.076
13.0 7.069
13.0 6.808
13.0 7.25
13.0 7.347
13.0 7.15
13.0 6.764
13.0 7.162
13.0 7.045
13.0 6.913
13.0 7.07
13.0 6.756
13.0 6.897
13.0 6.759
13.0 7.268
13.0 6.892
13.0 6.734
13.0 6.828
13.0 7.033
13.0 7.159
13.0 6.996
13.0 7.227
13.0 6.933
13.0 7.226
13.0 7.213
13.0 7.02
13.0 7.166
13.0 7.149
13.0 6.981
13.0 6.992
13.0 7.447
13.0 7.338
13.0 7.063
13.0 7.339
13.0 6.936
13.0 7.25
13.0 7.128
13.0 7.213
13.0 7.005
13.0 6.859
13.0 6.852
13.0 6.868
13.0 6.873
13.0 6.95
13.0 6.917
13.0 7.053
13.0 6.765
13.0 6.982
13.0 6.91
13.0 6.65
13.0 7.4
13.0 6.97
13.0 7.107
13.0 7.124
13.0 6.955
13.0 6.596
13.0 7.363
13.0 7.024
13.0 7.132
13.0 6.746
13.0 7.177
13.0 6.858
13.0 6.952
13.0 7.098
13.0 7.375
13.0 6.666
13.0 6.922
13.0 6.727
13.0 6.813
13.0 7.137
13.0 7.369
13.0 6.847
13.0 7.361
13.0 7.096
13.0 6.582
13.0 7.254
13.0 6.962
13.0 6.775
13.0 7.201
13.0 7.158
13.0 7.091
13.0 7.024
13.0 6.727
13.0 7.254
13.0 6.754
100
12.0 3.825
12.0 6.572
12.5 6.453
12.5 6.759
12.5 6.697
12.5 6.942
12.5 6.757
12.5 6.702
12.5 6.888
12.5 7.057
12.5 7.21
12.5 7.295
13.0 7.358
13.0 6.847
13.0 6.854
13.0 7.19
13.0 6.925
13.0 7.076
13.0 7.042
13.0 6.675
13.0 6.921
13.0 6.668
13.0 6.816
13.0 7.2
13.0 6.932
13.0 7.008
13.0 6.606
13.0 7.076
13.0 7.086
13.0 6.953
13.0 7.319
13.0 7.253
13.0 6.968
13.0 7.015
13.0 6.598
13.0 6.8
13.0 6.802
13.0 7.073
13.0 7.114
13.0 7.035
13.0 6.941
13.0 6.902
13.0 7.032
13.0 7.361
13.0 7.035
13.0 7.412
13.0 7.029
13.0 7.03
13.0 7.113
13.0 6.885
13.0 7.282
13.0 6.845
13.0 7.238
13.0 6.792
13.0 7.144
13.0 7.142
13.0 7.19
13.0 6.85
13.0 7.219
13.0 7.17
13.0 6.988
13.0 7.175
13.0 6.899
13.0 7.26
13.0 6.785
13.0 6.641
13.0 7.228
13.0 6.852
13.0 6.971
13.0 7.124
13.0 7.078
13.0 7.229
13.0 6.842
13.0 6.753
13.0 7.064
13.0 6.846
13.0 7.016
13.0 7.099
13.0 7.114
13.0 6.977
13.0 6.712
13.0 6.868
13.0 7.169
13.0 7.0
13.0 7.01
13.0 6.897
13.0 6.93
13.0 7.103
13.0 7.031
13.0 7.205
13.0 7.282
13.0 6.601
13.0 6.703
13.0 6.845
13.0 7.089
13.0 7.258
13.0 6.751
13.0 6.62
13.0 7.226
13.0 6.906

Individual: [1, 2, 3, 6, 7, 14, 15, 17, 18, 20]
   Fitness: 13.0
     Total: 10
Violations: 2 2

Individual: [1, 3, 6, 7, 12, 14, 15, 19, 20]
   Fitness: 13.5
     Total: 9
Violations: 0 0

Individual: [1, 2, 3, 6, 7, 8, 16, 17, 19, 20]
   Fitness: 13.0
     Total: 10
Violations: 2 2

Individual: [1, 2, 6, 7, 9, 14, 15, 17, 18, 20]
   Fitness: 13.0
     Total: 10
Violations: 2 2

Individual: [1, 2, 4, 8, 11, 13, 16, 17, 19, 20]
   Fitness: 13.0
     Total: 10
Violations: 2 2

Individual: [1, 3, 4, 6, 7, 14, 15, 18, 19, 20]
   Fitness: 13.0
     Total: 10
Violations: 2 2

Individual: [1, 2, 5, 7, 10, 14, 16, 17, 19, 20]
   Fitness: 13.0
     Total: 10
Violations: 2 2

Individual: [1, 2, 4, 5, 7, 8, 16, 17, 19, 20]
   Fitness: 13.0
     Total: 10
Violations: 2 2

Individual: [1, 2, 4, 5, 7, 14, 15, 17, 18, 20]
   Fitness: 13.0
     Total: 10
Violations: 2 2

Individual: [1, 2, 4, 5, 7, 14, 15, 17, 18, 20]
   Fitness: 13.0
     Total: 10
Violations: 2 2
