10
500
11.5 3.643
11.5 4.238
11.5 4.798
12.0 5.754
12.0 5.634
12.0 4.977
12.0 4.994
12.0 4.573
12.0 5.258
12.0 4.361
12.0 4.828
12.0 4.903
12.0 5.093
12.0 4.763
12.0 5.451
12.5 5.316
12.5 5.243
12.5 5.154
12.5 5.113
12.5 5.59
12.5 5.025
12.5 5.699
12.5 4.911
12.5 5.424
12.5 4.92
12.5 5.134
12.5 5.111
12.5 4.558
12.5 3.965
12.5 4.565
12.5 4.736
12.5 5.435
12.5 6.307
12.5 4.821
12.5 5.099
13.0 6.321
13.0 5.771
13.0 3.334
13.0 4.317
13.0 5.221
13.0 4.83
13.0 4.245
13.0 4.984
13.0 5.066
13.0 4.66
13.0 5.404
13.0 4.755
13.0 5.679
13.0 4.733
13.0 4.599
13.0 5.503
13.0 5.274
13.0 4.071
13.0 5.158
13.0 4.973
13.0 5.135
13.0 4.925
13.0 5.281
13.0 4.971
13.0 5.258
13.0 5.322
13.0 4.632
13.0 5.11
13.0 5.901
13.0 6.022
13.0 4.714
13.0 4.557
13.0 4.876
13.0 6.201
13.0 5.44
13.0 4.968
13.0 3.602
13.0 4.441
13.0 5.176
13.0 5.12
13.0 5.367
13.0 5.068
13.0 5.428
13.0 5.423
13.0 4.621
13.0 4.939
13.0 4.555
13.0 4.445
13.0 4.941
13.0 4.918
13.0 4.87
13.0 4.518
13.0 4.924
13.0 3.655
13.0 5.567
13.0 5.265
13.0 5.653
13.0 5.566
13.0 5.042
13.0 4.733
13.0 5.549
13.0 5.311
13.0 5.194
13.0 4.761
13.0 5.282
13.0 4.763
13.0 5.37
13.0 5.088
13.0 5.113
13.0 4.832
13.0 3.933
13.0 5.517
13.0 5.554
13.0 4.31
13.0 5.365
13.0 4.693
13.0 5.158
13.0 4.904
13.0 4.827
13.0 5.274
13.0 5.737
13.0 4.472
13.0 4.693
13.0 5.814
13.0 3.709
13.0 4.695
13.0 4.953
13.0 5.379
13.0 3.14
13.0 5.65
13.0 5.025
13.0 5.265
13.0 4.931
13.0 5.157
13.0 4.19
13.0 4.816
13.0 5.894
13.0 6.228
13.0 3.461
13.0 5.269
13.0 3.758
13.0 5.233
13.0 5.267
13.0 5.662
13.0 5.346
13.0 4.871
13.0 5.363
13.0 5.501
13.0 5.206
13.0 5.572
13.0 5.09
13.0 5.171
13.0 4.771
13.0 4.359
13.0 4.791
13.0 4.016
13.0 5.154
13.0 4.521
13.0 4.745
13.0 4.907
13.0 4.764
13.0 4.58
13.0 5.574
13.0 4.811
13.0 5.335
13.0 4.625
13.0 5.447
13.0 3.479
13.0 5.4
13.0 3.198
13.0 4.943
13.0 4.664
13.0 3.696
13.0 4.43
13.0 5.016
13.0 5.306
13.0 4.613
13.0 4.004
13.0 5.208
13.0 3.767
13.0 4.466
13.0 4.574
13.0 4.891
13.0 5.153
13.0 4.711
13.0 5.261
13.0 5.035
13.0 5.003
13.0 5.422
13.0 6.055
13.0 5.086
13.0 5.073
13.0 4.781
13.0 4.877
13.0 4.413
13.0 4.997
13.0 4.882
13.0 4.533
13.0 4.039
13.0 4.984
13.0 4.221
13.0 4.852
13.0 3.421
13.0 4.792
13.0 4.778
13.0 4.592
13.0 4.724
13.0 4.06
13.0 4.842
13.0 5.269
13.0 4.535
13.0 5.109
13.0 5.627
13.0 2.534
13.0 5.565
13.0 4.905
13.0 4.867
13.0 5.361
13.0 5.33
13.0 4.762
13.0 4.905
13.0 4.52
13.0 5.06
13.0 4.199
13.0 5.64
13.0 5.689
13.0 5.758
13.0 5.136
13.0 4.903
13.0 5.775
13.0 3.848
13.0 4.981
13.0 4.883
13.0 4.304
13.0 5.106
13.0 4.927
13.0 4.42
13.0 5.262
13.0 5.304
13.0 4.652
13.0 5.528
13.0 5.551
13.0 2.97
13.0 4.597
13.0 4.685
13.0 5.292
13.0 5.665
13.0 4.598
13.0 5.064
13.0 5.047
13.0 4.135
13.0 5.312
13.0 4.785
13.0 4.596
13.0 5.259
13.0 5.258
13.0 4.963
13.0 4.455
13.0 4.218
13.0 4.521
13.0 4.923
13.0 5.443
13.0 4.797
13.0 4.5
13.0 5.848
13.0 5.0
13.0 4.292
13.0 5.22
13.0 4.052
13.0 3.295
13.0 5.304
13.0 4.605
13.0 5.243
13.0 4.491
13.0 5.282
13.0 5.27
13.0 3.999
13.0 5.167
13.0 5.392
13.0 5.347
13.0 4.131
13.0 5.203
13.0 5.48
13.0 5.201
13.0 5.232
13.0 5.153
13.0 4.171
13.0 4.947
13.0 4.536
13.0 4.645
13.0 4.486
13.0 4.69
13.0 4.961
13.0 4.813
13.0 5.632
13.0 4.53
13.0 5.168
13.0 5.031
13.0 4.705
13.0 5.117
13.0 5.564
13.0 4.217
13.0 5.175
13.0 4.251
13.0 5.612
13.0 5.244
13.0 5.128
13.0 4.889
13.0 4.704
13.0 4.615
13.0 5.122
13.0 5.737
13.0 5.112
13.0 5.307
13.0 5.584
13.0 4.997
13.0 4.885
13.0 5.627
13.0 5.776
13.0 4.99
13.0 5.498
13.0 4.804
13.0 4.433
13.0 5.1
13.0 5.492
13.0 5.491
13.0 5.431
13.0 4.097
13.0 2.923
13.0 5.444
13.0 5.127
13.0 5.424
13.0 5.491
13.0 5.124
13.0 5.314
13.0 5.197
13.0 4.749
13.0 4.343
13.0 3.913
13.0 5.594
13.0 4.748
13.0 5.242
13.0 5.366
13.0 4.731
13.0 5.523
13.0 5.224
13.0 4.375
13.0 5.25
13.0 4.433
13.0 5.741
13.0 4.652
13.0 5.689
13.0 5.665
13.0 5.039
13.0 5.124
13.0 5.429
13.0 4.105
13.0 4.569
13.0 4.92
13.0 5.064
13.0 5.27
13.0 4.782
13.0 5.543
13.0 4.499
13.0 5.121
13.0 4.797
13.0 5.476
13.0 4.152
13.0 4.861
13.0 6.009
13.0 4.084
13.0 4.797
13.0 5.689
13.0 5.329
13.0 5.653
13.0 5.08
13.0 4.569
13.0 5.583
13.0 4.157
13.0 5.451
13.0 5.033
13.0 4.875
13.0 5.787
13.0 5.779
13.0 5.111
13.0 5.611
13.0 5.06
13.0 4.356
13.0 5.588
13.0 5.318
13.0 5.232
13.0 3.879
13.0 4.578
13.0 5.031
13.0 5.485
13.0 5.135
13.0 4.619
13.0 5.41
13.0 4.702
13.0 3.733
13.0 5.576
13.0 5.614
13.0 4.991
13.0 5.289
13.0 5.265
13.5 5.834
13.5 4.6
13.5 5.198
13.5 4.727
13.5 4.44
13.5 5.08
13.5 4.975
13.5 4.612
13.5 5.189
13.5 4.45
13.5 5.547
13.5 4.732
13.5 4.587
13.5 5.491
13.5 4.829
13.5 5.359
13.5 4.146
13.5 5.505
13.5 5.414
13.5 5.098
13.5 5.044
13.5 4.233
13.5 5.403
13.5 3.808
13.5 4.679
13.5 4.463
13.5 5.215
13.5 5.578
13.5 5.752
13.5 1.812
13.5 5.16
13.5 5.023
13.5 4.028
13.5 5.649
13.5 5.275
13.5 5.38
13.5 4.781
13.5 5.566
13.5 5.193
13.5 4.965
13.5 4.676
13.5 5.348
13.5 5.229
13.5 5.382
13.5 4.898
13.5 3.105
13.5 4.465
13.5 4.234
13.5 4.928
13.5 4.258
13.5 4.479
13.5 5.58
13.5 4.989
13.5 4.591
13.5 3.871
13.5 5.1
13.5 5.021
13.5 5.564
13.5 5.064
13.5 4.582
13.5 4.859
13.5 4.697
13.5 5.43
13.5 4.256
13.5 4.695
13.5 5.535
13.5 5.515
13.5 5.554
13.5 5.486
13.5 5.341
13.5 5.053
13.5 5.208
13.5 4.727
13.5 5.931
13.5 4.401
13.5 5.225
13.5 4.483
13.5 5.276
13.5 3.817
13.5 5.327
13.5 4.381
13.5 4.726
13.5 4.115
13.5 4.676
13.5 4.618
13.5 3.99
13.5 4.686
13.5 4.504
13.5 4.556
13.5 5.233
13.5 5.023
13.5 4.748
13.5 6.213
13.5 5.034
13.5 4.665
13.5 5.348
13.5 5.371
13.5 4.905
13.5 4.614
13.5 5.281
500
12.5 3.801
12.5 4.784
12.5 4.832
12.5 5.307
12.5 5.057
12.5 4.333
12.5 3.861
12.5 5.477
12.5 5.115
12.5 5.051
12.5 4.857
12.5 3.128
12.5 4.542
12.5 5.529
12.5 5.787
12.5 4.315
12.5 4.873
12.5 4.592
12.5 5.243
12.5 4.581
12.5 4.992
12.5 4.937
12.5 4.375
12.5 4.175
12.5 4.959
12.5 4.813
12.5 5.211
12.5 5.005
12.5 3.112
12.5 4.889
12.5 5.464
12.5 5.365
12.5 5.095
12.5 4.788
12.5 4.583
12.5 4.571
12.5 4.793
12.5 4.045
12.5 5.501
12.5 4.957
12.5 4.767
12.5 5.246
12.5 5.075
12.5 5.951
12.5 5.198
12.5 4.239
12.5 5.545
12.5 4.574
12.5 4.07
12.5 5.527
12.5 4.687
12.5 5.154
12.5 6.066
12.5 5.18
12.5 5.518
12.5 4.483
12.5 5.389
12.5 5.291
12.5 5.413
13.0 4.584
13.0 5.387
13.0 4.38
13.0 5.07
13.0 4.175
13.0 5.079
13.0 4.694
13.0 4.189
13.0 4.625
13.0 5.083
13.0 5.053
13.0 5.466
13.0 4.072
13.0 5.344
13.0 5.054
13.0 6.086
13.0 3.507
13.0 5.586
13.0 4.888
13.0 4.755
13.0 5.152
13.0 5.218
13.0 5.844
13.0 4.552
13.0 4.762
13.0 4.508
13.0 5.415
13.0 4.722
13.0 4.171
13.0 5.46
13.0 5.237
13.0 3.953
13.0 5.88
13.0 5.314
13.0 4.397
13.0 4.865
13.0 6.1
13.0 4.514
13.0 4.798
13.0 4.626
13.0 4.899
13.0 5.492
13.0 0.526
13.0 5.642
13.0 4.618
13.0 5.214
13.0 4.069
13.0 4.407
13.0 5.571
13.0 5.152
13.0 4.806
13.0 5.044
13.0 5.056
13.0 5.666
13.0 5.851
13.0 4.564
13.0 4.663
13.0 4.52
13.0 4.956
13.0 5.208
13.0 5.474
13.0 5.316
13.0 5.799
13.0 5.265
13.0 5.069
13.0 5.483
13.0 5.281
13.0 5.632
13.0 5.105
13.0 4.547
13.0 4.992
13.0 4.53
13.0 3.426
13.0 3.618
13.0 5.113
13.0 5.496
13.0 5.165
13.0 5.663
13.0 4.55
13.0 4.943
13.0 5.378
13.0 5.344
13.0 5.244
13.0 4.013
13.0 5.287
13.0 4.694
13.0 5.134
13.0 4.783
13.0 5.653
13.0 5.427
13.0 4.857
13.0 5.162
13.0 4.428
13.0 4.741
13.0 5.995
13.0 3.965
13.0 5.295
13.0 4.962
13.0 5.336
13.0 4.878
13.0 5.027
13.0 5.201
13.0 5.131
13.0 4.135
13.0 4.835
13.0 5.367
13.0 2.806
13.0 3.884
13.0 4.134
13.0 5.359
13.0 5.542
13.0 4.923
13.0 4.304
13.0 5.489
13.0 5.087
13.0 5.331
13.0 4.913
13.0 4.727
13.0 5.127
13.0 5.125
13.0 5.652
13.0 5.562
13.0 5.912
13.0 1.64
13.0 5.407
13.0 5.48
13.0 5.482
13.0 5.606
13.0 4.664
13.0 4.682
13.0 4.776
13.0 4.762
13.0 5.227
13.0 3.995
13.0 4.539
13.0 5.471
13.0 4.771
13.0 5.114
13.0 5.515
13.0 3.844
13.0 5.127
13.0 4.713
13.0 5.415
13.0 5.009
13.0 5.079
13.0 4.68
13.0 5.123
13.0 5.018
13.0 4.207
13.0 4.451
13.0 5.22
13.0 4.957
13.0 4.742
13.0 5.759
13.0 5.281
13.0 5.171
13.0 4.38
13.0 5.342
13.0 5.6
13.0 3.715
13.0 4.737
13.0 5.708
13.0 4.981
13.0 4.988
13.0 4.466
13.0 4.428
13.0 5.504
13.0 5.365
13.0 4.946
13.0 3.923
13.0 4.287
13.0 4.798
13.0 4.744
13.0 5.25
13.0 5.767
13.0 5.352
13.0 4.56
13.0 4.969
13.0 5.108
13.0 5.215
13.0 2.97
13.0 5.495
13.0 5.164
13.0 4.443
13.0 5.145
13.0 4.944
13.0 4.986
13.0 5.428
13.0 4.743
13.0 5.527
13.0 3.979
13.0 5.806
13.0 5.588
13.0 4.428
13.0 5.235
13.0 4.684
13.0 4.625
13.0 3.93
13.0 4.21
13.0 4.469
13.0 5.144
13.0 4.961
13.0 5.428
13.0 3.666
13.0 4.562
13.0 5.455
13.0 5.026
13.0 4.646
13.0 6.571
13.0 4.584
13.0 5.174
13.0 5.087
13.0 4.537
13.0 5.564
13.0 4.786
13.0 4.895
13.0 4.329
13.0 4.812
13.0 3.616
13.0 3.765
13.0 4.767
13.0 5.197
13.0 4.859
13.0 4.475
13.0 4.977
13.0 4.872
13.0 5.785
13.0 3.865
13.0 5.254
13.0 4.125
13.0 4.873
13.0 5.153
13.0 5.56
13.0 5.233
13.0 5.792
13.0 5.205
13.0 3.562
13.0 4.672
13.0 5.496
13.0 4.818
13.0 5.734
13.0 5.912
13.0 4.033
13.0 5.588
13.0 4.809
13.0 4.923
13.0 5.738
13.0 5.345
13.0 5.818
13.0 5.234
13.0 4.92
13.0 3.499
13.0 4.943
13.0 5.618
13.0 3.577
13.0 4.2
13.0 5.345
13.0 5.133
13.0 4.96
13.0 3.275
13.0 4.568
13.0 5.426
13.0 5.985
13.0 5.756
13.0 6.259
13.0 3.975
13.0 5.848
13.0 5.418
13.0 5.101
13.0 5.571
13.0 3.797
13.0 4.515
13.0 5.349
13.0 4.383
13.0 5.426
13.0 5.502
13.0 5.091
13.0 5.069
13.0 5.163
13.0 4.151
13.0 5.076
13.0 5.969
13.0 5.071
13.0 5.053
13.0 5.43
13.0 5.163
13.0 5.298
13.0 4.693
13.0 4.825
13.0 4.576
13.0 4.948
13.0 5.895
13.0 4.636
13.0 5.254
13.0 4.407
13.0 5.257
13.0 3.256
13.0 4.651
13.0 5.396
13.0 2.654
13.0 5.376
13.0 4.398
13.0 4.812
13.0 4.972
13.0 3.688
13.0 4.941
13.0 3.928
13.0 5.642
13.0 5.993
13.0 5.184
13.0 5.479
13.0 4.918
13.0 4.512
13.0 5.208
13.0 3.627
13.0 5.364
13.0 4.651
13.0 5.626
13.0 4.695
13.0 4.533
13.0 5.329
13.0 5.181
13.0 4.715
13.0 5.276
13.0 5.428
13.0 5.121
13.0 4.035
13.0 5.421
13.0 4.533
13.0 4.757
13.0 4.94
13.0 5.697
13.0 5.494
13.0 5.757
13.0 5.138
13.0 5.158
13.0 5.924
13.0 7.182
13.0 6.573
13.0 5.352
13.0 4.035
13.0 5.649
13.0 5.642
13.0 4.861
13.0 4.664
13.0 5.367
13.0 4.531
13.0 4.19
13.0 4.667
13.0 5.315
13.0 5.61
13.0 4.629
13.0 4.483
13.0 4.955
13.0 5.198
13.0 4.883
13.0 5.24
13.0 4.456
13.0 4.567
13.0 3.806
13.0 4.555
13.0 4.727
13.0 5.347
13.0 6.027
13.0 2.917
13.0 5.275
13.0 5.776
13.0 5.68
13.0 5.833
13.0 5.538
13.0 5.554
13.0 4.172
13.0 5.458
13.0 4.73
13.0 4.914
13.0 4.787
13.0 5.364
13.0 5.021
13.0 5.472
13.0 4.477
13.0 4.693
13.0 3.728
13.0 3.808
13.0 5.357
13.0 4.939
13.0 3.847
13.0 5.603
13.0 4.425
13.0 5.066
13.0 4.218
13.0 4.341
13.0 4.742
13.0 4.402
13.0 4.699
13.0 4.465
13.0 4.642
13.0 5.173
13.0 4.968
13.0 4.717
13.0 5.242
13.0 5.346
13.0 5.544
13.0 5.284
13.0 3.965
13.0 5.221
13.0 4.244
13.0 5.022
13.0 5.185
13.0 5.292
13.0 5.57
13.0 4.58
13.0 5.56
13.0 5.705
13.0 5.375
13.0 4.743
13.0 5.075
13.0 4.43
13.0 5.076
13.0 4.69
13.0 4.818
13.0 4.387
13.0 5.381
13.0 5.286
13.0 4.664
13.0 4.26
13.0 4.441
13.0 4.834
13.0 2.88
13.0 5.28
13.0 4.633
13.0 3.899
13.0 5.164
13.0 5.718
13.0 5.067
13.0 4.038
13.0 4.985
13.0 4.705
13.0 5.644
13.0 5.128
13.0 5.109
13.0 5.427
500
11.0 3.668
11.0 5.175
11.0 3.866
11.0 5.584
12.0 5.153
12.0 4.883
12.0 3.882
12.0 4.81
12.0 5.242
12.0 4.602
12.0 5.573
12.5 5.535
12.5 4.801
12.5 4.691
12.5 5.259
12.5 5.065
12.5 5.47
12.5 4.317
12.5 5.525
12.5 4.684
12.5 4.871
12.5 4.628
13.0 4.548
13.0 5.411
13.0 5.762
13.0 5.497
13.0 4.63
13.0 4.494
13.0 5.261
13.0 5.104
13.0 4.771
13.0 5.656
13.0 6.033
13.0 5.58
13.0 6.116
13.0 5.834
13.0 4.961
13.0 4.946
13.0 5.695
13.0 4.871
13.0 5.43
13.0 4.914
13.0 4.96
13.0 5.202
13.0 4.629
13.0 5.067
13.0 4.985
13.0 5.207
13.0 5.207
13.0 5.016
13.0 5.173
13.0 4.894
13.0 4.896
13.0 5.162
13.0 5.717
13.0 5.557
13.0 4.788
13.0 5.449
13.0 4.504
13.0 4.41
13.0 4.155
13.0 4.799
13.0 5.636
13.0 5.341
13.0 4.863
13.0 5.064
13.0 4.74
13.0 4.424
13.0 5.32
13.0 5.484
13.0 4.03
13.0 5.124
13.0 4.769
13.0 5.808
13.0 4.925
13.0 4.918
13.0 4.48
13.0 5.102
13.0 4.922
13.0 4.928
13.0 4.58
13.0 5.803
13.0 5.356
13.0 3.847
13.0 4.787
13.0 4.797
13.0 5.151
13.0 3.72
13.0 5.009
13.0 4.458
13.0 4.848
13.0 5.242
13.0 5.127
13.0 5.856
13.0 5.001
13.0 5.642
13.0 5.905
13.0 3.984
13.0 5.318
13.0 5.258
13.0 4.818
13.0 5.222
13.0 4.97
13.0 5.182
13.0 5.929
13.0 1.463
13.0 4.789
13.0 5.072
13.0 4.537
13.0 5.521
13.0 6.252
13.0 4.568
13.0 4.785
13.0 5.308
13.0 4.714
13.0 3.936
13.0 5.446
13.0 5.154
13.0 5.244
13.0 5.268
13.0 5.238
13.0 4.819
13.0 5.301
13.0 5.513
13.0 4.098
13.0 4.668
13.0 4.797
13.0 5.046
13.0 5.465
13.0 4.852
13.0 5.07
13.0 5.512
13.0 4.52
13.5 5.304
13.5 5.378
13.5 5.274
13.5 5.599
13.5 4.393
13.5 5.114
13.5 4.544
13.5 4.667
13.5 5.181
13.5 4.415
13.5 5.594
13.5 4.452
13.5 5.777
13.5 5.216
13.5 5.091
13.5 4.281
13.5 4.891
13.5 5.724
13.5 4.969
13.5 5.012
13.5 3.084
13.5 5.144
13.5 4.848
13.5 5.047
13.5 4.136
13.5 5.108
13.5 5.989
13.5 5.379
13.5 4.558
13.5 3.645
13.5 5.025
13.5 4.123
13.5 5.205
13.5 5.561
13.5 5.869
13.5 4.316
13.5 5.656
13.5 6.444
13.5 4.588
13.5 4.541
13.5 5.441
13.5 5.155
13.5 4.924
13.5 5.522
13.5 5.013
13.5 5.174
13.5 5.401
13.5 5.041
13.5 5.649
13.5 4.254
13.5 5.395
13.5 4.962
13.5 5.797
13.5 4.004
13.5 5.764
13.5 4.829
13.5 5.014
13.5 4.795
13.5 4.673
13.5 3.96
13.5 5.34
13.5 4.508
13.5 4.914
13.5 5.005
13.5 4.305
13.5 5.021
13.5 4.334
13.5 4.925
13.5 5.648
13.5 4.976
13.5 5.089
13.5 5.252
13.5 4.181
13.5 4.602
13.5 4.927
13.5 5.353
13.5 5.135
13.5 4.7
13.5 4.776
13.5 4.941
13.5 4.976
13.5 5.002
13.5 3.569
13.5 4.398
13.5 5.266
13.5 5.502
13.5 5.621
13.5 3.11
13.5 4.413
13.5 5.096
13.5 4.742
13.5 4.794
13.5 4.507
13.5 5.789
13.5 5.794
13.5 5.591
13.5 4.825
13.5 4.915
13.5 4.634
13.5 5.832
13.5 4.839
13.5 4.526
13.5 4.503
13.5 4.482
13.5 3.966
13.5 5.208
13.5 4.653
13.5 5.814
13.5 4.863
13.5 5.192
13.5 4.673
13.5 5.304
13.5 5.5
13.5 5.89
13.5 4.642
13.5 5.616
13.5 4.906
13.5 3.508
13.5 4.943
13.5 3.277
13.5 5.079
13.5 5.327
13.5 5.352
13.5 -0.994
13.5 4.289
13.5 5.258
13.5 6.12
13.5 5.29
13.5 4.923
13.5 4.88
13.5 5.377
13.5 5.336
13.5 4.546
13.5 4.922
13.5 5.812
13.5 5.335
13.5 5.687
13.5 5.284
13.5 4.913
13.5 5.753
13.5 4.011
13.5 4.722
13.5 5.171
13.5 5.82
13.5 5.177
13.5 4.656
13.5 5.359
13.5 4.392
13.5 5.2
13.5 5.34
13.5 4.777
13.5 4.655
13.5 5.213
13.5 5.401
13.5 4.919
13.5 4.54
13.5 5.307
13.5 5.654
13.5 4.237
13.5 4.476
13.5 5.47
13.5 5.164
13.5 5.326
13.5 4.493
13.5 4.75
13.5 4.108
13.5 5.773
13.5 4.088
13.5 4.776
13.5 4.274
13.5 5.006
13.5 5.543
13.5 5.277
13.5 5.285
13.5 3.994
13.5 5.479
13.5 5.292
13.5 4.978
13.5 4.988
13.5 4.754
13.5 5.255
13.5 5.268
13.5 5.784
13.5 6.183
13.5 3.079
13.5 5.734
13.5 4.685
13.5 4.762
13.5 4.8
13.5 5.28
13.5 5.058
13.5 4.595
13.5 4.412
13.5 5.009
13.5 4.34
13.5 5.202
13.5 4.843
13.5 5.981
13.5 4.349
13.5 4.759
13.5 3.849
13.5 4.677
13.5 5.069
13.5 4.587
13.5 5.462
13.5 5.318
13.5 4.532
13.5 5.47
13.5 5.666
13.5 5.634
13.5 5.08
13.5 4.49
13.5 5.664
13.5 4.52
13.5 5.294
13.5 4.964
13.5 5.653
13.5 3.951
13.5 5.523
13.5 5.569
13.5 4.603
13.5 4.692
13.5 5.225
13.5 4.516
13.5 5.611
13.5 5.712
13.5 5.519
13.5 5.091
13.5 4.845
13.5 5.838
13.5 3.543
13.5 5.436
13.5 5.516
13.5 5.29
13.5 5.359
13.5 5.112
13.5 5.169
13.5 5.057
13.5 5.621
13.5 5.513
13.5 4.35
13.5 3.893
13.5 4.905
13.5 5.414
13.5 4.438
13.5 5.477
13.5 5.162
13.5 4.47
13.5 4.841
13.5 4.288
13.5 4.376
13.5 3.443
13.5 4.623
13.5 5.163
13.5 4.389
13.5 5.863
13.5 5.834
13.5 4.391
13.5 4.496
13.5 4.982
13.5 4.25
13.5 4.455
13.5 5.058
13.5 5.184
13.5 3.966
13.5 4.365
13.5 4.234
13.5 5.541
13.5 5.169
13.5 4.555
13.5 4.994
13.5 4.687
13.5 4.211
13.5 5.631
13.5 6.76
13.5 6.225
13.5 7.242
13.5 5.441
13.5 3.741
13.5 5.47
13.5 5.156
13.5 4.622
13.5 5.295
13.5 5.504
13.5 4.47
13.5 5.834
13.5 5.066
13.5 5.132
13.5 4.76
13.5 4.234
13.5 5.567
13.5 3.991
13.5 5.322
13.5 4.324
13.5 4.372
13.5 5.662
13.5 4.453
13.5 4.726
13.5 4.952
13.5 5.035
13.5 5.249
13.5 5.03
13.5 5.547
13.5 5.362
13.5 5.531
13.5 4.883
13.5 5.125
13.5 5.11
13.5 4.458
13.5 5.752
13.5 5.15
13.5 4.865
13.5 5.506
13.5 5.183
13.5 4.832
13.5 5.078
13.5 4.604
13.5 4.232
13.5 4.926
13.5 5.311
13.5 5.583
13.5 5.918
13.5 5.624
13.5 4.687
13.5 4.672
13.5 5.229
13.5 4.627
13.5 4.713
13.5 4.724
13.5 5.774
13.5 5.627
13.5 6.072
13.5 4.75
13.5 5.582
13.5 5.074
13.5 5.619
13.5 5.59
13.5 4.438
13.5 4.67
13.5 5.486
13.5 4.744
13.5 5.296
13.5 4.184
13.5 4.903
13.5 4.175
13.5 5.553
13.5 5.707
13.5 5.339
13.5 4.875
13.5 5.084
13.5 5.78
13.5 4.531
13.5 4.912
13.5 3.971
13.5 4.998
13.5 4.576
13.5 4.771
13.5 4.703
13.5 4.913
13.5 4.967
13.5 4.948
13.5 4.996
13.5 5.408
13.5 4.461
13.5 5.829
13.5 4.337
13.5 4.932
500
11.0 3.978
11.0 4.787
12.0 4.772
12.5 4.85
12.5 5.119
12.5 4.884
12.5 5.248
12.5 5.403
12.5 4.63
12.5 5.389
12.5 4.998
12.5 5.489
12.5 4.472
12.5 5.346
12.5 5.071
12.5 4.602
12.5 5.116
12.5 5.687
12.5 4.687
12.5 4.974
12.5 5.344
12.5 4.586
12.5 5.489
12.5 5.617
12.5 5.251
12.5 5.17
12.5 5.056
12.5 5.225
12.5 4.899
12.5 4.167
12.5 4.739
12.5 5.325
12.5 4.648
12.5 3.332
12.5 5.272
12.5 4.81
12.5 3.56
12.5 4.99
12.5 5.085
12.5 4.134
13.0 4.8
13.0 5.247
13.0 3.968
13.0 5.155
13.0 4.614
13.0 5.075
13.0 3.821
13.0 2.249
13.0 5.494
13.0 5.63
13.0 5.103
13.0 5.453
13.0 4.813
13.0 4.983
13.0 4.962
13.0 6.365
13.0 5.561
13.0 5.682
13.0 5.293
13.0 4.65
13.0 4.704
13.0 6.359
13.0 6.495
13.0 5.167
13.0 5.528
13.0 5.979
13.0 2.193
13.0 5.393
13.0 5.333
13.0 4.882
13.0 5.154
13.0 4.981
13.0 5.764
13.0 6.268
13.0 4.4
13.0 6.007
13.0 6.09
13.0 6.601
13.0 5.844
13.0 4.542
13.0 3.885
13.0 5.392
13.0 5.5
13.0 5.152
13.0 3.615
13.0 5.742
13.0 4.795
13.0 5.986
13.0 5.852
13.0 4.841
13.0 6.256
13.0 4.718
13.0 4.977
13.0 5.706
13.0 5.619
13.0 5.523
13.0 4.056
13.0 4.912
13.0 5.406
13.0 4.956
13.0 4.725
13.0 5.071
13.0 5.302
13.0 5.873
13.0 5.887
13.0 4.236
13.0 4.696
13.0 5.289
13.0 4.68
13.0 5.124
13.0 4.83
13.0 5.76
13.0 5.564
13.0 5.528
13.0 4.81
13.0 5.205
13.0 5.15
13.0 5.288
13.0 5.331
13.0 5.18
13.0 5.108
13.0 4.959
13.0 4.732
13.0 6.158
13.0 5.878
13.0 5.234
13.0 5.121
13.0 5.603
13.0 5.004
13.0 4.438
13.0 3.718
13.0 5.032
13.0 5.557
13.0 5.707
13.0 5.238
13.0 5.575
13.0 3.581
13.0 5.364
13.0 4.709
13.0 5.22
13.0 5.01
13.0 5.174
13.0 3.965
13.0 3.91
13.0 4.937
13.0 4.572
13.0 4.473
13.0 5.741
13.0 4.461
13.0 4.836
13.0 4.692
13.0 4.782
13.0 4.524
13.0 6.196
13.0 5.255
13.0 3.164
13.0 5.09
13.0 5.925
13.0 6.443
13.0 6.356
13.0 6.138
13.0 5.773
13.0 5.023
13.0 5.859
13.0 4.802
13.0 5.125
13.0 4.724
13.0 3.339
13.0 4.869
13.0 4.71
13.0 5.937
13.0 5.357
13.0 5.422
13.0 5.358
13.0 5.166
13.0 5.694
13.0 4.462
13.0 5.432
13.0 4.351
13.0 4.412
13.0 4.987
13.0 5.178
13.0 4.602
13.0 4.913
13.0 5.072
13.0 2.766
13.0 4.541
13.0 5.264
13.0 3.255
13.0 4.57
13.0 4.021
13.0 5.717
13.0 4.391
13.0 4.812
13.0 4.23
13.0 4.854
13.0 5.005
13.0 5.444
13.0 4.279
13.0 4.853
13.0 4.585
13.0 3.817
13.0 5.922
13.0 4.726
13.0 4.837
13.0 2.402
13.0 4.183
13.0 4.773
13.0 4.298
13.0 4.154
13.0 2.849
13.0 5.301
13.0 4.748
13.0 5.612
13.0 5.211
13.0 4.285
13.0 4.264
13.0 4.916
13.0 5.203
13.0 5.235
13.0 5.326
13.0 5.588
13.0 4.629
13.0 5.168
13.0 4.588
13.0 5.079
13.0 6.111
13.0 5.068
13.0 5.404
13.0 4.852
13.0 4.432
13.0 2.675
13.0 4.024
13.0 5.238
13.0 5.72
13.0 3.778
13.0 5.437
13.0 4.886
13.0 5.65
13.0 5.445
13.0 6.131
13.0 1.69
13.0 5.247
13.0 4.733
13.0 5.052
13.0 5.132
13.0 5.493
13.0 5.548
13.0 5.592
13.0 5.769
13.0 5.497
13.0 5.117
13.0 5.367
13.0 5.789
13.0 6.054
13.0 5.259
13.0 4.521
13.0 5.331
13.0 4.688
13.0 4.795
13.0 4.778
13.0 5.2
13.0 5.397
13.0 5.711
13.0 6.226
13.0 5.316
13.0 5.925
13.0 4.479
13.0 3.57
13.0 5.113
13.0 4.144
13.0 5.086
13.0 4.785
13.0 4.148
13.0 4.937
13.0 4.797
13.0 5.08
13.0 4.805
13.0 4.927
13.0 4.702
13.0 5.262
13.0 5.198
13.0 6.214
13.0 4.79
13.0 4.551
13.0 5.203
13.0 5.252
13.0 2.651
13.0 5.619
13.0 5.203
13.0 4.925
13.0 4.132
13.0 6.243
13.0 5.614
13.0 5.815
13.0 4.132
13.0 4.433
13.0 5.006
13.0 4.077
13.0 4.871
13.0 4.314
13.0 4.89
13.0 4.033
13.0 3.968
13.0 5.251
13.0 5.306
13.0 5.249
13.0 4.932
13.0 5.612
13.0 3.553
13.0 4.549
13.0 5.003
13.0 5.651
13.0 5.494
13.0 5.371
13.0 5.206
13.0 5.527
13.0 4.643
13.0 5.891
13.0 3.715
13.0 5.044
13.0 3.283
13.0 5.304
13.0 4.682
13.0 5.268
13.0 5.442
13.0 4.057
13.0 4.78
13.0 3.903
13.0 5.224
13.0 4.787
13.0 5.472
13.0 4.128
13.0 5.311
13.0 5.903
13.0 5.245
13.0 5.587
13.0 4.311
13.0 5.063
13.0 4.44
13.0 5.417
13.0 5.076
13.0 4.815
13.0 5.787
13.0 4.12
13.0 5.24
13.0 5.438
13.0 5.206
13.0 4.432
13.0 4.697
13.0 5.029
13.0 5.262
13.0 5.457
13.0 5.349
13.0 4.013
13.0 5.201
13.0 5.744
13.0 2.542
13.0 5.96
13.0 4.424
13.0 4.567
13.0 4.904
13.0 5.869
13.0 4.799
13.0 5.836
13.0 4.662
13.0 4.207
13.0 5.387
13.0 5.866
13.0 4.404
13.0 5.234
13.0 4.754
13.0 5.001
13.0 4.053
13.0 6.286
13.0 4.479
13.0 4.544
13.0 5.581
13.0 5.461
13.0 4.534
13.0 5.398
13.0 5.513
13.0 3.613
13.0 4.191
13.0 5.25
13.0 5.703
13.0 5.896
13.0 1.111
13.0 4.045
13.0 5.626
13.0 5.644
13.0 5.859
13.0 5.094
13.0 5.406
13.0 5.607
13.0 4.922
13.0 4.606
13.0 4.226
13.0 5.456
13.0 5.522
13.0 5.994
13.0 5.188
13.0 3.793
13.0 5.31
13.0 4.937
13.0 5.682
13.0 4.32
13.0 4.936
13.0 5.736
13.0 5.399
13.0 4.534
13.0 5.483
13.0 5.385
13.0 5.828
13.0 2.607
13.0 4.396
13.0 6.128
13.0 5.459
13.0 4.738
13.0 4.507
13.0 5.097
13.0 5.737
13.0 4.647
13.0 3.862
13.0 5.001
13.0 5.159
13.0 5.15
13.0 4.431
13.0 4.435
13.0 5.227
13.0 5.727
13.0 2.855
13.0 3.138
13.0 4.662
13.0 4.869
13.0 4.948
13.0 4.213
13.0 6.19
13.0 4.61
13.0 4.955
13.0 5.3
13.0 5.307
13.0 5.474
13.0 3.621
13.0 4.817
13.0 4.969
13.0 5.856
13.0 4.44
13.0 4.979
13.0 3.85
13.0 5.477
13.0 4.736
13.0 3.881
13.0 4.616
13.0 4.742
13.0 5.454
13.0 5.31
13.0 5.276
13.0 5.445
13.0 4.805
13.0 5.424
13.0 4.186
13.0 5.259
13.0 3.893
13.0 4.715
13.0 3.47
13.0 4.355
13.0 5.331
13.0 4.708
13.0 1.706
13.0 5.363
13.0 5.535
13.0 4.162
13.0 4.464
13.0 5.222
13.0 4.092
13.0 4.389
13.0 5.189
13.0 4.36
13.0 3.561
13.0 4.572
13.0 5.424
13.0 3.283
13.0 4.8
13.0 5.14
13.0 5.025
13.0 5.235
13.0 5.71
13.0 4.463
13.0 3.781
13.0 5.694
13.0 6.395
13.0 4.717
13.0 6.025
13.0 5.321
13.0 2.381
13.0 5.307
13.0 5.333
13.0 5.391
13.0 4.863
500
11.0 3.625
12.0 4.987
12.0 5.619
12.0 5.293
12.0 5.542
12.0 5.258
12.0 5.415
12.0 4.724
12.0 5.058
12.0 5.39
13.0 2.753
13.0 5.892
13.0 5.095
13.0 4.666
13.0 5.333
13.0 4.994
13.0 4.891
13.0 5.366
13.0 5.407
13.0 4.401
13.0 5.024
13.0 4.29
13.0 5.577
13.0 5.499
13.0 4.729
13.0 4.485
13.0 4.882
13.0 4.031
13.0 4.609
13.0 5.421
13.0 4.516
13.0 3.973
13.0 4.831
13.0 5.037
13.0 4.466
13.0 4.168
13.0 5.082
13.0 4.45
13.0 5.441
13.0 4.451
13.0 5.779
13.0 5.59
13.0 4.161
13.0 4.399
13.0 4.943
13.0 4.263
13.0 5.204
13.0 5.233
13.0 5.204
13.0 5.352
13.0 5.429
13.0 4.751
13.0 4.369
13.0 4.677
13.0 4.452
13.0 5.131
13.0 3.924
13.0 5.07
13.0 4.675
13.0 4.714
13.0 5.068
13.0 4.234
13.0 5.554
13.0 5.731
13.0 5.034
13.0 5.188
13.0 4.764
13.0 5.067
13.0 4.68
13.0 5.051
13.0 4.41
13.0 4.942
13.0 4.934
13.0 4.542
13.0 4.649
13.0 5.085
13.0 5.386
13.0 5.37
13.0 4.821
13.0 5.891
13.0 4.377
13.0 4.969
13.0 5.563
13.0 5.169
13.0 4.075
13.0 4.538
13.0 4.692
13.0 5.263
13.0 5.405
13.0 4.152
13.0 5.222
13.0 5.352
13.0 6.783
13.0 4.465
13.0 5.147
13.0 4.818
13.0 5.075
13.0 5.193
13.0 4.624
13.0 5.263
13.0 4.802
13.0 4.471
13.0 5.291
13.0 4.1
13.0 5.136
13.0 5.186
13.0 3.737
13.0 4.661
13.0 4.226
13.0 5.552
13.0 5.395
13.0 3.817
13.0 5.331
13.0 4.978
13.0 5.247
13.0 3.865
13.0 4.736
13.0 5.327
13.0 4.776
13.0 5.615
13.0 5.054
13.0 4.524
13.0 5.191
13.0 4.508
13.0 4.895
13.0 5.499
13.0 5.084
13.0 4.876
13.0 4.694
13.0 4.997
13.0 6.013
13.0 4.958
13.0 5.418
13.0 4.885
13.0 4.936
13.0 4.868
13.0 5.959
13.0 5.142
13.0 5.12
13.0 4.466
13.0 4.656
13.0 4.705
13.0 5.678
13.0 4.932
13.0 3.951
13.0 4.386
13.0 4.565
13.0 5.121
13.0 3.835
13.0 4.815
13.0 5.258
13.0 4.767
13.0 5.387
13.0 5.748
13.0 4.154
13.0 4.248
13.0 4.966
13.0 5.813
13.0 5.295
13.0 2.644
13.0 5.032
13.0 4.947
13.0 5.11
13.0 5.017
13.0 5.056
13.0 5.238
13.0 4.579
13.0 5.103
13.0 4.57
13.0 5.72
13.0 4.308
13.0 5.412
13.0 4.753
13.0 5.043
13.0 4.836
13.0 4.832
13.0 5.221
13.0 5.178
13.0 5.47
13.0 5.103
13.0 5.31
13.0 5.163
13.0 4.205
13.0 5.51
13.0 5.105
13.0 5.383
13.0 5.628
13.0 5.63
13.0 6.235
13.0 2.62
13.0 4.59
13.0 4.955
13.0 5.331
13.0 5.007
13.0 4.531
13.0 3.541
13.0 4.443
13.0 4.618
13.0 3.897
13.0 5.827
13.0 5.839
13.0 4.022
13.0 5.2
13.0 5.088
13.0 4.924
13.0 5.234
13.0 5.605
13.0 6.031
13.0 5.367
13.0 4.562
13.0 5.242
13.0 5.422
13.0 5.237
13.0 5.825
13.0 4.732
13.0 4.246
13.0 5.709
13.0 5.28
13.0 5.729
13.0 5.402
13.0 5.7
13.0 4.088
13.0 5.038
13.0 4.676
13.0 5.11
13.0 5.781
13.0 5.436
13.0 5.258
13.0 5.202
13.0 5.092
13.0 4.171
13.0 5.166
13.0 5.301
13.0 5.787
13.0 5.134
13.0 4.693
13.0 4.741
13.0 4.744
13.0 5.467
13.0 4.987
13.0 5.458
13.0 4.993
13.0 4.527
13.0 4.648
13.0 6.126
13.0 4.799
13.0 4.23
13.0 3.838
13.0 4.751
13.0 5.182
13.0 5.972
13.0 5.72
13.0 4.129
13.0 5.213
13.0 4.714
13.0 4.732
13.0 5.063
13.0 5.192
13.0 5.472
13.0 5.35
13.0 5.442
13.0 5.427
13.0 5.632
13.0 5.176
13.0 5.201
13.0 5.388
13.0 5.095
13.0 5.872
13.0 4.496
13.0 4.153
13.0 4.315
13.0 4.265
13.0 4.2
13.0 4.763
13.0 5.675
13.0 4.352
13.0 5.744
13.0 4.611
13.0 4.226
13.0 5.093
13.0 5.415
13.0 3.774
13.0 4.476
13.0 4.059
13.0 5.179
13.0 4.868
13.0 4.088
13.0 4.893
13.0 4.244
13.0 3.973
13.0 4.994
13.0 4.477
13.0 4.995
13.0 5.343
13.0 5.439
13.0 4.914
13.0 4.955
13.0 6.087
13.0 4.514
13.0 5.109
13.0 5.11
13.0 4.72
13.0 5.477
13.0 4.012
13.0 5.09
13.0 5.784
13.0 5.218
13.0 5.877
13.0 5.237
13.0 4.596
13.0 4.887
13.0 4.86
13.0 5.224
13.0 4.019
13.0 5.529
13.0 5.161
13.0 4.972
13.0 4.299
13.0 5.056
13.0 5.042
13.0 4.749
13.0 4.321
13.0 4.507
13.5 4.483
13.5 5.655
13.5 4.55
13.5 5.151
13.5 4.943
13.5 5.24
13.5 5.002
13.5 5.5
13.5 5.576
13.5 4.359
13.5 5.201
13.5 4.318
13.5 5.085
13.5 5.081
13.5 5.446
13.5 5.691
13.5 6.182
13.5 5.76
13.5 4.408
13.5 4.928
13.5 5.367
13.5 5.346
13.5 5.589
13.5 5.632
13.5 4.752
13.5 4.267
13.5 5.259
13.5 4.735
13.5 5.313
13.5 4.388
13.5 4.278
13.5 4.486
13.5 4.576
13.5 4.926
13.5 5.133
13.5 4.774
13.5 5.693
13.5 5.473
13.5 4.783
13.5 5.443
13.5 4.592
13.5 4.767
13.5 5.672
13.5 5.411
13.5 4.72
13.5 4.939
13.5 3.89
13.5 4.788
13.5 4.799
13.5 6.271
13.5 3.877
13.5 5.287
13.5 5.209
13.5 4.813
13.5 4.525
13.5 5.634
13.5 5.488
13.5 3.962
13.5 5.598
13.5 5.19
13.5 5.011
13.5 5.539
13.5 5.966
13.5 2.417
13.5 5.284
13.5 5.063
13.5 5.109
13.5 4.757
13.5 4.896
13.5 5.541
13.5 5.245
13.5 5.73
13.5 4.443
13.5 5.914
13.5 5.508
13.5 5.609
13.5 5.251
13.5 3.426
13.5 4.201
13.5 5.245
13.5 5.683
13.5 3.257
13.5 4.2
13.5 5.373
13.5 4.983
13.5 4.83
13.5 5.36
13.5 4.488
13.5 4.833
13.5 5.515
13.5 5.501
13.5 5.9
13.5 5.049
13.5 4.79
13.5 4.661
13.5 4.096
13.5 5.546
13.5 5.293
13.5 5.277
13.5 4.215
13.5 5.206
13.5 5.198
13.5 4.187
13.5 4.916
13.5 4.225
13.5 4.876
13.5 5.033
13.5 5.001
13.5 5.679
13.5 5.361
13.5 3.835
13.5 4.222
13.5 5.038
13.5 5.388
13.5 5.278
13.5 4.17
13.5 4.722
13.5 5.949
13.5 4.821
13.5 5.736
13.5 4.876
13.5 6.129
13.5 5.328
13.5 4.832
13.5 5.875
13.5 4.255
13.5 4.638
13.5 5.129
13.5 4.829
13.5 4.738
13.5 4.493
13.5 5.217
13.5 5.581
13.5 4.851
13.5 4.519
13.5 5.284
13.5 5.781
13.5 5.425
13.5 5.491
13.5 4.323
13.5 5.469
13.5 4.916
13.5 5.512
13.5 3.837
13.5 5.578
13.5 5.636
13.5 3.906
13.5 5.172
13.5 5.296
13.5 5.417
13.5 5.331
13.5 5.237
13.5 4.792
13.5 3.939
13.5 3.763
13.5 5.064
13.5 4.901
13.5 4.046
13.5 4.784
13.5 4.232
13.5 4.824
13.5 4.194
13.5 3.789
13.5 3.704
13.5 4.894
13.5 4.842
13.5 5.084
13.5 5.068
13.5 5.999
13.5 5.162
13.5 5.887
13.5 5.31
13.5 4.783
13.5 5.498
13.5 5.053
13.5 5.612
13.5 5.423
500
11.5 3.565
11.5 4.916
11.5 5.211
12.5 4.839
12.5 4.555
12.5 4.014
12.5 4.82
12.5 4.608
12.5 5.288
12.5 5.339
12.5 5.138
12.5 5.174
12.5 4.265
12.5 4.687
12.5 4.752
12.5 4.471
12.5 5.166
12.5 5.246
12.5 5.264
12.5 5.528
12.5 5.457
12.5 5.666
12.5 3.932
12.5 4.605
12.5 5.522
13.0 4.646
13.0 5.073
13.0 4.118
13.0 4.307
13.0 5.786
13.0 5.865
13.0 5.184
13.0 5.087
13.0 3.811
13.0 5.506
13.0 4.336
13.0 4.58
13.0 4.746
13.0 4.988
13.0 5.095
13.0 5.067
13.0 5.19
13.0 4.238
13.0 4.779
13.0 4.736
13.0 4.456
13.0 5.519
13.0 5.657
13.0 5.749
13.0 4.423
13.0 4.941
13.0 5.153
13.0 6.216
13.0 2.878
13.0 4.768
13.0 4.291
13.0 4.782
13.0 5.363
13.0 4.74
13.0 4.541
13.0 5.293
13.0 5.903
13.0 3.994
13.0 4.609
13.0 4.242
13.0 4.116
13.0 5.235
13.0 5.781
13.0 5.296
13.0 6.097
13.0 3.218
13.0 4.767
13.0 5.14
13.0 5.057
13.0 5.29
13.0 3.937
13.0 4.812
13.0 5.315
13.0 5.414
13.0 5.032
13.0 5.004
13.0 4.275
13.0 5.914
13.0 5.523
13.0 4.932
13.0 5.07
13.0 5.597
13.0 3.601
13.0 5.001
13.0 5.633
13.0 4.718
13.0 4.427
13.0 4.772
13.0 5.209
13.0 5.531
13.0 5.734
13.0 5.779
13.0 5.405
13.0 5.213
13.0 5.751
13.0 5.541
13.0 4.629
13.0 5.224
13.0 5.487
13.0 4.72
13.0 5.326
13.0 4.756
13.0 5.536
13.0 4.098
13.0 5.511
13.0 5.099
13.0 4.431
13.0 5.208
13.0 5.495
13.0 5.448
13.0 4.792
13.0 5.689
13.0 5.503
13.0 4.965
13.0 5.039
13.0 5.256
13.0 4.249
13.0 5.081
13.0 5.451
13.0 4.754
13.0 5.093
13.0 4.866
13.0 4.811
13.0 3.84
13.0 5.068
13.0 4.912
13.0 5.188
13.0 5.629
13.0 5.196
13.0 5.188
13.0 5.684
13.0 4.453
13.0 5.076
13.0 4.127
13.0 4.978
13.0 4.902
13.0 5.51
13.0 4.405
13.0 5.015
13.0 5.688
13.0 5.778
13.0 4.878
13.0 4.78
13.0 4.658
13.0 4.808
13.0 4.813
13.0 4.774
13.0 4.868
13.0 4.911
13.0 4.58
13.0 4.76
13.0 4.802
13.0 4.734
13.0 5.087
13.0 4.824
13.0 5.341
13.0 4.205
13.0 5.42
13.0 5.08
13.0 5.678
13.0 6.063
13.0 4.665
13.0 4.484
13.0 4.856
13.0 5.151
13.0 5.311
13.0 4.973
13.0 3.811
13.0 4.667
13.0 5.351
13.0 5.104
13.0 4.027
13.0 5.427
13.0 4.534
13.0 4.576
13.0 4.247
13.0 5.105
13.0 5.671
13.0 5.623
13.0 4.614
13.0 4.625
13.0 4.962
13.0 4.814
13.0 5.206
13.0 5.501
13.0 5.273
13.0 4.881
13.0 5.321
13.0 5.64
13.0 5.656
13.0 4.506
13.0 5.809
13.0 5.842
13.0 4.729
13.0 4.245
13.0 4.904
13.0 5.426
13.0 5.682
13.0 5.068
13.0 5.154
13.0 5.035
13.0 5.419
13.0 5.794
13.0 4.963
13.0 5.011
13.0 5.082
13.0 5.113
13.0 5.757
13.0 4.017
13.0 3.867
13.0 5.321
13.0 4.991
13.0 4.215
13.0 5.619
13.0 5.021
13.0 5.299
13.0 4.017
13.0 5.391
13.0 5.326
13.0 4.908
13.0 5.944
13.0 5.828
13.0 2.479
13.0 5.088
13.0 5.048
13.0 5.603
13.0 5.208
13.0 5.215
13.0 5.143
13.0 4.884
13.0 5.401
13.0 5.095
13.0 5.416
13.0 4.905
13.0 4.945
13.0 5.076
13.0 5.434
13.0 4.75
13.0 4.859
13.0 4.087
13.0 4.55
13.0 5.175
13.0 4.298
13.0 4.594
13.0 4.657
13.0 5.031
13.0 5.272
13.0 5.146
13.0 4.496
13.0 4.966
13.0 5.358
13.0 4.326
13.0 5.258
13.0 5.036
13.0 5.068
13.0 5.044
13.0 5.28
13.0 5.117
13.0 5.21
13.0 4.815
13.0 4.845
13.0 4.909
13.0 4.534
13.0 5.445
13.0 5.546
13.0 4.815
13.0 4.54
13.0 4.629
13.0 5.215
13.0 4.144
13.0 5.813
13.0 5.357
13.0 4.774
13.0 4.836
13.0 5.845
13.0 4.122
13.0 5.381
13.0 4.484
13.0 4.4
13.0 5.83
13.0 4.245
13.0 4.819
13.0 4.584
13.0 5.454
13.0 4.204
13.0 4.581
13.5 5.746
13.5 4.585
13.5 5.029
13.5 5.318
13.5 4.529
13.5 5.03
13.5 3.458
13.5 5.776
13.5 5.405
13.5 4.878
13.5 5.582
13.5 5.497
13.5 5.145
13.5 4.798
13.5 5.037
13.5 5.455
13.5 5.73
13.5 4.957
13.5 5.228
13.5 5.23
13.5 4.639
13.5 5.61
13.5 5.455
13.5 5.01
13.5 5.62
13.5 5.661
13.5 5.595
13.5 4.682
13.5 4.923
13.5 4.773
13.5 4.624
13.5 5.273
13.5 4.783
13.5 4.803
13.5 4.802
13.5 5.914
13.5 5.33
13.5 5.479
13.5 3.35
13.5 5.478
13.5 4.384
13.5 4.69
13.5 4.545
13.5 4.917
13.5 4.983
13.5 4.54
13.5 5.572
13.5 5.617
13.5 6.368
13.5 4.272
13.5 4.336
13.5 4.0
13.5 4.989
13.5 5.192
13.5 4.825
13.5 5.158
13.5 4.429
13.5 5.015
13.5 6.31
13.5 4.2
13.5 4.707
13.5 4.798
13.5 5.226
13.5 4.86
13.5 5.421
13.5 5.37
13.5 4.53
13.5 5.206
13.5 4.932
13.5 5.054
13.5 4.384
13.5 4.528
13.5 4.943
13.5 2.325
13.5 4.512
13.5 3.813
13.5 5.513
13.5 4.678
13.5 4.553
13.5 5.281
13.5 5.427
13.5 5.899
13.5 5.37
13.5 5.158
13.5 4.417
13.5 5.046
13.5 5.816
13.5 5.396
13.5 3.653
13.5 4.802
13.5 4.88
13.5 5.087
13.5 4.643
13.5 4.781
13.5 4.894
13.5 5.164
13.5 5.099
13.5 4.795
13.5 5.241
13.5 5.149
13.5 4.924
13.5 1.886
13.5 5.444
13.5 5.603
13.5 4.805
13.5 3.991
13.5 5.63
13.5 4.667
13.5 4.942
13.5 4.279
13.5 5.311
13.5 5.785
13.5 5.875
13.5 5.687
13.5 5.635
13.5 5.089
13.5 4.668
13.5 4.664
13.5 5.237
13.5 5.534
13.5 4.138
13.5 5.322
13.5 5.418
13.5 5.875
13.5 4.366
13.5 4.373
13.5 5.597
13.5 2.192
13.5 5.334
13.5 5.604
13.5 5.657
13.5 5.553
13.5 4.509
13.5 4.383
13.5 4.705
13.5 4.676
13.5 5.198
13.5 4.75
13.5 3.754
13.5 4.33
13.5 5.721
13.5 4.645
13.5 5.549
13.5 4.336
13.5 5.889
13.5 5.592
13.5 4.863
13.5 5.562
13.5 3.807
13.5 3.742
13.5 4.758
13.5 4.707
13.5 3.84
13.5 4.529
13.5 5.426
13.5 5.248
13.5 5.265
13.5 5.243
13.5 5.418
13.5 4.431
13.5 5.216
13.5 4.712
13.5 5.792
13.5 5.121
13.5 5.392
13.5 4.128
13.5 5.13
13.5 5.525
13.5 5.007
13.5 5.084
13.5 4.497
13.5 4.954
13.5 5.047
13.5 5.236
13.5 5.396
13.5 5.628
13.5 5.375
13.5 3.72
13.5 4.998
13.5 4.911
13.5 5.311
13.5 5.187
13.5 5.238
13.5 5.864
13.5 4.339
13.5 5.045
13.5 5.874
13.5 4.763
13.5 4.473
13.5 4.97
13.5 5.61
13.5 4.86
13.5 5.416
13.5 4.726
13.5 4.251
13.5 5.331
13.5 4.269
13.5 4.846
13.5 5.205
13.5 5.356
13.5 5.241
13.5 6.067
13.5 4.039
13.5 5.592
13.5 5.328
13.5 3.886
13.5 4.879
13.5 4.185
13.5 4.465
500
11.5 3.515
11.5 4.639
12.0 5.275
12.0 4.949
12.0 5.124
12.0 4.457
12.0 4.551
12.0 5.374
12.0 5.5
12.0 4.915
12.5 5.482
12.5 4.947
12.5 3.511
12.5 5.168
13.0 4.345
13.0 4.583
13.0 5.632
13.0 4.677
13.0 5.468
13.0 5.29
13.0 5.884
13.0 5.314
13.0 4.947
13.0 5.196
13.0 4.361
13.0 6.217
13.0 4.762
13.0 5.741
13.0 5.35
13.0 4.08
13.0 4.865
13.0 5.26
13.0 5.575
13.0 4.726
13.0 5.152
13.0 5.259
13.0 4.063
13.0 5.898
13.0 5.893
13.0 4.931
13.0 5.06
13.0 5.761
13.0 5.669
13.0 5.106
13.0 5.44
13.0 4.646
13.0 4.451
13.0 4.749
13.0 4.714
13.0 5.294
13.0 5.394
13.0 4.063
13.0 4.93
13.0 4.504
13.0 5.473
13.0 5.331
13.0 5.038
13.0 4.541
13.0 2.948
13.0 5.457
13.0 4.679
13.0 4.313
13.0 5.57
13.0 5.531
13.0 5.226
13.0 4.96
13.0 5.292
13.0 4.38
13.0 4.506
13.0 4.961
13.0 5.082
13.0 6.089
13.0 4.777
13.0 5.778
13.0 5.1
13.0 5.413
13.0 4.834
13.0 4.598
13.0 5.299
13.0 6.059
13.0 4.862
13.0 3.839
13.0 5.119
13.0 5.2
13.0 5.502
13.0 4.909
13.0 3.861
13.0 4.079
13.0 5.074
13.0 5.075
13.0 5.444
13.0 5.856
13.0 4.305
13.0 5.701
13.0 4.761
13.0 4.819
13.0 4.96
13.0 5.231
13.0 4.672
13.0 4.306
13.0 5.646
13.0 4.749
13.0 5.527
13.0 5.695
13.0 5.255
13.0 4.192
13.0 4.277
13.0 4.968
13.0 5.572
13.0 5.319
13.0 4.967
13.0 4.254
13.0 5.59
13.0 4.388
13.0 5.605
13.0 4.17
13.0 5.468
13.0 5.741
13.0 5.491
13.0 4.865
13.0 4.561
13.0 5.455
13.0 4.472
13.0 5.528
13.0 5.044
13.0 5.835
13.0 5.577
13.0 5.854
13.0 6.006
13.0 4.825
13.0 3.776
13.0 4.433
13.0 4.812
13.0 4.773
13.0 5.454
13.0 5.508
13.0 4.839
13.0 5.652
13.0 5.144
13.0 5.721
13.0 5.119
13.0 5.489
13.0 5.259
13.0 5.694
13.0 3.372
13.0 4.849
13.0 5.083
13.0 5.693
13.0 5.442
13.0 4.78
13.0 6.059
13.0 4.787
13.0 5.303
13.0 5.064
13.0 4.686
13.0 5.4
13.0 5.378
13.0 5.335
13.0 4.738
13.0 3.903
13.0 4.34
13.0 4.704
13.0 5.318
13.0 4.576
13.0 5.458
13.0 4.861
13.0 4.228
13.0 4.822
13.0 4.856
13.0 5.463
13.0 4.318
13.0 4.537
13.0 5.267
13.0 4.526
13.0 4.842
13.0 5.25
13.0 4.073
13.0 5.712
13.0 5.024
13.0 5.496
13.0 5.347
13.0 3.769
13.0 5.061
13.0 4.778
13.0 4.909
13.0 4.729
13.0 5.156
13.0 5.076
13.0 5.183
13.0 4.398
13.0 4.933
13.0 4.038
13.0 4.126
13.0 4.862
13.0 4.81
13.0 5.236
13.0 4.548
13.0 4.831
13.0 4.771
13.0 4.807
13.0 4.992
13.0 5.405
13.0 4.514
13.0 5.328
13.0 5.032
13.0 6.204
13.0 5.066
13.0 4.509
13.0 5.471
13.0 5.425
13.0 5.629
13.0 4.814
13.0 5.035
13.0 4.846
13.0 5.179
13.0 5.139
13.0 5.175
13.0 5.373
13.0 5.347
13.0 4.834
13.0 4.469
13.0 5.013
13.0 5.2
13.0 5.054
13.0 5.663
13.0 4.673
13.0 5.545
13.0 5.193
13.0 5.079
13.0 4.666
13.0 4.864
13.0 5.141
13.0 5.109
13.0 5.277
13.0 4.543
13.0 5.269
13.0 5.111
13.0 4.275
13.0 4.981
13.0 4.356
13.0 4.301
13.0 5.52
13.0 4.382
13.0 5.082
13.0 6.193
13.0 1.842
13.0 5.408
13.0 4.285
13.0 4.613
13.0 5.9
13.0 4.719
13.0 5.144
13.0 5.084
13.0 5.329
13.0 4.471
13.0 4.207
13.0 4.994
13.0 5.173
13.0 5.488
13.0 5.262
13.0 5.656
13.0 4.575
13.0 4.946
13.0 3.939
13.0 4.554
13.0 5.316
13.0 5.821
13.0 5.755
13.0 4.657
13.0 4.977
13.0 5.116
13.0 4.444
13.0 5.714
13.0 5.289
13.0 5.07
13.0 4.717
13.0 5.162
13.0 5.234
13.0 5.221
13.0 5.067
13.0 4.721
13.0 4.704
13.0 5.407
13.0 5.82
13.0 5.217
13.0 6.212
13.0 5.156
13.0 5.028
13.0 6.273
13.0 5.706
13.0 4.515
13.0 5.815
13.0 5.693
13.0 4.98
13.0 5.12
13.0 4.881
13.0 4.586
13.0 4.616
13.0 5.029
13.0 6.295
13.0 2.584
13.0 4.915
13.0 5.737
13.0 5.632
13.0 4.561
13.0 4.403
13.0 5.52
13.0 6.028
13.0 3.565
13.0 4.332
13.0 4.604
13.0 4.894
13.0 4.904
13.0 4.923
13.0 5.002
13.0 5.574
13.0 4.617
13.0 5.403
13.0 4.537
13.0 4.252
13.0 5.203
13.0 4.843
13.0 4.394
13.0 4.985
13.0 5.339
13.0 4.74
13.0 5.009
13.0 4.547
13.0 4.809
13.0 4.746
13.0 4.913
13.0 5.238
13.0 5.463
13.0 4.946
13.0 5.302
13.0 4.925
13.0 4.54
13.0 5.201
13.0 4.806
13.0 5.127
13.0 6.304
13.0 6.037
13.0 3.252
13.0 5.18
13.0 6.081
13.0 5.64
13.0 4.206
13.0 5.069
13.0 4.837
13.0 4.272
13.0 5.63
13.0 5.996
13.0 6.15
13.0 5.486
13.0 4.627
13.0 4.975
13.0 4.558
13.0 4.752
13.0 5.479
13.0 5.417
13.0 4.709
13.0 4.324
13.0 5.113
13.0 5.828
13.0 5.783
13.0 5.098
13.0 4.921
13.0 5.152
13.0 4.884
13.0 4.343
13.0 4.856
13.0 4.438
13.0 5.464
13.0 5.443
13.0 4.847
13.0 5.531
13.0 5.766
13.0 4.454
13.0 4.397
13.0 5.475
13.0 6.002
13.0 3.136
13.0 5.929
13.0 5.671
13.0 3.289
13.0 4.263
13.0 5.374
13.0 5.769
13.0 5.696
13.0 5.333
13.0 4.652
13.0 4.738
13.0 5.341
13.0 3.608
13.0 5.413
13.0 4.767
13.0 5.122
13.0 4.412
13.0 4.171
13.0 5.947
13.0 5.336
13.0 5.062
13.0 5.31
13.0 5.647
13.0 5.511
13.0 4.245
13.0 4.508
13.0 4.47
13.0 4.744
13.0 4.527
13.0 5.555
13.0 4.68
13.0 4.376
13.0 5.261
13.0 5.213
13.0 5.164
13.0 5.092
13.0 4.959
13.0 5.018
13.0 4.85
13.0 4.754
13.0 5.339
13.0 5.129
13.0 4.584
13.0 5.695
13.0 5.474
13.0 5.097
13.0 5.619
13.0 5.174
13.0 5.646
13.0 5.382
13.0 4.493
13.0 3.278
13.0 5.51
13.0 5.207
13.0 4.751
13.0 4.405
13.0 4.957
13.0 4.665
13.0 4.851
13.0 4.509
13.0 4.701
13.0 5.225
13.0 4.607
13.0 5.749
13.0 4.983
13.0 4.152
13.0 5.07
13.0 4.465
13.0 4.948
13.0 5.471
13.0 5.906
13.0 4.648
13.0 4.289
13.0 5.063
13.0 4.854
13.0 4.972
13.0 5.057
13.0 5.067
13.0 4.627
13.0 3.955
13.0 5.038
13.0 5.759
13.0 5.462
13.0 4.969
13.0 4.278
13.0 4.718
13.0 4.84
13.0 4.762
13.0 4.625
13.0 4.901
13.0 5.125
13.0 5.14
13.0 5.027
13.0 5.447
13.0 4.688
13.0 5.435
13.0 4.421
13.0 4.446
13.0 5.816
13.0 4.938
13.0 4.834
13.0 4.685
13.0 4.938
13.0 5.17
13.0 5.704
13.0 5.278
13.0 5.207
13.0 5.468
13.0 5.506
13.0 5.543
13.0 4.641
13.0 5.073
13.0 3.917
13.0 5.318
13.0 4.639
13.0 5.727
13.0 4.38
13.0 5.109
13.0 4.846
500
11.5 4.041
12.5 4.855
12.5 5.655
12.5 5.37
12.5 5.091
12.5 4.52
12.5 4.318
12.5 4.736
12.5 5.426
12.5 5.257
12.5 5.301
12.5 5.759
12.5 2.726
12.5 5.145
12.5 5.092
12.5 2.885
12.5 6.085
12.5 6.312
12.5 4.735
12.5 4.852
12.5 4.512
12.5 5.031
13.0 5.305
13.0 5.206
13.0 5.627
13.0 5.31
13.0 4.227
13.0 5.48
13.0 3.789
13.0 4.973
13.0 4.782
13.0 4.154
13.0 5.957
13.0 5.532
13.0 0.586
13.0 4.299
13.0 4.086
13.0 4.657
13.0 5.355
13.0 3.982
13.0 5.269
13.0 4.853
13.0 4.762
13.0 5.684
13.0 5.702
13.0 3.535
13.0 3.983
13.0 5.199
13.0 2.716
13.0 4.282
13.0 5.511
13.0 4.559
13.0 5.575
13.0 5.114
13.0 5.299
13.0 3.868
13.0 5.064
13.0 4.762
13.0 4.684
13.0 5.013
13.0 4.882
13.0 4.252
13.0 5.157
13.0 5.014
13.0 3.91
13.0 5.705
13.0 3.722
13.0 4.979
13.0 5.077
13.0 4.941
13.0 5.578
13.0 4.391
13.0 5.833
13.0 5.36
13.0 4.905
13.0 4.993
13.0 4.505
13.0 4.918
13.0 5.269
13.0 3.319
13.0 4.974
13.0 4.774
13.0 5.332
13.0 4.676
13.0 5.168
13.0 5.63
13.0 4.401
13.0 5.007
13.0 4.373
13.0 5.776
13.0 1.604
13.0 5.427
13.0 4.36
13.0 5.561
13.0 4.723
13.0 4.685
13.0 5.032
13.0 5.654
13.0 6.081
13.0 4.858
13.0 5.212
13.0 4.931
13.0 5.155
13.0 5.634
13.0 5.418
13.0 4.552
13.0 6.505
13.0 4.263
13.0 4.245
13.0 4.922
13.0 4.504
13.0 5.115
13.0 5.421
13.0 6.159
13.0 5.141
13.0 5.604
13.0 5.263
13.0 6.125
13.0 4.49
13.0 4.561
13.0 4.668
13.0 3.747
13.0 5.25
13.0 5.2
13.0 4.505
13.0 3.361
13.0 5.493
13.0 3.843
13.0 5.762
13.0 4.344
13.0 5.005
13.0 3.983
13.0 5.37
13.0 2.649
13.0 5.084
13.0 4.236
13.0 5.574
13.0 5.183
13.0 6.023
13.0 3.566
13.0 4.484
13.0 3.73
13.0 5.123
13.0 5.613
13.0 4.666
13.0 5.614
13.0 4.814
13.0 3.941
13.0 5.424
13.0 5.953
13.0 5.375
13.0 4.887
13.0 4.923
13.0 4.926
13.0 5.931
13.0 4.077
13.0 4.219
13.0 4.758
13.0 4.983
13.0 5.272
13.0 4.032
13.0 5.083
13.0 5.379
13.0 5.73
13.0 4.559
13.0 4.807
13.0 6.292
13.0 4.661
13.0 4.769
13.0 5.952
13.0 5.452
13.0 4.958
13.0 5.983
13.0 5.54
13.0 5.822
13.0 5.145
13.0 5.827
13.0 5.04
13.0 4.905
13.0 5.202
13.0 6.251
13.0 6.309
13.0 2.459
13.0 5.301
13.0 5.039
13.0 4.877
13.0 4.752
13.0 4.707
13.0 5.237
13.0 4.659
13.0 4.497
13.0 5.811
13.0 5.281
13.0 4.878
13.0 5.335
13.0 4.076
13.0 5.294
13.0 5.327
13.0 5.109
13.0 4.694
13.0 4.51
13.0 5.154
13.0 5.546
13.0 4.479
13.0 5.198
13.0 4.336
13.0 5.044
13.0 5.27
13.0 3.08
13.0 5.391
13.0 4.509
13.0 5.021
13.0 3.685
13.0 5.014
13.0 5.411
13.0 5.802
13.0 5.359
13.0 4.575
13.0 5.144
13.0 5.098
13.0 5.095
13.0 5.553
13.0 4.561
13.0 5.295
13.0 5.52
13.0 4.002
13.0 4.87
13.0 5.94
13.0 4.209
13.0 4.577
13.0 5.256
13.0 4.732
13.0 4.859
13.0 5.598
13.0 5.835
13.0 3.911
13.0 5.551
13.0 5.327
13.0 4.736
13.0 5.289
13.0 6.147
13.0 4.793
13.0 5.472
13.0 5.247
13.0 -0.064
13.0 5.207
13.0 4.348
13.0 5.304
13.0 5.257
13.0 4.649
13.0 5.363
13.0 5.401
13.0 5.606
13.0 3.911
13.0 4.488
13.0 5.746
13.0 5.682
13.0 5.323
13.0 4.786
13.0 4.659
13.0 5.441
13.0 3.945
13.0 5.759
13.0 5.467
13.0 5.193
13.0 5.399
13.0 4.1
13.0 5.106
13.0 3.937
13.0 5.456
13.0 4.459
13.0 5.127
13.0 6.052
13.0 1.669
13.0 5.9
13.0 5.442
13.0 5.528
13.0 4.928
13.0 4.647
13.0 3.62
13.0 5.288
13.0 4.699
13.0 5.383
13.0 5.921
13.0 4.751
13.0 4.61
13.0 5.183
13.0 3.528
13.0 4.873
13.0 5.855
13.0 5.538
13.0 6.09
13.0 3.851
13.0 5.185
13.0 4.29
13.0 5.363
13.0 5.522
13.0 5.468
13.0 5.271
13.0 4.803
13.5 4.398
13.5 4.547
13.5 5.475
13.5 5.702
13.5 5.929
13.5 6.51
13.5 2.112
13.5 5.126
13.5 3.542
13.5 5.275
13.5 5.632
13.5 5.641
13.5 4.186
13.5 4.186
13.5 5.262
13.5 4.644
13.5 4.439
13.5 5.159
13.5 5.26
13.5 5.269
13.5 3.665
13.5 5.247
13.5 6.35
13.5 5.362
13.5 4.999
13.5 5.613
13.5 4.509
13.5 5.777
13.5 4.538
13.5 5.667
13.5 5.01
13.5 5.104
13.5 5.638
13.5 5.442
13.5 4.913
13.5 4.285
13.5 4.811
13.5 3.849
13.5 4.868
13.5 4.996
13.5 6.25
13.5 5.252
13.5 5.603
13.5 5.15
13.5 4.098
13.5 5.065
13.5 4.113
13.5 4.074
13.5 4.701
13.5 5.138
13.5 4.751
13.5 6.01
13.5 5.643
13.5 5.952
13.5 4.642
13.5 5.489
13.5 4.017
13.5 5.678
13.5 4.913
13.5 5.008
13.5 4.985
13.5 4.716
13.5 5.46
13.5 4.424
13.5 4.8
13.5 5.262
13.5 5.358
13.5 5.595
13.5 5.914
13.5 4.818
13.5 5.006
13.5 5.636
13.5 4.335
13.5 4.685
13.5 5.569
13.5 4.445
13.5 4.646
13.5 5.284
13.5 4.898
13.5 4.51
13.5 4.364
13.5 4.76
13.5 5.384
13.5 4.094
13.5 5.018
13.5 6.825
13.5 3.907
13.5 5.304
13.5 5.965
13.5 4.668
13.5 4.73
13.5 4.245
13.5 5.258
13.5 3.739
13.5 5.241
13.5 4.885
13.5 5.708
13.5 6.162
13.5 6.114
13.5 5.925
13.5 3.575
13.5 4.442
13.5 4.894
13.5 5.276
13.5 6.042
13.5 4.203
13.5 5.304
13.5 5.391
13.5 4.19
13.5 4.339
13.5 4.872
13.5 6.403
13.5 5.218
13.5 4.048
13.5 3.971
13.5 5.702
13.5 4.64
13.5 4.945
13.5 5.221
13.5 5.498
13.5 3.236
13.5 5.827
13.5 5.859
13.5 4.582
13.5 5.404
13.5 3.855
13.5 5.465
13.5 5.507
13.5 5.288
13.5 4.598
13.5 4.57
13.5 5.882
13.5 5.309
13.5 5.854
13.5 5.699
13.5 4.243
13.5 4.691
13.5 5.039
13.5 4.06
13.5 4.783
13.5 4.533
13.5 5.456
13.5 5.866
13.5 2.909
13.5 5.024
13.5 4.716
13.5 4.327
13.5 5.835
13.5 4.713
13.5 5.18
13.5 4.526
13.5 5.925
13.5 4.036
13.5 3.797
13.5 5.248
13.5 3.748
13.5 4.849
13.5 4.949
13.5 5.929
13.5 3.521
13.5 4.647
13.5 5.358
13.5 5.946
13.5 4.631
13.5 5.803
13.5 5.193
13.5 2.536
13.5 3.199
13.5 5.235
13.5 4.513
13.5 5.467
13.5 4.531
13.5 5.305
13.5 5.681
13.5 5.684
13.5 4.716
13.5 5.827
13.5 4.608
13.5 5.722
13.5 3.638
13.5 4.503
13.5 5.264
13.5 5.359
13.5 5.59
13.5 4.669
13.5 4.743
13.5 5.202
13.5 5.736
13.5 5.069
13.5 5.313
13.5 5.242
13.5 4.66
13.5 4.217
13.5 5.538
13.5 5.975
13.5 6.741
13.5 5.178
13.5 4.475
13.5 4.076
13.5 4.947
500
12.0 3.865
12.5 5.396
12.5 4.604
12.5 5.502
12.5 6.154
12.5 4.971
12.5 5.249
12.5 5.37
12.5 5.012
12.5 5.461
12.5 5.381
12.5 4.899
12.5 5.281
12.5 5.547
12.5 4.97
12.5 5.462
12.5 4.972
12.5 5.046
12.5 5.33
12.5 4.535
12.5 4.906
12.5 4.911
12.5 5.307
12.5 5.076
12.5 5.556
12.5 5.442
12.5 5.856
12.5 4.691
12.5 5.286
12.5 5.424
12.5 5.399
13.5 5.182
13.5 5.663
13.5 4.875
13.5 5.621
13.5 5.639
13.5 5.629
13.5 5.818
13.5 4.477
13.5 4.58
13.5 5.126
13.5 5.685
13.5 5.603
13.5 4.862
13.5 6.409
13.5 6.239
13.5 -0.797
13.5 4.345
13.5 4.945
13.5 4.675
13.5 4.451
13.5 4.719
13.5 5.097
13.5 4.604
13.5 5.713
13.5 5.581
13.5 5.143
13.5 4.223
13.5 5.684
13.5 4.68
13.5 4.752
13.5 4.948
13.5 4.931
13.5 4.678
13.5 2.94
13.5 4.36
13.5 4.889
13.5 5.219
13.5 5.609
13.5 5.493
13.5 5.575
13.5 4.781
13.5 5.705
13.5 5.131
13.5 4.675
13.5 4.692
13.5 5.296
13.5 4.942
13.5 5.851
13.5 3.753
13.5 5.256
13.5 5.368
13.5 5.545
13.5 5.35
13.5 5.44
13.5 5.117
13.5 5.594
13.5 4.589
13.5 3.287
13.5 5.291
13.5 5.173
13.5 4.87
13.5 5.122
13.5 4.81
13.5 5.322
13.5 5.373
13.5 6.088
13.5 4.805
13.5 4.883
13.5 5.37
13.5 4.184
13.5 5.005
13.5 5.073
13.5 5.422
13.5 5.208
13.5 4.318
13.5 5.828
13.5 5.303
13.5 4.75
13.5 5.743
13.5 4.961
13.5 5.596
13.5 5.907
13.5 5.785
13.5 3.975
13.5 5.016
13.5 4.483
13.5 4.768
13.5 4.721
13.5 4.403
13.5 4.937
13.5 4.78
13.5 4.737
13.5 4.638
13.5 4.922
13.5 5.2
13.5 3.666
13.5 4.611
13.5 3.919
13.5 5.183
13.5 5.595
13.5 5.645
13.5 4.836
13.5 4.979
13.5 5.94
13.5 0.999
13.5 4.657
13.5 5.525
13.5 5.211
13.5 4.991
13.5 5.508
13.5 5.211
13.5 5.316
13.5 5.165
13.5 4.781
13.5 5.632
13.5 4.806
13.5 4.468
13.5 4.916
13.5 4.819
13.5 5.394
13.5 5.463
13.5 5.409
13.5 3.468
13.5 5.077
13.5 5.429
13.5 5.553
13.5 5.337
13.5 5.725
13.5 4.093
13.5 4.631
13.5 4.874
13.5 5.558
13.5 6.211
13.5 5.313
13.5 4.266
13.5 5.699
13.5 5.115
13.5 5.944
13.5 1.513
13.5 4.252
13.5 5.305
13.5 4.552
13.5 5.373
13.5 4.967
13.5 3.68
13.5 5.01
13.5 5.684
13.5 5.087
13.5 4.87
13.5 5.689
13.5 4.994
13.5 5.049
13.5 5.89
13.5 4.168
13.5 5.905
13.5 4.94
13.5 5.39
13.5 3.643
13.5 4.279
13.5 4.614
13.5 4.9
13.5 4.26
13.5 5.385
13.5 4.68
13.5 4.879
13.5 4.91
13.5 5.427
13.5 5.46
13.5 4.941
13.5 4.73
13.5 4.798
13.5 5.41
13.5 5.472
13.5 5.487
13.5 5.407
13.5 4.755
13.5 5.042
13.5 5.519
13.5 4.298
13.5 4.121
13.5 4.812
13.5 4.847
13.5 5.748
13.5 4.747
13.5 4.195
13.5 4.824
13.5 5.256
13.5 4.335
13.5 5.653
13.5 4.693
13.5 4.919
13.5 4.072
13.5 5.466
13.5 5.504
13.5 3.959
13.5 5.347
13.5 4.998
13.5 5.468
13.5 5.007
13.5 5.008
13.5 5.66
13.5 4.5
13.5 5.2
13.5 5.334
13.5 4.651
13.5 4.885
13.5 5.565
13.5 4.479
13.5 4.269
13.5 4.61
13.5 5.23
13.5 4.972
13.5 4.708
13.5 5.563
13.5 5.727
13.5 5.234
13.5 4.642
13.5 5.095
13.5 4.567
13.5 4.897
13.5 5.355
13.5 5.575
13.5 4.348
13.5 5.462
13.5 3.432
13.5 1.228
13.5 5.655
13.5 5.126
13.5 4.795
13.5 4.756
13.5 5.502
13.5 4.413
13.5 5.112
13.5 5.442
13.5 5.337
13.5 4.603
13.5 5.059
13.5 3.936
13.5 5.403
13.5 5.13
13.5 4.593
13.5 3.104
13.5 5.499
13.5 4.593
13.5 5.411
13.5 5.315
13.5 5.0
13.5 4.462
13.5 5.2
13.5 4.56
13.5 5.358
13.5 5.236
13.5 4.868
13.5 5.602
13.5 3.984
13.5 4.377
13.5 4.267
13.5 5.141
13.5 5.276
13.5 5.13
13.5 4.408
13.5 4.452
13.5 5.238
13.5 4.222
13.5 4.669
13.5 5.182
13.5 5.071
13.5 5.326
13.5 5.048
13.5 5.011
13.5 5.177
13.5 4.334
13.5 4.705
13.5 5.581
13.5 5.645
13.5 5.235
13.5 5.203
13.5 5.287
13.5 3.998
13.5 4.884
13.5 5.181
13.5 5.345
13.5 4.962
13.5 6.601
13.5 6.22
13.5 6.107
13.5 5.696
13.5 4.649
13.5 4.373
13.5 4.871
13.5 6.062
13.5 5.443
13.5 4.692
13.5 5.304
13.5 4.906
13.5 5.169
13.5 5.356
13.5 5.615
13.5 3.55
13.5 4.69
13.5 5.217
13.5 5.383
13.5 4.186
13.5 4.849
13.5 5.386
13.5 4.603
13.5 5.596
13.5 5.463
13.5 5.876
13.5 4.215
13.5 4.945
13.5 5.311
13.5 4.855
13.5 5.349
13.5 5.663
13.5 3.369
13.5 4.444
13.5 4.956
13.5 5.636
13.5 3.8
13.5 4.372
13.5 4.78
13.5 5.158
13.5 5.201
13.5 5.407
13.5 5.218
13.5 5.228
13.5 4.747
13.5 5.631
13.5 4.075
13.5 4.888
13.5 4.629
13.5 2.998
13.5 4.749
13.5 4.796
13.5 4.553
13.5 5.258
13.5 3.487
13.5 4.988
13.5 4.968
13.5 4.651
13.5 5.042
13.5 5.528
13.5 4.925
13.5 4.691
13.5 4.552
13.5 5.186
13.5 4.882
13.5 4.64
13.5 5.68
13.5 4.654
13.5 5.416
13.5 4.945
13.5 5.036
13.5 5.853
13.5 4.649
13.5 4.882
13.5 4.11
13.5 5.602
13.5 4.773
13.5 5.272
13.5 5.624
13.5 3.958
13.5 4.898
13.5 4.79
13.5 5.5
13.5 4.559
13.5 4.521
13.5 5.189
13.5 5.518
13.5 4.758
13.5 4.371
13.5 5.285
13.5 4.627
13.5 4.757
13.5 5.23
13.5 5.578
13.5 5.308
13.5 4.896
13.5 4.974
13.5 5.336
13.5 4.342
13.5 4.809
13.5 4.657
13.5 4.19
13.5 4.985
13.5 5.223
13.5 5.243
13.5 5.316
13.5 4.449
13.5 5.042
13.5 5.585
13.5 4.939
13.5 4.856
13.5 4.617
13.5 6.099
13.5 5.511
13.5 5.64
13.5 5.365
13.5 5.326
13.5 5.118
13.5 5.538
13.5 4.155
13.5 4.563
13.5 4.28
13.5 5.242
13.5 4.613
13.5 5.323
13.5 5.271
13.5 4.807
13.5 5.171
13.5 2.985
13.5 4.496
13.5 4.879
13.5 5.567
13.5 5.347
13.5 3.989
13.5 5.585
13.5 5.329
13.5 4.627
13.5 5.264
13.5 5.102
13.5 5.842
13.5 6.071
13.5 5.027
13.5 5.129
13.5 5.029
13.5 5.694
13.5 5.002
13.5 4.579
13.5 3.974
13.5 5.546
13.5 3.948
13.5 4.102
13.5 4.97
13.5 4.416
13.5 4.563
13.5 5.162
13.5 4.92
13.5 5.26
13.5 5.872
13.5 5.004
13.5 5.136
13.5 4.585
13.5 5.26
13.5 4.811
13.5 5.142
13.5 4.984
13.5 5.389
13.5 4.592
13.5 4.103
13.5 4.611
13.5 4.941
13.5 3.637
13.5 4.466
13.5 5.339
13.5 4.892
13.5 4.79
13.5 5.466
13.5 5.18
13.5 5.395
13.5 2.842
13.5 4.48
13.5 4.522
13.5 4.901
13.5 5.264
13.5 4.808
13.5 4.064
13.5 5.93
500
11.0 3.734
12.0 4.71
12.5 4.362
12.5 5.084
12.5 5.214
12.5 4.661
12.5 4.986
12.5 4.464
12.5 3.689
12.5 5.021
12.5 4.376
12.5 5.618
12.5 5.59
12.5 4.711
12.5 4.657
13.0 5.167
13.0 5.631
13.0 4.408
13.0 4.498
13.0 5.74
13.0 5.458
13.0 4.728
13.0 3.427
13.0 5.258
13.0 4.345
13.0 3.354
13.0 4.904
13.0 5.136
13.0 5.88
13.0 5.298
13.0 4.806
13.0 4.545
13.0 4.616
13.0 5.375
13.0 3.715
13.0 4.254
13.0 5.161
13.0 4.85
13.0 5.943
13.0 5.712
13.0 5.184
13.0 4.022
13.0 4.367
13.0 4.756
13.0 5.081
13.0 4.746
13.0 4.226
13.0 4.385
13.0 5.373
13.0 4.884
13.0 4.536
13.0 5.197
13.0 5.505
13.0 5.371
13.0 5.265
13.0 4.941
13.0 4.334
13.0 4.43
13.0 5.396
13.0 4.351
13.0 5.592
13.0 4.807
13.0 4.64
13.0 4.15
13.0 4.977
13.0 6.019
13.0 4.378
13.0 4.584
13.0 5.068
13.0 5.127
13.0 6.055
13.0 5.299
13.0 5.019
13.0 4.424
13.0 5.513
13.0 5.121
13.0 4.759
13.0 5.785
13.0 5.522
13.0 4.509
13.0 4.343
13.0 4.538
13.0 5.334
13.0 4.746
13.0 5.115
13.0 4.471
13.0 4.917
13.0 4.647
13.0 4.756
13.0 4.822
13.0 4.947
13.0 5.165
13.0 5.678
13.0 5.336
13.0 4.371
13.0 5.212
13.0 4.281
13.0 5.193
13.0 4.833
13.0 5.177
13.0 4.323
13.0 5.027
13.0 4.877
13.0 2.076
13.0 4.852
13.0 4.853
13.0 4.324
13.0 5.087
13.0 4.892
13.0 5.08
13.0 4.962
13.0 5.976
13.0 5.168
13.0 5.252
13.0 4.762
13.0 4.734
13.0 5.436
13.0 5.163
13.0 5.529
13.0 5.076
13.0 4.876
13.0 5.559
13.0 5.768
13.0 5.693
13.0 5.203
13.0 5.698
13.0 4.598
13.0 4.271
13.0 4.891
13.0 5.73
13.0 5.494
13.0 4.274
13.0 5.365
13.0 5.02
13.0 5.441
13.0 5.09
13.0 4.91
13.0 4.889
13.0 4.121
13.0 5.044
13.0 4.164
13.0 3.73
13.0 5.513
13.0 5.25
13.0 4.46
13.0 5.002
13.0 5.043
13.0 5.211
13.0 5.161
13.0 5.748
13.0 5.438
13.0 0.738
13.0 5.136
13.0 5.183
13.0 5.61
13.0 5.585
13.0 5.679
13.0 5.225
13.0 5.19
13.0 4.619
13.0 5.276
13.0 5.894
13.0 3.971
13.0 4.058
13.0 4.397
13.0 4.019
13.0 4.501
13.0 4.621
13.0 5.134
13.0 4.689
13.0 5.001
13.0 5.901
13.0 5.331
13.0 5.157
13.0 4.505
13.0 4.439
13.0 4.196
13.0 5.046
13.0 4.397
13.0 4.936
13.0 5.475
13.0 4.637
13.0 4.992
13.0 4.415
13.0 5.302
13.0 5.24
13.0 5.507
13.0 4.648
13.0 6.015
13.0 4.349
13.0 5.088
13.0 5.055
13.0 5.451
13.0 4.053
13.0 5.732
13.0 5.914
13.0 5.211
13.0 4.853
13.0 5.052
13.0 5.56
13.0 5.198
13.0 4.709
13.0 4.512
13.0 5.411
13.0 5.988
13.0 4.819
13.0 4.669
13.0 5.199
13.0 4.668
13.0 5.16
13.0 5.278
13.0 4.216
13.0 5.377
13.0 3.494
13.0 5.441
13.0 4.924
13.0 4.904
13.0 4.828
13.0 4.555
13.0 5.764
13.0 5.659
13.0 5.499
13.0 4.453
13.0 4.852
13.0 5.172
13.0 5.0
13.0 5.575
13.0 3.87
13.0 5.061
13.0 4.886
13.0 4.701
13.0 4.888
13.0 5.662
13.0 4.895
13.0 5.429
13.0 5.354
13.0 4.382
13.0 5.268
13.0 5.456
13.0 4.89
13.0 4.456
13.0 4.697
13.0 5.178
13.0 4.798
13.0 4.81
13.0 5.194
13.0 4.848
13.0 5.073
13.0 4.685
13.0 6.058
13.0 5.323
13.0 4.608
13.0 5.641
13.0 4.401
13.0 3.64
13.0 5.001
13.0 4.75
13.0 4.822
13.0 5.761
13.0 4.829
13.0 5.521
13.0 5.583
13.0 4.966
13.0 5.343
13.0 3.646
13.0 4.971
13.0 5.121
13.0 5.081
13.0 5.806
13.0 5.778
13.0 6.075
13.0 5.261
13.0 5.311
13.0 2.415
13.0 5.496
13.0 4.791
13.0 4.765
13.0 4.394
13.0 5.836
13.0 5.161
13.0 5.608
13.0 5.017
13.0 4.234
13.0 5.163
13.0 4.537
13.0 4.808
13.0 5.938
13.0 5.495
13.0 4.848
13.0 4.978
13.0 5.993
13.0 5.012
13.0 5.615
13.0 4.595
13.0 4.974
13.0 5.261
13.0 5.306
13.0 4.164
13.0 4.442
13.0 5.255
13.0 5.262
13.0 4.719
13.0 5.578
13.0 5.722
13.0 4.914
13.0 4.586
13.0 4.553
13.0 5.124
13.0 5.225
13.0 4.614
13.0 5.092
13.0 5.131
13.0 5.302
13.0 4.246
13.0 6.532
13.0 4.762
13.0 5.285
13.0 5.1
13.0 5.573
13.0 4.632
13.0 5.395
13.0 4.383
13.0 4.556
13.0 5.422
13.0 5.695
13.0 4.298
13.0 5.802
13.0 5.642
13.0 5.366
13.0 3.797
13.0 4.937
13.0 5.023
13.0 4.439
13.0 5.624
13.0 4.408
13.0 5.006
13.0 5.32
13.0 5.141
13.0 5.508
13.0 6.013
13.0 5.323
13.0 4.106
13.0 5.298
13.0 5.026
13.0 4.583
13.0 4.154
13.0 5.158
13.0 5.167
13.0 4.217
13.0 4.987
13.0 5.413
13.0 5.163
13.0 4.884
13.0 5.733
13.0 4.935
13.0 5.738
13.0 5.341
13.0 4.869
13.0 4.795
13.0 5.288
13.0 4.423
13.0 5.442
13.0 3.909
13.0 4.947
13.0 4.519
13.0 5.469
13.0 4.911
13.0 4.676
13.0 4.788
13.0 5.189
13.0 5.409
13.0 4.59
13.0 4.623
13.0 4.304
13.0 4.959
13.0 5.255
13.0 3.634
13.0 5.059
13.5 5.26
13.5 5.887
13.5 4.091
13.5 4.083
13.5 4.284
13.5 5.994
13.5 5.175
13.5 5.883
13.5 3.772
13.5 4.513
13.5 5.105
13.5 5.077
13.5 5.501
13.5 3.234
13.5 4.955
13.5 4.889
13.5 4.461
13.5 5.676
13.5 4.358
13.5 5.749
13.5 4.113
13.5 5.385
13.5 3.955
13.5 5.297
13.5 4.939
13.5 4.963
13.5 5.594
13.5 4.583
13.5 4.33
13.5 5.097
13.5 3.499
13.5 5.13
13.5 5.617
13.5 2.985
13.5 4.659
13.5 5.288
13.5 4.843
13.5 4.495
13.5 5.309
13.5 5.089
13.5 5.086
13.5 4.85
13.5 5.123
13.5 4.162
13.5 4.91
13.5 5.104
13.5 4.967
13.5 5.425
13.5 4.764
13.5 5.454
13.5 5.369
13.5 4.761
13.5 4.467
13.5 5.584
13.5 4.988
13.5 4.945
13.5 5.413
13.5 4.469
13.5 4.356
13.5 4.704
13.5 4.735
13.5 5.296
13.5 4.191
13.5 4.958
13.5 5.221
13.5 4.556
13.5 4.535
13.5 5.693
13.5 5.596
13.5 4.392
13.5 5.479
13.5 3.974
13.5 4.955
13.5 4.394
13.5 4.482
13.5 5.493
13.5 5.077
13.5 4.642
13.5 5.178
13.5 5.878
13.5 4.207
13.5 4.826
13.5 4.695
13.5 5.22
13.5 4.972
13.5 3.835
13.5 5.818
13.5 4.991
13.5 5.318
13.5 4.397
13.5 4.346
13.5 5.109
13.5 4.661
13.5 4.807
13.5 5.573
13.5 5.43
13.5 5.971
13.5 5.133
13.5 4.514
13.5 5.884
13.5 5.207
13.5 4.215
13.5 4.365
13.5 5.0
13.5 5.335
13.5 5.315
13.5 5.948
13.5 5.555
13.5 4.212
13.5 5.07
13.5 5.113
13.5 5.864
13.5 5.161
13.5 4.214
13.5 4.894
13.5 4.704
13.5 5.711
13.5 5.522
13.5 4.442
13.5 4.401
13.5 5.383
13.5 4.827

Individual: [1, 3, 6, 7, 12, 14, 15, 19, 20]
   Fitness: 13.5
     Total: 9
Violations: 0 0

Individual: [1, 2, 4, 5, 7, 11, 14, 16, 19, 20]
   Fitness: 13.0
     Total: 10
Violations: 2 2

Individual: [1, 3, 6, 7, 12, 14, 15, 19, 20]
   Fitness: 13.5
     Total: 9
Violations: 0 0

Individual: [1, 2, 5, 6, 7, 14, 15, 16, 19, 20]
   Fitness: 13.0
     Total: 10
Violations: 2 2

Individual: [1, 3, 6, 7, 12, 14, 15, 19, 20]
   Fitness: 13.5
     Total: 9
Violations: 0 0

Individual: [1, 3, 6, 7, 12, 14, 15, 19, 20]
   Fitness: 13.5
     Total: 9
Violations: 0 0

Individual: [1, 3, 4, 6, 7, 12, 14, 15, 19, 20]
   Fitness: 13.0
     Total: 10
Violations: 2 2

Individual: [1, 3, 6, 7, 12, 14, 15, 19, 20]
   Fitness: 13.5
     Total: 9
Violations: 0 0

Individual: [1, 2, 6, 7, 9, 14, 15, 18, 20]
   Fitness: 13.5
     Total: 9
Violations: 0 0

Individual: [1, 2, 6, 7, 9, 14, 15, 18, 20]
   Fitness: 13.5
     Total: 9
Violations: 0 0
