10
100
11.0 3.646
12.0 8.334
12.5 9.451
13.0 10.221
13.0 11.301
13.0 11.856
13.0 11.908
13.0 11.959
13.0 12.301
13.5 12.155
13.5 12.31
13.5 12.449
13.5 12.541
13.5 12.565
13.5 12.785
13.5 13.24
13.5 13.218
13.5 13.167
13.5 13.287
13.5 13.208
13.5 13.263
13.5 13.297
13.5 13.179
13.5 13.213
13.5 13.195
13.5 13.211
13.5 13.222
13.5 13.288
13.5 13.236
13.5 13.218
13.5 13.25
13.5 13.216
13.5 13.236
13.5 13.177
13.5 13.2
13.5 13.129
13.5 13.229
13.5 13.25
13.5 13.249
13.5 13.155
13.5 13.201
13.5 13.241
13.5 13.294
13.5 13.294
13.5 13.189
13.5 13.221
13.5 13.213
13.5 13.242
13.5 13.248
13.5 13.172
13.5 13.243
13.5 13.191
13.5 13.237
13.5 13.228
13.5 13.225
13.5 13.239
13.5 13.206
13.5 13.175
13.5 13.253
13.5 13.204
13.5 13.181
13.5 13.182
13.5 13.267
13.5 13.25
13.5 13.215
13.5 13.236
13.5 13.198
13.5 13.188
13.5 13.196
13.5 13.244
13.5 13.216
13.5 13.242
13.5 13.2
13.5 13.236
13.5 13.209
13.5 13.197
13.5 13.249
13.5 13.28
13.5 13.243
13.5 13.259
13.5 13.198
13.5 13.242
13.5 13.183
13.5 13.255
13.5 13.181
13.5 13.259
13.5 13.218
13.5 13.234
13.5 13.201
13.5 13.22
13.5 13.275
13.5 13.193
13.5 13.26
13.5 13.254
13.5 13.256
13.5 13.289
13.5 13.174
13.5 13.196
13.5 13.244
13.5 13.241
100
11.5 3.572
12.0 8.257
13.0 9.538
13.0 10.559
13.0 11.57
13.0 12.211
13.0 12.513
13.0 12.54
13.0 12.484
13.0 12.584
13.0 12.567
13.0 12.641
13.0 12.608
13.0 12.595
13.0 12.545
13.0 12.698
13.0 12.631
13.0 12.541
13.0 12.488
13.0 12.663
13.0 12.614
13.0 12.657
13.0 12.726
13.0 12.65
13.0 12.575
13.0 12.611
13.0 12.605
13.0 12.57
13.0 12.629
13.0 12.611
13.0 12.605
13.0 12.564
13.0 12.561
13.0 12.621
13.0 12.621
13.0 12.695
13.0 12.662
13.0 12.584
13.0 12.618
13.0 12.672
13.0 12.697
13.0 12.619
13.0 12.633
13.0 12.608
13.0 12.598
13.0 12.699
13.0 12.59
13.0 12.596
13.0 12.561
13.0 12.554
13.0 12.597
13.0 12.515
13.0 12.573
13.0 12.634
13.0 12.556
13.0 12.585
13.0 12.662
13.0 12.661
13.0 12.542
13.0 12.533
13.0 12.629
13.0 12.617
13.0 12.582
13.0 12.652
13.0 12.646
13.0 12.593
13.0 12.628
13.0 12.607
13.0 12.638
13.0 12.633
13.0 12.636
13.0 12.628
13.0 12.665
13.0 12.668
13.0 12.636
13.0 12.643
13.0 12.687
13.0 12.551
13.0 12.647
13.0 12.546
13.0 12.617
13.0 12.731
13.0 12.674
13.0 12.665
13.0 12.542
13.0 12.663
13.0 12.583
13.0 12.716
13.0 12.648
13.0 12.682
13.0 12.712
13.0 12.672
13.0 12.654
13.0 12.61
13.0 12.667
13.0 12.622
13.0 12.647
13.0 12.625
13.0 12.682
13.0 12.648
100
12.5 3.79
12.5 8.303
13.0 9.593
13.0 10.809
13.0 11.692
13.0 12.287
13.0 12.65
13.0 12.669
13.0 12.703
13.0 12.619
13.0 12.648
13.0 12.664
13.0 12.705
13.0 12.694
13.0 12.713
13.0 12.689
13.0 12.715
13.0 12.761
13.0 12.783
13.0 12.707
13.0 12.709
13.0 12.752
13.0 12.656
13.0 12.687
13.0 12.683
13.0 12.676
13.0 12.764
13.0 12.733
13.0 12.729
13.0 12.752
13.0 12.624
13.0 12.722
13.0 12.721
13.0 12.715
13.0 12.776
13.0 12.739
13.0 12.664
13.0 12.733
13.0 12.764
13.0 12.729
13.0 12.748
13.0 12.774
13.0 12.728
13.0 12.698
13.0 12.779
13.0 12.765
13.0 12.7
13.0 12.788
13.0 12.684
13.0 12.771
13.0 12.764
13.0 12.754
13.0 12.729
13.0 12.754
13.0 12.729
13.0 12.789
13.0 12.763
13.0 12.712
13.0 12.847
13.0 12.777
13.0 12.765
13.0 12.726
13.0 12.688
13.0 12.686
13.0 12.759
13.0 12.696
13.0 12.68
13.0 12.686
13.0 12.726
13.0 12.798
13.0 12.731
13.0 12.714
13.0 12.754
13.0 12.677
13.0 12.748
13.0 12.722
13.0 12.742
13.0 12.674
13.0 12.747
13.0 12.743
13.0 12.729
13.0 12.767
13.0 12.749
13.0 12.801
13.0 12.776
13.0 12.687
13.0 12.67
13.0 12.787
13.0 12.689
13.0 12.714
13.0 12.661
13.0 12.771
13.0 12.669
13.0 12.759
13.0 12.721
13.0 12.756
13.0 12.659
13.0 12.749
13.0 12.668
13.5 12.723
100
12.5 3.656
12.5 8.34
12.5 9.564
13.0 10.597
13.5 11.249
13.5 11.858
13.5 12.243
13.5 12.466
13.5 12.777
13.5 13.204
13.5 13.167
13.5 13.312
13.5 13.16
13.5 13.177
13.5 13.179
13.5 13.178
13.5 13.246
13.5 13.238
13.5 13.223
13.5 13.257
13.5 13.211
13.5 13.138
13.5 13.197
13.5 13.221
13.5 13.2
13.5 13.209
13.5 13.16
13.5 13.311
13.5 13.253
13.5 13.198
13.5 13.194
13.5 13.246
13.5 13.186
13.5 13.334
13.5 13.24
13.5 13.181
13.5 13.208
13.5 13.234
13.5 13.257
13.5 13.169
13.5 13.167
13.5 13.266
13.5 13.187
13.5 13.215
13.5 13.22
13.5 13.295
13.5 13.225
13.5 13.176
13.5 13.191
13.5 13.251
13.5 13.221
13.5 13.188
13.5 13.2
13.5 13.225
13.5 13.227
13.5 13.181
13.5 13.267
13.5 13.267
13.5 13.221
13.5 13.185
13.5 13.25
13.5 13.243
13.5 13.255
13.5 13.242
13.5 13.273
13.5 13.222
13.5 13.232
13.5 13.184
13.5 13.218
13.5 13.252
13.5 13.234
13.5 13.172
13.5 13.24
13.5 13.203
13.5 13.213
13.5 13.247
13.5 13.164
13.5 13.238
13.5 13.272
13.5 13.186
13.5 13.234
13.5 13.205
13.5 13.16
13.5 13.183
13.5 13.21
13.5 13.149
13.5 13.23
13.5 13.21
13.5 13.17
13.5 13.275
13.5 13.267
13.5 13.219
13.5 13.224
13.5 13.228
13.5 13.19
13.5 13.268
13.5 13.227
13.5 13.282
13.5 13.227
13.5 13.229
100
11.0 3.818
12.0 8.127
13.0 9.717
13.0 10.489
13.5 11.309
13.5 11.901
13.5 12.351
13.5 12.513
13.5 13.058
13.5 13.192
13.5 13.242
13.5 13.204
13.5 13.248
13.5 13.217
13.5 13.254
13.5 13.224
13.5 13.235
13.5 13.219
13.5 13.185
13.5 13.194
13.5 13.259
13.5 13.24
13.5 13.232
13.5 13.253
13.5 13.264
13.5 13.095
13.5 13.221
13.5 13.167
13.5 13.216
13.5 13.249
13.5 13.216
13.5 13.143
13.5 13.288
13.5 13.214
13.5 13.212
13.5 13.251
13.5 13.184
13.5 13.216
13.5 13.239
13.5 13.172
13.5 13.143
13.5 13.256
13.5 13.185
13.5 13.195
13.5 13.192
13.5 13.138
13.5 13.232
13.5 13.172
13.5 13.214
13.5 13.212
13.5 13.242
13.5 13.184
13.5 13.226
13.5 13.2
13.5 13.151
13.5 13.254
13.5 13.206
13.5 13.217
13.5 13.233
13.5 13.145
13.5 13.276
13.5 13.205
13.5 13.228
13.5 13.155
13.5 13.247
13.5 13.194
13.5 13.222
13.5 13.265
13.5 13.204
13.5 13.185
13.5 13.189
13.5 13.148
13.5 13.191
13.5 13.16
13.5 13.181
13.5 13.195
13.5 13.229
13.5 13.228
13.5 13.152
13.5 13.248
13.5 13.303
13.5 13.255
13.5 13.225
13.5 13.184
13.5 13.223
13.5 13.262
13.5 13.262
13.5 13.293
13.5 13.18
13.5 13.233
13.5 13.166
13.5 13.275
13.5 13.207
13.5 13.245
13.5 13.251
13.5 13.198
13.5 13.221
13.5 13.209
13.5 13.15
13.5 13.236
100
12.5 3.678
13.5 8.307
13.5 9.782
13.5 10.815
13.5 11.804
13.5 12.508
13.5 13.059
13.5 13.161
13.5 13.177
13.5 13.183
13.5 13.21
13.5 13.277
13.5 13.178
13.5 13.231
13.5 13.178
13.5 13.234
13.5 13.169
13.5 13.215
13.5 13.253
13.5 13.206
13.5 13.246
13.5 13.205
13.5 13.277
13.5 13.271
13.5 13.235
13.5 13.235
13.5 13.233
13.5 13.223
13.5 13.256
13.5 13.219
13.5 13.194
13.5 13.268
13.5 13.188
13.5 13.222
13.5 13.216
13.5 13.235
13.5 13.144
13.5 13.256
13.5 13.257
13.5 13.229
13.5 13.219
13.5 13.23
13.5 13.171
13.5 13.195
13.5 13.262
13.5 13.143
13.5 13.154
13.5 13.208
13.5 13.205
13.5 13.191
13.5 13.25
13.5 13.243
13.5 13.249
13.5 13.226
13.5 13.123
13.5 13.246
13.5 13.196
13.5 13.214
13.5 13.211
13.5 13.243
13.5 13.199
13.5 13.238
13.5 13.284
13.5 13.246
13.5 13.258
13.5 13.178
13.5 13.182
13.5 13.208
13.5 13.212
13.5 13.21
13.5 13.232
13.5 13.225
13.5 13.237
13.5 13.184
13.5 13.181
13.5 13.249
13.5 13.254
13.5 13.203
13.5 13.181
13.5 13.217
13.5 13.239
13.5 13.262
13.5 13.236
13.5 13.233
13.5 13.232
13.5 13.243
13.5 13.272
13.5 13.204
13.5 13.205
13.5 13.242
13.5 13.29
13.5 13.206
13.5 13.229
13.5 13.173
13.5 13.188
13.5 13.279
13.5 13.214
13.5 13.243
13.5 13.21
13.5 13.232
100
11.0 3.631
12.5 8.488
13.0 9.554
13.0 10.494
13.5 11.563
13.5 12.039
13.5 12.026
13.5 12.242
13.5 12.572
13.5 13.046
13.5 13.164
13.5 13.186
13.5 13.245
13.5 13.226
13.5 13.166
13.5 13.276
13.5 13.213
13.5 13.27
13.5 13.169
13.5 13.243
13.5 13.313
13.5 13.206
13.5 13.25
13.5 13.212
13.5 13.189
13.5 13.225
13.5 13.261
13.5 13.168
13.5 13.22
13.5 13.21
13.5 13.183
13.5 13.171
13.5 13.236
13.5 13.232
13.5 13.265
13.5 13.237
13.5 13.254
13.5 13.167
13.5 13.278
13.5 13.237
13.5 13.205
13.5 13.197
13.5 13.258
13.5 13.167
13.5 13.248
13.5 13.244
13.5 13.232
13.5 13.182
13.5 13.183
13.5 13.241
13.5 13.242
13.5 13.221
13.5 13.207
13.5 13.225
13.5 13.178
13.5 13.164
13.5 13.184
13.5 13.24
13.5 13.248
13.5 13.243
13.5 13.287
13.5 13.219
13.5 13.202
13.5 13.248
13.5 13.236
13.5 13.188
13.5 13.246
13.5 13.242
13.5 13.184
13.5 13.224
13.5 13.296
13.5 13.199
13.5 13.256
13.5 13.234
13.5 13.32
13.5 13.3
13.5 13.229
13.5 13.179
13.5 13.148
13.5 13.22
13.5 13.264
13.5 13.197
13.5 13.195
13.5 13.245
13.5 13.205
13.5 13.266
13.5 13.223
13.5 13.29
13.5 13.195
13.5 13.179
13.5 13.19
13.5 13.194
13.5 13.3
13.5 13.168
13.5 13.248
13.5 13.236
13.5 13.232
13.5 13.236
13.5 13.198
13.5 13.22
100
11.0 3.598
12.5 8.195
12.5 9.372
13.0 10.196
13.0 11.049
13.0 11.662
13.0 11.991
13.0 12.384
13.0 12.605
13.0 12.65
13.0 12.704
13.0 12.65
13.5 12.704
13.5 12.67
13.5 12.64
13.5 12.655
13.5 12.632
13.5 12.756
13.5 13.236
13.5 13.262
13.5 13.301
13.5 13.15
13.5 13.212
13.5 13.239
13.5 13.202
13.5 13.22
13.5 13.147
13.5 13.204
13.5 13.221
13.5 13.194
13.5 13.218
13.5 13.232
13.5 13.244
13.5 13.197
13.5 13.142
13.5 13.247
13.5 13.23
13.5 13.197
13.5 13.246
13.5 13.242
13.5 13.195
13.5 13.219
13.5 13.207
13.5 13.234
13.5 13.166
13.5 13.224
13.5 13.234
13.5 13.197
13.5 13.196
13.5 13.23
13.5 13.191
13.5 13.194
13.5 13.178
13.5 13.263
13.5 13.174
13.5 13.238
13.5 13.215
13.5 13.271
13.5 13.244
13.5 13.175
13.5 13.254
13.5 13.219
13.5 13.12
13.5 13.218
13.5 13.105
13.5 13.244
13.5 13.212
13.5 13.167
13.5 13.163
13.5 13.245
13.5 13.201
13.5 13.276
13.5 13.152
13.5 13.183
13.5 13.224
13.5 13.267
13.5 13.185
13.5 13.211
13.5 13.222
13.5 13.273
13.5 13.286
13.5 13.256
13.5 13.244
13.5 13.193
13.5 13.254
13.5 13.273
13.5 13.201
13.5 13.264
13.5 13.216
13.5 13.245
13.5 13.22
13.5 13.234
13.5 13.268
13.5 13.202
13.5 13.206
13.5 13.189
13.5 13.134
13.5 13.197
13.5 13.217
13.5 13.212
100
12.5 4.105
13.0 8.429
13.0 9.665
13.0 10.563
13.0 11.277
13.0 11.701
13.0 12.183
13.0 12.523
13.0 12.658
13.0 12.76
13.0 12.722
13.0 12.788
13.0 12.706
13.0 12.706
13.0 12.741
13.0 12.728
13.0 12.67
13.0 12.714
13.0 12.67
13.0 12.708
13.0 12.679
13.0 12.729
13.0 12.719
13.0 12.655
13.0 12.632
13.0 12.668
13.0 12.735
13.0 12.744
13.0 12.732
13.0 12.682
13.0 12.757
13.0 12.73
13.0 12.673
13.0 12.712
13.0 12.657
13.0 12.726
13.0 12.721
13.0 12.681
13.0 12.666
13.0 12.636
13.0 12.729
13.0 12.682
13.0 12.653
13.0 12.679
13.0 12.735
13.0 12.717
13.0 12.657
13.0 12.667
13.0 12.762
13.0 12.689
13.0 12.684
13.0 12.764
13.0 12.677
13.0 12.836
13.0 12.729
13.0 12.669
13.0 12.67
13.0 12.755
13.0 12.778
13.0 12.653
13.0 12.713
13.0 12.686
13.0 12.696
13.0 12.731
13.0 12.736
13.0 12.778
13.0 12.793
13.0 12.699
13.0 12.75
13.0 12.732
13.0 12.707
13.0 12.797
13.0 12.672
13.0 12.722
13.0 12.704
13.0 12.66
13.0 12.68
13.0 12.691
13.0 12.618
13.0 12.702
13.0 12.71
13.0 12.6
13.0 12.666
13.0 12.711
13.0 12.717
13.0 12.662
13.0 12.584
13.0 12.723
13.0 12.74
13.0 12.776
13.0 12.76
13.0 12.746
13.0 12.666
13.0 12.636
13.0 12.628
13.0 12.726
13.0 12.756
13.0 12.749
13.0 12.737
13.0 12.733
100
12.0 3.877
12.0 8.413
12.5 9.36
12.5 10.134
12.5 10.939
13.0 11.282
13.0 11.575
13.5 11.786
13.5 12.228
13.5 12.416
13.5 12.765
13.5 13.233
13.5 13.216
13.5 13.213
13.5 13.256
13.5 13.23
13.5 13.26
13.5 13.179
13.5 13.202
13.5 13.276
13.5 13.302
13.5 13.211
13.5 13.155
13.5 13.194
13.5 13.183
13.5 13.288
13.5 13.175
13.5 13.167
13.5 13.225
13.5 13.219
13.5 13.203
13.5 13.258
13.5 13.21
13.5 13.25
13.5 13.291
13.5 13.212
13.5 13.236
13.5 13.215
13.5 13.141
13.5 13.241
13.5 13.23
13.5 13.187
13.5 13.197
13.5 13.237
13.5 13.206
13.5 13.224
13.5 13.21
13.5 13.158
13.5 13.164
13.5 13.174
13.5 13.217
13.5 13.189
13.5 13.188
13.5 13.167
13.5 13.217
13.5 13.174
13.5 13.211
13.5 13.25
13.5 13.274
13.5 13.289
13.5 13.195
13.5 13.259
13.5 13.169
13.5 13.198
13.5 13.226
13.5 13.222
13.5 13.26
13.5 13.255
13.5 13.199
13.5 13.251
13.5 13.246
13.5 13.194
13.5 13.22
13.5 13.141
13.5 13.27
13.5 13.237
13.5 13.214
13.5 13.211
13.5 13.222
13.5 13.184
13.5 13.205
13.5 13.211
13.5 13.23
13.5 13.196
13.5 13.242
13.5 13.27
13.5 13.249
13.5 13.192
13.5 13.286
13.5 13.21
13.5 13.223
13.5 13.205
13.5 13.225
13.5 13.222
13.5 13.237
13.5 13.242
13.5 13.228
13.5 13.233
13.5 13.198
13.5 13.154

Individual: [1, 2, 6, 7, 9, 14, 15, 18, 20]
   Fitness: 13.5
     Total: 9
Violations: 0 0

Individual: [1, 3, 4, 6, 7, 14, 16, 17, 19, 20]
   Fitness: 13.0
     Total: 10
Violations: 2 2

Individual: [1, 3, 6, 7, 12, 14, 15, 19, 20]
   Fitness: 13.5
     Total: 9
Violations: 0 0

Individual: [1, 2, 6, 7, 9, 14, 15, 18, 20]
   Fitness: 13.5
     Total: 9
Violations: 0 0

Individual: [1, 3, 6, 7, 12, 14, 15, 19, 20]
   Fitness: 13.5
     Total: 9
Violations: 0 0

Individual: [1, 3, 6, 7, 12, 14, 15, 19, 20]
   Fitness: 13.5
     Total: 9
Violations: 0 0

Individual: [1, 2, 6, 7, 9, 14, 15, 18, 20]
   Fitness: 13.5
     Total: 9
Violations: 0 0

Individual: [1, 3, 6, 7, 12, 14, 15, 19, 20]
   Fitness: 13.5
     Total: 9
Violations: 0 0

Individual: [1, 2, 5, 7, 8, 10, 16, 17, 19, 20]
   Fitness: 13.0
     Total: 10
Violations: 2 2

Individual: [1, 2, 6, 7, 9, 14, 15, 18, 20]
   Fitness: 13.5
     Total: 9
Violations: 0 0
