10
50
11.5 3.525
11.5 8.322
13.0 9.471
13.0 10.456
13.5 10.926
13.5 11.551
13.5 11.891
13.5 11.919
13.5 12.282
13.5 12.859
13.5 13.153
13.5 13.161
13.5 13.196
13.5 13.267
13.5 13.342
13.5 13.192
13.5 13.279
13.5 13.269
13.5 13.274
13.5 13.285
13.5 13.266
13.5 13.246
13.5 13.274
13.5 13.256
13.5 13.229
13.5 13.26
13.5 13.253
13.5 13.193
13.5 13.261
13.5 13.335
13.5 13.201
13.5 13.264
13.5 13.236
13.5 13.349
13.5 13.174
13.5 13.197
13.5 13.222
13.5 13.229
13.5 13.32
13.5 13.253
13.5 13.273
13.5 13.249
13.5 13.302
13.5 13.136
13.5 13.263
13.5 13.253
13.5 13.254
13.5 13.253
13.5 13.305
13.5 13.269
50
12.0 3.573
12.5 8.408
12.5 9.447
13.0 10.273
13.0 11.11
13.0 11.593
13.0 11.718
13.0 11.764
13.0 11.903
13.5 12.164
13.5 12.041
13.5 12.173
13.5 12.008
13.5 11.968
13.5 12.686
13.5 13.145
13.5 13.266
13.5 13.298
13.5 13.257
13.5 13.227
13.5 13.267
13.5 13.177
13.5 13.266
13.5 13.201
13.5 13.232
13.5 13.278
13.5 13.263
13.5 13.2
13.5 13.218
13.5 13.205
13.5 13.202
13.5 13.135
13.5 13.187
13.5 13.283
13.5 13.296
13.5 13.226
13.5 13.291
13.5 13.275
13.5 13.276
13.5 13.245
13.5 13.286
13.5 13.347
13.5 13.258
13.5 13.226
13.5 13.263
13.5 13.157
13.5 13.162
13.5 13.256
13.5 13.264
13.5 13.289
50
11.5 3.865
12.5 8.511
13.0 9.842
13.0 10.79
13.0 11.712
13.0 12.157
13.0 12.511
13.0 12.673
13.0 12.712
13.0 12.799
13.0 12.642
13.0 12.663
13.0 12.747
13.0 12.861
13.0 12.663
13.0 12.746
13.0 12.756
13.0 12.664
13.0 12.773
13.0 12.779
13.0 12.683
13.0 12.705
13.0 12.678
13.0 12.884
13.0 12.671
13.0 12.653
13.0 12.704
13.0 12.718
13.0 12.75
13.0 12.778
13.0 12.761
13.0 12.761
13.0 12.687
13.0 12.715
13.0 12.716
13.0 12.751
13.0 12.712
13.0 12.717
13.0 12.771
13.0 12.693
13.0 12.727
13.0 12.76
13.0 12.817
13.0 12.735
13.0 12.745
13.0 12.729
13.0 12.786
13.0 12.719
13.0 12.771
13.0 12.703
50
12.5 3.851
12.5 8.563
13.0 9.933
13.0 10.849
13.0 11.443
13.0 11.687
13.0 11.95
13.0 12.415
13.0 12.384
13.0 12.571
13.0 12.457
13.0 12.424
13.0 12.54
13.0 12.392
13.0 12.521
13.0 12.448
13.0 12.347
13.0 12.505
13.0 12.503
13.0 12.495
13.0 12.498
13.0 12.503
13.0 12.586
13.0 12.474
13.0 12.554
13.0 12.511
13.0 12.568
13.0 12.474
13.0 12.596
13.0 12.527
13.0 12.581
13.0 12.615
13.0 12.512
13.0 12.672
13.0 12.629
13.0 12.672
13.0 12.585
13.0 12.73
13.0 12.552
13.0 12.701
13.0 12.681
13.0 12.65
13.0 12.632
13.0 12.619
13.0 12.655
13.0 12.656
13.0 12.664
13.0 12.614
13.0 12.638
13.0 12.674
50
11.5 4.104
12.5 8.664
12.5 10.136
13.0 11.109
13.0 11.89
13.0 11.971
13.0 12.256
13.0 12.326
13.0 12.471
13.0 12.501
13.0 12.518
13.0 12.523
13.0 12.643
13.0 12.566
13.0 12.671
13.0 12.666
13.0 12.594
13.0 12.588
13.0 12.627
13.0 12.572
13.0 12.662
13.0 12.593
13.0 12.603
13.0 12.602
13.0 12.557
13.0 12.688
13.0 12.611
13.0 12.665
13.0 12.638
13.0 12.71
13.0 12.645
13.0 12.654
13.0 12.691
13.0 12.652
13.0 12.576
13.0 12.668
13.0 12.684
13.0 12.579
13.0 12.589
13.0 12.582
13.0 12.607
13.0 12.48
13.0 12.458
13.0 12.634
13.0 12.663
13.0 12.632
13.0 12.674
13.0 12.679
13.0 12.689
13.0 12.688
50
11.5 3.498
12.5 8.62
13.0 9.854
13.0 10.691
13.0 11.374
13.0 11.94
13.0 12.128
13.0 12.455
13.0 12.589
13.0 12.48
13.0 12.639
13.0 12.614
13.0 12.639
13.0 12.576
13.0 12.718
13.0 12.681
13.0 12.489
13.0 12.617
13.0 12.67
13.0 12.669
13.0 12.724
13.0 12.48
13.0 12.667
13.0 12.608
13.0 12.635
13.0 12.647
13.0 12.694
13.0 12.692
13.0 12.68
13.0 12.724
13.0 12.646
13.0 12.753
13.0 12.689
13.0 12.595
13.0 12.637
13.0 12.77
13.0 12.729
13.0 12.642
13.0 12.706
13.0 12.706
13.0 12.771
13.0 12.646
13.0 12.601
13.0 12.798
13.0 12.711
13.0 12.7
13.0 12.717
13.0 12.723
13.0 12.726
13.0 12.709
50
12.5 3.623
12.5 8.436
13.0 9.577
13.0 10.587
13.0 11.314
13.0 11.992
13.0 12.457
13.0 12.765
13.0 12.767
13.0 12.74
13.0 12.673
13.0 12.714
13.0 12.81
13.0 12.765
13.0 12.557
13.0 12.818
13.0 12.749
13.0 12.662
13.0 12.763
13.0 12.707
13.0 12.733
13.0 12.681
13.0 12.683
13.0 12.769
13.0 12.615
13.0 12.704
13.0 12.678
13.0 12.702
13.0 12.691
13.0 12.708
13.0 12.739
13.0 12.703
13.0 12.755
13.0 12.8
13.0 12.642
13.0 12.712
13.0 12.772
13.0 12.791
13.0 12.787
13.0 12.74
13.0 12.68
13.0 12.692
13.0 12.565
13.0 12.702
13.0 12.781
13.0 12.777
13.0 12.812
13.0 12.767
13.0 12.678
13.0 12.677
50
12.5 3.427
12.5 8.555
12.5 10.045
13.0 10.784
13.0 11.776
13.0 12.109
13.0 12.297
13.0 12.479
13.0 12.489
13.0 12.54
13.0 12.483
13.0 12.579
13.0 12.49
13.0 12.462
13.0 12.495
13.0 12.449
13.0 12.642
13.0 12.467
13.0 12.438
13.0 12.579
13.0 12.61
13.0 12.599
13.0 12.596
13.0 12.598
13.0 12.525
13.0 12.648
13.0 12.598
13.0 12.6
13.0 12.67
13.0 12.706
13.0 12.681
13.0 12.684
13.0 12.618
13.0 12.603
13.0 12.715
13.0 12.584
13.0 12.633
13.0 12.585
13.0 12.562
13.0 12.648
13.0 12.607
13.0 12.63
13.0 12.58
13.0 12.641
13.0 12.643
13.0 12.674
13.0 12.71
13.0 12.704
13.0 12.633
13.0 12.571
50
11.0 3.629
12.0 8.548
12.5 9.687
12.5 10.292
13.0 11.036
13.0 11.417
13.0 11.721
13.0 11.996
13.5 12.131
13.5 12.657
13.5 12.954
13.5 13.004
13.5 13.216
13.5 13.291
13.5 13.26
13.5 13.272
13.5 13.273
13.5 13.32
13.5 13.288
13.5 13.296
13.5 13.252
13.5 13.27
13.5 13.323
13.5 13.232
13.5 13.257
13.5 13.227
13.5 13.227
13.5 13.275
13.5 13.313
13.5 13.278
13.5 13.284
13.5 13.178
13.5 13.291
13.5 13.267
13.5 13.247
13.5 13.259
13.5 13.205
13.5 13.233
13.5 13.193
13.5 13.284
13.5 13.223
13.5 13.331
13.5 13.284
13.5 13.176
13.5 13.275
13.5 13.279
13.5 13.229
13.5 13.107
13.5 13.284
13.5 13.295
50
12.5 3.906
12.5 8.736
13.0 10.19
13.0 10.706
13.0 11.677
13.0 12.14
13.0 12.498
13.0 12.488
13.0 12.596
13.0 12.648
13.0 12.68
13.0 12.672
13.0 12.643
13.0 12.668
13.0 12.67
13.0 12.633
13.0 12.652
13.0 12.542
13.0 12.712
13.0 12.635
13.0 12.615
13.0 12.69
13.0 12.626
13.0 12.658
13.0 12.642
13.0 12.668
13.0 12.665
13.0 12.706
13.0 12.769
13.0 12.735
13.0 12.686
13.0 12.646
13.0 12.612
13.0 12.691
13.0 12.645
13.0 12.641
13.0 12.681
13.0 12.692
13.0 12.636
13.0 12.625
13.0 12.71
13.0 12.564
13.0 12.671
13.0 12.729
13.0 12.694
13.0 12.764
13.0 12.78
13.0 12.754
13.0 12.8
13.0 12.72

Individual: [1, 3, 6, 7, 12, 14, 15, 19, 20]
   Fitness: 13.5
     Total: 9
Violations: 0 0

Individual: [1, 3, 6, 7, 12, 14, 15, 19, 20]
   Fitness: 13.5
     Total: 9
Violations: 0 0

Individual: [1, 3, 4, 6, 7, 14, 16, 17, 19, 20]
   Fitness: 13.0
     Total: 10
Violations: 2 2

Individual: [1, 2, 4, 5, 10, 13, 14, 17, 19, 20]
   Fitness: 13.0
     Total: 10
Violations: 2 2

Individual: [1, 2, 5, 7, 10, 11, 14, 16, 19, 20]
   Fitness: 13.0
     Total: 10
Violations: 2 2

Individual: [1, 3, 4, 6, 7, 14, 15, 16, 19, 20]
   Fitness: 13.0
     Total: 10
Violations: 2 2

Individual: [1, 3, 4, 8, 9, 11, 16, 17, 19, 20]
   Fitness: 13.0
     Total: 10
Violations: 2 2

Individual: [1, 2, 3, 6, 7, 14, 16, 17, 19, 20]
   Fitness: 13.0
     Total: 10
Violations: 2 2

Individual: [1, 3, 6, 7, 12, 14, 15, 19, 20]
   Fitness: 13.5
     Total: 9
Violations: 0 0

Individual: [1, 3, 4, 6, 7, 14, 16, 17, 19, 20]
   Fitness: 13.0
     Total: 10
Violations: 2 2
