10
500
12.5 3.462
12.5 6.812
12.5 7.626
12.5 7.725
12.5 7.964
13.0 8.464
13.0 8.195
13.0 8.285
13.0 8.572
13.0 8.419
13.0 8.636
13.0 8.141
13.0 8.139
13.0 8.517
13.5 8.418
13.5 8.483
13.5 7.97
13.5 8.112
13.5 8.654
13.5 8.842
13.5 8.616
13.5 8.465
13.5 8.676
13.5 8.133
13.5 8.465
13.5 8.83
13.5 8.72
13.5 8.265
13.5 8.784
13.5 8.763
13.5 8.581
13.5 8.91
13.5 8.893
13.5 8.922
13.5 8.515
13.5 8.88
13.5 8.559
13.5 8.517
13.5 8.576
13.5 8.576
13.5 8.677
13.5 8.618
13.5 7.888
13.5 9.032
13.5 8.627
13.5 8.803
13.5 8.313
13.5 9.09
13.5 8.829
13.5 9.087
13.5 8.459
13.5 8.939
13.5 8.799
13.5 8.268
13.5 8.954
13.5 9.166
13.5 8.843
13.5 8.943
13.5 8.956
13.5 8.546
13.5 8.927
13.5 8.5
13.5 8.796
13.5 9.029
13.5 9.291
13.5 8.73
13.5 9.079
13.5 8.94
13.5 9.127
13.5 9.157
13.5 8.77
13.5 8.766
13.5 8.942
13.5 8.784
13.5 8.844
13.5 8.649
13.5 9.158
13.5 9.174
13.5 8.906
13.5 8.938
13.5 9.022
13.5 9.123
13.5 9.201
13.5 8.648
13.5 9.173
13.5 8.671
13.5 8.622
13.5 9.222
13.5 8.982
13.5 8.777
13.5 8.717
13.5 8.911
13.5 9.49
13.5 9.356
13.5 9.195
13.5 8.93
13.5 9.343
13.5 8.954
13.5 9.286
13.5 9.143
13.5 8.88
13.5 9.043
13.5 8.758
13.5 8.773
13.5 8.943
13.5 8.73
13.5 8.745
13.5 9.04
13.5 8.9
13.5 8.559
13.5 8.823
13.5 8.782
13.5 8.932
13.5 9.103
13.5 8.768
13.5 9.14
13.5 8.663
13.5 8.767
13.5 8.789
13.5 8.922
13.5 9.097
13.5 8.814
13.5 8.961
13.5 9.157
13.5 8.985
13.5 9.04
13.5 9.012
13.5 8.904
13.5 8.544
13.5 8.963
13.5 9.063
13.5 8.918
13.5 9.03
13.5 9.063
13.5 8.686
13.5 8.701
13.5 8.83
13.5 8.703
13.5 9.198
13.5 8.904
13.5 8.854
13.5 8.885
13.5 9.079
13.5 9.213
13.5 8.871
13.5 9.183
13.5 9.375
13.5 9.096
13.5 9.053
13.5 9.31
13.5 8.92
13.5 8.805
13.5 8.544
13.5 9.041
13.5 8.855
13.5 9.158
13.5 8.869
13.5 8.779
13.5 8.618
13.5 8.996
13.5 8.718
13.5 8.805
13.5 8.824
13.5 8.658
13.5 8.68
13.5 9.154
13.5 8.736
13.5 8.805
13.5 8.512
13.5 8.645
13.5 9.089
13.5 8.634
13.5 8.597
13.5 9.109
13.5 8.666
13.5 9.207
13.5 9.048
13.5 8.843
13.5 9.231
13.5 8.844
13.5 9.488
13.5 9.047
13.5 9.424
13.5 9.086
13.5 9.108
13.5 9.204
13.5 9.322
13.5 8.999
13.5 9.164
13.5 9.013
13.5 9.144
13.5 9.221
13.5 9.0
13.5 8.823
13.5 9.236
13.5 9.276
13.5 9.114
13.5 9.158
13.5 9.185
13.5 8.954
13.5 9.37
13.5 9.396
13.5 9.005
13.5 8.897
13.5 9.228
13.5 8.906
13.5 8.868
13.5 8.821
13.5 8.966
13.5 9.267
13.5 8.945
13.5 9.225
13.5 9.182
13.5 8.851
13.5 9.286
13.5 8.988
13.5 8.477
13.5 9.148
13.5 8.884
13.5 8.835
13.5 9.232
13.5 9.014
13.5 9.104
13.5 9.047
13.5 8.908
13.5 8.697
13.5 9.076
13.5 8.569
13.5 8.82
13.5 8.729
13.5 8.855
13.5 9.317
13.5 8.549
13.5 8.875
13.5 8.715
13.5 9.035
13.5 9.079
13.5 8.711
13.5 8.905
13.5 9.077
13.5 9.19
13.5 9.013
13.5 9.357
13.5 9.259
13.5 9.577
13.5 9.127
13.5 8.866
13.5 8.993
13.5 8.98
13.5 8.997
13.5 8.527
13.5 8.734
13.5 8.902
13.5 8.932
13.5 8.984
13.5 8.582
13.5 9.423
13.5 8.643
13.5 8.967
13.5 9.365
13.5 9.111
13.5 9.041
13.5 9.045
13.5 9.218
13.5 8.777
13.5 9.053
13.5 9.151
13.5 8.628
13.5 8.702
13.5 9.244
13.5 9.039
13.5 8.898
13.5 8.869
13.5 9.021
13.5 9.189
13.5 9.096
13.5 8.824
13.5 8.991
13.5 8.72
13.5 8.875
13.5 9.137
13.5 9.012
13.5 8.818
13.5 8.698
13.5 8.459
13.5 8.467
13.5 8.614
13.5 8.823
13.5 8.927
13.5 8.272
13.5 9.084
13.5 9.051
13.5 9.097
13.5 8.785
13.5 8.908
13.5 8.653
13.5 9.282
13.5 9.211
13.5 9.366
13.5 9.227
13.5 8.881
13.5 8.659
13.5 8.773
13.5 8.747
13.5 9.163
13.5 8.882
13.5 9.249
13.5 8.936
13.5 9.029
13.5 9.077
13.5 8.733
13.5 8.961
13.5 8.848
13.5 8.857
13.5 8.881
13.5 8.766
13.5 9.241
13.5 8.905
13.5 8.842
13.5 8.847
13.5 8.847
13.5 9.02
13.5 8.909
13.5 8.545
13.5 9.032
13.5 9.215
13.5 9.404
13.5 9.113
13.5 9.306
13.5 9.033
13.5 8.739
13.5 8.943
13.5 8.432
13.5 8.839
13.5 8.779
13.5 8.864
13.5 9.221
13.5 9.063
13.5 9.037
13.5 8.924
13.5 8.772
13.5 9.034
13.5 8.722
13.5 8.771
13.5 8.983
13.5 8.654
13.5 8.699
13.5 8.593
13.5 8.92
13.5 9.166
13.5 8.834
13.5 8.963
13.5 8.518
13.5 8.539
13.5 8.663
13.5 8.875
13.5 8.663
13.5 8.659
13.5 8.804
13.5 8.684
13.5 8.918
13.5 9.08
13.5 8.445
13.5 8.746
13.5 9.083
13.5 8.585
13.5 8.705
13.5 8.918
13.5 9.102
13.5 8.699
13.5 8.67
13.5 8.922
13.5 8.79
13.5 9.261
13.5 9.195
13.5 8.976
13.5 8.855
13.5 9.301
13.5 9.116
13.5 8.94
13.5 9.381
13.5 8.888
13.5 8.757
13.5 9.234
13.5 9.634
13.5 9.309
13.5 8.737
13.5 9.461
13.5 9.061
13.5 8.904
13.5 8.791
13.5 9.099
13.5 9.094
13.5 8.859
13.5 9.063
13.5 8.868
13.5 9.091
13.5 9.258
13.5 8.789
13.5 8.72
13.5 8.866
13.5 8.928
13.5 9.167
13.5 8.7
13.5 9.133
13.5 8.759
13.5 8.937
13.5 9.027
13.5 8.441
13.5 8.843
13.5 8.924
13.5 9.121
13.5 9.048
13.5 8.893
13.5 9.21
13.5 8.947
13.5 8.843
13.5 9.034
13.5 8.977
13.5 8.517
13.5 9.116
13.5 8.959
13.5 8.977
13.5 9.006
13.5 8.702
13.5 8.713
13.5 8.871
13.5 8.693
13.5 8.869
13.5 8.719
13.5 8.941
13.5 8.797
13.5 8.773
13.5 9.216
13.5 9.233
13.5 8.941
13.5 8.665
13.5 8.735
13.5 8.84
13.5 8.61
13.5 8.472
13.5 8.656
13.5 8.943
13.5 8.824
13.5 9.177
13.5 8.791
13.5 9.019
13.5 8.75
13.5 8.856
13.5 9.155
13.5 8.674
13.5 8.626
13.5 8.544
13.5 8.997
13.5 8.707
13.5 8.56
13.5 9.133
13.5 8.902
13.5 9.133
13.5 9.189
13.5 9.311
13.5 9.027
13.5 9.13
13.5 8.967
13.5 8.824
13.5 9.237
13.5 9.125
13.5 9.321
13.5 8.813
13.5 8.865
13.5 8.967
13.5 9.149
13.5 8.935
13.5 9.038
13.5 8.589
13.5 8.636
13.5 9.034
13.5 9.036
13.5 9.113
13.5 8.686
13.5 8.83
13.5 9.233
13.5 8.663
13.5 9.317
13.5 9.013
13.5 8.94
13.5 9.066
13.5 9.456
13.5 9.295
13.5 9.138
13.5 8.814
13.5 8.882
13.5 8.935
13.5 8.869
13.5 8.712
13.5 8.861
13.5 8.939
13.5 9.231
13.5 8.769
13.5 8.838
500
12.0 3.897
12.0 7.151
12.0 7.521
12.0 7.787
12.0 7.94
13.0 7.649
13.0 8.142
13.0 8.471
13.0 8.478
13.0 7.992
13.0 8.159
13.0 8.285
13.0 8.895
13.0 8.818
13.0 8.722
13.5 8.803
13.5 8.767
13.5 8.836
13.5 8.973
13.5 8.567
13.5 8.466
13.5 8.763
13.5 8.645
13.5 8.693
13.5 8.652
13.5 8.742
13.5 8.714
13.5 8.932
13.5 9.069
13.5 8.833
13.5 8.693
13.5 9.012
13.5 8.752
13.5 9.031
13.5 8.587
13.5 8.314
13.5 8.525
13.5 8.441
13.5 8.782
13.5 9.019
13.5 9.241
13.5 9.143
13.5 9.141
13.5 8.808
13.5 8.68
13.5 8.884
13.5 8.761
13.5 8.93
13.5 8.919
13.5 8.682
13.5 9.21
13.5 9.15
13.5 8.887
13.5 8.936
13.5 8.767
13.5 8.737
13.5 8.178
13.5 8.977
13.5 8.632
13.5 9.366
13.5 9.079
13.5 8.857
13.5 8.771
13.5 8.587
13.5 8.628
13.5 9.053
13.5 8.761
13.5 9.311
13.5 9.332
13.5 9.228
13.5 8.814
13.5 9.347
13.5 8.854
13.5 9.196
13.5 9.058
13.5 8.9
13.5 8.975
13.5 8.755
13.5 8.902
13.5 8.808
13.5 8.719
13.5 8.59
13.5 8.546
13.5 8.758
13.5 9.101
13.5 8.215
13.5 8.793
13.5 8.607
13.5 8.558
13.5 8.862
13.5 9.049
13.5 9.04
13.5 8.829
13.5 9.011
13.5 9.301
13.5 9.234
13.5 8.71
13.5 8.824
13.5 7.999
13.5 8.397
13.5 8.556
13.5 8.705
13.5 9.042
13.5 8.994
13.5 9.006
13.5 8.768
13.5 8.564
13.5 8.838
13.5 8.898
13.5 8.967
13.5 8.662
13.5 8.709
13.5 8.972
13.5 8.695
13.5 8.862
13.5 9.137
13.5 9.148
13.5 9.285
13.5 9.072
13.5 8.965
13.5 8.425
13.5 9.023
13.5 9.26
13.5 8.935
13.5 9.067
13.5 8.836
13.5 8.79
13.5 8.696
13.5 8.758
13.5 8.649
13.5 9.01
13.5 8.825
13.5 8.989
13.5 9.012
13.5 8.696
13.5 8.663
13.5 9.079
13.5 8.923
13.5 8.715
13.5 8.922
13.5 8.789
13.5 8.869
13.5 8.961
13.5 8.791
13.5 8.827
13.5 8.917
13.5 8.771
13.5 8.979
13.5 9.071
13.5 9.13
13.5 8.933
13.5 8.561
13.5 8.648
13.5 8.909
13.5 8.645
13.5 8.679
13.5 8.757
13.5 8.741
13.5 9.188
13.5 8.831
13.5 8.651
13.5 9.356
13.5 9.027
13.5 8.409
13.5 8.623
13.5 8.114
13.5 8.768
13.5 8.931
13.5 8.646
13.5 8.872
13.5 8.988
13.5 9.009
13.5 9.195
13.5 9.105
13.5 9.167
13.5 8.978
13.5 8.999
13.5 8.86
13.5 8.989
13.5 9.226
13.5 9.087
13.5 8.983
13.5 8.733
13.5 8.656
13.5 8.639
13.5 8.793
13.5 9.0
13.5 8.991
13.5 8.781
13.5 8.762
13.5 8.875
13.5 9.168
13.5 8.925
13.5 9.034
13.5 8.857
13.5 8.885
13.5 8.849
13.5 8.813
13.5 8.978
13.5 9.147
13.5 9.026
13.5 8.926
13.5 9.239
13.5 9.147
13.5 9.268
13.5 9.231
13.5 8.993
13.5 8.352
13.5 8.883
13.5 9.257
13.5 9.041
13.5 9.18
13.5 9.04
13.5 8.749
13.5 8.94
13.5 8.558
13.5 8.953
13.5 8.672
13.5 8.952
13.5 8.946
13.5 9.222
13.5 9.238
13.5 8.864
13.5 9.023
13.5 8.868
13.5 8.757
13.5 8.514
13.5 8.872
13.5 8.733
13.5 8.675
13.5 8.702
13.5 8.954
13.5 8.725
13.5 8.951
13.5 8.915
13.5 9.007
13.5 8.979
13.5 8.735
13.5 8.681
13.5 8.654
13.5 8.753
13.5 8.702
13.5 8.316
13.5 8.641
13.5 8.894
13.5 9.129
13.5 8.747
13.5 8.582
13.5 8.397
13.5 8.746
13.5 8.517
13.5 8.368
13.5 9.007
13.5 8.72
13.5 9.107
13.5 8.777
13.5 8.664
13.5 8.394
13.5 9.04
13.5 9.141
13.5 9.116
13.5 9.169
13.5 9.127
13.5 9.009
13.5 7.851
13.5 8.29
13.5 8.133
13.5 8.598
13.5 9.119
13.5 9.159
13.5 9.413
13.5 9.053
13.5 8.961
13.5 9.198
13.5 9.319
13.5 9.197
13.5 8.944
13.5 9.124
13.5 9.031
13.5 9.075
13.5 8.6
13.5 8.373
13.5 8.667
13.5 8.582
13.5 8.694
13.5 8.477
13.5 9.092
13.5 9.251
13.5 8.465
13.5 8.695
13.5 8.758
13.5 8.788
13.5 8.395
13.5 9.102
13.5 8.796
13.5 8.903
13.5 8.563
13.5 9.238
13.5 8.248
13.5 8.889
13.5 8.61
13.5 8.855
13.5 8.745
13.5 8.566
13.5 8.744
13.5 8.725
13.5 9.182
13.5 8.837
13.5 9.246
13.5 8.977
13.5 9.159
13.5 9.102
13.5 8.704
13.5 8.333
13.5 8.641
13.5 8.708
13.5 8.721
13.5 8.705
13.5 8.664
13.5 8.527
13.5 8.848
13.5 8.97
13.5 8.587
13.5 9.089
13.5 8.99
13.5 8.698
13.5 9.048
13.5 8.829
13.5 8.792
13.5 9.173
13.5 8.859
13.5 8.776
13.5 8.658
13.5 9.163
13.5 8.884
13.5 8.621
13.5 8.886
13.5 8.701
13.5 8.944
13.5 8.881
13.5 8.915
13.5 8.899
13.5 9.02
13.5 8.949
13.5 9.215
13.5 8.951
13.5 8.937
13.5 8.676
13.5 9.134
13.5 9.092
13.5 8.313
13.5 9.1
13.5 8.822
13.5 8.623
13.5 8.676
13.5 9.106
13.5 8.889
13.5 8.772
13.5 8.496
13.5 8.391
13.5 8.706
13.5 8.624
13.5 8.631
13.5 8.896
13.5 8.558
13.5 8.716
13.5 8.771
13.5 8.684
13.5 9.003
13.5 8.573
13.5 8.822
13.5 9.073
13.5 8.92
13.5 8.734
13.5 9.111
13.5 8.619
13.5 8.405
13.5 9.048
13.5 8.821
13.5 8.74
13.5 8.954
13.5 9.074
13.5 9.354
13.5 9.112
13.5 8.973
13.5 8.675
13.5 8.98
13.5 8.842
13.5 9.231
13.5 9.056
13.5 9.294
13.5 9.127
13.5 9.158
13.5 9.2
13.5 8.596
13.5 8.712
13.5 8.366
13.5 8.757
13.5 9.053
13.5 8.97
13.5 8.925
13.5 9.005
13.5 8.604
13.5 8.542
13.5 9.149
13.5 8.851
13.5 9.13
13.5 9.174
13.5 9.111
13.5 9.119
13.5 9.269
13.5 8.917
13.5 8.961
13.5 8.836
13.5 8.89
13.5 9.02
13.5 8.935
13.5 9.087
13.5 9.064
13.5 8.739
13.5 9.012
13.5 8.8
13.5 8.816
13.5 9.207
13.5 8.3
13.5 8.697
13.5 9.125
13.5 8.903
13.5 8.693
13.5 8.749
13.5 8.541
13.5 8.789
13.5 8.545
13.5 8.817
13.5 8.627
13.5 8.341
13.5 8.311
13.5 8.826
13.5 8.772
13.5 8.068
13.5 8.476
13.5 8.717
13.5 8.563
13.5 8.844
13.5 8.412
13.5 8.914
13.5 8.814
13.5 8.9
13.5 8.483
13.5 8.844
13.5 8.897
13.5 9.162
13.5 9.072
13.5 9.267
13.5 9.077
13.5 9.05
13.5 9.334
13.5 8.737
13.5 8.982
13.5 9.101
13.5 8.937
13.5 9.14
13.5 9.055
13.5 8.804
13.5 8.819
13.5 8.657
13.5 8.801
13.5 9.085
13.5 9.191
13.5 9.142
13.5 9.124
13.5 9.379
13.5 9.223
13.5 9.236
13.5 8.79
13.5 9.055
13.5 8.94
13.5 8.982
13.5 8.424
13.5 8.821
13.5 9.21
13.5 9.014
13.5 9.166
13.5 9.023
13.5 9.013
13.5 9.131
13.5 9.109
13.5 8.98
13.5 8.589
13.5 8.939
13.5 8.781
13.5 8.868
13.5 9.128
13.5 9.009
13.5 9.085
13.5 9.219
13.5 8.749
13.5 9.056
13.5 9.488
13.5 8.832
500
11.5 4.164
11.5 6.919
12.5 7.575
12.5 7.895
12.5 7.708
12.5 7.825
12.5 8.528
12.5 8.239
13.0 8.427
13.5 8.321
13.5 8.931
13.5 8.714
13.5 8.901
13.5 8.587
13.5 8.609
13.5 9.143
13.5 8.751
13.5 8.938
13.5 9.158
13.5 9.096
13.5 9.188
13.5 8.766
13.5 8.853
13.5 8.751
13.5 8.38
13.5 8.519
13.5 8.799
13.5 8.508
13.5 8.845
13.5 8.758
13.5 8.789
13.5 9.085
13.5 9.376
13.5 8.84
13.5 8.797
13.5 8.92
13.5 8.808
13.5 9.009
13.5 8.963
13.5 8.811
13.5 8.681
13.5 8.822
13.5 8.27
13.5 8.261
13.5 8.844
13.5 8.511
13.5 8.45
13.5 8.762
13.5 8.868
13.5 8.57
13.5 8.568
13.5 8.533
13.5 8.707
13.5 8.24
13.5 8.7
13.5 8.803
13.5 8.994
13.5 9.118
13.5 9.106
13.5 9.062
13.5 8.769
13.5 8.613
13.5 8.804
13.5 8.765
13.5 8.23
13.5 8.692
13.5 9.017
13.5 8.461
13.5 8.7
13.5 8.948
13.5 8.896
13.5 8.21
13.5 8.952
13.5 9.023
13.5 8.99
13.5 9.167
13.5 8.886
13.5 8.697
13.5 8.819
13.5 8.797
13.5 8.988
13.5 8.747
13.5 8.647
13.5 8.622
13.5 8.732
13.5 8.799
13.5 8.964
13.5 8.655
13.5 8.762
13.5 8.846
13.5 8.645
13.5 8.886
13.5 8.688
13.5 9.005
13.5 8.606
13.5 8.693
13.5 9.086
13.5 8.375
13.5 8.889
13.5 8.908
13.5 9.07
13.5 8.8
13.5 9.083
13.5 8.756
13.5 8.586
13.5 8.863
13.5 8.496
13.5 8.803
13.5 8.889
13.5 8.086
13.5 8.821
13.5 8.924
13.5 8.777
13.5 8.98
13.5 9.001
13.5 8.611
13.5 8.471
13.5 8.997
13.5 8.696
13.5 9.041
13.5 9.017
13.5 9.318
13.5 9.306
13.5 8.591
13.5 9.004
13.5 8.543
13.5 8.888
13.5 8.91
13.5 9.196
13.5 8.79
13.5 8.67
13.5 8.849
13.5 9.242
13.5 9.181
13.5 9.107
13.5 8.921
13.5 9.053
13.5 9.361
13.5 8.819
13.5 8.952
13.5 8.459
13.5 8.547
13.5 8.215
13.5 8.932
13.5 8.534
13.5 8.739
13.5 9.04
13.5 8.905
13.5 8.926
13.5 8.809
13.5 8.992
13.5 9.142
13.5 8.97
13.5 8.979
13.5 8.768
13.5 8.967
13.5 9.077
13.5 8.817
13.5 8.842
13.5 8.875
13.5 8.899
13.5 9.086
13.5 8.794
13.5 9.119
13.5 8.978
13.5 8.452
13.5 8.52
13.5 8.979
13.5 8.749
13.5 8.872
13.5 8.859
13.5 9.012
13.5 9.156
13.5 8.952
13.5 8.547
13.5 8.915
13.5 8.102
13.5 8.587
13.5 8.54
13.5 8.692
13.5 8.622
13.5 8.497
13.5 9.067
13.5 9.059
13.5 9.103
13.5 8.872
13.5 8.966
13.5 9.018
13.5 9.281
13.5 8.926
13.5 9.083
13.5 8.02
13.5 8.536
13.5 8.569
13.5 8.821
13.5 8.533
13.5 8.828
13.5 8.793
13.5 8.574
13.5 8.425
13.5 8.806
13.5 8.952
13.5 8.926
13.5 9.176
13.5 9.04
13.5 9.048
13.5 8.925
13.5 8.646
13.5 9.092
13.5 9.266
13.5 9.023
13.5 8.84
13.5 9.223
13.5 8.417
13.5 9.003
13.5 8.861
13.5 8.755
13.5 9.158
13.5 8.929
13.5 9.005
13.5 8.764
13.5 8.988
13.5 9.018
13.5 8.708
13.5 8.85
13.5 8.797
13.5 8.577
13.5 8.937
13.5 8.748
13.5 8.47
13.5 8.074
13.5 8.382
13.5 8.572
13.5 8.486
13.5 8.442
13.5 8.676
13.5 8.437
13.5 8.688
13.5 8.572
13.5 9.005
13.5 9.028
13.5 8.79
13.5 8.846
13.5 9.092
13.5 9.341
13.5 8.63
13.5 8.925
13.5 8.961
13.5 9.249
13.5 9.206
13.5 8.896
13.5 9.208
13.5 8.631
13.5 8.747
13.5 8.625
13.5 9.032
13.5 8.639
13.5 9.007
13.5 8.687
13.5 8.474
13.5 8.574
13.5 8.338
13.5 9.014
13.5 8.971
13.5 9.155
13.5 9.325
13.5 8.794
13.5 8.902
13.5 8.795
13.5 8.805
13.5 9.009
13.5 9.141
13.5 9.062
13.5 8.561
13.5 8.344
13.5 8.63
13.5 8.418
13.5 8.496
13.5 8.402
13.5 8.409
13.5 8.601
13.5 8.865
13.5 8.481
13.5 8.705
13.5 8.728
13.5 9.227
13.5 9.091
13.5 8.816
13.5 8.729
13.5 8.974
13.5 8.795
13.5 8.846
13.5 8.606
13.5 8.637
13.5 8.968
13.5 9.227
13.5 9.009
13.5 8.992
13.5 9.282
13.5 9.076
13.5 9.167
13.5 9.162
13.5 8.979
13.5 8.648
13.5 9.036
13.5 8.893
13.5 8.426
13.5 8.909
13.5 8.92
13.5 8.715
13.5 8.862
13.5 8.606
13.5 9.019
13.5 8.954
13.5 8.901
13.5 9.176
13.5 9.22
13.5 9.269
13.5 8.606
13.5 8.776
13.5 8.566
13.5 9.036
13.5 8.778
13.5 8.782
13.5 8.721
13.5 8.878
13.5 8.512
13.5 8.336
13.5 8.727
13.5 8.998
13.5 8.673
13.5 9.031
13.5 8.775
13.5 8.926
13.5 8.996
13.5 8.86
13.5 9.162
13.5 8.749
13.5 8.981
13.5 9.005
13.5 8.665
13.5 8.227
13.5 8.432
13.5 9.034
13.5 8.648
13.5 8.922
13.5 8.497
13.5 8.839
13.5 8.625
13.5 8.969
13.5 8.632
13.5 8.999
13.5 8.941
13.5 8.784
13.5 8.706
13.5 8.69
13.5 9.03
13.5 8.661
13.5 8.84
13.5 8.573
13.5 8.574
13.5 8.266
13.5 8.659
13.5 8.633
13.5 8.673
13.5 8.684
13.5 9.137
13.5 8.756
13.5 8.617
13.5 8.558
13.5 8.753
13.5 8.631
13.5 9.164
13.5 8.883
13.5 8.83
13.5 8.58
13.5 8.809
13.5 8.579
13.5 8.627
13.5 8.493
13.5 8.706
13.5 8.334
13.5 8.808
13.5 8.447
13.5 8.77
13.5 8.5
13.5 8.513
13.5 9.009
13.5 8.713
13.5 9.107
13.5 9.378
13.5 8.216
13.5 8.794
13.5 8.838
13.5 9.057
13.5 9.237
13.5 8.617
13.5 8.572
13.5 8.637
13.5 9.073
13.5 9.095
13.5 8.78
13.5 9.11
13.5 8.93
13.5 9.217
13.5 9.102
13.5 8.795
13.5 8.871
13.5 8.903
13.5 8.682
13.5 8.955
13.5 8.974
13.5 9.184
13.5 8.979
13.5 8.232
13.5 8.5
13.5 8.627
13.5 8.558
13.5 8.88
13.5 9.06
13.5 8.95
13.5 8.837
13.5 8.685
13.5 9.027
13.5 9.016
13.5 8.836
13.5 8.678
13.5 8.926
13.5 8.627
13.5 8.813
13.5 9.01
13.5 9.035
13.5 9.257
13.5 9.052
13.5 8.807
13.5 9.256
13.5 8.476
13.5 9.096
13.5 9.152
13.5 8.414
13.5 8.752
13.5 8.787
13.5 9.007
13.5 8.766
13.5 8.643
13.5 9.099
13.5 8.954
13.5 8.911
13.5 8.779
13.5 8.981
13.5 8.618
13.5 8.473
13.5 8.705
13.5 8.759
13.5 8.989
13.5 8.907
13.5 8.675
13.5 8.692
13.5 8.984
13.5 8.865
13.5 8.986
13.5 8.811
13.5 8.941
13.5 8.736
13.5 9.32
13.5 9.131
13.5 8.725
13.5 8.978
13.5 9.11
13.5 9.204
13.5 9.037
13.5 8.635
13.5 9.066
13.5 8.713
13.5 8.605
13.5 8.633
13.5 8.691
13.5 8.847
13.5 8.817
13.5 8.699
13.5 8.891
13.5 8.922
13.5 8.804
13.5 9.115
13.5 8.981
13.5 8.987
13.5 9.06
13.5 9.043
13.5 8.884
13.5 9.047
13.5 8.972
13.5 8.722
13.5 9.049
13.5 9.011
13.5 9.098
13.5 9.348
13.5 8.734
13.5 8.769
13.5 8.99
13.5 9.014
500
13.0 3.947
13.0 6.82
13.0 7.845
13.0 8.201
13.0 8.201
13.0 8.272
13.0 8.132
13.0 8.526
13.0 8.528
13.0 8.603
13.0 8.442
13.0 8.602
13.0 8.764
13.0 8.571
13.0 8.3
13.0 8.137
13.0 8.639
13.0 8.817
13.0 8.881
13.0 8.673
13.0 8.808
13.0 8.848
13.0 8.793
13.0 9.002
13.0 8.859
13.0 8.728
13.0 8.766
13.0 8.575
13.0 8.743
13.0 8.856
13.0 8.451
13.0 8.72
13.0 8.997
13.0 8.934
13.0 8.411
13.0 8.824
13.0 8.804
13.0 9.07
13.0 9.095
13.0 8.741
13.0 8.851
13.0 9.067
13.0 9.322
13.0 9.107
13.0 9.574
13.0 9.059
13.0 9.069
13.0 9.066
13.0 9.138
13.0 9.28
13.0 8.58
13.0 8.769
13.5 8.648
13.5 9.094
13.5 8.318
13.5 8.324
13.5 8.23
13.5 8.569
13.5 9.033
13.5 9.048
13.5 8.997
13.5 8.675
13.5 8.921
13.5 9.08
13.5 8.585
13.5 8.808
13.5 8.512
13.5 9.001
13.5 8.921
13.5 9.197
13.5 9.024
13.5 8.491
13.5 8.574
13.5 9.041
13.5 8.767
13.5 9.191
13.5 9.169
13.5 8.888
13.5 8.914
13.5 9.102
13.5 9.259
13.5 8.928
13.5 8.661
13.5 8.907
13.5 8.802
13.5 8.734
13.5 8.82
13.5 8.839
13.5 8.792
13.5 9.049
13.5 8.925
13.5 8.611
13.5 8.891
13.5 8.875
13.5 8.815
13.5 9.011
13.5 9.028
13.5 8.536
13.5 8.758
13.5 9.07
13.5 9.306
13.5 9.186
13.5 8.876
13.5 8.713
13.5 8.99
13.5 8.861
13.5 9.22
13.5 8.947
13.5 9.066
13.5 8.868
13.5 9.333
13.5 9.077
13.5 8.948
13.5 8.851
13.5 8.776
13.5 8.648
13.5 8.946
13.5 9.268
13.5 9.041
13.5 8.796
13.5 8.737
13.5 8.96
13.5 9.129
13.5 8.862
13.5 8.992
13.5 9.159
13.5 8.992
13.5 8.959
13.5 8.984
13.5 8.979
13.5 8.996
13.5 8.666
13.5 8.511
13.5 8.801
13.5 9.07
13.5 8.608
13.5 8.475
13.5 9.084
13.5 9.104
13.5 8.939
13.5 9.046
13.5 8.694
13.5 8.377
13.5 8.97
13.5 8.923
13.5 8.915
13.5 9.204
13.5 8.922
13.5 8.754
13.5 8.716
13.5 8.982
13.5 8.995
13.5 9.027
13.5 9.629
13.5 9.351
13.5 8.996
13.5 8.822
13.5 8.785
13.5 8.561
13.5 8.514
13.5 9.134
13.5 8.912
13.5 9.064
13.5 8.639
13.5 8.761
13.5 8.701
13.5 8.95
13.5 8.935
13.5 9.033
13.5 8.673
13.5 8.935
13.5 8.617
13.5 8.773
13.5 8.744
13.5 8.533
13.5 8.937
13.5 8.75
13.5 8.5
13.5 8.473
13.5 8.877
13.5 8.915
13.5 9.062
13.5 9.164
13.5 8.516
13.5 8.875
13.5 8.979
13.5 8.672
13.5 8.94
13.5 8.985
13.5 8.958
13.5 8.637
13.5 9.025
13.5 9.33
13.5 8.814
13.5 8.897
13.5 8.954
13.5 8.801
13.5 8.325
13.5 8.995
13.5 9.005
13.5 8.867
13.5 9.117
13.5 8.649
13.5 8.515
13.5 8.771
13.5 9.039
13.5 8.785
13.5 9.264
13.5 9.003
13.5 8.861
13.5 9.138
13.5 9.084
13.5 8.523
13.5 8.797
13.5 8.736
13.5 8.732
13.5 8.694
13.5 8.75
13.5 9.126
13.5 8.372
13.5 8.992
13.5 8.94
13.5 8.838
13.5 8.705
13.5 8.837
13.5 8.429
13.5 8.89
13.5 8.922
13.5 9.024
13.5 9.105
13.5 8.789
13.5 8.85
13.5 8.579
13.5 8.728
13.5 8.909
13.5 9.164
13.5 8.96
13.5 8.892
13.5 8.806
13.5 8.77
13.5 8.592
13.5 8.974
13.5 8.818
13.5 8.774
13.5 8.951
13.5 8.939
13.5 8.935
13.5 9.013
13.5 8.774
13.5 8.622
13.5 8.629
13.5 8.142
13.5 8.671
13.5 8.849
13.5 8.974
13.5 8.73
13.5 8.816
13.5 8.424
13.5 8.632
13.5 8.488
13.5 8.424
13.5 8.698
13.5 8.998
13.5 9.045
13.5 8.955
13.5 9.055
13.5 9.301
13.5 8.67
13.5 8.633
13.5 9.116
13.5 9.113
13.5 8.783
13.5 9.08
13.5 8.941
13.5 9.307
13.5 9.07
13.5 8.979
13.5 9.146
13.5 9.064
13.5 9.192
13.5 8.911
13.5 9.0
13.5 9.13
13.5 9.011
13.5 8.621
13.5 8.916
13.5 8.862
13.5 9.091
13.5 8.424
13.5 8.637
13.5 8.892
13.5 8.65
13.5 8.765
13.5 8.842
13.5 8.929
13.5 8.654
13.5 8.893
13.5 9.073
13.5 8.536
13.5 9.097
13.5 9.1
13.5 8.731
13.5 8.255
13.5 8.564
13.5 8.909
13.5 8.73
13.5 8.731
13.5 8.9
13.5 8.722
13.5 8.851
13.5 8.827
13.5 8.931
13.5 9.366
13.5 8.954
13.5 9.085
13.5 9.109
13.5 8.993
13.5 9.19
13.5 8.914
13.5 9.014
13.5 8.798
13.5 9.044
13.5 8.94
13.5 9.128
13.5 8.807
13.5 8.99
13.5 9.3
13.5 8.996
13.5 8.798
13.5 9.148
13.5 8.915
13.5 8.988
13.5 9.022
13.5 9.136
13.5 8.857
13.5 8.897
13.5 8.965
13.5 8.808
13.5 9.136
13.5 9.029
13.5 9.289
13.5 8.815
13.5 8.899
13.5 8.967
13.5 8.772
13.5 8.857
13.5 8.975
13.5 9.029
13.5 9.14
13.5 8.87
13.5 9.145
13.5 8.846
13.5 8.979
13.5 8.881
13.5 8.946
13.5 9.082
13.5 8.754
13.5 8.642
13.5 8.919
13.5 8.738
13.5 8.611
13.5 8.719
13.5 8.838
13.5 8.781
13.5 8.535
13.5 8.444
13.5 8.536
13.5 8.754
13.5 8.716
13.5 9.044
13.5 8.584
13.5 8.436
13.5 8.725
13.5 8.4
13.5 8.684
13.5 8.621
13.5 8.556
13.5 8.637
13.5 8.704
13.5 8.904
13.5 8.628
13.5 8.791
13.5 8.809
13.5 8.316
13.5 8.577
13.5 8.686
13.5 8.384
13.5 8.395
13.5 8.623
13.5 8.403
13.5 8.94
13.5 9.357
13.5 9.228
13.5 9.067
13.5 9.281
13.5 8.611
13.5 8.817
13.5 9.132
13.5 8.971
13.5 9.002
13.5 8.886
13.5 8.953
13.5 8.94
13.5 8.651
13.5 9.037
13.5 9.094
13.5 8.76
13.5 8.755
13.5 8.729
13.5 8.984
13.5 8.377
13.5 8.601
13.5 9.084
13.5 8.676
13.5 8.613
13.5 7.968
13.5 8.782
13.5 8.942
13.5 8.554
13.5 8.272
13.5 8.694
13.5 8.814
13.5 8.51
13.5 8.605
13.5 8.76
13.5 8.577
13.5 8.783
13.5 8.764
13.5 9.288
13.5 8.348
13.5 8.969
13.5 9.048
13.5 9.187
13.5 8.905
13.5 8.909
13.5 8.797
13.5 8.965
13.5 9.124
13.5 8.907
13.5 8.77
13.5 8.712
13.5 8.795
13.5 9.093
13.5 9.205
13.5 8.779
13.5 9.297
13.5 8.59
13.5 8.154
13.5 8.967
13.5 9.133
13.5 8.974
13.5 8.691
13.5 8.818
13.5 8.288
13.5 8.878
13.5 8.812
13.5 8.981
13.5 9.083
13.5 8.553
13.5 8.623
13.5 9.025
13.5 8.666
13.5 8.806
13.5 8.881
13.5 9.075
13.5 8.697
13.5 9.027
13.5 8.981
13.5 8.745
13.5 9.307
13.5 9.016
13.5 8.551
13.5 8.691
13.5 8.534
13.5 8.82
13.5 9.04
13.5 8.673
13.5 8.386
13.5 9.043
13.5 9.194
13.5 8.881
13.5 9.06
13.5 8.928
13.5 9.192
13.5 8.797
13.5 8.924
13.5 8.957
13.5 8.859
13.5 8.624
13.5 8.915
13.5 8.872
13.5 8.892
13.5 8.583
13.5 8.73
13.5 8.892
13.5 9.045
13.5 8.83
13.5 8.731
13.5 8.65
13.5 8.697
500
11.5 3.981
11.5 7.205
11.5 7.714
12.0 7.494
12.5 7.965
13.0 8.144
13.0 8.368
13.0 8.121
13.0 8.292
13.0 8.043
13.0 8.792
13.0 8.414
13.0 8.711
13.0 8.637
13.0 8.758
13.0 8.714
13.0 8.315
13.0 8.763
13.0 8.482
13.0 8.902
13.0 8.802
13.0 8.976
13.0 8.935
13.0 8.675
13.0 8.959
13.0 8.823
13.0 8.73
13.0 9.075
13.0 8.978
13.5 9.067
13.5 8.723
13.5 8.872
13.5 8.579
13.5 8.928
13.5 8.56
13.5 8.697
13.5 8.666
13.5 8.717
13.5 8.708
13.5 8.791
13.5 8.858
13.5 8.697
13.5 8.722
13.5 8.639
13.5 8.519
13.5 8.3
13.5 8.473
13.5 8.701
13.5 8.773
13.5 8.772
13.5 8.947
13.5 8.959
13.5 8.179
13.5 8.736
13.5 8.514
13.5 8.627
13.5 8.855
13.5 8.772
13.5 8.774
13.5 9.124
13.5 8.699
13.5 8.91
13.5 8.742
13.5 8.948
13.5 8.763
13.5 8.757
13.5 8.643
13.5 9.21
13.5 9.111
13.5 8.951
13.5 9.055
13.5 9.086
13.5 8.845
13.5 8.842
13.5 8.55
13.5 8.141
13.5 8.75
13.5 9.061
13.5 9.298
13.5 8.891
13.5 8.852
13.5 8.952
13.5 8.798
13.5 8.649
13.5 8.783
13.5 8.451
13.5 8.748
13.5 9.068
13.5 8.952
13.5 9.021
13.5 8.914
13.5 8.986
13.5 8.569
13.5 8.41
13.5 8.969
13.5 8.887
13.5 8.836
13.5 9.032
13.5 8.792
13.5 8.65
13.5 8.699
13.5 8.737
13.5 8.852
13.5 8.904
13.5 9.252
13.5 9.24
13.5 9.179
13.5 8.933
13.5 9.015
13.5 8.823
13.5 8.898
13.5 8.904
13.5 8.927
13.5 8.682
13.5 9.043
13.5 9.085
13.5 9.151
13.5 9.237
13.5 9.157
13.5 8.767
13.5 8.793
13.5 9.215
13.5 8.573
13.5 8.479
13.5 8.92
13.5 9.019
13.5 8.82
13.5 8.456
13.5 8.732
13.5 8.91
13.5 8.822
13.5 8.835
13.5 8.854
13.5 8.611
13.5 9.211
13.5 8.262
13.5 9.012
13.5 8.726
13.5 8.72
13.5 8.826
13.5 8.759
13.5 9.032
13.5 8.521
13.5 9.019
13.5 8.911
13.5 8.801
13.5 9.025
13.5 8.724
13.5 8.816
13.5 8.7
13.5 8.778
13.5 9.073
13.5 8.746
13.5 8.946
13.5 9.226
13.5 9.001
13.5 8.586
13.5 8.934
13.5 9.096
13.5 9.448
13.5 8.826
13.5 8.955
13.5 8.834
13.5 8.867
13.5 9.195
13.5 8.882
13.5 8.863
13.5 9.178
13.5 9.355
13.5 9.12
13.5 8.81
13.5 9.185
13.5 8.99
13.5 8.176
13.5 8.613
13.5 8.878
13.5 9.146
13.5 9.327
13.5 9.288
13.5 9.133
13.5 8.613
13.5 8.778
13.5 9.019
13.5 9.006
13.5 8.504
13.5 8.731
13.5 8.929
13.5 8.797
13.5 9.123
13.5 8.574
13.5 8.973
13.5 9.223
13.5 8.861
13.5 8.801
13.5 8.745
13.5 8.489
13.5 8.761
13.5 8.623
13.5 8.773
13.5 8.933
13.5 8.865
13.5 9.135
13.5 8.608
13.5 8.928
13.5 8.981
13.5 8.55
13.5 9.16
13.5 9.07
13.5 9.027
13.5 8.738
13.5 8.805
13.5 7.964
13.5 8.416
13.5 8.332
13.5 8.436
13.5 8.748
13.5 8.918
13.5 8.742
13.5 8.401
13.5 8.87
13.5 9.055
13.5 8.886
13.5 8.996
13.5 8.639
13.5 8.795
13.5 8.96
13.5 9.01
13.5 9.034
13.5 9.226
13.5 9.034
13.5 9.32
13.5 9.023
13.5 9.021
13.5 9.029
13.5 8.867
13.5 8.72
13.5 8.969
13.5 8.802
13.5 8.972
13.5 8.821
13.5 9.084
13.5 8.647
13.5 8.976
13.5 9.11
13.5 8.858
13.5 9.021
13.5 9.017
13.5 8.941
13.5 8.522
13.5 9.111
13.5 9.115
13.5 9.24
13.5 9.02
13.5 8.818
13.5 8.682
13.5 8.611
13.5 8.978
13.5 8.563
13.5 8.84
13.5 8.687
13.5 8.821
13.5 8.854
13.5 8.841
13.5 8.893
13.5 9.131
13.5 9.197
13.5 9.27
13.5 9.191
13.5 8.824
13.5 9.058
13.5 9.064
13.5 9.177
13.5 8.678
13.5 8.879
13.5 9.043
13.5 8.384
13.5 8.724
13.5 8.685
13.5 8.715
13.5 8.616
13.5 9.004
13.5 9.281
13.5 8.656
13.5 8.794
13.5 9.166
13.5 8.773
13.5 9.114
13.5 9.13
13.5 9.104
13.5 9.122
13.5 9.211
13.5 8.772
13.5 8.554
13.5 8.63
13.5 8.922
13.5 8.949
13.5 8.633
13.5 8.428
13.5 9.064
13.5 9.171
13.5 8.718
13.5 9.335
13.5 9.284
13.5 9.278
13.5 8.43
13.5 8.799
13.5 9.008
13.5 9.005
13.5 9.327
13.5 9.027
13.5 8.726
13.5 8.92
13.5 9.115
13.5 8.352
13.5 8.825
13.5 8.974
13.5 8.859
13.5 8.844
13.5 8.675
13.5 8.805
13.5 8.734
13.5 8.843
13.5 9.028
13.5 8.763
13.5 8.797
13.5 9.156
13.5 8.751
13.5 8.963
13.5 8.79
13.5 8.89
13.5 8.546
13.5 8.868
13.5 8.52
13.5 8.979
13.5 8.864
13.5 9.06
13.5 9.457
13.5 9.04
13.5 9.286
13.5 9.015
13.5 9.12
13.5 9.14
13.5 9.027
13.5 9.199
13.5 9.357
13.5 9.442
13.5 8.576
13.5 8.734
13.5 8.936
13.5 9.097
13.5 9.146
13.5 9.394
13.5 9.384
13.5 8.778
13.5 8.885
13.5 9.378
13.5 9.169
13.5 9.153
13.5 8.809
13.5 8.881
13.5 9.14
13.5 9.193
13.5 9.217
13.5 8.782
13.5 8.516
13.5 8.827
13.5 8.367
13.5 8.987
13.5 9.031
13.5 8.839
13.5 9.131
13.5 8.603
13.5 8.837
13.5 9.204
13.5 9.072
13.5 8.947
13.5 8.945
13.5 9.135
13.5 9.184
13.5 9.1
13.5 9.007
13.5 9.034
13.5 9.339
13.5 9.344
13.5 9.336
13.5 9.319
13.5 9.176
13.5 9.124
13.5 9.114
13.5 8.651
13.5 9.074
13.5 9.197
13.5 8.62
13.5 8.839
13.5 9.134
13.5 8.93
13.5 8.904
13.5 8.677
13.5 8.963
13.5 8.893
13.5 8.994
13.5 8.848
13.5 8.907
13.5 8.339
13.5 8.658
13.5 8.741
13.5 9.09
13.5 8.769
13.5 8.976
13.5 8.792
13.5 8.71
13.5 8.714
13.5 8.593
13.5 8.842
13.5 8.397
13.5 8.924
13.5 8.652
13.5 8.759
13.5 8.93
13.5 9.268
13.5 9.104
13.5 9.347
13.5 8.954
13.5 9.013
13.5 9.047
13.5 8.753
13.5 8.363
13.5 8.708
13.5 8.716
13.5 9.126
13.5 8.806
13.5 8.794
13.5 8.797
13.5 8.812
13.5 8.516
13.5 8.676
13.5 8.733
13.5 8.598
13.5 8.717
13.5 8.539
13.5 8.977
13.5 8.741
13.5 8.438
13.5 8.683
13.5 8.935
13.5 8.933
13.5 8.915
13.5 8.955
13.5 9.177
13.5 9.081
13.5 8.888
13.5 8.768
13.5 8.738
13.5 8.916
13.5 8.941
13.5 8.972
13.5 8.666
13.5 8.762
13.5 8.966
13.5 9.101
13.5 8.919
13.5 8.975
13.5 8.919
13.5 8.833
13.5 8.802
13.5 9.021
13.5 9.126
13.5 9.058
13.5 9.087
13.5 9.243
13.5 9.169
13.5 9.101
13.5 8.947
13.5 8.75
13.5 8.952
13.5 8.996
13.5 8.601
13.5 8.928
13.5 9.208
13.5 9.236
13.5 8.989
13.5 8.981
13.5 9.134
13.5 8.645
13.5 8.862
13.5 8.683
13.5 8.918
13.5 9.22
13.5 9.109
13.5 9.044
13.5 8.566
13.5 8.991
13.5 8.787
13.5 8.459
13.5 8.933
13.5 8.823
13.5 8.782
13.5 8.8
13.5 8.8
13.5 8.8
500
12.0 3.858
12.0 6.863
12.0 7.15
12.0 7.796
13.5 8.107
13.5 7.865
13.5 8.176
13.5 8.44
13.5 7.871
13.5 8.397
13.5 8.421
13.5 8.39
13.5 8.332
13.5 8.834
13.5 8.748
13.5 9.005
13.5 8.683
13.5 8.871
13.5 8.945
13.5 9.008
13.5 9.016
13.5 8.615
13.5 8.743
13.5 8.759
13.5 8.888
13.5 8.788
13.5 8.823
13.5 9.126
13.5 8.907
13.5 8.795
13.5 8.728
13.5 8.681
13.5 8.882
13.5 8.85
13.5 8.764
13.5 9.172
13.5 9.159
13.5 9.079
13.5 9.19
13.5 8.833
13.5 8.963
13.5 8.91
13.5 9.279
13.5 8.655
13.5 9.235
13.5 8.94
13.5 9.257
13.5 9.109
13.5 9.171
13.5 8.918
13.5 9.045
13.5 8.888
13.5 9.11
13.5 9.117
13.5 8.955
13.5 8.732
13.5 8.729
13.5 8.743
13.5 8.978
13.5 8.871
13.5 8.599
13.5 8.345
13.5 8.86
13.5 8.518
13.5 8.97
13.5 8.925
13.5 8.687
13.5 8.496
13.5 8.426
13.5 8.291
13.5 8.657
13.5 8.819
13.5 8.813
13.5 8.657
13.5 8.604
13.5 8.668
13.5 8.984
13.5 8.949
13.5 8.951
13.5 8.86
13.5 9.292
13.5 9.334
13.5 9.108
13.5 9.191
13.5 9.119
13.5 9.227
13.5 9.241
13.5 9.382
13.5 9.06
13.5 9.142
13.5 8.854
13.5 8.948
13.5 9.075
13.5 8.78
13.5 8.769
13.5 8.698
13.5 8.968
13.5 9.186
13.5 8.988
13.5 8.979
13.5 8.847
13.5 9.019
13.5 8.862
13.5 8.921
13.5 8.974
13.5 8.264
13.5 8.935
13.5 8.937
13.5 9.042
13.5 8.43
13.5 8.767
13.5 9.051
13.5 8.915
13.5 8.998
13.5 9.286
13.5 9.085
13.5 9.044
13.5 9.21
13.5 9.048
13.5 9.095
13.5 9.183
13.5 8.954
13.5 8.824
13.5 9.13
13.5 8.86
13.5 8.587
13.5 9.011
13.5 8.737
13.5 8.202
13.5 8.778
13.5 8.794
13.5 8.934
13.5 8.392
13.5 8.992
13.5 8.636
13.5 8.836
13.5 9.131
13.5 9.23
13.5 9.093
13.5 8.854
13.5 8.66
13.5 8.618
13.5 8.596
13.5 9.018
13.5 8.878
13.5 8.921
13.5 8.978
13.5 9.213
13.5 8.97
13.5 8.893
13.5 9.229
13.5 8.56
13.5 8.877
13.5 8.702
13.5 9.064
13.5 9.016
13.5 9.012
13.5 8.582
13.5 8.66
13.5 8.576
13.5 9.067
13.5 9.092
13.5 9.106
13.5 8.522
13.5 8.736
13.5 8.903
13.5 8.679
13.5 9.323
13.5 8.295
13.5 9.116
13.5 8.429
13.5 8.476
13.5 8.69
13.5 9.02
13.5 8.971
13.5 8.955
13.5 9.019
13.5 9.08
13.5 8.926
13.5 8.878
13.5 8.875
13.5 8.165
13.5 8.573
13.5 8.465
13.5 8.455
13.5 8.818
13.5 9.253
13.5 8.92
13.5 8.887
13.5 9.015
13.5 9.314
13.5 9.07
13.5 9.234
13.5 8.831
13.5 8.564
13.5 8.825
13.5 8.701
13.5 8.73
13.5 8.315
13.5 8.909
13.5 8.891
13.5 8.753
13.5 8.951
13.5 9.229
13.5 8.99
13.5 9.158
13.5 9.04
13.5 9.049
13.5 8.667
13.5 8.625
13.5 8.549
13.5 8.517
13.5 8.407
13.5 8.862
13.5 8.304
13.5 8.818
13.5 8.687
13.5 8.499
13.5 8.496
13.5 8.771
13.5 8.409
13.5 8.418
13.5 9.021
13.5 8.925
13.5 8.697
13.5 8.669
13.5 8.87
13.5 8.488
13.5 8.499
13.5 8.247
13.5 8.602
13.5 8.776
13.5 9.006
13.5 8.893
13.5 9.127
13.5 9.082
13.5 9.192
13.5 8.75
13.5 9.029
13.5 8.689
13.5 9.132
13.5 8.962
13.5 8.966
13.5 8.984
13.5 9.189
13.5 8.855
13.5 9.082
13.5 9.146
13.5 8.966
13.5 8.663
13.5 8.912
13.5 9.178
13.5 8.868
13.5 9.116
13.5 9.169
13.5 8.908
13.5 9.35
13.5 8.977
13.5 8.946
13.5 8.846
13.5 9.149
13.5 8.563
13.5 8.969
13.5 8.516
13.5 9.067
13.5 8.714
13.5 8.765
13.5 8.647
13.5 8.99
13.5 9.096
13.5 9.009
13.5 8.412
13.5 8.98
13.5 8.958
13.5 9.283
13.5 9.003
13.5 9.158
13.5 9.087
13.5 8.952
13.5 8.332
13.5 8.499
13.5 9.1
13.5 8.815
13.5 9.104
13.5 9.031
13.5 9.157
13.5 8.901
13.5 9.276
13.5 9.125
13.5 9.437
13.5 9.337
13.5 9.347
13.5 8.511
13.5 8.868
13.5 8.579
13.5 8.743
13.5 8.811
13.5 8.37
13.5 8.551
13.5 8.925
13.5 9.008
13.5 8.998
13.5 8.973
13.5 8.996
13.5 9.213
13.5 8.792
13.5 8.924
13.5 8.555
13.5 8.638
13.5 8.774
13.5 8.804
13.5 8.866
13.5 8.675
13.5 8.929
13.5 8.906
13.5 8.945
13.5 8.688
13.5 8.835
13.5 8.802
13.5 8.665
13.5 8.93
13.5 9.118
13.5 8.894
13.5 8.916
13.5 9.141
13.5 9.039
13.5 8.939
13.5 9.06
13.5 9.108
13.5 9.04
13.5 9.183
13.5 9.106
13.5 9.234
13.5 8.672
13.5 8.983
13.5 8.854
13.5 9.138
13.5 8.554
13.5 8.82
13.5 9.029
13.5 8.515
13.5 8.894
13.5 8.973
13.5 8.886
13.5 8.538
13.5 8.949
13.5 9.004
13.5 8.853
13.5 8.805
13.5 9.375
13.5 8.493
13.5 8.591
13.5 8.938
13.5 8.502
13.5 8.986
13.5 8.738
13.5 9.055
13.5 8.88
13.5 9.103
13.5 8.319
13.5 9.017
13.5 9.088
13.5 9.206
13.5 8.879
13.5 9.159
13.5 9.134
13.5 9.052
13.5 9.015
13.5 9.213
13.5 8.831
13.5 8.833
13.5 8.672
13.5 8.883
13.5 8.792
13.5 8.731
13.5 8.766
13.5 8.918
13.5 8.907
13.5 8.624
13.5 8.428
13.5 8.535
13.5 8.759
13.5 8.539
13.5 8.941
13.5 8.642
13.5 8.94
13.5 9.03
13.5 9.015
13.5 8.719
13.5 9.077
13.5 9.081
13.5 9.216
13.5 9.107
13.5 9.364
13.5 8.798
13.5 9.096
13.5 8.98
13.5 9.255
13.5 9.196
13.5 9.169
13.5 9.152
13.5 9.078
13.5 9.13
13.5 8.877
13.5 8.835
13.5 8.995
13.5 9.091
13.5 8.909
13.5 9.116
13.5 8.763
13.5 9.069
13.5 9.086
13.5 8.626
13.5 9.009
13.5 8.956
13.5 8.609
13.5 8.927
13.5 9.115
13.5 8.643
13.5 9.013
13.5 9.019
13.5 8.881
13.5 8.988
13.5 9.159
13.5 8.795
13.5 9.105
13.5 8.991
13.5 8.85
13.5 9.042
13.5 9.134
13.5 9.268
13.5 9.47
13.5 9.285
13.5 9.074
13.5 9.11
13.5 9.168
13.5 8.777
13.5 9.196
13.5 8.943
13.5 8.944
13.5 8.861
13.5 8.973
13.5 8.9
13.5 8.81
13.5 8.974
13.5 8.955
13.5 8.552
13.5 9.432
13.5 8.981
13.5 8.703
13.5 8.88
13.5 8.805
13.5 9.121
13.5 8.637
13.5 8.907
13.5 8.822
13.5 8.836
13.5 8.817
13.5 8.639
13.5 8.563
13.5 8.791
13.5 8.756
13.5 8.517
13.5 8.97
13.5 9.07
13.5 8.718
13.5 8.827
13.5 8.586
13.5 8.751
13.5 9.085
13.5 8.923
13.5 8.936
13.5 8.741
13.5 9.105
13.5 8.737
13.5 8.81
13.5 9.189
13.5 8.478
13.5 9.111
13.5 8.874
13.5 9.003
13.5 8.97
13.5 8.745
13.5 8.288
13.5 8.736
13.5 9.067
13.5 8.932
13.5 8.821
13.5 8.611
13.5 8.987
13.5 8.554
13.5 8.672
13.5 8.854
13.5 8.778
13.5 8.304
13.5 8.694
13.5 9.004
13.5 8.817
13.5 8.689
13.5 8.662
500
11.5 3.781
12.5 6.521
12.5 7.691
13.5 7.628
13.5 7.563
13.5 7.815
13.5 8.006
13.5 8.028
13.5 8.309
13.5 8.063
13.5 8.29
13.5 8.58
13.5 8.435
13.5 8.651
13.5 8.569
13.5 8.519
13.5 8.435
13.5 8.771
13.5 8.871
13.5 8.315
13.5 8.692
13.5 8.982
13.5 8.93
13.5 8.881
13.5 8.792
13.5 9.214
13.5 8.794
13.5 9.042
13.5 8.405
13.5 8.765
13.5 8.651
13.5 9.062
13.5 8.792
13.5 9.18
13.5 9.118
13.5 8.754
13.5 9.067
13.5 8.842
13.5 8.972
13.5 9.046
13.5 8.758
13.5 8.778
13.5 9.073
13.5 9.105
13.5 9.081
13.5 9.301
13.5 9.302
13.5 9.125
13.5 8.771
13.5 8.824
13.5 8.751
13.5 8.551
13.5 8.874
13.5 9.15
13.5 9.094
13.5 9.115
13.5 8.984
13.5 9.058
13.5 9.017
13.5 8.687
13.5 8.7
13.5 8.676
13.5 8.913
13.5 9.109
13.5 8.909
13.5 8.878
13.5 9.071
13.5 8.895
13.5 8.789
13.5 8.997
13.5 9.084
13.5 8.576
13.5 9.116
13.5 9.162
13.5 8.868
13.5 9.16
13.5 9.056
13.5 8.869
13.5 8.598
13.5 9.185
13.5 8.832
13.5 8.643
13.5 9.138
13.5 8.522
13.5 8.441
13.5 9.223
13.5 9.061
13.5 8.852
13.5 8.668
13.5 8.402
13.5 8.697
13.5 8.727
13.5 8.478
13.5 8.955
13.5 8.791
13.5 9.063
13.5 8.984
13.5 8.748
13.5 8.92
13.5 8.415
13.5 8.759
13.5 8.717
13.5 8.58
13.5 8.725
13.5 8.723
13.5 8.834
13.5 8.765
13.5 8.931
13.5 8.705
13.5 8.535
13.5 9.093
13.5 8.812
13.5 9.007
13.5 8.921
13.5 9.028
13.5 8.807
13.5 8.559
13.5 8.949
13.5 8.412
13.5 8.89
13.5 8.829
13.5 8.552
13.5 8.708
13.5 8.19
13.5 8.293
13.5 8.472
13.5 8.727
13.5 8.472
13.5 8.824
13.5 8.636
13.5 8.42
13.5 8.847
13.5 8.77
13.5 8.81
13.5 9.328
13.5 9.178
13.5 9.106
13.5 9.305
13.5 9.16
13.5 8.866
13.5 9.348
13.5 9.41
13.5 9.241
13.5 9.007
13.5 9.083
13.5 8.808
13.5 8.837
13.5 8.793
13.5 8.535
13.5 8.983
13.5 9.094
13.5 9.221
13.5 9.025
13.5 9.086
13.5 9.358
13.5 9.198
13.5 9.35
13.5 8.952
13.5 9.071
13.5 9.413
13.5 9.064
13.5 8.728
13.5 8.979
13.5 8.929
13.5 9.099
13.5 8.7
13.5 8.577
13.5 8.973
13.5 8.992
13.5 8.651
13.5 8.907
13.5 8.926
13.5 8.733
13.5 8.51
13.5 8.485
13.5 8.8
13.5 8.844
13.5 8.904
13.5 9.004
13.5 8.78
13.5 8.925
13.5 8.959
13.5 9.184
13.5 9.139
13.5 8.996
13.5 8.934
13.5 9.036
13.5 8.904
13.5 9.206
13.5 8.966
13.5 9.125
13.5 9.107
13.5 9.068
13.5 8.831
13.5 8.986
13.5 8.728
13.5 9.119
13.5 9.033
13.5 9.029
13.5 9.068
13.5 9.164
13.5 8.556
13.5 8.692
13.5 8.975
13.5 8.954
13.5 8.485
13.5 8.717
13.5 8.895
13.5 8.573
13.5 8.642
13.5 8.777
13.5 8.932
13.5 8.859
13.5 8.517
13.5 8.662
13.5 8.373
13.5 8.231
13.5 8.687
13.5 8.452
13.5 8.866
13.5 8.867
13.5 8.6
13.5 9.112
13.5 9.24
13.5 8.971
13.5 8.136
13.5 8.63
13.5 8.549
13.5 8.917
13.5 9.272
13.5 8.954
13.5 8.688
13.5 8.749
13.5 8.711
13.5 8.696
13.5 8.576
13.5 8.815
13.5 9.217
13.5 8.532
13.5 9.012
13.5 9.114
13.5 8.92
13.5 8.99
13.5 8.616
13.5 8.7
13.5 9.154
13.5 8.89
13.5 8.996
13.5 9.141
13.5 9.369
13.5 9.324
13.5 8.313
13.5 9.1
13.5 9.091
13.5 8.813
13.5 8.849
13.5 8.715
13.5 8.73
13.5 8.446
13.5 8.952
13.5 8.931
13.5 7.962
13.5 8.433
13.5 9.024
13.5 8.865
13.5 8.683
13.5 9.14
13.5 9.005
13.5 8.847
13.5 8.718
13.5 9.14
13.5 8.81
13.5 9.182
13.5 9.243
13.5 8.847
13.5 9.023
13.5 8.792
13.5 8.802
13.5 9.046
13.5 8.815
13.5 9.041
13.5 9.146
13.5 8.81
13.5 8.749
13.5 9.018
13.5 9.055
13.5 8.746
13.5 8.764
13.5 8.829
13.5 9.244
13.5 8.579
13.5 8.491
13.5 8.813
13.5 8.709
13.5 8.493
13.5 8.549
13.5 8.426
13.5 8.808
13.5 8.835
13.5 8.936
13.5 8.949
13.5 8.967
13.5 8.569
13.5 8.47
13.5 8.733
13.5 8.487
13.5 8.825
13.5 8.515
13.5 8.656
13.5 8.236
13.5 8.437
13.5 8.815
13.5 8.369
13.5 8.95
13.5 8.838
13.5 9.075
13.5 9.086
13.5 8.951
13.5 8.734
13.5 9.001
13.5 8.774
13.5 9.068
13.5 8.706
13.5 9.208
13.5 8.992
13.5 8.805
13.5 8.823
13.5 8.847
13.5 8.817
13.5 8.849
13.5 8.589
13.5 8.537
13.5 8.859
13.5 9.052
13.5 8.445
13.5 9.133
13.5 9.149
13.5 8.615
13.5 8.917
13.5 8.622
13.5 8.864
13.5 8.747
13.5 8.745
13.5 8.908
13.5 8.966
13.5 8.64
13.5 8.799
13.5 8.731
13.5 8.358
13.5 8.981
13.5 9.023
13.5 9.036
13.5 8.609
13.5 8.884
13.5 9.013
13.5 9.147
13.5 8.632
13.5 8.809
13.5 8.917
13.5 8.492
13.5 8.628
13.5 8.32
13.5 8.896
13.5 8.886
13.5 9.129
13.5 9.236
13.5 8.924
13.5 8.721
13.5 9.107
13.5 8.518
13.5 8.53
13.5 8.924
13.5 8.696
13.5 9.15
13.5 8.855
13.5 9.378
13.5 9.443
13.5 9.327
13.5 9.152
13.5 9.233
13.5 9.006
13.5 8.169
13.5 8.436
13.5 8.809
13.5 8.947
13.5 9.038
13.5 8.894
13.5 9.141
13.5 9.135
13.5 8.933
13.5 8.103
13.5 8.887
13.5 8.758
13.5 9.004
13.5 8.789
13.5 8.615
13.5 8.983
13.5 8.929
13.5 9.0
13.5 8.645
13.5 8.845
13.5 8.944
13.5 9.012
13.5 8.547
13.5 8.851
13.5 7.988
13.5 8.837
13.5 8.702
13.5 8.617
13.5 8.91
13.5 8.844
13.5 8.99
13.5 8.992
13.5 8.488
13.5 8.754
13.5 8.689
13.5 8.829
13.5 8.793
13.5 9.066
13.5 9.136
13.5 9.107
13.5 8.929
13.5 8.744
13.5 8.996
13.5 9.012
13.5 9.224
13.5 9.329
13.5 9.249
13.5 9.093
13.5 8.892
13.5 9.362
13.5 9.347
13.5 8.926
13.5 9.107
13.5 8.832
13.5 8.324
13.5 8.634
13.5 8.782
13.5 9.191
13.5 8.935
13.5 8.716
13.5 8.512
13.5 8.353
13.5 8.708
13.5 8.673
13.5 8.879
13.5 8.717
13.5 8.619
13.5 8.795
13.5 8.691
13.5 8.681
13.5 8.332
13.5 8.847
13.5 9.142
13.5 9.169
13.5 8.732
13.5 8.584
13.5 8.937
13.5 9.183
13.5 8.955
13.5 9.048
13.5 9.057
13.5 8.814
13.5 9.148
13.5 9.118
13.5 9.312
13.5 8.733
13.5 8.922
13.5 8.861
13.5 8.767
13.5 8.397
13.5 8.625
13.5 8.736
13.5 8.934
13.5 8.966
13.5 9.176
13.5 9.258
13.5 8.681
13.5 9.107
13.5 8.945
13.5 9.254
13.5 8.735
13.5 8.932
13.5 9.168
13.5 8.7
13.5 9.378
13.5 8.879
13.5 9.414
13.5 8.967
13.5 8.709
13.5 8.589
13.5 9.057
13.5 8.896
13.5 8.901
13.5 8.809
13.5 8.949
13.5 8.743
13.5 8.825
13.5 8.83
13.5 8.753
500
11.5 3.66
12.5 7.116
12.5 7.819
12.5 8.169
12.5 7.562
12.5 7.989
12.5 7.686
13.0 7.909
13.0 8.408
13.0 8.061
13.0 8.446
13.0 8.189
13.0 8.593
13.0 8.564
13.0 8.456
13.0 8.574
13.0 8.748
13.0 8.459
13.0 8.714
13.0 8.89
13.0 8.146
13.0 8.823
13.0 8.659
13.0 8.83
13.0 8.765
13.0 8.826
13.0 8.956
13.0 8.977
13.0 8.663
13.0 8.839
13.0 8.866
13.0 8.356
13.0 8.817
13.0 8.634
13.0 8.679
13.0 8.827
13.0 8.758
13.0 8.29
13.0 8.36
13.0 8.458
13.0 7.946
13.0 8.715
13.0 8.648
13.0 8.785
13.0 8.952
13.0 9.189
13.0 8.907
13.0 8.666
13.0 8.335
13.0 8.863
13.0 8.789
13.0 8.518
13.0 8.652
13.0 8.436
13.0 8.538
13.0 8.748
13.0 8.431
13.0 8.921
13.0 8.826
13.0 8.794
13.0 8.893
13.0 8.67
13.0 9.177
13.0 8.588
13.0 8.342
13.0 7.939
13.0 8.303
13.0 8.716
13.0 8.388
13.0 8.3
13.0 8.585
13.0 8.704
13.0 8.844
13.0 8.538
13.0 8.265
13.0 8.5
13.0 8.579
13.0 8.307
13.0 8.104
13.0 8.573
13.0 8.37
13.0 8.643
13.0 7.951
13.0 8.593
13.0 8.378
13.0 8.484
13.0 8.667
13.0 8.383
13.0 8.535
13.0 8.27
13.0 8.651
13.0 8.544
13.0 8.382
13.0 8.473
13.0 8.302
13.0 8.771
13.0 8.429
13.0 8.617
13.0 8.405
13.0 8.713
13.0 8.944
13.0 8.899
13.0 8.851
13.0 8.417
13.0 8.281
13.0 8.752
13.0 8.528
13.0 8.836
13.0 8.551
13.0 8.283
13.0 8.828
13.0 8.402
13.0 8.342
13.0 8.29
13.0 8.511
13.0 8.77
13.0 8.113
13.0 8.41
13.0 8.743
13.0 8.638
13.0 8.417
13.0 8.501
13.0 8.202
13.0 8.279
13.0 8.442
13.0 8.831
13.0 8.354
13.0 8.803
13.0 8.594
13.0 8.849
13.0 8.677
13.0 8.395
13.0 8.672
13.0 8.562
13.0 8.578
13.5 8.976
13.5 8.619
13.5 8.816
13.5 9.016
13.5 8.81
13.5 8.643
13.5 8.611
13.5 8.642
13.5 8.618
13.5 8.84
13.5 8.789
13.5 8.514
13.5 8.498
13.5 8.148
13.5 8.742
13.5 8.618
13.5 8.363
13.5 8.584
13.5 9.26
13.5 8.564
13.5 8.98
13.5 8.781
13.5 8.72
13.5 8.518
13.5 8.978
13.5 8.734
13.5 8.524
13.5 8.784
13.5 8.654
13.5 9.16
13.5 9.035
13.5 9.053
13.5 8.911
13.5 8.733
13.5 9.099
13.5 8.888
13.5 9.228
13.5 9.261
13.5 8.483
13.5 8.876
13.5 8.852
13.5 9.193
13.5 9.143
13.5 9.03
13.5 8.918
13.5 8.979
13.5 9.088
13.5 8.939
13.5 9.096
13.5 8.89
13.5 9.122
13.5 9.064
13.5 9.203
13.5 9.222
13.5 8.076
13.5 8.824
13.5 8.954
13.5 9.098
13.5 8.833
13.5 8.789
13.5 8.612
13.5 8.748
13.5 8.066
13.5 8.636
13.5 8.555
13.5 8.943
13.5 8.881
13.5 9.027
13.5 8.753
13.5 9.217
13.5 8.909
13.5 8.713
13.5 8.878
13.5 8.766
13.5 8.996
13.5 8.896
13.5 8.794
13.5 9.089
13.5 9.127
13.5 8.978
13.5 8.715
13.5 8.468
13.5 8.983
13.5 9.109
13.5 9.07
13.5 9.156
13.5 9.281
13.5 9.185
13.5 9.117
13.5 8.684
13.5 8.393
13.5 9.275
13.5 9.003
13.5 9.092
13.5 8.725
13.5 9.086
13.5 8.87
13.5 8.69
13.5 8.906
13.5 8.906
13.5 8.731
13.5 8.581
13.5 8.873
13.5 9.019
13.5 8.78
13.5 8.992
13.5 9.154
13.5 8.909
13.5 8.986
13.5 9.118
13.5 8.88
13.5 8.825
13.5 9.23
13.5 8.713
13.5 9.1
13.5 9.251
13.5 9.077
13.5 8.677
13.5 8.877
13.5 8.723
13.5 8.976
13.5 8.888
13.5 9.022
13.5 9.168
13.5 9.289
13.5 8.751
13.5 8.891
13.5 9.118
13.5 8.878
13.5 8.618
13.5 8.633
13.5 9.298
13.5 8.75
13.5 9.077
13.5 8.885
13.5 9.257
13.5 9.047
13.5 8.91
13.5 8.836
13.5 8.783
13.5 9.102
13.5 8.956
13.5 9.061
13.5 8.753
13.5 8.86
13.5 9.001
13.5 8.926
13.5 8.966
13.5 8.813
13.5 8.357
13.5 8.635
13.5 8.782
13.5 9.048
13.5 8.612
13.5 8.671
13.5 8.981
13.5 8.917
13.5 8.756
13.5 8.676
13.5 8.833
13.5 8.574
13.5 8.488
13.5 8.386
13.5 8.765
13.5 9.206
13.5 9.327
13.5 8.957
13.5 8.85
13.5 8.949
13.5 9.015
13.5 9.205
13.5 9.283
13.5 8.991
13.5 9.207
13.5 8.465
13.5 8.732
13.5 8.878
13.5 8.522
13.5 8.909
13.5 8.905
13.5 9.343
13.5 9.139
13.5 9.215
13.5 8.8
13.5 9.135
13.5 8.646
13.5 9.202
13.5 8.896
13.5 9.349
13.5 9.263
13.5 9.253
13.5 9.288
13.5 9.247
13.5 9.314
13.5 8.67
13.5 9.39
13.5 9.211
13.5 9.084
13.5 8.983
13.5 8.447
13.5 8.925
13.5 9.07
13.5 8.953
13.5 8.987
13.5 8.949
13.5 8.815
13.5 8.636
13.5 8.395
13.5 8.845
13.5 8.87
13.5 8.777
13.5 8.475
13.5 8.676
13.5 8.624
13.5 8.372
13.5 9.005
13.5 9.277
13.5 8.905
13.5 8.981
13.5 8.95
13.5 9.116
13.5 9.242
13.5 9.436
13.5 9.079
13.5 9.046
13.5 9.255
13.5 9.069
13.5 9.171
13.5 9.126
13.5 9.147
13.5 9.0
13.5 9.088
13.5 9.074
13.5 9.279
13.5 9.222
13.5 9.078
13.5 9.04
13.5 9.212
13.5 8.895
13.5 8.897
13.5 8.988
13.5 8.963
13.5 8.477
13.5 9.076
13.5 8.901
13.5 8.978
13.5 9.102
13.5 8.847
13.5 8.839
13.5 9.007
13.5 9.066
13.5 8.8
13.5 9.022
13.5 8.977
13.5 8.814
13.5 8.826
13.5 9.256
13.5 9.132
13.5 9.13
13.5 8.983
13.5 8.744
13.5 8.291
13.5 8.962
13.5 9.061
13.5 9.148
13.5 8.859
13.5 8.917
13.5 8.766
13.5 8.832
13.5 8.693
13.5 8.378
13.5 8.922
13.5 8.963
13.5 8.967
13.5 8.794
13.5 8.878
13.5 8.684
13.5 8.855
13.5 8.637
13.5 9.054
13.5 8.678
13.5 8.659
13.5 8.494
13.5 8.968
13.5 9.203
13.5 9.029
13.5 9.042
13.5 9.186
13.5 8.776
13.5 8.982
13.5 8.667
13.5 8.735
13.5 8.946
13.5 9.325
13.5 8.774
13.5 9.032
13.5 8.65
13.5 9.101
13.5 9.242
13.5 9.106
13.5 9.035
13.5 8.907
13.5 9.123
13.5 8.664
13.5 8.942
13.5 8.965
13.5 9.116
13.5 8.849
13.5 9.064
13.5 8.827
13.5 8.777
13.5 8.533
13.5 8.571
13.5 8.485
13.5 8.619
13.5 8.994
13.5 8.589
13.5 8.808
13.5 8.754
13.5 8.763
13.5 8.883
13.5 9.102
13.5 9.208
13.5 9.037
13.5 9.017
13.5 8.992
13.5 8.841
13.5 8.892
13.5 9.007
13.5 8.825
13.5 8.827
13.5 8.736
13.5 9.009
13.5 9.197
13.5 8.808
13.5 8.54
13.5 8.95
13.5 8.866
13.5 8.995
13.5 8.903
13.5 8.842
13.5 8.978
13.5 9.252
13.5 9.098
13.5 9.237
13.5 9.291
13.5 9.283
13.5 8.942
13.5 9.129
13.5 9.017
13.5 8.894
13.5 8.781
13.5 9.385
13.5 9.028
13.5 9.295
13.5 9.1
13.5 9.086
13.5 9.27
13.5 8.997
13.5 9.107
13.5 8.862
13.5 9.125
13.5 9.088
13.5 8.995
13.5 8.859
500
12.5 3.497
12.5 7.043
12.5 7.88
12.5 7.944
12.5 8.103
12.5 8.443
12.5 8.702
13.0 8.538
13.0 8.034
13.0 8.688
13.0 8.403
13.0 8.612
13.0 8.882
13.0 8.437
13.0 8.419
13.0 8.681
13.0 8.69
13.0 8.984
13.5 8.402
13.5 8.832
13.5 8.374
13.5 8.63
13.5 8.623
13.5 8.878
13.5 8.504
13.5 8.617
13.5 8.588
13.5 8.747
13.5 8.873
13.5 8.532
13.5 8.794
13.5 9.015
13.5 8.837
13.5 8.437
13.5 8.932
13.5 9.11
13.5 9.071
13.5 8.619
13.5 8.548
13.5 8.575
13.5 8.814
13.5 8.782
13.5 8.64
13.5 8.934
13.5 8.617
13.5 8.953
13.5 8.943
13.5 8.628
13.5 8.723
13.5 8.946
13.5 8.884
13.5 8.759
13.5 8.664
13.5 8.849
13.5 8.836
13.5 8.972
13.5 8.967
13.5 9.107
13.5 9.171
13.5 8.766
13.5 9.092
13.5 8.979
13.5 8.737
13.5 8.885
13.5 8.831
13.5 8.949
13.5 8.738
13.5 9.135
13.5 8.714
13.5 9.062
13.5 9.011
13.5 8.623
13.5 8.809
13.5 8.964
13.5 8.85
13.5 8.842
13.5 8.626
13.5 8.866
13.5 8.871
13.5 8.618
13.5 8.816
13.5 8.723
13.5 8.875
13.5 8.82
13.5 8.965
13.5 9.281
13.5 8.661
13.5 8.562
13.5 8.759
13.5 9.116
13.5 9.232
13.5 9.212
13.5 8.588
13.5 8.699
13.5 9.34
13.5 9.216
13.5 8.758
13.5 8.755
13.5 8.853
13.5 9.129
13.5 8.823
13.5 8.958
13.5 8.992
13.5 8.569
13.5 8.646
13.5 8.776
13.5 8.896
13.5 8.771
13.5 8.668
13.5 8.836
13.5 8.859
13.5 8.81
13.5 9.152
13.5 9.164
13.5 8.849
13.5 8.831
13.5 8.886
13.5 8.81
13.5 9.239
13.5 8.784
13.5 8.992
13.5 8.809
13.5 9.12
13.5 8.611
13.5 8.659
13.5 9.01
13.5 8.873
13.5 9.029
13.5 8.697
13.5 8.919
13.5 8.918
13.5 8.636
13.5 8.941
13.5 8.844
13.5 8.995
13.5 9.249
13.5 9.192
13.5 9.092
13.5 9.006
13.5 9.137
13.5 9.294
13.5 9.259
13.5 9.261
13.5 8.927
13.5 8.739
13.5 8.91
13.5 8.849
13.5 9.196
13.5 8.958
13.5 9.237
13.5 8.822
13.5 8.893
13.5 8.757
13.5 8.835
13.5 8.989
13.5 8.927
13.5 8.582
13.5 8.867
13.5 8.945
13.5 8.898
13.5 9.088
13.5 8.701
13.5 9.152
13.5 8.854
13.5 8.372
13.5 8.724
13.5 8.978
13.5 8.464
13.5 8.875
13.5 9.049
13.5 8.69
13.5 8.909
13.5 8.875
13.5 8.965
13.5 9.004
13.5 9.088
13.5 8.892
13.5 8.98
13.5 8.702
13.5 8.961
13.5 8.983
13.5 8.575
13.5 8.922
13.5 9.161
13.5 8.845
13.5 8.961
13.5 9.094
13.5 8.659
13.5 8.939
13.5 9.045
13.5 9.085
13.5 9.016
13.5 9.377
13.5 8.809
13.5 9.091
13.5 9.262
13.5 9.486
13.5 8.783
13.5 8.858
13.5 9.274
13.5 9.21
13.5 9.039
13.5 9.323
13.5 8.846
13.5 9.064
13.5 9.014
13.5 9.238
13.5 9.026
13.5 8.95
13.5 8.919
13.5 9.094
13.5 8.842
13.5 8.568
13.5 8.425
13.5 8.76
13.5 9.162
13.5 8.615
13.5 9.097
13.5 9.126
13.5 9.04
13.5 8.7
13.5 8.98
13.5 9.213
13.5 9.139
13.5 8.764
13.5 8.529
13.5 8.583
13.5 8.706
13.5 8.759
13.5 9.215
13.5 9.119
13.5 8.854
13.5 9.129
13.5 8.676
13.5 8.383
13.5 8.657
13.5 8.558
13.5 8.808
13.5 8.575
13.5 8.708
13.5 8.367
13.5 8.782
13.5 8.746
13.5 9.027
13.5 8.799
13.5 8.763
13.5 8.951
13.5 9.127
13.5 8.841
13.5 8.673
13.5 9.031
13.5 9.063
13.5 8.963
13.5 8.915
13.5 9.349
13.5 9.148
13.5 8.773
13.5 8.997
13.5 8.935
13.5 9.206
13.5 8.774
13.5 9.027
13.5 8.715
13.5 8.844
13.5 9.037
13.5 9.067
13.5 9.28
13.5 8.525
13.5 9.372
13.5 9.034
13.5 8.714
13.5 8.869
13.5 8.79
13.5 9.053
13.5 9.378
13.5 8.697
13.5 8.721
13.5 8.77
13.5 8.487
13.5 8.636
13.5 8.836
13.5 8.97
13.5 8.828
13.5 8.789
13.5 8.808
13.5 8.884
13.5 8.831
13.5 8.518
13.5 8.794
13.5 8.802
13.5 8.848
13.5 8.673
13.5 8.919
13.5 8.555
13.5 8.654
13.5 8.519
13.5 8.666
13.5 8.851
13.5 9.028
13.5 9.236
13.5 8.613
13.5 9.055
13.5 9.067
13.5 8.836
13.5 8.896
13.5 8.949
13.5 8.529
13.5 8.83
13.5 9.12
13.5 9.077
13.5 9.013
13.5 8.822
13.5 9.048
13.5 8.653
13.5 8.565
13.5 8.854
13.5 8.918
13.5 9.224
13.5 9.035
13.5 8.705
13.5 9.034
13.5 9.044
13.5 8.883
13.5 8.707
13.5 8.852
13.5 9.045
13.5 9.062
13.5 8.627
13.5 9.055
13.5 8.901
13.5 9.153
13.5 8.824
13.5 9.021
13.5 9.003
13.5 8.845
13.5 8.995
13.5 9.022
13.5 8.972
13.5 8.935
13.5 8.909
13.5 9.166
13.5 9.152
13.5 8.93
13.5 8.707
13.5 8.873
13.5 9.082
13.5 8.656
13.5 9.042
13.5 9.152
13.5 8.821
13.5 8.713
13.5 9.107
13.5 9.071
13.5 8.637
13.5 8.607
13.5 8.723
13.5 9.177
13.5 8.716
13.5 9.363
13.5 9.046
13.5 8.898
13.5 9.122
13.5 9.274
13.5 9.179
13.5 8.982
13.5 9.102
13.5 8.991
13.5 8.644
13.5 8.832
13.5 8.884
13.5 8.728
13.5 8.819
13.5 9.106
13.5 9.14
13.5 8.891
13.5 8.953
13.5 8.907
13.5 8.822
13.5 8.798
13.5 8.91
13.5 8.132
13.5 8.991
13.5 9.479
13.5 8.991
13.5 8.561
13.5 8.778
13.5 8.34
13.5 8.852
13.5 8.83
13.5 8.979
13.5 9.31
13.5 9.031
13.5 8.708
13.5 9.295
13.5 9.096
13.5 8.888
13.5 8.863
13.5 8.882
13.5 8.762
13.5 8.533
13.5 9.097
13.5 8.607
13.5 9.183
13.5 8.686
13.5 8.611
13.5 8.955
13.5 9.115
13.5 8.53
13.5 8.734
13.5 8.453
13.5 8.792
13.5 8.91
13.5 8.739
13.5 8.83
13.5 8.055
13.5 9.03
13.5 8.993
13.5 8.898
13.5 8.924
13.5 8.496
13.5 8.917
13.5 9.107
13.5 9.249
13.5 8.982
13.5 8.562
13.5 8.732
13.5 8.49
13.5 8.98
13.5 8.774
13.5 8.873
13.5 8.825
13.5 9.034
13.5 8.525
13.5 8.685
13.5 8.764
13.5 8.905
13.5 8.836
13.5 8.673
13.5 9.54
13.5 8.918
13.5 9.235
13.5 9.303
13.5 8.663
13.5 8.888
13.5 8.845
13.5 9.079
13.5 9.037
13.5 8.782
13.5 9.295
13.5 9.238
13.5 9.296
13.5 8.517
13.5 8.775
13.5 8.838
13.5 8.903
13.5 9.116
13.5 8.856
13.5 8.839
13.5 8.844
13.5 9.016
13.5 8.802
13.5 8.953
13.5 9.117
13.5 8.93
13.5 9.026
13.5 8.926
13.5 8.991
13.5 9.034
13.5 8.824
13.5 9.045
13.5 9.156
13.5 9.233
13.5 9.117
13.5 9.026
13.5 8.771
13.5 8.706
13.5 8.698
13.5 9.045
13.5 8.402
13.5 8.413
13.5 9.004
13.5 8.796
13.5 9.233
13.5 9.165
13.5 9.027
13.5 8.829
13.5 8.903
13.5 8.996
13.5 9.073
13.5 9.006
13.5 9.062
13.5 8.913
13.5 9.111
13.5 8.918
13.5 9.074
13.5 9.256
13.5 9.313
13.5 8.999
13.5 9.041
13.5 8.807
500
12.5 3.795
12.5 6.846
12.5 7.44
13.0 7.992
13.0 8.408
13.0 8.374
13.0 8.805
13.0 8.343
13.0 9.042
13.0 8.681
13.0 8.825
13.0 8.314
13.0 8.813
13.0 8.716
13.0 7.863
13.0 8.446
13.0 8.555
13.0 8.841
13.0 8.554
13.0 8.671
13.0 8.857
13.0 8.777
13.0 8.52
13.0 8.569
13.0 8.478
13.0 8.558
13.0 9.029
13.0 8.709
13.0 8.412
13.0 8.68
13.0 8.626
13.0 8.896
13.0 8.718
13.0 8.686
13.0 8.627
13.0 8.9
13.0 8.592
13.0 8.761
13.0 8.751
13.0 8.957
13.0 8.771
13.0 9.045
13.0 8.22
13.0 8.812
13.0 8.762
13.0 8.873
13.0 8.836
13.0 8.864
13.0 9.088
13.0 9.082
13.0 8.957
13.0 8.686
13.0 8.659
13.0 8.82
13.0 8.969
13.0 8.863
13.0 8.846
13.0 8.884
13.0 9.126
13.0 8.571
13.0 8.606
13.0 8.811
13.0 9.038
13.0 8.798
13.0 8.755
13.0 8.844
13.0 8.87
13.0 9.324
13.0 8.877
13.0 8.974
13.0 8.98
13.0 8.612
13.0 9.002
13.0 7.938
13.0 8.793
13.0 8.902
13.0 9.149
13.0 8.967
13.0 8.821
13.0 9.254
13.0 9.168
13.0 9.403
13.0 9.172
13.0 9.138
13.0 8.864
13.0 8.996
13.0 8.708
13.0 8.98
13.0 8.914
13.0 8.994
13.0 8.435
13.0 9.051
13.0 8.953
13.0 8.953
13.0 8.674
13.5 8.481
13.5 8.938
13.5 8.94
13.5 8.563
13.5 9.225
13.5 8.866
13.5 8.627
13.5 8.921
13.5 8.915
13.5 8.881
13.5 8.899
13.5 8.979
13.5 8.822
13.5 8.579
13.5 8.898
13.5 8.966
13.5 8.764
13.5 8.557
13.5 8.802
13.5 8.436
13.5 8.45
13.5 8.113
13.5 9.039
13.5 8.77
13.5 8.755
13.5 8.795
13.5 8.765
13.5 8.92
13.5 8.946
13.5 8.791
13.5 8.552
13.5 8.398
13.5 8.75
13.5 8.283
13.5 8.706
13.5 8.97
13.5 8.649
13.5 8.995
13.5 8.281
13.5 8.766
13.5 8.675
13.5 8.982
13.5 8.815
13.5 8.573
13.5 9.048
13.5 9.127
13.5 8.853
13.5 9.074
13.5 8.728
13.5 8.788
13.5 8.762
13.5 8.428
13.5 8.632
13.5 9.044
13.5 8.67
13.5 8.911
13.5 9.212
13.5 8.957
13.5 8.83
13.5 9.066
13.5 8.938
13.5 8.659
13.5 8.683
13.5 9.046
13.5 8.917
13.5 8.811
13.5 8.503
13.5 8.262
13.5 8.919
13.5 8.387
13.5 8.857
13.5 8.327
13.5 8.403
13.5 8.351
13.5 8.52
13.5 8.919
13.5 8.382
13.5 9.016
13.5 8.746
13.5 8.485
13.5 8.864
13.5 8.923
13.5 8.665
13.5 8.675
13.5 8.643
13.5 8.514
13.5 8.664
13.5 8.382
13.5 8.712
13.5 9.079
13.5 9.134
13.5 8.778
13.5 8.645
13.5 8.692
13.5 9.008
13.5 8.73
13.5 8.855
13.5 8.353
13.5 8.479
13.5 8.804
13.5 8.868
13.5 8.779
13.5 8.438
13.5 8.883
13.5 8.242
13.5 8.838
13.5 8.627
13.5 8.616
13.5 8.449
13.5 8.618
13.5 8.762
13.5 8.63
13.5 8.322
13.5 8.42
13.5 8.661
13.5 8.935
13.5 8.951
13.5 8.329
13.5 8.24
13.5 8.719
13.5 8.893
13.5 8.419
13.5 8.818
13.5 8.564
13.5 8.322
13.5 9.078
13.5 8.917
13.5 8.736
13.5 9.015
13.5 8.656
13.5 8.532
13.5 8.713
13.5 8.653
13.5 8.604
13.5 9.055
13.5 8.667
13.5 8.919
13.5 8.569
13.5 8.778
13.5 8.82
13.5 8.445
13.5 8.778
13.5 8.958
13.5 8.339
13.5 8.719
13.5 8.836
13.5 8.458
13.5 8.848
13.5 8.253
13.5 8.508
13.5 8.72
13.5 7.926
13.5 8.842
13.5 8.589
13.5 8.616
13.5 8.832
13.5 8.713
13.5 8.887
13.5 8.455
13.5 9.011
13.5 8.253
13.5 8.86
13.5 8.385
13.5 8.629
13.5 8.702
13.5 8.978
13.5 8.638
13.5 8.739
13.5 9.056
13.5 9.117
13.5 8.847
13.5 8.42
13.5 7.981
13.5 8.237
13.5 8.986
13.5 8.636
13.5 8.976
13.5 9.12
13.5 8.729
13.5 8.986
13.5 8.892
13.5 8.938
13.5 8.837
13.5 8.833
13.5 8.299
13.5 8.79
13.5 8.745
13.5 8.731
13.5 8.88
13.5 8.835
13.5 8.895
13.5 9.006
13.5 8.941
13.5 8.981
13.5 8.987
13.5 8.69
13.5 8.353
13.5 8.541
13.5 8.954
13.5 8.459
13.5 8.98
13.5 8.771
13.5 8.968
13.5 8.331
13.5 8.737
13.5 9.133
13.5 8.972
13.5 9.437
13.5 9.01
13.5 9.05
13.5 9.145
13.5 8.885
13.5 8.848
13.5 8.107
13.5 8.643
13.5 8.937
13.5 8.274
13.5 8.541
13.5 8.457
13.5 7.817
13.5 8.746
13.5 8.741
13.5 8.67
13.5 9.075
13.5 8.682
13.5 8.603
13.5 8.726
13.5 8.328
13.5 8.524
13.5 8.532
13.5 8.833
13.5 8.108
13.5 8.746
13.5 8.681
13.5 8.91
13.5 8.659
13.5 8.671
13.5 8.923
13.5 8.992
13.5 8.446
13.5 8.886
13.5 8.655
13.5 8.485
13.5 8.573
13.5 8.948
13.5 8.797
13.5 9.082
13.5 9.043
13.5 9.305
13.5 9.002
13.5 8.368
13.5 8.595
13.5 9.068
13.5 9.168
13.5 8.983
13.5 9.096
13.5 9.168
13.5 8.883
13.5 9.277
13.5 9.305
13.5 9.103
13.5 8.743
13.5 8.68
13.5 8.649
13.5 8.996
13.5 8.882
13.5 8.61
13.5 8.859
13.5 8.694
13.5 8.545
13.5 8.339
13.5 9.095
13.5 8.473
13.5 9.062
13.5 8.429
13.5 8.743
13.5 8.413
13.5 8.317
13.5 8.952
13.5 8.832
13.5 8.655
13.5 8.467
13.5 8.721
13.5 8.492
13.5 8.879
13.5 8.667
13.5 8.544
13.5 8.678
13.5 8.594
13.5 8.76
13.5 8.275
13.5 8.555
13.5 8.035
13.5 8.703
13.5 8.557
13.5 8.799
13.5 8.356
13.5 8.815
13.5 8.803
13.5 8.355
13.5 8.334
13.5 8.779
13.5 8.943
13.5 8.638
13.5 8.813
13.5 8.994
13.5 8.844
13.5 8.959
13.5 8.925
13.5 8.843
13.5 9.031
13.5 8.94
13.5 8.392
13.5 9.086
13.5 9.57
13.5 8.46
13.5 9.278
13.5 9.099
13.5 9.129
13.5 9.093
13.5 8.845
13.5 8.816
13.5 9.164
13.5 9.084
13.5 8.948
13.5 9.055
13.5 8.81
13.5 8.779
13.5 8.982
13.5 8.803
13.5 9.086
13.5 9.011
13.5 8.871
13.5 9.129
13.5 9.174
13.5 8.822
13.5 8.7
13.5 8.666
13.5 8.802
13.5 8.901
13.5 8.621
13.5 8.871
13.5 8.601
13.5 8.783
13.5 8.594
13.5 9.102
13.5 8.916
13.5 8.903
13.5 8.672
13.5 9.124
13.5 9.162
13.5 8.794
13.5 8.668
13.5 8.974
13.5 8.807
13.5 9.313
13.5 9.083
13.5 8.221
13.5 8.54
13.5 8.583
13.5 8.946
13.5 8.919
13.5 9.157
13.5 8.948
13.5 8.399
13.5 8.867
13.5 8.697
13.5 9.017
13.5 8.463
13.5 9.396
13.5 8.665
13.5 8.611
13.5 8.845
13.5 8.473
13.5 8.885
13.5 8.544
13.5 8.449
13.5 8.487
13.5 8.521
13.5 8.754
13.5 8.8
13.5 8.836
13.5 8.955
13.5 8.621
13.5 8.503
13.5 8.898
13.5 8.849
13.5 8.476
13.5 8.389
13.5 8.695
13.5 8.552
13.5 8.508
13.5 8.299
13.5 8.744
13.5 8.689
13.5 8.658
13.5 8.621
13.5 8.429
13.5 8.812
13.5 8.946
13.5 9.011
13.5 8.198
13.5 8.689
13.5 8.554
13.5 8.651

Individual: [1, 2, 6, 7, 9, 14, 15, 18, 20]
   Fitness: 13.5
     Total: 9
Violations: 0 0

Individual: [1, 2, 6, 7, 9, 14, 15, 18, 20]
   Fitness: 13.5
     Total: 9
Violations: 0 0

Individual: [1, 2, 6, 7, 9, 14, 15, 18, 20]
   Fitness: 13.5
     Total: 9
Violations: 0 0

Individual: [1, 2, 6, 7, 9, 14, 15, 18, 20]
   Fitness: 13.5
     Total: 9
Violations: 0 0

Individual: [1, 2, 6, 7, 9, 14, 15, 18, 20]
   Fitness: 13.5
     Total: 9
Violations: 0 0

Individual: [1, 3, 6, 7, 12, 14, 15, 19, 20]
   Fitness: 13.5
     Total: 9
Violations: 0 0

Individual: [1, 2, 6, 7, 9, 14, 15, 18, 20]
   Fitness: 13.5
     Total: 9
Violations: 0 0

Individual: [1, 3, 6, 7, 12, 14, 15, 19, 20]
   Fitness: 13.5
     Total: 9
Violations: 0 0

Individual: [1, 3, 6, 7, 12, 14, 15, 19, 20]
   Fitness: 13.5
     Total: 9
Violations: 0 0

Individual: [1, 2, 6, 7, 9, 14, 15, 18, 20]
   Fitness: 13.5
     Total: 9
Violations: 0 0
