10
50
11.0 3.514
12.0 8.292
12.5 9.577
13.0 10.564
13.0 11.34
13.0 11.778
13.0 12.293
13.0 12.531
13.0 12.521
13.0 12.449
13.0 12.568
13.0 12.395
13.0 12.496
13.0 12.499
13.0 12.508
13.0 12.501
13.0 12.514
13.0 12.641
13.0 12.566
13.0 12.616
13.0 12.639
13.0 12.637
13.0 12.596
13.0 12.607
13.0 12.591
13.0 12.506
13.0 12.633
13.0 12.528
13.0 12.639
13.0 12.582
13.0 12.663
13.0 12.507
13.0 12.677
13.0 12.603
13.0 12.639
13.0 12.591
13.0 12.661
13.0 12.708
13.0 12.484
13.0 12.609
13.0 12.655
13.0 12.61
13.0 12.649
13.0 12.646
13.0 12.701
13.0 12.629
13.0 12.714
13.0 12.697
13.0 12.699
13.0 12.627
50
12.5 4.19
12.5 8.335
13.5 9.46
13.5 10.235
13.5 11.191
13.5 11.939
13.5 12.152
13.5 12.081
13.5 12.934
13.5 13.233
13.5 13.211
13.5 13.199
13.5 13.261
13.5 13.267
13.5 13.226
13.5 13.227
13.5 13.256
13.5 13.219
13.5 13.135
13.5 13.218
13.5 13.22
13.5 13.11
13.5 13.271
13.5 13.175
13.5 13.163
13.5 13.238
13.5 13.228
13.5 13.239
13.5 13.267
13.5 13.258
13.5 13.186
13.5 13.199
13.5 13.196
13.5 13.173
13.5 13.239
13.5 13.205
13.5 13.239
13.5 13.255
13.5 13.272
13.5 13.292
13.5 13.255
13.5 13.161
13.5 13.269
13.5 13.261
13.5 13.231
13.5 13.292
13.5 13.245
13.5 13.236
13.5 13.136
13.5 13.224
50
11.5 3.918
12.5 8.317
12.5 9.771
12.5 10.515
13.0 11.163
13.0 11.604
13.5 11.8
13.5 12.161
13.5 12.287
13.5 12.765
13.5 13.147
13.5 13.211
13.5 13.242
13.5 13.21
13.5 13.219
13.5 13.229
13.5 13.177
13.5 13.194
13.5 13.268
13.5 13.234
13.5 13.171
13.5 13.248
13.5 13.275
13.5 13.233
13.5 13.268
13.5 13.222
13.5 13.231
13.5 13.178
13.5 13.211
13.5 13.194
13.5 13.187
13.5 13.192
13.5 13.292
13.5 13.203
13.5 13.24
13.5 13.207
13.5 13.209
13.5 13.203
13.5 13.235
13.5 13.206
13.5 13.163
13.5 13.25
13.5 13.241
13.5 13.223
13.5 13.165
13.5 13.239
13.5 13.223
13.5 13.191
13.5 13.29
13.5 13.174
50
12.5 3.746
12.5 8.303
12.5 9.611
13.0 10.351
13.0 10.846
13.0 11.075
13.0 11.2
13.0 11.337
13.0 11.611
13.0 11.992
13.0 12.075
13.0 12.409
13.0 12.382
13.0 12.464
13.0 12.48
13.0 12.591
13.0 12.558
13.0 12.571
13.0 12.58
13.0 12.629
13.0 12.67
13.0 12.595
13.0 12.618
13.0 12.657
13.0 12.664
13.0 12.679
13.0 12.623
13.0 12.65
13.0 12.66
13.0 12.692
13.0 12.697
13.0 12.605
13.0 12.694
13.0 12.646
13.0 12.673
13.0 12.678
13.0 12.692
13.0 12.669
13.0 12.647
13.0 12.679
13.0 12.692
13.0 12.712
13.0 12.698
13.0 12.732
13.0 12.705
13.0 12.62
13.0 12.572
13.0 12.637
13.0 12.669
13.0 12.744
50
12.5 3.98
12.5 8.59
13.0 9.738
13.0 10.334
13.0 10.972
13.5 11.581
13.5 11.752
13.5 12.26
13.5 12.397
13.5 12.514
13.5 12.915
13.5 13.205
13.5 13.264
13.5 13.181
13.5 13.193
13.5 13.233
13.5 13.173
13.5 13.249
13.5 13.193
13.5 13.145
13.5 13.284
13.5 13.27
13.5 13.166
13.5 13.165
13.5 13.206
13.5 13.21
13.5 13.136
13.5 13.247
13.5 13.174
13.5 13.282
13.5 13.203
13.5 13.141
13.5 13.239
13.5 13.27
13.5 13.209
13.5 13.243
13.5 13.236
13.5 13.233
13.5 13.242
13.5 13.18
13.5 13.202
13.5 13.229
13.5 13.239
13.5 13.233
13.5 13.185
13.5 13.206
13.5 13.17
13.5 13.204
13.5 13.262
13.5 13.248
50
11.5 3.689
12.5 8.307
12.5 9.552
12.5 10.235
13.0 10.854
13.0 11.258
13.0 11.496
13.0 12.112
13.0 12.415
13.0 12.582
13.0 12.568
13.0 12.554
13.0 12.655
13.0 12.569
13.0 12.625
13.0 12.64
13.0 12.71
13.0 12.535
13.0 12.629
13.0 12.628
13.0 12.662
13.0 12.688
13.0 12.722
13.0 12.676
13.0 12.722
13.0 12.723
13.0 12.674
13.0 12.641
13.0 12.675
13.0 12.653
13.0 12.637
13.0 12.647
13.0 12.722
13.0 12.766
13.0 12.7
13.0 12.682
13.0 12.638
13.0 12.667
13.0 12.605
13.0 12.718
13.0 12.678
13.0 12.778
13.0 12.705
13.0 12.678
13.0 12.725
13.0 12.688
13.0 12.663
13.0 12.734
13.0 12.741
13.0 12.667
50
11.5 3.719
12.0 8.247
12.5 9.446
13.0 10.082
13.0 10.702
13.0 11.201
13.0 11.6
13.0 12.29
13.0 12.569
13.0 12.678
13.0 12.67
13.0 12.673
13.0 12.645
13.0 12.69
13.0 12.711
13.0 12.664
13.0 12.728
13.5 12.752
13.5 12.715
13.5 12.772
13.5 12.689
13.5 12.698
13.5 12.69
13.5 12.752
13.5 13.104
13.5 13.227
13.5 13.207
13.5 13.212
13.5 13.266
13.5 13.217
13.5 13.161
13.5 13.19
13.5 13.166
13.5 13.197
13.5 13.269
13.5 13.24
13.5 13.229
13.5 13.246
13.5 13.242
13.5 13.222
13.5 13.177
13.5 13.247
13.5 13.232
13.5 13.208
13.5 13.164
13.5 13.238
13.5 13.196
13.5 13.248
13.5 13.248
13.5 13.247
50
12.0 3.941
12.0 8.434
12.5 9.715
12.5 10.478
13.0 11.267
13.0 11.768
13.0 11.941
13.0 11.832
13.5 12.05
13.5 12.137
13.5 11.839
13.5 11.901
13.5 11.849
13.5 12.698
13.5 13.208
13.5 13.177
13.5 13.189
13.5 13.225
13.5 13.238
13.5 13.303
13.5 13.2
13.5 13.259
13.5 13.247
13.5 13.182
13.5 13.195
13.5 13.217
13.5 13.307
13.5 13.209
13.5 13.215
13.5 13.207
13.5 13.198
13.5 13.281
13.5 13.249
13.5 13.273
13.5 13.144
13.5 13.298
13.5 13.236
13.5 13.231
13.5 13.18
13.5 13.22
13.5 13.238
13.5 13.265
13.5 13.257
13.5 13.198
13.5 13.241
13.5 13.222
13.5 13.169
13.5 13.179
13.5 13.217
13.5 13.234
50
10.5 3.661
12.0 8.135
12.5 9.442
13.0 10.393
13.0 11.043
13.0 11.523
13.0 11.937
13.0 12.417
13.0 12.444
13.0 12.614
13.0 12.528
13.0 12.602
13.0 12.438
13.0 12.464
13.0 12.616
13.0 12.539
13.0 12.508
13.0 12.561
13.0 12.478
13.0 12.616
13.0 12.597
13.0 12.617
13.0 12.61
13.0 12.663
13.0 12.492
13.0 12.586
13.0 12.592
13.0 12.621
13.0 12.661
13.0 12.696
13.0 12.669
13.0 12.644
13.0 12.641
13.0 12.609
13.0 12.654
13.0 12.564
13.0 12.648
13.0 12.602
13.0 12.648
13.0 12.563
13.0 12.666
13.0 12.662
13.0 12.59
13.0 12.627
13.0 12.623
13.0 12.603
13.0 12.681
13.0 12.667
13.0 12.669
13.0 12.677
50
11.0 3.34
12.5 8.199
12.5 9.388
12.5 10.147
12.5 10.899
13.0 11.383
13.0 11.495
13.0 11.598
13.0 11.679
13.0 12.222
13.0 12.726
13.0 12.679
13.0 12.707
13.0 12.757
13.0 12.792
13.0 12.656
13.0 12.729
13.0 12.735
13.0 12.698
13.0 12.713
13.0 12.755
13.0 12.722
13.0 12.652
13.0 12.747
13.0 12.755
13.0 12.724
13.0 12.714
13.0 12.696
13.0 12.702
13.0 12.701
13.0 12.763
13.0 12.695
13.0 12.662
13.0 12.76
13.0 12.662
13.0 12.732
13.0 12.732
13.0 12.771
13.0 12.741
13.0 12.75
13.0 12.762
13.0 12.733
13.0 12.755
13.0 12.692
13.0 12.755
13.0 12.725
13.0 12.777
13.0 12.754
13.0 12.706
13.0 12.804

Individual: [1, 3, 4, 6, 7, 14, 16, 17, 19, 20]
   Fitness: 13.0
     Total: 10
Violations: 2 2

Individual: [1, 2, 6, 7, 9, 14, 15, 18, 20]
   Fitness: 13.5
     Total: 9
Violations: 0 0

Individual: [1, 3, 6, 7, 12, 14, 15, 19, 20]
   Fitness: 13.5
     Total: 9
Violations: 0 0

Individual: [1, 2, 7, 8, 10, 11, 16, 17, 19, 20]
   Fitness: 13.0
     Total: 10
Violations: 2 2

Individual: [1, 3, 6, 7, 12, 14, 15, 19, 20]
   Fitness: 13.5
     Total: 9
Violations: 0 0

Individual: [1, 2, 3, 6, 7, 14, 15, 16, 19, 20]
   Fitness: 13.0
     Total: 10
Violations: 2 2

Individual: [1, 2, 6, 7, 9, 14, 15, 18, 20]
   Fitness: 13.5
     Total: 9
Violations: 0 0

Individual: [1, 2, 6, 7, 9, 14, 15, 18, 20]
   Fitness: 13.5
     Total: 9
Violations: 0 0

Individual: [1, 3, 4, 8, 9, 11, 16, 17, 19, 20]
   Fitness: 13.0
     Total: 10
Violations: 2 2

Individual: [1, 3, 4, 6, 7, 14, 15, 17, 18, 20]
   Fitness: 13.0
     Total: 10
Violations: 2 2
