10
500
10.5 -37.125
10.5 -12.4
11.5 -1.545
12.5 4.595
12.5 8.67
14.5 10.72
15.0 12.36
16.5 12.95
16.5 13.1
17.5 14.215
17.5 14.535
18.5 14.51
18.5 14.45
20.0 16.19
20.0 16.075
20.0 17.235
20.5 17.5
21.0 17.905
21.0 17.86
21.5 18.315
22.0 18.335
22.0 18.225
22.0 18.065
22.0 19.33
22.0 18.575
22.0 19.295
22.0 19.09
22.0 20.37
22.0 20.46
22.0 19.37
22.0 19.995
22.0 19.9
22.0 20.03
22.0 19.655
22.0 19.345
22.0 19.78
22.0 20.43
22.0 20.355
22.0 19.96
22.0 20.625
22.0 20.57
22.0 21.015
22.0 20.125
22.0 20.02
22.0 19.865
22.0 20.33
22.0 20.69
22.0 20.065
22.0 20.82
22.0 20.34
22.0 19.385
22.0 19.785
22.0 20.565
22.0 20.155
22.0 20.145
22.0 20.465
22.0 18.81
22.0 19.475
22.0 19.455
22.0 19.265
22.0 19.645
22.0 19.465
22.0 19.24
22.0 20.19
22.0 18.37
22.0 19.935
22.0 19.845
22.0 20.0
22.0 20.455
22.0 20.145
22.0 19.7
22.0 20.355
22.0 19.025
22.0 19.19
22.0 20.155
22.0 19.265
22.0 19.95
22.0 19.94
22.0 20.46
22.0 20.645
22.0 20.68
22.0 19.985
22.0 20.77
22.0 19.635
22.0 19.94
22.0 19.43
22.0 18.155
22.0 19.76
22.0 19.75
22.0 19.535
22.0 20.09
22.0 20.095
22.0 19.985
22.0 19.28
22.0 18.915
22.0 19.805
22.0 19.505
22.0 20.64
22.0 20.48
22.0 20.705
22.0 20.545
22.0 20.465
22.0 19.09
22.0 18.445
22.0 19.605
22.0 19.615
22.0 19.84
22.0 19.135
22.0 19.57
22.0 19.795
22.0 20.05
22.0 19.81
22.0 18.48
22.0 19.155
22.0 19.395
22.0 19.605
22.0 19.72
22.0 20.245
22.0 20.325
22.0 20.23
22.0 19.79
22.0 20.755
22.0 20.485
22.0 20.45
22.0 20.065
22.0 19.815
22.0 19.66
22.0 19.495
22.0 18.99
22.0 19.23
22.0 19.84
22.0 20.465
22.0 19.565
22.0 19.8
22.0 19.62
22.0 20.105
22.0 20.32
22.0 20.335
22.0 20.45
22.0 20.495
22.0 19.965
22.0 20.295
22.0 20.715
22.0 20.295
22.0 20.72
22.0 20.565
22.0 19.215
22.0 19.8
22.0 20.37
22.0 18.88
22.0 19.895
22.0 19.405
22.0 19.97
22.0 19.14
22.0 19.625
22.0 19.515
22.0 20.535
22.0 19.61
22.0 19.94
22.0 19.28
22.0 19.45
22.0 19.36
22.0 19.975
22.0 20.035
22.0 20.15
22.0 20.685
22.0 20.465
22.0 19.82
22.0 20.075
22.0 20.765
22.0 20.325
22.0 20.67
22.0 20.75
22.0 20.58
22.0 20.28
22.0 20.505
22.0 20.165
22.0 19.605
22.0 20.065
22.0 19.9
22.0 19.53
22.0 19.775
22.0 20.36
22.0 19.89
22.0 20.055
22.0 20.28
22.0 20.28
22.0 20.07
22.0 20.18
22.0 20.335
22.0 19.93
22.0 20.115
22.0 20.16
22.0 20.105
22.0 19.965
22.0 19.86
22.0 19.215
22.0 18.48
22.0 16.805
22.0 20.09
22.0 19.81
22.0 19.855
22.0 20.685
22.0 20.11
22.0 20.4
22.0 20.125
22.0 19.825
22.0 20.065
22.0 19.555
22.0 18.925
22.0 19.675
22.0 19.45
22.0 19.895
22.0 20.69
22.0 20.8
22.0 20.725
22.0 20.97
22.0 20.02
22.0 20.405
22.0 20.69
22.0 19.695
22.0 20.36
22.0 20.39
22.0 19.835
22.0 21.005
22.0 20.755
22.0 19.97
22.0 20.36
22.0 19.9
22.0 20.335
22.0 18.935
22.0 19.57
22.0 18.77
22.0 19.925
22.0 20.34
22.0 20.175
22.0 19.66
22.0 19.21
22.0 19.825
22.0 19.385
22.0 19.855
22.0 19.725
22.0 19.655
22.0 20.29
22.0 20.44
22.0 20.57
22.0 20.175
22.0 20.2
22.0 20.025
22.0 18.195
22.0 19.235
22.0 17.405
22.0 18.805
22.0 19.295
22.5 19.715
22.5 19.53
22.5 20.385
22.5 20.125
22.5 18.7
22.5 20.0
22.5 20.37
22.5 20.005
22.5 20.76
22.5 21.46
22.5 20.58
22.5 21.28
22.5 21.48
22.5 21.25
22.5 20.97
22.5 21.215
22.5 20.76
22.5 21.125
22.5 20.76
22.5 21.15
22.5 20.68
22.5 20.81
22.5 20.945
22.5 20.71
22.5 21.2
22.5 20.95
22.5 21.335
22.5 20.945
22.5 20.37
22.5 21.24
22.5 20.43
22.5 20.905
22.5 20.66
22.5 20.515
22.5 20.705
22.5 20.425
22.5 20.85
22.5 20.825
22.5 21.04
22.5 20.29
22.5 20.045
22.5 20.315
22.5 20.85
22.5 20.92
22.5 20.865
22.5 20.825
22.5 20.55
22.5 21.075
22.5 20.235
22.5 20.88
22.5 21.265
22.5 20.965
22.5 21.835
22.5 20.825
22.5 20.935
22.5 21.34
22.5 21.445
22.5 19.685
22.5 20.44
22.5 21.05
22.5 21.225
22.5 20.77
22.5 21.44
22.5 20.5
22.5 20.63
22.5 20.695
22.5 20.53
22.5 20.465
22.5 21.11
22.5 21.13
22.5 20.555
22.5 19.93
22.5 20.05
22.5 21.175
22.5 20.66
22.5 21.255
22.5 21.275
22.5 20.29
22.5 21.3
22.5 20.22
22.5 20.49
22.5 20.625
22.5 21.24
22.5 20.905
22.5 21.005
22.5 20.725
22.5 19.99
23.0 20.735
23.0 20.935
23.0 21.22
23.0 20.765
23.0 20.485
23.0 20.78
23.0 21.065
23.0 20.765
23.0 21.36
24.0 20.655
24.0 20.91
24.0 20.9
24.0 21.295
24.0 20.555
24.0 21.39
24.0 21.58
24.0 21.54
24.0 20.395
24.0 21.645
24.0 21.145
24.0 20.99
24.0 22.065
24.0 22.585
24.0 21.805
24.0 21.43
24.0 22.075
24.0 22.13
24.0 22.86
24.0 22.59
24.0 22.715
24.0 21.22
24.0 22.54
24.0 21.465
24.0 21.63
24.0 21.44
24.0 21.455
24.0 21.495
24.0 21.64
24.0 21.78
24.0 21.945
24.0 21.65
24.0 22.465
24.0 21.54
24.0 21.94
24.0 21.65
24.0 19.965
24.0 22.155
24.0 21.295
24.0 21.78
24.0 21.86
24.0 20.43
24.0 20.375
24.0 21.945
24.0 22.185
24.0 22.38
24.0 22.565
24.0 22.435
24.0 20.85
24.0 22.345
24.0 21.14
24.0 22.095
24.0 22.375
24.0 22.645
24.0 21.525
24.0 21.865
24.0 20.82
24.0 21.365
24.0 21.53
24.0 22.02
24.0 21.965
24.0 21.955
24.0 21.985
24.0 21.82
24.0 21.7
24.0 22.05
24.0 21.99
24.0 21.45
24.0 21.92
24.0 21.67
24.0 21.69
24.0 21.775
24.0 20.99
24.0 20.82
24.0 21.74
24.0 21.34
24.0 21.705
24.0 22.035
24.0 22.015
24.0 21.745
24.0 21.585
24.0 22.42
24.0 21.96
24.0 22.345
24.0 22.08
24.0 22.345
24.0 21.805
24.0 22.365
24.0 21.55
24.0 21.455
24.0 21.42
24.0 21.26
24.0 22.065
24.0 21.0
24.0 21.04
24.0 21.745
24.0 22.44
24.0 22.01
24.0 22.705
24.0 21.73
24.0 21.39
24.0 21.865
24.0 20.175
24.0 21.225
24.0 20.92
24.0 22.025
24.0 21.405
24.0 21.195
24.0 19.75
24.0 21.6
24.0 21.13
24.0 22.24
24.0 22.385
24.0 22.195
24.0 22.07
24.0 21.395
24.0 22.07
24.0 21.84
24.0 21.67
24.0 21.815
24.0 20.655
24.0 21.765
24.0 21.69
24.0 21.805
24.0 21.66
24.0 21.31
24.0 21.525
24.0 22.015
24.0 21.165
24.0 21.355
24.0 21.41
24.0 21.235
24.0 21.2
24.0 21.26
24.0 21.18
24.0 21.58
24.0 21.44
24.0 20.665
24.0 21.49
24.0 20.785
24.0 21.835
24.0 21.96
24.0 21.68
24.0 21.58
24.0 21.39
24.0 21.39
24.0 21.99
24.0 22.67
24.0 21.815
24.0 21.95
500
11.0 -36.1
11.5 -7.91
11.5 4.12
13.5 9.72
14.5 11.095
15.5 10.645
16.0 12.255
16.5 14.045
17.5 13.43
18.5 15.45
18.5 15.635
19.0 15.565
19.0 17.045
20.0 17.02
20.0 17.455
20.5 17.905
20.5 17.48
20.5 18.28
20.5 18.85
21.0 18.98
21.0 18.88
21.0 19.645
21.0 18.6
21.0 19.765
21.0 19.93
21.0 19.585
21.0 19.695
21.0 19.88
21.0 19.815
21.0 19.415
21.0 19.56
21.0 19.78
21.0 19.0
21.0 19.025
21.0 19.725
21.0 19.24
21.0 19.635
21.0 19.84
21.0 19.55
21.0 20.155
21.0 19.34
21.0 19.445
21.0 19.59
21.0 18.805
21.0 19.2
21.0 19.265
21.0 19.78
21.0 19.6
21.0 19.81
21.0 19.15
21.0 19.23
21.0 19.345
21.0 19.575
21.0 19.61
21.0 18.615
21.0 18.56
21.0 19.4
21.0 19.36
21.0 19.955
21.0 19.755
21.0 19.74
21.0 19.085
21.0 19.405
21.0 19.75
21.0 19.735
21.0 19.425
21.0 19.115
21.0 19.14
21.0 19.66
21.0 18.625
21.0 19.23
21.0 18.91
21.0 19.355
21.0 19.155
21.0 19.075
21.0 19.63
21.0 18.805
21.0 19.31
21.0 20.01
21.0 19.685
21.0 18.795
21.0 19.515
21.0 19.38
21.0 19.655
21.0 19.695
21.0 19.08
21.0 18.685
21.0 19.625
21.0 19.515
21.0 19.575
21.0 18.935
21.0 19.395
21.0 20.105
21.0 19.175
21.0 19.41
21.0 19.49
21.0 19.285
21.0 18.825
21.0 19.455
21.0 19.465
21.0 19.325
21.0 19.265
21.0 19.435
21.0 18.845
21.0 19.12
21.0 19.88
21.0 19.575
21.0 19.72
21.0 19.015
21.0 19.165
21.0 19.67
21.0 19.065
21.0 19.215
21.0 19.79
21.0 19.84
21.0 20.175
21.0 20.085
21.0 19.8
21.0 19.495
21.0 19.31
21.0 19.565
21.0 19.94
21.0 18.92
21.0 19.27
21.0 19.42
21.0 19.325
21.0 19.57
21.0 19.84
21.0 19.705
21.0 18.935
21.0 19.955
21.0 20.46
21.0 19.445
21.0 19.315
21.0 19.84
21.0 19.765
21.0 19.385
21.0 19.74
21.0 19.02
21.0 19.68
21.0 19.35
21.0 19.81
21.0 19.485
21.0 19.285
21.0 19.675
21.0 19.065
21.0 19.415
21.0 18.93
21.0 19.8
21.0 20.295
21.0 19.43
21.0 19.25
21.0 19.68
21.0 19.335
21.0 18.795
21.0 19.785
21.0 19.385
21.0 19.14
21.0 20.195
21.0 19.775
21.0 19.265
21.0 20.09
21.0 19.82
21.0 19.605
21.0 19.725
21.0 19.52
21.0 20.07
21.0 19.47
21.0 19.29
21.0 19.35
21.0 18.96
21.0 19.335
21.0 19.605
21.0 19.13
21.0 19.445
21.0 19.225
21.0 19.43
21.5 19.905
21.5 19.94
21.5 19.54
21.5 20.26
21.5 19.335
22.0 20.115
22.0 20.09
22.0 19.37
22.0 19.565
22.0 20.75
22.0 20.305
22.0 19.935
22.0 19.775
22.0 20.74
22.0 19.705
22.0 20.16
22.0 20.26
22.0 19.785
22.0 20.26
22.0 20.785
22.0 20.745
22.0 20.715
22.0 20.245
22.0 20.62
22.0 19.88
22.0 19.825
22.0 19.92
22.0 20.21
22.0 20.085
22.0 19.875
22.0 20.085
22.0 20.265
22.0 20.19
22.0 19.575
22.0 20.22
22.0 19.72
22.0 20.17
22.0 19.505
22.0 20.02
22.0 20.79
22.0 20.945
22.0 20.09
22.0 20.8
22.0 19.835
22.0 20.46
22.0 20.305
22.0 20.755
22.0 20.535
22.0 20.65
22.0 20.165
22.0 19.995
22.0 19.82
22.0 20.625
22.0 20.87
22.0 21.135
22.0 20.07
22.0 19.315
22.0 20.015
22.0 19.8
22.0 19.115
22.0 20.32
22.0 20.98
22.0 20.355
22.0 20.29
22.0 20.21
22.0 20.515
22.0 20.525
22.0 20.785
22.0 20.175
22.0 20.195
22.0 19.995
22.0 20.135
22.0 19.2
22.0 19.915
22.0 19.59
22.0 19.51
22.0 19.76
22.0 20.43
22.0 19.985
22.0 20.0
22.0 20.835
22.0 19.905
22.0 19.795
22.0 19.735
22.0 20.045
22.0 20.585
22.0 19.835
22.0 20.585
22.0 19.375
22.0 21.065
22.0 19.64
22.0 20.6
22.0 19.84
22.0 20.43
22.0 19.76
22.0 20.11
22.0 20.28
22.0 21.085
22.0 20.175
22.0 19.93
22.0 20.85
22.0 20.055
22.0 20.415
22.0 20.35
22.0 20.155
22.0 19.97
22.0 19.14
22.0 20.265
22.0 20.535
22.0 20.93
22.0 20.215
22.0 20.53
22.0 20.425
22.0 20.315
22.0 20.58
22.0 20.7
22.0 20.46
22.0 19.94
22.0 20.82
22.0 20.765
22.0 20.19
22.0 19.855
22.0 20.575
22.0 20.37
22.0 19.45
22.0 19.845
22.0 19.82
22.0 19.55
22.0 19.535
22.5 20.16
22.5 20.035
22.5 19.525
22.5 19.09
22.5 19.48
22.5 20.015
22.5 20.915
22.5 21.18
22.5 20.615
22.5 21.02
22.5 21.385
22.5 21.315
22.5 21.18
22.5 20.555
22.5 20.375
22.5 20.825
22.5 20.99
22.5 20.79
22.5 20.88
22.5 21.37
22.5 21.36
22.5 21.65
22.5 21.56
22.5 21.805
22.5 21.465
22.5 21.14
22.5 21.37
22.5 21.255
22.5 21.375
22.5 21.19
22.5 21.285
22.5 21.35
22.5 21.59
22.5 21.155
22.5 20.9
22.5 20.635
22.5 21.175
22.5 21.28
22.5 21.13
22.5 21.165
22.5 20.89
22.5 21.39
22.5 20.91
22.5 21.135
22.5 21.695
22.5 21.215
22.5 21.045
22.5 21.575
22.5 21.24
22.5 21.24
22.5 20.64
22.5 20.845
22.5 21.34
22.5 20.74
22.5 21.005
22.5 21.19
22.5 21.16
22.5 20.67
22.5 21.065
23.0 21.13
23.0 20.685
23.0 21.32
23.0 20.755
23.0 21.515
23.0 20.955
23.0 21.275
23.0 21.355
23.0 21.55
23.0 20.915
23.0 21.21
23.0 20.725
23.0 20.275
23.0 21.665
23.0 21.03
23.0 21.165
23.0 21.525
23.0 20.935
23.0 21.115
23.0 20.045
23.0 21.45
23.0 20.94
23.0 20.92
23.0 21.08
23.0 21.025
23.0 21.425
23.0 21.85
23.0 21.47
23.0 21.195
23.0 21.315
23.0 20.63
23.0 21.575
23.0 21.865
23.0 21.535
23.0 20.805
23.0 19.925
23.0 21.425
23.0 20.965
23.0 20.3
23.0 21.085
23.0 21.595
23.0 21.805
23.0 21.995
23.0 20.625
23.0 21.16
23.0 20.95
23.0 20.945
23.0 21.19
23.0 21.335
23.0 20.63
23.0 20.895
23.0 21.45
23.0 21.29
23.0 19.38
23.0 20.825
23.0 21.355
23.0 21.39
23.0 21.56
23.0 21.77
23.0 21.255
23.0 21.225
23.0 21.76
23.0 19.96
23.0 21.1
23.0 20.155
23.0 20.595
23.0 20.025
23.0 21.255
23.0 20.36
23.0 21.51
23.0 20.945
23.0 20.265
23.0 21.595
23.0 21.39
23.0 21.645
23.0 20.645
23.0 20.615
23.0 20.445
23.0 21.925
23.0 21.79
23.0 21.505
23.0 20.765
23.0 21.225
23.0 20.95
23.0 21.175
23.0 21.185
23.0 20.97
23.0 21.07
23.0 20.175
23.0 21.355
23.0 21.025
23.0 21.97
23.0 20.9
23.0 20.44
23.0 21.04
23.0 21.42
23.0 21.015
23.0 20.8
23.0 21.285
23.0 20.29
23.0 20.01
23.0 20.9
23.0 20.61
23.0 21.37
23.0 20.925
23.0 20.39
23.0 21.605
23.0 21.55
23.0 21.185
23.0 20.785
23.0 21.01
23.0 21.92
23.0 21.78
23.0 21.465
23.0 20.955
23.0 21.23
23.0 21.265
23.0 21.645
23.0 21.495
23.0 21.205
23.0 21.39
23.0 21.815
23.0 21.255
23.0 19.9
23.0 20.365
23.0 20.28
23.0 20.85
23.0 19.805
23.0 20.87
23.0 20.78
23.0 21.395
23.0 21.645
23.0 20.805
23.0 21.185
23.0 21.28
500
5.5 -40.555
10.0 -11.83
14.0 1.175
17.0 6.13
17.0 10.375
17.0 12.49
17.0 13.51
19.0 13.305
19.0 14.01
19.0 15.59
20.0 15.295
20.0 16.045
20.0 16.745
20.0 16.825
20.0 17.14
20.0 17.765
20.0 18.235
20.5 17.685
20.5 17.67
20.5 18.5
20.5 18.905
21.0 18.79
21.0 17.995
21.0 18.59
21.0 19.27
21.0 19.03
21.0 19.335
21.0 17.945
21.0 18.825
21.5 19.27
21.5 18.975
21.5 19.71
21.5 19.875
21.5 20.17
21.5 20.34
22.0 20.2
22.0 19.945
22.0 19.77
22.0 19.185
22.0 18.645
22.0 20.03
22.0 18.8
22.0 20.215
22.0 19.65
22.0 19.1
22.0 19.405
22.0 18.79
22.0 18.205
22.0 19.625
22.0 19.595
22.0 20.23
22.0 20.09
22.0 20.285
22.0 19.84
22.0 19.605
22.0 20.01
22.0 19.88
22.0 19.63
22.0 18.045
22.5 20.095
22.5 18.9
22.5 19.57
22.5 19.125
22.5 19.03
22.5 19.595
22.5 18.255
22.5 19.58
22.5 19.405
22.5 20.31
22.5 18.37
22.5 20.62
22.5 20.63
23.0 20.85
23.0 20.28
23.0 20.76
23.0 20.73
23.0 20.845
23.0 20.96
23.0 20.49
23.0 20.725
23.0 20.73
23.0 21.23
23.0 21.155
23.0 21.315
23.0 20.25
23.0 21.78
23.0 20.68
23.0 20.7
23.0 21.28
23.0 20.79
23.0 21.19
23.0 21.525
23.0 21.74
23.0 21.16
23.0 21.57
23.0 20.43
23.0 20.19
23.0 21.12
23.0 20.705
23.0 20.59
23.0 21.575
23.0 20.83
23.0 20.805
23.0 21.18
23.0 20.625
23.0 20.515
23.0 21.415
23.0 20.86
23.0 21.335
23.0 21.97
23.0 21.46
23.0 21.66
23.0 21.505
23.0 21.135
23.0 20.82
23.0 21.385
23.0 20.88
23.0 21.605
23.0 21.545
23.0 21.34
23.0 21.79
23.0 21.77
23.0 21.045
23.0 20.805
23.0 20.655
23.0 21.165
23.0 21.29
23.0 20.625
23.0 19.4
23.0 21.19
23.0 21.965
23.0 20.33
23.0 20.63
23.0 21.445
23.0 20.775
23.0 21.005
23.0 20.755
23.0 21.53
23.0 20.845
23.0 20.99
23.0 21.105
23.0 21.485
23.0 21.785
23.0 21.045
23.0 21.69
23.0 21.74
23.0 20.845
23.0 21.84
23.0 21.51
23.0 21.675
23.0 21.54
23.0 21.72
23.0 21.355
23.0 20.55
23.0 21.18
23.0 21.39
23.0 21.075
23.0 21.325
23.0 21.235
23.0 20.59
23.0 20.77
23.0 20.475
23.0 21.215
23.0 20.89
23.0 21.265
23.0 21.185
23.0 21.095
23.0 20.885
23.0 21.53
23.0 21.845
23.0 21.88
23.0 21.755
23.0 21.58
23.0 20.5
23.0 21.145
23.0 21.17
23.0 21.43
23.0 20.76
23.0 20.84
23.0 21.44
23.0 20.185
23.0 21.285
23.0 20.97
23.0 21.015
23.0 20.69
23.0 20.65
23.0 21.18
23.0 21.65
23.0 21.21
23.0 21.085
23.0 21.24
23.0 21.195
23.0 21.31
23.0 21.195
23.0 20.67
23.0 20.65
23.0 21.135
23.0 21.825
23.0 20.16
23.0 21.12
23.0 20.345
23.0 21.175
23.0 20.89
23.0 20.25
23.0 20.8
23.0 21.69
23.0 21.195
23.0 21.3
23.0 20.94
23.0 20.965
23.0 21.205
23.0 20.665
23.0 21.38
23.0 21.555
23.0 21.895
23.0 21.415
23.0 20.66
23.0 20.665
23.0 21.2
23.0 21.475
23.0 20.905
23.0 21.345
23.0 21.22
23.0 21.125
23.0 20.565
23.0 20.88
23.0 21.575
23.0 20.96
23.0 20.03
23.0 20.235
23.0 20.69
23.0 20.745
23.0 21.28
23.0 21.09
23.0 21.62
23.0 20.945
23.0 20.815
23.0 21.185
23.0 21.42
23.0 20.585
23.0 20.255
23.0 21.17
23.0 20.79
23.0 20.5
23.0 20.81
23.0 21.06
23.0 21.54
23.0 21.305
23.0 21.265
23.0 21.86
23.0 21.235
23.0 21.65
23.0 21.595
23.0 21.74
23.0 21.19
23.0 21.965
23.0 21.565
23.0 21.565
23.0 20.855
23.0 21.245
23.0 21.345
23.0 20.86
23.0 20.885
23.0 21.285
23.0 21.19
23.0 21.695
23.0 21.15
23.0 21.4
23.0 21.77
23.0 21.765
23.0 20.575
23.0 20.855
23.0 21.095
23.0 21.405
23.0 20.34
23.0 20.36
23.0 21.11
23.0 21.09
23.0 21.165
23.0 20.61
23.0 21.345
23.0 20.99
23.0 21.035
23.0 20.36
23.0 20.925
23.0 20.68
23.0 21.095
23.0 21.07
23.0 21.215
23.0 21.435
23.0 20.86
23.0 21.495
23.0 21.86
23.0 21.145
23.0 21.0
23.0 21.225
23.0 21.145
23.0 20.865
23.0 20.85
23.0 21.245
23.0 20.78
23.0 21.14
23.0 21.585
23.0 20.96
23.0 21.19
23.0 21.175
23.0 21.28
23.0 21.475
23.0 22.11
23.0 21.655
23.0 21.75
23.0 21.34
23.0 21.455
23.0 21.175
23.0 20.635
23.0 20.85
23.0 20.84
23.0 21.33
23.0 20.225
23.0 20.905
23.0 21.75
23.0 21.145
23.0 21.355
23.0 20.725
23.0 21.42
23.0 20.535
23.0 20.95
23.0 21.03
23.0 20.7
23.0 20.055
23.0 20.31
23.0 20.495
23.0 21.195
23.0 21.565
23.0 21.9
23.0 21.445
23.0 22.125
23.0 21.21
23.0 21.615
23.0 21.29
23.0 21.535
23.0 20.385
23.0 21.48
23.0 21.0
23.0 20.955
23.0 20.975
23.0 21.31
23.0 20.625
23.0 20.16
23.0 21.0
23.0 21.22
23.0 21.17
23.0 20.63
23.0 21.445
23.0 20.5
23.0 21.23
23.0 21.4
23.0 21.33
23.0 21.105
23.0 20.885
23.0 21.33
23.0 21.43
23.0 21.955
23.0 21.755
23.0 21.675
23.0 21.84
23.0 21.27
23.0 21.58
23.0 21.985
23.0 21.75
23.0 21.105
23.0 20.995
23.0 20.905
23.0 20.815
23.0 21.335
23.0 21.295
23.0 20.85
23.0 20.825
23.0 20.385
23.0 21.07
23.0 21.14
23.0 21.295
23.0 21.0
23.0 20.805
23.0 21.11
23.0 21.465
23.0 21.65
23.0 21.125
23.0 21.31
23.0 21.43
23.0 21.14
23.0 21.14
23.0 21.09
23.0 20.96
23.0 21.14
23.0 21.315
23.0 20.855
23.0 21.44
23.0 21.455
23.0 21.455
23.0 21.57
23.0 21.69
23.0 20.835
23.0 21.315
23.0 21.395
23.0 21.135
23.0 20.16
23.0 20.75
23.0 20.81
23.0 21.74
23.0 19.435
23.0 21.475
23.0 21.36
23.0 21.295
23.0 21.585
23.0 21.47
23.0 20.57
23.0 20.785
23.0 21.165
23.0 21.445
23.0 20.9
23.0 21.515
23.0 20.965
23.0 20.79
23.0 21.635
23.0 21.21
23.0 20.885
23.0 21.615
23.0 21.17
23.0 21.315
23.0 21.635
23.0 20.905
23.0 20.585
23.0 21.235
23.0 21.09
23.0 21.155
23.0 21.08
23.0 20.77
23.0 21.65
23.0 21.935
23.0 21.23
23.0 21.355
23.0 22.08
23.0 21.44
23.0 21.255
23.0 21.03
23.0 20.36
23.0 21.14
23.0 20.115
23.0 20.08
23.0 21.4
23.0 21.31
23.0 21.22
23.0 21.425
23.0 21.32
23.0 21.14
23.0 20.885
23.0 21.06
23.0 20.885
23.0 20.335
23.0 20.35
23.0 20.59
23.0 21.04
23.0 20.495
23.0 20.67
23.0 20.9
23.0 21.295
23.0 21.135
23.0 21.115
23.0 21.01
23.0 21.21
23.0 21.37
23.0 21.795
23.0 21.215
23.0 20.525
23.0 21.045
23.0 21.03
23.0 21.68
23.0 21.47
23.0 21.385
23.0 20.81
23.0 21.44
23.0 20.085
23.0 20.42
23.0 20.865
23.0 20.35
23.0 21.14
23.0 21.35
23.0 21.54
23.0 21.47
23.0 21.19
23.0 21.655
23.0 22.02
23.0 21.49
23.0 21.375
23.0 21.425
23.0 20.8
23.0 21.5
23.0 20.74
23.0 21.595
500
6.0 -33.92
6.0 -11.615
7.0 -1.97
9.0 1.88
11.5 3.035
11.5 5.155
12.5 7.755
13.5 9.47
14.0 11.27
14.5 11.335
16.5 12.545
18.0 13.115
18.0 14.36
18.0 13.965
18.0 15.105
18.5 15.15
19.0 16.15
20.5 16.025
20.5 16.885
20.5 16.485
20.5 17.17
20.5 17.94
21.0 16.935
21.0 17.635
21.0 18.21
21.5 18.68
21.5 19.225
21.5 19.295
21.5 19.61
21.5 19.705
21.5 19.715
21.5 19.775
21.5 19.31
21.5 19.465
21.5 19.83
21.5 20.075
21.5 18.325
21.5 19.67
21.5 19.695
21.5 20.01
21.5 20.33
21.5 19.67
21.5 19.31
21.5 19.635
21.5 19.65
21.5 19.895
21.5 18.735
21.5 19.775
21.5 19.85
21.5 19.925
22.0 20.105
22.0 19.145
22.0 19.83
22.0 19.23
22.0 20.15
22.5 20.33
22.5 20.2
22.5 20.66
22.5 19.975
22.5 20.035
22.5 20.44
22.5 20.56
22.5 20.87
22.5 19.875
22.5 20.26
22.5 20.455
22.5 20.89
22.5 20.82
22.5 20.64
22.5 20.725
22.5 20.495
23.0 20.725
23.0 20.53
23.0 21.17
23.0 20.99
23.0 20.595
23.0 21.445
23.0 21.485
23.0 21.48
23.0 20.96
23.0 20.98
23.0 21.295
23.0 20.475
23.0 21.59
23.0 20.42
23.0 20.865
23.0 21.58
23.0 20.845
23.0 20.9
23.0 21.835
23.0 21.145
23.0 21.38
23.0 20.285
23.0 20.93
23.0 20.8
23.0 20.27
23.0 21.18
23.0 20.55
23.0 19.86
23.0 20.24
23.0 20.195
23.0 21.155
23.0 21.275
23.0 21.945
23.0 21.525
23.0 21.87
23.0 21.805
23.0 21.75
23.0 21.35
23.0 21.32
23.0 21.225
23.0 21.235
23.0 20.61
23.0 21.055
23.0 20.77
23.0 21.42
23.0 21.19
23.0 21.35
23.0 20.39
23.0 20.915
23.0 20.93
23.0 20.245
23.0 20.395
23.0 21.005
23.0 21.4
23.0 20.81
23.0 20.525
23.0 20.985
23.0 21.38
23.0 21.23
23.0 21.355
23.0 21.12
23.0 19.365
23.0 21.415
23.0 21.295
23.0 21.285
23.0 21.745
23.0 21.335
23.0 21.365
23.0 21.075
23.0 21.45
23.0 21.185
23.0 21.455
23.0 21.62
23.0 19.765
23.0 20.425
23.0 20.985
23.0 20.855
23.0 20.74
23.0 20.2
23.0 21.3
23.0 20.28
23.0 21.375
23.0 20.985
23.0 20.905
23.0 21.165
23.0 21.155
23.0 21.255
23.0 20.62
23.0 21.105
23.0 21.03
23.0 20.63
23.0 21.2
23.0 20.78
23.0 21.835
23.0 20.835
23.0 20.925
23.0 21.235
23.0 21.945
23.0 21.395
23.0 20.26
23.0 20.365
23.0 20.845
23.0 19.565
23.0 21.12
23.0 21.295
23.0 21.575
23.0 21.53
23.0 21.025
23.0 21.405
23.0 20.885
23.0 21.235
23.0 21.75
23.0 21.95
23.0 21.605
23.0 21.725
23.0 21.555
23.0 20.815
23.0 21.615
23.0 21.54
23.0 20.775
23.0 20.27
23.0 21.14
23.0 21.305
23.0 21.505
23.0 21.65
23.0 21.595
23.0 21.69
23.0 21.835
23.0 21.535
23.0 21.265
23.0 21.14
23.0 21.22
23.0 20.795
23.0 20.715
23.0 21.12
23.0 21.46
23.0 21.305
23.0 21.055
23.0 20.825
23.0 21.61
23.0 21.12
23.0 21.33
23.0 21.25
23.0 20.925
23.0 21.145
23.0 20.89
23.0 21.255
23.0 21.3
23.0 20.99
23.0 20.925
23.0 21.17
23.0 21.495
23.0 21.565
23.0 21.58
23.0 21.225
23.0 20.62
23.0 21.05
23.0 21.49
23.0 21.27
23.0 21.945
23.0 21.775
23.0 21.25
23.0 21.27
23.0 20.87
23.0 21.07
23.0 21.415
23.0 21.295
23.0 21.735
23.0 21.69
23.0 21.41
23.0 21.19
23.0 21.59
23.0 20.785
23.0 21.405
23.0 20.655
23.0 21.57
23.0 20.375
23.0 20.705
23.0 21.115
23.0 21.66
23.0 20.71
23.0 21.195
23.0 21.135
23.0 21.055
23.0 20.39
23.0 20.71
23.0 21.13
23.0 21.36
23.0 21.02
23.0 21.08
23.0 21.53
23.0 21.525
23.0 21.45
23.0 20.845
23.0 21.25
23.0 21.3
23.0 21.065
23.0 21.42
23.0 21.0
23.0 21.13
23.0 20.595
23.0 21.125
23.0 21.39
23.0 21.405
23.0 21.48
23.0 21.465
23.0 20.835
23.0 21.49
23.0 21.62
23.0 20.87
23.0 20.525
23.0 20.885
23.0 21.455
23.0 22.27
23.0 21.505
23.0 21.3
23.0 21.54
23.0 21.43
23.0 20.835
23.0 21.075
23.0 21.325
23.0 21.355
23.0 20.045
23.0 20.1
23.0 19.94
23.0 20.61
23.0 20.49
23.0 21.09
23.0 20.83
23.0 19.49
23.0 20.97
23.0 20.97
23.0 20.35
23.0 21.17
23.0 21.095
23.0 20.875
23.0 21.135
23.0 20.55
23.0 20.385
23.0 20.49
23.0 19.79
23.0 20.95
23.0 20.725
23.0 20.14
23.0 20.9
23.0 21.05
23.0 21.59
23.0 21.58
23.0 20.525
23.0 20.955
23.0 20.945
23.0 21.06
23.0 20.765
23.0 20.975
23.0 19.17
23.0 20.15
23.0 20.25
23.0 21.27
23.0 21.165
23.0 20.78
23.0 19.97
23.0 21.055
23.0 20.73
23.0 20.965
23.0 20.945
23.0 21.21
23.0 20.925
23.0 21.595
23.0 21.59
23.0 21.225
23.0 21.515
23.0 20.84
23.0 20.345
23.0 20.635
23.0 21.19
23.0 20.865
23.0 20.64
23.0 20.45
23.0 20.78
23.0 20.975
23.0 21.155
23.0 21.275
23.0 21.02
23.0 21.7
23.0 21.735
23.0 21.24
23.0 21.235
23.0 21.48
23.0 21.105
23.0 21.69
23.0 19.94
23.0 19.83
23.0 20.92
23.0 21.055
23.0 21.26
23.0 20.98
23.0 21.19
23.0 21.545
23.0 21.22
23.0 20.985
23.0 19.845
23.0 20.58
23.0 21.115
23.0 19.455
23.0 21.175
23.0 20.81
23.0 21.155
23.0 21.26
23.0 20.835
23.0 21.43
23.0 21.0
23.0 20.775
23.0 21.83
23.0 20.475
23.0 21.53
23.0 21.385
23.0 20.72
23.0 21.86
23.0 21.28
23.0 21.72
23.0 21.305
23.0 21.35
23.0 21.595
23.0 21.87
23.0 20.98
23.0 20.645
23.0 20.85
23.0 21.63
23.0 19.94
23.0 21.685
23.0 21.38
23.0 21.315
23.0 21.755
23.0 20.695
23.0 21.205
23.0 21.39
23.0 21.1
23.0 20.825
23.0 21.28
23.0 21.415
23.0 21.175
23.0 20.54
23.0 20.57
23.0 20.92
23.0 20.775
23.0 20.83
23.0 20.265
23.0 20.385
23.0 21.0
23.0 20.825
23.0 21.355
23.0 21.66
23.0 20.58
23.0 20.66
23.0 21.205
23.0 21.31
23.0 20.29
23.0 20.895
23.0 21.665
23.0 21.35
23.0 20.88
23.0 21.735
23.0 21.69
23.0 21.35
23.0 20.89
23.0 20.465
23.0 20.465
23.0 21.29
23.0 20.37
23.0 20.94
23.0 20.2
23.0 20.1
23.0 20.55
23.0 20.465
23.0 20.75
23.0 21.145
23.0 21.695
23.0 21.065
23.0 20.83
23.0 20.425
23.0 20.935
23.0 21.25
23.0 20.91
23.0 21.365
23.0 21.535
23.0 20.815
23.0 21.1
23.0 21.245
23.0 21.85
23.0 21.575
23.0 21.535
23.0 20.52
23.0 19.98
23.0 20.95
23.0 21.485
23.0 21.3
23.0 21.58
23.0 21.495
23.0 21.255
23.0 20.865
23.0 21.63
23.0 21.045
23.0 20.365
23.0 20.475
23.0 20.885
23.0 21.33
23.0 20.385
23.0 21.3
23.0 21.535
23.0 21.56
23.0 21.64
23.0 21.105
23.0 20.725
23.0 21.745
23.0 21.35
23.0 20.78
23.0 20.955
23.0 21.36
23.0 21.01
23.0 21.29
23.0 20.885
23.0 21.825
23.0 21.435
23.0 21.405
23.0 20.915
23.0 21.005
23.0 21.38
23.0 21.275
23.0 20.885
500
5.5 -36.4
5.5 -12.825
9.5 -3.215
11.5 1.345
13.0 5.56
14.5 8.015
14.5 11.075
15.0 12.325
16.5 12.87
17.0 13.275
17.0 13.74
17.0 14.19
19.0 15.245
19.5 15.72
19.5 16.65
20.5 17.255
20.5 17.61
20.5 18.34
21.0 17.885
21.0 18.055
22.0 18.77
22.0 18.645
22.0 18.645
22.0 19.695
22.0 19.8
22.0 19.075
22.0 19.64
22.0 20.11
22.0 20.265
22.0 20.355
22.0 19.99
22.0 20.025
22.0 20.82
22.0 20.61
22.0 20.15
22.5 20.065
22.5 20.685
22.5 20.6
23.0 20.805
23.0 20.24
23.0 20.11
23.0 20.735
23.0 20.465
23.5 20.985
23.5 21.005
23.5 21.46
23.5 20.805
23.5 21.845
23.5 21.33
24.0 20.99
24.0 21.745
24.0 21.95
24.0 21.43
24.0 22.19
24.0 22.135
24.0 21.41
24.0 21.67
24.0 21.325
24.0 21.125
24.0 21.8
24.0 22.255
24.0 21.66
24.0 21.39
24.0 21.645
24.0 21.76
24.0 22.345
24.0 21.75
24.0 21.69
24.0 22.6
24.0 21.955
24.0 22.505
24.0 22.34
24.0 22.915
24.0 22.395
24.0 21.235
24.0 22.08
24.0 22.005
24.0 22.06
24.0 21.27
24.0 21.17
24.0 21.04
24.0 21.72
24.0 22.585
24.0 22.31
24.0 21.825
24.0 21.835
24.0 20.865
24.0 21.505
24.0 21.95
24.0 22.4
24.0 22.455
24.0 22.595
24.0 22.065
24.0 22.055
24.0 21.61
24.0 21.905
24.0 22.155
24.0 22.16
24.0 22.125
24.0 22.505
24.0 21.955
24.0 22.31
24.0 22.205
24.0 20.985
24.0 20.465
24.0 20.65
24.0 22.58
24.0 22.465
24.0 22.64
24.0 22.53
24.0 21.45
24.0 22.8
24.0 20.4
24.0 21.78
24.0 21.34
24.0 21.64
24.0 21.975
24.0 20.39
24.0 21.695
24.0 20.74
24.0 21.17
24.0 20.95
24.0 22.0
24.0 21.305
24.0 21.495
24.0 20.955
24.0 21.35
24.0 22.075
24.0 21.885
24.0 21.23
24.0 21.3
24.0 22.22
24.0 22.32
24.0 22.06
24.0 21.04
24.0 21.8
24.0 21.45
24.0 21.635
24.0 21.255
24.0 22.475
24.0 21.49
24.0 22.455
24.0 22.55
24.0 22.3
24.0 21.855
24.0 22.19
24.0 21.66
24.0 22.125
24.0 22.325
24.0 21.745
24.0 21.92
24.0 22.14
24.0 21.425
24.0 21.675
24.0 22.495
24.0 22.31
24.0 22.27
24.0 21.96
24.0 21.35
24.0 21.805
24.0 21.9
24.0 22.045
24.0 22.44
24.0 22.915
24.0 22.605
24.0 22.51
24.0 21.97
24.0 22.37
24.0 22.005
24.0 21.905
24.0 21.775
24.0 21.435
24.0 22.58
24.0 22.4
24.0 22.355
24.0 22.135
24.0 22.36
24.0 21.86
24.0 21.535
24.0 20.7
24.0 22.315
24.0 22.505
24.0 22.515
24.0 22.71
24.0 22.465
24.0 21.73
24.0 21.685
24.0 21.89
24.0 21.655
24.0 21.24
24.0 20.185
24.0 20.51
24.0 22.255
24.0 22.22
24.0 21.895
24.0 20.985
24.0 22.215
24.0 21.255
24.0 22.26
24.0 21.815
24.0 21.43
24.0 21.91
24.0 21.76
24.0 21.405
24.0 21.525
24.0 22.015
24.0 22.68
24.0 22.465
24.0 21.905
24.0 21.22
24.0 21.65
24.0 22.08
24.0 22.505
24.0 22.03
24.0 21.71
24.0 22.62
24.0 22.63
24.0 22.385
24.0 22.595
24.0 22.045
24.0 22.635
24.0 22.05
24.0 22.655
24.0 22.33
24.0 22.22
24.0 22.405
24.0 22.285
24.0 22.855
24.0 21.705
24.0 21.95
24.0 21.74
24.0 21.58
24.0 21.45
24.0 21.425
24.0 22.115
24.0 21.59
24.0 21.87
24.0 21.645
24.0 19.9
24.0 21.99
24.0 22.225
24.0 22.02
24.0 21.045
24.0 20.96
24.0 22.16
24.0 21.75
24.0 22.07
24.0 21.18
24.0 22.215
24.0 22.645
24.0 21.56
24.0 21.91
24.0 22.55
24.0 22.62
24.0 21.815
24.0 22.175
24.0 22.42
24.0 22.425
24.0 22.305
24.0 20.775
24.0 22.6
24.0 22.77
24.0 21.345
24.0 22.395
24.0 22.55
24.0 21.37
24.0 21.56
24.0 21.84
24.0 21.505
24.0 22.35
24.0 22.45
24.0 22.35
24.0 22.245
24.0 21.985
24.0 22.375
24.0 22.38
24.0 21.965
24.0 22.295
24.0 20.74
24.0 21.675
24.0 22.2
24.0 22.25
24.0 21.39
24.0 21.51
24.0 22.11
24.0 22.465
24.0 22.455
24.0 22.49
24.0 21.475
24.0 21.01
24.0 21.16
24.0 21.765
24.0 21.025
24.0 21.705
24.0 21.97
24.0 21.27
24.0 22.61
24.0 22.005
24.0 22.365
24.0 21.555
24.0 22.23
24.0 21.485
24.0 22.07
24.0 22.155
24.0 21.925
24.0 21.375
24.0 22.33
24.0 22.18
24.0 21.85
24.0 21.675
24.0 20.71
24.0 22.06
24.0 21.395
24.0 22.1
24.0 22.355
24.0 22.395
24.0 22.335
24.0 22.185
24.0 22.02
24.0 21.63
24.0 21.47
24.0 21.92
24.0 22.625
24.0 22.305
24.0 21.545
24.0 21.175
24.0 22.47
24.0 21.805
24.0 22.23
24.0 21.99
24.0 22.375
24.0 22.42
24.0 22.21
24.0 22.885
24.0 22.76
24.0 21.465
24.0 21.98
24.0 21.775
24.0 21.315
24.0 21.995
24.0 21.805
24.0 21.555
24.0 22.165
24.0 22.115
24.0 22.565
24.0 22.04
24.0 22.48
24.0 21.925
24.0 22.485
24.0 22.09
24.0 22.445
24.0 21.88
24.0 21.48
24.0 21.43
24.0 22.365
24.0 22.37
24.0 22.26
24.0 20.94
24.0 22.12
24.0 22.105
24.0 21.595
24.0 21.295
24.0 21.635
24.0 20.665
24.0 21.435
24.0 21.95
24.0 21.665
24.0 21.93
24.0 21.365
24.0 21.69
24.0 22.205
24.0 22.385
24.0 21.965
24.0 21.465
24.0 22.28
24.0 21.875
24.0 22.435
24.0 21.77
24.0 22.56
24.0 21.125
24.0 21.9
24.0 21.425
24.0 21.59
24.0 21.725
24.0 22.04
24.0 21.105
24.0 21.075
24.0 21.315
24.0 22.44
24.0 19.715
24.0 21.685
24.0 22.365
24.0 21.89
24.0 21.52
24.0 22.18
24.0 22.63
24.0 21.9
24.0 21.375
24.0 22.165
24.0 21.775
24.0 21.905
24.0 21.62
24.0 22.185
24.0 22.54
24.0 22.525
24.0 22.475
24.0 22.355
24.0 22.375
24.0 21.145
24.0 20.9
24.0 22.095
24.0 21.68
24.0 22.135
24.0 21.74
24.0 21.745
24.0 22.215
24.0 20.455
24.0 22.35
24.0 22.295
24.0 21.765
24.0 22.32
24.0 22.045
24.0 21.845
24.0 21.79
24.0 22.15
24.0 22.04
24.0 21.995
24.0 20.96
24.0 21.7
24.0 21.555
24.0 21.815
24.0 22.105
24.0 22.43
24.0 21.75
24.0 21.875
24.0 22.415
24.0 22.06
24.0 21.61
24.0 22.17
24.0 22.06
24.0 22.1
24.0 22.3
24.0 21.705
24.0 21.93
24.0 21.965
24.0 21.27
24.0 21.69
24.0 22.005
24.0 22.845
24.0 22.6
24.0 21.345
24.0 22.175
24.0 22.495
24.0 22.23
24.0 21.75
24.0 22.785
24.0 22.065
24.0 21.865
24.0 21.815
24.0 21.365
24.0 21.63
24.0 21.88
24.0 21.47
24.0 20.905
24.0 21.975
24.0 21.205
24.0 21.12
24.0 21.555
24.0 21.66
24.0 22.035
24.0 21.725
24.0 21.445
24.0 21.265
24.0 20.55
24.0 21.605
24.0 22.485
24.0 21.73
24.0 22.18
24.0 21.895
24.0 21.475
24.0 20.935
24.0 21.275
24.0 21.335
24.0 21.335
24.0 21.57
24.0 21.72
24.0 21.09
24.0 20.5
24.0 21.17
24.0 21.96
24.0 21.67
24.0 20.865
24.0 21.7
24.0 21.605
24.0 22.12
24.0 21.93
24.0 21.955
24.0 21.18
24.0 21.46
24.0 21.645
500
14.0 -40.81
14.0 -14.04
18.0 0.955
18.0 8.89
18.0 12.355
18.0 13.695
19.5 15.58
19.5 16.22
19.5 15.885
19.5 16.86
20.0 17.465
20.0 17.86
20.0 17.795
20.0 17.695
20.5 18.615
20.5 18.225
20.5 19.06
20.5 18.415
20.5 19.185
20.5 18.605
21.0 19.2
21.0 18.26
21.0 19.03
21.0 19.58
21.0 19.335
21.5 18.89
21.5 18.78
21.5 18.98
21.5 18.55
21.5 18.605
21.5 19.125
21.5 18.595
21.5 19.305
21.5 18.81
21.5 19.705
21.5 19.14
21.5 19.475
21.5 19.955
21.5 19.37
21.5 19.935
21.5 20.215
21.5 20.21
21.5 19.62
21.5 19.95
21.5 19.425
21.5 20.11
21.5 19.87
21.5 19.435
21.5 19.235
21.5 18.15
21.5 18.12
21.5 19.165
21.5 18.875
21.5 19.385
21.5 19.15
21.5 19.81
21.5 20.135
21.5 19.72
21.5 19.76
21.5 18.715
21.5 19.995
21.5 19.28
21.5 19.705
21.5 19.305
21.5 18.625
21.5 20.125
21.5 19.8
21.5 20.065
21.5 20.76
21.5 20.425
21.5 20.13
21.5 19.455
21.5 19.77
21.5 20.27
21.5 19.435
21.5 20.53
21.5 20.425
21.5 19.01
21.5 19.8
21.5 19.64
21.5 19.93
21.5 19.82
21.5 20.105
21.5 20.13
21.5 20.045
21.5 19.87
21.5 19.705
21.5 19.315
21.5 19.275
21.5 19.2
21.5 19.855
21.5 19.865
21.5 19.085
21.5 19.895
21.5 19.505
21.5 19.26
21.5 19.43
21.5 19.855
21.5 20.405
21.5 19.87
21.5 19.785
21.5 20.115
21.5 19.965
21.5 20.17
21.5 20.37
21.5 20.43
21.5 20.5
21.5 19.525
21.5 19.71
21.5 20.705
21.5 19.595
21.5 19.255
21.5 19.095
21.5 20.05
21.5 18.76
21.5 20.38
21.5 19.605
21.5 19.25
21.5 19.69
21.5 18.99
21.5 18.98
21.5 18.6
21.5 19.295
21.5 18.585
21.5 19.17
21.5 19.935
21.5 19.765
21.5 19.885
21.5 19.77
21.5 20.015
21.5 19.97
21.5 19.745
21.5 19.41
21.5 19.895
21.5 20.1
21.5 19.92
21.5 19.73
21.5 19.585
21.5 19.145
21.5 18.905
21.5 20.075
21.5 19.445
21.5 19.34
21.5 20.045
21.5 19.41
21.5 19.725
21.5 19.49
21.5 19.415
21.5 19.98
21.5 18.175
21.5 19.075
21.5 19.175
21.5 19.75
21.5 18.91
21.5 19.995
21.5 19.86
21.5 19.485
21.5 19.745
21.5 20.45
21.5 20.275
21.5 20.455
21.5 20.2
21.5 18.865
21.5 19.64
21.5 18.835
21.5 19.34
21.5 19.49
21.5 19.225
21.5 19.465
21.5 19.67
21.5 19.535
21.5 19.205
21.5 19.11
21.5 19.05
21.5 19.415
21.5 19.435
21.5 19.545
21.5 19.835
21.5 20.14
21.5 19.995
21.5 19.645
21.5 20.385
21.5 18.115
21.5 19.875
21.5 19.525
21.5 19.77
21.5 19.19
21.5 19.865
21.5 18.815
21.5 19.795
21.5 19.39
21.5 18.445
21.5 19.46
21.5 18.45
21.5 19.1
21.5 19.5
21.5 19.335
21.5 19.985
21.5 19.055
21.5 19.455
21.5 19.86
21.5 20.195
21.5 20.055
21.5 19.905
21.5 19.6
21.5 20.32
21.5 19.505
22.0 20.48
22.0 20.105
22.0 20.19
22.0 20.12
22.0 20.34
22.0 20.215
22.0 20.25
22.0 20.165
22.0 20.255
22.0 20.44
22.0 20.75
22.0 20.34
22.0 20.335
22.0 19.62
22.0 20.35
22.0 20.025
22.0 20.42
22.0 19.38
22.0 19.995
22.0 20.345
22.0 19.985
22.0 20.365
22.0 19.745
22.0 20.425
22.0 20.425
22.0 19.765
22.0 19.52
22.0 19.445
22.0 19.855
22.0 20.465
22.0 20.09
22.0 19.88
22.0 19.8
22.0 19.505
22.0 19.755
22.0 19.865
22.0 20.405
22.0 20.06
22.0 20.685
22.0 20.6
22.0 20.565
22.0 20.98
22.0 20.165
22.0 20.26
22.0 20.885
22.0 19.57
22.0 20.335
22.0 19.67
22.0 20.18
22.0 20.345
22.0 20.615
22.0 20.355
22.0 20.09
22.0 19.69
22.0 20.22
22.0 20.17
22.0 20.395
22.0 21.07
22.0 19.9
22.0 20.07
22.0 19.33
22.0 20.11
22.0 20.82
22.0 19.575
22.0 20.41
22.0 20.32
22.0 20.225
22.0 19.96
22.0 19.465
22.0 19.665
22.0 19.275
22.0 20.29
22.0 20.2
22.0 20.395
22.0 19.41
22.0 20.39
22.0 19.715
22.0 20.465
22.0 19.745
22.0 20.55
22.0 20.7
22.0 20.025
22.0 19.75
22.0 19.72
22.0 19.795
22.0 20.235
22.0 20.17
22.0 19.385
22.0 19.62
22.0 19.695
22.0 19.58
22.0 19.61
22.0 20.025
22.0 19.485
22.0 19.975
22.0 19.915
22.0 20.63
22.0 20.94
22.0 21.385
22.0 21.01
22.0 20.34
22.0 20.05
22.0 20.08
22.0 20.355
22.0 20.765
22.0 20.585
22.0 20.765
22.0 20.84
22.0 20.13
22.0 19.89
22.0 19.945
22.0 20.11
22.0 19.655
22.0 19.225
22.0 20.065
22.0 20.04
22.0 18.805
22.0 19.79
22.0 19.7
22.0 20.15
22.0 20.11
22.0 19.86
22.0 20.045
22.0 19.295
22.0 19.885
22.0 20.2
22.0 20.835
22.0 19.635
22.0 19.1
22.0 19.985
22.0 20.18
22.0 20.26
22.0 19.58
22.0 19.7
22.0 19.66
22.0 20.585
22.0 19.91
22.0 19.43
22.0 20.265
22.0 20.52
22.0 20.465
22.0 20.205
22.0 20.27
22.0 20.725
22.0 20.0
22.0 19.545
22.0 20.08
22.0 19.845
22.0 20.01
22.0 19.28
22.0 20.17
22.0 19.925
22.0 20.735
22.0 20.535
22.0 20.245
22.0 19.8
22.0 20.155
22.0 20.44
22.0 19.76
22.0 18.78
22.0 19.485
22.0 19.73
22.0 19.345
22.0 20.285
22.0 20.875
22.0 20.375
22.0 20.055
22.0 20.605
22.0 19.355
22.0 19.07
22.0 19.91
22.0 20.405
22.0 19.86
22.0 19.5
22.0 20.63
22.0 20.33
22.0 19.285
22.0 17.795
22.0 20.745
22.0 20.555
22.0 20.31
22.0 19.76
22.0 20.49
22.0 20.855
22.0 19.915
22.0 18.735
22.0 19.115
22.0 19.485
22.0 20.26
22.0 20.34
22.0 20.625
22.0 20.705
22.0 21.205
22.0 20.75
22.0 19.66
22.0 19.365
22.0 19.805
22.0 20.245
22.0 20.52
22.0 20.395
22.0 20.06
22.0 20.14
22.0 19.975
22.0 19.505
22.0 19.585
22.0 20.525
22.0 20.43
22.0 20.195
22.0 20.26
22.0 20.205
22.0 20.05
22.0 20.22
22.0 20.155
22.0 19.845
22.0 19.815
22.0 20.245
22.0 19.935
22.0 20.415
22.0 20.41
22.0 20.0
22.0 18.65
22.0 19.725
22.0 20.055
22.0 19.955
22.0 19.615
22.0 19.995
22.0 19.89
22.0 19.885
22.0 20.02
22.0 20.05
22.0 20.355
22.0 20.5
22.0 20.59
22.0 20.685
22.0 19.8
22.0 20.44
22.0 19.92
22.0 19.845
22.0 19.595
22.0 20.305
22.0 20.49
22.0 20.01
22.0 19.7
22.0 19.35
22.0 19.205
22.0 20.075
22.0 20.06
22.0 20.285
22.0 20.095
22.0 20.715
22.0 19.115
22.0 20.465
22.0 20.145
22.0 19.68
22.0 19.785
22.0 20.81
22.0 20.82
22.0 20.575
22.0 20.775
22.0 20.445
22.0 20.22
22.0 20.465
22.0 19.41
22.0 19.525
22.0 19.31
22.0 19.645
22.0 20.12
22.0 19.84
22.0 20.49
22.0 20.435
22.0 20.55
22.0 20.625
22.0 20.175
22.0 19.8
22.0 19.925
22.0 19.675
22.0 20.365
22.0 19.605
22.0 20.77
22.0 20.47
22.0 20.44
22.0 20.17
22.0 19.415
22.0 19.64
22.0 18.715
22.0 19.715
22.0 19.985
22.0 20.525
22.0 20.57
22.0 20.435
22.0 19.875
22.0 19.77
22.0 20.22
500
11.5 -39.035
11.5 -8.515
12.5 2.095
15.5 7.81
15.5 10.665
18.5 12.545
18.5 13.21
20.0 14.995
21.5 15.775
21.5 15.9
21.5 16.935
21.5 17.175
21.5 17.475
21.5 18.795
21.5 18.875
21.5 19.705
22.0 19.8
22.0 19.5
22.0 18.25
22.0 17.595
22.0 19.885
22.0 19.17
22.0 18.305
22.0 18.54
22.5 19.295
22.5 18.57
22.5 19.905
22.5 19.78
22.5 20.23
22.5 19.975
22.5 19.78
23.0 20.055
23.0 19.445
23.0 19.975
23.0 20.105
23.0 19.595
23.0 21.165
23.0 21.16
23.0 20.995
23.0 20.51
23.0 20.24
23.0 21.015
23.0 21.085
23.0 21.045
23.0 20.755
23.0 21.5
23.0 20.9
23.0 21.52
23.0 21.455
23.0 21.875
23.0 21.58
23.0 21.05
23.0 20.51
23.0 20.265
23.0 20.865
23.0 20.39
23.0 21.07
23.0 20.605
23.0 21.43
23.0 21.01
23.0 20.445
23.0 20.675
23.0 21.11
23.0 20.93
23.0 21.165
23.0 20.635
23.0 20.53
23.0 20.97
23.0 21.265
23.0 20.895
23.0 21.01
23.0 20.825
23.0 20.265
23.0 21.765
23.0 21.225
23.0 20.87
23.0 20.91
23.0 21.695
23.0 20.85
23.0 20.025
23.0 20.395
23.0 21.395
23.0 21.69
23.0 21.2
23.0 21.23
23.0 20.66
23.0 21.385
23.0 21.29
23.0 21.14
23.0 21.63
23.0 20.655
23.0 20.29
23.0 21.135
23.0 21.345
23.0 21.23
23.0 20.865
23.0 20.195
23.0 21.47
23.0 21.36
23.0 20.905
23.0 21.435
23.0 21.485
23.0 21.65
23.0 21.59
23.0 21.195
23.0 20.44
23.0 21.12
23.0 21.09
23.0 21.05
23.0 21.345
23.0 20.585
23.0 20.725
23.0 20.755
23.0 21.545
23.0 21.12
23.0 21.38
23.0 21.395
23.0 21.735
23.0 21.38
23.0 21.07
23.0 20.21
23.0 21.59
23.0 20.55
23.0 20.385
23.0 20.32
23.0 21.505
23.0 20.93
23.0 20.495
23.0 21.205
23.0 21.725
23.0 21.415
23.0 21.975
23.0 21.47
23.0 22.08
23.0 21.735
23.0 21.265
23.0 21.445
23.0 20.97
23.0 21.25
23.0 21.345
23.0 19.96
23.0 20.68
23.0 20.455
23.0 20.945
23.0 21.195
23.0 21.485
23.0 20.965
23.0 20.99
23.0 21.44
23.0 21.595
23.0 21.055
23.0 20.425
23.0 20.795
23.0 21.16
23.0 20.82
23.0 20.855
23.0 21.29
23.0 20.53
23.0 21.355
23.0 20.835
23.0 20.815
23.0 20.325
23.0 20.535
23.0 21.505
23.0 21.7
23.0 21.23
23.0 20.71
23.0 20.175
23.0 20.91
23.0 21.47
23.0 20.86
23.0 21.08
23.0 20.95
23.0 21.38
23.0 21.53
23.0 21.495
23.0 20.565
23.0 19.83
23.0 19.86
23.0 20.625
23.0 21.275
23.0 21.01
23.0 20.93
23.0 20.895
23.0 20.985
23.0 21.46
23.0 21.185
23.0 20.015
23.0 21.49
23.0 21.655
23.0 21.705
23.0 21.45
23.0 21.245
23.0 21.67
23.0 21.215
23.0 20.77
23.0 21.27
23.0 21.595
23.0 21.145
23.0 20.325
23.0 21.465
23.0 21.335
23.0 21.395
23.0 21.215
23.0 21.75
23.0 20.605
23.0 20.48
23.0 21.49
23.0 21.705
23.0 21.35
23.0 20.425
23.0 20.76
23.5 20.7
23.5 21.32
23.5 21.595
23.5 21.81
23.5 21.535
23.5 21.585
23.5 21.775
23.5 21.195
23.5 21.565
23.5 21.125
23.5 20.05
23.5 21.505
23.5 21.61
23.5 20.925
23.5 21.94
23.5 21.67
23.5 20.93
23.5 21.005
23.5 20.995
23.5 21.16
23.5 21.875
23.5 22.63
23.5 21.08
23.5 21.905
23.5 21.84
23.5 21.27
23.5 21.765
23.5 21.755
23.5 21.915
23.5 21.99
23.5 20.955
23.5 20.705
23.5 21.42
23.5 20.935
23.5 21.345
23.5 21.295
23.5 22.275
23.5 21.1
23.5 20.21
23.5 21.075
23.5 21.34
23.5 19.86
23.5 21.085
23.5 21.775
23.5 21.855
23.5 22.46
23.5 21.945
23.5 21.73
23.5 21.595
23.5 21.795
23.5 21.45
23.5 21.635
23.5 21.37
23.5 21.405
23.5 21.09
23.5 21.365
23.5 21.61
23.5 21.725
23.5 22.01
23.5 22.12
23.5 21.485
23.5 21.71
23.5 21.72
23.5 22.16
23.5 21.345
23.5 21.255
23.5 21.705
23.5 21.85
23.5 21.885
23.5 21.355
23.5 21.55
23.5 20.8
23.5 21.105
23.5 21.52
23.5 21.275
23.5 21.57
23.5 21.26
23.5 21.97
23.5 22.115
23.5 21.83
23.5 21.72
23.5 21.715
23.5 22.225
23.5 22.51
23.5 22.275
23.5 21.21
23.5 21.25
23.5 22.045
23.5 21.97
23.5 21.615
23.5 21.965
23.5 21.355
23.5 21.525
23.5 21.31
23.5 21.325
23.5 20.95
23.5 21.21
23.5 20.3
23.5 21.44
23.5 22.405
23.5 21.565
23.5 21.83
23.5 21.66
23.5 21.41
23.5 21.28
23.5 21.65
23.5 21.59
23.5 21.69
23.5 20.855
23.5 21.42
23.5 21.465
23.5 21.425
23.5 22.205
23.5 21.36
23.5 22.085
23.5 22.225
23.5 22.2
23.5 21.33
23.5 21.945
23.5 21.945
23.5 21.94
23.5 21.115
23.5 21.145
23.5 21.31
23.5 21.825
23.5 22.035
23.5 21.525
23.5 22.055
23.5 21.25
23.5 21.375
23.5 21.64
23.5 21.86
23.5 20.625
23.5 20.97
23.5 21.69
23.5 22.005
23.5 21.94
23.5 21.51
23.5 21.43
23.5 21.59
23.5 22.38
23.5 22.315
23.5 21.535
23.5 21.7
23.5 21.755
23.5 22.37
23.5 21.33
23.5 21.755
23.5 20.63
23.5 20.8
23.5 21.16
23.5 21.475
23.5 20.72
23.5 22.06
23.5 22.07
23.5 21.44
23.5 21.295
23.5 21.675
23.5 20.58
23.5 21.69
23.5 22.01
23.5 21.975
23.5 22.265
23.5 21.855
23.5 21.715
23.5 21.865
23.5 21.795
23.5 21.575
23.5 22.025
23.5 21.315
23.5 22.28
23.5 21.58
23.5 21.595
23.5 21.27
23.5 21.815
23.5 21.645
23.5 21.915
23.5 20.74
23.5 21.735
23.5 21.575
23.5 20.505
23.5 21.69
23.5 21.335
23.5 21.66
23.5 20.985
23.5 21.28
23.5 21.31
23.5 21.6
23.5 21.415
23.5 21.645
23.5 21.84
23.5 21.885
23.5 21.74
23.5 21.145
23.5 20.705
23.5 20.87
23.5 21.615
23.5 22.195
23.5 21.1
23.5 22.12
23.5 21.485
23.5 21.715
23.5 20.945
23.5 21.51
23.5 21.4
23.5 21.005
23.5 21.725
23.5 22.095
23.5 21.695
23.5 21.615
23.5 21.72
23.5 21.9
23.5 21.395
23.5 21.675
23.5 21.935
23.5 21.51
23.5 21.205
23.5 21.6
23.5 21.465
23.5 21.17
23.5 20.635
23.5 21.065
23.5 21.23
23.5 21.295
23.5 21.48
23.5 21.58
23.5 22.155
23.5 21.23
23.5 21.445
23.5 21.05
23.5 21.26
23.5 21.035
23.5 21.125
23.5 20.73
23.5 21.93
23.5 22.26
23.5 21.815
23.5 22.395
23.5 21.465
23.5 22.175
23.5 22.04
23.5 22.455
23.5 21.26
23.5 20.26
23.5 21.755
23.5 22.035
23.5 21.15
23.5 20.595
23.5 21.385
23.5 21.62
23.5 21.55
23.5 21.035
23.5 20.99
23.5 21.125
23.5 21.545
23.5 20.65
23.5 20.935
23.5 21.13
23.5 21.68
23.5 21.71
23.5 21.385
23.5 21.46
23.5 22.215
23.5 21.645
23.5 21.22
23.5 21.705
23.5 22.165
23.5 21.485
23.5 21.06
23.5 21.72
23.5 21.1
23.5 21.725
23.5 21.525
23.5 21.34
23.5 21.445
23.5 22.27
23.5 21.675
23.5 21.985
23.5 20.33
23.5 22.065
23.5 21.315
23.5 20.82
23.5 21.59
23.5 21.09
23.5 20.865
23.5 21.97
23.5 22.0
23.5 21.015
500
7.5 -40.04
11.0 -10.53
11.0 -0.58
13.5 5.55
15.0 8.365
15.0 9.865
15.5 11.66
15.5 11.92
16.0 13.35
16.0 13.235
17.0 13.41
17.0 13.74
17.5 12.725
17.5 14.095
17.5 14.11
19.0 15.15
19.0 15.485
19.0 14.885
19.0 15.79
19.0 15.985
19.0 16.225
19.5 17.015
19.5 17.725
19.5 17.18
20.0 17.33
20.5 17.58
21.0 17.77
21.0 18.33
21.0 18.585
21.0 19.075
21.0 19.19
21.0 18.675
21.5 19.31
21.5 19.385
21.5 19.605
21.5 20.415
21.5 19.72
21.5 20.54
21.5 20.07
21.5 20.3
21.5 19.755
21.5 19.405
21.5 20.27
22.0 20.12
22.0 20.28
22.0 20.19
22.0 19.7
22.5 20.17
22.5 20.185
23.0 19.16
23.0 20.49
23.0 20.13
23.0 19.465
23.0 21.11
23.0 21.395
23.0 21.21
23.0 20.56
23.0 21.325
23.0 20.35
23.0 21.03
23.0 20.88
23.0 21.15
23.0 21.245
23.0 21.545
23.0 21.87
23.0 20.75
23.0 20.965
23.0 20.72
23.0 20.625
23.0 21.465
23.0 20.865
23.0 21.655
23.0 21.685
23.0 21.54
23.0 20.875
23.0 20.79
23.0 20.33
23.0 21.48
23.0 21.18
23.0 21.51
23.0 21.18
23.0 20.725
23.0 21.345
23.0 21.29
23.0 20.675
23.0 21.455
23.0 21.37
23.0 21.04
23.0 20.875
23.0 20.545
23.0 20.605
23.0 21.105
23.0 21.13
23.0 21.235
23.0 21.32
23.0 21.495
23.0 21.2
23.0 19.83
23.0 20.865
23.0 21.335
23.0 21.6
23.0 21.485
23.0 20.725
23.0 20.98
23.0 20.93
23.0 19.915
23.0 20.525
23.0 20.89
23.0 21.855
23.0 21.145
23.0 21.04
23.0 21.49
23.0 20.865
23.0 20.81
23.0 20.935
23.0 21.015
23.0 21.64
23.0 21.35
23.0 21.41
23.0 20.925
23.0 21.03
23.0 21.645
23.0 21.155
23.0 20.44
23.0 20.155
23.0 21.035
23.0 20.225
23.0 21.28
23.0 21.445
23.0 20.795
23.0 20.61
23.0 19.735
23.0 21.08
23.0 21.4
23.0 21.13
23.0 21.495
23.0 21.15
23.0 21.215
23.0 21.245
23.0 20.77
23.0 20.96
23.0 20.97
23.0 20.365
23.0 21.055
23.0 21.015
23.0 20.365
23.0 20.935
23.0 21.205
23.0 21.71
23.0 20.3
23.0 20.89
23.0 20.075
23.0 20.51
23.0 20.445
23.0 21.41
23.0 20.305
23.0 21.055
23.0 21.17
23.0 20.925
23.0 21.695
23.0 21.54
23.0 21.32
23.0 21.03
23.0 21.08
23.0 20.745
23.0 20.835
23.0 21.57
23.0 20.785
23.0 21.05
23.0 19.54
23.0 20.72
23.0 20.505
23.0 20.96
23.0 20.945
23.0 20.675
23.0 21.15
23.0 20.995
23.0 21.195
23.0 21.45
23.0 21.225
23.0 21.77
23.0 21.6
23.0 21.165
23.0 21.65
23.0 21.26
23.0 20.705
23.0 21.395
23.0 19.985
23.0 20.85
23.0 21.06
23.0 22.125
23.0 21.625
23.0 21.39
23.0 21.41
23.0 21.14
23.0 20.92
23.0 21.32
23.0 19.83
23.0 20.875
23.0 20.805
23.0 21.175
23.0 20.52
23.0 20.265
23.0 20.915
23.0 21.02
23.0 20.785
23.0 20.54
23.0 21.11
23.0 21.285
23.0 19.955
23.0 21.02
23.0 21.215
23.0 21.495
23.0 21.615
23.0 21.24
23.0 19.62
23.0 21.005
23.0 20.17
23.0 20.785
23.0 20.765
23.0 21.05
23.0 21.0
23.0 21.255
23.0 20.995
23.0 20.445
23.0 21.165
23.0 21.115
23.0 21.37
23.0 20.7
23.0 21.185
23.0 20.465
23.0 19.425
23.0 20.95
23.0 21.575
23.0 21.895
23.0 21.635
23.0 20.84
23.0 21.12
23.0 21.14
23.0 20.87
23.0 21.09
23.0 20.225
23.0 21.095
23.0 20.81
23.0 20.54
23.0 20.975
23.0 20.73
23.0 21.205
23.0 21.225
23.0 20.595
23.0 20.94
23.0 21.465
23.0 21.615
23.0 21.255
23.0 21.345
23.0 21.265
23.0 20.895
23.0 20.885
23.0 19.78
23.0 20.6
23.0 19.02
23.0 19.045
23.0 20.475
23.0 20.525
23.0 20.475
23.0 20.59
23.0 20.3
23.0 21.545
23.0 20.575
23.0 20.955
23.0 20.99
23.0 21.145
23.0 20.555
23.0 21.19
23.0 20.6
23.0 21.765
23.0 21.72
23.0 20.54
23.0 21.57
23.0 21.615
23.0 21.715
23.0 20.97
23.0 21.77
23.0 21.045
23.0 21.345
23.0 21.15
23.0 21.71
23.0 21.33
23.0 20.945
23.0 20.935
23.0 20.87
23.0 21.02
23.0 20.485
23.0 20.445
23.0 21.215
23.0 21.285
23.0 21.0
23.0 20.26
23.0 20.97
23.0 19.635
23.0 18.88
23.0 20.415
23.0 20.65
23.0 21.08
23.0 20.32
23.0 21.49
23.0 20.67
23.0 20.69
23.0 21.435
23.0 20.735
23.0 21.22
23.0 21.12
23.0 21.275
23.0 21.095
23.0 20.3
23.0 20.91
23.0 21.325
23.0 20.635
23.0 19.75
23.0 20.795
23.0 21.3
23.0 21.555
23.0 20.595
23.0 20.775
23.0 20.765
23.0 20.895
23.0 20.635
23.0 20.515
23.0 20.605
23.0 20.965
23.0 21.16
23.0 20.78
23.0 21.015
23.0 20.72
23.0 20.445
23.0 21.89
23.0 21.58
23.0 21.195
23.0 20.935
23.0 20.685
23.0 20.555
23.0 21.245
23.0 20.855
23.0 20.35
23.0 19.765
23.0 21.015
23.0 20.45
23.0 20.695
23.0 19.8
23.0 21.08
23.0 21.095
23.0 21.2
23.0 20.81
23.0 21.59
23.0 21.395
23.0 21.185
23.0 21.175
23.0 20.395
23.0 21.62
23.0 21.22
23.0 20.835
23.0 20.175
23.0 21.385
23.0 20.845
23.0 20.435
23.0 20.64
23.0 20.42
23.0 21.32
23.0 21.075
23.0 21.395
23.0 21.415
23.0 21.885
23.0 21.32
23.0 21.42
23.0 20.97
23.0 20.41
23.0 21.065
23.0 21.68
23.0 21.425
23.0 21.965
23.0 21.38
23.0 21.6
23.0 21.255
23.0 20.16
23.0 20.31
23.0 20.645
23.0 21.225
23.0 21.055
23.0 21.635
23.0 21.72
23.0 21.69
23.0 21.515
23.0 20.88
23.0 20.86
23.0 21.365
23.0 21.0
23.0 19.6
23.0 20.205
23.0 20.755
23.0 21.125
23.0 21.585
23.0 21.16
23.0 20.825
23.0 21.135
23.0 20.845
23.0 19.83
23.0 20.89
23.0 21.5
23.0 19.685
23.0 21.105
23.0 20.915
23.0 21.045
23.0 20.795
23.0 21.105
23.0 20.575
23.0 20.38
23.0 20.24
23.0 20.735
23.0 20.76
23.0 20.49
23.0 21.53
23.0 20.96
23.0 21.8
23.0 21.37
23.0 21.4
23.0 21.79
23.0 21.04
23.0 21.445
23.0 21.53
23.0 20.67
23.0 20.465
23.0 21.24
23.0 21.165
23.0 21.515
23.0 19.835
23.0 21.015
23.0 21.055
23.0 21.315
23.0 21.01
23.0 21.05
23.0 21.345
23.0 21.19
23.0 21.345
23.0 21.165
23.0 21.045
23.0 20.41
23.0 20.93
23.0 20.14
23.0 20.89
23.0 21.625
23.0 21.155
23.0 20.405
23.0 20.935
23.0 21.235
23.0 20.055
23.0 21.07
23.0 20.615
23.0 20.92
23.0 20.4
23.0 19.08
23.0 20.785
23.0 21.74
23.0 21.44
23.0 20.52
23.0 20.915
23.0 20.325
23.0 20.015
23.0 20.575
23.0 20.595
23.0 21.32
23.0 21.455
23.0 20.905
23.0 21.39
23.0 21.27
23.0 20.585
23.0 20.755
23.0 21.49
23.0 21.34
23.0 21.59
23.0 21.165
23.0 19.75
23.0 19.515
23.0 20.355
23.0 20.99
23.0 21.125
23.0 21.855
23.0 21.775
23.0 21.49
23.0 21.02
23.0 21.085
23.0 21.44
23.0 19.745
23.0 20.735
23.0 20.995
23.0 20.54
23.0 21.185
23.0 20.92
23.0 20.585
23.0 20.375
23.0 20.92
500
8.5 -36.165
13.0 -11.23
13.0 -0.03
15.0 4.875
15.0 9.535
16.0 11.04
17.5 10.33
19.5 12.605
19.5 14.99
20.0 16.135
20.0 17.285
20.0 17.71
20.0 16.64
20.5 17.305
20.5 17.92
20.5 16.915
20.5 18.15
21.0 19.02
21.0 18.195
21.0 18.125
21.0 19.11
21.0 19.27
21.5 19.26
21.5 19.575
21.5 19.995
22.0 19.54
22.0 19.495
22.0 19.655
22.0 20.16
22.0 20.13
22.0 20.02
22.0 19.31
22.0 20.185
22.5 20.775
22.5 20.495
22.5 20.24
22.5 19.61
22.5 19.97
22.5 19.18
23.0 20.73
23.0 20.98
23.0 21.48
23.0 21.0
23.0 20.985
23.0 20.745
23.0 21.275
23.0 20.73
23.0 20.465
23.0 20.48
23.0 20.945
23.0 20.585
23.0 20.215
23.0 20.025
23.0 20.58
23.0 20.53
23.0 21.4
23.0 21.5
23.0 21.185
23.0 20.94
23.0 20.76
23.0 20.95
23.0 20.82
23.0 21.035
23.0 21.75
23.0 20.88
23.0 20.8
23.0 21.23
23.0 21.22
23.0 20.385
23.0 21.23
23.0 20.5
23.0 21.42
23.0 21.02
23.0 20.07
23.0 20.465
23.0 20.385
23.0 20.775
23.0 20.38
23.0 20.345
23.0 20.77
23.0 21.11
23.0 20.875
23.0 20.765
23.0 20.685
23.0 20.525
23.0 21.58
23.0 19.535
23.0 20.455
23.0 20.785
23.0 20.59
23.0 20.315
23.0 21.075
23.0 20.52
23.0 20.87
23.0 20.275
23.0 20.27
23.0 21.12
23.0 20.33
23.0 20.56
23.0 21.18
23.0 20.795
23.0 21.44
23.0 21.76
23.0 21.14
23.0 21.16
23.0 21.995
23.0 21.825
23.0 21.735
23.0 21.5
23.0 21.08
23.0 21.095
23.0 21.265
23.0 21.46
23.0 21.295
23.0 21.0
23.0 21.57
23.0 21.41
23.0 21.645
23.0 20.665
23.0 19.925
23.0 19.91
23.0 20.705
23.0 19.735
23.0 20.235
23.0 20.425
23.0 20.36
23.0 21.315
23.0 21.425
23.0 21.13
23.0 20.79
23.0 20.81
23.0 21.055
23.0 20.57
23.0 21.26
23.0 21.06
23.0 20.915
23.0 19.245
23.0 20.885
23.0 20.46
23.0 20.795
23.0 21.54
23.0 21.445
23.0 21.285
23.0 20.58
23.0 20.125
23.0 21.195
23.0 21.29
23.0 20.505
23.0 21.85
23.0 21.47
23.0 19.5
23.0 19.94
23.0 20.955
23.0 19.955
23.0 20.72
23.0 20.88
23.0 21.2
23.0 19.245
23.0 20.62
23.0 21.105
23.0 21.045
23.0 21.01
23.0 21.05
23.0 21.165
23.0 20.935
23.0 21.54
23.0 21.0
23.0 21.265
23.0 21.255
23.0 20.645
23.0 20.71
23.0 21.3
23.0 20.63
23.0 20.48
23.0 20.665
23.0 19.74
23.0 20.265
23.0 20.23
23.0 20.145
23.0 20.13
23.0 20.075
23.0 20.095
23.0 20.47
23.0 20.975
23.0 21.285
23.0 20.235
23.0 19.59
23.0 19.345
23.0 18.535
23.0 20.84
23.0 20.68
23.0 21.08
23.0 21.21
23.0 19.905
23.0 21.175
23.0 21.285
23.0 21.455
23.0 20.895
23.0 20.92
23.0 20.885
23.0 20.385
23.0 19.5
23.0 20.04
23.0 19.915
23.0 20.215
23.0 19.44
23.0 20.29
23.0 21.35
23.0 20.55
23.0 21.17
23.0 20.815
23.0 21.43
23.0 20.93
23.0 19.74
23.0 21.22
23.0 20.84
23.0 21.325
23.0 20.99
23.0 21.28
23.0 20.96
23.0 20.365
23.0 21.205
23.0 20.255
23.0 20.88
23.0 21.2
23.0 20.155
23.0 21.345
23.0 19.89
23.0 20.155
23.0 21.085
23.0 20.33
23.0 20.205
23.0 19.475
23.0 20.35
23.0 20.77
23.0 20.695
23.0 21.545
23.0 21.29
23.0 21.06
23.0 20.54
23.0 20.17
23.0 21.28
23.0 20.43
23.0 20.6
23.0 21.145
23.0 21.325
23.0 20.97
23.0 20.805
23.0 20.51
23.0 21.315
23.0 21.285
23.0 20.97
23.0 21.395
23.0 21.18
23.0 20.655
23.0 20.945
23.0 20.71
23.0 20.41
23.0 19.495
23.0 19.865
23.0 19.575
23.0 19.9
23.0 20.245
23.0 21.105
23.0 20.165
23.0 20.985
23.0 20.95
23.0 20.765
23.0 20.015
23.0 20.33
23.0 19.44
23.0 20.725
23.0 20.705
23.0 21.05
23.0 21.21
23.0 19.605
23.0 21.01
23.0 20.26
23.0 20.58
23.0 20.72
23.0 21.305
23.0 21.135
23.0 19.57
23.0 20.48
23.0 20.19
23.0 20.935
23.0 21.46
23.0 20.285
23.0 21.2
23.0 20.555
23.0 20.975
23.0 20.455
23.0 19.765
23.0 19.1
23.0 20.135
23.0 20.71
23.0 21.17
23.0 20.48
23.0 21.045
23.0 20.81
23.0 21.265
23.0 21.855
23.0 21.02
23.0 21.12
23.0 21.025
23.0 20.255
23.0 21.055
23.0 21.165
23.0 21.09
23.0 21.19
23.0 21.435
23.0 21.045
23.0 21.26
23.0 20.94
23.0 21.755
23.0 21.115
23.0 21.195
23.0 20.205
23.0 20.765
23.0 21.07
23.0 20.03
23.0 20.785
23.0 20.825
23.0 20.8
23.0 20.585
23.0 19.58
23.0 20.935
23.0 20.195
23.0 21.19
23.0 20.855
23.0 21.2
23.0 21.135
23.0 19.86
23.0 20.41
23.0 20.78
23.0 20.48
23.0 20.165
23.0 19.665
23.0 21.42
23.0 20.025
23.0 20.555
23.0 20.885
23.0 21.565
23.0 19.875
23.0 21.35
23.0 20.625
23.0 20.865
23.0 20.31
23.0 20.69
23.0 21.26
23.0 21.52
23.0 21.275
23.0 21.235
23.0 20.335
23.0 20.415
23.0 20.575
23.0 20.11
23.0 19.94
23.0 20.195
23.0 21.06
23.0 21.285
23.0 19.105
23.0 21.12
23.0 21.19
23.0 21.12
23.0 21.06
23.0 20.35
23.0 20.565
23.0 21.205
23.0 20.49
23.0 20.585
23.0 20.725
23.0 20.655
23.0 21.4
23.0 21.005
23.0 21.235
23.0 21.505
23.0 19.495
23.0 20.61
23.0 20.42
23.0 20.125
23.0 20.44
23.0 20.715
23.0 21.05
23.0 21.065
23.0 19.03
23.0 21.045
23.0 21.32
23.0 19.965
23.0 21.015
23.0 20.75
23.0 21.07
23.0 20.715
23.0 20.525
23.0 20.495
23.0 20.02
23.0 21.32
23.0 21.22
23.0 19.81
23.0 20.185
23.0 20.455
23.0 19.16
23.0 20.75
23.0 19.45
23.0 20.44
23.0 21.175
23.0 21.77
23.0 21.31
23.0 21.695
23.0 20.67
23.0 20.945
23.0 19.43
23.0 19.775
23.0 20.67
23.0 19.725
23.0 20.575
23.0 20.895
23.0 18.715
23.0 20.515
23.0 20.615
23.0 20.94
23.0 20.515
23.0 20.975
23.0 21.265
23.0 21.235
23.0 20.655
23.0 20.03
23.0 20.17
23.0 21.475
23.0 20.755
23.0 20.945
23.0 20.465
23.0 20.545
23.0 20.775
23.0 21.205
23.0 20.12
23.0 20.92
23.0 18.82
23.0 20.9
23.0 21.33
23.0 20.35
23.0 20.18
23.0 20.98
23.0 20.54
23.0 20.385
23.0 19.985
23.0 19.95
23.0 20.16
23.0 19.98
23.0 20.75
23.0 19.85
23.0 19.57
23.0 18.015
23.0 21.225
23.0 20.84
23.0 21.335
23.0 21.66
23.0 21.335
23.0 21.06
23.0 21.495
23.0 21.41
23.0 20.035
23.0 21.155
23.0 20.785
23.0 20.17
23.0 20.75
23.0 20.875
23.0 21.515
23.0 21.015
23.0 21.485
23.0 20.775
23.0 20.29
23.0 20.0
23.0 20.79
23.0 19.28
23.0 19.98
23.0 20.61
23.0 20.495
23.0 20.575
23.0 21.015
23.0 20.755
23.0 20.245
23.0 20.975
23.0 21.03
23.0 21.68
23.0 21.55
23.0 19.67
23.0 20.27
23.0 20.85
23.0 20.725
23.0 20.065
23.0 20.635
23.0 20.495
23.0 20.495
23.0 20.475
23.0 20.49
23.0 21.17
23.0 20.88
23.0 20.495
23.0 21.65
500
13.0 -38.0
13.0 -10.82
14.5 1.805
14.5 7.79
14.5 8.37
14.5 11.02
16.0 12.45
16.0 12.935
17.0 14.25
17.5 13.205
18.0 13.45
18.0 15.245
19.0 16.03
19.0 16.415
19.0 16.465
19.0 16.06
19.0 16.52
19.5 17.43
20.0 17.12
20.0 17.66
20.0 17.675
20.0 18.175
20.5 17.89
21.5 17.505
21.5 18.82
21.5 17.255
21.5 18.25
21.5 18.585
22.0 18.705
22.5 18.445
22.5 19.32
22.5 19.86
22.5 20.055
22.5 20.175
22.5 20.69
22.5 20.25
23.0 20.16
23.0 20.925
23.0 21.015
23.0 21.575
23.0 21.34
23.0 22.09
23.0 21.995
23.0 22.14
23.0 20.82
23.0 21.655
23.0 21.01
23.0 20.7
23.0 21.92
23.0 21.225
23.0 21.555
23.0 21.605
23.0 21.49
23.0 21.525
23.0 21.0
23.0 20.52
23.0 20.49
23.0 21.38
23.0 21.67
23.0 21.61
23.0 21.205
23.0 20.985
23.0 21.635
23.0 20.82
23.0 20.185
23.0 21.035
23.0 19.56
23.0 20.8
23.0 21.16
23.0 21.035
23.0 21.715
23.0 21.165
23.0 21.87
23.0 21.38
23.0 21.34
23.0 21.715
23.0 21.285
23.0 21.12
23.0 21.035
23.0 21.82
23.0 21.87
23.0 20.94
23.0 20.905
23.0 20.9
23.0 20.93
23.0 20.69
23.0 21.44
23.0 20.63
23.0 21.13
23.0 21.735
23.0 21.62
23.0 21.67
23.0 21.275
23.0 21.46
23.0 21.61
23.0 20.76
23.0 21.28
23.0 21.26
23.0 21.135
23.0 21.865
23.0 22.03
23.0 22.085
23.0 21.54
23.0 21.48
23.0 21.965
23.0 21.605
23.0 21.7
23.0 21.51
23.0 20.315
23.0 21.225
23.0 21.29
23.0 21.525
23.0 21.695
23.0 21.155
23.0 21.53
23.0 21.535
23.0 21.775
23.0 21.235
23.0 21.075
23.0 20.305
23.0 21.1
23.0 22.015
23.0 21.785
23.0 21.485
23.0 21.56
23.0 21.755
23.0 21.61
23.0 21.655
23.0 20.865
23.0 22.225
23.0 21.555
23.0 21.15
23.0 21.09
23.0 21.5
23.0 21.305
23.0 21.45
23.0 22.44
23.0 21.945
23.0 20.99
23.0 20.91
23.0 21.045
23.0 21.55
23.0 21.685
23.0 21.255
23.0 20.69
23.0 20.48
23.0 20.84
23.0 21.62
23.0 20.605
23.0 21.155
23.0 20.815
23.0 21.415
23.0 21.055
23.0 21.625
23.0 21.335
23.0 21.055
23.0 22.18
23.0 21.865
23.0 21.515
23.0 20.91
23.0 21.77
23.0 20.835
23.0 21.18
23.0 20.71
23.0 21.445
23.0 21.39
23.0 21.45
23.0 20.64
23.0 21.535
23.0 21.725
23.0 20.37
23.0 20.985
23.0 21.205
23.0 21.41
23.0 21.065
23.0 20.75
23.0 21.705
23.0 21.615
23.0 21.385
23.0 20.86
23.0 21.01
23.0 20.94
23.0 20.965
23.0 21.7
23.0 21.565
23.0 21.73
23.0 21.125
23.0 21.85
23.0 21.525
23.0 21.105
23.0 21.51
23.0 21.81
23.0 21.13
23.0 21.24
23.0 21.375
23.0 21.9
23.0 21.41
23.0 20.785
23.0 21.845
23.0 21.325
23.0 20.92
23.0 21.035
23.0 20.86
23.0 21.19
23.0 21.73
23.0 21.655
23.0 22.03
23.0 21.565
23.0 21.42
23.0 20.58
23.0 21.615
23.0 21.235
23.0 21.115
23.0 21.355
23.0 20.205
23.0 21.32
23.0 21.22
23.0 21.315
23.0 20.11
23.0 21.715
23.0 21.11
23.0 20.98
23.0 21.11
23.0 21.89
23.0 21.55
23.0 21.05
23.0 20.57
23.0 21.195
23.0 21.485
23.0 21.515
23.0 21.485
23.0 21.23
23.0 20.855
23.0 21.15
23.0 20.91
23.0 20.925
23.0 19.805
23.0 20.925
23.0 20.955
23.0 21.15
23.0 21.015
23.0 21.05
23.0 21.48
23.0 20.825
23.0 21.105
23.0 21.62
23.0 21.005
23.0 21.685
23.0 21.965
23.0 20.38
23.0 20.83
23.0 21.075
23.0 20.82
23.0 20.96
23.0 21.2
23.0 21.505
23.0 21.435
23.0 21.47
23.0 21.595
23.0 21.27
23.0 21.43
23.0 20.785
23.0 21.01
23.0 21.285
23.0 20.715
23.0 21.175
23.0 21.64
23.0 21.08
23.0 21.345
23.0 20.615
23.0 21.255
23.0 21.985
23.0 21.43
23.0 21.19
23.0 21.17
23.0 21.165
23.0 21.105
23.0 21.365
23.0 21.435
23.0 21.69
23.0 21.145
23.0 21.15
23.0 21.265
23.0 21.02
23.0 21.005
23.0 20.71
23.0 21.055
23.0 21.035
23.0 21.36
23.0 21.055
23.0 21.21
23.0 21.125
23.0 21.785
23.0 21.98
23.0 21.305
23.0 21.175
23.0 20.985
23.0 21.355
23.0 20.87
23.0 20.64
23.0 21.74
23.0 21.205
23.0 21.925
23.0 21.95
23.0 21.91
23.0 21.22
23.0 21.83
23.0 21.505
23.0 21.325
23.0 21.23
23.0 21.385
23.0 21.84
23.0 21.435
23.0 21.175
23.0 21.305
23.0 20.81
23.0 20.945
23.0 21.17
23.0 21.26
23.0 20.275
23.0 21.315
23.0 21.58
23.0 21.3
23.0 21.855
23.0 21.235
23.0 21.145
23.0 21.99
23.0 21.675
23.0 21.31
23.0 21.735
23.0 21.515
23.0 20.74
23.0 20.625
23.0 21.65
23.0 20.97
23.0 21.125
23.0 21.57
23.0 20.755
23.0 21.545
23.0 21.835
23.0 21.13
23.0 21.41
23.0 20.91
23.0 20.875
23.0 21.615
23.0 21.155
23.0 21.7
23.0 21.69
23.0 21.405
23.0 21.625
23.0 21.8
23.0 21.34
23.0 21.615
23.0 21.21
23.0 21.46
23.0 21.39
23.0 21.605
23.0 21.215
23.0 21.57
23.0 21.075
23.0 21.685
23.0 20.78
23.0 20.475
23.0 20.785
23.0 20.99
23.0 21.655
23.0 21.435
23.0 21.075
23.0 21.865
23.0 21.595
23.0 20.335
23.0 21.505
23.0 21.525
23.0 21.395
23.0 21.905
23.0 21.39
23.0 22.01
23.0 21.87
23.0 20.69
23.0 21.085
23.0 20.67
23.0 20.165
23.0 20.785
23.0 20.985
23.0 20.85
23.0 21.145
23.0 20.495
23.0 20.95
23.0 21.375
23.0 21.28
23.0 21.4
23.0 21.425
23.0 21.3
23.0 21.25
23.0 21.64
23.0 21.895
23.0 20.865
23.0 20.895
23.0 21.265
23.0 20.955
23.0 20.68
23.0 21.205
23.0 21.005
23.0 21.27
23.0 21.69
23.0 21.65
23.0 21.08
23.0 21.515
23.0 21.615
23.0 21.995
23.0 21.145
23.0 21.26
23.0 21.06
23.0 20.635
23.0 21.13
23.0 21.495
23.0 21.7
23.0 21.31
23.0 21.07
23.0 21.28
23.0 21.405
23.0 20.96
23.0 21.13
23.0 21.215
23.0 21.075
23.0 21.495
23.0 21.155
23.0 21.985
23.0 21.24
23.0 21.13
23.0 21.71
23.0 22.01
23.0 21.07
23.0 21.505
23.0 21.43
23.0 21.365
23.0 21.735
23.0 21.615
23.0 21.1
23.0 21.39
23.0 21.54
23.0 21.49
23.0 22.005
23.0 21.27
23.0 20.85
23.0 21.265
23.0 20.89
23.0 21.545
23.0 21.25
23.0 21.795
23.0 21.325
23.0 21.36
23.0 20.98
23.0 21.01
23.0 20.23
23.0 20.99
23.0 21.335
23.0 21.15
23.0 20.97
23.0 21.49
23.0 21.605
23.0 21.435
23.0 21.15
23.0 20.96
23.0 21.71
23.0 21.155
23.0 21.335
23.0 21.595
23.0 21.415
23.0 20.87
23.0 21.075
23.0 21.79
23.0 21.385
23.0 21.445
23.0 21.655
23.0 21.795
23.0 21.855
23.0 20.795
23.0 21.41
23.0 21.31
23.0 21.315
23.0 20.71
23.0 21.14
23.0 21.56
23.0 21.13
23.0 20.525
23.0 21.02
23.0 21.49
23.0 21.27
23.0 21.455
23.0 21.285
23.0 20.98
23.0 20.59
23.0 21.215
23.0 20.67
23.0 21.255
23.0 20.825
23.0 21.5
23.0 21.985
23.0 21.5

Individual: [1, 3, 6, 12, 13, 15, 19, 22, 28, 30, 33, 39, 40, 42, 46, 49]
   Fitness: 24.0
     Total: 16
Violations: 0 0

Individual: [4, 6, 7, 9, 13, 15, 16, 18, 31, 35, 40, 42, 43, 47, 48, 50]
   Fitness: 23.0
     Total: 16
Violations: 1 1

Individual: [1, 2, 3, 6, 8, 20, 21, 26, 29, 30, 33, 35, 42, 43, 47, 48]
   Fitness: 23.0
     Total: 16
Violations: 1 1

Individual: [2, 3, 4, 9, 10, 12, 13, 19, 27, 31, 33, 37, 38, 40, 46, 48]
   Fitness: 23.0
     Total: 16
Violations: 1 1

Individual: [1, 3, 9, 13, 16, 18, 21, 22, 30, 36, 37, 40, 45, 46, 48, 49]
   Fitness: 24.0
     Total: 16
Violations: 0 0

Individual: [3, 5, 8, 9, 16, 17, 20, 21, 28, 30, 34, 41, 42, 45, 46, 49]
   Fitness: 22.0
     Total: 16
Violations: 2 2

Individual: [2, 3, 6, 8, 11, 12, 17, 24, 27, 34, 35, 38, 39, 45, 47, 48, 50]
   Fitness: 23.5
     Total: 17
Violations: 2 2

Individual: [1, 2, 7, 9, 10, 14, 24, 30, 32, 33, 35, 43, 44, 45, 48, 49]
   Fitness: 23.0
     Total: 16
Violations: 1 1

Individual: [1, 6, 8, 9, 13, 16, 18, 21, 22, 32, 37, 39, 40, 44, 45, 47]
   Fitness: 23.0
     Total: 16
Violations: 1 1

Individual: [2, 3, 6, 8, 11, 12, 17, 27, 30, 35, 36, 39, 41, 44, 45, 50]
   Fitness: 23.0
     Total: 16
Violations: 1 1
