10
500
10.5 -36.53
10.5 -15.51
10.5 -14.19
15.0 -14.245
15.0 -10.195
15.0 -12.015
15.0 -9.76
15.0 -8.81
15.0 -10.475
15.0 -8.785
15.5 -5.735
15.5 -6.57
15.5 -7.665
15.5 -6.6
15.5 -7.475
15.5 -8.255
15.5 -3.825
15.5 -6.045
15.5 -5.685
15.5 -4.775
15.5 -6.79
15.5 -12.19
15.5 -7.53
16.0 -7.52
16.0 -6.38
16.0 -9.85
16.0 -8.51
16.0 -6.36
16.0 -10.29
16.0 -10.755
16.0 -9.245
16.0 -7.775
16.0 -7.83
16.0 -5.69
16.0 -13.47
16.0 -8.16
16.0 -9.795
16.0 -10.26
16.0 -9.7
16.0 -3.325
16.0 -7.765
16.0 -7.555
16.0 -5.42
16.0 -9.745
16.0 -7.585
16.0 -6.615
16.0 -9.645
16.0 -10.74
16.0 -7.28
16.0 -9.28
16.0 -8.29
16.0 -8.195
16.0 -9.32
16.0 -8.745
16.0 -5.83
16.0 -9.04
16.0 -9.18
16.0 -12.365
16.0 -8.815
16.0 -5.07
16.0 -5.81
16.0 -8.145
16.0 -8.28
16.0 -6.36
16.0 -10.885
16.0 -7.64
16.0 -8.925
16.0 -5.785
16.0 -5.3
16.0 -7.97
16.0 -7.19
16.0 -4.19
16.0 -7.435
16.0 -8.175
16.0 -10.44
16.0 -6.44
16.0 -8.35
16.0 -6.51
16.0 -7.965
16.0 -8.225
16.0 -8.095
16.0 -5.905
17.0 -10.775
17.0 -5.995
17.0 -8.525
17.0 -6.345
17.0 -6.005
17.0 -4.12
17.0 -5.825
17.0 -8.75
17.0 -7.755
17.0 -6.645
17.0 -10.895
17.0 -8.045
17.0 -5.82
17.0 -6.83
17.0 -7.945
17.0 -7.96
17.0 -7.88
17.0 -5.59
17.0 -5.44
17.0 -7.425
17.0 -5.91
17.0 -7.075
17.0 -5.0
17.0 -6.665
17.0 -8.315
17.0 -8.065
17.0 -6.665
17.0 -8.36
17.0 -8.085
17.0 -8.175
17.0 -8.01
17.0 -8.67
17.0 -8.37
17.0 -6.945
17.0 -4.31
17.0 -8.255
17.5 -4.86
17.5 -8.815
17.5 -7.26
17.5 -8.005
17.5 -7.57
17.5 -9.895
17.5 -8.99
17.5 -7.405
17.5 -5.88
17.5 -7.645
17.5 -5.885
17.5 -5.35
17.5 -7.695
17.5 -9.515
17.5 -5.895
17.5 -6.735
17.5 -6.525
17.5 -9.175
17.5 -5.325
17.5 -8.065
17.5 -7.13
17.5 -5.61
17.5 -3.99
17.5 -5.055
17.5 -8.57
17.5 -7.94
17.5 -6.36
17.5 -7.81
17.5 -9.065
17.5 -7.145
17.5 -6.965
17.5 -7.54
17.5 -6.76
17.5 -6.535
17.5 -5.09
17.5 -5.58
17.5 -4.805
17.5 -9.46
17.5 -7.64
17.5 -9.16
17.5 -6.475
17.5 -10.72
17.5 -4.975
17.5 -9.94
17.5 -8.055
17.5 -4.88
17.5 -6.34
17.5 -5.865
17.5 -6.445
17.5 -4.44
17.5 -6.78
17.5 -5.26
17.5 -3.86
17.5 -7.66
17.5 -9.05
17.5 -4.68
17.5 -8.33
17.5 -5.59
18.0 -7.455
18.0 -6.465
18.0 -7.915
18.0 -6.35
18.0 -5.435
18.0 -6.035
18.0 -5.63
18.0 -5.355
18.0 -7.845
18.0 -9.975
18.0 -4.37
18.0 -8.38
18.0 -6.905
18.0 -6.985
18.0 -6.115
18.0 -8.685
18.0 -7.98
18.0 -6.27
18.0 -5.545
18.0 -4.175
18.0 -7.365
18.0 -5.865
18.0 -5.52
18.0 -7.02
18.0 -4.99
18.0 -7.015
18.0 -8.335
18.0 -6.78
18.0 -10.735
18.0 -9.56
18.0 -8.17
18.0 -4.85
18.0 -7.25
18.0 -6.365
18.0 -6.015
18.0 -6.49
18.0 -6.36
18.0 -7.305
18.0 -7.22
18.0 -4.375
18.0 -3.49
18.0 -8.05
18.0 -8.4
18.0 -5.185
18.0 -8.97
18.0 -7.805
18.0 -6.49
18.0 -5.04
18.0 -5.92
18.0 -5.22
18.0 -4.74
18.0 -7.16
18.0 -8.685
18.0 -6.67
18.0 -7.925
18.0 -8.655
18.0 -6.1
18.0 -9.17
18.0 -6.2
18.0 -4.51
18.0 -5.2
18.0 -10.21
18.0 -9.13
18.0 -6.75
18.0 -7.955
18.0 -3.805
18.0 -5.57
18.0 -5.635
18.0 -6.43
18.0 -4.94
18.0 -5.325
18.0 -4.895
18.0 -8.2
18.0 -2.495
18.0 -6.89
18.0 -6.78
18.0 -7.455
18.0 -10.685
18.0 -8.18
18.0 -6.5
18.0 -6.785
18.0 -5.43
18.5 -6.735
18.5 -7.33
18.5 -6.85
18.5 -5.835
18.5 -3.935
18.5 -6.63
18.5 -5.67
18.5 -8.47
18.5 -6.3
18.5 -5.1
18.5 -4.645
18.5 -7.215
18.5 -7.125
18.5 -8.925
18.5 -5.86
18.5 -4.2
18.5 -7.465
18.5 -8.58
18.5 -5.91
18.5 -3.99
18.5 -9.01
18.5 -8.79
18.5 -4.08
18.5 -11.445
18.5 -8.44
18.5 -8.29
18.5 -7.025
18.5 -8.78
18.5 -9.94
18.5 -4.085
18.5 -6.26
18.5 -3.94
18.5 -7.79
18.5 -5.96
18.5 -9.15
18.5 -6.685
18.5 -7.095
18.5 -7.715
18.5 -7.26
18.5 -6.0
18.5 -6.6
18.5 -6.725
18.5 -5.74
18.5 -7.79
19.5 -9.835
19.5 -7.595
19.5 -7.63
19.5 -5.875
19.5 -5.24
19.5 -5.22
19.5 -7.985
19.5 -5.195
19.5 -6.47
19.5 -6.4
19.5 -8.245
19.5 -5.935
19.5 -8.685
19.5 -6.285
19.5 -4.165
19.5 -4.5
19.5 -10.295
19.5 -10.77
19.5 -6.88
19.5 -7.305
19.5 -5.77
19.5 -7.34
19.5 -4.78
19.5 -7.05
19.5 -7.96
19.5 -6.76
19.5 -8.055
19.5 -7.475
19.5 -7.925
19.5 -4.935
19.5 -6.955
19.5 -5.07
19.5 -8.07
19.5 -6.19
19.5 -8.31
19.5 -7.36
19.5 -5.25
19.5 -6.23
19.5 -4.76
19.5 -5.385
19.5 -4.485
19.5 -6.225
19.5 -5.425
19.5 -4.35
19.5 -4.605
19.5 -2.985
19.5 -6.705
19.5 -8.73
19.5 -4.27
19.5 -4.755
19.5 -5.31
19.5 -2.81
19.5 -5.19
19.5 -7.39
19.5 -6.905
19.5 -7.9
19.5 -5.16
19.5 -6.935
19.5 -6.26
19.5 -7.7
19.5 -8.82
19.5 -6.68
19.5 -8.0
19.5 -7.48
19.5 -5.48
19.5 -6.635
19.5 -4.995
19.5 -9.515
19.5 -2.995
19.5 -6.275
19.5 -5.34
19.5 -5.615
19.5 -8.95
19.5 -7.195
19.5 -8.06
19.5 -9.39
19.5 -6.45
19.5 -6.765
19.5 -5.595
19.5 -5.41
19.5 -7.6
19.5 -6.635
19.5 -6.595
19.5 -11.095
19.5 -8.31
19.5 -6.285
19.5 -7.105
19.5 -7.6
19.5 -6.51
19.5 -6.825
19.5 -10.84
19.5 -6.86
19.5 -7.175
19.5 -4.255
19.5 -5.595
19.5 -6.87
19.5 -8.255
19.5 -7.14
19.5 -7.69
19.5 -6.45
19.5 -8.575
19.5 -7.47
19.5 -8.645
19.5 -8.725
19.5 -5.685
19.5 -6.055
19.5 -5.61
19.5 -10.1
19.5 -8.135
19.5 -7.325
19.5 -4.46
19.5 -4.975
19.5 -5.98
19.5 -6.135
19.5 -7.43
19.5 -6.505
19.5 -8.15
19.5 -3.87
19.5 -5.74
19.5 -9.015
19.5 -8.62
19.5 -9.385
19.5 -6.4
19.5 -7.135
19.5 -8.12
19.5 -6.765
19.5 -7.56
19.5 -8.03
19.5 -4.145
19.5 -7.11
19.5 -6.195
19.5 -8.89
19.5 -7.76
19.5 -5.675
19.5 -8.3
19.5 -7.005
19.5 -8.84
19.5 -8.005
19.5 -9.72
19.5 -7.04
19.5 -7.53
19.5 -5.695
19.5 -6.185
19.5 -7.205
19.5 -7.39
19.5 -5.525
19.5 -7.89
19.5 -5.755
19.5 -5.14
19.5 -4.56
19.5 -5.97
19.5 -8.765
19.5 -4.9
19.5 -8.445
19.5 -9.3
19.5 -6.075
19.5 -8.925
19.5 -6.565
19.5 -8.565
19.5 -10.29
19.5 -9.325
19.5 -7.84
19.5 -9.77
19.5 -7.03
19.5 -5.715
19.5 -7.0
19.5 -7.405
19.5 -5.855
19.5 -8.56
19.5 -3.96
19.5 -8.635
19.5 -8.38
19.5 -10.61
19.5 -7.625
19.5 -10.08
19.5 -7.655
19.5 -9.885
19.5 -6.58
19.5 -7.57
19.5 -7.66
19.5 -10.67
19.5 -10.73
19.5 -5.94
19.5 -7.705
19.5 -6.165
19.5 -6.405
19.5 -4.99
19.5 -4.62
19.5 -7.005
19.5 -7.995
19.5 -7.92
19.5 -7.115
19.5 -7.6
19.5 -9.73
19.5 -4.515
19.5 -6.18
19.5 -6.38
19.5 -7.5
500
8.0 -34.07
10.5 -19.085
12.0 -12.6
12.0 -9.835
12.0 -11.305
15.0 -6.05
15.0 -7.575
15.0 -10.03
15.0 -7.41
15.0 -6.54
15.0 -5.87
15.5 -10.405
15.5 -9.53
15.5 -8.34
16.5 -10.705
16.5 -9.045
16.5 -7.98
16.5 -8.29
16.5 -8.245
16.5 -7.605
16.5 -8.42
17.0 -7.48
17.0 -11.17
17.0 -10.96
17.0 -9.415
17.0 -7.88
17.0 -8.36
17.0 -6.22
17.0 -5.56
17.0 -5.89
17.0 -6.17
17.0 -6.285
17.0 -6.09
17.0 -3.55
17.0 -6.43
17.0 -8.9
17.0 -8.92
17.0 -8.49
17.0 -9.15
17.0 -8.985
17.0 -9.065
17.0 -8.12
17.0 -8.22
17.0 -8.165
17.0 -7.135
17.0 -6.74
17.0 -6.575
17.0 -13.36
17.0 -11.05
17.0 -6.755
17.0 -6.87
17.0 -7.29
17.0 -8.175
17.0 -7.925
17.0 -4.255
17.0 -9.905
17.0 -10.03
17.0 -8.5
17.0 -5.94
17.0 -5.2
17.0 -6.235
17.0 -8.515
17.0 -9.43
17.0 -8.685
17.0 -8.705
17.0 -7.475
17.0 -6.95
17.0 -5.305
17.0 -8.945
17.0 -6.48
17.0 -11.26
17.0 -8.915
17.0 -6.28
17.0 -4.98
17.0 -6.54
17.0 -7.0
17.0 -6.25
17.0 -5.38
17.0 -6.165
17.0 -4.985
17.0 -5.1
17.0 -7.055
17.0 -7.495
17.0 -7.555
17.0 -7.53
17.0 -10.335
17.0 -10.945
17.0 -5.315
17.0 -4.315
20.5 -7.41
20.5 -9.005
20.5 -4.875
20.5 -5.46
20.5 -6.78
20.5 -8.46
20.5 -8.385
20.5 -8.78
20.5 -9.81
20.5 -9.175
20.5 -5.31
20.5 -5.985
20.5 -4.83
20.5 -7.205
20.5 -7.925
20.5 -9.85
20.5 -8.86
20.5 -5.635
20.5 -7.195
20.5 -6.47
20.5 -6.465
20.5 -8.91
20.5 -7.685
20.5 -7.84
20.5 -5.9
20.5 -9.415
20.5 -6.25
20.5 -5.81
20.5 -4.065
20.5 -4.32
20.5 -7.365
20.5 -7.285
20.5 -7.395
20.5 -8.115
20.5 -5.24
20.5 -6.94
20.5 -6.425
20.5 -8.825
20.5 -8.67
20.5 -4.865
20.5 -8.47
20.5 -6.095
20.5 -9.98
20.5 -10.92
20.5 -9.725
20.5 -9.81
20.5 -7.84
20.5 -7.67
20.5 -3.84
20.5 -8.935
20.5 -8.26
20.5 -5.87
20.5 -8.27
20.5 -9.78
20.5 -9.615
20.5 -10.205
20.5 -8.6
20.5 -6.015
20.5 -5.635
20.5 -5.6
20.5 -2.61
20.5 -5.765
20.5 -5.36
20.5 -5.97
20.5 -6.965
20.5 -8.255
20.5 -5.33
20.5 -6.04
20.5 -9.545
20.5 -6.745
20.5 -10.62
20.5 -5.91
20.5 -6.335
20.5 -8.505
20.5 -9.065
20.5 -8.945
20.5 -6.255
20.5 -7.045
20.5 -8.935
20.5 -6.01
20.5 -10.43
20.5 -8.54
20.5 -7.015
20.5 -4.05
20.5 -6.12
20.5 -6.98
20.5 -5.165
20.5 -3.615
20.5 -7.85
20.5 -7.195
20.5 -5.625
20.5 -5.54
20.5 -11.0
20.5 -7.895
20.5 -11.01
20.5 -8.065
20.5 -5.205
20.5 -8.895
20.5 -6.17
20.5 -7.43
20.5 -8.395
20.5 -5.425
20.5 -5.26
20.5 -8.405
20.5 -5.665
20.5 -7.14
20.5 -6.065
20.5 -6.235
20.5 -6.89
20.5 -7.145
20.5 -10.01
20.5 -9.675
20.5 -7.83
20.5 -8.46
20.5 -8.175
20.5 -7.76
20.5 -8.46
20.5 -5.865
20.5 -8.32
20.5 -7.585
20.5 -3.59
20.5 -7.27
20.5 -6.715
20.5 -5.89
20.5 -7.35
20.5 -7.91
20.5 -9.56
20.5 -8.29
20.5 -8.62
20.5 -5.065
20.5 -6.46
20.5 -8.44
20.5 -7.6
20.5 -7.585
20.5 -5.045
20.5 -6.015
20.5 -8.155
20.5 -6.445
20.5 -5.665
20.5 -7.435
20.5 -6.69
20.5 -6.08
20.5 -8.41
20.5 -6.635
20.5 -12.72
20.5 -11.91
20.5 -8.86
20.5 -7.575
20.5 -6.475
20.5 -8.455
20.5 -8.04
20.5 -9.31
20.5 -9.34
20.5 -9.945
20.5 -8.075
20.5 -10.345
20.5 -8.6
20.5 -8.555
20.5 -5.955
20.5 -6.105
20.5 -9.38
20.5 -7.9
20.5 -7.23
20.5 -5.165
20.5 -8.255
20.5 -9.555
20.5 -5.65
20.5 -7.62
20.5 -7.67
20.5 -8.73
20.5 -3.91
20.5 -9.325
20.5 -8.665
20.5 -11.375
20.5 -9.12
20.5 -9.95
20.5 -9.14
20.5 -9.715
20.5 -8.585
20.5 -6.82
20.5 -9.03
20.5 -7.79
20.5 -9.59
20.5 -8.355
20.5 -6.665
20.5 -8.2
20.5 -5.915
20.5 -8.39
20.5 -9.78
20.5 -5.455
20.5 -9.67
20.5 -9.075
20.5 -6.315
20.5 -8.915
20.5 -4.88
20.5 -7.82
20.5 -7.23
20.5 -6.85
20.5 -9.37
20.5 -4.525
20.5 -5.37
20.5 -4.27
20.5 -7.325
20.5 -6.985
20.5 -7.295
20.5 -8.3
20.5 -8.845
20.5 -8.1
20.5 -6.82
20.5 -3.725
20.5 -6.7
20.5 -8.855
20.5 -6.45
20.5 -6.31
20.5 -10.565
20.5 -7.395
20.5 -8.185
20.5 -10.105
20.5 -7.86
20.5 -6.135
20.5 -3.865
20.5 -6.845
20.5 -9.445
20.5 -9.44
20.5 -6.645
20.5 -6.3
20.5 -9.42
20.5 -8.4
20.5 -8.31
20.5 -7.88
20.5 -9.405
20.5 -9.35
20.5 -7.895
20.5 -8.495
20.5 -6.695
20.5 -8.225
20.5 -6.755
20.5 -5.035
20.5 -9.035
20.5 -8.055
20.5 -7.425
20.5 -9.22
20.5 -9.045
20.5 -9.505
20.5 -8.89
20.5 -11.235
20.5 -6.895
20.5 -8.075
20.5 -7.31
20.5 -6.155
20.5 -7.17
20.5 -6.64
20.5 -8.83
20.5 -5.675
20.5 -8.415
20.5 -7.03
20.5 -8.61
20.5 -7.265
20.5 -9.33
20.5 -14.0
20.5 -8.835
20.5 -5.735
20.5 -8.92
20.5 -6.555
20.5 -4.32
20.5 -6.11
20.5 -7.26
20.5 -7.01
20.5 -9.905
20.5 -10.3
20.5 -5.925
20.5 -4.5
20.5 -6.9
20.5 -6.91
20.5 -9.565
20.5 -4.965
20.5 -6.685
20.5 -10.7
20.5 -8.07
20.5 -9.885
20.5 -9.34
20.5 -12.38
20.5 -10.85
20.5 -7.935
20.5 -8.575
20.5 -6.55
20.5 -6.17
20.5 -9.64
20.5 -9.775
20.5 -7.64
20.5 -5.01
20.5 -8.35
20.5 -9.72
20.5 -7.355
20.5 -5.315
20.5 -8.165
20.5 -8.545
20.5 -6.065
20.5 -6.205
20.5 -4.78
20.5 -5.3
20.5 -9.995
20.5 -7.92
20.5 -8.07
20.5 -6.815
20.5 -7.105
20.5 -7.91
20.5 -8.16
20.5 -9.685
20.5 -8.045
20.5 -4.41
20.5 -7.99
20.5 -7.1
20.5 -7.155
20.5 -12.39
20.5 -8.07
20.5 -4.63
20.5 -8.18
20.5 -6.255
20.5 -7.555
20.5 -7.58
20.5 -7.465
20.5 -9.655
20.5 -7.585
20.5 -8.59
20.5 -5.87
20.5 -7.325
20.5 -7.295
20.5 -5.265
20.5 -7.54
20.5 -7.765
20.5 -5.04
20.5 -6.865
20.5 -10.135
20.5 -8.795
20.5 -9.355
20.5 -6.005
20.5 -8.52
20.5 -4.72
20.5 -9.385
20.5 -9.705
20.5 -7.35
20.5 -8.77
20.5 -9.035
20.5 -10.54
20.5 -7.64
20.5 -8.035
20.5 -6.695
20.5 -7.08
20.5 -8.43
20.5 -11.315
20.5 -8.965
20.5 -8.62
20.5 -8.08
20.5 -6.76
20.5 -7.515
20.5 -5.73
20.5 -5.89
20.5 -7.875
20.5 -9.945
20.5 -8.79
20.5 -6.195
20.5 -6.29
20.5 -6.465
20.5 -8.635
20.5 -8.615
20.5 -6.75
20.5 -6.46
20.5 -9.365
20.5 -5.965
20.5 -7.285
20.5 -6.88
20.5 -7.295
20.5 -7.945
20.5 -8.475
20.5 -11.36
20.5 -6.895
20.5 -7.46
20.5 -8.83
20.5 -7.66
20.5 -6.135
20.5 -5.295
20.5 -8.67
20.5 -7.085
20.5 -6.035
20.5 -6.3
20.5 -9.055
20.5 -7.865
20.5 -9.7
20.5 -9.765
20.5 -7.59
20.5 -10.32
20.5 -10.775
20.5 -6.155
20.5 -8.345
20.5 -9.365
20.5 -7.025
20.5 -12.01
20.5 -5.845
20.5 -8.94
20.5 -7.765
20.5 -8.02
20.5 -9.535
20.5 -7.85
20.5 -9.385
20.5 -8.79
20.5 -9.275
20.5 -7.685
20.5 -7.34
20.5 -8.185
20.5 -6.79
500
3.5 -37.84
5.5 -16.255
10.0 -13.12
11.5 -11.765
14.5 -9.65
14.5 -8.355
16.5 -11.595
16.5 -11.15
16.5 -6.585
16.5 -8.89
16.5 -10.775
16.5 -10.31
16.5 -8.955
16.5 -11.145
16.5 -9.585
16.5 -9.63
16.5 -11.035
16.5 -8.315
16.5 -7.61
16.5 -6.73
16.5 -5.69
16.5 -7.93
16.5 -8.93
16.5 -7.095
16.5 -5.19
16.5 -7.435
16.5 -9.495
16.5 -8.15
16.5 -6.005
16.5 -6.595
16.5 -6.35
16.5 -8.605
16.5 -5.36
16.5 -7.185
16.5 -7.635
16.5 -5.07
16.5 -6.83
16.5 -7.95
16.5 -9.505
16.5 -9.845
16.5 -6.96
16.5 -6.8
16.5 -7.36
16.5 -5.805
16.5 -6.25
16.5 -6.88
16.5 -3.795
16.5 -8.23
16.5 -7.01
16.5 -7.06
16.5 -8.755
16.5 -7.795
16.5 -3.96
16.5 -6.685
16.5 -8.82
16.5 -11.48
16.5 -5.355
16.5 -8.59
16.5 -6.94
16.5 -5.06
16.5 -4.15
16.5 -4.565
16.5 -7.515
16.5 -4.36
16.5 -4.78
16.5 -4.835
16.5 -6.76
16.5 -7.76
16.5 -8.27
16.5 -8.665
16.5 -4.47
16.5 -5.205
16.5 -4.905
16.5 -6.415
16.5 -7.14
16.5 -8.45
16.5 -7.96
16.5 -7.175
16.5 -5.08
16.5 -8.25
16.5 -4.075
16.5 -4.235
16.5 -3.795
17.0 -8.435
17.0 -3.24
17.0 -3.53
17.0 -5.495
17.0 -7.835
17.0 -7.025
17.0 -6.625
17.0 -3.62
17.0 -6.82
17.0 -7.82
17.0 -6.8
17.0 -4.62
17.0 -8.19
17.0 -6.025
17.0 -5.97
17.0 -8.865
17.0 -7.535
17.0 -8.845
17.0 -6.925
17.0 -8.505
17.0 -3.755
17.0 -4.625
17.0 -4.55
17.0 -2.995
17.0 -6.015
17.0 -10.575
17.0 -3.175
17.0 -3.76
17.0 -3.07
17.5 -5.045
17.5 -8.015
17.5 -6.845
17.5 -3.315
17.5 -4.03
17.5 -7.07
17.5 -6.955
17.5 -8.81
17.5 -6.61
17.5 -6.25
17.5 -7.375
17.5 -7.17
17.5 -6.55
17.5 -7.345
17.5 -6.54
17.5 -8.175
17.5 -6.925
18.0 -7.535
18.0 -8.74
18.0 -7.98
18.0 -8.725
18.0 -5.725
18.0 -6.085
18.0 -4.31
18.0 -7.64
18.0 -6.62
18.0 -4.785
18.0 -5.33
18.0 -5.755
18.0 -5.585
18.0 -5.535
18.0 -6.495
18.0 -8.215
18.0 -7.645
18.0 -5.875
18.0 -4.54
18.0 -5.745
18.0 -8.305
18.0 -10.24
18.0 -7.42
18.0 -6.815
18.0 -8.77
18.0 -4.715
18.0 -6.415
18.0 -6.105
18.0 -6.7
18.0 -6.91
18.0 -6.715
18.0 -11.665
18.0 -8.195
18.0 -4.62
18.0 -4.86
18.0 -8.035
18.0 -7.465
18.0 -8.045
18.0 -5.235
18.0 -4.68
18.0 -9.28
18.0 -8.05
19.5 -8.53
19.5 -6.24
19.5 -10.025
19.5 -10.925
19.5 -5.09
19.5 -5.435
19.5 -6.21
19.5 -7.24
19.5 -4.18
19.5 -7.055
19.5 -7.645
19.5 -7.04
19.5 -6.08
19.5 -8.13
19.5 -9.175
19.5 -6.12
19.5 -7.69
19.5 -5.995
19.5 -10.17
19.5 -5.06
19.5 -7.175
19.5 -6.055
19.5 -6.18
19.5 -5.515
19.5 -5.585
19.5 -5.25
19.5 -5.695
19.5 -8.45
19.5 -5.825
19.5 -6.5
19.5 -4.99
19.5 -7.545
19.5 -4.225
19.5 -6.27
19.5 -5.52
19.5 -9.985
19.5 -4.555
19.5 -7.675
19.5 -7.16
19.5 -7.945
19.5 -6.89
19.5 -5.36
19.5 -4.96
19.5 -4.435
19.5 -8.28
19.5 -5.52
19.5 -8.54
19.5 -6.19
19.5 -7.265
19.5 -3.63
19.5 -4.53
19.5 -5.3
19.5 -6.105
19.5 -5.96
19.5 -6.89
19.5 -6.94
19.5 -8.895
19.5 -7.18
19.5 -7.805
19.5 -7.565
19.5 -7.215
19.5 -5.235
19.5 -7.69
19.5 -7.37
19.5 -5.215
19.5 -8.14
19.5 -6.16
19.5 -7.685
19.5 -9.455
19.5 -7.17
19.5 -7.615
19.5 -5.165
19.5 -6.025
19.5 -5.485
19.5 -7.21
19.5 -7.89
19.5 -7.62
19.5 -7.575
19.5 -8.35
19.5 -7.47
19.5 -9.73
19.5 -6.05
19.5 -5.025
19.5 -8.165
19.5 -5.445
19.5 -3.445
19.5 -4.565
19.5 -7.24
19.5 -4.88
19.5 -5.47
19.5 -7.025
19.5 -7.44
19.5 -5.11
19.5 -5.565
19.5 -6.635
19.5 -4.75
19.5 -6.81
19.5 -5.505
19.5 -5.02
19.5 -8.97
19.5 -5.71
19.5 -10.045
19.5 -10.04
19.5 -6.31
19.5 -5.89
19.5 -6.92
19.5 -7.86
19.5 -6.795
19.5 -4.855
19.5 -6.715
19.5 -7.305
19.5 -6.925
19.5 -7.72
19.5 -6.505
19.5 -6.72
19.5 -5.025
19.5 -5.145
19.5 -5.32
19.5 -8.36
19.5 -8.915
19.5 -7.615
19.5 -8.315
19.5 -9.075
19.5 -9.535
19.5 -6.31
19.5 -5.01
19.5 -5.53
19.5 -6.835
19.5 -7.45
19.5 -8.35
19.5 -8.275
19.5 -5.505
19.5 -5.3
19.5 -9.66
19.5 -6.79
19.5 -6.34
19.5 -6.71
19.5 -6.235
19.5 -9.0
19.5 -6.72
19.5 -7.99
19.5 -7.455
19.5 -10.41
19.5 -4.515
19.5 -6.9
19.5 -5.655
19.5 -12.085
19.5 -6.415
19.5 -6.135
19.5 -4.335
19.5 -6.125
19.5 -11.01
19.5 -9.935
19.5 -8.38
19.5 -6.425
19.5 -8.38
19.5 -7.285
19.5 -7.34
19.5 -6.735
19.5 -7.4
19.5 -9.025
19.5 -8.49
19.5 -6.53
19.5 -5.945
19.5 -1.665
19.5 -5.31
19.5 -7.39
19.5 -9.255
19.5 -6.62
19.5 -8.655
19.5 -7.115
19.5 -5.64
19.5 -8.03
19.5 -6.805
19.5 -6.02
19.5 -5.675
19.5 -9.555
19.5 -8.28
19.5 -5.89
19.5 -7.545
19.5 -5.55
19.5 -5.66
19.5 -5.065
19.5 -9.505
19.5 -6.695
19.5 -8.34
19.5 -5.87
19.5 -4.355
19.5 -6.79
19.5 -11.55
19.5 -7.805
19.5 -9.38
19.5 -10.455
19.5 -12.095
19.5 -6.5
19.5 -6.585
19.5 -6.29
19.5 -9.65
19.5 -11.79
19.5 -8.785
19.5 -6.93
19.5 -7.565
19.5 -6.645
19.5 -7.685
19.5 -6.53
19.5 -6.94
19.5 -7.695
19.5 -9.99
19.5 -9.86
19.5 -9.07
19.5 -6.43
19.5 -5.63
19.5 -5.605
19.5 -7.22
19.5 -8.94
19.5 -7.585
19.5 -8.19
19.5 -8.825
19.5 -10.125
19.5 -5.025
19.5 -3.05
19.5 -5.01
19.5 -6.805
19.5 -9.48
19.5 -7.615
19.5 -8.395
19.5 -7.455
19.5 -6.83
19.5 -8.295
19.5 -8.145
19.5 -9.035
19.5 -7.82
19.5 -8.085
19.5 -8.04
19.5 -6.755
19.5 -6.345
19.5 -5.67
19.5 -4.9
19.5 -5.71
19.5 -6.925
19.5 -8.575
19.5 -7.365
19.5 -8.235
19.5 -6.955
19.5 -4.735
19.5 -7.97
19.5 -8.175
19.5 -6.015
19.5 -7.93
19.5 -8.165
19.5 -8.805
19.5 -8.825
19.5 -9.32
19.5 -5.74
19.5 -6.195
19.5 -4.005
19.5 -7.07
19.5 -7.58
19.5 -9.365
19.5 -7.455
19.5 -8.49
19.5 -5.765
19.5 -8.51
19.5 -5.095
19.5 -7.245
19.5 -9.32
19.5 -9.79
19.5 -7.635
19.5 -9.295
19.5 -6.23
19.5 -6.425
19.5 -7.29
19.5 -8.61
19.5 -6.395
19.5 -3.67
19.5 -5.645
19.5 -6.91
19.5 -8.5
19.5 -6.51
19.5 -8.695
19.5 -6.795
19.5 -6.52
19.5 -7.735
19.5 -7.265
19.5 -7.375
19.5 -6.375
19.5 -5.935
19.5 -9.725
19.5 -6.485
19.5 -7.055
19.5 -7.9
19.5 -6.31
19.5 -6.95
19.5 -8.18
19.5 -7.805
19.5 -6.69
19.5 -8.565
19.5 -7.905
19.5 -9.71
19.5 -5.795
19.5 -5.84
19.5 -7.735
19.5 -8.43
19.5 -8.67
19.5 -7.82
19.5 -8.265
19.5 -6.96
19.5 -6.56
19.5 -4.875
19.5 -5.32
19.5 -6.715
19.5 -9.355
19.5 -8.14
19.5 -9.835
19.5 -5.81
19.5 -5.435
19.5 -8.465
19.5 -7.57
19.5 -9.385
19.5 -7.785
19.5 -6.655
19.5 -5.445
19.5 -8.135
19.5 -5.49
19.5 -6.695
19.5 -7.77
19.5 -11.055
19.5 -11.08
19.5 -6.81
500
2.5 -37.97
10.0 -19.73
15.5 -13.6
15.5 -14.185
15.5 -11.115
15.5 -9.41
15.5 -8.24
15.5 -7.955
15.5 -8.205
15.5 -9.155
16.0 -11.24
16.0 -11.19
16.0 -8.33
16.0 -10.37
16.0 -10.105
16.0 -7.625
16.0 -5.185
16.0 -9.91
16.0 -10.96
16.0 -9.64
16.0 -7.615
16.0 -7.385
16.0 -7.145
16.0 -8.825
17.0 -6.62
17.0 -5.495
17.0 -7.975
17.0 -8.54
17.0 -6.855
17.0 -7.455
17.0 -6.575
17.0 -7.595
17.0 -5.83
17.0 -9.24
17.0 -7.295
17.0 -6.34
17.0 -8.59
17.0 -7.025
17.0 -5.1
17.0 -9.07
17.0 -8.22
17.0 -5.62
17.0 -7.725
17.0 -7.895
17.0 -7.565
17.0 -3.845
17.0 -8.035
17.0 -7.415
17.0 -8.45
17.0 -7.98
17.0 -8.145
17.0 -6.965
17.0 -8.16
17.0 -4.26
17.0 -6.72
17.0 -7.055
17.0 -5.725
17.0 -5.06
17.0 -7.79
17.0 -8.42
17.0 -7.655
17.0 -6.045
17.0 -9.78
17.0 -6.155
17.0 -10.25
17.0 -7.74
17.0 -7.08
17.0 -7.95
17.0 -10.655
17.0 -6.245
17.0 -4.49
17.0 -9.31
17.0 -8.54
17.0 -7.74
17.0 -10.005
17.0 -7.815
17.0 -9.835
17.0 -4.76
17.0 -6.565
17.0 -8.965
17.0 -10.07
17.0 -9.615
17.0 -5.865
17.0 -7.145
17.0 -8.39
17.0 -8.095
17.0 -6.74
17.0 -9.1
17.0 -7.26
17.0 -10.06
17.0 -6.535
17.0 -6.02
17.0 -8.785
17.0 -8.485
17.0 -7.72
17.0 -6.435
17.0 -7.26
17.0 -6.5
17.0 -7.435
17.0 -7.83
17.0 -10.19
17.0 -7.505
17.0 -5.465
17.0 -6.165
17.0 -4.85
17.0 -10.555
17.0 -6.655
17.0 -8.37
17.0 -5.715
17.0 -5.665
17.0 -7.39
17.0 -8.415
17.0 -7.85
17.5 -9.525
17.5 -8.28
17.5 -6.01
17.5 -11.345
17.5 -10.35
17.5 -8.155
17.5 -8.535
17.5 -8.355
17.5 -7.455
17.5 -4.785
17.5 -3.985
17.5 -7.71
17.5 -5.025
17.5 -7.315
17.5 -7.635
17.5 -8.475
17.5 -8.675
17.5 -6.56
17.5 -7.685
17.5 -10.125
17.5 -9.765
17.5 -8.885
17.5 -6.085
17.5 -6.95
17.5 -4.985
17.5 -9.42
17.5 -9.315
17.5 -5.755
17.5 -3.48
17.5 -7.135
17.5 -6.405
17.5 -7.605
17.5 -6.62
17.5 -5.185
17.5 -4.03
17.5 -7.385
17.5 -7.07
17.5 -6.885
17.5 -10.255
17.5 -11.185
17.5 -6.95
17.5 -8.31
17.5 -6.11
17.5 -6.055
17.5 -4.565
17.5 -6.38
17.5 -5.39
17.5 -8.17
17.5 -8.04
17.5 -5.665
17.5 -7.39
17.5 -6.76
17.5 -8.615
17.5 -6.41
17.5 -7.95
17.5 -5.365
17.5 -4.88
17.5 -5.085
17.5 -6.91
17.5 -6.82
17.5 -8.91
17.5 -8.415
17.5 -6.59
17.5 -8.115
17.5 -10.41
17.5 -10.275
17.5 -9.085
17.5 -9.2
17.5 -9.08
17.5 -10.49
17.5 -8.115
17.5 -10.64
17.5 -9.325
17.5 -7.445
17.5 -8.93
17.5 -7.055
17.5 -8.3
17.5 -7.465
17.5 -8.04
17.5 -8.73
17.5 -7.2
17.5 -8.665
17.5 -11.625
17.5 -9.64
17.5 -8.215
17.5 -6.995
17.5 -9.545
17.5 -9.34
17.5 -7.6
17.5 -9.02
17.5 -10.96
17.5 -11.865
17.5 -8.7
17.5 -9.935
17.5 -8.64
17.5 -6.885
17.5 -6.57
17.5 -5.46
17.5 -10.41
17.5 -8.76
18.0 -9.68
18.0 -6.755
18.0 -8.095
18.0 -10.5
18.0 -6.775
18.0 -5.315
18.0 -5.03
18.0 -8.185
18.0 -8.185
18.0 -8.37
18.0 -8.58
18.0 -6.98
18.0 -7.305
18.0 -3.52
18.0 -7.92
18.0 -8.915
18.0 -7.605
18.0 -8.405
18.0 -8.005
18.0 -7.895
18.0 -7.78
18.0 -7.965
18.0 -6.875
18.0 -6.07
18.0 -8.51
18.0 -4.675
18.0 -7.77
18.0 -8.535
18.0 -6.435
18.0 -7.835
18.0 -9.275
18.0 -7.405
18.0 -7.66
18.0 -9.51
18.0 -9.365
18.0 -8.835
18.0 -9.385
18.0 -5.72
18.0 -7.175
18.0 -7.075
18.0 -6.725
18.0 -8.135
18.0 -7.63
18.0 -5.57
18.0 -7.575
18.0 -8.085
18.0 -3.79
18.0 -7.855
18.0 -9.285
18.0 -6.44
18.0 -8.145
18.0 -8.15
18.0 -5.185
18.0 -6.095
18.0 -7.98
18.0 -5.775
18.0 -8.18
18.0 -6.825
18.0 -7.01
18.0 -6.42
18.0 -6.255
18.0 -6.175
18.0 -6.73
18.0 -7.55
18.0 -8.705
18.0 -5.195
18.0 -4.52
18.0 -3.78
18.0 -6.7
18.0 -2.63
18.0 -6.405
18.0 -7.095
18.0 -3.255
18.0 -5.775
18.0 -6.765
18.0 -4.4
18.0 -4.965
18.0 -5.52
18.0 -6.245
18.0 -9.035
18.0 -5.015
18.0 -6.39
18.0 -6.31
18.0 -9.075
18.0 -8.02
18.0 -6.345
18.0 -9.885
18.0 -8.42
18.0 -7.205
18.0 -5.275
18.0 -7.52
18.0 -5.645
18.0 -9.95
18.0 -5.52
18.0 -4.655
18.0 -4.985
18.0 -6.04
18.0 -6.515
18.0 -5.6
18.0 -4.525
18.0 -8.08
18.0 -7.41
18.0 -8.955
18.0 -5.545
18.0 -4.415
18.0 -6.69
18.0 -7.36
18.0 -6.185
18.0 -7.4
18.0 -8.235
18.0 -9.645
18.0 -6.29
18.0 -8.505
18.0 -7.1
18.0 -6.745
18.0 -6.89
18.0 -7.88
18.0 -8.455
18.0 -8.715
18.0 -6.045
18.0 -7.195
18.0 -8.09
18.0 -8.015
18.0 -3.755
18.0 -6.855
18.0 -7.595
18.0 -7.075
18.0 -6.68
18.0 -7.015
18.0 -5.42
18.0 -7.39
18.0 -6.42
18.0 -5.49
18.0 -3.035
18.0 -4.23
18.0 -5.845
18.0 -6.99
18.0 -7.58
18.0 -5.84
18.0 -9.24
18.0 -7.065
18.0 -7.08
18.0 -8.34
18.0 -8.02
18.0 -8.34
18.0 -2.775
18.0 -7.815
18.0 -5.705
18.0 -5.795
18.0 -7.185
18.0 -5.9
18.0 -4.53
18.0 -6.575
18.0 -7.48
18.0 -5.55
18.0 -5.755
18.0 -9.43
18.0 -8.59
18.0 -5.92
18.0 -5.41
18.0 -7.215
18.0 -5.535
18.0 -5.665
18.0 -5.345
18.0 -9.015
18.0 -10.67
18.0 -7.01
18.0 -7.95
18.0 -7.025
18.0 -8.245
18.0 -8.455
18.0 -7.69
18.0 -6.715
18.0 -6.93
18.0 -8.065
18.0 -5.975
18.0 -8.665
18.0 -7.52
18.0 -4.42
18.0 -3.795
18.0 -4.195
18.0 -4.36
18.0 -4.27
18.0 -7.8
18.0 -4.805
18.0 -5.69
18.0 -8.355
18.0 -8.38
18.0 -7.975
18.0 -7.125
18.0 -6.105
18.0 -8.645
18.0 -7.285
18.0 -5.07
18.0 -4.91
18.0 -8.97
18.0 -3.385
18.0 -5.32
18.0 -7.47
18.0 -7.305
18.0 -5.675
18.0 -8.67
18.0 -6.275
18.0 -6.015
18.0 -4.085
18.0 -3.09
18.0 -8.48
18.0 -7.055
18.0 -5.59
18.0 -6.92
18.0 -7.67
18.0 -8.425
18.0 -7.045
18.0 -4.49
18.0 -9.865
18.0 -5.675
18.0 -6.815
18.0 -7.09
18.0 -6.67
18.0 -5.765
18.0 -5.07
18.0 -4.185
18.0 -7.655
18.0 -6.7
18.0 -7.14
18.0 -8.525
18.0 -6.865
18.0 -5.105
18.0 -9.355
18.0 -9.145
18.0 -8.9
18.0 -6.04
18.0 -5.625
18.0 -4.535
18.0 -7.49
18.0 -7.635
18.0 -4.6
18.0 -7.265
18.0 -8.54
18.0 -5.685
18.0 -6.57
18.0 -4.405
18.0 -10.095
18.0 -7.705
18.0 -4.685
18.0 -10.09
18.0 -6.895
18.5 -6.835
18.5 -8.475
18.5 -4.85
18.5 -4.245
18.5 -6.22
18.5 -6.075
18.5 -7.1
18.5 -9.59
18.5 -7.84
18.5 -5.435
18.5 -4.335
18.5 -4.66
18.5 -4.78
18.5 -7.335
18.5 -8.94
18.5 -4.185
18.5 -6.015
18.5 -6.31
18.5 -5.415
18.5 -6.59
18.5 -6.13
18.5 -8.21
18.5 -5.815
18.5 -6.075
18.5 -4.43
18.5 -5.325
18.5 -7.325
18.5 -6.24
18.5 -5.965
18.5 -5.69
18.5 -6.225
18.5 -6.455
18.5 -7.635
18.5 -7.125
18.5 -6.13
18.5 -5.445
18.5 -4.96
18.5 -4.975
18.5 -6.105
18.5 -10.165
500
10.0 -35.145
13.5 -14.815
13.5 -11.675
13.5 -11.615
16.0 -10.36
16.0 -7.925
16.0 -7.94
16.0 -9.595
16.0 -7.02
16.5 -9.23
16.5 -6.345
16.5 -10.145
16.5 -9.11
16.5 -8.595
16.5 -10.94
16.5 -9.26
16.5 -9.365
16.5 -10.435
16.5 -8.95
16.5 -10.805
16.5 -5.0
16.5 -9.98
17.0 -7.58
17.0 -4.705
17.0 -7.725
17.0 -5.875
17.0 -6.95
17.0 -7.665
17.0 -6.05
17.0 -5.23
17.0 -5.465
17.0 -7.62
17.0 -8.755
17.0 -6.515
17.0 -8.405
17.0 -7.72
17.0 -7.53
17.0 -6.15
17.0 -7.035
17.0 -7.255
17.0 -2.845
17.0 -8.985
17.0 -6.74
17.0 -6.55
17.0 -4.55
17.0 -7.185
17.0 -5.815
17.0 -6.47
17.0 -5.52
17.0 -5.49
17.0 -3.92
17.0 -5.935
17.0 -7.36
18.5 -7.61
18.5 -7.18
18.5 -6.64
18.5 -8.12
18.5 -6.21
18.5 -10.035
18.5 -6.875
18.5 -10.025
18.5 -9.2
18.5 -9.63
18.5 -7.405
18.5 -6.01
18.5 -5.05
18.5 -6.23
18.5 -8.61
18.5 -6.875
18.5 -6.29
18.5 -7.735
18.5 -7.015
18.5 -7.94
18.5 -8.505
18.5 -10.18
18.5 -8.855
18.5 -6.56
18.5 -6.145
18.5 -6.755
18.5 -8.035
18.5 -9.71
18.5 -8.37
18.5 -5.625
18.5 -4.735
18.5 -4.555
18.5 -7.145
18.5 -11.44
18.5 -9.065
18.5 -7.285
18.5 -8.96
18.5 -5.96
18.5 -6.64
18.5 -8.255
18.5 -5.655
18.5 -6.27
18.5 -5.83
18.5 -9.65
18.5 -5.81
18.5 -6.57
18.5 -5.745
18.5 -9.03
18.5 -7.24
18.5 -6.9
18.5 -8.02
18.5 -6.285
18.5 -5.89
18.5 -9.75
18.5 -6.8
18.5 -5.055
18.5 -4.575
18.5 -6.185
18.5 -7.615
18.5 -4.855
18.5 -6.485
18.5 -8.19
18.5 -10.55
18.5 -6.67
18.5 -8.51
18.5 -6.29
18.5 -4.095
18.5 -4.785
18.5 -6.615
18.5 -8.46
18.5 -3.105
18.5 -6.435
18.5 -6.83
18.5 -7.18
18.5 -8.82
18.5 -6.825
18.5 -4.34
18.5 -9.48
18.5 -7.695
18.5 -6.77
18.5 -8.11
18.5 -7.095
18.5 -4.95
18.5 -6.615
18.5 -6.95
18.5 -10.58
18.5 -7.515
18.5 -6.23
18.5 -5.365
18.5 -7.345
18.5 -5.29
18.5 -5.94
18.5 -3.81
18.5 -8.77
18.5 -10.32
18.5 -8.555
18.5 -3.905
18.5 -8.4
18.5 -4.665
18.5 -7.175
18.5 -7.71
18.5 -7.38
18.5 -7.15
18.5 -4.99
18.5 -7.415
18.5 -8.76
18.5 -8.98
18.5 -7.265
18.5 -5.725
18.5 -6.03
18.5 -6.88
18.5 -7.905
18.5 -5.2
18.5 -5.985
18.5 -10.265
18.5 -8.275
18.5 -9.95
18.5 -10.02
18.5 -7.46
18.5 -7.885
18.5 -7.535
18.5 -7.335
18.5 -6.575
18.5 -7.355
18.5 -7.24
18.5 -10.445
18.5 -7.12
18.5 -5.935
18.5 -5.375
18.5 -8.65
18.5 -7.02
18.5 -5.12
18.5 -8.31
18.5 -7.65
18.5 -6.875
18.5 -8.565
18.5 -6.23
18.5 -5.73
18.5 -5.145
18.5 -5.15
18.5 -5.855
18.5 -7.09
18.5 -6.65
18.5 -8.305
18.5 -5.315
18.5 -5.945
18.5 -4.565
18.5 -6.68
18.5 -7.385
18.5 -6.905
18.5 -7.81
18.5 -9.545
18.5 -7.565
18.5 -4.16
18.5 -5.57
18.5 -8.73
18.5 -6.055
18.5 -7.11
18.5 -8.445
18.5 -9.74
18.5 -9.27
18.5 -8.085
18.5 -7.725
18.5 -9.11
18.5 -8.445
18.5 -8.77
18.5 -9.425
18.5 -4.46
18.5 -9.495
18.5 -9.24
18.5 -8.43
18.5 -8.79
18.5 -7.475
18.5 -7.845
18.5 -7.14
18.5 -7.21
18.5 -6.67
18.5 -7.075
18.5 -3.31
18.5 -8.455
18.5 -8.775
18.5 -7.275
18.5 -7.02
18.5 -6.33
18.5 -10.33
18.5 -6.58
18.5 -9.805
18.5 -7.005
18.5 -7.62
18.5 -9.29
18.5 -8.495
18.5 -9.395
18.5 -9.705
18.5 -7.86
18.5 -7.455
18.5 -8.14
18.5 -5.95
18.5 -5.325
18.5 -5.67
18.5 -6.415
18.5 -5.74
18.5 -8.375
18.5 -7.09
18.5 -6.92
18.5 -8.765
18.5 -6.27
18.5 -9.635
18.5 -5.545
18.5 -7.58
18.5 -7.69
18.5 -7.61
18.5 -8.04
18.5 -7.95
18.5 -6.295
18.5 -5.955
18.5 -8.135
18.5 -8.125
18.5 -6.235
18.5 -7.9
18.5 -8.06
18.5 -6.025
18.5 -7.62
18.5 -5.755
18.5 -7.59
18.5 -5.52
18.5 -9.915
18.5 -9.18
18.5 -7.145
18.5 -9.935
18.5 -10.71
18.5 -6.625
18.5 -7.29
18.5 -9.035
18.5 -7.365
18.5 -7.9
18.5 -10.09
18.5 -8.705
18.5 -6.495
18.5 -6.315
18.5 -9.865
18.5 -5.925
18.5 -8.725
18.5 -5.99
18.5 -6.56
18.5 -7.975
18.5 -6.585
18.5 -8.83
18.5 -6.495
18.5 -8.64
18.5 -8.135
18.5 -8.065
18.5 -7.465
18.5 -8.93
18.5 -7.52
18.5 -9.985
18.5 -12.605
18.5 -6.935
18.5 -6.065
18.5 -7.19
18.5 -9.23
18.5 -7.825
18.5 -7.595
18.5 -8.035
18.5 -7.665
18.5 -10.77
18.5 -6.49
18.5 -8.725
18.5 -7.62
18.5 -5.675
18.5 -7.73
18.5 -7.74
18.5 -6.625
18.5 -8.245
18.5 -5.495
18.5 -8.39
18.5 -6.965
18.5 -7.14
18.5 -7.455
18.5 -4.75
18.5 -11.105
18.5 -9.24
18.5 -5.93
18.5 -9.585
18.5 -4.145
18.5 -7.195
18.5 -8.775
18.5 -9.16
18.5 -11.06
18.5 -7.14
18.5 -7.29
18.5 -5.6
18.5 -6.595
18.5 -6.28
18.5 -6.55
18.5 -6.305
18.5 -10.54
18.5 -10.02
18.5 -7.87
18.5 -10.555
18.5 -7.98
18.5 -9.825
18.5 -6.345
18.5 -7.06
18.5 -6.835
18.5 -8.06
18.5 -6.035
18.5 -7.95
18.5 -9.775
18.5 -7.915
18.5 -8.05
18.5 -6.76
18.5 -7.315
18.5 -7.155
18.5 -7.795
18.5 -9.01
18.5 -11.04
18.5 -7.89
18.5 -5.54
18.5 -4.835
18.5 -6.465
18.5 -6.805
18.5 -7.6
18.5 -5.365
18.5 -5.315
18.5 -7.62
18.5 -7.85
18.5 -9.01
18.5 -6.67
18.5 -4.305
18.5 -6.62
18.5 -8.415
18.5 -9.235
18.5 -8.115
18.5 -4.535
18.5 -7.76
18.5 -6.945
18.5 -9.415
18.5 -7.135
18.5 -8.09
18.5 -7.465
18.5 -9.38
18.5 -7.19
18.5 -9.535
18.5 -10.96
18.5 -6.35
18.5 -10.52
18.5 -7.08
18.5 -8.85
18.5 -6.74
18.5 -6.395
18.5 -7.53
18.5 -7.475
18.5 -6.275
18.5 -7.795
18.5 -6.665
18.5 -7.375
18.5 -5.54
18.5 -6.26
18.5 -6.18
18.5 -9.325
18.5 -6.35
18.5 -5.525
18.5 -6.68
18.5 -6.325
18.5 -7.965
18.5 -6.57
18.5 -7.335
18.5 -7.045
18.5 -6.1
18.5 -9.03
18.5 -10.96
18.5 -11.355
18.5 -7.0
18.5 -7.425
18.5 -9.515
18.5 -8.64
18.5 -5.81
18.5 -9.3
18.5 -6.49
18.5 -7.665
18.5 -7.73
18.5 -5.79
18.5 -7.46
18.5 -8.13
18.5 -6.3
18.5 -6.52
18.5 -5.845
18.5 -5.97
18.5 -5.485
18.5 -8.18
18.5 -6.85
18.5 -6.06
18.5 -9.665
18.5 -5.32
18.5 -7.54
18.5 -10.55
18.5 -6.7
18.5 -9.54
18.5 -8.26
18.5 -6.555
18.5 -7.005
18.5 -6.86
18.5 -6.86
18.5 -5.195
18.5 -8.97
18.5 -8.565
18.5 -6.07
18.5 -6.76
18.5 -8.92
18.5 -8.04
19.0 -5.75
19.0 -6.79
19.0 -7.29
19.0 -9.575
19.0 -8.38
19.0 -5.765
19.0 -8.885
19.0 -8.815
19.0 -9.715
19.0 -8.615
19.0 -10.76
19.0 -8.905
19.0 -8.705
19.0 -4.96
19.0 -4.645
19.0 -8.005
19.0 -6.895
19.0 -7.235
19.0 -7.67
19.0 -8.01
19.0 -7.115
19.0 -9.265
19.0 -6.875
19.0 -7.115
19.0 -5.085
19.0 -7.745
19.0 -6.185
19.0 -7.155
19.0 -7.73
19.0 -6.58
19.0 -9.38
19.0 -10.79
19.0 -8.83
19.0 -5.4
19.0 -6.29
19.0 -8.045
19.0 -6.045
500
9.5 -37.285
9.5 -18.025
10.0 -15.01
15.5 -14.99
15.5 -11.35
15.5 -14.535
15.5 -9.07
15.5 -6.595
15.5 -8.62
15.5 -8.4
15.5 -5.37
15.5 -7.23
15.5 -9.17
15.5 -9.715
17.5 -9.465
17.5 -6.4
17.5 -6.195
17.5 -7.415
17.5 -6.215
17.5 -5.78
17.5 -7.83
17.5 -5.875
17.5 -7.265
17.5 -9.34
17.5 -6.825
17.5 -7.625
17.5 -11.395
17.5 -7.08
17.5 -7.425
17.5 -3.945
17.5 -6.6
17.5 -7.15
17.5 -6.67
17.5 -2.82
17.5 -5.01
17.5 -6.225
17.5 -7.855
17.5 -8.275
17.5 -6.365
17.5 -6.51
17.5 -5.855
17.5 -7.59
17.5 -11.32
17.5 -10.085
17.5 -6.61
17.5 -8.875
17.5 -5.82
17.5 -5.12
17.5 -6.715
17.5 -9.205
17.5 -10.2
17.5 -7.65
17.5 -8.255
17.5 -8.23
17.5 -7.435
17.5 -5.575
17.5 -6.41
17.5 -7.855
17.5 -8.97
17.5 -8.025
17.5 -7.77
17.5 -9.315
17.5 -5.145
17.5 -7.63
18.0 -4.805
18.0 -2.74
18.0 -4.955
18.0 -7.13
18.0 -7.185
18.0 -7.835
18.0 -8.34
18.0 -8.54
18.0 -6.505
18.0 -8.685
18.0 -7.23
18.0 -6.415
18.0 -6.175
18.0 -7.735
18.0 -9.53
18.0 -7.105
18.0 -4.225
18.0 -8.04
18.0 -5.44
18.0 -6.495
18.0 -6.955
18.0 -7.265
18.0 -8.29
18.0 -6.79
18.0 -8.0
18.0 -4.155
18.0 -6.3
18.0 -9.345
18.0 -4.765
18.0 -6.425
18.0 -5.885
18.0 -6.84
18.0 -10.31
18.0 -8.6
18.0 -9.38
18.0 -8.545
18.0 -7.41
18.0 -10.735
18.0 -8.25
18.0 -4.77
18.0 -6.18
18.0 -6.27
18.0 -6.195
18.0 -5.395
18.0 -9.685
18.0 -8.33
18.0 -6.655
18.0 -4.835
18.5 -4.1
18.5 -5.88
18.5 -5.24
18.5 -4.305
18.5 -6.85
18.5 -8.225
18.5 -11.305
18.5 -7.105
18.5 -7.845
18.5 -8.675
18.5 -5.29
18.5 -4.92
18.5 -4.735
18.5 -6.305
18.5 -6.175
18.5 -5.755
18.5 -4.69
18.5 -6.58
18.5 -5.9
18.5 -5.185
18.5 -6.54
18.5 -6.065
18.5 -7.78
18.5 -8.95
18.5 -10.285
18.5 -7.7
18.5 -4.61
18.5 -5.205
18.5 -4.815
18.5 -7.75
18.5 -6.4
18.5 -5.49
18.5 -8.555
18.5 -6.955
18.5 -6.94
18.5 -7.745
18.5 -6.07
18.5 -4.835
18.5 -6.915
18.5 -7.42
18.5 -6.26
18.5 -6.465
18.5 -6.12
18.5 -8.75
18.5 -6.005
18.5 -8.26
18.5 -4.715
18.5 -6.405
18.5 -7.1
18.5 -5.275
18.5 -8.505
18.5 -5.645
18.5 -7.19
18.5 -9.36
18.5 -6.63
18.5 -11.85
18.5 -9.93
18.5 -5.615
18.5 -7.415
18.5 -7.635
18.5 -5.98
18.5 -6.27
18.5 -9.525
18.5 -8.395
18.5 -6.245
18.5 -10.615
18.5 -6.99
18.5 -8.93
18.5 -8.28
18.5 -6.68
18.5 -10.495
18.5 -5.465
18.5 -8.99
18.5 -7.065
18.5 -9.455
18.5 -8.185
18.5 -7.71
18.5 -6.765
18.5 -9.08
18.5 -8.255
18.5 -6.49
18.5 -8.425
18.5 -8.685
18.5 -6.555
18.5 -6.305
18.5 -5.795
18.5 -6.455
18.5 -6.875
18.5 -7.585
18.5 -8.175
18.5 -8.23
18.5 -6.74
18.5 -8.26
18.5 -7.68
18.5 -7.515
18.5 -3.47
18.5 -4.225
18.5 -7.295
18.5 -7.265
18.5 -11.16
18.5 -5.52
18.5 -4.06
18.5 -4.025
18.5 -7.75
18.5 -8.195
18.5 -7.87
18.5 -6.76
18.5 -5.79
18.5 -8.21
18.5 -7.44
18.5 -8.215
18.5 -9.99
18.5 -6.085
18.5 -9.41
18.5 -7.6
18.5 -6.37
18.5 -7.61
18.5 -8.68
18.5 -6.105
18.5 -7.895
18.5 -10.2
18.5 -8.33
18.5 -6.67
18.5 -7.295
18.5 -6.79
18.5 -3.875
18.5 -4.54
18.5 -4.25
18.5 -6.73
18.5 -6.335
18.5 -8.015
18.5 -7.01
18.5 -4.38
18.5 -4.315
18.5 -5.325
18.5 -3.935
18.5 -6.69
18.5 -9.115
18.5 -6.28
18.5 -6.275
18.5 -9.485
18.5 -9.43
18.5 -7.61
18.5 -6.725
18.5 -8.42
18.5 -8.5
18.5 -4.365
18.5 -6.95
18.5 -5.34
18.5 -6.395
18.5 -6.655
18.5 -7.21
18.5 -8.735
18.5 -7.505
18.5 -5.305
18.5 -4.53
18.5 -5.86
18.5 -9.64
18.5 -6.535
18.5 -7.47
18.5 -10.335
18.5 -7.54
18.5 -6.045
18.5 -8.5
18.5 -5.66
18.5 -9.355
18.5 -8.955
18.5 -7.74
18.5 -8.27
18.5 -6.31
18.5 -4.95
18.5 -5.815
18.5 -9.14
18.5 -6.315
18.5 -5.475
18.5 -9.715
18.5 -11.015
18.5 -8.455
18.5 -8.455
18.5 -6.26
18.5 -4.04
19.0 -6.76
19.0 -4.435
19.0 -8.385
19.0 -12.015
19.0 -7.49
19.0 -6.435
19.0 -7.395
19.0 -5.245
19.0 -6.29
19.0 -6.175
19.0 -4.87
19.0 -6.53
19.0 -5.18
19.0 -10.215
19.0 -8.375
19.0 -5.89
19.0 -6.26
19.0 -7.16
19.0 -3.645
19.0 -5.615
19.0 -7.335
19.0 -6.14
19.0 -5.825
19.0 -7.27
19.0 -8.04
19.0 -7.965
19.0 -6.445
19.0 -5.83
19.0 -6.14
19.0 -8.15
19.0 -7.11
19.0 -9.03
19.0 -7.61
19.0 -4.17
19.0 -6.73
19.0 -7.12
19.0 -8.015
19.0 -8.085
19.0 -8.53
19.0 -8.63
19.0 -7.57
19.0 -7.02
19.0 -7.65
19.0 -6.73
19.0 -6.89
19.0 -3.29
19.0 -7.58
19.0 -6.015
19.0 -7.135
19.0 -8.775
19.0 -7.79
19.0 -8.93
19.0 -8.505
19.0 -5.705
19.0 -8.46
19.0 -7.765
19.0 -5.855
19.0 -3.185
19.0 -6.315
19.0 -7.185
19.0 -7.32
19.0 -5.56
19.0 -7.145
19.0 -6.475
19.0 -6.065
19.0 -6.135
19.0 -9.4
19.0 -8.185
19.0 -6.035
19.0 -4.685
19.0 -8.885
19.0 -5.885
19.0 -5.235
19.0 -7.99
19.0 -7.655
19.0 -6.81
19.0 -5.97
19.0 -8.94
19.0 -7.575
19.0 -11.125
19.0 -9.21
19.0 -8.195
19.0 -9.28
19.0 -6.38
19.0 -4.475
19.0 -8.06
19.0 -8.895
19.0 -7.23
19.0 -5.765
19.0 -7.405
19.0 -6.91
19.0 -9.46
19.0 -5.54
19.0 -8.16
19.0 -7.935
19.0 -8.69
19.0 -5.91
19.0 -8.87
19.0 -8.605
19.0 -6.685
19.0 -6.775
19.0 -10.515
19.0 -5.535
19.0 -8.11
19.0 -7.5
19.0 -5.945
19.0 -9.66
19.0 -10.68
19.0 -9.765
19.0 -5.05
19.0 -6.72
19.0 -9.02
19.0 -6.54
19.0 -5.35
19.0 -6.395
19.0 -5.555
19.0 -5.08
19.0 -8.785
19.0 -6.285
19.0 -4.01
19.0 -4.64
19.0 -7.555
19.0 -9.78
19.0 -7.165
19.0 -6.34
19.0 -3.955
19.0 -4.99
19.0 -5.01
19.0 -4.355
19.0 -9.35
19.0 -9.745
19.0 -9.555
19.0 -5.13
19.0 -6.72
19.0 -7.64
19.0 -7.035
19.0 -4.16
19.0 -8.04
19.0 -8.065
19.0 -9.02
19.0 -6.275
19.0 -6.14
19.0 -10.635
19.0 -6.38
19.0 -7.635
19.0 -7.865
19.0 -7.45
19.0 -7.255
19.0 -7.435
19.0 -8.015
19.0 -10.71
19.0 -9.565
19.0 -5.825
19.0 -4.43
19.0 -5.755
19.0 -7.19
19.0 -5.97
19.0 -5.6
19.0 -7.335
19.0 -6.975
19.0 -5.685
19.0 -6.365
19.0 -6.4
19.0 -6.27
19.0 -4.245
19.0 -5.155
19.0 -4.195
19.0 -7.115
19.0 -7.59
19.0 -7.315
19.0 -7.62
19.0 -3.97
19.0 -2.81
19.0 -5.355
19.0 -6.155
19.0 -6.225
19.0 -4.795
19.0 -4.695
19.0 -3.935
19.0 -5.875
19.0 -7.865
19.0 -4.575
19.0 -5.31
19.0 -5.94
19.0 -6.165
19.0 -8.32
19.0 -2.415
19.0 -7.35
19.0 -5.11
19.0 -9.505
19.0 -6.745
19.0 -6.065
19.0 -4.49
19.0 -5.03
19.0 -4.17
19.0 -4.32
19.0 -4.515
19.0 -7.35
19.0 -3.12
19.0 -4.695
19.0 -6.0
19.0 -4.105
19.0 -4.88
19.0 -9.175
19.0 -9.58
19.0 -6.82
19.0 -8.665
500
4.5 -37.7
9.0 -17.595
15.5 -15.055
15.5 -11.185
15.5 -11.17
15.5 -7.85
15.5 -5.735
15.5 -8.095
15.5 -7.865
15.5 -8.94
15.5 -10.53
15.5 -12.38
15.5 -5.0
15.5 -6.11
15.5 -9.245
15.5 -8.505
15.5 -9.44
15.5 -8.445
15.5 -7.43
15.5 -7.485
15.5 -7.225
15.5 -7.61
18.0 -8.055
18.0 -7.765
18.0 -8.09
18.0 -9.955
18.0 -5.695
18.0 -6.18
18.0 -9.08
18.0 -8.675
18.0 -5.205
18.0 -10.045
18.0 -9.1
18.0 -3.43
18.0 -5.43
18.0 -7.765
18.0 -8.52
18.0 -4.755
18.0 -7.05
18.0 -7.585
18.0 -8.585
18.0 -5.44
18.0 -7.975
18.0 -4.13
18.0 -9.15
18.0 -7.89
18.0 -8.025
18.0 -8.185
18.0 -6.375
18.0 -7.355
18.0 -6.91
18.0 -10.295
18.0 -9.45
18.0 -6.72
18.0 -8.875
18.0 -5.3
18.0 -7.98
18.5 -10.44
18.5 -4.76
18.5 -4.64
18.5 -5.65
18.5 -5.08
18.5 -6.48
18.5 -6.45
18.5 -8.28
18.5 -6.075
18.5 -5.315
18.5 -9.595
18.5 -5.515
18.5 -7.715
18.5 -6.29
18.5 -7.755
18.5 -7.405
18.5 -6.115
18.5 -9.21
18.5 -5.685
18.5 -5.835
18.5 -5.68
18.5 -5.76
18.5 -6.815
18.5 -8.035
18.5 -9.605
18.5 -5.03
18.5 -7.705
18.5 -9.745
18.5 -6.59
18.5 -7.945
18.5 -8.685
18.5 -8.775
18.5 -7.745
18.5 -6.59
18.5 -8.55
18.5 -6.0
18.5 -6.47
18.5 -7.86
18.5 -6.58
18.5 -5.88
18.5 -7.295
18.5 -8.285
18.5 -7.375
18.5 -7.02
18.5 -9.815
18.5 -8.635
18.5 -5.17
18.5 -6.525
18.5 -9.67
18.5 -6.005
18.5 -10.405
18.5 -8.375
18.5 -8.02
18.5 -5.26
18.5 -2.6
18.5 -4.99
18.5 -8.195
18.5 -9.29
18.5 -6.205
18.5 -7.45
18.5 -4.555
18.5 -5.75
18.5 -9.135
18.5 -8.115
18.5 -9.02
18.5 -9.55
18.5 -7.475
18.5 -5.185
18.5 -7.585
18.5 -6.92
18.5 -5.5
18.5 -6.79
18.5 -8.345
18.5 -5.31
18.5 -4.67
18.5 -8.35
18.5 -7.225
18.5 -6.2
18.5 -4.565
18.5 -10.595
18.5 -6.9
18.5 -8.22
18.5 -8.0
18.5 -7.18
18.5 -9.54
18.5 -3.985
18.5 -6.14
18.5 -4.175
18.5 -5.205
18.5 -5.83
18.5 -9.455
18.5 -8.23
18.5 -6.435
18.5 -6.4
18.5 -6.82
18.5 -5.86
18.5 -5.61
18.5 -6.21
18.5 -4.3
18.5 -4.79
18.5 -9.455
18.5 -5.645
18.5 -8.06
18.5 -8.58
18.5 -6.425
18.5 -8.25
18.5 -9.005
18.5 -3.38
18.5 -6.18
18.5 -8.63
18.5 -7.665
18.5 -7.575
18.5 -6.835
18.5 -7.45
18.5 -6.315
18.5 -7.84
18.5 -5.575
18.5 -4.585
18.5 -3.925
18.5 -7.19
18.5 -7.6
18.5 -8.34
18.5 -7.205
18.5 -6.745
18.5 -7.27
18.5 -9.815
18.5 -7.105
18.5 -8.885
18.5 -7.86
18.5 -5.815
18.5 -6.635
18.5 -7.6
18.5 -4.125
18.5 -7.25
18.5 -6.85
18.5 -6.495
18.5 -8.835
18.5 -6.035
18.5 -7.705
18.5 -5.41
18.5 -4.41
18.5 -5.13
18.5 -7.35
18.5 -5.2
18.5 -5.195
18.5 -6.03
18.5 -5.62
18.5 -5.54
18.5 -5.23
18.5 -6.895
18.5 -5.91
18.5 -3.75
18.5 -7.42
18.5 -6.93
18.5 -5.335
18.5 -7.515
18.5 -7.45
18.5 -5.705
18.5 -5.895
18.5 -6.005
18.5 -5.64
18.5 -6.9
18.5 -5.08
18.5 -5.14
18.5 -8.785
18.5 -8.385
18.5 -8.575
18.5 -4.985
18.5 -6.67
18.5 -7.625
18.5 -4.72
18.5 -7.445
18.5 -6.605
18.5 -5.155
18.5 -3.74
18.5 -7.825
18.5 -8.1
18.5 -8.135
18.5 -7.005
18.5 -6.55
18.5 -7.865
18.5 -8.635
18.5 -8.74
18.5 -4.815
18.5 -7.325
18.5 -8.965
18.5 -5.325
18.5 -11.7
18.5 -10.495
18.5 -8.245
18.5 -10.735
18.5 -6.74
18.5 -8.635
18.5 -8.34
18.5 -6.945
18.5 -5.005
18.5 -3.81
18.5 -6.025
18.5 -7.28
18.5 -7.035
18.5 -6.045
18.5 -6.26
18.5 -6.27
18.5 -4.915
18.5 -9.485
18.5 -9.17
18.5 -6.765
18.5 -8.06
18.5 -6.38
18.5 -4.505
18.5 -6.505
18.5 -7.785
18.5 -5.96
18.5 -4.985
18.5 -9.03
18.5 -7.99
18.5 -6.515
19.0 -5.935
19.0 -4.95
19.0 -6.795
19.0 -5.13
19.0 -8.155
19.0 -6.265
19.0 -10.135
19.0 -7.685
19.0 -6.74
19.0 -7.93
19.0 -5.53
19.0 -5.785
19.0 -4.435
19.0 -7.105
19.0 -7.205
19.0 -6.7
19.0 -9.1
19.0 -8.865
19.0 -7.58
19.0 -9.04
19.0 -8.29
19.0 -4.395
19.0 -4.65
19.0 -6.175
19.0 -7.755
19.0 -8.295
19.0 -6.6
19.0 -10.215
19.0 -9.085
19.0 -9.185
19.0 -7.545
19.0 -6.07
19.0 -5.855
19.0 -6.345
19.0 -8.08
19.0 -5.07
19.0 -8.255
19.0 -6.185
19.0 -5.95
19.0 -6.75
19.0 -6.205
19.0 -5.225
19.0 -7.155
19.0 -5.605
19.0 -5.395
19.0 -7.72
19.0 -5.725
19.0 -6.095
19.0 -5.585
19.0 -6.275
19.0 -6.135
19.0 -8.995
19.0 -6.97
19.0 -6.62
19.0 -5.97
19.0 -3.425
19.0 -4.645
19.0 -5.135
19.0 -5.49
19.0 -5.64
19.0 -7.265
19.0 -4.455
19.0 -6.85
19.0 -4.035
19.0 -5.53
19.0 -5.345
19.0 -4.855
19.0 -8.87
19.0 -4.69
19.0 -7.555
19.0 -7.72
19.0 -6.22
19.0 -8.38
19.0 -6.89
19.0 -5.475
19.0 -5.98
19.0 -4.725
19.0 -8.045
19.0 -5.545
19.0 -6.785
19.0 -5.065
19.0 -6.85
19.0 -5.405
19.0 -5.97
19.0 -6.895
19.0 -8.1
19.0 -6.32
19.0 -5.765
19.0 -5.42
19.0 -4.005
19.0 -8.13
19.0 -7.165
19.0 -5.315
19.0 -8.79
19.0 -7.345
19.0 -5.56
19.0 -6.93
19.0 -4.245
19.0 -5.18
19.0 -5.255
19.0 -4.535
19.0 -5.585
19.0 -2.885
19.0 -4.335
19.0 -3.57
19.0 -5.94
19.0 -5.505
19.0 -7.075
19.0 -5.55
19.0 -7.845
19.0 -8.085
19.0 -6.64
19.0 -7.0
19.0 -6.795
19.0 -5.07
19.0 -7.375
19.0 -5.305
19.0 -7.705
19.0 -3.675
19.0 -9.1
19.0 -6.88
19.0 -7.245
19.0 -7.68
19.0 -5.19
19.0 -8.165
19.0 -5.27
19.0 -5.62
19.0 -6.595
19.0 -4.88
19.0 -5.31
19.0 -4.23
19.0 -4.26
19.0 -5.26
19.0 -7.535
19.0 -5.945
19.0 -6.53
19.0 -6.79
19.0 -8.515
19.0 -5.545
19.0 -6.73
19.0 -7.03
19.0 -7.415
19.0 -2.98
19.0 -4.39
19.0 -4.125
19.0 -7.615
19.0 -6.455
19.0 -7.85
19.0 -4.96
19.0 -4.32
19.0 -7.79
19.0 -10.29
19.0 -5.405
19.0 -5.19
19.0 -7.62
19.0 -9.895
19.0 -8.575
19.0 -4.2
19.0 -6.315
19.0 -6.215
19.0 -4.84
19.0 -6.035
19.0 -9.09
19.0 -7.29
19.0 -3.415
19.0 -7.01
19.0 -4.925
19.0 -6.9
19.0 -4.56
19.0 -4.935
19.0 -3.92
19.0 -5.57
19.0 -6.5
19.0 -4.06
19.0 -6.66
19.0 -6.39
19.0 -6.45
19.0 -5.445
19.0 -7.66
19.0 -7.345
19.0 -6.69
19.0 -7.085
19.0 -6.67
19.0 -7.05
19.0 -5.26
19.0 -7.26
19.0 -5.985
19.0 -6.65
19.0 -5.575
19.0 -7.08
19.0 -7.87
19.0 -4.585
19.0 -7.105
19.0 -6.93
19.0 -6.555
19.0 -5.52
19.0 -5.395
19.0 -4.28
19.0 -7.315
19.0 -5.62
19.0 -8.115
19.0 -8.36
19.0 -6.86
19.0 -7.21
19.0 -5.875
19.0 -8.86
19.0 -5.755
19.0 -7.135
19.0 -9.04
19.0 -6.27
19.0 -6.43
19.0 -8.3
19.0 -6.73
19.0 -5.025
19.0 -5.755
19.0 -5.845
19.0 -7.72
19.0 -6.97
19.0 -9.5
19.0 -8.775
19.0 -6.155
19.0 -9.56
19.0 -6.44
19.0 -5.3
19.0 -6.305
19.0 -9.615
500
14.0 -38.59
14.5 -13.59
14.5 -8.645
14.5 -10.305
14.5 -9.435
14.5 -8.81
14.5 -5.475
14.5 -8.68
14.5 -9.815
14.5 -7.56
14.5 -7.46
14.5 -6.635
17.5 -3.645
17.5 -5.51
17.5 -7.36
17.5 -7.2
17.5 -7.425
17.5 -6.545
17.5 -7.07
17.5 -10.235
17.5 -3.25
17.5 -5.29
17.5 -5.0
17.5 -6.31
17.5 -4.965
17.5 -6.845
17.5 -4.575
17.5 -8.72
17.5 -7.06
17.5 -4.89
17.5 -5.2
17.5 -8.75
17.5 -5.17
17.5 -6.14
17.5 -8.025
17.5 -6.43
17.5 -7.38
17.5 -7.535
17.5 -6.66
17.5 -7.06
17.5 -6.11
17.5 -5.44
17.5 -7.84
17.5 -7.04
17.5 -8.27
17.5 -8.615
17.5 -3.37
17.5 -4.76
17.5 -7.305
17.5 -6.77
17.5 -7.01
17.5 -9.87
17.5 -7.285
17.5 -5.325
17.5 -3.79
17.5 -6.6
17.5 -6.73
17.5 -6.88
17.5 -10.32
17.5 -8.555
17.5 -6.545
17.5 -6.685
17.5 -8.43
17.5 -6.195
17.5 -7.38
17.5 -5.52
17.5 -9.415
17.5 -5.6
17.5 -9.12
17.5 -5.86
19.0 -5.395
19.0 -8.3
19.0 -10.32
19.0 -4.865
19.0 -6.925
19.0 -6.6
19.0 -8.265
19.0 -9.325
19.0 -5.335
19.0 -5.7
19.0 -4.445
19.0 -9.44
19.0 -7.5
19.0 -9.145
19.0 -6.89
19.0 -6.545
19.0 -8.68
19.0 -8.02
19.0 -6.95
19.0 -7.205
19.0 -7.35
19.0 -8.805
19.0 -8.08
19.0 -5.485
19.0 -8.52
19.0 -5.75
19.0 -5.34
19.0 -8.95
19.0 -6.78
19.0 -6.75
19.0 -3.785
19.0 -5.675
19.0 -7.8
19.0 -9.16
19.0 -6.34
19.0 -5.115
19.0 -7.035
19.0 -8.14
19.0 -9.24
19.0 -9.96
19.0 -9.705
19.0 -10.205
19.0 -11.035
19.0 -10.12
19.0 -7.08
19.0 -8.09
19.0 -8.86
19.0 -7.935
19.0 -8.095
19.0 -9.13
19.0 -7.205
19.0 -10.09
19.0 -9.625
19.0 -5.96
19.0 -8.815
19.0 -7.385
19.0 -7.57
19.0 -6.665
19.0 -6.94
19.0 -9.255
19.0 -7.09
19.0 -6.055
19.0 -6.915
19.0 -6.985
19.0 -5.385
19.0 -7.295
19.0 -8.225
19.0 -7.22
19.0 -7.24
19.0 -4.68
19.0 -7.72
19.0 -8.315
19.0 -5.21
19.0 -7.77
19.0 -7.595
19.0 -9.195
19.0 -9.785
19.0 -5.1
19.0 -6.43
19.0 -7.665
19.0 -6.825
19.0 -8.225
19.0 -7.035
19.0 -5.98
19.0 -8.695
19.0 -8.375
19.0 -6.5
19.0 -6.325
19.0 -8.38
19.0 -8.285
19.0 -6.725
19.0 -5.68
19.0 -4.9
19.0 -7.55
19.0 -7.225
19.0 -7.05
19.0 -10.835
19.0 -7.245
19.0 -6.565
19.0 -7.355
19.0 -4.42
19.0 -4.065
19.0 -6.435
19.0 -4.02
19.0 -4.795
19.0 -7.45
19.0 -6.585
19.0 -7.075
19.0 -8.37
19.0 -5.88
19.0 -6.62
19.0 -3.83
19.0 -5.82
19.0 -12.21
19.0 -8.995
19.0 -7.925
19.0 -7.325
19.0 -7.89
19.0 -7.265
19.0 -7.59
19.0 -7.77
19.0 -10.42
19.0 -8.335
19.0 -8.41
19.0 -7.325
19.0 -6.66
19.0 -7.255
19.0 -7.76
19.0 -7.81
19.0 -8.34
19.0 -8.135
19.0 -7.545
19.0 -5.64
19.0 -6.24
19.0 -7.785
19.0 -8.285
19.0 -9.415
19.0 -6.0
19.0 -5.01
19.0 -6.07
19.0 -8.295
19.0 -6.205
19.0 -7.91
19.0 -8.33
19.0 -8.35
19.0 -6.675
19.0 -6.54
19.0 -2.975
19.0 -5.055
19.0 -9.48
19.0 -6.455
19.0 -12.18
19.0 -8.995
19.0 -10.64
19.0 -8.16
19.0 -8.03
19.0 -7.05
19.0 -6.885
19.0 -7.96
19.0 -4.92
19.0 -6.915
19.0 -4.085
19.0 -7.405
19.0 -5.785
19.0 -4.895
19.0 -9.025
19.0 -8.505
19.0 -5.49
19.0 -7.22
19.0 -6.93
19.0 -5.935
19.0 -7.94
19.0 -6.17
19.0 -6.39
19.0 -6.21
19.0 -4.085
19.0 -4.695
19.0 -8.52
19.0 -7.985
19.0 -5.75
19.0 -5.64
19.0 -7.075
19.0 -6.905
19.0 -8.01
19.0 -7.565
19.0 -8.305
19.0 -6.88
19.0 -11.12
19.0 -8.005
19.0 -6.015
19.0 -5.76
19.0 -10.38
19.0 -8.605
19.0 -4.385
19.0 -8.005
19.0 -7.435
19.0 -9.745
19.0 -6.81
19.0 -4.975
19.0 -4.625
19.0 -6.795
19.0 -7.175
19.0 -5.215
19.0 -4.89
19.0 -9.86
19.0 -6.955
19.0 -6.6
19.0 -5.71
19.0 -8.895
19.0 -6.63
19.0 -5.475
19.0 -4.135
19.0 -7.385
19.0 -7.375
19.0 -8.215
19.0 -6.915
19.0 -6.41
19.0 -8.05
19.0 -10.055
19.0 -7.715
19.0 -8.37
19.0 -8.18
19.0 -5.96
19.0 -8.365
19.0 -7.03
19.0 -9.08
19.0 -7.87
19.0 -7.34
19.0 -8.135
19.0 -8.745
19.0 -8.945
19.0 -7.185
19.0 -6.17
19.0 -8.345
19.0 -8.755
19.0 -7.63
19.0 -8.99
19.0 -3.395
19.0 -2.175
19.0 -7.035
19.0 -9.535
19.0 -8.39
19.0 -7.99
19.0 -9.855
19.0 -9.61
19.0 -13.645
19.0 -11.065
19.0 -8.845
19.0 -11.525
19.0 -8.09
19.0 -5.8
19.0 -7.695
19.0 -8.675
19.0 -7.615
19.0 -4.425
19.0 -4.64
19.0 -7.35
19.0 -7.7
19.0 -6.715
19.0 -7.97
19.0 -8.545
19.0 -8.02
19.0 -6.73
19.0 -7.45
19.0 -6.415
19.0 -6.48
19.0 -7.73
19.0 -6.285
19.0 -4.92
19.0 -6.495
19.0 -7.74
19.0 -8.37
19.0 -8.76
19.0 -5.485
19.0 -4.685
19.0 -3.825
19.0 -4.69
19.0 -5.82
19.0 -5.765
19.0 -3.62
19.0 -8.25
19.0 -8.195
19.0 -3.065
19.0 -7.64
19.0 -4.425
19.0 -4.57
19.0 -5.0
19.0 -8.27
19.0 -4.43
19.0 -3.94
19.0 -5.43
19.0 -7.42
19.0 -8.595
19.0 -6.195
19.0 -5.86
19.0 -7.165
19.0 -8.745
19.0 -7.225
19.0 -5.43
19.0 -6.255
19.0 -7.9
19.0 -9.565
19.0 -7.83
19.0 -4.745
19.0 -8.72
19.0 -7.785
19.0 -8.53
19.0 -8.01
19.0 -6.46
19.0 -8.465
19.0 -9.71
19.0 -11.92
19.0 -8.245
19.0 -8.865
19.0 -9.195
19.0 -8.72
19.0 -5.805
19.0 -4.66
19.0 -6.72
19.0 -6.68
19.0 -9.73
19.0 -4.18
19.0 -4.41
19.0 -5.885
19.0 -7.785
19.0 -5.515
19.0 -8.3
19.0 -6.21
19.0 -6.095
19.0 -4.925
19.0 -6.83
19.0 -5.97
19.0 -7.62
19.0 -4.7
19.0 -7.825
19.0 -7.775
19.0 -5.47
19.0 -7.67
19.0 -6.45
19.0 -6.345
19.0 -5.925
19.0 -5.655
19.0 -6.7
19.0 -8.89
19.0 -6.98
19.0 -5.885
19.0 -7.11
19.0 -7.48
19.0 -5.635
19.0 -5.58
19.0 -7.765
19.0 -6.14
19.0 -5.385
19.0 -7.54
19.0 -5.955
19.0 -10.87
19.0 -7.43
19.0 -10.93
19.0 -8.14
19.0 -8.265
19.0 -8.15
19.0 -10.835
19.0 -5.3
19.0 -5.26
19.0 -6.305
19.0 -6.715
19.0 -7.17
19.0 -8.275
19.0 -7.38
19.0 -6.44
19.0 -8.465
19.0 -9.52
19.0 -6.98
19.0 -4.52
19.0 -6.16
19.0 -8.54
19.0 -5.775
19.0 -6.07
19.0 -5.405
19.0 -5.04
19.0 -6.8
19.0 -8.395
19.0 -9.75
19.0 -10.15
19.0 -4.295
19.0 -8.725
19.0 -9.955
19.0 -6.99
19.0 -5.195
19.0 -9.845
19.0 -7.13
19.0 -6.22
19.0 -9.42
19.0 -6.38
19.0 -5.955
19.0 -5.075
19.0 -4.16
19.0 -7.45
19.0 -7.4
19.0 -6.545
19.0 -6.32
19.0 -8.505
19.0 -6.225
19.0 -10.33
19.0 -9.455
19.0 -5.555
19.0 -9.275
19.0 -6.3
19.0 -4.67
19.0 -6.255
19.0 -5.81
19.0 -6.34
19.0 -4.73
19.0 -5.42
19.0 -9.295
19.0 -5.45
19.0 -8.455
19.0 -8.02
19.0 -8.925
19.0 -6.615
19.0 -6.99
19.0 -8.4
19.0 -7.295
19.0 -5.825
19.0 -7.165
19.0 -7.425
19.0 -6.695
19.0 -7.805
19.0 -6.37
19.0 -4.78
500
4.5 -41.12
4.5 -18.47
13.5 -17.165
13.5 -10.025
13.5 -15.065
13.5 -12.585
13.5 -9.08
13.5 -8.55
13.5 -10.66
14.5 -9.41
14.5 -6.875
14.5 -6.635
14.5 -9.96
14.5 -8.665
14.5 -11.595
15.0 -5.885
15.0 -8.92
15.0 -8.235
15.0 -5.03
15.5 -5.51
15.5 -5.165
15.5 -3.655
15.5 -7.455
15.5 -7.39
16.0 -6.425
16.0 -7.66
16.0 -5.855
16.0 -6.48
16.0 -7.59
16.0 -11.77
16.0 -8.245
16.0 -8.33
16.0 -6.695
17.0 -7.57
17.0 -7.385
17.0 -9.355
17.0 -9.245
17.0 -6.6
17.0 -6.125
17.0 -6.65
17.0 -8.23
17.0 -7.11
17.0 -5.985
17.0 -4.32
17.0 -11.125
17.0 -7.38
17.0 -6.9
17.0 -8.735
17.0 -7.62
17.0 -6.23
17.0 -9.795
17.0 -6.825
17.0 -7.05
17.0 -4.985
17.0 -8.09
17.0 -6.355
17.0 -8.075
17.0 -6.19
17.0 -7.92
17.0 -6.97
17.0 -9.21
17.0 -7.85
17.0 -8.075
17.0 -7.1
17.0 -7.44
17.0 -5.34
17.0 -5.905
17.0 -7.885
17.0 -8.365
17.0 -8.85
17.0 -5.195
17.0 -4.515
17.0 -6.225
17.0 -7.03
17.0 -8.13
17.0 -6.645
17.0 -6.225
17.0 -7.475
17.0 -4.955
17.0 -7.585
17.0 -7.96
17.0 -4.775
17.0 -9.74
18.0 -6.09
18.0 -8.845
18.0 -8.8
18.0 -9.03
18.0 -5.56
18.0 -7.705
18.0 -3.555
18.0 -7.29
18.0 -7.59
18.0 -7.47
18.0 -6.72
18.0 -8.055
18.0 -6.085
18.0 -7.065
18.0 -6.45
18.0 -8.64
18.0 -6.72
18.0 -5.895
18.0 -9.04
18.0 -8.555
18.0 -6.84
18.0 -5.1
18.0 -6.355
18.0 -8.295
18.0 -5.355
18.0 -7.58
18.0 -6.63
18.0 -5.31
18.0 -6.925
18.0 -9.28
18.0 -8.16
18.0 -5.58
18.0 -9.08
18.0 -6.705
18.0 -7.6
18.0 -7.39
18.0 -5.465
18.0 -5.42
18.0 -8.065
18.0 -7.37
18.0 -4.115
18.0 -6.44
18.0 -5.735
18.0 -7.095
18.0 -5.145
18.0 -7.115
18.0 -6.2
18.0 -4.45
18.0 -9.185
18.0 -5.765
18.0 -6.965
18.0 -5.16
18.0 -6.555
18.0 -6.96
18.0 -7.025
18.0 -7.23
18.0 -8.3
18.0 -6.245
18.0 -5.96
18.0 -4.78
18.0 -9.555
18.0 -5.5
18.0 -8.36
18.0 -9.6
18.0 -3.21
18.0 -5.55
18.0 -7.275
18.0 -10.785
18.0 -8.53
18.0 -6.03
18.0 -6.97
18.0 -6.22
18.0 -6.925
18.0 -7.94
18.0 -9.665
18.0 -8.3
18.0 -6.915
18.0 -9.025
18.0 -7.705
18.0 -8.23
18.0 -3.645
18.0 -7.365
18.0 -6.72
18.0 -6.17
18.0 -6.575
18.0 -7.595
18.0 -8.345
18.0 -6.135
18.0 -6.265
18.0 -8.21
18.0 -7.45
18.0 -7.275
18.0 -6.55
18.0 -4.605
18.0 -6.215
18.0 -2.235
18.0 -4.59
18.0 -7.375
18.0 -8.195
18.0 -7.265
18.0 -5.835
18.0 -8.145
18.0 -6.93
18.0 -6.36
18.0 -9.9
18.0 -9.08
18.0 -8.55
18.0 -5.41
18.0 -5.84
18.0 -10.62
18.0 -11.195
18.0 -10.81
18.0 -7.9
18.0 -5.7
18.0 -9.2
18.0 -6.655
18.0 -6.88
18.0 -5.09
18.0 -9.83
18.0 -10.945
18.0 -10.3
18.0 -6.885
18.0 -10.03
18.0 -6.475
18.0 -6.42
18.0 -10.775
18.0 -6.405
18.0 -11.17
18.0 -9.375
18.0 -7.215
18.0 -4.87
18.0 -5.695
18.0 -8.715
18.0 -8.895
18.0 -5.63
18.0 -7.14
18.0 -5.91
18.0 -6.425
18.0 -2.345
18.0 -3.28
18.0 -5.92
18.0 -3.76
18.0 -10.26
18.0 -8.095
18.0 -8.02
18.0 -5.245
18.0 -8.295
18.0 -5.105
18.0 -6.0
18.0 -5.045
18.0 -6.18
18.0 -8.935
18.0 -5.465
18.0 -7.56
18.0 -5.815
18.0 -6.055
18.0 -7.77
18.0 -4.785
18.0 -2.825
18.0 -5.93
18.0 -5.51
18.0 -6.585
18.0 -5.545
18.0 -7.885
18.0 -9.115
18.0 -8.27
18.0 -7.505
18.0 -6.34
18.0 -6.795
18.0 -6.24
18.0 -8.55
18.0 -3.925
18.0 -4.98
18.0 -5.82
18.0 -8.29
18.0 -9.265
18.0 -7.96
18.0 -8.37
18.0 -7.365
18.0 -8.395
19.0 -5.765
19.0 -6.89
19.0 -8.8
19.0 -6.54
19.0 -6.785
19.0 -4.485
19.0 -7.195
19.0 -3.875
19.0 -8.295
19.0 -7.545
19.0 -6.705
19.0 -6.35
19.0 -8.73
19.0 -6.755
19.0 -8.74
19.0 -6.505
19.0 -9.91
19.0 -10.03
19.0 -5.73
19.0 -5.155
19.0 -5.76
19.0 -4.42
19.0 -5.62
19.0 -7.275
19.0 -6.43
19.0 -6.72
19.0 -4.88
19.0 -5.635
19.0 -7.49
19.0 -10.65
19.0 -9.92
19.0 -6.61
19.0 -6.94
19.0 -6.015
19.0 -5.97
19.0 -8.17
19.0 -8.925
19.0 -7.325
19.0 -6.815
19.0 -7.61
19.0 -7.2
19.0 -9.07
19.0 -10.58
19.0 -8.64
19.0 -6.235
19.0 -6.135
19.0 -4.745
19.0 -8.57
19.0 -9.88
19.0 -8.32
19.0 -6.53
19.0 -4.2
19.0 -6.545
19.0 -9.265
19.0 -9.765
19.0 -11.715
19.0 -5.435
19.0 -8.32
19.0 -7.825
19.0 -6.465
19.0 -6.76
19.0 -5.205
19.0 -5.0
19.0 -8.2
19.0 -7.045
19.0 -7.475
19.0 -7.19
19.0 -6.835
19.0 -7.975
19.0 -7.555
19.0 -6.32
19.0 -5.695
19.0 -8.255
19.0 -5.915
19.0 -8.095
19.0 -9.765
19.0 -7.59
19.0 -7.3
19.0 -2.165
19.0 -7.005
19.0 -9.495
19.0 -8.345
19.0 -6.595
19.0 -10.16
19.0 -6.765
19.0 -8.43
19.0 -4.845
19.0 -5.37
19.0 -6.49
19.0 -6.26
19.0 -5.135
19.0 -7.01
19.0 -8.955
19.0 -8.46
19.0 -9.115
19.0 -8.27
19.0 -9.26
19.0 -6.415
19.0 -4.495
19.0 -4.225
19.0 -5.96
19.0 -6.52
19.0 -5.405
19.0 -6.37
19.0 -6.535
19.0 -7.68
19.0 -5.505
19.0 -8.005
19.0 -7.22
19.0 -8.21
19.0 -8.715
19.0 -8.165
19.0 -8.455
19.0 -9.2
19.0 -7.16
19.0 -5.32
19.0 -3.41
19.0 -7.895
19.0 -5.65
19.0 -7.81
19.0 -5.25
19.0 -6.13
19.0 -4.275
19.0 -9.055
19.0 -8.7
19.0 -8.06
19.0 -9.155
19.0 -11.17
19.0 -8.715
19.0 -10.09
19.0 -5.325
19.0 -8.24
19.0 -8.435
19.0 -6.15
19.0 -6.385
19.0 -7.695
19.0 -5.215
19.0 -7.72
19.0 -9.405
19.0 -6.735
19.0 -5.18
19.0 -4.575
19.0 -4.36
19.0 -6.67
19.0 -3.995
19.0 -8.065
19.0 -11.36
19.0 -9.505
19.0 -10.725
19.0 -8.535
19.0 -9.555
19.0 -8.125
19.0 -7.075
19.0 -5.965
19.0 -5.66
19.0 -7.26
19.0 -9.295
19.0 -5.06
19.0 -6.635
19.0 -7.785
19.0 -7.32
19.0 -8.195
19.0 -5.965
19.0 -5.36
19.0 -6.135
19.0 -4.115
19.0 -7.04
19.0 -6.2
19.0 -7.585
19.0 -7.605
19.0 -5.23
19.0 -6.39
19.0 -9.115
19.0 -7.15
19.0 -7.025
19.0 -8.09
19.0 -5.115
19.0 -4.41
19.0 -4.97
19.0 -3.05
19.0 -6.95
19.0 -6.64
19.0 -8.525
19.0 -6.845
19.0 -6.33
19.0 -6.21
19.0 -6.76
19.0 -4.22
19.0 -8.155
19.0 -6.805
19.0 -8.29
19.0 -5.01
19.0 -4.84
19.0 -4.62
19.0 -6.8
19.0 -6.215
19.0 -7.665
19.0 -6.08
19.0 -7.04
19.0 -8.025
19.0 -5.41
19.0 -7.635
19.0 -4.79
19.0 -6.55
19.0 -9.395
19.0 -8.075
19.0 -5.645
19.0 -6.115
19.0 -6.585
19.0 -7.06
19.0 -7.045
19.0 -6.83
19.0 -8.75
19.0 -9.13
19.0 -8.38
19.0 -6.81
19.0 -6.005
19.0 -3.515
19.0 -3.495
19.0 -6.055
19.0 -8.175
19.0 -8.22
19.0 -5.905
19.0 -5.39
19.0 -5.63
19.0 -6.975
19.0 -8.25
19.0 -7.4
19.0 -6.29
19.0 -5.14
19.0 -6.955
19.0 -5.565
19.0 -7.605
19.0 -7.025
19.0 -6.895
19.0 -6.49
19.0 -6.02
500
13.0 -37.555
13.0 -16.66
13.0 -12.41
13.0 -11.015
15.0 -9.26
15.0 -5.975
16.0 -8.055
16.0 -7.315
16.0 -7.38
16.0 -6.95
16.0 -10.645
16.0 -8.635
16.0 -11.405
18.0 -7.54
18.0 -6.85
18.0 -6.27
18.0 -7.25
18.0 -6.08
18.0 -6.215
18.0 -8.565
18.0 -8.175
18.0 -6.935
18.0 -7.04
18.0 -8.01
18.0 -5.27
18.0 -7.29
18.0 -4.84
18.0 -5.71
18.0 -7.625
18.0 -10.02
18.0 -7.99
18.0 -7.18
18.0 -6.2
18.0 -8.745
18.0 -6.535
18.0 -7.94
18.0 -7.915
18.0 -6.11
18.0 -10.19
18.0 -6.67
18.0 -7.34
18.0 -7.435
18.0 -8.16
18.0 -8.19
18.0 -6.62
18.0 -6.23
18.0 -12.765
18.0 -11.585
18.0 -7.075
18.0 -7.48
18.0 -7.105
18.0 -10.21
18.0 -5.5
18.0 -6.195
18.0 -9.535
18.0 -7.06
18.0 -5.75
18.0 -6.495
18.0 -6.305
18.0 -9.76
18.0 -7.48
18.0 -7.96
18.0 -7.46
18.0 -6.73
18.0 -5.97
18.0 -8.135
18.0 -8.145
18.0 -10.105
18.0 -10.745
18.0 -7.235
18.0 -9.5
18.0 -9.665
18.0 -7.615
18.0 -7.235
18.0 -8.04
18.0 -8.15
18.0 -6.21
18.0 -7.495
18.0 -9.5
18.0 -7.285
18.0 -9.445
18.0 -6.03
18.0 -7.26
18.0 -10.52
18.0 -10.14
18.0 -10.73
18.0 -8.53
18.0 -6.74
18.0 -4.37
18.0 -6.36
18.0 -8.375
18.0 -7.72
18.0 -6.155
18.0 -8.73
18.0 -6.89
18.0 -8.4
18.0 -4.27
18.0 -8.275
18.0 -7.31
18.0 -9.475
18.0 -6.13
18.0 -8.13
18.0 -5.76
18.0 -7.435
18.0 -6.595
18.0 -7.34
18.0 -7.41
18.0 -7.275
18.0 -6.92
18.0 -9.2
18.0 -7.215
18.0 -8.925
18.0 -4.795
18.0 -7.965
18.0 -6.345
18.0 -7.365
18.0 -7.025
18.0 -4.0
18.0 -5.095
18.0 -8.085
18.0 -5.365
18.0 -9.97
18.0 -4.75
18.0 -6.705
18.0 -9.375
18.0 -9.285
18.0 -6.515
18.0 -7.515
18.0 -9.53
18.0 -8.16
18.0 -6.455
18.0 -3.335
18.0 -5.99
18.0 -7.63
18.0 -7.49
18.0 -8.82
18.0 -7.775
18.0 -6.715
18.0 -6.12
18.0 -6.54
18.0 -10.295
18.0 -6.205
18.0 -7.285
18.0 -7.005
18.0 -8.645
18.0 -4.515
18.0 -4.96
18.0 -7.115
18.0 -5.505
18.0 -9.145
18.0 -4.48
18.0 -6.62
18.0 -7.09
18.0 -6.51
18.0 -4.98
18.0 -4.79
18.0 -6.07
18.0 -6.49
18.0 -5.465
18.0 -3.58
18.0 -6.325
18.0 -6.465
18.0 -12.23
18.0 -8.125
18.0 -7.14
18.0 -6.985
18.0 -6.46
18.0 -5.22
18.0 -5.805
18.0 -5.6
18.0 -4.04
18.0 -6.135
18.0 -5.31
18.0 -7.295
18.0 -6.2
18.0 -8.785
18.0 -6.535
18.0 -6.09
18.0 -5.515
18.0 -9.595
18.0 -7.235
18.0 -8.38
18.0 -6.82
18.0 -7.445
18.0 -8.91
18.0 -9.61
18.0 -7.945
18.0 -8.085
18.0 -5.935
18.0 -5.62
18.0 -7.235
18.0 -9.22
18.0 -7.25
18.0 -7.175
18.0 -4.585
18.0 -6.36
18.0 -7.69
18.0 -7.44
18.0 -9.395
18.0 -8.215
18.0 -5.58
18.0 -7.885
18.0 -6.34
18.0 -6.69
18.0 -9.545
18.0 -8.51
18.0 -8.795
18.0 -8.975
18.0 -8.415
18.0 -6.665
18.0 -7.425
18.0 -7.775
18.0 -7.19
18.0 -5.525
18.0 -5.415
18.0 -6.46
18.0 -10.335
18.0 -7.62
18.0 -8.325
18.0 -10.31
18.0 -7.455
18.0 -6.495
18.0 -7.025
18.0 -6.215
18.0 -8.345
18.0 -6.69
18.0 -8.985
18.0 -6.925
18.0 -8.78
18.0 -5.77
18.0 -6.5
18.0 -6.125
18.0 -6.285
18.0 -6.34
18.0 -5.49
18.0 -5.15
18.0 -8.295
18.0 -8.18
18.0 -9.38
18.0 -7.175
18.0 -8.265
18.0 -8.58
18.0 -6.465
18.0 -5.255
18.0 -6.215
18.0 -5.38
18.0 -5.965
18.0 -7.3
18.0 -5.095
18.0 -5.285
18.0 -4.265
18.0 -7.125
18.0 -6.28
18.0 -5.475
18.0 -6.035
18.0 -7.495
18.0 -6.64
18.0 -4.265
18.0 -6.405
18.0 -6.065
18.0 -5.085
18.0 -4.485
18.0 -4.915
18.0 -6.88
18.0 -6.59
18.0 -7.775
18.0 -8.575
18.0 -7.155
18.0 -6.26
18.0 -8.06
18.0 -7.035
18.0 -7.335
18.0 -8.45
18.0 -7.45
18.0 -6.285
18.0 -6.53
18.0 -7.44
18.0 -8.36
18.0 -9.0
18.0 -4.585
18.0 -7.87
18.0 -7.115
18.0 -8.18
18.0 -4.45
18.0 -5.08
18.0 -7.13
18.0 -6.885
18.0 -8.41
18.0 -5.81
18.0 -5.205
18.0 -7.06
18.0 -6.52
18.0 -8.955
18.0 -6.89
18.0 -8.195
18.0 -7.295
18.0 -6.895
18.0 -7.845
18.0 -7.255
18.0 -3.62
18.0 -8.345
18.0 -10.6
18.0 -6.95
18.0 -7.61
18.0 -8.145
18.0 -8.665
18.0 -4.43
18.0 -4.99
18.0 -9.4
18.0 -7.275
18.0 -7.225
18.0 -5.48
18.0 -6.81
18.0 -6.435
18.0 -6.77
18.0 -8.37
18.0 -5.21
18.0 -7.125
18.0 -4.41
18.0 -9.2
18.0 -3.8
18.0 -5.31
18.0 -7.555
18.0 -6.23
18.0 -6.465
18.0 -6.115
18.0 -9.79
18.0 -9.955
18.0 -7.74
18.0 -7.425
18.0 -9.07
18.0 -6.69
18.0 -7.135
18.0 -5.4
18.0 -7.64
18.0 -6.85
18.0 -6.105
18.0 -9.565
18.0 -6.645
18.0 -6.37
18.0 -9.165
18.0 -7.495
18.0 -5.305
18.0 -3.795
18.0 -3.335
18.0 -4.615
18.0 -6.94
18.0 -4.795
18.0 -9.62
18.0 -3.73
18.0 -9.005
18.0 -8.085
18.0 -7.12
18.0 -6.905
18.0 -4.63
18.0 -7.03
18.0 -5.135
18.0 -10.065
18.0 -7.555
18.0 -7.895
18.0 -7.285
18.0 -7.805
18.0 -7.575
18.0 -5.155
18.0 -5.77
18.0 -5.33
18.0 -5.02
18.0 -4.44
18.0 -4.27
18.0 -8.67
18.0 -4.01
18.0 -4.74
18.0 -5.145
18.0 -4.415
18.0 -2.97
18.0 -5.665
18.0 -8.035
18.0 -7.0
18.0 -4.92
18.0 -6.635
18.0 -6.215
18.0 -6.86
18.0 -7.12
18.0 -7.155
18.0 -8.365
18.0 -6.735
18.0 -9.65
18.0 -8.4
18.0 -5.47
18.0 -8.55
18.0 -7.74
18.0 -5.29
18.0 -5.28
18.0 -4.695
18.0 -7.44
18.0 -5.755
18.0 -7.275
18.0 -8.695
18.0 -7.71
18.0 -6.58
18.0 -5.165
18.0 -5.215
18.0 -3.475
18.0 -5.01
18.0 -7.98
18.0 -10.035
18.0 -6.245
18.0 -11.255
18.0 -9.395
18.0 -7.635
18.0 -7.17
18.0 -5.105
18.0 -6.315
18.0 -5.495
18.0 -7.34
18.0 -8.125
18.0 -6.995
18.0 -6.845
18.0 -5.475
18.0 -7.61
18.0 -7.485
18.0 -5.55
18.0 -7.75
18.0 -7.185
18.0 -6.98
18.0 -6.61
18.0 -7.635
18.0 -4.485
18.0 -5.355
18.0 -3.87
18.0 -4.995
18.0 -7.56
18.0 -6.19
18.0 -7.455
18.0 -5.695
18.0 -10.2
18.0 -5.225
18.5 -6.755
18.5 -5.955
18.5 -4.935
18.5 -5.56
18.5 -7.55
18.5 -7.695
18.5 -9.37
18.5 -6.425
18.5 -6.305
18.5 -7.675
18.5 -5.275
18.5 -4.61
18.5 -6.585
18.5 -7.425
18.5 -6.22
18.5 -6.715
18.5 -6.175
18.5 -7.345
18.5 -5.485
18.5 -7.995
18.5 -8.375
18.5 -7.36
18.5 -3.78
18.5 -8.69
18.5 -6.065
18.5 -3.65
18.5 -8.085
18.5 -6.82
18.5 -12.215
18.5 -6.415
18.5 -5.555
18.5 -7.235
18.5 -8.225
18.5 -6.745
18.5 -7.135
18.5 -6.44
18.5 -4.71
18.5 -5.305
18.5 -4.99
18.5 -8.32
18.5 -4.62
18.5 -4.555
18.5 -6.71
18.5 -10.175
18.5 -3.54
18.5 -6.925
18.5 -8.385
18.5 -9.315
18.5 -6.92
18.5 -6.31
18.5 -5.93
18.5 -7.3
18.5 -10.055
18.5 -7.44
18.5 -11.55
18.5 -7.835
18.5 -6.955
18.5 -7.485
18.5 -7.92
18.5 -5.815
18.5 -7.475
18.5 -6.115
18.5 -4.41

Individual: [1, 3, 4, 6, 11, 12, 15, 22, 26, 35, 36, 38, 42, 45, 47]
   Fitness: 19.5
     Total: 15
Violations: 3 3

Individual: [1, 2, 5, 10, 12, 17, 21, 26, 27, 31, 38, 39, 43, 46, 48]
   Fitness: 20.5
     Total: 15
Violations: 2 2

Individual: [1, 2, 7, 15, 18, 19, 24, 26, 32, 39, 42, 43, 44, 47, 48]
   Fitness: 19.5
     Total: 15
Violations: 3 2

Individual: [1, 2, 4, 5, 10, 11, 12, 14, 18, 36, 37, 39, 45, 46, 48, 49, 50]
   Fitness: 18.5
     Total: 17
Violations: 7 6

Individual: [2, 4, 5, 7, 11, 13, 14, 16, 18, 37, 41, 42, 43, 46, 47, 50]
   Fitness: 19.0
     Total: 16
Violations: 5 4

Individual: [1, 2, 4, 8, 9, 13, 19, 20, 28, 38, 43, 45, 46, 50]
   Fitness: 19.0
     Total: 14
Violations: 2 2

Individual: [1, 3, 8, 13, 14, 19, 21, 32, 37, 40, 44, 46, 47, 49]
   Fitness: 19.0
     Total: 14
Violations: 2 2

Individual: [3, 4, 6, 7, 15, 16, 17, 18, 20, 35, 36, 38, 39, 41, 46, 47, 49, 50]
   Fitness: 19.0
     Total: 18
Violations: 8 7

Individual: [2, 3, 5, 9, 10, 13, 14, 31, 33, 34, 40, 42, 43, 45, 47, 50]
   Fitness: 19.0
     Total: 16
Violations: 5 4

Individual: [4, 8, 10, 14, 26, 28, 34, 35, 37, 43, 45, 49, 50]
   Fitness: 18.5
     Total: 13
Violations: 1 1
