10
100
6.5 -40.595
6.5 -13.285
6.5 -4.055
13.5 1.41
13.5 3.745
16.0 7.415
17.5 7.515
18.0 9.53
18.0 9.525
18.5 13.655
19.5 14.81
19.5 14.345
19.5 15.59
19.5 15.555
20.0 16.41
20.0 17.115
20.5 17.03
20.5 17.2
20.5 17.31
20.5 16.61
21.0 17.45
21.0 17.47
21.5 18.275
21.5 16.585
21.5 16.895
21.5 15.05
21.5 16.015
21.5 17.655
21.5 17.18
22.0 17.725
22.0 18.725
22.0 17.615
22.0 16.52
22.0 18.105
22.0 16.99
22.5 17.97
22.5 16.78
22.5 16.64
22.5 16.355
22.5 16.145
22.5 18.285
22.5 18.51
22.5 18.955
23.0 18.98
24.5 16.95
24.5 19.33
24.5 19.01
24.5 19.435
24.5 19.56
24.5 19.745
24.5 20.08
24.5 20.925
24.5 20.71
24.5 19.77
24.5 18.89
24.5 20.64
24.5 21.07
24.5 20.615
24.5 19.46
24.5 20.47
24.5 20.43
24.5 20.305
24.5 20.565
24.5 19.545
24.5 20.685
24.5 20.845
24.5 20.175
24.5 20.375
24.5 20.325
24.5 20.415
24.5 19.565
24.5 19.055
24.5 19.485
24.5 20.17
24.5 19.255
24.5 20.43
24.5 20.135
24.5 19.705
24.5 20.24
24.5 20.185
24.5 20.43
24.5 19.81
24.5 20.1
24.5 19.29
24.5 21.02
24.5 20.035
24.5 20.44
24.5 19.625
24.5 21.155
24.5 19.83
24.5 20.835
24.5 20.31
24.5 19.595
24.5 20.815
24.5 19.67
24.5 21.575
24.5 21.345
24.5 21.73
24.5 21.265
24.5 19.8
100
6.5 -40.675
10.0 -17.965
10.5 -6.255
12.0 2.16
14.5 7.0
17.0 10.19
17.0 11.37
17.5 11.605
18.0 11.83
19.5 13.74
19.5 14.985
20.5 15.075
20.5 15.735
20.5 15.45
20.5 16.215
20.5 17.175
21.0 16.78
21.0 18.255
21.0 17.605
21.0 17.04
21.0 17.335
21.0 17.02
21.5 16.715
21.5 16.21
21.5 16.015
22.0 16.795
22.0 17.235
22.0 17.555
22.0 18.515
23.0 18.8
23.0 18.555
23.0 18.415
23.0 18.415
23.0 19.215
23.0 18.63
23.0 18.87
23.0 18.105
23.0 17.51
23.0 17.745
23.0 18.92
23.0 20.05
23.0 19.26
23.0 19.795
23.0 20.075
23.0 20.145
23.0 19.055
23.0 19.875
23.0 19.52
23.0 18.665
23.0 17.71
23.0 19.44
23.0 18.995
23.0 19.2
23.0 19.405
23.0 19.68
23.0 20.08
23.0 19.935
23.0 20.77
23.0 20.165
23.0 20.235
23.0 19.68
23.0 18.86
23.0 18.495
23.0 18.325
23.0 18.945
23.0 20.29
23.0 18.21
23.0 18.87
23.0 17.87
23.0 18.815
23.0 19.075
23.0 19.39
23.0 19.695
23.0 20.36
23.0 19.97
23.0 20.31
23.0 20.535
23.0 20.68
23.0 21.14
23.0 20.54
23.0 19.88
23.0 20.0
23.0 20.085
23.0 19.7
23.0 20.77
23.0 20.545
23.0 20.885
23.0 19.845
23.0 19.845
23.0 20.415
23.0 19.985
23.0 19.355
23.0 20.035
23.0 19.845
23.0 19.475
23.0 18.89
23.0 19.42
23.0 19.315
23.0 18.575
23.0 19.74
100
6.5 -42.25
6.5 -19.235
9.0 -6.92
9.5 -0.18
13.0 2.605
14.5 3.175
14.5 7.13
15.0 7.96
16.5 11.455
17.0 13.585
18.0 13.165
18.5 12.835
18.5 13.945
19.5 13.835
19.5 14.595
20.0 15.675
20.0 16.63
20.5 16.705
20.5 15.99
21.0 17.1
21.5 16.915
21.5 17.185
21.5 17.265
21.5 17.855
21.5 19.19
21.5 19.27
21.5 18.615
22.0 17.93
22.0 18.44
22.0 18.62
22.0 17.1
22.0 18.55
22.0 19.315
22.0 19.75
22.0 18.825
22.0 18.565
22.0 18.02
22.0 17.935
22.0 18.61
22.0 19.44
22.0 18.855
22.0 18.72
22.0 18.735
22.0 19.045
22.0 18.485
22.0 19.36
22.0 17.795
22.0 18.16
22.0 18.705
22.0 17.74
22.0 18.845
22.0 18.885
22.0 19.255
22.0 19.09
22.0 18.79
22.0 18.67
22.0 18.515
22.0 19.255
22.0 19.03
22.0 18.375
22.5 18.355
23.0 18.905
23.0 19.14
23.0 19.785
23.0 19.365
23.0 19.995
23.0 20.585
23.0 18.665
23.0 19.385
23.0 20.135
23.0 20.235
23.0 20.445
23.0 18.965
23.0 19.315
23.0 19.675
23.0 19.095
23.0 20.125
23.0 17.44
23.0 20.495
23.0 20.625
23.0 20.0
23.0 20.59
23.0 19.9
23.0 20.52
23.0 20.06
23.0 19.39
23.0 20.005
23.0 20.545
23.0 19.255
23.0 20.25
23.0 18.64
23.0 19.925
23.0 19.67
23.0 18.895
23.0 18.89
23.0 19.825
23.0 18.805
23.0 18.835
23.0 18.105
23.0 19.415
100
10.0 -39.4
10.0 -15.265
15.5 -3.85
15.5 1.93
16.0 7.395
16.0 10.235
16.0 10.735
17.0 11.035
18.5 12.555
18.5 13.955
19.5 12.91
21.0 14.655
21.0 14.385
21.0 15.755
21.0 17.375
21.0 16.54
21.0 17.3
21.0 16.03
21.5 17.695
22.0 18.805
22.0 18.51
22.5 18.93
22.5 17.635
23.0 17.87
23.0 19.185
23.0 19.185
24.0 18.92
24.0 19.025
24.0 19.35
24.0 18.975
24.0 19.395
24.0 18.695
24.0 20.91
24.0 19.215
24.0 20.075
24.0 20.505
24.0 21.44
24.0 21.07
24.0 21.02
24.0 21.045
24.0 20.005
24.0 20.515
24.0 20.805
24.0 21.39
24.0 20.76
24.0 18.955
24.0 20.865
24.0 21.6
24.0 21.985
24.0 21.095
24.0 21.25
24.0 22.295
24.0 21.675
24.0 20.375
24.0 21.525
24.0 22.46
24.0 21.035
24.0 21.6
24.0 19.725
24.0 21.67
24.0 21.06
24.0 20.605
24.0 21.53
24.0 21.335
24.0 20.69
24.0 19.97
24.0 20.215
24.0 21.23
24.0 20.815
24.0 19.94
24.0 20.745
24.0 21.14
24.0 21.02
24.0 20.99
24.0 20.915
24.0 20.97
24.0 17.65
24.0 20.565
24.0 20.68
24.0 20.72
24.0 21.825
24.0 21.805
24.0 21.1
24.0 21.34
24.0 19.625
24.0 20.885
24.0 20.075
24.0 20.995
24.0 21.33
24.0 21.445
24.0 21.625
24.0 21.235
24.0 20.61
24.0 21.545
24.0 21.68
24.0 21.885
24.0 20.605
24.0 20.935
24.0 19.175
24.0 20.515
100
7.5 -37.95
13.0 -14.715
14.0 -3.375
16.0 3.06
16.0 7.56
17.5 9.6
17.5 11.955
18.0 11.305
18.0 12.38
18.5 13.265
18.5 13.915
20.0 14.11
20.0 14.98
20.0 15.165
20.0 15.9
21.5 13.655
21.5 14.6
21.5 16.39
21.5 15.91
21.5 15.785
21.5 17.165
21.5 17.7
22.0 18.1
22.0 18.42
22.0 18.855
22.0 19.025
22.0 17.53
22.0 17.805
22.0 18.615
22.0 18.19
22.0 18.61
22.0 18.79
22.0 18.65
22.0 18.565
22.0 18.88
22.0 18.68
22.0 19.64
22.0 19.38
22.0 18.745
22.0 19.365
22.0 19.31
22.0 19.51
22.0 16.745
22.0 18.535
22.0 17.74
22.0 18.07
22.0 19.065
22.0 19.185
22.0 18.79
22.0 19.12
22.0 18.745
22.0 18.675
22.0 18.905
22.0 19.33
22.0 18.81
22.0 18.485
22.0 17.465
22.0 16.945
22.0 18.59
22.0 18.81
22.0 18.81
22.0 19.25
22.0 19.68
22.0 19.71
22.0 19.63
22.0 18.22
22.0 18.985
22.0 19.89
22.0 19.845
22.0 19.12
22.0 18.425
22.0 18.77
22.0 18.44
22.0 19.4
22.0 19.505
22.0 18.55
22.0 18.995
22.0 18.83
22.0 19.25
22.0 18.515
22.0 18.745
22.0 18.59
22.0 18.93
22.0 18.745
22.0 19.02
22.0 18.355
22.0 19.39
22.0 18.805
22.0 18.31
22.0 19.61
22.0 19.32
22.0 18.75
22.0 18.255
22.0 19.325
22.0 19.775
22.0 19.16
22.0 18.9
22.0 19.225
22.0 19.475
22.0 19.865
100
13.5 -33.805
13.5 -9.755
13.5 1.1
14.5 4.49
14.5 7.125
16.0 6.565
16.5 9.135
17.5 11.775
18.0 11.4
21.5 13.24
21.5 13.215
22.0 13.795
22.0 14.06
22.0 15.02
22.0 16.965
22.0 15.225
22.0 17.145
22.5 18.41
22.5 18.63
22.5 17.735
22.5 19.185
22.5 18.68
22.5 18.73
22.5 18.615
22.5 19.595
22.5 19.1
22.5 20.155
22.5 19.555
22.5 19.005
22.5 19.485
22.5 19.995
22.5 19.265
22.5 17.09
22.5 18.6
22.5 18.985
22.5 18.485
22.5 19.145
22.5 19.3
22.5 19.89
22.5 18.885
22.5 19.705
22.5 19.87
22.5 19.845
22.5 19.515
22.5 19.625
22.5 19.54
22.5 20.135
22.5 20.075
22.5 19.365
22.5 19.58
22.5 18.15
22.5 18.91
22.5 18.975
22.5 18.355
22.5 18.53
22.5 18.63
22.5 18.91
22.5 20.07
22.5 19.165
22.5 19.175
22.5 19.805
22.5 20.285
22.5 20.04
22.5 19.72
22.5 19.38
22.5 18.495
22.5 19.37
22.5 19.31
22.5 19.785
22.5 19.295
22.5 20.07
22.5 19.725
22.5 20.42
22.5 19.96
22.5 19.185
22.5 20.625
22.5 18.36
22.5 20.23
22.5 20.09
22.5 18.62
22.5 19.29
22.5 19.345
22.5 18.45
22.5 18.855
22.5 20.205
22.5 20.005
22.5 19.315
22.5 18.755
22.5 17.79
22.5 19.115
22.5 18.67
22.5 19.155
22.5 18.855
22.5 19.305
22.5 18.85
22.5 19.575
22.5 19.21
22.5 19.715
22.5 19.835
22.5 20.25
100
9.5 -39.525
9.5 -17.575
10.5 -5.85
16.0 0.29
16.5 6.2
17.5 8.345
17.5 10.615
17.5 11.025
17.5 13.595
18.0 15.57
19.0 15.48
19.5 15.14
19.5 13.26
20.0 15.05
20.0 15.035
20.0 15.265
20.0 13.45
20.0 15.885
20.0 16.18
20.0 15.535
21.0 16.79
21.0 16.595
21.0 18.2
22.0 17.905
22.0 18.525
22.0 17.99
22.0 17.975
22.0 16.78
22.0 17.47
22.0 18.345
22.0 19.17
22.0 19.51
22.0 18.355
22.0 19.0
22.0 18.94
22.0 18.99
22.0 19.265
22.0 18.74
22.0 18.725
22.0 18.785
22.0 18.245
22.0 19.36
22.0 19.36
22.0 19.585
22.0 18.815
22.0 18.625
22.0 18.93
22.0 19.35
22.0 18.055
22.0 18.87
22.0 18.765
22.0 18.87
22.0 19.85
22.0 17.46
22.0 20.03
22.0 17.305
23.0 17.74
23.0 18.01
23.0 18.72
23.0 19.16
23.0 18.8
23.0 18.375
23.0 17.89
23.0 15.39
23.0 18.65
23.0 19.205
23.0 17.815
23.0 18.355
23.0 19.47
23.0 19.045
23.0 18.78
23.0 19.265
23.0 19.42
23.0 19.1
23.0 18.51
23.0 17.435
23.0 19.335
23.0 18.56
23.0 20.035
23.0 19.47
23.0 18.72
23.0 19.815
23.0 19.48
23.0 20.085
23.0 20.745
23.0 20.6
23.0 18.06
23.0 19.39
23.0 18.84
23.0 18.52
23.0 19.02
23.0 19.44
23.0 19.835
23.0 19.89
23.0 20.32
23.0 20.45
23.0 20.39
23.0 20.33
23.0 20.02
23.0 21.06
100
13.0 -38.515
13.5 -17.39
14.5 -7.165
14.5 3.075
15.5 9.875
15.5 11.13
16.0 11.635
17.5 13.535
17.5 13.295
17.5 13.335
19.0 15.03
19.0 14.445
19.0 15.835
19.0 16.305
20.0 16.92
20.5 15.885
20.5 16.86
20.5 17.355
20.5 17.38
20.5 17.33
20.5 17.24
21.0 17.05
21.0 18.785
21.0 18.2
21.0 17.91
21.5 16.555
21.5 18.095
21.5 18.06
21.5 18.55
21.5 17.815
21.5 18.825
22.0 18.855
22.0 18.495
22.0 19.595
22.0 18.835
22.0 16.98
22.0 17.365
22.0 18.85
22.5 19.02
23.0 18.775
23.0 19.62
23.0 19.355
23.0 19.69
23.0 19.08
23.0 19.49
23.0 19.19
23.0 19.93
23.0 19.37
23.0 20.335
23.0 20.565
23.0 21.135
23.0 20.075
23.0 20.3
23.0 20.34
23.0 19.55
23.0 20.3
23.0 20.63
23.0 20.14
23.0 20.425
23.0 20.475
23.0 18.66
23.0 19.65
23.0 20.06
23.0 19.455
23.0 19.78
23.5 18.05
23.5 20.585
23.5 18.87
23.5 19.89
23.5 19.895
23.5 20.63
23.5 19.635
23.5 19.755
23.5 20.525
24.0 20.24
24.0 20.965
24.0 20.26
24.0 20.61
24.0 21.405
24.0 20.845
24.0 21.04
24.5 21.18
24.5 21.27
24.5 21.425
24.5 21.605
24.5 21.915
24.5 21.45
24.5 20.455
24.5 21.51
24.5 20.985
24.5 21.675
24.5 20.785
24.5 21.265
24.5 21.615
24.5 20.53
24.5 21.11
24.5 21.74
24.5 21.13
24.5 21.585
24.5 20.235
100
9.5 -34.785
9.5 -10.645
12.0 -0.87
14.0 2.24
15.0 5.89
16.5 6.89
17.0 8.72
17.0 11.975
17.0 9.555
19.5 13.555
19.5 14.28
20.0 10.45
20.0 15.395
20.0 15.415
20.0 16.325
20.5 16.28
20.5 15.735
20.5 15.11
20.5 16.71
20.5 17.675
20.5 16.465
20.5 16.71
20.5 14.665
21.0 16.645
21.0 18.225
21.0 18.535
21.0 19.025
21.0 18.49
21.5 18.22
22.0 18.745
22.5 18.11
22.5 18.42
22.5 17.84
22.5 18.515
22.5 17.49
22.5 17.72
22.5 17.545
22.5 19.185
23.0 19.095
23.0 20.195
23.0 20.19
23.0 19.51
23.0 20.265
23.0 19.305
23.0 18.45
23.0 18.72
23.0 20.48
23.5 20.695
23.5 19.94
23.5 19.605
23.5 19.54
23.5 18.45
23.5 19.815
23.5 18.65
23.5 19.9
23.5 20.855
23.5 20.36
23.5 19.16
23.5 19.995
23.5 19.51
23.5 20.375
23.5 20.345
23.5 19.955
23.5 19.905
23.5 19.64
23.5 19.245
23.5 19.065
24.0 19.905
24.0 17.955
24.0 18.75
24.5 19.75
24.5 19.57
24.5 20.03
24.5 19.615
24.5 20.735
24.5 20.595
24.5 18.455
24.5 20.27
24.5 20.36
24.5 20.235
24.5 19.125
24.5 19.89
24.5 19.825
24.5 20.255
24.5 20.875
24.5 20.115
24.5 20.035
24.5 20.98
24.5 19.37
24.5 20.68
24.5 21.475
24.5 20.485
24.5 18.575
24.5 17.825
24.5 19.35
24.5 20.14
24.5 20.17
24.5 20.635
24.5 21.01
24.5 19.515
100
4.5 -37.425
10.5 -16.525
15.0 -8.51
15.0 -1.09
15.0 5.785
15.5 5.175
16.0 11.51
17.5 12.765
18.5 10.86
18.5 13.425
18.5 13.445
18.5 13.645
19.0 14.135
19.5 15.03
19.5 15.49
20.0 15.845
20.0 16.425
20.5 16.05
20.5 17.275
20.5 16.46
20.5 17.4
20.5 17.01
21.0 17.77
21.0 17.155
21.0 16.765
21.0 16.25
21.0 16.64
21.0 16.67
21.0 17.045
21.5 15.81
21.5 15.715
21.5 15.285
21.5 16.13
22.5 16.695
22.5 16.69
22.5 16.825
22.5 17.045
22.5 19.405
23.0 18.595
23.0 18.38
23.0 18.28
23.0 17.38
23.0 19.43
23.0 17.83
23.0 19.43
23.0 19.535
23.0 19.85
23.0 19.325
23.0 19.855
23.0 19.875
23.0 19.105
23.0 19.725
23.0 20.01
23.0 19.08
23.0 18.77
23.0 19.335
23.0 19.935
23.0 19.82
23.0 19.24
23.0 19.86
23.0 20.61
23.0 19.485
23.0 18.07
23.0 19.32
23.0 19.34
23.0 19.845
23.0 20.71
23.0 20.215
23.0 19.895
23.0 20.165
23.0 20.16
23.0 21.11
23.0 20.43
23.0 19.99
23.0 20.255
23.0 20.16
23.0 20.065
23.0 19.82
23.0 18.925
23.0 20.175
23.0 19.765
23.0 19.645
23.0 20.02
23.0 19.64
23.0 19.935
23.0 19.27
23.0 17.545
23.0 19.43
23.0 20.26
23.0 19.465
23.0 19.035
23.0 19.095
23.0 17.87
23.0 19.04
23.0 19.65
23.0 18.285
23.0 20.18
23.0 20.015
23.0 19.865
23.0 19.655

Individual: [1, 2, 4, 6, 12, 13, 15, 16, 21, 33, 34, 37, 39, 42, 43, 46, 48]
   Fitness: 24.5
     Total: 17
Violations: 1 1

Individual: [1, 3, 4, 10, 11, 13, 14, 20, 31, 32, 34, 35, 41, 42, 45, 46]
   Fitness: 23.0
     Total: 16
Violations: 1 1

Individual: [1, 2, 4, 6, 9, 13, 15, 30, 31, 33, 34, 41, 43, 44, 46, 50]
   Fitness: 23.0
     Total: 16
Violations: 1 1

Individual: [4, 5, 8, 9, 15, 16, 18, 19, 35, 36, 38, 39, 46, 47, 49, 50]
   Fitness: 24.0
     Total: 16
Violations: 0 0

Individual: [4, 6, 9, 10, 17, 19, 20, 22, 23, 38, 39, 41, 46, 47, 49, 50]
   Fitness: 22.0
     Total: 16
Violations: 2 2

Individual: [2, 9, 12, 14, 17, 18, 21, 23, 38, 39, 41, 46, 47, 49, 50]
   Fitness: 22.5
     Total: 15
Violations: 0 0

Individual: [1, 6, 7, 9, 10, 16, 17, 20, 21, 37, 38, 40, 45, 46, 48, 49]
   Fitness: 23.0
     Total: 16
Violations: 1 1

Individual: [1, 5, 6, 8, 13, 14, 16, 17, 19, 35, 36, 38, 39, 46, 47, 49, 50]
   Fitness: 24.5
     Total: 17
Violations: 1 1

Individual: [1, 5, 6, 8, 13, 14, 16, 17, 22, 32, 35, 37, 40, 41, 44, 46, 49]
   Fitness: 24.5
     Total: 17
Violations: 1 1

Individual: [1, 3, 4, 14, 19, 20, 23, 28, 29, 31, 40, 41, 46, 47, 49, 50]
   Fitness: 23.0
     Total: 16
Violations: 1 1
