10
100
7.0 -35.695
15.5 -9.295
15.5 3.18
17.0 6.305
17.5 10.225
17.5 11.835
20.0 12.48
20.0 13.81
20.0 14.36
20.5 14.59
20.5 14.38
20.5 14.38
21.0 15.545
21.0 15.88
21.0 16.14
22.0 16.365
22.0 15.945
24.0 16.44
24.0 16.105
24.0 16.165
24.0 15.42
24.0 16.275
24.0 15.64
24.0 16.84
24.0 15.96
24.0 16.995
24.5 15.82
24.5 16.745
24.5 17.595
24.5 17.1
24.5 17.42
24.5 17.03
24.5 17.42
24.5 17.55
24.5 16.55
24.5 17.96
24.5 17.65
24.5 17.285
24.5 17.57
24.5 18.365
24.5 18.24
24.5 16.95
24.5 17.225
24.5 17.285
24.5 17.33
24.5 17.71
24.5 17.985
24.5 17.905
24.5 17.815
24.5 17.67
24.5 16.595
24.5 17.105
24.5 16.915
24.5 17.615
24.5 17.935
24.5 17.125
24.5 17.245
24.5 18.09
24.5 17.75
24.5 17.37
24.5 17.945
24.5 17.66
24.5 17.48
24.5 17.81
24.5 17.255
24.5 17.415
24.5 17.12
24.5 17.985
24.5 17.32
24.5 18.38
24.5 17.375
24.5 17.98
24.5 17.19
24.5 17.685
24.5 18.22
24.5 17.84
24.5 18.005
24.5 18.045
24.5 17.34
24.5 17.68
24.5 17.35
24.5 17.03
24.5 17.235
24.5 16.75
24.5 17.775
24.5 17.325
24.5 16.835
24.5 17.595
24.5 17.86
24.5 17.125
24.5 18.63
24.5 17.025
24.5 17.15
24.5 16.135
24.5 17.15
24.5 17.495
24.5 17.51
24.5 16.51
24.5 17.805
24.5 17.675
100
13.5 -38.485
13.5 -7.935
16.0 4.37
17.0 9.19
17.5 11.225
18.0 12.18
18.5 12.535
18.5 13.105
19.5 14.08
20.0 14.845
20.0 14.945
20.0 14.99
21.0 16.125
21.0 15.365
21.0 15.835
21.0 15.625
21.5 15.185
22.5 15.39
22.5 15.92
22.5 15.235
22.5 15.69
22.5 15.55
22.5 16.295
22.5 16.315
23.0 16.43
23.0 16.22
23.0 17.08
23.0 17.48
23.0 16.87
23.0 17.045
23.0 16.365
24.0 16.195
24.0 17.255
24.0 16.915
24.0 17.095
24.0 16.22
24.0 17.17
24.0 17.05
24.0 16.98
24.0 16.605
24.0 17.3
24.0 17.88
24.0 17.68
24.0 17.63
24.0 18.045
24.0 17.14
24.0 17.23
24.0 17.09
24.0 16.68
24.0 17.015
24.0 16.73
24.0 16.895
24.0 17.045
24.0 17.74
24.0 18.34
24.0 18.14
24.0 17.405
24.0 18.25
24.0 17.515
24.0 16.505
24.0 16.985
24.0 16.385
24.0 16.51
24.0 17.03
24.0 16.21
24.0 16.9
24.0 17.155
24.0 17.245
24.0 17.37
24.0 17.64
24.0 17.195
24.0 17.66
24.0 17.175
24.0 17.285
24.0 17.53
24.0 17.565
24.0 17.925
24.0 17.35
24.0 17.69
24.0 17.66
24.0 17.275
24.0 16.225
24.0 17.2
24.0 17.08
24.0 17.485
24.0 17.095
24.0 16.89
24.0 17.205
24.0 17.19
24.0 17.81
24.0 17.625
24.0 18.39
24.0 17.11
24.0 18.27
24.0 16.335
24.0 15.365
24.0 17.36
24.0 17.15
24.0 17.49
24.0 16.195
100
8.0 -34.605
10.5 -8.855
12.0 0.55
18.0 4.84
18.5 8.855
19.0 11.18
19.0 12.705
20.0 14.045
20.5 14.275
20.5 14.87
20.5 14.425
20.5 14.125
21.0 15.02
21.5 16.27
21.5 15.865
21.5 15.845
21.5 15.82
21.5 15.93
22.0 15.985
22.0 16.585
22.0 16.07
23.0 15.42
23.0 16.335
23.0 15.54
23.0 15.8
23.0 15.82
23.0 16.48
23.0 15.47
23.0 15.745
23.0 16.275
23.0 16.085
23.0 16.895
23.0 17.425
23.0 17.04
23.5 17.54
23.5 17.05
23.5 17.15
23.5 15.89
23.5 16.365
24.0 16.73
24.0 16.425
24.0 17.245
24.0 17.32
24.0 17.44
24.0 17.665
24.0 16.785
24.0 17.27
24.0 17.95
24.0 17.065
24.0 17.31
24.0 17.75
24.0 16.91
24.0 16.84
24.0 17.35
24.0 18.015
24.0 17.92
24.0 17.41
24.0 16.665
24.0 17.53
24.0 17.595
24.0 17.705
24.0 17.395
24.0 17.34
24.0 18.025
24.0 17.57
24.0 17.12
24.0 16.455
24.0 16.02
24.0 16.945
24.0 17.845
24.0 17.455
24.0 18.06
24.0 16.43
24.0 16.715
24.0 16.6
24.0 17.37
24.0 18.185
24.0 17.7
24.0 17.27
24.0 17.63
24.0 17.16
24.0 16.845
24.0 17.13
24.0 17.155
24.0 17.475
24.5 17.26
24.5 17.59
24.5 18.305
24.5 18.095
24.5 17.16
24.5 16.845
24.5 17.47
24.5 17.955
24.5 17.855
24.5 17.23
24.5 17.17
24.5 17.535
24.5 17.235
24.5 18.38
24.5 17.865
100
12.0 -33.95
15.5 -7.47
15.5 2.475
16.0 6.6
16.0 9.445
17.5 11.125
17.5 11.47
18.0 12.265
18.0 12.945
18.5 12.935
18.5 13.825
19.0 14.25
19.5 14.575
20.5 14.44
21.0 15.065
21.0 15.085
21.0 15.035
21.0 15.18
21.0 15.62
21.0 15.155
21.0 14.355
21.0 15.44
21.0 14.76
21.5 15.075
21.5 15.36
21.5 15.115
21.5 15.055
21.5 16.48
21.5 16.49
22.5 16.575
22.5 16.795
22.5 15.865
22.5 16.645
22.5 16.485
22.5 17.735
22.5 18.11
22.5 16.855
22.5 17.305
22.5 17.295
22.5 17.4
22.5 17.075
22.5 17.73
22.5 17.36
22.5 17.0
22.5 17.245
22.5 17.125
22.5 17.185
22.5 17.635
22.5 17.29
22.5 17.19
22.5 17.08
22.5 17.51
22.5 16.1
22.5 17.21
22.5 16.485
22.5 16.9
22.5 17.71
22.5 17.25
22.5 17.26
22.5 17.15
22.5 17.395
22.5 17.765
22.5 17.655
22.5 18.05
22.5 18.115
22.5 17.625
22.5 17.385
22.5 17.13
22.5 16.55
22.5 16.74
22.5 17.2
22.5 16.66
22.5 16.69
22.5 16.67
22.5 16.905
22.5 17.12
22.5 18.175
22.5 16.97
22.5 17.285
22.5 17.51
22.5 16.66
22.5 16.585
22.5 17.09
22.5 16.86
22.5 17.395
22.5 17.675
22.5 17.345
22.5 17.415
22.5 17.395
22.5 17.675
22.5 16.97
22.5 16.625
22.5 16.395
22.5 16.405
22.5 17.125
22.5 16.75
22.5 17.125
22.5 16.97
22.5 17.085
22.5 17.505
100
9.0 -32.88
12.5 -12.34
15.5 -1.005
17.5 5.64
17.5 9.865
18.0 11.665
19.5 12.995
19.5 13.865
19.5 13.895
20.5 14.26
21.0 14.53
21.0 14.96
22.5 14.655
22.5 15.795
22.5 15.54
22.5 15.57
22.5 15.865
22.5 15.925
23.0 15.165
24.0 15.87
24.0 16.635
24.0 16.42
24.0 16.505
24.0 16.5
24.0 16.56
24.0 16.4
24.0 17.585
24.0 17.095
24.0 17.31
24.0 17.235
24.0 17.525
24.0 18.34
24.0 18.01
24.0 18.955
24.0 18.595
24.0 18.635
24.0 18.58
24.0 18.32
24.0 18.675
24.0 17.755
24.5 17.135
24.5 18.175
24.5 18.055
24.5 17.715
24.5 17.94
24.5 17.54
24.5 17.685
24.5 17.485
24.5 17.44
24.5 17.625
24.5 17.675
24.5 17.63
24.5 18.04
24.5 17.81
24.5 17.23
24.5 18.115
24.5 17.45
24.5 16.865
24.5 17.0
24.5 16.765
24.5 17.435
24.5 17.68
24.5 17.395
24.5 16.18
24.5 16.805
24.5 17.335
24.5 17.38
24.5 16.59
24.5 17.27
24.5 16.905
24.5 17.83
24.5 18.465
24.5 18.255
24.5 18.245
24.5 18.66
24.5 17.44
24.5 18.435
24.5 18.095
24.5 17.61
24.5 17.76
24.5 17.91
24.5 17.05
24.5 17.61
24.5 17.525
24.5 17.755
24.5 18.425
24.5 18.015
24.5 17.355
24.5 17.625
24.5 17.75
24.5 18.12
24.5 18.425
24.5 16.86
24.5 17.28
24.5 16.94
24.5 17.175
24.5 16.45
24.5 17.82
24.5 18.185
24.5 17.425
100
15.0 -36.625
15.0 -11.515
16.5 -0.51
17.5 5.51
18.5 10.9
18.5 12.15
20.5 12.99
20.5 13.715
21.0 14.455
21.0 15.16
21.0 15.615
21.0 15.78
21.0 15.595
22.5 15.545
22.5 16.45
22.5 14.865
22.5 15.77
22.5 16.48
22.5 16.48
22.5 17.18
22.5 17.01
22.5 17.545
22.5 17.65
22.5 17.36
24.0 17.31
24.0 17.625
24.0 18.04
24.0 17.725
24.0 16.725
24.0 17.515
24.0 18.3
24.0 17.835
24.0 17.745
24.0 18.345
24.0 18.26
24.0 18.415
24.0 17.975
24.0 17.545
24.0 18.085
24.0 17.725
24.0 17.95
24.0 18.245
24.0 17.365
24.0 17.935
24.0 18.49
24.0 17.73
24.0 17.7
24.0 18.135
24.0 17.54
24.0 18.42
24.0 18.125
24.0 17.585
24.0 18.42
24.0 18.315
24.0 18.1
24.0 17.64
24.0 17.555
24.0 17.49
24.0 17.955
24.0 18.08
24.0 18.25
24.0 18.325
24.0 17.695
24.0 17.035
24.0 17.995
24.0 17.615
24.0 17.425
24.0 17.54
24.0 17.2
24.0 18.245
24.0 17.78
24.0 18.255
24.0 17.57
24.0 17.73
24.0 17.875
24.0 17.55
24.0 17.545
24.0 18.05
24.0 17.615
24.0 18.105
24.0 17.41
24.0 18.505
24.0 17.855
24.0 17.17
24.0 16.74
24.0 18.305
24.0 18.74
24.0 18.97
24.0 19.4
24.0 18.365
24.0 17.83
24.0 17.83
24.0 18.205
24.0 18.675
24.0 18.385
24.0 18.095
24.0 17.91
24.0 18.09
24.0 18.285
24.0 17.885
100
12.0 -35.32
15.0 -6.7
18.5 5.275
18.5 9.76
18.5 11.475
18.5 13.71
20.0 13.75
20.5 14.14
21.0 14.28
21.5 15.115
22.0 15.735
22.0 16.495
22.0 15.74
22.0 15.965
22.0 16.68
22.0 15.395
22.5 16.115
22.5 16.725
22.5 15.92
22.5 15.82
22.5 16.68
22.5 17.41
22.5 16.79
22.5 17.085
22.5 16.345
22.5 15.64
22.5 16.545
22.5 16.885
22.5 16.875
22.5 17.39
22.5 16.67
22.5 16.45
22.5 16.465
22.5 15.955
22.5 16.0
22.5 16.395
22.5 15.94
22.5 16.32
22.5 17.41
22.5 16.84
23.5 16.455
23.5 16.65
23.5 16.84
23.5 16.41
23.5 16.58
23.5 16.85
23.5 15.745
23.5 17.005
23.5 16.92
23.5 17.765
23.5 17.335
23.5 16.565
23.5 17.3
23.5 17.295
23.5 16.905
23.5 16.79
23.5 16.99
23.5 17.58
23.5 17.69
23.5 16.195
23.5 17.835
23.5 18.045
23.5 17.21
23.5 17.795
23.5 16.87
23.5 17.3
23.5 17.355
23.5 17.805
23.5 16.025
23.5 17.37
23.5 18.0
23.5 17.87
23.5 18.08
23.5 17.1
23.5 17.245
23.5 16.985
23.5 17.245
23.5 17.885
23.5 17.235
23.5 17.49
23.5 17.045
23.5 16.52
23.5 17.425
23.5 17.765
23.5 17.7
23.5 17.19
23.5 16.54
23.5 17.935
23.5 17.345
23.5 17.44
23.5 17.96
23.5 17.635
23.5 16.605
23.5 16.9
23.5 16.295
23.5 17.65
23.5 17.04
23.5 17.55
23.5 17.425
23.5 17.365
100
10.0 -39.98
13.0 -8.8
13.0 2.665
16.0 7.67
16.5 10.105
17.0 11.38
19.0 12.675
19.0 12.61
19.5 13.34
21.5 13.54
21.5 14.195
21.5 14.965
21.5 15.745
21.5 14.9
21.5 15.34
21.5 16.27
21.5 15.93
22.0 16.595
22.0 16.415
22.0 16.785
22.0 16.555
22.0 16.33
22.0 15.675
22.0 16.66
22.0 16.815
22.0 16.26
22.5 15.82
22.5 16.765
22.5 15.875
22.5 16.385
22.5 16.17
22.5 16.595
24.0 16.295
24.0 16.4
24.0 16.37
24.0 17.445
24.0 16.85
24.0 16.98
24.0 16.425
24.0 17.715
24.0 17.865
24.5 18.955
24.5 18.105
24.5 18.13
24.5 17.32
24.5 17.53
24.5 17.48
24.5 17.675
24.5 18.015
24.5 17.49
24.5 16.665
24.5 18.33
24.5 18.06
24.5 18.56
24.5 18.64
24.5 18.4
24.5 18.0
24.5 18.365
24.5 18.195
24.5 18.5
24.5 18.01
24.5 17.63
24.5 17.82
24.5 16.99
24.5 16.295
24.5 16.275
24.5 17.47
24.5 17.095
24.5 17.18
24.5 16.62
24.5 18.19
24.5 18.16
24.5 17.8
24.5 18.275
24.5 17.46
24.5 17.145
24.5 17.835
24.5 17.985
24.5 17.235
24.5 17.92
24.5 17.53
24.5 16.345
24.5 16.79
24.5 17.055
24.5 17.605
24.5 17.535
24.5 17.585
24.5 17.055
24.5 17.235
24.5 17.015
24.5 17.97
24.5 18.015
24.5 17.945
24.5 17.49
24.5 17.975
24.5 18.4
24.5 18.54
24.5 17.935
24.5 17.935
24.5 17.41
100
10.0 -32.08
12.5 -7.875
14.0 3.43
15.0 7.29
16.0 10.955
17.0 11.79
18.5 12.985
18.5 14.125
18.5 14.13
18.5 13.63
20.0 14.21
20.0 14.555
20.0 15.38
20.5 14.88
20.5 16.23
21.5 16.055
21.5 15.14
21.5 15.49
21.5 15.97
21.5 16.05
21.5 16.36
22.0 16.645
22.0 16.65
22.5 16.235
22.5 16.35
22.5 16.335
22.5 17.185
22.5 16.52
22.5 16.53
22.5 16.34
22.5 16.615
22.5 16.675
23.0 16.785
23.0 16.96
23.0 15.76
23.0 16.73
23.0 16.685
23.0 17.55
23.0 17.73
23.0 16.52
23.0 17.83
23.0 17.0
23.0 17.51
23.0 17.89
23.0 17.145
23.0 17.4
23.0 17.075
23.0 17.41
23.0 17.415
23.0 17.72
23.0 17.845
23.0 16.76
23.0 18.0
23.0 17.68
23.0 17.825
23.0 18.585
23.0 17.48
23.0 18.265
23.0 17.9
23.0 17.795
24.5 17.535
24.5 17.79
24.5 16.75
24.5 17.335
24.5 17.18
24.5 17.265
24.5 17.12
24.5 17.995
24.5 18.135
24.5 17.955
24.5 17.99
24.5 18.445
24.5 18.5
24.5 18.12
24.5 17.265
24.5 19.075
24.5 18.475
24.5 18.7
24.5 18.52
24.5 18.12
24.5 18.01
24.5 18.005
24.5 18.44
24.5 18.095
24.5 17.05
24.5 17.76
24.5 17.76
24.5 17.725
24.5 17.6
24.5 17.335
24.5 17.335
24.5 17.665
24.5 17.805
24.5 18.415
24.5 17.52
24.5 17.905
24.5 17.285
24.5 18.255
24.5 17.915
24.5 17.76
100
6.5 -43.815
11.0 -13.585
12.0 1.13
14.5 6.48
16.5 9.025
18.5 10.6
18.5 12.5
20.5 13.585
20.5 13.97
20.5 14.55
21.5 14.36
21.5 15.275
21.5 14.96
21.5 14.68
23.0 15.475
23.0 16.475
23.0 14.955
23.0 16.345
24.0 17.37
24.0 16.56
24.0 17.42
24.0 17.255
24.0 16.76
24.0 18.195
24.0 17.375
24.0 16.975
24.0 17.64
24.0 17.935
24.0 16.78
24.0 17.675
24.0 18.635
24.0 17.245
24.0 17.675
24.0 18.135
24.0 17.945
24.0 18.14
24.0 18.045
24.0 17.81
24.0 17.38
24.0 17.165
24.0 18.41
24.0 19.065
24.0 17.865
24.0 18.86
24.0 18.07
24.0 18.055
24.0 17.72
24.0 18.11
24.0 18.505
24.0 18.735
24.0 18.005
24.0 17.825
24.0 18.055
24.0 18.08
24.0 17.85
24.0 17.58
24.0 18.31
24.0 18.445
24.0 17.94
24.0 18.35
24.0 17.615
24.0 17.615
24.0 17.38
24.0 17.45
24.0 17.585
24.0 17.47
24.0 17.985
24.0 18.135
24.0 17.505
24.0 17.49
24.0 18.405
24.0 17.895
24.0 18.245
24.0 18.415
24.0 17.865
24.0 17.15
24.0 17.56
24.0 17.475
24.0 18.08
24.0 17.565
24.0 17.355
24.0 17.695
24.0 18.3
24.0 18.02
24.0 18.225
24.0 18.02
24.0 17.735
24.0 17.93
24.0 17.31
24.0 17.58
24.0 17.75
24.0 17.625
24.0 18.7
24.0 17.965
24.0 17.225
24.0 17.94
24.0 17.59
24.0 17.82
24.0 18.19
24.0 17.515

Individual: [3, 6, 7, 10, 12, 15, 16, 19, 21, 37, 38, 40, 41, 46, 47, 49, 50]
   Fitness: 24.5
     Total: 17
Violations: 1 1

Individual: [7, 9, 10, 12, 16, 18, 19, 21, 36, 37, 39, 40, 45, 46, 48, 49]
   Fitness: 24.0
     Total: 16
Violations: 0 0

Individual: [1, 2, 4, 5, 11, 12, 14, 15, 21, 32, 33, 35, 39, 42, 44, 47, 48]
   Fitness: 24.5
     Total: 17
Violations: 1 1

Individual: [1, 3, 7, 9, 10, 14, 16, 33, 34, 36, 37, 42, 44, 45, 49]
   Fitness: 22.5
     Total: 15
Violations: 0 0

Individual: [3, 6, 7, 10, 15, 16, 18, 19, 21, 37, 38, 40, 41, 46, 47, 49, 50]
   Fitness: 24.5
     Total: 17
Violations: 1 1

Individual: [1, 2, 4, 5, 12, 13, 16, 17, 35, 36, 39, 41, 44, 45, 48, 50]
   Fitness: 24.0
     Total: 16
Violations: 0 0

Individual: [1, 2, 5, 7, 10, 14, 16, 17, 20, 34, 36, 37, 41, 46, 47, 49, 50]
   Fitness: 23.5
     Total: 17
Violations: 2 2

Individual: [1, 2, 5, 6, 12, 13, 15, 16, 32, 34, 35, 37, 38, 43, 45, 46, 50]
   Fitness: 24.5
     Total: 17
Violations: 1 1

Individual: [2, 3, 4, 7, 8, 15, 16, 18, 19, 37, 38, 40, 41, 46, 47, 49, 50]
   Fitness: 24.5
     Total: 17
Violations: 1 1

Individual: [2, 3, 5, 6, 12, 13, 15, 16, 34, 35, 37, 38, 44, 46, 47, 49]
   Fitness: 24.0
     Total: 16
Violations: 0 0
