10
100
14.0 -31.485
14.0 -12.535
14.0 -8.275
15.5 -3.0
15.5 0.88
16.0 1.76
16.0 1.025
16.0 -2.035
16.0 3.845
16.0 3.785
16.5 3.01
17.5 3.2
18.5 5.56
18.5 7.17
18.5 4.58
18.5 5.01
18.5 7.235
18.5 0.06
18.5 3.525
20.0 2.865
20.0 6.085
20.0 6.065
20.0 7.04
20.0 5.095
20.0 4.5
20.0 5.71
20.0 3.7
20.0 5.425
20.0 6.165
20.0 6.765
20.0 4.735
20.0 6.93
20.0 6.16
20.0 6.66
20.0 7.28
20.0 -1.225
20.0 3.29
20.0 5.82
20.0 1.785
20.0 7.025
20.0 4.205
20.0 4.7
20.0 4.92
20.0 4.075
20.0 6.535
20.0 4.535
20.0 3.825
20.0 -0.005
20.0 4.44
20.0 5.4
20.0 3.29
20.0 5.195
20.0 7.785
20.0 7.37
20.0 4.59
20.0 4.19
20.0 5.545
20.0 3.48
20.0 6.58
20.0 8.085
20.0 7.315
20.0 7.17
20.0 5.26
20.0 4.32
20.0 8.36
20.0 3.945
20.0 1.67
20.0 5.27
20.0 4.435
20.0 7.5
20.0 7.345
20.0 2.535
20.0 3.915
20.0 3.925
20.0 6.28
20.0 6.64
21.0 4.455
21.0 4.94
21.0 7.4
21.0 4.945
21.0 5.38
21.0 3.7
21.0 5.17
21.0 4.61
21.0 7.23
21.0 8.115
21.0 6.745
22.0 5.34
22.0 4.705
22.0 2.35
22.0 5.455
22.0 3.495
22.0 4.69
22.0 7.485
22.0 6.985
22.0 7.29
22.0 0.755
22.0 3.945
22.0 6.43
22.0 4.015
100
8.0 -38.18
12.5 -12.67
12.5 -6.76
16.0 -4.09
18.0 -2.22
18.0 4.035
18.0 5.33
18.0 5.22
18.0 4.775
18.0 -0.685
18.0 3.475
18.0 3.975
18.0 4.025
18.0 5.96
18.0 1.235
18.0 4.065
18.0 7.175
18.5 6.1
19.5 6.465
20.0 6.715
20.0 6.685
20.0 6.065
20.0 5.455
20.0 3.885
20.0 7.13
20.0 5.66
20.0 7.66
20.0 7.495
20.0 8.715
20.0 8.84
20.0 6.285
20.0 4.83
20.0 3.655
20.0 3.2
20.0 6.1
20.0 6.66
20.0 8.72
20.0 7.675
20.0 7.41
20.5 7.235
20.5 5.985
20.5 5.79
20.5 7.68
20.5 6.42
20.5 7.385
20.5 0.84
20.5 7.13
20.5 7.25
20.5 4.165
20.5 4.82
20.5 5.235
20.5 6.165
20.5 2.51
20.5 3.995
20.5 5.505
20.5 5.66
20.5 4.965
20.5 5.83
20.5 4.215
20.5 4.995
20.5 5.67
20.5 5.145
20.5 5.24
20.5 7.805
20.5 4.93
20.5 4.54
20.5 2.625
20.5 6.275
20.5 4.895
20.5 5.14
20.5 6.66
20.5 5.9
20.5 4.985
20.5 5.51
20.5 6.415
20.5 6.87
20.5 4.49
20.5 6.385
20.5 2.8
20.5 5.5
20.5 6.2
20.5 4.245
20.5 7.89
20.5 6.14
20.5 4.72
20.5 5.95
20.5 2.815
20.5 6.345
20.5 1.815
20.5 3.79
20.5 2.62
20.5 3.145
20.5 2.705
20.5 2.215
20.5 6.115
20.5 5.06
20.5 0.155
20.5 4.595
20.5 4.16
20.5 5.425
100
10.5 -37.2
13.0 -8.09
15.0 -5.88
16.5 -1.82
16.5 2.395
16.5 4.405
16.5 2.925
16.5 2.4
16.5 5.33
16.5 3.63
16.5 4.985
16.5 6.18
16.5 6.445
16.5 4.845
17.0 1.825
17.0 3.92
18.5 5.665
18.5 4.35
18.5 3.91
18.5 4.54
18.5 4.75
18.5 2.55
18.5 4.49
18.5 1.85
18.5 6.83
18.5 7.61
18.5 6.64
18.5 5.28
18.5 4.165
18.5 4.745
18.5 4.62
18.5 2.575
18.5 4.695
18.5 0.67
18.5 4.565
19.0 6.095
19.0 2.85
19.0 4.055
19.0 4.05
19.0 5.38
19.0 1.5
19.0 1.755
19.0 4.71
19.0 5.565
19.0 6.565
19.0 4.215
19.0 7.24
19.0 7.23
20.5 4.775
20.5 3.3
20.5 7.1
20.5 5.95
20.5 1.71
20.5 4.355
20.5 7.375
20.5 5.635
20.5 8.38
20.5 6.925
20.5 4.41
20.5 6.71
20.5 5.835
20.5 5.635
20.5 4.075
20.5 5.485
20.5 3.565
20.5 6.66
20.5 4.045
20.5 5.375
20.5 3.505
20.5 6.13
20.5 5.095
20.5 6.19
20.5 6.965
20.5 6.77
20.5 2.425
20.5 4.58
20.5 4.64
20.5 5.015
20.5 4.045
20.5 6.92
20.5 4.685
20.5 6.165
20.5 3.94
20.5 5.78
20.5 3.475
20.5 5.405
20.5 5.525
20.5 5.385
20.5 7.105
20.5 6.71
20.5 5.455
21.5 4.76
21.5 4.47
21.5 5.475
21.5 7.17
22.0 6.925
22.0 4.805
22.0 7.045
22.0 -7.24
22.0 1.635
100
8.0 -41.05
15.0 -13.885
15.0 -5.16
15.0 -0.27
15.0 2.01
18.0 2.35
18.0 2.315
18.0 5.15
18.0 6.185
20.0 3.765
20.0 5.08
20.0 5.735
20.0 3.845
20.5 6.4
20.5 7.345
20.5 4.02
20.5 5.505
20.5 5.88
20.5 5.585
20.5 5.195
20.5 3.505
20.5 6.04
20.5 4.23
20.5 6.145
20.5 5.69
20.5 4.17
20.5 2.75
20.5 4.125
20.5 5.91
20.5 7.37
20.5 5.92
20.5 4.115
20.5 4.275
20.5 4.07
20.5 3.185
20.5 1.035
20.5 2.77
20.5 4.025
20.5 6.135
20.5 7.735
20.5 4.59
20.5 6.475
20.5 4.575
20.5 6.6
20.5 6.26
20.5 6.22
22.0 7.49
22.0 5.565
22.0 5.865
22.0 5.61
22.0 6.615
22.0 3.83
22.0 0.56
22.0 6.505
22.0 7.225
22.0 7.67
22.0 9.025
22.0 7.23
22.0 7.11
22.0 6.525
22.0 6.82
22.0 7.61
22.0 6.405
22.0 6.665
22.0 7.225
22.0 4.59
22.0 3.47
22.0 5.395
22.0 5.035
22.0 6.185
22.0 2.235
22.0 7.3
22.0 4.105
22.0 6.415
22.0 5.18
22.0 7.845
22.0 6.35
22.0 2.475
22.0 5.395
22.0 6.835
22.0 3.195
22.0 5.455
22.0 6.355
22.0 5.34
22.0 8.05
22.0 5.635
22.0 3.265
22.0 6.53
22.0 6.93
22.0 7.345
22.0 6.6
22.0 5.075
22.0 5.73
22.0 2.87
22.0 4.42
22.0 5.22
22.0 7.66
22.0 4.305
22.0 4.145
22.0 4.235
100
6.5 -36.9
8.5 -14.42
16.5 -12.95
16.5 -6.08
16.5 -0.92
16.5 2.78
18.5 4.845
18.5 6.72
18.5 5.055
18.5 5.165
18.5 2.545
18.5 2.935
18.5 8.42
18.5 5.245
19.0 5.335
19.0 7.365
19.0 5.465
20.0 1.015
20.0 8.075
20.0 6.96
20.5 5.325
20.5 4.55
20.5 5.57
20.5 4.23
20.5 5.61
20.5 6.765
20.5 6.975
20.5 6.575
20.5 3.495
20.5 5.18
20.5 5.765
20.5 7.02
20.5 7.31
20.5 3.73
20.5 4.29
20.5 4.54
20.5 3.755
20.5 3.71
20.5 2.31
20.5 6.755
20.5 3.285
20.5 4.055
20.5 6.64
20.5 7.39
20.5 7.845
20.5 8.3
20.5 6.78
20.5 6.235
20.5 6.055
20.5 7.265
20.5 6.81
20.5 5.945
20.5 5.79
20.5 4.54
20.5 2.825
20.5 4.525
20.5 2.46
20.5 3.43
20.5 3.165
20.5 5.775
20.5 4.925
20.5 3.05
20.5 5.955
20.5 7.17
20.5 1.025
20.5 5.45
20.5 5.455
20.5 5.315
20.5 3.205
20.5 5.74
20.5 5.65
20.5 3.34
20.5 6.37
20.5 3.435
20.5 1.02
20.5 6.545
20.5 7.345
20.5 6.2
20.5 2.42
20.5 3.155
20.5 0.71
20.5 3.795
20.5 3.135
20.5 6.2
20.5 6.72
20.5 7.855
20.5 3.36
20.5 5.785
20.5 5.095
20.5 4.41
20.5 5.965
20.5 6.455
20.5 3.91
20.5 3.925
20.5 3.25
20.5 5.33
20.5 7.095
20.5 5.56
20.5 2.925
20.5 3.96
100
8.0 -37.88
12.0 -11.325
15.0 -0.975
17.0 0.955
17.0 4.045
17.0 4.6
17.0 5.585
17.0 5.855
18.0 4.26
18.0 6.705
18.0 5.725
18.0 3.95
18.0 6.45
18.0 6.03
18.0 3.5
18.0 0.2
18.0 3.095
18.0 -0.71
18.0 3.45
18.0 4.065
18.0 4.52
18.0 5.25
18.0 2.44
18.0 0.13
18.0 1.895
18.0 5.11
18.0 1.265
18.0 -0.27
18.0 3.17
18.0 3.385
18.0 3.535
18.0 3.235
18.0 1.32
18.0 -2.425
18.0 -5.54
18.5 1.76
18.5 4.88
18.5 6.775
18.5 4.045
18.5 4.14
18.5 3.74
18.5 5.585
18.5 5.925
18.5 8.785
18.5 7.96
18.5 6.175
18.5 5.235
18.5 6.235
18.5 5.505
18.5 2.065
18.5 2.91
18.5 3.855
18.5 5.225
18.5 6.21
18.5 5.52
18.5 6.055
18.5 7.66
18.5 8.15
18.5 5.82
18.5 4.105
18.5 7.805
18.5 6.605
18.5 7.34
18.5 1.885
18.5 4.97
18.5 4.79
18.5 6.165
18.5 7.63
18.5 4.245
18.5 5.85
18.5 5.34
18.5 7.525
19.0 8.31
19.0 7.62
19.0 5.43
19.5 4.6
19.5 3.8
19.5 7.46
19.5 7.095
19.5 4.99
19.5 5.465
19.5 3.33
19.5 6.925
19.5 7.61
19.5 7.305
19.5 5.23
19.5 7.405
19.5 7.46
19.5 6.3
19.5 5.08
19.5 3.48
19.5 5.045
19.5 5.195
19.5 3.765
19.5 3.84
19.5 2.04
19.5 4.77
19.5 5.74
19.5 5.18
19.5 6.72
100
5.5 -38.205
6.0 -17.955
10.5 -12.62
14.5 -3.835
14.5 -0.265
14.5 -0.245
15.5 2.865
17.0 5.055
17.0 6.52
17.5 6.865
17.5 7.48
17.5 5.285
17.5 3.115
17.5 5.76
18.0 7.065
18.0 6.89
18.0 4.645
18.0 3.545
18.0 6.36
18.0 4.995
18.0 5.195
18.0 3.37
18.0 0.55
18.0 1.52
18.0 1.99
18.0 1.91
18.0 2.87
18.0 0.66
18.0 2.63
20.5 3.58
20.5 4.895
20.5 5.87
20.5 1.905
20.5 4.34
20.5 3.2
20.5 4.33
20.5 1.255
20.5 3.68
20.5 7.085
20.5 5.37
20.5 3.12
20.5 3.545
20.5 2.99
20.5 2.115
20.5 6.065
20.5 5.875
20.5 2.495
20.5 5.295
20.5 7.445
20.5 6.04
20.5 4.38
20.5 7.53
20.5 5.115
22.0 2.145
22.0 3.335
22.0 3.94
22.0 6.445
22.0 6.475
22.0 6.19
22.0 2.715
22.0 6.28
22.0 4.51
22.0 5.09
22.0 6.36
22.0 5.465
22.0 5.73
22.0 3.195
22.0 4.95
22.0 7.095
22.0 5.02
22.0 6.085
22.0 4.88
22.0 5.11
22.0 4.285
22.0 4.04
22.0 2.625
22.0 5.33
22.0 1.145
22.0 5.3
22.0 6.615
22.0 3.255
22.0 4.345
22.0 2.675
22.0 4.07
22.0 6.49
22.0 6.25
22.0 7.17
22.0 5.13
22.0 5.29
22.0 6.61
22.0 6.48
22.0 7.595
22.0 6.19
22.0 7.9
22.0 5.295
22.0 3.85
22.0 6.745
22.0 4.885
22.0 7.08
22.0 7.47
100
6.0 -37.25
12.0 -15.67
16.0 -2.025
16.0 0.785
16.5 4.155
16.5 2.21
16.5 4.815
16.5 3.8
17.0 5.655
17.0 4.345
17.0 1.11
17.0 5.165
17.0 6.305
17.5 6.005
17.5 5.31
17.5 3.845
17.5 6.605
17.5 7.515
18.0 4.69
18.0 7.65
18.0 4.335
18.0 2.575
18.0 6.24
18.0 5.755
18.0 5.865
19.5 5.245
19.5 6.03
19.5 8.085
19.5 6.78
20.0 6.74
20.0 4.555
20.0 3.475
20.0 3.06
20.0 2.415
20.0 2.69
20.0 -0.35
20.0 6.08
20.0 4.945
20.0 1.23
20.0 2.19
20.0 5.175
20.0 2.53
20.0 5.985
20.0 -3.075
20.0 1.51
20.0 3.73
20.0 4.455
20.0 3.605
20.0 7.405
20.0 5.46
20.0 7.285
20.0 0.7
20.0 0.975
20.0 3.715
20.0 6.215
20.0 4.695
20.0 5.47
20.0 3.9
20.5 3.905
20.5 5.27
20.5 6.84
20.5 6.73
20.5 5.745
20.5 6.515
20.5 7.29
20.5 7.75
20.5 6.875
20.5 3.93
20.5 6.075
20.5 7.275
20.5 3.93
20.5 5.21
20.5 7.445
20.5 8.145
20.5 7.705
20.5 7.365
20.5 7.02
20.5 6.37
20.5 4.84
20.5 4.4
20.5 -0.21
20.5 4.775
20.5 4.935
20.5 8.345
20.5 5.97
20.5 4.01
20.5 1.425
20.5 4.675
20.5 7.98
20.5 5.925
20.5 5.94
20.5 6.225
20.5 5.185
20.5 5.44
20.5 5.495
20.5 4.325
20.5 6.17
20.5 8.225
20.5 6.68
20.5 2.68
100
9.0 -39.425
14.5 -14.055
16.0 -8.24
16.0 -4.75
16.0 -1.2
19.5 2.93
19.5 5.33
19.5 4.685
19.5 3.58
19.5 4.19
19.5 3.685
19.5 3.685
19.5 4.405
19.5 6.26
19.5 4.36
19.5 2.645
19.5 5.7
19.5 3.13
19.5 4.105
19.5 3.905
19.5 4.5
19.5 2.035
19.5 2.27
19.5 5.93
19.5 4.72
19.5 5.825
19.5 6.1
19.5 4.455
19.5 4.545
19.5 1.2
19.5 2.6
19.5 3.87
19.5 5.81
19.5 6.655
19.5 2.855
19.5 4.025
19.5 -1.865
19.5 3.635
19.5 1.475
19.5 2.41
19.5 0.985
19.5 3.42
19.5 3.115
19.5 4.435
19.5 4.67
19.5 4.24
19.5 3.7
19.5 -0.615
19.5 4.17
19.5 4.75
19.5 3.59
19.5 3.96
19.5 3.36
19.5 5.25
19.5 5.195
19.5 3.185
19.5 3.34
19.5 4.13
19.5 6.085
19.5 4.55
19.5 5.26
19.5 4.0
19.5 4.39
19.5 5.24
19.5 4.83
19.5 2.475
19.5 5.49
19.5 6.64
19.5 5.975
19.5 4.29
19.5 4.225
19.5 3.97
19.5 3.105
19.5 4.615
19.5 3.625
19.5 3.765
19.5 0.88
19.5 3.705
19.5 2.32
19.5 6.175
19.5 1.79
19.5 6.315
19.5 5.115
19.5 5.215
19.5 5.275
19.5 1.19
19.5 4.16
19.5 5.21
19.5 5.73
19.5 4.695
19.5 6.465
20.0 3.345
20.0 5.29
20.0 2.37
20.0 4.055
20.0 5.4
20.0 4.54
20.0 3.54
20.0 5.3
20.0 3.46
100
13.5 -35.84
13.5 -14.13
13.5 -1.11
14.0 -0.09
19.5 1.645
19.5 2.93
19.5 5.315
19.5 5.55
19.5 3.11
19.5 3.095
19.5 0.6
19.5 0.58
19.5 4.28
19.5 5.195
19.5 5.02
19.5 1.36
19.5 6.54
19.5 5.085
19.5 5.96
19.5 3.62
19.5 3.17
19.5 3.855
19.5 4.02
19.5 5.93
19.5 2.855
19.5 1.35
19.5 3.29
19.5 4.765
19.5 2.07
19.5 3.33
19.5 4.995
21.5 5.715
21.5 4.695
21.5 1.69
21.5 3.99
21.5 2.635
21.5 3.32
21.5 -0.92
21.5 2.16
21.5 2.17
21.5 -0.16
21.5 3.535
21.5 1.06
21.5 2.325
21.5 -0.095
21.5 -0.805
21.5 2.345
21.5 4.06
21.5 5.645
21.5 2.86
21.5 3.14
21.5 3.375
21.5 5.455
21.5 5.6
21.5 3.11
21.5 -0.99
21.5 4.96
21.5 6.795
21.5 4.915
21.5 5.58
21.5 6.52
21.5 7.965
21.5 6.845
21.5 6.74
21.5 2.85
21.5 2.025
21.5 1.99
21.5 2.57
21.5 3.24
21.5 5.81
21.5 4.955
21.5 6.53
21.5 5.975
21.5 4.205
21.5 4.205
21.5 5.42
21.5 3.72
21.5 4.045
21.5 6.355
21.5 2.015
21.5 5.255
21.5 4.13
21.5 4.105
21.5 5.345
21.5 2.81
21.5 3.145
21.5 3.84
21.5 5.565
21.5 1.51
21.5 6.2
21.5 2.92
21.5 3.4
21.5 4.165
21.5 2.015
21.5 2.485
21.5 2.775
21.5 4.07
21.5 5.4
21.5 4.175
21.5 3.76

Individual: [2, 3, 5, 12, 13, 15, 16, 34, 36, 38, 39, 41, 45, 47, 48, 50]
   Fitness: 22.0
     Total: 16
Violations: 2 2

Individual: [1, 4, 6, 10, 14, 20, 28, 31, 32, 37, 38, 40, 41, 47, 49]
   Fitness: 20.5
     Total: 15
Violations: 2 2

Individual: [1, 4, 5, 10, 11, 13, 14, 20, 34, 35, 37, 38, 44, 45, 47, 49]
   Fitness: 22.0
     Total: 16
Violations: 2 2

Individual: [1, 2, 4, 5, 8, 14, 16, 17, 19, 38, 40, 41, 43, 47, 49, 50]
   Fitness: 22.0
     Total: 16
Violations: 2 2

Individual: [3, 4, 7, 8, 14, 17, 19, 23, 34, 36, 37, 41, 47, 48, 50]
   Fitness: 20.5
     Total: 15
Violations: 2 2

Individual: [1, 2, 8, 16, 18, 19, 21, 27, 32, 39, 41, 42, 44, 49, 50]
   Fitness: 19.5
     Total: 15
Violations: 3 3

Individual: [1, 2, 3, 6, 10, 12, 13, 15, 34, 35, 37, 38, 45, 46, 48, 49]
   Fitness: 22.0
     Total: 16
Violations: 2 2

Individual: [1, 2, 6, 8, 13, 16, 17, 34, 36, 37, 41, 42, 44, 45, 49]
   Fitness: 20.5
     Total: 15
Violations: 2 2

Individual: [2, 4, 5, 10, 13, 19, 22, 29, 32, 37, 41, 46, 47, 49]
   Fitness: 20.0
     Total: 14
Violations: 1 1

Individual: [1, 2, 4, 8, 11, 13, 19, 23, 28, 29, 31, 32, 38, 40, 41, 46, 49]
   Fitness: 21.5
     Total: 17
Violations: 4 4
