10
100
7.0 -33.385
13.0 -11.43
14.0 -8.99
15.0 -3.815
15.0 -4.44
15.0 -9.065
16.5 -7.59
16.5 -1.485
16.5 0.175
16.5 -0.89
16.5 0.79
16.5 -1.24
16.5 4.525
17.0 1.925
17.0 -2.725
17.0 -2.325
17.0 -4.635
17.0 1.29
17.0 -0.68
17.0 0.41
17.0 -0.08
17.0 3.84
17.0 -5.235
17.0 1.215
17.0 -1.695
17.0 -3.01
17.0 0.13
17.0 3.1
17.5 -2.7
17.5 0.875
17.5 2.875
17.5 0.66
17.5 -5.305
18.5 -0.39
18.5 4.705
18.5 2.075
19.5 0.675
19.5 2.15
19.5 -2.385
19.5 -3.64
19.5 -1.38
19.5 -1.13
19.5 -9.31
19.5 -0.17
19.5 -0.925
19.5 -2.49
19.5 -1.605
19.5 3.855
19.5 2.15
19.5 1.97
19.5 3.945
19.5 1.28
19.5 -1.875
19.5 -0.69
19.5 2.995
19.5 -10.33
19.5 -2.455
19.5 1.7
19.5 -1.79
19.5 -0.705
19.5 -0.225
19.5 0.43
19.5 -2.345
19.5 0.5
19.5 1.85
19.5 3.185
19.5 3.815
19.5 -1.205
19.5 -2.98
19.5 0.55
19.5 0.605
19.5 -0.035
19.5 -3.075
19.5 -1.07
19.5 -6.47
19.5 0.38
19.5 3.855
19.5 2.405
19.5 2.515
19.5 4.31
19.5 0.505
19.5 1.815
19.5 1.465
19.5 -6.815
19.5 -2.295
19.5 0.495
21.5 -1.12
21.5 -1.35
21.5 2.415
21.5 -3.905
21.5 -1.265
21.5 1.01
21.5 -0.36
21.5 0.7
21.5 -3.36
21.5 1.755
22.0 4.37
22.0 1.32
22.0 1.0
22.0 -2.37
100
7.0 -36.325
7.0 -21.885
7.5 -12.505
12.0 -13.035
12.0 -8.82
12.0 -6.175
14.5 -4.885
14.5 0.245
16.5 -0.81
16.5 -3.28
16.5 -4.35
17.5 -2.395
17.5 -1.875
17.5 0.205
18.5 -0.145
18.5 0.85
18.5 -3.85
18.5 2.395
18.5 1.8
18.5 2.535
18.5 -4.415
18.5 4.365
18.5 5.545
18.5 -2.8
18.5 -2.125
18.5 -0.96
18.5 -0.1
18.5 -2.215
18.5 1.135
18.5 1.06
18.5 -1.295
18.5 2.22
18.5 2.84
18.5 -1.8
18.5 -0.215
18.5 3.585
18.5 0.72
18.5 -6.145
18.5 -0.275
18.5 -2.105
18.5 -5.865
18.5 -0.35
18.5 2.08
19.0 0.735
19.0 1.045
19.0 -4.47
19.0 -3.295
19.0 -1.27
19.0 1.375
19.0 4.395
20.0 2.53
20.0 -10.335
20.0 0.435
20.0 0.03
20.0 1.305
20.0 3.24
20.0 -1.085
20.0 -2.36
20.0 3.355
20.0 -0.265
20.0 3.28
20.0 1.26
20.0 -3.585
20.0 2.61
20.0 -1.275
20.0 -0.095
20.0 -0.15
20.0 4.52
20.0 -1.615
20.0 5.365
20.0 -1.46
20.0 -6.675
20.0 -1.63
20.0 -4.68
20.0 -0.88
20.0 -0.875
20.0 -0.1
20.0 2.295
20.0 -0.09
20.0 2.4
20.0 -10.1
20.0 0.85
20.0 -0.35
20.0 -0.945
20.0 0.865
20.0 -0.51
20.0 -3.79
20.0 -1.005
20.0 -6.32
20.0 -3.015
20.0 -1.145
20.0 -2.34
20.0 -4.93
20.0 -8.28
20.0 -2.85
20.0 0.87
20.0 -4.695
20.0 -6.875
20.0 3.18
20.0 0.435
100
8.0 -38.195
9.5 -13.11
12.0 -8.65
13.5 -5.26
16.0 -8.23
16.0 -5.175
16.0 -1.98
17.0 -5.53
17.0 0.07
17.0 2.785
17.0 -1.11
17.0 2.535
17.0 -3.755
18.0 -5.885
18.0 -2.795
18.0 -4.395
18.0 -1.09
18.0 -8.265
18.0 -4.25
18.0 -1.415
18.0 -1.63
18.0 -2.41
18.5 -2.67
18.5 -3.49
18.5 -1.035
18.5 -4.01
18.5 1.895
18.5 2.7
18.5 0.94
18.5 4.54
20.5 2.02
20.5 1.585
20.5 -5.77
20.5 -4.155
20.5 -2.9
20.5 -3.105
20.5 -3.815
20.5 -6.47
20.5 -5.2
20.5 -3.985
20.5 0.135
20.5 -1.87
20.5 -4.25
20.5 0.84
20.5 2.55
20.5 -5.53
20.5 3.105
20.5 2.19
20.5 -5.465
20.5 -21.28
20.5 -3.15
20.5 1.795
20.5 0.6
20.5 1.625
20.5 -4.5
20.5 -1.32
20.5 -4.28
20.5 -2.87
20.5 -2.39
20.5 -1.465
20.5 -12.39
20.5 -12.5
20.5 -3.565
20.5 -1.93
20.5 -9.715
20.5 -1.87
20.5 -4.035
20.5 0.13
20.5 -1.105
20.5 2.335
20.5 -8.015
20.5 0.48
22.0 -1.195
22.0 -3.745
22.0 -0.195
22.0 -2.755
22.0 -2.22
22.0 1.41
22.0 3.72
22.0 0.365
22.0 -0.78
22.0 -3.47
22.0 -1.015
22.0 -2.42
22.0 5.78
22.0 -1.88
22.0 1.16
22.0 0.45
22.0 2.24
22.0 -1.025
22.0 -2.065
22.0 -11.15
22.0 -2.235
22.0 -0.7
22.0 0.915
22.0 2.1
22.0 5.595
22.0 6.47
22.0 3.045
22.0 1.7
100
14.0 -34.305
14.0 -15.505
15.0 -14.79
15.0 -6.665
15.0 -5.54
16.5 -4.22
16.5 -2.43
16.5 -3.33
16.5 -3.93
16.5 -9.39
16.5 -4.265
16.5 -1.72
16.5 -5.07
16.5 -1.34
16.5 1.645
16.5 4.785
16.5 -4.23
18.0 0.2
18.0 3.055
18.0 -2.23
18.5 -0.955
18.5 3.26
18.5 2.895
18.5 -1.07
18.5 -0.65
18.5 0.14
18.5 0.42
18.5 0.67
18.5 4.2
18.5 -0.06
19.5 2.65
19.5 2.965
19.5 -0.255
19.5 -2.365
19.5 -7.01
19.5 2.265
19.5 -2.0
19.5 -3.67
19.5 -6.215
19.5 1.985
19.5 -0.39
19.5 -0.235
19.5 0.61
19.5 -3.94
19.5 -1.295
19.5 4.86
19.5 4.075
19.5 4.8
19.5 -4.64
19.5 0.1
19.5 -0.115
19.5 -1.655
19.5 -0.66
19.5 1.305
19.5 -0.35
19.5 -1.015
19.5 -3.245
19.5 -1.18
19.5 -0.6
19.5 1.47
19.5 2.795
19.5 2.28
19.5 -1.025
19.5 2.615
19.5 0.665
19.5 1.265
19.5 -2.375
20.0 1.435
20.0 -4.705
20.0 1.745
20.0 3.605
20.0 0.8
20.0 4.31
20.0 -2.57
20.0 2.12
20.0 1.305
20.0 -0.21
20.0 1.77
20.0 -1.42
20.0 0.22
20.0 -1.59
20.0 3.645
20.0 -2.94
20.0 -1.01
20.0 1.67
23.0 3.87
23.0 -0.425
23.0 2.135
23.0 1.585
23.0 -0.795
23.0 -0.715
23.0 -3.835
23.0 -8.695
23.0 1.6
23.0 -4.625
23.0 -3.295
23.0 1.28
23.0 1.94
23.0 -0.115
23.0 -2.38
100
6.0 -32.405
13.0 -8.165
13.0 -10.335
13.0 -9.15
13.0 -6.09
13.5 -5.45
14.5 -5.265
15.0 -10.59
15.5 -4.865
15.5 -12.45
15.5 -7.475
15.5 -8.64
15.5 -3.285
16.5 -1.37
17.5 0.985
17.5 -0.62
17.5 -8.435
17.5 -1.975
17.5 -12.55
17.5 0.685
17.5 2.44
17.5 -0.705
17.5 -1.135
17.5 -6.05
17.5 1.11
17.5 -3.405
17.5 -1.805
17.5 1.19
18.0 -0.44
18.0 -1.245
19.0 -2.165
19.0 -2.75
19.0 2.595
19.0 -3.46
19.0 3.035
19.0 1.395
19.0 1.63
19.0 0.155
19.0 -0.26
19.0 -2.745
19.0 1.01
19.0 0.065
19.0 -2.275
19.5 1.0
19.5 2.325
19.5 0.8
19.5 -0.13
19.5 1.825
19.5 0.88
19.5 -1.44
19.5 3.72
19.5 -1.145
19.5 -2.1
19.5 -4.07
19.5 -0.535
19.5 -0.44
19.5 -0.32
19.5 -2.7
19.5 0.03
19.5 0.165
19.5 -4.695
19.5 -1.695
19.5 -3.005
19.5 2.885
20.5 2.93
20.5 1.025
20.5 -5.765
21.0 5.39
21.0 -1.005
21.0 2.51
21.0 -1.81
21.0 3.21
21.0 -6.215
21.0 2.08
21.0 -1.545
21.0 -0.88
21.0 -1.995
21.0 -6.01
21.0 -6.895
21.0 -5.035
21.0 -11.415
21.0 -5.47
21.0 -1.525
21.0 -2.56
21.0 -2.695
21.0 -0.07
21.0 0.46
21.0 -1.205
21.0 2.36
21.0 -3.675
21.0 -3.935
21.0 3.225
21.0 0.095
21.0 -0.58
21.0 -12.505
21.0 -1.0
21.0 -6.165
21.0 -4.15
21.0 -3.19
21.0 -1.305
100
13.5 -38.03
13.5 -14.92
13.5 -7.215
13.5 -6.89
15.0 -1.93
15.0 -5.89
15.0 -4.185
16.5 0.545
16.5 3.625
16.5 -7.08
16.5 -0.74
16.5 -2.295
16.5 -5.855
16.5 -5.575
16.5 0.27
16.5 -0.815
18.5 -4.635
18.5 -0.575
18.5 -6.685
18.5 -1.665
18.5 -2.065
18.5 2.215
18.5 -3.165
18.5 -4.38
18.5 -3.42
18.5 -5.02
18.5 -4.115
18.5 1.345
18.5 -7.355
18.5 -8.39
18.5 2.565
18.5 -2.795
18.5 -1.215
18.5 -2.54
18.5 -0.455
18.5 -3.14
18.5 -5.02
18.5 -6.22
18.5 -5.185
19.0 1.77
19.0 -1.205
19.0 -3.01
19.0 2.585
19.0 -2.855
19.0 -3.775
19.0 -2.885
19.0 -3.7
19.0 -6.29
19.0 -5.43
19.0 -1.9
19.0 -1.535
19.0 -3.22
19.0 -0.96
20.5 0.71
20.5 3.9
20.5 -0.135
20.5 -11.545
20.5 -3.32
20.5 -2.12
20.5 -1.5
20.5 -5.28
20.5 -3.43
20.5 -3.41
20.5 -1.785
20.5 -11.525
20.5 -13.225
20.5 -2.195
21.5 4.755
21.5 -0.25
21.5 0.08
21.5 3.695
21.5 3.71
21.5 3.485
21.5 -2.66
21.5 0.48
21.5 -3.32
21.5 2.37
21.5 2.165
21.5 1.145
21.5 -0.52
21.5 -1.035
21.5 -1.615
21.5 1.9
21.5 -4.735
21.5 -5.07
21.5 1.655
21.5 -4.95
21.5 -4.2
21.5 -0.62
21.5 0.395
21.5 3.105
21.5 2.685
21.5 -0.35
21.5 3.09
21.5 -0.595
21.5 -2.55
21.5 -10.415
21.5 -4.52
21.5 -1.11
21.5 -10.84
100
11.0 -38.05
11.0 -16.355
12.5 -21.885
12.5 -7.655
14.0 -6.87
14.5 -4.92
14.5 -8.08
14.5 -5.485
14.5 -1.875
17.0 -3.675
17.5 -1.73
17.5 -3.105
17.5 3.65
17.5 -0.875
17.5 1.375
17.5 2.33
17.5 -0.27
17.5 -1.905
17.5 -1.05
17.5 -5.435
17.5 3.015
17.5 3.16
17.5 -2.05
17.5 4.625
17.5 1.775
18.0 0.52
18.0 -7.155
18.0 -14.285
18.0 1.505
18.0 2.1
18.0 2.235
19.0 -1.465
19.0 -1.435
19.0 -8.21
19.0 -0.795
19.0 -5.625
19.0 -1.63
19.0 -9.765
19.0 -3.49
19.0 -5.355
19.0 2.56
19.0 2.67
19.0 -1.09
19.0 -5.655
19.0 -0.515
19.0 0.78
19.0 3.12
19.0 -2.235
19.0 -7.825
19.0 -2.32
19.0 -2.975
19.0 0.7
19.0 1.87
19.0 -6.71
19.0 1.635
19.0 -2.065
19.0 2.375
19.0 -0.685
19.0 -3.315
19.0 -0.96
19.0 -2.445
19.0 -1.225
19.0 -2.04
19.0 -5.095
19.0 1.94
19.0 0.7
19.0 3.635
19.0 -3.98
19.0 -0.955
19.0 -0.885
19.0 -1.805
19.0 -3.385
19.0 0.63
19.0 2.395
19.0 -0.105
19.0 1.34
19.0 -0.81
19.0 -4.345
19.0 -7.095
19.0 1.075
19.0 1.075
19.0 -2.555
19.0 -4.805
19.0 -3.605
19.0 -1.67
19.0 -2.69
19.0 1.76
19.5 1.09
19.5 5.26
19.5 0.28
19.5 -0.585
19.5 1.255
19.5 4.95
19.5 2.89
19.5 -2.865
19.5 -3.53
19.5 0.875
19.5 1.495
19.5 -0.965
19.5 -0.145
100
9.5 -34.795
10.5 -21.53
12.0 -6.89
12.0 -6.24
13.5 -5.935
15.0 -4.57
15.0 -7.5
17.0 -5.745
17.0 -12.52
17.0 -5.205
17.0 -2.04
17.0 -7.895
18.5 -6.69
20.5 0.315
20.5 -2.945
20.5 -2.085
20.5 -1.82
20.5 -3.305
20.5 -1.29
20.5 -1.23
20.5 0.43
20.5 -1.195
20.5 1.205
20.5 0.245
20.5 -3.585
20.5 -3.46
20.5 -0.125
20.5 2.67
20.5 0.59
20.5 2.285
20.5 -1.775
20.5 -12.855
20.5 -2.36
20.5 -2.71
20.5 -8.795
20.5 -1.235
20.5 -2.22
20.5 -0.845
20.5 2.03
20.5 1.8
20.5 2.705
20.5 0.85
20.5 0.475
20.5 -3.23
20.5 1.55
20.5 -3.14
20.5 -1.86
20.5 -4.085
20.5 -4.21
20.5 -3.885
20.5 -0.375
20.5 -1.895
20.5 -2.37
20.5 -6.93
20.5 -2.64
20.5 -0.58
20.5 -6.375
20.5 1.94
20.5 1.915
20.5 3.755
20.5 3.73
20.5 -4.38
20.5 -1.62
20.5 -3.005
20.5 -0.435
20.5 -2.96
20.5 -4.755
20.5 0.675
20.5 -3.475
20.5 0.08
20.5 -1.575
20.5 -4.175
20.5 -3.74
20.5 -7.265
20.5 0.835
20.5 -6.95
20.5 -4.185
20.5 -1.82
20.5 2.57
20.5 0.355
20.5 1.55
20.5 0.71
20.5 0.27
20.5 3.44
20.5 -0.775
20.5 0.66
20.5 -7.255
20.5 -1.65
20.5 -0.505
20.5 -8.425
20.5 0.41
20.5 2.42
20.5 0.315
20.5 0.72
20.5 -5.4
20.5 -1.645
20.5 -2.945
20.5 -0.12
20.5 0.185
20.5 -6.865
100
14.5 -39.225
14.5 -19.815
14.5 -22.325
14.5 -6.51
14.5 -4.425
14.5 -1.91
15.5 -10.02
15.5 -6.34
15.5 2.88
15.5 -1.68
15.5 -0.89
15.5 1.55
15.5 -2.45
16.0 1.49
16.0 -7.01
17.0 -2.23
17.0 -4.285
17.0 1.6
17.0 -0.505
17.0 -0.84
17.0 1.2
17.0 -0.84
17.0 1.43
17.5 0.865
17.5 0.8
17.5 1.27
17.5 -1.27
17.5 0.05
17.5 -12.195
17.5 -3.475
17.5 -3.86
17.5 -2.415
17.5 -5.99
17.5 0.695
17.5 1.21
17.5 -1.205
17.5 -0.405
18.0 2.75
18.0 5.72
18.0 4.055
19.5 -2.25
19.5 0.975
20.5 -3.75
20.5 2.53
20.5 -4.625
20.5 -7.3
20.5 -1.405
20.5 1.2
20.5 -0.14
20.5 -3.04
20.5 -0.955
20.5 -2.67
20.5 -5.98
20.5 -0.925
20.5 -3.74
20.5 1.755
20.5 2.42
20.5 -5.18
20.5 -1.27
20.5 -0.5
20.5 1.455
20.5 -2.815
20.5 -1.795
20.5 -7.53
20.5 -6.5
20.5 -1.8
20.5 -2.92
20.5 -1.91
20.5 -1.25
20.5 0.195
20.5 -0.695
20.5 -0.205
20.5 -1.46
20.5 -3.455
20.5 -0.565
20.5 -3.315
20.5 -7.48
20.5 -0.365
21.0 4.16
21.0 0.81
21.0 2.145
21.0 1.125
21.0 2.945
21.0 1.73
21.0 -2.175
21.0 -1.51
21.0 0.29
21.0 1.12
21.0 -3.14
21.0 -1.32
21.0 2.55
21.0 -16.555
21.0 2.985
21.0 5.28
21.0 6.845
21.0 -2.895
21.0 3.56
21.0 -0.845
21.0 -1.805
21.0 -2.35
100
8.0 -41.195
8.5 -20.945
12.0 -15.68
12.0 -14.245
12.0 -10.895
15.5 -8.145
15.5 -4.21
15.5 -4.545
15.5 -4.305
16.0 -0.67
16.0 -4.255
16.0 -1.62
16.5 0.75
16.5 -4.805
16.5 -2.555
16.5 0.48
16.5 -2.485
16.5 -7.915
16.5 -17.06
16.5 -5.085
16.5 -10.425
16.5 -4.4
16.5 -4.335
16.5 -15.34
19.0 -9.83
19.0 -11.72
19.0 -15.465
19.0 -13.57
19.0 -12.035
19.0 -13.205
19.0 -5.84
19.0 -0.265
19.0 -7.655
19.0 -8.445
19.0 -3.83
19.0 -7.935
19.0 -1.605
19.0 0.71
19.0 -2.27
19.0 -4.62
19.5 -0.585
19.5 0.115
19.5 -3.18
19.5 -4.215
19.5 4.24
19.5 -2.805
19.5 -1.9
19.5 -3.83
19.5 -1.06
19.5 -0.245
19.5 -1.22
19.5 -10.43
19.5 -4.41
19.5 2.49
19.5 -7.645
19.5 2.31
19.5 2.57
19.5 -4.04
19.5 -7.325
19.5 -1.205
19.5 -0.075
19.5 -1.795
19.5 -3.34
19.5 -3.875
19.5 -2.935
19.5 -1.06
19.5 0.98
19.5 0.75
19.5 2.19
19.5 0.605
19.5 0.015
19.5 -1.92
19.5 -5.215
19.5 -6.845
19.5 -6.72
19.5 -2.175
19.5 0.47
19.5 0.675
19.5 -3.52
19.5 -3.695
19.5 0.56
19.5 -2.8
19.5 1.11
19.5 -2.805
19.5 -5.075
19.5 -3.5
19.5 0.63
19.5 -3.345
19.5 -2.645
19.5 -1.495
19.5 -0.755
19.5 -6.25
19.5 -10.365
19.5 -0.915
19.5 -0.95
19.5 0.405
19.5 0.265
19.5 1.99
19.5 3.22
19.5 3.84

Individual: [1, 2, 4, 5, 10, 11, 13, 29, 31, 34, 36, 37, 44, 46, 49, 50]
   Fitness: 22.0
     Total: 16
Violations: 2 2

Individual: [1, 2, 4, 8, 13, 17, 19, 31, 35, 38, 40, 41, 46, 48]
   Fitness: 20.0
     Total: 14
Violations: 1 1

Individual: [1, 3, 4, 6, 12, 13, 15, 16, 32, 34, 37, 39, 43, 44, 46, 50]
   Fitness: 22.0
     Total: 16
Violations: 2 1

Individual: [2, 3, 5, 6, 11, 13, 14, 32, 33, 35, 36, 43, 44, 45, 48, 49]
   Fitness: 23.0
     Total: 16
Violations: 1 1

Individual: [1, 3, 7, 10, 12, 13, 15, 16, 33, 34, 36, 40, 42, 43, 45, 49]
   Fitness: 21.0
     Total: 16
Violations: 3 3

Individual: [1, 3, 6, 7, 12, 14, 19, 29, 33, 36, 38, 44, 45, 48, 49]
   Fitness: 21.5
     Total: 15
Violations: 1 1

Individual: [5, 6, 9, 10, 16, 19, 34, 35, 37, 38, 44, 47, 48]
   Fitness: 19.5
     Total: 13
Violations: 0 0

Individual: [2, 4, 5, 7, 8, 14, 15, 17, 33, 35, 36, 38, 44, 45, 48]
   Fitness: 20.5
     Total: 15
Violations: 2 2

Individual: [1, 3, 4, 6, 12, 14, 15, 33, 38, 39, 41, 42, 47, 50]
   Fitness: 21.0
     Total: 14
Violations: 0 0

Individual: [2, 4, 5, 10, 12, 13, 34, 37, 38, 39, 43, 45, 46, 48, 50]
   Fitness: 19.5
     Total: 15
Violations: 3 3
