10
50
13.5 -34.81
13.5 -18.08
13.5 -13.625
13.5 -3.015
15.5 -1.33
15.5 1.795
15.5 3.145
15.5 2.22
15.5 0.615
16.0 -0.475
16.0 2.58
16.0 0.39
16.0 0.785
17.0 1.58
17.0 -2.86
18.5 -2.705
18.5 -3.185
18.5 -7.48
18.5 -4.545
18.5 0.125
18.5 2.135
18.5 0.445
19.0 6.25
19.0 1.64
19.0 1.97
19.0 3.635
19.0 -11.44
19.0 5.345
19.0 0.215
19.0 -8.825
19.0 -4.335
19.0 -3.56
19.0 0.205
19.0 -5.1
19.0 -2.0
19.0 1.02
19.0 -8.945
19.0 1.365
19.0 2.6
19.0 -0.35
19.0 -7.625
19.0 -1.34
19.0 0.02
19.0 -3.64
19.0 -8.81
19.0 -0.29
19.0 -10.685
19.0 -5.435
19.0 -1.52
19.0 -3.755
50
9.5 -40.095
11.5 -14.715
15.0 -13.64
15.0 -15.755
15.5 -15.12
15.5 -3.765
15.5 -2.995
16.0 -3.35
16.0 -3.68
16.0 -3.395
16.0 -0.53
16.0 0.115
16.0 2.22
16.0 0.39
16.5 -4.1
17.5 -0.66
17.5 0.255
17.5 -5.43
17.5 -2.505
17.5 -0.285
17.5 -0.755
17.5 -3.95
17.5 -5.62
17.5 -1.635
17.5 2.275
17.5 1.77
17.5 -1.765
17.5 -1.73
17.5 -2.925
18.5 1.315
18.5 -11.025
18.5 -0.755
18.5 0.445
18.5 -4.295
18.5 -6.305
18.5 -0.325
18.5 -0.01
18.5 -4.775
18.5 -5.425
18.5 -5.525
19.0 -9.405
19.0 -9.95
19.0 -5.505
19.0 -8.085
19.0 -5.205
19.5 -6.525
19.5 -9.97
19.5 -3.09
19.5 -9.74
19.5 -0.175
50
7.5 -41.01
13.5 -17.685
15.5 -8.7
15.5 -7.05
16.0 0.73
16.0 0.765
16.0 -5.335
16.5 -1.015
17.0 -4.09
17.0 1.665
17.0 -2.845
17.0 -2.38
17.0 0.28
17.0 0.275
17.0 -2.27
17.5 1.82
17.5 0.855
17.5 1.91
17.5 -2.49
19.0 2.53
19.0 -0.345
19.0 -0.975
19.0 -0.45
19.0 -4.095
19.0 -11.735
19.0 -8.36
19.0 -5.76
19.0 -4.165
19.0 1.26
19.0 0.08
19.0 -0.265
19.0 -2.705
19.0 -1.515
19.0 -4.13
19.0 -2.96
19.0 -2.895
19.0 1.38
19.0 1.64
19.0 -0.82
19.0 -8.28
19.0 1.17
19.0 1.135
19.0 3.56
20.5 0.495
20.5 1.89
20.5 2.165
20.5 2.21
20.5 2.525
20.5 1.965
20.5 -0.11
50
8.5 -37.355
8.5 -15.165
9.5 -13.5
14.0 -13.075
14.0 -3.885
14.5 -5.445
15.5 -3.36
16.0 -0.295
16.0 1.275
16.5 -1.9
18.5 1.72
18.5 2.38
18.5 3.04
18.5 0.27
18.5 -1.255
18.5 -4.425
18.5 -2.885
18.5 -3.85
18.5 0.37
18.5 -5.395
18.5 -5.18
18.5 -2.8
18.5 -3.675
18.5 -1.82
18.5 -0.595
18.5 -7.445
18.5 1.795
18.5 -0.225
18.5 -0.61
18.5 3.335
18.5 2.74
18.5 1.375
18.5 1.085
18.5 2.63
18.5 -3.985
18.5 -3.825
18.5 0.0
18.5 2.145
18.5 3.275
18.5 1.875
18.5 3.975
18.5 0.02
18.5 0.4
19.5 -0.645
20.5 4.31
20.5 1.875
20.5 -2.6
20.5 -9.955
20.5 -2.595
20.5 -2.245
50
13.0 -38.265
13.0 -11.215
13.0 -12.12
15.5 -7.36
15.5 -6.785
15.5 -4.355
15.5 1.015
15.5 0.75
15.5 3.78
16.0 -1.23
16.0 -2.765
16.0 0.07
16.0 -0.525
16.0 0.405
16.0 -2.36
16.0 -2.675
16.0 -2.51
16.0 -0.675
16.5 -0.285
17.0 -2.55
17.0 -1.655
17.0 -4.525
18.5 -0.43
18.5 4.12
18.5 2.18
18.5 2.54
18.5 0.56
18.5 2.88
18.5 1.415
18.5 4.33
18.5 0.8
18.5 0.6
18.5 -5.62
18.5 1.95
18.5 1.8
18.5 5.275
18.5 -0.25
18.5 -5.76
18.5 -0.85
18.5 -0.975
18.5 -6.965
18.5 -1.07
18.5 4.575
18.5 -7.37
18.5 -5.3
18.5 0.945
18.5 -0.28
18.5 3.105
18.5 -0.495
18.5 1.6
50
8.5 -38.43
13.0 -18.82
15.5 -15.38
18.0 -8.74
18.0 -2.55
18.0 -16.025
18.0 -1.56
18.0 -1.555
18.0 -4.135
18.0 -1.225
18.0 -3.52
18.0 -7.005
18.0 -2.775
18.0 -0.845
18.0 -0.665
18.0 -2.13
18.0 -3.675
18.0 -1.34
18.0 -3.865
18.0 -4.28
18.0 -6.215
18.0 1.37
18.0 0.32
18.0 -5.435
18.0 -7.65
18.0 -3.55
18.0 2.295
18.0 -4.04
18.0 -14.08
18.0 -1.61
18.0 1.015
18.0 1.9
18.0 -4.69
18.0 -0.165
18.0 2.0
18.0 -1.935
18.0 -3.605
18.0 -2.8
18.0 0.61
18.0 -2.64
18.0 -1.67
18.0 0.49
18.0 -1.42
18.0 -2.87
18.5 -4.815
18.5 -7.095
18.5 -1.1
18.5 -3.09
18.5 2.97
18.5 -0.925
50
11.0 -36.745
11.0 -17.26
12.0 -11.735
16.5 -23.255
16.5 -7.95
16.5 0.595
16.5 -3.325
16.5 -2.56
17.0 3.345
17.0 2.835
17.0 -5.21
17.0 -1.865
17.0 -1.19
17.0 -3.985
18.0 -1.17
18.0 -3.505
18.0 -3.22
18.5 -6.645
18.5 -7.955
18.5 -3.98
18.5 -5.085
18.5 0.07
18.5 -5.61
18.5 -8.95
18.5 -4.045
18.5 -3.405
18.5 -2.575
18.5 -0.17
18.5 1.965
18.5 -3.135
18.5 2.775
18.5 -1.435
18.5 -2.955
18.5 -2.34
18.5 -1.2
18.5 0.27
18.5 0.14
18.5 -1.19
20.0 -2.735
20.0 -0.39
20.0 -7.515
20.0 -0.2
20.0 1.905
20.0 2.335
20.0 -6.23
20.0 0.505
20.0 1.905
20.0 -1.16
20.0 0.93
20.0 -0.505
50
12.0 -37.315
12.5 -14.25
13.0 -10.9
14.5 -8.335
15.5 -7.935
15.5 -0.155
18.5 0.88
18.5 -2.215
18.5 -4.62
18.5 -0.235
18.5 -5.425
18.5 2.045
18.5 2.72
18.5 -2.09
18.5 -0.325
20.0 3.04
20.0 1.475
20.0 -2.06
20.0 0.295
20.0 0.965
20.0 1.355
20.0 1.49
20.0 -6.185
20.0 3.87
20.0 4.08
20.0 -2.465
20.0 1.93
20.0 1.66
20.0 1.7
20.0 1.44
20.0 -2.965
20.0 2.835
20.0 -1.775
20.0 1.885
20.0 -0.95
20.0 -5.375
20.0 1.61
20.0 -2.645
20.0 -3.27
20.0 -4.76
20.0 1.635
20.0 0.09
20.0 -3.23
20.0 -0.795
20.0 0.35
20.0 -1.235
20.0 -4.33
20.0 1.77
20.0 1.915
20.0 2.255
50
10.5 -37.64
15.0 -12.14
15.0 -1.64
15.0 -2.745
15.0 -2.4
15.0 -9.33
18.5 2.43
18.5 0.22
18.5 -1.0
18.5 1.55
18.5 -0.125
18.5 -3.595
18.5 -3.94
18.5 -3.135
19.5 -2.27
19.5 -0.23
19.5 1.625
19.5 -0.09
19.5 2.03
19.5 0.5
19.5 -2.77
19.5 -1.385
19.5 -0.63
19.5 -5.465
19.5 -3.94
19.5 -0.235
19.5 -5.14
19.5 0.765
19.5 -0.085
19.5 -4.48
19.5 0.06
19.5 -5.655
19.5 -14.445
19.5 -2.345
19.5 -9.285
19.5 1.25
19.5 2.945
20.5 0.13
20.5 1.27
20.5 -3.685
20.5 -6.49
20.5 -3.595
20.5 -4.59
20.5 -3.435
20.5 -2.145
20.5 1.225
20.5 -5.265
20.5 1.775
20.5 -5.495
20.5 2.395
50
4.0 -35.94
13.5 -18.235
14.0 -8.17
15.5 -10.335
15.5 -6.64
15.5 -1.78
15.5 -7.18
15.5 -1.7
15.5 -7.09
19.5 -0.14
19.5 0.655
19.5 -1.975
19.5 -1.075
19.5 -0.325
19.5 -5.565
19.5 -1.81
19.5 -3.425
19.5 1.215
19.5 -8.555
19.5 -1.815
19.5 0.75
19.5 -3.63
19.5 -2.965
19.5 -1.73
19.5 0.61
19.5 -0.19
19.5 -1.33
19.5 -1.715
19.5 2.825
19.5 7.44
19.5 -0.78
19.5 2.24
19.5 -0.18
19.5 3.015
19.5 1.7
19.5 0.75
19.5 0.75
19.5 3.77
19.5 -0.38
19.5 -0.465
19.5 -1.395
19.5 -1.27
20.0 -0.845
20.5 1.87
20.5 -0.715
20.5 -5.19
20.5 -7.03
20.5 -0.41
20.5 -3.225
20.5 0.285

Individual: [2, 4, 7, 8, 11, 16, 17, 19, 23, 34, 37, 39, 45, 46, 47, 50]
   Fitness: 19.0
     Total: 16
Violations: 5 5

Individual: [1, 2, 4, 13, 14, 18, 19, 28, 29, 31, 39, 41, 46, 47, 50]
   Fitness: 19.5
     Total: 15
Violations: 3 2

Individual: [3, 7, 9, 10, 12, 16, 18, 19, 21, 36, 37, 40, 42, 46, 47, 48, 49]
   Fitness: 20.5
     Total: 17
Violations: 5 4

Individual: [1, 3, 4, 6, 9, 10, 13, 18, 21, 37, 40, 42, 46, 47, 49]
   Fitness: 20.5
     Total: 15
Violations: 2 2

Individual: [2, 3, 5, 6, 11, 15, 21, 28, 33, 38, 39, 44, 46, 47, 49]
   Fitness: 18.5
     Total: 15
Violations: 4 4

Individual: [4, 5, 8, 9, 15, 17, 19, 31, 32, 37, 41, 43, 44, 46, 50]
   Fitness: 18.5
     Total: 15
Violations: 4 4

Individual: [3, 4, 8, 9, 11, 20, 21, 27, 30, 32, 38, 41, 42, 45, 47, 48]
   Fitness: 20.0
     Total: 16
Violations: 4 4

Individual: [1, 6, 8, 9, 11, 12, 17, 19, 20, 35, 36, 40, 42, 46, 47, 49]
   Fitness: 20.0
     Total: 16
Violations: 4 3

Individual: [5, 7, 11, 13, 14, 16, 18, 20, 32, 34, 38, 40, 41, 43, 47, 49, 50]
   Fitness: 20.5
     Total: 17
Violations: 5 5

Individual: [1, 2, 4, 8, 10, 11, 16, 23, 33, 34, 37, 42, 46, 48, 49]
   Fitness: 20.5
     Total: 15
Violations: 2 2
