10
100
3.5 -41.305
10.5 -10.815
14.0 -12.48
14.5 3.195
16.5 5.835
16.5 8.085
16.5 -5.155
16.5 4.06
16.5 6.395
16.5 3.71
16.5 6.635
18.5 9.55
18.5 8.03
18.5 6.58
18.5 -0.11
18.5 -11.86
19.0 5.51
19.0 0.43
19.0 8.51
19.0 11.265
19.0 5.775
19.5 9.175
20.0 10.46
21.0 7.37
21.0 5.495
21.0 -9.895
21.0 9.24
21.0 9.97
21.0 6.98
21.0 8.765
22.0 6.415
22.0 7.84
22.5 8.835
22.5 8.005
22.5 10.605
22.5 4.91
22.5 8.96
22.5 8.135
22.5 6.41
22.5 1.805
22.5 6.715
22.5 9.08
22.5 8.915
22.5 10.025
22.5 5.19
22.5 7.775
22.5 7.705
22.5 -0.89
22.5 7.57
22.5 7.19
22.5 8.97
22.5 5.48
22.5 6.445
22.5 4.01
22.5 6.435
22.5 5.48
22.5 9.59
22.5 4.61
22.5 4.56
22.5 8.365
22.5 9.915
22.5 10.595
22.5 6.78
22.5 2.8
22.5 3.51
22.5 6.295
22.5 6.84
22.5 4.825
22.5 4.24
22.5 3.4
22.5 6.665
22.5 1.92
22.5 10.595
22.5 6.445
22.5 6.295
22.5 2.455
22.5 6.335
22.5 9.465
22.5 3.58
22.5 8.31
22.5 3.89
22.5 5.245
22.5 6.545
22.5 8.54
22.5 9.885
22.5 6.395
22.5 6.46
22.5 3.83
22.5 8.23
22.5 3.035
22.5 5.325
22.5 9.785
22.5 5.39
22.5 5.435
22.5 7.07
22.5 7.585
22.5 6.85
22.5 10.525
22.5 7.62
22.5 7.55
100
12.5 -34.465
12.5 -6.04
12.5 -4.21
12.5 -4.3
14.0 -7.725
19.0 1.955
19.0 4.715
19.0 3.19
20.0 5.435
20.0 5.125
20.0 -5.85
20.0 5.56
20.0 2.26
20.0 0.795
20.0 4.125
20.0 5.405
20.0 3.32
20.5 1.945
20.5 4.265
20.5 6.27
20.5 7.25
20.5 5.42
20.5 5.555
20.5 7.69
20.5 -0.125
20.5 7.72
20.5 7.435
20.5 -1.525
20.5 5.51
20.5 5.445
20.5 7.005
20.5 2.61
20.5 4.915
21.0 3.61
21.0 5.835
21.0 2.52
21.0 6.005
21.0 2.33
21.0 -0.485
21.0 4.515
21.0 4.165
21.0 0.8
21.0 6.795
21.0 3.645
21.0 6.45
21.0 8.275
21.0 5.655
21.0 7.605
21.0 6.015
21.0 5.75
21.0 7.595
21.0 1.01
21.0 6.765
21.0 -3.485
21.0 10.04
21.0 9.055
21.0 6.57
21.0 8.785
21.0 6.345
21.0 5.64
21.0 6.005
21.0 5.58
21.0 6.365
21.0 5.425
21.0 8.965
21.0 4.94
21.0 3.28
21.0 8.04
21.0 5.66
21.0 2.93
21.0 7.11
21.0 6.42
21.0 5.415
21.0 8.085
21.0 4.06
21.0 5.595
21.0 7.455
21.0 5.565
21.0 7.69
21.0 3.32
21.0 8.96
21.0 9.445
21.0 5.915
21.0 11.3
21.0 2.05
21.0 9.285
21.0 8.925
21.0 6.13
21.0 5.885
21.0 -3.87
21.0 -2.095
21.0 5.52
21.0 6.98
21.0 9.29
21.0 7.385
21.0 -5.81
21.0 6.63
21.0 6.125
21.0 5.815
21.0 4.285
100
10.0 -35.13
10.0 -9.44
10.0 -5.68
12.0 -9.155
13.5 -1.17
14.0 1.395
16.0 0.375
16.5 5.045
16.5 -1.29
18.0 3.825
18.0 7.955
19.5 4.805
19.5 8.42
19.5 6.54
20.0 -0.365
20.0 3.565
20.0 5.33
20.5 6.31
20.5 8.705
20.5 5.37
20.5 2.105
20.5 7.595
20.5 1.435
20.5 5.345
20.5 7.64
20.5 9.69
20.5 3.575
20.5 7.36
20.5 7.58
20.5 7.525
20.5 7.645
20.5 2.48
20.5 8.02
20.5 4.35
20.5 2.155
20.5 5.735
20.5 7.08
20.5 11.59
20.5 8.28
20.5 7.195
20.5 8.905
20.5 9.565
20.5 6.79
20.5 10.765
20.5 3.05
20.5 10.18
20.5 5.855
20.5 10.97
20.5 10.005
20.5 9.07
20.5 9.33
20.5 4.86
20.5 7.445
20.5 5.07
20.5 4.395
22.0 7.445
22.0 3.51
22.0 8.475
22.0 6.315
22.0 7.365
22.0 3.83
22.0 5.48
22.0 4.29
22.0 5.645
22.0 3.79
22.0 8.765
22.0 5.485
22.0 5.68
22.0 -0.445
22.0 7.335
22.0 6.09
22.0 6.11
22.0 8.525
22.5 9.475
22.5 7.445
22.5 11.18
22.5 8.735
22.5 5.895
22.5 6.165
22.5 9.465
22.5 9.15
22.5 8.47
22.5 6.74
22.5 9.445
22.5 8.14
22.5 12.37
22.5 5.295
22.5 9.86
22.5 9.42
22.5 5.455
22.5 3.665
22.5 8.065
22.5 4.62
22.5 0.54
22.5 4.61
22.5 7.225
22.5 8.67
22.5 8.825
22.5 3.745
22.5 6.25
100
9.5 -33.49
9.5 -12.875
13.0 -1.86
17.0 -5.235
17.0 4.37
17.0 -0.995
17.5 3.45
18.0 3.29
19.0 5.495
19.5 11.235
19.5 10.41
19.5 8.79
19.5 5.795
19.5 6.1
19.5 5.42
19.5 4.28
19.5 6.37
19.5 4.465
19.5 6.895
19.5 -0.17
19.5 4.43
19.5 7.61
19.5 2.49
19.5 2.195
19.5 5.255
19.5 6.18
20.0 3.715
20.0 -1.235
20.0 6.89
20.0 3.845
20.0 0.405
20.0 8.37
20.0 4.48
20.0 3.45
20.0 0.795
20.0 6.105
20.0 3.56
20.0 3.395
20.0 3.825
20.0 3.65
20.0 5.425
20.0 0.61
20.0 6.765
20.0 6.82
20.0 0.785
20.0 8.38
20.0 7.38
21.5 5.645
21.5 3.555
21.5 6.935
21.5 -15.21
21.5 -1.31
21.5 3.17
21.5 4.175
21.5 4.975
21.5 5.365
21.5 4.75
21.5 10.235
21.5 8.23
21.5 3.38
21.5 3.625
21.5 8.655
21.5 -3.11
21.5 9.125
21.5 9.245
21.5 9.81
21.5 5.105
21.5 4.615
21.5 7.25
22.0 4.99
22.0 1.12
22.0 4.97
22.0 6.825
22.0 8.96
22.0 8.74
22.0 4.595
22.0 6.58
22.0 -5.925
22.0 5.025
22.0 8.575
22.0 4.075
22.0 7.85
22.0 8.865
22.0 9.37
22.0 9.03
22.0 8.48
22.0 5.235
22.0 5.995
22.0 6.235
22.0 3.035
22.0 6.685
22.0 0.63
22.0 5.975
22.0 6.765
22.0 2.68
22.0 6.16
22.0 8.03
22.0 8.215
22.0 5.29
22.0 9.24
100
11.0 -36.34
11.0 -19.315
11.0 -9.32
13.0 0.53
15.5 2.96
15.5 -3.805
19.0 6.33
19.0 3.565
19.0 5.185
19.0 4.775
19.0 5.44
19.0 1.915
19.0 5.515
19.0 3.785
19.0 7.605
19.0 3.69
20.5 9.195
20.5 7.355
20.5 7.01
20.5 7.915
20.5 8.66
20.5 7.465
20.5 9.745
21.5 6.425
21.5 7.61
23.0 6.95
23.0 8.32
23.0 7.78
23.0 5.05
23.0 9.22
23.0 6.98
23.0 6.9
23.0 7.615
23.0 6.87
23.0 9.67
23.0 4.32
23.0 5.37
23.0 7.885
23.0 6.37
23.0 1.405
23.0 5.585
23.0 6.895
23.0 6.34
23.0 7.655
23.0 6.53
23.0 8.29
23.0 1.28
23.0 5.18
23.0 6.6
23.0 9.295
23.0 5.045
23.0 6.545
23.0 10.245
23.0 8.52
23.0 -6.69
23.0 2.72
23.0 -2.14
23.0 2.62
23.0 5.63
23.0 7.75
23.0 7.29
23.0 7.57
23.0 12.67
23.0 3.02
23.0 1.375
23.0 3.96
23.0 6.705
23.0 6.35
23.0 5.535
23.0 5.27
23.0 9.435
23.0 6.23
23.0 6.49
23.0 5.15
23.0 5.295
23.0 10.16
23.0 7.745
23.0 10.455
23.0 8.61
23.0 5.495
23.5 7.145
23.5 6.62
23.5 9.88
23.5 7.45
23.5 6.08
23.5 8.31
23.5 9.845
23.5 6.395
23.5 8.5
23.5 6.725
23.5 8.55
23.5 5.855
23.5 4.405
23.5 4.515
23.5 2.955
23.5 1.475
23.5 6.67
23.5 7.61
23.5 7.43
23.5 8.385
100
11.0 -36.355
11.5 -10.66
13.0 -6.79
14.0 -2.045
16.0 0.73
16.0 1.67
16.5 5.81
16.5 3.88
16.5 5.67
17.5 0.045
17.5 4.57
17.5 5.2
18.0 -4.04
18.0 9.03
18.0 5.3
19.0 8.11
19.0 8.085
19.0 -0.905
19.0 5.91
19.0 3.56
19.0 9.105
19.0 8.16
19.0 6.1
19.0 9.03
19.0 7.85
19.0 7.645
19.5 1.585
20.5 3.36
20.5 5.815
20.5 6.355
20.5 5.435
20.5 6.715
20.5 -2.855
20.5 2.31
20.5 0.95
20.5 8.015
20.5 2.99
20.5 6.71
20.5 0.595
20.5 7.69
20.5 4.845
20.5 4.85
20.5 6.47
20.5 5.62
20.5 5.125
20.5 5.185
20.5 -2.445
20.5 0.88
20.5 5.57
20.5 6.455
20.5 5.065
20.5 4.07
20.5 3.205
20.5 2.11
20.5 4.145
20.5 9.62
20.5 7.635
20.5 6.26
20.5 8.67
20.5 6.395
20.5 5.01
20.5 5.42
20.5 5.65
20.5 8.82
20.5 11.185
20.5 7.44
20.5 7.07
20.5 5.19
20.5 2.495
20.5 1.74
20.5 8.585
20.5 6.31
20.5 7.29
20.5 6.42
20.5 8.13
20.5 10.615
20.5 9.48
20.5 6.28
20.5 5.96
20.5 6.75
20.5 6.76
20.5 5.065
20.5 3.47
20.5 1.2
20.5 5.275
20.5 2.36
20.5 -1.24
20.5 5.98
20.5 6.76
20.5 7.235
20.5 0.315
20.5 7.625
20.5 4.415
20.5 6.365
20.5 6.55
20.5 6.685
20.5 4.81
20.5 8.555
20.5 -7.285
20.5 5.32
100
4.5 -37.41
9.0 -9.58
12.0 -33.64
13.5 -0.055
14.5 0.745
16.0 -3.45
16.0 -1.65
17.0 0.57
17.0 9.44
17.0 4.35
17.0 5.345
19.5 8.81
19.5 3.54
19.5 5.75
19.5 9.295
19.5 7.52
19.5 7.945
19.5 4.81
19.5 0.675
20.0 4.65
20.0 -0.905
22.0 3.62
22.0 6.625
22.0 0.39
22.0 2.915
22.0 3.175
22.0 6.08
22.0 1.785
22.0 10.24
22.0 5.87
22.0 5.835
22.0 9.09
22.0 4.86
22.0 8.875
22.0 8.81
22.0 9.81
22.0 11.61
22.0 7.73
22.0 4.655
22.0 3.92
22.0 4.105
22.0 5.21
22.0 4.925
22.0 5.595
22.0 -0.675
22.0 5.625
22.0 4.89
22.0 9.2
22.0 9.585
22.0 5.37
22.0 8.9
22.0 -9.635
22.0 0.59
22.0 7.03
22.0 2.285
22.0 6.225
22.0 6.19
22.0 7.345
22.0 5.745
22.0 3.62
22.0 2.01
22.0 7.015
22.0 8.915
22.0 6.12
22.0 4.44
22.0 4.86
22.0 4.73
22.0 9.625
22.0 8.875
22.0 8.61
22.0 7.365
22.0 6.31
22.0 7.255
22.0 8.33
22.0 5.95
22.0 7.795
22.0 4.565
22.0 8.51
22.0 5.235
22.0 7.855
22.0 2.67
22.0 9.555
22.0 9.22
22.0 10.045
22.0 8.36
22.0 6.8
22.0 6.105
22.0 6.015
22.0 -2.39
22.0 6.545
22.0 8.385
22.0 10.93
22.0 6.775
22.0 6.38
22.0 5.45
22.0 4.865
22.0 7.335
22.0 4.26
22.0 3.265
22.0 3.95
100
6.0 -35.21
12.5 -14.48
13.0 -3.995
17.5 -2.51
17.5 -2.71
18.0 4.14
18.5 -1.43
18.5 5.07
18.5 6.515
18.5 6.515
19.0 0.4
19.0 6.755
19.0 3.045
19.0 6.84
20.5 4.205
20.5 6.515
20.5 5.705
20.5 6.61
20.5 5.38
21.0 9.095
21.0 5.955
21.0 8.15
21.0 6.58
21.0 9.5
21.0 0.725
21.0 1.44
21.0 5.22
21.0 4.32
21.0 4.88
21.0 10.035
21.0 5.33
21.0 5.36
21.5 2.91
21.5 8.235
21.5 8.165
21.5 7.44
21.5 5.895
21.5 6.095
21.5 9.23
21.5 8.455
21.5 4.67
21.5 2.61
21.5 7.67
21.5 6.54
21.5 8.09
21.5 6.12
21.5 -3.255
21.5 5.875
22.0 4.53
22.0 7.66
22.0 8.14
22.5 8.795
22.5 6.845
22.5 4.105
22.5 6.43
22.5 3.76
22.5 6.235
22.5 4.465
22.5 5.78
22.5 3.665
22.5 0.14
22.5 0.055
22.5 6.835
22.5 3.56
23.5 2.22
23.5 7.94
23.5 2.8
23.5 2.265
23.5 1.245
23.5 6.585
23.5 3.81
23.5 10.28
23.5 5.87
23.5 8.965
23.5 7.295
23.5 7.225
23.5 3.3
23.5 7.14
23.5 9.015
23.5 9.345
23.5 11.93
23.5 12.205
23.5 10.77
23.5 11.225
23.5 9.925
23.5 12.585
23.5 8.435
23.5 6.165
24.0 5.27
24.0 5.96
24.0 8.34
24.0 9.07
24.0 7.31
24.0 6.37
24.0 10.635
24.0 4.73
24.0 -1.77
24.0 6.78
24.0 8.69
24.0 9.365
100
6.5 -37.04
10.0 -14.115
10.0 -2.23
14.0 -5.41
14.5 -0.89
14.5 -4.855
16.0 4.545
16.5 -10.165
16.5 0.325
16.5 -5.115
16.5 -0.675
17.5 -2.33
18.5 9.12
18.5 7.38
18.5 4.94
18.5 3.67
18.5 3.04
18.5 -0.86
18.5 7.515
18.5 4.195
18.5 6.87
20.5 5.505
20.5 8.24
20.5 3.41
20.5 0.415
20.5 4.045
21.5 0.105
21.5 -1.59
21.5 6.4
21.5 4.995
21.5 5.24
21.5 7.195
21.5 8.43
21.5 10.175
23.0 7.585
23.0 7.985
23.0 3.79
23.5 5.085
23.5 6.705
23.5 6.51
23.5 6.37
23.5 -2.71
23.5 8.79
23.5 -1.01
23.5 0.165
23.5 6.6
23.5 7.42
23.5 8.145
23.5 3.86
23.5 7.655
23.5 9.23
23.5 6.07
23.5 3.66
23.5 7.905
23.5 9.405
23.5 9.735
23.5 9.065
23.5 9.285
23.5 5.985
23.5 6.215
23.5 6.275
23.5 7.24
23.5 9.58
23.5 8.8
23.5 9.575
23.5 10.24
23.5 2.895
23.5 8.265
23.5 2.385
23.5 5.16
23.5 6.53
23.5 8.34
23.5 5.255
23.5 4.08
23.5 6.545
23.5 1.665
23.5 9.305
23.5 7.87
23.5 7.555
23.5 10.365
23.5 6.055
23.5 7.21
23.5 4.24
23.5 5.25
23.5 5.82
23.5 -1.14
23.5 8.965
23.5 8.84
23.5 4.445
23.5 3.39
23.5 -5.55
23.5 7.74
23.5 6.265
23.5 6.64
23.5 5.755
23.5 7.36
23.5 8.665
23.5 2.515
23.5 5.88
23.5 7.585
100
10.5 -35.795
14.5 -12.815
14.5 -5.25
16.5 1.885
18.5 -2.59
18.5 -1.75
18.5 -2.325
19.5 6.95
19.5 9.15
19.5 5.715
19.5 5.445
19.5 1.55
19.5 3.4
19.5 7.815
19.5 3.23
19.5 6.485
19.5 6.785
19.5 3.785
19.5 6.07
19.5 10.05
20.0 5.885
20.5 4.03
20.5 3.6
20.5 5.855
20.5 -2.665
20.5 5.85
20.5 5.53
20.5 4.5
20.5 6.55
20.5 7.365
20.5 5.695
20.5 8.325
20.5 6.39
21.0 8.995
21.0 8.005
21.0 6.755
21.0 4.62
21.0 6.42
21.0 9.755
21.0 4.3
21.0 5.77
21.0 1.295
21.0 6.05
21.0 6.15
21.0 0.35
21.0 5.515
21.0 7.18
21.0 1.73
21.5 7.065
21.5 8.445
21.5 8.485
21.5 5.235
21.5 0.995
21.5 6.445
21.5 7.71
22.0 6.515
22.0 2.215
22.0 10.735
22.0 5.87
22.0 5.655
22.0 5.705
22.0 10.69
22.0 4.015
22.0 6.77
22.0 3.81
22.0 4.735
22.0 -0.085
22.0 1.375
22.0 7.95
22.0 6.865
22.0 3.19
22.0 7.645
22.0 6.28
22.0 7.51
22.0 4.67
22.0 -0.07
22.0 5.755
22.0 6.275
22.0 7.98
22.0 4.335
22.0 2.65
22.0 4.115
22.0 4.575
22.0 7.66
22.0 4.785
22.0 4.62
22.0 5.91
22.0 5.64
22.0 -0.78
22.0 7.96
22.0 8.8
22.0 8.16
22.0 6.14
22.0 5.97
22.0 10.795
22.0 8.325
22.0 3.595
22.0 3.75
22.0 7.48
22.0 3.175

Individual: [1, 3, 6, 7, 8, 14, 16, 17, 34, 36, 37, 39, 44, 45, 47, 48, 50]
   Fitness: 22.5
     Total: 17
Violations: 3 3

Individual: [5, 6, 8, 9, 16, 20, 22, 29, 30, 33, 41, 43, 47, 48]
   Fitness: 21.0
     Total: 14
Violations: 0 0

Individual: [1, 2, 4, 5, 13, 14, 16, 17, 22, 33, 34, 37, 38, 45, 47, 48, 50]
   Fitness: 22.5
     Total: 17
Violations: 3 3

Individual: [1, 2, 6, 7, 10, 16, 20, 23, 27, 29, 37, 40, 41, 46, 49, 50]
   Fitness: 22.0
     Total: 16
Violations: 2 2

Individual: [1, 3, 4, 6, 12, 13, 14, 17, 19, 36, 38, 39, 41, 46, 47, 49, 50]
   Fitness: 23.5
     Total: 17
Violations: 2 2

Individual: [3, 5, 9, 11, 13, 14, 16, 20, 22, 36, 38, 42, 44, 45, 49]
   Fitness: 20.5
     Total: 15
Violations: 2 2

Individual: [1, 3, 6, 7, 8, 14, 16, 17, 19, 38, 40, 42, 43, 47, 49, 50]
   Fitness: 22.0
     Total: 16
Violations: 2 2

Individual: [1, 3, 4, 6, 12, 13, 15, 16, 33, 34, 36, 37, 43, 44, 47, 48]
   Fitness: 24.0
     Total: 16
Violations: 0 0

Individual: [1, 2, 4, 5, 10, 11, 13, 14, 33, 34, 35, 38, 39, 45, 46, 49, 50]
   Fitness: 23.5
     Total: 17
Violations: 2 2

Individual: [2, 3, 4, 7, 13, 16, 17, 18, 35, 36, 38, 39, 44, 45, 47, 48]
   Fitness: 22.0
     Total: 16
Violations: 2 2
