10
50
9.5 -36.486
10.5 -18.056
14.0 -13.626
14.0 -11.16
14.5 -7.064
16.5 -8.376
16.5 -6.772
16.5 -4.156
16.5 -2.456
16.5 -2.73
16.5 -2.022
17.5 -1.642
17.5 -0.668
17.5 -8.372
18.5 -5.438
18.5 -4.548
18.5 -6.61
18.5 -1.768
18.5 -0.44
18.5 -1.682
19.0 -0.912
19.0 3.572
19.5 5.356
20.0 -0.924
20.0 -0.014
20.0 -3.908
20.0 -0.338
20.0 -1.982
20.0 -3.38
20.0 -3.764
20.0 -0.624
20.0 -6.562
20.0 -3.536
20.0 -1.46
20.0 -1.516
20.0 -1.522
20.0 -3.454
20.0 -6.494
20.0 2.872
20.0 1.016
20.0 -0.67
20.0 -1.17
20.0 -3.694
20.0 0.396
20.0 -1.11
20.0 0.386
20.0 0.742
20.0 1.192
20.0 0.756
20.0 -1.958
50
15.5 -38.45
15.5 -15.758
15.5 -9.996
15.5 -4.37
17.0 -14.046
17.0 -3.986
17.0 -6.108
17.0 -1.312
17.0 -1.142
17.0 -2.408
17.0 -1.754
17.0 0.014
18.5 0.02
18.5 -0.53
18.5 0.322
18.5 -1.392
18.5 -2.02
18.5 -1.64
18.5 -2.69
18.5 -0.308
18.5 -0.76
18.5 3.972
18.5 1.31
18.5 1.062
18.5 2.86
18.5 0.304
19.0 -2.826
19.0 -2.068
19.0 0.838
19.0 -2.04
19.0 1.096
19.0 -1.764
19.0 -1.744
19.0 -1.844
19.0 0.562
19.0 1.304
19.5 0.046
19.5 -0.698
19.5 1.67
19.5 0.808
19.5 -0.034
19.5 1.816
19.5 -4.334
19.5 -1.118
19.5 -1.73
19.5 -1.274
19.5 -1.47
19.5 -0.6
19.5 -2.1
19.5 -3.81
50
12.0 -34.75
14.5 -13.988
17.0 -9.752
17.0 -10.752
17.0 -7.08
17.0 -8.718
17.0 -4.534
17.0 -2.284
17.0 -8.194
19.0 -7.216
19.0 -8.462
19.0 -3.722
19.0 -3.832
19.0 0.854
19.0 -1.862
19.0 -1.192
19.0 -1.874
19.0 -4.198
19.0 -2.97
19.5 -1.666
19.5 0.484
19.5 -0.672
19.5 1.11
19.5 -1.36
19.5 -0.318
19.5 -1.82
19.5 -1.968
19.5 -2.524
19.5 -0.264
19.5 -1.402
19.5 0.638
19.5 2.55
19.5 0.566
19.5 -2.202
19.5 -9.25
19.5 -0.368
19.5 1.98
19.5 -0.952
20.5 -1.838
20.5 -1.816
20.5 -3.1
20.5 0.94
20.5 0.916
20.5 0.61
20.5 -0.186
20.5 -0.484
20.5 0.15
20.5 -0.318
20.5 0.946
20.5 -1.774
50
15.5 -36.38
19.0 -12.15
19.0 -8.04
19.0 -8.492
19.0 -4.092
19.0 -5.164
19.0 -8.186
19.0 -8.236
19.0 -3.53
19.0 -0.442
19.0 -1.814
19.0 -8.952
19.0 -6.868
19.0 -2.432
19.0 -4.628
19.0 -11.442
19.0 -1.26
19.0 -1.204
19.0 -2.892
19.0 -1.33
19.0 -0.036
19.0 -1.912
19.0 -4.58
19.0 0.016
19.0 -0.54
19.0 2.218
19.0 -2.964
19.0 0.67
19.0 -1.486
19.0 2.266
19.0 -0.572
19.0 0.468
19.0 -1.098
19.0 0.14
19.0 -3.004
19.0 2.648
19.0 0.246
19.5 0.654
19.5 2.816
19.5 -3.14
19.5 -2.392
19.5 0.236
19.5 -3.646
19.5 0.304
19.5 -2.858
19.5 0.904
19.5 -1.514
19.5 0.336
19.5 -1.824
19.5 0.346
50
6.0 -35.892
11.0 -18.214
15.0 -11.88
15.0 -9.282
15.0 -6.324
15.5 -3.64
15.5 -3.676
15.5 -5.39
16.5 -7.12
16.5 -7.794
16.5 -6.614
16.5 -5.076
17.5 -5.35
17.5 1.202
17.5 -3.916
17.5 -0.452
18.5 -0.908
18.5 -0.336
18.5 -4.8
18.5 0.604
18.5 -2.35
18.5 1.71
18.5 -0.744
18.5 -0.036
18.5 2.046
18.5 2.882
18.5 -0.092
18.5 2.726
18.5 -6.582
18.5 0.234
18.5 -1.82
19.0 0.158
20.0 -1.266
20.0 -0.63
20.0 -0.614
20.0 -2.222
20.0 0.556
20.0 -3.34
20.0 -1.712
20.0 0.228
20.0 -2.598
20.0 -1.136
20.0 -2.162
20.0 0.562
20.0 -3.156
20.0 -0.478
20.0 -2.024
20.0 -2.446
20.0 1.55
20.0 0.538
50
13.0 -38.894
13.0 -17.89
13.0 -15.376
13.0 -9.856
15.5 -7.784
15.5 -5.524
15.5 -3.552
17.0 -3.714
17.0 -6.746
17.0 -1.992
17.0 -1.806
17.0 -2.1
17.0 -1.624
17.5 0.974
17.5 -4.98
17.5 -4.888
17.5 -1.476
17.5 -4.918
17.5 -2.878
18.0 -0.836
18.0 -1.39
19.5 -1.85
19.5 -4.728
19.5 -3.326
19.5 -2.452
19.5 -0.46
19.5 1.93
19.5 0.05
19.5 -0.844
19.5 2.546
19.5 0.86
19.5 -4.076
19.5 -4.47
19.5 -5.438
20.0 -3.528
20.0 -0.456
20.0 -1.504
20.0 -6.498
20.0 -1.658
20.0 -2.446
20.0 -3.056
20.0 0.314
20.0 -3.008
20.0 -6.95
20.0 -3.23
20.0 -1.36
20.0 -2.688
20.0 -0.406
20.0 -0.132
20.0 -4.416
50
9.0 -38.27
13.0 -15.486
14.5 -8.784
15.5 -10.298
17.5 -6.972
17.5 -3.6
18.0 -1.356
18.0 -1.264
18.0 2.172
18.0 -0.492
18.0 -3.402
18.0 1.014
18.5 -0.824
18.5 1.098
18.5 -8.0
18.5 -4.514
20.0 -2.48
20.0 -10.08
20.0 0.736
20.0 -1.366
20.0 -2.912
20.0 0.332
20.0 -2.298
20.0 1.678
20.0 -3.236
20.0 -2.436
20.0 -1.084
21.0 -1.1
21.0 0.108
21.0 -4.226
21.0 0.776
21.0 1.404
21.0 -3.014
21.0 -0.83
21.0 -0.16
21.0 1.94
21.0 -0.314
21.0 1.014
21.0 0.778
21.0 0.084
21.0 1.144
21.0 2.042
21.0 -3.348
21.0 2.81
21.0 -1.738
21.0 0.044
21.0 -1.418
21.0 0.328
21.0 -3.926
21.0 -2.908
50
11.5 -38.556
11.5 -15.71
13.5 -10.158
18.0 -9.264
18.0 -5.438
18.0 -2.456
18.0 -1.494
18.0 0.36
18.0 -1.65
18.0 -1.362
18.0 -1.544
18.0 -0.524
18.0 -3.436
18.0 -3.614
18.5 0.198
18.5 1.024
18.5 1.098
18.5 -0.26
18.5 1.918
18.5 -0.634
18.5 -3.01
18.5 -0.892
18.5 3.938
18.5 1.586
18.5 -1.716
18.5 -2.822
18.5 1.88
18.5 -5.102
18.5 0.72
18.5 2.728
20.5 -4.262
20.5 -2.29
20.5 -4.344
20.5 -5.662
20.5 -3.172
20.5 -2.266
20.5 1.984
20.5 0.356
20.5 -2.144
21.0 -2.478
21.0 -1.702
22.0 2.612
22.0 1.094
22.0 -0.786
22.0 -1.412
22.0 -3.44
22.0 -4.238
22.0 3.984
22.0 -4.002
22.0 1.468
50
9.5 -39.696
15.0 -12.746
15.0 -14.31
16.0 -9.02
16.0 -8.598
16.0 -6.592
16.0 -1.334
16.5 -1.736
16.5 -0.664
19.0 -1.06
19.0 -4.966
19.0 -2.208
19.0 -3.452
19.0 -2.686
19.0 -4.184
19.0 -1.194
19.0 -1.74
19.0 0.39
19.0 -2.12
19.0 -2.142
19.0 -0.292
19.0 1.64
19.0 -1.688
19.0 -2.282
19.0 -1.688
19.0 0.886
19.0 2.008
19.0 -0.41
19.0 -3.694
19.0 -4.306
19.0 0.818
19.0 0.848
19.0 -1.844
19.0 -1.166
19.0 0.376
19.0 0.666
19.0 1.896
19.0 -2.688
19.0 -4.46
19.0 -0.486
19.0 -1.204
19.0 -1.056
19.0 0.13
20.5 -0.128
20.5 2.578
20.5 -2.33
20.5 -3.156
20.5 2.96
20.5 -3.326
20.5 0.68
50
9.0 -36.356
11.0 -14.348
12.0 -11.328
13.0 -9.292
14.0 -3.306
17.0 -9.654
17.5 -8.982
17.5 -3.668
17.5 -2.99
17.5 -1.596
17.5 -1.142
17.5 -0.036
19.5 -0.858
19.5 0.352
19.5 -3.038
19.5 1.514
19.5 -3.008
19.5 -3.594
19.5 -1.116
19.5 -0.97
19.5 2.548
19.5 -2.738
19.5 -3.572
19.5 -0.382
19.5 1.966
20.0 0.878
20.0 1.26
20.0 -2.656
20.0 -1.144
20.0 -3.788
20.0 -4.464
20.0 -2.41
20.0 -5.766
20.0 -4.728
20.0 -4.498
20.0 -4.82
20.0 -3.788
20.0 -2.884
20.0 -0.392
20.0 1.318
20.0 -1.054
20.0 0.432
20.0 -7.458
20.0 -1.506
20.5 1.39
20.5 -1.338
20.5 -0.174
20.5 -3.246
20.5 0.98
20.5 -0.956

Individual: [2, 3, 5, 6, 10, 11, 28, 32, 35, 37, 40, 41, 44, 49]
   Fitness: 20.0
     Total: 14
Violations: 1 1

Individual: [1, 3, 7, 9, 13, 14, 18, 20, 32, 38, 40, 41, 47, 49, 50]
   Fitness: 19.5
     Total: 15
Violations: 3 3

Individual: [1, 2, 4, 5, 11, 12, 14, 16, 17, 35, 37, 38, 40, 44, 46, 48, 49]
   Fitness: 20.5
     Total: 17
Violations: 5 4

Individual: [1, 2, 6, 7, 14, 15, 25, 30, 34, 37, 41, 46, 47, 49, 50]
   Fitness: 19.5
     Total: 15
Violations: 3 3

Individual: [2, 6, 12, 14, 15, 17, 21, 23, 33, 38, 39, 42, 44, 47, 48, 49]
   Fitness: 20.0
     Total: 16
Violations: 4 4

Individual: [1, 2, 5, 9, 10, 12, 13, 17, 34, 36, 37, 39, 45, 47, 48, 50]
   Fitness: 20.0
     Total: 16
Violations: 4 3

Individual: [1, 2, 6, 8, 12, 13, 19, 33, 35, 38, 39, 46, 49, 50]
   Fitness: 21.0
     Total: 14
Violations: 0 0

Individual: [1, 4, 7, 8, 11, 16, 17, 20, 34, 35, 37, 38, 44, 45, 46, 49]
   Fitness: 22.0
     Total: 16
Violations: 2 2

Individual: [2, 3, 5, 6, 8, 15, 16, 20, 31, 33, 41, 43, 44, 48, 50]
   Fitness: 20.5
     Total: 15
Violations: 2 2

Individual: [1, 2, 6, 7, 9, 13, 14, 16, 34, 38, 40, 41, 43, 47, 49]
   Fitness: 20.5
     Total: 15
Violations: 2 2
