10
100
12.0 -35.13
15.0 -8.461
17.0 3.297
17.0 8.646
18.5 11.244
19.0 12.327
21.0 13.071
21.0 13.485
21.0 13.557
21.5 13.898
21.5 14.222
22.5 14.486
22.5 14.546
22.5 15.139
22.5 15.127
24.0 14.887
24.0 15.359
24.0 15.444
24.0 16.037
24.0 15.943
24.0 15.971
24.0 16.803
24.0 16.836
24.0 16.944
24.0 17.648
24.0 17.875
24.0 17.546
24.0 17.627
24.0 17.383
24.0 17.761
24.0 17.803
24.0 17.293
24.0 17.775
24.0 17.144
24.0 17.477
24.0 17.69
24.0 17.583
24.0 17.324
24.0 17.638
24.0 17.887
24.0 17.609
24.0 17.002
24.0 16.966
24.0 17.345
24.0 17.261
24.0 17.5
24.0 17.687
24.0 17.65
24.0 17.461
24.0 17.632
24.0 17.348
24.5 17.509
24.5 17.476
24.5 17.564
24.5 17.42
24.5 17.363
24.5 17.162
24.5 17.349
24.5 17.149
24.5 17.307
24.5 16.895
24.5 17.326
24.5 17.138
24.5 17.348
24.5 17.748
24.5 17.728
24.5 17.347
24.5 17.488
24.5 17.421
24.5 17.483
24.5 17.713
24.5 17.3
24.5 17.618
24.5 17.504
24.5 17.548
24.5 17.897
24.5 17.297
24.5 17.308
24.5 17.708
24.5 17.271
24.5 17.486
24.5 17.528
24.5 17.551
24.5 17.691
24.5 17.638
24.5 17.376
24.5 17.155
24.5 17.53
24.5 17.048
24.5 17.162
24.5 17.111
24.5 17.519
24.5 17.129
24.5 17.611
24.5 17.151
24.5 17.164
24.5 17.04
24.5 17.084
24.5 17.111
24.5 17.154
100
11.0 -37.861
15.0 -7.352
15.0 3.432
18.0 8.419
18.0 11.058
18.5 11.9
19.0 12.894
19.5 13.423
21.5 13.78
22.0 14.275
22.0 14.337
22.5 14.611
22.5 14.956
22.5 14.833
22.5 14.781
23.0 15.068
23.0 15.334
23.0 15.369
23.0 15.753
23.5 15.845
23.5 15.684
24.0 16.491
24.0 15.899
24.0 15.733
24.0 15.762
24.0 15.669
24.0 15.924
24.0 16.268
24.0 16.457
24.0 16.782
24.0 17.229
24.0 17.108
24.0 17.312
24.0 17.443
24.0 17.0
24.0 17.158
24.0 17.161
24.0 17.046
24.0 17.238
24.0 17.117
24.0 17.212
24.0 17.271
24.0 17.371
24.0 17.409
24.0 17.405
24.0 17.252
24.0 17.457
24.0 17.419
24.0 17.149
24.0 17.14
24.0 17.132
24.0 17.33
24.0 17.295
24.0 17.077
24.0 17.568
24.0 17.518
24.0 17.569
24.0 17.476
24.0 17.354
24.0 17.644
24.0 17.362
24.0 17.101
24.0 16.906
24.0 17.581
24.0 17.204
24.0 17.564
24.0 17.297
24.0 17.475
24.0 17.42
24.0 17.154
24.0 17.603
24.0 17.564
24.0 17.547
24.0 17.096
24.0 17.277
24.0 16.875
24.0 17.486
24.0 17.659
24.0 17.588
24.0 17.389
24.0 17.76
24.0 17.222
24.0 17.226
24.0 16.998
24.0 16.754
24.0 17.173
24.0 16.667
24.0 16.779
24.0 17.46
24.0 17.658
24.0 17.222
24.0 17.329
24.0 17.379
24.0 17.763
24.0 17.538
24.0 17.558
24.0 17.569
24.0 17.892
24.0 17.616
24.0 17.271
100
13.0 -35.756
16.0 -7.64
16.5 3.897
18.0 8.64
18.5 10.747
19.5 12.179
19.5 12.803
19.5 13.263
20.5 13.288
22.0 13.463
22.0 13.762
22.0 14.164
22.0 14.901
22.0 15.4
23.0 15.427
23.0 15.593
23.5 15.881
23.5 15.76
23.5 15.621
24.0 15.53
24.0 16.394
24.0 16.566
24.5 16.193
24.5 16.903
24.5 16.749
24.5 16.512
24.5 17.334
24.5 17.134
24.5 17.542
24.5 17.342
24.5 17.119
24.5 17.662
24.5 17.391
24.5 17.14
24.5 16.967
24.5 17.495
24.5 17.399
24.5 17.006
24.5 17.164
24.5 17.12
24.5 17.427
24.5 17.494
24.5 17.897
24.5 17.62
24.5 16.983
24.5 17.293
24.5 17.157
24.5 17.465
24.5 17.3
24.5 17.49
24.5 17.238
24.5 17.471
24.5 17.45
24.5 17.417
24.5 17.822
24.5 17.577
24.5 17.396
24.5 17.047
24.5 17.186
24.5 17.465
24.5 17.641
24.5 17.422
24.5 17.009
24.5 16.907
24.5 17.154
24.5 17.115
24.5 17.384
24.5 17.397
24.5 17.605
24.5 17.426
24.5 17.271
24.5 17.066
24.5 17.247
24.5 17.258
24.5 17.54
24.5 17.641
24.5 17.907
24.5 17.345
24.5 17.586
24.5 17.622
24.5 17.294
24.5 17.219
24.5 17.521
24.5 17.709
24.5 17.472
24.5 17.377
24.5 17.036
24.5 17.473
24.5 17.308
24.5 17.405
24.5 17.532
24.5 17.596
24.5 17.631
24.5 17.56
24.5 17.617
24.5 17.926
24.5 17.835
24.5 17.291
24.5 17.128
24.5 17.063
100
12.5 -38.308
14.0 -9.524
15.0 1.673
17.5 7.521
19.0 10.375
19.5 11.361
20.0 12.275
21.5 12.698
21.5 13.638
21.5 14.371
21.5 14.446
22.0 15.021
22.5 15.188
23.0 15.255
23.0 15.36
24.0 15.463
24.0 16.169
24.0 15.985
24.0 16.127
24.0 16.382
24.5 16.794
24.5 17.058
24.5 16.942
24.5 17.671
24.5 17.267
24.5 17.276
24.5 17.422
24.5 17.265
24.5 17.358
24.5 17.159
24.5 17.217
24.5 17.427
24.5 17.078
24.5 16.924
24.5 16.555
24.5 17.168
24.5 16.97
24.5 17.435
24.5 17.21
24.5 17.222
24.5 17.342
24.5 17.064
24.5 16.793
24.5 16.817
24.5 17.401
24.5 17.399
24.5 17.584
24.5 17.609
24.5 17.328
24.5 17.032
24.5 17.102
24.5 17.396
24.5 17.548
24.5 17.588
24.5 17.128
24.5 17.147
24.5 17.269
24.5 17.406
24.5 17.199
24.5 17.711
24.5 17.275
24.5 17.104
24.5 17.199
24.5 17.329
24.5 16.712
24.5 17.313
24.5 16.923
24.5 17.018
24.5 17.342
24.5 17.302
24.5 17.647
24.5 17.493
24.5 17.014
24.5 17.59
24.5 17.004
24.5 16.726
24.5 17.268
24.5 17.131
24.5 17.381
24.5 17.034
24.5 17.533
24.5 17.444
24.5 17.432
24.5 17.384
24.5 17.371
24.5 17.33
24.5 17.353
24.5 17.09
24.5 17.387
24.5 17.045
24.5 16.891
24.5 17.532
24.5 16.858
24.5 17.276
24.5 17.401
24.5 17.651
24.5 17.424
24.5 17.304
24.5 17.36
24.5 17.609
100
12.5 -37.182
12.5 -8.279
16.0 3.394
18.5 8.354
19.0 10.671
19.5 12.065
19.5 12.648
20.5 13.393
21.0 14.128
23.0 14.515
23.0 14.673
23.0 14.689
23.0 15.777
23.5 15.839
23.5 15.985
24.0 16.113
24.0 16.725
24.0 16.636
24.0 17.537
24.0 16.899
24.0 16.52
24.0 16.829
24.5 16.768
24.5 17.092
24.5 17.09
24.5 17.544
24.5 17.083
24.5 16.883
24.5 17.444
24.5 17.231
24.5 17.297
24.5 17.408
24.5 17.373
24.5 17.434
24.5 17.495
24.5 17.731
24.5 17.966
24.5 17.505
24.5 17.645
24.5 17.294
24.5 17.443
24.5 17.888
24.5 17.551
24.5 17.728
24.5 17.707
24.5 17.256
24.5 17.222
24.5 17.933
24.5 17.868
24.5 17.744
24.5 17.759
24.5 17.783
24.5 17.526
24.5 17.75
24.5 17.818
24.5 17.534
24.5 17.589
24.5 18.004
24.5 18.056
24.5 17.895
24.5 17.908
24.5 17.577
24.5 17.445
24.5 17.481
24.5 17.763
24.5 17.745
24.5 17.563
24.5 17.891
24.5 17.274
24.5 17.292
24.5 17.252
24.5 17.609
24.5 17.528
24.5 17.7
24.5 17.205
24.5 17.666
24.5 17.492
24.5 17.604
24.5 17.439
24.5 17.883
24.5 17.951
24.5 17.818
24.5 18.001
24.5 17.433
24.5 17.537
24.5 17.119
24.5 17.392
24.5 17.413
24.5 17.6
24.5 17.474
24.5 17.844
24.5 17.44
24.5 17.616
24.5 17.742
24.5 17.545
24.5 17.989
24.5 17.578
24.5 17.116
24.5 17.058
24.5 17.116
100
9.0 -37.067
13.5 -9.381
17.0 0.895
17.0 6.857
17.5 9.886
19.5 10.86
19.5 11.909
21.0 12.674
21.0 13.064
21.0 13.915
21.5 14.166
22.0 14.384
22.5 14.87
22.5 15.188
22.5 15.474
24.0 14.918
24.0 14.867
24.0 15.535
24.0 15.353
24.0 15.651
24.0 16.265
24.0 16.481
24.0 16.222
24.0 16.94
24.0 16.858
24.0 16.64
24.0 17.031
24.0 17.153
24.0 17.128
24.5 17.386
24.5 16.965
24.5 17.04
24.5 16.77
24.5 17.291
24.5 17.747
24.5 17.11
24.5 16.977
24.5 17.356
24.5 17.47
24.5 17.697
24.5 17.287
24.5 17.831
24.5 17.188
24.5 17.318
24.5 17.093
24.5 17.008
24.5 17.012
24.5 17.528
24.5 16.715
24.5 17.121
24.5 17.304
24.5 17.185
24.5 16.886
24.5 16.941
24.5 16.917
24.5 16.944
24.5 17.042
24.5 16.876
24.5 16.717
24.5 16.854
24.5 17.184
24.5 17.363
24.5 17.49
24.5 17.127
24.5 17.209
24.5 17.105
24.5 17.459
24.5 17.477
24.5 17.209
24.5 17.367
24.5 17.41
24.5 16.897
24.5 17.228
24.5 17.105
24.5 17.5
24.5 17.32
24.5 17.589
24.5 16.938
24.5 17.067
24.5 17.232
24.5 17.837
24.5 17.347
24.5 17.275
24.5 17.355
24.5 17.436
24.5 17.684
24.5 17.477
24.5 17.001
24.5 17.425
24.5 17.631
24.5 17.89
24.5 17.385
24.5 17.497
24.5 17.838
24.5 17.528
24.5 17.182
24.5 17.49
24.5 17.261
24.5 17.362
24.5 17.267
100
13.5 -36.621
15.0 -6.712
16.0 3.832
17.5 8.404
20.0 10.789
20.0 11.579
20.0 12.559
20.5 13.319
20.5 13.615
21.5 14.292
21.5 14.581
22.0 14.285
22.0 14.497
22.0 14.497
22.0 14.564
22.0 14.928
22.5 14.826
23.0 14.834
23.5 15.499
24.0 15.364
24.0 15.484
24.0 15.882
24.0 15.992
24.0 15.868
24.0 16.514
24.0 16.33
24.0 16.996
24.0 16.955
24.0 17.34
24.0 17.255
24.0 16.94
24.0 17.326
24.0 16.891
24.0 17.226
24.0 17.17
24.0 17.384
24.0 17.197
24.0 17.418
24.0 17.35
24.0 17.563
24.0 17.416
24.0 17.205
24.0 17.239
24.0 17.479
24.0 17.184
24.0 17.115
24.0 17.406
24.0 16.642
24.0 16.624
24.0 16.63
24.0 16.305
24.0 16.56
24.0 16.756
24.0 17.022
24.0 16.749
24.0 17.273
24.0 16.919
24.0 16.889
24.0 16.775
24.0 17.491
24.0 17.225
24.0 17.412
24.0 17.65
24.0 17.261
24.0 16.787
24.0 17.097
24.0 16.956
24.0 17.277
24.0 17.34
24.0 17.501
24.0 17.012
24.0 17.18
24.0 17.381
24.0 17.425
24.0 17.291
24.0 16.916
24.0 17.281
24.0 17.326
24.0 17.637
24.0 17.451
24.0 17.254
24.0 17.102
24.0 16.86
24.0 16.731
24.0 16.559
24.0 16.596
24.0 17.292
24.0 17.292
24.0 16.645
24.0 17.214
24.0 17.23
24.0 17.175
24.0 17.635
24.0 17.209
24.0 17.632
24.0 17.394
24.0 17.562
24.0 17.147
24.0 17.232
24.0 17.166
100
11.5 -37.48
15.5 -6.535
17.5 2.845
18.0 7.846
19.5 10.852
20.0 11.943
20.0 12.785
20.0 12.988
21.0 13.546
21.0 13.957
21.5 13.597
21.5 14.786
22.0 14.648
22.0 14.601
22.0 14.496
23.0 14.602
23.0 15.209
23.0 15.325
23.0 15.495
23.0 15.454
23.5 15.794
23.5 15.579
24.0 15.957
24.0 16.329
24.0 16.203
24.0 16.228
24.0 16.367
24.0 16.483
24.0 16.91
24.0 16.525
24.0 16.554
24.0 16.225
24.0 16.797
24.0 16.965
24.0 17.366
24.0 17.098
24.0 17.019
24.0 16.89
24.0 16.8
24.0 17.042
24.0 16.739
24.0 16.54
24.0 16.724
24.0 16.742
24.0 16.861
24.0 16.922
24.0 16.663
24.0 16.545
24.0 16.641
24.0 16.749
24.0 16.986
24.0 17.232
24.0 16.929
24.0 16.025
24.0 16.861
24.0 16.82
24.0 17.254
24.0 17.036
24.0 17.192
24.0 17.14
24.0 16.59
24.0 17.067
24.0 16.779
24.0 17.297
24.0 16.995
24.0 17.071
24.0 17.443
24.0 17.335
24.0 16.899
24.0 16.817
24.0 16.952
24.0 16.907
24.0 17.089
24.0 16.932
24.0 17.415
24.0 16.995
24.0 17.144
24.0 17.057
24.0 17.306
24.0 17.234
24.0 16.765
24.0 17.222
24.0 17.334
24.0 17.52
24.0 17.016
24.0 16.917
24.0 17.013
24.0 16.845
24.0 16.932
24.0 17.05
24.0 16.757
24.0 17.1
24.0 16.963
24.0 17.107
24.0 16.778
24.0 16.814
24.0 16.915
24.0 17.154
24.0 16.595
24.0 16.782
100
12.0 -38.244
13.5 -8.477
17.0 2.284
17.5 7.683
17.5 10.425
21.0 11.195
21.0 12.859
21.5 13.419
21.5 13.688
22.0 14.309
22.5 14.723
24.0 14.8
24.0 15.045
24.0 15.418
24.0 15.55
24.0 16.265
24.0 16.459
24.0 16.422
24.0 16.591
24.0 16.563
24.0 16.662
24.0 16.224
24.0 16.261
24.0 16.909
24.0 16.874
24.0 16.851
24.0 16.833
24.0 16.604
24.0 16.823
24.0 16.67
24.0 17.034
24.0 16.693
24.0 16.815
24.0 16.991
24.0 16.859
24.0 16.86
24.0 16.927
24.0 17.066
24.0 17.096
24.0 16.696
24.0 16.988
24.0 16.98
24.0 17.22
24.0 17.054
24.0 17.149
24.0 17.542
24.0 16.87
24.0 16.734
24.0 17.061
24.0 16.835
24.0 16.492
24.0 16.577
24.0 17.219
24.0 17.292
24.0 17.144
24.0 16.862
24.0 16.719
24.0 17.21
24.0 16.809
24.0 17.02
24.0 17.306
24.0 16.849
24.0 16.832
24.0 16.705
24.0 16.954
24.0 16.685
24.0 16.757
24.0 16.941
24.0 16.819
24.0 16.681
24.0 16.627
24.0 16.844
24.0 16.66
24.0 16.679
24.0 17.042
24.0 16.429
24.0 17.068
24.0 16.761
24.0 16.454
24.0 16.439
24.0 16.885
24.0 16.556
24.0 16.72
24.0 17.075
24.0 16.601
24.0 16.697
24.0 16.381
24.0 17.011
24.0 17.469
24.0 17.042
24.0 16.976
24.0 16.557
24.0 16.763
24.0 17.147
24.0 16.891
24.0 17.051
24.0 17.121
24.0 17.405
24.0 16.679
24.0 17.018
100
13.0 -36.561
16.0 -6.323
17.5 3.805
19.5 8.914
20.5 11.03
20.5 12.456
21.5 12.828
23.5 13.649
23.5 14.021
24.5 14.732
24.5 15.243
24.5 15.329
24.5 15.679
24.5 15.811
24.5 16.276
24.5 16.992
24.5 16.689
24.5 17.155
24.5 17.327
24.5 17.425
24.5 17.494
24.5 17.761
24.5 17.412
24.5 17.638
24.5 17.247
24.5 17.767
24.5 17.04
24.5 17.342
24.5 17.621
24.5 17.34
24.5 17.723
24.5 17.314
24.5 17.05
24.5 16.963
24.5 17.656
24.5 17.324
24.5 17.725
24.5 17.4
24.5 17.11
24.5 17.351
24.5 17.558
24.5 17.263
24.5 16.976
24.5 17.618
24.5 17.131
24.5 16.932
24.5 17.231
24.5 17.691
24.5 17.576
24.5 17.466
24.5 17.142
24.5 17.535
24.5 17.682
24.5 17.162
24.5 17.326
24.5 17.651
24.5 17.162
24.5 17.469
24.5 17.332
24.5 17.361
24.5 17.512
24.5 17.453
24.5 17.485
24.5 17.294
24.5 17.355
24.5 17.237
24.5 17.514
24.5 17.558
24.5 17.031
24.5 17.209
24.5 17.575
24.5 17.08
24.5 17.272
24.5 17.533
24.5 17.223
24.5 17.714
24.5 17.24
24.5 17.2
24.5 17.658
24.5 17.521
24.5 17.815
24.5 17.353
24.5 17.241
24.5 17.691
24.5 17.058
24.5 17.076
24.5 17.169
24.5 17.465
24.5 17.589
24.5 17.227
24.5 17.019
24.5 17.174
24.5 17.043
24.5 17.252
24.5 17.405
24.5 17.363
24.5 17.211
24.5 17.492
24.5 17.183
24.5 17.668

Individual: [1, 2, 4, 5, 10, 12, 13, 17, 18, 36, 37, 39, 40, 45, 46, 48, 49]
   Fitness: 24.5
     Total: 17
Violations: 1 1

Individual: [1, 2, 7, 8, 10, 11, 16, 17, 35, 36, 39, 40, 46, 47, 49, 50]
   Fitness: 24.0
     Total: 16
Violations: 0 0

Individual: [2, 3, 5, 6, 11, 12, 14, 15, 33, 35, 36, 38, 39, 46, 47, 49, 50]
   Fitness: 24.5
     Total: 17
Violations: 1 1

Individual: [1, 2, 4, 5, 11, 12, 14, 15, 31, 33, 34, 36, 37, 42, 44, 45, 49]
   Fitness: 24.5
     Total: 17
Violations: 1 1

Individual: [1, 2, 4, 5, 10, 11, 13, 14, 33, 34, 37, 38, 39, 46, 47, 49, 50]
   Fitness: 24.5
     Total: 17
Violations: 1 1

Individual: [1, 2, 4, 5, 10, 11, 13, 14, 32, 34, 35, 37, 38, 45, 46, 48, 49]
   Fitness: 24.5
     Total: 17
Violations: 1 1

Individual: [2, 3, 5, 6, 11, 12, 14, 15, 32, 33, 35, 36, 43, 44, 46, 47]
   Fitness: 24.0
     Total: 16
Violations: 0 0

Individual: [1, 2, 4, 8, 10, 11, 13, 17, 34, 35, 37, 38, 45, 47, 48, 50]
   Fitness: 24.0
     Total: 16
Violations: 0 0

Individual: [1, 3, 6, 7, 10, 12, 15, 16, 33, 34, 37, 39, 42, 43, 46, 48]
   Fitness: 24.0
     Total: 16
Violations: 0 0

Individual: [1, 3, 4, 6, 12, 13, 16, 17, 32, 34, 35, 37, 38, 45, 46, 49, 50]
   Fitness: 24.5
     Total: 17
Violations: 1 1
