10
50
10.5 -38.384
17.5 -20.01
17.5 -14.003
17.5 -14.151
17.5 -15.335
17.5 -13.471
17.5 -13.097
17.5 -12.254
17.5 -12.236
17.5 -11.861
18.0 -11.89
18.0 -11.491
18.0 -10.166
18.0 -13.971
18.0 -11.967
18.0 -13.14
18.0 -12.455
18.0 -12.377
18.0 -12.973
18.0 -12.745
18.0 -12.303
18.0 -10.686
18.0 -11.016
18.0 -9.96
18.0 -11.152
18.0 -13.715
18.0 -12.553
18.0 -11.768
18.0 -12.181
18.0 -11.152
18.0 -12.683
18.0 -12.422
18.0 -11.339
18.0 -10.734
18.0 -10.722
18.0 -10.209
18.5 -10.262
18.5 -12.359
18.5 -9.083
18.5 -10.363
18.5 -12.157
18.5 -11.309
18.5 -11.906
18.5 -13.052
18.5 -12.826
18.5 -8.865
18.5 -11.292
18.5 -13.137
18.5 -11.749
18.5 -12.775
50
12.5 -37.641
13.0 -20.827
17.0 -16.302
17.0 -13.997
17.0 -14.156
17.0 -10.287
17.0 -12.96
17.0 -10.568
17.0 -10.944
17.0 -11.29
17.0 -12.977
17.0 -11.585
17.0 -12.451
17.0 -11.077
17.0 -12.004
17.0 -11.06
17.0 -12.117
17.0 -11.935
17.0 -10.29
17.0 -8.604
17.0 -10.715
17.0 -10.318
17.0 -11.818
17.0 -9.947
17.5 -11.293
17.5 -13.317
17.5 -11.337
17.5 -13.147
17.5 -12.347
17.5 -11.199
17.5 -11.281
17.5 -11.029
17.5 -10.47
17.5 -11.496
17.5 -12.304
17.5 -11.387
17.5 -11.27
17.5 -10.957
17.5 -10.487
17.5 -12.696
17.5 -12.289
17.5 -11.081
17.5 -12.476
17.5 -11.284
17.5 -9.695
17.5 -12.228
17.5 -10.701
17.5 -11.066
17.5 -10.608
17.5 -8.995
50
12.0 -38.269
15.5 -19.657
15.5 -16.646
15.5 -13.617
15.5 -15.321
15.5 -13.621
15.5 -12.238
15.5 -12.387
15.5 -13.921
16.5 -13.373
16.5 -11.93
16.5 -11.179
16.5 -11.917
16.5 -10.675
16.5 -10.622
16.5 -12.666
16.5 -11.733
17.0 -11.58
17.0 -10.649
17.0 -10.048
17.0 -11.119
17.0 -12.892
17.0 -9.49
17.0 -10.889
17.0 -13.926
17.0 -11.222
17.0 -13.337
17.0 -9.949
17.0 -8.019
17.5 -11.236
17.5 -10.26
17.5 -10.576
17.5 -11.041
17.5 -12.224
17.5 -11.821
17.5 -10.335
17.5 -10.906
19.0 -10.369
19.0 -11.957
19.0 -10.37
19.0 -12.085
19.0 -12.099
19.0 -11.541
19.0 -11.919
19.0 -10.383
19.0 -9.605
19.0 -11.825
19.0 -11.336
19.0 -11.87
19.0 -11.153
50
13.5 -37.838
14.0 -19.209
15.5 -15.451
15.5 -15.064
16.5 -14.479
16.5 -13.183
16.5 -13.404
16.5 -12.42
16.5 -12.595
16.5 -11.938
16.5 -12.932
16.5 -13.032
16.5 -10.273
16.5 -12.014
16.5 -10.593
16.5 -13.419
16.5 -12.868
16.5 -11.723
16.5 -12.057
16.5 -10.027
17.5 -12.083
17.5 -13.476
17.5 -11.036
17.5 -12.679
17.5 -12.033
17.5 -12.726
17.5 -11.656
17.5 -10.372
17.5 -11.967
17.5 -11.89
17.5 -10.578
17.5 -9.268
17.5 -9.12
17.5 -9.596
17.5 -10.417
17.5 -11.287
17.5 -11.949
17.5 -12.081
17.5 -12.003
17.5 -12.172
17.5 -11.21
17.5 -11.532
17.5 -11.804
18.0 -12.559
18.0 -10.986
18.0 -10.808
18.0 -10.651
18.0 -13.477
18.0 -11.764
18.0 -11.178
50
13.0 -40.159
13.5 -20.713
13.5 -18.014
16.0 -15.365
16.0 -13.202
16.0 -12.202
16.0 -14.399
18.0 -13.018
18.0 -12.744
18.0 -11.265
18.0 -12.519
18.0 -12.032
18.0 -12.292
18.0 -11.083
18.0 -11.066
18.0 -10.165
18.0 -12.37
18.0 -9.858
18.0 -12.534
18.0 -11.629
18.0 -10.997
18.0 -10.33
18.0 -11.738
18.0 -10.647
18.0 -11.233
18.0 -11.122
18.0 -11.307
18.0 -11.331
18.0 -12.419
20.0 -10.541
20.0 -11.481
20.0 -10.915
20.0 -12.278
20.0 -8.596
20.0 -12.088
20.0 -10.608
20.0 -9.05
20.0 -10.9
20.0 -12.459
20.0 -12.382
20.0 -12.345
20.0 -11.97
20.0 -10.387
20.0 -8.001
20.0 -11.127
20.0 -11.941
20.0 -10.017
20.0 -8.323
20.0 -10.626
20.0 -12.386
50
9.5 -39.291
12.5 -20.656
14.5 -16.005
14.5 -14.257
15.0 -12.858
15.0 -13.601
15.0 -14.593
15.0 -12.377
15.0 -12.23
15.5 -11.711
15.5 -13.078
15.5 -11.892
16.0 -12.473
16.0 -14.328
16.0 -14.042
16.0 -15.261
16.0 -11.79
16.0 -10.719
17.0 -11.471
17.0 -11.262
17.0 -11.638
17.0 -11.349
17.0 -12.268
17.0 -11.23
17.0 -11.615
17.0 -12.183
17.0 -11.313
17.0 -12.631
17.0 -13.555
17.0 -12.955
17.0 -12.908
17.0 -12.142
17.0 -10.153
17.0 -10.871
17.0 -11.695
17.0 -10.725
17.0 -11.989
17.0 -8.988
18.5 -11.785
18.5 -12.025
18.5 -10.466
18.5 -9.598
18.5 -12.766
18.5 -11.557
18.5 -11.479
18.5 -10.648
18.5 -11.565
18.5 -11.272
18.5 -11.256
18.5 -13.094
50
10.0 -37.562
15.0 -20.417
15.0 -17.195
15.0 -14.542
15.0 -14.048
15.0 -14.787
15.0 -12.65
16.5 -14.376
16.5 -11.882
16.5 -12.751
16.5 -13.575
16.5 -11.675
16.5 -11.667
16.5 -11.094
19.0 -10.531
19.0 -11.563
19.0 -11.068
19.0 -10.562
19.0 -10.524
19.0 -10.558
19.0 -11.194
19.0 -10.888
19.0 -10.392
19.0 -11.463
19.0 -10.175
19.0 -10.413
19.0 -14.59
19.0 -10.605
19.0 -11.668
19.0 -10.758
19.0 -10.139
19.0 -11.59
19.0 -11.047
19.0 -9.894
19.0 -11.772
19.0 -11.098
19.0 -11.817
19.0 -13.04
19.0 -10.684
19.0 -13.785
19.0 -13.29
19.0 -11.254
19.0 -10.767
19.0 -13.536
19.0 -11.481
19.0 -10.407
19.0 -11.777
19.0 -10.878
19.0 -12.246
19.0 -12.169
50
12.0 -35.243
14.0 -18.066
15.0 -16.841
15.0 -14.231
18.0 -15.376
18.0 -15.485
18.0 -14.108
18.0 -11.37
18.0 -13.044
19.0 -11.309
19.0 -10.911
19.0 -11.086
19.0 -9.168
19.0 -10.77
19.0 -13.303
19.0 -11.333
19.0 -11.353
19.0 -11.122
19.0 -12.55
19.0 -10.784
19.0 -11.958
19.0 -10.763
19.0 -12.385
19.0 -10.665
19.0 -11.082
19.0 -11.909
19.0 -11.768
19.0 -11.739
19.0 -10.206
19.0 -13.4
19.0 -11.982
19.0 -9.583
19.0 -9.233
19.0 -9.698
19.0 -11.289
19.0 -10.038
19.0 -9.503
19.0 -10.769
19.0 -13.44
19.0 -11.495
19.0 -11.091
19.0 -14.071
19.0 -13.314
19.0 -13.106
19.0 -10.808
19.0 -12.992
19.0 -10.473
19.0 -10.137
19.0 -10.26
19.0 -14.034
50
13.0 -37.847
14.5 -21.103
14.5 -16.46
14.5 -14.456
14.5 -13.481
14.5 -12.342
14.5 -14.624
15.5 -11.711
17.0 -13.042
17.0 -11.8
17.0 -11.137
17.0 -13.097
17.0 -11.69
17.0 -11.071
17.0 -12.222
17.0 -11.034
17.0 -11.697
17.0 -10.763
17.0 -12.789
17.0 -12.473
17.0 -11.076
17.0 -12.328
17.0 -11.516
17.0 -13.63
17.0 -10.265
17.0 -10.807
17.5 -12.992
18.5 -10.778
18.5 -11.728
18.5 -12.532
18.5 -9.755
18.5 -11.517
18.5 -10.743
18.5 -10.435
18.5 -9.362
18.5 -10.198
18.5 -9.632
18.5 -10.189
18.5 -10.639
18.5 -11.115
18.5 -12.494
18.5 -12.488
18.5 -10.839
18.5 -10.459
18.5 -10.678
18.5 -10.994
18.5 -13.461
18.5 -12.635
18.5 -12.634
18.5 -11.895
50
9.5 -37.103
14.5 -20.155
14.5 -15.369
14.5 -14.208
17.0 -12.471
17.0 -12.456
17.5 -10.546
17.5 -13.323
18.0 -10.431
18.0 -13.844
18.0 -11.815
18.0 -13.567
18.0 -11.814
18.0 -10.636
18.0 -10.799
18.0 -13.546
18.0 -13.573
18.0 -11.606
18.0 -12.281
18.0 -12.637
18.0 -13.333
18.0 -15.217
18.0 -12.755
18.0 -11.823
18.0 -11.126
18.0 -13.827
18.0 -12.136
18.0 -10.141
18.0 -12.45
19.5 -9.96
19.5 -12.815
19.5 -12.429
19.5 -12.999
19.5 -11.391
19.5 -12.22
19.5 -11.458
19.5 -10.72
19.5 -10.795
19.5 -9.029
19.5 -10.772
19.5 -13.182
19.5 -13.288
19.5 -11.906
19.5 -9.594
19.5 -8.943
19.5 -11.261
19.5 -8.617
19.5 -11.579
19.5 -11.427
19.5 -10.56

Individual: [1, 4, 8, 9, 14, 22, 26, 28, 33, 39, 41, 46, 47, 49, 50]
   Fitness: 18.5
     Total: 15
Violations: 4 4

Individual: [1, 8, 10, 12, 13, 26, 33, 35, 37, 43, 46, 47, 50]
   Fitness: 17.5
     Total: 13
Violations: 2 2

Individual: [1, 4, 6, 9, 15, 16, 20, 32, 33, 40, 41, 42, 45, 46]
   Fitness: 19.0
     Total: 14
Violations: 2 2

Individual: [1, 2, 6, 7, 8, 15, 16, 18, 19, 33, 34, 37, 38, 43, 44, 46, 47, 49]
   Fitness: 18.0
     Total: 18
Violations: 9 9

Individual: [1, 3, 4, 6, 12, 13, 15, 16, 30, 34, 40, 41, 43, 48, 49, 50]
   Fitness: 20.0
     Total: 16
Violations: 4 4

Individual: [1, 4, 6, 9, 10, 13, 30, 31, 34, 36, 39, 40, 43, 44, 48]
   Fitness: 18.5
     Total: 15
Violations: 4 3

Individual: [1, 4, 6, 9, 10, 13, 26, 28, 32, 34, 41, 44, 49, 50]
   Fitness: 19.0
     Total: 14
Violations: 2 2

Individual: [3, 4, 7, 9, 10, 12, 18, 19, 20, 25, 38, 39, 42, 47, 48, 50]
   Fitness: 19.0
     Total: 16
Violations: 5 4

Individual: [3, 9, 10, 17, 18, 20, 21, 34, 35, 37, 38, 44, 45, 46, 49]
   Fitness: 18.5
     Total: 15
Violations: 4 4

Individual: [1, 2, 4, 5, 12, 13, 15, 16, 21, 33, 35, 39, 41, 46, 47]
   Fitness: 19.5
     Total: 15
Violations: 3 3
