10
100
9.0 -36.531
13.5 -9.092
16.5 1.008
16.5 5.229
16.5 8.103
17.5 11.245
18.0 11.851
19.5 12.807
20.0 13.201
20.5 14.475
21.0 13.951
21.0 15.387
21.5 16.445
21.5 16.094
21.5 16.86
22.0 17.106
22.0 17.553
22.5 18.474
22.5 18.051
23.5 18.354
24.0 18.071
24.0 18.989
24.0 19.032
24.0 19.151
24.0 19.434
24.0 19.217
24.0 20.462
24.0 20.511
24.0 20.41
24.0 20.159
24.0 20.082
24.0 20.391
24.0 20.567
24.0 20.388
24.0 20.339
24.0 20.912
24.0 20.592
24.0 20.57
24.0 19.885
24.0 20.615
24.0 21.472
24.0 20.656
24.0 19.814
24.0 21.35
24.0 20.734
24.0 21.262
24.0 21.308
24.0 21.012
24.0 21.426
24.0 21.33
24.0 20.635
24.0 20.922
24.0 21.108
24.0 20.787
24.0 20.812
24.0 20.674
24.0 20.924
24.0 20.234
24.0 21.177
24.0 21.563
24.0 21.107
24.0 21.359
24.0 21.728
24.0 21.463
24.0 21.078
24.0 21.331
24.0 20.599
24.0 21.213
24.0 21.511
24.0 21.049
24.0 21.197
24.0 21.14
24.0 21.257
24.5 21.155
24.5 21.258
24.5 21.41
24.5 20.647
24.5 20.109
24.5 21.272
24.5 21.36
24.5 20.563
24.5 20.011
24.5 21.538
24.5 20.768
24.5 20.944
24.5 21.388
24.5 21.403
24.5 21.974
24.5 20.717
24.5 21.707
24.5 21.198
24.5 21.76
24.5 21.526
24.5 21.334
24.5 21.439
24.5 22.03
24.5 21.442
24.5 21.306
24.5 21.72
24.5 21.347
100
11.5 -39.021
15.0 -7.132
15.5 3.305
18.0 5.986
18.0 11.031
18.5 10.934
19.0 10.405
19.0 12.5
19.5 14.019
19.5 13.462
20.5 15.219
20.5 15.751
20.5 15.34
22.0 15.888
22.0 16.476
22.0 17.195
22.0 16.556
22.5 16.567
22.5 16.468
23.0 17.13
23.0 17.237
23.0 18.476
23.0 18.841
23.0 19.211
23.5 19.84
23.5 18.995
23.5 19.621
24.0 20.214
24.5 20.686
24.5 20.105
24.5 20.595
24.5 20.768
24.5 20.612
24.5 21.493
24.5 20.387
24.5 21.044
24.5 20.111
24.5 20.869
24.5 21.007
24.5 20.767
24.5 20.577
24.5 20.393
24.5 20.625
24.5 20.36
24.5 21.835
24.5 21.399
24.5 21.25
24.5 20.682
24.5 20.768
24.5 21.212
24.5 20.819
24.5 21.057
24.5 21.263
24.5 20.698
24.5 21.653
24.5 21.484
24.5 21.206
24.5 21.014
24.5 20.91
24.5 21.263
24.5 20.664
24.5 21.628
24.5 20.683
24.5 21.938
24.5 21.469
24.5 21.087
24.5 20.668
24.5 21.1
24.5 20.192
24.5 21.994
24.5 20.766
24.5 20.956
24.5 21.011
24.5 20.948
24.5 21.308
24.5 21.823
24.5 21.256
24.5 21.03
24.5 21.375
24.5 21.382
24.5 21.21
24.5 21.197
24.5 21.286
24.5 20.478
24.5 21.304
24.5 21.395
24.5 21.917
24.5 21.177
24.5 21.271
24.5 21.842
24.5 21.955
24.5 21.495
24.5 21.51
24.5 21.237
24.5 21.68
24.5 21.601
24.5 20.158
24.5 21.303
24.5 21.414
24.5 21.659
100
6.5 -37.835
13.5 -12.029
14.5 -1.565
18.0 4.978
18.0 8.964
18.0 9.556
19.0 13.541
19.0 14.274
20.0 13.806
20.5 15.646
21.0 15.952
21.5 14.126
23.0 15.138
23.0 15.729
23.0 17.276
23.5 18.019
23.5 18.007
24.0 19.157
24.0 19.459
24.0 19.307
24.0 19.277
24.0 19.248
24.0 18.301
24.0 19.574
24.0 20.411
24.0 19.611
24.0 19.866
24.0 20.743
24.0 21.195
24.0 21.758
24.0 21.03
24.0 21.234
24.0 21.151
24.0 21.289
24.0 20.957
24.0 21.334
24.0 22.106
24.0 21.795
24.0 21.801
24.0 21.496
24.0 21.579
24.0 21.572
24.0 21.599
24.0 21.984
24.0 20.52
24.0 20.788
24.0 20.976
24.0 20.937
24.0 21.386
24.0 21.729
24.0 21.049
24.0 21.08
24.0 21.347
24.0 21.598
24.0 21.119
24.0 21.256
24.0 20.84
24.0 20.523
24.0 21.244
24.0 20.702
24.0 21.173
24.0 21.204
24.0 21.5
24.0 21.467
24.0 21.445
24.0 21.033
24.0 20.843
24.0 20.171
24.0 21.044
24.0 21.168
24.0 21.093
24.0 21.013
24.0 21.47
24.0 20.834
24.0 21.683
24.0 21.635
24.0 21.564
24.0 21.495
24.0 21.56
24.0 21.675
24.0 21.615
24.0 20.76
24.0 21.572
24.0 21.419
24.0 21.079
24.0 21.585
24.0 21.249
24.0 21.126
24.0 21.239
24.0 21.806
24.0 21.54
24.0 21.109
24.0 20.755
24.0 21.298
24.0 21.226
24.0 21.23
24.0 20.584
24.0 21.427
24.0 21.51
24.0 21.497
100
8.0 -37.818
13.0 -9.774
15.5 0.776
17.0 2.019
17.5 10.171
18.0 8.517
18.5 11.241
18.5 13.517
21.0 13.311
21.0 13.674
21.0 14.034
21.0 15.686
21.5 14.759
22.5 13.836
22.5 16.152
22.5 17.06
22.5 17.945
22.5 18.23
22.5 17.62
23.5 19.131
23.5 19.31
23.5 19.143
24.0 19.504
24.0 19.932
24.0 20.175
24.0 20.187
24.0 20.109
24.0 20.25
24.0 19.859
24.0 20.841
24.0 20.849
24.0 20.622
24.0 20.253
24.0 20.71
24.0 20.689
24.0 20.464
24.0 20.674
24.0 20.992
24.0 21.062
24.0 20.968
24.0 21.559
24.5 20.994
24.5 20.987
24.5 20.722
24.5 21.065
24.5 20.733
24.5 20.883
24.5 20.32
24.5 20.527
24.5 20.591
24.5 20.85
24.5 20.712
24.5 21.318
24.5 20.253
24.5 22.075
24.5 21.557
24.5 21.29
24.5 21.322
24.5 21.245
24.5 21.339
24.5 21.319
24.5 21.717
24.5 21.209
24.5 21.435
24.5 22.022
24.5 22.214
24.5 20.828
24.5 21.553
24.5 21.371
24.5 21.967
24.5 21.917
24.5 21.717
24.5 21.432
24.5 21.668
24.5 21.485
24.5 22.097
24.5 21.725
24.5 21.6
24.5 21.356
24.5 21.623
24.5 21.914
24.5 20.577
24.5 20.86
24.5 21.617
24.5 21.237
24.5 22.226
24.5 21.889
24.5 21.277
24.5 21.373
24.5 21.387
24.5 21.555
24.5 21.654
24.5 21.609
24.5 21.527
24.5 21.509
24.5 21.075
24.5 21.545
24.5 21.278
24.5 20.874
24.5 21.557
100
11.5 -36.799
14.0 -9.622
16.5 0.892
17.5 7.775
17.5 10.051
18.5 11.266
19.5 12.313
19.5 13.071
20.5 12.998
21.5 14.515
21.5 15.012
22.0 15.638
22.0 15.646
22.5 16.949
22.5 16.847
23.5 17.35
23.5 17.67
23.5 18.395
23.5 18.534
23.5 18.647
23.5 19.214
23.5 19.374
23.5 19.892
23.5 19.657
23.5 19.81
23.5 19.775
23.5 19.255
23.5 20.034
23.5 19.719
23.5 19.124
23.5 19.722
23.5 20.504
23.5 20.669
23.5 20.823
23.5 20.125
23.5 20.236
23.5 18.323
23.5 19.518
23.5 18.941
23.5 19.519
23.5 19.597
23.5 19.432
23.5 19.944
23.5 19.801
23.5 19.803
23.5 20.146
23.5 20.629
23.5 19.981
23.5 20.502
23.5 19.491
23.5 20.597
23.5 20.101
23.5 19.49
23.5 20.377
23.5 20.204
23.5 19.181
23.5 20.526
23.5 20.383
23.5 20.314
23.5 18.733
23.5 19.463
23.5 20.465
23.5 19.904
23.5 20.449
23.5 19.582
23.5 20.406
23.5 19.934
23.5 19.931
24.0 20.605
24.0 18.69
24.0 20.302
24.0 19.012
24.0 20.313
24.0 19.876
24.0 20.631
24.0 19.729
24.0 20.341
24.0 20.654
24.0 19.498
24.0 20.864
24.0 20.804
24.0 21.338
24.0 19.387
24.0 20.543
24.0 20.069
24.0 21.133
24.0 20.496
24.0 20.772
24.0 21.034
24.0 20.201
24.0 21.069
24.0 21.41
24.0 20.378
24.0 21.176
24.0 20.778
24.0 21.108
24.0 20.132
24.0 21.179
24.0 20.954
24.0 21.619
100
14.0 -36.116
16.5 -8.7
16.5 2.832
16.5 5.014
18.0 10.883
20.0 10.356
20.0 13.945
21.5 14.963
21.5 15.367
22.0 15.342
22.0 17.09
22.5 17.632
22.5 18.324
23.0 18.672
23.0 19.077
23.0 19.334
23.0 18.862
23.0 19.129
23.0 18.924
23.5 19.813
23.5 18.641
23.5 17.34
23.5 18.124
23.5 19.089
23.5 20.178
23.5 20.402
23.5 20.06
23.5 20.034
24.0 19.852
24.0 19.669
24.0 19.675
24.0 19.554
24.0 20.176
24.0 20.262
24.0 20.796
24.0 20.734
24.0 20.563
24.0 20.83
24.0 21.1
24.0 20.485
24.0 21.16
24.0 19.039
24.0 21.188
24.0 20.499
24.0 19.733
24.0 21.598
24.0 21.136
24.0 21.072
24.0 20.816
24.0 20.733
24.0 20.572
24.0 20.82
24.0 21.146
24.0 20.861
24.0 21.072
24.0 21.525
24.0 21.123
24.0 21.368
24.0 21.203
24.0 21.083
24.0 20.755
24.0 21.434
24.0 21.698
24.0 20.807
24.0 21.321
24.0 20.727
24.0 20.536
24.0 21.714
24.0 21.383
24.0 21.035
24.0 21.433
24.0 21.498
24.0 21.696
24.0 21.44
24.0 21.623
24.0 21.486
24.0 21.509
24.0 21.632
24.0 21.111
24.0 20.845
24.0 21.102
24.0 21.167
24.0 20.942
24.0 20.925
24.0 21.671
24.0 20.63
24.0 21.038
24.0 21.061
24.0 20.781
24.0 21.468
24.0 21.102
24.0 21.584
24.0 21.012
24.0 21.643
24.0 19.965
24.0 21.056
24.0 20.602
24.0 21.033
24.0 20.933
24.0 20.479
100
8.0 -39.624
14.0 -10.648
17.0 -0.208
17.0 5.395
19.0 7.577
19.5 11.686
20.0 12.884
20.0 13.278
20.0 14.223
20.5 15.518
20.5 14.975
21.5 15.627
22.0 16.58
22.0 17.082
22.5 17.54
22.5 17.5
22.5 17.961
24.0 18.451
24.0 18.324
24.0 18.877
24.0 19.148
24.0 19.66
24.0 20.214
24.0 20.427
24.0 20.939
24.0 20.903
24.0 20.596
24.0 20.811
24.0 21.2
24.0 21.109
24.0 20.818
24.0 21.561
24.0 21.203
24.0 21.419
24.0 21.55
24.0 20.952
24.0 21.356
24.0 21.649
24.0 21.602
24.0 21.24
24.0 21.403
24.0 21.336
24.0 21.416
24.0 20.123
24.0 21.381
24.0 21.388
24.0 21.695
24.0 21.269
24.0 20.943
24.0 21.832
24.0 21.161
24.0 20.882
24.0 21.292
24.0 21.685
24.0 20.844
24.0 20.925
24.0 20.945
24.0 21.418
24.0 21.358
24.0 21.227
24.0 21.11
24.0 21.28
24.0 21.534
24.0 21.226
24.0 21.062
24.0 21.376
24.0 21.087
24.0 21.172
24.0 21.11
24.0 21.129
24.0 21.397
24.0 21.052
24.0 21.251
24.0 21.614
24.0 21.604
24.0 20.991
24.0 21.349
24.0 20.731
24.0 20.835
24.0 20.945
24.0 20.014
24.0 20.021
24.0 20.965
24.0 20.93
24.0 20.889
24.0 21.218
24.0 21.002
24.0 20.938
24.0 20.684
24.0 21.043
24.0 20.918
24.0 21.164
24.0 21.187
24.0 20.894
24.0 20.997
24.0 21.208
24.0 20.876
24.0 21.113
24.0 20.812
24.0 20.731
100
11.5 -38.307
12.5 -7.781
18.5 3.579
19.0 2.699
19.0 8.789
19.0 12.037
19.0 12.206
19.5 11.463
19.5 13.335
20.5 14.166
21.0 13.998
21.0 15.44
21.0 16.363
21.5 16.126
22.0 17.149
22.0 16.502
22.0 17.14
22.0 17.848
22.0 18.104
22.5 16.223
23.5 17.975
23.5 18.367
24.0 17.894
24.0 17.371
24.0 16.297
24.0 18.765
24.0 19.359
24.0 19.024
24.0 19.254
24.0 20.365
24.0 20.298
24.0 20.798
24.0 21.231
24.0 19.649
24.0 20.794
24.0 19.139
24.0 20.597
24.0 20.442
24.0 21.079
24.0 21.326
24.0 21.187
24.0 21.133
24.0 20.953
24.0 21.279
24.0 20.635
24.0 21.244
24.0 21.196
24.0 21.649
24.0 20.529
24.0 20.035
24.0 20.668
24.0 21.119
24.0 21.198
24.0 21.006
24.0 20.999
24.0 20.73
24.0 20.256
24.0 21.306
24.0 20.797
24.0 21.153
24.0 21.109
24.0 20.996
24.0 21.727
24.0 20.773
24.0 20.423
24.0 20.974
24.0 20.788
24.0 21.026
24.0 20.932
24.0 19.677
24.0 20.648
24.0 19.357
24.0 19.617
24.0 21.184
24.0 20.202
24.0 20.105
24.0 20.768
24.0 20.639
24.0 20.412
24.0 20.504
24.0 21.553
24.0 21.158
24.0 20.966
24.0 20.279
24.0 21.124
24.0 20.785
24.0 20.59
24.0 20.949
24.0 20.322
24.0 20.124
24.0 19.806
24.0 20.713
24.0 20.584
24.0 20.764
24.0 20.521
24.0 20.338
24.0 20.242
24.0 21.005
24.0 20.653
24.0 20.87
100
14.5 -37.65
14.5 -9.926
17.5 1.837
18.5 6.994
18.5 8.05
18.5 12.206
19.0 11.694
19.0 13.79
20.0 14.483
20.0 14.842
20.5 15.247
21.0 14.695
21.0 15.846
21.5 15.201
21.5 17.138
21.5 17.319
21.5 17.745
21.5 16.577
21.5 17.677
21.5 18.038
22.0 18.036
22.0 14.966
22.0 18.562
22.0 18.506
22.0 18.042
22.0 18.868
22.0 18.742
22.0 18.978
22.0 19.521
22.0 19.308
22.0 19.533
22.0 19.185
22.0 19.517
22.0 20.039
22.0 19.387
22.0 19.243
22.0 19.98
22.0 18.948
22.0 19.287
22.0 19.321
22.0 19.591
22.0 19.686
22.0 19.244
22.0 19.292
22.0 18.296
22.0 18.815
22.0 18.877
22.0 18.552
22.0 19.158
22.0 18.753
22.5 19.25
22.5 19.481
22.5 19.162
22.5 18.662
22.5 19.509
23.0 18.913
23.0 18.143
23.0 16.558
23.0 19.413
23.0 18.31
23.0 19.049
23.0 18.63
23.0 18.358
23.0 19.268
23.0 19.359
23.0 19.309
23.0 20.039
23.0 19.408
23.0 19.055
23.0 18.989
23.0 19.055
23.0 19.555
23.0 19.028
23.0 19.502
23.0 20.008
23.0 20.325
23.0 19.815
23.0 19.511
23.0 20.147
23.0 19.982
23.0 19.597
23.0 20.248
23.0 20.255
23.0 19.442
23.0 20.307
23.0 19.134
23.0 20.044
23.0 19.655
23.0 19.959
23.0 20.405
23.0 20.631
23.0 20.575
23.0 19.566
23.0 19.779
23.0 19.167
23.0 19.758
23.0 19.783
23.0 19.999
23.0 20.389
23.0 20.223
100
10.5 -36.356
11.5 -9.355
17.0 0.825
17.0 6.058
18.0 10.18
18.0 11.799
19.0 11.674
21.0 13.721
21.5 12.957
21.5 14.584
22.5 16.525
22.5 15.753
22.5 16.726
23.0 18.183
23.5 18.437
23.5 18.304
23.5 19.774
24.0 20.463
24.0 18.767
24.0 18.738
24.0 20.138
24.0 20.517
24.0 20.766
24.0 19.711
24.0 20.816
24.0 21.339
24.0 20.832
24.0 21.277
24.0 21.124
24.0 20.968
24.0 21.184
24.0 21.236
24.0 21.53
24.0 20.722
24.0 20.941
24.0 21.455
24.0 21.475
24.0 21.719
24.0 21.003
24.0 21.254
24.0 21.037
24.0 21.166
24.0 21.383
24.0 21.524
24.0 20.71
24.0 20.733
24.0 20.975
24.0 20.535
24.0 20.782
24.0 20.571
24.0 20.509
24.0 20.3
24.0 20.527
24.0 20.697
24.0 21.246
24.0 20.987
24.0 21.01
24.0 20.092
24.0 21.161
24.0 21.176
24.0 21.027
24.0 21.158
24.0 21.859
24.0 21.488
24.0 21.367
24.0 21.524
24.0 20.452
24.0 21.631
24.0 21.352
24.0 21.279
24.0 21.087
24.0 21.224
24.0 21.678
24.0 20.951
24.0 21.322
24.0 21.546
24.0 21.384
24.0 21.359
24.0 21.023
24.0 21.187
24.0 21.137
24.0 21.379
24.0 22.017
24.0 21.861
24.0 21.685
24.0 21.023
24.0 21.239
24.0 21.312
24.0 20.88
24.0 20.87
24.0 21.527
24.0 20.998
24.0 20.767
24.0 21.04
24.0 20.594
24.0 21.134
24.0 20.71
24.0 21.508
24.0 21.64
24.0 21.149

Individual: [1, 2, 4, 5, 10, 11, 13, 14, 33, 34, 36, 37, 44, 45, 47, 48, 50]
   Fitness: 24.5
     Total: 17
Violations: 1 1

Individual: [1, 4, 5, 8, 13, 14, 16, 17, 19, 36, 38, 39, 41, 45, 47, 48, 50]
   Fitness: 24.5
     Total: 17
Violations: 1 1

Individual: [2, 4, 5, 7, 11, 13, 14, 16, 34, 35, 38, 40, 43, 47, 49, 50]
   Fitness: 24.0
     Total: 16
Violations: 0 0

Individual: [1, 2, 4, 5, 11, 12, 14, 15, 33, 34, 36, 37, 44, 45, 46, 49, 50]
   Fitness: 24.5
     Total: 17
Violations: 1 1

Individual: [2, 3, 5, 6, 11, 14, 15, 18, 32, 36, 37, 39, 44, 45, 47, 48]
   Fitness: 24.0
     Total: 16
Violations: 0 0

Individual: [2, 3, 5, 9, 11, 12, 14, 18, 32, 35, 36, 41, 43, 44, 48, 49]
   Fitness: 24.0
     Total: 16
Violations: 0 0

Individual: [2, 3, 5, 6, 11, 12, 14, 15, 33, 37, 39, 40, 42, 46, 48, 49]
   Fitness: 24.0
     Total: 16
Violations: 0 0

Individual: [1, 3, 4, 11, 13, 14, 16, 20, 32, 34, 38, 40, 41, 43, 47, 49]
   Fitness: 24.0
     Total: 16
Violations: 0 0

Individual: [2, 3, 7, 9, 14, 15, 17, 18, 24, 35, 40, 42, 43, 47, 48, 50]
   Fitness: 23.0
     Total: 16
Violations: 1 1

Individual: [1, 2, 4, 5, 11, 13, 14, 16, 29, 34, 35, 37, 38, 46, 49, 50]
   Fitness: 24.0
     Total: 16
Violations: 0 0
