10
100
12.5 -35.031
12.5 -22.101
13.5 -18.219
14.5 -17.64
16.5 -19.422
17.0 -21.367
18.0 -22.278
18.0 -20.416
18.0 -17.193
18.0 -16.702
18.0 -16.949
18.0 -21.064
18.0 -20.531
18.0 -17.127
18.0 -16.447
18.0 -16.021
18.0 -18.042
18.0 -19.924
18.0 -18.888
18.0 -20.269
18.0 -18.218
18.0 -16.985
18.0 -17.856
18.0 -18.22
18.0 -20.205
18.0 -16.332
18.0 -17.719
18.0 -21.475
18.0 -19.387
18.0 -18.776
18.0 -18.783
18.0 -17.561
18.0 -17.647
18.0 -17.117
18.0 -19.931
18.0 -18.85
18.0 -18.546
18.0 -21.433
18.0 -16.448
18.0 -19.16
18.0 -19.343
18.0 -16.725
18.0 -15.681
18.0 -17.197
18.0 -17.521
18.0 -14.955
18.0 -16.849
18.0 -19.508
18.0 -18.48
18.0 -17.614
18.0 -17.717
18.0 -21.265
18.0 -19.762
18.0 -20.103
18.0 -18.635
18.0 -18.525
18.0 -19.458
18.0 -15.376
18.0 -17.622
18.0 -15.971
18.0 -15.329
18.0 -17.714
18.0 -15.798
18.0 -18.453
18.0 -17.748
18.0 -15.893
18.0 -15.299
18.0 -14.47
18.0 -19.357
18.0 -17.923
18.0 -16.465
18.0 -18.14
18.0 -17.676
18.0 -18.088
18.0 -13.913
18.0 -15.864
18.0 -16.999
18.0 -16.558
18.0 -17.29
18.0 -14.331
18.5 -19.565
18.5 -15.144
18.5 -23.718
18.5 -17.431
18.5 -19.171
18.5 -19.505
18.5 -16.575
18.5 -18.839
18.5 -15.351
18.5 -17.152
18.5 -19.033
18.5 -21.538
18.5 -16.14
18.5 -18.172
18.5 -16.165
18.5 -14.93
18.5 -18.737
18.5 -16.53
18.5 -18.999
18.5 -18.024
100
14.0 -36.258
14.0 -21.849
14.0 -20.3
14.0 -22.782
14.0 -16.394
14.0 -20.276
14.0 -21.334
14.5 -17.187
14.5 -16.934
14.5 -19.12
15.5 -17.609
15.5 -18.816
15.5 -19.235
15.5 -19.227
15.5 -21.913
15.5 -17.435
16.0 -20.184
16.0 -18.036
16.0 -15.469
16.0 -14.309
16.0 -17.447
16.0 -18.543
16.0 -15.486
16.0 -16.407
16.0 -16.154
16.0 -20.147
16.0 -17.708
16.0 -17.354
16.5 -18.66
16.5 -16.048
16.5 -18.372
16.5 -17.115
16.5 -14.257
16.5 -15.281
16.5 -17.411
19.0 -14.665
19.0 -16.941
19.0 -17.891
19.0 -16.13
19.0 -15.398
19.0 -20.583
19.0 -17.591
19.0 -18.449
19.0 -18.191
19.0 -15.637
19.0 -15.78
19.0 -17.857
19.0 -15.807
19.0 -15.94
19.0 -15.655
19.0 -17.215
19.0 -18.449
19.0 -15.064
19.0 -18.118
19.0 -17.674
19.0 -19.88
19.0 -19.24
19.0 -17.749
19.0 -20.935
19.0 -15.908
19.0 -17.527
19.0 -18.34
19.0 -17.11
19.0 -17.202
19.0 -14.925
19.0 -18.824
19.0 -16.352
19.0 -17.298
19.0 -17.178
19.0 -20.477
19.0 -18.064
19.0 -17.747
19.0 -18.084
19.0 -19.455
19.0 -19.576
19.0 -17.206
19.0 -16.608
19.0 -18.411
19.0 -17.677
19.0 -18.719
19.0 -15.605
19.0 -17.1
19.0 -15.845
19.0 -19.177
19.0 -16.84
19.0 -16.148
19.0 -14.966
19.0 -17.4
19.0 -18.151
19.0 -20.389
19.0 -16.15
19.0 -18.414
19.0 -16.686
19.0 -18.609
19.0 -19.851
19.0 -18.89
19.0 -18.191
19.0 -15.6
19.0 -21.064
19.0 -19.305
100
10.0 -37.189
13.0 -23.318
13.0 -20.779
13.0 -21.007
16.0 -18.723
16.0 -18.646
16.0 -20.354
16.0 -19.044
16.0 -21.133
16.0 -17.506
16.0 -18.042
16.0 -18.328
16.0 -18.99
16.0 -17.612
16.0 -22.074
16.0 -19.579
16.0 -21.29
16.0 -17.55
16.0 -17.344
16.0 -18.535
16.0 -16.85
16.0 -19.429
16.0 -21.246
16.0 -17.1
16.0 -18.714
16.0 -20.022
16.0 -17.785
16.0 -21.198
16.0 -17.216
16.0 -17.673
16.0 -19.848
16.0 -17.268
16.0 -18.686
16.0 -19.345
16.0 -17.379
16.0 -19.905
16.0 -15.555
16.0 -15.705
16.0 -18.676
16.0 -18.309
16.0 -18.697
16.0 -21.104
16.0 -17.01
16.5 -17.723
16.5 -17.673
16.5 -17.534
16.5 -17.635
16.5 -14.528
16.5 -20.536
16.5 -20.087
16.5 -18.167
16.5 -18.607
16.5 -18.761
16.5 -17.529
16.5 -20.265
16.5 -16.751
16.5 -17.905
16.5 -16.375
16.5 -16.971
16.5 -14.044
16.5 -15.636
16.5 -15.656
16.5 -18.703
16.5 -17.636
18.0 -14.777
18.0 -19.438
18.0 -19.138
18.0 -19.659
18.0 -20.409
18.0 -15.349
18.0 -18.443
18.0 -18.681
18.0 -17.39
18.0 -16.362
18.0 -16.355
18.0 -18.726
18.0 -17.432
18.0 -15.83
18.0 -18.582
18.0 -20.822
18.0 -18.878
18.0 -19.334
18.0 -19.726
18.0 -17.368
18.0 -17.652
18.0 -17.502
18.0 -20.495
18.0 -15.426
18.0 -18.677
18.0 -18.735
18.0 -19.146
18.0 -17.156
18.0 -20.999
18.0 -13.801
18.0 -16.056
18.0 -18.864
18.0 -17.785
18.0 -18.313
18.0 -18.611
18.0 -18.772
100
11.5 -35.921
11.5 -22.848
14.5 -19.574
14.5 -21.361
14.5 -19.334
16.0 -18.152
16.0 -17.807
16.0 -13.472
16.0 -19.695
16.0 -18.478
16.0 -17.992
16.0 -17.149
16.0 -18.666
16.0 -19.27
16.0 -15.774
16.0 -18.198
16.0 -21.92
16.0 -18.214
16.0 -23.484
16.0 -21.598
16.0 -18.108
16.0 -18.752
16.0 -18.619
16.0 -16.11
16.0 -17.237
16.0 -23.126
16.0 -17.045
16.0 -18.961
16.0 -19.76
16.0 -17.686
16.0 -22.297
16.0 -18.221
18.0 -17.931
18.0 -18.332
18.0 -19.815
18.0 -19.391
18.0 -17.942
18.0 -15.162
18.0 -16.318
18.0 -17.087
18.0 -18.274
18.0 -19.057
18.0 -19.341
18.0 -17.48
18.0 -17.163
18.0 -17.013
18.0 -17.919
18.0 -18.132
18.0 -16.978
18.0 -23.024
18.0 -17.095
18.0 -18.34
18.0 -15.403
18.0 -16.687
18.0 -13.559
18.0 -17.569
18.0 -17.523
18.0 -17.062
18.0 -16.864
18.0 -20.087
18.0 -17.894
18.0 -14.97
18.0 -17.405
18.0 -15.997
18.0 -18.233
18.0 -17.174
18.0 -16.929
18.0 -14.802
18.0 -18.568
18.0 -18.765
18.0 -16.242
18.0 -17.888
18.0 -15.621
18.0 -17.515
18.0 -20.566
18.0 -20.018
18.0 -17.322
18.0 -17.633
18.0 -16.257
18.0 -15.972
18.0 -17.02
18.0 -16.849
18.0 -19.816
18.0 -19.997
18.0 -19.803
18.0 -16.465
18.0 -17.873
18.0 -19.622
18.0 -17.086
18.0 -16.268
18.0 -16.374
18.0 -20.505
18.0 -18.423
18.0 -18.67
18.0 -19.963
18.0 -17.335
18.0 -20.305
18.0 -22.86
18.0 -16.025
18.0 -15.451
100
14.0 -37.397
14.0 -21.852
15.5 -20.471
15.5 -25.246
15.5 -20.151
15.5 -20.54
15.5 -21.178
15.5 -21.226
15.5 -18.783
16.0 -20.21
16.0 -19.424
16.0 -18.749
16.0 -19.908
16.0 -17.042
16.0 -18.798
16.0 -21.428
16.0 -17.8
16.0 -17.864
16.0 -15.648
16.0 -18.712
16.0 -19.841
16.0 -17.861
16.0 -20.166
16.0 -17.217
16.0 -19.326
16.0 -20.587
16.0 -17.42
16.0 -19.849
16.0 -18.047
16.0 -22.866
16.0 -19.313
16.0 -16.182
16.0 -15.033
16.0 -15.791
16.0 -18.834
16.0 -16.332
16.0 -18.281
16.0 -17.838
16.0 -19.231
16.0 -19.552
17.0 -18.745
17.0 -20.696
17.0 -20.711
17.0 -20.169
17.0 -16.257
17.0 -18.273
17.0 -17.467
17.0 -17.885
17.0 -15.828
17.0 -15.706
17.0 -17.748
17.0 -22.162
17.0 -20.368
17.0 -17.423
17.0 -19.478
17.0 -19.771
17.0 -19.301
18.5 -15.514
18.5 -15.744
18.5 -20.774
18.5 -19.696
18.5 -17.813
18.5 -19.661
18.5 -19.124
18.5 -15.72
18.5 -18.766
18.5 -19.102
18.5 -17.069
18.5 -18.514
18.5 -18.98
18.5 -16.728
18.5 -18.468
18.5 -15.559
18.5 -17.972
18.5 -21.119
18.5 -17.981
18.5 -17.381
18.5 -19.023
18.5 -18.455
18.5 -18.689
18.5 -18.659
18.5 -19.49
18.5 -15.06
18.5 -15.962
18.5 -16.489
18.5 -18.051
18.5 -19.3
18.5 -19.489
18.5 -17.71
18.5 -16.899
18.5 -16.274
18.5 -15.895
18.5 -17.402
18.5 -15.905
18.5 -19.144
18.5 -20.341
18.5 -18.52
18.5 -17.581
18.5 -16.189
18.5 -18.471
100
10.5 -36.475
14.0 -22.795
14.5 -22.529
15.0 -18.315
16.0 -19.433
16.0 -20.201
16.0 -19.142
16.0 -17.517
16.0 -18.026
16.0 -17.264
16.0 -17.255
16.0 -20.315
16.0 -18.23
16.0 -16.855
16.0 -17.478
16.0 -15.833
16.0 -19.217
16.0 -15.925
16.0 -19.061
16.0 -17.731
16.0 -18.543
16.0 -16.945
16.0 -16.419
16.0 -15.715
16.0 -16.553
16.0 -19.13
16.0 -16.449
16.0 -20.13
16.0 -17.473
16.5 -14.456
16.5 -19.822
16.5 -18.2
16.5 -20.178
16.5 -20.193
16.5 -18.873
16.5 -19.874
16.5 -16.147
16.5 -17.559
16.5 -17.854
16.5 -17.913
16.5 -19.198
17.5 -16.229
17.5 -20.469
17.5 -16.516
17.5 -18.151
17.5 -17.654
17.5 -19.287
17.5 -16.311
17.5 -18.794
17.5 -17.71
17.5 -18.78
17.5 -16.972
17.5 -17.53
17.5 -16.915
17.5 -20.512
17.5 -18.937
17.5 -19.077
17.5 -19.027
17.5 -18.064
17.5 -15.182
17.5 -18.385
17.5 -20.194
17.5 -15.425
17.5 -16.862
17.5 -18.453
17.5 -16.237
17.5 -17.262
17.5 -19.27
17.5 -21.642
17.5 -16.292
17.5 -15.723
17.5 -19.383
17.5 -17.568
17.5 -17.08
17.5 -16.958
17.5 -19.228
17.5 -21.258
17.5 -18.469
17.5 -15.527
17.5 -17.923
17.5 -13.647
17.5 -17.877
17.5 -19.725
18.0 -18.748
18.0 -19.854
18.0 -17.607
18.0 -14.382
18.0 -16.704
18.0 -20.0
18.0 -19.246
18.0 -15.029
18.0 -23.335
18.0 -17.113
18.0 -15.318
18.0 -15.131
18.0 -18.287
18.0 -14.116
18.0 -16.846
18.0 -15.748
18.0 -19.755
100
12.5 -38.985
12.5 -22.355
15.5 -19.184
15.5 -23.367
15.5 -23.88
15.5 -18.78
15.5 -18.926
15.5 -18.279
15.5 -17.68
16.0 -19.22
16.0 -19.254
16.0 -20.009
16.0 -19.736
16.0 -21.395
16.0 -22.891
16.0 -19.874
16.0 -17.186
16.0 -18.886
16.0 -14.211
16.0 -23.734
16.0 -21.957
18.0 -21.721
18.0 -21.101
18.0 -19.164
18.0 -18.836
18.0 -20.621
18.0 -18.026
18.0 -19.707
18.0 -17.881
18.0 -18.605
18.0 -15.624
18.0 -19.521
18.0 -17.985
18.0 -21.59
18.0 -18.554
18.0 -18.001
18.0 -17.261
19.0 -20.579
19.0 -21.165
19.0 -17.48
19.0 -23.367
19.0 -15.934
19.5 -17.054
19.5 -15.137
19.5 -19.073
19.5 -19.507
19.5 -19.461
19.5 -17.611
19.5 -17.137
19.5 -16.804
19.5 -18.668
19.5 -16.49
19.5 -17.211
19.5 -17.498
19.5 -17.514
19.5 -18.048
19.5 -16.506
19.5 -18.898
19.5 -17.723
19.5 -17.381
19.5 -18.156
19.5 -19.206
19.5 -16.467
19.5 -17.378
19.5 -19.198
19.5 -18.833
19.5 -16.253
19.5 -22.055
19.5 -15.443
19.5 -17.833
19.5 -13.957
19.5 -17.608
19.5 -17.042
19.5 -20.671
19.5 -17.202
19.5 -15.973
19.5 -18.85
19.5 -17.304
19.5 -15.074
19.5 -17.099
19.5 -15.995
19.5 -19.347
19.5 -17.33
19.5 -18.517
19.5 -16.175
19.5 -16.635
19.5 -19.052
19.5 -17.088
19.5 -18.045
19.5 -21.811
19.5 -21.854
19.5 -17.774
19.5 -17.634
19.5 -17.74
19.5 -17.91
19.5 -15.802
19.5 -15.742
19.5 -17.271
19.5 -21.392
19.5 -18.245
100
11.5 -38.456
12.0 -24.262
14.0 -22.443
14.0 -17.143
15.5 -17.684
15.5 -17.589
15.5 -19.188
15.5 -20.355
15.5 -15.989
15.5 -23.165
16.5 -19.918
16.5 -17.452
19.0 -19.183
19.0 -15.862
19.0 -18.389
19.0 -19.179
19.0 -16.676
19.0 -15.948
19.0 -15.085
19.0 -18.055
19.0 -15.502
19.0 -15.873
19.0 -17.407
19.0 -21.174
19.0 -16.535
19.0 -16.191
19.0 -17.412
19.0 -21.504
19.0 -20.02
19.0 -17.583
19.0 -19.193
19.0 -21.898
19.0 -17.742
19.0 -19.015
19.0 -16.889
19.0 -15.778
19.0 -14.915
19.0 -17.808
19.0 -20.435
19.0 -16.951
19.0 -16.004
19.0 -15.842
19.0 -18.442
19.0 -20.411
19.0 -16.121
19.0 -16.008
19.0 -20.378
19.0 -17.381
19.0 -18.028
19.0 -19.365
19.0 -18.131
19.0 -17.149
19.0 -16.996
19.0 -18.613
19.0 -18.016
19.0 -14.566
19.0 -14.23
19.0 -17.274
19.0 -17.411
19.0 -17.574
19.0 -18.146
19.0 -20.083
19.0 -15.605
19.0 -18.731
19.0 -16.485
19.0 -17.779
19.0 -17.261
19.0 -16.864
19.0 -17.649
19.0 -18.928
19.0 -18.364
19.0 -20.215
19.0 -16.841
19.0 -17.31
19.0 -19.662
19.0 -18.574
19.0 -15.554
19.0 -18.569
19.0 -16.667
19.0 -15.403
19.0 -18.595
19.0 -19.469
19.0 -16.607
19.0 -15.694
19.0 -17.121
19.0 -18.29
19.0 -23.459
19.0 -16.463
19.0 -16.179
19.0 -19.22
19.0 -16.236
19.0 -20.897
19.0 -16.627
19.0 -19.906
19.0 -20.434
19.0 -17.189
19.0 -19.562
19.0 -17.412
19.0 -12.11
19.0 -15.57
100
5.5 -37.878
15.0 -23.295
16.0 -22.732
16.0 -19.446
16.0 -21.957
16.0 -22.422
16.0 -18.584
16.0 -17.189
16.0 -15.079
16.0 -17.866
16.5 -17.323
16.5 -21.638
16.5 -19.087
16.5 -16.999
16.5 -19.513
16.5 -16.383
16.5 -18.537
16.5 -16.153
16.5 -16.031
16.5 -17.385
16.5 -15.784
16.5 -20.683
16.5 -16.715
16.5 -17.155
17.0 -16.636
17.0 -18.625
17.0 -17.814
17.0 -16.517
17.0 -22.416
17.0 -17.501
17.0 -16.787
17.0 -18.542
17.0 -19.03
18.5 -16.954
18.5 -20.232
18.5 -17.547
18.5 -19.502
18.5 -18.216
18.5 -23.289
18.5 -16.334
18.5 -18.969
18.5 -20.227
18.5 -15.366
18.5 -17.82
18.5 -17.279
18.5 -17.534
18.5 -18.463
18.5 -15.427
18.5 -21.051
18.5 -17.359
18.5 -15.959
18.5 -15.692
18.5 -18.225
18.5 -17.489
18.5 -17.52
18.5 -18.957
18.5 -16.974
18.5 -17.896
18.5 -17.066
18.5 -18.057
18.5 -17.504
18.5 -22.085
18.5 -19.803
18.5 -16.131
18.5 -17.253
18.5 -16.234
18.5 -19.121
18.5 -20.829
18.5 -16.998
18.5 -20.3
18.5 -17.067
18.5 -17.024
18.5 -14.734
18.5 -17.993
18.5 -20.653
18.5 -19.85
18.5 -16.671
18.5 -17.492
18.5 -14.132
18.5 -14.656
18.5 -18.643
18.5 -17.2
18.5 -20.256
18.5 -21.744
18.5 -19.202
18.5 -18.381
18.5 -19.674
18.5 -13.633
18.5 -16.251
18.5 -18.511
18.5 -15.191
18.5 -19.195
18.5 -21.461
18.5 -17.826
18.5 -16.315
18.5 -16.681
18.5 -16.866
18.5 -16.861
18.5 -15.899
18.5 -17.11
100
13.5 -39.74
13.5 -23.222
13.5 -21.426
14.0 -19.699
14.5 -21.267
14.5 -17.432
14.5 -23.329
15.5 -21.53
15.5 -19.886
15.5 -16.812
15.5 -19.878
15.5 -19.343
15.5 -16.807
15.5 -14.888
15.5 -17.032
15.5 -18.488
15.5 -16.355
15.5 -19.448
15.5 -17.371
15.5 -19.354
15.5 -14.643
15.5 -18.504
15.5 -18.075
15.5 -17.662
15.5 -16.86
15.5 -19.282
15.5 -15.556
15.5 -19.158
17.0 -19.113
17.0 -17.765
17.0 -15.182
17.0 -21.506
17.0 -17.317
17.0 -16.193
17.0 -16.035
17.0 -19.487
17.0 -19.817
17.0 -19.011
17.0 -16.728
17.0 -16.686
17.0 -21.963
17.0 -21.639
17.0 -19.32
17.0 -18.387
17.0 -16.587
17.0 -15.537
17.0 -18.698
17.0 -18.042
17.0 -21.256
17.0 -14.98
17.0 -18.216
17.0 -17.065
17.0 -18.558
17.0 -16.362
17.0 -15.872
17.0 -14.719
17.0 -15.265
17.0 -16.271
17.0 -20.445
17.0 -18.138
17.0 -18.702
17.0 -19.084
17.0 -18.509
17.0 -14.836
17.0 -20.277
17.0 -19.496
17.0 -18.853
17.0 -20.133
17.0 -16.236
17.0 -22.88
17.0 -17.278
17.0 -17.914
17.0 -20.679
17.0 -15.988
17.0 -19.382
17.0 -16.403
17.5 -16.276
17.5 -19.063
17.5 -18.224
17.5 -16.723
17.5 -21.053
17.5 -22.313
17.5 -17.792
17.5 -20.304
17.5 -18.14
17.5 -18.402
17.5 -17.339
17.5 -18.883
17.5 -14.784
17.5 -21.968
17.5 -17.226
17.5 -12.717
17.5 -18.725
17.5 -17.685
17.5 -17.95
17.5 -14.212
17.5 -17.127
17.5 -16.998
17.5 -22.719
17.5 -16.146

Individual: [1, 3, 4, 6, 13, 14, 17, 29, 36, 40, 41, 43, 48, 49, 50]
   Fitness: 18.5
     Total: 15
Violations: 4 4

Individual: [1, 5, 7, 11, 13, 14, 16, 19, 28, 30, 34, 35, 43, 45, 48, 50]
   Fitness: 19.0
     Total: 16
Violations: 5 4

Individual: [1, 2, 4, 10, 11, 14, 16, 22, 29, 33, 35, 38, 40, 44, 46, 49]
   Fitness: 18.0
     Total: 16
Violations: 6 5

Individual: [1, 2, 4, 7, 8, 18, 27, 30, 31, 34, 39, 43, 45, 48]
   Fitness: 18.0
     Total: 14
Violations: 3 3

Individual: [2, 3, 8, 10, 19, 23, 31, 33, 37, 38, 42, 45, 48, 49, 50]
   Fitness: 18.5
     Total: 15
Violations: 4 4

Individual: [1, 2, 4, 9, 11, 15, 17, 18, 20, 24, 37, 39, 40, 45, 48, 49]
   Fitness: 18.0
     Total: 16
Violations: 6 4

Individual: [2, 3, 4, 10, 11, 13, 15, 33, 34, 36, 37, 38, 44, 45, 46, 48, 49]
   Fitness: 19.5
     Total: 17
Violations: 6 6

Individual: [1, 3, 5, 6, 10, 12, 13, 22, 29, 32, 33, 39, 42, 47, 49, 50]
   Fitness: 19.0
     Total: 16
Violations: 5 4

Individual: [1, 2, 6, 7, 15, 17, 18, 20, 22, 25, 36, 40, 45, 48, 49]
   Fitness: 18.5
     Total: 15
Violations: 4 2

Individual: [2, 12, 15, 16, 26, 28, 34, 35, 38, 43, 46, 47, 49]
   Fitness: 17.5
     Total: 13
Violations: 2 2
