10
100
12.0 -36.994
13.0 -19.999
14.0 -14.148
14.5 -13.787
15.0 -12.401
15.0 -12.069
16.5 -11.433
16.5 -10.43
16.5 -11.4
16.5 -10.816
16.5 -9.818
17.0 -10.078
17.0 -11.066
17.0 -11.994
17.0 -10.399
17.0 -11.071
17.0 -11.11
17.0 -11.015
17.0 -11.205
17.0 -11.72
17.0 -11.995
17.0 -10.384
17.0 -11.155
17.0 -10.354
17.0 -10.328
17.0 -9.937
17.0 -8.086
17.0 -9.929
17.0 -9.781
17.0 -10.313
17.0 -10.721
17.0 -10.469
17.0 -11.231
17.0 -10.284
17.0 -11.556
17.0 -10.255
17.0 -11.044
17.0 -11.396
17.0 -11.411
17.0 -11.353
17.0 -9.493
17.0 -9.837
17.0 -9.262
17.0 -9.428
17.0 -10.127
17.0 -7.88
17.0 -9.549
17.0 -10.324
17.0 -10.562
17.0 -10.567
17.0 -11.033
17.0 -10.35
17.0 -10.637
17.0 -11.35
17.0 -10.526
17.0 -11.482
17.0 -11.71
17.0 -11.593
17.0 -11.334
17.0 -9.64
17.0 -9.944
17.0 -11.135
17.0 -11.53
17.0 -11.936
17.5 -9.958
17.5 -8.953
17.5 -9.89
17.5 -9.223
17.5 -9.696
17.5 -9.574
17.5 -10.608
17.5 -9.177
17.5 -10.476
17.5 -8.552
17.5 -8.005
17.5 -9.553
17.5 -9.183
17.5 -9.304
17.5 -9.876
17.5 -10.4
19.5 -9.255
19.5 -9.516
19.5 -9.26
19.5 -10.225
19.5 -9.553
19.5 -8.282
19.5 -9.702
19.5 -10.231
19.5 -8.689
19.5 -10.05
19.5 -10.601
19.5 -10.698
19.5 -10.429
19.5 -9.901
19.5 -9.81
19.5 -10.632
19.5 -9.65
19.5 -9.626
19.5 -9.708
19.5 -9.632
100
10.0 -37.752
12.0 -20.86
14.0 -18.023
14.5 -14.433
14.5 -13.255
15.5 -11.893
15.5 -12.457
15.5 -11.521
15.5 -10.596
16.0 -11.267
16.0 -9.314
18.0 -10.115
18.0 -9.271
18.0 -10.594
18.0 -11.355
18.0 -11.492
18.0 -10.654
18.0 -11.045
18.0 -10.988
18.0 -9.7
18.0 -9.789
18.0 -11.127
18.0 -10.658
18.0 -11.086
18.0 -9.944
18.0 -9.858
18.0 -10.385
18.0 -9.891
18.0 -9.539
18.0 -10.657
18.0 -9.925
18.0 -11.502
18.0 -10.711
18.0 -11.16
18.0 -9.417
18.0 -9.403
18.0 -9.643
18.0 -10.614
18.0 -9.409
18.0 -9.932
18.0 -9.727
18.0 -11.208
18.0 -10.234
18.0 -10.968
18.0 -10.517
18.0 -9.993
18.0 -9.98
18.0 -10.002
18.0 -8.861
18.0 -10.738
18.0 -11.344
18.0 -11.896
18.0 -11.04
18.0 -10.694
18.0 -9.481
18.0 -9.814
18.0 -9.893
18.0 -10.831
18.0 -11.93
18.0 -10.495
18.0 -9.727
18.0 -10.335
18.0 -8.081
18.0 -10.701
18.0 -10.366
18.0 -10.464
18.0 -10.879
18.0 -10.646
18.0 -10.063
18.0 -9.359
18.0 -9.803
18.0 -10.041
18.0 -10.147
18.0 -9.373
18.0 -10.009
18.0 -9.263
18.0 -10.152
18.0 -9.765
18.0 -10.808
18.0 -10.042
18.0 -10.11
18.0 -9.465
18.0 -9.681
18.0 -10.42
18.0 -11.914
18.0 -9.551
18.0 -9.774
18.0 -10.377
18.0 -11.142
18.0 -11.234
18.0 -11.628
18.0 -10.204
18.0 -9.461
18.0 -10.927
18.0 -10.882
18.0 -9.73
18.0 -9.511
18.0 -10.026
18.0 -8.865
18.0 -9.768
100
11.5 -37.069
11.5 -20.503
12.5 -14.72
13.0 -12.827
15.5 -12.55
16.0 -12.517
16.0 -10.94
16.0 -11.381
16.5 -10.929
16.5 -9.904
16.5 -10.688
17.0 -10.383
17.0 -9.821
17.0 -9.99
17.0 -9.547
17.5 -8.934
17.5 -10.262
17.5 -11.435
17.5 -10.895
17.5 -11.925
17.5 -9.886
17.5 -11.114
17.5 -11.461
17.5 -11.558
17.5 -9.942
17.5 -11.842
17.5 -11.065
17.5 -8.72
17.5 -10.221
17.5 -10.178
17.5 -10.474
17.5 -10.413
17.5 -10.099
17.5 -10.985
17.5 -9.779
17.5 -10.483
17.5 -10.328
17.5 -10.804
17.5 -11.061
17.5 -10.222
17.5 -10.644
17.5 -10.532
17.5 -10.242
17.5 -10.882
17.5 -8.704
17.5 -10.646
17.5 -10.96
17.5 -10.127
18.5 -10.344
18.5 -9.426
18.5 -9.875
18.5 -9.528
18.5 -8.589
18.5 -8.776
18.5 -10.063
18.5 -10.741
18.5 -10.527
18.5 -9.144
18.5 -10.226
18.5 -10.086
18.5 -9.837
18.5 -9.268
18.5 -10.84
18.5 -10.172
18.5 -9.222
18.5 -10.266
18.5 -11.792
18.5 -10.866
18.5 -11.323
18.5 -8.199
18.5 -9.307
18.5 -9.034
18.5 -8.367
18.5 -10.133
18.5 -10.703
18.5 -9.305
18.5 -9.615
18.5 -10.113
18.5 -8.487
18.5 -10.003
18.5 -9.088
18.5 -9.581
18.5 -8.28
18.5 -9.773
18.5 -9.772
18.5 -9.435
18.5 -9.078
18.5 -9.741
18.5 -10.514
18.5 -10.298
18.5 -10.092
18.5 -9.247
18.5 -9.431
18.5 -7.879
18.5 -10.697
18.5 -9.988
18.5 -9.869
18.5 -10.412
18.5 -9.539
18.5 -9.386
100
16.5 -37.424
16.5 -21.468
16.5 -17.649
16.5 -14.753
16.5 -12.593
16.5 -11.216
16.5 -12.535
16.5 -11.727
16.5 -11.508
16.5 -11.794
17.0 -11.045
17.0 -10.393
17.0 -10.929
17.0 -10.052
17.0 -10.704
17.0 -11.233
17.0 -11.053
17.0 -11.13
17.0 -10.164
17.0 -11.672
17.0 -11.934
17.0 -10.703
17.0 -9.856
17.0 -10.158
17.0 -9.892
17.0 -10.733
17.0 -10.505
17.0 -10.769
17.0 -10.333
17.0 -9.897
17.0 -11.265
17.0 -11.186
17.0 -9.892
17.0 -8.874
17.0 -10.703
17.0 -9.957
17.0 -9.896
17.0 -9.371
17.0 -10.004
17.0 -9.327
17.0 -10.287
17.0 -12.292
17.0 -10.734
17.0 -11.276
17.0 -11.752
17.0 -10.655
17.0 -11.347
17.0 -11.805
17.0 -10.301
17.0 -10.826
17.0 -11.91
17.0 -9.758
17.0 -10.032
17.0 -9.816
17.0 -9.564
17.0 -10.158
18.0 -10.476
18.0 -9.044
18.0 -8.578
18.0 -9.035
18.0 -10.024
18.0 -9.739
18.0 -10.711
18.0 -10.371
18.0 -11.027
18.0 -9.37
18.0 -9.922
18.0 -9.662
18.0 -10.196
18.0 -10.473
18.0 -9.309
18.0 -9.099
18.0 -11.175
18.0 -9.442
18.0 -9.689
18.0 -8.758
18.0 -10.005
18.0 -10.573
18.0 -9.376
18.0 -10.583
18.0 -9.825
18.0 -9.553
18.0 -9.9
18.0 -9.336
18.0 -9.334
18.0 -9.982
18.0 -10.632
18.0 -9.678
18.0 -9.363
18.0 -9.175
18.0 -9.391
18.0 -9.773
18.0 -9.375
18.0 -9.88
18.0 -10.257
18.0 -9.599
18.0 -10.502
18.0 -10.038
18.0 -8.901
18.0 -10.406
100
11.5 -37.247
13.5 -21.196
14.0 -16.735
14.0 -15.572
14.0 -14.108
14.0 -12.287
14.5 -12.32
16.0 -12.25
16.0 -13.119
16.0 -12.896
16.0 -12.902
16.0 -11.176
17.5 -10.765
17.5 -11.363
17.5 -9.265
17.5 -9.819
17.5 -10.683
17.5 -11.004
17.5 -10.671
17.5 -9.938
17.5 -10.693
17.5 -9.783
18.0 -11.625
18.0 -10.384
18.0 -9.853
18.0 -9.443
18.0 -10.434
18.0 -10.254
18.0 -11.971
18.0 -11.849
18.0 -10.825
18.0 -10.573
18.0 -10.689
18.0 -11.315
18.0 -11.941
18.0 -10.615
18.0 -9.648
18.0 -10.019
18.0 -11.028
18.0 -11.135
18.0 -11.62
18.0 -10.444
18.0 -9.931
18.0 -10.961
18.0 -11.215
18.0 -9.734
18.0 -10.971
18.0 -10.598
18.0 -12.072
18.0 -11.085
18.0 -9.481
18.0 -9.968
18.0 -10.915
18.0 -12.099
18.0 -10.664
18.0 -11.331
18.0 -10.396
18.0 -9.985
18.0 -9.751
18.0 -10.554
18.0 -11.197
18.0 -10.418
18.0 -10.401
18.0 -9.893
18.0 -9.513
18.0 -7.987
18.0 -9.117
18.0 -10.867
18.0 -10.084
18.0 -9.211
18.0 -9.553
18.0 -9.552
18.0 -9.77
18.0 -9.47
18.0 -9.923
18.0 -11.353
18.0 -8.481
18.0 -9.347
18.0 -8.745
18.0 -9.156
18.0 -10.016
18.0 -9.599
18.0 -10.997
18.0 -11.238
18.0 -10.722
18.0 -8.13
18.0 -7.664
18.0 -8.763
18.0 -8.858
18.0 -9.544
18.0 -10.937
18.0 -9.734
18.0 -10.457
18.0 -9.6
18.0 -9.414
18.0 -9.799
18.0 -9.266
18.0 -9.693
18.0 -9.968
18.0 -9.48
100
11.0 -35.992
18.0 -18.714
18.0 -13.465
18.0 -13.505
18.0 -12.122
18.0 -10.908
18.0 -11.602
18.0 -11.197
18.0 -10.422
18.0 -10.667
18.0 -11.297
18.0 -10.058
18.0 -10.038
18.0 -10.527
18.0 -10.967
18.0 -10.943
18.0 -11.117
18.0 -10.016
18.0 -10.979
18.0 -9.614
18.0 -9.098
18.0 -9.127
18.0 -10.643
18.0 -9.374
18.0 -10.009
18.0 -9.105
18.0 -11.225
18.0 -10.949
18.0 -10.185
18.0 -10.319
18.0 -9.59
18.0 -10.034
18.0 -9.981
18.0 -11.763
18.0 -10.578
18.0 -9.693
18.0 -9.857
18.0 -8.606
18.0 -9.192
18.0 -10.266
18.0 -9.43
18.0 -10.162
18.0 -9.423
18.0 -11.111
18.0 -10.903
18.0 -10.042
18.0 -8.856
18.0 -9.354
18.0 -9.564
18.0 -9.533
18.0 -9.544
18.0 -9.686
18.0 -11.543
18.0 -9.37
18.0 -9.799
18.0 -10.073
18.0 -8.696
18.0 -7.473
18.0 -9.496
18.0 -9.376
18.0 -10.91
18.0 -11.676
18.0 -10.356
18.0 -10.03
18.0 -9.229
18.0 -8.64
18.0 -9.108
18.0 -9.502
18.0 -9.476
18.0 -10.548
18.0 -11.092
18.0 -9.889
18.0 -9.75
18.0 -9.891
18.0 -10.301
18.0 -9.969
18.0 -11.508
18.0 -9.695
18.0 -9.625
18.0 -10.068
18.0 -8.931
18.0 -9.308
18.0 -9.897
18.0 -10.185
18.0 -8.508
18.0 -9.74
18.0 -8.928
18.0 -8.793
18.0 -10.103
18.0 -10.305
18.0 -7.898
18.0 -9.458
18.0 -9.285
18.0 -9.766
18.0 -10.717
18.0 -9.358
18.0 -9.104
18.0 -9.678
18.0 -9.539
18.0 -9.84
100
10.0 -37.737
10.0 -22.031
12.0 -17.578
13.5 -13.254
13.5 -13.238
17.5 -13.15
17.5 -10.889
17.5 -10.843
17.5 -10.24
17.5 -10.756
17.5 -11.226
17.5 -11.191
17.5 -10.568
17.5 -9.96
17.5 -9.453
17.5 -9.803
17.5 -11.189
17.5 -11.309
17.5 -10.48
17.5 -10.183
17.5 -11.478
17.5 -8.837
17.5 -10.346
17.5 -9.577
17.5 -8.7
17.5 -8.582
17.5 -11.473
17.5 -10.724
17.5 -10.005
17.5 -9.504
17.5 -8.536
17.5 -10.699
17.5 -9.937
17.5 -7.643
18.5 -7.774
18.5 -8.425
18.5 -8.71
18.5 -9.184
18.5 -9.785
18.5 -9.153
18.5 -9.926
18.5 -9.645
18.5 -10.226
18.5 -9.34
18.5 -9.045
18.5 -9.223
18.5 -9.336
18.5 -9.999
20.0 -10.174
20.0 -9.859
20.0 -11.233
20.0 -11.39
20.0 -11.048
20.0 -9.62
20.0 -10.294
20.0 -10.77
20.0 -10.382
20.0 -11.034
20.0 -10.191
20.0 -9.729
20.0 -9.304
20.0 -10.972
20.0 -10.022
20.0 -10.379
20.0 -12.048
20.0 -9.586
20.0 -10.962
20.0 -9.505
20.0 -9.477
20.0 -10.259
20.0 -9.744
20.0 -10.594
20.0 -8.514
20.0 -10.153
20.0 -8.864
20.0 -10.017
20.0 -10.067
20.0 -11.193
20.0 -10.05
20.0 -8.618
20.0 -9.696
20.0 -9.316
20.0 -9.604
20.0 -9.834
20.0 -10.61
20.0 -11.259
20.0 -10.186
20.0 -9.456
20.0 -10.281
20.0 -10.361
20.0 -10.105
20.0 -11.391
20.0 -10.197
20.0 -9.326
20.0 -10.904
20.0 -10.08
20.0 -8.868
20.0 -9.029
20.0 -9.677
20.0 -10.964
100
10.0 -37.671
13.0 -21.37
13.0 -15.879
14.5 -13.451
16.5 -12.019
16.5 -12.375
16.5 -11.321
16.5 -10.241
16.5 -10.855
16.5 -10.104
16.5 -10.437
16.5 -10.012
16.5 -11.082
16.5 -10.224
16.5 -8.781
16.5 -9.05
16.5 -10.187
16.5 -8.953
16.5 -8.086
16.5 -8.271
16.5 -9.555
16.5 -10.047
16.5 -9.688
16.5 -10.958
16.5 -9.872
16.5 -8.095
16.5 -11.302
16.5 -11.471
16.5 -9.331
16.5 -9.55
17.5 -10.867
17.5 -10.001
17.5 -8.423
17.5 -9.465
17.5 -9.984
17.5 -10.713
17.5 -9.791
17.5 -10.154
17.5 -8.677
17.5 -8.576
17.5 -9.735
17.5 -10.532
17.5 -11.391
17.5 -10.609
17.5 -10.999
18.0 -9.549
18.0 -11.402
18.0 -9.499
18.0 -9.649
18.0 -10.458
18.0 -10.266
18.0 -10.361
18.0 -8.669
18.0 -9.255
18.0 -10.12
18.0 -9.169
18.0 -10.043
18.0 -10.251
18.0 -9.893
18.0 -10.614
18.0 -8.911
18.0 -8.103
18.0 -9.752
18.0 -9.593
18.0 -8.496
18.0 -9.022
18.0 -8.898
18.0 -9.084
18.0 -10.857
18.0 -10.376
18.0 -10.531
18.0 -10.542
18.0 -11.444
18.0 -10.456
18.0 -9.771
18.0 -9.508
18.0 -10.288
18.0 -10.09
18.0 -9.64
18.0 -9.948
18.0 -11.153
18.0 -11.014
18.0 -9.145
18.0 -9.663
18.0 -10.79
18.0 -10.499
18.0 -9.498
18.0 -9.781
18.0 -11.653
18.0 -12.148
18.0 -9.67
18.0 -11.948
18.0 -11.2
18.0 -9.849
18.0 -8.41
18.0 -10.142
18.0 -9.64
18.0 -9.482
18.0 -10.184
18.0 -9.928
100
12.0 -36.439
15.0 -22.346
15.0 -16.341
16.0 -13.365
17.5 -12.503
17.5 -13.45
17.5 -13.877
17.5 -12.694
17.5 -12.202
17.5 -11.6
17.5 -11.936
17.5 -11.66
17.5 -11.423
17.5 -10.636
17.5 -10.553
17.5 -10.634
17.5 -11.301
17.5 -10.414
17.5 -10.219
17.5 -9.795
17.5 -10.393
17.5 -8.96
17.5 -9.498
17.5 -10.275
17.5 -11.152
17.5 -10.034
17.5 -10.939
17.5 -10.5
17.5 -10.491
17.5 -9.912
17.5 -10.226
17.5 -10.841
17.5 -10.511
17.5 -8.732
17.5 -10.543
17.5 -9.004
17.5 -9.507
17.5 -10.847
17.5 -10.842
17.5 -10.367
17.5 -10.19
17.5 -11.086
17.5 -11.843
18.0 -11.45
18.0 -10.3
18.0 -11.347
18.0 -10.295
18.0 -10.55
18.0 -11.764
18.0 -11.401
18.0 -11.39
18.0 -9.895
18.0 -9.915
18.0 -10.291
18.0 -9.273
18.0 -11.462
18.0 -10.192
18.0 -9.942
18.0 -10.111
18.0 -11.003
18.0 -9.545
18.0 -9.657
18.0 -9.476
18.0 -10.88
18.0 -9.115
18.0 -11.589
18.0 -10.528
18.0 -8.887
18.0 -9.81
18.0 -9.249
18.0 -9.749
18.0 -10.49
18.0 -9.731
18.0 -8.915
18.0 -9.737
18.0 -8.916
18.0 -11.199
18.0 -10.233
18.0 -10.128
18.0 -9.58
18.0 -9.537
18.0 -10.38
18.0 -9.602
18.0 -9.454
18.0 -11.595
18.0 -10.853
18.0 -9.958
18.0 -9.843
18.0 -10.751
18.0 -9.765
18.0 -8.796
18.0 -8.948
18.0 -9.232
18.0 -10.258
18.0 -7.81
18.0 -9.044
18.0 -9.493
18.0 -9.982
18.0 -9.414
18.0 -9.593
100
11.0 -38.956
13.5 -19.671
15.0 -16.072
15.0 -13.721
15.5 -12.599
15.5 -11.968
15.5 -12.438
15.5 -10.29
15.5 -11.653
15.5 -11.308
15.5 -10.881
18.5 -12.395
18.5 -9.946
18.5 -10.266
18.5 -10.793
18.5 -10.807
18.5 -10.995
18.5 -11.001
18.5 -10.552
18.5 -11.381
18.5 -9.579
18.5 -11.207
18.5 -10.308
18.5 -10.964
18.5 -11.51
18.5 -11.577
18.5 -10.864
18.5 -11.394
18.5 -10.345
18.5 -10.427
18.5 -11.097
18.5 -10.454
18.5 -10.248
18.5 -9.551
18.5 -10.162
18.5 -9.789
18.5 -11.198
18.5 -9.436
18.5 -9.617
18.5 -9.454
18.5 -12.021
18.5 -10.111
18.5 -10.504
18.5 -8.95
18.5 -9.341
18.5 -10.734
18.5 -11.079
18.5 -10.544
18.5 -9.827
18.5 -10.101
18.5 -10.478
18.5 -11.798
18.5 -12.423
18.5 -11.257
18.5 -11.955
18.5 -8.959
18.5 -10.412
18.5 -10.958
18.5 -9.998
18.5 -10.212
18.5 -10.499
18.5 -10.082
18.5 -9.666
18.5 -10.542
18.5 -9.552
18.5 -9.404
18.5 -8.968
18.5 -10.19
18.5 -10.025
18.5 -9.535
18.5 -10.046
18.5 -10.064
18.5 -9.792
18.5 -10.88
18.5 -10.154
18.5 -11.873
18.5 -9.897
18.5 -10.101
18.5 -9.892
18.5 -11.046
18.5 -10.171
18.5 -9.008
18.5 -11.445
18.5 -8.684
18.5 -10.447
18.5 -9.462
18.5 -10.154
18.5 -11.831
18.5 -10.666
18.5 -9.582
18.5 -10.547
18.5 -9.191
18.5 -10.104
18.5 -9.043
18.5 -9.89
18.5 -11.63
18.5 -9.654
18.5 -10.463
18.5 -9.65
18.5 -9.127

Individual: [1, 6, 8, 13, 14, 17, 19, 31, 34, 36, 37, 39, 44, 46, 50]
   Fitness: 19.5
     Total: 15
Violations: 3 3

Individual: [1, 4, 5, 9, 11, 15, 16, 32, 34, 43, 44, 46, 49, 50]
   Fitness: 18.0
     Total: 14
Violations: 3 3

Individual: [2, 4, 5, 10, 11, 13, 25, 31, 35, 38, 47, 48, 50]
   Fitness: 18.5
     Total: 13
Violations: 1 1

Individual: [1, 7, 10, 15, 16, 32, 34, 35, 37, 40, 44, 47, 49, 50]
   Fitness: 18.0
     Total: 14
Violations: 3 3

Individual: [1, 2, 4, 5, 11, 12, 15, 16, 19, 31, 38, 42, 43, 44, 47, 49]
   Fitness: 18.0
     Total: 16
Violations: 6 5

Individual: [1, 3, 7, 8, 12, 14, 27, 29, 30, 32, 34, 37, 43, 45, 48, 49]
   Fitness: 18.0
     Total: 16
Violations: 6 5

Individual: [2, 4, 6, 14, 16, 17, 19, 25, 38, 39, 42, 47, 49, 50]
   Fitness: 20.0
     Total: 14
Violations: 1 1

Individual: [1, 6, 7, 18, 19, 21, 33, 39, 40, 43, 49, 50]
   Fitness: 18.0
     Total: 12
Violations: 0 0

Individual: [1, 3, 6, 8, 12, 16, 19, 33, 34, 38, 39, 43, 46, 48]
   Fitness: 18.0
     Total: 14
Violations: 3 3

Individual: [1, 3, 4, 11, 13, 14, 26, 28, 29, 33, 36, 41, 45, 47, 50]
   Fitness: 18.5
     Total: 15
Violations: 4 3
