10
50
12.0 -37.204
12.5 -11.316
15.0 -1.101
18.0 5.123
18.5 8.592
19.5 10.194
19.5 11.455
20.0 12.038
20.5 12.704
20.5 13.162
20.5 13.425
22.0 13.788
22.0 14.289
22.0 14.345
22.0 14.85
22.0 14.634
22.0 15.127
23.5 14.874
23.5 15.183
24.0 15.499
24.0 15.963
24.0 15.884
24.0 15.946
24.0 16.239
24.0 16.593
24.0 16.342
24.0 16.622
24.0 16.724
24.0 16.684
24.0 17.313
24.0 17.202
24.0 17.273
24.0 17.208
24.0 17.283
24.0 17.146
24.0 17.366
24.0 17.654
24.0 17.78
24.0 18.367
24.0 18.354
24.0 17.972
24.5 18.211
24.5 18.052
24.5 18.341
24.5 18.24
24.5 18.056
24.5 18.288
24.5 17.838
24.5 17.84
24.5 17.87
50
11.0 -39.356
13.0 -12.021
18.0 0.149
18.5 6.244
18.5 8.973
18.5 10.521
19.0 12.153
20.0 13.159
20.0 13.388
20.0 13.747
21.0 13.883
21.0 14.054
21.0 14.169
22.0 14.678
22.0 14.842
22.0 15.004
22.0 15.026
22.0 14.995
22.0 15.422
22.0 15.516
23.0 15.668
23.0 16.215
23.0 16.195
23.0 16.128
23.0 16.114
23.5 16.27
23.5 16.367
24.0 16.674
24.0 16.741
24.0 16.841
24.0 17.04
24.0 16.707
24.0 16.893
24.0 17.054
24.0 17.424
24.0 17.311
24.0 17.487
24.0 17.483
24.0 17.624
24.0 17.829
24.0 17.967
24.0 17.874
24.0 17.786
24.0 17.697
24.0 17.724
24.0 17.945
24.0 18.055
24.0 18.285
24.0 18.333
24.0 18.061
50
9.5 -38.832
14.5 -11.596
19.0 -1.211
19.0 4.382
19.0 8.138
19.0 10.429
19.0 11.437
19.5 12.12
19.5 12.756
22.5 13.163
22.5 13.571
22.5 13.914
22.5 14.317
22.5 14.907
22.5 15.262
22.5 15.372
22.5 15.476
22.5 15.622
23.0 15.758
23.0 15.33
23.5 15.141
23.5 15.392
23.5 15.986
23.5 16.091
23.5 15.986
23.5 16.135
23.5 16.481
23.5 16.19
24.0 16.656
24.0 16.324
24.0 16.427
24.0 16.458
24.0 16.455
24.0 16.512
24.0 16.737
24.0 16.968
24.0 16.922
24.0 16.814
24.0 16.968
24.0 17.153
24.0 17.478
24.0 17.531
24.0 17.343
24.0 17.918
24.0 17.884
24.0 17.863
24.0 17.913
24.0 17.924
24.0 18.119
24.0 18.421
50
13.0 -34.525
15.5 -12.43
15.5 -1.01
16.5 5.709
17.0 9.238
17.5 10.538
18.0 11.847
20.0 12.677
20.0 13.14
20.0 13.503
20.0 13.711
20.0 13.902
20.0 14.093
20.0 14.263
21.0 14.308
21.0 14.092
21.0 14.734
21.5 14.84
22.0 14.713
22.5 14.81
22.5 15.202
22.5 15.132
22.5 15.437
22.5 15.346
22.5 15.727
23.0 15.823
23.0 16.086
23.0 15.921
23.0 15.897
23.5 16.199
24.0 16.129
24.0 15.97
24.0 16.343
24.0 16.628
24.0 16.817
24.0 16.956
24.0 16.752
24.0 17.04
24.0 16.943
24.0 17.238
24.0 17.228
24.0 16.919
24.0 16.956
24.0 17.222
24.0 17.495
24.0 17.596
24.0 17.551
24.0 17.076
24.0 17.0
24.0 17.1
50
10.0 -35.23
13.5 -11.987
15.5 -1.02
16.5 4.563
17.0 8.395
17.0 10.281
19.0 11.163
19.5 12.066
20.0 12.592
20.0 12.791
20.0 13.166
20.0 13.635
20.5 13.952
20.5 13.776
21.0 13.695
21.0 14.286
21.5 14.835
21.5 14.739
21.5 15.079
22.0 15.361
22.0 15.227
22.0 15.353
22.0 15.649
22.0 15.78
22.5 15.823
23.0 15.869
23.0 16.205
24.0 16.3
24.0 16.348
24.0 16.473
24.0 16.494
24.0 16.511
24.0 16.186
24.0 16.746
24.0 16.953
24.0 17.218
24.0 17.189
24.0 17.334
24.0 17.59
24.0 17.036
24.0 17.017
24.0 17.251
24.0 16.937
24.0 17.381
24.0 17.326
24.0 17.249
24.0 17.364
24.0 17.45
24.0 17.508
24.0 17.538
50
12.0 -36.233
15.5 -10.93
17.0 0.729
17.0 6.552
17.0 9.21
18.5 11.149
18.5 12.084
19.5 12.565
19.5 13.104
19.5 13.353
21.0 13.768
21.5 13.859
21.5 14.169
21.5 14.164
21.5 14.027
21.5 14.349
21.5 14.339
21.5 14.559
21.5 14.616
21.5 14.89
21.5 15.111
21.5 15.102
21.5 15.176
21.5 15.411
22.0 15.426
22.5 15.564
23.0 15.608
23.0 15.584
23.0 15.93
23.0 15.758
23.0 16.017
24.0 16.323
24.0 16.422
24.0 16.679
24.0 16.817
24.0 16.704
24.0 16.639
24.0 16.849
24.0 17.03
24.0 17.023
24.0 16.94
24.0 16.982
24.0 16.927
24.0 17.269
24.0 17.292
24.0 17.556
24.0 17.653
24.0 17.847
24.0 17.447
24.0 17.543
50
13.0 -37.832
15.5 -12.938
15.5 -2.495
17.5 3.337
18.0 7.961
18.5 10.298
21.5 11.485
21.5 12.139
21.5 12.701
21.5 13.046
21.5 13.268
21.5 13.564
21.5 13.677
21.5 13.731
21.5 13.96
21.5 14.178
21.5 14.324
21.5 14.681
21.5 14.655
21.5 14.638
21.5 14.672
21.5 14.629
21.5 14.998
21.5 15.322
21.5 15.266
23.0 15.067
23.0 15.52
23.0 15.599
23.0 15.675
23.0 15.627
23.5 15.675
24.0 16.169
24.0 16.19
24.0 16.162
24.0 16.389
24.0 16.521
24.5 16.356
24.5 16.754
24.5 16.735
24.5 16.675
24.5 16.958
24.5 16.922
24.5 16.888
24.5 17.005
24.5 17.178
24.5 17.753
24.5 17.709
24.5 17.569
24.5 17.672
24.5 17.783
50
12.0 -38.342
15.5 -11.556
15.5 -1.652
15.5 4.484
16.5 8.145
17.5 10.381
18.5 11.362
20.0 11.831
20.0 12.524
20.0 12.813
21.0 12.972
21.0 13.232
21.0 13.317
21.0 13.842
22.0 13.579
22.0 14.0
22.0 13.916
22.0 13.681
22.0 14.249
22.0 14.655
22.0 14.635
22.0 14.937
22.0 14.703
23.5 14.921
23.5 15.015
23.5 15.345
24.0 15.676
24.0 15.549
24.0 16.134
24.0 15.962
24.0 16.225
24.0 16.298
24.0 16.458
24.0 16.694
24.0 16.681
24.0 16.774
24.0 17.079
24.0 17.11
24.0 17.463
24.0 17.244
24.0 17.13
24.0 17.229
24.0 17.325
24.0 17.206
24.0 17.537
24.0 17.57
24.0 17.367
24.0 17.272
24.0 17.766
24.0 17.53
50
13.5 -37.625
16.5 -13.826
16.5 -2.673
16.5 3.508
17.5 7.656
17.5 10.51
18.0 11.431
18.5 11.956
19.0 12.564
21.0 12.814
21.0 13.226
21.0 13.329
21.5 13.794
21.5 13.805
21.5 14.502
22.0 14.95
22.5 14.957
23.5 15.432
23.5 15.887
24.0 16.172
24.0 16.731
24.0 16.817
24.0 17.275
24.0 17.284
24.0 17.304
24.0 17.554
24.0 17.568
24.0 17.475
24.0 17.177
24.0 17.353
24.0 17.559
24.0 17.44
24.0 17.914
24.0 17.869
24.0 17.972
24.0 18.004
24.0 18.229
24.0 18.218
24.0 18.076
24.0 17.948
24.0 17.599
24.0 18.038
24.5 17.591
24.5 18.232
24.5 18.18
24.5 18.21
24.5 18.665
24.5 18.435
24.5 18.253
24.5 18.057
50
13.5 -34.934
14.5 -11.216
15.5 -1.384
17.5 5.464
20.0 8.713
20.0 10.806
20.0 11.828
20.0 13.04
20.0 13.295
20.0 13.727
20.0 14.086
21.5 14.168
21.5 14.304
21.5 14.358
21.5 14.346
22.0 14.649
22.0 14.704
22.0 14.868
22.0 14.98
22.0 14.826
22.0 14.647
22.0 15.037
22.5 15.229
23.5 15.439
23.5 15.806
23.5 15.811
23.5 15.756
23.5 15.98
24.0 16.214
24.0 16.217
24.0 16.296
24.0 16.364
24.0 16.515
24.0 16.299
24.0 16.383
24.0 16.568
24.0 16.5
24.0 16.579
24.0 16.547
24.0 16.867
24.0 16.693
24.0 17.15
24.5 17.447
24.5 17.204
24.5 17.097
24.5 17.297
24.5 17.303
24.5 17.465
24.5 17.585
24.5 17.6

Individual: [1, 2, 4, 5, 10, 11, 13, 14, 29, 33, 35, 36, 38, 45, 46, 49, 50]
   Fitness: 24.5
     Total: 17
Violations: 1 1

Individual: [1, 2, 4, 5, 11, 12, 14, 15, 33, 37, 39, 40, 42, 46, 48, 49]
   Fitness: 24.0
     Total: 16
Violations: 0 0

Individual: [1, 2, 7, 8, 10, 11, 16, 17, 35, 36, 39, 40, 46, 47, 49, 50]
   Fitness: 24.0
     Total: 16
Violations: 0 0

Individual: [1, 2, 4, 5, 10, 11, 13, 14, 32, 36, 37, 39, 44, 45, 47, 48]
   Fitness: 24.0
     Total: 16
Violations: 0 0

Individual: [2, 3, 5, 6, 12, 13, 15, 16, 36, 37, 39, 40, 45, 46, 48, 49]
   Fitness: 24.0
     Total: 16
Violations: 0 0

Individual: [1, 3, 4, 6, 12, 13, 16, 17, 34, 36, 37, 39, 43, 45, 46, 48]
   Fitness: 24.0
     Total: 16
Violations: 0 0

Individual: [1, 2, 4, 8, 10, 11, 13, 17, 27, 34, 35, 38, 39, 45, 47, 48, 50]
   Fitness: 24.5
     Total: 17
Violations: 1 1

Individual: [1, 2, 4, 5, 11, 12, 14, 15, 34, 35, 37, 38, 46, 47, 49, 50]
   Fitness: 24.0
     Total: 16
Violations: 0 0

Individual: [1, 4, 5, 8, 13, 14, 16, 17, 19, 35, 36, 39, 40, 46, 47, 49, 50]
   Fitness: 24.5
     Total: 17
Violations: 1 1

Individual: [2, 3, 5, 6, 11, 12, 14, 15, 33, 34, 36, 37, 39, 46, 47, 49, 50]
   Fitness: 24.5
     Total: 17
Violations: 1 1
