10
50
11.0 -38.664
14.0 -15.671
17.5 -11.096
17.5 -8.765
17.5 -8.887
17.5 -7.775
17.5 -7.284
17.5 -6.176
17.5 -7.224
17.5 -6.175
17.5 -7.632
17.5 -5.8
17.5 -6.773
17.5 -5.923
17.5 -6.492
19.0 -6.782
19.0 -6.521
19.0 -6.296
19.0 -6.737
19.0 -4.841
19.0 -5.212
19.0 -5.945
19.0 -5.75
19.0 -7.508
19.0 -5.672
19.0 -6.15
19.0 -5.855
19.0 -6.609
19.0 -5.917
19.0 -5.664
19.0 -5.863
19.0 -6.839
19.0 -6.875
19.0 -6.549
19.0 -6.246
19.0 -6.385
19.0 -7.017
19.0 -6.121
19.0 -5.974
19.0 -5.407
19.0 -6.008
19.0 -6.727
19.0 -5.829
19.0 -5.751
19.0 -6.033
19.0 -5.307
19.0 -5.668
19.0 -6.384
19.0 -5.492
19.0 -5.291
50
13.5 -38.914
14.0 -16.349
16.0 -12.374
16.0 -9.344
17.0 -7.928
17.0 -8.554
17.0 -7.4
17.0 -7.198
17.0 -7.462
19.5 -8.279
19.5 -6.19
19.5 -6.578
19.5 -8.53
19.5 -6.158
19.5 -6.996
19.5 -6.27
19.5 -6.427
19.5 -5.657
19.5 -6.812
19.5 -6.329
19.5 -6.054
19.5 -5.913
19.5 -6.829
19.5 -6.28
19.5 -5.589
19.5 -7.046
19.5 -5.028
19.5 -6.402
19.5 -7.185
19.5 -6.294
19.5 -6.288
19.5 -5.611
19.5 -6.97
19.5 -5.61
19.5 -6.959
19.5 -5.664
19.5 -5.948
19.5 -6.211
19.5 -7.702
19.5 -8.37
19.5 -6.345
19.5 -6.604
19.5 -4.878
19.5 -5.883
19.5 -5.633
19.5 -6.837
19.5 -6.214
19.5 -4.854
19.5 -5.783
19.5 -6.336
50
13.5 -37.629
15.0 -17.239
15.0 -12.061
15.0 -11.319
16.0 -9.862
16.0 -7.789
16.0 -7.257
16.0 -6.64
16.0 -6.39
16.0 -7.964
16.0 -5.547
17.0 -6.356
17.0 -7.073
17.0 -7.056
17.0 -6.025
17.0 -5.959
18.5 -5.924
18.5 -6.257
18.5 -7.096
18.5 -7.96
18.5 -7.308
18.5 -6.634
18.5 -7.574
18.5 -6.052
18.5 -5.423
18.5 -7.469
18.5 -7.58
18.5 -5.643
18.5 -5.012
18.5 -5.716
18.5 -5.575
18.5 -6.308
18.5 -7.052
18.5 -8.824
18.5 -5.427
18.5 -6.623
18.5 -7.42
18.5 -6.564
18.5 -5.789
18.5 -5.68
18.5 -6.639
18.5 -6.561
18.5 -5.915
18.5 -6.652
18.5 -5.682
18.5 -5.07
18.5 -7.382
18.5 -5.669
18.5 -6.277
18.5 -5.834
50
11.0 -37.255
14.0 -17.849
14.0 -12.896
18.5 -8.202
18.5 -8.786
18.5 -7.504
18.5 -7.333
18.5 -6.873
18.5 -6.484
18.5 -7.179
18.5 -8.527
18.5 -6.079
18.5 -6.559
18.5 -7.56
18.5 -6.701
18.5 -6.198
18.5 -5.419
18.5 -5.797
18.5 -4.488
18.5 -5.743
18.5 -8.079
18.5 -7.178
18.5 -7.424
18.5 -6.762
18.5 -6.989
18.5 -6.784
18.5 -7.76
18.5 -7.043
18.5 -6.89
18.5 -5.88
18.5 -6.468
18.5 -4.834
18.5 -5.936
18.5 -5.836
18.5 -6.879
18.5 -6.654
18.5 -8.625
18.5 -5.913
18.5 -6.149
18.5 -6.849
18.5 -6.893
18.5 -6.555
18.5 -6.074
18.5 -7.19
18.5 -7.794
18.5 -6.211
18.5 -6.544
18.5 -6.93
18.5 -5.671
18.5 -6.221
50
11.5 -37.081
16.0 -16.134
16.0 -12.235
17.0 -9.845
17.0 -9.441
17.0 -9.743
17.0 -6.944
17.0 -7.408
17.0 -7.339
17.0 -7.886
17.0 -8.233
17.0 -6.926
17.0 -7.271
18.5 -7.475
18.5 -5.36
18.5 -6.145
18.5 -7.247
18.5 -6.055
18.5 -6.822
18.5 -5.954
18.5 -6.97
18.5 -6.406
18.5 -6.498
18.5 -6.2
18.5 -6.882
18.5 -6.866
18.5 -6.716
18.5 -7.313
18.5 -6.81
18.5 -6.362
18.5 -7.15
18.5 -8.022
18.5 -6.634
18.5 -6.991
18.5 -6.72
18.5 -5.915
18.5 -6.208
18.5 -6.687
18.5 -5.913
18.5 -5.237
18.5 -5.771
18.5 -6.122
18.5 -6.107
18.5 -5.594
18.5 -5.593
18.5 -6.44
18.5 -6.461
18.5 -6.209
18.5 -5.946
18.5 -5.715
50
9.5 -37.016
13.0 -15.752
15.0 -13.381
15.0 -9.438
16.0 -8.481
16.0 -7.663
16.5 -7.684
16.5 -8.005
16.5 -7.599
16.5 -7.762
17.5 -7.254
17.5 -6.373
17.5 -7.093
17.5 -6.863
17.5 -6.386
17.5 -6.017
17.5 -6.822
17.5 -5.858
17.5 -5.657
17.5 -7.137
17.5 -6.177
18.0 -6.663
18.0 -7.698
18.0 -7.345
18.0 -5.275
18.0 -6.666
18.0 -6.927
18.0 -6.267
18.0 -6.601
18.0 -7.664
18.0 -6.588
18.0 -7.731
18.0 -5.927
18.0 -6.71
18.0 -5.73
18.0 -6.306
18.0 -6.985
18.0 -7.189
18.0 -6.065
18.0 -5.01
18.0 -6.182
18.0 -6.457
18.0 -7.323
18.0 -7.333
18.0 -5.964
18.0 -7.183
18.0 -7.015
18.0 -7.004
18.0 -6.319
18.0 -6.611
50
11.5 -37.162
16.0 -16.283
16.0 -12.562
16.0 -9.7
18.5 -9.239
18.5 -7.52
18.5 -7.812
18.5 -6.838
18.5 -7.443
18.5 -6.555
18.5 -6.685
18.5 -5.526
18.5 -7.594
18.5 -6.908
18.5 -4.707
18.5 -6.099
18.5 -6.732
18.5 -6.122
18.5 -5.73
18.5 -5.744
18.5 -6.553
18.5 -5.008
18.5 -6.248
18.5 -6.087
18.5 -6.709
18.5 -5.868
18.5 -6.529
18.5 -6.033
18.5 -6.942
18.5 -6.369
18.5 -5.907
18.5 -6.078
18.5 -6.946
18.5 -5.528
18.5 -5.785
18.5 -5.479
18.5 -5.438
19.5 -5.713
19.5 -5.409
19.5 -5.965
19.5 -5.484
19.5 -5.762
19.5 -5.673
19.5 -5.727
19.5 -5.737
19.5 -4.664
19.5 -5.673
19.5 -6.597
19.5 -6.614
19.5 -6.347
50
9.5 -35.783
14.5 -17.557
14.5 -13.013
14.5 -11.171
14.5 -9.149
16.0 -9.234
16.5 -9.031
16.5 -7.399
19.0 -6.987
19.0 -6.483
19.0 -5.739
19.0 -7.73
19.0 -7.877
19.0 -6.922
19.0 -5.788
19.0 -4.239
19.0 -5.024
19.0 -5.117
19.0 -6.226
19.0 -5.499
19.0 -7.303
19.0 -6.279
19.0 -6.554
19.0 -5.735
19.0 -5.286
19.0 -5.786
19.0 -6.162
19.0 -6.758
19.0 -6.364
19.0 -6.677
19.0 -6.008
19.0 -6.043
19.0 -5.321
19.0 -5.967
19.0 -5.508
19.0 -6.051
19.0 -5.513
19.0 -5.419
19.0 -5.533
19.0 -5.505
19.0 -6.215
19.0 -5.897
19.0 -5.192
19.0 -5.864
20.0 -5.992
20.0 -5.064
20.0 -5.783
20.0 -4.758
20.0 -6.296
20.0 -5.869
50
9.0 -38.289
13.5 -18.138
15.5 -10.719
15.5 -10.331
15.5 -9.126
15.5 -8.44
15.5 -6.401
17.5 -6.479
18.5 -6.458
18.5 -6.809
18.5 -6.773
18.5 -6.532
18.5 -6.164
18.5 -5.878
18.5 -5.947
18.5 -5.343
18.5 -6.424
18.5 -5.965
18.5 -5.608
18.5 -5.414
18.5 -4.458
18.5 -5.771
18.5 -6.072
18.5 -5.782
18.5 -5.123
18.5 -6.938
18.5 -5.536
18.5 -5.505
18.5 -5.991
18.5 -5.692
18.5 -4.471
18.5 -6.977
18.5 -6.451
18.5 -7.125
18.5 -7.95
18.5 -7.796
18.5 -6.869
18.5 -5.185
18.5 -6.474
18.5 -6.036
18.5 -5.842
18.5 -6.883
18.5 -6.084
18.5 -7.82
18.5 -6.239
18.5 -5.818
18.5 -6.431
18.5 -6.557
18.5 -6.422
18.5 -5.679
50
11.5 -36.498
14.5 -16.615
16.0 -12.75
16.0 -11.421
16.0 -9.331
16.0 -8.503
16.0 -6.288
16.0 -7.387
16.5 -6.382
16.5 -6.831
16.5 -8.013
16.5 -7.118
16.5 -7.354
16.5 -7.17
16.5 -6.603
16.5 -6.62
16.5 -7.405
16.5 -7.658
16.5 -6.657
16.5 -6.693
16.5 -5.17
16.5 -4.33
17.5 -5.736
17.5 -6.69
17.5 -6.866
17.5 -4.69
17.5 -5.885
17.5 -6.816
17.5 -6.634
17.5 -7.652
17.5 -7.168
17.5 -6.857
17.5 -6.234
17.5 -5.813
17.5 -4.238
17.5 -6.526
17.5 -5.832
17.5 -6.525
17.5 -6.274
17.5 -5.061
17.5 -6.266
17.5 -5.972
17.5 -7.236
17.5 -6.971
17.5 -5.744
19.5 -4.565
19.5 -5.711
19.5 -4.82
19.5 -6.654
19.5 -7.192

Individual: [3, 5, 6, 12, 13, 16, 29, 33, 35, 36, 44, 45, 48, 49]
   Fitness: 19.0
     Total: 14
Violations: 2 2

Individual: [5, 7, 8, 10, 11, 18, 19, 21, 36, 37, 38, 41, 47, 49, 50]
   Fitness: 19.5
     Total: 15
Violations: 3 3

Individual: [1, 2, 4, 5, 14, 15, 17, 20, 22, 32, 37, 43, 45, 48, 50]
   Fitness: 18.5
     Total: 15
Violations: 4 3

Individual: [1, 2, 6, 8, 12, 14, 15, 17, 30, 31, 34, 36, 39, 41, 44, 46, 50]
   Fitness: 18.5
     Total: 17
Violations: 7 6

Individual: [1, 10, 14, 15, 16, 21, 33, 34, 36, 37, 39, 42, 46, 48, 49]
   Fitness: 18.5
     Total: 15
Violations: 4 4

Individual: [4, 7, 12, 14, 18, 19, 27, 35, 37, 41, 42, 46, 48, 49]
   Fitness: 18.0
     Total: 14
Violations: 3 2

Individual: [1, 5, 7, 12, 13, 18, 21, 27, 34, 38, 39, 43, 45, 46, 48]
   Fitness: 19.5
     Total: 15
Violations: 3 3

Individual: [2, 3, 5, 6, 12, 14, 15, 20, 23, 29, 39, 40, 42, 45, 47, 48]
   Fitness: 20.0
     Total: 16
Violations: 4 4

Individual: [1, 2, 3, 5, 6, 13, 22, 30, 34, 36, 39, 40, 45, 48, 49]
   Fitness: 18.5
     Total: 15
Violations: 4 4

Individual: [1, 2, 5, 7, 8, 10, 11, 29, 30, 32, 33, 40, 41, 42, 45]
   Fitness: 19.5
     Total: 15
Violations: 3 3
