10
100
-41.5 -231.134
-26.0 -163.105
-22.5 -115.215
-5.5 -80.796
12.0 -54.653
12.5 -32.81
14.5 -17.364
19.5 -6.578
21.0 1.805
22.5 7.713
24.5 12.677
25.0 15.403
26.0 17.579
27.5 18.832
28.0 19.951
28.5 20.74
28.5 21.462
30.0 22.147
30.5 22.719
30.5 23.228
30.5 23.177
30.5 23.583
30.5 23.577
31.5 24.148
31.5 24.699
31.5 25.119
32.0 25.242
32.0 25.565
32.5 26.223
32.5 26.61
32.5 27.42
33.0 27.672
33.0 28.173
34.0 28.513
34.0 28.737
34.5 29.173
34.5 29.24
34.5 29.362
35.0 29.456
35.5 29.926
35.5 29.921
35.5 30.199
35.5 30.482
35.5 30.462
36.0 30.38
36.0 30.816
36.0 31.134
36.0 31.07
36.0 31.464
36.0 31.393
36.0 31.566
36.0 31.724
36.0 31.808
36.0 32.002
36.0 32.124
36.0 32.448
36.0 32.324
36.0 32.321
36.0 32.169
36.0 31.78
36.0 32.019
36.0 32.07
36.0 31.817
36.0 32.125
36.0 32.287
36.0 32.141
36.0 32.155
36.0 32.027
36.0 32.28
36.0 32.107
36.0 32.409
36.0 32.542
36.0 32.135
36.0 31.951
36.0 32.131
36.0 32.261
36.0 32.453
36.0 32.262
36.0 32.193
36.0 32.141
36.0 32.451
36.0 32.432
36.0 32.299
36.0 32.037
36.0 32.049
36.0 31.888
36.0 31.884
36.0 32.422
36.0 32.119
36.0 32.034
36.0 32.078
36.0 32.15
36.0 32.093
36.0 32.47
36.0 32.204
36.0 32.451
36.0 32.186
36.0 32.008
36.0 31.872
36.0 31.834
100
-68.5 -236.774
-22.5 -155.261
-22.0 -110.653
-2.0 -80.339
-2.0 -58.524
5.0 -37.466
18.0 -22.582
20.0 -10.265
21.5 -1.338
22.5 5.355
22.5 10.145
24.0 13.581
26.0 15.743
27.0 16.986
27.0 18.471
27.0 19.208
28.0 20.02
28.0 20.959
28.5 21.493
29.0 22.18
29.0 22.712
29.5 23.107
29.5 23.237
29.5 23.661
31.0 24.085
31.0 24.526
31.5 24.555
31.5 25.201
32.5 25.563
32.5 25.823
32.5 25.966
34.5 26.457
34.5 26.723
34.5 27.41
34.5 27.248
34.5 27.447
34.5 28.253
34.5 28.539
36.0 29.269
36.0 29.993
36.0 30.637
36.0 31.115
36.0 31.629
36.0 31.645
36.0 31.618
36.0 31.604
36.0 32.157
36.0 32.074
36.0 32.209
36.0 32.282
36.0 32.394
36.0 32.268
36.0 32.353
36.0 32.276
36.0 32.455
36.0 32.941
36.0 32.544
36.0 32.761
36.0 32.875
36.0 32.658
36.0 32.585
36.0 32.565
36.0 32.591
36.0 32.664
36.0 32.675
36.0 32.592
36.0 32.491
36.0 32.599
36.0 32.791
36.0 32.842
36.0 32.68
36.0 32.59
36.0 32.761
36.0 32.855
36.0 32.808
36.0 32.624
36.0 32.65
36.0 32.424
36.0 32.558
36.0 32.657
36.0 32.604
36.0 32.548
36.0 32.849
36.0 32.771
36.0 32.513
36.0 32.718
36.0 32.519
36.0 32.742
36.0 32.49
36.0 32.17
36.0 31.989
36.0 32.302
36.0 32.52
36.0 32.432
36.0 32.597
36.0 32.363
36.0 32.45
36.0 32.546
36.0 32.508
36.0 32.449
100
-31.5 -231.483
-24.5 -154.864
-10.0 -105.215
-1.5 -72.148
3.5 -46.354
19.0 -29.343
19.0 -15.793
19.0 -5.015
21.5 2.762
25.0 8.191
25.0 12.326
25.5 15.513
26.5 17.073
26.5 18.624
27.5 19.878
27.5 20.43
27.5 21.387
28.5 21.619
28.5 22.408
28.5 23.013
30.0 23.633
30.5 23.986
31.0 24.101
31.0 24.618
31.5 25.056
33.0 25.898
33.0 26.264
33.0 26.642
33.5 27.132
33.5 27.704
33.5 27.935
34.0 28.241
34.0 28.649
34.0 29.038
34.5 29.357
35.0 29.963
35.0 30.066
35.0 30.184
35.5 30.503
35.5 30.67
35.5 31.084
35.5 30.764
35.5 30.948
35.5 30.997
35.5 31.119
35.5 31.445
35.5 31.709
35.5 31.672
35.5 31.983
35.5 31.907
35.5 32.139
35.5 32.129
35.5 32.111
35.5 32.172
35.5 32.208
35.5 32.082
35.5 32.481
35.5 32.147
35.5 32.206
35.5 32.021
35.5 32.079
35.5 31.974
35.5 32.313
35.5 32.278
35.5 32.225
35.5 32.411
35.5 32.017
35.5 32.19
35.5 32.201
35.5 32.027
35.5 31.987
35.5 32.291
35.5 32.339
35.5 32.451
35.5 32.365
35.5 32.323
35.5 32.34
35.5 32.185
35.5 32.268
35.5 32.364
35.5 32.227
35.5 32.14
35.5 32.44
35.5 32.334
35.5 32.163
35.5 32.239
35.5 32.226
35.5 32.177
35.5 32.452
35.5 32.438
35.5 32.26
35.5 32.006
35.5 32.206
35.5 32.276
35.5 32.497
35.5 32.589
35.5 32.386
35.5 32.008
35.5 32.502
35.5 32.595
100
-39.0 -229.073
-24.0 -159.7
-18.0 -116.424
-18.0 -81.419
-5.0 -55.182
3.0 -38.98
12.5 -26.195
14.0 -14.573
17.5 -5.519
20.0 0.441
23.0 6.305
27.0 10.4
27.0 13.215
27.0 15.427
27.0 17.201
28.5 18.471
28.5 19.416
28.5 20.569
28.5 20.825
31.0 21.339
31.0 21.906
31.0 22.468
31.0 22.914
31.0 23.112
31.0 23.163
31.0 23.667
32.5 23.824
32.5 24.046
32.5 24.307
32.5 24.517
33.0 25.092
33.0 25.524
33.0 25.949
33.5 26.251
33.5 26.572
33.5 26.861
34.0 27.335
34.0 27.362
34.0 28.19
34.0 28.284
34.0 28.69
34.0 29.179
34.5 29.223
34.5 29.5
34.5 29.969
34.5 29.902
34.5 29.892
34.5 30.135
35.0 30.35
35.0 30.315
35.0 30.585
35.0 30.649
35.0 30.874
35.0 31.273
35.5 31.318
35.5 31.181
35.5 31.149
35.5 31.567
35.5 31.623
35.5 31.511
35.5 31.746
35.5 31.913
35.5 32.239
35.5 32.165
35.5 32.424
35.5 32.093
35.5 32.168
35.5 32.489
35.5 32.121
35.5 32.215
35.5 31.914
35.5 31.852
35.5 31.769
35.5 31.785
35.5 32.031
35.5 31.888
35.5 32.134
35.5 31.885
35.5 32.245
35.5 31.829
35.5 32.04
35.5 32.092
35.5 32.068
35.5 32.309
35.5 32.145
35.5 32.146
35.5 32.37
35.5 32.312
35.5 31.943
35.5 32.064
35.5 32.116
35.5 32.05
35.5 32.342
35.5 32.28
35.5 32.53
35.5 32.506
35.5 32.337
35.5 32.347
35.5 32.337
35.5 32.008
100
-35.5 -228.798
-29.5 -154.358
-17.0 -107.059
-0.5 -74.61
0.0 -52.119
5.5 -35.021
10.0 -22.457
15.0 -12.402
15.0 -5.003
19.0 0.987
22.0 5.407
22.0 8.596
22.5 11.494
23.5 14.169
24.0 15.596
27.0 16.994
28.5 18.491
28.5 19.539
28.5 20.416
28.5 21.206
28.5 21.352
28.5 22.269
28.5 22.606
29.0 22.962
30.0 22.801
30.5 22.909
30.5 23.084
30.5 23.404
30.5 23.383
31.5 23.92
31.5 23.91
31.5 24.887
31.5 25.519
31.5 26.117
31.5 26.843
31.5 26.961
32.0 27.287
32.0 27.558
32.5 27.825
32.5 27.818
32.5 27.942
33.0 27.777
33.0 27.771
33.0 27.832
33.0 28.206
33.0 28.161
33.0 28.374
34.0 28.244
34.0 28.304
34.0 28.675
34.0 28.322
34.0 28.472
34.0 28.6
34.0 28.765
34.0 28.963
34.0 29.249
34.0 29.211
34.5 29.485
34.5 29.782
34.5 29.914
34.5 30.093
34.5 30.204
34.5 30.439
34.5 30.353
34.5 30.396
34.5 30.572
34.5 30.538
34.5 31.044
34.5 30.74
34.5 30.556
34.5 30.467
34.5 30.83
35.5 30.736
35.5 30.624
35.5 31.06
35.5 31.215
35.5 31.194
35.5 31.133
35.5 30.885
35.5 31.101
35.5 31.537
35.5 31.669
35.5 31.448
35.5 31.485
35.5 31.601
35.5 31.828
35.5 31.754
35.5 31.623
35.5 31.604
35.5 31.899
35.5 31.907
35.5 32.081
35.5 31.964
35.5 31.971
35.5 31.948
35.5 32.005
35.5 32.105
35.5 32.009
35.5 32.055
35.5 31.918
100
-36.0 -234.775
-28.0 -164.164
-11.5 -115.54
-11.5 -79.807
-2.5 -56.161
2.0 -40.27
18.5 -26.227
19.0 -13.976
19.0 -4.692
21.5 2.146
24.0 7.494
24.0 11.455
24.0 14.413
25.5 16.649
26.5 18.259
26.5 19.261
26.5 20.032
27.0 20.47
27.5 21.106
27.5 21.931
29.0 22.221
29.0 22.951
29.0 23.456
29.5 24.156
32.5 24.299
32.5 24.931
32.5 24.811
32.5 25.257
32.5 25.722
32.5 26.033
32.5 26.401
32.5 26.464
32.5 26.589
33.0 26.778
33.5 26.916
34.0 27.068
34.0 27.446
34.5 27.764
35.0 28.328
35.0 28.817
35.0 29.108
35.0 29.659
35.0 30.048
35.5 30.595
35.5 30.839
35.5 30.901
36.5 30.939
36.5 31.106
36.5 31.601
36.5 31.513
36.5 31.848
37.0 31.778
37.0 31.828
37.0 32.128
37.0 32.163
37.0 32.113
37.0 32.171
37.5 32.578
37.5 32.685
37.5 33.132
37.5 32.912
37.5 33.08
37.5 33.379
37.5 33.719
37.5 33.867
37.5 33.791
37.5 33.457
37.5 33.619
37.5 33.853
37.5 33.693
37.5 33.763
37.5 33.627
37.5 33.859
37.5 33.768
37.5 33.767
37.5 33.865
37.5 33.72
37.5 33.566
37.5 33.849
37.5 34.064
37.5 33.841
37.5 33.674
37.5 33.912
37.5 33.759
37.5 33.888
37.5 33.618
37.5 33.621
37.5 33.79
37.5 33.885
37.5 33.671
37.5 33.777
37.5 33.852
37.5 33.806
37.5 34.014
37.5 33.641
37.5 33.842
37.5 34.115
37.5 33.838
37.5 33.891
37.5 33.83
100
-55.5 -242.79
-37.5 -170.698
-18.0 -121.664
-4.5 -86.104
10.0 -56.609
10.0 -35.931
15.0 -19.726
19.0 -8.06
22.5 -0.863
23.0 5.14
25.5 9.183
25.5 12.443
26.5 15.216
26.5 17.235
27.0 18.699
28.0 19.473
28.0 20.389
28.0 21.223
28.5 21.65
29.5 22.325
29.5 22.822
29.5 23.58
31.5 24.401
31.5 24.962
32.5 25.718
32.5 26.149
33.0 26.85
33.0 27.162
33.5 27.462
33.5 28.169
34.5 28.52
35.0 28.838
35.0 29.246
35.0 29.647
35.0 30.067
35.0 30.275
35.0 30.537
35.5 30.61
35.5 30.74
36.0 31.257
36.0 31.406
36.0 31.775
36.0 31.747
36.0 31.936
36.0 32.464
36.0 32.21
36.0 32.257
36.0 32.225
36.0 32.262
36.0 32.246
36.0 32.224
36.0 32.506
36.0 32.493
36.0 32.447
36.0 32.648
36.0 32.57
36.0 32.466
36.0 32.609
36.0 32.458
36.0 32.21
36.0 32.527
36.0 32.21
36.0 32.208
36.0 32.47
36.0 32.52
36.0 32.617
36.0 32.606
36.0 32.504
36.0 32.551
36.0 32.609
36.0 32.42
36.0 32.335
36.0 32.584
36.0 32.573
36.0 32.467
36.0 32.228
36.0 32.682
36.0 32.642
36.0 32.343
36.0 32.401
36.0 32.433
36.0 32.805
36.0 32.862
36.0 32.692
36.0 32.758
36.0 32.332
36.0 32.439
36.0 32.562
36.0 32.421
36.0 32.541
36.0 32.727
36.0 32.569
36.0 32.718
36.0 32.463
36.0 32.593
36.0 32.438
36.0 32.542
36.0 32.498
36.0 32.485
36.0 32.552
100
-18.0 -234.004
-10.0 -163.238
-10.0 -110.902
-2.5 -75.153
6.5 -50.611
11.0 -30.942
13.5 -17.031
17.0 -6.242
18.0 1.22
22.5 5.91
22.5 10.172
23.5 13.485
25.5 15.334
25.5 16.55
25.5 18.067
26.0 19.23
27.0 19.916
27.0 20.604
27.0 21.216
28.5 21.768
28.5 22.349
29.0 23.015
29.5 23.384
30.5 23.675
31.0 23.949
31.0 24.412
32.5 24.894
32.5 25.344
32.5 25.873
32.5 26.399
33.0 26.798
34.0 27.15
34.5 27.557
34.5 27.455
34.5 27.584
34.5 27.61
34.5 27.941
34.5 28.605
34.5 28.953
35.0 29.35
35.0 29.726
35.0 30.163
35.0 30.232
35.5 30.61
35.5 30.968
36.0 31.0
36.0 30.939
36.0 31.164
36.0 31.346
36.0 31.258
36.5 31.395
36.5 31.361
36.5 31.345
36.5 31.822
36.5 31.843
36.5 32.153
36.5 31.985
36.5 32.279
36.5 32.567
36.5 32.61
36.5 33.033
36.5 32.738
36.5 33.046
36.5 33.347
36.5 33.137
36.5 33.433
36.5 33.317
36.5 33.459
36.5 33.096
36.5 33.057
36.5 33.076
36.5 33.178
36.5 33.131
36.5 33.399
36.5 32.881
36.5 32.793
36.5 32.878
36.5 32.797
36.5 32.925
36.5 32.819
36.5 32.651
36.5 32.788
36.5 32.846
36.5 32.996
36.5 32.704
36.5 33.037
36.5 33.227
36.5 32.927
36.5 33.035
36.5 33.106
36.5 33.049
36.5 33.235
36.5 33.167
36.5 33.202
36.5 33.279
36.5 33.369
36.5 33.213
36.5 33.062
36.5 33.14
36.5 33.305
100
-41.0 -235.814
-41.0 -162.189
-33.0 -113.544
-5.5 -81.306
4.0 -57.396
8.0 -39.205
15.5 -23.264
18.0 -11.835
18.0 -0.972
22.0 5.175
22.0 10.224
24.0 13.203
25.0 15.57
27.0 16.943
27.5 18.021
31.0 19.359
31.0 20.277
31.0 21.45
31.0 22.487
31.0 23.466
31.5 23.98
32.5 24.888
32.5 25.598
32.5 25.914
32.5 26.423
32.5 26.95
32.5 27.235
33.5 27.701
33.5 27.971
33.5 28.202
33.5 28.341
33.5 28.59
33.5 28.599
33.5 29.024
33.5 29.149
33.5 29.524
34.0 29.611
34.0 29.766
34.0 29.828
34.0 29.702
34.0 30.001
34.0 30.19
34.0 30.45
34.0 30.376
34.0 30.268
34.5 30.427
34.5 30.342
34.5 30.349
34.5 30.483
35.0 30.367
35.0 30.591
35.0 30.008
35.0 30.261
35.0 30.918
35.0 30.973
35.0 30.924
35.0 31.15
35.0 31.237
35.5 31.081
35.5 30.978
35.5 31.014
35.5 30.917
35.5 31.096
35.5 31.389
35.5 31.245
35.5 31.136
35.5 31.18
35.5 31.265
35.5 31.066
36.0 31.253
36.0 31.471
36.0 31.489
36.0 31.339
36.0 31.594
36.0 31.639
36.0 31.399
36.0 31.042
36.0 31.376
36.0 31.287
36.0 31.387
36.0 31.318
36.0 31.559
36.0 31.447
36.0 31.371
36.0 31.765
36.0 31.467
36.0 31.533
36.0 31.364
36.0 31.821
36.0 32.093
36.0 31.803
36.0 32.091
36.0 31.945
36.0 32.119
36.0 32.333
36.0 32.176
36.0 32.407
36.0 32.521
36.0 32.36
36.0 32.112
100
-36.5 -235.771
-36.5 -162.427
-18.0 -114.649
-12.0 -78.865
7.5 -50.122
12.5 -31.942
15.5 -18.287
19.5 -7.045
21.5 0.321
22.0 6.289
22.5 10.421
23.5 12.844
24.0 14.782
24.5 16.445
26.0 17.455
26.5 18.296
26.5 18.845
26.5 19.303
27.0 19.723
27.5 20.143
28.5 21.033
29.0 21.459
29.0 21.441
29.0 22.021
30.0 22.711
31.0 23.315
31.0 23.402
31.0 23.838
31.0 24.18
32.0 24.682
32.0 24.821
33.0 25.045
33.0 25.7
33.0 26.824
33.5 27.404
34.0 27.755
34.0 28.12
34.0 28.739
34.0 29.201
34.0 29.385
34.0 29.486
34.0 29.889
34.0 29.799
34.0 30.135
34.0 30.046
34.0 30.262
34.0 30.339
34.0 30.35
34.0 30.25
34.0 30.209
34.0 30.026
34.0 30.074
34.0 30.442
34.0 30.451
34.0 30.309
34.0 30.239
34.0 30.274
34.0 30.393
34.0 30.29
34.0 30.446
34.0 30.695
34.0 30.462
34.0 30.51
34.0 30.371
34.0 30.148
34.0 30.111
34.0 30.154
34.0 30.423
34.0 30.493
34.0 30.144
34.0 30.233
34.0 30.281
34.0 30.323
34.0 30.305
34.0 30.35
34.0 30.453
34.0 30.188
34.0 30.535
34.0 30.425
34.0 30.332
34.0 30.417
34.0 30.252
34.0 30.452
34.0 30.409
34.0 30.267
34.0 30.474
34.0 30.634
34.0 30.477
34.0 30.609
34.0 30.445
34.0 30.409
34.0 30.453
34.0 30.651
34.0 30.657
34.0 30.612
34.0 30.535
34.0 30.262
34.0 30.343
34.0 30.197
34.0 30.389

Individual: [2, 4, 5, 8, 9, 15, 18, 20, 23, 24, 27, 29, 57, 62, 63, 65, 66, 71, 72, 81, 83, 84, 89, 92, 93, 98]
   Fitness: 36.0
     Total: 26
Violations: 3 3

Individual: [1, 3, 4, 9, 10, 12, 13, 24, 28, 29, 33, 51, 59, 61, 68, 70, 80, 82, 83, 87, 88, 95, 97, 100]
   Fitness: 36.0
     Total: 24
Violations: 0 0

Individual: [1, 2, 5, 7, 10, 14, 20, 23, 24, 29, 31, 37, 58, 65, 66, 70, 71, 86, 88, 89, 91, 95, 97, 98, 100]
   Fitness: 35.5
     Total: 25
Violations: 2 2

Individual: [3, 7, 8, 10, 15, 16, 21, 28, 30, 31, 33, 37, 38, 70, 72, 77, 78, 80, 81, 83, 91, 95, 97, 98, 100]
   Fitness: 35.5
     Total: 25
Violations: 2 2

Individual: [2, 4, 5, 7, 13, 14, 16, 17, 23, 31, 35, 36, 61, 62, 64, 71, 72, 76, 77, 79, 84, 94, 95, 98, 100]
   Fitness: 35.5
     Total: 25
Violations: 2 2

Individual: [1, 2, 7, 8, 10, 11, 16, 23, 27, 29, 32, 34, 64, 65, 68, 70, 73, 79, 83, 86, 91, 92, 95, 97, 100]
   Fitness: 37.5
     Total: 25
Violations: 0 0

Individual: [1, 3, 4, 6, 10, 12, 13, 15, 30, 31, 33, 34, 36, 44, 70, 73, 74, 77, 79, 89, 90, 92, 93, 97, 98, 100]
   Fitness: 36.0
     Total: 26
Violations: 3 3

Individual: [1, 3, 4, 8, 9, 12, 19, 24, 25, 27, 32, 33, 43, 64, 68, 69, 73, 75, 76, 89, 91, 92, 94, 98, 100]
   Fitness: 36.5
     Total: 25
Violations: 1 1

Individual: [2, 3, 5, 6, 8, 19, 20, 22, 26, 28, 29, 31, 45, 65, 66, 67, 73, 74, 77, 78, 84, 86, 92, 93, 96, 97]
   Fitness: 36.0
     Total: 26
Violations: 3 3

Individual: [2, 3, 6, 7, 13, 15, 31, 36, 37, 39, 40, 50, 52, 53, 58, 62, 82, 83, 86, 90, 92, 95, 96, 99]
   Fitness: 34.0
     Total: 24
Violations: 2 2
