10
500
-34.5 -228.373
-34.5 -162.157
-30.5 -141.142
-11.5 -128.555
-11.5 -128.972
-11.5 -126.154
-11.5 -118.459
-11.5 -123.565
-5.0 -117.63
-5.0 -122.078
-5.0 -115.269
-3.0 -112.045
-3.0 -113.552
-3.0 -116.45
-3.0 -115.426
-3.0 -111.614
0.0 -110.684
4.0 -109.915
4.0 -114.326
4.0 -114.214
4.0 -109.439
4.0 -112.094
4.0 -108.627
4.0 -107.611
4.0 -107.468
4.0 -110.743
4.0 -108.402
4.0 -108.489
4.0 -110.572
4.0 -105.877
4.0 -104.454
4.0 -106.34
4.0 -103.779
4.0 -105.859
4.0 -110.757
4.0 -105.744
4.0 -105.603
4.0 -106.896
4.0 -102.284
12.0 -105.274
12.0 -110.209
12.0 -105.034
12.0 -104.803
12.0 -106.091
12.0 -103.042
12.0 -104.596
12.0 -103.527
12.0 -102.241
12.0 -105.236
12.0 -96.377
12.0 -97.782
12.0 -101.367
12.0 -99.837
12.0 -105.389
12.0 -101.565
12.0 -99.834
12.0 -105.418
12.0 -101.108
12.0 -100.971
12.0 -101.181
12.0 -99.352
12.0 -105.047
12.0 -104.43
12.0 -103.783
12.0 -103.883
12.0 -101.575
12.0 -98.737
12.0 -98.908
12.0 -100.003
12.0 -102.55
12.0 -100.819
12.0 -104.837
12.0 -102.13
12.0 -105.393
12.0 -103.648
12.0 -102.801
12.0 -102.311
12.0 -101.781
12.0 -99.16
12.0 -100.021
12.0 -101.668
12.0 -98.177
12.0 -101.073
12.0 -101.539
12.0 -99.07
12.0 -100.921
12.0 -100.716
12.0 -102.158
12.0 -99.159
12.0 -102.765
12.0 -102.928
12.0 -97.894
12.0 -100.469
12.0 -95.57
12.0 -102.546
14.0 -103.221
14.0 -103.448
14.0 -99.137
14.0 -99.607
14.0 -101.704
14.0 -101.123
14.0 -101.373
14.0 -99.798
14.0 -100.938
14.0 -96.089
14.0 -98.604
14.0 -97.224
14.0 -98.631
14.0 -102.95
14.0 -99.66
14.0 -96.345
14.0 -100.537
14.0 -99.815
14.0 -102.795
14.0 -100.88
14.0 -99.781
14.0 -102.12
14.0 -97.192
14.0 -100.808
14.0 -102.964
14.0 -99.992
14.0 -100.202
14.0 -96.876
14.0 -98.602
14.0 -97.623
14.0 -100.833
14.0 -99.13
14.0 -101.257
14.0 -99.12
14.0 -93.982
14.0 -99.388
14.0 -99.367
14.0 -98.958
14.0 -100.902
14.0 -100.107
14.0 -100.597
14.0 -103.227
14.0 -97.085
14.0 -100.395
14.0 -100.173
14.0 -96.607
14.0 -100.13
14.0 -99.48
14.0 -102.451
14.0 -96.689
14.0 -96.984
14.0 -99.482
14.0 -98.3
14.0 -100.088
14.0 -95.837
14.0 -98.278
14.0 -101.375
14.0 -96.452
14.0 -100.976
14.0 -98.191
14.0 -100.556
14.0 -97.643
14.0 -100.877
14.0 -96.292
14.0 -96.29
14.0 -95.477
14.0 -95.754
14.0 -98.487
14.0 -94.385
14.0 -95.975
14.0 -98.345
14.0 -97.085
14.0 -99.942
14.0 -97.21
14.0 -100.611
14.0 -99.666
14.0 -97.543
14.0 -94.232
14.0 -96.376
14.0 -97.916
14.0 -95.135
14.0 -98.256
14.0 -97.52
14.0 -100.723
14.0 -98.36
14.0 -100.084
14.0 -99.225
14.0 -96.032
14.0 -97.623
14.0 -97.628
14.0 -100.78
14.0 -99.141
14.0 -95.185
14.0 -98.124
14.0 -94.807
14.0 -93.934
14.0 -97.32
14.0 -99.003
14.0 -99.209
14.0 -101.076
14.0 -95.061
14.0 -99.861
14.0 -101.201
14.0 -97.166
14.0 -96.628
14.0 -95.827
14.0 -96.912
14.0 -95.194
14.0 -94.165
14.0 -96.903
14.0 -98.875
14.0 -91.634
14.0 -93.319
14.0 -97.687
14.0 -94.021
14.0 -95.374
14.0 -100.077
14.0 -95.582
14.0 -92.815
14.0 -96.011
14.0 -93.871
14.0 -94.587
14.0 -94.56
14.0 -91.319
14.0 -93.035
14.0 -94.066
14.0 -92.622
14.0 -94.828
14.0 -93.152
14.0 -92.897
14.0 -96.577
14.0 -95.244
14.0 -94.977
14.0 -95.86
16.5 -91.562
16.5 -94.005
16.5 -90.786
16.5 -94.86
16.5 -98.501
16.5 -95.808
16.5 -92.228
16.5 -99.863
16.5 -96.188
16.5 -93.011
16.5 -93.478
16.5 -94.288
16.5 -97.236
16.5 -98.219
16.5 -91.51
16.5 -93.827
16.5 -93.936
16.5 -90.662
16.5 -96.605
16.5 -96.505
16.5 -99.6
16.5 -93.908
16.5 -100.299
16.5 -95.574
16.5 -95.428
16.5 -94.124
16.5 -94.813
16.5 -94.566
16.5 -93.803
16.5 -98.839
16.5 -91.778
16.5 -96.787
16.5 -97.391
16.5 -92.413
16.5 -91.575
16.5 -92.806
16.5 -97.429
16.5 -93.692
16.5 -91.604
16.5 -92.02
16.5 -90.326
16.5 -94.607
16.5 -96.405
16.5 -95.166
16.5 -92.969
16.5 -92.068
16.5 -91.195
16.5 -98.225
16.5 -97.725
16.5 -97.16
16.5 -98.964
16.5 -95.847
16.5 -92.433
16.5 -93.5
16.5 -92.936
16.5 -93.916
16.5 -95.933
16.5 -91.43
16.5 -96.444
16.5 -92.958
16.5 -90.137
16.5 -94.206
16.5 -93.149
16.5 -87.217
16.5 -89.534
16.5 -97.347
16.5 -94.492
16.5 -97.79
16.5 -97.414
16.5 -92.474
16.5 -94.522
16.5 -91.74
16.5 -96.249
16.5 -95.289
16.5 -95.48
16.5 -93.024
16.5 -95.382
16.5 -93.901
16.5 -88.548
16.5 -92.747
16.5 -94.316
16.5 -91.945
16.5 -94.769
16.5 -95.077
16.5 -93.981
16.5 -95.677
16.5 -93.175
16.5 -98.204
16.5 -91.958
16.5 -96.519
16.5 -92.199
16.5 -96.323
16.5 -96.585
16.5 -97.67
16.5 -93.447
16.5 -93.458
16.5 -95.518
16.5 -88.423
16.5 -90.886
16.5 -92.988
16.5 -90.806
16.5 -95.655
16.5 -93.777
16.5 -91.158
16.5 -96.054
16.5 -89.537
16.5 -93.305
16.5 -93.751
16.5 -93.055
16.5 -89.528
16.5 -92.634
16.5 -93.591
16.5 -93.8
16.5 -95.151
16.5 -89.753
16.5 -93.582
16.5 -93.036
16.5 -93.766
16.5 -91.953
16.5 -91.107
16.5 -100.474
16.5 -93.617
16.5 -93.545
16.5 -90.355
16.5 -94.371
16.5 -94.01
16.5 -94.186
16.5 -91.666
16.5 -97.816
16.5 -94.178
16.5 -90.457
16.5 -89.213
16.5 -89.844
16.5 -92.169
16.5 -94.808
16.5 -100.089
16.5 -97.132
16.5 -95.383
16.5 -98.53
16.5 -97.091
16.5 -98.715
16.5 -97.673
16.5 -91.591
16.5 -97.126
16.5 -91.793
16.5 -93.579
16.5 -95.093
16.5 -94.442
16.5 -94.355
16.5 -92.972
16.5 -96.188
16.5 -95.484
16.5 -92.044
16.5 -96.428
16.5 -95.066
16.5 -91.463
16.5 -97.09
16.5 -98.154
16.5 -93.543
16.5 -99.723
16.5 -89.289
16.5 -92.118
16.5 -91.381
16.5 -95.649
16.5 -90.238
16.5 -95.191
16.5 -96.203
16.5 -96.684
16.5 -91.034
16.5 -93.111
16.5 -91.125
16.5 -95.308
16.5 -92.796
16.5 -92.883
16.5 -91.993
16.5 -96.25
16.5 -93.384
16.5 -98.046
16.5 -91.813
16.5 -91.086
16.5 -96.853
16.5 -94.292
16.5 -96.569
16.5 -95.323
16.5 -94.654
16.5 -90.546
16.5 -89.642
16.5 -91.816
16.5 -93.259
16.5 -93.278
16.5 -91.025
16.5 -92.503
16.5 -90.073
16.5 -93.339
16.5 -94.643
16.5 -95.73
16.5 -96.397
16.5 -89.853
16.5 -96.06
16.5 -93.134
16.5 -95.771
16.5 -92.759
16.5 -96.75
16.5 -95.406
16.5 -92.643
16.5 -94.842
16.5 -92.077
16.5 -92.154
16.5 -93.005
16.5 -89.159
16.5 -94.39
16.5 -92.502
16.5 -91.983
16.5 -92.275
16.5 -96.121
16.5 -93.09
16.5 -92.418
16.5 -97.098
16.5 -95.035
16.5 -94.09
16.5 -97.327
16.5 -97.05
16.5 -94.847
16.5 -97.628
16.5 -94.418
16.5 -96.324
16.5 -93.707
16.5 -91.632
16.5 -95.134
16.5 -94.866
16.5 -90.83
16.5 -95.12
16.5 -95.22
16.5 -95.805
16.5 -98.74
16.5 -97.335
16.5 -90.846
16.5 -93.982
16.5 -91.772
16.5 -87.479
16.5 -91.088
16.5 -96.075
16.5 -91.406
16.5 -94.813
16.5 -96.217
16.5 -87.851
16.5 -89.597
16.5 -93.603
16.5 -95.519
16.5 -89.709
16.5 -94.758
16.5 -92.812
16.5 -91.328
16.5 -97.608
16.5 -95.43
16.5 -94.292
16.5 -93.459
16.5 -98.558
16.5 -94.402
16.5 -93.314
16.5 -91.482
16.5 -93.138
16.5 -94.561
16.5 -92.745
16.5 -94.15
16.5 -97.139
16.5 -94.059
16.5 -92.379
16.5 -92.848
16.5 -93.157
16.5 -91.256
500
-62.5 -237.049
-41.5 -167.238
-24.5 -150.026
-23.5 -134.304
-23.5 -128.58
-11.0 -129.259
-11.0 -128.336
0.5 -123.759
0.5 -114.256
0.5 -115.379
0.5 -114.922
0.5 -118.193
0.5 -112.708
0.5 -110.574
1.0 -108.91
1.0 -110.284
1.0 -113.723
1.0 -111.279
1.0 -105.828
1.0 -114.549
1.0 -111.226
1.0 -109.13
1.0 -112.031
1.0 -111.148
1.0 -107.142
1.0 -110.485
1.0 -107.241
1.0 -108.181
1.0 -107.127
6.0 -103.154
6.0 -108.853
6.0 -103.186
6.0 -109.212
6.0 -104.975
6.0 -104.619
6.0 -106.055
6.0 -105.233
6.0 -106.018
6.0 -107.856
6.0 -104.999
6.0 -106.007
6.0 -103.63
6.0 -106.188
6.0 -109.302
6.0 -104.93
6.0 -104.308
6.0 -105.054
6.0 -104.841
6.0 -106.858
6.0 -106.017
6.0 -107.66
6.0 -106.487
6.0 -104.674
6.0 -105.063
8.0 -107.016
8.0 -105.253
8.0 -105.474
8.0 -104.822
8.0 -105.354
8.0 -101.899
14.0 -107.9
14.0 -106.322
14.0 -104.978
14.0 -103.314
14.0 -101.164
14.0 -107.945
14.0 -105.337
14.0 -107.417
14.0 -106.897
14.0 -109.98
14.0 -104.78
14.0 -106.406
14.0 -103.76
14.0 -104.445
14.0 -103.786
14.0 -102.145
14.0 -101.922
14.0 -107.333
14.0 -106.748
14.0 -103.996
14.0 -105.727
14.0 -100.55
14.0 -101.466
14.0 -102.264
14.0 -103.718
14.0 -105.723
14.0 -103.327
14.0 -102.116
14.0 -96.615
14.0 -102.684
14.0 -100.895
14.0 -102.858
14.0 -101.361
14.0 -106.169
14.0 -104.459
14.0 -103.822
14.0 -99.66
14.0 -101.536
14.0 -101.742
14.0 -105.505
14.0 -103.149
14.0 -100.523
14.0 -104.932
14.0 -104.178
14.0 -101.063
14.0 -101.477
14.0 -102.312
14.0 -103.981
14.0 -102.863
14.0 -102.522
14.0 -98.692
14.0 -99.49
14.0 -100.669
14.0 -100.981
14.0 -106.504
14.0 -98.98
14.0 -102.162
14.0 -104.522
14.0 -97.928
14.0 -100.384
14.0 -106.407
14.0 -103.808
14.0 -103.28
14.0 -100.773
14.0 -102.321
14.0 -103.087
14.0 -102.481
14.0 -98.343
14.0 -100.335
14.0 -99.268
14.0 -101.675
14.0 -98.43
14.0 -97.213
14.0 -104.185
14.0 -104.698
14.0 -103.149
14.0 -106.731
14.0 -104.386
14.0 -103.531
14.0 -100.493
14.0 -100.373
14.0 -102.071
14.0 -101.778
14.0 -102.294
14.0 -96.603
14.0 -93.5
14.0 -101.425
14.0 -94.165
14.0 -102.213
14.0 -101.578
14.0 -104.286
14.0 -98.784
14.0 -97.666
14.0 -101.93
14.0 -102.278
14.0 -97.639
14.0 -99.321
14.0 -99.005
14.0 -101.734
14.0 -101.515
14.0 -94.658
14.0 -101.237
14.0 -96.681
14.0 -99.626
14.0 -102.398
14.0 -99.261
14.0 -98.355
14.0 -98.229
14.0 -96.975
14.0 -96.37
14.0 -99.004
14.0 -98.497
14.0 -97.464
14.0 -100.494
14.0 -98.922
14.0 -95.118
14.0 -99.205
14.0 -95.465
14.0 -96.604
14.0 -100.877
14.0 -100.46
14.0 -98.53
14.0 -102.309
14.0 -94.963
14.0 -94.051
14.0 -98.418
14.0 -97.835
14.0 -97.525
14.0 -99.295
14.0 -97.195
14.0 -102.362
14.0 -98.155
14.0 -99.017
14.0 -98.846
14.0 -95.543
14.0 -96.75
14.0 -97.592
14.0 -88.86
14.0 -97.4
14.0 -93.922
14.0 -97.541
14.0 -101.589
14.0 -98.773
14.0 -95.593
14.0 -96.594
14.0 -102.321
14.0 -97.739
14.0 -98.133
14.0 -93.385
14.0 -95.766
14.0 -92.585
14.0 -94.73
14.0 -95.777
14.0 -97.33
14.0 -99.913
14.0 -94.968
14.0 -98.616
14.0 -97.631
14.0 -96.553
14.0 -96.349
14.0 -101.893
14.0 -99.035
14.0 -99.252
14.0 -100.3
14.0 -100.696
14.0 -96.246
14.0 -96.891
14.0 -95.283
14.0 -98.597
14.0 -99.675
14.0 -99.955
14.0 -95.886
14.0 -98.312
14.0 -99.458
14.0 -103.341
14.0 -99.774
14.0 -93.779
14.0 -96.011
14.0 -94.439
14.0 -95.671
14.0 -95.554
14.0 -97.987
14.0 -97.76
14.0 -94.411
14.0 -97.339
14.0 -91.842
14.0 -89.943
14.0 -95.855
14.0 -95.509
14.0 -94.837
14.0 -94.044
14.0 -96.921
14.0 -98.86
14.0 -97.483
14.0 -96.042
14.0 -93.622
14.0 -95.004
14.0 -101.656
14.0 -96.058
14.0 -94.356
14.0 -96.44
14.0 -94.717
14.0 -98.993
14.0 -97.635
14.0 -92.761
14.0 -96.338
14.0 -93.596
14.0 -101.03
14.0 -99.057
14.0 -97.771
14.0 -95.568
14.0 -94.172
14.0 -96.209
14.0 -93.524
14.0 -93.433
14.0 -94.511
14.0 -99.156
14.0 -98.665
14.0 -98.895
14.0 -93.449
14.0 -96.776
14.0 -95.998
14.0 -99.961
14.0 -94.511
14.0 -90.599
14.0 -98.346
14.0 -100.084
14.0 -95.812
14.0 -97.305
14.0 -95.79
14.0 -97.805
14.0 -99.437
14.0 -97.102
14.0 -105.303
14.0 -99.1
14.0 -91.875
14.0 -98.859
14.0 -98.125
14.0 -99.437
14.0 -95.888
14.0 -96.304
14.0 -100.944
14.0 -94.039
14.0 -97.619
14.0 -98.808
14.0 -96.658
14.0 -97.563
14.0 -96.047
14.0 -98.343
14.0 -100.374
14.0 -90.636
14.0 -101.198
14.0 -96.799
14.0 -98.564
14.0 -92.521
14.0 -97.809
14.0 -97.669
14.0 -93.782
14.0 -99.709
14.0 -97.854
14.0 -97.813
14.0 -96.051
14.0 -92.459
14.0 -97.067
14.0 -94.818
14.0 -92.624
14.0 -92.934
14.0 -99.057
14.0 -91.197
14.0 -96.915
14.0 -96.605
14.0 -95.988
14.0 -96.387
14.0 -96.897
14.0 -96.976
14.0 -99.774
14.0 -98.955
14.0 -96.43
14.0 -96.815
14.0 -94.891
14.0 -93.249
14.0 -94.705
14.0 -93.706
14.0 -99.438
14.0 -98.828
14.0 -100.282
14.0 -96.398
14.0 -96.112
14.0 -96.615
14.0 -101.147
14.0 -96.368
14.0 -103.593
14.0 -98.712
14.0 -97.486
14.0 -96.507
14.0 -102.58
14.0 -93.559
14.0 -93.962
14.0 -100.511
14.0 -96.713
14.0 -97.024
14.0 -102.034
14.0 -95.855
14.0 -94.588
14.0 -97.814
14.0 -91.947
14.0 -95.184
14.0 -96.328
14.0 -98.057
14.0 -97.378
14.0 -95.446
14.0 -93.584
14.0 -97.208
14.0 -90.302
14.0 -96.346
14.0 -95.462
14.0 -94.485
14.0 -89.384
14.0 -98.289
14.0 -99.331
14.0 -95.379
14.0 -94.275
14.0 -95.813
14.0 -95.227
14.0 -92.796
14.0 -96.37
14.0 -98.251
14.0 -92.183
14.0 -93.404
14.0 -98.693
14.0 -96.245
14.0 -94.71
14.0 -96.475
14.0 -91.592
14.0 -93.142
14.0 -92.178
14.0 -95.107
14.0 -94.886
14.0 -99.03
14.0 -97.622
14.0 -99.112
14.0 -95.333
14.0 -98.071
14.0 -95.022
14.0 -94.663
14.0 -101.62
14.0 -96.256
14.0 -100.105
14.0 -88.71
14.0 -96.107
14.0 -93.806
14.0 -91.156
14.0 -97.948
14.0 -97.544
14.0 -94.25
14.0 -93.669
14.0 -94.156
14.0 -96.805
14.0 -95.616
14.0 -93.655
14.0 -95.597
14.0 -93.292
14.0 -91.331
14.0 -91.191
14.0 -92.953
14.0 -98.299
14.0 -91.415
14.0 -94.515
14.0 -93.433
14.0 -95.273
14.0 -96.757
14.0 -99.718
14.0 -99.309
14.0 -92.556
14.0 -92.884
14.0 -95.196
14.0 -93.642
14.0 -97.458
14.0 -94.183
14.0 -92.312
14.0 -96.999
14.0 -92.966
14.0 -93.585
14.0 -95.82
14.0 -96.853
14.0 -94.909
14.0 -96.262
14.0 -95.858
14.0 -94.732
14.0 -93.359
14.0 -93.396
14.0 -94.378
14.0 -98.093
14.0 -96.667
14.0 -93.98
14.0 -93.695
14.0 -91.217
14.0 -96.879
14.0 -94.704
14.0 -93.262
14.0 -90.383
14.0 -92.964
14.0 -96.465
14.0 -96.388
14.0 -93.011
14.0 -97.998
14.0 -100.807
14.0 -91.899
14.0 -98.184
14.0 -95.799
14.0 -94.025
14.0 -95.766
14.0 -94.728
14.0 -95.521
14.0 -99.734
14.0 -96.191
14.0 -94.711
14.0 -95.453
14.0 -97.93
14.0 -94.531
14.0 -93.792
14.0 -89.482
14.0 -96.132
14.0 -96.45
14.0 -96.116
14.0 -97.177
14.0 -94.636
14.0 -94.745
14.0 -95.651
14.0 -94.627
14.0 -96.086
14.0 -91.232
14.0 -92.971
14.0 -94.751
14.0 -92.035
14.0 -89.632
14.0 -93.121
14.0 -94.157
14.0 -91.048
14.0 -94.171
500
-28.0 -231.718
-28.0 -165.809
4.0 -144.917
4.0 -133.495
4.0 -126.701
4.0 -125.397
4.0 -125.246
4.0 -119.445
4.0 -113.857
9.5 -113.331
9.5 -118.295
9.5 -114.462
9.5 -115.199
9.5 -115.714
9.5 -115.749
9.5 -118.512
9.5 -113.87
9.5 -111.386
9.5 -109.805
9.5 -112.393
9.5 -111.566
9.5 -110.522
9.5 -108.398
9.5 -109.997
9.5 -106.874
9.5 -106.865
9.5 -107.937
9.5 -101.985
9.5 -104.74
9.5 -108.49
9.5 -106.723
9.5 -106.753
9.5 -105.15
9.5 -108.856
9.5 -105.222
9.5 -105.371
9.5 -101.858
9.5 -102.353
9.5 -103.961
9.5 -105.755
9.5 -101.714
9.5 -106.38
9.5 -105.651
9.5 -104.935
9.5 -104.589
9.5 -105.042
9.5 -107.229
9.5 -107.249
9.5 -109.416
9.5 -106.215
9.5 -106.904
9.5 -106.154
9.5 -102.288
9.5 -99.653
9.5 -102.01
9.5 -100.595
9.5 -104.382
9.5 -102.658
9.5 -102.805
9.5 -101.724
9.5 -106.692
11.0 -102.042
11.0 -102.153
11.0 -104.128
11.0 -104.156
11.0 -104.915
11.0 -99.38
11.0 -100.337
11.0 -106.366
11.0 -100.196
11.0 -99.041
11.0 -102.743
11.0 -107.659
11.0 -105.056
11.0 -106.976
11.0 -104.749
11.0 -103.576
11.0 -108.245
11.0 -106.533
11.0 -100.272
11.0 -100.189
11.0 -100.763
11.0 -99.695
11.0 -103.168
11.0 -103.616
11.0 -103.035
11.0 -99.784
11.0 -99.888
11.0 -99.541
11.0 -101.94
11.0 -101.447
11.0 -101.051
11.0 -101.257
11.0 -104.581
11.0 -103.43
11.0 -99.655
11.0 -101.919
11.0 -100.84
11.0 -101.984
11.0 -100.566
11.0 -103.665
11.0 -99.139
11.0 -96.268
11.0 -99.905
11.0 -101.45
11.0 -102.513
11.0 -99.241
11.0 -97.917
11.0 -98.837
11.0 -101.779
11.0 -107.013
11.0 -100.055
11.0 -103.572
11.0 -97.41
11.0 -102.868
11.0 -103.379
11.0 -105.96
11.0 -103.891
11.0 -102.661
11.0 -102.096
11.0 -101.869
11.0 -105.438
11.0 -101.602
11.0 -102.006
11.0 -102.339
11.0 -99.652
11.0 -102.032
11.0 -103.011
11.0 -99.892
11.0 -101.688
11.0 -98.607
11.0 -104.86
11.0 -101.059
11.0 -102.362
11.0 -101.492
13.5 -96.918
13.5 -101.723
13.5 -99.91
13.5 -98.048
13.5 -100.385
13.5 -100.813
13.5 -103.614
13.5 -106.644
13.5 -101.141
13.5 -100.96
13.5 -98.806
13.5 -97.307
13.5 -98.687
13.5 -99.739
13.5 -103.288
13.5 -104.096
13.5 -101.602
13.5 -101.943
13.5 -103.957
13.5 -99.582
13.5 -100.013
13.5 -98.528
13.5 -101.129
13.5 -101.441
13.5 -101.157
13.5 -105.709
13.5 -92.454
13.5 -100.051
13.5 -100.301
13.5 -100.268
13.5 -99.748
13.5 -99.221
13.5 -97.185
13.5 -98.108
13.5 -92.647
13.5 -101.894
13.5 -104.028
13.5 -100.032
13.5 -98.063
13.5 -101.427
13.5 -97.2
13.5 -100.284
13.5 -103.174
13.5 -98.145
13.5 -97.621
13.5 -102.635
13.5 -99.472
13.5 -99.682
13.5 -101.035
13.5 -101.219
13.5 -98.983
13.5 -102.734
13.5 -102.451
13.5 -97.885
14.5 -100.391
14.5 -98.952
14.5 -97.024
14.5 -98.43
14.5 -96.036
14.5 -97.813
14.5 -101.697
14.5 -108.297
14.5 -97.79
14.5 -94.95
14.5 -98.812
14.5 -96.102
14.5 -102.652
14.5 -99.389
14.5 -102.387
14.5 -103.567
14.5 -94.437
14.5 -102.071
14.5 -96.384
14.5 -99.374
14.5 -97.438
14.5 -96.52
14.5 -99.691
14.5 -95.858
14.5 -98.821
14.5 -97.881
14.5 -101.216
14.5 -102.571
14.5 -103.488
14.5 -96.689
14.5 -98.087
14.5 -96.647
14.5 -101.709
14.5 -100.373
14.5 -97.176
14.5 -100.69
14.5 -102.376
14.5 -95.157
14.5 -97.45
14.5 -95.691
14.5 -101.143
14.5 -96.25
14.5 -99.905
14.5 -101.408
14.5 -96.14
14.5 -101.078
14.5 -94.939
14.5 -100.537
14.5 -100.533
14.5 -98.424
14.5 -97.933
14.5 -101.508
14.5 -96.164
14.5 -96.315
14.5 -95.892
14.5 -97.13
14.5 -98.759
14.5 -96.449
14.5 -94.264
14.5 -101.32
14.5 -102.053
14.5 -94.541
14.5 -100.283
14.5 -96.96
14.5 -96.567
14.5 -99.51
14.5 -97.736
14.5 -95.776
14.5 -98.923
14.5 -97.675
14.5 -97.499
14.5 -102.848
14.5 -101.239
14.5 -98.539
14.5 -96.695
14.5 -96.499
14.5 -99.256
14.5 -94.417
14.5 -97.139
14.5 -99.116
14.5 -101.853
14.5 -103.618
14.5 -101.487
14.5 -101.914
14.5 -97.828
14.5 -94.337
14.5 -97.248
14.5 -100.721
14.5 -98.37
14.5 -100.288
14.5 -97.919
14.5 -98.052
14.5 -98.135
14.5 -93.166
14.5 -97.521
14.5 -97.314
14.5 -92.813
14.5 -96.458
14.5 -98.545
14.5 -97.835
14.5 -96.187
14.5 -100.022
14.5 -99.142
14.5 -99.474
14.5 -97.436
14.5 -96.347
14.5 -96.842
14.5 -95.935
14.5 -98.481
14.5 -98.339
14.5 -98.285
14.5 -99.514
14.5 -96.241
14.5 -99.611
16.0 -96.789
16.0 -94.382
16.0 -96.142
16.0 -98.158
16.0 -100.746
16.0 -100.36
16.0 -97.165
16.0 -100.866
16.0 -96.547
16.0 -99.259
16.0 -97.271
16.0 -101.931
16.0 -97.545
16.0 -95.535
16.0 -97.008
16.0 -97.831
16.0 -100.498
16.0 -94.073
16.0 -95.367
16.0 -95.166
16.0 -100.562
16.0 -97.778
16.0 -96.608
16.0 -95.83
16.0 -95.18
16.0 -96.973
16.0 -95.878
16.0 -93.186
16.0 -96.397
16.0 -96.751
16.0 -91.93
16.0 -101.072
16.0 -97.142
16.0 -96.986
16.0 -94.872
16.0 -101.965
16.0 -99.219
16.0 -100.319
16.0 -103.076
16.0 -95.187
16.0 -100.162
16.0 -95.8
16.0 -97.054
16.0 -97.696
16.0 -95.931
16.0 -100.423
16.0 -99.255
16.0 -98.917
16.0 -97.337
16.0 -94.832
16.0 -98.674
16.0 -96.228
16.0 -96.057
16.0 -95.112
16.0 -97.762
16.0 -96.631
16.0 -101.339
16.0 -99.739
16.0 -96.359
16.0 -95.237
16.0 -96.02
16.0 -96.801
16.0 -93.677
16.0 -98.042
16.0 -99.099
16.0 -98.571
16.0 -98.108
16.0 -94.934
16.0 -99.607
16.0 -97.92
16.0 -100.305
16.0 -95.88
16.0 -96.914
16.0 -97.278
16.0 -96.413
16.0 -97.503
16.0 -97.495
16.0 -95.426
16.0 -95.902
16.0 -91.334
16.0 -96.135
16.0 -96.681
16.0 -95.34
16.0 -91.671
16.0 -97.619
16.0 -99.808
16.0 -97.772
16.0 -94.491
16.0 -101.21
16.0 -92.039
16.0 -91.881
16.0 -97.131
16.0 -94.984
16.0 -96.912
16.0 -92.436
16.0 -91.315
16.0 -92.384
16.0 -101.834
16.0 -97.683
16.0 -93.49
16.0 -95.819
16.0 -92.933
16.0 -98.38
16.0 -99.193
16.0 -98.297
16.0 -98.196
16.0 -95.307
16.0 -101.529
16.0 -95.095
16.0 -100.344
16.0 -98.623
16.0 -95.915
16.0 -97.961
16.0 -96.645
16.0 -91.149
16.0 -97.702
16.0 -93.566
16.0 -93.267
16.0 -93.623
16.0 -93.34
16.0 -97.76
16.0 -96.549
16.0 -95.641
16.0 -95.089
16.0 -94.343
16.0 -98.288
16.0 -92.753
16.0 -93.907
16.0 -92.406
16.0 -93.93
16.0 -96.922
16.0 -92.665
16.0 -96.757
16.0 -92.491
16.0 -92.732
16.0 -93.336
16.0 -93.813
16.0 -94.187
16.0 -94.044
16.0 -91.883
16.0 -87.741
16.0 -93.536
16.0 -92.127
16.0 -93.863
16.0 -96.272
16.0 -94.552
16.0 -94.23
16.0 -93.236
16.0 -95.975
16.0 -95.747
16.0 -94.583
16.0 -97.059
16.0 -89.966
16.0 -100.274
16.0 -98.065
16.0 -98.871
16.0 -95.756
16.0 -93.177
16.0 -91.733
16.0 -95.97
16.0 -96.638
16.0 -95.541
16.0 -94.86
16.0 -93.117
16.0 -97.108
16.0 -95.353
16.0 -94.376
16.0 -92.518
16.0 -93.434
16.0 -93.324
16.0 -92.027
16.0 -94.066
16.0 -95.836
16.0 -93.069
16.0 -92.16
16.0 -92.163
16.0 -88.26
16.0 -94.008
16.0 -93.448
16.0 -92.45
16.0 -95.397
16.0 -97.709
16.0 -89.791
16.0 -94.685
16.0 -94.173
16.0 -94.306
16.0 -91.621
16.0 -93.752
16.0 -91.627
16.0 -92.535
16.0 -90.389
16.0 -91.804
16.0 -97.699
16.0 -93.079
16.0 -89.064
16.0 -93.032
16.0 -96.62
500
-53.0 -226.979
-39.0 -163.331
-39.0 -147.86
1.0 -141.972
1.0 -128.796
1.0 -123.583
1.0 -121.983
1.0 -120.006
1.0 -120.644
1.0 -117.634
1.0 -120.569
1.0 -121.217
1.0 -116.822
1.0 -114.458
1.0 -113.123
1.0 -112.913
1.0 -113.52
1.0 -118.105
1.0 -114.694
1.0 -109.903
1.0 -111.478
1.0 -107.683
5.0 -109.924
5.0 -105.875
5.0 -115.619
5.0 -110.765
5.0 -105.721
5.0 -108.418
5.0 -107.092
5.0 -115.506
5.0 -110.041
5.0 -105.484
5.0 -111.785
5.0 -110.182
5.0 -106.036
5.0 -106.392
5.0 -108.201
5.0 -105.666
5.0 -110.347
11.5 -102.458
11.5 -109.342
11.5 -111.267
11.5 -107.801
11.5 -106.466
11.5 -100.029
11.5 -107.546
11.5 -109.471
11.5 -107.876
11.5 -107.226
11.5 -108.47
11.5 -103.671
11.5 -102.77
11.5 -105.148
11.5 -106.674
11.5 -102.394
11.5 -104.364
11.5 -105.47
11.5 -103.384
11.5 -107.17
11.5 -105.041
11.5 -107.177
11.5 -102.708
11.5 -98.332
11.5 -104.808
11.5 -103.832
11.5 -108.53
11.5 -104.026
11.5 -104.727
11.5 -104.333
12.0 -99.984
12.0 -103.03
12.0 -102.773
12.0 -107.585
12.0 -105.431
12.0 -105.324
12.0 -103.408
12.0 -110.177
12.0 -105.526
12.0 -107.103
12.0 -107.801
12.0 -104.25
12.0 -103.654
12.0 -101.233
12.0 -100.146
12.0 -103.801
12.0 -103.347
12.0 -103.101
12.0 -104.661
12.0 -99.781
12.0 -104.26
12.0 -104.339
12.0 -105.297
12.0 -99.097
12.0 -98.821
12.0 -100.704
12.0 -104.547
12.0 -96.321
12.0 -100.556
12.0 -103.596
12.0 -99.797
12.0 -100.857
12.0 -99.103
12.0 -104.965
12.0 -104.192
12.0 -99.459
12.0 -99.495
12.0 -100.969
12.0 -104.602
12.0 -102.777
12.0 -100.959
12.0 -101.315
12.0 -102.862
12.0 -106.065
12.0 -103.588
12.0 -101.194
12.0 -104.464
12.0 -100.849
12.0 -101.944
12.0 -96.308
12.0 -99.46
12.0 -102.222
12.0 -104.909
12.0 -98.018
12.0 -102.373
12.0 -97.533
12.0 -96.289
12.0 -99.24
12.0 -97.558
12.0 -97.424
12.0 -101.068
12.0 -103.028
12.0 -99.514
12.0 -96.727
12.0 -101.978
12.0 -103.876
12.0 -98.067
12.0 -98.298
12.0 -94.896
12.0 -100.319
12.0 -97.168
12.0 -97.726
12.0 -96.713
12.0 -96.852
12.0 -96.373
12.0 -100.195
12.0 -99.293
12.0 -99.256
12.0 -100.84
12.0 -99.584
12.0 -103.289
12.0 -94.944
12.0 -97.832
12.0 -97.321
12.0 -104.21
12.0 -98.531
12.0 -102.925
12.0 -102.601
12.0 -100.7
12.0 -98.174
12.0 -101.225
12.0 -102.973
12.0 -98.335
12.0 -102.79
12.0 -96.344
12.0 -96.913
12.0 -101.453
12.0 -100.588
12.0 -99.883
12.0 -98.142
12.0 -99.496
14.5 -97.193
14.5 -97.174
14.5 -99.826
14.5 -97.097
14.5 -96.887
14.5 -101.128
14.5 -98.447
14.5 -101.73
14.5 -100.91
14.5 -102.125
14.5 -101.642
14.5 -93.76
14.5 -92.321
14.5 -99.134
14.5 -95.092
14.5 -92.157
14.5 -93.656
14.5 -93.295
14.5 -101.116
14.5 -99.6
14.5 -98.145
14.5 -97.624
14.5 -97.121
14.5 -98.529
14.5 -96.044
14.5 -98.476
14.5 -101.536
14.5 -97.607
14.5 -103.044
14.5 -100.233
14.5 -98.569
14.5 -100.82
14.5 -103.045
14.5 -100.822
14.5 -99.946
14.5 -97.82
14.5 -98.926
14.5 -94.983
14.5 -103.402
14.5 -100.762
14.5 -98.815
14.5 -98.132
14.5 -93.706
14.5 -97.605
14.5 -99.596
14.5 -95.681
14.5 -97.303
14.5 -92.758
14.5 -91.556
14.5 -96.697
14.5 -96.431
14.5 -96.117
14.5 -94.355
14.5 -92.843
14.5 -96.988
14.5 -95.232
14.5 -95.086
14.5 -92.571
14.5 -92.291
14.5 -100.552
14.5 -97.131
14.5 -98.521
14.5 -96.825
14.5 -97.076
14.5 -96.196
14.5 -95.135
14.5 -92.863
14.5 -98.516
14.5 -101.156
14.5 -101.801
14.5 -94.311
14.5 -94.603
14.5 -93.982
14.5 -93.388
14.5 -97.477
14.5 -95.562
14.5 -97.98
14.5 -98.89
14.5 -98.225
14.5 -98.041
14.5 -99.682
14.5 -99.21
14.5 -97.037
14.5 -99.952
14.5 -95.781
14.5 -101.176
14.5 -95.336
14.5 -93.984
14.5 -93.074
14.5 -93.031
14.5 -96.741
14.5 -94.846
14.5 -93.791
14.5 -96.362
14.5 -96.773
14.5 -95.057
14.5 -95.828
14.5 -96.109
14.5 -93.871
14.5 -92.348
14.5 -98.821
14.5 -91.997
14.5 -94.161
14.5 -92.068
14.5 -96.337
14.5 -94.135
14.5 -99.472
14.5 -95.241
14.5 -92.993
14.5 -97.323
14.5 -92.89
14.5 -91.146
14.5 -95.074
14.5 -93.909
14.5 -98.284
14.5 -97.065
14.5 -91.123
14.5 -96.091
14.5 -96.752
14.5 -96.215
14.5 -97.27
14.5 -101.361
14.5 -94.16
14.5 -93.301
14.5 -96.58
14.5 -100.654
14.5 -93.212
14.5 -101.013
14.5 -95.507
14.5 -96.572
14.5 -94.57
14.5 -95.399
14.5 -92.469
14.5 -101.317
14.5 -95.804
14.5 -92.825
14.5 -97.687
14.5 -98.043
14.5 -94.157
14.5 -97.944
14.5 -96.205
14.5 -94.965
14.5 -94.218
14.5 -96.46
14.5 -97.358
14.5 -98.406
14.5 -97.679
14.5 -95.011
14.5 -96.201
14.5 -92.601
14.5 -99.514
14.5 -95.755
14.5 -93.378
14.5 -95.831
14.5 -96.566
14.5 -96.655
14.5 -94.891
14.5 -100.155
14.5 -96.3
14.5 -97.885
14.5 -100.97
14.5 -95.374
14.5 -97.404
14.5 -94.298
14.5 -94.614
14.5 -99.243
14.5 -95.099
14.5 -98.949
14.5 -91.275
14.5 -94.885
14.5 -96.035
14.5 -92.611
14.5 -91.048
14.5 -94.826
14.5 -93.693
14.5 -96.445
14.5 -91.495
14.5 -96.735
14.5 -91.051
14.5 -92.09
14.5 -91.795
14.5 -96.44
14.5 -100.826
14.5 -92.657
14.5 -96.545
14.5 -94.925
14.5 -91.787
14.5 -93.96
14.5 -92.801
14.5 -93.377
15.5 -92.777
15.5 -96.729
15.5 -94.948
15.5 -96.162
15.5 -94.399
15.5 -94.349
15.5 -97.399
15.5 -97.131
15.5 -99.731
15.5 -95.117
15.5 -95.115
15.5 -89.83
15.5 -94.2
15.5 -92.278
15.5 -92.837
15.5 -89.248
15.5 -94.767
15.5 -90.86
15.5 -93.435
15.5 -97.939
15.5 -91.409
15.5 -91.493
15.5 -93.212
15.5 -94.939
17.0 -96.678
17.0 -95.683
17.0 -93.585
17.0 -92.602
17.0 -90.738
17.0 -91.758
17.0 -99.243
17.0 -96.334
17.0 -96.025
17.0 -92.825
17.0 -93.035
17.0 -97.314
17.0 -92.56
17.0 -95.698
17.0 -92.27
17.0 -93.596
17.0 -95.015
17.0 -92.114
17.0 -88.08
17.0 -90.607
17.0 -99.265
17.0 -97.366
17.0 -95.392
17.0 -96.553
17.0 -95.675
17.0 -95.088
17.0 -93.415
17.0 -92.766
17.0 -90.54
17.0 -95.587
17.0 -95.652
17.0 -95.251
17.0 -91.232
17.0 -89.5
17.0 -90.687
17.0 -91.101
17.0 -94.777
17.0 -95.257
17.0 -96.077
17.0 -92.926
17.0 -90.445
17.0 -90.336
17.0 -90.707
17.0 -92.072
17.0 -93.81
17.0 -94.14
17.0 -94.65
17.0 -90.642
17.0 -89.568
17.0 -90.577
17.0 -90.15
17.0 -91.15
17.0 -90.458
17.0 -97.644
17.0 -90.405
17.0 -92.038
17.0 -94.369
17.0 -89.188
17.0 -94.989
17.0 -99.424
17.0 -96.237
17.0 -97.072
17.0 -90.06
17.0 -92.476
17.0 -87.065
17.0 -86.43
17.0 -89.132
17.0 -87.796
17.0 -92.151
17.0 -89.022
17.0 -95.557
17.0 -94.531
17.0 -88.766
17.0 -87.66
17.0 -87.152
17.0 -97.362
17.0 -94.255
17.0 -94.504
17.0 -96.988
17.0 -90.66
17.0 -92.414
17.0 -91.515
17.0 -93.893
17.0 -94.74
17.0 -93.241
17.0 -94.229
17.0 -89.25
17.0 -92.464
17.0 -93.83
17.0 -92.743
17.0 -92.555
17.0 -93.632
17.0 -96.309
17.0 -91.219
17.0 -93.107
17.0 -91.828
17.0 -94.989
17.0 -93.035
17.0 -92.33
17.0 -90.53
17.0 -89.058
17.0 -93.508
17.0 -95.953
17.0 -93.1
17.0 -94.973
17.0 -90.607
17.0 -92.33
17.0 -90.324
17.0 -88.008
17.0 -85.153
17.0 -91.257
17.0 -92.253
17.0 -92.4
17.0 -90.246
17.0 -91.034
17.0 -94.836
500
-31.0 -230.978
-31.0 -164.298
-16.0 -139.61
-10.5 -134.757
-10.5 -129.003
-10.5 -129.703
-4.5 -124.011
-4.5 -117.664
-4.5 -117.008
-3.5 -117.898
-3.5 -108.996
-3.5 -115.021
-3.5 -113.136
-3.5 -114.094
-3.0 -111.433
-3.0 -115.397
-3.0 -111.93
0.0 -108.55
0.0 -108.501
0.0 -111.509
0.0 -113.866
0.0 -106.498
0.0 -108.328
0.0 -109.447
0.0 -113.421
0.0 -112.048
0.0 -105.734
0.0 -102.013
0.0 -104.953
0.0 -107.383
0.0 -108.599
0.0 -108.326
0.0 -110.7
0.0 -108.281
0.0 -107.187
0.0 -109.0
0.0 -108.568
0.0 -106.341
0.0 -105.127
0.5 -110.674
0.5 -108.694
0.5 -106.257
0.5 -104.182
0.5 -105.672
0.5 -111.431
0.5 -106.079
0.5 -103.101
0.5 -107.267
0.5 -110.963
0.5 -108.689
0.5 -105.726
0.5 -111.239
0.5 -107.949
0.5 -102.686
0.5 -104.064
0.5 -109.575
3.0 -106.21
3.0 -105.142
3.0 -104.193
3.0 -108.448
3.0 -103.018
3.0 -107.498
3.0 -106.927
3.0 -101.827
3.0 -104.987
6.5 -107.68
6.5 -100.313
6.5 -106.276
6.5 -101.29
6.5 -101.021
6.5 -105.322
6.5 -98.912
9.5 -101.47
9.5 -100.657
9.5 -99.705
9.5 -102.883
9.5 -101.833
9.5 -101.128
9.5 -100.615
11.0 -103.195
11.0 -98.349
11.0 -105.457
11.0 -99.98
11.0 -105.007
11.0 -98.921
11.0 -99.089
11.0 -99.372
11.0 -97.994
11.0 -97.071
11.0 -99.604
11.0 -98.217
11.0 -98.178
11.0 -100.229
11.0 -102.802
11.0 -104.593
11.0 -102.459
11.0 -98.754
11.0 -100.594
11.0 -103.743
11.0 -98.397
11.0 -99.566
11.0 -101.686
11.0 -99.57
11.0 -94.289
11.0 -100.794
11.0 -103.487
11.0 -98.365
11.0 -98.986
11.0 -100.798
11.0 -98.402
11.0 -101.249
11.0 -96.043
11.0 -100.734
11.0 -98.44
11.0 -102.223
11.0 -96.988
11.0 -98.234
11.0 -101.302
11.0 -97.133
11.0 -95.82
11.0 -98.328
11.0 -96.543
11.0 -100.036
11.0 -97.078
11.0 -100.437
11.0 -101.764
11.0 -103.165
11.0 -105.561
11.0 -95.468
11.0 -97.169
11.0 -97.78
11.0 -101.773
11.0 -98.711
11.0 -98.809
11.0 -101.772
11.0 -101.952
11.0 -97.348
11.0 -101.932
11.0 -100.089
11.0 -103.552
11.0 -98.67
11.0 -97.086
11.0 -98.753
11.0 -99.705
11.0 -98.581
11.0 -98.238
11.0 -99.783
11.0 -96.28
11.0 -102.178
11.0 -100.017
11.0 -98.316
11.0 -94.804
11.0 -101.254
11.0 -98.507
11.0 -92.139
11.0 -98.045
11.0 -99.817
11.0 -93.377
11.0 -97.147
11.0 -97.345
11.0 -98.73
11.0 -100.058
11.0 -95.865
11.0 -96.029
11.0 -97.135
11.0 -98.063
11.0 -97.993
11.0 -97.94
11.0 -101.219
11.0 -93.433
11.0 -95.225
11.0 -96.529
11.0 -99.136
11.0 -97.217
11.0 -97.508
11.0 -98.026
11.0 -92.573
11.0 -98.07
11.0 -95.525
11.0 -95.864
11.0 -92.66
11.0 -94.567
11.0 -96.368
13.5 -94.186
13.5 -94.483
13.5 -94.895
13.5 -95.094
13.5 -100.596
13.5 -97.774
13.5 -100.225
13.5 -98.742
13.5 -96.987
13.5 -92.182
13.5 -93.814
13.5 -97.238
13.5 -99.456
13.5 -97.397
13.5 -98.464
13.5 -98.959
13.5 -98.765
13.5 -95.159
13.5 -96.81
13.5 -94.258
13.5 -99.123
13.5 -93.213
13.5 -97.967
13.5 -93.502
13.5 -91.553
13.5 -93.284
13.5 -95.227
13.5 -96.429
13.5 -95.815
13.5 -97.318
13.5 -96.648
13.5 -94.577
13.5 -97.402
13.5 -95.636
13.5 -95.191
13.5 -93.272
13.5 -94.978
13.5 -97.683
13.5 -95.728
13.5 -94.678
13.5 -99.269
13.5 -101.583
13.5 -99.009
13.5 -96.881
13.5 -93.376
13.5 -95.105
13.5 -96.441
13.5 -95.317
13.5 -94.501
13.5 -95.779
13.5 -94.46
13.5 -95.596
13.5 -93.834
13.5 -96.229
13.5 -97.371
13.5 -96.485
13.5 -94.786
13.5 -93.584
13.5 -97.478
13.5 -96.057
13.5 -99.352
13.5 -92.708
13.5 -88.944
13.5 -94.586
18.5 -93.908
18.5 -95.459
18.5 -97.208
18.5 -99.964
18.5 -97.772
18.5 -99.554
18.5 -92.452
18.5 -91.105
18.5 -98.289
18.5 -98.71
18.5 -97.086
18.5 -96.557
18.5 -96.352
18.5 -91.198
18.5 -95.778
18.5 -94.251
18.5 -95.077
18.5 -92.441
18.5 -92.131
18.5 -92.224
18.5 -91.043
18.5 -92.98
18.5 -94.498
18.5 -94.144
18.5 -92.407
18.5 -95.83
18.5 -94.771
18.5 -94.982
18.5 -91.105
18.5 -91.251
18.5 -97.251
18.5 -92.128
18.5 -92.601
18.5 -89.983
18.5 -87.992
18.5 -96.013
18.5 -93.421
18.5 -90.738
18.5 -94.363
18.5 -93.581
18.5 -92.559
18.5 -94.377
18.5 -95.483
18.5 -93.59
18.5 -97.587
18.5 -96.773
18.5 -94.683
18.5 -93.148
18.5 -93.356
18.5 -95.357
18.5 -94.526
18.5 -94.273
18.5 -92.684
18.5 -90.405
18.5 -91.832
18.5 -94.827
18.5 -90.886
18.5 -98.95
18.5 -103.039
18.5 -94.891
18.5 -97.203
18.5 -92.854
18.5 -90.242
18.5 -97.574
18.5 -96.639
18.5 -92.933
18.5 -93.339
18.5 -92.02
18.5 -93.939
18.5 -93.76
18.5 -96.613
18.5 -96.578
18.5 -93.864
18.5 -96.646
18.5 -97.156
18.5 -95.793
18.5 -95.267
18.5 -93.094
18.5 -94.745
18.5 -96.176
18.5 -93.556
18.5 -95.097
18.5 -93.474
18.5 -96.042
18.5 -94.054
18.5 -96.733
18.5 -94.933
18.5 -96.214
18.5 -94.364
18.5 -95.294
18.5 -94.938
18.5 -93.176
18.5 -92.098
18.5 -99.613
18.5 -96.521
18.5 -96.148
18.5 -89.718
18.5 -91.558
18.5 -92.561
18.5 -94.632
18.5 -93.484
18.5 -93.701
18.5 -91.996
18.5 -92.276
18.5 -92.848
18.5 -96.799
18.5 -93.727
18.5 -86.156
18.5 -91.45
18.5 -92.71
18.5 -94.933
18.5 -96.322
18.5 -92.055
18.5 -93.681
18.5 -92.699
18.5 -100.288
18.5 -96.102
18.5 -96.558
18.5 -94.942
18.5 -93.641
18.5 -94.057
18.5 -95.47
18.5 -96.438
18.5 -95.544
18.5 -94.497
18.5 -94.86
18.5 -95.061
18.5 -91.887
18.5 -97.717
18.5 -95.434
18.5 -95.676
18.5 -91.565
18.5 -94.423
18.5 -96.928
18.5 -94.303
18.5 -98.69
18.5 -95.406
18.5 -95.381
18.5 -97.06
18.5 -90.436
18.5 -94.958
18.5 -96.337
18.5 -90.634
18.5 -92.276
18.5 -92.848
18.5 -92.641
18.5 -91.123
18.5 -94.524
18.5 -96.506
18.5 -92.426
18.5 -92.792
18.5 -98.693
18.5 -93.062
18.5 -92.918
18.5 -93.184
18.5 -92.18
18.5 -91.377
18.5 -92.735
18.5 -96.317
18.5 -99.744
18.5 -92.779
18.5 -91.874
18.5 -94.479
18.5 -94.105
18.5 -91.568
18.5 -93.047
18.5 -96.877
18.5 -92.378
18.5 -94.534
18.5 -93.204
18.5 -94.119
18.5 -89.991
18.5 -92.532
18.5 -89.228
18.5 -89.802
18.5 -93.413
18.5 -94.574
18.5 -90.094
18.5 -92.342
18.5 -93.256
18.5 -94.234
18.5 -90.111
18.5 -92.844
18.5 -95.229
18.5 -91.771
18.5 -91.359
18.5 -91.771
18.5 -96.471
18.5 -96.504
18.5 -93.631
18.5 -89.025
18.5 -90.161
18.5 -93.921
18.5 -91.183
18.5 -94.044
18.5 -94.737
18.5 -91.686
18.5 -93.493
18.5 -96.539
18.5 -98.952
18.5 -94.14
18.5 -95.212
18.5 -94.494
18.5 -93.887
18.5 -91.775
18.5 -93.688
18.5 -95.547
18.5 -94.4
18.5 -92.415
18.5 -91.492
18.5 -95.108
18.5 -98.346
18.5 -94.476
18.5 -92.586
18.5 -92.625
18.5 -87.172
18.5 -91.161
18.5 -94.473
18.5 -97.327
18.5 -94.518
18.5 -92.101
18.5 -93.757
18.5 -88.115
18.5 -91.135
18.5 -92.362
18.5 -93.501
18.5 -92.704
18.5 -94.337
18.5 -93.668
18.5 -94.07
18.5 -91.425
18.5 -93.757
18.5 -91.859
18.5 -91.423
18.5 -92.103
18.5 -94.231
18.5 -96.182
18.5 -95.442
18.5 -90.234
18.5 -95.362
18.5 -93.21
18.5 -90.81
18.5 -91.929
18.5 -89.081
18.5 -93.531
18.5 -95.426
18.5 -91.719
18.5 -95.078
18.5 -94.822
18.5 -92.759
18.5 -91.603
18.5 -92.046
18.5 -95.301
500
-58.5 -223.297
-17.5 -170.449
-11.5 -148.251
-11.5 -135.916
-11.0 -125.465
-11.0 -127.024
2.0 -122.245
2.0 -122.886
2.0 -120.219
2.0 -115.771
2.0 -120.063
2.0 -114.372
2.0 -112.451
2.0 -113.687
2.0 -113.892
2.0 -112.874
2.0 -109.332
2.0 -116.72
5.5 -111.965
5.5 -114.54
5.5 -107.431
5.5 -107.22
5.5 -103.749
5.5 -107.035
5.5 -108.396
5.5 -108.751
5.5 -107.716
5.5 -107.01
5.5 -108.195
5.5 -106.821
5.5 -110.174
5.5 -110.566
5.5 -104.842
5.5 -108.583
5.5 -106.25
5.5 -105.872
5.5 -102.592
5.5 -107.514
5.5 -108.618
5.5 -106.319
5.5 -105.532
5.5 -105.413
5.5 -108.832
5.5 -108.811
5.5 -109.344
5.5 -109.84
5.5 -110.156
5.5 -106.826
5.5 -109.964
5.5 -102.569
5.5 -101.876
5.5 -108.376
5.5 -105.506
5.5 -104.012
5.5 -103.445
5.5 -103.89
5.5 -102.57
5.5 -101.009
5.5 -99.556
5.5 -99.476
5.5 -108.144
17.0 -98.864
17.0 -97.782
17.0 -100.107
17.0 -103.577
17.0 -103.693
17.0 -102.371
17.0 -98.859
17.0 -96.783
17.0 -99.234
17.0 -99.243
17.0 -98.469
17.0 -101.345
17.0 -104.575
17.0 -103.533
17.0 -100.426
17.0 -103.568
17.0 -99.103
17.0 -97.14
17.0 -99.649
17.0 -99.727
17.0 -97.671
17.0 -96.915
17.0 -101.59
17.0 -101.842
17.0 -102.71
17.0 -99.569
17.0 -101.667
17.0 -103.787
17.0 -101.613
17.0 -96.404
17.0 -97.399
17.0 -93.978
17.0 -97.596
17.0 -101.917
17.0 -103.013
17.0 -98.28
17.0 -106.219
17.0 -98.152
17.0 -96.863
17.0 -101.005
17.0 -95.416
17.0 -96.622
17.0 -94.525
17.0 -96.27
17.0 -97.265
17.0 -99.198
17.0 -98.856
17.0 -101.9
17.0 -101.606
17.0 -101.463
17.0 -100.526
17.0 -102.334
17.0 -98.413
17.0 -98.799
17.0 -99.06
17.0 -102.108
17.0 -99.548
17.0 -100.202
17.0 -99.144
17.0 -95.946
17.0 -96.057
17.0 -99.211
17.0 -101.39
17.0 -100.262
17.0 -100.141
17.0 -102.484
17.0 -99.195
17.0 -97.836
17.0 -100.28
17.0 -102.242
17.0 -100.144
17.0 -96.098
17.0 -97.917
17.0 -100.773
17.0 -100.655
17.0 -97.916
17.0 -98.333
17.0 -97.692
17.0 -96.298
17.0 -101.509
17.0 -96.179
17.0 -95.53
17.0 -93.898
17.0 -91.152
17.0 -95.526
17.0 -100.413
17.0 -95.776
17.0 -97.656
17.0 -100.166
17.0 -100.068
17.0 -96.316
17.0 -94.911
17.0 -92.339
17.0 -96.988
17.0 -96.682
17.0 -95.543
17.0 -97.856
17.0 -98.841
17.0 -104.029
17.0 -97.048
17.0 -98.517
17.0 -97.986
17.0 -100.461
17.0 -105.345
17.0 -100.068
17.0 -94.29
17.0 -97.176
17.0 -96.244
17.0 -94.613
17.0 -96.898
17.0 -93.194
17.0 -93.74
17.0 -96.801
17.0 -94.796
17.0 -91.295
17.0 -96.737
17.0 -92.844
17.0 -98.7
17.0 -95.757
17.0 -94.313
17.0 -92.518
17.0 -93.683
17.0 -94.575
17.0 -92.1
17.0 -94.82
17.0 -93.624
17.0 -95.289
17.0 -90.545
17.0 -92.21
17.0 -94.834
17.0 -98.779
17.0 -93.989
17.0 -94.749
17.0 -94.605
17.0 -95.252
17.0 -99.62
17.0 -96.301
17.0 -94.25
17.0 -92.102
17.0 -94.11
17.0 -94.786
17.0 -96.762
17.0 -89.151
17.0 -93.232
17.0 -90.257
17.0 -94.616
17.0 -93.801
17.0 -93.843
17.0 -94.714
17.0 -92.657
17.0 -93.933
17.0 -92.851
17.0 -94.128
17.0 -97.697
17.0 -90.853
17.0 -91.165
17.0 -94.385
17.0 -92.12
17.0 -98.12
17.0 -96.71
17.0 -98.443
17.0 -94.033
17.0 -96.538
17.0 -92.585
17.0 -91.718
17.0 -91.099
17.0 -96.242
17.0 -96.345
17.0 -97.016
17.0 -94.677
17.0 -94.514
17.0 -93.428
17.0 -92.316
17.0 -90.923
17.0 -93.189
17.0 -94.976
17.0 -89.857
17.0 -95.103
17.0 -92.872
17.0 -94.847
17.0 -97.125
17.0 -95.69
17.0 -94.378
17.0 -92.795
17.0 -94.276
17.0 -93.169
17.0 -96.418
17.0 -101.448
17.0 -94.931
17.0 -89.732
17.0 -95.551
17.0 -95.09
17.0 -93.276
17.0 -99.691
17.0 -97.782
17.0 -92.572
17.0 -92.157
17.0 -91.611
17.0 -89.192
17.0 -91.258
17.0 -91.916
17.0 -95.553
17.0 -97.235
17.0 -97.518
17.0 -96.172
17.0 -94.358
17.0 -97.914
17.0 -91.149
17.0 -91.56
17.0 -95.125
17.0 -95.846
17.0 -90.16
17.0 -95.107
17.0 -94.901
17.0 -97.023
17.0 -94.314
17.0 -92.204
17.0 -94.922
17.0 -91.859
17.0 -94.319
17.0 -97.224
17.0 -91.359
17.0 -92.79
17.0 -96.476
17.0 -96.815
17.0 -100.306
17.0 -93.455
17.0 -98.783
17.0 -89.167
17.0 -95.207
17.0 -94.069
17.0 -90.482
17.0 -92.778
17.0 -91.387
17.0 -93.856
17.0 -91.049
17.0 -93.259
17.0 -95.015
17.0 -88.991
17.0 -92.356
17.0 -94.974
17.0 -93.665
17.0 -95.417
17.0 -91.457
17.0 -98.164
17.0 -95.218
17.0 -93.542
17.0 -91.8
17.0 -92.323
17.0 -92.08
17.0 -95.949
17.0 -94.86
17.0 -90.861
17.0 -94.404
17.0 -94.494
17.0 -93.078
17.0 -92.174
17.0 -94.778
17.0 -90.112
17.0 -92.631
17.0 -86.638
17.0 -90.165
17.0 -93.837
17.0 -92.82
17.0 -90.255
17.0 -97.23
17.0 -93.752
17.0 -94.399
17.0 -94.487
17.0 -92.934
17.0 -94.442
17.0 -95.329
17.0 -93.761
17.0 -90.308
17.0 -87.866
17.0 -89.203
17.0 -92.65
17.0 -92.527
17.0 -91.694
17.0 -95.486
17.0 -95.697
17.0 -91.256
17.0 -90.648
17.0 -94.23
17.0 -90.39
17.0 -91.832
17.0 -94.157
17.0 -97.502
17.0 -91.986
17.0 -91.891
17.0 -94.644
17.0 -95.713
17.0 -89.511
17.0 -93.948
17.0 -95.448
17.0 -94.494
17.0 -94.222
17.0 -90.661
17.0 -96.588
17.0 -92.531
17.0 -91.326
17.0 -90.937
17.0 -92.508
17.0 -91.644
17.0 -92.934
17.0 -90.799
17.0 -93.68
17.0 -92.229
17.0 -91.241
17.0 -93.332
17.0 -91.888
17.0 -93.743
17.0 -95.342
17.0 -95.17
17.0 -94.533
17.0 -89.494
17.0 -87.758
17.0 -91.405
17.0 -94.978
17.0 -90.579
17.0 -90.733
17.0 -95.531
17.0 -98.528
17.0 -95.782
17.0 -95.0
17.0 -95.105
17.0 -89.059
17.0 -96.87
17.0 -92.443
17.0 -99.005
17.0 -92.414
17.0 -95.563
17.0 -91.58
17.0 -88.367
17.0 -90.242
17.0 -87.97
17.0 -90.909
17.0 -91.747
17.0 -85.922
17.0 -92.946
17.0 -93.861
17.0 -95.124
17.0 -90.732
17.0 -96.546
17.0 -95.376
17.0 -97.33
17.0 -91.931
17.0 -89.429
17.0 -90.075
17.0 -89.452
17.0 -94.835
17.0 -89.998
17.0 -94.798
17.0 -92.102
17.0 -92.031
17.0 -93.715
17.0 -93.22
17.0 -94.277
17.0 -95.301
17.0 -94.27
17.0 -95.319
17.0 -92.588
17.0 -92.066
17.0 -89.953
17.0 -96.374
17.0 -95.596
17.0 -94.863
17.0 -95.75
17.0 -93.445
17.0 -92.047
17.0 -95.788
17.0 -89.293
17.0 -89.171
17.0 -89.268
17.0 -86.218
17.0 -94.562
17.0 -88.969
17.0 -92.909
17.0 -93.924
17.0 -92.064
17.0 -85.688
17.0 -87.163
17.0 -93.28
17.0 -90.426
17.0 -92.829
17.0 -92.005
17.0 -89.543
17.0 -93.932
17.0 -91.291
17.0 -96.909
17.0 -94.138
17.0 -91.629
17.0 -89.661
17.0 -98.515
17.0 -92.498
17.0 -92.626
17.0 -97.164
17.0 -87.982
17.0 -91.494
17.0 -92.831
17.0 -89.869
17.0 -93.815
17.0 -91.933
17.0 -90.073
17.0 -95.585
17.0 -91.435
17.0 -89.528
17.0 -85.758
17.0 -87.727
17.0 -93.852
17.0 -90.993
17.0 -94.271
17.0 -91.508
17.0 -94.649
17.0 -93.931
17.0 -92.971
17.0 -93.488
17.0 -89.415
17.0 -88.121
17.0 -92.121
17.0 -88.438
17.0 -94.714
17.0 -88.108
17.0 -87.865
17.0 -89.677
17.0 -92.932
17.0 -90.576
17.0 -91.466
17.0 -88.991
17.0 -89.519
17.0 -87.652
17.0 -88.343
17.0 -92.035
17.0 -90.127
17.0 -90.422
17.0 -91.017
17.0 -89.478
17.0 -92.196
17.0 -90.407
500
-44.5 -231.926
-38.5 -170.076
-31.5 -145.263
-24.0 -135.601
-23.0 -124.622
-8.0 -127.545
-8.0 -124.681
-8.0 -120.296
-8.0 -119.734
-8.0 -115.466
-8.0 -118.97
-8.0 -122.098
-8.0 -116.386
5.0 -115.009
5.0 -116.231
5.0 -114.272
5.0 -110.623
5.0 -113.651
5.0 -111.349
5.0 -111.888
5.0 -114.802
5.0 -111.642
5.0 -112.961
5.0 -118.604
5.0 -118.879
5.0 -113.923
5.0 -113.738
5.0 -110.597
5.0 -109.002
5.0 -111.583
5.0 -104.993
5.0 -110.245
5.0 -110.806
5.0 -108.691
5.0 -103.641
5.0 -105.179
5.0 -105.196
5.0 -109.136
5.0 -108.732
5.0 -105.247
5.0 -105.05
5.0 -101.53
5.0 -108.447
5.0 -109.951
5.0 -108.041
5.0 -107.177
5.0 -105.079
11.5 -101.991
11.5 -102.613
11.5 -102.867
11.5 -104.822
11.5 -101.191
11.5 -101.491
11.5 -102.264
11.5 -105.311
11.5 -107.723
11.5 -101.077
11.5 -103.964
11.5 -103.995
11.5 -105.766
11.5 -99.309
11.5 -102.093
11.5 -104.296
11.5 -102.183
11.5 -99.897
11.5 -101.728
12.0 -103.322
12.0 -103.652
12.0 -101.689
12.0 -106.203
12.0 -101.322
12.0 -101.105
12.5 -99.894
12.5 -99.463
12.5 -98.971
12.5 -104.405
12.5 -102.864
12.5 -101.206
12.5 -99.696
12.5 -103.708
12.5 -97.635
12.5 -98.553
12.5 -101.615
12.5 -96.334
12.5 -96.248
12.5 -96.812
12.5 -103.081
12.5 -105.574
12.5 -100.694
12.5 -100.74
12.5 -103.022
12.5 -98.945
12.5 -94.487
12.5 -97.906
12.5 -95.881
12.5 -92.483
12.5 -98.103
12.5 -98.825
12.5 -101.234
12.5 -96.434
12.5 -98.177
12.5 -101.943
12.5 -98.059
12.5 -97.822
12.5 -100.401
12.5 -99.426
12.5 -96.622
12.5 -95.673
12.5 -99.098
12.5 -101.729
12.5 -103.196
12.5 -98.214
12.5 -101.98
12.5 -100.564
12.5 -95.425
12.5 -97.033
12.5 -96.874
12.5 -96.312
12.5 -98.021
12.5 -100.245
12.5 -102.291
12.5 -99.682
12.5 -97.781
12.5 -101.848
12.5 -98.283
12.5 -96.417
12.5 -93.974
12.5 -94.303
12.5 -96.509
12.5 -95.146
12.5 -96.217
12.5 -98.294
12.5 -96.567
12.5 -95.631
12.5 -98.522
12.5 -95.074
12.5 -94.785
12.5 -94.732
12.5 -95.047
12.5 -95.437
12.5 -95.507
12.5 -98.838
12.5 -93.922
12.5 -102.535
12.5 -102.37
12.5 -99.314
12.5 -95.379
13.5 -97.535
13.5 -94.952
13.5 -97.917
13.5 -95.686
13.5 -95.292
13.5 -99.002
13.5 -99.835
13.5 -98.07
13.5 -96.735
13.5 -96.057
13.5 -100.148
13.5 -98.22
13.5 -93.931
13.5 -96.523
13.5 -100.641
13.5 -98.083
13.5 -99.783
13.5 -97.461
13.5 -93.034
13.5 -102.893
13.5 -96.79
13.5 -93.75
13.5 -101.595
13.5 -99.913
13.5 -98.697
13.5 -96.549
13.5 -96.093
13.5 -102.143
13.5 -96.684
13.5 -100.815
13.5 -98.995
13.5 -96.584
13.5 -97.134
13.5 -93.952
13.5 -90.494
13.5 -96.901
13.5 -93.133
13.5 -92.978
13.5 -100.034
13.5 -98.248
13.5 -100.82
13.5 -99.7
13.5 -96.573
13.5 -94.463
13.5 -102.291
13.5 -99.978
13.5 -92.765
13.5 -96.838
13.5 -94.863
13.5 -96.566
13.5 -92.932
13.5 -95.792
13.5 -97.396
13.5 -95.658
13.5 -92.108
13.5 -92.497
13.5 -92.269
16.5 -93.589
16.5 -97.036
16.5 -93.655
16.5 -96.276
16.5 -94.183
16.5 -94.785
16.5 -94.166
16.5 -92.384
16.5 -98.044
16.5 -97.764
16.5 -93.733
16.5 -97.653
16.5 -94.85
16.5 -96.921
16.5 -98.868
16.5 -94.544
16.5 -96.413
16.5 -92.013
16.5 -94.118
16.5 -95.498
16.5 -93.416
16.5 -97.253
16.5 -95.093
16.5 -93.247
16.5 -93.212
16.5 -101.421
16.5 -97.828
16.5 -92.602
16.5 -93.355
16.5 -91.309
16.5 -98.074
16.5 -97.218
16.5 -96.71
16.5 -97.992
16.5 -95.071
16.5 -94.945
16.5 -97.608
16.5 -94.461
16.5 -92.579
16.5 -95.746
16.5 -93.608
16.5 -92.705
16.5 -97.35
16.5 -98.646
16.5 -99.208
16.5 -102.324
16.5 -96.747
16.5 -98.463
16.5 -95.888
16.5 -94.864
16.5 -99.28
16.5 -94.237
16.5 -96.436
16.5 -95.208
16.5 -93.276
16.5 -95.159
16.5 -99.626
16.5 -93.398
16.5 -95.886
16.5 -92.935
16.5 -100.472
16.5 -96.19
16.5 -95.88
16.5 -96.691
16.5 -95.437
16.5 -93.814
16.5 -95.822
16.5 -94.029
16.5 -92.86
16.5 -91.089
16.5 -88.301
16.5 -93.841
16.5 -95.629
16.5 -92.342
16.5 -94.796
16.5 -95.649
16.5 -98.708
16.5 -94.807
16.5 -91.643
16.5 -95.801
16.5 -93.283
16.5 -97.267
16.5 -91.899
16.5 -95.795
16.5 -94.455
16.5 -98.983
16.5 -95.815
16.5 -100.213
16.5 -93.758
16.5 -95.216
16.5 -91.72
16.5 -96.102
16.5 -96.045
16.5 -94.696
16.5 -96.341
16.5 -94.062
16.5 -94.34
16.5 -98.603
16.5 -88.508
16.5 -93.918
16.5 -96.63
16.5 -90.601
16.5 -92.224
16.5 -95.695
16.5 -92.756
16.5 -96.333
16.5 -91.597
16.5 -91.511
16.5 -91.746
16.5 -92.904
16.5 -94.075
16.5 -89.096
16.5 -96.728
16.5 -95.788
16.5 -92.115
16.5 -96.226
16.5 -92.809
16.5 -95.634
16.5 -96.363
16.5 -92.249
16.5 -93.925
16.5 -94.256
16.5 -93.269
16.5 -88.335
16.5 -93.152
16.5 -94.532
16.5 -98.573
16.5 -94.177
16.5 -90.965
16.5 -88.762
16.5 -93.356
16.5 -91.563
16.5 -84.132
16.5 -89.624
16.5 -97.65
16.5 -94.479
16.5 -90.651
16.5 -96.288
16.5 -94.951
16.5 -93.936
16.5 -91.698
16.5 -90.407
16.5 -88.64
16.5 -93.457
16.5 -93.853
16.5 -96.214
16.5 -91.674
16.5 -96.086
16.5 -94.209
16.5 -94.051
16.5 -91.607
16.5 -92.334
16.5 -89.927
16.5 -93.521
16.5 -90.212
16.5 -91.455
16.5 -93.553
16.5 -94.762
16.5 -91.885
21.0 -95.691
21.0 -93.794
21.0 -90.262
21.0 -90.714
21.0 -90.384
21.0 -93.646
21.0 -91.829
21.0 -93.118
21.0 -91.364
21.0 -92.264
21.0 -89.087
21.0 -93.97
21.0 -91.324
21.0 -92.942
21.0 -90.19
21.0 -89.508
21.0 -94.481
21.0 -95.468
21.0 -93.692
21.0 -94.175
21.0 -93.952
21.0 -98.157
21.0 -91.88
21.0 -87.709
21.0 -92.962
21.0 -92.402
21.0 -95.922
21.0 -89.319
21.0 -95.431
21.0 -95.031
21.0 -94.259
21.0 -91.965
21.0 -88.898
21.0 -91.583
21.0 -96.162
21.0 -94.59
21.0 -97.521
21.0 -94.297
21.0 -93.425
21.0 -91.489
21.0 -90.739
21.0 -90.871
21.0 -96.328
21.0 -90.918
21.0 -91.795
21.0 -93.524
21.0 -96.021
21.0 -98.033
21.0 -94.296
21.0 -87.245
21.0 -92.588
21.0 -91.46
21.0 -92.788
21.0 -93.081
21.0 -95.704
21.0 -90.525
21.0 -94.071
21.0 -92.157
21.0 -93.361
21.0 -93.684
21.0 -94.697
21.0 -91.176
21.0 -86.939
21.0 -88.165
21.0 -89.052
21.0 -90.745
21.0 -89.887
21.0 -95.058
21.0 -92.059
21.0 -88.792
21.0 -91.079
21.0 -93.392
21.0 -91.304
21.0 -89.576
21.0 -84.997
21.0 -92.989
21.0 -88.828
21.0 -93.215
21.0 -90.966
21.0 -91.49
21.0 -94.953
21.0 -91.029
21.0 -92.968
21.0 -89.162
21.0 -87.747
21.0 -92.933
21.0 -92.93
21.0 -88.926
21.0 -91.441
21.0 -88.241
21.0 -90.408
21.0 -89.657
21.0 -93.702
21.0 -90.419
21.0 -88.701
21.0 -88.82
21.0 -89.648
21.0 -88.237
21.0 -91.894
21.0 -90.139
21.0 -89.961
21.0 -93.358
21.0 -92.231
21.0 -91.301
21.0 -92.386
21.0 -92.733
21.0 -88.771
21.0 -94.946
21.0 -93.655
21.0 -91.835
21.0 -94.53
21.0 -94.961
21.0 -90.624
21.0 -92.956
21.0 -90.016
21.0 -93.813
21.0 -86.97
21.0 -89.962
21.0 -92.978
21.0 -87.838
21.0 -89.111
21.0 -91.334
21.0 -87.909
21.0 -94.617
21.0 -91.084
21.0 -89.04
21.0 -90.472
21.0 -86.513
21.0 -90.988
21.0 -91.137
21.0 -90.925
21.0 -90.818
21.0 -92.523
21.0 -89.77
21.0 -88.964
21.0 -88.334
21.0 -92.092
500
-56.0 -235.384
-24.0 -167.082
-16.0 -140.723
-14.5 -135.368
-14.5 -131.324
-14.5 -120.862
-8.0 -118.271
-2.5 -120.725
-2.5 -118.178
-2.5 -114.577
-2.5 -114.989
-2.5 -111.792
-2.5 -117.185
-2.5 -111.446
-2.5 -111.364
-2.5 -110.383
-2.5 -113.132
-2.5 -110.611
-2.5 -111.371
13.0 -111.896
13.0 -109.376
13.0 -106.746
13.0 -108.767
13.0 -109.095
13.0 -107.719
13.0 -115.28
13.0 -111.256
13.0 -113.481
13.0 -106.583
13.0 -111.537
13.0 -107.204
13.0 -104.94
13.0 -110.337
13.0 -103.402
13.0 -105.387
13.0 -107.188
13.0 -108.535
13.0 -103.87
13.0 -102.884
13.0 -104.759
13.0 -104.252
13.0 -105.308
13.0 -107.373
13.0 -104.296
13.0 -103.246
13.0 -108.865
13.0 -100.92
13.0 -105.819
13.0 -101.108
13.0 -105.821
13.0 -104.237
13.0 -103.619
13.0 -105.621
13.0 -107.966
13.0 -104.745
13.0 -103.879
13.0 -102.207
13.0 -102.651
13.0 -104.07
13.0 -104.313
13.0 -103.847
13.0 -104.085
13.0 -108.432
13.0 -105.721
13.0 -100.912
13.0 -103.149
13.0 -104.817
13.0 -105.348
13.0 -103.729
13.0 -100.844
13.0 -105.946
13.0 -106.85
13.0 -102.103
13.0 -96.328
13.0 -103.615
13.0 -103.444
13.0 -102.633
13.0 -104.171
13.0 -104.481
13.0 -104.944
13.0 -100.907
13.0 -101.346
13.0 -99.093
13.0 -102.274
13.0 -100.635
13.0 -99.021
13.0 -99.903
13.0 -105.188
13.0 -101.604
13.0 -99.155
13.0 -103.158
13.0 -104.111
13.0 -100.202
13.0 -101.373
13.0 -106.904
13.0 -97.249
13.0 -101.079
13.0 -103.572
13.0 -100.947
13.0 -102.64
13.0 -98.257
13.0 -101.222
13.0 -99.393
13.0 -103.238
13.0 -102.625
13.0 -98.744
13.0 -96.171
13.0 -101.997
13.0 -99.278
13.0 -96.709
13.0 -99.206
13.0 -103.188
13.0 -98.237
13.0 -97.707
13.0 -95.624
13.0 -95.988
13.0 -93.31
13.0 -100.404
13.0 -96.931
13.0 -101.137
13.0 -102.19
13.0 -99.098
13.0 -101.178
13.0 -100.59
13.0 -97.717
13.0 -95.933
13.0 -98.605
13.0 -97.505
13.0 -103.214
13.0 -100.509
13.0 -98.718
13.0 -105.165
13.0 -100.623
13.0 -99.109
13.0 -99.559
13.0 -102.952
13.0 -99.461
13.0 -100.199
13.0 -99.676
13.0 -99.113
13.0 -98.556
13.0 -95.459
13.0 -98.357
13.0 -95.009
13.0 -97.483
13.0 -96.374
13.0 -96.826
13.0 -96.662
13.0 -99.387
13.0 -97.574
13.0 -101.512
13.0 -94.376
13.0 -98.535
13.0 -95.372
13.0 -99.469
13.0 -101.494
13.0 -100.023
13.0 -97.837
13.0 -100.309
13.0 -96.322
13.0 -96.003
13.0 -97.313
13.0 -96.37
13.0 -95.028
13.0 -100.606
13.0 -98.639
13.0 -99.242
13.0 -94.2
13.0 -96.008
13.0 -99.705
13.0 -97.95
13.0 -92.684
13.0 -95.418
13.0 -98.84
13.0 -99.608
13.0 -101.092
13.0 -102.047
13.0 -92.855
13.0 -97.273
13.0 -96.184
13.0 -94.896
13.0 -99.024
13.0 -95.3
13.0 -93.582
13.0 -96.937
13.0 -104.756
13.0 -95.414
13.0 -96.371
13.0 -99.228
13.0 -96.517
13.0 -92.746
13.0 -94.681
13.0 -93.174
13.0 -98.91
13.0 -100.375
13.0 -94.981
13.0 -100.089
13.0 -97.027
13.0 -93.346
13.0 -91.952
13.0 -97.573
13.0 -97.943
13.0 -96.483
13.0 -93.047
13.0 -93.865
13.0 -94.961
13.0 -94.872
13.0 -98.803
13.0 -95.307
13.0 -97.856
13.0 -94.473
13.0 -94.62
13.0 -94.455
13.0 -96.434
13.0 -96.08
13.0 -97.2
13.0 -95.054
13.0 -96.434
13.0 -94.484
13.0 -95.601
13.0 -95.976
13.0 -91.849
13.0 -92.277
13.0 -93.809
13.0 -94.157
13.0 -100.143
13.0 -98.613
13.0 -98.021
13.0 -96.583
13.0 -98.213
13.0 -98.347
13.0 -95.479
13.0 -95.827
13.0 -94.478
13.0 -91.175
13.0 -95.771
13.0 -99.134
13.0 -95.733
13.0 -94.613
13.0 -99.716
13.0 -92.642
13.0 -96.659
13.0 -94.484
13.0 -97.762
13.0 -96.286
13.0 -94.709
13.0 -97.78
13.0 -96.573
13.0 -98.092
13.0 -98.414
13.0 -95.776
13.0 -93.16
13.0 -92.281
13.0 -97.724
13.0 -95.661
16.5 -99.568
16.5 -93.622
16.5 -95.995
16.5 -99.128
16.5 -93.527
16.5 -93.103
16.5 -96.596
16.5 -99.38
16.5 -95.53
16.5 -99.355
16.5 -95.542
16.5 -93.617
16.5 -94.693
16.5 -92.573
16.5 -96.745
16.5 -89.943
16.5 -97.61
16.5 -99.883
16.5 -94.7
16.5 -96.54
16.5 -95.666
16.5 -97.019
16.5 -94.579
16.5 -97.222
16.5 -92.331
16.5 -101.607
16.5 -91.537
16.5 -97.637
16.5 -95.497
16.5 -92.157
16.5 -90.474
16.5 -92.482
16.5 -91.794
16.5 -94.356
16.5 -93.717
16.5 -96.956
16.5 -93.824
16.5 -91.28
16.5 -93.983
16.5 -96.771
16.5 -94.319
16.5 -96.49
16.5 -99.505
16.5 -94.062
16.5 -96.504
16.5 -96.804
16.5 -92.156
16.5 -91.678
16.5 -96.515
16.5 -92.64
16.5 -102.539
16.5 -93.29
16.5 -95.92
16.5 -94.089
16.5 -95.124
16.5 -95.898
16.5 -92.227
16.5 -93.889
16.5 -93.735
16.5 -93.614
16.5 -93.924
16.5 -89.555
16.5 -95.365
16.5 -94.362
16.5 -92.48
19.0 -92.844
19.0 -94.923
19.0 -98.79
19.0 -94.966
19.0 -93.556
19.0 -97.437
19.0 -95.545
19.0 -92.742
19.0 -92.85
19.0 -94.959
19.0 -95.583
19.0 -93.753
19.0 -97.577
19.0 -95.298
19.0 -92.919
19.0 -90.397
19.0 -94.083
19.0 -96.825
19.0 -96.147
19.0 -96.643
19.0 -91.039
19.0 -94.363
19.0 -94.589
19.0 -96.009
19.0 -95.494
19.0 -94.264
19.0 -93.711
19.0 -90.756
19.0 -94.359
19.0 -92.555
19.0 -95.201
19.0 -92.502
19.0 -92.424
19.0 -92.428
19.0 -98.821
19.0 -97.969
19.0 -91.871
19.0 -93.65
19.0 -93.91
19.0 -91.43
19.0 -93.748
19.0 -95.586
19.0 -93.352
19.0 -94.476
19.0 -96.936
19.0 -97.979
19.0 -94.905
19.0 -92.195
19.0 -97.233
19.0 -93.531
19.0 -95.146
19.0 -99.209
19.0 -97.994
19.0 -91.95
19.0 -90.629
19.0 -90.047
19.0 -93.705
19.0 -94.521
19.0 -93.511
19.0 -97.136
19.0 -96.398
19.0 -93.742
19.0 -90.226
19.0 -91.045
19.0 -92.361
19.0 -95.021
19.0 -93.837
19.0 -93.705
19.0 -91.014
19.0 -92.31
19.0 -91.861
19.0 -91.993
19.0 -92.864
19.0 -93.484
19.0 -95.086
19.0 -93.469
19.0 -92.486
19.0 -90.129
19.0 -92.097
19.0 -96.503
19.0 -93.414
19.0 -90.084
19.0 -91.459
19.0 -94.575
19.0 -92.846
19.0 -90.633
19.0 -93.082
19.0 -88.24
19.0 -90.818
19.0 -90.912
19.0 -91.768
19.0 -97.299
19.0 -90.896
19.0 -92.54
19.0 -90.797
19.0 -90.931
19.0 -92.005
19.0 -89.709
19.0 -92.029
19.0 -91.395
19.0 -96.555
19.0 -95.428
19.0 -86.675
19.0 -90.78
19.0 -91.156
19.0 -91.843
19.0 -92.43
19.0 -92.209
19.0 -94.743
19.0 -94.518
19.0 -91.367
19.0 -91.52
19.0 -93.551
19.0 -95.65
19.0 -92.796
19.0 -96.819
19.0 -98.625
19.0 -96.046
19.0 -86.003
19.0 -89.473
19.0 -93.152
19.0 -94.835
19.0 -93.281
19.0 -93.239
19.0 -94.531
19.0 -89.114
19.0 -89.134
19.0 -89.67
19.0 -91.133
19.0 -93.022
19.0 -95.422
19.0 -91.236
19.0 -90.457
19.0 -93.693
19.0 -88.863
19.0 -95.1
19.0 -93.864
19.0 -94.532
19.0 -91.819
19.0 -93.347
19.0 -93.246
19.0 -93.259
19.0 -99.279
19.0 -92.332
19.0 -90.306
19.0 -94.467
19.0 -97.887
19.0 -96.733
19.0 -90.407
19.0 -89.191
19.0 -89.328
19.0 -92.029
19.0 -88.96
19.0 -91.19
19.0 -93.56
19.0 -91.381
19.0 -92.355
19.0 -90.584
19.0 -90.517
19.0 -94.628
19.0 -93.251
19.0 -92.366
19.0 -87.862
19.0 -93.727
19.0 -91.818
19.0 -89.138
19.0 -93.809
19.0 -91.961
19.0 -93.067
19.0 -98.554
19.0 -93.455
19.0 -91.2
19.0 -92.139
19.0 -93.529
19.0 -94.954
19.0 -93.958
19.0 -94.611
19.0 -94.048
19.0 -95.253
19.0 -91.423
500
-35.0 -228.841
-26.0 -160.901
-26.0 -147.018
-26.0 -135.082
3.0 -132.766
3.0 -124.007
3.0 -127.225
3.0 -117.824
3.0 -120.795
3.0 -119.062
3.0 -114.475
7.5 -111.764
7.5 -116.729
7.5 -116.846
7.5 -116.323
7.5 -107.771
7.5 -108.14
7.5 -110.98
7.5 -107.593
7.5 -109.026
7.5 -107.518
7.5 -106.588
7.5 -106.429
7.5 -108.591
7.5 -110.21
7.5 -107.345
7.5 -111.72
7.5 -110.778
7.5 -104.776
7.5 -107.685
10.0 -104.51
10.0 -104.579
10.0 -108.693
10.0 -111.196
10.0 -109.647
10.0 -105.761
10.0 -104.41
10.0 -106.283
10.0 -105.837
10.0 -104.652
10.0 -107.421
10.0 -111.97
10.0 -103.731
10.0 -106.776
10.0 -100.514
10.0 -105.271
10.0 -104.378
10.0 -106.077
10.0 -101.277
10.0 -103.836
10.0 -109.638
10.0 -109.255
10.0 -107.935
10.0 -106.008
10.0 -104.65
10.0 -105.239
10.0 -104.005
10.0 -104.88
10.0 -102.607
10.0 -104.252
10.0 -106.222
10.0 -102.596
10.0 -103.567
10.0 -96.801
10.0 -98.827
10.0 -104.904
10.0 -103.907
10.0 -100.304
10.0 -103.821
10.0 -110.208
10.0 -102.54
10.0 -101.278
10.0 -100.557
10.0 -101.695
10.0 -101.692
10.0 -105.763
10.0 -104.419
10.0 -106.036
10.0 -100.143
10.0 -101.076
10.0 -101.767
10.0 -102.267
13.0 -97.511
13.0 -104.286
13.0 -101.129
13.0 -101.766
13.0 -103.143
13.0 -99.685
13.0 -99.037
13.0 -100.035
13.0 -99.793
13.0 -108.763
13.0 -106.029
13.0 -103.897
13.0 -97.138
13.0 -104.391
13.0 -103.812
13.0 -102.31
13.0 -102.503
13.0 -104.066
13.0 -105.569
13.0 -102.31
13.0 -96.585
13.0 -101.069
13.0 -100.936
13.0 -101.95
13.0 -101.615
13.0 -97.442
13.0 -96.675
13.0 -96.352
13.0 -102.029
13.0 -101.165
13.0 -96.314
13.0 -99.607
13.0 -97.369
13.0 -103.191
13.0 -101.027
13.0 -99.818
13.0 -95.406
13.0 -98.792
13.0 -94.511
13.0 -100.502
13.0 -99.997
13.0 -101.343
13.0 -99.544
13.0 -97.596
13.0 -99.812
13.0 -97.29
13.0 -103.51
13.0 -99.969
13.0 -95.511
13.0 -99.016
13.0 -105.769
13.0 -100.06
13.0 -100.303
13.0 -101.278
13.0 -101.462
13.0 -93.298
13.0 -98.297
13.0 -105.394
13.0 -97.764
13.0 -99.909
13.0 -99.077
13.0 -99.868
13.0 -102.216
13.0 -102.389
13.0 -96.637
13.0 -97.633
13.0 -100.34
13.0 -97.733
13.0 -98.826
13.0 -97.697
13.0 -97.365
13.0 -100.545
13.0 -100.027
13.0 -93.823
13.0 -98.833
13.0 -98.848
13.0 -98.991
13.0 -95.989
13.0 -97.837
13.0 -100.276
13.0 -96.849
13.0 -93.637
13.0 -99.749
15.5 -104.66
15.5 -96.921
15.5 -93.658
15.5 -97.572
15.5 -95.648
15.5 -97.147
15.5 -98.552
15.5 -98.904
15.5 -97.566
18.5 -95.651
18.5 -97.614
18.5 -95.834
18.5 -95.912
18.5 -98.649
18.5 -100.544
18.5 -97.107
18.5 -98.266
18.5 -96.322
18.5 -95.616
18.5 -95.522
18.5 -96.387
18.5 -93.349
18.5 -94.73
18.5 -98.477
18.5 -96.779
18.5 -98.942
18.5 -92.468
18.5 -96.874
18.5 -94.246
18.5 -98.795
18.5 -99.348
18.5 -97.036
18.5 -99.396
18.5 -101.884
18.5 -92.922
18.5 -92.557
18.5 -94.739
18.5 -96.058
18.5 -99.958
18.5 -102.014
18.5 -94.17
18.5 -88.852
18.5 -97.042
18.5 -99.6
18.5 -94.24
18.5 -91.874
18.5 -96.762
18.5 -90.949
18.5 -92.518
18.5 -94.693
18.5 -94.56
18.5 -93.559
18.5 -99.336
18.5 -92.43
18.5 -96.613
18.5 -96.896
18.5 -92.903
18.5 -93.412
18.5 -93.77
18.5 -98.082
18.5 -96.722
18.5 -96.388
18.5 -96.194
18.5 -97.253
18.5 -97.258
18.5 -94.654
18.5 -94.209
18.5 -95.937
18.5 -92.665
18.5 -93.701
18.5 -95.656
18.5 -98.316
18.5 -94.658
18.5 -92.631
18.5 -97.783
18.5 -95.298
18.5 -95.922
18.5 -97.203
18.5 -92.587
18.5 -91.274
18.5 -95.966
18.5 -91.288
18.5 -96.743
18.5 -94.605
18.5 -95.943
18.5 -94.509
18.5 -94.383
18.5 -95.427
18.5 -94.54
18.5 -94.833
18.5 -92.251
18.5 -94.795
18.5 -95.656
18.5 -100.806
18.5 -95.004
18.5 -94.293
18.5 -94.956
18.5 -95.545
18.5 -92.611
18.5 -93.655
18.5 -93.152
18.5 -93.368
18.5 -96.339
18.5 -93.939
18.5 -94.581
18.5 -92.617
18.5 -94.531
18.5 -93.019
18.5 -93.401
18.5 -93.964
18.5 -92.824
18.5 -97.77
18.5 -91.663
18.5 -92.4
18.5 -96.34
18.5 -92.266
18.5 -95.895
18.5 -91.725
18.5 -97.119
18.5 -96.608
18.5 -93.241
18.5 -93.436
18.5 -98.062
18.5 -92.922
18.5 -92.126
18.5 -92.875
18.5 -95.839
18.5 -92.513
18.5 -93.516
18.5 -94.096
18.5 -89.815
18.5 -89.866
18.5 -92.036
18.5 -90.471
18.5 -96.244
18.5 -90.708
18.5 -90.286
18.5 -92.604
18.5 -91.461
18.5 -94.548
18.5 -94.379
18.5 -94.857
18.5 -95.588
18.5 -94.392
18.5 -91.472
18.5 -96.535
18.5 -91.818
18.5 -90.353
19.5 -94.517
19.5 -91.933
19.5 -91.162
19.5 -91.546
19.5 -94.188
19.5 -94.419
19.5 -99.985
19.5 -95.65
19.5 -94.829
19.5 -95.48
19.5 -94.824
19.5 -91.441
19.5 -94.256
19.5 -93.155
19.5 -95.585
19.5 -101.629
19.5 -93.356
19.5 -97.727
19.5 -94.716
19.5 -92.58
19.5 -87.641
19.5 -91.307
19.5 -94.507
19.5 -90.614
19.5 -93.538
19.5 -90.483
19.5 -91.248
19.5 -92.672
19.5 -93.814
19.5 -93.939
19.5 -93.68
19.5 -94.081
19.5 -90.427
19.5 -92.235
19.5 -93.918
19.5 -94.503
19.5 -92.323
19.5 -94.419
19.5 -92.005
19.5 -90.761
19.5 -91.803
19.5 -92.931
19.5 -92.337
19.5 -95.199
19.5 -94.995
19.5 -93.024
19.5 -93.16
19.5 -92.901
19.5 -91.688
19.5 -87.801
19.5 -92.652
19.5 -91.361
19.5 -98.168
19.5 -92.293
19.5 -91.711
19.5 -93.559
19.5 -94.634
19.5 -95.118
19.5 -96.78
19.5 -88.263
19.5 -90.612
19.5 -94.639
19.5 -94.116
19.5 -90.185
19.5 -92.326
19.5 -87.826
19.5 -89.154
19.5 -90.973
19.5 -96.178
19.5 -89.46
19.5 -93.88
19.5 -92.414
19.5 -89.403
19.5 -92.756
19.5 -88.031
19.5 -92.381
19.5 -95.095
19.5 -92.278
19.5 -90.183
19.5 -92.752
19.5 -91.98
19.5 -86.669
19.5 -90.207
19.5 -91.253
19.5 -89.221
19.5 -88.499
19.5 -91.49
19.5 -93.346
19.5 -94.521
19.5 -94.141
19.5 -93.267
19.5 -89.91
19.5 -92.374
19.5 -87.532
19.5 -88.84
19.5 -92.252
19.5 -89.292
19.5 -86.38
19.5 -91.672
19.5 -93.538
19.5 -89.448
19.5 -91.419
19.5 -92.07
19.5 -92.541
19.5 -92.74
19.5 -92.748
19.5 -93.251
19.5 -93.778
19.5 -89.21
19.5 -91.075
19.5 -88.684
19.5 -90.931
19.5 -88.037
19.5 -92.295
19.5 -89.861
19.5 -92.342
19.5 -91.375
19.5 -92.952
19.5 -85.256
19.5 -92.577
19.5 -93.02
19.5 -88.468
19.5 -93.524
19.5 -89.538
19.5 -90.014
19.5 -91.906
19.5 -88.673
19.5 -87.398
19.5 -89.083
19.5 -94.774
19.5 -91.011
19.5 -91.617
19.5 -93.504
19.5 -88.937
19.5 -90.537
19.5 -91.191
19.5 -91.45
19.5 -93.643
19.5 -86.176
19.5 -92.062
19.5 -89.513
19.5 -91.606
19.5 -92.341
19.5 -93.09
19.5 -93.709
19.5 -90.551
19.5 -90.723
19.5 -91.88
19.5 -88.164
19.5 -90.99
19.5 -88.617
19.5 -89.808
19.5 -88.841
19.5 -90.029
19.5 -94.132
19.5 -94.772
19.5 -92.015
19.5 -89.342
19.5 -95.288
19.5 -90.053
19.5 -90.423
19.5 -88.673
19.5 -92.325
19.5 -86.394
19.5 -86.503
19.5 -88.568
19.5 -92.855
19.5 -88.374
19.5 -89.808
19.5 -92.496
19.5 -94.506
19.5 -92.8
19.5 -96.136
19.5 -91.027
19.5 -91.5
19.5 -92.701
19.5 -90.79
19.5 -90.439
19.5 -88.769
19.5 -90.68
19.5 -88.755
19.5 -83.914
19.5 -93.121
19.5 -91.128
19.5 -90.17
19.5 -90.03
19.5 -89.614
500
-35.0 -230.093
-24.0 -165.774
-16.0 -148.361
-10.0 -134.019
-10.0 -130.121
-10.0 -127.355
-0.5 -121.613
-0.5 -117.323
-0.5 -112.702
-0.5 -117.937
-0.5 -111.895
3.5 -113.719
3.5 -111.503
3.5 -110.254
3.5 -111.33
3.5 -114.347
3.5 -112.132
3.5 -106.289
3.5 -109.208
3.5 -115.369
3.5 -107.958
3.5 -112.081
3.5 -108.811
3.5 -106.224
3.5 -108.907
3.5 -108.657
3.5 -108.846
3.5 -109.555
3.5 -111.428
3.5 -105.829
3.5 -105.941
3.5 -107.816
3.5 -108.935
3.5 -108.686
3.5 -105.436
6.0 -101.745
6.0 -101.074
6.0 -102.209
6.0 -105.643
6.0 -108.815
6.0 -106.654
6.0 -104.625
6.0 -103.867
6.0 -105.768
6.0 -106.871
6.0 -107.417
6.0 -101.147
6.0 -104.549
6.0 -103.895
6.0 -100.325
6.0 -104.809
6.0 -99.985
6.0 -99.59
6.0 -104.488
6.0 -108.533
6.0 -100.62
6.0 -101.617
6.0 -108.064
12.0 -104.253
12.0 -101.887
12.0 -101.815
12.0 -102.681
12.0 -101.576
12.0 -103.176
12.0 -103.525
12.0 -99.317
12.0 -103.803
12.0 -101.214
12.0 -97.547
12.0 -102.431
12.0 -101.204
12.0 -101.616
12.0 -101.265
12.0 -97.693
12.0 -96.198
12.0 -99.557
12.0 -99.223
12.0 -100.661
12.0 -99.322
12.0 -98.44
12.0 -100.19
12.0 -105.788
12.0 -102.183
12.0 -93.83
12.0 -99.72
12.0 -99.374
12.0 -101.201
12.0 -100.894
12.0 -101.032
12.0 -99.099
12.0 -99.487
12.0 -98.002
12.0 -99.658
12.0 -95.793
12.0 -92.577
12.0 -95.48
12.0 -98.92
12.0 -100.088
12.0 -98.544
12.0 -99.324
12.0 -99.56
12.0 -105.821
12.0 -101.815
12.0 -99.471
12.0 -99.999
12.0 -97.813
12.0 -96.944
12.0 -98.251
15.0 -97.198
15.0 -99.94
15.0 -98.834
15.0 -95.439
15.0 -100.219
15.0 -94.424
15.0 -98.449
15.0 -92.955
15.0 -96.075
15.0 -95.349
15.0 -95.164
15.0 -98.268
15.0 -100.186
15.0 -96.421
15.0 -101.005
15.0 -94.744
15.0 -94.165
15.0 -92.136
15.0 -93.561
15.0 -97.759
15.0 -93.406
15.0 -94.403
15.0 -95.472
15.0 -96.943
15.0 -92.594
15.0 -96.628
15.0 -98.275
15.0 -96.884
15.0 -102.278
15.0 -96.452
15.0 -99.577
15.0 -100.778
15.0 -93.735
15.0 -96.552
15.0 -97.475
15.0 -96.393
15.0 -95.219
16.5 -97.556
16.5 -89.892
16.5 -99.972
16.5 -94.769
16.5 -96.482
16.5 -94.289
16.5 -98.79
16.5 -96.614
16.5 -98.063
16.5 -96.167
16.5 -93.253
16.5 -98.413
16.5 -95.546
16.5 -98.664
16.5 -98.005
16.5 -96.782
16.5 -95.143
16.5 -89.684
16.5 -94.328
16.5 -92.399
16.5 -95.767
16.5 -96.234
16.5 -94.674
16.5 -96.598
16.5 -97.734
16.5 -94.776
16.5 -91.248
16.5 -99.715
16.5 -94.067
16.5 -96.25
16.5 -93.083
16.5 -94.907
16.5 -93.323
16.5 -94.228
16.5 -96.739
16.5 -92.231
16.5 -92.096
16.5 -96.421
16.5 -92.643
16.5 -96.268
16.5 -95.262
16.5 -97.931
16.5 -97.886
16.5 -100.767
16.5 -97.502
16.5 -95.516
16.5 -96.364
16.5 -94.731
16.5 -96.885
16.5 -93.51
16.5 -92.807
16.5 -95.797
16.5 -93.147
16.5 -90.255
16.5 -90.545
16.5 -90.13
16.5 -94.457
16.5 -91.639
16.5 -94.526
16.5 -96.806
16.5 -96.145
16.5 -96.133
16.5 -92.807
16.5 -94.105
16.5 -94.155
16.5 -90.489
16.5 -95.753
16.5 -91.692
16.5 -99.323
16.5 -95.908
16.5 -93.856
16.5 -91.636
16.5 -90.703
16.5 -95.709
16.5 -94.34
16.5 -94.898
16.5 -92.775
16.5 -95.287
16.5 -90.905
16.5 -96.985
16.5 -95.599
16.5 -94.228
16.5 -94.023
16.5 -96.655
16.5 -94.826
16.5 -90.089
16.5 -93.49
16.5 -90.559
19.5 -92.584
19.5 -90.467
19.5 -95.129
19.5 -91.277
19.5 -94.755
19.5 -91.406
19.5 -94.561
19.5 -90.776
19.5 -93.477
19.5 -95.118
19.5 -98.57
19.5 -95.897
19.5 -90.939
19.5 -93.612
19.5 -95.017
19.5 -94.812
19.5 -100.624
19.5 -93.016
19.5 -89.136
19.5 -91.741
19.5 -91.342
19.5 -92.017
19.5 -95.759
19.5 -91.541
19.5 -92.481
19.5 -96.344
19.5 -93.891
19.5 -93.033
19.5 -92.339
19.5 -94.253
19.5 -90.065
19.5 -93.513
19.5 -96.559
19.5 -95.423
19.5 -89.778
19.5 -91.728
19.5 -97.306
19.5 -98.877
19.5 -92.906
19.5 -90.295
19.5 -94.517
19.5 -94.831
19.5 -91.906
19.5 -92.517
19.5 -94.958
19.5 -93.807
19.5 -96.846
19.5 -91.999
19.5 -92.117
19.5 -91.703
19.5 -92.389
19.5 -99.833
19.5 -94.198
19.5 -92.457
19.5 -93.193
19.5 -94.151
19.5 -93.136
19.5 -96.511
19.5 -93.92
19.5 -92.471
19.5 -91.647
19.5 -91.557
19.5 -86.701
19.5 -98.614
19.5 -96.652
19.5 -94.135
19.5 -93.194
19.5 -92.496
19.5 -92.497
19.5 -90.472
19.5 -91.362
19.5 -91.218
19.5 -92.332
19.5 -93.427
19.5 -92.84
19.5 -93.997
19.5 -93.992
19.5 -96.947
19.5 -95.998
19.5 -91.551
19.5 -92.535
19.5 -94.531
19.5 -97.188
19.5 -87.836
19.5 -90.231
19.5 -92.718
19.5 -92.49
19.5 -95.54
19.5 -94.441
19.5 -91.956
19.5 -90.36
19.5 -90.842
19.5 -94.056
19.5 -95.487
19.5 -90.979
19.5 -85.175
19.5 -90.421
19.5 -93.456
19.5 -93.501
19.5 -90.449
19.5 -91.299
19.5 -91.291
19.5 -87.298
19.5 -92.194
19.5 -93.304
19.5 -92.66
19.5 -90.42
19.5 -91.763
19.5 -90.029
19.5 -88.073
19.5 -89.362
19.5 -92.592
19.5 -93.239
19.5 -92.345
19.5 -87.867
19.5 -93.019
19.5 -93.599
19.5 -93.3
19.5 -95.486
19.5 -92.834
19.5 -92.849
19.5 -94.956
19.5 -95.36
19.5 -90.372
19.5 -89.357
20.0 -91.762
20.0 -94.92
20.0 -91.437
20.0 -90.285
20.0 -96.708
20.0 -87.631
20.0 -92.086
20.0 -92.925
20.0 -88.087
20.0 -89.695
20.0 -91.479
20.0 -93.045
20.0 -91.903
20.0 -88.698
20.0 -88.063
20.0 -91.812
20.0 -91.591
20.0 -94.134
20.0 -88.595
20.0 -92.561
20.0 -91.074
20.0 -93.214
20.0 -90.532
20.0 -94.013
20.0 -88.778
20.0 -90.282
20.0 -95.859
20.0 -93.081
20.0 -90.083
20.0 -88.525
20.0 -89.484
20.0 -91.704
20.0 -93.649
20.0 -92.295
20.0 -90.729
20.0 -88.317
20.0 -88.952
20.0 -95.458
20.0 -88.462
20.0 -88.122
20.0 -89.032
20.0 -89.402
20.0 -94.725
20.0 -90.552
20.0 -93.566
20.0 -96.186
20.0 -93.089
20.0 -88.889
20.0 -87.384
20.0 -93.425
20.0 -92.872
20.0 -90.962
20.0 -91.142
20.0 -95.464
20.0 -87.602
20.0 -87.532
20.0 -87.432
20.0 -92.765
20.0 -91.944
20.0 -90.757
20.0 -90.828
20.0 -94.663
20.0 -96.496
20.0 -94.968
20.0 -93.019
20.0 -91.769
20.0 -91.206
20.0 -93.647
20.0 -91.52
20.0 -89.096
20.0 -92.805
20.0 -94.249
20.0 -93.365
20.0 -89.061
20.0 -89.063
20.0 -89.246
20.0 -93.86
20.0 -89.487
20.0 -87.3
20.0 -87.283
20.0 -92.222
20.0 -89.884
20.0 -85.848
20.0 -89.5
20.0 -87.192
20.0 -89.802
20.0 -90.873
20.0 -90.328
20.0 -93.951
20.0 -90.231
20.0 -86.211
20.0 -92.669
20.0 -85.319
20.0 -87.829
20.0 -92.236
20.0 -88.452
20.0 -89.862
20.0 -86.684
20.0 -93.799
20.0 -91.82
20.0 -92.567
20.0 -91.068
20.0 -88.823
20.0 -89.67
20.0 -88.497
20.0 -89.426
20.0 -91.938
20.0 -90.718
20.0 -89.394
20.0 -90.146
20.0 -87.311
20.0 -88.474
20.0 -91.004
20.0 -92.087
20.0 -89.397
20.0 -93.632
20.0 -87.993
20.0 -97.07
20.0 -89.854
20.0 -93.031
20.0 -90.653
20.0 -90.801
20.0 -90.956
20.0 -92.714
20.0 -91.109
20.0 -92.458
20.0 -95.375
20.0 -94.584
20.0 -93.203
20.0 -88.03
20.0 -91.161
20.0 -94.162
20.0 -91.616
20.0 -94.784
20.0 -95.317
20.0 -95.969
20.0 -89.753
20.0 -90.628
20.0 -90.399
20.0 -84.637
20.0 -86.933
20.0 -92.327

Individual: [4, 8, 10, 12, 13, 20, 24, 25, 26, 43, 51, 57, 60, 74, 76, 84, 85, 89, 91, 95, 98]
   Fitness: 16.5
     Total: 21
Violations: 15 11

Individual: [1, 4, 5, 11, 13, 15, 16, 20, 23, 24, 27, 29, 33, 40, 54, 72, 74, 81, 82, 83, 85, 87, 89, 90, 92, 98]
   Fitness: 14.0
     Total: 26
Violations: 25 15

Individual: [2, 7, 14, 17, 18, 26, 37, 45, 50, 57, 58, 61, 62, 82, 83, 85, 90, 91, 92, 94, 96, 100]
   Fitness: 16.0
     Total: 22
Violations: 17 12

Individual: [3, 4, 9, 12, 14, 28, 33, 42, 48, 56, 58, 64, 67, 71, 76, 77, 78, 88, 92, 94, 97, 99]
   Fitness: 17.0
     Total: 22
Violations: 16 12

Individual: [3, 9, 11, 16, 18, 21, 22, 23, 24, 34, 36, 38, 39, 49, 77, 87, 89, 90, 92, 93, 100]
   Fitness: 18.5
     Total: 21
Violations: 13 8

Individual: [1, 4, 16, 17, 19, 23, 25, 26, 30, 32, 39, 58, 59, 64, 65, 70, 72, 74, 75, 80, 90, 94, 95, 99]
   Fitness: 17.0
     Total: 24
Violations: 19 14

Individual: [2, 3, 5, 6, 10, 14, 27, 32, 33, 44, 53, 59, 65, 67, 69, 70, 72, 76, 77, 78, 93, 95]
   Fitness: 21.0
     Total: 22
Violations: 12 11

Individual: [1, 3, 5, 10, 13, 16, 24, 26, 33, 42, 43, 46, 59, 64, 67, 75, 76, 78, 86, 87, 90, 97, 98, 100]
   Fitness: 19.0
     Total: 24
Violations: 17 14

Individual: [1, 2, 3, 7, 14, 15, 16, 22, 23, 30, 34, 36, 40, 41, 47, 51, 52, 68, 74, 82, 83, 85, 93, 94, 95, 98, 99]
   Fitness: 19.5
     Total: 27
Violations: 21 13

Individual: [4, 6, 8, 14, 15, 16, 27, 29, 36, 41, 60, 61, 63, 68, 69, 70, 76, 82, 86, 89, 91, 94]
   Fitness: 20.0
     Total: 22
Violations: 13 10
