10
500
-47.5 -228.14
-39.0 -149.916
-12.5 -106.618
-6.0 -79.211
9.0 -56.946
11.0 -43.239
11.0 -30.442
15.0 -20.963
15.0 -14.003
18.5 -11.025
19.0 -4.775
20.0 -1.125
20.0 3.488
20.5 6.18
20.5 7.275
21.5 7.936
23.0 8.835
23.0 9.551
25.0 10.455
26.0 11.377
26.0 11.875
26.0 12.352
26.0 12.245
26.5 12.789
26.5 12.684
29.5 13.135
29.5 13.025
29.5 12.479
29.5 12.761
29.5 13.693
29.5 13.842
29.5 12.778
29.5 13.117
29.5 13.098
29.5 12.894
29.5 13.08
29.5 13.079
30.5 14.135
30.5 14.322
30.5 13.681
30.5 14.139
30.5 14.132
30.5 14.501
30.5 15.067
30.5 15.393
30.5 15.852
30.5 15.212
30.5 14.566
30.5 14.253
30.5 15.051
30.5 14.927
30.5 14.524
30.5 14.762
30.5 15.102
30.5 14.524
30.5 15.218
30.5 15.491
30.5 15.21
30.5 15.748
30.5 15.133
30.5 14.795
30.5 15.302
30.5 15.345
30.5 15.606
30.5 15.315
30.5 14.41
30.5 15.009
30.5 14.76
30.5 15.279
30.5 15.013
30.5 15.363
31.0 14.995
31.0 14.773
31.0 15.446
31.5 15.276
31.5 15.233
31.5 15.963
31.5 16.253
31.5 16.352
31.5 16.048
31.5 16.083
31.5 16.974
31.5 15.868
31.5 15.633
31.5 15.998
31.5 15.881
32.0 15.757
32.0 16.276
33.5 16.024
33.5 15.555
33.5 15.446
33.5 15.699
33.5 15.551
33.5 15.783
33.5 15.77
33.5 16.28
33.5 15.627
33.5 15.851
33.5 15.273
33.5 15.666
33.5 15.551
33.5 15.794
33.5 15.259
33.5 15.542
33.5 15.096
33.5 15.318
33.5 15.536
33.5 16.085
33.5 16.029
33.5 15.838
33.5 16.623
33.5 16.726
33.5 16.481
33.5 16.919
33.5 17.393
33.5 16.257
33.5 15.944
33.5 15.963
33.5 15.87
33.5 15.658
33.5 16.25
33.5 16.352
33.5 15.824
33.5 16.278
33.5 16.44
33.5 17.3
33.5 16.759
33.5 15.528
33.5 15.547
33.5 15.089
33.5 15.377
33.5 15.549
33.5 15.538
33.5 15.911
33.5 15.953
33.5 16.253
33.5 16.345
33.5 16.102
33.5 16.544
33.5 15.748
33.5 15.841
33.5 16.633
34.0 16.271
34.0 15.996
34.0 15.884
34.0 15.975
34.0 16.161
34.0 16.333
34.0 15.648
34.0 15.922
34.5 15.987
34.5 16.204
34.5 15.244
34.5 16.237
34.5 15.832
34.5 15.928
34.5 15.822
34.5 15.916
34.5 15.901
34.5 15.391
34.5 15.731
34.5 15.728
34.5 15.838
34.5 15.761
34.5 15.211
34.5 15.263
34.5 15.031
34.5 15.457
34.5 16.26
34.5 15.42
34.5 15.653
34.5 15.641
34.5 14.282
34.5 15.48
34.5 15.114
34.5 15.344
34.5 15.748
34.5 16.193
34.5 15.674
34.5 15.183
34.5 15.797
34.5 15.594
34.5 15.976
34.5 15.274
34.5 15.475
34.5 15.784
34.5 16.22
34.5 16.387
34.5 15.424
34.5 15.663
34.5 15.886
34.5 16.594
34.5 16.094
34.5 15.598
34.5 16.339
34.5 16.285
34.5 15.324
34.5 15.646
34.5 15.555
34.5 15.878
34.5 16.254
34.5 15.832
34.5 15.611
34.5 15.819
34.5 15.211
34.5 15.307
34.5 15.867
34.5 14.945
34.5 16.43
34.5 16.895
34.5 15.913
34.5 15.724
34.5 15.44
34.5 15.703
34.5 15.213
34.5 15.776
34.5 15.839
34.5 16.129
34.5 15.547
34.5 15.461
34.5 15.105
34.5 14.909
34.5 15.916
34.5 16.177
34.5 16.285
34.5 15.873
34.5 15.736
34.5 15.988
34.5 15.368
34.5 15.718
34.5 15.257
34.5 15.156
34.5 16.405
34.5 15.771
34.5 15.824
34.5 15.648
34.5 16.002
34.5 16.065
34.5 16.156
34.5 15.496
34.5 16.116
34.5 16.17
34.5 16.292
34.5 16.047
34.5 15.667
34.5 16.677
34.5 16.426
34.5 16.082
34.5 15.726
34.5 15.411
34.5 16.027
34.5 16.599
34.5 16.384
34.5 15.854
34.5 15.829
34.5 16.354
34.5 16.119
34.5 15.455
34.5 15.873
34.5 16.62
34.5 16.193
34.5 16.269
34.5 16.471
34.5 16.541
34.5 16.462
34.5 16.219
34.5 15.201
34.5 15.492
34.5 15.252
34.5 16.378
34.5 15.58
34.5 15.223
34.5 16.174
34.5 15.793
34.5 15.456
34.5 15.544
34.5 15.591
34.5 15.219
34.5 15.309
34.5 15.267
34.5 16.466
34.5 16.2
34.5 15.808
35.0 16.289
35.0 16.139
35.0 15.681
35.0 16.189
35.0 16.71
35.0 16.359
35.0 15.867
35.0 15.53
35.0 16.249
35.0 16.737
35.0 16.42
35.0 16.0
35.0 16.582
35.0 16.727
35.0 16.488
35.0 16.788
35.0 15.602
35.0 16.615
35.0 17.139
35.0 16.2
35.5 15.777
35.5 16.052
35.5 15.261
35.5 14.253
35.5 15.589
35.5 16.541
35.5 16.818
35.5 16.486
35.5 16.06
35.5 16.474
35.5 15.77
35.5 15.203
35.5 15.999
35.5 16.272
35.5 15.779
35.5 15.751
35.5 16.016
35.5 16.266
35.5 15.735
35.5 16.162
35.5 16.056
35.5 16.458
35.5 15.565
35.5 16.204
35.5 16.481
35.5 15.933
35.5 15.943
35.5 16.595
35.5 16.798
35.5 16.384
35.5 15.779
35.5 16.123
35.5 15.095
35.5 16.153
35.5 16.687
35.5 17.118
35.5 16.723
35.5 15.916
35.5 14.975
35.5 15.253
35.5 15.554
35.5 15.266
35.5 15.904
35.5 15.123
35.5 15.764
35.5 16.024
35.5 15.497
35.5 15.45
35.5 15.865
35.5 15.23
35.5 15.185
35.5 16.289
35.5 16.071
35.5 16.833
35.5 16.398
35.5 15.231
35.5 15.72
35.5 15.851
35.5 16.248
35.5 16.092
35.5 15.268
35.5 15.868
35.5 15.934
35.5 16.642
35.5 16.694
35.5 16.643
35.5 16.556
35.5 16.762
35.5 16.24
35.5 15.363
35.5 16.268
35.5 15.686
35.5 16.045
35.5 15.818
35.5 15.82
35.5 16.348
35.5 16.815
35.5 17.15
35.5 17.355
35.5 17.298
35.5 16.159
35.5 16.898
35.5 15.782
35.5 16.503
35.5 16.695
35.5 16.153
35.5 16.646
36.0 17.347
36.0 16.976
36.0 16.894
36.0 16.991
36.0 17.745
36.0 16.456
36.0 17.168
36.0 17.508
36.0 16.939
36.0 16.906
36.0 16.401
36.0 16.035
36.0 16.49
36.0 16.154
36.0 15.516
36.0 15.618
36.0 16.901
36.0 17.095
36.0 16.187
36.0 15.697
36.0 16.414
36.0 16.633
36.0 16.643
36.0 16.977
36.0 16.05
36.0 16.743
36.0 16.56
36.0 16.35
36.0 16.523
36.0 16.011
36.0 16.234
36.0 15.848
36.0 16.675
36.0 17.314
36.0 16.828
36.5 17.706
36.5 17.245
36.5 16.567
36.5 17.418
36.5 16.828
36.5 16.95
36.5 16.906
36.5 17.364
36.5 17.829
36.5 17.322
36.5 17.413
36.5 17.424
36.5 16.957
36.5 16.733
36.5 17.143
36.5 17.934
36.5 16.357
36.5 16.531
36.5 16.407
36.5 17.268
36.5 17.204
36.5 17.372
36.5 16.848
36.5 16.498
36.5 16.199
36.5 16.952
36.5 16.776
36.5 17.02
36.5 16.964
36.5 16.876
36.5 16.723
36.5 17.99
36.5 18.059
36.5 17.792
36.5 16.487
36.5 17.229
36.5 16.632
36.5 17.214
36.5 16.856
36.5 16.713
36.5 16.347
36.5 17.038
36.5 16.454
36.5 17.682
36.5 17.401
36.5 16.727
36.5 16.607
36.5 16.722
36.5 16.492
36.5 17.382
36.5 17.572
36.5 17.786
36.5 17.453
36.5 17.366
36.5 18.454
36.5 17.896
36.5 17.036
36.5 16.413
36.5 16.366
36.5 15.687
36.5 16.051
36.5 16.459
36.5 16.587
36.5 16.54
36.5 16.308
36.5 16.5
36.5 16.931
36.5 16.241
36.5 15.915
36.5 16.26
36.5 17.119
36.5 17.323
36.5 17.147
36.5 16.847
36.5 17.345
500
-45.5 -231.767
-39.5 -146.503
-24.5 -103.91
-2.5 -76.029
-2.0 -59.012
11.0 -40.74
11.5 -28.246
17.5 -20.335
18.0 -11.178
21.0 -5.434
26.0 -1.734
26.0 1.16
26.0 3.554
26.0 4.763
26.0 6.768
26.0 7.36
26.0 8.411
26.0 9.519
26.0 10.281
26.0 10.976
26.0 10.852
26.0 10.967
26.0 10.971
26.0 11.442
28.0 11.043
28.0 12.235
28.0 12.233
28.0 12.2
28.0 12.324
28.0 11.728
28.0 11.767
28.0 11.784
28.0 11.875
28.5 12.107
28.5 12.003
28.5 12.739
28.5 12.943
28.5 13.136
28.5 13.11
28.5 13.837
28.5 13.605
28.5 13.639
28.5 13.26
28.5 13.117
28.5 13.036
31.0 12.945
31.0 12.714
31.0 12.375
31.0 12.523
31.0 13.034
31.0 12.732
31.0 13.168
31.0 12.724
31.0 13.049
31.0 13.305
31.0 13.772
31.0 13.114
31.0 13.321
31.0 13.003
31.0 13.86
31.0 13.746
31.0 14.12
31.0 14.074
31.0 14.23
31.0 14.681
31.0 13.625
31.0 13.947
31.0 14.258
31.0 13.982
31.0 13.424
31.0 13.315
31.0 13.871
31.0 13.454
31.0 13.596
31.0 13.853
31.0 13.563
31.0 13.69
31.0 13.855
31.0 13.497
31.0 13.655
31.0 14.431
31.0 14.26
31.0 13.908
31.0 14.074
31.0 14.654
31.0 14.463
31.0 15.054
31.0 14.084
31.0 14.262
31.0 14.442
31.0 14.708
31.5 15.277
31.5 14.716
31.5 14.787
31.5 13.84
31.5 13.943
31.5 14.269
31.5 14.691
31.5 14.244
31.5 13.523
31.5 13.69
31.5 14.108
31.5 13.488
31.5 12.811
31.5 13.397
31.5 13.972
31.5 14.22
31.5 13.591
31.5 14.444
31.5 14.013
31.5 14.394
31.5 13.634
31.5 13.678
31.5 14.226
32.0 13.829
32.0 14.396
32.0 14.525
32.0 14.028
32.0 14.043
32.0 13.682
32.0 14.392
32.0 14.668
32.0 15.086
32.0 14.265
32.5 14.527
32.5 13.914
32.5 14.846
32.5 13.566
33.0 12.76
33.0 13.241
33.0 14.581
33.0 14.908
33.0 15.213
33.0 14.973
33.0 15.789
33.0 15.157
33.0 15.012
33.0 14.739
33.0 14.154
33.0 13.851
33.0 14.513
33.0 14.498
34.0 15.009
34.0 15.382
34.0 15.033
34.0 15.108
34.0 15.223
34.0 14.921
34.0 15.024
34.0 15.301
34.0 15.767
34.0 15.048
34.0 14.519
34.0 14.966
34.0 15.931
34.0 14.871
34.0 14.777
34.0 15.466
34.0 15.214
34.0 14.712
34.0 15.063
34.0 14.645
34.0 15.652
34.0 15.8
34.0 15.055
34.0 15.709
34.0 15.745
34.0 15.675
34.0 15.261
34.0 15.4
34.0 15.511
34.0 16.201
34.0 16.492
34.0 16.273
34.0 16.296
34.0 15.607
34.0 15.577
34.0 15.752
34.0 15.844
34.0 15.567
34.0 15.904
34.0 15.258
34.0 15.163
34.0 15.403
34.0 15.864
34.0 16.313
34.0 15.791
34.0 16.202
34.0 15.996
34.0 15.162
34.0 15.095
34.0 15.825
34.0 15.688
34.0 16.083
34.0 16.422
34.0 15.908
34.0 15.779
34.0 16.188
34.0 15.838
34.0 15.732
34.0 16.217
34.0 16.923
34.5 16.275
34.5 16.003
34.5 15.896
34.5 16.039
34.5 15.243
34.5 14.851
34.5 14.512
34.5 15.469
34.5 15.419
34.5 15.379
34.5 15.672
34.5 15.656
34.5 15.328
34.5 15.75
34.5 15.63
34.5 16.402
34.5 17.084
34.5 16.57
34.5 16.007
34.5 16.755
34.5 16.862
35.0 16.809
35.0 17.318
35.0 16.408
35.0 16.431
35.0 16.366
35.0 16.279
35.0 16.305
35.0 16.822
35.0 16.552
35.0 15.488
35.0 16.723
35.0 16.017
35.0 15.288
35.0 15.58
35.0 15.254
35.0 16.602
35.0 15.558
35.0 15.839
35.0 16.309
35.0 16.082
35.0 16.429
35.0 15.985
35.0 16.703
35.0 16.721
35.0 16.657
35.0 16.769
35.0 16.513
35.0 16.423
35.0 16.565
35.0 17.534
35.0 17.528
35.0 17.144
35.0 16.131
35.0 16.157
35.0 15.594
35.0 16.706
35.0 16.476
35.0 16.314
35.0 16.299
35.0 16.382
35.0 15.963
35.0 16.072
35.0 17.207
35.0 16.477
35.0 16.406
35.0 16.649
35.0 16.381
35.0 16.111
35.0 16.866
35.0 16.874
35.0 16.792
35.0 16.192
35.0 15.845
35.0 15.564
35.0 16.221
35.0 16.551
35.0 16.605
35.0 15.898
35.0 16.192
35.0 16.717
35.0 16.185
35.0 16.518
35.0 16.281
35.0 16.882
35.0 17.312
35.0 17.187
35.0 16.014
35.0 17.111
35.0 15.914
35.0 15.118
35.0 15.079
35.0 16.358
35.0 16.451
35.0 15.916
35.0 16.077
35.0 16.235
35.0 15.776
35.0 16.603
35.0 16.322
35.0 15.994
35.0 15.231
35.0 15.289
35.0 15.795
35.0 16.624
35.0 17.014
35.0 17.33
35.0 16.34
35.0 16.598
35.0 15.948
35.0 15.485
35.0 16.085
35.0 16.386
35.0 15.964
35.0 15.863
35.0 15.699
35.0 15.778
35.0 16.186
35.0 16.948
35.0 16.667
35.0 17.167
35.0 16.878
35.0 16.482
35.0 16.396
35.0 15.845
35.0 15.74
35.0 14.738
35.0 15.589
35.0 15.713
35.0 16.479
35.0 15.13
35.0 16.252
35.0 16.081
35.0 15.883
35.0 15.879
35.0 16.22
35.0 16.274
35.0 16.247
35.0 16.018
35.0 16.552
35.0 16.454
35.0 16.151
35.0 16.026
35.0 16.1
35.0 16.114
35.0 16.09
35.0 16.209
35.0 17.134
35.0 17.314
35.0 17.307
35.0 16.043
35.0 15.395
35.0 16.055
35.0 16.613
35.0 16.518
35.0 15.846
35.0 16.381
35.0 16.696
35.0 15.965
35.0 15.064
35.0 15.609
35.0 16.874
35.0 17.406
35.0 16.637
35.0 16.574
35.0 16.159
35.0 16.549
35.0 16.567
35.0 16.639
35.0 16.609
35.0 16.734
35.0 16.06
35.0 16.673
35.0 17.106
35.0 17.171
35.0 16.121
35.0 16.312
35.0 16.937
35.0 17.473
35.0 16.568
35.0 16.616
35.0 16.145
35.0 16.913
35.0 16.801
35.0 16.247
35.0 16.959
35.0 16.415
35.0 15.924
35.0 16.747
35.0 16.746
35.0 16.798
35.0 16.686
35.0 16.585
35.0 16.689
35.0 16.435
35.0 16.437
35.0 17.376
35.0 16.856
35.5 16.544
35.5 15.826
35.5 15.276
35.5 15.376
35.5 14.636
35.5 15.879
35.5 15.806
35.5 15.69
35.5 15.631
35.5 16.538
35.5 16.724
35.5 17.653
35.5 17.511
35.5 16.549
35.5 16.795
35.5 16.655
35.5 16.374
35.5 17.235
35.5 16.905
35.5 16.5
35.5 16.906
35.5 17.483
35.5 16.858
35.5 15.037
35.5 15.85
35.5 15.667
35.5 15.754
35.5 15.46
35.5 15.009
35.5 16.232
35.5 17.377
35.5 17.055
35.5 16.361
35.5 15.897
35.5 16.745
35.5 16.659
35.5 17.468
35.5 16.696
35.5 16.718
35.5 16.142
35.5 16.553
35.5 16.407
35.5 16.788
35.5 15.92
35.5 17.265
35.5 16.818
35.5 16.87
35.5 17.126
35.5 16.717
35.5 17.167
35.5 17.864
35.5 17.342
35.5 17.309
35.5 16.776
35.5 16.095
35.5 16.269
35.5 18.028
35.5 16.895
35.5 15.916
35.5 16.053
35.5 15.649
35.5 16.425
35.5 16.095
35.5 17.016
35.5 15.913
35.5 17.062
35.5 16.463
35.5 17.225
35.5 17.289
35.5 16.958
35.5 16.573
35.5 16.101
35.5 16.445
35.5 15.946
35.5 16.693
35.5 16.638
35.5 16.381
35.5 16.777
35.5 16.272
35.5 16.168
35.5 16.979
35.5 16.396
35.5 15.788
35.5 15.575
35.5 16.171
35.5 16.242
35.5 16.281
35.5 15.886
35.5 16.887
35.5 17.243
35.5 16.66
35.5 16.132
35.5 16.525
35.5 15.544
35.5 16.318
35.5 16.467
35.5 17.902
35.5 17.311
35.5 16.627
35.5 16.707
500
-51.5 -233.064
-26.0 -153.117
-18.0 -109.305
-7.5 -78.522
6.5 -57.1
6.5 -41.606
10.5 -28.943
11.0 -20.939
15.5 -14.98
16.5 -8.75
20.0 -4.771
20.0 -1.992
20.0 1.228
21.0 3.653
22.0 5.967
22.5 6.771
22.5 7.26
22.5 8.397
25.0 9.133
25.0 9.939
25.0 11.054
25.0 11.721
27.5 12.069
27.5 12.224
27.5 12.965
27.5 12.938
27.5 13.492
27.5 12.283
27.5 12.614
28.0 12.318
28.0 12.711
28.5 12.785
28.5 12.915
28.5 13.609
28.5 13.313
28.5 12.422
29.0 12.913
29.0 12.903
29.0 12.798
29.0 12.799
29.0 12.901
29.0 12.406
29.0 13.972
29.5 14.384
29.5 14.428
30.5 13.82
30.5 14.029
30.5 13.464
30.5 14.409
30.5 13.542
30.5 13.927
30.5 13.169
30.5 13.235
30.5 13.405
30.5 13.259
30.5 14.128
30.5 14.03
30.5 14.162
30.5 14.734
30.5 15.165
30.5 14.902
30.5 14.051
30.5 14.382
30.5 14.069
30.5 14.137
30.5 14.241
30.5 15.142
31.5 14.479
31.5 14.84
31.5 15.521
31.5 15.654
31.5 15.258
31.5 14.752
32.0 15.256
32.0 15.414
32.0 15.759
32.0 16.152
32.0 15.66
32.0 15.478
32.0 15.716
32.0 15.499
32.0 15.733
32.0 15.447
32.0 16.059
32.0 16.078
32.0 15.343
32.0 15.402
32.0 16.424
33.5 16.436
33.5 15.547
33.5 16.038
33.5 16.871
33.5 16.158
34.0 16.308
34.0 16.397
34.0 16.965
34.0 17.339
34.0 16.86
34.0 16.341
34.0 16.641
35.5 17.256
35.5 17.067
35.5 16.82
35.5 16.356
35.5 16.417
35.5 16.317
35.5 16.541
35.5 16.795
35.5 17.069
35.5 17.133
35.5 17.07
35.5 16.324
35.5 15.86
35.5 16.833
35.5 16.369
36.5 16.47
36.5 16.996
36.5 16.919
36.5 16.847
36.5 16.756
36.5 16.758
36.5 16.662
36.5 16.812
36.5 16.42
36.5 17.185
36.5 16.672
36.5 16.475
36.5 17.203
36.5 16.675
36.5 16.607
36.5 15.495
36.5 16.303
36.5 16.163
36.5 15.968
36.5 16.824
36.5 17.08
36.5 16.811
36.5 16.855
36.5 16.917
36.5 16.515
36.5 15.808
36.5 16.083
36.5 15.84
36.5 16.389
36.5 16.146
36.5 16.639
36.5 17.384
36.5 17.061
36.5 16.457
36.5 15.778
36.5 15.447
36.5 17.078
36.5 17.543
36.5 17.819
36.5 16.113
36.5 16.753
36.5 16.016
36.5 16.038
36.5 15.812
36.5 16.609
36.5 16.758
36.5 15.981
36.5 15.792
36.5 16.654
36.5 17.123
36.5 16.276
36.5 16.163
36.5 16.277
36.5 15.568
36.5 14.819
36.5 16.445
36.5 16.205
36.5 16.434
36.5 17.018
36.5 17.557
36.5 17.686
36.5 17.547
36.5 17.128
36.5 16.152
36.5 16.554
36.5 16.516
36.5 16.665
36.5 16.561
36.5 16.139
36.5 16.411
36.5 16.284
36.5 15.698
36.5 15.977
36.5 16.563
36.5 15.929
36.5 15.682
36.5 15.732
36.5 15.994
36.5 16.234
36.5 16.242
36.5 16.557
36.5 16.717
36.5 17.065
36.5 16.895
36.5 16.803
36.5 16.761
36.5 16.179
36.5 16.623
36.5 16.828
36.5 16.687
36.5 16.487
36.5 17.005
36.5 16.713
36.5 16.145
36.5 16.279
36.5 16.638
36.5 16.74
36.5 17.544
36.5 17.024
36.5 16.161
36.5 16.069
36.5 16.803
36.5 16.196
36.5 16.872
36.5 17.357
36.5 16.396
36.5 16.037
36.5 16.975
36.5 16.523
36.5 16.823
36.5 16.676
36.5 16.586
36.5 16.45
36.5 16.081
36.5 17.296
36.5 17.085
36.5 17.175
36.5 16.493
36.5 16.67
36.5 17.562
36.5 17.479
36.5 16.262
36.5 16.839
36.5 16.95
36.5 17.354
36.5 17.741
36.5 17.571
36.5 16.566
36.5 15.843
36.5 15.824
36.5 16.367
36.5 16.378
36.5 16.288
36.5 15.51
36.5 15.995
36.5 16.437
36.5 16.406
36.5 16.374
36.5 16.723
36.5 16.953
36.5 16.323
36.5 16.817
36.5 16.766
37.0 17.403
37.0 16.203
37.0 16.265
37.0 17.028
37.0 16.127
37.0 15.949
37.0 17.171
37.0 17.915
37.0 17.846
37.0 17.374
37.0 17.047
37.0 17.332
37.0 16.425
37.0 16.801
37.0 16.457
37.0 16.159
37.0 16.675
37.0 16.64
37.0 17.089
37.0 17.469
37.0 17.087
37.0 17.096
37.0 17.279
37.0 16.919
37.0 16.887
37.0 17.401
37.0 17.159
37.0 15.564
37.0 15.611
37.0 15.983
37.0 16.823
37.0 16.562
37.0 16.986
37.0 16.418
37.0 17.742
37.0 17.954
37.0 17.931
37.0 17.115
37.0 16.357
37.0 17.323
37.0 17.311
37.0 16.942
37.0 16.625
37.0 16.792
37.0 16.032
37.0 15.557
37.0 16.379
37.0 16.499
37.0 16.099
37.0 16.612
37.0 17.097
37.0 17.042
37.0 16.829
37.0 16.556
37.0 16.267
37.0 17.144
37.0 17.408
37.0 17.356
37.0 17.886
37.0 17.63
37.0 17.005
37.0 17.739
37.0 17.235
37.0 15.665
37.0 15.397
37.0 15.969
37.0 15.965
37.0 15.655
37.0 16.134
37.0 15.669
37.0 15.692
37.0 16.6
37.0 16.847
37.0 17.146
37.0 16.937
37.0 16.79
37.0 17.613
37.0 17.198
37.0 16.77
37.0 16.875
37.0 16.124
37.0 16.812
37.0 16.518
37.0 16.994
37.0 16.513
37.0 17.026
37.0 16.875
37.0 16.631
37.0 16.242
37.0 16.393
37.0 16.787
37.0 17.047
37.0 17.646
37.0 16.835
37.0 17.427
37.0 15.98
37.0 17.005
37.0 17.02
37.0 17.198
37.0 17.094
37.0 16.228
37.0 16.556
37.0 17.49
37.0 17.998
37.0 17.569
38.0 17.648
38.0 17.46
38.0 16.924
38.0 15.831
38.0 16.639
38.0 17.063
38.0 17.217
38.0 17.647
38.0 18.525
38.0 17.079
38.0 16.635
38.0 16.035
38.0 16.929
38.0 16.693
38.0 17.74
38.0 17.901
38.0 15.905
38.0 15.012
38.0 15.149
38.0 15.854
38.0 15.806
38.0 17.005
38.0 17.378
38.0 16.617
38.0 17.226
38.0 17.367
38.0 17.549
38.0 16.946
38.0 17.256
38.0 16.706
38.0 16.646
38.0 16.796
38.0 16.802
38.0 16.935
38.0 16.554
38.0 17.7
38.0 16.85
38.0 17.397
38.0 16.825
38.0 16.898
38.0 17.417
38.0 17.647
38.0 16.855
38.0 16.79
38.0 18.314
38.0 17.672
38.0 17.157
38.0 16.968
38.0 17.7
38.0 17.621
38.0 17.367
38.0 16.081
38.0 16.06
38.0 16.795
38.0 17.573
38.0 18.094
38.0 17.647
38.0 17.462
38.0 17.255
38.0 17.225
38.0 17.1
38.0 17.136
38.0 17.307
38.0 17.498
38.0 17.652
38.0 18.302
38.0 17.885
38.0 17.594
38.0 16.858
38.0 18.013
38.0 17.597
38.0 18.219
38.0 17.645
38.0 18.568
38.0 17.661
38.0 17.764
38.0 18.583
38.0 17.89
38.0 17.15
38.0 17.772
38.0 16.679
38.0 17.528
38.0 16.966
38.0 17.346
38.0 16.495
38.0 17.335
38.0 16.542
38.0 17.561
38.0 15.995
38.0 16.709
38.0 16.575
38.0 17.89
38.0 17.989
38.0 17.79
38.0 18.013
38.0 17.021
38.0 16.543
38.0 16.868
38.0 17.095
38.0 18.105
38.0 17.909
38.0 18.061
38.0 17.767
38.0 17.785
38.0 18.007
38.0 18.324
38.0 18.278
38.0 16.789
38.0 17.406
38.0 18.025
38.0 17.815
38.0 17.86
38.0 17.345
38.0 16.771
38.0 17.019
38.0 16.591
38.0 17.038
38.0 18.364
38.0 18.198
38.0 17.705
38.0 17.661
38.0 17.797
38.0 17.444
38.0 16.966
38.0 17.278
38.0 17.608
38.0 17.421
38.0 17.946
38.0 17.194
38.0 17.548
38.0 17.531
38.0 17.85
38.5 17.991
38.5 17.888
38.5 17.916
38.5 18.138
38.5 17.688
500
-46.0 -233.122
-42.5 -152.613
-20.0 -109.944
-2.0 -79.085
-2.0 -59.195
8.5 -42.323
15.5 -30.034
15.5 -21.203
19.0 -14.462
19.0 -8.086
19.0 -4.336
20.5 -2.264
20.5 0.61
20.5 2.987
21.0 4.561
22.5 7.139
22.5 8.391
24.5 9.54
24.5 10.26
25.5 10.839
25.5 12.076
25.5 11.694
25.5 11.962
26.5 13.049
26.5 12.43
27.0 12.885
27.0 12.944
27.0 12.615
27.0 12.555
27.0 13.164
29.5 13.497
29.5 13.034
29.5 13.5
29.5 13.518
29.5 13.552
29.5 13.679
29.5 13.985
29.5 13.882
29.5 13.926
29.5 14.629
29.5 14.315
29.5 13.796
29.5 13.805
29.5 13.865
29.5 14.434
29.5 15.066
29.5 13.787
29.5 13.4
29.5 14.226
29.5 14.916
29.5 15.146
31.5 15.65
31.5 15.021
31.5 14.391
31.5 14.106
31.5 14.742
31.5 14.109
31.5 14.449
31.5 15.125
31.5 15.279
31.5 14.283
31.5 13.852
31.5 14.732
31.5 14.407
31.5 14.229
31.5 13.917
31.5 14.984
31.5 15.066
31.5 14.683
31.5 14.871
31.5 14.553
31.5 14.658
31.5 15.246
31.5 15.041
31.5 14.406
31.5 14.275
31.5 14.763
31.5 13.838
31.5 13.722
31.5 14.623
31.5 15.301
31.5 14.336
31.5 14.072
31.5 14.986
31.5 13.854
31.5 14.71
31.5 14.108
31.5 14.826
31.5 14.791
31.5 14.396
31.5 14.673
31.5 14.389
31.5 14.831
31.5 14.07
31.5 13.961
31.5 15.582
31.5 15.57
31.5 15.322
31.5 15.031
31.5 15.486
33.5 14.917
33.5 14.981
33.5 14.887
33.5 16.29
33.5 16.255
33.5 15.893
33.5 15.811
33.5 14.882
33.5 15.125
33.5 15.406
33.5 15.165
33.5 14.59
33.5 15.338
33.5 15.48
33.5 15.071
33.5 14.853
33.5 14.388
33.5 14.429
33.5 15.223
33.5 15.563
33.5 15.356
33.5 15.854
33.5 15.728
33.5 15.654
33.5 16.149
33.5 15.426
33.5 15.79
33.5 16.118
33.5 16.586
33.5 15.987
33.5 15.25
33.5 14.877
33.5 14.78
33.5 15.098
33.5 15.035
33.5 14.613
33.5 15.569
33.5 15.992
33.5 15.51
33.5 14.359
33.5 15.166
33.5 15.73
33.5 15.817
33.5 16.369
33.5 15.48
33.5 15.267
33.5 15.544
33.5 15.176
33.5 15.7
33.5 16.385
33.5 16.19
34.0 16.126
34.0 16.529
34.0 17.041
34.0 16.657
34.0 16.184
34.0 15.803
34.0 16.518
34.0 15.579
34.0 16.203
34.0 16.341
34.0 15.469
34.0 15.679
34.0 16.49
34.0 16.686
34.5 16.481
34.5 16.56
34.5 15.987
34.5 15.183
34.5 16.407
34.5 17.52
34.5 16.928
34.5 16.606
34.5 16.005
34.5 15.787
34.5 16.474
34.5 16.015
34.5 16.243
34.5 16.567
34.5 16.686
35.0 16.809
35.0 16.671
35.0 17.079
35.0 16.791
35.0 16.36
35.0 17.001
35.0 17.11
35.0 16.947
35.0 16.459
35.0 17.352
35.0 17.173
35.0 16.107
35.0 16.052
35.0 15.805
35.0 16.106
35.0 17.107
35.0 15.917
35.0 15.893
35.0 16.809
35.0 16.803
35.0 16.494
35.0 15.383
35.0 16.656
35.0 16.76
35.0 16.696
35.0 16.826
35.0 16.44
35.0 16.782
35.0 16.548
35.0 16.766
35.0 16.828
35.0 18.159
35.0 17.122
35.0 16.014
35.0 16.551
35.0 17.085
35.0 16.767
35.0 16.709
35.0 17.088
35.0 17.122
35.0 16.932
35.0 16.922
35.0 17.464
35.0 16.998
35.0 16.904
35.0 16.62
35.0 15.638
35.0 16.938
35.0 16.101
35.0 16.334
35.0 16.785
35.0 16.467
35.0 16.865
35.0 16.822
35.0 17.478
35.0 17.477
35.0 17.889
35.0 16.927
35.0 17.677
35.0 17.13
35.0 17.033
35.0 17.144
35.0 16.289
35.0 16.81
35.0 16.849
35.0 17.017
35.0 16.712
35.0 16.865
35.5 16.952
35.5 17.654
35.5 17.812
35.5 16.715
35.5 16.95
35.5 17.276
35.5 17.97
35.5 17.66
35.5 17.189
35.5 16.767
35.5 16.324
35.5 16.714
35.5 16.577
35.5 16.82
35.5 16.652
35.5 15.811
35.5 15.619
35.5 15.219
35.5 16.759
35.5 16.745
35.5 17.435
35.5 17.627
35.5 17.38
35.5 17.245
35.5 17.734
35.5 16.525
35.5 16.369
35.5 16.704
35.5 16.954
35.5 16.752
35.5 16.898
35.5 16.439
35.5 17.381
35.5 17.79
35.5 18.039
35.5 16.89
35.5 16.514
36.0 16.87
36.0 16.302
36.0 16.172
36.0 15.705
36.0 16.082
36.0 16.122
36.0 17.561
36.0 17.463
36.0 17.407
36.0 16.899
36.0 16.458
36.0 16.946
36.0 16.211
36.0 16.921
36.0 16.447
36.0 16.495
36.0 17.003
36.0 16.953
36.0 16.832
36.0 16.647
36.0 17.539
36.0 16.465
36.0 17.195
36.0 17.426
36.0 18.231
36.0 17.09
36.0 16.351
36.0 16.762
36.0 16.683
36.0 16.395
36.0 16.841
36.0 17.196
36.0 17.626
36.0 17.451
36.0 17.19
36.0 18.186
36.0 18.464
36.0 18.37
36.0 18.522
36.0 17.949
36.0 17.072
36.0 17.193
36.0 16.865
36.0 17.379
36.0 17.576
36.0 17.087
36.0 17.107
36.0 17.704
36.0 17.607
36.0 17.161
36.0 17.927
36.0 17.626
36.0 17.257
36.0 16.931
36.0 16.585
36.0 17.485
36.0 17.119
36.0 17.549
36.0 17.669
36.0 17.246
36.0 17.082
36.0 16.702
36.0 16.479
36.0 17.401
36.5 17.366
36.5 18.016
36.5 17.503
36.5 17.745
36.5 18.436
36.5 18.709
36.5 17.504
36.5 18.044
36.5 18.626
36.5 18.029
36.5 17.759
36.5 17.314
36.5 17.635
36.5 17.23
36.5 17.329
36.5 17.161
36.5 17.474
36.5 17.929
36.5 18.088
36.5 17.001
36.5 17.445
36.5 17.852
36.5 17.378
36.5 17.16
36.5 16.598
36.5 17.507
36.5 17.582
36.5 17.26
36.5 17.47
36.5 17.099
36.5 17.52
36.5 17.625
36.5 17.1
36.5 17.632
36.5 17.374
36.5 17.228
36.5 17.201
36.5 17.106
36.5 16.47
36.5 16.359
36.5 16.288
36.5 17.125
36.5 17.323
36.5 17.287
36.5 17.926
36.5 18.41
36.5 18.344
36.5 17.499
36.5 17.317
36.5 17.706
36.5 17.322
36.5 16.85
36.5 17.197
36.5 17.281
36.5 17.334
36.5 18.002
36.5 17.161
36.5 17.004
36.5 17.91
36.5 17.873
36.5 18.081
36.5 17.655
36.5 17.408
36.5 16.99
36.5 17.798
36.5 17.169
36.5 17.873
36.5 16.446
36.5 17.695
36.5 17.965
36.5 17.628
36.5 18.035
36.5 18.402
36.5 18.276
36.5 18.342
36.5 18.277
36.5 17.747
36.5 17.443
36.5 18.244
36.5 18.491
36.5 17.908
36.5 17.837
36.5 18.401
36.5 18.285
36.5 18.01
36.5 17.487
36.5 18.38
36.5 17.598
36.5 16.918
36.5 17.711
36.5 18.326
36.5 18.523
36.5 17.676
36.5 17.768
36.5 18.056
36.5 16.519
36.5 16.987
36.5 17.718
36.5 17.635
36.5 17.704
36.5 17.255
36.5 16.725
36.5 16.874
36.5 18.079
36.5 18.503
36.5 17.972
36.5 18.334
36.5 17.303
36.5 17.837
36.5 17.757
36.5 17.207
36.5 17.329
36.5 16.366
36.5 17.198
36.5 17.866
36.5 18.136
36.5 18.325
36.5 17.534
36.5 17.519
36.5 18.119
36.5 17.783
36.5 18.262
36.5 18.135
36.5 18.63
36.5 18.304
36.5 17.945
36.5 17.865
36.5 17.811
36.5 17.124
36.5 17.762
36.5 17.286
36.5 16.748
36.5 17.252
36.5 18.267
36.5 18.472
36.5 17.492
36.5 18.046
36.5 19.006
36.5 17.957
36.5 18.067
36.5 18.627
36.5 18.683
36.5 18.342
36.5 18.518
36.5 17.922
36.5 18.348
36.5 17.242
36.5 17.787
36.5 17.523
36.5 17.337
36.5 18.122
500
-58.0 -230.199
-43.5 -147.511
-10.5 -102.649
1.5 -75.589
4.0 -53.905
5.0 -38.633
12.5 -27.672
14.0 -19.672
14.0 -12.829
21.0 -7.131
21.0 -2.891
21.0 0.962
23.0 4.34
23.0 6.309
23.5 7.646
23.5 8.989
25.0 9.652
25.0 10.209
25.0 10.112
25.5 10.115
25.5 11.356
25.5 11.965
25.5 11.613
25.5 11.386
25.5 11.977
25.5 11.769
27.5 11.815
27.5 11.914
27.5 13.276
27.5 13.331
27.5 13.177
27.5 13.057
27.5 12.668
27.5 13.825
27.5 13.509
27.5 13.22
27.5 12.916
27.5 13.408
27.5 12.748
27.5 13.084
27.5 13.412
27.5 13.878
27.5 13.97
27.5 13.333
27.5 13.031
27.5 14.113
27.5 14.805
27.5 14.138
27.5 13.559
27.5 13.743
27.5 13.885
28.0 13.844
28.0 13.74
28.0 14.151
28.0 13.593
28.0 13.484
28.0 14.11
28.0 14.577
28.0 14.149
28.0 13.535
28.0 13.761
28.0 13.588
28.0 13.889
28.0 13.592
28.0 14.199
28.0 13.823
28.0 13.488
28.0 13.084
28.0 13.847
28.0 14.309
28.0 13.445
28.0 13.057
29.0 13.572
29.0 13.003
30.5 13.655
30.5 13.909
30.5 13.674
30.5 13.207
30.5 13.183
30.5 13.163
30.5 13.782
31.0 13.919
31.0 14.151
31.0 13.971
31.0 14.123
31.0 14.409
31.0 14.091
31.0 14.427
31.0 14.906
31.0 14.632
31.0 14.312
31.0 14.909
31.0 13.946
31.0 14.722
31.0 15.091
31.0 14.641
31.0 14.358
31.0 15.29
31.0 14.921
31.0 14.578
31.0 14.957
31.0 15.159
31.0 15.615
31.0 15.032
31.0 14.861
31.0 14.765
31.0 14.393
31.0 14.848
31.0 14.844
31.0 15.013
31.0 15.119
31.0 15.184
31.0 15.7
31.0 15.085
31.0 15.105
31.5 14.891
31.5 14.102
31.5 14.164
31.5 14.589
31.5 15.578
31.5 14.712
31.5 13.959
31.5 14.436
31.5 14.26
32.5 13.66
32.5 13.751
32.5 13.828
32.5 13.869
32.5 14.631
32.5 14.463
32.5 14.23
32.5 14.476
32.5 15.04
32.5 15.477
32.5 15.337
32.5 14.627
32.5 15.014
32.5 15.364
32.5 14.638
32.5 14.762
32.5 14.653
32.5 14.342
32.5 14.631
32.5 15.194
32.5 15.346
32.5 14.466
32.5 14.164
32.5 14.662
32.5 14.806
32.5 15.597
32.5 15.154
32.5 14.661
32.5 13.83
32.5 13.44
32.5 14.056
32.5 13.703
32.5 13.735
32.5 14.11
32.5 14.722
32.5 15.102
32.5 14.772
32.5 13.798
32.5 15.138
32.5 14.546
32.5 14.478
32.5 14.914
32.5 14.429
32.5 14.561
32.5 14.795
32.5 13.956
32.5 14.602
32.5 14.296
32.5 14.866
32.5 14.261
32.5 13.68
32.5 14.593
32.5 15.04
32.5 14.799
32.5 14.278
32.5 13.782
32.5 13.794
32.5 13.087
32.5 13.545
32.5 12.872
32.5 13.991
32.5 14.195
32.5 14.816
32.5 14.074
32.5 14.326
32.5 15.159
32.5 15.022
32.5 14.834
33.0 15.209
33.0 14.516
33.0 15.115
33.0 13.897
33.0 14.352
33.0 14.254
33.0 13.764
33.0 13.95
33.0 13.609
33.0 13.81
33.0 14.695
33.0 14.618
33.0 14.723
33.0 14.57
33.0 14.69
33.0 15.076
33.0 14.223
33.0 14.724
33.0 14.786
33.0 14.481
33.0 14.552
33.0 14.755
33.0 14.763
33.0 14.715
33.0 13.627
33.0 13.565
33.0 13.577
33.0 15.55
33.0 14.618
33.0 14.679
33.0 13.487
33.0 14.102
33.0 14.855
33.0 14.811
33.0 14.782
33.0 14.451
33.0 14.429
33.0 14.868
33.0 15.697
33.0 14.804
33.0 13.954
33.0 14.786
33.0 14.826
33.0 14.619
33.0 15.144
33.0 14.113
33.0 14.592
33.0 14.821
33.0 15.36
33.0 14.47
33.0 14.22
33.0 13.659
33.0 14.295
33.0 14.908
33.0 14.913
33.0 14.443
33.0 14.944
33.0 14.878
33.0 15.129
33.0 14.959
33.0 14.873
33.5 14.088
33.5 13.989
33.5 14.454
33.5 14.465
33.5 14.782
33.5 14.095
33.5 15.05
33.5 15.08
33.5 14.517
33.5 15.673
33.5 15.001
33.5 13.119
33.5 14.502
33.5 14.462
33.5 14.533
33.5 14.738
33.5 14.741
33.5 14.6
33.5 14.886
33.5 15.129
34.0 15.354
34.0 14.605
34.0 14.793
34.0 15.271
34.0 14.266
34.0 14.06
34.0 14.364
34.0 13.431
34.0 14.626
34.0 14.771
34.0 15.176
34.0 15.799
34.0 14.653
34.0 14.846
34.0 15.191
34.0 15.083
34.0 15.362
34.0 14.546
34.0 13.74
34.0 14.45
34.0 14.323
34.0 15.116
34.0 14.944
34.0 14.725
34.0 14.804
34.0 14.278
34.0 15.306
34.0 15.373
34.0 14.358
34.0 14.306
34.0 15.181
34.0 14.806
34.0 15.364
34.0 15.011
34.0 15.178
34.0 14.922
34.0 15.492
34.0 15.047
34.0 15.129
34.0 15.556
34.0 15.581
34.0 14.546
34.0 15.414
34.5 14.981
34.5 14.697
34.5 14.933
34.5 15.329
34.5 14.739
34.5 14.879
34.5 15.581
34.5 15.729
34.5 16.278
34.5 15.902
34.5 15.23
34.5 15.008
34.5 15.352
34.5 14.991
34.5 15.569
34.5 14.801
34.5 15.574
34.5 15.379
34.5 14.407
34.5 14.886
34.5 15.051
34.5 15.043
34.5 14.849
34.5 15.849
34.5 15.65
34.5 15.046
34.5 14.476
34.5 15.062
34.5 15.529
34.5 15.139
34.5 14.944
34.5 15.579
34.5 14.497
34.5 14.438
34.5 14.382
34.5 15.473
34.5 14.866
34.5 15.583
34.5 15.703
34.5 16.116
34.5 15.616
34.5 15.334
34.5 15.267
34.5 14.447
34.5 14.438
34.5 14.5
34.5 14.859
34.5 14.698
34.5 14.593
34.5 14.618
34.5 15.123
34.5 15.306
34.5 15.323
34.5 15.751
34.5 16.317
34.5 16.211
34.5 16.093
34.5 15.501
34.5 14.975
34.5 15.41
34.5 15.357
34.5 16.256
34.5 15.454
34.5 15.225
34.5 14.723
34.5 15.077
34.5 14.905
34.5 15.389
34.5 16.314
34.5 16.224
34.5 16.641
34.5 15.284
34.5 15.304
34.5 15.473
34.5 15.039
34.5 15.035
34.5 15.52
34.5 15.061
34.5 15.383
34.5 16.536
34.5 15.841
34.5 16.415
34.5 15.34
34.5 14.964
34.5 15.283
34.5 15.796
34.5 15.021
34.5 15.192
34.5 16.321
35.5 17.145
35.5 15.915
35.5 15.406
35.5 15.328
35.5 15.17
35.5 15.487
35.5 15.557
35.5 16.714
35.5 17.157
35.5 16.869
35.5 16.961
35.5 16.627
35.5 16.822
35.5 15.485
35.5 16.049
35.5 16.252
35.5 16.32
35.5 16.075
35.5 15.653
35.5 16.076
35.5 16.18
35.5 15.909
35.5 16.036
35.5 15.786
35.5 16.336
35.5 16.797
35.5 15.955
35.5 15.435
35.5 15.572
35.5 16.027
35.5 15.728
35.5 16.11
35.5 16.684
35.5 16.19
35.5 16.383
35.5 16.569
35.5 15.381
35.5 15.114
35.5 15.193
35.5 15.094
35.5 15.406
35.5 16.333
35.5 16.637
35.5 16.944
35.5 16.11
35.5 16.051
35.5 15.368
35.5 16.216
35.5 16.387
35.5 15.836
35.5 15.88
35.5 16.191
35.5 16.744
35.5 17.007
35.5 16.661
35.5 16.105
35.5 16.27
35.5 17.531
35.5 17.576
35.5 17.247
35.5 16.913
35.5 15.568
35.5 15.614
35.5 16.006
35.5 15.986
35.5 15.933
35.5 17.07
35.5 16.205
35.5 15.813
35.5 15.659
35.5 15.742
35.5 16.353
35.5 16.065
35.5 16.233
35.5 16.207
35.5 16.124
35.5 16.697
35.5 16.26
35.5 16.039
35.5 16.045
35.5 17.711
35.5 16.706
35.5 16.74
35.5 17.187
35.5 17.036
35.5 16.561
35.5 15.958
35.5 15.504
35.5 16.239
35.5 15.646
35.5 16.652
35.5 17.757
35.5 17.647
35.5 17.595
35.5 17.133
500
-37.5 -236.89
-35.5 -150.008
-17.0 -112.428
-5.5 -83.544
6.0 -62.433
6.0 -47.328
11.0 -32.636
12.5 -21.586
18.5 -14.969
19.5 -9.267
19.5 -4.417
21.0 0.019
21.0 4.185
21.0 6.574
24.0 6.764
24.0 8.496
24.0 9.205
24.0 10.235
24.0 11.094
24.0 10.958
25.0 11.364
25.0 11.211
25.0 11.597
25.0 11.936
25.0 12.018
25.0 12.21
25.5 12.557
26.0 12.034
26.5 12.645
26.5 11.889
26.5 12.34
26.5 12.125
27.0 11.747
27.0 11.978
27.0 12.118
27.0 11.888
27.5 12.436
28.0 12.964
28.0 12.876
28.0 12.464
28.0 12.128
28.0 12.244
28.0 12.23
28.0 12.088
28.0 12.227
28.0 12.445
28.0 12.532
28.0 12.84
29.0 13.192
29.5 12.486
29.5 13.381
29.5 13.248
29.5 13.685
29.5 13.42
29.5 13.648
29.5 13.772
30.5 13.189
30.5 13.596
30.5 13.005
30.5 12.925
30.5 12.213
30.5 12.692
30.5 13.501
30.5 13.93
30.5 13.413
30.5 13.734
30.5 13.861
30.5 13.846
30.5 14.221
30.5 14.582
30.5 14.431
30.5 14.033
30.5 13.048
30.5 13.784
30.5 14.61
30.5 14.264
30.5 14.534
30.5 13.673
30.5 13.189
30.5 13.676
31.0 14.157
31.0 13.956
31.0 14.17
31.0 13.882
31.0 13.879
31.0 14.01
31.0 13.775
31.0 14.31
31.0 14.936
31.0 13.962
31.0 12.834
31.0 13.152
31.0 13.767
31.0 13.809
31.0 14.124
31.0 13.614
31.0 13.332
31.0 13.849
31.0 13.927
31.0 13.882
31.0 13.255
31.0 13.661
31.0 12.696
31.0 12.581
31.0 12.893
31.0 14.035
31.0 13.422
31.0 14.108
31.0 13.207
31.0 13.72
31.0 13.841
31.0 14.392
31.0 13.417
31.0 12.364
31.0 13.133
31.0 13.544
31.0 13.174
31.0 13.199
31.0 14.114
31.0 14.459
31.0 13.909
31.0 14.414
31.0 14.027
31.0 13.097
31.0 13.447
31.0 13.269
32.5 14.04
32.5 14.599
32.5 14.178
32.5 13.944
32.5 14.082
32.5 14.357
32.5 14.262
32.5 15.554
32.5 14.617
32.5 14.279
32.5 14.612
32.5 14.132
32.5 14.725
32.5 14.483
32.5 15.271
32.5 15.15
32.5 15.379
32.5 15.021
32.5 15.209
32.5 14.336
32.5 13.078
32.5 13.036
32.5 14.435
32.5 15.314
32.5 15.288
32.5 14.371
32.5 14.002
32.5 14.31
32.5 14.001
32.5 14.028
32.5 14.601
32.5 15.371
32.5 15.399
32.5 14.679
32.5 14.333
32.5 14.584
32.5 15.136
32.5 14.723
32.5 15.599
32.5 15.833
32.5 14.674
32.5 15.437
32.5 15.935
32.5 15.395
32.5 15.41
32.5 15.3
32.5 15.035
32.5 14.845
32.5 14.252
32.5 14.721
32.5 13.92
32.5 14.859
32.5 14.564
32.5 14.121
32.5 15.145
32.5 15.285
32.5 14.866
32.5 14.811
32.5 14.961
32.5 15.081
32.5 14.898
32.5 14.961
32.5 14.674
32.5 14.062
32.5 14.584
32.5 14.639
32.5 15.343
32.5 14.968
32.5 14.88
32.5 15.708
32.5 16.083
32.5 16.064
32.5 15.028
32.5 15.169
32.5 14.651
32.5 14.86
33.0 15.524
33.0 15.019
33.0 15.62
33.0 15.91
33.0 15.556
33.0 14.872
33.0 15.966
33.0 15.88
33.0 15.817
33.0 15.954
33.0 15.988
33.0 16.306
33.0 16.07
33.0 15.406
33.0 15.852
33.0 15.362
33.0 14.717
33.0 14.031
33.0 14.889
33.0 15.158
33.0 15.501
33.0 15.462
33.0 14.402
33.0 14.901
33.0 15.13
33.0 15.472
33.0 15.235
33.0 15.845
33.0 16.584
33.0 16.333
33.0 15.898
33.0 15.952
33.0 14.91
33.0 14.658
33.0 15.554
33.0 16.079
33.0 14.957
33.0 15.758
33.0 15.796
33.0 15.525
33.0 14.999
33.0 15.241
33.0 16.112
33.0 15.825
33.0 14.978
33.0 15.441
33.0 15.647
33.0 16.546
33.0 15.591
33.0 15.573
33.0 16.031
33.0 14.977
33.0 15.12
33.0 16.172
33.0 16.847
33.0 16.123
33.0 15.629
33.0 15.456
33.0 15.251
33.0 14.262
33.0 15.134
33.5 15.59
33.5 17.128
33.5 15.978
33.5 15.618
33.5 15.041
33.5 15.061
33.5 15.89
33.5 15.486
33.5 15.649
33.5 15.391
34.0 14.889
34.0 15.048
34.0 15.788
34.0 15.729
34.0 15.443
34.0 15.592
34.0 15.485
34.0 15.0
34.0 15.421
34.0 15.791
34.0 16.826
34.0 15.326
34.0 15.608
34.0 15.773
34.0 15.823
34.0 15.033
34.0 15.051
34.0 15.153
34.0 15.203
34.0 15.732
34.0 16.206
34.0 16.255
34.0 16.757
34.0 15.782
34.0 16.261
34.0 16.467
34.0 16.285
34.0 17.042
34.0 15.488
34.0 15.901
34.0 14.979
34.0 14.769
34.0 14.796
34.0 15.103
34.0 15.322
34.0 15.985
34.5 15.837
34.5 15.607
34.5 15.624
34.5 15.754
34.5 15.421
34.5 16.209
34.5 15.347
34.5 15.924
34.5 15.722
34.5 16.446
34.5 16.053
34.5 16.265
34.5 15.816
34.5 14.786
34.5 15.359
34.5 15.213
34.5 16.09
34.5 15.263
34.5 14.483
34.5 15.462
34.5 16.037
34.5 15.509
34.5 15.351
34.5 15.428
34.5 14.373
34.5 15.32
34.5 15.89
34.5 16.29
34.5 16.232
34.5 16.142
34.5 15.943
34.5 16.584
34.5 16.198
34.5 16.459
34.5 15.919
34.5 17.053
34.5 15.616
34.5 15.248
34.5 14.987
34.5 15.74
34.5 15.748
34.5 15.789
34.5 15.422
34.5 16.093
34.5 15.844
34.5 15.778
34.5 16.63
34.5 15.604
34.5 15.216
34.5 15.534
34.5 15.381
34.5 15.896
34.5 16.217
34.5 15.537
34.5 15.774
34.5 17.216
35.0 16.105
35.0 16.342
35.0 17.033
35.0 15.86
35.0 15.188
35.0 16.751
35.0 17.104
35.0 17.265
35.0 16.985
35.0 17.018
35.0 16.122
35.0 16.45
35.0 15.826
35.0 15.76
35.0 15.18
35.0 16.001
35.0 16.126
35.0 15.639
35.0 15.753
35.0 16.547
35.0 16.254
35.0 16.734
35.0 16.805
35.0 16.605
35.0 15.967
35.0 15.29
35.0 15.737
35.0 16.462
35.0 15.875
35.0 15.045
35.0 15.668
35.0 15.587
35.0 15.688
35.0 16.104
35.0 15.804
35.0 15.479
35.0 15.389
35.0 15.71
35.0 16.807
35.0 17.372
35.0 16.744
35.0 16.594
35.0 16.107
35.0 16.601
35.0 16.285
35.0 14.891
35.0 15.073
35.0 15.099
35.0 15.252
35.0 15.783
35.0 15.655
35.0 15.921
35.0 15.853
35.0 16.032
35.0 15.925
35.0 15.472
35.0 16.239
35.0 16.46
35.0 15.734
35.0 16.62
35.0 16.181
35.0 16.688
35.0 16.267
35.0 16.114
35.0 16.13
35.0 15.675
35.0 15.39
35.0 15.962
35.0 15.785
35.0 15.497
35.0 16.04
35.0 17.328
35.0 16.851
35.0 16.632
35.0 15.856
35.0 16.149
35.0 16.427
35.0 16.025
35.0 15.948
35.0 15.263
35.0 15.641
35.0 16.048
35.0 16.566
35.0 16.256
35.0 16.368
35.0 16.08
35.0 16.614
35.0 15.818
35.0 15.385
35.0 16.18
35.0 16.21
35.0 15.956
35.0 16.685
35.0 16.44
35.0 16.415
35.0 16.441
35.0 16.115
35.0 15.858
35.0 15.551
35.0 16.161
35.0 15.807
35.0 15.861
35.0 16.472
35.0 16.398
35.0 15.846
35.0 16.117
35.0 16.34
35.0 15.942
35.0 16.103
35.0 16.99
35.0 16.459
35.0 15.866
35.5 15.36
35.5 15.184
35.5 15.224
35.5 16.525
35.5 16.885
35.5 16.873
35.5 16.832
35.5 16.556
35.5 16.456
35.5 16.908
35.5 16.287
35.5 16.397
35.5 16.276
35.5 15.869
35.5 15.7
35.5 16.98
35.5 16.71
35.5 17.174
35.5 17.434
35.5 16.711
35.5 16.119
35.5 16.39
35.5 15.524
500
-52.0 -237.648
-49.5 -154.451
-18.5 -113.224
-4.5 -82.274
-2.0 -61.05
3.0 -43.57
8.5 -31.828
12.5 -23.302
13.5 -15.534
19.0 -11.346
20.0 -5.569
20.0 -2.757
20.0 0.169
23.5 3.412
23.5 5.919
25.0 6.827
25.0 9.177
25.0 10.164
26.5 10.139
26.5 10.335
26.5 10.624
26.5 11.527
26.5 11.719
27.0 11.587
27.0 11.352
27.0 11.577
27.0 11.89
27.0 12.148
27.5 12.034
27.5 12.443
27.5 12.418
28.0 12.151
28.0 12.598
28.0 13.171
28.0 12.077
28.0 12.183
28.0 12.195
28.0 12.561
28.0 12.834
28.0 12.79
28.0 12.725
28.0 13.076
28.0 12.116
29.5 13.143
29.5 13.469
29.5 12.387
29.5 12.664
29.5 12.426
29.5 12.741
29.5 13.358
29.5 13.458
29.5 13.72
29.5 13.165
29.5 13.405
29.5 13.72
29.5 13.658
29.5 13.838
29.5 13.88
29.5 14.445
29.5 14.13
29.5 13.401
29.5 13.824
31.0 13.449
31.0 13.57
31.0 13.425
31.0 14.17
31.0 13.826
31.0 13.534
31.0 13.422
31.0 14.093
31.0 14.37
31.0 14.344
31.0 14.694
31.0 14.883
31.0 14.835
31.0 14.022
31.0 13.958
31.0 14.873
31.0 15.073
31.0 14.538
31.0 14.315
31.0 13.881
31.0 13.072
31.0 13.932
31.0 14.442
31.5 14.225
31.5 14.623
31.5 14.012
31.5 14.206
31.5 15.094
31.5 14.999
31.5 15.049
31.5 14.867
32.0 14.494
32.0 14.817
32.0 13.656
32.0 14.478
32.0 15.043
32.0 14.342
32.0 14.677
32.0 15.039
32.0 14.764
32.0 14.49
32.0 15.147
32.0 15.007
32.0 14.417
32.0 14.497
32.0 15.011
32.0 15.069
32.0 15.118
32.0 14.378
32.0 14.137
32.0 15.273
32.0 15.136
32.0 14.556
32.0 15.315
32.0 15.442
32.5 15.213
32.5 15.1
32.5 15.352
32.5 15.16
32.5 14.532
32.5 14.445
32.5 14.801
32.5 15.003
32.5 14.774
32.5 14.657
32.5 14.436
32.5 14.318
32.5 15.051
32.5 14.849
32.5 14.859
32.5 14.789
32.5 15.793
32.5 15.324
32.5 14.92
32.5 14.811
32.5 15.454
32.5 15.587
32.5 15.684
32.5 14.852
32.5 15.778
32.5 15.038
32.5 15.908
32.5 15.691
32.5 15.708
32.5 15.495
32.5 14.634
32.5 15.027
32.5 14.759
32.5 14.322
32.5 14.581
32.5 14.359
32.5 15.16
32.5 15.859
32.5 16.037
32.5 16.047
32.5 15.504
32.5 15.176
32.5 14.81
32.5 14.864
32.5 15.352
32.5 15.004
32.5 16.161
32.5 15.899
32.5 14.873
32.5 14.448
32.5 14.694
32.5 14.797
32.5 14.696
33.0 15.1
33.0 15.041
33.0 16.386
33.0 15.943
33.0 15.542
33.0 15.317
33.0 15.199
33.0 15.355
33.0 15.285
33.0 15.31
33.0 15.535
33.0 15.192
33.0 15.553
33.0 14.558
33.0 14.658
33.0 15.813
33.0 16.611
33.0 16.126
33.0 16.109
33.0 16.069
33.0 15.762
33.0 14.842
33.0 15.855
33.0 15.513
33.0 15.717
33.0 15.946
33.0 15.807
33.0 15.326
33.0 15.601
33.0 15.407
33.0 15.936
33.0 16.3
33.0 15.665
33.0 15.151
33.0 15.162
33.0 15.94
33.0 15.787
33.0 15.787
33.5 15.672
33.5 15.346
33.5 15.446
33.5 15.678
33.5 16.01
33.5 15.952
33.5 15.344
33.5 14.761
33.5 15.444
33.5 15.478
33.5 15.513
33.5 15.684
33.5 16.033
33.5 15.939
33.5 16.276
33.5 15.613
33.5 15.698
33.5 15.705
33.5 15.959
33.5 15.15
33.5 15.544
33.5 14.999
33.5 15.554
33.5 15.624
33.5 14.954
33.5 15.716
33.5 15.714
33.5 15.906
33.5 16.164
33.5 15.382
33.5 16.196
33.5 16.179
33.5 16.224
33.5 15.907
33.5 15.818
33.5 15.708
33.5 15.164
33.5 16.521
33.5 16.884
33.5 16.188
33.5 15.693
33.5 15.625
33.5 16.82
33.5 16.317
33.5 16.33
33.5 15.781
33.5 16.435
33.5 16.344
33.5 16.235
33.5 15.541
33.5 14.972
33.5 15.839
33.5 16.244
33.5 15.208
33.5 15.018
33.5 15.787
33.5 15.435
33.5 15.048
33.5 16.324
33.5 16.174
33.5 16.297
33.5 16.865
33.5 16.709
33.5 16.375
33.5 16.421
33.5 15.805
33.5 16.126
33.5 16.334
33.5 15.689
33.5 16.329
33.5 15.167
34.0 15.044
34.0 16.003
34.0 15.825
34.0 15.777
34.0 15.871
34.0 16.143
34.0 15.357
34.0 15.611
34.0 15.672
34.0 15.264
35.0 15.971
35.0 15.328
35.0 15.018
35.0 15.356
35.0 15.929
35.0 14.97
35.0 15.508
35.0 16.431
35.0 16.161
35.0 15.746
35.0 14.995
35.0 15.836
35.0 15.479
35.0 14.935
35.0 15.035
35.0 16.789
35.0 16.438
35.0 16.216
35.0 15.884
35.0 15.492
35.0 15.784
35.0 16.398
35.0 16.667
35.0 16.085
35.0 16.597
35.0 15.776
35.0 15.749
35.0 16.589
35.0 16.174
35.0 16.56
35.0 15.859
35.0 15.903
35.0 16.013
35.0 15.842
35.0 15.857
35.0 15.121
35.0 15.475
35.0 15.071
35.0 14.727
35.0 14.889
35.0 16.035
35.0 16.256
35.0 17.609
35.0 15.834
35.0 15.746
35.0 15.338
35.0 15.682
35.0 15.698
35.0 16.214
35.0 15.844
35.0 15.661
35.0 16.689
35.0 16.795
35.0 16.498
35.0 15.489
35.5 15.031
35.5 15.577
36.0 16.649
36.0 15.571
36.0 16.234
36.0 16.526
36.0 16.003
36.0 16.2
36.0 16.877
36.0 17.377
36.0 15.646
36.0 15.811
36.0 15.589
36.0 16.398
36.0 15.651
36.0 16.515
36.0 16.462
36.0 16.327
36.0 17.148
36.0 16.52
36.0 16.625
36.0 16.395
36.0 15.823
36.0 16.216
36.0 15.608
36.0 16.619
36.0 17.088
36.5 16.679
36.5 16.595
36.5 15.688
36.5 16.27
36.5 16.986
36.5 16.7
36.5 17.203
36.5 16.099
36.5 15.485
36.5 16.258
36.5 16.557
36.5 16.161
36.5 17.038
36.5 16.832
36.5 16.563
36.5 15.987
36.5 14.999
36.5 15.565
36.5 16.338
36.5 17.307
36.5 17.112
36.5 17.195
36.5 17.242
36.5 17.256
36.5 16.553
36.5 16.435
36.5 16.06
36.5 15.757
36.5 15.824
36.5 16.113
36.5 16.769
36.5 16.611
36.5 16.668
36.5 17.239
36.5 16.704
36.5 16.241
36.5 16.636
36.5 17.006
36.5 16.722
36.5 17.09
36.5 17.537
36.5 17.516
36.5 17.44
36.5 17.256
36.5 16.619
36.5 16.721
36.5 16.686
36.5 16.323
36.5 16.87
36.5 16.724
36.5 17.563
36.5 17.869
36.5 16.084
36.5 17.0
36.5 16.769
36.5 16.909
36.5 16.976
36.5 16.617
36.5 17.124
36.5 16.135
36.5 16.891
36.5 16.48
36.5 16.488
36.5 16.387
36.5 16.905
36.5 16.421
36.5 16.318
36.5 16.18
36.5 16.173
36.5 16.463
36.5 16.18
36.5 16.993
36.5 16.994
36.5 16.552
36.5 16.179
36.5 16.414
36.5 17.266
36.5 18.052
36.5 16.471
36.5 16.056
36.5 17.105
36.5 16.862
36.5 17.467
36.5 17.116
36.5 16.845
36.5 17.01
36.5 16.64
36.5 17.025
36.5 18.162
36.5 18.182
36.5 17.513
36.5 17.131
36.5 16.994
36.5 16.553
36.5 16.161
36.5 17.19
36.5 17.393
36.5 17.973
36.5 17.57
36.5 16.996
36.5 16.885
36.5 16.208
36.5 17.325
36.5 17.84
36.5 17.893
36.5 17.505
36.5 17.29
36.5 17.599
36.5 17.009
36.5 17.789
36.5 17.051
36.5 16.903
36.5 17.048
36.5 17.347
36.5 17.568
36.5 16.512
36.5 16.773
36.5 17.123
36.5 16.586
36.5 16.796
36.5 16.085
36.5 16.659
36.5 17.032
36.5 17.63
36.5 16.642
36.5 16.78
36.5 16.559
36.5 16.844
36.5 16.132
500
-47.0 -229.546
-12.0 -148.906
-6.5 -103.419
12.5 -77.038
12.5 -53.568
12.5 -35.532
12.5 -22.883
19.0 -13.459
19.0 -9.161
19.0 -4.906
22.0 -0.781
22.5 0.808
23.5 4.118
23.5 6.551
24.0 7.562
24.0 8.692
25.5 10.082
25.5 10.372
25.5 10.451
26.0 10.87
26.0 11.94
26.0 11.982
26.0 12.388
26.0 12.664
26.5 13.135
26.5 12.865
26.5 13.007
27.0 12.736
28.0 14.081
28.0 14.066
28.0 13.636
28.5 13.369
29.0 12.404
29.0 14.048
29.0 14.636
29.0 14.749
29.0 15.022
29.0 14.472
29.0 14.557
29.0 14.543
29.0 14.892
29.0 14.102
29.0 14.807
29.0 15.333
29.0 15.321
30.5 15.581
30.5 15.061
30.5 15.392
30.5 15.793
30.5 16.418
30.5 16.189
30.5 15.874
30.5 15.823
30.5 16.11
30.5 15.482
30.5 15.854
30.5 15.706
30.5 15.223
30.5 16.093
30.5 15.863
30.5 15.55
30.5 16.038
31.0 15.278
31.0 15.052
31.0 15.118
31.0 15.761
31.0 16.579
31.0 16.047
31.0 16.256
31.0 15.975
31.0 15.514
31.0 15.15
31.0 15.783
31.5 16.325
31.5 15.498
31.5 15.807
31.5 16.248
31.5 15.776
31.5 15.438
31.5 16.651
31.5 16.202
31.5 15.533
31.5 15.212
31.5 14.964
31.5 15.167
32.0 15.869
32.0 15.58
32.0 14.689
32.0 14.445
32.0 14.911
32.0 14.857
32.0 14.823
32.0 15.276
32.5 14.673
32.5 15.772
32.5 15.462
32.5 16.369
32.5 15.444
32.5 15.249
32.5 15.371
32.5 15.351
32.5 14.132
32.5 14.427
32.5 15.422
32.5 15.327
32.5 15.898
32.5 15.717
32.5 15.85
32.5 14.824
32.5 14.765
32.5 15.131
32.5 15.42
32.5 15.68
32.5 14.755
32.5 15.23
32.5 15.691
32.5 14.339
32.5 15.819
32.5 15.882
32.5 15.205
32.5 13.899
32.5 14.627
32.5 14.457
32.5 14.292
32.5 14.371
32.5 14.902
32.5 14.44
32.5 14.118
32.5 15.21
32.5 14.834
32.5 15.063
32.5 15.146
32.5 14.833
32.5 15.749
32.5 16.002
32.5 15.75
32.5 15.691
32.5 14.586
32.5 14.426
33.5 14.514
33.5 15.167
33.5 15.249
33.5 15.013
33.5 14.782
33.5 15.032
33.5 15.544
33.5 16.51
33.5 16.311
33.5 16.366
33.5 16.589
33.5 16.185
33.5 16.113
33.5 16.203
33.5 16.351
33.5 16.353
33.5 15.963
33.5 15.724
33.5 16.588
33.5 16.098
33.5 15.496
33.5 16.313
33.5 17.01
33.5 17.335
33.5 16.086
33.5 15.775
33.5 15.819
33.5 15.714
33.5 15.209
33.5 15.11
33.5 16.482
33.5 15.967
33.5 15.738
33.5 15.404
33.5 15.974
33.5 16.052
33.5 16.339
33.5 16.287
33.5 15.979
33.5 16.14
33.5 15.353
33.5 16.475
33.5 16.205
34.5 16.563
34.5 15.949
34.5 15.269
34.5 15.824
34.5 15.719
34.5 16.133
34.5 16.66
34.5 16.56
34.5 16.246
34.5 15.374
34.5 15.783
34.5 16.447
34.5 16.36
34.5 15.57
34.5 15.978
34.5 16.022
34.5 15.864
34.5 15.395
34.5 14.857
34.5 15.252
34.5 15.647
34.5 16.201
34.5 15.848
34.5 16.163
34.5 15.942
34.5 16.013
34.5 16.034
34.5 15.328
34.5 16.489
34.5 15.536
34.5 16.023
34.5 16.396
34.5 16.173
34.5 16.443
34.5 16.483
34.5 16.797
34.5 16.816
34.5 16.777
34.5 16.328
34.5 15.259
34.5 16.093
34.5 17.292
34.5 16.396
34.5 15.364
34.5 16.405
34.5 16.38
34.5 16.383
34.5 16.54
34.5 16.425
34.5 16.34
34.5 16.349
34.5 16.36
34.5 16.42
34.5 16.037
34.5 15.817
34.5 16.603
34.5 16.657
34.5 16.618
34.5 17.342
34.5 16.541
34.5 16.155
34.5 16.475
34.5 15.787
34.5 16.168
34.5 16.062
34.5 17.038
34.5 17.568
34.5 17.707
34.5 16.8
34.5 16.452
34.5 16.508
34.5 16.288
34.5 15.399
34.5 16.169
34.5 16.666
34.5 16.3
34.5 15.412
34.5 15.351
34.5 15.52
34.5 16.225
34.5 15.572
34.5 15.558
34.5 15.527
34.5 15.335
34.5 16.289
34.5 16.838
34.5 16.463
34.5 17.108
34.5 16.545
34.5 15.311
34.5 15.309
34.5 16.488
34.5 16.386
34.5 16.209
34.5 16.296
34.5 17.001
34.5 16.425
34.5 16.614
34.5 15.983
34.5 16.998
34.5 16.538
34.5 17.085
34.5 15.926
34.5 16.014
34.5 15.258
34.5 15.869
34.5 16.612
34.5 16.856
34.5 16.807
34.5 16.381
35.0 16.382
35.0 15.79
35.0 15.567
35.0 16.797
35.0 17.111
35.0 16.71
35.0 16.893
35.0 16.756
35.0 16.586
35.0 16.502
35.0 15.635
35.0 15.34
35.0 16.006
35.0 15.679
35.0 16.133
35.0 16.078
35.0 15.956
35.0 16.4
35.0 16.103
35.0 15.435
35.0 15.367
35.0 16.739
35.0 16.741
35.0 16.058
35.0 15.881
35.0 15.334
35.0 15.748
35.0 16.073
35.0 16.512
35.0 15.986
35.0 16.95
35.0 16.253
35.0 15.233
35.0 15.569
35.0 15.598
35.0 16.482
35.0 16.399
35.0 16.2
35.0 17.066
35.0 17.198
35.0 16.407
35.0 16.333
35.0 16.588
35.0 16.1
35.0 16.474
35.0 16.693
35.0 16.395
35.0 16.658
35.0 15.912
35.0 16.605
35.0 16.361
35.0 16.545
35.0 16.295
35.0 15.825
35.0 15.872
35.0 16.105
35.0 16.354
35.0 15.417
35.0 16.81
35.0 15.804
35.5 15.85
35.5 16.075
35.5 15.802
35.5 15.528
35.5 15.211
35.5 14.966
35.5 15.528
35.5 16.196
35.5 16.163
35.5 16.502
35.5 16.254
35.5 15.749
35.5 16.079
35.5 16.532
35.5 16.409
36.0 16.355
36.0 15.944
36.0 16.466
36.0 16.826
36.0 16.48
36.0 15.222
36.0 16.617
36.0 16.347
36.0 16.262
36.0 16.386
36.0 16.896
36.0 17.205
36.0 16.836
36.0 16.439
36.0 16.841
36.0 16.258
36.0 16.217
36.0 16.666
36.0 16.666
36.0 16.983
36.0 16.369
36.0 16.776
36.0 17.021
36.0 16.664
36.0 16.976
36.0 16.507
36.0 15.859
36.0 16.65
36.0 16.566
36.0 15.995
36.0 15.857
36.0 16.512
36.0 15.801
36.0 14.9
36.0 15.429
36.0 15.913
36.0 16.154
36.0 17.192
36.0 17.131
36.0 17.075
36.0 17.663
36.0 17.4
36.0 17.038
36.0 17.448
36.0 16.915
36.0 16.791
36.0 16.701
36.0 17.21
36.0 16.855
36.0 17.593
36.0 17.152
36.0 16.527
36.0 17.157
36.0 17.455
36.0 16.947
36.0 17.088
36.0 16.662
36.0 17.171
36.0 17.13
36.0 17.081
36.0 16.56
36.0 16.729
36.0 15.689
36.0 17.064
36.0 16.411
36.0 16.257
36.0 16.497
36.0 16.418
36.0 16.437
36.0 15.408
36.0 15.226
36.0 15.613
36.0 16.369
36.0 17.082
36.0 15.626
36.0 16.046
36.0 17.095
36.0 16.442
36.0 17.244
36.0 16.482
36.0 17.025
36.0 15.758
36.0 17.113
36.0 16.681
36.0 17.281
36.0 16.201
36.0 16.631
36.0 16.758
36.5 16.681
36.5 16.096
36.5 17.028
36.5 17.473
36.5 17.258
36.5 17.169
36.5 16.992
36.5 17.107
36.5 17.941
36.5 17.786
36.5 17.148
36.5 16.403
36.5 16.48
36.5 16.878
36.5 17.226
36.5 17.769
36.5 17.866
36.5 18.327
36.5 17.811
36.5 16.877
36.5 17.032
36.5 15.863
36.5 15.871
36.5 16.342
36.5 16.527
36.5 16.81
36.5 17.207
36.5 17.739
36.5 17.438
36.5 17.835
36.5 17.877
36.5 17.038
36.5 16.536
36.5 17.677
36.5 17.561
36.5 17.095
36.5 17.35
36.5 17.753
36.5 16.674
36.5 17.269
36.5 17.14
36.5 17.233
36.5 17.335
36.5 17.877
36.5 16.7
500
-38.0 -224.866
-38.0 -142.19
-8.5 -97.228
1.5 -72.916
8.0 -54.784
15.0 -36.078
15.0 -27.137
19.5 -17.846
23.0 -11.046
23.0 -6.544
23.0 -2.305
23.0 1.294
23.0 2.859
23.0 4.73
23.0 5.746
23.0 7.576
23.0 8.216
23.0 9.1
28.0 8.865
28.0 10.169
28.0 9.446
28.0 9.801
28.0 9.879
28.0 10.348
28.0 11.035
28.0 11.95
28.0 12.079
28.0 12.663
28.0 12.687
28.0 12.02
28.0 12.134
28.0 12.661
28.0 13.142
28.0 13.567
28.0 13.658
28.0 12.81
28.0 12.862
28.0 12.986
28.0 13.514
28.0 13.15
28.0 13.753
30.0 13.93
30.0 14.301
30.0 13.59
30.0 14.291
30.0 13.819
30.0 14.43
30.0 13.24
30.0 14.038
30.0 14.102
30.0 13.92
30.0 14.134
30.0 14.201
30.0 13.236
30.0 13.048
30.0 13.801
30.0 14.083
30.0 14.388
30.0 14.659
30.0 14.685
30.0 13.766
30.0 13.488
30.0 13.83
30.0 13.584
30.5 13.975
30.5 13.509
30.5 14.025
30.5 14.49
30.5 13.57
31.5 13.605
31.5 13.469
31.5 13.569
31.5 13.517
31.5 13.576
31.5 14.05
31.5 15.0
32.0 14.916
32.0 14.949
32.0 14.161
32.0 14.454
32.0 14.915
32.0 14.785
32.0 15.621
32.0 14.941
32.0 15.072
32.0 15.205
32.0 14.893
32.0 15.051
32.0 14.775
32.0 15.161
32.0 14.923
32.0 15.184
33.0 14.884
33.0 15.16
33.0 15.917
33.0 15.257
33.0 15.348
33.0 14.122
33.0 15.139
33.0 15.567
33.0 15.43
33.0 15.407
33.0 15.553
33.0 15.103
33.0 14.968
33.0 15.944
33.0 15.475
33.0 15.5
33.0 15.136
33.0 14.709
33.0 14.23
33.0 14.882
33.0 15.504
33.0 15.516
33.0 15.134
33.0 15.295
33.0 15.196
33.0 15.19
33.0 15.778
33.0 15.332
33.0 15.388
33.0 15.713
33.0 13.836
33.0 15.056
33.0 15.354
33.0 14.696
33.0 14.694
33.0 15.361
33.0 14.955
33.0 14.846
33.0 15.732
33.0 15.17
33.5 15.308
33.5 15.841
33.5 16.869
33.5 16.231
33.5 16.282
33.5 16.624
33.5 15.848
33.5 15.998
33.5 16.494
33.5 16.592
33.5 16.359
33.5 15.907
33.5 15.965
33.5 16.49
33.5 16.493
33.5 15.194
33.5 15.383
33.5 15.11
33.5 15.75
33.5 15.957
33.5 15.747
33.5 15.977
33.5 15.861
33.5 16.315
33.5 15.821
33.5 14.938
34.0 15.726
34.0 17.251
34.0 16.381
34.0 17.296
34.0 16.492
34.0 17.047
34.0 15.746
34.0 15.351
34.0 15.273
34.0 16.097
34.0 16.155
34.0 16.459
34.0 15.994
34.0 16.77
34.5 16.953
34.5 16.358
34.5 16.63
34.5 17.171
34.5 16.812
34.5 16.889
34.5 16.223
34.5 16.137
34.5 16.707
34.5 16.638
34.5 16.655
34.5 16.376
34.5 15.567
34.5 15.697
34.5 16.227
34.5 16.651
34.5 16.263
34.5 16.539
34.5 16.829
34.5 16.251
34.5 15.546
34.5 16.493
34.5 16.638
34.5 16.199
34.5 16.521
34.5 16.991
34.5 16.308
34.5 16.597
34.5 16.092
34.5 16.937
34.5 17.287
34.5 17.754
34.5 16.821
35.0 17.152
35.0 16.87
35.0 16.787
35.0 16.362
35.0 16.886
35.0 17.178
35.0 17.156
35.0 16.862
35.0 17.109
35.0 17.28
35.0 17.326
35.0 16.629
35.0 16.049
35.0 16.102
35.0 16.621
35.0 16.489
35.0 17.485
35.0 17.072
35.0 17.392
35.0 17.87
35.0 16.981
35.0 17.144
35.0 17.534
35.0 17.143
35.0 17.125
35.0 17.367
35.0 16.927
35.0 17.507
35.0 16.698
35.0 17.286
35.0 17.972
35.0 17.085
35.0 17.367
35.0 16.761
35.0 17.85
35.0 17.291
35.0 17.307
35.0 17.94
35.0 17.28
35.0 17.473
35.0 17.309
35.0 17.541
35.0 17.297
35.0 17.378
35.0 17.975
35.0 17.203
35.0 17.327
35.0 17.027
35.0 16.955
35.0 17.606
35.0 17.044
35.0 16.412
35.0 17.516
35.0 16.56
35.0 17.063
35.0 16.98
35.0 16.797
35.0 16.639
35.0 16.881
35.0 17.226
35.0 17.29
35.0 17.287
35.0 17.4
35.0 17.357
35.0 17.466
35.0 17.494
35.0 18.2
35.0 17.252
35.0 17.918
35.0 17.451
35.0 17.683
35.0 17.104
35.0 16.663
35.0 17.171
35.0 17.397
35.0 17.92
35.0 17.525
35.0 17.166
35.0 17.581
35.0 17.534
35.0 17.322
35.0 17.339
35.0 16.837
35.0 16.803
35.0 16.644
35.0 16.538
35.0 17.136
35.0 16.699
35.0 16.291
35.0 16.313
35.0 16.02
35.0 16.676
35.0 16.638
35.0 16.651
35.0 17.06
35.0 16.214
35.0 16.733
35.0 17.3
35.0 16.862
35.0 16.877
35.0 16.553
35.0 16.522
35.0 16.472
35.0 16.042
35.0 16.366
35.0 16.386
35.0 16.498
35.0 16.389
35.5 18.12
35.5 17.3
36.0 16.963
36.0 16.542
36.0 16.811
36.0 17.173
36.0 16.179
36.0 16.142
36.0 16.865
36.0 17.204
36.0 16.653
36.0 16.755
36.0 17.089
36.0 16.463
36.0 16.687
36.0 17.574
36.0 18.198
36.0 18.399
36.0 17.383
36.0 17.432
36.0 18.341
36.0 18.02
36.0 18.193
36.0 17.937
36.0 17.369
36.0 17.491
36.0 17.572
36.0 17.044
36.0 16.566
36.0 16.678
36.0 16.695
36.0 17.38
36.0 17.176
36.0 17.172
36.0 16.928
36.0 17.423
36.0 17.359
36.0 16.421
36.0 16.734
36.0 16.799
36.0 16.045
36.0 16.638
36.0 17.499
36.0 16.4
36.0 16.834
36.0 16.81
36.0 17.233
36.0 16.235
36.0 16.219
36.0 16.514
36.0 16.457
36.0 16.107
36.0 17.198
36.0 17.959
36.0 18.134
36.0 17.648
36.0 18.076
36.0 17.105
36.0 16.922
36.0 16.634
36.0 17.594
36.0 17.497
36.0 17.284
36.0 17.461
36.0 17.279
36.0 17.305
36.0 17.563
36.0 17.068
36.0 17.201
36.0 17.557
36.0 17.894
36.0 18.252
36.0 16.862
36.0 16.799
36.0 17.025
36.0 17.274
36.0 16.651
36.0 16.454
36.0 16.934
36.0 17.816
36.0 18.463
36.0 18.401
36.0 18.099
36.0 17.361
36.0 17.052
36.0 17.288
36.0 16.875
36.0 17.592
36.0 16.876
36.0 17.252
36.0 17.203
36.0 17.176
36.0 17.984
36.0 17.502
36.0 16.95
36.0 16.272
36.0 16.854
36.0 17.931
36.0 17.428
36.0 17.428
36.0 17.737
36.0 17.232
36.0 17.54
36.0 18.043
36.0 18.437
36.0 17.768
36.0 17.992
36.0 18.329
36.0 17.472
36.0 17.297
36.0 17.192
36.0 17.645
36.0 17.212
36.0 17.276
36.0 17.258
36.0 16.815
36.0 16.956
36.0 17.208
36.0 17.289
36.0 17.329
36.0 17.594
36.0 17.812
36.0 17.128
36.0 18.244
36.0 17.716
36.0 17.02
36.0 17.052
36.0 17.609
36.0 17.777
36.0 17.903
36.0 17.862
36.0 16.995
36.0 17.583
36.0 17.724
36.0 17.491
36.0 17.775
36.0 16.945
36.0 17.407
36.0 16.855
36.0 17.624
36.0 16.945
36.0 17.284
36.0 17.634
36.0 17.272
36.0 17.461
36.0 17.982
36.0 17.33
36.0 16.765
36.0 16.025
36.0 16.295
36.0 17.148
36.0 17.322
36.0 17.847
36.0 17.847
36.0 17.762
36.0 17.687
36.0 17.846
36.0 17.901
36.0 17.251
36.0 17.454
36.0 17.753
36.0 17.511
36.0 17.21
36.0 17.315
36.0 18.196
36.0 18.386
36.0 17.745
36.0 17.425
36.0 17.235
36.0 17.079
36.0 16.954
36.0 17.186
36.0 17.594
36.0 17.173
36.0 17.438
36.0 18.178
36.0 17.631
36.0 18.54
36.0 17.637
36.0 17.549
36.0 18.143
36.0 19.288
36.0 18.881
36.0 18.313
36.0 17.344
36.0 16.777
36.0 17.66
500
-43.5 -232.911
-36.0 -148.368
-12.5 -105.285
-8.5 -76.175
-7.0 -54.789
2.5 -39.262
10.0 -31.649
16.0 -23.966
19.5 -15.664
19.5 -8.972
22.5 -3.651
22.5 0.086
22.5 2.403
24.0 4.658
24.0 6.178
24.5 7.421
24.5 8.196
24.5 9.921
24.5 10.674
25.0 10.533
25.0 11.214
25.0 11.667
26.5 11.926
26.5 12.322
26.5 11.819
26.5 12.369
26.5 12.974
26.5 12.586
26.5 12.581
26.5 12.917
27.0 13.259
28.0 13.029
28.0 13.589
28.0 13.479
28.0 13.629
28.0 13.657
28.0 13.394
29.5 13.186
30.5 14.227
30.5 14.342
30.5 13.913
30.5 13.895
30.5 13.509
30.5 14.563
30.5 14.278
30.5 13.803
30.5 13.517
30.5 13.852
30.5 13.593
30.5 13.923
30.5 14.254
30.5 14.289
30.5 14.202
30.5 13.695
30.5 14.743
30.5 14.016
30.5 13.177
30.5 13.549
30.5 13.15
30.5 13.047
30.5 13.711
30.5 14.263
30.5 14.332
30.5 14.272
30.5 14.085
30.5 13.263
30.5 13.159
31.0 13.725
31.0 13.819
31.0 13.804
31.0 14.145
31.0 14.277
31.0 14.245
31.0 14.222
31.0 13.923
31.0 14.801
31.0 14.826
31.0 14.421
31.0 14.122
31.0 13.566
31.0 14.376
31.0 15.049
31.0 14.785
31.0 14.378
31.0 14.73
31.0 14.321
31.0 14.514
31.0 14.37
31.0 15.144
31.0 14.763
31.0 14.697
31.0 15.494
31.0 14.528
31.0 15.102
31.0 14.797
31.0 15.225
31.0 14.697
31.0 14.894
31.0 14.464
31.0 14.255
31.0 13.985
31.0 14.192
31.0 14.547
31.0 14.77
31.0 15.064
31.0 15.143
31.0 14.77
31.0 13.794
31.0 15.311
32.0 16.003
32.0 15.707
32.0 14.848
32.0 14.549
32.0 15.028
32.0 14.382
32.0 14.402
32.0 14.407
32.0 15.05
32.0 15.371
32.0 15.414
32.0 14.756
32.0 15.028
32.0 14.782
32.0 15.26
32.0 15.342
32.0 14.482
32.0 15.033
32.0 14.922
32.0 14.617
32.0 14.311
32.0 13.945
32.0 15.443
32.0 15.032
32.0 15.567
32.0 15.254
32.0 15.392
32.0 15.778
32.0 15.394
32.0 15.895
32.5 15.764
32.5 15.249
32.5 14.721
32.5 15.085
32.5 15.592
32.5 15.141
32.5 14.479
32.5 14.641
32.5 14.915
32.5 14.77
32.5 15.167
32.5 14.668
32.5 15.174
32.5 15.38
32.5 15.033
32.5 15.266
32.5 15.154
32.5 15.063
32.5 15.37
33.5 15.833
33.5 15.486
33.5 15.704
33.5 15.232
33.5 14.916
33.5 15.013
33.5 15.326
33.5 14.548
33.5 14.933
33.5 15.797
33.5 14.719
33.5 15.302
33.5 15.382
33.5 14.987
33.5 16.213
33.5 15.671
33.5 15.758
33.5 15.4
33.5 14.882
33.5 15.576
33.5 15.204
33.5 15.117
33.5 14.719
33.5 15.128
33.5 14.927
33.5 15.779
33.5 15.776
33.5 14.945
33.5 15.152
33.5 15.863
33.5 16.083
33.5 15.476
33.5 15.598
33.5 15.406
33.5 15.556
33.5 16.383
33.5 16.704
33.5 15.861
33.5 16.377
34.5 16.639
34.5 15.898
34.5 15.778
34.5 16.789
35.5 16.809
35.5 16.849
35.5 16.094
35.5 16.047
35.5 15.997
35.5 16.545
35.5 16.954
35.5 16.173
35.5 15.377
35.5 15.941
35.5 16.898
35.5 16.38
35.5 15.804
35.5 16.454
35.5 16.985
35.5 17.417
35.5 16.611
35.5 17.163
35.5 17.536
35.5 17.199
35.5 16.936
35.5 16.436
35.5 16.368
35.5 16.961
35.5 16.678
35.5 16.335
35.5 16.741
35.5 17.005
35.5 16.16
35.5 17.305
35.5 16.548
35.5 16.846
35.5 17.684
35.5 17.661
35.5 17.622
35.5 16.565
35.5 16.712
35.5 16.309
35.5 16.621
35.5 16.269
35.5 17.134
35.5 17.659
35.5 17.209
35.5 16.721
35.5 16.502
35.5 17.09
35.5 16.872
35.5 17.084
35.5 16.877
35.5 16.76
35.5 16.718
35.5 16.552
35.5 16.43
35.5 16.503
35.5 16.898
35.5 16.537
35.5 17.371
35.5 16.897
35.5 17.539
35.5 17.619
35.5 17.851
35.5 17.336
35.5 17.332
35.5 16.548
35.5 16.693
35.5 16.747
35.5 16.888
35.5 17.883
35.5 17.458
35.5 17.571
35.5 17.775
35.5 17.841
35.5 17.533
35.5 17.257
35.5 16.731
35.5 16.215
35.5 16.594
35.5 17.205
35.5 16.317
35.5 15.772
35.5 17.283
35.5 16.792
35.5 17.438
35.5 17.819
35.5 17.336
35.5 17.271
36.0 17.751
36.0 17.279
36.0 17.799
36.0 17.726
36.0 17.579
36.0 17.395
36.0 16.245
36.0 16.123
36.0 16.334
36.0 17.166
36.0 16.418
36.0 17.12
36.0 16.573
36.0 17.237
36.0 17.888
36.0 18.249
36.0 18.184
36.0 17.887
36.0 18.191
36.0 16.238
36.0 16.489
36.0 17.015
36.0 17.77
36.0 17.398
36.0 17.744
36.0 16.921
36.0 16.639
36.0 17.076
36.0 17.247
36.0 17.584
36.0 17.389
36.0 17.532
36.0 17.795
36.0 17.361
36.0 17.167
36.0 17.217
36.0 17.872
36.0 17.482
36.0 16.697
36.0 17.049
36.0 16.797
36.0 17.439
36.0 18.102
36.0 18.127
36.0 18.086
36.0 17.894
36.0 17.103
36.5 16.846
36.5 17.608
36.5 17.507
36.5 17.793
36.5 18.218
36.5 17.3
36.5 16.848
36.5 16.806
36.5 16.943
36.5 16.965
36.5 17.135
36.5 17.835
36.5 18.011
36.5 17.808
36.5 17.137
36.5 16.804
36.5 17.136
36.5 16.656
36.5 17.212
36.5 17.633
36.5 17.844
36.5 17.697
36.5 16.615
36.5 17.94
36.5 17.572
36.5 17.595
36.5 17.499
36.5 17.296
36.5 17.362
36.5 18.024
36.5 17.348
36.5 17.118
36.5 17.06
36.5 17.325
36.5 17.095
36.5 16.927
36.5 16.569
36.5 16.594
36.5 16.762
36.5 17.277
36.5 16.378
36.5 16.774
36.5 16.393
36.5 16.871
36.5 16.832
36.5 16.675
36.5 16.9
36.5 17.744
36.5 17.41
36.5 17.69
37.0 17.89
37.0 18.884
37.0 17.637
37.0 17.734
37.0 17.051
37.0 16.598
37.0 17.082
37.0 18.145
37.0 17.423
37.0 17.316
37.0 17.258
37.0 17.496
37.0 16.829
37.0 18.167
37.0 17.172
37.0 17.738
37.0 17.582
37.0 17.163
37.0 16.735
37.0 16.82
37.0 17.335
37.0 17.519
37.0 16.024
37.0 16.887
37.0 17.144
37.0 16.577
37.0 17.268
37.0 16.461
37.0 18.037
37.0 17.026
37.0 16.833
37.0 16.226
37.0 16.885
37.0 17.181
37.0 18.328
37.0 18.162
37.0 18.081
37.0 17.879
37.0 17.504
37.0 17.044
37.0 17.153
37.0 17.116
37.0 16.193
37.0 16.592
37.0 16.607
37.0 16.661
37.0 17.059
37.0 17.382
37.0 17.752
37.0 18.088
37.0 17.146
37.0 17.774
37.0 18.211
37.0 18.61
37.0 18.235
37.0 17.713
37.0 16.933
37.0 17.084
37.0 17.06
37.0 18.083
37.0 18.412
37.0 18.062
37.0 17.277
37.0 18.164
37.0 17.036
37.0 16.436
37.0 16.281
37.0 16.335
37.0 16.895
37.0 17.626
37.0 18.411
37.0 17.635
37.0 17.204
37.0 17.67
37.0 16.403
37.0 17.396
37.0 17.25
37.5 17.768
37.5 17.44
37.5 17.435
37.5 18.04
37.5 16.832
37.5 16.56
37.5 16.98
37.5 16.827
37.5 18.043
37.5 18.096
37.5 17.471
37.5 17.971
37.5 18.238
37.5 17.277
37.5 16.48
37.5 17.774
37.5 18.146
37.5 17.255
37.5 16.616
37.5 17.584
37.5 16.893
37.5 16.061
37.5 16.615
37.5 17.164
37.5 17.927
37.5 18.126
37.5 17.768
37.5 17.806
37.5 17.447
37.5 17.835
37.5 18.189
37.5 17.625
37.5 17.839
37.5 17.454
37.5 17.743
37.5 15.974
37.5 17.031
37.5 18.827
37.5 18.832

Individual: [2, 4, 7, 8, 11, 13, 16, 23, 29, 31, 32, 34, 40, 59, 71, 72, 75, 77, 80, 81, 92, 93, 97, 99, 100]
   Fitness: 36.5
     Total: 25
Violations: 1 1

Individual: [1, 4, 5, 7, 11, 12, 22, 24, 25, 27, 31, 34, 36, 66, 70, 72, 76, 79, 84, 90, 91, 93, 97, 99, 100]
   Fitness: 35.5
     Total: 25
Violations: 2 2

Individual: [1, 3, 4, 9, 10, 12, 13, 24, 26, 27, 31, 33, 37, 60, 68, 69, 72, 74, 77, 78, 81, 91, 92, 95, 97, 98, 100]
   Fitness: 38.5
     Total: 27
Violations: 2 2

Individual: [1, 3, 4, 8, 9, 11, 12, 24, 25, 30, 31, 33, 34, 68, 70, 71, 73, 77, 87, 89, 90, 92, 96, 98, 99]
   Fitness: 36.5
     Total: 25
Violations: 1 1

Individual: [1, 3, 6, 7, 12, 15, 16, 19, 28, 30, 33, 34, 68, 69, 72, 74, 75, 77, 78, 90, 92, 93, 97, 99, 100]
   Fitness: 35.5
     Total: 25
Violations: 2 2

Individual: [1, 2, 4, 5, 10, 11, 13, 14, 26, 28, 29, 34, 35, 37, 71, 72, 77, 78, 80, 81, 92, 93, 97, 98, 100]
   Fitness: 35.5
     Total: 25
Violations: 2 2

Individual: [1, 2, 4, 9, 10, 12, 13, 26, 28, 29, 31, 34, 35, 38, 70, 71, 73, 78, 79, 84, 91, 93, 94, 96, 100]
   Fitness: 36.5
     Total: 25
Violations: 1 1

Individual: [1, 2, 6, 7, 9, 15, 22, 25, 27, 30, 31, 34, 36, 69, 70, 72, 76, 78, 79, 81, 91, 94, 95, 98, 100]
   Fitness: 36.5
     Total: 25
Violations: 1 1

Individual: [1, 2, 4, 5, 10, 11, 13, 22, 23, 27, 29, 30, 32, 67, 69, 73, 74, 75, 78, 85, 90, 91, 93, 94, 99, 100]
   Fitness: 36.0
     Total: 26
Violations: 3 3

Individual: [1, 3, 4, 8, 9, 11, 12, 22, 24, 25, 27, 31, 33, 34, 68, 69, 71, 72, 76, 78, 86, 89, 90, 93, 95, 98, 99]
   Fitness: 37.5
     Total: 27
Violations: 3 3
