10
100
-36.0 -232.785
-36.0 -148.455
-33.0 -104.81
-26.0 -77.775
-11.0 -61.345
2.5 -47.19
7.0 -30.81
7.0 -22.595
7.0 -22.245
8.0 -17.005
12.0 -15.61
12.5 -11.72
12.5 -9.555
12.5 -12.855
12.5 -10.125
19.0 -5.0
19.0 -2.2
21.0 -1.665
21.0 -1.34
23.0 4.905
23.0 3.28
23.5 3.53
23.5 6.57
23.5 5.475
25.5 8.075
25.5 6.65
25.5 8.195
25.5 7.905
25.5 10.185
25.5 9.82
25.5 2.34
25.5 3.145
25.5 7.49
25.5 9.885
25.5 10.445
25.5 8.81
25.5 8.0
28.5 8.37
28.5 6.88
29.5 7.915
29.5 6.05
29.5 4.315
29.5 13.475
29.5 13.46
30.5 9.315
30.5 12.515
30.5 13.735
30.5 5.74
30.5 11.035
30.5 9.855
30.5 8.735
30.5 12.775
30.5 9.935
30.5 8.475
30.5 11.345
30.5 14.515
30.5 11.27
30.5 6.755
30.5 12.935
30.5 12.675
30.5 13.59
30.5 12.96
32.0 11.26
32.0 14.585
32.5 9.78
32.5 13.17
32.5 8.875
32.5 12.71
32.5 12.055
32.5 12.985
32.5 12.505
32.5 12.31
32.5 12.375
32.5 10.015
32.5 8.34
32.5 9.21
32.5 8.66
32.5 13.56
32.5 8.35
33.5 12.155
33.5 14.095
33.5 12.225
33.5 9.06
33.5 9.4
33.5 11.66
33.5 6.835
33.5 5.765
33.5 9.225
33.5 13.97
33.5 11.845
33.5 17.435
33.5 15.535
33.5 12.86
35.0 14.8
35.0 12.96
35.0 9.01
35.0 11.65
35.0 10.405
35.0 8.84
35.0 10.49
100
-67.0 -234.86
-32.0 -144.495
-32.0 -103.46
-26.5 -81.21
-20.0 -67.725
-6.5 -48.3
4.0 -37.665
4.0 -35.505
8.0 -26.035
13.0 -13.34
13.0 -14.015
17.5 -8.7
17.5 -5.915
18.5 -4.365
19.5 1.43
21.5 5.21
21.5 3.5
22.5 5.655
25.5 4.585
25.5 3.67
25.5 9.99
25.5 11.24
25.5 9.365
25.5 3.89
25.5 5.71
25.5 9.335
25.5 6.725
25.5 5.43
25.5 7.825
25.5 7.87
25.5 12.355
29.0 11.96
29.0 11.65
29.0 12.055
29.0 10.545
29.0 10.515
29.0 8.16
29.0 7.385
29.0 9.68
29.0 12.22
29.0 5.655
29.0 7.63
29.0 12.265
29.0 12.34
29.0 7.795
29.0 5.145
29.0 6.74
29.0 8.95
29.0 5.42
29.0 8.305
29.0 9.875
29.0 13.64
29.0 6.395
29.0 10.39
29.0 9.09
29.0 8.915
29.0 12.565
29.0 10.54
29.0 7.745
29.0 3.8
29.0 4.935
30.5 7.86
30.5 3.78
30.5 10.16
30.5 10.88
30.5 3.23
30.5 4.68
30.5 9.295
30.5 10.205
30.5 12.37
30.5 11.61
30.5 13.32
30.5 13.35
30.5 12.455
30.5 9.39
30.5 7.07
30.5 8.26
30.5 10.23
30.5 12.735
30.5 9.355
30.5 8.775
30.5 4.76
30.5 9.945
30.5 7.05
30.5 8.015
30.5 10.915
30.5 12.555
30.5 12.065
30.5 9.76
30.5 10.115
30.5 9.135
31.0 8.955
31.0 11.39
31.0 12.265
31.0 11.295
31.0 10.075
31.0 3.195
31.0 8.095
31.0 4.085
31.0 10.7
100
-34.5 -225.92
-34.5 -133.165
-31.0 -98.47
-17.5 -75.27
-4.5 -57.45
-2.5 -38.39
-0.5 -36.165
7.5 -23.165
18.0 -16.355
19.5 -8.26
19.5 -2.235
24.0 1.26
24.0 0.235
24.0 2.935
24.0 -0.75
24.0 2.065
24.0 3.27
24.0 3.985
25.0 4.335
25.0 6.56
25.0 8.005
26.0 9.195
26.0 2.95
26.0 7.175
26.0 9.275
26.0 6.1
26.0 7.015
26.5 8.975
26.5 10.895
26.5 8.905
26.5 8.8
26.5 10.435
26.5 9.65
26.5 9.48
26.5 8.78
26.5 5.44
26.5 10.895
26.5 8.635
26.5 8.13
26.5 11.27
26.5 6.87
26.5 7.035
26.5 7.245
26.5 8.03
26.5 9.395
26.5 3.25
26.5 7.285
26.5 6.585
26.5 4.675
26.5 3.135
26.5 5.74
26.5 10.925
26.5 5.835
26.5 7.28
26.5 8.365
27.0 11.62
27.0 12.47
28.0 5.56
28.0 9.265
28.0 5.15
28.0 4.68
28.0 9.185
28.0 10.7
28.0 11.2
28.0 10.715
28.0 6.945
28.0 5.91
28.0 6.47
29.0 9.355
29.0 11.485
29.5 11.56
29.5 10.445
29.5 4.76
29.5 8.84
29.5 11.23
29.5 8.845
29.5 6.905
29.5 4.42
29.5 4.015
29.5 7.615
29.5 8.16
29.5 5.82
29.5 3.705
29.5 1.09
29.5 3.02
29.5 4.96
29.5 5.315
29.5 0.76
30.5 5.76
30.5 5.085
30.5 7.59
30.5 -0.895
30.5 6.15
30.5 0.92
30.5 8.415
32.0 6.57
32.0 7.395
32.0 3.815
32.0 8.13
32.0 5.7
100
-68.0 -231.605
-37.5 -140.95
-36.0 -98.195
-15.0 -73.37
-7.5 -52.835
-3.0 -45.385
5.5 -33.65
6.0 -32.37
12.0 -20.805
12.0 -19.225
14.0 -11.36
15.5 -11.2
15.5 -11.61
17.0 -12.795
17.0 -10.445
19.5 -5.775
20.0 -1.005
20.0 1.775
21.0 0.495
21.0 4.22
22.0 6.765
22.5 3.985
22.5 -0.465
22.5 3.135
22.5 5.5
22.5 5.54
22.5 6.3
23.5 6.45
23.5 4.78
23.5 -0.59
25.5 3.49
25.5 6.41
25.5 2.67
27.5 5.07
27.5 8.395
27.5 2.9
27.5 6.835
27.5 3.57
27.5 6.03
28.0 5.65
28.0 6.7
30.5 9.64
30.5 10.47
30.5 6.695
30.5 12.1
30.5 11.265
30.5 7.025
30.5 5.475
30.5 8.88
30.5 12.205
30.5 9.17
30.5 10.655
30.5 12.845
30.5 9.0
30.5 11.44
30.5 8.5
30.5 10.645
30.5 12.655
30.5 12.365
30.5 7.705
30.5 10.97
30.5 11.37
30.5 14.31
30.5 8.565
30.5 9.98
30.5 13.52
30.5 10.795
30.5 9.155
30.5 11.77
30.5 8.785
30.5 10.22
30.5 6.67
30.5 9.89
30.5 8.04
30.5 10.945
30.5 12.545
30.5 13.05
30.5 9.705
30.5 6.75
30.5 3.51
30.5 7.475
30.5 4.695
30.5 6.165
30.5 5.505
30.5 6.93
30.5 9.265
30.5 8.57
30.5 10.34
30.5 8.43
30.5 8.795
30.5 7.695
30.5 10.21
31.0 11.135
31.0 7.685
31.0 13.505
31.0 9.37
31.0 8.645
31.0 8.755
31.0 10.175
31.0 8.125
100
-65.5 -227.915
-9.5 -129.185
-9.5 -86.515
-2.0 -53.64
4.5 -36.505
8.0 -24.7
14.0 -15.955
18.0 -12.575
19.0 -5.915
20.5 -0.21
20.5 2.825
23.0 3.18
26.5 4.58
26.5 3.77
26.5 3.365
26.5 9.27
27.0 8.445
27.5 10.405
27.5 7.68
27.5 6.635
27.5 4.32
27.5 8.325
27.5 6.395
27.5 9.685
27.5 7.74
27.5 9.635
27.5 4.12
27.5 9.76
27.5 7.665
27.5 4.075
27.5 6.845
28.5 4.565
28.5 5.83
28.5 8.705
28.5 5.655
28.5 9.215
28.5 9.835
28.5 8.775
28.5 8.225
28.5 4.645
28.5 7.435
28.5 0.065
28.5 5.585
28.5 1.755
28.5 4.625
28.5 6.055
28.5 6.635
28.5 4.86
28.5 9.46
28.5 6.075
28.5 -4.27
28.5 1.765
28.5 7.13
28.5 -2.56
28.5 5.06
28.5 6.325
28.5 6.63
28.5 3.87
28.5 6.16
28.5 7.555
28.5 3.73
28.5 3.285
28.5 -1.56
28.5 5.045
28.5 6.39
28.5 2.525
28.5 3.425
28.5 5.05
28.5 6.075
28.5 6.95
28.5 6.47
28.5 7.33
28.5 1.44
28.5 3.995
28.5 5.835
28.5 0.055
28.5 4.515
28.5 5.73
28.5 3.98
28.5 5.59
28.5 5.705
28.5 7.465
28.5 5.63
28.5 8.53
28.5 3.35
28.5 4.935
28.5 7.48
28.5 8.96
28.5 8.035
28.5 2.6
28.5 6.155
28.5 7.06
28.5 5.13
28.5 6.91
28.5 2.21
28.5 0.765
28.5 4.5
28.5 4.62
28.5 3.21
28.5 5.44
100
-56.5 -216.44
-55.5 -136.915
-24.5 -104.7
-1.5 -77.885
-1.5 -51.775
4.0 -43.63
4.0 -35.805
11.0 -24.79
11.0 -20.48
14.5 -12.985
16.5 -8.69
16.5 -7.985
16.5 -11.74
17.0 -4.325
18.0 -2.71
18.0 -0.45
19.5 1.625
21.5 -0.425
21.5 2.53
21.5 2.41
22.0 3.875
22.0 4.895
24.5 5.315
24.5 4.375
24.5 6.995
24.5 3.44
24.5 9.015
24.5 6.97
24.5 6.105
24.5 5.785
25.5 8.535
26.0 6.95
26.0 7.405
26.0 9.545
26.0 11.26
26.0 11.775
26.5 5.125
26.5 7.035
26.5 6.045
26.5 6.395
26.5 8.085
26.5 6.955
26.5 9.45
26.5 9.745
26.5 10.545
26.5 9.29
26.5 7.67
26.5 9.305
26.5 7.865
26.5 9.6
26.5 10.22
27.0 9.86
27.0 11.865
27.0 6.51
27.0 4.32
27.0 7.21
27.0 9.03
30.5 11.55
30.5 12.505
30.5 9.305
30.5 11.895
30.5 11.915
30.5 13.26
30.5 10.655
30.5 7.555
31.0 6.13
31.0 6.86
31.0 6.67
31.0 10.94
31.0 8.285
31.0 7.25
31.0 2.29
31.0 4.965
31.0 9.305
31.0 6.39
31.0 9.81
31.0 9.51
31.0 8.05
31.0 7.745
31.0 9.905
31.0 12.01
31.0 10.76
31.0 10.705
31.0 1.38
31.0 6.965
31.0 8.935
31.0 -0.01
31.0 12.195
31.0 10.705
31.0 6.53
31.0 10.87
31.0 8.77
31.0 5.12
31.0 6.925
31.0 6.37
31.0 10.355
31.0 11.34
31.0 10.0
31.0 9.245
31.0 6.305
100
-96.5 -237.785
-33.0 -142.385
-25.0 -102.835
-5.0 -76.1
-5.0 -52.29
-0.5 -40.14
3.0 -41.795
10.0 -25.415
12.0 -17.475
18.0 -11.205
21.0 -5.945
21.0 -2.325
21.0 -3.69
21.0 -1.97
21.0 -1.545
21.0 -0.005
22.0 1.77
22.0 2.96
22.0 -1.045
22.5 3.795
22.5 5.34
22.5 5.945
22.5 0.02
22.5 6.975
22.5 4.665
24.5 6.03
24.5 6.625
24.5 5.885
24.5 7.32
24.5 9.68
24.5 7.24
24.5 5.9
24.5 8.995
24.5 4.98
24.5 2.885
26.5 3.74
26.5 9.94
26.5 7.615
26.5 6.875
26.5 8.615
26.5 1.31
26.5 -2.02
26.5 4.285
26.5 6.17
26.5 3.45
26.5 3.505
26.5 6.13
26.5 3.805
26.5 8.57
26.5 6.78
27.5 5.725
27.5 4.69
27.5 10.13
28.0 12.88
28.0 11.595
28.0 8.98
28.0 11.71
28.0 6.685
28.0 7.46
28.0 8.09
28.0 3.765
29.0 5.15
29.0 8.415
29.0 9.865
29.0 4.215
29.0 5.205
29.0 4.895
29.5 4.615
29.5 7.255
29.5 -5.495
29.5 6.025
29.5 8.575
29.5 6.315
29.5 8.025
29.5 9.095
29.5 10.555
29.5 10.76
29.5 7.69
29.5 9.61
29.5 8.39
29.5 6.17
29.5 9.475
29.5 9.895
29.5 13.075
29.5 10.335
29.5 10.85
29.5 7.12
29.5 10.235
29.5 9.645
29.5 7.005
29.5 8.365
29.5 4.555
29.5 7.755
29.5 4.725
29.5 7.24
29.5 3.755
29.5 8.845
30.0 8.3
30.0 10.745
30.0 11.22
100
-52.0 -246.985
-44.5 -151.965
-23.5 -103.46
-9.0 -73.28
9.5 -48.155
10.5 -31.71
14.0 -20.76
16.0 -10.48
16.5 -8.16
20.0 -1.955
20.0 -4.425
20.0 -0.185
21.5 0.375
21.5 4.235
23.0 8.05
23.0 6.425
23.0 5.255
24.0 7.24
24.0 8.115
24.0 7.04
24.0 4.105
24.0 0.13
24.0 6.515
26.5 5.74
26.5 6.25
26.5 10.17
26.5 8.59
26.5 7.955
26.5 10.07
26.5 5.775
26.5 8.03
26.5 9.65
26.5 11.105
26.5 12.1
26.5 6.61
26.5 9.605
26.5 7.535
26.5 7.63
27.0 6.34
27.0 9.28
27.0 9.135
27.0 6.27
27.0 7.61
27.0 7.325
27.0 7.645
27.0 5.85
27.0 6.55
27.0 8.58
27.0 10.565
27.0 11.735
27.0 9.23
27.0 8.045
27.0 8.225
27.0 7.63
27.0 7.585
27.0 7.26
27.0 11.965
27.0 7.545
27.0 8.44
27.0 7.225
27.5 5.99
27.5 7.745
27.5 9.955
27.5 11.635
27.5 10.105
27.5 11.63
27.5 13.98
27.5 9.485
27.5 10.295
27.5 5.11
27.5 0.695
28.0 5.905
28.0 7.925
28.0 11.685
28.0 12.495
28.0 11.71
28.0 11.26
28.0 11.2
28.0 5.075
28.0 7.44
28.0 6.705
28.0 7.885
28.0 6.745
28.0 8.305
28.0 11.31
28.0 9.85
28.0 10.07
28.0 11.545
28.0 11.385
28.0 10.545
28.0 10.525
28.0 8.27
28.0 9.62
28.0 12.095
28.0 8.305
28.0 8.79
28.0 8.08
28.0 10.81
28.0 8.375
28.5 7.175
100
-51.5 -228.045
-51.5 -154.75
-42.0 -116.53
-24.0 -94.12
-16.0 -77.78
-10.0 -60.695
-7.0 -39.235
12.0 -34.285
12.0 -27.47
12.0 -22.245
15.5 -13.08
17.5 -10.925
18.5 -4.68
21.0 -1.95
21.5 -0.425
21.5 -0.27
21.5 5.695
23.5 4.375
25.5 1.52
25.5 7.91
27.0 6.785
27.0 6.175
27.0 8.33
27.0 10.025
27.0 5.05
27.0 13.21
27.0 10.475
28.0 11.845
28.0 9.585
28.0 5.4
28.0 3.185
28.0 4.765
28.0 8.635
28.0 9.26
28.0 3.55
28.0 9.725
28.5 8.235
28.5 9.16
28.5 6.965
28.5 9.875
28.5 8.5
29.0 6.54
29.0 5.915
29.0 9.46
29.0 10.585
29.0 10.34
29.5 11.885
29.5 9.305
29.5 10.105
29.5 10.41
29.5 10.425
29.5 12.2
30.0 5.545
30.0 10.025
30.0 5.19
30.0 8.455
30.0 8.935
30.0 11.35
30.0 10.465
30.0 5.33
30.0 5.64
30.0 9.78
30.0 8.955
31.5 9.135
31.5 8.565
31.5 8.19
31.5 9.59
31.5 8.88
31.5 7.785
31.5 5.575
31.5 6.175
31.5 9.48
31.5 7.255
32.0 9.34
32.0 10.235
32.0 8.37
32.0 6.565
32.0 8.935
32.0 5.47
32.0 9.33
32.0 10.57
32.0 11.29
32.0 9.795
32.0 7.795
32.0 8.05
32.0 7.36
32.0 4.83
32.0 6.805
32.0 5.49
32.0 6.4
32.0 10.22
32.0 9.115
32.0 11.2
32.0 7.195
32.0 10.12
32.0 9.535
32.0 8.495
32.0 8.615
32.0 4.145
32.0 9.4
100
-40.5 -230.785
-25.5 -133.88
-9.5 -84.05
2.0 -48.65
4.5 -39.385
13.0 -30.32
13.0 -20.735
16.5 -11.315
16.5 -5.01
19.0 -10.84
21.0 -3.225
21.0 1.225
21.0 3.71
21.0 3.575
21.0 1.455
21.0 -0.73
21.0 -2.4
21.0 5.57
21.0 1.69
21.0 -3.945
22.5 4.485
24.5 5.645
24.5 6.655
25.0 5.94
25.0 3.735
25.0 7.675
25.0 10.045
25.0 10.26
25.0 8.4
25.0 6.215
26.0 9.22
27.5 11.135
27.5 10.925
28.5 7.72
28.5 10.48
28.5 9.99
28.5 5.96
28.5 7.67
28.5 6.8
28.5 8.42
28.5 7.59
28.5 9.435
28.5 8.945
28.5 7.51
28.5 8.14
28.5 11.31
28.5 3.53
28.5 9.445
28.5 9.79
28.5 5.66
29.5 5.715
29.5 11.15
29.5 11.495
29.5 10.01
29.5 10.025
29.5 9.575
29.5 11.55
29.5 6.65
29.5 4.24
29.5 9.86
29.5 8.245
29.5 11.005
29.5 2.275
29.5 8.925
29.5 9.7
29.5 9.095
29.5 8.695
29.5 9.575
29.5 9.575
29.5 12.86
29.5 7.35
29.5 7.075
29.5 9.475
29.5 9.99
29.5 9.735
29.5 7.33
29.5 5.355
29.5 9.13
29.5 10.3
29.5 5.28
29.5 6.065
29.5 6.46
29.5 9.945
29.5 5.645
29.5 8.12
29.5 8.68
29.5 6.27
29.5 6.425
29.5 7.98
29.5 6.845
29.5 10.075
29.5 1.53
29.5 8.145
29.5 7.63
29.5 5.99
29.5 5.065
29.5 6.38
29.5 6.985
29.5 5.025
29.5 9.815

Individual: [2, 4, 7, 8, 11, 13, 16, 26, 29, 31, 34, 35, 38, 40, 71, 75, 77, 80, 81, 84, 90, 93, 95, 98]
   Fitness: 35.0
     Total: 24
Violations: 1 1

Individual: [1, 2, 3, 6, 7, 9, 21, 22, 25, 26, 27, 32, 34, 64, 68, 69, 75, 78, 83, 85, 86, 90, 93, 99]
   Fitness: 31.0
     Total: 24
Violations: 5 5

Individual: [3, 4, 6, 7, 12, 13, 16, 24, 27, 31, 32, 34, 39, 43, 45, 67, 68, 70, 75, 76, 78, 92, 93, 94, 98, 99]
   Fitness: 32.0
     Total: 26
Violations: 7 6

Individual: [1, 4, 8, 11, 13, 20, 23, 24, 31, 34, 43, 53, 59, 74, 77, 79, 80, 90, 91, 96, 97, 99]
   Fitness: 31.0
     Total: 22
Violations: 2 2

Individual: [1, 7, 18, 21, 27, 30, 37, 38, 40, 45, 48, 54, 57, 71, 72, 79, 80, 83, 91, 93, 97, 98, 100]
   Fitness: 28.5
     Total: 23
Violations: 6 5

Individual: [1, 2, 5, 11, 12, 15, 24, 26, 27, 32, 54, 58, 60, 68, 70, 73, 85, 87, 91, 96, 98, 99]
   Fitness: 31.0
     Total: 22
Violations: 2 2

Individual: [4, 8, 9, 10, 25, 26, 29, 36, 39, 51, 57, 60, 65, 71, 72, 80, 83, 86, 87, 90, 96, 99]
   Fitness: 30.0
     Total: 22
Violations: 3 3

Individual: [4, 5, 8, 14, 16, 17, 22, 23, 25, 31, 35, 69, 74, 76, 79, 81, 91, 92, 95, 97, 100]
   Fitness: 29.5
     Total: 21
Violations: 2 2

Individual: [4, 5, 6, 10, 12, 13, 17, 26, 27, 32, 34, 35, 68, 70, 73, 74, 79, 82, 83, 86, 88, 92, 95, 97, 99, 100]
   Fitness: 32.0
     Total: 26
Violations: 7 7

Individual: [2, 3, 6, 11, 13, 14, 17, 26, 27, 29, 47, 60, 64, 66, 69, 70, 79, 82, 84, 90, 96, 97, 100]
   Fitness: 29.5
     Total: 23
Violations: 5 4
