10
50
-17.0 -226.395
-17.0 -148.916
-3.0 -109.905
4.5 -84.105
17.0 -66.508
18.5 -58.025
19.5 -44.832
19.5 -40.955
19.5 -33.184
21.5 -27.59
21.5 -23.82
21.5 -21.998
21.5 -19.494
21.5 -17.526
21.5 -17.959
21.5 -18.604
21.5 -18.774
21.5 -21.385
21.5 -21.566
21.5 -19.786
21.5 -20.949
22.0 -20.253
22.0 -19.547
22.0 -19.569
22.0 -19.63
22.5 -17.699
22.5 -16.687
22.5 -18.591
22.5 -18.346
25.0 -19.53
25.0 -17.798
25.0 -16.254
25.0 -14.837
25.0 -18.157
25.0 -17.971
25.0 -15.456
25.0 -15.45
25.0 -16.978
25.0 -15.821
25.0 -18.834
25.0 -15.067
25.0 -18.248
25.0 -16.209
25.0 -16.34
25.0 -17.574
25.0 -16.793
25.0 -15.53
25.0 -15.785
25.0 -15.956
25.0 -16.518
50
-41.0 -226.398
-31.0 -151.872
-23.0 -117.109
-8.5 -87.555
0.0 -74.834
7.0 -61.205
11.5 -54.451
16.0 -47.447
16.0 -39.479
16.5 -33.39
16.5 -33.248
22.0 -28.383
22.0 -25.235
22.0 -24.699
22.0 -21.763
22.0 -22.838
22.0 -23.669
22.0 -23.189
22.0 -22.903
22.0 -22.565
22.0 -21.79
22.0 -20.94
22.0 -20.129
22.0 -20.969
22.0 -22.233
22.0 -21.427
22.0 -23.503
22.0 -20.729
22.0 -22.694
22.0 -20.888
22.0 -19.777
22.0 -18.247
22.0 -18.309
22.0 -18.192
22.0 -17.0
23.0 -15.37
23.0 -14.056
23.0 -14.533
23.0 -13.505
23.0 -16.608
25.5 -17.163
25.5 -16.155
25.5 -15.49
25.5 -15.608
25.5 -17.079
25.5 -17.293
25.5 -15.997
25.5 -19.342
25.5 -19.284
25.5 -16.23
50
-45.5 -233.297
-31.5 -150.748
-12.0 -113.749
-8.0 -88.423
0.5 -71.292
1.0 -61.913
3.0 -52.661
19.0 -43.192
21.5 -40.679
21.5 -31.737
21.5 -24.069
21.5 -21.923
21.5 -18.742
21.5 -17.475
21.5 -17.901
22.5 -15.545
22.5 -14.194
22.5 -14.998
22.5 -16.275
22.5 -17.707
22.5 -17.118
22.5 -15.088
22.5 -16.593
22.5 -15.722
22.5 -16.232
23.0 -14.683
23.0 -15.379
23.0 -15.862
23.0 -17.696
23.0 -14.278
23.0 -14.21
23.0 -17.007
23.0 -17.789
23.5 -18.247
23.5 -18.06
23.5 -14.345
23.5 -14.444
23.5 -13.775
23.5 -15.898
23.5 -13.527
23.5 -13.485
23.5 -14.876
23.5 -15.277
23.5 -14.545
23.5 -12.964
23.5 -11.948
24.0 -13.359
24.0 -13.558
24.0 -12.816
24.0 -14.194
50
-24.5 -229.853
-15.5 -149.654
-10.5 -109.795
1.5 -81.473
12.5 -65.151
12.5 -54.739
12.5 -44.857
12.5 -40.639
14.0 -36.753
14.0 -32.456
14.0 -29.634
16.5 -29.313
16.5 -26.809
19.0 -26.142
19.0 -23.578
19.0 -23.264
19.0 -22.324
22.5 -22.96
22.5 -23.263
22.5 -22.671
22.5 -24.036
22.5 -21.124
22.5 -20.868
22.5 -21.415
22.5 -23.508
22.5 -20.252
22.5 -19.079
22.5 -20.121
22.5 -19.68
22.5 -19.967
22.5 -19.07
22.5 -16.723
22.5 -14.89
22.5 -14.768
22.5 -14.839
22.5 -15.638
22.5 -16.61
22.5 -17.57
22.5 -18.388
24.5 -17.296
24.5 -16.705
24.5 -14.879
24.5 -18.109
24.5 -18.46
24.5 -16.846
24.5 -17.552
24.5 -17.283
24.5 -18.536
24.5 -18.616
24.5 -17.545
50
-48.0 -235.133
-29.0 -158.524
-14.0 -115.607
-2.0 -88.137
6.0 -71.412
8.5 -56.395
13.5 -47.557
13.5 -42.412
15.5 -35.628
16.5 -29.305
16.5 -25.758
17.5 -25.177
20.0 -26.292
20.0 -22.245
20.0 -21.236
20.0 -22.41
21.5 -20.238
23.0 -18.381
23.0 -20.033
23.0 -19.091
23.0 -19.011
23.0 -15.794
23.0 -15.77
23.0 -14.002
23.0 -15.533
23.0 -16.847
23.0 -17.028
23.0 -16.871
23.0 -15.559
23.0 -16.214
25.0 -15.955
25.0 -15.92
25.0 -15.79
25.0 -16.57
25.0 -15.639
25.0 -18.174
25.0 -17.744
25.0 -16.07
25.0 -16.586
25.0 -16.919
25.0 -17.34
25.0 -19.819
25.0 -18.59
25.0 -18.249
25.0 -19.329
25.0 -18.692
25.0 -19.692
25.0 -19.536
25.0 -18.393
25.0 -17.661
50
-43.0 -230.513
-33.0 -150.112
-19.5 -109.932
-3.5 -84.583
2.5 -68.601
15.0 -55.673
15.0 -47.244
15.0 -38.44
15.5 -35.844
20.5 -30.837
20.5 -28.877
20.5 -25.783
20.5 -22.667
20.5 -23.113
20.5 -22.795
20.5 -19.557
22.0 -20.357
22.0 -20.22
22.0 -16.411
22.0 -18.166
22.5 -18.476
22.5 -18.451
22.5 -19.197
24.0 -21.818
24.0 -20.841
24.0 -20.181
24.0 -18.112
24.0 -18.599
24.0 -18.53
24.0 -18.282
24.0 -18.866
24.0 -19.859
24.0 -19.592
24.0 -17.253
24.0 -16.287
24.0 -17.273
24.0 -19.894
24.0 -19.912
24.0 -17.767
24.0 -16.119
24.0 -15.229
24.0 -15.797
24.0 -15.07
24.0 -15.907
24.0 -17.732
24.0 -17.017
24.0 -15.918
24.0 -14.723
24.0 -17.521
24.0 -18.021
50
-12.5 -227.641
-5.5 -147.832
5.0 -102.179
5.0 -75.202
13.5 -58.606
13.5 -45.323
14.0 -39.412
14.0 -37.265
16.5 -33.281
16.5 -30.906
19.5 -29.486
23.5 -27.719
23.5 -24.013
23.5 -21.102
23.5 -19.761
23.5 -19.151
23.5 -17.22
23.5 -16.318
23.5 -15.339
23.5 -16.514
23.5 -17.197
23.5 -16.81
23.5 -17.19
23.5 -18.455
23.5 -18.599
23.5 -19.2
23.5 -18.187
23.5 -19.075
23.5 -17.5
23.5 -19.095
23.5 -18.198
24.0 -16.758
24.0 -17.581
25.0 -18.861
25.0 -17.459
25.0 -16.792
25.0 -14.503
25.0 -14.921
25.0 -16.141
25.0 -16.861
25.0 -19.573
25.0 -18.441
25.0 -16.191
25.0 -15.021
25.0 -15.234
25.0 -14.739
25.0 -15.85
25.0 -16.202
25.0 -18.17
25.0 -17.18
50
-22.5 -233.799
-22.5 -156.281
-13.5 -113.427
-3.5 -86.642
6.0 -72.132
8.5 -58.959
12.0 -49.822
12.0 -43.05
15.5 -36.557
15.5 -33.842
19.0 -29.361
19.0 -26.492
20.5 -23.21
20.5 -21.481
20.5 -19.206
20.5 -18.878
20.5 -17.703
20.5 -20.318
20.5 -19.49
22.5 -18.819
24.5 -17.434
24.5 -16.969
24.5 -16.083
24.5 -16.912
24.5 -18.077
24.5 -17.497
24.5 -18.34
24.5 -18.846
24.5 -16.689
24.5 -17.529
24.5 -20.479
24.5 -19.288
24.5 -17.796
24.5 -17.969
24.5 -16.125
24.5 -16.942
24.5 -18.382
24.5 -17.454
24.5 -16.524
24.5 -14.564
24.5 -14.83
24.5 -15.045
24.5 -16.206
24.5 -18.921
24.5 -18.598
24.5 -16.644
24.5 -17.261
24.5 -15.976
24.5 -16.572
24.5 -19.036
50
-34.0 -229.674
-19.0 -148.68
-19.0 -109.198
3.5 -81.982
5.0 -67.475
6.0 -57.748
17.5 -48.401
17.5 -42.917
17.5 -37.148
17.5 -32.676
17.5 -29.849
17.5 -28.859
17.5 -27.812
19.5 -27.077
20.0 -23.46
20.0 -21.463
21.0 -20.805
21.0 -23.623
21.0 -23.62
21.5 -18.418
21.5 -18.787
21.5 -22.149
21.5 -19.955
21.5 -19.722
21.5 -19.762
23.0 -20.13
23.0 -18.769
23.0 -18.149
23.0 -19.6
23.0 -17.971
23.0 -20.158
24.0 -18.878
24.0 -19.75
24.0 -17.325
24.0 -15.913
24.0 -15.877
24.0 -14.983
24.0 -13.438
24.0 -15.744
24.0 -18.304
24.0 -18.254
24.0 -14.774
24.0 -15.125
24.0 -17.344
24.0 -16.258
24.0 -17.283
24.0 -17.612
24.0 -17.247
24.0 -16.419
24.0 -16.347
50
-29.5 -222.613
-21.5 -140.868
-3.0 -99.43
-1.5 -79.564
6.0 -67.191
11.0 -57.383
11.5 -47.31
11.5 -39.776
14.5 -33.026
14.5 -32.323
17.0 -31.845
17.0 -27.065
18.5 -25.594
18.5 -24.531
18.5 -20.515
18.5 -18.036
18.5 -18.405
18.5 -20.111
20.5 -20.929
20.5 -17.758
20.5 -17.227
20.5 -17.256
20.5 -16.343
21.0 -15.413
21.0 -15.016
21.5 -17.132
22.5 -16.061
22.5 -16.325
22.5 -17.538
22.5 -18.078
22.5 -15.02
22.5 -18.06
22.5 -19.128
22.5 -18.805
22.5 -17.462
22.5 -17.266
22.5 -15.665
22.5 -14.179
22.5 -15.335
22.5 -15.041
22.5 -16.088
22.5 -16.338
22.5 -16.613
24.0 -18.16
24.0 -18.044
24.0 -18.623
24.0 -18.579
24.0 -16.059
24.0 -16.173
24.0 -17.438

Individual: [2, 4, 5, 8, 14, 16, 19, 21, 25, 31, 32, 34, 71, 72, 77, 78, 79, 80, 95, 96, 98, 99]
   Fitness: 25.0
     Total: 22
Violations: 8 7

Individual: [6, 7, 9, 13, 19, 20, 21, 24, 30, 32, 37, 58, 66, 67, 69, 72, 73, 85, 90, 94, 96, 99, 100]
   Fitness: 25.5
     Total: 23
Violations: 9 8

Individual: [1, 3, 5, 7, 8, 19, 21, 25, 28, 58, 61, 62, 71, 72, 75, 79, 82, 89, 93, 94, 98, 100]
   Fitness: 24.0
     Total: 22
Violations: 9 7

Individual: [2, 3, 6, 13, 16, 23, 35, 46, 47, 49, 58, 65, 66, 75, 76, 79, 80, 90, 91, 98, 99]
   Fitness: 24.5
     Total: 21
Violations: 7 5

Individual: [1, 15, 16, 19, 20, 23, 25, 36, 38, 62, 67, 69, 73, 74, 75, 82, 85, 91, 93, 94]
   Fitness: 25.0
     Total: 20
Violations: 5 5

Individual: [2, 3, 8, 9, 10, 21, 24, 26, 27, 30, 32, 37, 61, 62, 64, 68, 78, 81, 82, 86, 89, 93]
   Fitness: 24.0
     Total: 22
Violations: 9 7

Individual: [2, 6, 7, 11, 17, 19, 33, 38, 46, 48, 66, 72, 74, 75, 78, 80, 91, 92, 96, 97]
   Fitness: 25.0
     Total: 20
Violations: 5 4

Individual: [1, 3, 5, 18, 19, 34, 36, 40, 42, 43, 45, 64, 74, 79, 80, 88, 91, 98, 99]
   Fitness: 24.5
     Total: 19
Violations: 4 4

Individual: [2, 6, 7, 13, 16, 17, 22, 23, 26, 33, 34, 37, 62, 70, 71, 74, 77, 85, 87, 93, 95, 99]
   Fitness: 24.0
     Total: 22
Violations: 9 8

Individual: [3, 4, 8, 20, 27, 30, 33, 34, 37, 42, 43, 45, 55, 69, 72, 73, 75, 76, 78, 89, 90, 92, 97, 98]
   Fitness: 24.0
     Total: 24
Violations: 12 9
