10
100
-50.5 -228.774
-50.5 -125.055
-6.0 -84.982
-1.0 -57.612
4.5 -30.18
11.0 -66.531
14.0 -27.904
20.0 -4.004
23.0 5.434
23.0 5.918
27.5 12.017
27.5 13.56
27.5 16.003
27.5 18.226
28.5 20.65
29.5 21.923
30.0 22.599
30.5 23.665
31.5 24.505
31.5 24.355
33.0 25.816
33.0 25.25
33.0 26.241
33.0 25.228
33.0 25.827
33.5 25.795
33.5 26.174
34.0 27.091
34.0 27.165
34.0 27.061
34.0 28.17
34.0 27.371
34.0 27.333
34.0 28.211
34.0 28.083
34.0 27.896
34.0 28.406
34.0 27.354
34.5 27.941
34.5 29.106
34.5 27.972
34.5 28.006
34.5 27.846
34.5 28.895
34.5 27.827
34.5 28.096
34.5 28.798
34.5 28.231
34.5 29.413
34.5 28.587
34.5 28.534
34.5 28.501
34.5 28.86
34.5 28.855
34.5 28.691
34.5 28.663
34.5 28.097
34.5 29.549
34.5 29.124
34.5 28.098
34.5 27.586
34.5 29.698
34.5 27.705
34.5 28.967
34.5 28.701
34.5 29.013
34.5 29.216
34.5 28.783
34.5 28.72
34.5 28.826
34.5 28.803
34.5 29.656
34.5 29.507
34.5 29.507
34.5 28.15
34.5 28.142
34.5 29.352
34.5 28.59
34.5 27.612
34.5 29.382
34.5 28.873
34.5 28.618
34.5 28.989
34.5 29.345
34.5 29.729
34.5 29.7
34.5 29.643
34.5 27.843
34.5 29.035
34.5 28.276
34.5 29.135
34.5 28.68
34.5 28.41
34.5 28.706
34.5 29.637
34.5 29.463
34.5 29.763
34.5 28.081
34.5 28.613
34.5 28.575
100
-40.5 -229.906
-33.0 -121.04
-1.5 -87.966
5.5 -61.24
7.5 -41.162
15.5 -19.37
17.0 -8.264
18.5 0.442
23.0 8.207
23.0 11.531
24.0 12.992
24.5 15.101
26.0 16.816
26.5 17.484
27.0 18.953
27.5 19.006
27.5 20.416
28.0 20.705
28.5 22.182
29.5 21.386
29.5 21.963
31.0 22.995
31.0 24.102
31.0 22.72
31.0 21.984
31.5 22.936
31.5 21.689
32.5 25.236
32.5 23.391
32.5 26.476
33.0 26.701
33.0 25.31
34.5 26.766
34.5 26.371
34.5 26.319
35.0 26.467
35.0 27.199
35.0 27.237
35.0 27.95
35.0 28.516
35.0 27.868
35.0 29.321
35.5 29.292
35.5 27.926
35.5 28.94
35.5 29.357
35.5 29.55
35.5 29.667
35.5 29.665
35.5 29.577
35.5 30.389
35.5 28.624
35.5 29.064
36.0 29.148
36.0 28.691
36.0 28.661
36.0 29.437
36.0 29.256
36.0 29.279
36.0 29.994
36.0 29.91
36.5 29.896
36.5 29.57
36.5 30.43
36.5 29.892
36.5 30.215
36.5 29.588
36.5 30.845
36.5 30.381
36.5 30.781
36.5 30.457
36.5 29.907
36.5 31.313
36.5 30.032
36.5 30.452
36.5 30.203
36.5 30.503
36.5 29.898
36.5 29.824
36.5 30.647
36.5 30.08
36.5 31.536
36.5 31.095
36.5 31.069
36.5 30.906
36.5 30.263
36.5 30.592
36.5 31.317
36.5 30.102
36.5 29.256
36.5 30.792
36.5 30.938
36.5 30.775
36.5 29.676
36.5 29.988
36.5 31.098
36.5 30.88
36.5 30.298
36.5 30.341
36.5 29.68
100
-45.0 -234.583
-28.0 -117.029
-20.5 -73.395
-8.0 -52.484
2.0 -34.137
10.5 -22.848
12.0 -12.265
20.0 -4.019
20.0 -0.216
22.0 7.463
23.0 10.001
24.5 14.117
25.0 14.788
25.5 16.95
26.0 18.208
27.0 18.317
27.0 19.889
27.5 19.111
28.5 20.907
28.5 20.674
29.5 19.896
29.5 21.3
29.5 23.223
31.0 23.558
31.0 23.065
31.0 22.993
31.0 24.411
31.0 24.951
31.5 24.021
32.0 24.781
32.5 25.589
33.0 25.694
33.0 26.612
33.0 25.937
33.0 27.848
33.0 27.38
33.5 28.269
33.5 26.945
33.5 27.576
34.0 27.412
34.0 27.055
34.0 27.703
34.0 28.083
34.0 26.736
34.0 27.475
34.0 28.218
34.0 28.559
34.0 28.188
34.0 28.639
34.0 28.804
34.0 28.822
34.0 28.427
34.0 27.72
34.0 27.816
34.0 27.636
34.0 28.338
34.0 27.73
34.0 28.541
34.0 26.403
34.0 26.641
34.0 27.93
34.0 28.765
34.0 28.266
34.0 28.463
34.0 28.169
34.0 29.335
34.0 27.356
34.0 28.814
34.0 28.858
34.0 28.352
34.0 28.182
34.0 28.182
34.0 28.705
34.0 27.315
34.0 28.085
34.0 28.043
34.0 28.326
34.0 27.902
34.0 27.263
34.0 27.991
34.0 27.32
34.0 28.847
34.0 27.777
34.0 28.571
34.0 28.715
34.0 28.098
34.0 28.654
34.0 27.133
34.0 27.308
34.0 28.709
34.0 27.853
34.5 28.563
35.0 27.136
35.0 28.132
35.0 27.218
35.0 27.417
35.0 27.525
35.0 26.78
35.0 28.825
35.0 29.455
100
-42.5 -237.3
-23.5 -128.184
-14.0 -86.139
1.0 -58.254
5.0 -32.148
16.5 -15.194
19.5 -4.687
22.0 4.081
22.0 7.847
25.0 12.44
25.0 11.831
28.5 16.244
28.5 18.915
28.5 19.401
29.0 18.726
29.0 20.117
30.5 22.996
31.0 23.683
31.0 24.264
32.0 25.333
32.5 24.459
33.0 26.376
33.5 26.455
34.5 25.531
34.5 26.222
34.5 27.512
34.5 28.091
35.0 27.22
35.0 28.423
35.0 28.916
35.0 28.978
35.5 29.42
35.5 29.084
35.5 29.8
35.5 29.067
35.5 29.768
35.5 29.574
35.5 28.39
36.0 29.456
36.0 30.382
36.0 29.56
36.0 29.798
36.0 30.227
36.5 28.37
36.5 27.98
37.0 29.51
37.0 29.4
37.0 29.311
37.0 30.132
37.0 31.078
37.0 31.283
37.0 30.58
37.0 31.045
37.0 32.021
37.0 31.07
37.0 31.315
37.0 31.513
37.0 30.484
37.0 31.56
37.0 30.674
37.0 30.239
37.0 30.683
37.0 31.209
37.0 30.268
37.0 30.79
37.0 31.338
37.0 31.058
37.0 31.697
37.0 30.339
37.0 31.162
37.0 31.652
37.0 31.24
37.0 31.154
37.0 30.309
37.0 30.377
37.0 32.685
37.0 31.131
37.0 30.813
37.0 31.09
37.0 31.566
37.0 31.307
37.0 31.971
37.0 31.016
37.0 31.256
37.0 31.476
37.0 30.835
37.0 31.626
37.0 30.696
37.0 31.344
37.0 30.352
37.0 30.786
37.0 30.263
37.0 30.717
37.0 32.003
37.0 31.012
37.0 30.214
37.0 30.472
37.0 30.997
37.0 30.173
37.0 31.193
100
-58.0 -239.805
-37.0 -120.163
2.0 -77.495
9.5 -59.926
11.0 -29.699
15.0 -11.94
17.0 -3.02
20.0 1.727
21.5 5.57
21.5 12.123
24.0 13.255
25.0 16.398
26.0 17.589
27.0 19.356
27.5 18.262
27.5 20.328
28.0 21.427
28.0 22.329
28.5 24.017
29.0 22.906
29.0 22.181
30.0 24.155
30.0 23.571
30.0 24.3
30.5 24.117
30.5 25.049
31.5 24.997
31.5 24.921
31.5 25.651
31.5 25.751
31.5 26.247
32.0 25.89
32.0 26.34
32.0 25.732
32.5 25.894
32.5 26.58
33.0 27.07
33.0 25.89
33.0 26.803
33.0 27.236
33.0 26.367
33.5 27.182
33.5 27.375
33.5 26.794
33.5 27.046
33.5 26.402
34.0 26.707
34.0 27.924
34.0 27.327
34.0 27.917
34.0 27.018
34.0 28.095
34.0 27.445
34.0 27.526
34.0 28.873
34.0 28.991
34.0 29.046
34.0 29.133
34.0 28.12
34.0 28.546
34.0 29.192
34.0 29.285
34.0 29.332
34.0 29.327
34.0 29.151
34.0 28.06
34.0 28.479
34.0 29.522
34.0 30.059
34.0 29.938
34.0 29.005
34.0 29.305
34.0 29.48
34.0 28.579
34.0 29.025
34.0 28.827
34.0 28.981
34.0 28.852
34.0 29.418
34.0 29.609
34.0 30.152
34.0 29.351
34.0 28.927
34.0 29.417
34.0 29.282
34.0 28.862
35.0 29.369
35.0 28.604
35.0 29.107
35.0 28.709
35.0 29.169
35.0 29.634
35.0 28.152
35.0 29.569
35.0 29.571
35.0 29.216
35.0 29.272
35.0 29.52
35.0 29.99
35.0 30.146
100
-55.5 -234.283
-42.0 -125.672
-26.5 -84.572
-6.0 -66.984
-1.5 -40.435
10.5 -24.021
14.5 -15.811
17.0 -7.612
18.5 -5.97
18.5 1.663
21.0 5.849
22.0 10.417
22.5 11.859
24.0 14.386
25.5 14.874
26.0 15.368
27.0 17.645
27.0 18.986
27.0 20.093
27.0 20.538
27.5 20.204
27.5 21.172
29.0 21.139
29.0 20.688
29.0 21.728
29.0 21.776
29.0 23.143
29.0 23.532
29.0 22.807
29.5 22.543
29.5 23.281
29.5 23.529
30.0 23.608
30.0 23.6
30.0 25.369
31.0 23.768
31.0 24.417
31.0 24.428
31.5 24.752
32.0 24.63
32.0 24.202
32.0 26.751
32.0 25.86
32.0 26.484
32.0 26.71
32.0 26.768
33.5 26.929
33.5 24.228
33.5 27.277
33.5 25.706
33.5 27.678
34.0 27.673
34.0 26.578
34.0 28.581
34.0 28.02
34.0 28.56
34.0 27.902
34.0 28.733
34.0 27.389
34.0 28.534
34.0 28.704
34.0 27.836
34.0 28.94
34.0 28.223
34.0 28.504
34.0 29.004
34.0 28.686
34.0 29.217
34.0 28.069
34.0 27.507
34.0 29.001
34.0 29.098
34.0 28.551
34.0 29.004
34.0 28.947
34.0 28.369
34.0 27.361
34.0 27.991
34.0 28.697
34.0 29.703
34.0 30.004
34.0 29.042
34.0 29.225
34.0 28.679
34.0 28.597
34.0 28.889
34.0 27.659
34.0 29.655
34.0 29.564
34.0 29.213
34.0 28.566
34.0 28.403
34.0 27.964
34.0 28.224
34.0 28.685
34.0 28.544
34.0 28.583
34.0 27.215
34.0 27.127
34.0 27.114
100
-48.0 -221.934
-32.5 -117.636
-17.0 -79.662
-2.0 -49.929
12.0 -31.353
17.0 -22.708
17.0 -9.312
17.0 -1.748
23.5 3.43
23.5 7.322
23.5 7.249
24.5 12.757
26.5 13.496
27.0 17.358
27.0 17.894
30.5 19.378
30.5 20.649
31.0 21.938
31.0 22.336
31.0 23.452
31.0 23.821
31.5 24.138
31.5 24.261
31.5 24.899
31.5 25.236
31.5 24.828
32.5 25.474
33.0 25.179
33.5 25.858
33.5 26.842
33.5 25.983
34.0 25.916
34.0 27.135
34.0 26.599
34.0 27.535
34.0 28.242
34.0 27.302
34.0 28.125
34.0 28.057
34.5 27.595
34.5 28.318
34.5 28.952
34.5 29.129
34.5 27.652
34.5 28.71
34.5 27.36
34.5 28.751
34.5 28.483
34.5 27.275
34.5 28.475
34.5 28.352
34.5 28.937
34.5 28.961
34.5 28.161
34.5 28.056
34.5 29.54
34.5 28.804
34.5 28.532
34.5 28.303
34.5 28.505
34.5 28.594
34.5 28.233
34.5 27.176
34.5 28.789
34.5 27.996
34.5 28.657
34.5 28.736
34.5 28.682
34.5 27.466
34.5 27.562
34.5 28.433
34.5 29.465
34.5 28.519
34.5 28.734
34.5 28.773
34.5 29.451
34.5 28.311
34.5 28.833
34.5 29.56
34.5 28.015
34.5 29.006
34.5 27.94
34.5 27.658
34.5 27.887
34.5 28.663
34.5 28.418
34.5 28.145
34.5 28.623
34.5 29.311
34.5 28.77
34.5 29.582
34.5 29.707
34.5 29.517
34.5 28.298
34.5 29.174
34.5 28.534
34.5 28.846
34.5 28.301
34.5 29.345
34.5 29.426
100
-28.0 -231.275
-10.5 -125.842
-10.5 -84.576
1.0 -55.106
6.5 -34.228
7.5 -22.279
15.0 -11.309
15.0 -4.993
18.0 3.143
20.0 5.379
20.0 8.513
22.0 11.929
22.5 15.028
24.0 14.71
24.0 16.094
24.5 17.732
24.5 18.035
26.5 18.027
26.5 20.02
28.0 20.454
28.0 21.55
29.0 21.817
29.0 21.951
30.0 22.735
30.0 22.862
30.5 22.884
30.5 23.242
31.0 23.969
33.0 24.664
33.0 23.489
33.0 25.357
33.0 24.79
33.5 25.296
33.5 27.092
33.5 25.624
33.5 26.767
33.5 27.059
34.0 28.563
34.0 27.602
34.0 27.823
34.0 28.04
34.0 28.809
34.0 28.012
34.0 28.754
34.0 28.127
34.0 28.581
34.0 28.102
34.0 28.903
34.0 28.486
34.0 29.089
34.0 28.89
34.0 28.135
34.0 27.641
34.0 28.538
34.0 29.036
34.0 28.572
34.0 28.731
34.0 28.378
34.0 28.408
34.0 29.533
34.0 29.006
34.0 29.277
34.0 28.701
34.0 28.333
34.0 27.591
34.0 28.723
34.0 28.76
34.0 29.149
34.0 28.417
34.0 29.024
34.0 28.936
34.0 28.265
34.0 28.523
34.0 28.294
34.0 29.474
34.0 29.066
34.0 28.63
34.0 28.698
34.0 29.361
34.0 28.45
34.0 29.118
34.0 29.185
34.0 28.387
34.0 29.007
34.0 29.166
34.0 28.761
34.0 29.276
34.0 29.088
34.0 28.099
34.0 29.044
34.0 28.784
34.0 28.809
34.0 28.813
34.0 28.28
34.0 28.778
34.0 28.725
34.0 29.102
34.0 29.659
34.0 28.468
34.0 29.887
100
-62.0 -231.605
-36.0 -122.917
-25.0 -94.979
-3.5 -60.045
0.5 -44.203
9.0 -26.268
15.5 -12.173
15.5 -6.662
16.5 0.601
20.0 6.891
20.0 7.011
21.5 11.6
22.5 13.235
23.5 9.702
24.0 14.357
25.0 14.771
26.5 17.209
26.5 17.097
26.5 18.016
27.5 19.074
28.5 20.118
29.0 20.535
29.0 21.623
29.0 21.932
29.5 23.304
29.5 22.601
30.0 24.07
31.0 24.445
31.0 24.636
31.0 25.194
32.5 25.951
32.5 26.211
32.5 25.26
32.5 25.404
33.0 25.618
33.0 25.833
33.0 26.426
33.0 27.067
33.5 27.432
33.5 27.634
33.5 28.305
33.5 27.929
33.5 28.199
34.0 27.416
34.0 28.231
34.0 27.817
34.0 28.027
34.0 28.307
34.0 27.752
34.0 27.55
34.0 28.263
34.0 27.752
34.0 28.488
34.0 28.465
34.0 28.921
34.0 28.576
34.0 27.84
34.0 28.461
34.0 28.982
34.0 28.762
34.0 29.583
34.0 27.366
34.0 28.842
34.0 28.529
34.0 28.806
34.0 29.357
34.0 29.011
34.0 28.992
34.0 27.606
34.0 28.459
34.0 27.123
34.0 28.207
34.0 28.585
34.0 28.54
34.0 27.23
34.0 26.861
34.0 27.652
34.0 27.623
34.0 28.533
34.0 27.805
34.0 28.328
34.0 29.438
34.0 28.985
34.0 28.388
34.0 27.551
34.0 28.393
34.0 28.419
34.0 28.558
34.0 28.797
34.0 28.841
34.0 27.985
34.0 28.623
34.0 28.621
34.0 27.871
34.0 29.528
34.0 28.199
34.0 29.193
34.0 28.818
34.0 29.362
34.0 28.975
100
-44.0 -226.389
-28.5 -116.462
-15.0 -83.433
-6.0 -53.891
7.5 -37.77
11.0 -23.958
16.0 -10.851
21.0 0.665
25.5 8.895
28.5 11.717
28.5 17.423
29.0 19.34
29.5 20.859
31.0 21.992
31.5 23.364
31.5 24.047
31.5 25.446
31.5 24.765
32.0 25.13
32.5 25.932
33.0 26.396
33.0 26.389
33.0 26.487
33.0 26.595
33.0 27.536
33.5 28.117
33.5 27.437
33.5 26.266
34.0 27.36
34.0 26.441
34.0 28.414
34.0 27.815
34.0 28.139
34.5 28.611
34.5 28.68
35.0 27.813
35.5 27.241
35.5 27.907
35.5 27.47
35.5 28.964
35.5 28.359
35.5 28.395
35.5 27.101
35.5 28.482
35.5 28.379
35.5 29.35
35.5 29.727
35.5 30.754
35.5 29.571
35.5 30.384
35.5 29.836
35.5 29.213
35.5 29.074
35.5 29.896
35.5 29.33
35.5 30.095
35.5 30.504
35.5 29.787
35.5 30.035
35.5 29.924
35.5 30.497
35.5 29.393
35.5 30.513
35.5 29.344
35.5 30.664
35.5 30.363
35.5 29.867
35.5 30.416
35.5 29.006
35.5 29.972
35.5 29.48
35.5 30.353
35.5 30.563
35.5 30.705
35.5 30.301
35.5 29.725
35.5 29.989
35.5 29.391
35.5 29.961
35.5 29.143
35.5 30.587
35.5 30.218
35.5 30.263
35.5 30.241
35.5 30.342
35.5 29.937
35.5 30.37
35.5 30.797
35.5 29.569
35.5 30.358
35.5 30.149
35.5 30.23
35.5 29.68
35.5 28.808
35.5 28.927
35.5 30.751
35.5 29.635
35.5 30.741
35.5 29.68
35.5 30.031

Individual: [1, 2, 4, 5, 15, 18, 19, 22, 24, 27, 31, 41, 55, 65, 66, 68, 72, 73, 82, 84, 85, 87, 93, 94, 97]
   Fitness: 34.5
     Total: 25
Violations: 3 3

Individual: [2, 5, 6, 12, 14, 15, 20, 21, 24, 29, 31, 32, 39, 65, 67, 68, 70, 77, 78, 82, 83, 90, 92, 93, 100]
   Fitness: 36.5
     Total: 25
Violations: 1 1

Individual: [1, 3, 4, 6, 8, 18, 19, 20, 24, 25, 27, 38, 41, 60, 65, 66, 69, 71, 77, 80, 86, 87, 90, 96, 98, 99]
   Fitness: 35.0
     Total: 26
Violations: 4 4

Individual: [1, 2, 6, 7, 9, 18, 19, 21, 25, 26, 28, 56, 64, 66, 69, 70, 73, 75, 78, 85, 88, 89, 95, 96, 98, 99]
   Fitness: 37.0
     Total: 26
Violations: 2 2

Individual: [1, 3, 4, 6, 13, 14, 19, 21, 30, 31, 33, 44, 64, 70, 71, 73, 77, 79, 80, 91, 92, 94, 99, 100]
   Fitness: 35.0
     Total: 24
Violations: 1 1

Individual: [3, 9, 11, 17, 18, 21, 26, 28, 30, 36, 40, 48, 58, 65, 67, 73, 80, 83, 84, 89, 91, 92, 96, 97]
   Fitness: 34.0
     Total: 24
Violations: 2 2

Individual: [6, 9, 10, 16, 17, 20, 21, 27, 29, 35, 39, 44, 46, 47, 66, 70, 76, 77, 80, 81, 87, 89, 95, 99, 100]
   Fitness: 34.5
     Total: 25
Violations: 3 3

Individual: [2, 3, 7, 9, 13, 14, 22, 24, 27, 29, 33, 38, 48, 60, 66, 70, 76, 78, 79, 81, 85, 95, 97, 100]
   Fitness: 34.0
     Total: 24
Violations: 2 2

Individual: [1, 2, 4, 5, 15, 17, 23, 24, 26, 27, 34, 36, 40, 69, 73, 74, 84, 87, 88, 91, 93, 96, 97, 100]
   Fitness: 34.0
     Total: 24
Violations: 2 2

Individual: [1, 2, 4, 9, 10, 13, 20, 21, 23, 26, 28, 34, 57, 63, 65, 68, 70, 71, 78, 82, 87, 89, 90, 95, 97]
   Fitness: 35.5
     Total: 25
Violations: 2 2
