10
500
-78.5 -230.784
-55.5 -199.596
-40.0 -198.73
-12.5 -194.36
-12.5 -212.566
-12.5 -196.478
-12.5 -200.778
-12.5 -201.236
-12.5 -218.108
-12.5 -216.344
-12.5 -196.222
-12.5 -206.992
-12.5 -205.258
-12.5 -192.024
-12.5 -219.46
-12.5 -215.994
-12.5 -206.764
-12.5 -211.586
-12.5 -195.84
-12.5 -183.462
-12.5 -173.052
-12.5 -212.174
-12.5 -231.286
-12.5 -197.794
-12.5 -191.182
-12.5 -191.226
-12.5 -194.348
-11.0 -182.434
-11.0 -195.288
-11.0 -177.056
-11.0 -192.952
2.0 -234.214
2.0 -191.42
2.0 -205.844
2.0 -205.626
2.0 -201.09
2.0 -206.404
2.0 -210.008
2.0 -194.62
2.0 -206.554
2.0 -200.92
2.0 -188.38
2.0 -210.35
2.0 -191.782
2.0 -210.74
2.0 -213.702
2.0 -208.298
2.0 -214.132
2.0 -188.6
2.0 -186.994
2.0 -189.946
2.0 -197.858
2.0 -193.96
2.0 -190.45
2.0 -215.678
2.0 -196.998
2.0 -195.35
2.0 -183.386
2.0 -226.088
2.0 -207.744
2.0 -201.652
2.0 -213.956
2.0 -163.61
2.0 -190.024
2.0 -173.87
2.0 -206.358
2.0 -184.272
2.0 -222.344
2.0 -189.186
2.0 -189.806
2.0 -218.09
2.0 -180.478
2.0 -197.022
2.0 -192.556
2.0 -231.86
2.0 -199.096
2.0 -187.916
2.0 -216.48
2.0 -209.626
2.0 -200.066
2.0 -213.946
2.0 -203.014
2.0 -197.422
2.0 -206.66
2.0 -185.616
2.0 -198.296
2.0 -193.43
2.0 -211.324
2.0 -206.096
2.0 -184.36
2.0 -191.138
2.0 -201.91
2.0 -190.586
2.0 -212.548
2.0 -207.132
2.0 -195.7
2.0 -201.842
2.0 -192.276
2.0 -202.062
2.0 -192.98
2.0 -191.742
2.0 -192.132
2.0 -211.25
2.0 -196.924
2.0 -193.908
2.0 -193.928
2.0 -187.02
2.0 -192.818
2.0 -201.69
2.0 -204.468
2.0 -198.618
2.0 -208.278
2.0 -191.768
2.0 -177.894
2.0 -189.14
2.0 -192.998
2.0 -192.218
2.0 -175.436
2.0 -191.922
2.0 -211.14
2.0 -199.306
2.0 -195.834
2.0 -198.91
2.0 -201.854
2.0 -162.426
2.0 -210.122
2.0 -199.636
2.0 -191.206
2.0 -185.218
2.0 -196.792
2.0 -184.144
2.0 -194.062
2.0 -176.524
2.0 -192.444
2.0 -193.76
2.0 -215.598
2.0 -203.888
2.0 -203.542
2.0 -184.662
2.0 -201.642
4.5 -197.17
4.5 -214.77
4.5 -203.954
4.5 -201.666
4.5 -184.958
4.5 -180.878
4.5 -191.532
4.5 -209.276
4.5 -210.376
4.5 -199.212
4.5 -203.486
4.5 -212.724
4.5 -196.244
4.5 -183.23
4.5 -173.416
4.5 -215.154
4.5 -186.368
4.5 -213.0
4.5 -193.41
4.5 -186.964
4.5 -209.444
4.5 -201.964
4.5 -201.362
4.5 -211.92
4.5 -205.796
4.5 -203.022
4.5 -192.458
4.5 -197.414
4.5 -211.604
4.5 -187.822
4.5 -206.83
4.5 -195.408
4.5 -211.926
4.5 -198.962
4.5 -179.038
4.5 -173.482
4.5 -189.332
4.5 -207.91
4.5 -192.612
4.5 -202.368
4.5 -196.57
4.5 -196.244
4.5 -217.876
4.5 -195.25
4.5 -214.624
4.5 -199.74
4.5 -212.704
4.5 -184.668
4.5 -216.286
4.5 -194.904
4.5 -204.478
4.5 -210.028
4.5 -198.17
4.5 -195.572
4.5 -189.77
4.5 -210.622
4.5 -195.932
4.5 -181.004
4.5 -156.97
4.5 -183.596
4.5 -215.766
4.5 -207.206
4.5 -206.882
4.5 -222.238
4.5 -203.566
4.5 -187.332
4.5 -207.148
4.5 -177.842
4.5 -195.862
4.5 -190.074
4.5 -212.51
4.5 -176.228
4.5 -190.488
4.5 -204.148
4.5 -205.566
4.5 -200.536
4.5 -181.46
4.5 -222.628
4.5 -184.5
4.5 -186.576
4.5 -199.54
4.5 -186.88
4.5 -198.768
4.5 -202.33
4.5 -205.5
4.5 -194.504
4.5 -204.886
4.5 -206.648
4.5 -193.02
4.5 -203.006
4.5 -204.166
4.5 -175.578
4.5 -195.606
4.5 -183.826
4.5 -203.034
4.5 -195.486
4.5 -204.87
4.5 -209.994
4.5 -200.136
4.5 -194.036
4.5 -195.928
4.5 -189.596
4.5 -203.35
4.5 -191.966
4.5 -195.952
4.5 -191.51
4.5 -205.648
4.5 -201.226
4.5 -196.74
4.5 -197.516
4.5 -208.024
4.5 -188.91
4.5 -202.588
4.5 -200.174
4.5 -196.176
4.5 -188.062
4.5 -202.642
4.5 -191.25
4.5 -204.484
4.5 -212.038
4.5 -182.44
4.5 -198.768
4.5 -209.312
4.5 -197.748
4.5 -195.386
4.5 -190.836
4.5 -194.422
4.5 -189.54
4.5 -200.456
4.5 -175.746
4.5 -204.988
4.5 -202.488
4.5 -192.322
4.5 -204.266
4.5 -184.392
4.5 -197.682
4.5 -182.338
4.5 -190.916
4.5 -186.332
4.5 -189.528
4.5 -203.238
4.5 -202.096
4.5 -185.164
4.5 -209.256
4.5 -207.21
4.5 -182.428
4.5 -170.634
4.5 -201.542
4.5 -200.964
4.5 -189.066
4.5 -179.17
4.5 -196.872
4.5 -195.966
4.5 -182.02
4.5 -181.85
4.5 -193.07
4.5 -186.66
4.5 -201.436
4.5 -196.426
4.5 -187.616
4.5 -186.274
4.5 -206.002
4.5 -185.76
4.5 -194.084
4.5 -209.678
4.5 -194.3
4.5 -190.144
4.5 -187.124
4.5 -221.898
4.5 -193.276
4.5 -204.914
4.5 -203.232
4.5 -205.482
4.5 -201.202
4.5 -196.416
4.5 -191.056
4.5 -210.682
4.5 -197.816
4.5 -193.376
4.5 -192.736
4.5 -203.752
4.5 -196.906
4.5 -176.168
4.5 -176.848
4.5 -198.408
4.5 -181.326
4.5 -195.094
4.5 -200.908
4.5 -184.882
4.5 -203.938
4.5 -211.848
4.5 -194.352
4.5 -203.044
4.5 -183.344
4.5 -210.748
4.5 -195.924
4.5 -180.242
4.5 -202.29
4.5 -202.69
4.5 -185.812
4.5 -210.972
4.5 -167.596
4.5 -195.776
4.5 -187.532
4.5 -180.592
4.5 -182.508
4.5 -208.75
4.5 -201.028
4.5 -208.268
4.5 -196.552
4.5 -177.222
4.5 -180.99
4.5 -188.352
4.5 -213.074
4.5 -196.104
4.5 -207.116
4.5 -198.066
4.5 -205.832
4.5 -200.302
4.5 -176.244
4.5 -193.132
4.5 -191.704
4.5 -197.122
4.5 -203.688
4.5 -191.184
4.5 -183.492
4.5 -199.254
4.5 -191.314
4.5 -190.006
4.5 -185.814
4.5 -198.068
4.5 -187.04
4.5 -189.866
4.5 -188.65
4.5 -195.106
4.5 -175.152
4.5 -202.896
4.5 -189.984
4.5 -193.304
4.5 -173.726
4.5 -182.534
4.5 -163.322
4.5 -187.902
4.5 -200.212
4.5 -210.012
4.5 -192.272
4.5 -181.816
4.5 -202.45
4.5 -212.756
4.5 -210.718
4.5 -185.08
4.5 -196.352
4.5 -216.744
4.5 -197.042
4.5 -189.986
4.5 -236.214
4.5 -186.004
4.5 -190.654
4.5 -179.832
4.5 -204.05
4.5 -231.476
4.5 -195.372
4.5 -203.642
4.5 -188.66
4.5 -198.27
4.5 -194.41
4.5 -201.854
4.5 -198.092
4.5 -196.512
4.5 -183.8
4.5 -207.052
4.5 -190.266
4.5 -184.448
4.5 -213.874
4.5 -196.352
4.5 -171.134
4.5 -178.322
4.5 -207.284
4.5 -224.692
4.5 -202.362
4.5 -193.11
4.5 -197.93
4.5 -188.222
4.5 -197.222
4.5 -204.908
4.5 -195.18
4.5 -197.844
4.5 -196.356
4.5 -175.658
4.5 -228.318
4.5 -204.036
4.5 -181.902
4.5 -173.792
4.5 -182.682
4.5 -185.66
4.5 -182.48
4.5 -180.548
4.5 -202.108
4.5 -199.932
4.5 -213.188
4.5 -209.076
4.5 -203.804
4.5 -180.794
4.5 -173.736
4.5 -187.906
4.5 -193.62
4.5 -177.29
4.5 -176.344
4.5 -192.92
4.5 -197.636
4.5 -188.758
4.5 -198.788
4.5 -200.268
4.5 -215.138
4.5 -195.218
4.5 -173.966
4.5 -170.34
4.5 -187.262
4.5 -185.58
4.5 -194.254
4.5 -209.354
4.5 -198.852
4.5 -194.176
4.5 -195.972
4.5 -183.348
4.5 -191.842
4.5 -211.948
4.5 -192.152
4.5 -199.898
4.5 -196.678
4.5 -183.408
4.5 -199.686
4.5 -171.188
4.5 -190.95
4.5 -189.642
4.5 -202.878
4.5 -194.964
4.5 -211.656
4.5 -199.184
4.5 -192.898
4.5 -224.046
4.5 -195.416
4.5 -226.442
4.5 -208.014
4.5 -186.016
4.5 -202.79
4.5 -184.07
4.5 -190.228
4.5 -212.72
4.5 -198.236
4.5 -211.086
4.5 -164.07
4.5 -197.21
4.5 -178.98
4.5 -182.332
4.5 -181.41
4.5 -195.37
4.5 -203.646
4.5 -203.818
4.5 -189.85
500
-54.5 -218.966
-48.5 -198.328
-41.5 -197.644
-32.0 -185.996
-32.0 -195.148
-32.0 -208.758
-10.0 -177.746
-10.0 -200.976
-10.0 -196.386
-10.0 -233.366
-10.0 -209.022
-10.0 -174.678
-10.0 -211.08
-10.0 -188.112
-10.0 -182.93
-10.0 -203.722
-10.0 -199.372
-10.0 -243.164
-10.0 -214.69
-10.0 -198.4
-10.0 -207.232
-10.0 -191.006
-10.0 -198.378
-10.0 -220.704
-10.0 -215.25
-10.0 -201.108
-10.0 -222.86
-10.0 -218.78
-10.0 -224.974
-10.0 -216.366
-10.0 -175.52
-10.0 -179.296
-10.0 -182.57
-10.0 -200.862
-10.0 -187.268
-10.0 -173.314
-10.0 -170.354
-4.0 -193.386
-4.0 -201.372
-4.0 -196.552
-4.0 -177.458
-4.0 -195.704
-4.0 -206.986
-4.0 -190.992
-4.0 -200.362
-4.0 -208.208
-4.0 -211.986
-4.0 -202.282
-4.0 -198.078
-4.0 -240.412
-4.0 -197.336
-4.0 -189.64
-4.0 -179.03
-4.0 -198.688
-4.0 -196.39
-4.0 -170.082
-4.0 -174.632
-4.0 -212.52
-4.0 -198.588
-4.0 -193.578
-4.0 -191.486
-4.0 -180.608
-4.0 -191.96
-4.0 -164.232
-4.0 -211.676
-4.0 -213.684
-4.0 -208.952
-4.0 -182.26
-4.0 -168.888
-4.0 -173.072
-2.5 -202.02
-2.5 -214.086
-2.5 -186.808
-2.5 -182.63
-2.5 -193.91
-2.5 -228.782
-2.5 -215.736
-2.5 -208.692
-2.5 -196.118
-2.5 -209.852
-2.5 -185.862
-2.5 -208.224
-2.5 -193.148
-2.5 -197.612
-2.5 -180.454
-2.5 -183.618
-2.5 -208.36
-2.5 -196.158
-2.5 -200.426
-2.5 -193.708
-2.5 -200.352
-2.5 -222.708
-2.5 -188.968
-2.5 -181.454
-2.5 -204.372
-2.5 -200.864
-2.5 -188.98
-2.5 -192.854
-2.5 -226.048
-2.5 -193.734
-2.5 -176.708
-2.5 -190.598
-2.5 -181.91
-2.5 -194.118
-2.5 -211.618
-2.5 -198.192
-2.5 -176.646
-2.5 -178.678
-2.5 -198.466
-2.5 -210.636
-2.5 -185.172
-2.5 -202.866
-2.5 -194.256
-2.5 -191.044
-2.5 -210.436
-2.5 -197.772
-2.5 -196.824
-2.5 -206.228
-2.5 -182.43
-2.5 -216.66
-2.5 -190.134
-2.5 -214.77
-2.5 -206.28
-2.5 -206.004
-2.5 -190.044
-2.5 -202.218
-2.5 -221.104
-2.5 -172.974
-2.5 -192.772
-2.5 -188.774
-2.5 -220.382
-2.5 -199.528
-2.5 -206.79
-2.5 -199.292
-2.5 -189.068
-2.5 -171.062
-2.5 -207.69
-2.5 -176.534
-2.5 -203.93
-2.5 -200.526
-2.5 -219.8
-2.5 -203.142
-2.5 -207.612
-2.5 -195.288
-2.5 -205.832
-2.5 -222.5
-2.5 -176.452
-2.5 -178.47
-2.5 -164.806
-2.5 -220.486
-2.5 -189.168
-2.5 -184.782
-2.5 -193.416
-2.5 -183.138
-2.5 -197.606
-2.5 -188.954
-2.5 -191.154
-2.5 -196.692
-2.5 -197.654
-2.5 -198.048
-2.5 -195.462
-2.5 -205.314
-2.5 -198.234
-2.5 -201.7
-2.5 -187.218
-2.5 -218.484
-2.5 -208.888
-2.5 -211.618
-2.5 -214.956
-2.5 -213.126
-2.5 -201.944
-2.5 -190.826
-2.5 -174.624
-2.5 -160.256
-2.5 -295.31
-2.5 -195.804
-2.5 -184.558
-2.5 -189.566
-2.5 -241.624
-2.5 -195.682
-2.5 -216.184
-2.5 -183.376
-2.5 -194.718
-2.5 -188.622
-2.5 -210.164
-2.5 -193.272
-2.5 -200.956
-2.5 -223.776
-2.5 -198.196
-2.5 -195.67
-2.5 -206.64
-2.5 -202.024
-2.5 -190.49
-2.5 -191.804
-2.5 -206.97
-2.5 -210.41
-2.5 -196.646
-2.5 -189.75
-2.5 -196.594
-2.5 -177.506
-2.5 -193.194
-2.5 -194.624
-2.5 -188.93
3.0 -213.678
3.0 -191.304
3.0 -181.856
3.0 -188.186
3.0 -191.828
3.0 -199.954
3.0 -189.894
3.0 -196.338
3.0 -202.778
3.0 -185.492
3.0 -190.582
3.0 -213.034
3.0 -228.902
3.0 -199.318
3.0 -177.56
3.0 -188.446
3.0 -208.816
3.0 -199.546
3.0 -213.048
3.0 -194.112
3.0 -184.414
3.0 -188.858
3.0 -176.276
3.0 -214.304
3.0 -189.726
3.0 -240.224
3.0 -179.288
3.0 -189.98
3.0 -191.296
3.0 -199.326
3.0 -216.362
3.0 -182.744
3.0 -204.076
3.0 -196.866
3.0 -212.812
3.0 -204.14
3.0 -191.682
3.0 -194.74
3.0 -225.724
3.0 -204.956
3.0 -203.756
3.0 -194.158
3.0 -190.746
3.0 -217.018
3.0 -190.946
3.0 -183.098
3.0 -192.458
3.0 -196.994
3.0 -190.906
3.0 -200.588
3.0 -238.528
3.0 -198.876
3.0 -200.534
3.0 -207.582
3.0 -199.276
3.0 -196.972
3.0 -194.144
3.0 -208.282
3.0 -195.042
3.0 -231.564
3.0 -192.496
3.0 -194.972
3.0 -204.366
3.0 -183.776
3.0 -198.528
3.0 -183.582
3.0 -196.142
3.0 -209.902
3.0 -186.98
3.0 -226.568
3.0 -184.82
3.0 -172.956
3.0 -199.69
3.0 -199.656
3.0 -191.838
3.0 -200.508
3.0 -182.008
3.0 -165.328
3.0 -222.03
3.0 -204.992
3.0 -203.804
3.0 -196.97
3.0 -184.702
3.0 -202.63
3.0 -200.342
3.0 -179.062
3.0 -200.094
3.0 -192.414
3.0 -214.376
3.0 -186.468
3.0 -212.02
3.0 -196.722
3.0 -194.522
3.0 -198.654
3.0 -199.944
3.0 -201.716
3.0 -200.344
3.0 -191.314
3.0 -192.204
3.0 -198.988
3.0 -194.748
3.0 -183.89
3.0 -199.974
3.0 -190.03
3.0 -197.458
3.0 -219.348
3.0 -201.4
3.0 -192.532
3.0 -196.842
3.0 -220.69
3.0 -207.866
3.0 -209.364
3.0 -187.274
3.0 -210.802
3.0 -184.556
3.0 -197.216
3.0 -188.496
3.0 -169.258
3.0 -166.608
3.0 -216.328
3.0 -194.112
3.0 -189.852
3.0 -227.364
3.0 -191.982
3.0 -204.51
3.0 -193.276
3.0 -203.194
3.0 -182.914
3.0 -205.526
3.0 -192.83
3.0 -188.706
3.0 -185.296
3.0 -172.486
3.0 -185.542
3.0 -179.302
3.0 -168.498
3.0 -152.576
3.0 -161.606
3.0 -195.514
3.0 -178.91
3.0 -202.428
3.0 -195.62
3.0 -204.91
3.0 -194.806
3.0 -210.914
3.0 -205.956
3.0 -186.45
3.0 -206.234
3.0 -194.36
3.0 -211.306
3.0 -202.73
3.0 -191.638
3.0 -189.362
3.0 -191.318
3.0 -186.696
3.0 -200.89
3.0 -204.654
3.0 -182.486
3.0 -211.236
3.0 -194.28
3.0 -189.394
3.0 -163.55
3.0 -203.258
3.0 -197.088
3.0 -200.716
3.0 -176.48
3.0 -194.46
3.0 -183.22
3.0 -194.75
3.0 -184.71
3.0 -187.104
3.0 -175.196
3.0 -178.934
3.0 -192.502
3.0 -189.49
3.0 -197.164
3.0 -182.78
3.0 -208.376
3.0 -215.702
3.0 -189.01
3.0 -179.658
3.0 -198.272
3.0 -215.068
3.0 -182.934
3.0 -192.254
3.0 -196.314
3.0 -199.702
3.0 -198.402
3.0 -198.386
3.0 -193.434
3.0 -210.862
3.0 -184.974
3.0 -193.96
3.0 -185.986
3.0 -182.998
3.0 -174.572
3.0 -215.284
3.0 -189.6
3.0 -221.902
3.0 -193.212
3.0 -198.048
3.0 -187.574
3.0 -168.176
3.0 -187.32
3.0 -195.154
3.0 -204.336
3.0 -199.638
3.0 -191.958
3.0 -211.968
3.0 -199.758
3.0 -185.112
3.0 -187.22
3.0 -209.854
3.0 -197.986
3.0 -191.524
3.0 -178.258
3.0 -180.388
3.0 -183.302
3.0 -192.46
3.0 -203.696
3.0 -196.674
3.0 -187.76
3.0 -203.124
3.0 -194.686
3.0 -189.77
3.0 -192.424
3.0 -191.426
3.0 -218.098
3.0 -196.876
3.0 -214.59
3.0 -185.782
3.0 -194.09
3.0 -192.868
3.0 -176.698
3.0 -194.416
3.0 -195.424
3.0 -205.284
3.0 -205.806
3.0 -185.2
3.0 -188.688
3.0 -203.274
3.0 -194.13
3.0 -181.732
3.0 -196.174
3.0 -196.174
3.0 -179.614
3.0 -205.192
3.0 -186.814
3.0 -191.104
3.0 -198.482
3.0 -211.794
3.0 -181.482
3.0 -197.53
3.0 -214.426
3.0 -203.818
3.0 -196.516
3.0 -202.344
3.0 -210.004
3.0 -204.02
3.0 -191.092
3.0 -195.422
3.0 -203.046
3.0 -195.802
3.0 -204.018
3.0 -198.094
3.0 -189.576
3.0 -187.87
3.0 -199.17
3.0 -194.96
3.0 -208.114
3.0 -203.57
3.0 -188.246
3.0 -175.552
3.0 -183.866
3.0 -196.734
3.0 -187.376
3.0 -191.246
3.0 -179.31
3.0 -180.846
3.0 -180.61
3.0 -196.816
3.0 -205.684
3.0 -202.918
3.0 -184.182
3.0 -205.286
3.0 -202.05
3.0 -206.94
3.0 -204.798
3.0 -208.924
3.0 -196.202
3.0 -205.446
3.0 -204.864
3.0 -211.546
3.0 -191.276
3.0 -189.346
3.0 -205.11
3.0 -197.172
500
-60.5 -231.382
-46.0 -189.186
-38.5 -212.89
-29.0 -194.246
-29.0 -177.79
-29.0 -199.162
-29.0 -213.738
-29.0 -188.116
-24.0 -188.116
-24.0 -202.424
-15.0 -214.306
-13.5 -196.984
-13.0 -196.336
-13.0 -202.03
-13.0 -196.93
-13.0 -201.408
-13.0 -207.452
-13.0 -181.29
-13.0 -222.678
-13.0 -208.456
-13.0 -212.578
-13.0 -203.136
-13.0 -193.938
-13.0 -191.762
-13.0 -201.972
-13.0 -193.884
-13.0 -187.808
-13.0 -203.566
-13.0 -193.582
-13.0 -198.154
-13.0 -212.97
-13.0 -192.92
-13.0 -192.814
-13.0 -185.522
-8.0 -193.046
-5.5 -212.124
-5.5 -201.1
-5.5 -209.278
-5.5 -205.88
-5.5 -202.494
-5.5 -190.588
-5.5 -199.158
-5.5 -200.862
-5.5 -211.992
-5.5 -189.5
-5.5 -192.946
-5.5 -205.364
-5.5 -203.576
-5.5 -194.71
-5.5 -208.004
-5.5 -217.076
-5.5 -198.642
-5.5 -207.926
-5.5 -212.412
-5.5 -184.18
-5.5 -194.036
-5.5 -206.014
-5.5 -177.57
-5.5 -198.14
-5.5 -198.384
-5.5 -212.512
-5.5 -202.7
-5.5 -193.394
-5.5 -188.632
-5.5 -197.354
-5.5 -211.934
-5.5 -194.286
-5.5 -200.504
-5.5 -196.924
-5.5 -214.296
-5.5 -227.062
-5.5 -212.3
-5.5 -193.466
-5.5 -208.436
-5.5 -205.768
-5.5 -198.846
-5.5 -186.65
-5.5 -201.796
-5.5 -205.522
-5.5 -211.096
-5.5 -215.562
-5.5 -207.634
-5.5 -193.388
-5.5 -200.37
-5.5 -189.64
-5.5 -204.994
-5.5 -225.964
-5.5 -203.418
-5.5 -189.388
-5.5 -192.964
-5.5 -184.826
-5.5 -220.85
-5.5 -202.47
-5.5 -191.044
-5.5 -207.464
-5.5 -223.454
-5.5 -186.78
0.0 -198.99
0.0 -229.898
0.0 -216.712
0.0 -185.166
0.0 -194.71
0.0 -196.31
0.0 -192.808
0.0 -187.97
0.0 -196.864
0.0 -200.522
0.0 -192.988
0.0 -188.14
0.0 -180.606
0.0 -193.658
0.0 -190.286
0.0 -211.078
0.0 -195.566
0.0 -200.912
0.0 -204.432
0.0 -198.512
0.0 -184.3
0.0 -204.436
0.0 -190.672
0.0 -195.556
0.0 -193.952
0.0 -214.24
0.0 -204.854
0.0 -213.652
0.0 -189.348
0.0 -188.294
0.0 -201.312
0.0 -203.71
0.0 -186.506
0.0 -210.498
0.0 -175.944
0.0 -168.832
0.0 -199.47
0.0 -209.714
0.0 -225.338
0.0 -178.454
0.0 -177.618
0.0 -205.684
0.0 -198.708
0.0 -186.034
0.0 -185.78
0.0 -188.738
0.0 -200.298
0.0 -188.39
0.0 -206.318
0.0 -156.186
0.0 -200.136
0.0 -180.604
0.0 -201.954
0.0 -204.642
0.0 -188.128
0.0 -206.65
0.0 -194.188
0.0 -170.286
0.0 -221.06
0.0 -177.15
0.0 -197.516
0.0 -193.526
0.0 -185.72
0.0 -204.212
0.0 -202.35
0.0 -195.542
0.0 -191.632
0.0 -199.146
0.0 -188.142
0.0 -184.652
0.0 -209.154
0.0 -179.618
0.0 -193.814
0.0 -191.922
0.0 -187.102
0.0 -191.474
0.0 -200.248
0.0 -179.972
0.0 -190.048
0.0 -193.83
0.0 -198.934
0.0 -199.336
0.0 -192.704
0.0 -204.846
0.0 -197.386
0.0 -196.576
0.0 -218.502
0.0 -189.68
0.0 -181.852
0.0 -201.98
0.0 -202.79
0.0 -160.91
0.0 -203.614
0.0 -196.814
0.0 -211.796
0.0 -197.168
0.0 -176.414
0.0 -186.456
0.0 -190.764
0.0 -187.42
0.0 -210.954
0.0 -187.014
0.0 -195.922
0.0 -200.414
0.0 -187.852
0.0 -172.746
0.0 -197.218
0.0 -180.632
0.0 -203.862
0.0 -202.512
0.0 -207.984
0.0 -202.306
0.0 -194.714
0.0 -204.168
0.0 -215.798
0.0 -205.118
0.0 -177.938
0.0 -187.252
0.0 -196.616
2.0 -193.486
2.0 -197.618
2.0 -200.06
2.0 -224.168
2.0 -218.622
2.0 -221.436
2.0 -213.75
2.0 -196.744
2.0 -230.228
2.0 -185.994
2.0 -194.958
2.0 -189.798
2.0 -223.462
2.0 -207.732
2.0 -203.22
2.0 -195.358
2.0 -203.91
2.0 -192.26
2.0 -182.404
2.0 -188.908
2.0 -206.43
2.0 -208.756
2.0 -192.91
2.0 -191.736
2.0 -199.054
2.0 -207.782
2.0 -197.324
2.0 -212.896
2.0 -196.728
2.0 -200.932
2.0 -193.858
2.0 -201.874
2.0 -183.58
2.0 -192.886
2.0 -183.548
2.0 -210.52
2.0 -199.026
12.0 -201.874
12.0 -178.794
12.0 -183.634
12.0 -189.456
12.0 -196.246
12.0 -197.454
12.0 -187.598
12.0 -182.122
12.0 -183.318
12.0 -218.916
12.0 -200.374
12.0 -195.292
12.0 -207.692
12.0 -187.726
12.0 -180.288
12.0 -184.306
12.0 -181.412
12.0 -191.352
12.0 -192.304
12.0 -189.386
12.0 -209.42
12.0 -204.31
12.0 -199.2
12.0 -180.806
12.0 -216.266
12.0 -218.666
12.0 -192.268
12.0 -193.932
12.0 -193.476
12.0 -188.684
12.0 -203.794
12.0 -221.176
12.0 -191.08
12.0 -197.122
12.0 -208.446
12.0 -180.468
12.0 -192.576
12.0 -181.752
12.0 -171.204
12.0 -208.722
12.0 -216.09
12.0 -212.986
12.0 -190.092
12.0 -195.388
12.0 -190.332
12.0 -192.558
12.0 -183.63
12.0 -180.576
12.0 -206.376
12.0 -186.374
12.0 -201.778
12.0 -198.718
12.0 -190.102
12.0 -211.684
12.0 -194.918
12.0 -207.494
12.0 -186.274
12.0 -194.612
12.0 -192.994
12.0 -201.48
12.0 -176.106
12.0 -195.97
12.0 -212.75
12.0 -190.48
12.0 -214.258
12.0 -208.864
12.0 -202.988
12.0 -191.864
12.0 -194.244
12.0 -198.95
12.0 -188.632
12.0 -193.638
12.0 -207.066
12.0 -187.422
12.0 -198.528
12.0 -160.306
12.0 -206.692
12.0 -197.534
12.0 -198.966
12.0 -206.142
12.0 -208.186
12.0 -193.45
12.0 -210.932
12.0 -200.178
12.0 -187.726
12.0 -195.904
12.0 -197.864
12.0 -181.608
12.0 -191.75
12.0 -171.346
12.0 -194.99
12.0 -179.56
12.0 -189.55
12.0 -220.628
12.0 -192.252
12.0 -195.016
12.0 -201.442
12.0 -205.83
12.0 -200.038
12.0 -187.43
12.0 -183.974
12.0 -181.42
12.0 -192.164
12.0 -195.28
12.0 -208.058
12.0 -215.034
12.0 -197.708
12.0 -192.364
12.0 -199.724
12.0 -191.798
12.0 -197.336
12.0 -210.312
12.0 -214.584
12.0 -203.256
12.0 -221.748
12.0 -213.582
12.0 -210.404
12.0 -189.74
12.0 -209.17
12.0 -178.48
12.0 -199.222
12.0 -201.42
12.0 -196.494
12.0 -205.664
12.0 -198.212
12.0 -208.704
12.0 -188.628
12.0 -179.316
12.0 -181.49
12.0 -200.698
12.0 -191.126
12.0 -188.5
12.0 -220.586
12.0 -206.404
12.0 -209.474
12.0 -186.642
12.0 -191.628
12.0 -201.098
12.0 -184.432
12.0 -206.392
12.0 -227.694
12.0 -184.096
12.0 -183.014
12.0 -193.612
12.0 -185.596
12.0 -204.432
12.0 -217.362
12.0 -205.81
12.0 -187.316
12.0 -182.424
12.0 -196.924
12.0 -218.358
12.0 -210.002
12.0 -219.066
12.0 -192.442
12.0 -182.932
12.0 -210.332
12.0 -208.408
12.0 -208.54
12.0 -172.542
12.0 -190.278
12.0 -198.266
12.0 -214.498
12.0 -204.732
12.0 -199.146
12.0 -203.708
12.0 -203.234
12.0 -195.472
12.0 -177.858
12.0 -198.518
12.0 -201.558
12.0 -222.61
12.0 -185.508
12.0 -196.786
12.0 -193.986
12.0 -183.696
12.0 -222.506
12.0 -181.626
12.0 -201.992
12.0 -208.896
12.0 -176.674
12.0 -201.458
12.0 -191.704
12.0 -201.006
12.0 -212.974
12.0 -190.206
12.0 -191.814
12.0 -219.428
12.0 -212.73
12.0 -198.49
12.0 -195.762
12.0 -202.594
12.0 -220.712
12.0 -186.778
12.0 -188.41
12.0 -231.09
12.0 -191.576
12.0 -196.232
12.0 -174.898
12.0 -191.45
12.0 -189.912
12.0 -189.296
12.0 -183.99
12.0 -225.952
12.0 -208.03
12.0 -198.644
12.0 -190.59
12.0 -186.056
12.0 -187.956
12.0 -206.08
12.0 -199.436
12.0 -198.018
12.0 -190.27
12.0 -192.86
12.0 -195.602
12.0 -194.448
12.0 -210.252
12.0 -202.432
12.0 -182.186
12.0 -195.382
12.0 -196.318
12.0 -185.522
12.0 -179.012
12.0 -226.85
12.0 -210.708
12.0 -181.45
12.0 -197.812
12.0 -202.002
12.0 -185.914
12.0 -192.938
12.0 -198.006
12.0 -199.176
12.0 -181.968
12.0 -183.704
12.0 -191.29
12.0 -207.954
12.0 -200.058
12.0 -200.66
12.0 -196.494
12.0 -200.362
12.0 -201.616
12.0 -190.758
12.0 -215.962
12.0 -212.374
12.0 -183.034
12.0 -205.156
12.0 -190.262
500
-50.5 -229.928
-47.5 -213.324
-47.5 -216.574
-47.5 -186.484
-47.0 -210.852
-40.0 -198.682
-28.0 -208.788
-28.0 -219.292
-28.0 -203.55
-28.0 -196.728
-28.0 -199.842
-28.0 -187.232
-28.0 -188.15
-28.0 -197.096
-28.0 -206.146
-28.0 -192.904
-28.0 -187.404
-28.0 -215.378
-28.0 -193.694
-28.0 -204.142
-28.0 -202.624
-28.0 -205.446
-25.0 -188.802
-25.0 -204.516
-16.5 -213.332
-16.5 -183.722
-16.5 -184.168
-16.5 -217.014
-16.5 -190.31
-16.5 -183.972
-16.5 -182.112
-16.5 -195.548
-16.5 -188.472
-16.5 -190.14
-13.0 -210.66
-13.0 -200.458
-13.0 -206.234
-13.0 -192.13
-13.0 -175.798
-13.0 -210.816
-13.0 -201.406
-13.0 -188.648
-13.0 -204.164
-13.0 -172.032
-13.0 -208.65
-13.0 -205.596
-7.0 -204.492
-7.0 -198.852
-7.0 -195.148
-7.0 -198.292
1.0 -184.108
1.0 -197.608
1.0 -188.08
1.0 -170.926
1.0 -203.654
1.0 -190.72
1.0 -186.722
1.0 -190.83
1.0 -188.72
1.0 -215.952
1.0 -201.724
1.0 -203.812
1.0 -198.582
1.0 -206.76
1.0 -201.424
1.0 -199.524
1.0 -195.476
1.0 -195.838
1.0 -202.238
1.0 -200.772
1.0 -217.548
1.0 -222.122
1.0 -202.878
1.0 -197.428
1.0 -181.812
1.0 -184.7
1.0 -194.128
1.0 -189.034
1.0 -207.06
1.0 -201.268
1.0 -194.816
1.0 -211.396
1.0 -183.174
1.0 -250.272
1.0 -197.528
1.0 -203.394
1.0 -200.626
1.0 -160.576
1.0 -241.7
1.0 -196.968
1.0 -189.448
1.0 -222.174
1.0 -198.222
1.0 -169.928
1.0 -257.404
1.0 -194.56
1.0 -194.454
1.0 -189.714
1.0 -198.85
1.0 -179.436
1.0 -183.616
1.0 -192.014
1.0 -175.532
1.0 -193.388
1.0 -217.208
1.0 -218.544
1.0 -218.592
1.0 -205.858
1.0 -209.572
1.0 -211.146
1.0 -177.486
1.0 -236.046
1.0 -202.068
1.0 -197.188
1.0 -205.464
1.0 -210.022
1.0 -214.062
1.0 -194.424
1.0 -192.508
1.0 -195.86
1.0 -178.208
1.0 -232.26
1.0 -214.012
1.0 -200.586
1.0 -192.118
1.0 -208.176
1.0 -199.486
1.0 -165.256
1.0 -188.16
1.0 -199.18
1.0 -178.254
1.0 -190.268
1.0 -176.904
1.0 -186.624
1.0 -184.676
1.0 -209.004
1.0 -197.708
1.0 -223.536
1.0 -199.97
1.0 -208.726
1.0 -190.786
1.0 -186.224
1.0 -179.048
1.0 -186.256
1.0 -177.278
1.0 -201.968
1.0 -207.706
1.0 -205.722
1.0 -221.434
1.0 -181.324
1.0 -209.938
1.0 -208.02
1.0 -196.97
1.0 -200.646
1.0 -173.6
1.0 -181.048
1.0 -212.012
1.0 -211.186
1.0 -205.354
1.0 -182.968
1.0 -195.75
1.0 -191.626
1.0 -189.914
1.0 -199.524
1.0 -191.584
1.0 -226.038
1.0 -206.776
1.0 -200.714
1.0 -186.476
1.0 -206.614
1.0 -223.144
1.0 -202.0
1.0 -183.766
1.0 -191.706
1.0 -200.232
1.0 -192.778
1.0 -193.376
1.0 -186.352
1.0 -194.134
1.0 -198.188
1.0 -182.728
1.0 -200.424
1.0 -210.56
1.0 -197.214
1.0 -202.61
1.0 -177.322
1.0 -171.102
1.0 -207.298
1.0 -190.598
1.0 -207.984
1.0 -196.714
1.0 -206.224
1.0 -198.12
1.0 -200.698
1.0 -181.638
1.0 -202.596
1.0 -191.238
1.0 -185.536
1.0 -206.82
1.0 -218.742
1.0 -178.782
1.0 -179.458
1.0 -171.12
1.0 -218.47
1.0 -180.946
1.0 -232.986
1.0 -204.126
1.0 -194.194
1.0 -192.712
1.0 -184.81
1.0 -201.216
1.0 -193.738
1.0 -213.324
1.0 -206.152
1.0 -198.228
1.0 -202.922
1.0 -189.296
1.0 -208.374
1.0 -228.62
1.0 -201.066
1.0 -200.554
1.0 -202.744
1.0 -174.026
1.0 -203.288
1.0 -188.626
1.0 -228.226
1.0 -177.134
1.0 -219.87
1.0 -206.644
1.0 -208.038
1.0 -167.228
1.0 -165.952
1.0 -186.526
1.0 -186.33
1.0 -194.922
1.0 -181.65
1.0 -190.296
1.0 -174.394
1.0 -183.128
1.0 -189.508
1.0 -195.902
1.0 -189.474
1.0 -169.472
1.0 -177.808
1.0 -188.928
1.0 -203.944
1.0 -180.724
1.0 -198.382
1.0 -188.64
1.0 -206.654
1.0 -198.778
1.0 -200.312
1.0 -201.834
1.0 -194.656
1.0 -195.292
1.0 -209.232
1.0 -214.168
1.0 -200.584
1.0 -170.206
1.0 -181.378
1.0 -214.706
1.0 -184.96
1.0 -190.578
1.0 -176.426
1.0 -195.26
1.0 -201.49
1.0 -204.856
1.0 -193.588
1.0 -218.054
1.0 -195.108
1.0 -202.388
1.0 -170.318
2.0 -196.748
2.0 -186.534
2.0 -205.026
2.0 -195.202
2.0 -195.502
2.0 -185.708
2.0 -214.578
2.0 -187.352
2.0 -185.998
2.0 -180.376
2.0 -202.64
2.0 -189.272
2.0 -203.868
2.0 -207.622
2.0 -209.366
2.0 -216.35
2.0 -186.152
2.0 -186.472
2.0 -180.804
2.0 -184.152
2.0 -201.096
2.0 -205.902
2.0 -195.178
2.0 -197.736
2.0 -210.364
2.0 -203.134
2.0 -193.298
2.0 -179.244
2.0 -210.324
2.0 -194.038
2.0 -203.558
2.0 -211.476
2.0 -182.378
2.0 -199.428
2.0 -204.348
2.0 -191.532
2.0 -212.676
2.0 -182.738
2.0 -207.664
2.0 -208.34
2.0 -179.242
2.0 -195.79
2.0 -195.316
2.0 -190.12
2.0 -210.04
2.0 -205.834
2.0 -203.686
2.0 -205.814
2.0 -215.228
2.0 -201.806
2.0 -210.4
2.0 -196.276
2.0 -192.484
2.0 -200.438
2.0 -201.156
2.0 -179.428
2.0 -190.346
2.0 -177.434
2.0 -179.188
2.0 -212.298
2.0 -198.206
2.0 -178.864
2.0 -183.434
2.0 -212.114
2.0 -214.412
2.0 -203.426
2.0 -211.35
2.0 -184.338
2.0 -193.136
2.0 -194.424
2.0 -202.346
2.0 -216.35
2.0 -195.944
2.0 -193.1
2.0 -182.186
2.0 -202.956
2.0 -191.298
2.0 -188.462
2.0 -203.208
2.0 -195.782
2.0 -207.162
2.0 -175.962
2.0 -208.532
2.0 -182.076
2.0 -188.028
2.0 -188.348
2.0 -198.846
2.0 -213.468
2.0 -202.366
2.0 -186.34
2.0 -183.57
2.0 -188.48
2.0 -219.754
2.0 -189.692
2.0 -186.478
2.0 -193.366
2.0 -220.958
2.0 -205.83
2.0 -207.608
2.0 -214.032
2.5 -210.672
2.5 -181.712
2.5 -188.95
2.5 -201.894
2.5 -190.596
2.5 -206.848
2.5 -163.8
2.5 -212.09
2.5 -184.032
2.5 -204.032
2.5 -191.284
2.5 -181.81
2.5 -195.572
2.5 -198.568
2.5 -190.0
2.5 -194.36
2.5 -187.774
2.5 -197.214
2.5 -196.634
2.5 -206.254
2.5 -190.468
2.5 -204.742
2.5 -181.42
2.5 -206.844
2.5 -194.172
2.5 -189.19
2.5 -184.788
2.5 -180.47
2.5 -201.114
2.5 -199.43
2.5 -189.916
2.5 -172.022
2.5 -158.206
2.5 -209.25
2.5 -186.192
2.5 -201.338
2.5 -193.776
2.5 -192.586
2.5 -208.172
2.5 -211.914
2.5 -192.856
2.5 -218.134
2.5 -188.286
2.5 -200.974
2.5 -190.596
2.5 -181.922
2.5 -176.082
2.5 -211.478
2.5 -219.518
2.5 -183.976
2.5 -208.912
2.5 -186.672
2.5 -201.936
2.5 -193.892
2.5 -198.602
2.5 -194.618
2.5 -192.552
2.5 -201.96
2.5 -191.496
2.5 -198.482
2.5 -197.684
2.5 -222.268
2.5 -184.622
2.5 -193.226
2.5 -201.522
2.5 -193.438
2.5 -184.546
2.5 -200.448
2.5 -185.484
2.5 -184.41
2.5 -193.336
2.5 -204.602
2.5 -194.604
2.5 -176.176
2.5 -171.984
2.5 -185.65
2.5 -250.544
2.5 -207.16
2.5 -200.222
2.5 -192.852
2.5 -191.828
2.5 -202.604
2.5 -192.2
2.5 -192.706
2.5 -183.858
2.5 -180.512
2.5 -208.318
2.5 -190.928
2.5 -224.798
2.5 -200.408
2.5 -205.008
2.5 -218.604
2.5 -221.022
2.5 -198.492
2.5 -185.236
2.5 -181.272
2.5 -174.608
2.5 -189.32
2.5 -195.61
2.5 -187.514
2.5 -186.094
2.5 -203.59
2.5 -191.988
2.5 -185.588
2.5 -207.44
2.5 -183.7
2.5 -185.372
2.5 -193.108
2.5 -207.966
2.5 -183.922
2.5 -177.06
2.5 -196.062
2.5 -191.186
2.5 -208.512
2.5 -216.87
2.5 -193.788
2.5 -185.992
2.5 -205.422
2.5 -205.264
2.5 -182.622
2.5 -187.492
2.5 -184.874
2.5 -202.198
2.5 -186.48
2.5 -204.184
2.5 -202.366
2.5 -230.484
2.5 -207.136
500
-33.5 -228.492
-33.5 -210.852
-33.5 -198.258
-33.5 -222.964
-25.0 -232.414
-25.0 -202.65
-25.0 -217.004
-25.0 -175.886
-25.0 -172.304
-25.0 -223.512
-25.0 -204.368
-25.0 -202.08
-25.0 -182.524
-25.0 -176.686
-25.0 -214.676
-21.5 -185.93
-21.5 -207.668
-21.5 -204.836
-21.5 -175.82
-21.5 -196.522
-21.5 -195.644
-21.5 -221.394
-6.0 -190.25
-6.0 -210.89
-6.0 -197.888
-6.0 -195.442
-6.0 -221.094
-5.0 -211.05
-5.0 -208.702
-5.0 -196.776
-5.0 -179.534
-5.0 -212.548
-5.0 -165.258
-5.0 -208.278
-5.0 -198.802
-5.0 -217.054
-5.0 -193.828
-5.0 -204.828
-5.0 -206.554
-5.0 -193.416
-5.0 -192.744
-5.0 -190.29
-5.0 -187.522
-5.0 -199.852
-5.0 -169.018
-5.0 -143.792
-5.0 -188.826
-5.0 -173.546
-5.0 -208.766
-5.0 -199.308
-5.0 -223.022
-5.0 -201.55
-5.0 -204.532
-5.0 -192.898
-5.0 -199.274
-5.0 -221.344
-5.0 -197.75
-5.0 -186.818
-5.0 -187.106
-5.0 -215.354
-5.0 -209.562
-5.0 -214.49
-5.0 -203.912
-5.0 -192.314
-5.0 -202.518
-5.0 -180.124
-5.0 -229.842
-5.0 -204.876
-5.0 -185.456
-5.0 -181.286
-5.0 -182.688
-5.0 -187.342
-5.0 -202.936
-5.0 -190.964
-5.0 -228.558
-5.0 -193.35
-5.0 -199.34
-5.0 -193.292
-5.0 -212.652
-5.0 -191.944
-5.0 -194.218
-5.0 -177.404
-5.0 -205.428
-5.0 -213.616
-5.0 -239.188
-5.0 -199.942
-5.0 -201.214
-5.0 -226.986
-5.0 -199.498
-5.0 -204.838
-5.0 -186.808
-5.0 -185.778
-5.0 -202.628
-5.0 -206.994
-5.0 -220.24
-5.0 -189.692
-5.0 -192.198
-5.0 -197.678
-5.0 -193.262
-5.0 -183.912
-5.0 -201.988
-5.0 -204.53
-5.0 -214.746
-5.0 -192.538
-5.0 -182.912
-5.0 -201.102
-5.0 -210.358
-5.0 -188.744
-5.0 -180.55
-5.0 -198.912
-5.0 -191.176
-5.0 -200.87
-5.0 -181.334
-5.0 -186.942
-5.0 -208.338
-5.0 -194.17
-5.0 -173.57
-5.0 -173.502
-5.0 -206.036
-5.0 -204.972
-5.0 -186.872
-5.0 -248.396
-5.0 -208.19
-5.0 -182.64
-5.0 -225.876
-5.0 -202.336
-5.0 -195.93
-5.0 -213.52
-5.0 -213.23
-5.0 -188.746
-5.0 -200.478
-5.0 -204.134
-5.0 -204.512
-5.0 -186.962
-5.0 -187.094
-5.0 -179.91
-5.0 -205.314
-5.0 -195.224
-5.0 -208.276
-5.0 -230.404
-5.0 -189.284
-5.0 -190.442
-5.0 -180.642
-5.0 -206.298
-5.0 -194.564
-5.0 -209.35
-5.0 -208.45
-5.0 -209.57
-5.0 -180.716
-5.0 -190.162
-5.0 -194.644
-5.0 -199.734
-5.0 -206.288
-5.0 -182.47
-5.0 -260.694
-5.0 -203.178
-5.0 -196.168
-5.0 -185.646
-5.0 -214.398
-5.0 -207.878
-5.0 -197.97
-5.0 -196.146
-5.0 -200.088
-5.0 -197.792
-5.0 -196.228
-5.0 -220.384
-5.0 -202.534
-5.0 -211.288
-5.0 -186.01
-5.0 -224.01
-5.0 -192.734
-5.0 -207.444
-5.0 -199.596
-5.0 -180.874
-5.0 -199.142
-5.0 -223.052
-5.0 -187.402
-5.0 -198.424
-5.0 -209.02
-5.0 -183.106
-5.0 -224.14
-5.0 -197.434
-5.0 -195.024
-5.0 -193.206
-5.0 -184.788
-5.0 -232.502
-5.0 -210.172
-5.0 -208.428
-5.0 -211.494
-5.0 -184.346
-5.0 -192.774
-5.0 -176.762
-5.0 -188.802
-5.0 -199.078
-5.0 -188.178
-2.5 -190.714
-2.5 -209.272
-2.5 -189.13
-2.5 -192.22
-2.5 -208.71
-2.5 -205.536
-2.5 -203.582
-2.5 -190.388
-2.5 -192.588
-2.5 -231.412
-2.5 -192.568
-2.5 -201.612
-2.5 -211.636
-2.5 -185.778
-2.5 -205.646
-2.5 -202.542
-2.5 -203.742
-2.5 -180.43
-2.5 -166.718
-2.5 -143.388
-2.5 -236.35
-2.5 -200.66
-2.5 -185.942
-2.5 -184.246
-2.5 -184.768
-2.5 -190.316
-2.5 -225.31
-2.5 -207.594
-2.5 -201.412
-2.5 -207.536
-2.5 -206.96
-2.5 -208.024
-2.5 -187.89
-2.5 -187.58
-2.5 -192.926
-2.5 -210.254
-2.5 -171.31
-2.5 -167.53
-2.5 -175.956
-2.5 -204.51
-2.5 -200.732
-2.5 -193.54
-2.5 -187.864
-2.5 -203.32
-2.5 -202.138
-2.5 -199.682
-2.5 -187.484
-2.5 -211.806
-2.5 -216.396
-2.5 -213.414
-2.5 -211.31
-2.5 -200.508
-2.5 -195.918
-2.5 -192.78
-2.5 -188.392
-2.5 -181.762
-2.5 -206.622
-2.5 -191.478
-2.5 -192.698
-2.5 -192.908
-2.5 -220.27
-2.5 -206.268
-2.5 -195.102
-2.5 -178.98
-2.5 -187.026
-2.5 -197.94
-2.5 -196.55
-2.5 -199.192
-2.5 -190.764
-2.5 -184.518
-2.5 -186.44
-2.5 -207.842
-2.5 -186.696
-2.5 -190.252
-2.5 -208.536
-2.5 -214.576
-2.5 -191.356
-2.5 -204.204
-2.5 -205.398
-2.5 -190.972
-2.5 -187.812
-2.5 -189.458
-2.5 -202.164
-2.5 -203.052
-2.5 -212.09
-2.5 -216.15
-2.5 -195.398
-2.5 -203.906
-2.5 -212.364
-2.5 -223.33
-2.5 -181.598
-2.5 -202.6
-2.5 -186.66
-2.5 -205.41
-2.5 -187.804
-2.5 -193.674
-2.5 -182.892
-2.5 -186.034
-2.5 -212.91
-2.5 -175.194
-2.5 -210.118
-2.5 -211.806
-2.5 -220.622
-2.5 -207.286
-2.5 -208.062
-2.5 -191.87
-2.0 -180.538
-2.0 -190.284
-2.0 -193.188
-2.0 -192.356
-2.0 -203.036
-2.0 -213.868
-2.0 -204.296
-2.0 -194.244
-2.0 -192.036
-2.0 -217.028
-2.0 -190.554
-2.0 -195.91
-2.0 -192.434
-2.0 -194.234
-2.0 -198.844
-2.0 -211.276
-2.0 -207.33
-2.0 -205.198
-2.0 -199.59
-2.0 -183.452
-2.0 -186.6
0.0 -209.548
0.0 -192.25
0.0 -216.764
0.0 -207.026
0.0 -208.9
0.0 -197.564
0.0 -194.848
0.0 -201.57
0.0 -191.69
0.0 -193.176
0.0 -186.546
0.0 -169.492
0.0 -204.932
0.0 -191.05
0.0 -198.65
0.0 -182.132
0.0 -194.16
0.0 -199.36
0.0 -202.97
0.0 -205.688
0.0 -190.272
0.0 -209.53
0.0 -206.228
0.0 -196.424
0.0 -217.126
0.0 -197.566
0.0 -189.834
0.0 -184.662
0.0 -200.746
0.0 -191.736
0.0 -201.336
0.0 -175.952
0.0 -224.056
0.0 -205.018
0.0 -222.88
0.0 -201.392
0.0 -201.158
0.0 -204.988
0.0 -214.118
0.0 -191.828
0.0 -187.796
0.0 -181.706
0.0 -196.582
0.0 -186.68
0.0 -213.432
0.0 -200.574
0.0 -196.612
0.0 -191.348
0.0 -193.25
0.0 -215.518
0.0 -205.536
0.0 -190.164
0.0 -204.656
0.0 -188.26
0.0 -224.458
0.0 -172.996
0.0 -213.852
0.0 -195.336
0.0 -198.88
0.0 -193.404
0.0 -164.998
0.0 -207.956
0.0 -199.97
0.0 -185.824
0.0 -202.254
0.0 -206.242
0.0 -211.762
0.0 -204.63
0.0 -194.312
0.0 -206.162
0.0 -201.884
0.0 -188.508
0.0 -205.934
0.0 -202.26
0.0 -190.808
0.0 -194.916
0.0 -205.464
0.0 -192.17
0.0 -186.168
0.0 -207.152
0.0 -212.564
0.0 -187.03
0.0 -192.962
0.0 -188.72
0.0 -206.32
0.0 -184.052
0.0 -192.126
0.0 -196.806
0.0 -187.62
0.0 -192.818
0.0 -204.878
0.0 -212.71
0.0 -210.492
0.0 -178.59
0.0 -178.178
0.0 -193.616
0.0 -172.894
0.0 -183.008
0.0 -182.708
0.0 -194.544
0.0 -190.166
0.0 -188.352
0.0 -209.408
0.0 -221.188
0.0 -203.382
0.0 -175.574
0.0 -222.78
0.0 -201.934
0.0 -200.876
0.0 -200.98
0.0 -176.242
0.0 -221.446
0.0 -193.828
0.0 -203.026
0.0 -175.81
0.0 -183.574
0.0 -201.198
0.0 -186.518
0.0 -209.344
0.0 -197.834
0.0 -190.376
0.0 -197.606
0.0 -190.494
0.0 -198.106
0.0 -205.874
0.0 -173.95
0.0 -216.904
0.0 -216.65
0.0 -205.198
0.0 -214.978
0.0 -190.654
0.0 -192.192
0.0 -201.036
0.0 -185.806
0.0 -198.778
0.0 -187.492
0.0 -211.866
0.0 -198.162
0.0 -200.476
0.0 -188.948
0.0 -204.058
0.0 -193.054
0.0 -195.352
0.0 -195.486
0.0 -184.244
0.0 -191.63
0.0 -172.222
0.0 -189.752
0.0 -208.442
0.0 -184.636
0.0 -201.44
0.0 -181.75
0.0 -198.224
0.0 -180.826
0.0 -208.616
0.0 -190.998
0.0 -193.912
0.0 -201.346
0.0 -207.13
0.0 -191.164
0.0 -205.742
0.0 -193.162
0.0 -208.932
0.0 -211.408
0.0 -201.57
0.0 -202.106
0.0 -219.516
0.0 -202.732
0.0 -181.892
0.0 -178.388
0.0 -196.622
0.0 -209.72
0.0 -218.952
0.0 -200.814
0.0 -199.44
0.0 -198.448
0.0 -202.834
0.0 -213.558
500
-59.5 -228.218
-53.5 -198.484
-29.5 -193.138
-29.5 -205.304
-10.5 -192.49
-10.5 -191.712
-10.5 -230.618
-10.5 -193.6
-10.5 -202.35
-10.5 -207.062
-10.5 -186.838
-10.5 -192.364
-10.5 -190.276
-10.5 -195.192
-10.5 -187.18
-10.5 -203.288
-10.5 -207.654
-10.5 -201.856
-10.5 -197.044
-10.5 -188.888
-10.5 -198.762
-10.5 -206.294
-10.5 -204.524
-10.5 -186.512
-10.5 -204.598
-10.5 -207.152
-4.5 -191.276
-4.5 -208.358
-4.5 -185.392
-4.5 -195.07
-4.5 -198.34
-4.5 -197.95
-4.5 -214.526
-4.5 -215.752
-4.5 -190.76
-4.5 -221.696
-4.5 -202.29
-4.5 -211.19
-4.5 -209.454
-4.5 -215.11
-4.5 -188.502
-4.5 -202.12
-4.5 -209.302
-4.5 -192.974
-4.5 -182.09
-4.5 -191.474
-4.5 -193.744
-4.5 -179.508
-4.5 -192.808
-4.5 -205.326
-4.5 -176.508
-4.5 -176.748
-4.5 -200.434
-4.5 -189.094
-4.5 -191.7
-4.5 -205.124
-4.5 -190.882
-4.5 -191.41
-4.5 -207.144
-4.5 -193.27
-4.5 -194.654
-4.5 -197.336
-4.5 -201.072
-4.5 -208.052
-4.5 -241.476
-4.5 -191.942
-4.5 -185.794
-4.5 -203.41
-4.5 -231.464
-4.5 -207.168
-4.5 -203.508
-4.5 -208.622
-4.5 -207.532
-4.5 -203.57
-4.5 -182.938
-4.5 -222.692
-4.5 -205.312
-4.5 -209.356
-4.5 -199.852
-4.5 -210.622
-4.5 -207.37
-4.5 -209.234
-4.5 -189.428
-4.5 -201.342
10.0 -165.798
10.0 -156.138
10.0 -202.13
10.0 -225.136
10.0 -222.03
10.0 -192.042
10.0 -218.904
10.0 -184.58
10.0 -163.082
10.0 -201.748
10.0 -195.102
10.0 -229.454
10.0 -211.262
10.0 -192.176
10.0 -212.02
10.0 -198.756
10.0 -191.074
10.0 -201.676
10.0 -200.032
10.0 -193.2
10.0 -192.242
10.0 -195.446
10.0 -192.246
10.0 -196.812
10.0 -192.68
10.0 -169.89
10.0 -185.324
10.0 -198.974
10.0 -201.77
10.0 -213.39
10.0 -204.896
10.0 -216.366
10.0 -186.234
10.0 -203.482
10.0 -186.162
10.0 -190.274
10.0 -220.694
10.0 -194.872
10.0 -188.838
10.0 -203.028
10.0 -210.956
10.0 -245.572
10.0 -186.216
10.0 -199.062
10.0 -179.678
10.0 -213.32
10.0 -192.094
10.0 -180.066
10.0 -189.694
10.0 -210.816
10.0 -193.652
10.0 -191.29
10.0 -172.694
10.0 -197.422
10.0 -195.762
10.0 -196.244
10.0 -174.48
10.0 -190.252
10.0 -191.164
10.0 -210.63
10.0 -200.59
10.0 -193.12
10.0 -198.61
10.0 -184.764
10.0 -195.67
10.0 -216.026
10.0 -202.03
10.0 -193.406
10.0 -219.074
10.0 -187.298
10.0 -195.446
10.0 -214.324
10.0 -210.308
10.0 -205.464
10.0 -189.984
10.0 -185.384
10.0 -202.74
10.0 -190.7
10.0 -199.056
10.0 -185.944
10.0 -181.928
10.0 -206.63
10.0 -186.454
10.0 -192.59
10.0 -189.812
10.0 -172.074
10.0 -189.708
10.0 -180.554
10.0 -183.606
10.0 -189.448
10.0 -195.876
10.0 -191.266
10.0 -184.116
10.0 -189.356
10.0 -194.158
10.0 -201.404
10.0 -194.336
10.0 -198.44
10.0 -199.508
10.0 -197.71
10.0 -187.08
10.0 -188.05
10.0 -189.832
10.0 -189.058
10.0 -215.012
10.0 -206.53
10.0 -183.78
10.0 -201.07
10.0 -203.914
10.0 -174.16
10.0 -174.746
10.0 -190.73
10.0 -183.17
10.0 -206.328
10.0 -195.046
10.0 -179.494
10.0 -199.668
10.0 -195.742
10.0 -183.304
10.0 -187.086
10.0 -181.504
10.0 -196.08
10.0 -183.912
10.0 -185.736
10.0 -192.974
10.0 -217.874
10.0 -185.112
10.0 -205.51
10.0 -195.66
10.0 -200.708
10.0 -197.124
10.0 -211.418
10.0 -203.206
10.0 -181.284
10.0 -195.63
10.0 -205.31
10.0 -194.132
10.0 -188.66
10.0 -190.268
10.0 -201.8
10.0 -220.85
10.0 -190.828
10.0 -202.798
10.0 -224.148
10.0 -210.924
10.0 -212.558
10.0 -176.944
10.0 -182.954
10.0 -206.37
10.0 -197.1
10.0 -213.886
10.0 -199.328
10.0 -196.996
10.0 -205.606
10.0 -209.364
10.0 -195.93
10.0 -189.91
10.0 -192.786
10.0 -177.824
10.0 -170.86
10.0 -206.472
10.0 -212.658
10.0 -191.67
10.0 -187.228
10.0 -165.57
10.0 -204.896
10.0 -191.144
10.0 -206.028
10.0 -187.21
10.0 -193.512
10.0 -198.046
10.0 -203.848
10.0 -205.566
10.0 -192.624
10.0 -176.358
10.0 -194.766
10.0 -193.426
10.0 -184.466
10.0 -192.842
10.0 -178.876
10.0 -180.644
10.0 -199.884
10.0 -199.266
10.0 -183.984
10.0 -191.984
10.0 -191.26
10.0 -189.604
10.0 -198.886
10.0 -182.178
10.0 -212.37
10.0 -198.22
10.0 -159.908
10.0 -254.358
10.0 -205.698
10.0 -191.436
10.0 -167.562
10.0 -183.004
10.0 -208.878
10.0 -180.094
10.0 -184.168
10.0 -214.044
10.0 -203.718
10.0 -197.27
10.0 -198.276
10.0 -196.852
10.0 -209.944
10.0 -205.304
10.0 -215.126
10.0 -211.136
10.0 -188.182
10.0 -212.244
10.0 -211.91
10.0 -187.768
10.0 -176.81
10.0 -198.804
10.0 -180.892
10.0 -188.43
10.0 -168.51
10.0 -201.5
10.0 -198.462
10.0 -227.49
10.0 -200.004
10.0 -180.044
10.0 -185.054
10.0 -190.302
10.0 -181.676
10.0 -199.322
10.0 -175.1
10.0 -188.842
10.0 -179.2
10.0 -190.838
10.0 -206.572
10.0 -176.522
10.0 -183.004
10.0 -196.966
10.0 -191.404
10.0 -221.556
10.0 -187.57
10.0 -207.65
10.0 -204.446
10.0 -191.678
10.0 -193.282
10.0 -180.716
10.0 -211.002
10.0 -188.162
10.0 -180.042
10.0 -167.988
10.0 -163.268
10.0 -188.612
10.0 -217.03
10.0 -177.684
10.0 -200.096
10.0 -203.518
10.0 -205.376
10.0 -173.978
10.0 -186.588
10.0 -186.866
10.0 -200.518
10.0 -171.484
10.0 -194.43
10.0 -180.186
10.0 -181.192
10.0 -192.392
10.0 -194.444
10.0 -195.756
10.0 -191.634
10.0 -198.51
10.0 -190.05
10.0 -203.838
10.0 -173.722
10.0 -180.936
10.0 -158.042
10.0 -192.542
10.0 -196.998
10.0 -184.71
10.0 -185.274
10.0 -191.576
10.0 -195.738
10.0 -184.762
10.0 -209.146
10.0 -213.816
10.0 -207.806
10.0 -193.514
10.0 -181.45
10.0 -198.284
10.0 -189.132
10.0 -204.184
10.0 -189.966
10.0 -192.346
10.0 -177.552
10.0 -198.644
10.0 -186.38
10.0 -211.034
10.0 -209.59
10.0 -194.136
10.0 -191.624
10.0 -186.712
10.0 -195.432
10.0 -201.45
10.0 -205.094
10.0 -202.466
10.0 -197.512
10.0 -202.436
10.0 -198.552
10.0 -203.558
10.0 -180.054
10.0 -189.354
10.0 -224.044
10.0 -210.188
10.0 -188.606
10.0 -167.85
10.0 -199.442
10.0 -207.218
10.0 -198.214
10.0 -182.084
10.0 -208.168
10.0 -221.972
10.0 -178.656
10.0 -193.054
10.0 -189.468
10.0 -198.172
10.0 -184.612
10.0 -177.996
10.0 -199.586
10.0 -178.13
10.0 -183.622
10.0 -170.328
10.0 -202.718
10.0 -198.042
10.0 -191.508
10.0 -205.216
10.0 -193.312
10.0 -179.634
10.0 -184.77
10.0 -192.878
10.0 -190.65
10.0 -192.832
10.0 -205.994
10.0 -217.362
10.0 -193.66
10.0 -195.206
10.0 -197.966
10.0 -187.058
10.0 -196.018
10.0 -201.092
10.0 -194.276
10.0 -207.562
10.0 -196.868
10.0 -185.928
10.0 -208.69
10.0 -208.89
10.0 -183.09
10.0 -191.12
10.0 -178.704
10.0 -191.464
10.0 -185.37
10.0 -180.874
10.0 -230.038
10.0 -198.496
10.0 -193.352
10.0 -203.11
10.0 -222.928
10.0 -203.544
10.0 -201.484
10.0 -191.554
10.0 -201.722
10.0 -168.5
10.0 -189.1
10.0 -209.248
10.0 -196.142
10.0 -201.668
10.0 -194.566
10.0 -203.794
10.0 -182.49
10.0 -191.934
10.0 -189.53
10.0 -210.202
10.0 -188.938
10.0 -195.068
10.0 -193.496
10.0 -186.376
10.0 -184.176
10.0 -230.774
10.0 -202.85
10.0 -191.724
10.0 -189.116
10.0 -191.87
10.0 -197.994
10.0 -192.736
10.0 -203.262
10.0 -198.452
10.0 -183.756
10.0 -211.572
10.0 -199.672
10.0 -202.862
10.0 -201.828
10.0 -197.612
10.0 -191.036
10.0 -202.678
10.0 -184.162
10.0 -192.012
10.0 -185.532
10.0 -198.278
10.0 -198.008
10.0 -180.748
10.0 -182.964
10.0 -198.048
10.0 -193.382
10.0 -192.924
10.0 -196.304
10.0 -222.658
10.0 -187.95
10.0 -202.542
10.0 -203.144
10.0 -184.362
10.0 -186.72
500
-56.5 -229.108
-45.0 -200.144
-45.0 -201.166
-32.0 -223.14
-32.0 -197.316
-32.0 -209.246
-32.0 -195.71
-32.0 -185.056
-32.0 -187.788
-31.5 -193.436
-31.5 -201.598
-31.5 -204.614
-31.5 -224.458
-31.5 -211.088
-29.5 -210.7
-29.5 -195.012
-24.0 -200.978
-24.0 -193.748
-24.0 -206.164
-24.0 -192.844
-19.5 -202.048
-19.5 -214.012
-19.5 -225.574
-19.5 -183.432
-19.5 -205.804
-19.5 -205.524
-19.5 -189.324
-19.5 -186.574
-19.5 -208.21
-19.5 -208.44
-19.5 -190.902
-19.5 -196.394
-19.5 -184.166
-19.5 -187.036
-19.5 -192.0
-19.5 -185.548
-19.5 -195.472
-19.5 -184.952
-19.5 -235.726
-19.5 -199.67
-15.0 -193.0
-15.0 -204.592
-15.0 -195.696
-15.0 -209.248
-15.0 -177.746
-15.0 -185.096
-15.0 -190.77
-15.0 -214.184
-15.0 -193.49
-15.0 -225.564
-15.0 -208.796
-15.0 -195.326
-15.0 -193.736
-15.0 -208.504
-15.0 -205.276
-15.0 -221.028
-15.0 -195.132
-15.0 -205.79
-15.0 -198.506
-15.0 -215.374
-15.0 -191.068
-15.0 -190.376
-15.0 -191.126
-15.0 -179.228
-15.0 -213.734
-15.0 -201.236
-15.0 -201.784
-15.0 -214.788
-15.0 -204.966
-15.0 -188.032
-15.0 -189.494
-15.0 -207.984
-15.0 -199.54
-15.0 -171.364
-15.0 -150.776
-15.0 -237.674
-14.5 -208.114
-14.5 -196.152
-14.5 -189.736
-14.5 -166.112
-14.5 -203.668
-14.5 -184.942
-14.5 -182.07
-14.5 -196.65
-14.5 -209.132
-14.5 -225.688
-14.5 -218.194
-14.5 -204.038
-14.5 -195.274
-14.5 -195.042
-14.5 -211.654
-14.5 -188.714
-14.5 -195.458
-14.5 -219.97
-14.5 -195.526
-14.5 -179.528
-14.5 -187.658
-14.5 -192.932
-14.5 -216.326
-14.5 -186.048
-14.5 -178.2
-14.5 -216.562
-14.5 -206.188
-14.5 -185.792
-14.5 -259.338
-14.5 -209.576
-14.5 -191.778
-14.5 -194.774
-7.5 -199.048
-7.5 -188.556
-7.5 -197.476
-7.5 -193.26
-7.5 -199.608
-7.5 -197.3
-7.5 -210.164
-7.5 -180.186
-7.5 -192.936
-7.5 -195.952
-7.5 -166.256
-7.5 -147.118
-7.5 -188.822
-7.5 -215.53
-7.5 -213.16
-7.5 -196.506
-7.5 -196.702
-7.5 -179.044
-7.5 -172.318
-7.5 -195.01
-7.5 -195.828
-7.5 -220.104
-7.5 -200.014
-7.5 -181.272
-7.5 -206.632
-7.5 -225.062
-1.0 -235.48
-1.0 -205.794
-1.0 -194.854
-1.0 -204.82
-1.0 -207.262
-1.0 -214.062
-1.0 -204.456
-1.0 -196.622
-1.0 -229.322
-1.0 -200.252
-1.0 -202.604
-1.0 -191.896
-1.0 -183.372
-1.0 -206.364
-1.0 -195.298
-1.0 -188.726
-1.0 -189.078
-1.0 -214.506
-1.0 -186.85
-1.0 -191.264
-1.0 -201.088
-1.0 -197.648
-1.0 -197.398
-1.0 -187.238
-1.0 -169.634
-1.0 -197.112
-1.0 -207.894
-1.0 -202.95
-1.0 -218.866
-1.0 -207.338
-1.0 -200.654
-1.0 -188.058
-1.0 -188.544
-1.0 -193.32
-1.0 -188.834
-1.0 -201.494
-1.0 -220.34
-1.0 -201.898
-1.0 -203.986
-1.0 -203.086
-1.0 -186.962
-1.0 -180.298
-1.0 -205.654
-1.0 -201.096
-1.0 -207.68
-1.0 -213.396
-1.0 -215.756
-1.0 -192.852
-1.0 -204.052
-1.0 -208.242
-1.0 -191.25
-1.0 -207.842
-1.0 -197.584
-1.0 -200.8
-1.0 -195.184
-1.0 -190.218
-1.0 -187.69
-1.0 -178.778
-1.0 -178.228
-1.0 -202.008
-1.0 -193.362
-1.0 -192.698
-1.0 -206.554
-1.0 -199.384
-1.0 -195.946
-1.0 -202.228
-1.0 -198.952
-1.0 -181.1
-1.0 -167.196
-1.0 -189.522
-1.0 -210.238
-1.0 -188.244
-1.0 -194.196
-1.0 -206.444
-1.0 -189.71
-1.0 -167.28
-1.0 -186.618
-1.0 -181.76
-1.0 -198.22
-1.0 -205.422
-1.0 -202.728
-1.0 -213.226
-1.0 -195.988
-1.0 -187.452
-1.0 -167.988
-1.0 -209.422
-1.0 -186.478
-1.0 -185.848
-1.0 -182.238
-1.0 -220.262
-1.0 -190.616
-1.0 -199.184
-1.0 -194.76
-1.0 -201.224
-1.0 -210.156
-1.0 -198.172
-1.0 -201.608
-1.0 -188.394
-1.0 -213.398
-1.0 -186.714
-1.0 -199.242
-1.0 -203.278
-1.0 -171.586
-1.0 -178.362
-1.0 -216.956
-1.0 -208.666
-1.0 -182.096
-1.0 -207.07
-1.0 -197.488
-1.0 -216.332
-1.0 -181.114
-1.0 -183.946
-1.0 -205.298
-1.0 -202.306
-1.0 -190.696
-1.0 -190.608
-1.0 -200.704
-1.0 -216.102
-1.0 -199.134
-1.0 -176.54
-1.0 -170.866
-1.0 -199.582
-1.0 -191.744
-1.0 -183.162
-1.0 -190.374
-1.0 -184.792
-1.0 -187.544
-1.0 -189.302
-1.0 -180.776
-1.0 -183.064
-1.0 -227.118
-1.0 -204.708
-1.0 -184.938
-1.0 -219.114
-1.0 -215.152
-1.0 -216.1
-1.0 -205.114
-1.0 -180.216
-1.0 -198.966
-1.0 -188.68
-1.0 -191.466
-1.0 -182.194
-1.0 -184.394
-1.0 -222.406
-1.0 -200.504
-1.0 -185.282
-1.0 -195.366
-1.0 -208.534
-1.0 -205.312
-1.0 -195.296
-1.0 -190.278
-1.0 -187.568
-1.0 -204.01
-1.0 -199.556
-1.0 -194.796
-1.0 -184.008
-1.0 -196.556
-1.0 -196.632
-1.0 -200.122
-1.0 -217.408
-1.0 -203.98
-1.0 -187.446
1.5 -178.994
1.5 -186.08
1.5 -191.366
1.5 -177.074
1.5 -198.94
1.5 -207.052
1.5 -198.794
1.5 -195.83
1.5 -194.062
1.5 -184.48
1.5 -192.902
1.5 -198.334
1.5 -184.95
1.5 -189.78
1.5 -208.03
1.5 -202.608
1.5 -206.724
1.5 -182.642
1.5 -183.468
1.5 -196.57
1.5 -210.554
1.5 -189.484
1.5 -183.91
1.5 -221.258
1.5 -202.814
1.5 -205.494
1.5 -198.136
1.5 -180.0
1.5 -201.58
1.5 -167.68
1.5 -201.406
1.5 -208.056
1.5 -194.56
1.5 -209.318
1.5 -196.452
1.5 -194.346
1.5 -195.392
1.5 -193.992
1.5 -190.6
1.5 -204.822
1.5 -192.262
1.5 -205.934
1.5 -217.33
1.5 -195.554
1.5 -207.178
1.5 -210.402
1.5 -201.376
1.5 -195.994
1.5 -192.778
1.5 -193.072
1.5 -194.716
1.5 -196.414
1.5 -184.842
1.5 -183.84
1.5 -197.298
1.5 -192.282
1.5 -193.936
1.5 -182.878
1.5 -239.332
1.5 -191.878
1.5 -201.864
1.5 -192.54
1.5 -217.746
1.5 -178.346
1.5 -185.226
1.5 -195.6
1.5 -179.558
1.5 -203.394
1.5 -206.148
1.5 -217.714
1.5 -206.584
1.5 -169.97
1.5 -213.84
9.5 -192.32
9.5 -196.108
9.5 -182.236
9.5 -202.67
9.5 -218.344
9.5 -179.79
9.5 -188.44
9.5 -192.562
9.5 -214.77
9.5 -168.618
9.5 -215.202
9.5 -189.144
9.5 -198.232
9.5 -185.384
9.5 -208.154
9.5 -192.366
9.5 -194.846
9.5 -178.878
9.5 -195.17
9.5 -203.662
9.5 -201.04
9.5 -190.028
9.5 -208.998
9.5 -211.712
9.5 -199.218
9.5 -200.846
9.5 -172.24
9.5 -236.09
9.5 -222.976
9.5 -192.632
9.5 -228.03
9.5 -188.716
9.5 -212.798
9.5 -183.884
9.5 -226.288
9.5 -223.838
9.5 -199.192
9.5 -171.068
9.5 -206.712
9.5 -203.244
9.5 -194.534
9.5 -206.3
9.5 -225.174
9.5 -207.686
9.5 -209.072
9.5 -195.458
9.5 -176.016
9.5 -186.438
9.5 -200.968
9.5 -209.0
9.5 -198.368
9.5 -201.71
9.5 -217.414
9.5 -201.158
9.5 -206.662
9.5 -201.816
9.5 -194.768
9.5 -183.734
9.5 -184.944
9.5 -186.798
9.5 -210.336
9.5 -201.534
9.5 -187.42
9.5 -206.002
9.5 -183.824
9.5 -206.136
9.5 -191.978
9.5 -202.54
9.5 -180.572
9.5 -197.514
9.5 -180.826
9.5 -156.942
9.5 -178.988
9.5 -216.556
9.5 -214.238
9.5 -217.642
9.5 -195.706
9.5 -214.352
9.5 -199.456
9.5 -212.646
9.5 -192.658
9.5 -232.3
9.5 -190.712
9.5 -195.148
9.5 -182.45
9.5 -173.354
9.5 -176.544
9.5 -202.544
9.5 -195.864
9.5 -171.424
9.5 -232.486
9.5 -227.984
9.5 -194.068
9.5 -209.044
9.5 -206.84
9.5 -193.436
9.5 -202.486
9.5 -189.85
9.5 -194.424
9.5 -186.336
9.5 -196.924
9.5 -178.572
9.5 -196.76
9.5 -194.928
9.5 -187.026
9.5 -207.692
9.5 -188.412
9.5 -219.042
9.5 -204.19
9.5 -187.798
9.5 -189.662
9.5 -203.18
9.5 -197.298
9.5 -208.054
9.5 -195.474
9.5 -200.542
9.5 -208.804
9.5 -198.232
9.5 -185.722
9.5 -196.468
9.5 -201.502
9.5 -199.0
9.5 -183.352
9.5 -192.544
9.5 -203.716
9.5 -208.868
9.5 -171.93
9.5 -204.116
9.5 -187.434
9.5 -189.824
9.5 -189.444
500
-62.5 -233.976
-17.5 -192.846
-17.0 -196.88
-17.0 -206.388
-17.0 -202.35
-17.0 -206.338
-17.0 -189.926
-17.0 -180.966
-17.0 -181.49
-17.0 -203.07
-17.0 -209.354
-17.0 -201.0
-17.0 -203.646
-17.0 -200.238
-17.0 -190.044
-16.0 -211.136
-16.0 -200.866
-16.0 -181.478
-16.0 -185.518
-16.0 -210.984
-13.5 -196.83
-13.5 -193.472
-13.5 -185.83
-13.5 -203.234
-13.5 -188.852
-13.5 -194.22
-13.5 -190.65
-13.5 -202.676
-13.5 -194.026
-13.5 -186.362
-13.5 -209.922
-13.5 -201.152
-13.5 -201.76
-13.5 -205.114
-13.5 -185.508
-13.5 -188.81
-13.5 -194.828
-13.5 -186.202
-13.5 -201.318
-13.5 -201.94
-13.5 -194.626
-13.5 -192.696
-13.5 -201.306
-13.5 -169.696
-13.5 -165.418
-13.5 -221.082
-13.5 -167.31
-13.5 -221.656
-13.5 -213.742
-11.5 -185.302
-11.5 -186.544
-11.5 -184.672
-11.5 -201.882
-11.5 -197.068
-11.5 -185.678
-11.5 -193.084
-11.5 -187.176
-11.5 -170.23
-11.5 -205.25
-11.5 -195.006
-11.5 -223.658
-11.5 -204.758
-11.5 -186.64
-11.5 -187.002
-11.5 -206.91
-11.5 -190.95
-11.5 -220.138
-11.5 -203.87
-9.0 -188.838
-9.0 -180.47
-9.0 -202.144
-9.0 -187.766
-9.0 -206.504
-9.0 -184.152
-9.0 -199.14
-9.0 -204.928
-9.0 -189.43
-9.0 -200.066
-9.0 -182.76
-9.0 -207.916
-9.0 -176.386
-9.0 -192.472
-9.0 -188.144
-9.0 -214.592
-9.0 -193.258
-9.0 -196.748
-9.0 -190.096
-9.0 -192.548
-9.0 -180.07
-9.0 -197.48
-9.0 -206.208
-9.0 -183.332
-9.0 -208.24
-9.0 -195.34
-9.0 -199.378
-9.0 -199.046
-9.0 -189.414
-9.0 -188.536
-9.0 -192.084
-9.0 -198.484
-9.0 -195.444
-9.0 -184.494
-9.0 -179.016
-9.0 -179.34
-9.0 -195.262
-9.0 -207.266
-9.0 -194.198
-9.0 -193.02
-9.0 -202.486
-9.0 -218.866
-9.0 -204.002
-9.0 -174.33
-9.0 -199.158
-9.0 -200.812
-9.0 -198.606
-9.0 -182.484
-9.0 -184.896
-9.0 -212.966
-9.0 -195.64
-9.0 -204.654
-9.0 -201.354
-9.0 -200.056
-9.0 -216.508
-9.0 -206.528
-9.0 -191.652
-9.0 -194.25
-9.0 -209.082
-3.5 -176.29
-3.5 -166.226
-3.5 -216.464
-3.5 -187.23
-3.5 -213.494
-3.5 -198.996
-3.5 -210.432
-3.5 -199.298
-3.5 -198.374
-3.5 -196.072
-3.5 -186.3
-3.5 -230.6
-3.5 -198.786
-3.5 -203.978
-3.5 -195.786
-3.5 -206.426
-3.5 -197.304
-3.5 -186.696
-3.5 -209.756
-3.5 -176.134
-3.5 -185.128
-3.5 -178.084
-3.5 -179.802
-3.5 -191.842
-3.5 -231.85
-3.5 -191.748
-3.5 -186.514
-3.5 -224.938
-3.5 -190.22
-3.5 -189.524
-3.5 -226.118
-3.5 -194.454
-3.5 -210.446
-3.5 -213.334
-3.5 -189.79
-3.5 -196.884
-3.5 -190.8
-3.5 -189.646
-3.5 -176.432
-3.5 -180.664
-3.5 -193.326
-3.5 -205.81
-3.5 -194.818
-3.5 -208.45
-3.5 -178.298
-3.5 -189.474
-3.5 -223.35
-3.5 -185.074
-3.5 -201.314
-3.5 -200.168
-3.5 -188.052
-3.5 -208.306
-3.5 -181.892
-3.5 -202.64
-3.5 -208.19
-3.5 -192.056
-3.5 -184.908
-3.5 -206.454
-3.5 -199.638
-3.5 -218.126
-3.5 -188.982
-3.5 -182.162
-3.5 -216.422
-3.5 -185.57
-3.5 -174.618
-3.5 -190.376
-3.5 -193.804
-3.5 -198.828
-3.5 -178.098
-3.5 -194.968
-3.5 -199.248
-3.5 -192.36
-3.5 -216.31
-3.5 -203.108
-3.5 -222.42
-3.5 -224.014
-3.5 -213.988
-3.5 -184.228
-3.5 -190.558
-3.5 -200.26
-3.5 -198.472
-3.5 -208.114
-3.5 -211.216
-3.5 -198.208
-3.5 -214.328
-3.5 -200.254
-3.5 -201.918
-3.5 -208.024
-3.5 -183.792
-2.0 -203.656
-2.0 -179.702
-2.0 -198.414
-2.0 -190.462
-2.0 -189.452
-2.0 -193.448
-2.0 -215.81
-2.0 -199.062
-2.0 -180.668
-2.0 -190.514
-2.0 -193.33
-2.0 -213.752
-2.0 -197.702
-2.0 -189.666
-2.0 -200.466
-2.0 -198.846
-2.0 -195.446
-2.0 -193.23
-2.0 -193.962
-2.0 -207.83
-2.0 -210.312
-2.0 -220.834
-2.0 -196.3
-2.0 -205.448
-2.0 -200.616
-2.0 -210.846
-2.0 -207.728
-2.0 -204.022
-2.0 -209.79
-2.0 -193.61
-2.0 -198.776
-2.0 -208.91
-2.0 -171.018
-2.0 -205.142
-2.0 -205.268
-2.0 -214.6
-2.0 -198.968
-2.0 -192.102
-2.0 -180.53
-2.0 -173.074
-2.0 -171.848
-2.0 -185.44
-2.0 -192.938
-2.0 -199.322
-2.0 -199.432
-2.0 -193.812
-2.0 -213.032
-2.0 -205.524
-2.0 -198.142
-2.0 -201.916
-2.0 -214.944
-2.0 -170.956
-2.0 -201.104
-2.0 -203.508
-2.0 -195.636
-2.0 -200.534
-2.0 -184.864
-2.0 -204.606
-2.0 -187.636
-2.0 -177.38
-2.0 -192.424
-2.0 -208.876
-2.0 -194.5
-2.0 -191.128
-2.0 -199.166
-2.0 -204.294
-2.0 -220.532
-2.0 -206.42
-2.0 -215.336
-2.0 -193.834
-2.0 -177.102
-2.0 -188.128
-2.0 -212.794
-2.0 -209.246
-2.0 -204.02
-2.0 -194.012
-2.0 -189.358
-2.0 -201.572
-2.0 -198.834
-2.0 -200.628
-2.0 -199.214
-2.0 -226.094
-2.0 -206.408
-2.0 -192.932
-2.0 -209.35
-2.0 -193.948
-2.0 -206.104
-2.0 -199.67
-2.0 -185.518
-2.0 -210.132
-2.0 -174.11
-2.0 -249.282
-2.0 -183.654
-2.0 -190.706
-2.0 -184.488
-2.0 -188.228
-2.0 -205.05
-2.0 -195.176
0.5 -201.982
0.5 -198.738
0.5 -201.836
0.5 -191.964
0.5 -203.258
0.5 -189.602
0.5 -203.602
0.5 -196.814
0.5 -218.35
0.5 -194.368
0.5 -182.018
0.5 -184.846
0.5 -183.742
0.5 -202.546
0.5 -202.846
0.5 -213.562
0.5 -202.688
0.5 -203.678
0.5 -203.474
0.5 -206.108
0.5 -197.296
0.5 -201.602
0.5 -188.996
3.0 -193.124
3.0 -202.472
3.0 -172.244
3.0 -167.302
3.0 -192.342
3.0 -185.024
3.0 -203.41
3.0 -191.244
3.0 -176.628
3.0 -190.67
3.0 -198.816
3.0 -197.186
3.0 -190.468
3.0 -193.27
3.0 -192.318
3.0 -189.602
3.0 -193.09
3.0 -203.51
3.0 -172.502
3.0 -194.546
3.0 -201.97
3.0 -197.052
3.0 -217.478
3.0 -188.672
3.0 -189.578
3.0 -212.258
3.0 -197.514
3.0 -247.798
3.0 -190.018
3.0 -169.564
3.0 -178.362
3.0 -256.978
3.0 -213.514
3.0 -191.914
3.0 -189.45
3.0 -202.182
3.0 -201.88
3.0 -190.782
3.0 -197.322
3.0 -193.632
3.0 -179.28
3.0 -202.808
3.0 -190.888
3.0 -203.148
3.0 -214.348
3.0 -196.558
3.0 -211.252
3.0 -190.362
3.0 -208.61
3.0 -206.742
3.0 -187.542
3.0 -194.188
7.5 -187.07
7.5 -183.53
7.5 -181.526
7.5 -226.336
7.5 -220.626
7.5 -224.574
7.5 -203.63
7.5 -207.12
7.5 -201.39
7.5 -196.652
7.5 -205.232
7.5 -203.494
7.5 -187.124
7.5 -198.52
7.5 -186.294
7.5 -207.694
7.5 -202.474
7.5 -201.47
7.5 -197.702
7.5 -180.738
7.5 -177.134
7.5 -193.508
7.5 -215.238
7.5 -194.622
7.5 -204.504
7.5 -214.114
7.5 -204.946
7.5 -192.888
7.5 -221.52
7.5 -193.366
7.5 -183.976
7.5 -202.832
7.5 -195.474
7.5 -200.636
7.5 -178.908
7.5 -204.334
7.5 -197.97
7.5 -180.668
7.5 -175.742
7.5 -182.396
7.5 -177.448
7.5 -183.792
7.5 -193.138
7.5 -190.698
7.5 -179.682
7.5 -181.81
7.5 -194.218
7.5 -188.902
7.5 -193.562
7.5 -191.52
7.5 -194.972
7.5 -210.452
7.5 -190.52
7.5 -192.542
7.5 -202.764
7.5 -221.902
7.5 -201.276
7.5 -183.562
7.5 -197.998
7.5 -203.64
7.5 -186.806
7.5 -202.44
7.5 -215.682
7.5 -200.758
7.5 -197.08
7.5 -192.708
7.5 -196.968
7.5 -174.7
7.5 -170.21
7.5 -183.462
7.5 -196.796
7.5 -222.332
7.5 -213.814
7.5 -208.262
7.5 -193.092
7.5 -195.04
7.5 -182.438
7.5 -190.398
7.5 -187.108
7.5 -189.546
7.5 -196.412
7.5 -189.63
7.5 -191.328
7.5 -192.99
7.5 -195.124
7.5 -201.564
7.5 -191.19
7.5 -195.908
7.5 -184.082
7.5 -191.03
7.5 -184.508
7.5 -185.566
7.5 -185.686
7.5 -206.404
7.5 -189.592
7.5 -204.184
7.5 -195.028
7.5 -207.944
7.5 -189.958
7.5 -205.946
7.5 -224.594
7.5 -215.184
7.5 -207.818
7.5 -189.222
7.5 -181.93
7.5 -193.694
7.5 -199.22
7.5 -198.682
7.5 -191.044
7.5 -215.846
7.5 -178.608
500
-39.0 -232.722
-37.0 -198.14
-37.0 -191.936
-33.5 -190.902
-33.5 -186.272
3.0 -215.972
3.0 -203.006
3.0 -198.22
3.0 -225.452
3.0 -186.126
3.0 -210.52
3.0 -186.716
3.0 -202.34
3.0 -203.678
3.0 -198.162
3.0 -197.048
3.0 -195.336
3.0 -199.81
3.0 -199.408
3.0 -184.908
3.0 -213.752
3.0 -227.668
3.0 -176.66
3.0 -199.212
3.0 -205.432
3.0 -189.124
3.0 -184.248
3.0 -191.34
3.0 -222.52
3.0 -194.134
3.0 -187.25
3.0 -191.978
3.0 -203.35
3.0 -206.53
3.0 -208.762
3.0 -198.144
3.0 -198.638
3.0 -195.902
3.0 -192.044
3.0 -204.466
3.0 -191.732
3.0 -177.938
3.0 -195.282
3.0 -194.622
3.0 -180.158
3.0 -230.758
3.0 -196.186
3.0 -201.238
3.0 -196.842
3.0 -217.532
3.0 -208.872
3.0 -213.726
3.0 -183.994
3.0 -192.35
3.0 -198.698
3.0 -186.84
3.0 -183.854
3.0 -189.05
3.0 -175.288
3.0 -198.784
3.0 -204.02
3.0 -196.866
3.0 -205.87
3.0 -199.512
3.0 -193.164
3.0 -202.228
3.0 -199.65
3.0 -194.41
3.0 -190.048
3.0 -195.34
3.0 -195.528
3.0 -214.466
3.0 -202.802
3.0 -201.244
3.0 -206.826
3.0 -198.164
3.0 -211.0
3.0 -204.47
3.0 -201.298
3.0 -197.882
3.0 -187.194
3.0 -177.902
3.0 -200.468
3.0 -209.266
3.0 -200.614
3.0 -203.782
3.0 -203.12
3.0 -196.118
3.0 -195.402
3.0 -187.86
3.0 -178.582
3.0 -199.286
3.0 -206.216
3.0 -196.416
3.0 -210.248
3.0 -189.336
3.0 -181.756
3.0 -202.348
3.0 -207.398
3.0 -196.398
3.0 -205.986
3.0 -210.15
3.0 -184.48
3.0 -173.744
3.0 -185.422
3.0 -192.94
3.0 -217.356
3.0 -180.284
3.0 -194.032
3.0 -183.144
3.0 -200.936
3.0 -201.43
3.0 -190.56
3.0 -190.49
3.0 -184.848
3.0 -194.928
3.0 -196.676
3.0 -189.48
3.0 -181.888
3.0 -202.866
3.0 -191.504
3.0 -190.48
3.0 -208.844
3.0 -194.844
3.0 -194.988
3.0 -195.406
3.0 -204.85
3.0 -188.014
3.0 -194.972
3.0 -207.292
3.0 -197.974
3.0 -205.002
3.0 -210.568
3.0 -192.63
3.0 -188.618
3.0 -181.322
3.0 -190.13
3.0 -201.822
3.0 -202.498
3.0 -176.688
3.0 -189.936
3.0 -202.182
3.0 -203.34
3.0 -191.456
3.0 -197.038
3.0 -219.396
3.0 -182.434
3.0 -207.354
3.0 -192.338
3.0 -188.924
3.0 -182.436
3.0 -206.67
3.0 -204.53
4.0 -216.69
4.0 -211.078
4.0 -192.572
4.0 -188.226
4.0 -204.2
4.0 -212.954
4.0 -208.842
10.0 -186.72
10.0 -217.698
10.0 -189.936
10.0 -188.34
10.0 -190.318
10.0 -191.682
10.0 -197.306
10.0 -191.99
10.0 -196.59
10.0 -215.272
10.0 -179.546
10.0 -221.8
10.0 -169.43
10.0 -184.008
10.0 -198.362
10.0 -204.3
10.0 -181.664
10.0 -225.118
10.0 -191.858
10.0 -187.486
10.0 -199.628
10.0 -198.37
10.0 -210.378
10.0 -186.964
10.0 -186.736
10.0 -214.526
10.0 -191.868
10.0 -210.128
10.0 -192.496
10.0 -198.61
10.0 -192.07
10.0 -188.728
10.0 -193.122
10.0 -212.36
10.0 -211.804
10.0 -191.352
10.0 -196.73
10.0 -210.238
10.0 -209.08
10.0 -205.596
10.0 -179.202
10.0 -233.038
10.0 -198.046
10.0 -191.94
10.0 -204.144
10.0 -199.18
10.0 -183.626
10.0 -183.818
10.0 -212.838
10.0 -194.696
10.0 -201.666
10.0 -202.148
10.0 -193.914
10.0 -192.36
10.0 -190.316
10.0 -206.602
10.0 -200.848
10.0 -203.682
10.0 -208.422
10.0 -205.936
10.0 -197.804
10.0 -218.92
10.0 -218.65
10.0 -178.752
10.0 -194.77
10.0 -208.28
10.0 -206.354
10.0 -224.098
10.0 -205.338
10.0 -190.81
10.0 -178.892
10.0 -201.066
10.0 -204.716
10.0 -199.76
10.0 -192.068
10.0 -196.828
10.0 -205.562
10.0 -194.89
10.0 -192.318
10.0 -230.05
10.0 -209.186
10.0 -201.836
10.0 -200.206
10.0 -211.898
10.0 -196.214
10.0 -168.874
10.0 -193.816
10.0 -199.416
10.0 -198.958
10.0 -192.236
10.0 -180.508
10.0 -208.16
10.0 -193.328
10.0 -192.722
10.0 -201.532
10.0 -217.502
10.0 -192.814
10.0 -175.692
10.0 -191.09
10.0 -184.242
10.0 -189.724
10.0 -189.56
10.0 -190.098
10.0 -204.8
10.0 -182.576
10.0 -204.344
10.0 -187.718
10.0 -177.014
10.0 -180.614
10.0 -188.42
10.0 -200.544
10.0 -202.682
10.0 -180.848
10.0 -216.158
10.0 -187.278
10.0 -179.13
10.0 -199.472
10.0 -189.452
10.0 -204.186
10.0 -210.98
10.0 -197.802
10.0 -190.48
10.0 -204.24
10.0 -195.16
10.0 -210.356
10.0 -214.16
10.0 -194.636
10.0 -191.434
10.0 -201.142
10.0 -219.23
10.0 -217.07
10.0 -187.338
10.0 -164.402
10.0 -200.844
10.0 -192.704
10.0 -187.896
10.0 -201.436
10.0 -178.466
13.0 -205.922
13.0 -196.782
13.0 -206.016
13.0 -199.478
13.0 -180.632
13.0 -179.128
13.0 -192.126
13.0 -182.772
13.0 -197.322
13.0 -197.05
13.0 -205.506
13.0 -195.72
13.0 -196.876
13.0 -188.566
13.0 -199.62
13.0 -185.128
13.0 -192.438
13.0 -200.168
13.0 -190.548
13.0 -180.956
13.0 -186.096
13.0 -168.9
13.0 -192.736
13.0 -192.876
13.0 -191.856
13.0 -164.386
13.0 -191.584
13.0 -191.28
13.0 -213.374
13.0 -202.176
13.0 -206.448
13.0 -195.146
13.0 -201.68
13.0 -188.36
13.0 -201.038
13.0 -210.144
13.0 -203.776
13.0 -172.192
13.0 -207.836
13.0 -173.478
13.0 -179.13
13.0 -209.408
13.0 -176.53
13.0 -190.188
13.0 -197.3
13.0 -204.444
13.0 -206.404
13.0 -197.046
13.0 -211.296
13.0 -190.36
13.0 -187.086
13.0 -215.594
13.0 -197.122
13.0 -183.804
13.0 -187.316
13.0 -163.932
13.0 -199.404
13.0 -200.496
13.0 -243.904
13.0 -196.198
13.0 -192.574
13.0 -196.306
13.0 -180.434
13.0 -202.466
13.0 -222.896
13.0 -193.938
13.0 -175.988
13.0 -193.182
13.0 -194.98
13.0 -194.168
13.0 -210.154
13.0 -190.094
13.0 -179.948
13.0 -191.646
13.0 -206.01
13.0 -201.64
13.0 -216.024
13.0 -203.568
13.0 -194.426
13.0 -208.948
13.0 -209.266
13.0 -196.28
13.0 -203.95
13.0 -203.496
13.0 -189.65
13.0 -185.976
13.0 -211.132
13.0 -195.294
13.0 -212.496
13.0 -241.552
13.0 -213.356
13.0 -186.558
13.0 -200.346
13.0 -190.582
13.0 -195.174
13.0 -209.42
13.0 -208.562
13.0 -201.97
13.0 -178.806
13.0 -186.384
13.0 -182.928
13.0 -185.588
13.0 -182.108
13.0 -221.076
13.0 -211.93
13.0 -205.782
13.0 -185.414
13.0 -190.958
13.0 -184.35
13.0 -196.644
13.0 -187.618
13.0 -198.206
13.0 -198.29
13.0 -173.968
13.0 -189.706
13.0 -215.15
13.0 -200.166
13.0 -199.778
13.0 -190.822
13.0 -180.86
13.0 -183.53
13.0 -197.478
13.0 -177.228
13.0 -187.08
13.0 -203.636
13.0 -201.58
13.0 -206.54
13.0 -215.962
13.0 -203.576
13.0 -195.548
13.0 -218.34
13.0 -204.412
13.0 -206.162
13.0 -203.31
13.0 -186.794
13.0 -192.778
13.0 -203.124
13.0 -215.688
13.0 -224.78
13.0 -206.832
13.0 -194.068
13.0 -198.526
13.0 -211.252
13.0 -178.552
13.0 -181.006
13.0 -183.244
13.0 -191.212
13.0 -161.29
13.0 -198.068
13.0 -182.678
13.0 -177.202
13.0 -189.788
13.0 -189.886
13.0 -164.492
13.0 -193.694
13.0 -199.19
13.0 -187.324
13.0 -195.52
13.0 -203.966
13.0 -193.594
13.0 -193.878
13.0 -208.876
13.0 -203.776
13.0 -203.752
13.0 -198.402
13.0 -193.98
13.0 -188.896
13.0 -196.602
13.0 -194.5
13.0 -199.29
13.0 -213.27
13.0 -208.498
13.0 -201.138
13.0 -185.872
13.0 -198.964
13.0 -197.538
13.0 -189.078
13.0 -200.742
13.0 -169.254
13.0 -182.158
13.0 -193.004
13.0 -217.118
13.0 -185.814
13.0 -211.382
13.0 -199.92
13.0 -202.242
13.0 -188.602
13.0 -171.732
13.0 -190.14
13.0 -210.01
13.0 -193.962
13.0 -199.656
13.0 -178.45
13.0 -183.55
13.0 -204.96
13.0 -198.262
13.0 -194.574
13.0 -189.964
13.0 -189.106
13.0 -179.038
13.0 -183.996
13.0 -183.456
500
-60.5 -230.704
-56.5 -224.07
-30.5 -204.736
-30.5 -213.912
-23.0 -194.726
-23.0 -184.014
-23.0 -196.336
-23.0 -203.068
-8.0 -189.79
-8.0 -182.338
-8.0 -198.312
-8.0 -195.62
-8.0 -182.902
-8.0 -205.438
-8.0 -194.168
-8.0 -206.012
-8.0 -216.53
-8.0 -205.456
-8.0 -181.588
-8.0 -186.336
-8.0 -197.362
-8.0 -185.212
-8.0 -179.902
-8.0 -221.938
-8.0 -206.356
-8.0 -186.362
-8.0 -210.89
-8.0 -199.874
-8.0 -206.426
-8.0 -206.624
-8.0 -202.222
-8.0 -187.76
-8.0 -182.146
-8.0 -178.666
1.0 -175.76
1.0 -150.114
1.0 -197.07
1.0 -214.278
1.0 -196.352
1.0 -196.57
1.0 -196.538
1.0 -197.694
1.0 -218.214
1.0 -203.81
1.0 -192.002
1.0 -197.542
1.0 -188.836
1.0 -192.952
1.0 -200.898
1.0 -214.818
1.0 -182.082
1.0 -194.058
1.0 -211.232
1.0 -207.392
1.0 -195.078
1.0 -194.36
1.0 -179.914
1.0 -197.056
1.0 -193.844
1.0 -191.304
1.0 -195.31
1.0 -190.974
1.0 -211.892
1.0 -185.536
1.0 -227.894
1.0 -215.156
1.0 -193.886
1.0 -191.898
1.0 -208.726
1.0 -205.844
1.0 -193.864
1.0 -178.958
1.0 -198.132
1.0 -184.846
1.0 -187.84
1.0 -177.35
1.0 -185.22
1.0 -196.016
1.0 -187.14
1.0 -200.618
1.0 -182.328
1.0 -229.856
1.0 -204.224
1.0 -208.14
1.0 -214.82
1.0 -207.17
1.0 -210.104
1.0 -199.326
1.0 -197.586
1.0 -201.37
1.0 -193.498
1.0 -196.954
1.0 -210.842
5.5 -205.506
5.5 -202.956
5.5 -190.274
5.5 -206.844
5.5 -203.536
5.5 -203.22
5.5 -193.754
5.5 -209.372
5.5 -173.254
5.5 -196.342
5.5 -191.77
5.5 -194.74
5.5 -204.976
5.5 -202.768
5.5 -212.944
5.5 -185.144
5.5 -210.868
5.5 -198.302
5.5 -192.494
5.5 -190.488
5.5 -190.132
5.5 -172.094
5.5 -215.132
5.5 -203.436
5.5 -219.236
5.5 -202.144
5.5 -186.528
5.5 -218.896
5.5 -205.548
5.5 -173.648
5.5 -224.586
5.5 -187.69
5.5 -200.588
5.5 -192.636
5.5 -201.954
5.5 -198.658
5.5 -197.248
5.5 -187.824
5.5 -172.086
5.5 -190.496
5.5 -208.678
5.5 -188.122
5.5 -203.718
5.5 -187.83
5.5 -182.336
5.5 -211.114
5.5 -195.174
5.5 -214.272
5.5 -179.286
5.5 -185.57
5.5 -184.97
5.5 -223.726
5.5 -208.18
5.5 -202.138
5.5 -212.262
5.5 -178.302
5.5 -172.542
5.5 -170.582
5.5 -214.15
5.5 -198.418
5.5 -188.882
5.5 -195.508
5.5 -195.544
5.5 -194.15
5.5 -169.508
5.5 -170.312
5.5 -168.784
5.5 -177.498
5.5 -181.024
5.5 -188.752
5.5 -189.202
5.5 -194.21
5.5 -189.218
5.5 -222.012
5.5 -205.332
5.5 -189.728
5.5 -199.25
5.5 -197.554
5.5 -208.97
5.5 -204.052
5.5 -195.726
5.5 -198.1
5.5 -184.81
5.5 -191.176
5.5 -204.28
5.5 -189.08
5.5 -198.26
5.5 -212.506
5.5 -197.638
5.5 -184.526
5.5 -203.248
5.5 -193.506
5.5 -189.186
5.5 -193.984
5.5 -195.406
5.5 -199.438
5.5 -185.246
5.5 -204.772
5.5 -206.312
5.5 -197.648
5.5 -194.79
5.5 -197.164
5.5 -185.102
5.5 -181.454
5.5 -198.66
5.5 -188.112
5.5 -188.592
5.5 -193.12
5.5 -206.996
5.5 -197.126
5.5 -197.218
5.5 -157.156
5.5 -175.992
5.5 -197.888
5.5 -174.116
5.5 -198.774
5.5 -214.674
5.5 -206.982
5.5 -188.42
5.5 -194.27
5.5 -191.104
5.5 -186.502
5.5 -215.888
5.5 -214.34
5.5 -179.406
5.5 -205.182
5.5 -204.794
5.5 -214.224
5.5 -182.88
5.5 -172.39
5.5 -183.248
5.5 -189.684
5.5 -190.86
5.5 -185.416
5.5 -174.174
5.5 -191.27
5.5 -210.504
5.5 -176.12
5.5 -193.588
5.5 -189.308
5.5 -192.738
5.5 -186.738
5.5 -186.442
5.5 -205.654
5.5 -205.142
5.5 -188.262
5.5 -201.576
5.5 -203.946
5.5 -209.664
5.5 -217.478
5.5 -189.022
5.5 -207.938
5.5 -202.724
5.5 -218.97
5.5 -214.958
5.5 -202.76
5.5 -186.822
5.5 -206.122
5.5 -191.164
5.5 -180.058
5.5 -199.894
5.5 -196.678
8.5 -208.49
8.5 -194.062
8.5 -177.364
8.5 -192.618
8.5 -195.838
8.5 -167.724
8.5 -193.212
8.5 -201.962
8.5 -196.872
8.5 -205.94
8.5 -199.256
8.5 -197.396
8.5 -201.048
8.5 -209.102
8.5 -199.544
8.5 -199.404
8.5 -216.458
8.5 -187.586
8.5 -185.9
8.5 -191.442
8.5 -187.05
8.5 -193.222
8.5 -184.774
8.5 -191.776
8.5 -191.204
8.5 -185.194
8.5 -192.626
8.5 -213.614
8.5 -194.296
8.5 -195.1
8.5 -170.48
8.5 -185.992
8.5 -188.966
8.5 -200.082
8.5 -178.94
11.0 -184.436
11.0 -198.524
11.0 -200.77
11.0 -207.744
11.0 -204.776
11.0 -191.226
11.0 -210.184
11.0 -185.692
11.0 -189.692
11.0 -201.62
11.0 -200.744
11.0 -192.912
11.0 -191.276
11.0 -202.018
11.0 -197.974
11.0 -186.626
11.0 -199.754
11.0 -191.602
11.0 -179.256
11.0 -202.728
11.0 -190.5
11.0 -209.806
11.0 -205.15
11.0 -178.006
11.0 -176.618
11.0 -205.132
11.0 -192.206
11.0 -177.1
11.0 -210.492
11.0 -193.864
11.0 -204.598
11.0 -185.102
11.0 -187.218
11.0 -193.832
11.0 -206.57
11.0 -185.036
11.0 -229.446
11.0 -188.868
11.0 -210.844
11.0 -177.852
11.0 -211.968
11.0 -190.102
11.0 -207.706
11.0 -193.76
11.0 -178.076
11.0 -181.7
11.0 -199.012
11.0 -212.322
11.0 -174.052
11.0 -189.602
11.0 -194.612
11.0 -208.744
11.0 -205.604
11.0 -200.616
11.0 -193.584
11.0 -190.796
11.0 -203.468
11.0 -183.874
11.0 -204.876
11.0 -193.29
11.0 -204.268
11.0 -180.704
11.0 -192.28
11.0 -200.54
11.0 -186.706
11.0 -209.294
11.0 -207.06
11.0 -185.542
11.0 -190.998
11.0 -193.72
11.0 -188.986
11.0 -186.846
11.0 -196.238
11.0 -180.778
11.0 -183.746
11.0 -195.31
11.0 -178.296
11.0 -177.126
11.0 -180.494
11.0 -205.622
11.0 -190.868
11.0 -171.024
11.0 -179.71
11.0 -177.108
11.0 -210.562
11.0 -194.904
11.0 -208.896
11.0 -188.956
11.0 -195.158
11.0 -185.624
11.0 -180.596
11.0 -191.472
11.0 -195.674
11.0 -184.05
11.0 -194.384
11.0 -179.446
11.0 -173.158
11.0 -184.706
11.0 -190.92
11.0 -200.382
11.0 -191.192
11.0 -213.13
11.0 -199.646
11.0 -181.672
11.0 -214.63
11.0 -185.972
11.0 -160.73
11.0 -187.312
11.0 -191.206
11.0 -197.018
11.0 -194.354
11.0 -204.91
11.0 -188.96
11.0 -194.958
11.0 -186.916
11.0 -205.36
11.0 -193.924
11.0 -230.548
11.0 -203.572
11.0 -181.75
11.0 -234.538
11.0 -192.608
11.0 -183.476
11.0 -184.584
11.0 -177.664
11.0 -195.898
11.0 -195.382
11.0 -220.588
11.0 -205.18
11.0 -214.172
11.0 -237.782
11.0 -187.156
11.0 -200.008
11.0 -204.104
11.0 -194.266
11.0 -183.41
11.0 -184.378
11.5 -194.408
11.5 -198.712
11.5 -191.522
11.5 -194.386
11.5 -214.158
11.5 -208.194
11.5 -191.096
11.5 -205.82
11.5 -176.816
11.5 -176.678
11.5 -188.25
11.5 -209.418
11.5 -199.384
11.5 -215.526
11.5 -199.424
11.5 -207.092
11.5 -176.494
11.5 -203.864
11.5 -199.182
11.5 -199.402
11.5 -213.63
11.5 -204.252
11.5 -191.846
11.5 -193.026
11.5 -190.526
11.5 -191.504
11.5 -200.238
11.5 -210.152
11.5 -205.664
11.5 -186.802
11.5 -183.538
11.5 -183.148
11.5 -180.52
11.5 -197.546
11.5 -207.566
11.5 -196.408
11.5 -210.646
11.5 -205.972
11.5 -197.864
11.5 -192.964
11.5 -191.36
11.5 -198.276
11.5 -191.418
11.5 -179.166
11.5 -225.354
11.5 -200.44
11.5 -187.816
11.5 -216.588
11.5 -193.114
11.5 -184.484
11.5 -177.816
11.5 -180.462
11.5 -177.452
11.5 -179.33
11.5 -189.756
11.5 -189.014
11.5 -202.45
11.5 -178.076
11.5 -205.226
11.5 -219.542
11.5 -211.204
11.5 -192.822
11.5 -180.566
11.5 -203.992
11.5 -176.126
11.5 -191.53
11.5 -188.99
11.5 -179.834
11.5 -193.44
11.5 -193.796
11.5 -203.602
11.5 -190.204
11.5 -185.338

Individual: [1, 2, 5, 6, 9, 11, 12, 16, 19, 31, 35, 48, 49, 51, 54, 59, 60, 62, 70, 73, 80, 84, 88, 96, 97, 99, 100]
   Fitness: 4.5
     Total: 27
Violations: 36 19

Individual: [1, 4, 5, 6, 14, 16, 17, 24, 25, 27, 38, 41, 48, 57, 60, 64, 69, 72, 73, 75, 78, 82, 83, 87, 88, 89, 93, 98]
   Fitness: 3.0
     Total: 28
Violations: 39 19

Individual: [1, 6, 13, 15, 16, 21, 23, 26, 34, 37, 38, 43, 44, 47, 57, 65, 69, 71, 78, 79, 85, 86, 88, 90, 92, 95, 96, 100]
   Fitness: 12.0
     Total: 28
Violations: 30 18

Individual: [2, 8, 9, 10, 15, 22, 30, 33, 36, 43, 44, 45, 47, 52, 60, 69, 75, 76, 77, 78, 80, 81, 92, 93, 96, 97, 100]
   Fitness: 2.5
     Total: 27
Violations: 38 19

Individual: [1, 2, 3, 6, 14, 17, 18, 23, 24, 29, 32, 33, 35, 44, 48, 49, 56, 66, 71, 78, 81, 83, 84, 87, 88, 89, 93, 95]
   Fitness: 0.0
     Total: 28
Violations: 42 20

Individual: [1, 2, 7, 11, 13, 16, 18, 19, 22, 24, 29, 34, 41, 48, 52, 61, 71, 75, 82, 88, 90, 91, 95, 97, 98, 99]
   Fitness: 10.0
     Total: 26
Violations: 29 18

Individual: [6, 8, 10, 11, 13, 15, 19, 22, 25, 29, 32, 39, 42, 60, 66, 70, 73, 75, 78, 82, 83, 87, 91, 94, 95, 99, 100]
   Fitness: 9.5
     Total: 27
Violations: 31 18

Individual: [3, 4, 6, 7, 15, 17, 35, 36, 37, 39, 43, 46, 52, 53, 55, 56, 70, 71, 72, 81, 91, 96, 98, 99, 100]
   Fitness: 7.5
     Total: 25
Violations: 30 14

Individual: [4, 6, 13, 17, 21, 23, 37, 38, 48, 54, 57, 65, 76, 78, 80, 83, 87, 89, 91, 93]
   Fitness: 13.0
     Total: 20
Violations: 17 12

Individual: [1, 2, 3, 7, 8, 9, 12, 18, 21, 34, 37, 49, 55, 60, 63, 64, 69, 72, 76, 77, 78, 82, 87, 90, 93, 94, 96, 97, 100]
   Fitness: 11.5
     Total: 29
Violations: 32 21
