10
500
-58.0 -229.369
-35.5 -129.155
-22.0 -104.115
-16.5 -80.866
-9.5 -51.266
7.5 -36.278
8.0 -28.293
9.5 -19.759
21.0 -10.447
21.0 -4.406
21.0 -2.925
25.0 3.924
25.0 8.623
25.5 11.836
26.5 13.449
27.0 12.712
27.0 13.516
27.5 15.924
30.0 14.586
30.0 17.22
32.5 17.675
33.0 17.977
33.0 19.963
33.0 21.033
33.5 21.463
34.0 22.951
34.0 14.84
35.5 24.453
35.5 25.547
35.5 24.986
35.5 24.602
35.5 24.243
35.5 25.28
35.5 23.95
35.5 24.115
35.5 24.327
35.5 23.414
35.5 26.005
35.5 26.429
35.5 24.775
35.5 25.961
35.5 24.89
35.5 24.486
35.5 24.971
35.5 25.996
35.5 27.595
35.5 25.518
35.5 26.068
35.5 25.949
35.5 26.308
35.5 24.762
35.5 25.751
35.5 23.481
35.5 25.715
35.5 25.916
35.5 25.25
35.5 24.006
35.5 23.709
35.5 27.931
35.5 25.139
35.5 26.811
35.5 24.693
35.5 27.91
35.5 26.394
35.5 25.912
35.5 26.037
35.5 24.55
35.5 24.086
35.5 23.587
35.5 25.429
35.5 25.04
35.5 26.365
35.5 22.448
35.5 27.413
35.5 27.336
35.5 26.457
35.5 27.166
35.5 26.083
35.5 27.082
35.5 27.681
35.5 26.503
35.5 25.441
35.5 26.445
35.5 26.876
35.5 26.573
35.5 27.197
35.5 25.039
35.5 27.684
35.5 26.138
35.5 26.746
35.5 26.127
35.5 26.905
35.5 26.349
35.5 24.346
35.5 25.605
35.5 27.324
36.5 26.92
36.5 19.73
36.5 24.229
36.5 25.236
36.5 25.091
36.5 25.601
36.5 25.061
36.5 25.045
36.5 27.759
36.5 26.356
36.5 26.482
36.5 28.464
36.5 27.931
36.5 26.844
36.5 26.635
36.5 27.521
36.5 26.847
36.5 24.994
36.5 26.367
36.5 26.199
36.5 25.572
36.5 27.531
36.5 25.322
36.5 25.319
36.5 28.005
36.5 26.161
36.5 26.007
36.5 27.799
36.5 26.752
36.5 27.109
36.5 27.311
36.5 28.899
36.5 28.227
36.5 27.797
36.5 26.375
36.5 23.618
36.5 27.022
36.5 26.579
36.5 26.764
36.5 26.03
36.5 27.436
36.5 27.218
36.5 26.85
36.5 28.251
36.5 27.805
36.5 26.831
36.5 27.257
36.5 29.518
36.5 26.749
36.5 25.84
36.5 27.259
36.5 23.639
36.5 27.427
36.5 28.367
36.5 27.519
36.5 28.707
36.5 26.261
36.5 27.812
36.5 28.126
36.5 26.401
36.5 25.829
36.5 26.669
36.5 26.225
36.5 27.586
36.5 26.093
36.5 28.107
36.5 26.548
36.5 27.143
36.5 27.289
36.5 28.256
36.5 27.234
36.5 28.065
36.5 25.462
36.5 25.603
36.5 25.999
36.5 26.764
36.5 26.881
36.5 26.251
36.5 28.007
36.5 27.651
36.5 26.029
36.5 28.258
36.5 25.791
36.5 28.682
36.5 26.91
36.5 27.209
36.5 26.173
36.5 27.934
36.5 26.175
36.5 26.997
36.5 27.701
36.5 27.455
36.5 26.318
36.5 29.305
36.5 28.243
36.5 25.489
36.5 23.66
36.5 26.977
36.5 26.461
36.5 27.341
36.5 26.639
36.5 26.471
36.5 26.759
36.5 27.321
36.5 26.71
36.5 26.243
36.5 26.828
36.5 26.548
36.5 26.44
36.5 25.033
36.5 26.118
36.5 27.126
36.5 26.211
36.5 25.308
36.5 26.95
36.5 24.462
36.5 25.564
36.5 25.878
36.5 26.102
36.5 26.963
36.5 26.442
36.5 27.998
36.5 26.888
36.5 25.848
36.5 27.962
36.5 28.334
36.5 28.192
36.5 26.479
36.5 27.14
36.5 27.223
36.5 27.073
36.5 25.655
36.5 27.231
36.5 28.047
36.5 27.152
36.5 27.415
36.5 26.687
36.5 26.474
36.5 25.773
36.5 25.953
36.5 26.355
36.5 25.877
36.5 26.736
36.5 26.995
36.5 25.997
36.5 27.837
36.5 28.375
36.5 26.885
36.5 28.135
36.5 27.274
36.5 26.999
36.5 27.216
36.5 27.927
36.5 27.585
36.5 26.855
36.5 25.802
36.5 28.794
36.5 25.679
36.5 26.763
36.5 27.247
36.5 28.822
36.5 27.542
36.5 27.621
36.5 27.842
36.5 28.339
36.5 28.16
36.5 28.293
36.5 26.844
36.5 26.722
36.5 26.754
36.5 27.164
36.5 26.582
36.5 24.002
36.5 23.289
36.5 26.235
36.5 25.841
36.5 25.861
36.5 26.283
36.5 27.139
36.5 28.178
36.5 25.284
36.5 26.404
36.5 27.993
36.5 28.036
36.5 27.078
36.5 28.597
36.5 26.647
36.5 26.87
36.5 26.949
36.5 28.038
36.5 24.472
36.5 27.824
36.5 25.689
36.5 26.332
36.5 24.855
36.5 26.947
36.5 26.293
36.5 28.131
36.5 27.078
36.5 26.318
36.5 27.255
36.5 27.609
36.5 27.952
36.5 27.839
36.5 24.712
36.5 27.058
36.5 26.728
36.5 28.478
36.5 26.378
36.5 28.859
36.5 27.244
36.5 26.948
36.5 26.778
36.5 27.582
36.5 27.271
36.5 22.695
36.5 26.991
36.5 24.881
36.5 26.264
36.5 26.518
36.5 27.433
36.5 25.019
36.5 26.703
36.5 25.304
36.5 26.67
36.5 26.64
36.5 26.213
36.5 27.443
36.5 25.995
36.5 28.471
36.5 24.672
36.5 24.711
36.5 27.27
36.5 27.97
36.5 25.565
36.5 25.539
36.5 26.484
36.5 25.286
36.5 23.895
36.5 25.733
36.5 26.448
36.5 27.441
36.5 26.868
36.5 28.825
36.5 25.843
36.5 27.101
36.5 27.31
36.5 25.473
36.5 27.568
36.5 29.011
36.5 27.583
36.5 26.857
36.5 24.501
36.5 26.681
36.5 26.245
36.5 28.056
36.5 28.47
36.5 27.107
36.5 27.902
36.5 25.529
36.5 27.579
36.5 26.373
36.5 27.254
36.5 28.967
36.5 26.614
36.5 27.258
36.5 26.335
36.5 24.859
36.5 27.321
36.5 22.819
36.5 25.698
36.5 26.463
36.5 27.418
36.5 27.597
36.5 27.027
36.5 27.012
36.5 27.143
36.5 26.418
36.5 27.307
36.5 26.79
36.5 27.61
36.5 27.828
36.5 26.239
36.5 25.622
36.5 27.655
36.5 27.577
36.5 25.97
36.5 27.219
36.5 26.844
36.5 26.984
36.5 25.435
36.5 23.812
36.5 27.124
36.5 27.63
36.5 27.195
36.5 24.135
36.5 26.511
36.5 27.82
36.5 25.958
36.5 27.315
36.5 28.02
36.5 24.629
36.5 26.489
36.5 26.386
36.5 27.114
36.5 28.38
36.5 27.932
36.5 26.983
36.5 25.622
36.5 28.773
36.5 26.222
36.5 27.836
36.5 23.897
36.5 25.468
36.5 26.11
36.5 26.301
36.5 26.92
36.5 29.14
36.5 27.821
36.5 26.841
36.5 25.903
36.5 26.117
36.5 26.607
36.5 25.419
36.5 26.97
36.5 28.36
36.5 27.473
36.5 26.254
36.5 28.805
36.5 27.127
36.5 25.776
36.5 27.794
36.5 26.552
36.5 26.904
36.5 28.487
36.5 25.457
36.5 27.824
36.5 26.357
36.5 27.578
36.5 27.601
36.5 28.435
36.5 27.26
36.5 26.81
36.5 26.07
36.5 27.531
36.5 27.073
36.5 27.581
36.5 27.4
36.5 25.723
36.5 28.049
36.5 27.171
36.5 27.624
36.5 27.8
36.5 26.547
36.5 25.171
36.5 27.379
36.5 24.808
36.5 24.161
36.5 27.856
36.5 26.507
36.5 26.574
36.5 27.076
36.5 27.789
36.5 27.62
36.5 27.917
36.5 25.793
36.5 26.937
36.5 26.64
36.5 27.123
36.5 24.34
36.5 26.241
36.5 24.809
36.5 25.082
36.5 22.858
36.5 24.568
36.5 26.707
36.5 27.691
36.5 26.147
36.5 25.662
36.5 25.336
36.5 26.119
36.5 26.971
36.5 25.137
36.5 28.218
36.5 27.618
36.5 28.147
36.5 27.871
36.5 28.0
36.5 27.203
36.5 27.463
36.5 27.494
36.5 28.126
36.5 26.867
36.5 27.653
36.5 27.5
36.5 26.5
36.5 26.736
36.5 26.336
36.5 25.312
36.5 27.728
36.5 26.28
36.5 26.671
36.5 27.26
36.5 26.713
500
-52.5 -226.637
-42.0 -132.142
-26.5 -96.371
-7.5 -71.625
2.0 -50.039
7.5 -34.455
15.5 -21.668
19.5 -15.406
23.0 -0.429
23.0 1.245
24.5 8.137
24.5 11.93
24.5 13.755
26.0 12.651
26.5 14.54
27.5 16.329
27.5 15.435
28.0 19.423
30.0 15.828
30.5 17.664
30.5 19.148
31.0 19.733
31.0 21.366
31.0 22.415
31.5 20.26
31.5 20.103
31.5 19.739
32.0 21.488
32.0 22.923
32.5 22.092
32.5 20.879
32.5 22.748
33.5 22.186
33.5 23.015
33.5 24.416
33.5 23.216
33.5 24.038
33.5 24.458
33.5 23.185
33.5 23.262
34.0 24.713
34.0 25.576
34.0 26.169
34.0 23.993
34.0 25.892
34.0 25.993
34.0 25.489
34.0 26.029
34.0 25.845
34.0 25.761
34.0 25.853
34.0 25.959
34.0 25.227
34.0 23.858
34.0 25.625
34.0 24.401
34.0 25.061
34.0 24.874
34.0 26.206
34.0 25.047
34.0 25.804
34.0 25.156
34.0 25.594
34.0 21.11
34.0 22.663
34.0 24.872
34.0 23.283
34.0 25.126
34.0 23.079
34.0 25.375
34.0 24.231
34.0 23.398
34.0 23.598
34.0 25.803
34.0 24.186
34.0 25.155
34.0 25.662
34.0 25.182
34.0 23.123
34.0 25.293
34.0 25.486
34.0 23.359
34.0 24.705
34.0 24.867
34.0 25.035
34.0 25.985
34.0 24.835
34.0 23.983
34.0 26.286
34.0 25.386
34.0 25.087
34.0 24.314
34.0 22.94
34.0 24.127
34.0 23.715
34.0 24.405
34.0 26.141
34.0 25.143
34.0 25.269
34.0 24.564
34.0 26.006
34.0 26.141
34.0 26.34
34.0 26.466
34.0 23.294
34.0 25.069
34.0 24.621
34.0 25.6
34.0 25.774
34.0 27.033
34.0 26.255
34.0 24.47
34.0 25.225
34.0 24.407
34.0 25.261
34.0 26.841
34.0 25.434
34.0 24.914
34.0 25.068
34.0 25.454
34.0 25.087
34.0 25.196
34.0 24.096
34.0 24.23
34.0 24.435
34.0 23.789
34.0 23.641
34.0 26.224
34.0 25.472
34.0 25.21
34.0 25.403
34.0 24.551
34.0 25.92
34.0 25.313
34.0 25.936
34.0 25.172
34.0 25.771
34.0 26.028
34.0 25.824
34.0 26.698
34.0 25.919
34.0 26.378
34.0 26.103
34.0 24.063
34.0 23.832
34.0 24.417
34.0 24.823
34.0 24.096
34.0 25.482
34.0 23.968
34.0 24.117
34.0 26.149
34.0 24.419
34.0 26.313
34.0 22.975
34.0 21.686
34.0 25.221
34.0 24.861
34.0 26.146
34.0 24.94
34.0 23.914
34.0 24.564
34.0 24.333
34.0 24.861
34.0 26.96
34.0 24.901
34.0 23.993
34.0 26.522
34.0 24.957
34.0 26.151
34.0 26.373
34.0 25.484
34.0 25.797
34.0 24.794
34.0 23.01
34.0 26.186
34.0 25.557
34.0 26.655
34.0 24.954
34.0 24.828
34.0 23.919
34.0 26.011
34.0 22.485
34.0 24.47
34.0 25.188
34.0 25.805
34.0 26.621
34.0 26.432
34.0 23.849
34.0 25.201
34.0 25.852
34.0 24.476
34.0 25.589
34.0 24.996
34.0 26.039
34.0 25.698
34.0 25.305
34.0 23.431
34.0 25.367
34.0 25.388
34.0 25.09
34.0 26.583
34.0 24.821
34.0 25.239
34.0 25.867
34.0 26.067
34.0 26.934
34.0 26.68
34.0 26.715
34.0 24.153
34.0 24.944
34.0 25.017
34.0 25.346
34.0 26.07
34.0 25.986
34.0 25.41
34.0 25.006
34.0 25.736
34.0 24.591
34.0 25.333
34.0 25.775
34.0 25.759
34.0 25.274
34.0 26.827
34.0 26.123
34.0 24.837
34.0 24.138
34.0 25.16
34.0 25.633
34.0 25.851
34.0 25.496
34.0 26.779
34.0 26.802
34.0 25.697
34.0 24.901
34.0 23.877
34.0 25.688
34.0 24.524
34.0 25.963
34.0 24.244
34.0 25.29
34.0 22.822
34.0 24.433
34.0 24.437
34.0 22.156
34.0 24.313
34.0 25.353
34.0 25.315
34.0 24.279
34.0 24.495
34.0 22.484
34.0 24.377
34.0 24.303
34.0 25.801
34.0 24.432
34.0 21.576
34.0 24.319
34.0 25.539
34.0 25.065
34.0 25.188
34.0 25.662
34.0 24.277
34.0 24.679
34.0 25.456
34.0 27.398
34.0 24.345
34.0 23.414
34.0 24.328
34.0 25.625
34.0 23.546
34.0 25.234
34.0 26.841
34.0 23.145
34.0 26.604
34.0 25.373
34.0 26.033
34.0 26.219
34.0 23.228
34.0 23.565
34.0 24.574
34.0 23.019
34.0 23.51
34.0 26.383
34.0 24.971
34.0 25.037
34.0 25.582
34.0 24.083
34.0 26.218
34.0 25.001
34.0 22.753
34.0 25.641
34.0 26.408
34.0 24.098
34.0 25.761
34.0 25.895
34.0 24.824
34.0 25.468
34.0 24.29
34.0 26.268
34.0 23.61
34.0 25.697
34.0 20.92
34.0 25.488
34.0 24.384
34.0 24.186
34.0 19.633
34.0 25.123
34.0 23.737
34.0 25.171
34.0 24.95
34.0 24.964
34.0 26.558
34.0 24.757
34.0 25.219
34.0 25.653
34.0 22.527
34.0 23.919
34.0 22.453
34.0 25.005
34.0 25.575
34.0 24.611
34.0 23.487
34.0 24.675
34.0 25.063
34.0 25.525
34.0 24.211
34.0 24.993
34.0 22.14
34.0 25.96
34.0 25.603
34.0 25.1
34.0 25.282
34.0 25.09
34.0 24.667
34.0 25.612
34.0 25.692
34.0 24.282
34.0 24.811
34.0 25.325
34.0 25.778
34.0 23.731
34.0 25.733
34.0 25.94
34.0 24.756
34.0 25.809
34.0 25.465
34.0 25.022
34.0 23.124
34.0 23.436
34.0 24.971
34.0 23.428
34.0 24.94
34.0 24.156
34.0 26.681
34.0 26.408
34.0 24.899
34.0 26.21
34.0 25.948
34.0 23.952
34.0 24.635
34.0 23.996
34.0 23.903
34.0 23.793
34.0 24.122
34.0 24.312
34.0 24.762
34.0 26.304
34.0 24.636
34.0 24.714
34.0 26.176
34.0 24.444
34.0 23.299
34.0 24.941
34.0 26.146
34.0 25.843
34.0 23.835
34.0 27.606
34.0 25.1
34.0 24.752
34.0 23.339
34.0 24.645
34.0 24.293
34.0 23.884
34.0 26.442
34.0 24.292
34.0 25.879
34.0 25.23
34.0 25.261
34.0 24.321
34.0 26.013
34.0 22.616
34.0 24.119
34.0 24.155
34.0 24.721
34.0 23.034
34.0 26.079
34.0 26.096
34.0 25.74
34.0 26.34
34.0 26.094
34.0 22.207
34.0 26.293
34.0 24.624
34.0 25.316
34.0 25.308
34.0 24.12
34.0 23.303
34.0 25.633
34.0 25.451
34.0 26.067
34.0 23.144
34.0 23.422
34.0 23.29
34.0 25.339
34.0 25.055
34.0 24.717
34.0 24.185
34.0 24.853
34.0 26.318
34.0 25.398
34.0 21.942
34.0 25.071
34.0 25.003
34.0 25.26
34.0 24.269
34.0 23.211
34.0 25.896
34.0 26.309
34.0 25.181
34.0 26.136
34.0 26.127
34.0 25.376
34.0 23.688
34.0 25.573
34.0 26.937
34.0 25.448
34.0 24.356
34.0 24.964
34.0 26.786
34.0 25.396
34.0 23.702
34.0 26.346
34.0 26.162
34.0 22.173
34.0 25.031
34.0 24.74
34.0 25.691
34.0 24.169
34.0 25.286
34.0 26.092
34.0 25.099
34.0 24.709
34.0 25.874
34.0 23.524
34.0 22.779
34.0 25.538
34.0 25.718
34.0 25.12
34.0 25.324
34.0 24.974
34.0 25.505
34.0 26.432
34.0 25.942
34.0 24.275
34.0 26.45
34.0 26.281
34.0 25.132
34.0 25.45
34.0 23.893
34.0 24.069
34.0 24.422
34.0 26.735
34.0 25.072
34.0 25.072
34.0 24.133
34.0 25.095
34.0 24.352
34.0 24.468
34.0 24.713
34.0 23.83
34.0 24.498
34.0 24.261
34.0 26.325
34.0 26.234
34.0 25.643
34.0 23.785
34.0 24.292
34.0 25.189
34.0 26.441
34.0 22.219
34.0 24.915
34.0 25.02
34.0 25.287
34.0 24.677
34.0 23.245
34.0 25.537
34.0 23.132
34.0 23.247
34.0 23.917
34.0 24.024
500
-36.5 -228.067
-27.0 -128.42
-16.0 -88.781
-5.5 -64.138
5.5 -40.591
13.0 -39.556
15.0 -12.884
17.5 -2.86
20.5 -2.72
22.5 4.503
23.0 4.786
24.0 9.466
24.0 12.738
26.5 12.774
26.5 12.172
26.5 15.556
26.5 16.667
27.0 14.597
27.5 17.909
27.5 17.011
27.5 16.272
27.5 17.16
28.5 19.952
29.0 13.449
29.0 16.326
29.5 18.281
29.5 19.421
30.5 19.502
30.5 21.837
30.5 19.998
31.0 22.532
31.5 22.774
32.5 23.926
33.0 23.338
33.0 24.45
33.0 24.608
33.0 21.547
33.5 24.412
34.0 23.374
34.0 22.993
34.0 20.991
34.5 23.344
34.5 25.037
34.5 21.707
34.5 22.403
34.5 21.637
34.5 23.482
34.5 24.526
34.5 22.797
34.5 25.612
35.0 23.79
35.0 25.436
35.0 26.016
35.0 24.922
35.0 25.215
35.0 24.424
35.0 24.959
35.0 24.251
35.5 26.254
35.5 25.059
35.5 23.712
35.5 25.31
35.5 25.529
35.5 25.161
35.5 26.251
36.0 25.926
36.0 25.699
36.0 27.002
36.0 24.493
36.0 27.67
36.0 25.875
36.0 27.188
36.0 26.051
36.0 27.47
36.0 24.178
36.0 26.31
36.0 26.446
36.0 25.395
36.0 25.552
36.0 25.805
36.0 25.895
36.0 27.52
36.0 28.023
36.0 26.65
36.0 25.465
36.0 23.951
36.0 26.239
36.0 25.104
36.0 21.109
36.0 27.368
36.0 27.687
36.0 25.586
36.0 25.666
36.0 27.434
36.0 27.95
36.0 27.282
36.0 28.243
36.0 26.926
36.0 25.938
36.0 26.573
36.0 28.678
36.0 26.411
36.0 27.571
36.0 26.304
36.0 26.553
36.0 26.858
36.0 25.359
36.0 28.9
36.0 25.929
36.0 25.215
36.0 22.816
36.0 26.066
36.0 26.95
36.0 26.847
36.0 26.527
36.0 25.62
36.0 23.448
36.0 26.736
36.0 25.448
36.0 26.706
36.0 24.517
36.0 24.666
36.0 26.821
36.0 27.949
36.0 26.581
36.0 26.366
36.0 27.855
36.0 25.73
36.0 25.988
36.0 26.368
36.0 27.018
36.0 27.7
36.0 26.764
36.0 26.715
36.0 26.985
36.0 26.916
36.0 25.692
36.0 25.658
36.0 25.324
36.0 26.023
36.0 26.351
36.0 26.657
36.0 25.592
36.0 26.877
36.0 24.923
36.0 26.63
36.0 26.941
36.0 25.958
36.0 27.234
36.0 25.12
36.0 27.002
36.0 26.656
36.0 26.987
36.0 27.411
36.0 26.959
36.0 26.276
36.0 27.324
36.0 26.159
36.0 26.774
36.0 25.777
36.0 26.59
36.0 25.271
36.0 24.692
36.0 25.861
36.0 26.041
36.0 25.623
36.0 23.825
36.0 27.512
36.0 26.187
36.0 26.212
36.0 26.407
36.0 26.726
36.0 27.956
36.0 27.141
36.0 26.115
36.0 26.444
36.0 27.57
36.0 25.713
36.0 25.814
36.0 27.328
36.0 26.273
36.0 23.106
36.0 26.759
36.0 26.825
36.0 26.905
36.0 26.676
36.0 27.023
36.0 26.484
36.0 26.871
36.0 27.888
36.0 27.599
36.0 27.093
36.0 26.653
36.0 26.691
36.0 24.834
36.0 24.762
36.0 26.936
36.0 26.902
36.0 26.183
36.0 25.264
36.0 26.115
36.0 26.495
36.0 24.893
36.0 26.612
36.0 26.388
36.0 26.534
36.0 25.835
36.0 27.349
36.0 22.83
36.0 26.093
36.0 23.569
36.0 24.28
36.0 25.296
36.0 26.576
36.0 25.586
36.0 27.517
36.0 26.204
36.0 22.227
36.0 26.132
36.0 22.779
36.0 26.53
36.0 27.532
36.0 25.772
36.0 25.754
36.0 26.668
36.0 27.569
36.0 26.559
36.0 25.897
36.0 25.686
36.0 24.906
36.0 28.152
36.0 27.074
36.0 25.658
36.0 25.477
36.0 27.158
36.0 27.522
36.0 26.899
36.0 27.23
36.0 24.247
36.0 26.631
36.0 26.352
36.0 25.738
36.0 26.22
36.0 26.608
36.0 25.333
36.0 25.708
36.0 25.535
36.0 27.006
36.0 26.408
36.0 26.35
36.0 25.093
36.0 27.091
36.0 23.457
36.0 25.834
36.0 26.058
36.0 26.158
36.0 26.431
36.0 25.877
36.0 28.315
36.0 27.307
36.0 27.411
36.0 27.167
36.0 27.122
36.0 25.947
36.0 27.357
36.0 26.803
36.0 27.255
36.0 25.258
36.0 27.895
36.0 27.34
36.0 24.167
36.0 26.958
36.0 26.336
36.0 25.163
36.0 25.886
36.0 27.103
36.0 25.582
36.0 26.758
36.0 26.788
36.0 25.402
36.0 25.155
36.0 25.912
36.0 26.701
36.0 27.149
36.0 21.895
36.0 25.745
36.0 26.772
36.0 26.828
36.0 26.484
36.0 27.461
36.0 26.907
36.0 26.564
36.0 24.877
36.0 28.675
36.0 25.061
36.0 27.069
36.0 27.636
36.0 26.681
36.0 26.882
36.0 27.775
36.0 26.381
36.0 27.366
36.0 26.106
36.0 26.775
36.0 27.049
36.0 26.781
36.0 27.997
36.0 25.617
36.0 27.069
36.0 25.098
36.0 26.019
36.0 24.429
36.0 23.219
36.0 26.22
36.0 25.859
36.0 25.757
36.0 27.021
36.0 25.578
36.0 26.58
36.0 26.273
36.0 25.009
36.0 29.459
36.0 27.854
36.0 28.828
36.0 26.705
36.0 26.831
36.0 26.087
36.0 25.874
36.0 27.609
36.0 25.437
36.0 25.239
36.0 26.128
36.0 26.625
36.0 24.972
36.0 24.996
36.0 26.669
36.0 26.532
36.0 26.609
36.0 26.114
36.0 26.637
36.0 28.218
36.0 27.771
36.0 28.196
36.0 26.382
36.0 26.248
36.0 28.093
36.0 23.337
36.0 26.192
36.0 26.389
36.0 26.765
36.0 26.128
36.0 24.242
36.0 26.092
36.0 25.163
36.0 26.546
36.0 25.676
36.0 28.15
36.0 27.179
36.0 25.282
36.0 26.816
36.0 26.855
36.0 25.366
36.0 27.727
36.0 25.007
36.0 21.994
36.0 25.707
36.0 24.245
36.0 26.982
36.0 28.451
36.0 26.264
36.0 25.424
36.0 25.83
36.0 27.069
36.0 26.045
36.0 25.127
36.0 25.757
36.0 27.108
36.0 27.675
36.0 26.786
36.0 26.436
36.0 25.162
36.0 27.328
36.0 26.047
36.0 27.321
36.0 25.582
36.0 27.272
36.0 26.59
36.0 26.101
36.0 23.815
36.0 27.349
36.0 25.063
36.0 25.376
36.0 25.397
36.0 26.675
36.0 26.102
36.0 27.148
36.0 26.932
36.0 26.974
36.0 28.748
36.0 26.845
36.0 27.708
36.0 26.742
36.0 28.355
36.0 27.372
36.0 26.136
36.0 26.701
36.0 23.623
36.0 27.116
36.0 25.821
36.0 26.352
36.0 26.399
36.0 26.762
36.0 24.917
36.0 25.037
36.0 24.261
36.0 27.741
36.0 28.988
36.0 27.643
36.0 26.415
36.0 27.356
36.0 23.719
36.0 28.029
36.0 26.415
36.0 26.72
36.0 24.748
36.0 25.791
36.0 25.919
36.0 26.528
36.0 28.054
36.0 27.646
36.0 27.654
36.0 25.889
36.0 27.166
36.0 26.178
36.0 27.377
36.0 27.014
36.0 25.959
36.0 26.562
36.0 26.381
36.0 24.904
36.0 26.191
36.0 27.725
36.0 27.233
36.0 26.636
36.0 26.376
36.0 24.955
36.0 24.399
36.0 25.543
36.0 27.341
36.0 26.02
36.0 27.529
36.0 25.254
36.0 26.107
36.0 27.204
36.0 27.11
36.0 26.61
36.0 27.038
36.0 25.741
36.0 25.779
36.0 25.047
36.0 25.582
36.0 26.671
36.0 25.272
36.0 26.691
36.0 27.012
36.0 26.452
36.0 26.794
36.0 26.454
36.0 25.719
36.0 26.447
36.0 26.281
36.0 24.088
36.0 26.835
36.0 25.408
36.0 27.396
36.0 25.599
36.0 25.639
36.0 27.279
36.0 25.905
36.0 26.032
36.0 24.717
36.0 25.688
36.0 26.04
36.0 25.353
36.0 25.591
36.0 25.865
36.0 26.295
36.0 28.325
36.0 27.404
36.0 27.256
36.0 24.033
36.0 24.292
36.0 27.746
36.0 26.665
36.0 26.614
36.0 25.864
36.0 26.503
36.0 23.502
36.0 24.554
36.0 26.468
500
-25.5 -230.015
-13.5 -114.918
-6.0 -71.286
1.0 -43.169
6.5 -27.271
14.5 -14.598
17.0 -10.922
18.0 -0.325
21.0 -4.661
23.5 5.435
24.0 10.948
24.0 12.819
25.0 10.462
28.5 15.282
28.5 16.429
29.0 18.665
29.0 16.241
29.5 20.312
30.0 21.66
30.0 21.293
30.5 21.037
31.0 20.224
31.0 21.943
31.5 22.067
31.5 22.321
31.5 22.161
32.0 22.117
32.0 20.947
32.0 21.489
32.0 23.44
32.0 24.179
32.5 22.3
32.5 22.351
32.5 21.684
33.0 23.599
33.0 24.145
33.0 23.079
33.0 23.563
33.0 23.753
33.0 22.889
33.5 24.282
33.5 23.113
34.5 24.234
35.0 25.31
35.0 22.263
35.0 25.268
35.0 24.081
35.5 24.493
35.5 25.321
35.5 25.129
35.5 25.613
35.5 24.943
35.5 26.792
35.5 27.313
35.5 24.226
35.5 26.263
35.5 26.402
35.5 25.858
35.5 26.561
35.5 27.29
35.5 25.94
35.5 25.528
35.5 23.326
35.5 26.063
35.5 25.789
35.5 26.807
35.5 24.729
35.5 25.5
35.5 25.236
35.5 26.759
35.5 23.172
35.5 25.831
35.5 26.437
35.5 25.296
35.5 24.446
35.5 26.761
35.5 27.779
35.5 26.867
35.5 23.566
35.5 27.408
35.5 22.965
35.5 26.042
35.5 25.507
35.5 27.613
35.5 25.135
35.5 25.807
35.5 25.742
35.5 26.568
35.5 25.805
35.5 25.28
35.5 27.3
35.5 26.552
35.5 27.004
35.5 26.385
35.5 26.969
35.5 26.91
35.5 25.92
35.5 25.435
35.5 26.938
35.5 26.242
35.5 27.816
35.5 24.999
35.5 27.265
35.5 25.442
35.5 26.133
35.5 27.656
35.5 24.619
35.5 24.224
35.5 26.918
35.5 25.324
35.5 25.84
35.5 25.954
35.5 24.958
35.5 25.441
35.5 24.605
35.5 26.203
35.5 24.87
35.5 25.706
35.5 25.111
35.5 25.688
35.5 25.93
35.5 27.109
35.5 26.233
35.5 25.961
35.5 26.76
35.5 27.404
35.5 25.374
35.5 24.901
35.5 26.576
35.5 26.04
35.5 27.163
35.5 25.576
35.5 26.386
35.5 24.857
35.5 25.655
35.5 23.067
35.5 24.951
35.5 27.658
35.5 27.003
35.5 26.062
35.5 26.291
35.5 26.061
35.5 28.543
35.5 27.093
35.5 25.289
35.5 25.957
35.5 25.36
35.5 26.773
35.5 27.524
35.5 24.983
35.5 26.842
35.5 19.348
35.5 25.842
35.5 24.119
35.5 25.332
35.5 26.116
35.5 27.946
35.5 25.53
35.5 26.195
35.5 23.484
35.5 26.286
35.5 27.335
35.5 25.926
35.5 25.955
35.5 24.061
35.5 26.716
35.5 25.122
35.5 27.031
35.5 27.759
35.5 26.808
35.5 25.969
35.5 27.488
35.5 27.408
35.5 26.949
35.5 26.549
35.5 22.289
35.5 24.956
35.5 26.798
35.5 26.072
35.5 25.483
35.5 25.168
35.5 21.944
35.5 25.98
35.5 25.566
35.5 26.366
35.5 25.573
35.5 26.89
35.5 24.387
35.5 25.717
35.5 25.747
35.5 24.935
35.5 25.924
35.5 26.236
35.5 25.48
35.5 25.316
35.5 21.621
35.5 26.033
35.5 26.898
35.5 25.285
35.5 27.381
35.5 27.318
35.5 27.193
35.5 26.709
35.5 26.68
35.5 25.496
35.5 26.433
35.5 25.713
35.5 22.454
35.5 24.657
35.5 26.179
35.5 25.68
35.5 25.827
35.5 25.082
35.5 27.185
35.5 25.755
35.5 23.11
35.5 21.901
35.5 24.287
35.5 27.162
35.5 25.192
35.5 25.096
35.5 26.374
35.5 26.578
35.5 26.084
35.5 26.401
35.5 26.04
36.0 24.236
36.0 27.612
36.0 26.675
36.0 25.803
36.0 22.264
36.0 25.697
36.0 27.663
36.0 24.717
36.5 25.097
36.5 25.165
36.5 26.613
36.5 26.775
36.5 26.443
36.5 28.496
36.5 26.894
36.5 27.882
36.5 26.625
36.5 27.497
36.5 27.069
36.5 28.524
36.5 25.944
36.5 25.968
36.5 29.1
36.5 27.357
36.5 28.182
36.5 27.118
36.5 27.73
36.5 27.271
36.5 26.203
36.5 24.542
36.5 26.128
36.5 27.412
36.5 28.229
36.5 24.595
36.5 27.354
36.5 28.116
36.5 25.808
36.5 26.54
36.5 26.603
36.5 28.605
36.5 26.384
36.5 28.242
36.5 27.726
36.5 27.418
36.5 24.361
36.5 27.169
36.5 25.414
36.5 27.113
36.5 28.681
36.5 26.672
36.5 27.732
36.5 27.936
36.5 28.441
36.5 28.22
36.5 28.172
36.5 27.624
36.5 27.672
36.5 25.999
36.5 27.878
36.5 24.279
36.5 26.382
36.5 25.68
36.5 28.42
36.5 26.937
36.5 27.496
36.5 27.71
36.5 26.33
36.5 28.61
36.5 27.804
36.5 26.86
36.5 25.052
36.5 28.031
36.5 27.973
36.5 25.572
36.5 26.779
36.5 26.081
36.5 27.417
36.5 26.004
36.5 26.594
36.5 26.116
36.5 27.545
37.0 27.686
37.0 28.726
37.0 26.998
37.0 27.843
37.0 27.068
37.0 27.337
37.0 27.376
37.0 26.85
37.0 27.581
37.0 23.744
37.0 28.153
37.0 25.583
37.0 25.389
37.0 24.953
37.0 26.293
37.0 26.3
37.0 25.957
37.0 24.787
37.0 25.862
37.0 25.849
37.0 23.911
37.0 25.107
37.0 24.778
37.0 26.663
37.0 27.363
37.0 27.986
37.0 27.716
37.0 27.505
37.0 26.348
37.0 26.135
37.0 25.862
37.0 28.503
37.0 26.161
37.0 27.197
37.0 24.789
37.0 25.535
37.0 24.607
37.0 25.373
37.0 26.538
37.0 25.51
37.0 24.358
37.0 26.103
37.0 24.191
37.0 26.065
37.0 25.367
37.0 26.076
37.0 26.061
37.0 26.084
37.0 24.792
37.0 27.693
37.0 26.47
37.0 25.733
37.0 25.47
37.0 25.405
37.0 23.912
37.0 26.691
37.0 24.31
37.0 26.723
37.0 26.782
37.0 26.854
37.0 27.274
37.0 28.104
37.0 26.907
37.0 25.498
37.0 27.945
37.0 24.248
37.0 24.605
37.0 27.21
37.0 26.088
37.0 27.466
37.0 28.106
37.0 26.819
37.0 25.791
37.0 26.038
37.0 26.463
37.0 24.522
37.0 28.209
37.0 26.958
37.0 27.701
37.0 26.148
37.0 27.923
37.0 25.776
37.0 27.027
37.0 25.54
37.0 26.552
37.0 26.966
37.0 21.82
37.0 21.173
37.0 26.371
37.0 25.065
37.0 27.13
37.0 24.546
37.0 26.872
37.0 26.142
37.0 24.909
37.0 26.2
37.0 25.197
37.0 25.598
37.0 26.954
37.0 27.822
37.0 27.044
37.0 26.593
37.0 27.152
37.0 26.642
37.0 26.764
37.0 25.47
37.0 26.274
37.0 27.26
37.0 25.622
37.0 27.632
37.0 27.982
37.0 27.822
37.0 28.757
37.0 28.563
37.0 25.948
37.0 26.557
37.0 26.631
37.0 24.452
37.0 26.522
37.0 26.249
37.0 27.501
37.0 26.198
37.0 27.86
37.0 27.344
37.0 28.145
37.0 25.837
37.0 26.862
37.0 27.323
37.0 27.088
37.0 25.511
37.0 24.195
37.0 27.346
37.0 27.689
37.0 24.422
37.0 22.782
37.0 27.267
37.0 27.144
37.0 26.786
37.0 26.83
37.0 25.554
37.0 25.447
37.0 26.256
37.0 27.073
37.0 26.885
37.0 25.96
37.0 25.331
37.0 24.131
37.0 26.917
37.0 28.164
37.0 26.17
37.0 27.233
37.0 26.292
37.0 26.315
37.0 26.538
37.0 27.067
37.0 25.058
37.0 26.118
37.0 25.136
37.0 26.655
37.0 26.597
37.0 25.945
37.0 26.734
37.0 24.902
37.0 25.878
37.0 26.945
37.0 24.027
37.0 25.316
37.0 26.21
37.0 25.318
37.0 25.65
37.0 27.597
37.0 25.687
37.0 23.945
37.0 26.858
37.0 28.07
37.0 26.709
37.0 28.129
37.0 27.28
37.0 26.386
37.0 24.408
37.0 23.395
37.0 26.757
37.0 27.636
37.0 25.12
37.0 24.873
37.0 26.98
37.0 24.916
37.0 27.247
37.0 25.665
37.0 26.23
37.0 27.096
37.0 25.725
37.0 26.794
500
-39.0 -234.126
-28.5 -129.633
-6.0 -83.665
-6.0 -59.078
10.0 -47.075
16.0 -21.788
17.5 -18.831
21.5 -7.006
21.5 -5.963
21.5 10.222
23.5 7.865
25.5 12.138
25.5 13.095
26.0 11.38
26.0 16.054
26.5 15.419
27.0 17.826
27.0 9.125
27.0 15.581
28.0 17.996
28.0 18.086
29.0 18.52
29.0 18.801
29.5 18.77
30.0 18.884
30.0 20.582
31.0 21.294
31.0 19.26
32.0 20.207
32.5 21.961
32.5 21.427
32.5 21.97
32.5 20.849
32.5 22.455
32.5 23.725
33.0 23.624
33.5 23.691
33.5 23.379
33.5 23.481
33.5 22.364
33.5 23.14
33.5 22.469
33.5 24.055
33.5 23.264
33.5 21.278
33.5 23.943
33.5 21.261
33.5 23.986
33.5 21.853
33.5 22.836
33.5 22.285
33.5 21.862
33.5 22.531
33.5 23.36
33.5 21.542
33.5 23.345
33.5 24.158
33.5 22.63
33.5 23.976
33.5 23.462
33.5 23.109
33.5 20.933
33.5 24.296
33.5 22.698
33.5 24.263
33.5 23.789
33.5 24.484
33.5 21.084
33.5 24.682
33.5 25.853
33.5 22.048
33.5 24.434
33.5 24.83
33.5 25.162
33.5 24.054
33.5 22.671
33.5 24.265
33.5 22.674
33.5 23.672
33.5 22.815
33.5 23.022
33.5 23.901
33.5 23.573
33.5 23.322
33.5 24.348
33.5 22.219
33.5 22.976
33.5 25.141
33.5 23.021
33.5 23.671
33.5 23.622
33.5 23.06
33.5 21.885
33.5 22.927
33.5 23.673
33.5 23.851
33.5 23.139
33.5 22.094
33.5 24.879
33.5 23.963
33.5 23.323
33.5 23.558
33.5 20.075
33.5 22.867
33.5 20.177
33.5 23.523
33.5 22.417
33.5 22.791
33.5 22.199
33.5 23.139
33.5 23.791
33.5 20.662
33.5 23.687
33.5 23.091
33.5 22.034
33.5 24.99
33.5 21.612
33.5 21.556
33.5 23.057
33.5 25.389
33.5 23.373
33.5 22.729
33.5 23.543
33.5 22.721
33.5 23.449
33.5 23.404
33.5 22.261
33.5 22.11
33.5 23.837
33.5 24.519
33.5 21.691
33.5 22.114
33.5 22.994
33.5 23.391
33.5 23.89
33.5 23.493
33.5 23.656
33.5 22.077
33.5 22.773
33.5 25.151
33.5 23.824
33.5 24.679
33.5 24.504
33.5 24.575
33.5 23.734
33.5 25.589
33.5 24.62
33.5 23.283
33.5 22.747
33.5 22.585
33.5 21.475
33.5 23.995
33.5 23.459
33.5 23.861
33.5 23.121
33.5 24.509
33.5 24.148
33.5 23.564
33.5 24.991
33.5 24.656
33.5 25.495
33.5 24.411
33.5 23.68
33.5 23.981
33.5 24.002
33.5 24.477
33.5 24.371
33.5 22.829
33.5 24.646
33.5 23.804
33.5 22.602
33.5 24.193
33.5 24.69
33.5 24.526
33.5 23.813
33.5 22.647
33.5 24.425
33.5 23.943
33.5 23.324
33.5 22.448
33.5 23.983
33.5 23.039
33.5 22.821
33.5 23.063
33.5 24.306
33.5 23.891
33.5 22.516
33.5 23.243
33.5 22.774
33.5 22.822
33.5 21.388
33.5 24.169
33.5 24.466
33.5 25.151
33.5 24.788
33.5 22.813
33.5 24.032
33.5 20.348
33.5 23.689
33.5 24.04
33.5 25.527
33.5 22.562
33.5 24.681
33.5 24.217
33.5 21.806
33.5 24.44
33.5 23.494
33.5 24.186
33.5 24.783
33.5 25.34
33.5 23.7
33.5 23.527
33.5 25.578
33.5 21.472
33.5 24.764
33.5 25.286
33.5 25.342
33.5 24.887
33.5 22.555
33.5 24.538
33.5 23.853
33.5 20.856
33.5 23.561
33.5 24.038
33.5 24.541
33.5 23.796
33.5 24.023
33.5 23.079
33.5 22.991
33.5 24.706
33.5 24.089
33.5 22.817
33.5 24.272
33.5 24.787
33.5 22.76
33.5 24.239
33.5 22.33
33.5 24.554
33.5 21.788
33.5 21.942
33.5 23.781
33.5 23.23
33.5 23.03
33.5 22.909
33.5 23.627
33.5 21.822
33.5 22.989
33.5 23.538
33.5 21.626
33.5 24.433
33.5 23.058
33.5 23.646
33.5 23.661
33.5 25.283
33.5 24.055
33.5 24.003
33.5 25.706
33.5 22.988
33.5 24.174
33.5 23.541
33.5 24.789
33.5 23.796
33.5 25.013
33.5 24.829
33.5 25.385
33.5 21.208
33.5 24.864
33.5 25.203
33.5 23.997
33.5 23.504
33.5 25.693
33.5 21.795
33.5 24.275
33.5 24.605
33.5 23.769
33.5 23.882
33.5 22.181
33.5 24.168
33.5 23.882
33.5 22.049
33.5 23.922
33.5 24.472
33.5 23.307
33.5 22.942
33.5 22.825
33.5 23.873
33.5 22.653
33.5 22.183
33.5 23.372
33.5 24.722
33.5 23.204
33.5 21.504
33.5 23.628
33.5 24.923
33.5 22.667
33.5 23.479
33.5 23.156
33.5 24.942
33.5 23.8
33.5 20.79
33.5 22.255
33.5 23.04
33.5 23.952
33.5 24.376
33.5 23.263
33.5 23.526
33.5 24.491
33.5 24.497
33.5 23.026
33.5 23.63
33.5 23.465
33.5 22.791
33.5 23.49
33.5 22.558
33.5 22.114
33.5 24.252
33.5 22.696
33.5 24.339
33.5 22.351
33.5 23.468
33.5 23.421
33.5 23.564
33.5 22.603
33.5 23.359
33.5 24.061
33.5 24.543
33.5 25.211
33.5 22.959
33.5 24.52
33.5 23.654
33.5 23.418
33.5 21.18
33.5 22.086
33.5 23.808
33.5 22.963
33.5 22.985
33.5 25.012
33.5 25.432
33.5 24.314
33.5 24.062
33.5 24.019
33.5 22.295
33.5 25.542
33.5 24.365
33.5 22.681
33.5 24.596
33.5 23.517
33.5 26.5
33.5 25.972
33.5 24.744
33.5 25.672
33.5 24.852
33.5 25.047
33.5 23.942
33.5 24.732
33.5 25.069
33.5 19.212
33.5 24.371
33.5 22.405
33.5 23.984
33.5 21.914
33.5 24.626
33.5 23.279
33.5 22.861
33.5 23.499
33.5 24.562
33.5 24.099
33.5 23.519
33.5 24.532
33.5 23.574
33.5 25.057
33.5 24.276
33.5 24.1
33.5 23.727
33.5 24.147
33.5 24.304
33.5 23.327
33.5 25.05
33.5 24.624
33.5 24.321
33.5 22.951
33.5 24.701
33.5 23.402
33.5 24.387
33.5 24.759
33.5 24.846
33.5 25.531
33.5 22.91
33.5 21.512
33.5 22.387
33.5 22.168
33.5 21.819
33.5 22.736
33.5 23.386
33.5 21.727
33.5 24.743
33.5 22.624
33.5 24.876
33.5 25.325
33.5 24.027
33.5 22.471
33.5 23.224
33.5 23.074
33.5 21.928
33.5 24.136
33.5 25.339
33.5 24.897
33.5 24.28
33.5 21.78
33.5 22.892
33.5 24.479
33.5 23.402
33.5 23.857
33.5 23.567
33.5 24.716
33.5 25.177
33.5 23.674
33.5 24.161
33.5 23.839
33.5 24.65
33.5 25.121
33.5 24.712
33.5 23.982
33.5 23.918
33.5 23.142
33.5 24.664
33.5 24.26
33.5 23.65
33.5 24.068
33.5 21.696
33.5 23.417
33.5 21.567
33.5 23.705
33.5 24.609
33.5 24.31
33.5 24.72
33.5 25.303
33.5 24.091
33.5 22.119
33.5 23.606
33.5 23.081
33.5 24.212
33.5 24.128
33.5 23.301
33.5 23.349
33.5 23.283
33.5 24.117
33.5 24.747
33.5 25.801
33.5 24.677
33.5 23.195
33.5 23.641
33.5 24.336
33.5 24.642
33.5 22.707
33.5 23.744
33.5 24.489
33.5 25.217
33.5 25.472
33.5 25.114
33.5 23.875
33.5 23.418
33.5 22.091
33.5 23.721
33.5 25.204
33.5 24.482
33.5 24.38
33.5 23.744
33.5 21.393
33.5 23.253
33.5 24.015
33.5 23.286
33.5 21.076
33.5 24.033
33.5 23.933
33.5 24.062
33.5 23.461
33.5 21.741
33.5 22.788
33.5 24.269
33.5 23.604
33.5 23.183
33.5 23.393
33.5 24.662
33.5 25.202
33.5 24.966
33.5 24.158
33.5 24.525
33.5 23.627
33.5 22.3
33.5 24.78
33.5 23.885
33.5 24.241
33.5 22.986
33.5 24.355
33.5 25.178
33.5 23.707
33.5 24.995
33.5 24.691
33.5 23.113
500
-33.5 -234.054
-29.5 -122.889
-14.0 -92.254
-1.0 -58.53
4.5 -38.287
15.0 -30.771
19.0 -11.428
23.5 -2.41
23.5 5.593
24.0 6.42
24.0 8.319
24.0 10.953
25.5 14.294
25.5 12.248
26.5 15.358
26.5 17.451
28.0 14.394
29.5 16.142
29.5 20.114
29.5 17.77
29.5 19.195
29.5 16.483
29.5 19.933
29.5 19.824
29.5 20.146
29.5 17.911
30.5 19.34
30.5 21.413
30.5 20.558
30.5 20.025
30.5 20.467
30.5 21.132
30.5 18.991
31.0 19.403
31.0 21.106
31.0 18.32
31.0 19.808
31.0 19.591
31.0 22.297
31.0 21.275
31.0 22.971
31.5 22.126
31.5 21.524
32.0 21.04
32.0 20.408
32.0 17.695
32.0 22.674
32.0 22.346
32.0 24.402
32.0 22.321
32.0 22.245
32.5 23.976
32.5 22.873
32.5 22.989
32.5 19.223
32.5 19.781
33.0 22.318
33.0 23.577
33.0 24.442
33.0 23.718
33.0 23.555
33.0 21.994
33.0 24.656
33.5 23.587
33.5 24.507
33.5 22.895
33.5 23.746
33.5 25.911
33.5 24.405
33.5 22.166
33.5 24.337
33.5 21.838
33.5 25.456
33.5 24.831
33.5 24.66
33.5 24.822
33.5 25.325
33.5 25.725
33.5 26.542
33.5 24.19
33.5 24.847
33.5 24.847
33.5 25.226
33.5 26.197
33.5 26.368
33.5 27.099
33.5 24.739
33.5 26.539
33.5 24.688
33.5 22.424
33.5 26.616
33.5 24.41
33.5 25.741
34.0 25.888
34.0 26.494
34.0 26.567
34.0 24.49
34.0 24.44
34.0 25.471
34.0 24.847
34.0 25.54
34.0 24.872
34.5 24.544
34.5 25.778
34.5 23.942
34.5 22.022
34.5 22.461
35.0 24.542
35.0 25.363
35.0 23.579
35.0 22.111
35.0 21.256
35.0 21.124
35.0 19.062
35.0 24.514
35.0 27.041
35.0 24.72
35.0 26.02
35.0 25.787
35.0 25.985
35.0 25.166
35.0 27.4
35.0 26.729
35.0 26.913
35.0 26.615
35.0 24.112
35.0 26.128
35.0 21.9
35.0 22.862
35.0 24.072
35.0 24.317
35.0 24.37
35.0 24.05
35.0 25.242
35.0 25.802
35.0 24.187
35.0 25.727
35.0 26.299
35.0 25.143
35.0 27.054
35.0 26.896
35.0 27.155
35.0 25.441
35.0 25.936
35.0 23.764
35.0 24.993
35.0 24.804
35.0 26.326
35.0 26.102
35.0 26.589
35.0 26.415
35.0 24.451
35.0 24.848
35.0 25.421
35.0 24.515
35.0 25.897
35.0 21.995
35.0 24.919
35.0 23.12
35.0 24.569
35.0 27.015
35.0 24.588
35.0 24.405
35.0 24.393
35.0 25.878
35.0 27.063
35.0 25.427
35.0 26.33
35.0 26.82
35.0 24.258
35.0 25.759
35.0 25.954
35.0 25.871
35.0 25.238
35.0 24.197
35.0 26.503
35.0 23.996
35.0 25.772
35.0 22.99
35.0 26.509
35.0 25.746
35.0 25.811
35.0 23.595
35.0 24.892
35.0 23.219
35.0 26.238
35.0 26.548
35.0 25.929
35.0 24.5
35.0 26.528
35.0 27.111
35.0 24.634
35.0 24.248
35.0 23.634
35.0 25.159
35.0 22.901
35.0 27.698
35.0 25.41
35.0 24.678
35.0 26.18
35.0 25.618
35.0 25.59
35.0 26.251
35.0 24.142
35.0 25.324
35.0 25.906
35.0 25.161
35.0 23.204
35.0 22.338
35.0 24.314
35.0 25.26
35.0 26.877
35.0 26.581
35.0 27.03
35.0 26.903
35.0 22.343
35.0 26.377
35.0 26.712
35.0 27.466
35.0 25.698
35.0 26.187
35.0 24.481
35.0 26.033
35.0 26.314
35.0 24.147
35.0 26.886
35.0 25.297
35.0 24.77
35.0 26.465
35.0 26.072
35.0 25.625
35.0 24.925
35.0 24.997
35.5 25.911
35.5 23.947
35.5 23.727
35.5 24.319
35.5 24.986
35.5 25.529
35.5 23.394
36.0 26.079
36.0 25.371
36.5 25.955
36.5 25.27
37.0 26.548
37.0 25.312
37.0 26.728
37.0 25.681
37.0 26.642
37.0 26.146
37.0 27.282
37.0 27.313
37.0 27.337
37.0 26.065
37.0 25.306
37.0 25.188
37.0 27.286
37.0 26.079
37.0 25.571
37.0 26.759
37.0 27.219
37.0 27.046
37.0 26.581
37.0 27.205
37.0 26.43
37.0 27.32
37.0 24.276
37.0 26.74
37.0 26.645
37.0 18.828
37.0 27.189
37.0 24.666
37.0 26.315
37.0 25.846
37.0 25.895
37.0 26.699
37.0 26.723
37.0 27.269
37.0 26.306
37.0 26.05
37.0 25.621
37.0 26.367
37.0 23.374
37.0 25.326
37.0 24.409
37.0 26.089
37.0 26.497
37.5 26.017
37.5 26.478
37.5 25.67
37.5 25.701
37.5 25.529
37.5 24.717
37.5 28.455
37.5 23.818
38.0 25.724
38.0 26.476
38.0 25.132
38.0 27.774
38.0 29.19
38.0 27.387
38.0 27.486
38.0 27.57
38.0 27.827
38.0 28.219
38.0 26.776
38.0 27.076
38.0 28.396
38.0 27.514
38.0 24.548
38.0 25.711
38.0 25.349
38.0 27.697
38.0 26.617
38.0 25.452
38.0 28.459
38.0 28.044
38.0 28.187
38.0 26.858
38.0 25.416
38.0 27.09
38.0 26.91
38.0 26.363
38.0 25.841
38.0 24.217
38.0 25.703
38.0 27.71
38.0 26.013
38.0 28.31
38.0 28.367
38.0 28.582
38.0 27.472
38.0 27.042
38.0 25.832
38.0 26.733
38.0 27.712
38.0 25.03
38.0 27.246
38.0 24.533
38.0 26.189
38.0 27.015
38.0 29.205
38.0 28.099
38.0 27.066
38.0 23.817
38.0 26.544
38.0 25.119
38.0 27.629
38.0 28.738
38.0 27.997
38.0 25.89
38.0 29.541
38.0 25.572
38.0 27.448
38.0 26.154
38.0 26.825
38.0 26.183
38.0 25.81
38.0 25.585
38.0 26.671
38.0 25.409
38.0 27.787
38.0 28.053
38.0 28.472
38.0 27.751
38.0 25.159
38.0 28.512
38.0 26.628
38.0 25.415
38.0 27.142
38.0 25.905
38.0 23.997
38.0 27.372
38.0 25.989
38.0 27.103
38.0 26.769
38.0 28.466
38.0 26.206
38.0 27.515
38.0 25.645
38.0 27.417
38.0 26.044
38.0 27.11
38.0 27.385
38.0 26.739
38.0 27.417
38.0 25.46
38.0 27.112
38.0 26.584
38.0 28.774
38.0 26.159
38.0 26.916
38.0 26.394
38.0 24.558
38.0 28.495
38.0 23.957
38.0 24.123
38.0 27.631
38.0 27.506
38.0 25.537
38.0 28.452
38.0 27.986
38.0 28.574
38.0 28.078
38.0 27.877
38.0 28.004
38.0 28.436
38.0 27.556
38.0 29.447
38.0 27.942
38.0 27.734
38.0 24.794
38.0 24.036
38.0 27.706
38.0 23.141
38.0 23.111
38.0 25.629
38.0 26.838
38.0 28.218
38.0 26.814
38.0 26.326
38.0 24.929
38.0 27.77
38.0 27.153
38.0 27.257
38.0 25.962
38.0 28.225
38.0 25.564
38.0 27.012
38.0 27.723
38.0 26.321
38.0 28.141
38.0 26.852
38.0 27.076
38.0 27.441
38.0 27.44
38.0 26.854
38.0 27.906
38.0 27.405
38.0 27.466
38.0 28.827
38.0 28.975
38.0 27.809
38.0 25.793
38.0 25.909
38.0 27.232
38.0 23.914
38.0 27.221
38.0 26.448
38.0 27.568
38.0 27.632
38.0 26.567
38.0 24.619
38.0 26.542
38.0 25.828
38.0 25.581
38.0 27.457
38.0 27.262
38.0 25.502
38.0 25.934
38.0 27.058
38.0 28.574
38.0 27.383
38.0 27.176
38.0 28.293
38.0 25.445
38.0 28.276
38.0 26.929
38.0 27.236
38.0 28.016
38.0 28.042
38.0 28.708
38.0 28.786
38.0 27.049
38.0 27.994
38.0 27.921
38.0 25.97
38.0 26.415
38.0 26.249
38.0 28.157
38.0 28.969
38.0 28.437
38.0 25.316
38.0 25.999
38.0 27.965
38.0 28.895
38.0 27.024
38.0 27.18
38.0 27.91
38.0 27.522
38.0 27.719
38.0 27.77
38.0 26.878
38.0 26.517
38.0 28.786
38.0 29.151
38.0 27.475
38.0 28.283
38.0 25.426
38.0 27.926
500
-46.5 -235.144
-32.5 -128.819
-12.0 -86.782
2.0 -59.125
10.0 -43.627
12.0 -24.083
14.5 -8.846
16.5 -2.005
21.5 4.876
21.5 5.205
21.5 10.561
23.5 5.761
24.5 0.191
24.5 13.947
25.0 15.913
26.5 14.155
26.5 16.111
29.5 15.926
29.5 16.508
29.5 16.1
29.5 17.684
29.5 12.654
29.5 17.381
29.5 19.503
29.5 18.374
29.5 16.008
30.0 16.967
30.0 19.51
31.0 18.088
31.0 19.279
31.0 19.053
31.5 23.163
31.5 23.309
32.0 24.359
32.0 24.041
32.0 23.175
32.0 24.09
32.0 23.8
32.0 23.219
32.0 24.433
32.0 23.404
32.0 24.29
33.0 24.158
33.0 24.113
33.0 23.908
33.0 21.668
33.0 21.743
33.0 23.671
33.0 24.628
33.0 23.334
33.5 24.966
33.5 24.937
33.5 26.05
33.5 24.676
33.5 24.263
33.5 25.42
33.5 25.208
33.5 25.618
33.5 26.34
33.5 25.431
33.5 26.336
33.5 24.179
33.5 25.418
33.5 25.27
33.5 25.216
33.5 24.209
33.5 23.205
33.5 26.277
33.5 24.975
33.5 25.737
33.5 25.395
33.5 25.781
33.5 26.831
33.5 24.932
33.5 26.185
33.5 25.885
33.5 26.66
33.5 24.736
33.5 26.399
33.5 24.587
33.5 25.549
33.5 24.947
33.5 26.264
33.5 26.21
33.5 26.226
33.5 24.719
33.5 26.289
33.5 24.001
33.5 26.329
33.5 25.228
33.5 24.883
33.5 25.794
33.5 25.895
33.5 25.06
33.5 25.999
33.5 26.836
33.5 25.276
33.5 25.879
33.5 22.789
33.5 25.033
33.5 26.948
33.5 24.923
33.5 24.446
33.5 24.111
33.5 24.436
33.5 24.945
33.5 27.007
33.5 23.691
33.5 25.614
33.5 25.657
33.5 24.832
33.5 25.343
33.5 25.066
33.5 24.762
33.5 26.206
34.0 26.652
34.0 25.407
34.0 24.13
34.0 26.668
34.0 25.16
34.0 24.98
34.0 24.408
34.0 23.407
34.0 25.417
34.0 25.021
34.0 25.903
34.0 25.02
34.0 26.271
34.0 23.681
34.0 25.713
34.0 24.955
35.0 26.838
35.0 22.119
35.0 19.826
35.0 25.2
35.0 22.234
35.0 22.812
35.0 24.233
35.0 26.316
35.0 24.867
36.0 26.038
36.0 23.493
36.0 22.711
36.0 23.807
36.0 23.725
36.0 24.915
36.0 24.096
36.0 25.592
36.0 26.368
36.0 23.157
36.5 25.546
36.5 25.321
36.5 25.92
36.5 25.449
36.5 26.104
36.5 26.855
36.5 23.973
36.5 24.755
36.5 25.888
36.5 25.759
36.5 27.519
36.5 27.325
36.5 25.978
36.5 25.478
36.5 25.136
36.5 26.486
36.5 26.429
36.5 27.543
36.5 27.57
36.5 27.349
36.5 27.854
36.5 26.92
36.5 27.38
36.5 27.429
36.5 26.198
36.5 26.931
36.5 26.861
36.5 26.088
36.5 25.127
36.5 25.716
36.5 26.439
36.5 27.406
36.5 27.148
36.5 28.272
37.0 26.451
37.0 28.819
37.0 25.565
37.0 27.428
37.0 25.366
37.0 27.308
37.0 26.426
37.0 27.383
37.0 26.864
37.0 25.879
37.0 25.886
37.0 27.794
37.0 26.241
37.0 27.102
37.0 28.003
37.0 27.497
37.0 26.556
37.0 27.172
37.0 25.496
37.0 26.2
37.0 25.309
37.0 26.672
37.0 25.208
37.0 24.686
37.0 23.628
37.0 27.948
37.0 26.703
37.0 27.47
37.0 26.927
37.0 26.127
37.0 25.974
37.0 25.505
37.0 26.42
37.0 24.582
37.0 25.692
37.0 27.399
37.0 26.762
37.0 26.405
37.0 23.796
37.0 27.792
37.0 25.825
37.0 26.731
37.0 27.526
37.0 27.654
37.0 26.723
37.0 25.269
37.0 27.009
37.0 27.012
37.0 28.031
37.0 25.707
37.0 24.132
37.0 26.663
37.0 26.011
37.0 25.605
37.0 24.935
37.0 26.949
37.0 25.618
37.0 26.754
37.0 26.803
37.0 26.133
37.0 26.931
37.0 27.985
37.0 28.364
37.0 27.119
37.0 27.611
37.0 27.55
37.0 25.615
37.0 27.229
37.0 27.145
37.0 26.022
37.0 27.114
37.0 27.366
37.0 28.524
37.0 25.189
37.0 27.735
37.0 26.235
37.0 24.581
37.0 25.715
37.0 27.785
37.0 25.908
37.0 26.838
37.0 26.602
37.0 27.898
37.0 26.966
37.0 25.87
37.0 25.056
37.0 27.554
37.0 26.696
37.0 24.369
37.0 26.905
37.0 26.543
37.0 27.297
37.0 24.841
37.0 26.895
37.0 28.519
37.0 26.625
37.0 26.846
37.0 26.653
37.0 27.716
37.0 26.434
37.0 26.787
37.0 26.252
37.0 26.877
37.0 27.384
37.0 26.569
37.0 25.953
37.0 26.647
37.0 25.76
37.0 27.373
37.0 25.242
37.0 24.349
37.0 25.317
37.0 25.289
37.0 26.814
37.0 27.003
37.0 26.373
37.0 25.616
37.0 25.354
37.0 27.907
37.0 25.719
37.0 27.373
37.0 25.499
37.0 25.418
37.0 26.956
37.0 26.706
37.0 26.818
37.0 26.577
37.0 26.768
37.0 27.893
37.0 26.725
37.0 25.72
37.0 26.105
37.0 26.928
37.0 26.337
37.0 27.503
37.0 27.866
37.0 26.467
37.0 27.252
37.0 25.636
37.0 26.89
37.0 28.499
37.0 25.512
37.0 26.586
37.0 25.214
37.0 27.76
37.0 26.979
37.0 28.626
37.0 27.033
37.0 27.852
37.0 26.221
37.0 26.03
37.0 25.258
37.0 28.326
37.0 27.048
37.0 25.348
37.0 25.759
37.0 26.396
37.0 26.408
37.0 25.104
37.0 24.708
37.0 26.606
37.0 26.388
37.0 28.558
37.0 25.733
37.0 25.111
37.0 24.75
37.0 25.784
37.0 22.735
37.0 26.391
37.0 26.635
37.0 26.81
37.0 27.621
37.0 27.874
37.0 26.164
37.0 23.353
37.0 27.487
37.0 26.176
37.0 26.639
37.0 26.687
37.0 26.431
37.0 24.666
37.0 26.001
37.0 26.185
37.0 26.65
37.0 26.134
37.0 26.582
37.0 27.823
37.0 27.873
37.0 27.353
37.0 27.873
37.0 26.904
37.0 26.725
37.0 25.83
37.0 27.297
37.0 26.878
37.0 28.221
37.0 26.814
37.0 26.759
37.0 26.314
37.0 26.459
37.0 25.854
37.0 25.157
37.0 26.542
37.0 25.979
37.0 23.318
37.0 24.924
37.0 27.055
37.0 27.64
37.0 25.505
37.0 27.913
37.0 26.375
37.0 26.234
37.0 27.581
37.0 26.316
37.0 26.389
37.0 27.69
37.0 26.754
37.0 26.126
37.0 27.677
37.0 27.012
37.0 25.595
37.0 22.744
37.0 25.697
37.0 26.026
37.0 24.586
37.0 26.542
37.0 27.249
37.0 25.778
37.0 26.368
37.0 26.233
37.0 27.021
37.0 26.678
37.0 24.115
37.0 26.459
37.0 24.729
37.0 26.231
37.0 25.98
37.0 25.57
37.0 25.86
37.0 25.903
37.0 26.624
37.0 25.811
37.0 26.24
37.0 24.294
37.0 26.381
37.0 25.661
37.0 23.397
37.0 27.648
37.0 26.626
37.0 26.327
37.0 25.084
37.0 26.715
37.0 26.511
37.0 26.5
37.0 27.882
37.0 27.441
37.0 26.804
37.0 26.856
37.0 27.057
37.0 25.806
37.0 26.9
37.0 26.867
37.0 26.762
37.0 24.319
37.0 25.748
37.0 21.235
37.0 25.591
37.0 26.496
37.0 26.601
37.0 26.512
37.0 27.959
37.0 26.468
37.0 24.435
37.0 27.208
37.0 27.666
37.0 27.527
37.0 27.826
37.0 26.569
37.0 27.233
37.0 27.826
37.0 27.561
37.0 27.142
37.0 25.491
37.0 25.937
37.0 28.045
37.0 23.722
37.0 25.352
37.0 25.46
37.0 24.52
37.0 26.249
37.0 24.953
37.0 24.887
37.0 27.367
37.0 26.615
37.0 26.913
37.0 24.677
37.0 23.646
37.0 27.048
37.0 27.572
37.0 28.046
37.0 26.839
37.0 27.281
37.0 27.105
37.0 26.759
37.0 25.553
37.0 24.512
37.0 26.533
37.0 25.158
37.0 27.164
37.0 25.783
37.0 25.994
37.0 27.186
37.0 25.401
37.0 26.668
37.0 23.965
37.0 28.478
500
-43.0 -231.426
-42.0 -125.143
-7.0 -79.474
0.5 -87.246
8.0 -28.065
13.0 -27.366
19.0 -6.025
20.0 -0.059
21.0 0.987
24.0 4.148
24.0 8.073
24.0 10.42
25.0 12.58
25.5 13.378
26.0 15.703
26.0 15.634
27.0 16.55
27.0 17.726
28.5 19.754
28.5 17.582
29.0 17.258
29.5 18.761
29.5 19.873
30.5 19.391
30.5 19.696
30.5 19.916
31.5 19.376
31.5 19.941
31.5 21.799
33.0 21.099
33.0 21.673
34.0 20.967
34.0 20.895
34.0 22.451
34.0 22.999
34.0 21.938
34.0 21.636
34.5 23.647
34.5 24.637
34.5 23.501
34.5 24.475
34.5 23.263
34.5 25.805
34.5 26.14
34.5 24.841
34.5 25.797
34.5 25.804
34.5 26.474
34.5 23.43
34.5 24.163
35.0 25.348
35.0 23.034
35.0 24.763
35.0 24.819
35.0 20.81
35.0 21.55
35.0 23.867
35.5 22.613
35.5 22.808
35.5 20.112
35.5 23.027
35.5 22.481
35.5 22.27
35.5 24.597
35.5 24.336
35.5 25.643
35.5 24.21
35.5 25.737
35.5 26.024
35.5 27.412
35.5 25.145
35.5 26.515
35.5 24.564
35.5 26.736
35.5 26.077
35.5 24.835
35.5 26.325
35.5 25.344
35.5 23.472
35.5 27.987
35.5 26.133
35.5 25.582
35.5 26.404
35.5 27.41
35.5 27.008
35.5 27.065
35.5 25.129
35.5 25.922
35.5 24.82
35.5 27.213
35.5 25.59
35.5 27.586
35.5 24.339
35.5 24.329
35.5 24.38
35.5 24.659
35.5 24.924
35.5 27.226
35.5 26.581
35.5 25.185
35.5 25.364
35.5 24.364
35.5 26.416
35.5 26.701
35.5 21.894
35.5 27.258
35.5 26.741
35.5 26.32
35.5 26.774
35.5 26.615
35.5 26.439
35.5 24.814
35.5 27.121
35.5 27.357
35.5 26.695
35.5 26.246
35.5 26.123
35.5 25.842
35.5 25.478
35.5 26.585
35.5 26.464
35.5 26.83
35.5 25.541
35.5 26.241
35.5 25.984
35.5 25.388
35.5 25.364
35.5 27.81
35.5 26.452
35.5 26.851
35.5 26.086
35.5 26.933
35.5 24.715
35.5 27.318
35.5 24.938
35.5 25.082
35.5 25.693
35.5 26.823
35.5 26.134
35.5 26.11
35.5 26.757
35.5 28.149
35.5 26.039
35.5 27.629
35.5 26.784
35.5 24.551
35.5 26.516
35.5 26.923
35.5 24.555
35.5 27.828
35.5 26.797
35.5 28.879
35.5 28.19
35.5 25.78
35.5 27.576
35.5 26.708
35.5 25.659
35.5 26.432
35.5 26.768
35.5 24.459
35.5 24.902
35.5 27.604
35.5 27.432
35.5 26.882
35.5 26.98
35.5 25.622
35.5 25.372
35.5 25.956
35.5 27.161
35.5 24.76
35.5 23.885
35.5 25.641
35.5 26.047
35.5 25.483
35.5 24.133
35.5 25.453
35.5 26.329
35.5 25.913
35.5 26.183
35.5 26.546
35.5 26.766
35.5 25.125
35.5 24.031
35.5 25.883
35.5 25.773
35.5 25.092
35.5 25.457
35.5 26.386
35.5 24.501
35.5 25.44
35.5 26.387
35.5 24.579
35.5 26.573
35.5 26.372
35.5 26.157
35.5 25.085
35.5 27.221
35.5 25.782
35.5 24.684
35.5 25.747
35.5 26.9
35.5 24.765
35.5 28.425
35.5 26.004
35.5 26.694
35.5 26.852
35.5 27.614
35.5 23.952
35.5 26.246
35.5 25.933
35.5 26.66
35.5 26.773
35.5 26.023
35.5 25.992
35.5 26.994
35.5 26.808
35.5 26.826
35.5 27.208
35.5 27.003
35.5 26.273
35.5 26.136
35.5 27.369
35.5 27.416
35.5 28.226
35.5 27.776
35.5 26.397
35.5 24.826
35.5 26.71
35.5 28.068
35.5 27.365
35.5 26.85
35.5 25.73
35.5 26.847
35.5 26.015
35.5 25.564
35.5 25.582
35.5 26.755
35.5 27.326
35.5 26.318
35.5 26.512
35.5 26.447
35.5 21.633
35.5 19.59
35.5 24.997
35.5 24.779
35.5 26.962
35.5 26.682
35.5 24.254
35.5 25.119
35.5 23.231
35.5 25.183
35.5 25.111
35.5 24.371
35.5 25.934
35.5 27.077
35.5 26.658
35.5 25.209
35.5 26.037
35.5 24.349
35.5 25.091
35.5 25.754
35.5 23.301
35.5 25.908
35.5 25.787
35.5 27.331
35.5 24.243
35.5 26.0
35.5 26.864
35.5 25.002
35.5 27.004
35.5 24.796
35.5 24.484
35.5 22.013
35.5 24.627
35.5 26.98
35.5 24.539
35.5 25.275
35.5 27.048
35.5 26.522
35.5 26.079
35.5 26.223
35.5 26.716
35.5 25.777
35.5 27.05
35.5 24.381
35.5 26.598
35.5 24.071
35.5 23.908
35.5 24.42
35.5 26.143
35.5 26.564
35.5 26.001
35.5 25.243
35.5 26.548
35.5 27.796
35.5 26.546
35.5 25.863
35.5 24.193
35.5 26.03
35.5 26.288
35.5 24.383
35.5 26.935
35.5 26.075
35.5 26.273
35.5 23.639
35.5 23.951
35.5 27.697
35.5 26.3
35.5 26.849
35.5 26.964
35.5 27.638
35.5 27.021
35.5 23.974
35.5 26.023
35.5 27.339
35.5 26.126
35.5 26.371
35.5 25.91
35.5 24.784
35.5 25.315
35.5 23.955
35.5 26.24
35.5 25.324
35.5 28.504
35.5 26.744
35.5 26.326
35.5 27.184
35.5 24.994
35.5 25.916
35.5 26.325
35.5 27.649
35.5 27.705
35.5 24.372
35.5 26.593
35.5 26.138
35.5 26.841
35.5 27.821
35.5 27.415
35.5 25.414
35.5 24.181
35.5 24.752
35.5 26.706
35.5 25.016
35.5 27.327
35.5 23.49
35.5 26.074
35.5 25.816
35.5 25.359
35.5 26.158
35.5 24.857
35.5 26.882
35.5 25.887
35.5 24.397
35.5 25.526
35.5 27.574
35.5 27.933
35.5 24.2
35.5 26.011
35.5 26.715
35.5 26.843
35.5 26.738
35.5 25.796
35.5 25.672
35.5 27.439
35.5 25.68
35.5 25.489
35.5 26.316
35.5 22.25
35.5 25.755
35.5 26.558
35.5 26.004
35.5 26.772
35.5 25.067
35.5 26.761
35.5 24.348
35.5 27.579
35.5 27.016
35.5 27.705
35.5 27.115
35.5 27.434
35.5 27.085
35.5 26.273
35.5 26.096
35.5 26.378
35.5 25.631
35.5 26.15
35.5 26.568
35.5 27.174
35.5 25.961
35.5 26.489
35.5 26.484
35.5 24.738
35.5 24.163
35.5 20.663
35.5 25.413
35.5 26.595
35.5 26.792
35.5 24.64
35.5 26.351
35.5 25.805
35.5 26.089
35.5 26.155
35.5 26.649
35.5 26.01
35.5 26.529
35.5 24.678
35.5 24.452
35.5 25.257
35.5 24.915
35.5 25.649
35.5 25.149
35.5 25.608
35.5 26.787
35.5 27.348
35.5 27.316
35.5 26.149
35.5 24.462
35.5 27.197
35.5 25.735
35.5 26.581
35.5 26.697
35.5 25.732
35.5 25.682
35.5 27.418
35.5 26.816
35.5 27.129
35.5 26.076
35.5 25.696
35.5 27.249
35.5 26.173
35.5 27.655
35.5 27.661
35.5 26.072
35.5 28.239
35.5 26.827
35.5 27.079
35.5 26.797
35.5 26.891
35.5 24.552
35.5 25.014
35.5 23.354
35.5 25.143
35.5 25.508
35.5 24.528
35.5 25.451
35.5 23.248
35.5 25.878
35.5 26.972
35.5 26.18
35.5 25.005
35.5 23.358
35.5 23.894
35.5 26.199
35.5 26.967
35.5 26.003
35.5 26.565
35.5 27.458
35.5 26.646
35.5 26.278
35.5 26.481
35.5 26.416
35.5 23.979
35.5 24.783
35.5 24.889
35.5 24.71
35.5 26.596
35.5 24.831
35.5 25.84
35.5 24.588
35.5 26.352
35.5 27.604
35.5 25.197
35.5 26.426
35.5 27.37
35.5 26.347
35.5 25.481
35.5 27.253
35.5 24.405
35.5 26.746
35.5 26.442
35.5 26.62
35.5 26.394
35.5 25.151
35.5 26.798
35.5 26.38
35.5 27.297
35.5 26.896
35.5 27.425
35.5 25.923
35.5 26.489
35.5 23.762
35.5 26.55
35.5 23.812
35.5 26.427
35.5 23.542
35.5 26.816
35.5 27.647
35.5 25.569
35.5 26.482
35.5 26.433
500
-35.5 -229.458
-35.5 -128.858
-11.5 -83.596
-0.5 -70.479
2.5 -34.884
8.5 -23.658
17.5 -18.784
18.5 -8.563
20.0 -1.3
20.0 1.057
22.0 2.598
23.5 8.428
25.5 11.396
25.5 11.38
25.5 14.579
27.5 15.394
27.5 13.445
27.5 17.367
27.5 18.076
28.0 17.698
28.0 17.168
28.5 17.956
28.5 17.377
30.0 19.829
30.5 20.427
30.5 19.441
31.5 19.069
31.5 19.734
31.5 21.424
33.0 21.842
33.0 22.096
33.0 21.856
33.0 23.362
33.0 23.921
33.0 22.672
34.0 25.211
34.0 24.614
34.5 24.149
34.5 24.556
34.5 23.971
35.0 25.55
35.0 24.294
35.0 24.724
35.0 25.279
35.0 23.159
35.0 24.787
35.0 24.256
35.0 25.296
35.0 25.524
35.0 22.107
35.0 24.13
35.0 25.301
35.0 25.42
35.0 24.468
35.0 25.35
35.5 26.192
35.5 26.458
35.5 25.369
35.5 24.933
35.5 26.6
35.5 25.464
35.5 25.922
35.5 25.779
35.5 25.111
35.5 25.277
35.5 26.375
35.5 26.024
35.5 27.865
35.5 26.641
35.5 26.717
35.5 26.465
35.5 26.161
35.5 26.425
35.5 26.405
35.5 26.458
35.5 25.939
35.5 26.494
35.5 26.065
35.5 25.272
35.5 25.171
35.5 26.26
35.5 26.877
35.5 25.982
35.5 23.961
35.5 25.732
35.5 26.768
35.5 23.972
35.5 24.412
35.5 27.47
35.5 26.868
35.5 26.374
35.5 27.089
35.5 27.441
35.5 25.539
35.5 24.24
35.5 24.777
35.5 26.813
35.5 26.854
35.5 27.205
35.5 26.033
35.5 25.685
35.5 26.156
35.5 25.602
35.5 25.999
35.5 24.803
35.5 27.205
35.5 24.527
35.5 24.219
35.5 26.322
35.5 26.324
35.5 26.43
35.5 26.045
35.5 26.772
35.5 26.384
35.5 25.06
35.5 25.914
35.5 25.549
35.5 25.101
35.5 25.113
35.5 24.414
35.5 22.275
35.5 24.922
35.5 26.922
35.5 27.308
35.5 26.586
35.5 26.089
35.5 26.686
35.5 27.34
35.5 26.007
35.5 26.631
35.5 25.681
35.5 26.886
35.5 25.572
35.5 22.609
35.5 24.024
35.5 25.73
35.5 25.596
35.5 25.765
35.5 26.71
35.5 25.682
35.5 24.901
35.5 26.417
35.5 26.352
35.5 25.908
35.5 25.684
35.5 26.406
35.5 25.235
35.5 24.976
35.5 24.716
35.5 26.247
35.5 25.772
35.5 26.566
35.5 27.582
35.5 26.312
35.5 24.188
35.5 24.198
35.5 26.331
35.5 27.689
35.5 26.161
35.5 27.022
35.5 26.619
35.5 23.858
35.5 27.413
35.5 24.422
35.5 26.728
35.5 25.925
35.5 25.705
35.5 24.051
35.5 25.88
35.5 26.711
35.5 26.874
35.5 25.811
35.5 26.411
35.5 26.023
35.5 26.424
35.5 27.775
35.5 23.975
35.5 26.16
35.5 25.862
35.5 26.531
35.5 24.173
35.5 24.634
35.5 26.671
35.5 26.802
35.5 25.824
35.5 24.225
35.5 23.905
35.5 25.678
35.5 26.185
35.5 23.534
35.5 25.596
35.5 25.908
35.5 26.364
35.5 26.904
35.5 25.295
35.5 26.184
35.5 25.202
35.5 26.401
35.5 25.654
35.5 24.946
35.5 26.477
35.5 25.615
35.5 26.031
35.5 25.244
35.5 24.239
35.5 25.085
35.5 25.104
35.5 24.676
35.5 25.052
35.5 26.172
35.5 25.348
35.5 26.431
35.5 24.642
35.5 26.021
35.5 26.988
35.5 26.719
35.5 25.769
35.5 25.317
35.5 26.686
35.5 25.909
35.5 25.558
35.5 28.014
35.5 26.059
35.5 23.82
35.5 24.514
35.5 25.232
35.5 24.877
35.5 24.71
35.5 26.39
35.5 24.607
35.5 25.4
35.5 26.472
35.5 26.878
35.5 25.213
35.5 24.864
35.5 24.833
35.5 26.731
35.5 24.753
35.5 24.366
35.5 25.529
35.5 26.561
35.5 27.394
35.5 25.187
35.5 23.994
35.5 24.63
35.5 26.157
35.5 24.078
35.5 22.169
35.5 26.557
35.5 25.397
35.5 27.072
35.5 25.701
35.5 26.79
35.5 25.345
35.5 26.057
35.5 25.195
35.5 24.945
35.5 27.668
35.5 24.846
35.5 25.331
35.5 25.168
35.5 25.446
35.5 24.673
35.5 26.53
35.5 25.401
35.5 24.081
35.5 26.165
35.5 25.797
35.5 26.246
35.5 26.352
35.5 25.797
35.5 25.737
35.5 27.893
35.5 27.037
35.5 25.833
35.5 25.402
35.5 26.968
35.5 27.204
35.5 25.039
35.5 26.389
35.5 26.219
35.5 25.702
35.5 24.451
35.5 25.396
35.5 24.619
35.5 25.125
35.5 25.329
35.5 27.565
35.5 26.904
35.5 27.185
35.5 26.403
35.5 27.121
35.5 26.588
35.5 27.357
35.5 21.611
35.5 25.317
35.5 26.254
35.5 26.386
35.5 25.835
35.5 26.652
35.5 25.939
35.5 25.477
35.5 25.606
35.5 23.562
35.5 22.904
35.5 24.927
35.5 26.276
35.5 25.888
35.5 25.847
35.5 25.389
35.5 26.082
35.5 27.219
35.5 28.192
35.5 27.01
35.5 23.415
35.5 24.764
35.5 26.755
35.5 23.373
35.5 26.065
35.5 24.696
35.5 26.319
35.5 27.255
35.5 25.585
35.5 25.229
35.5 25.128
35.5 23.569
35.5 25.139
35.5 24.807
35.5 24.195
35.5 25.223
35.5 27.853
35.5 25.81
35.5 26.823
35.5 26.096
35.5 26.301
35.5 26.41
35.5 26.842
35.5 26.705
35.5 24.402
35.5 25.334
35.5 26.234
35.5 27.864
35.5 27.011
35.5 24.509
35.5 26.9
35.5 24.537
35.5 24.928
35.5 25.97
35.5 25.601
35.5 27.394
35.5 26.178
35.5 27.48
35.5 26.197
35.5 25.141
35.5 25.154
35.5 23.41
35.5 25.312
35.5 24.015
35.5 24.57
35.5 23.34
35.5 24.62
35.5 24.971
35.5 26.449
35.5 26.942
35.5 27.797
35.5 25.2
35.5 25.151
35.5 25.21
35.5 26.129
35.5 26.359
35.5 26.664
35.5 24.166
35.5 26.16
35.5 26.9
35.5 26.292
35.5 26.965
35.5 27.244
35.5 25.483
35.5 25.726
35.5 25.065
35.5 25.344
35.5 23.588
35.5 24.63
35.5 25.446
35.5 26.496
35.5 26.794
35.5 25.782
35.5 26.424
35.5 27.263
35.5 26.211
35.5 27.492
35.5 25.997
35.5 27.031
35.5 26.819
35.5 26.608
35.5 25.99
35.5 27.379
35.5 26.603
35.5 23.747
35.5 23.414
35.5 24.962
35.5 25.175
35.5 26.531
35.5 26.672
35.5 23.338
35.5 25.646
35.5 24.821
35.5 25.815
35.5 26.477
35.5 25.609
35.5 25.1
35.5 26.111
35.5 26.898
35.5 25.239
35.5 24.596
35.5 25.953
35.5 24.965
35.5 24.442
35.5 27.06
35.5 24.629
35.5 26.058
35.5 24.722
35.5 26.545
35.5 22.509
35.5 24.108
35.5 24.206
35.5 24.227
35.5 27.354
35.5 25.451
36.0 26.741
36.0 25.528
36.0 26.714
36.0 26.632
36.0 25.817
36.0 24.623
36.0 25.108
36.0 25.759
36.0 26.27
36.0 24.398
36.0 24.293
36.0 21.677
36.0 24.203
36.0 25.766
36.0 22.407
36.0 24.167
36.0 24.199
36.0 23.684
36.0 26.585
36.0 25.045
36.0 24.018
36.0 26.428
36.0 25.471
36.0 25.143
36.0 26.692
36.0 23.888
36.0 26.886
36.0 24.853
36.0 24.174
36.0 25.719
36.0 22.72
36.0 25.943
36.0 24.563
36.0 24.072
36.0 25.816
36.0 24.248
36.0 26.369
36.0 25.928
36.0 26.031
36.0 27.828
36.0 24.643
36.0 22.488
36.0 22.833
36.0 23.797
36.0 25.138
36.0 25.839
36.0 25.503
36.0 26.294
36.0 25.903
36.0 25.615
36.0 26.684
36.0 25.46
36.0 26.223
36.0 22.982
36.0 25.847
36.0 24.404
36.0 23.287
36.0 24.745
36.0 22.225
36.0 23.633
36.0 21.184
36.0 26.518
36.0 25.94
36.0 24.81
36.0 24.336
36.0 23.454
36.0 23.938
36.0 25.59
36.0 25.517
36.0 26.317
36.0 21.943
500
-34.0 -232.719
-34.0 -129.068
-13.5 -97.79
6.5 -73.86
7.5 -40.286
17.0 -26.362
20.0 -7.352
21.5 -4.816
22.5 3.834
22.5 11.089
28.0 13.331
28.0 12.687
28.0 15.989
28.0 16.524
28.0 16.357
29.0 18.705
29.0 19.235
29.0 19.328
29.5 20.705
30.0 19.254
32.0 20.936
32.0 20.882
32.0 21.609
32.5 21.936
32.5 23.341
32.5 22.664
32.5 23.482
32.5 20.829
33.0 24.657
34.0 23.264
34.0 22.254
34.0 23.285
34.0 22.628
34.0 24.033
34.0 24.871
34.0 24.031
34.0 24.47
34.0 24.227
34.0 25.01
34.0 25.998
34.0 24.595
34.0 24.979
34.0 24.272
34.0 25.073
34.0 25.715
34.0 23.863
34.0 24.616
34.0 25.894
34.0 24.257
34.0 25.502
34.0 24.268
34.0 24.766
34.0 25.243
34.0 24.941
34.0 24.097
34.0 24.464
34.0 25.099
34.0 25.604
34.0 24.647
34.0 24.43
34.0 23.81
34.0 23.947
34.0 22.645
34.0 24.446
34.0 23.819
34.0 23.673
34.0 24.528
34.0 25.795
34.0 24.757
34.0 25.34
34.0 23.475
34.0 25.193
34.0 24.295
34.0 24.709
34.0 22.934
34.0 23.703
34.0 26.533
34.0 24.732
34.0 24.432
34.0 25.042
34.0 25.444
34.0 26.869
34.0 24.409
34.0 24.077
34.0 22.954
34.0 25.892
34.0 25.06
34.0 24.417
34.0 16.968
34.0 24.555
34.0 24.434
34.0 25.044
34.0 24.498
34.0 23.375
34.0 25.609
34.0 26.795
34.0 24.783
34.0 25.419
34.0 24.362
34.0 23.639
34.0 25.668
34.0 25.519
34.0 25.844
34.0 25.034
34.0 23.214
34.0 25.661
34.0 25.268
34.0 25.012
34.0 23.172
34.0 24.974
34.0 24.688
34.0 24.698
34.0 24.389
34.0 25.667
34.0 25.28
34.0 24.793
34.0 22.411
34.0 23.984
34.0 25.182
34.0 23.712
34.0 24.632
34.0 24.194
34.0 23.445
34.0 24.78
34.0 23.269
34.0 23.0
34.0 24.276
34.0 25.502
34.0 25.392
34.0 25.63
34.0 23.95
34.0 23.56
34.0 24.287
34.0 24.347
34.0 25.041
34.0 23.161
34.0 23.582
34.0 24.653
34.0 25.223
34.0 25.147
34.0 24.446
34.0 24.967
34.0 23.273
34.0 26.02
34.0 23.942
34.0 25.224
34.0 24.486
34.0 25.767
34.0 26.532
34.0 24.715
34.0 26.214
34.0 25.216
34.0 25.894
34.0 26.301
34.0 23.636
34.0 24.784
34.0 26.026
34.0 23.479
34.0 26.11
34.0 24.363
34.0 23.055
34.0 25.189
34.0 25.079
34.0 24.294
34.0 24.352
34.0 24.447
34.0 25.901
34.0 24.422
34.0 25.276
34.0 25.161
34.0 24.737
34.0 23.889
34.0 22.918
34.0 24.102
34.0 23.496
34.0 24.977
34.0 24.086
34.0 24.839
34.0 25.488
34.0 25.559
34.0 21.936
34.0 23.005
34.0 24.783
34.0 24.643
34.0 23.149
34.0 25.363
34.0 22.864
34.0 22.609
34.0 24.987
34.0 22.793
34.0 24.44
34.0 24.723
34.0 25.595
34.0 26.353
34.0 25.635
34.0 24.408
34.0 24.606
34.0 23.789
34.0 24.079
34.0 25.063
34.0 25.013
34.0 25.113
34.0 23.965
34.0 25.152
34.0 24.52
34.0 22.822
34.0 25.121
34.0 22.275
34.0 26.051
34.0 26.309
34.0 24.916
34.0 22.777
34.0 23.17
34.0 25.248
34.0 24.516
34.0 22.599
34.0 24.359
34.0 25.489
34.0 24.509
34.0 25.054
34.0 25.307
34.0 24.086
34.0 20.541
34.0 25.241
34.0 24.874
34.0 23.299
34.0 25.53
34.0 24.979
34.0 25.705
34.0 23.721
34.0 23.386
34.0 25.796
34.0 22.374
34.0 24.948
34.0 24.262
34.0 25.574
34.0 23.757
34.0 24.936
34.0 25.29
34.0 25.121
34.0 23.704
34.0 23.73
34.0 22.828
34.0 22.249
34.0 24.497
34.0 21.66
34.0 23.675
34.0 22.689
34.0 23.737
34.0 25.037
34.0 21.473
34.0 23.628
34.0 20.558
34.0 23.836
34.0 21.415
34.0 23.512
34.0 20.91
34.0 24.144
34.0 22.667
34.0 24.947
34.0 25.969
34.0 25.246
34.0 20.299
34.0 25.274
34.0 24.279
34.0 24.307
34.0 23.715
34.0 22.56
34.0 21.008
34.0 22.284
34.0 24.229
34.0 23.371
34.0 25.065
34.0 23.068
34.0 24.06
34.0 24.05
34.0 25.346
34.0 24.47
34.0 25.173
34.0 24.521
34.0 24.833
34.0 25.907
34.0 25.813
34.0 25.542
34.0 22.063
34.0 24.101
34.0 25.387
34.0 26.048
34.0 23.921
34.0 24.657
34.0 25.761
34.0 25.324
34.0 23.151
34.0 24.416
34.0 24.96
34.0 24.122
34.0 22.793
34.0 24.238
34.0 24.967
34.0 25.73
34.0 24.276
34.0 24.962
34.0 25.098
34.0 25.713
34.0 24.494
34.0 25.507
34.0 23.878
34.0 25.169
34.0 25.244
34.0 24.074
34.0 23.308
34.0 24.15
34.0 24.948
34.0 23.919
34.0 23.709
34.0 24.793
34.0 23.732
34.0 25.613
34.0 22.165
34.0 24.271
34.0 25.423
34.0 25.817
34.0 24.587
34.0 23.104
34.0 26.036
34.0 24.567
34.0 26.709
34.0 25.276
34.0 26.078
34.0 25.379
34.0 23.68
34.0 24.745
34.0 24.025
34.0 24.857
34.0 24.309
34.0 25.658
34.0 24.653
34.0 24.016
34.0 23.862
34.0 25.293
34.0 24.46
34.0 24.343
34.0 22.947
34.0 24.976
34.0 25.519
34.0 26.129
34.0 24.565
34.0 24.228
34.0 23.891
34.0 23.883
34.0 24.451
34.0 23.398
34.0 23.913
34.0 25.546
34.0 22.986
34.0 23.005
34.0 23.277
34.0 23.339
34.0 20.999
34.0 19.647
34.0 24.968
34.0 24.701
34.0 24.935
34.0 24.885
34.0 24.095
34.0 24.912
34.0 25.75
34.0 25.468
34.0 25.98
34.0 24.737
34.0 24.176
34.0 25.402
34.0 24.762
34.0 25.486
34.0 24.871
34.0 23.938
34.0 24.194
34.0 24.414
34.0 21.479
34.0 22.533
34.0 24.604
34.0 25.573
34.0 25.692
34.0 24.024
34.0 24.874
34.0 24.258
34.0 23.75
34.0 22.313
34.0 25.73
34.0 24.67
34.0 24.202
34.0 24.88
34.0 22.853
34.0 22.843
34.0 24.427
34.0 21.632
34.0 24.901
34.0 25.153
34.0 25.216
34.0 25.181
34.0 24.821
34.0 23.756
34.0 20.985
34.0 23.821
34.0 25.058
34.0 24.413
34.0 25.781
34.0 25.314
34.0 26.556
34.0 26.991
34.0 26.331
34.0 24.281
34.0 26.67
34.0 26.625
34.0 24.748
34.0 25.231
34.0 24.905
34.0 24.135
34.0 22.224
34.0 25.302
34.0 24.239
34.0 26.566
34.0 26.405
34.0 26.261
34.0 26.203
34.0 22.627
34.0 24.62
34.0 24.807
34.0 23.299
34.0 24.646
34.0 22.248
34.0 25.407
34.0 22.19
34.0 24.273
34.0 24.571
34.0 24.595
34.0 24.694
34.0 23.77
34.0 24.598
34.0 25.271
34.0 24.939
34.0 22.83
34.0 24.121
34.0 23.614
34.0 24.856
34.0 25.278
34.0 24.597
34.0 23.925
34.0 23.591
34.0 23.905
34.0 23.335
34.0 23.084
34.0 24.524
34.0 23.705
34.0 24.642
34.0 25.103
34.0 23.614
34.0 24.451
34.0 25.867
34.0 23.55
34.0 23.839
34.0 24.112
34.0 24.863
34.0 22.478
34.0 25.24
34.0 23.118
34.0 21.736
34.0 26.302
34.0 24.794
34.0 24.694
34.0 23.973
34.0 24.273
34.0 24.398
34.0 24.46
34.0 23.909
34.0 26.422
34.0 24.516
34.0 24.735
34.0 24.213
34.0 25.821
34.0 24.703
34.0 24.798
34.0 25.22
34.0 25.766
34.0 26.047
34.0 24.06
34.0 25.849
34.0 23.417
34.0 22.72
34.0 24.423
34.0 24.684
34.0 25.509
34.0 22.835
34.0 23.187
34.0 23.416
34.0 25.258
34.0 24.667
34.0 24.89
34.0 25.469
34.0 23.179

Individual: [1, 2, 4, 8, 11, 13, 17, 19, 28, 29, 38, 60, 61, 66, 67, 69, 70, 85, 86, 88, 89, 95, 96, 98, 99]
   Fitness: 36.5
     Total: 25
Violations: 1 1

Individual: [2, 3, 5, 6, 14, 16, 17, 21, 24, 33, 54, 56, 62, 69, 72, 77, 78, 80, 85, 86, 89, 96, 97, 99]
   Fitness: 34.0
     Total: 24
Violations: 2 2

Individual: [2, 4, 5, 9, 10, 12, 13, 23, 25, 26, 31, 32, 34, 35, 70, 72, 73, 75, 79, 87, 89, 92, 93, 94, 98, 100]
   Fitness: 36.0
     Total: 26
Violations: 3 3

Individual: [2, 3, 8, 9, 11, 12, 17, 24, 27, 28, 34, 35, 38, 63, 69, 70, 72, 76, 78, 79, 85, 90, 94, 96, 97, 99]
   Fitness: 37.0
     Total: 26
Violations: 2 2

Individual: [2, 4, 5, 9, 11, 12, 19, 21, 42, 43, 47, 55, 59, 60, 61, 64, 66, 70, 84, 87, 88, 93, 95, 96, 100]
   Fitness: 33.5
     Total: 25
Violations: 4 4

Individual: [2, 3, 7, 9, 10, 19, 20, 23, 25, 26, 34, 52, 60, 63, 64, 67, 69, 72, 73, 87, 88, 90, 91, 96, 98, 99]
   Fitness: 38.0
     Total: 26
Violations: 1 1

Individual: [1, 3, 4, 8, 9, 16, 18, 19, 21, 25, 27, 56, 60, 62, 63, 65, 69, 71, 72, 83, 87, 89, 90, 92, 98, 100]
   Fitness: 37.0
     Total: 26
Violations: 2 2

Individual: [1, 2, 4, 5, 10, 12, 21, 24, 25, 27, 28, 39, 63, 64, 65, 69, 71, 72, 85, 86, 88, 92, 94, 95, 97]
   Fitness: 35.5
     Total: 25
Violations: 2 2

Individual: [1, 5, 7, 8, 10, 17, 23, 25, 31, 32, 34, 35, 44, 46, 66, 68, 73, 74, 76, 77, 79, 83, 94, 96, 97, 99]
   Fitness: 36.0
     Total: 26
Violations: 3 3

Individual: [7, 9, 10, 14, 15, 17, 22, 25, 29, 31, 38, 39, 42, 65, 76, 78, 79, 83, 85, 86, 95, 97, 98, 100]
   Fitness: 34.0
     Total: 24
Violations: 2 2
