10
500
-41.5 -234.942
-26.0 -127.0
-24.5 -81.272
-4.0 -49.574
4.0 -29.062
8.5 -12.858
13.0 -5.054
18.0 1.53
19.5 8.202
21.0 12.162
24.0 15.142
25.5 17.252
26.5 19.266
26.5 20.012
29.0 21.462
29.0 23.598
29.5 25.328
29.5 26.114
30.5 26.674
30.5 26.908
31.0 27.346
32.0 27.842
32.0 28.364
33.0 28.942
33.0 29.544
33.5 29.21
33.5 29.78
33.5 30.8
33.5 31.066
33.5 31.144
33.5 30.32
33.5 31.164
33.5 31.472
33.5 31.746
33.5 31.658
33.5 31.312
33.5 31.306
33.5 31.052
33.5 31.346
33.5 30.874
33.5 31.244
33.5 30.696
33.5 30.596
33.5 31.238
33.5 31.64
33.5 31.36
33.5 31.246
33.5 31.286
33.5 31.344
33.5 31.456
33.5 31.108
33.5 30.904
33.5 31.466
33.5 31.404
33.5 30.41
33.5 30.298
33.5 30.854
33.5 31.2
33.5 31.004
33.5 31.508
33.5 31.326
33.5 31.534
33.5 31.424
33.5 31.518
33.5 31.248
33.5 30.296
33.5 30.902
33.5 30.984
33.5 30.534
33.5 31.034
33.5 31.282
33.5 31.518
33.5 31.006
33.5 30.766
33.5 31.518
33.5 31.31
33.5 30.944
33.5 31.346
33.5 31.236
33.5 31.14
33.5 31.1
33.5 31.462
33.5 31.64
33.5 31.382
33.5 31.156
33.5 31.452
33.5 31.222
33.5 31.328
33.5 31.014
33.5 31.516
33.5 31.292
33.5 30.97
33.5 30.934
33.5 31.244
33.5 31.126
33.5 31.266
33.5 30.724
33.5 31.476
33.5 31.312
33.5 31.34
33.5 31.112
33.5 31.22
33.5 30.906
33.5 31.374
33.5 31.262
33.5 31.264
33.5 31.414
33.5 31.392
33.5 31.3
33.5 31.514
33.5 31.334
33.5 31.474
33.5 31.328
33.5 31.53
33.5 31.324
33.5 31.084
33.5 30.73
33.5 31.042
33.5 30.72
33.5 30.89
33.5 31.094
33.5 30.924
33.5 31.146
33.5 31.092
33.5 31.138
33.5 31.502
33.5 31.47
33.5 31.206
33.5 31.066
33.5 31.2
33.5 30.71
33.5 31.672
33.5 31.072
33.5 30.806
33.5 31.076
33.5 30.864
33.5 31.078
33.5 30.692
33.5 31.424
33.5 30.972
33.5 31.526
33.5 31.056
33.5 31.06
33.5 31.466
33.5 31.264
33.5 31.294
33.5 30.626
33.5 31.39
33.5 31.206
33.5 31.008
33.5 31.194
33.5 31.258
33.5 30.974
33.5 31.016
33.5 31.012
33.5 31.324
33.5 31.546
33.5 31.734
33.5 31.12
33.5 31.256
33.5 31.524
33.5 30.888
33.5 31.236
33.5 31.206
33.5 30.698
33.5 31.048
33.5 31.484
33.5 31.064
33.5 31.08
33.5 30.972
33.5 31.302
33.5 31.086
33.5 31.25
33.5 31.422
33.5 31.202
33.5 31.252
33.5 30.516
33.5 31.074
33.5 31.054
33.5 30.992
33.5 31.408
33.5 31.46
33.5 31.646
33.5 31.322
33.5 31.098
33.5 31.142
33.5 31.206
33.5 30.876
33.5 31.438
33.5 31.564
33.5 31.058
33.5 31.154
33.5 30.95
33.5 31.32
33.5 30.782
33.5 31.1
33.5 31.0
33.5 31.182
33.5 30.84
33.5 30.768
33.5 30.582
33.5 31.17
33.5 31.176
33.5 31.058
33.5 31.0
33.5 31.296
33.5 31.09
33.5 31.352
33.5 31.268
33.5 30.858
33.5 31.726
33.5 31.376
33.5 31.086
33.5 31.282
33.5 31.294
33.5 30.9
33.5 31.066
33.5 31.038
33.5 31.506
33.5 31.82
33.5 31.652
33.5 31.332
33.5 31.086
33.5 31.178
33.5 31.582
33.5 31.442
33.5 30.934
33.5 31.316
33.5 31.75
33.5 31.626
33.5 31.486
33.5 31.264
33.5 31.124
33.5 31.008
33.5 31.45
33.5 31.348
33.5 31.184
33.5 31.222
33.5 31.578
33.5 31.024
33.5 30.976
33.5 31.356
33.5 31.408
33.5 30.748
33.5 31.354
33.5 31.294
33.5 31.11
33.5 31.642
33.5 30.6
33.5 31.098
33.5 30.756
33.5 31.184
33.5 31.06
33.5 31.3
33.5 31.176
33.5 31.126
33.5 31.408
33.5 31.308
33.5 31.412
33.5 31.206
33.5 31.234
33.5 31.512
33.5 31.526
33.5 31.12
33.5 30.934
33.5 30.84
33.5 30.94
33.5 31.456
33.5 30.94
33.5 30.934
33.5 31.048
33.5 31.36
33.5 30.962
33.5 31.268
33.5 30.866
33.5 31.618
33.5 30.692
33.5 31.312
33.5 31.534
33.5 30.974
33.5 30.834
33.5 30.886
33.5 31.076
33.5 31.23
33.5 31.426
33.5 31.366
33.5 30.896
33.5 31.23
33.5 31.232
33.5 31.212
33.5 31.154
33.5 31.136
33.5 31.254
33.5 31.35
33.5 31.45
33.5 31.044
33.5 31.302
33.5 31.23
33.5 31.532
33.5 31.084
33.5 31.374
33.5 31.412
33.5 31.594
33.5 31.42
33.5 31.0
33.5 30.922
33.5 31.198
33.5 30.998
33.5 31.236
33.5 31.462
33.5 31.588
33.5 31.242
33.5 31.322
33.5 31.174
33.5 30.718
33.5 30.838
33.5 31.232
33.5 31.146
33.5 31.232
33.5 30.768
33.5 30.936
33.5 31.024
33.5 31.2
33.5 30.822
33.5 30.986
33.5 31.344
33.5 31.328
33.5 30.998
33.5 31.472
33.5 31.104
33.5 30.71
33.5 31.144
33.5 30.954
33.5 30.99
33.5 30.854
33.5 31.73
33.5 30.832
33.5 31.094
33.5 31.014
33.5 30.968
33.5 31.428
33.5 31.44
33.5 31.588
33.5 31.724
33.5 30.96
33.5 31.374
33.5 31.36
33.5 30.684
33.5 31.46
33.5 31.358
33.5 30.986
33.5 30.73
33.5 30.918
33.5 31.36
33.5 31.26
33.5 31.136
33.5 31.22
33.5 31.176
33.5 30.716
33.5 30.676
33.5 31.086
33.5 31.152
33.5 31.094
33.5 31.258
33.5 31.13
33.5 30.83
33.5 31.35
33.5 30.82
33.5 31.006
33.5 31.474
33.5 31.056
33.5 31.128
33.5 31.394
33.5 31.036
33.5 31.496
33.5 30.952
33.5 31.054
33.5 30.838
33.5 31.128
33.5 31.218
33.5 31.206
33.5 30.794
33.5 31.446
33.5 30.534
33.5 30.12
33.5 30.89
33.5 30.934
33.5 31.526
33.5 31.196
33.5 30.78
33.5 30.098
33.5 30.642
33.5 30.882
33.5 30.694
33.5 30.496
33.5 31.29
33.5 31.322
33.5 31.292
33.5 30.544
33.5 31.394
33.5 31.194
33.5 31.38
33.5 31.074
33.5 31.524
33.5 31.204
33.5 31.454
33.5 31.45
33.5 31.696
33.5 31.428
33.5 31.1
33.5 31.212
33.5 31.112
33.5 30.97
33.5 30.98
33.5 31.252
33.5 31.252
33.5 31.246
33.5 30.964
33.5 31.19
33.5 31.018
33.5 31.486
33.5 31.388
33.5 31.232
33.5 31.452
33.5 31.29
33.5 30.882
33.5 31.24
33.5 31.15
33.5 31.704
33.5 30.72
33.5 31.306
33.5 31.38
33.5 31.482
33.5 31.194
33.5 31.082
33.5 31.614
33.5 31.378
33.5 31.372
33.5 30.306
33.5 30.448
33.5 30.976
33.5 31.14
33.5 30.896
33.5 30.92
33.5 30.858
33.5 31.264
33.5 31.29
33.5 31.05
33.5 31.162
33.5 31.314
33.5 30.752
33.5 31.67
33.5 31.468
33.5 31.67
33.5 31.744
33.5 31.59
33.5 31.46
33.5 30.788
33.5 31.404
33.5 31.304
33.5 31.176
33.5 31.132
33.5 30.766
33.5 31.25
33.5 31.352
33.5 31.02
33.5 30.94
33.5 31.256
33.5 31.074
33.5 31.58
33.5 31.586
33.5 31.066
33.5 31.07
33.5 31.496
33.5 31.284
33.5 31.348
33.5 31.046
33.5 31.362
33.5 31.698
33.5 31.34
33.5 31.382
33.5 31.196
33.5 31.462
33.5 31.402
33.5 31.316
33.5 31.1
33.5 31.548
33.5 31.356
33.5 31.506
33.5 31.314
33.5 30.996
33.5 30.756
33.5 30.836
33.5 31.158
33.5 31.252
33.5 31.488
33.5 31.352
33.5 31.33
33.5 31.244
33.5 31.364
500
-46.0 -228.674
-44.0 -115.814
-28.5 -73.212
-11.0 -49.804
6.0 -30.442
8.0 -15.04
16.0 -4.674
17.0 3.104
22.5 9.938
24.0 13.742
25.5 16.674
26.0 18.8
26.0 20.488
28.0 22.54
28.0 23.178
29.5 23.904
29.5 24.374
30.0 24.908
30.5 25.272
30.5 25.69
31.0 26.874
32.0 26.484
32.0 26.614
32.5 27.222
32.5 28.322
32.5 28.416
33.0 29.43
33.0 29.89
33.0 30.37
33.0 29.28
33.0 30.568
33.5 31.026
33.5 31.114
34.0 30.776
34.0 30.876
34.0 31.376
34.0 31.092
34.0 31.398
34.5 31.26
34.5 31.77
34.5 31.876
34.5 32.162
34.5 31.69
34.5 32.306
34.5 32.298
34.5 32.18
34.5 32.282
34.5 32.388
34.5 31.952
34.5 31.338
34.5 31.962
34.5 32.166
34.5 31.954
34.5 31.778
34.5 32.344
34.5 32.206
34.5 31.82
34.5 32.106
34.5 32.294
34.5 32.176
34.5 32.226
34.5 32.074
34.5 31.978
34.5 31.656
34.5 31.752
34.5 32.244
34.5 32.406
34.5 32.276
34.5 32.116
34.5 32.11
34.5 32.316
34.5 32.168
34.5 32.36
34.5 32.062
34.5 31.972
34.5 31.87
34.5 32.348
34.5 32.374
34.5 31.722
34.5 32.336
34.5 31.976
34.5 32.072
34.5 32.11
34.5 32.486
34.5 32.338
34.5 32.556
34.5 32.606
34.5 32.374
34.5 32.11
34.5 32.01
34.5 32.224
34.5 32.128
34.5 32.312
34.5 32.404
34.5 31.764
34.5 31.808
34.5 32.362
34.5 32.312
34.5 31.772
34.5 32.172
34.5 31.83
34.5 32.158
34.5 32.072
34.5 32.12
34.5 32.602
34.5 32.272
34.5 32.468
34.5 32.102
34.5 32.062
34.5 31.74
34.5 32.188
34.5 31.97
34.5 32.42
34.5 32.206
34.5 32.19
34.5 32.22
34.5 32.31
34.5 32.18
34.5 32.65
34.5 32.118
34.5 32.188
34.5 32.61
34.5 32.586
34.5 31.866
34.5 31.98
34.5 32.164
34.5 32.032
34.5 32.136
34.5 32.192
34.5 32.042
34.5 32.12
34.5 32.298
34.5 31.728
34.5 32.568
34.5 32.274
34.5 31.904
34.5 32.412
34.5 32.272
34.5 31.946
34.5 32.148
34.5 32.062
34.5 32.242
34.5 32.41
34.5 31.93
34.5 32.228
34.5 32.186
34.5 32.71
34.5 32.67
34.5 31.944
34.5 32.316
34.5 32.308
34.5 31.664
34.5 31.928
34.5 31.722
34.5 32.65
34.5 32.408
34.5 32.086
34.5 32.446
34.5 32.294
34.5 32.63
34.5 32.308
34.5 32.274
34.5 32.308
34.5 32.294
34.5 32.478
34.5 32.306
34.5 32.354
34.5 32.582
34.5 32.31
34.5 32.32
34.5 32.186
34.5 32.384
34.5 32.528
34.5 32.298
34.5 32.134
34.5 32.588
34.5 31.9
34.5 31.8
34.5 32.314
34.5 32.004
34.5 32.212
34.5 32.15
34.5 32.116
34.5 32.672
34.5 32.046
34.5 32.02
34.5 32.21
34.5 32.166
34.5 32.48
34.5 32.056
34.5 32.318
34.5 32.19
34.5 32.082
34.5 31.688
34.5 32.146
34.5 32.426
34.5 32.186
34.5 32.064
34.5 32.22
34.5 32.49
34.5 32.202
34.5 32.192
34.5 32.274
34.5 32.004
34.5 32.318
34.5 31.662
34.5 32.562
34.5 32.264
34.5 32.388
34.5 31.874
34.5 32.306
34.5 32.472
34.5 32.328
34.5 32.002
34.5 32.022
34.5 32.266
34.5 32.256
34.5 31.906
34.5 32.654
34.5 32.524
34.5 32.364
34.5 31.58
34.5 32.23
34.5 32.22
34.5 32.008
34.5 32.044
34.5 31.746
34.5 32.496
34.5 32.354
34.5 32.864
34.5 32.384
34.5 32.344
34.5 31.824
34.5 32.288
34.5 31.63
34.5 32.134
34.5 31.356
34.5 32.07
34.5 31.988
34.5 32.816
34.5 32.632
34.5 31.98
34.5 32.512
34.5 32.156
34.5 32.03
34.5 32.196
34.5 32.312
34.5 31.892
34.5 32.168
34.5 32.706
34.5 32.078
34.5 32.566
34.5 32.366
34.5 32.702
34.5 32.466
34.5 31.98
34.5 31.856
34.5 31.806
34.5 32.298
34.5 32.182
34.5 32.066
34.5 32.522
34.5 32.378
34.5 32.368
34.5 32.916
34.5 32.118
34.5 32.092
34.5 32.03
34.5 32.548
34.5 31.956
34.5 32.316
34.5 32.238
34.5 32.252
34.5 32.266
34.5 32.47
34.5 32.264
34.5 32.282
34.5 31.946
34.5 32.896
34.5 32.338
34.5 32.222
34.5 32.196
34.5 32.242
34.5 32.694
34.5 32.022
34.5 32.138
34.5 32.4
34.5 32.166
34.5 32.678
34.5 32.18
34.5 32.25
34.5 31.898
34.5 32.474
34.5 32.014
34.5 32.246
34.5 32.448
34.5 32.342
34.5 32.004
34.5 31.896
34.5 31.924
34.5 32.092
34.5 32.466
34.5 31.746
34.5 32.2
34.5 31.6
34.5 32.178
34.5 31.792
34.5 32.136
34.5 32.104
34.5 32.182
34.5 32.472
34.5 31.804
34.5 32.544
34.5 32.152
34.5 32.272
34.5 32.246
34.5 31.958
34.5 32.642
34.5 32.318
34.5 32.364
34.5 31.6
34.5 31.89
34.5 32.16
34.5 31.794
34.5 32.072
34.5 31.886
34.5 31.854
34.5 32.266
34.5 32.308
34.5 32.234
34.5 32.436
34.5 31.586
34.5 31.876
34.5 32.312
34.5 32.262
34.5 31.994
34.5 32.19
34.5 32.23
34.5 32.488
34.5 32.018
34.5 32.006
34.5 32.06
34.5 32.136
34.5 32.254
34.5 31.958
34.5 31.844
34.5 32.512
34.5 32.572
34.5 31.992
34.5 32.064
34.5 31.704
34.5 32.108
34.5 32.294
34.5 32.212
34.5 31.496
34.5 31.892
34.5 31.704
34.5 32.556
34.5 32.14
34.5 31.5
34.5 32.022
34.5 32.434
34.5 32.466
34.5 32.448
34.5 32.632
34.5 32.474
34.5 31.936
34.5 32.232
34.5 32.272
34.5 31.68
34.5 32.09
34.5 31.96
34.5 31.744
34.5 31.62
34.5 31.99
34.5 32.446
34.5 31.82
34.5 32.28
34.5 32.542
34.5 32.098
34.5 32.286
34.5 31.88
34.5 32.62
34.5 31.87
34.5 31.748
34.5 32.018
34.5 32.506
34.5 32.348
34.5 31.984
34.5 32.294
34.5 32.284
34.5 31.73
34.5 32.16
34.5 31.796
34.5 32.204
34.5 31.736
34.5 32.436
34.5 31.738
34.5 32.066
34.5 31.724
34.5 32.046
34.5 32.554
34.5 32.204
34.5 32.388
34.5 31.43
34.5 32.384
34.5 32.508
34.5 32.532
34.5 32.246
34.5 32.196
34.5 32.696
34.5 32.17
34.5 32.354
34.5 32.44
34.5 32.346
34.5 32.432
34.5 32.162
34.5 32.318
34.5 32.758
34.5 32.308
34.5 31.804
34.5 31.68
34.5 32.242
34.5 32.138
34.5 31.992
34.5 31.774
34.5 31.89
34.5 31.712
34.5 32.2
34.5 32.554
34.5 31.864
34.5 32.174
34.5 31.768
34.5 32.304
34.5 32.518
34.5 32.208
34.5 32.154
34.5 32.638
34.5 32.464
34.5 32.62
34.5 32.646
34.5 32.706
34.5 31.848
34.5 32.056
34.5 32.148
34.5 32.36
34.5 32.384
34.5 31.842
34.5 32.08
34.5 32.272
34.5 32.13
34.5 32.286
34.5 32.102
34.5 32.102
34.5 32.192
34.5 32.254
34.5 32.768
34.5 32.574
34.5 31.944
34.5 31.504
34.5 32.318
34.5 32.188
34.5 32.192
34.5 32.164
34.5 31.93
34.5 31.324
34.5 31.684
34.5 32.494
34.5 31.882
34.5 32.128
34.5 32.306
34.5 32.23
34.5 32.212
34.5 31.978
34.5 31.486
34.5 32.366
34.5 32.536
34.5 32.232
34.5 31.996
34.5 32.266
34.5 31.958
34.5 32.134
34.5 32.356
34.5 32.444
34.5 32.014
34.5 31.796
34.5 31.938
34.5 32.384
34.5 32.294
34.5 32.138
34.5 32.162
34.5 32.342
34.5 31.632
34.5 31.874
34.5 31.918
34.5 32.206
34.5 32.422
34.5 32.06
34.5 32.63
34.5 32.472
500
-51.5 -220.308
-16.5 -119.84
-4.5 -70.34
2.0 -37.346
3.5 -21.626
13.5 -6.248
15.0 -0.392
19.0 6.216
22.0 12.3
26.0 15.888
26.0 18.522
26.5 19.602
27.0 22.1
27.5 22.362
28.0 23.164
29.5 24.802
29.5 24.704
30.0 25.582
31.5 26.62
31.5 27.004
32.0 27.17
33.0 28.764
33.5 29.284
34.0 29.802
34.0 29.564
34.5 29.634
34.5 30.55
34.5 30.85
34.5 31.22
35.0 31.346
35.0 31.434
35.0 31.442
35.5 30.718
35.5 31.488
35.5 31.854
35.5 30.888
35.5 32.476
36.0 31.124
36.0 32.292
36.0 32.112
36.0 32.726
36.0 32.034
36.0 33.058
36.0 33.556
36.0 32.932
36.0 33.41
36.0 33.156
36.0 32.858
36.0 33.05
36.0 32.946
36.0 33.614
36.0 33.686
36.0 32.728
36.0 33.502
36.0 33.098
36.0 33.356
36.0 33.418
36.0 33.264
36.0 32.466
36.0 31.9
36.0 32.378
36.0 33.37
36.0 33.272
36.0 33.256
36.0 33.178
36.0 33.222
36.0 33.126
36.0 32.904
36.0 32.89
36.0 33.31
36.0 33.324
36.0 34.064
36.0 33.59
36.0 33.15
36.0 33.42
36.0 33.186
36.0 33.52
36.0 33.212
36.0 33.214
36.0 33.434
36.0 32.712
36.0 33.314
36.0 33.308
36.0 33.796
36.0 33.474
36.0 33.7
36.0 33.316
36.0 33.01
36.0 32.646
36.0 32.79
36.0 33.33
36.0 32.94
36.0 33.326
36.0 33.41
36.0 33.432
36.0 33.916
36.0 32.97
36.0 33.0
36.0 33.632
36.0 32.802
36.0 32.986
36.0 33.248
36.0 33.536
36.0 32.902
36.0 32.42
36.0 33.312
36.0 33.406
36.0 33.33
36.0 33.792
36.0 32.674
36.0 33.036
36.0 33.274
36.0 33.412
36.0 33.17
36.0 32.996
36.0 32.978
36.0 33.142
36.0 33.484
36.0 33.424
37.0 33.498
37.0 32.878
37.0 33.292
37.0 33.234
37.0 32.952
37.0 33.102
37.0 33.654
37.0 33.792
37.0 34.7
37.0 33.94
37.0 34.556
37.0 34.112
37.0 34.24
37.0 34.584
37.0 33.61
37.0 33.686
37.0 33.66
37.0 33.744
37.0 32.948
37.0 33.94
37.0 34.224
37.0 34.19
37.0 34.484
37.0 33.894
37.0 34.09
37.0 34.578
37.0 34.602
37.0 34.28
37.0 34.454
37.0 34.384
37.0 34.146
37.0 33.398
37.0 34.578
37.0 34.252
37.0 34.466
37.0 33.816
37.0 34.134
37.0 33.97
37.0 34.312
37.0 33.42
37.0 34.014
37.0 34.116
37.0 34.274
37.0 33.496
37.0 33.71
37.0 34.016
37.0 33.944
37.0 34.228
37.0 33.754
37.0 33.634
37.0 34.74
37.0 33.8
37.0 34.196
37.0 33.998
37.0 34.256
37.0 34.352
37.0 33.728
37.0 34.026
37.0 33.394
37.0 34.07
37.0 34.108
37.0 33.944
37.0 33.894
37.0 33.984
37.0 33.848
37.0 34.058
37.0 34.23
37.0 34.356
37.0 34.092
37.0 34.104
37.0 34.588
37.0 34.044
37.0 34.366
37.0 33.71
37.0 33.826
37.0 33.434
37.0 34.388
37.0 33.828
37.0 34.398
37.0 34.312
37.0 33.852
37.0 33.834
37.0 33.396
37.0 33.79
37.0 34.258
37.0 34.496
37.0 33.832
37.0 33.986
37.0 34.292
37.0 33.858
37.0 33.468
37.0 34.116
37.0 34.16
37.0 34.162
37.0 33.542
37.0 34.186
37.0 33.784
37.0 34.2
37.0 33.696
37.0 34.266
37.0 33.824
37.0 34.352
37.0 34.144
37.0 34.088
37.0 34.504
37.0 34.214
37.0 34.088
37.0 34.024
37.0 33.678
37.0 34.548
37.0 34.65
37.0 34.626
37.0 33.56
37.0 33.406
37.0 33.868
37.0 33.708
37.0 34.482
37.0 33.566
37.0 33.974
37.0 34.732
37.0 34.262
37.0 34.29
37.0 33.84
37.0 33.992
37.0 34.268
37.0 33.886
37.0 34.114
37.0 33.788
37.0 33.552
37.0 34.108
37.0 34.042
37.0 34.204
37.0 33.894
37.0 33.202
37.0 33.812
37.0 33.852
37.0 33.804
37.0 34.042
37.0 33.846
37.0 33.726
37.0 33.614
37.0 33.962
37.0 33.276
37.0 33.888
37.0 33.902
37.0 34.254
37.0 33.792
37.0 33.59
37.0 33.392
37.0 34.216
37.0 33.512
37.0 33.994
37.0 34.584
37.0 34.128
37.0 34.876
37.0 34.316
37.0 34.558
37.0 33.928
37.0 33.856
37.0 33.874
37.0 33.554
37.0 34.416
37.0 33.96
37.0 33.81
37.0 34.368
37.0 33.812
37.0 33.948
37.0 34.31
37.0 33.932
37.0 34.246
37.0 33.912
37.0 33.956
37.0 33.864
37.0 34.448
37.0 33.848
37.0 34.206
37.0 34.212
37.0 34.026
37.0 34.44
37.0 34.008
37.0 34.104
37.0 33.958
37.0 34.442
37.0 33.884
37.0 33.478
37.0 33.324
37.0 34.132
37.0 34.65
37.0 33.57
37.0 34.144
37.0 33.27
37.0 34.244
37.0 34.272
37.0 33.862
37.0 34.68
37.0 34.372
37.0 34.772
37.0 34.26
37.0 34.204
37.0 34.06
37.0 33.608
37.0 34.19
37.0 34.406
37.0 33.944
37.0 34.102
37.0 34.526
37.0 33.928
37.0 33.184
37.0 32.83
37.0 34.274
37.0 34.218
37.0 33.468
37.0 33.858
37.0 34.322
37.0 33.778
37.0 33.848
37.0 33.974
37.0 33.71
37.0 34.02
37.0 33.798
37.0 33.696
37.0 34.03
37.0 33.914
37.0 33.914
37.0 34.068
37.0 34.432
37.0 34.44
37.0 33.744
37.0 34.456
37.0 33.784
37.0 34.204
37.0 33.932
37.0 34.27
37.0 34.328
37.0 33.958
37.0 34.78
37.0 34.116
37.0 33.436
37.0 33.788
37.0 34.172
37.0 33.884
37.0 33.84
37.0 34.26
37.0 33.54
37.0 34.16
37.0 33.79
37.0 33.862
37.0 34.182
37.0 34.026
37.0 33.806
37.0 34.16
37.0 34.352
37.0 33.968
37.0 34.178
37.0 34.128
37.0 34.104
37.0 33.958
37.0 33.778
37.0 34.212
37.0 34.224
37.0 34.058
37.0 34.304
37.0 33.714
37.0 33.706
37.0 34.09
37.0 34.384
37.0 34.178
37.0 33.932
37.0 33.592
37.0 34.116
37.0 34.156
37.0 34.01
37.0 33.774
37.0 33.354
37.0 34.244
37.0 34.048
37.0 33.986
37.0 34.114
37.0 33.902
37.0 33.662
37.0 34.196
37.0 33.792
37.0 34.178
37.0 34.092
37.0 34.116
37.0 34.286
37.0 34.22
37.0 33.738
37.0 34.04
37.0 34.154
37.0 34.12
37.0 33.712
37.0 33.496
37.0 33.998
37.0 34.05
37.0 33.726
37.0 34.218
37.0 33.312
37.0 33.888
37.0 33.986
37.0 34.614
37.0 34.494
37.0 33.868
37.0 34.114
37.0 33.828
37.0 33.892
37.0 33.304
37.0 33.85
37.0 33.424
37.0 34.102
37.0 34.54
37.0 33.598
37.0 33.768
37.0 34.342
37.0 34.704
37.0 34.514
37.0 34.026
37.0 33.898
37.0 33.618
37.0 33.8
37.0 34.318
37.0 34.292
37.0 33.856
37.0 33.794
37.0 33.966
37.0 33.916
37.0 34.14
37.0 34.388
37.0 33.532
37.0 34.062
37.0 33.812
37.0 33.604
37.0 33.724
37.0 33.45
37.0 34.106
37.0 33.258
37.0 34.318
37.0 34.69
37.0 34.414
37.0 33.584
37.0 34.314
37.0 34.002
37.0 34.0
37.0 34.046
37.0 34.244
37.0 33.948
37.0 33.67
37.0 33.88
37.0 34.718
37.0 34.386
37.0 33.996
37.0 33.716
37.0 33.604
37.0 34.12
37.0 34.274
37.0 34.336
37.0 33.18
37.0 34.126
37.0 33.996
37.0 34.214
37.0 34.65
37.0 33.936
37.0 33.656
37.0 33.878
37.0 34.182
37.0 33.298
37.0 34.296
37.0 33.966
37.0 34.24
37.0 33.878
37.0 33.592
37.0 34.34
37.0 33.466
37.0 33.852
37.0 33.916
37.0 33.6
37.0 34.396
37.0 34.188
37.0 34.586
37.0 34.098
37.0 33.532
500
-50.5 -242.9
-21.0 -112.41
-8.5 -65.338
0.5 -43.03
5.5 -17.048
13.0 -5.682
15.5 1.396
19.0 5.442
23.0 9.4
25.5 14.704
26.5 17.506
26.5 20.194
27.0 21.06
29.5 23.026
29.5 24.22
29.5 25.668
30.5 26.586
31.0 27.128
31.0 27.632
32.5 27.64
33.0 28.464
33.0 29.006
33.0 29.502
34.0 29.242
34.0 30.224
34.0 30.612
34.5 30.552
34.5 31.186
34.5 30.724
34.5 30.728
34.5 31.926
34.5 31.974
34.5 31.264
34.5 31.632
34.5 32.036
34.5 31.802
34.5 30.996
34.5 31.798
34.5 32.03
34.5 32.132
34.5 31.44
35.0 31.398
35.0 31.808
35.0 31.924
35.0 31.784
35.0 31.898
35.5 30.982
35.5 32.672
35.5 32.334
35.5 32.65
35.5 32.644
35.5 32.25
35.5 32.104
35.5 32.262
35.5 32.502
35.5 32.78
35.5 32.878
35.5 32.292
35.5 32.252
35.5 32.064
35.5 33.146
35.5 32.512
35.5 32.432
35.5 32.28
35.5 32.976
35.5 31.998
35.5 33.006
35.5 32.544
35.5 32.926
35.5 32.842
35.5 33.112
35.5 33.208
35.5 32.464
35.5 33.352
35.5 32.288
35.5 32.266
35.5 32.284
35.5 32.798
35.5 32.54
35.5 32.978
35.5 32.534
35.5 32.344
35.5 32.14
35.5 32.94
35.5 32.424
35.5 32.692
35.5 32.736
35.5 33.292
35.5 32.678
35.5 32.408
35.5 33.032
35.5 31.884
35.5 32.7
35.5 33.086
35.5 33.026
35.5 32.896
35.5 33.142
35.5 32.468
35.5 32.274
35.5 32.724
35.5 32.64
35.5 32.718
35.5 33.12
35.5 33.188
35.5 33.098
35.5 32.898
35.5 32.416
35.5 32.52
35.5 32.24
35.5 32.594
35.5 32.45
35.5 32.438
35.5 33.006
35.5 32.124
35.5 32.482
35.5 32.056
35.5 32.974
35.5 32.904
35.5 32.41
35.5 32.756
35.5 32.716
35.5 33.292
35.5 33.134
35.5 32.948
35.5 33.096
35.5 32.628
35.5 33.198
35.5 32.52
35.5 32.626
35.5 32.688
35.5 33.332
35.5 32.738
35.5 32.3
35.5 32.864
35.5 33.088
35.5 32.708
35.5 32.812
35.5 32.146
35.5 32.946
35.5 32.18
35.5 32.444
35.5 32.848
35.5 32.632
35.5 32.612
35.5 32.568
35.5 32.714
35.5 32.638
35.5 32.616
35.5 32.362
35.5 32.136
35.5 32.672
35.5 32.852
35.5 32.584
35.5 32.346
35.5 32.728
35.5 32.39
35.5 32.962
35.5 32.336
35.5 32.59
35.5 32.736
35.5 32.544
35.5 32.898
35.5 32.642
35.5 33.148
35.5 32.604
35.5 32.912
35.5 32.844
35.5 32.59
35.5 32.736
35.5 32.048
35.5 32.438
35.5 32.21
35.5 32.822
35.5 32.386
35.5 32.842
35.5 32.822
35.5 32.724
35.5 32.686
35.5 33.092
35.5 32.774
35.5 33.202
35.5 32.856
35.5 33.01
35.5 32.848
35.5 32.992
35.5 32.572
35.5 33.062
35.5 32.574
35.5 33.11
35.5 33.062
35.5 32.728
35.5 33.086
35.5 33.124
35.5 33.472
35.5 32.62
35.5 33.088
35.5 32.132
35.5 32.276
35.5 32.456
35.5 32.256
35.5 32.216
35.5 32.544
35.5 32.072
35.5 31.864
35.5 32.434
35.5 32.966
35.5 32.73
35.5 32.332
35.5 32.106
35.5 33.342
35.5 32.79
35.5 32.992
35.5 33.07
35.5 32.868
35.5 32.926
35.5 32.89
35.5 32.964
35.5 32.384
35.5 32.34
35.5 32.31
35.5 31.994
35.5 32.782
35.5 32.776
35.5 32.738
35.5 33.464
35.5 32.06
35.5 32.7
35.5 32.898
35.5 32.902
35.5 32.926
35.5 32.596
35.5 32.792
35.5 32.58
35.5 32.658
35.5 32.746
35.5 32.576
35.5 32.492
35.5 32.824
35.5 32.748
35.5 32.576
35.5 32.356
35.5 32.678
35.5 32.382
35.5 32.838
35.5 32.502
35.5 32.902
35.5 32.962
35.5 33.384
35.5 33.088
35.5 32.558
35.5 32.952
35.5 32.854
35.5 33.084
35.5 32.792
35.5 32.87
35.5 32.362
35.5 32.47
35.5 33.114
35.5 32.7
35.5 32.624
35.5 32.886
35.5 32.662
35.5 32.626
35.5 32.804
35.5 32.762
35.5 32.132
35.5 33.152
35.5 32.666
35.5 32.22
35.5 32.318
35.5 32.404
35.5 32.556
35.5 32.458
35.5 33.012
35.5 32.398
35.5 32.668
35.5 33.306
35.5 32.244
35.5 32.29
35.5 32.45
35.5 32.18
35.5 32.432
35.5 32.07
35.5 32.226
35.5 32.69
35.5 32.544
35.5 32.272
35.5 32.494
35.5 33.082
35.5 32.138
35.5 33.344
35.5 33.552
35.5 32.79
35.5 32.99
35.5 31.876
35.5 32.886
35.5 32.834
35.5 31.662
35.5 32.87
35.5 32.712
35.5 33.204
35.5 33.106
35.5 32.486
35.5 32.912
35.5 33.168
35.5 32.776
35.5 32.586
35.5 32.814
35.5 32.662
35.5 32.592
35.5 33.138
35.5 32.544
35.5 32.726
35.5 32.86
35.5 33.018
35.5 32.49
35.5 32.802
35.5 32.748
35.5 32.382
35.5 32.52
35.5 33.082
35.5 32.924
35.5 32.95
35.5 32.79
35.5 33.18
35.5 33.142
35.5 32.664
35.5 33.204
35.5 32.88
35.5 33.03
35.5 33.232
35.5 32.988
35.5 32.514
35.5 32.362
35.5 32.418
35.5 32.486
35.5 32.07
35.5 32.282
35.5 32.454
35.5 32.4
35.5 33.012
35.5 32.942
35.5 32.792
35.5 32.13
35.5 32.12
35.5 32.176
35.5 32.794
35.5 32.602
35.5 32.63
35.5 32.328
35.5 33.054
35.5 32.91
35.5 32.866
35.5 33.216
35.5 32.77
35.5 33.124
35.5 32.914
35.5 31.808
35.5 33.03
35.5 32.38
35.5 33.148
35.5 32.878
35.5 32.62
35.5 33.13
35.5 33.03
35.5 32.76
35.5 32.856
35.5 32.462
35.5 32.582
35.5 32.21
35.5 32.46
35.5 32.188
35.5 33.2
35.5 32.478
35.5 32.028
35.5 32.022
35.5 32.424
35.5 33.174
35.5 32.904
35.5 32.766
35.5 32.992
35.5 32.864
35.5 32.692
35.5 32.96
35.5 32.588
35.5 32.992
35.5 33.204
35.5 32.266
35.5 32.84
35.5 32.636
35.5 32.194
35.5 33.068
35.5 32.664
35.5 32.51
35.5 32.636
35.5 32.714
35.5 32.736
35.5 32.6
35.5 32.676
35.5 32.716
35.5 32.982
35.5 33.144
35.5 32.42
35.5 32.662
35.5 33.054
35.5 32.37
35.5 32.892
35.5 32.524
35.5 33.002
35.5 32.912
35.5 32.956
35.5 32.026
35.5 32.292
35.5 32.518
35.5 32.748
35.5 32.79
35.5 32.276
35.5 32.49
35.5 32.17
35.5 32.276
35.5 32.548
35.5 32.09
35.5 32.678
35.5 32.296
35.5 32.49
35.5 33.038
35.5 33.19
35.5 32.964
35.5 32.88
35.5 32.89
35.5 32.89
35.5 32.902
35.5 32.434
35.5 32.486
35.5 32.538
35.5 32.308
35.5 32.482
35.5 33.236
35.5 32.94
35.5 32.086
35.5 32.54
35.5 32.302
35.5 32.724
35.5 33.118
35.5 32.93
35.5 32.606
35.5 33.052
35.5 33.014
35.5 32.93
35.5 32.848
35.5 32.73
35.5 32.66
35.5 32.982
35.5 32.694
35.5 32.31
35.5 32.636
35.5 33.174
35.5 32.112
35.5 33.026
35.5 33.048
35.5 32.5
35.5 32.262
35.5 32.222
35.5 31.97
35.5 33.01
35.5 32.54
35.5 32.818
35.5 32.78
35.5 32.916
35.5 31.942
35.5 31.714
35.5 32.738
35.5 32.876
35.5 32.978
35.5 32.756
35.5 32.058
35.5 31.938
35.5 31.306
35.5 32.084
35.5 32.57
35.5 32.526
35.5 32.644
35.5 32.34
35.5 32.102
35.5 32.07
35.5 32.732
35.5 32.918
35.5 33.104
35.5 33.006
35.5 32.708
35.5 32.46
35.5 32.68
35.5 32.534
35.5 32.74
35.5 33.058
35.5 33.146
35.5 32.698
35.5 32.298
35.5 33.006
35.5 32.11
500
-76.5 -235.0
-29.0 -129.276
-24.5 -80.12
-2.5 -49.762
0.0 -30.068
5.0 -16.948
8.5 -9.4
13.5 -0.986
22.0 4.742
22.5 10.966
26.5 16.032
28.0 19.164
28.0 21.102
29.0 23.046
29.0 24.514
30.5 25.396
30.5 26.952
31.0 27.11
31.5 27.504
31.5 28.66
32.0 28.28
32.0 28.742
32.5 29.18
32.5 29.348
32.5 29.524
32.5 28.642
33.0 29.824
33.0 29.548
33.5 29.9
33.5 29.848
33.5 30.13
33.5 29.27
33.5 29.738
33.5 30.242
33.5 30.304
34.0 30.702
34.0 31.286
34.0 30.82
34.5 31.046
34.5 31.15
34.5 31.328
34.5 31.458
34.5 31.58
34.5 31.772
34.5 32.4
34.5 32.394
34.5 32.404
34.5 31.198
34.5 32.192
34.5 31.744
34.5 31.968
34.5 31.628
34.5 31.626
34.5 31.86
34.5 32.19
34.5 32.116
34.5 31.432
34.5 32.09
34.5 31.93
34.5 32.298
34.5 31.788
34.5 31.322
34.5 31.792
34.5 31.85
34.5 31.932
34.5 31.638
34.5 31.42
34.5 31.532
34.5 31.888
34.5 31.786
34.5 32.202
34.5 32.128
34.5 31.706
34.5 31.974
34.5 31.75
34.5 31.914
34.5 32.042
34.5 31.484
34.5 31.658
34.5 32.106
34.5 32.388
34.5 32.098
34.5 31.952
34.5 31.724
34.5 31.754
34.5 32.066
34.5 31.236
34.5 31.85
34.5 31.802
34.5 32.09
34.5 31.45
34.5 31.868
34.5 32.104
34.5 32.47
34.5 32.268
34.5 31.832
34.5 32.632
34.5 32.672
34.5 31.866
34.5 32.184
34.5 32.638
34.5 32.032
34.5 31.942
34.5 31.772
34.5 31.588
34.5 31.862
34.5 32.348
34.5 32.196
34.5 31.998
34.5 32.03
34.5 31.804
34.5 31.854
34.5 31.852
34.5 32.29
34.5 32.48
34.5 32.066
34.5 31.618
34.5 31.764
34.5 31.784
34.5 31.784
34.5 31.814
34.5 31.814
34.5 32.41
34.5 32.288
34.5 32.084
34.5 31.744
34.5 31.79
34.5 32.186
34.5 31.888
34.5 32.47
34.5 31.862
34.5 32.126
34.5 32.174
34.5 32.042
34.5 31.99
34.5 32.054
34.5 32.21
34.5 32.146
34.5 32.416
34.5 32.226
34.5 32.242
34.5 32.102
34.5 32.214
34.5 31.994
34.5 31.76
34.5 31.258
34.5 32.006
34.5 31.602
34.5 31.96
34.5 31.74
34.5 31.866
34.5 31.968
34.5 31.646
34.5 31.71
34.5 31.794
34.5 32.06
34.5 31.976
34.5 31.866
34.5 32.182
34.5 32.054
34.5 32.422
34.5 31.686
34.5 32.544
34.5 32.192
34.5 31.96
34.5 31.588
34.5 32.054
34.5 31.076
34.5 31.964
34.5 31.932
34.5 32.378
34.5 31.894
34.5 31.97
34.5 31.82
34.5 31.964
34.5 31.82
34.5 32.444
34.5 31.79
34.5 32.028
34.5 31.778
34.5 32.082
34.5 32.002
34.5 31.474
34.5 31.826
34.5 31.45
34.5 31.416
34.5 31.956
34.5 31.814
34.5 32.12
34.5 31.354
34.5 31.598
34.5 31.666
34.5 32.226
34.5 31.824
34.5 31.848
34.5 32.092
34.5 32.622
34.5 32.266
34.5 31.428
34.5 32.084
34.5 31.568
34.5 32.182
34.5 31.75
34.5 32.258
34.5 31.626
34.5 32.072
34.5 31.936
34.5 31.7
34.5 32.09
34.5 32.284
34.5 31.95
34.5 32.012
34.5 31.306
34.5 31.948
34.5 31.462
34.5 31.872
34.5 31.712
34.5 31.786
34.5 32.072
34.5 32.22
34.5 31.314
34.5 31.466
34.5 31.936
34.5 31.688
34.5 32.038
34.5 31.958
34.5 31.774
34.5 32.29
34.5 32.388
34.5 31.902
34.5 31.888
34.5 32.062
34.5 31.842
34.5 31.944
34.5 32.052
34.5 31.758
34.5 31.978
34.5 31.544
34.5 32.132
34.5 32.294
34.5 32.014
34.5 30.828
34.5 31.304
34.5 31.232
34.5 32.172
34.5 32.07
34.5 31.664
34.5 32.174
34.5 32.216
34.5 31.534
34.5 32.178
34.5 31.448
34.5 31.65
34.5 32.178
34.5 32.346
34.5 31.326
34.5 31.392
34.5 31.618
34.5 31.764
34.5 31.858
34.5 32.072
34.5 32.086
34.5 31.684
34.5 31.568
34.5 32.104
34.5 31.728
34.5 32.106
34.5 31.918
34.5 31.65
34.5 32.468
34.5 32.322
34.5 32.81
34.5 31.722
34.5 31.64
34.5 31.8
34.5 32.172
34.5 32.116
34.5 32.278
34.5 32.542
34.5 32.138
34.5 31.636
34.5 32.302
34.5 31.498
34.5 31.48
34.5 31.604
34.5 31.88
34.5 31.88
34.5 31.94
34.5 32.118
34.5 32.156
34.5 31.786
34.5 31.552
34.5 31.506
34.5 32.102
34.5 31.722
34.5 32.196
34.5 31.94
34.5 32.126
34.5 31.834
34.5 31.934
34.5 31.672
34.5 31.692
34.5 31.718
34.5 32.1
34.5 31.696
34.5 31.936
34.5 32.14
34.5 32.272
34.5 31.8
34.5 31.462
34.5 31.77
34.5 31.872
34.5 32.084
34.5 31.78
34.5 32.236
34.5 31.926
34.5 32.026
34.5 32.534
34.5 32.508
34.5 32.474
34.5 31.978
34.5 32.24
34.5 32.1
34.5 32.086
34.5 32.254
34.5 31.144
34.5 32.12
34.5 32.3
34.5 32.226
34.5 31.77
34.5 32.298
34.5 31.936
34.5 32.158
34.5 31.67
34.5 30.664
34.5 32.028
34.5 31.716
34.5 31.586
34.5 32.22
34.5 32.024
34.5 31.826
34.5 32.11
34.5 31.794
34.5 32.176
34.5 31.484
34.5 31.642
34.5 32.02
34.5 31.502
34.5 31.508
34.5 32.284
34.5 31.798
34.5 32.164
34.5 31.722
34.5 31.804
34.5 31.776
34.5 31.514
34.5 31.834
34.5 31.794
34.5 31.882
34.5 31.796
34.5 31.626
34.5 31.86
34.5 31.976
34.5 31.598
34.5 31.672
34.5 31.402
34.5 31.586
34.5 31.788
34.5 32.02
34.5 31.628
34.5 32.392
34.5 31.864
34.5 31.306
34.5 31.872
34.5 32.022
34.5 32.216
34.5 32.09
34.5 32.274
34.5 32.572
34.5 31.878
34.5 31.68
34.5 32.044
34.5 32.242
34.5 31.904
34.5 31.402
34.5 31.86
34.5 31.98
34.5 32.36
34.5 31.602
34.5 31.902
34.5 31.908
34.5 31.674
34.5 32.088
34.5 32.466
34.5 32.542
34.5 31.768
34.5 32.036
34.5 32.228
34.5 31.574
34.5 31.766
34.5 32.056
34.5 31.156
34.5 32.104
34.5 31.866
34.5 32.268
34.5 32.13
34.5 31.836
34.5 31.93
34.5 31.894
34.5 32.178
34.5 32.116
34.5 31.24
34.5 32.114
34.5 31.708
34.5 32.24
34.5 31.884
34.5 31.692
34.5 31.282
34.5 31.852
34.5 31.448
34.5 31.806
34.5 32.058
34.5 31.632
34.5 31.664
34.5 32.646
34.5 32.038
34.5 31.594
34.5 31.41
34.5 31.914
34.5 31.936
34.5 31.838
34.5 32.368
34.5 32.08
34.5 31.812
34.5 31.762
34.5 30.926
34.5 31.448
34.5 32.428
34.5 31.978
34.5 32.326
34.5 31.748
34.5 31.924
34.5 32.252
34.5 32.208
34.5 31.874
34.5 31.952
34.5 31.634
34.5 32.1
34.5 32.37
34.5 31.778
34.5 31.584
34.5 31.596
34.5 31.84
34.5 31.784
34.5 31.728
34.5 31.618
34.5 31.882
34.5 31.904
34.5 32.356
34.5 32.63
34.5 32.012
34.5 31.684
34.5 31.974
34.5 32.344
34.5 32.236
34.5 32.132
34.5 31.974
34.5 32.084
34.5 32.022
34.5 31.574
34.5 31.984
34.5 32.526
34.5 31.974
34.5 31.864
34.5 32.15
34.5 31.742
34.5 31.798
34.5 31.98
34.5 32.306
34.5 32.358
34.5 32.242
34.5 32.336
34.5 32.406
34.5 32.09
34.5 32.088
34.5 32.322
34.5 31.382
34.5 32.238
34.5 31.974
34.5 31.518
34.5 31.83
34.5 31.49
34.5 31.432
34.5 32.378
34.5 31.958
34.5 31.304
34.5 32.058
34.5 31.392
34.5 31.728
34.5 31.734
500
-45.5 -237.462
-34.0 -124.068
-15.0 -66.702
-9.5 -37.4
4.0 -21.818
6.0 -12.71
11.5 -5.076
21.5 2.534
24.0 9.848
24.5 15.812
26.5 20.344
27.5 22.086
27.5 23.532
28.5 24.444
29.5 25.166
30.0 25.84
30.5 27.004
31.0 27.424
31.5 27.844
32.5 28.01
32.5 28.372
33.0 28.212
34.5 29.526
34.5 29.958
35.0 30.44
35.0 31.182
35.0 32.392
35.0 31.992
35.0 32.358
35.5 32.518
35.5 32.114
35.5 32.094
36.0 32.774
36.0 33.07
37.5 32.376
37.5 33.012
37.5 33.508
37.5 33.682
37.5 33.546
37.5 34.676
37.5 34.684
37.5 34.592
37.5 34.188
37.5 34.888
37.5 35.002
37.5 35.194
37.5 34.668
37.5 34.912
37.5 33.948
37.5 33.812
37.5 34.464
37.5 34.804
37.5 34.844
37.5 34.892
37.5 35.008
37.5 34.67
37.5 34.086
37.5 34.81
37.5 34.478
37.5 34.798
37.5 34.392
37.5 35.098
37.5 34.722
37.5 34.938
37.5 35.236
37.5 35.04
37.5 34.508
37.5 35.016
37.5 34.448
37.5 34.922
37.5 34.9
37.5 34.68
37.5 34.786
37.5 35.072
37.5 35.294
37.5 34.562
37.5 35.084
37.5 35.104
37.5 34.538
37.5 35.08
37.5 34.672
37.5 35.168
37.5 35.182
37.5 35.034
37.5 34.56
37.5 34.736
37.5 34.43
37.5 34.35
37.5 34.954
37.5 34.522
37.5 34.216
37.5 34.74
37.5 34.306
37.5 33.968
37.5 34.954
37.5 34.88
37.5 34.854
37.5 34.8
37.5 35.044
37.5 34.85
37.5 35.052
37.5 34.514
37.5 34.614
37.5 34.652
37.5 34.978
37.5 34.304
37.5 34.954
37.5 34.674
37.5 35.47
37.5 34.908
37.5 33.93
37.5 34.14
37.5 34.398
37.5 35.472
37.5 35.184
37.5 34.56
37.5 34.874
37.5 34.608
37.5 34.992
37.5 35.444
37.5 35.316
37.5 34.748
37.5 34.618
37.5 34.976
37.5 34.162
37.5 34.102
37.5 35.176
37.5 34.106
37.5 34.526
37.5 34.6
37.5 34.99
37.5 34.704
37.5 34.992
37.5 35.138
37.5 35.114
37.5 34.664
37.5 35.016
37.5 35.308
37.5 34.978
37.5 34.946
37.5 35.744
37.5 34.926
37.5 34.692
37.5 35.002
37.5 35.042
37.5 34.926
37.5 35.634
37.5 34.978
37.5 34.618
37.5 35.294
37.5 34.394
37.5 35.14
37.5 34.05
37.5 35.096
37.5 34.694
37.5 34.362
37.5 35.236
37.5 35.206
37.5 34.918
37.5 35.104
37.5 34.746
37.5 34.822
37.5 35.44
37.5 34.162
37.5 34.654
37.5 34.776
37.5 35.06
37.5 33.35
37.5 34.384
37.5 35.262
37.5 34.774
37.5 34.754
37.5 34.946
37.5 34.722
37.5 34.772
37.5 35.05
37.5 34.826
37.5 34.762
37.5 34.988
37.5 34.93
37.5 35.446
37.5 34.942
37.5 34.598
37.5 34.844
37.5 34.758
37.5 34.76
37.5 34.788
37.5 34.134
37.5 34.944
37.5 34.626
37.5 34.5
37.5 34.896
37.5 34.364
37.5 34.23
37.5 34.934
37.5 34.89
37.5 34.218
37.5 34.934
37.5 34.542
37.5 34.396
37.5 34.796
37.5 34.75
37.5 34.762
37.5 34.548
37.5 34.882
37.5 34.876
37.5 34.87
37.5 34.842
37.5 34.772
37.5 35.004
37.5 34.888
37.5 34.906
37.5 35.02
37.5 34.82
37.5 34.686
37.5 34.918
37.5 34.462
37.5 35.584
37.5 34.61
37.5 35.038
37.5 35.396
37.5 34.482
37.5 33.938
37.5 34.27
37.5 34.848
37.5 34.922
37.5 34.544
37.5 34.804
37.5 34.308
37.5 34.422
37.5 34.75
37.5 34.942
37.5 34.612
37.5 34.672
37.5 35.024
37.5 34.958
37.5 34.94
37.5 34.998
37.5 34.608
37.5 34.76
37.5 35.012
37.5 34.808
37.5 34.498
37.5 34.9
37.5 34.812
37.5 35.076
37.5 34.78
37.5 35.202
37.5 34.66
37.5 34.524
37.5 35.074
37.5 35.328
37.5 34.82
37.5 34.668
37.5 34.796
37.5 34.72
37.5 34.546
37.5 34.088
37.5 34.97
37.5 34.876
37.5 35.112
37.5 34.962
37.5 34.562
37.5 34.748
37.5 34.792
37.5 35.268
37.5 35.178
37.5 34.722
37.5 34.394
37.5 34.74
37.5 35.078
37.5 35.034
37.5 34.884
37.5 35.114
37.5 35.152
37.5 34.86
37.5 35.322
37.5 35.392
37.5 35.354
37.5 34.512
37.5 34.642
37.5 34.826
37.5 35.14
37.5 34.472
37.5 34.468
37.5 34.956
37.5 34.572
37.5 35.166
37.5 34.794
37.5 34.908
37.5 34.45
37.5 34.704
37.5 34.18
37.5 34.986
37.5 34.558
37.5 34.27
37.5 34.748
37.5 34.282
37.5 34.556
37.5 35.012
37.5 35.162
37.5 34.464
37.5 35.668
37.5 34.874
37.5 34.646
37.5 35.074
37.5 34.614
37.5 34.91
37.5 34.574
37.5 34.818
37.5 34.472
37.5 35.084
37.5 34.686
37.5 34.594
37.5 34.98
37.5 35.544
37.5 35.168
37.5 35.136
37.5 35.054
37.5 34.854
37.5 35.356
37.5 34.736
37.5 34.636
37.5 34.946
37.5 34.87
37.5 34.598
37.5 34.914
37.5 35.198
37.5 35.286
37.5 35.016
37.5 34.942
37.5 34.812
37.5 34.886
37.5 35.242
37.5 34.868
37.5 34.616
37.5 34.666
37.5 34.206
37.5 35.068
37.5 35.032
37.5 34.838
37.5 34.1
37.5 34.428
37.5 35.202
37.5 34.858
37.5 34.16
37.5 34.472
37.5 34.774
37.5 34.808
37.5 34.086
37.5 34.428
37.5 34.868
37.5 35.202
37.5 34.776
37.5 34.056
37.5 34.958
37.5 34.836
37.5 34.61
37.5 34.83
37.5 34.522
37.5 34.434
37.5 34.71
37.5 34.574
37.5 34.796
37.5 35.326
37.5 35.118
37.5 33.956
37.5 35.212
37.5 34.83
37.5 35.212
37.5 35.19
37.5 35.348
37.5 34.864
37.5 35.51
37.5 34.382
37.5 34.794
37.5 35.096
37.5 34.362
37.5 34.7
37.5 34.902
37.5 33.806
37.5 34.55
37.5 34.428
37.5 34.286
37.5 35.37
37.5 35.316
37.5 34.57
37.5 34.45
37.5 34.842
37.5 34.906
37.5 34.176
37.5 34.862
37.5 34.44
37.5 34.708
37.5 34.988
37.5 34.662
37.5 34.274
37.5 34.498
37.5 34.66
37.5 34.394
37.5 35.078
37.5 34.268
37.5 34.504
37.5 34.276
37.5 34.214
37.5 35.03
37.5 34.388
37.5 35.196
37.5 34.692
37.5 35.056
37.5 35.318
37.5 34.562
37.5 34.478
37.5 34.408
37.5 34.482
37.5 35.252
37.5 34.356
37.5 35.094
37.5 34.366
37.5 34.684
37.5 35.174
37.5 35.21
37.5 34.752
37.5 34.974
37.5 35.038
37.5 35.06
37.5 34.938
37.5 35.026
37.5 34.43
37.5 34.832
37.5 35.348
37.5 35.088
37.5 34.868
37.5 34.69
37.5 34.634
37.5 34.928
37.5 35.072
37.5 35.072
37.5 35.092
37.5 34.814
37.5 34.952
37.5 34.55
37.5 35.242
37.5 35.016
37.5 34.734
37.5 34.238
37.5 34.83
37.5 34.76
37.5 34.954
37.5 35.114
37.5 34.644
37.5 34.868
37.5 34.914
37.5 34.72
37.5 34.908
37.5 35.028
37.5 34.686
37.5 34.636
37.5 34.358
37.5 34.75
37.5 34.968
37.5 34.548
37.5 35.25
37.5 34.618
37.5 34.794
37.5 34.622
37.5 34.678
37.5 35.098
37.5 34.5
37.5 35.326
37.5 34.97
37.5 35.32
37.5 35.026
37.5 35.198
37.5 35.3
37.5 34.556
37.5 35.186
37.5 34.362
37.5 34.67
37.5 34.882
37.5 34.726
37.5 35.042
37.5 34.828
37.5 35.07
37.5 35.168
37.5 34.972
37.5 33.896
37.5 34.53
37.5 34.88
37.5 34.558
37.5 35.294
37.5 34.536
37.5 35.126
37.5 35.078
37.5 34.972
37.5 34.134
37.5 34.394
37.5 35.176
37.5 35.184
37.5 34.588
500
-74.5 -230.372
-47.5 -115.43
-21.5 -71.734
1.0 -45.29
5.0 -27.846
9.0 -13.884
15.0 -3.33
15.5 5.656
21.0 8.122
24.5 13.2
27.0 15.646
27.0 17.844
27.0 20.07
27.5 22.19
28.0 23.16
28.5 24.178
29.5 25.704
30.0 25.66
30.5 26.468
31.0 27.556
31.5 27.916
32.0 28.55
32.0 28.682
32.5 29.752
32.5 29.478
33.0 29.682
33.5 30.196
34.0 30.82
34.0 31.038
34.0 30.698
34.0 31.438
35.5 31.632
35.5 31.78
35.5 31.764
36.0 32.326
36.0 32.248
36.0 32.334
36.0 32.522
36.0 32.682
36.0 33.052
36.0 33.502
36.0 33.562
36.0 33.536
36.0 32.716
36.0 33.498
36.0 33.586
36.0 33.218
36.0 33.87
36.0 33.896
36.0 33.468
36.0 33.502
36.0 33.872
36.0 34.044
36.0 33.646
36.0 33.172
36.0 34.048
36.0 33.582
36.0 33.562
36.0 33.468
36.0 33.726
36.0 33.692
36.0 33.312
36.0 33.468
36.0 33.4
36.0 33.334
36.0 34.266
36.0 33.688
36.0 33.602
36.0 33.426
36.0 33.484
36.0 33.594
36.0 33.858
36.0 33.882
36.0 33.9
36.0 33.776
36.0 33.522
36.0 34.008
36.0 33.38
36.0 33.44
36.0 33.552
36.0 33.9
36.0 33.546
36.0 33.694
36.0 33.49
36.0 33.088
36.0 33.22
36.0 33.638
36.0 33.786
36.0 33.486
36.0 33.674
36.0 33.726
36.0 33.274
36.0 33.382
36.0 33.468
36.0 34.062
36.0 33.842
36.0 33.75
36.0 33.292
36.0 33.588
36.0 33.11
36.0 33.49
36.0 33.628
36.0 33.566
36.0 33.68
36.0 33.764
36.0 33.444
36.0 33.402
36.0 33.12
36.0 33.852
36.0 33.122
36.0 34.072
36.0 33.572
36.0 33.564
36.0 33.59
36.0 33.156
36.0 33.302
36.0 33.316
36.0 33.474
36.0 33.642
36.0 33.644
36.0 33.264
36.0 33.506
36.0 33.75
36.0 34.046
36.0 33.598
36.0 32.988
36.0 33.256
36.0 33.688
36.0 33.362
36.0 33.412
36.0 33.268
36.0 33.424
36.0 33.872
36.0 33.472
36.0 33.682
36.0 33.924
36.0 33.368
36.0 33.92
36.0 33.016
36.0 33.828
36.0 33.554
36.0 33.594
36.0 33.36
36.0 33.018
36.0 33.562
36.0 33.694
36.0 33.276
36.0 33.614
36.0 33.46
36.0 33.346
36.0 33.994
36.0 33.184
36.0 33.208
36.0 33.7
36.0 33.45
36.0 33.44
36.0 32.97
36.0 33.596
36.0 33.946
36.0 34.012
36.0 33.59
36.0 33.608
36.0 33.422
36.0 33.442
36.0 33.342
36.0 33.18
36.0 33.152
36.0 33.412
36.0 33.946
36.0 33.686
36.0 34.002
36.0 33.582
36.0 33.47
36.0 33.714
36.0 33.584
36.0 33.674
36.0 33.48
36.0 33.65
36.0 33.848
36.0 33.822
36.0 33.706
36.0 33.592
36.0 33.802
36.0 33.426
36.0 33.37
36.0 33.228
36.0 33.974
36.0 33.528
36.0 33.828
36.0 33.662
36.0 32.842
36.0 33.388
36.0 33.474
36.0 33.95
36.0 33.468
36.0 33.692
36.0 33.608
36.0 33.706
36.0 33.562
36.0 33.158
36.0 33.574
36.0 33.292
36.0 33.35
36.0 33.33
36.0 33.7
36.0 33.642
36.0 33.468
36.0 33.486
36.0 33.082
36.0 33.864
36.0 33.64
36.0 33.878
36.0 33.756
36.0 33.742
36.0 33.072
36.0 33.522
36.0 33.336
36.0 33.186
36.0 33.482
36.0 33.876
36.0 33.236
36.0 33.75
36.0 33.69
36.0 33.788
36.0 33.54
36.0 33.608
36.0 33.554
36.0 33.406
36.0 33.62
36.0 33.716
36.0 33.666
36.0 33.49
36.0 33.16
36.0 32.776
36.0 33.098
36.0 33.494
36.0 33.016
36.0 33.612
36.0 34.036
36.0 33.782
36.0 34.034
36.0 33.856
36.0 33.622
36.0 33.052
36.0 33.444
36.0 33.012
36.0 33.32
36.0 33.686
36.0 34.208
36.0 33.512
36.0 33.49
36.0 33.484
36.0 33.908
36.0 33.376
36.0 33.26
36.0 33.802
36.0 33.782
36.0 33.726
36.0 33.534
36.0 33.592
36.0 33.888
36.0 33.484
36.0 33.678
36.0 33.204
36.0 33.948
36.0 34.238
36.0 33.564
36.0 33.624
36.0 33.298
36.0 33.092
36.0 34.03
36.0 33.388
36.0 33.648
36.0 33.926
36.0 33.298
36.0 33.574
36.0 33.528
36.0 33.936
36.0 33.726
36.0 33.402
36.0 34.06
36.0 33.494
36.0 32.26
36.0 33.594
36.0 33.34
36.0 33.65
36.0 33.598
36.0 33.602
36.0 33.494
36.0 33.74
36.0 33.702
36.0 33.938
36.0 33.278
36.0 33.512
36.0 33.026
36.0 33.426
36.0 33.366
36.0 33.036
36.0 33.742
36.0 33.028
36.0 33.186
36.0 33.472
36.0 33.526
36.0 33.548
36.0 33.726
36.0 33.76
36.0 32.99
36.0 33.51
36.0 33.58
36.0 33.328
36.0 33.404
36.0 33.362
36.0 33.136
36.0 33.768
36.0 33.676
36.0 33.456
36.0 33.74
36.0 33.746
36.0 33.738
36.0 33.638
36.0 33.21
36.0 33.614
36.0 33.06
36.0 33.324
36.0 33.424
36.0 33.064
36.0 32.686
36.0 33.522
36.0 33.416
36.0 33.756
36.0 33.924
36.0 33.632
36.0 33.698
36.0 33.34
36.0 33.484
36.0 33.798
36.0 33.414
36.0 33.254
36.0 33.328
36.0 34.046
36.0 34.064
36.0 33.684
36.0 33.526
36.0 33.614
36.0 33.566
36.0 33.574
36.0 33.54
36.0 33.556
36.0 32.924
36.0 33.478
36.0 33.514
36.0 33.648
36.0 33.292
36.0 33.41
36.0 33.36
36.0 33.822
36.0 33.014
36.0 33.458
36.0 33.638
36.0 33.582
36.0 33.52
36.0 33.346
36.0 34.06
36.0 33.21
36.0 33.34
36.0 33.856
36.0 33.54
36.0 33.508
36.0 33.714
36.0 33.706
36.0 33.99
36.0 34.004
36.0 33.468
36.0 33.56
36.0 33.454
36.0 33.932
36.0 33.264
36.0 33.76
36.0 32.72
36.0 33.79
36.0 33.876
36.0 34.136
36.0 33.282
36.0 33.334
36.0 33.008
36.0 32.3
36.0 33.028
36.0 33.858
36.0 33.462
36.0 33.702
36.0 33.922
36.0 33.582
36.0 33.56
36.0 33.076
36.0 33.056
36.0 33.874
36.0 33.384
36.0 32.956
36.0 33.098
36.0 33.184
36.0 33.72
36.0 33.56
36.0 33.54
36.0 33.522
36.0 33.664
36.0 33.248
36.0 33.748
36.0 33.626
36.0 33.716
36.0 33.236
36.0 33.552
36.0 33.634
36.0 34.022
36.0 33.906
36.0 33.46
36.0 33.55
36.0 33.34
36.0 33.49
36.0 33.662
36.0 33.886
36.0 33.884
36.0 32.77
36.0 33.206
36.0 33.372
36.0 33.412
36.0 33.44
36.0 33.952
36.0 33.746
36.0 33.878
36.0 33.602
36.0 33.774
36.0 34.064
36.0 33.818
36.0 32.974
36.0 33.486
36.0 33.328
36.0 32.918
36.0 33.85
36.0 33.522
36.0 33.82
36.0 33.636
36.0 33.242
36.0 33.784
36.0 33.784
36.0 33.558
36.0 34.164
36.0 33.6
36.0 33.84
36.0 33.306
36.0 33.69
36.0 33.852
36.0 33.772
36.0 33.498
36.0 33.034
36.0 33.686
36.0 32.956
36.0 33.12
36.0 33.304
36.0 33.032
36.0 33.558
36.0 33.478
36.0 33.58
36.0 34.02
36.0 33.54
36.0 33.582
36.0 33.87
36.0 33.386
36.0 33.29
36.0 33.584
36.0 33.336
36.0 33.916
36.0 33.08
36.0 33.236
36.0 33.592
36.0 33.692
36.0 33.874
36.0 33.732
36.0 33.58
36.0 33.588
36.0 33.67
36.0 33.828
36.0 33.218
36.0 32.972
36.0 33.392
36.0 33.096
36.0 32.762
36.0 33.924
36.0 33.706
36.0 33.624
36.0 33.524
36.0 33.248
36.0 33.934
36.0 33.594
36.0 33.786
36.0 33.62
36.0 33.452
36.0 33.814
36.0 33.648
36.0 33.054
36.0 33.13
500
-31.0 -241.394
-31.0 -123.298
-8.0 -71.514
-5.0 -40.862
2.0 -24.098
10.0 -12.436
17.0 -2.18
21.0 5.326
21.0 12.222
24.5 16.672
25.5 18.534
26.5 20.204
26.5 21.562
29.0 22.02
30.5 23.458
30.5 24.47
32.0 25.828
32.0 26.304
32.5 27.12
34.5 28.854
35.0 29.16
35.0 30.158
36.5 30.742
36.5 31.278
36.5 32.846
36.5 33.188
36.5 33.206
36.5 34.09
36.5 34.072
36.5 34.11
36.5 34.22
36.5 34.096
36.5 33.642
36.5 33.916
36.5 33.108
36.5 33.844
36.5 33.878
36.5 34.046
36.5 34.45
36.5 33.402
36.5 34.074
36.5 34.128
36.5 33.414
36.5 33.932
36.5 33.892
36.5 33.576
36.5 33.66
36.5 33.606
36.5 33.046
36.5 33.62
36.5 34.458
36.5 34.26
36.5 34.348
36.5 33.968
36.5 34.306
36.5 33.472
36.5 33.346
36.5 34.328
36.5 34.266
36.5 33.708
36.5 34.04
36.5 34.08
36.5 33.952
36.5 34.052
36.5 33.154
36.5 33.93
36.5 34.198
36.5 34.222
36.5 33.702
36.5 33.74
36.5 33.7
36.5 33.56
36.5 34.298
36.5 34.334
36.5 34.056
36.5 33.352
36.5 34.368
36.5 33.768
36.5 34.05
36.5 33.33
36.5 33.43
36.5 34.218
36.5 33.822
36.5 33.23
36.5 33.812
36.5 34.136
36.5 34.302
36.5 33.884
36.5 33.612
36.5 33.19
36.5 33.63
36.5 33.952
36.5 33.758
36.5 33.436
36.5 34.152
36.5 33.966
36.5 33.804
36.5 33.49
36.5 33.64
36.5 33.918
36.5 33.804
36.5 33.79
36.5 33.72
36.5 33.976
36.5 33.722
36.5 33.982
36.5 34.01
36.5 33.132
36.5 33.702
36.5 33.49
36.5 34.1
36.5 33.458
36.5 33.792
36.5 34.264
36.5 33.802
36.5 33.764
36.5 34.324
36.5 34.01
36.5 34.05
36.5 33.784
36.5 34.118
36.5 33.22
36.5 33.392
36.5 33.242
36.5 33.972
36.5 34.088
36.5 33.744
36.5 34.202
36.5 33.884
36.5 34.098
36.5 34.04
36.5 34.126
36.5 33.824
36.5 33.616
36.5 33.648
36.5 33.378
36.5 33.346
36.5 33.518
36.5 33.724
36.5 33.968
36.5 33.366
36.5 33.594
36.5 34.55
36.5 33.854
36.5 34.046
36.5 33.79
36.5 33.828
36.5 34.238
36.5 33.946
36.5 33.886
36.5 33.576
36.5 33.74
36.5 34.042
36.5 34.178
36.5 33.362
36.5 33.618
36.5 33.976
36.5 33.882
36.5 33.938
36.5 33.774
36.5 33.756
36.5 33.928
36.5 33.908
36.5 33.432
36.5 33.988
36.5 33.412
36.5 33.666
36.5 33.554
36.5 33.87
36.5 33.826
36.5 34.218
36.5 33.926
36.5 33.674
36.5 33.766
36.5 33.91
36.5 33.872
36.5 33.442
36.5 34.392
36.5 34.13
36.5 34.186
36.5 34.298
36.5 34.236
36.5 34.008
36.5 34.116
36.5 33.804
36.5 34.026
36.5 33.786
36.5 33.858
36.5 34.038
36.5 34.062
36.5 34.348
36.5 34.18
36.5 33.818
36.5 33.732
36.5 34.192
36.5 33.622
36.5 33.908
36.5 33.872
36.5 34.116
36.5 33.844
36.5 32.89
36.5 33.264
36.5 33.798
36.5 33.59
36.5 34.01
36.5 33.626
36.5 33.63
36.5 33.392
36.5 34.08
36.5 33.614
36.5 33.886
36.5 33.314
36.5 33.238
36.5 33.744
36.5 33.622
36.5 34.022
36.5 34.022
36.5 34.348
36.5 33.658
36.5 34.0
36.5 34.08
36.5 33.666
36.5 34.2
36.5 33.09
36.5 34.03
36.5 33.706
36.5 33.55
36.5 33.786
36.5 33.786
36.5 33.466
36.5 33.798
36.5 33.85
36.5 33.732
36.5 33.786
36.5 34.196
36.5 33.838
36.5 33.724
36.5 33.552
36.5 33.056
36.5 33.496
36.5 33.982
36.5 33.14
36.5 33.71
36.5 33.724
36.5 34.198
36.5 33.65
36.5 33.938
36.5 33.776
36.5 34.018
36.5 33.568
36.5 33.968
36.5 33.636
36.5 33.25
36.5 33.598
36.5 33.412
36.5 33.202
36.5 34.044
36.5 34.108
36.5 33.474
36.5 33.214
36.5 33.788
36.5 34.618
36.5 34.124
36.5 33.652
36.5 33.528
36.5 33.808
36.5 33.688
36.5 33.406
36.5 33.386
36.5 33.904
36.5 33.268
36.5 33.66
36.5 33.566
36.5 33.688
36.5 33.112
36.5 33.396
36.5 33.82
36.5 33.906
36.5 33.934
36.5 33.924
36.5 33.846
36.5 33.33
36.5 34.228
36.5 33.74
36.5 33.804
36.5 33.83
36.5 33.848
36.5 33.658
36.5 34.08
36.5 34.106
36.5 33.616
36.5 33.862
36.5 34.34
36.5 34.03
36.5 34.514
36.5 33.32
36.5 33.932
36.5 33.896
36.5 33.752
36.5 33.276
36.5 33.536
36.5 33.81
36.5 33.922
36.5 34.106
36.5 33.814
36.5 33.86
36.5 32.878
36.5 34.246
36.5 33.984
36.5 34.024
36.5 33.794
36.5 33.378
36.5 33.762
36.5 33.674
36.5 33.56
36.5 33.792
36.5 33.05
36.5 33.61
36.5 32.926
36.5 34.268
36.5 33.796
36.5 32.956
36.5 33.856
36.5 33.86
36.5 33.738
36.5 33.398
36.5 33.64
36.5 33.596
36.5 33.936
36.5 33.592
36.5 33.808
36.5 34.052
36.5 34.438
36.5 34.138
36.5 33.8
36.5 33.45
36.5 34.008
36.5 34.044
36.5 33.798
36.5 33.414
36.5 33.512
36.5 33.818
36.5 33.512
36.5 33.416
36.5 33.812
36.5 33.704
36.5 33.088
36.5 33.492
36.5 33.518
36.5 34.034
36.5 33.976
36.5 33.75
36.5 34.39
36.5 33.52
36.5 33.48
36.5 33.962
36.5 33.474
36.5 34.256
36.5 34.284
36.5 33.54
36.5 34.164
36.5 34.276
36.5 33.91
36.5 34.156
36.5 34.162
36.5 33.822
36.5 34.052
36.5 34.364
36.5 34.064
36.5 33.598
36.5 33.628
36.5 33.518
36.5 33.478
36.5 34.202
36.5 33.808
36.5 33.93
36.5 34.12
36.5 34.424
36.5 34.104
36.5 34.114
36.5 33.776
36.5 33.676
36.5 33.822
36.5 34.112
36.5 33.998
36.5 33.97
36.5 33.832
36.5 33.608
36.5 34.07
36.5 33.912
36.5 33.772
36.5 33.594
36.5 33.924
36.5 33.816
36.5 34.234
36.5 34.186
36.5 33.628
36.5 33.93
36.5 33.848
36.5 33.55
36.5 34.194
36.5 34.102
36.5 33.622
36.5 33.45
36.5 33.838
36.5 33.682
36.5 33.898
36.5 34.128
36.5 34.302
36.5 33.31
36.5 33.948
36.5 33.934
36.5 33.852
36.5 33.662
36.5 34.66
36.5 33.434
36.5 33.734
36.5 33.94
36.5 33.598
36.5 34.328
36.5 33.446
36.5 33.904
36.5 34.304
36.5 33.896
36.5 33.666
36.5 33.714
36.5 34.138
36.5 33.688
36.5 33.066
36.5 33.806
36.5 34.314
36.5 34.42
36.5 34.092
36.5 33.65
36.5 34.17
36.5 33.782
36.5 34.222
36.5 33.416
36.5 33.834
36.5 33.812
36.5 34.212
36.5 33.534
36.5 33.748
36.5 34.312
36.5 33.538
36.5 34.014
36.5 33.922
36.5 33.442
36.5 33.552
36.5 33.758
36.5 33.9
36.5 34.02
36.5 33.762
36.5 34.104
36.5 33.662
36.5 33.184
36.5 33.49
36.5 33.604
36.5 33.458
36.5 33.852
36.5 33.414
36.5 33.752
36.5 33.424
36.5 34.41
36.5 34.244
36.5 33.692
36.5 33.172
36.5 33.324
36.5 33.764
36.5 33.394
36.5 33.67
36.5 33.73
36.5 33.52
36.5 33.71
36.5 34.228
36.5 33.77
36.5 33.476
36.5 33.944
36.5 33.962
36.5 33.842
36.5 33.456
36.5 33.808
36.5 33.674
36.5 33.356
36.5 33.346
36.5 33.858
36.5 33.326
36.5 33.72
36.5 33.576
36.5 33.698
36.5 33.836
36.5 33.752
36.5 33.28
36.5 34.174
36.5 33.33
36.5 33.778
36.5 34.196
36.5 33.912
36.5 34.09
36.5 34.22
500
-45.0 -235.642
-27.5 -127.932
-24.5 -77.756
-2.5 -45.764
14.5 -27.62
17.0 -14.938
17.0 -2.062
21.0 9.58
22.0 14.604
23.0 16.782
24.0 18.862
24.0 19.588
25.5 20.414
26.5 22.086
28.0 22.928
29.0 24.024
29.0 24.794
29.0 25.504
29.5 26.016
30.5 26.904
31.0 27.014
32.0 27.326
32.0 27.758
32.5 28.652
32.5 29.374
32.5 29.342
32.5 30.072
33.0 30.246
33.0 30.106
33.0 29.42
33.0 30.566
33.0 30.286
33.0 30.442
33.5 30.5
33.5 30.956
33.5 30.486
35.0 30.21
35.0 31.09
35.0 31.344
35.0 32.098
35.0 32.122
35.0 31.104
35.0 32.588
35.5 32.15
35.5 32.398
35.5 31.722
35.5 32.654
35.5 32.22
35.5 33.09
35.5 32.214
35.5 32.65
35.5 32.932
35.5 32.404
35.5 32.93
35.5 33.212
35.5 32.032
35.5 32.166
35.5 31.784
35.5 32.668
35.5 32.454
35.5 32.16
35.5 32.616
35.5 32.642
35.5 32.542
35.5 32.724
35.5 33.188
35.5 33.256
35.5 32.912
35.5 32.414
35.5 33.176
35.5 32.632
35.5 32.52
35.5 33.106
35.5 32.634
35.5 32.48
35.5 32.796
35.5 33.24
35.5 33.05
35.5 32.794
35.5 32.164
35.5 32.768
35.5 32.342
35.5 32.064
35.5 32.902
35.5 32.99
35.5 33.476
35.5 31.838
35.5 32.624
35.5 32.374
35.5 32.436
35.5 33.132
35.5 32.952
35.5 33.096
35.5 33.254
35.5 32.552
35.5 32.588
35.5 33.348
35.5 33.224
35.5 32.868
35.5 32.442
35.5 32.33
35.5 32.828
35.5 32.888
35.5 32.74
35.5 32.47
35.5 33.43
35.5 32.948
35.5 33.154
35.5 32.992
35.5 31.64
35.5 32.592
35.5 32.446
35.5 32.938
35.5 33.114
35.5 32.976
35.5 33.1
35.5 32.444
35.5 32.816
35.5 32.532
35.5 32.694
35.5 32.654
35.5 32.522
35.5 32.856
35.5 32.738
35.5 32.742
35.5 33.22
35.5 33.004
35.5 33.448
35.5 32.738
35.5 32.7
35.5 32.68
35.5 32.892
35.5 32.526
35.5 33.004
35.5 32.418
35.5 32.528
35.5 32.926
35.5 32.45
35.5 32.648
35.5 32.78
35.5 32.696
35.5 32.486
35.5 33.118
35.5 33.166
35.5 32.842
35.5 32.154
35.5 33.008
35.5 32.938
35.5 33.178
35.5 32.956
35.5 32.044
35.5 32.77
35.5 32.584
35.5 32.548
35.5 32.706
35.5 32.85
35.5 33.078
35.5 33.074
35.5 33.258
35.5 32.49
35.5 32.768
35.5 32.616
35.5 32.64
35.5 32.796
35.5 32.786
35.5 32.424
35.5 32.914
35.5 32.7
35.5 32.506
35.5 32.442
35.5 32.306
35.5 33.366
35.5 32.82
35.5 32.682
35.5 32.308
35.5 32.624
35.5 32.87
35.5 32.52
35.5 32.796
35.5 32.838
35.5 32.012
35.5 32.506
35.5 31.918
35.5 32.736
35.5 32.72
35.5 32.874
35.5 32.676
35.5 31.968
35.5 32.55
35.5 32.288
35.5 32.74
35.5 32.254
35.5 32.826
35.5 32.928
35.5 32.648
35.5 32.72
35.5 33.022
35.5 32.986
35.5 32.554
35.5 32.976
35.5 32.782
35.5 32.6
35.5 32.596
35.5 33.086
35.5 32.38
35.5 32.37
35.5 32.34
35.5 32.936
35.5 32.802
35.5 33.31
35.5 33.398
35.5 33.008
35.5 32.38
35.5 33.286
35.5 32.938
35.5 32.68
35.5 33.268
35.5 32.734
35.5 32.822
35.5 32.584
35.5 32.48
35.5 31.744
35.5 32.142
35.5 32.218
35.5 32.716
35.5 32.596
35.5 32.282
35.5 32.86
35.5 31.826
35.5 32.956
35.5 33.204
35.5 32.414
35.5 33.096
35.5 32.698
35.5 33.174
35.5 32.962
35.5 32.976
35.5 32.684
35.5 32.622
35.5 32.736
35.5 32.068
35.5 32.222
35.5 32.304
35.5 32.526
35.5 32.504
35.5 32.208
35.5 32.418
35.5 32.814
35.5 33.062
35.5 32.756
35.5 32.414
35.5 33.104
35.5 32.396
35.5 32.682
35.5 32.886
35.5 32.75
35.5 32.438
35.5 33.068
35.5 33.232
35.5 33.386
35.5 32.964
35.5 32.886
35.5 33.354
35.5 33.264
35.5 33.06
35.5 32.042
35.5 32.336
35.5 32.666
35.5 33.028
35.5 32.966
35.5 33.384
35.5 33.366
35.5 32.852
35.5 32.862
35.5 32.408
35.5 32.592
35.5 32.494
35.5 32.508
35.5 32.642
35.5 33.08
35.5 32.774
35.5 33.46
35.5 32.816
35.5 32.858
35.5 32.636
35.5 32.646
35.5 32.164
35.5 31.842
35.5 33.23
35.5 33.146
35.5 33.338
35.5 33.05
35.5 32.432
35.5 32.176
35.5 32.776
35.5 32.928
35.5 33.034
35.5 32.524
35.5 33.244
35.5 32.674
35.5 32.768
35.5 32.062
35.5 32.8
35.5 32.628
35.5 32.704
35.5 32.674
35.5 32.492
35.5 33.148
35.5 32.94
35.5 32.726
35.5 32.416
35.5 33.092
35.5 33.11
35.5 32.384
35.5 32.756
35.5 33.276
35.5 32.78
35.5 32.936
35.5 32.8
35.5 32.584
35.5 32.868
35.5 33.428
35.5 33.15
35.5 33.264
35.5 33.198
35.5 33.184
35.5 32.124
35.5 33.02
35.5 33.268
35.5 32.302
35.5 32.734
35.5 32.91
35.5 32.792
35.5 33.148
35.5 32.662
35.5 33.254
35.5 32.706
35.5 32.534
35.5 32.39
35.5 32.682
35.5 32.33
35.5 32.688
35.5 32.528
35.5 33.0
35.5 32.436
35.5 32.75
35.5 32.83
35.5 32.966
35.5 33.042
35.5 33.058
35.5 32.942
35.5 32.624
35.5 32.702
35.5 32.818
35.5 32.84
35.5 32.828
35.5 32.692
35.5 33.078
35.5 32.902
35.5 33.094
35.5 32.726
35.5 33.026
35.5 32.262
35.5 32.294
35.5 32.838
35.5 32.53
35.5 32.736
35.5 32.934
35.5 32.496
35.5 33.286
35.5 33.448
35.5 32.886
35.5 32.796
35.5 32.544
35.5 32.846
35.5 33.002
35.5 33.08
35.5 33.132
35.5 32.864
35.5 32.882
35.5 32.538
35.5 32.13
35.5 32.674
35.5 32.702
35.5 32.68
35.5 33.37
35.5 32.436
35.5 32.616
35.5 32.764
35.5 32.844
35.5 32.654
35.5 32.448
35.5 32.956
35.5 33.018
35.5 32.932
35.5 32.76
35.5 33.03
35.5 33.178
35.5 32.518
35.5 32.938
35.5 33.004
35.5 33.05
35.5 33.564
35.5 33.16
35.5 32.598
35.5 33.284
35.5 32.762
35.5 32.224
35.5 32.524
35.5 32.72
35.5 32.054
35.5 32.92
35.5 32.43
35.5 32.47
35.5 33.08
35.5 32.366
35.5 32.644
35.5 32.614
35.5 33.034
35.5 33.118
35.5 32.778
35.5 32.682
35.5 32.918
35.5 33.09
35.5 32.908
35.5 33.038
35.5 32.856
35.5 33.042
35.5 32.328
35.5 32.852
35.5 32.8
35.5 32.266
35.5 32.996
35.5 32.668
35.5 32.556
35.5 33.052
35.5 32.692
35.5 32.72
35.5 33.002
35.5 32.736
35.5 32.406
35.5 32.514
35.5 32.514
35.5 32.616
35.5 33.394
35.5 32.922
35.5 32.206
35.5 32.276
35.5 32.406
35.5 32.316
35.5 32.964
35.5 32.696
35.5 32.246
35.5 32.676
35.5 33.166
35.5 32.986
35.5 32.468
35.5 31.844
35.5 32.672
35.5 32.638
35.5 31.95
35.5 32.628
35.5 33.11
35.5 32.76
35.5 32.634
35.5 31.898
35.5 32.794
35.5 32.54
35.5 31.948
35.5 32.386
35.5 32.586
35.5 33.002
35.5 32.786
35.5 32.508
35.5 32.638
35.5 33.006
35.5 32.502
35.5 32.3
35.5 33.25
35.5 32.314
35.5 32.676
35.5 32.558
35.5 33.166
35.5 32.554
35.5 32.484
35.5 32.928
35.5 33.478
35.5 33.042
35.5 32.76
35.5 32.736
35.5 33.426
35.5 32.64
35.5 32.336
35.5 32.466
35.5 32.69
35.5 33.128
35.5 32.8
35.5 32.864
35.5 32.502
35.5 32.268
500
-64.0 -224.612
-33.5 -118.47
-3.0 -76.6
-3.0 -42.214
-0.5 -22.112
16.0 -8.892
19.5 -0.628
23.5 8.9
24.5 14.38
26.5 18.454
27.0 21.352
30.0 22.758
30.0 23.442
30.0 24.016
30.5 25.102
30.5 25.92
30.5 26.968
32.0 27.614
33.0 28.496
33.0 28.828
33.0 29.184
33.0 30.072
33.0 29.514
33.5 30.076
33.5 28.914
33.5 30.564
34.0 30.654
34.0 30.842
34.0 31.21
34.0 31.614
34.5 31.206
34.5 32.046
34.5 31.574
34.5 31.684
35.0 31.674
35.0 31.402
35.0 31.572
35.0 31.7
35.0 31.712
35.0 32.53
35.0 32.67
35.0 31.888
35.0 32.424
35.0 31.798
35.0 31.978
35.0 31.824
35.0 31.464
35.0 32.15
35.0 31.714
35.0 32.224
35.0 32.188
35.0 32.476
35.0 32.348
35.0 32.4
35.0 31.904
35.0 32.182
35.0 32.63
35.0 32.418
35.0 32.324
35.0 32.724
35.0 32.51
35.0 32.388
35.0 32.716
35.0 32.206
35.0 32.04
35.0 32.092
35.0 31.496
35.0 31.778
35.0 32.166
35.0 32.404
35.0 32.326
35.0 32.748
35.0 31.842
35.0 32.614
35.0 32.216
35.0 32.042
35.0 32.054
35.0 32.68
35.0 32.02
35.0 32.396
35.0 32.662
35.0 31.83
35.0 31.98
35.0 32.282
35.0 32.016
35.0 32.27
35.0 32.136
35.0 32.52
35.0 31.976
35.0 31.826
35.0 32.558
35.0 32.376
35.0 32.072
35.0 32.23
35.0 31.906
35.0 32.5
35.0 32.442
35.0 32.084
35.0 32.056
35.0 31.546
35.0 32.016
35.0 31.586
35.0 32.41
35.0 32.696
35.0 32.468
35.0 32.268
35.0 31.7
35.0 31.8
35.0 31.728
35.0 31.636
35.0 32.202
35.0 32.478
35.0 32.904
35.0 32.52
35.0 32.072
35.0 32.668
35.0 31.9
35.0 32.908
35.0 31.822
35.0 32.288
35.0 32.336
35.0 32.048
35.0 32.254
35.0 31.962
35.0 32.022
35.0 32.506
35.0 32.15
35.0 32.448
35.0 32.162
35.0 31.526
35.0 32.478
35.0 32.004
35.0 32.41
35.0 32.312
35.0 31.846
35.0 32.426
35.0 32.628
35.0 32.452
35.0 32.534
35.0 32.636
35.0 32.602
35.0 31.63
35.0 32.49
35.0 31.922
35.0 32.482
35.0 31.424
35.0 31.98
35.0 32.34
35.0 31.912
35.0 32.278
35.0 32.742
35.0 32.0
35.0 32.078
35.0 31.838
35.0 32.19
35.0 32.15
35.0 32.276
35.0 32.324
35.0 32.308
35.0 32.0
35.0 32.374
35.0 32.702
35.0 32.256
35.0 32.824
35.0 32.34
35.0 32.426
35.0 32.132
35.0 32.32
35.0 32.204
35.0 32.338
35.0 32.552
35.0 32.12
35.0 32.36
35.0 32.346
35.0 32.218
35.0 32.334
35.0 31.768
35.0 32.918
35.0 32.264
35.0 32.664
35.0 32.45
35.0 32.342
35.0 31.966
35.0 32.568
35.0 32.118
35.0 32.384
35.0 32.264
35.0 32.2
35.0 32.06
35.0 32.242
35.0 32.452
35.0 32.38
35.0 32.5
35.0 32.176
35.0 31.836
35.0 32.272
35.0 32.288
35.0 32.74
35.0 31.794
35.0 32.294
35.0 31.804
35.0 31.29
35.0 32.484
35.0 33.27
35.0 32.334
35.0 32.04
35.0 32.66
35.0 32.566
35.0 32.516
35.0 31.936
35.0 32.424
35.0 32.248
35.0 31.954
35.0 32.81
35.0 32.194
35.0 32.596
35.0 32.69
35.0 32.686
35.0 31.618
35.0 32.216
35.0 31.862
35.0 32.084
35.0 32.108
35.0 31.88
35.0 31.412
35.0 31.852
35.0 31.376
35.0 32.65
35.0 32.394
35.0 32.122
35.0 32.414
35.0 31.848
35.0 31.908
35.0 31.692
35.0 31.85
35.0 32.686
35.0 32.452
35.0 31.78
35.0 32.516
35.0 31.27
35.0 33.092
35.0 32.334
35.0 32.224
35.0 32.59
35.0 32.25
35.0 32.566
35.0 31.75
35.0 32.86
35.0 32.066
35.0 32.39
35.0 31.576
35.0 32.012
35.0 32.196
35.0 32.402
35.0 32.31
35.0 32.026
35.0 32.256
35.0 32.498
35.0 32.256
35.0 32.042
35.0 32.874
35.0 32.222
35.0 32.27
35.0 32.362
35.0 32.146
35.0 32.198
35.0 31.708
35.0 32.214
35.0 31.628
35.0 32.12
35.0 32.804
35.0 32.208
35.0 32.332
35.0 31.566
35.0 31.998
35.0 32.506
35.0 31.646
35.0 31.736
35.0 32.588
35.0 31.628
35.0 32.352
35.0 31.744
35.0 32.026
35.0 31.61
35.0 32.55
35.0 31.852
35.0 32.346
35.0 32.088
35.0 32.42
35.0 32.292
35.0 31.872
35.0 32.328
35.0 32.456
35.0 32.676
35.0 32.464
35.0 32.2
35.0 31.988
35.0 32.826
35.0 32.22
35.0 32.414
35.0 31.824
35.0 31.984
35.0 31.794
35.0 32.048
35.0 31.92
35.0 32.85
35.0 32.068
35.0 32.534
35.0 31.756
35.0 32.002
35.0 32.692
35.0 32.322
35.0 32.302
35.0 32.066
35.0 32.566
35.0 32.254
35.0 32.164
35.0 32.504
35.0 32.328
35.0 32.61
35.0 31.966
35.0 32.098
35.0 31.866
35.0 32.3
35.0 32.426
35.0 31.738
35.0 32.228
35.0 32.648
35.0 31.562
35.0 32.078
35.0 31.75
35.0 32.196
35.0 32.238
35.0 32.126
35.0 31.634
35.0 31.88
35.0 31.862
35.0 32.346
35.0 32.176
35.0 31.53
35.0 32.218
35.0 32.322
35.0 32.176
35.0 32.2
35.0 31.996
35.0 32.336
35.0 32.618
35.0 32.258
35.0 31.67
35.0 32.37
35.0 31.886
35.0 31.912
35.0 32.434
35.0 32.532
35.0 32.096
35.0 32.154
35.0 32.38
35.0 32.252
35.0 32.446
35.0 31.6
35.0 32.016
35.0 32.516
35.0 32.022
35.0 32.334
35.0 32.698
35.0 32.31
35.0 32.51
35.0 32.118
35.0 32.264
35.0 32.096
35.0 32.264
35.0 32.528
35.0 31.814
35.0 32.434
35.0 32.276
35.0 31.334
35.0 31.788
35.0 31.844
35.0 32.024
35.0 32.468
35.0 32.22
35.0 32.298
35.0 32.276
35.0 30.768
35.0 32.312
35.0 32.348
35.0 32.042
35.0 32.09
35.0 31.726
35.0 32.074
35.0 32.48
35.0 32.774
35.0 31.774
35.0 32.5
35.0 32.316
35.0 32.514
35.0 32.316
35.0 32.128
35.0 31.668
35.0 31.926
35.0 32.426
35.0 32.082
35.0 32.232
35.0 31.98
35.0 31.952
35.0 32.232
35.0 31.67
35.0 32.038
35.0 31.352
35.0 32.2
35.0 32.392
35.0 32.11
35.0 32.256
35.0 32.062
35.0 31.766
35.0 32.274
35.0 32.028
35.0 31.92
35.0 32.288
35.0 31.764
35.0 31.81
35.0 32.684
35.0 32.414
35.0 32.202
35.0 32.044
35.0 31.904
35.0 32.064
35.0 32.218
35.0 32.262
35.0 31.454
35.0 32.17
35.0 32.256
35.0 31.89
35.0 31.784
35.0 31.494
35.0 32.116
35.0 32.348
35.0 32.456
35.0 32.012
35.0 31.804
35.0 32.458
35.0 31.984
35.0 32.456
35.0 32.716
35.0 32.386
35.0 32.154
35.0 32.06
35.0 32.378
35.0 32.272
35.0 32.014
35.0 32.268
35.0 32.684
35.0 32.548
35.0 31.134
35.0 32.494
35.0 32.27
35.0 32.198
35.0 32.402
35.0 32.484
35.0 32.728
35.0 32.182
35.0 32.106
35.0 32.676
35.0 32.458
35.0 32.1
35.0 32.208
35.0 31.674
35.0 31.93
35.0 31.692
35.0 31.948
35.0 32.086
35.0 32.724
35.0 31.894
35.0 32.56
35.0 32.766
35.0 32.532
35.0 32.846
35.0 32.392
35.0 32.38
35.0 32.21
35.0 32.224
35.0 32.354
35.0 31.432
35.0 32.5
35.0 32.15
35.0 32.122
35.0 32.06
35.0 32.366
35.0 31.726
35.0 31.328
35.0 32.324
35.0 32.196
35.0 32.1
35.0 32.242
35.0 31.562
35.0 31.818
35.0 32.774
35.0 31.954
35.0 32.212
35.0 32.498

Individual: [4, 9, 11, 12, 19, 21, 22, 28, 36, 39, 40, 43, 48, 49, 54, 78, 81, 83, 90, 91, 93, 98, 100]
   Fitness: 33.5
     Total: 23
Violations: 1 1

Individual: [1, 3, 4, 6, 9, 10, 21, 22, 25, 26, 32, 56, 59, 64, 67, 68, 71, 73, 85, 88, 89, 94, 95, 98, 100]
   Fitness: 34.5
     Total: 25
Violations: 3 3

Individual: [2, 7, 9, 10, 14, 15, 25, 27, 31, 33, 34, 38, 46, 60, 68, 70, 73, 75, 79, 81, 84, 91, 92, 96, 97, 99]
   Fitness: 37.0
     Total: 26
Violations: 2 2

Individual: [3, 6, 11, 13, 17, 22, 24, 25, 30, 32, 52, 59, 60, 63, 64, 70, 73, 75, 83, 84, 89, 92, 97, 99, 100]
   Fitness: 35.5
     Total: 25
Violations: 2 2

Individual: [3, 5, 6, 8, 15, 17, 21, 23, 24, 30, 49, 50, 59, 66, 67, 71, 72, 80, 86, 87, 90, 91, 96, 98, 99]
   Fitness: 34.5
     Total: 25
Violations: 3 3

Individual: [3, 4, 6, 10, 11, 13, 21, 24, 25, 28, 30, 33, 34, 61, 66, 67, 69, 70, 78, 82, 84, 85, 91, 93, 96]
   Fitness: 37.5
     Total: 25
Violations: 0 0

Individual: [1, 3, 4, 6, 12, 16, 19, 24, 25, 27, 41, 54, 60, 65, 68, 73, 74, 77, 85, 87, 90, 91, 98, 99]
   Fitness: 36.0
     Total: 24
Violations: 0 0

Individual: [5, 6, 9, 11, 20, 23, 26, 27, 30, 36, 39, 44, 56, 64, 70, 71, 74, 75, 88, 90, 91, 93, 97, 99, 100]
   Fitness: 36.5
     Total: 25
Violations: 1 1

Individual: [4, 7, 9, 12, 13, 21, 23, 24, 28, 30, 31, 40, 45, 46, 63, 70, 74, 75, 82, 84, 89, 91, 92, 97, 99]
   Fitness: 35.5
     Total: 25
Violations: 2 2

Individual: [1, 5, 7, 8, 10, 14, 17, 22, 25, 26, 31, 32, 60, 63, 68, 69, 71, 72, 77, 80, 87, 90, 92, 96, 98, 99]
   Fitness: 35.0
     Total: 26
Violations: 4 4
