10
100
-52.0 -229.597
-26.0 -143.385
-13.0 -120.145
6.0 -84.664
9.0 -73.042
9.0 -62.863
14.0 -58.609
14.5 -50.708
14.5 -45.147
14.5 -42.277
14.5 -38.781
15.5 -38.465
16.0 -32.222
16.5 -33.457
16.5 -30.825
16.5 -34.626
16.5 -42.494
16.5 -43.357
17.5 -34.441
19.0 -35.172
19.0 -34.523
19.0 -36.606
19.0 -37.437
19.0 -34.868
19.0 -31.709
19.0 -30.307
22.0 -32.127
22.0 -27.981
22.0 -28.434
22.0 -30.938
22.0 -28.624
22.0 -28.119
22.0 -31.007
22.0 -28.417
22.0 -33.72
22.0 -24.707
22.0 -28.889
22.0 -38.197
22.0 -35.177
22.0 -38.842
22.0 -35.604
22.0 -30.317
22.0 -34.264
22.0 -31.346
22.0 -32.755
22.0 -36.506
22.0 -35.195
22.0 -31.658
22.0 -30.601
22.0 -26.927
22.0 -30.397
22.0 -30.688
22.0 -30.415
22.0 -34.381
22.0 -29.948
22.0 -32.277
22.0 -34.112
22.0 -35.544
22.0 -42.347
22.0 -32.548
22.0 -35.325
22.0 -31.924
22.0 -34.573
22.0 -31.634
22.0 -28.947
22.0 -27.501
22.0 -26.437
22.0 -27.433
22.0 -24.905
22.0 -27.905
22.0 -27.696
22.0 -26.605
22.0 -28.219
22.0 -28.138
22.0 -28.13
22.0 -27.345
22.0 -33.115
22.0 -30.147
22.0 -28.762
22.0 -24.646
24.0 -34.059
24.0 -36.227
24.0 -32.672
24.0 -34.408
24.0 -28.945
24.0 -29.777
24.0 -34.716
24.0 -27.848
24.0 -32.142
24.0 -34.52
24.0 -32.914
24.0 -28.98
24.0 -28.026
24.0 -24.287
24.0 -25.791
24.0 -31.65
24.0 -27.491
24.0 -31.521
24.0 -30.304
24.0 -33.528
100
-38.5 -232.102
-15.5 -142.799
-10.5 -116.611
8.0 -87.844
9.0 -73.64
9.0 -71.685
13.0 -59.966
15.5 -47.145
15.5 -44.821
18.5 -42.947
18.5 -36.486
18.5 -35.127
18.5 -36.848
18.5 -39.949
21.0 -31.43
21.0 -33.725
21.0 -30.727
21.0 -30.836
21.0 -27.924
21.0 -29.572
21.0 -25.08
21.0 -34.095
21.0 -31.027
21.0 -36.462
21.0 -35.537
21.0 -25.889
21.0 -33.129
24.5 -28.655
24.5 -28.671
24.5 -29.714
24.5 -26.87
24.5 -24.324
24.5 -32.334
24.5 -26.202
25.0 -27.442
25.0 -29.895
25.0 -35.229
25.0 -24.059
25.0 -27.757
25.0 -24.314
25.0 -23.853
25.0 -30.364
25.0 -33.087
25.0 -28.095
25.0 -29.853
25.0 -31.232
25.0 -34.966
25.0 -28.04
25.0 -36.585
25.0 -31.745
25.0 -32.019
25.0 -25.247
25.0 -29.956
25.0 -28.656
25.0 -27.801
25.0 -27.676
25.0 -32.302
25.0 -27.022
25.0 -21.881
25.0 -26.895
25.0 -21.036
25.0 -30.652
25.0 -29.812
25.0 -29.045
27.0 -24.276
27.0 -22.994
27.0 -27.12
27.0 -31.121
27.0 -33.054
27.0 -27.074
27.0 -27.547
27.0 -25.543
27.0 -29.174
27.0 -34.204
27.0 -29.659
27.0 -23.837
27.0 -26.168
27.0 -30.221
27.0 -27.46
27.0 -28.845
27.0 -26.138
27.0 -28.928
27.0 -24.114
27.0 -30.303
27.0 -28.027
27.0 -31.34
27.0 -26.714
27.0 -26.553
27.0 -29.823
27.0 -26.373
27.0 -26.424
27.0 -22.777
27.0 -28.049
27.0 -24.917
27.0 -27.466
27.0 -31.813
27.0 -25.779
27.0 -27.092
27.0 -23.219
27.0 -29.607
100
-28.5 -226.271
-9.5 -145.029
-9.5 -110.432
-6.5 -87.271
-0.5 -75.595
6.5 -71.236
6.5 -62.685
6.5 -57.133
9.0 -54.154
15.5 -48.954
15.5 -48.999
15.5 -48.213
15.5 -45.465
19.0 -41.475
19.0 -36.377
19.0 -46.13
19.0 -35.967
20.0 -42.33
20.0 -39.988
20.0 -33.206
20.0 -29.565
20.0 -32.369
20.0 -35.918
20.0 -29.014
20.0 -30.227
20.0 -30.192
22.5 -28.54
23.5 -28.699
23.5 -26.965
23.5 -33.688
23.5 -30.362
24.0 -30.533
24.0 -29.648
24.0 -28.19
24.0 -27.238
24.0 -29.096
24.0 -36.014
24.0 -29.029
24.0 -28.755
24.0 -23.87
24.0 -31.034
24.5 -30.924
24.5 -34.258
24.5 -28.275
24.5 -22.863
24.5 -25.775
24.5 -25.812
24.5 -34.352
24.5 -31.942
24.5 -30.689
24.5 -33.86
24.5 -27.909
24.5 -26.248
24.5 -35.088
24.5 -24.181
24.5 -33.979
24.5 -28.814
24.5 -35.11
24.5 -32.574
24.5 -32.822
24.5 -30.293
24.5 -27.511
24.5 -29.199
24.5 -31.16
24.5 -34.935
24.5 -31.813
24.5 -28.177
24.5 -30.192
24.5 -28.646
24.5 -30.01
24.5 -25.145
24.5 -28.744
24.5 -30.631
24.5 -32.715
24.5 -25.05
24.5 -27.78
25.0 -27.343
25.0 -30.682
25.0 -32.08
25.0 -24.462
25.0 -36.81
25.0 -27.324
25.0 -31.244
25.0 -34.554
25.0 -32.349
25.0 -29.285
25.0 -29.575
25.0 -25.18
25.0 -27.223
25.0 -26.845
25.0 -24.707
25.0 -27.01
25.0 -24.772
25.0 -24.601
25.0 -29.388
25.0 -24.521
25.0 -31.335
25.0 -25.779
25.0 -33.064
25.0 -28.463
100
-7.5 -230.953
-7.5 -142.981
-1.5 -112.853
2.5 -85.806
3.5 -66.2
6.0 -58.493
8.5 -59.893
12.0 -49.114
13.0 -39.896
14.5 -37.219
16.5 -40.294
17.5 -39.105
17.5 -41.675
19.5 -38.174
19.5 -35.11
19.5 -40.168
19.5 -38.733
21.5 -43.43
21.5 -32.244
21.5 -33.807
21.5 -29.326
21.5 -31.243
22.0 -32.935
22.0 -34.264
22.0 -31.213
22.0 -27.6
22.0 -31.99
22.0 -31.447
22.0 -27.6
22.0 -28.676
22.0 -26.676
22.0 -24.075
22.0 -30.548
22.0 -31.147
22.0 -30.392
22.0 -28.124
22.0 -26.573
22.0 -27.96
22.0 -33.057
22.0 -27.451
22.0 -23.082
23.0 -26.351
23.0 -29.027
23.0 -22.068
23.0 -28.443
23.0 -30.827
23.0 -27.301
23.0 -34.057
23.0 -30.833
23.0 -27.388
23.0 -34.459
23.0 -36.69
23.0 -30.128
23.0 -31.881
23.0 -31.284
23.0 -28.501
23.0 -30.92
23.0 -31.786
23.0 -34.117
23.0 -32.635
23.0 -32.696
23.0 -33.505
23.0 -32.962
23.0 -30.781
23.0 -27.14
23.0 -36.343
23.0 -27.655
23.0 -28.171
23.0 -27.085
23.0 -32.003
23.0 -30.681
23.0 -34.096
23.0 -28.834
24.0 -31.278
24.0 -26.369
24.0 -25.687
24.0 -28.007
24.0 -32.839
24.0 -28.077
24.0 -27.746
24.0 -32.395
24.0 -37.23
24.0 -29.154
24.0 -24.123
24.0 -26.864
24.0 -24.584
24.0 -22.7
24.0 -30.61
24.0 -28.594
24.0 -36.895
24.0 -23.602
24.0 -26.776
24.0 -22.626
24.0 -26.927
24.0 -26.204
24.0 -23.605
24.0 -26.561
24.0 -28.506
24.0 -25.576
25.0 -25.171
100
-38.5 -237.514
-38.5 -153.684
8.5 -109.273
8.5 -88.215
12.0 -71.945
17.5 -64.241
17.5 -55.794
17.5 -48.54
17.5 -45.33
21.0 -48.761
21.0 -34.987
21.0 -35.958
21.0 -32.146
21.0 -30.767
21.0 -34.016
21.0 -38.6
21.0 -33.947
21.0 -31.363
21.0 -31.185
21.0 -30.852
22.0 -27.547
22.0 -28.652
22.0 -34.011
22.0 -26.952
22.0 -31.032
22.0 -29.753
22.0 -29.716
22.0 -26.788
23.0 -26.25
23.0 -27.931
23.0 -26.236
23.0 -31.489
23.0 -25.295
23.0 -23.412
23.0 -24.226
23.0 -27.914
23.0 -27.578
23.0 -28.741
23.0 -31.626
23.0 -26.705
23.0 -23.263
23.0 -23.074
23.0 -26.561
23.0 -27.726
23.0 -27.961
23.0 -34.938
23.0 -26.565
23.0 -29.55
23.0 -26.801
23.0 -31.121
23.0 -34.015
23.0 -31.419
23.0 -30.021
23.0 -30.312
23.0 -33.258
23.0 -36.321
23.0 -31.29
23.0 -28.926
23.0 -28.224
23.0 -32.772
23.0 -27.986
23.0 -27.726
25.5 -28.314
25.5 -27.368
25.5 -29.336
25.5 -30.067
25.5 -28.779
25.5 -30.511
25.5 -25.951
25.5 -27.57
25.5 -33.531
25.5 -24.091
25.5 -29.243
25.5 -26.223
25.5 -25.692
25.5 -24.842
25.5 -26.965
25.5 -30.974
25.5 -28.496
25.5 -30.674
25.5 -35.717
25.5 -34.298
25.5 -25.221
25.5 -24.703
25.5 -23.978
25.5 -28.825
25.5 -26.83
25.5 -23.985
25.5 -27.777
25.5 -28.057
25.5 -27.129
25.5 -30.653
25.5 -31.702
25.5 -31.335
25.5 -31.49
25.5 -26.343
25.5 -27.732
25.5 -24.613
25.5 -24.711
25.5 -22.155
100
-26.5 -238.091
-26.5 -156.349
-2.0 -121.867
-2.0 -97.04
0.0 -76.222
2.0 -68.014
4.0 -66.142
15.5 -56.033
15.5 -58.241
17.0 -49.401
17.0 -48.427
18.0 -38.305
18.0 -35.445
18.0 -36.771
18.0 -41.513
18.0 -31.625
21.0 -43.092
21.0 -45.887
21.0 -37.06
21.0 -30.452
21.0 -31.956
21.0 -32.353
21.0 -37.041
21.0 -35.023
21.0 -32.591
21.0 -28.541
21.0 -29.889
24.5 -33.472
24.5 -32.465
24.5 -34.329
24.5 -32.415
24.5 -30.438
24.5 -28.702
24.5 -35.967
24.5 -35.328
24.5 -31.425
24.5 -29.236
24.5 -28.391
24.5 -22.972
24.5 -32.026
24.5 -27.441
24.5 -35.55
24.5 -25.277
24.5 -33.618
24.5 -36.201
24.5 -27.749
24.5 -31.829
24.5 -25.971
24.5 -29.368
24.5 -29.869
24.5 -30.137
24.5 -23.301
24.5 -26.891
24.5 -28.235
24.5 -28.627
24.5 -28.34
24.5 -26.373
24.5 -26.603
24.5 -21.022
24.5 -25.256
24.5 -24.123
24.5 -26.247
24.5 -24.412
24.5 -24.873
24.5 -26.903
24.5 -31.385
24.5 -26.697
24.5 -29.143
24.5 -32.024
24.5 -30.389
24.5 -24.558
24.5 -28.249
24.5 -25.049
24.5 -30.27
24.5 -25.803
24.5 -31.409
24.5 -28.514
24.5 -29.333
24.5 -24.898
25.0 -23.847
25.0 -25.454
25.0 -29.006
25.0 -29.52
25.0 -25.43
25.0 -28.869
25.0 -33.021
25.0 -25.075
25.0 -27.293
25.0 -23.832
25.0 -32.223
25.0 -29.239
25.0 -26.723
26.5 -32.532
26.5 -30.133
26.5 -27.312
26.5 -24.706
26.5 -30.206
26.5 -25.841
26.5 -29.34
26.5 -19.171
100
-36.5 -228.884
-25.0 -151.577
-25.0 -115.646
2.5 -96.864
2.5 -83.143
9.5 -76.418
13.5 -58.228
17.0 -54.752
17.0 -47.09
17.0 -42.519
17.0 -43.444
17.0 -43.807
17.0 -34.228
18.5 -34.809
18.5 -36.946
18.5 -39.713
18.5 -43.296
18.5 -35.574
18.5 -39.126
18.5 -29.886
18.5 -31.831
22.0 -29.959
22.0 -30.001
22.0 -29.131
22.0 -31.694
22.0 -37.05
22.0 -34.693
22.0 -27.3
22.0 -31.374
22.0 -32.235
22.0 -32.774
22.0 -24.998
22.0 -25.86
25.5 -30.002
25.5 -23.673
25.5 -29.315
25.5 -30.461
25.5 -31.295
25.5 -37.759
25.5 -27.788
25.5 -26.985
25.5 -25.93
25.5 -25.902
25.5 -26.096
25.5 -26.758
25.5 -25.883
25.5 -28.18
25.5 -26.556
25.5 -27.634
25.5 -28.77
25.5 -26.978
25.5 -23.563
25.5 -23.404
25.5 -26.757
25.5 -26.881
25.5 -27.025
25.5 -35.681
25.5 -30.322
25.5 -27.143
25.5 -28.112
25.5 -31.613
25.5 -26.31
25.5 -26.813
25.5 -23.943
25.5 -31.799
25.5 -23.78
25.5 -22.967
25.5 -27.353
25.5 -27.635
25.5 -25.542
25.5 -25.473
25.5 -28.922
25.5 -27.451
25.5 -23.981
25.5 -26.783
25.5 -25.407
25.5 -26.564
25.5 -25.822
25.5 -31.48
25.5 -30.297
25.5 -27.466
25.5 -37.696
25.5 -30.937
25.5 -35.666
25.5 -26.989
25.5 -27.112
25.5 -31.705
25.5 -28.226
25.5 -30.041
25.5 -35.065
25.5 -28.516
25.5 -27.239
25.5 -33.508
25.5 -25.821
25.5 -26.154
25.5 -23.321
25.5 -25.098
25.5 -23.927
25.5 -26.266
25.5 -25.734
100
-20.0 -229.308
-20.0 -144.852
-10.0 -106.996
-5.5 -90.049
4.0 -76.044
8.0 -68.268
13.5 -56.814
13.5 -52.689
13.5 -49.946
15.5 -48.118
15.5 -49.771
15.5 -45.706
18.0 -40.493
18.0 -34.866
18.0 -39.872
18.0 -33.19
18.0 -34.881
18.0 -37.594
19.5 -39.394
19.5 -31.335
19.5 -30.685
21.0 -34.262
21.0 -35.013
21.0 -29.172
21.0 -30.582
21.0 -29.565
21.0 -25.403
21.0 -30.276
21.0 -28.861
21.0 -30.302
21.0 -31.781
21.0 -34.331
21.0 -28.997
21.0 -27.106
23.5 -22.992
23.5 -28.059
23.5 -30.154
23.5 -31.973
23.5 -34.622
23.5 -30.183
23.5 -25.7
23.5 -28.471
23.5 -29.841
23.5 -29.876
23.5 -31.123
23.5 -30.366
23.5 -34.877
23.5 -31.391
23.5 -35.607
23.5 -28.257
23.5 -24.851
23.5 -29.475
26.0 -27.814
26.0 -27.052
26.0 -28.015
26.0 -27.915
26.0 -28.727
26.0 -32.199
26.0 -27.92
26.0 -28.912
26.0 -35.106
26.0 -32.983
26.0 -30.801
26.0 -30.738
26.0 -30.587
26.0 -29.344
26.0 -26.233
26.0 -29.737
26.0 -25.768
26.0 -31.491
26.0 -31.506
26.0 -32.388
26.0 -27.175
26.0 -28.656
26.0 -26.919
26.0 -29.474
26.0 -32.022
26.0 -30.797
26.0 -29.646
26.0 -32.93
26.0 -30.639
26.0 -28.152
26.0 -23.616
26.0 -25.159
26.0 -30.332
26.0 -26.628
26.0 -27.471
26.0 -31.956
26.0 -31.446
26.0 -32.139
26.0 -29.211
26.0 -27.857
26.0 -27.765
26.0 -26.25
26.0 -26.774
26.0 -31.701
26.0 -24.449
26.0 -22.797
26.0 -24.778
26.0 -29.626
100
-35.0 -226.104
-17.0 -146.253
-12.5 -114.515
-2.0 -88.923
2.0 -77.077
6.0 -78.315
7.0 -58.876
8.0 -56.363
13.0 -58.512
16.5 -49.125
17.0 -45.709
17.0 -54.371
19.0 -46.957
19.0 -36.021
19.0 -34.125
19.0 -31.936
19.0 -34.015
19.0 -42.949
19.5 -34.775
19.5 -41.148
19.5 -34.94
19.5 -33.937
19.5 -31.624
19.5 -36.547
19.5 -32.463
19.5 -32.278
21.5 -31.717
21.5 -31.476
21.5 -31.242
21.5 -32.707
24.0 -32.016
24.0 -44.424
24.0 -38.219
24.0 -29.084
24.0 -26.357
24.0 -31.968
24.0 -27.929
24.0 -35.938
24.0 -30.408
24.0 -30.462
24.0 -26.296
24.0 -28.329
24.0 -30.655
24.0 -31.877
24.0 -31.925
24.0 -32.324
24.0 -30.282
24.0 -30.97
24.0 -33.666
24.0 -31.731
25.0 -31.021
25.0 -30.812
25.0 -29.29
25.0 -31.119
25.0 -31.071
25.0 -32.566
25.0 -28.616
25.0 -29.066
25.0 -31.733
25.0 -31.742
25.0 -29.649
25.0 -39.263
25.0 -31.488
25.0 -30.652
25.0 -31.586
25.0 -28.109
25.0 -32.174
25.0 -31.553
25.0 -34.823
25.0 -35.404
25.0 -31.715
25.5 -30.714
25.5 -31.955
25.5 -28.513
25.5 -29.28
25.5 -36.366
25.5 -28.965
25.5 -26.122
25.5 -26.857
25.5 -27.525
25.5 -22.079
25.5 -32.304
25.5 -29.079
25.5 -31.783
25.5 -25.665
25.5 -22.131
25.5 -33.136
25.5 -31.643
25.5 -33.719
25.5 -30.72
25.5 -31.267
25.5 -31.381
26.5 -39.196
26.5 -32.323
26.5 -30.045
26.5 -27.404
26.5 -27.786
26.5 -27.691
26.5 -20.97
26.5 -24.788
100
-41.0 -237.149
-24.0 -152.862
-11.5 -119.12
-1.5 -90.65
7.5 -81.696
7.5 -66.898
14.0 -57.775
14.0 -54.139
14.5 -50.653
14.5 -46.104
17.0 -47.365
17.0 -42.775
17.0 -39.447
17.0 -36.464
19.0 -40.321
19.0 -33.791
19.0 -39.824
19.0 -37.116
19.5 -35.612
19.5 -32.71
22.5 -31.445
22.5 -46.5
22.5 -29.267
22.5 -39.868
22.5 -36.398
22.5 -37.891
22.5 -34.308
22.5 -34.685
22.5 -31.614
22.5 -33.116
22.5 -31.12
22.5 -41.158
22.5 -28.821
22.5 -29.404
22.5 -27.04
22.5 -25.276
22.5 -31.486
23.5 -24.928
23.5 -28.886
23.5 -28.307
23.5 -27.925
23.5 -33.877
24.5 -27.732
24.5 -31.984
24.5 -33.003
24.5 -29.77
24.5 -26.959
24.5 -31.007
24.5 -24.964
24.5 -28.231
24.5 -25.277
24.5 -26.378
24.5 -25.823
24.5 -30.254
24.5 -33.376
24.5 -29.981
24.5 -29.352
24.5 -33.079
24.5 -27.794
24.5 -30.733
24.5 -28.162
24.5 -30.669
24.5 -32.581
24.5 -31.69
24.5 -33.003
24.5 -22.915
24.5 -27.026
24.5 -26.126
24.5 -30.148
24.5 -30.301
24.5 -28.75
24.5 -26.027
24.5 -32.862
24.5 -31.092
24.5 -24.635
24.5 -28.752
24.5 -30.957
24.5 -25.999
24.5 -29.365
24.5 -29.936
24.5 -26.144
24.5 -32.761
24.5 -24.267
24.5 -26.613
24.5 -28.534
24.5 -32.903
24.5 -29.462
24.5 -29.865
25.5 -37.054
25.5 -30.385
25.5 -25.429
25.5 -26.489
25.5 -28.889
25.5 -29.076
25.5 -23.382
25.5 -33.487
25.5 -28.533
25.5 -27.696
25.5 -31.557
25.5 -36.115

Individual: [1, 2, 7, 11, 14, 19, 20, 30, 35, 42, 56, 61, 64, 68, 75, 76, 78, 96, 97, 99]
   Fitness: 24.0
     Total: 20
Violations: 6 5

Individual: [3, 4, 5, 11, 12, 15, 16, 22, 23, 25, 30, 31, 33, 63, 67, 70, 74, 75, 78, 85, 89, 90, 98, 99]
   Fitness: 27.0
     Total: 24
Violations: 9 7

Individual: [4, 12, 16, 25, 31, 32, 35, 42, 63, 68, 69, 72, 74, 78, 92, 97, 98, 100]
   Fitness: 25.0
     Total: 18
Violations: 2 1

Individual: [1, 8, 12, 14, 23, 24, 27, 28, 33, 35, 39, 63, 67, 68, 74, 75, 79, 89, 98, 100]
   Fitness: 25.0
     Total: 20
Violations: 5 5

Individual: [2, 10, 15, 18, 19, 24, 27, 31, 33, 37, 40, 71, 76, 82, 84, 88, 90, 91, 94, 95, 99]
   Fitness: 25.5
     Total: 21
Violations: 6 6

Individual: [1, 5, 6, 8, 9, 13, 14, 16, 28, 29, 30, 34, 65, 67, 68, 70, 74, 75, 79, 87, 88, 95, 97, 98, 100]
   Fitness: 26.5
     Total: 25
Violations: 11 10

Individual: [3, 4, 5, 9, 10, 11, 23, 27, 28, 39, 56, 58, 61, 66, 67, 69, 75, 86, 91, 98, 100]
   Fitness: 25.5
     Total: 21
Violations: 6 4

Individual: [2, 5, 6, 10, 21, 24, 28, 30, 33, 34, 37, 48, 57, 67, 71, 81, 87, 88, 90, 96, 97, 100]
   Fitness: 26.0
     Total: 22
Violations: 7 5

Individual: [4, 6, 9, 15, 20, 26, 27, 29, 41, 68, 72, 75, 83, 85, 89, 90, 97, 99, 100]
   Fitness: 26.5
     Total: 19
Violations: 2 2

Individual: [7, 11, 12, 13, 16, 26, 28, 34, 35, 36, 37, 62, 73, 75, 76, 82, 83, 85, 93, 94, 95, 99, 100]
   Fitness: 25.5
     Total: 23
Violations: 9 8
