10
50
-85.5 -244.13
-64.5 -168.925
-50.5 -152.14
-50.5 -135.7
-40.0 -114.74
-40.0 -112.15
-9.5 -114.255
-9.5 -107.575
-9.5 -92.28
-9.5 -101.665
-7.5 -103.615
-7.5 -86.455
-7.5 -80.16
-7.5 -72.63
10.0 -94.035
10.0 -85.76
10.0 -79.26
10.0 -57.005
10.0 -63.35
10.0 -54.565
10.0 -58.61
14.0 -59.53
14.0 -51.945
14.0 -53.46
14.0 -56.09
14.0 -61.82
14.0 -57.42
14.0 -50.305
14.0 -63.01
14.0 -64.1
14.0 -41.765
14.0 -43.78
14.0 -46.0
14.0 -56.045
14.0 -54.775
14.0 -76.08
14.0 -58.81
14.0 -56.595
14.0 -41.185
14.0 -47.67
14.0 -49.155
14.0 -57.24
14.0 -53.895
14.0 -45.465
14.0 -54.85
14.0 -53.96
14.0 -50.28
20.0 -45.54
20.0 -45.91
20.0 -44.29
50
-73.5 -226.12
-37.5 -162.35
-37.5 -136.395
-37.5 -116.59
-6.0 -127.62
-6.0 -94.68
-6.0 -93.085
-6.0 -110.785
-6.0 -80.595
-6.0 -81.88
-6.0 -74.255
-6.0 -78.21
-6.0 -81.94
-6.0 -72.205
-6.0 -75.65
10.5 -69.045
10.5 -73.72
10.5 -79.305
10.5 -76.055
10.5 -60.1
10.5 -73.875
10.5 -88.48
10.5 -79.895
10.5 -69.81
10.5 -56.58
10.5 -65.025
10.5 -55.125
10.5 -65.875
10.5 -60.365
10.5 -63.845
10.5 -66.045
10.5 -56.755
10.5 -53.185
14.5 -53.25
14.5 -69.925
14.5 -59.695
14.5 -53.32
14.5 -56.635
14.5 -52.175
14.5 -52.17
14.5 -63.05
14.5 -55.185
14.5 -56.94
14.5 -68.505
14.5 -49.35
15.0 -58.755
15.0 -57.44
15.0 -47.15
15.0 -51.9
15.0 -49.465
50
-62.5 -233.955
-53.0 -151.095
-7.0 -144.515
-7.0 -114.885
-7.0 -112.755
-5.0 -108.035
3.0 -90.175
3.0 -68.375
3.0 -68.085
3.0 -63.58
3.0 -66.005
3.0 -76.605
12.0 -70.315
12.0 -75.445
12.0 -72.06
12.0 -56.8
12.0 -59.43
12.0 -63.81
12.0 -71.195
12.0 -59.805
12.0 -56.88
12.0 -63.96
12.0 -78.435
12.0 -68.95
12.0 -60.67
12.0 -57.78
12.0 -70.235
12.0 -62.875
12.0 -61.535
12.0 -67.005
12.0 -49.755
12.0 -56.505
12.0 -57.13
12.0 -58.8
12.0 -53.82
12.0 -53.32
12.0 -51.92
12.0 -51.23
19.5 -60.79
19.5 -44.635
19.5 -59.3
19.5 -54.295
19.5 -41.61
19.5 -38.525
19.5 -62.53
19.5 -61.26
19.5 -55.95
19.5 -50.035
19.5 -44.355
19.5 -56.285
50
-69.5 -239.765
-46.5 -146.81
-28.5 -125.745
-16.5 -113.135
-16.5 -110.6
-13.0 -112.485
-8.5 -82.895
0.5 -101.885
0.5 -90.87
1.5 -77.805
2.5 -67.315
2.5 -58.36
4.0 -57.405
4.5 -66.09
4.5 -62.215
4.5 -72.805
4.5 -72.99
7.0 -70.235
7.0 -64.57
7.0 -52.225
7.0 -56.97
7.0 -61.355
7.0 -50.175
9.0 -55.235
9.0 -78.475
9.0 -66.465
10.0 -48.025
10.0 -55.53
11.0 -45.05
11.0 -45.635
11.0 -41.77
11.0 -47.77
11.0 -46.155
13.0 -46.66
13.5 -44.6
13.5 -39.93
13.5 -47.405
13.5 -45.25
13.5 -46.515
13.5 -52.805
13.5 -45.66
13.5 -53.075
24.5 -47.715
24.5 -80.885
24.5 -61.455
24.5 -56.87
24.5 -51.025
24.5 -58.455
24.5 -52.615
24.5 -50.415
50
-79.5 -236.18
-44.5 -172.34
-44.5 -134.76
-25.0 -114.77
-25.0 -135.93
-18.0 -112.445
-18.0 -106.22
-18.0 -105.6
-18.0 -107.555
-16.0 -101.115
-10.0 -96.395
-6.0 -69.48
-6.0 -71.155
-3.5 -75.59
0.5 -57.365
0.5 -67.385
0.5 -65.15
0.5 -74.825
0.5 -70.905
0.5 -78.36
0.5 -64.06
3.0 -65.635
5.0 -67.67
5.0 -87.285
5.0 -70.055
5.5 -65.325
5.5 -58.92
7.5 -54.145
9.0 -55.285
9.5 -52.525
9.5 -60.845
9.5 -49.0
9.5 -40.56
9.5 -47.895
17.5 -56.39
17.5 -53.965
17.5 -51.69
17.5 -53.41
17.5 -61.735
18.0 -53.87
18.0 -47.01
18.0 -39.665
18.0 -46.635
18.0 -45.265
18.0 -57.96
18.0 -50.705
18.0 -41.175
18.0 -36.635
18.0 -42.385
18.0 -38.93
50
-55.5 -231.26
-55.5 -181.725
-52.5 -167.18
-51.0 -132.535
-41.0 -115.68
-4.0 -111.85
-4.0 -111.07
-4.0 -90.0
-1.0 -85.585
-1.0 -79.655
-1.0 -78.69
-1.0 -69.24
-1.0 -68.305
-1.0 -65.495
-1.0 -86.63
6.0 -84.565
6.0 -65.555
6.0 -71.075
6.0 -49.585
6.0 -67.46
6.0 -70.685
10.0 -65.095
10.0 -71.46
10.0 -77.415
10.0 -77.175
10.0 -72.07
10.0 -67.55
10.0 -61.21
10.0 -73.545
10.0 -58.85
10.0 -52.185
10.0 -59.455
10.0 -53.875
13.5 -62.5
13.5 -56.35
13.5 -52.32
13.5 -60.555
13.5 -65.89
13.5 -65.645
13.5 -50.445
13.5 -46.885
19.0 -43.71
19.0 -40.55
21.5 -59.71
21.5 -57.025
21.5 -46.67
21.5 -33.745
21.5 -38.61
21.5 -40.115
21.5 -41.915
50
-69.0 -237.785
-45.5 -154.65
-28.0 -126.515
-28.0 -108.085
-26.5 -105.495
-14.5 -87.505
-14.5 -85.495
-14.5 -83.055
-13.5 -96.545
-1.5 -87.95
-1.5 -83.875
-1.5 -75.2
-1.5 -85.965
-1.5 -58.66
-1.5 -75.45
3.0 -83.73
3.0 -76.4
3.0 -73.325
3.0 -70.16
3.0 -64.36
4.5 -72.38
4.5 -66.85
4.5 -61.28
4.5 -62.74
11.5 -54.19
11.5 -59.56
20.5 -56.275
20.5 -59.86
20.5 -61.09
20.5 -57.51
20.5 -68.08
20.5 -71.335
20.5 -53.15
20.5 -51.095
20.5 -58.42
20.5 -49.165
20.5 -45.81
20.5 -55.625
20.5 -54.74
20.5 -60.52
20.5 -63.84
20.5 -54.465
20.5 -50.58
20.5 -42.7
20.5 -35.265
20.5 -34.27
20.5 -41.875
20.5 -43.355
20.5 -37.8
20.5 -41.01
50
-57.5 -233.425
-38.5 -158.58
-8.0 -119.51
-8.0 -104.86
-8.0 -108.045
-8.0 -91.315
-8.0 -92.285
-8.0 -96.32
-4.5 -87.72
-4.5 -79.53
-4.5 -69.3
-3.0 -71.9
-0.5 -77.145
-0.5 -83.635
-0.5 -66.81
-0.5 -59.3
-0.5 -59.665
-0.5 -61.97
-0.5 -61.36
-0.5 -58.925
-0.5 -59.26
3.0 -62.225
8.5 -49.3
8.5 -52.36
8.5 -60.91
8.5 -63.095
8.5 -47.455
8.5 -48.765
8.5 -56.835
8.5 -66.29
13.0 -49.03
13.0 -58.275
13.0 -58.22
13.0 -51.625
13.0 -46.885
13.0 -43.33
13.0 -42.505
14.0 -39.895
14.0 -55.1
14.0 -49.545
14.0 -45.155
15.0 -69.615
15.5 -67.03
15.5 -53.47
15.5 -35.88
15.5 -39.7
15.5 -42.07
15.5 -55.39
15.5 -44.03
15.5 -38.75
50
-79.0 -245.375
-55.5 -167.67
-55.5 -146.51
-38.5 -143.5
-27.0 -119.5
-27.0 -107.335
-27.0 -93.97
-18.5 -98.89
-12.5 -99.62
-12.5 -97.9
-12.5 -101.29
-12.5 -73.845
10.0 -88.72
10.0 -74.815
10.0 -66.72
10.0 -60.06
10.0 -64.575
12.0 -67.79
12.0 -64.145
12.0 -76.0
12.0 -64.43
12.0 -69.96
15.5 -52.765
15.5 -52.03
15.5 -46.985
15.5 -55.345
15.5 -49.925
15.5 -50.045
15.5 -63.1
15.5 -48.23
15.5 -55.375
15.5 -54.26
15.5 -53.995
15.5 -51.255
15.5 -40.86
15.5 -43.58
15.5 -42.55
15.5 -44.42
15.5 -36.105
15.5 -39.995
15.5 -39.55
15.5 -50.11
19.0 -40.32
19.0 -43.995
19.0 -49.855
19.0 -56.305
19.0 -48.16
19.0 -43.82
19.0 -48.47
19.0 -48.9
50
-16.5 -224.88
-16.5 -170.655
-16.5 -155.98
-8.5 -125.775
-3.5 -115.39
-3.5 -99.13
-3.5 -91.875
3.0 -95.45
3.0 -84.915
3.0 -84.455
3.0 -67.63
3.0 -72.215
3.0 -72.76
9.0 -73.52
9.0 -78.765
9.0 -71.0
9.0 -66.215
9.0 -60.98
9.0 -72.76
9.0 -66.875
15.0 -68.485
15.0 -58.19
15.0 -50.995
15.0 -43.785
15.0 -62.18
15.0 -50.065
15.0 -51.36
15.0 -63.22
15.0 -58.06
15.0 -47.935
15.0 -53.47
15.0 -58.06
15.0 -48.87
15.0 -41.52
15.0 -46.425
15.0 -49.68
15.0 -52.995
15.0 -58.915
15.0 -50.895
17.0 -44.18
17.0 -46.38
17.0 -43.01
17.0 -52.41
17.0 -52.46
17.0 -42.155
17.5 -44.345
17.5 -46.245
17.5 -44.98
17.5 -46.435
17.5 -52.025

Individual: [7, 8, 11, 18, 20, 22, 27, 31, 38, 52, 59, 64, 77, 78, 80, 83, 84, 86, 95, 96, 98, 99]
   Fitness: 20.0
     Total: 22
Violations: 13 7

Individual: [2, 3, 5, 10, 16, 21, 23, 39, 44, 50, 52, 58, 60, 70, 72, 73, 76, 78, 79, 87, 90, 91, 96, 99]
   Fitness: 15.0
     Total: 24
Violations: 21 13

Individual: [4, 10, 18, 19, 24, 25, 27, 36, 37, 41, 51, 53, 62, 64, 81, 89, 90, 96, 99]
   Fitness: 19.5
     Total: 19
Violations: 9 7

Individual: [1, 4, 5, 10, 12, 15, 16, 18, 21, 33, 52, 55, 66, 69, 75, 79, 82, 93, 96]
   Fitness: 24.5
     Total: 19
Violations: 4 3

Individual: [7, 9, 11, 18, 23, 24, 31, 37, 41, 45, 47, 48, 60, 61, 63, 70, 75, 84, 86, 88]
   Fitness: 18.0
     Total: 20
Violations: 12 9

Individual: [2, 9, 13, 15, 27, 30, 33, 37, 40, 46, 48, 50, 74, 76, 77, 79, 80, 86, 88, 89, 90, 94, 97]
   Fitness: 21.5
     Total: 23
Violations: 13 9

Individual: [4, 10, 12, 18, 19, 28, 42, 44, 50, 51, 53, 54, 59, 73, 75, 79, 82, 83, 86, 93, 95, 97, 98]
   Fitness: 20.5
     Total: 23
Violations: 14 11

Individual: [1, 6, 8, 12, 21, 24, 27, 29, 30, 37, 46, 63, 69, 72, 73, 75, 76, 77, 84, 87, 88, 94, 96, 98]
   Fitness: 16.0
     Total: 24
Violations: 20 15

Individual: [4, 14, 18, 21, 22, 25, 37, 41, 42, 58, 59, 66, 79, 84, 85, 87, 96, 98, 99, 100]
   Fitness: 19.0
     Total: 20
Violations: 11 7

Individual: [6, 8, 9, 10, 15, 17, 18, 26, 31, 36, 42, 45, 51, 60, 65, 67, 71, 79, 86, 88, 90, 91, 98, 99, 100]
   Fitness: 17.5
     Total: 25
Violations: 20 14
