10
100
-19.5 -226.7
-19.5 -132.474
-5.5 -95.342
6.0 -74.882
6.0 -57.394
14.5 -48.014
14.5 -49.968
14.5 -49.42
14.5 -33.102
17.5 -24.364
18.0 -32.998
20.0 -28.76
20.0 -21.578
20.0 -18.236
20.0 -25.318
20.0 -27.422
20.0 -14.84
20.0 -14.862
20.0 -13.798
20.0 -18.086
20.0 -14.23
20.0 -23.14
21.5 -21.132
22.5 -11.642
25.5 -8.196
25.5 -14.068
25.5 -15.812
25.5 -23.44
25.5 -24.194
25.5 -14.348
25.5 -16.936
25.5 -23.844
25.5 -21.26
25.5 -12.988
25.5 -9.718
25.5 -18.19
25.5 -15.076
25.5 -20.51
25.5 -16.354
25.5 -18.542
25.5 -17.816
25.5 -13.348
25.5 -20.248
25.5 -12.942
25.5 -20.734
25.5 -13.48
25.5 -11.984
25.5 -16.338
25.5 -14.116
25.5 -23.844
25.5 -22.686
25.5 -15.006
25.5 -16.338
25.5 -11.372
25.5 -13.766
25.5 -22.91
25.5 -17.83
25.5 -13.888
25.5 -15.938
25.5 -29.63
25.5 -14.558
25.5 -10.018
25.5 -21.146
25.5 -19.568
25.5 -20.744
25.5 -13.654
25.5 -20.56
25.5 -19.858
25.5 -16.922
25.5 -17.388
25.5 -19.354
25.5 -11.686
25.5 -11.53
25.5 -15.564
25.5 -25.052
25.5 -16.414
25.5 -16.226
25.5 -18.834
25.5 -14.266
25.5 -14.278
25.5 -18.716
25.5 -16.296
25.5 -14.932
25.5 -24.35
25.5 -12.16
25.5 -10.764
25.5 -10.166
25.5 -7.822
25.5 -16.416
25.5 -9.792
25.5 -12.7
25.5 -11.872
25.5 -19.286
25.5 -14.722
25.5 -15.262
25.5 -12.828
25.5 -13.47
25.5 -8.65
25.5 -13.72
25.5 -10.744
100
-37.0 -229.78
-27.0 -140.632
-14.0 -108.514
-7.5 -76.238
-1.5 -74.17
0.0 -59.312
4.0 -55.348
10.5 -44.434
10.5 -43.568
10.5 -49.352
18.0 -43.866
18.0 -35.65
19.0 -40.534
22.0 -31.726
22.0 -26.266
22.0 -27.77
22.0 -25.528
22.0 -22.31
22.0 -23.286
22.0 -16.342
22.0 -15.452
22.0 -18.496
22.0 -17.606
22.0 -18.346
22.0 -22.936
22.0 -19.614
22.0 -16.194
22.0 -11.128
22.0 -16.952
22.0 -23.784
22.0 -30.048
22.0 -34.784
22.0 -17.264
22.0 -22.418
22.0 -16.866
22.0 -28.25
22.0 -24.324
22.0 -17.252
22.0 -24.684
22.0 -19.626
22.0 -20.988
22.0 -16.028
22.0 -21.268
22.0 -18.132
22.0 -25.176
22.0 -20.034
22.0 -22.002
22.0 -14.768
22.0 -20.162
22.0 -15.902
22.0 -24.544
22.0 -19.608
22.0 -16.94
22.0 -18.256
22.0 -17.228
22.0 -25.8
22.5 -21.672
22.5 -13.922
23.0 -15.91
23.0 -17.148
23.0 -15.504
23.0 -21.07
23.0 -21.084
24.5 -17.898
24.5 -20.382
24.5 -23.03
24.5 -33.366
24.5 -22.416
24.5 -18.734
24.5 -22.342
24.5 -17.75
24.5 -32.362
24.5 -22.312
24.5 -15.464
24.5 -22.796
24.5 -16.872
24.5 -18.88
24.5 -14.628
24.5 -16.164
24.5 -17.872
24.5 -26.92
24.5 -14.44
24.5 -18.828
24.5 -18.89
24.5 -15.818
25.0 -16.336
25.0 -18.312
25.0 -17.07
25.0 -13.838
25.0 -11.158
25.0 -10.182
25.0 -15.924
25.0 -22.148
25.0 -15.0
25.0 -11.594
25.0 -22.924
25.0 -13.73
25.0 -10.858
25.0 -9.85
25.0 -14.832
100
-60.0 -232.928
-29.0 -149.918
-4.0 -114.178
-0.5 -87.354
-0.5 -72.036
11.5 -52.578
11.5 -49.194
13.0 -42.588
13.0 -41.35
13.0 -39.766
16.0 -29.324
16.0 -37.876
16.5 -30.398
16.5 -28.738
18.0 -29.218
18.0 -33.014
22.5 -25.352
22.5 -27.092
22.5 -25.11
22.5 -22.13
22.5 -20.004
22.5 -17.11
22.5 -20.742
22.5 -18.04
22.5 -30.3
22.5 -28.864
22.5 -24.27
24.5 -22.442
24.5 -22.248
24.5 -17.5
24.5 -18.158
24.5 -19.774
24.5 -26.99
24.5 -26.094
24.5 -20.734
24.5 -18.492
24.5 -17.784
24.5 -21.596
24.5 -25.466
24.5 -17.14
24.5 -20.526
24.5 -18.528
24.5 -25.548
24.5 -23.44
24.5 -22.518
24.5 -26.848
24.5 -19.894
24.5 -25.466
24.5 -23.152
24.5 -19.244
24.5 -18.942
24.5 -19.14
24.5 -21.2
24.5 -19.262
24.5 -13.772
24.5 -18.52
24.5 -20.352
24.5 -22.022
24.5 -13.786
24.5 -15.66
24.5 -20.268
24.5 -15.08
24.5 -18.922
24.5 -13.238
24.5 -13.254
24.5 -14.992
24.5 -16.28
24.5 -18.726
24.5 -16.322
24.5 -11.862
24.5 -14.746
24.5 -15.322
24.5 -16.458
24.5 -21.642
24.5 -14.524
24.5 -18.928
24.5 -19.07
24.5 -15.844
24.5 -18.146
24.5 -23.144
24.5 -23.6
24.5 -17.538
24.5 -23.042
24.5 -18.02
24.5 -18.316
24.5 -17.052
25.0 -21.672
25.0 -19.908
25.0 -16.47
25.0 -17.548
25.0 -16.294
25.0 -18.686
25.0 -17.914
25.0 -15.832
25.0 -18.164
25.0 -20.024
25.0 -19.564
25.0 -14.98
25.0 -13.92
25.0 -13.142
100
-63.0 -229.126
-32.0 -147.096
-20.0 -121.472
-18.5 -95.25
-3.5 -76.05
6.5 -64.472
11.0 -58.778
13.0 -38.724
13.0 -36.668
20.0 -37.406
20.0 -32.17
20.0 -25.502
20.0 -19.93
20.0 -24.982
21.0 -24.88
21.0 -24.62
21.0 -24.956
21.0 -24.106
21.0 -16.528
21.0 -17.676
21.0 -17.214
24.5 -20.054
24.5 -11.69
24.5 -23.932
24.5 -22.478
25.0 -20.212
25.0 -14.95
25.0 -16.752
25.0 -18.496
25.5 -14.784
25.5 -19.828
25.5 -12.65
25.5 -14.108
25.5 -15.506
25.5 -18.8
25.5 -18.216
25.5 -19.684
25.5 -15.038
25.5 -13.852
25.5 -15.834
25.5 -22.292
25.5 -12.832
25.5 -15.698
25.5 -23.002
25.5 -17.238
25.5 -18.284
25.5 -20.59
25.5 -18.628
25.5 -16.332
25.5 -15.748
25.5 -27.458
25.5 -17.144
25.5 -20.706
25.5 -15.248
25.5 -16.282
25.5 -18.966
25.5 -21.594
25.5 -19.87
25.5 -19.222
25.5 -16.012
25.5 -14.332
25.5 -20.008
25.5 -21.242
25.5 -18.958
25.5 -15.692
25.5 -17.384
25.5 -21.184
25.5 -19.624
25.5 -16.318
25.5 -13.94
25.5 -25.21
25.5 -26.056
25.5 -21.34
25.5 -21.378
25.5 -13.398
25.5 -17.04
25.5 -18.674
25.5 -13.626
25.5 -15.974
25.5 -14.784
25.5 -20.89
25.5 -18.15
25.5 -20.802
25.5 -16.59
25.5 -17.902
25.5 -24.078
25.5 -18.624
25.5 -19.71
25.5 -17.196
25.5 -16.066
25.5 -19.542
25.5 -14.83
25.5 -16.324
25.5 -15.562
25.5 -17.642
25.5 -15.388
25.5 -13.772
25.5 -18.064
25.5 -18.652
25.5 -18.032
100
-38.0 -232.344
-28.5 -147.508
0.0 -100.702
0.0 -76.106
2.5 -70.52
4.5 -64.022
4.5 -54.548
4.5 -43.626
6.0 -45.238
11.0 -37.382
11.0 -33.624
14.5 -34.468
14.5 -28.576
15.5 -33.91
15.5 -30.848
17.5 -22.876
17.5 -30.6
17.5 -30.468
17.5 -23.274
17.5 -25.294
17.5 -23.19
23.5 -23.684
23.5 -18.554
23.5 -18.936
23.5 -15.288
23.5 -14.916
23.5 -24.052
23.5 -15.928
23.5 -21.916
23.5 -23.108
23.5 -23.35
23.5 -27.402
23.5 -25.076
23.5 -25.3
23.5 -18.748
23.5 -24.418
23.5 -22.808
23.5 -17.348
24.0 -32.108
24.0 -22.978
24.0 -25.222
24.0 -19.208
24.0 -18.562
24.0 -27.864
24.0 -20.374
24.0 -17.036
24.0 -20.908
24.0 -17.13
24.0 -22.64
24.0 -19.988
24.0 -20.934
24.0 -20.268
24.0 -14.644
24.0 -21.81
24.0 -23.508
24.0 -17.032
24.0 -13.59
24.0 -14.424
24.0 -14.576
24.0 -20.16
24.0 -22.112
24.0 -20.674
24.0 -17.036
24.0 -13.706
24.0 -17.768
24.0 -15.948
24.0 -16.724
24.0 -23.51
24.0 -25.668
24.0 -13.264
24.0 -18.69
24.0 -24.968
24.5 -21.704
24.5 -19.186
25.5 -31.47
25.5 -25.784
25.5 -17.84
25.5 -13.674
25.5 -15.832
25.5 -19.324
25.5 -20.24
25.5 -21.598
25.5 -19.692
25.5 -25.31
25.5 -16.494
25.5 -18.784
25.5 -25.0
25.5 -15.292
25.5 -21.732
25.5 -14.714
25.5 -14.208
25.5 -13.808
25.5 -13.474
25.5 -18.01
25.5 -16.472
25.5 -21.434
25.5 -18.494
25.5 -20.708
25.5 -19.0
25.5 -19.068
100
-78.0 -229.188
-37.5 -147.482
-1.5 -107.35
-1.5 -89.636
-1.5 -74.42
4.0 -63.942
4.0 -53.856
10.0 -47.464
13.0 -39.412
19.0 -29.144
19.0 -27.902
19.0 -28.666
19.0 -28.008
19.0 -21.162
19.0 -25.774
19.0 -21.37
19.0 -24.356
19.0 -25.984
19.0 -20.562
19.0 -23.906
19.0 -29.772
19.0 -17.43
19.5 -24.998
19.5 -20.65
20.0 -17.056
20.0 -21.11
21.0 -15.638
21.0 -13.806
21.0 -13.126
21.0 -10.698
21.5 -17.68
21.5 -9.516
22.5 -17.122
22.5 -15.576
22.5 -15.926
22.5 -14.852
22.5 -13.738
22.5 -15.218
24.5 -17.406
24.5 -13.866
24.5 -13.204
24.5 -10.75
24.5 -16.644
24.5 -21.376
24.5 -13.896
24.5 -18.876
24.5 -20.918
24.5 -19.702
24.5 -21.516
24.5 -15.12
24.5 -16.436
24.5 -11.67
24.5 -13.838
24.5 -16.96
24.5 -12.932
24.5 -21.05
24.5 -20.818
24.5 -13.068
24.5 -9.148
24.5 -12.064
24.5 -14.206
24.5 -16.858
24.5 -14.392
24.5 -15.626
24.5 -16.998
24.5 -12.654
24.5 -16.11
24.5 -12.99
24.5 -9.826
24.5 -14.262
24.5 -15.082
24.5 -15.364
24.5 -16.988
24.5 -12.854
24.5 -15.202
24.5 -9.062
24.5 -10.966
24.5 -8.52
25.5 -8.804
25.5 -9.502
25.5 -14.102
25.5 -10.5
25.5 -15.718
25.5 -15.258
25.5 -16.018
25.5 -12.072
25.5 -13.514
25.5 -13.992
25.5 -17.804
25.5 -16.838
25.5 -15.33
25.5 -13.062
25.5 -19.502
25.5 -18.814
25.5 -15.71
25.5 -15.542
25.5 -15.916
25.5 -15.686
25.5 -20.502
25.5 -18.736
100
-67.5 -238.652
-30.5 -154.94
-3.5 -113.264
-3.5 -88.714
-3.5 -68.044
7.5 -54.802
8.5 -52.676
8.5 -51.246
13.5 -46.296
13.5 -38.046
13.5 -30.428
20.0 -24.738
22.5 -35.674
22.5 -27.19
22.5 -31.88
22.5 -26.902
22.5 -23.478
22.5 -25.074
22.5 -24.01
22.5 -15.65
27.0 -12.284
27.0 -11.684
27.0 -19.75
27.0 -15.244
27.0 -34.698
27.0 -22.202
27.0 -21.11
27.0 -27.344
27.0 -17.036
27.0 -19.046
27.0 -28.662
27.0 -16.534
27.0 -26.592
27.0 -27.178
27.0 -24.45
27.0 -24.86
27.0 -18.744
27.0 -20.084
27.0 -24.344
27.0 -20.166
27.0 -22.19
27.0 -12.59
27.0 -28.11
27.0 -13.44
27.0 -13.904
27.0 -16.086
27.0 -18.342
27.0 -15.776
27.0 -21.28
27.0 -24.93
27.0 -15.99
27.0 -20.13
27.0 -16.786
28.0 -18.202
28.0 -22.798
28.0 -21.05
28.0 -15.482
28.0 -12.86
28.0 -19.676
28.0 -20.224
28.0 -20.834
28.0 -15.852
28.0 -18.794
28.0 -11.288
28.0 -20.27
28.0 -12.784
28.0 -14.012
28.0 -15.706
28.0 -18.288
28.0 -17.974
28.0 -14.856
28.0 -22.564
28.0 -19.758
28.0 -17.332
28.0 -22.354
28.0 -18.668
28.0 -11.486
28.0 -20.248
28.0 -10.074
28.0 -16.658
28.0 -8.256
28.0 -24.208
28.0 -14.192
28.0 -13.942
28.0 -14.93
28.0 -13.786
28.0 -18.87
28.0 -21.166
28.0 -14.456
28.0 -17.802
28.0 -11.234
28.0 -11.436
28.0 -15.46
28.0 -22.95
28.0 -15.632
28.0 -18.428
28.0 -20.32
28.0 -16.522
28.0 -15.908
28.0 -25.006
100
-34.5 -225.406
-34.5 -137.778
-7.5 -107.154
-6.5 -89.28
-3.5 -74.668
-2.0 -64.72
15.0 -55.596
16.0 -54.702
16.0 -46.56
16.0 -41.22
18.0 -41.24
18.0 -35.402
18.0 -32.662
18.0 -43.148
18.0 -32.342
18.0 -32.968
18.0 -34.83
22.0 -27.594
22.0 -27.444
22.0 -26.198
22.0 -27.64
22.0 -19.37
22.0 -18.252
22.0 -19.496
22.0 -15.622
22.0 -24.49
22.0 -24.484
22.0 -18.47
22.0 -24.076
22.0 -21.384
22.0 -18.942
22.0 -18.782
22.0 -20.732
22.0 -18.046
24.5 -10.726
24.5 -13.774
24.5 -12.83
24.5 -17.282
24.5 -18.646
24.5 -18.908
24.5 -12.37
24.5 -20.832
24.5 -19.032
27.0 -18.138
27.0 -12.818
27.0 -23.684
27.0 -12.152
27.0 -18.516
27.0 -18.79
27.0 -11.938
27.0 -20.376
27.0 -15.498
27.0 -20.384
27.0 -25.776
27.0 -19.0
27.0 -17.914
27.0 -21.596
27.0 -28.972
27.0 -19.982
27.0 -20.42
27.0 -14.504
27.0 -13.692
27.0 -13.72
27.0 -21.038
27.0 -22.53
27.0 -17.338
27.0 -20.048
27.0 -14.368
27.0 -13.952
27.0 -19.648
27.0 -17.106
27.0 -22.552
27.0 -27.664
27.0 -17.302
27.0 -18.93
27.0 -9.416
27.0 -16.42
27.0 -13.498
27.0 -24.108
27.0 -21.224
27.0 -25.44
27.0 -26.022
27.0 -21.886
27.0 -22.478
27.0 -17.758
27.0 -15.484
27.0 -19.038
27.0 -17.424
27.0 -18.29
27.0 -19.814
27.0 -12.0
27.0 -13.852
27.0 -17.194
27.0 -12.234
27.0 -18.896
27.0 -22.614
27.0 -20.818
27.0 -17.342
27.0 -24.802
27.0 -14.804
100
-66.5 -225.63
-23.5 -140.14
-3.5 -102.69
-1.0 -86.114
-1.0 -73.816
10.0 -71.514
10.0 -52.7
10.0 -42.872
11.0 -40.002
14.0 -39.072
18.0 -30.53
18.0 -24.192
18.0 -20.91
19.0 -21.83
20.0 -21.688
20.0 -26.164
20.0 -19.744
20.0 -16.172
20.5 -21.672
20.5 -27.304
20.5 -17.466
20.5 -18.466
20.5 -23.398
20.5 -21.268
20.5 -24.034
20.5 -12.424
20.5 -17.452
20.5 -15.098
20.5 -16.182
20.5 -17.554
20.5 -17.898
20.5 -20.752
21.0 -16.454
22.0 -20.5
22.0 -22.332
22.0 -21.764
22.0 -19.414
22.0 -16.682
22.0 -13.734
22.0 -14.974
22.0 -13.84
22.0 -19.152
22.0 -20.108
25.5 -15.164
25.5 -18.014
25.5 -17.248
25.5 -15.516
25.5 -14.836
25.5 -15.382
25.5 -13.138
25.5 -12.32
25.5 -20.114
25.5 -20.326
25.5 -17.61
25.5 -15.822
25.5 -15.674
25.5 -19.838
25.5 -19.322
25.5 -19.686
25.5 -22.208
25.5 -15.88
25.5 -20.716
25.5 -15.258
25.5 -22.348
25.5 -14.002
25.5 -19.32
25.5 -19.256
25.5 -18.692
25.5 -19.842
25.5 -14.054
25.5 -17.822
25.5 -16.692
25.5 -22.668
25.5 -18.378
25.5 -13.978
25.5 -16.882
25.5 -14.098
25.5 -21.058
25.5 -20.11
25.5 -20.042
25.5 -15.42
25.5 -19.642
25.5 -13.418
25.5 -16.836
25.5 -17.908
25.5 -17.13
25.5 -20.122
25.5 -26.428
25.5 -35.692
25.5 -24.696
25.5 -25.088
25.5 -24.694
25.5 -20.2
25.5 -14.704
25.5 -17.704
25.5 -17.898
25.5 -23.028
25.5 -23.886
25.5 -20.714
25.5 -30.144
100
-27.5 -232.678
-27.5 -142.17
-16.5 -110.522
-5.0 -80.612
0.5 -66.136
3.0 -58.59
3.0 -48.206
7.0 -44.972
8.0 -45.464
13.0 -37.312
13.0 -34.354
13.5 -31.71
14.0 -29.726
14.0 -32.614
14.0 -26.816
16.5 -27.304
19.0 -21.042
19.0 -24.774
19.0 -23.626
19.5 -27.224
19.5 -29.062
19.5 -25.694
20.0 -28.064
20.0 -14.546
23.0 -22.862
23.0 -15.814
23.0 -15.494
23.0 -21.814
23.0 -19.476
23.0 -12.91
23.0 -21.878
23.0 -19.02
23.0 -22.612
23.0 -27.254
23.0 -15.388
23.0 -19.814
23.0 -19.57
23.0 -17.976
23.0 -18.882
23.0 -18.236
23.0 -19.47
23.0 -25.662
23.0 -19.084
23.0 -14.23
23.0 -19.73
23.0 -14.748
23.0 -21.198
23.0 -20.982
23.0 -27.496
23.0 -21.84
23.0 -18.456
23.0 -14.886
23.0 -19.896
23.0 -20.796
23.0 -14.934
23.0 -23.914
23.0 -16.124
23.0 -18.55
23.0 -11.818
23.0 -13.816
23.0 -25.044
23.0 -25.94
23.0 -36.416
23.0 -25.684
23.0 -20.632
23.0 -25.544
23.0 -20.842
23.0 -17.484
23.0 -25.146
23.0 -27.024
23.0 -20.654
23.0 -19.044
23.0 -15.978
23.0 -16.224
23.0 -12.896
24.0 -12.672
24.0 -22.112
24.0 -15.956
24.0 -19.804
24.0 -24.7
24.0 -19.302
24.0 -22.57
24.0 -17.97
24.0 -16.648
24.0 -20.934
24.0 -22.888
24.0 -19.824
24.0 -22.242
24.0 -15.17
26.0 -16.654
26.0 -20.602
26.0 -23.056
26.0 -23.9
26.0 -23.148
26.0 -23.68
26.0 -18.702
26.0 -20.538
26.0 -17.502
26.0 -16.896
26.0 -26.238

Individual: [3, 4, 11, 12, 14, 15, 17, 23, 28, 33, 36, 37, 41, 50, 73, 75, 81, 87, 90, 94, 95]
   Fitness: 25.5
     Total: 21
Violations: 6 5

Individual: [1, 5, 7, 11, 14, 15, 24, 28, 29, 39, 44, 60, 65, 66, 69, 75, 76, 79, 82, 97, 98, 100]
   Fitness: 25.0
     Total: 22
Violations: 8 7

Individual: [1, 3, 4, 9, 10, 18, 20, 24, 29, 32, 37, 43, 44, 47, 67, 69, 73, 81, 85, 86, 88, 92, 94, 100]
   Fitness: 25.0
     Total: 24
Violations: 11 10

Individual: [2, 5, 9, 14, 17, 18, 22, 24, 25, 28, 33, 40, 53, 55, 63, 65, 68, 73, 79, 84, 87, 91, 94, 99, 100]
   Fitness: 25.5
     Total: 25
Violations: 12 9

Individual: [1, 2, 5, 10, 11, 22, 24, 25, 31, 36, 43, 56, 58, 59, 63, 64, 69, 73, 74, 86, 91, 95, 97, 98, 100]
   Fitness: 25.5
     Total: 25
Violations: 12 9

Individual: [1, 3, 12, 16, 18, 25, 26, 28, 29, 39, 46, 48, 56, 61, 65, 69, 81, 85, 86, 89, 94, 98, 100]
   Fitness: 25.5
     Total: 23
Violations: 9 7

Individual: [2, 4, 7, 9, 17, 18, 21, 26, 28, 31, 33, 37, 66, 74, 75, 80, 83, 90, 92, 96, 97, 98]
   Fitness: 28.0
     Total: 22
Violations: 5 5

Individual: [1, 2, 8, 10, 13, 17, 23, 48, 52, 58, 60, 61, 63, 67, 69, 81, 89, 91, 92, 96, 97, 100]
   Fitness: 27.0
     Total: 22
Violations: 6 4

Individual: [2, 8, 10, 11, 24, 26, 32, 33, 36, 42, 47, 63, 67, 69, 72, 74, 78, 80, 90, 92, 95, 96, 98]
   Fitness: 25.5
     Total: 23
Violations: 9 8

Individual: [1, 3, 4, 7, 8, 9, 16, 17, 20, 27, 28, 32, 34, 45, 68, 69, 71, 75, 77, 80, 87, 95, 99, 100]
   Fitness: 26.0
     Total: 24
Violations: 10 9
