10
500
-48.5 -230.943
-42.0 -156.053
-33.0 -102.689
-14.0 -67.215
2.5 -45.152
5.5 -31.225
18.5 -17.461
19.0 -7.244
20.0 0.124
21.5 6.652
23.0 12.198
24.0 14.816
26.5 17.011
27.0 18.332
27.5 19.519
28.0 20.604
28.5 21.036
29.0 22.208
29.5 22.892
30.0 23.483
31.0 24.266
31.0 25.315
32.0 25.809
32.5 26.297
32.5 26.827
32.5 27.123
32.5 27.356
33.0 27.595
33.0 27.777
33.5 28.099
34.0 28.604
34.0 28.971
34.0 29.421
34.0 29.852
34.0 30.223
34.5 30.536
35.0 30.415
35.0 30.68
35.0 30.842
35.0 31.198
36.0 31.118
36.0 31.138
36.0 31.103
36.0 31.102
36.0 31.41
36.0 31.657
36.0 31.797
36.0 31.825
36.0 31.805
36.0 32.32
36.0 32.331
36.0 32.6
36.0 33.031
36.0 33.113
36.0 32.847
36.0 32.927
36.0 33.092
36.0 33.101
36.0 33.198
36.0 32.972
36.0 32.967
36.0 32.817
36.0 32.901
36.0 33.031
36.0 33.019
36.0 33.078
36.0 32.947
36.0 33.236
36.0 33.258
36.0 33.359
36.0 33.181
36.0 33.172
36.0 33.197
36.0 33.157
36.0 33.034
36.0 32.985
37.0 32.978
37.0 33.084
37.0 33.108
37.0 32.845
37.0 32.876
37.0 33.058
37.0 33.03
37.0 33.453
37.0 33.533
37.0 33.553
37.0 33.717
37.0 34.119
37.0 33.922
37.0 33.749
37.0 33.821
37.0 34.0
37.0 33.816
37.0 33.853
37.0 33.723
37.0 33.945
37.0 33.719
37.0 33.831
37.0 33.805
37.0 34.182
37.0 34.016
37.0 33.769
37.0 33.69
37.0 33.987
37.0 33.881
37.0 34.065
37.0 34.026
37.0 33.836
37.0 33.894
37.0 34.401
37.0 34.199
37.0 34.341
37.0 34.095
37.0 33.889
37.0 33.902
37.0 33.761
37.0 34.1
37.0 33.744
37.0 33.704
37.0 33.826
37.0 33.787
37.0 33.972
37.0 33.546
37.0 33.988
37.0 33.814
37.0 33.696
37.0 33.853
37.0 33.848
37.0 33.989
37.0 33.91
37.0 33.822
37.0 33.729
37.0 33.774
37.0 33.592
37.0 33.693
37.0 34.098
37.0 34.038
37.0 34.053
37.0 34.2
37.0 34.162
37.0 34.106
37.0 34.061
37.0 34.131
37.0 34.03
37.0 33.802
37.0 33.942
37.0 33.878
37.0 33.809
37.0 33.865
37.0 34.233
37.0 34.098
37.0 34.074
37.0 33.894
37.0 33.856
37.0 34.107
37.0 34.019
37.0 33.674
37.0 33.949
37.0 33.772
37.0 33.934
37.0 33.641
37.0 33.866
37.0 33.813
37.0 33.827
37.0 33.882
37.0 33.721
37.0 33.833
37.0 33.867
37.0 33.993
37.0 33.752
37.0 33.704
37.0 34.079
37.0 33.791
37.0 33.38
37.0 33.835
37.0 33.628
37.0 33.781
37.0 33.957
37.0 33.872
37.0 33.969
37.0 34.244
37.0 33.853
37.0 33.798
37.0 33.929
37.0 34.046
37.0 33.707
37.0 33.539
37.0 34.052
37.0 34.13
37.0 33.814
37.0 34.133
37.0 33.939
37.0 34.091
37.0 34.063
37.0 33.981
37.0 33.734
37.0 33.845
37.0 33.839
37.0 33.853
37.0 33.89
37.0 34.141
37.0 34.136
37.0 34.308
37.0 34.089
37.0 33.847
37.0 34.082
37.0 33.96
37.0 33.905
37.0 34.101
37.0 34.1
37.0 34.006
37.0 34.227
37.0 33.981
37.0 34.042
37.0 33.903
37.0 34.127
37.0 33.903
37.0 33.892
37.0 34.179
37.0 33.813
37.0 33.882
37.0 33.99
37.0 33.935
37.0 33.788
37.0 33.63
37.5 33.692
37.5 33.946
37.5 33.928
38.0 34.037
38.0 33.963
38.0 34.312
38.0 33.926
38.0 34.061
38.0 34.126
38.0 33.908
38.0 33.999
38.0 34.078
38.0 34.2
38.0 34.248
38.0 34.65
38.0 34.501
38.0 34.65
38.0 34.745
38.0 34.888
38.0 34.481
38.0 34.576
38.0 34.728
39.0 34.721
39.0 34.635
39.0 34.86
39.0 34.801
39.0 35.001
39.0 35.005
39.0 35.163
39.0 35.093
39.0 35.567
39.0 35.661
39.0 35.592
39.0 35.458
39.0 35.555
39.0 35.774
39.0 35.406
39.0 35.488
39.0 35.673
39.0 35.681
39.0 35.711
39.0 35.873
39.0 35.647
39.0 35.759
39.0 35.444
39.0 35.871
39.0 35.897
39.0 35.791
39.0 35.837
39.0 35.731
39.0 35.438
39.0 35.232
39.0 35.732
39.0 35.63
39.0 35.724
39.0 35.734
39.0 35.823
39.0 35.541
39.0 35.344
39.0 35.763
39.0 35.859
39.0 35.68
39.0 35.724
39.0 35.743
39.0 35.734
39.0 35.622
39.0 35.609
39.0 35.812
39.0 35.807
39.0 35.564
39.0 35.663
39.0 35.451
39.0 35.558
39.0 35.787
39.0 35.928
39.0 35.821
39.0 35.755
39.0 35.831
39.0 35.779
39.0 35.862
39.0 35.348
39.0 35.649
39.0 35.669
39.0 35.45
39.0 35.537
39.0 35.498
39.0 35.557
39.0 35.687
39.0 35.4
39.0 35.559
39.0 35.705
39.0 35.657
39.0 35.683
39.0 35.783
39.0 35.649
39.0 35.36
39.0 35.729
39.0 35.931
39.0 35.903
39.0 35.873
39.0 35.654
39.0 35.505
39.0 35.728
39.0 35.798
39.0 36.087
39.0 35.855
39.0 35.577
39.0 35.658
39.0 35.695
39.0 35.454
39.0 35.511
39.0 35.765
39.0 35.854
39.0 35.658
39.0 35.642
39.0 35.659
39.0 35.526
39.0 35.59
39.0 35.665
39.0 35.853
39.0 35.775
39.0 35.739
39.0 35.379
39.0 35.412
39.0 35.83
39.0 35.573
39.0 35.771
39.0 35.805
39.0 35.787
39.0 35.685
39.0 35.905
39.0 35.928
39.0 35.663
39.0 35.633
39.0 35.543
39.0 35.536
39.0 35.677
39.0 35.444
39.0 35.547
39.0 35.698
39.0 35.725
39.0 35.83
39.0 35.825
39.0 35.481
39.0 35.646
39.0 35.71
39.0 35.393
39.0 35.636
39.0 35.605
39.0 35.567
39.0 35.611
39.0 35.826
39.0 35.656
39.0 35.419
39.0 35.514
39.0 35.589
39.0 35.796
39.0 35.866
39.0 35.839
39.0 35.766
39.0 35.678
39.0 35.744
39.0 35.381
39.0 35.75
39.0 35.788
39.0 35.76
39.0 35.797
39.0 35.989
39.0 36.012
39.0 35.91
39.0 35.518
39.0 35.537
39.0 36.082
39.0 35.989
39.0 35.974
39.0 35.602
39.0 35.477
39.0 35.273
39.0 35.396
39.0 35.443
39.0 35.839
39.0 35.548
39.0 35.754
39.0 35.833
39.0 35.635
39.0 35.461
39.0 35.531
39.0 35.569
39.0 35.429
39.0 35.781
39.0 36.083
39.0 35.822
39.0 36.008
39.0 35.722
39.0 35.936
39.0 36.154
39.0 36.02
39.0 35.8
39.0 35.656
39.0 35.691
39.0 35.487
39.0 35.67
39.0 35.75
39.0 35.945
39.0 35.831
39.0 35.763
39.0 35.805
39.0 35.872
39.0 36.052
39.0 35.95
39.0 35.738
39.0 35.629
39.0 35.856
39.0 35.777
39.0 35.893
39.0 35.649
39.0 35.699
39.0 35.777
39.0 36.045
39.0 35.802
39.0 35.943
39.0 35.704
39.0 35.573
39.0 35.64
39.0 35.409
39.0 35.505
39.0 35.598
39.0 35.489
39.0 35.932
39.0 35.788
39.0 35.468
39.0 35.711
39.0 35.834
39.0 35.737
39.0 35.829
39.0 35.87
39.0 35.628
39.0 35.344
39.0 35.713
39.0 35.585
39.0 35.923
39.0 35.844
39.0 35.723
39.0 35.883
39.0 35.785
39.0 35.716
39.0 35.883
39.0 35.803
39.0 35.711
39.0 35.85
39.0 35.78
39.0 35.589
39.0 35.716
39.0 35.636
39.0 35.402
39.0 35.656
39.0 35.902
39.0 35.831
39.0 35.935
39.0 35.744
39.0 35.598
39.0 35.772
39.0 35.944
39.0 35.606
39.0 35.678
39.0 35.663
39.0 35.544
39.0 35.53
39.0 35.67
39.0 35.837
39.0 35.938
39.0 35.635
39.0 35.651
39.0 35.598
39.0 35.545
500
-18.0 -234.386
-8.0 -149.941
-1.0 -96.833
5.0 -63.437
7.5 -38.442
13.0 -20.487
15.5 -8.21
19.0 -0.035
22.0 7.006
26.0 11.768
26.0 14.964
26.0 16.921
29.0 18.724
29.0 19.81
29.0 20.779
29.5 21.437
29.5 21.864
29.5 22.382
30.0 23.274
30.0 24.25
30.5 24.7
30.5 25.421
30.5 25.724
32.0 26.503
32.0 26.825
32.0 26.977
32.5 27.437
32.5 27.791
32.5 27.711
32.5 28.046
32.5 27.786
33.0 28.181
33.0 28.127
33.0 28.148
33.0 28.195
33.0 28.209
33.0 27.98
33.0 28.168
33.5 28.127
34.5 28.248
34.5 28.555
34.5 28.679
34.5 28.815
34.5 28.901
34.5 29.648
34.5 30.597
34.5 31.081
34.5 31.225
35.0 31.315
35.0 31.814
35.0 31.888
35.0 32.076
35.0 31.843
35.0 32.084
35.0 32.121
35.0 31.658
35.0 31.879
35.0 32.148
35.0 32.116
35.0 32.125
35.0 31.957
35.0 31.956
35.0 32.36
35.0 31.92
35.0 31.922
35.0 32.118
35.0 32.124
35.0 32.322
35.0 32.126
35.0 32.166
35.0 32.289
35.0 32.238
35.0 32.426
35.0 32.138
35.0 32.236
35.0 32.156
35.0 32.34
35.0 32.074
35.0 32.274
35.0 32.061
35.0 32.201
35.0 32.15
35.0 31.881
35.0 31.998
35.0 32.18
35.0 31.956
35.0 31.984
35.0 31.906
35.0 32.315
35.0 32.166
35.0 32.314
35.0 32.477
35.0 32.193
35.0 32.138
35.0 32.21
35.0 32.131
35.0 32.031
35.0 32.135
35.0 31.977
35.0 32.208
35.0 32.449
35.0 32.36
35.0 32.229
35.0 32.504
35.0 32.349
35.0 32.267
35.0 32.174
35.0 32.311
35.0 32.358
35.0 32.286
35.0 32.243
35.0 32.238
35.0 32.236
35.0 32.253
35.0 32.245
35.0 32.244
35.0 32.029
35.0 32.245
35.0 32.201
35.0 32.007
35.0 32.184
35.0 32.141
35.0 32.078
35.0 32.373
35.0 32.396
35.0 32.191
35.0 32.082
35.0 32.216
35.0 32.058
35.0 32.104
35.0 32.33
35.0 32.304
35.0 32.032
35.0 32.004
35.0 32.18
35.0 32.135
35.0 32.395
35.0 32.267
35.0 32.045
35.0 31.835
35.0 31.973
35.0 32.212
35.0 32.133
35.0 32.217
35.0 32.189
35.0 32.449
35.0 32.248
35.0 32.573
35.0 32.261
35.0 32.367
35.0 32.464
35.0 32.203
35.0 32.049
35.0 31.99
35.0 32.16
35.0 32.184
35.0 32.27
35.0 32.226
35.0 32.177
35.0 32.17
35.0 32.094
35.0 32.224
35.0 31.954
35.0 32.266
35.0 32.207
35.0 32.217
35.0 31.858
35.0 32.265
35.0 32.161
35.0 31.925
35.0 32.183
35.0 32.393
35.0 31.96
35.0 32.315
35.0 32.195
35.0 32.052
35.0 32.064
35.0 32.053
35.0 31.855
35.0 32.135
35.0 32.337
35.0 32.295
35.0 32.124
35.0 32.101
35.0 32.073
35.0 32.268
35.0 32.009
35.0 32.105
35.0 32.165
35.0 32.165
35.0 32.208
35.0 32.073
35.0 32.291
35.0 32.056
35.0 32.207
35.0 32.159
35.0 32.257
35.0 32.227
35.0 32.073
35.0 31.913
35.0 31.887
35.0 32.25
35.0 32.436
35.0 32.233
35.0 32.311
35.0 32.108
35.0 32.205
35.0 32.123
35.0 32.314
35.0 32.078
35.0 32.009
35.0 31.942
35.0 32.097
35.0 32.408
35.0 32.369
35.0 32.211
35.0 32.385
35.0 32.044
35.0 32.179
35.0 32.275
35.0 32.386
35.0 32.396
35.0 32.29
35.0 32.352
35.0 32.196
35.0 32.21
35.0 32.249
35.0 32.046
35.0 32.314
35.0 32.243
35.0 32.2
35.0 32.197
35.0 32.162
35.0 32.165
35.0 32.049
35.0 32.291
35.0 32.232
35.0 32.131
35.0 32.433
35.0 32.191
35.0 32.0
35.0 32.161
35.0 31.976
35.0 32.354
35.0 32.235
35.0 32.331
35.0 32.244
35.0 32.078
35.0 31.926
35.0 32.152
35.0 32.12
35.0 31.847
35.0 31.767
35.0 32.224
35.0 31.924
35.0 32.167
35.0 32.197
35.0 32.198
35.0 32.438
35.0 32.157
35.0 32.037
35.0 32.099
35.0 32.062
35.0 32.211
35.0 32.303
35.0 32.007
35.0 32.134
35.0 32.322
35.0 32.198
35.0 32.211
35.0 32.253
35.0 32.16
35.0 32.123
35.0 32.128
35.0 32.282
35.0 32.488
35.0 32.328
35.0 32.039
35.0 32.274
35.0 32.506
35.0 32.528
35.0 32.275
35.0 32.042
35.0 32.117
35.0 32.193
35.0 32.225
35.0 32.325
35.0 31.97
35.0 31.946
35.0 32.335
35.0 31.956
35.0 32.113
35.0 32.318
35.0 32.248
35.0 32.172
35.0 32.425
35.0 32.174
35.0 32.236
35.0 32.075
35.0 32.0
35.0 32.013
35.0 32.206
35.0 32.211
35.0 32.371
35.0 32.372
35.0 32.187
35.0 32.102
35.0 32.197
35.0 32.316
35.0 32.377
35.0 32.37
35.0 32.488
35.0 32.32
35.0 32.173
35.0 32.38
35.0 32.357
35.0 32.38
35.0 32.348
35.0 32.311
35.0 32.196
35.0 31.851
35.0 32.363
35.0 32.106
35.0 32.25
35.0 32.455
35.0 32.437
35.0 32.419
35.0 32.186
35.0 32.199
35.0 32.265
35.0 32.327
35.0 32.285
35.0 32.284
35.0 32.172
35.0 32.516
35.0 32.571
35.0 32.563
35.0 32.17
35.0 32.06
35.0 32.059
35.0 32.217
35.0 32.135
35.0 32.199
35.0 31.998
35.0 32.238
35.0 31.993
35.0 32.378
35.0 32.566
35.0 32.418
35.0 32.371
35.0 32.641
35.0 32.467
35.0 32.09
35.0 32.391
35.0 32.414
35.0 32.348
35.0 32.37
35.0 32.114
35.0 32.251
35.0 31.938
35.0 31.984
35.0 32.233
35.0 31.915
35.0 31.915
35.0 32.043
35.0 32.075
35.0 32.08
35.0 31.974
35.0 32.023
35.0 31.98
35.0 32.135
35.0 32.269
35.0 32.04
35.0 32.296
35.0 32.249
35.0 31.958
35.0 32.069
35.0 32.116
35.0 32.105
35.0 31.947
35.0 32.173
35.0 32.196
35.0 32.026
35.0 32.119
35.0 32.224
35.0 32.353
35.0 32.092
35.0 32.025
35.0 32.069
35.0 32.274
35.0 32.418
35.0 32.219
35.0 32.29
35.0 32.303
35.0 32.102
35.0 32.094
35.0 32.069
35.0 32.168
35.0 32.143
35.0 32.237
35.0 32.32
35.0 32.465
35.0 32.331
35.0 32.346
35.0 32.329
35.0 32.349
35.0 32.077
35.0 32.378
35.0 32.29
35.0 32.494
35.0 32.292
35.0 31.998
35.0 32.128
35.0 32.188
35.0 32.168
35.0 32.258
35.0 32.008
35.0 32.39
35.0 32.229
35.0 32.434
35.0 32.121
35.0 32.215
35.0 32.422
35.0 32.108
35.0 32.478
35.0 32.288
35.0 32.456
35.0 32.266
35.0 32.217
35.0 32.334
35.0 32.16
35.0 32.132
35.0 32.037
35.0 31.99
35.0 31.959
35.0 32.156
35.0 32.289
35.0 32.206
35.0 32.315
35.0 32.29
35.0 32.418
35.0 32.106
35.0 32.23
35.0 32.017
35.0 32.004
35.0 32.089
35.0 32.212
35.0 32.294
35.0 32.151
35.0 32.228
35.0 32.293
35.0 32.615
35.0 32.27
35.0 32.334
35.0 32.225
35.0 32.093
35.0 32.107
35.0 31.834
35.0 32.072
35.0 32.221
35.0 32.052
35.0 32.16
35.0 32.246
35.0 32.259
35.0 32.165
35.0 32.236
35.0 32.245
35.0 32.141
35.0 32.306
35.0 32.324
35.0 32.049
35.0 32.229
35.0 32.206
35.0 32.415
35.0 32.222
35.0 32.103
35.0 32.168
35.0 31.997
35.0 32.141
35.0 32.024
35.0 32.087
35.0 31.903
35.0 32.292
35.0 32.361
35.0 32.082
35.0 32.43
35.0 32.103
35.0 32.163
35.0 32.354
35.0 32.074
35.0 32.275
35.0 32.258
35.0 31.979
35.0 32.174
35.0 32.206
35.0 32.066
35.0 32.043
35.0 32.402
35.0 32.274
35.0 32.097
500
-28.0 -234.465
-13.5 -150.47
-10.0 -97.065
4.5 -63.02
4.5 -38.272
10.0 -20.62
15.5 -8.974
17.5 -1.591
21.0 3.792
21.5 8.009
23.5 11.383
24.5 14.062
26.0 16.15
26.0 18.129
27.0 19.24
28.0 20.363
28.0 21.168
28.5 21.672
28.5 22.15
29.0 22.343
29.0 22.752
29.0 22.897
29.0 23.273
30.0 23.604
30.0 24.197
30.0 24.394
30.0 24.887
30.0 25.457
30.5 26.071
31.0 26.451
32.5 26.755
32.5 27.081
32.5 27.524
32.5 27.487
32.5 27.804
33.0 28.194
33.0 28.098
33.0 28.411
33.0 28.113
33.0 28.32
33.0 28.618
33.5 28.545
33.5 28.474
33.5 28.504
33.5 28.567
33.5 28.628
33.5 28.952
33.5 28.975
33.5 29.171
33.5 28.994
33.5 29.227
34.0 29.42
34.0 29.863
34.0 29.875
34.0 29.883
34.5 30.289
34.5 30.517
34.5 31.108
34.5 31.02
34.5 31.091
34.5 31.285
34.5 31.247
34.5 31.329
34.5 31.758
34.5 31.66
35.0 31.89
35.0 31.782
35.0 31.828
35.5 31.886
35.5 31.967
35.5 31.773
35.5 31.894
35.5 31.871
35.5 31.812
35.5 31.904
35.5 32.19
35.5 32.241
35.5 32.253
35.5 32.612
35.5 32.583
35.5 32.591
35.5 32.387
35.5 32.65
35.5 32.59
35.5 32.245
35.5 32.368
35.5 32.402
35.5 32.413
35.5 32.507
35.5 32.668
35.5 32.774
35.5 32.593
36.5 32.523
37.0 32.333
37.0 32.437
37.0 32.405
37.0 32.681
37.0 32.461
37.0 32.643
37.0 32.788
37.0 33.03
37.0 33.18
37.0 33.366
37.0 33.426
37.0 33.614
37.0 33.937
37.0 33.416
37.0 33.359
37.0 33.445
37.0 33.602
37.0 33.717
37.0 33.52
37.0 33.849
37.0 33.971
37.0 33.471
37.0 33.745
37.0 33.685
37.0 33.805
37.0 33.822
37.0 33.786
37.0 33.783
37.0 33.859
37.0 33.713
37.0 34.065
37.0 33.685
37.0 33.747
37.0 34.078
37.0 33.479
37.0 33.735
37.0 33.79
37.0 34.042
37.0 34.192
37.0 33.846
37.0 33.613
37.0 33.939
37.0 33.819
37.0 33.904
37.0 33.999
37.0 34.023
37.0 34.004
37.0 34.039
37.0 33.673
37.0 33.587
37.0 33.853
37.0 33.595
37.0 33.832
37.0 33.69
37.0 33.837
37.0 33.568
37.0 33.852
37.0 33.863
37.0 33.798
37.0 33.708
37.0 33.928
37.0 33.861
37.0 33.88
37.0 33.683
37.0 33.612
37.0 33.478
37.0 33.551
37.0 34.009
37.0 34.049
37.0 33.836
37.0 33.771
37.0 33.745
37.0 33.841
37.0 34.124
37.0 34.229
37.0 33.611
37.0 33.826
37.0 33.71
37.0 33.904
37.0 34.074
37.0 34.101
37.0 33.784
37.0 33.876
37.0 34.142
37.0 33.853
37.0 33.481
37.0 33.18
37.0 33.388
37.0 33.832
37.0 33.847
37.0 33.672
37.0 33.641
37.0 33.849
37.0 33.54
37.0 33.697
37.0 33.575
37.0 33.527
37.0 33.796
37.0 33.556
37.0 33.876
37.0 33.55
37.0 33.639
37.0 33.848
37.0 33.701
37.0 33.847
37.0 33.578
37.0 33.859
37.0 34.02
37.0 34.05
37.0 34.14
37.0 33.855
37.0 34.129
37.0 33.867
37.0 33.794
37.0 33.577
37.0 33.708
37.0 33.5
37.0 33.469
37.0 33.628
37.0 33.842
37.0 34.229
37.0 33.807
37.0 33.586
37.0 33.841
37.0 33.901
37.0 34.157
37.0 34.026
37.0 34.05
37.0 33.839
37.0 34.023
37.0 34.06
37.0 33.764
37.0 33.644
37.0 33.951
37.0 33.75
37.0 33.874
37.0 33.491
37.0 33.949
37.0 33.845
37.0 33.813
37.0 33.854
37.0 33.615
37.0 33.325
37.0 33.586
37.0 33.526
37.0 33.459
37.0 33.516
37.0 33.893
37.0 33.772
37.0 33.596
37.0 33.665
37.0 34.018
37.0 34.018
37.0 33.823
37.0 34.107
37.0 33.864
37.0 33.895
37.0 33.709
37.0 33.742
37.0 33.911
37.0 33.583
37.0 33.847
37.0 34.106
37.0 34.171
37.0 33.788
37.0 33.827
37.0 33.711
37.0 33.585
37.0 33.68
37.0 33.655
37.0 33.88
37.0 33.663
37.0 33.838
37.0 33.676
37.0 33.617
37.0 33.642
37.0 33.658
37.0 33.56
37.0 33.618
37.0 33.85
37.0 33.793
37.0 33.724
37.0 34.025
37.0 33.956
37.0 33.993
37.0 33.898
37.0 33.855
37.0 33.605
37.0 33.661
37.0 33.827
37.0 33.868
37.0 33.672
37.0 33.685
37.0 33.975
37.0 33.86
37.0 33.862
37.0 33.915
37.0 34.143
37.0 34.176
37.0 33.988
37.0 33.855
37.0 33.693
37.0 33.509
37.0 33.613
37.0 33.945
37.0 33.593
37.0 33.981
37.0 34.115
37.0 33.688
37.0 33.574
37.0 33.462
37.0 33.82
37.0 33.628
37.0 33.634
37.0 33.571
37.0 33.526
37.0 33.463
37.0 33.76
37.0 33.691
37.0 33.843
37.0 33.198
37.0 33.522
37.0 33.739
37.0 34.033
37.0 34.007
37.0 34.017
37.0 33.754
37.0 33.88
37.0 33.614
37.0 33.765
37.0 33.78
37.0 33.793
37.0 33.897
37.0 33.783
37.0 33.842
37.0 33.813
37.0 33.929
37.0 33.687
37.0 33.848
37.0 34.142
37.0 33.847
37.0 33.942
37.0 33.705
37.0 33.557
37.0 33.73
37.0 33.579
37.0 33.668
37.0 33.616
37.0 33.8
37.0 33.996
37.0 33.642
37.0 33.616
37.0 33.933
37.0 33.889
37.0 33.719
37.0 33.766
37.0 33.799
37.0 33.911
37.0 33.882
37.0 33.746
37.0 33.858
37.0 33.62
37.0 33.636
37.0 33.722
37.0 33.807
37.0 34.029
37.0 33.971
37.0 34.062
37.0 33.926
37.0 34.107
37.0 34.266
37.0 33.975
37.0 33.895
37.0 34.014
37.0 34.094
37.0 33.687
37.0 33.753
37.0 33.955
37.0 33.786
37.0 33.757
37.0 33.779
37.0 33.777
37.0 33.821
37.0 33.717
37.0 33.802
37.0 33.84
37.0 34.004
37.0 33.774
37.0 33.834
37.0 33.782
37.0 33.861
37.0 33.893
37.0 33.614
37.0 33.894
37.0 33.691
37.0 33.625
37.0 33.903
37.0 34.04
37.0 33.98
37.0 33.734
37.0 33.775
37.0 33.822
37.0 33.748
37.0 33.781
37.0 33.909
37.0 33.876
37.0 34.004
37.0 33.962
37.0 33.816
37.0 33.757
37.0 33.771
37.0 33.778
37.0 33.843
37.0 33.972
37.0 33.829
37.0 33.842
37.0 34.037
37.0 33.887
37.0 34.019
37.0 33.786
37.0 33.974
37.0 34.028
37.0 33.707
37.0 33.986
37.0 33.734
37.0 33.718
37.0 33.89
37.0 33.927
37.0 33.826
37.0 33.745
37.0 33.713
37.0 33.583
37.0 33.95
37.0 33.925
37.0 33.734
37.0 33.66
37.0 33.676
37.0 33.752
37.0 34.016
37.0 33.866
37.0 33.886
37.0 33.822
37.0 34.04
37.0 33.865
37.0 33.784
37.0 33.635
37.0 33.921
37.0 33.943
37.0 33.769
37.0 33.59
37.0 33.515
37.0 33.692
37.0 33.838
37.0 33.799
37.0 33.74
37.0 33.811
37.0 33.916
37.0 33.903
37.0 34.029
37.0 34.078
37.0 34.066
37.0 33.787
37.0 33.751
37.0 33.614
37.0 33.96
37.0 33.591
37.0 33.731
37.0 33.956
37.0 33.983
37.0 33.975
37.0 34.094
37.0 33.726
37.0 33.611
37.0 33.723
37.0 33.777
37.0 33.974
37.0 34.165
37.0 33.961
37.0 33.942
37.0 34.039
37.0 33.764
37.0 33.625
37.0 33.69
37.0 33.917
37.0 33.862
37.0 33.798
37.0 33.966
37.0 33.775
37.0 34.143
37.0 33.994
37.0 33.782
37.0 33.858
37.0 33.643
37.0 33.7
37.0 33.868
37.0 33.807
37.0 33.794
37.0 33.97
37.0 34.073
37.0 33.864
37.0 33.924
37.0 33.773
37.0 33.723
37.5 34.022
37.5 33.835
37.5 33.745
37.5 33.772
500
-46.0 -235.78
-35.0 -151.132
-23.0 -101.284
-8.0 -71.536
-5.0 -50.079
1.5 -33.547
11.0 -20.554
13.5 -10.76
19.0 -3.737
22.0 2.725
22.5 8.214
25.0 11.5
27.0 14.135
28.0 16.173
28.0 17.869
28.0 19.24
28.5 20.375
29.5 21.893
30.5 22.952
30.5 24.128
30.5 24.827
30.5 24.849
30.5 25.158
32.0 25.353
32.0 25.883
33.5 26.186
34.0 26.574
34.5 27.362
35.5 28.086
35.5 29.037
35.5 30.049
35.5 30.662
35.5 31.208
36.0 31.449
36.0 31.979
36.0 32.26
36.5 32.551
36.5 32.614
37.5 32.697
37.5 32.938
37.5 32.968
38.0 33.496
38.0 33.697
38.0 33.892
38.0 34.236
38.0 34.399
38.0 34.559
38.0 34.788
38.0 34.921
38.0 34.789
38.0 34.825
38.0 34.753
38.0 34.847
38.0 34.481
38.0 34.686
38.0 35.074
38.0 34.855
38.0 34.767
38.0 34.672
38.0 34.73
38.0 35.07
38.0 34.984
38.0 34.946
38.0 34.714
38.0 34.589
38.0 34.664
38.0 34.573
38.0 34.494
38.0 34.562
38.0 34.662
38.0 34.598
38.0 34.777
38.0 34.835
38.0 34.718
38.0 34.694
38.0 34.67
38.0 34.892
38.0 34.931
38.0 34.981
38.0 34.549
38.0 34.594
38.0 34.482
38.0 34.443
38.0 34.555
38.0 34.804
38.0 34.644
38.0 34.855
38.0 34.975
38.0 35.019
38.0 34.723
38.0 34.753
38.0 34.776
38.0 34.963
38.0 34.698
38.0 34.607
38.0 34.529
38.0 34.344
38.0 34.47
38.0 34.535
38.0 34.719
38.0 34.739
38.0 34.602
38.0 34.641
38.0 34.84
38.0 34.469
38.0 34.619
38.0 34.595
38.0 34.944
38.0 34.993
38.0 34.853
38.0 34.824
38.0 34.907
38.0 34.677
38.0 34.794
38.0 34.643
38.0 34.656
38.0 34.725
38.0 34.565
38.0 34.742
38.0 34.584
38.0 34.948
38.0 35.002
38.0 34.661
38.0 34.805
38.0 34.761
38.0 34.591
38.0 34.722
38.0 34.631
38.0 34.971
38.0 34.587
38.0 34.888
38.0 34.85
38.0 34.864
38.0 34.591
38.0 34.471
38.0 34.806
38.0 34.555
38.0 34.689
38.0 34.699
38.0 34.66
38.0 34.681
38.0 34.476
38.0 34.827
38.0 34.974
38.0 34.834
38.0 34.967
38.0 34.782
38.0 34.648
38.0 34.529
38.0 34.528
38.0 34.504
38.0 34.666
38.0 34.821
38.0 34.623
38.0 34.529
38.0 34.645
38.0 34.877
38.0 35.017
38.0 34.776
38.0 34.923
38.0 35.113
38.0 35.012
38.0 34.806
38.0 34.779
38.0 34.674
38.0 34.929
38.0 34.912
38.0 34.837
38.0 34.886
38.0 34.954
38.0 34.707
38.0 34.577
38.0 34.823
38.0 34.681
38.0 34.843
38.0 34.744
38.0 34.618
38.0 34.656
38.0 34.657
38.0 34.961
38.0 34.949
38.0 35.053
38.0 34.78
38.0 34.747
38.0 34.853
38.0 34.868
38.0 34.8
38.0 34.708
38.0 34.713
38.0 34.754
38.0 34.866
38.0 34.729
38.0 34.581
38.0 34.326
38.0 34.634
38.0 34.539
38.0 34.524
38.0 34.605
38.0 34.673
38.0 34.682
38.0 34.89
38.0 34.762
38.0 34.879
38.0 34.74
38.0 34.743
38.0 34.773
38.0 34.692
38.0 34.575
38.0 34.247
38.0 34.44
38.0 34.652
38.0 34.517
38.0 34.81
38.0 34.93
38.0 34.757
38.0 34.637
38.0 34.794
38.0 34.594
38.0 34.995
38.0 34.666
38.0 34.67
38.0 34.746
38.0 34.964
38.0 34.936
38.0 34.525
38.0 34.725
38.0 35.106
38.0 35.005
38.0 34.798
38.0 34.653
38.0 34.507
38.0 34.657
38.0 34.797
38.0 34.663
38.0 34.818
38.0 34.576
38.0 34.787
38.0 34.557
38.0 34.622
38.0 34.662
38.0 34.54
38.0 34.739
38.0 34.595
38.0 34.663
38.0 34.98
38.0 34.718
38.0 34.986
38.0 34.743
38.0 34.793
38.0 34.503
38.0 34.569
38.0 34.717
38.0 34.532
38.0 34.713
38.0 34.82
38.0 34.512
38.0 34.493
38.0 34.5
38.0 34.405
38.0 34.634
38.0 35.054
38.0 34.982
38.0 34.634
38.0 34.741
38.0 34.605
38.0 34.942
38.0 34.869
38.0 34.784
38.0 34.598
38.0 34.574
38.0 34.963
38.0 34.839
38.0 35.0
38.0 34.354
38.0 34.596
38.0 34.695
38.0 34.435
38.0 34.681
38.0 34.866
38.0 34.538
38.0 34.752
38.0 34.556
38.0 34.853
38.0 34.984
38.0 34.9
38.0 34.618
38.0 34.718
38.0 35.003
38.0 34.899
38.0 34.641
38.0 34.59
38.0 34.846
38.0 34.777
38.0 34.552
38.0 34.647
38.0 34.414
38.0 34.237
38.0 34.465
38.0 34.76
38.0 34.9
38.0 34.679
38.0 34.877
38.0 34.876
38.0 35.01
38.0 34.793
38.0 34.79
38.0 35.047
38.0 34.967
38.0 34.777
38.0 34.944
38.0 34.685
38.0 34.46
38.0 34.492
38.0 34.715
38.0 34.763
38.0 34.783
38.0 34.606
38.0 34.379
38.0 34.685
38.0 34.469
38.0 34.635
38.0 34.683
38.0 34.764
38.0 35.156
38.0 34.826
38.0 34.924
38.0 34.825
38.0 34.552
38.0 34.809
38.0 34.315
38.0 34.529
38.0 34.384
38.0 34.764
38.0 34.972
38.0 34.942
38.0 34.964
38.0 34.857
38.0 34.798
38.0 34.843
38.0 35.035
38.0 35.005
38.0 34.755
38.0 34.73
38.0 34.922
38.0 34.695
38.0 34.542
38.0 34.528
38.0 34.753
38.0 34.407
38.0 34.7
38.0 34.797
38.0 35.002
38.0 34.809
38.0 34.751
38.0 34.871
38.0 34.673
38.0 34.523
38.0 34.95
38.0 34.766
38.0 34.735
38.0 34.782
38.0 34.958
38.0 34.774
38.0 34.864
38.0 35.116
38.0 35.064
38.0 35.131
38.0 34.769
38.0 35.02
38.0 34.806
38.0 34.949
38.0 34.824
38.0 34.589
38.0 34.666
38.0 34.43
38.0 34.88
38.0 34.705
38.0 34.997
38.0 34.669
38.0 34.777
38.0 34.836
38.0 34.952
38.0 34.726
38.0 34.755
38.0 34.629
38.0 34.739
38.0 34.757
38.0 34.717
38.0 34.543
38.0 34.518
38.0 34.771
38.0 34.752
38.0 35.059
38.0 34.928
38.0 34.92
38.0 34.92
38.0 34.926
38.0 34.857
38.0 34.687
38.0 34.771
38.0 34.528
38.0 34.86
38.0 34.832
38.0 34.65
38.0 34.676
38.0 34.764
38.0 34.875
38.0 34.78
38.0 34.906
38.0 35.049
38.0 35.117
38.0 34.812
38.0 34.816
38.0 34.977
38.0 34.936
38.0 34.76
38.0 34.696
38.0 34.667
38.0 34.405
38.0 34.61
38.0 34.997
38.0 34.921
38.0 34.991
38.0 35.046
38.0 35.114
38.0 35.064
38.0 35.07
38.0 34.911
38.0 34.803
38.0 35.002
38.0 34.666
38.0 34.606
38.0 34.571
38.0 34.507
38.0 34.553
38.0 35.025
38.0 35.015
38.0 34.77
38.0 34.985
38.0 35.001
38.0 34.752
38.0 34.884
38.0 34.812
38.0 34.987
38.0 34.97
38.0 34.827
38.0 34.919
38.0 34.506
38.0 34.73
38.0 34.634
38.0 34.687
38.0 34.861
38.0 34.794
38.0 34.654
38.0 34.842
38.0 34.895
38.0 34.876
38.0 35.12
38.0 34.653
38.0 34.654
38.0 34.545
38.0 34.918
38.0 34.83
38.0 34.821
38.0 34.653
38.0 34.851
38.0 35.006
38.0 34.637
38.0 34.652
38.0 34.769
38.0 34.991
38.0 34.719
38.0 34.688
38.0 34.833
38.0 35.116
38.0 35.12
38.0 34.968
38.0 35.014
38.0 34.882
38.0 34.936
38.0 34.514
38.0 34.712
38.0 34.566
38.0 34.536
38.0 34.893
38.0 35.001
38.0 34.616
38.0 34.555
38.0 34.341
38.0 34.639
38.0 34.784
38.0 34.906
38.0 34.809
38.0 34.781
38.0 34.551
38.0 34.662
38.0 34.81
38.0 35.005
38.0 34.843
38.0 34.846
500
-54.5 -231.535
-36.0 -153.573
-32.0 -103.635
-16.0 -71.049
-4.0 -50.663
14.0 -33.727
14.5 -20.351
17.5 -10.411
19.0 -1.077
22.5 5.841
22.5 10.063
22.5 13.229
24.0 14.954
27.0 16.738
27.0 17.68
27.0 18.575
27.0 19.369
27.0 20.254
27.0 20.625
27.0 20.871
27.0 20.848
29.0 21.454
29.0 21.698
29.0 21.89
29.5 22.446
30.0 23.298
30.0 23.934
30.5 24.839
31.0 25.903
32.0 26.264
32.0 26.659
32.0 26.949
32.5 27.294
32.5 27.836
33.0 27.987
33.0 27.995
33.5 28.627
33.5 29.095
33.5 29.338
33.5 29.717
34.0 29.894
34.0 30.167
34.0 30.413
34.0 30.094
34.0 30.432
34.0 30.37
35.0 30.434
35.0 30.767
35.0 30.534
35.0 30.302
35.0 30.719
35.0 30.634
35.0 31.199
35.0 31.122
35.0 31.375
35.0 31.497
35.0 31.759
35.0 31.753
35.0 31.979
35.0 32.012
35.0 32.158
35.0 31.823
35.0 31.883
35.0 31.74
35.0 31.778
35.0 31.721
35.5 32.18
35.5 32.356
35.5 32.089
35.5 31.925
35.5 31.996
35.5 32.134
35.5 32.013
36.0 32.208
36.0 32.276
36.0 32.317
36.0 32.286
36.0 32.497
36.0 32.188
36.0 32.422
36.0 32.419
36.0 32.402
36.0 32.613
36.0 32.848
36.0 32.566
36.0 32.736
36.0 32.739
36.0 32.827
36.0 33.373
36.0 33.058
36.0 32.919
36.0 33.096
36.0 33.069
36.0 33.09
36.0 33.086
36.0 33.34
36.0 32.979
36.0 32.929
36.0 33.063
36.0 32.567
36.0 32.893
36.0 32.71
36.0 32.579
36.0 32.707
36.0 33.0
36.0 32.693
36.0 32.573
36.0 32.827
36.0 32.899
36.0 33.017
36.0 32.856
36.0 32.569
36.0 32.794
36.0 32.941
36.0 32.981
36.0 33.022
36.0 33.017
36.0 32.752
36.0 32.999
36.0 32.938
36.0 32.629
36.0 32.666
36.0 32.865
36.0 32.604
36.0 32.655
36.0 32.69
36.0 32.808
36.0 32.773
36.0 32.461
36.0 32.707
36.0 32.706
36.0 32.966
36.0 32.988
36.0 32.946
36.0 33.255
36.0 32.824
36.0 32.978
36.0 33.059
36.0 33.033
36.0 33.05
36.0 33.12
36.0 32.796
36.0 32.892
36.0 32.673
36.0 32.761
36.0 32.999
36.0 33.007
36.0 32.797
36.0 32.849
36.0 32.786
36.0 32.861
36.0 32.844
36.0 32.993
36.0 32.967
36.0 32.882
36.0 32.749
36.0 32.823
36.0 32.832
36.0 33.005
36.0 32.982
36.0 33.094
36.0 32.681
36.0 32.915
36.0 32.96
36.0 32.751
36.0 32.79
36.0 32.676
36.0 32.693
36.0 32.91
36.0 32.942
36.0 33.106
36.0 32.82
36.0 32.876
36.0 32.897
36.0 33.014
36.0 32.752
36.0 32.649
36.0 32.688
36.0 32.68
36.0 32.78
36.0 32.634
36.0 32.728
36.0 32.966
36.0 32.989
36.0 32.795
36.0 32.925
36.0 33.082
36.0 32.796
36.0 32.807
36.0 32.78
36.0 32.84
36.0 32.962
36.0 32.912
36.0 33.192
36.0 33.072
36.0 33.045
36.0 33.13
36.0 32.958
36.0 32.893
36.0 33.189
36.0 33.19
36.0 33.016
36.0 32.939
36.0 32.93
36.0 33.009
36.0 32.891
36.0 32.971
36.0 32.875
36.0 32.783
36.0 32.826
36.0 32.898
36.0 32.861
36.0 32.687
36.0 32.705
36.0 32.646
36.0 32.605
36.0 32.711
36.0 32.818
36.0 32.763
36.0 32.907
36.0 33.093
36.0 32.893
36.0 32.719
36.0 32.692
36.0 32.897
36.0 32.872
36.0 32.873
36.0 32.792
36.0 32.817
36.0 32.767
36.0 32.987
36.0 33.147
36.0 32.989
36.0 32.763
36.0 32.805
36.0 33.038
36.0 33.003
36.0 32.774
36.0 32.733
36.0 33.033
36.0 32.951
36.0 32.949
36.0 32.978
36.0 32.683
36.0 32.593
36.0 32.64
36.0 32.699
36.0 32.76
36.0 32.552
36.0 32.643
36.0 32.613
36.0 32.83
36.0 32.933
36.0 32.901
36.0 32.784
36.0 32.611
36.0 32.824
36.0 32.894
36.0 33.06
36.0 33.094
36.0 33.166
36.0 32.917
36.0 32.872
36.0 33.044
36.0 33.331
36.0 33.115
36.0 32.934
36.0 32.83
36.0 33.061
36.0 32.998
36.0 33.101
36.0 32.874
36.0 32.756
36.0 32.892
36.0 32.956
36.0 32.729
36.0 32.57
36.0 32.502
36.0 32.641
36.0 32.613
36.0 32.714
36.0 32.574
36.0 32.577
36.0 32.732
36.0 32.879
36.0 32.884
36.0 32.784
36.0 32.877
36.0 32.919
36.0 32.822
36.0 32.965
36.0 33.035
36.0 32.891
36.0 33.111
36.0 33.106
36.0 33.118
36.0 32.95
36.0 32.712
36.0 32.721
36.0 32.804
36.0 32.772
36.0 32.806
36.0 32.83
36.0 32.875
36.0 32.63
36.0 32.775
36.0 32.6
36.0 32.822
36.0 33.236
36.0 32.717
36.0 32.829
36.0 33.144
36.0 33.096
36.0 32.824
36.0 32.813
36.0 32.629
36.0 32.843
36.0 32.91
36.0 32.866
36.0 33.347
36.0 33.202
36.0 32.893
36.0 32.855
36.0 32.814
36.0 32.89
36.0 32.901
36.0 33.052
36.0 32.813
36.0 32.848
36.0 32.61
36.0 32.557
36.0 32.858
36.0 33.071
36.0 32.928
36.0 33.04
36.0 33.075
36.0 32.767
36.0 32.597
36.0 32.797
36.0 32.83
36.0 33.01
36.0 32.986
36.0 33.208
36.0 32.902
36.0 32.857
36.0 33.183
36.0 32.966
36.0 33.065
36.0 33.056
36.0 32.835
36.0 32.775
36.0 33.076
36.0 33.238
36.0 33.087
36.0 33.018
36.0 32.794
36.0 32.77
36.0 33.16
36.0 33.236
36.0 32.973
36.0 32.841
36.0 32.908
36.0 32.975
36.0 32.936
36.0 32.68
36.0 33.072
36.0 33.295
36.0 32.87
36.0 32.883
36.0 32.799
36.0 32.642
36.0 32.611
36.0 32.594
36.0 32.798
36.0 32.825
36.0 32.922
36.0 32.757
36.0 32.933
36.0 33.221
36.0 33.416
36.0 33.094
36.0 33.087
36.0 32.893
36.0 32.864
36.0 32.755
36.0 33.044
36.0 32.902
36.0 32.822
36.0 33.024
36.0 32.924
36.0 32.948
36.0 33.021
36.0 33.138
36.0 33.216
36.0 32.717
36.0 33.166
36.0 33.014
36.0 32.851
36.0 32.791
36.0 32.501
36.0 32.786
36.0 32.719
36.0 32.715
36.0 32.64
36.0 32.781
36.0 33.056
36.0 32.854
36.0 32.823
36.0 32.961
36.0 32.916
36.0 32.814
36.0 32.941
36.0 33.046
36.0 32.953
36.0 33.279
36.0 32.988
36.0 33.108
36.0 32.866
36.0 32.891
36.0 32.662
36.0 32.843
36.0 33.115
36.0 32.94
36.0 32.927
36.0 32.66
36.0 32.615
36.0 32.766
36.0 32.958
36.0 33.158
36.0 32.912
36.0 33.081
36.0 32.852
36.0 32.563
36.0 32.912
36.0 32.847
36.0 32.876
36.0 32.41
36.0 32.608
36.0 32.935
36.0 32.849
36.0 32.603
36.0 32.702
36.0 32.52
36.0 32.923
36.0 32.881
36.0 32.65
36.0 32.904
36.0 32.964
36.0 32.745
36.0 32.687
36.0 32.773
36.0 32.668
36.0 32.812
36.0 33.103
36.0 32.831
36.0 32.809
36.0 32.512
36.0 32.7
36.0 32.92
36.0 33.129
36.0 32.776
36.0 32.863
36.0 33.09
36.0 32.889
36.0 33.008
36.0 32.989
36.0 32.926
36.0 32.653
36.0 32.809
36.0 32.685
36.0 33.134
36.0 32.932
36.0 32.883
36.0 33.117
36.0 32.903
36.0 32.506
36.0 32.647
36.0 32.716
36.0 32.83
36.0 32.938
36.0 33.231
36.0 33.117
36.0 32.902
36.0 32.86
36.0 32.789
36.0 32.859
36.0 33.056
36.0 32.8
36.0 32.791
36.0 33.048
36.0 32.655
36.0 32.817
36.0 32.558
36.0 32.785
36.0 32.65
36.0 32.382
36.0 32.513
36.0 32.72
36.0 32.772
36.0 32.789
500
-39.0 -241.127
-25.0 -163.005
-15.5 -114.006
-8.0 -78.696
0.5 -51.446
3.5 -32.207
8.0 -16.876
17.0 -8.246
21.5 -2.17
21.5 3.979
21.5 8.194
22.5 11.171
23.0 13.914
25.0 15.652
25.0 16.882
26.5 18.115
26.5 18.968
26.5 20.192
27.5 20.924
28.5 21.283
28.5 21.851
30.5 22.432
30.5 22.887
31.0 23.535
31.0 23.763
31.0 24.574
31.5 25.168
31.5 25.783
31.5 26.406
32.5 26.785
32.5 27.255
32.5 27.667
33.5 28.082
33.5 28.43
33.5 28.933
33.5 29.385
33.5 29.492
33.5 30.118
34.0 30.347
34.0 30.396
34.0 30.327
34.0 30.748
34.0 30.915
34.0 31.101
34.5 30.961
34.5 31.219
34.5 31.315
34.5 31.079
34.5 31.132
34.5 31.597
34.5 31.325
34.5 31.37
34.5 31.237
34.5 31.502
34.5 31.488
34.5 31.356
34.5 31.512
34.5 31.512
34.5 31.696
34.5 31.583
34.5 31.808
34.5 31.728
34.5 31.629
34.5 31.527
34.5 31.672
34.5 31.578
34.5 31.707
34.5 31.762
34.5 31.594
34.5 31.841
34.5 31.687
34.5 31.75
34.5 31.577
34.5 31.523
34.5 31.665
34.5 31.75
34.5 31.57
34.5 31.538
34.5 31.733
34.5 31.503
34.5 31.696
34.5 31.761
34.5 31.671
34.5 31.38
34.5 31.711
34.5 31.636
34.5 31.748
34.5 31.723
34.5 31.32
34.5 31.452
34.5 31.489
34.5 31.567
34.5 31.661
34.5 31.968
34.5 31.325
34.5 31.554
34.5 31.595
34.5 31.67
34.5 31.491
34.5 31.556
34.5 31.722
34.5 31.227
34.5 31.607
34.5 31.581
34.5 31.642
34.5 31.612
34.5 31.416
34.5 31.278
34.5 31.439
34.5 31.49
34.5 31.606
34.5 31.529
34.5 31.278
34.5 31.519
34.5 31.4
34.5 31.325
35.0 31.673
35.0 31.321
35.0 31.684
35.0 31.878
35.0 31.982
35.0 31.931
35.0 31.99
35.0 32.212
35.0 32.269
35.5 32.081
35.5 32.15
35.5 32.116
35.5 32.314
35.5 32.127
35.5 32.084
35.5 32.193
35.5 32.207
35.5 32.124
35.5 32.288
35.5 32.198
35.5 32.263
35.5 32.498
35.5 32.505
35.5 32.53
35.5 32.506
35.5 32.458
35.5 32.487
35.5 32.171
35.5 32.51
35.5 32.386
35.5 32.55
35.5 32.631
35.5 32.593
35.5 32.632
35.5 32.54
35.5 32.591
35.5 32.541
35.5 32.509
35.5 32.643
35.5 32.319
35.5 32.837
35.5 32.586
35.5 32.711
35.5 32.661
35.5 32.651
35.5 32.477
35.5 32.356
35.5 32.486
35.5 32.606
35.5 32.387
35.5 32.545
35.5 32.405
35.5 32.395
35.5 32.202
35.5 32.599
35.5 32.711
35.5 32.701
35.5 32.661
35.5 32.559
35.5 32.531
35.5 32.272
35.5 32.214
35.5 32.413
35.5 32.468
35.5 32.431
35.5 32.329
35.5 32.227
35.5 32.273
35.5 32.135
35.5 32.28
35.5 32.421
35.5 32.55
35.5 32.817
35.5 32.608
35.5 32.547
35.5 32.481
35.5 32.61
35.5 32.329
35.5 32.467
35.5 32.432
35.5 32.497
35.5 32.665
35.5 32.617
35.5 32.673
35.5 32.419
35.5 32.48
35.5 32.833
35.5 32.957
35.5 32.861
35.5 32.785
35.5 32.761
35.5 32.576
35.5 32.481
35.5 32.48
35.5 32.629
35.5 32.522
35.5 32.58
35.5 32.244
35.5 32.5
35.5 32.228
35.5 32.543
35.5 32.627
35.5 32.375
35.5 32.692
35.5 32.575
35.5 32.343
35.5 32.544
35.5 32.557
35.5 32.47
35.5 32.534
35.5 32.493
35.5 32.399
35.5 32.562
35.5 32.475
35.5 32.332
35.5 32.439
35.5 32.322
35.5 32.472
35.5 32.295
35.5 32.508
35.5 32.575
35.5 32.447
35.5 32.271
35.5 32.578
35.5 32.392
35.5 32.687
35.5 32.805
35.5 32.565
35.5 32.574
35.5 32.561
35.5 32.539
35.5 32.589
35.5 32.427
35.5 32.557
35.5 32.565
35.5 32.331
35.5 32.405
35.5 32.303
35.5 32.452
35.5 32.583
35.5 32.33
35.5 32.336
35.5 32.56
35.5 32.516
35.5 32.677
35.5 32.493
35.5 32.226
35.5 32.091
35.5 32.473
35.5 32.645
35.5 32.5
35.5 32.523
35.5 32.551
35.5 32.339
35.5 32.431
35.5 32.473
35.5 32.501
35.5 32.334
35.5 32.434
35.5 32.15
35.5 32.367
35.5 32.629
35.5 32.635
35.5 32.787
35.5 32.635
35.5 32.747
35.5 32.473
35.5 32.214
35.5 32.439
35.5 32.293
35.5 32.303
35.5 32.575
35.5 32.591
35.5 32.48
35.5 32.265
35.5 32.664
35.5 32.783
35.5 32.721
35.5 32.243
35.5 32.273
35.5 32.451
35.5 32.261
35.5 32.331
35.5 32.339
35.5 32.615
35.5 32.671
35.5 32.446
35.5 32.412
35.5 32.28
35.5 32.526
35.5 32.341
35.5 32.53
35.5 32.658
35.5 32.77
35.5 32.737
35.5 32.534
35.5 32.494
35.5 32.472
35.5 32.817
35.5 32.765
35.5 32.527
35.5 32.516
35.5 32.721
35.5 32.804
35.5 32.809
35.5 32.831
35.5 32.691
35.5 32.35
35.5 32.578
35.5 32.308
35.5 32.396
35.5 32.462
35.5 32.199
35.5 32.535
35.5 32.578
35.5 32.488
35.5 32.611
35.5 32.589
35.5 32.536
35.5 32.494
35.5 32.701
35.5 32.753
35.5 32.47
35.5 32.317
35.5 32.332
35.5 32.188
35.5 32.219
35.5 32.648
35.5 32.591
35.5 32.555
35.5 32.465
35.5 32.361
35.5 32.282
35.5 32.43
35.5 32.333
35.5 32.369
35.5 32.423
35.5 32.761
35.5 32.505
35.5 32.533
35.5 32.418
35.5 32.362
35.5 32.361
35.5 32.619
35.5 32.449
35.5 32.638
35.5 32.413
35.5 32.326
35.5 32.553
35.5 32.642
35.5 32.407
35.5 32.335
35.5 32.441
35.5 32.395
35.5 32.461
35.5 32.449
35.5 32.48
35.5 32.345
35.5 32.387
35.5 32.515
35.5 32.542
35.5 32.624
35.5 32.425
35.5 32.517
35.5 32.417
35.5 32.252
35.5 32.245
35.5 32.382
35.5 32.355
35.5 32.437
35.5 32.368
35.5 32.639
35.5 32.656
35.5 32.678
35.5 32.678
35.5 32.719
35.5 32.317
35.5 32.369
35.5 32.581
35.5 32.685
35.5 32.465
35.5 32.855
35.5 32.561
35.5 32.318
35.5 32.36
35.5 32.238
35.5 32.384
35.5 32.526
35.5 32.371
35.5 32.674
35.5 32.443
35.5 32.468
35.5 32.636
35.5 32.513
35.5 32.727
35.5 32.517
35.5 32.428
35.5 32.364
35.5 32.504
35.5 32.606
35.5 32.76
35.5 32.633
35.5 32.473
35.5 32.527
35.5 32.246
35.5 32.545
35.5 32.358
35.5 32.464
35.5 32.537
35.5 32.641
35.5 32.609
35.5 32.412
35.5 32.224
35.5 32.243
35.5 32.18
35.5 32.75
35.5 32.59
35.5 32.772
35.5 32.934
35.5 32.967
35.5 32.733
35.5 32.757
35.5 32.677
35.5 32.643
35.5 32.619
35.5 32.384
35.5 32.347
35.5 32.656
35.5 32.819
35.5 32.854
35.5 32.705
35.5 32.371
35.5 32.382
35.5 32.415
35.5 32.557
35.5 32.563
35.5 32.292
35.5 32.212
35.5 32.326
35.5 32.339
35.5 32.376
35.5 32.522
35.5 32.629
35.5 32.457
35.5 32.319
35.5 32.362
35.5 32.653
35.5 32.743
35.5 32.577
35.5 32.753
35.5 32.672
35.5 32.716
35.5 32.585
35.5 32.75
35.5 32.411
35.5 32.268
35.5 32.581
35.5 32.425
35.5 32.334
35.5 32.557
35.5 32.658
35.5 32.803
35.5 32.449
35.5 32.766
35.5 32.515
35.5 32.433
35.5 32.418
35.5 32.501
35.5 32.312
35.5 32.417
35.5 32.265
35.5 32.211
35.5 32.378
35.5 32.635
35.5 32.395
35.5 32.574
35.5 32.637
35.5 32.537
35.5 32.832
35.5 32.552
35.5 32.657
35.5 32.518
35.5 32.473
35.5 32.557
500
-40.0 -229.386
-36.5 -151.071
-10.0 -102.814
-3.0 -70.92
7.0 -48.503
11.5 -29.433
14.0 -15.033
19.0 -4.126
20.0 3.507
24.0 9.254
25.5 13.19
26.5 15.579
27.0 17.171
27.0 19.117
29.0 20.303
29.5 21.116
29.5 22.099
29.5 22.684
30.5 23.798
30.5 24.684
31.5 25.049
31.5 25.632
32.5 26.454
33.0 27.324
34.0 28.101
34.0 28.585
34.5 29.206
34.5 29.632
34.5 30.478
34.5 30.961
34.5 31.214
35.0 31.254
35.0 31.449
35.0 31.485
35.0 31.513
35.0 31.717
35.0 31.742
35.0 31.894
35.0 31.814
35.0 31.77
35.0 31.926
35.0 31.8
35.0 32.111
35.0 31.985
35.0 32.07
35.0 32.094
35.0 32.084
35.0 32.251
35.0 32.099
35.0 32.106
35.0 32.132
35.0 32.054
35.0 32.137
35.0 32.194
35.0 32.245
35.0 32.204
35.0 32.079
35.0 32.063
35.0 32.112
35.0 32.294
35.5 32.433
35.5 32.031
35.5 31.84
35.5 31.896
35.5 32.162
35.5 32.162
35.5 32.128
35.5 32.159
35.5 32.188
35.5 32.193
35.5 32.188
35.5 32.262
35.5 32.164
35.5 32.009
35.5 32.057
35.5 32.062
35.5 32.306
35.5 32.324
35.5 32.417
35.5 32.691
35.5 32.435
35.5 32.569
35.5 32.629
35.5 32.733
35.5 32.661
35.5 32.673
35.5 33.016
35.5 32.772
35.5 33.071
35.5 32.927
35.5 32.705
35.5 32.704
35.5 32.644
35.5 32.675
35.5 32.587
35.5 32.607
35.5 32.749
35.5 32.796
35.5 32.876
35.5 33.22
35.5 32.793
35.5 32.959
35.5 32.773
35.5 32.902
35.5 32.84
35.5 32.724
35.5 32.893
35.5 32.761
35.5 32.837
35.5 32.792
35.5 32.885
35.5 32.856
35.5 32.961
35.5 32.821
35.5 32.692
35.5 32.775
35.5 32.944
35.5 33.043
35.5 33.154
35.5 32.931
35.5 32.942
35.5 32.677
35.5 32.893
35.5 32.652
35.5 32.735
35.5 32.767
35.5 32.923
35.5 32.846
35.5 32.755
35.5 32.748
35.5 32.857
35.5 32.935
35.5 32.804
35.5 33.083
35.5 32.85
35.5 32.784
35.5 32.88
35.5 32.832
35.5 32.782
35.5 32.599
35.5 32.807
35.5 32.948
35.5 32.844
35.5 32.722
35.5 32.752
35.5 32.954
35.5 32.762
35.5 32.896
35.5 32.707
35.5 32.708
35.5 32.711
35.5 32.717
35.5 32.862
35.5 32.716
35.5 33.068
35.5 33.077
35.5 32.892
35.5 32.892
35.5 32.979
35.5 32.763
35.5 32.656
35.5 32.749
35.5 32.787
35.5 32.968
35.5 32.982
35.5 32.851
35.5 32.791
35.5 32.766
35.5 32.803
35.5 32.924
35.5 33.057
35.5 32.774
35.5 33.034
35.5 32.978
35.5 32.513
35.5 32.541
35.5 32.763
35.5 32.721
35.5 32.727
35.5 32.942
35.5 32.858
35.5 32.853
35.5 32.975
35.5 32.866
35.5 32.752
35.5 32.807
35.5 32.768
35.5 32.719
35.5 32.689
35.5 32.849
35.5 32.906
35.5 32.903
35.5 32.763
35.5 32.854
35.5 32.86
35.5 32.683
35.5 32.701
35.5 32.512
35.5 32.753
35.5 32.688
35.5 32.797
35.5 32.858
35.5 32.885
35.5 32.548
35.5 32.764
35.5 32.972
35.5 32.901
35.5 32.605
35.5 32.88
35.5 32.793
35.5 32.761
35.5 32.708
35.5 32.654
35.5 32.691
35.5 32.72
35.5 32.767
35.5 32.701
35.5 32.854
35.5 32.742
35.5 32.633
35.5 32.742
35.5 32.634
35.5 32.722
35.5 32.824
35.5 32.762
35.5 33.087
35.5 32.699
35.5 32.493
35.5 32.561
35.5 32.327
35.5 32.906
35.5 32.846
35.5 32.907
35.5 32.834
35.5 32.541
35.5 32.447
35.5 32.868
35.5 32.594
35.5 32.547
35.5 32.646
35.5 32.592
35.5 32.737
35.5 32.913
35.5 32.891
35.5 32.695
35.5 32.669
35.5 32.668
35.5 32.68
35.5 32.999
35.5 32.815
35.5 32.818
35.5 32.854
35.5 32.915
35.5 32.848
35.5 32.894
35.5 32.787
35.5 32.758
35.5 32.779
35.5 32.623
35.5 32.909
35.5 32.754
35.5 32.9
35.5 33.145
35.5 33.039
35.5 32.931
35.5 32.97
35.5 32.86
35.5 33.006
35.5 32.688
35.5 32.873
35.5 32.914
35.5 32.897
35.5 32.706
35.5 32.55
35.5 32.593
35.5 32.795
35.5 32.969
35.5 33.056
35.5 32.832
35.5 32.942
35.5 33.064
35.5 32.619
35.5 32.658
35.5 32.572
35.5 32.746
35.5 32.532
35.5 32.385
35.5 32.421
35.5 32.531
35.5 32.769
35.5 32.789
35.5 32.762
35.5 32.73
35.5 32.726
35.5 32.68
35.5 32.835
35.5 32.914
35.5 32.849
35.5 32.799
35.5 32.939
35.5 32.775
35.5 32.899
35.5 32.949
35.5 32.856
35.5 32.719
35.5 32.899
35.5 32.817
35.5 33.028
35.5 32.92
35.5 32.954
35.5 32.793
35.5 32.641
35.5 32.922
35.5 32.975
35.5 32.754
35.5 32.395
35.5 32.678
35.5 32.966
35.5 32.852
35.5 32.862
35.5 32.986
35.5 32.852
35.5 32.813
35.5 32.806
35.5 32.606
35.5 32.702
35.5 32.673
35.5 32.709
35.5 32.885
35.5 32.697
35.5 32.954
35.5 32.897
35.5 32.897
35.5 33.012
35.5 32.79
35.5 32.928
35.5 32.74
35.5 32.643
35.5 32.731
35.5 32.806
35.5 32.633
35.5 32.635
35.5 32.96
35.5 32.757
35.5 32.872
35.5 32.89
35.5 32.951
35.5 32.778
35.5 32.533
35.5 32.972
35.5 32.811
35.5 32.745
35.5 32.956
35.5 32.881
35.5 33.061
35.5 32.821
35.5 32.8
35.5 32.68
35.5 32.822
35.5 32.77
35.5 32.638
35.5 32.943
35.5 33.129
35.5 32.647
35.5 32.629
35.5 32.84
35.5 32.872
35.5 32.569
35.5 32.557
35.5 32.677
35.5 32.734
35.5 32.903
35.5 32.613
35.5 32.813
35.5 32.519
35.5 32.753
35.5 32.793
35.5 32.952
35.5 32.639
35.5 32.997
35.5 32.809
35.5 32.683
35.5 32.832
35.5 32.88
35.5 32.82
35.5 33.082
35.5 32.623
35.5 32.826
35.5 32.794
35.5 32.951
35.5 32.954
35.5 32.625
35.5 32.825
35.5 32.822
35.5 32.728
35.5 32.804
35.5 32.707
35.5 32.705
35.5 32.739
35.5 32.935
35.5 32.743
35.5 32.66
35.5 32.775
35.5 32.739
35.5 32.998
35.5 32.892
35.5 32.921
35.5 32.701
35.5 32.699
35.5 32.769
35.5 32.998
35.5 32.881
35.5 32.738
35.5 32.774
35.5 32.619
35.5 32.626
35.5 32.689
35.5 32.562
35.5 32.856
35.5 32.75
35.5 32.858
35.5 32.795
35.5 32.736
35.5 32.556
35.5 32.459
35.5 32.605
35.5 32.896
35.5 32.701
35.5 32.756
35.5 32.8
35.5 32.801
35.5 32.817
35.5 32.794
35.5 32.927
35.5 33.004
35.5 32.749
35.5 32.645
35.5 32.659
35.5 32.83
35.5 32.678
35.5 32.905
35.5 32.955
35.5 32.733
35.5 32.753
35.5 32.685
35.5 32.731
35.5 32.82
35.5 32.799
35.5 33.208
35.5 32.765
35.5 32.539
35.5 32.927
35.5 32.79
35.5 32.726
35.5 32.696
35.5 32.82
35.5 32.873
35.5 32.804
35.5 33.007
35.5 32.8
35.5 32.732
35.5 32.684
35.5 32.712
35.5 32.801
35.5 32.854
35.5 33.108
35.5 33.082
35.5 32.867
35.5 33.033
35.5 32.961
35.5 32.997
35.5 32.963
35.5 32.93
35.5 32.856
35.5 33.02
35.5 32.95
35.5 33.003
35.5 32.766
35.5 32.863
35.5 32.893
35.5 32.939
35.5 32.967
35.5 32.864
35.5 32.887
35.5 32.891
35.5 32.925
35.5 32.88
35.5 32.867
35.5 32.837
35.5 32.895
35.5 32.903
35.5 32.827
35.5 32.826
35.5 32.871
35.5 32.773
35.5 32.726
35.5 32.742
35.5 32.827
35.5 32.809
35.5 32.429
500
-21.0 -221.5
-21.0 -148.52
-21.0 -101.299
1.5 -69.632
1.5 -46.621
8.5 -29.859
11.0 -17.87
18.5 -7.311
23.5 0.591
23.5 5.803
23.5 10.612
23.5 13.596
26.0 16.423
26.0 18.531
28.0 19.999
28.0 21.225
28.0 22.189
28.0 22.762
29.0 23.429
30.0 24.038
31.0 24.76
31.0 25.634
31.0 26.377
31.5 26.98
32.0 27.583
32.5 27.886
33.5 28.276
33.5 28.763
33.5 29.118
34.0 29.353
34.0 29.675
34.0 30.143
34.0 30.261
34.5 30.686
34.5 30.734
35.0 31.072
35.0 31.21
35.0 31.163
35.0 31.411
35.5 31.567
35.5 31.842
35.5 32.048
35.5 32.275
36.0 32.345
36.0 32.172
36.0 32.311
36.0 32.6
36.0 32.656
36.0 32.765
36.0 32.607
36.0 32.561
36.0 32.668
36.0 32.921
36.0 32.789
36.0 32.641
36.0 33.136
36.0 33.061
36.0 32.936
36.0 33.161
36.0 33.183
36.0 33.03
36.0 32.932
36.0 33.076
36.0 32.759
36.0 32.645
36.0 32.655
36.0 32.365
36.0 32.627
36.0 32.891
36.0 32.981
36.0 32.953
36.0 33.12
36.0 32.651
36.0 32.578
36.0 32.664
36.0 32.767
36.0 32.666
36.0 32.836
36.0 32.8
36.0 32.811
36.0 32.958
36.0 32.853
36.0 33.047
36.0 32.763
36.0 32.701
36.0 32.768
36.0 32.955
36.0 32.889
36.0 33.342
36.0 32.989
36.0 33.199
36.0 33.224
36.0 33.018
36.0 32.918
36.0 33.06
36.0 33.215
36.0 33.397
36.0 32.952
36.0 33.126
36.0 33.178
36.0 32.809
36.0 32.912
36.0 32.746
36.0 32.682
36.0 32.864
36.0 32.967
36.0 33.112
36.0 32.959
36.0 32.822
36.0 32.842
36.0 32.874
36.0 32.528
36.0 32.749
36.0 32.979
36.0 33.121
36.0 33.082
36.0 33.005
36.0 33.169
36.0 33.155
36.0 33.203
36.0 33.039
36.0 33.01
36.0 32.985
36.0 32.872
36.0 32.704
36.0 32.914
36.0 32.906
36.0 33.092
36.0 33.041
36.0 32.864
36.0 32.806
36.0 32.586
36.0 32.734
36.0 32.562
36.0 33.037
36.0 32.849
36.0 32.701
36.0 33.01
36.0 33.043
36.0 32.842
36.0 32.813
36.0 32.658
36.0 33.096
36.0 33.009
36.0 32.675
36.0 32.911
36.0 32.961
36.0 32.88
36.0 32.961
36.0 32.665
36.0 32.918
36.0 32.885
36.0 32.908
36.0 32.817
36.0 33.071
36.0 33.109
36.0 32.911
36.0 33.126
36.0 33.028
36.0 32.909
36.0 33.046
36.0 32.912
36.0 33.025
36.0 32.676
36.0 32.843
36.0 33.239
36.0 33.085
36.0 32.799
36.0 33.144
36.0 32.828
36.0 33.024
36.0 32.888
36.0 32.59
36.0 32.922
36.0 32.956
36.0 32.983
36.0 32.923
36.0 32.508
36.0 32.939
36.0 33.247
36.0 33.265
36.0 33.143
36.0 32.97
36.0 32.909
36.0 33.078
36.0 33.321
36.0 33.088
36.0 33.333
36.0 33.145
36.0 32.864
36.0 33.049
36.0 32.938
36.0 32.92
36.0 32.858
36.0 33.03
36.0 32.842
36.0 32.783
36.0 32.844
36.0 32.928
36.0 32.791
36.0 32.891
36.0 32.932
36.0 33.01
36.0 33.208
36.0 32.783
36.0 32.805
36.0 33.126
36.0 32.804
36.0 32.971
36.0 33.088
36.0 33.008
36.0 32.761
36.0 32.941
36.0 33.162
36.0 33.032
36.0 32.775
36.0 33.006
36.0 33.124
36.0 33.078
36.0 32.49
36.0 32.64
36.0 32.614
36.0 32.606
36.0 32.678
36.0 32.989
36.0 32.839
36.0 32.867
36.0 32.89
36.0 32.782
36.0 32.896
36.0 32.762
36.0 32.86
36.0 33.025
36.0 32.776
36.0 32.866
36.0 32.837
36.0 33.036
36.0 32.83
36.0 32.967
36.0 32.786
36.0 32.624
36.0 32.78
36.0 33.069
36.0 32.725
36.0 32.954
36.0 32.801
36.0 32.79
36.0 33.096
36.0 33.037
36.0 32.953
36.0 32.953
36.0 32.931
36.0 33.011
36.0 32.749
36.0 32.786
36.0 32.996
36.0 33.081
36.0 33.187
36.0 33.053
36.0 32.906
36.0 32.898
36.0 33.05
36.0 32.836
36.0 33.144
36.0 32.796
36.0 32.889
36.0 33.14
36.0 32.979
36.0 32.899
36.0 33.096
36.0 32.944
36.0 33.11
36.0 33.121
36.0 33.131
36.0 33.029
36.0 33.022
36.0 32.954
36.0 33.087
36.0 32.918
36.0 32.912
36.0 32.953
36.0 32.98
36.0 32.828
36.0 32.889
36.0 32.919
36.0 33.149
36.0 32.803
36.0 32.97
36.0 33.189
36.0 33.196
36.0 33.035
36.0 32.874
36.0 32.546
36.0 32.763
36.0 33.001
36.0 32.932
36.0 32.989
36.0 33.217
36.0 32.928
36.0 32.803
36.0 33.122
36.0 33.152
36.0 33.011
36.0 32.712
36.0 32.705
36.0 32.877
36.0 32.809
36.0 32.69
36.0 32.888
36.0 32.669
36.0 32.875
36.0 32.76
36.0 32.991
36.0 32.95
36.0 32.804
36.0 33.02
36.0 32.939
36.0 32.602
36.0 32.864
36.0 32.931
36.0 32.981
36.0 33.031
36.0 33.126
36.0 32.983
36.0 33.008
36.0 32.778
36.0 32.922
36.0 32.813
36.0 32.739
36.0 32.644
36.0 33.152
36.0 32.927
36.0 32.957
36.0 33.01
36.0 32.977
36.0 32.93
36.0 32.822
36.0 32.938
36.0 32.722
36.0 33.042
36.0 32.932
36.0 32.968
36.0 32.981
36.0 33.079
36.0 32.822
36.0 32.872
36.0 32.936
36.0 32.808
36.0 32.832
36.0 32.817
36.0 32.734
36.0 33.054
36.0 32.882
36.0 33.072
36.0 33.007
36.0 33.068
36.0 33.121
36.0 33.155
36.0 33.233
36.0 32.837
36.0 33.092
36.0 32.915
36.0 32.954
36.0 33.072
36.0 32.945
36.0 32.956
36.0 32.626
36.0 32.988
36.0 32.812
36.0 32.956
36.0 32.878
36.0 32.875
36.0 32.821
36.0 32.875
36.0 32.692
36.0 32.65
36.0 32.861
36.0 32.752
36.0 32.836
36.0 33.026
36.0 32.838
36.0 32.819
36.0 32.87
36.0 32.964
36.0 32.967
36.0 32.935
36.0 32.856
36.0 32.805
36.0 32.906
36.0 32.716
36.0 32.75
36.0 32.732
36.0 32.792
36.0 32.804
36.0 32.807
36.0 32.904
36.0 33.026
36.0 32.811
36.0 32.804
36.0 33.195
36.0 32.995
36.0 32.97
36.0 32.926
36.0 32.911
36.0 32.818
36.0 32.821
36.0 32.979
36.0 32.813
36.0 32.646
36.0 32.713
36.0 32.764
36.0 32.879
36.0 33.011
36.0 32.761
36.0 33.028
36.0 32.971
36.0 32.975
36.0 32.76
36.0 32.66
36.0 33.094
36.0 32.771
36.0 33.064
36.0 32.861
36.0 32.846
36.0 32.768
36.0 33.046
36.0 32.941
36.0 33.19
36.0 32.946
36.0 32.88
36.0 32.641
36.0 32.755
36.0 32.82
36.0 32.739
36.0 32.64
36.0 32.758
36.0 32.885
36.0 32.965
36.0 32.944
36.0 33.187
36.0 32.878
36.0 32.864
36.0 33.018
36.0 32.85
36.0 33.029
36.0 32.993
36.0 33.248
36.0 33.009
36.0 32.965
36.0 32.744
36.0 32.729
36.0 32.743
36.0 32.782
36.0 33.065
36.0 32.899
36.0 33.159
36.0 33.362
36.0 33.02
36.0 33.037
36.0 33.232
36.0 32.662
36.0 32.699
36.0 32.74
36.0 32.568
36.0 32.856
36.0 33.0
36.0 33.304
36.0 33.143
36.0 32.838
36.0 32.972
36.0 32.828
36.0 32.968
36.0 32.662
36.0 32.909
36.0 32.929
36.0 32.998
36.0 32.949
36.0 32.981
36.0 33.207
36.0 33.1
36.0 32.7
36.0 32.75
36.0 33.047
36.0 32.869
36.0 33.005
36.0 33.135
36.0 32.948
36.0 32.776
36.0 33.1
36.0 33.214
36.0 33.033
36.0 32.726
36.0 32.689
36.0 32.338
36.0 32.751
36.0 33.14
36.0 33.17
36.0 33.171
36.0 32.846
36.0 32.804
500
-27.5 -234.226
-25.0 -152.238
-6.5 -101.685
-5.0 -68.913
14.5 -43.762
14.5 -23.759
23.0 -9.908
24.0 -0.21
24.5 7.408
26.0 13.409
27.5 17.784
27.5 20.014
27.5 20.791
28.5 21.781
28.5 22.859
29.0 23.748
30.0 24.094
30.0 24.483
30.0 25.04
31.5 25.626
32.5 26.042
32.5 26.218
33.0 26.519
33.5 27.282
34.5 27.643
34.5 28.185
34.5 28.763
34.5 29.427
34.5 29.913
34.5 30.328
35.0 30.752
35.0 30.97
35.5 30.985
35.5 31.071
35.5 31.306
35.5 31.45
35.5 31.861
35.5 32.022
35.5 32.276
35.5 32.253
35.5 32.298
35.5 32.571
35.5 32.54
35.5 32.349
35.5 32.53
35.5 32.677
36.0 32.575
36.0 32.611
36.0 32.402
36.0 32.787
36.0 32.756
36.0 32.893
36.0 32.983
36.5 32.888
36.5 32.95
36.5 33.083
36.5 33.005
36.5 33.415
36.5 33.536
36.5 33.649
36.5 33.799
36.5 33.313
36.5 33.462
36.5 33.511
36.5 33.661
36.5 33.82
36.5 33.861
36.5 33.812
36.5 33.605
36.5 33.689
36.5 33.64
36.5 33.375
36.5 33.549
36.5 33.63
36.5 33.67
36.5 33.521
36.5 33.276
36.5 33.561
36.5 33.479
36.5 33.351
36.5 33.584
36.5 33.888
36.5 33.677
36.5 33.858
36.5 33.625
36.5 33.784
36.5 33.962
36.5 33.804
36.5 33.878
36.5 33.777
36.5 33.536
36.5 33.847
36.5 33.936
36.5 33.886
36.5 33.826
36.5 33.858
36.5 33.985
36.5 33.712
36.5 33.883
36.5 33.559
36.5 33.762
36.5 33.734
36.5 33.672
36.5 33.599
36.5 33.601
36.5 33.749
36.5 33.904
36.5 33.884
36.5 33.784
36.5 33.57
36.5 33.717
36.5 33.757
36.5 33.541
36.5 33.642
36.5 33.812
36.5 33.626
36.5 34.061
36.5 33.687
36.5 33.801
36.5 33.613
36.5 33.536
36.5 33.431
36.5 33.451
36.5 33.729
36.5 33.862
36.5 33.701
36.5 33.603
36.5 33.76
36.5 33.842
36.5 33.851
36.5 33.777
36.5 33.79
36.5 33.58
36.5 33.563
36.5 33.898
36.5 33.893
36.5 33.917
36.5 33.656
36.5 33.597
36.5 33.452
36.5 33.488
36.5 33.647
36.5 33.635
36.5 33.731
36.5 33.815
36.5 33.559
36.5 33.497
36.5 33.554
36.5 33.656
36.5 33.694
36.5 33.666
36.5 33.818
36.5 33.9
36.5 33.488
36.5 33.9
36.5 33.635
36.5 33.632
36.5 33.719
36.5 33.631
36.5 33.529
36.5 33.78
36.5 33.608
36.5 33.505
36.5 33.621
36.5 33.617
36.5 33.827
36.5 33.566
36.5 33.642
36.5 33.847
36.5 33.482
36.5 33.595
36.5 33.784
36.5 33.799
36.5 33.574
36.5 33.829
36.5 33.75
36.5 33.843
36.5 33.742
36.5 33.562
36.5 33.692
36.5 33.355
36.5 33.555
36.5 33.604
36.5 33.599
36.5 33.69
36.5 33.798
36.5 33.63
36.5 33.905
36.5 33.617
36.5 33.41
36.5 33.571
36.5 33.681
36.5 33.68
36.5 33.702
36.5 33.677
36.5 33.912
36.5 33.822
36.5 33.742
36.5 33.838
36.5 34.011
36.5 33.886
36.5 33.494
36.5 33.713
36.5 33.503
36.5 33.502
36.5 33.545
36.5 33.587
36.5 33.652
36.5 33.499
36.5 33.476
36.5 33.661
36.5 33.622
36.5 33.736
36.5 33.814
36.5 33.934
36.5 33.868
36.5 33.663
36.5 33.627
36.5 33.844
36.5 33.865
36.5 33.92
36.5 33.461
36.5 33.545
36.5 33.494
36.5 33.712
36.5 33.66
36.5 33.881
36.5 33.635
36.5 33.719
36.5 33.668
36.5 33.621
36.5 33.577
36.5 33.628
36.5 33.723
36.5 33.595
36.5 33.798
36.5 33.549
36.5 33.638
36.5 33.735
36.5 33.694
36.5 33.901
36.5 33.575
36.5 33.488
36.5 33.53
36.5 33.684
36.5 33.542
36.5 33.857
36.5 33.933
36.5 33.87
36.5 33.928
36.5 33.776
36.5 33.894
36.5 33.769
36.5 34.06
36.5 33.947
36.5 33.893
36.5 33.543
36.5 33.7
36.5 33.719
36.5 33.626
36.5 33.877
36.5 33.718
36.5 33.737
36.5 33.848
36.5 33.617
36.5 33.55
36.5 33.735
36.5 33.821
36.5 33.757
36.5 33.657
36.5 33.657
36.5 33.685
36.5 33.766
36.5 33.579
36.5 33.5
36.5 33.54
36.5 33.715
36.5 33.574
36.5 33.515
36.5 33.78
36.5 33.585
36.5 33.618
36.5 33.833
36.5 33.69
36.5 33.588
36.5 33.756
36.5 33.896
36.5 33.65
36.5 33.812
36.5 33.632
36.5 33.589
36.5 33.94
36.5 33.934
36.5 33.943
37.0 33.875
37.0 33.803
37.0 33.642
37.0 33.702
37.0 33.581
37.0 33.779
37.0 33.67
37.0 33.651
37.0 33.636
37.0 33.534
37.0 33.69
37.0 33.682
37.0 33.638
37.0 33.835
37.0 33.964
37.0 34.253
37.0 33.789
37.0 34.022
37.0 34.008
37.0 34.216
37.0 33.877
37.0 33.994
37.0 34.045
37.0 34.128
37.0 34.038
37.0 34.258
37.0 34.301
37.0 34.122
37.0 33.805
37.0 33.936
37.0 34.032
37.0 33.893
37.0 34.159
37.0 34.195
37.0 34.128
37.0 33.812
37.0 33.729
37.0 33.956
37.0 33.961
37.0 34.235
37.0 34.031
37.0 34.117
37.0 34.001
37.0 34.097
37.0 34.169
37.0 34.397
37.0 34.228
37.0 33.993
37.0 33.974
37.0 33.905
37.0 33.844
37.0 33.818
37.0 33.83
37.0 33.918
37.0 33.75
37.0 33.831
37.0 34.084
37.0 34.093
37.0 33.956
37.0 34.201
37.5 34.16
37.5 34.077
37.5 33.86
37.5 33.816
37.5 33.622
37.5 33.678
37.5 33.568
37.5 33.653
37.5 33.893
37.5 34.021
37.5 34.218
37.5 34.139
37.5 33.982
37.5 33.975
37.5 33.959
37.5 34.655
37.5 34.564
37.5 34.619
37.5 34.558
37.5 34.553
37.5 34.665
37.5 34.654
37.5 34.929
37.5 35.019
37.5 35.098
37.5 34.655
37.5 34.768
37.5 34.699
37.5 34.735
37.5 34.72
37.5 34.69
37.5 34.642
37.5 34.84
37.5 34.633
37.5 34.724
37.5 34.76
37.5 34.755
37.5 34.498
37.5 34.533
37.5 34.563
37.5 34.502
37.5 34.825
37.5 34.669
37.5 34.645
37.5 34.703
37.5 34.639
37.5 34.641
37.5 34.409
37.5 34.848
37.5 34.845
37.5 34.711
37.5 34.658
37.5 34.973
37.5 34.582
37.5 34.636
37.5 34.824
37.5 34.389
37.5 34.705
37.5 34.63
37.5 34.488
37.5 34.571
37.5 34.652
37.5 34.573
37.5 34.684
37.5 34.609
37.5 34.677
37.5 34.554
37.5 34.54
37.5 34.889
37.5 34.761
37.5 34.698
37.5 34.749
37.5 34.796
37.5 34.812
37.5 34.707
37.5 34.569
37.5 34.521
37.5 34.808
37.5 34.904
37.5 34.731
37.5 34.673
37.5 34.689
37.5 34.904
37.5 34.605
37.5 34.557
37.5 34.567
37.5 34.679
37.5 34.38
37.5 34.611
37.5 34.829
37.5 34.444
37.5 34.895
37.5 34.542
37.5 34.727
37.5 34.544
37.5 34.73
37.5 34.414
37.5 34.672
37.5 34.804
37.5 34.74
37.5 34.637
37.5 34.954
37.5 34.577
37.5 34.652
37.5 34.734
37.5 35.089
37.5 34.689
37.5 34.578
37.5 34.65
37.5 34.701
37.5 34.794
37.5 34.864
37.5 34.8
37.5 34.741
37.5 34.519
37.5 34.609
37.5 34.841
37.5 34.824
37.5 35.004
37.5 35.013
37.5 34.713
37.5 34.563
37.5 34.815
37.5 34.527
37.5 34.46
37.5 34.694
37.5 34.81
37.5 34.684
37.5 34.997
37.5 34.674
37.5 34.605
37.5 34.46
37.5 34.786
37.5 34.808
37.5 34.857
37.5 34.844
37.5 34.914
37.5 34.814
37.5 34.569
37.5 34.454
37.5 34.717
37.5 34.845
37.5 34.933
37.5 34.773
37.5 34.849
37.5 34.942
500
-55.0 -232.617
-31.0 -151.54
-10.0 -104.279
-7.5 -69.803
-2.0 -49.099
10.0 -31.777
10.0 -18.73
14.0 -7.786
20.5 -0.654
22.5 5.957
23.0 10.955
24.0 13.71
25.0 16.846
27.5 18.685
27.5 19.705
28.5 20.661
28.5 21.624
28.5 22.096
29.0 22.96
29.0 23.48
30.0 23.657
30.0 24.281
31.0 24.858
31.0 25.663
31.5 26.282
32.0 26.729
32.5 27.279
32.5 27.563
33.0 27.773
33.5 28.312
33.5 28.59
33.5 29.163
33.5 29.437
34.0 29.834
34.0 30.147
34.0 30.414
34.0 30.737
34.5 31.02
34.5 30.832
34.5 30.99
34.5 31.253
34.5 31.246
34.5 31.334
34.5 31.235
34.5 31.385
34.5 31.418
34.5 31.566
34.5 31.297
34.5 31.27
34.5 31.406
34.5 31.409
34.5 31.71
34.5 31.69
34.5 31.38
34.5 31.681
34.5 31.552
34.5 31.512
34.5 31.559
34.5 31.455
34.5 31.356
34.5 31.619
34.5 31.498
34.5 31.491
34.5 31.545
34.5 31.491
34.5 31.571
34.5 31.695
34.5 31.372
34.5 31.216
34.5 31.233
34.5 31.4
34.5 31.629
34.5 31.418
34.5 31.772
34.5 31.618
34.5 31.736
34.5 31.53
34.5 31.566
34.5 31.384
34.5 31.559
34.5 31.746
34.5 31.598
34.5 31.555
34.5 31.72
34.5 31.474
34.5 31.404
34.5 31.603
34.5 31.332
34.5 31.242
34.5 31.141
34.5 31.429
34.5 31.574
34.5 31.894
34.5 31.753
34.5 31.576
34.5 31.719
34.5 31.767
34.5 31.626
34.5 31.654
34.5 31.636
34.5 31.348
34.5 31.539
34.5 31.522
34.5 31.247
34.5 31.586
34.5 31.662
34.5 31.875
34.5 32.085
34.5 31.602
34.5 31.641
34.5 31.904
34.5 31.658
34.5 31.713
34.5 31.504
34.5 31.531
34.5 31.528
34.5 31.775
34.5 31.602
34.5 31.521
34.5 31.52
34.5 31.677
34.5 31.635
34.5 31.498
34.5 31.573
34.5 31.318
34.5 31.525
34.5 31.455
34.5 31.49
34.5 31.57
34.5 31.623
34.5 31.605
34.5 31.53
34.5 31.42
34.5 31.657
34.5 31.63
34.5 31.645
34.5 31.558
34.5 31.599
34.5 31.591
34.5 31.434
34.5 31.438
34.5 31.627
34.5 31.449
34.5 31.558
34.5 31.601
34.5 31.764
34.5 31.655
34.5 31.332
34.5 31.572
34.5 31.666
34.5 31.675
34.5 31.706
34.5 31.531
34.5 31.749
34.5 31.603
34.5 31.633
34.5 31.595
34.5 31.611
34.5 31.402
34.5 31.628
34.5 31.368
34.5 31.227
34.5 31.197
34.5 31.476
34.5 31.51
34.5 31.565
34.5 31.472
34.5 31.698
34.5 31.692
34.5 31.625
34.5 31.521
34.5 31.728
34.5 31.372
34.5 31.498
34.5 31.583
34.5 31.373
34.5 31.22
34.5 31.329
34.5 31.289
34.5 31.552
34.5 31.697
34.5 31.46
34.5 31.597
34.5 31.73
34.5 31.572
34.5 31.451
34.5 31.415
34.5 31.095
34.5 31.254
34.5 31.344
34.5 31.42
34.5 31.175
34.5 31.37
34.5 31.364
34.5 31.496
34.5 31.674
34.5 31.779
34.5 31.574
34.5 31.668
34.5 31.688
34.5 31.342
34.5 31.53
34.5 31.698
34.5 31.642
34.5 31.77
34.5 31.433
34.5 31.35
34.5 31.372
35.0 31.509
35.0 31.636
35.0 31.689
35.0 31.563
35.0 31.699
35.0 31.734
35.0 31.616
35.0 31.596
35.0 31.286
35.0 31.731
35.0 31.866
35.0 31.885
35.0 31.886
35.0 31.784
35.0 31.824
35.0 31.855
35.0 31.967
35.0 31.773
35.0 31.349
35.0 31.562
35.0 31.82
35.0 31.831
35.0 31.74
35.0 32.144
35.0 31.923
35.0 31.67
35.0 32.067
35.0 32.173
35.0 31.812
35.0 32.169
35.0 32.195
35.0 31.965
35.0 31.685
35.0 31.838
35.0 31.671
35.0 31.738
35.0 31.708
35.0 31.94
35.0 32.121
35.0 31.879
35.0 31.733
35.0 31.718
35.0 31.838
35.0 31.579
35.0 32.109
35.0 31.84
35.0 32.071
35.0 32.14
35.0 31.81
35.0 31.769
35.0 31.835
35.0 31.848
35.0 31.928
35.0 31.452
35.0 31.61
35.0 31.84
35.0 32.074
35.0 32.274
35.0 31.991
35.0 31.796
35.0 31.789
35.0 31.955
35.0 31.917
35.0 32.218
35.0 32.105
35.0 31.959
35.0 32.017
35.0 31.986
35.0 31.899
35.0 31.726
35.0 31.564
35.0 31.623
35.0 31.822
35.0 31.799
35.0 31.572
35.0 31.738
35.0 31.81
35.0 31.879
35.0 31.915
35.0 32.018
35.0 31.862
35.0 31.7
35.0 31.639
35.0 31.636
35.0 31.803
35.0 31.715
35.0 31.972
35.0 31.922
35.0 31.809
35.0 31.535
35.0 31.755
35.0 31.672
35.0 31.657
35.0 31.851
35.0 31.704
35.0 32.07
35.0 31.978
35.0 31.893
35.0 31.833
35.0 31.63
35.0 31.286
35.0 31.654
35.0 31.657
35.0 31.718
35.0 31.741
35.0 31.776
35.0 31.775
35.0 31.982
35.0 31.935
35.0 31.665
35.0 31.501
35.0 31.769
35.0 31.933
35.0 32.075
35.0 31.756
35.0 31.911
35.0 31.909
35.0 31.809
35.0 31.919
35.0 32.01
35.0 32.236
35.0 32.027
35.0 31.884
35.0 31.973
35.0 31.884
35.0 31.853
35.0 31.773
35.0 31.698
35.0 31.71
35.0 31.764
35.0 32.071
35.0 31.777
35.0 31.869
35.0 31.796
35.0 31.608
35.0 31.523
35.0 31.783
35.0 31.616
35.0 31.738
35.0 31.814
35.0 32.021
35.0 31.914
35.0 31.845
35.0 31.679
35.0 31.778
35.0 31.886
35.0 31.723
35.0 32.133
35.0 31.889
35.0 31.762
35.0 31.906
35.0 31.736
35.0 32.09
35.0 31.789
35.0 31.726
35.0 31.687
35.0 31.988
35.0 32.015
35.0 32.129
35.0 32.049
35.0 31.884
35.0 32.054
35.0 32.065
35.0 31.755
35.0 31.498
35.0 31.578
35.0 31.825
35.0 31.516
35.0 31.723
35.0 31.771
35.0 31.622
35.0 31.606
35.0 32.091
35.0 31.834
35.0 32.167
35.0 32.125
35.0 31.919
35.0 32.011
35.0 31.929
35.0 32.092
35.0 31.8
35.0 31.759
35.0 31.771
35.0 31.808
35.0 32.111
35.0 32.161
35.0 31.982
35.0 31.763
35.0 31.858
35.0 31.853
35.0 31.708
35.0 31.571
35.0 31.742
35.0 31.639
35.0 31.927
35.0 31.747
35.0 31.324
35.0 31.57
35.0 31.601
35.0 31.525
35.0 31.471
35.0 31.862
35.0 31.811
35.0 32.198
35.0 32.129
35.0 31.855
35.0 31.744
35.0 31.739
35.0 31.571
35.0 31.756
35.0 31.843
35.0 31.645
35.0 31.849
35.0 31.645
35.0 31.698
35.0 31.608
35.0 31.737
35.0 31.809
35.0 31.962
35.0 31.868
35.0 31.814
35.0 31.871
35.0 31.946
35.0 31.978
35.0 31.752
35.0 31.893
35.0 31.637
35.0 31.72
35.0 31.932
35.0 32.042
35.0 31.984
35.0 31.895
35.0 31.765
35.0 32.166
35.0 31.845
35.0 32.064
35.0 32.02
35.0 31.771
35.0 31.88
35.0 31.637
35.0 31.717
35.0 31.816
35.0 31.939
35.0 31.911
35.0 31.982
35.0 31.97
35.0 31.885
35.0 31.836
35.0 32.095
35.0 31.797
35.0 31.986
35.0 32.013
35.0 31.694
35.0 31.836
35.0 31.771
35.0 31.945
35.0 32.169
35.0 31.994
35.0 31.996
35.0 32.094
35.0 31.923
35.0 31.736
35.0 31.74
35.0 31.862
35.0 31.673
35.0 31.824
35.0 31.689
35.0 31.735
35.0 31.686
35.0 31.835
35.0 31.673
35.0 31.93
35.0 31.862
35.0 31.848
35.0 31.916
35.0 31.758
35.0 31.774
35.0 31.614
35.0 31.88
35.0 31.853
35.0 32.003
35.0 31.823
35.0 31.987
35.0 32.018
35.0 31.635
35.0 31.749
35.0 31.765
35.0 31.998
35.0 32.022
35.0 31.98
35.0 32.027
35.0 32.004

Individual: [1, 2, 5, 7, 10, 14, 16, 20, 28, 29, 32, 34, 37, 41, 65, 70, 71, 74, 76, 79, 86, 91, 92, 95, 97, 100]
   Fitness: 39.0
     Total: 26
Violations: 0 0

Individual: [1, 6, 7, 12, 21, 24, 25, 31, 33, 34, 39, 40, 52, 63, 69, 78, 81, 82, 85, 90, 91, 94, 96, 100]
   Fitness: 35.0
     Total: 24
Violations: 1 1

Individual: [2, 3, 5, 9, 10, 11, 14, 28, 30, 33, 34, 37, 39, 43, 62, 70, 73, 74, 79, 80, 82, 88, 92, 93, 95, 99, 100]
   Fitness: 37.5
     Total: 27
Violations: 3 3

Individual: [1, 2, 6, 7, 9, 19, 20, 22, 23, 28, 30, 56, 60, 65, 66, 68, 69, 79, 83, 85, 86, 88, 94, 95, 96, 99]
   Fitness: 38.0
     Total: 26
Violations: 1 1

Individual: [3, 6, 8, 11, 12, 15, 17, 20, 30, 32, 33, 38, 39, 41, 42, 75, 77, 78, 82, 83, 85, 90, 94, 96, 99, 100]
   Fitness: 36.0
     Total: 26
Violations: 3 3

Individual: [3, 4, 10, 14, 15, 19, 21, 22, 33, 36, 37, 42, 43, 46, 66, 78, 79, 84, 85, 87, 93, 94, 97, 98, 100]
   Fitness: 35.5
     Total: 25
Violations: 2 2

Individual: [1, 3, 4, 6, 10, 12, 22, 24, 27, 28, 29, 35, 39, 65, 70, 71, 78, 80, 83, 87, 92, 93, 97, 98, 100]
   Fitness: 35.5
     Total: 25
Violations: 2 2

Individual: [3, 4, 7, 12, 13, 15, 16, 24, 30, 33, 34, 37, 39, 43, 68, 72, 77, 78, 80, 85, 89, 91, 94, 95, 96, 100]
   Fitness: 36.0
     Total: 26
Violations: 3 3

Individual: [2, 3, 6, 8, 11, 12, 24, 26, 27, 31, 33, 34, 68, 69, 71, 75, 76, 78, 86, 89, 90, 93, 95, 98, 99]
   Fitness: 37.5
     Total: 25
Violations: 0 0

Individual: [4, 5, 7, 8, 15, 18, 20, 27, 30, 31, 37, 38, 41, 48, 63, 72, 73, 79, 82, 84, 87, 93, 94, 97, 98, 100]
   Fitness: 35.0
     Total: 26
Violations: 4 4
