10
500
-47.0 -238.362
-39.5 -152.243
-20.0 -125.506
-2.5 -113.318
0.5 -95.588
10.0 -71.442
14.5 -68.825
14.5 -54.703
14.5 -45.854
15.5 -37.73
20.0 -33.895
21.5 -24.386
21.5 -25.761
21.5 -26.907
23.5 -25.836
23.5 -22.913
23.5 -19.737
25.0 -17.228
25.0 -16.346
25.0 -12.468
25.0 -15.362
25.0 -13.229
25.0 -11.472
25.0 -11.55
25.0 -11.09
25.0 -11.929
25.0 -15.27
25.0 -12.992
25.0 -13.004
25.0 -8.002
25.0 -10.185
25.0 -13.714
25.0 -10.298
25.0 -10.54
25.0 -12.396
25.0 -7.314
25.0 -8.739
26.0 -13.151
26.0 -5.814
26.0 -6.625
26.0 -8.902
26.0 -12.577
26.0 -8.432
26.0 -11.677
26.0 -15.097
26.0 -12.476
26.0 -13.69
26.0 -9.501
26.0 -11.636
26.0 -11.444
26.0 -12.606
26.0 -6.988
26.0 -8.185
26.0 -11.275
26.0 -11.055
26.0 -9.491
26.0 -13.46
26.0 -8.761
26.0 -10.799
26.0 -12.41
26.5 -9.106
26.5 -5.29
26.5 -6.68
26.5 -5.48
28.5 -8.81
28.5 -7.596
29.5 -8.194
29.5 -9.657
29.5 -4.478
29.5 -5.957
29.5 -7.767
29.5 -10.388
29.5 -9.241
29.5 -8.454
29.5 -4.283
29.5 -3.644
29.5 -4.974
29.5 -7.352
29.5 -7.109
29.5 -7.639
29.5 -9.422
29.5 -12.868
29.5 -8.546
29.5 -8.478
29.5 -3.138
29.5 -1.498
29.5 -5.643
29.5 -4.474
29.5 -7.731
29.5 -8.053
29.5 -8.863
29.5 -11.678
29.5 -7.195
29.5 -7.501
29.5 -7.91
30.0 -6.275
30.0 -2.631
30.5 -0.717
30.5 -10.775
30.5 -7.331
30.5 -6.289
30.5 -4.774
30.5 -5.45
30.5 -8.432
30.5 -9.56
30.5 -6.728
30.5 -9.048
30.5 -7.734
30.5 -7.592
30.5 -13.151
30.5 -7.611
30.5 -3.17
30.5 -9.631
30.5 -5.449
30.5 -8.143
30.5 -2.725
30.5 -5.36
30.5 -4.659
30.5 -11.412
30.5 -3.751
30.5 -8.521
30.5 -8.701
30.5 -9.373
30.5 -7.143
30.5 -12.066
30.5 -11.826
30.5 -6.532
30.5 -5.601
31.5 -7.497
31.5 -6.685
31.5 -10.026
31.5 -11.008
31.5 -5.081
31.5 -3.394
31.5 -2.799
31.5 -8.606
31.5 -1.865
31.5 -4.197
31.5 -3.647
31.5 -13.151
31.5 -3.441
31.5 -7.649
31.5 -2.814
31.5 -7.158
31.5 -1.405
31.5 -5.282
31.5 -7.874
31.5 -8.261
31.5 -6.039
31.5 -6.003
31.5 -7.148
31.5 -9.258
31.5 -10.938
31.5 -12.545
31.5 -14.968
31.5 -16.467
31.5 -14.87
31.5 -11.641
31.5 -10.137
31.5 -12.227
31.5 -7.474
31.5 -6.971
31.5 -7.364
33.5 -8.231
33.5 -5.669
33.5 -4.231
33.5 -3.979
33.5 -9.317
33.5 -7.748
33.5 -7.163
33.5 -6.0
33.5 -5.767
33.5 -6.283
33.5 -9.905
33.5 -13.2
33.5 -9.769
33.5 -10.835
33.5 -12.669
33.5 -8.008
33.5 -7.127
33.5 -6.92
33.5 -3.234
33.5 -5.004
33.5 -5.224
33.5 -8.06
33.5 -4.196
33.5 -2.236
33.5 -6.161
33.5 -8.726
33.5 -3.079
33.5 -7.411
33.5 -5.278
33.5 -3.366
33.5 -6.584
33.5 -9.908
33.5 -8.224
33.5 -3.898
33.5 -8.542
33.5 -2.303
33.5 -8.337
33.5 -12.761
33.5 -8.329
33.5 -8.774
33.5 -4.997
33.5 -2.0
33.5 -8.584
33.5 -5.574
33.5 -7.402
33.5 -9.263
33.5 -6.046
33.5 -9.423
33.5 -7.016
33.5 -8.342
33.5 -8.074
33.5 -7.839
33.5 -8.804
33.5 -9.56
33.5 -7.535
33.5 -8.448
33.5 -7.222
33.5 -7.754
33.5 -8.392
33.5 -9.99
33.5 -1.361
33.5 -7.002
33.5 -8.367
33.5 -8.96
33.5 -2.89
33.5 -2.528
33.5 -7.021
33.5 -2.391
33.5 -3.835
33.5 -3.515
33.5 -9.153
33.5 -4.588
33.5 -3.552
33.5 -11.928
33.5 -11.855
33.5 -5.308
33.5 -6.3
33.5 -7.333
33.5 -5.621
33.5 -6.668
33.5 -10.895
33.5 -8.013
33.5 -5.443
33.5 -2.64
33.5 -9.612
33.5 -6.212
33.5 -8.217
33.5 -7.818
33.5 -5.202
33.5 -6.702
33.5 -4.927
33.5 -9.271
33.5 -3.014
33.5 -6.326
33.5 -8.026
33.5 -3.986
33.5 -11.135
33.5 -10.579
33.5 -11.655
33.5 -8.332
33.5 -6.088
33.5 -8.836
33.5 -4.967
33.5 -11.502
33.5 -12.462
33.5 -6.417
33.5 -6.238
33.5 -2.915
33.5 -3.202
33.5 -6.511
33.5 -6.844
33.5 -4.134
33.5 -6.578
33.5 -6.642
33.5 -8.842
33.5 -10.216
33.5 -10.095
33.5 -10.204
33.5 -6.702
33.5 -6.81
33.5 -8.852
33.5 -3.325
33.5 -6.747
33.5 -2.428
33.5 -6.78
33.5 -8.023
33.5 -8.933
33.5 -8.825
33.5 -10.458
33.5 -12.095
33.5 -7.965
33.5 -5.915
33.5 -3.808
33.5 -8.341
33.5 -6.35
33.5 -7.505
33.5 -9.054
33.5 -7.221
33.5 -9.116
33.5 -8.183
33.5 -6.327
33.5 -9.056
33.5 -8.409
33.5 -10.997
33.5 -8.061
33.5 -5.927
33.5 -7.231
33.5 -7.847
33.5 -12.377
33.5 -6.758
33.5 -8.837
33.5 -10.625
33.5 -12.302
33.5 -13.123
33.5 -7.577
33.5 -6.744
33.5 -7.199
33.5 -9.795
33.5 -2.748
33.5 -8.62
33.5 -14.846
33.5 -12.931
33.5 -13.223
33.5 -12.766
33.5 -12.586
33.5 -11.068
33.5 -5.638
33.5 -6.605
33.5 -9.11
33.5 -13.406
33.5 -13.927
33.5 -15.623
33.5 -11.914
33.5 -6.417
33.5 -10.649
33.5 -7.703
33.5 -7.691
33.5 -9.716
33.5 -13.027
33.5 -11.986
33.5 -7.312
33.5 -10.102
33.5 -6.942
33.5 -7.221
33.5 -9.508
33.5 -8.302
33.5 -12.195
33.5 -7.526
33.5 -4.382
33.5 -8.233
33.5 -9.698
33.5 -11.688
33.5 -6.771
33.5 -5.567
33.5 -8.328
33.5 -8.515
33.5 -9.704
33.5 -11.477
33.5 -14.156
33.5 -13.009
33.5 -9.622
33.5 -6.549
33.5 -13.767
33.5 -12.341
33.5 -14.256
33.5 -9.131
33.5 -13.975
33.5 -15.797
33.5 -8.979
33.5 -10.532
33.5 -11.505
33.5 -9.156
33.5 -6.76
33.5 -8.763
33.5 -7.016
33.5 -7.981
33.5 -14.47
33.5 -13.752
33.5 -12.329
33.5 -9.383
33.5 -11.532
33.5 -7.75
33.5 -11.151
33.5 -9.866
33.5 -10.222
33.5 -12.214
33.5 -3.552
33.5 -7.183
33.5 -8.807
33.5 -5.97
33.5 -7.966
33.5 -6.499
33.5 -7.464
33.5 -9.324
33.5 -7.586
33.5 -7.085
33.5 -6.588
33.5 -10.587
33.5 -3.971
33.5 -11.114
33.5 -11.033
33.5 -7.524
33.5 -13.223
33.5 -13.754
33.5 -10.24
33.5 -11.245
33.5 -6.902
33.5 -9.699
33.5 -7.194
33.5 -6.181
33.5 -7.363
33.5 -4.685
33.5 -5.854
33.5 -6.751
33.5 -13.925
33.5 -8.433
33.5 -16.553
33.5 -13.46
33.5 -11.932
33.5 -9.72
33.5 -7.533
33.5 -8.713
33.5 -7.741
33.5 -8.09
33.5 -16.192
33.5 -13.268
33.5 -8.333
33.5 -9.665
33.5 -11.423
33.5 -8.782
33.5 -8.489
33.5 -4.505
33.5 -8.031
33.5 -9.653
33.5 -16.295
33.5 -9.844
33.5 -10.371
33.5 -9.939
33.5 -19.731
33.5 -9.428
33.5 -6.611
33.5 -14.683
33.5 -9.45
33.5 -7.043
33.5 -5.865
33.5 -7.716
33.5 -9.056
33.5 -11.353
33.5 -4.458
33.5 -6.449
33.5 -7.806
33.5 -6.391
33.5 -5.584
33.5 -8.543
33.5 -10.657
33.5 -10.693
33.5 -11.282
33.5 -10.571
33.5 -11.767
33.5 -9.87
33.5 -11.923
33.5 -6.781
33.5 -8.389
33.5 -9.091
33.5 -10.0
33.5 -12.219
33.5 -8.626
33.5 -8.903
33.5 -9.505
33.5 -11.915
33.5 -10.386
33.5 -10.709
33.5 -10.202
33.5 -8.73
33.5 -12.839
33.5 -12.58
33.5 -7.416
33.5 -6.504
33.5 -5.187
33.5 -7.577
33.5 -2.56
33.5 -12.683
33.5 -9.824
33.5 -11.258
33.5 -13.093
33.5 -7.226
33.5 -2.856
33.5 -2.921
33.5 -12.175
33.5 -11.284
33.5 -12.766
33.5 -10.158
33.5 -3.866
33.5 -7.994
33.5 -12.956
33.5 -14.79
33.5 -11.93
500
-27.5 -232.616
-20.0 -145.659
-8.5 -113.652
-0.5 -90.48
8.0 -70.316
14.5 -57.126
18.0 -44.462
21.0 -41.91
21.0 -36.019
21.5 -29.245
21.5 -23.767
23.0 -20.657
23.0 -15.952
23.5 -17.287
24.5 -13.008
24.5 -10.319
24.5 -13.137
24.5 -10.133
25.0 -11.938
25.0 -11.645
25.0 -11.274
25.5 -12.676
25.5 -5.321
25.5 -5.982
25.5 -10.909
25.5 -13.182
25.5 -9.175
25.5 -5.479
26.0 -5.587
26.0 -10.051
28.0 -8.514
28.0 -5.971
28.0 -9.206
28.0 -6.53
28.0 -6.949
28.0 -9.252
29.0 -6.444
29.0 -8.143
29.0 -7.331
29.0 -4.934
29.0 -9.178
29.0 -7.608
29.0 -10.498
29.0 -12.301
29.0 -8.328
29.0 -12.838
29.0 -7.613
29.0 -9.326
29.0 -9.89
29.0 -10.569
29.0 -10.238
29.0 -8.976
29.0 -11.598
29.0 -8.624
29.0 -7.628
29.0 -9.93
29.0 -5.633
29.0 -9.167
29.0 -9.446
29.0 -6.769
29.0 -8.825
29.0 -10.235
29.0 -13.705
29.0 -6.546
29.0 -6.44
29.0 -11.583
29.0 -11.433
29.0 -8.97
29.0 -11.407
29.0 -12.973
29.0 -11.136
29.0 -9.613
29.0 -8.619
29.0 -6.034
29.0 -11.33
29.0 -10.213
29.0 -10.703
29.0 -10.485
29.0 -11.814
29.0 -10.741
29.0 -7.643
29.0 -12.834
29.0 -11.766
29.0 -9.514
29.0 -15.573
29.0 -12.005
29.0 -8.163
29.0 -14.878
29.0 -7.636
29.0 -11.253
29.0 -10.448
29.0 -7.405
29.0 -7.496
29.0 -8.598
29.0 -8.822
29.0 -6.318
29.0 -9.183
30.0 -8.894
30.0 -10.056
30.0 -6.753
30.0 -6.009
30.0 -11.235
30.0 -8.731
30.0 -10.607
30.0 -10.663
30.0 -14.81
30.0 -9.514
30.0 -11.867
30.0 -9.248
30.0 -10.846
30.0 -13.977
30.0 -16.145
30.0 -13.078
30.0 -11.712
30.0 -8.831
30.0 -16.092
30.0 -16.965
30.0 -14.788
30.0 -12.087
30.0 -10.473
30.0 -8.812
30.0 -7.571
30.0 -8.134
30.0 -7.536
30.0 -7.947
30.0 -8.621
30.0 -8.069
30.0 -15.291
30.0 -11.507
30.0 -13.391
30.0 -13.167
30.0 -12.484
30.0 -10.776
30.0 -7.556
30.0 -13.241
30.0 -12.877
30.0 -9.736
30.0 -15.094
30.0 -11.129
30.0 -9.833
30.0 -3.532
30.0 -10.502
30.0 -6.61
30.0 -10.931
30.0 -8.637
30.0 -11.73
30.0 -8.308
30.0 -10.418
30.0 -9.292
30.0 -11.031
30.0 -5.845
30.0 -7.309
30.0 -6.508
30.0 -6.183
30.0 -4.379
30.0 -7.809
30.0 -8.07
30.0 -11.232
30.0 -12.885
30.0 -9.662
30.0 -11.511
30.0 -8.444
30.0 -4.147
30.0 -8.21
30.0 -7.902
30.0 -10.064
30.0 -13.128
30.0 -6.43
30.5 -8.192
30.5 -15.362
30.5 -9.373
30.5 -9.626
30.5 -8.64
30.5 -9.308
30.5 -11.526
30.5 -7.961
30.5 -8.848
30.5 -8.53
30.5 -11.184
30.5 -12.539
30.5 -11.674
30.5 -10.525
30.5 -11.425
30.5 -10.739
30.5 -12.781
30.5 -10.874
30.5 -7.391
30.5 -7.415
30.5 -10.894
30.5 -7.676
30.5 -7.06
31.5 -8.076
31.5 -10.9
31.5 -15.3
31.5 -11.227
31.5 -9.856
31.5 -7.882
31.5 -5.414
31.5 -11.555
31.5 -10.769
31.5 -13.819
31.5 -10.182
31.5 -9.211
31.5 -5.437
31.5 -11.157
31.5 -8.589
31.5 -10.393
31.5 -7.371
31.5 -6.155
31.5 -7.458
31.5 -7.801
31.5 -6.016
31.5 -4.331
31.5 -7.825
31.5 -8.92
31.5 -5.281
31.5 -4.663
31.5 -1.725
31.5 -5.081
31.5 -5.833
31.5 -6.539
31.5 -9.289
31.5 -6.68
31.5 -7.677
31.5 -13.824
31.5 -14.611
31.5 -12.508
31.5 -9.277
31.5 -11.536
31.5 -9.005
31.5 -8.154
31.5 -8.293
31.5 -8.586
31.5 -8.086
31.5 -9.033
31.5 -16.596
31.5 -10.712
31.5 -10.787
31.5 -9.497
31.5 -9.485
31.5 -12.53
31.5 -10.141
31.5 -7.863
31.5 -7.129
31.5 -6.523
31.5 -10.769
31.5 -13.605
31.5 -8.384
31.5 -11.863
31.5 -5.633
31.5 -6.757
31.5 -15.936
31.5 -15.711
31.5 -12.759
31.5 -12.299
31.5 -9.253
31.5 -8.74
31.5 -8.84
31.5 -9.307
31.5 -9.158
31.5 -10.122
31.5 -9.879
33.5 -7.997
33.5 -7.657
33.5 -12.564
33.5 -7.384
33.5 -8.443
33.5 -7.498
33.5 -6.571
33.5 -10.541
33.5 -11.998
33.5 -7.614
33.5 -3.935
33.5 -13.678
33.5 -10.308
33.5 -10.978
33.5 -5.191
33.5 -6.169
33.5 -5.325
33.5 -10.21
33.5 -9.347
33.5 -13.471
33.5 -10.743
33.5 -9.037
33.5 -10.262
33.5 -10.211
33.5 -12.937
33.5 -10.291
33.5 -12.535
33.5 -6.906
33.5 -8.998
33.5 -8.095
33.5 -5.563
33.5 -6.137
33.5 -4.969
33.5 -10.757
33.5 -13.777
33.5 -11.985
33.5 -13.696
33.5 -8.238
33.5 -13.079
33.5 -6.451
33.5 -4.714
33.5 -10.297
33.5 -7.355
33.5 -8.258
33.5 -11.611
33.5 -7.604
33.5 -8.674
33.5 -3.911
33.5 -5.5
33.5 -7.149
33.5 -6.81
33.5 -8.066
33.5 -12.333
33.5 -7.064
33.5 -13.16
33.5 -9.959
33.5 -14.568
33.5 -9.283
33.5 -8.184
33.5 -5.327
33.5 -7.718
33.5 -10.785
33.5 -12.107
33.5 -11.527
33.5 -14.139
33.5 -8.483
33.5 -8.188
33.5 -9.813
33.5 -13.339
33.5 -13.083
33.5 -7.06
33.5 -13.121
33.5 -9.032
33.5 -6.954
33.5 -9.938
33.5 -7.143
33.5 -9.057
33.5 -7.678
33.5 -10.091
33.5 -8.081
33.5 -13.935
33.5 -10.692
33.5 -10.464
33.5 -6.121
33.5 -3.381
33.5 -7.834
33.5 -11.424
33.5 -6.174
33.5 -3.992
33.5 -8.313
33.5 -7.429
33.5 -6.926
33.5 -9.434
33.5 -16.561
33.5 -20.495
33.5 -18.555
33.5 -11.128
33.5 -8.087
33.5 -11.471
33.5 -8.542
33.5 -8.693
33.5 -6.623
33.5 -10.598
33.5 -7.803
33.5 -9.705
33.5 -8.504
33.5 -5.075
33.5 -7.863
33.5 -12.241
33.5 -11.86
33.5 -9.564
33.5 -8.135
33.5 -9.708
33.5 -10.199
33.5 -5.814
33.5 -10.038
33.5 -5.955
33.5 -7.294
33.5 -2.81
33.5 -8.201
33.5 -0.793
33.5 -8.062
33.5 -9.668
33.5 -6.377
33.5 -9.982
33.5 -10.107
33.5 -8.733
33.5 -13.275
33.5 -13.251
33.5 -9.235
33.5 -9.112
33.5 -9.87
33.5 -14.739
33.5 -17.395
33.5 -12.812
33.5 -9.336
33.5 -7.324
33.5 -11.216
33.5 -8.536
33.5 -10.895
33.5 -4.43
34.5 -3.772
34.5 -7.408
34.5 -6.957
34.5 -5.754
34.5 -12.203
34.5 -8.276
34.5 -6.519
34.5 -8.728
34.5 -3.58
34.5 -8.065
34.5 -9.048
34.5 -11.422
34.5 -7.563
34.5 -5.972
34.5 -2.658
34.5 -3.235
34.5 -8.976
34.5 -5.874
34.5 -7.962
34.5 -9.467
34.5 -9.782
34.5 -13.412
34.5 -15.005
34.5 -13.394
34.5 -13.368
34.5 -8.749
34.5 -8.05
34.5 -8.109
34.5 -2.616
34.5 -4.533
34.5 -9.601
34.5 -8.065
34.5 -12.454
34.5 -7.68
34.5 -5.862
34.5 -8.749
34.5 -6.209
34.5 -8.618
34.5 -13.114
34.5 -9.848
34.5 -8.309
34.5 -5.542
34.5 -2.723
34.5 -6.671
34.5 -2.175
34.5 -9.612
34.5 -9.409
34.5 -9.01
34.5 -7.975
34.5 -7.252
34.5 -6.317
34.5 -11.072
34.5 -11.885
34.5 -9.643
34.5 -14.711
34.5 -8.045
34.5 -5.905
34.5 -7.92
34.5 -3.287
34.5 -8.358
34.5 -8.637
34.5 -7.879
34.5 -4.881
34.5 -5.187
34.5 -12.831
34.5 -4.076
34.5 -7.263
34.5 -9.379
34.5 -7.748
34.5 -10.514
34.5 -13.021
34.5 -9.334
34.5 -9.221
34.5 -6.438
34.5 -8.457
34.5 -7.462
34.5 -9.156
34.5 -6.302
34.5 -4.813
34.5 -10.358
34.5 -11.727
34.5 -9.746
35.0 -11.215
35.0 -14.134
35.0 -14.217
35.0 -6.342
35.0 -7.668
35.0 -6.404
35.0 -8.621
35.0 -5.653
35.0 -10.708
35.0 -13.263
35.0 -8.319
35.0 -7.683
35.0 -9.534
35.0 -13.432
35.0 -13.098
500
-34.0 -231.07
-18.0 -145.208
-18.0 -113.737
-4.5 -95.241
-0.5 -71.479
1.0 -61.862
17.5 -55.793
17.5 -49.845
17.5 -37.043
17.5 -33.35
17.5 -26.974
18.5 -30.128
19.5 -22.639
20.0 -24.29
21.5 -18.179
21.5 -15.256
21.5 -13.577
22.0 -12.899
22.0 -11.9
23.0 -10.779
24.5 -11.738
24.5 -17.028
25.5 -8.925
25.5 -8.906
25.5 -8.125
25.5 -9.309
25.5 -6.016
25.5 -8.633
25.5 -5.799
25.5 -9.366
25.5 -9.996
25.5 -13.0
25.5 -11.138
25.5 -11.321
25.5 -8.812
28.5 -6.799
28.5 -11.242
28.5 -13.469
28.5 -11.275
28.5 -9.738
28.5 -11.418
28.5 -10.729
28.5 -8.33
28.5 -6.652
28.5 -9.226
28.5 -9.682
28.5 -15.285
28.5 -14.056
28.5 -7.979
28.5 -8.75
28.5 -4.809
28.5 -7.925
28.5 -12.907
28.5 -9.265
28.5 -6.59
28.5 -7.19
28.5 -8.353
28.5 -6.502
28.5 -14.48
28.5 -15.569
28.5 -11.068
28.5 -7.716
28.5 -7.571
28.5 -10.06
28.5 -7.028
28.5 -6.736
28.5 -5.879
28.5 -11.925
28.5 -5.968
28.5 -6.92
28.5 -8.271
28.5 -11.752
28.5 -11.735
29.0 -4.247
29.0 -4.531
29.0 -4.674
29.0 -5.747
29.0 -5.742
29.0 -7.259
29.0 -5.447
29.0 -8.368
29.0 -8.091
29.0 -8.862
29.0 -10.062
29.0 -5.432
29.0 -11.416
29.0 -14.119
29.0 -10.468
29.0 -10.087
29.0 -9.965
29.0 -7.071
29.0 -4.983
29.0 -5.616
29.0 -9.247
29.0 -12.154
30.0 -8.892
30.0 -9.346
30.0 -16.322
30.0 -13.765
30.0 -9.845
30.0 -10.664
30.0 -14.281
30.0 -6.653
30.0 -8.725
30.0 -9.523
30.0 -9.588
30.0 -5.636
30.0 -8.689
30.0 -10.535
30.0 -10.728
30.0 -10.115
30.5 -9.924
30.5 -6.995
30.5 -9.863
30.5 -7.53
30.5 -7.501
30.5 -9.354
30.5 -8.476
30.5 -10.472
30.5 -11.407
30.5 -11.736
30.5 -9.112
30.5 -10.537
30.5 -12.306
30.5 -9.296
30.5 -11.01
30.5 -13.898
30.5 -13.45
30.5 -10.067
30.5 -9.034
30.5 -9.568
30.5 -5.427
30.5 -5.4
30.5 -6.115
30.5 -11.696
30.5 -11.755
31.5 -6.89
31.5 -8.411
31.5 -12.727
31.5 -17.051
31.5 -10.716
31.5 -15.205
31.5 -9.702
31.5 -13.788
31.5 -11.197
31.5 -11.197
31.5 -9.505
31.5 -7.138
31.5 -9.428
31.5 -10.118
31.5 -8.539
31.5 -8.887
31.5 -6.408
31.5 -12.39
31.5 -6.583
31.5 -10.369
31.5 -10.345
31.5 -6.553
31.5 -9.828
31.5 -9.504
31.5 -7.02
31.5 -6.968
31.5 -7.194
31.5 -6.768
31.5 -9.917
31.5 -6.715
31.5 -10.65
31.5 -6.154
31.5 -6.397
31.5 -7.772
31.5 -13.013
31.5 -10.098
31.5 -4.05
31.5 -5.871
31.5 -5.978
31.5 -4.823
31.5 -9.953
31.5 -13.381
31.5 -10.819
31.5 -6.243
31.5 -5.847
31.5 -7.603
31.5 -9.214
31.5 -10.536
33.5 -14.348
33.5 -8.11
33.5 -9.066
33.5 -4.465
33.5 -9.508
33.5 -9.143
33.5 -12.231
33.5 -6.186
33.5 -4.398
33.5 -8.376
33.5 -9.477
33.5 -10.791
33.5 -9.036
33.5 -5.531
33.5 -8.128
33.5 -11.672
33.5 -10.85
33.5 -9.862
33.5 -13.509
34.0 -8.701
34.0 -5.47
34.0 -8.21
34.0 -6.396
34.0 -11.406
34.0 -9.379
34.0 -10.528
34.0 -6.169
34.0 -10.314
34.0 -8.633
34.0 -7.04
34.0 -11.37
34.0 -9.722
34.0 -7.256
34.0 -10.112
34.0 -6.933
34.0 -3.806
34.0 -4.736
34.0 -5.534
34.0 -5.573
34.0 -12.208
34.0 -7.353
34.0 -11.908
34.0 -8.062
34.0 -5.151
34.0 -10.842
34.0 -8.664
34.0 -8.346
34.0 -4.681
34.0 -7.499
34.0 -7.517
34.0 -6.314
34.0 -10.707
34.0 -8.964
34.0 -10.202
34.0 -6.465
34.0 -10.12
34.0 -12.894
34.0 -13.023
34.0 -13.394
34.0 -10.286
34.0 -10.482
34.0 -8.675
34.0 -2.625
34.0 -8.718
34.0 -5.767
34.0 -9.472
34.0 -7.965
34.0 -5.795
34.0 -11.915
34.0 -8.184
34.0 -2.403
34.0 -2.254
34.0 -5.145
34.0 -7.013
34.0 -8.926
34.0 -5.823
34.0 -9.932
34.0 -5.542
34.0 -6.354
34.0 -9.54
34.0 -6.285
34.0 -5.234
34.0 -4.819
34.0 -10.859
34.0 -9.593
34.0 -8.186
34.0 -11.13
34.0 -7.417
34.0 -7.099
34.5 -6.44
35.5 -6.609
35.5 -6.014
35.5 -6.575
35.5 -7.457
35.5 -6.218
35.5 -7.081
35.5 -7.98
35.5 -8.554
35.5 -7.608
35.5 -7.324
35.5 -10.918
35.5 -10.987
35.5 -11.464
35.5 -7.602
35.5 -10.539
35.5 -6.876
35.5 -4.062
35.5 -1.839
35.5 -7.098
35.5 -4.512
35.5 -6.735
35.5 -8.861
35.5 -11.403
35.5 -14.433
35.5 -10.778
35.5 -8.033
35.5 -8.8
35.5 -8.439
35.5 -11.915
36.0 -5.868
36.0 -8.57
36.0 -10.625
36.0 -14.311
36.0 -8.69
36.0 -9.973
36.0 -8.706
36.0 -7.298
36.0 -6.358
36.0 -6.781
36.0 -6.053
36.0 -6.763
36.0 -7.813
36.0 -10.756
36.0 -11.071
36.0 -8.606
36.0 -9.388
36.0 -8.484
36.0 -6.167
36.0 -13.334
36.0 -6.814
36.0 -14.234
36.0 -8.285
36.0 -11.899
36.0 -9.169
36.0 -7.262
36.0 -9.157
36.0 -7.248
36.0 -11.126
36.0 -11.157
36.0 -8.596
36.0 -9.362
36.0 -9.993
36.0 -8.249
36.0 -7.997
36.0 -8.788
36.0 -11.761
36.0 -8.821
36.0 -5.661
36.0 -9.78
36.0 -9.409
36.0 -7.556
36.0 -7.427
36.0 -6.35
36.0 -8.225
36.0 -11.734
36.0 -7.206
36.0 -7.845
36.0 -6.264
36.0 -10.963
36.0 -10.138
36.0 -4.858
36.0 -8.263
36.0 -11.353
36.0 -13.097
36.0 -10.944
36.0 -7.637
36.0 -12.167
36.0 -11.656
36.0 -10.197
36.0 -12.852
36.0 -10.372
36.0 -9.379
36.0 -7.703
36.0 -4.008
36.0 -9.4
36.0 -5.29
36.0 -7.526
36.0 -9.881
36.0 -4.237
36.0 -3.742
36.0 -6.919
36.0 -8.644
36.0 -11.782
36.0 -8.146
36.0 -5.232
36.0 -5.914
36.0 -5.273
36.0 -5.549
36.0 -3.185
36.0 -7.013
36.0 -12.323
36.0 -8.404
36.0 -11.079
36.0 -10.743
36.0 -9.405
36.0 -9.741
36.0 -12.434
36.0 -9.448
36.0 -9.927
36.0 -8.191
36.0 -10.866
36.0 -6.881
36.0 -8.817
36.0 -10.036
36.0 -3.762
36.0 -8.773
36.0 -8.642
36.0 -17.751
36.0 -10.872
36.0 -5.858
36.0 -12.03
36.0 -11.463
36.0 -10.117
36.0 -9.597
36.0 -12.137
36.0 -9.763
36.0 -5.873
36.0 -3.826
36.0 -5.703
36.0 -5.65
36.0 -10.587
36.0 -6.011
36.0 -5.783
36.0 -7.259
36.0 -11.43
36.0 -6.413
36.0 -9.108
36.0 -11.036
36.0 -9.526
36.0 -7.497
36.0 -9.093
36.0 -9.438
36.0 -8.701
36.0 -6.092
36.0 -7.405
36.0 -8.403
36.0 -8.202
36.0 -7.119
36.0 -9.336
36.0 -7.258
36.0 -8.041
36.0 -6.86
36.0 -6.373
36.0 -4.039
36.0 -6.746
36.0 -8.872
36.0 -8.632
36.0 -12.58
36.0 -14.599
36.0 -11.771
36.0 -12.208
36.0 -9.648
36.0 -8.517
36.0 -10.301
36.0 -12.769
36.0 -14.015
36.0 -7.876
36.0 -7.204
36.0 -8.103
36.0 -6.404
36.0 -2.33
36.0 -5.009
36.0 -5.168
36.0 -5.329
36.0 -4.064
36.0 -3.238
36.0 -2.325
36.0 -8.711
36.0 -9.037
36.0 -7.048
36.0 -5.228
36.0 -5.838
36.0 -10.702
36.0 -8.529
36.0 -7.944
36.0 -9.272
36.0 -8.21
36.0 -7.469
36.0 -5.682
36.0 -11.244
36.0 -12.729
36.0 -9.374
36.0 -9.715
36.0 -9.451
36.0 -6.733
36.0 -9.011
36.0 -6.678
36.0 -5.257
36.0 -5.34
36.0 -2.965
36.0 -4.54
36.0 -7.58
36.0 -5.672
36.0 -7.592
36.0 -3.76
36.0 -6.355
36.0 -5.895
36.0 -8.607
36.0 -8.986
36.0 -13.017
36.0 -6.186
36.0 -6.291
36.0 -10.459
36.0 -9.747
36.0 -9.505
36.0 -9.219
500
-40.0 -232.159
-40.0 -151.883
-17.0 -130.224
-12.0 -100.314
-4.0 -83.159
4.5 -69.169
6.0 -65.721
6.0 -62.134
16.0 -51.179
16.0 -47.903
20.0 -33.474
20.0 -31.847
20.0 -28.405
20.5 -21.442
20.5 -18.184
20.5 -25.987
21.0 -19.133
21.0 -17.877
21.5 -15.185
21.5 -19.343
21.5 -13.69
24.0 -18.692
24.0 -9.886
24.0 -13.725
24.0 -14.877
24.0 -10.183
25.0 -10.918
25.0 -6.873
25.0 -6.291
25.0 -5.322
25.0 -6.77
25.0 -6.825
25.0 -11.331
25.0 -5.214
25.0 -7.021
25.0 -8.551
26.5 -7.087
26.5 -13.135
26.5 -8.264
26.5 -9.59
26.5 -7.494
26.5 -11.23
26.5 -6.485
26.5 -3.523
26.5 -3.385
26.5 -4.479
26.5 -9.09
26.5 -11.732
26.5 -11.533
26.5 -14.622
26.5 -9.698
26.5 -10.881
26.5 -7.25
26.5 -5.612
26.5 -2.026
27.5 -6.885
27.5 -7.389
27.5 -9.015
27.5 -5.852
27.5 -11.106
27.5 -7.598
27.5 -7.044
27.5 -5.684
27.5 -10.457
27.5 -9.304
27.5 -8.178
27.5 -7.903
27.5 -7.728
27.5 -6.584
27.5 -10.164
27.5 -6.291
27.5 -7.032
27.5 -9.01
27.5 -7.919
28.5 -5.989
28.5 -12.236
28.5 -9.801
28.5 -14.905
28.5 -14.38
28.5 -12.736
28.5 -11.019
28.5 -8.826
28.5 -8.388
28.5 -8.019
28.5 -10.345
28.5 -8.855
28.5 -6.457
28.5 -5.044
28.5 -5.886
28.5 -11.684
28.5 -11.83
28.5 -8.131
28.5 -9.532
28.5 -7.802
28.5 -11.121
28.5 -9.506
28.5 -9.992
28.5 -14.64
28.5 -7.943
28.5 -10.101
28.5 -11.942
28.5 -12.702
28.5 -10.385
28.5 -8.18
28.5 -8.147
29.0 -13.235
29.0 -7.085
29.5 -10.563
29.5 -5.329
29.5 -5.087
29.5 -9.121
29.5 -7.174
29.5 -3.242
29.5 -7.57
29.5 -1.487
29.5 -6.181
29.5 -5.323
29.5 -8.265
29.5 -6.359
29.5 -8.555
29.5 -7.748
29.5 -6.858
30.0 -7.304
30.0 -8.674
30.0 -11.56
30.0 -6.818
30.0 -5.149
30.0 -9.734
30.0 -15.759
30.0 -11.571
30.0 -11.512
30.0 -7.989
30.0 -12.852
30.0 -14.508
30.0 -8.411
30.0 -12.992
30.0 -8.446
31.0 -8.942
31.0 -8.618
31.0 -4.708
31.0 -9.597
31.0 -11.932
31.0 -4.637
31.0 -10.627
31.0 -8.478
31.0 -8.368
31.0 -10.144
31.0 -8.798
31.0 -10.056
31.0 -12.671
31.0 -8.273
31.0 -12.11
31.0 -8.313
31.0 -8.081
31.0 -8.041
31.0 -9.583
31.0 -12.147
31.0 -11.565
31.0 -6.725
31.0 -12.093
31.0 -8.976
31.0 -10.798
31.0 -7.807
31.0 -4.547
31.0 -10.034
31.0 -7.963
31.0 -6.194
31.0 -6.395
31.0 -7.955
31.0 -8.25
31.0 -7.993
31.0 -12.061
31.0 -11.387
31.0 -7.51
31.0 -7.703
31.0 -13.015
31.0 -6.781
31.0 -9.525
31.0 -9.51
31.0 -5.173
31.0 -3.369
31.0 -5.144
31.0 -4.478
31.0 -6.876
31.0 -14.072
31.0 -9.189
31.0 -11.556
31.0 -15.421
31.0 -10.638
31.0 -8.507
31.0 -8.098
31.0 -7.608
31.0 -4.529
31.0 -9.672
31.0 -5.45
31.0 -6.759
31.0 -9.175
31.0 -8.391
31.0 -6.581
31.0 -8.085
31.0 -7.058
31.0 -9.739
31.0 -9.742
31.0 -8.594
31.0 -9.695
31.0 -10.331
31.0 -9.304
31.0 -9.7
31.0 -5.821
31.0 -5.096
31.0 -6.947
31.0 -6.797
31.0 -5.143
31.0 -6.211
31.0 -10.808
32.0 -6.363
32.0 -7.1
32.0 -14.255
32.0 -11.033
32.0 -9.182
32.0 -10.282
32.0 -9.895
32.0 -10.04
32.0 -9.337
32.0 -9.389
32.0 -7.685
32.0 -5.796
32.0 -6.192
32.0 -8.508
32.0 -7.179
32.0 -7.298
32.0 -8.339
32.0 -9.876
32.0 -5.751
32.0 -8.573
32.0 -8.797
32.0 -6.032
32.0 -6.831
32.0 -9.332
32.0 -8.365
32.0 -8.745
32.0 -9.647
32.0 -2.764
32.0 -5.796
32.0 -8.283
32.0 -4.869
32.0 -5.502
32.0 -11.039
32.0 -7.815
32.0 -9.193
32.0 -6.32
32.0 -11.748
32.0 -10.906
32.0 -5.838
32.0 -11.049
32.0 -11.865
32.0 -8.551
32.0 -5.81
32.0 -3.155
32.0 -6.001
32.0 -7.619
32.0 -7.493
32.0 -4.125
32.0 -7.855
32.0 -10.98
32.0 -8.643
32.0 -9.748
32.0 -4.008
32.0 -7.897
32.0 -5.834
32.0 -6.579
32.0 -5.441
32.0 -9.156
32.0 -7.02
32.0 -3.801
32.0 -5.829
32.0 -6.394
32.0 -10.909
32.0 -7.953
32.0 -8.214
32.0 -5.022
32.0 -5.015
32.0 -8.002
32.0 -14.948
32.0 -9.426
32.0 -12.053
32.0 -8.837
32.0 -14.244
32.0 -10.065
32.0 -8.45
32.0 -8.329
32.0 -7.39
32.0 -2.134
32.0 -7.089
32.0 -7.258
32.0 -2.299
32.0 -9.011
32.0 -7.386
32.0 -4.36
32.0 -9.367
32.0 -9.01
32.0 -10.649
32.0 -8.064
32.0 -10.878
32.0 -8.691
32.0 -9.974
32.0 -6.163
32.0 -6.281
32.0 -5.422
32.0 -12.495
32.0 -12.211
32.0 -11.992
32.0 -9.364
32.0 -7.998
32.0 -4.867
32.0 -5.936
32.0 -11.287
32.0 -11.099
32.0 -5.935
32.0 -4.348
32.0 -9.849
32.0 -7.289
32.0 -10.082
32.0 -9.236
32.0 -9.21
32.0 -12.962
32.0 -6.038
32.0 -6.723
32.0 -12.438
32.0 -14.542
32.0 -13.389
32.0 -8.151
32.0 -9.331
32.0 -6.503
32.0 -7.312
32.0 -6.667
32.0 -11.622
32.0 -7.122
32.0 -7.488
32.0 -9.204
32.0 -5.479
32.0 -6.955
32.0 -11.07
32.0 -9.711
32.0 -10.414
32.0 -8.339
32.0 -5.326
32.0 -12.026
32.0 -7.333
32.0 -12.162
32.0 -12.37
32.0 -2.757
32.0 -6.619
32.5 -12.252
32.5 -6.674
32.5 -8.63
32.5 -9.436
32.5 -8.997
32.5 -7.305
32.5 -12.386
32.5 -11.524
32.5 -10.925
32.5 -6.949
32.5 -9.231
32.5 -9.127
32.5 -11.882
32.5 -10.218
32.5 -7.385
32.5 -8.471
32.5 -9.22
32.5 -8.341
32.5 -15.975
32.5 -9.695
32.5 -13.713
32.5 -11.881
32.5 -15.478
32.5 -12.97
32.5 -6.38
32.5 -12.366
32.5 -6.707
32.5 -7.477
32.5 -5.863
32.5 -6.511
32.5 -8.849
32.5 -9.173
32.5 -7.878
32.5 -9.012
32.5 -8.523
32.5 -6.842
32.5 -6.179
32.5 -4.804
32.5 -7.739
32.5 -13.618
32.5 -5.73
32.5 -8.387
32.5 -10.267
32.5 -11.59
32.5 -12.034
32.5 -5.373
32.5 -6.128
32.5 -8.111
32.5 -11.471
32.5 -14.929
32.5 -9.611
32.5 -11.502
32.5 -11.45
32.5 -9.911
32.5 -10.154
32.5 -10.073
32.5 -9.331
32.5 -4.904
32.5 -4.44
32.5 -6.478
32.5 -11.217
32.5 -10.533
32.5 -6.5
32.5 -9.086
32.5 -8.378
32.5 -10.498
32.5 -9.461
32.5 -7.841
32.5 -8.966
32.5 -9.972
32.5 -4.148
32.5 -4.705
32.5 -5.339
32.5 -7.499
32.5 -7.969
32.5 -9.291
32.5 -11.345
32.5 -7.292
32.5 -6.649
32.5 -6.868
32.5 -6.198
32.5 -2.589
32.5 -7.766
32.5 -6.461
32.5 -5.601
32.5 -8.902
32.5 -5.414
32.5 -2.357
32.5 -2.33
32.5 -7.569
32.5 -6.381
32.5 -8.993
32.5 -13.029
32.5 -8.325
32.5 -5.616
32.5 -7.161
32.5 -13.448
32.5 -6.527
32.5 -6.916
32.5 -8.55
32.5 -7.482
32.5 -7.912
32.5 -10.057
32.5 -11.127
32.5 -6.61
32.5 -3.822
32.5 -7.171
32.5 -8.542
32.5 -10.328
32.5 -9.736
32.5 -12.066
32.5 -9.846
32.5 -10.508
32.5 -8.637
32.5 -7.551
32.5 -7.136
32.5 -9.819
32.5 -4.463
32.5 -3.702
32.5 -5.139
32.5 -6.734
32.5 -8.363
32.5 -1.869
32.5 -3.554
32.5 -4.478
32.5 -5.212
32.5 -9.967
32.5 -6.436
32.5 -6.88
32.5 -7.551
32.5 -12.804
32.5 -8.294
32.5 -8.756
32.5 -10.518
33.0 -13.236
33.0 -9.506
33.0 -8.377
33.0 -9.416
33.0 -9.321
33.0 -4.447
33.0 -6.607
33.0 -7.225
33.0 -5.247
33.0 -1.11
33.0 -8.877
33.0 -8.887
33.0 -8.327
500
-29.0 -225.149
-17.0 -141.379
-6.0 -118.428
-6.0 -95.512
3.0 -79.821
3.0 -69.194
4.5 -66.735
13.5 -56.765
13.5 -49.883
14.5 -43.343
14.5 -31.089
14.5 -32.78
14.5 -36.198
22.0 -28.615
22.0 -26.943
22.0 -24.273
22.0 -25.044
22.0 -25.423
23.0 -21.537
23.0 -18.737
23.0 -18.48
24.0 -11.176
24.0 -15.574
24.0 -9.882
24.0 -12.009
24.0 -13.467
24.0 -12.552
24.0 -18.893
24.0 -7.71
24.0 -10.49
24.0 -12.7
24.0 -11.59
24.0 -11.677
24.0 -8.272
25.0 -9.695
25.0 -9.508
25.0 -9.066
25.0 -6.55
25.0 -9.8
25.0 -8.938
25.0 -12.498
25.0 -14.834
25.0 -11.328
25.0 -9.159
25.0 -12.123
25.0 -17.48
25.0 -13.029
25.0 -15.027
25.0 -14.182
25.0 -16.125
25.0 -14.886
25.0 -11.803
25.0 -9.976
25.0 -5.913
25.0 -7.359
25.5 -7.627
25.5 -10.174
25.5 -9.811
25.5 -6.735
26.0 -6.453
27.0 -4.503
27.0 -0.19
27.0 -5.541
27.0 -0.763
27.0 -1.833
27.0 -6.629
27.0 -14.064
27.0 -9.118
27.0 -8.747
27.0 -6.24
27.0 -9.516
27.0 -10.392
27.0 -10.856
27.0 -11.703
27.0 -11.454
27.0 -9.601
27.0 -12.261
27.0 -10.144
27.0 -9.936
27.0 -11.167
27.0 -9.172
27.0 -10.427
27.0 -7.162
27.0 -13.274
28.0 -6.018
28.0 -5.207
28.0 -9.422
28.0 -9.566
28.0 -10.899
28.0 -13.975
28.0 -12.051
28.0 -6.528
28.0 -6.229
28.0 -5.583
28.0 -7.975
28.0 -10.684
28.0 -10.853
28.0 -10.156
28.0 -8.194
28.0 -7.202
28.0 -8.574
28.0 -6.776
28.5 -8.962
29.5 -10.622
29.5 -13.907
29.5 -11.533
29.5 -5.998
29.5 -15.16
29.5 -9.361
29.5 -11.478
29.5 -8.785
29.5 -7.658
29.5 -10.82
29.5 -8.967
29.5 -8.544
29.5 -11.688
29.5 -11.747
29.5 -13.303
29.5 -10.565
29.5 -8.069
29.5 -6.416
29.5 -4.44
29.5 -6.406
29.5 -8.31
29.5 -5.836
29.5 -10.978
29.5 -8.674
29.5 -10.331
29.5 -10.259
29.5 -13.302
29.5 -9.137
29.5 -6.651
29.5 -4.149
29.5 -8.816
29.5 -5.626
29.5 -9.367
29.5 -8.197
29.5 -7.437
29.5 -10.705
29.5 -10.569
29.5 -16.431
30.0 -8.737
30.0 -8.786
30.0 -11.215
30.0 -8.026
30.0 -4.347
30.0 -5.964
30.0 -10.769
30.0 -9.235
30.0 -11.921
30.0 -4.017
30.0 -3.637
30.0 -13.528
30.0 -11.671
30.5 -6.632
30.5 -10.145
30.5 -9.908
30.5 -6.395
30.5 -9.094
30.5 -5.133
30.5 -8.909
30.5 -9.97
30.5 -11.422
30.5 -6.348
30.5 -9.165
30.5 -8.511
30.5 -8.813
30.5 -10.739
30.5 -10.654
30.5 -10.826
30.5 -8.391
30.5 -7.303
30.5 -7.129
30.5 -11.904
30.5 -6.819
30.5 -10.578
30.5 -8.837
30.5 -9.251
30.5 -11.499
30.5 -10.563
30.5 -14.176
30.5 -8.992
30.5 -10.583
30.5 -8.562
30.5 -13.506
30.5 -10.57
30.5 -10.247
30.5 -7.385
30.5 -8.704
30.5 -12.638
30.5 -12.009
30.5 -8.532
30.5 -7.134
30.5 -8.55
30.5 -9.141
30.5 -11.025
30.5 -9.596
30.5 -9.122
30.5 -5.841
30.5 -9.848
30.5 -5.384
30.5 -7.329
30.5 -8.344
30.5 -9.029
30.5 -11.85
30.5 -12.855
30.5 -13.229
30.5 -11.164
30.5 -10.496
30.5 -10.936
30.5 -13.407
30.5 -8.532
30.5 -6.35
30.5 -5.641
30.5 -8.124
30.5 -12.939
30.5 -9.879
31.5 -8.84
31.5 -6.303
31.5 -6.322
31.5 -3.106
31.5 -6.128
31.5 -8.562
31.5 -6.309
31.5 -6.243
31.5 -7.152
31.5 -12.082
31.5 -10.431
31.5 -11.259
31.5 -11.025
31.5 -9.362
31.5 -9.369
31.5 -13.232
31.5 -8.492
31.5 -7.246
31.5 -3.287
31.5 -11.728
31.5 -9.761
31.5 -17.058
31.5 -13.547
31.5 -9.195
31.5 -7.322
31.5 -13.097
31.5 -7.265
31.5 -5.328
31.5 -7.892
31.5 -11.479
31.5 -12.993
31.5 -7.987
32.0 -10.782
32.0 -7.018
32.0 -12.579
32.0 -10.566
32.0 -14.591
32.0 -7.729
32.0 -5.503
32.0 -4.661
32.0 -8.85
32.0 -8.446
32.0 -9.649
32.0 -4.269
32.0 -9.727
32.0 -6.505
32.0 -7.003
32.0 -7.723
32.0 -4.38
32.0 -9.85
32.0 -9.308
32.0 -10.731
32.0 -11.5
32.0 -12.001
32.0 -9.495
32.0 -10.96
32.0 -12.117
32.0 -10.947
32.0 -9.715
32.0 -7.651
32.0 -5.522
32.0 -7.039
32.0 -10.363
32.0 -5.929
32.0 -9.284
32.0 -6.715
32.0 -6.331
32.0 -6.063
32.0 -8.179
32.0 -8.614
32.0 -8.172
32.0 -11.057
32.0 -5.166
32.0 -4.094
32.0 -5.701
32.0 -8.762
32.0 -9.238
32.0 -8.762
32.0 -10.15
32.0 -9.934
32.0 -9.226
32.0 -4.184
32.0 -8.963
32.0 -9.395
32.0 -13.469
32.0 -7.146
32.0 -8.1
32.0 -8.737
32.0 -4.684
32.0 -10.126
32.0 -8.524
32.0 -8.007
32.0 -11.493
32.0 -8.286
32.0 -7.48
32.0 -7.89
32.0 -8.115
32.0 -7.77
32.0 -8.729
32.0 -14.278
32.0 -7.146
32.0 -10.078
32.0 -9.611
32.0 -7.788
32.0 -11.988
32.0 -10.568
32.0 -11.788
32.0 -10.658
32.0 -6.024
32.0 -7.982
32.0 -6.377
32.0 -6.464
32.0 -10.102
32.0 -9.937
32.0 -5.661
32.0 -5.714
32.0 -6.467
32.0 -8.563
32.0 -6.999
32.0 -10.729
32.0 -9.818
32.0 -12.149
32.0 -7.8
32.0 -8.553
32.0 -13.407
32.0 -6.909
32.0 -5.936
32.0 -6.779
32.0 -9.726
32.0 -6.752
32.0 -10.651
32.0 -5.901
32.0 -5.805
32.0 -5.689
32.0 -7.152
32.0 -8.076
32.0 -3.073
32.0 -4.259
32.0 -8.949
32.0 -4.605
32.0 -6.151
32.0 -9.453
32.0 -7.28
32.0 -8.762
32.0 -6.0
32.0 -12.418
32.0 -14.344
32.0 -8.611
32.0 -9.232
32.0 -9.107
32.0 -7.088
32.0 -6.79
32.0 -6.704
32.0 -11.141
32.0 -7.745
32.0 -8.76
32.0 -7.307
32.0 -7.854
32.0 -10.372
32.0 -8.77
32.0 -9.67
32.0 -7.617
32.0 -10.84
32.0 -3.176
32.0 -8.769
32.0 -6.127
32.0 -5.953
32.0 -11.673
32.0 -10.797
32.0 -9.362
32.0 -8.546
32.0 -7.493
32.0 -7.079
32.0 -9.937
32.0 -7.82
32.0 -4.351
32.0 -10.916
32.0 -5.923
32.0 -5.996
32.0 -5.218
32.0 -3.922
32.0 -8.56
32.0 -10.178
32.0 -7.95
32.0 -7.427
32.0 -7.11
32.0 -5.604
32.0 -10.792
32.0 -6.205
32.0 -5.952
32.0 -6.818
32.0 -10.054
32.0 -8.221
32.0 -13.822
32.0 -10.924
32.0 -14.766
32.0 -10.752
32.0 -18.44
32.0 -7.956
32.0 -7.931
32.0 -8.746
32.0 -13.371
32.0 -7.871
32.0 -12.32
32.0 -11.976
32.0 -13.838
32.0 -9.409
32.0 -10.1
32.0 -6.546
32.0 -9.746
32.0 -9.63
32.0 -9.574
32.0 -9.914
32.0 -6.262
32.0 -7.902
32.0 -10.589
32.0 -10.35
32.0 -4.571
32.0 -6.849
32.0 -10.604
32.0 -12.755
32.0 -9.323
32.0 -5.327
32.0 -9.8
32.0 -4.578
32.0 -9.006
32.0 -8.295
32.0 -8.201
32.0 -8.676
32.0 -8.727
32.0 -5.655
32.0 -8.644
32.0 -12.477
32.0 -14.668
32.0 -8.717
32.0 -7.817
32.0 -10.212
32.0 -11.95
32.0 -11.173
32.0 -9.734
32.0 -10.58
32.0 -6.302
32.0 -9.675
32.0 -14.533
32.0 -8.983
32.0 -9.057
32.0 -6.861
32.0 -10.655
32.0 -5.853
32.0 -4.904
32.0 -8.527
32.0 -12.542
32.0 -7.454
32.0 -5.304
32.0 -7.621
32.0 -9.788
32.0 -10.078
32.0 -7.092
32.0 -10.144
32.0 -6.605
32.0 -12.961
32.0 -11.307
32.0 -11.257
32.0 -13.557
32.0 -11.501
32.0 -12.383
32.0 -14.866
32.0 -14.669
32.0 -12.33
32.0 -8.519
32.0 -9.452
32.0 -12.074
32.0 -10.044
32.0 -4.547
32.0 -6.547
32.0 -8.728
32.0 -8.605
32.0 -11.515
32.0 -11.67
32.0 -8.704
32.0 -8.861
32.0 -9.413
32.0 -10.593
500
-62.5 -233.061
-25.0 -156.783
-20.0 -124.019
-10.5 -95.945
5.0 -79.289
5.0 -69.108
6.0 -65.266
13.5 -53.533
18.0 -50.669
18.0 -38.331
18.0 -28.857
18.0 -27.053
18.5 -23.233
20.5 -19.628
20.5 -20.987
20.5 -20.411
20.5 -20.798
24.5 -19.618
24.5 -18.735
24.5 -15.593
24.5 -20.713
24.5 -14.582
24.5 -11.656
24.5 -13.806
24.5 -16.091
24.5 -12.608
24.5 -10.357
24.5 -12.644
24.5 -10.18
24.5 -13.066
24.5 -9.546
24.5 -8.944
24.5 -6.221
24.5 -10.258
24.5 -9.139
24.5 -7.115
24.5 -6.102
26.0 -8.575
26.0 -9.476
26.5 -6.928
26.5 -10.256
26.5 -7.904
26.5 -12.235
26.5 -4.81
26.5 -11.449
26.5 -11.508
26.5 -11.316
26.5 -12.852
26.5 -11.698
26.5 -18.234
26.5 -15.109
26.5 -10.818
26.5 -11.454
26.5 -11.673
26.5 -10.364
27.0 -13.239
27.0 -7.697
27.0 -5.638
27.0 -12.65
27.0 -6.542
27.0 -7.178
27.0 -8.633
27.0 -10.871
29.0 -6.54
29.0 -9.707
29.0 -7.749
29.0 -10.928
29.0 -14.32
29.0 -9.638
29.0 -7.372
29.0 -10.23
29.0 -8.849
29.0 -5.566
29.0 -9.674
29.0 -4.15
29.0 -8.461
29.0 -7.105
29.0 -5.853
29.0 -3.998
29.0 -7.011
31.0 -4.364
31.0 -6.926
31.0 -5.451
31.0 -10.124
31.0 -5.636
31.0 -6.879
31.0 -5.864
31.0 -10.207
31.0 -11.482
31.0 -9.568
31.0 -8.465
31.0 -6.917
31.0 -10.806
31.0 -7.559
31.0 -9.553
31.0 -9.542
31.0 -15.605
31.0 -5.404
31.0 -5.387
31.0 -8.15
31.0 -10.064
31.0 -6.968
31.0 -8.18
31.0 -9.178
31.0 -9.343
31.0 -7.324
31.0 -9.688
31.0 -12.059
31.0 -14.547
31.0 -9.849
31.0 -9.684
31.0 -12.238
31.0 -8.957
31.0 -6.774
31.0 -10.881
31.0 -10.32
31.0 -9.521
31.0 -8.789
31.0 -9.461
31.0 -7.021
31.0 -11.52
31.0 -12.458
31.0 -6.871
33.0 -8.298
33.0 -5.699
33.0 -11.741
33.0 -9.474
33.0 -12.112
33.0 -10.491
33.0 -7.612
33.0 -13.281
33.0 -13.188
33.0 -12.655
33.0 -10.225
33.0 -11.118
33.0 -8.929
33.0 -10.625
33.0 -12.868
33.0 -12.903
33.0 -14.182
33.0 -14.632
33.0 -14.79
33.0 -8.894
33.0 -7.971
33.0 -10.437
33.0 -12.641
33.0 -9.916
33.0 -12.102
33.0 -5.678
33.0 -13.14
33.0 -9.573
33.0 -12.128
33.0 -12.711
33.0 -8.755
33.0 -11.643
33.0 -8.029
33.0 -12.588
33.0 -11.07
33.0 -19.109
33.0 -8.758
33.0 -8.946
33.0 -14.829
33.0 -10.048
33.0 -10.44
33.0 -8.088
33.0 -12.126
33.0 -13.093
33.0 -11.102
33.0 -11.784
33.0 -11.318
33.0 -15.738
33.0 -11.461
33.0 -18.706
33.0 -8.29
33.0 -15.435
33.0 -11.147
33.0 -6.556
33.0 -5.161
33.0 -7.661
33.0 -7.281
33.0 -8.417
33.0 -9.82
33.0 -10.9
33.5 -11.606
33.5 -6.97
33.5 -4.266
33.5 -6.205
33.5 -10.713
33.5 -12.158
33.5 -8.896
33.5 -14.387
33.5 -10.454
33.5 -13.889
33.5 -13.079
33.5 -13.922
33.5 -19.006
33.5 -13.624
33.5 -11.45
33.5 -10.828
33.5 -3.874
33.5 -7.178
33.5 -5.365
33.5 -6.931
33.5 -5.634
33.5 -11.451
33.5 -14.31
33.5 -13.633
33.5 -14.307
33.5 -13.773
33.5 -11.106
33.5 -7.777
33.5 -12.706
33.5 -13.319
33.5 -9.896
33.5 -8.897
33.5 -6.386
33.5 -8.082
33.5 -6.012
33.5 -10.59
33.5 -9.04
33.5 -7.12
33.5 -6.32
34.0 -0.619
34.0 -8.642
34.0 -4.593
34.0 -4.633
34.0 -6.751
34.0 -9.704
34.0 -11.429
34.0 -8.672
34.0 -10.046
34.0 -10.823
34.0 -12.983
34.0 -8.566
34.0 -4.77
34.0 -9.169
34.0 -1.907
34.0 -6.728
34.0 -7.163
34.0 -8.913
34.0 -10.827
34.0 -18.362
34.0 -9.882
34.0 -11.537
34.0 -5.894
34.0 -7.924
34.0 -6.797
34.0 -9.504
34.0 -7.911
34.0 -5.065
34.0 -4.597
34.0 -6.235
34.0 -8.199
34.0 -3.014
34.0 -8.398
34.0 -11.15
34.0 -9.724
34.0 -11.497
34.0 -5.123
34.0 -8.629
34.0 -9.969
34.0 -7.556
34.0 -9.821
34.0 -15.942
34.0 -11.019
34.0 -8.293
34.0 -13.55
34.0 -8.235
34.0 -9.03
34.0 -9.902
34.0 -13.752
34.0 -14.643
34.0 -11.329
34.0 -10.86
34.0 -7.597
34.0 -7.358
34.0 -7.484
34.0 -10.0
34.0 -9.063
34.0 -13.011
34.0 -12.615
34.0 -13.871
34.0 -10.37
34.0 -14.957
34.0 -9.558
34.0 -6.994
34.0 -9.147
34.0 -8.788
34.0 -12.861
34.0 -6.773
34.0 -9.103
34.0 -9.506
34.0 -6.622
34.0 -5.864
34.0 -4.045
34.0 -9.957
34.0 -6.684
34.0 -5.108
34.0 -7.244
34.0 -6.493
34.0 -8.416
34.0 -6.339
34.0 -4.294
34.0 -6.769
34.0 -8.093
34.0 -6.339
34.0 -12.168
34.0 -13.373
34.0 -10.663
34.0 -10.281
34.0 -8.358
34.0 -5.236
34.0 -6.361
34.0 -8.251
34.0 -7.972
34.0 -8.022
34.0 -5.239
34.0 -6.006
34.0 -4.854
34.0 -5.017
34.0 -6.639
34.0 -5.156
34.0 -1.872
34.0 -4.618
34.0 -3.653
34.0 -7.046
34.0 -4.168
34.0 -1.432
34.0 -8.995
34.0 -7.968
34.0 -9.62
34.0 -4.359
34.0 -10.755
34.0 -12.057
34.0 -16.052
34.0 -11.273
34.0 -12.89
34.0 -14.217
34.0 -14.315
34.0 -17.95
34.0 -6.627
34.0 -12.325
34.0 -11.449
34.0 -12.184
34.0 -9.187
34.0 -11.913
34.0 -11.941
34.0 -5.005
34.0 -8.139
34.0 -11.402
34.0 -12.836
34.0 -11.494
34.0 -6.876
34.0 -8.462
34.0 -5.47
34.0 -10.055
34.0 -9.005
34.0 -8.513
34.0 -8.433
34.0 -9.426
34.0 -15.39
34.0 -8.972
34.0 -11.478
34.0 -7.02
34.0 -13.817
34.0 -13.533
34.0 -8.609
34.0 -6.413
34.0 -13.384
34.0 -13.976
34.0 -13.841
34.0 -6.225
34.0 -6.814
34.0 -9.034
34.0 -10.23
34.0 -13.624
34.0 -10.496
34.0 -6.468
34.0 -9.755
34.0 -12.327
34.0 -12.195
34.0 -6.874
34.0 -10.307
34.0 -8.415
34.0 -4.921
34.0 -10.51
34.0 -7.395
34.0 -6.333
34.0 -7.387
34.0 -3.425
34.0 -5.941
34.0 -4.996
34.0 -8.504
34.0 -7.199
34.0 -7.208
34.0 -7.389
34.0 -6.874
34.0 -9.96
34.0 -7.468
34.0 -7.303
34.0 -11.561
34.0 -5.774
34.0 -10.428
34.0 -9.832
34.0 -10.46
34.0 -11.995
34.0 -4.656
34.0 -5.918
34.0 -8.887
34.0 -9.288
34.0 -9.01
34.0 -5.645
34.0 -6.058
34.0 -6.107
34.0 -5.815
34.0 -8.752
34.0 -6.37
34.0 -4.019
34.0 -10.791
34.0 -14.678
34.5 -14.666
34.5 -7.512
34.5 -8.559
34.5 -8.518
34.5 -13.147
34.5 -15.96
34.5 -12.464
34.5 -11.868
34.5 -11.064
34.5 -11.569
34.5 -9.479
34.5 -7.087
34.5 -12.045
34.5 -6.012
34.5 -12.625
34.5 -10.772
34.5 -9.616
34.5 -6.526
34.5 -7.374
34.5 -9.122
34.5 -4.959
34.5 -3.742
34.5 -7.865
34.5 -5.517
34.5 -7.693
34.5 -2.997
34.5 -4.287
34.5 -6.713
34.5 -12.702
34.5 -12.041
34.5 -10.052
34.5 -9.594
34.5 -9.145
34.5 -10.383
34.5 -7.319
34.5 -4.827
34.5 -6.693
34.5 -5.68
34.5 -9.384
34.5 -8.465
34.5 -11.542
34.5 -8.216
34.5 -5.835
34.5 -8.387
34.5 -9.217
34.5 -8.139
34.5 -14.393
34.5 -12.51
34.5 -10.439
34.5 -13.441
34.5 -8.127
34.5 -7.47
34.5 -8.043
34.5 -8.057
34.5 -6.562
34.5 -4.099
34.5 -8.27
34.5 -7.407
34.5 -5.079
34.5 -5.311
34.5 -5.016
35.0 -4.66
35.0 -3.157
35.0 -5.7
35.0 -9.254
35.0 -8.566
35.0 -8.028
35.0 -6.529
35.0 -7.398
35.0 -8.773
35.0 -8.022
35.0 -3.896
35.0 -10.748
35.0 -9.892
35.0 -8.794
35.0 -7.754
35.0 -17.038
35.0 -9.853
35.0 -9.552
35.0 -13.553
500
-30.5 -234.821
-10.0 -152.786
-10.0 -122.541
-2.5 -89.237
-2.5 -74.662
7.0 -61.08
9.5 -58.506
9.5 -50.143
10.5 -36.507
15.0 -39.696
15.0 -37.113
15.0 -28.412
16.5 -27.625
19.5 -23.599
19.5 -22.359
20.5 -22.822
20.5 -21.442
21.0 -19.419
21.0 -16.146
21.0 -14.234
21.0 -17.81
21.0 -17.368
22.5 -19.314
22.5 -11.838
22.5 -9.554
23.0 -7.558
23.0 -11.734
24.0 -10.137
26.0 -10.312
26.0 -7.301
26.0 -4.84
26.0 -6.652
26.0 -6.574
26.0 -4.074
26.0 -5.742
26.0 -7.219
26.0 -13.02
26.0 -8.771
27.0 -7.937
27.0 -7.702
27.0 -4.91
27.0 -3.737
27.0 -7.355
27.0 -4.617
27.0 -5.778
27.0 -10.81
27.0 -7.014
27.0 -8.692
27.5 -6.796
27.5 -7.831
27.5 -6.99
27.5 -5.421
27.5 -8.72
27.5 -10.846
28.5 -7.6
28.5 -9.597
28.5 -9.238
28.5 -7.985
28.5 -8.531
28.5 -8.096
28.5 -5.23
28.5 -3.591
30.5 -7.03
30.5 -0.887
30.5 -5.88
30.5 -6.194
30.5 -6.017
30.5 -10.043
30.5 -8.938
30.5 -6.97
30.5 -10.206
30.5 -7.031
30.5 -5.245
30.5 -7.127
30.5 -5.646
30.5 -8.391
30.5 -13.905
30.5 -10.512
30.5 -12.646
30.5 -8.027
30.5 -12.669
30.5 -11.07
30.5 -9.625
30.5 -15.055
30.5 -5.148
30.5 -9.233
30.5 -4.816
30.5 -6.179
30.5 -4.267
30.5 -10.879
30.5 -9.132
30.5 -4.145
30.5 -6.442
30.5 -7.915
30.5 -9.243
30.5 -8.916
30.5 -4.831
30.5 -7.796
30.5 -9.075
30.5 -9.544
30.5 -8.763
30.5 -6.839
30.5 -15.214
30.5 -7.476
30.5 -6.362
30.5 -4.991
30.5 -6.305
30.5 -3.318
30.5 -5.299
30.5 -6.237
30.5 -8.232
30.5 -6.397
30.5 -6.687
30.5 -8.157
30.5 -6.253
30.5 -5.33
30.5 -6.589
30.5 -3.274
30.5 -6.74
30.5 -6.137
30.5 -5.877
30.5 -11.207
30.5 -11.849
30.5 -5.542
30.5 -5.863
30.5 -10.597
30.5 -4.414
30.5 -5.331
30.5 -10.112
30.5 -10.246
30.5 -9.587
30.5 -4.283
30.5 -6.727
30.5 -7.429
30.5 -6.94
30.5 -7.313
30.5 -7.48
30.5 -9.273
30.5 -10.328
31.0 -9.588
31.0 -14.867
31.0 -5.527
31.0 -7.738
31.0 -6.656
31.0 -5.575
31.0 -4.318
31.0 -8.194
31.0 -9.49
31.0 -10.872
31.0 -7.916
31.0 -7.265
31.0 -8.177
31.0 -6.157
31.0 -5.841
31.0 -4.518
31.0 -4.92
31.0 -4.994
31.0 -9.877
31.0 -4.412
31.0 -5.119
31.0 -4.839
31.0 -8.132
31.0 -6.734
31.0 -7.509
31.0 -5.381
31.0 -2.606
31.0 -8.22
31.0 -5.001
31.0 -6.601
31.0 -5.009
31.0 -6.368
31.0 -5.297
31.0 -6.498
31.0 -4.386
31.0 -7.055
31.0 -7.445
31.0 -5.316
31.0 -3.696
31.0 -6.651
31.0 -7.711
31.0 -8.34
31.0 -8.077
31.0 -3.747
31.0 -6.433
31.0 -6.51
31.0 -7.707
31.0 -6.198
31.0 -6.164
31.0 -9.925
31.0 -7.857
31.5 -5.362
31.5 -2.756
31.5 -2.827
32.0 -5.384
32.0 -5.395
32.0 -5.062
32.0 -3.034
32.0 -6.251
32.0 -5.687
32.0 -6.952
32.0 -5.113
32.0 -6.484
32.0 -6.124
32.0 -4.655
32.0 -10.401
32.0 -10.426
32.0 -5.458
32.0 -8.805
32.0 -5.059
32.0 -5.996
32.0 -9.103
32.0 -4.412
32.0 -7.09
32.0 -6.321
32.0 -6.075
32.0 -12.56
32.0 -5.947
32.0 -9.272
32.5 -5.743
32.5 -4.32
32.5 -6.337
32.5 -6.897
32.5 -5.976
32.5 -4.464
32.5 -2.829
32.5 -2.531
32.5 -5.706
32.5 -4.376
32.5 -9.883
32.5 -6.658
32.5 -6.578
32.5 -2.714
32.5 -5.414
32.5 -10.085
32.5 -6.733
32.5 -12.611
32.5 -11.886
32.5 -11.829
32.5 -7.16
32.5 -6.911
32.5 -12.537
32.5 -7.283
32.5 -11.956
32.5 -12.473
32.5 -8.863
32.5 -7.456
32.5 -6.525
32.5 -10.28
32.5 -9.874
32.5 -12.134
33.0 -6.004
33.0 -4.45
33.0 -5.695
33.0 -8.028
33.0 -8.166
33.0 -3.79
33.0 -6.357
33.0 -4.31
33.0 -7.521
33.0 -3.309
33.0 -10.968
33.0 -6.997
33.0 -6.493
33.0 -10.239
33.0 -11.231
33.0 -9.992
33.0 -7.357
33.0 -9.467
33.0 -7.009
33.0 -6.55
33.0 -2.483
33.0 -6.59
33.0 -7.844
33.0 -9.667
33.0 -11.042
33.0 -8.709
33.0 -12.331
33.0 -8.601
33.0 -7.966
33.0 -4.463
33.0 -6.578
33.0 -6.836
33.0 -7.094
33.0 -10.365
33.0 -7.071
33.0 -5.825
33.0 0.049
33.0 -6.173
33.0 -3.512
33.0 -8.303
33.0 -9.483
33.0 -9.04
33.0 -12.018
33.0 -12.319
33.0 -10.296
33.0 -10.299
33.0 -6.065
33.0 -7.642
33.0 -8.24
33.0 -10.829
33.0 -9.94
33.0 -8.676
33.0 -8.449
33.0 -15.828
33.0 -12.661
33.0 -14.823
33.0 -10.326
33.0 -8.614
33.0 -12.194
33.0 -12.295
33.0 -14.594
33.0 -12.136
33.0 -10.637
33.0 -9.112
33.0 -9.417
33.0 -8.335
33.0 -12.838
33.0 -7.893
33.0 -9.852
33.0 -15.055
33.0 -11.547
33.0 -13.92
33.0 -10.832
33.0 -14.147
33.0 -8.082
33.0 -5.708
33.0 -10.745
33.0 -8.237
33.0 -15.014
33.0 -5.49
33.0 -2.831
33.0 -3.4
33.0 -7.234
33.0 -4.173
33.0 -10.371
33.0 -2.845
33.0 -3.297
33.0 -2.38
33.0 -7.389
33.0 -4.501
33.0 -8.994
33.0 -5.012
33.0 -13.317
33.0 -12.593
33.0 -4.242
33.0 -10.386
33.0 -10.082
33.0 -12.633
33.0 -13.074
33.0 -10.901
33.5 -9.862
33.5 -6.309
33.5 -6.561
33.5 -8.62
34.0 -12.448
34.0 -7.643
34.0 -7.472
34.0 -6.85
34.0 -9.288
34.0 -10.785
34.0 -10.965
34.0 -10.283
34.0 -13.761
34.0 -6.979
34.0 -8.706
34.0 -7.622
34.0 -10.142
34.0 -8.78
34.0 -8.235
34.0 -9.226
34.0 -10.306
34.0 -13.676
34.0 -12.533
34.0 -12.099
34.0 -11.474
34.0 -12.983
34.0 -14.234
34.0 -8.436
34.0 -13.649
34.0 -10.139
34.0 -8.593
34.0 -11.409
34.0 -13.228
34.0 -11.123
34.0 -16.407
34.0 -12.972
34.0 -13.023
34.0 -9.578
34.0 -12.596
34.0 -15.55
34.0 -12.68
34.0 -12.025
34.0 -13.353
34.5 -7.631
34.5 -10.346
34.5 -8.446
34.5 -6.648
34.5 -7.611
34.5 -7.252
34.5 -8.905
34.5 -5.676
34.5 -12.891
34.5 -8.816
34.5 -7.631
34.5 -9.936
34.5 -12.037
34.5 -10.737
34.5 -10.939
34.5 -14.297
34.5 -13.423
34.5 -14.15
34.5 -17.211
34.5 -14.001
34.5 -10.441
34.5 -12.086
34.5 -13.052
34.5 -9.269
34.5 -10.905
34.5 -12.176
34.5 -8.395
34.5 -10.958
34.5 -13.559
34.5 -15.726
34.5 -8.391
34.5 -13.875
34.5 -12.537
34.5 -13.721
34.5 -13.352
34.5 -13.772
34.5 -14.057
34.5 -12.385
34.5 -15.0
34.5 -14.709
34.5 -8.26
34.5 -10.162
34.5 -13.996
34.5 -5.56
34.5 -9.783
34.5 -9.504
34.5 -9.36
34.5 -7.664
34.5 -7.144
34.5 -9.603
34.5 -11.371
34.5 -6.559
34.5 -8.485
34.5 -16.917
34.5 -15.096
34.5 -8.516
34.5 -12.519
34.5 -12.459
34.5 -13.808
34.5 -11.1
34.5 -16.564
34.5 -15.254
34.5 -8.951
34.5 -12.36
34.5 -9.408
34.5 -10.358
34.5 -9.706
34.5 -7.294
34.5 -9.243
34.5 -8.999
34.5 -11.259
34.5 -11.206
34.5 -8.495
34.5 -7.312
34.5 -6.025
34.5 -6.352
34.5 -10.833
34.5 -16.856
34.5 -7.701
34.5 -15.17
34.5 -12.304
34.5 -13.979
34.5 -13.265
34.5 -12.952
34.5 -13.475
34.5 -8.681
34.5 -7.358
34.5 -15.564
34.5 -15.632
34.5 -11.712
34.5 -9.444
34.5 -8.366
34.5 -6.675
34.5 -7.068
34.5 -7.855
34.5 -16.148
34.5 -11.664
35.0 -10.044
35.0 -11.368
35.0 -17.309
35.0 -13.309
35.0 -8.738
35.0 -9.995
35.0 -13.668
35.0 -10.87
35.0 -10.936
35.0 -12.56
500
-42.0 -232.528
-40.5 -144.683
-26.0 -115.15
-1.5 -92.945
8.0 -88.735
8.0 -76.814
8.0 -62.638
14.5 -57.56
18.0 -48.694
18.0 -39.227
18.0 -36.499
18.0 -27.596
18.0 -34.837
23.0 -21.089
23.0 -23.407
23.0 -21.513
23.0 -18.741
23.0 -15.547
23.0 -17.066
23.0 -14.321
23.5 -13.568
23.5 -8.574
23.5 -10.927
24.0 -9.148
24.0 -8.561
24.0 -9.536
24.0 -7.443
24.0 -9.59
24.0 -6.088
24.5 -7.495
24.5 -6.183
24.5 -5.416
24.5 -7.578
24.5 -10.641
24.5 -10.221
24.5 -11.589
24.5 -12.052
24.5 -4.455
24.5 -5.428
25.5 -10.123
25.5 -7.827
25.5 -5.612
25.5 -8.216
27.5 -10.937
27.5 -7.087
27.5 -12.176
27.5 -8.57
28.5 -6.957
28.5 -5.964
28.5 -10.513
28.5 -13.432
28.5 -7.218
28.5 -5.422
28.5 -11.323
28.5 -10.497
28.5 -5.679
28.5 -6.401
28.5 -6.97
28.5 -4.889
28.5 -6.638
28.5 -6.291
28.5 -10.872
28.5 -12.629
28.5 -9.064
28.5 -16.782
28.5 -10.331
28.5 -10.123
28.5 -4.569
28.5 -4.897
28.5 -7.895
28.5 -11.01
28.5 -11.56
28.5 -10.506
28.5 -9.259
28.5 -4.738
28.5 -8.778
28.5 -8.608
30.0 -6.896
30.0 -8.688
30.0 -7.142
30.0 -8.922
30.0 -8.585
30.0 -9.207
30.0 -12.678
30.0 -7.764
30.0 -13.081
30.0 -8.341
30.0 -9.574
30.0 -10.051
30.0 -6.891
30.0 -7.141
30.0 -4.66
30.0 -12.033
30.0 -10.393
30.0 -7.42
30.0 -4.707
30.0 -5.078
30.0 -12.137
30.0 -11.661
30.0 -12.013
30.0 -11.763
30.0 -13.516
30.0 -10.952
30.0 -12.152
30.0 -14.464
30.0 -13.436
30.0 -10.356
30.0 -9.098
30.0 -7.82
30.0 -7.878
30.0 -7.688
30.0 -8.282
30.0 -12.109
30.0 -10.574
30.0 -13.009
30.0 -7.988
30.0 -7.138
30.0 -12.469
30.0 -11.967
30.0 -12.02
30.0 -9.987
30.0 -12.035
30.0 -12.323
30.0 -17.258
30.0 -10.138
30.0 -15.826
30.0 -8.327
30.0 -5.762
30.0 -9.615
30.0 -13.05
30.0 -7.431
30.0 -12.209
30.0 -9.576
30.0 -11.812
30.0 -6.816
30.0 -7.249
30.0 -14.372
30.0 -16.063
30.0 -10.116
30.0 -12.257
30.0 -13.877
30.0 -9.049
30.0 -9.943
30.0 -12.229
30.5 -10.092
30.5 -7.826
30.5 -8.976
30.5 -9.096
30.5 -7.295
30.5 -8.81
30.5 -8.09
30.5 -9.948
30.5 -11.418
30.5 -8.023
30.5 -10.671
30.5 -6.878
30.5 -9.041
30.5 -8.006
30.5 -19.697
30.5 -12.175
30.5 -8.811
30.5 -8.842
31.0 -8.616
31.0 -6.379
31.0 -8.448
31.0 -8.317
31.0 -12.415
31.0 -8.969
31.0 -7.978
31.0 -7.269
31.0 -12.567
31.0 -11.105
31.0 -10.443
31.0 -6.009
31.0 -7.36
31.5 -5.835
31.5 -8.74
31.5 -10.578
31.5 -9.705
31.5 -3.156
31.5 -3.974
31.5 -9.755
31.5 -11.197
31.5 -6.467
31.5 -12.925
31.5 -11.468
31.5 -6.981
31.5 -10.937
31.5 -8.324
31.5 -7.4
31.5 -11.364
31.5 -10.929
31.5 -7.475
31.5 -7.773
31.5 -12.197
31.5 -11.12
31.5 -7.953
31.5 -8.524
31.5 -10.535
31.5 -8.928
31.5 -5.733
31.5 -3.57
31.5 -10.453
31.5 -7.511
31.5 -9.83
31.5 -14.19
31.5 -12.005
31.5 -11.629
31.5 -12.169
31.5 -6.92
31.5 -7.566
31.5 -7.083
31.5 -8.796
31.5 -13.503
31.5 -7.661
31.5 -5.763
31.5 -7.639
31.5 -4.608
31.5 -7.104
31.5 -5.9
31.5 -12.279
31.5 -7.881
31.5 -13.03
31.5 -7.462
31.5 -9.658
31.5 -9.862
31.5 -8.685
31.5 -10.391
31.5 -11.25
31.5 -10.374
31.5 -11.605
31.5 -8.999
31.5 -9.159
31.5 -9.053
31.5 -9.986
31.5 -9.27
31.5 -11.045
31.5 -11.967
31.5 -8.97
31.5 -10.241
31.5 -9.444
31.5 -11.176
31.5 -12.827
32.0 -8.643
32.0 -9.584
32.0 -9.742
32.0 -6.97
32.0 -16.688
32.0 -12.588
32.0 -11.647
32.0 -7.724
32.0 -9.618
32.0 -7.506
32.0 -7.335
32.0 -11.804
32.0 -9.532
32.0 -8.827
32.0 -9.022
32.0 -9.705
32.0 -10.357
32.0 -9.697
32.0 -9.385
32.0 -8.457
32.0 -6.57
32.0 -7.539
32.0 -6.097
32.0 -11.464
32.0 -11.066
32.0 -8.049
32.0 -5.165
32.0 -7.256
32.0 -10.071
32.0 -16.053
32.0 -9.883
33.0 -10.096
33.0 -8.915
33.0 -3.027
33.0 -7.78
33.0 -8.854
33.0 -10.315
33.0 -9.46
33.0 -6.574
33.0 -7.127
33.0 -10.384
33.0 -12.275
33.0 -9.163
33.0 -11.262
33.0 -11.113
33.0 -9.135
33.0 -8.092
33.0 -10.946
33.0 -5.775
33.0 -8.372
33.0 -6.912
33.0 -11.358
33.0 -14.48
33.0 -8.583
33.0 -9.253
33.0 -7.164
33.0 -12.448
33.0 -12.604
33.0 -9.258
33.0 -6.114
33.0 -8.932
33.0 -7.866
33.0 -10.156
33.0 -11.703
33.0 -11.556
33.0 -11.024
33.0 -8.307
33.0 -5.927
33.0 -7.731
33.0 -11.061
33.0 -9.0
33.0 -6.815
33.0 -8.947
33.0 -9.978
33.0 -11.844
33.0 -11.302
33.0 -11.871
33.0 -7.491
33.0 -11.234
33.0 -5.834
33.0 -8.102
33.0 -15.279
33.0 -12.112
33.0 -7.857
33.0 -10.772
33.0 -12.279
33.0 -7.257
33.0 -7.16
33.0 -11.443
33.0 -12.309
33.0 -9.062
33.0 -9.181
33.0 -3.299
33.0 -7.413
33.0 -9.347
33.0 -8.547
33.0 -8.447
33.0 -4.678
33.0 -8.325
33.0 -11.409
33.0 -13.701
33.0 -5.571
33.0 -6.294
33.0 -5.553
33.0 -5.103
33.0 -8.427
33.0 -8.874
33.0 -6.937
33.0 -7.425
33.0 -7.682
33.0 -11.201
33.0 -5.163
33.0 -7.64
33.0 -8.051
33.0 -6.801
33.0 -7.434
33.0 -5.997
33.0 -8.896
33.0 -12.644
33.0 -9.695
33.0 -9.093
33.0 -7.869
33.0 -6.029
33.0 -10.341
33.0 -6.189
33.0 -5.055
33.0 -9.688
33.0 -13.987
33.0 -11.771
33.0 -10.335
33.0 -12.267
33.0 -8.642
33.0 -11.271
33.0 -9.962
33.0 -9.891
33.0 -8.912
33.0 -11.59
33.0 -7.787
33.0 -9.24
33.0 -7.621
33.0 -7.542
33.0 -13.677
33.0 -12.267
33.0 -12.299
33.0 -9.486
33.0 -9.335
33.0 -5.632
33.0 -5.966
33.0 -8.535
33.0 -5.305
33.0 -6.147
34.5 -8.577
34.5 -6.631
34.5 -10.276
34.5 -9.246
34.5 -6.408
34.5 -8.259
34.5 -13.171
34.5 -11.033
34.5 -8.857
34.5 -10.424
34.5 -9.594
34.5 -6.502
34.5 -5.442
34.5 -10.425
34.5 -9.773
34.5 -7.145
34.5 -7.187
34.5 -6.636
34.5 -9.208
34.5 -10.256
34.5 -7.158
34.5 -8.301
34.5 -6.616
34.5 -9.749
34.5 -9.336
34.5 -7.251
34.5 -6.114
34.5 -9.99
34.5 -7.628
34.5 -7.334
34.5 -10.507
34.5 -7.904
34.5 -6.848
34.5 -10.252
34.5 -7.709
34.5 -4.786
34.5 -4.189
34.5 -7.334
34.5 -5.299
34.5 -3.806
35.0 -5.866
35.0 -2.542
35.0 -9.199
35.0 -5.914
35.0 -6.989
35.0 -5.386
35.0 -5.589
35.0 -9.804
35.0 -10.238
35.0 -5.736
35.0 -3.297
35.0 -3.399
35.0 -2.949
35.0 -7.687
35.0 -7.192
35.0 -4.816
35.0 -9.901
35.0 -8.237
35.0 -5.576
35.0 -8.842
35.0 -8.214
35.0 -6.657
35.0 -6.998
35.0 -4.483
35.0 -5.412
35.0 -4.707
35.0 -8.815
35.0 -5.808
35.0 -6.332
35.0 -4.61
35.0 -6.293
35.0 -7.434
35.0 -11.35
35.0 -11.6
35.0 -4.948
35.0 -7.064
35.0 -8.159
35.0 -9.692
35.0 -10.174
35.0 -10.387
35.0 -5.287
35.0 -5.429
35.0 -6.576
35.0 -6.258
35.0 -5.333
35.0 -13.109
35.0 -7.496
35.0 -4.759
35.0 -4.171
35.0 -10.861
35.0 -5.651
35.0 -7.957
35.0 -4.291
35.0 -5.093
35.0 -5.678
35.0 -12.189
35.0 -9.396
35.0 -5.435
35.0 -7.046
35.0 -8.005
35.0 -7.114
35.0 -6.143
35.0 -10.675
35.0 -13.856
35.0 -9.052
35.0 -7.27
500
-33.0 -225.694
-21.0 -146.132
-9.5 -120.339
-6.0 -96.053
-6.0 -89.577
-3.5 -69.47
3.5 -58.307
14.0 -52.132
14.0 -42.337
14.0 -45.099
14.0 -32.57
19.5 -28.021
20.5 -24.002
20.5 -27.034
20.5 -18.238
20.5 -19.263
20.5 -21.352
21.0 -16.207
22.0 -16.606
22.0 -12.165
22.0 -12.7
22.0 -15.117
22.0 -12.366
22.5 -10.831
22.5 -13.03
22.5 -7.972
24.0 -13.971
24.0 -15.27
24.0 -15.05
24.0 -11.049
24.0 -12.167
24.0 -9.483
24.0 -11.904
24.5 -14.196
24.5 -11.074
24.5 -12.627
24.5 -12.177
24.5 -9.059
24.5 -8.124
24.5 -9.167
24.5 -8.202
24.5 -4.71
24.5 -4.81
26.0 -8.458
26.0 -7.962
26.0 -6.396
26.0 -9.682
26.0 -11.799
26.0 -9.104
26.0 -7.861
26.0 -12.225
26.0 -7.552
26.0 -7.516
26.0 -7.268
26.0 -7.928
26.0 -7.272
26.0 -9.236
26.0 -9.981
26.0 -11.376
26.0 -8.526
27.0 -9.535
27.0 -12.105
27.0 -13.561
27.0 -7.795
27.0 -7.718
27.0 -11.714
27.0 -13.545
27.0 -14.181
27.0 -12.818
27.0 -11.26
27.0 -13.377
27.0 -12.631
27.0 -12.119
27.0 -10.257
27.0 -8.907
27.0 -13.11
27.0 -11.211
27.0 -12.264
27.0 -14.926
27.0 -12.147
27.0 -9.47
27.0 -11.565
27.0 -10.299
27.0 -13.185
27.0 -12.777
27.0 -10.743
27.0 -7.186
27.0 -8.241
27.0 -7.983
27.0 -7.349
27.0 -11.129
31.0 -11.386
31.0 -7.29
31.0 -8.135
31.0 -11.308
31.0 -14.232
31.0 -13.953
31.0 -12.521
31.0 -18.276
31.0 -12.515
31.0 -9.977
31.0 -13.977
31.0 -7.864
31.0 -12.984
31.0 -16.649
31.0 -16.532
31.0 -10.714
31.0 -13.388
31.0 -11.14
31.0 -10.865
31.0 -9.789
31.0 -7.442
31.0 -8.592
31.0 -11.473
31.0 -9.733
31.0 -12.325
31.0 -11.196
31.0 -7.444
31.0 -8.779
31.0 -11.619
31.0 -13.064
31.0 -9.312
31.0 -8.641
31.0 -7.897
31.0 -2.319
31.0 -1.52
31.0 -1.668
31.0 -6.165
31.0 -4.857
31.0 -7.023
31.0 -5.282
31.0 -8.006
31.0 -6.38
31.0 -8.219
31.5 -9.864
31.5 -9.268
31.5 -8.774
31.5 -11.933
31.5 -11.556
31.5 -4.222
31.5 -8.965
31.5 -6.736
31.5 -9.796
31.5 -9.37
31.5 -6.369
31.5 -9.575
31.5 -10.627
31.5 -7.496
31.5 -8.118
31.5 -10.798
31.5 -13.128
31.5 -8.054
31.5 -10.943
31.5 -10.35
31.5 -7.697
31.5 -7.325
31.5 -9.968
32.0 -12.419
32.0 -11.355
32.0 -9.091
32.0 -13.806
32.0 -14.17
32.0 -12.957
32.0 -18.058
32.0 -15.834
32.0 -11.935
32.0 -13.723
32.0 -14.066
32.0 -13.267
32.0 -12.53
32.0 -10.163
32.0 -9.717
32.0 -8.482
32.0 -10.714
32.0 -10.668
32.0 -7.601
32.0 -7.5
32.0 -5.431
32.0 -6.136
32.0 -9.91
32.0 -11.376
32.0 -8.007
32.0 -10.055
32.0 -7.925
32.0 -7.506
32.0 -9.976
32.0 -7.478
32.0 -5.408
32.0 -6.864
32.0 -2.394
32.0 -7.923
32.0 -3.815
32.0 -9.074
32.0 -7.421
32.0 -10.239
32.0 -9.52
32.0 -5.476
32.0 -7.828
32.0 -7.427
32.0 -5.767
32.0 -4.107
32.0 -4.54
32.0 -5.88
32.0 -9.459
32.0 -14.28
32.0 -15.411
32.0 -9.104
32.0 -10.813
32.0 -9.191
32.0 -7.715
32.0 -8.994
32.0 -5.973
32.0 -17.92
32.0 -9.651
32.0 -9.409
32.0 -10.379
32.0 -14.636
32.0 -10.654
32.0 -7.837
32.0 -8.823
32.0 -8.974
32.0 -12.044
32.0 -13.726
32.0 -8.687
32.0 -5.974
32.0 -7.139
32.0 -6.645
32.0 -9.239
32.0 -8.509
32.0 -11.08
32.0 -9.522
32.0 -7.105
32.0 -9.182
32.0 -8.454
32.0 -9.774
32.0 -7.725
32.5 -11.032
32.5 -5.468
32.5 -9.657
32.5 -4.47
32.5 -3.734
32.5 -6.151
32.5 -7.255
32.5 -10.079
32.5 -8.301
32.5 -11.318
32.5 -8.393
33.0 -9.755
33.0 -14.088
33.0 -13.917
33.0 -14.123
33.0 -11.433
33.0 -8.319
33.0 -7.201
33.0 -9.208
33.0 -9.756
33.0 -9.683
33.0 -6.759
33.0 -6.495
33.0 -8.031
33.0 -7.147
33.0 -7.588
33.0 -8.883
33.0 -9.954
33.0 -14.015
33.0 -8.244
33.0 -6.611
33.0 -1.986
33.0 -5.753
33.0 -5.26
33.0 -10.384
33.0 -12.532
33.0 -12.594
33.0 -6.798
33.0 -9.572
33.0 -12.149
33.0 -4.987
33.0 -7.453
33.0 -8.357
33.0 -11.104
33.0 -11.282
33.0 -6.876
33.0 -7.969
33.0 -8.024
33.0 -5.527
33.0 -5.015
33.0 -7.42
33.0 -7.346
33.0 -3.863
33.0 -6.086
33.0 -5.096
33.0 -7.107
33.0 -5.904
33.0 -7.102
33.0 -8.227
33.0 -8.337
33.0 -7.244
33.0 -7.838
33.0 -7.871
33.0 -8.886
33.0 -10.276
33.0 -7.063
33.0 -8.158
33.0 -6.634
33.0 -11.708
33.0 -10.002
33.0 -8.36
33.0 -10.706
33.0 -13.949
33.0 -11.666
33.0 -12.252
33.0 -11.415
33.0 -17.345
33.0 -12.61
33.0 -12.038
33.0 -6.869
33.0 -10.845
33.0 -10.691
33.0 -12.739
33.0 -10.008
33.0 -7.942
33.0 -9.773
33.0 -6.031
33.0 -11.124
33.0 -12.709
33.0 -13.963
33.0 -8.924
33.0 -11.344
33.0 -10.837
33.0 -6.627
33.0 -12.27
33.0 -8.06
33.0 -6.982
33.0 -8.43
33.0 -5.366
33.0 -10.498
33.0 -9.932
33.0 -9.766
33.0 -9.262
33.0 -14.19
33.0 -12.208
33.0 -13.133
33.0 -12.581
33.0 -11.187
33.0 -9.631
33.0 -8.55
33.0 -4.675
33.0 -5.809
33.0 -8.634
33.0 -10.518
33.0 -5.926
33.0 -9.519
33.0 -5.42
33.0 -10.998
33.0 -11.4
33.0 -9.995
33.0 -10.332
33.0 -12.539
33.0 -10.261
33.0 -9.522
33.0 -8.507
33.0 -7.554
33.0 -9.775
33.0 -7.23
33.0 -10.496
33.0 -10.092
33.0 -8.822
33.0 -11.202
33.0 -8.962
33.0 -5.479
33.0 -8.028
33.0 -8.386
33.0 -5.869
33.0 -6.763
33.0 -9.535
33.0 -6.411
33.0 -9.164
33.0 -4.066
33.0 -6.116
33.0 -8.864
33.0 -6.381
33.0 -7.593
33.0 -8.136
33.0 -8.281
33.0 -13.963
33.0 -13.698
33.0 -15.068
33.0 -8.135
33.0 -11.635
33.0 -7.799
33.0 -4.464
33.0 -2.823
33.0 -7.124
33.0 -8.025
33.0 -9.495
33.0 -6.789
33.0 -10.151
33.0 -9.374
33.0 -8.717
33.0 -4.977
33.0 -7.748
33.0 -11.259
33.0 -9.797
33.0 -10.598
33.0 -11.733
33.0 -7.731
33.0 -6.463
33.0 -1.509
33.0 -7.997
33.0 -6.433
33.0 -8.101
33.0 -9.582
33.0 -8.021
33.0 -9.785
33.0 -12.401
33.0 -7.685
33.0 -9.523
33.0 -12.751
33.0 -11.249
33.0 -8.607
33.0 -11.143
33.0 -15.152
33.0 -13.524
33.0 -7.477
33.0 -14.144
33.0 -9.368
33.0 -5.38
33.0 -6.969
33.0 -9.403
33.5 -9.249
33.5 -10.573
33.5 -8.068
33.5 -11.794
33.5 -6.496
33.5 -9.884
33.5 -11.534
33.5 -12.757
33.5 -9.252
33.5 -8.814
33.5 -5.386
33.5 -7.235
33.5 -6.412
33.5 -8.325
33.5 -10.131
33.5 -12.583
33.5 -12.663
33.5 -13.103
33.5 -11.483
33.5 -8.141
33.5 -9.825
33.5 -7.877
33.5 -8.893
33.5 -10.069
33.5 -9.043
33.5 -10.239
34.0 -6.958
34.0 -11.529
34.0 -9.631
34.0 -11.899
34.0 -13.659
34.0 -15.032
34.0 -12.249
34.0 -12.79
34.0 -11.013
34.0 -6.707
34.0 -9.059
34.0 -6.649
34.0 -9.96
34.0 -7.998
34.0 -12.315
34.0 -12.741
34.0 -7.768
34.0 -10.94
34.0 -13.64
34.0 -9.928
34.0 -10.05
34.0 -9.224
34.0 -10.092
34.0 -8.289
34.0 -11.094
34.0 -9.866
34.0 -8.051
34.0 -8.828
34.0 -8.309
34.0 -9.595
34.0 -7.767
34.0 -8.216
34.0 -11.886
34.0 -8.763
34.0 -10.183
34.0 -5.732
34.0 -7.333
34.0 -9.087
34.0 -11.049
34.0 -5.827
34.0 -8.244
34.0 -9.669
34.0 -9.45
34.0 -8.455
34.0 -4.219
500
-40.5 -231.821
-25.5 -138.582
-17.5 -115.104
-1.5 -107.418
4.0 -75.079
4.0 -67.093
11.0 -51.077
11.0 -40.981
11.5 -41.433
17.5 -41.169
17.5 -31.653
17.5 -25.922
22.0 -24.354
22.0 -12.46
22.0 -14.725
22.0 -16.32
22.0 -15.818
22.0 -15.021
22.0 -14.078
22.0 -8.476
22.0 -13.759
22.0 -11.815
23.5 -8.773
23.5 -10.744
24.0 -11.563
24.0 -11.62
24.0 -13.489
24.0 -10.177
24.0 -13.515
24.0 -11.078
24.0 -15.593
26.5 -17.503
26.5 -14.9
26.5 -9.702
26.5 -9.858
26.5 -11.839
26.5 -18.159
26.5 -10.193
26.5 -11.028
26.5 -9.614
26.5 -8.426
26.5 -12.329
26.5 -8.677
26.5 -12.542
26.5 -11.272
26.5 -12.248
26.5 -10.644
26.5 -13.992
26.5 -12.105
26.5 -8.624
26.5 -6.557
26.5 -12.351
26.5 -12.054
26.5 -10.408
26.5 -9.644
26.5 -6.801
26.5 -8.525
26.5 -7.39
26.5 -9.336
26.5 -16.193
26.5 -7.21
26.5 -9.239
28.0 -10.576
28.0 -14.397
28.0 -8.287
28.0 -12.047
28.0 -11.584
28.0 -11.65
28.0 -14.362
28.0 -6.467
28.0 -11.444
28.0 -9.757
29.5 -8.618
29.5 -12.127
29.5 -7.264
29.5 -6.387
29.5 -9.919
29.5 -10.229
29.5 -8.895
29.5 -4.253
29.5 -10.433
29.5 -9.061
29.5 -10.899
29.5 -9.743
29.5 -7.641
29.5 -12.289
29.5 -10.087
29.5 -13.933
29.5 -9.165
29.5 -9.334
29.5 -3.369
29.5 -8.192
29.5 -8.608
29.5 -10.905
29.5 -11.675
29.5 -12.632
29.5 -12.51
29.5 -10.349
29.5 -8.656
29.5 -8.643
29.5 -8.964
29.5 -7.265
29.5 -16.599
29.5 -10.599
29.5 -15.13
29.5 -13.973
29.5 -12.193
29.5 -9.125
29.5 -4.486
29.5 -5.978
29.5 -11.743
29.5 -5.316
29.5 -5.35
29.5 -7.614
29.5 -7.729
29.5 -5.253
29.5 -11.407
29.5 -7.595
29.5 -9.072
29.5 -6.391
29.5 -5.523
29.5 -7.178
29.5 -4.396
29.5 -9.813
29.5 -7.072
29.5 -9.329
29.5 -15.471
29.5 -10.681
29.5 -11.685
29.5 -6.994
30.0 -5.256
30.0 -11.78
30.0 -11.135
30.0 -7.776
30.0 -10.773
30.0 -9.901
30.0 -18.937
30.0 -12.575
30.0 -13.696
30.0 -14.418
30.0 -5.732
30.0 -9.52
30.0 -10.993
30.0 -6.362
30.0 -8.809
30.0 -9.457
30.0 -8.898
30.5 -13.308
30.5 -13.476
30.5 -6.768
30.5 -11.346
30.5 -8.096
30.5 -7.225
30.5 -7.421
30.5 -11.131
30.5 -13.502
30.5 -8.599
30.5 -6.204
30.5 -9.15
30.5 -8.884
30.5 -8.338
30.5 -8.751
31.0 -10.981
31.0 -9.81
31.0 -8.006
31.0 -9.389
31.0 -11.846
31.0 -9.001
31.0 -8.61
31.0 -8.839
31.0 -7.759
31.0 -8.125
31.0 -8.723
31.0 -7.248
31.0 -11.454
31.0 -16.913
31.0 -12.467
31.0 -16.02
31.0 -13.872
31.0 -14.003
31.0 -14.251
31.0 -7.522
31.0 -14.47
31.5 -14.099
31.5 -9.441
31.5 -9.341
31.5 -6.537
31.5 -12.828
31.5 -8.054
31.5 -9.518
31.5 -7.167
31.5 -9.458
31.5 -8.707
31.5 -8.597
31.5 -10.224
31.5 -7.795
31.5 -7.545
31.5 -8.404
31.5 -11.498
31.5 -11.8
31.5 -8.601
31.5 -9.603
31.5 -12.098
31.5 -11.986
31.5 -7.549
31.5 -7.764
31.5 -10.512
31.5 -14.381
31.5 -11.008
31.5 -9.906
31.5 -9.504
31.5 -10.488
31.5 -11.052
31.5 -7.358
31.5 -9.595
31.5 -7.932
31.5 -5.626
31.5 -10.152
31.5 -11.65
31.5 -11.325
31.5 -11.225
31.5 -13.736
32.0 -10.927
32.0 -8.633
32.0 -8.44
32.0 -5.039
32.0 -5.791
32.0 -7.08
32.0 -9.899
32.0 -9.182
32.0 -11.802
32.0 -11.121
32.0 -9.907
32.0 -5.359
32.0 -8.355
32.0 -4.246
32.0 -4.221
32.0 -10.66
32.0 -8.59
32.0 -10.106
32.0 -9.87
32.0 -8.76
32.0 -13.249
32.0 -9.964
32.0 -7.259
32.0 -7.094
32.0 -7.259
32.0 -4.522
32.0 -6.612
32.0 -9.91
32.0 -8.848
32.0 -7.696
32.0 -6.004
32.0 -8.46
32.0 -10.43
32.0 -12.62
32.0 -11.174
32.0 -7.272
32.0 -3.578
32.0 -5.133
32.0 -7.164
32.0 -5.385
32.0 -3.985
32.0 -6.858
32.0 -7.357
32.0 -4.695
32.0 -12.294
32.0 -8.844
32.0 -15.171
32.0 -11.161
32.0 -11.203
32.0 -7.595
32.0 -8.102
32.0 -10.306
32.0 -10.21
32.0 -9.007
32.0 -8.643
32.0 -11.514
32.0 -6.335
32.0 -8.336
32.0 -10.016
32.0 -13.223
32.0 -8.379
32.0 -9.176
32.0 -8.934
32.0 -12.911
32.0 -8.647
32.0 -6.73
32.0 -9.023
32.0 -9.283
32.0 -12.956
32.0 -12.674
32.0 -9.04
32.0 -8.659
32.0 -9.146
32.0 -10.527
32.0 -8.139
32.0 -7.766
32.0 -8.082
32.0 -10.453
32.0 -10.394
32.0 -12.141
32.0 -13.383
32.0 -7.435
32.0 -9.546
32.0 -8.043
32.0 -10.337
32.0 -8.925
32.0 -4.031
32.0 -9.95
32.0 -5.884
32.0 -4.396
32.0 -7.972
32.0 -12.31
32.0 -13.407
32.0 -13.734
32.0 -7.587
32.5 -6.849
32.5 -6.836
32.5 -7.402
32.5 -11.018
32.5 -7.429
32.5 -9.483
32.5 -5.256
32.5 -5.394
32.5 -7.222
32.5 -8.693
32.5 -12.512
32.5 -11.734
32.5 -12.065
32.5 -12.158
32.5 -8.054
32.5 -11.383
32.5 -16.01
32.5 -7.257
32.5 -10.919
32.5 -8.118
32.5 -6.54
32.5 -7.251
32.5 -7.404
32.5 -7.114
32.5 -6.038
33.0 -9.269
33.0 -8.917
33.0 -9.461
33.0 -9.239
33.0 -9.894
33.0 -8.445
33.0 -8.134
33.0 -11.11
33.0 -7.78
33.0 -8.323
33.0 -10.82
33.0 -4.559
33.0 -10.882
33.0 -10.957
33.0 -11.382
33.0 -11.947
33.0 -14.345
33.0 -9.366
33.0 -12.138
33.0 -7.026
33.0 -4.893
33.0 -7.728
33.0 -11.241
33.0 -8.653
33.0 -6.698
33.0 -7.38
33.0 -6.806
33.0 -10.902
33.0 -8.633
33.0 -7.79
33.0 -10.451
33.0 -12.27
33.0 -9.778
33.0 -16.004
33.0 -11.694
33.0 -9.365
33.0 -8.999
33.0 -13.673
33.0 -12.643
33.0 -19.702
33.0 -15.023
33.0 -15.378
33.0 -14.68
33.0 -10.023
33.0 -11.223
33.0 -8.211
33.0 -9.723
33.0 -9.006
33.0 -11.821
33.0 -8.796
33.0 -8.113
33.0 -10.224
33.0 -10.131
33.0 -11.476
33.0 -11.572
33.0 -8.894
33.0 -7.971
33.0 -11.25
33.0 -11.563
33.0 -7.168
33.0 -8.626
33.0 -8.511
33.0 -13.371
33.0 -12.942
33.0 -11.277
33.0 -10.1
33.0 -10.769
33.0 -12.455
33.0 -15.377
33.0 -12.24
33.0 -14.831
33.0 -12.56
33.0 -9.31
33.0 -11.374
33.0 -13.035
33.0 -11.75
33.0 -12.429
33.0 -10.949
33.0 -7.865
33.0 -10.151
33.0 -11.972
33.0 -13.247
33.0 -8.615
33.0 -10.741
33.0 -11.496
33.0 -10.809
33.0 -9.384
33.0 -6.622
33.0 -9.224
33.0 -12.942
33.0 -8.423
33.0 -12.302
33.0 -10.728
33.0 -13.9
33.0 -6.866
33.0 -5.345
33.0 -9.429
33.0 -13.387
33.0 -8.72
33.0 -12.501
33.0 -11.723
33.0 -5.8
33.0 -5.155
33.0 -9.966
33.0 -10.023
33.0 -9.058
33.0 -13.928
33.0 -8.1
33.0 -8.919
33.0 -10.804
33.0 -10.028
33.0 -16.261
33.0 -12.557
33.0 -12.152
33.0 -15.776
33.0 -9.935
33.0 -16.962
33.0 -9.397
33.0 -10.149
33.0 -9.334
33.0 -9.488
33.0 -9.679
33.0 -10.157
33.0 -10.221
33.0 -10.16
33.5 -10.225
33.5 -13.062
33.5 -12.11
33.5 -12.505
33.5 -12.321
33.5 -8.218
33.5 -8.408
33.5 -11.304
33.5 -5.947
33.5 -15.565
33.5 -12.687
33.5 -13.615
33.5 -14.426
33.5 -11.441
33.5 -8.073
33.5 -11.787
33.5 -6.205
33.5 -6.199
33.5 -5.755
33.5 -7.659
33.5 -9.05
33.5 -7.916
33.5 -16.194
33.5 -8.852
33.5 -7.659
33.5 -9.122
33.5 -8.59
33.5 -11.371
33.5 -11.507
33.5 -11.858
33.5 -9.825
33.5 -8.41
33.5 -9.756

Individual: [2, 4, 5, 10, 11, 14, 21, 27, 29, 30, 34, 35, 42, 69, 72, 76, 78, 79, 81, 89, 91, 92, 94, 97, 98]
   Fitness: 33.5
     Total: 25
Violations: 4 4

Individual: [4, 7, 11, 13, 14, 16, 20, 31, 32, 34, 38, 39, 41, 68, 73, 77, 85, 87, 90, 91, 94, 96, 99, 100]
   Fitness: 35.0
     Total: 24
Violations: 1 1

Individual: [2, 4, 7, 8, 11, 13, 25, 27, 28, 32, 34, 68, 69, 71, 75, 76, 78, 86, 89, 90, 93, 95, 98, 99]
   Fitness: 36.0
     Total: 24
Violations: 0 0

Individual: [1, 4, 5, 12, 13, 16, 18, 22, 33, 34, 36, 38, 41, 45, 47, 73, 76, 79, 80, 83, 88, 91, 92, 95, 98, 100]
   Fitness: 33.0
     Total: 26
Violations: 6 6

Individual: [2, 8, 9, 15, 17, 18, 20, 29, 30, 36, 44, 56, 61, 62, 67, 69, 74, 89, 91, 96, 99, 100]
   Fitness: 32.0
     Total: 22
Violations: 1 1

Individual: [1, 2, 5, 7, 11, 19, 24, 25, 28, 34, 59, 62, 64, 69, 70, 72, 73, 86, 88, 89, 91, 95, 97, 98]
   Fitness: 35.0
     Total: 24
Violations: 1 1

Individual: [1, 4, 5, 8, 10, 13, 14, 17, 28, 29, 31, 32, 35, 37, 71, 72, 74, 78, 80, 81, 92, 94, 95, 97, 98, 100]
   Fitness: 35.0
     Total: 26
Violations: 4 4

Individual: [2, 4, 5, 9, 10, 12, 21, 23, 24, 28, 29, 31, 70, 71, 76, 77, 79, 80, 86, 91, 93, 94, 98, 99]
   Fitness: 35.0
     Total: 24
Violations: 1 1

Individual: [2, 6, 7, 9, 13, 14, 18, 28, 32, 33, 35, 41, 67, 70, 71, 74, 77, 79, 89, 90, 95, 97, 98, 100]
   Fitness: 34.0
     Total: 24
Violations: 2 2

Individual: [1, 2, 4, 5, 7, 10, 11, 22, 25, 26, 27, 31, 59, 64, 65, 67, 68, 79, 85, 86, 89, 95, 97, 98, 100]
   Fitness: 33.5
     Total: 25
Violations: 4 4
