10
100
-58.0 -226.084
-36.5 -152.184
-23.0 -116.97
-11.5 -97.468
6.5 -90.754
6.5 -72.728
6.5 -57.78
10.0 -55.174
10.0 -55.876
10.0 -55.732
12.0 -49.496
12.0 -48.768
12.5 -58.308
12.5 -56.124
12.5 -53.858
12.5 -52.58
12.5 -60.702
12.5 -51.268
12.5 -47.424
12.5 -41.374
13.5 -50.194
13.5 -43.86
14.5 -50.004
14.5 -39.15
17.5 -40.676
17.5 -42.366
20.0 -43.874
20.0 -42.716
20.0 -37.072
20.0 -34.99
20.0 -34.67
20.0 -45.638
20.0 -38.038
21.5 -35.968
21.5 -37.1
21.5 -36.954
21.5 -42.792
21.5 -46.148
21.5 -40.256
21.5 -34.462
21.5 -35.51
21.5 -29.92
21.5 -27.608
21.5 -34.778
21.5 -36.728
21.5 -37.324
21.5 -32.536
21.5 -33.362
21.5 -36.43
21.5 -45.89
21.5 -36.162
21.5 -34.37
21.5 -28.77
21.5 -31.778
21.5 -31.216
21.5 -32.78
21.5 -30.378
21.5 -35.454
21.5 -40.65
21.5 -36.222
21.5 -35.888
21.5 -38.37
21.5 -38.564
21.5 -33.25
21.5 -32.28
21.5 -27.844
21.5 -29.868
22.5 -29.338
22.5 -33.996
22.5 -28.504
22.5 -36.258
22.5 -32.414
22.5 -37.85
22.5 -30.558
22.5 -33.834
22.5 -32.534
22.5 -34.086
22.5 -34.286
22.5 -34.524
22.5 -47.066
22.5 -42.172
22.5 -38.424
22.5 -39.912
22.5 -27.734
22.5 -32.584
22.5 -38.856
22.5 -38.306
22.5 -42.288
22.5 -33.912
22.5 -37.536
22.5 -35.318
22.5 -47.062
22.5 -38.56
22.5 -40.366
23.0 -36.624
23.0 -41.386
23.0 -38.852
23.0 -35.938
23.0 -36.43
23.0 -27.56
100
-73.5 -235.878
-44.5 -168.152
-38.0 -126.14
-13.5 -110.052
-7.0 -95.148
-7.0 -88.49
-6.0 -76.96
1.5 -71.088
4.0 -78.532
9.0 -64.26
14.0 -54.43
14.0 -55.788
18.5 -56.444
18.5 -48.474
18.5 -52.906
18.5 -51.688
18.5 -43.874
18.5 -45.556
18.5 -45.322
18.5 -38.09
18.5 -45.768
18.5 -41.982
18.5 -53.3
18.5 -34.906
18.5 -44.098
18.5 -42.134
18.5 -39.904
18.5 -39.286
18.5 -35.938
18.5 -40.186
19.5 -31.642
19.5 -36.766
21.0 -39.402
21.0 -35.55
21.0 -30.672
21.0 -36.442
21.0 -32.714
21.0 -41.67
21.0 -39.7
21.0 -34.262
21.0 -39.732
24.5 -35.428
24.5 -29.732
24.5 -31.618
24.5 -30.066
24.5 -34.07
24.5 -39.756
24.5 -38.72
24.5 -30.198
24.5 -34.65
24.5 -33.732
24.5 -34.872
24.5 -29.706
24.5 -29.958
24.5 -41.756
24.5 -38.974
24.5 -39.658
24.5 -33.024
24.5 -37.938
24.5 -41.696
24.5 -41.138
24.5 -29.766
24.5 -31.28
24.5 -29.966
24.5 -36.952
24.5 -39.472
24.5 -34.594
24.5 -39.176
24.5 -41.852
24.5 -36.078
24.5 -35.364
24.5 -31.002
24.5 -34.694
24.5 -31.052
24.5 -37.846
24.5 -39.528
24.5 -37.474
24.5 -30.352
24.5 -32.492
24.5 -26.814
24.5 -35.812
24.5 -36.174
24.5 -35.334
24.5 -36.684
24.5 -40.556
24.5 -35.66
24.5 -36.704
24.5 -36.77
24.5 -34.14
24.5 -30.912
24.5 -28.486
24.5 -31.03
24.5 -30.692
24.5 -32.15
24.5 -30.83
24.5 -35.568
24.5 -30.19
24.5 -36.174
24.5 -42.176
24.5 -35.682
100
-45.5 -231.728
-19.5 -158.72
-19.5 -127.688
-19.5 -93.596
-6.5 -83.426
-4.0 -73.756
-4.0 -71.25
5.0 -66.934
5.0 -62.058
13.0 -62.702
16.0 -57.696
16.0 -56.646
16.0 -52.926
16.0 -45.37
16.0 -49.368
16.0 -47.548
19.0 -44.628
19.0 -39.502
19.0 -41.01
19.0 -37.156
19.0 -38.498
19.0 -43.99
19.0 -42.346
19.0 -37.284
19.0 -40.416
19.0 -38.324
19.0 -42.496
19.0 -42.57
19.0 -42.018
20.0 -41.484
20.0 -40.052
23.5 -32.166
23.5 -28.088
23.5 -31.454
23.5 -30.774
23.5 -36.784
23.5 -38.604
23.5 -33.648
23.5 -32.092
23.5 -28.436
23.5 -31.726
23.5 -27.426
23.5 -38.266
23.5 -32.374
23.5 -32.926
23.5 -37.632
23.5 -34.76
23.5 -34.178
23.5 -29.204
23.5 -26.004
23.5 -28.742
23.5 -32.876
23.5 -30.452
23.5 -25.986
23.5 -34.064
23.5 -26.462
23.5 -30.812
23.5 -23.448
23.5 -24.524
23.5 -26.546
23.5 -37.572
23.5 -31.778
23.5 -38.262
23.5 -33.61
23.5 -32.79
23.5 -32.2
23.5 -32.452
23.5 -33.928
23.5 -38.778
23.5 -34.168
23.5 -32.628
23.5 -31.356
23.5 -34.65
23.5 -39.106
23.5 -35.752
23.5 -31.06
23.5 -40.944
23.5 -40.924
23.5 -28.47
23.5 -35.278
23.5 -37.26
23.5 -34.62
23.5 -33.192
23.5 -30.14
23.5 -25.342
23.5 -27.852
23.5 -34.648
23.5 -28.64
23.5 -25.84
23.5 -31.044
23.5 -28.556
23.5 -31.588
23.5 -36.88
23.5 -41.878
23.5 -38.138
23.5 -28.226
23.5 -28.932
23.5 -28.598
23.5 -36.954
23.5 -39.872
100
-54.5 -227.976
-41.5 -156.126
-22.0 -123.946
-11.0 -103.708
-11.0 -91.992
-11.0 -78.908
-3.5 -79.498
4.0 -74.158
6.5 -59.878
6.5 -57.832
6.5 -57.296
14.0 -44.326
14.0 -45.232
20.0 -42.898
20.0 -41.96
21.0 -42.118
21.0 -40.132
21.0 -38.634
21.0 -39.134
21.0 -39.878
21.0 -35.86
21.0 -33.286
21.0 -33.442
22.0 -37.752
22.0 -33.98
22.0 -33.378
22.0 -32.996
22.0 -32.458
22.0 -32.654
22.0 -33.478
22.0 -36.28
22.0 -35.744
22.0 -39.812
23.5 -41.498
23.5 -36.136
23.5 -38.168
23.5 -39.296
23.5 -39.68
23.5 -43.012
23.5 -39.868
23.5 -42.836
23.5 -38.058
23.5 -32.386
23.5 -29.382
23.5 -29.718
23.5 -30.764
23.5 -35.296
23.5 -36.3
23.5 -34.138
23.5 -39.412
23.5 -35.338
23.5 -38.916
23.5 -40.754
23.5 -38.122
23.5 -36.744
23.5 -34.158
23.5 -33.75
23.5 -31.204
23.5 -38.222
23.5 -45.472
23.5 -35.724
23.5 -36.028
23.5 -37.698
23.5 -34.752
23.5 -39.47
23.5 -37.274
23.5 -37.216
24.0 -35.364
24.0 -40.038
24.0 -35.836
24.0 -43.416
24.0 -43.926
24.0 -38.524
24.0 -39.63
24.0 -34.23
24.0 -34.21
24.0 -34.188
24.0 -35.126
24.0 -32.12
24.0 -25.992
24.0 -32.74
24.0 -32.178
24.0 -42.556
24.0 -32.14
24.0 -32.34
24.0 -28.662
24.0 -31.422
24.0 -41.948
24.0 -34.606
24.0 -37.972
24.0 -33.196
24.0 -28.15
24.0 -37.668
24.0 -45.788
24.0 -37.742
24.0 -39.952
24.0 -30.072
24.0 -37.962
24.0 -36.348
24.0 -32.428
100
-55.0 -235.49
-32.5 -159.928
-26.5 -124.082
8.0 -110.82
8.0 -95.428
8.0 -82.538
8.0 -63.828
17.0 -63.326
17.0 -56.776
17.0 -53.922
17.0 -51.876
17.0 -46.156
17.0 -46.81
17.0 -49.918
17.0 -52.682
17.0 -49.764
17.0 -42.468
17.0 -46.14
17.0 -45.818
17.0 -35.33
17.0 -33.91
17.0 -41.37
17.0 -39.622
17.0 -38.734
17.0 -41.032
17.0 -43.01
17.0 -43.862
17.0 -47.56
17.0 -50.414
17.0 -41.084
17.0 -36.16
17.0 -42.832
17.0 -36.868
17.0 -44.174
17.0 -44.422
17.0 -43.66
17.0 -53.01
17.0 -41.576
18.0 -45.768
18.0 -42.706
18.0 -39.38
18.0 -38.508
18.0 -39.008
18.0 -44.53
18.0 -44.732
18.0 -44.664
18.0 -41.87
18.0 -37.522
18.0 -41.632
18.0 -37.784
18.0 -37.918
19.5 -43.46
19.5 -38.61
19.5 -39.332
19.5 -46.382
19.5 -39.236
19.5 -32.354
19.5 -36.514
19.5 -34.648
19.5 -38.044
19.5 -40.734
19.5 -37.166
19.5 -43.304
20.5 -39.462
20.5 -36.076
20.5 -32.096
20.5 -30.968
21.5 -35.432
21.5 -30.57
21.5 -37.148
21.5 -34.658
21.5 -30.99
21.5 -31.286
21.5 -31.992
21.5 -37.01
21.5 -31.238
21.5 -28.77
21.5 -31.208
21.5 -35.67
21.5 -39.592
21.5 -29.55
21.5 -30.71
21.5 -41.354
21.5 -42.702
21.5 -42.514
21.5 -37.528
21.5 -33.406
21.5 -41.42
21.5 -33.992
21.5 -33.372
24.0 -31.532
24.0 -23.902
24.0 -32.024
24.0 -31.374
24.0 -30.112
24.0 -30.76
24.0 -31.66
24.0 -29.24
24.0 -32.976
24.0 -33.93
100
-67.0 -228.456
-40.0 -149.89
-23.0 -124.168
-15.0 -106.742
-9.0 -89.746
-0.5 -78.876
-0.5 -76.494
-0.5 -75.4
4.0 -67.716
5.0 -58.938
10.5 -61.542
10.5 -48.552
11.5 -49.906
15.0 -46.386
15.0 -43.452
15.0 -53.296
15.0 -54.728
15.0 -53.154
15.0 -51.744
15.0 -43.854
15.0 -36.204
15.0 -39.966
15.0 -46.874
16.0 -41.494
20.5 -48.252
20.5 -36.814
20.5 -40.16
20.5 -29.348
22.0 -29.608
22.0 -28.576
22.0 -40.45
22.0 -30.716
22.0 -31.474
22.0 -40.994
22.0 -37.73
22.0 -31.878
22.0 -44.83
22.0 -32.704
22.0 -28.414
22.0 -23.236
22.0 -32.202
22.0 -38.164
22.0 -33.776
22.0 -32.026
22.0 -32.59
22.0 -35.708
22.0 -36.664
22.0 -34.944
22.0 -38.254
22.0 -33.914
22.0 -37.114
22.0 -41.034
22.0 -34.064
22.0 -35.044
22.0 -32.912
22.0 -42.3
22.0 -37.536
22.0 -35.568
22.0 -36.61
22.0 -37.238
22.0 -35.648
22.0 -34.874
22.0 -30.134
22.0 -28.974
22.0 -28.76
22.0 -34.174
22.0 -40.17
22.0 -38.854
22.0 -39.628
22.0 -27.582
22.0 -30.752
22.0 -26.892
22.0 -29.358
22.0 -37.57
22.0 -37.524
22.0 -29.136
22.0 -35.556
22.0 -38.538
22.0 -29.944
22.0 -36.424
22.0 -32.146
22.0 -30.726
22.0 -29.188
22.0 -29.774
22.0 -33.176
22.0 -31.27
22.0 -30.61
22.0 -30.778
22.0 -32.98
22.0 -29.808
22.0 -33.994
22.0 -35.61
22.0 -33.104
22.0 -43.348
22.0 -39.804
22.0 -30.708
22.0 -39.97
22.0 -38.228
22.0 -40.006
22.0 -32.452
100
-54.0 -232.558
-46.5 -159.302
-20.0 -117.782
-11.5 -98.832
9.5 -87.806
9.5 -72.732
9.5 -66.858
9.5 -60.952
9.5 -60.918
9.5 -62.19
14.0 -56.628
16.5 -51.214
16.5 -41.36
16.5 -46.366
16.5 -37.766
16.5 -37.948
16.5 -39.94
16.5 -35.46
16.5 -37.05
17.0 -44.156
17.0 -39.858
17.0 -38.86
20.0 -32.736
20.0 -33.864
20.0 -33.926
20.0 -34.33
20.0 -30.446
20.0 -30.522
20.0 -33.154
20.0 -32.306
20.0 -32.154
20.0 -34.272
20.0 -37.942
20.0 -37.168
20.0 -40.058
20.0 -40.108
20.0 -37.196
22.0 -30.918
22.0 -35.018
22.0 -29.394
22.0 -33.456
22.0 -28.112
22.0 -28.082
22.0 -33.052
22.0 -31.86
22.0 -27.518
22.0 -29.696
22.0 -30.472
22.0 -31.904
22.0 -29.178
22.0 -28.098
22.0 -28.634
22.0 -25.072
22.0 -38.136
22.0 -32.032
22.0 -27.286
22.0 -28.242
22.0 -31.91
23.0 -35.586
23.0 -37.93
23.0 -31.852
23.0 -31.792
23.0 -41.034
23.5 -36.58
23.5 -36.76
23.5 -42.158
23.5 -27.628
23.5 -36.72
23.5 -32.778
23.5 -35.886
23.5 -43.426
23.5 -36.532
23.5 -37.864
23.5 -35.94
23.5 -34.274
23.5 -40.49
25.0 -44.018
25.0 -31.146
25.0 -33.078
26.5 -31.616
26.5 -37.178
26.5 -33.12
26.5 -36.376
26.5 -32.874
26.5 -31.688
26.5 -32.308
26.5 -41.78
26.5 -38.056
26.5 -35.944
26.5 -35.47
26.5 -29.558
26.5 -44.02
26.5 -38.34
26.5 -35.804
26.5 -32.81
26.5 -36.48
26.5 -36.756
26.5 -36.38
26.5 -36.19
26.5 -34.298
100
-59.5 -245.414
-49.5 -176.44
-32.0 -137.016
-6.5 -114.166
3.5 -93.688
3.5 -84.648
6.0 -67.882
6.0 -62.938
11.5 -53.192
12.5 -57.508
17.5 -45.554
17.5 -43.704
17.5 -38.31
17.5 -45.206
17.5 -35.916
17.5 -42.398
17.5 -48.578
17.5 -43.04
17.5 -39.526
18.0 -32.732
18.0 -33.352
18.5 -25.104
18.5 -23.856
18.5 -36.546
22.0 -30.854
22.0 -30.8
22.0 -28.92
22.5 -35.226
22.5 -33.856
22.5 -33.838
22.5 -35.726
22.5 -31.63
22.5 -42.616
22.5 -45.312
22.5 -37.788
22.5 -39.118
22.5 -30.93
22.5 -39.838
22.5 -36.046
22.5 -32.446
22.5 -30.358
22.5 -33.48
22.5 -33.698
22.5 -36.152
22.5 -29.016
22.5 -32.292
22.5 -31.202
22.5 -37.594
22.5 -40.468
22.5 -43.754
22.5 -39.274
22.5 -42.316
22.5 -41.514
22.5 -38.756
22.5 -33.078
22.5 -29.22
22.5 -38.694
22.5 -35.65
22.5 -42.712
22.5 -35.38
22.5 -33.436
22.5 -31.818
22.5 -36.28
22.5 -36.522
22.5 -34.95
22.5 -33.252
22.5 -36.188
22.5 -32.594
22.5 -30.084
22.5 -36.22
22.5 -36.494
22.5 -40.366
22.5 -37.858
22.5 -42.792
22.5 -37.08
22.5 -35.864
22.5 -31.918
22.5 -34.414
22.5 -33.496
22.5 -27.746
22.5 -38.434
22.5 -38.764
22.5 -34.314
22.5 -31.704
23.0 -32.984
23.0 -33.248
23.0 -35.404
23.0 -43.392
23.0 -41.692
23.0 -33.168
23.0 -38.936
23.0 -35.28
23.0 -39.652
23.0 -43.448
23.0 -40.592
23.0 -40.008
24.5 -35.856
24.5 -35.226
24.5 -30.342
24.5 -36.694
100
-45.0 -231.12
-26.0 -155.654
-26.0 -116.63
-10.5 -108.006
-5.0 -93.848
-1.5 -73.002
14.0 -64.738
14.0 -53.896
14.0 -49.622
14.0 -49.192
14.0 -48.638
14.5 -50.366
14.5 -49.312
14.5 -42.016
14.5 -45.206
14.5 -43.106
14.5 -47.702
14.5 -43.77
14.5 -43.704
14.5 -49.496
14.5 -52.748
18.5 -47.188
18.5 -47.586
18.5 -47.246
18.5 -42.382
24.5 -44.872
24.5 -38.912
24.5 -34.908
24.5 -32.528
24.5 -37.496
24.5 -38.632
24.5 -37.764
24.5 -33.24
24.5 -36.142
24.5 -32.408
26.0 -31.126
26.0 -34.414
26.0 -37.776
26.0 -36.776
26.0 -26.552
26.0 -24.992
26.0 -29.442
26.0 -27.63
26.0 -30.264
26.0 -34.21
26.0 -36.016
26.0 -39.524
26.0 -32.938
26.0 -35.052
26.0 -35.224
26.0 -33.138
26.0 -31.138
26.0 -31.134
26.0 -39.226
26.0 -28.988
26.0 -30.604
26.0 -29.612
26.0 -33.284
26.0 -37.956
26.0 -39.15
26.0 -36.206
26.0 -30.876
26.0 -32.176
26.0 -34.164
26.0 -35.132
26.0 -31.796
26.0 -38.28
26.0 -41.22
26.0 -38.644
26.0 -29.242
26.0 -36.842
26.0 -31.798
26.0 -38.79
26.0 -37.222
26.0 -38.144
26.0 -47.676
26.0 -36.812
26.0 -42.328
26.0 -34.15
26.0 -32.274
26.0 -32.996
26.0 -32.614
26.0 -35.42
26.0 -26.786
26.0 -37.538
26.0 -34.172
26.0 -34.16
26.0 -32.506
26.0 -34.58
26.0 -31.83
26.0 -31.334
26.0 -29.498
26.0 -33.186
26.0 -39.556
26.0 -38.56
26.0 -38.55
26.0 -33.724
26.0 -29.768
26.0 -31.724
26.0 -30.878
100
-36.5 -231.082
-36.5 -159.404
-27.0 -126.172
-13.5 -107.758
3.5 -95.73
8.0 -83.636
8.0 -57.922
12.5 -60.294
12.5 -56.31
12.5 -51.356
12.5 -50.732
12.5 -53.56
12.5 -55.922
12.5 -44.086
12.5 -46.358
13.5 -39.024
14.5 -45.32
14.5 -44.67
20.0 -40.336
20.0 -35.208
20.0 -36.57
20.0 -34.154
20.0 -32.24
20.0 -36.704
20.0 -44.682
20.0 -40.146
20.5 -44.614
20.5 -42.694
20.5 -41.582
20.5 -39.148
20.5 -39.004
20.5 -42.24
20.5 -36.17
20.5 -33.032
20.5 -34.366
20.5 -37.16
20.5 -35.886
20.5 -38.568
21.5 -43.944
21.5 -51.554
21.5 -38.924
21.5 -38.452
21.5 -39.288
21.5 -36.756
21.5 -37.708
21.5 -35.94
21.5 -33.138
22.5 -31.56
22.5 -36.62
22.5 -41.582
22.5 -43.8
22.5 -39.222
22.5 -33.332
22.5 -35.69
22.5 -35.532
22.5 -33.038
22.5 -33.76
22.5 -43.19
22.5 -35.78
22.5 -29.808
22.5 -35.086
22.5 -36.984
22.5 -39.274
22.5 -31.638
22.5 -37.208
22.5 -36.008
22.5 -32.376
22.5 -32.016
22.5 -32.404
22.5 -29.898
22.5 -30.17
22.5 -31.472
22.5 -30.678
23.0 -35.11
23.0 -40.414
23.0 -37.34
23.0 -42.92
23.0 -38.59
23.0 -33.398
23.0 -29.838
23.0 -37.68
23.0 -41.402
23.0 -38.312
23.0 -40.758
23.0 -43.308
23.0 -33.618
23.0 -34.922
23.0 -33.558
23.0 -25.574
23.0 -33.514
23.0 -28.596
23.0 -31.206
23.0 -40.842
23.0 -38.318
23.0 -31.698
23.0 -39.914
23.0 -31.208
23.0 -27.534
23.0 -34.694
23.0 -30.576

Individual: [1, 6, 7, 14, 16, 27, 36, 37, 39, 42, 43, 46, 54, 74, 75, 76, 80, 81, 84, 97]
   Fitness: 23.0
     Total: 20
Violations: 7 7

Individual: [2, 6, 7, 10, 11, 19, 23, 30, 46, 59, 60, 64, 72, 74, 79, 80, 87, 91, 92]
   Fitness: 24.5
     Total: 19
Violations: 4 4

Individual: [1, 6, 8, 9, 16, 20, 21, 29, 33, 42, 54, 57, 58, 73, 77, 80, 84, 86, 90, 91, 99]
   Fitness: 23.5
     Total: 21
Violations: 8 6

Individual: [4, 7, 11, 13, 25, 33, 34, 38, 45, 54, 55, 74, 76, 79, 81, 82, 89, 91, 92, 94, 98, 100]
   Fitness: 24.0
     Total: 22
Violations: 9 9

Individual: [2, 4, 11, 13, 23, 27, 28, 34, 35, 37, 62, 70, 76, 92, 93, 97, 99, 100]
   Fitness: 24.0
     Total: 18
Violations: 3 3

Individual: [6, 8, 11, 12, 13, 19, 26, 28, 30, 36, 55, 63, 66, 70, 72, 75, 78, 79, 89, 93, 94, 98]
   Fitness: 22.0
     Total: 22
Violations: 11 9

Individual: [4, 7, 9, 12, 16, 18, 21, 22, 31, 34, 37, 42, 49, 57, 60, 75, 78, 88, 90, 91, 93, 97, 100]
   Fitness: 26.5
     Total: 23
Violations: 8 7

Individual: [1, 2, 4, 8, 10, 11, 17, 20, 22, 27, 34, 37, 55, 65, 68, 78, 80, 87, 91, 94, 98]
   Fitness: 24.5
     Total: 21
Violations: 7 5

Individual: [3, 4, 9, 10, 12, 20, 24, 26, 27, 29, 33, 64, 69, 72, 73, 75, 76, 81, 87, 91, 92, 93]
   Fitness: 26.0
     Total: 22
Violations: 7 6

Individual: [2, 9, 10, 13, 14, 29, 31, 34, 36, 45, 46, 48, 58, 64, 73, 75, 84, 87, 89, 91, 96, 100]
   Fitness: 23.0
     Total: 22
Violations: 10 9
