10
50
-6.0 -232.49
-6.0 -176.045
-6.0 -154.18
-6.0 -162.985
-6.0 -148.575
-6.0 -149.45
-6.0 -152.425
-6.0 -141.31
-6.0 -145.59
-6.0 -147.69
-3.5 -135.06
-3.5 -149.815
-3.5 -148.08
-3.5 -143.85
-3.5 -153.505
-3.5 -153.775
-3.5 -164.035
-3.5 -163.735
-3.5 -143.405
-3.5 -144.925
-3.5 -137.985
-3.5 -141.84
-3.5 -150.455
-3.5 -145.99
-3.5 -151.705
-3.5 -148.63
-3.5 -144.24
-3.5 -133.33
-3.5 -143.965
-3.5 -155.34
-3.5 -143.02
-3.5 -140.665
-3.5 -156.285
-3.5 -141.895
-3.5 -147.465
-3.5 -147.69
-3.5 -154.925
-3.5 -149.435
-3.5 -143.3
-3.5 -141.34
-3.5 -164.835
-3.5 -143.0
-3.5 -143.305
-3.5 -148.13
-3.5 -159.21
-3.5 -154.48
-3.5 -138.885
-3.5 -142.36
-3.5 -131.21
-3.5 -137.825
50
-42.5 -235.775
-42.5 -183.82
-42.5 -165.235
-18.5 -162.4
-18.5 -154.53
-18.5 -161.16
-18.5 -150.205
-18.5 -141.73
-18.5 -140.31
-18.5 -150.89
-18.5 -153.435
-18.5 -145.74
-18.5 -150.995
-18.5 -151.515
-18.5 -178.15
-18.5 -164.645
-18.5 -150.395
-18.5 -153.745
-18.5 -151.595
-18.5 -146.355
-18.5 -146.47
-13.0 -143.91
-13.0 -140.55
-10.0 -129.145
-10.0 -134.29
-8.0 -139.425
-8.0 -144.355
-8.0 -138.475
-8.0 -127.86
-8.0 -124.445
-8.0 -133.48
-8.0 -142.52
-8.0 -148.145
-8.0 -139.69
-8.0 -139.015
-8.0 -129.39
-8.0 -141.585
-8.0 -134.215
-8.0 -143.62
-8.0 -150.885
-8.0 -131.14
-8.0 -139.895
-8.0 -147.665
-8.0 -134.185
-8.0 -143.925
-8.0 -157.96
-8.0 -140.26
-8.0 -144.99
-8.0 -131.05
-8.0 -157.86
50
-60.0 -227.27
-60.0 -203.155
-35.0 -161.25
-35.0 -163.865
-35.0 -164.86
-35.0 -150.99
-35.0 -146.01
-35.0 -148.985
-12.5 -144.715
-12.5 -150.8
-12.5 -150.945
-12.5 -144.32
-12.5 -129.47
-12.5 -139.955
-12.5 -144.59
-12.5 -150.32
-12.5 -150.41
-12.5 -133.19
-12.5 -138.075
-12.5 -137.29
-12.5 -135.345
-12.5 -144.65
-12.5 -136.38
-12.5 -140.28
-12.5 -138.405
-12.5 -148.595
-12.5 -140.355
-12.5 -136.39
-12.5 -131.075
-12.5 -128.945
-12.5 -136.09
-12.5 -160.26
-12.5 -160.445
-12.5 -139.245
-12.5 -143.94
-12.5 -137.11
-12.5 -146.4
-12.5 -158.64
-12.5 -156.795
-12.5 -139.725
-12.5 -153.455
-12.5 -146.52
-11.5 -138.035
-11.5 -145.745
-11.5 -126.44
-11.5 -138.245
-11.5 -153.5
-11.5 -144.78
-11.5 -142.555
-11.5 -149.42
50
-69.5 -236.665
-38.0 -175.41
-38.0 -153.14
-38.0 -150.57
-38.0 -147.39
-38.0 -156.86
-38.0 -139.41
-38.0 -149.705
-38.0 -150.69
-30.5 -160.795
-30.5 -157.88
-30.5 -141.555
-30.5 -155.905
-30.5 -164.37
-20.5 -154.855
-20.5 -146.515
-16.0 -142.065
-16.0 -147.875
-8.5 -160.045
-8.5 -146.04
-8.5 -141.275
-8.5 -154.385
-8.5 -153.45
-8.5 -155.82
-8.5 -146.325
-8.5 -152.095
-8.5 -149.355
-8.5 -136.48
-8.5 -149.69
-8.5 -145.275
-8.5 -143.56
-8.5 -145.59
-8.5 -150.305
-8.5 -144.405
-8.5 -125.5
-8.5 -142.66
-8.5 -143.165
-8.5 -149.425
-8.5 -155.265
-8.5 -132.175
-8.5 -139.835
-8.5 -139.585
-8.5 -141.52
-8.5 -139.75
-8.5 -160.365
-8.0 -144.225
-8.0 -144.125
-8.0 -149.42
-8.0 -137.59
-8.0 -139.275
50
-67.5 -230.01
-39.0 -179.27
-39.0 -154.56
-39.0 -155.815
-25.0 -151.01
-25.0 -156.555
-18.0 -151.835
-18.0 -148.45
4.5 -154.17
4.5 -135.77
4.5 -131.08
4.5 -144.16
4.5 -139.695
4.5 -139.505
4.5 -145.28
4.5 -142.015
4.5 -150.195
4.5 -121.7
4.5 -148.405
4.5 -146.27
4.5 -154.035
4.5 -147.66
4.5 -138.555
4.5 -147.215
4.5 -140.485
4.5 -135.025
4.5 -140.145
4.5 -143.655
4.5 -140.415
4.5 -126.19
4.5 -144.27
4.5 -138.635
4.5 -139.135
4.5 -156.245
4.5 -141.685
4.5 -127.785
4.5 -158.1
4.5 -134.715
4.5 -156.48
4.5 -128.685
4.5 -148.155
4.5 -138.99
4.5 -148.34
4.5 -132.405
4.5 -137.415
4.5 -135.955
4.5 -147.5
4.5 -153.845
4.5 -143.525
4.5 -133.44
50
-53.0 -231.75
-53.0 -189.25
-53.0 -171.24
-38.5 -176.88
-38.5 -169.54
-31.5 -149.21
-31.5 -163.26
-28.5 -157.285
-28.5 -146.585
-28.5 -157.67
-28.5 -150.37
-19.5 -147.445
-19.5 -143.705
-19.5 -160.105
-19.5 -154.17
-19.5 -145.65
-19.5 -155.96
-19.5 -151.585
-19.5 -144.945
-19.5 -147.73
-17.0 -138.215
-17.0 -134.94
-13.5 -140.275
-13.5 -135.085
-13.5 -134.725
-13.5 -136.225
-13.5 -139.96
-13.5 -124.345
-13.5 -143.995
-13.5 -137.32
-13.5 -133.11
-13.5 -134.13
-13.5 -139.475
-13.5 -134.84
-13.5 -141.74
-9.0 -135.415
-9.0 -141.725
-9.0 -148.625
-9.0 -152.615
-9.0 -128.225
-9.0 -129.665
-9.0 -141.875
-9.0 -142.13
-9.0 -139.27
-0.5 -132.22
-0.5 -135.2
-0.5 -148.145
-0.5 -144.16
-0.5 -141.22
-0.5 -139.86
50
-90.0 -249.45
-53.5 -183.435
-50.0 -166.295
-50.0 -171.735
-47.0 -171.535
-47.0 -154.27
-47.0 -156.645
-47.0 -164.2
-47.0 -154.005
-33.0 -150.14
-33.0 -150.77
-30.0 -164.085
-30.0 -147.71
-30.0 -151.21
-30.0 -156.34
-30.0 -150.845
-30.0 -143.185
-24.0 -139.47
-8.5 -146.345
-8.5 -158.035
-8.5 -153.915
-8.5 -160.745
-8.5 -151.23
-8.5 -147.845
-8.5 -143.295
-8.5 -144.74
-8.5 -136.78
-8.5 -126.52
-8.5 -144.735
-8.5 -128.02
-8.5 -146.33
-8.5 -131.19
-8.5 -152.83
-8.5 -146.535
-8.5 -145.485
-8.5 -154.17
-8.5 -126.6
-8.5 -126.955
-8.5 -133.56
-8.5 -135.8
-8.5 -130.625
-8.5 -144.74
-8.5 -133.18
-8.5 -129.805
-8.5 -137.45
-8.5 -144.01
-8.5 -131.745
-8.5 -124.78
-8.5 -129.545
-8.5 -137.4
50
-67.0 -220.49
-67.0 -160.005
-47.5 -157.39
-47.5 -163.58
-47.5 -156.535
-45.0 -165.915
-45.0 -156.38
-44.5 -161.73
-44.5 -160.78
-42.0 -157.575
-33.0 -151.3
-33.0 -146.455
-28.5 -163.7
-21.0 -153.535
-21.0 -152.305
-21.0 -149.96
-21.0 -141.195
-21.0 -156.145
-21.0 -151.945
-21.0 -157.585
-21.0 -142.91
-2.0 -149.875
-2.0 -155.665
-2.0 -147.58
-2.0 -138.445
-2.0 -133.53
-2.0 -143.9
-2.0 -139.96
-2.0 -149.075
-2.0 -146.4
-2.0 -137.475
-2.0 -162.69
-2.0 -162.17
-2.0 -132.445
-2.0 -138.575
-2.0 -138.66
-2.0 -145.74
-2.0 -145.145
-2.0 -130.47
-2.0 -150.365
-2.0 -146.9
-2.0 -156.92
-2.0 -128.79
-2.0 -156.505
-2.0 -145.815
-2.0 -163.44
-2.0 -143.55
-2.0 -148.54
-2.0 -150.16
-2.0 -150.28
50
-43.5 -244.44
-43.5 -182.915
-35.0 -158.705
-35.0 -160.465
-31.5 -164.64
-31.5 -143.105
-31.5 -151.255
-31.5 -157.835
-31.5 -149.905
-31.5 -148.22
-31.5 -144.605
-31.5 -154.885
-31.5 -155.65
-26.0 -143.515
-26.0 -137.07
-25.0 -148.945
-25.0 -153.845
-25.0 -149.855
-25.0 -146.48
-25.0 -140.11
-25.0 -139.405
-25.0 -143.6
-25.0 -152.425
-25.0 -148.015
-25.0 -136.905
-24.5 -143.63
-24.5 -149.115
-8.5 -151.245
-8.5 -144.53
-8.5 -146.455
-8.5 -150.28
-8.5 -152.09
-8.5 -130.395
-8.5 -132.33
-8.5 -143.115
-8.5 -148.21
-8.5 -137.76
-8.5 -145.72
-8.5 -152.44
-8.5 -130.68
-8.5 -132.325
-7.5 -138.955
-7.5 -152.265
-7.5 -135.02
-7.5 -139.795
-7.5 -130.975
-7.5 -147.485
-7.5 -145.115
-7.5 -136.23
-7.5 -159.07
50
-63.0 -221.575
-48.5 -175.305
-37.5 -162.035
-37.5 -155.265
-37.5 -151.6
-37.5 -154.04
-37.5 -167.285
-37.5 -162.355
-37.5 -174.555
-26.5 -155.815
-1.0 -163.54
-1.0 -156.465
-1.0 -145.825
-1.0 -145.255
-1.0 -168.25
-1.0 -154.535
-1.0 -153.23
-1.0 -139.035
-1.0 -143.68
-1.0 -136.745
-1.0 -147.295
-1.0 -148.255
-1.0 -141.27
-1.0 -150.885
-1.0 -152.14
-1.0 -135.4
-1.0 -141.625
-1.0 -137.07
-1.0 -144.255
-1.0 -142.415
-1.0 -136.66
-1.0 -135.13
-1.0 -142.39
-1.0 -138.73
-1.0 -151.18
-1.0 -151.08
-1.0 -134.095
-1.0 -144.65
-1.0 -132.355
-1.0 -135.235
-1.0 -147.005
-1.0 -140.855
-1.0 -142.735
-1.0 -137.45
-1.0 -155.425
-1.0 -140.315
-1.0 -132.865
-1.0 -151.12
-1.0 -138.965
-1.0 -161.33

Individual: [6, 7, 8, 12, 17, 19, 22, 28, 30, 33, 34, 36, 43, 46, 49, 56, 63, 66, 68, 71, 75, 79, 84, 90, 91, 92, 96]
   Fitness: -3.5
     Total: 27
Violations: 44 22

Individual: [9, 11, 12, 17, 19, 24, 25, 26, 27, 32, 36, 37, 38, 43, 46, 47, 50, 51, 54, 61, 67, 71, 75, 78, 84, 87, 92, 94, 95, 100]
   Fitness: -8.0
     Total: 30
Violations: 53 22

Individual: [1, 2, 3, 7, 8, 11, 13, 35, 37, 38, 39, 41, 45, 48, 52, 53, 54, 55, 56, 58, 65, 75, 76, 80, 82, 83, 92, 94, 96, 98, 100]
   Fitness: -11.5
     Total: 31
Violations: 58 21

Individual: [1, 4, 7, 11, 12, 15, 16, 19, 20, 25, 31, 32, 34, 37, 44, 46, 50, 51, 61, 69, 70, 71, 74, 76, 79, 83, 84, 86, 90, 91, 93, 99]
   Fitness: -8.0
     Total: 32
Violations: 56 26

Individual: [2, 3, 6, 7, 8, 20, 22, 23, 28, 34, 45, 50, 61, 62, 66, 67, 68, 73, 74, 75, 80, 86, 87, 89, 90, 94, 95]
   Fitness: 4.5
     Total: 27
Violations: 36 17

Individual: [1, 4, 8, 11, 18, 19, 22, 23, 29, 34, 36, 38, 43, 49, 52, 54, 62, 63, 69, 73, 77, 80, 83, 85, 87, 94, 95, 97, 99]
   Fitness: -0.5
     Total: 29
Violations: 44 22

Individual: [2, 3, 4, 5, 7, 11, 12, 13, 15, 16, 17, 23, 25, 27, 34, 35, 38, 44, 64, 65, 67, 69, 71, 73, 82, 83, 84, 87, 88, 90, 94]
   Fitness: -8.5
     Total: 31
Violations: 55 25

Individual: [4, 12, 14, 15, 20, 22, 25, 29, 30, 31, 34, 35, 36, 37, 42, 53, 57, 58, 63, 66, 73, 77, 81, 82, 83, 84, 92, 99]
   Fitness: -2.0
     Total: 28
Violations: 44 20

Individual: [2, 4, 5, 7, 9, 10, 17, 18, 22, 23, 24, 25, 32, 33, 42, 48, 53, 54, 56, 57, 65, 66, 69, 70, 78, 79, 80, 85, 87, 94, 95, 96, 97]
   Fitness: -7.5
     Total: 33
Violations: 57 26

Individual: [2, 6, 7, 9, 13, 17, 20, 21, 23, 25, 27, 30, 32, 37, 39, 49, 57, 59, 63, 70, 71, 74, 78, 79, 81, 84, 86, 87]
   Fitness: -1.0
     Total: 28
Violations: 43 22
