10
100
12.0 3.545
12.0 6.73
12.0 6.63
12.0 7.315
12.0 7.365
12.0 6.73
12.0 7.15
12.0 7.145
12.5 7.24
12.5 7.44
12.5 6.6
12.5 7.01
12.5 7.155
12.5 7.21
12.5 6.745
12.5 7.345
12.5 7.085
12.5 7.14
12.5 6.7
12.5 7.03
12.5 7.255
12.5 6.77
12.5 7.085
12.5 6.73
12.5 7.32
12.5 7.09
12.5 7.63
12.5 6.99
12.5 7.03
12.5 7.355
12.5 7.29
12.5 7.31
12.5 7.365
12.5 6.985
12.5 7.03
12.5 7.015
12.5 7.08
12.5 6.505
12.5 7.085
12.5 7.35
12.5 7.19
12.5 7.235
12.5 7.18
12.5 6.68
12.5 6.855
12.5 7.225
12.5 7.335
12.5 7.255
12.5 7.075
12.5 7.475
12.5 6.985
12.5 7.525
12.5 7.615
12.5 6.98
12.5 7.285
12.5 7.075
12.5 6.84
13.0 7.035
13.0 7.04
13.0 7.415
13.0 7.135
13.0 7.325
13.0 6.26
13.0 6.54
13.0 6.625
13.0 6.975
13.0 7.605
13.0 7.575
13.0 7.2
13.0 6.715
13.0 7.005
13.0 6.94
13.0 7.65
13.0 6.8
13.0 6.985
13.0 6.96
13.0 7.37
13.0 7.355
13.0 7.11
13.0 7.22
13.0 7.465
13.0 7.105
13.0 6.59
13.0 6.825
13.0 7.07
13.0 6.835
13.0 7.78
13.0 7.24
13.0 7.37
13.0 6.87
13.0 7.425
13.0 7.115
13.0 6.86
13.0 6.695
13.0 7.455
13.0 6.98
13.0 7.54
13.0 7.29
13.0 7.42
13.0 7.045
100
11.5 3.76
11.5 6.465
11.5 7.145
11.5 7.185
12.5 7.47
12.5 7.055
12.5 6.83
12.5 7.03
12.5 7.15
12.5 7.21
12.5 7.295
12.5 7.2
12.5 7.255
12.5 7.21
12.5 7.115
12.5 7.08
12.5 7.06
12.5 7.065
12.5 6.895
12.5 6.595
12.5 6.9
12.5 7.5
12.5 7.32
12.5 7.18
12.5 6.94
12.5 7.265
12.5 7.06
12.5 6.97
12.5 7.355
12.5 7.325
12.5 7.15
12.5 6.785
12.5 7.03
12.5 7.4
12.5 7.5
12.5 7.07
12.5 6.6
12.5 7.245
12.5 6.88
12.5 7.035
12.5 7.265
12.5 7.215
12.5 6.73
12.5 7.64
12.5 7.205
12.5 7.415
12.5 7.44
12.5 7.295
12.5 7.525
12.5 6.485
12.5 6.95
12.5 7.085
12.5 7.005
12.5 6.905
12.5 7.0
12.5 7.32
12.5 6.275
12.5 7.325
12.5 7.35
12.5 7.31
12.5 6.85
12.5 7.245
12.5 7.465
12.5 7.325
12.5 7.41
12.5 7.25
12.5 6.45
12.5 7.06
12.5 7.04
12.5 7.435
12.5 7.115
12.5 7.22
12.5 7.365
12.5 7.075
12.5 6.87
12.5 6.785
12.5 6.635
12.5 7.875
12.5 7.22
12.5 7.415
12.5 6.98
12.5 7.035
12.5 6.68
12.5 7.625
12.5 7.11
12.5 7.08
12.5 7.03
12.5 7.24
12.5 7.055
12.5 6.69
12.5 7.075
12.5 7.315
12.5 7.64
12.5 6.925
12.5 6.655
12.5 7.29
12.5 6.81
12.5 7.105
12.5 7.305
12.5 7.18
100
10.0 3.58
11.0 6.49
11.0 6.765
11.0 6.955
11.5 7.215
11.5 6.64
11.5 7.145
11.5 7.03
11.5 7.165
11.5 7.095
11.5 6.925
11.5 6.8
11.5 7.015
11.5 7.185
11.5 6.58
11.5 7.275
11.5 7.26
12.5 7.125
12.5 7.06
12.5 6.595
12.5 6.735
12.5 7.19
12.5 7.04
12.5 7.115
12.5 6.88
12.5 7.21
12.5 7.385
12.5 7.22
12.5 7.095
12.5 7.06
12.5 6.93
12.5 7.235
12.5 7.515
12.5 7.485
12.5 6.785
12.5 6.81
12.5 7.045
12.5 7.38
12.5 7.005
12.5 7.465
12.5 6.49
13.0 7.56
13.0 6.8
13.0 7.325
13.0 7.24
13.0 6.895
13.0 7.75
13.0 7.03
13.0 6.325
13.0 6.785
13.0 6.92
13.0 7.565
13.0 7.11
13.0 7.165
13.0 7.18
13.0 7.13
13.0 6.855
13.0 7.11
13.0 7.09
13.0 7.24
13.0 7.145
13.0 6.83
13.0 6.915
13.0 7.685
13.0 7.12
13.0 7.505
13.0 7.71
13.0 7.175
13.0 6.17
13.0 7.52
13.0 6.61
13.0 7.335
13.0 7.115
13.0 7.445
13.0 6.635
13.0 7.12
13.0 7.29
13.0 6.49
13.0 7.07
13.0 7.04
13.0 7.03
13.0 6.36
13.0 7.245
13.0 6.895
13.0 7.145
13.0 7.2
13.0 6.98
13.0 6.825
13.0 7.575
13.0 7.695
13.0 6.825
13.0 7.27
13.0 6.995
13.0 7.57
13.0 7.0
13.0 7.345
13.0 7.08
13.0 6.965
13.0 7.08
13.0 7.565
100
11.5 3.355
11.5 6.535
11.5 6.98
11.5 6.905
12.5 7.615
12.5 7.475
12.5 7.15
12.5 7.04
12.5 7.365
12.5 7.38
12.5 6.755
12.5 6.755
12.5 6.99
12.5 7.39
12.5 7.355
12.5 6.98
12.5 7.02
12.5 7.345
12.5 6.69
12.5 7.415
12.5 7.305
12.5 7.02
12.5 7.14
12.5 6.945
12.5 7.385
12.5 7.635
12.5 7.805
12.5 7.2
12.5 7.355
12.5 6.785
12.5 7.51
12.5 7.78
12.5 7.255
12.5 7.69
12.5 7.835
12.5 7.155
13.0 7.495
13.0 7.675
13.0 7.455
13.0 7.415
13.0 7.275
13.0 7.195
13.0 7.26
13.0 8.0
13.0 7.445
13.0 7.365
13.0 6.815
13.0 6.645
13.0 7.05
13.0 7.29
13.0 6.985
13.0 7.29
13.0 7.23
13.0 6.985
13.0 7.27
13.0 7.265
13.0 7.2
13.0 7.46
13.0 6.945
13.0 7.425
13.0 7.115
13.0 7.045
13.0 7.635
13.0 6.67
13.0 6.98
13.0 7.525
13.0 7.255
13.0 6.625
13.0 7.05
13.0 6.965
13.0 7.015
13.0 6.96
13.0 7.235
13.0 7.01
13.0 7.495
13.0 7.215
13.0 6.91
13.0 6.8
13.0 7.12
13.0 6.805
13.0 7.305
13.0 7.78
13.0 7.33
13.0 7.03
13.0 6.605
13.0 6.915
13.0 6.815
13.0 6.915
13.0 7.405
13.0 7.035
13.0 7.365
13.0 6.985
13.0 7.47
13.0 7.5
13.0 6.935
13.0 7.6
13.0 7.305
13.0 7.415
13.0 7.345
13.0 7.215
100
11.0 4.285
11.0 6.905
11.0 6.85
12.5 6.85
12.5 7.14
12.5 7.47
12.5 6.545
13.0 7.015
13.0 6.95
13.0 7.275
13.0 6.97
13.0 7.375
13.0 7.17
13.0 7.355
13.0 7.375
13.0 7.315
13.0 6.88
13.0 7.205
13.0 7.07
13.0 7.025
13.0 7.235
13.0 7.4
13.0 7.1
13.0 7.57
13.0 6.925
13.0 6.68
13.0 7.385
13.0 7.585
13.0 7.295
13.0 7.0
13.0 6.765
13.0 7.315
13.0 7.58
13.0 7.385
13.0 7.01
13.0 6.925
13.0 7.185
13.0 7.185
13.0 7.125
13.0 7.065
13.0 7.165
13.0 7.02
13.0 7.645
13.0 7.355
13.0 7.04
13.0 7.23
13.0 7.595
13.0 7.495
13.0 7.345
13.0 6.85
13.0 7.135
13.0 7.395
13.0 7.585
13.0 7.135
13.0 7.79
13.0 7.555
13.0 7.48
13.0 7.455
13.0 6.765
13.0 6.94
13.0 6.54
13.0 6.69
13.0 6.89
13.0 7.08
13.0 6.715
13.0 6.935
13.0 7.305
13.0 6.48
13.0 7.505
13.0 7.165
13.0 7.32
13.0 7.17
13.0 7.13
13.0 7.425
13.0 7.005
13.0 7.295
13.0 7.205
13.0 6.755
13.0 7.31
13.0 7.26
13.0 7.47
13.0 7.275
13.0 6.78
13.0 6.925
13.0 7.165
13.0 7.43
13.0 6.6
13.0 6.96
13.0 6.165
13.0 7.725
13.0 6.84
13.0 7.0
13.0 7.32
13.0 7.325
13.0 7.19
13.0 7.66
13.0 7.185
13.0 6.7
13.5 7.31
13.5 7.49
100
10.5 4.165
11.5 5.855
11.5 6.82
11.5 7.13
12.0 7.595
12.0 6.605
12.0 7.075
12.0 7.355
12.0 6.99
12.0 6.8
12.0 7.385
12.0 7.085
12.0 6.9
12.0 7.235
12.0 6.885
12.0 7.205
12.0 7.2
12.0 6.965
12.0 7.155
12.0 6.93
12.0 7.15
12.0 6.47
12.0 7.105
12.0 6.885
12.0 7.0
12.0 6.855
12.0 6.905
12.0 7.52
12.0 7.035
12.0 7.055
12.0 6.95
12.0 6.895
12.0 7.09
12.0 7.38
12.0 6.835
13.0 6.97
13.0 7.53
13.0 6.99
13.0 7.305
13.0 7.575
13.0 6.995
13.0 7.45
13.0 7.32
13.0 6.97
13.0 7.215
13.0 6.935
13.0 6.92
13.0 7.015
13.0 7.495
13.0 7.105
13.0 7.005
13.0 6.975
13.0 7.14
13.0 7.28
13.0 6.995
13.0 7.455
13.0 7.335
13.0 7.54
13.0 7.29
13.0 7.385
13.0 7.565
13.0 7.6
13.0 6.715
13.0 7.505
13.0 7.09
13.0 6.855
13.0 7.5
13.0 7.33
13.0 7.055
13.0 7.555
13.0 7.355
13.0 7.125
13.0 6.79
13.0 7.05
13.0 6.865
13.0 7.045
13.0 7.015
13.0 7.255
13.0 7.375
13.0 7.285
13.0 7.265
13.0 7.08
13.0 7.38
13.0 7.435
13.0 6.84
13.0 7.235
13.0 7.285
13.0 6.935
13.0 7.19
13.0 7.35
13.0 7.16
13.0 7.39
13.0 7.41
13.0 7.575
13.0 7.875
13.0 6.72
13.0 7.485
13.0 6.82
13.0 6.925
13.0 7.405
100
11.5 4.095
11.5 7.04
12.0 7.245
12.0 7.16
12.0 7.42
12.0 6.86
12.0 6.495
12.0 6.925
12.0 7.08
12.0 6.515
12.0 7.185
12.0 7.19
12.0 6.035
12.0 7.185
12.0 6.94
12.0 6.675
12.0 7.315
13.0 7.51
13.0 7.425
13.0 7.555
13.0 6.82
13.0 7.135
13.0 7.365
13.0 7.165
13.0 6.78
13.0 6.99
13.0 7.485
13.0 7.145
13.0 7.545
13.0 6.835
13.0 7.37
13.0 7.73
13.0 6.675
13.0 6.95
13.0 7.515
13.0 7.035
13.0 7.435
13.0 7.145
13.0 7.275
13.0 7.37
13.0 7.28
13.0 7.695
13.0 7.055
13.0 7.28
13.0 7.125
13.0 7.635
13.0 7.22
13.0 6.41
13.0 6.965
13.0 7.2
13.0 7.5
13.0 6.755
13.0 6.83
13.0 7.065
13.0 7.255
13.0 7.205
13.0 7.53
13.0 6.75
13.0 6.71
13.0 7.32
13.0 7.285
13.0 7.275
13.0 7.06
13.0 7.12
13.0 7.48
13.0 7.44
13.0 7.165
13.0 7.0
13.0 6.415
13.0 7.32
13.0 7.43
13.0 7.395
13.0 7.01
13.0 7.075
13.0 7.08
13.0 7.255
13.0 7.195
13.0 7.02
13.0 6.865
13.0 7.51
13.0 7.31
13.0 6.97
13.0 7.32
13.0 7.185
13.0 6.875
13.0 6.635
13.0 6.41
13.0 7.005
13.0 7.675
13.0 7.075
13.0 7.675
13.0 7.03
13.0 7.01
13.0 7.125
13.0 6.655
13.0 6.865
13.0 7.215
13.0 7.005
13.0 7.02
13.0 7.125
100
11.5 4.72
11.5 6.335
11.5 6.675
11.5 7.26
11.5 6.755
11.5 7.02
11.5 6.625
11.5 6.735
11.5 6.645
11.5 6.76
11.5 7.38
11.5 7.46
11.5 6.835
11.5 6.93
12.0 6.965
12.0 6.965
12.0 6.64
12.0 6.655
12.0 7.255
12.0 6.465
12.0 7.28
12.0 7.315
12.0 6.555
12.0 6.715
12.0 6.88
12.0 6.83
12.0 6.91
12.0 7.165
12.0 7.175
12.0 6.81
12.0 6.845
12.0 7.16
12.0 6.965
12.0 7.055
12.0 6.815
12.0 7.02
12.0 6.165
12.0 7.055
12.0 7.21
12.0 6.795
12.0 7.165
12.0 7.27
12.0 6.955
12.0 7.0
12.5 7.4
12.5 7.395
12.5 6.76
12.5 6.74
12.5 7.215
12.5 7.24
12.5 7.26
12.5 7.145
12.5 7.19
12.5 7.09
12.5 7.565
12.5 7.03
12.5 6.645
12.5 6.64
12.5 7.65
12.5 7.53
12.5 7.28
12.5 7.205
12.5 7.465
12.5 7.72
12.5 6.695
12.5 6.875
12.5 7.555
12.5 7.125
12.5 6.91
12.5 7.785
12.5 7.525
12.5 7.335
12.5 7.33
12.5 7.335
12.5 7.535
12.5 7.265
12.5 7.79
12.5 7.535
12.5 7.085
12.5 7.05
12.5 7.055
12.5 7.12
12.5 7.385
12.5 7.13
12.5 7.1
12.5 7.15
12.5 7.225
12.5 7.28
12.5 7.695
12.5 7.225
12.5 6.995
12.5 7.295
12.5 6.75
12.5 7.375
12.5 7.37
12.5 7.33
12.5 7.185
12.5 6.955
12.5 7.04
12.5 7.265
100
12.0 2.195
12.0 6.415
12.0 6.845
12.0 6.76
12.0 6.41
12.0 6.79
12.0 6.93
12.0 6.375
12.0 7.165
12.0 6.77
12.0 7.085
12.0 7.185
12.0 6.83
12.0 7.57
12.0 6.73
12.0 7.155
12.0 7.225
12.0 6.765
12.5 7.025
12.5 7.04
12.5 7.485
12.5 7.195
12.5 7.265
12.5 7.275
12.5 6.815
12.5 7.205
12.5 6.855
12.5 7.335
12.5 6.905
12.5 7.22
12.5 7.285
12.5 7.055
12.5 6.32
13.0 6.735
13.0 6.67
13.0 6.87
13.0 7.145
13.0 7.265
13.0 7.5
13.0 7.21
13.0 6.935
13.0 6.365
13.0 6.58
13.0 6.935
13.0 7.245
13.0 6.96
13.0 7.395
13.0 7.145
13.0 7.48
13.0 7.08
13.0 7.0
13.0 7.21
13.0 7.64
13.0 7.21
13.0 7.365
13.0 7.54
13.0 7.44
13.0 7.55
13.0 7.105
13.0 6.355
13.0 7.495
13.0 6.985
13.0 7.7
13.0 7.275
13.0 7.285
13.0 7.655
13.0 7.185
13.0 6.785
13.0 6.605
13.0 6.87
13.0 7.305
13.0 6.24
13.0 7.06
13.0 7.285
13.0 7.195
13.0 7.17
13.0 6.815
13.0 7.245
13.0 7.055
13.0 7.335
13.0 7.445
13.0 7.12
13.0 7.56
13.0 7.4
13.0 7.74
13.0 6.97
13.0 7.01
13.0 6.965
13.0 7.95
13.0 6.59
13.0 7.27
13.0 7.11
13.0 7.145
13.0 7.46
13.0 6.915
13.0 7.36
13.0 7.13
13.0 7.28
13.0 7.225
13.0 7.48
100
10.5 3.98
11.0 5.955
11.0 6.785
12.0 6.895
12.0 7.165
12.0 6.695
12.5 7.38
13.0 7.055
13.0 7.61
13.0 7.51
13.0 6.975
13.0 7.185
13.0 6.63
13.0 6.98
13.0 6.765
13.0 6.91
13.0 7.0
13.0 7.285
13.0 6.33
13.0 7.335
13.0 7.56
13.0 6.965
13.0 7.845
13.0 7.36
13.0 6.775
13.0 7.35
13.0 6.345
13.0 7.425
13.0 7.195
13.0 7.485
13.0 7.385
13.0 7.26
13.0 6.825
13.0 7.015
13.0 7.18
13.0 7.665
13.0 7.655
13.0 6.995
13.0 6.695
13.0 7.585
13.0 6.955
13.0 6.82
13.0 6.98
13.0 7.445
13.0 7.23
13.0 6.585
13.0 7.2
13.0 6.905
13.0 7.045
13.0 7.015
13.0 7.135
13.0 6.63
13.0 6.255
13.0 6.905
13.0 7.335
13.0 7.37
13.0 7.33
13.0 6.98
13.0 7.555
13.0 7.755
13.0 7.16
13.0 7.455
13.0 7.415
13.0 6.77
13.0 7.305
13.0 7.56
13.0 7.24
13.0 7.61
13.0 7.47
13.0 7.62
13.0 6.645
13.0 7.32
13.0 7.535
13.0 7.245
13.0 7.265
13.0 7.325
13.0 6.61
13.0 7.09
13.0 6.18
13.0 7.105
13.0 7.485
13.0 7.505
13.0 7.5
13.0 7.345
13.0 7.51
13.0 7.685
13.0 7.31
13.0 7.4
13.0 7.665
13.0 7.425
13.0 7.46
13.0 6.775
13.0 6.79
13.0 7.43
13.0 7.58
13.0 7.525
13.0 7.22
13.0 7.535
13.0 7.39
13.0 7.3

Individual: [1, 3, 4, 6, 7, 14, 15, 16, 19, 20]
   Fitness: 13.0
     Total: 10
Violations: 2 2

Individual: [1, 2, 4, 8, 11, 13, 16, 17, 20]
   Fitness: 12.5
     Total: 9
Violations: 1 1

Individual: [1, 2, 6, 7, 9, 14, 15, 17, 18, 20]
   Fitness: 13.0
     Total: 10
Violations: 2 2

Individual: [1, 2, 4, 5, 11, 13, 14, 16, 19, 20]
   Fitness: 13.0
     Total: 10
Violations: 2 2

Individual: [1, 2, 6, 7, 9, 14, 15, 18, 20]
   Fitness: 13.5
     Total: 9
Violations: 0 0

Individual: [1, 2, 3, 6, 7, 14, 15, 17, 18, 20]
   Fitness: 13.0
     Total: 10
Violations: 2 2

Individual: [1, 3, 4, 6, 7, 14, 15, 17, 18, 20]
   Fitness: 13.0
     Total: 10
Violations: 2 2

Individual: [1, 2, 5, 6, 12, 14, 15, 19, 20]
   Fitness: 12.5
     Total: 9
Violations: 1 1

Individual: [1, 2, 4, 5, 13, 14, 16, 17, 19, 20]
   Fitness: 13.0
     Total: 10
Violations: 2 2

Individual: [1, 2, 4, 5, 7, 14, 15, 17, 18, 20]
   Fitness: 13.0
     Total: 10
Violations: 2 2
