10
50
11.5 3.22
12.0 7.005
12.5 7.415
12.5 8.16
12.5 7.135
12.5 9.11
12.5 8.58
13.0 8.48
13.0 9.09
13.5 8.555
13.5 9.125
13.5 9.44
13.5 9.495
13.5 9.565
13.5 9.11
13.5 9.59
13.5 9.305
13.5 9.765
13.5 9.78
13.5 9.52
13.5 9.565
13.5 9.745
13.5 9.41
13.5 8.83
13.5 9.675
13.5 8.76
13.5 9.83
13.5 9.645
13.5 9.93
13.5 9.475
13.5 9.695
13.5 9.71
13.5 9.815
13.5 9.315
13.5 9.605
13.5 9.045
13.5 9.605
13.5 8.66
13.5 9.045
13.5 9.88
13.5 9.755
13.5 9.72
13.5 9.795
13.5 9.865
13.5 9.855
13.5 9.535
13.5 9.185
13.5 8.525
13.5 9.85
13.5 9.535
50
10.5 4.12
12.5 7.565
12.5 8.245
13.0 8.9
13.0 9.15
13.0 8.66
13.0 9.275
13.0 8.57
13.0 9.29
13.0 9.445
13.0 9.145
13.0 9.28
13.0 8.98
13.0 8.705
13.0 9.245
13.0 8.915
13.0 9.41
13.0 9.24
13.0 9.33
13.0 9.65
13.0 8.65
13.0 9.145
13.0 9.145
13.0 9.655
13.0 9.595
13.0 9.565
13.0 9.515
13.0 8.82
13.0 9.095
13.0 9.445
13.0 8.71
13.0 8.74
13.0 8.715
13.0 8.84
13.0 9.505
13.0 8.16
13.0 9.035
13.0 9.48
13.0 9.05
13.0 8.445
13.0 8.33
13.0 8.905
13.0 9.165
13.0 9.285
13.0 9.575
13.5 9.015
13.5 9.205
13.5 9.1
13.5 9.565
13.5 9.335
50
10.0 2.65
10.5 7.335
11.5 7.665
11.5 7.805
11.5 7.645
12.5 8.735
12.5 8.55
12.5 9.14
12.5 8.825
12.5 8.48
12.5 9.205
12.5 8.65
13.0 8.905
13.0 8.675
13.0 8.51
13.0 9.31
13.0 9.13
13.0 9.645
13.0 9.17
13.0 9.27
13.0 9.685
13.0 9.425
13.0 8.975
13.0 9.26
13.0 9.645
13.0 8.715
13.0 9.275
13.0 9.225
13.0 9.3
13.0 9.765
13.0 8.95
13.0 9.26
13.0 8.415
13.0 9.21
13.0 9.46
13.0 9.725
13.0 8.965
13.0 9.115
13.0 9.245
13.0 9.49
13.0 9.22
13.0 9.255
13.0 8.375
13.0 8.74
13.0 9.59
13.0 9.575
13.0 9.26
13.0 9.325
13.0 9.38
13.0 9.725
50
11.0 4.135
12.0 7.05
12.0 7.78
12.0 7.795
12.5 8.265
12.5 8.635
12.5 8.385
12.5 8.835
13.0 8.88
13.0 9.0
13.0 8.625
13.0 8.81
13.0 8.86
13.0 9.09
13.0 8.405
13.0 8.885
13.0 9.34
13.0 9.675
13.0 9.365
13.0 9.63
13.0 9.57
13.0 9.325
13.0 8.96
13.0 9.405
13.0 9.13
13.0 8.795
13.0 9.52
13.0 9.44
13.0 9.21
13.0 9.12
13.0 9.55
13.0 9.37
13.0 9.145
13.0 8.395
13.0 8.82
13.0 9.055
13.0 9.405
13.0 9.36
13.0 9.155
13.0 9.605
13.0 9.29
13.0 8.995
13.0 9.485
13.0 9.08
13.0 8.78
13.0 8.93
13.0 8.82
13.0 9.38
13.0 9.165
13.0 8.475
50
10.5 3.765
11.5 7.05
11.5 8.015
11.5 8.22
12.0 8.025
12.5 8.34
12.5 8.265
13.0 7.645
13.0 8.23
13.0 8.74
13.0 8.6
13.0 9.29
13.0 9.155
13.0 8.58
13.0 9.04
13.0 9.75
13.0 9.895
13.0 9.75
13.0 9.41
13.0 8.915
13.0 9.47
13.0 9.895
13.0 9.08
13.0 9.035
13.0 9.295
13.0 9.475
13.0 9.33
13.0 9.84
13.0 9.4
13.0 9.8
13.0 9.845
13.0 9.64
13.0 9.78
13.0 9.03
13.0 9.78
13.0 9.8
13.0 9.405
13.0 9.115
13.0 9.7
13.0 9.31
13.5 9.09
13.5 9.655
13.5 8.935
13.5 9.355
13.5 9.25
13.5 9.525
13.5 8.995
13.5 9.345
13.5 8.86
13.5 9.28
50
11.5 2.69
12.5 7.035
12.5 7.965
12.5 8.63
12.5 8.71
12.5 8.375
12.5 8.195
12.5 8.915
12.5 9.295
12.5 9.515
12.5 9.155
12.5 9.62
12.5 9.11
12.5 9.775
12.5 9.195
13.0 8.505
13.0 9.325
13.0 8.765
13.0 9.715
13.0 9.88
13.0 8.905
13.0 8.85
13.0 9.535
13.0 8.99
13.0 9.35
13.0 8.88
13.0 8.44
13.0 9.4
13.0 9.705
13.0 9.115
13.0 9.61
13.0 9.35
13.0 9.765
13.0 9.215
13.0 8.19
13.0 9.345
13.0 10.1
13.0 9.35
13.0 9.105
13.0 9.755
13.0 9.415
13.0 9.71
13.0 9.73
13.0 9.83
13.0 8.85
13.0 9.25
13.0 9.42
13.0 9.645
13.0 9.04
13.0 9.27
50
12.5 3.715
12.5 7.34
12.5 7.67
12.5 8.41
12.5 8.365
12.5 8.36
12.5 8.805
12.5 9.205
12.5 9.385
13.0 8.805
13.0 9.21
13.0 9.14
13.0 8.98
13.0 9.405
13.0 9.665
13.0 9.135
13.0 9.465
13.0 9.885
13.0 9.87
13.0 9.83
13.5 9.145
13.5 9.685
13.5 9.24
13.5 9.175
13.5 8.81
13.5 9.525
13.5 8.86
13.5 9.35
13.5 9.745
13.5 9.19
13.5 9.61
13.5 10.095
13.5 9.64
13.5 10.025
13.5 9.955
13.5 9.265
13.5 9.06
13.5 9.545
13.5 9.12
13.5 9.5
13.5 8.51
13.5 8.94
13.5 9.35
13.5 9.16
13.5 9.66
13.5 9.715
13.5 9.675
13.5 10.62
13.5 9.565
13.5 9.3
50
10.5 4.015
12.0 8.115
12.0 8.19
12.0 8.37
12.0 9.01
13.0 8.85
13.0 9.28
13.0 8.61
13.0 8.93
13.0 9.02
13.0 8.475
13.0 8.675
13.0 8.7
13.0 9.205
13.0 9.68
13.0 9.745
13.0 9.7
13.0 9.015
13.0 9.7
13.0 9.335
13.0 9.63
13.0 9.855
13.0 9.205
13.0 9.25
13.0 9.67
13.0 9.28
13.0 9.535
13.0 9.03
13.0 9.485
13.0 9.415
13.0 9.905
13.0 9.535
13.0 9.22
13.0 9.46
13.0 9.43
13.0 9.97
13.0 9.755
13.0 9.655
13.0 9.485
13.0 9.045
13.0 9.8
13.0 9.57
13.0 9.36
13.0 9.58
13.0 8.7
13.0 9.42
13.0 8.945
13.0 9.58
13.0 9.33
13.0 9.86
50
10.5 3.005
10.5 7.46
12.0 7.995
12.0 8.085
12.0 8.06
12.0 8.55
12.0 8.175
12.5 8.69
12.5 8.92
12.5 9.035
12.5 8.785
12.5 9.095
12.5 8.97
12.5 9.065
12.5 8.855
12.5 8.845
12.5 8.96
12.5 9.46
13.0 10.105
13.0 9.68
13.0 9.18
13.0 9.205
13.0 9.355
13.0 9.045
13.0 8.51
13.0 9.57
13.0 9.405
13.0 9.51
13.0 10.33
13.0 9.6
13.0 10.325
13.0 10.3
13.0 9.67
13.0 9.445
13.0 9.07
13.0 9.23
13.0 8.645
13.0 9.495
13.0 9.72
13.0 10.13
13.0 9.695
13.0 10.385
13.0 9.465
13.0 9.61
13.0 9.685
13.0 9.91
13.0 9.44
13.0 9.435
13.0 9.345
13.0 9.435
50
10.5 2.8
10.5 7.235
11.0 7.42
12.5 8.1
12.5 8.545
12.5 8.705
12.5 8.515
12.5 8.845
12.5 8.82
12.5 8.77
12.5 9.035
12.5 8.885
13.0 8.86
13.0 8.865
13.0 8.9
13.0 9.55
13.0 9.375
13.0 9.725
13.0 9.48
13.0 9.875
13.0 9.695
13.0 9.29
13.0 9.36
13.0 8.82
13.0 8.47
13.0 9.93
13.0 9.68
13.0 9.95
13.0 9.715
13.0 8.9
13.0 9.31
13.0 8.975
13.0 9.05
13.0 9.735
13.0 9.48
13.0 9.745
13.0 9.745
13.0 9.915
13.0 9.24
13.0 8.725
13.0 8.91
13.0 9.785
13.0 9.74
13.0 9.34
13.0 9.17
13.0 9.6
13.0 9.81
13.0 9.765
13.0 9.38
13.0 9.775

Individual: [1, 3, 6, 7, 12, 14, 15, 19, 20]
   Fitness: 13.5
     Total: 9
Violations: 0 0

Individual: [1, 3, 6, 7, 12, 14, 15, 19, 20]
   Fitness: 13.5
     Total: 9
Violations: 0 0

Individual: [1, 2, 4, 5, 7, 8, 16, 17, 19, 20]
   Fitness: 13.0
     Total: 10
Violations: 2 2

Individual: [1, 2, 5, 6, 7, 14, 15, 16, 19, 20]
   Fitness: 13.0
     Total: 10
Violations: 2 2

Individual: [1, 3, 6, 7, 12, 14, 15, 19, 20]
   Fitness: 13.5
     Total: 9
Violations: 0 0

Individual: [1, 2, 4, 5, 7, 14, 15, 17, 18, 20]
   Fitness: 13.0
     Total: 10
Violations: 2 2

Individual: [1, 3, 6, 7, 12, 14, 15, 19, 20]
   Fitness: 13.5
     Total: 9
Violations: 0 0

Individual: [1, 2, 4, 5, 7, 14, 15, 18, 19, 20]
   Fitness: 13.0
     Total: 10
Violations: 2 2

Individual: [1, 2, 4, 5, 7, 14, 15, 17, 18, 20]
   Fitness: 13.0
     Total: 10
Violations: 2 2

Individual: [1, 2, 4, 5, 8, 13, 16, 17, 19, 20]
   Fitness: 13.0
     Total: 10
Violations: 2 2
