10
100
11.5 3.81
11.5 8.01
11.5 8.915
11.5 9.615
12.5 10.48
12.5 11.135
13.0 10.975
13.0 11.885
13.0 12.18
13.0 12.675
13.0 12.79
13.0 12.815
13.0 12.885
13.0 12.89
13.0 12.915
13.0 12.865
13.0 12.915
13.0 12.8
13.0 12.925
13.0 12.775
13.0 12.945
13.0 12.945
13.0 12.91
13.0 12.845
13.0 12.935
13.0 12.835
13.0 12.875
13.0 12.83
13.0 12.835
13.0 12.785
13.0 12.89
13.0 12.805
13.0 12.91
13.0 12.885
13.0 12.92
13.0 12.86
13.0 12.88
13.0 12.77
13.0 12.985
13.0 12.925
13.0 12.835
13.0 12.88
13.0 12.89
13.0 12.915
13.0 12.805
13.0 13.0
13.0 12.89
13.0 12.875
13.0 12.89
13.0 12.965
13.0 12.92
13.0 12.9
13.0 12.955
13.0 12.83
13.0 12.825
13.0 12.83
13.0 12.875
13.0 12.91
13.0 12.965
13.0 12.905
13.0 12.905
13.0 12.94
13.0 12.935
13.0 12.855
13.0 12.88
13.0 12.955
13.0 12.87
13.0 12.75
13.0 12.925
13.0 12.905
13.0 12.945
13.0 12.95
13.0 12.855
13.0 12.91
13.0 12.92
13.0 12.945
13.0 12.905
13.0 12.945
13.0 12.825
13.0 12.88
13.0 12.935
13.0 12.84
13.0 12.79
13.0 12.905
13.0 12.89
13.0 12.94
13.0 12.905
13.0 12.785
13.0 12.925
13.0 12.935
13.0 12.825
13.0 12.87
13.0 12.96
13.0 12.89
13.0 12.87
13.0 12.95
13.0 12.825
13.0 12.775
13.0 12.91
13.0 12.66
100
10.5 3.835
11.0 7.485
12.0 8.925
12.0 9.825
12.0 10.28
13.0 10.725
13.0 10.85
13.0 11.545
13.0 12.01
13.0 12.27
13.0 12.585
13.0 12.91
13.0 12.755
13.0 12.965
13.0 12.88
13.0 12.95
13.0 12.94
13.0 12.98
13.0 12.815
13.0 12.83
13.0 12.86
13.0 12.925
13.0 12.765
13.0 12.935
13.0 12.98
13.0 12.93
13.0 12.965
13.0 12.945
13.0 12.965
13.0 12.97
13.0 12.915
13.0 12.815
13.0 12.755
13.0 12.785
13.0 12.83
13.0 12.835
13.0 12.965
13.0 12.79
13.0 12.98
13.0 13.0
13.0 12.91
13.0 12.9
13.0 12.81
13.0 12.96
13.0 13.0
13.0 12.935
13.0 12.935
13.0 12.905
13.0 12.81
13.0 12.95
13.0 12.8
13.0 12.92
13.0 12.765
13.0 12.83
13.0 12.795
13.0 12.93
13.0 12.86
13.0 12.775
13.0 12.9
13.0 12.975
13.0 12.865
13.0 12.955
13.0 12.88
13.0 12.9
13.0 12.8
13.0 12.99
13.0 12.91
13.0 12.92
13.0 12.845
13.0 12.785
13.0 12.955
13.0 12.715
13.0 12.92
13.0 12.96
13.0 12.81
13.0 12.9
13.0 12.775
13.0 12.85
13.0 12.815
13.0 12.745
13.0 12.83
13.0 12.8
13.0 12.91
13.0 12.885
13.0 12.9
13.0 12.82
13.0 12.875
13.0 12.82
13.0 12.845
13.0 12.815
13.0 12.87
13.0 12.785
13.0 12.92
13.0 12.81
13.0 12.92
13.0 12.965
13.0 12.935
13.0 12.89
13.0 12.7
13.0 12.89
100
10.5 2.54
11.0 7.28
11.5 8.965
11.5 9.5
11.5 9.9
12.5 10.69
12.5 10.96
12.5 11.295
13.0 11.675
13.5 11.95
13.5 11.95
13.5 12.28
13.5 12.48
13.5 12.69
13.5 13.065
13.5 13.39
13.5 13.425
13.5 13.21
13.5 13.17
13.5 13.365
13.5 13.325
13.5 13.26
13.5 13.365
13.5 13.395
13.5 13.4
13.5 13.275
13.5 13.395
13.5 13.405
13.5 13.36
13.5 13.42
13.5 13.285
13.5 13.33
13.5 13.315
13.5 13.175
13.5 13.36
13.5 13.32
13.5 13.47
13.5 13.315
13.5 13.265
13.5 13.335
13.5 13.355
13.5 13.28
13.5 13.325
13.5 13.41
13.5 13.275
13.5 13.45
13.5 13.42
13.5 13.495
13.5 13.355
13.5 13.33
13.5 13.385
13.5 13.3
13.5 13.33
13.5 13.365
13.5 13.375
13.5 13.395
13.5 13.315
13.5 13.26
13.5 13.325
13.5 13.5
13.5 13.275
13.5 13.305
13.5 13.48
13.5 13.34
13.5 13.3
13.5 13.305
13.5 13.245
13.5 13.375
13.5 13.225
13.5 13.345
13.5 13.435
13.5 13.325
13.5 13.38
13.5 13.4
13.5 13.375
13.5 13.315
13.5 13.36
13.5 13.24
13.5 13.335
13.5 13.435
13.5 13.385
13.5 13.285
13.5 13.405
13.5 13.405
13.5 13.385
13.5 13.165
13.5 13.385
13.5 13.375
13.5 13.44
13.5 13.335
13.5 13.35
13.5 13.36
13.5 13.455
13.5 13.315
13.5 13.305
13.5 13.39
13.5 13.335
13.5 13.36
13.5 13.04
13.5 13.25
100
10.5 3.12
10.5 8.09
12.0 9.195
12.5 9.94
12.5 10.675
13.0 11.24
13.0 11.775
13.0 12.07
13.0 12.185
13.0 12.165
13.0 12.51
13.0 12.82
13.0 12.83
13.0 12.93
13.0 12.77
13.0 12.855
13.0 12.92
13.0 12.725
13.0 12.85
13.0 12.87
13.0 12.845
13.0 12.84
13.0 12.855
13.0 12.95
13.0 12.975
13.0 12.91
13.0 12.88
13.0 12.955
13.0 12.91
13.0 12.89
13.0 12.775
13.0 12.84
13.0 12.88
13.0 12.88
13.0 12.875
13.0 12.85
13.0 12.85
13.0 12.97
13.0 12.885
13.0 12.855
13.0 12.895
13.0 12.91
13.0 12.9
13.0 12.84
13.0 12.985
13.0 12.915
13.0 12.86
13.0 12.935
13.0 12.91
13.0 12.87
13.0 12.9
13.0 12.96
13.0 12.965
13.0 12.83
13.0 12.53
13.0 12.94
13.0 12.725
13.0 12.825
13.0 12.945
13.0 12.925
13.0 12.695
13.0 12.795
13.0 12.935
13.0 12.86
13.0 12.805
13.0 12.87
13.0 12.79
13.0 12.84
13.0 12.835
13.0 12.8
13.0 12.755
13.0 12.87
13.0 12.945
13.0 12.82
13.0 12.885
13.0 12.905
13.0 12.795
13.0 12.925
13.0 12.93
13.0 12.905
13.0 12.8
13.0 12.955
13.0 12.9
13.0 12.95
13.0 12.945
13.0 12.88
13.0 12.905
13.0 12.94
13.0 12.675
13.0 12.96
13.0 12.875
13.0 12.84
13.0 12.845
13.0 12.985
13.0 12.925
13.0 12.945
13.0 12.86
13.0 12.87
13.0 12.875
13.0 12.98
100
10.5 3.735
10.5 7.815
12.0 8.84
12.0 9.45
12.5 9.825
12.5 10.455
12.5 10.94
13.0 11.38
13.0 11.795
13.0 11.98
13.0 12.37
13.0 12.735
13.0 12.75
13.0 12.905
13.0 12.86
13.0 12.695
13.0 12.805
13.0 12.835
13.0 12.93
13.0 12.94
13.0 12.775
13.0 12.83
13.0 12.935
13.0 12.875
13.0 12.83
13.0 12.725
13.0 12.845
13.0 12.91
13.0 12.895
13.0 12.925
13.0 12.795
13.0 12.82
13.0 12.86
13.0 12.945
13.0 12.83
13.0 12.915
13.0 12.965
13.0 12.94
13.0 12.93
13.0 12.84
13.0 12.93
13.0 12.82
13.0 12.9
13.0 12.785
13.0 12.83
13.0 12.845
13.0 12.89
13.0 12.995
13.0 12.865
13.0 12.805
13.0 12.8
13.0 12.86
13.0 12.92
13.0 12.92
13.0 12.955
13.0 12.86
13.0 12.79
13.0 12.9
13.0 12.82
13.0 12.98
13.0 12.83
13.0 12.92
13.0 12.84
13.0 12.94
13.0 12.9
13.0 12.89
13.0 12.9
13.0 12.865
13.0 12.85
13.0 12.77
13.0 12.755
13.0 12.835
13.0 12.87
13.0 12.775
13.0 12.915
13.0 12.8
13.0 12.895
13.0 12.81
13.0 12.98
13.0 12.89
13.0 12.885
13.0 12.83
13.0 12.82
13.0 12.785
13.0 12.81
13.0 12.805
13.0 12.92
13.0 12.975
13.0 12.92
13.0 12.825
13.0 12.9
13.0 12.715
13.0 12.87
13.0 12.8
13.0 12.895
13.0 12.845
13.0 12.98
13.0 12.93
13.0 12.92
13.0 12.91
100
11.0 3.57
11.0 7.94
11.0 9.25
12.0 9.88
12.0 10.235
12.0 10.49
12.5 11.12
12.5 11.65
12.5 11.94
12.5 12.12
12.5 12.195
12.5 12.3
12.5 12.31
12.5 12.425
12.5 12.355
12.5 12.475
12.5 12.32
12.5 12.38
12.5 12.365
12.5 12.405
12.5 12.335
12.5 12.39
12.5 12.355
12.5 12.39
12.5 12.325
12.5 12.385
12.5 12.145
12.5 12.42
12.5 12.465
12.5 12.385
12.5 12.285
12.5 12.37
12.5 12.44
12.5 12.26
12.5 12.27
12.5 12.435
12.5 12.43
12.5 12.31
12.5 12.315
12.5 12.295
12.5 12.28
12.5 12.265
12.5 12.335
12.5 12.345
12.5 12.395
12.5 12.395
12.5 12.285
12.5 12.265
12.5 12.335
12.5 12.32
12.5 12.265
12.5 12.415
12.5 12.455
12.5 12.31
12.5 12.425
12.5 12.105
12.5 12.315
12.5 12.365
12.5 12.27
12.5 12.235
12.5 12.23
12.5 12.265
12.5 12.36
12.5 12.27
12.5 12.245
12.5 12.41
12.5 12.395
12.5 12.355
12.5 12.405
12.5 12.265
12.5 12.33
12.5 12.315
12.5 12.195
12.5 12.445
12.5 12.285
12.5 12.27
12.5 12.235
12.5 12.34
12.5 12.2
12.5 12.3
12.5 12.43
12.5 12.39
12.5 12.305
12.5 12.25
12.5 12.24
12.5 12.45
12.5 12.395
12.5 12.325
12.5 12.4
12.5 12.245
12.5 12.35
12.5 12.45
12.5 12.35
12.5 12.315
12.5 12.3
12.5 12.44
12.5 12.425
12.5 12.29
12.5 12.33
12.5 12.385
100
11.0 4.08
11.5 8.06
12.0 9.16
13.0 10.3
13.0 10.94
13.0 11.2
13.0 11.665
13.0 11.785
13.0 12.63
13.0 12.715
13.0 12.78
13.0 12.845
13.0 12.84
13.0 12.63
13.0 12.825
13.0 12.805
13.0 12.93
13.0 12.87
13.0 12.79
13.0 12.875
13.0 12.895
13.0 12.73
13.0 12.845
13.0 12.945
13.0 12.98
13.0 12.91
13.0 12.935
13.0 12.73
13.0 12.97
13.0 12.75
13.0 12.78
13.0 12.99
13.0 12.885
13.0 12.835
13.0 12.855
13.0 12.935
13.0 12.805
13.0 12.87
13.0 12.785
13.0 12.905
13.0 12.925
13.0 12.93
13.0 12.79
13.0 12.705
13.0 12.84
13.0 12.895
13.0 12.905
13.0 12.815
13.0 13.0
13.0 13.0
13.0 12.885
13.0 12.925
13.0 12.77
13.0 12.96
13.0 12.815
13.0 12.92
13.0 12.92
13.0 12.96
13.0 12.885
13.0 12.975
13.0 12.995
13.0 12.955
13.0 12.94
13.0 12.92
13.0 12.925
13.0 12.98
13.0 12.815
13.0 12.91
13.0 12.915
13.0 12.995
13.0 12.945
13.0 12.815
13.0 12.92
13.0 12.97
13.0 12.87
13.0 12.945
13.0 12.92
13.0 12.945
13.0 12.745
13.0 12.815
13.0 12.835
13.0 12.915
13.0 12.9
13.0 12.77
13.0 12.845
13.0 12.795
13.0 12.72
13.0 12.905
13.0 12.84
13.0 12.815
13.0 12.93
13.0 12.835
13.0 12.79
13.0 12.88
13.0 12.805
13.0 12.935
13.0 12.945
13.0 12.715
13.0 12.955
13.0 12.91
100
10.5 3.495
10.5 7.135
11.5 8.755
11.5 9.56
12.0 10.24
12.0 10.68
12.5 10.835
12.5 11.23
12.5 11.83
12.5 12.145
12.5 12.365
12.5 12.455
12.5 12.285
12.5 12.395
12.5 12.44
12.5 12.295
12.5 12.465
12.5 12.375
12.5 12.355
12.5 12.25
12.5 12.345
12.5 12.385
12.5 12.41
12.5 12.445
12.5 12.375
12.5 12.425
12.5 12.285
12.5 12.335
12.5 12.405
12.5 12.39
12.5 12.47
12.5 12.435
12.5 12.355
12.5 12.385
12.5 12.36
12.5 12.37
12.5 12.41
12.5 12.38
12.5 12.48
12.5 12.26
12.5 12.38
12.5 12.355
12.5 12.225
12.5 12.22
12.5 12.375
12.5 12.405
12.5 12.405
12.5 12.245
12.5 12.35
12.5 12.375
12.5 12.33
12.5 12.255
12.5 12.39
12.5 12.415
12.5 12.38
12.5 12.415
12.5 12.3
12.5 12.435
12.5 12.405
12.5 12.43
12.5 12.3
12.5 12.44
12.5 12.305
12.5 12.245
12.5 12.455
12.5 12.33
12.5 12.395
12.5 12.445
12.5 12.335
12.5 12.4
12.5 12.45
12.5 12.32
12.5 12.425
12.5 12.475
12.5 12.305
12.5 12.38
12.5 12.23
12.5 12.485
12.5 12.365
12.5 12.335
12.5 12.41
12.5 12.39
12.5 12.49
12.5 12.405
12.5 12.275
12.5 12.26
12.5 12.415
12.5 12.44
12.5 12.475
12.5 12.325
12.5 12.325
12.5 12.295
12.5 12.42
12.5 12.425
12.5 12.395
12.5 12.415
12.5 12.45
12.5 12.455
12.5 12.355
12.5 12.345
100
10.5 3.52
11.0 7.665
12.0 8.955
12.0 9.72
12.5 10.605
13.0 11.295
13.0 12.105
13.0 12.415
13.0 12.295
13.0 12.515
13.0 12.39
13.0 12.67
13.0 12.88
13.0 12.8
13.0 12.845
13.0 12.96
13.0 12.755
13.0 12.885
13.0 12.975
13.0 12.765
13.0 12.825
13.0 12.74
13.0 12.785
13.0 12.915
13.0 12.87
13.0 12.89
13.0 12.765
13.0 12.88
13.0 12.84
13.0 12.69
13.0 12.725
13.0 12.92
13.0 12.92
13.0 12.82
13.0 12.98
13.0 12.9
13.0 12.915
13.0 12.885
13.0 12.895
13.0 12.78
13.0 12.665
13.0 12.915
13.0 12.83
13.0 12.85
13.0 12.86
13.0 12.835
13.0 12.755
13.0 12.74
13.0 12.78
13.0 12.92
13.0 12.78
13.0 12.685
13.0 12.845
13.0 12.845
13.0 12.89
13.0 12.935
13.0 12.835
13.0 12.92
13.0 12.815
13.0 12.92
13.0 12.925
13.0 12.975
13.0 12.96
13.0 12.84
13.0 12.925
13.0 12.815
13.0 12.64
13.0 12.755
13.0 12.8
13.0 12.84
13.0 12.775
13.0 12.845
13.0 12.965
13.0 12.975
13.0 12.745
13.0 12.885
13.0 12.81
13.0 12.81
13.0 12.855
13.0 12.87
13.0 12.885
13.0 12.8
13.0 12.835
13.0 12.81
13.0 12.825
13.0 12.925
13.0 12.865
13.0 12.905
13.0 12.71
13.0 12.8
13.0 12.78
13.0 12.68
13.0 12.75
13.0 12.955
13.0 12.81
13.0 12.82
13.0 12.8
13.0 12.74
13.0 12.845
13.0 12.74
100
11.5 3.49
11.5 8.235
12.5 9.75
12.5 10.56
12.5 11.255
12.5 11.77
12.5 12.01
12.5 12.115
12.5 12.185
12.5 12.205
12.5 12.3
12.5 12.235
12.5 12.31
13.0 12.385
13.0 12.295
13.0 12.4
13.0 12.365
13.0 12.705
13.0 12.795
13.0 12.83
13.0 12.95
13.0 12.64
13.0 12.975
13.0 12.97
13.0 12.88
13.0 12.855
13.0 12.9
13.0 12.96
13.0 12.85
13.0 12.865
13.0 12.745
13.0 12.91
13.0 12.95
13.0 12.885
13.0 12.97
13.0 12.825
13.0 12.98
13.0 12.89
13.0 12.875
13.0 12.9
13.0 12.815
13.0 12.815
13.0 12.94
13.0 12.86
13.0 12.89
13.0 12.86
13.0 12.905
13.0 12.89
13.0 12.885
13.0 12.855
13.0 12.955
13.0 12.885
13.0 12.835
13.0 12.905
13.0 12.77
13.0 12.945
13.0 12.955
13.0 12.905
13.0 12.96
13.0 12.91
13.0 12.81
13.0 12.965
13.0 12.98
13.0 12.88
13.0 12.85
13.0 12.86
13.0 12.93
13.0 12.705
13.0 12.885
13.0 12.82
13.0 12.81
13.0 12.94
13.0 12.865
13.0 12.895
13.0 12.96
13.0 12.84
13.0 12.925
13.0 12.81
13.0 12.895
13.0 12.745
13.0 12.875
13.0 12.935
13.0 12.87
13.0 12.785
13.0 12.92
13.0 12.82
13.0 12.96
13.0 12.88
13.0 12.925
13.0 12.89
13.0 12.875
13.0 12.925
13.0 12.92
13.0 12.765
13.0 12.905
13.0 12.825
13.0 12.88
13.0 12.895
13.0 13.0
13.0 12.835

Individual: [1, 3, 4, 6, 7, 14, 15, 18, 19, 20]
   Fitness: 13.0
     Total: 10
Violations: 2 2

Individual: [1, 3, 4, 6, 7, 14, 16, 17, 19, 20]
   Fitness: 13.0
     Total: 10
Violations: 2 2

Individual: [1, 3, 6, 7, 12, 14, 15, 19, 20]
   Fitness: 13.5
     Total: 9
Violations: 0 0

Individual: [1, 2, 3, 6, 7, 14, 16, 17, 19, 20]
   Fitness: 13.0
     Total: 10
Violations: 2 2

Individual: [1, 2, 4, 5, 7, 14, 16, 17, 19, 20]
   Fitness: 13.0
     Total: 10
Violations: 2 2

Individual: [1, 4, 5, 8, 10, 13, 17, 18, 20]
   Fitness: 12.5
     Total: 9
Violations: 1 1

Individual: [1, 2, 4, 5, 8, 10, 13, 17, 19, 20]
   Fitness: 13.0
     Total: 10
Violations: 2 2

Individual: [2, 5, 6, 9, 11, 14, 15, 18, 20]
   Fitness: 12.5
     Total: 9
Violations: 1 1

Individual: [1, 3, 4, 6, 7, 14, 16, 17, 19, 20]
   Fitness: 13.0
     Total: 10
Violations: 2 2

Individual: [1, 3, 4, 6, 7, 14, 15, 16, 19, 20]
   Fitness: 13.0
     Total: 10
Violations: 2 2
