10
100
11.5 3.05
11.5 6.205
11.5 6.045
11.5 6.05
11.5 5.925
12.0 6.44
12.0 6.775
12.0 6.435
12.0 7.275
12.0 4.54
12.0 6.75
12.0 6.415
12.0 6.44
12.0 6.915
12.0 5.445
12.0 6.535
12.0 6.29
12.0 6.89
12.0 6.49
12.5 6.75
12.5 4.49
12.5 7.23
12.5 6.69
12.5 6.38
12.5 6.595
12.5 5.45
12.5 6.38
12.5 5.415
12.5 6.025
12.5 6.72
12.5 5.895
12.5 6.66
12.5 7.31
12.5 6.48
12.5 6.205
12.5 6.3
12.5 7.11
12.5 7.0
12.5 6.985
12.5 7.18
12.5 4.615
12.5 5.635
12.5 6.87
12.5 5.92
12.5 7.045
12.5 6.09
12.5 5.615
12.5 7.125
12.5 7.305
12.5 6.515
12.5 7.01
12.5 6.865
12.5 6.84
12.5 6.43
12.5 7.055
12.5 5.725
12.5 5.515
12.5 6.955
12.5 6.545
12.5 5.385
12.5 6.83
12.5 5.01
12.5 6.045
12.5 6.785
12.5 6.795
12.5 6.005
12.5 6.69
12.5 5.485
12.5 7.44
12.5 6.405
12.5 7.08
12.5 7.35
12.5 7.22
12.5 6.265
12.5 6.17
12.5 5.85
12.5 6.53
12.5 6.69
12.5 7.325
12.5 5.875
12.5 4.915
12.5 6.55
12.5 5.51
12.5 6.69
12.5 5.555
12.5 5.395
12.5 6.93
12.5 6.355
12.5 7.11
12.5 6.295
12.5 6.205
12.5 6.54
12.5 7.31
12.5 7.435
12.5 5.86
12.5 6.455
12.5 6.69
12.5 5.395
12.5 6.835
12.5 4.71
100
10.5 3.185
10.5 5.34
10.5 5.81
11.0 5.03
11.0 5.95
11.0 6.75
11.0 5.575
11.0 5.53
11.0 6.835
11.5 6.82
11.5 6.455
11.5 7.685
11.5 6.685
12.0 6.8
12.0 6.235
12.0 6.195
12.0 6.805
12.0 5.975
12.0 5.615
12.0 5.81
12.0 6.21
12.0 5.945
12.0 6.73
12.0 7.325
12.0 5.58
12.0 6.105
12.0 6.1
12.0 5.85
12.0 7.105
12.0 7.5
12.0 6.16
12.0 6.48
12.0 6.49
12.0 5.74
12.0 6.41
12.0 6.715
12.0 6.57
12.0 7.025
12.0 7.405
12.0 6.69
12.0 6.435
12.0 6.415
12.0 6.145
12.0 5.225
12.0 5.3
12.0 6.4
12.0 6.265
12.0 6.855
12.0 6.46
12.0 6.04
12.0 4.725
12.0 7.24
12.0 7.115
12.0 6.73
12.0 6.565
12.0 7.09
12.0 5.825
12.0 5.7
12.0 6.685
12.0 6.395
12.5 6.28
12.5 7.485
12.5 7.1
12.5 6.345
12.5 6.415
12.5 7.305
12.5 6.37
12.5 5.2
12.5 6.69
12.5 5.535
12.5 6.715
12.5 6.615
12.5 6.61
12.5 6.975
12.5 6.545
12.5 6.785
12.5 6.49
12.5 5.495
12.5 6.115
12.5 6.18
12.5 6.52
13.0 5.405
13.0 6.79
13.0 7.685
13.0 6.425
13.0 5.495
13.0 6.225
13.0 6.555
13.0 7.5
13.0 6.93
13.0 6.39
13.0 6.485
13.0 5.04
13.0 5.86
13.0 5.11
13.0 6.19
13.0 5.64
13.0 4.645
13.0 6.74
13.0 6.38
100
11.0 3.98
11.0 6.09
11.0 6.32
11.0 6.425
12.0 6.405
12.0 6.35
12.0 6.37
12.0 6.975
12.0 6.445
12.0 7.335
12.0 7.25
12.0 5.835
12.0 7.145
12.0 6.855
12.0 5.965
12.0 5.48
12.0 6.415
12.0 5.515
12.0 6.535
12.0 6.695
12.0 7.1
12.0 5.585
12.0 6.56
12.0 6.66
12.0 6.585
12.0 5.41
12.0 5.6
12.0 6.76
12.0 6.64
12.0 6.995
12.0 6.265
12.0 6.615
12.0 6.42
12.0 5.825
12.0 7.065
12.0 6.61
12.0 5.79
12.0 7.105
12.0 5.86
12.0 7.725
12.0 6.375
12.0 7.635
12.0 6.155
12.0 6.88
12.0 6.355
12.5 5.79
12.5 6.355
12.5 6.775
12.5 6.96
12.5 7.22
12.5 6.315
12.5 6.275
12.5 5.16
12.5 5.245
12.5 6.455
12.5 5.67
12.5 6.47
12.5 7.415
12.5 6.465
12.5 6.065
12.5 6.47
12.5 6.425
12.5 6.915
12.5 7.4
12.5 6.365
12.5 6.285
12.5 4.425
12.5 6.075
12.5 6.375
12.5 6.065
12.5 6.59
12.5 5.845
12.5 7.075
12.5 6.98
12.5 6.765
12.5 6.35
12.5 6.815
12.5 6.02
12.5 6.635
12.5 6.455
12.5 6.445
12.5 4.95
12.5 5.5
12.5 5.66
12.5 5.765
12.5 5.89
12.5 6.85
12.5 6.765
12.5 7.14
12.5 7.505
12.5 7.135
12.5 7.245
12.5 6.13
12.5 7.265
12.5 6.935
12.5 7.385
12.5 6.825
12.5 6.385
12.5 6.08
12.5 5.57
100
11.0 3.8
11.0 5.465
11.5 6.795
11.5 6.495
11.5 7.655
12.5 6.125
12.5 6.62
12.5 7.565
12.5 5.54
12.5 5.98
12.5 6.355
12.5 6.73
12.5 6.78
12.5 7.56
12.5 6.305
12.5 6.845
12.5 6.13
12.5 5.78
12.5 5.795
12.5 6.3
12.5 4.735
12.5 4.985
12.5 6.285
12.5 6.16
12.5 5.165
12.5 6.515
12.5 5.535
12.5 5.635
12.5 6.6
12.5 6.23
12.5 6.33
12.5 5.895
12.5 7.85
12.5 5.2
12.5 6.695
12.5 6.64
12.5 6.165
12.5 5.545
12.5 5.525
12.5 6.52
12.5 6.025
12.5 7.42
12.5 6.065
12.5 5.82
12.5 5.865
12.5 7.015
12.5 6.505
12.5 4.915
12.5 6.305
12.5 6.405
13.0 6.445
13.0 5.78
13.0 6.51
13.0 7.4
13.0 5.46
13.0 7.1
13.0 6.18
13.0 7.075
13.0 6.495
13.0 5.8
13.0 6.38
13.0 6.05
13.0 5.91
13.0 7.15
13.0 5.815
13.0 7.485
13.0 6.435
13.0 6.325
13.0 5.865
13.0 5.52
13.0 6.07
13.0 7.385
13.0 7.405
13.0 5.785
13.0 7.07
13.0 6.655
13.0 6.68
13.0 6.27
13.0 6.915
13.0 6.82
13.0 7.315
13.0 6.635
13.0 6.115
13.0 5.08
13.0 6.66
13.0 7.605
13.0 6.965
13.0 6.1
13.0 6.345
13.0 7.44
13.0 6.24
13.0 6.6
13.0 6.805
13.0 6.095
13.0 5.37
13.0 5.635
13.0 5.705
13.0 5.455
13.0 6.635
13.0 6.985
100
11.0 3.95
11.5 5.8
12.5 6.44
12.5 6.535
12.5 5.53
12.5 6.715
12.5 5.695
12.5 5.9
12.5 6.25
12.5 6.515
12.5 6.175
12.5 6.55
12.5 5.465
12.5 5.67
12.5 7.285
12.5 6.845
12.5 5.79
12.5 5.945
12.5 6.175
12.5 6.075
12.5 7.27
12.5 7.665
12.5 5.91
12.5 6.99
12.5 6.31
12.5 7.835
12.5 7.575
12.5 7.27
12.5 5.465
12.5 7.01
12.5 5.78
12.5 6.89
12.5 5.18
12.5 6.32
12.5 6.63
12.5 7.03
12.5 5.64
12.5 4.325
12.5 6.555
12.5 5.445
12.5 5.87
12.5 5.535
12.5 6.255
12.5 6.67
12.5 6.78
12.5 5.915
12.5 5.455
12.5 5.775
12.5 7.175
12.5 6.225
12.5 5.87
12.5 6.655
12.5 6.42
12.5 7.05
12.5 6.635
12.5 6.04
12.5 6.775
12.5 6.825
12.5 6.17
12.5 5.735
12.5 6.035
12.5 6.26
12.5 6.37
12.5 6.435
12.5 5.21
12.5 7.125
12.5 6.405
12.5 6.445
12.5 7.085
12.5 7.185
12.5 5.405
12.5 4.79
12.5 5.61
12.5 6.85
12.5 7.255
12.5 7.28
12.5 6.585
12.5 6.77
12.5 7.01
12.5 5.485
12.5 6.545
12.5 6.695
12.5 6.9
12.5 6.455
12.5 6.765
12.5 6.02
12.5 7.595
12.5 7.535
12.5 6.34
12.5 6.8
12.5 6.51
12.5 6.74
12.5 4.935
12.5 6.315
12.5 7.845
12.5 7.5
12.5 4.94
13.0 6.625
13.0 6.135
13.0 6.075
100
11.0 2.44
11.5 6.635
11.5 5.49
11.5 6.94
11.5 6.205
11.5 5.335
11.5 7.145
11.5 6.605
11.5 5.54
11.5 6.48
11.5 5.55
11.5 6.495
11.5 6.175
11.5 6.17
11.5 4.87
12.0 6.005
12.0 5.96
12.0 6.2
12.0 7.655
12.0 5.375
12.0 5.64
12.0 5.07
12.0 5.0
12.0 5.895
12.0 6.475
12.0 6.235
12.0 7.17
12.0 5.6
12.0 6.22
12.0 6.355
12.0 5.84
12.0 6.315
12.0 6.34
12.0 6.63
12.0 6.88
12.0 6.625
12.0 6.725
12.0 6.215
12.0 6.65
12.0 6.045
12.0 5.79
12.0 6.295
12.0 6.775
12.0 6.12
12.0 6.605
12.0 6.13
12.0 5.435
12.0 5.55
12.0 7.21
12.0 6.635
12.0 6.265
12.0 5.695
12.0 6.23
12.0 7.07
12.0 6.75
12.0 6.515
12.0 5.555
12.0 5.39
12.0 5.515
12.0 5.965
12.0 6.13
12.0 7.135
12.0 6.14
12.0 5.8
12.0 6.12
12.0 6.14
13.0 6.575
13.0 5.915
13.0 6.83
13.0 7.02
13.0 4.84
13.0 5.33
13.0 5.505
13.0 5.955
13.0 6.31
13.0 6.62
13.0 6.06
13.0 6.12
13.0 7.42
13.0 6.675
13.0 6.66
13.0 7.795
13.0 6.71
13.0 6.03
13.0 5.745
13.0 6.19
13.0 6.925
13.0 6.95
13.0 5.935
13.0 5.05
13.0 6.505
13.0 7.205
13.0 5.78
13.0 5.885
13.0 6.245
13.0 5.97
13.0 6.52
13.0 6.075
13.0 6.37
13.0 6.065
100
11.0 3.14
12.5 6.71
12.5 4.745
12.5 6.05
12.5 6.64
12.5 5.96
12.5 5.885
12.5 6.42
12.5 6.65
12.5 6.735
12.5 6.495
12.5 5.215
12.5 6.705
12.5 7.01
12.5 6.26
12.5 7.08
12.5 7.125
12.5 7.43
12.5 6.96
12.5 7.0
13.0 6.74
13.0 6.4
13.0 6.78
13.0 6.76
13.0 5.565
13.0 6.935
13.0 5.93
13.0 6.275
13.0 6.28
13.0 6.68
13.0 6.24
13.0 6.055
13.0 6.48
13.0 6.225
13.0 6.235
13.0 6.195
13.0 7.37
13.0 6.705
13.0 6.64
13.0 6.69
13.0 6.44
13.0 5.955
13.0 6.59
13.0 6.06
13.0 5.96
13.0 6.125
13.0 6.25
13.0 6.345
13.0 6.01
13.0 6.42
13.0 6.46
13.0 6.455
13.0 7.075
13.0 6.06
13.0 6.15
13.0 6.52
13.0 6.81
13.0 5.81
13.0 6.345
13.0 7.035
13.0 6.375
13.0 6.49
13.0 5.86
13.0 6.11
13.0 6.075
13.0 6.62
13.0 6.37
13.0 4.225
13.0 7.45
13.0 6.335
13.0 7.61
13.0 6.645
13.0 7.055
13.0 6.505
13.0 6.385
13.0 7.325
13.0 4.915
13.0 5.415
13.0 5.98
13.0 5.915
13.0 7.025
13.0 6.515
13.0 6.025
13.0 6.555
13.0 6.535
13.0 6.065
13.0 6.245
13.0 7.345
13.0 6.98
13.0 5.35
13.0 5.205
13.0 6.465
13.0 6.415
13.0 6.755
13.0 7.055
13.0 6.87
13.0 5.785
13.0 6.525
13.0 7.16
13.0 6.12
100
11.0 3.625
11.5 6.03
11.5 6.235
11.5 7.085
11.5 6.035
11.5 5.945
11.5 5.87
11.5 4.84
11.5 6.045
11.5 5.355
11.5 6.83
11.5 6.035
11.5 6.455
11.5 6.195
11.5 6.79
11.5 6.73
11.5 6.845
11.5 5.775
11.5 6.4
11.5 5.985
11.5 5.955
11.5 6.4
11.5 5.265
12.0 6.57
12.0 6.605
12.0 5.89
12.0 6.75
12.0 6.405
12.0 6.74
12.0 5.865
12.0 7.02
12.0 7.435
12.0 5.85
12.0 7.61
12.0 4.015
12.0 6.475
12.0 6.955
12.0 6.695
12.0 6.83
12.0 6.485
12.0 6.94
12.0 6.95
12.0 6.905
12.0 6.935
12.0 6.525
12.0 7.2
12.5 6.53
12.5 6.275
12.5 7.195
12.5 6.005
12.5 6.7
12.5 6.525
12.5 6.03
12.5 5.645
12.5 6.37
12.5 7.46
12.5 6.94
12.5 7.26
12.5 6.05
12.5 6.775
12.5 6.33
12.5 6.49
12.5 5.74
12.5 6.47
12.5 7.52
12.5 6.55
12.5 5.725
12.5 5.7
12.5 5.885
12.5 6.715
12.5 6.34
12.5 7.025
12.5 7.595
12.5 5.9
12.5 6.555
12.5 6.56
12.5 7.175
12.5 5.135
12.5 7.0
12.5 6.79
12.5 6.46
12.5 6.275
12.5 7.355
12.5 6.47
12.5 6.925
12.5 6.645
12.5 6.915
12.5 7.085
12.5 7.165
12.5 6.93
12.5 5.425
12.5 6.33
12.5 6.215
12.5 5.76
12.5 5.255
12.5 6.635
12.5 5.12
12.5 7.69
12.5 6.2
12.5 5.675
100
10.0 2.7
12.5 6.015
12.5 6.325
12.5 6.09
12.5 5.83
12.5 5.95
12.5 6.725
12.5 6.85
12.5 6.325
12.5 6.45
12.5 6.355
12.5 7.09
12.5 7.335
12.5 6.555
12.5 6.485
12.5 6.66
12.5 6.285
12.5 7.13
12.5 6.885
12.5 7.24
12.5 6.43
12.5 6.24
12.5 6.96
12.5 6.78
12.5 5.76
12.5 5.995
12.5 6.67
13.0 4.665
13.0 5.03
13.0 5.895
13.0 7.72
13.0 7.175
13.0 7.075
13.0 7.045
13.0 6.46
13.0 5.4
13.0 7.21
13.0 6.26
13.0 6.595
13.0 6.22
13.0 6.82
13.0 6.295
13.0 6.175
13.0 7.01
13.0 6.85
13.0 6.06
13.0 6.11
13.0 6.36
13.0 5.115
13.0 5.935
13.0 6.33
13.0 6.715
13.0 6.29
13.0 4.95
13.0 7.51
13.0 6.565
13.0 7.12
13.0 6.855
13.0 6.305
13.0 5.765
13.0 6.745
13.0 6.895
13.0 6.955
13.0 7.57
13.0 6.4
13.0 6.765
13.0 6.775
13.0 6.545
13.0 7.135
13.0 6.48
13.0 6.525
13.0 7.015
13.0 6.31
13.0 7.09
13.0 6.185
13.0 5.93
13.0 6.86
13.0 7.22
13.0 7.025
13.0 6.285
13.0 7.295
13.0 7.445
13.0 6.905
13.0 6.715
13.0 6.355
13.0 5.91
13.0 5.685
13.0 6.515
13.0 6.17
13.0 5.84
13.0 5.995
13.0 7.275
13.0 7.175
13.0 6.01
13.0 6.17
13.0 5.285
13.0 5.885
13.0 7.44
13.0 6.64
13.0 6.93
100
10.0 3.865
10.5 6.48
10.5 7.525
11.0 6.13
12.0 6.33
12.0 6.42
12.0 6.78
12.0 5.195
12.0 5.545
12.0 6.545
12.0 6.455
12.0 7.605
12.0 6.585
12.0 4.915
12.0 6.66
12.0 6.995
12.0 6.035
12.0 5.855
12.0 7.02
12.0 6.77
12.0 6.6
12.0 6.785
12.0 6.52
12.0 6.065
12.0 6.45
12.0 7.145
12.0 6.415
12.0 5.035
12.0 6.655
12.0 6.13
12.0 6.18
12.0 6.27
12.0 7.2
12.0 6.15
12.0 6.09
12.0 6.18
12.0 6.08
12.0 6.67
12.0 5.78
12.0 7.3
12.0 6.975
12.0 7.15
12.0 6.525
12.0 6.2
12.0 6.065
12.0 6.865
12.0 6.82
12.0 4.785
12.0 5.63
12.0 6.72
12.0 7.12
12.0 6.08
12.0 6.18
12.0 5.9
12.0 6.21
12.0 5.53
12.0 6.615
12.0 5.23
12.0 6.35
12.0 6.85
12.0 6.495
12.0 6.155
12.0 6.17
12.0 5.22
12.0 6.405
12.0 4.85
12.0 6.34
12.5 6.025
12.5 5.75
12.5 6.8
12.5 6.35
12.5 6.2
12.5 7.06
12.5 7.15
12.5 6.7
12.5 5.925
12.5 6.17
12.5 6.5
12.5 6.145
12.5 7.42
12.5 6.125
12.5 5.69
12.5 6.57
12.5 5.785
12.5 6.97
12.5 6.43
12.5 5.155
12.5 5.965
12.5 5.885
12.5 7.025
12.5 6.13
12.5 6.175
12.5 6.42
12.5 4.695
12.5 4.27
12.5 7.315
12.5 6.635
12.5 6.685
12.5 6.69
12.5 6.945

Individual: [1, 3, 4, 6, 12, 14, 15, 17, 19]
   Fitness: 12.5
     Total: 9
Violations: 1 1

Individual: [1, 2, 3, 6, 7, 8, 16, 17, 19, 20]
   Fitness: 13.0
     Total: 10
Violations: 2 2

Individual: [1, 2, 4, 5, 13, 15, 16, 18, 19]
   Fitness: 12.5
     Total: 9
Violations: 1 1

Individual: [1, 2, 4, 5, 7, 8, 16, 17, 19, 20]
   Fitness: 13.0
     Total: 10
Violations: 2 2

Individual: [1, 2, 4, 8, 11, 13, 16, 17, 19, 20]
   Fitness: 13.0
     Total: 10
Violations: 2 2

Individual: [1, 2, 4, 5, 7, 14, 15, 18, 19, 20]
   Fitness: 13.0
     Total: 10
Violations: 2 2

Individual: [1, 2, 4, 5, 11, 13, 14, 16, 19, 20]
   Fitness: 13.0
     Total: 10
Violations: 2 2

Individual: [2, 4, 5, 7, 14, 16, 17, 19, 20]
   Fitness: 12.5
     Total: 9
Violations: 1 1

Individual: [1, 3, 4, 6, 7, 14, 16, 17, 19, 20]
   Fitness: 13.0
     Total: 10
Violations: 2 2

Individual: [1, 2, 5, 7, 8, 16, 17, 19, 20]
   Fitness: 12.5
     Total: 9
Violations: 1 1
