10
500
10.5 2.99
10.5 5.32
10.5 6.245
10.5 6.345
11.5 4.54
11.5 6.315
12.0 5.88
12.0 5.675
12.0 5.055
12.0 6.3
12.0 5.18
12.0 4.96
12.0 6.295
12.0 5.735
12.0 5.335
12.0 4.04
12.0 6.7
12.0 5.45
12.0 5.425
12.0 6.575
12.0 4.895
12.0 5.44
12.0 5.25
12.0 5.425
12.0 6.12
12.0 6.225
12.0 6.39
13.0 4.835
13.0 5.87
13.0 5.205
13.0 5.835
13.0 5.51
13.0 6.02
13.0 5.32
13.0 5.3
13.0 5.265
13.0 5.43
13.0 5.14
13.0 5.27
13.0 4.76
13.0 5.97
13.0 4.405
13.0 6.395
13.0 5.81
13.0 5.56
13.0 6.665
13.0 6.08
13.0 5.7
13.0 4.845
13.0 5.03
13.0 5.72
13.0 5.835
13.0 5.97
13.0 5.65
13.0 6.165
13.0 5.255
13.0 5.37
13.0 5.535
13.0 6.075
13.0 5.635
13.0 5.195
13.0 5.54
13.0 6.105
13.0 5.41
13.0 6.095
13.0 5.105
13.0 6.365
13.0 6.12
13.0 4.72
13.0 6.265
13.0 5.9
13.0 5.215
13.0 5.46
13.0 5.305
13.0 5.49
13.0 5.6
13.0 5.63
13.0 7.11
13.0 5.04
13.0 5.505
13.0 4.9
13.0 5.435
13.0 5.52
13.0 5.945
13.0 5.92
13.0 6.595
13.0 6.21
13.0 5.52
13.0 5.765
13.0 5.16
13.0 6.3
13.0 6.77
13.0 5.845
13.0 4.81
13.0 6.41
13.0 5.38
13.0 5.18
13.0 6.21
13.0 6.005
13.0 5.57
13.0 5.395
13.0 6.035
13.0 5.835
13.0 6.29
13.0 5.305
13.0 3.44
13.0 5.515
13.0 5.52
13.0 5.555
13.0 5.195
13.0 6.375
13.0 4.92
13.0 6.035
13.0 5.765
13.0 6.36
13.0 5.54
13.0 5.645
13.0 5.545
13.0 5.18
13.0 5.66
13.0 6.33
13.0 5.825
13.0 3.555
13.0 5.655
13.0 6.01
13.0 5.145
13.0 5.495
13.0 5.79
13.0 5.95
13.0 3.645
13.0 4.925
13.0 5.585
13.0 5.39
13.0 4.475
13.0 6.06
13.0 5.24
13.0 5.745
13.0 6.005
13.0 5.745
13.0 5.65
13.0 6.345
13.0 6.1
13.0 6.035
13.0 5.27
13.0 4.525
13.0 5.135
13.0 4.795
13.0 6.05
13.0 5.595
13.0 4.75
13.0 4.43
13.0 5.46
13.0 6.02
13.0 5.8
13.0 6.7
13.0 6.045
13.0 4.975
13.0 6.39
13.0 5.46
13.0 5.76
13.0 6.435
13.0 6.125
13.0 5.625
13.0 5.8
13.0 5.18
13.0 4.81
13.0 5.315
13.0 5.655
13.0 5.305
13.0 5.615
13.0 5.385
13.0 5.845
13.0 4.8
13.0 5.0
13.0 4.665
13.0 4.925
13.0 5.915
13.0 5.315
13.0 5.9
13.0 5.8
13.0 5.225
13.0 5.705
13.0 5.825
13.0 5.66
13.0 5.765
13.0 5.86
13.0 5.285
13.0 5.81
13.0 5.41
13.0 6.145
13.0 6.785
13.0 5.53
13.0 5.76
13.0 5.65
13.0 5.465
13.0 5.665
13.0 5.74
13.0 4.56
13.0 5.32
13.0 4.465
13.0 5.895
13.0 5.995
13.0 5.685
13.0 6.215
13.0 4.74
13.0 6.74
13.0 4.26
13.0 5.415
13.0 6.19
13.0 5.56
13.0 6.27
13.0 4.95
13.0 5.75
13.0 6.405
13.0 5.415
13.0 5.55
13.0 4.87
13.0 6.065
13.0 5.07
13.0 5.885
13.0 5.35
13.0 6.24
13.0 5.365
13.0 6.42
13.0 5.25
13.0 5.58
13.0 5.6
13.0 6.105
13.0 6.065
13.0 4.745
13.0 6.45
13.0 6.03
13.0 6.49
13.0 4.81
13.0 5.485
13.0 5.62
13.0 5.055
13.0 6.54
13.0 6.575
13.0 5.825
13.0 6.455
13.0 5.595
13.0 5.695
13.0 4.83
13.0 5.43
13.0 5.23
13.0 5.905
13.0 4.705
13.0 4.465
13.0 5.065
13.0 5.385
13.0 4.36
13.0 5.81
13.0 4.665
13.0 6.65
13.0 5.505
13.0 5.265
13.0 6.225
13.0 6.11
13.0 5.97
13.0 6.52
13.0 6.24
13.0 4.845
13.0 4.815
13.0 5.86
13.0 5.715
13.0 5.195
13.0 4.705
13.0 5.895
13.0 5.275
13.0 6.11
13.0 5.205
13.0 6.42
13.0 5.335
13.0 6.835
13.0 6.41
13.0 5.47
13.0 5.355
13.0 5.07
13.0 5.995
13.0 5.89
13.0 5.235
13.0 6.145
13.0 5.665
13.0 5.675
13.0 5.69
13.0 6.305
13.0 5.215
13.0 5.625
13.0 5.525
13.0 5.395
13.0 5.835
13.0 4.975
13.0 5.7
13.0 5.165
13.0 4.675
13.0 5.41
13.0 5.545
13.0 4.9
13.0 5.48
13.0 4.545
13.0 5.965
13.0 5.395
13.0 5.585
13.0 5.405
13.0 5.9
13.0 6.02
13.0 6.175
13.0 5.99
13.0 6.215
13.0 5.645
13.0 5.235
13.0 4.905
13.0 6.045
13.0 5.655
13.0 6.06
13.0 5.175
13.0 4.285
13.0 5.19
13.0 5.73
13.0 4.335
13.0 5.845
13.0 5.695
13.0 5.11
13.0 4.51
13.0 5.675
13.0 6.055
13.0 5.295
13.0 5.72
13.0 4.95
13.0 5.045
13.0 6.045
13.0 5.95
13.0 4.88
13.0 6.655
13.0 5.165
13.0 4.845
13.0 5.63
13.0 5.885
13.0 5.715
13.0 6.22
13.0 5.525
13.0 5.93
13.0 5.97
13.0 6.035
13.0 5.795
13.0 5.645
13.0 5.77
13.0 5.805
13.0 6.93
13.0 7.14
13.0 5.34
13.0 5.895
13.0 5.97
13.0 5.135
13.0 5.98
13.0 6.01
13.0 5.57
13.0 5.675
13.0 6.23
13.0 4.55
13.0 5.22
13.0 5.795
13.0 5.78
13.0 5.875
13.0 5.61
13.0 5.895
13.0 5.91
13.0 5.135
13.0 6.355
13.0 5.505
13.0 6.07
13.0 4.88
13.0 5.675
13.0 5.765
13.0 5.09
13.0 4.625
13.0 6.165
13.0 6.085
13.0 6.05
13.0 5.31
13.0 5.99
13.0 6.665
13.0 5.83
13.0 5.805
13.0 5.725
13.0 6.015
13.0 5.845
13.0 5.535
13.0 5.925
13.0 5.655
13.0 5.895
13.0 4.965
13.0 6.145
13.0 6.85
13.0 5.6
13.0 5.99
13.0 6.13
13.0 5.94
13.0 5.48
13.0 6.37
13.0 4.61
13.0 5.895
13.0 5.515
13.0 5.415
13.0 4.37
13.0 5.36
13.0 5.88
13.0 6.1
13.0 6.415
13.0 6.56
13.0 5.42
13.0 5.28
13.0 5.425
13.0 4.355
13.0 6.295
13.0 6.255
13.0 5.55
13.0 6.16
13.0 4.875
13.0 6.25
13.0 6.27
13.0 5.25
13.0 5.655
13.0 5.065
13.0 5.92
13.0 6.475
13.0 4.985
13.0 4.85
13.0 5.27
13.0 5.475
13.0 6.325
13.0 4.185
13.0 5.015
13.0 5.905
13.0 5.73
13.0 5.505
13.0 4.765
13.0 5.525
13.0 6.79
13.0 4.275
13.0 5.255
13.0 3.98
13.0 6.615
13.0 5.3
13.0 4.98
13.0 5.355
13.0 5.495
13.0 5.065
13.0 4.715
13.0 5.745
13.0 5.77
13.0 5.36
13.0 5.45
13.0 6.36
13.0 6.045
13.0 4.685
13.0 5.225
13.0 5.905
13.0 6.42
13.0 5.12
13.0 5.435
13.0 4.955
13.0 5.615
13.0 5.635
13.0 5.37
13.0 5.3
13.0 4.705
13.0 5.765
13.0 4.595
13.0 5.355
13.0 5.875
13.0 6.085
13.0 5.145
13.0 5.665
13.0 6.255
13.0 5.18
13.0 5.13
13.0 6.445
13.0 5.83
13.0 5.615
13.0 5.53
13.0 6.025
13.0 5.285
13.0 5.45
13.0 4.375
13.0 5.21
13.0 5.575
13.0 4.97
13.0 4.785
13.0 6.075
13.0 5.48
13.0 5.6
13.0 4.915
13.0 5.08
13.0 5.585
13.0 5.275
13.0 5.855
13.0 4.165
13.0 5.305
500
9.5 3.47
12.0 5.515
12.0 5.955
12.0 4.975
12.0 6.22
12.0 5.74
12.5 5.345
12.5 5.46
12.5 5.575
12.5 5.505
12.5 5.575
12.5 5.44
12.5 5.205
12.5 5.395
12.5 5.075
12.5 5.47
12.5 5.36
12.5 5.17
12.5 5.33
12.5 5.855
12.5 5.635
12.5 4.61
12.5 5.775
12.5 4.545
12.5 4.815
12.5 6.16
12.5 5.755
12.5 6.05
12.5 5.805
12.5 5.46
12.5 6.435
12.5 5.95
12.5 6.02
12.5 6.175
12.5 5.44
12.5 5.095
12.5 6.47
12.5 6.52
12.5 6.09
12.5 5.595
12.5 6.005
12.5 5.97
12.5 5.28
12.5 5.485
12.5 6.32
12.5 5.94
12.5 5.605
12.5 5.98
12.5 5.62
12.5 6.725
12.5 5.865
12.5 5.1
12.5 6.585
12.5 6.265
12.5 5.705
12.5 6.125
12.5 5.92
12.5 4.92
12.5 6.45
12.5 4.51
12.5 4.17
12.5 4.73
12.5 5.87
12.5 6.335
12.5 5.775
12.5 6.53
12.5 6.255
12.5 5.28
12.5 5.3
12.5 6.255
12.5 5.65
12.5 5.89
12.5 5.945
12.5 5.545
12.5 6.0
12.5 5.92
12.5 5.84
12.5 6.595
12.5 4.865
12.5 5.42
12.5 6.555
12.5 5.845
12.5 6.285
12.5 4.92
12.5 5.51
12.5 5.535
12.5 4.7
12.5 5.0
12.5 4.67
12.5 5.905
12.5 6.21
12.5 5.85
12.5 6.155
12.5 5.35
12.5 4.865
12.5 5.455
12.5 5.45
12.5 5.675
12.5 5.605
12.5 5.0
12.5 4.765
12.5 5.8
12.5 5.625
12.5 4.94
12.5 5.37
12.5 5.12
12.5 5.51
12.5 4.725
12.5 6.185
12.5 6.475
12.5 6.07
12.5 5.445
12.5 5.195
12.5 5.6
12.5 5.35
13.5 5.545
13.5 6.02
13.5 5.395
13.5 5.79
13.5 5.37
13.5 5.29
13.5 5.525
13.5 6.355
13.5 5.05
13.5 4.725
13.5 5.715
13.5 4.985
13.5 6.045
13.5 6.225
13.5 5.18
13.5 6.4
13.5 6.275
13.5 6.895
13.5 5.92
13.5 6.225
13.5 6.18
13.5 5.81
13.5 5.43
13.5 5.65
13.5 5.43
13.5 4.78
13.5 6.465
13.5 5.065
13.5 5.07
13.5 5.275
13.5 5.705
13.5 5.36
13.5 6.53
13.5 5.99
13.5 5.14
13.5 4.67
13.5 6.205
13.5 5.015
13.5 5.345
13.5 5.195
13.5 5.93
13.5 6.445
13.5 5.67
13.5 6.01
13.5 4.64
13.5 5.32
13.5 5.365
13.5 6.0
13.5 5.195
13.5 4.45
13.5 5.46
13.5 6.36
13.5 5.78
13.5 5.21
13.5 5.865
13.5 5.88
13.5 6.295
13.5 6.365
13.5 5.89
13.5 6.9
13.5 4.015
13.5 5.895
13.5 6.355
13.5 5.125
13.5 5.495
13.5 5.8
13.5 6.4
13.5 6.845
13.5 5.245
13.5 5.655
13.5 5.31
13.5 6.14
13.5 5.185
13.5 6.18
13.5 5.28
13.5 5.89
13.5 6.005
13.5 6.645
13.5 6.01
13.5 6.395
13.5 6.265
13.5 5.83
13.5 6.555
13.5 4.45
13.5 5.16
13.5 5.645
13.5 6.55
13.5 5.555
13.5 5.92
13.5 6.125
13.5 6.045
13.5 4.64
13.5 5.43
13.5 5.605
13.5 4.985
13.5 6.24
13.5 6.545
13.5 3.515
13.5 4.92
13.5 7.07
13.5 6.115
13.5 4.96
13.5 4.755
13.5 6.2
13.5 5.705
13.5 5.645
13.5 5.19
13.5 6.13
13.5 5.7
13.5 5.96
13.5 6.8
13.5 5.475
13.5 5.825
13.5 4.74
13.5 5.67
13.5 6.265
13.5 5.06
13.5 5.645
13.5 5.84
13.5 5.615
13.5 6.07
13.5 4.88
13.5 5.76
13.5 5.67
13.5 4.14
13.5 5.53
13.5 5.86
13.5 5.625
13.5 6.73
13.5 6.005
13.5 6.1
13.5 5.29
13.5 5.465
13.5 5.955
13.5 5.785
13.5 5.17
13.5 4.83
13.5 5.91
13.5 5.38
13.5 5.36
13.5 6.225
13.5 5.04
13.5 5.045
13.5 5.945
13.5 5.73
13.5 5.995
13.5 5.95
13.5 5.39
13.5 5.245
13.5 5.23
13.5 6.325
13.5 5.45
13.5 5.175
13.5 4.59
13.5 6.065
13.5 5.57
13.5 5.615
13.5 5.4
13.5 5.98
13.5 6.015
13.5 5.95
13.5 5.73
13.5 5.835
13.5 5.29
13.5 6.38
13.5 6.8
13.5 6.27
13.5 5.255
13.5 6.38
13.5 5.815
13.5 5.405
13.5 6.705
13.5 5.2
13.5 5.725
13.5 4.8
13.5 6.56
13.5 5.61
13.5 6.07
13.5 5.7
13.5 5.93
13.5 5.275
13.5 6.155
13.5 4.8
13.5 4.475
13.5 5.22
13.5 5.895
13.5 6.005
13.5 5.035
13.5 5.27
13.5 5.68
13.5 5.72
13.5 5.32
13.5 4.94
13.5 4.19
13.5 5.76
13.5 5.665
13.5 6.365
13.5 5.285
13.5 3.71
13.5 5.45
13.5 5.595
13.5 4.935
13.5 5.225
13.5 5.595
13.5 5.71
13.5 5.44
13.5 4.915
13.5 5.45
13.5 5.53
13.5 6.005
13.5 6.305
13.5 5.545
13.5 5.52
13.5 6.08
13.5 5.92
13.5 5.875
13.5 6.18
13.5 5.695
13.5 5.19
13.5 5.175
13.5 6.47
13.5 6.245
13.5 6.435
13.5 5.445
13.5 5.48
13.5 5.895
13.5 5.445
13.5 4.455
13.5 6.69
13.5 6.535
13.5 4.62
13.5 5.765
13.5 6.13
13.5 5.615
13.5 5.875
13.5 5.105
13.5 5.655
13.5 4.77
13.5 6.06
13.5 5.34
13.5 6.23
13.5 5.82
13.5 5.61
13.5 5.13
13.5 5.4
13.5 5.68
13.5 5.89
13.5 6.11
13.5 5.815
13.5 6.31
13.5 6.34
13.5 5.59
13.5 4.22
13.5 5.805
13.5 4.475
13.5 6.38
13.5 5.08
13.5 5.365
13.5 4.19
13.5 5.705
13.5 5.32
13.5 4.995
13.5 4.56
13.5 5.19
13.5 5.745
13.5 5.79
13.5 5.595
13.5 5.465
13.5 5.56
13.5 4.15
13.5 5.42
13.5 5.92
13.5 6.25
13.5 5.915
13.5 3.975
13.5 5.63
13.5 5.215
13.5 6.655
13.5 5.575
13.5 6.125
13.5 5.875
13.5 5.795
13.5 6.01
13.5 6.185
13.5 6.265
13.5 6.47
13.5 5.65
13.5 5.94
13.5 5.475
13.5 6.42
13.5 5.275
13.5 5.6
13.5 6.35
13.5 4.795
13.5 5.5
13.5 5.68
13.5 5.805
13.5 5.36
13.5 6.1
13.5 5.495
13.5 5.4
13.5 6.035
13.5 3.875
13.5 5.305
13.5 6.475
13.5 6.1
13.5 5.03
13.5 5.415
13.5 5.455
13.5 5.19
13.5 6.075
13.5 4.795
13.5 5.305
13.5 5.825
13.5 6.445
13.5 5.495
13.5 5.065
13.5 5.745
13.5 6.225
13.5 4.82
13.5 5.675
13.5 4.9
13.5 5.62
13.5 6.125
13.5 6.215
13.5 6.325
13.5 5.59
13.5 6.315
13.5 6.16
13.5 5.41
13.5 5.755
13.5 5.115
13.5 5.915
13.5 5.535
13.5 6.445
13.5 5.315
13.5 5.87
13.5 5.82
13.5 5.09
13.5 5.235
13.5 6.085
13.5 6.125
13.5 6.465
13.5 6.14
13.5 6.03
13.5 4.615
13.5 5.16
13.5 4.605
13.5 5.315
13.5 5.845
13.5 5.91
13.5 5.015
13.5 5.105
13.5 6.115
13.5 5.09
13.5 5.72
13.5 5.41
13.5 5.665
13.5 5.68
13.5 5.275
13.5 6.85
13.5 5.925
13.5 5.935
13.5 6.11
13.5 4.85
13.5 6.4
13.5 4.8
13.5 5.58
13.5 5.835
13.5 5.725
13.5 4.375
13.5 6.555
13.5 6.085
13.5 4.97
13.5 5.52
13.5 5.575
13.5 5.73
13.5 5.455
13.5 5.075
13.5 6.085
13.5 5.345
13.5 5.375
13.5 6.08
13.5 5.73
13.5 5.26
500
10.0 3.965
10.0 5.065
10.5 5.445
12.0 5.21
12.0 6.065
12.0 5.81
12.0 5.285
12.0 5.665
12.0 5.495
12.0 6.16
12.0 5.245
12.0 6.145
12.0 5.655
12.0 6.405
12.0 4.83
12.5 4.625
12.5 6.195
12.5 5.005
12.5 5.585
12.5 5.095
12.5 5.045
12.5 6.22
12.5 5.49
12.5 5.08
12.5 5.755
12.5 6.125
12.5 6.18
12.5 6.06
12.5 5.815
12.5 5.135
12.5 5.05
12.5 5.635
12.5 4.965
12.5 6.04
12.5 5.835
12.5 5.74
12.5 6.215
12.5 5.105
12.5 5.855
12.5 6.265
12.5 6.16
12.5 5.905
12.5 5.285
13.0 6.205
13.0 6.36
13.0 5.285
13.0 3.33
13.0 4.9
13.0 5.03
13.0 5.855
13.0 5.485
13.0 5.835
13.0 5.315
13.0 6.63
13.0 6.675
13.0 6.735
13.0 3.935
13.0 4.845
13.0 4.815
13.0 5.935
13.0 5.17
13.0 5.695
13.0 5.275
13.0 5.495
13.0 5.765
13.0 5.945
13.0 6.345
13.0 5.765
13.0 6.14
13.0 5.205
13.0 6.055
13.0 4.95
13.0 5.835
13.0 4.735
13.0 5.42
13.0 5.755
13.0 5.755
13.0 5.215
13.0 6.36
13.0 5.13
13.0 5.435
13.0 6.115
13.0 4.245
13.0 5.735
13.0 4.42
13.0 5.255
13.0 6.655
13.0 4.8
13.0 5.46
13.0 5.335
13.0 5.175
13.0 5.92
13.0 6.165
13.0 6.11
13.0 6.345
13.0 5.13
13.0 6.025
13.0 5.755
13.0 5.825
13.0 5.155
13.0 5.515
13.0 6.58
13.0 4.705
13.0 3.62
13.0 5.96
13.0 4.185
13.0 6.38
13.0 4.19
13.0 5.71
13.0 5.945
13.0 5.15
13.0 5.44
13.0 5.51
13.0 6.03
13.0 5.185
13.0 5.59
13.0 4.785
13.0 5.39
13.0 4.995
13.0 6.18
13.0 4.76
13.0 5.21
13.0 3.805
13.0 5.79
13.0 5.615
13.0 5.69
13.0 5.26
13.0 6.26
13.0 5.79
13.0 6.03
13.0 5.545
13.0 4.53
13.0 6.465
13.0 5.455
13.0 4.145
13.0 4.785
13.0 5.28
13.0 5.09
13.0 5.695
13.0 6.305
13.0 5.955
13.0 5.615
13.0 6.06
13.0 5.44
13.0 6.0
13.0 6.125
13.0 5.535
13.0 4.45
13.0 4.71
13.0 4.565
13.0 6.22
13.0 5.375
13.0 5.32
13.0 5.725
13.0 5.485
13.0 5.795
13.0 5.77
13.0 5.935
13.0 5.21
13.0 5.95
13.0 5.69
13.0 5.53
13.0 3.5
13.0 5.46
13.0 5.45
13.0 6.665
13.0 5.53
13.0 6.07
13.0 6.365
13.0 5.665
13.0 5.285
13.0 5.15
13.0 6.1
13.0 5.87
13.0 5.83
13.0 5.35
13.0 5.64
13.0 6.05
13.0 4.405
13.0 4.99
13.0 6.22
13.0 6.195
13.0 5.295
13.0 6.44
13.0 6.07
13.0 6.065
13.0 4.29
13.0 5.52
13.0 5.265
13.0 5.2
13.0 5.24
13.0 5.76
13.0 6.09
13.0 5.76
13.0 5.48
13.0 6.39
13.0 5.61
13.0 6.05
13.0 5.77
13.0 3.465
13.0 5.935
13.0 3.835
13.0 5.325
13.0 6.275
13.0 3.805
13.0 5.95
13.0 4.565
13.0 5.325
13.0 4.705
13.0 5.575
13.0 4.96
13.0 3.69
13.0 5.865
13.0 5.975
13.0 6.035
13.0 5.225
13.0 5.81
13.0 5.655
13.0 6.19
13.0 6.625
13.0 5.035
13.0 5.57
13.0 5.715
13.0 5.51
13.0 5.78
13.0 4.925
13.0 5.78
13.0 6.93
13.0 5.1
13.0 5.77
13.0 5.495
13.0 5.625
13.0 6.505
13.0 5.89
13.0 5.855
13.0 6.32
13.0 6.61
13.0 6.28
13.0 5.95
13.0 6.005
13.0 6.89
13.0 5.59
13.0 6.13
13.0 6.26
13.0 5.79
13.0 5.805
13.0 5.775
13.0 6.08
13.0 5.28
13.0 5.205
13.0 6.42
13.0 5.47
13.0 5.045
13.0 5.24
13.0 5.28
13.0 6.89
13.0 6.27
13.0 4.66
13.0 5.57
13.0 5.76
13.0 5.24
13.0 5.4
13.0 5.475
13.0 5.135
13.0 5.175
13.0 6.03
13.0 6.085
13.0 6.185
13.0 6.065
13.0 5.545
13.0 5.65
13.0 5.495
13.0 5.74
13.0 5.875
13.0 5.55
13.0 6.5
13.0 5.48
13.0 5.65
13.0 6.17
13.0 5.47
13.0 5.9
13.0 5.955
13.0 5.495
13.0 6.25
13.0 4.695
13.0 6.37
13.0 6.305
13.0 5.28
13.0 5.805
13.0 5.665
13.0 5.64
13.0 5.415
13.0 5.235
13.0 6.62
13.0 5.675
13.0 5.63
13.0 5.52
13.0 5.8
13.0 5.71
13.0 5.275
13.0 5.665
13.0 4.98
13.0 6.37
13.0 4.65
13.0 5.365
13.0 5.44
13.0 5.345
13.0 5.22
13.0 6.855
13.0 6.955
13.0 5.79
13.0 6.7
13.0 4.25
13.0 5.18
13.0 5.77
13.0 5.94
13.0 6.975
13.0 6.21
13.0 5.185
13.0 6.245
13.0 5.075
13.0 5.715
13.0 5.09
13.0 5.67
13.0 5.815
13.0 5.355
13.0 6.305
13.0 5.235
13.0 5.93
13.0 5.415
13.0 6.54
13.0 6.25
13.0 5.915
13.0 5.56
13.0 6.395
13.0 4.59
13.0 4.7
13.0 5.095
13.0 5.975
13.0 5.14
13.0 6.05
13.0 6.11
13.0 6.33
13.0 5.43
13.0 6.305
13.0 5.55
13.0 5.555
13.0 6.11
13.0 5.075
13.0 6.285
13.0 4.75
13.0 5.56
13.0 6.29
13.0 5.465
13.0 5.525
13.0 6.03
13.0 3.61
13.0 5.845
13.0 5.095
13.0 4.365
13.0 5.94
13.0 5.575
13.0 5.67
13.0 5.085
13.0 6.23
13.0 5.885
13.0 4.905
13.0 5.93
13.0 5.5
13.0 5.915
13.0 4.825
13.0 4.91
13.0 5.11
13.0 6.315
13.0 6.055
13.0 5.96
13.0 6.025
13.0 4.895
13.0 5.09
13.0 2.395
13.0 5.355
13.0 5.75
13.0 6.3
13.0 5.175
13.0 5.795
13.0 4.775
13.0 5.155
13.0 5.52
13.0 5.93
13.0 5.32
13.0 5.8
13.0 5.325
13.0 5.84
13.0 4.615
13.0 5.26
13.0 5.94
13.0 5.54
13.0 5.905
13.0 5.745
13.0 5.745
13.0 4.735
13.0 5.87
13.0 5.545
13.0 6.21
13.0 4.975
13.0 5.645
13.0 6.3
13.0 5.425
13.0 6.385
13.0 6.065
13.0 5.865
13.0 5.85
13.0 5.39
13.0 5.855
13.0 5.905
13.0 6.42
13.0 6.285
13.0 5.92
13.0 5.39
13.0 5.735
13.0 4.735
13.0 6.575
13.0 5.365
13.0 6.055
13.0 5.69
13.0 5.65
13.0 5.87
13.0 6.85
13.0 6.605
13.0 5.005
13.0 5.31
13.0 6.04
13.0 5.045
13.0 5.58
13.0 5.935
13.0 5.7
13.0 5.745
13.0 5.37
13.0 5.25
13.0 5.51
13.0 4.99
13.0 4.875
13.0 5.93
13.0 4.94
13.0 5.56
13.0 4.965
13.0 5.51
13.0 5.97
13.0 5.635
13.0 5.305
13.0 5.295
13.0 5.095
13.0 3.73
13.0 5.78
13.0 5.725
13.0 5.895
13.0 5.665
13.0 4.71
13.0 5.595
13.0 4.765
13.0 5.335
13.0 5.965
13.0 6.12
13.0 6.58
13.0 6.525
13.0 5.695
13.0 5.425
13.0 5.72
13.0 5.705
13.0 5.56
13.0 5.885
13.0 6.06
13.0 5.1
13.0 5.72
13.0 6.535
13.0 6.04
13.0 4.62
13.0 5.725
13.0 5.67
13.0 6.065
13.0 5.185
13.0 4.995
13.0 5.53
13.0 6.225
13.0 5.38
13.0 6.09
13.0 4.71
13.0 5.815
13.0 5.945
13.0 4.86
13.0 5.735
13.0 5.94
13.0 5.06
13.0 5.85
13.0 5.445
13.0 4.875
13.0 5.845
13.0 5.415
13.0 6.255
13.0 5.95
500
11.0 3.535
11.0 5.19
11.0 5.515
12.0 5.065
12.0 5.75
12.0 5.265
12.0 6.015
12.0 4.965
12.0 5.25
12.0 5.77
12.0 5.585
12.0 5.905
12.0 5.36
12.0 6.395
12.0 5.035
12.0 5.225
12.0 5.47
12.0 5.65
12.0 5.415
12.0 5.66
12.0 5.39
12.0 5.565
12.0 5.755
12.0 6.045
12.0 5.835
12.0 5.845
12.0 5.245
12.0 6.425
12.0 5.775
12.0 5.82
12.0 6.34
12.0 5.195
12.0 5.805
12.0 6.015
12.0 5.62
12.0 6.25
12.0 4.64
12.0 5.515
12.0 5.83
12.0 5.88
12.0 5.715
12.0 6.405
12.0 5.725
12.0 5.44
12.0 5.31
12.0 5.81
12.0 6.165
12.0 6.26
12.0 5.82
12.0 5.945
12.0 5.555
12.0 5.435
12.0 6.09
12.0 6.13
12.0 4.895
12.0 6.3
12.0 6.045
12.0 5.145
12.0 5.875
12.0 5.18
12.0 5.055
12.0 6.06
12.0 6.395
12.0 5.725
12.0 5.595
12.0 5.28
12.0 5.455
12.0 6.08
12.0 5.725
12.5 6.16
12.5 4.93
12.5 6.225
12.5 6.085
12.5 5.62
12.5 6.12
12.5 6.34
12.5 4.78
12.5 6.46
12.5 6.415
12.5 5.675
12.5 5.955
12.5 4.635
12.5 6.19
12.5 5.87
12.5 6.08
12.5 6.92
12.5 4.715
12.5 5.15
12.5 5.445
12.5 6.3
12.5 5.81
12.5 6.12
12.5 4.3
12.5 4.545
12.5 5.87
12.5 4.3
12.5 5.65
12.5 5.915
12.5 5.665
12.5 5.685
12.5 3.94
12.5 4.59
12.5 5.67
12.5 5.16
12.5 5.69
12.5 5.46
12.5 5.315
12.5 6.46
12.5 5.36
12.5 5.93
12.5 5.395
12.5 5.355
12.5 4.77
12.5 5.955
12.5 5.75
12.5 5.895
12.5 5.655
12.5 5.425
12.5 6.59
12.5 5.315
12.5 4.885
12.5 5.17
12.5 5.31
12.5 5.81
12.5 6.065
12.5 4.855
12.5 6.52
12.5 4.945
12.5 5.27
12.5 6.195
12.5 5.06
12.5 6.2
12.5 6.17
12.5 5.815
12.5 5.91
12.5 5.695
12.5 4.645
12.5 4.99
12.5 5.735
12.5 5.17
12.5 4.55
12.5 5.04
12.5 5.225
12.5 5.595
12.5 5.17
12.5 6.26
13.0 5.425
13.0 5.92
13.0 5.245
13.0 6.36
13.0 4.435
13.0 5.025
13.0 5.11
13.0 5.35
13.0 5.16
13.0 5.4
13.0 4.89
13.0 5.37
13.0 5.305
13.0 6.08
13.0 5.375
13.0 5.435
13.0 5.14
13.0 5.93
13.0 5.8
13.0 6.345
13.0 5.47
13.0 6.7
13.0 6.385
13.0 5.705
13.0 4.995
13.0 5.94
13.0 5.58
13.0 5.38
13.0 5.525
13.0 5.655
13.0 4.8
13.0 6.515
13.0 5.58
13.0 4.815
13.0 5.645
13.0 5.555
13.0 6.525
13.0 6.04
13.0 6.005
13.0 5.425
13.0 5.155
13.0 4.92
13.0 5.985
13.0 5.51
13.0 5.575
13.0 5.635
13.0 5.435
13.0 6.61
13.0 5.575
13.0 5.58
13.0 5.34
13.0 4.355
13.0 5.825
13.0 6.765
13.0 5.91
13.0 5.22
13.0 5.66
13.0 4.555
13.0 5.625
13.0 5.38
13.0 5.54
13.0 5.89
13.0 6.555
13.0 5.495
13.0 4.975
13.0 5.805
13.0 4.755
13.0 4.66
13.0 5.36
13.0 6.175
13.0 6.225
13.0 5.8
13.0 6.29
13.0 4.86
13.0 5.86
13.0 5.18
13.0 6.16
13.0 5.8
13.0 5.59
13.0 5.7
13.0 4.635
13.0 5.505
13.0 4.44
13.0 5.78
13.0 5.415
13.0 5.86
13.0 4.47
13.0 5.06
13.0 5.48
13.0 6.905
13.0 5.825
13.0 4.335
13.0 5.755
13.0 5.68
13.0 5.51
13.0 6.445
13.0 5.065
13.0 4.51
13.0 5.165
13.0 5.475
13.0 4.795
13.0 6.105
13.0 4.25
13.0 5.0
13.0 5.135
13.0 5.93
13.0 5.34
13.0 5.74
13.0 4.7
13.0 6.115
13.0 5.99
13.0 5.27
13.0 5.785
13.0 5.7
13.0 5.075
13.0 4.12
13.0 6.435
13.0 5.935
13.0 5.655
13.0 5.465
13.0 6.17
13.0 5.715
13.0 6.115
13.0 6.23
13.0 5.615
13.0 5.25
13.0 5.445
13.0 5.19
13.0 5.84
13.0 5.865
13.0 5.615
13.0 5.855
13.0 5.95
13.0 6.16
13.0 5.25
13.0 5.225
13.0 5.46
13.0 6.095
13.0 5.935
13.0 5.585
13.0 5.045
13.0 6.16
13.0 4.44
13.0 5.975
13.0 5.1
13.0 5.17
13.0 5.58
13.0 5.665
13.0 6.05
13.0 5.575
13.0 4.775
13.0 5.29
13.0 5.315
13.0 5.165
13.0 5.21
13.0 6.12
13.0 5.28
13.0 5.365
13.0 5.53
13.0 5.795
13.0 5.37
13.0 5.405
13.0 5.83
13.0 4.825
13.0 5.95
13.0 5.705
13.0 5.005
13.0 5.5
13.0 6.175
13.0 5.63
13.0 5.675
13.0 5.215
13.0 5.495
13.0 5.905
13.0 5.905
13.0 5.565
13.0 6.52
13.0 5.67
13.0 5.07
13.0 5.37
13.0 6.015
13.0 6.22
13.0 5.725
13.0 5.825
13.0 5.63
13.0 5.31
13.0 6.16
13.0 5.575
13.0 5.48
13.0 5.88
13.0 5.965
13.0 5.63
13.0 5.865
13.0 5.275
13.0 5.395
13.0 5.775
13.0 4.8
13.0 5.375
13.0 4.815
13.0 5.475
13.0 5.865
13.0 5.9
13.0 6.335
13.0 5.51
13.0 5.935
13.0 4.89
13.0 6.105
13.0 6.195
13.0 6.25
13.0 6.01
13.0 6.305
13.0 5.11
13.0 5.08
13.0 5.385
13.0 5.655
13.0 5.18
13.0 5.51
13.0 5.05
13.0 4.875
13.0 5.485
13.0 6.195
13.0 5.925
13.0 5.21
13.0 6.31
13.0 4.93
13.0 5.97
13.0 5.67
13.0 6.39
13.0 5.955
13.0 5.95
13.0 6.405
13.0 5.73
13.0 5.355
13.0 6.335
13.0 5.27
13.0 5.99
13.0 4.86
13.0 5.56
13.0 5.14
13.0 5.23
13.0 5.2
13.0 5.185
13.0 5.705
13.0 5.805
13.0 6.335
13.0 4.675
13.0 6.225
13.0 5.69
13.0 5.26
13.0 5.785
13.0 5.64
13.0 6.13
13.0 6.495
13.0 5.755
13.0 5.55
13.0 5.75
13.0 5.435
13.0 5.685
13.0 5.49
13.0 5.105
13.0 5.115
13.0 6.18
13.0 5.74
13.0 5.175
13.0 5.215
13.0 6.135
13.0 5.11
13.0 6.27
13.0 6.5
13.0 4.88
13.0 5.355
13.0 6.055
13.0 5.595
13.0 5.885
13.0 5.49
13.0 5.63
13.0 6.185
13.0 5.925
13.0 6.21
13.0 6.015
13.0 6.385
13.0 5.735
13.0 5.87
13.0 6.26
13.0 5.655
13.0 5.405
13.0 4.42
13.0 5.835
13.0 6.145
13.0 4.32
13.0 5.375
13.0 6.23
13.0 5.63
13.0 4.195
13.0 4.545
13.0 5.47
13.0 6.4
13.0 5.56
13.0 5.86
13.0 6.405
13.0 5.68
13.0 4.94
13.0 6.045
13.0 5.945
13.0 5.87
13.0 6.225
13.0 5.84
13.0 6.135
13.0 5.19
13.0 5.27
13.0 6.01
13.0 4.785
13.0 4.7
13.0 5.08
13.0 5.52
13.0 5.86
13.0 6.46
13.0 5.93
13.0 4.68
13.0 5.94
13.0 5.94
13.0 5.875
13.0 5.05
13.0 5.26
13.0 5.3
13.0 4.695
13.0 5.795
13.0 5.255
13.0 5.28
13.0 5.95
13.0 5.28
13.0 4.885
13.0 5.27
13.0 6.06
13.0 6.455
13.0 6.065
13.0 5.7
13.0 4.4
13.0 6.075
13.0 5.48
13.0 6.33
13.0 4.985
13.0 5.365
13.0 5.795
13.0 4.855
13.0 6.135
13.0 5.615
13.0 5.335
13.0 5.61
13.0 4.815
13.0 4.815
13.0 5.58
13.0 5.595
13.0 5.765
500
11.0 2.995
11.0 4.89
11.0 4.505
12.5 6.155
12.5 5.745
12.5 5.125
12.5 5.44
12.5 5.7
12.5 6.82
12.5 5.95
12.5 6.25
12.5 5.85
12.5 5.94
12.5 6.635
12.5 6.015
12.5 5.93
12.5 5.885
12.5 6.375
12.5 6.075
12.5 5.48
12.5 5.68
12.5 5.07
12.5 5.295
12.5 5.985
12.5 4.53
12.5 5.96
12.5 4.15
12.5 5.46
12.5 5.275
12.5 6.505
12.5 5.815
12.5 5.94
12.5 5.045
12.5 6.12
12.5 5.37
12.5 5.945
12.5 5.835
12.5 5.33
12.5 5.925
12.5 5.27
12.5 4.385
12.5 5.655
12.5 5.55
12.5 5.845
12.5 6.01
12.5 5.73
12.5 5.5
12.5 4.72
12.5 5.81
12.5 6.245
12.5 4.99
12.5 5.11
12.5 6.035
12.5 6.065
12.5 5.705
12.5 6.215
12.5 5.81
12.5 4.695
12.5 6.215
12.5 5.725
12.5 6.54
12.5 5.41
12.5 5.045
12.5 6.095
12.5 6.095
12.5 5.705
12.5 5.065
12.5 5.92
12.5 5.37
12.5 5.94
12.5 5.445
12.5 6.47
12.5 6.78
12.5 5.475
12.5 5.57
12.5 5.14
12.5 4.37
12.5 5.815
12.5 5.83
12.5 5.495
12.5 4.68
12.5 5.0
12.5 4.865
12.5 5.6
12.5 5.695
12.5 6.2
12.5 5.31
12.5 6.33
12.5 5.22
12.5 5.91
12.5 5.975
12.5 5.44
12.5 5.365
12.5 5.14
12.5 5.685
12.5 5.61
12.5 5.535
12.5 5.285
12.5 5.385
12.5 5.575
12.5 6.235
13.5 6.625
13.5 6.235
13.5 5.57
13.5 5.595
13.5 6.26
13.5 5.925
13.5 5.43
13.5 6.085
13.5 5.89
13.5 5.02
13.5 5.24
13.5 5.15
13.5 5.935
13.5 5.375
13.5 5.84
13.5 6.095
13.5 5.755
13.5 6.79
13.5 5.335
13.5 4.925
13.5 4.72
13.5 5.055
13.5 5.185
13.5 5.785
13.5 5.88
13.5 4.485
13.5 5.665
13.5 5.625
13.5 6.535
13.5 5.855
13.5 4.8
13.5 3.93
13.5 5.505
13.5 6.28
13.5 5.38
13.5 5.15
13.5 5.835
13.5 5.77
13.5 5.07
13.5 5.73
13.5 6.0
13.5 4.945
13.5 5.56
13.5 5.945
13.5 6.13
13.5 5.84
13.5 6.085
13.5 5.905
13.5 5.28
13.5 5.815
13.5 5.42
13.5 6.165
13.5 5.21
13.5 4.725
13.5 5.885
13.5 6.485
13.5 6.245
13.5 4.855
13.5 6.275
13.5 4.275
13.5 4.785
13.5 5.445
13.5 4.85
13.5 6.345
13.5 5.95
13.5 5.435
13.5 6.0
13.5 4.885
13.5 5.55
13.5 6.21
13.5 6.61
13.5 5.68
13.5 6.065
13.5 6.185
13.5 6.325
13.5 5.52
13.5 5.7
13.5 5.34
13.5 5.945
13.5 4.63
13.5 5.22
13.5 5.78
13.5 5.63
13.5 5.44
13.5 5.245
13.5 3.465
13.5 4.88
13.5 5.45
13.5 5.335
13.5 5.065
13.5 5.615
13.5 5.375
13.5 5.88
13.5 5.1
13.5 5.57
13.5 6.02
13.5 5.83
13.5 5.79
13.5 5.62
13.5 5.93
13.5 4.9
13.5 6.165
13.5 5.685
13.5 5.68
13.5 6.175
13.5 5.44
13.5 4.85
13.5 5.545
13.5 5.86
13.5 5.75
13.5 5.695
13.5 5.055
13.5 5.88
13.5 5.66
13.5 6.06
13.5 5.27
13.5 4.31
13.5 5.06
13.5 4.985
13.5 4.795
13.5 5.36
13.5 5.25
13.5 5.67
13.5 6.13
13.5 4.435
13.5 5.29
13.5 5.965
13.5 5.48
13.5 5.115
13.5 5.71
13.5 4.625
13.5 4.44
13.5 6.53
13.5 5.57
13.5 5.38
13.5 5.615
13.5 5.685
13.5 5.525
13.5 6.025
13.5 5.33
13.5 5.5
13.5 6.21
13.5 5.01
13.5 5.805
13.5 5.265
13.5 5.255
13.5 6.08
13.5 6.56
13.5 5.76
13.5 5.855
13.5 5.83
13.5 6.555
13.5 4.875
13.5 5.28
13.5 4.6
13.5 5.765
13.5 5.47
13.5 6.925
13.5 5.51
13.5 6.02
13.5 5.25
13.5 5.66
13.5 5.55
13.5 6.235
13.5 5.09
13.5 5.735
13.5 5.28
13.5 5.345
13.5 6.11
13.5 5.265
13.5 5.24
13.5 5.3
13.5 5.92
13.5 5.48
13.5 5.785
13.5 5.79
13.5 5.795
13.5 6.785
13.5 5.48
13.5 5.905
13.5 6.595
13.5 5.58
13.5 5.27
13.5 5.27
13.5 5.395
13.5 5.95
13.5 5.475
13.5 5.635
13.5 6.765
13.5 6.665
13.5 5.44
13.5 5.535
13.5 5.795
13.5 5.77
13.5 5.97
13.5 5.775
13.5 5.81
13.5 5.74
13.5 4.37
13.5 5.51
13.5 5.475
13.5 5.61
13.5 4.985
13.5 5.85
13.5 5.22
13.5 6.345
13.5 6.09
13.5 5.44
13.5 2.955
13.5 5.145
13.5 5.465
13.5 6.215
13.5 5.93
13.5 5.935
13.5 5.49
13.5 5.25
13.5 5.77
13.5 6.055
13.5 5.46
13.5 6.28
13.5 5.4
13.5 6.185
13.5 5.7
13.5 5.405
13.5 5.17
13.5 5.89
13.5 4.335
13.5 5.555
13.5 6.025
13.5 5.89
13.5 4.815
13.5 6.43
13.5 4.605
13.5 5.65
13.5 4.33
13.5 5.95
13.5 4.625
13.5 6.33
13.5 6.005
13.5 5.2
13.5 4.815
13.5 5.865
13.5 5.265
13.5 5.545
13.5 6.035
13.5 6.035
13.5 5.175
13.5 5.13
13.5 5.29
13.5 5.6
13.5 6.045
13.5 6.11
13.5 5.5
13.5 6.3
13.5 6.28
13.5 5.415
13.5 5.13
13.5 4.72
13.5 5.88
13.5 5.795
13.5 5.63
13.5 6.275
13.5 5.41
13.5 5.17
13.5 5.11
13.5 5.54
13.5 6.37
13.5 5.33
13.5 3.6
13.5 5.235
13.5 5.675
13.5 5.87
13.5 5.84
13.5 5.885
13.5 6.56
13.5 5.875
13.5 5.26
13.5 5.91
13.5 4.755
13.5 4.465
13.5 6.105
13.5 5.71
13.5 5.13
13.5 5.01
13.5 4.32
13.5 6.46
13.5 6.235
13.5 4.75
13.5 5.3
13.5 5.785
13.5 5.99
13.5 5.565
13.5 6.105
13.5 5.32
13.5 6.14
13.5 6.02
13.5 6.38
13.5 6.09
13.5 4.405
13.5 4.535
13.5 6.13
13.5 5.84
13.5 5.335
13.5 7.015
13.5 5.61
13.5 5.765
13.5 6.3
13.5 6.465
13.5 4.895
13.5 4.605
13.5 5.11
13.5 6.31
13.5 6.14
13.5 5.56
13.5 5.71
13.5 4.625
13.5 6.025
13.5 5.555
13.5 4.165
13.5 4.56
13.5 6.605
13.5 5.515
13.5 6.03
13.5 5.115
13.5 5.9
13.5 5.565
13.5 6.445
13.5 5.18
13.5 5.825
13.5 6.48
13.5 5.88
13.5 6.175
13.5 5.26
13.5 6.34
13.5 5.315
13.5 5.33
13.5 6.05
13.5 5.575
13.5 4.355
13.5 6.395
13.5 5.275
13.5 4.59
13.5 4.665
13.5 4.74
13.5 5.285
13.5 4.985
13.5 5.135
13.5 5.15
13.5 5.44
13.5 4.345
13.5 4.305
13.5 5.995
13.5 6.11
13.5 5.865
13.5 6.57
13.5 6.185
13.5 5.32
13.5 5.93
13.5 5.675
13.5 5.695
13.5 5.2
13.5 5.56
13.5 5.065
13.5 3.47
13.5 5.525
13.5 6.165
13.5 5.47
13.5 4.99
13.5 4.535
13.5 5.745
13.5 6.63
13.5 6.15
13.5 5.855
13.5 5.785
13.5 5.59
13.5 6.06
13.5 5.71
13.5 5.94
13.5 5.485
13.5 4.99
13.5 5.625
13.5 6.735
13.5 5.355
13.5 5.76
13.5 4.38
13.5 5.755
13.5 5.425
13.5 6.18
13.5 5.65
13.5 5.13
13.5 5.715
13.5 5.545
13.5 5.805
13.5 5.84
13.5 6.23
13.5 6.27
13.5 5.455
13.5 6.225
13.5 6.095
500
10.0 3.12
11.0 4.285
11.0 6.17
11.5 5.44
11.5 5.245
11.5 4.735
11.5 4.945
11.5 5.255
11.5 6.55
11.5 5.915
11.5 5.97
11.5 5.45
11.5 5.415
11.5 4.935
11.5 6.395
12.0 5.945
12.0 5.88
12.0 5.99
12.0 5.09
12.0 5.71
12.0 3.87
12.0 5.86
12.0 5.12
12.0 5.36
12.0 5.935
12.0 6.085
12.0 4.64
12.0 5.695
12.0 4.97
12.0 6.435
12.0 4.1
12.0 6.3
12.0 5.35
12.0 5.965
12.0 5.61
12.0 4.98
12.0 6.025
12.0 5.32
12.0 5.875
12.0 6.245
12.0 5.22
12.0 5.345
12.0 5.235
12.0 5.3
12.0 5.8
12.0 5.795
12.0 5.09
12.0 5.28
12.0 5.38
12.0 5.795
12.0 5.405
12.0 4.77
12.0 5.62
12.0 6.64
12.0 5.48
12.0 5.095
12.0 5.24
12.0 5.675
12.0 5.495
12.0 6.19
12.0 5.375
12.0 6.05
12.0 5.6
12.0 5.89
12.0 6.065
12.0 6.67
12.0 4.965
12.0 5.905
12.0 5.79
12.0 4.67
12.0 6.04
12.0 5.89
12.0 5.69
12.0 5.49
12.0 5.28
12.0 5.66
12.0 5.555
12.0 5.005
12.0 6.15
12.0 6.05
12.0 5.915
12.0 5.8
12.0 5.44
12.0 4.545
12.0 5.36
12.0 5.74
12.0 6.025
12.0 4.86
12.0 5.38
12.0 5.28
12.0 5.47
12.0 5.62
12.0 5.095
12.0 5.66
12.0 5.93
12.0 6.29
12.0 5.305
12.0 6.45
12.0 6.0
12.0 5.885
12.0 5.56
12.0 5.455
12.0 5.755
12.0 4.74
12.0 5.8
12.0 5.785
12.0 6.335
12.0 5.505
12.0 5.345
12.0 5.225
12.0 6.54
12.0 4.825
12.0 4.805
12.0 5.24
12.0 4.06
12.0 6.315
12.0 4.885
12.0 5.19
12.0 5.03
12.0 6.13
12.0 5.96
12.0 4.935
12.0 6.24
12.0 5.91
12.0 4.98
12.0 5.855
12.0 5.495
12.0 6.075
12.0 5.645
12.0 5.625
12.0 5.24
12.0 4.535
12.0 5.41
12.0 4.505
12.0 4.44
12.0 6.2
12.0 6.17
12.0 4.065
12.0 5.255
12.0 6.155
12.0 4.36
12.0 6.15
12.0 5.47
12.0 3.71
12.0 4.795
12.0 5.235
12.0 5.58
12.0 5.385
12.0 5.235
12.0 6.005
12.0 5.9
12.0 5.85
12.0 6.61
12.0 5.32
12.0 5.225
12.0 4.94
12.0 5.385
12.0 4.865
12.0 5.975
12.0 4.72
12.0 4.645
12.0 6.515
12.0 5.51
12.0 6.44
12.0 5.53
12.0 5.76
12.0 5.635
12.0 6.015
12.0 4.38
12.0 5.82
12.0 5.48
12.0 5.485
12.0 6.005
12.0 5.745
12.0 6.245
12.0 5.185
12.0 5.245
12.0 5.03
12.0 5.555
12.0 5.32
12.0 6.46
12.0 5.31
12.0 5.335
12.0 5.79
12.0 5.935
12.0 5.225
12.0 6.025
12.0 5.605
12.0 6.2
13.0 5.225
13.0 5.945
13.0 6.34
13.0 5.375
13.0 5.57
13.0 5.89
13.0 5.895
13.0 5.2
13.0 5.875
13.0 6.22
13.0 5.33
13.0 4.705
13.0 5.085
13.0 6.185
13.0 6.675
13.0 6.36
13.0 5.955
13.0 4.94
13.0 5.735
13.0 5.27
13.0 5.425
13.0 6.575
13.0 4.995
13.0 5.06
13.0 5.48
13.0 5.96
13.0 5.99
13.0 5.3
13.0 5.715
13.0 4.81
13.0 5.64
13.0 5.305
13.0 5.75
13.0 4.84
13.0 6.56
13.0 5.765
13.0 5.57
13.0 5.47
13.0 5.805
13.0 6.1
13.0 5.39
13.0 5.21
13.0 4.855
13.0 6.305
13.0 5.09
13.0 6.36
13.0 3.885
13.0 5.02
13.0 3.97
13.0 5.42
13.0 4.005
13.0 5.0
13.0 5.86
13.0 6.11
13.0 4.275
13.0 5.645
13.0 5.205
13.0 5.94
13.0 5.015
13.0 5.345
13.0 6.2
13.0 6.485
13.0 5.485
13.0 5.66
13.0 6.12
13.0 6.195
13.0 5.955
13.0 5.77
13.0 5.86
13.0 5.565
13.0 5.97
13.0 5.46
13.0 6.295
13.0 5.98
13.0 5.635
13.0 5.835
13.0 5.845
13.0 6.635
13.0 5.645
13.0 6.355
13.0 5.475
13.0 5.475
13.0 4.7
13.0 5.425
13.0 5.545
13.0 6.225
13.0 4.745
13.0 6.16
13.0 5.48
13.0 5.47
13.0 6.225
13.0 5.875
13.0 6.2
13.0 6.385
13.0 6.11
13.0 5.455
13.0 4.935
13.0 5.42
13.0 6.46
13.0 4.87
13.0 4.475
13.0 5.53
13.0 5.91
13.0 5.325
13.0 5.665
13.0 5.475
13.0 5.185
13.0 6.24
13.0 5.85
13.0 5.845
13.0 3.91
13.0 5.08
13.0 5.87
13.0 4.415
13.0 5.515
13.0 5.735
13.0 6.2
13.0 5.91
13.0 4.57
13.0 6.315
13.0 5.99
13.0 5.865
13.0 5.035
13.0 6.52
13.0 5.12
13.0 5.475
13.0 4.83
13.0 4.005
13.0 5.91
13.0 4.525
13.0 6.215
13.0 5.25
13.0 6.23
13.0 6.01
13.0 5.195
13.0 4.705
13.0 5.035
13.0 6.015
13.0 5.875
13.0 5.84
13.0 6.52
13.0 5.625
13.0 6.125
13.0 5.625
13.0 5.155
13.0 6.66
13.0 5.9
13.0 5.78
13.0 5.16
13.0 5.84
13.0 6.79
13.0 5.915
13.0 5.58
13.0 4.155
13.0 3.29
13.0 4.895
13.0 5.68
13.0 6.1
13.0 5.71
13.0 5.515
13.0 5.55
13.0 6.095
13.0 5.3
13.0 5.985
13.0 5.92
13.0 5.695
13.0 6.17
13.0 3.135
13.0 4.105
13.0 5.205
13.0 6.67
13.0 5.605
13.0 5.97
13.0 6.085
13.0 5.56
13.0 6.65
13.0 5.01
13.0 6.35
13.0 5.725
13.0 5.655
13.0 5.31
13.0 5.66
13.0 5.26
13.0 6.1
13.0 5.77
13.0 6.01
13.0 5.79
13.0 6.385
13.0 6.08
13.0 6.08
13.0 5.885
13.0 6.325
13.0 4.895
13.0 5.77
13.0 5.99
13.0 5.66
13.0 6.03
13.0 5.78
13.0 4.69
13.0 5.12
13.0 4.92
13.0 5.73
13.0 6.49
13.0 5.73
13.0 5.53
13.0 5.8
13.0 6.515
13.0 4.46
13.0 6.4
13.0 5.18
13.0 5.925
13.0 5.45
13.0 5.76
13.0 5.36
13.0 4.615
13.0 5.485
13.0 6.19
13.0 5.75
13.0 5.59
13.0 5.655
13.0 6.22
13.0 5.645
13.0 4.48
13.0 5.385
13.0 6.745
13.0 5.53
13.0 6.065
13.0 5.195
13.0 5.695
13.0 6.375
13.0 5.485
13.0 5.915
13.0 5.615
13.0 5.22
13.0 5.6
13.0 5.47
13.0 5.68
13.0 5.975
13.0 4.605
13.0 5.265
13.0 6.38
13.0 5.27
13.0 5.665
13.0 4.985
13.0 5.525
13.0 5.365
13.0 5.39
13.0 4.655
13.0 5.235
13.0 5.585
13.0 5.875
13.0 5.385
13.0 5.24
13.0 6.205
13.0 5.66
13.0 5.97
13.0 6.345
13.0 6.065
13.0 5.795
13.0 4.77
13.0 4.71
13.0 6.02
13.0 5.14
13.0 6.165
13.0 6.36
13.0 5.895
13.0 5.905
13.0 4.565
13.0 6.085
13.0 5.43
13.0 5.58
13.0 6.38
13.0 4.205
13.0 5.385
13.0 5.65
13.0 5.63
13.0 6.05
13.0 5.98
13.0 5.68
13.0 6.345
13.0 4.97
13.0 4.64
13.0 5.72
13.0 4.425
13.0 5.61
13.0 6.295
13.0 6.38
13.0 4.16
13.0 5.03
13.0 5.445
13.0 6.355
13.0 6.675
13.0 6.01
13.0 5.545
13.0 5.56
13.0 4.965
13.0 5.8
13.0 6.05
13.0 4.665
13.0 6.195
13.0 5.7
13.0 6.26
13.0 5.2
13.0 6.265
13.0 5.655
13.0 6.805
13.0 5.835
13.0 5.865
13.0 6.77
13.0 6.275
13.0 5.71
500
9.5 3.945
10.0 5.545
10.0 5.61
10.5 5.365
11.5 5.6
12.0 5.445
12.0 3.47
12.0 5.03
12.0 6.015
12.0 5.595
12.0 6.01
12.0 6.61
12.0 6.16
12.0 5.445
12.0 6.405
12.0 5.705
12.0 5.865
12.0 4.34
12.0 4.92
12.0 5.515
12.0 4.995
12.0 6.255
12.0 6.4
12.0 6.045
12.0 4.2
12.0 5.71
12.0 5.755
12.0 5.185
12.0 5.505
12.0 5.43
12.0 5.27
12.5 5.945
12.5 6.145
12.5 6.345
12.5 5.13
12.5 5.47
12.5 5.405
12.5 5.875
12.5 5.075
12.5 6.15
12.5 5.715
12.5 5.42
12.5 5.795
12.5 5.7
12.5 6.345
12.5 4.88
12.5 5.55
12.5 5.28
12.5 4.98
12.5 5.34
12.5 4.27
12.5 5.545
12.5 5.315
12.5 5.045
12.5 6.435
12.5 5.155
12.5 6.775
12.5 5.64
12.5 5.85
12.5 4.545
12.5 5.36
12.5 5.875
12.5 6.195
12.5 4.845
12.5 4.62
12.5 4.185
12.5 5.4
12.5 6.13
12.5 4.7
12.5 6.045
12.5 6.625
12.5 5.415
12.5 6.27
12.5 5.45
12.5 4.795
12.5 4.845
12.5 6.915
12.5 6.385
12.5 6.18
12.5 6.41
12.5 5.99
12.5 6.17
12.5 4.28
12.5 5.935
12.5 5.875
12.5 5.63
12.5 5.42
12.5 6.175
12.5 5.14
12.5 5.59
12.5 4.55
12.5 5.14
12.5 6.11
12.5 5.89
12.5 5.39
12.5 5.73
12.5 4.9
12.5 4.64
12.5 4.82
12.5 4.975
12.5 4.43
12.5 4.705
12.5 5.42
12.5 5.98
12.5 5.775
12.5 6.195
12.5 6.01
12.5 6.13
12.5 5.84
12.5 5.55
12.5 5.83
12.5 5.5
12.5 5.545
12.5 5.93
12.5 5.545
12.5 5.29
12.5 6.07
12.5 5.46
12.5 6.225
12.5 5.11
12.5 4.87
12.5 5.065
12.5 4.955
12.5 5.64
12.5 6.28
12.5 5.71
12.5 4.105
12.5 5.63
12.5 5.59
12.5 4.875
12.5 4.9
12.5 5.765
12.5 5.63
12.5 5.86
13.0 4.55
13.0 6.665
13.0 4.27
13.0 5.215
13.0 5.8
13.0 4.815
13.0 4.865
13.0 5.87
13.0 5.135
13.0 5.32
13.0 5.455
13.0 5.78
13.0 6.16
13.0 5.225
13.0 5.55
13.0 5.88
13.0 5.915
13.0 5.495
13.0 5.22
13.0 5.24
13.0 5.69
13.0 6.0
13.0 5.155
13.0 6.065
13.0 6.6
13.0 5.31
13.0 5.335
13.0 5.655
13.0 5.54
13.0 5.02
13.0 6.085
13.0 6.94
13.0 5.51
13.0 6.02
13.0 5.685
13.0 4.815
13.0 6.31
13.0 7.03
13.0 5.775
13.0 5.425
13.0 6.23
13.0 6.775
13.0 6.01
13.0 6.28
13.0 5.885
13.0 6.575
13.0 5.375
13.0 5.42
13.0 5.95
13.0 5.135
13.0 6.22
13.0 5.8
13.0 5.375
13.0 6.23
13.0 5.42
13.0 4.71
13.0 5.42
13.0 6.315
13.0 4.28
13.0 4.71
13.0 5.51
13.0 4.795
13.0 5.4
13.0 5.795
13.0 5.935
13.0 5.615
13.0 6.12
13.0 5.435
13.0 5.32
13.0 5.235
13.0 5.44
13.0 4.695
13.0 5.075
13.0 5.785
13.0 6.16
13.0 6.27
13.0 5.82
13.0 6.165
13.0 5.905
13.0 4.725
13.0 6.54
13.0 5.525
13.0 3.95
13.0 5.585
13.0 5.82
13.0 5.62
13.0 6.38
13.0 5.355
13.0 5.825
13.0 4.94
13.0 5.49
13.0 5.9
13.0 4.775
13.0 6.75
13.0 6.065
13.0 6.095
13.0 5.62
13.0 6.28
13.0 5.91
13.0 5.29
13.0 5.23
13.0 4.605
13.0 4.675
13.0 4.685
13.0 5.33
13.0 6.12
13.0 5.175
13.0 6.0
13.0 4.645
13.0 6.185
13.0 5.865
13.0 6.135
13.0 5.545
13.0 5.465
13.0 6.91
13.0 5.48
13.0 3.95
13.0 5.41
13.0 6.49
13.0 5.865
13.0 4.84
13.0 5.67
13.0 5.475
13.0 4.97
13.0 5.755
13.0 5.215
13.0 5.97
13.0 6.52
13.0 5.42
13.0 6.08
13.0 6.09
13.0 5.56
13.0 5.665
13.0 5.365
13.0 6.0
13.0 6.435
13.0 5.565
13.0 4.08
13.0 5.815
13.0 5.44
13.0 5.925
13.0 4.83
13.0 6.58
13.0 5.65
13.0 5.88
13.0 5.785
13.0 5.845
13.0 5.675
13.0 5.37
13.0 6.6
13.0 4.84
13.0 4.415
13.0 5.425
13.0 5.26
13.0 5.295
13.0 4.21
13.0 5.775
13.0 5.76
13.0 5.415
13.0 5.895
13.0 4.77
13.0 5.305
13.0 5.89
13.0 5.555
13.0 5.295
13.0 6.585
13.0 5.055
13.0 6.97
13.0 6.365
13.0 4.225
13.0 5.83
13.0 6.165
13.0 5.005
13.0 6.17
13.0 5.595
13.0 6.365
13.0 6.255
13.0 5.475
13.0 5.655
13.0 6.105
13.0 5.36
13.0 4.795
13.0 5.605
13.0 5.585
13.0 5.155
13.0 5.84
13.0 5.79
13.0 5.655
13.0 5.56
13.0 5.37
13.0 4.65
13.0 6.32
13.0 4.69
13.0 6.01
13.0 6.315
13.0 5.915
13.0 6.74
13.0 5.59
13.0 4.795
13.0 5.685
13.0 4.985
13.0 5.545
13.0 5.12
13.0 6.015
13.0 5.08
13.0 5.13
13.0 5.105
13.0 5.31
13.0 6.435
13.0 5.835
13.0 5.72
13.0 6.325
13.0 6.175
13.0 5.885
13.0 5.735
13.0 5.08
13.0 5.405
13.0 6.25
13.0 6.735
13.0 5.865
13.0 4.09
13.0 5.48
13.0 5.815
13.0 6.385
13.0 5.965
13.0 4.225
13.0 5.895
13.0 4.785
13.0 5.86
13.0 4.575
13.0 5.865
13.0 5.52
13.0 6.41
13.0 6.035
13.0 5.575
13.0 4.565
13.0 5.8
13.0 5.18
13.0 5.175
13.0 5.82
13.0 5.91
13.0 6.105
13.0 6.0
13.0 6.38
13.0 6.125
13.0 5.345
13.0 6.43
13.0 5.945
13.0 6.005
13.0 4.965
13.0 4.285
13.0 5.395
13.0 4.81
13.0 4.815
13.0 5.045
13.0 5.615
13.0 5.255
13.0 4.92
13.0 5.575
13.0 5.615
13.0 5.375
13.0 6.475
13.0 3.81
13.0 5.32
13.0 5.38
13.0 5.64
13.0 5.705
13.0 5.135
13.0 6.29
13.0 5.73
13.0 5.825
13.0 5.515
13.0 5.06
13.0 5.515
13.0 6.035
13.0 4.755
13.0 5.965
13.0 4.535
13.0 5.71
13.0 5.355
13.0 5.815
13.0 5.995
13.0 6.4
13.0 5.65
13.0 6.095
13.0 5.56
13.0 5.57
13.0 5.29
13.0 5.88
13.0 4.78
13.0 5.43
13.0 6.04
13.0 5.92
13.0 4.67
13.0 5.045
13.0 5.995
13.0 5.6
13.0 5.835
13.0 5.44
13.0 5.52
13.0 5.7
13.0 5.31
13.0 5.03
13.0 6.195
13.0 5.35
13.0 5.825
13.0 5.29
13.0 6.11
13.0 5.875
13.0 4.845
13.0 5.855
13.0 6.325
13.0 5.315
13.0 5.835
13.0 5.695
13.0 5.665
13.0 5.735
13.0 4.57
13.0 5.5
13.0 5.7
13.0 4.66
13.0 5.155
13.0 3.36
13.0 6.02
13.0 5.225
13.0 5.82
13.0 5.185
13.0 6.27
13.0 5.265
13.0 5.195
13.0 5.035
13.0 6.28
13.0 6.485
13.0 5.6
13.0 4.165
13.0 4.63
13.0 5.55
13.0 6.07
13.0 5.42
13.0 5.71
13.0 5.42
13.0 5.685
13.0 5.91
13.0 6.055
13.0 4.885
13.0 4.7
13.0 5.885
13.0 6.425
13.0 5.51
13.0 6.13
13.0 6.0
13.0 5.365
13.0 5.74
13.0 5.145
13.0 4.93
13.0 5.915
13.0 6.505
13.0 6.295
13.0 5.725
13.0 5.415
13.0 4.69
13.0 4.99
13.0 6.055
13.0 5.42
13.0 5.605
13.0 5.785
500
10.0 3.535
11.0 5.655
11.0 6.12
11.0 5.745
11.0 5.585
11.0 5.26
11.0 4.74
11.0 5.815
11.0 6.37
11.0 4.985
11.0 5.195
11.0 4.15
11.0 5.27
12.5 5.385
12.5 5.55
12.5 5.31
12.5 6.17
12.5 4.95
12.5 5.19
12.5 5.59
12.5 5.555
12.5 5.84
12.5 5.965
12.5 5.805
12.5 5.855
12.5 6.175
12.5 5.63
12.5 5.665
12.5 4.985
12.5 5.045
12.5 6.15
12.5 4.91
12.5 5.355
12.5 5.55
12.5 5.395
13.0 6.385
13.0 5.97
13.0 4.765
13.0 6.11
13.0 4.655
13.0 6.13
13.0 5.775
13.0 5.55
13.0 5.535
13.0 4.835
13.0 5.765
13.0 5.31
13.0 5.735
13.0 5.365
13.0 5.05
13.0 6.13
13.0 5.33
13.0 4.68
13.0 5.58
13.0 5.815
13.0 6.095
13.0 6.175
13.0 5.58
13.0 6.39
13.0 5.61
13.0 5.925
13.0 5.34
13.0 6.6
13.0 4.72
13.0 5.585
13.0 5.49
13.0 5.15
13.0 5.54
13.0 4.395
13.0 4.98
13.0 6.735
13.0 6.32
13.0 6.3
13.0 5.36
13.0 5.405
13.0 6.005
13.0 6.28
13.0 6.85
13.0 5.035
13.0 5.035
13.0 4.24
13.0 5.78
13.0 5.035
13.0 5.37
13.0 4.995
13.0 6.28
13.0 4.725
13.0 4.82
13.0 5.485
13.0 4.97
13.0 6.04
13.0 6.23
13.0 5.235
13.0 6.485
13.0 4.62
13.0 4.965
13.0 5.24
13.0 4.51
13.0 5.36
13.0 5.425
13.0 5.42
13.0 5.515
13.0 5.82
13.0 4.985
13.0 5.705
13.0 5.89
13.0 4.985
13.0 6.085
13.0 4.615
13.0 5.365
13.0 4.94
13.0 5.845
13.0 5.085
13.0 5.525
13.0 5.175
13.0 5.7
13.0 6.515
13.0 6.615
13.0 5.645
13.0 5.77
13.0 4.775
13.0 6.09
13.0 5.33
13.0 5.215
13.0 5.0
13.0 4.975
13.0 5.89
13.0 5.915
13.0 4.77
13.0 5.78
13.0 5.345
13.0 5.69
13.0 5.455
13.0 5.24
13.0 5.705
13.0 5.51
13.0 5.46
13.0 5.64
13.0 5.66
13.0 5.515
13.0 5.425
13.0 4.78
13.0 5.665
13.0 4.87
13.0 6.295
13.0 6.03
13.0 5.915
13.0 5.93
13.0 5.48
13.0 4.135
13.0 5.32
13.0 5.795
13.0 5.76
13.0 5.765
13.0 5.58
13.0 4.77
13.0 5.525
13.0 4.945
13.0 5.975
13.0 5.93
13.0 4.785
13.0 5.805
13.0 5.48
13.0 5.395
13.0 3.055
13.0 6.1
13.0 6.505
13.0 6.225
13.0 4.33
13.0 5.28
13.0 5.58
13.0 5.26
13.0 5.025
13.0 6.36
13.0 5.935
13.0 4.22
13.0 6.225
13.0 5.285
13.0 4.56
13.0 6.005
13.0 5.41
13.0 6.435
13.0 5.195
13.0 5.765
13.0 5.745
13.0 5.06
13.0 6.005
13.0 5.14
13.0 5.495
13.0 5.92
13.0 5.315
13.0 6.05
13.0 6.14
13.0 5.265
13.0 5.3
13.0 4.755
13.0 4.29
13.0 5.625
13.0 4.895
13.0 5.205
13.0 5.985
13.0 5.015
13.0 5.77
13.0 4.0
13.0 5.765
13.0 5.745
13.0 5.81
13.0 6.26
13.0 5.275
13.0 5.18
13.0 5.81
13.0 5.925
13.0 5.815
13.0 5.4
13.0 6.715
13.0 5.71
13.0 5.41
13.0 5.935
13.0 5.135
13.0 6.355
13.0 5.15
13.0 6.18
13.0 6.055
13.0 5.655
13.0 5.225
13.0 5.9
13.0 5.97
13.0 6.175
13.0 4.985
13.0 5.57
13.0 5.8
13.0 4.865
13.0 4.44
13.0 5.375
13.0 5.485
13.0 5.66
13.0 4.895
13.0 5.205
13.0 5.855
13.0 5.165
13.0 4.305
13.0 4.65
13.0 5.605
13.0 5.05
13.0 6.115
13.0 6.335
13.0 6.4
13.0 5.7
13.0 5.795
13.0 5.93
13.0 5.265
13.0 5.41
13.0 5.815
13.0 5.545
13.0 5.32
13.0 5.21
13.0 5.71
13.0 5.345
13.0 6.2
13.0 5.985
13.0 5.655
13.0 5.27
13.0 6.0
13.0 5.66
13.0 4.855
13.0 5.84
13.0 5.885
13.0 6.61
13.0 5.22
13.0 5.065
13.0 6.28
13.0 6.245
13.0 7.085
13.0 5.17
13.0 5.29
13.0 6.165
13.0 5.115
13.0 5.105
13.0 5.69
13.0 5.945
13.0 5.14
13.0 6.505
13.0 6.07
13.0 5.62
13.0 3.915
13.0 4.915
13.0 5.775
13.0 5.53
13.0 5.6
13.0 5.835
13.0 6.02
13.0 5.85
13.0 6.115
13.0 5.425
13.0 6.19
13.0 5.2
13.0 5.03
13.0 5.94
13.0 5.05
13.0 5.56
13.0 5.985
13.0 5.66
13.0 5.035
13.0 5.485
13.0 5.205
13.0 5.72
13.0 6.11
13.0 5.155
13.0 5.49
13.0 3.645
13.0 5.46
13.0 5.79
13.0 6.025
13.0 6.23
13.0 5.625
13.0 3.685
13.0 6.34
13.0 5.745
13.0 5.115
13.0 5.735
13.0 5.77
13.0 6.325
13.0 5.625
13.0 6.5
13.0 5.78
13.0 6.425
13.0 6.025
13.0 5.02
13.0 5.5
13.0 6.24
13.0 6.39
13.0 4.445
13.0 5.905
13.0 6.37
13.0 5.635
13.0 5.415
13.0 5.16
13.0 5.23
13.0 6.215
13.0 5.525
13.0 5.58
13.0 5.815
13.0 5.88
13.0 5.975
13.0 5.6
13.0 5.73
13.0 6.17
13.0 5.255
13.0 3.63
13.0 5.465
13.0 6.125
13.0 5.325
13.0 5.97
13.0 5.77
13.0 5.13
13.0 4.86
13.0 4.175
13.0 4.9
13.0 5.835
13.0 5.87
13.0 5.39
13.0 5.13
13.0 5.175
13.0 6.045
13.0 5.695
13.0 6.105
13.0 6.335
13.0 5.685
13.0 5.165
13.0 6.455
13.0 5.1
13.0 5.755
13.0 5.575
13.0 5.99
13.0 5.65
13.0 5.61
13.0 5.565
13.0 5.775
13.0 5.76
13.0 5.39
13.0 5.445
13.0 5.755
13.0 5.795
13.0 5.675
13.0 5.65
13.0 6.145
13.0 4.945
13.0 5.53
13.0 6.22
13.0 5.7
13.0 5.53
13.0 5.195
13.0 5.15
13.0 4.335
13.0 6.115
13.0 6.325
13.0 6.475
13.0 5.41
13.0 5.24
13.0 4.645
13.0 5.545
13.0 5.955
13.0 4.425
13.0 5.645
13.0 5.78
13.0 5.71
13.0 5.735
13.0 5.785
13.0 5.56
13.0 5.21
13.0 6.52
13.0 6.205
13.0 4.56
13.0 5.49
13.0 4.51
13.0 6.2
13.0 5.455
13.0 5.16
13.0 5.705
13.0 5.555
13.0 5.36
13.0 6.28
13.0 5.62
13.0 6.64
13.0 5.855
13.0 3.85
13.0 5.93
13.0 5.15
13.0 6.59
13.0 6.17
13.0 4.685
13.0 5.115
13.0 5.17
13.0 4.96
13.0 5.885
13.0 5.145
13.0 5.93
13.0 5.36
13.0 5.755
13.0 5.68
13.0 5.665
13.0 5.45
13.0 5.63
13.0 4.795
13.0 5.625
13.0 5.57
13.0 5.135
13.0 4.335
13.0 6.525
13.0 4.595
13.0 6.22
13.0 5.805
13.0 5.855
13.0 6.285
13.0 5.47
13.0 6.245
13.0 4.79
13.0 4.945
13.0 5.565
13.0 6.1
13.0 6.425
13.0 6.21
13.0 5.67
13.0 6.015
13.0 6.19
13.0 5.255
13.0 4.945
13.0 5.225
13.0 5.42
13.0 5.94
13.0 6.23
13.0 6.32
13.0 4.91
13.0 5.49
13.0 6.065
13.0 5.98
13.0 5.26
13.0 6.21
13.0 6.735
13.0 6.34
13.0 6.045
13.0 4.975
13.0 5.77
13.0 5.795
13.0 5.405
13.0 5.495
13.0 6.505
13.0 5.845
13.0 6.155
13.0 4.57
13.0 6.095
13.0 6.09
13.0 5.665
13.0 6.005
13.0 6.035
13.0 5.61
13.0 4.98
13.0 5.555
13.0 6.065
13.0 6.1
500
10.5 2.625
12.0 5.23
12.0 5.425
12.0 6.245
12.0 5.9
12.0 5.62
12.0 5.95
12.0 5.65
12.0 5.84
12.0 5.64
12.0 6.19
12.0 5.635
12.0 5.495
12.0 5.29
12.0 5.7
12.0 4.595
13.0 6.665
13.0 6.705
13.0 5.665
13.0 5.565
13.0 5.29
13.0 5.135
13.0 5.54
13.0 4.27
13.0 5.215
13.0 6.195
13.0 6.01
13.0 6.425
13.0 6.005
13.0 6.115
13.0 6.195
13.0 5.485
13.0 5.865
13.0 5.82
13.0 5.46
13.0 5.525
13.0 4.945
13.0 6.515
13.0 6.38
13.0 4.505
13.0 6.05
13.0 5.94
13.0 5.065
13.0 5.915
13.0 6.225
13.0 5.185
13.0 6.145
13.0 6.435
13.0 5.14
13.0 3.935
13.0 5.605
13.0 5.78
13.0 4.82
13.0 5.485
13.0 5.515
13.0 5.96
13.0 5.815
13.0 5.825
13.0 5.88
13.0 6.005
13.0 5.725
13.0 6.165
13.0 5.15
13.0 5.585
13.0 5.845
13.0 5.98
13.0 5.44
13.0 5.165
13.0 3.17
13.0 6.055
13.0 4.495
13.0 5.435
13.0 6.51
13.0 5.06
13.0 6.0
13.0 6.41
13.0 6.005
13.0 5.21
13.0 6.07
13.0 4.51
13.0 5.57
13.0 5.715
13.0 5.315
13.0 4.945
13.0 4.995
13.0 5.5
13.0 5.985
13.0 5.64
13.0 6.23
13.0 4.625
13.0 5.12
13.0 5.795
13.0 6.1
13.0 4.195
13.0 5.895
13.0 6.165
13.0 5.925
13.0 5.82
13.0 4.535
13.0 5.735
13.0 6.295
13.0 5.505
13.0 5.895
13.0 6.005
13.0 5.185
13.0 5.955
13.0 4.765
13.0 5.855
13.0 6.035
13.0 5.835
13.0 5.965
13.0 5.66
13.0 5.65
13.0 5.67
13.0 3.785
13.0 5.62
13.0 5.62
13.0 5.46
13.0 4.56
13.0 6.045
13.0 5.97
13.0 4.72
13.0 5.52
13.0 6.21
13.0 5.65
13.0 5.23
13.0 5.975
13.0 6.14
13.0 6.205
13.0 5.875
13.0 4.24
13.0 5.855
13.0 5.445
13.0 6.39
13.0 5.045
13.0 6.005
13.0 5.545
13.0 6.295
13.0 5.505
13.0 5.415
13.0 4.385
13.0 6.88
13.0 6.485
13.0 5.565
13.0 5.64
13.0 4.9
13.0 6.165
13.0 4.965
13.0 5.845
13.0 5.125
13.0 6.05
13.0 6.53
13.0 6.925
13.0 5.1
13.0 5.765
13.0 6.19
13.0 4.99
13.0 5.69
13.0 5.575
13.0 5.835
13.0 6.125
13.0 6.34
13.0 5.78
13.0 6.005
13.0 4.93
13.0 5.27
13.0 5.185
13.0 5.665
13.0 5.8
13.0 6.19
13.0 5.405
13.0 4.695
13.0 5.285
13.0 6.395
13.0 5.785
13.0 4.745
13.0 6.15
13.0 5.345
13.0 5.645
13.0 5.865
13.0 5.695
13.0 5.3
13.0 5.985
13.0 5.77
13.0 5.985
13.0 6.065
13.0 5.535
13.0 5.345
13.0 5.885
13.0 5.785
13.0 6.945
13.0 5.26
13.0 5.565
13.0 5.655
13.0 6.105
13.0 4.8
13.0 5.005
13.0 5.695
13.0 5.61
13.0 5.815
13.0 4.95
13.0 5.65
13.0 5.34
13.0 5.71
13.0 5.365
13.0 5.04
13.0 6.01
13.0 5.67
13.0 5.715
13.0 5.41
13.0 5.195
13.0 3.6
13.0 6.135
13.0 5.815
13.0 4.86
13.0 5.675
13.0 6.23
13.0 5.36
13.0 5.465
13.0 4.745
13.0 5.455
13.0 6.205
13.0 6.72
13.0 5.655
13.0 5.065
13.0 5.76
13.0 6.185
13.0 5.245
13.0 5.535
13.0 6.425
13.0 5.8
13.0 5.35
13.0 5.235
13.0 5.815
13.0 4.79
13.0 6.015
13.0 5.515
13.0 4.605
13.0 5.63
13.0 4.815
13.0 4.94
13.0 5.585
13.0 5.84
13.0 5.23
13.0 6.175
13.0 4.49
13.0 5.745
13.0 5.06
13.0 5.875
13.0 5.465
13.0 6.23
13.0 6.205
13.0 6.2
13.0 5.345
13.0 6.53
13.0 5.84
13.0 6.155
13.0 5.0
13.0 5.18
13.0 5.895
13.0 6.505
13.0 5.38
13.0 5.315
13.0 5.065
13.0 5.655
13.0 6.31
13.0 6.0
13.0 5.225
13.0 5.625
13.0 6.175
13.0 4.595
13.0 5.725
13.0 4.61
13.0 4.87
13.0 5.28
13.0 5.655
13.0 5.88
13.0 6.02
13.0 5.065
13.0 5.91
13.0 6.025
13.0 6.305
13.0 5.14
13.0 5.17
13.0 5.29
13.0 5.07
13.0 6.02
13.0 5.45
13.0 5.6
13.0 4.955
13.0 4.49
13.0 5.565
13.0 6.16
13.0 5.715
13.0 5.575
13.0 5.75
13.0 6.11
13.0 5.79
13.0 5.815
13.0 5.385
13.0 5.7
13.0 5.84
13.0 6.035
13.0 5.06
13.0 5.035
13.0 5.625
13.0 5.77
13.0 6.53
13.0 5.775
13.0 4.855
13.0 5.11
13.0 5.44
13.0 6.165
13.0 6.15
13.0 5.775
13.0 5.635
13.0 5.24
13.0 5.735
13.0 6.835
13.0 6.12
13.0 4.825
13.0 5.715
13.0 5.86
13.0 5.63
13.0 6.085
13.0 5.38
13.0 5.605
13.0 5.6
13.0 6.015
13.0 6.175
13.0 5.26
13.0 5.2
13.0 6.06
13.0 5.575
13.0 5.79
13.0 5.295
13.0 5.665
13.0 6.045
13.0 6.04
13.0 6.17
13.0 6.995
13.0 5.855
13.0 5.93
13.0 5.325
13.0 5.235
13.0 5.875
13.0 5.535
13.0 5.79
13.0 4.925
13.0 5.92
13.0 5.825
13.0 5.05
13.0 4.425
13.0 6.005
13.0 6.635
13.0 5.8
13.0 5.51
13.0 5.205
13.0 5.205
13.0 6.11
13.0 5.96
13.0 6.045
13.0 5.09
13.0 6.025
13.0 4.755
13.0 6.42
13.0 5.44
13.0 5.49
13.0 5.775
13.0 5.33
13.0 5.77
13.0 4.255
13.0 5.445
13.0 4.445
13.0 3.8
13.0 5.68
13.0 6.02
13.0 5.05
13.0 5.975
13.0 5.975
13.0 5.09
13.0 5.445
13.0 6.55
13.0 6.265
13.0 5.87
13.0 5.795
13.0 5.0
13.0 5.205
13.0 5.745
13.0 5.64
13.0 6.26
13.0 5.69
13.0 5.44
13.0 6.655
13.0 5.435
13.0 4.765
13.0 5.695
13.0 5.81
13.0 6.32
13.0 6.065
13.0 5.14
13.0 4.33
13.0 5.36
13.0 5.05
13.0 5.52
13.0 5.615
13.0 5.415
13.0 6.215
13.0 5.555
13.0 5.85
13.0 5.8
13.0 5.95
13.0 5.375
13.0 5.015
13.0 5.98
13.0 4.59
13.0 6.06
13.0 5.655
13.0 6.23
13.0 5.65
13.0 5.64
13.0 5.72
13.0 6.52
13.0 5.635
13.0 5.65
13.0 5.77
13.0 4.805
13.0 5.515
13.0 6.015
13.0 4.95
13.0 6.27
13.0 5.395
13.0 5.81
13.0 5.04
13.0 5.81
13.0 5.755
13.0 5.83
13.0 6.03
13.0 5.51
13.0 6.04
13.0 5.13
13.0 5.635
13.0 6.17
13.0 6.48
13.0 5.81
13.0 5.795
13.0 6.645
13.0 6.635
13.0 5.49
13.0 5.435
13.0 5.49
13.0 5.885
13.0 6.5
13.0 5.525
13.0 5.15
13.0 5.305
13.0 6.275
13.0 5.34
13.0 6.115
13.0 5.89
13.0 5.87
13.0 5.865
13.0 6.4
13.0 5.84
13.0 5.19
13.0 5.875
13.0 5.885
13.0 6.23
13.0 5.695
13.0 5.61
13.0 5.36
13.0 6.21
13.0 6.4
13.0 5.595
13.0 4.92
13.0 5.43
13.0 6.325
13.0 5.63
13.0 5.705
13.0 5.395
13.0 4.845
13.0 5.275
13.0 6.28
13.0 6.08
13.0 5.83
13.0 5.435
13.0 6.23
13.0 5.31
13.0 5.22
13.0 5.345
13.0 6.53
13.0 6.215
13.0 5.165
13.0 6.48
13.0 6.36
13.0 4.965
13.0 5.85
13.0 5.755
13.0 5.47
13.0 6.15
500
9.5 3.785
10.0 5.645
12.0 4.52
12.0 5.43
12.5 4.055
12.5 4.245
12.5 6.43
12.5 4.505
12.5 6.01
12.5 5.75
12.5 6.39
12.5 5.07
12.5 6.17
12.5 5.6
12.5 5.81
12.5 6.225
12.5 5.435
12.5 5.26
12.5 5.795
12.5 5.46
12.5 5.33
12.5 6.06
12.5 5.795
12.5 6.76
12.5 4.595
12.5 4.835
12.5 4.675
12.5 5.515
12.5 5.595
12.5 5.375
12.5 4.175
12.5 6.195
12.5 5.64
12.5 5.145
12.5 5.28
12.5 6.415
12.5 5.885
12.5 5.22
12.5 6.15
12.5 6.395
12.5 5.03
12.5 6.125
12.5 5.6
12.5 6.02
12.5 5.775
12.5 5.365
12.5 5.125
12.5 5.66
12.5 5.815
12.5 5.855
12.5 6.07
12.5 5.425
12.5 5.815
12.5 5.505
12.5 5.66
12.5 5.735
12.5 6.365
12.5 5.44
12.5 5.44
12.5 5.455
12.5 6.14
12.5 6.25
12.5 6.24
12.5 5.66
12.5 5.325
12.5 5.26
12.5 5.16
12.5 5.485
12.5 6.28
12.5 5.595
12.5 6.005
12.5 5.905
12.5 5.19
12.5 5.53
12.5 4.275
12.5 4.39
12.5 5.77
12.5 5.545
12.5 4.59
12.5 6.255
12.5 5.85
12.5 4.735
12.5 4.57
12.5 5.45
12.5 6.15
12.5 5.835
12.5 5.955
12.5 5.405
12.5 6.06
12.5 5.595
12.5 6.255
12.5 5.445
12.5 5.825
12.5 6.43
12.5 5.46
12.5 6.695
12.5 5.16
12.5 5.975
12.5 5.905
12.5 5.975
12.5 4.97
12.5 5.63
12.5 5.36
12.5 6.335
12.5 5.76
12.5 6.045
12.5 4.82
12.5 5.16
12.5 6.01
12.5 6.095
12.5 6.66
12.5 5.635
12.5 5.79
12.5 5.45
12.5 4.89
12.5 5.395
12.5 5.775
12.5 5.025
12.5 6.215
12.5 5.975
12.5 5.885
12.5 5.26
12.5 5.925
12.5 5.75
12.5 6.01
12.5 6.305
12.5 5.7
12.5 6.19
12.5 5.1
12.5 5.415
12.5 5.935
12.5 4.58
12.5 5.835
12.5 4.635
12.5 5.99
12.5 6.07
12.5 6.18
12.5 5.065
12.5 5.35
12.5 5.775
12.5 4.48
12.5 5.745
12.5 4.195
12.5 5.86
12.5 5.79
12.5 6.005
12.5 6.255
12.5 5.315
12.5 5.29
12.5 5.54
12.5 5.92
12.5 6.525
12.5 5.7
12.5 5.03
12.5 6.32
12.5 6.53
12.5 5.715
12.5 5.24
12.5 6.255
12.5 5.955
12.5 5.27
12.5 5.13
12.5 5.68
12.5 5.29
12.5 6.18
12.5 4.56
12.5 6.205
12.5 4.68
12.5 5.465
12.5 4.96
12.5 6.25
12.5 5.93
12.5 4.065
12.5 4.92
12.5 6.2
12.5 6.16
12.5 5.705
12.5 6.27
12.5 5.495
12.5 5.76
12.5 6.335
12.5 5.985
12.5 5.99
12.5 6.53
12.5 6.055
12.5 5.105
12.5 3.51
12.5 5.975
12.5 5.87
12.5 5.87
12.5 6.2
12.5 5.25
12.5 5.58
12.5 6.185
12.5 6.475
12.5 5.395
12.5 6.09
12.5 5.795
12.5 5.34
12.5 6.145
12.5 6.16
12.5 5.425
12.5 6.265
12.5 4.675
12.5 5.48
12.5 6.69
12.5 5.155
12.5 5.73
12.5 5.515
12.5 6.04
12.5 4.515
12.5 5.725
12.5 5.62
12.5 4.725
12.5 4.53
12.5 6.535
12.5 6.105
12.5 5.68
12.5 6.645
12.5 5.435
12.5 4.775
12.5 5.065
12.5 4.9
12.5 6.165
12.5 5.595
12.5 6.04
12.5 5.59
12.5 5.21
12.5 4.9
12.5 4.86
12.5 6.15
12.5 6.065
12.5 5.875
12.5 5.75
12.5 6.14
12.5 5.99
12.5 6.26
12.5 5.855
12.5 6.14
12.5 5.615
12.5 6.22
12.5 5.47
12.5 4.775
12.5 5.57
12.5 5.75
12.5 5.24
12.5 6.09
12.5 7.355
12.5 6.115
12.5 5.245
12.5 5.94
12.5 5.6
12.5 4.35
12.5 5.685
12.5 5.3
12.5 5.51
12.5 5.73
12.5 5.48
12.5 6.21
13.0 5.94
13.0 6.245
13.0 4.325
13.0 5.195
13.0 6.26
13.0 5.28
13.0 6.59
13.0 5.375
13.0 5.345
13.0 5.83
13.0 5.955
13.0 5.08
13.0 5.645
13.0 5.41
13.0 5.745
13.0 5.54
13.0 5.82
13.0 4.105
13.0 5.825
13.0 4.3
13.0 6.175
13.0 6.22
13.0 6.625
13.0 5.085
13.0 5.735
13.0 5.13
13.0 5.385
13.0 4.94
13.0 4.55
13.0 5.65
13.0 6.805
13.0 5.94
13.0 6.04
13.0 5.715
13.0 6.35
13.0 5.7
13.0 5.73
13.0 5.465
13.0 5.3
13.0 4.835
13.0 5.135
13.0 5.555
13.0 5.36
13.0 4.59
13.0 5.235
13.0 5.145
13.0 5.73
13.0 5.115
13.0 5.545
13.0 6.15
13.0 5.585
13.0 4.9
13.0 5.36
13.0 5.545
13.0 5.705
13.0 6.325
13.0 5.51
13.0 6.175
13.0 5.595
13.0 5.555
13.0 6.065
13.0 5.32
13.0 6.565
13.0 4.91
13.0 4.82
13.0 5.865
13.0 5.19
13.0 6.255
13.0 5.405
13.0 5.145
13.0 5.61
13.0 4.97
13.0 6.07
13.0 5.915
13.0 5.92
13.0 5.98
13.0 5.91
13.0 5.96
13.0 5.975
13.0 6.2
13.0 5.96
13.0 5.465
13.0 5.675
13.0 4.305
13.0 5.985
13.0 5.405
13.0 6.05
13.0 5.65
13.0 6.145
13.0 6.18
13.0 4.04
13.0 4.63
13.0 5.735
13.0 5.675
13.0 4.765
13.0 4.79
13.0 5.76
13.0 5.655
13.0 5.53
13.0 5.42
13.0 5.54
13.0 5.09
13.0 5.01
13.0 6.01
13.0 5.57
13.0 5.915
13.0 6.475
13.0 6.305
13.0 6.24
13.0 5.6
13.0 5.3
13.0 5.455
13.0 5.045
13.0 5.035
13.0 4.98
13.0 5.965
13.0 6.165
13.0 5.945
13.0 6.15
13.0 6.28
13.0 5.605
13.0 5.805
13.0 5.225
13.0 5.56
13.0 5.44
13.0 6.12
13.0 4.135
13.0 4.17
13.0 6.18
13.0 5.55
13.0 5.79
13.0 5.155
13.0 5.4
13.0 5.525
13.0 5.555
13.0 5.335
13.0 6.095
13.0 5.2
13.0 6.84
13.0 5.57
13.0 5.685
13.0 5.93
13.0 6.26
13.0 5.84
13.0 5.835
13.0 5.78
13.0 6.205
13.0 5.85
13.0 5.935
13.0 5.905
13.0 5.515
13.0 6.0
13.0 5.72
13.0 5.585
13.0 5.48
13.0 5.99
13.0 3.495
13.0 5.075
13.0 4.77
13.0 5.075
13.0 6.32
13.0 5.425
13.0 5.98
13.0 5.3
13.0 5.21
13.0 5.965
13.0 4.84
13.0 5.47
13.0 5.0
13.0 5.59
13.0 4.895
13.0 5.14
13.0 5.775
13.0 5.475
13.0 5.87
13.0 6.05
13.0 3.885
13.0 4.975
13.0 5.345
13.0 5.955
13.0 5.435
13.0 6.435
13.0 6.405
13.0 5.895
13.0 5.63
13.0 5.17
13.0 6.56
13.0 5.475
13.0 6.525
13.0 5.57
13.0 6.305
13.0 4.955
13.0 5.46
13.0 5.795
13.0 5.265
13.0 6.665
13.0 4.785
13.0 5.94
13.0 5.33
13.0 5.595
13.0 6.065
13.0 5.235
13.0 5.62
13.0 5.79
13.0 5.695
13.0 5.465
13.0 5.71
13.0 6.21
13.0 4.94
13.0 6.14
13.0 6.01
13.0 5.79
13.0 5.505
13.0 5.9
13.0 5.585
13.0 5.52
13.0 5.39
13.0 6.245
13.0 5.635
13.0 5.935
13.0 5.475
13.0 6.49
13.0 4.93
13.0 5.31
13.0 5.83
13.0 5.265
13.0 4.69
13.0 5.33
13.0 5.685
13.0 5.195
13.0 6.22
13.0 4.695
13.0 6.125
13.0 5.425
13.0 5.365
13.0 5.025
13.0 5.56
13.0 6.235
13.0 6.3
13.0 6.495
13.0 5.005

Individual: [1, 2, 4, 7, 8, 11, 16, 17, 19, 20]
   Fitness: 13.0
     Total: 10
Violations: 2 2

Individual: [1, 3, 6, 7, 12, 14, 15, 19, 20]
   Fitness: 13.5
     Total: 9
Violations: 0 0

Individual: [1, 2, 4, 5, 7, 11, 14, 16, 19, 20]
   Fitness: 13.0
     Total: 10
Violations: 2 2

Individual: [1, 2, 4, 8, 11, 13, 16, 17, 19, 20]
   Fitness: 13.0
     Total: 10
Violations: 2 2

Individual: [1, 2, 6, 7, 9, 14, 15, 18, 20]
   Fitness: 13.5
     Total: 9
Violations: 0 0

Individual: [1, 2, 4, 5, 7, 14, 15, 17, 18, 20]
   Fitness: 13.0
     Total: 10
Violations: 2 2

Individual: [1, 2, 5, 6, 7, 14, 15, 18, 19, 20]
   Fitness: 13.0
     Total: 10
Violations: 2 2

Individual: [1, 2, 3, 6, 7, 14, 15, 17, 18, 20]
   Fitness: 13.0
     Total: 10
Violations: 2 2

Individual: [1, 3, 4, 6, 7, 12, 14, 15, 19, 20]
   Fitness: 13.0
     Total: 10
Violations: 2 2

Individual: [1, 2, 4, 5, 7, 8, 16, 17, 19, 20]
   Fitness: 13.0
     Total: 10
Violations: 2 2
