10
50
10.5 4.39
12.0 7.67
12.0 8.31
12.0 9.08
12.0 9.685
12.0 9.745
12.5 9.9
12.5 10.095
12.5 10.15
13.0 10.14
13.0 10.335
13.0 10.66
13.0 11.025
13.0 11.075
13.0 11.15
13.0 11.025
13.0 11.105
13.0 11.06
13.0 11.165
13.0 11.27
13.0 11.23
13.0 11.145
13.0 11.35
13.0 10.685
13.0 11.16
13.0 11.12
13.0 11.35
13.0 11.425
13.0 11.745
13.0 11.23
13.0 11.055
13.0 11.355
13.0 11.335
13.0 11.46
13.0 11.145
13.0 11.655
13.0 11.17
13.0 11.105
13.0 11.265
13.0 11.295
13.0 11.25
13.0 11.045
13.0 11.7
13.0 11.095
13.0 11.2
13.0 10.95
13.0 11.515
13.0 11.745
13.0 11.255
13.0 11.465
50
11.0 3.72
11.0 7.525
12.5 8.875
12.5 9.52
12.5 10.22
12.5 10.265
12.5 10.805
12.5 10.875
12.5 11.045
12.5 11.175
12.5 10.635
12.5 10.92
12.5 10.755
12.5 10.81
12.5 10.775
12.5 10.74
12.5 10.99
12.5 11.015
12.5 11.365
12.5 10.95
12.5 11.125
12.5 11.1
12.5 11.21
12.5 11.25
12.5 11.28
12.5 11.02
12.5 11.21
12.5 11.385
12.5 11.065
12.5 11.125
12.5 11.075
12.5 11.205
12.5 11.27
12.5 11.39
12.5 10.925
12.5 11.09
12.5 11.17
12.5 11.19
12.5 11.105
12.5 10.875
12.5 11.18
13.0 11.005
13.0 10.975
13.0 10.85
13.0 11.21
13.0 11.225
13.0 11.22
13.0 11.32
13.0 11.115
13.0 10.7
50
10.5 4.17
11.5 7.89
11.5 9.235
12.5 9.395
12.5 9.285
13.0 9.93
13.0 10.245
13.0 10.69
13.0 10.745
13.0 10.945
13.0 11.29
13.0 11.435
13.0 11.51
13.0 11.19
13.0 11.315
13.0 11.465
13.0 11.56
13.0 11.48
13.0 11.18
13.0 11.24
13.0 11.355
13.0 11.115
13.0 11.165
13.0 11.22
13.0 11.05
13.0 11.26
13.0 11.515
13.0 11.465
13.0 11.41
13.0 11.34
13.0 11.01
13.0 11.445
13.0 11.655
13.0 11.695
13.0 11.41
13.0 11.29
13.0 11.415
13.0 11.525
13.0 11.525
13.0 11.35
13.0 11.45
13.0 11.39
13.0 11.59
13.0 11.365
13.0 11.25
13.0 11.65
13.0 11.165
13.0 11.38
13.0 11.16
13.0 11.305
50
10.5 4.43
11.0 7.465
11.5 8.34
12.5 9.04
12.5 9.865
12.5 10.07
12.5 10.55
12.5 10.89
12.5 10.935
12.5 10.855
12.5 10.93
13.0 10.965
13.0 10.995
13.0 10.87
13.0 11.0
13.0 11.26
13.0 10.915
13.0 11.29
13.0 11.435
13.0 11.065
13.0 11.47
13.0 11.23
13.0 11.4
13.0 11.535
13.0 11.06
13.0 11.21
13.0 11.035
13.0 11.245
13.0 11.605
13.0 11.18
13.0 11.54
13.0 11.41
13.0 11.35
13.0 11.28
13.0 11.355
13.0 11.34
13.0 11.8
13.0 10.93
13.0 11.52
13.0 11.095
13.0 10.65
13.0 11.08
13.0 11.15
13.0 11.085
13.0 11.075
13.0 11.26
13.0 11.58
13.0 11.425
13.0 10.85
13.0 11.4
50
10.5 3.615
10.5 7.505
12.5 8.605
12.5 9.115
13.0 9.735
13.0 9.94
13.5 10.455
13.5 10.38
13.5 11.01
13.5 11.37
13.5 11.47
13.5 11.69
13.5 11.785
13.5 11.62
13.5 11.8
13.5 11.64
13.5 11.61
13.5 11.71
13.5 11.585
13.5 11.595
13.5 11.71
13.5 11.685
13.5 11.585
13.5 11.685
13.5 11.77
13.5 11.835
13.5 11.735
13.5 11.615
13.5 11.675
13.5 11.625
13.5 11.625
13.5 11.93
13.5 12.11
13.5 11.62
13.5 11.865
13.5 11.975
13.5 11.795
13.5 11.665
13.5 11.615
13.5 11.955
13.5 11.875
13.5 12.045
13.5 11.58
13.5 12.005
13.5 11.875
13.5 11.815
13.5 11.895
13.5 12.17
13.5 11.97
13.5 11.63
50
10.5 2.4
11.0 7.22
11.5 8.65
12.0 9.1
13.0 9.505
13.0 9.935
13.0 10.405
13.0 10.44
13.0 10.915
13.0 10.68
13.0 10.765
13.0 10.855
13.0 10.59
13.0 10.835
13.0 11.135
13.0 11.08
13.0 10.61
13.0 11.17
13.0 11.305
13.0 11.1
13.0 11.575
13.0 11.34
13.0 10.84
13.0 11.18
13.0 11.355
13.0 11.21
13.0 11.67
13.0 11.295
13.0 11.3
13.0 11.35
13.0 11.18
13.0 11.515
13.0 11.005
13.0 11.59
13.0 11.29
13.0 11.505
13.0 10.78
13.0 10.935
13.0 11.125
13.0 11.13
13.0 11.155
13.0 11.18
13.0 11.59
13.0 11.345
13.0 11.365
13.0 11.275
13.0 11.02
13.0 11.17
13.0 10.835
13.0 11.225
50
12.0 2.995
12.0 7.625
12.0 8.89
13.0 9.2
13.0 10.11
13.0 10.335
13.0 10.77
13.0 10.89
13.0 10.81
13.0 10.96
13.0 11.325
13.0 11.385
13.0 11.205
13.0 11.315
13.0 11.295
13.0 11.405
13.0 11.45
13.0 11.545
13.0 10.985
13.0 11.565
13.0 11.335
13.0 11.275
13.0 11.42
13.0 11.42
13.0 11.335
13.0 11.255
13.0 11.545
13.0 11.35
13.0 11.71
13.0 11.725
13.0 11.255
13.0 11.105
13.0 11.31
13.0 11.355
13.0 11.235
13.0 11.515
13.0 11.52
13.0 10.875
13.0 11.285
13.0 11.32
13.0 11.705
13.5 11.295
13.5 11.465
13.5 11.31
13.5 11.09
13.5 11.435
13.5 11.49
13.5 11.165
13.5 11.51
13.5 11.545
50
11.0 4.005
11.0 7.695
11.5 8.535
11.5 9.0
13.0 9.785
13.0 9.855
13.0 10.49
13.0 11.27
13.0 11.425
13.0 11.12
13.0 11.37
13.0 11.605
13.0 11.225
13.0 11.485
13.0 11.55
13.0 11.3
13.0 11.35
13.0 11.545
13.0 11.23
13.0 11.325
13.0 11.165
13.0 11.2
13.0 11.435
13.0 11.425
13.0 11.445
13.0 11.435
13.0 11.78
13.0 11.075
13.0 11.33
13.0 11.26
13.0 11.07
13.0 11.28
13.0 11.315
13.0 11.375
13.0 11.55
13.0 11.325
13.0 11.13
13.0 11.445
13.0 11.385
13.0 11.425
13.0 11.265
13.0 11.355
13.0 11.405
13.0 11.16
13.0 11.275
13.0 11.15
13.0 11.545
13.0 11.345
13.0 11.555
13.0 11.705
50
10.5 4.02
11.0 7.605
12.0 8.61
12.5 9.165
13.0 9.545
13.0 10.12
13.0 10.725
13.0 11.04
13.0 11.125
13.0 11.085
13.0 10.84
13.0 11.315
13.0 11.025
13.0 11.205
13.0 11.43
13.0 11.66
13.0 11.145
13.0 11.32
13.0 11.39
13.0 11.645
13.0 11.325
13.0 11.185
13.0 11.52
13.0 11.495
13.0 11.54
13.0 11.755
13.0 11.35
13.0 11.625
13.0 11.815
13.0 11.67
13.0 11.525
13.0 11.325
13.0 11.485
13.0 11.59
13.0 11.59
13.0 11.3
13.0 11.445
13.0 11.59
13.0 11.56
13.0 11.435
13.0 11.535
13.0 11.09
13.0 11.61
13.0 11.3
13.0 11.55
13.0 11.325
13.0 11.475
13.0 11.815
13.0 11.365
13.0 11.665
50
10.0 4.975
12.0 7.585
12.5 8.675
12.5 9.3
12.5 9.87
13.0 10.38
13.0 10.63
13.0 11.175
13.0 11.125
13.0 11.37
13.0 11.415
13.0 11.485
13.0 11.525
13.0 11.485
13.0 11.545
13.0 11.595
13.0 11.34
13.0 11.51
13.0 11.26
13.0 11.275
13.0 11.63
13.0 11.53
13.0 11.52
13.0 11.645
13.0 11.31
13.0 11.645
13.0 11.64
13.0 11.295
13.0 11.405
13.0 11.525
13.0 11.605
13.0 11.49
13.0 11.35
13.0 11.44
13.0 11.73
13.0 11.29
13.0 11.4
13.0 10.9
13.0 11.02
13.0 11.26
13.0 11.195
13.0 11.055
13.0 11.315
13.0 11.565
13.0 11.495
13.0 11.49
13.0 11.41
13.0 11.48
13.0 11.61
13.0 11.405

Individual: [1, 2, 4, 5, 13, 14, 16, 17, 19, 20]
   Fitness: 13.0
     Total: 10
Violations: 2 2

Individual: [1, 2, 3, 6, 7, 8, 16, 17, 19, 20]
   Fitness: 13.0
     Total: 10
Violations: 2 2

Individual: [1, 2, 4, 5, 7, 14, 15, 17, 18, 20]
   Fitness: 13.0
     Total: 10
Violations: 2 2

Individual: [1, 2, 4, 5, 10, 12, 13, 17, 18, 20]
   Fitness: 13.0
     Total: 10
Violations: 2 2

Individual: [1, 2, 6, 7, 9, 14, 15, 18, 20]
   Fitness: 13.5
     Total: 9
Violations: 0 0

Individual: [1, 2, 4, 8, 10, 11, 13, 17, 19, 20]
   Fitness: 13.0
     Total: 10
Violations: 2 2

Individual: [1, 2, 6, 7, 9, 14, 15, 18, 20]
   Fitness: 13.5
     Total: 9
Violations: 0 0

Individual: [1, 3, 4, 6, 7, 14, 15, 16, 19, 20]
   Fitness: 13.0
     Total: 10
Violations: 2 2

Individual: [1, 2, 5, 6, 7, 14, 15, 18, 19, 20]
   Fitness: 13.0
     Total: 10
Violations: 2 2

Individual: [1, 2, 5, 6, 7, 14, 15, 18, 19, 20]
   Fitness: 13.0
     Total: 10
Violations: 2 2
