10
500
10.5 3.8
11.0 8.155
11.5 9.645
12.5 10.41
13.0 10.97
13.0 11.615
13.0 12.325
13.0 12.895
13.0 12.85
13.0 12.775
13.0 12.855
13.0 12.93
13.0 12.75
13.0 12.89
13.0 12.795
13.0 12.77
13.0 12.8
13.0 12.835
13.0 12.83
13.0 12.96
13.0 12.82
13.0 12.855
13.0 12.885
13.0 12.875
13.0 12.875
13.0 12.83
13.0 12.91
13.0 12.86
13.0 12.93
13.0 12.76
13.0 12.855
13.0 12.755
13.0 12.895
13.0 12.845
13.0 12.73
13.0 12.82
13.0 12.68
13.0 12.88
13.0 12.805
13.0 12.9
13.0 12.89
13.0 12.895
13.0 12.81
13.0 12.935
13.0 12.75
13.0 12.875
13.0 12.96
13.0 12.86
13.0 12.915
13.0 12.895
13.0 12.98
13.0 12.825
13.0 12.895
13.0 12.955
13.0 12.92
13.0 12.83
13.0 12.795
13.0 12.88
13.0 12.73
13.0 12.88
13.0 12.765
13.0 12.805
13.0 12.815
13.0 12.81
13.0 12.925
13.0 12.685
13.0 12.82
13.0 12.85
13.0 12.785
13.0 12.815
13.0 12.745
13.0 12.92
13.0 12.705
13.0 12.785
13.0 12.85
13.0 12.85
13.0 12.85
13.0 12.905
13.0 12.895
13.0 12.865
13.0 12.83
13.0 12.865
13.0 12.82
13.0 12.775
13.0 12.82
13.0 12.79
13.0 12.81
13.0 12.79
13.0 12.87
13.0 12.895
13.0 12.83
13.0 12.74
13.0 12.785
13.0 12.915
13.0 12.845
13.0 12.895
13.0 12.82
13.0 12.86
13.0 12.79
13.0 12.985
13.0 12.8
13.0 12.81
13.0 12.9
13.0 12.935
13.0 12.925
13.0 12.785
13.0 12.81
13.0 12.81
13.0 12.995
13.0 12.95
13.0 12.925
13.0 12.955
13.0 12.89
13.0 12.925
13.0 12.79
13.0 12.885
13.0 12.945
13.0 12.8
13.0 12.925
13.0 12.885
13.0 12.78
13.0 12.84
13.0 12.845
13.0 12.945
13.0 12.86
13.0 12.8
13.0 12.91
13.0 12.81
13.0 12.9
13.0 12.96
13.0 12.96
13.0 12.825
13.0 12.935
13.0 12.875
13.0 12.76
13.0 12.955
13.0 12.99
13.0 12.905
13.0 12.87
13.0 12.915
13.0 12.97
13.0 12.8
13.0 12.935
13.0 12.915
13.0 12.79
13.0 12.875
13.0 12.905
13.0 12.8
13.0 12.87
13.0 12.93
13.0 12.925
13.0 12.885
13.0 12.92
13.0 12.905
13.0 12.79
13.0 12.775
13.0 12.92
13.0 12.875
13.0 12.89
13.0 12.94
13.0 12.935
13.0 12.855
13.0 12.87
13.0 12.715
13.0 12.895
13.0 12.905
13.0 12.865
13.0 12.975
13.0 12.79
13.0 12.955
13.0 12.825
13.0 12.94
13.0 12.94
13.0 12.905
13.0 12.975
13.0 12.855
13.0 12.99
13.0 12.855
13.0 12.885
13.0 12.885
13.0 12.875
13.0 12.88
13.0 12.94
13.0 12.925
13.0 12.975
13.0 12.73
13.0 12.87
13.0 12.905
13.0 12.865
13.0 12.9
13.0 12.98
13.0 12.85
13.0 12.905
13.0 12.89
13.0 12.84
13.0 12.895
13.0 12.935
13.0 12.93
13.0 12.795
13.0 12.85
13.0 12.99
13.0 12.79
13.0 12.965
13.0 12.855
13.0 12.925
13.0 12.87
13.0 12.885
13.0 12.89
13.0 12.85
13.0 12.97
13.0 12.785
13.0 12.915
13.0 12.74
13.0 12.705
13.0 12.755
13.0 12.94
13.0 12.855
13.0 12.865
13.0 12.525
13.0 12.85
13.0 12.92
13.0 12.855
13.0 12.87
13.0 12.885
13.0 12.97
13.0 12.75
13.0 12.77
13.0 12.92
13.0 12.89
13.0 12.975
13.0 12.905
13.0 12.94
13.0 12.845
13.0 12.845
13.0 12.835
13.0 12.795
13.0 12.94
13.0 12.91
13.0 12.79
13.0 12.81
13.0 12.79
13.0 12.88
13.0 12.86
13.0 12.82
13.0 12.96
13.0 12.74
13.0 12.805
13.0 12.88
13.0 12.895
13.0 12.97
13.0 12.925
13.0 12.925
13.0 12.87
13.0 12.91
13.0 12.765
13.0 12.895
13.0 12.935
13.0 12.87
13.0 12.92
13.0 12.895
13.0 12.905
13.0 12.965
13.0 12.95
13.0 12.835
13.0 12.955
13.0 12.77
13.0 12.75
13.0 12.85
13.0 12.975
13.0 12.865
13.0 12.875
13.0 12.805
13.0 12.92
13.0 12.85
13.0 12.77
13.0 12.82
13.0 12.885
13.0 12.97
13.0 12.92
13.0 12.81
13.0 12.81
13.0 12.965
13.0 12.905
13.0 12.965
13.0 12.76
13.0 12.95
13.0 12.835
13.0 12.83
13.0 12.94
13.0 12.87
13.0 12.87
13.0 12.86
13.0 12.85
13.0 12.82
13.0 12.855
13.0 12.875
13.0 12.985
13.0 12.7
13.0 12.96
13.0 12.94
13.0 12.91
13.0 12.82
13.0 12.875
13.0 12.94
13.0 12.87
13.0 12.965
13.0 12.875
13.0 12.845
13.0 12.965
13.0 12.945
13.0 12.94
13.0 12.825
13.0 12.71
13.0 12.795
13.0 12.905
13.0 12.87
13.0 12.865
13.0 12.775
13.0 12.79
13.0 12.825
13.0 12.88
13.0 12.95
13.0 12.895
13.0 12.94
13.0 12.965
13.0 12.845
13.0 12.885
13.0 12.875
13.0 12.98
13.0 12.8
13.0 12.87
13.0 12.825
13.0 12.93
13.0 12.765
13.0 12.795
13.0 12.9
13.0 12.875
13.0 12.965
13.0 12.895
13.0 12.84
13.0 12.84
13.0 12.835
13.0 12.935
13.0 12.8
13.0 12.76
13.0 12.82
13.0 12.9
13.0 12.875
13.0 12.92
13.0 12.835
13.0 12.825
13.0 12.85
13.0 12.915
13.0 12.905
13.0 12.835
13.0 12.915
13.0 12.81
13.0 12.955
13.0 12.855
13.0 12.83
13.0 12.8
13.0 12.885
13.0 12.905
13.0 12.855
13.0 12.735
13.0 12.855
13.0 12.89
13.0 12.91
13.0 12.83
13.0 12.705
13.0 12.99
13.0 12.895
13.0 12.845
13.0 12.815
13.0 12.78
13.0 12.875
13.0 12.92
13.0 12.885
13.0 12.865
13.0 12.905
13.0 12.945
13.0 12.835
13.0 12.87
13.0 12.86
13.0 12.815
13.0 12.755
13.0 12.92
13.0 12.84
13.0 12.705
13.0 12.935
13.0 12.87
13.0 12.885
13.0 12.82
13.0 12.86
13.0 12.97
13.0 12.94
13.0 12.8
13.0 12.855
13.0 12.75
13.0 12.94
13.0 12.84
13.0 12.9
13.0 12.745
13.0 12.895
13.0 12.93
13.0 12.735
13.0 12.935
13.0 12.755
13.0 12.755
13.0 12.71
13.0 12.915
13.0 12.94
13.0 12.985
13.0 12.93
13.0 12.965
13.0 12.84
13.0 12.74
13.0 12.815
13.0 12.965
13.0 12.81
13.0 12.86
13.0 12.835
13.0 12.885
13.0 12.67
13.0 12.92
13.0 12.91
13.0 12.79
13.0 12.88
13.0 12.88
13.0 12.885
13.0 12.95
13.0 12.83
13.0 12.865
13.0 12.855
13.0 12.915
13.0 12.77
13.0 12.965
13.0 12.855
13.0 12.905
13.0 12.865
13.0 12.74
13.0 12.83
13.0 12.94
13.0 12.765
13.0 12.66
13.0 12.87
13.0 12.75
13.0 12.795
13.0 12.9
13.0 12.615
13.0 12.86
13.0 12.89
13.0 12.895
13.0 12.865
13.0 12.925
13.0 12.865
13.0 12.84
13.0 12.925
13.0 12.925
13.0 12.785
13.0 12.975
13.0 12.795
13.0 12.815
13.0 12.855
13.0 12.79
13.0 12.835
13.0 12.67
13.0 12.915
13.0 12.67
13.0 12.68
13.0 12.76
13.0 12.97
13.0 12.85
13.0 12.92
13.0 12.92
13.0 12.815
13.0 12.76
13.0 12.925
13.0 12.86
13.0 12.8
13.0 12.835
13.0 12.905
13.0 12.835
13.0 12.86
13.0 12.72
13.0 12.755
13.0 12.825
13.0 12.67
13.0 12.925
13.0 12.84
13.0 12.795
13.0 13.0
13.0 12.86
13.0 12.82
13.0 12.93
13.0 12.93
13.0 12.8
13.0 12.79
13.0 12.835
13.0 12.885
500
10.5 4.31
10.5 8.575
12.5 9.53
13.0 10.145
13.0 10.96
13.0 11.945
13.0 12.485
13.0 12.875
13.0 12.88
13.0 12.945
13.0 12.9
13.0 12.86
13.0 12.915
13.0 12.935
13.0 12.885
13.0 12.89
13.0 12.98
13.0 12.85
13.0 12.855
13.0 12.95
13.0 12.905
13.0 12.98
13.0 12.92
13.0 12.845
13.0 12.875
13.0 12.875
13.0 12.85
13.0 12.905
13.0 12.9
13.0 12.855
13.0 12.825
13.0 12.855
13.0 12.865
13.0 12.91
13.0 12.88
13.0 12.93
13.0 12.935
13.0 12.865
13.0 12.86
13.0 12.89
13.0 12.935
13.0 12.965
13.0 12.84
13.0 12.89
13.0 12.935
13.0 12.85
13.0 12.96
13.0 13.0
13.0 12.965
13.0 12.925
13.0 12.935
13.0 12.89
13.0 12.825
13.0 12.87
13.0 12.85
13.0 12.985
13.0 12.97
13.0 12.885
13.0 12.96
13.0 12.815
13.0 12.9
13.0 12.975
13.0 12.815
13.0 12.92
13.0 12.785
13.0 12.84
13.0 12.915
13.0 12.92
13.0 12.915
13.0 12.99
13.0 12.865
13.0 12.895
13.0 12.87
13.0 12.87
13.0 12.925
13.0 12.96
13.0 12.965
13.0 12.915
13.0 12.96
13.0 12.85
13.0 12.97
13.0 12.855
13.0 12.98
13.0 12.85
13.0 12.735
13.0 12.845
13.0 12.88
13.0 12.86
13.0 12.81
13.0 12.885
13.0 12.945
13.0 12.875
13.0 12.9
13.0 12.98
13.0 12.97
13.0 12.945
13.0 12.84
13.0 12.96
13.0 12.955
13.0 12.86
13.0 12.975
13.0 12.915
13.0 12.915
13.0 12.86
13.0 12.99
13.0 12.89
13.0 12.825
13.0 12.96
13.0 12.935
13.0 12.895
13.0 12.83
13.0 12.96
13.0 12.94
13.0 12.95
13.0 12.87
13.0 12.91
13.0 12.855
13.0 12.935
13.0 12.9
13.0 12.95
13.0 12.95
13.0 12.845
13.0 12.91
13.0 12.855
13.0 12.915
13.0 12.865
13.0 12.955
13.0 12.935
13.0 12.915
13.0 12.93
13.0 12.855
13.0 12.825
13.0 12.87
13.0 12.88
13.0 12.875
13.0 12.69
13.0 12.91
13.0 12.94
13.0 12.99
13.0 12.835
13.0 12.84
13.0 12.97
13.0 12.915
13.0 12.98
13.0 12.965
13.0 12.97
13.0 12.91
13.0 12.895
13.0 12.9
13.0 12.895
13.0 12.96
13.0 12.99
13.0 12.86
13.0 12.88
13.0 12.875
13.0 12.97
13.0 12.925
13.0 12.885
13.0 12.81
13.0 12.91
13.0 12.905
13.0 12.945
13.0 12.95
13.0 12.9
13.0 12.89
13.0 12.945
13.0 12.895
13.0 12.935
13.0 12.81
13.0 12.885
13.0 12.915
13.0 12.935
13.0 12.865
13.0 12.97
13.0 12.88
13.0 12.935
13.0 12.835
13.0 12.895
13.0 12.775
13.0 12.875
13.0 12.925
13.0 12.975
13.0 12.895
13.0 12.81
13.0 12.78
13.0 12.885
13.0 12.88
13.0 12.85
13.0 12.93
13.0 12.855
13.0 12.83
13.0 12.82
13.0 12.885
13.0 12.95
13.0 12.975
13.0 12.905
13.0 12.7
13.0 12.895
13.0 12.815
13.0 12.92
13.0 12.845
13.0 12.84
13.0 12.81
13.0 12.94
13.0 12.92
13.0 12.96
13.0 12.93
13.0 12.885
13.0 12.935
13.0 12.95
13.0 12.9
13.0 13.0
13.0 12.9
13.0 12.92
13.0 12.89
13.0 12.885
13.0 12.88
13.0 12.92
13.0 12.9
13.0 12.94
13.0 12.925
13.0 12.85
13.0 12.905
13.0 12.98
13.0 12.935
13.0 12.925
13.0 13.0
13.0 12.875
13.0 12.815
13.0 12.88
13.0 12.905
13.0 12.92
13.0 12.845
13.0 12.805
13.0 12.975
13.0 12.96
13.0 12.94
13.0 12.965
13.0 12.835
13.0 12.92
13.0 12.93
13.0 12.895
13.0 12.91
13.0 12.86
13.0 12.88
13.0 12.925
13.0 12.875
13.0 12.975
13.0 12.92
13.0 12.875
13.0 12.92
13.0 12.945
13.0 12.97
13.0 12.82
13.0 12.935
13.0 12.98
13.0 12.87
13.0 12.925
13.0 12.92
13.0 12.985
13.0 12.975
13.0 12.905
13.0 12.955
13.0 12.955
13.0 12.88
13.0 12.9
13.0 12.945
13.0 12.93
13.0 12.895
13.0 12.935
13.0 12.91
13.0 12.97
13.0 12.885
13.0 12.88
13.0 12.92
13.0 12.91
13.0 12.96
13.0 12.94
13.0 12.92
13.0 12.84
13.0 12.875
13.0 12.925
13.0 12.815
13.0 12.81
13.0 12.95
13.0 12.845
13.0 12.995
13.0 12.955
13.0 12.945
13.0 12.905
13.0 12.81
13.0 12.86
13.0 12.84
13.0 12.93
13.0 12.955
13.0 12.885
13.0 12.925
13.0 12.935
13.0 12.995
13.0 12.87
13.0 12.81
13.0 12.91
13.0 12.79
13.0 12.915
13.0 12.91
13.0 12.855
13.0 12.91
13.0 12.925
13.0 12.885
13.0 12.96
13.0 12.975
13.0 12.955
13.0 12.875
13.0 12.885
13.0 12.8
13.0 12.855
13.0 12.92
13.0 12.865
13.0 12.845
13.0 12.855
13.0 12.865
13.0 12.855
13.0 12.8
13.0 12.875
13.0 12.775
13.0 12.775
13.0 13.0
13.0 12.865
13.0 12.89
13.0 12.905
13.0 12.81
13.0 12.915
13.0 12.895
13.0 12.935
13.0 12.925
13.0 12.91
13.0 12.92
13.0 12.87
13.0 12.98
13.0 12.985
13.0 12.875
13.0 12.92
13.0 12.915
13.0 12.87
13.0 12.92
13.0 12.96
13.0 12.9
13.0 12.965
13.0 12.835
13.0 12.98
13.0 12.92
13.0 12.98
13.0 12.88
13.0 12.915
13.0 12.95
13.0 12.82
13.0 12.9
13.0 12.92
13.0 12.91
13.0 12.92
13.0 12.89
13.0 12.94
13.0 12.84
13.0 12.9
13.0 12.84
13.0 12.955
13.0 12.915
13.0 12.95
13.0 12.925
13.0 12.9
13.0 12.92
13.0 12.885
13.0 12.845
13.0 12.93
13.0 12.87
13.0 12.91
13.0 12.895
13.0 12.99
13.0 12.855
13.0 12.93
13.0 12.935
13.0 12.905
13.0 12.82
13.0 12.815
13.0 12.895
13.0 12.98
13.0 12.795
13.0 12.935
13.0 12.895
13.0 12.885
13.0 12.945
13.0 12.9
13.0 12.875
13.0 12.875
13.0 12.87
13.0 12.945
13.0 12.795
13.0 12.86
13.0 12.815
13.0 12.955
13.0 12.8
13.0 12.815
13.0 12.785
13.0 12.895
13.0 13.0
13.0 12.905
13.0 12.855
13.0 12.855
13.0 12.755
13.0 12.88
13.0 12.98
13.0 12.935
13.0 12.97
13.0 12.785
13.0 12.97
13.0 12.95
13.0 12.925
13.0 12.855
13.0 12.965
13.0 12.91
13.0 12.835
13.0 12.88
13.0 12.955
13.0 12.905
13.0 12.96
13.0 12.96
13.0 12.87
13.0 12.86
13.0 12.76
13.0 12.845
13.0 12.815
13.0 12.835
13.0 12.845
13.0 12.85
13.0 12.925
13.0 12.855
13.0 12.845
13.0 12.87
13.0 12.905
13.0 12.93
13.0 12.91
13.0 12.955
13.0 12.845
13.0 12.81
13.0 12.95
13.0 12.865
13.0 12.8
13.0 12.775
13.0 12.915
13.5 12.835
13.5 12.865
13.5 12.945
13.5 12.99
13.5 13.41
13.5 13.41
13.5 13.365
13.5 13.41
13.5 13.335
13.5 13.305
13.5 13.5
13.5 13.415
13.5 13.315
13.5 13.425
13.5 13.3
13.5 13.405
13.5 13.325
13.5 13.415
13.5 13.39
13.5 13.49
13.5 13.47
13.5 13.345
13.5 13.395
13.5 13.43
13.5 13.4
13.5 13.445
13.5 13.395
13.5 13.325
13.5 13.345
13.5 13.385
13.5 13.41
13.5 13.415
13.5 13.34
13.5 13.32
13.5 13.455
13.5 13.44
13.5 13.37
13.5 13.495
13.5 13.4
13.5 13.46
13.5 13.4
13.5 13.34
13.5 13.455
13.5 13.46
13.5 13.495
13.5 13.38
13.5 13.445
13.5 13.42
13.5 13.485
13.5 13.47
13.5 13.405
500
11.0 4.24
12.0 8.585
12.0 9.995
12.5 10.985
12.5 11.5
13.0 12.065
13.0 12.265
13.0 12.245
13.0 12.76
13.0 12.84
13.0 12.805
13.0 12.865
13.0 12.875
13.0 12.94
13.0 12.965
13.0 12.88
13.0 12.805
13.0 12.915
13.0 12.945
13.0 12.9
13.0 12.93
13.0 12.85
13.0 12.88
13.0 12.91
13.0 12.925
13.0 12.96
13.0 12.97
13.0 12.855
13.0 12.9
13.0 12.95
13.0 12.925
13.0 12.92
13.0 12.92
13.0 12.91
13.0 12.79
13.0 12.805
13.0 12.875
13.0 12.96
13.0 12.85
13.0 12.865
13.0 12.81
13.0 12.785
13.0 12.92
13.0 12.85
13.0 12.76
13.0 12.945
13.0 12.71
13.0 12.73
13.0 12.89
13.0 12.9
13.0 12.875
13.0 12.845
13.0 12.9
13.0 12.885
13.0 12.925
13.0 12.945
13.0 12.85
13.0 12.9
13.0 12.915
13.0 12.92
13.0 12.89
13.0 12.795
13.0 12.81
13.0 12.97
13.0 12.96
13.0 12.965
13.0 12.895
13.0 12.855
13.0 12.97
13.0 12.96
13.0 12.84
13.0 12.92
13.0 12.955
13.0 12.8
13.0 12.94
13.0 12.875
13.0 12.9
13.0 12.895
13.0 12.92
13.0 12.955
13.0 12.895
13.0 12.99
13.0 12.92
13.0 12.925
13.0 12.975
13.0 12.94
13.0 12.83
13.0 12.92
13.0 12.93
13.0 12.95
13.0 12.89
13.0 12.915
13.0 12.88
13.0 12.84
13.0 12.87
13.0 12.92
13.0 12.955
13.0 12.78
13.0 12.98
13.0 12.84
13.0 12.94
13.0 12.995
13.0 12.93
13.0 12.955
13.0 12.965
13.0 12.98
13.0 12.965
13.0 12.84
13.0 12.94
13.0 12.73
13.0 12.875
13.0 12.9
13.0 12.9
13.0 12.98
13.0 12.815
13.0 12.94
13.0 12.855
13.0 12.875
13.0 12.835
13.0 12.935
13.0 12.825
13.0 12.9
13.0 12.735
13.0 12.86
13.0 12.845
13.0 12.81
13.0 12.935
13.0 12.925
13.0 12.9
13.0 12.895
13.0 12.975
13.0 12.955
13.0 12.935
13.0 12.825
13.0 12.96
13.0 12.88
13.0 12.925
13.0 12.97
13.0 12.99
13.0 12.86
13.0 12.925
13.0 12.985
13.0 12.89
13.0 12.905
13.0 12.92
13.0 12.87
13.0 12.965
13.0 12.955
13.0 12.795
13.0 12.85
13.0 12.78
13.0 12.9
13.0 12.97
13.0 12.775
13.0 12.955
13.0 12.855
13.0 12.81
13.0 12.92
13.0 12.935
13.0 12.93
13.0 12.83
13.0 12.975
13.0 12.99
13.0 12.975
13.0 12.91
13.0 12.925
13.0 12.975
13.0 12.885
13.0 12.97
13.0 12.92
13.0 12.855
13.0 12.96
13.0 12.97
13.0 12.905
13.0 12.895
13.0 12.82
13.0 12.845
13.0 12.9
13.0 12.935
13.0 12.9
13.0 13.0
13.0 12.98
13.0 12.945
13.0 12.91
13.0 12.93
13.0 12.905
13.0 12.935
13.0 12.925
13.0 12.87
13.0 12.925
13.0 12.92
13.0 12.985
13.0 12.98
13.0 12.93
13.0 12.865
13.0 12.965
13.0 12.975
13.0 12.845
13.0 12.975
13.0 12.87
13.0 12.835
13.0 12.94
13.0 12.96
13.0 12.835
13.0 12.99
13.0 12.99
13.0 12.835
13.0 12.88
13.0 12.935
13.0 12.795
13.0 12.995
13.0 12.96
13.0 12.84
13.0 12.88
13.0 12.8
13.0 13.0
13.0 12.74
13.0 12.95
13.0 12.83
13.0 12.855
13.0 12.93
13.0 12.975
13.0 12.94
13.0 12.86
13.0 12.905
13.0 12.91
13.0 12.95
13.0 12.77
13.0 12.93
13.0 12.97
13.0 12.93
13.0 12.815
13.0 12.84
13.0 12.86
13.0 12.865
13.0 13.0
13.0 12.9
13.0 12.91
13.0 12.865
13.0 12.985
13.0 12.865
13.0 12.765
13.0 12.88
13.0 12.99
13.0 12.84
13.0 12.975
13.0 12.955
13.0 12.97
13.0 12.775
13.0 12.905
13.0 12.99
13.0 12.88
13.0 12.94
13.0 12.905
13.0 12.87
13.0 12.93
13.0 12.89
13.0 12.88
13.0 12.895
13.0 12.915
13.0 12.965
13.0 12.975
13.0 12.915
13.0 12.83
13.0 12.91
13.0 12.91
13.0 12.935
13.0 12.92
13.0 12.915
13.0 12.93
13.0 12.975
13.0 12.875
13.0 12.905
13.0 12.795
13.0 12.99
13.0 12.885
13.0 12.925
13.0 12.96
13.0 12.935
13.0 12.835
13.0 12.965
13.0 12.91
13.0 12.995
13.0 12.98
13.0 12.8
13.0 12.93
13.0 12.91
13.0 12.9
13.0 12.885
13.0 12.96
13.0 12.91
13.0 12.95
13.0 12.875
13.0 12.9
13.0 12.925
13.0 12.92
13.0 12.79
13.0 12.94
13.0 12.9
13.0 12.935
13.0 12.895
13.0 12.945
13.0 12.945
13.0 12.88
13.0 12.895
13.0 12.875
13.0 12.915
13.0 12.89
13.0 12.84
13.0 12.95
13.0 12.955
13.0 12.935
13.0 12.965
13.0 12.885
13.0 12.735
13.0 12.78
13.0 12.92
13.0 12.9
13.0 12.93
13.0 12.95
13.0 12.955
13.0 12.865
13.0 12.91
13.0 12.98
13.0 12.86
13.0 12.885
13.0 12.8
13.0 12.92
13.0 12.865
13.0 12.97
13.0 12.98
13.0 12.93
13.0 12.895
13.0 12.905
13.0 12.915
13.0 12.77
13.0 12.9
13.0 12.945
13.0 12.87
13.0 12.845
13.0 12.92
13.0 12.91
13.0 12.995
13.0 12.885
13.0 12.78
13.0 12.92
13.0 12.985
13.0 12.88
13.0 12.975
13.0 12.89
13.0 12.89
13.0 12.835
13.0 12.935
13.0 12.905
13.0 12.95
13.0 12.81
13.0 12.96
13.0 12.915
13.0 12.875
13.0 12.945
13.0 12.875
13.0 12.77
13.0 12.96
13.0 12.825
13.0 12.91
13.0 12.98
13.0 12.97
13.0 12.845
13.0 12.895
13.0 12.875
13.0 12.87
13.0 12.93
13.0 12.885
13.0 12.86
13.0 12.87
13.0 12.965
13.0 12.915
13.0 12.91
13.0 12.935
13.0 12.925
13.0 12.815
13.0 12.925
13.0 12.975
13.0 12.92
13.0 12.945
13.0 12.955
13.0 12.95
13.0 12.895
13.0 12.91
13.0 12.865
13.0 12.82
13.0 12.89
13.0 12.97
13.0 12.96
13.0 12.89
13.0 12.94
13.0 12.86
13.0 12.92
13.0 12.905
13.0 12.97
13.0 12.855
13.0 12.99
13.0 12.98
13.0 12.94
13.0 12.955
13.0 12.895
13.0 12.915
13.0 12.9
13.0 12.96
13.0 12.96
13.0 12.84
13.0 12.945
13.0 12.785
13.0 12.83
13.0 12.82
13.0 12.905
13.0 12.88
13.0 12.86
13.0 12.915
13.0 12.86
13.0 12.865
13.0 12.885
13.0 12.96
13.0 12.87
13.0 12.91
13.0 12.9
13.0 12.96
13.0 12.985
13.0 12.94
13.0 12.845
13.0 12.84
13.0 12.87
13.0 12.88
13.0 12.73
13.0 12.82
13.0 12.88
13.0 12.905
13.0 12.95
13.0 12.835
13.0 12.855
13.0 12.92
13.0 13.0
13.0 12.97
13.0 12.86
13.0 12.865
13.0 12.92
13.0 12.92
13.0 12.925
13.0 12.92
13.0 12.85
13.0 12.965
13.0 12.95
13.0 12.97
13.0 12.84
13.0 12.935
13.0 12.945
13.0 12.91
13.0 12.875
13.0 12.82
13.0 12.93
13.0 12.835
13.0 12.935
13.0 12.97
13.0 12.905
13.0 12.89
13.0 12.985
13.0 12.96
13.0 12.94
13.0 12.92
13.0 12.85
13.0 12.875
13.0 12.925
13.0 12.74
13.0 12.905
13.0 12.9
13.0 12.92
13.0 12.875
13.0 12.975
13.0 12.99
13.0 12.845
13.0 12.845
13.0 12.915
13.0 12.88
13.0 12.79
13.0 12.985
13.0 12.955
13.0 12.87
13.0 12.91
13.0 12.93
13.0 12.86
13.0 12.91
13.0 12.91
13.0 12.895
13.0 12.835
13.0 12.96
13.0 12.935
13.0 12.8
13.0 12.94
13.0 12.84
13.0 12.965
500
10.5 3.55
11.5 8.375
12.5 9.77
12.5 10.245
12.5 10.97
12.5 11.24
12.5 10.925
12.5 10.815
12.5 11.98
12.5 12.335
12.5 12.345
12.5 12.38
12.5 12.31
12.5 12.49
12.5 12.365
12.5 12.44
12.5 12.425
12.5 12.365
12.5 12.38
12.5 12.425
12.5 12.41
12.5 12.31
12.5 12.4
12.5 12.465
12.5 12.42
12.5 12.415
12.5 12.445
12.5 12.445
12.5 12.44
12.5 12.355
12.5 12.46
12.5 12.35
12.5 12.45
12.5 12.43
12.5 12.41
12.5 12.495
12.5 12.44
12.5 12.465
12.5 12.43
12.5 12.45
12.5 12.35
12.5 12.42
12.5 12.425
12.5 12.405
12.5 12.485
12.5 12.45
12.5 12.455
12.5 12.49
12.5 12.48
12.5 12.445
12.5 12.375
12.5 12.38
12.5 12.475
12.5 12.415
12.5 12.355
12.5 12.315
12.5 12.405
12.5 12.49
12.5 12.41
12.5 12.31
12.5 12.305
12.5 12.415
12.5 12.48
12.5 12.47
12.5 12.42
12.5 12.41
12.5 12.45
12.5 12.47
12.5 12.37
12.5 12.49
12.5 12.43
12.5 12.38
12.5 12.405
12.5 12.49
12.5 12.315
12.5 12.285
12.5 12.48
12.5 12.415
12.5 12.435
12.5 12.375
12.5 12.5
12.5 12.465
12.5 12.48
12.5 12.415
12.5 12.425
12.5 12.47
12.5 12.395
12.5 12.485
12.5 12.345
12.5 12.485
12.5 12.465
12.5 12.4
12.5 12.405
12.5 12.375
12.5 12.41
12.5 12.35
12.5 12.41
12.5 12.49
12.5 12.425
12.5 12.4
12.5 12.42
12.5 12.445
12.5 12.48
12.5 12.46
12.5 12.44
12.5 12.45
12.5 12.43
12.5 12.465
12.5 12.395
12.5 12.44
12.5 12.365
12.5 12.37
12.5 12.415
12.5 12.395
12.5 12.425
12.5 12.33
12.5 12.305
12.5 12.435
12.5 12.4
12.5 12.41
12.5 12.395
12.5 12.43
12.5 12.395
12.5 12.435
12.5 12.37
12.5 12.41
12.5 12.34
12.5 12.465
12.5 12.42
12.5 12.475
12.5 12.4
12.5 12.5
12.5 12.36
12.5 12.41
12.5 12.375
12.5 12.445
12.5 12.32
12.5 12.425
12.5 12.265
12.5 12.38
12.5 12.345
12.5 12.49
12.5 12.345
12.5 12.46
12.5 12.365
12.5 12.47
12.5 12.335
12.5 12.4
12.5 12.305
12.5 12.455
12.5 12.49
12.5 12.455
12.5 12.355
12.5 12.33
12.5 12.34
12.5 12.335
12.5 12.495
12.5 12.28
12.5 12.425
12.5 12.485
12.5 12.42
12.5 12.42
12.5 12.415
12.5 12.47
12.5 12.485
12.5 12.485
12.5 12.31
12.5 12.445
12.5 12.375
12.5 12.385
12.5 12.365
12.5 12.35
12.5 12.455
12.5 12.42
12.5 12.465
12.5 12.43
12.5 12.45
12.5 12.415
12.5 12.385
12.5 12.43
12.5 12.325
12.5 12.34
12.5 12.49
12.5 12.435
12.5 12.395
12.5 12.375
12.5 12.39
12.5 12.47
12.5 12.43
12.5 12.455
12.5 12.405
12.5 12.33
12.5 12.32
12.5 12.35
12.5 12.47
12.5 12.34
12.5 12.4
12.5 12.365
12.5 12.465
12.5 12.445
12.5 12.375
12.5 12.44
12.5 12.4
12.5 12.4
12.5 12.32
12.5 12.425
12.5 12.35
12.5 12.43
12.5 12.46
12.5 12.385
12.5 12.435
12.5 12.42
12.5 12.465
12.5 12.43
12.5 12.38
12.5 12.32
12.5 12.375
12.5 12.475
12.5 12.38
12.5 12.5
12.5 12.35
12.5 12.36
12.5 12.485
12.5 12.395
12.5 12.44
12.5 12.365
12.5 12.405
12.5 12.38
12.5 12.345
12.5 12.315
12.5 12.425
12.5 12.425
12.5 12.365
12.5 12.475
12.5 12.415
12.5 12.465
12.5 12.465
12.5 12.415
12.5 12.395
12.5 12.37
12.5 12.39
12.5 12.445
12.5 12.465
12.5 12.495
12.5 12.245
12.5 12.465
12.5 12.445
12.5 12.43
12.5 12.43
12.5 12.44
12.5 12.24
12.5 12.4
12.5 12.385
12.5 12.36
12.5 12.33
12.5 12.49
12.5 12.25
12.5 12.47
12.5 12.405
12.5 12.445
12.5 12.375
12.5 12.485
12.5 12.32
12.5 12.415
12.5 12.305
12.5 12.385
12.5 12.345
12.5 12.49
12.5 12.45
12.5 12.435
12.5 12.36
12.5 12.355
12.5 12.345
12.5 12.365
12.5 12.42
12.5 12.415
12.5 12.48
12.5 12.42
12.5 12.36
12.5 12.41
12.5 12.41
12.5 12.43
12.5 12.34
12.5 12.5
12.5 12.45
12.5 12.425
12.5 12.4
12.5 12.4
12.5 12.385
12.5 12.435
12.5 12.41
12.5 12.395
12.5 12.44
12.5 12.485
12.5 12.39
12.5 12.28
12.5 12.435
12.5 12.39
12.5 12.42
12.5 12.45
12.5 12.435
12.5 12.375
12.5 12.225
12.5 12.425
12.5 12.325
12.5 12.445
12.5 12.375
12.5 12.46
12.5 12.435
12.5 12.44
12.5 12.4
12.5 12.39
12.5 12.38
12.5 12.425
12.5 12.34
12.5 12.48
12.5 12.375
12.5 12.28
12.5 12.41
12.5 12.475
12.5 12.46
12.5 12.39
12.5 12.275
12.5 12.395
12.5 12.37
12.5 12.435
12.5 12.43
12.5 12.475
12.5 12.38
12.5 12.45
12.5 12.405
12.5 12.47
12.5 12.335
12.5 12.425
12.5 12.425
12.5 12.48
12.5 12.405
12.5 12.35
12.5 12.3
12.5 12.45
12.5 12.275
12.5 12.45
12.5 12.49
12.5 12.38
12.5 12.475
12.5 12.48
12.5 12.46
12.5 12.4
12.5 12.37
12.5 12.395
12.5 12.455
12.5 12.42
12.5 12.455
12.5 12.435
12.5 12.45
12.5 12.355
12.5 12.355
12.5 12.41
12.5 12.29
12.5 12.485
12.5 12.415
12.5 12.315
12.5 12.48
12.5 12.375
12.5 12.405
12.5 12.29
12.5 12.415
12.5 12.495
12.5 12.33
12.5 12.425
12.5 12.485
12.5 12.32
12.5 12.435
12.5 12.28
12.5 12.455
12.5 12.385
12.5 12.315
12.5 12.38
12.5 12.38
12.5 12.36
12.5 12.38
12.5 12.325
12.5 12.42
12.5 12.39
12.5 12.315
12.5 12.41
12.5 12.42
12.5 12.465
12.5 12.425
12.5 12.38
12.5 12.38
12.5 12.45
12.5 12.46
12.5 12.345
12.5 12.475
12.5 12.425
12.5 12.46
12.5 12.465
12.5 12.385
12.5 12.37
12.5 12.465
12.5 12.44
12.5 12.465
12.5 12.445
12.5 12.38
12.5 12.375
12.5 12.48
12.5 12.47
12.5 12.435
12.5 12.32
12.5 12.43
12.5 12.435
12.5 12.405
12.5 12.475
12.5 12.38
12.5 12.435
12.5 12.5
12.5 12.365
12.5 12.335
12.5 12.39
12.5 12.425
12.5 12.405
12.5 12.35
12.5 12.3
12.5 12.44
12.5 12.48
12.5 12.415
12.5 12.395
12.5 12.44
12.5 12.305
12.5 12.42
12.5 12.425
12.5 12.41
12.5 12.295
12.5 12.445
12.5 12.46
12.5 12.38
12.5 12.435
12.5 12.41
12.5 12.33
12.5 12.41
12.5 12.485
12.5 12.435
12.5 12.36
12.5 12.34
12.5 12.36
12.5 12.445
12.5 12.425
12.5 12.355
12.5 12.41
12.5 12.38
12.5 12.425
12.5 12.32
12.5 12.475
12.5 12.425
12.5 12.49
12.5 12.38
12.5 12.35
12.5 12.28
12.5 12.415
12.5 12.3
12.5 12.425
12.5 12.465
12.5 12.38
12.5 12.46
12.5 12.485
12.5 12.415
12.5 12.365
12.5 12.425
12.5 12.335
12.5 12.34
12.5 12.42
12.5 12.365
12.5 12.34
12.5 12.33
12.5 12.4
12.5 12.455
12.5 12.39
12.5 12.405
12.5 12.41
12.5 12.415
12.5 12.425
12.5 12.415
12.5 12.455
12.5 12.415
12.5 12.48
12.5 12.425
12.5 12.38
12.5 12.405
12.5 12.365
12.5 12.285
12.5 12.33
12.5 12.31
12.5 12.365
12.5 12.425
12.5 12.355
12.5 12.435
12.5 12.315
12.5 12.39
12.5 12.42
500
10.0 4.065
10.0 7.995
11.0 9.11
12.5 9.775
12.5 10.565
13.0 11.005
13.0 11.785
13.0 12.535
13.0 12.835
13.0 12.905
13.0 12.855
13.0 12.865
13.0 12.735
13.0 12.915
13.0 12.85
13.0 12.91
13.0 12.95
13.0 12.89
13.0 12.935
13.0 12.94
13.0 12.98
13.0 12.77
13.0 12.97
13.0 12.915
13.0 12.855
13.0 12.955
13.0 12.935
13.0 12.85
13.0 12.95
13.0 12.935
13.0 12.885
13.0 12.84
13.0 12.975
13.0 12.84
13.0 12.975
13.0 12.86
13.0 12.95
13.0 12.895
13.0 12.9
13.0 12.87
13.0 12.78
13.0 12.91
13.0 12.795
13.0 12.88
13.0 12.845
13.0 12.785
13.0 12.96
13.0 12.875
13.0 12.925
13.0 12.965
13.0 12.905
13.0 12.9
13.0 12.955
13.0 12.83
13.0 12.845
13.0 12.9
13.0 12.87
13.0 12.915
13.0 12.85
13.0 12.905
13.0 12.96
13.0 12.9
13.0 12.935
13.0 12.855
13.0 12.83
13.0 12.84
13.0 12.935
13.0 12.815
13.0 12.9
13.0 12.955
13.0 12.825
13.0 12.85
13.0 12.875
13.0 12.895
13.0 12.92
13.0 12.79
13.0 12.94
13.0 12.885
13.0 12.875
13.0 12.875
13.0 12.915
13.0 12.91
13.0 12.885
13.0 12.98
13.0 12.955
13.0 12.93
13.0 12.89
13.0 12.875
13.0 12.925
13.0 12.975
13.0 12.85
13.0 12.835
13.0 12.895
13.0 12.76
13.0 12.965
13.0 12.955
13.0 12.925
13.0 12.815
13.0 12.915
13.0 12.87
13.0 12.96
13.0 12.95
13.0 12.945
13.0 12.975
13.0 12.825
13.0 12.855
13.0 12.94
13.0 12.825
13.0 12.915
13.0 12.82
13.0 12.975
13.0 12.87
13.0 12.955
13.0 12.89
13.0 12.945
13.0 12.935
13.0 12.9
13.0 12.86
13.0 12.93
13.0 12.83
13.0 12.87
13.0 12.845
13.0 12.895
13.0 12.9
13.0 12.74
13.0 12.895
13.0 12.86
13.0 12.955
13.0 12.88
13.0 12.8
13.0 12.885
13.0 12.86
13.0 12.685
13.0 12.84
13.0 12.84
13.0 12.85
13.0 12.865
13.0 12.935
13.0 12.905
13.0 12.975
13.0 12.83
13.0 12.925
13.0 12.94
13.0 12.97
13.0 12.885
13.0 12.925
13.0 12.925
13.0 12.86
13.0 12.85
13.0 12.93
13.0 12.93
13.0 12.84
13.0 12.935
13.0 12.91
13.0 12.81
13.0 12.815
13.0 12.855
13.0 12.935
13.0 12.81
13.0 12.935
13.0 12.92
13.0 12.805
13.0 12.835
13.0 12.895
13.0 12.895
13.0 12.89
13.0 12.92
13.0 12.77
13.0 12.905
13.0 12.985
13.0 12.92
13.0 12.86
13.0 12.94
13.0 12.82
13.0 12.93
13.0 12.82
13.0 12.875
13.0 12.88
13.0 12.875
13.0 12.91
13.0 12.83
13.0 12.945
13.0 12.97
13.0 12.93
13.0 12.85
13.0 12.92
13.0 12.815
13.0 12.865
13.0 12.905
13.0 12.915
13.0 12.985
13.0 12.84
13.0 12.905
13.0 12.92
13.0 12.845
13.0 12.96
13.0 12.845
13.0 12.855
13.0 12.85
13.0 12.83
13.0 12.96
13.0 12.875
13.0 12.88
13.0 12.88
13.0 12.97
13.0 12.93
13.0 12.905
13.0 12.835
13.0 12.855
13.0 12.965
13.0 12.94
13.0 12.795
13.0 12.83
13.0 12.9
13.0 12.87
13.0 12.9
13.0 12.755
13.0 12.89
13.0 12.875
13.0 12.89
13.0 12.96
13.0 12.995
13.0 12.885
13.0 12.925
13.0 12.895
13.0 12.94
13.0 12.885
13.0 12.86
13.0 12.9
13.0 12.79
13.0 12.83
13.0 12.905
13.0 12.905
13.0 12.805
13.0 12.92
13.0 12.845
13.0 12.965
13.0 12.88
13.0 12.925
13.0 12.93
13.0 12.91
13.0 12.89
13.0 12.915
13.0 12.925
13.0 12.88
13.0 12.845
13.0 12.855
13.0 12.85
13.0 12.9
13.0 12.905
13.0 12.89
13.0 12.885
13.0 12.925
13.0 12.97
13.0 12.93
13.0 12.935
13.0 12.965
13.0 12.93
13.0 12.795
13.0 12.785
13.0 12.875
13.0 12.96
13.0 12.915
13.0 12.89
13.0 12.9
13.0 12.89
13.0 12.97
13.0 12.9
13.0 12.885
13.0 12.895
13.0 12.925
13.0 12.84
13.0 12.865
13.0 12.96
13.0 12.91
13.0 12.795
13.0 12.84
13.0 12.915
13.0 12.87
13.0 12.92
13.0 12.955
13.0 12.95
13.0 12.835
13.0 12.905
13.0 12.96
13.0 12.915
13.0 12.87
13.0 12.86
13.0 12.775
13.0 12.905
13.0 12.795
13.0 12.795
13.0 12.975
13.0 12.805
13.0 12.9
13.0 12.88
13.0 12.915
13.0 12.885
13.0 12.835
13.0 12.85
13.0 12.925
13.0 12.965
13.0 12.945
13.0 12.88
13.0 12.875
13.0 12.915
13.0 12.935
13.0 12.985
13.0 12.97
13.0 12.825
13.0 12.835
13.0 12.98
13.0 12.91
13.0 12.825
13.0 12.815
13.0 12.985
13.0 12.935
13.0 12.875
13.0 12.875
13.0 12.95
13.0 12.93
13.0 12.985
13.0 12.935
13.0 12.925
13.0 12.865
13.0 12.805
13.0 12.925
13.0 12.925
13.0 12.945
13.0 12.9
13.0 12.89
13.0 12.87
13.0 12.89
13.0 12.89
13.0 12.98
13.0 12.93
13.0 12.77
13.0 12.93
13.0 12.83
13.0 12.84
13.0 12.885
13.0 12.875
13.0 12.98
13.0 12.925
13.0 12.81
13.0 12.955
13.0 12.915
13.0 12.83
13.0 12.865
13.0 12.85
13.0 12.785
13.0 12.91
13.0 12.91
13.0 12.865
13.0 12.87
13.0 12.935
13.0 12.95
13.0 12.805
13.0 12.935
13.0 12.8
13.0 12.885
13.0 12.96
13.0 12.94
13.0 12.835
13.0 12.93
13.0 12.835
13.0 12.815
13.0 12.975
13.0 12.905
13.0 12.87
13.0 12.89
13.0 12.82
13.0 12.875
13.0 12.845
13.0 12.92
13.0 12.91
13.0 12.88
13.0 12.94
13.0 12.925
13.0 12.905
13.0 12.935
13.0 12.845
13.0 12.815
13.0 12.885
13.0 12.825
13.0 12.795
13.0 12.92
13.0 12.93
13.0 12.89
13.0 12.84
13.0 12.725
13.0 12.925
13.0 12.865
13.0 12.82
13.0 12.9
13.0 12.91
13.0 12.785
13.0 12.885
13.0 12.9
13.0 12.92
13.0 12.885
13.0 12.675
13.0 12.905
13.0 12.9
13.0 12.835
13.0 12.815
13.0 12.82
13.0 12.87
13.0 12.845
13.0 12.955
13.0 12.93
13.0 12.985
13.0 12.845
13.0 12.9
13.0 12.96
13.0 12.86
13.0 12.985
13.0 12.88
13.0 12.845
13.0 12.795
13.0 12.945
13.0 12.815
13.0 12.83
13.0 12.885
13.0 12.955
13.0 12.845
13.0 12.845
13.0 12.845
13.0 12.86
13.0 12.945
13.0 12.965
13.0 12.78
13.0 12.85
13.0 12.97
13.0 12.995
13.0 12.885
13.0 12.89
13.0 12.875
13.0 12.92
13.0 12.955
13.0 12.91
13.0 12.995
13.0 12.84
13.0 12.95
13.0 12.85
13.0 12.885
13.0 12.855
13.0 12.85
13.0 12.905
13.0 12.985
13.0 12.79
13.0 12.96
13.0 12.865
13.0 12.95
13.0 12.92
13.0 12.88
13.0 12.925
13.0 12.87
13.0 12.86
13.0 12.91
13.0 12.875
13.0 12.835
13.0 12.945
13.0 12.915
13.0 12.7
13.0 12.94
13.0 12.915
13.0 12.96
13.0 12.875
13.0 12.9
13.0 12.945
13.0 12.935
13.0 12.855
13.0 12.95
13.0 12.835
13.0 12.89
13.0 12.98
13.0 12.955
13.0 12.9
13.0 12.81
13.0 12.955
13.0 12.745
13.0 12.865
13.0 12.895
13.0 12.87
13.0 12.83
13.0 12.79
13.0 12.935
13.0 12.905
13.0 12.775
13.0 12.925
13.0 12.955
13.0 12.865
13.0 12.88
13.0 12.79
13.0 12.92
13.0 12.85
13.0 12.8
13.0 12.91
13.0 12.92
500
10.0 4.03
12.0 8.48
12.5 9.595
12.5 10.65
12.5 11.42
13.0 12.035
13.0 12.345
13.0 12.455
13.0 12.735
13.0 12.78
13.0 12.895
13.0 12.8
13.0 12.72
13.0 12.735
13.0 12.79
13.0 12.725
13.0 12.76
13.0 12.8
13.0 12.8
13.0 12.865
13.0 12.765
13.0 12.78
13.0 12.755
13.0 12.75
13.0 12.785
13.0 12.695
13.0 12.87
13.0 12.73
13.0 12.845
13.0 12.715
13.0 12.745
13.0 12.865
13.0 12.77
13.0 12.82
13.0 12.74
13.0 12.89
13.0 12.65
13.0 12.71
13.0 12.655
13.0 12.735
13.0 12.675
13.0 12.65
13.0 12.79
13.0 12.84
13.0 12.77
13.0 12.86
13.0 12.81
13.0 12.765
13.0 12.765
13.0 12.845
13.0 12.83
13.0 12.9
13.0 12.79
13.0 12.84
13.0 12.88
13.0 12.72
13.0 12.94
13.0 12.78
13.0 12.81
13.0 12.705
13.0 12.765
13.0 12.855
13.0 12.755
13.0 12.71
13.0 12.72
13.0 12.925
13.0 12.84
13.0 12.835
13.0 12.79
13.0 12.87
13.0 12.85
13.0 12.775
13.0 12.885
13.0 12.82
13.0 12.76
13.0 12.815
13.0 12.685
13.0 12.665
13.0 12.765
13.0 12.745
13.0 12.76
13.0 12.98
13.0 12.77
13.0 12.83
13.0 12.935
13.0 12.745
13.0 12.865
13.0 12.785
13.0 12.685
13.0 12.715
13.0 12.805
13.0 12.885
13.0 12.875
13.0 12.715
13.0 12.755
13.0 12.725
13.0 12.835
13.0 12.675
13.0 12.78
13.0 12.845
13.0 12.855
13.0 12.88
13.0 12.725
13.0 12.705
13.0 12.825
13.0 12.83
13.0 12.67
13.0 12.85
13.0 12.915
13.0 12.76
13.0 12.805
13.0 12.92
13.0 12.84
13.0 12.85
13.0 12.76
13.0 12.86
13.0 12.84
13.0 12.84
13.0 12.845
13.0 12.86
13.0 12.835
13.0 12.865
13.0 12.835
13.0 12.96
13.0 12.88
13.0 12.83
13.0 12.895
13.0 12.76
13.0 12.865
13.0 12.875
13.0 12.76
13.0 12.845
13.0 12.86
13.0 12.79
13.0 12.965
13.0 12.9
13.0 12.84
13.0 12.775
13.0 12.835
13.0 12.735
13.0 12.86
13.0 12.965
13.0 12.87
13.0 12.8
13.0 12.8
13.0 12.875
13.0 12.835
13.0 12.625
13.0 12.925
13.0 12.705
13.0 12.835
13.0 12.73
13.0 12.835
13.0 12.775
13.0 12.79
13.0 12.825
13.0 12.72
13.0 12.8
13.0 12.86
13.0 12.84
13.0 12.78
13.0 12.835
13.0 12.855
13.0 12.785
13.0 12.835
13.0 12.92
13.0 12.745
13.0 12.895
13.0 12.84
13.0 12.76
13.0 12.775
13.0 12.935
13.0 12.87
13.0 12.89
13.0 12.845
13.0 12.83
13.0 12.955
13.0 12.895
13.0 12.88
13.0 12.82
13.0 12.81
13.0 12.795
13.0 12.97
13.0 12.905
13.0 12.77
13.0 12.72
13.0 12.86
13.0 12.755
13.0 12.8
13.0 12.855
13.0 12.925
13.0 12.8
13.0 12.825
13.0 12.915
13.0 12.965
13.0 12.83
13.0 12.795
13.0 12.875
13.0 12.765
13.0 12.79
13.0 12.915
13.0 12.88
13.0 12.895
13.0 12.81
13.0 12.805
13.0 12.88
13.0 12.755
13.0 12.825
13.0 12.885
13.0 12.79
13.0 12.865
13.0 12.99
13.0 12.915
13.0 12.905
13.0 12.755
13.0 12.895
13.0 12.82
13.0 12.695
13.0 12.745
13.0 12.755
13.0 12.84
13.0 12.915
13.0 12.895
13.0 12.615
13.0 12.915
13.0 12.93
13.0 12.88
13.0 12.695
13.0 12.81
13.0 12.83
13.0 12.88
13.0 12.87
13.0 12.795
13.0 12.845
13.0 12.835
13.0 12.7
13.0 12.705
13.0 12.775
13.0 12.86
13.0 12.8
13.0 12.725
13.0 12.835
13.0 12.8
13.0 12.83
13.0 12.875
13.0 12.775
13.0 12.83
13.0 12.875
13.0 12.85
13.0 12.86
13.0 12.93
13.0 12.64
13.0 12.805
13.0 12.845
13.0 12.73
13.0 12.815
13.0 12.85
13.0 12.925
13.0 12.825
13.0 12.77
13.0 12.875
13.0 12.8
13.0 12.745
13.0 12.76
13.0 12.83
13.0 12.825
13.0 12.75
13.0 12.835
13.0 12.775
13.0 12.9
13.0 12.805
13.0 12.795
13.0 12.86
13.0 12.82
13.0 12.805
13.0 12.78
13.0 12.785
13.0 12.71
13.0 12.82
13.0 12.74
13.0 12.84
13.0 12.74
13.0 12.86
13.0 12.87
13.0 12.755
13.0 12.805
13.0 12.875
13.0 12.735
13.0 12.765
13.0 12.79
13.0 12.705
13.0 12.775
13.0 12.435
13.0 12.81
13.0 12.89
13.0 12.74
13.0 12.865
13.0 12.79
13.0 12.855
13.0 12.885
13.0 12.855
13.0 12.92
13.0 12.865
13.0 12.8
13.0 12.86
13.0 12.79
13.0 12.82
13.0 12.865
13.0 12.705
13.0 12.73
13.0 12.69
13.0 12.87
13.0 12.85
13.0 12.87
13.0 12.765
13.0 12.825
13.0 12.845
13.0 12.845
13.0 12.725
13.0 12.725
13.0 12.795
13.0 12.75
13.0 12.775
13.0 12.9
13.0 12.79
13.0 12.8
13.0 12.765
13.0 12.785
13.0 12.73
13.0 12.93
13.0 12.77
13.0 12.815
13.0 12.775
13.0 12.785
13.0 12.815
13.0 12.59
13.0 12.735
13.0 12.82
13.0 12.775
13.0 12.92
13.0 12.82
13.0 12.865
13.0 12.855
13.0 12.85
13.0 12.94
13.0 12.85
13.0 12.78
13.0 12.755
13.0 12.775
13.0 12.765
13.0 12.905
13.0 12.84
13.0 12.835
13.0 12.93
13.0 12.9
13.0 12.86
13.0 12.83
13.0 12.845
13.0 12.81
13.0 12.825
13.0 12.77
13.0 12.89
13.0 12.915
13.0 12.945
13.0 12.98
13.0 12.835
13.0 12.88
13.0 12.815
13.0 12.695
13.0 12.83
13.0 12.78
13.0 12.885
13.0 12.81
13.0 12.77
13.0 12.69
13.0 12.73
13.0 12.69
13.0 12.735
13.0 12.805
13.0 12.835
13.0 12.74
13.0 12.895
13.0 12.835
13.0 12.82
13.0 12.825
13.0 12.76
13.0 12.78
13.0 12.84
13.0 12.925
13.0 12.885
13.0 12.87
13.0 12.83
13.0 12.83
13.0 12.875
13.0 12.785
13.0 12.715
13.0 12.68
13.0 12.73
13.0 12.815
13.0 12.845
13.0 12.85
13.0 12.765
13.0 12.8
13.0 12.755
13.0 12.69
13.0 12.675
13.0 12.92
13.0 12.84
13.0 12.805
13.0 12.835
13.0 12.58
13.0 12.87
13.0 12.795
13.0 12.75
13.0 12.745
13.0 12.735
13.0 12.8
13.0 12.745
13.0 12.745
13.0 12.74
13.0 12.72
13.0 12.835
13.0 12.71
13.0 12.675
13.0 12.77
13.0 12.8
13.0 12.79
13.0 12.87
13.0 12.8
13.0 12.885
13.0 12.815
13.0 12.67
13.0 12.955
13.0 12.815
13.0 12.705
13.0 12.755
13.0 12.835
13.0 12.91
13.0 12.94
13.0 12.865
13.0 12.975
13.0 12.875
13.0 12.79
13.0 12.92
13.0 12.77
13.0 12.885
13.0 12.815
13.0 12.745
13.0 12.915
13.0 12.67
13.0 12.805
13.0 12.835
13.0 12.785
13.0 12.805
13.0 12.6
13.0 12.965
13.0 12.875
13.0 12.905
13.0 12.575
13.0 12.925
13.0 12.775
13.0 12.8
13.0 12.83
13.0 12.81
13.0 12.91
13.0 12.795
13.0 12.87
13.0 12.78
13.0 12.945
13.0 12.73
13.0 12.815
13.0 12.835
13.0 12.88
13.0 12.87
13.0 12.735
13.0 12.755
13.0 12.795
13.0 12.72
13.0 12.83
13.0 12.665
13.0 12.855
13.0 12.685
13.0 12.855
13.0 12.74
13.0 12.735
13.0 12.705
13.0 12.785
13.0 12.73
13.0 12.85
13.0 12.705
13.0 12.74
13.0 12.875
13.0 12.875
13.0 12.91
13.0 12.735
13.0 12.75
13.0 12.8
13.0 12.76
13.0 12.84
13.0 12.81
500
10.5 4.445
11.5 8.67
12.5 9.74
12.5 10.155
12.5 10.67
12.5 11.495
12.5 12.05
12.5 12.105
12.5 12.28
12.5 12.365
12.5 12.44
12.5 12.435
12.5 12.315
12.5 12.37
12.5 12.45
12.5 12.405
12.5 12.39
12.5 12.455
12.5 12.425
12.5 12.385
12.5 12.5
12.5 12.445
12.5 12.405
12.5 12.385
12.5 12.5
12.5 12.33
12.5 12.47
12.5 12.465
12.5 12.38
12.5 12.39
12.5 12.485
12.5 12.395
12.5 12.275
12.5 12.34
12.5 12.405
12.5 12.435
12.5 12.46
12.5 12.215
12.5 12.47
12.5 12.465
12.5 12.48
12.5 12.31
12.5 12.355
12.5 12.42
12.5 12.435
12.5 12.225
12.5 12.38
12.5 12.4
12.5 12.365
12.5 12.46
12.5 12.36
12.5 12.465
12.5 12.36
12.5 12.405
12.5 12.46
12.5 12.465
12.5 12.355
12.5 12.32
12.5 12.36
12.5 12.28
12.5 12.35
12.5 12.415
12.5 12.24
12.5 12.44
12.5 12.425
12.5 12.39
12.5 12.41
12.5 12.335
12.5 12.25
12.5 12.34
12.5 12.26
12.5 12.36
12.5 12.345
12.5 12.235
12.5 12.435
12.5 12.3
12.5 12.355
12.5 12.47
12.5 12.305
12.5 12.42
12.5 12.5
12.5 12.17
12.5 12.435
12.5 12.45
12.5 12.255
12.5 12.305
12.5 12.35
12.5 12.425
12.5 12.415
12.5 12.32
12.5 12.26
12.5 12.34
12.5 12.445
12.5 12.325
12.5 12.365
12.5 12.48
12.5 12.48
12.5 12.395
12.5 12.27
12.5 12.2
12.5 12.315
12.5 12.43
12.5 12.42
12.5 12.355
12.5 12.4
12.5 12.35
12.5 12.405
12.5 12.42
12.5 12.405
12.5 12.415
12.5 12.42
12.5 12.375
12.5 12.375
12.5 12.295
12.5 12.43
12.5 12.38
12.5 12.435
12.5 12.435
12.5 12.395
12.5 12.45
12.5 12.48
12.5 12.325
12.5 12.4
12.5 12.415
12.5 12.42
12.5 12.485
12.5 12.49
12.5 12.39
12.5 12.435
12.5 12.355
12.5 12.39
12.5 12.365
12.5 12.445
12.5 12.475
12.5 12.38
12.5 12.38
12.5 12.43
12.5 12.39
12.5 12.39
12.5 12.36
12.5 12.38
12.5 12.445
12.5 12.45
12.5 12.39
12.5 12.33
12.5 12.395
12.5 12.39
12.5 12.495
12.5 12.47
12.5 12.42
12.5 12.345
12.5 12.39
12.5 12.34
12.5 12.49
12.5 12.48
12.5 12.375
12.5 12.44
12.5 12.485
12.5 12.43
12.5 12.455
12.5 12.355
12.5 12.355
12.5 12.48
12.5 12.335
12.5 12.34
12.5 12.445
12.5 12.485
12.5 12.27
12.5 12.445
12.5 12.41
12.5 12.49
12.5 12.39
12.5 12.435
12.5 12.305
12.5 12.43
12.5 12.445
12.5 12.365
12.5 12.32
12.5 12.28
12.5 12.455
12.5 12.37
12.5 12.28
12.5 12.405
12.5 12.36
12.5 12.38
12.5 12.345
12.5 12.405
12.5 12.445
12.5 12.395
12.5 12.335
12.5 12.385
12.5 12.255
12.5 12.455
12.5 12.41
12.5 12.39
12.5 12.395
12.5 12.405
12.5 12.255
12.5 12.42
12.5 12.21
12.5 12.29
12.5 12.33
12.5 12.34
12.5 12.495
12.5 12.345
12.5 12.43
12.5 12.305
12.5 12.37
12.5 12.285
12.5 12.475
12.5 12.385
12.5 12.26
12.5 12.385
12.5 12.39
12.5 12.425
12.5 12.415
12.5 12.36
12.5 12.385
12.5 12.41
12.5 12.36
12.5 12.365
12.5 12.205
12.5 12.355
12.5 12.325
12.5 12.165
12.5 12.395
12.5 12.34
12.5 12.335
12.5 12.315
12.5 12.3
12.5 12.425
12.5 12.42
12.5 12.49
12.5 12.48
12.5 12.32
12.5 12.425
12.5 12.4
12.5 12.405
12.5 12.35
12.5 12.48
12.5 12.35
12.5 12.42
12.5 12.33
12.5 12.395
12.5 12.445
12.5 12.365
12.5 12.41
12.5 12.41
12.5 12.375
12.5 12.41
12.5 12.38
12.5 12.365
12.5 12.465
12.5 12.435
12.5 12.37
12.5 12.37
12.5 12.405
12.5 12.4
12.5 12.275
12.5 12.45
12.5 12.45
12.5 12.255
12.5 12.375
12.5 12.405
12.5 12.42
12.5 12.395
12.5 12.275
12.5 12.42
12.5 12.365
12.5 12.415
12.5 12.355
12.5 12.38
12.5 12.365
12.5 12.26
12.5 12.375
12.5 12.42
12.5 12.42
12.5 12.32
12.5 12.345
12.5 12.39
12.5 12.33
12.5 12.36
12.5 12.395
12.5 12.405
12.5 12.41
12.5 12.4
12.5 12.42
12.5 12.34
12.5 12.365
12.5 12.315
12.5 12.38
12.5 12.26
12.5 12.435
12.5 12.195
12.5 12.29
12.5 12.365
12.5 12.5
12.5 12.295
12.5 12.42
12.5 12.3
12.5 12.455
12.5 12.445
12.5 12.39
12.5 12.45
12.5 12.33
12.5 12.47
12.5 12.49
12.5 12.48
12.5 12.39
12.5 12.36
12.5 12.44
12.5 12.32
12.5 12.44
12.5 12.38
12.5 12.45
12.5 12.46
12.5 12.445
12.5 12.41
12.5 12.305
12.5 12.31
12.5 12.425
12.5 12.35
12.5 12.4
12.5 12.42
12.5 12.46
12.5 12.45
12.5 12.425
12.5 12.335
12.5 12.49
12.5 12.39
12.5 12.465
12.5 12.395
12.5 12.485
12.5 12.27
12.5 12.465
12.5 12.415
12.5 12.31
12.5 12.41
12.5 12.485
12.5 12.39
12.5 12.395
12.5 12.41
12.5 12.36
12.5 12.335
12.5 12.395
12.5 12.44
12.5 12.39
12.5 12.365
12.5 12.32
12.5 12.45
12.5 12.385
12.5 12.475
12.5 12.375
12.5 12.485
12.5 12.45
12.5 12.35
12.5 12.4
12.5 12.38
12.5 12.435
12.5 12.33
12.5 12.36
12.5 12.5
12.5 12.425
12.5 12.35
12.5 12.4
12.5 12.245
12.5 12.48
12.5 12.425
12.5 12.435
12.5 12.43
12.5 12.415
12.5 12.385
12.5 12.32
12.5 12.465
12.5 12.43
12.5 12.405
12.5 12.36
12.5 12.485
12.5 12.42
12.5 12.41
12.5 12.47
12.5 12.4
12.5 12.37
12.5 12.405
12.5 12.445
12.5 12.47
12.5 12.48
12.5 12.49
12.5 12.345
12.5 12.375
12.5 12.335
12.5 12.445
12.5 12.415
12.5 12.455
12.5 12.375
12.5 12.48
12.5 12.29
12.5 12.22
12.5 12.3
12.5 12.42
12.5 12.39
12.5 12.465
12.5 12.38
12.5 12.34
12.5 12.395
12.5 12.375
12.5 12.415
12.5 12.45
12.5 12.23
12.5 12.415
12.5 12.285
12.5 12.24
12.5 12.34
12.5 12.22
12.5 12.41
12.5 12.32
12.5 12.36
12.5 12.405
12.5 12.36
12.5 12.345
12.5 12.365
12.5 12.44
12.5 12.24
12.5 12.44
12.5 12.375
12.5 12.46
12.5 12.325
12.5 12.38
12.5 12.28
12.5 12.405
12.5 12.475
12.5 12.325
12.5 12.425
12.5 12.345
12.5 12.425
12.5 12.405
12.5 12.305
12.5 12.465
12.5 12.255
12.5 12.48
12.5 12.325
12.5 12.32
12.5 12.485
12.5 12.445
12.5 12.45
12.5 12.385
12.5 12.38
12.5 12.325
12.5 12.36
12.5 12.42
12.5 12.4
12.5 12.5
12.5 12.265
12.5 12.465
12.5 12.36
12.5 12.48
12.5 12.395
12.5 12.305
12.5 12.37
12.5 12.305
12.5 12.445
12.5 12.38
12.5 12.305
12.5 12.4
12.5 12.41
12.5 12.47
12.5 12.41
12.5 12.4
12.5 12.475
12.5 12.445
12.5 12.43
12.5 12.495
12.5 12.405
12.5 12.44
12.5 12.15
12.5 12.5
12.5 12.39
12.5 12.375
12.5 12.24
12.5 12.41
12.5 12.5
12.5 12.45
12.5 12.44
12.5 12.5
12.5 12.3
12.5 12.365
12.5 12.43
12.5 12.4
12.5 12.325
12.5 12.41
12.5 12.39
12.5 12.425
12.5 12.37
12.5 12.445
12.5 12.46
12.5 12.43
12.5 12.365
12.5 12.425
12.5 12.46
12.5 12.38
500
10.0 3.41
10.5 8.105
12.5 9.065
13.0 10.04
13.0 10.98
13.0 11.96
13.0 12.665
13.0 12.92
13.0 12.92
13.0 12.85
13.0 12.955
13.0 12.965
13.0 12.855
13.0 12.975
13.0 12.98
13.0 12.96
13.0 12.925
13.0 12.97
13.0 12.835
13.0 12.955
13.0 12.84
13.0 12.935
13.0 12.92
13.0 12.91
13.0 12.93
13.0 12.92
13.0 12.92
13.0 12.845
13.0 12.92
13.0 12.835
13.0 12.865
13.0 12.97
13.0 12.895
13.0 12.965
13.0 12.895
13.0 13.0
13.0 12.89
13.0 12.905
13.0 12.83
13.0 12.865
13.0 12.975
13.0 12.755
13.0 12.975
13.0 12.93
13.0 12.97
13.0 12.89
13.0 12.865
13.0 12.925
13.0 12.94
13.0 12.975
13.0 12.85
13.0 12.86
13.0 12.965
13.0 12.94
13.0 12.92
13.0 12.935
13.0 12.905
13.0 12.955
13.0 12.88
13.0 12.84
13.0 12.91
13.0 12.945
13.0 12.925
13.0 12.995
13.0 12.91
13.0 12.92
13.0 12.895
13.0 12.96
13.0 12.975
13.0 12.91
13.0 12.875
13.0 12.985
13.0 12.87
13.0 12.955
13.0 12.82
13.0 12.985
13.0 12.97
13.0 12.905
13.0 12.93
13.0 12.93
13.0 12.93
13.0 12.96
13.0 12.88
13.0 12.93
13.0 12.92
13.0 12.94
13.0 12.845
13.0 12.91
13.0 12.915
13.0 12.94
13.0 12.935
13.0 12.935
13.0 12.93
13.0 12.965
13.0 12.89
13.0 12.965
13.0 12.945
13.0 12.93
13.0 12.98
13.0 12.92
13.0 12.915
13.0 12.91
13.0 12.92
13.0 12.8
13.0 12.885
13.0 12.875
13.0 12.92
13.0 12.91
13.0 12.975
13.0 12.865
13.0 12.955
13.0 12.91
13.0 12.97
13.0 12.98
13.0 12.92
13.0 12.885
13.0 12.98
13.0 12.935
13.0 12.815
13.0 12.88
13.0 12.9
13.0 12.955
13.0 12.805
13.0 12.95
13.0 12.995
13.0 12.975
13.0 12.985
13.0 12.96
13.0 12.97
13.0 12.995
13.0 12.905
13.0 12.895
13.0 12.88
13.0 12.975
13.0 12.99
13.0 12.975
13.0 12.91
13.0 12.845
13.0 12.865
13.0 12.85
13.0 12.93
13.0 13.0
13.0 12.94
13.0 12.905
13.0 12.875
13.0 12.97
13.0 12.97
13.0 12.85
13.0 12.96
13.0 12.99
13.0 12.88
13.0 12.91
13.0 12.855
13.0 12.9
13.0 12.875
13.0 12.895
13.0 12.91
13.0 12.83
13.0 12.895
13.0 12.93
13.0 12.965
13.0 12.925
13.0 12.915
13.0 12.88
13.0 12.98
13.0 12.955
13.0 12.905
13.0 12.975
13.0 12.88
13.0 12.93
13.0 12.825
13.0 12.99
13.0 12.935
13.0 12.945
13.0 12.98
13.0 12.9
13.0 12.83
13.0 12.825
13.0 12.905
13.0 12.865
13.0 12.99
13.0 12.955
13.0 12.9
13.0 12.95
13.0 12.865
13.0 12.935
13.0 12.77
13.0 12.86
13.0 12.885
13.0 12.725
13.0 12.96
13.0 12.835
13.0 12.87
13.0 12.89
13.0 12.98
13.0 12.99
13.0 12.835
13.0 12.91
13.0 12.93
13.0 12.895
13.0 12.835
13.0 12.975
13.0 12.98
13.0 12.93
13.0 12.915
13.0 12.77
13.0 12.94
13.0 12.85
13.0 12.99
13.0 12.95
13.0 12.91
13.0 12.94
13.0 12.92
13.0 12.975
13.0 12.95
13.0 12.925
13.0 12.945
13.0 12.88
13.0 12.85
13.0 12.88
13.0 12.98
13.0 12.88
13.0 12.87
13.0 12.895
13.0 12.82
13.0 12.925
13.0 12.87
13.0 12.955
13.0 12.895
13.0 12.915
13.0 12.85
13.0 12.89
13.0 12.92
13.0 12.87
13.0 12.935
13.0 12.94
13.0 12.915
13.0 12.92
13.0 12.89
13.0 12.905
13.0 12.925
13.0 12.97
13.0 12.91
13.0 12.925
13.0 12.88
13.0 12.92
13.0 12.94
13.0 12.935
13.0 12.895
13.0 12.825
13.0 12.92
13.0 12.965
13.0 12.855
13.0 12.835
13.0 12.92
13.0 12.785
13.0 12.795
13.0 12.93
13.0 12.93
13.0 12.93
13.0 12.905
13.0 12.865
13.0 12.895
13.0 12.92
13.0 12.915
13.0 12.96
13.0 12.925
13.0 12.82
13.0 12.955
13.0 12.9
13.0 12.865
13.0 12.965
13.0 12.995
13.0 12.91
13.0 12.86
13.0 12.96
13.0 12.905
13.0 12.93
13.0 12.935
13.0 12.965
13.0 12.965
13.0 12.835
13.0 12.995
13.0 12.805
13.0 12.91
13.0 12.985
13.0 12.93
13.0 12.91
13.0 12.93
13.0 12.9
13.0 12.935
13.0 12.955
13.0 12.905
13.0 12.895
13.0 12.92
13.0 12.91
13.0 13.0
13.0 12.965
13.0 12.93
13.0 12.905
13.0 12.955
13.0 12.96
13.0 12.97
13.0 12.835
13.0 12.885
13.0 12.955
13.0 12.875
13.0 12.91
13.0 12.875
13.0 12.88
13.0 12.85
13.0 12.85
13.0 12.98
13.0 12.945
13.0 12.83
13.0 12.935
13.0 12.825
13.0 12.895
13.0 12.97
13.0 12.925
13.0 12.895
13.0 12.91
13.0 12.93
13.0 12.94
13.0 12.915
13.0 12.98
13.0 12.96
13.0 12.955
13.0 12.95
13.0 12.935
13.0 12.965
13.0 12.835
13.0 12.945
13.0 12.92
13.0 12.935
13.0 12.985
13.0 12.895
13.0 12.88
13.0 12.93
13.0 12.815
13.0 12.935
13.0 12.895
13.0 12.875
13.0 12.93
13.0 12.93
13.0 12.915
13.0 12.955
13.0 12.915
13.0 12.775
13.0 12.895
13.0 12.87
13.0 12.905
13.0 12.905
13.0 12.89
13.0 12.9
13.0 12.865
13.0 12.995
13.0 12.88
13.0 12.955
13.0 12.855
13.0 12.85
13.0 12.99
13.0 12.9
13.0 12.94
13.0 12.91
13.0 12.955
13.0 12.87
13.0 12.845
13.0 12.905
13.0 12.95
13.0 12.84
13.0 12.91
13.0 12.93
13.0 12.96
13.0 12.97
13.0 12.84
13.0 12.87
13.0 12.935
13.0 12.945
13.0 12.855
13.0 12.885
13.0 12.925
13.0 12.95
13.0 12.905
13.0 12.915
13.0 12.93
13.0 12.955
13.0 12.875
13.0 12.9
13.0 12.935
13.0 12.9
13.0 12.905
13.0 12.96
13.0 12.91
13.0 12.935
13.0 12.865
13.0 12.93
13.0 12.885
13.0 12.845
13.0 12.97
13.0 12.925
13.0 12.86
13.0 13.0
13.0 12.935
13.0 12.87
13.0 12.95
13.0 12.925
13.0 12.885
13.0 12.925
13.0 12.94
13.0 12.89
13.0 12.83
13.0 12.86
13.0 12.9
13.0 12.925
13.0 12.875
13.0 12.86
13.0 12.915
13.0 12.95
13.0 12.92
13.0 12.92
13.0 12.825
13.0 12.825
13.0 12.845
13.0 12.845
13.0 12.95
13.0 12.985
13.0 12.94
13.0 12.945
13.0 12.915
13.0 12.98
13.0 12.935
13.0 12.915
13.0 12.88
13.0 12.895
13.0 12.84
13.0 12.91
13.0 12.89
13.0 12.935
13.0 12.92
13.0 12.845
13.0 12.92
13.0 12.93
13.0 12.905
13.0 12.865
13.0 12.89
13.0 12.805
13.0 12.985
13.0 12.81
13.0 12.97
13.0 12.9
13.0 12.82
13.0 12.93
13.0 12.94
13.0 12.905
13.0 12.935
13.0 12.87
13.0 12.965
13.0 12.94
13.0 12.95
13.0 12.915
13.0 12.95
13.0 12.815
13.0 12.875
13.0 12.89
13.0 12.975
13.0 12.9
13.0 12.92
13.0 12.92
13.0 12.84
13.0 13.0
13.0 12.985
13.0 12.98
13.0 12.855
13.0 12.985
13.0 12.925
13.0 12.88
13.0 12.94
13.0 12.9
13.0 12.95
13.0 12.9
13.0 12.915
13.0 12.99
13.0 12.885
13.0 12.88
13.0 12.925
13.0 12.96
13.0 12.935
13.0 12.95
13.0 12.935
13.0 12.89
13.0 12.845
13.0 12.925
13.0 12.885
13.0 12.87
13.0 12.895
13.0 12.895
13.0 12.925
13.0 12.92
13.0 12.87
500
10.5 3.67
12.0 8.555
12.0 9.82
12.5 10.645
12.5 11.61
12.5 12.005
13.0 12.15
13.0 12.35
13.0 12.52
13.0 12.62
13.0 12.855
13.0 12.855
13.0 12.955
13.0 12.795
13.0 12.88
13.0 12.96
13.0 12.8
13.0 12.86
13.0 12.865
13.0 12.915
13.0 12.825
13.0 12.875
13.0 12.865
13.0 12.925
13.0 12.875
13.0 12.915
13.0 12.905
13.0 12.78
13.0 12.895
13.0 12.835
13.0 12.92
13.0 12.855
13.0 12.94
13.0 12.95
13.0 12.885
13.0 12.91
13.0 12.85
13.0 12.855
13.0 12.92
13.0 12.84
13.0 12.895
13.0 12.92
13.0 12.805
13.0 12.85
13.0 12.735
13.0 12.945
13.0 12.86
13.0 12.885
13.0 12.89
13.0 12.725
13.0 12.795
13.0 12.765
13.0 12.845
13.0 12.955
13.0 12.855
13.0 12.905
13.0 12.845
13.0 12.885
13.0 12.865
13.0 12.935
13.0 12.955
13.0 12.925
13.0 12.965
13.0 12.91
13.0 12.91
13.0 12.83
13.0 12.885
13.0 12.91
13.0 12.745
13.0 12.765
13.0 12.835
13.0 12.94
13.0 12.795
13.0 12.895
13.0 12.775
13.0 12.945
13.0 12.88
13.0 12.855
13.0 12.965
13.0 12.915
13.0 12.97
13.0 12.83
13.0 12.85
13.0 12.9
13.0 12.915
13.0 12.945
13.0 12.895
13.0 12.925
13.0 12.94
13.0 12.925
13.0 12.915
13.0 12.83
13.0 12.835
13.0 12.765
13.0 12.82
13.0 12.825
13.0 12.935
13.0 12.875
13.0 12.885
13.0 12.87
13.0 12.87
13.0 12.825
13.0 12.945
13.0 12.845
13.0 12.96
13.0 12.895
13.0 12.99
13.0 12.78
13.0 12.935
13.0 12.81
13.0 12.88
13.0 12.91
13.0 12.995
13.0 12.88
13.0 12.945
13.0 12.91
13.0 12.885
13.0 12.82
13.0 12.885
13.0 12.95
13.0 12.9
13.0 12.95
13.0 12.93
13.0 12.865
13.0 12.85
13.0 12.965
13.0 12.845
13.0 12.86
13.0 12.785
13.0 12.81
13.0 12.935
13.0 12.95
13.0 12.875
13.0 12.945
13.0 12.945
13.0 12.975
13.0 12.955
13.0 12.87
13.0 12.84
13.0 12.945
13.0 12.87
13.0 12.8
13.0 12.82
13.0 12.815
13.0 12.95
13.0 12.875
13.0 12.95
13.0 12.895
13.0 12.85
13.0 12.84
13.0 12.975
13.0 12.82
13.0 12.925
13.0 12.8
13.0 12.8
13.0 12.865
13.0 12.915
13.0 12.915
13.0 12.845
13.0 12.9
13.0 12.965
13.0 12.95
13.0 12.95
13.0 12.94
13.0 12.78
13.0 12.93
13.0 12.925
13.0 12.85
13.0 12.885
13.0 12.89
13.0 12.805
13.0 12.915
13.0 12.845
13.0 12.86
13.0 12.89
13.0 12.87
13.0 12.91
13.0 12.79
13.0 12.855
13.0 12.885
13.0 12.905
13.0 12.665
13.0 12.84
13.0 12.875
13.0 12.765
13.0 12.93
13.0 12.99
13.0 12.82
13.0 12.805
13.0 12.895
13.0 12.925
13.0 12.93
13.0 12.915
13.0 12.91
13.0 12.86
13.0 12.885
13.0 12.975
13.0 12.795
13.0 12.935
13.0 12.89
13.0 12.805
13.0 12.875
13.0 12.9
13.0 12.895
13.0 12.945
13.0 12.87
13.0 12.82
13.0 12.9
13.0 12.845
13.0 12.9
13.0 12.92
13.0 12.89
13.0 12.97
13.0 12.845
13.0 12.975
13.0 12.895
13.0 12.885
13.0 12.885
13.0 12.915
13.0 12.695
13.0 12.91
13.0 12.89
13.0 12.89
13.0 12.82
13.0 12.75
13.0 12.78
13.0 12.97
13.0 12.95
13.0 12.88
13.0 12.72
13.0 12.98
13.0 12.985
13.0 12.885
13.0 12.865
13.0 12.875
13.0 12.84
13.0 12.97
13.0 12.865
13.0 12.755
13.0 12.915
13.0 12.9
13.0 12.935
13.0 12.78
13.0 12.975
13.0 12.835
13.0 12.855
13.0 12.83
13.0 12.835
13.0 12.79
13.0 12.895
13.0 12.84
13.0 12.835
13.0 12.95
13.0 12.885
13.0 12.915
13.0 12.905
13.0 12.895
13.0 12.905
13.0 12.875
13.0 12.94
13.0 12.865
13.0 12.805
13.0 12.88
13.0 12.825
13.0 12.855
13.0 12.75
13.0 12.845
13.0 12.935
13.0 12.845
13.0 12.885
13.0 12.955
13.0 12.86
13.0 12.85
13.0 12.915
13.0 12.795
13.0 12.73
13.0 12.875
13.0 12.76
13.0 12.915
13.0 12.88
13.0 12.805
13.0 12.865
13.0 12.81
13.0 12.95
13.0 12.845
13.0 12.915
13.0 12.835
13.0 12.915
13.0 12.92
13.0 12.825
13.0 12.795
13.0 12.945
13.0 12.87
13.0 12.795
13.0 12.9
13.0 12.875
13.0 12.89
13.0 12.93
13.0 12.9
13.0 12.795
13.0 12.885
13.0 12.85
13.0 12.9
13.0 12.835
13.0 12.845
13.0 12.79
13.0 12.865
13.0 12.745
13.0 12.745
13.0 12.925
13.0 12.93
13.0 12.81
13.0 12.895
13.0 12.865
13.0 12.725
13.0 12.99
13.0 12.955
13.0 12.775
13.0 12.75
13.0 12.875
13.0 12.985
13.0 12.905
13.0 12.89
13.0 12.845
13.0 12.895
13.0 12.825
13.0 12.805
13.0 12.935
13.0 12.87
13.0 12.94
13.0 12.805
13.0 12.89
13.0 12.91
13.0 12.93
13.0 12.9
13.0 12.815
13.0 12.775
13.0 12.76
13.0 12.865
13.0 12.9
13.0 12.97
13.0 12.955
13.0 12.935
13.0 12.945
13.0 12.905
13.0 12.905
13.0 12.94
13.0 12.735
13.0 12.845
13.0 12.92
13.0 12.88
13.0 12.85
13.0 12.795
13.0 12.89
13.0 12.885
13.0 12.98
13.0 12.87
13.0 12.815
13.0 12.93
13.0 12.815
13.0 12.92
13.0 12.945
13.0 12.965
13.0 12.83
13.0 12.895
13.0 12.92
13.0 12.885
13.0 12.9
13.0 12.81
13.0 12.905
13.0 12.955
13.0 12.925
13.0 12.9
13.0 12.9
13.0 12.905
13.0 12.9
13.0 12.845
13.0 12.91
13.0 12.91
13.0 12.93
13.0 12.92
13.0 12.99
13.0 12.805
13.0 12.87
13.0 12.835
13.0 12.68
13.0 12.745
13.0 12.9
13.0 12.89
13.0 12.95
13.0 12.845
13.0 12.825
13.0 12.87
13.0 12.9
13.0 12.97
13.0 12.995
13.0 12.835
13.0 12.92
13.0 12.905
13.0 12.82
13.0 12.89
13.0 12.905
13.0 12.83
13.0 12.85
13.0 12.815
13.0 12.985
13.0 12.815
13.0 12.87
13.0 12.905
13.0 12.87
13.0 12.86
13.0 12.935
13.0 12.845
13.0 12.905
13.0 12.855
13.0 12.91
13.0 12.88
13.0 12.97
13.0 12.9
13.0 12.94
13.0 12.895
13.0 12.8
13.0 12.945
13.0 12.93
13.0 12.915
13.0 12.835
13.0 12.9
13.0 12.83
13.0 12.88
13.0 12.855
13.0 12.82
13.0 12.89
13.0 12.835
13.0 12.81
13.0 12.965
13.0 12.96
13.0 12.83
13.0 12.87
13.0 12.83
13.0 12.845
13.0 12.955
13.0 12.935
13.0 12.93
13.0 12.97
13.0 12.85
13.0 12.895
13.0 12.93
13.0 12.855
13.0 12.955
13.0 12.935
13.0 12.815
13.0 12.91
13.0 12.895
13.0 12.885
13.0 12.915
13.0 12.915
13.0 12.825
13.0 12.79
13.0 12.85
13.0 12.775
13.0 12.905
13.0 12.86
13.0 12.965
13.0 12.915
13.0 12.985
13.0 12.97
13.0 12.87
13.0 12.77
13.0 12.915
13.0 12.86
13.0 12.925
13.0 12.875
13.0 12.925
13.0 12.785
13.0 12.88
13.0 12.855
13.0 12.975
13.0 12.86
13.0 12.8
13.0 12.875
13.0 12.885
13.0 12.935
13.0 12.89
13.0 12.885
13.0 12.875
13.0 12.735
13.0 12.835
13.0 12.915
13.0 12.91
13.0 12.84
13.0 12.96
13.0 12.94
13.0 12.88
13.0 12.915
13.0 12.93
13.0 12.915
13.0 12.975
13.0 12.95
13.0 12.88
13.0 12.885
500
10.5 4.08
12.0 8.43
12.0 9.66
12.0 10.225
12.5 10.765
12.5 10.93
12.5 11.28
12.5 11.135
12.5 11.28
13.0 11.62
13.0 12.455
13.0 12.73
13.0 12.97
13.0 12.78
13.0 12.985
13.0 12.955
13.0 12.935
13.0 12.965
13.0 12.92
13.0 12.955
13.0 12.91
13.0 12.96
13.0 12.96
13.0 12.91
13.0 12.88
13.0 12.945
13.0 12.955
13.0 12.995
13.0 12.985
13.0 12.89
13.0 12.925
13.0 12.945
13.0 12.94
13.0 12.88
13.0 13.0
13.0 12.965
13.0 12.96
13.0 12.85
13.0 12.84
13.0 12.98
13.0 12.965
13.0 12.925
13.0 12.98
13.0 12.9
13.0 12.945
13.0 12.95
13.0 12.95
13.0 12.935
13.0 12.9
13.0 12.955
13.0 12.96
13.0 12.885
13.0 12.875
13.0 12.875
13.0 12.91
13.0 12.945
13.0 12.915
13.0 12.875
13.0 12.93
13.0 12.98
13.0 12.96
13.0 12.9
13.0 12.865
13.0 12.905
13.0 12.89
13.0 12.9
13.0 12.88
13.0 12.985
13.0 12.975
13.0 12.97
13.0 12.785
13.0 12.97
13.0 12.935
13.0 12.95
13.0 12.865
13.0 12.98
13.0 12.96
13.0 12.935
13.0 12.745
13.0 12.945
13.0 12.825
13.0 12.845
13.0 12.96
13.0 12.89
13.0 12.925
13.0 12.85
13.0 12.95
13.0 12.86
13.0 12.73
13.0 12.795
13.0 12.91
13.0 12.915
13.0 12.925
13.0 12.89
13.0 12.955
13.0 12.925
13.0 12.95
13.0 12.835
13.0 12.84
13.0 12.955
13.0 12.935
13.0 12.905
13.0 12.935
13.0 12.805
13.0 12.98
13.0 12.885
13.0 12.98
13.0 12.955
13.0 12.94
13.0 12.77
13.0 12.91
13.0 12.96
13.0 12.92
13.0 12.915
13.0 12.98
13.0 12.955
13.0 12.96
13.0 12.89
13.0 12.72
13.0 12.975
13.0 12.965
13.0 12.905
13.0 12.92
13.0 12.89
13.0 12.91
13.0 12.925
13.0 12.87
13.0 12.945
13.0 12.855
13.0 12.88
13.0 12.965
13.0 12.955
13.0 12.89
13.0 12.81
13.0 12.81
13.0 12.895
13.0 12.97
13.0 12.925
13.0 12.915
13.0 12.865
13.0 12.965
13.0 12.87
13.0 12.89
13.0 12.975
13.0 12.975
13.0 12.945
13.0 12.76
13.0 12.81
13.0 12.955
13.0 12.86
13.0 12.875
13.0 12.93
13.0 12.965
13.0 12.935
13.0 12.965
13.0 12.965
13.0 12.94
13.0 12.83
13.0 12.99
13.0 12.865
13.0 12.985
13.0 12.95
13.0 12.985
13.0 12.975
13.0 12.92
13.0 12.94
13.0 12.95
13.0 12.855
13.0 12.96
13.0 12.94
13.0 12.89
13.0 12.935
13.0 12.94
13.0 12.95
13.0 12.88
13.0 12.955
13.0 12.905
13.0 12.955
13.0 12.95
13.0 12.865
13.0 12.91
13.0 12.985
13.0 12.735
13.0 12.845
13.0 12.83
13.0 12.875
13.0 12.9
13.0 12.925
13.0 12.92
13.0 12.955
13.0 12.825
13.0 12.94
13.0 12.955
13.0 12.89
13.0 12.91
13.0 12.96
13.0 12.885
13.0 12.955
13.0 12.93
13.0 12.91
13.0 12.835
13.0 12.795
13.0 12.95
13.0 12.845
13.0 12.995
13.0 12.93
13.0 12.91
13.0 12.91
13.0 12.96
13.0 12.93
13.0 12.885
13.0 12.925
13.0 12.855
13.0 12.99
13.0 12.92
13.0 12.84
13.0 12.755
13.0 12.81
13.0 12.91
13.0 12.985
13.0 12.905
13.0 12.915
13.0 12.925
13.0 12.85
13.0 12.95
13.0 12.825
13.0 12.95
13.0 12.885
13.0 12.945
13.0 12.98
13.0 12.9
13.0 12.94
13.0 12.815
13.0 12.955
13.0 12.9
13.0 13.0
13.0 12.91
13.0 12.965
13.0 12.9
13.0 12.92
13.0 12.94
13.0 12.95
13.0 12.955
13.0 12.985
13.0 12.94
13.0 12.785
13.0 12.885
13.0 12.98
13.0 12.915
13.0 12.93
13.0 12.915
13.0 12.88
13.0 12.935
13.0 12.895
13.0 12.97
13.0 12.91
13.0 12.86
13.0 12.92
13.0 12.89
13.0 12.955
13.0 12.965
13.0 12.945
13.0 12.875
13.0 12.995
13.0 12.94
13.0 12.915
13.0 12.93
13.0 12.87
13.0 12.985
13.0 12.975
13.0 12.83
13.0 12.855
13.0 12.885
13.0 12.935
13.0 12.975
13.0 12.87
13.0 12.985
13.0 12.825
13.0 12.965
13.0 12.83
13.0 12.96
13.0 12.835
13.0 12.91
13.0 12.98
13.0 12.91
13.0 12.925
13.0 12.99
13.0 12.955
13.0 12.865
13.0 12.915
13.0 12.95
13.0 12.86
13.0 12.845
13.0 12.925
13.0 12.855
13.0 12.815
13.0 12.95
13.0 12.94
13.0 12.895
13.0 12.85
13.0 12.92
13.0 12.9
13.0 12.955
13.0 12.825
13.0 12.815
13.0 12.965
13.0 12.865
13.0 12.98
13.0 12.99
13.0 12.89
13.0 12.93
13.0 12.785
13.0 12.92
13.0 12.98
13.0 12.925
13.0 12.95
13.0 12.995
13.0 12.945
13.0 12.955
13.0 12.95
13.0 12.97
13.0 12.92
13.0 12.96
13.0 12.875
13.0 12.955
13.0 12.905
13.0 12.885
13.0 12.89
13.0 12.92
13.0 12.935
13.0 12.94
13.0 12.975
13.0 12.965
13.0 12.825
13.0 12.925
13.0 12.79
13.0 12.965
13.0 12.725
13.0 12.835
13.0 12.805
13.0 12.77
13.0 13.0
13.0 12.945
13.0 12.9
13.0 12.87
13.0 12.915
13.0 12.885
13.0 12.85
13.0 12.98
13.0 12.94
13.0 12.95
13.0 12.945
13.0 12.89
13.0 12.925
13.0 12.875
13.0 12.905
13.0 12.89
13.0 12.955
13.0 12.935
13.0 12.99
13.0 12.93
13.0 12.895
13.0 12.85
13.0 12.825
13.0 12.855
13.0 12.945
13.0 13.0
13.0 12.785
13.0 12.945
13.0 12.985
13.0 12.9
13.0 12.985
13.0 12.855
13.0 12.79
13.0 12.965
13.0 12.965
13.0 12.91
13.0 12.895
13.0 12.905
13.0 12.925
13.0 12.925
13.0 12.82
13.0 12.93
13.0 12.99
13.0 12.88
13.0 12.97
13.0 12.855
13.0 12.91
13.0 12.925
13.0 13.0
13.0 12.985
13.0 12.95
13.0 12.87
13.0 12.885
13.0 12.98
13.0 12.905
13.0 12.87
13.0 12.98
13.0 12.855
13.0 12.955
13.0 12.95
13.0 12.945
13.0 12.955
13.0 12.97
13.0 12.785
13.0 12.895
13.0 12.935
13.0 12.71
13.0 12.89
13.0 12.995
13.0 12.96
13.0 12.93
13.0 12.855
13.0 12.93
13.0 12.95
13.0 12.865
13.0 12.995
13.0 12.77
13.0 12.86
13.0 12.925
13.0 12.865
13.0 12.985
13.0 12.895
13.0 12.955
13.0 12.965
13.0 12.99
13.0 12.9
13.0 12.92
13.0 12.97
13.0 12.99
13.0 12.91
13.0 12.965
13.0 12.87
13.0 12.825
13.0 12.885
13.0 12.795
13.0 12.94
13.0 12.81
13.0 12.93
13.0 12.775
13.0 12.96
13.0 12.96
13.0 12.82
13.0 12.915
13.0 12.91
13.0 12.9
13.0 12.95
13.0 12.945
13.0 12.795
13.0 12.955
13.0 12.935
13.0 12.94
13.0 12.95
13.0 12.935
13.0 12.94
13.0 12.92
13.0 12.705
13.0 12.89
13.0 12.935
13.0 12.93
13.0 12.9
13.0 12.92
13.0 12.95
13.0 12.955
13.0 12.94
13.0 12.99
13.0 12.98
13.0 12.955
13.0 12.85
13.0 12.87
13.0 12.99
13.0 12.9
13.0 12.88
13.0 12.95
13.0 12.965
13.0 12.935
13.0 12.965
13.0 12.925
13.0 12.725
13.0 12.935
13.0 12.875
13.0 12.975
13.0 12.98
13.0 12.82
13.0 12.96
13.0 12.87
13.0 12.725
13.0 12.96
13.0 12.895
13.0 12.88
13.0 12.845
13.0 12.98
13.0 12.995
13.0 13.0
13.0 12.855
13.0 12.935
13.0 12.76
13.0 12.875
13.0 12.93
13.0 12.785

Individual: [1, 2, 4, 5, 13, 14, 15, 18, 19, 20]
   Fitness: 13.0
     Total: 10
Violations: 2 2

Individual: [1, 2, 6, 7, 9, 14, 15, 18, 20]
   Fitness: 13.5
     Total: 9
Violations: 0 0

Individual: [1, 3, 4, 6, 7, 14, 16, 17, 19, 20]
   Fitness: 13.0
     Total: 10
Violations: 2 2

Individual: [1, 5, 6, 8, 13, 14, 16, 17, 19]
   Fitness: 12.5
     Total: 9
Violations: 1 1

Individual: [1, 2, 5, 6, 7, 14, 15, 16, 19, 20]
   Fitness: 13.0
     Total: 10
Violations: 2 2

Individual: [1, 2, 4, 5, 7, 8, 16, 17, 19, 20]
   Fitness: 13.0
     Total: 10
Violations: 2 2

Individual: [1, 5, 7, 8, 10, 14, 16, 17, 19]
   Fitness: 12.5
     Total: 9
Violations: 1 1

Individual: [1, 2, 5, 6, 7, 14, 15, 18, 19, 20]
   Fitness: 13.0
     Total: 10
Violations: 2 2

Individual: [1, 3, 4, 6, 7, 14, 15, 16, 19, 20]
   Fitness: 13.0
     Total: 10
Violations: 2 2

Individual: [1, 2, 4, 8, 10, 11, 13, 17, 19, 20]
   Fitness: 13.0
     Total: 10
Violations: 2 2
