10
50
11.0 2.725
11.0 5.02
11.0 6.175
12.0 5.57
12.0 5.865
12.0 5.705
12.0 5.39
12.0 5.635
12.0 6.07
12.0 5.605
12.0 6.315
12.0 4.86
12.0 6.21
12.0 5.415
12.0 5.49
12.0 6.185
12.0 6.56
12.0 5.705
12.0 5.98
13.0 6.175
13.0 5.62
13.0 5.91
13.0 5.53
13.0 5.8
13.0 5.33
13.0 6.075
13.0 5.85
13.0 5.86
13.0 5.36
13.0 5.275
13.0 6.545
13.0 5.535
13.0 5.69
13.0 5.305
13.0 5.67
13.0 5.535
13.0 5.865
13.0 6.1
13.0 6.115
13.0 6.01
13.0 6.255
13.0 6.275
13.0 6.345
13.0 6.125
13.0 5.0
13.0 6.655
13.0 5.985
13.0 4.97
13.0 4.755
13.0 5.9
50
11.0 3.75
11.5 5.85
12.5 5.88
12.5 6.025
12.5 5.69
12.5 6.125
12.5 6.36
12.5 5.625
12.5 6.01
12.5 6.43
12.5 6.49
12.5 6.005
12.5 5.705
12.5 5.945
12.5 6.32
12.5 5.72
12.5 5.385
12.5 5.125
12.5 5.635
12.5 5.485
12.5 5.435
12.5 5.925
12.5 6.2
12.5 5.87
12.5 5.915
12.5 5.88
12.5 5.665
12.5 6.195
12.5 5.93
12.5 5.475
12.5 5.66
12.5 5.96
12.5 5.755
12.5 5.795
12.5 6.485
12.5 6.02
12.5 5.465
12.5 6.31
12.5 5.215
12.5 5.45
12.5 5.905
12.5 5.07
12.5 6.09
12.5 5.575
12.5 6.175
12.5 5.965
12.5 5.845
12.5 6.02
12.5 5.7
12.5 5.485
50
10.5 4.365
12.5 5.24
12.5 5.645
12.5 5.26
12.5 6.435
12.5 6.13
12.5 5.895
12.5 5.64
12.5 5.155
12.5 5.07
12.5 5.51
12.5 6.19
12.5 5.8
12.5 5.165
12.5 5.18
12.5 5.61
12.5 5.865
12.5 5.54
12.5 6.055
12.5 6.17
12.5 6.32
12.5 5.465
12.5 6.235
12.5 5.685
12.5 5.085
12.5 5.905
12.5 5.98
12.5 5.555
12.5 6.005
12.5 5.415
12.5 6.05
12.5 6.95
12.5 5.64
12.5 5.66
12.5 5.865
12.5 5.86
12.5 6.185
12.5 5.835
12.5 5.95
12.5 6.08
12.5 6.145
12.5 5.43
12.5 6.025
12.5 5.6
12.5 5.475
12.5 5.61
12.5 5.445
12.5 5.0
12.5 5.595
12.5 5.28
50
11.5 2.33
11.5 5.49
11.5 6.16
11.5 6.435
12.5 6.085
12.5 6.095
12.5 5.005
12.5 5.92
12.5 6.685
12.5 5.705
12.5 5.235
12.5 6.305
12.5 6.42
12.5 5.645
12.5 6.35
12.5 5.625
12.5 6.635
12.5 6.035
12.5 6.465
12.5 6.05
12.5 5.9
12.5 6.17
12.5 5.2
12.5 5.765
12.5 4.85
12.5 5.895
12.5 6.115
12.5 6.1
12.5 6.035
12.5 5.33
12.5 6.1
12.5 6.3
12.5 5.275
12.5 5.82
12.5 5.78
12.5 6.115
12.5 5.865
12.5 5.73
12.5 6.185
12.5 5.435
12.5 5.825
12.5 6.04
12.5 5.88
12.5 6.02
12.5 5.8
12.5 5.71
12.5 5.16
12.5 5.585
12.5 5.735
12.5 5.725
50
11.0 3.805
11.0 5.52
11.0 5.54
11.0 6.045
11.0 5.435
11.5 5.575
11.5 5.275
11.5 5.215
11.5 5.72
11.5 5.58
11.5 6.19
12.0 5.39
12.5 6.09
12.5 5.75
12.5 4.945
12.5 5.31
12.5 5.76
12.5 5.195
12.5 6.335
12.5 6.27
12.5 6.18
12.5 5.265
12.5 5.61
12.5 5.73
12.5 6.315
12.5 6.025
12.5 6.06
12.5 6.045
12.5 6.43
12.5 6.1
12.5 6.02
12.5 5.91
12.5 5.88
12.5 5.84
12.5 6.585
12.5 6.29
12.5 5.8
12.5 5.66
12.5 5.82
12.5 5.355
12.5 4.965
12.5 6.415
12.5 5.785
12.5 5.88
12.5 5.5
12.5 5.81
12.5 5.515
12.5 5.84
12.5 5.8
12.5 5.085
50
10.5 3.63
11.5 5.855
11.5 5.44
11.5 6.025
11.5 5.875
11.5 6.09
11.5 5.78
11.5 5.92
11.5 5.785
11.5 5.77
11.5 5.795
11.5 5.885
11.5 5.69
11.5 6.14
11.5 5.62
11.5 5.835
12.0 5.93
12.0 6.505
12.0 6.22
12.0 6.355
12.0 5.71
12.0 5.665
12.0 5.66
12.0 5.705
12.0 5.695
12.0 5.835
12.0 5.29
12.0 5.87
12.0 5.575
12.0 5.425
12.0 5.62
12.0 5.19
12.0 5.74
12.0 5.595
12.0 6.53
12.0 5.845
12.0 6.17
12.0 6.065
12.0 5.98
12.0 5.135
12.0 5.89
12.0 4.905
12.0 4.83
12.0 6.105
12.0 6.24
12.0 5.415
12.0 5.73
12.0 5.84
12.0 6.435
12.0 5.74
50
11.5 4.085
11.5 6.005
11.5 5.385
11.5 5.425
11.5 5.94
11.5 5.33
11.5 5.38
11.5 5.09
11.5 5.755
11.5 5.525
11.5 5.36
12.0 6.14
12.0 5.5
12.0 5.68
12.0 5.8
12.0 6.26
12.0 5.93
12.0 6.04
12.0 5.67
12.0 6.04
12.0 5.925
12.0 5.74
12.0 6.145
12.0 6.14
12.0 5.445
12.0 6.605
12.0 6.01
12.0 5.88
12.0 6.335
12.0 5.74
12.5 6.25
12.5 5.34
12.5 5.61
12.5 5.4
12.5 5.985
12.5 5.54
12.5 5.49
12.5 5.785
12.5 6.095
12.5 6.05
12.5 5.545
12.5 6.105
12.5 5.255
12.5 5.51
12.5 6.1
12.5 5.675
12.5 4.975
12.5 5.77
12.5 6.0
12.5 5.965
50
12.0 4.09
12.0 5.63
12.0 6.285
12.0 5.825
12.0 6.18
12.0 6.125
12.5 5.59
12.5 5.795
12.5 5.955
12.5 5.935
12.5 5.445
12.5 6.22
12.5 5.365
12.5 5.505
12.5 5.97
12.5 6.3
12.5 5.95
12.5 6.265
12.5 6.02
12.5 5.51
12.5 6.605
12.5 5.99
12.5 5.95
12.5 6.125
12.5 6.13
12.5 6.26
12.5 6.68
12.5 5.825
12.5 5.56
12.5 6.38
12.5 6.07
12.5 5.645
12.5 4.84
12.5 5.91
12.5 6.165
12.5 5.935
12.5 6.365
12.5 6.215
12.5 7.015
12.5 6.025
12.5 6.07
12.5 5.735
12.5 6.155
12.5 5.825
12.5 5.46
12.5 6.025
12.5 5.495
12.5 6.02
12.5 5.1
12.5 5.83
50
11.5 3.485
11.5 5.675
12.0 5.615
12.0 5.99
12.0 5.83
12.0 6.015
12.0 5.825
12.0 5.28
12.0 4.95
12.0 5.96
12.0 5.485
12.0 5.71
12.0 5.805
12.0 5.83
12.0 5.72
12.0 5.4
12.0 5.98
12.0 6.025
12.0 4.9
12.0 5.735
12.0 6.54
12.0 6.185
12.0 6.01
12.0 6.215
12.0 5.715
12.0 5.775
12.0 5.385
12.0 5.345
12.0 6.155
12.0 5.975
12.0 5.63
12.0 6.26
12.0 6.6
12.0 6.025
12.5 5.35
12.5 5.3
12.5 5.88
12.5 5.88
12.5 6.11
12.5 5.43
12.5 5.425
12.5 5.96
12.5 5.635
12.5 5.665
12.5 6.23
12.5 5.58
12.5 4.915
12.5 5.655
12.5 6.1
12.5 5.9
50
10.0 3.135
12.5 5.33
12.5 5.605
12.5 6.3
12.5 6.135
12.5 6.63
12.5 6.04
12.5 5.76
12.5 5.53
12.5 5.245
12.5 4.895
12.5 6.0
12.5 5.69
12.5 6.16
12.5 5.35
12.5 6.725
12.5 5.305
12.5 5.76
13.0 5.97
13.0 5.875
13.0 6.365
13.0 5.255
13.0 5.445
13.0 5.915
13.0 5.115
13.0 5.185
13.0 6.12
13.0 5.64
13.0 4.93
13.0 5.835
13.0 5.725
13.0 6.06
13.0 5.98
13.0 5.985
13.0 5.62
13.0 5.345
13.0 5.765
13.0 5.855
13.0 5.955
13.0 5.745
13.0 6.71
13.0 5.895
13.0 5.865
13.0 5.53
13.0 5.485
13.0 6.535
13.0 5.695
13.0 5.885
13.0 5.835
13.0 6.41

Individual: [1, 2, 3, 6, 7, 14, 16, 17, 19, 20]
   Fitness: 13.0
     Total: 10
Violations: 2 2

Individual: [1, 2, 4, 5, 13, 14, 15, 18, 20]
   Fitness: 12.5
     Total: 9
Violations: 1 1

Individual: [1, 2, 3, 6, 7, 14, 15, 18, 19]
   Fitness: 12.5
     Total: 9
Violations: 1 1

Individual: [1, 2, 4, 5, 7, 14, 15, 18, 19]
   Fitness: 12.5
     Total: 9
Violations: 1 1

Individual: [1, 2, 5, 6, 13, 14, 15, 18, 19]
   Fitness: 12.5
     Total: 9
Violations: 1 1

Individual: [2, 3, 4, 7, 8, 9, 15, 17, 18, 20]
   Fitness: 12.0
     Total: 10
Violations: 3 3

Individual: [1, 2, 3, 6, 7, 14, 15, 17, 18]
   Fitness: 12.5
     Total: 9
Violations: 1 1

Individual: [1, 2, 4, 5, 7, 14, 16, 17, 19, 20]
   Fitness: 13.0
     Total: 10
Violations: 2 2

Individual: [1, 2, 4, 5, 14, 15, 18, 19, 20]
   Fitness: 12.5
     Total: 9
Violations: 1 1

Individual: [1, 2, 3, 6, 7, 14, 15, 17, 18, 20]
   Fitness: 13.0
     Total: 10
Violations: 2 2
