10
100
11.0 3.64
11.0 6.52
11.5 7.322
12.5 6.73
12.5 7.21
12.5 7.188
12.5 7.518
12.5 7.782
12.5 7.63
12.5 7.63
12.5 7.732
13.5 7.504
13.5 7.84
13.5 8.04
13.5 8.094
13.5 7.342
13.5 7.578
13.5 7.882
13.5 7.406
13.5 7.556
13.5 7.948
13.5 8.012
13.5 8.254
13.5 7.444
13.5 8.064
13.5 8.35
13.5 7.982
13.5 8.574
13.5 7.65
13.5 8.496
13.5 8.468
13.5 8.066
13.5 8.202
13.5 8.076
13.5 7.988
13.5 8.01
13.5 8.332
13.5 7.624
13.5 7.582
13.5 7.692
13.5 8.074
13.5 8.544
13.5 8.21
13.5 8.266
13.5 7.966
13.5 7.76
13.5 7.538
13.5 7.91
13.5 7.99
13.5 7.924
13.5 7.996
13.5 7.636
13.5 8.184
13.5 8.2
13.5 7.546
13.5 8.246
13.5 8.138
13.5 8.26
13.5 8.006
13.5 7.868
13.5 7.742
13.5 7.658
13.5 8.176
13.5 8.196
13.5 7.904
13.5 7.25
13.5 8.246
13.5 7.874
13.5 7.404
13.5 8.114
13.5 8.106
13.5 8.218
13.5 7.854
13.5 8.034
13.5 7.596
13.5 7.96
13.5 8.204
13.5 7.612
13.5 8.274
13.5 7.984
13.5 7.886
13.5 7.82
13.5 8.25
13.5 7.438
13.5 7.766
13.5 7.726
13.5 7.87
13.5 7.726
13.5 7.384
13.5 7.616
13.5 7.974
13.5 8.074
13.5 7.644
13.5 7.686
13.5 8.166
13.5 7.904
13.5 8.16
13.5 8.058
13.5 7.992
13.5 8.094
100
11.0 4.02
11.0 6.35
12.0 7.486
12.5 7.598
12.5 7.296
12.5 7.304
12.5 7.086
12.5 8.148
12.5 8.024
12.5 7.104
12.5 8.1
12.5 7.51
12.5 7.728
12.5 7.686
13.0 7.704
13.0 7.662
13.0 7.808
13.0 7.534
13.0 7.602
13.0 7.64
13.0 7.842
13.0 7.94
13.0 8.09
13.0 8.222
13.0 8.18
13.0 7.556
13.0 7.756
13.0 7.914
13.0 7.834
13.0 7.578
13.0 7.25
13.0 7.614
13.0 7.018
13.0 7.71
13.0 6.978
13.0 7.676
13.0 7.502
13.0 7.78
13.0 7.85
13.0 7.462
13.0 7.546
13.0 7.464
13.0 7.628
13.0 7.862
13.0 7.874
13.0 7.78
13.0 7.366
13.0 7.974
13.0 7.95
13.0 7.488
13.0 7.658
13.0 7.562
13.0 8.202
13.0 8.262
13.0 8.074
13.0 6.52
13.0 7.45
13.0 7.686
13.0 6.834
13.0 7.264
13.0 7.556
13.0 8.146
13.0 8.202
13.0 7.568
13.0 8.07
13.0 7.988
13.0 7.824
13.0 8.18
13.0 8.258
13.0 8.11
13.0 7.962
13.0 7.584
13.5 8.23
13.5 8.172
13.5 7.534
13.5 7.894
13.5 6.98
13.5 7.196
13.5 8.14
13.5 7.556
13.5 7.968
13.5 7.774
13.5 7.202
13.5 7.876
13.5 7.7
13.5 7.92
13.5 7.608
13.5 7.936
13.5 8.14
13.5 7.908
13.5 8.38
13.5 7.878
13.5 7.242
13.5 7.774
13.5 7.484
13.5 8.274
13.5 8.328
13.5 7.822
13.5 8.16
13.5 7.924
100
12.5 3.442
12.5 6.87
12.5 6.848
12.5 7.104
12.5 7.488
12.5 7.464
13.0 7.02
13.0 7.58
13.0 7.632
13.0 8.004
13.0 7.736
13.0 8.192
13.0 7.306
13.0 7.916
13.0 7.728
13.0 7.506
13.0 7.942
13.0 8.216
13.0 7.79
13.0 7.136
13.0 7.696
13.0 8.098
13.0 7.976
13.0 7.952
13.0 7.888
13.0 7.822
13.0 7.96
13.0 7.52
13.0 8.002
13.0 7.874
13.0 7.688
13.0 7.598
13.0 8.306
13.0 8.054
13.0 8.55
13.0 8.034
13.0 7.868
13.0 7.466
13.0 7.948
13.0 7.908
13.0 7.516
13.0 7.928
13.0 7.808
13.0 8.226
13.0 7.758
13.0 7.804
13.0 7.47
13.0 7.964
13.0 7.176
13.0 7.976
13.0 7.462
13.0 7.794
13.0 8.124
13.0 8.432
13.0 7.42
13.0 8.328
13.0 7.752
13.0 7.73
13.0 8.416
13.0 7.942
13.0 7.672
13.0 7.908
13.0 7.876
13.0 7.518
13.0 7.682
13.0 7.376
13.0 7.84
13.0 8.006
13.0 7.444
13.0 7.878
13.0 8.32
13.0 7.878
13.0 7.746
13.0 7.612
13.0 8.08
13.0 7.232
13.0 7.754
13.0 7.306
13.0 7.908
13.0 7.998
13.0 7.632
13.0 7.916
13.0 7.472
13.0 7.272
13.0 8.386
13.0 7.92
13.0 7.494
13.0 7.456
13.0 7.966
13.0 8.15
13.0 7.736
13.0 7.87
13.0 7.816
13.0 7.76
13.0 7.852
13.0 7.65
13.0 8.24
13.0 7.462
13.0 7.828
13.0 7.64
100
11.5 4.146
11.5 6.358
11.5 7.242
12.5 7.8
12.5 7.306
12.5 7.224
13.0 7.53
13.0 8.114
13.0 6.78
13.0 7.358
13.0 8.09
13.0 7.37
13.0 8.066
13.0 7.418
13.0 7.522
13.0 8.154
13.0 7.7
13.0 8.194
13.0 7.702
13.0 7.424
13.0 7.688
13.0 7.922
13.0 7.618
13.0 7.838
13.0 8.128
13.0 7.272
13.0 8.204
13.0 8.0
13.0 6.718
13.0 7.948
13.0 7.79
13.0 8.042
13.0 7.642
13.0 7.542
13.0 7.968
13.0 7.75
13.0 7.438
13.0 7.714
13.0 7.628
13.0 8.212
13.5 7.268
13.5 7.688
13.5 7.982
13.5 8.006
13.5 7.456
13.5 8.13
13.5 7.812
13.5 7.422
13.5 7.896
13.5 6.996
13.5 7.914
13.5 8.002
13.5 8.47
13.5 8.07
13.5 8.224
13.5 7.684
13.5 7.508
13.5 8.032
13.5 8.138
13.5 8.19
13.5 8.258
13.5 7.294
13.5 7.598
13.5 7.26
13.5 8.024
13.5 7.56
13.5 7.886
13.5 7.62
13.5 7.634
13.5 7.532
13.5 7.83
13.5 7.638
13.5 7.716
13.5 7.488
13.5 8.272
13.5 7.42
13.5 7.788
13.5 7.792
13.5 7.518
13.5 8.054
13.5 8.134
13.5 8.328
13.5 8.372
13.5 8.446
13.5 8.46
13.5 8.612
13.5 7.976
13.5 8.236
13.5 8.294
13.5 7.838
13.5 8.138
13.5 8.188
13.5 7.504
13.5 7.582
13.5 8.036
13.5 8.528
13.5 8.336
13.5 8.076
13.5 8.136
13.5 8.08
100
11.5 3.082
12.0 6.544
12.0 7.214
12.0 7.384
12.0 7.59
12.0 7.066
12.0 7.602
12.5 6.982
12.5 7.404
12.5 7.86
12.5 7.672
12.5 7.79
12.5 7.912
12.5 7.872
13.0 7.692
13.0 7.638
13.0 8.016
13.0 8.248
13.0 8.034
13.0 7.696
13.0 7.37
13.0 7.806
13.0 7.356
13.0 7.59
13.0 7.982
13.0 7.712
13.0 7.812
13.0 7.462
13.0 7.846
13.0 7.97
13.0 7.526
13.0 7.64
13.0 7.748
13.0 7.314
13.0 8.07
13.0 7.858
13.0 7.878
13.0 7.418
13.0 7.846
13.0 8.076
13.0 8.352
13.0 7.594
13.0 8.26
13.0 7.966
13.0 7.428
13.0 7.728
13.0 7.358
13.0 7.538
13.0 7.56
13.0 7.482
13.0 7.366
13.0 7.434
13.0 7.396
13.0 6.712
13.0 7.586
13.0 8.48
13.0 8.262
13.0 7.946
13.0 7.716
13.0 8.01
13.0 7.366
13.0 7.828
13.0 7.464
13.0 7.638
13.0 7.49
13.0 7.278
13.0 7.658
13.0 7.748
13.0 7.578
13.0 6.994
13.0 7.512
13.0 7.338
13.0 7.632
13.0 8.084
13.0 7.624
13.0 7.856
13.0 7.72
13.0 8.034
13.5 8.304
13.5 7.724
13.5 7.672
13.5 7.936
13.5 7.53
13.5 7.67
13.5 7.966
13.5 7.404
13.5 7.444
13.5 7.65
13.5 8.144
13.5 8.254
13.5 8.254
13.5 7.374
13.5 7.166
13.5 7.676
13.5 7.7
13.5 8.028
13.5 7.89
13.5 7.692
13.5 7.844
13.5 7.554
100
11.0 3.816
11.0 6.616
11.0 7.202
11.0 6.992
12.5 7.528
12.5 6.66
12.5 7.32
12.5 6.864
12.5 7.712
12.5 7.624
13.0 7.736
13.0 6.96
13.0 7.898
13.0 7.958
13.0 7.798
13.0 8.322
13.0 7.83
13.0 7.674
13.0 7.492
13.0 7.8
13.0 8.036
13.0 8.06
13.0 7.826
13.0 8.188
13.0 7.226
13.0 8.158
13.0 7.644
13.0 7.674
13.0 7.928
13.0 7.864
13.0 7.904
13.0 7.53
13.0 7.24
13.0 6.842
13.0 7.8
13.0 7.42
13.0 7.36
13.0 7.864
13.0 8.26
13.0 7.43
13.0 7.772
13.0 7.476
13.0 7.952
13.0 7.92
13.0 7.942
13.0 7.616
13.0 7.93
13.0 7.738
13.0 8.246
13.0 7.722
13.0 8.19
13.0 7.702
13.0 7.584
13.0 7.106
13.0 8.234
13.0 7.52
13.0 7.942
13.0 7.716
13.0 7.77
13.0 8.126
13.0 8.034
13.0 7.558
13.0 7.556
13.0 8.376
13.0 8.118
13.0 7.794
13.0 7.814
13.5 7.16
13.5 7.594
13.5 7.912
13.5 7.18
13.5 7.066
13.5 7.768
13.5 8.318
13.5 7.34
13.5 7.48
13.5 8.038
13.5 7.93
13.5 7.916
13.5 8.024
13.5 7.806
13.5 7.38
13.5 7.822
13.5 7.344
13.5 7.846
13.5 7.996
13.5 7.668
13.5 7.21
13.5 7.562
13.5 7.828
13.5 7.696
13.5 8.29
13.5 7.38
13.5 8.204
13.5 7.938
13.5 7.622
13.5 7.82
13.5 7.098
13.5 7.6
13.5 7.362
100
11.5 3.676
12.0 6.342
12.5 7.166
12.5 7.098
12.5 7.04
13.0 7.128
13.0 7.142
13.0 7.012
13.0 7.542
13.0 7.014
13.0 7.692
13.0 7.384
13.0 7.472
13.0 7.332
13.0 7.002
13.0 7.114
13.0 7.046
13.0 7.72
13.0 7.718
13.0 7.92
13.0 8.164
13.0 7.55
13.0 7.778
13.0 7.372
13.0 7.238
13.0 6.762
13.0 7.21
13.0 7.594
13.0 7.346
13.0 7.298
13.0 7.666
13.5 7.562
13.5 7.054
13.5 7.822
13.5 7.966
13.5 7.98
13.5 7.874
13.5 7.628
13.5 8.45
13.5 7.68
13.5 7.796
13.5 6.654
13.5 7.944
13.5 7.65
13.5 8.412
13.5 7.984
13.5 7.888
13.5 7.74
13.5 7.95
13.5 7.282
13.5 7.952
13.5 6.952
13.5 7.232
13.5 8.136
13.5 7.912
13.5 7.722
13.5 8.02
13.5 8.09
13.5 8.346
13.5 8.252
13.5 8.236
13.5 8.42
13.5 8.174
13.5 8.334
13.5 8.248
13.5 7.824
13.5 8.188
13.5 7.74
13.5 7.264
13.5 7.346
13.5 7.912
13.5 7.758
13.5 8.218
13.5 8.002
13.5 7.526
13.5 7.604
13.5 7.368
13.5 7.474
13.5 7.638
13.5 7.822
13.5 7.93
13.5 7.94
13.5 8.172
13.5 7.9
13.5 7.934
13.5 7.956
13.5 7.876
13.5 7.644
13.5 8.236
13.5 8.022
13.5 8.126
13.5 8.134
13.5 8.112
13.5 7.922
13.5 7.75
13.5 7.814
13.5 8.04
13.5 7.584
13.5 8.248
13.5 7.906
100
11.0 3.618
11.5 6.096
11.5 7.086
11.5 7.386
11.5 6.228
11.5 7.514
11.5 7.026
11.5 7.518
12.0 7.638
12.0 7.66
12.0 7.512
12.0 7.608
12.5 7.994
12.5 7.824
12.5 7.106
12.5 7.546
12.5 7.424
12.5 7.68
13.0 7.264
13.0 7.996
13.0 7.624
13.0 7.856
13.0 7.654
13.0 7.476
13.0 7.54
13.0 7.534
13.0 7.848
13.0 7.248
13.0 7.854
13.0 7.478
13.5 7.358
13.5 7.562
13.5 7.536
13.5 7.618
13.5 7.326
13.5 7.636
13.5 7.12
13.5 7.364
13.5 7.366
13.5 7.948
13.5 6.71
13.5 7.944
13.5 7.814
13.5 7.964
13.5 7.95
13.5 8.202
13.5 7.804
13.5 7.852
13.5 7.75
13.5 7.402
13.5 7.668
13.5 7.586
13.5 8.398
13.5 8.344
13.5 8.034
13.5 8.024
13.5 7.94
13.5 7.792
13.5 7.836
13.5 7.202
13.5 7.58
13.5 7.968
13.5 6.438
13.5 6.89
13.5 7.022
13.5 7.484
13.5 7.754
13.5 7.672
13.5 7.65
13.5 7.83
13.5 7.614
13.5 7.342
13.5 7.948
13.5 7.928
13.5 7.53
13.5 7.948
13.5 8.056
13.5 7.448
13.5 7.516
13.5 6.93
13.5 8.072
13.5 7.48
13.5 7.552
13.5 7.99
13.5 8.396
13.5 7.176
13.5 7.638
13.5 7.994
13.5 7.556
13.5 7.918
13.5 7.966
13.5 7.414
13.5 7.216
13.5 7.66
13.5 7.702
13.5 8.166
13.5 7.69
13.5 7.46
13.5 7.858
13.5 8.044
100
11.0 4.194
11.5 6.94
12.0 7.422
12.0 7.016
12.5 7.726
12.5 7.676
12.5 6.86
12.5 7.776
12.5 7.346
13.0 7.218
13.0 6.906
13.0 7.412
13.0 7.56
13.0 7.28
13.0 7.78
13.0 7.298
13.0 7.398
13.0 7.852
13.0 7.414
13.0 7.902
13.0 7.522
13.0 7.338
13.0 7.646
13.0 7.876
13.0 7.288
13.0 7.332
13.0 7.172
13.0 7.676
13.0 7.874
13.0 7.718
13.0 8.422
13.0 7.744
13.0 7.974
13.0 7.67
13.0 7.28
13.0 7.768
13.0 7.754
13.0 8.03
13.0 7.778
13.0 7.996
13.0 7.71
13.0 8.032
13.0 7.132
13.0 6.914
13.0 7.594
13.0 7.4
13.0 7.894
13.0 8.128
13.0 7.76
13.0 8.392
13.0 8.396
13.0 7.508
13.0 7.606
13.0 7.796
13.0 7.932
13.0 8.152
13.0 7.412
13.0 7.8
13.0 7.544
13.0 7.648
13.0 8.108
13.0 7.422
13.0 8.112
13.0 7.688
13.0 6.89
13.0 7.756
13.0 7.626
13.0 7.388
13.0 7.58
13.0 7.814
13.0 7.834
13.0 7.978
13.0 7.954
13.0 7.658
13.0 7.666
13.0 8.18
13.0 7.734
13.5 7.794
13.5 7.832
13.5 7.432
13.5 7.908
13.5 7.376
13.5 7.528
13.5 7.316
13.5 7.516
13.5 7.164
13.5 7.688
13.5 7.658
13.5 7.876
13.5 8.012
13.5 7.6
13.5 8.1
13.5 7.948
13.5 7.708
13.5 7.772
13.5 7.538
13.5 7.718
13.5 7.948
13.5 7.92
13.5 7.852
100
12.0 3.056
12.0 6.8
12.0 7.136
12.5 7.148
12.5 7.398
12.5 7.4
12.5 7.438
12.5 7.352
12.5 7.346
12.5 7.682
12.5 7.642
12.5 7.602
12.5 7.334
12.5 7.436
12.5 7.572
13.0 7.5
13.0 8.072
13.0 7.678
13.0 7.74
13.0 8.01
13.0 8.17
13.0 7.874
13.0 7.994
13.0 8.228
13.0 6.226
13.0 7.296
13.0 8.184
13.0 8.046
13.0 7.528
13.0 8.184
13.0 8.178
13.0 7.69
13.0 7.8
13.0 7.07
13.0 7.474
13.0 7.332
13.0 6.766
13.0 7.874
13.0 7.654
13.0 7.416
13.0 7.142
13.0 7.67
13.5 7.744
13.5 7.652
13.5 7.304
13.5 6.77
13.5 7.862
13.5 7.574
13.5 8.144
13.5 7.998
13.5 6.798
13.5 7.544
13.5 7.014
13.5 7.722
13.5 8.3
13.5 7.728
13.5 8.136
13.5 7.844
13.5 7.616
13.5 7.512
13.5 8.302
13.5 8.138
13.5 7.79
13.5 8.108
13.5 7.658
13.5 8.024
13.5 8.198
13.5 7.824
13.5 7.874
13.5 8.256
13.5 7.704
13.5 8.218
13.5 7.898
13.5 8.164
13.5 7.952
13.5 8.056
13.5 8.482
13.5 8.146
13.5 7.57
13.5 8.33
13.5 8.512
13.5 8.3
13.5 8.142
13.5 7.548
13.5 7.586
13.5 8.168
13.5 8.068
13.5 8.384
13.5 7.808
13.5 7.48
13.5 7.548
13.5 7.796
13.5 7.936
13.5 8.18
13.5 7.882
13.5 7.83
13.5 6.564
13.5 7.98
13.5 8.252
13.5 7.748

Individual: [1, 3, 6, 7, 12, 14, 15, 19, 20]
   Fitness: 13.5
     Total: 9
Violations: 0 0

Individual: [1, 2, 6, 7, 9, 14, 15, 18, 20]
   Fitness: 13.5
     Total: 9
Violations: 0 0

Individual: [1, 2, 4, 5, 13, 14, 16, 17, 19, 20]
   Fitness: 13.0
     Total: 10
Violations: 2 2

Individual: [1, 3, 6, 7, 12, 14, 15, 19, 20]
   Fitness: 13.5
     Total: 9
Violations: 0 0

Individual: [1, 3, 6, 7, 12, 14, 15, 19, 20]
   Fitness: 13.5
     Total: 9
Violations: 0 0

Individual: [1, 3, 6, 7, 12, 14, 15, 19, 20]
   Fitness: 13.5
     Total: 9
Violations: 0 0

Individual: [1, 3, 6, 7, 12, 14, 15, 19, 20]
   Fitness: 13.5
     Total: 9
Violations: 0 0

Individual: [1, 2, 6, 7, 9, 14, 15, 18, 20]
   Fitness: 13.5
     Total: 9
Violations: 0 0

Individual: [1, 2, 6, 7, 9, 14, 15, 18, 20]
   Fitness: 13.5
     Total: 9
Violations: 0 0

Individual: [1, 3, 6, 7, 12, 14, 15, 19, 20]
   Fitness: 13.5
     Total: 9
Violations: 0 0
