10
100
11.5 3.668
11.5 6.93
11.5 7.776
12.0 7.93
12.0 7.72
13.0 7.978
13.0 7.89
13.0 8.338
13.0 7.482
13.0 8.292
13.0 8.342
13.0 8.598
13.0 8.718
13.0 8.398
13.0 8.66
13.0 8.568
13.0 8.524
13.0 8.758
13.0 8.78
13.0 9.012
13.0 8.692
13.0 8.55
13.0 8.718
13.0 9.07
13.0 8.696
13.0 8.462
13.0 8.41
13.0 8.964
13.0 8.742
13.0 8.86
13.0 8.684
13.0 8.29
13.5 8.662
13.5 9.0
13.5 8.664
13.5 8.442
13.5 8.97
13.5 8.46
13.5 8.562
13.5 8.87
13.5 9.144
13.5 8.934
13.5 8.438
13.5 8.684
13.5 8.736
13.5 8.32
13.5 8.91
13.5 8.67
13.5 8.448
13.5 8.888
13.5 8.468
13.5 8.216
13.5 8.324
13.5 7.826
13.5 8.566
13.5 8.414
13.5 8.66
13.5 8.776
13.5 8.24
13.5 8.288
13.5 8.25
13.5 8.258
13.5 8.672
13.5 9.01
13.5 8.508
13.5 8.268
13.5 8.614
13.5 8.412
13.5 8.46
13.5 8.38
13.5 8.196
13.5 8.914
13.5 8.432
13.5 8.552
13.5 8.884
13.5 8.346
13.5 8.896
13.5 8.622
13.5 9.162
13.5 9.054
13.5 8.452
13.5 8.596
13.5 8.664
13.5 9.278
13.5 8.844
13.5 8.734
13.5 8.8
13.5 8.692
13.5 9.116
13.5 9.21
13.5 8.898
13.5 9.144
13.5 9.182
13.5 8.36
13.5 8.692
13.5 8.93
13.5 9.128
13.5 8.738
13.5 8.72
13.5 8.804
100
11.0 3.346
11.0 7.28
12.0 7.866
12.0 8.178
12.0 7.47
12.5 8.424
12.5 8.422
12.5 8.198
12.5 8.396
12.5 8.806
12.5 8.392
12.5 8.544
12.5 8.652
12.5 8.782
12.5 8.24
12.5 8.662
13.0 8.462
13.0 8.706
13.0 8.898
13.0 8.76
13.0 8.36
13.0 8.08
13.0 8.56
13.0 8.566
13.0 8.746
13.0 8.336
13.0 9.036
13.0 8.958
13.0 8.998
13.0 7.75
13.0 8.652
13.0 8.966
13.0 9.14
13.0 9.074
13.0 9.05
13.0 8.712
13.0 9.01
13.0 8.722
13.0 8.43
13.0 8.952
13.0 9.024
13.0 8.934
13.0 8.944
13.0 8.756
13.0 8.652
13.0 8.71
13.0 9.078
13.0 8.796
13.0 8.788
13.0 8.944
13.0 8.934
13.0 9.222
13.0 8.65
13.0 9.056
13.0 8.862
13.0 8.886
13.0 9.05
13.0 8.934
13.0 9.004
13.0 8.98
13.0 8.548
13.0 8.85
13.0 9.024
13.0 8.514
13.0 8.5
13.0 9.04
13.0 9.04
13.0 8.112
13.0 8.952
13.0 9.094
13.0 9.068
13.0 8.758
13.0 8.892
13.0 9.012
13.0 8.402
13.0 8.702
13.0 8.966
13.0 9.002
13.0 9.074
13.0 9.376
13.0 8.852
13.0 8.828
13.0 8.87
13.0 8.128
13.0 7.968
13.0 8.354
13.0 8.262
13.0 8.92
13.0 9.12
13.0 8.9
13.0 7.956
13.0 8.452
13.0 9.144
13.0 8.586
13.0 8.682
13.0 8.456
13.0 8.39
13.0 8.898
13.0 8.982
13.0 8.774
100
11.5 3.524
11.5 6.956
11.5 7.452
11.5 7.684
12.5 7.634
12.5 7.856
13.0 7.938
13.0 7.914
13.0 8.288
13.0 8.052
13.0 8.152
13.0 8.402
13.0 8.57
13.0 8.652
13.0 8.598
13.0 8.754
13.0 8.366
13.0 8.576
13.0 8.516
13.0 8.636
13.0 9.138
13.0 8.798
13.0 8.77
13.0 9.052
13.0 8.788
13.0 8.488
13.0 8.476
13.0 8.804
13.0 8.466
13.0 9.016
13.0 9.076
13.0 8.98
13.0 8.784
13.0 8.774
13.0 8.744
13.0 8.56
13.0 8.458
13.0 8.586
13.0 8.824
13.0 9.098
13.0 9.118
13.0 8.944
13.0 8.522
13.0 9.198
13.0 9.21
13.0 9.18
13.0 9.006
13.0 9.028
13.0 9.164
13.0 8.894
13.0 8.404
13.0 8.404
13.0 9.006
13.0 8.45
13.0 8.624
13.0 8.78
13.0 8.668
13.0 8.85
13.0 8.51
13.0 8.386
13.0 8.776
13.0 9.07
13.0 9.226
13.0 8.766
13.0 8.936
13.0 8.922
13.0 8.674
13.0 8.322
13.0 8.742
13.0 8.774
13.0 9.198
13.0 8.496
13.0 8.916
13.0 8.802
13.0 8.98
13.0 8.616
13.0 8.86
13.0 8.48
13.0 8.728
13.0 9.062
13.0 8.578
13.0 8.836
13.0 9.126
13.0 8.77
13.0 8.922
13.0 9.158
13.0 8.848
13.0 9.146
13.0 8.8
13.0 8.988
13.0 9.068
13.0 9.166
13.0 8.686
13.0 8.714
13.0 8.91
13.0 8.726
13.0 8.552
13.0 8.87
13.0 8.998
13.0 8.618
100
12.0 3.514
12.5 7.278
12.5 7.68
12.5 8.09
12.5 8.532
12.5 8.372
12.5 8.122
12.5 8.02
13.0 8.248
13.0 8.2
13.0 8.496
13.0 8.514
13.0 8.658
13.0 8.84
13.0 8.218
13.5 8.808
13.5 8.872
13.5 8.92
13.5 8.46
13.5 8.348
13.5 8.048
13.5 8.886
13.5 8.724
13.5 8.504
13.5 8.358
13.5 8.774
13.5 9.148
13.5 9.28
13.5 8.742
13.5 8.168
13.5 8.144
13.5 8.12
13.5 8.854
13.5 8.946
13.5 8.688
13.5 8.39
13.5 8.298
13.5 8.29
13.5 8.736
13.5 8.758
13.5 8.782
13.5 8.35
13.5 8.91
13.5 9.178
13.5 8.808
13.5 8.55
13.5 9.082
13.5 9.026
13.5 9.28
13.5 9.008
13.5 8.876
13.5 8.994
13.5 9.164
13.5 9.234
13.5 8.858
13.5 8.794
13.5 8.448
13.5 8.908
13.5 8.852
13.5 9.374
13.5 9.106
13.5 8.648
13.5 8.682
13.5 8.79
13.5 9.196
13.5 9.106
13.5 8.78
13.5 9.132
13.5 8.972
13.5 9.1
13.5 9.33
13.5 8.72
13.5 8.5
13.5 9.13
13.5 9.268
13.5 8.836
13.5 8.842
13.5 8.996
13.5 8.694
13.5 8.87
13.5 8.326
13.5 8.956
13.5 8.902
13.5 8.824
13.5 8.984
13.5 9.144
13.5 9.074
13.5 9.168
13.5 9.232
13.5 8.87
13.5 9.124
13.5 8.622
13.5 8.988
13.5 8.956
13.5 9.148
13.5 9.46
13.5 9.334
13.5 8.934
13.5 8.71
13.5 9.338
100
11.0 4.064
12.5 6.652
12.5 8.03
13.0 8.292
13.0 7.998
13.0 8.382
13.0 8.832
13.0 8.372
13.0 8.462
13.0 8.056
13.0 8.616
13.0 8.32
13.0 8.76
13.0 8.106
13.0 8.188
13.0 8.534
13.0 8.834
13.0 8.446
13.0 8.542
13.0 8.416
13.0 8.39
13.0 8.584
13.0 8.432
13.0 8.162
13.0 8.716
13.0 8.798
13.0 9.016
13.0 8.62
13.0 8.584
13.0 8.248
13.0 8.602
13.0 8.708
13.0 8.794
13.0 8.816
13.0 8.788
13.0 9.024
13.0 8.616
13.0 8.72
13.0 8.488
13.0 8.734
13.0 8.546
13.0 8.662
13.0 9.048
13.0 9.152
13.0 9.256
13.0 8.788
13.0 8.632
13.0 8.832
13.0 8.536
13.0 8.926
13.0 8.686
13.0 8.57
13.5 8.46
13.5 8.822
13.5 9.166
13.5 8.792
13.5 8.608
13.5 8.248
13.5 8.766
13.5 8.62
13.5 8.514
13.5 8.69
13.5 8.544
13.5 8.804
13.5 8.384
13.5 8.502
13.5 8.614
13.5 8.722
13.5 8.468
13.5 8.94
13.5 8.396
13.5 8.192
13.5 8.602
13.5 8.814
13.5 8.54
13.5 8.594
13.5 8.14
13.5 8.716
13.5 8.668
13.5 8.936
13.5 8.866
13.5 8.786
13.5 8.4
13.5 8.788
13.5 8.69
13.5 8.52
13.5 8.5
13.5 8.416
13.5 8.568
13.5 8.128
13.5 8.262
13.5 8.328
13.5 8.654
13.5 8.464
13.5 8.902
13.5 8.88
13.5 8.626
13.5 8.964
13.5 8.71
13.5 8.532
100
11.0 3.706
11.5 6.924
11.5 7.298
12.0 8.224
12.0 7.936
12.5 7.808
12.5 8.262
12.5 8.566
12.5 8.382
13.0 7.942
13.0 8.438
13.0 8.738
13.0 8.604
13.0 8.798
13.0 8.824
13.0 8.684
13.0 8.854
13.0 8.698
13.0 8.616
13.0 8.53
13.0 8.724
13.0 9.182
13.0 8.858
13.0 9.198
13.0 8.882
13.0 8.768
13.0 8.604
13.0 7.922
13.0 8.876
13.0 8.156
13.0 8.354
13.0 8.51
13.0 8.202
13.0 8.212
13.0 8.514
13.0 7.896
13.0 8.312
13.0 8.522
13.0 8.134
13.0 8.614
13.0 8.77
13.0 8.278
13.0 8.968
13.0 8.806
13.0 7.75
13.0 8.454
13.0 8.816
13.0 8.582
13.0 8.632
13.0 8.456
13.0 9.15
13.0 8.886
13.0 9.016
13.0 8.156
13.0 8.738
13.0 8.532
13.0 8.742
13.0 8.66
13.0 8.562
13.0 7.906
13.0 8.43
13.0 8.786
13.0 8.442
13.0 8.592
13.0 8.636
13.0 8.684
13.0 8.464
13.0 8.322
13.0 8.456
13.0 8.42
13.0 8.478
13.0 8.762
13.0 8.076
13.0 8.302
13.0 8.682
13.0 8.72
13.0 8.572
13.0 8.866
13.0 8.682
13.0 8.408
13.0 8.418
13.0 7.998
13.0 8.588
13.0 8.7
13.0 8.72
13.0 8.88
13.0 8.604
13.0 8.528
13.0 7.904
13.0 8.202
13.0 8.514
13.0 8.654
13.0 8.444
13.0 8.68
13.0 8.722
13.0 7.972
13.0 7.836
13.0 8.242
13.0 8.262
13.0 8.524
100
11.5 4.276
11.5 7.392
11.5 7.904
12.0 8.01
12.5 7.914
12.5 8.188
12.5 7.758
13.0 8.062
13.0 8.124
13.0 8.422
13.0 8.564
13.0 8.234
13.0 9.104
13.0 8.274
13.0 8.416
13.0 8.494
13.0 8.524
13.0 8.564
13.0 8.604
13.0 8.788
13.0 8.542
13.0 8.26
13.0 8.77
13.0 8.804
13.0 8.88
13.0 8.61
13.0 8.966
13.0 9.108
13.0 9.0
13.0 8.766
13.0 8.73
13.0 8.468
13.0 9.02
13.0 8.848
13.0 8.426
13.0 8.65
13.0 8.788
13.0 8.626
13.0 8.69
13.0 8.972
13.0 8.672
13.0 8.834
13.0 8.814
13.0 9.114
13.0 8.706
13.0 8.638
13.0 8.992
13.0 8.89
13.0 9.206
13.5 8.656
13.5 7.894
13.5 9.136
13.5 9.386
13.5 9.044
13.5 8.934
13.5 8.51
13.5 9.002
13.5 8.998
13.5 8.512
13.5 7.9
13.5 8.748
13.5 8.588
13.5 8.828
13.5 8.554
13.5 8.702
13.5 8.794
13.5 8.746
13.5 8.81
13.5 8.82
13.5 8.366
13.5 8.668
13.5 8.726
13.5 8.902
13.5 9.008
13.5 8.79
13.5 8.818
13.5 9.262
13.5 9.132
13.5 8.804
13.5 8.832
13.5 8.252
13.5 8.462
13.5 8.806
13.5 8.926
13.5 8.912
13.5 8.634
13.5 8.918
13.5 9.038
13.5 9.064
13.5 9.152
13.5 8.662
13.5 8.87
13.5 8.518
13.5 8.974
13.5 8.762
13.5 8.796
13.5 8.952
13.5 8.362
13.5 8.904
13.5 9.072
100
11.0 3.724
11.5 7.144
11.5 7.428
11.5 7.634
12.0 8.212
12.0 7.976
12.5 7.858
12.5 8.058
13.0 8.072
13.0 7.97
13.0 8.414
13.0 8.288
13.0 8.438
13.0 8.33
13.0 8.132
13.5 8.744
13.5 8.958
13.5 8.746
13.5 8.792
13.5 9.078
13.5 9.152
13.5 9.434
13.5 8.594
13.5 8.936
13.5 8.986
13.5 8.968
13.5 9.32
13.5 9.192
13.5 8.91
13.5 8.426
13.5 8.474
13.5 9.004
13.5 8.574
13.5 8.756
13.5 8.862
13.5 8.636
13.5 8.376
13.5 8.23
13.5 8.496
13.5 8.536
13.5 9.124
13.5 9.018
13.5 9.28
13.5 9.048
13.5 8.858
13.5 8.518
13.5 8.63
13.5 8.954
13.5 8.578
13.5 8.958
13.5 8.512
13.5 8.65
13.5 8.9
13.5 9.016
13.5 8.944
13.5 9.008
13.5 8.854
13.5 8.788
13.5 8.752
13.5 9.15
13.5 8.948
13.5 8.726
13.5 8.926
13.5 8.882
13.5 8.874
13.5 8.768
13.5 8.482
13.5 8.046
13.5 9.072
13.5 9.17
13.5 9.296
13.5 7.966
13.5 8.614
13.5 8.632
13.5 8.766
13.5 8.944
13.5 9.532
13.5 8.308
13.5 8.768
13.5 9.194
13.5 9.064
13.5 8.83
13.5 9.138
13.5 8.972
13.5 8.836
13.5 8.834
13.5 8.934
13.5 8.942
13.5 9.264
13.5 8.918
13.5 9.006
13.5 8.524
13.5 9.166
13.5 9.15
13.5 8.834
13.5 9.258
13.5 9.016
13.5 8.738
13.5 8.66
13.5 8.908
100
11.0 4.082
13.5 7.332
13.5 7.672
13.5 7.772
13.5 8.13
13.5 8.04
13.5 8.284
13.5 8.394
13.5 7.914
13.5 8.778
13.5 8.642
13.5 8.808
13.5 8.408
13.5 8.578
13.5 8.656
13.5 8.636
13.5 9.424
13.5 8.832
13.5 8.7
13.5 9.046
13.5 8.49
13.5 8.668
13.5 8.814
13.5 9.108
13.5 8.92
13.5 8.966
13.5 8.904
13.5 8.588
13.5 8.402
13.5 9.15
13.5 9.276
13.5 9.002
13.5 9.422
13.5 9.466
13.5 8.616
13.5 8.606
13.5 8.78
13.5 8.468
13.5 9.078
13.5 9.504
13.5 9.034
13.5 8.408
13.5 9.01
13.5 8.4
13.5 8.964
13.5 8.766
13.5 8.736
13.5 8.966
13.5 9.342
13.5 8.844
13.5 8.404
13.5 9.202
13.5 9.182
13.5 9.118
13.5 8.782
13.5 8.872
13.5 9.022
13.5 8.962
13.5 9.076
13.5 9.126
13.5 8.876
13.5 8.376
13.5 9.064
13.5 8.462
13.5 9.116
13.5 8.992
13.5 8.32
13.5 8.3
13.5 8.844
13.5 8.904
13.5 8.45
13.5 9.362
13.5 8.88
13.5 8.714
13.5 8.988
13.5 8.862
13.5 9.14
13.5 8.61
13.5 8.944
13.5 8.788
13.5 9.332
13.5 8.996
13.5 9.212
13.5 8.898
13.5 9.162
13.5 9.384
13.5 8.9
13.5 8.964
13.5 8.938
13.5 8.736
13.5 8.774
13.5 8.31
13.5 8.87
13.5 8.976
13.5 8.982
13.5 9.104
13.5 8.83
13.5 9.342
13.5 8.644
13.5 8.954
100
12.0 3.476
12.0 6.878
12.0 8.046
12.0 8.268
12.0 7.536
12.0 8.03
12.5 8.032
12.5 8.096
12.5 8.01
12.5 8.262
12.5 8.576
12.5 8.706
12.5 8.068
12.5 8.314
12.5 8.622
12.5 8.024
13.0 8.208
13.0 8.206
13.0 8.856
13.0 8.36
13.0 8.726
13.0 8.624
13.0 8.682
13.0 8.782
13.0 8.198
13.0 8.442
13.0 8.882
13.0 8.88
13.0 8.56
13.0 8.89
13.0 8.262
13.0 8.466
13.0 8.484
13.0 8.332
13.0 8.488
13.0 8.44
13.0 8.798
13.0 8.732
13.0 8.52
13.0 8.58
13.0 8.708
13.0 8.802
13.0 8.772
13.0 8.788
13.0 8.744
13.5 8.526
13.5 8.762
13.5 8.624
13.5 8.768
13.5 8.35
13.5 8.978
13.5 9.008
13.5 8.756
13.5 8.622
13.5 8.338
13.5 8.378
13.5 8.484
13.5 8.348
13.5 8.456
13.5 8.926
13.5 8.7
13.5 7.776
13.5 8.728
13.5 8.236
13.5 8.568
13.5 8.772
13.5 8.632
13.5 8.894
13.5 8.616
13.5 8.522
13.5 8.624
13.5 8.696
13.5 8.74
13.5 8.998
13.5 8.64
13.5 8.442
13.5 8.532
13.5 8.936
13.5 8.734
13.5 9.034
13.5 9.228
13.5 8.872
13.5 8.87
13.5 8.792
13.5 8.394
13.5 8.764
13.5 8.892
13.5 9.402
13.5 9.14
13.5 9.028
13.5 9.062
13.5 8.53
13.5 8.646
13.5 8.064
13.5 8.86
13.5 8.58
13.5 8.744
13.5 9.198
13.5 8.822
13.5 8.676

Individual: [1, 3, 6, 7, 12, 14, 15, 19, 20]
   Fitness: 13.5
     Total: 9
Violations: 0 0

Individual: [1, 2, 3, 6, 7, 14, 16, 17, 19, 20]
   Fitness: 13.0
     Total: 10
Violations: 2 2

Individual: [1, 3, 4, 6, 7, 14, 15, 16, 19, 20]
   Fitness: 13.0
     Total: 10
Violations: 2 2

Individual: [1, 2, 6, 7, 9, 14, 15, 18, 20]
   Fitness: 13.5
     Total: 9
Violations: 0 0

Individual: [1, 2, 6, 7, 9, 14, 15, 18, 20]
   Fitness: 13.5
     Total: 9
Violations: 0 0

Individual: [1, 2, 4, 5, 10, 11, 13, 14, 19, 20]
   Fitness: 13.0
     Total: 10
Violations: 2 2

Individual: [1, 2, 6, 7, 9, 14, 15, 18, 20]
   Fitness: 13.5
     Total: 9
Violations: 0 0

Individual: [1, 2, 6, 7, 9, 14, 15, 18, 20]
   Fitness: 13.5
     Total: 9
Violations: 0 0

Individual: [1, 2, 6, 7, 9, 14, 15, 18, 20]
   Fitness: 13.5
     Total: 9
Violations: 0 0

Individual: [1, 3, 6, 7, 12, 14, 15, 19, 20]
   Fitness: 13.5
     Total: 9
Violations: 0 0
