10
50
10.5 3.708
11.0 6.49
11.0 6.584
11.0 6.782
11.5 6.758
11.5 7.204
11.5 6.496
11.5 6.3
12.0 7.2
12.0 6.958
12.0 6.924
12.0 6.882
12.5 7.004
12.5 6.892
12.5 6.646
12.5 6.956
12.5 7.018
12.5 7.006
12.5 6.746
12.5 6.596
12.5 6.79
12.5 6.838
12.5 6.918
12.5 7.316
12.5 7.176
12.5 6.556
12.5 7.036
12.5 7.448
12.5 6.836
12.5 7.082
12.5 6.796
12.5 7.086
12.5 7.384
13.0 7.24
13.0 7.262
13.0 6.936
13.0 7.34
13.0 6.882
13.0 6.592
13.0 6.718
13.0 6.774
13.0 6.662
13.0 6.97
13.0 6.482
13.0 7.158
13.0 7.366
13.0 7.144
13.0 7.054
13.0 6.946
13.0 7.296
50
11.0 3.938
13.0 6.512
13.0 6.486
13.0 6.636
13.0 7.318
13.0 7.014
13.0 6.99
13.0 6.66
13.0 6.51
13.0 6.826
13.0 6.984
13.0 6.97
13.0 6.752
13.0 6.972
13.0 7.326
13.0 6.318
13.0 6.862
13.0 7.03
13.0 7.074
13.0 7.038
13.0 7.396
13.0 6.96
13.0 7.338
13.0 6.886
13.0 6.618
13.0 7.46
13.0 7.02
13.0 7.302
13.0 6.96
13.0 6.918
13.0 7.104
13.0 6.626
13.0 7.322
13.0 7.156
13.0 7.218
13.0 6.84
13.0 7.048
13.0 6.864
13.0 7.17
13.0 7.034
13.0 7.114
13.0 7.026
13.0 6.976
13.0 7.014
13.0 7.244
13.0 7.442
13.0 6.488
13.0 6.506
13.0 7.09
13.0 6.778
50
11.0 3.16
11.5 6.44
11.5 6.642
12.5 6.628
12.5 7.386
12.5 6.864
12.5 6.88
12.5 7.186
12.5 7.29
12.5 6.748
12.5 6.314
12.5 6.012
12.5 6.82
12.5 6.89
12.5 6.744
12.5 6.316
12.5 6.776
12.5 7.092
12.5 7.208
12.5 6.786
12.5 7.084
12.5 6.83
13.0 7.344
13.0 6.846
13.0 6.896
13.0 7.38
13.0 6.85
13.0 7.062
13.0 6.61
13.0 6.982
13.0 7.13
13.0 7.176
13.0 6.832
13.0 7.27
13.0 7.386
13.0 6.874
13.0 7.36
13.0 7.318
13.0 7.188
13.0 7.098
13.0 7.056
13.0 6.85
13.0 6.826
13.0 7.252
13.0 6.85
13.0 6.798
13.0 6.72
13.0 7.118
13.0 6.782
13.5 6.44
50
11.0 3.768
11.0 6.678
11.5 6.678
11.5 6.858
11.5 7.062
11.5 7.024
11.5 6.892
12.5 6.8
12.5 7.064
12.5 6.834
12.5 6.924
12.5 6.662
12.5 6.744
12.5 7.112
12.5 6.348
12.5 7.15
12.5 6.944
12.5 6.974
12.5 6.658
12.5 7.316
12.5 6.756
12.5 7.148
12.5 6.596
12.5 7.452
13.0 7.174
13.0 6.72
13.0 7.178
13.0 6.388
13.0 7.326
13.0 7.3
13.0 6.51
13.0 7.144
13.0 6.75
13.0 7.024
13.0 7.25
13.0 6.938
13.0 6.666
13.0 7.102
13.0 6.832
13.0 6.992
13.0 6.708
13.0 6.62
13.0 6.766
13.0 6.12
13.0 7.156
13.0 6.878
13.0 6.592
13.0 7.158
13.0 7.318
13.0 7.022
50
11.5 3.7
11.5 6.358
11.5 6.854
11.5 6.794
11.5 6.992
11.5 6.654
12.0 6.518
12.0 6.578
12.0 6.324
12.0 6.888
12.5 6.84
12.5 6.572
12.5 6.83
12.5 6.748
12.5 7.116
12.5 6.83
12.5 7.096
12.5 6.774
12.5 6.586
12.5 7.208
12.5 6.806
12.5 6.826
12.5 6.822
12.5 7.284
12.5 7.102
12.5 6.916
12.5 6.556
12.5 6.48
12.5 7.042
12.5 6.466
12.5 7.052
12.5 6.932
13.0 6.88
13.0 6.886
13.0 6.872
13.0 6.448
13.0 7.11
13.0 7.034
13.0 6.592
13.0 7.044
13.0 7.106
13.0 7.306
13.0 7.15
13.0 6.932
13.0 6.78
13.0 7.168
13.0 6.776
13.0 7.504
13.0 7.254
13.0 6.776
50
11.0 3.126
11.5 6.352
12.0 6.792
12.0 7.212
12.5 7.068
12.5 7.17
12.5 6.382
12.5 7.206
12.5 7.222
12.5 7.14
12.5 6.99
12.5 6.968
12.5 7.424
12.5 7.09
13.0 6.67
13.0 7.196
13.0 6.458
13.0 6.714
13.0 6.764
13.0 6.784
13.0 6.826
13.0 6.732
13.0 7.052
13.0 6.714
13.0 6.712
13.0 6.912
13.0 7.05
13.0 6.846
13.0 6.752
13.0 7.158
13.0 7.152
13.0 6.936
13.0 7.06
13.0 7.22
13.0 7.02
13.0 6.924
13.0 6.296
13.0 7.124
13.0 7.258
13.0 6.936
13.0 7.352
13.0 7.29
13.0 7.474
13.0 7.45
13.0 6.904
13.0 6.98
13.0 6.484
13.0 7.196
13.0 6.836
13.0 7.014
50
11.0 3.616
11.0 6.542
11.5 6.722
11.5 7.038
11.5 6.758
12.5 6.954
12.5 7.016
12.5 6.864
12.5 6.45
12.5 6.81
12.5 7.02
12.5 7.434
12.5 6.506
12.5 7.236
12.5 7.198
12.5 7.208
12.5 6.292
12.5 7.366
12.5 7.596
12.5 6.4
12.5 7.18
12.5 6.752
12.5 7.032
12.5 6.874
12.5 6.906
12.5 7.074
12.5 6.308
12.5 6.756
12.5 7.21
12.5 7.156
12.5 6.83
12.5 7.246
12.5 7.026
12.5 6.654
12.5 7.21
12.5 7.152
12.5 7.532
13.0 7.116
13.0 6.79
13.0 6.788
13.0 6.68
13.0 7.434
13.0 6.828
13.0 6.824
13.0 7.586
13.0 6.856
13.0 7.146
13.0 6.922
13.0 7.126
13.0 7.4
50
12.0 3.52
12.0 6.478
12.0 6.97
12.5 7.082
12.5 6.55
12.5 6.91
12.5 6.764
12.5 7.182
12.5 7.096
12.5 7.306
12.5 7.094
12.5 6.634
12.5 6.586
12.5 7.222
12.5 7.21
12.5 6.774
12.5 6.84
12.5 6.608
12.5 7.27
12.5 7.216
12.5 6.764
12.5 7.396
12.5 6.402
12.5 7.016
12.5 7.116
12.5 6.544
12.5 6.838
12.5 6.846
12.5 6.768
12.5 6.994
12.5 7.058
12.5 6.904
12.5 7.532
12.5 6.716
12.5 6.604
12.5 6.796
12.5 6.978
12.5 6.792
12.5 6.544
12.5 7.14
12.5 6.712
12.5 6.746
12.5 7.138
12.5 6.946
12.5 7.032
12.5 7.082
12.5 6.966
12.5 6.644
12.5 6.962
12.5 6.984
50
11.0 4.09
11.5 6.71
12.5 6.558
12.5 6.878
12.5 6.552
12.5 6.768
12.5 7.078
12.5 7.008
12.5 6.838
12.5 7.53
12.5 6.552
12.5 7.046
12.5 6.922
12.5 7.272
12.5 6.868
12.5 6.872
12.5 7.03
12.5 7.188
12.5 7.02
12.5 6.772
12.5 6.772
12.5 6.628
12.5 7.058
13.0 7.138
13.0 7.048
13.0 7.032
13.0 7.082
13.0 6.822
13.0 6.902
13.0 6.382
13.0 6.954
13.0 7.054
13.0 7.324
13.0 6.726
13.0 7.192
13.0 6.88
13.0 6.928
13.0 6.844
13.0 7.012
13.0 6.714
13.0 6.944
13.0 7.51
13.0 7.166
13.0 6.978
13.0 7.17
13.0 7.36
13.0 6.94
13.0 7.272
13.0 7.328
13.0 6.992
50
11.5 3.584
12.0 6.206
12.0 6.902
12.0 6.672
12.0 6.824
12.0 6.628
12.0 7.124
12.5 7.012
12.5 6.542
12.5 6.094
12.5 7.126
12.5 6.132
12.5 6.736
12.5 7.01
12.5 6.224
12.5 6.436
12.5 6.896
12.5 7.172
12.5 6.52
12.5 6.448
13.0 6.81
13.0 6.768
13.0 7.032
13.0 6.814
13.0 6.5
13.0 6.968
13.0 7.158
13.0 7.348
13.0 6.744
13.0 6.708
13.0 7.276
13.0 6.85
13.0 7.012
13.0 7.208
13.0 6.532
13.0 7.186
13.0 6.294
13.0 6.84
13.0 7.002
13.0 6.478
13.0 6.672
13.0 7.196
13.0 7.31
13.0 7.26
13.0 6.884
13.0 7.276
13.0 6.746
13.0 7.064
13.0 6.712
13.0 6.886

Individual: [1, 2, 4, 5, 7, 8, 16, 17, 19, 20]
   Fitness: 13.0
     Total: 10
Violations: 2 2

Individual: [1, 2, 4, 5, 10, 13, 14, 17, 19, 20]
   Fitness: 13.0
     Total: 10
Violations: 2 2

Individual: [1, 3, 6, 7, 12, 14, 15, 19, 20]
   Fitness: 13.5
     Total: 9
Violations: 0 0

Individual: [1, 2, 3, 6, 7, 8, 16, 17, 19, 20]
   Fitness: 13.0
     Total: 10
Violations: 2 2

Individual: [1, 2, 4, 5, 7, 8, 16, 17, 19, 20]
   Fitness: 13.0
     Total: 10
Violations: 2 2

Individual: [1, 3, 4, 6, 7, 14, 15, 18, 19, 20]
   Fitness: 13.0
     Total: 10
Violations: 2 2

Individual: [1, 2, 4, 5, 8, 13, 16, 17, 19, 20]
   Fitness: 13.0
     Total: 10
Violations: 2 2

Individual: [1, 2, 5, 6, 14, 15, 18, 19, 20]
   Fitness: 12.5
     Total: 9
Violations: 1 1

Individual: [1, 2, 4, 5, 13, 14, 15, 18, 19, 20]
   Fitness: 13.0
     Total: 10
Violations: 2 2

Individual: [1, 2, 3, 6, 7, 14, 15, 18, 19, 20]
   Fitness: 13.0
     Total: 10
Violations: 2 2
