10
100
10.5 3.546
12.0 7.752
12.5 9.19
12.5 9.35
13.0 10.12
13.0 10.866
13.0 11.506
13.0 12.118
13.0 12.32
13.0 12.562
13.0 12.722
13.0 12.678
13.0 12.536
13.0 12.64
13.0 12.58
13.0 12.606
13.0 12.642
13.0 12.584
13.0 12.606
13.0 12.646
13.0 12.57
13.0 12.46
13.0 12.722
13.0 12.672
13.0 12.596
13.0 12.762
13.0 12.758
13.0 12.72
13.0 12.506
13.0 12.746
13.0 12.778
13.0 12.628
13.0 12.666
13.0 12.73
13.0 12.562
13.0 12.564
13.0 12.642
13.0 12.724
13.0 12.696
13.0 12.688
13.0 12.792
13.0 12.624
13.0 12.684
13.0 12.548
13.0 12.786
13.0 12.832
13.0 12.746
13.0 12.79
13.0 12.704
13.0 12.768
13.0 12.598
13.0 12.74
13.0 12.688
13.0 12.68
13.0 12.69
13.0 12.79
13.0 12.59
13.0 12.702
13.0 12.644
13.0 12.738
13.0 12.662
13.0 12.648
13.0 12.56
13.0 12.692
13.0 12.694
13.0 12.66
13.0 12.686
13.0 12.592
13.0 12.584
13.0 12.608
13.0 12.548
13.0 12.624
13.0 12.646
13.0 12.712
13.0 12.536
13.0 12.59
13.0 12.608
13.0 12.442
13.0 12.706
13.0 12.684
13.0 12.646
13.0 12.63
13.0 12.58
13.0 12.694
13.0 12.708
13.0 12.728
13.0 12.692
13.0 12.75
13.0 12.638
13.0 12.668
13.0 12.552
13.0 12.72
13.0 12.686
13.0 12.668
13.0 12.564
13.0 12.57
13.0 12.616
13.0 12.462
13.0 12.628
13.0 12.644
100
11.0 3.34
11.5 8.044
12.5 9.572
12.5 10.144
12.5 10.52
12.5 11.298
12.5 11.792
12.5 11.848
12.5 12.106
12.5 12.128
12.5 12.142
12.5 12.12
12.5 12.184
12.5 12.072
12.5 12.208
12.5 12.066
12.5 12.118
12.5 12.226
12.5 12.184
12.5 12.09
12.5 12.066
12.5 12.262
12.5 12.224
12.5 12.134
12.5 12.186
12.5 12.116
12.5 12.072
12.5 12.156
12.5 12.124
12.5 12.214
12.5 12.194
12.5 12.152
12.5 12.248
12.5 12.212
12.5 12.224
12.5 12.216
12.5 12.276
12.5 12.22
12.5 12.186
12.5 12.154
12.5 12.266
12.5 12.138
12.5 12.142
12.5 12.208
12.5 12.094
12.5 12.23
12.5 12.234
12.5 12.246
12.5 12.146
12.5 12.254
12.5 12.188
12.5 12.272
12.5 12.236
12.5 12.286
12.5 12.202
12.5 12.2
12.5 12.22
12.5 12.15
12.5 12.228
12.5 12.258
12.5 12.178
12.5 12.258
12.5 12.126
12.5 12.268
12.5 12.2
12.5 12.2
12.5 12.188
12.5 12.114
12.5 12.068
12.5 12.14
12.5 12.298
12.5 12.08
12.5 12.208
12.5 12.172
12.5 12.204
12.5 12.268
12.5 12.232
12.5 12.05
12.5 12.224
12.5 12.094
12.5 12.188
12.5 12.294
12.5 12.25
12.5 12.22
12.5 12.124
12.5 12.216
12.5 12.084
12.5 12.228
12.5 12.256
12.5 12.214
12.5 12.178
12.5 12.216
12.5 12.258
12.5 12.274
12.5 12.284
12.5 12.21
12.5 12.252
12.5 12.116
12.5 12.138
12.5 12.152
100
11.5 4.088
12.5 7.814
13.0 9.376
13.0 10.126
13.0 10.682
13.0 11.532
13.0 11.954
13.0 12.376
13.0 12.634
13.0 12.692
13.0 12.71
13.0 12.664
13.0 12.658
13.0 12.696
13.0 12.662
13.0 12.556
13.0 12.71
13.0 12.516
13.0 12.716
13.0 12.634
13.0 12.69
13.0 12.704
13.0 12.738
13.0 12.698
13.0 12.558
13.0 12.644
13.0 12.466
13.0 12.604
13.0 12.702
13.0 12.814
13.0 12.762
13.0 12.69
13.0 12.664
13.0 12.732
13.0 12.566
13.0 12.752
13.0 12.69
13.0 12.73
13.0 12.774
13.0 12.686
13.0 12.628
13.0 12.66
13.0 12.624
13.0 12.746
13.0 12.568
13.0 12.738
13.0 12.684
13.0 12.676
13.0 12.54
13.0 12.628
13.0 12.552
13.0 12.716
13.0 12.676
13.0 12.644
13.0 12.76
13.0 12.532
13.0 12.7
13.0 12.68
13.0 12.67
13.0 12.746
13.0 12.528
13.0 12.674
13.0 12.754
13.0 12.75
13.0 12.648
13.0 12.598
13.0 12.434
13.0 12.756
13.0 12.564
13.0 12.718
13.0 12.632
13.0 12.75
13.0 12.626
13.0 12.666
13.0 12.664
13.0 12.736
13.0 12.602
13.0 12.72
13.0 12.85
13.0 12.69
13.0 12.724
13.0 12.732
13.0 12.708
13.0 12.586
13.0 12.61
13.0 12.71
13.0 12.61
13.0 12.546
13.0 12.788
13.0 12.714
13.0 12.702
13.0 12.73
13.0 12.716
13.0 12.722
13.0 12.658
13.0 12.696
13.0 12.634
13.0 12.83
13.0 12.708
13.0 12.488
100
10.5 4.01
12.0 7.898
12.0 9.046
12.0 9.872
12.5 10.424
12.5 10.856
12.5 11.42
13.0 11.562
13.0 12.088
13.0 12.064
13.0 12.394
13.0 12.512
13.0 12.588
13.0 12.612
13.0 12.606
13.0 12.644
13.0 12.578
13.0 12.62
13.0 12.616
13.0 12.556
13.0 12.774
13.0 12.676
13.0 12.7
13.0 12.546
13.0 12.638
13.0 12.71
13.0 12.446
13.0 12.518
13.0 12.514
13.0 12.528
13.0 12.558
13.0 12.614
13.0 12.426
13.0 12.544
13.0 12.604
13.0 12.58
13.0 12.486
13.0 12.504
13.0 12.508
13.0 12.56
13.0 12.426
13.0 12.426
13.0 12.606
13.0 12.484
13.0 12.608
13.0 12.638
13.0 12.586
13.0 12.522
13.0 12.546
13.0 12.574
13.0 12.686
13.0 12.514
13.0 12.716
13.0 12.45
13.0 12.512
13.0 12.61
13.0 12.596
13.0 12.43
13.0 12.694
13.0 12.4
13.0 12.57
13.0 12.664
13.0 12.57
13.0 12.474
13.0 12.57
13.0 12.506
13.0 12.55
13.0 12.686
13.0 12.66
13.0 12.616
13.0 12.586
13.0 12.594
13.0 12.622
13.0 12.628
13.0 12.548
13.0 12.612
13.0 12.59
13.0 12.608
13.0 12.632
13.0 12.718
13.0 12.538
13.0 12.65
13.0 12.538
13.0 12.504
13.0 12.604
13.0 12.666
13.0 12.626
13.0 12.486
13.0 12.634
13.0 12.848
13.0 12.668
13.0 12.774
13.0 12.666
13.0 12.684
13.0 12.618
13.0 12.702
13.0 12.654
13.0 12.652
13.0 12.556
13.0 12.458
100
11.0 3.552
12.0 7.918
12.5 9.21
13.0 10.234
13.0 11.306
13.0 11.994
13.0 12.226
13.0 12.608
13.0 12.616
13.0 12.528
13.0 12.388
13.0 12.668
13.0 12.648
13.0 12.692
13.0 12.658
13.0 12.598
13.0 12.612
13.0 12.56
13.0 12.598
13.0 12.534
13.0 12.63
13.0 12.692
13.0 12.758
13.0 12.626
13.0 12.65
13.0 12.684
13.0 12.514
13.0 12.608
13.0 12.602
13.0 12.782
13.0 12.622
13.0 12.584
13.0 12.57
13.0 12.64
13.0 12.646
13.0 12.732
13.0 12.738
13.0 12.646
13.0 12.73
13.0 12.606
13.0 12.746
13.0 12.718
13.0 12.684
13.0 12.656
13.0 12.728
13.0 12.484
13.0 12.68
13.0 12.578
13.0 12.604
13.0 12.488
13.0 12.736
13.0 12.486
13.0 12.602
13.0 12.734
13.0 12.606
13.0 12.616
13.0 12.6
13.0 12.706
13.0 12.606
13.0 12.762
13.0 12.73
13.0 12.462
13.0 12.748
13.0 12.622
13.0 12.672
13.0 12.684
13.0 12.614
13.0 12.678
13.0 12.614
13.0 12.562
13.0 12.688
13.0 12.622
13.0 12.692
13.0 12.664
13.0 12.706
13.0 12.748
13.0 12.622
13.0 12.668
13.0 12.67
13.0 12.618
13.0 12.59
13.0 12.646
13.0 12.792
13.0 12.738
13.0 12.668
13.0 12.718
13.0 12.726
13.0 12.71
13.0 12.66
13.0 12.778
13.0 12.696
13.0 12.69
13.0 12.63
13.0 12.692
13.0 12.618
13.0 12.812
13.0 12.49
13.0 12.65
13.0 12.738
13.0 12.622
100
12.5 4.038
12.5 8.408
12.5 9.488
12.5 10.332
13.0 10.858
13.0 11.42
13.0 11.634
13.0 11.958
13.5 12.178
13.5 12.384
13.5 12.558
13.5 12.95
13.5 13.124
13.5 13.166
13.5 13.198
13.5 13.074
13.5 13.22
13.5 13.176
13.5 13.064
13.5 13.272
13.5 13.22
13.5 13.112
13.5 13.116
13.5 13.14
13.5 13.242
13.5 13.048
13.5 13.072
13.5 13.254
13.5 13.092
13.5 13.158
13.5 13.216
13.5 13.134
13.5 13.106
13.5 13.178
13.5 13.134
13.5 13.15
13.5 13.136
13.5 13.228
13.5 13.064
13.5 13.196
13.5 13.23
13.5 13.24
13.5 13.204
13.5 13.1
13.5 13.142
13.5 13.142
13.5 13.188
13.5 13.092
13.5 13.19
13.5 13.214
13.5 13.096
13.5 13.164
13.5 13.18
13.5 13.238
13.5 13.176
13.5 13.218
13.5 13.262
13.5 13.202
13.5 13.138
13.5 13.294
13.5 13.19
13.5 13.108
13.5 13.19
13.5 13.212
13.5 13.072
13.5 13.09
13.5 13.102
13.5 13.174
13.5 13.236
13.5 13.184
13.5 13.196
13.5 13.26
13.5 13.188
13.5 13.276
13.5 13.126
13.5 13.164
13.5 13.17
13.5 13.122
13.5 13.068
13.5 13.064
13.5 13.15
13.5 13.112
13.5 13.148
13.5 13.13
13.5 13.14
13.5 13.108
13.5 13.188
13.5 13.268
13.5 13.126
13.5 13.15
13.5 13.102
13.5 13.276
13.5 13.214
13.5 13.09
13.5 13.134
13.5 13.218
13.5 13.128
13.5 13.11
13.5 13.206
13.5 13.09
100
11.0 3.346
12.5 8.074
12.5 9.238
12.5 9.928
12.5 10.498
12.5 10.862
12.5 11.592
12.5 11.712
13.0 12.04
13.0 12.0
13.0 12.186
13.0 12.198
13.0 12.526
13.0 12.706
13.0 12.658
13.0 12.72
13.0 12.77
13.0 12.818
13.0 12.656
13.0 12.638
13.0 12.62
13.0 12.71
13.0 12.696
13.0 12.688
13.0 12.7
13.0 12.784
13.0 12.744
13.0 12.656
13.0 12.57
13.0 12.706
13.0 12.654
13.0 12.648
13.0 12.772
13.0 12.602
13.0 12.686
13.0 12.766
13.0 12.722
13.0 12.738
13.0 12.61
13.0 12.68
13.0 12.72
13.0 12.74
13.0 12.612
13.0 12.722
13.0 12.704
13.0 12.708
13.0 12.644
13.0 12.752
13.0 12.652
13.0 12.612
13.0 12.634
13.0 12.746
13.0 12.702
13.0 12.578
13.0 12.58
13.0 12.512
13.0 12.784
13.0 12.694
13.0 12.748
13.0 12.73
13.0 12.716
13.0 12.568
13.0 12.686
13.0 12.802
13.0 12.61
13.0 12.572
13.0 12.672
13.0 12.75
13.0 12.78
13.0 12.722
13.0 12.69
13.0 12.66
13.0 12.582
13.0 12.538
13.0 12.744
13.0 12.684
13.0 12.71
13.0 12.7
13.0 12.572
13.0 12.59
13.0 12.77
13.0 12.69
13.0 12.744
13.0 12.754
13.0 12.588
13.0 12.772
13.0 12.786
13.0 12.68
13.0 12.726
13.0 12.742
13.0 12.698
13.0 12.776
13.0 12.618
13.0 12.646
13.0 12.656
13.0 12.708
13.0 12.7
13.0 12.616
13.0 12.626
13.0 12.648
100
11.0 3.854
11.5 8.172
12.0 9.352
12.5 10.002
12.5 10.738
12.5 11.182
12.5 11.572
12.5 11.688
12.5 11.934
12.5 12.074
12.5 12.096
12.5 12.194
12.5 12.102
12.5 12.134
12.5 12.192
12.5 11.95
12.5 12.304
12.5 12.098
12.5 12.248
12.5 12.244
12.5 12.164
12.5 12.152
12.5 12.06
12.5 12.194
12.5 12.2
12.5 12.098
12.5 12.276
12.5 12.084
12.5 12.296
12.5 12.262
12.5 12.182
12.5 12.098
12.5 12.092
12.5 12.158
12.5 12.194
12.5 12.156
12.5 12.176
12.5 12.24
12.5 12.222
12.5 12.106
12.5 12.184
12.5 12.174
12.5 12.222
12.5 12.196
12.5 12.192
12.5 12.098
12.5 12.228
12.5 12.118
12.5 12.238
12.5 12.034
12.5 12.072
12.5 12.198
12.5 12.17
12.5 12.216
12.5 12.214
12.5 12.14
12.5 12.284
12.5 12.256
12.5 12.286
12.5 12.164
12.5 12.18
12.5 12.266
12.5 12.158
12.5 12.29
12.5 12.198
12.5 12.186
12.5 12.128
12.5 12.138
12.5 12.116
12.5 12.17
12.5 12.268
12.5 12.29
12.5 12.096
12.5 12.18
12.5 12.218
12.5 12.17
12.5 12.152
12.5 12.098
12.5 12.146
12.5 12.238
12.5 12.172
12.5 12.162
12.5 12.284
12.5 12.208
12.5 12.222
12.5 12.182
12.5 12.164
12.5 12.11
12.5 12.184
12.5 12.128
12.5 12.164
12.5 12.168
12.5 12.264
12.5 12.224
12.5 12.216
12.5 12.256
12.5 12.16
12.5 12.228
12.5 12.268
12.5 12.282
100
11.5 3.932
11.5 7.928
12.5 9.026
13.0 9.86
13.0 10.428
13.0 11.046
13.0 11.962
13.0 12.406
13.0 12.432
13.0 12.59
13.0 12.634
13.0 12.768
13.0 12.646
13.0 12.556
13.0 12.638
13.0 12.706
13.0 12.606
13.0 12.68
13.0 12.46
13.0 12.704
13.0 12.662
13.0 12.584
13.0 12.71
13.0 12.78
13.0 12.686
13.0 12.654
13.0 12.708
13.0 12.722
13.0 12.636
13.0 12.748
13.0 12.7
13.0 12.868
13.0 12.642
13.0 12.718
13.0 12.678
13.0 12.768
13.0 12.766
13.0 12.71
13.0 12.7
13.0 12.704
13.0 12.652
13.0 12.724
13.0 12.74
13.0 12.692
13.0 12.7
13.0 12.65
13.0 12.608
13.0 12.668
13.0 12.71
13.0 12.614
13.0 12.808
13.0 12.702
13.0 12.702
13.0 12.708
13.0 12.622
13.0 12.708
13.0 12.682
13.0 12.764
13.0 12.624
13.0 12.73
13.0 12.784
13.0 12.686
13.0 12.68
13.0 12.688
13.0 12.65
13.0 12.6
13.0 12.764
13.0 12.62
13.0 12.678
13.0 12.652
13.0 12.618
13.0 12.698
13.0 12.696
13.0 12.68
13.0 12.692
13.0 12.714
13.0 12.746
13.0 12.79
13.0 12.736
13.0 12.634
13.0 12.678
13.0 12.502
13.0 12.616
13.0 12.656
13.0 12.756
13.0 12.722
13.0 12.706
13.0 12.662
13.0 12.766
13.0 12.81
13.0 12.594
13.0 12.54
13.0 12.626
13.0 12.586
13.0 12.762
13.0 12.656
13.0 12.636
13.0 12.634
13.0 12.742
13.0 12.624
100
11.5 3.444
12.0 7.7
12.0 9.076
13.0 10.172
13.0 10.742
13.0 11.278
13.0 11.802
13.0 11.97
13.0 12.174
13.0 12.528
13.0 12.546
13.0 12.376
13.0 12.636
13.0 12.682
13.0 12.592
13.0 12.626
13.0 12.678
13.0 12.582
13.0 12.562
13.0 12.652
13.0 12.628
13.0 12.68
13.0 12.572
13.0 12.77
13.0 12.75
13.0 12.602
13.0 12.664
13.0 12.62
13.0 12.666
13.0 12.732
13.0 12.604
13.0 12.71
13.0 12.554
13.0 12.594
13.0 12.554
13.0 12.56
13.0 12.684
13.0 12.724
13.0 12.67
13.0 12.656
13.0 12.636
13.0 12.706
13.0 12.666
13.0 12.676
13.0 12.744
13.0 12.65
13.0 12.57
13.0 12.694
13.0 12.586
13.0 12.638
13.0 12.718
13.0 12.656
13.0 12.648
13.0 12.7
13.0 12.646
13.0 12.584
13.0 12.644
13.0 12.646
13.0 12.644
13.0 12.612
13.0 12.51
13.0 12.514
13.0 12.696
13.0 12.448
13.0 12.682
13.0 12.698
13.0 12.636
13.0 12.674
13.0 12.584
13.0 12.636
13.0 12.672
13.0 12.654
13.0 12.71
13.0 12.752
13.0 12.62
13.0 12.76
13.0 12.694
13.0 12.682
13.0 12.614
13.0 12.546
13.0 12.57
13.0 12.658
13.0 12.742
13.0 12.776
13.0 12.544
13.0 12.628
13.0 12.576
13.0 12.636
13.0 12.8
13.0 12.63
13.0 12.754
13.0 12.782
13.0 12.666
13.0 12.688
13.0 12.636
13.0 12.648
13.0 12.648
13.0 12.606
13.0 12.592
13.0 12.722

Individual: [1, 2, 5, 7, 10, 14, 16, 17, 19, 20]
   Fitness: 13.0
     Total: 10
Violations: 2 2

Individual: [1, 3, 4, 6, 13, 14, 15, 18, 19]
   Fitness: 12.5
     Total: 9
Violations: 1 1

Individual: [1, 2, 4, 5, 13, 14, 16, 17, 19, 20]
   Fitness: 13.0
     Total: 10
Violations: 2 2

Individual: [1, 2, 5, 6, 7, 14, 16, 17, 19, 20]
   Fitness: 13.0
     Total: 10
Violations: 2 2

Individual: [1, 2, 4, 5, 7, 14, 16, 17, 19, 20]
   Fitness: 13.0
     Total: 10
Violations: 2 2

Individual: [1, 2, 6, 7, 9, 14, 15, 18, 20]
   Fitness: 13.5
     Total: 9
Violations: 0 0

Individual: [1, 3, 4, 6, 7, 14, 15, 18, 19, 20]
   Fitness: 13.0
     Total: 10
Violations: 2 2

Individual: [1, 2, 5, 6, 13, 15, 16, 18, 19]
   Fitness: 12.5
     Total: 9
Violations: 1 1

Individual: [1, 2, 4, 5, 7, 14, 15, 18, 19, 20]
   Fitness: 13.0
     Total: 10
Violations: 2 2

Individual: [1, 2, 5, 6, 7, 14, 15, 16, 19, 20]
   Fitness: 13.0
     Total: 10
Violations: 2 2
