10
500
12.5 3.626
12.5 6.442
12.5 7.288
12.5 7.284
12.5 7.64
12.5 7.76
12.5 7.7
13.0 8.376
13.0 8.292
13.0 7.764
13.0 7.738
13.0 8.062
13.0 8.284
13.0 8.014
13.0 8.166
13.0 8.562
13.0 8.408
13.0 7.862
13.0 7.976
13.0 7.71
13.0 8.428
13.0 8.304
13.0 7.982
13.0 8.274
13.0 8.046
13.0 8.298
13.0 8.132
13.0 8.292
13.0 8.406
13.0 8.208
13.0 8.546
13.0 8.242
13.0 8.104
13.0 7.606
13.0 8.02
13.0 8.228
13.0 8.396
13.0 8.412
13.0 8.266
13.0 8.566
13.0 8.178
13.0 8.444
13.0 8.924
13.0 8.458
13.0 8.728
13.0 8.686
13.0 7.974
13.0 8.312
13.0 8.3
13.0 8.23
13.0 8.226
13.0 8.412
13.0 8.166
13.0 8.52
13.0 8.334
13.0 7.942
13.0 8.362
13.0 8.17
13.0 7.966
13.0 7.81
13.0 8.26
13.0 8.158
13.0 7.85
13.0 8.126
13.0 7.87
13.0 8.532
13.0 7.94
13.0 8.3
13.0 8.534
13.0 8.182
13.0 8.656
13.0 8.752
13.0 8.0
13.0 8.354
13.0 8.38
13.0 7.986
13.0 8.302
13.0 8.43
13.0 8.324
13.0 8.262
13.0 8.548
13.0 8.59
13.0 8.4
13.0 8.438
13.0 8.476
13.0 8.382
13.0 8.632
13.0 8.08
13.0 8.548
13.0 8.464
13.0 8.496
13.0 8.14
13.0 7.908
13.0 8.288
13.0 8.664
13.0 8.544
13.0 8.596
13.0 8.796
13.0 8.69
13.0 8.724
13.0 8.58
13.0 8.272
13.0 7.816
13.0 8.286
13.0 8.16
13.0 8.526
13.0 8.164
13.0 8.056
13.0 8.364
13.0 8.16
13.0 8.368
13.0 8.424
13.0 8.504
13.0 8.188
13.0 8.602
13.0 8.57
13.0 8.166
13.0 8.328
13.0 7.946
13.0 8.438
13.0 8.298
13.0 8.442
13.0 8.298
13.0 8.446
13.0 8.352
13.0 8.292
13.0 8.492
13.0 8.818
13.0 8.544
13.0 8.652
13.0 8.08
13.0 8.39
13.0 8.192
13.0 8.062
13.0 7.868
13.0 8.186
13.0 7.982
13.0 8.258
13.0 7.802
13.0 8.22
13.0 8.154
13.0 8.134
13.0 8.442
13.0 8.214
13.0 8.458
13.0 8.442
13.0 8.526
13.0 8.524
13.0 8.378
13.0 8.48
13.0 8.066
13.0 8.384
13.0 8.152
13.0 8.616
13.0 8.498
13.5 8.51
13.5 8.32
13.5 8.318
13.5 8.488
13.5 8.746
13.5 8.45
13.5 8.64
13.5 8.206
13.5 8.356
13.5 7.976
13.5 8.494
13.5 8.434
13.5 8.602
13.5 8.34
13.5 8.39
13.5 8.586
13.5 8.358
13.5 8.638
13.5 8.03
13.5 8.084
13.5 8.38
13.5 7.822
13.5 8.314
13.5 8.398
13.5 8.454
13.5 8.234
13.5 8.48
13.5 8.416
13.5 7.906
13.5 8.164
13.5 8.258
13.5 8.09
13.5 8.24
13.5 8.304
13.5 8.276
13.5 8.142
13.5 7.74
13.5 8.174
13.5 8.17
13.5 8.186
13.5 7.842
13.5 8.302
13.5 8.352
13.5 8.016
13.5 8.316
13.5 8.346
13.5 8.364
13.5 8.332
13.5 7.96
13.5 8.228
13.5 8.422
13.5 8.602
13.5 8.582
13.5 8.022
13.5 8.274
13.5 8.364
13.5 8.432
13.5 8.484
13.5 8.178
13.5 8.31
13.5 7.922
13.5 7.916
13.5 8.12
13.5 8.422
13.5 8.008
13.5 8.382
13.5 8.256
13.5 8.508
13.5 8.25
13.5 8.44
13.5 8.054
13.5 8.228
13.5 8.358
13.5 8.138
13.5 8.706
13.5 8.248
13.5 8.252
13.5 8.108
13.5 8.148
13.5 8.04
13.5 8.304
13.5 8.806
13.5 8.156
13.5 8.31
13.5 8.124
13.5 7.694
13.5 8.372
13.5 8.26
13.5 8.49
13.5 8.126
13.5 8.142
13.5 8.336
13.5 7.97
13.5 8.382
13.5 8.28
13.5 8.01
13.5 7.808
13.5 8.226
13.5 8.176
13.5 8.086
13.5 8.436
13.5 8.318
13.5 8.618
13.5 8.634
13.5 8.862
13.5 8.866
13.5 8.654
13.5 8.676
13.5 8.098
13.5 8.016
13.5 8.47
13.5 8.152
13.5 8.166
13.5 7.976
13.5 8.434
13.5 8.49
13.5 8.286
13.5 8.282
13.5 8.026
13.5 7.988
13.5 8.408
13.5 8.378
13.5 9.07
13.5 8.678
13.5 8.742
13.5 8.654
13.5 8.576
13.5 8.334
13.5 8.492
13.5 8.592
13.5 8.566
13.5 8.382
13.5 8.518
13.5 8.422
13.5 8.404
13.5 8.506
13.5 8.7
13.5 8.506
13.5 8.46
13.5 8.304
13.5 8.272
13.5 8.272
13.5 8.52
13.5 8.404
13.5 8.352
13.5 8.514
13.5 8.3
13.5 8.24
13.5 8.354
13.5 8.206
13.5 8.338
13.5 8.51
13.5 8.322
13.5 8.656
13.5 8.67
13.5 8.55
13.5 8.742
13.5 8.302
13.5 8.404
13.5 8.556
13.5 8.17
13.5 8.732
13.5 8.358
13.5 8.146
13.5 7.866
13.5 8.108
13.5 8.42
13.5 8.44
13.5 8.022
13.5 7.87
13.5 8.344
13.5 8.38
13.5 7.844
13.5 8.454
13.5 8.336
13.5 8.492
13.5 8.158
13.5 8.326
13.5 8.172
13.5 8.152
13.5 7.976
13.5 8.054
13.5 7.9
13.5 8.096
13.5 8.154
13.5 8.452
13.5 8.062
13.5 7.784
13.5 8.004
13.5 8.2
13.5 8.524
13.5 8.32
13.5 8.434
13.5 8.502
13.5 8.626
13.5 8.772
13.5 8.296
13.5 8.53
13.5 7.978
13.5 8.046
13.5 7.704
13.5 8.39
13.5 8.694
13.5 8.052
13.5 8.076
13.5 8.204
13.5 8.056
13.5 8.348
13.5 8.51
13.5 8.29
13.5 8.28
13.5 8.432
13.5 8.178
13.5 8.358
13.5 8.23
13.5 8.086
13.5 8.634
13.5 8.456
13.5 8.206
13.5 8.47
13.5 8.186
13.5 7.994
13.5 8.486
13.5 8.156
13.5 8.352
13.5 8.328
13.5 7.922
13.5 8.224
13.5 8.314
13.5 8.1
13.5 8.302
13.5 8.468
13.5 8.436
13.5 8.214
13.5 8.282
13.5 8.306
13.5 8.226
13.5 8.082
13.5 7.926
13.5 8.188
13.5 8.316
13.5 8.672
13.5 8.492
13.5 8.36
13.5 8.474
13.5 8.67
13.5 8.582
13.5 8.364
13.5 8.388
13.5 8.182
13.5 8.25
13.5 8.252
13.5 8.838
13.5 8.75
13.5 8.236
13.5 8.616
13.5 8.658
13.5 8.674
13.5 8.45
13.5 8.734
13.5 8.738
13.5 8.56
13.5 8.646
13.5 8.344
13.5 8.524
13.5 8.56
13.5 8.056
13.5 8.464
13.5 8.238
13.5 8.34
13.5 8.356
13.5 8.016
13.5 8.478
13.5 8.198
13.5 8.356
13.5 8.29
13.5 8.112
13.5 8.082
13.5 8.196
13.5 8.43
13.5 8.298
13.5 8.556
13.5 8.254
13.5 8.386
13.5 8.344
13.5 8.058
13.5 8.11
13.5 8.232
13.5 8.398
13.5 8.278
13.5 8.374
13.5 8.46
13.5 8.664
13.5 8.478
13.5 8.328
13.5 8.486
13.5 8.366
13.5 8.282
13.5 8.316
13.5 8.262
13.5 8.004
13.5 8.418
13.5 8.064
13.5 7.45
13.5 8.264
13.5 8.562
13.5 8.402
13.5 8.536
13.5 8.614
13.5 8.55
13.5 8.024
13.5 8.43
13.5 8.182
13.5 8.022
13.5 7.958
13.5 8.068
13.5 8.018
13.5 8.122
13.5 8.01
13.5 8.256
13.5 8.264
13.5 7.794
13.5 8.114
13.5 8.39
13.5 8.65
13.5 8.462
13.5 8.184
13.5 7.896
13.5 7.756
13.5 8.392
13.5 8.424
13.5 8.504
13.5 8.614
13.5 8.322
13.5 8.12
13.5 8.326
13.5 8.236
13.5 8.488
13.5 7.59
13.5 8.15
13.5 8.042
13.5 7.852
13.5 8.22
13.5 8.524
13.5 8.536
500
12.5 3.642
12.5 6.542
12.5 7.364
12.5 7.99
12.5 7.826
12.5 8.036
13.0 7.946
13.0 7.798
13.0 7.932
13.0 8.156
13.0 8.152
13.0 8.234
13.0 8.248
13.0 8.09
13.0 8.456
13.0 8.48
13.0 8.31
13.0 8.264
13.0 8.1
13.0 8.154
13.0 8.464
13.0 7.948
13.0 8.382
13.0 8.432
13.0 8.196
13.0 8.168
13.0 7.996
13.0 7.792
13.0 7.95
13.0 8.124
13.0 8.012
13.0 8.158
13.0 8.148
13.0 8.542
13.0 8.2
13.0 8.56
13.0 8.564
13.0 8.392
13.0 8.556
13.0 8.084
13.0 8.026
13.0 8.372
13.0 8.466
13.0 8.504
13.0 8.018
13.0 7.992
13.0 8.092
13.0 8.344
13.0 8.612
13.0 8.238
13.0 8.144
13.0 8.712
13.0 8.412
13.0 8.698
13.0 8.362
13.0 7.976
13.0 8.166
13.0 8.102
13.0 8.396
13.0 8.4
13.0 8.684
13.0 8.662
13.0 8.386
13.0 8.646
13.0 8.57
13.5 8.306
13.5 8.438
13.5 8.53
13.5 8.398
13.5 8.482
13.5 8.336
13.5 8.492
13.5 8.294
13.5 8.372
13.5 8.416
13.5 8.506
13.5 8.254
13.5 8.2
13.5 8.32
13.5 8.19
13.5 8.12
13.5 7.992
13.5 7.942
13.5 8.13
13.5 8.384
13.5 8.368
13.5 8.404
13.5 8.022
13.5 8.422
13.5 8.198
13.5 8.494
13.5 8.682
13.5 8.5
13.5 8.38
13.5 8.46
13.5 8.29
13.5 8.09
13.5 8.108
13.5 8.318
13.5 8.43
13.5 8.704
13.5 8.676
13.5 8.412
13.5 8.454
13.5 7.988
13.5 8.306
13.5 8.284
13.5 8.382
13.5 8.45
13.5 8.218
13.5 7.954
13.5 8.126
13.5 7.89
13.5 8.372
13.5 8.372
13.5 8.53
13.5 8.276
13.5 8.17
13.5 8.572
13.5 8.446
13.5 8.27
13.5 8.104
13.5 8.416
13.5 8.022
13.5 8.37
13.5 8.26
13.5 8.45
13.5 7.85
13.5 8.268
13.5 8.53
13.5 8.426
13.5 8.348
13.5 7.946
13.5 7.824
13.5 8.078
13.5 8.182
13.5 8.338
13.5 8.236
13.5 8.074
13.5 8.228
13.5 8.278
13.5 8.438
13.5 8.516
13.5 8.19
13.5 8.178
13.5 8.006
13.5 7.976
13.5 8.412
13.5 8.314
13.5 8.348
13.5 8.632
13.5 8.334
13.5 8.586
13.5 8.514
13.5 8.43
13.5 8.534
13.5 8.084
13.5 8.224
13.5 8.284
13.5 8.1
13.5 8.274
13.5 8.33
13.5 8.518
13.5 8.678
13.5 7.87
13.5 8.19
13.5 8.248
13.5 8.398
13.5 8.088
13.5 8.09
13.5 7.904
13.5 8.392
13.5 7.786
13.5 7.492
13.5 8.126
13.5 8.312
13.5 8.518
13.5 8.372
13.5 8.182
13.5 8.356
13.5 8.342
13.5 8.366
13.5 8.036
13.5 8.398
13.5 8.426
13.5 8.508
13.5 8.632
13.5 8.49
13.5 8.458
13.5 8.172
13.5 8.456
13.5 8.556
13.5 7.95
13.5 8.292
13.5 8.53
13.5 8.21
13.5 8.262
13.5 8.836
13.5 8.13
13.5 8.224
13.5 8.062
13.5 8.126
13.5 7.664
13.5 7.698
13.5 7.87
13.5 7.786
13.5 8.126
13.5 7.904
13.5 8.112
13.5 8.246
13.5 8.228
13.5 8.134
13.5 8.214
13.5 8.744
13.5 8.146
13.5 8.33
13.5 8.534
13.5 8.19
13.5 8.154
13.5 7.956
13.5 8.05
13.5 7.942
13.5 8.432
13.5 8.282
13.5 8.074
13.5 8.514
13.5 8.116
13.5 8.47
13.5 8.176
13.5 8.364
13.5 8.384
13.5 8.504
13.5 8.386
13.5 8.602
13.5 8.04
13.5 8.19
13.5 8.276
13.5 8.212
13.5 8.33
13.5 8.008
13.5 8.136
13.5 8.132
13.5 7.954
13.5 8.052
13.5 8.556
13.5 8.496
13.5 8.656
13.5 8.046
13.5 8.566
13.5 8.414
13.5 8.04
13.5 8.468
13.5 8.31
13.5 8.57
13.5 8.676
13.5 8.236
13.5 7.832
13.5 7.98
13.5 7.92
13.5 7.948
13.5 8.348
13.5 8.47
13.5 8.248
13.5 8.584
13.5 8.296
13.5 8.36
13.5 8.056
13.5 8.546
13.5 8.212
13.5 8.23
13.5 8.306
13.5 8.37
13.5 8.104
13.5 8.522
13.5 8.324
13.5 8.16
13.5 7.944
13.5 8.216
13.5 8.104
13.5 8.258
13.5 7.98
13.5 7.868
13.5 8.016
13.5 8.052
13.5 7.732
13.5 8.116
13.5 8.14
13.5 8.272
13.5 7.702
13.5 7.914
13.5 8.134
13.5 8.314
13.5 8.528
13.5 8.434
13.5 8.682
13.5 8.184
13.5 8.626
13.5 8.366
13.5 8.438
13.5 8.448
13.5 8.368
13.5 8.142
13.5 8.716
13.5 8.3
13.5 8.648
13.5 8.506
13.5 8.362
13.5 8.528
13.5 8.26
13.5 8.278
13.5 7.98
13.5 7.932
13.5 8.208
13.5 7.952
13.5 8.018
13.5 7.968
13.5 8.422
13.5 8.444
13.5 7.884
13.5 8.304
13.5 8.26
13.5 8.438
13.5 8.264
13.5 8.464
13.5 8.302
13.5 8.294
13.5 8.132
13.5 7.78
13.5 8.056
13.5 8.098
13.5 7.878
13.5 7.904
13.5 8.026
13.5 8.226
13.5 8.004
13.5 8.51
13.5 8.208
13.5 7.566
13.5 7.7
13.5 8.028
13.5 7.98
13.5 8.022
13.5 8.092
13.5 8.404
13.5 8.226
13.5 8.53
13.5 8.16
13.5 8.14
13.5 8.382
13.5 8.24
13.5 8.5
13.5 8.488
13.5 8.428
13.5 8.316
13.5 8.386
13.5 8.424
13.5 8.196
13.5 8.282
13.5 7.998
13.5 8.394
13.5 8.43
13.5 8.576
13.5 8.356
13.5 8.104
13.5 8.654
13.5 8.298
13.5 8.456
13.5 7.972
13.5 8.254
13.5 8.228
13.5 8.156
13.5 8.042
13.5 8.474
13.5 8.208
13.5 8.542
13.5 8.33
13.5 8.418
13.5 8.45
13.5 8.332
13.5 8.134
13.5 8.37
13.5 8.042
13.5 8.01
13.5 8.504
13.5 8.254
13.5 8.382
13.5 8.5
13.5 8.112
13.5 8.558
13.5 8.54
13.5 8.61
13.5 8.396
13.5 8.388
13.5 8.16
13.5 8.074
13.5 8.154
13.5 8.408
13.5 8.428
13.5 8.548
13.5 7.968
13.5 8.464
13.5 8.336
13.5 8.534
13.5 8.372
13.5 8.244
13.5 8.526
13.5 8.688
13.5 8.304
13.5 8.546
13.5 8.332
13.5 8.748
13.5 8.302
13.5 8.698
13.5 8.146
13.5 8.68
13.5 8.504
13.5 8.568
13.5 8.328
13.5 8.126
13.5 8.006
13.5 8.238
13.5 7.996
13.5 7.998
13.5 8.06
13.5 7.496
13.5 7.982
13.5 7.96
13.5 7.972
13.5 8.048
13.5 8.256
13.5 8.074
13.5 7.988
13.5 7.978
13.5 8.234
13.5 7.712
13.5 7.956
13.5 8.138
13.5 8.402
13.5 8.438
13.5 8.238
13.5 8.49
13.5 8.206
13.5 8.444
13.5 8.04
13.5 8.584
13.5 8.392
13.5 8.47
13.5 8.562
13.5 8.348
13.5 8.182
13.5 8.234
13.5 7.884
13.5 7.852
13.5 8.198
13.5 8.31
13.5 8.234
13.5 8.346
13.5 8.478
13.5 8.384
13.5 8.788
13.5 8.394
13.5 8.358
13.5 8.66
13.5 8.176
13.5 8.134
13.5 7.922
13.5 7.908
13.5 8.284
13.5 8.308
13.5 8.372
13.5 8.146
13.5 8.498
13.5 8.6
13.5 8.604
13.5 8.714
13.5 8.56
13.5 8.024
13.5 8.048
13.5 8.604
13.5 8.318
13.5 8.108
13.5 8.388
13.5 8.85
13.5 8.346
13.5 8.256
13.5 8.358
13.5 7.924
13.5 8.34
13.5 7.806
13.5 8.29
13.5 8.646
13.5 8.526
13.5 8.312
13.5 8.45
13.5 8.316
13.5 8.186
13.5 8.206
13.5 8.282
13.5 8.422
13.5 8.82
500
11.0 3.856
11.5 6.474
12.5 7.27
12.5 7.546
12.5 7.434
12.5 7.832
12.5 7.83
12.5 7.978
12.5 7.998
13.0 8.124
13.0 7.976
13.0 7.97
13.0 8.026
13.0 8.114
13.0 8.272
13.0 7.91
13.0 8.196
13.0 8.192
13.0 8.032
13.0 8.15
13.0 8.298
13.0 8.22
13.0 8.586
13.0 8.564
13.0 8.386
13.0 8.076
13.0 8.03
13.0 8.276
13.0 8.474
13.0 8.542
13.0 8.336
13.0 8.666
13.0 8.652
13.0 8.368
13.0 8.012
13.0 7.912
13.0 7.988
13.0 8.494
13.0 8.422
13.0 8.552
13.0 8.324
13.0 8.278
13.0 8.374
13.0 8.526
13.0 8.184
13.5 8.19
13.5 8.09
13.5 8.608
13.5 8.568
13.5 8.428
13.5 8.288
13.5 8.32
13.5 8.516
13.5 8.294
13.5 8.272
13.5 8.45
13.5 8.134
13.5 8.444
13.5 8.646
13.5 8.38
13.5 8.49
13.5 8.244
13.5 8.224
13.5 8.088
13.5 8.444
13.5 8.43
13.5 8.216
13.5 8.544
13.5 8.446
13.5 8.496
13.5 8.488
13.5 8.128
13.5 8.48
13.5 8.62
13.5 8.426
13.5 8.318
13.5 8.528
13.5 8.32
13.5 8.104
13.5 8.384
13.5 8.178
13.5 8.212
13.5 8.396
13.5 8.284
13.5 8.546
13.5 8.212
13.5 8.402
13.5 8.044
13.5 7.752
13.5 8.312
13.5 7.998
13.5 8.164
13.5 8.442
13.5 8.446
13.5 7.862
13.5 8.152
13.5 8.04
13.5 8.486
13.5 8.45
13.5 8.168
13.5 8.176
13.5 8.506
13.5 8.406
13.5 8.174
13.5 8.182
13.5 8.158
13.5 8.07
13.5 8.516
13.5 8.4
13.5 8.64
13.5 8.546
13.5 8.402
13.5 8.162
13.5 8.55
13.5 8.032
13.5 8.33
13.5 8.304
13.5 8.396
13.5 8.498
13.5 8.244
13.5 8.502
13.5 8.504
13.5 8.342
13.5 8.37
13.5 8.286
13.5 8.48
13.5 8.434
13.5 7.988
13.5 8.484
13.5 8.652
13.5 8.482
13.5 8.46
13.5 8.68
13.5 8.174
13.5 8.37
13.5 8.242
13.5 8.322
13.5 8.284
13.5 8.562
13.5 8.264
13.5 8.258
13.5 8.332
13.5 8.388
13.5 8.422
13.5 8.014
13.5 8.26
13.5 8.24
13.5 8.536
13.5 8.424
13.5 8.4
13.5 8.428
13.5 8.5
13.5 8.28
13.5 7.878
13.5 8.282
13.5 8.236
13.5 8.328
13.5 8.416
13.5 8.076
13.5 8.338
13.5 8.236
13.5 8.366
13.5 8.224
13.5 8.66
13.5 8.28
13.5 8.424
13.5 8.608
13.5 8.736
13.5 8.412
13.5 8.264
13.5 8.75
13.5 8.928
13.5 8.332
13.5 8.52
13.5 8.386
13.5 8.154
13.5 8.47
13.5 8.636
13.5 8.362
13.5 8.05
13.5 8.46
13.5 8.356
13.5 8.542
13.5 8.324
13.5 8.344
13.5 8.462
13.5 8.336
13.5 8.378
13.5 8.544
13.5 8.388
13.5 8.38
13.5 8.37
13.5 8.19
13.5 8.268
13.5 8.572
13.5 8.132
13.5 8.292
13.5 8.254
13.5 8.23
13.5 8.218
13.5 8.404
13.5 8.222
13.5 8.396
13.5 8.254
13.5 8.58
13.5 8.468
13.5 8.37
13.5 8.418
13.5 8.456
13.5 8.386
13.5 8.428
13.5 8.442
13.5 8.654
13.5 8.55
13.5 8.822
13.5 8.842
13.5 8.44
13.5 8.638
13.5 8.704
13.5 8.586
13.5 8.558
13.5 8.562
13.5 8.158
13.5 8.162
13.5 8.536
13.5 8.27
13.5 8.17
13.5 8.108
13.5 8.372
13.5 8.176
13.5 8.632
13.5 8.356
13.5 8.104
13.5 8.532
13.5 8.154
13.5 8.394
13.5 8.688
13.5 8.944
13.5 8.71
13.5 8.432
13.5 8.624
13.5 8.582
13.5 7.8
13.5 8.254
13.5 8.354
13.5 8.562
13.5 8.766
13.5 8.59
13.5 8.546
13.5 8.772
13.5 8.796
13.5 8.21
13.5 8.012
13.5 8.122
13.5 8.266
13.5 8.348
13.5 8.496
13.5 8.082
13.5 8.364
13.5 8.27
13.5 8.012
13.5 8.376
13.5 8.43
13.5 7.978
13.5 8.238
13.5 8.528
13.5 8.424
13.5 8.052
13.5 8.298
13.5 8.608
13.5 8.57
13.5 8.604
13.5 8.604
13.5 8.262
13.5 8.222
13.5 7.998
13.5 8.4
13.5 8.27
13.5 8.334
13.5 8.004
13.5 7.682
13.5 8.442
13.5 7.828
13.5 7.972
13.5 8.37
13.5 8.156
13.5 8.21
13.5 8.814
13.5 8.536
13.5 8.502
13.5 8.366
13.5 8.348
13.5 8.296
13.5 8.338
13.5 8.36
13.5 8.306
13.5 8.394
13.5 8.414
13.5 8.48
13.5 7.952
13.5 8.11
13.5 8.06
13.5 8.162
13.5 8.266
13.5 8.158
13.5 8.404
13.5 8.07
13.5 8.268
13.5 8.464
13.5 8.51
13.5 8.608
13.5 8.41
13.5 8.144
13.5 8.172
13.5 8.162
13.5 7.978
13.5 8.174
13.5 7.868
13.5 7.922
13.5 8.596
13.5 8.536
13.5 7.91
13.5 8.106
13.5 8.352
13.5 8.25
13.5 8.358
13.5 8.368
13.5 8.332
13.5 8.542
13.5 7.874
13.5 8.272
13.5 8.34
13.5 8.398
13.5 8.298
13.5 8.322
13.5 8.314
13.5 8.534
13.5 8.286
13.5 8.708
13.5 8.29
13.5 7.782
13.5 8.132
13.5 7.958
13.5 8.068
13.5 8.124
13.5 7.878
13.5 8.106
13.5 8.07
13.5 8.31
13.5 7.982
13.5 8.048
13.5 8.27
13.5 8.69
13.5 8.362
13.5 8.428
13.5 8.31
13.5 7.902
13.5 7.818
13.5 7.74
13.5 8.12
13.5 8.778
13.5 8.366
13.5 8.184
13.5 8.29
13.5 8.152
13.5 8.126
13.5 8.214
13.5 8.198
13.5 8.308
13.5 8.478
13.5 8.536
13.5 8.442
13.5 8.258
13.5 8.302
13.5 8.398
13.5 8.562
13.5 8.302
13.5 8.294
13.5 8.222
13.5 8.454
13.5 8.414
13.5 8.074
13.5 8.114
13.5 8.108
13.5 8.326
13.5 8.276
13.5 7.958
13.5 8.264
13.5 7.82
13.5 8.368
13.5 8.266
13.5 8.516
13.5 8.402
13.5 8.154
13.5 8.656
13.5 8.394
13.5 8.512
13.5 8.468
13.5 8.376
13.5 8.31
13.5 8.39
13.5 8.446
13.5 8.316
13.5 8.63
13.5 8.302
13.5 8.196
13.5 8.484
13.5 8.196
13.5 8.366
13.5 8.614
13.5 8.49
13.5 8.464
13.5 8.482
13.5 8.372
13.5 8.004
13.5 8.01
13.5 8.018
13.5 8.346
13.5 8.094
13.5 8.112
13.5 8.592
13.5 8.316
13.5 8.08
13.5 8.452
13.5 8.244
13.5 8.714
13.5 8.548
13.5 8.36
13.5 8.426
13.5 8.164
13.5 8.07
13.5 8.114
13.5 8.044
13.5 7.812
13.5 8.026
13.5 8.336
13.5 8.564
13.5 8.438
13.5 8.29
13.5 8.302
13.5 8.514
13.5 8.258
13.5 8.342
13.5 8.268
13.5 8.27
13.5 8.144
13.5 8.054
13.5 8.116
13.5 8.316
13.5 8.578
13.5 8.382
13.5 8.398
13.5 7.936
13.5 8.236
13.5 8.28
13.5 8.4
13.5 8.468
13.5 8.634
13.5 8.606
13.5 8.534
13.5 8.284
13.5 8.4
13.5 8.426
13.5 8.294
13.5 8.542
13.5 8.488
13.5 7.99
13.5 8.422
13.5 8.352
13.5 8.422
13.5 8.342
13.5 7.782
13.5 8.022
13.5 8.02
13.5 8.108
13.5 8.668
13.5 8.574
13.5 8.592
13.5 8.028
13.5 8.044
13.5 8.172
13.5 8.354
13.5 7.974
13.5 7.968
13.5 8.226
13.5 8.126
13.5 8.066
13.5 8.056
13.5 8.338
13.5 8.108
13.5 7.92
13.5 7.788
13.5 8.292
13.5 8.77
13.5 8.428
13.5 8.678
13.5 8.748
13.5 8.2
13.5 8.278
13.5 8.41
500
11.0 3.918
11.5 6.82
12.5 7.724
12.5 7.828
12.5 7.764
12.5 8.002
12.5 7.916
12.5 7.652
12.5 8.092
12.5 8.34
12.5 7.946
12.5 8.132
12.5 8.104
12.5 7.918
12.5 7.934
12.5 8.162
12.5 7.818
12.5 8.23
12.5 7.792
12.5 8.036
12.5 7.774
12.5 7.618
12.5 7.87
12.5 8.14
12.5 8.066
12.5 7.978
12.5 7.882
12.5 8.524
13.0 8.076
13.0 8.01
13.0 8.012
13.0 8.37
13.0 8.272
13.0 8.308
13.0 8.006
13.0 8.118
13.0 8.244
13.0 8.638
13.0 8.638
13.0 8.284
13.0 8.808
13.5 8.75
13.5 8.458
13.5 8.28
13.5 8.136
13.5 8.548
13.5 8.522
13.5 8.188
13.5 8.59
13.5 8.276
13.5 8.12
13.5 8.168
13.5 8.296
13.5 7.974
13.5 8.426
13.5 8.432
13.5 8.244
13.5 8.364
13.5 8.17
13.5 8.574
13.5 8.494
13.5 8.594
13.5 8.426
13.5 8.508
13.5 8.028
13.5 8.068
13.5 8.46
13.5 8.208
13.5 8.632
13.5 8.24
13.5 8.468
13.5 8.302
13.5 8.616
13.5 8.65
13.5 8.654
13.5 8.57
13.5 8.688
13.5 8.342
13.5 8.266
13.5 8.46
13.5 7.946
13.5 8.194
13.5 8.558
13.5 8.68
13.5 8.254
13.5 8.776
13.5 8.794
13.5 8.57
13.5 8.586
13.5 8.258
13.5 8.384
13.5 7.854
13.5 8.32
13.5 8.34
13.5 8.458
13.5 8.376
13.5 8.664
13.5 8.306
13.5 8.758
13.5 8.476
13.5 8.274
13.5 8.212
13.5 8.34
13.5 8.48
13.5 8.312
13.5 8.38
13.5 8.114
13.5 7.856
13.5 8.124
13.5 8.374
13.5 8.362
13.5 8.134
13.5 8.4
13.5 8.312
13.5 7.948
13.5 8.244
13.5 8.326
13.5 8.428
13.5 8.21
13.5 8.068
13.5 8.362
13.5 7.692
13.5 8.214
13.5 8.562
13.5 8.72
13.5 8.328
13.5 8.458
13.5 8.142
13.5 8.482
13.5 8.782
13.5 8.512
13.5 8.102
13.5 8.448
13.5 8.088
13.5 8.47
13.5 8.042
13.5 8.468
13.5 8.278
13.5 8.45
13.5 8.33
13.5 8.158
13.5 8.282
13.5 8.148
13.5 8.188
13.5 8.038
13.5 8.274
13.5 8.628
13.5 8.292
13.5 8.076
13.5 8.496
13.5 8.646
13.5 8.446
13.5 8.226
13.5 8.272
13.5 8.192
13.5 7.856
13.5 8.068
13.5 7.996
13.5 8.086
13.5 8.06
13.5 8.188
13.5 8.394
13.5 8.006
13.5 8.176
13.5 8.262
13.5 7.938
13.5 7.86
13.5 8.124
13.5 8.188
13.5 8.362
13.5 7.902
13.5 8.392
13.5 8.746
13.5 8.342
13.5 8.048
13.5 7.968
13.5 8.26
13.5 8.278
13.5 8.284
13.5 8.302
13.5 8.622
13.5 8.404
13.5 8.278
13.5 8.33
13.5 8.428
13.5 8.202
13.5 8.508
13.5 8.288
13.5 8.842
13.5 8.408
13.5 8.67
13.5 8.534
13.5 8.722
13.5 8.378
13.5 8.282
13.5 8.396
13.5 8.44
13.5 8.058
13.5 8.346
13.5 8.268
13.5 8.436
13.5 8.348
13.5 8.56
13.5 8.72
13.5 8.494
13.5 8.494
13.5 8.312
13.5 8.312
13.5 8.338
13.5 8.316
13.5 8.228
13.5 8.308
13.5 8.52
13.5 8.06
13.5 8.11
13.5 8.01
13.5 8.008
13.5 8.01
13.5 7.854
13.5 7.802
13.5 7.692
13.5 8.022
13.5 8.444
13.5 8.476
13.5 8.276
13.5 8.204
13.5 8.386
13.5 8.436
13.5 8.302
13.5 8.238
13.5 8.332
13.5 8.174
13.5 8.006
13.5 8.096
13.5 7.978
13.5 8.334
13.5 8.36
13.5 8.566
13.5 8.442
13.5 8.41
13.5 8.284
13.5 7.988
13.5 8.616
13.5 8.652
13.5 8.472
13.5 7.898
13.5 7.774
13.5 8.188
13.5 8.374
13.5 8.294
13.5 8.424
13.5 8.176
13.5 8.02
13.5 8.48
13.5 8.046
13.5 8.388
13.5 8.434
13.5 8.464
13.5 8.45
13.5 8.09
13.5 8.158
13.5 8.25
13.5 8.256
13.5 7.682
13.5 8.19
13.5 8.106
13.5 7.884
13.5 8.266
13.5 8.094
13.5 8.142
13.5 8.176
13.5 7.91
13.5 7.958
13.5 8.006
13.5 7.902
13.5 8.096
13.5 8.138
13.5 7.77
13.5 8.048
13.5 8.016
13.5 8.458
13.5 8.046
13.5 8.476
13.5 8.2
13.5 8.358
13.5 8.414
13.5 8.078
13.5 7.88
13.5 8.128
13.5 8.136
13.5 7.644
13.5 7.998
13.5 8.126
13.5 7.986
13.5 8.298
13.5 8.73
13.5 8.568
13.5 8.378
13.5 8.082
13.5 8.224
13.5 8.078
13.5 8.356
13.5 8.278
13.5 8.236
13.5 8.048
13.5 8.296
13.5 8.224
13.5 8.13
13.5 8.514
13.5 8.238
13.5 7.838
13.5 8.508
13.5 8.072
13.5 8.482
13.5 8.414
13.5 8.85
13.5 8.324
13.5 8.644
13.5 8.406
13.5 8.116
13.5 8.16
13.5 8.532
13.5 8.408
13.5 7.96
13.5 8.388
13.5 8.192
13.5 8.466
13.5 8.072
13.5 8.062
13.5 8.548
13.5 8.352
13.5 8.47
13.5 8.258
13.5 8.476
13.5 8.086
13.5 8.222
13.5 8.632
13.5 8.48
13.5 8.12
13.5 8.436
13.5 8.352
13.5 8.482
13.5 8.802
13.5 8.41
13.5 8.194
13.5 8.148
13.5 8.288
13.5 8.14
13.5 8.336
13.5 8.354
13.5 8.334
13.5 8.2
13.5 8.184
13.5 8.848
13.5 8.604
13.5 8.492
13.5 8.49
13.5 8.384
13.5 8.288
13.5 8.258
13.5 8.198
13.5 7.928
13.5 8.214
13.5 8.562
13.5 8.392
13.5 8.292
13.5 8.308
13.5 9.002
13.5 8.524
13.5 8.308
13.5 8.322
13.5 8.156
13.5 7.95
13.5 7.96
13.5 8.258
13.5 8.254
13.5 8.34
13.5 8.476
13.5 8.588
13.5 8.772
13.5 8.624
13.5 8.336
13.5 8.638
13.5 8.392
13.5 8.396
13.5 7.942
13.5 8.314
13.5 8.1
13.5 8.168
13.5 8.236
13.5 8.252
13.5 8.266
13.5 8.494
13.5 8.674
13.5 8.246
13.5 7.92
13.5 8.258
13.5 8.288
13.5 8.37
13.5 8.244
13.5 8.482
13.5 8.166
13.5 8.088
13.5 8.424
13.5 8.294
13.5 8.604
13.5 8.104
13.5 8.13
13.5 8.3
13.5 7.996
13.5 7.624
13.5 7.95
13.5 8.21
13.5 8.256
13.5 8.438
13.5 8.556
13.5 8.548
13.5 8.296
13.5 8.348
13.5 8.596
13.5 8.436
13.5 8.354
13.5 8.496
13.5 8.75
13.5 8.438
13.5 8.168
13.5 8.5
13.5 8.042
13.5 8.288
13.5 8.372
13.5 8.636
13.5 8.49
13.5 8.568
13.5 8.238
13.5 8.506
13.5 8.538
13.5 8.458
13.5 8.616
13.5 8.29
13.5 8.222
13.5 8.552
13.5 8.522
13.5 8.734
13.5 8.52
13.5 8.392
13.5 8.462
13.5 8.046
13.5 8.326
13.5 8.212
13.5 8.12
13.5 8.51
13.5 8.316
13.5 8.744
13.5 8.398
13.5 8.48
13.5 8.58
13.5 8.4
13.5 8.522
13.5 7.582
13.5 8.124
13.5 8.176
13.5 7.968
13.5 8.366
13.5 8.302
13.5 8.268
13.5 8.426
13.5 8.154
13.5 8.382
13.5 8.492
13.5 8.286
13.5 7.994
13.5 8.352
13.5 8.328
13.5 8.41
13.5 8.402
13.5 8.404
13.5 8.322
13.5 8.298
13.5 8.17
13.5 7.882
13.5 8.414
13.5 8.35
13.5 8.302
13.5 7.948
13.5 8.508
13.5 8.696
13.5 8.358
13.5 8.144
13.5 8.416
13.5 8.556
13.5 8.564
13.5 8.554
13.5 8.514
13.5 7.938
13.5 8.23
13.5 8.362
13.5 8.172
13.5 8.356
13.5 8.274
13.5 8.578
500
11.0 3.672
12.0 6.168
12.0 7.036
12.0 7.418
13.0 7.544
13.0 7.492
13.0 7.75
13.0 7.902
13.0 8.034
13.0 8.012
13.0 7.62
13.0 7.904
13.0 8.152
13.0 8.414
13.0 8.176
13.0 8.132
13.0 8.408
13.0 8.13
13.0 8.722
13.0 8.696
13.0 8.154
13.0 8.604
13.0 8.206
13.0 7.934
13.0 8.174
13.0 7.918
13.0 7.752
13.0 8.0
13.0 8.362
13.0 8.416
13.0 8.336
13.0 8.416
13.0 8.358
13.0 8.054
13.0 8.466
13.0 8.606
13.0 8.118
13.0 8.102
13.0 8.538
13.0 8.22
13.0 8.194
13.0 8.08
13.0 7.77
13.0 8.164
13.0 8.616
13.5 8.798
13.5 8.08
13.5 8.282
13.5 8.03
13.5 7.896
13.5 7.61
13.5 8.308
13.5 8.176
13.5 8.168
13.5 8.394
13.5 8.546
13.5 8.756
13.5 8.616
13.5 8.068
13.5 8.542
13.5 8.444
13.5 8.506
13.5 8.22
13.5 7.848
13.5 8.106
13.5 8.44
13.5 8.044
13.5 8.232
13.5 8.474
13.5 7.996
13.5 8.412
13.5 8.576
13.5 8.378
13.5 8.376
13.5 8.412
13.5 8.128
13.5 8.476
13.5 8.33
13.5 8.6
13.5 8.192
13.5 8.402
13.5 8.304
13.5 8.0
13.5 7.772
13.5 8.294
13.5 8.41
13.5 8.45
13.5 8.096
13.5 8.332
13.5 8.516
13.5 8.388
13.5 8.1
13.5 8.238
13.5 7.898
13.5 7.774
13.5 8.106
13.5 7.914
13.5 8.202
13.5 8.484
13.5 8.386
13.5 8.31
13.5 8.404
13.5 8.524
13.5 7.808
13.5 8.068
13.5 8.52
13.5 8.302
13.5 8.454
13.5 8.362
13.5 8.388
13.5 8.246
13.5 8.592
13.5 8.498
13.5 8.384
13.5 8.454
13.5 8.05
13.5 8.298
13.5 8.226
13.5 8.398
13.5 8.182
13.5 7.552
13.5 7.976
13.5 8.308
13.5 8.248
13.5 8.46
13.5 8.266
13.5 8.304
13.5 8.082
13.5 8.01
13.5 8.502
13.5 8.378
13.5 8.184
13.5 8.538
13.5 8.302
13.5 8.538
13.5 8.326
13.5 8.382
13.5 8.218
13.5 8.296
13.5 8.228
13.5 8.306
13.5 7.988
13.5 8.55
13.5 8.046
13.5 8.498
13.5 8.282
13.5 8.39
13.5 8.496
13.5 8.224
13.5 8.41
13.5 8.526
13.5 8.71
13.5 8.492
13.5 8.442
13.5 8.832
13.5 8.458
13.5 8.43
13.5 8.482
13.5 8.374
13.5 8.652
13.5 8.026
13.5 8.336
13.5 8.352
13.5 8.494
13.5 8.414
13.5 7.898
13.5 8.168
13.5 8.502
13.5 8.614
13.5 8.464
13.5 8.422
13.5 7.998
13.5 8.058
13.5 8.088
13.5 8.216
13.5 8.27
13.5 8.22
13.5 8.076
13.5 8.248
13.5 8.306
13.5 8.27
13.5 7.974
13.5 7.988
13.5 7.712
13.5 8.312
13.5 8.398
13.5 8.476
13.5 8.692
13.5 8.232
13.5 8.168
13.5 7.862
13.5 8.432
13.5 8.474
13.5 8.108
13.5 8.254
13.5 8.064
13.5 8.056
13.5 8.32
13.5 8.712
13.5 8.322
13.5 8.174
13.5 8.106
13.5 7.848
13.5 8.21
13.5 8.318
13.5 8.414
13.5 8.218
13.5 8.344
13.5 8.342
13.5 8.104
13.5 8.324
13.5 8.362
13.5 8.298
13.5 8.142
13.5 8.306
13.5 8.55
13.5 8.256
13.5 8.184
13.5 8.28
13.5 8.086
13.5 8.418
13.5 8.336
13.5 8.502
13.5 8.396
13.5 8.448
13.5 8.454
13.5 8.012
13.5 8.192
13.5 8.396
13.5 8.46
13.5 8.092
13.5 8.454
13.5 8.296
13.5 8.168
13.5 7.912
13.5 8.348
13.5 8.538
13.5 8.364
13.5 8.496
13.5 8.53
13.5 8.324
13.5 7.976
13.5 8.292
13.5 8.01
13.5 8.47
13.5 8.602
13.5 8.49
13.5 8.226
13.5 8.428
13.5 8.518
13.5 8.624
13.5 8.816
13.5 8.564
13.5 8.476
13.5 8.402
13.5 8.708
13.5 8.604
13.5 8.32
13.5 8.56
13.5 8.608
13.5 8.266
13.5 8.534
13.5 8.272
13.5 8.432
13.5 8.368
13.5 8.386
13.5 8.05
13.5 8.286
13.5 8.408
13.5 8.514
13.5 8.082
13.5 8.466
13.5 7.766
13.5 8.196
13.5 7.828
13.5 8.286
13.5 8.2
13.5 8.394
13.5 8.602
13.5 8.274
13.5 8.478
13.5 8.224
13.5 8.38
13.5 8.23
13.5 8.344
13.5 8.03
13.5 8.082
13.5 8.2
13.5 8.456
13.5 8.324
13.5 8.436
13.5 8.184
13.5 8.47
13.5 8.364
13.5 8.306
13.5 8.492
13.5 7.934
13.5 8.282
13.5 8.304
13.5 8.516
13.5 8.216
13.5 8.158
13.5 8.256
13.5 8.168
13.5 8.302
13.5 8.666
13.5 8.112
13.5 8.062
13.5 8.374
13.5 8.3
13.5 8.302
13.5 8.424
13.5 8.276
13.5 8.49
13.5 8.372
13.5 7.936
13.5 8.488
13.5 8.104
13.5 8.298
13.5 8.29
13.5 7.686
13.5 8.048
13.5 8.094
13.5 8.516
13.5 8.83
13.5 8.594
13.5 8.678
13.5 8.354
13.5 7.818
13.5 8.38
13.5 8.37
13.5 8.516
13.5 8.374
13.5 8.288
13.5 8.442
13.5 8.15
13.5 8.412
13.5 8.262
13.5 8.388
13.5 7.992
13.5 8.174
13.5 8.04
13.5 8.212
13.5 8.184
13.5 8.058
13.5 8.104
13.5 8.264
13.5 8.106
13.5 7.972
13.5 8.27
13.5 8.252
13.5 8.472
13.5 8.686
13.5 7.932
13.5 8.228
13.5 8.114
13.5 7.97
13.5 8.302
13.5 8.498
13.5 8.026
13.5 8.14
13.5 8.366
13.5 8.368
13.5 8.218
13.5 8.286
13.5 8.172
13.5 8.268
13.5 8.168
13.5 8.29
13.5 7.67
13.5 8.208
13.5 8.414
13.5 8.51
13.5 8.528
13.5 8.54
13.5 8.544
13.5 8.634
13.5 8.288
13.5 7.988
13.5 8.386
13.5 8.532
13.5 8.216
13.5 8.06
13.5 8.034
13.5 8.102
13.5 8.292
13.5 8.232
13.5 8.506
13.5 7.964
13.5 8.116
13.5 8.238
13.5 8.208
13.5 8.214
13.5 8.13
13.5 8.306
13.5 8.274
13.5 8.102
13.5 8.186
13.5 8.184
13.5 8.092
13.5 8.35
13.5 7.98
13.5 8.142
13.5 8.37
13.5 8.232
13.5 7.976
13.5 8.104
13.5 7.954
13.5 8.554
13.5 8.322
13.5 7.96
13.5 8.252
13.5 7.95
13.5 8.2
13.5 8.392
13.5 8.15
13.5 8.258
13.5 8.63
13.5 8.614
13.5 8.046
13.5 8.068
13.5 8.262
13.5 8.158
13.5 8.33
13.5 8.506
13.5 8.408
13.5 8.04
13.5 8.134
13.5 8.35
13.5 8.242
13.5 8.292
13.5 8.394
13.5 8.46
13.5 8.45
13.5 8.352
13.5 8.076
13.5 8.364
13.5 8.42
13.5 7.928
13.5 8.006
13.5 8.612
13.5 8.348
13.5 8.706
13.5 8.87
13.5 8.556
13.5 8.336
13.5 8.062
13.5 8.364
13.5 8.388
13.5 8.622
13.5 8.616
13.5 8.442
13.5 8.594
13.5 8.152
13.5 8.452
13.5 8.314
13.5 8.342
13.5 7.996
13.5 8.172
13.5 8.188
13.5 8.46
13.5 8.144
13.5 8.374
13.5 8.748
13.5 8.522
13.5 8.434
13.5 8.2
13.5 8.612
13.5 8.36
13.5 8.15
13.5 8.04
13.5 8.536
13.5 8.234
13.5 7.754
13.5 8.264
13.5 8.272
13.5 7.916
13.5 8.294
13.5 8.446
13.5 8.078
13.5 8.194
13.5 8.364
13.5 8.114
13.5 8.444
13.5 8.324
13.5 8.792
13.5 8.304
13.5 8.286
13.5 8.324
13.5 8.308
13.5 8.298
13.5 8.35
13.5 8.622
13.5 8.71
13.5 8.216
13.5 8.33
13.5 8.184
13.5 8.386
13.5 8.324
13.5 8.352
500
12.0 3.928
12.0 6.85
12.0 7.082
12.0 7.582
12.0 7.524
12.5 7.708
12.5 8.07
12.5 7.922
12.5 7.44
13.0 7.82
13.0 8.104
13.0 8.436
13.0 8.516
13.0 8.02
13.0 8.18
13.0 8.462
13.0 8.126
13.0 8.08
13.0 8.486
13.0 8.136
13.0 8.094
13.0 8.12
13.0 8.382
13.0 8.114
13.0 8.422
13.0 8.468
13.0 8.48
13.0 8.584
13.0 8.192
13.0 8.354
13.0 8.33
13.0 8.136
13.0 8.67
13.0 8.686
13.0 8.162
13.0 7.812
13.0 7.722
13.0 7.748
13.0 8.396
13.0 8.368
13.0 8.358
13.0 7.904
13.0 8.338
13.0 8.036
13.0 8.006
13.0 7.95
13.0 8.318
13.0 8.176
13.0 8.066
13.0 8.656
13.0 8.598
13.0 8.452
13.0 8.154
13.0 8.09
13.0 8.332
13.0 8.428
13.0 8.42
13.0 8.15
13.0 8.54
13.0 8.534
13.0 8.462
13.0 8.43
13.0 8.372
13.0 8.104
13.0 8.238
13.0 7.798
13.0 8.058
13.0 8.326
13.0 8.686
13.0 8.296
13.0 8.344
13.0 8.374
13.0 8.47
13.0 8.586
13.0 8.41
13.0 8.064
13.0 8.046
13.0 7.998
13.0 8.32
13.0 8.626
13.0 8.328
13.0 8.38
13.0 8.21
13.0 8.246
13.0 8.004
13.0 8.108
13.0 8.55
13.0 8.466
13.0 7.816
13.0 7.962
13.0 8.552
13.0 8.6
13.0 8.618
13.0 8.084
13.0 8.14
13.0 7.842
13.0 8.238
13.0 8.376
13.0 8.206
13.0 8.054
13.0 8.15
13.0 7.87
13.0 8.312
13.0 8.292
13.0 8.176
13.0 7.864
13.0 8.022
13.0 8.06
13.0 7.734
13.0 8.162
13.0 7.992
13.0 7.91
13.0 7.83
13.0 8.404
13.0 8.334
13.0 8.372
13.0 8.436
13.0 8.56
13.0 8.142
13.0 8.384
13.0 8.372
13.0 8.312
13.0 8.12
13.0 8.048
13.0 7.852
13.0 8.078
13.0 7.79
13.0 8.032
13.0 8.228
13.0 8.322
13.0 8.546
13.0 8.016
13.0 7.902
13.0 8.22
13.0 8.312
13.0 8.16
13.0 8.246
13.0 8.328
13.0 8.512
13.0 7.97
13.0 8.322
13.0 8.238
13.0 8.134
13.0 8.098
13.0 7.936
13.0 7.904
13.0 7.986
13.0 8.112
13.0 7.89
13.0 7.97
13.0 8.204
13.0 8.406
13.0 8.29
13.0 8.298
13.0 8.492
13.0 8.488
13.0 8.396
13.0 8.234
13.0 8.582
13.0 8.158
13.0 8.51
13.0 7.974
13.0 8.206
13.0 8.254
13.0 8.218
13.0 8.766
13.0 8.034
13.0 8.0
13.0 8.348
13.0 8.39
13.0 8.676
13.0 8.162
13.0 8.216
13.0 8.086
13.0 8.106
13.0 8.196
13.0 7.948
13.0 8.472
13.0 7.976
13.0 8.286
13.0 8.1
13.0 8.434
13.0 8.236
13.0 8.372
13.0 8.326
13.0 8.32
13.0 8.022
13.0 8.266
13.0 8.126
13.0 8.228
13.0 8.078
13.0 7.68
13.0 8.102
13.0 8.346
13.0 8.062
13.0 8.162
13.0 8.13
13.0 7.95
13.0 8.036
13.0 8.006
13.0 8.232
13.0 8.302
13.0 8.5
13.0 8.154
13.0 7.876
13.0 8.204
13.0 8.066
13.0 8.138
13.0 8.308
13.0 8.494
13.0 8.46
13.0 8.27
13.0 8.236
13.0 8.248
13.0 8.112
13.0 8.008
13.0 7.988
13.0 8.17
13.0 8.016
13.0 8.398
13.0 7.922
13.0 7.95
13.0 7.954
13.0 7.968
13.0 7.968
13.0 8.144
13.0 8.042
13.0 8.238
13.0 8.496
13.0 8.124
13.0 8.402
13.0 8.674
13.0 8.6
13.0 8.386
13.0 8.226
13.0 8.288
13.0 8.058
13.0 8.13
13.0 8.312
13.0 8.344
13.0 8.338
13.0 8.026
13.0 8.092
13.0 8.126
13.0 8.292
13.0 8.336
13.0 8.714
13.0 8.37
13.0 8.372
13.0 7.956
13.0 8.35
13.0 8.378
13.0 8.518
13.0 8.39
13.0 8.582
13.0 8.594
13.0 8.53
13.0 8.354
13.0 8.108
13.0 8.168
13.0 8.262
13.0 7.872
13.0 8.01
13.0 8.192
13.0 7.68
13.0 7.864
13.0 8.174
13.0 8.13
13.0 7.91
13.0 8.206
13.0 8.39
13.0 8.262
13.0 8.176
13.0 8.22
13.0 8.506
13.0 8.088
13.0 8.1
13.0 8.32
13.0 8.306
13.0 8.498
13.0 8.522
13.0 8.378
13.0 8.152
13.0 8.546
13.0 8.186
13.0 7.956
13.0 8.278
13.0 8.014
13.0 7.744
13.0 7.946
13.0 8.192
13.0 8.08
13.0 8.352
13.0 8.058
13.0 8.26
13.0 8.248
13.0 7.962
13.0 8.37
13.0 8.372
13.0 8.086
13.0 8.022
13.0 7.706
13.0 8.318
13.0 8.254
13.0 8.252
13.0 8.17
13.0 8.458
13.0 8.438
13.0 8.156
13.0 7.944
13.0 7.89
13.0 8.008
13.0 7.66
13.0 8.21
13.0 8.016
13.0 8.108
13.0 8.198
13.0 8.344
13.0 8.1
13.0 8.034
13.0 8.098
13.0 8.308
13.0 8.052
13.0 7.968
13.0 8.314
13.0 7.912
13.0 7.446
13.0 7.566
13.0 7.902
13.0 7.822
13.0 8.318
13.0 8.044
13.0 8.028
13.0 7.808
13.0 8.024
13.0 8.45
13.0 8.416
13.0 7.968
13.0 8.25
13.0 8.018
13.0 8.18
13.0 8.07
13.0 7.972
13.0 8.25
13.0 8.292
13.0 8.59
13.0 8.328
13.0 8.176
13.0 7.698
13.0 8.282
13.0 8.346
13.0 8.346
13.0 8.126
13.0 8.286
13.0 7.738
13.0 8.324
13.0 8.512
13.0 8.304
13.0 8.226
13.0 8.222
13.0 7.716
13.0 8.538
13.0 8.002
13.0 7.498
13.0 7.996
13.0 8.37
13.0 8.18
13.0 8.182
13.0 8.26
13.0 8.186
13.5 8.432
13.5 8.36
13.5 8.758
13.5 8.096
13.5 8.222
13.5 8.204
13.5 8.11
13.5 8.272
13.5 8.198
13.5 8.136
13.5 8.442
13.5 8.118
13.5 8.492
13.5 7.744
13.5 8.01
13.5 8.054
13.5 8.046
13.5 8.336
13.5 8.37
13.5 8.012
13.5 8.61
13.5 8.514
13.5 8.554
13.5 8.19
13.5 8.394
13.5 8.278
13.5 8.748
13.5 7.848
13.5 8.068
13.5 8.14
13.5 8.602
13.5 8.598
13.5 8.558
13.5 8.312
13.5 8.316
13.5 8.216
13.5 8.354
13.5 8.548
13.5 8.384
13.5 8.582
13.5 8.642
13.5 8.218
13.5 8.552
13.5 7.916
13.5 8.24
13.5 8.602
13.5 8.508
13.5 8.298
13.5 8.434
13.5 8.112
13.5 8.262
13.5 7.908
13.5 7.974
13.5 8.318
13.5 8.676
13.5 8.318
13.5 8.63
13.5 8.314
13.5 8.516
13.5 7.974
13.5 8.366
13.5 8.474
13.5 8.85
13.5 8.26
13.5 8.346
13.5 8.458
13.5 8.374
13.5 8.104
13.5 8.296
13.5 8.578
13.5 8.04
13.5 8.422
13.5 8.154
13.5 8.08
13.5 8.31
13.5 8.02
13.5 8.168
13.5 8.162
13.5 8.096
13.5 8.156
13.5 8.602
13.5 8.272
13.5 8.416
13.5 8.5
13.5 8.534
13.5 8.818
13.5 8.338
13.5 8.154
13.5 8.126
13.5 8.516
13.5 8.502
13.5 8.04
13.5 8.482
13.5 8.188
13.5 8.468
13.5 8.5
13.5 8.176
13.5 8.38
13.5 8.258
13.5 8.154
13.5 8.518
13.5 8.622
13.5 8.24
13.5 8.254
13.5 7.95
13.5 7.79
13.5 7.962
13.5 8.33
13.5 8.654
13.5 8.51
13.5 8.696
13.5 8.562
13.5 8.532
13.5 8.578
13.5 8.202
13.5 8.054
13.5 8.168
13.5 8.306
13.5 8.636
13.5 8.388
13.5 8.61
13.5 8.564
13.5 8.226
13.5 8.434
13.5 8.366
13.5 8.562
13.5 8.412
13.5 8.48
13.5 8.702
13.5 8.38
500
11.5 3.334
11.5 6.898
11.5 6.936
12.0 7.566
12.0 7.984
13.0 7.862
13.0 7.956
13.0 8.034
13.0 8.144
13.0 8.39
13.0 8.052
13.0 8.54
13.0 8.142
13.0 7.962
13.0 8.272
13.0 8.282
13.5 8.208
13.5 8.47
13.5 8.392
13.5 8.554
13.5 8.306
13.5 8.334
13.5 8.57
13.5 8.122
13.5 8.396
13.5 8.382
13.5 8.344
13.5 7.788
13.5 8.012
13.5 8.46
13.5 8.526
13.5 8.558
13.5 7.842
13.5 8.472
13.5 8.276
13.5 8.77
13.5 8.218
13.5 8.356
13.5 8.228
13.5 7.884
13.5 8.16
13.5 8.158
13.5 8.3
13.5 8.4
13.5 8.488
13.5 8.518
13.5 8.43
13.5 7.942
13.5 8.066
13.5 8.19
13.5 7.874
13.5 7.982
13.5 8.42
13.5 8.542
13.5 8.57
13.5 8.608
13.5 8.548
13.5 8.436
13.5 7.844
13.5 8.312
13.5 8.282
13.5 8.256
13.5 8.5
13.5 8.416
13.5 8.608
13.5 8.64
13.5 8.768
13.5 8.728
13.5 8.484
13.5 8.57
13.5 8.116
13.5 8.528
13.5 8.456
13.5 8.426
13.5 8.63
13.5 8.388
13.5 8.258
13.5 8.568
13.5 8.602
13.5 8.558
13.5 8.584
13.5 8.636
13.5 8.494
13.5 8.512
13.5 8.55
13.5 8.4
13.5 8.38
13.5 8.256
13.5 8.058
13.5 8.482
13.5 8.634
13.5 7.754
13.5 8.004
13.5 8.054
13.5 8.168
13.5 8.07
13.5 8.408
13.5 8.37
13.5 8.228
13.5 8.404
13.5 7.574
13.5 8.628
13.5 8.68
13.5 8.456
13.5 8.216
13.5 8.318
13.5 8.68
13.5 8.456
13.5 8.516
13.5 8.304
13.5 8.268
13.5 8.74
13.5 8.25
13.5 8.556
13.5 8.218
13.5 8.388
13.5 8.43
13.5 8.488
13.5 8.44
13.5 8.372
13.5 8.372
13.5 8.298
13.5 8.16
13.5 7.94
13.5 8.552
13.5 8.538
13.5 8.198
13.5 8.632
13.5 8.416
13.5 8.586
13.5 8.49
13.5 8.644
13.5 8.234
13.5 8.332
13.5 8.47
13.5 8.612
13.5 8.322
13.5 8.474
13.5 8.146
13.5 8.442
13.5 8.572
13.5 7.772
13.5 7.938
13.5 8.288
13.5 8.166
13.5 8.476
13.5 8.072
13.5 8.302
13.5 8.29
13.5 8.516
13.5 8.538
13.5 8.75
13.5 8.554
13.5 8.296
13.5 8.192
13.5 8.508
13.5 8.084
13.5 8.528
13.5 8.562
13.5 8.674
13.5 8.262
13.5 8.268
13.5 8.62
13.5 8.286
13.5 8.348
13.5 8.35
13.5 8.8
13.5 8.77
13.5 8.432
13.5 8.352
13.5 8.382
13.5 8.024
13.5 8.022
13.5 8.334
13.5 8.284
13.5 8.142
13.5 8.208
13.5 8.31
13.5 8.518
13.5 8.562
13.5 8.452
13.5 8.704
13.5 8.618
13.5 8.538
13.5 8.394
13.5 8.53
13.5 8.668
13.5 8.412
13.5 8.268
13.5 8.558
13.5 8.464
13.5 8.58
13.5 8.352
13.5 8.538
13.5 8.518
13.5 8.348
13.5 8.316
13.5 7.52
13.5 7.96
13.5 7.964
13.5 8.118
13.5 7.89
13.5 8.126
13.5 8.262
13.5 8.73
13.5 8.528
13.5 8.41
13.5 7.97
13.5 7.876
13.5 8.208
13.5 7.844
13.5 8.008
13.5 8.37
13.5 8.03
13.5 8.472
13.5 8.434
13.5 8.468
13.5 8.258
13.5 8.396
13.5 8.752
13.5 8.362
13.5 8.456
13.5 8.07
13.5 8.202
13.5 8.518
13.5 8.464
13.5 8.464
13.5 8.214
13.5 8.276
13.5 8.0
13.5 8.048
13.5 7.888
13.5 8.25
13.5 8.25
13.5 8.442
13.5 8.354
13.5 8.15
13.5 8.61
13.5 8.246
13.5 8.502
13.5 8.4
13.5 8.32
13.5 8.222
13.5 8.368
13.5 8.142
13.5 8.038
13.5 8.27
13.5 8.556
13.5 8.322
13.5 8.34
13.5 8.428
13.5 8.4
13.5 8.408
13.5 8.224
13.5 8.56
13.5 8.144
13.5 8.374
13.5 8.358
13.5 8.432
13.5 8.448
13.5 8.458
13.5 8.562
13.5 8.24
13.5 8.594
13.5 8.36
13.5 8.624
13.5 8.81
13.5 8.74
13.5 8.698
13.5 8.832
13.5 8.394
13.5 8.214
13.5 8.538
13.5 8.094
13.5 8.056
13.5 8.366
13.5 8.23
13.5 8.106
13.5 8.394
13.5 8.06
13.5 8.222
13.5 8.174
13.5 8.744
13.5 8.734
13.5 8.648
13.5 8.162
13.5 8.618
13.5 8.64
13.5 8.404
13.5 8.356
13.5 8.194
13.5 8.452
13.5 7.954
13.5 8.502
13.5 8.54
13.5 8.072
13.5 7.888
13.5 8.298
13.5 8.496
13.5 8.058
13.5 8.46
13.5 8.284
13.5 8.448
13.5 8.344
13.5 8.426
13.5 8.482
13.5 8.164
13.5 8.498
13.5 8.442
13.5 8.46
13.5 8.086
13.5 8.08
13.5 8.232
13.5 8.488
13.5 8.654
13.5 8.23
13.5 8.226
13.5 7.95
13.5 8.11
13.5 8.272
13.5 7.938
13.5 8.34
13.5 8.116
13.5 8.192
13.5 8.23
13.5 8.032
13.5 8.166
13.5 8.01
13.5 8.258
13.5 8.718
13.5 8.408
13.5 8.662
13.5 8.448
13.5 8.28
13.5 8.15
13.5 8.414
13.5 8.712
13.5 8.294
13.5 8.12
13.5 8.188
13.5 8.286
13.5 8.23
13.5 8.088
13.5 8.488
13.5 8.252
13.5 8.598
13.5 8.01
13.5 8.458
13.5 8.438
13.5 8.392
13.5 8.278
13.5 8.326
13.5 7.942
13.5 8.08
13.5 8.13
13.5 8.36
13.5 8.658
13.5 8.506
13.5 8.676
13.5 8.93
13.5 8.592
13.5 8.646
13.5 8.406
13.5 8.542
13.5 8.576
13.5 8.816
13.5 8.412
13.5 8.352
13.5 8.336
13.5 8.526
13.5 8.378
13.5 8.382
13.5 8.034
13.5 8.284
13.5 8.29
13.5 8.374
13.5 8.354
13.5 7.966
13.5 8.302
13.5 8.248
13.5 8.184
13.5 8.304
13.5 8.47
13.5 8.116
13.5 8.256
13.5 7.944
13.5 8.218
13.5 8.146
13.5 8.192
13.5 7.908
13.5 8.348
13.5 8.342
13.5 8.21
13.5 8.19
13.5 8.05
13.5 8.142
13.5 7.976
13.5 8.418
13.5 7.992
13.5 8.402
13.5 8.122
13.5 8.28
13.5 8.266
13.5 8.43
13.5 8.298
13.5 7.8
13.5 8.014
13.5 8.508
13.5 8.676
13.5 8.48
13.5 8.268
13.5 8.328
13.5 8.552
13.5 8.228
13.5 8.36
13.5 8.264
13.5 8.152
13.5 8.37
13.5 7.95
13.5 7.746
13.5 8.166
13.5 8.188
13.5 8.388
13.5 8.166
13.5 8.402
13.5 8.592
13.5 8.518
13.5 8.89
13.5 8.454
13.5 8.302
13.5 8.096
13.5 8.632
13.5 8.594
13.5 8.616
13.5 8.154
13.5 8.312
13.5 8.308
13.5 8.254
13.5 8.498
13.5 8.54
13.5 8.446
13.5 8.644
13.5 8.376
13.5 8.68
13.5 8.494
13.5 8.282
13.5 8.432
13.5 8.33
13.5 8.298
13.5 8.778
13.5 8.728
13.5 8.392
13.5 8.142
13.5 8.278
13.5 8.268
13.5 8.596
13.5 8.584
13.5 8.406
13.5 8.11
13.5 8.404
13.5 8.406
13.5 8.168
13.5 8.188
13.5 7.986
13.5 8.544
13.5 8.484
13.5 8.58
13.5 8.708
13.5 8.78
13.5 8.624
13.5 8.482
13.5 8.608
13.5 8.618
13.5 8.396
13.5 8.332
13.5 8.77
13.5 8.65
13.5 8.276
13.5 8.282
13.5 8.076
13.5 8.424
13.5 8.424
13.5 8.196
13.5 8.21
13.5 8.334
13.5 8.338
13.5 8.554
13.5 8.572
13.5 8.546
13.5 8.542
13.5 8.288
13.5 8.552
13.5 8.082
13.5 8.37
13.5 8.572
13.5 8.496
13.5 8.344
13.5 8.332
13.5 8.282
13.5 8.078
500
11.0 4.108
11.5 6.604
12.0 7.45
12.5 7.346
12.5 7.832
12.5 8.198
12.5 8.116
12.5 8.238
12.5 8.354
12.5 8.406
13.0 7.952
13.0 8.478
13.0 8.686
13.0 8.548
13.0 8.37
13.0 8.146
13.0 8.246
13.0 7.86
13.0 8.114
13.0 8.338
13.0 8.214
13.0 8.204
13.0 8.004
13.0 8.304
13.0 8.076
13.0 8.068
13.0 8.412
13.0 8.262
13.0 8.396
13.0 8.31
13.0 8.158
13.0 8.304
13.0 8.14
13.0 8.238
13.0 8.128
13.0 8.336
13.0 8.336
13.0 8.172
13.0 8.336
13.0 8.374
13.0 8.564
13.0 8.032
13.0 8.122
13.0 8.088
13.0 8.352
13.0 8.408
13.0 8.22
13.0 8.024
13.0 8.296
13.0 8.364
13.0 8.388
13.0 8.466
13.0 8.234
13.0 8.552
13.0 8.196
13.0 8.184
13.0 8.468
13.0 8.266
13.0 8.372
13.0 8.254
13.0 8.278
13.0 8.012
13.0 7.746
13.0 8.174
13.0 8.42
13.0 8.158
13.0 8.096
13.0 8.222
13.0 7.99
13.0 7.964
13.0 8.064
13.0 8.24
13.0 7.804
13.0 8.178
13.0 7.764
13.0 8.116
13.0 8.374
13.0 8.41
13.0 8.342
13.0 8.47
13.0 8.312
13.0 8.308
13.0 8.464
13.0 8.258
13.5 8.758
13.5 8.79
13.5 8.68
13.5 8.504
13.5 8.458
13.5 8.438
13.5 8.548
13.5 8.324
13.5 8.514
13.5 8.006
13.5 8.134
13.5 8.262
13.5 8.356
13.5 8.362
13.5 8.378
13.5 8.21
13.5 7.95
13.5 8.18
13.5 8.176
13.5 7.914
13.5 8.046
13.5 8.274
13.5 8.142
13.5 8.612
13.5 8.582
13.5 8.58
13.5 8.55
13.5 8.412
13.5 8.104
13.5 7.968
13.5 7.992
13.5 8.088
13.5 8.512
13.5 8.052
13.5 8.512
13.5 8.378
13.5 8.23
13.5 8.264
13.5 8.156
13.5 8.532
13.5 8.474
13.5 8.26
13.5 8.156
13.5 8.414
13.5 8.502
13.5 8.554
13.5 8.31
13.5 8.548
13.5 8.404
13.5 8.414
13.5 7.958
13.5 7.958
13.5 8.234
13.5 8.386
13.5 8.376
13.5 8.57
13.5 8.64
13.5 8.444
13.5 8.29
13.5 8.428
13.5 8.178
13.5 8.142
13.5 8.04
13.5 8.09
13.5 8.428
13.5 8.128
13.5 8.264
13.5 8.392
13.5 8.342
13.5 8.544
13.5 8.518
13.5 8.426
13.5 8.332
13.5 8.53
13.5 8.382
13.5 8.34
13.5 8.32
13.5 8.206
13.5 8.25
13.5 8.258
13.5 8.184
13.5 8.2
13.5 8.248
13.5 8.212
13.5 8.432
13.5 8.344
13.5 8.02
13.5 8.316
13.5 8.166
13.5 8.292
13.5 8.55
13.5 8.498
13.5 8.456
13.5 8.408
13.5 8.234
13.5 8.508
13.5 8.514
13.5 8.754
13.5 8.62
13.5 8.23
13.5 8.634
13.5 8.566
13.5 8.454
13.5 8.142
13.5 8.296
13.5 7.952
13.5 8.33
13.5 8.386
13.5 8.586
13.5 7.58
13.5 8.444
13.5 8.054
13.5 8.482
13.5 8.532
13.5 8.49
13.5 8.474
13.5 8.328
13.5 8.21
13.5 7.93
13.5 8.408
13.5 8.644
13.5 8.304
13.5 8.432
13.5 8.052
13.5 8.566
13.5 8.31
13.5 8.284
13.5 8.03
13.5 8.024
13.5 8.356
13.5 8.21
13.5 8.32
13.5 8.108
13.5 8.326
13.5 7.994
13.5 7.832
13.5 8.254
13.5 8.362
13.5 8.37
13.5 8.192
13.5 8.388
13.5 8.502
13.5 7.828
13.5 8.0
13.5 8.518
13.5 7.696
13.5 8.212
13.5 8.046
13.5 7.916
13.5 7.8
13.5 8.112
13.5 8.038
13.5 8.324
13.5 8.156
13.5 8.426
13.5 7.964
13.5 8.21
13.5 8.32
13.5 8.262
13.5 8.15
13.5 8.504
13.5 8.37
13.5 8.718
13.5 8.096
13.5 8.222
13.5 8.612
13.5 8.096
13.5 7.642
13.5 8.478
13.5 8.716
13.5 8.102
13.5 8.398
13.5 8.662
13.5 8.694
13.5 8.554
13.5 8.538
13.5 8.114
13.5 8.18
13.5 8.378
13.5 8.584
13.5 8.146
13.5 8.734
13.5 8.452
13.5 8.674
13.5 8.6
13.5 8.356
13.5 8.208
13.5 8.418
13.5 8.346
13.5 8.004
13.5 8.358
13.5 8.47
13.5 8.536
13.5 8.564
13.5 8.224
13.5 7.962
13.5 7.982
13.5 8.488
13.5 8.23
13.5 8.228
13.5 8.24
13.5 8.49
13.5 8.802
13.5 8.532
13.5 8.78
13.5 8.41
13.5 8.648
13.5 8.422
13.5 8.25
13.5 8.288
13.5 8.34
13.5 8.416
13.5 8.694
13.5 8.738
13.5 8.16
13.5 8.46
13.5 8.48
13.5 8.312
13.5 8.138
13.5 8.486
13.5 8.194
13.5 8.162
13.5 8.046
13.5 8.688
13.5 8.644
13.5 8.286
13.5 8.336
13.5 8.216
13.5 8.116
13.5 8.306
13.5 8.294
13.5 8.126
13.5 8.654
13.5 8.546
13.5 8.818
13.5 8.604
13.5 8.072
13.5 8.252
13.5 8.308
13.5 8.142
13.5 8.53
13.5 8.158
13.5 8.01
13.5 8.204
13.5 8.306
13.5 8.376
13.5 8.322
13.5 7.958
13.5 8.21
13.5 8.246
13.5 8.52
13.5 8.178
13.5 8.32
13.5 8.094
13.5 8.396
13.5 8.506
13.5 8.332
13.5 8.014
13.5 8.06
13.5 8.376
13.5 8.24
13.5 8.146
13.5 7.812
13.5 8.304
13.5 8.296
13.5 8.466
13.5 8.228
13.5 8.48
13.5 8.324
13.5 8.024
13.5 8.102
13.5 8.43
13.5 8.498
13.5 8.282
13.5 7.95
13.5 8.072
13.5 8.336
13.5 8.486
13.5 8.374
13.5 8.582
13.5 8.59
13.5 8.604
13.5 8.444
13.5 7.85
13.5 8.288
13.5 8.392
13.5 8.2
13.5 8.216
13.5 8.44
13.5 8.108
13.5 7.794
13.5 8.024
13.5 7.958
13.5 8.568
13.5 8.07
13.5 7.888
13.5 8.866
13.5 8.248
13.5 8.188
13.5 8.214
13.5 8.4
13.5 7.928
13.5 8.054
13.5 8.216
13.5 8.462
13.5 8.372
13.5 8.458
13.5 8.642
13.5 8.508
13.5 8.344
13.5 8.036
13.5 8.332
13.5 8.066
13.5 8.33
13.5 8.488
13.5 8.144
13.5 8.344
13.5 8.25
13.5 8.318
13.5 8.096
13.5 8.276
13.5 8.246
13.5 8.284
13.5 8.23
13.5 8.274
13.5 8.242
13.5 8.666
13.5 8.576
13.5 8.218
13.5 8.392
13.5 8.452
13.5 8.076
13.5 8.252
13.5 8.3
13.5 8.118
13.5 8.262
13.5 8.462
13.5 8.47
13.5 8.22
13.5 8.148
13.5 8.298
13.5 8.204
13.5 7.846
13.5 8.26
13.5 8.49
13.5 8.404
13.5 8.552
13.5 8.596
13.5 8.25
13.5 8.222
13.5 8.344
13.5 8.02
13.5 8.284
13.5 8.638
13.5 8.368
13.5 8.254
13.5 8.206
13.5 7.992
13.5 8.066
13.5 8.078
13.5 7.868
13.5 8.46
13.5 8.588
13.5 8.428
13.5 8.33
13.5 8.404
13.5 8.098
13.5 8.022
13.5 7.882
13.5 8.374
13.5 8.594
13.5 8.428
13.5 8.336
13.5 8.486
13.5 8.368
13.5 8.246
13.5 8.44
13.5 8.358
13.5 7.912
13.5 8.148
13.5 8.528
13.5 8.272
13.5 8.244
13.5 8.182
13.5 8.23
13.5 8.26
13.5 8.316
13.5 8.336
13.5 7.742
13.5 7.854
13.5 8.526
13.5 8.052
13.5 8.198
13.5 8.19
13.5 8.086
13.5 7.778
13.5 8.282
13.5 8.764
13.5 8.774
13.5 8.264
13.5 8.618
13.5 8.368
13.5 8.11
13.5 8.634
13.5 8.606
13.5 8.268
13.5 8.536
13.5 8.46
13.5 8.028
13.5 8.368
13.5 8.016
13.5 8.06
13.5 8.298
13.5 8.37
13.5 8.508
13.5 8.386
500
11.0 3.214
11.0 6.526
11.5 6.878
12.0 7.344
12.0 7.756
12.0 7.852
12.5 7.764
12.5 7.822
13.5 7.804
13.5 7.862
13.5 8.356
13.5 8.27
13.5 7.752
13.5 8.168
13.5 8.198
13.5 8.338
13.5 8.304
13.5 8.81
13.5 8.422
13.5 8.226
13.5 8.282
13.5 8.314
13.5 8.26
13.5 8.146
13.5 8.144
13.5 8.222
13.5 8.164
13.5 8.392
13.5 8.346
13.5 8.23
13.5 8.436
13.5 8.306
13.5 8.11
13.5 8.224
13.5 8.13
13.5 8.164
13.5 8.212
13.5 8.302
13.5 8.354
13.5 8.186
13.5 8.382
13.5 8.508
13.5 8.358
13.5 8.51
13.5 8.268
13.5 8.52
13.5 8.786
13.5 8.618
13.5 8.81
13.5 8.716
13.5 8.426
13.5 8.496
13.5 8.238
13.5 8.414
13.5 8.232
13.5 8.418
13.5 8.582
13.5 8.068
13.5 8.058
13.5 8.358
13.5 8.194
13.5 8.062
13.5 8.018
13.5 8.18
13.5 8.116
13.5 8.412
13.5 8.4
13.5 8.286
13.5 8.354
13.5 8.37
13.5 8.58
13.5 7.6
13.5 8.272
13.5 8.276
13.5 7.852
13.5 7.87
13.5 8.584
13.5 8.384
13.5 8.49
13.5 8.47
13.5 7.95
13.5 8.242
13.5 8.116
13.5 8.456
13.5 8.392
13.5 8.442
13.5 8.288
13.5 8.262
13.5 7.99
13.5 8.012
13.5 8.462
13.5 8.124
13.5 8.356
13.5 8.926
13.5 8.512
13.5 8.594
13.5 8.306
13.5 8.454
13.5 7.788
13.5 8.346
13.5 8.614
13.5 8.358
13.5 8.292
13.5 8.124
13.5 8.43
13.5 8.582
13.5 8.158
13.5 8.276
13.5 8.546
13.5 8.278
13.5 8.558
13.5 8.322
13.5 8.338
13.5 8.422
13.5 8.592
13.5 8.342
13.5 8.428
13.5 7.958
13.5 8.212
13.5 8.416
13.5 8.068
13.5 8.316
13.5 8.11
13.5 8.304
13.5 8.408
13.5 8.62
13.5 7.988
13.5 8.4
13.5 8.09
13.5 8.096
13.5 8.088
13.5 8.156
13.5 8.164
13.5 7.824
13.5 8.434
13.5 8.168
13.5 8.754
13.5 8.838
13.5 8.296
13.5 8.006
13.5 8.056
13.5 8.326
13.5 8.01
13.5 8.054
13.5 8.302
13.5 8.002
13.5 7.984
13.5 8.248
13.5 8.22
13.5 8.488
13.5 8.488
13.5 8.664
13.5 7.61
13.5 8.034
13.5 8.078
13.5 8.378
13.5 8.744
13.5 7.834
13.5 8.534
13.5 8.548
13.5 8.378
13.5 8.398
13.5 8.568
13.5 7.93
13.5 8.132
13.5 8.038
13.5 8.12
13.5 8.094
13.5 8.15
13.5 8.452
13.5 8.532
13.5 8.64
13.5 8.146
13.5 7.992
13.5 8.148
13.5 8.32
13.5 8.34
13.5 8.088
13.5 8.448
13.5 8.376
13.5 8.082
13.5 8.406
13.5 8.256
13.5 8.28
13.5 8.464
13.5 8.418
13.5 8.144
13.5 8.064
13.5 8.48
13.5 8.342
13.5 8.232
13.5 8.632
13.5 8.384
13.5 7.93
13.5 8.382
13.5 8.354
13.5 8.558
13.5 8.192
13.5 8.266
13.5 8.49
13.5 8.382
13.5 8.384
13.5 8.19
13.5 8.124
13.5 8.144
13.5 7.786
13.5 8.054
13.5 8.302
13.5 8.584
13.5 8.496
13.5 8.258
13.5 8.37
13.5 8.432
13.5 8.482
13.5 8.284
13.5 8.02
13.5 7.804
13.5 8.38
13.5 8.162
13.5 7.878
13.5 8.624
13.5 8.786
13.5 8.644
13.5 8.558
13.5 8.466
13.5 8.408
13.5 8.656
13.5 8.496
13.5 8.456
13.5 8.35
13.5 8.288
13.5 8.3
13.5 8.306
13.5 8.118
13.5 8.522
13.5 8.43
13.5 7.986
13.5 8.108
13.5 8.426
13.5 8.368
13.5 8.274
13.5 8.452
13.5 8.24
13.5 8.484
13.5 8.72
13.5 8.404
13.5 8.046
13.5 8.37
13.5 8.236
13.5 8.508
13.5 8.43
13.5 8.38
13.5 8.402
13.5 7.946
13.5 8.102
13.5 8.078
13.5 8.118
13.5 7.934
13.5 8.38
13.5 8.152
13.5 8.242
13.5 8.456
13.5 8.232
13.5 8.036
13.5 7.926
13.5 8.12
13.5 8.298
13.5 8.5
13.5 8.648
13.5 8.418
13.5 7.966
13.5 8.73
13.5 8.418
13.5 7.954
13.5 8.184
13.5 8.104
13.5 8.35
13.5 8.438
13.5 8.078
13.5 8.002
13.5 8.418
13.5 8.224
13.5 8.22
13.5 8.228
13.5 8.396
13.5 7.7
13.5 7.842
13.5 8.366
13.5 8.522
13.5 8.57
13.5 8.496
13.5 8.512
13.5 8.552
13.5 8.378
13.5 8.46
13.5 8.638
13.5 8.678
13.5 8.35
13.5 8.562
13.5 8.196
13.5 8.318
13.5 8.342
13.5 8.174
13.5 8.644
13.5 8.884
13.5 8.816
13.5 8.244
13.5 8.414
13.5 8.498
13.5 8.48
13.5 8.582
13.5 8.55
13.5 8.49
13.5 8.408
13.5 8.338
13.5 8.342
13.5 8.498
13.5 8.742
13.5 8.6
13.5 8.51
13.5 8.298
13.5 8.372
13.5 8.3
13.5 8.124
13.5 7.938
13.5 7.856
13.5 7.81
13.5 7.766
13.5 8.144
13.5 7.582
13.5 8.09
13.5 7.988
13.5 8.234
13.5 8.168
13.5 8.302
13.5 8.598
13.5 8.398
13.5 8.5
13.5 8.59
13.5 8.702
13.5 8.374
13.5 8.23
13.5 8.368
13.5 8.186
13.5 8.03
13.5 8.15
13.5 8.66
13.5 8.304
13.5 8.382
13.5 8.294
13.5 8.422
13.5 7.792
13.5 8.158
13.5 8.24
13.5 8.384
13.5 8.504
13.5 8.852
13.5 8.558
13.5 8.718
13.5 8.49
13.5 8.434
13.5 8.548
13.5 8.284
13.5 8.248
13.5 8.37
13.5 8.202
13.5 8.376
13.5 8.592
13.5 8.272
13.5 8.506
13.5 8.598
13.5 8.248
13.5 8.426
13.5 8.104
13.5 8.418
13.5 8.226
13.5 8.432
13.5 8.25
13.5 8.452
13.5 8.368
13.5 8.328
13.5 8.478
13.5 8.396
13.5 7.892
13.5 8.426
13.5 8.64
13.5 8.406
13.5 8.582
13.5 8.274
13.5 8.216
13.5 7.732
13.5 8.188
13.5 8.02
13.5 8.188
13.5 8.13
13.5 8.168
13.5 8.104
13.5 8.316
13.5 8.342
13.5 8.052
13.5 8.272
13.5 8.028
13.5 7.764
13.5 8.14
13.5 8.3
13.5 8.392
13.5 8.298
13.5 8.298
13.5 8.434
13.5 8.392
13.5 8.298
13.5 7.972
13.5 8.15
13.5 7.95
13.5 7.826
13.5 8.146
13.5 8.258
13.5 8.294
13.5 8.424
13.5 8.564
13.5 8.738
13.5 8.472
13.5 8.22
13.5 8.356
13.5 8.43
13.5 8.238
13.5 8.09
13.5 7.866
13.5 8.198
13.5 8.304
13.5 8.676
13.5 8.644
13.5 8.52
13.5 8.518
13.5 7.924
13.5 8.262
13.5 8.274
13.5 7.94
13.5 8.236
13.5 8.458
13.5 8.15
13.5 8.1
13.5 8.062
13.5 7.972
13.5 8.074
13.5 7.97
13.5 8.228
13.5 8.696
13.5 8.172
13.5 8.126
13.5 7.908
13.5 8.438
13.5 8.272
13.5 8.362
13.5 8.278
13.5 7.97
13.5 8.088
13.5 8.306
13.5 8.416
13.5 8.44
13.5 8.502
13.5 8.568
13.5 8.504
13.5 8.538
13.5 8.246
13.5 8.582
13.5 8.374
13.5 8.17
13.5 7.61
13.5 8.574
13.5 8.364
13.5 8.354
13.5 8.628
13.5 8.322
13.5 7.968
13.5 8.134
13.5 8.254
13.5 8.196
13.5 8.218
13.5 8.228
13.5 8.298
13.5 8.166
13.5 8.454
13.5 8.178
13.5 8.35
13.5 8.184
13.5 7.934
13.5 8.23
13.5 8.238
13.5 8.296
13.5 8.292
13.5 8.416
13.5 8.62
13.5 8.736
13.5 8.634
13.5 8.25
13.5 8.314
13.5 8.218
13.5 8.518
13.5 8.322
500
11.5 3.904
11.5 6.282
11.5 7.278
11.5 7.774
11.5 7.724
12.0 7.656
12.0 7.454
12.0 7.776
12.0 7.96
12.5 8.036
12.5 8.154
12.5 8.042
12.5 8.264
13.0 8.42
13.0 8.156
13.0 7.858
13.0 8.084
13.0 8.346
13.0 7.946
13.0 7.538
13.0 7.866
13.0 7.938
13.0 7.866
13.0 8.146
13.0 8.51
13.0 8.358
13.0 8.198
13.0 8.172
13.0 8.412
13.0 8.452
13.0 8.524
13.0 8.28
13.0 8.1
13.0 8.214
13.0 8.156
13.0 8.47
13.0 8.152
13.0 8.296
13.0 8.224
13.0 7.866
13.0 8.54
13.0 8.24
13.0 8.336
13.0 8.272
13.0 8.284
13.0 8.52
13.0 8.152
13.0 8.598
13.0 8.358
13.0 8.652
13.0 8.602
13.0 8.864
13.0 8.062
13.0 8.094
13.0 8.304
13.0 8.354
13.0 8.668
13.0 8.212
13.0 8.422
13.0 8.532
13.0 8.272
13.0 7.878
13.0 8.144
13.0 7.852
13.0 7.89
13.0 8.236
13.0 8.534
13.0 8.454
13.0 8.144
13.0 8.298
13.0 8.268
13.0 8.158
13.0 8.492
13.0 8.552
13.0 8.416
13.0 8.354
13.0 8.282
13.5 8.586
13.5 8.326
13.5 8.028
13.5 7.922
13.5 8.138
13.5 8.304
13.5 8.042
13.5 8.366
13.5 8.406
13.5 8.338
13.5 8.37
13.5 8.148
13.5 8.246
13.5 8.6
13.5 8.352
13.5 8.222
13.5 8.446
13.5 8.39
13.5 7.964
13.5 7.898
13.5 8.202
13.5 8.118
13.5 8.318
13.5 8.128
13.5 8.278
13.5 8.19
13.5 8.198
13.5 8.134
13.5 8.314
13.5 8.404
13.5 8.276
13.5 8.358
13.5 7.92
13.5 8.292
13.5 8.18
13.5 8.484
13.5 8.388
13.5 8.416
13.5 8.474
13.5 8.326
13.5 8.34
13.5 8.508
13.5 8.056
13.5 8.188
13.5 8.578
13.5 8.578
13.5 8.254
13.5 8.45
13.5 8.394
13.5 8.378
13.5 7.984
13.5 8.478
13.5 8.684
13.5 8.168
13.5 8.18
13.5 7.94
13.5 8.122
13.5 8.124
13.5 8.372
13.5 8.02
13.5 8.396
13.5 8.466
13.5 8.372
13.5 8.652
13.5 8.19
13.5 7.882
13.5 8.198
13.5 7.95
13.5 8.126
13.5 8.074
13.5 8.02
13.5 8.204
13.5 8.504
13.5 8.494
13.5 8.506
13.5 8.258
13.5 8.41
13.5 8.514
13.5 8.34
13.5 7.676
13.5 8.326
13.5 8.332
13.5 8.118
13.5 8.162
13.5 8.402
13.5 8.34
13.5 8.242
13.5 8.426
13.5 8.25
13.5 7.99
13.5 7.948
13.5 8.054
13.5 8.158
13.5 8.25
13.5 8.046
13.5 8.424
13.5 8.324
13.5 8.232
13.5 8.52
13.5 8.764
13.5 8.212
13.5 8.232
13.5 8.022
13.5 8.358
13.5 8.326
13.5 8.532
13.5 8.292
13.5 8.5
13.5 8.19
13.5 8.21
13.5 8.286
13.5 8.22
13.5 8.252
13.5 8.326
13.5 8.016
13.5 8.298
13.5 8.264
13.5 8.624
13.5 8.4
13.5 8.18
13.5 8.548
13.5 8.94
13.5 8.646
13.5 8.396
13.5 8.186
13.5 7.94
13.5 8.062
13.5 8.074
13.5 8.22
13.5 8.01
13.5 8.236
13.5 7.796
13.5 8.206
13.5 8.31
13.5 8.454
13.5 8.26
13.5 8.37
13.5 8.318
13.5 8.388
13.5 7.85
13.5 8.332
13.5 8.36
13.5 8.562
13.5 8.688
13.5 8.212
13.5 8.69
13.5 8.192
13.5 8.088
13.5 8.56
13.5 8.698
13.5 8.236
13.5 8.104
13.5 8.146
13.5 8.408
13.5 7.798
13.5 8.238
13.5 8.228
13.5 8.37
13.5 8.16
13.5 8.438
13.5 8.496
13.5 8.476
13.5 8.564
13.5 8.548
13.5 8.656
13.5 8.424
13.5 8.634
13.5 8.344
13.5 8.712
13.5 8.508
13.5 8.524
13.5 8.456
13.5 8.47
13.5 8.234
13.5 8.69
13.5 8.122
13.5 8.516
13.5 8.42
13.5 8.62
13.5 8.68
13.5 8.25
13.5 8.352
13.5 7.6
13.5 8.314
13.5 7.718
13.5 8.074
13.5 8.422
13.5 7.882
13.5 8.12
13.5 8.494
13.5 8.26
13.5 8.182
13.5 8.224
13.5 8.484
13.5 8.314
13.5 8.358
13.5 8.418
13.5 8.322
13.5 8.22
13.5 7.998
13.5 8.196
13.5 8.394
13.5 8.278
13.5 8.55
13.5 8.638
13.5 8.39
13.5 8.398
13.5 8.354
13.5 8.482
13.5 8.166
13.5 8.654
13.5 8.44
13.5 8.268
13.5 8.538
13.5 8.302
13.5 8.102
13.5 8.49
13.5 8.574
13.5 8.448
13.5 8.55
13.5 8.57
13.5 7.94
13.5 8.37
13.5 8.024
13.5 8.496
13.5 8.316
13.5 7.91
13.5 7.984
13.5 8.202
13.5 8.282
13.5 8.134
13.5 8.002
13.5 8.066
13.5 8.528
13.5 8.032
13.5 8.424
13.5 8.48
13.5 8.258
13.5 7.944
13.5 8.222
13.5 8.212
13.5 8.662
13.5 7.862
13.5 8.412
13.5 8.138
13.5 8.354
13.5 8.362
13.5 8.574
13.5 8.112
13.5 8.44
13.5 7.998
13.5 8.566
13.5 8.272
13.5 8.582
13.5 8.44
13.5 8.684
13.5 7.878
13.5 8.488
13.5 8.04
13.5 8.606
13.5 8.352
13.5 8.262
13.5 8.388
13.5 8.85
13.5 8.784
13.5 8.392
13.5 8.322
13.5 8.204
13.5 8.6
13.5 8.37
13.5 8.334
13.5 8.106
13.5 8.3
13.5 8.362
13.5 8.068
13.5 8.054
13.5 8.292
13.5 7.904
13.5 8.296
13.5 8.456
13.5 8.02
13.5 8.448
13.5 8.528
13.5 8.46
13.5 8.278
13.5 8.296
13.5 8.584
13.5 8.452
13.5 8.624
13.5 8.408
13.5 7.94
13.5 7.914
13.5 8.186
13.5 8.238
13.5 8.254
13.5 8.544
13.5 8.654
13.5 8.898
13.5 8.802
13.5 8.458
13.5 8.242
13.5 8.354
13.5 7.898
13.5 7.726
13.5 8.122
13.5 8.354
13.5 8.456
13.5 8.524
13.5 8.182
13.5 7.958
13.5 8.22
13.5 8.014
13.5 8.328
13.5 8.384
13.5 8.256
13.5 8.314
13.5 8.404
13.5 8.334
13.5 8.326
13.5 8.38
13.5 8.354
13.5 8.348
13.5 8.222
13.5 8.35
13.5 8.6
13.5 8.74
13.5 8.362
13.5 8.472
13.5 8.498
13.5 8.504
13.5 8.366
13.5 8.6
13.5 8.268
13.5 8.638
13.5 8.548
13.5 8.518
13.5 8.066
13.5 8.116
13.5 8.296
13.5 8.398
13.5 8.09
13.5 7.928
13.5 7.782
13.5 8.224
13.5 8.196
13.5 8.15
13.5 8.228
13.5 8.37
13.5 8.496
13.5 8.382
13.5 8.188
13.5 8.206
13.5 7.932
13.5 8.58
13.5 8.668
13.5 8.706
13.5 8.55
13.5 8.466
13.5 8.032
13.5 8.184
13.5 8.552
13.5 8.512
13.5 8.522
13.5 8.304
13.5 8.208
13.5 8.624
13.5 8.246
13.5 8.444
13.5 8.364
13.5 8.342
13.5 8.312
13.5 8.082
13.5 8.24
13.5 8.194
13.5 8.228
13.5 8.322
13.5 7.618
13.5 8.308
13.5 8.252
13.5 8.4
13.5 8.278
13.5 8.42
13.5 8.528
13.5 8.31
13.5 8.31
13.5 8.364
13.5 8.73
13.5 8.326
13.5 8.028
13.5 8.566
13.5 8.506
13.5 8.318
13.5 8.156
13.5 8.516
13.5 8.454
13.5 8.132
13.5 8.542
13.5 8.504
13.5 7.646
13.5 8.066
13.5 8.246
13.5 8.032
13.5 8.228
13.5 8.16
13.5 8.076
13.5 8.288
13.5 8.06
13.5 7.938
13.5 8.18
13.5 8.152
13.5 8.442
13.5 8.57
13.5 8.284
13.5 8.536
13.5 8.25
13.5 8.342
13.5 8.114
13.5 8.29
13.5 8.118
13.5 8.288
13.5 8.65
13.5 8.416
13.5 8.238

Individual: [1, 2, 6, 7, 9, 14, 15, 18, 20]
   Fitness: 13.5
     Total: 9
Violations: 0 0

Individual: [1, 2, 6, 7, 9, 14, 15, 18, 20]
   Fitness: 13.5
     Total: 9
Violations: 0 0

Individual: [1, 2, 6, 7, 9, 14, 15, 18, 20]
   Fitness: 13.5
     Total: 9
Violations: 0 0

Individual: [1, 2, 6, 7, 9, 14, 15, 18, 20]
   Fitness: 13.5
     Total: 9
Violations: 0 0

Individual: [1, 2, 6, 7, 9, 14, 15, 18, 20]
   Fitness: 13.5
     Total: 9
Violations: 0 0

Individual: [1, 3, 6, 7, 12, 14, 15, 19, 20]
   Fitness: 13.5
     Total: 9
Violations: 0 0

Individual: [1, 3, 6, 7, 12, 14, 15, 19, 20]
   Fitness: 13.5
     Total: 9
Violations: 0 0

Individual: [1, 3, 6, 7, 12, 14, 15, 19, 20]
   Fitness: 13.5
     Total: 9
Violations: 0 0

Individual: [1, 2, 6, 7, 9, 14, 15, 18, 20]
   Fitness: 13.5
     Total: 9
Violations: 0 0

Individual: [1, 2, 6, 7, 9, 14, 15, 18, 20]
   Fitness: 13.5
     Total: 9
Violations: 0 0
