10
100
11.0 3.418
12.5 8.567
12.5 9.968
12.5 10.829
13.0 11.432
13.0 12.111
13.0 12.378
13.0 12.583
13.0 12.625
13.0 12.572
13.0 12.68
13.0 12.712
13.0 12.722
13.0 12.633
13.0 12.635
13.0 12.635
13.0 12.603
13.0 12.671
13.0 12.598
13.0 12.701
13.0 12.753
13.0 12.687
13.0 12.726
13.0 12.752
13.0 12.654
13.0 12.724
13.0 12.753
13.0 12.679
13.0 12.736
13.0 12.724
13.0 12.676
13.0 12.655
13.0 12.778
13.0 12.738
13.0 12.765
13.0 12.724
13.0 12.726
13.0 12.697
13.0 12.697
13.0 12.728
13.0 12.672
13.0 12.752
13.0 12.727
13.0 12.653
13.0 12.679
13.0 12.727
13.0 12.707
13.0 12.627
13.0 12.733
13.0 12.719
13.0 12.704
13.0 12.664
13.0 12.729
13.0 12.715
13.0 12.692
13.0 12.603
13.0 12.694
13.0 12.746
13.0 12.689
13.0 12.767
13.0 12.747
13.0 12.715
13.0 12.671
13.0 12.688
13.0 12.64
13.0 12.726
13.0 12.691
13.0 12.735
13.0 12.733
13.0 12.667
13.0 12.714
13.0 12.776
13.0 12.786
13.0 12.723
13.0 12.777
13.0 12.732
13.0 12.74
13.0 12.745
13.0 12.766
13.0 12.726
13.0 12.678
13.0 12.703
13.0 12.726
13.0 12.808
13.0 12.76
13.0 12.779
13.0 12.797
13.0 12.768
13.0 12.668
13.0 12.712
13.0 12.721
13.0 12.722
13.0 12.789
13.0 12.726
13.0 12.775
13.0 12.739
13.0 12.697
13.0 12.699
13.0 12.755
13.0 12.716
100
11.0 4.189
12.5 8.577
12.5 9.823
13.0 10.636
13.0 11.447
13.0 11.845
13.0 12.281
13.5 12.59
13.5 12.481
13.5 12.599
13.5 12.723
13.5 13.165
13.5 13.303
13.5 13.33
13.5 13.263
13.5 13.283
13.5 13.3
13.5 13.339
13.5 13.313
13.5 13.299
13.5 13.325
13.5 13.286
13.5 13.314
13.5 13.282
13.5 13.262
13.5 13.285
13.5 13.306
13.5 13.276
13.5 13.289
13.5 13.316
13.5 13.27
13.5 13.315
13.5 13.286
13.5 13.321
13.5 13.328
13.5 13.264
13.5 13.278
13.5 13.286
13.5 13.339
13.5 13.183
13.5 13.313
13.5 13.341
13.5 13.283
13.5 13.361
13.5 13.32
13.5 13.305
13.5 13.286
13.5 13.32
13.5 13.342
13.5 13.321
13.5 13.286
13.5 13.252
13.5 13.291
13.5 13.279
13.5 13.325
13.5 13.328
13.5 13.281
13.5 13.325
13.5 13.277
13.5 13.289
13.5 13.305
13.5 13.273
13.5 13.306
13.5 13.283
13.5 13.255
13.5 13.307
13.5 13.322
13.5 13.305
13.5 13.344
13.5 13.332
13.5 13.284
13.5 13.244
13.5 13.293
13.5 13.279
13.5 13.331
13.5 13.321
13.5 13.347
13.5 13.3
13.5 13.295
13.5 13.316
13.5 13.282
13.5 13.263
13.5 13.308
13.5 13.318
13.5 13.296
13.5 13.305
13.5 13.307
13.5 13.235
13.5 13.327
13.5 13.34
13.5 13.285
13.5 13.333
13.5 13.335
13.5 13.328
13.5 13.297
13.5 13.299
13.5 13.274
13.5 13.294
13.5 13.365
13.5 13.355
100
11.0 4.021
12.0 8.499
13.0 9.664
13.5 10.659
13.5 11.601
13.5 12.142
13.5 12.325
13.5 12.615
13.5 13.217
13.5 13.271
13.5 13.295
13.5 13.28
13.5 13.333
13.5 13.297
13.5 13.285
13.5 13.259
13.5 13.296
13.5 13.248
13.5 13.315
13.5 13.329
13.5 13.265
13.5 13.301
13.5 13.262
13.5 13.236
13.5 13.309
13.5 13.266
13.5 13.348
13.5 13.293
13.5 13.351
13.5 13.301
13.5 13.312
13.5 13.284
13.5 13.266
13.5 13.281
13.5 13.264
13.5 13.314
13.5 13.289
13.5 13.4
13.5 13.351
13.5 13.315
13.5 13.334
13.5 13.293
13.5 13.309
13.5 13.34
13.5 13.293
13.5 13.296
13.5 13.243
13.5 13.345
13.5 13.325
13.5 13.273
13.5 13.305
13.5 13.351
13.5 13.292
13.5 13.25
13.5 13.295
13.5 13.296
13.5 13.272
13.5 13.377
13.5 13.346
13.5 13.275
13.5 13.302
13.5 13.281
13.5 13.306
13.5 13.328
13.5 13.327
13.5 13.314
13.5 13.353
13.5 13.292
13.5 13.36
13.5 13.282
13.5 13.309
13.5 13.323
13.5 13.329
13.5 13.352
13.5 13.263
13.5 13.289
13.5 13.279
13.5 13.38
13.5 13.312
13.5 13.336
13.5 13.33
13.5 13.266
13.5 13.362
13.5 13.33
13.5 13.284
13.5 13.317
13.5 13.275
13.5 13.239
13.5 13.306
13.5 13.359
13.5 13.33
13.5 13.341
13.5 13.299
13.5 13.347
13.5 13.335
13.5 13.302
13.5 13.337
13.5 13.284
13.5 13.263
13.5 13.322
100
12.0 3.612
12.0 8.208
12.5 9.535
13.0 10.567
13.0 11.371
13.0 11.892
13.0 12.253
13.0 12.54
13.0 12.513
13.0 12.665
13.0 12.685
13.0 12.739
13.0 12.719
13.0 12.697
13.0 12.807
13.5 12.732
13.5 12.74
13.5 12.77
13.5 12.672
13.5 12.938
13.5 13.334
13.5 13.297
13.5 13.269
13.5 13.361
13.5 13.29
13.5 13.283
13.5 13.317
13.5 13.31
13.5 13.319
13.5 13.329
13.5 13.358
13.5 13.326
13.5 13.308
13.5 13.296
13.5 13.309
13.5 13.324
13.5 13.305
13.5 13.283
13.5 13.274
13.5 13.35
13.5 13.29
13.5 13.291
13.5 13.319
13.5 13.273
13.5 13.324
13.5 13.26
13.5 13.308
13.5 13.346
13.5 13.348
13.5 13.325
13.5 13.311
13.5 13.331
13.5 13.325
13.5 13.27
13.5 13.309
13.5 13.297
13.5 13.327
13.5 13.284
13.5 13.299
13.5 13.283
13.5 13.327
13.5 13.292
13.5 13.286
13.5 13.284
13.5 13.335
13.5 13.355
13.5 13.287
13.5 13.352
13.5 13.326
13.5 13.329
13.5 13.321
13.5 13.276
13.5 13.3
13.5 13.321
13.5 13.323
13.5 13.272
13.5 13.299
13.5 13.34
13.5 13.323
13.5 13.294
13.5 13.232
13.5 13.359
13.5 13.272
13.5 13.343
13.5 13.324
13.5 13.277
13.5 13.243
13.5 13.275
13.5 13.322
13.5 13.319
13.5 13.314
13.5 13.272
13.5 13.298
13.5 13.328
13.5 13.336
13.5 13.323
13.5 13.34
13.5 13.309
13.5 13.319
13.5 13.321
100
11.0 3.963
12.5 8.491
12.5 9.939
13.0 11.064
13.0 11.918
13.0 12.107
13.0 12.365
13.0 12.552
13.0 12.649
13.0 12.681
13.0 12.745
13.0 12.63
13.0 12.689
13.0 12.797
13.0 12.712
13.0 12.76
13.0 12.731
13.0 12.755
13.0 12.756
13.0 12.817
13.0 12.688
13.0 12.726
13.0 12.73
13.0 12.695
13.0 12.783
13.0 12.736
13.0 12.748
13.0 12.767
13.0 12.76
13.0 12.693
13.0 12.74
13.0 12.805
13.0 12.759
13.0 12.671
13.0 12.692
13.0 12.616
13.0 12.736
13.0 12.752
13.0 12.75
13.0 12.643
13.0 12.728
13.0 12.706
13.0 12.731
13.0 12.767
13.0 12.772
13.0 12.727
13.0 12.74
13.0 12.725
13.0 12.706
13.0 12.788
13.0 12.785
13.0 12.767
13.0 12.747
13.0 12.742
13.0 12.709
13.0 12.78
13.0 12.763
13.0 12.77
13.0 12.734
13.0 12.742
13.0 12.781
13.0 12.76
13.0 12.781
13.0 12.653
13.0 12.743
13.0 12.666
13.0 12.785
13.0 12.805
13.0 12.756
13.0 12.765
13.0 12.782
13.0 12.672
13.0 12.775
13.0 12.736
13.0 12.728
13.0 12.766
13.0 12.822
13.0 12.759
13.0 12.788
13.0 12.724
13.0 12.738
13.0 12.778
13.0 12.742
13.0 12.76
13.0 12.776
13.0 12.743
13.0 12.75
13.0 12.679
13.0 12.721
13.0 12.661
13.0 12.699
13.0 12.788
13.0 12.758
13.0 12.773
13.0 12.794
13.0 12.712
13.0 12.763
13.0 12.772
13.0 12.731
13.0 12.79
100
11.0 3.961
12.0 8.047
13.0 9.241
13.0 10.062
13.0 10.937
13.0 11.665
13.0 12.059
13.0 12.378
13.0 12.476
13.0 12.466
13.0 12.48
13.0 12.604
13.0 12.523
13.0 12.557
13.0 12.652
13.0 12.761
13.0 12.77
13.0 12.712
13.0 12.683
13.0 12.749
13.0 12.81
13.0 12.719
13.0 12.747
13.0 12.721
13.0 12.719
13.0 12.665
13.0 12.793
13.0 12.777
13.0 12.749
13.0 12.695
13.0 12.755
13.0 12.64
13.0 12.705
13.0 12.827
13.0 12.677
13.0 12.642
13.0 12.796
13.0 12.682
13.0 12.739
13.0 12.752
13.0 12.74
13.0 12.721
13.0 12.715
13.0 12.83
13.0 12.82
13.0 12.745
13.0 12.736
13.0 12.789
13.0 12.8
13.0 12.81
13.0 12.795
13.0 12.767
13.0 12.706
13.0 12.75
13.0 12.742
13.0 12.606
13.0 12.745
13.0 12.759
13.0 12.789
13.0 12.756
13.0 12.732
13.0 12.813
13.0 12.801
13.0 12.715
13.0 12.812
13.0 12.767
13.0 12.7
13.0 12.764
13.0 12.802
13.0 12.808
13.0 12.712
13.0 12.734
13.0 12.626
13.0 12.733
13.0 12.74
13.0 12.733
13.0 12.721
13.0 12.78
13.0 12.644
13.0 12.76
13.0 12.794
13.0 12.778
13.0 12.796
13.0 12.749
13.0 12.789
13.0 12.76
13.0 12.756
13.0 12.779
13.0 12.827
13.0 12.726
13.0 12.766
13.0 12.766
13.0 12.778
13.0 12.791
13.0 12.74
13.0 12.812
13.0 12.746
13.0 12.77
13.0 12.696
13.0 12.736
100
11.0 3.801
12.0 8.494
12.5 9.597
13.0 10.477
13.0 11.35
13.0 11.966
13.0 12.189
13.0 12.472
13.0 12.376
13.0 12.536
13.0 12.427
13.0 12.517
13.0 12.635
13.0 12.637
13.0 12.649
13.0 12.644
13.0 12.557
13.0 12.547
13.0 12.581
13.0 12.582
13.0 12.638
13.0 12.676
13.0 12.593
13.0 12.757
13.0 12.645
13.0 12.701
13.0 12.698
13.0 12.594
13.0 12.667
13.0 12.666
13.0 12.621
13.0 12.639
13.0 12.664
13.0 12.616
13.0 12.711
13.0 12.644
13.0 12.693
13.0 12.59
13.0 12.639
13.0 12.603
13.0 12.603
13.0 12.649
13.0 12.648
13.0 12.684
13.0 12.662
13.0 12.674
13.0 12.692
13.0 12.641
13.0 12.681
13.0 12.672
13.0 12.701
13.0 12.706
13.0 12.701
13.0 12.724
13.0 12.669
13.0 12.622
13.0 12.66
13.0 12.7
13.0 12.647
13.0 12.698
13.0 12.634
13.0 12.734
13.0 12.724
13.0 12.683
13.0 12.664
13.0 12.778
13.0 12.711
13.0 12.689
13.0 12.727
13.0 12.637
13.0 12.623
13.0 12.691
13.0 12.71
13.0 12.557
13.0 12.738
13.0 12.666
13.0 12.68
13.0 12.756
13.0 12.643
13.0 12.71
13.0 12.688
13.0 12.584
13.0 12.7
13.0 12.589
13.0 12.643
13.0 12.565
13.0 12.722
13.0 12.662
13.0 12.665
13.0 12.669
13.0 12.611
13.0 12.674
13.0 12.72
13.0 12.748
13.0 12.705
13.0 12.658
13.0 12.665
13.0 12.704
13.0 12.649
13.0 12.689
100
12.5 3.796
13.0 8.57
13.5 10.0
13.5 10.997
13.5 12.16
13.5 12.949
13.5 13.262
13.5 13.313
13.5 13.299
13.5 13.292
13.5 13.33
13.5 13.307
13.5 13.341
13.5 13.275
13.5 13.314
13.5 13.273
13.5 13.304
13.5 13.33
13.5 13.265
13.5 13.252
13.5 13.237
13.5 13.331
13.5 13.282
13.5 13.322
13.5 13.357
13.5 13.243
13.5 13.291
13.5 13.213
13.5 13.304
13.5 13.258
13.5 13.267
13.5 13.287
13.5 13.292
13.5 13.273
13.5 13.342
13.5 13.304
13.5 13.326
13.5 13.332
13.5 13.296
13.5 13.265
13.5 13.271
13.5 13.339
13.5 13.33
13.5 13.344
13.5 13.285
13.5 13.316
13.5 13.357
13.5 13.312
13.5 13.314
13.5 13.323
13.5 13.336
13.5 13.302
13.5 13.304
13.5 13.282
13.5 13.361
13.5 13.321
13.5 13.361
13.5 13.307
13.5 13.239
13.5 13.267
13.5 13.248
13.5 13.31
13.5 13.306
13.5 13.324
13.5 13.305
13.5 13.312
13.5 13.315
13.5 13.313
13.5 13.304
13.5 13.232
13.5 13.279
13.5 13.228
13.5 13.274
13.5 13.27
13.5 13.286
13.5 13.257
13.5 13.29
13.5 13.351
13.5 13.345
13.5 13.249
13.5 13.282
13.5 13.332
13.5 13.31
13.5 13.316
13.5 13.348
13.5 13.325
13.5 13.293
13.5 13.277
13.5 13.321
13.5 13.34
13.5 13.342
13.5 13.346
13.5 13.273
13.5 13.313
13.5 13.24
13.5 13.335
13.5 13.206
13.5 13.313
13.5 13.294
13.5 13.299
100
11.5 3.806
12.0 8.539
12.5 9.781
13.0 10.615
13.0 11.329
13.0 11.78
13.0 11.956
13.0 12.409
13.0 12.7
13.0 12.785
13.0 12.828
13.0 12.815
13.0 12.816
13.0 12.74
13.0 12.794
13.0 12.838
13.0 12.793
13.0 12.812
13.0 12.84
13.0 12.79
13.0 12.82
13.0 12.839
13.0 12.806
13.0 12.783
13.0 12.858
13.0 12.78
13.0 12.813
13.0 12.807
13.0 12.781
13.0 12.8
13.0 12.857
13.0 12.812
13.5 12.824
13.5 12.812
13.5 12.801
13.5 12.791
13.5 12.802
13.5 12.915
13.5 13.208
13.5 13.311
13.5 13.328
13.5 13.312
13.5 13.361
13.5 13.325
13.5 13.36
13.5 13.294
13.5 13.271
13.5 13.337
13.5 13.333
13.5 13.329
13.5 13.3
13.5 13.349
13.5 13.324
13.5 13.35
13.5 13.291
13.5 13.279
13.5 13.346
13.5 13.331
13.5 13.3
13.5 13.312
13.5 13.358
13.5 13.321
13.5 13.351
13.5 13.337
13.5 13.322
13.5 13.298
13.5 13.318
13.5 13.321
13.5 13.345
13.5 13.294
13.5 13.343
13.5 13.298
13.5 13.314
13.5 13.287
13.5 13.307
13.5 13.269
13.5 13.322
13.5 13.253
13.5 13.319
13.5 13.313
13.5 13.291
13.5 13.322
13.5 13.278
13.5 13.373
13.5 13.292
13.5 13.302
13.5 13.298
13.5 13.338
13.5 13.244
13.5 13.307
13.5 13.315
13.5 13.308
13.5 13.311
13.5 13.298
13.5 13.34
13.5 13.324
13.5 13.311
13.5 13.31
13.5 13.305
13.5 13.295
100
10.5 3.596
12.5 8.464
12.5 9.458
13.0 10.309
13.0 10.943
13.0 11.544
13.0 12.092
13.0 12.334
13.0 12.569
13.0 12.57
13.0 12.561
13.0 12.671
13.0 12.616
13.0 12.662
13.0 12.64
13.0 12.673
13.0 12.757
13.0 12.731
13.0 12.784
13.0 12.753
13.0 12.716
13.0 12.66
13.0 12.694
13.0 12.758
13.0 12.813
13.0 12.709
13.0 12.717
13.0 12.766
13.0 12.76
13.0 12.7
13.0 12.753
13.0 12.765
13.0 12.645
13.0 12.753
13.0 12.744
13.0 12.732
13.0 12.73
13.0 12.788
13.0 12.733
13.0 12.796
13.0 12.789
13.0 12.788
13.0 12.751
13.0 12.722
13.0 12.758
13.0 12.757
13.0 12.719
13.0 12.686
13.0 12.765
13.0 12.79
13.0 12.745
13.0 12.792
13.0 12.745
13.0 12.741
13.0 12.724
13.0 12.767
13.0 12.74
13.0 12.779
13.0 12.719
13.0 12.711
13.0 12.72
13.0 12.763
13.0 12.727
13.0 12.78
13.0 12.737
13.0 12.765
13.0 12.747
13.0 12.774
13.0 12.727
13.5 12.707
13.5 12.76
13.5 12.76
13.5 12.729
13.5 12.77
13.5 12.677
13.5 12.775
13.5 12.81
13.5 13.226
13.5 13.27
13.5 13.342
13.5 13.278
13.5 13.38
13.5 13.343
13.5 13.334
13.5 13.298
13.5 13.311
13.5 13.297
13.5 13.328
13.5 13.347
13.5 13.326
13.5 13.307
13.5 13.361
13.5 13.306
13.5 13.313
13.5 13.315
13.5 13.308
13.5 13.285
13.5 13.286
13.5 13.339
13.5 13.328

Individual: [1, 2, 4, 5, 13, 14, 16, 17, 19, 20]
   Fitness: 13.0
     Total: 10
Violations: 2 2

Individual: [1, 3, 6, 7, 12, 14, 15, 19, 20]
   Fitness: 13.5
     Total: 9
Violations: 0 0

Individual: [1, 2, 6, 7, 9, 14, 15, 18, 20]
   Fitness: 13.5
     Total: 9
Violations: 0 0

Individual: [1, 3, 6, 7, 12, 14, 15, 19, 20]
   Fitness: 13.5
     Total: 9
Violations: 0 0

Individual: [1, 2, 5, 7, 10, 14, 16, 17, 19, 20]
   Fitness: 13.0
     Total: 10
Violations: 2 2

Individual: [1, 3, 4, 6, 7, 14, 16, 17, 19, 20]
   Fitness: 13.0
     Total: 10
Violations: 2 2

Individual: [1, 2, 4, 5, 7, 14, 15, 16, 19, 20]
   Fitness: 13.0
     Total: 10
Violations: 2 2

Individual: [1, 3, 6, 7, 12, 14, 15, 19, 20]
   Fitness: 13.5
     Total: 9
Violations: 0 0

Individual: [1, 2, 6, 7, 9, 14, 15, 18, 20]
   Fitness: 13.5
     Total: 9
Violations: 0 0

Individual: [1, 3, 6, 7, 12, 14, 15, 19, 20]
   Fitness: 13.5
     Total: 9
Violations: 0 0
