10
500
13.0 3.703
13.0 6.109
13.0 6.479
13.0 6.674
13.0 6.488
13.0 6.541
13.0 6.604
13.0 6.579
13.0 6.355
13.0 6.678
13.0 6.588
13.0 6.686
13.0 6.592
13.0 6.685
13.0 6.481
13.0 6.652
13.0 6.815
13.0 6.726
13.0 6.645
13.0 6.648
13.0 6.597
13.0 6.63
13.0 6.762
13.0 6.498
13.0 6.517
13.0 6.736
13.0 6.475
13.0 6.527
13.0 6.641
13.0 6.513
13.0 6.642
13.0 6.638
13.0 6.591
13.0 6.794
13.0 6.585
13.0 6.66
13.0 6.705
13.0 6.501
13.0 6.381
13.0 6.654
13.0 6.576
13.0 6.753
13.0 6.56
13.0 6.642
13.0 6.588
13.0 6.564
13.0 6.486
13.0 6.579
13.0 6.676
13.0 6.567
13.0 6.699
13.0 6.84
13.0 6.573
13.0 6.86
13.0 6.491
13.0 6.685
13.0 6.457
13.0 6.617
13.0 6.717
13.0 6.621
13.0 6.492
13.0 6.621
13.0 6.875
13.0 6.611
13.0 6.313
13.0 6.447
13.0 6.776
13.0 6.672
13.0 6.518
13.0 6.503
13.0 6.488
13.0 6.611
13.0 6.629
13.0 6.696
13.0 6.506
13.0 6.71
13.0 6.659
13.0 6.473
13.0 6.761
13.0 6.811
13.0 6.556
13.0 6.443
13.0 6.637
13.0 6.917
13.0 6.686
13.0 6.625
13.0 6.408
13.5 6.417
13.5 6.402
13.5 6.822
13.5 6.692
13.5 6.278
13.5 6.709
13.5 6.54
13.5 6.824
13.5 6.379
13.5 6.221
13.5 6.698
13.5 6.55
13.5 6.791
13.5 6.971
13.5 6.887
13.5 6.644
13.5 6.957
13.5 6.659
13.5 6.677
13.5 6.714
13.5 6.541
13.5 6.552
13.5 6.646
13.5 6.977
13.5 6.303
13.5 6.579
13.5 6.675
13.5 6.809
13.5 6.8
13.5 6.49
13.5 6.433
13.5 6.863
13.5 6.63
13.5 6.713
13.5 6.63
13.5 6.609
13.5 6.68
13.5 6.705
13.5 6.64
13.5 6.479
13.5 6.591
13.5 6.423
13.5 6.376
13.5 6.574
13.5 6.502
13.5 6.466
13.5 6.591
13.5 6.641
13.5 6.345
13.5 6.835
13.5 6.948
13.5 6.487
13.5 6.694
13.5 6.865
13.5 6.653
13.5 6.464
13.5 6.46
13.5 6.566
13.5 6.303
13.5 6.614
13.5 6.733
13.5 6.576
13.5 6.492
13.5 6.523
13.5 6.648
13.5 6.604
13.5 6.929
13.5 6.898
13.5 6.568
13.5 6.844
13.5 6.535
13.5 6.657
13.5 6.692
13.5 6.543
13.5 6.824
13.5 6.919
13.5 6.756
13.5 6.818
13.5 6.643
13.5 6.672
13.5 6.415
13.5 6.72
13.5 6.61
13.5 6.709
13.5 6.792
13.5 6.934
13.5 6.334
13.5 6.652
13.5 6.711
13.5 6.512
13.5 6.556
13.5 6.619
13.5 6.484
13.5 6.784
13.5 7.079
13.5 6.839
13.5 6.704
13.5 6.707
13.5 6.678
13.5 6.727
13.5 6.545
13.5 6.581
13.5 6.717
13.5 6.713
13.5 6.892
13.5 6.929
13.5 6.471
13.5 6.712
13.5 6.673
13.5 6.481
13.5 6.653
13.5 6.649
13.5 6.573
13.5 6.481
13.5 6.509
13.5 6.605
13.5 6.732
13.5 6.529
13.5 6.716
13.5 6.717
13.5 6.515
13.5 6.661
13.5 6.783
13.5 6.737
13.5 6.479
13.5 6.906
13.5 6.567
13.5 6.764
13.5 6.556
13.5 6.24
13.5 6.671
13.5 6.589
13.5 6.658
13.5 6.764
13.5 6.554
13.5 6.619
13.5 6.557
13.5 6.858
13.5 6.762
13.5 6.721
13.5 6.632
13.5 6.862
13.5 6.731
13.5 6.82
13.5 6.588
13.5 6.58
13.5 6.76
13.5 6.577
13.5 6.187
13.5 6.559
13.5 6.561
13.5 6.592
13.5 6.917
13.5 6.692
13.5 6.607
13.5 6.418
13.5 6.602
13.5 6.768
13.5 6.758
13.5 6.943
13.5 6.602
13.5 6.597
13.5 6.583
13.5 6.834
13.5 6.846
13.5 6.55
13.5 6.666
13.5 6.576
13.5 6.822
13.5 6.528
13.5 6.402
13.5 6.757
13.5 6.721
13.5 6.274
13.5 6.742
13.5 6.49
13.5 6.62
13.5 6.41
13.5 6.607
13.5 6.573
13.5 6.86
13.5 6.71
13.5 6.549
13.5 6.689
13.5 6.811
13.5 6.815
13.5 6.828
13.5 6.601
13.5 6.703
13.5 6.352
13.5 6.536
13.5 6.808
13.5 6.72
13.5 6.706
13.5 6.533
13.5 6.704
13.5 6.687
13.5 6.672
13.5 6.581
13.5 6.893
13.5 6.666
13.5 6.662
13.5 6.64
13.5 6.431
13.5 6.665
13.5 6.342
13.5 6.464
13.5 6.511
13.5 6.484
13.5 6.67
13.5 6.527
13.5 6.814
13.5 6.62
13.5 6.272
13.5 6.769
13.5 6.693
13.5 6.754
13.5 6.893
13.5 6.54
13.5 6.512
13.5 6.578
13.5 6.518
13.5 6.445
13.5 6.729
13.5 6.91
13.5 6.655
13.5 6.711
13.5 6.602
13.5 6.826
13.5 6.84
13.5 6.769
13.5 6.479
13.5 6.879
13.5 6.657
13.5 6.428
13.5 6.736
13.5 6.557
13.5 6.873
13.5 6.53
13.5 6.866
13.5 6.606
13.5 6.853
13.5 6.491
13.5 6.618
13.5 6.802
13.5 6.788
13.5 6.551
13.5 6.418
13.5 6.839
13.5 6.873
13.5 6.903
13.5 6.599
13.5 6.686
13.5 6.365
13.5 6.559
13.5 6.933
13.5 6.907
13.5 6.55
13.5 6.667
13.5 6.545
13.5 6.731
13.5 6.566
13.5 6.744
13.5 6.527
13.5 6.488
13.5 6.713
13.5 6.686
13.5 6.607
13.5 6.373
13.5 6.849
13.5 6.717
13.5 6.82
13.5 6.833
13.5 6.761
13.5 6.736
13.5 6.478
13.5 6.728
13.5 6.774
13.5 6.689
13.5 6.459
13.5 6.712
13.5 6.599
13.5 6.786
13.5 6.421
13.5 6.713
13.5 6.668
13.5 6.712
13.5 6.692
13.5 6.722
13.5 6.416
13.5 6.717
13.5 6.638
13.5 6.529
13.5 6.816
13.5 6.632
13.5 6.834
13.5 6.858
13.5 6.533
13.5 6.558
13.5 6.416
13.5 6.723
13.5 6.657
13.5 6.351
13.5 6.855
13.5 6.744
13.5 6.85
13.5 6.561
13.5 6.597
13.5 6.893
13.5 6.815
13.5 6.646
13.5 6.585
13.5 6.854
13.5 6.442
13.5 6.231
13.5 6.415
13.5 6.612
13.5 6.573
13.5 6.814
13.5 6.604
13.5 6.391
13.5 6.572
13.5 6.384
13.5 6.503
13.5 6.543
13.5 6.268
13.5 6.709
13.5 6.409
13.5 6.809
13.5 6.797
13.5 6.759
13.5 6.62
13.5 6.691
13.5 6.668
13.5 6.702
13.5 6.887
13.5 6.449
13.5 6.609
13.5 6.713
13.5 6.458
13.5 6.829
13.5 6.477
13.5 6.627
13.5 6.758
13.5 6.614
13.5 6.751
13.5 6.482
13.5 6.589
13.5 6.627
13.5 6.598
13.5 6.62
13.5 6.721
13.5 6.696
13.5 6.688
13.5 6.481
13.5 6.917
13.5 6.592
13.5 6.748
13.5 6.295
13.5 6.556
13.5 6.865
13.5 6.894
13.5 6.649
13.5 6.578
13.5 6.754
13.5 6.668
13.5 6.58
13.5 6.513
13.5 6.498
13.5 6.548
13.5 6.813
13.5 6.707
13.5 6.891
13.5 6.464
13.5 6.637
13.5 6.546
13.5 6.358
13.5 6.598
13.5 6.653
13.5 6.667
13.5 6.638
13.5 6.558
13.5 6.683
13.5 6.462
13.5 6.518
13.5 6.408
13.5 6.642
13.5 6.564
13.5 6.837
13.5 6.487
13.5 6.676
13.5 6.702
13.5 6.778
13.5 6.476
13.5 6.695
13.5 6.265
13.5 6.718
13.5 6.719
13.5 6.677
13.5 6.746
13.5 6.7
13.5 6.635
13.5 6.429
13.5 6.567
13.5 6.688
13.5 6.718
13.5 6.836
13.5 6.95
13.5 6.656
13.5 6.785
13.5 6.66
13.5 6.646
13.5 6.653
500
11.5 3.248
11.5 6.192
11.5 6.559
12.0 6.401
12.5 6.571
12.5 6.696
12.5 6.707
12.5 6.514
12.5 6.292
12.5 6.436
12.5 6.639
12.5 6.461
13.0 6.652
13.0 6.509
13.0 6.615
13.0 6.23
13.0 6.673
13.0 6.836
13.0 6.59
13.0 6.512
13.0 6.433
13.0 6.488
13.0 6.618
13.0 6.838
13.0 6.529
13.0 6.283
13.0 6.764
13.0 6.686
13.0 6.644
13.0 6.609
13.0 6.47
13.0 6.806
13.0 7.044
13.0 6.874
13.0 6.84
13.0 6.873
13.0 6.541
13.0 6.572
13.0 6.362
13.0 6.52
13.0 6.696
13.0 6.712
13.0 6.375
13.0 6.672
13.0 6.443
13.0 6.453
13.0 6.275
13.0 6.555
13.0 6.98
13.0 6.81
13.0 6.844
13.0 6.759
13.0 6.521
13.0 6.808
13.0 6.646
13.0 6.488
13.0 6.572
13.0 6.454
13.0 6.491
13.0 6.638
13.0 7.003
13.0 6.759
13.0 6.626
13.0 6.885
13.0 6.665
13.0 6.6
13.0 7.007
13.0 6.838
13.0 6.381
13.0 6.752
13.0 6.745
13.0 6.631
13.0 6.518
13.0 6.736
13.0 6.628
13.0 6.59
13.0 6.864
13.0 6.772
13.0 6.791
13.0 6.692
13.0 6.777
13.0 6.709
13.0 6.62
13.0 6.645
13.0 6.68
13.0 6.645
13.0 6.763
13.0 6.887
13.0 6.494
13.0 6.737
13.0 6.625
13.0 6.481
13.0 6.679
13.0 6.81
13.0 6.644
13.0 6.777
13.0 6.827
13.0 6.715
13.0 6.919
13.0 6.637
13.0 6.286
13.0 6.24
13.0 6.262
13.0 6.479
13.0 6.652
13.0 6.36
13.0 6.482
13.0 6.701
13.0 6.716
13.0 6.654
13.0 6.443
13.0 6.658
13.0 6.287
13.0 6.546
13.0 6.768
13.0 6.895
13.0 6.601
13.0 6.609
13.0 6.447
13.0 6.65
13.0 6.412
13.0 6.594
13.0 6.439
13.0 6.651
13.0 6.632
13.0 6.936
13.0 6.877
13.0 6.718
13.0 6.434
13.0 6.438
13.0 6.79
13.0 6.66
13.0 6.58
13.0 6.403
13.0 6.734
13.0 6.592
13.0 6.623
13.0 6.298
13.0 6.647
13.0 6.76
13.0 6.502
13.0 6.641
13.0 6.544
13.0 6.629
13.0 6.356
13.0 6.766
13.0 6.776
13.0 6.731
13.0 6.814
13.0 6.51
13.0 6.586
13.0 6.096
13.0 6.559
13.0 6.696
13.0 6.814
13.0 6.402
13.0 6.65
13.0 6.769
13.0 6.824
13.0 6.322
13.0 6.576
13.0 6.882
13.0 6.711
13.0 6.569
13.0 6.579
13.0 6.948
13.0 6.36
13.0 6.553
13.0 6.899
13.0 6.628
13.0 6.57
13.0 6.736
13.0 6.598
13.5 6.794
13.5 6.604
13.5 6.777
13.5 6.317
13.5 6.532
13.5 6.867
13.5 6.723
13.5 6.431
13.5 6.563
13.5 6.629
13.5 6.559
13.5 6.54
13.5 6.421
13.5 6.769
13.5 6.283
13.5 6.732
13.5 6.833
13.5 6.496
13.5 6.85
13.5 6.909
13.5 6.286
13.5 7.039
13.5 6.298
13.5 6.695
13.5 6.474
13.5 6.325
13.5 6.628
13.5 6.748
13.5 6.671
13.5 6.632
13.5 6.651
13.5 6.35
13.5 6.951
13.5 6.669
13.5 6.413
13.5 6.632
13.5 6.286
13.5 6.578
13.5 6.807
13.5 6.415
13.5 6.686
13.5 6.606
13.5 6.587
13.5 6.376
13.5 6.241
13.5 6.314
13.5 6.401
13.5 6.59
13.5 6.759
13.5 6.618
13.5 6.631
13.5 6.45
13.5 6.716
13.5 6.58
13.5 6.661
13.5 6.27
13.5 6.689
13.5 6.445
13.5 6.475
13.5 6.661
13.5 6.627
13.5 6.486
13.5 6.622
13.5 6.753
13.5 6.29
13.5 6.484
13.5 6.395
13.5 6.73
13.5 6.718
13.5 6.903
13.5 6.732
13.5 6.336
13.5 6.452
13.5 6.795
13.5 6.477
13.5 6.364
13.5 6.541
13.5 6.603
13.5 7.002
13.5 6.523
13.5 6.572
13.5 6.559
13.5 6.74
13.5 6.353
13.5 6.706
13.5 6.775
13.5 6.78
13.5 6.55
13.5 6.962
13.5 6.43
13.5 6.476
13.5 6.695
13.5 6.761
13.5 6.563
13.5 6.649
13.5 6.631
13.5 6.593
13.5 6.842
13.5 6.594
13.5 6.322
13.5 6.402
13.5 6.51
13.5 6.43
13.5 6.486
13.5 6.377
13.5 6.678
13.5 6.444
13.5 6.575
13.5 6.489
13.5 6.47
13.5 6.749
13.5 6.644
13.5 6.291
13.5 6.669
13.5 6.563
13.5 6.372
13.5 6.701
13.5 6.483
13.5 6.644
13.5 6.549
13.5 6.587
13.5 6.46
13.5 6.709
13.5 6.576
13.5 7.165
13.5 6.679
13.5 6.75
13.5 6.473
13.5 6.361
13.5 6.765
13.5 6.614
13.5 6.739
13.5 6.437
13.5 6.714
13.5 6.565
13.5 6.734
13.5 6.692
13.5 6.688
13.5 6.652
13.5 6.526
13.5 6.288
13.5 6.677
13.5 6.762
13.5 6.834
13.5 6.673
13.5 6.87
13.5 6.873
13.5 6.547
13.5 6.777
13.5 6.372
13.5 6.683
13.5 6.56
13.5 6.656
13.5 6.713
13.5 6.714
13.5 6.618
13.5 6.878
13.5 6.559
13.5 6.637
13.5 6.597
13.5 6.371
13.5 6.66
13.5 6.499
13.5 6.911
13.5 6.366
13.5 6.43
13.5 6.473
13.5 6.953
13.5 6.356
13.5 6.536
13.5 6.804
13.5 6.519
13.5 6.55
13.5 6.539
13.5 6.633
13.5 6.486
13.5 6.589
13.5 6.501
13.5 6.418
13.5 6.6
13.5 6.469
13.5 6.702
13.5 6.624
13.5 6.457
13.5 6.269
13.5 6.81
13.5 6.693
13.5 6.592
13.5 6.765
13.5 6.932
13.5 6.435
13.5 6.618
13.5 6.744
13.5 6.536
13.5 6.632
13.5 6.607
13.5 6.307
13.5 6.589
13.5 6.618
13.5 6.676
13.5 6.633
13.5 6.539
13.5 6.774
13.5 6.614
13.5 6.486
13.5 6.42
13.5 6.605
13.5 6.674
13.5 6.776
13.5 6.783
13.5 6.682
13.5 6.688
13.5 6.728
13.5 6.751
13.5 6.35
13.5 6.764
13.5 6.645
13.5 6.567
13.5 6.527
13.5 6.473
13.5 6.573
13.5 6.115
13.5 6.629
13.5 6.488
13.5 6.928
13.5 6.838
13.5 6.982
13.5 6.739
13.5 6.567
13.5 6.492
13.5 6.572
13.5 6.434
13.5 6.528
13.5 6.811
13.5 6.699
13.5 6.306
13.5 6.485
13.5 6.436
13.5 6.594
13.5 6.63
13.5 6.926
13.5 6.96
13.5 7.004
13.5 6.536
13.5 6.548
13.5 6.565
13.5 6.612
13.5 6.581
13.5 6.567
13.5 6.783
13.5 6.415
13.5 6.565
13.5 6.75
13.5 6.668
13.5 6.536
13.5 6.672
13.5 6.221
13.5 6.409
13.5 6.408
13.5 6.614
13.5 6.796
13.5 6.895
13.5 6.45
13.5 6.669
13.5 6.536
13.5 6.533
13.5 6.465
13.5 6.76
13.5 6.433
13.5 6.559
13.5 6.521
13.5 6.823
13.5 6.583
13.5 6.764
13.5 6.56
13.5 6.831
13.5 6.496
13.5 6.369
13.5 6.343
13.5 6.539
13.5 6.81
13.5 6.427
13.5 6.594
13.5 6.911
13.5 6.676
13.5 6.704
13.5 6.686
13.5 6.609
13.5 6.562
13.5 6.654
13.5 6.628
13.5 6.551
13.5 6.358
13.5 6.543
13.5 6.173
13.5 6.651
13.5 6.185
13.5 6.34
13.5 6.388
13.5 6.368
13.5 6.605
13.5 6.456
13.5 6.526
13.5 6.772
13.5 6.434
13.5 6.768
13.5 6.45
13.5 6.849
13.5 6.388
13.5 6.387
13.5 6.511
13.5 6.478
13.5 6.487
13.5 6.413
13.5 6.597
13.5 6.496
13.5 6.702
13.5 6.662
13.5 6.635
13.5 6.932
13.5 6.652
13.5 6.599
13.5 6.68
13.5 6.536
13.5 6.809
13.5 6.671
13.5 6.514
500
12.5 3.657
12.5 5.938
12.5 6.677
12.5 6.394
12.5 6.36
12.5 6.673
12.5 6.821
12.5 6.714
12.5 6.603
12.5 6.56
12.5 6.703
12.5 6.651
13.0 6.613
13.0 6.351
13.0 6.661
13.0 6.589
13.0 6.693
13.0 6.824
13.0 6.337
13.0 6.666
13.0 6.703
13.0 6.549
13.0 6.43
13.0 6.677
13.0 6.804
13.0 6.454
13.0 6.567
13.0 6.697
13.0 6.632
13.0 6.409
13.0 6.74
13.0 6.519
13.0 6.663
13.0 6.423
13.0 6.745
13.0 6.323
13.0 6.404
13.0 6.661
13.0 6.412
13.0 6.499
13.0 6.618
13.0 6.648
13.0 6.851
13.0 6.575
13.0 6.701
13.0 6.533
13.0 6.962
13.0 6.487
13.0 6.691
13.0 6.555
13.0 6.543
13.0 6.418
13.0 6.653
13.0 6.439
13.0 6.647
13.0 6.604
13.0 6.537
13.0 6.648
13.0 6.571
13.0 6.425
13.0 6.563
13.0 6.391
13.0 6.417
13.0 6.64
13.0 6.375
13.0 6.532
13.0 6.476
13.0 6.765
13.0 6.796
13.0 6.738
13.0 6.413
13.0 6.723
13.0 6.425
13.0 6.596
13.0 6.761
13.0 6.812
13.0 6.625
13.0 6.747
13.0 6.587
13.0 6.487
13.0 6.67
13.0 6.354
13.0 6.708
13.0 6.611
13.0 6.371
13.0 6.656
13.0 6.767
13.0 6.862
13.0 6.468
13.0 6.635
13.0 6.901
13.0 6.891
13.0 6.949
13.0 6.785
13.0 6.646
13.0 6.639
13.0 6.761
13.0 6.718
13.0 6.423
13.0 6.555
13.0 6.684
13.0 6.656
13.0 6.506
13.0 6.72
13.0 6.628
13.0 6.804
13.0 6.501
13.0 6.519
13.0 6.377
13.0 6.626
13.0 6.873
13.0 6.681
13.0 6.585
13.0 6.41
13.0 6.654
13.0 6.665
13.0 6.503
13.0 6.473
13.0 6.879
13.0 6.604
13.0 6.598
13.0 6.167
13.0 6.573
13.0 6.794
13.0 6.488
13.0 6.285
13.0 6.352
13.0 6.248
13.0 6.585
13.0 6.692
13.0 6.522
13.0 6.453
13.0 6.326
13.0 6.504
13.0 6.667
13.0 6.724
13.0 6.596
13.0 6.524
13.0 6.705
13.0 6.54
13.0 6.468
13.0 6.746
13.0 6.681
13.0 6.448
13.0 6.796
13.0 6.789
13.0 6.644
13.0 6.705
13.0 6.618
13.0 6.222
13.0 6.858
13.0 6.794
13.0 6.645
13.0 6.946
13.0 6.385
13.0 6.795
13.0 6.54
13.0 6.744
13.0 6.628
13.0 6.818
13.0 6.451
13.0 7.007
13.0 6.445
13.0 6.557
13.0 6.527
13.0 6.491
13.0 6.62
13.0 6.781
13.0 6.812
13.0 6.815
13.0 6.81
13.0 6.662
13.0 6.441
13.0 6.618
13.0 6.498
13.0 6.354
13.0 6.481
13.0 6.568
13.0 6.282
13.0 6.78
13.0 6.562
13.0 6.631
13.0 6.626
13.0 6.704
13.0 6.651
13.0 6.565
13.0 6.423
13.0 6.641
13.0 6.702
13.0 6.711
13.0 6.384
13.0 6.543
13.0 6.283
13.0 6.469
13.0 6.656
13.0 6.691
13.0 6.724
13.0 6.821
13.0 6.356
13.0 6.411
13.0 6.633
13.0 6.455
13.0 6.523
13.0 6.614
13.0 6.661
13.0 6.419
13.0 6.684
13.0 6.765
13.0 6.652
13.0 6.706
13.0 6.626
13.0 6.915
13.0 6.349
13.0 6.421
13.0 6.553
13.0 6.537
13.0 6.272
13.0 6.619
13.0 6.314
13.0 6.803
13.0 6.582
13.0 6.415
13.0 6.334
13.0 6.65
13.0 6.591
13.0 6.323
13.0 6.441
13.0 6.534
13.0 6.457
13.0 6.471
13.0 6.521
13.0 6.585
13.0 6.799
13.0 6.439
13.0 6.288
13.0 6.652
13.0 6.345
13.0 6.582
13.0 6.811
13.0 6.341
13.0 6.615
13.0 6.328
13.0 6.717
13.0 6.509
13.0 6.569
13.0 6.395
13.0 6.733
13.0 6.468
13.0 6.61
13.0 6.727
13.0 6.894
13.0 6.583
13.0 6.676
13.0 6.583
13.0 6.555
13.0 6.85
13.0 6.685
13.0 6.461
13.0 6.727
13.0 6.888
13.0 6.844
13.0 6.874
13.0 6.765
13.0 6.51
13.0 6.612
13.0 6.755
13.0 6.519
13.0 6.908
13.0 6.417
13.0 6.524
13.0 6.75
13.0 6.624
13.0 6.591
13.0 6.712
13.0 6.581
13.0 6.513
13.0 6.782
13.0 6.882
13.0 6.737
13.0 6.753
13.0 6.644
13.0 6.496
13.0 6.717
13.0 6.378
13.0 6.704
13.0 6.479
13.0 6.62
13.0 6.597
13.0 6.404
13.0 6.583
13.0 6.524
13.0 6.154
13.0 6.52
13.0 6.593
13.0 6.372
13.0 6.75
13.0 6.844
13.0 6.432
13.0 6.535
13.0 6.356
13.0 6.618
13.0 6.816
13.0 6.837
13.0 6.411
13.0 6.508
13.0 6.159
13.0 6.689
13.0 6.677
13.0 6.24
13.0 6.445
13.0 6.665
13.0 6.598
13.0 6.727
13.0 6.456
13.0 6.605
13.0 6.639
13.0 6.432
13.0 6.651
13.0 6.587
13.0 6.737
13.0 6.527
13.0 6.562
13.0 6.703
13.0 6.599
13.0 6.923
13.0 6.387
13.0 6.702
13.0 6.572
13.0 6.779
13.0 6.456
13.0 6.527
13.0 6.711
13.0 6.586
13.0 6.623
13.0 6.243
13.0 6.854
13.0 6.395
13.0 6.609
13.0 6.691
13.5 6.883
13.5 6.763
13.5 6.853
13.5 6.532
13.5 6.511
13.5 7.013
13.5 6.897
13.5 6.608
13.5 6.534
13.5 6.487
13.5 6.497
13.5 6.849
13.5 6.784
13.5 6.428
13.5 6.445
13.5 6.904
13.5 6.729
13.5 6.654
13.5 6.681
13.5 6.593
13.5 6.377
13.5 6.586
13.5 6.657
13.5 6.839
13.5 6.429
13.5 6.619
13.5 6.463
13.5 6.634
13.5 6.589
13.5 6.489
13.5 6.573
13.5 6.754
13.5 6.485
13.5 6.702
13.5 6.669
13.5 6.545
13.5 6.784
13.5 6.697
13.5 6.609
13.5 6.65
13.5 6.537
13.5 6.376
13.5 6.912
13.5 6.602
13.5 6.539
13.5 6.972
13.5 6.938
13.5 6.672
13.5 6.247
13.5 6.487
13.5 6.676
13.5 6.565
13.5 6.652
13.5 6.645
13.5 6.58
13.5 6.452
13.5 6.419
13.5 6.583
13.5 6.615
13.5 6.744
13.5 6.628
13.5 6.327
13.5 6.754
13.5 6.769
13.5 6.597
13.5 6.712
13.5 6.73
13.5 6.868
13.5 6.463
13.5 6.461
13.5 6.556
13.5 6.635
13.5 6.502
13.5 6.697
13.5 6.533
13.5 6.348
13.5 6.36
13.5 6.646
13.5 6.697
13.5 6.574
13.5 6.832
13.5 6.771
13.5 6.682
13.5 6.692
13.5 6.823
13.5 6.82
13.5 6.448
13.5 6.694
13.5 6.749
13.5 6.443
13.5 6.552
13.5 6.511
13.5 6.579
13.5 6.675
13.5 6.608
13.5 6.511
13.5 6.737
13.5 6.658
13.5 6.763
13.5 6.351
13.5 6.777
13.5 6.225
13.5 6.48
13.5 6.576
13.5 6.854
13.5 6.427
13.5 6.519
13.5 6.796
13.5 6.668
13.5 6.558
13.5 6.784
13.5 6.423
13.5 6.534
13.5 6.574
13.5 6.273
13.5 6.724
13.5 6.621
13.5 6.374
13.5 6.456
13.5 6.424
13.5 6.619
13.5 6.445
13.5 6.708
13.5 6.77
13.5 6.639
13.5 6.63
13.5 6.587
13.5 6.619
13.5 6.538
13.5 6.742
13.5 6.481
13.5 6.732
13.5 6.217
13.5 6.583
13.5 6.656
13.5 6.544
13.5 6.934
13.5 6.421
13.5 6.683
13.5 6.7
13.5 6.775
13.5 6.656
13.5 6.706
13.5 6.337
13.5 6.276
13.5 6.486
13.5 6.421
13.5 6.668
13.5 6.483
13.5 6.857
13.5 6.459
13.5 6.838
13.5 6.715
13.5 6.785
13.5 6.851
13.5 6.911
13.5 6.708
13.5 6.473
13.5 6.494
13.5 6.651
13.5 6.585
500
11.5 3.72
12.0 6.205
12.0 6.386
12.0 6.338
12.0 6.546
12.5 6.308
12.5 6.354
12.5 6.569
12.5 6.406
12.5 6.432
12.5 6.67
12.5 6.458
12.5 6.45
12.5 6.646
13.0 6.706
13.0 6.52
13.0 6.715
13.0 6.558
13.0 6.508
13.0 6.639
13.0 6.793
13.0 6.474
13.0 6.707
13.0 6.958
13.0 6.456
13.0 6.395
13.0 6.966
13.0 6.305
13.0 6.274
13.0 6.676
13.0 6.352
13.0 6.603
13.0 6.692
13.0 6.667
13.0 6.767
13.0 6.23
13.0 6.622
13.0 6.777
13.0 6.741
13.0 6.866
13.0 6.571
13.0 6.596
13.0 6.914
13.0 6.597
13.0 6.62
13.0 6.741
13.0 6.389
13.0 6.592
13.0 6.457
13.0 6.658
13.0 6.846
13.0 6.888
13.0 6.592
13.0 6.403
13.0 6.734
13.0 6.714
13.0 6.551
13.0 6.795
13.5 6.603
13.5 6.458
13.5 6.635
13.5 6.537
13.5 6.573
13.5 6.793
13.5 6.723
13.5 6.749
13.5 6.44
13.5 6.679
13.5 6.476
13.5 6.722
13.5 6.79
13.5 6.357
13.5 6.669
13.5 6.591
13.5 6.792
13.5 6.613
13.5 6.705
13.5 6.799
13.5 6.728
13.5 6.745
13.5 6.898
13.5 6.778
13.5 6.277
13.5 6.502
13.5 6.343
13.5 6.662
13.5 6.432
13.5 6.355
13.5 6.657
13.5 6.395
13.5 6.816
13.5 6.66
13.5 6.693
13.5 6.681
13.5 6.849
13.5 6.648
13.5 6.789
13.5 6.284
13.5 6.641
13.5 6.544
13.5 6.428
13.5 6.535
13.5 6.739
13.5 6.548
13.5 6.44
13.5 6.441
13.5 6.661
13.5 6.69
13.5 6.546
13.5 6.815
13.5 6.526
13.5 6.973
13.5 6.28
13.5 6.543
13.5 6.306
13.5 6.312
13.5 6.827
13.5 6.586
13.5 6.827
13.5 6.588
13.5 6.549
13.5 6.672
13.5 6.829
13.5 6.664
13.5 6.843
13.5 6.801
13.5 6.597
13.5 6.662
13.5 6.821
13.5 6.643
13.5 6.587
13.5 6.526
13.5 6.762
13.5 6.545
13.5 6.726
13.5 6.393
13.5 6.921
13.5 6.69
13.5 6.465
13.5 6.641
13.5 6.735
13.5 6.631
13.5 6.694
13.5 6.629
13.5 6.741
13.5 6.687
13.5 6.429
13.5 6.556
13.5 6.627
13.5 6.883
13.5 6.426
13.5 6.771
13.5 6.476
13.5 6.447
13.5 6.953
13.5 6.57
13.5 6.773
13.5 6.825
13.5 6.669
13.5 6.657
13.5 6.491
13.5 6.64
13.5 6.582
13.5 6.8
13.5 6.793
13.5 6.63
13.5 6.867
13.5 6.758
13.5 6.916
13.5 6.735
13.5 6.834
13.5 6.838
13.5 6.695
13.5 6.54
13.5 6.866
13.5 6.903
13.5 6.846
13.5 6.794
13.5 6.392
13.5 6.435
13.5 6.279
13.5 6.546
13.5 6.865
13.5 6.544
13.5 6.613
13.5 6.519
13.5 6.647
13.5 6.923
13.5 6.655
13.5 6.726
13.5 6.714
13.5 6.598
13.5 6.473
13.5 6.436
13.5 6.582
13.5 6.586
13.5 6.762
13.5 6.769
13.5 6.681
13.5 6.777
13.5 6.342
13.5 6.678
13.5 6.347
13.5 6.467
13.5 6.563
13.5 6.65
13.5 6.677
13.5 6.672
13.5 6.77
13.5 6.311
13.5 6.708
13.5 6.489
13.5 6.594
13.5 6.628
13.5 6.425
13.5 6.769
13.5 6.66
13.5 6.902
13.5 6.364
13.5 6.669
13.5 6.509
13.5 6.319
13.5 6.646
13.5 6.627
13.5 6.734
13.5 6.762
13.5 6.599
13.5 6.559
13.5 6.631
13.5 6.646
13.5 6.654
13.5 6.89
13.5 6.585
13.5 6.609
13.5 6.727
13.5 6.726
13.5 6.545
13.5 6.656
13.5 6.568
13.5 6.695
13.5 6.563
13.5 6.48
13.5 6.29
13.5 6.575
13.5 6.532
13.5 6.45
13.5 6.517
13.5 6.698
13.5 6.411
13.5 6.399
13.5 6.453
13.5 6.533
13.5 6.835
13.5 6.622
13.5 6.779
13.5 6.626
13.5 6.379
13.5 6.662
13.5 6.731
13.5 6.7
13.5 6.615
13.5 6.498
13.5 6.798
13.5 6.919
13.5 6.598
13.5 6.58
13.5 6.633
13.5 6.694
13.5 6.376
13.5 6.725
13.5 6.856
13.5 6.391
13.5 6.863
13.5 6.746
13.5 6.616
13.5 6.442
13.5 6.784
13.5 6.695
13.5 6.495
13.5 6.594
13.5 6.468
13.5 6.695
13.5 6.973
13.5 6.684
13.5 6.522
13.5 6.63
13.5 6.582
13.5 6.744
13.5 6.716
13.5 6.584
13.5 6.515
13.5 6.195
13.5 6.497
13.5 6.786
13.5 6.792
13.5 6.499
13.5 6.77
13.5 6.997
13.5 6.888
13.5 6.872
13.5 6.661
13.5 6.681
13.5 6.32
13.5 6.285
13.5 6.632
13.5 6.563
13.5 6.562
13.5 6.905
13.5 6.575
13.5 6.884
13.5 6.633
13.5 6.397
13.5 6.728
13.5 6.653
13.5 6.687
13.5 6.477
13.5 6.459
13.5 6.253
13.5 6.578
13.5 6.532
13.5 6.528
13.5 6.732
13.5 6.556
13.5 6.653
13.5 6.391
13.5 6.573
13.5 6.651
13.5 6.491
13.5 6.723
13.5 6.662
13.5 6.675
13.5 6.516
13.5 6.953
13.5 6.827
13.5 6.872
13.5 6.704
13.5 6.622
13.5 6.586
13.5 6.606
13.5 6.732
13.5 6.727
13.5 6.813
13.5 6.614
13.5 6.612
13.5 6.656
13.5 6.459
13.5 6.53
13.5 6.713
13.5 6.648
13.5 6.573
13.5 6.887
13.5 6.764
13.5 6.436
13.5 6.569
13.5 6.761
13.5 6.639
13.5 6.669
13.5 6.494
13.5 6.77
13.5 6.755
13.5 6.796
13.5 6.729
13.5 6.25
13.5 6.715
13.5 6.343
13.5 6.585
13.5 6.427
13.5 6.749
13.5 6.572
13.5 6.472
13.5 6.447
13.5 6.709
13.5 6.769
13.5 6.879
13.5 6.433
13.5 6.712
13.5 6.51
13.5 6.491
13.5 6.598
13.5 6.533
13.5 6.663
13.5 6.805
13.5 6.553
13.5 6.595
13.5 6.597
13.5 6.692
13.5 6.28
13.5 6.379
13.5 6.485
13.5 6.719
13.5 6.8
13.5 6.875
13.5 6.387
13.5 6.724
13.5 6.444
13.5 6.528
13.5 6.232
13.5 6.562
13.5 6.662
13.5 6.647
13.5 6.497
13.5 6.628
13.5 6.572
13.5 6.789
13.5 6.987
13.5 6.588
13.5 6.799
13.5 6.564
13.5 6.268
13.5 6.614
13.5 6.722
13.5 6.87
13.5 6.624
13.5 6.46
13.5 6.627
13.5 6.659
13.5 6.662
13.5 6.787
13.5 6.68
13.5 6.363
13.5 6.923
13.5 6.535
13.5 6.692
13.5 6.539
13.5 6.66
13.5 6.68
13.5 6.633
13.5 6.465
13.5 6.055
13.5 6.355
13.5 6.426
13.5 6.5
13.5 6.468
13.5 6.729
13.5 6.801
13.5 6.676
13.5 6.567
13.5 6.871
13.5 6.685
13.5 6.444
13.5 6.794
13.5 6.385
13.5 6.917
13.5 6.505
13.5 6.596
13.5 6.598
13.5 6.894
13.5 6.752
13.5 6.87
13.5 6.899
13.5 6.601
13.5 6.82
13.5 6.621
13.5 6.798
13.5 6.496
13.5 6.53
13.5 6.659
13.5 6.803
13.5 6.715
13.5 6.722
13.5 6.839
13.5 6.378
13.5 6.5
13.5 6.453
13.5 6.455
13.5 6.801
13.5 6.791
13.5 6.953
13.5 6.55
13.5 6.617
13.5 6.692
13.5 6.717
13.5 6.466
13.5 6.729
13.5 6.781
13.5 6.904
13.5 6.873
13.5 6.567
13.5 6.487
13.5 6.795
13.5 6.385
13.5 6.336
13.5 6.525
13.5 6.613
13.5 6.791
13.5 6.58
13.5 6.686
13.5 6.625
13.5 6.735
13.5 6.745
13.5 6.436
13.5 6.268
13.5 6.531
13.5 6.233
13.5 6.795
13.5 6.475
13.5 6.478
13.5 6.614
13.5 6.89
13.5 6.762
500
11.5 3.971
12.0 6.295
12.0 6.511
12.0 6.749
12.0 6.761
12.0 6.752
12.5 6.243
12.5 6.57
12.5 6.678
12.5 6.512
12.5 6.411
12.5 6.514
12.5 6.518
13.0 6.767
13.0 6.715
13.0 6.465
13.0 6.483
13.0 6.579
13.0 6.661
13.0 6.495
13.0 6.755
13.0 6.467
13.0 6.53
13.0 6.686
13.0 6.529
13.0 6.912
13.0 6.223
13.0 6.359
13.0 6.735
13.0 6.599
13.0 6.751
13.0 6.839
13.0 6.431
13.0 6.87
13.0 6.575
13.0 6.519
13.0 6.427
13.0 6.525
13.0 6.488
13.0 6.64
13.0 6.644
13.0 6.417
13.0 6.699
13.0 6.716
13.0 6.806
13.0 6.68
13.0 6.582
13.0 6.918
13.0 6.56
13.0 6.649
13.0 6.469
13.0 6.469
13.0 6.501
13.0 6.762
13.0 6.697
13.0 6.785
13.0 6.558
13.0 6.819
13.0 6.896
13.0 6.241
13.0 6.82
13.0 6.492
13.0 6.56
13.0 6.925
13.0 6.721
13.0 6.698
13.0 6.633
13.0 6.234
13.0 6.777
13.0 6.344
13.0 6.74
13.0 6.513
13.0 6.738
13.0 6.448
13.0 6.769
13.0 6.775
13.0 6.605
13.0 6.571
13.0 6.537
13.0 6.527
13.0 6.747
13.0 6.713
13.0 6.548
13.0 7.014
13.0 6.329
13.0 6.199
13.0 6.958
13.0 6.723
13.0 6.422
13.0 6.854
13.0 6.464
13.0 6.442
13.0 6.545
13.0 6.727
13.0 6.634
13.0 6.679
13.0 6.455
13.0 6.432
13.0 6.706
13.0 6.68
13.0 6.653
13.0 6.569
13.0 6.757
13.0 6.598
13.0 6.562
13.0 6.796
13.0 6.913
13.0 6.913
13.0 6.743
13.0 6.75
13.0 6.816
13.0 6.878
13.0 6.69
13.0 6.644
13.0 6.803
13.0 7.053
13.0 6.626
13.0 6.691
13.0 6.787
13.0 6.689
13.0 6.648
13.0 6.485
13.0 6.916
13.0 6.33
13.0 6.679
13.0 6.335
13.0 6.777
13.0 6.741
13.0 6.597
13.0 6.667
13.0 6.468
13.0 6.615
13.0 6.658
13.0 6.662
13.0 6.869
13.0 6.496
13.0 6.761
13.0 6.697
13.0 6.74
13.0 6.664
13.0 6.553
13.0 6.632
13.0 6.538
13.0 6.564
13.0 6.518
13.0 6.358
13.0 6.736
13.0 6.631
13.0 6.731
13.0 6.572
13.0 6.724
13.0 6.488
13.0 6.671
13.0 6.735
13.0 6.65
13.0 6.415
13.0 6.749
13.0 6.421
13.0 6.631
13.0 6.27
13.0 6.536
13.0 6.373
13.0 6.553
13.0 6.648
13.0 6.668
13.0 6.632
13.0 6.422
13.0 6.658
13.0 6.717
13.0 6.631
13.0 6.523
13.0 6.197
13.0 6.414
13.0 6.423
13.0 6.492
13.0 6.666
13.0 6.519
13.0 6.764
13.0 6.545
13.0 6.659
13.0 6.814
13.0 6.522
13.0 6.728
13.0 6.399
13.0 6.777
13.0 6.53
13.0 6.752
13.0 6.682
13.0 6.736
13.5 6.764
13.5 6.514
13.5 6.809
13.5 6.302
13.5 6.611
13.5 6.532
13.5 6.593
13.5 6.576
13.5 6.379
13.5 6.894
13.5 6.61
13.5 6.692
13.5 6.619
13.5 6.675
13.5 6.321
13.5 6.808
13.5 6.512
13.5 6.642
13.5 6.701
13.5 6.517
13.5 6.643
13.5 6.346
13.5 6.445
13.5 6.698
13.5 6.603
13.5 6.478
13.5 6.797
13.5 6.58
13.5 6.631
13.5 6.547
13.5 6.366
13.5 6.582
13.5 6.426
13.5 6.53
13.5 6.352
13.5 6.683
13.5 6.455
13.5 6.422
13.5 6.87
13.5 6.596
13.5 6.545
13.5 6.375
13.5 6.644
13.5 6.743
13.5 6.604
13.5 6.964
13.5 6.475
13.5 6.729
13.5 6.593
13.5 6.411
13.5 6.704
13.5 6.431
13.5 6.505
13.5 6.596
13.5 6.599
13.5 6.409
13.5 6.631
13.5 6.412
13.5 6.617
13.5 6.401
13.5 6.5
13.5 6.691
13.5 6.439
13.5 6.553
13.5 6.475
13.5 6.5
13.5 6.71
13.5 6.699
13.5 6.563
13.5 6.54
13.5 6.337
13.5 6.555
13.5 6.614
13.5 6.554
13.5 6.44
13.5 6.5
13.5 6.342
13.5 6.265
13.5 6.3
13.5 6.372
13.5 6.537
13.5 6.616
13.5 6.485
13.5 6.522
13.5 6.501
13.5 6.638
13.5 6.358
13.5 6.694
13.5 6.536
13.5 6.771
13.5 6.43
13.5 6.368
13.5 6.58
13.5 6.337
13.5 6.713
13.5 6.636
13.5 6.488
13.5 6.765
13.5 6.266
13.5 6.722
13.5 6.956
13.5 6.491
13.5 6.629
13.5 6.785
13.5 6.522
13.5 6.285
13.5 6.564
13.5 6.541
13.5 6.254
13.5 6.466
13.5 6.39
13.5 6.218
13.5 6.414
13.5 6.504
13.5 6.614
13.5 6.489
13.5 6.443
13.5 6.698
13.5 6.711
13.5 6.532
13.5 6.548
13.5 6.877
13.5 6.283
13.5 6.708
13.5 6.762
13.5 6.632
13.5 6.88
13.5 6.675
13.5 6.429
13.5 6.726
13.5 6.61
13.5 6.582
13.5 6.893
13.5 6.55
13.5 6.344
13.5 6.537
13.5 6.433
13.5 6.603
13.5 6.535
13.5 6.362
13.5 6.608
13.5 6.538
13.5 6.308
13.5 6.477
13.5 6.426
13.5 6.69
13.5 6.825
13.5 6.301
13.5 6.785
13.5 6.779
13.5 6.62
13.5 6.352
13.5 6.535
13.5 6.673
13.5 6.514
13.5 6.615
13.5 6.466
13.5 6.703
13.5 6.655
13.5 6.635
13.5 6.916
13.5 6.603
13.5 6.665
13.5 6.488
13.5 6.626
13.5 6.686
13.5 6.604
13.5 6.216
13.5 6.317
13.5 6.546
13.5 6.8
13.5 6.481
13.5 6.657
13.5 6.9
13.5 6.627
13.5 6.437
13.5 6.284
13.5 6.558
13.5 6.589
13.5 6.646
13.5 6.776
13.5 6.236
13.5 6.673
13.5 6.348
13.5 6.554
13.5 6.746
13.5 6.891
13.5 6.687
13.5 6.632
13.5 6.588
13.5 6.45
13.5 6.479
13.5 6.536
13.5 6.467
13.5 6.632
13.5 6.387
13.5 6.557
13.5 6.681
13.5 6.518
13.5 6.638
13.5 6.227
13.5 6.426
13.5 6.395
13.5 6.547
13.5 6.793
13.5 6.527
13.5 6.812
13.5 6.478
13.5 6.711
13.5 6.564
13.5 6.447
13.5 6.607
13.5 6.608
13.5 6.588
13.5 6.726
13.5 6.396
13.5 6.548
13.5 6.483
13.5 6.668
13.5 6.6
13.5 6.655
13.5 6.576
13.5 6.539
13.5 6.591
13.5 6.389
13.5 6.555
13.5 6.596
13.5 6.7
13.5 6.644
13.5 6.658
13.5 6.572
13.5 6.507
13.5 6.427
13.5 6.519
13.5 6.428
13.5 6.749
13.5 6.563
13.5 6.481
13.5 6.712
13.5 6.738
13.5 6.778
13.5 6.691
13.5 6.909
13.5 6.72
13.5 6.824
13.5 6.512
13.5 6.759
13.5 6.533
13.5 6.559
13.5 6.69
13.5 6.309
13.5 6.687
13.5 6.85
13.5 6.411
13.5 6.661
13.5 6.603
13.5 6.322
13.5 6.521
13.5 6.375
13.5 6.662
13.5 6.538
13.5 6.731
13.5 6.517
13.5 6.47
13.5 6.532
13.5 6.573
13.5 6.17
13.5 6.792
13.5 6.73
13.5 6.47
13.5 6.683
13.5 6.517
13.5 6.394
13.5 6.607
13.5 6.632
13.5 6.394
13.5 7.007
13.5 6.513
13.5 6.562
13.5 6.423
13.5 6.612
13.5 6.558
13.5 6.718
13.5 6.256
13.5 6.404
13.5 6.552
13.5 6.231
13.5 6.582
13.5 6.723
13.5 6.4
13.5 6.851
13.5 6.614
13.5 6.851
13.5 6.845
13.5 6.539
13.5 6.497
13.5 6.535
13.5 6.57
13.5 6.726
13.5 6.522
13.5 6.43
13.5 6.654
13.5 6.635
13.5 6.78
13.5 6.576
13.5 6.725
13.5 6.597
13.5 6.703
13.5 6.785
13.5 6.505
13.5 6.56
500
11.0 3.929
12.0 6.415
12.0 6.43
12.0 6.345
12.0 6.623
12.0 6.585
13.0 6.486
13.0 6.739
13.0 6.68
13.0 6.671
13.0 6.608
13.0 6.506
13.0 6.564
13.0 6.7
13.0 6.452
13.0 6.505
13.0 6.498
13.0 6.498
13.0 6.545
13.0 6.504
13.0 6.987
13.0 6.813
13.0 6.671
13.0 6.494
13.0 6.844
13.0 6.706
13.0 6.642
13.0 6.582
13.0 6.72
13.0 6.866
13.0 6.35
13.0 6.502
13.0 6.562
13.0 6.552
13.0 6.605
13.0 6.514
13.0 6.545
13.0 6.543
13.0 6.523
13.0 6.843
13.0 6.916
13.0 6.929
13.0 6.606
13.0 6.813
13.0 6.654
13.0 6.5
13.0 6.89
13.0 6.811
13.0 6.649
13.0 6.872
13.0 6.984
13.0 6.351
13.0 6.404
13.0 6.338
13.0 6.844
13.0 6.544
13.0 6.513
13.0 6.414
13.0 7.005
13.0 6.509
13.0 6.64
13.0 6.711
13.0 6.931
13.0 6.45
13.0 6.881
13.0 6.751
13.0 6.677
13.0 6.723
13.0 6.659
13.0 6.503
13.0 6.748
13.0 6.764
13.0 6.635
13.0 6.7
13.0 6.768
13.0 6.746
13.0 6.465
13.0 6.287
13.0 6.539
13.0 6.724
13.0 6.748
13.0 6.754
13.0 6.363
13.0 6.311
13.0 6.624
13.0 6.786
13.0 6.567
13.0 6.566
13.0 6.556
13.0 6.589
13.0 6.84
13.0 6.37
13.0 6.668
13.0 6.816
13.0 6.409
13.0 6.49
13.0 6.957
13.0 6.773
13.0 6.535
13.0 6.678
13.0 6.414
13.0 6.721
13.0 6.356
13.0 6.632
13.0 6.427
13.0 6.459
13.0 6.365
13.0 6.685
13.0 6.746
13.0 6.838
13.0 6.838
13.0 6.791
13.0 6.476
13.0 6.665
13.0 6.899
13.0 6.737
13.0 6.713
13.0 6.741
13.0 6.948
13.0 6.884
13.0 6.824
13.0 6.611
13.0 6.629
13.0 6.686
13.0 6.372
13.0 6.744
13.0 6.618
13.0 6.321
13.0 6.677
13.0 6.493
13.0 6.49
13.0 6.623
13.0 6.805
13.0 6.678
13.0 6.643
13.0 6.192
13.0 6.601
13.0 6.588
13.0 6.805
13.0 6.984
13.0 6.746
13.0 6.697
13.0 6.908
13.0 6.518
13.0 6.354
13.0 6.588
13.0 6.983
13.0 6.878
13.0 6.639
13.0 6.716
13.0 6.367
13.0 6.619
13.0 6.824
13.0 6.668
13.0 6.76
13.0 6.701
13.0 6.531
13.0 6.495
13.0 6.36
13.0 6.634
13.0 6.774
13.0 6.837
13.0 6.607
13.0 6.851
13.0 6.593
13.0 6.599
13.0 6.469
13.0 6.838
13.0 6.772
13.5 6.617
13.5 6.762
13.5 6.695
13.5 6.519
13.5 6.707
13.5 6.64
13.5 6.254
13.5 6.275
13.5 6.36
13.5 6.724
13.5 6.595
13.5 6.585
13.5 6.86
13.5 6.642
13.5 6.683
13.5 6.773
13.5 6.846
13.5 6.378
13.5 6.791
13.5 6.701
13.5 6.597
13.5 6.693
13.5 6.687
13.5 6.57
13.5 6.84
13.5 6.78
13.5 6.289
13.5 6.672
13.5 6.5
13.5 6.506
13.5 6.615
13.5 6.741
13.5 6.613
13.5 6.847
13.5 6.802
13.5 6.716
13.5 6.855
13.5 6.624
13.5 6.454
13.5 6.574
13.5 6.596
13.5 6.719
13.5 6.559
13.5 6.757
13.5 6.466
13.5 6.753
13.5 6.503
13.5 6.722
13.5 6.206
13.5 6.337
13.5 6.816
13.5 6.696
13.5 6.465
13.5 6.531
13.5 6.559
13.5 6.823
13.5 6.782
13.5 6.425
13.5 7.026
13.5 6.635
13.5 6.446
13.5 6.674
13.5 6.77
13.5 6.859
13.5 7.106
13.5 6.615
13.5 6.784
13.5 6.671
13.5 6.301
13.5 6.879
13.5 6.531
13.5 6.278
13.5 6.83
13.5 6.46
13.5 6.861
13.5 6.617
13.5 6.93
13.5 6.535
13.5 6.669
13.5 6.572
13.5 6.752
13.5 6.739
13.5 6.633
13.5 6.758
13.5 6.596
13.5 6.42
13.5 6.326
13.5 6.508
13.5 6.751
13.5 6.597
13.5 6.734
13.5 6.878
13.5 6.629
13.5 6.532
13.5 6.679
13.5 6.531
13.5 6.618
13.5 6.627
13.5 6.272
13.5 6.624
13.5 6.692
13.5 6.587
13.5 6.614
13.5 6.605
13.5 6.527
13.5 6.557
13.5 6.688
13.5 6.494
13.5 6.875
13.5 6.713
13.5 6.758
13.5 7.103
13.5 6.433
13.5 6.783
13.5 6.475
13.5 6.798
13.5 6.427
13.5 6.702
13.5 6.725
13.5 6.465
13.5 6.59
13.5 6.869
13.5 6.551
13.5 6.465
13.5 6.408
13.5 6.399
13.5 6.439
13.5 6.643
13.5 6.504
13.5 6.924
13.5 6.742
13.5 6.549
13.5 6.751
13.5 6.781
13.5 6.572
13.5 6.771
13.5 6.678
13.5 6.694
13.5 6.565
13.5 6.785
13.5 6.766
13.5 6.791
13.5 6.396
13.5 6.831
13.5 6.446
13.5 6.716
13.5 6.879
13.5 6.481
13.5 6.415
13.5 6.621
13.5 6.573
13.5 6.671
13.5 6.684
13.5 6.401
13.5 6.542
13.5 6.653
13.5 6.641
13.5 6.692
13.5 6.528
13.5 6.594
13.5 6.49
13.5 6.548
13.5 6.54
13.5 6.711
13.5 6.671
13.5 6.543
13.5 6.589
13.5 6.42
13.5 6.467
13.5 6.6
13.5 6.8
13.5 6.702
13.5 6.703
13.5 6.615
13.5 6.72
13.5 6.433
13.5 6.692
13.5 6.73
13.5 6.71
13.5 6.532
13.5 6.861
13.5 6.791
13.5 6.386
13.5 6.739
13.5 6.482
13.5 6.962
13.5 6.55
13.5 6.278
13.5 6.529
13.5 6.713
13.5 6.561
13.5 6.812
13.5 6.418
13.5 6.765
13.5 6.486
13.5 6.572
13.5 6.834
13.5 6.575
13.5 6.595
13.5 6.554
13.5 6.51
13.5 6.52
13.5 6.577
13.5 6.697
13.5 6.535
13.5 6.304
13.5 6.192
13.5 6.45
13.5 6.767
13.5 6.289
13.5 6.526
13.5 6.541
13.5 6.326
13.5 6.779
13.5 6.449
13.5 6.616
13.5 6.604
13.5 6.824
13.5 6.527
13.5 6.683
13.5 6.78
13.5 6.323
13.5 6.61
13.5 6.727
13.5 6.815
13.5 6.515
13.5 6.547
13.5 6.529
13.5 6.488
13.5 6.448
13.5 6.648
13.5 6.69
13.5 6.669
13.5 6.863
13.5 6.637
13.5 6.445
13.5 6.646
13.5 6.64
13.5 6.507
13.5 6.116
13.5 6.724
13.5 6.522
13.5 6.854
13.5 6.797
13.5 6.501
13.5 6.483
13.5 6.811
13.5 6.438
13.5 6.492
13.5 6.723
13.5 6.761
13.5 6.394
13.5 6.829
13.5 6.653
13.5 6.385
13.5 6.434
13.5 6.58
13.5 6.722
13.5 6.253
13.5 6.559
13.5 6.601
13.5 6.65
13.5 6.613
13.5 6.555
13.5 6.88
13.5 6.427
13.5 6.413
13.5 6.558
13.5 6.62
13.5 6.481
13.5 6.645
13.5 6.569
13.5 6.527
13.5 6.628
13.5 6.632
13.5 6.442
13.5 6.544
13.5 6.418
13.5 6.886
13.5 6.399
13.5 6.886
13.5 6.81
13.5 6.739
13.5 6.855
13.5 6.621
13.5 6.608
13.5 6.47
13.5 6.974
13.5 6.732
13.5 6.603
13.5 6.852
13.5 6.586
13.5 6.295
13.5 6.526
13.5 6.631
13.5 6.899
13.5 6.652
13.5 6.66
13.5 6.433
13.5 6.68
13.5 6.945
13.5 6.524
13.5 6.491
13.5 6.324
13.5 6.873
13.5 6.447
13.5 6.656
13.5 6.478
13.5 6.498
13.5 6.708
13.5 6.531
13.5 6.624
13.5 6.71
13.5 6.631
13.5 6.666
13.5 6.768
13.5 6.726
13.5 6.803
13.5 6.828
13.5 6.807
13.5 6.338
13.5 6.422
13.5 6.617
13.5 6.91
13.5 6.728
13.5 6.617
13.5 6.405
13.5 6.526
13.5 6.731
13.5 6.399
13.5 6.573
500
12.5 3.459
13.0 6.344
13.0 6.286
13.0 6.357
13.0 6.548
13.0 6.43
13.0 6.574
13.0 6.547
13.0 6.391
13.0 6.606
13.0 6.658
13.0 6.729
13.0 6.622
13.0 6.393
13.0 6.834
13.0 6.588
13.0 6.485
13.0 6.727
13.0 6.72
13.0 6.506
13.0 6.472
13.0 6.649
13.0 6.709
13.0 6.646
13.0 6.582
13.0 6.629
13.0 6.653
13.0 6.322
13.0 6.716
13.0 6.683
13.0 6.852
13.0 6.533
13.0 6.782
13.0 6.846
13.0 6.556
13.0 6.707
13.0 6.695
13.0 6.642
13.0 6.32
13.0 6.603
13.0 6.822
13.0 6.588
13.0 6.611
13.0 6.503
13.0 6.647
13.0 6.809
13.0 6.802
13.0 6.692
13.0 6.624
13.0 6.769
13.0 6.175
13.0 6.45
13.0 6.742
13.0 6.542
13.0 6.364
13.0 6.827
13.0 6.649
13.5 6.578
13.5 6.554
13.5 6.553
13.5 6.579
13.5 6.556
13.5 6.444
13.5 6.605
13.5 6.693
13.5 6.683
13.5 6.508
13.5 6.646
13.5 6.868
13.5 6.403
13.5 6.483
13.5 6.564
13.5 6.632
13.5 6.527
13.5 6.547
13.5 6.463
13.5 6.463
13.5 6.466
13.5 6.733
13.5 6.696
13.5 6.414
13.5 6.582
13.5 6.705
13.5 6.885
13.5 6.779
13.5 6.87
13.5 6.575
13.5 6.489
13.5 6.667
13.5 6.491
13.5 6.782
13.5 6.872
13.5 6.73
13.5 6.635
13.5 6.809
13.5 6.625
13.5 6.477
13.5 6.529
13.5 6.344
13.5 6.692
13.5 6.473
13.5 6.686
13.5 6.505
13.5 6.647
13.5 6.551
13.5 6.761
13.5 6.282
13.5 6.455
13.5 6.658
13.5 6.806
13.5 6.562
13.5 6.62
13.5 6.536
13.5 6.819
13.5 6.827
13.5 6.34
13.5 6.525
13.5 6.527
13.5 6.491
13.5 6.559
13.5 6.645
13.5 6.553
13.5 6.558
13.5 6.559
13.5 6.892
13.5 6.738
13.5 6.732
13.5 6.664
13.5 6.851
13.5 6.76
13.5 6.562
13.5 6.419
13.5 6.397
13.5 6.584
13.5 6.541
13.5 6.739
13.5 6.877
13.5 6.386
13.5 6.42
13.5 6.591
13.5 6.459
13.5 6.353
13.5 6.571
13.5 6.728
13.5 6.614
13.5 6.933
13.5 6.468
13.5 6.605
13.5 6.58
13.5 6.746
13.5 6.912
13.5 6.683
13.5 6.818
13.5 6.201
13.5 6.587
13.5 6.636
13.5 6.727
13.5 6.588
13.5 6.747
13.5 6.896
13.5 6.655
13.5 6.5
13.5 6.764
13.5 6.897
13.5 6.656
13.5 6.647
13.5 6.703
13.5 6.627
13.5 6.638
13.5 6.617
13.5 6.455
13.5 6.607
13.5 6.366
13.5 6.658
13.5 6.58
13.5 6.593
13.5 6.812
13.5 6.685
13.5 6.694
13.5 6.88
13.5 6.757
13.5 6.19
13.5 6.618
13.5 6.621
13.5 6.544
13.5 6.552
13.5 6.602
13.5 6.929
13.5 6.723
13.5 6.401
13.5 6.562
13.5 6.562
13.5 6.645
13.5 6.703
13.5 6.477
13.5 6.354
13.5 6.681
13.5 6.759
13.5 6.708
13.5 6.807
13.5 6.846
13.5 6.612
13.5 6.363
13.5 6.906
13.5 6.725
13.5 6.903
13.5 6.787
13.5 6.622
13.5 6.721
13.5 6.521
13.5 6.723
13.5 6.383
13.5 6.511
13.5 6.641
13.5 6.647
13.5 6.452
13.5 6.686
13.5 6.561
13.5 6.724
13.5 6.371
13.5 6.682
13.5 6.667
13.5 6.817
13.5 6.678
13.5 6.527
13.5 6.596
13.5 6.598
13.5 6.531
13.5 6.597
13.5 6.707
13.5 6.629
13.5 6.478
13.5 6.768
13.5 6.582
13.5 6.599
13.5 6.545
13.5 6.396
13.5 6.412
13.5 6.479
13.5 6.27
13.5 6.673
13.5 6.518
13.5 6.554
13.5 6.632
13.5 6.689
13.5 6.726
13.5 6.786
13.5 6.606
13.5 6.853
13.5 6.409
13.5 6.342
13.5 6.516
13.5 6.534
13.5 6.666
13.5 6.613
13.5 6.269
13.5 6.612
13.5 6.669
13.5 6.793
13.5 6.835
13.5 6.569
13.5 6.536
13.5 6.571
13.5 6.483
13.5 6.585
13.5 6.611
13.5 6.524
13.5 6.582
13.5 6.527
13.5 6.822
13.5 6.814
13.5 6.653
13.5 6.411
13.5 6.457
13.5 6.551
13.5 6.871
13.5 6.537
13.5 6.567
13.5 6.609
13.5 6.272
13.5 6.461
13.5 6.559
13.5 6.473
13.5 6.332
13.5 6.939
13.5 6.747
13.5 6.582
13.5 6.359
13.5 6.316
13.5 6.439
13.5 6.836
13.5 6.867
13.5 6.733
13.5 6.497
13.5 6.459
13.5 6.606
13.5 6.515
13.5 6.737
13.5 6.665
13.5 6.635
13.5 6.194
13.5 6.398
13.5 6.777
13.5 6.781
13.5 6.701
13.5 6.463
13.5 6.677
13.5 6.539
13.5 6.516
13.5 6.499
13.5 6.513
13.5 6.804
13.5 6.594
13.5 6.699
13.5 6.44
13.5 6.534
13.5 6.921
13.5 6.66
13.5 6.513
13.5 6.389
13.5 6.591
13.5 6.501
13.5 6.73
13.5 6.629
13.5 6.634
13.5 6.61
13.5 6.825
13.5 6.715
13.5 6.678
13.5 6.815
13.5 6.595
13.5 6.846
13.5 6.693
13.5 6.744
13.5 6.315
13.5 6.544
13.5 6.511
13.5 6.771
13.5 6.532
13.5 6.544
13.5 6.328
13.5 6.598
13.5 6.767
13.5 6.603
13.5 6.359
13.5 6.772
13.5 6.67
13.5 6.504
13.5 6.704
13.5 6.694
13.5 6.563
13.5 6.695
13.5 6.655
13.5 6.896
13.5 6.519
13.5 6.857
13.5 6.701
13.5 6.581
13.5 6.774
13.5 6.591
13.5 6.635
13.5 6.81
13.5 6.737
13.5 6.669
13.5 6.521
13.5 6.342
13.5 6.611
13.5 6.784
13.5 6.578
13.5 6.692
13.5 6.401
13.5 6.134
13.5 6.511
13.5 6.722
13.5 6.725
13.5 6.557
13.5 6.521
13.5 6.24
13.5 6.498
13.5 6.719
13.5 6.872
13.5 6.362
13.5 6.455
13.5 6.637
13.5 6.532
13.5 6.719
13.5 6.703
13.5 6.404
13.5 6.949
13.5 6.676
13.5 6.498
13.5 6.977
13.5 6.893
13.5 6.634
13.5 6.693
13.5 6.975
13.5 6.586
13.5 6.454
13.5 6.668
13.5 6.666
13.5 6.908
13.5 6.623
13.5 6.38
13.5 6.7
13.5 6.556
13.5 6.705
13.5 6.266
13.5 6.597
13.5 6.759
13.5 6.617
13.5 6.499
13.5 6.543
13.5 6.822
13.5 6.542
13.5 6.5
13.5 6.903
13.5 6.527
13.5 6.512
13.5 6.63
13.5 6.577
13.5 6.622
13.5 6.265
13.5 6.817
13.5 6.603
13.5 6.837
13.5 6.417
13.5 6.573
13.5 6.646
13.5 6.74
13.5 6.978
13.5 6.546
13.5 6.459
13.5 6.552
13.5 6.667
13.5 6.753
13.5 6.452
13.5 6.682
13.5 6.808
13.5 6.818
13.5 6.724
13.5 6.612
13.5 6.819
13.5 6.774
13.5 6.877
13.5 6.499
13.5 6.68
13.5 6.455
13.5 6.499
13.5 6.819
13.5 6.643
13.5 6.754
13.5 6.787
13.5 6.539
13.5 6.686
13.5 6.493
13.5 6.426
13.5 6.818
13.5 6.93
13.5 6.651
13.5 6.876
13.5 6.59
13.5 6.597
13.5 6.612
13.5 6.834
13.5 6.64
13.5 6.635
13.5 6.488
13.5 6.368
13.5 6.598
13.5 6.772
13.5 6.829
13.5 6.441
13.5 6.971
13.5 6.556
13.5 6.594
13.5 6.494
13.5 6.84
13.5 6.575
13.5 6.459
13.5 6.657
13.5 6.968
13.5 6.748
13.5 6.839
13.5 7.019
13.5 6.455
13.5 6.316
13.5 6.718
13.5 6.724
13.5 6.979
13.5 6.75
13.5 6.848
13.5 6.697
13.5 6.461
13.5 6.712
13.5 6.487
13.5 6.672
13.5 6.668
13.5 6.322
13.5 6.708
13.5 6.718
500
13.0 3.488
13.0 6.065
13.0 6.506
13.0 6.477
13.0 6.567
13.0 6.411
13.0 6.709
13.0 6.571
13.0 6.675
13.0 6.427
13.0 6.875
13.0 6.37
13.0 6.453
13.0 6.734
13.0 6.659
13.0 6.767
13.0 6.798
13.0 6.563
13.0 6.698
13.0 6.588
13.0 6.765
13.0 6.675
13.0 6.527
13.0 6.537
13.0 6.603
13.0 6.663
13.0 6.687
13.0 6.514
13.0 6.737
13.0 6.665
13.0 6.319
13.0 6.62
13.0 6.631
13.0 6.848
13.0 6.66
13.0 6.437
13.0 6.62
13.0 6.534
13.0 6.455
13.0 6.793
13.0 6.625
13.0 6.456
13.0 6.792
13.0 6.427
13.0 6.786
13.5 6.688
13.5 6.929
13.5 6.717
13.5 6.91
13.5 6.764
13.5 6.791
13.5 6.799
13.5 6.43
13.5 6.754
13.5 6.629
13.5 6.7
13.5 6.766
13.5 6.637
13.5 6.782
13.5 6.723
13.5 6.821
13.5 6.712
13.5 6.665
13.5 6.383
13.5 6.699
13.5 6.619
13.5 6.846
13.5 6.341
13.5 6.809
13.5 6.655
13.5 6.762
13.5 6.669
13.5 6.54
13.5 6.656
13.5 6.41
13.5 6.559
13.5 6.633
13.5 6.982
13.5 6.581
13.5 6.555
13.5 6.517
13.5 6.459
13.5 6.807
13.5 6.825
13.5 6.705
13.5 6.723
13.5 6.896
13.5 7.023
13.5 6.591
13.5 6.702
13.5 6.637
13.5 6.596
13.5 6.735
13.5 6.226
13.5 6.672
13.5 6.897
13.5 6.742
13.5 6.403
13.5 6.654
13.5 6.658
13.5 6.66
13.5 6.418
13.5 6.787
13.5 6.557
13.5 6.461
13.5 6.816
13.5 6.52
13.5 6.722
13.5 6.898
13.5 6.672
13.5 6.863
13.5 6.546
13.5 6.622
13.5 6.595
13.5 6.724
13.5 6.913
13.5 6.911
13.5 6.619
13.5 6.632
13.5 6.415
13.5 6.589
13.5 6.314
13.5 6.808
13.5 6.578
13.5 6.511
13.5 6.48
13.5 6.887
13.5 6.7
13.5 6.816
13.5 6.447
13.5 6.436
13.5 6.785
13.5 6.716
13.5 6.81
13.5 6.422
13.5 6.578
13.5 6.817
13.5 6.522
13.5 6.743
13.5 6.627
13.5 6.904
13.5 6.428
13.5 6.611
13.5 6.952
13.5 6.827
13.5 6.786
13.5 6.596
13.5 6.697
13.5 6.65
13.5 6.513
13.5 6.658
13.5 6.75
13.5 6.939
13.5 6.541
13.5 6.631
13.5 6.864
13.5 6.344
13.5 6.249
13.5 6.503
13.5 6.661
13.5 6.752
13.5 6.533
13.5 6.603
13.5 6.605
13.5 6.665
13.5 6.632
13.5 6.345
13.5 6.532
13.5 6.712
13.5 6.665
13.5 6.641
13.5 6.634
13.5 6.707
13.5 6.581
13.5 6.59
13.5 6.537
13.5 6.752
13.5 6.591
13.5 6.492
13.5 6.469
13.5 6.635
13.5 6.584
13.5 6.534
13.5 6.516
13.5 6.894
13.5 6.876
13.5 6.936
13.5 6.453
13.5 6.501
13.5 6.722
13.5 6.881
13.5 6.728
13.5 6.526
13.5 6.827
13.5 6.329
13.5 6.727
13.5 6.922
13.5 6.624
13.5 6.928
13.5 6.478
13.5 6.513
13.5 6.8
13.5 6.764
13.5 6.681
13.5 6.89
13.5 6.626
13.5 6.894
13.5 6.61
13.5 6.499
13.5 6.665
13.5 6.83
13.5 6.826
13.5 6.655
13.5 7.006
13.5 6.893
13.5 6.368
13.5 6.569
13.5 6.77
13.5 6.377
13.5 6.666
13.5 6.577
13.5 6.233
13.5 6.662
13.5 6.569
13.5 6.766
13.5 6.45
13.5 6.826
13.5 6.634
13.5 6.828
13.5 6.773
13.5 6.484
13.5 6.46
13.5 6.483
13.5 6.693
13.5 6.635
13.5 6.53
13.5 6.591
13.5 6.8
13.5 6.345
13.5 6.829
13.5 6.733
13.5 6.827
13.5 6.455
13.5 6.953
13.5 6.765
13.5 6.82
13.5 6.935
13.5 6.456
13.5 6.653
13.5 6.503
13.5 6.629
13.5 6.636
13.5 6.712
13.5 6.62
13.5 6.795
13.5 6.723
13.5 6.59
13.5 6.702
13.5 6.694
13.5 6.481
13.5 6.659
13.5 6.755
13.5 6.137
13.5 6.602
13.5 6.701
13.5 6.48
13.5 6.599
13.5 6.461
13.5 6.873
13.5 6.799
13.5 6.536
13.5 6.522
13.5 6.447
13.5 6.644
13.5 6.42
13.5 6.59
13.5 6.716
13.5 6.531
13.5 6.593
13.5 6.797
13.5 6.508
13.5 6.468
13.5 6.793
13.5 6.619
13.5 6.569
13.5 6.763
13.5 6.67
13.5 6.697
13.5 6.569
13.5 6.472
13.5 6.369
13.5 6.66
13.5 6.639
13.5 6.702
13.5 6.777
13.5 6.745
13.5 6.734
13.5 6.455
13.5 6.753
13.5 6.553
13.5 6.484
13.5 6.983
13.5 6.66
13.5 6.221
13.5 6.535
13.5 6.488
13.5 6.834
13.5 6.471
13.5 6.368
13.5 6.818
13.5 6.662
13.5 6.806
13.5 6.905
13.5 6.565
13.5 6.58
13.5 6.713
13.5 6.723
13.5 6.755
13.5 6.599
13.5 6.704
13.5 6.524
13.5 6.72
13.5 6.472
13.5 6.633
13.5 6.345
13.5 6.552
13.5 6.871
13.5 6.559
13.5 6.8
13.5 6.59
13.5 6.6
13.5 6.635
13.5 6.838
13.5 6.72
13.5 6.668
13.5 6.8
13.5 6.694
13.5 6.848
13.5 6.526
13.5 6.715
13.5 6.46
13.5 6.707
13.5 6.749
13.5 6.326
13.5 6.438
13.5 6.812
13.5 6.644
13.5 6.668
13.5 6.693
13.5 6.592
13.5 6.519
13.5 6.704
13.5 6.614
13.5 6.47
13.5 6.695
13.5 6.682
13.5 6.333
13.5 6.674
13.5 6.298
13.5 6.667
13.5 6.6
13.5 6.517
13.5 6.55
13.5 6.648
13.5 6.896
13.5 6.324
13.5 6.788
13.5 6.934
13.5 6.659
13.5 6.624
13.5 6.743
13.5 6.602
13.5 6.556
13.5 6.663
13.5 6.687
13.5 6.59
13.5 6.344
13.5 6.797
13.5 6.638
13.5 6.757
13.5 6.43
13.5 6.625
13.5 6.442
13.5 6.702
13.5 6.734
13.5 6.652
13.5 6.64
13.5 6.398
13.5 6.721
13.5 6.501
13.5 6.709
13.5 6.497
13.5 6.675
13.5 6.852
13.5 6.417
13.5 6.783
13.5 6.535
13.5 6.57
13.5 6.827
13.5 6.656
13.5 6.94
13.5 6.741
13.5 6.563
13.5 6.822
13.5 6.749
13.5 6.508
13.5 6.521
13.5 6.641
13.5 6.867
13.5 6.658
13.5 6.31
13.5 6.607
13.5 6.714
13.5 6.751
13.5 6.307
13.5 6.69
13.5 6.703
13.5 6.441
13.5 6.595
13.5 6.752
13.5 6.835
13.5 6.881
13.5 6.529
13.5 6.813
13.5 6.747
13.5 6.431
13.5 6.525
13.5 6.768
13.5 7.01
13.5 6.74
13.5 6.617
13.5 6.826
13.5 6.492
13.5 6.472
13.5 6.95
13.5 6.855
13.5 6.602
13.5 6.995
13.5 6.473
13.5 6.625
13.5 6.486
13.5 6.668
13.5 6.65
13.5 6.375
13.5 6.743
13.5 6.462
13.5 6.209
13.5 6.676
13.5 6.96
13.5 6.356
13.5 6.517
13.5 6.829
13.5 6.917
13.5 6.914
13.5 6.479
13.5 6.628
13.5 6.525
13.5 6.817
13.5 6.681
13.5 6.738
13.5 6.766
13.5 6.658
13.5 6.925
13.5 6.964
13.5 6.453
13.5 6.737
13.5 6.849
13.5 6.673
13.5 6.68
13.5 6.904
13.5 6.491
13.5 6.569
13.5 6.532
13.5 6.448
13.5 6.542
13.5 6.837
13.5 6.649
13.5 6.727
13.5 6.477
13.5 6.65
13.5 6.466
13.5 6.493
13.5 6.825
13.5 6.859
13.5 6.885
13.5 6.738
13.5 6.625
13.5 6.554
13.5 6.838
13.5 6.6
13.5 6.592
13.5 6.584
13.5 6.636
13.5 6.83
13.5 6.685
13.5 6.699
13.5 6.722
13.5 6.819
13.5 6.536
13.5 6.66
500
12.0 3.84
12.0 6.247
12.0 6.554
12.0 6.268
12.0 5.862
12.0 6.363
12.0 6.418
12.0 6.422
12.5 6.479
12.5 6.508
12.5 6.55
12.5 6.456
12.5 6.5
12.5 6.608
12.5 6.522
12.5 6.388
12.5 6.557
12.5 6.768
12.5 6.66
12.5 6.775
12.5 6.594
13.0 6.769
13.0 6.195
13.0 6.818
13.0 6.575
13.0 6.772
13.0 6.687
13.0 6.927
13.0 6.706
13.0 6.796
13.0 6.59
13.0 6.782
13.0 6.613
13.0 6.782
13.0 6.837
13.0 6.771
13.0 6.524
13.0 6.4
13.0 6.328
13.0 6.691
13.0 6.583
13.0 6.78
13.0 6.678
13.0 6.698
13.0 6.373
13.0 6.68
13.0 6.7
13.0 6.487
13.0 6.817
13.0 6.784
13.0 6.918
13.0 6.755
13.0 6.735
13.0 6.65
13.0 6.79
13.0 6.828
13.0 6.708
13.0 6.321
13.0 6.715
13.0 6.773
13.0 7.113
13.0 6.687
13.0 6.439
13.0 6.798
13.0 6.858
13.0 6.349
13.0 6.764
13.0 6.872
13.0 6.641
13.0 6.72
13.0 7.012
13.0 6.872
13.0 6.543
13.0 6.842
13.0 6.492
13.0 6.471
13.0 6.641
13.0 6.638
13.0 6.566
13.0 6.496
13.0 6.71
13.0 6.679
13.0 6.729
13.0 6.249
13.0 6.8
13.0 6.723
13.0 6.741
13.0 6.663
13.0 6.606
13.0 6.772
13.0 6.631
13.0 6.787
13.0 6.866
13.0 6.593
13.0 6.428
13.0 6.699
13.0 6.639
13.0 6.926
13.0 6.625
13.0 6.701
13.0 6.562
13.0 6.942
13.0 6.382
13.0 6.63
13.0 6.49
13.0 6.78
13.0 6.334
13.0 6.468
13.0 6.814
13.0 6.429
13.0 6.541
13.0 6.559
13.0 6.543
13.0 6.495
13.0 6.487
13.0 6.5
13.0 6.632
13.0 6.616
13.0 6.892
13.0 6.823
13.0 6.576
13.0 6.605
13.0 6.914
13.0 6.517
13.0 6.465
13.0 6.607
13.0 6.498
13.0 6.599
13.0 6.544
13.0 6.823
13.0 6.726
13.0 6.256
13.0 6.469
13.0 6.6
13.0 6.746
13.0 6.721
13.0 6.595
13.0 6.878
13.0 6.762
13.0 6.627
13.0 6.637
13.0 6.691
13.0 6.932
13.0 6.641
13.0 6.581
13.0 6.869
13.0 6.653
13.0 6.319
13.0 6.667
13.0 6.535
13.0 6.684
13.0 6.472
13.0 6.325
13.0 6.766
13.0 6.647
13.0 6.56
13.0 6.668
13.0 6.482
13.0 6.652
13.0 6.961
13.0 6.369
13.0 6.878
13.0 6.814
13.0 6.67
13.0 6.513
13.0 6.554
13.0 6.569
13.0 6.797
13.0 6.817
13.0 6.563
13.0 6.734
13.0 6.788
13.0 6.743
13.0 6.591
13.0 6.3
13.0 6.488
13.0 6.287
13.0 6.884
13.0 7.019
13.0 6.738
13.0 6.951
13.0 6.441
13.0 6.759
13.0 6.431
13.0 6.576
13.5 6.396
13.5 6.784
13.5 6.729
13.5 6.879
13.5 6.602
13.5 6.69
13.5 6.74
13.5 6.583
13.5 6.522
13.5 6.518
13.5 6.362
13.5 6.616
13.5 6.688
13.5 6.605
13.5 6.27
13.5 6.636
13.5 6.488
13.5 6.645
13.5 6.796
13.5 6.804
13.5 6.515
13.5 6.611
13.5 6.624
13.5 6.67
13.5 6.51
13.5 6.588
13.5 6.652
13.5 6.682
13.5 6.66
13.5 6.836
13.5 6.655
13.5 6.593
13.5 6.382
13.5 6.674
13.5 6.758
13.5 6.508
13.5 6.64
13.5 6.314
13.5 6.756
13.5 7.033
13.5 6.657
13.5 6.6
13.5 6.771
13.5 6.522
13.5 6.549
13.5 6.669
13.5 6.532
13.5 6.641
13.5 6.668
13.5 6.647
13.5 6.526
13.5 6.65
13.5 6.716
13.5 6.943
13.5 6.802
13.5 6.745
13.5 6.561
13.5 6.884
13.5 6.754
13.5 6.741
13.5 6.843
13.5 6.639
13.5 6.646
13.5 6.404
13.5 6.311
13.5 6.667
13.5 6.435
13.5 6.31
13.5 6.676
13.5 6.297
13.5 6.551
13.5 6.789
13.5 6.665
13.5 6.544
13.5 6.434
13.5 6.663
13.5 6.412
13.5 6.543
13.5 6.471
13.5 6.477
13.5 6.511
13.5 6.927
13.5 6.645
13.5 6.801
13.5 6.517
13.5 6.804
13.5 6.495
13.5 6.737
13.5 6.856
13.5 6.806
13.5 6.636
13.5 6.522
13.5 6.4
13.5 6.492
13.5 6.5
13.5 6.57
13.5 6.861
13.5 6.779
13.5 6.837
13.5 6.538
13.5 6.662
13.5 6.635
13.5 6.455
13.5 6.49
13.5 6.302
13.5 6.582
13.5 6.33
13.5 6.598
13.5 6.618
13.5 6.746
13.5 6.615
13.5 6.677
13.5 6.489
13.5 6.863
13.5 6.72
13.5 6.704
13.5 6.696
13.5 6.351
13.5 6.488
13.5 6.883
13.5 6.679
13.5 6.686
13.5 6.722
13.5 6.627
13.5 6.909
13.5 6.644
13.5 6.736
13.5 6.85
13.5 6.618
13.5 6.879
13.5 6.34
13.5 6.611
13.5 6.454
13.5 6.657
13.5 6.879
13.5 6.528
13.5 7.014
13.5 6.373
13.5 6.685
13.5 6.578
13.5 6.381
13.5 6.522
13.5 6.548
13.5 6.6
13.5 6.373
13.5 6.73
13.5 6.421
13.5 6.58
13.5 6.644
13.5 6.696
13.5 6.313
13.5 6.631
13.5 6.517
13.5 6.707
13.5 6.863
13.5 6.456
13.5 6.552
13.5 6.966
13.5 6.637
13.5 6.406
13.5 6.764
13.5 6.375
13.5 6.545
13.5 6.485
13.5 6.362
13.5 6.967
13.5 6.905
13.5 6.683
13.5 6.801
13.5 6.49
13.5 6.744
13.5 6.409
13.5 6.595
13.5 6.755
13.5 6.545
13.5 6.599
13.5 6.81
13.5 6.717
13.5 6.55
13.5 6.577
13.5 6.686
13.5 6.695
13.5 6.449
13.5 6.744
13.5 6.718
13.5 6.49
13.5 6.555
13.5 6.499
13.5 6.58
13.5 6.591
13.5 6.541
13.5 6.719
13.5 6.681
13.5 6.755
13.5 6.711
13.5 6.849
13.5 6.641
13.5 6.474
13.5 6.632
13.5 6.473
13.5 6.362
13.5 6.689
13.5 6.559
13.5 6.662
13.5 6.831
13.5 6.839
13.5 6.606
13.5 6.47
13.5 6.801
13.5 6.694
13.5 6.558
13.5 7.103
13.5 6.5
13.5 6.974
13.5 6.752
13.5 6.499
13.5 6.716
13.5 6.702
13.5 6.808
13.5 6.386
13.5 6.637
13.5 6.594
13.5 6.761
13.5 6.803
13.5 6.698
13.5 6.725
13.5 6.868
13.5 6.82
13.5 6.458
13.5 6.846
13.5 6.539
13.5 6.547
13.5 6.522
13.5 6.611
13.5 6.671
13.5 6.949
13.5 6.809
13.5 6.656
13.5 6.641
13.5 6.876
13.5 7.067
13.5 6.552
13.5 6.708
13.5 6.848
13.5 6.824
13.5 6.702
13.5 6.551
13.5 6.112
13.5 6.516
13.5 6.842
13.5 6.801
13.5 6.731
13.5 6.572
13.5 6.629
13.5 6.668
13.5 6.705
13.5 6.734
13.5 6.693
13.5 6.699
13.5 6.668
13.5 6.927
13.5 6.691
13.5 6.607
13.5 6.547
13.5 6.749
13.5 6.714
13.5 6.291
13.5 6.673
13.5 6.74
13.5 6.597
13.5 6.777
13.5 6.305
13.5 6.602
13.5 6.943
13.5 6.617
13.5 6.795
13.5 6.377
13.5 6.763
13.5 6.771
13.5 6.556
13.5 6.532
13.5 6.565
13.5 6.615
13.5 6.638
13.5 6.785
13.5 6.478
13.5 6.862
13.5 6.736
13.5 6.563
13.5 6.39
13.5 6.736
13.5 6.302
13.5 6.716
13.5 6.545
13.5 6.63
13.5 6.739
13.5 6.603
13.5 6.849
13.5 6.55
13.5 6.646
13.5 6.821
13.5 6.713
13.5 6.515
13.5 6.934
13.5 6.579
13.5 6.82
13.5 6.518
13.5 6.757
13.5 6.819
13.5 6.522
13.5 6.724
13.5 6.69
13.5 6.852
13.5 6.722
13.5 6.336
500
11.0 3.864
12.5 6.667
12.5 6.71
12.5 6.484
12.5 6.293
12.5 6.451
12.5 6.443
12.5 6.588
12.5 6.284
12.5 6.567
12.5 6.643
12.5 6.251
13.0 6.308
13.0 6.569
13.0 6.265
13.0 6.432
13.0 6.683
13.0 6.672
13.0 6.613
13.0 6.568
13.0 6.875
13.0 6.808
13.0 6.624
13.0 6.667
13.0 6.821
13.0 6.386
13.0 6.784
13.0 6.681
13.0 6.355
13.0 6.927
13.0 6.407
13.0 6.695
13.0 6.717
13.0 6.886
13.0 6.601
13.0 6.648
13.0 6.76
13.0 6.559
13.0 6.683
13.0 6.64
13.0 6.558
13.0 6.622
13.0 6.87
13.0 6.496
13.0 6.539
13.0 6.885
13.0 6.787
13.0 6.43
13.0 6.912
13.0 6.524
13.0 6.682
13.0 6.565
13.0 6.697
13.0 6.428
13.0 6.803
13.0 7.135
13.0 6.745
13.0 6.733
13.0 6.505
13.0 6.352
13.0 6.539
13.0 6.741
13.0 6.746
13.0 6.417
13.0 6.479
13.0 6.639
13.0 6.682
13.0 6.736
13.0 6.677
13.0 6.562
13.0 6.815
13.0 6.722
13.0 6.361
13.0 6.7
13.0 6.656
13.0 6.712
13.0 6.569
13.0 6.936
13.0 6.756
13.0 6.651
13.0 6.989
13.0 6.613
13.0 6.404
13.0 6.669
13.0 6.688
13.0 6.59
13.0 6.525
13.0 6.637
13.0 6.26
13.0 6.431
13.0 6.669
13.0 6.285
13.0 6.519
13.5 6.609
13.5 6.706
13.5 6.89
13.5 6.473
13.5 6.629
13.5 6.673
13.5 6.324
13.5 6.828
13.5 6.599
13.5 6.56
13.5 6.808
13.5 6.801
13.5 6.774
13.5 6.572
13.5 6.64
13.5 6.565
13.5 6.556
13.5 6.568
13.5 6.542
13.5 6.574
13.5 6.483
13.5 6.653
13.5 6.63
13.5 6.473
13.5 6.45
13.5 6.299
13.5 6.396
13.5 6.581
13.5 6.839
13.5 6.621
13.5 6.51
13.5 6.667
13.5 6.517
13.5 6.704
13.5 6.585
13.5 6.825
13.5 6.613
13.5 6.379
13.5 6.6
13.5 6.516
13.5 6.224
13.5 6.679
13.5 6.572
13.5 6.501
13.5 6.596
13.5 6.45
13.5 6.566
13.5 6.777
13.5 6.757
13.5 6.192
13.5 6.279
13.5 6.914
13.5 6.602
13.5 6.564
13.5 6.533
13.5 6.564
13.5 6.594
13.5 6.719
13.5 6.874
13.5 6.558
13.5 6.768
13.5 6.514
13.5 6.74
13.5 6.597
13.5 7.016
13.5 6.786
13.5 6.852
13.5 6.753
13.5 6.789
13.5 6.757
13.5 6.975
13.5 6.576
13.5 6.641
13.5 6.5
13.5 6.183
13.5 6.51
13.5 6.519
13.5 6.455
13.5 6.7
13.5 6.484
13.5 6.262
13.5 6.877
13.5 6.766
13.5 6.491
13.5 6.719
13.5 6.861
13.5 6.966
13.5 6.967
13.5 6.818
13.5 6.572
13.5 6.634
13.5 6.563
13.5 6.689
13.5 6.734
13.5 6.527
13.5 6.556
13.5 6.675
13.5 6.739
13.5 6.181
13.5 6.637
13.5 6.698
13.5 6.628
13.5 6.656
13.5 6.557
13.5 6.542
13.5 6.703
13.5 6.742
13.5 6.287
13.5 6.703
13.5 6.59
13.5 6.391
13.5 6.285
13.5 6.619
13.5 6.837
13.5 6.566
13.5 6.475
13.5 6.731
13.5 6.56
13.5 6.21
13.5 6.747
13.5 6.836
13.5 6.603
13.5 6.649
13.5 6.777
13.5 6.656
13.5 6.619
13.5 6.643
13.5 6.591
13.5 6.454
13.5 6.497
13.5 6.512
13.5 6.768
13.5 6.691
13.5 6.824
13.5 6.795
13.5 6.336
13.5 6.269
13.5 6.533
13.5 6.894
13.5 6.675
13.5 6.627
13.5 6.631
13.5 6.506
13.5 6.544
13.5 6.779
13.5 6.72
13.5 6.476
13.5 6.611
13.5 6.703
13.5 6.667
13.5 6.479
13.5 6.611
13.5 6.567
13.5 6.572
13.5 6.443
13.5 6.712
13.5 6.819
13.5 6.336
13.5 6.401
13.5 6.608
13.5 6.524
13.5 6.432
13.5 6.672
13.5 6.591
13.5 6.566
13.5 6.545
13.5 6.603
13.5 7.028
13.5 6.896
13.5 6.649
13.5 6.732
13.5 6.698
13.5 6.738
13.5 6.69
13.5 6.672
13.5 6.537
13.5 6.345
13.5 6.617
13.5 6.239
13.5 6.386
13.5 6.72
13.5 6.635
13.5 6.66
13.5 6.482
13.5 6.669
13.5 6.721
13.5 6.496
13.5 6.429
13.5 6.721
13.5 6.953
13.5 6.344
13.5 6.762
13.5 6.514
13.5 6.579
13.5 6.448
13.5 6.717
13.5 6.417
13.5 6.618
13.5 6.445
13.5 6.546
13.5 6.744
13.5 6.607
13.5 6.665
13.5 6.95
13.5 6.497
13.5 6.598
13.5 6.626
13.5 6.558
13.5 6.789
13.5 6.836
13.5 6.559
13.5 7.001
13.5 6.746
13.5 6.487
13.5 6.814
13.5 6.457
13.5 6.606
13.5 6.643
13.5 6.683
13.5 6.649
13.5 6.91
13.5 6.741
13.5 6.612
13.5 6.537
13.5 6.517
13.5 6.682
13.5 6.753
13.5 6.579
13.5 6.621
13.5 6.547
13.5 6.516
13.5 6.459
13.5 6.555
13.5 6.588
13.5 6.329
13.5 6.599
13.5 6.496
13.5 6.408
13.5 6.777
13.5 6.739
13.5 6.73
13.5 6.537
13.5 6.625
13.5 6.918
13.5 6.66
13.5 6.611
13.5 6.55
13.5 6.652
13.5 6.636
13.5 6.641
13.5 6.534
13.5 6.565
13.5 6.563
13.5 6.647
13.5 6.635
13.5 6.732
13.5 6.618
13.5 6.894
13.5 6.548
13.5 6.688
13.5 6.567
13.5 6.698
13.5 6.547
13.5 6.544
13.5 6.958
13.5 6.7
13.5 6.844
13.5 6.733
13.5 6.837
13.5 6.831
13.5 6.789
13.5 6.62
13.5 6.72
13.5 6.805
13.5 6.55
13.5 6.673
13.5 6.607
13.5 6.618
13.5 6.388
13.5 6.639
13.5 6.695
13.5 6.569
13.5 6.66
13.5 6.713
13.5 6.63
13.5 6.462
13.5 6.698
13.5 6.798
13.5 6.729
13.5 6.448
13.5 6.682
13.5 6.955
13.5 6.604
13.5 6.579
13.5 6.323
13.5 6.641
13.5 6.616
13.5 6.452
13.5 6.383
13.5 6.718
13.5 6.379
13.5 6.485
13.5 6.66
13.5 6.679
13.5 6.618
13.5 6.751
13.5 6.49
13.5 6.661
13.5 6.348
13.5 6.36
13.5 6.434
13.5 6.737
13.5 6.58
13.5 6.526
13.5 6.444
13.5 6.544
13.5 6.886
13.5 6.283
13.5 6.453
13.5 6.387
13.5 6.416
13.5 6.701
13.5 6.307
13.5 6.61
13.5 6.446
13.5 6.474
13.5 6.526
13.5 6.56
13.5 6.442
13.5 6.543
13.5 6.627
13.5 6.79
13.5 6.575
13.5 6.748
13.5 6.595
13.5 6.64
13.5 6.656
13.5 6.771
13.5 6.494
13.5 6.675
13.5 6.58
13.5 6.292
13.5 6.588
13.5 6.751
13.5 6.457
13.5 6.58
13.5 6.62
13.5 6.717
13.5 6.352
13.5 6.28
13.5 7.05
13.5 6.765
13.5 6.666
13.5 6.665
13.5 6.603
13.5 6.546
13.5 6.439
13.5 6.549
13.5 6.641
13.5 7.028
13.5 6.422
13.5 6.763
13.5 6.67
13.5 6.712
13.5 6.489
13.5 6.442
13.5 6.639
13.5 6.584
13.5 6.572
13.5 6.735
13.5 6.644
13.5 6.764
13.5 6.645
13.5 6.541
13.5 6.58
13.5 6.518
13.5 6.536
13.5 6.519
13.5 6.475
13.5 6.604
13.5 6.605
13.5 6.355
13.5 6.838
13.5 6.494
13.5 6.626
13.5 6.824
13.5 6.8
13.5 6.666
13.5 6.461
13.5 6.727
13.5 6.846
13.5 6.533
13.5 6.676
13.5 6.488
13.5 6.613
13.5 6.503
13.5 6.495
13.5 6.619
13.5 6.88
13.5 6.579
13.5 6.693
13.5 6.751
13.5 6.446
13.5 6.624
13.5 6.581
13.5 6.852
13.5 6.684

Individual: [1, 2, 6, 7, 9, 14, 15, 18, 20]
   Fitness: 13.5
     Total: 9
Violations: 0 0

Individual: [1, 2, 6, 7, 9, 14, 15, 18, 20]
   Fitness: 13.5
     Total: 9
Violations: 0 0

Individual: [1, 3, 6, 7, 12, 14, 15, 19, 20]
   Fitness: 13.5
     Total: 9
Violations: 0 0

Individual: [1, 2, 6, 7, 9, 14, 15, 18, 20]
   Fitness: 13.5
     Total: 9
Violations: 0 0

Individual: [1, 2, 6, 7, 9, 14, 15, 18, 20]
   Fitness: 13.5
     Total: 9
Violations: 0 0

Individual: [1, 3, 6, 7, 12, 14, 15, 19, 20]
   Fitness: 13.5
     Total: 9
Violations: 0 0

Individual: [1, 3, 6, 7, 12, 14, 15, 19, 20]
   Fitness: 13.5
     Total: 9
Violations: 0 0

Individual: [1, 3, 6, 7, 12, 14, 15, 19, 20]
   Fitness: 13.5
     Total: 9
Violations: 0 0

Individual: [1, 2, 6, 7, 9, 14, 15, 18, 20]
   Fitness: 13.5
     Total: 9
Violations: 0 0

Individual: [1, 3, 6, 7, 12, 14, 15, 19, 20]
   Fitness: 13.5
     Total: 9
Violations: 0 0
