10
100
11.5 3.648
11.5 8.099
12.5 9.043
13.0 9.337
13.0 9.439
13.0 10.28
13.0 10.605
13.0 10.663
13.0 10.889
13.0 11.291
13.0 11.242
13.0 11.297
13.0 11.158
13.0 11.521
13.0 11.532
13.0 11.561
13.0 11.581
13.0 11.331
13.0 11.533
13.0 11.57
13.0 11.519
13.0 11.537
13.0 11.471
13.0 11.307
13.0 11.283
13.0 11.508
13.0 11.267
13.0 11.412
13.0 11.344
13.5 11.464
13.5 11.461
13.5 11.347
13.5 11.182
13.5 11.304
13.5 11.114
13.5 11.26
13.5 11.634
13.5 11.432
13.5 12.03
13.5 11.984
13.5 11.909
13.5 11.8
13.5 12.035
13.5 11.934
13.5 11.996
13.5 11.985
13.5 11.925
13.5 11.964
13.5 12.057
13.5 12.051
13.5 12.106
13.5 11.951
13.5 11.957
13.5 12.091
13.5 11.879
13.5 11.912
13.5 11.886
13.5 12.006
13.5 11.856
13.5 11.898
13.5 11.981
13.5 12.063
13.5 11.91
13.5 12.002
13.5 12.003
13.5 12.171
13.5 11.832
13.5 11.771
13.5 12.041
13.5 12.031
13.5 11.931
13.5 12.004
13.5 12.049
13.5 11.778
13.5 12.002
13.5 12.05
13.5 11.983
13.5 11.936
13.5 12.046
13.5 12.115
13.5 11.71
13.5 11.955
13.5 11.852
13.5 12.057
13.5 12.134
13.5 12.031
13.5 11.967
13.5 11.932
13.5 11.825
13.5 11.696
13.5 11.808
13.5 11.904
13.5 12.033
13.5 11.954
13.5 11.922
13.5 11.897
13.5 11.869
13.5 11.871
13.5 11.945
13.5 11.586
100
11.5 3.659
13.0 8.372
13.0 9.261
13.0 10.224
13.0 10.571
13.0 10.81
13.0 10.88
13.0 11.245
13.0 11.098
13.0 11.272
13.0 11.176
13.0 11.396
13.0 11.464
13.0 11.233
13.0 11.251
13.0 11.188
13.0 11.279
13.0 11.23
13.0 11.27
13.0 11.395
13.0 11.407
13.0 11.426
13.0 11.489
13.0 11.165
13.0 10.852
13.0 11.477
13.0 11.416
13.0 11.393
13.0 11.207
13.0 11.478
13.0 11.272
13.0 11.225
13.0 11.305
13.0 11.38
13.0 11.317
13.0 11.477
13.0 11.241
13.0 11.191
13.0 11.275
13.0 11.216
13.0 11.397
13.0 11.316
13.0 11.314
13.0 11.487
13.0 11.285
13.0 11.263
13.0 11.635
13.0 11.431
13.0 11.337
13.0 11.065
13.0 11.328
13.0 11.464
13.0 11.408
13.0 11.112
13.0 11.287
13.0 11.319
13.0 11.241
13.0 11.477
13.0 11.193
13.0 11.428
13.0 11.337
13.0 11.42
13.0 11.572
13.0 11.251
13.0 11.235
13.0 11.361
13.0 11.265
13.0 11.456
13.0 11.241
13.0 11.364
13.0 11.305
13.0 11.296
13.0 11.14
13.0 11.306
13.0 11.344
13.0 11.412
13.0 11.368
13.0 11.329
13.0 11.287
13.0 11.355
13.0 11.358
13.0 11.375
13.0 11.173
13.0 11.329
13.0 11.335
13.0 11.295
13.0 11.392
13.0 11.431
13.0 11.47
13.0 11.176
13.0 11.54
13.0 11.139
13.0 11.266
13.0 11.204
13.0 11.496
13.0 11.197
13.0 11.418
13.0 11.659
13.0 11.365
13.0 11.141
100
12.0 4.291
12.0 8.261
12.5 8.989
13.0 9.598
13.0 10.276
13.0 10.622
13.0 10.959
13.5 11.106
13.5 11.253
13.5 11.519
13.5 11.718
13.5 11.355
13.5 11.562
13.5 11.661
13.5 11.46
13.5 11.284
13.5 11.422
13.5 11.522
13.5 11.519
13.5 11.61
13.5 11.811
13.5 11.927
13.5 11.782
13.5 11.934
13.5 11.94
13.5 11.981
13.5 12.136
13.5 12.03
13.5 11.959
13.5 11.952
13.5 11.948
13.5 12.04
13.5 12.026
13.5 12.088
13.5 12.001
13.5 11.704
13.5 11.983
13.5 12.158
13.5 12.113
13.5 11.98
13.5 12.101
13.5 12.096
13.5 12.016
13.5 11.91
13.5 11.846
13.5 12.043
13.5 12.071
13.5 11.993
13.5 12.038
13.5 11.938
13.5 11.969
13.5 11.725
13.5 11.855
13.5 12.037
13.5 12.133
13.5 11.923
13.5 11.828
13.5 11.988
13.5 11.88
13.5 11.891
13.5 11.94
13.5 12.013
13.5 11.784
13.5 12.23
13.5 12.053
13.5 11.943
13.5 11.959
13.5 11.846
13.5 11.879
13.5 12.103
13.5 12.143
13.5 11.952
13.5 12.104
13.5 12.082
13.5 12.105
13.5 12.009
13.5 11.957
13.5 11.83
13.5 11.991
13.5 11.958
13.5 11.947
13.5 12.071
13.5 12.007
13.5 11.92
13.5 12.058
13.5 11.936
13.5 12.004
13.5 11.961
13.5 11.946
13.5 11.955
13.5 12.09
13.5 12.018
13.5 11.862
13.5 11.978
13.5 12.084
13.5 12.0
13.5 11.862
13.5 12.065
13.5 11.879
13.5 11.915
100
11.5 3.76
12.0 8.404
13.0 9.215
13.0 9.843
13.0 10.331
13.0 10.831
13.0 10.675
13.0 10.97
13.0 11.433
13.0 11.289
13.0 11.293
13.0 11.144
13.0 11.17
13.0 11.251
13.0 11.566
13.0 11.26
13.0 11.552
13.0 11.245
13.0 11.174
13.0 11.156
13.0 11.346
13.0 11.354
13.0 11.417
13.5 11.342
13.5 11.235
13.5 11.344
13.5 11.393
13.5 11.299
13.5 11.288
13.5 11.257
13.5 11.7
13.5 11.504
13.5 11.903
13.5 12.023
13.5 12.0
13.5 11.94
13.5 12.031
13.5 12.036
13.5 12.028
13.5 11.978
13.5 11.954
13.5 11.921
13.5 11.929
13.5 11.953
13.5 12.132
13.5 12.016
13.5 11.817
13.5 12.037
13.5 12.072
13.5 11.912
13.5 12.022
13.5 12.065
13.5 11.993
13.5 11.853
13.5 12.031
13.5 11.877
13.5 12.125
13.5 11.861
13.5 11.839
13.5 11.995
13.5 11.858
13.5 12.046
13.5 12.078
13.5 12.037
13.5 11.862
13.5 12.081
13.5 11.903
13.5 11.933
13.5 11.819
13.5 11.888
13.5 12.109
13.5 11.769
13.5 11.908
13.5 11.97
13.5 12.053
13.5 12.026
13.5 12.124
13.5 11.898
13.5 11.969
13.5 11.877
13.5 12.088
13.5 11.921
13.5 11.828
13.5 11.743
13.5 11.978
13.5 11.919
13.5 11.722
13.5 11.89
13.5 11.91
13.5 12.158
13.5 11.76
13.5 11.904
13.5 12.012
13.5 12.083
13.5 11.932
13.5 12.121
13.5 12.015
13.5 12.027
13.5 12.015
13.5 11.986
100
12.0 4.03
12.0 8.25
13.0 9.092
13.0 9.539
13.0 10.001
13.0 10.3
13.0 10.369
13.0 10.749
13.0 10.865
13.0 10.982
13.0 11.248
13.0 11.515
13.0 11.356
13.0 11.458
13.0 11.266
13.0 11.166
13.0 11.326
13.0 11.428
13.0 11.644
13.0 11.553
13.0 11.528
13.0 11.47
13.0 11.61
13.0 11.371
13.0 11.389
13.0 11.587
13.0 11.55
13.0 11.356
13.0 11.505
13.0 11.148
13.0 11.375
13.0 11.373
13.0 11.403
13.0 11.469
13.0 11.307
13.0 11.375
13.0 11.545
13.0 11.59
13.0 11.618
13.0 11.413
13.0 11.171
13.0 11.399
13.0 11.252
13.0 11.207
13.0 11.352
13.0 11.297
13.0 11.274
13.0 11.283
13.0 11.506
13.0 11.574
13.0 11.404
13.0 11.277
13.0 11.516
13.0 11.599
13.0 11.56
13.0 11.431
13.0 11.414
13.0 11.539
13.0 11.496
13.0 11.163
13.0 11.455
13.0 11.407
13.0 11.395
13.0 11.415
13.0 11.29
13.0 11.316
13.0 11.23
13.0 11.608
13.0 11.344
13.0 11.471
13.0 11.348
13.0 11.554
13.0 11.375
13.0 11.28
13.0 11.439
13.0 11.521
13.0 11.415
13.0 11.37
13.0 11.302
13.0 11.568
13.0 11.398
13.0 11.438
13.0 11.336
13.0 11.411
13.0 11.371
13.0 11.573
13.0 11.536
13.0 11.367
13.0 11.417
13.0 11.254
13.0 11.312
13.0 11.389
13.0 11.391
13.0 11.491
13.0 11.255
13.0 11.359
13.0 11.249
13.0 11.612
13.0 11.414
13.0 11.359
100
11.5 3.75
12.5 8.363
12.5 9.223
13.0 9.976
13.0 10.276
13.0 10.848
13.0 11.104
13.0 11.117
13.5 11.335
13.5 11.395
13.5 11.388
13.5 11.461
13.5 11.563
13.5 11.439
13.5 11.656
13.5 11.451
13.5 11.676
13.5 11.765
13.5 11.94
13.5 12.059
13.5 11.937
13.5 11.926
13.5 11.799
13.5 11.74
13.5 11.718
13.5 12.029
13.5 11.822
13.5 11.978
13.5 12.0
13.5 12.162
13.5 12.064
13.5 11.812
13.5 11.823
13.5 11.906
13.5 11.915
13.5 11.943
13.5 12.06
13.5 11.955
13.5 11.919
13.5 12.059
13.5 11.979
13.5 11.907
13.5 11.818
13.5 11.942
13.5 12.094
13.5 12.16
13.5 11.942
13.5 12.103
13.5 11.884
13.5 11.886
13.5 11.976
13.5 12.091
13.5 11.916
13.5 11.972
13.5 11.893
13.5 12.016
13.5 12.057
13.5 12.127
13.5 12.154
13.5 11.913
13.5 11.949
13.5 12.08
13.5 12.019
13.5 11.989
13.5 11.956
13.5 12.099
13.5 12.038
13.5 12.088
13.5 11.93
13.5 12.007
13.5 12.129
13.5 11.884
13.5 12.041
13.5 11.859
13.5 11.775
13.5 11.929
13.5 12.018
13.5 12.033
13.5 11.936
13.5 12.151
13.5 11.73
13.5 11.83
13.5 12.02
13.5 11.988
13.5 11.89
13.5 11.823
13.5 12.072
13.5 11.896
13.5 12.037
13.5 11.965
13.5 11.854
13.5 11.735
13.5 12.087
13.5 12.103
13.5 11.751
13.5 11.996
13.5 11.86
13.5 11.914
13.5 12.018
13.5 12.003
100
11.5 4.274
12.5 8.305
12.5 9.02
12.5 9.387
13.0 9.839
13.0 10.191
13.0 10.579
13.0 11.114
13.0 11.078
13.0 11.252
13.0 11.213
13.0 11.23
13.0 11.45
13.0 11.481
13.0 11.581
13.0 11.408
13.0 11.426
13.0 11.431
13.0 11.598
13.0 11.555
13.0 11.337
13.0 11.417
13.0 11.393
13.0 11.644
13.0 11.356
13.0 11.57
13.0 11.395
13.0 11.445
13.0 11.499
13.0 11.46
13.0 11.633
13.0 11.4
13.0 11.647
13.0 11.415
13.5 11.419
13.5 11.476
13.5 11.422
13.5 11.532
13.5 11.518
13.5 11.553
13.5 11.588
13.5 11.481
13.5 11.546
13.5 11.89
13.5 11.961
13.5 11.952
13.5 12.019
13.5 12.15
13.5 12.148
13.5 11.962
13.5 11.963
13.5 11.951
13.5 11.967
13.5 11.919
13.5 11.829
13.5 11.989
13.5 11.916
13.5 11.79
13.5 11.927
13.5 11.916
13.5 11.959
13.5 11.794
13.5 11.922
13.5 12.062
13.5 11.931
13.5 11.946
13.5 11.939
13.5 12.053
13.5 11.772
13.5 11.908
13.5 12.052
13.5 11.977
13.5 11.972
13.5 12.105
13.5 11.907
13.5 11.896
13.5 12.033
13.5 11.759
13.5 12.054
13.5 11.999
13.5 11.974
13.5 12.139
13.5 12.02
13.5 11.977
13.5 12.144
13.5 11.945
13.5 11.992
13.5 12.012
13.5 11.86
13.5 11.791
13.5 11.82
13.5 11.971
13.5 12.215
13.5 12.036
13.5 12.024
13.5 12.001
13.5 11.948
13.5 11.876
13.5 11.699
13.5 12.11
100
12.5 3.451
12.5 8.274
12.5 9.401
13.0 9.799
13.0 10.529
13.0 10.926
13.0 11.088
13.0 11.124
13.0 10.772
13.0 11.346
13.0 11.232
13.0 11.248
13.5 11.187
13.5 11.229
13.5 11.443
13.5 11.107
13.5 11.201
13.5 11.614
13.5 11.277
13.5 11.31
13.5 11.703
13.5 11.954
13.5 11.987
13.5 11.898
13.5 11.898
13.5 12.237
13.5 11.891
13.5 11.757
13.5 11.977
13.5 11.965
13.5 11.973
13.5 12.038
13.5 11.967
13.5 11.924
13.5 11.995
13.5 12.073
13.5 12.178
13.5 11.962
13.5 12.128
13.5 11.881
13.5 12.019
13.5 12.039
13.5 11.857
13.5 12.057
13.5 11.948
13.5 12.118
13.5 12.009
13.5 12.05
13.5 12.054
13.5 11.81
13.5 11.816
13.5 11.869
13.5 11.87
13.5 11.903
13.5 12.058
13.5 11.868
13.5 11.858
13.5 12.178
13.5 12.068
13.5 11.87
13.5 12.1
13.5 12.066
13.5 11.94
13.5 12.083
13.5 12.14
13.5 11.844
13.5 11.925
13.5 11.994
13.5 11.985
13.5 11.867
13.5 12.073
13.5 12.013
13.5 11.998
13.5 11.961
13.5 11.952
13.5 11.953
13.5 11.877
13.5 11.943
13.5 11.903
13.5 11.796
13.5 11.84
13.5 11.885
13.5 11.99
13.5 11.973
13.5 12.096
13.5 11.973
13.5 12.138
13.5 11.894
13.5 11.984
13.5 11.872
13.5 12.102
13.5 11.909
13.5 12.168
13.5 12.115
13.5 11.98
13.5 11.836
13.5 11.934
13.5 11.966
13.5 11.905
13.5 11.897
100
11.5 3.407
12.0 8.272
12.5 9.156
12.5 9.635
12.5 9.919
13.0 10.285
13.0 10.815
13.0 10.994
13.0 10.765
13.0 11.017
13.0 11.11
13.0 11.326
13.0 11.313
13.0 11.268
13.0 11.276
13.0 11.416
13.0 11.282
13.0 11.256
13.0 11.345
13.0 11.116
13.0 11.161
13.0 11.225
13.0 11.148
13.0 11.228
13.0 11.241
13.0 11.252
13.0 11.098
13.0 11.167
13.0 11.07
13.0 11.093
13.0 10.95
13.0 11.285
13.0 11.191
13.0 11.229
13.0 11.388
13.0 11.162
13.0 11.239
13.0 11.242
13.0 11.176
13.0 11.16
13.0 11.185
13.0 11.12
13.0 11.196
13.0 11.179
13.0 11.078
13.0 11.207
13.0 11.105
13.0 11.341
13.0 11.072
13.0 11.16
13.0 11.222
13.0 10.934
13.0 11.269
13.0 11.282
13.0 11.339
13.0 11.067
13.0 10.979
13.0 11.146
13.0 11.189
13.0 11.206
13.0 11.311
13.0 11.064
13.0 11.176
13.0 11.171
13.0 11.248
13.0 10.951
13.0 11.02
13.0 11.332
13.0 10.996
13.0 11.345
13.0 11.047
13.0 11.304
13.0 11.246
13.0 11.222
13.0 11.143
13.0 11.157
13.0 11.105
13.0 11.374
13.0 11.232
13.0 11.403
13.0 11.168
13.0 11.412
13.0 11.25
13.0 11.196
13.0 11.179
13.0 11.192
13.0 11.444
13.0 11.316
13.0 11.293
13.0 11.263
13.0 11.288
13.0 11.25
13.0 11.37
13.0 11.28
13.0 11.413
13.0 11.351
13.0 11.12
13.0 11.265
13.0 11.185
13.0 10.908
100
13.0 3.394
13.0 8.274
13.0 9.352
13.0 9.821
13.0 10.251
13.0 10.68
13.5 10.753
13.5 10.996
13.5 11.302
13.5 11.323
13.5 11.432
13.5 11.555
13.5 11.468
13.5 11.552
13.5 11.758
13.5 11.749
13.5 11.93
13.5 12.005
13.5 11.961
13.5 11.864
13.5 11.726
13.5 11.965
13.5 11.921
13.5 12.089
13.5 11.935
13.5 11.914
13.5 11.976
13.5 11.834
13.5 12.085
13.5 11.977
13.5 12.035
13.5 12.016
13.5 12.014
13.5 11.994
13.5 11.922
13.5 11.93
13.5 11.999
13.5 11.865
13.5 11.796
13.5 12.136
13.5 11.8
13.5 11.857
13.5 11.7
13.5 11.98
13.5 11.911
13.5 12.076
13.5 11.915
13.5 12.053
13.5 11.83
13.5 11.989
13.5 11.94
13.5 12.066
13.5 11.929
13.5 11.96
13.5 11.986
13.5 11.97
13.5 11.983
13.5 11.929
13.5 12.029
13.5 11.958
13.5 11.933
13.5 11.884
13.5 11.672
13.5 11.782
13.5 11.819
13.5 11.921
13.5 11.987
13.5 11.838
13.5 11.849
13.5 11.778
13.5 11.808
13.5 12.121
13.5 11.678
13.5 11.791
13.5 11.774
13.5 11.911
13.5 11.817
13.5 11.876
13.5 12.087
13.5 11.816
13.5 11.989
13.5 12.05
13.5 11.828
13.5 12.007
13.5 11.969
13.5 11.884
13.5 12.052
13.5 11.822
13.5 11.813
13.5 11.769
13.5 11.978
13.5 11.937
13.5 11.894
13.5 11.97
13.5 11.832
13.5 11.873
13.5 11.971
13.5 11.998
13.5 12.114
13.5 12.088

Individual: [1, 2, 6, 7, 9, 14, 15, 18, 20]
   Fitness: 13.5
     Total: 9
Violations: 0 0

Individual: [1, 2, 4, 5, 8, 13, 16, 17, 19, 20]
   Fitness: 13.0
     Total: 10
Violations: 2 2

Individual: [1, 2, 6, 7, 9, 14, 15, 18, 20]
   Fitness: 13.5
     Total: 9
Violations: 0 0

Individual: [1, 2, 6, 7, 9, 14, 15, 18, 20]
   Fitness: 13.5
     Total: 9
Violations: 0 0

Individual: [1, 3, 4, 6, 7, 14, 15, 17, 18, 20]
   Fitness: 13.0
     Total: 10
Violations: 2 2

Individual: [1, 3, 6, 7, 12, 14, 15, 19, 20]
   Fitness: 13.5
     Total: 9
Violations: 0 0

Individual: [1, 3, 6, 7, 12, 14, 15, 19, 20]
   Fitness: 13.5
     Total: 9
Violations: 0 0

Individual: [1, 3, 6, 7, 12, 14, 15, 19, 20]
   Fitness: 13.5
     Total: 9
Violations: 0 0

Individual: [1, 2, 4, 5, 7, 14, 16, 17, 19, 20]
   Fitness: 13.0
     Total: 10
Violations: 2 2

Individual: [1, 2, 6, 7, 9, 14, 15, 18, 20]
   Fitness: 13.5
     Total: 9
Violations: 0 0
