10
500
12.0 4.14
12.5 7.553
13.0 8.007
13.0 8.631
13.0 8.618
13.0 8.91
13.0 9.032
13.5 9.427
13.5 9.415
13.5 9.468
13.5 9.462
13.5 9.654
13.5 9.506
13.5 9.767
13.5 9.787
13.5 9.85
13.5 9.707
13.5 9.651
13.5 9.538
13.5 9.68
13.5 9.632
13.5 9.64
13.5 9.538
13.5 9.681
13.5 9.71
13.5 9.638
13.5 9.734
13.5 9.757
13.5 9.755
13.5 9.754
13.5 9.868
13.5 9.893
13.5 10.003
13.5 10.165
13.5 9.916
13.5 9.772
13.5 9.963
13.5 9.962
13.5 9.949
13.5 10.112
13.5 10.017
13.5 9.863
13.5 10.058
13.5 9.74
13.5 10.04
13.5 9.894
13.5 9.804
13.5 10.105
13.5 9.986
13.5 9.908
13.5 9.878
13.5 9.913
13.5 10.034
13.5 9.794
13.5 9.971
13.5 9.881
13.5 10.024
13.5 9.997
13.5 10.163
13.5 10.012
13.5 9.89
13.5 9.986
13.5 10.093
13.5 10.058
13.5 10.052
13.5 10.203
13.5 10.133
13.5 10.223
13.5 10.293
13.5 10.202
13.5 10.1
13.5 9.881
13.5 9.941
13.5 10.02
13.5 10.092
13.5 10.08
13.5 10.344
13.5 10.245
13.5 9.951
13.5 9.725
13.5 9.862
13.5 9.896
13.5 9.926
13.5 9.801
13.5 10.103
13.5 10.086
13.5 9.948
13.5 10.06
13.5 9.968
13.5 9.94
13.5 10.047
13.5 10.035
13.5 9.811
13.5 9.941
13.5 10.112
13.5 10.161
13.5 10.1
13.5 10.095
13.5 10.183
13.5 10.128
13.5 10.121
13.5 10.034
13.5 10.01
13.5 10.156
13.5 9.977
13.5 10.102
13.5 10.006
13.5 9.934
13.5 9.927
13.5 9.959
13.5 9.826
13.5 9.63
13.5 9.896
13.5 9.978
13.5 10.049
13.5 10.136
13.5 9.869
13.5 10.033
13.5 9.928
13.5 10.048
13.5 10.053
13.5 9.887
13.5 10.04
13.5 9.923
13.5 9.799
13.5 9.949
13.5 9.908
13.5 9.918
13.5 9.952
13.5 10.07
13.5 9.893
13.5 9.893
13.5 10.023
13.5 9.856
13.5 9.886
13.5 10.087
13.5 9.802
13.5 10.065
13.5 9.927
13.5 9.963
13.5 9.919
13.5 9.985
13.5 10.165
13.5 10.023
13.5 9.876
13.5 10.079
13.5 10.085
13.5 9.932
13.5 9.928
13.5 9.936
13.5 9.908
13.5 10.176
13.5 9.943
13.5 9.824
13.5 9.885
13.5 9.891
13.5 10.032
13.5 9.877
13.5 9.958
13.5 10.101
13.5 9.756
13.5 10.018
13.5 9.964
13.5 9.755
13.5 9.921
13.5 10.047
13.5 9.946
13.5 9.911
13.5 9.926
13.5 9.97
13.5 9.865
13.5 10.122
13.5 10.03
13.5 9.673
13.5 10.01
13.5 9.91
13.5 10.028
13.5 9.915
13.5 9.816
13.5 10.029
13.5 10.014
13.5 10.023
13.5 10.093
13.5 10.118
13.5 9.956
13.5 9.942
13.5 9.928
13.5 9.969
13.5 9.83
13.5 9.979
13.5 10.033
13.5 10.217
13.5 10.032
13.5 10.047
13.5 10.196
13.5 9.939
13.5 9.936
13.5 10.131
13.5 10.053
13.5 10.12
13.5 9.913
13.5 9.941
13.5 10.214
13.5 9.887
13.5 9.948
13.5 9.798
13.5 9.88
13.5 9.793
13.5 9.799
13.5 9.93
13.5 9.753
13.5 9.872
13.5 10.095
13.5 10.123
13.5 10.0
13.5 10.033
13.5 9.802
13.5 9.913
13.5 9.979
13.5 10.029
13.5 9.822
13.5 9.975
13.5 9.868
13.5 9.991
13.5 10.103
13.5 9.929
13.5 10.201
13.5 9.933
13.5 10.017
13.5 9.968
13.5 10.036
13.5 9.95
13.5 9.84
13.5 10.052
13.5 9.95
13.5 9.928
13.5 10.066
13.5 9.868
13.5 9.878
13.5 9.948
13.5 10.135
13.5 9.942
13.5 9.968
13.5 9.881
13.5 9.946
13.5 9.858
13.5 9.946
13.5 9.827
13.5 9.658
13.5 10.054
13.5 10.071
13.5 9.762
13.5 9.992
13.5 9.873
13.5 10.057
13.5 10.045
13.5 9.999
13.5 9.729
13.5 10.025
13.5 10.195
13.5 9.888
13.5 10.057
13.5 9.944
13.5 10.02
13.5 10.052
13.5 9.843
13.5 10.071
13.5 10.045
13.5 10.009
13.5 10.11
13.5 9.896
13.5 9.822
13.5 9.976
13.5 10.075
13.5 9.898
13.5 10.07
13.5 9.926
13.5 9.898
13.5 10.282
13.5 10.071
13.5 10.057
13.5 10.066
13.5 9.889
13.5 9.889
13.5 9.83
13.5 10.02
13.5 10.111
13.5 10.165
13.5 9.56
13.5 9.7
13.5 9.831
13.5 9.99
13.5 9.854
13.5 9.829
13.5 10.091
13.5 9.933
13.5 9.963
13.5 10.052
13.5 10.042
13.5 9.977
13.5 9.806
13.5 10.005
13.5 9.968
13.5 9.836
13.5 9.893
13.5 9.809
13.5 9.834
13.5 10.021
13.5 10.153
13.5 9.885
13.5 9.859
13.5 9.969
13.5 9.889
13.5 9.922
13.5 10.0
13.5 10.19
13.5 9.963
13.5 9.982
13.5 9.97
13.5 10.091
13.5 10.13
13.5 9.787
13.5 9.81
13.5 9.673
13.5 9.928
13.5 10.007
13.5 10.119
13.5 10.105
13.5 10.206
13.5 9.936
13.5 10.048
13.5 9.964
13.5 9.917
13.5 10.075
13.5 9.819
13.5 10.082
13.5 10.18
13.5 10.178
13.5 10.297
13.5 10.075
13.5 9.838
13.5 9.873
13.5 10.022
13.5 9.843
13.5 9.797
13.5 9.79
13.5 10.087
13.5 9.937
13.5 9.971
13.5 10.209
13.5 9.933
13.5 9.859
13.5 9.815
13.5 9.965
13.5 10.088
13.5 10.011
13.5 10.033
13.5 9.986
13.5 9.951
13.5 10.059
13.5 9.936
13.5 10.036
13.5 10.082
13.5 10.139
13.5 10.085
13.5 9.979
13.5 10.127
13.5 9.86
13.5 10.0
13.5 9.93
13.5 9.881
13.5 9.982
13.5 10.161
13.5 10.013
13.5 9.806
13.5 10.027
13.5 10.182
13.5 10.029
13.5 9.931
13.5 9.777
13.5 9.774
13.5 10.021
13.5 9.967
13.5 9.798
13.5 9.783
13.5 9.958
13.5 9.754
13.5 9.987
13.5 9.728
13.5 9.88
13.5 10.054
13.5 9.846
13.5 9.951
13.5 10.049
13.5 9.899
13.5 9.89
13.5 10.07
13.5 10.088
13.5 10.083
13.5 10.074
13.5 10.084
13.5 9.956
13.5 10.157
13.5 10.155
13.5 9.839
13.5 9.971
13.5 10.007
13.5 9.768
13.5 9.879
13.5 9.742
13.5 10.059
13.5 9.794
13.5 9.911
13.5 10.072
13.5 10.101
13.5 10.097
13.5 9.792
13.5 9.981
13.5 9.945
13.5 9.896
13.5 9.901
13.5 10.172
13.5 9.988
13.5 10.054
13.5 10.12
13.5 9.98
13.5 10.29
13.5 9.945
13.5 10.084
13.5 9.904
13.5 10.113
13.5 9.814
13.5 9.887
13.5 10.174
13.5 9.949
13.5 10.015
13.5 9.838
13.5 10.101
13.5 10.166
13.5 9.964
13.5 10.108
13.5 9.923
13.5 10.222
13.5 10.026
13.5 9.989
13.5 10.04
13.5 9.704
13.5 10.166
13.5 9.884
13.5 9.849
13.5 9.98
13.5 9.895
13.5 9.909
13.5 10.009
13.5 10.196
13.5 10.212
13.5 10.047
13.5 10.054
13.5 10.14
13.5 10.07
13.5 9.885
13.5 10.064
13.5 9.772
13.5 9.976
13.5 9.989
13.5 9.853
13.5 10.104
13.5 9.868
13.5 9.985
13.5 10.088
13.5 10.062
13.5 10.091
13.5 10.067
13.5 9.887
13.5 9.92
13.5 9.858
13.5 10.029
13.5 9.922
13.5 10.322
13.5 9.923
13.5 9.925
13.5 9.834
13.5 10.008
13.5 9.941
13.5 9.722
13.5 9.742
13.5 10.062
13.5 9.812
13.5 9.839
13.5 9.744
13.5 9.709
13.5 9.76
13.5 9.895
13.5 10.098
13.5 9.721
13.5 9.974
13.5 9.908
13.5 10.182
13.5 9.777
13.5 9.822
500
11.5 3.544
12.0 7.664
12.0 8.206
13.0 8.655
13.0 8.779
13.5 9.15
13.5 9.155
13.5 9.357
13.5 9.591
13.5 9.657
13.5 9.657
13.5 9.622
13.5 9.664
13.5 9.75
13.5 9.868
13.5 9.769
13.5 9.69
13.5 9.636
13.5 10.047
13.5 9.792
13.5 9.978
13.5 10.076
13.5 10.035
13.5 9.93
13.5 9.916
13.5 9.863
13.5 10.008
13.5 10.007
13.5 10.02
13.5 9.753
13.5 10.016
13.5 9.848
13.5 9.897
13.5 9.954
13.5 9.959
13.5 10.011
13.5 9.851
13.5 9.814
13.5 9.814
13.5 9.793
13.5 9.971
13.5 9.961
13.5 10.113
13.5 9.951
13.5 10.081
13.5 10.007
13.5 9.948
13.5 9.949
13.5 9.835
13.5 10.0
13.5 9.872
13.5 10.011
13.5 10.01
13.5 10.049
13.5 10.083
13.5 10.057
13.5 9.908
13.5 10.104
13.5 9.842
13.5 10.275
13.5 9.97
13.5 10.153
13.5 9.787
13.5 9.978
13.5 9.983
13.5 9.964
13.5 10.18
13.5 9.908
13.5 10.146
13.5 9.976
13.5 9.933
13.5 10.07
13.5 9.906
13.5 9.827
13.5 9.998
13.5 10.044
13.5 10.049
13.5 10.227
13.5 10.031
13.5 9.932
13.5 10.089
13.5 9.918
13.5 10.057
13.5 9.91
13.5 9.977
13.5 9.796
13.5 9.912
13.5 10.046
13.5 10.1
13.5 10.096
13.5 9.975
13.5 9.981
13.5 9.951
13.5 9.897
13.5 10.23
13.5 9.913
13.5 10.15
13.5 9.997
13.5 10.177
13.5 9.946
13.5 10.063
13.5 9.942
13.5 9.995
13.5 9.931
13.5 10.096
13.5 10.127
13.5 10.163
13.5 10.097
13.5 9.97
13.5 10.062
13.5 9.988
13.5 10.031
13.5 9.918
13.5 9.93
13.5 10.138
13.5 9.983
13.5 10.052
13.5 9.997
13.5 9.879
13.5 9.728
13.5 9.782
13.5 9.792
13.5 9.835
13.5 10.032
13.5 9.891
13.5 10.077
13.5 10.078
13.5 9.924
13.5 9.902
13.5 10.034
13.5 10.084
13.5 9.852
13.5 9.971
13.5 10.031
13.5 9.855
13.5 9.754
13.5 9.882
13.5 9.727
13.5 9.827
13.5 9.855
13.5 10.05
13.5 10.1
13.5 9.902
13.5 10.199
13.5 10.069
13.5 9.905
13.5 10.042
13.5 9.849
13.5 9.86
13.5 9.997
13.5 10.038
13.5 10.071
13.5 10.055
13.5 9.805
13.5 9.644
13.5 9.936
13.5 10.059
13.5 10.041
13.5 9.921
13.5 9.949
13.5 10.152
13.5 10.041
13.5 10.038
13.5 9.96
13.5 9.96
13.5 10.101
13.5 10.01
13.5 9.848
13.5 10.046
13.5 10.059
13.5 9.766
13.5 9.977
13.5 9.798
13.5 9.977
13.5 9.551
13.5 9.901
13.5 9.838
13.5 9.988
13.5 10.033
13.5 10.021
13.5 9.974
13.5 9.9
13.5 9.79
13.5 9.853
13.5 10.069
13.5 9.858
13.5 9.829
13.5 9.707
13.5 9.869
13.5 9.924
13.5 10.07
13.5 9.96
13.5 9.986
13.5 10.11
13.5 9.944
13.5 10.071
13.5 9.968
13.5 10.111
13.5 10.0
13.5 9.895
13.5 10.089
13.5 9.955
13.5 9.909
13.5 9.849
13.5 10.046
13.5 10.07
13.5 10.002
13.5 9.876
13.5 10.023
13.5 9.859
13.5 9.881
13.5 9.778
13.5 9.847
13.5 10.03
13.5 10.173
13.5 10.192
13.5 10.081
13.5 10.191
13.5 9.925
13.5 10.066
13.5 9.884
13.5 10.073
13.5 10.074
13.5 9.899
13.5 10.012
13.5 10.065
13.5 10.093
13.5 9.961
13.5 9.941
13.5 10.003
13.5 10.043
13.5 9.797
13.5 9.852
13.5 9.854
13.5 9.91
13.5 9.963
13.5 9.74
13.5 9.926
13.5 9.966
13.5 9.886
13.5 10.06
13.5 10.065
13.5 10.081
13.5 9.976
13.5 9.868
13.5 9.991
13.5 10.217
13.5 9.973
13.5 10.042
13.5 10.147
13.5 9.936
13.5 9.921
13.5 9.939
13.5 9.815
13.5 9.947
13.5 9.782
13.5 9.798
13.5 9.89
13.5 9.824
13.5 9.962
13.5 10.215
13.5 10.02
13.5 10.161
13.5 9.788
13.5 9.833
13.5 10.122
13.5 10.01
13.5 9.974
13.5 10.121
13.5 9.981
13.5 9.736
13.5 10.087
13.5 10.157
13.5 9.879
13.5 10.044
13.5 9.973
13.5 9.977
13.5 9.951
13.5 9.884
13.5 10.03
13.5 10.02
13.5 10.158
13.5 9.79
13.5 9.922
13.5 10.214
13.5 10.028
13.5 9.996
13.5 10.099
13.5 9.976
13.5 9.981
13.5 9.658
13.5 9.942
13.5 9.965
13.5 10.147
13.5 9.91
13.5 9.844
13.5 9.837
13.5 9.99
13.5 10.118
13.5 9.791
13.5 9.942
13.5 9.921
13.5 9.773
13.5 9.641
13.5 9.984
13.5 9.858
13.5 10.103
13.5 10.035
13.5 10.032
13.5 10.031
13.5 9.866
13.5 10.066
13.5 10.128
13.5 9.932
13.5 9.967
13.5 10.029
13.5 9.938
13.5 9.871
13.5 10.008
13.5 9.985
13.5 9.838
13.5 9.96
13.5 9.747
13.5 9.815
13.5 10.031
13.5 10.188
13.5 10.09
13.5 10.073
13.5 10.019
13.5 9.934
13.5 10.078
13.5 10.026
13.5 9.82
13.5 9.994
13.5 10.128
13.5 9.898
13.5 10.049
13.5 10.105
13.5 9.971
13.5 10.009
13.5 10.017
13.5 9.899
13.5 10.014
13.5 10.117
13.5 9.779
13.5 10.02
13.5 10.049
13.5 10.14
13.5 10.102
13.5 10.03
13.5 9.955
13.5 9.929
13.5 10.049
13.5 9.964
13.5 9.924
13.5 9.815
13.5 10.045
13.5 10.008
13.5 10.006
13.5 10.02
13.5 10.046
13.5 9.972
13.5 10.057
13.5 10.132
13.5 10.071
13.5 9.844
13.5 10.094
13.5 10.183
13.5 9.959
13.5 10.068
13.5 9.763
13.5 9.995
13.5 9.854
13.5 10.01
13.5 10.041
13.5 9.769
13.5 9.946
13.5 9.811
13.5 10.095
13.5 10.052
13.5 9.929
13.5 9.847
13.5 9.885
13.5 10.032
13.5 9.98
13.5 9.971
13.5 10.061
13.5 10.009
13.5 10.045
13.5 9.966
13.5 9.962
13.5 9.883
13.5 10.028
13.5 9.96
13.5 10.192
13.5 9.633
13.5 9.903
13.5 10.012
13.5 10.021
13.5 9.957
13.5 9.877
13.5 9.922
13.5 10.11
13.5 9.979
13.5 9.901
13.5 10.11
13.5 10.096
13.5 10.071
13.5 9.726
13.5 10.141
13.5 9.884
13.5 10.114
13.5 10.003
13.5 10.19
13.5 10.295
13.5 9.933
13.5 10.058
13.5 9.907
13.5 9.705
13.5 9.846
13.5 9.999
13.5 10.118
13.5 10.132
13.5 10.014
13.5 10.067
13.5 10.08
13.5 9.828
13.5 9.853
13.5 9.856
13.5 9.972
13.5 9.976
13.5 9.612
13.5 9.76
13.5 9.776
13.5 9.864
13.5 9.695
13.5 9.937
13.5 9.826
13.5 9.934
13.5 9.848
13.5 9.737
13.5 9.719
13.5 9.968
13.5 9.866
13.5 10.159
13.5 9.964
13.5 9.967
13.5 10.0
13.5 9.849
13.5 10.202
13.5 10.064
13.5 9.958
13.5 10.024
13.5 9.785
13.5 9.848
13.5 10.035
13.5 9.703
13.5 9.921
13.5 9.919
13.5 9.73
13.5 9.838
13.5 9.924
13.5 9.858
13.5 10.138
13.5 10.069
13.5 9.997
13.5 9.862
13.5 9.844
13.5 9.869
13.5 10.045
13.5 10.027
13.5 9.945
13.5 9.963
13.5 9.794
13.5 9.882
13.5 10.161
13.5 10.201
13.5 10.17
13.5 10.051
13.5 9.849
13.5 9.971
13.5 10.151
13.5 10.054
13.5 10.221
13.5 10.04
13.5 9.882
13.5 9.834
13.5 10.043
13.5 9.995
13.5 9.789
13.5 9.859
13.5 9.818
13.5 9.982
13.5 9.799
13.5 10.181
13.5 9.987
13.5 9.919
13.5 9.96
13.5 10.165
13.5 9.938
500
12.0 3.918
12.5 7.457
12.5 8.247
12.5 8.576
12.5 8.898
13.0 8.725
13.0 9.296
13.0 9.356
13.5 9.395
13.5 9.239
13.5 9.391
13.5 9.497
13.5 9.492
13.5 9.601
13.5 9.532
13.5 9.723
13.5 9.593
13.5 9.829
13.5 9.697
13.5 9.688
13.5 9.655
13.5 9.471
13.5 9.579
13.5 9.656
13.5 9.731
13.5 9.968
13.5 9.806
13.5 9.78
13.5 9.795
13.5 9.975
13.5 10.068
13.5 9.999
13.5 9.903
13.5 9.77
13.5 9.779
13.5 9.913
13.5 9.899
13.5 9.916
13.5 9.701
13.5 10.031
13.5 9.81
13.5 10.049
13.5 9.975
13.5 10.004
13.5 10.092
13.5 10.147
13.5 10.13
13.5 10.026
13.5 10.0
13.5 9.92
13.5 9.975
13.5 10.122
13.5 9.953
13.5 9.827
13.5 9.899
13.5 9.768
13.5 9.753
13.5 9.835
13.5 10.066
13.5 10.035
13.5 9.931
13.5 9.92
13.5 9.959
13.5 9.899
13.5 9.844
13.5 10.127
13.5 10.022
13.5 9.976
13.5 9.733
13.5 9.906
13.5 9.845
13.5 10.04
13.5 10.009
13.5 9.737
13.5 9.916
13.5 9.694
13.5 9.777
13.5 9.985
13.5 9.9
13.5 9.967
13.5 9.687
13.5 10.046
13.5 9.96
13.5 9.9
13.5 9.892
13.5 9.764
13.5 9.831
13.5 9.997
13.5 9.883
13.5 9.972
13.5 10.1
13.5 10.146
13.5 9.962
13.5 9.867
13.5 9.841
13.5 10.115
13.5 9.907
13.5 9.945
13.5 9.825
13.5 9.968
13.5 10.0
13.5 9.947
13.5 10.09
13.5 9.944
13.5 10.091
13.5 9.894
13.5 9.888
13.5 9.766
13.5 9.642
13.5 10.079
13.5 9.885
13.5 9.848
13.5 9.988
13.5 9.896
13.5 10.089
13.5 9.891
13.5 9.871
13.5 9.682
13.5 9.763
13.5 9.929
13.5 9.826
13.5 9.732
13.5 9.625
13.5 9.656
13.5 9.75
13.5 9.962
13.5 9.919
13.5 9.917
13.5 10.027
13.5 9.76
13.5 9.77
13.5 10.004
13.5 9.955
13.5 9.963
13.5 9.867
13.5 9.91
13.5 9.864
13.5 9.72
13.5 10.008
13.5 9.897
13.5 9.794
13.5 9.796
13.5 9.852
13.5 9.934
13.5 9.87
13.5 9.765
13.5 9.847
13.5 10.067
13.5 10.159
13.5 9.941
13.5 9.947
13.5 9.949
13.5 9.769
13.5 9.787
13.5 9.646
13.5 9.968
13.5 9.838
13.5 9.698
13.5 10.007
13.5 9.987
13.5 9.778
13.5 9.942
13.5 10.007
13.5 9.895
13.5 9.868
13.5 9.875
13.5 10.099
13.5 9.975
13.5 9.936
13.5 10.15
13.5 9.769
13.5 9.989
13.5 9.899
13.5 9.996
13.5 10.063
13.5 9.977
13.5 9.843
13.5 10.05
13.5 9.847
13.5 9.921
13.5 9.927
13.5 9.909
13.5 9.884
13.5 9.794
13.5 9.882
13.5 9.911
13.5 9.758
13.5 9.914
13.5 10.157
13.5 10.03
13.5 10.036
13.5 9.928
13.5 9.805
13.5 9.695
13.5 9.971
13.5 9.635
13.5 9.686
13.5 10.026
13.5 9.813
13.5 9.832
13.5 9.689
13.5 9.813
13.5 9.846
13.5 9.85
13.5 10.024
13.5 10.039
13.5 9.827
13.5 9.885
13.5 9.978
13.5 9.869
13.5 10.011
13.5 10.02
13.5 10.034
13.5 10.102
13.5 9.861
13.5 10.219
13.5 9.956
13.5 10.031
13.5 10.045
13.5 9.942
13.5 10.099
13.5 10.05
13.5 9.957
13.5 10.053
13.5 10.183
13.5 9.983
13.5 10.012
13.5 9.942
13.5 9.852
13.5 9.921
13.5 9.973
13.5 9.827
13.5 9.825
13.5 10.028
13.5 9.854
13.5 9.793
13.5 9.839
13.5 10.079
13.5 10.11
13.5 10.198
13.5 10.082
13.5 9.992
13.5 10.043
13.5 9.779
13.5 9.933
13.5 9.701
13.5 9.759
13.5 9.812
13.5 10.026
13.5 9.776
13.5 9.889
13.5 9.963
13.5 10.06
13.5 10.128
13.5 10.122
13.5 10.054
13.5 9.965
13.5 10.092
13.5 10.08
13.5 9.972
13.5 10.178
13.5 10.128
13.5 9.921
13.5 9.774
13.5 10.032
13.5 10.091
13.5 9.987
13.5 9.939
13.5 10.127
13.5 9.994
13.5 10.051
13.5 9.974
13.5 9.882
13.5 9.9
13.5 10.006
13.5 9.906
13.5 9.948
13.5 9.788
13.5 9.646
13.5 9.977
13.5 10.13
13.5 10.002
13.5 10.002
13.5 9.96
13.5 10.039
13.5 9.954
13.5 9.921
13.5 10.081
13.5 10.005
13.5 10.151
13.5 9.951
13.5 10.111
13.5 9.852
13.5 9.897
13.5 9.913
13.5 9.913
13.5 10.168
13.5 10.161
13.5 9.829
13.5 9.742
13.5 10.0
13.5 9.998
13.5 9.963
13.5 9.98
13.5 9.869
13.5 9.842
13.5 9.848
13.5 9.827
13.5 9.99
13.5 9.934
13.5 9.893
13.5 9.958
13.5 9.741
13.5 9.957
13.5 9.898
13.5 9.746
13.5 9.888
13.5 9.965
13.5 9.828
13.5 9.823
13.5 9.884
13.5 9.984
13.5 9.894
13.5 9.884
13.5 9.939
13.5 9.858
13.5 9.996
13.5 10.03
13.5 10.018
13.5 10.11
13.5 10.011
13.5 10.144
13.5 9.888
13.5 9.831
13.5 9.966
13.5 9.797
13.5 10.004
13.5 9.95
13.5 9.896
13.5 9.81
13.5 10.094
13.5 9.881
13.5 9.779
13.5 9.938
13.5 10.017
13.5 10.112
13.5 10.057
13.5 9.958
13.5 9.985
13.5 9.91
13.5 9.68
13.5 9.695
13.5 9.822
13.5 9.827
13.5 9.945
13.5 10.008
13.5 9.829
13.5 9.907
13.5 9.841
13.5 9.715
13.5 9.987
13.5 9.631
13.5 9.746
13.5 9.768
13.5 9.871
13.5 9.935
13.5 9.993
13.5 9.872
13.5 9.935
13.5 10.084
13.5 9.908
13.5 9.911
13.5 9.78
13.5 9.884
13.5 10.031
13.5 9.922
13.5 9.99
13.5 10.099
13.5 10.176
13.5 10.005
13.5 9.869
13.5 10.039
13.5 9.97
13.5 9.845
13.5 9.87
13.5 9.831
13.5 9.935
13.5 10.006
13.5 9.848
13.5 10.037
13.5 10.035
13.5 9.88
13.5 9.929
13.5 9.772
13.5 9.753
13.5 10.072
13.5 9.828
13.5 9.872
13.5 9.961
13.5 10.061
13.5 10.062
13.5 10.112
13.5 9.986
13.5 9.839
13.5 9.865
13.5 9.903
13.5 10.061
13.5 9.822
13.5 10.002
13.5 10.325
13.5 10.07
13.5 9.852
13.5 10.257
13.5 10.066
13.5 10.052
13.5 9.982
13.5 9.857
13.5 10.055
13.5 10.087
13.5 10.068
13.5 10.119
13.5 9.845
13.5 10.038
13.5 10.037
13.5 9.95
13.5 9.991
13.5 9.838
13.5 9.852
13.5 9.995
13.5 9.826
13.5 9.848
13.5 9.798
13.5 9.657
13.5 10.07
13.5 9.899
13.5 10.136
13.5 9.986
13.5 10.125
13.5 9.982
13.5 10.088
13.5 10.077
13.5 9.879
13.5 10.034
13.5 9.994
13.5 9.937
13.5 10.014
13.5 9.988
13.5 10.05
13.5 9.891
13.5 10.014
13.5 9.767
13.5 9.889
13.5 10.022
13.5 10.044
13.5 9.772
13.5 9.868
13.5 9.577
13.5 9.8
13.5 9.827
13.5 9.734
13.5 9.774
13.5 9.888
13.5 10.079
13.5 10.016
13.5 9.749
13.5 9.79
13.5 10.051
13.5 10.093
13.5 9.952
13.5 9.746
13.5 9.928
13.5 9.816
13.5 9.855
13.5 9.936
13.5 9.944
13.5 9.689
13.5 9.734
13.5 9.636
13.5 9.847
13.5 10.025
13.5 10.169
13.5 10.12
13.5 9.987
13.5 9.881
13.5 9.774
13.5 9.714
13.5 9.916
13.5 9.902
13.5 9.876
13.5 10.114
13.5 9.918
13.5 9.899
13.5 9.969
13.5 9.768
13.5 9.831
13.5 9.987
13.5 9.675
13.5 9.842
13.5 9.944
13.5 9.878
500
11.0 3.689
12.0 7.236
12.5 8.064
12.5 8.697
13.0 8.999
13.0 8.87
13.0 9.198
13.0 9.086
13.0 9.35
13.0 9.595
13.0 9.305
13.0 9.622
13.0 9.618
13.0 9.493
13.0 9.68
13.0 9.543
13.0 9.597
13.0 9.728
13.0 9.546
13.0 9.445
13.0 9.643
13.0 9.576
13.0 9.478
13.0 9.618
13.0 9.558
13.0 9.655
13.0 9.812
13.0 9.523
13.0 9.739
13.0 9.736
13.0 9.553
13.0 9.425
13.0 9.687
13.0 9.705
13.0 9.749
13.5 9.623
13.5 9.79
13.5 9.644
13.5 9.502
13.5 9.827
13.5 9.731
13.5 9.649
13.5 9.779
13.5 9.642
13.5 9.686
13.5 9.575
13.5 9.652
13.5 9.919
13.5 10.121
13.5 9.883
13.5 10.069
13.5 10.046
13.5 9.894
13.5 10.136
13.5 10.141
13.5 10.154
13.5 10.114
13.5 10.018
13.5 9.773
13.5 9.999
13.5 9.979
13.5 9.754
13.5 9.904
13.5 9.879
13.5 9.862
13.5 10.038
13.5 10.042
13.5 9.926
13.5 10.056
13.5 10.027
13.5 10.086
13.5 9.844
13.5 9.896
13.5 9.986
13.5 10.12
13.5 10.045
13.5 9.967
13.5 10.009
13.5 10.101
13.5 10.037
13.5 10.116
13.5 10.073
13.5 9.972
13.5 10.01
13.5 9.993
13.5 10.12
13.5 10.124
13.5 10.21
13.5 9.98
13.5 10.012
13.5 9.638
13.5 10.121
13.5 10.09
13.5 10.18
13.5 10.193
13.5 10.047
13.5 10.226
13.5 9.961
13.5 9.962
13.5 9.804
13.5 9.925
13.5 9.803
13.5 10.152
13.5 9.969
13.5 9.935
13.5 9.987
13.5 9.998
13.5 10.026
13.5 9.851
13.5 9.889
13.5 9.687
13.5 9.809
13.5 9.752
13.5 9.934
13.5 9.662
13.5 9.705
13.5 9.812
13.5 9.826
13.5 9.844
13.5 9.932
13.5 10.16
13.5 9.709
13.5 9.795
13.5 9.888
13.5 9.894
13.5 10.049
13.5 10.038
13.5 10.156
13.5 9.909
13.5 10.109
13.5 10.081
13.5 9.991
13.5 10.132
13.5 9.832
13.5 9.883
13.5 10.014
13.5 10.069
13.5 9.937
13.5 9.688
13.5 9.847
13.5 10.042
13.5 9.984
13.5 10.01
13.5 9.931
13.5 9.813
13.5 10.111
13.5 10.01
13.5 10.019
13.5 10.076
13.5 9.84
13.5 9.889
13.5 9.885
13.5 9.852
13.5 9.912
13.5 10.03
13.5 9.946
13.5 9.938
13.5 10.025
13.5 9.829
13.5 9.929
13.5 9.9
13.5 9.978
13.5 10.074
13.5 9.823
13.5 9.833
13.5 9.805
13.5 10.005
13.5 9.974
13.5 9.922
13.5 9.929
13.5 9.747
13.5 9.881
13.5 9.928
13.5 10.041
13.5 9.945
13.5 10.085
13.5 10.095
13.5 9.898
13.5 9.939
13.5 10.044
13.5 9.92
13.5 9.89
13.5 10.033
13.5 9.911
13.5 9.91
13.5 9.959
13.5 9.909
13.5 10.159
13.5 9.994
13.5 9.97
13.5 10.132
13.5 10.083
13.5 9.993
13.5 10.083
13.5 10.046
13.5 9.836
13.5 9.866
13.5 9.916
13.5 9.967
13.5 9.872
13.5 10.058
13.5 9.891
13.5 9.849
13.5 9.754
13.5 9.818
13.5 9.657
13.5 9.971
13.5 9.725
13.5 9.725
13.5 9.966
13.5 9.779
13.5 9.88
13.5 9.743
13.5 9.761
13.5 9.945
13.5 9.817
13.5 9.923
13.5 9.963
13.5 9.849
13.5 9.92
13.5 10.01
13.5 9.995
13.5 10.035
13.5 9.993
13.5 9.893
13.5 10.201
13.5 10.155
13.5 10.095
13.5 10.101
13.5 9.851
13.5 9.646
13.5 9.921
13.5 10.064
13.5 10.055
13.5 10.104
13.5 9.936
13.5 9.834
13.5 9.81
13.5 10.079
13.5 9.96
13.5 9.846
13.5 10.057
13.5 10.151
13.5 10.356
13.5 10.183
13.5 9.952
13.5 9.946
13.5 10.156
13.5 10.084
13.5 10.023
13.5 9.975
13.5 9.988
13.5 10.311
13.5 10.005
13.5 10.049
13.5 10.063
13.5 9.927
13.5 9.835
13.5 9.896
13.5 9.773
13.5 9.8
13.5 9.964
13.5 9.853
13.5 9.81
13.5 9.93
13.5 10.065
13.5 9.89
13.5 10.138
13.5 10.361
13.5 9.867
13.5 10.014
13.5 10.05
13.5 9.799
13.5 9.962
13.5 10.104
13.5 9.913
13.5 9.88
13.5 9.661
13.5 9.96
13.5 9.798
13.5 9.73
13.5 9.922
13.5 10.123
13.5 10.046
13.5 9.89
13.5 10.0
13.5 9.853
13.5 9.83
13.5 9.995
13.5 9.994
13.5 10.125
13.5 9.96
13.5 9.924
13.5 9.978
13.5 10.027
13.5 10.045
13.5 9.939
13.5 9.909
13.5 9.915
13.5 10.024
13.5 10.262
13.5 9.839
13.5 9.913
13.5 10.076
13.5 10.011
13.5 9.979
13.5 9.982
13.5 9.898
13.5 9.989
13.5 9.878
13.5 9.842
13.5 9.818
13.5 9.79
13.5 9.687
13.5 9.827
13.5 9.825
13.5 9.987
13.5 10.011
13.5 9.845
13.5 10.033
13.5 9.729
13.5 10.193
13.5 10.025
13.5 9.971
13.5 10.085
13.5 10.005
13.5 9.945
13.5 9.912
13.5 9.962
13.5 10.001
13.5 9.873
13.5 10.248
13.5 9.804
13.5 10.052
13.5 9.987
13.5 10.151
13.5 10.361
13.5 10.192
13.5 10.1
13.5 10.013
13.5 10.133
13.5 10.062
13.5 9.966
13.5 10.015
13.5 10.025
13.5 9.909
13.5 9.961
13.5 9.891
13.5 10.115
13.5 10.131
13.5 10.027
13.5 10.033
13.5 10.203
13.5 9.955
13.5 10.001
13.5 9.998
13.5 9.833
13.5 9.914
13.5 9.9
13.5 9.741
13.5 9.84
13.5 9.917
13.5 9.991
13.5 9.829
13.5 9.708
13.5 9.95
13.5 10.026
13.5 10.007
13.5 9.83
13.5 10.1
13.5 10.06
13.5 9.982
13.5 9.876
13.5 9.889
13.5 9.783
13.5 9.963
13.5 9.819
13.5 9.922
13.5 9.866
13.5 9.862
13.5 9.854
13.5 9.883
13.5 9.954
13.5 9.893
13.5 10.061
13.5 9.987
13.5 10.006
13.5 10.047
13.5 9.958
13.5 9.97
13.5 9.821
13.5 9.891
13.5 9.981
13.5 10.201
13.5 9.966
13.5 10.166
13.5 9.887
13.5 10.031
13.5 10.076
13.5 10.208
13.5 9.969
13.5 9.948
13.5 9.977
13.5 10.0
13.5 9.64
13.5 9.94
13.5 10.042
13.5 10.139
13.5 9.969
13.5 10.02
13.5 10.073
13.5 10.111
13.5 10.249
13.5 9.781
13.5 9.763
13.5 9.89
13.5 10.106
13.5 10.262
13.5 10.001
13.5 9.891
13.5 9.988
13.5 10.149
13.5 9.827
13.5 9.948
13.5 9.895
13.5 9.952
13.5 9.85
13.5 10.102
13.5 9.947
13.5 9.817
13.5 10.028
13.5 10.033
13.5 9.761
13.5 9.761
13.5 9.871
13.5 9.79
13.5 9.985
13.5 10.062
13.5 9.968
13.5 9.899
13.5 10.082
13.5 10.0
13.5 10.001
13.5 9.976
13.5 10.143
13.5 10.052
13.5 9.993
13.5 10.102
13.5 9.945
13.5 9.817
13.5 10.004
13.5 9.934
13.5 9.901
13.5 10.156
13.5 9.922
13.5 9.983
13.5 10.114
13.5 9.962
13.5 9.747
13.5 9.865
13.5 9.941
13.5 9.968
13.5 9.972
13.5 9.856
13.5 9.846
13.5 10.015
13.5 10.172
13.5 10.05
13.5 10.031
13.5 9.889
13.5 10.265
13.5 10.073
13.5 10.024
13.5 9.835
13.5 9.797
13.5 9.934
13.5 9.939
13.5 10.025
13.5 9.936
13.5 9.837
13.5 10.171
13.5 10.09
13.5 10.005
13.5 10.063
13.5 9.955
13.5 10.003
13.5 9.848
13.5 10.012
13.5 9.915
13.5 10.028
13.5 10.04
13.5 10.033
13.5 9.945
13.5 9.854
13.5 9.897
13.5 9.904
13.5 9.94
13.5 9.848
13.5 10.03
13.5 10.14
500
11.0 3.449
12.0 7.298
12.5 8.338
13.0 8.804
13.0 9.136
13.0 9.351
13.0 9.57
13.0 9.512
13.0 9.919
13.0 9.721
13.0 9.681
13.0 9.555
13.0 9.591
13.5 9.791
13.5 9.923
13.5 9.697
13.5 9.565
13.5 9.662
13.5 9.825
13.5 9.747
13.5 9.788
13.5 9.885
13.5 9.87
13.5 9.67
13.5 9.491
13.5 9.691
13.5 9.738
13.5 9.786
13.5 9.631
13.5 9.654
13.5 9.547
13.5 9.71
13.5 9.601
13.5 9.573
13.5 9.706
13.5 9.755
13.5 9.564
13.5 9.716
13.5 9.806
13.5 9.744
13.5 9.599
13.5 9.732
13.5 9.68
13.5 9.652
13.5 9.741
13.5 9.939
13.5 9.782
13.5 9.741
13.5 9.836
13.5 9.817
13.5 9.609
13.5 9.743
13.5 9.695
13.5 9.798
13.5 9.691
13.5 9.83
13.5 9.717
13.5 9.551
13.5 9.617
13.5 9.469
13.5 9.801
13.5 9.745
13.5 9.793
13.5 9.688
13.5 9.75
13.5 9.85
13.5 9.647
13.5 9.676
13.5 9.667
13.5 9.781
13.5 9.59
13.5 9.768
13.5 9.848
13.5 9.668
13.5 9.723
13.5 9.647
13.5 9.706
13.5 9.629
13.5 9.578
13.5 9.654
13.5 9.812
13.5 9.662
13.5 9.528
13.5 9.702
13.5 9.633
13.5 9.734
13.5 9.781
13.5 9.667
13.5 9.772
13.5 9.777
13.5 9.691
13.5 9.702
13.5 9.772
13.5 9.61
13.5 9.863
13.5 9.703
13.5 9.7
13.5 9.495
13.5 9.674
13.5 9.548
13.5 9.396
13.5 9.795
13.5 9.712
13.5 9.574
13.5 9.792
13.5 9.676
13.5 9.74
13.5 9.67
13.5 9.55
13.5 9.671
13.5 9.524
13.5 9.59
13.5 9.888
13.5 9.6
13.5 9.709
13.5 9.811
13.5 9.76
13.5 9.76
13.5 9.686
13.5 9.711
13.5 9.817
13.5 9.684
13.5 9.647
13.5 9.692
13.5 9.62
13.5 9.627
13.5 9.755
13.5 9.513
13.5 9.667
13.5 9.457
13.5 9.38
13.5 9.681
13.5 9.85
13.5 9.769
13.5 9.769
13.5 9.572
13.5 9.738
13.5 9.644
13.5 9.569
13.5 9.596
13.5 9.555
13.5 9.621
13.5 9.686
13.5 9.713
13.5 9.532
13.5 9.884
13.5 9.839
13.5 9.657
13.5 9.368
13.5 9.407
13.5 9.844
13.5 9.613
13.5 9.665
13.5 9.685
13.5 9.823
13.5 9.739
13.5 9.355
13.5 9.825
13.5 9.654
13.5 9.696
13.5 9.785
13.5 9.737
13.5 9.922
13.5 9.897
13.5 9.674
13.5 9.601
13.5 9.633
13.5 9.452
13.5 9.61
13.5 9.659
13.5 9.503
13.5 9.716
13.5 9.831
13.5 9.72
13.5 9.671
13.5 9.744
13.5 9.537
13.5 9.619
13.5 9.614
13.5 9.62
13.5 9.496
13.5 9.744
13.5 9.751
13.5 9.8
13.5 9.815
13.5 9.963
13.5 9.751
13.5 9.559
13.5 9.729
13.5 9.588
13.5 9.566
13.5 9.621
13.5 9.586
13.5 9.64
13.5 9.571
13.5 9.613
13.5 9.707
13.5 9.567
13.5 9.739
13.5 9.657
13.5 9.483
13.5 9.629
13.5 9.761
13.5 9.874
13.5 9.614
13.5 9.677
13.5 9.625
13.5 9.571
13.5 9.602
13.5 9.802
13.5 9.775
13.5 9.701
13.5 9.692
13.5 9.588
13.5 9.676
13.5 9.73
13.5 9.763
13.5 9.905
13.5 9.508
13.5 9.681
13.5 9.746
13.5 9.675
13.5 9.758
13.5 9.733
13.5 9.6
13.5 9.612
13.5 9.768
13.5 9.642
13.5 9.699
13.5 9.768
13.5 9.672
13.5 9.728
13.5 9.759
13.5 9.665
13.5 9.815
13.5 9.888
13.5 9.652
13.5 9.863
13.5 9.954
13.5 9.696
13.5 9.569
13.5 9.675
13.5 9.696
13.5 9.708
13.5 9.557
13.5 9.8
13.5 9.616
13.5 9.746
13.5 9.839
13.5 9.776
13.5 9.738
13.5 9.493
13.5 9.546
13.5 9.702
13.5 9.659
13.5 9.822
13.5 9.613
13.5 9.627
13.5 9.777
13.5 9.591
13.5 9.701
13.5 9.663
13.5 9.687
13.5 9.693
13.5 9.626
13.5 9.934
13.5 9.964
13.5 9.661
13.5 9.688
13.5 9.874
13.5 9.596
13.5 9.46
13.5 9.608
13.5 9.672
13.5 9.684
13.5 9.574
13.5 9.788
13.5 9.753
13.5 9.996
13.5 9.563
13.5 9.787
13.5 9.777
13.5 9.792
13.5 9.759
13.5 9.79
13.5 9.71
13.5 9.793
13.5 9.754
13.5 9.654
13.5 9.828
13.5 9.738
13.5 9.722
13.5 9.471
13.5 9.468
13.5 9.546
13.5 9.632
13.5 9.655
13.5 9.813
13.5 9.83
13.5 9.827
13.5 9.719
13.5 9.847
13.5 9.805
13.5 9.606
13.5 9.578
13.5 9.66
13.5 9.821
13.5 9.59
13.5 9.593
13.5 9.715
13.5 9.744
13.5 9.778
13.5 9.577
13.5 9.651
13.5 9.697
13.5 9.703
13.5 9.737
13.5 9.762
13.5 9.594
13.5 9.792
13.5 9.63
13.5 9.775
13.5 9.734
13.5 9.558
13.5 9.837
13.5 9.861
13.5 9.7
13.5 9.733
13.5 9.579
13.5 9.602
13.5 9.508
13.5 9.673
13.5 9.667
13.5 9.694
13.5 9.764
13.5 9.55
13.5 9.746
13.5 9.829
13.5 9.738
13.5 9.535
13.5 9.687
13.5 9.744
13.5 9.725
13.5 9.606
13.5 9.661
13.5 9.626
13.5 9.669
13.5 9.758
13.5 9.841
13.5 9.642
13.5 9.651
13.5 9.567
13.5 9.827
13.5 9.698
13.5 9.68
13.5 9.655
13.5 9.519
13.5 9.74
13.5 9.73
13.5 9.534
13.5 9.589
13.5 9.496
13.5 9.802
13.5 9.7
13.5 9.699
13.5 9.875
13.5 9.8
13.5 9.54
13.5 9.478
13.5 9.49
13.5 9.638
13.5 9.644
13.5 9.745
13.5 9.804
13.5 9.975
13.5 9.527
13.5 9.857
13.5 9.712
13.5 9.573
13.5 9.595
13.5 9.652
13.5 9.785
13.5 9.652
13.5 9.622
13.5 9.557
13.5 9.572
13.5 9.699
13.5 9.658
13.5 9.775
13.5 9.56
13.5 9.706
13.5 9.682
13.5 9.746
13.5 9.622
13.5 9.578
13.5 9.569
13.5 9.655
13.5 9.7
13.5 9.773
13.5 9.771
13.5 9.548
13.5 9.837
13.5 9.606
13.5 9.795
13.5 9.828
13.5 9.904
13.5 9.929
13.5 9.827
13.5 9.803
13.5 9.744
13.5 9.793
13.5 9.802
13.5 9.88
13.5 9.732
13.5 9.674
13.5 9.835
13.5 9.706
13.5 9.796
13.5 9.764
13.5 9.898
13.5 9.724
13.5 9.743
13.5 9.655
13.5 9.343
13.5 9.93
13.5 9.762
13.5 9.438
13.5 9.547
13.5 9.529
13.5 9.669
13.5 9.696
13.5 9.589
13.5 9.516
13.5 9.726
13.5 9.732
13.5 9.836
13.5 9.778
13.5 9.946
13.5 9.818
13.5 9.669
13.5 9.729
13.5 9.609
13.5 9.607
13.5 9.458
13.5 9.602
13.5 9.771
13.5 9.664
13.5 9.601
13.5 9.682
13.5 9.709
13.5 9.638
13.5 9.506
13.5 9.475
13.5 9.406
13.5 9.451
13.5 9.583
13.5 9.707
13.5 9.713
13.5 9.762
13.5 9.917
13.5 9.79
13.5 9.577
13.5 9.662
13.5 9.746
13.5 9.658
13.5 9.714
13.5 9.81
13.5 9.782
13.5 9.875
13.5 9.792
13.5 9.664
13.5 9.544
13.5 9.706
13.5 9.915
13.5 9.862
13.5 9.855
13.5 9.368
13.5 9.622
13.5 9.594
13.5 9.648
13.5 9.469
13.5 9.614
13.5 9.522
13.5 9.431
13.5 9.585
13.5 9.589
13.5 9.641
13.5 9.628
13.5 9.566
13.5 9.713
13.5 9.791
13.5 9.771
13.5 9.65
13.5 9.736
13.5 9.778
13.5 9.857
13.5 9.649
13.5 9.594
13.5 9.656
13.5 9.68
500
11.5 3.434
12.5 7.29
12.5 8.266
12.5 8.443
12.5 8.684
13.5 9.057
13.5 9.366
13.5 9.378
13.5 9.55
13.5 9.597
13.5 9.578
13.5 9.556
13.5 9.886
13.5 9.56
13.5 9.825
13.5 9.813
13.5 9.899
13.5 9.75
13.5 9.952
13.5 10.059
13.5 9.949
13.5 9.855
13.5 9.791
13.5 10.052
13.5 9.862
13.5 9.89
13.5 9.996
13.5 9.813
13.5 9.88
13.5 10.08
13.5 10.106
13.5 10.12
13.5 10.081
13.5 10.004
13.5 9.846
13.5 10.072
13.5 10.097
13.5 9.904
13.5 10.009
13.5 10.184
13.5 10.203
13.5 10.071
13.5 10.142
13.5 10.15
13.5 10.268
13.5 10.099
13.5 9.947
13.5 9.654
13.5 9.745
13.5 9.791
13.5 9.932
13.5 9.621
13.5 9.813
13.5 9.992
13.5 10.113
13.5 9.759
13.5 9.952
13.5 9.859
13.5 9.659
13.5 9.8
13.5 9.627
13.5 9.926
13.5 10.024
13.5 10.109
13.5 9.952
13.5 9.757
13.5 10.008
13.5 9.85
13.5 9.857
13.5 10.025
13.5 10.048
13.5 9.912
13.5 10.143
13.5 10.154
13.5 10.139
13.5 10.001
13.5 10.078
13.5 10.194
13.5 10.189
13.5 10.025
13.5 10.048
13.5 10.162
13.5 10.05
13.5 9.867
13.5 10.037
13.5 10.005
13.5 9.955
13.5 9.846
13.5 9.783
13.5 9.86
13.5 9.946
13.5 10.094
13.5 9.888
13.5 10.097
13.5 9.953
13.5 9.952
13.5 9.947
13.5 10.125
13.5 9.755
13.5 9.932
13.5 9.802
13.5 9.735
13.5 9.885
13.5 9.88
13.5 9.909
13.5 9.965
13.5 9.842
13.5 10.035
13.5 9.867
13.5 10.015
13.5 9.91
13.5 9.904
13.5 9.959
13.5 10.026
13.5 9.992
13.5 9.9
13.5 10.104
13.5 9.981
13.5 10.03
13.5 10.059
13.5 10.197
13.5 9.968
13.5 10.016
13.5 9.855
13.5 9.972
13.5 10.023
13.5 10.039
13.5 10.079
13.5 9.944
13.5 10.084
13.5 10.132
13.5 9.91
13.5 10.109
13.5 10.115
13.5 9.888
13.5 10.048
13.5 9.995
13.5 10.121
13.5 9.908
13.5 9.893
13.5 9.909
13.5 10.091
13.5 10.208
13.5 9.97
13.5 9.85
13.5 10.075
13.5 9.904
13.5 9.933
13.5 9.97
13.5 10.15
13.5 9.795
13.5 9.884
13.5 9.975
13.5 10.125
13.5 10.22
13.5 10.081
13.5 9.772
13.5 10.114
13.5 10.078
13.5 10.014
13.5 9.893
13.5 9.989
13.5 10.02
13.5 9.946
13.5 10.14
13.5 9.921
13.5 9.775
13.5 9.94
13.5 9.822
13.5 10.006
13.5 10.031
13.5 9.85
13.5 9.876
13.5 9.982
13.5 9.85
13.5 9.929
13.5 9.922
13.5 10.082
13.5 10.031
13.5 10.197
13.5 10.24
13.5 9.949
13.5 10.188
13.5 10.101
13.5 9.918
13.5 10.083
13.5 10.022
13.5 9.96
13.5 10.129
13.5 10.059
13.5 10.101
13.5 9.932
13.5 10.181
13.5 9.999
13.5 10.028
13.5 9.986
13.5 9.788
13.5 10.057
13.5 9.917
13.5 10.068
13.5 10.048
13.5 9.922
13.5 9.758
13.5 9.883
13.5 9.883
13.5 9.95
13.5 10.1
13.5 10.144
13.5 9.971
13.5 10.089
13.5 10.03
13.5 9.922
13.5 9.971
13.5 9.897
13.5 9.825
13.5 10.078
13.5 10.168
13.5 10.072
13.5 9.946
13.5 10.033
13.5 9.933
13.5 9.991
13.5 9.852
13.5 9.868
13.5 9.854
13.5 10.041
13.5 9.964
13.5 9.887
13.5 9.928
13.5 9.816
13.5 9.901
13.5 10.116
13.5 10.067
13.5 9.955
13.5 9.873
13.5 10.035
13.5 9.777
13.5 9.85
13.5 10.033
13.5 10.161
13.5 10.061
13.5 10.232
13.5 10.161
13.5 10.207
13.5 9.997
13.5 10.061
13.5 10.09
13.5 10.186
13.5 10.142
13.5 9.778
13.5 10.07
13.5 9.864
13.5 9.896
13.5 9.947
13.5 9.805
13.5 9.885
13.5 9.935
13.5 10.135
13.5 9.86
13.5 9.778
13.5 9.917
13.5 9.928
13.5 9.891
13.5 9.908
13.5 9.636
13.5 9.687
13.5 9.933
13.5 9.93
13.5 9.809
13.5 10.109
13.5 9.906
13.5 9.827
13.5 10.013
13.5 10.011
13.5 10.058
13.5 10.048
13.5 9.857
13.5 10.136
13.5 9.975
13.5 10.04
13.5 10.162
13.5 9.892
13.5 9.941
13.5 9.836
13.5 9.992
13.5 9.86
13.5 9.9
13.5 9.867
13.5 9.817
13.5 9.895
13.5 9.766
13.5 9.786
13.5 9.998
13.5 9.795
13.5 9.969
13.5 9.86
13.5 9.823
13.5 9.796
13.5 9.762
13.5 9.839
13.5 9.882
13.5 9.8
13.5 9.921
13.5 10.031
13.5 10.005
13.5 9.921
13.5 9.821
13.5 10.021
13.5 9.731
13.5 9.972
13.5 9.927
13.5 9.947
13.5 9.83
13.5 9.783
13.5 9.732
13.5 9.867
13.5 10.071
13.5 9.861
13.5 10.002
13.5 9.859
13.5 9.751
13.5 9.859
13.5 10.213
13.5 9.921
13.5 9.932
13.5 9.901
13.5 10.009
13.5 10.186
13.5 9.858
13.5 10.201
13.5 9.919
13.5 9.945
13.5 10.085
13.5 9.874
13.5 9.902
13.5 10.002
13.5 10.062
13.5 9.961
13.5 10.003
13.5 9.943
13.5 9.844
13.5 9.822
13.5 9.929
13.5 10.085
13.5 9.822
13.5 9.963
13.5 10.188
13.5 9.977
13.5 9.924
13.5 9.977
13.5 9.986
13.5 9.865
13.5 10.033
13.5 10.152
13.5 10.107
13.5 9.92
13.5 9.939
13.5 9.791
13.5 9.942
13.5 10.088
13.5 10.032
13.5 9.93
13.5 9.852
13.5 10.054
13.5 9.956
13.5 10.013
13.5 10.112
13.5 9.98
13.5 9.811
13.5 9.98
13.5 10.148
13.5 9.99
13.5 9.994
13.5 10.068
13.5 10.057
13.5 10.179
13.5 10.017
13.5 10.275
13.5 10.265
13.5 10.184
13.5 10.111
13.5 10.063
13.5 10.025
13.5 10.025
13.5 9.998
13.5 9.769
13.5 10.193
13.5 9.895
13.5 9.834
13.5 9.845
13.5 10.123
13.5 9.954
13.5 9.851
13.5 9.901
13.5 9.738
13.5 9.852
13.5 9.972
13.5 10.204
13.5 9.989
13.5 9.759
13.5 10.04
13.5 10.056
13.5 9.915
13.5 9.824
13.5 9.873
13.5 9.898
13.5 10.269
13.5 10.176
13.5 9.931
13.5 9.947
13.5 9.985
13.5 9.949
13.5 10.151
13.5 10.034
13.5 10.035
13.5 9.974
13.5 10.036
13.5 9.897
13.5 9.934
13.5 10.176
13.5 9.989
13.5 9.884
13.5 9.97
13.5 9.996
13.5 9.906
13.5 10.131
13.5 9.995
13.5 9.94
13.5 9.799
13.5 9.867
13.5 9.874
13.5 9.879
13.5 9.786
13.5 9.865
13.5 9.87
13.5 10.225
13.5 9.822
13.5 9.952
13.5 9.927
13.5 10.046
13.5 9.964
13.5 9.838
13.5 9.879
13.5 9.913
13.5 9.944
13.5 10.016
13.5 9.815
13.5 9.931
13.5 9.867
13.5 9.959
13.5 9.997
13.5 9.933
13.5 9.737
13.5 9.897
13.5 10.0
13.5 9.978
13.5 10.045
13.5 9.949
13.5 9.957
13.5 9.903
13.5 10.016
13.5 10.104
13.5 9.876
13.5 9.946
13.5 9.888
13.5 9.92
13.5 10.18
13.5 9.991
13.5 10.081
13.5 9.966
13.5 9.967
13.5 9.841
13.5 10.0
13.5 9.737
13.5 9.92
13.5 9.997
13.5 10.192
13.5 9.942
13.5 10.077
13.5 10.117
13.5 9.891
13.5 9.927
13.5 10.189
13.5 9.829
13.5 9.825
13.5 9.727
13.5 9.957
13.5 9.971
13.5 10.014
13.5 9.839
13.5 10.11
13.5 10.199
13.5 10.123
13.5 9.966
13.5 9.88
13.5 9.954
13.5 10.001
13.5 10.105
13.5 9.853
13.5 10.016
500
11.0 3.877
12.5 7.419
12.5 8.164
13.0 8.62
13.0 8.901
13.0 9.048
13.0 9.157
13.0 9.166
13.0 9.228
13.0 9.41
13.0 9.56
13.0 9.607
13.0 9.66
13.0 9.471
13.0 9.569
13.0 9.417
13.0 9.52
13.0 9.398
13.0 9.613
13.0 9.431
13.0 9.505
13.0 9.554
13.0 9.577
13.0 9.551
13.0 9.561
13.0 9.521
13.0 9.581
13.0 9.456
13.0 9.773
13.0 9.56
13.0 9.614
13.0 9.458
13.0 9.544
13.0 9.568
13.0 9.538
13.0 9.684
13.0 9.663
13.0 9.467
13.0 9.721
13.0 9.594
13.0 9.363
13.0 9.628
13.0 9.693
13.0 9.815
13.0 9.635
13.0 9.894
13.0 9.471
13.0 9.769
13.0 9.611
13.0 9.593
13.0 9.554
13.0 9.544
13.0 9.866
13.0 9.735
13.0 9.748
13.0 9.578
13.0 9.558
13.0 9.651
13.0 9.704
13.0 9.679
13.0 9.5
13.0 9.472
13.0 9.477
13.0 9.532
13.0 9.679
13.0 9.61
13.0 9.435
13.0 9.596
13.0 9.553
13.0 9.512
13.0 9.425
13.0 9.469
13.0 9.456
13.0 9.459
13.0 9.458
13.0 9.489
13.0 9.603
13.0 9.537
13.0 9.501
13.0 9.581
13.0 9.479
13.0 9.722
13.0 9.695
13.0 9.608
13.0 9.549
13.0 9.745
13.0 9.401
13.0 9.501
13.0 9.561
13.0 9.776
13.0 9.533
13.0 9.699
13.0 9.467
13.0 9.64
13.0 9.814
13.0 9.425
13.0 9.513
13.0 9.464
13.0 9.703
13.0 9.36
13.0 9.506
13.0 9.304
13.0 9.486
13.0 9.575
13.0 9.688
13.0 9.583
13.0 9.732
13.0 9.411
13.0 9.595
13.0 9.743
13.0 9.6
13.0 9.505
13.0 9.681
13.0 9.681
13.0 9.651
13.0 9.502
13.0 9.507
13.0 9.493
13.0 9.697
13.0 9.627
13.0 9.52
13.0 9.522
13.0 9.552
13.0 9.61
13.0 9.646
13.0 9.397
13.0 9.591
13.0 9.638
13.0 9.441
13.0 9.41
13.0 9.509
13.0 9.587
13.0 9.469
13.0 9.485
13.0 9.768
13.0 10.022
13.0 9.818
13.0 9.811
13.0 9.606
13.0 9.84
13.0 9.666
13.0 9.598
13.0 9.763
13.0 9.485
13.0 9.514
13.0 9.454
13.0 9.537
13.0 9.473
13.0 9.491
13.0 9.606
13.0 9.632
13.0 9.688
13.0 9.533
13.0 9.533
13.0 9.6
13.0 9.522
13.0 9.672
13.0 9.627
13.0 9.433
13.0 9.536
13.0 9.607
13.0 9.529
13.0 9.503
13.0 9.462
13.0 9.567
13.0 9.552
13.0 9.672
13.0 9.55
13.0 9.579
13.0 9.632
13.0 9.452
13.0 9.333
13.0 9.457
13.0 9.631
13.0 9.716
13.0 9.631
13.0 9.573
13.0 9.389
13.0 9.48
13.0 9.606
13.0 9.553
13.0 9.554
13.0 9.569
13.0 9.632
13.0 9.39
13.0 9.548
13.0 9.491
13.0 9.536
13.0 9.535
13.0 9.504
13.0 9.343
13.0 9.497
13.0 9.556
13.0 9.768
13.0 9.916
13.0 9.545
13.0 9.641
13.0 9.546
13.0 9.63
13.0 9.455
13.0 9.412
13.0 9.557
13.0 9.756
13.0 9.738
13.0 9.678
13.0 9.714
13.0 9.557
13.0 9.77
13.0 9.423
13.0 9.489
13.0 9.649
13.0 9.446
13.0 9.408
13.0 9.377
13.0 9.584
13.0 9.568
13.0 9.541
13.0 9.611
13.0 9.409
13.0 9.443
13.0 9.489
13.0 9.45
13.0 9.691
13.0 9.603
13.0 9.507
13.0 9.337
13.0 9.473
13.0 9.547
13.0 9.733
13.0 9.462
13.0 9.419
13.0 9.55
13.0 9.555
13.0 9.275
13.0 9.689
13.0 9.451
13.0 9.652
13.0 9.51
13.0 9.281
13.0 9.59
13.0 9.626
13.0 9.53
13.0 9.45
13.0 9.698
13.0 9.373
13.0 9.487
13.0 9.703
13.0 9.606
13.0 9.285
13.0 9.561
13.0 9.781
13.0 9.607
13.0 9.539
13.0 9.56
13.0 9.416
13.0 9.522
13.0 9.48
13.0 9.674
13.0 9.668
13.0 9.64
13.0 9.72
13.0 9.581
13.0 9.692
13.0 9.677
13.0 9.458
13.0 9.863
13.0 9.731
13.0 9.474
13.0 9.503
13.0 9.72
13.0 9.484
13.0 9.735
13.0 9.528
13.0 9.602
13.0 9.665
13.0 9.626
13.0 9.465
13.0 9.438
13.0 9.667
13.0 9.489
13.0 9.613
13.0 9.404
13.0 9.39
13.0 9.445
13.0 9.517
13.0 9.748
13.0 9.473
13.0 9.524
13.0 9.591
13.0 9.67
13.0 9.477
13.0 9.712
13.0 9.477
13.0 9.566
13.0 9.269
13.0 9.454
13.0 9.408
13.0 9.522
13.0 9.542
13.0 9.456
13.0 9.54
13.0 9.354
13.0 9.591
13.0 9.399
13.0 9.552
13.0 9.511
13.0 9.639
13.0 9.557
13.0 9.544
13.0 9.482
13.0 9.529
13.0 9.731
13.0 9.384
13.0 9.394
13.0 9.457
13.0 9.516
13.0 9.558
13.0 9.489
13.0 9.43
13.0 9.478
13.0 9.622
13.0 9.421
13.0 9.529
13.0 9.642
13.0 9.468
13.0 9.633
13.0 9.363
13.0 9.569
13.5 9.519
13.5 9.671
13.5 9.41
13.5 9.288
13.5 9.464
13.5 9.432
13.5 9.636
13.5 9.739
13.5 9.552
13.5 9.339
13.5 9.38
13.5 9.343
13.5 9.291
13.5 9.396
13.5 9.433
13.5 9.654
13.5 10.024
13.5 9.972
13.5 9.949
13.5 9.875
13.5 10.044
13.5 9.817
13.5 9.873
13.5 10.038
13.5 10.227
13.5 9.975
13.5 10.023
13.5 9.811
13.5 9.744
13.5 9.839
13.5 10.018
13.5 9.946
13.5 10.067
13.5 9.99
13.5 10.009
13.5 9.905
13.5 9.912
13.5 9.996
13.5 9.941
13.5 10.043
13.5 9.93
13.5 9.8
13.5 10.094
13.5 9.917
13.5 9.767
13.5 9.987
13.5 10.104
13.5 10.026
13.5 9.896
13.5 9.936
13.5 9.962
13.5 10.118
13.5 10.111
13.5 10.01
13.5 10.01
13.5 10.227
13.5 10.125
13.5 10.015
13.5 9.869
13.5 9.88
13.5 9.975
13.5 9.844
13.5 9.844
13.5 9.961
13.5 10.051
13.5 10.063
13.5 10.015
13.5 10.195
13.5 10.16
13.5 10.023
13.5 10.044
13.5 9.957
13.5 9.964
13.5 10.104
13.5 9.963
13.5 9.976
13.5 9.978
13.5 10.16
13.5 10.107
13.5 9.95
13.5 10.042
13.5 9.864
13.5 9.858
13.5 9.887
13.5 10.052
13.5 9.903
13.5 10.0
13.5 9.841
13.5 9.841
13.5 10.09
13.5 9.91
13.5 10.072
13.5 9.863
13.5 9.848
13.5 9.819
13.5 9.89
13.5 9.647
13.5 9.893
13.5 9.894
13.5 10.087
13.5 9.954
13.5 10.09
13.5 9.796
13.5 10.023
13.5 9.833
13.5 9.908
13.5 10.104
13.5 9.881
13.5 9.891
13.5 9.956
13.5 9.963
13.5 9.845
13.5 9.989
13.5 9.997
13.5 10.025
13.5 10.133
13.5 9.995
13.5 10.056
13.5 10.248
13.5 10.216
13.5 10.078
13.5 9.985
13.5 9.898
13.5 10.146
13.5 9.966
13.5 10.006
13.5 9.865
13.5 9.776
13.5 9.768
13.5 9.967
13.5 9.972
13.5 9.986
13.5 10.008
13.5 10.115
13.5 10.127
13.5 9.992
13.5 10.009
13.5 9.846
13.5 9.94
13.5 10.11
13.5 9.98
13.5 10.032
13.5 10.215
13.5 9.923
13.5 10.107
13.5 10.048
13.5 10.055
13.5 10.022
13.5 9.901
13.5 10.114
13.5 10.132
13.5 9.975
13.5 10.01
13.5 9.889
13.5 9.859
13.5 10.023
13.5 10.08
13.5 10.169
13.5 10.042
13.5 9.938
13.5 9.974
13.5 10.014
13.5 9.719
13.5 9.858
13.5 10.052
13.5 9.999
13.5 9.926
13.5 9.985
13.5 10.078
13.5 10.01
13.5 9.937
13.5 9.938
500
11.5 3.965
11.5 7.348
12.5 8.03
12.5 8.447
13.0 8.692
13.5 9.202
13.5 9.229
13.5 9.278
13.5 9.23
13.5 9.404
13.5 9.579
13.5 9.772
13.5 9.535
13.5 9.583
13.5 9.51
13.5 9.632
13.5 9.709
13.5 9.743
13.5 9.988
13.5 9.792
13.5 9.67
13.5 9.925
13.5 9.96
13.5 9.838
13.5 10.078
13.5 9.983
13.5 9.945
13.5 9.958
13.5 9.986
13.5 9.821
13.5 10.103
13.5 10.193
13.5 9.969
13.5 9.888
13.5 10.221
13.5 9.847
13.5 9.999
13.5 9.851
13.5 9.937
13.5 9.992
13.5 10.133
13.5 10.055
13.5 9.94
13.5 10.112
13.5 9.953
13.5 9.914
13.5 10.113
13.5 9.992
13.5 9.774
13.5 10.024
13.5 10.049
13.5 9.632
13.5 9.799
13.5 9.805
13.5 9.796
13.5 9.973
13.5 10.013
13.5 9.97
13.5 9.961
13.5 9.879
13.5 9.88
13.5 9.927
13.5 9.951
13.5 9.893
13.5 9.923
13.5 9.907
13.5 9.974
13.5 9.903
13.5 10.029
13.5 9.813
13.5 9.774
13.5 9.862
13.5 9.876
13.5 9.97
13.5 9.902
13.5 9.913
13.5 10.058
13.5 9.91
13.5 9.787
13.5 9.841
13.5 9.789
13.5 9.906
13.5 9.958
13.5 9.881
13.5 9.831
13.5 9.716
13.5 9.921
13.5 9.779
13.5 10.022
13.5 9.886
13.5 9.893
13.5 9.903
13.5 9.78
13.5 9.955
13.5 9.961
13.5 9.783
13.5 9.896
13.5 9.74
13.5 9.936
13.5 9.875
13.5 10.134
13.5 9.993
13.5 10.043
13.5 9.875
13.5 9.983
13.5 10.058
13.5 9.869
13.5 9.843
13.5 9.657
13.5 9.794
13.5 9.875
13.5 10.133
13.5 10.143
13.5 9.813
13.5 9.925
13.5 10.001
13.5 9.973
13.5 9.848
13.5 9.947
13.5 10.035
13.5 10.114
13.5 10.099
13.5 9.989
13.5 9.936
13.5 10.173
13.5 9.564
13.5 9.677
13.5 9.896
13.5 10.088
13.5 9.867
13.5 10.161
13.5 9.775
13.5 10.066
13.5 9.959
13.5 9.976
13.5 9.95
13.5 9.84
13.5 9.83
13.5 10.154
13.5 9.912
13.5 10.0
13.5 9.867
13.5 9.73
13.5 9.829
13.5 9.694
13.5 10.063
13.5 9.936
13.5 10.071
13.5 9.952
13.5 9.895
13.5 10.037
13.5 9.919
13.5 9.869
13.5 9.849
13.5 9.897
13.5 10.092
13.5 9.846
13.5 9.972
13.5 9.81
13.5 9.836
13.5 9.841
13.5 9.817
13.5 9.664
13.5 9.706
13.5 9.853
13.5 9.873
13.5 9.712
13.5 9.941
13.5 9.96
13.5 10.136
13.5 9.997
13.5 10.055
13.5 9.939
13.5 10.273
13.5 9.818
13.5 9.956
13.5 10.073
13.5 9.986
13.5 10.0
13.5 9.943
13.5 10.005
13.5 9.765
13.5 9.764
13.5 9.869
13.5 9.742
13.5 10.053
13.5 10.077
13.5 10.092
13.5 9.863
13.5 10.024
13.5 9.784
13.5 9.909
13.5 9.759
13.5 9.978
13.5 9.889
13.5 10.036
13.5 10.07
13.5 10.027
13.5 10.249
13.5 10.145
13.5 9.972
13.5 10.033
13.5 9.998
13.5 10.041
13.5 10.026
13.5 9.997
13.5 9.862
13.5 10.043
13.5 9.888
13.5 9.925
13.5 9.794
13.5 9.863
13.5 9.782
13.5 9.701
13.5 10.057
13.5 9.908
13.5 9.858
13.5 9.851
13.5 10.036
13.5 9.938
13.5 9.971
13.5 9.966
13.5 10.0
13.5 9.865
13.5 10.01
13.5 10.065
13.5 9.991
13.5 9.994
13.5 10.048
13.5 9.928
13.5 9.926
13.5 9.809
13.5 10.014
13.5 9.977
13.5 9.895
13.5 9.761
13.5 9.845
13.5 9.79
13.5 9.876
13.5 9.75
13.5 9.983
13.5 10.122
13.5 9.87
13.5 10.058
13.5 9.971
13.5 9.96
13.5 9.918
13.5 9.812
13.5 9.94
13.5 9.752
13.5 9.954
13.5 9.859
13.5 10.039
13.5 9.775
13.5 9.974
13.5 10.014
13.5 10.041
13.5 9.829
13.5 10.089
13.5 9.85
13.5 10.029
13.5 10.038
13.5 10.013
13.5 9.946
13.5 9.88
13.5 10.049
13.5 10.186
13.5 9.911
13.5 10.031
13.5 10.133
13.5 9.805
13.5 9.804
13.5 9.748
13.5 9.832
13.5 9.817
13.5 10.009
13.5 9.797
13.5 9.846
13.5 9.833
13.5 9.904
13.5 9.86
13.5 9.938
13.5 9.726
13.5 10.023
13.5 10.007
13.5 9.987
13.5 9.826
13.5 9.788
13.5 9.906
13.5 9.837
13.5 9.747
13.5 9.878
13.5 10.028
13.5 10.103
13.5 9.946
13.5 9.913
13.5 9.926
13.5 10.15
13.5 10.018
13.5 10.176
13.5 9.935
13.5 9.873
13.5 9.996
13.5 9.925
13.5 10.082
13.5 10.228
13.5 10.208
13.5 9.924
13.5 9.925
13.5 9.97
13.5 10.183
13.5 9.821
13.5 9.939
13.5 9.89
13.5 9.86
13.5 9.865
13.5 9.766
13.5 10.066
13.5 9.889
13.5 9.941
13.5 9.938
13.5 9.959
13.5 9.957
13.5 10.065
13.5 9.784
13.5 9.758
13.5 9.81
13.5 9.806
13.5 9.681
13.5 10.058
13.5 10.028
13.5 9.857
13.5 10.217
13.5 9.857
13.5 10.075
13.5 10.059
13.5 9.844
13.5 9.963
13.5 9.871
13.5 9.956
13.5 9.711
13.5 10.029
13.5 9.863
13.5 9.846
13.5 9.823
13.5 10.043
13.5 9.886
13.5 9.807
13.5 9.968
13.5 10.061
13.5 9.82
13.5 9.817
13.5 9.794
13.5 9.96
13.5 9.758
13.5 9.8
13.5 9.975
13.5 9.863
13.5 10.013
13.5 9.944
13.5 10.161
13.5 9.824
13.5 9.833
13.5 9.864
13.5 9.77
13.5 9.754
13.5 9.728
13.5 9.855
13.5 9.788
13.5 9.798
13.5 10.095
13.5 10.018
13.5 10.044
13.5 10.061
13.5 10.15
13.5 9.929
13.5 9.906
13.5 9.971
13.5 10.059
13.5 9.855
13.5 9.67
13.5 9.765
13.5 9.79
13.5 10.167
13.5 10.035
13.5 10.147
13.5 9.899
13.5 9.881
13.5 9.992
13.5 9.812
13.5 10.005
13.5 9.921
13.5 10.209
13.5 9.954
13.5 9.997
13.5 9.985
13.5 9.873
13.5 9.797
13.5 9.9
13.5 9.867
13.5 9.847
13.5 9.868
13.5 9.671
13.5 9.852
13.5 10.033
13.5 10.066
13.5 10.098
13.5 10.046
13.5 10.085
13.5 10.025
13.5 9.891
13.5 9.81
13.5 9.983
13.5 9.715
13.5 9.948
13.5 9.966
13.5 10.067
13.5 9.7
13.5 9.827
13.5 9.794
13.5 9.858
13.5 9.915
13.5 9.933
13.5 9.869
13.5 9.823
13.5 9.796
13.5 9.865
13.5 9.59
13.5 9.954
13.5 9.969
13.5 9.938
13.5 10.106
13.5 9.998
13.5 9.907
13.5 10.031
13.5 9.989
13.5 9.897
13.5 9.879
13.5 9.817
13.5 9.741
13.5 9.757
13.5 9.836
13.5 10.035
13.5 10.041
13.5 9.946
13.5 9.969
13.5 9.973
13.5 10.122
13.5 10.043
13.5 10.06
13.5 9.852
13.5 10.068
13.5 10.03
13.5 9.904
13.5 9.78
13.5 9.728
13.5 9.831
13.5 9.594
13.5 9.746
13.5 9.899
13.5 9.925
13.5 9.931
13.5 9.91
13.5 9.901
13.5 9.933
13.5 9.693
13.5 10.197
13.5 9.984
13.5 10.007
13.5 9.717
13.5 9.826
13.5 9.85
13.5 9.888
13.5 9.848
13.5 10.007
13.5 9.835
13.5 9.817
13.5 9.892
13.5 9.884
13.5 9.869
13.5 9.834
13.5 9.956
13.5 9.986
13.5 10.011
13.5 9.82
13.5 9.795
13.5 9.946
13.5 9.733
13.5 9.667
13.5 9.767
13.5 9.794
13.5 10.075
13.5 9.934
13.5 10.12
13.5 9.893
13.5 10.017
13.5 9.791
13.5 9.852
13.5 9.767
13.5 9.641
500
12.0 3.851
12.5 7.595
12.5 8.366
13.0 8.687
13.5 8.746
13.5 8.973
13.5 9.309
13.5 9.174
13.5 9.494
13.5 9.41
13.5 9.384
13.5 9.671
13.5 9.625
13.5 9.658
13.5 9.789
13.5 9.981
13.5 9.99
13.5 9.908
13.5 9.999
13.5 9.941
13.5 10.055
13.5 9.838
13.5 10.151
13.5 10.064
13.5 10.042
13.5 9.96
13.5 9.884
13.5 9.874
13.5 9.983
13.5 10.053
13.5 10.185
13.5 9.972
13.5 9.987
13.5 9.978
13.5 10.043
13.5 9.739
13.5 9.719
13.5 9.791
13.5 10.08
13.5 10.173
13.5 9.937
13.5 9.993
13.5 9.89
13.5 10.082
13.5 9.89
13.5 9.95
13.5 10.056
13.5 10.018
13.5 9.936
13.5 9.935
13.5 9.819
13.5 9.91
13.5 10.062
13.5 10.022
13.5 10.141
13.5 9.894
13.5 9.943
13.5 9.971
13.5 9.819
13.5 9.766
13.5 10.217
13.5 9.772
13.5 10.022
13.5 9.943
13.5 10.176
13.5 9.813
13.5 9.959
13.5 10.106
13.5 9.929
13.5 9.838
13.5 9.994
13.5 9.8
13.5 9.828
13.5 9.993
13.5 9.969
13.5 9.957
13.5 9.814
13.5 9.956
13.5 9.73
13.5 10.032
13.5 10.002
13.5 9.921
13.5 9.821
13.5 9.931
13.5 10.048
13.5 9.991
13.5 9.88
13.5 9.969
13.5 10.01
13.5 10.153
13.5 10.092
13.5 10.161
13.5 10.142
13.5 10.098
13.5 9.867
13.5 9.754
13.5 10.102
13.5 9.877
13.5 10.038
13.5 9.892
13.5 10.206
13.5 10.099
13.5 10.048
13.5 10.168
13.5 9.946
13.5 9.975
13.5 9.863
13.5 10.019
13.5 10.039
13.5 9.966
13.5 10.099
13.5 9.988
13.5 9.831
13.5 9.813
13.5 9.858
13.5 10.015
13.5 9.908
13.5 10.218
13.5 10.134
13.5 10.039
13.5 9.836
13.5 9.88
13.5 9.86
13.5 9.976
13.5 10.095
13.5 9.934
13.5 9.855
13.5 9.982
13.5 9.924
13.5 9.834
13.5 9.795
13.5 9.941
13.5 9.861
13.5 9.938
13.5 10.024
13.5 10.06
13.5 10.097
13.5 9.993
13.5 10.098
13.5 9.863
13.5 9.93
13.5 9.964
13.5 9.927
13.5 10.0
13.5 9.889
13.5 9.921
13.5 9.821
13.5 9.835
13.5 10.036
13.5 9.986
13.5 9.746
13.5 10.018
13.5 10.022
13.5 10.103
13.5 9.979
13.5 9.79
13.5 10.183
13.5 9.968
13.5 9.982
13.5 9.99
13.5 10.082
13.5 9.912
13.5 10.052
13.5 9.967
13.5 10.049
13.5 10.178
13.5 9.958
13.5 9.852
13.5 10.148
13.5 10.297
13.5 10.105
13.5 10.263
13.5 10.022
13.5 9.699
13.5 9.946
13.5 9.911
13.5 9.936
13.5 9.727
13.5 9.925
13.5 9.986
13.5 9.91
13.5 9.928
13.5 9.792
13.5 9.957
13.5 10.002
13.5 10.039
13.5 10.027
13.5 9.968
13.5 10.095
13.5 10.021
13.5 9.982
13.5 10.144
13.5 9.978
13.5 10.087
13.5 9.915
13.5 9.805
13.5 9.937
13.5 10.176
13.5 10.074
13.5 10.306
13.5 10.266
13.5 10.235
13.5 10.235
13.5 10.152
13.5 10.14
13.5 10.148
13.5 10.086
13.5 9.946
13.5 10.03
13.5 10.224
13.5 10.082
13.5 10.112
13.5 10.06
13.5 10.106
13.5 9.988
13.5 9.942
13.5 10.203
13.5 9.969
13.5 9.924
13.5 9.925
13.5 10.177
13.5 10.215
13.5 10.152
13.5 10.113
13.5 10.162
13.5 10.355
13.5 9.955
13.5 9.962
13.5 10.229
13.5 10.063
13.5 9.965
13.5 9.982
13.5 10.174
13.5 10.138
13.5 10.084
13.5 10.084
13.5 10.069
13.5 9.955
13.5 9.919
13.5 9.649
13.5 9.953
13.5 9.699
13.5 9.801
13.5 9.855
13.5 9.853
13.5 9.867
13.5 10.028
13.5 10.066
13.5 9.932
13.5 9.961
13.5 9.813
13.5 9.911
13.5 9.848
13.5 9.868
13.5 10.159
13.5 9.915
13.5 9.934
13.5 9.835
13.5 10.025
13.5 9.689
13.5 9.927
13.5 10.101
13.5 9.995
13.5 10.168
13.5 10.188
13.5 9.946
13.5 9.857
13.5 9.79
13.5 9.812
13.5 9.882
13.5 10.005
13.5 10.005
13.5 10.116
13.5 9.891
13.5 9.929
13.5 10.001
13.5 9.965
13.5 10.038
13.5 9.933
13.5 9.988
13.5 10.075
13.5 10.153
13.5 10.009
13.5 9.902
13.5 10.063
13.5 9.991
13.5 10.057
13.5 9.75
13.5 9.789
13.5 9.921
13.5 9.927
13.5 9.622
13.5 9.951
13.5 10.148
13.5 10.011
13.5 9.73
13.5 9.968
13.5 10.002
13.5 9.7
13.5 9.745
13.5 9.553
13.5 9.85
13.5 9.955
13.5 9.977
13.5 10.059
13.5 10.131
13.5 10.21
13.5 10.222
13.5 9.98
13.5 10.086
13.5 9.894
13.5 9.831
13.5 9.884
13.5 9.923
13.5 9.896
13.5 9.954
13.5 10.109
13.5 10.165
13.5 10.02
13.5 9.767
13.5 9.917
13.5 9.895
13.5 10.044
13.5 10.1
13.5 10.058
13.5 10.091
13.5 10.136
13.5 10.039
13.5 10.137
13.5 10.036
13.5 9.928
13.5 9.88
13.5 10.032
13.5 10.046
13.5 10.151
13.5 9.935
13.5 10.098
13.5 10.151
13.5 10.155
13.5 10.137
13.5 9.974
13.5 10.101
13.5 9.83
13.5 9.914
13.5 10.165
13.5 10.057
13.5 10.158
13.5 10.101
13.5 10.186
13.5 10.037
13.5 10.11
13.5 9.961
13.5 10.011
13.5 9.855
13.5 9.939
13.5 9.731
13.5 9.748
13.5 9.89
13.5 9.855
13.5 9.689
13.5 9.901
13.5 9.678
13.5 9.832
13.5 9.951
13.5 9.984
13.5 9.956
13.5 10.06
13.5 9.85
13.5 10.091
13.5 9.995
13.5 9.814
13.5 9.912
13.5 9.961
13.5 9.955
13.5 9.969
13.5 9.908
13.5 9.911
13.5 9.982
13.5 9.791
13.5 9.916
13.5 9.822
13.5 10.075
13.5 9.955
13.5 10.018
13.5 10.028
13.5 10.079
13.5 10.213
13.5 10.046
13.5 9.928
13.5 10.271
13.5 10.135
13.5 10.322
13.5 9.884
13.5 9.751
13.5 9.86
13.5 10.02
13.5 9.897
13.5 9.976
13.5 10.058
13.5 9.923
13.5 10.19
13.5 9.967
13.5 9.981
13.5 10.066
13.5 9.9
13.5 9.872
13.5 9.971
13.5 9.966
13.5 10.115
13.5 9.833
13.5 9.893
13.5 9.972
13.5 9.997
13.5 10.082
13.5 9.862
13.5 9.759
13.5 9.847
13.5 9.718
13.5 9.848
13.5 10.181
13.5 10.183
13.5 10.127
13.5 10.107
13.5 10.05
13.5 10.02
13.5 10.174
13.5 10.062
13.5 9.803
13.5 10.153
13.5 10.071
13.5 9.837
13.5 9.688
13.5 10.054
13.5 10.023
13.5 9.922
13.5 10.027
13.5 9.965
13.5 10.026
13.5 9.727
13.5 9.956
13.5 9.976
13.5 9.981
13.5 9.618
13.5 10.101
13.5 9.933
13.5 10.07
13.5 10.006
13.5 10.111
13.5 10.138
13.5 10.209
13.5 9.844
13.5 9.85
13.5 9.821
13.5 9.872
13.5 9.917
13.5 10.047
13.5 9.924
13.5 9.825
13.5 10.001
13.5 9.999
13.5 9.944
13.5 10.073
13.5 10.072
13.5 9.961
13.5 10.077
13.5 9.889
13.5 9.963
13.5 9.954
13.5 9.729
13.5 9.972
13.5 9.75
13.5 9.748
13.5 9.971
13.5 10.006
13.5 9.974
13.5 10.173
13.5 10.114
13.5 10.032
13.5 10.166
13.5 9.892
13.5 9.996
13.5 9.856
13.5 9.933
13.5 10.022
13.5 10.117
13.5 9.976
13.5 9.979
13.5 10.034
13.5 10.016
13.5 9.864
13.5 9.966
13.5 9.931
13.5 10.037
13.5 10.156
13.5 9.968
13.5 9.842
13.5 9.979
13.5 9.915
13.5 9.784
13.5 9.992
500
12.0 4.001
12.0 7.272
12.5 8.248
12.5 8.445
13.0 8.586
13.0 8.953
13.0 9.187
13.0 9.295
13.0 9.121
13.0 9.273
13.0 9.752
13.0 9.446
13.0 9.714
13.5 9.63
13.5 9.789
13.5 9.594
13.5 9.609
13.5 9.56
13.5 9.647
13.5 9.769
13.5 9.7
13.5 9.452
13.5 9.723
13.5 9.581
13.5 9.642
13.5 9.873
13.5 9.927
13.5 10.011
13.5 10.113
13.5 9.961
13.5 9.942
13.5 9.803
13.5 9.978
13.5 9.933
13.5 9.602
13.5 9.887
13.5 9.814
13.5 9.763
13.5 9.995
13.5 10.038
13.5 9.864
13.5 10.108
13.5 10.132
13.5 9.964
13.5 10.042
13.5 9.746
13.5 9.971
13.5 9.87
13.5 9.807
13.5 9.831
13.5 9.972
13.5 9.769
13.5 10.014
13.5 10.048
13.5 9.87
13.5 9.98
13.5 9.965
13.5 10.206
13.5 10.006
13.5 10.01
13.5 10.076
13.5 10.266
13.5 10.216
13.5 10.208
13.5 10.032
13.5 9.904
13.5 10.045
13.5 10.004
13.5 9.907
13.5 9.874
13.5 9.928
13.5 9.79
13.5 9.726
13.5 9.898
13.5 9.964
13.5 10.119
13.5 10.047
13.5 10.19
13.5 9.928
13.5 10.114
13.5 9.885
13.5 10.148
13.5 9.888
13.5 9.681
13.5 10.037
13.5 9.749
13.5 9.979
13.5 9.92
13.5 10.107
13.5 9.876
13.5 10.0
13.5 9.76
13.5 10.064
13.5 10.051
13.5 9.927
13.5 9.913
13.5 9.916
13.5 9.9
13.5 9.672
13.5 9.942
13.5 9.869
13.5 10.04
13.5 9.867
13.5 10.029
13.5 9.88
13.5 10.062
13.5 9.886
13.5 9.992
13.5 10.025
13.5 10.047
13.5 10.203
13.5 10.162
13.5 9.947
13.5 10.108
13.5 10.126
13.5 10.184
13.5 10.023
13.5 9.947
13.5 10.065
13.5 9.846
13.5 10.158
13.5 9.835
13.5 10.015
13.5 10.022
13.5 10.003
13.5 9.949
13.5 9.822
13.5 9.966
13.5 9.968
13.5 9.851
13.5 9.932
13.5 9.942
13.5 10.041
13.5 9.955
13.5 9.737
13.5 9.889
13.5 9.764
13.5 9.929
13.5 10.155
13.5 10.14
13.5 10.18
13.5 10.002
13.5 10.251
13.5 10.205
13.5 10.04
13.5 10.132
13.5 9.978
13.5 9.743
13.5 10.211
13.5 10.036
13.5 10.217
13.5 10.189
13.5 10.185
13.5 10.056
13.5 9.856
13.5 9.761
13.5 10.054
13.5 10.068
13.5 10.015
13.5 9.967
13.5 9.725
13.5 9.885
13.5 9.927
13.5 9.861
13.5 10.082
13.5 9.933
13.5 10.144
13.5 9.997
13.5 10.071
13.5 10.006
13.5 9.969
13.5 9.999
13.5 10.009
13.5 10.054
13.5 9.916
13.5 10.014
13.5 9.948
13.5 9.829
13.5 10.053
13.5 9.99
13.5 10.092
13.5 9.966
13.5 9.938
13.5 10.112
13.5 9.996
13.5 9.779
13.5 9.965
13.5 9.971
13.5 10.12
13.5 9.902
13.5 10.001
13.5 9.967
13.5 9.959
13.5 9.977
13.5 9.735
13.5 9.872
13.5 9.936
13.5 10.012
13.5 9.973
13.5 9.896
13.5 9.862
13.5 9.882
13.5 9.919
13.5 10.122
13.5 10.006
13.5 10.17
13.5 9.591
13.5 9.729
13.5 10.015
13.5 10.03
13.5 9.847
13.5 10.13
13.5 9.995
13.5 9.868
13.5 10.075
13.5 10.002
13.5 10.009
13.5 10.035
13.5 9.969
13.5 9.589
13.5 9.786
13.5 9.925
13.5 9.915
13.5 9.946
13.5 9.965
13.5 9.944
13.5 9.997
13.5 10.186
13.5 10.056
13.5 9.901
13.5 10.08
13.5 10.017
13.5 9.596
13.5 10.029
13.5 9.757
13.5 9.985
13.5 10.018
13.5 10.063
13.5 9.951
13.5 9.899
13.5 9.914
13.5 10.156
13.5 10.024
13.5 10.179
13.5 9.996
13.5 10.098
13.5 10.268
13.5 10.088
13.5 10.005
13.5 10.035
13.5 9.98
13.5 9.915
13.5 9.907
13.5 9.76
13.5 9.9
13.5 10.084
13.5 9.992
13.5 10.16
13.5 10.054
13.5 10.01
13.5 10.001
13.5 9.932
13.5 10.143
13.5 9.946
13.5 9.745
13.5 10.018
13.5 9.917
13.5 9.778
13.5 9.879
13.5 9.872
13.5 9.964
13.5 9.903
13.5 10.254
13.5 10.126
13.5 9.937
13.5 9.809
13.5 9.852
13.5 10.01
13.5 9.942
13.5 10.151
13.5 10.171
13.5 10.095
13.5 9.662
13.5 9.956
13.5 10.005
13.5 9.803
13.5 9.964
13.5 9.939
13.5 9.951
13.5 10.008
13.5 9.952
13.5 9.934
13.5 9.904
13.5 9.982
13.5 10.06
13.5 10.05
13.5 10.011
13.5 9.877
13.5 10.058
13.5 10.013
13.5 9.979
13.5 10.002
13.5 9.817
13.5 9.994
13.5 9.945
13.5 10.098
13.5 10.116
13.5 10.229
13.5 9.968
13.5 9.916
13.5 9.872
13.5 10.099
13.5 10.103
13.5 10.011
13.5 9.954
13.5 9.879
13.5 9.673
13.5 9.843
13.5 10.04
13.5 9.79
13.5 9.897
13.5 10.087
13.5 10.052
13.5 10.033
13.5 9.867
13.5 9.897
13.5 10.045
13.5 9.985
13.5 10.148
13.5 10.06
13.5 9.812
13.5 9.857
13.5 9.954
13.5 10.079
13.5 9.967
13.5 10.217
13.5 10.084
13.5 9.954
13.5 10.042
13.5 10.137
13.5 9.92
13.5 10.112
13.5 9.978
13.5 9.896
13.5 9.68
13.5 10.074
13.5 9.977
13.5 9.853
13.5 9.806
13.5 9.905
13.5 9.978
13.5 10.043
13.5 9.943
13.5 10.057
13.5 9.925
13.5 9.982
13.5 9.919
13.5 10.066
13.5 10.128
13.5 10.028
13.5 9.82
13.5 9.939
13.5 9.961
13.5 9.943
13.5 9.805
13.5 9.939
13.5 9.933
13.5 10.024
13.5 9.946
13.5 10.034
13.5 10.05
13.5 10.188
13.5 10.05
13.5 10.053
13.5 9.978
13.5 10.055
13.5 10.015
13.5 10.061
13.5 9.959
13.5 9.878
13.5 10.188
13.5 10.184
13.5 10.203
13.5 10.108
13.5 10.228
13.5 9.94
13.5 10.058
13.5 9.967
13.5 9.939
13.5 9.956
13.5 9.888
13.5 9.955
13.5 9.712
13.5 9.991
13.5 9.878
13.5 10.148
13.5 10.038
13.5 10.168
13.5 9.733
13.5 9.937
13.5 10.146
13.5 9.979
13.5 10.025
13.5 9.943
13.5 10.146
13.5 10.065
13.5 10.145
13.5 10.062
13.5 9.904
13.5 10.138
13.5 9.982
13.5 10.094
13.5 10.085
13.5 9.873
13.5 9.942
13.5 9.892
13.5 9.773
13.5 9.867
13.5 9.882
13.5 10.039
13.5 9.774
13.5 10.087
13.5 9.822
13.5 9.839
13.5 9.806
13.5 9.956
13.5 10.03
13.5 9.74
13.5 9.882
13.5 9.853
13.5 9.838
13.5 9.839
13.5 9.994
13.5 9.985
13.5 10.095
13.5 10.075
13.5 10.092
13.5 9.973
13.5 10.017
13.5 10.04
13.5 10.072
13.5 10.034
13.5 10.007
13.5 10.076
13.5 10.259
13.5 10.233
13.5 10.201
13.5 10.1
13.5 10.126
13.5 10.053
13.5 9.988
13.5 9.925
13.5 9.931
13.5 9.755
13.5 9.807
13.5 9.755
13.5 10.053
13.5 9.938
13.5 9.948
13.5 9.818
13.5 9.754
13.5 9.926
13.5 10.026
13.5 10.073
13.5 10.106
13.5 10.032
13.5 9.949
13.5 9.862
13.5 10.029
13.5 9.857
13.5 9.912
13.5 9.862
13.5 10.099
13.5 9.952
13.5 10.036
13.5 10.014
13.5 10.034
13.5 9.867
13.5 9.955
13.5 9.882
13.5 9.938
13.5 9.955
13.5 9.889
13.5 9.865
13.5 9.861
13.5 9.777
13.5 9.948
13.5 9.706
13.5 9.83
13.5 9.733
13.5 9.795
13.5 10.002
13.5 9.824
13.5 9.9
13.5 9.74
13.5 9.788
13.5 9.916
13.5 10.03
13.5 9.881
13.5 9.697

Individual: [1, 3, 6, 7, 12, 14, 15, 19, 20]
   Fitness: 13.5
     Total: 9
Violations: 0 0

Individual: [1, 2, 6, 7, 9, 14, 15, 18, 20]
   Fitness: 13.5
     Total: 9
Violations: 0 0

Individual: [1, 3, 6, 7, 12, 14, 15, 19, 20]
   Fitness: 13.5
     Total: 9
Violations: 0 0

Individual: [1, 3, 6, 7, 12, 14, 15, 19, 20]
   Fitness: 13.5
     Total: 9
Violations: 0 0

Individual: [1, 3, 6, 7, 12, 14, 15, 19, 20]
   Fitness: 13.5
     Total: 9
Violations: 0 0

Individual: [1, 2, 6, 7, 9, 14, 15, 18, 20]
   Fitness: 13.5
     Total: 9
Violations: 0 0

Individual: [1, 2, 6, 7, 9, 14, 15, 18, 20]
   Fitness: 13.5
     Total: 9
Violations: 0 0

Individual: [1, 3, 6, 7, 12, 14, 15, 19, 20]
   Fitness: 13.5
     Total: 9
Violations: 0 0

Individual: [1, 2, 6, 7, 9, 14, 15, 18, 20]
   Fitness: 13.5
     Total: 9
Violations: 0 0

Individual: [1, 2, 6, 7, 9, 14, 15, 18, 20]
   Fitness: 13.5
     Total: 9
Violations: 0 0
