10
500
11.0 3.282
11.5 7.325
12.0 8.159
12.0 8.348
12.5 8.846
12.5 8.852
13.0 9.07
13.0 9.516
13.0 9.663
13.0 9.824
13.0 9.75
13.5 10.047
13.5 9.852
13.5 10.379
13.5 10.202
13.5 10.596
13.5 10.52
13.5 10.263
13.5 10.497
13.5 10.366
13.5 10.246
13.5 10.421
13.5 10.35
13.5 10.691
13.5 10.611
13.5 10.406
13.5 10.442
13.5 10.291
13.5 10.347
13.5 9.973
13.5 10.236
13.5 10.516
13.5 10.545
13.5 10.669
13.5 10.805
13.5 10.711
13.5 10.585
13.5 10.882
13.5 10.478
13.5 10.252
13.5 10.537
13.5 10.474
13.5 10.522
13.5 10.487
13.5 10.686
13.5 10.578
13.5 10.834
13.5 10.58
13.5 10.522
13.5 10.63
13.5 10.666
13.5 10.712
13.5 10.475
13.5 10.326
13.5 10.388
13.5 10.585
13.5 10.517
13.5 10.792
13.5 10.788
13.5 10.519
13.5 10.666
13.5 10.302
13.5 10.558
13.5 10.468
13.5 10.815
13.5 10.653
13.5 10.694
13.5 10.42
13.5 10.396
13.5 10.548
13.5 10.595
13.5 10.695
13.5 11.051
13.5 10.521
13.5 10.374
13.5 10.751
13.5 10.903
13.5 10.546
13.5 10.517
13.5 10.615
13.5 10.759
13.5 10.406
13.5 10.566
13.5 10.623
13.5 10.369
13.5 10.708
13.5 10.5
13.5 10.372
13.5 10.518
13.5 10.43
13.5 10.561
13.5 10.808
13.5 10.646
13.5 10.569
13.5 10.794
13.5 10.814
13.5 10.616
13.5 10.808
13.5 10.594
13.5 10.613
13.5 10.311
13.5 10.736
13.5 10.729
13.5 10.657
13.5 10.5
13.5 10.599
13.5 10.693
13.5 10.554
13.5 10.527
13.5 10.834
13.5 10.728
13.5 10.607
13.5 10.828
13.5 10.867
13.5 10.77
13.5 10.818
13.5 10.534
13.5 10.626
13.5 10.695
13.5 10.931
13.5 10.796
13.5 10.628
13.5 10.698
13.5 10.793
13.5 11.009
13.5 10.784
13.5 10.761
13.5 10.724
13.5 10.554
13.5 10.619
13.5 10.696
13.5 10.435
13.5 10.539
13.5 10.578
13.5 10.656
13.5 10.481
13.5 10.056
13.5 10.369
13.5 10.495
13.5 10.478
13.5 10.472
13.5 10.431
13.5 10.711
13.5 10.372
13.5 10.777
13.5 10.146
13.5 10.569
13.5 10.652
13.5 10.235
13.5 10.622
13.5 10.41
13.5 10.3
13.5 10.595
13.5 10.517
13.5 10.366
13.5 10.242
13.5 10.735
13.5 10.928
13.5 10.809
13.5 10.559
13.5 10.436
13.5 10.322
13.5 10.702
13.5 10.919
13.5 10.76
13.5 10.705
13.5 10.585
13.5 10.551
13.5 10.979
13.5 10.521
13.5 10.606
13.5 10.651
13.5 10.789
13.5 10.607
13.5 10.452
13.5 10.569
13.5 10.743
13.5 10.717
13.5 10.703
13.5 10.359
13.5 10.486
13.5 10.476
13.5 10.27
13.5 10.663
13.5 10.658
13.5 10.345
13.5 10.49
13.5 10.612
13.5 10.615
13.5 10.341
13.5 10.465
13.5 10.578
13.5 10.549
13.5 10.725
13.5 10.443
13.5 10.883
13.5 10.614
13.5 10.443
13.5 10.793
13.5 10.565
13.5 10.656
13.5 10.869
13.5 10.729
13.5 10.903
13.5 10.846
13.5 10.531
13.5 10.899
13.5 10.361
13.5 10.682
13.5 10.668
13.5 10.638
13.5 10.694
13.5 10.588
13.5 10.314
13.5 10.688
13.5 10.662
13.5 10.666
13.5 10.403
13.5 10.632
13.5 10.584
13.5 10.325
13.5 10.647
13.5 10.71
13.5 10.623
13.5 10.565
13.5 10.868
13.5 10.786
13.5 10.432
13.5 10.491
13.5 10.482
13.5 10.674
13.5 10.878
13.5 10.474
13.5 10.391
13.5 10.547
13.5 10.754
13.5 10.642
13.5 10.578
13.5 10.557
13.5 10.6
13.5 10.898
13.5 10.85
13.5 10.723
13.5 10.697
13.5 10.657
13.5 10.45
13.5 10.642
13.5 10.678
13.5 10.545
13.5 10.354
13.5 10.459
13.5 10.481
13.5 10.341
13.5 10.667
13.5 10.345
13.5 10.646
13.5 10.493
13.5 10.707
13.5 10.635
13.5 10.583
13.5 10.624
13.5 10.715
13.5 10.542
13.5 10.823
13.5 10.713
13.5 10.245
13.5 10.233
13.5 10.533
13.5 10.767
13.5 10.24
13.5 10.556
13.5 10.597
13.5 10.557
13.5 10.59
13.5 10.362
13.5 10.685
13.5 10.398
13.5 10.64
13.5 10.289
13.5 10.58
13.5 10.578
13.5 10.55
13.5 10.442
13.5 10.69
13.5 10.938
13.5 10.458
13.5 10.675
13.5 10.495
13.5 10.591
13.5 10.623
13.5 10.752
13.5 11.092
13.5 11.155
13.5 10.752
13.5 11.012
13.5 10.658
13.5 10.617
13.5 10.624
13.5 10.802
13.5 10.81
13.5 10.331
13.5 10.367
13.5 10.594
13.5 10.67
13.5 10.807
13.5 10.419
13.5 10.361
13.5 10.738
13.5 10.663
13.5 10.544
13.5 10.302
13.5 10.792
13.5 10.625
13.5 10.78
13.5 10.583
13.5 10.447
13.5 10.614
13.5 10.525
13.5 10.716
13.5 10.469
13.5 10.64
13.5 10.625
13.5 10.572
13.5 10.761
13.5 10.67
13.5 10.927
13.5 11.097
13.5 10.853
13.5 10.85
13.5 10.796
13.5 10.763
13.5 10.48
13.5 10.765
13.5 10.77
13.5 10.605
13.5 10.392
13.5 10.48
13.5 10.573
13.5 10.566
13.5 10.599
13.5 10.388
13.5 10.456
13.5 10.338
13.5 10.157
13.5 10.454
13.5 10.329
13.5 10.331
13.5 10.258
13.5 10.491
13.5 10.567
13.5 10.371
13.5 10.534
13.5 10.165
13.5 10.539
13.5 10.757
13.5 10.486
13.5 10.673
13.5 10.691
13.5 10.773
13.5 10.533
13.5 10.7
13.5 10.824
13.5 10.745
13.5 10.638
13.5 10.873
13.5 10.794
13.5 10.84
13.5 10.783
13.5 10.424
13.5 10.802
13.5 10.854
13.5 10.669
13.5 10.595
13.5 10.485
13.5 10.635
13.5 10.655
13.5 10.706
13.5 10.528
13.5 10.655
13.5 10.798
13.5 10.677
13.5 10.588
13.5 10.409
13.5 10.399
13.5 10.63
13.5 10.592
13.5 10.557
13.5 10.671
13.5 10.541
13.5 10.757
13.5 10.542
13.5 10.635
13.5 10.475
13.5 10.738
13.5 10.688
13.5 10.3
13.5 10.74
13.5 10.726
13.5 10.501
13.5 10.578
13.5 10.287
13.5 10.742
13.5 10.628
13.5 10.597
13.5 10.547
13.5 10.622
13.5 10.303
13.5 10.615
13.5 10.639
13.5 10.74
13.5 10.753
13.5 10.848
13.5 10.583
13.5 10.792
13.5 10.839
13.5 10.476
13.5 10.719
13.5 10.495
13.5 10.433
13.5 10.732
13.5 10.67
13.5 10.533
13.5 10.607
13.5 10.791
13.5 10.679
13.5 10.699
13.5 10.768
13.5 10.859
13.5 10.772
13.5 10.568
13.5 10.509
13.5 10.431
13.5 10.693
13.5 10.73
13.5 10.736
13.5 10.932
13.5 10.64
13.5 10.639
13.5 10.399
13.5 10.608
13.5 10.538
13.5 10.507
13.5 10.554
13.5 10.474
13.5 10.488
13.5 10.479
13.5 10.193
13.5 10.427
13.5 10.501
13.5 10.428
13.5 10.433
13.5 10.512
13.5 10.747
13.5 10.824
13.5 10.614
13.5 10.736
13.5 10.8
13.5 10.676
13.5 10.915
13.5 10.697
13.5 10.975
13.5 10.977
13.5 10.894
13.5 11.006
13.5 10.667
13.5 10.646
13.5 10.771
13.5 10.925
13.5 10.632
13.5 10.762
13.5 10.435
13.5 10.568
13.5 10.493
13.5 10.752
13.5 10.758
13.5 10.546
13.5 10.427
13.5 10.652
13.5 10.641
13.5 10.64
13.5 10.649
13.5 10.577
13.5 10.516
13.5 10.972
13.5 10.649
13.5 10.524
13.5 10.476
13.5 10.519
13.5 10.676
13.5 10.637
13.5 10.445
13.5 10.667
13.5 10.541
13.5 10.661
13.5 10.63
13.5 10.719
13.5 10.509
13.5 10.58
13.5 10.529
13.5 10.312
500
11.5 3.88
11.5 7.307
11.5 8.528
12.5 8.497
12.5 8.971
12.5 8.983
12.5 9.123
12.5 9.231
12.5 9.414
12.5 9.565
12.5 9.563
12.5 9.768
12.5 9.821
13.0 9.713
13.0 9.53
13.0 9.704
13.0 9.895
13.0 9.715
13.0 9.94
13.0 10.016
13.0 9.84
13.0 9.991
13.0 10.13
13.0 10.167
13.0 10.017
13.0 10.379
13.0 10.318
13.0 9.772
13.0 10.187
13.0 10.215
13.0 10.218
13.0 10.467
13.0 10.236
13.0 10.292
13.0 10.348
13.0 10.285
13.0 10.237
13.0 10.301
13.0 10.268
13.0 10.42
13.0 10.486
13.0 10.411
13.0 10.233
13.0 10.27
13.0 9.911
13.0 10.021
13.0 10.317
13.0 10.469
13.0 10.183
13.0 10.346
13.0 10.214
13.0 10.216
13.0 10.293
13.0 10.164
13.0 10.345
13.0 10.255
13.0 10.376
13.0 10.499
13.0 10.231
13.0 10.131
13.0 10.192
13.0 10.325
13.0 10.387
13.0 10.338
13.0 10.204
13.0 10.328
13.0 10.45
13.0 9.793
13.0 9.913
13.0 10.223
13.0 10.022
13.0 10.101
13.0 10.285
13.0 10.181
13.0 10.337
13.0 10.28
13.0 10.325
13.0 10.281
13.0 10.239
13.0 10.178
13.0 10.515
13.0 10.238
13.0 10.128
13.0 10.294
13.0 10.181
13.0 10.221
13.0 10.374
13.0 10.372
13.0 10.564
13.0 10.875
13.0 10.436
13.0 10.281
13.0 9.987
13.0 10.367
13.0 10.215
13.0 10.494
13.0 10.31
13.0 10.153
13.0 10.258
13.0 10.088
13.0 10.046
13.0 10.056
13.0 9.971
13.0 10.467
13.0 10.313
13.0 10.389
13.0 10.382
13.0 10.457
13.0 10.579
13.0 10.432
13.0 10.36
13.0 10.308
13.0 10.39
13.0 10.079
13.0 10.431
13.0 10.315
13.0 10.419
13.0 10.43
13.0 10.325
13.0 10.589
13.0 10.444
13.0 10.594
13.0 10.423
13.0 10.222
13.0 10.282
13.0 10.084
13.0 10.081
13.0 10.271
13.0 9.967
13.0 10.337
13.0 10.144
13.0 10.172
13.0 9.754
13.0 10.251
13.0 10.404
13.0 10.516
13.0 10.316
13.0 10.221
13.0 10.336
13.0 10.432
13.0 10.241
13.0 10.451
13.0 10.248
13.0 10.17
13.0 10.348
13.0 10.319
13.0 10.168
13.0 10.327
13.0 10.392
13.0 10.679
13.0 10.461
13.0 10.437
13.0 10.338
13.0 10.358
13.0 10.449
13.0 10.587
13.0 10.488
13.0 10.031
13.0 10.224
13.0 10.31
13.0 10.215
13.0 10.287
13.0 10.256
13.0 10.359
13.0 10.523
13.0 10.316
13.0 10.445
13.0 10.417
13.0 10.443
13.0 10.686
13.0 10.537
13.0 10.154
13.0 10.304
13.0 10.34
13.0 10.436
13.0 10.147
13.0 10.056
13.0 10.224
13.0 10.126
13.0 10.455
13.0 10.248
13.0 10.581
13.0 10.447
13.0 10.377
13.0 10.069
13.0 10.352
13.0 10.537
13.0 10.436
13.0 10.28
13.0 10.224
13.0 10.28
13.0 10.244
13.0 10.069
13.0 10.373
13.0 10.259
13.0 10.24
13.0 10.304
13.0 10.374
13.0 10.493
13.0 10.215
13.0 10.452
13.0 10.595
13.0 10.42
13.0 10.518
13.0 10.489
13.0 10.267
13.0 10.049
13.0 10.128
13.0 10.229
13.0 9.98
13.0 10.424
13.0 10.563
13.0 10.251
13.0 10.344
13.0 10.568
13.0 10.352
13.0 10.528
13.0 10.315
13.0 10.205
13.0 10.396
13.0 10.269
13.0 10.129
13.0 10.205
13.0 10.192
13.0 10.047
13.0 10.192
13.0 10.39
13.0 10.31
13.0 10.251
13.0 9.955
13.0 10.056
13.0 10.4
13.0 10.253
13.0 10.378
13.0 10.344
13.0 10.357
13.0 10.281
13.0 10.35
13.0 10.297
13.0 10.327
13.0 10.094
13.0 10.415
13.0 10.404
13.0 10.298
13.0 10.216
13.0 10.411
13.0 10.222
13.0 10.267
13.0 10.416
13.0 10.309
13.0 10.163
13.0 10.093
13.0 10.419
13.0 10.333
13.0 10.255
13.0 10.218
13.0 10.404
13.0 10.244
13.0 10.546
13.0 10.055
13.0 10.125
13.0 10.252
13.0 10.503
13.0 10.545
13.0 10.674
13.0 10.336
13.0 10.256
13.0 10.511
13.0 10.568
13.0 10.429
13.0 10.261
13.0 10.293
13.0 10.445
13.0 10.428
13.0 10.299
13.0 10.283
13.0 10.065
13.0 10.556
13.0 10.345
13.0 10.356
13.0 10.309
13.0 10.327
13.0 9.994
13.0 10.604
13.0 10.419
13.0 10.021
13.0 10.201
13.0 10.298
13.0 10.375
13.0 10.312
13.0 10.168
13.0 10.411
13.0 10.16
13.0 10.304
13.0 10.003
13.0 10.473
13.0 10.321
13.0 10.368
13.0 10.197
13.0 10.418
13.0 10.404
13.0 10.122
13.0 10.293
13.0 10.281
13.0 10.127
13.0 10.307
13.0 10.314
13.0 10.541
13.0 10.589
13.0 10.456
13.0 10.407
13.0 10.506
13.0 10.228
13.0 10.373
13.0 10.114
13.0 10.388
13.0 10.224
13.0 10.286
13.0 10.359
13.0 10.221
13.0 10.429
13.0 10.358
13.0 10.302
13.0 10.283
13.0 10.07
13.0 9.923
13.0 10.332
13.0 10.083
13.0 10.172
13.0 10.155
13.0 10.448
13.0 10.274
13.0 10.515
13.0 10.503
13.0 10.383
13.0 10.277
13.0 10.516
13.0 10.315
13.0 10.088
13.0 10.241
13.0 10.386
13.0 10.391
13.0 10.49
13.0 10.235
13.0 10.145
13.0 10.111
13.0 10.025
13.0 9.868
13.0 10.393
13.0 10.136
13.0 10.169
13.0 10.231
13.0 10.423
13.0 10.083
13.0 10.193
13.0 10.104
13.0 9.823
13.0 10.136
13.0 10.33
13.0 10.546
13.0 10.011
13.0 10.359
13.0 10.298
13.0 10.302
13.0 10.319
13.0 10.425
13.0 10.351
13.0 10.399
13.0 10.273
13.0 10.315
13.0 10.308
13.0 10.21
13.0 9.896
13.0 9.894
13.0 10.111
13.0 10.276
13.0 9.967
13.0 10.356
13.0 10.216
13.0 10.368
13.0 10.182
13.0 10.319
13.0 10.359
13.0 10.262
13.0 10.489
13.0 10.25
13.0 10.414
13.0 10.532
13.0 10.682
13.0 10.518
13.0 10.507
13.0 10.086
13.0 10.281
13.0 10.184
13.0 10.181
13.0 10.033
13.0 10.475
13.0 10.452
13.0 10.281
13.0 10.323
13.0 10.23
13.0 10.203
13.0 10.116
13.0 10.39
13.0 10.477
13.0 10.228
13.0 10.257
13.0 10.536
13.0 10.147
13.0 10.295
13.0 10.409
13.0 10.406
13.0 10.299
13.0 10.308
13.0 10.382
13.0 10.314
13.0 10.405
13.0 10.394
13.0 10.36
13.0 10.231
13.0 10.361
13.0 10.491
13.0 10.367
13.0 10.311
13.0 10.323
13.0 10.219
13.0 10.357
13.0 10.482
13.0 10.385
13.0 10.345
13.0 10.467
13.0 10.333
13.0 10.386
13.0 10.417
13.0 10.651
13.0 10.3
13.0 10.704
13.0 10.2
13.0 10.457
13.0 10.34
13.0 10.317
13.0 10.298
13.0 10.293
13.0 9.921
13.0 9.821
13.0 10.217
13.0 10.237
13.0 9.946
13.0 10.108
13.0 9.996
13.0 10.341
13.0 10.402
13.0 10.351
13.0 10.122
13.0 10.166
13.0 9.905
13.0 10.306
13.0 10.304
13.0 10.104
13.0 10.299
13.0 10.627
13.0 10.169
13.0 10.416
13.0 10.468
13.0 10.585
13.0 10.374
13.0 10.361
13.0 10.341
13.0 10.57
13.0 10.169
13.0 10.329
13.0 10.449
13.0 10.096
13.0 10.411
13.0 10.299
13.0 10.327
13.0 10.377
13.0 10.144
13.0 10.253
13.0 10.268
13.0 10.189
13.0 10.296
13.0 10.041
13.0 10.259
13.0 10.229
13.0 10.327
13.0 10.479
13.0 10.458
13.0 10.25
13.0 10.32
13.0 10.398
13.0 10.368
13.0 10.579
13.0 10.347
13.0 10.448
13.0 10.379
13.0 10.359
13.0 10.638
13.0 10.499
13.0 10.231
500
12.0 3.619
12.0 7.441
12.0 8.017
12.0 8.372
12.0 8.734
12.0 8.862
12.0 9.006
12.5 9.226
12.5 9.271
13.5 9.373
13.5 9.355
13.5 9.366
13.5 9.388
13.5 9.342
13.5 9.565
13.5 9.761
13.5 9.879
13.5 10.219
13.5 10.264
13.5 10.073
13.5 10.429
13.5 10.739
13.5 10.425
13.5 10.592
13.5 10.431
13.5 10.584
13.5 10.549
13.5 10.415
13.5 10.667
13.5 10.838
13.5 10.74
13.5 10.863
13.5 10.968
13.5 10.687
13.5 10.782
13.5 10.642
13.5 10.566
13.5 10.343
13.5 10.715
13.5 10.624
13.5 10.868
13.5 10.607
13.5 10.179
13.5 10.239
13.5 10.459
13.5 10.422
13.5 10.288
13.5 10.583
13.5 10.959
13.5 10.881
13.5 10.89
13.5 10.778
13.5 10.585
13.5 10.433
13.5 10.676
13.5 10.582
13.5 10.622
13.5 10.716
13.5 10.64
13.5 10.588
13.5 10.743
13.5 10.514
13.5 10.507
13.5 10.55
13.5 10.313
13.5 10.391
13.5 10.669
13.5 10.675
13.5 10.631
13.5 10.683
13.5 10.671
13.5 10.762
13.5 10.75
13.5 10.484
13.5 10.482
13.5 10.309
13.5 10.363
13.5 10.466
13.5 10.214
13.5 10.334
13.5 10.417
13.5 10.488
13.5 10.692
13.5 10.724
13.5 10.625
13.5 10.598
13.5 10.721
13.5 10.869
13.5 10.805
13.5 10.573
13.5 10.665
13.5 10.437
13.5 10.432
13.5 10.624
13.5 10.479
13.5 10.665
13.5 10.62
13.5 10.456
13.5 10.881
13.5 10.874
13.5 10.738
13.5 10.693
13.5 10.569
13.5 10.701
13.5 10.695
13.5 10.872
13.5 10.809
13.5 10.656
13.5 10.581
13.5 10.557
13.5 10.901
13.5 10.7
13.5 10.69
13.5 10.96
13.5 10.646
13.5 10.863
13.5 10.644
13.5 10.588
13.5 10.766
13.5 10.64
13.5 10.479
13.5 10.629
13.5 10.618
13.5 10.411
13.5 10.487
13.5 10.59
13.5 10.332
13.5 10.372
13.5 10.422
13.5 10.65
13.5 10.733
13.5 10.726
13.5 10.837
13.5 10.761
13.5 10.852
13.5 10.994
13.5 10.765
13.5 10.98
13.5 10.802
13.5 10.77
13.5 10.668
13.5 10.781
13.5 10.704
13.5 11.073
13.5 10.318
13.5 10.796
13.5 10.724
13.5 10.981
13.5 10.493
13.5 10.63
13.5 10.814
13.5 10.626
13.5 10.689
13.5 10.721
13.5 10.551
13.5 10.932
13.5 10.831
13.5 10.645
13.5 10.433
13.5 10.399
13.5 10.501
13.5 10.658
13.5 10.746
13.5 10.458
13.5 10.633
13.5 10.681
13.5 10.558
13.5 10.722
13.5 10.749
13.5 10.883
13.5 10.234
13.5 10.605
13.5 10.693
13.5 10.578
13.5 10.68
13.5 10.729
13.5 10.691
13.5 10.6
13.5 10.747
13.5 10.53
13.5 10.586
13.5 10.671
13.5 10.661
13.5 10.175
13.5 10.539
13.5 10.742
13.5 10.703
13.5 10.904
13.5 10.679
13.5 10.661
13.5 10.87
13.5 10.409
13.5 10.453
13.5 10.683
13.5 10.782
13.5 10.654
13.5 10.737
13.5 10.669
13.5 10.703
13.5 10.866
13.5 10.903
13.5 10.783
13.5 10.829
13.5 10.756
13.5 10.696
13.5 10.801
13.5 11.086
13.5 10.921
13.5 10.768
13.5 10.738
13.5 10.739
13.5 10.429
13.5 10.534
13.5 10.519
13.5 10.293
13.5 10.403
13.5 10.324
13.5 10.421
13.5 10.503
13.5 10.287
13.5 10.622
13.5 10.609
13.5 10.848
13.5 10.708
13.5 10.646
13.5 10.278
13.5 10.406
13.5 10.498
13.5 10.818
13.5 10.826
13.5 10.423
13.5 10.769
13.5 10.683
13.5 10.86
13.5 10.898
13.5 10.585
13.5 10.924
13.5 10.714
13.5 10.66
13.5 10.475
13.5 10.533
13.5 10.447
13.5 10.398
13.5 10.604
13.5 10.502
13.5 10.641
13.5 10.797
13.5 10.467
13.5 10.277
13.5 10.579
13.5 10.68
13.5 10.724
13.5 10.302
13.5 10.645
13.5 10.409
13.5 10.639
13.5 10.513
13.5 10.292
13.5 10.167
13.5 10.701
13.5 10.553
13.5 10.568
13.5 10.771
13.5 10.426
13.5 10.407
13.5 10.642
13.5 10.454
13.5 10.502
13.5 10.607
13.5 10.327
13.5 10.535
13.5 10.63
13.5 10.66
13.5 10.515
13.5 10.756
13.5 10.961
13.5 10.374
13.5 10.387
13.5 10.583
13.5 10.526
13.5 10.63
13.5 10.457
13.5 10.596
13.5 10.472
13.5 10.698
13.5 10.419
13.5 10.677
13.5 10.556
13.5 10.527
13.5 10.633
13.5 10.342
13.5 10.394
13.5 10.491
13.5 10.805
13.5 10.789
13.5 10.626
13.5 10.658
13.5 10.481
13.5 10.718
13.5 10.828
13.5 10.743
13.5 10.474
13.5 10.408
13.5 10.652
13.5 10.678
13.5 10.416
13.5 10.572
13.5 10.383
13.5 10.545
13.5 10.687
13.5 10.711
13.5 10.681
13.5 10.584
13.5 10.602
13.5 10.766
13.5 10.595
13.5 10.344
13.5 10.602
13.5 10.547
13.5 10.491
13.5 10.61
13.5 10.724
13.5 10.641
13.5 10.586
13.5 10.563
13.5 10.687
13.5 10.67
13.5 10.609
13.5 10.283
13.5 10.292
13.5 10.546
13.5 10.645
13.5 10.555
13.5 10.701
13.5 10.64
13.5 10.72
13.5 10.478
13.5 10.634
13.5 10.845
13.5 10.833
13.5 10.935
13.5 10.812
13.5 10.878
13.5 10.978
13.5 10.815
13.5 10.519
13.5 10.788
13.5 10.313
13.5 10.751
13.5 10.886
13.5 10.613
13.5 10.605
13.5 10.811
13.5 10.767
13.5 10.106
13.5 10.368
13.5 10.785
13.5 10.686
13.5 10.795
13.5 10.871
13.5 10.916
13.5 10.778
13.5 10.439
13.5 10.575
13.5 10.587
13.5 10.662
13.5 10.551
13.5 10.91
13.5 10.864
13.5 10.265
13.5 10.273
13.5 10.278
13.5 10.448
13.5 10.627
13.5 10.667
13.5 10.757
13.5 10.641
13.5 10.609
13.5 10.4
13.5 10.632
13.5 10.45
13.5 10.44
13.5 10.489
13.5 10.376
13.5 10.545
13.5 10.55
13.5 10.331
13.5 10.437
13.5 10.54
13.5 10.42
13.5 10.422
13.5 10.622
13.5 10.862
13.5 10.813
13.5 10.505
13.5 10.519
13.5 10.889
13.5 10.703
13.5 10.695
13.5 10.759
13.5 10.773
13.5 10.695
13.5 10.422
13.5 10.601
13.5 10.372
13.5 10.772
13.5 10.701
13.5 10.525
13.5 10.827
13.5 10.588
13.5 10.64
13.5 10.907
13.5 10.45
13.5 10.545
13.5 10.391
13.5 10.537
13.5 10.394
13.5 10.478
13.5 10.59
13.5 10.638
13.5 10.591
13.5 10.725
13.5 10.703
13.5 10.641
13.5 10.705
13.5 10.789
13.5 10.606
13.5 10.5
13.5 10.478
13.5 10.441
13.5 10.523
13.5 10.492
13.5 10.509
13.5 10.376
13.5 10.465
13.5 10.537
13.5 10.511
13.5 10.664
13.5 10.682
13.5 10.601
13.5 10.679
13.5 10.48
13.5 10.499
13.5 10.804
13.5 10.682
13.5 10.612
13.5 10.469
13.5 10.52
13.5 10.436
13.5 10.678
13.5 10.783
13.5 10.541
13.5 10.845
13.5 10.683
13.5 10.781
13.5 10.903
13.5 10.656
13.5 10.564
13.5 10.633
13.5 10.662
13.5 10.61
13.5 10.681
13.5 10.488
13.5 10.528
13.5 10.638
13.5 10.633
13.5 10.624
13.5 10.658
13.5 10.783
13.5 10.84
13.5 10.794
13.5 10.843
13.5 10.713
13.5 10.773
13.5 10.955
13.5 10.587
13.5 10.515
13.5 10.462
13.5 10.395
13.5 10.421
13.5 10.68
13.5 10.408
13.5 10.71
13.5 10.457
13.5 10.658
13.5 10.483
13.5 10.482
13.5 10.562
13.5 10.415
13.5 10.313
13.5 10.43
13.5 10.582
13.5 10.606
13.5 10.424
13.5 10.203
13.5 10.32
13.5 10.434
13.5 10.555
13.5 10.602
13.5 10.599
500
12.0 3.795
12.0 7.408
12.0 8.4
13.0 8.5
13.0 8.792
13.0 9.273
13.0 9.484
13.0 9.277
13.0 9.732
13.0 9.534
13.0 9.707
13.0 9.699
13.0 9.526
13.0 9.457
13.0 9.998
13.0 9.848
13.0 9.83
13.0 9.683
13.0 10.03
13.0 9.987
13.0 10.146
13.0 10.035
13.0 9.996
13.0 10.151
13.0 10.17
13.0 10.025
13.0 10.046
13.0 9.995
13.0 9.87
13.0 10.122
13.0 10.19
13.0 10.025
13.0 10.02
13.0 9.707
13.0 9.899
13.0 10.343
13.0 9.828
13.0 9.643
13.0 9.85
13.0 9.801
13.0 10.077
13.0 9.868
13.0 9.945
13.0 9.765
13.0 9.94
13.0 9.894
13.0 9.833
13.0 9.739
13.0 9.986
13.0 9.856
13.0 10.019
13.0 9.981
13.0 9.921
13.0 10.26
13.0 9.928
13.0 10.102
13.0 10.119
13.0 10.038
13.0 10.319
13.0 10.285
13.0 9.784
13.0 10.384
13.0 10.044
13.0 9.968
13.0 10.002
13.0 9.753
13.0 9.971
13.0 10.075
13.0 10.08
13.0 10.026
13.0 10.234
13.0 9.909
13.0 10.288
13.0 9.931
13.0 9.976
13.0 10.01
13.0 9.332
13.0 9.917
13.0 10.252
13.0 9.655
13.0 9.994
13.0 9.962
13.0 9.821
13.0 10.042
13.0 9.792
13.0 10.219
13.0 10.124
13.0 9.816
13.0 10.036
13.0 9.937
13.0 9.75
13.0 10.061
13.0 10.159
13.0 10.085
13.0 9.959
13.0 10.041
13.0 10.191
13.0 10.209
13.0 10.504
13.0 9.982
13.0 9.987
13.0 10.173
13.0 10.063
13.0 9.878
13.0 9.944
13.0 9.924
13.0 9.988
13.0 10.284
13.0 10.185
13.0 10.201
13.0 10.163
13.0 10.233
13.0 9.83
13.0 10.069
13.0 10.071
13.0 10.24
13.0 9.593
13.0 9.823
13.0 9.881
13.0 9.827
13.0 10.099
13.0 10.006
13.0 10.098
13.0 9.863
13.0 9.959
13.0 10.102
13.0 9.942
13.0 9.938
13.0 9.85
13.0 10.245
13.0 9.979
13.0 10.085
13.0 10.046
13.0 10.067
13.0 10.146
13.0 10.226
13.0 10.087
13.0 10.061
13.0 10.103
13.0 9.639
13.0 9.762
13.0 9.756
13.0 9.985
13.0 9.956
13.0 9.971
13.0 10.112
13.0 9.826
13.0 9.966
13.0 10.19
13.0 10.079
13.0 9.699
13.0 9.783
13.0 9.387
13.0 9.794
13.0 9.826
13.0 10.236
13.0 9.908
13.0 10.235
13.0 10.12
13.0 10.119
13.0 9.716
13.0 9.849
13.0 9.903
13.0 10.031
13.0 10.044
13.0 10.05
13.0 9.805
13.0 10.165
13.0 10.144
13.0 10.147
13.0 9.866
13.0 10.257
13.0 9.892
13.0 9.907
13.0 10.178
13.0 10.092
13.0 10.378
13.0 10.289
13.0 9.873
13.0 9.915
13.0 10.03
13.0 10.043
13.0 9.9
13.0 10.074
13.0 9.74
13.0 10.12
13.0 10.028
13.0 9.744
13.0 10.101
13.0 10.013
13.0 9.906
13.0 10.14
13.0 10.061
13.0 9.639
13.0 10.203
13.0 10.01
13.0 9.989
13.0 10.191
13.0 10.14
13.0 9.477
13.0 9.744
13.0 9.724
13.0 9.752
13.0 9.852
13.0 10.042
13.0 10.185
13.0 10.248
13.0 10.098
13.0 10.044
13.0 10.324
13.0 10.108
13.0 10.118
13.0 10.135
13.0 9.991
13.0 9.94
13.0 9.794
13.0 10.218
13.0 10.191
13.0 10.122
13.0 10.383
13.0 10.186
13.0 9.927
13.0 9.845
13.0 10.08
13.0 10.272
13.0 9.792
13.0 9.799
13.0 9.477
13.0 9.864
13.0 10.062
13.0 9.938
13.0 9.602
13.0 9.907
13.0 10.028
13.0 10.369
13.0 9.851
13.0 9.64
13.0 10.111
13.0 10.092
13.0 9.745
13.0 9.937
13.0 9.647
13.0 9.778
13.0 9.769
13.0 9.821
13.0 9.896
13.0 9.762
13.0 10.169
13.0 9.891
13.0 9.719
13.0 10.008
13.0 9.917
13.0 9.902
13.0 9.637
13.0 10.032
13.0 10.203
13.0 10.073
13.0 10.077
13.0 10.093
13.0 10.349
13.0 9.903
13.0 9.868
13.0 10.117
13.0 9.968
13.0 9.859
13.0 9.726
13.0 9.861
13.0 10.1
13.0 9.978
13.0 9.439
13.0 9.802
13.0 10.202
13.0 10.313
13.0 10.164
13.0 10.033
13.0 9.942
13.0 10.137
13.0 10.0
13.0 10.027
13.0 10.092
13.0 9.975
13.0 10.05
13.0 9.999
13.0 10.088
13.0 10.024
13.0 9.829
13.0 9.497
13.0 9.972
13.0 9.977
13.0 9.973
13.0 10.044
13.0 10.032
13.0 10.029
13.0 9.918
13.0 9.792
13.0 9.941
13.0 9.917
13.0 9.898
13.0 9.883
13.0 9.593
13.0 9.949
13.0 10.07
13.0 9.999
13.0 10.071
13.0 9.907
13.0 10.079
13.0 10.092
13.0 9.923
13.0 10.232
13.0 10.034
13.0 9.898
13.0 9.96
13.0 9.778
13.0 10.02
13.0 10.12
13.0 10.092
13.0 9.83
13.0 9.531
13.0 9.786
13.0 10.032
13.0 9.643
13.0 10.016
13.0 10.369
13.0 9.893
13.0 9.925
13.0 10.04
13.0 9.646
13.0 9.837
13.0 9.964
13.0 10.195
13.0 10.111
13.0 10.059
13.0 9.968
13.0 10.056
13.0 10.187
13.0 10.009
13.0 9.847
13.0 10.108
13.0 10.004
13.0 9.992
13.0 10.108
13.0 10.257
13.0 10.113
13.0 9.755
13.0 10.071
13.0 10.056
13.0 10.379
13.0 9.866
13.0 9.532
13.0 9.99
13.0 10.073
13.0 9.938
13.0 9.776
13.0 9.649
13.0 9.888
13.0 9.723
13.0 9.967
13.0 10.088
13.0 10.286
13.0 10.09
13.0 9.936
13.0 10.266
13.0 10.05
13.0 10.1
13.0 9.746
13.0 9.701
13.0 10.133
13.0 9.926
13.0 10.034
13.0 9.683
13.0 10.066
13.0 10.411
13.0 10.107
13.0 9.908
13.0 9.914
13.0 10.071
13.0 10.376
13.0 9.929
13.0 10.056
13.0 9.819
13.0 9.989
13.0 9.966
13.0 10.095
13.0 10.142
13.0 10.096
13.0 9.843
13.0 9.719
13.0 9.866
13.0 10.037
13.0 10.21
13.0 9.838
13.0 10.113
13.0 10.04
13.0 10.058
13.0 10.105
13.0 10.181
13.0 10.23
13.0 10.411
13.0 10.25
13.0 10.113
13.0 10.127
13.0 10.0
13.0 9.879
13.0 9.877
13.0 10.262
13.0 9.98
13.0 10.062
13.0 9.709
13.0 10.045
13.0 9.88
13.0 10.094
13.0 9.917
13.0 10.069
13.0 10.034
13.0 10.023
13.0 10.142
13.0 10.068
13.0 9.948
13.0 9.601
13.0 9.728
13.0 10.103
13.0 9.95
13.0 9.829
13.0 9.888
13.0 10.054
13.0 10.101
13.0 10.196
13.0 9.859
13.0 9.997
13.0 9.63
13.0 9.752
13.0 9.953
13.0 9.974
13.0 10.022
13.0 9.929
13.0 10.127
13.0 9.88
13.0 9.822
13.0 9.814
13.0 9.915
13.0 9.834
13.0 10.019
13.0 9.844
13.0 9.987
13.0 9.927
13.0 9.825
13.0 10.13
13.0 9.76
13.0 10.036
13.0 9.997
13.0 10.088
13.0 10.267
13.0 10.065
13.0 10.153
13.0 10.253
13.0 10.137
13.0 10.198
13.0 9.944
13.0 10.091
13.0 10.051
13.0 10.101
13.0 9.823
13.0 10.042
13.0 9.925
13.0 10.042
13.0 10.056
13.0 9.881
13.0 9.931
13.0 9.982
13.0 9.826
13.0 10.028
13.0 10.087
13.0 10.391
13.0 10.135
13.0 9.784
13.0 9.8
13.0 9.917
13.0 9.58
13.0 9.836
13.0 9.853
13.0 10.05
13.0 10.171
13.0 9.834
13.0 9.984
13.0 9.865
13.0 9.853
13.0 9.898
13.0 9.882
13.0 10.049
13.0 10.093
13.0 9.819
13.0 10.018
13.0 9.942
13.0 9.638
13.0 9.832
13.0 9.96
13.0 10.121
13.0 9.945
13.0 10.057
13.0 9.951
500
12.5 3.656
12.5 7.539
12.5 8.422
12.5 8.877
12.5 8.763
12.5 8.89
12.5 9.212
12.5 9.187
12.5 9.331
12.5 9.532
13.0 9.622
13.0 9.744
13.0 9.631
13.0 9.684
13.0 9.846
13.0 9.595
13.0 9.7
13.0 10.061
13.0 10.019
13.0 9.91
13.0 9.988
13.0 9.948
13.0 9.805
13.0 9.883
13.0 10.029
13.0 10.087
13.0 10.247
13.0 10.079
13.0 10.186
13.0 10.393
13.0 10.227
13.0 10.497
13.0 10.43
13.0 10.2
13.0 10.198
13.0 10.345
13.0 10.42
13.0 9.978
13.0 10.19
13.0 10.318
13.0 9.948
13.0 10.101
13.0 9.82
13.5 10.002
13.5 10.185
13.5 10.031
13.5 10.241
13.5 10.214
13.5 10.26
13.5 10.037
13.5 10.284
13.5 10.319
13.5 10.484
13.5 10.493
13.5 10.574
13.5 10.381
13.5 10.355
13.5 10.431
13.5 10.651
13.5 10.655
13.5 10.416
13.5 10.393
13.5 10.59
13.5 10.591
13.5 10.58
13.5 10.911
13.5 10.464
13.5 10.414
13.5 10.375
13.5 10.6
13.5 10.637
13.5 10.623
13.5 11.005
13.5 10.871
13.5 10.863
13.5 10.707
13.5 10.603
13.5 10.454
13.5 10.835
13.5 10.799
13.5 10.735
13.5 10.736
13.5 10.696
13.5 10.778
13.5 10.649
13.5 10.645
13.5 10.77
13.5 10.632
13.5 10.739
13.5 10.712
13.5 10.639
13.5 10.815
13.5 10.589
13.5 10.866
13.5 10.71
13.5 10.785
13.5 10.88
13.5 10.78
13.5 10.435
13.5 10.664
13.5 10.584
13.5 10.707
13.5 10.525
13.5 10.646
13.5 10.592
13.5 10.569
13.5 10.713
13.5 10.452
13.5 10.716
13.5 10.502
13.5 10.309
13.5 10.501
13.5 10.535
13.5 10.654
13.5 10.674
13.5 10.24
13.5 10.468
13.5 10.506
13.5 10.51
13.5 10.47
13.5 10.387
13.5 10.308
13.5 10.822
13.5 10.733
13.5 10.639
13.5 10.686
13.5 10.647
13.5 10.356
13.5 10.13
13.5 10.373
13.5 10.167
13.5 10.572
13.5 10.601
13.5 10.67
13.5 10.552
13.5 10.769
13.5 10.58
13.5 10.591
13.5 10.59
13.5 10.61
13.5 10.574
13.5 10.377
13.5 10.085
13.5 10.849
13.5 10.389
13.5 10.86
13.5 10.343
13.5 10.567
13.5 10.467
13.5 10.679
13.5 10.547
13.5 10.752
13.5 10.662
13.5 10.646
13.5 10.452
13.5 10.808
13.5 10.611
13.5 10.801
13.5 10.897
13.5 10.63
13.5 10.723
13.5 10.686
13.5 10.858
13.5 10.819
13.5 10.769
13.5 10.82
13.5 10.692
13.5 10.726
13.5 10.623
13.5 10.572
13.5 10.782
13.5 10.796
13.5 10.84
13.5 10.881
13.5 10.911
13.5 10.802
13.5 10.719
13.5 10.701
13.5 10.3
13.5 10.456
13.5 10.696
13.5 10.61
13.5 10.534
13.5 10.553
13.5 10.385
13.5 10.313
13.5 10.424
13.5 10.443
13.5 10.521
13.5 10.312
13.5 10.671
13.5 10.322
13.5 10.348
13.5 10.539
13.5 10.806
13.5 10.619
13.5 10.829
13.5 10.289
13.5 10.864
13.5 10.747
13.5 10.846
13.5 10.407
13.5 10.622
13.5 10.741
13.5 10.479
13.5 10.5
13.5 10.681
13.5 10.455
13.5 10.334
13.5 10.536
13.5 10.713
13.5 10.706
13.5 10.387
13.5 10.558
13.5 10.514
13.5 10.672
13.5 10.554
13.5 10.632
13.5 10.515
13.5 10.41
13.5 10.731
13.5 10.729
13.5 10.612
13.5 10.527
13.5 10.523
13.5 10.392
13.5 10.366
13.5 10.445
13.5 10.515
13.5 10.495
13.5 10.57
13.5 10.659
13.5 11.055
13.5 10.984
13.5 10.733
13.5 10.897
13.5 10.608
13.5 10.808
13.5 10.438
13.5 10.713
13.5 10.353
13.5 10.594
13.5 10.593
13.5 10.529
13.5 10.664
13.5 10.633
13.5 10.489
13.5 10.701
13.5 10.567
13.5 10.664
13.5 10.403
13.5 10.509
13.5 10.826
13.5 10.634
13.5 10.677
13.5 10.792
13.5 10.715
13.5 10.789
13.5 10.657
13.5 10.64
13.5 10.824
13.5 10.403
13.5 10.342
13.5 10.613
13.5 10.522
13.5 10.692
13.5 10.874
13.5 10.533
13.5 10.784
13.5 10.679
13.5 10.569
13.5 10.828
13.5 10.779
13.5 10.764
13.5 10.684
13.5 10.665
13.5 10.398
13.5 10.693
13.5 10.674
13.5 10.415
13.5 10.346
13.5 10.614
13.5 10.568
13.5 10.647
13.5 10.693
13.5 10.554
13.5 10.557
13.5 10.6
13.5 10.708
13.5 10.683
13.5 10.428
13.5 10.417
13.5 10.356
13.5 10.654
13.5 10.758
13.5 10.99
13.5 10.771
13.5 10.536
13.5 10.772
13.5 10.582
13.5 10.368
13.5 10.507
13.5 10.492
13.5 10.485
13.5 10.665
13.5 10.575
13.5 10.564
13.5 10.625
13.5 10.649
13.5 10.764
13.5 10.68
13.5 10.727
13.5 10.552
13.5 10.599
13.5 10.745
13.5 10.571
13.5 10.434
13.5 10.477
13.5 10.401
13.5 10.376
13.5 10.621
13.5 10.407
13.5 10.533
13.5 10.791
13.5 10.392
13.5 10.601
13.5 10.595
13.5 10.544
13.5 10.917
13.5 10.774
13.5 10.94
13.5 10.906
13.5 10.534
13.5 10.381
13.5 10.507
13.5 10.226
13.5 10.31
13.5 10.56
13.5 10.512
13.5 10.586
13.5 10.671
13.5 10.316
13.5 10.594
13.5 10.542
13.5 10.587
13.5 10.591
13.5 10.427
13.5 10.732
13.5 10.436
13.5 10.897
13.5 10.499
13.5 10.657
13.5 10.846
13.5 10.839
13.5 10.831
13.5 10.657
13.5 10.665
13.5 10.319
13.5 10.49
13.5 10.552
13.5 10.157
13.5 10.503
13.5 10.597
13.5 10.679
13.5 10.56
13.5 10.554
13.5 10.799
13.5 10.596
13.5 10.669
13.5 10.765
13.5 10.659
13.5 10.931
13.5 10.884
13.5 10.599
13.5 10.245
13.5 10.598
13.5 10.779
13.5 10.137
13.5 10.75
13.5 10.704
13.5 10.6
13.5 10.86
13.5 10.363
13.5 10.582
13.5 10.645
13.5 10.601
13.5 10.292
13.5 10.481
13.5 10.52
13.5 10.442
13.5 10.72
13.5 10.723
13.5 10.762
13.5 10.468
13.5 10.603
13.5 10.693
13.5 10.536
13.5 10.585
13.5 10.786
13.5 10.481
13.5 10.746
13.5 10.744
13.5 10.518
13.5 10.771
13.5 10.537
13.5 10.743
13.5 10.798
13.5 10.377
13.5 10.471
13.5 10.458
13.5 10.544
13.5 10.414
13.5 10.747
13.5 10.993
13.5 10.732
13.5 10.522
13.5 10.906
13.5 10.671
13.5 10.397
13.5 10.59
13.5 10.555
13.5 10.629
13.5 10.767
13.5 10.624
13.5 10.662
13.5 10.505
13.5 10.313
13.5 10.553
13.5 10.867
13.5 10.763
13.5 10.633
13.5 10.704
13.5 10.554
13.5 10.817
13.5 10.578
13.5 10.379
13.5 10.47
13.5 10.346
13.5 10.402
13.5 10.235
13.5 10.419
13.5 10.388
13.5 10.668
13.5 10.562
13.5 10.595
13.5 10.841
13.5 10.662
13.5 10.578
13.5 10.595
13.5 10.661
13.5 10.337
13.5 10.215
13.5 10.57
13.5 10.445
13.5 10.708
13.5 10.686
13.5 10.522
13.5 10.625
13.5 10.423
13.5 10.353
13.5 10.445
13.5 10.491
13.5 10.522
13.5 10.717
13.5 11.057
13.5 10.818
13.5 10.665
13.5 10.506
13.5 10.501
13.5 10.725
13.5 10.511
13.5 10.998
13.5 10.729
13.5 10.297
13.5 10.731
13.5 10.375
13.5 10.417
13.5 10.204
13.5 10.368
13.5 10.759
13.5 10.611
13.5 10.882
13.5 10.692
13.5 10.431
13.5 10.495
13.5 10.504
13.5 10.511
13.5 10.69
13.5 10.856
13.5 10.756
13.5 10.701
13.5 10.684
13.5 10.731
13.5 10.631
13.5 10.763
13.5 10.814
13.5 10.818
13.5 10.712
13.5 10.437
13.5 10.626
500
11.5 3.676
12.5 7.607
12.5 8.429
12.5 8.983
12.5 9.2
12.5 9.468
12.5 9.602
13.0 9.707
13.0 9.251
13.0 9.858
13.0 9.841
13.0 9.845
13.0 9.81
13.0 9.852
13.0 9.718
13.0 9.884
13.0 9.999
13.0 9.998
13.0 9.852
13.5 9.985
13.5 10.165
13.5 10.24
13.5 9.918
13.5 9.907
13.5 10.214
13.5 9.954
13.5 10.022
13.5 9.867
13.5 9.924
13.5 10.246
13.5 10.113
13.5 10.059
13.5 10.009
13.5 10.157
13.5 10.02
13.5 10.216
13.5 10.401
13.5 10.408
13.5 10.715
13.5 10.723
13.5 10.205
13.5 10.572
13.5 10.66
13.5 10.737
13.5 10.513
13.5 10.659
13.5 10.7
13.5 10.514
13.5 10.846
13.5 10.92
13.5 10.771
13.5 10.695
13.5 10.538
13.5 10.753
13.5 10.838
13.5 10.662
13.5 10.525
13.5 10.711
13.5 10.282
13.5 10.48
13.5 10.53
13.5 10.551
13.5 10.691
13.5 10.526
13.5 10.681
13.5 10.527
13.5 10.12
13.5 10.266
13.5 10.382
13.5 10.708
13.5 10.834
13.5 10.737
13.5 10.654
13.5 10.846
13.5 10.522
13.5 10.513
13.5 10.706
13.5 10.707
13.5 10.69
13.5 10.776
13.5 10.846
13.5 10.857
13.5 10.836
13.5 10.759
13.5 10.95
13.5 10.6
13.5 10.52
13.5 10.662
13.5 10.873
13.5 10.451
13.5 10.386
13.5 10.543
13.5 10.48
13.5 10.519
13.5 10.911
13.5 10.836
13.5 10.874
13.5 10.711
13.5 10.522
13.5 10.306
13.5 10.632
13.5 10.614
13.5 10.607
13.5 10.502
13.5 10.795
13.5 10.664
13.5 10.565
13.5 10.674
13.5 10.867
13.5 10.752
13.5 10.86
13.5 10.393
13.5 10.429
13.5 10.456
13.5 10.713
13.5 10.952
13.5 10.956
13.5 10.542
13.5 10.675
13.5 10.839
13.5 10.776
13.5 10.549
13.5 10.641
13.5 10.63
13.5 10.789
13.5 11.047
13.5 10.679
13.5 10.618
13.5 10.492
13.5 10.524
13.5 10.496
13.5 10.73
13.5 10.237
13.5 10.621
13.5 10.762
13.5 10.663
13.5 10.716
13.5 10.794
13.5 10.932
13.5 10.559
13.5 10.547
13.5 10.54
13.5 10.611
13.5 10.832
13.5 10.764
13.5 10.577
13.5 10.51
13.5 10.71
13.5 10.739
13.5 10.36
13.5 10.702
13.5 10.712
13.5 10.801
13.5 10.603
13.5 10.439
13.5 10.518
13.5 10.553
13.5 10.634
13.5 10.885
13.5 10.507
13.5 10.443
13.5 9.84
13.5 10.444
13.5 10.325
13.5 10.974
13.5 10.899
13.5 10.377
13.5 10.339
13.5 10.276
13.5 10.486
13.5 10.479
13.5 10.331
13.5 10.439
13.5 10.609
13.5 10.544
13.5 10.777
13.5 10.651
13.5 10.824
13.5 10.664
13.5 10.487
13.5 10.585
13.5 10.573
13.5 10.583
13.5 10.506
13.5 10.49
13.5 10.657
13.5 10.532
13.5 10.405
13.5 10.466
13.5 10.373
13.5 10.389
13.5 10.417
13.5 10.609
13.5 10.52
13.5 10.549
13.5 10.393
13.5 10.387
13.5 10.703
13.5 10.64
13.5 10.904
13.5 10.857
13.5 10.475
13.5 10.315
13.5 10.487
13.5 10.532
13.5 10.842
13.5 10.678
13.5 10.543
13.5 10.479
13.5 10.584
13.5 10.719
13.5 10.533
13.5 10.626
13.5 10.573
13.5 10.457
13.5 10.287
13.5 10.495
13.5 10.406
13.5 10.884
13.5 10.576
13.5 10.827
13.5 10.812
13.5 10.775
13.5 10.777
13.5 10.559
13.5 10.745
13.5 10.777
13.5 10.75
13.5 10.584
13.5 10.744
13.5 10.694
13.5 10.717
13.5 10.922
13.5 10.762
13.5 10.878
13.5 10.766
13.5 10.599
13.5 10.718
13.5 10.231
13.5 10.679
13.5 10.587
13.5 10.517
13.5 10.662
13.5 10.402
13.5 10.608
13.5 10.437
13.5 10.546
13.5 10.758
13.5 10.434
13.5 10.579
13.5 10.575
13.5 10.557
13.5 10.577
13.5 10.147
13.5 10.53
13.5 10.35
13.5 10.494
13.5 10.4
13.5 10.465
13.5 10.557
13.5 10.428
13.5 10.445
13.5 10.592
13.5 10.347
13.5 10.29
13.5 10.604
13.5 10.604
13.5 10.675
13.5 10.787
13.5 10.529
13.5 10.439
13.5 10.512
13.5 10.479
13.5 10.593
13.5 10.704
13.5 10.677
13.5 10.729
13.5 10.803
13.5 10.764
13.5 10.586
13.5 10.58
13.5 10.308
13.5 10.32
13.5 10.493
13.5 10.514
13.5 10.294
13.5 10.585
13.5 10.593
13.5 10.474
13.5 10.495
13.5 10.495
13.5 10.507
13.5 10.777
13.5 10.637
13.5 10.606
13.5 10.701
13.5 10.292
13.5 10.06
13.5 10.673
13.5 10.448
13.5 10.473
13.5 10.494
13.5 10.642
13.5 10.796
13.5 10.471
13.5 10.55
13.5 10.8
13.5 10.311
13.5 10.622
13.5 10.623
13.5 10.722
13.5 10.451
13.5 10.596
13.5 10.447
13.5 10.387
13.5 10.233
13.5 10.608
13.5 10.812
13.5 10.718
13.5 10.397
13.5 10.781
13.5 10.442
13.5 10.628
13.5 10.807
13.5 10.738
13.5 10.701
13.5 10.613
13.5 10.657
13.5 10.631
13.5 10.474
13.5 10.463
13.5 10.285
13.5 10.587
13.5 10.099
13.5 10.564
13.5 10.666
13.5 10.35
13.5 10.421
13.5 10.804
13.5 10.714
13.5 10.69
13.5 10.759
13.5 10.351
13.5 10.592
13.5 10.639
13.5 10.406
13.5 10.302
13.5 10.478
13.5 10.634
13.5 10.704
13.5 10.709
13.5 10.649
13.5 10.791
13.5 10.659
13.5 10.541
13.5 10.741
13.5 10.668
13.5 10.354
13.5 10.542
13.5 10.368
13.5 10.713
13.5 10.379
13.5 10.203
13.5 10.428
13.5 10.4
13.5 10.447
13.5 10.547
13.5 10.567
13.5 10.844
13.5 10.721
13.5 10.878
13.5 10.668
13.5 10.509
13.5 10.444
13.5 10.363
13.5 10.847
13.5 10.624
13.5 10.817
13.5 10.84
13.5 10.797
13.5 10.301
13.5 10.503
13.5 10.475
13.5 10.713
13.5 10.768
13.5 10.639
13.5 10.445
13.5 10.537
13.5 10.494
13.5 10.631
13.5 10.473
13.5 10.507
13.5 10.383
13.5 10.235
13.5 10.603
13.5 10.562
13.5 10.614
13.5 10.428
13.5 10.548
13.5 10.575
13.5 10.504
13.5 10.628
13.5 10.381
13.5 10.625
13.5 10.835
13.5 10.588
13.5 10.744
13.5 10.791
13.5 10.691
13.5 10.7
13.5 10.477
13.5 10.771
13.5 10.7
13.5 10.469
13.5 10.634
13.5 10.162
13.5 10.433
13.5 10.528
13.5 10.272
13.5 10.402
13.5 10.58
13.5 10.605
13.5 10.639
13.5 10.486
13.5 10.745
13.5 10.588
13.5 10.204
13.5 10.672
13.5 10.651
13.5 10.492
13.5 10.467
13.5 10.634
13.5 10.653
13.5 10.449
13.5 10.444
13.5 10.729
13.5 10.654
13.5 10.902
13.5 10.716
13.5 10.739
13.5 10.774
13.5 10.612
13.5 10.608
13.5 10.663
13.5 10.513
13.5 10.486
13.5 10.773
13.5 10.22
13.5 10.473
13.5 9.974
13.5 10.565
13.5 10.953
13.5 10.72
13.5 10.519
13.5 10.373
13.5 10.461
13.5 10.362
13.5 10.592
13.5 10.548
13.5 10.533
13.5 10.375
13.5 10.728
13.5 10.863
13.5 10.734
13.5 10.655
13.5 10.714
13.5 10.53
13.5 10.43
13.5 10.44
13.5 10.597
13.5 10.785
13.5 10.67
13.5 10.18
13.5 10.425
13.5 10.505
13.5 10.832
13.5 10.704
13.5 10.79
13.5 10.548
13.5 10.411
13.5 10.429
13.5 10.701
13.5 10.664
13.5 10.778
13.5 10.673
13.5 10.733
13.5 10.508
13.5 10.596
13.5 10.541
13.5 10.569
13.5 10.357
13.5 10.566
13.5 10.83
13.5 10.78
13.5 10.773
13.5 10.502
13.5 10.43
13.5 10.685
13.5 10.58
13.5 10.634
500
11.0 3.752
11.0 7.354
11.0 8.164
12.5 8.429
12.5 8.931
12.5 8.991
12.5 9.124
12.5 9.113
12.5 9.124
13.0 9.199
13.0 9.609
13.0 9.85
13.0 9.846
13.0 9.852
13.0 9.859
13.0 9.717
13.0 9.835
13.0 9.76
13.0 9.6
13.0 10.071
13.0 9.863
13.0 10.312
13.0 10.191
13.0 10.172
13.0 9.779
13.0 10.239
13.0 9.883
13.0 10.111
13.0 10.107
13.0 10.073
13.0 10.092
13.0 9.97
13.0 10.262
13.0 9.965
13.0 9.743
13.0 9.764
13.0 9.859
13.0 10.027
13.0 10.234
13.0 10.005
13.0 9.888
13.0 10.102
13.0 10.269
13.0 10.107
13.0 10.02
13.0 9.61
13.0 9.825
13.0 9.924
13.0 9.99
13.0 9.961
13.0 10.203
13.0 9.891
13.0 10.024
13.0 9.672
13.0 9.875
13.0 10.217
13.0 9.825
13.0 10.067
13.0 10.01
13.0 10.204
13.0 9.994
13.0 10.02
13.0 10.065
13.0 10.197
13.0 9.902
13.0 9.999
13.0 10.0
13.0 10.058
13.0 9.97
13.0 10.403
13.0 10.376
13.0 10.025
13.0 10.218
13.0 10.172
13.0 9.884
13.0 10.1
13.0 9.712
13.0 9.881
13.0 9.617
13.0 10.079
13.0 9.688
13.0 9.776
13.0 10.101
13.0 10.093
13.0 10.195
13.0 10.057
13.0 9.827
13.0 10.11
13.0 10.046
13.0 10.335
13.0 9.751
13.0 10.064
13.0 10.164
13.0 10.221
13.0 10.245
13.0 10.15
13.0 9.879
13.0 10.054
13.0 9.899
13.0 9.977
13.0 9.799
13.0 10.127
13.0 10.109
13.0 10.009
13.0 9.889
13.0 10.203
13.0 9.97
13.0 9.927
13.0 10.325
13.0 9.956
13.0 10.032
13.0 10.107
13.0 10.131
13.0 10.137
13.0 10.061
13.0 10.232
13.0 9.9
13.0 10.173
13.0 10.024
13.0 10.019
13.0 10.274
13.0 10.201
13.0 10.071
13.0 9.907
13.0 10.021
13.0 10.025
13.0 10.105
13.0 9.899
13.0 9.825
13.0 10.149
13.0 9.822
13.0 10.003
13.0 10.179
13.0 10.018
13.0 10.059
13.0 10.218
13.0 10.091
13.0 10.268
13.0 10.157
13.0 10.079
13.0 10.197
13.0 9.843
13.0 10.015
13.0 9.97
13.0 9.728
13.0 9.819
13.0 9.9
13.0 9.985
13.0 9.923
13.0 9.74
13.0 9.912
13.0 9.837
13.0 10.262
13.0 10.211
13.0 10.024
13.0 10.346
13.0 10.097
13.0 10.269
13.0 10.206
13.0 10.181
13.0 10.018
13.0 10.113
13.0 10.289
13.0 10.277
13.0 10.093
13.0 10.092
13.0 9.971
13.0 9.877
13.0 10.313
13.0 10.003
13.0 10.023
13.0 9.755
13.0 10.052
13.0 10.0
13.0 9.714
13.0 10.356
13.0 10.251
13.0 10.165
13.0 9.921
13.0 9.771
13.0 10.006
13.0 9.982
13.0 9.948
13.0 10.056
13.0 9.848
13.0 9.991
13.0 10.037
13.0 9.677
13.0 10.08
13.5 10.115
13.5 10.101
13.5 10.003
13.5 10.019
13.5 10.25
13.5 10.027
13.5 10.246
13.5 10.357
13.5 9.921
13.5 9.954
13.5 9.691
13.5 10.162
13.5 9.91
13.5 9.744
13.5 9.808
13.5 9.809
13.5 10.364
13.5 10.493
13.5 10.531
13.5 10.748
13.5 10.576
13.5 10.945
13.5 10.511
13.5 10.243
13.5 10.583
13.5 10.424
13.5 10.511
13.5 10.654
13.5 10.687
13.5 11.085
13.5 10.622
13.5 10.897
13.5 10.953
13.5 10.734
13.5 10.861
13.5 10.704
13.5 10.668
13.5 10.837
13.5 10.881
13.5 10.633
13.5 10.616
13.5 10.491
13.5 10.643
13.5 10.667
13.5 10.9
13.5 10.692
13.5 10.8
13.5 10.604
13.5 10.559
13.5 10.582
13.5 10.78
13.5 10.688
13.5 10.933
13.5 10.655
13.5 10.828
13.5 10.679
13.5 10.144
13.5 10.565
13.5 10.512
13.5 10.751
13.5 10.782
13.5 10.686
13.5 10.748
13.5 11.013
13.5 10.824
13.5 10.66
13.5 10.568
13.5 10.68
13.5 10.75
13.5 10.606
13.5 10.656
13.5 10.923
13.5 10.74
13.5 10.527
13.5 10.506
13.5 10.759
13.5 10.586
13.5 10.818
13.5 10.439
13.5 10.807
13.5 10.684
13.5 10.784
13.5 10.603
13.5 10.99
13.5 10.8
13.5 10.717
13.5 10.675
13.5 10.716
13.5 10.937
13.5 10.702
13.5 10.655
13.5 10.814
13.5 10.739
13.5 10.499
13.5 10.602
13.5 10.548
13.5 10.641
13.5 10.72
13.5 10.654
13.5 10.741
13.5 10.457
13.5 10.603
13.5 10.737
13.5 10.505
13.5 10.231
13.5 10.525
13.5 10.511
13.5 11.034
13.5 10.319
13.5 10.403
13.5 10.531
13.5 10.682
13.5 10.326
13.5 10.494
13.5 10.485
13.5 10.4
13.5 10.652
13.5 10.833
13.5 10.85
13.5 10.547
13.5 10.695
13.5 10.577
13.5 10.438
13.5 10.696
13.5 10.835
13.5 10.524
13.5 10.89
13.5 10.94
13.5 10.513
13.5 10.898
13.5 10.454
13.5 10.424
13.5 10.727
13.5 10.366
13.5 10.639
13.5 10.692
13.5 10.494
13.5 10.681
13.5 10.527
13.5 10.764
13.5 10.572
13.5 10.578
13.5 10.648
13.5 10.683
13.5 10.826
13.5 10.459
13.5 10.754
13.5 10.843
13.5 10.578
13.5 10.517
13.5 10.386
13.5 10.706
13.5 10.416
13.5 10.346
13.5 10.347
13.5 10.365
13.5 10.455
13.5 10.557
13.5 10.531
13.5 10.809
13.5 10.706
13.5 10.539
13.5 10.801
13.5 10.76
13.5 10.61
13.5 10.78
13.5 10.629
13.5 10.815
13.5 10.769
13.5 10.691
13.5 10.826
13.5 10.357
13.5 10.502
13.5 10.8
13.5 10.869
13.5 11.049
13.5 10.668
13.5 10.672
13.5 10.653
13.5 10.689
13.5 10.611
13.5 10.631
13.5 10.695
13.5 10.686
13.5 10.368
13.5 10.504
13.5 10.533
13.5 10.684
13.5 10.57
13.5 10.448
13.5 10.828
13.5 10.605
13.5 10.743
13.5 10.394
13.5 10.49
13.5 10.72
13.5 10.67
13.5 10.729
13.5 10.744
13.5 11.014
13.5 10.827
13.5 10.877
13.5 10.93
13.5 10.932
13.5 10.356
13.5 10.525
13.5 10.682
13.5 10.721
13.5 10.666
13.5 10.46
13.5 10.773
13.5 10.482
13.5 10.951
13.5 10.859
13.5 10.816
13.5 10.716
13.5 10.438
13.5 10.699
13.5 10.628
13.5 10.61
13.5 10.457
13.5 10.579
13.5 10.746
13.5 10.565
13.5 10.739
13.5 10.783
13.5 10.8
13.5 10.467
13.5 10.652
13.5 10.732
13.5 10.708
13.5 10.846
13.5 10.75
13.5 10.77
13.5 11.232
13.5 11.026
13.5 10.886
13.5 10.41
13.5 10.574
13.5 10.738
13.5 10.413
13.5 10.499
13.5 10.844
13.5 10.702
13.5 10.85
13.5 10.325
13.5 10.434
13.5 10.842
13.5 10.829
13.5 10.963
13.5 10.963
13.5 10.479
13.5 10.361
13.5 10.822
13.5 10.816
13.5 10.858
13.5 11.095
13.5 10.911
13.5 10.86
13.5 10.555
13.5 10.969
13.5 10.681
13.5 10.286
13.5 10.408
13.5 10.61
13.5 10.797
13.5 10.699
13.5 10.895
13.5 10.785
13.5 10.754
13.5 10.829
13.5 10.353
13.5 10.438
13.5 10.734
13.5 10.815
13.5 10.803
13.5 10.525
13.5 10.617
13.5 10.567
13.5 10.697
13.5 10.792
13.5 10.529
13.5 10.673
13.5 10.701
13.5 10.55
13.5 10.662
13.5 10.742
13.5 10.765
13.5 10.756
13.5 10.726
13.5 10.72
13.5 10.893
13.5 10.797
13.5 10.715
13.5 10.674
13.5 10.619
13.5 10.502
13.5 10.836
13.5 10.91
13.5 10.594
13.5 10.766
13.5 10.447
13.5 10.834
13.5 10.831
13.5 10.55
13.5 10.694
13.5 10.728
13.5 10.713
13.5 10.747
13.5 10.838
13.5 10.75
500
11.5 3.942
12.0 7.541
12.0 8.482
12.5 8.751
12.5 9.15
12.5 9.332
13.0 9.445
13.5 9.599
13.5 9.233
13.5 9.507
13.5 9.53
13.5 9.665
13.5 9.815
13.5 9.788
13.5 10.076
13.5 10.138
13.5 10.052
13.5 10.21
13.5 10.272
13.5 10.397
13.5 10.366
13.5 10.322
13.5 10.385
13.5 10.483
13.5 10.133
13.5 10.46
13.5 10.672
13.5 10.575
13.5 10.577
13.5 10.603
13.5 10.401
13.5 10.457
13.5 10.371
13.5 10.429
13.5 10.862
13.5 10.652
13.5 10.579
13.5 10.49
13.5 10.122
13.5 10.416
13.5 10.627
13.5 10.52
13.5 10.499
13.5 10.646
13.5 10.665
13.5 10.544
13.5 10.666
13.5 10.735
13.5 10.494
13.5 10.381
13.5 10.854
13.5 10.282
13.5 10.611
13.5 10.239
13.5 10.257
13.5 10.381
13.5 10.291
13.5 10.504
13.5 10.656
13.5 10.767
13.5 10.504
13.5 10.399
13.5 10.592
13.5 10.33
13.5 10.514
13.5 10.685
13.5 10.743
13.5 10.649
13.5 10.682
13.5 10.443
13.5 10.814
13.5 10.319
13.5 10.542
13.5 10.869
13.5 10.703
13.5 10.556
13.5 10.468
13.5 10.552
13.5 10.627
13.5 10.326
13.5 10.647
13.5 10.71
13.5 10.921
13.5 10.958
13.5 10.568
13.5 10.492
13.5 10.906
13.5 10.607
13.5 10.537
13.5 10.734
13.5 10.378
13.5 10.387
13.5 10.484
13.5 10.573
13.5 10.307
13.5 10.581
13.5 10.557
13.5 10.717
13.5 10.492
13.5 10.417
13.5 10.205
13.5 10.473
13.5 10.308
13.5 10.541
13.5 10.497
13.5 10.345
13.5 10.307
13.5 10.27
13.5 10.696
13.5 10.433
13.5 10.635
13.5 10.804
13.5 10.564
13.5 9.977
13.5 10.059
13.5 10.567
13.5 10.377
13.5 10.335
13.5 10.67
13.5 10.52
13.5 10.752
13.5 10.803
13.5 10.674
13.5 10.523
13.5 10.517
13.5 10.677
13.5 10.494
13.5 10.734
13.5 10.758
13.5 10.655
13.5 10.868
13.5 10.796
13.5 10.695
13.5 10.355
13.5 10.551
13.5 10.413
13.5 10.462
13.5 10.53
13.5 10.628
13.5 10.744
13.5 10.504
13.5 10.337
13.5 10.505
13.5 10.547
13.5 10.331
13.5 10.349
13.5 10.447
13.5 10.714
13.5 10.507
13.5 10.528
13.5 10.819
13.5 10.845
13.5 10.449
13.5 10.587
13.5 10.673
13.5 10.519
13.5 10.217
13.5 10.28
13.5 10.444
13.5 10.575
13.5 10.101
13.5 10.712
13.5 10.733
13.5 10.513
13.5 10.848
13.5 10.333
13.5 10.552
13.5 10.516
13.5 10.702
13.5 10.4
13.5 10.311
13.5 10.398
13.5 10.306
13.5 10.563
13.5 10.314
13.5 10.224
13.5 10.45
13.5 10.232
13.5 10.582
13.5 10.498
13.5 10.377
13.5 10.578
13.5 10.809
13.5 10.81
13.5 10.687
13.5 10.459
13.5 10.549
13.5 10.556
13.5 10.304
13.5 10.728
13.5 10.912
13.5 10.43
13.5 10.346
13.5 10.18
13.5 10.383
13.5 10.499
13.5 10.318
13.5 10.439
13.5 10.408
13.5 10.626
13.5 10.543
13.5 10.471
13.5 10.75
13.5 10.775
13.5 10.569
13.5 10.459
13.5 10.683
13.5 10.665
13.5 10.82
13.5 10.489
13.5 10.565
13.5 10.64
13.5 10.608
13.5 10.622
13.5 10.803
13.5 10.805
13.5 10.641
13.5 10.305
13.5 10.523
13.5 10.24
13.5 10.388
13.5 10.662
13.5 10.413
13.5 10.796
13.5 10.568
13.5 10.596
13.5 10.654
13.5 10.542
13.5 10.916
13.5 10.745
13.5 10.598
13.5 10.61
13.5 10.533
13.5 10.324
13.5 10.718
13.5 10.611
13.5 10.646
13.5 10.542
13.5 10.584
13.5 10.521
13.5 10.28
13.5 10.394
13.5 10.424
13.5 10.776
13.5 10.87
13.5 10.466
13.5 10.777
13.5 10.656
13.5 10.753
13.5 10.483
13.5 10.667
13.5 10.546
13.5 10.642
13.5 10.643
13.5 10.724
13.5 10.676
13.5 10.328
13.5 10.778
13.5 10.557
13.5 10.555
13.5 10.563
13.5 10.328
13.5 10.234
13.5 10.621
13.5 10.466
13.5 10.565
13.5 10.242
13.5 10.598
13.5 10.575
13.5 10.616
13.5 10.568
13.5 10.689
13.5 10.655
13.5 10.856
13.5 10.599
13.5 10.39
13.5 10.678
13.5 10.677
13.5 10.467
13.5 10.422
13.5 10.417
13.5 10.735
13.5 10.519
13.5 10.622
13.5 10.568
13.5 10.848
13.5 10.706
13.5 10.472
13.5 10.41
13.5 10.46
13.5 10.448
13.5 10.422
13.5 10.609
13.5 10.468
13.5 10.591
13.5 10.558
13.5 10.453
13.5 10.345
13.5 10.458
13.5 10.778
13.5 10.675
13.5 10.755
13.5 10.549
13.5 10.284
13.5 10.611
13.5 10.611
13.5 10.65
13.5 10.361
13.5 10.461
13.5 10.077
13.5 10.734
13.5 10.519
13.5 10.596
13.5 10.753
13.5 10.694
13.5 10.474
13.5 10.481
13.5 10.474
13.5 10.411
13.5 10.362
13.5 10.536
13.5 10.23
13.5 10.326
13.5 10.601
13.5 10.273
13.5 10.409
13.5 10.486
13.5 10.563
13.5 10.419
13.5 10.457
13.5 10.235
13.5 10.284
13.5 10.311
13.5 10.497
13.5 10.599
13.5 10.201
13.5 10.489
13.5 10.451
13.5 10.127
13.5 10.341
13.5 10.852
13.5 10.493
13.5 10.51
13.5 10.488
13.5 10.24
13.5 10.426
13.5 10.478
13.5 10.497
13.5 10.491
13.5 10.471
13.5 10.505
13.5 10.027
13.5 10.155
13.5 10.422
13.5 10.428
13.5 10.55
13.5 10.655
13.5 10.323
13.5 10.423
13.5 10.698
13.5 10.683
13.5 10.496
13.5 10.52
13.5 10.661
13.5 10.565
13.5 10.646
13.5 10.427
13.5 10.416
13.5 10.564
13.5 10.61
13.5 10.741
13.5 10.811
13.5 10.819
13.5 10.806
13.5 10.622
13.5 10.638
13.5 10.706
13.5 10.397
13.5 10.615
13.5 10.366
13.5 10.605
13.5 10.346
13.5 10.588
13.5 10.698
13.5 10.503
13.5 10.604
13.5 10.612
13.5 10.562
13.5 10.767
13.5 10.467
13.5 10.636
13.5 10.374
13.5 10.605
13.5 10.573
13.5 10.592
13.5 10.668
13.5 10.6
13.5 10.468
13.5 10.735
13.5 10.777
13.5 10.71
13.5 10.738
13.5 10.591
13.5 10.406
13.5 10.611
13.5 10.6
13.5 10.192
13.5 10.66
13.5 10.833
13.5 10.788
13.5 10.684
13.5 10.459
13.5 10.315
13.5 10.516
13.5 10.482
13.5 10.617
13.5 10.628
13.5 10.647
13.5 10.685
13.5 10.461
13.5 10.724
13.5 10.241
13.5 10.665
13.5 10.609
13.5 10.451
13.5 10.416
13.5 10.602
13.5 10.518
13.5 10.598
13.5 10.411
13.5 10.289
13.5 9.992
13.5 10.354
13.5 10.51
13.5 10.366
13.5 10.631
13.5 10.285
13.5 10.565
13.5 10.484
13.5 10.816
13.5 10.748
13.5 10.376
13.5 10.579
13.5 10.674
13.5 10.748
13.5 10.614
13.5 10.516
13.5 10.798
13.5 10.638
13.5 10.45
13.5 10.814
13.5 10.616
13.5 10.495
13.5 10.452
13.5 10.379
13.5 10.707
13.5 10.795
13.5 10.68
13.5 10.527
13.5 10.581
13.5 10.572
13.5 10.605
13.5 10.723
13.5 10.768
13.5 10.601
13.5 10.815
13.5 10.597
13.5 10.604
13.5 10.54
13.5 10.597
13.5 10.673
13.5 10.319
13.5 10.414
13.5 10.406
13.5 10.636
13.5 10.405
13.5 10.489
13.5 10.614
13.5 10.622
13.5 10.331
13.5 10.463
13.5 10.609
13.5 10.532
13.5 10.828
13.5 10.832
13.5 10.815
13.5 10.776
13.5 10.416
13.5 10.321
13.5 10.685
13.5 10.71
13.5 10.378
13.5 10.464
13.5 10.736
13.5 10.661
13.5 10.823
13.5 10.851
13.5 10.793
13.5 10.571
13.5 10.683
500
11.5 3.413
11.5 7.601
13.0 8.496
13.0 8.521
13.0 8.95
13.0 9.024
13.0 9.114
13.0 9.479
13.0 9.282
13.0 9.378
13.0 9.696
13.0 9.684
13.0 9.75
13.0 10.102
13.0 10.207
13.0 10.17
13.0 9.968
13.0 10.259
13.0 10.319
13.0 9.898
13.0 10.098
13.0 9.951
13.0 10.024
13.0 10.083
13.0 10.293
13.0 10.366
13.0 10.307
13.0 10.092
13.0 10.264
13.0 10.22
13.0 10.375
13.0 9.993
13.0 10.11
13.0 10.095
13.0 10.198
13.0 10.059
13.0 9.878
13.0 9.931
13.0 9.994
13.0 10.092
13.0 10.01
13.0 10.344
13.0 10.218
13.0 9.986
13.0 10.201
13.0 10.347
13.0 10.149
13.0 10.003
13.0 10.248
13.0 10.357
13.0 10.142
13.0 10.324
13.0 10.427
13.0 10.317
13.0 10.303
13.0 10.257
13.0 10.302
13.0 10.566
13.0 10.053
13.0 10.367
13.0 10.427
13.0 10.153
13.0 10.434
13.0 10.228
13.0 10.33
13.0 10.272
13.0 10.235
13.0 10.327
13.0 10.197
13.0 10.245
13.0 10.255
13.0 9.88
13.0 10.008
13.0 10.041
13.0 10.037
13.0 10.259
13.0 10.142
13.0 10.199
13.0 10.299
13.0 10.264
13.0 10.411
13.0 10.086
13.0 10.221
13.0 10.537
13.0 10.3
13.0 10.007
13.0 9.83
13.0 10.169
13.0 9.954
13.0 10.159
13.0 10.195
13.0 10.162
13.0 10.335
13.0 10.154
13.0 10.317
13.0 10.324
13.0 10.393
13.0 10.369
13.0 10.219
13.0 9.816
13.0 9.872
13.0 10.085
13.0 10.064
13.0 9.713
13.0 9.815
13.0 9.802
13.0 10.201
13.0 10.28
13.0 10.194
13.0 10.097
13.0 10.404
13.0 10.541
13.0 10.343
13.0 10.147
13.0 10.238
13.0 10.335
13.0 10.231
13.0 10.33
13.0 10.139
13.0 10.041
13.0 10.488
13.0 10.538
13.0 10.559
13.0 10.115
13.0 10.284
13.0 10.416
13.0 10.196
13.0 10.151
13.0 10.368
13.0 10.113
13.0 10.43
13.0 10.251
13.0 10.223
13.0 10.251
13.0 10.058
13.0 10.138
13.0 10.453
13.0 10.049
13.0 10.239
13.0 10.407
13.0 10.163
13.0 10.283
13.0 10.387
13.0 10.262
13.0 10.406
13.0 10.244
13.0 10.176
13.0 9.922
13.0 9.93
13.0 10.109
13.0 10.107
13.0 10.202
13.0 10.22
13.0 10.311
13.0 10.049
13.0 10.448
13.0 9.866
13.0 10.303
13.0 10.386
13.0 10.485
13.0 10.267
13.0 9.975
13.0 9.983
13.0 10.181
13.0 10.143
13.0 10.314
13.0 10.564
13.0 10.407
13.0 10.26
13.0 10.037
13.0 10.207
13.0 10.313
13.0 10.477
13.0 10.186
13.0 10.248
13.0 10.167
13.0 10.139
13.0 10.327
13.0 9.976
13.0 10.123
13.0 10.356
13.0 10.055
13.0 9.95
13.0 10.296
13.0 10.625
13.0 10.369
13.0 10.439
13.0 10.14
13.0 9.934
13.0 10.167
13.0 10.382
13.0 10.275
13.0 10.122
13.0 10.162
13.0 9.991
13.0 9.806
13.0 9.926
13.0 10.186
13.0 10.306
13.0 10.272
13.0 10.407
13.0 10.171
13.0 10.449
13.0 10.431
13.0 10.553
13.0 10.042
13.0 10.012
13.0 9.631
13.0 9.818
13.0 10.074
13.0 10.01
13.0 9.925
13.0 9.934
13.0 10.031
13.0 10.073
13.0 10.065
13.0 9.963
13.0 10.136
13.0 10.417
13.0 10.403
13.0 10.25
13.0 10.334
13.0 10.195
13.0 9.891
13.0 10.05
13.0 9.858
13.0 9.805
13.0 10.042
13.0 10.209
13.0 10.339
13.0 10.239
13.0 9.893
13.0 9.941
13.0 9.75
13.0 10.286
13.0 9.959
13.0 9.873
13.0 10.093
13.0 10.287
13.0 10.009
13.0 10.241
13.0 10.172
13.0 10.287
13.0 10.155
13.0 10.478
13.0 10.332
13.0 10.295
13.0 10.037
13.0 10.047
13.0 9.944
13.0 10.128
13.0 10.203
13.0 10.249
13.0 10.151
13.0 10.407
13.0 10.29
13.0 10.604
13.0 10.066
13.0 9.933
13.0 10.296
13.0 10.114
13.0 10.181
13.0 10.105
13.0 10.029
13.0 9.969
13.0 10.419
13.0 10.287
13.0 10.099
13.0 10.305
13.0 10.131
13.0 10.257
13.0 10.159
13.0 9.907
13.0 10.065
13.0 10.09
13.0 10.092
13.0 10.143
13.0 10.203
13.0 10.424
13.0 10.235
13.0 10.292
13.0 10.21
13.0 10.24
13.0 10.331
13.0 10.242
13.0 10.108
13.0 10.139
13.0 9.899
13.0 10.13
13.0 10.067
13.0 10.12
13.0 9.963
13.0 10.02
13.0 10.349
13.0 9.885
13.0 10.271
13.0 10.101
13.0 10.314
13.0 10.191
13.0 9.987
13.0 10.123
13.0 10.177
13.0 10.294
13.0 9.963
13.0 9.779
13.0 10.09
13.0 10.037
13.0 10.211
13.0 10.313
13.0 10.17
13.0 10.516
13.0 10.31
13.0 10.164
13.0 9.964
13.0 10.05
13.0 9.991
13.0 10.103
13.0 10.481
13.0 10.278
13.0 10.431
13.0 10.139
13.0 10.126
13.0 10.219
13.0 10.156
13.0 10.129
13.0 10.185
13.0 10.253
13.0 10.359
13.0 9.995
13.0 10.319
13.0 10.356
13.0 10.273
13.0 10.229
13.0 10.069
13.0 10.106
13.0 10.132
13.0 9.913
13.0 10.17
13.0 10.112
13.0 9.931
13.0 9.938
13.0 10.279
13.0 10.475
13.0 10.323
13.0 10.287
13.0 10.277
13.0 10.125
13.0 10.106
13.0 9.789
13.0 9.832
13.0 10.113
13.0 10.217
13.0 10.195
13.0 9.944
13.0 9.905
13.0 10.09
13.0 10.43
13.0 10.238
13.0 10.204
13.0 9.886
13.0 10.054
13.0 9.908
13.0 10.109
13.0 10.122
13.0 10.086
13.0 10.031
13.0 10.312
13.0 10.267
13.0 10.2
13.0 9.76
13.0 10.032
13.0 9.972
13.0 9.904
13.0 10.102
13.0 10.307
13.0 9.987
13.0 10.172
13.0 9.952
13.0 10.218
13.0 10.107
13.0 10.151
13.0 10.094
13.0 10.089
13.0 10.325
13.0 9.914
13.0 9.544
13.0 10.14
13.0 10.177
13.0 10.332
13.0 10.233
13.0 10.083
13.0 10.12
13.0 10.338
13.0 10.14
13.0 10.416
13.0 10.455
13.0 10.111
13.0 10.257
13.0 10.193
13.0 10.082
13.0 10.145
13.0 9.915
13.0 10.108
13.0 9.787
13.0 9.876
13.0 10.105
13.0 10.225
13.0 10.114
13.0 9.94
13.0 10.216
13.0 10.41
13.0 10.216
13.0 9.9
13.0 10.29
13.0 10.216
13.0 10.211
13.0 10.221
13.0 9.92
13.0 10.085
13.0 10.21
13.0 10.176
13.0 10.01
13.0 9.98
13.0 9.97
13.0 10.0
13.0 10.229
13.0 10.005
13.0 10.237
13.0 10.334
13.0 10.312
13.0 10.207
13.0 10.181
13.0 9.958
13.0 10.267
13.0 10.144
13.0 10.204
13.0 10.158
13.0 10.404
13.0 10.084
13.0 10.391
13.0 10.29
13.0 10.149
13.0 9.862
13.0 9.823
13.0 10.011
13.0 9.943
13.0 10.034
13.0 10.443
13.0 10.399
13.0 10.415
13.0 10.194
13.0 10.193
13.0 10.191
13.0 10.369
13.0 10.313
13.0 10.021
13.0 10.116
13.0 10.468
13.0 10.097
13.0 9.773
13.0 10.171
13.0 10.317
13.0 10.188
13.0 9.937
13.0 10.154
13.0 10.003
13.0 10.34
13.0 10.188
13.0 10.139
13.0 10.359
13.0 10.26
13.0 10.041
13.0 10.558
13.0 9.988
13.0 10.193
13.0 9.978
13.0 10.044
13.0 9.777
13.0 10.128
13.0 10.13
13.0 10.063
13.0 10.021
13.0 9.999
13.0 10.218
13.0 10.164
13.0 10.047
13.0 10.24
13.0 9.998
13.0 10.119
13.0 10.018
13.0 10.33
13.0 10.248
13.0 10.241
13.0 10.253
13.0 10.37
13.0 10.042
13.0 9.994
13.0 10.174
13.0 10.04
13.0 9.853
500
11.5 3.507
12.0 7.467
12.0 8.263
12.5 8.416
12.5 8.656
13.0 9.275
13.0 9.375
13.0 9.12
13.0 9.189
13.0 9.417
13.0 9.752
13.0 9.934
13.0 10.151
13.0 10.025
13.0 10.164
13.0 10.048
13.0 10.035
13.0 10.199
13.0 10.296
13.0 10.181
13.0 10.142
13.0 10.134
13.0 10.142
13.0 9.767
13.0 10.138
13.0 10.099
13.0 9.998
13.0 10.409
13.0 10.194
13.0 10.136
13.0 10.108
13.0 9.992
13.0 10.25
13.0 10.247
13.0 9.921
13.0 10.151
13.0 10.094
13.0 10.235
13.0 9.971
13.0 10.18
13.0 10.023
13.0 10.246
13.0 10.012
13.0 10.385
13.0 9.824
13.0 10.199
13.0 10.339
13.5 10.329
13.5 10.286
13.5 10.209
13.5 10.212
13.5 10.178
13.5 10.188
13.5 10.15
13.5 9.815
13.5 9.746
13.5 10.146
13.5 9.97
13.5 10.207
13.5 10.338
13.5 10.269
13.5 10.292
13.5 10.059
13.5 10.316
13.5 10.421
13.5 10.402
13.5 10.512
13.5 10.684
13.5 10.271
13.5 10.363
13.5 10.61
13.5 10.502
13.5 10.749
13.5 10.822
13.5 10.319
13.5 10.235
13.5 10.518
13.5 10.525
13.5 10.49
13.5 10.574
13.5 10.764
13.5 10.756
13.5 10.746
13.5 10.605
13.5 10.785
13.5 10.48
13.5 10.484
13.5 10.333
13.5 10.583
13.5 10.46
13.5 10.827
13.5 10.809
13.5 10.879
13.5 10.618
13.5 10.732
13.5 10.773
13.5 10.652
13.5 10.943
13.5 10.659
13.5 10.724
13.5 10.81
13.5 10.734
13.5 10.695
13.5 10.856
13.5 10.875
13.5 10.519
13.5 10.746
13.5 10.696
13.5 10.85
13.5 10.987
13.5 10.729
13.5 10.637
13.5 10.905
13.5 10.635
13.5 10.591
13.5 10.461
13.5 10.712
13.5 11.083
13.5 10.498
13.5 10.729
13.5 10.564
13.5 10.375
13.5 10.797
13.5 10.717
13.5 10.832
13.5 10.493
13.5 10.81
13.5 10.571
13.5 10.814
13.5 10.809
13.5 10.822
13.5 10.715
13.5 10.777
13.5 10.526
13.5 10.652
13.5 10.649
13.5 10.578
13.5 10.711
13.5 10.659
13.5 10.473
13.5 10.715
13.5 10.557
13.5 10.59
13.5 10.529
13.5 10.63
13.5 10.64
13.5 10.729
13.5 10.739
13.5 10.853
13.5 10.71
13.5 10.351
13.5 10.584
13.5 10.799
13.5 10.627
13.5 10.636
13.5 10.572
13.5 10.294
13.5 10.734
13.5 10.738
13.5 10.767
13.5 10.41
13.5 10.461
13.5 10.358
13.5 10.583
13.5 10.43
13.5 10.79
13.5 10.478
13.5 10.754
13.5 10.994
13.5 10.621
13.5 10.771
13.5 10.687
13.5 10.391
13.5 10.505
13.5 10.613
13.5 10.641
13.5 10.69
13.5 10.746
13.5 10.499
13.5 10.672
13.5 10.571
13.5 10.836
13.5 10.847
13.5 10.72
13.5 10.712
13.5 10.889
13.5 10.639
13.5 10.898
13.5 11.09
13.5 10.825
13.5 10.844
13.5 10.554
13.5 10.656
13.5 10.775
13.5 10.899
13.5 10.843
13.5 10.861
13.5 10.675
13.5 10.343
13.5 10.537
13.5 10.471
13.5 10.37
13.5 10.577
13.5 10.551
13.5 10.858
13.5 10.625
13.5 10.871
13.5 10.876
13.5 10.688
13.5 10.614
13.5 10.673
13.5 10.677
13.5 10.774
13.5 10.324
13.5 10.469
13.5 10.548
13.5 10.615
13.5 10.632
13.5 10.654
13.5 10.63
13.5 10.614
13.5 11.042
13.5 10.75
13.5 10.732
13.5 10.617
13.5 10.656
13.5 10.448
13.5 10.889
13.5 10.52
13.5 10.569
13.5 10.75
13.5 10.752
13.5 10.603
13.5 10.391
13.5 10.611
13.5 10.447
13.5 10.875
13.5 10.981
13.5 10.903
13.5 10.81
13.5 10.726
13.5 10.78
13.5 10.606
13.5 10.351
13.5 10.566
13.5 10.72
13.5 10.511
13.5 10.403
13.5 10.264
13.5 10.787
13.5 10.418
13.5 10.548
13.5 10.688
13.5 10.668
13.5 10.395
13.5 10.37
13.5 10.701
13.5 10.375
13.5 10.706
13.5 10.714
13.5 10.941
13.5 10.702
13.5 10.845
13.5 10.801
13.5 10.817
13.5 10.894
13.5 10.751
13.5 10.635
13.5 10.63
13.5 10.531
13.5 10.843
13.5 10.526
13.5 10.619
13.5 10.616
13.5 10.624
13.5 10.714
13.5 10.444
13.5 10.547
13.5 10.441
13.5 10.703
13.5 10.934
13.5 10.834
13.5 10.848
13.5 10.772
13.5 10.165
13.5 10.532
13.5 10.603
13.5 10.701
13.5 10.631
13.5 10.606
13.5 10.546
13.5 10.672
13.5 10.37
13.5 10.633
13.5 10.48
13.5 10.695
13.5 10.64
13.5 10.769
13.5 10.537
13.5 10.613
13.5 10.323
13.5 10.545
13.5 10.532
13.5 10.695
13.5 10.566
13.5 10.455
13.5 10.534
13.5 10.284
13.5 10.546
13.5 10.53
13.5 10.706
13.5 10.62
13.5 10.608
13.5 10.701
13.5 10.855
13.5 10.628
13.5 10.64
13.5 10.648
13.5 10.638
13.5 10.568
13.5 10.634
13.5 10.494
13.5 10.429
13.5 10.663
13.5 10.711
13.5 10.411
13.5 10.398
13.5 10.464
13.5 10.721
13.5 10.593
13.5 10.597
13.5 11.048
13.5 10.833
13.5 10.54
13.5 10.72
13.5 10.835
13.5 10.492
13.5 10.892
13.5 10.556
13.5 10.086
13.5 10.314
13.5 10.908
13.5 10.808
13.5 10.591
13.5 10.864
13.5 10.837
13.5 10.651
13.5 10.909
13.5 10.961
13.5 10.682
13.5 10.9
13.5 10.822
13.5 10.935
13.5 10.81
13.5 10.66
13.5 10.445
13.5 10.291
13.5 10.312
13.5 10.635
13.5 10.69
13.5 10.291
13.5 10.563
13.5 10.48
13.5 10.508
13.5 10.609
13.5 10.798
13.5 10.675
13.5 10.741
13.5 10.705
13.5 10.77
13.5 10.808
13.5 10.628
13.5 10.707
13.5 10.386
13.5 10.932
13.5 10.29
13.5 10.39
13.5 10.385
13.5 10.275
13.5 10.535
13.5 10.323
13.5 10.827
13.5 10.579
13.5 10.512
13.5 10.569
13.5 10.582
13.5 10.598
13.5 10.749
13.5 10.77
13.5 10.694
13.5 10.813
13.5 10.803
13.5 10.817
13.5 10.574
13.5 10.364
13.5 10.49
13.5 10.584
13.5 10.485
13.5 10.539
13.5 10.564
13.5 10.753
13.5 10.765
13.5 10.658
13.5 10.386
13.5 10.689
13.5 10.746
13.5 10.541
13.5 10.424
13.5 10.895
13.5 10.804
13.5 10.359
13.5 10.539
13.5 10.544
13.5 10.781
13.5 10.873
13.5 10.557
13.5 10.704
13.5 10.752
13.5 10.576
13.5 10.84
13.5 10.756
13.5 10.804
13.5 10.636
13.5 10.925
13.5 10.839
13.5 10.701
13.5 10.483
13.5 10.539
13.5 10.62
13.5 10.631
13.5 10.682
13.5 10.415
13.5 10.742
13.5 10.455
13.5 10.472
13.5 10.547
13.5 10.601
13.5 10.656
13.5 10.576
13.5 10.725
13.5 10.738
13.5 10.784
13.5 10.749
13.5 10.405
13.5 10.68
13.5 10.36
13.5 10.659
13.5 10.791
13.5 10.903
13.5 10.727
13.5 10.322
13.5 10.635
13.5 10.463
13.5 10.691
13.5 10.612
13.5 10.637
13.5 10.68
13.5 10.461
13.5 10.428
13.5 10.707
13.5 10.729
13.5 10.642
13.5 10.74
13.5 10.597
13.5 10.337
13.5 10.629
13.5 10.482
13.5 10.773
13.5 10.584
13.5 10.532
13.5 10.154
13.5 10.415
13.5 10.506
13.5 10.766
13.5 10.758
13.5 10.678
13.5 10.78
13.5 10.551
13.5 10.525
13.5 10.808
13.5 10.731
13.5 10.324
13.5 10.478
13.5 10.727
13.5 10.564
13.5 10.647
13.5 10.65
13.5 10.696
13.5 10.689
13.5 10.634
13.5 10.623
13.5 10.897
13.5 10.779
13.5 10.707
13.5 10.825
13.5 10.597
13.5 10.533
13.5 10.577
13.5 10.582
13.5 10.655

Individual: [1, 3, 6, 7, 12, 14, 15, 19, 20]
   Fitness: 13.5
     Total: 9
Violations: 0 0

Individual: [1, 2, 4, 5, 13, 14, 16, 17, 19, 20]
   Fitness: 13.0
     Total: 10
Violations: 2 2

Individual: [1, 3, 6, 7, 12, 14, 15, 19, 20]
   Fitness: 13.5
     Total: 9
Violations: 0 0

Individual: [1, 2, 4, 5, 8, 13, 16, 17, 19, 20]
   Fitness: 13.0
     Total: 10
Violations: 2 2

Individual: [1, 2, 6, 7, 9, 14, 15, 18, 20]
   Fitness: 13.5
     Total: 9
Violations: 0 0

Individual: [1, 2, 6, 7, 9, 14, 15, 18, 20]
   Fitness: 13.5
     Total: 9
Violations: 0 0

Individual: [1, 2, 6, 7, 9, 14, 15, 18, 20]
   Fitness: 13.5
     Total: 9
Violations: 0 0

Individual: [1, 2, 6, 7, 9, 14, 15, 18, 20]
   Fitness: 13.5
     Total: 9
Violations: 0 0

Individual: [1, 2, 4, 7, 8, 11, 16, 17, 19, 20]
   Fitness: 13.0
     Total: 10
Violations: 2 2

Individual: [1, 2, 6, 7, 9, 14, 15, 18, 20]
   Fitness: 13.5
     Total: 9
Violations: 0 0
