10
500
13.0 3.802
13.0 8.145
13.0 8.937
13.0 9.287
13.0 9.701
13.0 9.973
13.0 10.262
13.5 10.415
13.5 10.532
13.5 10.74
13.5 10.351
13.5 10.654
13.5 10.788
13.5 10.883
13.5 10.764
13.5 10.656
13.5 10.909
13.5 10.906
13.5 10.978
13.5 10.932
13.5 10.866
13.5 11.079
13.5 10.902
13.5 10.978
13.5 10.942
13.5 10.845
13.5 10.999
13.5 10.943
13.5 11.095
13.5 10.924
13.5 10.908
13.5 10.922
13.5 11.025
13.5 10.9
13.5 11.026
13.5 10.833
13.5 10.985
13.5 11.046
13.5 10.963
13.5 10.838
13.5 11.082
13.5 10.992
13.5 10.902
13.5 10.923
13.5 10.911
13.5 10.976
13.5 10.84
13.5 10.874
13.5 10.804
13.5 10.881
13.5 11.024
13.5 10.93
13.5 10.906
13.5 10.971
13.5 10.98
13.5 10.79
13.5 10.921
13.5 10.952
13.5 10.997
13.5 10.842
13.5 10.767
13.5 10.869
13.5 10.926
13.5 10.993
13.5 11.008
13.5 10.847
13.5 10.966
13.5 11.008
13.5 11.045
13.5 10.989
13.5 10.954
13.5 10.964
13.5 10.846
13.5 10.772
13.5 10.895
13.5 10.953
13.5 11.021
13.5 10.977
13.5 11.072
13.5 11.025
13.5 10.828
13.5 10.773
13.5 10.78
13.5 10.827
13.5 10.905
13.5 10.761
13.5 10.8
13.5 10.824
13.5 10.865
13.5 10.778
13.5 10.721
13.5 10.91
13.5 10.993
13.5 10.908
13.5 10.83
13.5 10.98
13.5 10.804
13.5 11.1
13.5 10.919
13.5 10.882
13.5 11.049
13.5 10.844
13.5 10.993
13.5 10.945
13.5 10.946
13.5 10.977
13.5 10.909
13.5 10.88
13.5 10.859
13.5 10.891
13.5 10.896
13.5 10.987
13.5 10.936
13.5 10.968
13.5 10.91
13.5 11.003
13.5 11.109
13.5 10.97
13.5 10.997
13.5 10.968
13.5 11.032
13.5 11.043
13.5 10.932
13.5 11.038
13.5 10.83
13.5 10.938
13.5 11.053
13.5 11.156
13.5 10.881
13.5 10.952
13.5 11.007
13.5 10.989
13.5 10.943
13.5 10.916
13.5 10.917
13.5 10.727
13.5 11.032
13.5 10.741
13.5 10.745
13.5 10.933
13.5 10.907
13.5 10.981
13.5 10.976
13.5 10.939
13.5 11.085
13.5 11.016
13.5 10.972
13.5 10.793
13.5 11.001
13.5 10.869
13.5 10.945
13.5 11.012
13.5 11.057
13.5 10.905
13.5 10.779
13.5 10.836
13.5 10.798
13.5 10.97
13.5 10.93
13.5 10.951
13.5 10.952
13.5 10.914
13.5 10.93
13.5 10.979
13.5 10.773
13.5 11.056
13.5 10.963
13.5 10.836
13.5 10.932
13.5 10.981
13.5 10.846
13.5 10.846
13.5 11.057
13.5 11.02
13.5 10.89
13.5 10.87
13.5 10.847
13.5 10.932
13.5 10.939
13.5 10.981
13.5 11.008
13.5 10.848
13.5 10.915
13.5 10.939
13.5 11.029
13.5 10.801
13.5 10.806
13.5 10.735
13.5 10.972
13.5 10.952
13.5 10.871
13.5 10.969
13.5 10.888
13.5 10.939
13.5 10.876
13.5 10.878
13.5 11.0
13.5 10.84
13.5 10.851
13.5 10.928
13.5 10.953
13.5 11.007
13.5 10.762
13.5 10.795
13.5 10.932
13.5 11.072
13.5 10.963
13.5 10.965
13.5 10.895
13.5 10.913
13.5 10.911
13.5 10.892
13.5 10.984
13.5 10.819
13.5 10.916
13.5 11.045
13.5 10.809
13.5 10.778
13.5 10.926
13.5 11.109
13.5 10.841
13.5 10.76
13.5 11.078
13.5 11.075
13.5 11.05
13.5 10.966
13.5 10.898
13.5 11.061
13.5 10.898
13.5 10.943
13.5 10.972
13.5 10.971
13.5 11.058
13.5 10.904
13.5 10.855
13.5 10.887
13.5 10.822
13.5 10.984
13.5 10.873
13.5 10.792
13.5 10.88
13.5 10.987
13.5 10.887
13.5 10.972
13.5 10.908
13.5 10.849
13.5 11.01
13.5 11.048
13.5 11.058
13.5 10.994
13.5 11.019
13.5 11.071
13.5 10.885
13.5 10.891
13.5 11.097
13.5 10.9
13.5 10.928
13.5 11.074
13.5 11.007
13.5 10.902
13.5 10.996
13.5 11.016
13.5 10.894
13.5 10.824
13.5 10.918
13.5 10.886
13.5 10.928
13.5 11.041
13.5 11.123
13.5 10.905
13.5 10.942
13.5 10.802
13.5 10.783
13.5 11.171
13.5 10.943
13.5 10.812
13.5 10.991
13.5 10.766
13.5 10.968
13.5 11.031
13.5 11.003
13.5 10.94
13.5 11.077
13.5 10.968
13.5 10.83
13.5 10.91
13.5 11.014
13.5 10.822
13.5 10.971
13.5 11.049
13.5 10.993
13.5 10.951
13.5 10.909
13.5 11.007
13.5 10.963
13.5 10.772
13.5 10.899
13.5 10.96
13.5 10.937
13.5 11.075
13.5 10.851
13.5 10.86
13.5 10.97
13.5 10.843
13.5 10.838
13.5 10.861
13.5 11.04
13.5 10.885
13.5 10.837
13.5 10.76
13.5 10.916
13.5 10.894
13.5 10.963
13.5 10.927
13.5 10.853
13.5 10.959
13.5 10.999
13.5 11.034
13.5 10.917
13.5 10.803
13.5 10.999
13.5 10.964
13.5 10.995
13.5 10.686
13.5 10.945
13.5 10.913
13.5 10.895
13.5 10.922
13.5 10.82
13.5 10.84
13.5 10.718
13.5 10.945
13.5 10.932
13.5 11.027
13.5 10.959
13.5 10.913
13.5 11.019
13.5 11.013
13.5 10.725
13.5 10.788
13.5 10.765
13.5 10.899
13.5 10.921
13.5 10.947
13.5 10.903
13.5 10.957
13.5 10.844
13.5 10.907
13.5 11.043
13.5 10.966
13.5 10.896
13.5 10.812
13.5 10.942
13.5 11.03
13.5 10.978
13.5 10.912
13.5 10.94
13.5 10.959
13.5 10.644
13.5 10.956
13.5 10.967
13.5 10.971
13.5 11.037
13.5 10.884
13.5 10.881
13.5 10.884
13.5 10.976
13.5 10.906
13.5 10.895
13.5 10.944
13.5 10.893
13.5 10.964
13.5 10.866
13.5 10.943
13.5 11.028
13.5 10.68
13.5 10.803
13.5 10.991
13.5 10.87
13.5 10.995
13.5 11.013
13.5 10.983
13.5 10.928
13.5 10.864
13.5 10.825
13.5 10.966
13.5 10.861
13.5 10.91
13.5 10.87
13.5 10.947
13.5 10.712
13.5 10.886
13.5 10.874
13.5 10.853
13.5 10.873
13.5 10.885
13.5 10.869
13.5 11.024
13.5 10.911
13.5 10.843
13.5 10.863
13.5 11.006
13.5 10.836
13.5 10.884
13.5 11.01
13.5 11.029
13.5 10.894
13.5 10.895
13.5 11.057
13.5 10.896
13.5 11.14
13.5 10.914
13.5 10.791
13.5 11.004
13.5 10.942
13.5 10.903
13.5 10.887
13.5 10.87
13.5 10.824
13.5 10.956
13.5 11.099
13.5 11.024
13.5 10.999
13.5 10.831
13.5 10.844
13.5 10.918
13.5 10.969
13.5 10.91
13.5 10.995
13.5 10.854
13.5 10.838
13.5 10.897
13.5 10.827
13.5 10.83
13.5 10.866
13.5 10.903
13.5 11.107
13.5 10.991
13.5 10.947
13.5 10.882
13.5 10.826
13.5 10.977
13.5 11.073
13.5 10.893
13.5 11.0
13.5 11.082
13.5 11.07
13.5 11.085
13.5 10.887
13.5 11.028
13.5 10.731
13.5 10.869
13.5 10.904
13.5 10.915
13.5 11.02
13.5 11.018
13.5 11.035
13.5 10.936
13.5 11.044
13.5 10.95
13.5 10.797
13.5 10.96
13.5 10.871
13.5 11.014
13.5 11.011
13.5 10.902
13.5 10.742
13.5 10.885
13.5 10.911
13.5 10.91
13.5 10.907
13.5 10.735
13.5 10.842
13.5 10.714
13.5 11.172
13.5 10.728
13.5 10.74
13.5 10.866
13.5 10.946
13.5 10.924
13.5 10.664
13.5 11.004
13.5 10.994
13.5 10.945
13.5 10.898
13.5 10.969
13.5 10.951
13.5 11.024
13.5 10.898
13.5 10.998
13.5 10.928
13.5 10.987
13.5 10.978
13.5 10.959
13.5 11.015
13.5 10.878
13.5 11.044
13.5 11.077
13.5 10.994
13.5 11.034
500
11.0 3.989
12.5 7.976
12.5 8.864
12.5 9.178
13.0 9.532
13.0 9.842
13.0 10.071
13.0 10.182
13.0 10.208
13.0 10.307
13.0 10.211
13.0 10.534
13.0 10.386
13.0 10.514
13.0 10.489
13.0 10.693
13.0 10.466
13.0 10.578
13.0 10.496
13.0 10.537
13.0 10.499
13.0 10.704
13.0 10.646
13.0 10.613
13.0 10.443
13.0 10.555
13.0 10.493
13.0 10.704
13.0 10.496
13.0 10.641
13.0 10.685
13.0 10.72
13.0 10.712
13.0 10.731
13.0 10.462
13.0 10.783
13.0 10.784
13.0 10.565
13.0 10.573
13.0 10.636
13.0 10.502
13.5 10.59
13.5 10.636
13.5 10.606
13.5 10.641
13.5 10.673
13.5 10.356
13.5 10.603
13.5 10.599
13.5 10.59
13.5 10.519
13.5 10.501
13.5 10.582
13.5 10.532
13.5 10.768
13.5 10.793
13.5 11.01
13.5 11.088
13.5 10.991
13.5 11.046
13.5 10.929
13.5 11.068
13.5 10.829
13.5 10.943
13.5 11.046
13.5 10.902
13.5 11.068
13.5 10.886
13.5 10.95
13.5 10.935
13.5 11.019
13.5 10.906
13.5 10.92
13.5 10.975
13.5 10.942
13.5 10.93
13.5 10.94
13.5 10.943
13.5 11.02
13.5 10.99
13.5 11.023
13.5 11.022
13.5 10.977
13.5 10.884
13.5 11.005
13.5 11.082
13.5 10.962
13.5 11.002
13.5 10.909
13.5 11.123
13.5 10.953
13.5 11.139
13.5 10.934
13.5 10.933
13.5 11.086
13.5 10.851
13.5 11.023
13.5 10.844
13.5 10.98
13.5 11.034
13.5 10.793
13.5 10.865
13.5 10.902
13.5 10.826
13.5 11.065
13.5 11.098
13.5 10.882
13.5 10.896
13.5 11.016
13.5 10.935
13.5 11.059
13.5 10.892
13.5 11.075
13.5 11.047
13.5 10.907
13.5 10.981
13.5 11.143
13.5 10.712
13.5 10.916
13.5 10.919
13.5 10.965
13.5 10.824
13.5 10.878
13.5 10.754
13.5 10.856
13.5 10.9
13.5 10.927
13.5 11.135
13.5 10.92
13.5 10.961
13.5 10.873
13.5 10.931
13.5 10.959
13.5 10.894
13.5 10.889
13.5 10.921
13.5 10.889
13.5 11.003
13.5 10.992
13.5 11.013
13.5 11.023
13.5 10.872
13.5 11.073
13.5 11.104
13.5 10.896
13.5 10.936
13.5 10.908
13.5 10.982
13.5 10.713
13.5 10.96
13.5 10.771
13.5 11.05
13.5 11.1
13.5 11.057
13.5 11.014
13.5 10.979
13.5 11.073
13.5 10.935
13.5 10.838
13.5 10.929
13.5 10.9
13.5 10.866
13.5 11.099
13.5 10.785
13.5 10.904
13.5 11.002
13.5 10.842
13.5 10.859
13.5 10.844
13.5 10.812
13.5 10.922
13.5 10.872
13.5 10.783
13.5 10.876
13.5 11.027
13.5 10.938
13.5 11.018
13.5 10.993
13.5 11.019
13.5 10.909
13.5 10.857
13.5 10.905
13.5 10.967
13.5 10.92
13.5 10.962
13.5 10.896
13.5 11.093
13.5 10.939
13.5 11.034
13.5 10.91
13.5 10.897
13.5 11.049
13.5 10.948
13.5 10.908
13.5 10.739
13.5 11.152
13.5 10.986
13.5 11.064
13.5 10.945
13.5 11.045
13.5 10.977
13.5 10.934
13.5 11.176
13.5 11.104
13.5 10.964
13.5 10.993
13.5 10.791
13.5 10.963
13.5 10.847
13.5 10.891
13.5 10.978
13.5 10.898
13.5 10.816
13.5 10.664
13.5 11.091
13.5 10.896
13.5 10.857
13.5 10.869
13.5 11.09
13.5 10.948
13.5 11.068
13.5 11.114
13.5 10.825
13.5 10.932
13.5 11.069
13.5 11.083
13.5 10.927
13.5 11.103
13.5 10.896
13.5 10.862
13.5 11.094
13.5 11.06
13.5 11.002
13.5 10.903
13.5 10.973
13.5 10.975
13.5 10.888
13.5 11.016
13.5 10.891
13.5 10.794
13.5 10.879
13.5 10.817
13.5 10.924
13.5 10.937
13.5 10.941
13.5 10.876
13.5 11.046
13.5 10.982
13.5 11.02
13.5 10.944
13.5 10.957
13.5 10.986
13.5 11.023
13.5 10.924
13.5 11.078
13.5 10.878
13.5 11.053
13.5 10.924
13.5 11.066
13.5 10.926
13.5 10.894
13.5 10.879
13.5 10.879
13.5 10.843
13.5 10.808
13.5 10.85
13.5 10.992
13.5 10.83
13.5 10.923
13.5 11.002
13.5 10.769
13.5 10.91
13.5 11.06
13.5 10.886
13.5 11.015
13.5 11.067
13.5 10.924
13.5 10.962
13.5 11.058
13.5 10.903
13.5 10.937
13.5 11.022
13.5 10.832
13.5 11.091
13.5 10.986
13.5 10.864
13.5 10.956
13.5 10.841
13.5 11.106
13.5 10.916
13.5 10.734
13.5 10.96
13.5 10.893
13.5 11.044
13.5 11.127
13.5 11.123
13.5 11.049
13.5 11.036
13.5 10.95
13.5 11.197
13.5 10.917
13.5 10.911
13.5 10.976
13.5 10.905
13.5 10.976
13.5 10.878
13.5 10.889
13.5 10.935
13.5 11.028
13.5 10.97
13.5 10.818
13.5 11.138
13.5 10.912
13.5 10.92
13.5 11.108
13.5 10.992
13.5 11.013
13.5 10.923
13.5 10.786
13.5 10.941
13.5 11.019
13.5 10.888
13.5 10.891
13.5 10.886
13.5 11.031
13.5 11.02
13.5 10.982
13.5 10.923
13.5 10.886
13.5 11.0
13.5 10.756
13.5 10.964
13.5 10.953
13.5 10.938
13.5 11.063
13.5 10.927
13.5 10.947
13.5 11.011
13.5 11.029
13.5 10.884
13.5 10.952
13.5 10.653
13.5 11.042
13.5 10.914
13.5 10.908
13.5 10.794
13.5 11.017
13.5 10.951
13.5 11.102
13.5 10.906
13.5 10.968
13.5 10.932
13.5 10.934
13.5 10.999
13.5 10.859
13.5 10.933
13.5 10.901
13.5 11.027
13.5 10.956
13.5 10.833
13.5 10.832
13.5 10.843
13.5 10.916
13.5 10.921
13.5 10.925
13.5 10.854
13.5 10.886
13.5 10.933
13.5 10.807
13.5 11.116
13.5 11.025
13.5 10.922
13.5 10.909
13.5 11.078
13.5 11.061
13.5 11.118
13.5 10.9
13.5 10.92
13.5 10.833
13.5 10.989
13.5 11.007
13.5 11.083
13.5 11.083
13.5 10.975
13.5 10.884
13.5 10.951
13.5 10.825
13.5 11.085
13.5 10.839
13.5 11.006
13.5 10.973
13.5 10.945
13.5 10.961
13.5 10.988
13.5 10.928
13.5 10.947
13.5 11.256
13.5 11.031
13.5 10.843
13.5 11.093
13.5 11.179
13.5 10.967
13.5 10.826
13.5 10.976
13.5 10.882
13.5 10.916
13.5 11.049
13.5 10.98
13.5 10.858
13.5 10.811
13.5 10.887
13.5 11.14
13.5 11.043
13.5 11.045
13.5 11.001
13.5 10.988
13.5 10.943
13.5 11.02
13.5 11.08
13.5 10.952
13.5 10.976
13.5 10.974
13.5 11.005
13.5 10.927
13.5 11.073
13.5 10.983
13.5 10.899
13.5 11.007
13.5 11.049
13.5 10.978
13.5 10.98
13.5 10.768
13.5 10.891
13.5 11.034
13.5 10.811
13.5 10.744
13.5 11.026
13.5 10.973
13.5 11.073
13.5 10.775
13.5 10.82
13.5 10.883
13.5 10.887
13.5 10.92
13.5 10.921
13.5 10.956
13.5 11.052
13.5 10.728
13.5 10.896
13.5 10.928
13.5 10.927
13.5 11.049
13.5 10.943
13.5 10.949
13.5 10.99
13.5 10.912
13.5 10.899
13.5 11.055
13.5 10.905
13.5 10.944
13.5 11.059
13.5 10.847
13.5 11.023
13.5 10.977
13.5 11.1
13.5 10.995
13.5 10.768
13.5 10.98
13.5 10.914
13.5 11.133
13.5 11.033
13.5 11.106
13.5 11.122
13.5 11.077
13.5 10.947
13.5 10.881
13.5 11.075
13.5 11.059
13.5 11.054
13.5 10.867
13.5 10.977
13.5 10.826
13.5 10.987
13.5 10.864
13.5 10.773
13.5 10.932
13.5 10.853
13.5 10.941
13.5 10.897
13.5 11.015
13.5 10.923
13.5 11.004
13.5 10.845
13.5 10.966
13.5 10.969
13.5 10.972
13.5 10.876
13.5 10.847
13.5 10.95
13.5 11.049
500
11.0 3.887
12.0 8.032
13.0 8.788
13.0 9.196
13.0 9.376
13.0 9.679
13.5 9.898
13.5 10.26
13.5 10.34
13.5 10.49
13.5 10.468
13.5 10.539
13.5 10.298
13.5 10.611
13.5 10.475
13.5 10.275
13.5 10.369
13.5 10.421
13.5 10.463
13.5 10.59
13.5 10.768
13.5 10.877
13.5 10.832
13.5 10.834
13.5 10.695
13.5 10.829
13.5 10.756
13.5 10.937
13.5 10.825
13.5 10.807
13.5 10.981
13.5 10.756
13.5 10.95
13.5 10.741
13.5 10.756
13.5 10.785
13.5 10.745
13.5 10.986
13.5 10.934
13.5 10.927
13.5 10.914
13.5 10.862
13.5 10.847
13.5 10.894
13.5 10.809
13.5 10.749
13.5 10.672
13.5 10.816
13.5 10.807
13.5 10.512
13.5 10.866
13.5 10.826
13.5 10.782
13.5 10.761
13.5 10.892
13.5 10.754
13.5 10.781
13.5 10.868
13.5 10.79
13.5 10.758
13.5 10.861
13.5 10.76
13.5 10.711
13.5 10.903
13.5 10.868
13.5 10.885
13.5 10.785
13.5 10.76
13.5 10.752
13.5 10.864
13.5 10.902
13.5 10.93
13.5 10.954
13.5 10.884
13.5 10.952
13.5 10.736
13.5 10.852
13.5 10.792
13.5 10.772
13.5 10.741
13.5 10.896
13.5 10.818
13.5 10.921
13.5 10.982
13.5 10.795
13.5 10.802
13.5 10.687
13.5 10.853
13.5 10.745
13.5 10.861
13.5 10.552
13.5 10.856
13.5 10.886
13.5 10.944
13.5 10.867
13.5 10.636
13.5 10.804
13.5 10.69
13.5 10.84
13.5 10.654
13.5 10.864
13.5 10.747
13.5 10.736
13.5 10.769
13.5 10.818
13.5 10.881
13.5 10.862
13.5 10.761
13.5 10.849
13.5 10.865
13.5 10.957
13.5 10.75
13.5 10.803
13.5 10.739
13.5 10.808
13.5 10.873
13.5 10.85
13.5 10.895
13.5 11.006
13.5 10.722
13.5 10.884
13.5 10.693
13.5 10.882
13.5 10.854
13.5 10.755
13.5 10.815
13.5 10.883
13.5 10.829
13.5 10.957
13.5 10.748
13.5 10.697
13.5 10.853
13.5 10.788
13.5 10.846
13.5 10.799
13.5 10.782
13.5 10.686
13.5 10.796
13.5 10.895
13.5 10.867
13.5 10.979
13.5 10.743
13.5 10.735
13.5 10.893
13.5 10.94
13.5 10.907
13.5 10.8
13.5 10.787
13.5 10.8
13.5 10.871
13.5 10.905
13.5 10.98
13.5 10.929
13.5 10.967
13.5 10.861
13.5 10.863
13.5 10.84
13.5 10.917
13.5 10.76
13.5 10.802
13.5 10.85
13.5 10.961
13.5 10.907
13.5 10.768
13.5 10.774
13.5 10.685
13.5 10.805
13.5 10.817
13.5 10.905
13.5 10.83
13.5 10.68
13.5 10.67
13.5 10.879
13.5 10.735
13.5 10.893
13.5 10.7
13.5 10.848
13.5 10.955
13.5 10.74
13.5 10.867
13.5 10.833
13.5 10.689
13.5 10.654
13.5 10.829
13.5 10.952
13.5 10.829
13.5 10.722
13.5 10.851
13.5 10.931
13.5 10.697
13.5 10.809
13.5 10.882
13.5 10.837
13.5 10.798
13.5 10.82
13.5 10.717
13.5 10.908
13.5 11.056
13.5 11.069
13.5 10.947
13.5 10.884
13.5 10.858
13.5 10.943
13.5 10.733
13.5 10.96
13.5 10.772
13.5 10.92
13.5 10.954
13.5 10.931
13.5 10.774
13.5 10.912
13.5 10.82
13.5 10.738
13.5 10.679
13.5 10.678
13.5 10.759
13.5 10.681
13.5 10.834
13.5 10.791
13.5 10.733
13.5 10.966
13.5 10.899
13.5 10.915
13.5 10.901
13.5 10.879
13.5 10.889
13.5 10.813
13.5 10.724
13.5 10.676
13.5 10.843
13.5 10.832
13.5 10.949
13.5 10.909
13.5 10.855
13.5 10.728
13.5 10.787
13.5 11.009
13.5 10.888
13.5 10.869
13.5 10.921
13.5 11.053
13.5 10.835
13.5 10.814
13.5 10.9
13.5 10.793
13.5 10.792
13.5 10.876
13.5 10.724
13.5 10.774
13.5 10.75
13.5 10.926
13.5 10.814
13.5 10.769
13.5 10.709
13.5 10.749
13.5 10.885
13.5 10.888
13.5 10.912
13.5 10.787
13.5 10.893
13.5 10.782
13.5 10.774
13.5 10.78
13.5 10.801
13.5 10.966
13.5 10.78
13.5 10.849
13.5 10.871
13.5 10.798
13.5 10.904
13.5 10.864
13.5 10.795
13.5 10.804
13.5 10.753
13.5 10.805
13.5 10.914
13.5 10.907
13.5 10.949
13.5 10.976
13.5 10.941
13.5 10.858
13.5 10.938
13.5 10.776
13.5 10.723
13.5 10.881
13.5 10.963
13.5 10.902
13.5 10.89
13.5 10.742
13.5 10.861
13.5 10.726
13.5 10.702
13.5 10.861
13.5 10.811
13.5 10.762
13.5 10.63
13.5 10.936
13.5 10.842
13.5 10.84
13.5 10.807
13.5 10.787
13.5 10.819
13.5 10.771
13.5 11.011
13.5 10.732
13.5 10.96
13.5 11.064
13.5 10.872
13.5 10.822
13.5 10.882
13.5 10.934
13.5 10.777
13.5 10.926
13.5 10.718
13.5 10.896
13.5 10.698
13.5 10.829
13.5 10.774
13.5 10.855
13.5 10.806
13.5 10.874
13.5 10.804
13.5 10.79
13.5 10.818
13.5 10.802
13.5 10.769
13.5 10.906
13.5 10.754
13.5 10.853
13.5 10.982
13.5 10.907
13.5 10.921
13.5 10.825
13.5 10.875
13.5 10.841
13.5 10.94
13.5 10.63
13.5 10.868
13.5 10.786
13.5 10.821
13.5 10.783
13.5 10.964
13.5 10.822
13.5 10.786
13.5 10.972
13.5 10.87
13.5 10.954
13.5 10.772
13.5 10.731
13.5 10.929
13.5 10.884
13.5 10.775
13.5 10.739
13.5 11.003
13.5 10.855
13.5 10.748
13.5 10.753
13.5 10.794
13.5 10.668
13.5 10.708
13.5 10.672
13.5 10.75
13.5 10.784
13.5 10.82
13.5 10.914
13.5 10.922
13.5 10.714
13.5 10.676
13.5 10.7
13.5 10.727
13.5 10.963
13.5 10.866
13.5 10.909
13.5 10.922
13.5 10.787
13.5 10.85
13.5 10.836
13.5 10.983
13.5 10.839
13.5 10.93
13.5 10.65
13.5 10.722
13.5 10.935
13.5 10.968
13.5 10.89
13.5 10.885
13.5 10.821
13.5 11.014
13.5 10.887
13.5 10.796
13.5 10.793
13.5 10.727
13.5 10.83
13.5 10.821
13.5 10.782
13.5 10.738
13.5 10.843
13.5 10.81
13.5 10.827
13.5 10.831
13.5 10.875
13.5 10.667
13.5 10.884
13.5 10.944
13.5 10.946
13.5 10.956
13.5 10.915
13.5 10.771
13.5 10.97
13.5 10.819
13.5 11.092
13.5 10.898
13.5 11.038
13.5 11.005
13.5 10.842
13.5 10.709
13.5 10.783
13.5 10.929
13.5 10.804
13.5 10.863
13.5 10.756
13.5 10.852
13.5 10.84
13.5 10.7
13.5 10.92
13.5 10.91
13.5 10.831
13.5 10.834
13.5 10.914
13.5 10.96
13.5 10.888
13.5 10.984
13.5 10.908
13.5 10.972
13.5 10.859
13.5 11.034
13.5 10.751
13.5 10.783
13.5 10.869
13.5 11.001
13.5 10.922
13.5 10.895
13.5 10.811
13.5 10.715
13.5 10.787
13.5 10.828
13.5 10.836
13.5 10.92
13.5 10.707
13.5 10.833
13.5 10.806
13.5 10.859
13.5 10.876
13.5 10.965
13.5 10.847
13.5 10.755
13.5 10.754
13.5 10.78
13.5 10.847
13.5 10.709
13.5 10.784
13.5 10.726
13.5 10.926
13.5 10.863
13.5 10.833
13.5 10.998
13.5 10.904
13.5 10.866
13.5 11.001
13.5 10.787
13.5 10.78
13.5 10.608
13.5 10.741
13.5 10.783
13.5 10.709
13.5 10.78
13.5 10.786
13.5 10.617
13.5 10.728
13.5 10.571
13.5 10.709
13.5 10.837
13.5 10.907
13.5 10.879
13.5 10.778
13.5 10.895
13.5 10.93
13.5 10.877
13.5 10.735
13.5 10.958
13.5 10.79
13.5 10.91
13.5 10.846
13.5 10.949
13.5 10.82
13.5 10.683
13.5 10.862
13.5 10.762
13.5 10.827
13.5 10.766
500
12.0 3.834
12.5 8.147
12.5 8.819
13.0 9.373
13.0 9.651
13.0 9.888
13.0 9.967
13.5 10.135
13.5 10.294
13.5 10.21
13.5 10.266
13.5 10.227
13.5 10.388
13.5 10.504
13.5 10.452
13.5 10.421
13.5 10.52
13.5 10.551
13.5 10.378
13.5 10.405
13.5 10.421
13.5 10.379
13.5 10.342
13.5 10.527
13.5 10.507
13.5 10.624
13.5 10.794
13.5 10.852
13.5 11.043
13.5 11.014
13.5 10.927
13.5 10.898
13.5 10.986
13.5 10.993
13.5 10.957
13.5 10.987
13.5 10.85
13.5 11.007
13.5 11.112
13.5 10.94
13.5 10.854
13.5 10.797
13.5 10.88
13.5 10.893
13.5 10.976
13.5 11.105
13.5 11.057
13.5 10.896
13.5 10.949
13.5 11.046
13.5 11.154
13.5 11.064
13.5 11.04
13.5 11.0
13.5 10.966
13.5 11.045
13.5 10.827
13.5 10.956
13.5 11.05
13.5 10.974
13.5 10.924
13.5 10.961
13.5 10.73
13.5 10.966
13.5 10.9
13.5 10.989
13.5 10.905
13.5 10.849
13.5 10.917
13.5 10.947
13.5 10.835
13.5 10.964
13.5 10.936
13.5 10.902
13.5 10.982
13.5 10.901
13.5 10.711
13.5 10.867
13.5 10.935
13.5 10.885
13.5 11.05
13.5 11.027
13.5 10.953
13.5 10.79
13.5 11.061
13.5 10.985
13.5 10.945
13.5 11.028
13.5 11.002
13.5 11.151
13.5 11.105
13.5 10.998
13.5 11.125
13.5 10.99
13.5 11.036
13.5 10.975
13.5 11.094
13.5 11.184
13.5 11.081
13.5 11.071
13.5 11.017
13.5 10.942
13.5 10.885
13.5 10.871
13.5 10.89
13.5 10.943
13.5 10.879
13.5 10.992
13.5 10.853
13.5 10.761
13.5 10.933
13.5 11.011
13.5 10.992
13.5 10.918
13.5 10.76
13.5 10.844
13.5 10.859
13.5 10.993
13.5 11.093
13.5 11.08
13.5 11.11
13.5 10.921
13.5 11.045
13.5 11.075
13.5 11.084
13.5 10.877
13.5 10.88
13.5 10.94
13.5 10.934
13.5 11.0
13.5 11.019
13.5 10.874
13.5 10.945
13.5 11.064
13.5 11.1
13.5 10.808
13.5 10.956
13.5 11.04
13.5 11.112
13.5 11.098
13.5 10.935
13.5 10.967
13.5 10.881
13.5 10.934
13.5 10.997
13.5 11.036
13.5 11.009
13.5 10.853
13.5 10.965
13.5 10.826
13.5 11.027
13.5 11.036
13.5 11.137
13.5 10.98
13.5 10.826
13.5 10.91
13.5 10.797
13.5 11.042
13.5 11.046
13.5 10.941
13.5 10.973
13.5 10.8
13.5 10.966
13.5 10.988
13.5 10.874
13.5 10.961
13.5 10.916
13.5 10.913
13.5 11.002
13.5 10.925
13.5 10.67
13.5 10.851
13.5 10.938
13.5 10.961
13.5 10.969
13.5 10.887
13.5 10.911
13.5 11.038
13.5 10.876
13.5 10.953
13.5 10.833
13.5 10.865
13.5 10.878
13.5 10.822
13.5 10.97
13.5 10.924
13.5 11.031
13.5 11.009
13.5 10.903
13.5 10.854
13.5 10.897
13.5 10.852
13.5 11.005
13.5 11.023
13.5 11.063
13.5 10.944
13.5 11.209
13.5 10.956
13.5 11.035
13.5 11.08
13.5 10.948
13.5 10.93
13.5 11.077
13.5 11.07
13.5 10.998
13.5 11.022
13.5 10.858
13.5 10.985
13.5 10.909
13.5 11.072
13.5 10.985
13.5 10.945
13.5 10.889
13.5 11.045
13.5 11.087
13.5 10.967
13.5 10.851
13.5 10.786
13.5 10.843
13.5 10.813
13.5 11.13
13.5 11.032
13.5 10.973
13.5 10.943
13.5 10.921
13.5 10.973
13.5 10.91
13.5 10.892
13.5 10.994
13.5 11.014
13.5 10.825
13.5 10.851
13.5 11.019
13.5 10.862
13.5 10.841
13.5 10.91
13.5 11.067
13.5 11.062
13.5 10.906
13.5 11.026
13.5 10.813
13.5 10.873
13.5 10.817
13.5 10.904
13.5 11.131
13.5 11.064
13.5 10.956
13.5 11.028
13.5 10.998
13.5 10.948
13.5 10.919
13.5 10.711
13.5 10.868
13.5 10.952
13.5 10.726
13.5 10.899
13.5 11.01
13.5 11.021
13.5 10.916
13.5 11.188
13.5 10.993
13.5 10.929
13.5 10.957
13.5 11.137
13.5 11.16
13.5 11.066
13.5 10.817
13.5 11.106
13.5 10.789
13.5 11.141
13.5 10.976
13.5 10.866
13.5 11.077
13.5 10.885
13.5 10.96
13.5 10.828
13.5 10.884
13.5 11.003
13.5 11.023
13.5 10.987
13.5 11.033
13.5 11.039
13.5 10.897
13.5 10.839
13.5 11.14
13.5 11.007
13.5 10.98
13.5 10.965
13.5 10.858
13.5 11.067
13.5 11.0
13.5 11.058
13.5 11.049
13.5 10.986
13.5 11.045
13.5 10.95
13.5 11.099
13.5 11.013
13.5 10.947
13.5 10.96
13.5 10.997
13.5 10.844
13.5 10.899
13.5 10.82
13.5 10.89
13.5 10.7
13.5 10.895
13.5 10.922
13.5 11.026
13.5 10.969
13.5 11.101
13.5 10.997
13.5 10.969
13.5 10.938
13.5 11.082
13.5 10.927
13.5 11.049
13.5 11.128
13.5 10.99
13.5 10.928
13.5 10.861
13.5 11.029
13.5 10.962
13.5 10.918
13.5 10.892
13.5 10.994
13.5 10.946
13.5 10.889
13.5 10.93
13.5 10.841
13.5 10.859
13.5 10.862
13.5 10.887
13.5 11.2
13.5 11.062
13.5 10.872
13.5 10.768
13.5 11.083
13.5 11.032
13.5 10.96
13.5 11.217
13.5 10.885
13.5 10.987
13.5 10.766
13.5 11.1
13.5 10.934
13.5 11.16
13.5 10.891
13.5 10.829
13.5 11.024
13.5 10.811
13.5 10.915
13.5 10.85
13.5 10.876
13.5 11.124
13.5 11.042
13.5 10.785
13.5 10.991
13.5 10.954
13.5 10.812
13.5 11.014
13.5 11.029
13.5 10.938
13.5 10.982
13.5 10.903
13.5 10.97
13.5 11.023
13.5 10.924
13.5 11.038
13.5 10.863
13.5 10.937
13.5 10.938
13.5 10.942
13.5 11.021
13.5 10.882
13.5 10.936
13.5 11.021
13.5 11.185
13.5 11.122
13.5 10.962
13.5 10.874
13.5 11.047
13.5 10.819
13.5 10.966
13.5 10.952
13.5 11.042
13.5 11.117
13.5 11.047
13.5 11.1
13.5 10.932
13.5 11.116
13.5 11.034
13.5 10.916
13.5 11.104
13.5 10.954
13.5 10.913
13.5 10.962
13.5 10.874
13.5 11.007
13.5 10.917
13.5 10.97
13.5 10.899
13.5 11.042
13.5 10.98
13.5 11.006
13.5 10.838
13.5 10.86
13.5 10.81
13.5 11.058
13.5 11.04
13.5 10.944
13.5 10.919
13.5 10.935
13.5 11.031
13.5 10.949
13.5 10.855
13.5 10.99
13.5 10.869
13.5 11.07
13.5 10.893
13.5 11.034
13.5 11.007
13.5 10.924
13.5 11.058
13.5 10.863
13.5 11.011
13.5 10.939
13.5 10.871
13.5 10.886
13.5 10.947
13.5 10.858
13.5 10.899
13.5 10.888
13.5 10.997
13.5 11.133
13.5 10.989
13.5 11.179
13.5 11.086
13.5 11.101
13.5 11.121
13.5 10.951
13.5 10.897
13.5 10.84
13.5 10.823
13.5 10.891
13.5 10.936
13.5 10.934
13.5 11.031
13.5 10.944
13.5 11.033
13.5 11.081
13.5 10.897
13.5 10.855
13.5 10.9
13.5 10.954
13.5 11.011
13.5 10.763
13.5 10.81
13.5 10.862
13.5 10.805
13.5 11.009
13.5 11.074
13.5 11.116
13.5 11.033
13.5 11.016
13.5 10.94
13.5 10.949
13.5 10.905
13.5 10.827
13.5 11.034
13.5 11.0
13.5 10.982
13.5 10.961
13.5 11.038
13.5 11.024
13.5 10.968
13.5 10.885
13.5 10.962
13.5 10.985
13.5 10.837
13.5 11.065
13.5 10.893
13.5 11.081
13.5 10.947
13.5 10.871
13.5 10.906
13.5 10.958
13.5 10.944
13.5 11.053
13.5 10.908
13.5 10.901
13.5 10.967
13.5 10.986
13.5 11.003
13.5 10.969
13.5 11.085
13.5 11.033
13.5 10.927
13.5 10.847
13.5 10.937
500
13.0 3.977
13.0 7.883
13.0 8.969
13.0 9.213
13.0 9.632
13.0 9.715
13.0 10.172
13.0 10.367
13.0 10.543
13.0 10.497
13.0 10.558
13.0 10.557
13.0 10.367
13.0 10.564
13.0 10.567
13.0 10.562
13.0 10.595
13.0 10.561
13.0 10.406
13.0 10.36
13.0 10.406
13.0 10.549
13.0 10.435
13.0 10.667
13.0 10.275
13.0 10.413
13.0 10.456
13.0 10.484
13.0 10.494
13.0 10.526
13.0 10.43
13.0 10.594
13.0 10.332
13.0 10.405
13.0 10.475
13.0 10.671
13.0 10.347
13.0 10.481
13.0 10.37
13.0 10.548
13.0 10.355
13.0 10.714
13.0 10.571
13.0 10.418
13.0 10.483
13.0 10.426
13.0 10.631
13.0 10.546
13.0 10.395
13.0 10.426
13.0 10.513
13.0 10.378
13.0 10.466
13.0 10.48
13.0 10.591
13.0 10.543
13.0 10.254
13.0 10.472
13.0 10.463
13.0 10.553
13.0 10.659
13.0 10.324
13.0 10.369
13.0 10.52
13.0 10.455
13.0 10.577
13.0 10.536
13.0 10.466
13.0 10.677
13.0 10.529
13.0 10.631
13.0 10.377
13.0 10.532
13.0 10.324
13.0 10.47
13.0 10.559
13.0 10.607
13.0 10.373
13.0 10.351
13.0 10.316
13.0 10.398
13.0 10.629
13.0 10.569
13.0 10.544
13.0 10.618
13.0 10.67
13.0 10.688
13.0 10.515
13.0 10.698
13.0 10.433
13.0 10.328
13.0 10.527
13.0 10.513
13.0 10.503
13.0 10.286
13.0 10.686
13.0 10.649
13.0 10.582
13.0 10.354
13.0 10.431
13.0 10.588
13.0 10.343
13.0 10.455
13.0 10.537
13.0 10.488
13.0 10.41
13.0 10.399
13.0 10.526
13.0 10.584
13.0 10.479
13.0 10.429
13.0 10.733
13.0 10.55
13.0 10.263
13.0 10.529
13.0 10.558
13.0 10.454
13.0 10.588
13.0 10.49
13.0 10.648
13.0 10.592
13.0 10.353
13.0 10.651
13.0 10.504
13.0 10.454
13.0 10.347
13.0 10.56
13.0 10.427
13.0 10.53
13.0 10.446
13.0 10.391
13.0 10.482
13.0 10.589
13.0 10.629
13.0 10.568
13.0 10.477
13.0 10.523
13.0 10.402
13.0 10.502
13.0 10.473
13.0 10.554
13.0 10.347
13.0 10.514
13.0 10.374
13.0 10.474
13.0 10.493
13.0 10.397
13.0 10.403
13.0 10.657
13.0 10.714
13.0 10.516
13.0 10.49
13.0 10.643
13.0 10.421
13.0 10.513
13.0 10.454
13.0 10.399
13.0 10.528
13.0 10.511
13.0 10.335
13.0 10.453
13.0 10.637
13.0 10.388
13.0 10.481
13.0 10.299
13.0 10.483
13.0 10.506
13.0 10.644
13.0 10.589
13.0 10.555
13.0 10.461
13.0 10.499
13.0 10.393
13.0 10.429
13.0 10.374
13.0 10.374
13.0 10.418
13.0 10.375
13.0 10.614
13.0 10.546
13.0 10.342
13.0 10.542
13.0 10.22
13.0 10.62
13.0 10.58
13.0 10.526
13.0 10.466
13.0 10.422
13.0 10.377
13.0 10.449
13.0 10.539
13.0 10.576
13.0 10.444
13.0 10.615
13.0 10.551
13.0 10.559
13.0 10.583
13.0 10.396
13.0 10.578
13.0 10.536
13.0 10.5
13.0 10.367
13.0 10.461
13.0 10.506
13.0 10.37
13.0 10.513
13.0 10.624
13.0 10.483
13.0 10.638
13.0 10.537
13.0 10.549
13.0 10.307
13.0 10.356
13.0 10.424
13.0 10.512
13.0 10.331
13.0 10.459
13.0 10.444
13.0 10.657
13.0 10.517
13.0 10.521
13.0 10.475
13.0 10.557
13.0 10.44
13.0 10.537
13.0 10.486
13.0 10.662
13.0 10.4
13.0 10.558
13.0 10.608
13.0 10.546
13.0 10.357
13.0 10.538
13.0 10.488
13.0 10.338
13.0 10.435
13.0 10.353
13.0 10.358
13.0 10.603
13.0 10.591
13.0 10.547
13.0 10.582
13.0 10.383
13.0 10.426
13.0 10.644
13.0 10.536
13.0 10.6
13.0 10.538
13.0 10.493
13.0 10.601
13.0 10.609
13.0 10.576
13.0 10.518
13.0 10.596
13.0 10.447
13.0 10.559
13.0 10.526
13.0 10.347
13.0 10.403
13.0 10.82
13.0 10.498
13.0 10.509
13.0 10.496
13.0 10.408
13.0 10.362
13.0 10.376
13.0 10.58
13.0 10.591
13.0 10.395
13.0 10.48
13.0 10.464
13.0 10.531
13.0 10.61
13.0 10.441
13.0 10.459
13.0 10.453
13.0 10.37
13.0 10.301
13.0 10.533
13.0 10.569
13.0 10.517
13.0 10.221
13.0 10.38
13.0 10.485
13.0 10.446
13.0 10.389
13.0 10.615
13.0 10.553
13.0 10.612
13.0 10.382
13.0 10.39
13.0 10.521
13.0 10.648
13.0 10.507
13.0 10.322
13.0 10.512
13.0 10.592
13.0 10.546
13.0 10.49
13.0 10.488
13.0 10.53
13.0 10.373
13.0 10.621
13.0 10.527
13.0 10.728
13.0 10.595
13.0 10.533
13.0 10.614
13.0 10.485
13.0 10.547
13.0 10.412
13.0 10.425
13.0 10.508
13.0 10.684
13.0 10.386
13.0 10.495
13.0 10.651
13.0 10.465
13.0 10.456
13.0 10.567
13.0 10.535
13.0 10.397
13.0 10.428
13.0 10.36
13.0 10.247
13.0 10.572
13.0 10.453
13.0 10.577
13.0 10.339
13.0 10.359
13.0 10.462
13.0 10.53
13.0 10.613
13.0 10.49
13.0 10.698
13.0 10.513
13.0 10.681
13.0 10.596
13.0 10.472
13.0 10.518
13.0 10.362
13.0 10.524
13.0 10.384
13.0 10.589
13.0 10.492
13.0 10.397
13.0 10.392
13.0 10.637
13.0 10.601
13.0 10.646
13.0 10.487
13.0 10.443
13.0 10.314
13.0 10.383
13.0 10.28
13.0 10.453
13.0 10.651
13.0 10.559
13.0 10.39
13.0 10.487
13.0 10.414
13.0 10.575
13.0 10.609
13.0 10.425
13.0 10.613
13.0 10.496
13.0 10.419
13.0 10.379
13.0 10.568
13.0 10.556
13.0 10.664
13.0 10.574
13.0 10.415
13.0 10.525
13.0 10.385
13.0 10.442
13.0 10.244
13.0 10.425
13.0 10.443
13.0 10.539
13.0 10.473
13.0 10.593
13.0 10.528
13.0 10.687
13.0 10.407
13.0 10.435
13.0 10.445
13.0 10.56
13.0 10.556
13.0 10.449
13.0 10.5
13.0 10.386
13.0 10.408
13.0 10.407
13.0 10.539
13.0 10.439
13.0 10.527
13.0 10.484
13.0 10.572
13.0 10.511
13.0 10.442
13.0 10.526
13.0 10.411
13.0 10.379
13.0 10.449
13.0 10.425
13.0 10.521
13.0 10.554
13.0 10.374
13.0 10.577
13.0 10.639
13.0 10.692
13.0 10.581
13.0 10.284
13.0 10.553
13.0 10.581
13.0 10.564
13.0 10.529
13.0 10.367
13.0 10.542
13.0 10.415
13.0 10.428
13.0 10.481
13.0 10.566
13.0 10.498
13.0 10.519
13.0 10.573
13.0 10.514
13.0 10.535
13.0 10.521
13.0 10.614
13.0 10.346
13.0 10.394
13.0 10.276
13.0 10.546
13.0 10.606
13.0 10.486
13.0 10.433
13.0 10.329
13.0 10.636
13.0 10.445
13.0 10.466
13.0 10.497
13.0 10.47
13.0 10.697
13.0 10.521
13.0 10.536
13.0 10.546
13.0 10.598
13.0 10.57
13.0 10.563
13.0 10.471
13.0 10.503
13.0 10.468
13.0 10.363
13.0 10.375
13.0 10.579
13.0 10.641
13.0 10.478
13.0 10.606
13.0 10.552
13.0 10.6
13.0 10.548
13.0 10.47
13.0 10.497
13.0 10.477
13.0 10.611
13.0 10.499
13.0 10.437
13.0 10.596
13.0 10.572
13.0 10.661
13.0 10.492
13.0 10.648
13.0 10.438
13.0 10.594
13.0 10.497
13.0 10.482
13.0 10.56
13.0 10.475
13.0 10.438
13.0 10.599
13.0 10.436
13.0 10.372
13.0 10.574
13.0 10.63
13.0 10.581
13.0 10.524
13.0 10.482
13.0 10.585
13.0 10.538
13.0 10.404
13.0 10.384
13.0 10.452
13.0 10.57
13.0 10.401
13.0 10.301
13.0 10.442
13.0 10.505
13.0 10.445
500
12.0 3.279
12.0 8.04
12.5 8.762
12.5 9.18
13.0 9.508
13.0 9.758
13.0 9.93
13.0 9.934
13.0 10.192
13.0 10.191
13.0 10.384
13.0 10.486
13.0 10.627
13.0 10.353
13.0 10.205
13.0 10.385
13.0 10.448
13.0 10.5
13.0 10.601
13.0 10.7
13.0 10.5
13.0 10.357
13.0 10.418
13.0 10.344
13.0 10.545
13.0 10.396
13.0 10.534
13.0 10.426
13.0 10.364
13.0 10.587
13.0 10.573
13.0 10.472
13.0 10.309
13.0 10.352
13.0 10.564
13.0 10.432
13.0 10.503
13.0 10.487
13.0 10.359
13.0 10.523
13.0 10.529
13.5 10.436
13.5 10.412
13.5 10.331
13.5 10.447
13.5 10.533
13.5 10.519
13.5 10.6
13.5 10.587
13.5 10.547
13.5 10.655
13.5 10.63
13.5 10.42
13.5 10.267
13.5 10.406
13.5 10.419
13.5 10.64
13.5 10.418
13.5 10.474
13.5 10.67
13.5 10.623
13.5 10.885
13.5 10.842
13.5 10.964
13.5 10.948
13.5 11.06
13.5 10.953
13.5 10.901
13.5 10.916
13.5 11.002
13.5 10.96
13.5 10.961
13.5 11.033
13.5 11.19
13.5 11.243
13.5 10.988
13.5 10.843
13.5 10.947
13.5 10.867
13.5 10.968
13.5 11.083
13.5 10.854
13.5 11.013
13.5 11.084
13.5 10.976
13.5 10.807
13.5 11.004
13.5 11.142
13.5 10.878
13.5 10.977
13.5 10.868
13.5 11.002
13.5 10.859
13.5 11.02
13.5 10.774
13.5 11.025
13.5 10.977
13.5 11.149
13.5 11.004
13.5 10.949
13.5 11.004
13.5 10.967
13.5 11.101
13.5 11.009
13.5 10.911
13.5 10.83
13.5 10.921
13.5 10.773
13.5 10.808
13.5 10.902
13.5 10.877
13.5 10.779
13.5 11.021
13.5 11.04
13.5 10.957
13.5 11.005
13.5 10.961
13.5 11.032
13.5 10.915
13.5 11.043
13.5 11.0
13.5 11.03
13.5 11.01
13.5 10.936
13.5 11.02
13.5 10.851
13.5 10.906
13.5 10.88
13.5 11.002
13.5 10.93
13.5 10.996
13.5 10.908
13.5 10.991
13.5 11.173
13.5 10.804
13.5 10.891
13.5 10.821
13.5 10.99
13.5 11.09
13.5 10.92
13.5 10.975
13.5 10.974
13.5 10.898
13.5 10.862
13.5 10.842
13.5 10.907
13.5 10.93
13.5 10.947
13.5 11.115
13.5 10.958
13.5 10.962
13.5 10.948
13.5 10.943
13.5 11.041
13.5 10.851
13.5 10.814
13.5 10.944
13.5 11.066
13.5 11.013
13.5 10.91
13.5 10.905
13.5 11.1
13.5 11.054
13.5 10.95
13.5 11.003
13.5 10.912
13.5 10.974
13.5 10.939
13.5 10.995
13.5 10.998
13.5 10.933
13.5 11.117
13.5 11.029
13.5 10.856
13.5 10.924
13.5 11.101
13.5 10.976
13.5 11.024
13.5 10.889
13.5 10.934
13.5 11.008
13.5 11.09
13.5 11.033
13.5 10.92
13.5 10.851
13.5 11.011
13.5 10.813
13.5 10.973
13.5 11.013
13.5 10.895
13.5 10.998
13.5 10.928
13.5 11.076
13.5 10.936
13.5 10.958
13.5 10.991
13.5 10.981
13.5 10.916
13.5 10.944
13.5 11.124
13.5 10.744
13.5 11.048
13.5 11.083
13.5 11.12
13.5 11.016
13.5 11.031
13.5 11.107
13.5 10.902
13.5 11.008
13.5 11.037
13.5 10.881
13.5 10.823
13.5 10.902
13.5 10.979
13.5 10.741
13.5 11.041
13.5 11.097
13.5 11.112
13.5 11.043
13.5 10.902
13.5 10.947
13.5 10.911
13.5 11.003
13.5 10.898
13.5 10.973
13.5 10.923
13.5 11.006
13.5 10.898
13.5 10.994
13.5 10.986
13.5 11.096
13.5 10.961
13.5 11.022
13.5 10.987
13.5 10.987
13.5 10.955
13.5 10.814
13.5 11.079
13.5 11.025
13.5 10.995
13.5 11.087
13.5 11.076
13.5 10.954
13.5 10.946
13.5 10.979
13.5 11.078
13.5 10.863
13.5 11.0
13.5 10.929
13.5 10.948
13.5 11.033
13.5 10.96
13.5 10.659
13.5 11.096
13.5 10.985
13.5 10.808
13.5 11.02
13.5 10.884
13.5 10.924
13.5 10.996
13.5 11.158
13.5 10.879
13.5 10.974
13.5 10.891
13.5 10.78
13.5 10.938
13.5 11.09
13.5 11.004
13.5 10.808
13.5 10.969
13.5 10.788
13.5 10.819
13.5 10.875
13.5 10.898
13.5 10.996
13.5 10.872
13.5 10.898
13.5 10.962
13.5 10.879
13.5 11.076
13.5 10.891
13.5 11.009
13.5 11.045
13.5 10.882
13.5 10.829
13.5 11.05
13.5 10.847
13.5 10.809
13.5 11.018
13.5 11.002
13.5 11.051
13.5 10.998
13.5 11.04
13.5 11.045
13.5 10.892
13.5 11.05
13.5 11.161
13.5 11.181
13.5 11.132
13.5 10.923
13.5 10.896
13.5 10.917
13.5 10.886
13.5 10.808
13.5 11.057
13.5 11.066
13.5 10.8
13.5 11.024
13.5 10.924
13.5 11.011
13.5 10.924
13.5 10.859
13.5 11.133
13.5 10.982
13.5 10.929
13.5 11.013
13.5 10.981
13.5 11.027
13.5 10.979
13.5 11.041
13.5 11.073
13.5 11.082
13.5 11.017
13.5 10.813
13.5 10.832
13.5 11.04
13.5 10.808
13.5 10.808
13.5 11.085
13.5 11.04
13.5 11.096
13.5 10.999
13.5 10.898
13.5 10.805
13.5 10.979
13.5 10.961
13.5 10.985
13.5 10.974
13.5 11.013
13.5 10.801
13.5 10.855
13.5 10.735
13.5 10.906
13.5 10.922
13.5 10.994
13.5 11.063
13.5 10.865
13.5 10.638
13.5 11.078
13.5 11.089
13.5 10.879
13.5 11.059
13.5 10.954
13.5 11.159
13.5 10.909
13.5 10.969
13.5 11.01
13.5 11.08
13.5 10.995
13.5 10.824
13.5 11.046
13.5 11.039
13.5 11.057
13.5 11.108
13.5 10.999
13.5 11.113
13.5 10.987
13.5 10.858
13.5 10.826
13.5 10.944
13.5 10.965
13.5 11.012
13.5 11.11
13.5 11.062
13.5 10.931
13.5 10.929
13.5 11.115
13.5 10.928
13.5 10.953
13.5 10.875
13.5 10.873
13.5 10.864
13.5 11.01
13.5 10.946
13.5 10.814
13.5 10.921
13.5 10.956
13.5 10.935
13.5 10.972
13.5 10.9
13.5 10.725
13.5 10.722
13.5 10.82
13.5 10.955
13.5 11.02
13.5 11.0
13.5 10.843
13.5 10.963
13.5 11.084
13.5 11.124
13.5 11.028
13.5 10.853
13.5 10.763
13.5 10.9
13.5 11.082
13.5 10.913
13.5 10.912
13.5 10.974
13.5 11.009
13.5 10.975
13.5 11.079
13.5 11.003
13.5 10.969
13.5 10.911
13.5 10.893
13.5 11.043
13.5 10.923
13.5 11.103
13.5 10.981
13.5 10.959
13.5 10.802
13.5 10.893
13.5 10.928
13.5 10.956
13.5 10.851
13.5 10.99
13.5 11.027
13.5 11.017
13.5 10.884
13.5 11.036
13.5 11.007
13.5 11.034
13.5 11.07
13.5 10.969
13.5 10.973
13.5 10.916
13.5 10.797
13.5 10.859
13.5 10.814
13.5 10.868
13.5 10.942
13.5 10.864
13.5 10.923
13.5 11.088
13.5 11.092
13.5 10.96
13.5 10.957
13.5 10.949
13.5 11.101
13.5 11.04
13.5 11.09
13.5 11.023
13.5 11.005
13.5 11.179
13.5 10.945
13.5 11.119
13.5 11.123
13.5 10.84
13.5 10.925
13.5 11.082
13.5 10.939
13.5 11.161
13.5 10.976
13.5 10.976
13.5 10.972
13.5 10.935
13.5 10.971
13.5 11.083
13.5 11.014
13.5 10.959
13.5 11.069
13.5 10.826
13.5 10.968
13.5 10.975
13.5 10.93
13.5 11.129
13.5 11.016
13.5 11.106
13.5 10.907
13.5 11.047
13.5 11.189
13.5 10.928
13.5 10.907
13.5 11.006
13.5 11.017
13.5 10.978
13.5 10.921
13.5 10.963
13.5 10.922
13.5 10.88
13.5 10.959
13.5 10.9
13.5 11.029
13.5 11.026
13.5 11.052
13.5 10.841
13.5 11.01
13.5 11.096
13.5 11.042
13.5 11.102
500
12.0 4.41
12.0 8.054
12.5 8.639
12.5 9.174
12.5 9.315
13.0 9.713
13.0 9.636
13.0 9.84
13.0 9.995
13.0 10.188
13.0 9.906
13.0 10.05
13.0 10.123
13.0 10.109
13.0 10.194
13.0 10.116
13.0 10.287
13.0 10.264
13.0 10.262
13.0 10.347
13.0 10.096
13.5 10.274
13.5 10.37
13.5 10.248
13.5 10.152
13.5 10.241
13.5 10.266
13.5 10.275
13.5 10.261
13.5 10.252
13.5 10.52
13.5 10.375
13.5 10.162
13.5 10.232
13.5 10.293
13.5 10.491
13.5 10.447
13.5 10.701
13.5 10.859
13.5 10.982
13.5 10.871
13.5 10.981
13.5 11.159
13.5 11.081
13.5 10.763
13.5 11.019
13.5 10.86
13.5 10.888
13.5 10.914
13.5 11.063
13.5 11.029
13.5 10.935
13.5 10.982
13.5 11.08
13.5 11.127
13.5 10.881
13.5 10.867
13.5 11.032
13.5 10.908
13.5 11.071
13.5 10.929
13.5 10.909
13.5 11.151
13.5 11.026
13.5 10.922
13.5 11.09
13.5 10.928
13.5 10.948
13.5 10.861
13.5 10.951
13.5 10.986
13.5 10.948
13.5 10.954
13.5 11.136
13.5 10.939
13.5 10.766
13.5 10.836
13.5 10.993
13.5 11.063
13.5 11.079
13.5 10.792
13.5 11.017
13.5 11.04
13.5 10.966
13.5 10.918
13.5 10.87
13.5 11.023
13.5 11.019
13.5 11.043
13.5 11.087
13.5 11.09
13.5 11.029
13.5 10.987
13.5 10.994
13.5 10.853
13.5 10.978
13.5 11.113
13.5 11.102
13.5 11.007
13.5 10.906
13.5 11.038
13.5 10.953
13.5 10.943
13.5 11.091
13.5 10.911
13.5 10.952
13.5 10.992
13.5 11.023
13.5 10.856
13.5 10.831
13.5 10.802
13.5 10.838
13.5 10.948
13.5 11.11
13.5 10.914
13.5 11.007
13.5 11.121
13.5 10.938
13.5 10.985
13.5 11.175
13.5 11.054
13.5 10.977
13.5 11.021
13.5 10.993
13.5 10.923
13.5 10.895
13.5 10.987
13.5 11.019
13.5 10.933
13.5 10.901
13.5 11.012
13.5 10.908
13.5 10.906
13.5 10.979
13.5 10.741
13.5 10.858
13.5 10.901
13.5 10.987
13.5 11.001
13.5 10.979
13.5 10.919
13.5 10.985
13.5 10.852
13.5 10.935
13.5 11.128
13.5 10.991
13.5 10.975
13.5 10.869
13.5 10.905
13.5 11.011
13.5 10.844
13.5 10.818
13.5 11.131
13.5 11.008
13.5 11.018
13.5 10.826
13.5 10.83
13.5 10.803
13.5 10.919
13.5 10.968
13.5 10.842
13.5 11.048
13.5 11.07
13.5 10.946
13.5 10.963
13.5 11.047
13.5 10.957
13.5 10.822
13.5 11.077
13.5 11.006
13.5 10.938
13.5 11.018
13.5 10.931
13.5 10.935
13.5 10.89
13.5 10.955
13.5 10.949
13.5 11.068
13.5 10.964
13.5 10.979
13.5 10.899
13.5 10.957
13.5 11.137
13.5 11.081
13.5 11.016
13.5 11.021
13.5 10.928
13.5 10.952
13.5 10.943
13.5 11.037
13.5 11.16
13.5 10.906
13.5 10.985
13.5 10.972
13.5 11.062
13.5 11.089
13.5 10.933
13.5 10.903
13.5 10.938
13.5 10.955
13.5 10.922
13.5 10.988
13.5 10.866
13.5 11.006
13.5 10.969
13.5 10.875
13.5 10.826
13.5 10.941
13.5 10.953
13.5 10.806
13.5 10.943
13.5 10.937
13.5 10.947
13.5 11.132
13.5 10.836
13.5 10.963
13.5 11.221
13.5 10.973
13.5 10.82
13.5 10.969
13.5 10.958
13.5 11.159
13.5 10.841
13.5 10.885
13.5 11.113
13.5 11.078
13.5 10.861
13.5 10.925
13.5 10.982
13.5 10.967
13.5 11.027
13.5 11.165
13.5 11.126
13.5 11.059
13.5 10.956
13.5 10.776
13.5 10.937
13.5 10.965
13.5 11.065
13.5 11.023
13.5 10.904
13.5 11.051
13.5 10.866
13.5 10.875
13.5 10.943
13.5 11.025
13.5 11.006
13.5 10.962
13.5 10.858
13.5 11.02
13.5 10.954
13.5 11.03
13.5 10.85
13.5 11.021
13.5 10.8
13.5 10.712
13.5 10.886
13.5 11.008
13.5 11.027
13.5 10.975
13.5 10.956
13.5 10.92
13.5 10.95
13.5 10.921
13.5 10.955
13.5 11.046
13.5 11.071
13.5 10.91
13.5 11.009
13.5 10.964
13.5 11.016
13.5 10.934
13.5 10.891
13.5 11.081
13.5 10.956
13.5 11.0
13.5 11.124
13.5 10.954
13.5 11.086
13.5 10.97
13.5 11.035
13.5 10.914
13.5 10.875
13.5 10.939
13.5 11.019
13.5 10.898
13.5 10.944
13.5 10.924
13.5 10.986
13.5 10.906
13.5 10.984
13.5 11.092
13.5 11.166
13.5 11.028
13.5 10.986
13.5 10.885
13.5 11.027
13.5 10.609
13.5 10.962
13.5 11.094
13.5 11.044
13.5 10.909
13.5 11.031
13.5 10.955
13.5 10.964
13.5 11.018
13.5 10.926
13.5 10.987
13.5 11.024
13.5 10.838
13.5 10.948
13.5 10.969
13.5 11.038
13.5 10.885
13.5 10.696
13.5 10.954
13.5 11.028
13.5 11.255
13.5 10.902
13.5 10.896
13.5 10.949
13.5 11.052
13.5 10.893
13.5 11.089
13.5 11.03
13.5 11.156
13.5 11.015
13.5 11.031
13.5 11.027
13.5 11.022
13.5 10.906
13.5 10.794
13.5 10.846
13.5 10.872
13.5 10.9
13.5 10.928
13.5 10.924
13.5 10.946
13.5 11.042
13.5 10.922
13.5 10.977
13.5 11.013
13.5 11.002
13.5 10.809
13.5 11.024
13.5 11.206
13.5 11.205
13.5 10.978
13.5 10.857
13.5 10.856
13.5 11.019
13.5 11.042
13.5 10.815
13.5 10.805
13.5 11.037
13.5 10.988
13.5 11.098
13.5 10.844
13.5 11.02
13.5 10.941
13.5 11.031
13.5 10.893
13.5 10.908
13.5 10.966
13.5 10.993
13.5 10.824
13.5 10.841
13.5 10.946
13.5 10.877
13.5 10.919
13.5 10.911
13.5 10.898
13.5 10.932
13.5 11.019
13.5 11.035
13.5 11.1
13.5 10.975
13.5 11.004
13.5 10.98
13.5 11.032
13.5 10.791
13.5 10.919
13.5 11.087
13.5 11.079
13.5 11.037
13.5 11.078
13.5 10.811
13.5 10.801
13.5 11.113
13.5 11.248
13.5 10.968
13.5 10.907
13.5 10.909
13.5 10.981
13.5 10.886
13.5 10.85
13.5 10.883
13.5 10.945
13.5 11.057
13.5 10.945
13.5 11.085
13.5 11.08
13.5 10.908
13.5 11.041
13.5 10.943
13.5 10.783
13.5 10.953
13.5 10.781
13.5 10.965
13.5 11.094
13.5 10.866
13.5 11.032
13.5 10.845
13.5 11.066
13.5 11.095
13.5 10.925
13.5 10.923
13.5 10.98
13.5 10.825
13.5 10.93
13.5 10.996
13.5 11.0
13.5 10.931
13.5 10.963
13.5 10.854
13.5 11.013
13.5 11.005
13.5 10.914
13.5 11.042
13.5 11.188
13.5 10.991
13.5 10.906
13.5 11.031
13.5 10.86
13.5 11.018
13.5 11.072
13.5 10.92
13.5 10.898
13.5 11.074
13.5 11.014
13.5 10.898
13.5 11.022
13.5 10.986
13.5 11.112
13.5 10.97
13.5 11.004
13.5 10.779
13.5 10.958
13.5 11.077
13.5 11.199
13.5 10.891
13.5 10.787
13.5 10.965
13.5 10.859
13.5 11.091
13.5 10.932
13.5 11.052
13.5 11.04
13.5 10.924
13.5 10.949
13.5 11.07
13.5 10.967
13.5 10.973
13.5 10.93
13.5 10.963
13.5 11.025
13.5 10.968
13.5 11.074
13.5 11.053
13.5 11.063
13.5 10.971
13.5 10.964
13.5 11.238
13.5 11.118
13.5 10.939
13.5 10.973
13.5 11.041
13.5 11.078
13.5 10.895
13.5 10.746
13.5 10.833
13.5 10.796
13.5 10.829
13.5 10.835
13.5 11.035
13.5 10.957
13.5 10.727
13.5 10.92
13.5 10.854
13.5 10.752
13.5 10.867
13.5 10.974
13.5 11.01
13.5 10.849
13.5 11.048
13.5 10.909
13.5 10.825
13.5 11.025
13.5 11.056
13.5 10.941
500
12.0 4.01
12.5 8.182
13.0 8.844
13.0 9.224
13.0 9.459
13.0 9.685
13.5 9.891
13.5 10.204
13.5 10.18
13.5 10.339
13.5 10.476
13.5 10.407
13.5 10.627
13.5 10.701
13.5 11.115
13.5 10.997
13.5 10.977
13.5 10.911
13.5 10.998
13.5 10.808
13.5 10.953
13.5 10.867
13.5 10.939
13.5 10.842
13.5 10.923
13.5 10.891
13.5 10.9
13.5 10.978
13.5 11.014
13.5 10.768
13.5 10.963
13.5 11.055
13.5 10.837
13.5 11.069
13.5 10.926
13.5 10.89
13.5 11.088
13.5 10.832
13.5 11.076
13.5 10.708
13.5 10.91
13.5 10.93
13.5 11.041
13.5 10.873
13.5 11.067
13.5 10.853
13.5 10.903
13.5 10.878
13.5 10.847
13.5 10.97
13.5 10.937
13.5 10.972
13.5 11.073
13.5 11.041
13.5 10.973
13.5 11.05
13.5 10.989
13.5 11.103
13.5 10.972
13.5 10.78
13.5 11.008
13.5 11.015
13.5 10.8
13.5 11.056
13.5 11.003
13.5 10.916
13.5 10.903
13.5 11.01
13.5 10.943
13.5 10.932
13.5 11.01
13.5 10.784
13.5 10.738
13.5 10.761
13.5 11.058
13.5 10.939
13.5 11.039
13.5 10.949
13.5 11.024
13.5 10.991
13.5 10.969
13.5 10.918
13.5 10.792
13.5 10.738
13.5 10.942
13.5 10.846
13.5 11.035
13.5 10.985
13.5 10.951
13.5 10.978
13.5 10.939
13.5 11.054
13.5 11.012
13.5 10.935
13.5 10.817
13.5 11.002
13.5 10.794
13.5 10.912
13.5 10.852
13.5 11.066
13.5 11.043
13.5 10.883
13.5 11.019
13.5 11.02
13.5 11.118
13.5 11.009
13.5 10.893
13.5 11.063
13.5 10.888
13.5 11.008
13.5 10.819
13.5 10.904
13.5 10.929
13.5 11.01
13.5 11.126
13.5 11.015
13.5 10.987
13.5 10.949
13.5 10.944
13.5 10.845
13.5 11.059
13.5 11.046
13.5 10.938
13.5 10.956
13.5 11.073
13.5 10.946
13.5 10.995
13.5 10.883
13.5 10.873
13.5 10.861
13.5 10.993
13.5 10.966
13.5 11.056
13.5 10.879
13.5 10.931
13.5 10.824
13.5 11.034
13.5 10.938
13.5 10.808
13.5 10.826
13.5 10.952
13.5 10.981
13.5 11.006
13.5 10.895
13.5 10.994
13.5 10.943
13.5 11.134
13.5 11.043
13.5 10.897
13.5 10.919
13.5 10.966
13.5 11.048
13.5 11.016
13.5 10.997
13.5 11.118
13.5 11.051
13.5 10.776
13.5 11.096
13.5 10.821
13.5 11.001
13.5 11.021
13.5 10.836
13.5 10.842
13.5 10.994
13.5 10.957
13.5 10.923
13.5 10.862
13.5 10.911
13.5 10.914
13.5 10.993
13.5 10.899
13.5 10.939
13.5 11.004
13.5 11.079
13.5 11.042
13.5 10.982
13.5 11.104
13.5 10.894
13.5 10.979
13.5 10.958
13.5 10.908
13.5 10.962
13.5 11.016
13.5 10.915
13.5 11.034
13.5 10.963
13.5 11.095
13.5 11.075
13.5 10.997
13.5 11.102
13.5 10.928
13.5 10.914
13.5 10.979
13.5 11.071
13.5 11.168
13.5 10.918
13.5 10.976
13.5 10.984
13.5 10.869
13.5 10.918
13.5 10.908
13.5 11.095
13.5 11.035
13.5 10.81
13.5 10.836
13.5 10.804
13.5 11.025
13.5 11.096
13.5 10.999
13.5 11.084
13.5 10.923
13.5 11.006
13.5 11.018
13.5 11.071
13.5 10.998
13.5 10.859
13.5 10.919
13.5 10.89
13.5 10.913
13.5 10.897
13.5 11.032
13.5 11.098
13.5 10.977
13.5 10.996
13.5 11.142
13.5 11.037
13.5 10.786
13.5 10.785
13.5 10.865
13.5 10.929
13.5 10.933
13.5 10.927
13.5 10.794
13.5 10.939
13.5 10.758
13.5 10.987
13.5 10.981
13.5 10.828
13.5 11.013
13.5 11.019
13.5 11.076
13.5 11.042
13.5 10.938
13.5 11.086
13.5 11.019
13.5 11.089
13.5 11.029
13.5 11.012
13.5 10.905
13.5 10.87
13.5 10.841
13.5 10.957
13.5 10.907
13.5 10.975
13.5 10.788
13.5 10.847
13.5 11.03
13.5 11.089
13.5 10.944
13.5 10.82
13.5 11.042
13.5 10.922
13.5 11.132
13.5 10.933
13.5 10.857
13.5 10.834
13.5 10.958
13.5 10.948
13.5 10.95
13.5 10.861
13.5 10.867
13.5 10.869
13.5 10.989
13.5 11.017
13.5 11.005
13.5 10.881
13.5 11.129
13.5 11.022
13.5 10.993
13.5 10.923
13.5 10.704
13.5 11.087
13.5 11.031
13.5 10.915
13.5 10.808
13.5 10.974
13.5 11.073
13.5 11.114
13.5 11.053
13.5 10.982
13.5 10.959
13.5 11.043
13.5 11.035
13.5 11.104
13.5 11.05
13.5 11.011
13.5 10.999
13.5 10.847
13.5 11.036
13.5 10.922
13.5 10.954
13.5 11.063
13.5 10.969
13.5 10.951
13.5 10.903
13.5 10.835
13.5 10.913
13.5 10.898
13.5 11.049
13.5 11.018
13.5 10.918
13.5 11.033
13.5 10.792
13.5 11.032
13.5 10.881
13.5 11.059
13.5 10.806
13.5 11.059
13.5 10.924
13.5 11.03
13.5 11.03
13.5 11.042
13.5 10.914
13.5 10.847
13.5 10.93
13.5 10.985
13.5 11.024
13.5 11.094
13.5 10.824
13.5 10.994
13.5 10.986
13.5 10.867
13.5 10.836
13.5 11.186
13.5 10.984
13.5 10.997
13.5 10.919
13.5 10.916
13.5 10.914
13.5 10.979
13.5 10.782
13.5 10.975
13.5 10.892
13.5 10.981
13.5 11.039
13.5 11.053
13.5 11.008
13.5 10.882
13.5 10.974
13.5 10.863
13.5 11.014
13.5 10.927
13.5 11.046
13.5 10.96
13.5 11.025
13.5 11.058
13.5 10.92
13.5 10.986
13.5 11.045
13.5 10.99
13.5 10.931
13.5 11.035
13.5 11.024
13.5 10.946
13.5 10.821
13.5 10.928
13.5 11.073
13.5 10.981
13.5 11.042
13.5 11.088
13.5 11.064
13.5 11.059
13.5 11.013
13.5 10.919
13.5 11.04
13.5 10.966
13.5 10.959
13.5 11.044
13.5 10.93
13.5 10.94
13.5 10.91
13.5 10.982
13.5 10.917
13.5 11.002
13.5 10.792
13.5 10.926
13.5 11.075
13.5 10.978
13.5 10.888
13.5 10.891
13.5 10.931
13.5 11.14
13.5 11.023
13.5 10.953
13.5 10.961
13.5 10.838
13.5 10.861
13.5 11.051
13.5 10.879
13.5 10.96
13.5 10.869
13.5 10.894
13.5 11.027
13.5 10.832
13.5 10.887
13.5 10.862
13.5 11.06
13.5 10.99
13.5 10.953
13.5 11.018
13.5 10.778
13.5 10.854
13.5 11.09
13.5 11.017
13.5 11.026
13.5 11.113
13.5 10.881
13.5 10.944
13.5 11.026
13.5 11.057
13.5 11.14
13.5 10.994
13.5 10.911
13.5 10.963
13.5 10.969
13.5 10.851
13.5 10.882
13.5 10.837
13.5 10.77
13.5 10.984
13.5 10.847
13.5 10.857
13.5 10.965
13.5 11.0
13.5 10.996
13.5 11.016
13.5 10.956
13.5 10.956
13.5 10.875
13.5 11.132
13.5 10.988
13.5 10.965
13.5 10.823
13.5 11.004
13.5 10.992
13.5 10.733
13.5 11.087
13.5 11.012
13.5 11.108
13.5 10.904
13.5 10.841
13.5 11.1
13.5 11.051
13.5 11.064
13.5 10.951
13.5 10.95
13.5 10.896
13.5 10.908
13.5 10.933
13.5 11.08
13.5 10.952
13.5 10.932
13.5 10.971
13.5 10.861
13.5 10.922
13.5 10.978
13.5 10.987
13.5 10.962
13.5 11.016
13.5 10.936
13.5 10.923
13.5 10.942
13.5 11.023
13.5 11.06
13.5 11.17
13.5 10.978
13.5 10.971
13.5 10.935
13.5 11.034
13.5 10.872
13.5 10.905
13.5 10.974
13.5 10.997
13.5 10.889
13.5 10.936
13.5 10.838
13.5 10.951
13.5 10.975
13.5 10.933
13.5 10.849
13.5 10.949
13.5 11.204
13.5 11.012
13.5 10.977
13.5 10.933
13.5 10.834
13.5 10.833
13.5 11.121
13.5 11.141
13.5 10.962
500
11.0 3.903
12.5 7.929
12.5 8.715
12.5 9.28
13.0 9.517
13.0 9.686
13.0 9.882
13.0 9.748
13.0 10.007
13.0 10.108
13.0 10.053
13.0 10.158
13.0 10.16
13.0 10.194
13.0 10.389
13.0 9.998
13.0 10.204
13.0 10.419
13.0 10.165
13.0 10.207
13.0 10.238
13.0 10.02
13.0 10.183
13.0 10.092
13.0 10.212
13.0 10.093
13.0 10.208
13.0 10.173
13.0 10.185
13.0 10.265
13.0 10.387
13.0 10.117
13.0 10.36
13.0 10.212
13.0 10.278
13.0 10.236
13.0 10.445
13.0 10.231
13.0 9.958
13.0 10.358
13.0 10.219
13.0 10.315
13.0 10.206
13.0 10.369
13.0 10.014
13.0 10.218
13.0 10.257
13.0 10.312
13.0 10.092
13.0 10.303
13.0 10.153
13.0 10.175
13.0 10.238
13.0 10.094
13.0 10.065
13.0 10.15
13.0 10.303
13.0 10.167
13.0 10.215
13.0 10.246
13.0 10.159
13.0 10.319
13.0 10.163
13.0 10.123
13.0 10.219
13.0 10.087
13.0 10.179
13.0 10.388
13.0 10.309
13.0 10.142
13.0 10.314
13.0 10.299
13.0 10.128
13.0 10.351
13.0 10.054
13.0 10.204
13.0 10.251
13.0 10.226
13.0 10.245
13.0 10.224
13.0 10.117
13.0 10.161
13.0 10.108
13.0 10.214
13.0 10.299
13.0 10.292
13.0 10.028
13.0 10.251
13.0 10.148
13.0 10.198
13.0 10.129
13.0 10.051
13.0 9.876
13.0 10.213
13.0 10.367
13.0 10.229
13.0 10.225
13.0 10.138
13.0 10.273
13.0 10.125
13.0 10.045
13.0 10.162
13.0 10.053
13.0 10.247
13.0 9.983
13.0 10.335
13.0 10.033
13.0 10.265
13.0 10.176
13.0 10.129
13.0 10.294
13.0 10.365
13.0 10.185
13.0 10.331
13.0 10.051
13.0 10.118
13.0 9.997
13.0 10.15
13.0 10.029
13.0 10.312
13.0 10.259
13.0 10.43
13.0 10.299
13.0 10.205
13.0 10.084
13.0 10.022
13.0 9.955
13.0 10.417
13.0 10.377
13.0 10.203
13.0 10.224
13.0 10.308
13.0 10.393
13.0 9.999
13.0 10.218
13.0 10.279
13.0 10.29
13.0 10.379
13.0 10.19
13.0 10.231
13.0 10.254
13.0 10.247
13.0 10.112
13.0 10.11
13.0 10.383
13.0 10.297
13.0 10.268
13.0 10.118
13.0 9.943
13.0 10.136
13.0 10.153
13.0 10.066
13.0 10.126
13.0 10.208
13.0 10.375
13.0 10.324
13.0 10.328
13.0 10.238
13.0 10.16
13.0 10.315
13.0 10.34
13.0 10.188
13.0 10.173
13.0 10.12
13.0 10.223
13.0 10.326
13.0 10.049
13.0 10.296
13.0 10.229
13.0 10.096
13.0 10.376
13.0 10.209
13.0 10.278
13.0 10.22
13.0 10.175
13.0 10.142
13.0 10.161
13.0 10.158
13.0 10.342
13.0 10.19
13.0 10.311
13.0 10.221
13.0 10.221
13.0 10.328
13.0 10.234
13.0 10.233
13.0 10.016
13.0 10.096
13.0 10.06
13.0 10.291
13.0 10.149
13.0 10.277
13.0 10.264
13.0 9.977
13.0 10.276
13.0 10.401
13.0 10.123
13.0 10.301
13.0 10.16
13.0 10.096
13.0 10.216
13.0 10.294
13.0 10.4
13.0 10.265
13.0 10.34
13.0 10.399
13.0 10.091
13.0 10.268
13.0 10.085
13.0 10.239
13.0 10.317
13.0 10.211
13.0 10.178
13.0 10.226
13.0 10.343
13.0 10.349
13.0 10.272
13.0 10.164
13.0 10.304
13.0 10.079
13.0 10.292
13.0 10.174
13.0 10.182
13.0 10.229
13.0 10.204
13.0 10.252
13.0 10.177
13.0 10.089
13.0 10.085
13.0 10.319
13.0 10.195
13.0 10.231
13.0 10.252
13.0 10.223
13.0 10.139
13.0 10.128
13.0 10.219
13.0 10.123
13.0 10.26
13.0 10.178
13.0 9.973
13.0 10.163
13.0 10.227
13.0 9.969
13.0 10.121
13.0 10.141
13.0 10.173
13.0 10.407
13.0 10.133
13.0 10.256
13.0 10.269
13.0 10.235
13.0 10.397
13.0 10.095
13.0 10.207
13.0 10.101
13.0 10.161
13.0 10.158
13.0 10.091
13.0 10.032
13.0 10.318
13.0 10.19
13.0 10.39
13.0 10.137
13.0 10.158
13.0 10.256
13.0 10.324
13.0 10.1
13.5 10.183
13.5 10.247
13.5 10.139
13.5 10.185
13.5 10.122
13.5 10.393
13.5 10.215
13.5 10.145
13.5 10.134
13.5 10.191
13.5 10.012
13.5 10.24
13.5 10.04
13.5 10.17
13.5 10.374
13.5 10.135
13.5 10.128
13.5 10.283
13.5 10.356
13.5 10.616
13.5 10.913
13.5 10.796
13.5 10.834
13.5 10.999
13.5 10.812
13.5 10.966
13.5 10.842
13.5 10.85
13.5 11.041
13.5 11.079
13.5 11.014
13.5 10.857
13.5 11.021
13.5 10.971
13.5 10.692
13.5 10.841
13.5 10.882
13.5 11.054
13.5 11.017
13.5 11.019
13.5 10.937
13.5 10.899
13.5 10.91
13.5 10.894
13.5 10.955
13.5 10.83
13.5 11.024
13.5 10.984
13.5 11.092
13.5 10.933
13.5 11.02
13.5 11.02
13.5 11.049
13.5 10.922
13.5 10.983
13.5 10.873
13.5 10.77
13.5 11.051
13.5 10.867
13.5 11.004
13.5 10.949
13.5 10.845
13.5 10.891
13.5 10.995
13.5 10.866
13.5 10.959
13.5 10.94
13.5 10.818
13.5 10.931
13.5 10.811
13.5 10.982
13.5 11.014
13.5 10.861
13.5 11.101
13.5 10.949
13.5 10.928
13.5 10.994
13.5 10.995
13.5 11.054
13.5 10.844
13.5 10.983
13.5 10.898
13.5 10.831
13.5 10.84
13.5 11.086
13.5 11.022
13.5 11.052
13.5 11.064
13.5 10.984
13.5 10.946
13.5 10.85
13.5 10.874
13.5 11.036
13.5 10.754
13.5 10.935
13.5 10.999
13.5 10.792
13.5 10.68
13.5 10.717
13.5 10.886
13.5 10.863
13.5 10.974
13.5 10.968
13.5 10.941
13.5 10.957
13.5 11.055
13.5 11.021
13.5 10.94
13.5 10.936
13.5 11.093
13.5 11.035
13.5 10.867
13.5 10.73
13.5 10.855
13.5 10.991
13.5 10.855
13.5 11.02
13.5 10.852
13.5 10.994
13.5 11.073
13.5 10.935
13.5 10.752
13.5 10.794
13.5 10.796
13.5 11.011
13.5 10.999
13.5 10.825
13.5 10.943
13.5 10.835
13.5 10.841
13.5 10.912
13.5 10.741
13.5 10.941
13.5 11.084
13.5 10.983
13.5 10.99
13.5 10.836
13.5 10.843
13.5 10.914
13.5 11.011
13.5 11.105
13.5 11.049
13.5 10.929
13.5 11.034
13.5 11.049
13.5 10.956
13.5 10.816
13.5 10.856
13.5 10.77
13.5 11.099
13.5 10.907
13.5 11.043
13.5 10.977
13.5 10.846
13.5 10.979
13.5 10.853
13.5 11.006
13.5 11.083
13.5 10.884
13.5 11.067
13.5 10.934
13.5 10.93
13.5 10.85
13.5 10.874
13.5 10.907
13.5 10.924
13.5 11.081
13.5 11.04
13.5 11.0
13.5 10.928
13.5 10.985
13.5 10.982
13.5 10.877
13.5 10.919
13.5 10.995
13.5 11.102
13.5 10.79
13.5 11.029
13.5 10.989
13.5 11.079
13.5 11.01
13.5 10.955
13.5 10.843
13.5 11.022
13.5 11.113
13.5 10.826
13.5 11.032
13.5 10.94
13.5 10.928
13.5 10.925
13.5 11.018
13.5 10.855
13.5 10.881
13.5 10.903
13.5 11.035
13.5 10.865
13.5 10.831
13.5 10.973
13.5 10.924
13.5 11.081
13.5 10.894
13.5 10.725
13.5 10.981
13.5 10.882
13.5 10.953
13.5 11.204
13.5 10.946
13.5 10.952
13.5 10.957
13.5 10.851
13.5 11.08
13.5 11.123
13.5 10.891
13.5 10.938
13.5 10.944
13.5 11.144
13.5 10.846
13.5 11.123
13.5 10.975
13.5 11.035
13.5 10.877
13.5 10.83
13.5 10.844
13.5 10.907
13.5 10.898
13.5 11.049
13.5 10.916
13.5 11.109
13.5 10.903
13.5 11.013
13.5 10.949
13.5 10.851
500
11.5 3.469
12.0 7.791
13.0 8.595
13.0 9.197
13.0 9.303
13.0 9.739
13.0 10.198
13.0 10.086
13.5 10.183
13.5 10.289
13.5 10.277
13.5 10.364
13.5 10.304
13.5 10.294
13.5 10.451
13.5 10.467
13.5 10.405
13.5 10.507
13.5 10.708
13.5 10.962
13.5 10.825
13.5 10.995
13.5 11.014
13.5 10.994
13.5 10.839
13.5 11.01
13.5 10.876
13.5 10.98
13.5 10.86
13.5 10.944
13.5 10.867
13.5 10.929
13.5 11.054
13.5 10.862
13.5 11.0
13.5 10.898
13.5 10.861
13.5 10.854
13.5 10.957
13.5 10.883
13.5 11.095
13.5 10.995
13.5 11.034
13.5 10.808
13.5 10.856
13.5 11.07
13.5 11.012
13.5 10.954
13.5 11.034
13.5 10.838
13.5 11.014
13.5 11.013
13.5 11.05
13.5 10.875
13.5 11.099
13.5 10.892
13.5 10.832
13.5 10.713
13.5 11.049
13.5 10.949
13.5 10.944
13.5 10.949
13.5 10.96
13.5 10.907
13.5 10.951
13.5 10.883
13.5 10.767
13.5 10.927
13.5 10.947
13.5 11.036
13.5 10.974
13.5 11.068
13.5 11.073
13.5 10.928
13.5 10.852
13.5 10.963
13.5 10.898
13.5 10.877
13.5 11.047
13.5 11.11
13.5 10.853
13.5 10.876
13.5 10.71
13.5 10.773
13.5 10.761
13.5 10.841
13.5 10.885
13.5 10.999
13.5 11.022
13.5 10.988
13.5 11.07
13.5 11.044
13.5 10.998
13.5 11.052
13.5 10.992
13.5 10.968
13.5 11.077
13.5 11.029
13.5 11.013
13.5 10.93
13.5 11.039
13.5 10.857
13.5 11.022
13.5 11.004
13.5 11.039
13.5 11.009
13.5 10.976
13.5 10.868
13.5 11.018
13.5 11.035
13.5 10.97
13.5 10.858
13.5 10.953
13.5 10.952
13.5 10.89
13.5 10.966
13.5 10.894
13.5 10.967
13.5 10.912
13.5 10.956
13.5 10.9
13.5 10.825
13.5 10.841
13.5 10.821
13.5 10.986
13.5 10.932
13.5 10.881
13.5 11.026
13.5 11.008
13.5 11.072
13.5 10.97
13.5 11.1
13.5 10.933
13.5 10.91
13.5 11.005
13.5 11.084
13.5 10.75
13.5 11.001
13.5 11.081
13.5 10.767
13.5 10.906
13.5 10.947
13.5 11.038
13.5 11.119
13.5 10.985
13.5 11.014
13.5 10.924
13.5 10.989
13.5 11.088
13.5 10.887
13.5 10.854
13.5 10.842
13.5 10.865
13.5 10.937
13.5 10.959
13.5 10.869
13.5 11.161
13.5 10.887
13.5 10.857
13.5 10.998
13.5 11.013
13.5 10.815
13.5 10.959
13.5 11.058
13.5 11.083
13.5 11.116
13.5 11.224
13.5 11.032
13.5 10.869
13.5 10.914
13.5 10.746
13.5 10.982
13.5 10.972
13.5 10.813
13.5 10.993
13.5 11.084
13.5 10.964
13.5 10.978
13.5 11.068
13.5 11.018
13.5 10.941
13.5 10.936
13.5 11.078
13.5 10.924
13.5 10.957
13.5 10.798
13.5 10.884
13.5 10.946
13.5 10.809
13.5 11.017
13.5 10.973
13.5 10.917
13.5 10.895
13.5 10.953
13.5 10.824
13.5 10.847
13.5 10.96
13.5 10.873
13.5 11.025
13.5 10.816
13.5 10.756
13.5 10.707
13.5 10.906
13.5 10.968
13.5 10.914
13.5 11.087
13.5 11.016
13.5 10.952
13.5 10.885
13.5 10.882
13.5 11.009
13.5 11.075
13.5 10.989
13.5 10.837
13.5 11.146
13.5 11.021
13.5 10.969
13.5 10.921
13.5 10.936
13.5 11.131
13.5 11.123
13.5 11.027
13.5 10.891
13.5 10.816
13.5 10.965
13.5 10.91
13.5 10.882
13.5 10.916
13.5 11.057
13.5 10.888
13.5 10.908
13.5 10.905
13.5 10.798
13.5 10.938
13.5 10.969
13.5 10.802
13.5 10.937
13.5 10.919
13.5 10.968
13.5 10.998
13.5 11.007
13.5 10.973
13.5 10.833
13.5 10.96
13.5 10.903
13.5 10.905
13.5 11.001
13.5 11.208
13.5 10.694
13.5 10.796
13.5 10.834
13.5 10.974
13.5 11.155
13.5 10.916
13.5 10.856
13.5 11.014
13.5 11.053
13.5 11.065
13.5 11.004
13.5 11.197
13.5 10.833
13.5 10.987
13.5 10.925
13.5 10.809
13.5 10.942
13.5 10.835
13.5 11.04
13.5 10.936
13.5 11.056
13.5 10.887
13.5 11.016
13.5 10.868
13.5 10.96
13.5 10.961
13.5 10.932
13.5 10.868
13.5 10.999
13.5 11.117
13.5 10.987
13.5 10.943
13.5 10.73
13.5 11.004
13.5 10.933
13.5 10.902
13.5 10.849
13.5 10.896
13.5 10.924
13.5 10.957
13.5 10.951
13.5 10.848
13.5 11.077
13.5 11.056
13.5 10.934
13.5 10.831
13.5 10.989
13.5 10.952
13.5 11.098
13.5 11.062
13.5 10.997
13.5 10.958
13.5 11.062
13.5 10.897
13.5 11.082
13.5 10.978
13.5 10.858
13.5 11.04
13.5 10.824
13.5 10.896
13.5 10.908
13.5 10.963
13.5 10.883
13.5 10.974
13.5 11.022
13.5 11.104
13.5 10.895
13.5 10.996
13.5 11.042
13.5 10.935
13.5 11.043
13.5 11.049
13.5 10.922
13.5 10.988
13.5 10.945
13.5 10.904
13.5 11.0
13.5 10.947
13.5 11.01
13.5 10.909
13.5 10.928
13.5 10.989
13.5 10.836
13.5 10.9
13.5 11.002
13.5 10.854
13.5 10.986
13.5 10.985
13.5 10.971
13.5 11.128
13.5 10.971
13.5 10.946
13.5 10.993
13.5 10.894
13.5 11.15
13.5 11.12
13.5 10.942
13.5 10.956
13.5 11.003
13.5 10.977
13.5 11.144
13.5 10.958
13.5 10.965
13.5 11.039
13.5 11.074
13.5 11.1
13.5 10.908
13.5 10.858
13.5 10.994
13.5 11.008
13.5 11.045
13.5 11.175
13.5 11.068
13.5 10.803
13.5 10.828
13.5 10.965
13.5 10.992
13.5 10.985
13.5 10.943
13.5 10.935
13.5 11.038
13.5 10.998
13.5 11.017
13.5 11.15
13.5 10.927
13.5 10.984
13.5 10.768
13.5 10.939
13.5 11.022
13.5 10.877
13.5 10.899
13.5 11.015
13.5 10.893
13.5 10.911
13.5 11.022
13.5 11.101
13.5 10.901
13.5 11.092
13.5 11.037
13.5 10.962
13.5 11.02
13.5 11.107
13.5 11.072
13.5 10.917
13.5 10.794
13.5 10.795
13.5 10.672
13.5 11.062
13.5 11.087
13.5 10.897
13.5 10.794
13.5 10.897
13.5 10.956
13.5 10.825
13.5 10.852
13.5 10.989
13.5 11.127
13.5 10.934
13.5 11.035
13.5 11.079
13.5 10.93
13.5 10.811
13.5 10.96
13.5 11.1
13.5 10.961
13.5 10.824
13.5 11.007
13.5 11.093
13.5 11.084
13.5 10.893
13.5 10.924
13.5 10.924
13.5 10.994
13.5 10.932
13.5 10.891
13.5 11.01
13.5 10.853
13.5 10.798
13.5 10.894
13.5 10.882
13.5 10.899
13.5 10.958
13.5 10.942
13.5 10.808
13.5 10.877
13.5 10.944
13.5 11.042
13.5 11.084
13.5 11.089
13.5 11.032
13.5 10.85
13.5 11.057
13.5 11.127
13.5 11.1
13.5 10.956
13.5 11.134
13.5 11.007
13.5 11.013
13.5 11.068
13.5 11.006
13.5 10.938
13.5 10.852
13.5 10.91
13.5 10.868
13.5 11.084
13.5 11.003
13.5 10.949
13.5 10.918
13.5 10.822
13.5 10.853
13.5 10.921
13.5 10.814
13.5 10.887
13.5 10.885
13.5 11.106
13.5 10.865
13.5 10.968
13.5 10.968
13.5 10.935
13.5 11.028
13.5 10.966
13.5 10.9
13.5 10.985
13.5 11.032
13.5 11.141
13.5 10.884
13.5 10.916
13.5 10.775
13.5 11.071
13.5 11.067
13.5 10.898
13.5 10.94
13.5 11.006
13.5 10.96
13.5 10.772
13.5 10.904
13.5 10.92
13.5 10.964
13.5 10.911
13.5 11.021
13.5 10.952
13.5 10.903
13.5 10.916
13.5 11.021
13.5 11.001
13.5 10.802
13.5 10.844
13.5 10.837
13.5 11.103
13.5 11.035
13.5 10.921
13.5 10.953

Individual: [1, 3, 6, 7, 12, 14, 15, 19, 20]
   Fitness: 13.5
     Total: 9
Violations: 0 0

Individual: [1, 3, 6, 7, 12, 14, 15, 19, 20]
   Fitness: 13.5
     Total: 9
Violations: 0 0

Individual: [1, 3, 6, 7, 12, 14, 15, 19, 20]
   Fitness: 13.5
     Total: 9
Violations: 0 0

Individual: [1, 3, 6, 7, 12, 14, 15, 19, 20]
   Fitness: 13.5
     Total: 9
Violations: 0 0

Individual: [1, 2, 4, 5, 7, 11, 14, 16, 19, 20]
   Fitness: 13.0
     Total: 10
Violations: 2 2

Individual: [1, 3, 6, 7, 12, 14, 15, 19, 20]
   Fitness: 13.5
     Total: 9
Violations: 0 0

Individual: [1, 2, 6, 7, 9, 14, 15, 18, 20]
   Fitness: 13.5
     Total: 9
Violations: 0 0

Individual: [1, 2, 6, 7, 9, 14, 15, 18, 20]
   Fitness: 13.5
     Total: 9
Violations: 0 0

Individual: [1, 3, 6, 7, 12, 14, 15, 19, 20]
   Fitness: 13.5
     Total: 9
Violations: 0 0

Individual: [1, 2, 6, 7, 9, 14, 15, 18, 20]
   Fitness: 13.5
     Total: 9
Violations: 0 0
