10
100
11.5 3.902
12.0 7.393
12.5 7.832
12.5 7.58
12.5 8.18
12.5 8.78
13.0 8.999
13.0 8.957
13.0 8.988
13.0 9.126
13.0 9.245
13.0 9.068
13.0 9.024
13.0 9.397
13.0 9.537
13.0 9.424
13.0 9.295
13.0 9.817
13.0 9.604
13.0 9.649
13.0 9.954
13.0 9.715
13.0 9.709
13.0 9.646
13.0 9.354
13.0 9.413
13.0 9.651
13.0 9.534
13.0 9.578
13.0 10.077
13.0 9.79
13.0 9.921
13.0 9.783
13.0 9.873
13.0 9.473
13.0 9.66
13.0 10.268
13.0 9.729
13.0 9.388
13.0 9.721
13.0 9.612
13.0 9.47
13.0 9.231
13.0 9.853
13.0 9.831
13.0 9.63
13.0 9.729
13.0 9.779
13.0 9.413
13.0 9.925
13.0 9.79
13.0 9.531
13.0 9.266
13.0 9.007
13.0 9.367
13.0 9.277
13.0 9.206
13.0 9.775
13.0 9.34
13.0 9.21
13.0 9.703
13.0 9.496
13.0 9.325
13.0 9.581
13.0 10.281
13.0 9.609
13.0 9.574
13.0 9.73
13.0 9.852
13.0 9.752
13.0 9.331
13.0 9.812
13.0 9.453
13.0 9.324
13.0 9.44
13.0 10.073
13.0 9.741
13.0 9.465
13.0 9.455
13.0 9.727
13.0 9.28
13.0 9.828
13.0 9.889
13.0 9.242
13.0 9.578
13.0 9.501
13.0 9.549
13.0 9.426
13.0 9.326
13.0 9.635
13.0 9.635
13.0 10.162
13.0 10.027
13.0 9.89
13.0 9.706
13.0 9.542
13.0 9.719
13.0 9.718
13.0 9.782
13.0 9.633
100
11.5 3.893
11.5 7.525
12.5 8.093
12.5 8.082
12.5 8.495
12.5 8.471
12.5 8.582
12.5 9.149
13.0 8.726
13.0 8.93
13.0 9.237
13.5 9.614
13.5 9.409
13.5 9.571
13.5 9.429
13.5 8.754
13.5 9.213
13.5 8.992
13.5 9.093
13.5 9.362
13.5 9.953
13.5 9.664
13.5 9.982
13.5 9.859
13.5 9.707
13.5 10.129
13.5 10.048
13.5 10.002
13.5 9.462
13.5 10.011
13.5 10.259
13.5 9.59
13.5 9.706
13.5 9.868
13.5 10.096
13.5 10.125
13.5 9.822
13.5 9.747
13.5 9.815
13.5 9.961
13.5 9.543
13.5 10.023
13.5 10.049
13.5 9.771
13.5 10.081
13.5 9.433
13.5 9.393
13.5 10.112
13.5 9.805
13.5 10.279
13.5 10.191
13.5 10.141
13.5 9.691
13.5 10.031
13.5 9.909
13.5 9.653
13.5 9.768
13.5 10.451
13.5 10.292
13.5 10.073
13.5 9.937
13.5 10.258
13.5 9.839
13.5 9.414
13.5 10.078
13.5 9.901
13.5 9.96
13.5 9.782
13.5 10.158
13.5 9.829
13.5 10.496
13.5 9.483
13.5 10.252
13.5 10.458
13.5 9.758
13.5 10.244
13.5 10.04
13.5 10.14
13.5 10.06
13.5 10.158
13.5 10.062
13.5 10.22
13.5 10.156
13.5 10.384
13.5 10.11
13.5 9.688
13.5 9.976
13.5 9.647
13.5 10.112
13.5 9.864
13.5 9.744
13.5 9.636
13.5 9.731
13.5 9.657
13.5 10.106
13.5 9.939
13.5 9.855
13.5 10.14
13.5 9.923
13.5 9.749
100
12.0 3.771
12.0 7.902
12.0 8.246
12.5 8.457
13.0 8.694
13.0 8.457
13.0 9.014
13.0 9.394
13.0 9.433
13.0 9.154
13.0 9.338
13.0 9.456
13.0 10.056
13.0 9.053
13.0 9.634
13.0 9.428
13.0 9.652
13.5 9.856
13.5 9.571
13.5 9.51
13.5 9.821
13.5 10.032
13.5 9.458
13.5 9.477
13.5 9.585
13.5 9.695
13.5 9.564
13.5 9.096
13.5 9.711
13.5 9.486
13.5 9.944
13.5 9.368
13.5 9.497
13.5 9.569
13.5 9.824
13.5 9.919
13.5 9.802
13.5 9.971
13.5 9.951
13.5 9.95
13.5 9.959
13.5 10.07
13.5 9.571
13.5 9.915
13.5 10.073
13.5 10.184
13.5 9.929
13.5 9.982
13.5 10.167
13.5 9.755
13.5 9.635
13.5 9.931
13.5 10.022
13.5 9.994
13.5 9.719
13.5 10.212
13.5 9.976
13.5 9.934
13.5 9.823
13.5 10.352
13.5 10.013
13.5 9.598
13.5 10.022
13.5 9.949
13.5 9.666
13.5 9.772
13.5 10.152
13.5 9.933
13.5 9.942
13.5 9.89
13.5 9.671
13.5 10.431
13.5 10.25
13.5 9.563
13.5 10.409
13.5 10.27
13.5 10.638
13.5 9.818
13.5 9.786
13.5 10.007
13.5 10.613
13.5 10.168
13.5 10.017
13.5 9.66
13.5 9.855
13.5 9.851
13.5 10.024
13.5 10.245
13.5 9.872
13.5 10.177
13.5 9.867
13.5 10.443
13.5 10.086
13.5 10.088
13.5 9.915
13.5 9.91
13.5 9.756
13.5 10.055
13.5 9.868
13.5 9.843
100
11.5 3.586
11.5 7.476
12.0 7.793
12.0 7.956
12.5 8.673
12.5 8.592
13.0 8.543
13.0 9.241
13.0 8.921
13.0 9.328
13.0 9.379
13.0 9.379
13.0 9.169
13.0 9.6
13.0 8.635
13.0 9.858
13.0 9.4
13.0 9.262
13.0 9.772
13.0 9.361
13.0 9.672
13.0 9.753
13.0 9.383
13.0 9.718
13.0 9.938
13.0 9.881
13.0 9.497
13.0 9.481
13.0 9.786
13.0 9.752
13.0 10.08
13.0 10.053
13.0 9.381
13.0 9.049
13.0 9.995
13.0 10.13
13.0 9.877
13.0 9.42
13.0 10.329
13.0 9.604
13.0 9.939
13.0 9.93
13.0 9.856
13.0 9.698
13.0 9.381
13.0 9.6
13.0 9.958
13.0 9.57
13.0 9.477
13.0 9.618
13.0 9.519
13.0 9.738
13.0 9.852
13.0 9.321
13.0 9.426
13.0 9.656
13.0 9.738
13.0 9.957
13.0 10.01
13.0 9.783
13.0 9.86
13.0 9.798
13.0 9.948
13.0 9.529
13.0 9.733
13.0 10.218
13.0 9.854
13.0 9.679
13.0 9.982
13.0 9.927
13.0 10.092
13.0 9.559
13.0 9.905
13.0 9.775
13.0 9.757
13.0 9.34
13.0 9.841
13.0 9.874
13.0 9.463
13.0 9.652
13.0 9.973
13.0 10.278
13.0 10.178
13.0 9.621
13.0 9.813
13.0 9.833
13.0 9.586
13.0 9.802
13.0 9.921
13.0 9.935
13.0 9.376
13.0 9.444
13.0 9.674
13.0 9.805
13.0 9.86
13.0 9.67
13.0 9.817
13.0 9.533
13.0 9.866
13.0 10.017
100
11.0 3.446
11.0 7.615
12.0 8.062
13.0 8.14
13.0 9.002
13.0 9.177
13.0 8.654
13.0 9.234
13.0 8.987
13.0 9.005
13.0 9.291
13.0 9.533
13.5 9.287
13.5 9.204
13.5 9.388
13.5 9.28
13.5 9.282
13.5 9.468
13.5 9.305
13.5 9.448
13.5 9.627
13.5 9.082
13.5 9.506
13.5 9.153
13.5 9.781
13.5 9.172
13.5 9.536
13.5 9.796
13.5 9.427
13.5 9.763
13.5 9.58
13.5 9.965
13.5 10.041
13.5 9.499
13.5 9.82
13.5 9.882
13.5 10.084
13.5 9.703
13.5 10.149
13.5 9.955
13.5 9.75
13.5 9.911
13.5 9.905
13.5 10.112
13.5 10.309
13.5 10.267
13.5 10.108
13.5 9.754
13.5 10.193
13.5 9.782
13.5 10.19
13.5 10.208
13.5 10.057
13.5 10.102
13.5 9.687
13.5 10.04
13.5 9.316
13.5 9.699
13.5 9.731
13.5 9.889
13.5 10.172
13.5 9.924
13.5 10.048
13.5 10.252
13.5 10.495
13.5 9.917
13.5 9.92
13.5 10.13
13.5 9.99
13.5 9.724
13.5 10.044
13.5 10.018
13.5 9.996
13.5 10.118
13.5 10.427
13.5 10.13
13.5 10.058
13.5 9.818
13.5 10.095
13.5 10.078
13.5 9.51
13.5 10.361
13.5 10.208
13.5 10.09
13.5 10.349
13.5 10.177
13.5 10.054
13.5 10.019
13.5 10.158
13.5 10.076
13.5 9.747
13.5 9.841
13.5 10.232
13.5 10.038
13.5 9.852
13.5 10.062
13.5 9.733
13.5 10.426
13.5 10.286
13.5 9.984
100
10.5 3.769
11.5 7.542
12.5 8.446
12.5 8.55
12.5 8.691
12.5 8.462
13.0 8.888
13.0 8.99
13.0 9.481
13.0 9.578
13.0 9.529
13.0 9.887
13.0 9.431
13.0 9.805
13.0 9.368
13.0 9.663
13.0 9.679
13.0 10.007
13.0 9.969
13.0 9.122
13.0 9.776
13.0 9.667
13.0 9.758
13.0 9.654
13.0 9.614
13.0 9.905
13.0 9.648
13.0 9.742
13.5 9.562
13.5 9.671
13.5 9.632
13.5 9.31
13.5 9.499
13.5 9.532
13.5 9.596
13.5 10.16
13.5 9.395
13.5 9.738
13.5 9.668
13.5 9.32
13.5 9.978
13.5 9.907
13.5 9.144
13.5 9.922
13.5 9.931
13.5 9.292
13.5 9.922
13.5 9.689
13.5 9.509
13.5 9.672
13.5 9.855
13.5 9.673
13.5 10.092
13.5 9.738
13.5 9.963
13.5 9.367
13.5 8.936
13.5 9.187
13.5 9.448
13.5 9.936
13.5 9.426
13.5 9.08
13.5 9.955
13.5 9.766
13.5 9.57
13.5 9.661
13.5 9.601
13.5 9.568
13.5 9.576
13.5 9.85
13.5 9.906
13.5 9.995
13.5 9.48
13.5 9.618
13.5 9.715
13.5 9.963
13.5 10.082
13.5 9.656
13.5 9.588
13.5 9.362
13.5 9.597
13.5 9.562
13.5 9.654
13.5 9.942
13.5 9.824
13.5 9.922
13.5 9.98
13.5 9.937
13.5 9.484
13.5 9.714
13.5 9.739
13.5 9.575
13.5 9.902
13.5 9.345
13.5 9.632
13.5 9.612
13.5 9.361
13.5 9.81
13.5 9.107
13.5 9.733
100
11.0 4.078
12.0 7.635
12.5 7.709
12.5 8.563
12.5 8.295
12.5 8.338
12.5 8.748
13.0 8.942
13.0 8.873
13.0 9.203
13.0 9.636
13.0 9.633
13.0 9.203
13.5 9.711
13.5 9.226
13.5 9.63
13.5 10.075
13.5 9.733
13.5 9.705
13.5 10.053
13.5 9.93
13.5 9.964
13.5 10.047
13.5 9.807
13.5 10.098
13.5 9.95
13.5 10.085
13.5 10.365
13.5 9.678
13.5 10.054
13.5 10.279
13.5 10.161
13.5 10.386
13.5 9.502
13.5 9.981
13.5 10.198
13.5 9.936
13.5 9.954
13.5 10.32
13.5 10.099
13.5 10.078
13.5 9.873
13.5 10.428
13.5 10.136
13.5 10.012
13.5 10.13
13.5 10.253
13.5 9.929
13.5 9.829
13.5 9.829
13.5 10.053
13.5 9.743
13.5 10.48
13.5 10.09
13.5 9.888
13.5 9.623
13.5 10.341
13.5 10.26
13.5 9.978
13.5 10.374
13.5 9.917
13.5 9.827
13.5 9.836
13.5 10.141
13.5 10.102
13.5 10.242
13.5 9.923
13.5 10.155
13.5 9.479
13.5 10.006
13.5 10.129
13.5 10.109
13.5 9.914
13.5 10.022
13.5 9.934
13.5 9.87
13.5 10.123
13.5 9.845
13.5 10.295
13.5 9.917
13.5 10.231
13.5 10.199
13.5 10.194
13.5 9.987
13.5 10.36
13.5 10.191
13.5 9.795
13.5 10.192
13.5 10.199
13.5 10.026
13.5 9.63
13.5 9.69
13.5 10.262
13.5 9.916
13.5 9.995
13.5 9.654
13.5 9.939
13.5 9.77
13.5 10.102
13.5 10.354
100
11.0 3.766
12.0 7.433
12.5 8.108
12.5 8.309
12.5 8.057
12.5 7.957
12.5 8.696
12.5 8.871
12.5 8.748
12.5 9.352
13.0 8.976
13.0 9.486
13.0 9.705
13.0 9.39
13.0 9.669
13.0 9.622
13.0 9.624
13.0 9.492
13.0 9.505
13.0 9.356
13.0 9.44
13.0 9.71
13.0 9.149
13.0 9.635
13.0 9.677
13.0 9.617
13.0 9.49
13.0 9.309
13.0 9.482
13.0 9.931
13.0 9.595
13.0 10.12
13.0 9.595
13.0 9.805
13.0 9.463
13.0 9.693
13.0 9.54
13.0 9.766
13.0 9.619
13.0 9.147
13.0 9.521
13.0 9.327
13.0 9.975
13.0 9.728
13.0 9.555
13.0 9.399
13.0 9.338
13.0 9.327
13.0 9.47
13.0 8.96
13.0 9.475
13.0 8.712
13.0 9.395
13.0 9.782
13.0 9.657
13.0 9.448
13.0 9.818
13.0 10.015
13.0 9.829
13.0 9.212
13.0 9.53
13.0 9.696
13.0 9.483
13.0 9.791
13.0 9.721
13.0 9.711
13.0 9.762
13.0 9.823
13.0 9.644
13.0 9.987
13.0 9.558
13.0 9.539
13.0 9.021
13.0 9.624
13.0 9.532
13.0 9.367
13.0 9.45
13.0 9.759
13.0 9.437
13.0 9.539
13.0 9.249
13.0 9.668
13.0 9.617
13.0 9.758
13.0 9.863
13.0 9.578
13.0 9.266
13.0 9.712
13.0 9.751
13.0 9.398
13.0 9.652
13.0 9.89
13.0 10.055
13.0 9.641
13.0 9.713
13.0 9.587
13.0 9.351
13.0 9.341
13.0 9.406
13.0 9.824
100
12.0 4.084
12.0 7.528
12.0 7.893
12.0 8.189
12.5 8.41
12.5 8.507
13.0 8.692
13.0 8.982
13.0 8.748
13.0 9.283
13.0 9.492
13.0 9.734
13.0 9.636
13.0 9.305
13.0 9.698
13.0 9.605
13.0 9.735
13.0 9.301
13.0 9.826
13.0 9.539
13.0 10.002
13.0 9.729
13.0 9.344
13.0 9.813
13.0 9.176
13.0 9.247
13.0 9.601
13.0 9.612
13.0 9.441
13.0 9.652
13.0 9.846
13.0 9.907
13.0 9.892
13.0 9.678
13.0 10.048
13.0 10.049
13.0 9.882
13.0 10.187
13.0 9.655
13.0 9.74
13.0 9.784
13.0 9.804
13.0 9.876
13.0 9.898
13.0 9.624
13.0 9.723
13.0 9.586
13.0 9.451
13.0 9.566
13.0 9.03
13.0 9.714
13.0 9.668
13.0 9.806
13.0 9.791
13.0 10.147
13.0 10.12
13.0 10.215
13.0 9.945
13.0 10.431
13.0 10.151
13.0 9.529
13.0 9.482
13.0 9.402
13.0 9.775
13.0 9.755
13.0 9.965
13.0 9.728
13.0 9.911
13.0 9.183
13.0 9.621
13.0 9.805
13.0 9.826
13.0 10.002
13.0 9.864
13.0 9.822
13.0 10.333
13.0 9.748
13.0 9.955
13.0 9.629
13.0 9.756
13.0 9.907
13.0 9.952
13.0 9.159
13.0 10.085
13.0 9.533
13.0 10.184
13.0 9.396
13.0 9.803
13.0 9.692
13.0 9.86
13.0 9.66
13.0 9.552
13.0 9.491
13.0 9.691
13.0 9.805
13.0 9.874
13.0 9.339
13.0 9.77
13.0 9.811
13.0 9.517
100
11.5 3.56
12.5 7.849
13.0 8.403
13.0 7.621
13.0 8.136
13.0 9.052
13.0 8.63
13.0 9.06
13.0 8.355
13.0 9.02
13.0 9.515
13.0 9.584
13.0 9.498
13.0 9.36
13.0 9.625
13.0 9.963
13.0 9.754
13.0 10.005
13.0 9.866
13.0 9.889
13.0 9.716
13.0 9.487
13.0 9.76
13.0 9.567
13.0 9.563
13.0 9.71
13.0 9.877
13.0 9.906
13.0 9.591
13.0 9.445
13.0 9.627
13.0 9.534
13.0 9.572
13.0 9.555
13.0 9.744
13.0 9.379
13.0 10.148
13.0 10.125
13.0 10.177
13.0 10.291
13.0 10.058
13.0 9.614
13.0 10.023
13.0 9.443
13.0 9.842
13.0 9.807
13.0 9.646
13.0 10.004
13.0 9.556
13.0 10.048
13.0 10.187
13.0 9.954
13.0 10.29
13.0 10.27
13.0 9.961
13.0 10.018
13.0 9.785
13.0 9.921
13.0 9.999
13.0 10.139
13.0 9.734
13.0 9.92
13.0 9.762
13.0 10.164
13.0 9.927
13.0 10.007
13.0 9.578
13.0 10.068
13.0 9.82
13.0 9.613
13.0 9.951
13.0 9.522
13.0 10.049
13.0 10.108
13.0 9.928
13.0 9.868
13.0 9.601
13.0 9.367
13.0 9.796
13.0 9.648
13.0 9.533
13.0 10.108
13.0 10.228
13.0 9.979
13.0 10.221
13.0 9.881
13.0 9.641
13.0 9.867
13.0 9.51
13.0 9.771
13.0 9.901
13.0 9.894
13.0 9.872
13.0 9.666
13.0 9.625
13.0 9.151
13.0 9.218
13.0 9.421
13.0 9.418
13.0 9.675

Individual: [1, 2, 3, 6, 7, 14, 16, 17, 19, 20]
   Fitness: 13.0
     Total: 10
Violations: 2 2

Individual: [1, 2, 6, 7, 9, 14, 15, 18, 20]
   Fitness: 13.5
     Total: 9
Violations: 0 0

Individual: [1, 2, 6, 7, 9, 14, 15, 18, 20]
   Fitness: 13.5
     Total: 9
Violations: 0 0

Individual: [1, 2, 4, 5, 7, 8, 16, 17, 19, 20]
   Fitness: 13.0
     Total: 10
Violations: 2 2

Individual: [1, 3, 6, 7, 12, 14, 15, 19, 20]
   Fitness: 13.5
     Total: 9
Violations: 0 0

Individual: [1, 3, 6, 7, 12, 14, 15, 19, 20]
   Fitness: 13.5
     Total: 9
Violations: 0 0

Individual: [1, 3, 6, 7, 12, 14, 15, 19, 20]
   Fitness: 13.5
     Total: 9
Violations: 0 0

Individual: [1, 2, 4, 5, 8, 13, 16, 17, 19, 20]
   Fitness: 13.0
     Total: 10
Violations: 2 2

Individual: [1, 2, 4, 5, 7, 14, 15, 18, 19, 20]
   Fitness: 13.0
     Total: 10
Violations: 2 2

Individual: [1, 2, 4, 5, 7, 8, 16, 17, 19, 20]
   Fitness: 13.0
     Total: 10
Violations: 2 2
