10
100
11.5 3.62
11.5 8.315
11.5 9.416
11.5 9.671
12.5 10.469
13.0 9.118
13.0 10.717
13.0 11.021
13.0 11.455
13.0 11.921
13.0 12.211
13.0 12.455
13.0 12.615
13.0 12.477
13.0 12.632
13.0 12.551
13.0 12.592
13.0 12.572
13.0 12.698
13.0 12.714
13.0 12.763
13.0 12.664
13.0 12.784
13.0 12.657
13.0 12.68
13.0 12.605
13.0 12.618
13.5 12.632
13.5 12.82
13.5 12.438
13.5 12.323
13.5 12.149
13.5 12.41
13.5 12.875
13.5 13.022
13.5 13.097
13.5 13.137
13.5 13.19
13.5 13.129
13.5 13.148
13.5 12.913
13.5 12.956
13.5 13.176
13.5 13.075
13.5 12.927
13.5 13.057
13.5 12.949
13.5 13.126
13.5 13.108
13.5 13.151
13.5 13.087
13.5 13.155
13.5 13.102
13.5 13.224
13.5 13.055
13.5 13.029
13.5 13.015
13.5 13.221
13.5 13.156
13.5 13.117
13.5 13.192
13.5 13.229
13.5 13.246
13.5 13.05
13.5 13.061
13.5 13.127
13.5 13.089
13.5 13.123
13.5 13.124
13.5 13.151
13.5 13.011
13.5 13.05
13.5 12.94
13.5 13.087
13.5 13.039
13.5 13.053
13.5 12.923
13.5 13.223
13.5 13.23
13.5 13.012
13.5 13.123
13.5 13.109
13.5 13.161
13.5 13.062
13.5 13.126
13.5 13.006
13.5 13.13
13.5 13.11
13.5 13.115
13.5 13.048
13.5 13.114
13.5 13.23
13.5 13.191
13.5 13.177
13.5 13.165
13.5 13.242
13.5 13.098
13.5 12.994
13.5 12.916
13.5 13.209
100
11.5 3.727
12.0 8.729
12.5 9.952
13.0 10.103
13.0 10.65
13.0 11.067
13.0 11.411
13.0 11.86
13.0 12.166
13.0 12.043
13.0 12.19
13.0 12.613
13.0 12.533
13.0 12.412
13.0 12.459
13.0 12.651
13.0 12.612
13.0 12.629
13.0 12.78
13.0 12.613
13.0 12.663
13.0 12.561
13.0 12.587
13.0 12.604
13.0 12.675
13.0 12.729
13.0 12.442
13.0 12.784
13.0 12.584
13.0 12.396
13.0 12.634
13.0 12.644
13.0 12.667
13.0 12.556
13.0 12.715
13.0 12.482
13.0 12.554
13.0 12.544
13.0 12.63
13.0 12.663
13.0 12.507
13.0 12.684
13.0 12.58
13.0 12.61
13.0 12.571
13.0 12.507
13.0 12.688
13.0 12.49
13.0 12.514
13.0 12.452
13.0 12.665
13.0 12.29
13.0 12.493
13.0 12.61
13.0 12.663
13.0 12.593
13.0 12.641
13.0 12.711
13.0 12.707
13.0 12.7
13.0 12.489
13.0 12.52
13.0 12.459
13.0 12.638
13.0 12.683
13.0 12.716
13.0 12.581
13.0 12.557
13.0 12.452
13.0 12.549
13.0 12.519
13.0 12.551
13.0 12.501
13.0 12.644
13.0 12.548
13.0 12.634
13.0 12.574
13.0 12.631
13.0 12.54
13.0 12.644
13.0 12.603
13.0 12.579
13.0 12.7
13.0 12.417
13.0 12.53
13.0 12.548
13.0 12.545
13.0 12.695
13.0 12.517
13.0 12.545
13.0 12.795
13.0 12.594
13.0 12.551
13.0 12.771
13.0 12.464
13.0 12.716
13.0 12.621
13.0 12.351
13.0 12.693
13.0 12.519
100
12.0 3.864
12.0 8.54
12.5 9.89
13.0 9.694
13.0 10.081
13.0 11.138
13.0 11.457
13.0 11.767
13.0 11.971
13.0 12.247
13.0 12.327
13.0 12.423
13.0 12.505
13.0 12.635
13.0 12.628
13.0 12.558
13.0 12.559
13.0 12.441
13.0 12.52
13.0 12.573
13.0 12.534
13.0 12.539
13.0 12.597
13.0 12.516
13.0 12.508
13.0 12.439
13.0 12.574
13.0 12.426
13.0 12.36
13.0 12.465
13.0 12.527
13.0 12.567
13.0 12.427
13.0 12.573
13.0 12.495
13.0 12.582
13.0 12.48
13.0 12.704
13.0 12.605
13.0 12.386
13.0 12.525
13.0 12.454
13.0 12.498
13.0 12.619
13.0 12.545
13.0 12.519
13.0 12.729
13.0 12.56
13.0 12.557
13.0 12.409
13.0 12.443
13.0 12.345
13.0 12.58
13.0 12.477
13.0 12.518
13.0 12.628
13.0 12.643
13.0 12.525
13.0 12.613
13.0 12.67
13.0 12.578
13.0 12.561
13.0 12.585
13.0 12.597
13.0 12.526
13.0 12.391
13.0 12.62
13.0 12.483
13.0 12.667
13.0 12.434
13.0 12.453
13.0 12.487
13.0 12.574
13.0 12.596
13.0 12.577
13.0 12.668
13.0 12.625
13.0 12.559
13.0 12.582
13.0 12.393
13.0 12.301
13.0 12.478
13.0 12.592
13.0 12.619
13.0 12.594
13.0 12.569
13.0 12.59
13.0 12.679
13.0 12.428
13.0 12.511
13.0 12.497
13.0 12.564
13.0 12.49
13.0 12.54
13.0 12.433
13.0 12.512
13.0 12.778
13.0 12.6
13.0 12.654
13.0 12.46
100
11.5 3.928
12.5 8.518
12.5 9.588
13.0 10.354
13.0 10.622
13.0 10.849
13.0 11.343
13.0 11.659
13.0 11.728
13.0 12.086
13.0 12.441
13.0 12.48
13.0 12.588
13.0 12.599
13.0 12.648
13.0 12.736
13.0 12.678
13.0 12.592
13.0 12.689
13.0 12.671
13.0 12.678
13.0 12.865
13.0 12.713
13.0 12.556
13.0 12.656
13.0 12.628
13.0 12.629
13.0 12.623
13.0 12.672
13.0 12.703
13.0 12.795
13.0 12.735
13.0 12.437
13.0 12.677
13.0 12.71
13.0 12.746
13.0 12.707
13.0 12.679
13.0 12.666
13.0 12.761
13.0 12.617
13.0 12.676
13.0 12.716
13.0 12.632
13.0 12.739
13.0 12.678
13.0 12.624
13.0 12.622
13.0 12.433
13.0 12.703
13.0 12.493
13.0 12.691
13.0 12.524
13.0 12.807
13.0 12.708
13.0 12.759
13.0 12.696
13.0 12.681
13.0 12.723
13.0 12.632
13.0 12.578
13.0 12.67
13.0 12.686
13.0 12.699
13.0 12.61
13.0 12.714
13.0 12.614
13.0 12.693
13.0 12.623
13.0 12.751
13.0 12.716
13.0 12.718
13.0 12.679
13.0 12.616
13.0 12.497
13.0 12.772
13.0 12.756
13.0 12.593
13.0 12.592
13.0 12.508
13.0 12.72
13.0 12.671
13.0 12.553
13.0 12.418
13.0 12.776
13.0 12.803
13.0 12.669
13.0 12.611
13.0 12.634
13.0 12.787
13.0 12.759
13.0 12.708
13.0 12.708
13.0 12.812
13.0 12.568
13.0 12.654
13.0 12.688
13.0 12.554
13.0 12.742
13.0 12.653
100
12.0 3.716
13.5 8.369
13.5 9.657
13.5 10.585
13.5 10.985
13.5 11.625
13.5 11.855
13.5 12.338
13.5 12.407
13.5 12.853
13.5 12.97
13.5 13.098
13.5 13.007
13.5 13.097
13.5 13.153
13.5 13.228
13.5 13.099
13.5 13.128
13.5 13.105
13.5 13.287
13.5 13.134
13.5 13.132
13.5 13.216
13.5 13.314
13.5 13.115
13.5 13.046
13.5 13.15
13.5 13.079
13.5 13.152
13.5 13.135
13.5 13.048
13.5 13.172
13.5 13.04
13.5 13.196
13.5 13.172
13.5 13.13
13.5 13.134
13.5 13.241
13.5 13.189
13.5 13.034
13.5 13.252
13.5 13.164
13.5 13.112
13.5 13.21
13.5 13.186
13.5 13.167
13.5 12.969
13.5 13.049
13.5 13.137
13.5 13.095
13.5 13.245
13.5 13.175
13.5 13.225
13.5 13.216
13.5 13.127
13.5 13.154
13.5 12.995
13.5 13.309
13.5 13.122
13.5 13.195
13.5 13.164
13.5 13.12
13.5 13.115
13.5 13.188
13.5 13.191
13.5 13.105
13.5 13.115
13.5 13.163
13.5 13.134
13.5 13.127
13.5 13.125
13.5 12.963
13.5 13.024
13.5 13.069
13.5 13.15
13.5 13.216
13.5 13.204
13.5 13.214
13.5 13.076
13.5 13.095
13.5 13.204
13.5 13.097
13.5 13.144
13.5 13.184
13.5 13.066
13.5 13.112
13.5 13.212
13.5 13.181
13.5 13.157
13.5 13.066
13.5 13.232
13.5 12.983
13.5 13.093
13.5 13.097
13.5 12.981
13.5 13.23
13.5 13.061
13.5 13.165
13.5 13.152
13.5 13.176
100
11.0 3.633
11.0 8.317
12.5 9.064
12.5 8.764
13.0 9.897
13.0 10.552
13.0 10.772
13.0 11.51
13.0 11.76
13.0 11.846
13.0 12.281
13.0 12.244
13.0 12.469
13.0 12.647
13.0 12.518
13.0 12.563
13.0 12.599
13.0 12.69
13.0 12.717
13.0 12.707
13.5 12.677
13.5 12.533
13.5 12.65
13.5 12.47
13.5 12.604
13.5 12.242
13.5 12.852
13.5 12.914
13.5 12.987
13.5 13.219
13.5 13.125
13.5 13.08
13.5 13.132
13.5 13.235
13.5 13.036
13.5 13.19
13.5 13.177
13.5 13.201
13.5 13.144
13.5 13.176
13.5 13.13
13.5 13.175
13.5 13.042
13.5 13.108
13.5 13.199
13.5 12.983
13.5 12.979
13.5 13.162
13.5 13.151
13.5 13.201
13.5 13.057
13.5 13.053
13.5 13.154
13.5 13.32
13.5 13.208
13.5 13.053
13.5 13.102
13.5 13.102
13.5 13.242
13.5 13.212
13.5 13.164
13.5 13.204
13.5 13.228
13.5 13.185
13.5 13.107
13.5 13.187
13.5 13.199
13.5 13.121
13.5 13.069
13.5 13.057
13.5 12.998
13.5 13.221
13.5 13.129
13.5 13.052
13.5 13.122
13.5 13.1
13.5 13.098
13.5 13.087
13.5 13.278
13.5 13.126
13.5 13.201
13.5 13.124
13.5 13.121
13.5 13.093
13.5 13.156
13.5 13.184
13.5 13.193
13.5 13.129
13.5 13.236
13.5 13.059
13.5 13.204
13.5 13.195
13.5 13.215
13.5 13.111
13.5 13.201
13.5 13.185
13.5 13.201
13.5 13.225
13.5 13.214
13.5 13.24
100
11.0 3.151
11.0 8.313
12.5 9.582
13.0 10.111
13.0 11.045
13.0 11.427
13.0 12.164
13.0 12.157
13.0 12.427
13.0 12.471
13.0 12.434
13.0 12.72
13.0 12.763
13.0 12.622
13.0 12.462
13.0 12.654
13.0 12.587
13.0 12.467
13.0 12.646
13.0 12.663
13.0 12.559
13.0 12.569
13.0 12.65
13.0 12.627
13.0 12.611
13.0 12.553
13.0 12.782
13.0 12.644
13.0 12.653
13.0 12.665
13.0 12.468
13.0 12.634
13.0 12.611
13.0 12.644
13.0 12.578
13.0 12.617
13.0 12.603
13.0 12.665
13.0 12.506
13.0 12.504
13.0 12.663
13.0 12.641
13.0 12.614
13.0 12.601
13.0 12.717
13.0 12.634
13.0 12.617
13.0 12.655
13.0 12.589
13.0 12.661
13.0 12.656
13.0 12.434
13.0 12.541
13.0 12.609
13.0 12.557
13.5 12.539
13.5 12.544
13.5 12.64
13.5 12.573
13.5 12.541
13.5 12.615
13.5 12.364
13.5 12.5
13.5 12.275
13.5 12.86
13.5 13.037
13.5 12.979
13.5 13.112
13.5 13.084
13.5 13.146
13.5 13.049
13.5 13.214
13.5 13.137
13.5 13.115
13.5 13.073
13.5 13.133
13.5 13.064
13.5 13.054
13.5 13.18
13.5 13.209
13.5 13.105
13.5 13.225
13.5 13.113
13.5 13.042
13.5 13.242
13.5 13.168
13.5 13.013
13.5 13.038
13.5 13.207
13.5 13.214
13.5 13.026
13.5 13.054
13.5 13.122
13.5 13.056
13.5 13.207
13.5 13.24
13.5 13.1
13.5 13.28
13.5 13.048
13.5 13.16
100
11.0 3.719
11.5 8.364
13.0 9.593
13.0 10.334
13.0 11.054
13.0 11.166
13.0 11.697
13.0 12.131
13.0 12.332
13.0 12.732
13.0 12.6
13.0 12.559
13.0 12.707
13.0 12.453
13.0 12.782
13.0 12.747
13.0 12.759
13.0 12.592
13.0 12.687
13.0 12.793
13.0 12.666
13.0 12.534
13.0 12.532
13.0 12.545
13.0 12.585
13.0 12.558
13.0 12.564
13.0 12.701
13.0 12.724
13.0 12.723
13.0 12.63
13.0 12.746
13.0 12.508
13.0 12.657
13.0 12.662
13.0 12.721
13.0 12.642
13.0 12.743
13.0 12.778
13.0 12.575
13.0 12.608
13.0 12.658
13.0 12.65
13.0 12.608
13.0 12.724
13.0 12.748
13.0 12.726
13.0 12.706
13.0 12.822
13.0 12.673
13.0 12.579
13.0 12.657
13.0 12.623
13.0 12.499
13.0 12.659
13.0 12.614
13.0 12.608
13.0 12.567
13.0 12.715
13.0 12.645
13.0 12.664
13.0 12.701
13.0 12.61
13.0 12.69
13.0 12.629
13.0 12.533
13.0 12.745
13.0 12.423
13.0 12.713
13.0 12.647
13.0 12.601
13.0 12.675
13.0 12.666
13.0 12.571
13.0 12.689
13.0 12.761
13.0 12.639
13.0 12.763
13.0 12.729
13.0 12.625
13.0 12.726
13.0 12.709
13.0 12.398
13.0 12.628
13.0 12.668
13.0 12.707
13.0 12.662
13.0 12.507
13.0 12.79
13.0 12.731
13.0 12.6
13.0 12.548
13.0 12.724
13.0 12.679
13.0 12.366
13.0 12.688
13.0 12.425
13.0 12.638
13.0 12.649
13.0 12.529
100
12.5 3.496
12.5 8.372
13.0 9.763
13.0 10.292
13.0 11.227
13.0 11.475
13.0 11.535
13.5 11.775
13.5 12.179
13.5 12.276
13.5 12.447
13.5 12.32
13.5 12.604
13.5 11.808
13.5 12.417
13.5 13.045
13.5 12.813
13.5 13.195
13.5 13.145
13.5 13.207
13.5 13.124
13.5 13.222
13.5 13.195
13.5 13.159
13.5 13.263
13.5 13.082
13.5 13.203
13.5 13.224
13.5 13.132
13.5 13.136
13.5 13.114
13.5 13.093
13.5 13.237
13.5 13.281
13.5 13.169
13.5 13.194
13.5 13.126
13.5 13.121
13.5 13.219
13.5 13.136
13.5 12.947
13.5 13.093
13.5 13.132
13.5 13.053
13.5 13.129
13.5 13.156
13.5 13.109
13.5 13.188
13.5 13.187
13.5 13.098
13.5 12.92
13.5 13.21
13.5 13.183
13.5 13.087
13.5 13.165
13.5 13.191
13.5 13.234
13.5 13.19
13.5 13.269
13.5 13.176
13.5 13.107
13.5 13.198
13.5 13.147
13.5 13.215
13.5 13.054
13.5 13.09
13.5 13.069
13.5 13.18
13.5 13.224
13.5 13.178
13.5 13.295
13.5 13.152
13.5 13.169
13.5 13.168
13.5 13.132
13.5 13.043
13.5 13.226
13.5 13.133
13.5 13.288
13.5 13.229
13.5 13.12
13.5 13.168
13.5 13.049
13.5 13.116
13.5 13.156
13.5 13.137
13.5 13.265
13.5 13.278
13.5 13.195
13.5 13.239
13.5 13.081
13.5 13.036
13.5 13.139
13.5 13.196
13.5 13.181
13.5 13.209
13.5 13.299
13.5 13.209
13.5 13.076
13.5 13.266
100
11.5 3.845
12.5 8.4
12.5 9.531
12.5 9.952
12.5 10.326
13.0 10.846
13.5 11.359
13.5 11.982
13.5 11.981
13.5 12.192
13.5 12.414
13.5 12.522
13.5 12.458
13.5 12.775
13.5 12.961
13.5 13.157
13.5 13.126
13.5 13.15
13.5 13.188
13.5 13.109
13.5 13.029
13.5 13.103
13.5 12.987
13.5 13.242
13.5 13.104
13.5 13.12
13.5 12.906
13.5 13.097
13.5 13.136
13.5 13.226
13.5 13.187
13.5 13.188
13.5 13.025
13.5 13.077
13.5 13.11
13.5 13.131
13.5 13.215
13.5 13.142
13.5 13.308
13.5 13.174
13.5 13.056
13.5 13.1
13.5 13.203
13.5 13.276
13.5 13.144
13.5 13.086
13.5 13.109
13.5 13.11
13.5 13.153
13.5 13.042
13.5 13.239
13.5 13.181
13.5 13.182
13.5 13.13
13.5 13.162
13.5 13.186
13.5 13.036
13.5 13.125
13.5 13.004
13.5 13.091
13.5 13.112
13.5 13.116
13.5 13.211
13.5 13.208
13.5 13.113
13.5 13.087
13.5 13.067
13.5 13.144
13.5 13.057
13.5 13.076
13.5 13.266
13.5 13.086
13.5 13.146
13.5 13.188
13.5 13.139
13.5 13.153
13.5 13.124
13.5 13.101
13.5 13.191
13.5 13.148
13.5 13.091
13.5 13.103
13.5 13.13
13.5 13.13
13.5 13.118
13.5 13.07
13.5 13.133
13.5 13.26
13.5 13.068
13.5 13.183
13.5 13.28
13.5 13.115
13.5 13.138
13.5 13.129
13.5 13.203
13.5 13.206
13.5 13.219
13.5 13.109
13.5 13.237
13.5 13.228

Individual: [1, 2, 6, 7, 9, 14, 15, 18, 20]
   Fitness: 13.5
     Total: 9
Violations: 0 0

Individual: [1, 2, 4, 8, 10, 11, 13, 17, 19, 20]
   Fitness: 13.0
     Total: 10
Violations: 2 2

Individual: [1, 2, 4, 8, 11, 13, 16, 17, 19, 20]
   Fitness: 13.0
     Total: 10
Violations: 2 2

Individual: [1, 2, 4, 5, 10, 13, 14, 17, 19, 20]
   Fitness: 13.0
     Total: 10
Violations: 2 2

Individual: [1, 3, 6, 7, 12, 14, 15, 19, 20]
   Fitness: 13.5
     Total: 9
Violations: 0 0

Individual: [1, 2, 6, 7, 9, 14, 15, 18, 20]
   Fitness: 13.5
     Total: 9
Violations: 0 0

Individual: [1, 3, 6, 7, 12, 14, 15, 19, 20]
   Fitness: 13.5
     Total: 9
Violations: 0 0

Individual: [1, 3, 4, 6, 7, 14, 15, 16, 19, 20]
   Fitness: 13.0
     Total: 10
Violations: 2 2

Individual: [1, 2, 6, 7, 9, 14, 15, 18, 20]
   Fitness: 13.5
     Total: 9
Violations: 0 0

Individual: [1, 2, 6, 7, 9, 14, 15, 18, 20]
   Fitness: 13.5
     Total: 9
Violations: 0 0
