10
100
11.0 3.649
11.5 7.871
12.0 9.1
13.0 9.756
13.0 10.257
13.0 10.702
13.0 11.202
13.0 11.571
13.0 12.017
13.0 12.075
13.0 12.285
13.0 12.347
13.0 12.4
13.0 12.57
13.0 12.458
13.0 12.558
13.0 12.637
13.0 12.566
13.0 12.551
13.0 12.551
13.0 12.584
13.0 12.513
13.0 12.54
13.0 12.527
13.0 12.665
13.0 12.643
13.0 12.674
13.0 12.687
13.0 12.602
13.0 12.675
13.0 12.711
13.0 12.584
13.0 12.658
13.0 12.598
13.0 12.557
13.0 12.682
13.0 12.552
13.0 12.532
13.0 12.535
13.0 12.594
13.0 12.592
13.0 12.575
13.0 12.563
13.0 12.574
13.0 12.646
13.0 12.697
13.0 12.581
13.0 12.621
13.0 12.559
13.0 12.475
13.0 12.578
13.0 12.648
13.0 12.64
13.0 12.63
13.0 12.543
13.0 12.735
13.0 12.582
13.0 12.699
13.0 12.644
13.0 12.613
13.0 12.631
13.0 12.677
13.0 12.647
13.0 12.599
13.0 12.622
13.0 12.715
13.0 12.638
13.0 12.612
13.0 12.659
13.0 12.584
13.0 12.663
13.0 12.698
13.0 12.55
13.0 12.718
13.0 12.62
13.0 12.555
13.0 12.632
13.0 12.653
13.0 12.698
13.0 12.674
13.0 12.62
13.0 12.638
13.0 12.609
13.0 12.632
13.0 12.697
13.0 12.633
13.0 12.686
13.0 12.588
13.0 12.61
13.0 12.61
13.0 12.586
13.0 12.695
13.0 12.689
13.0 12.728
13.0 12.625
13.0 12.568
13.0 12.538
13.0 12.611
13.0 12.602
13.0 12.695
100
11.5 3.578
11.5 7.95
12.5 9.219
13.0 9.958
13.0 10.4
13.0 11.026
13.0 11.545
13.0 11.948
13.0 12.258
13.0 12.595
13.0 12.797
13.0 12.808
13.0 12.772
13.0 12.846
13.0 12.804
13.0 12.887
13.0 12.794
13.0 12.901
13.0 12.817
13.0 12.841
13.0 12.793
13.0 12.834
13.0 12.824
13.0 12.878
13.0 12.874
13.0 12.848
13.0 12.854
13.0 12.813
13.0 12.894
13.0 12.849
13.0 12.873
13.0 12.861
13.0 12.852
13.0 12.857
13.0 12.881
13.0 12.813
13.0 12.838
13.0 12.904
13.0 12.839
13.0 12.915
13.0 12.883
13.0 12.837
13.0 12.834
13.0 12.835
13.0 12.859
13.0 12.864
13.0 12.888
13.0 12.839
13.0 12.894
13.0 12.821
13.0 12.849
13.0 12.82
13.0 12.812
13.0 12.855
13.0 12.784
13.0 12.813
13.0 12.903
13.0 12.861
13.0 12.859
13.0 12.845
13.0 12.883
13.0 12.848
13.0 12.855
13.0 12.877
13.0 12.864
13.0 12.819
13.0 12.849
13.0 12.856
13.0 12.854
13.0 12.843
13.0 12.817
13.0 12.848
13.0 12.812
13.0 12.823
13.0 12.865
13.0 12.843
13.0 12.826
13.0 12.893
13.0 12.851
13.0 12.828
13.0 12.858
13.0 12.81
13.0 12.852
13.0 12.834
13.0 12.82
13.0 12.796
13.0 12.838
13.0 12.82
13.0 12.874
13.0 12.819
13.0 12.834
13.0 12.796
13.0 12.874
13.0 12.829
13.0 12.903
13.0 12.872
13.0 12.884
13.0 12.838
13.0 12.849
13.0 12.914
100
11.0 3.709
11.5 7.905
12.5 9.104
13.0 9.762
13.0 10.344
13.0 10.916
13.0 11.438
13.0 11.835
13.0 12.278
13.0 12.483
13.0 12.671
13.0 12.76
13.0 12.735
13.0 12.781
13.0 12.783
13.0 12.803
13.0 12.892
13.0 12.771
13.0 12.843
13.0 12.855
13.0 12.846
13.0 12.859
13.0 12.816
13.0 12.847
13.0 12.864
13.0 12.879
13.0 12.827
13.0 12.841
13.0 12.735
13.0 12.834
13.0 12.847
13.0 12.864
13.0 12.845
13.0 12.855
13.0 12.831
13.0 12.823
13.0 12.867
13.0 12.82
13.0 12.789
13.0 12.794
13.0 12.865
13.0 12.919
13.0 12.83
13.0 12.81
13.0 12.805
13.0 12.803
13.0 12.857
13.0 12.852
13.0 12.858
13.0 12.843
13.0 12.807
13.0 12.81
13.5 12.841
13.5 12.861
13.5 12.852
13.5 12.88
13.5 12.837
13.5 12.875
13.5 12.776
13.5 12.743
13.5 12.714
13.5 12.69
13.5 12.816
13.5 13.013
13.5 13.303
13.5 13.396
13.5 13.346
13.5 13.393
13.5 13.371
13.5 13.373
13.5 13.387
13.5 13.393
13.5 13.432
13.5 13.386
13.5 13.363
13.5 13.406
13.5 13.419
13.5 13.438
13.5 13.376
13.5 13.371
13.5 13.429
13.5 13.446
13.5 13.367
13.5 13.366
13.5 13.413
13.5 13.391
13.5 13.427
13.5 13.376
13.5 13.391
13.5 13.359
13.5 13.414
13.5 13.372
13.5 13.417
13.5 13.376
13.5 13.376
13.5 13.346
13.5 13.387
13.5 13.383
13.5 13.379
13.5 13.421
100
12.5 4.042
12.5 7.887
12.5 8.98
13.0 9.708
13.0 10.375
13.0 10.951
13.0 11.299
13.0 11.573
13.0 11.743
13.0 11.937
13.0 12.034
13.0 12.091
13.0 12.216
13.0 12.553
13.0 12.499
13.0 12.591
13.0 12.627
13.0 12.617
13.0 12.673
13.0 12.791
13.0 12.784
13.0 12.791
13.0 12.73
13.0 12.729
13.0 12.768
13.0 12.764
13.0 12.663
13.0 12.798
13.0 12.745
13.0 12.894
13.0 12.83
13.0 12.772
13.0 12.684
13.0 12.833
13.0 12.732
13.0 12.854
13.0 12.778
13.0 12.777
13.0 12.738
13.0 12.75
13.0 12.733
13.0 12.805
13.0 12.741
13.0 12.763
13.0 12.712
13.0 12.754
13.0 12.737
13.0 12.753
13.0 12.82
13.0 12.773
13.0 12.741
13.0 12.794
13.0 12.786
13.0 12.718
13.0 12.765
13.0 12.701
13.0 12.783
13.0 12.724
13.0 12.769
13.0 12.782
13.0 12.777
13.0 12.777
13.0 12.792
13.0 12.776
13.0 12.781
13.0 12.678
13.0 12.793
13.0 12.723
13.0 12.829
13.0 12.822
13.0 12.719
13.0 12.756
13.0 12.746
13.0 12.849
13.0 12.801
13.0 12.797
13.0 12.778
13.0 12.801
13.0 12.827
13.0 12.814
13.0 12.846
13.0 12.761
13.0 12.774
13.0 12.762
13.0 12.801
13.0 12.794
13.0 12.716
13.0 12.809
13.0 12.781
13.0 12.84
13.0 12.701
13.0 12.752
13.0 12.691
13.0 12.792
13.0 12.711
13.0 12.814
13.0 12.831
13.0 12.765
13.0 12.766
13.0 12.696
100
12.0 3.888
12.0 7.792
13.5 9.17
13.5 10.012
13.5 10.548
13.5 11.214
13.5 11.957
13.5 12.721
13.5 13.188
13.5 13.39
13.5 13.366
13.5 13.377
13.5 13.399
13.5 13.424
13.5 13.37
13.5 13.43
13.5 13.417
13.5 13.364
13.5 13.404
13.5 13.42
13.5 13.406
13.5 13.415
13.5 13.389
13.5 13.33
13.5 13.377
13.5 13.383
13.5 13.42
13.5 13.356
13.5 13.386
13.5 13.417
13.5 13.401
13.5 13.374
13.5 13.393
13.5 13.378
13.5 13.347
13.5 13.366
13.5 13.423
13.5 13.347
13.5 13.394
13.5 13.39
13.5 13.35
13.5 13.409
13.5 13.386
13.5 13.407
13.5 13.378
13.5 13.408
13.5 13.386
13.5 13.384
13.5 13.341
13.5 13.38
13.5 13.403
13.5 13.391
13.5 13.433
13.5 13.416
13.5 13.397
13.5 13.407
13.5 13.38
13.5 13.409
13.5 13.428
13.5 13.377
13.5 13.365
13.5 13.392
13.5 13.366
13.5 13.361
13.5 13.398
13.5 13.384
13.5 13.377
13.5 13.413
13.5 13.36
13.5 13.351
13.5 13.39
13.5 13.45
13.5 13.393
13.5 13.393
13.5 13.405
13.5 13.379
13.5 13.44
13.5 13.361
13.5 13.381
13.5 13.341
13.5 13.387
13.5 13.386
13.5 13.376
13.5 13.365
13.5 13.368
13.5 13.425
13.5 13.422
13.5 13.411
13.5 13.372
13.5 13.375
13.5 13.433
13.5 13.409
13.5 13.404
13.5 13.454
13.5 13.418
13.5 13.389
13.5 13.397
13.5 13.363
13.5 13.359
13.5 13.41
100
12.0 3.755
13.0 8.045
13.0 9.159
13.0 9.946
13.0 10.743
13.0 11.34
13.0 11.739
13.0 12.211
13.0 12.319
13.0 12.597
13.0 12.453
13.0 12.399
13.0 12.568
13.0 12.561
13.0 12.571
13.0 12.513
13.0 12.565
13.0 12.622
13.0 12.542
13.0 12.589
13.0 12.603
13.0 12.443
13.0 12.481
13.0 12.554
13.0 12.515
13.0 12.468
13.0 12.437
13.0 12.55
13.0 12.525
13.0 12.616
13.0 12.537
13.0 12.507
13.0 12.416
13.0 12.455
13.0 12.559
13.0 12.531
13.0 12.534
13.0 12.523
13.0 12.438
13.0 12.473
13.0 12.515
13.0 12.499
13.0 12.532
13.0 12.517
13.0 12.472
13.0 12.522
13.0 12.543
13.0 12.489
13.0 12.629
13.0 12.473
13.0 12.518
13.0 12.534
13.0 12.496
13.0 12.624
13.0 12.521
13.0 12.55
13.0 12.455
13.0 12.575
13.0 12.492
13.0 12.627
13.0 12.511
13.0 12.518
13.0 12.54
13.0 12.476
13.0 12.587
13.0 12.486
13.0 12.564
13.0 12.469
13.0 12.581
13.0 12.602
13.0 12.576
13.0 12.665
13.0 12.672
13.0 12.561
13.0 12.483
13.0 12.521
13.0 12.586
13.0 12.481
13.0 12.498
13.0 12.58
13.0 12.622
13.0 12.605
13.0 12.654
13.0 12.587
13.0 12.552
13.0 12.604
13.0 12.609
13.0 12.647
13.0 12.55
13.0 12.609
13.0 12.581
13.0 12.599
13.0 12.564
13.0 12.573
13.0 12.631
13.0 12.615
13.0 12.635
13.0 12.643
13.0 12.588
13.0 12.631
100
12.0 3.5
12.0 8.011
12.0 9.258
12.5 9.999
13.0 10.516
13.0 11.091
13.0 11.511
13.0 11.759
13.0 12.011
13.0 12.386
13.0 12.589
13.0 12.734
13.0 12.761
13.0 12.802
13.0 12.737
13.0 12.764
13.0 12.808
13.0 12.78
13.0 12.771
13.0 12.756
13.0 12.757
13.0 12.83
13.0 12.75
13.0 12.764
13.0 12.762
13.0 12.815
13.0 12.806
13.0 12.739
13.0 12.884
13.0 12.724
13.0 12.82
13.0 12.812
13.0 12.823
13.0 12.716
13.0 12.818
13.0 12.794
13.0 12.838
13.0 12.799
13.0 12.807
13.0 12.77
13.0 12.782
13.0 12.763
13.0 12.772
13.0 12.832
13.0 12.742
13.0 12.82
13.0 12.749
13.0 12.779
13.0 12.743
13.0 12.749
13.0 12.837
13.0 12.818
13.0 12.795
13.0 12.832
13.0 12.855
13.0 12.808
13.0 12.776
13.0 12.781
13.0 12.794
13.0 12.785
13.0 12.771
13.0 12.821
13.0 12.763
13.0 12.83
13.0 12.787
13.0 12.845
13.0 12.786
13.0 12.766
13.0 12.797
13.0 12.756
13.0 12.748
13.0 12.724
13.0 12.754
13.0 12.767
13.0 12.79
13.0 12.749
13.0 12.765
13.0 12.781
13.0 12.787
13.0 12.779
13.0 12.762
13.0 12.799
13.0 12.854
13.0 12.771
13.0 12.758
13.0 12.783
13.0 12.797
13.0 12.803
13.0 12.829
13.0 12.801
13.0 12.803
13.0 12.807
13.0 12.8
13.0 12.752
13.0 12.798
13.0 12.805
13.0 12.818
13.0 12.789
13.0 12.778
13.0 12.854
100
11.5 4.313
13.0 7.953
13.0 9.285
13.0 10.222
13.0 10.936
13.5 11.402
13.5 11.911
13.5 12.093
13.5 12.324
13.5 12.486
13.5 12.473
13.5 12.525
13.5 12.46
13.5 12.503
13.5 12.636
13.5 12.891
13.5 12.99
13.5 13.126
13.5 13.245
13.5 13.312
13.5 13.292
13.5 13.302
13.5 13.336
13.5 13.273
13.5 13.299
13.5 13.304
13.5 13.307
13.5 13.284
13.5 13.317
13.5 13.349
13.5 13.319
13.5 13.265
13.5 13.379
13.5 13.329
13.5 13.279
13.5 13.319
13.5 13.325
13.5 13.308
13.5 13.302
13.5 13.263
13.5 13.332
13.5 13.254
13.5 13.338
13.5 13.334
13.5 13.329
13.5 13.238
13.5 13.304
13.5 13.244
13.5 13.261
13.5 13.319
13.5 13.389
13.5 13.287
13.5 13.34
13.5 13.284
13.5 13.338
13.5 13.351
13.5 13.32
13.5 13.303
13.5 13.364
13.5 13.319
13.5 13.27
13.5 13.282
13.5 13.345
13.5 13.322
13.5 13.384
13.5 13.292
13.5 13.332
13.5 13.345
13.5 13.305
13.5 13.327
13.5 13.25
13.5 13.297
13.5 13.365
13.5 13.308
13.5 13.287
13.5 13.273
13.5 13.31
13.5 13.274
13.5 13.318
13.5 13.29
13.5 13.316
13.5 13.333
13.5 13.352
13.5 13.276
13.5 13.267
13.5 13.279
13.5 13.342
13.5 13.331
13.5 13.322
13.5 13.334
13.5 13.297
13.5 13.347
13.5 13.34
13.5 13.318
13.5 13.34
13.5 13.268
13.5 13.271
13.5 13.306
13.5 13.334
13.5 13.29
100
11.5 3.658
12.0 7.971
12.5 9.121
12.5 9.804
13.0 10.289
13.0 10.797
13.0 11.255
13.0 11.676
13.0 11.981
13.5 12.306
13.5 12.628
13.5 12.675
13.5 12.768
13.5 12.766
13.5 12.82
13.5 12.86
13.5 13.102
13.5 13.328
13.5 13.367
13.5 13.326
13.5 13.4
13.5 13.408
13.5 13.386
13.5 13.415
13.5 13.406
13.5 13.375
13.5 13.421
13.5 13.406
13.5 13.36
13.5 13.323
13.5 13.364
13.5 13.424
13.5 13.373
13.5 13.395
13.5 13.42
13.5 13.404
13.5 13.413
13.5 13.408
13.5 13.426
13.5 13.399
13.5 13.378
13.5 13.399
13.5 13.401
13.5 13.368
13.5 13.384
13.5 13.417
13.5 13.387
13.5 13.448
13.5 13.376
13.5 13.397
13.5 13.379
13.5 13.419
13.5 13.371
13.5 13.377
13.5 13.381
13.5 13.371
13.5 13.35
13.5 13.367
13.5 13.413
13.5 13.374
13.5 13.392
13.5 13.409
13.5 13.397
13.5 13.392
13.5 13.339
13.5 13.393
13.5 13.402
13.5 13.354
13.5 13.379
13.5 13.412
13.5 13.379
13.5 13.404
13.5 13.348
13.5 13.384
13.5 13.377
13.5 13.423
13.5 13.398
13.5 13.393
13.5 13.354
13.5 13.404
13.5 13.417
13.5 13.418
13.5 13.382
13.5 13.401
13.5 13.416
13.5 13.411
13.5 13.401
13.5 13.401
13.5 13.378
13.5 13.393
13.5 13.422
13.5 13.433
13.5 13.387
13.5 13.402
13.5 13.347
13.5 13.428
13.5 13.412
13.5 13.352
13.5 13.36
13.5 13.43
100
11.5 3.612
12.0 7.793
12.5 9.156
13.0 9.974
13.0 10.525
13.0 11.177
13.0 11.631
13.0 11.972
13.0 12.239
13.0 12.466
13.5 12.445
13.5 12.508
13.5 12.592
13.5 12.572
13.5 12.546
13.5 12.66
13.5 12.604
13.5 12.566
13.5 12.571
13.5 12.858
13.5 13.191
13.5 13.375
13.5 13.34
13.5 13.403
13.5 13.395
13.5 13.375
13.5 13.395
13.5 13.404
13.5 13.365
13.5 13.39
13.5 13.402
13.5 13.377
13.5 13.383
13.5 13.391
13.5 13.373
13.5 13.379
13.5 13.401
13.5 13.412
13.5 13.427
13.5 13.411
13.5 13.451
13.5 13.391
13.5 13.367
13.5 13.403
13.5 13.383
13.5 13.388
13.5 13.395
13.5 13.423
13.5 13.371
13.5 13.378
13.5 13.404
13.5 13.381
13.5 13.378
13.5 13.364
13.5 13.418
13.5 13.392
13.5 13.382
13.5 13.36
13.5 13.386
13.5 13.382
13.5 13.386
13.5 13.378
13.5 13.396
13.5 13.377
13.5 13.348
13.5 13.36
13.5 13.402
13.5 13.363
13.5 13.357
13.5 13.406
13.5 13.403
13.5 13.411
13.5 13.337
13.5 13.362
13.5 13.391
13.5 13.407
13.5 13.43
13.5 13.397
13.5 13.393
13.5 13.371
13.5 13.402
13.5 13.367
13.5 13.409
13.5 13.369
13.5 13.393
13.5 13.361
13.5 13.382
13.5 13.44
13.5 13.434
13.5 13.431
13.5 13.408
13.5 13.368
13.5 13.382
13.5 13.375
13.5 13.382
13.5 13.401
13.5 13.369
13.5 13.403
13.5 13.388
13.5 13.369

Individual: [1, 2, 4, 5, 13, 14, 15, 18, 19, 20]
   Fitness: 13.0
     Total: 10
Violations: 2 2

Individual: [1, 2, 5, 6, 7, 14, 15, 16, 19, 20]
   Fitness: 13.0
     Total: 10
Violations: 2 2

Individual: [1, 2, 6, 7, 9, 14, 15, 18, 20]
   Fitness: 13.5
     Total: 9
Violations: 0 0

Individual: [1, 3, 4, 8, 9, 11, 16, 17, 19, 20]
   Fitness: 13.0
     Total: 10
Violations: 2 2

Individual: [1, 3, 6, 7, 12, 14, 15, 19, 20]
   Fitness: 13.5
     Total: 9
Violations: 0 0

Individual: [1, 2, 4, 5, 13, 14, 16, 17, 19, 20]
   Fitness: 13.0
     Total: 10
Violations: 2 2

Individual: [1, 2, 4, 5, 7, 14, 16, 17, 19, 20]
   Fitness: 13.0
     Total: 10
Violations: 2 2

Individual: [1, 3, 6, 7, 12, 14, 15, 19, 20]
   Fitness: 13.5
     Total: 9
Violations: 0 0

Individual: [1, 3, 6, 7, 12, 14, 15, 19, 20]
   Fitness: 13.5
     Total: 9
Violations: 0 0

Individual: [1, 3, 6, 7, 12, 14, 15, 19, 20]
   Fitness: 13.5
     Total: 9
Violations: 0 0
