10
500
12.5 3.84
12.5 7.545
12.5 8.302
12.5 8.443
12.5 8.773
12.5 8.864
13.0 9.233
13.0 9.258
13.0 9.41
13.0 9.188
13.0 9.208
13.0 9.072
13.0 9.44
13.0 9.455
13.0 9.419
13.0 9.462
13.0 9.182
13.0 9.398
13.0 9.516
13.0 9.491
13.0 9.548
13.0 9.654
13.0 9.374
13.0 9.46
13.0 9.153
13.0 9.359
13.0 9.71
13.0 9.489
13.5 9.684
13.5 9.633
13.5 9.781
13.5 9.602
13.5 9.587
13.5 9.392
13.5 9.499
13.5 9.693
13.5 9.555
13.5 9.356
13.5 9.463
13.5 9.494
13.5 9.623
13.5 9.535
13.5 9.431
13.5 9.695
13.5 9.687
13.5 9.575
13.5 9.675
13.5 10.098
13.5 9.901
13.5 10.133
13.5 10.242
13.5 10.206
13.5 10.143
13.5 10.09
13.5 10.308
13.5 10.23
13.5 10.325
13.5 10.278
13.5 10.381
13.5 10.449
13.5 10.29
13.5 10.331
13.5 10.447
13.5 10.408
13.5 10.108
13.5 10.357
13.5 10.44
13.5 10.459
13.5 10.04
13.5 10.133
13.5 10.365
13.5 9.923
13.5 10.102
13.5 9.997
13.5 10.298
13.5 10.226
13.5 10.26
13.5 10.287
13.5 10.465
13.5 10.38
13.5 9.999
13.5 10.373
13.5 10.208
13.5 10.411
13.5 10.347
13.5 10.389
13.5 10.341
13.5 10.325
13.5 10.204
13.5 10.129
13.5 10.103
13.5 10.178
13.5 10.098
13.5 10.359
13.5 10.272
13.5 10.296
13.5 10.043
13.5 10.455
13.5 10.26
13.5 10.212
13.5 10.277
13.5 10.256
13.5 10.263
13.5 10.252
13.5 10.238
13.5 10.336
13.5 10.426
13.5 10.11
13.5 10.156
13.5 10.164
13.5 10.149
13.5 10.231
13.5 10.418
13.5 10.388
13.5 9.877
13.5 10.378
13.5 10.431
13.5 10.17
13.5 10.337
13.5 10.201
13.5 10.3
13.5 10.233
13.5 10.222
13.5 9.919
13.5 10.218
13.5 10.315
13.5 10.229
13.5 10.303
13.5 10.192
13.5 10.239
13.5 10.278
13.5 10.148
13.5 10.037
13.5 10.246
13.5 10.254
13.5 10.263
13.5 10.186
13.5 10.104
13.5 9.958
13.5 10.127
13.5 9.997
13.5 10.112
13.5 10.323
13.5 10.364
13.5 10.3
13.5 10.247
13.5 10.29
13.5 10.423
13.5 10.209
13.5 10.362
13.5 10.441
13.5 10.065
13.5 10.46
13.5 10.087
13.5 10.118
13.5 10.078
13.5 10.12
13.5 10.299
13.5 10.33
13.5 10.185
13.5 10.19
13.5 10.302
13.5 9.897
13.5 10.211
13.5 10.328
13.5 10.225
13.5 10.151
13.5 10.344
13.5 10.135
13.5 10.263
13.5 10.299
13.5 10.385
13.5 10.205
13.5 10.215
13.5 10.363
13.5 10.423
13.5 10.278
13.5 10.393
13.5 10.305
13.5 10.241
13.5 10.335
13.5 10.301
13.5 10.452
13.5 9.994
13.5 10.171
13.5 10.275
13.5 10.202
13.5 10.093
13.5 10.256
13.5 10.087
13.5 9.995
13.5 10.131
13.5 10.405
13.5 10.276
13.5 10.306
13.5 10.355
13.5 10.358
13.5 10.243
13.5 10.427
13.5 10.163
13.5 10.235
13.5 10.163
13.5 10.106
13.5 10.412
13.5 10.346
13.5 10.191
13.5 10.378
13.5 10.277
13.5 10.159
13.5 10.236
13.5 10.335
13.5 10.477
13.5 10.399
13.5 10.284
13.5 10.178
13.5 10.143
13.5 10.053
13.5 10.389
13.5 10.374
13.5 10.295
13.5 10.374
13.5 10.224
13.5 10.407
13.5 10.261
13.5 10.267
13.5 10.314
13.5 10.184
13.5 10.254
13.5 10.318
13.5 10.457
13.5 10.028
13.5 10.139
13.5 10.245
13.5 10.242
13.5 10.133
13.5 10.179
13.5 10.243
13.5 10.464
13.5 10.305
13.5 10.091
13.5 10.432
13.5 10.126
13.5 10.343
13.5 10.249
13.5 10.242
13.5 9.974
13.5 10.204
13.5 10.278
13.5 10.348
13.5 10.407
13.5 10.223
13.5 10.32
13.5 10.242
13.5 10.127
13.5 10.239
13.5 10.415
13.5 10.216
13.5 10.293
13.5 10.262
13.5 10.27
13.5 10.125
13.5 10.131
13.5 10.166
13.5 10.147
13.5 10.332
13.5 10.215
13.5 10.31
13.5 10.02
13.5 10.09
13.5 9.757
13.5 10.16
13.5 9.727
13.5 10.144
13.5 10.134
13.5 10.294
13.5 10.1
13.5 10.277
13.5 9.926
13.5 10.098
13.5 10.376
13.5 10.214
13.5 10.123
13.5 9.9
13.5 10.244
13.5 10.209
13.5 10.282
13.5 10.09
13.5 10.125
13.5 10.005
13.5 10.031
13.5 9.947
13.5 10.302
13.5 10.204
13.5 10.421
13.5 10.154
13.5 10.248
13.5 10.458
13.5 10.282
13.5 10.21
13.5 10.367
13.5 9.943
13.5 9.899
13.5 10.16
13.5 10.124
13.5 10.119
13.5 10.169
13.5 9.945
13.5 10.214
13.5 10.064
13.5 10.04
13.5 10.295
13.5 10.488
13.5 10.259
13.5 10.185
13.5 10.189
13.5 10.29
13.5 10.325
13.5 10.181
13.5 10.288
13.5 10.39
13.5 10.084
13.5 10.124
13.5 10.169
13.5 10.203
13.5 10.117
13.5 10.127
13.5 10.115
13.5 10.251
13.5 10.262
13.5 10.415
13.5 9.951
13.5 9.929
13.5 10.278
13.5 10.01
13.5 10.251
13.5 10.027
13.5 10.061
13.5 10.002
13.5 10.227
13.5 10.237
13.5 10.157
13.5 10.149
13.5 10.199
13.5 10.361
13.5 10.194
13.5 9.921
13.5 10.193
13.5 10.476
13.5 10.271
13.5 10.437
13.5 10.247
13.5 10.208
13.5 10.409
13.5 10.026
13.5 10.222
13.5 10.326
13.5 10.45
13.5 10.237
13.5 10.348
13.5 10.012
13.5 10.271
13.5 10.328
13.5 10.24
13.5 10.28
13.5 10.121
13.5 10.173
13.5 10.247
13.5 10.217
13.5 10.27
13.5 10.062
13.5 9.985
13.5 10.308
13.5 10.302
13.5 10.122
13.5 10.349
13.5 10.122
13.5 10.081
13.5 10.193
13.5 10.185
13.5 10.2
13.5 10.172
13.5 10.074
13.5 10.225
13.5 10.431
13.5 10.277
13.5 10.264
13.5 10.377
13.5 10.572
13.5 10.357
13.5 10.301
13.5 10.364
13.5 10.402
13.5 10.116
13.5 10.192
13.5 10.35
13.5 10.536
13.5 10.425
13.5 10.039
13.5 10.354
13.5 10.104
13.5 10.172
13.5 10.441
13.5 10.02
13.5 10.281
13.5 10.281
13.5 10.253
13.5 10.355
13.5 10.419
13.5 10.432
13.5 10.227
13.5 10.424
13.5 10.273
13.5 10.392
13.5 10.236
13.5 10.312
13.5 10.162
13.5 10.047
13.5 10.478
13.5 10.317
13.5 10.005
13.5 10.026
13.5 10.055
13.5 10.181
13.5 10.018
13.5 10.286
13.5 10.364
13.5 10.446
13.5 10.242
13.5 9.859
13.5 10.09
13.5 9.936
13.5 10.203
13.5 10.427
13.5 10.233
13.5 10.114
13.5 10.103
13.5 10.029
13.5 9.924
13.5 9.927
13.5 9.894
13.5 10.384
13.5 10.241
13.5 10.036
13.5 10.084
13.5 10.202
13.5 9.996
13.5 10.178
13.5 10.128
13.5 10.389
13.5 10.235
13.5 10.338
13.5 10.194
13.5 10.412
13.5 10.147
13.5 10.357
13.5 10.244
13.5 10.161
13.5 10.415
13.5 10.32
13.5 10.118
13.5 10.086
13.5 10.128
13.5 10.3
13.5 10.335
13.5 10.301
13.5 10.058
13.5 10.315
13.5 10.173
13.5 10.108
13.5 9.884
13.5 10.475
13.5 10.159
13.5 9.89
13.5 10.359
13.5 10.534
13.5 10.33
13.5 10.287
13.5 10.068
13.5 10.25
13.5 10.42
13.5 10.317
13.5 10.284
13.5 10.324
13.5 10.439
13.5 10.082
13.5 10.426
13.5 10.095
13.5 10.227
13.5 10.321
13.5 10.295
13.5 10.148
13.5 10.319
13.5 10.233
13.5 10.059
13.5 10.271
13.5 10.267
13.5 10.285
13.5 10.278
13.5 10.233
13.5 10.187
500
11.0 3.732
11.5 7.559
12.5 8.258
13.5 8.559
13.5 8.987
13.5 9.138
13.5 9.246
13.5 9.525
13.5 9.618
13.5 9.951
13.5 9.561
13.5 9.771
13.5 9.97
13.5 10.027
13.5 10.156
13.5 9.85
13.5 9.916
13.5 9.893
13.5 10.142
13.5 9.931
13.5 9.965
13.5 10.019
13.5 9.957
13.5 9.901
13.5 9.953
13.5 9.794
13.5 10.047
13.5 9.935
13.5 9.922
13.5 9.824
13.5 10.019
13.5 9.929
13.5 10.139
13.5 10.264
13.5 10.263
13.5 10.121
13.5 10.071
13.5 10.174
13.5 10.033
13.5 10.214
13.5 9.893
13.5 10.004
13.5 10.123
13.5 10.005
13.5 9.991
13.5 10.085
13.5 9.994
13.5 10.049
13.5 9.924
13.5 10.113
13.5 10.028
13.5 10.209
13.5 10.159
13.5 10.179
13.5 9.827
13.5 9.871
13.5 10.064
13.5 9.965
13.5 10.168
13.5 10.165
13.5 10.412
13.5 10.18
13.5 10.184
13.5 10.065
13.5 10.219
13.5 10.084
13.5 10.09
13.5 10.186
13.5 10.142
13.5 10.06
13.5 10.115
13.5 10.039
13.5 9.764
13.5 9.967
13.5 10.132
13.5 10.068
13.5 10.019
13.5 9.962
13.5 10.042
13.5 9.763
13.5 9.951
13.5 10.018
13.5 9.968
13.5 10.103
13.5 10.024
13.5 10.137
13.5 9.948
13.5 10.176
13.5 10.083
13.5 10.007
13.5 10.133
13.5 10.062
13.5 10.093
13.5 9.939
13.5 10.1
13.5 10.088
13.5 9.999
13.5 10.282
13.5 10.134
13.5 10.101
13.5 10.138
13.5 10.05
13.5 9.888
13.5 10.098
13.5 10.049
13.5 10.137
13.5 10.165
13.5 10.033
13.5 9.926
13.5 10.011
13.5 9.89
13.5 10.119
13.5 10.036
13.5 10.101
13.5 10.186
13.5 9.999
13.5 10.106
13.5 10.051
13.5 10.185
13.5 10.178
13.5 10.262
13.5 9.876
13.5 10.035
13.5 10.308
13.5 10.243
13.5 10.077
13.5 10.173
13.5 10.224
13.5 10.143
13.5 10.276
13.5 10.15
13.5 9.897
13.5 9.928
13.5 10.202
13.5 10.0
13.5 9.851
13.5 9.789
13.5 10.009
13.5 9.765
13.5 9.972
13.5 9.949
13.5 10.112
13.5 10.372
13.5 10.22
13.5 10.17
13.5 10.111
13.5 10.238
13.5 9.87
13.5 10.098
13.5 10.078
13.5 9.883
13.5 9.941
13.5 9.847
13.5 10.244
13.5 10.194
13.5 10.25
13.5 10.233
13.5 10.099
13.5 9.918
13.5 10.1
13.5 10.044
13.5 9.927
13.5 9.776
13.5 9.94
13.5 10.166
13.5 9.981
13.5 10.045
13.5 10.188
13.5 10.117
13.5 10.183
13.5 10.254
13.5 10.073
13.5 10.25
13.5 10.113
13.5 9.683
13.5 10.129
13.5 10.108
13.5 10.018
13.5 10.051
13.5 9.894
13.5 10.126
13.5 10.307
13.5 10.089
13.5 10.139
13.5 10.108
13.5 10.191
13.5 10.121
13.5 9.878
13.5 10.001
13.5 10.082
13.5 10.252
13.5 10.103
13.5 10.172
13.5 9.933
13.5 9.919
13.5 10.043
13.5 10.173
13.5 10.203
13.5 10.233
13.5 10.153
13.5 10.08
13.5 10.132
13.5 10.22
13.5 10.308
13.5 10.005
13.5 10.285
13.5 10.122
13.5 10.015
13.5 10.201
13.5 10.075
13.5 10.26
13.5 10.004
13.5 9.974
13.5 9.907
13.5 10.166
13.5 10.151
13.5 9.863
13.5 10.193
13.5 10.005
13.5 10.141
13.5 10.27
13.5 9.974
13.5 10.037
13.5 10.072
13.5 10.195
13.5 10.018
13.5 10.192
13.5 9.991
13.5 10.013
13.5 10.034
13.5 10.018
13.5 10.005
13.5 10.123
13.5 10.098
13.5 9.983
13.5 9.965
13.5 10.004
13.5 10.207
13.5 10.101
13.5 10.054
13.5 10.088
13.5 10.213
13.5 10.041
13.5 9.986
13.5 9.966
13.5 9.912
13.5 10.005
13.5 10.222
13.5 9.994
13.5 10.395
13.5 10.131
13.5 10.002
13.5 10.149
13.5 10.049
13.5 10.261
13.5 10.08
13.5 10.204
13.5 9.921
13.5 9.855
13.5 10.002
13.5 10.14
13.5 10.06
13.5 9.891
13.5 10.204
13.5 10.232
13.5 10.3
13.5 10.061
13.5 10.098
13.5 10.086
13.5 10.269
13.5 10.133
13.5 10.176
13.5 9.987
13.5 10.127
13.5 10.037
13.5 10.138
13.5 10.249
13.5 10.0
13.5 9.94
13.5 9.739
13.5 10.035
13.5 9.918
13.5 10.144
13.5 10.063
13.5 10.068
13.5 10.088
13.5 10.013
13.5 10.006
13.5 10.067
13.5 10.204
13.5 10.093
13.5 10.213
13.5 10.104
13.5 9.85
13.5 10.142
13.5 10.041
13.5 10.018
13.5 10.077
13.5 10.058
13.5 9.967
13.5 10.158
13.5 10.33
13.5 10.158
13.5 10.184
13.5 9.995
13.5 10.105
13.5 10.042
13.5 9.98
13.5 10.238
13.5 10.005
13.5 10.347
13.5 10.263
13.5 10.197
13.5 10.251
13.5 10.202
13.5 10.271
13.5 10.208
13.5 10.244
13.5 10.312
13.5 10.291
13.5 10.371
13.5 10.255
13.5 10.2
13.5 10.052
13.5 9.985
13.5 10.175
13.5 10.485
13.5 10.224
13.5 10.095
13.5 10.081
13.5 10.187
13.5 10.188
13.5 9.953
13.5 9.836
13.5 10.0
13.5 10.187
13.5 10.267
13.5 10.117
13.5 10.046
13.5 10.068
13.5 10.167
13.5 9.963
13.5 10.054
13.5 10.256
13.5 10.145
13.5 9.995
13.5 10.246
13.5 10.043
13.5 10.062
13.5 10.191
13.5 10.059
13.5 10.237
13.5 10.129
13.5 9.943
13.5 10.042
13.5 10.133
13.5 10.24
13.5 10.251
13.5 10.152
13.5 10.126
13.5 9.949
13.5 10.051
13.5 10.191
13.5 10.124
13.5 9.945
13.5 10.423
13.5 10.075
13.5 10.191
13.5 10.201
13.5 10.011
13.5 10.233
13.5 10.247
13.5 10.12
13.5 10.018
13.5 10.006
13.5 10.177
13.5 9.749
13.5 9.861
13.5 10.076
13.5 10.13
13.5 10.265
13.5 9.929
13.5 9.961
13.5 10.019
13.5 9.896
13.5 9.994
13.5 10.002
13.5 10.032
13.5 10.069
13.5 10.004
13.5 9.996
13.5 10.11
13.5 9.972
13.5 10.143
13.5 9.811
13.5 9.997
13.5 10.118
13.5 10.058
13.5 10.155
13.5 10.039
13.5 10.206
13.5 10.12
13.5 10.128
13.5 10.041
13.5 10.062
13.5 10.065
13.5 10.133
13.5 10.127
13.5 10.042
13.5 9.94
13.5 10.263
13.5 9.939
13.5 10.31
13.5 10.029
13.5 9.979
13.5 10.059
13.5 10.033
13.5 10.046
13.5 10.102
13.5 9.969
13.5 9.926
13.5 9.927
13.5 10.085
13.5 10.239
13.5 10.114
13.5 10.094
13.5 10.292
13.5 9.927
13.5 10.169
13.5 10.139
13.5 10.138
13.5 10.258
13.5 10.249
13.5 10.202
13.5 9.923
13.5 10.124
13.5 10.014
13.5 9.924
13.5 10.138
13.5 10.256
13.5 10.07
13.5 10.148
13.5 10.118
13.5 10.341
13.5 10.148
13.5 10.245
13.5 10.141
13.5 10.309
13.5 10.246
13.5 10.098
13.5 10.014
13.5 10.119
13.5 10.218
13.5 10.027
13.5 10.255
13.5 10.354
13.5 10.116
13.5 10.185
13.5 10.159
13.5 10.129
13.5 9.971
13.5 10.08
13.5 10.149
13.5 10.2
13.5 9.924
13.5 10.196
13.5 10.394
13.5 10.207
13.5 10.179
13.5 10.177
13.5 10.178
13.5 10.268
13.5 10.119
13.5 10.161
13.5 9.932
13.5 10.13
13.5 10.009
13.5 10.07
13.5 9.974
13.5 10.109
13.5 10.003
13.5 10.245
13.5 10.352
13.5 10.391
13.5 9.916
13.5 9.927
13.5 10.299
13.5 10.172
13.5 10.221
13.5 10.042
13.5 10.218
13.5 9.975
13.5 9.846
13.5 9.896
13.5 9.853
13.5 9.967
13.5 10.105
13.5 10.13
13.5 10.112
13.5 10.053
500
12.0 3.633
12.0 7.644
12.0 8.373
12.5 8.72
13.0 9.006
13.0 9.32
13.0 9.496
13.0 9.686
13.0 9.807
13.0 9.803
13.0 9.853
13.0 9.616
13.0 9.763
13.0 9.879
13.0 9.774
13.0 9.856
13.0 10.005
13.0 9.77
13.0 9.828
13.0 9.857
13.0 9.914
13.0 9.985
13.0 10.009
13.0 9.919
13.0 9.932
13.0 9.917
13.0 9.92
13.0 10.068
13.0 9.972
13.0 9.952
13.0 10.118
13.0 10.187
13.0 9.937
13.0 9.983
13.0 10.127
13.0 9.975
13.0 9.856
13.0 9.915
13.0 10.088
13.0 9.978
13.0 9.902
13.0 10.179
13.0 10.176
13.0 10.087
13.0 9.83
13.0 9.93
13.0 9.871
13.0 9.651
13.0 9.829
13.0 9.889
13.0 9.852
13.0 9.832
13.0 9.852
13.0 10.132
13.0 10.046
13.0 9.852
13.0 9.843
13.0 9.602
13.0 9.811
13.0 10.028
13.0 10.155
13.0 10.009
13.0 10.066
13.0 10.123
13.0 10.144
13.0 9.964
13.0 9.967
13.0 10.002
13.0 9.947
13.0 10.024
13.0 10.036
13.0 10.076
13.0 9.791
13.0 9.829
13.5 9.831
13.5 9.839
13.5 9.885
13.5 9.968
13.5 9.734
13.5 10.096
13.5 9.834
13.5 9.718
13.5 9.729
13.5 10.146
13.5 9.958
13.5 10.065
13.5 9.996
13.5 9.99
13.5 9.999
13.5 10.214
13.5 10.103
13.5 9.954
13.5 9.983
13.5 9.847
13.5 10.093
13.5 9.829
13.5 9.95
13.5 9.781
13.5 9.975
13.5 9.855
13.5 9.978
13.5 9.718
13.5 9.879
13.5 9.994
13.5 9.813
13.5 9.899
13.5 10.049
13.5 9.796
13.5 9.808
13.5 10.086
13.5 10.28
13.5 10.119
13.5 10.291
13.5 10.029
13.5 10.254
13.5 10.039
13.5 10.175
13.5 10.162
13.5 9.986
13.5 10.22
13.5 10.258
13.5 10.303
13.5 10.234
13.5 10.128
13.5 10.16
13.5 10.176
13.5 10.127
13.5 10.331
13.5 10.232
13.5 10.321
13.5 10.2
13.5 10.038
13.5 10.268
13.5 10.183
13.5 10.261
13.5 10.297
13.5 10.289
13.5 9.868
13.5 10.375
13.5 10.23
13.5 10.153
13.5 10.319
13.5 10.082
13.5 10.171
13.5 10.121
13.5 10.298
13.5 10.317
13.5 10.205
13.5 10.335
13.5 10.28
13.5 10.295
13.5 10.043
13.5 10.415
13.5 10.201
13.5 10.291
13.5 10.44
13.5 10.337
13.5 10.364
13.5 10.165
13.5 10.398
13.5 10.353
13.5 10.287
13.5 10.285
13.5 10.032
13.5 10.279
13.5 10.124
13.5 10.376
13.5 9.929
13.5 9.933
13.5 10.154
13.5 10.345
13.5 10.16
13.5 10.176
13.5 10.101
13.5 9.967
13.5 10.229
13.5 10.455
13.5 10.352
13.5 10.065
13.5 10.081
13.5 10.215
13.5 10.254
13.5 10.355
13.5 10.367
13.5 10.112
13.5 10.321
13.5 10.323
13.5 10.296
13.5 10.168
13.5 10.294
13.5 10.319
13.5 10.254
13.5 10.463
13.5 10.427
13.5 10.116
13.5 10.309
13.5 10.401
13.5 10.229
13.5 10.277
13.5 10.265
13.5 10.368
13.5 10.348
13.5 10.159
13.5 10.188
13.5 10.155
13.5 10.243
13.5 10.058
13.5 10.063
13.5 10.37
13.5 10.526
13.5 10.284
13.5 10.415
13.5 10.268
13.5 10.325
13.5 10.381
13.5 10.227
13.5 10.196
13.5 10.209
13.5 10.208
13.5 10.012
13.5 10.197
13.5 10.187
13.5 10.428
13.5 10.215
13.5 9.969
13.5 10.177
13.5 10.159
13.5 10.351
13.5 10.114
13.5 10.219
13.5 10.263
13.5 10.273
13.5 10.17
13.5 10.176
13.5 10.308
13.5 10.009
13.5 9.908
13.5 10.268
13.5 10.171
13.5 10.178
13.5 10.474
13.5 10.432
13.5 10.44
13.5 10.469
13.5 10.48
13.5 10.261
13.5 10.392
13.5 10.16
13.5 10.476
13.5 10.121
13.5 9.837
13.5 10.074
13.5 10.112
13.5 10.213
13.5 10.251
13.5 10.205
13.5 10.287
13.5 10.384
13.5 10.035
13.5 10.11
13.5 10.27
13.5 10.073
13.5 10.117
13.5 10.138
13.5 9.93
13.5 10.322
13.5 10.013
13.5 10.201
13.5 9.842
13.5 10.309
13.5 10.203
13.5 10.214
13.5 10.499
13.5 10.211
13.5 10.095
13.5 10.15
13.5 10.069
13.5 10.144
13.5 10.241
13.5 10.338
13.5 10.372
13.5 10.128
13.5 10.168
13.5 10.494
13.5 10.432
13.5 10.415
13.5 10.501
13.5 10.139
13.5 9.995
13.5 10.348
13.5 10.27
13.5 10.223
13.5 10.312
13.5 10.307
13.5 10.304
13.5 10.338
13.5 10.24
13.5 10.27
13.5 10.352
13.5 10.207
13.5 10.273
13.5 10.183
13.5 10.171
13.5 10.229
13.5 10.188
13.5 10.169
13.5 10.225
13.5 10.248
13.5 10.009
13.5 10.149
13.5 9.964
13.5 10.29
13.5 9.946
13.5 10.277
13.5 10.269
13.5 9.935
13.5 10.144
13.5 10.406
13.5 10.444
13.5 10.144
13.5 10.112
13.5 10.428
13.5 10.349
13.5 10.104
13.5 10.246
13.5 10.466
13.5 10.116
13.5 10.3
13.5 10.089
13.5 10.276
13.5 10.304
13.5 10.323
13.5 10.491
13.5 10.158
13.5 10.181
13.5 10.072
13.5 10.258
13.5 10.295
13.5 10.224
13.5 10.058
13.5 10.268
13.5 10.212
13.5 10.277
13.5 10.046
13.5 10.217
13.5 10.147
13.5 9.994
13.5 10.181
13.5 10.179
13.5 10.113
13.5 10.279
13.5 10.13
13.5 10.207
13.5 10.357
13.5 10.263
13.5 10.341
13.5 10.077
13.5 10.273
13.5 10.158
13.5 10.278
13.5 10.133
13.5 10.078
13.5 10.364
13.5 10.411
13.5 10.112
13.5 10.094
13.5 10.189
13.5 10.243
13.5 10.582
13.5 10.224
13.5 10.426
13.5 10.221
13.5 10.294
13.5 10.287
13.5 10.103
13.5 10.121
13.5 10.147
13.5 10.32
13.5 10.088
13.5 10.207
13.5 10.07
13.5 10.036
13.5 10.063
13.5 10.382
13.5 10.322
13.5 10.081
13.5 10.155
13.5 10.173
13.5 10.223
13.5 10.181
13.5 10.085
13.5 10.06
13.5 10.275
13.5 9.879
13.5 10.208
13.5 10.104
13.5 10.187
13.5 10.245
13.5 10.006
13.5 10.178
13.5 10.325
13.5 10.223
13.5 10.127
13.5 10.012
13.5 9.964
13.5 10.187
13.5 10.204
13.5 10.353
13.5 10.337
13.5 10.294
13.5 10.056
13.5 9.953
13.5 10.275
13.5 10.124
13.5 10.515
13.5 10.231
13.5 10.249
13.5 10.216
13.5 10.222
13.5 10.548
13.5 10.283
13.5 10.156
13.5 10.139
13.5 9.998
13.5 9.999
13.5 10.196
13.5 10.269
13.5 10.274
13.5 10.187
13.5 10.367
13.5 10.134
13.5 10.339
13.5 10.128
13.5 10.281
13.5 10.169
13.5 10.155
13.5 10.39
13.5 10.258
13.5 10.325
13.5 10.133
13.5 10.209
13.5 10.426
13.5 10.177
13.5 10.392
13.5 10.259
13.5 10.502
13.5 10.436
13.5 10.295
13.5 10.226
13.5 10.372
13.5 10.079
13.5 10.15
13.5 10.317
13.5 10.138
13.5 10.089
13.5 9.97
13.5 10.059
13.5 9.919
13.5 10.24
13.5 10.377
13.5 9.972
13.5 10.178
13.5 10.252
13.5 10.2
13.5 10.257
13.5 10.269
13.5 10.201
13.5 10.211
13.5 10.017
13.5 10.052
13.5 10.272
13.5 10.379
13.5 10.462
13.5 10.128
13.5 10.189
13.5 10.283
13.5 10.088
13.5 10.313
13.5 10.37
13.5 10.319
13.5 10.353
13.5 10.209
13.5 10.161
13.5 10.04
13.5 9.937
13.5 10.286
13.5 10.263
13.5 10.164
13.5 10.058
13.5 10.407
13.5 10.082
13.5 10.165
13.5 10.03
13.5 10.043
13.5 10.112
13.5 10.116
13.5 10.31
13.5 10.346
13.5 10.484
13.5 9.984
500
12.0 3.904
12.5 7.588
12.5 8.275
12.5 8.744
12.5 8.774
13.0 9.056
13.0 9.256
13.0 9.055
13.0 9.399
13.0 9.548
13.0 9.31
13.0 9.68
13.0 9.859
13.0 9.891
13.0 9.778
13.0 9.764
13.0 9.677
13.0 9.694
13.0 9.579
13.0 9.701
13.0 9.669
13.0 9.488
13.0 9.818
13.0 9.945
13.0 9.774
13.0 9.855
13.0 9.579
13.0 9.81
13.0 9.739
13.0 9.691
13.0 9.643
13.0 9.622
13.0 9.542
13.0 9.658
13.0 9.824
13.0 9.693
13.0 9.51
13.0 9.387
13.0 9.65
13.0 9.651
13.0 9.659
13.0 9.736
13.0 9.431
13.0 9.642
13.0 9.901
13.0 9.793
13.0 9.661
13.0 9.727
13.0 9.567
13.0 9.698
13.0 9.736
13.0 9.559
13.0 9.874
13.0 9.672
13.0 9.797
13.0 9.903
13.0 9.601
13.0 9.841
13.0 9.611
13.0 9.646
13.0 9.662
13.0 9.759
13.0 9.825
13.0 9.905
13.0 9.609
13.0 9.666
13.0 9.696
13.0 9.628
13.0 9.73
13.0 9.548
13.0 9.516
13.0 9.743
13.0 9.769
13.0 9.7
13.0 9.763
13.0 9.613
13.0 9.892
13.0 9.549
13.0 9.775
13.0 9.874
13.0 9.819
13.0 9.681
13.0 9.605
13.0 9.644
13.0 9.742
13.0 9.824
13.0 9.853
13.0 9.832
13.0 9.852
13.0 9.673
13.0 9.771
13.0 9.827
13.0 9.881
13.0 9.697
13.0 9.338
13.0 9.831
13.0 9.982
13.0 9.814
13.0 10.102
13.0 9.796
13.0 9.726
13.0 9.603
13.0 9.823
13.0 9.71
13.0 9.784
13.0 9.37
13.0 9.795
13.0 9.465
13.0 9.704
13.0 9.588
13.0 9.49
13.0 9.907
13.0 9.79
13.0 9.346
13.0 9.611
13.0 9.807
13.0 9.625
13.0 9.575
13.0 9.617
13.0 9.853
13.0 9.792
13.0 9.687
13.0 9.937
13.0 9.405
13.0 9.558
13.0 9.934
13.0 9.478
13.0 9.533
13.0 9.73
13.0 9.985
13.0 9.887
13.0 9.609
13.0 9.525
13.0 9.722
13.0 9.488
13.0 9.631
13.0 9.657
13.0 9.64
13.0 9.756
13.0 9.843
13.0 9.802
13.0 9.854
13.0 9.54
13.0 9.614
13.0 9.455
13.0 9.6
13.0 9.736
13.0 9.563
13.0 9.798
13.0 9.716
13.0 9.778
13.0 9.764
13.0 9.702
13.0 9.595
13.0 9.868
13.0 9.617
13.0 9.866
13.0 9.881
13.0 9.868
13.0 9.786
13.0 9.529
13.0 9.648
13.0 9.942
13.0 9.872
13.0 9.772
13.0 9.675
13.0 9.877
13.0 9.825
13.0 9.691
13.0 9.687
13.0 9.579
13.0 9.776
13.0 9.63
13.0 9.744
13.0 9.459
13.0 9.483
13.0 9.683
13.0 9.535
13.0 9.942
13.0 9.926
13.0 9.616
13.0 9.673
13.0 9.748
13.0 9.668
13.0 9.791
13.0 9.838
13.0 9.675
13.0 9.667
13.0 9.773
13.0 9.524
13.0 9.637
13.0 9.908
13.0 9.868
13.0 9.837
13.0 9.895
13.0 9.461
13.0 9.521
13.0 9.619
13.0 9.71
13.0 9.678
13.0 9.588
13.0 9.633
13.0 9.77
13.0 9.978
13.0 9.845
13.0 9.701
13.0 9.583
13.0 9.694
13.0 9.68
13.0 9.81
13.0 9.617
13.0 9.853
13.0 9.629
13.0 9.682
13.0 9.478
13.0 9.62
13.0 9.818
13.0 9.721
13.0 9.722
13.0 9.663
13.0 9.767
13.0 9.623
13.0 9.647
13.0 9.415
13.0 9.745
13.0 9.712
13.0 9.741
13.0 9.623
13.0 9.61
13.0 9.757
13.0 9.829
13.0 9.846
13.0 9.509
13.0 9.635
13.0 9.682
13.0 9.92
13.0 9.671
13.0 9.62
13.0 9.848
13.0 9.83
13.0 9.631
13.0 9.761
13.0 9.661
13.0 9.832
13.0 9.902
13.0 9.72
13.0 9.813
13.0 9.833
13.0 9.496
13.0 9.597
13.0 9.551
13.0 9.733
13.0 9.877
13.0 9.618
13.0 9.923
13.0 9.605
13.0 9.603
13.0 9.476
13.0 9.295
13.0 9.69
13.0 9.797
13.0 9.846
13.0 9.818
13.0 9.644
13.0 9.839
13.0 9.62
13.0 9.77
13.0 9.705
13.0 9.764
13.0 9.7
13.0 9.822
13.0 9.748
13.0 9.748
13.0 9.732
13.0 9.716
13.0 9.722
13.0 9.872
13.0 9.729
13.0 9.82
13.0 9.89
13.0 9.764
13.0 9.586
13.0 9.821
13.0 9.949
13.0 9.663
13.0 9.692
13.0 9.563
13.0 9.873
13.0 9.813
13.0 9.867
13.0 9.87
13.0 9.824
13.0 9.507
13.0 9.783
13.0 9.667
13.0 9.687
13.0 9.756
13.0 10.077
13.0 9.574
13.0 9.643
13.0 9.666
13.0 9.708
13.0 9.687
13.0 9.629
13.0 9.717
13.0 9.849
13.0 9.747
13.0 9.851
13.0 9.63
13.0 9.848
13.0 9.879
13.0 9.672
13.0 9.663
13.0 9.717
13.0 9.813
13.0 9.81
13.0 9.722
13.0 9.699
13.0 9.643
13.0 9.73
13.0 9.588
13.0 9.65
13.0 9.612
13.0 9.851
13.0 9.941
13.0 9.813
13.0 9.859
13.0 9.65
13.0 9.609
13.0 9.696
13.0 9.959
13.0 9.851
13.0 9.76
13.0 9.893
13.0 9.78
13.0 9.842
13.0 9.589
13.0 9.892
13.0 9.74
13.0 9.739
13.0 9.796
13.0 9.426
13.0 9.752
13.0 9.699
13.0 9.829
13.0 9.806
13.0 9.728
13.0 9.741
13.0 9.815
13.0 10.011
13.0 9.766
13.0 9.906
13.0 9.868
13.0 9.821
13.0 9.711
13.0 9.672
13.0 9.793
13.0 9.614
13.0 9.714
13.0 9.88
13.0 9.63
13.0 9.841
13.0 9.721
13.0 9.672
13.0 9.419
13.0 9.663
13.0 9.766
13.0 9.52
13.0 9.463
13.0 9.741
13.0 9.763
13.0 9.578
13.0 9.532
13.0 9.671
13.0 9.905
13.0 9.714
13.0 9.885
13.0 9.52
13.0 9.839
13.0 9.86
13.0 9.56
13.0 10.061
13.0 9.748
13.0 9.766
13.0 9.538
13.0 9.621
13.0 9.629
13.0 9.768
13.0 10.006
13.0 9.936
13.0 9.856
13.0 9.75
13.0 9.56
13.0 9.785
13.0 9.826
13.0 9.826
13.0 9.448
13.0 9.465
13.0 9.839
13.0 9.631
13.0 9.827
13.0 9.92
13.0 9.754
13.0 10.081
13.0 9.758
13.0 9.506
13.0 9.549
13.0 9.607
13.0 9.732
13.0 9.481
13.0 9.624
13.0 9.824
13.0 9.874
13.0 9.686
13.0 9.679
13.0 9.896
13.0 9.812
13.0 9.707
13.0 10.047
13.0 10.1
13.0 9.881
13.0 9.846
13.0 9.846
13.0 9.699
13.0 9.795
13.0 9.701
13.0 9.741
13.0 9.82
13.0 9.705
13.0 9.703
13.0 9.717
13.0 9.634
13.0 9.883
13.0 9.679
13.0 9.537
13.0 9.569
13.0 9.358
13.0 9.62
13.0 9.514
13.0 9.687
13.0 9.799
13.0 9.79
13.0 9.845
13.0 9.888
13.0 10.215
13.0 9.693
13.0 9.991
13.0 9.629
13.0 9.952
13.0 9.525
13.0 9.738
13.0 9.73
13.0 9.644
13.0 9.704
13.0 9.568
13.0 9.853
13.0 9.497
13.0 9.638
13.0 9.845
13.0 9.87
13.0 9.649
13.0 9.696
13.0 9.527
13.0 9.723
13.0 9.722
13.0 9.596
13.0 9.724
13.0 9.709
13.0 9.515
13.0 9.594
13.0 9.883
13.0 9.584
13.0 9.794
13.0 9.856
13.0 9.853
13.0 9.813
13.0 9.825
13.0 9.494
13.0 9.909
13.0 9.796
13.0 9.829
13.0 9.751
13.0 9.61
13.0 9.45
13.0 9.621
13.0 9.835
13.0 9.934
13.0 9.738
13.0 10.008
13.0 10.011
13.0 9.951
13.0 9.681
13.0 9.774
13.0 9.614
13.0 9.692
13.0 9.483
13.0 9.785
13.0 9.892
13.0 9.829
13.0 9.748
500
11.5 3.242
12.0 7.495
13.0 8.236
13.0 8.838
13.0 9.065
13.0 9.162
13.0 9.321
13.0 9.358
13.0 9.692
13.0 9.699
13.0 9.606
13.5 9.902
13.5 9.782
13.5 9.681
13.5 9.658
13.5 9.717
13.5 9.944
13.5 9.915
13.5 9.897
13.5 9.744
13.5 9.58
13.5 9.667
13.5 9.566
13.5 9.616
13.5 9.819
13.5 9.896
13.5 9.971
13.5 10.083
13.5 9.992
13.5 10.156
13.5 10.069
13.5 9.987
13.5 10.016
13.5 10.075
13.5 10.082
13.5 10.377
13.5 10.253
13.5 10.25
13.5 10.219
13.5 10.25
13.5 10.188
13.5 10.348
13.5 10.433
13.5 10.167
13.5 10.207
13.5 10.121
13.5 10.251
13.5 10.402
13.5 10.259
13.5 10.272
13.5 9.976
13.5 10.075
13.5 10.184
13.5 10.202
13.5 10.115
13.5 10.249
13.5 10.06
13.5 10.175
13.5 10.013
13.5 10.238
13.5 10.054
13.5 10.191
13.5 10.186
13.5 10.106
13.5 10.286
13.5 10.071
13.5 10.192
13.5 10.318
13.5 10.221
13.5 10.365
13.5 10.229
13.5 10.397
13.5 10.206
13.5 10.199
13.5 10.251
13.5 10.21
13.5 10.18
13.5 10.184
13.5 10.464
13.5 10.143
13.5 10.163
13.5 9.799
13.5 10.035
13.5 10.248
13.5 10.144
13.5 10.351
13.5 10.345
13.5 10.212
13.5 10.223
13.5 10.018
13.5 10.07
13.5 10.166
13.5 10.25
13.5 10.174
13.5 10.14
13.5 10.312
13.5 10.328
13.5 10.133
13.5 10.184
13.5 10.294
13.5 10.176
13.5 9.938
13.5 9.824
13.5 10.232
13.5 10.264
13.5 10.015
13.5 10.119
13.5 10.055
13.5 10.195
13.5 10.314
13.5 10.009
13.5 10.14
13.5 10.327
13.5 10.524
13.5 10.261
13.5 10.408
13.5 10.393
13.5 10.338
13.5 10.131
13.5 10.407
13.5 10.219
13.5 10.078
13.5 10.234
13.5 9.943
13.5 10.134
13.5 10.345
13.5 10.139
13.5 10.249
13.5 10.053
13.5 10.461
13.5 10.376
13.5 10.451
13.5 10.023
13.5 10.398
13.5 10.344
13.5 10.168
13.5 10.278
13.5 10.195
13.5 10.102
13.5 10.166
13.5 10.002
13.5 9.997
13.5 10.227
13.5 10.289
13.5 10.276
13.5 10.035
13.5 10.085
13.5 10.108
13.5 10.372
13.5 10.378
13.5 10.278
13.5 10.173
13.5 10.399
13.5 10.241
13.5 10.004
13.5 10.364
13.5 10.35
13.5 10.294
13.5 10.252
13.5 10.325
13.5 10.414
13.5 10.17
13.5 10.112
13.5 10.139
13.5 10.42
13.5 10.003
13.5 10.248
13.5 10.268
13.5 10.174
13.5 9.794
13.5 9.992
13.5 10.247
13.5 10.447
13.5 10.128
13.5 10.328
13.5 10.255
13.5 10.482
13.5 10.369
13.5 10.255
13.5 10.221
13.5 10.037
13.5 10.177
13.5 10.42
13.5 10.131
13.5 10.083
13.5 10.161
13.5 10.298
13.5 9.94
13.5 9.817
13.5 10.246
13.5 10.22
13.5 10.367
13.5 10.034
13.5 10.207
13.5 10.139
13.5 10.115
13.5 10.185
13.5 10.183
13.5 10.295
13.5 10.442
13.5 10.157
13.5 10.452
13.5 9.993
13.5 10.421
13.5 10.139
13.5 10.311
13.5 10.241
13.5 10.302
13.5 10.047
13.5 9.982
13.5 10.118
13.5 10.202
13.5 10.111
13.5 10.295
13.5 10.333
13.5 10.463
13.5 10.144
13.5 9.876
13.5 10.438
13.5 10.37
13.5 10.315
13.5 10.031
13.5 10.157
13.5 10.331
13.5 10.102
13.5 10.009
13.5 10.206
13.5 10.152
13.5 9.983
13.5 10.031
13.5 10.293
13.5 10.096
13.5 10.133
13.5 10.17
13.5 10.061
13.5 10.101
13.5 10.064
13.5 10.111
13.5 10.233
13.5 10.062
13.5 10.341
13.5 10.259
13.5 10.264
13.5 10.223
13.5 10.178
13.5 10.173
13.5 10.428
13.5 10.22
13.5 10.311
13.5 10.192
13.5 10.25
13.5 10.364
13.5 10.27
13.5 10.265
13.5 10.325
13.5 10.092
13.5 10.148
13.5 10.345
13.5 10.174
13.5 10.316
13.5 10.061
13.5 10.127
13.5 10.088
13.5 10.247
13.5 10.19
13.5 10.125
13.5 10.365
13.5 10.509
13.5 10.333
13.5 10.21
13.5 10.337
13.5 10.181
13.5 10.145
13.5 10.048
13.5 10.056
13.5 10.036
13.5 10.094
13.5 10.083
13.5 10.246
13.5 10.387
13.5 10.286
13.5 10.328
13.5 10.199
13.5 10.04
13.5 10.3
13.5 10.39
13.5 10.471
13.5 10.298
13.5 10.361
13.5 10.5
13.5 10.104
13.5 9.969
13.5 10.197
13.5 10.122
13.5 10.088
13.5 10.337
13.5 10.22
13.5 10.101
13.5 10.297
13.5 10.211
13.5 10.27
13.5 10.302
13.5 10.283
13.5 10.219
13.5 10.207
13.5 10.126
13.5 10.098
13.5 10.279
13.5 10.319
13.5 10.443
13.5 10.166
13.5 10.018
13.5 10.188
13.5 9.855
13.5 10.125
13.5 9.915
13.5 9.908
13.5 10.029
13.5 10.18
13.5 10.139
13.5 10.235
13.5 10.226
13.5 10.113
13.5 10.181
13.5 10.283
13.5 10.051
13.5 10.278
13.5 10.124
13.5 10.062
13.5 10.295
13.5 10.189
13.5 10.319
13.5 10.297
13.5 10.373
13.5 10.408
13.5 10.158
13.5 10.128
13.5 10.26
13.5 10.129
13.5 10.04
13.5 10.4
13.5 10.49
13.5 10.238
13.5 10.147
13.5 10.163
13.5 10.211
13.5 9.993
13.5 10.121
13.5 10.351
13.5 10.543
13.5 10.248
13.5 10.334
13.5 9.909
13.5 10.189
13.5 10.148
13.5 10.244
13.5 9.952
13.5 10.135
13.5 10.264
13.5 10.156
13.5 10.092
13.5 10.168
13.5 10.03
13.5 10.175
13.5 10.34
13.5 10.189
13.5 10.383
13.5 10.116
13.5 10.156
13.5 10.213
13.5 10.482
13.5 10.25
13.5 10.158
13.5 10.267
13.5 10.244
13.5 10.351
13.5 10.132
13.5 10.305
13.5 10.055
13.5 10.032
13.5 9.963
13.5 10.046
13.5 10.18
13.5 10.078
13.5 10.269
13.5 10.201
13.5 10.27
13.5 10.421
13.5 10.363
13.5 10.207
13.5 10.06
13.5 10.093
13.5 10.164
13.5 10.412
13.5 10.034
13.5 10.185
13.5 10.207
13.5 10.22
13.5 10.242
13.5 10.269
13.5 10.429
13.5 10.334
13.5 10.148
13.5 9.923
13.5 9.972
13.5 9.889
13.5 10.034
13.5 10.064
13.5 9.732
13.5 10.257
13.5 10.253
13.5 10.173
13.5 9.917
13.5 10.304
13.5 10.147
13.5 9.95
13.5 10.334
13.5 10.055
13.5 10.128
13.5 10.072
13.5 10.115
13.5 10.146
13.5 10.261
13.5 10.345
13.5 10.069
13.5 10.078
13.5 10.02
13.5 10.401
13.5 10.385
13.5 10.334
13.5 10.202
13.5 10.223
13.5 10.355
13.5 10.063
13.5 10.042
13.5 10.127
13.5 10.087
13.5 10.072
13.5 10.5
13.5 10.438
13.5 10.082
13.5 10.146
13.5 10.23
13.5 10.077
13.5 10.313
13.5 10.355
13.5 10.2
13.5 10.265
13.5 10.013
13.5 9.944
13.5 10.316
13.5 10.31
13.5 10.316
13.5 10.154
13.5 10.081
13.5 10.28
13.5 10.054
13.5 10.343
13.5 10.159
13.5 9.906
13.5 9.931
13.5 10.28
13.5 10.47
13.5 10.432
13.5 10.313
13.5 10.294
13.5 10.083
13.5 10.069
13.5 10.143
13.5 10.122
13.5 10.266
13.5 10.08
13.5 10.444
13.5 10.451
13.5 10.187
13.5 10.316
13.5 10.27
13.5 10.137
13.5 10.285
13.5 9.902
13.5 10.011
13.5 10.346
13.5 10.029
13.5 10.082
13.5 10.13
13.5 10.382
13.5 10.156
13.5 10.181
13.5 10.075
13.5 10.3
13.5 10.183
13.5 10.158
13.5 10.092
13.5 10.085
13.5 10.283
13.5 10.101
13.5 10.399
13.5 10.05
13.5 10.041
13.5 10.427
500
12.0 3.292
12.0 7.575
12.5 8.334
13.0 8.856
13.0 8.783
13.0 8.876
13.0 8.942
13.5 9.29
13.5 9.432
13.5 9.288
13.5 9.335
13.5 9.364
13.5 9.268
13.5 9.577
13.5 9.382
13.5 9.67
13.5 9.451
13.5 9.431
13.5 9.455
13.5 9.345
13.5 9.636
13.5 9.367
13.5 9.543
13.5 9.351
13.5 9.427
13.5 9.489
13.5 9.825
13.5 9.645
13.5 9.576
13.5 9.27
13.5 9.238
13.5 9.594
13.5 9.544
13.5 9.553
13.5 9.424
13.5 9.643
13.5 9.609
13.5 9.537
13.5 9.574
13.5 9.62
13.5 9.65
13.5 9.798
13.5 9.864
13.5 10.253
13.5 10.149
13.5 10.226
13.5 10.233
13.5 10.203
13.5 10.247
13.5 10.266
13.5 10.237
13.5 10.413
13.5 10.257
13.5 10.496
13.5 10.335
13.5 10.12
13.5 10.147
13.5 10.456
13.5 10.443
13.5 10.16
13.5 9.981
13.5 10.149
13.5 10.14
13.5 10.382
13.5 10.149
13.5 10.398
13.5 10.188
13.5 10.115
13.5 10.128
13.5 10.178
13.5 10.146
13.5 10.225
13.5 10.364
13.5 10.522
13.5 10.377
13.5 10.382
13.5 9.963
13.5 10.314
13.5 10.099
13.5 10.006
13.5 10.252
13.5 10.257
13.5 10.294
13.5 10.241
13.5 10.392
13.5 10.164
13.5 10.058
13.5 10.043
13.5 10.223
13.5 10.118
13.5 10.094
13.5 10.364
13.5 10.008
13.5 10.159
13.5 10.04
13.5 10.349
13.5 10.182
13.5 10.043
13.5 9.897
13.5 10.109
13.5 10.047
13.5 9.708
13.5 9.775
13.5 10.181
13.5 10.394
13.5 10.316
13.5 10.225
13.5 10.269
13.5 10.276
13.5 10.245
13.5 10.204
13.5 10.122
13.5 10.413
13.5 10.249
13.5 10.09
13.5 10.192
13.5 10.318
13.5 10.051
13.5 10.044
13.5 10.241
13.5 10.21
13.5 10.202
13.5 10.409
13.5 10.042
13.5 10.181
13.5 10.018
13.5 10.252
13.5 10.18
13.5 10.201
13.5 10.353
13.5 10.17
13.5 10.237
13.5 10.305
13.5 10.097
13.5 9.896
13.5 10.197
13.5 10.184
13.5 10.418
13.5 10.368
13.5 10.183
13.5 10.248
13.5 10.196
13.5 10.298
13.5 10.448
13.5 10.445
13.5 10.02
13.5 10.206
13.5 10.187
13.5 10.158
13.5 10.092
13.5 10.33
13.5 10.191
13.5 10.324
13.5 10.356
13.5 10.16
13.5 10.211
13.5 10.233
13.5 10.124
13.5 10.186
13.5 10.36
13.5 10.156
13.5 10.273
13.5 10.269
13.5 10.368
13.5 10.355
13.5 10.243
13.5 10.29
13.5 10.194
13.5 10.245
13.5 10.248
13.5 10.227
13.5 10.131
13.5 10.332
13.5 10.105
13.5 10.203
13.5 9.705
13.5 10.31
13.5 10.27
13.5 10.375
13.5 10.205
13.5 10.225
13.5 10.388
13.5 10.233
13.5 10.275
13.5 10.044
13.5 10.295
13.5 10.144
13.5 10.282
13.5 10.199
13.5 10.406
13.5 10.296
13.5 10.34
13.5 10.375
13.5 10.087
13.5 10.499
13.5 10.166
13.5 10.289
13.5 10.168
13.5 10.087
13.5 10.291
13.5 10.129
13.5 10.428
13.5 10.237
13.5 10.223
13.5 10.212
13.5 10.365
13.5 10.152
13.5 10.222
13.5 10.121
13.5 9.977
13.5 10.171
13.5 10.292
13.5 10.291
13.5 10.267
13.5 10.12
13.5 10.321
13.5 10.237
13.5 10.042
13.5 10.175
13.5 10.113
13.5 10.27
13.5 10.12
13.5 10.144
13.5 10.336
13.5 10.264
13.5 10.336
13.5 10.206
13.5 10.224
13.5 10.092
13.5 10.203
13.5 10.233
13.5 10.193
13.5 10.212
13.5 10.219
13.5 10.331
13.5 10.369
13.5 10.331
13.5 9.918
13.5 10.142
13.5 10.176
13.5 10.039
13.5 9.903
13.5 10.321
13.5 10.488
13.5 10.287
13.5 10.147
13.5 10.155
13.5 10.139
13.5 10.107
13.5 10.119
13.5 10.212
13.5 10.37
13.5 10.119
13.5 10.371
13.5 10.029
13.5 10.172
13.5 10.401
13.5 10.338
13.5 10.399
13.5 10.377
13.5 10.397
13.5 10.343
13.5 10.098
13.5 10.081
13.5 9.823
13.5 9.916
13.5 10.37
13.5 10.426
13.5 10.246
13.5 10.255
13.5 10.093
13.5 10.198
13.5 10.158
13.5 10.292
13.5 10.201
13.5 10.264
13.5 9.936
13.5 10.324
13.5 10.527
13.5 10.335
13.5 10.251
13.5 10.262
13.5 10.237
13.5 10.201
13.5 10.182
13.5 10.05
13.5 10.231
13.5 10.436
13.5 10.323
13.5 10.176
13.5 10.236
13.5 10.212
13.5 10.161
13.5 10.292
13.5 10.347
13.5 10.308
13.5 10.304
13.5 10.047
13.5 10.114
13.5 10.271
13.5 10.448
13.5 10.265
13.5 9.972
13.5 10.064
13.5 10.181
13.5 10.116
13.5 10.247
13.5 10.315
13.5 10.42
13.5 10.108
13.5 10.147
13.5 10.147
13.5 10.336
13.5 10.243
13.5 10.171
13.5 10.321
13.5 10.288
13.5 10.033
13.5 10.058
13.5 10.484
13.5 10.196
13.5 9.939
13.5 10.205
13.5 10.227
13.5 10.025
13.5 9.99
13.5 10.182
13.5 10.255
13.5 10.213
13.5 10.341
13.5 10.136
13.5 10.445
13.5 10.356
13.5 10.188
13.5 10.499
13.5 10.389
13.5 10.384
13.5 10.359
13.5 10.148
13.5 10.313
13.5 9.971
13.5 10.214
13.5 10.043
13.5 10.038
13.5 10.374
13.5 10.312
13.5 10.296
13.5 10.095
13.5 10.256
13.5 10.301
13.5 10.138
13.5 10.297
13.5 10.109
13.5 10.322
13.5 10.199
13.5 10.36
13.5 10.164
13.5 10.299
13.5 10.2
13.5 10.307
13.5 10.39
13.5 10.317
13.5 10.475
13.5 9.913
13.5 10.219
13.5 10.19
13.5 10.186
13.5 10.13
13.5 10.209
13.5 10.139
13.5 10.35
13.5 10.337
13.5 10.23
13.5 10.159
13.5 10.138
13.5 10.144
13.5 10.232
13.5 10.031
13.5 10.243
13.5 10.345
13.5 10.27
13.5 10.255
13.5 10.215
13.5 10.379
13.5 10.359
13.5 10.296
13.5 10.424
13.5 10.309
13.5 10.412
13.5 10.299
13.5 10.412
13.5 10.354
13.5 10.182
13.5 10.172
13.5 10.44
13.5 10.275
13.5 10.33
13.5 10.209
13.5 10.27
13.5 10.187
13.5 10.178
13.5 10.049
13.5 9.95
13.5 10.371
13.5 10.296
13.5 10.354
13.5 10.263
13.5 10.235
13.5 10.516
13.5 10.253
13.5 10.269
13.5 10.291
13.5 9.996
13.5 10.436
13.5 10.435
13.5 10.267
13.5 10.283
13.5 10.058
13.5 10.183
13.5 10.199
13.5 10.079
13.5 10.061
13.5 10.144
13.5 10.24
13.5 10.292
13.5 10.111
13.5 10.08
13.5 10.043
13.5 10.189
13.5 9.898
13.5 10.066
13.5 10.358
13.5 10.146
13.5 10.332
13.5 10.086
13.5 10.355
13.5 10.353
13.5 10.316
13.5 10.162
13.5 10.291
13.5 10.351
13.5 10.081
13.5 10.211
13.5 10.352
13.5 10.428
13.5 10.417
13.5 10.216
13.5 10.349
13.5 10.25
13.5 10.022
13.5 10.227
13.5 10.136
13.5 10.512
13.5 10.355
13.5 10.249
13.5 10.155
13.5 10.157
13.5 10.168
13.5 10.232
13.5 10.432
13.5 10.372
13.5 10.251
13.5 10.424
13.5 10.066
13.5 10.016
13.5 10.239
13.5 9.949
13.5 10.325
13.5 10.453
13.5 10.31
13.5 10.227
13.5 10.228
13.5 10.562
13.5 10.398
13.5 10.172
13.5 9.931
13.5 9.751
13.5 9.838
13.5 10.012
13.5 10.293
13.5 9.91
13.5 9.844
13.5 9.97
13.5 10.078
13.5 10.148
13.5 10.213
13.5 10.35
13.5 10.169
13.5 10.334
13.5 10.101
13.5 10.074
13.5 10.267
13.5 10.503
13.5 10.388
13.5 10.328
13.5 10.083
13.5 10.291
13.5 10.509
13.5 10.376
13.5 10.394
500
12.0 3.881
12.0 7.659
12.0 8.302
13.0 8.632
13.0 8.87
13.0 8.954
13.5 9.435
13.5 9.321
13.5 9.252
13.5 9.61
13.5 9.473
13.5 9.657
13.5 9.868
13.5 9.789
13.5 9.566
13.5 9.909
13.5 9.643
13.5 9.783
13.5 9.805
13.5 9.99
13.5 10.138
13.5 10.005
13.5 10.001
13.5 10.346
13.5 10.131
13.5 10.109
13.5 10.233
13.5 10.171
13.5 10.347
13.5 10.235
13.5 10.296
13.5 10.12
13.5 10.018
13.5 10.276
13.5 10.283
13.5 10.307
13.5 10.169
13.5 10.195
13.5 10.275
13.5 10.148
13.5 10.222
13.5 10.227
13.5 10.105
13.5 10.31
13.5 10.181
13.5 10.316
13.5 10.443
13.5 10.047
13.5 10.123
13.5 10.251
13.5 10.187
13.5 10.535
13.5 10.192
13.5 10.143
13.5 10.124
13.5 10.018
13.5 10.039
13.5 10.072
13.5 10.324
13.5 10.37
13.5 10.101
13.5 10.171
13.5 10.226
13.5 10.333
13.5 10.179
13.5 10.385
13.5 10.322
13.5 10.28
13.5 10.205
13.5 10.528
13.5 10.213
13.5 10.272
13.5 10.295
13.5 10.29
13.5 10.395
13.5 10.321
13.5 10.217
13.5 10.124
13.5 10.031
13.5 10.168
13.5 10.157
13.5 10.138
13.5 10.296
13.5 10.186
13.5 10.172
13.5 10.102
13.5 10.446
13.5 10.254
13.5 10.553
13.5 10.533
13.5 10.296
13.5 10.124
13.5 10.419
13.5 10.543
13.5 10.316
13.5 10.379
13.5 10.27
13.5 10.33
13.5 9.97
13.5 10.102
13.5 10.201
13.5 10.319
13.5 10.366
13.5 10.183
13.5 10.188
13.5 10.102
13.5 10.21
13.5 10.125
13.5 10.264
13.5 9.923
13.5 10.321
13.5 10.182
13.5 10.094
13.5 10.523
13.5 10.358
13.5 10.305
13.5 10.265
13.5 10.195
13.5 10.357
13.5 10.287
13.5 10.048
13.5 10.171
13.5 9.912
13.5 10.289
13.5 10.329
13.5 10.227
13.5 10.115
13.5 9.775
13.5 10.103
13.5 10.264
13.5 10.195
13.5 10.207
13.5 10.127
13.5 10.131
13.5 10.192
13.5 10.376
13.5 10.182
13.5 10.098
13.5 10.366
13.5 10.356
13.5 10.25
13.5 10.278
13.5 10.335
13.5 10.005
13.5 10.11
13.5 10.32
13.5 10.066
13.5 10.361
13.5 10.365
13.5 10.325
13.5 10.296
13.5 10.1
13.5 10.313
13.5 10.282
13.5 10.307
13.5 10.302
13.5 10.355
13.5 10.248
13.5 10.24
13.5 10.185
13.5 9.874
13.5 10.104
13.5 10.202
13.5 10.241
13.5 10.214
13.5 10.385
13.5 10.432
13.5 10.095
13.5 10.223
13.5 10.289
13.5 10.099
13.5 10.303
13.5 10.358
13.5 10.452
13.5 10.4
13.5 10.393
13.5 10.131
13.5 10.404
13.5 10.213
13.5 10.051
13.5 10.113
13.5 10.329
13.5 10.19
13.5 10.17
13.5 10.101
13.5 10.129
13.5 10.189
13.5 10.395
13.5 10.486
13.5 10.566
13.5 10.313
13.5 10.315
13.5 10.399
13.5 10.475
13.5 10.216
13.5 10.3
13.5 9.893
13.5 10.267
13.5 10.503
13.5 10.402
13.5 10.314
13.5 10.225
13.5 10.147
13.5 10.274
13.5 10.53
13.5 10.116
13.5 10.352
13.5 10.299
13.5 10.258
13.5 9.911
13.5 9.856
13.5 10.281
13.5 10.305
13.5 10.394
13.5 10.311
13.5 10.06
13.5 10.315
13.5 10.482
13.5 10.169
13.5 9.876
13.5 10.169
13.5 10.023
13.5 10.255
13.5 10.138
13.5 10.11
13.5 10.28
13.5 10.228
13.5 10.489
13.5 10.306
13.5 10.206
13.5 10.405
13.5 10.461
13.5 10.197
13.5 10.282
13.5 10.242
13.5 9.955
13.5 10.275
13.5 10.248
13.5 10.16
13.5 10.194
13.5 10.132
13.5 10.208
13.5 10.1
13.5 10.073
13.5 10.162
13.5 10.216
13.5 10.186
13.5 10.197
13.5 10.073
13.5 10.452
13.5 10.315
13.5 10.398
13.5 10.247
13.5 10.147
13.5 10.084
13.5 10.22
13.5 10.02
13.5 10.018
13.5 9.94
13.5 10.14
13.5 10.223
13.5 10.05
13.5 10.157
13.5 10.167
13.5 10.393
13.5 10.148
13.5 10.115
13.5 10.236
13.5 10.285
13.5 10.097
13.5 10.246
13.5 10.061
13.5 10.31
13.5 9.912
13.5 10.396
13.5 10.277
13.5 10.221
13.5 10.4
13.5 10.395
13.5 10.395
13.5 10.03
13.5 10.201
13.5 10.078
13.5 10.266
13.5 10.217
13.5 10.184
13.5 10.38
13.5 10.466
13.5 10.017
13.5 10.311
13.5 10.446
13.5 10.317
13.5 10.292
13.5 9.98
13.5 10.235
13.5 10.356
13.5 10.058
13.5 10.178
13.5 10.284
13.5 10.433
13.5 10.273
13.5 10.185
13.5 10.14
13.5 10.42
13.5 10.349
13.5 10.243
13.5 10.143
13.5 10.272
13.5 10.084
13.5 9.93
13.5 10.032
13.5 10.344
13.5 10.364
13.5 10.353
13.5 10.217
13.5 10.134
13.5 10.239
13.5 10.306
13.5 10.18
13.5 10.041
13.5 10.186
13.5 10.335
13.5 10.245
13.5 10.074
13.5 10.108
13.5 10.113
13.5 9.986
13.5 9.849
13.5 9.987
13.5 10.044
13.5 10.07
13.5 10.081
13.5 10.35
13.5 10.216
13.5 10.402
13.5 10.304
13.5 10.436
13.5 10.16
13.5 10.337
13.5 10.369
13.5 10.026
13.5 9.917
13.5 10.437
13.5 10.152
13.5 10.332
13.5 9.966
13.5 10.14
13.5 10.324
13.5 10.219
13.5 10.109
13.5 10.287
13.5 10.213
13.5 10.347
13.5 10.455
13.5 10.35
13.5 10.278
13.5 10.226
13.5 10.241
13.5 10.128
13.5 10.26
13.5 10.406
13.5 10.198
13.5 10.289
13.5 10.3
13.5 10.361
13.5 10.406
13.5 10.326
13.5 10.197
13.5 10.125
13.5 10.463
13.5 10.005
13.5 10.135
13.5 10.18
13.5 10.106
13.5 10.306
13.5 10.331
13.5 10.245
13.5 10.102
13.5 10.156
13.5 9.875
13.5 9.907
13.5 10.299
13.5 10.122
13.5 10.202
13.5 10.3
13.5 10.208
13.5 10.304
13.5 10.521
13.5 10.459
13.5 10.33
13.5 10.155
13.5 9.94
13.5 10.325
13.5 10.27
13.5 10.187
13.5 10.049
13.5 10.392
13.5 10.305
13.5 10.225
13.5 10.009
13.5 10.143
13.5 10.013
13.5 10.17
13.5 10.488
13.5 10.274
13.5 10.379
13.5 10.499
13.5 10.281
13.5 10.477
13.5 9.897
13.5 10.066
13.5 10.212
13.5 10.264
13.5 10.212
13.5 10.369
13.5 10.346
13.5 10.085
13.5 9.812
13.5 10.061
13.5 10.438
13.5 10.064
13.5 10.333
13.5 10.289
13.5 9.998
13.5 10.091
13.5 10.13
13.5 10.198
13.5 10.052
13.5 9.901
13.5 10.19
13.5 10.399
13.5 10.221
13.5 10.23
13.5 9.979
13.5 10.018
13.5 10.165
13.5 9.857
13.5 10.293
13.5 10.151
13.5 10.33
13.5 10.346
13.5 9.876
13.5 10.037
13.5 10.356
13.5 10.235
13.5 10.316
13.5 10.21
13.5 10.044
13.5 10.134
13.5 10.293
13.5 10.255
13.5 10.462
13.5 10.513
13.5 10.146
13.5 10.168
13.5 10.242
13.5 10.056
13.5 10.285
13.5 10.225
13.5 10.157
13.5 10.394
13.5 10.288
13.5 10.505
13.5 10.048
13.5 10.103
13.5 10.29
13.5 10.112
13.5 10.275
13.5 10.324
13.5 10.098
13.5 10.145
13.5 10.288
13.5 10.424
13.5 10.117
13.5 10.233
13.5 10.001
13.5 9.958
13.5 10.26
13.5 10.284
13.5 10.36
13.5 10.363
13.5 10.4
13.5 10.315
13.5 10.221
13.5 10.228
13.5 10.329
13.5 10.066
13.5 10.237
13.5 10.23
13.5 10.165
13.5 10.189
13.5 10.469
13.5 10.106
13.5 10.305
13.5 10.167
13.5 9.938
13.5 10.109
13.5 10.407
13.5 10.136
13.5 10.065
500
11.5 3.753
13.0 7.858
13.0 8.321
13.0 8.969
13.0 9.117
13.0 9.331
13.0 9.213
13.0 9.514
13.0 9.83
13.0 9.556
13.0 9.717
13.0 9.689
13.0 9.85
13.0 9.69
13.0 9.985
13.0 9.855
13.0 9.87
13.0 10.091
13.0 10.049
13.0 9.821
13.0 9.853
13.0 9.87
13.0 9.822
13.0 9.717
13.0 9.694
13.0 9.506
13.0 9.943
13.0 9.673
13.0 9.675
13.0 9.902
13.0 9.695
13.0 9.929
13.0 9.838
13.0 9.859
13.0 9.767
13.0 10.016
13.0 9.738
13.0 9.939
13.0 9.94
13.0 9.593
13.0 9.773
13.0 9.741
13.0 9.571
13.0 9.759
13.0 9.627
13.0 10.231
13.0 9.767
13.0 9.789
13.0 9.824
13.0 10.072
13.0 9.815
13.0 10.014
13.0 9.942
13.0 9.927
13.0 9.755
13.0 9.939
13.0 9.689
13.0 9.853
13.0 9.874
13.0 9.802
13.0 9.66
13.0 9.829
13.0 9.861
13.5 9.995
13.5 9.875
13.5 9.862
13.5 9.771
13.5 9.92
13.5 9.867
13.5 9.917
13.5 10.03
13.5 9.672
13.5 9.956
13.5 9.828
13.5 9.818
13.5 9.834
13.5 10.056
13.5 9.522
13.5 9.4
13.5 9.824
13.5 9.896
13.5 9.81
13.5 9.957
13.5 9.831
13.5 9.659
13.5 9.709
13.5 9.466
13.5 9.763
13.5 9.917
13.5 9.96
13.5 10.162
13.5 10.003
13.5 10.153
13.5 9.961
13.5 10.06
13.5 10.233
13.5 10.08
13.5 9.796
13.5 10.125
13.5 10.047
13.5 10.471
13.5 10.339
13.5 10.075
13.5 10.25
13.5 9.899
13.5 10.269
13.5 10.159
13.5 10.195
13.5 10.408
13.5 10.168
13.5 10.353
13.5 10.285
13.5 10.122
13.5 10.151
13.5 10.208
13.5 10.359
13.5 10.382
13.5 10.305
13.5 10.381
13.5 10.368
13.5 10.151
13.5 10.324
13.5 10.399
13.5 10.302
13.5 10.026
13.5 10.264
13.5 10.311
13.5 10.027
13.5 10.062
13.5 10.234
13.5 10.029
13.5 10.197
13.5 10.353
13.5 10.215
13.5 10.073
13.5 10.167
13.5 10.409
13.5 10.287
13.5 10.22
13.5 9.956
13.5 10.368
13.5 10.3
13.5 10.26
13.5 10.229
13.5 10.146
13.5 10.191
13.5 10.142
13.5 10.555
13.5 10.395
13.5 10.132
13.5 10.409
13.5 10.273
13.5 10.282
13.5 10.353
13.5 10.095
13.5 9.852
13.5 10.162
13.5 10.266
13.5 10.195
13.5 9.937
13.5 10.351
13.5 10.437
13.5 10.214
13.5 10.235
13.5 10.024
13.5 10.249
13.5 10.13
13.5 10.154
13.5 10.258
13.5 10.176
13.5 10.067
13.5 10.142
13.5 10.16
13.5 10.331
13.5 10.428
13.5 10.093
13.5 10.123
13.5 9.977
13.5 10.212
13.5 10.283
13.5 10.099
13.5 10.213
13.5 10.438
13.5 10.197
13.5 10.381
13.5 10.176
13.5 10.069
13.5 10.009
13.5 10.119
13.5 10.263
13.5 10.131
13.5 10.145
13.5 10.28
13.5 10.256
13.5 10.359
13.5 10.057
13.5 10.293
13.5 10.257
13.5 10.254
13.5 10.295
13.5 10.283
13.5 10.326
13.5 10.331
13.5 10.393
13.5 10.257
13.5 10.316
13.5 10.365
13.5 10.31
13.5 10.27
13.5 10.444
13.5 10.218
13.5 10.265
13.5 9.782
13.5 9.808
13.5 10.162
13.5 10.285
13.5 10.148
13.5 10.188
13.5 10.389
13.5 10.269
13.5 10.391
13.5 10.111
13.5 10.168
13.5 9.995
13.5 10.1
13.5 10.167
13.5 10.175
13.5 10.405
13.5 10.084
13.5 10.082
13.5 10.005
13.5 10.007
13.5 10.106
13.5 10.612
13.5 10.516
13.5 10.648
13.5 10.546
13.5 10.22
13.5 10.375
13.5 10.309
13.5 10.009
13.5 10.103
13.5 10.077
13.5 10.526
13.5 10.024
13.5 10.298
13.5 10.207
13.5 10.353
13.5 10.23
13.5 10.19
13.5 10.009
13.5 10.374
13.5 10.258
13.5 10.316
13.5 10.283
13.5 10.292
13.5 10.228
13.5 10.422
13.5 10.193
13.5 10.258
13.5 10.273
13.5 10.115
13.5 10.126
13.5 10.445
13.5 10.12
13.5 10.239
13.5 10.195
13.5 10.094
13.5 9.923
13.5 10.075
13.5 10.228
13.5 10.32
13.5 10.181
13.5 10.185
13.5 10.325
13.5 10.139
13.5 10.198
13.5 10.281
13.5 10.286
13.5 10.181
13.5 10.648
13.5 10.419
13.5 10.306
13.5 10.05
13.5 10.218
13.5 10.183
13.5 10.106
13.5 10.283
13.5 10.345
13.5 10.526
13.5 10.222
13.5 10.282
13.5 10.249
13.5 9.948
13.5 10.186
13.5 10.302
13.5 10.29
13.5 10.264
13.5 10.465
13.5 10.109
13.5 10.124
13.5 10.055
13.5 10.084
13.5 10.163
13.5 10.172
13.5 10.064
13.5 10.099
13.5 10.309
13.5 10.205
13.5 10.084
13.5 10.112
13.5 10.346
13.5 10.345
13.5 10.391
13.5 10.308
13.5 10.21
13.5 10.157
13.5 10.124
13.5 10.145
13.5 10.078
13.5 10.334
13.5 10.175
13.5 10.348
13.5 10.313
13.5 10.418
13.5 10.372
13.5 10.172
13.5 10.204
13.5 10.214
13.5 10.184
13.5 10.061
13.5 10.08
13.5 9.962
13.5 10.231
13.5 9.886
13.5 9.949
13.5 10.099
13.5 10.417
13.5 10.053
13.5 10.277
13.5 10.384
13.5 10.467
13.5 10.359
13.5 10.301
13.5 10.196
13.5 10.473
13.5 10.41
13.5 10.372
13.5 10.122
13.5 10.092
13.5 10.018
13.5 10.315
13.5 10.277
13.5 10.243
13.5 10.318
13.5 10.131
13.5 10.242
13.5 10.365
13.5 10.373
13.5 10.233
13.5 10.206
13.5 10.061
13.5 10.062
13.5 10.285
13.5 10.143
13.5 9.964
13.5 10.411
13.5 10.202
13.5 9.954
13.5 10.317
13.5 10.284
13.5 10.343
13.5 10.261
13.5 10.409
13.5 10.524
13.5 10.191
13.5 10.189
13.5 10.147
13.5 10.156
13.5 10.412
13.5 10.167
13.5 10.18
13.5 10.383
13.5 10.165
13.5 10.438
13.5 10.164
13.5 9.987
13.5 9.96
13.5 10.308
13.5 10.106
13.5 10.125
13.5 9.807
13.5 10.307
13.5 10.175
13.5 10.282
13.5 10.386
13.5 10.361
13.5 10.407
13.5 10.393
13.5 10.508
13.5 10.082
13.5 10.136
13.5 10.249
13.5 10.243
13.5 10.257
13.5 9.944
13.5 10.019
13.5 10.333
13.5 10.275
13.5 10.331
13.5 10.402
13.5 10.106
13.5 10.145
13.5 10.063
13.5 10.17
13.5 10.392
13.5 10.125
13.5 10.278
13.5 10.154
13.5 10.252
13.5 10.26
13.5 10.342
13.5 10.321
13.5 10.193
13.5 10.153
13.5 10.26
13.5 10.371
13.5 10.436
13.5 10.47
13.5 10.303
13.5 10.203
13.5 10.269
13.5 10.27
13.5 10.158
13.5 10.344
13.5 10.464
13.5 10.347
13.5 10.172
13.5 10.013
13.5 10.298
13.5 10.373
13.5 10.06
13.5 10.076
13.5 10.292
13.5 10.294
13.5 10.34
13.5 10.409
13.5 10.303
13.5 10.121
13.5 10.01
13.5 9.996
13.5 10.017
13.5 10.349
13.5 9.876
13.5 10.148
13.5 10.111
13.5 10.356
13.5 10.252
13.5 10.115
13.5 10.131
13.5 10.244
13.5 10.368
13.5 10.033
13.5 10.413
13.5 10.099
13.5 10.423
13.5 10.175
13.5 10.225
13.5 9.915
13.5 10.395
13.5 10.002
13.5 10.274
13.5 10.03
13.5 10.101
13.5 10.177
13.5 9.983
13.5 10.177
13.5 10.139
13.5 10.101
13.5 10.241
13.5 10.415
13.5 10.605
13.5 10.326
13.5 10.44
13.5 10.442
13.5 10.19
13.5 10.108
13.5 10.196
13.5 10.136
13.5 10.313
13.5 10.38
13.5 10.218
13.5 10.286
13.5 10.41
13.5 10.309
13.5 10.107
13.5 10.506
13.5 10.284
13.5 10.291
13.5 10.181
500
12.5 4.084
12.5 7.853
12.5 8.558
12.5 8.93
13.0 9.222
13.0 9.318
13.0 9.489
13.0 9.429
13.0 9.692
13.0 9.614
13.0 9.496
13.0 9.668
13.0 9.603
13.0 9.658
13.0 9.749
13.0 9.763
13.0 9.944
13.0 9.738
13.0 9.706
13.0 9.798
13.0 9.72
13.0 9.574
13.0 9.589
13.0 9.665
13.0 9.778
13.0 9.502
13.0 9.609
13.0 9.261
13.0 9.504
13.0 9.785
13.0 9.711
13.0 9.85
13.0 9.74
13.0 9.484
13.0 9.722
13.0 9.714
13.0 9.827
13.0 9.585
13.0 9.375
13.0 9.533
13.0 9.726
13.0 9.752
13.0 9.743
13.0 9.566
13.0 9.53
13.0 9.681
13.0 9.884
13.0 9.729
13.0 9.373
13.0 9.687
13.0 9.543
13.0 9.645
13.0 9.575
13.0 9.472
13.0 9.711
13.0 9.487
13.0 9.885
13.0 9.507
13.0 9.737
13.0 9.365
13.0 9.645
13.0 9.402
13.0 9.786
13.0 9.689
13.0 9.702
13.0 9.864
13.0 9.783
13.0 9.531
13.0 9.669
13.0 9.559
13.0 9.774
13.0 9.704
13.0 9.687
13.0 9.716
13.0 9.609
13.0 9.54
13.0 9.814
13.0 9.529
13.0 9.668
13.0 9.583
13.0 9.893
13.0 9.522
13.0 9.579
13.0 9.539
13.0 9.644
13.0 9.632
13.0 9.708
13.0 9.615
13.0 9.827
13.0 9.794
13.0 9.741
13.0 9.798
13.0 9.562
13.0 9.686
13.0 9.721
13.0 9.754
13.0 9.334
13.5 9.849
13.5 9.435
13.5 9.267
13.5 9.528
13.5 9.746
13.5 9.423
13.5 9.558
13.5 9.673
13.5 9.538
13.5 9.761
13.5 9.634
13.5 9.494
13.5 9.47
13.5 9.446
13.5 9.795
13.5 9.316
13.5 9.552
13.5 9.561
13.5 9.581
13.5 9.8
13.5 9.434
13.5 9.743
13.5 9.387
13.5 9.644
13.5 9.579
13.5 9.783
13.5 9.68
13.5 9.865
13.5 10.095
13.5 10.217
13.5 10.291
13.5 10.097
13.5 10.248
13.5 10.333
13.5 10.24
13.5 10.289
13.5 10.093
13.5 10.219
13.5 10.312
13.5 10.195
13.5 10.289
13.5 10.226
13.5 10.376
13.5 10.036
13.5 10.002
13.5 10.199
13.5 10.434
13.5 10.177
13.5 10.192
13.5 9.989
13.5 10.209
13.5 10.118
13.5 10.357
13.5 10.327
13.5 10.129
13.5 10.234
13.5 10.43
13.5 9.982
13.5 10.042
13.5 10.243
13.5 10.456
13.5 10.388
13.5 10.304
13.5 10.222
13.5 10.339
13.5 10.307
13.5 10.354
13.5 10.292
13.5 10.361
13.5 10.07
13.5 10.192
13.5 9.893
13.5 10.445
13.5 10.086
13.5 10.298
13.5 10.128
13.5 10.183
13.5 10.164
13.5 10.228
13.5 10.353
13.5 10.33
13.5 10.31
13.5 10.224
13.5 10.291
13.5 10.321
13.5 10.234
13.5 10.19
13.5 10.219
13.5 10.108
13.5 10.298
13.5 10.192
13.5 9.747
13.5 10.067
13.5 10.243
13.5 10.207
13.5 10.171
13.5 10.389
13.5 10.113
13.5 10.271
13.5 10.087
13.5 10.121
13.5 10.091
13.5 9.886
13.5 9.945
13.5 10.383
13.5 10.12
13.5 10.461
13.5 10.243
13.5 10.135
13.5 10.432
13.5 10.213
13.5 10.124
13.5 10.17
13.5 10.086
13.5 10.288
13.5 10.268
13.5 10.227
13.5 10.39
13.5 10.448
13.5 10.296
13.5 10.499
13.5 10.044
13.5 9.974
13.5 10.078
13.5 10.042
13.5 10.215
13.5 10.033
13.5 10.129
13.5 10.218
13.5 10.072
13.5 10.301
13.5 10.285
13.5 10.206
13.5 10.167
13.5 10.094
13.5 10.268
13.5 10.163
13.5 10.248
13.5 10.25
13.5 10.205
13.5 9.988
13.5 10.026
13.5 9.904
13.5 10.069
13.5 10.089
13.5 10.189
13.5 10.37
13.5 10.233
13.5 10.179
13.5 10.474
13.5 10.232
13.5 10.276
13.5 10.331
13.5 10.228
13.5 9.858
13.5 10.159
13.5 10.096
13.5 10.436
13.5 10.044
13.5 10.224
13.5 9.927
13.5 9.989
13.5 10.107
13.5 10.144
13.5 10.22
13.5 10.404
13.5 10.478
13.5 10.444
13.5 10.318
13.5 10.443
13.5 10.369
13.5 10.244
13.5 10.05
13.5 10.226
13.5 9.835
13.5 10.145
13.5 10.223
13.5 10.359
13.5 10.606
13.5 10.524
13.5 10.218
13.5 10.444
13.5 10.174
13.5 10.379
13.5 9.835
13.5 10.2
13.5 10.33
13.5 10.095
13.5 10.321
13.5 10.315
13.5 10.431
13.5 10.329
13.5 10.197
13.5 10.019
13.5 10.198
13.5 10.347
13.5 10.349
13.5 10.077
13.5 10.362
13.5 9.977
13.5 9.878
13.5 10.113
13.5 10.116
13.5 10.475
13.5 10.53
13.5 10.346
13.5 10.179
13.5 10.196
13.5 10.157
13.5 10.215
13.5 10.35
13.5 10.31
13.5 10.129
13.5 10.273
13.5 10.095
13.5 10.23
13.5 10.416
13.5 10.331
13.5 10.111
13.5 10.291
13.5 10.356
13.5 10.153
13.5 10.047
13.5 10.409
13.5 10.407
13.5 10.209
13.5 10.032
13.5 10.304
13.5 10.131
13.5 10.191
13.5 10.281
13.5 10.259
13.5 10.422
13.5 10.232
13.5 10.191
13.5 10.279
13.5 10.311
13.5 10.392
13.5 10.023
13.5 10.191
13.5 10.365
13.5 10.405
13.5 10.489
13.5 10.121
13.5 10.215
13.5 10.127
13.5 10.012
13.5 10.075
13.5 10.359
13.5 10.293
13.5 10.24
13.5 10.342
13.5 10.344
13.5 10.143
13.5 10.167
13.5 10.251
13.5 10.289
13.5 10.15
13.5 10.014
13.5 10.064
13.5 10.189
13.5 10.351
13.5 10.449
13.5 10.143
13.5 10.286
13.5 10.208
13.5 10.334
13.5 10.209
13.5 10.454
13.5 10.246
13.5 10.219
13.5 10.357
13.5 10.157
13.5 10.269
13.5 10.379
13.5 10.424
13.5 10.334
13.5 10.31
13.5 10.209
13.5 10.364
13.5 10.298
13.5 10.169
13.5 10.094
13.5 10.115
13.5 10.16
13.5 10.3
13.5 10.366
13.5 10.261
13.5 10.053
13.5 10.437
13.5 10.455
13.5 10.507
13.5 10.339
13.5 10.275
13.5 10.253
13.5 9.994
13.5 10.085
13.5 10.233
13.5 10.406
13.5 10.371
13.5 10.1
13.5 10.336
13.5 10.07
13.5 10.174
13.5 10.391
13.5 10.192
13.5 10.29
13.5 10.469
13.5 10.223
13.5 9.987
13.5 10.037
13.5 10.15
13.5 10.124
13.5 10.237
13.5 10.294
13.5 10.102
13.5 10.149
13.5 10.162
13.5 10.336
13.5 10.064
13.5 10.069
13.5 10.256
13.5 10.2
13.5 10.246
13.5 10.156
13.5 10.02
13.5 10.298
13.5 10.048
13.5 10.079
13.5 10.119
13.5 10.313
13.5 10.267
13.5 10.166
13.5 10.323
13.5 10.179
13.5 10.215
13.5 10.15
13.5 10.223
13.5 10.269
13.5 10.308
13.5 10.226
13.5 10.346
13.5 10.187
13.5 10.094
13.5 10.356
13.5 10.308
13.5 10.32
13.5 10.294
13.5 10.222
13.5 10.08
13.5 10.083
13.5 10.515
13.5 10.322
13.5 10.463
13.5 10.393
13.5 10.068
13.5 10.336
13.5 10.17
13.5 10.315
13.5 10.453
13.5 10.225
13.5 10.181
13.5 10.34
13.5 10.303
13.5 10.242
13.5 9.994
13.5 10.014
13.5 9.982
13.5 10.08
13.5 10.112
13.5 10.339
13.5 10.195
13.5 10.38
13.5 10.264
13.5 10.241
13.5 10.318
13.5 10.071
13.5 10.266
13.5 9.942
13.5 10.279
13.5 10.268
13.5 10.019
13.5 10.042
13.5 10.414
13.5 10.262
13.5 10.181
13.5 10.052
13.5 10.244
13.5 10.26
13.5 10.239
13.5 9.997
13.5 10.216
13.5 10.328
13.5 10.411
13.5 10.229
13.5 10.026
13.5 10.211
13.5 10.227
13.5 10.044
13.5 10.205
13.5 10.114
13.5 9.801
13.5 10.156
500
11.0 3.641
13.0 7.682
13.0 8.215
13.0 8.501
13.0 8.787
13.0 9.02
13.0 9.445
13.0 9.387
13.0 9.694
13.0 9.274
13.0 9.372
13.0 9.763
13.0 9.715
13.0 9.862
13.0 9.768
13.0 9.911
13.0 10.054
13.5 9.965
13.5 9.755
13.5 10.026
13.5 9.839
13.5 9.943
13.5 9.918
13.5 9.691
13.5 9.776
13.5 9.71
13.5 9.745
13.5 9.742
13.5 9.895
13.5 9.563
13.5 9.731
13.5 9.705
13.5 9.69
13.5 9.5
13.5 9.569
13.5 9.686
13.5 9.83
13.5 10.078
13.5 9.968
13.5 9.737
13.5 9.638
13.5 9.534
13.5 9.601
13.5 9.835
13.5 9.717
13.5 9.699
13.5 9.698
13.5 9.889
13.5 9.965
13.5 10.178
13.5 10.268
13.5 10.137
13.5 10.232
13.5 10.044
13.5 10.115
13.5 9.979
13.5 10.159
13.5 10.391
13.5 10.353
13.5 10.248
13.5 10.306
13.5 10.029
13.5 10.222
13.5 10.263
13.5 10.436
13.5 10.381
13.5 10.204
13.5 10.237
13.5 10.105
13.5 10.332
13.5 10.256
13.5 10.442
13.5 10.415
13.5 10.382
13.5 10.197
13.5 10.32
13.5 10.183
13.5 10.34
13.5 9.974
13.5 10.212
13.5 10.191
13.5 10.489
13.5 10.471
13.5 10.247
13.5 10.094
13.5 10.212
13.5 10.235
13.5 10.079
13.5 10.237
13.5 10.309
13.5 10.354
13.5 9.999
13.5 10.319
13.5 10.19
13.5 10.006
13.5 10.183
13.5 10.194
13.5 10.236
13.5 10.107
13.5 10.36
13.5 10.481
13.5 10.353
13.5 10.285
13.5 10.211
13.5 10.126
13.5 10.129
13.5 10.059
13.5 10.228
13.5 9.991
13.5 9.959
13.5 10.368
13.5 10.49
13.5 10.168
13.5 10.108
13.5 10.451
13.5 10.218
13.5 10.216
13.5 10.163
13.5 10.293
13.5 10.149
13.5 10.389
13.5 10.47
13.5 10.265
13.5 10.162
13.5 9.854
13.5 10.062
13.5 10.056
13.5 10.143
13.5 10.274
13.5 10.392
13.5 9.897
13.5 10.073
13.5 10.186
13.5 10.306
13.5 10.224
13.5 10.23
13.5 10.241
13.5 10.129
13.5 10.095
13.5 10.149
13.5 10.175
13.5 10.175
13.5 10.318
13.5 9.974
13.5 10.25
13.5 10.13
13.5 10.263
13.5 10.4
13.5 10.156
13.5 10.326
13.5 10.345
13.5 10.224
13.5 10.225
13.5 10.205
13.5 10.25
13.5 10.067
13.5 10.063
13.5 10.204
13.5 10.155
13.5 10.196
13.5 9.953
13.5 10.254
13.5 10.22
13.5 10.011
13.5 10.338
13.5 10.194
13.5 10.076
13.5 10.259
13.5 10.405
13.5 10.274
13.5 10.215
13.5 10.152
13.5 10.401
13.5 10.276
13.5 10.09
13.5 10.306
13.5 10.247
13.5 10.324
13.5 9.938
13.5 10.28
13.5 10.163
13.5 10.458
13.5 10.236
13.5 10.287
13.5 10.361
13.5 10.208
13.5 10.367
13.5 10.172
13.5 10.203
13.5 10.266
13.5 10.257
13.5 10.356
13.5 10.239
13.5 10.431
13.5 10.288
13.5 10.263
13.5 10.192
13.5 10.222
13.5 10.29
13.5 10.377
13.5 10.482
13.5 10.19
13.5 10.226
13.5 10.438
13.5 10.125
13.5 10.104
13.5 10.324
13.5 10.071
13.5 10.238
13.5 10.213
13.5 10.306
13.5 10.347
13.5 10.49
13.5 10.04
13.5 10.189
13.5 10.206
13.5 10.249
13.5 10.185
13.5 9.966
13.5 10.101
13.5 10.104
13.5 9.901
13.5 10.008
13.5 10.131
13.5 10.012
13.5 9.963
13.5 10.077
13.5 10.141
13.5 10.043
13.5 10.6
13.5 10.18
13.5 10.245
13.5 10.186
13.5 10.311
13.5 10.18
13.5 10.228
13.5 10.31
13.5 10.082
13.5 10.124
13.5 10.199
13.5 10.231
13.5 10.227
13.5 10.274
13.5 10.201
13.5 10.354
13.5 10.402
13.5 10.296
13.5 10.28
13.5 10.116
13.5 10.164
13.5 10.029
13.5 10.073
13.5 10.128
13.5 10.326
13.5 10.31
13.5 10.222
13.5 10.285
13.5 10.255
13.5 10.236
13.5 10.314
13.5 10.309
13.5 10.368
13.5 10.38
13.5 10.37
13.5 10.069
13.5 9.873
13.5 10.351
13.5 10.49
13.5 10.113
13.5 10.391
13.5 10.438
13.5 10.29
13.5 10.198
13.5 10.327
13.5 10.139
13.5 10.355
13.5 10.051
13.5 10.274
13.5 10.244
13.5 10.436
13.5 10.412
13.5 10.288
13.5 10.071
13.5 10.008
13.5 10.079
13.5 10.32
13.5 10.185
13.5 10.253
13.5 10.402
13.5 10.376
13.5 10.27
13.5 10.41
13.5 10.384
13.5 10.501
13.5 10.381
13.5 10.394
13.5 10.32
13.5 10.36
13.5 10.303
13.5 10.285
13.5 9.978
13.5 10.029
13.5 10.311
13.5 10.251
13.5 10.267
13.5 10.404
13.5 10.27
13.5 10.242
13.5 10.388
13.5 10.093
13.5 10.08
13.5 9.858
13.5 10.04
13.5 10.27
13.5 10.312
13.5 10.233
13.5 10.316
13.5 10.193
13.5 10.2
13.5 10.268
13.5 10.263
13.5 10.123
13.5 10.389
13.5 10.179
13.5 10.36
13.5 10.355
13.5 10.034
13.5 10.315
13.5 10.318
13.5 10.409
13.5 10.285
13.5 10.045
13.5 10.263
13.5 10.339
13.5 10.224
13.5 10.327
13.5 10.118
13.5 10.196
13.5 10.036
13.5 10.287
13.5 10.17
13.5 10.228
13.5 10.139
13.5 10.368
13.5 9.968
13.5 10.188
13.5 10.165
13.5 10.094
13.5 10.33
13.5 10.17
13.5 10.329
13.5 10.327
13.5 10.196
13.5 10.441
13.5 10.257
13.5 10.251
13.5 10.256
13.5 10.322
13.5 10.179
13.5 10.345
13.5 10.272
13.5 10.407
13.5 10.18
13.5 10.03
13.5 10.272
13.5 10.172
13.5 9.886
13.5 10.088
13.5 10.497
13.5 10.244
13.5 10.252
13.5 10.303
13.5 10.175
13.5 10.286
13.5 10.374
13.5 10.347
13.5 10.578
13.5 10.36
13.5 10.126
13.5 10.434
13.5 10.229
13.5 10.224
13.5 10.148
13.5 10.314
13.5 10.306
13.5 10.07
13.5 10.383
13.5 10.308
13.5 9.768
13.5 9.988
13.5 10.232
13.5 10.398
13.5 10.073
13.5 10.182
13.5 10.211
13.5 10.232
13.5 10.466
13.5 10.366
13.5 10.116
13.5 10.182
13.5 10.404
13.5 10.477
13.5 10.374
13.5 10.447
13.5 10.069
13.5 10.076
13.5 10.255
13.5 10.217
13.5 10.15
13.5 10.433
13.5 10.047
13.5 10.446
13.5 10.374
13.5 10.337
13.5 10.257
13.5 10.243
13.5 10.213
13.5 10.29
13.5 10.203
13.5 9.931
13.5 10.177
13.5 10.182
13.5 10.36
13.5 10.296
13.5 10.153
13.5 10.285
13.5 10.149
13.5 10.454
13.5 10.376
13.5 10.447
13.5 10.243
13.5 10.047
13.5 10.148
13.5 10.114
13.5 10.321
13.5 10.187
13.5 10.249
13.5 10.33
13.5 9.974
13.5 10.221
13.5 10.291
13.5 10.141
13.5 10.268
13.5 10.001
13.5 10.286
13.5 10.195
13.5 10.095
13.5 10.446
13.5 10.34
13.5 10.129
13.5 10.353
13.5 10.457
13.5 10.273
13.5 10.052
13.5 10.277
13.5 10.513
13.5 10.432
13.5 10.166
13.5 10.135
13.5 10.473
13.5 10.407
13.5 10.341
13.5 10.357
13.5 10.414
13.5 10.149
13.5 10.109
13.5 10.349
13.5 10.29
13.5 10.089
13.5 10.199
13.5 10.119
13.5 10.117
13.5 10.379
13.5 10.346
13.5 10.211
13.5 10.281
13.5 10.066
13.5 10.268
13.5 10.256
13.5 10.071
13.5 10.138
13.5 10.096
13.5 10.232
13.5 10.245
13.5 10.416
13.5 10.394
13.5 10.39
13.5 10.305
13.5 10.308
13.5 10.22
13.5 10.381
13.5 10.253
13.5 10.401
13.5 10.438
13.5 10.295
13.5 10.154
13.5 10.253
13.5 10.118
13.5 10.221
13.5 10.173

Individual: [1, 2, 6, 7, 9, 14, 15, 18, 20]
   Fitness: 13.5
     Total: 9
Violations: 0 0

Individual: [1, 2, 6, 7, 9, 14, 15, 18, 20]
   Fitness: 13.5
     Total: 9
Violations: 0 0

Individual: [1, 3, 6, 7, 12, 14, 15, 19, 20]
   Fitness: 13.5
     Total: 9
Violations: 0 0

Individual: [1, 2, 4, 7, 8, 11, 16, 17, 19, 20]
   Fitness: 13.0
     Total: 10
Violations: 2 2

Individual: [1, 2, 6, 7, 9, 14, 15, 18, 20]
   Fitness: 13.5
     Total: 9
Violations: 0 0

Individual: [1, 3, 6, 7, 12, 14, 15, 19, 20]
   Fitness: 13.5
     Total: 9
Violations: 0 0

Individual: [1, 3, 6, 7, 12, 14, 15, 19, 20]
   Fitness: 13.5
     Total: 9
Violations: 0 0

Individual: [1, 3, 6, 7, 12, 14, 15, 19, 20]
   Fitness: 13.5
     Total: 9
Violations: 0 0

Individual: [1, 2, 6, 7, 9, 14, 15, 18, 20]
   Fitness: 13.5
     Total: 9
Violations: 0 0

Individual: [1, 2, 6, 7, 9, 14, 15, 18, 20]
   Fitness: 13.5
     Total: 9
Violations: 0 0
