10
100
14.0 -40.0
14.0 -19.66
14.0 -19.905
14.0 -17.195
14.0 -17.245
14.0 -13.735
15.5 -13.545
15.5 -16.11
15.5 -18.285
15.5 -14.875
15.5 -14.655
15.5 -16.39
15.5 -12.81
15.5 -14.8
16.0 -13.785
16.0 -14.75
16.0 -15.805
16.0 -19.865
16.0 -17.77
16.0 -18.145
16.0 -17.69
16.0 -12.86
16.0 -14.34
16.0 -14.03
16.0 -19.465
16.0 -12.06
16.0 -13.51
16.0 -11.575
16.0 -14.96
16.0 -18.725
16.0 -21.25
16.0 -15.995
16.0 -12.965
16.0 -20.055
16.0 -14.5
16.0 -13.745
16.0 -16.085
16.5 -19.035
16.5 -15.05
16.5 -14.07
16.5 -14.385
16.5 -16.775
16.5 -14.45
16.5 -18.97
16.5 -18.525
16.5 -13.675
16.5 -16.655
16.5 -14.365
16.5 -12.22
16.5 -17.935
16.5 -17.25
16.5 -15.43
16.5 -20.675
16.5 -16.675
16.5 -17.07
16.5 -20.1
16.5 -21.55
16.5 -17.165
16.5 -14.225
16.5 -15.57
16.5 -12.68
16.5 -17.9
16.5 -18.515
16.5 -17.745
16.5 -17.365
16.5 -21.0
16.5 -18.885
16.5 -17.98
16.5 -14.31
16.5 -25.175
16.5 -17.38
16.5 -15.83
16.5 -14.82
16.5 -18.04
16.5 -20.715
16.5 -18.08
16.5 -18.415
16.5 -16.045
16.5 -14.88
16.5 -15.25
16.5 -15.695
16.5 -12.115
16.5 -15.715
16.5 -13.305
16.5 -15.23
16.5 -16.44
16.5 -14.305
16.5 -14.505
16.5 -18.535
16.5 -13.985
16.5 -19.045
16.5 -13.03
16.5 -15.43
16.5 -16.465
16.5 -18.405
16.5 -21.455
16.5 -17.335
16.5 -15.955
16.5 -14.405
16.5 -23.39
100
12.5 -38.07
12.5 -24.18
13.0 -22.97
13.0 -14.875
13.5 -14.4
13.5 -17.025
14.0 -13.665
15.0 -18.815
15.0 -16.865
15.0 -13.31
15.0 -22.38
15.5 -15.44
15.5 -19.165
15.5 -15.09
15.5 -15.625
15.5 -20.76
15.5 -15.255
15.5 -18.51
15.5 -22.26
15.5 -20.53
15.5 -17.32
15.5 -13.85
15.5 -15.82
15.5 -16.33
15.5 -14.19
15.5 -11.62
15.5 -10.22
15.5 -17.1
15.5 -20.87
16.5 -16.45
16.5 -17.06
16.5 -15.285
16.5 -15.665
16.5 -16.235
16.5 -16.345
16.5 -16.525
16.5 -16.16
16.5 -17.94
16.5 -19.725
16.5 -19.12
16.5 -17.925
16.5 -13.14
16.5 -17.235
16.5 -19.31
16.5 -15.8
16.5 -19.56
16.5 -13.305
16.5 -12.93
16.5 -17.805
16.5 -14.745
16.5 -18.57
16.5 -19.04
16.5 -16.055
16.5 -14.78
16.5 -14.33
16.5 -13.37
16.5 -16.365
16.5 -20.045
16.5 -15.74
16.5 -19.035
16.5 -14.38
16.5 -16.215
16.5 -18.01
16.5 -17.7
16.5 -12.585
16.5 -15.23
16.5 -13.9
16.5 -14.595
16.5 -17.75
16.5 -13.565
16.5 -21.58
16.5 -16.77
16.5 -16.775
16.5 -17.37
17.5 -11.745
17.5 -14.79
17.5 -12.76
17.5 -18.005
17.5 -15.57
17.5 -14.77
17.5 -19.3
17.5 -19.52
17.5 -15.93
17.5 -20.145
17.5 -14.655
17.5 -17.02
17.5 -17.73
17.5 -14.005
17.5 -15.22
17.5 -19.825
17.5 -19.38
17.5 -17.14
17.5 -16.675
17.5 -14.15
17.5 -17.35
17.5 -17.49
17.5 -16.77
17.5 -17.685
17.5 -15.06
17.5 -16.545
100
6.5 -43.88
8.5 -22.06
14.5 -22.78
14.5 -22.385
14.5 -14.055
15.5 -15.645
15.5 -16.12
15.5 -15.225
15.5 -18.695
15.5 -16.3
15.5 -16.395
15.5 -15.6
15.5 -16.365
16.5 -12.71
16.5 -14.175
16.5 -13.545
16.5 -18.0
16.5 -16.19
16.5 -15.96
16.5 -15.29
16.5 -12.78
16.5 -18.865
16.5 -13.785
16.5 -17.34
16.5 -12.76
16.5 -20.25
16.5 -16.485
16.5 -13.565
16.5 -16.79
16.5 -14.62
16.5 -17.085
16.5 -13.85
16.5 -14.93
16.5 -14.06
16.5 -21.005
16.5 -12.295
16.5 -12.24
16.5 -19.5
16.5 -14.765
16.5 -20.81
16.5 -13.18
16.5 -19.185
16.5 -11.53
16.5 -14.94
16.5 -15.49
16.5 -14.565
16.5 -13.255
16.5 -13.12
16.5 -16.815
16.5 -15.435
16.5 -15.325
16.5 -22.33
16.5 -24.125
16.5 -18.57
16.5 -11.075
16.5 -15.915
16.5 -20.9
16.5 -14.61
16.5 -17.175
16.5 -19.795
16.5 -18.95
16.5 -15.295
16.5 -19.16
16.5 -13.305
16.5 -16.765
16.5 -17.26
16.5 -14.66
16.5 -25.425
16.5 -21.605
16.5 -14.28
16.5 -19.74
16.5 -18.22
17.0 -17.18
17.0 -12.855
17.0 -18.75
17.0 -12.005
17.0 -18.085
17.0 -20.12
17.0 -13.085
17.0 -17.365
17.0 -13.44
17.0 -14.55
17.0 -15.545
17.0 -18.32
17.0 -20.82
17.0 -13.345
17.0 -11.18
17.0 -10.965
17.0 -18.68
17.0 -18.39
17.0 -19.425
17.0 -17.06
17.0 -19.74
17.0 -25.565
17.0 -13.88
17.0 -16.09
17.0 -16.28
17.0 -14.805
17.0 -19.515
17.0 -20.43
100
8.0 -39.755
15.5 -20.305
15.5 -21.735
15.5 -19.57
15.5 -18.705
15.5 -16.93
15.5 -18.535
15.5 -17.675
15.5 -15.095
15.5 -14.625
15.5 -21.21
15.5 -16.24
15.5 -19.665
15.5 -18.11
15.5 -18.02
15.5 -13.24
15.5 -17.335
15.5 -17.15
15.5 -14.295
16.0 -15.035
16.0 -16.745
16.0 -13.945
16.0 -15.645
16.0 -13.585
16.0 -17.625
16.0 -23.43
16.0 -13.9
16.0 -15.43
17.0 -14.645
17.0 -16.64
17.0 -18.94
17.0 -17.505
17.0 -15.36
17.0 -13.145
17.0 -13.55
17.0 -21.46
17.0 -19.4
17.0 -17.88
17.0 -20.285
17.0 -13.67
17.0 -14.46
17.0 -14.815
17.0 -14.165
17.0 -18.035
17.0 -22.66
17.0 -18.365
17.0 -19.195
17.0 -14.5
17.0 -10.75
17.0 -17.625
17.0 -15.255
17.0 -13.915
17.0 -18.45
17.0 -20.28
17.0 -14.685
17.0 -18.08
17.0 -15.22
17.0 -18.655
17.0 -15.085
17.0 -13.82
17.0 -18.195
17.0 -18.1
17.0 -18.495
17.0 -18.93
17.0 -21.85
17.0 -14.305
17.0 -15.76
17.0 -16.285
17.0 -14.435
17.0 -16.075
17.0 -17.515
17.0 -16.555
17.0 -13.185
17.0 -13.515
17.0 -14.41
17.0 -17.88
17.0 -20.495
17.0 -17.07
17.0 -14.755
17.0 -17.83
17.0 -19.905
17.0 -17.89
17.0 -18.585
17.0 -14.41
17.0 -16.645
17.0 -15.395
17.0 -12.56
17.0 -12.57
17.0 -15.225
17.0 -18.745
17.0 -18.345
17.0 -13.835
17.0 -21.28
17.0 -18.725
17.0 -14.29
17.0 -14.33
17.0 -14.85
17.0 -15.6
17.0 -19.785
17.0 -12.8
100
8.0 -36.505
12.0 -21.675
12.0 -12.975
12.0 -23.075
12.0 -20.85
12.5 -12.845
12.5 -17.755
12.5 -21.41
14.0 -16.13
14.0 -18.665
14.0 -17.72
14.0 -18.445
14.0 -15.805
14.0 -16.545
14.0 -14.815
14.0 -17.23
14.0 -20.855
14.0 -14.945
14.0 -18.13
14.0 -15.175
14.0 -20.795
14.0 -17.605
14.0 -15.92
14.0 -16.725
15.0 -18.31
15.0 -13.005
15.0 -16.615
15.0 -12.395
15.0 -17.415
16.0 -21.74
16.0 -17.925
16.0 -17.125
16.0 -16.635
16.0 -19.44
16.0 -21.61
16.0 -20.56
16.5 -21.19
16.5 -16.565
16.5 -14.365
16.5 -14.215
16.5 -16.92
16.5 -17.28
16.5 -17.565
16.5 -15.46
16.5 -17.295
16.5 -20.36
16.5 -11.55
16.5 -16.95
16.5 -13.84
16.5 -15.65
16.5 -17.93
16.5 -22.27
16.5 -19.555
16.5 -18.855
16.5 -18.95
16.5 -19.06
16.5 -14.53
16.5 -17.995
16.5 -15.01
16.5 -15.225
16.5 -11.865
16.5 -18.96
16.5 -18.155
16.5 -15.23
16.5 -15.71
16.5 -13.825
16.5 -14.29
16.5 -16.93
16.5 -16.105
16.5 -13.6
16.5 -19.845
16.5 -15.915
16.5 -17.815
16.5 -19.485
16.5 -11.64
16.5 -14.34
16.5 -14.58
16.5 -16.97
16.5 -16.955
16.5 -19.21
16.5 -15.375
16.5 -14.28
16.5 -16.19
16.5 -12.31
16.5 -14.84
16.5 -17.26
16.5 -18.185
16.5 -16.29
16.5 -10.745
16.5 -13.04
16.5 -15.865
16.5 -12.92
16.5 -13.69
16.5 -16.59
16.5 -15.82
16.5 -17.2
16.5 -18.305
16.5 -20.8
16.5 -15.39
16.5 -14.57
100
12.0 -35.775
12.0 -20.52
12.0 -19.56
12.0 -17.695
12.0 -20.235
13.5 -17.9
13.5 -18.55
13.5 -18.55
13.5 -20.265
14.5 -21.535
15.0 -13.58
15.0 -19.235
15.0 -15.1
15.0 -19.45
15.0 -17.02
15.0 -22.865
15.0 -13.59
15.0 -13.755
15.0 -10.395
15.0 -13.67
15.0 -18.445
15.0 -16.485
15.0 -17.33
15.0 -12.205
15.0 -14.265
15.0 -16.025
15.0 -25.925
15.0 -20.415
15.0 -14.68
15.0 -15.91
15.0 -18.365
15.0 -19.015
15.0 -14.735
15.0 -15.87
15.0 -18.62
15.0 -13.85
15.0 -16.01
15.5 -18.235
15.5 -16.745
15.5 -17.845
15.5 -17.09
15.5 -17.61
15.5 -20.78
15.5 -15.995
15.5 -20.68
15.5 -14.765
15.5 -19.98
15.5 -11.82
16.5 -15.89
16.5 -17.8
16.5 -14.65
16.5 -20.31
16.5 -12.86
16.5 -14.32
16.5 -17.305
16.5 -16.02
16.5 -16.835
16.5 -12.515
16.5 -10.455
16.5 -18.145
16.5 -18.47
16.5 -22.89
16.5 -19.77
16.5 -20.11
16.5 -21.45
16.5 -18.205
16.5 -15.16
16.5 -16.66
16.5 -17.37
16.5 -15.405
16.5 -12.74
16.5 -15.33
16.5 -15.815
16.5 -19.21
16.5 -18.55
16.5 -18.015
16.5 -13.895
16.5 -20.75
16.5 -19.465
16.5 -17.3
16.5 -15.395
16.5 -15.41
16.5 -19.74
16.5 -16.4
16.5 -15.905
16.5 -12.06
16.5 -16.015
16.5 -14.21
16.5 -19.015
16.5 -15.63
16.5 -16.68
16.5 -18.07
16.5 -17.885
16.5 -17.99
16.5 -13.2
16.5 -14.605
16.5 -17.27
16.5 -16.86
16.5 -14.985
16.5 -18.4
100
9.5 -41.145
10.5 -29.32
12.0 -17.325
12.0 -20.485
12.0 -22.315
12.0 -16.215
12.0 -13.64
13.0 -16.17
13.0 -17.835
14.0 -17.235
14.0 -12.015
14.0 -17.985
14.0 -23.01
14.0 -20.65
14.0 -22.155
14.0 -17.985
14.0 -19.325
14.0 -22.675
14.0 -18.42
14.0 -11.905
15.0 -18.91
15.0 -17.14
15.0 -20.51
15.0 -19.415
15.0 -15.01
15.0 -19.015
15.0 -16.85
15.0 -11.92
15.0 -12.01
15.0 -14.35
15.0 -15.465
15.0 -19.705
15.0 -14.615
15.0 -18.28
15.0 -15.5
15.0 -20.64
15.0 -13.275
15.0 -12.79
15.0 -13.985
15.0 -17.075
15.0 -19.145
15.0 -22.27
15.0 -16.935
15.0 -15.46
15.0 -15.245
16.0 -19.8
16.0 -18.455
16.0 -18.09
16.0 -11.95
16.0 -14.93
16.0 -19.005
16.0 -19.935
16.0 -18.5
16.5 -14.115
16.5 -14.945
16.5 -17.97
16.5 -14.68
16.5 -14.89
16.5 -16.35
16.5 -14.835
16.5 -21.81
16.5 -18.575
16.5 -17.47
16.5 -21.565
16.5 -19.77
16.5 -19.125
16.5 -19.25
16.5 -20.165
16.5 -16.635
16.5 -14.675
16.5 -23.585
16.5 -21.75
16.5 -15.85
16.5 -14.76
16.5 -12.515
16.5 -14.69
16.5 -14.595
16.5 -13.83
16.5 -17.54
16.5 -20.13
16.5 -19.97
16.5 -17.85
16.5 -17.79
16.5 -19.8
16.5 -15.515
17.0 -19.505
17.0 -12.065
17.0 -16.84
17.0 -14.76
17.0 -14.0
17.0 -17.215
17.0 -18.23
17.0 -21.47
17.0 -14.075
17.0 -17.35
17.0 -17.53
17.0 -15.825
17.0 -26.015
17.0 -12.28
17.0 -18.24
100
12.5 -37.035
12.5 -21.755
12.5 -23.74
14.0 -14.635
14.0 -17.26
14.0 -21.125
14.0 -17.345
14.0 -16.135
14.0 -18.005
14.0 -20.445
14.0 -14.905
14.0 -16.255
14.0 -15.755
14.0 -17.72
14.0 -16.48
14.0 -21.03
14.0 -22.805
14.0 -15.685
14.0 -14.47
14.0 -18.25
14.0 -15.24
15.0 -11.365
15.0 -14.335
15.0 -16.15
15.0 -16.955
15.0 -16.875
15.0 -16.225
16.5 -15.515
16.5 -13.855
16.5 -19.375
16.5 -22.205
16.5 -22.995
16.5 -24.66
16.5 -22.125
16.5 -18.475
16.5 -14.58
16.5 -17.49
16.5 -18.775
16.5 -12.53
16.5 -15.87
16.5 -18.155
16.5 -18.32
16.5 -18.565
16.5 -12.625
16.5 -21.38
16.5 -16.165
16.5 -17.205
16.5 -12.46
16.5 -9.585
16.5 -13.935
16.5 -20.545
16.5 -16.15
16.5 -17.325
16.5 -15.74
17.5 -13.855
17.5 -15.725
17.5 -21.17
17.5 -19.585
17.5 -17.09
17.5 -19.95
17.5 -17.57
17.5 -14.685
17.5 -11.77
17.5 -16.56
17.5 -11.935
17.5 -11.605
17.5 -13.085
17.5 -18.39
17.5 -15.555
17.5 -22.535
17.5 -16.14
17.5 -14.19
17.5 -15.75
18.5 -13.28
18.5 -18.955
18.5 -16.665
18.5 -14.585
18.5 -15.3
18.5 -12.76
18.5 -11.005
18.5 -20.67
18.5 -15.115
18.5 -16.315
18.5 -16.805
18.5 -19.705
18.5 -11.515
18.5 -17.51
18.5 -19.405
18.5 -13.285
18.5 -17.45
18.5 -15.585
18.5 -16.145
18.5 -17.655
18.5 -13.75
18.5 -23.785
18.5 -13.82
18.5 -15.215
18.5 -17.69
18.5 -18.745
18.5 -21.315
100
8.0 -37.445
8.0 -17.915
8.5 -22.245
12.5 -20.07
12.5 -20.2
12.5 -21.5
12.5 -15.315
16.5 -17.84
16.5 -17.285
16.5 -16.66
16.5 -20.995
16.5 -15.935
16.5 -15.165
16.5 -13.985
16.5 -17.28
16.5 -19.885
16.5 -19.545
16.5 -18.45
16.5 -21.03
16.5 -26.375
16.5 -11.92
16.5 -16.525
16.5 -18.005
16.5 -23.49
16.5 -19.085
16.5 -17.945
16.5 -21.7
16.5 -16.845
16.5 -15.66
16.5 -21.125
16.5 -25.065
16.5 -18.265
16.5 -14.68
16.5 -12.885
16.5 -18.365
16.5 -21.885
16.5 -20.965
16.5 -13.535
16.5 -14.895
16.5 -20.05
16.5 -15.47
16.5 -13.47
16.5 -12.91
16.5 -13.05
16.5 -12.805
16.5 -13.315
16.5 -20.14
16.5 -18.31
16.5 -16.68
16.5 -19.13
16.5 -15.79
16.5 -17.73
16.5 -18.185
16.5 -18.495
16.5 -20.225
16.5 -21.525
16.5 -19.75
16.5 -13.23
16.5 -17.375
16.5 -16.65
16.5 -18.8
16.5 -13.095
16.5 -19.955
16.5 -15.635
16.5 -14.93
16.5 -15.83
16.5 -19.84
16.5 -18.79
16.5 -16.78
16.5 -18.775
16.5 -17.575
16.5 -14.33
16.5 -20.165
16.5 -20.74
16.5 -18.42
16.5 -17.705
16.5 -11.125
16.5 -25.925
16.5 -18.44
16.5 -23.415
17.0 -16.75
17.0 -17.915
17.0 -19.73
17.0 -18.135
17.0 -19.745
17.0 -14.445
17.0 -15.78
17.0 -15.485
17.0 -17.565
17.0 -13.37
17.0 -19.38
17.0 -18.87
18.0 -12.62
18.0 -17.205
18.0 -18.885
18.0 -22.74
18.0 -17.505
18.0 -17.315
18.0 -14.485
18.0 -20.45
100
10.0 -33.89
10.0 -26.71
14.5 -18.905
14.5 -18.61
14.5 -15.175
16.0 -22.91
16.0 -17.035
16.0 -14.935
16.0 -18.86
16.0 -14.455
16.0 -12.675
16.0 -13.43
16.0 -15.525
16.0 -14.6
16.0 -18.04
16.0 -12.37
16.0 -15.69
16.0 -15.6
16.0 -18.9
16.0 -18.45
16.0 -18.25
16.0 -17.08
16.0 -18.94
16.0 -17.655
16.0 -16.46
16.0 -18.92
16.0 -12.0
16.0 -14.495
16.0 -16.68
16.0 -12.37
16.0 -18.655
16.0 -18.875
16.0 -16.39
16.0 -11.415
16.0 -23.225
16.0 -16.97
16.0 -22.05
16.0 -19.75
16.0 -18.7
17.0 -17.18
17.0 -19.39
17.0 -18.555
17.0 -20.695
17.0 -20.78
17.0 -15.605
17.0 -18.73
17.0 -17.41
17.0 -13.44
17.0 -22.12
17.0 -18.49
17.0 -18.09
17.0 -19.475
17.0 -15.83
17.0 -16.22
17.0 -20.8
17.0 -16.985
17.0 -16.895
17.0 -12.81
17.0 -15.645
17.0 -16.175
17.0 -15.24
17.0 -23.195
17.0 -19.335
17.0 -13.27
17.0 -16.125
17.0 -17.165
17.0 -13.425
17.0 -13.955
17.0 -15.04
17.0 -18.195
17.0 -19.18
17.0 -18.82
17.0 -14.91
17.0 -18.21
17.0 -11.7
17.0 -12.79
17.0 -15.45
17.0 -19.72
17.0 -16.275
17.0 -16.005
17.0 -18.43
17.0 -17.61
17.0 -20.19
17.0 -17.38
17.0 -15.55
17.0 -21.44
17.0 -20.85
17.0 -20.59
17.0 -19.36
17.0 -16.07
17.0 -17.335
17.0 -13.73
17.0 -14.89
17.0 -17.76
17.0 -21.415
17.0 -17.08
17.0 -14.845
17.0 -15.95
17.0 -15.115
17.0 -23.25

Individual: [3, 5, 9, 11, 12, 14, 15, 20, 21, 33, 41, 42, 43, 47, 50]
   Fitness: 16.5
     Total: 15
Violations: 6 5

Individual: [3, 5, 6, 8, 19, 20, 22, 27, 30, 31, 36, 44, 46, 47, 50]
   Fitness: 17.5
     Total: 15
Violations: 5 5

Individual: [1, 5, 10, 11, 13, 26, 27, 29, 33, 37, 39, 43, 46, 50]
   Fitness: 17.0
     Total: 14
Violations: 4 3

Individual: [3, 4, 5, 9, 11, 12, 14, 20, 21, 40, 42, 43, 45, 49]
   Fitness: 17.0
     Total: 14
Violations: 4 3

Individual: [7, 13, 15, 16, 20, 22, 23, 26, 35, 40, 42, 43, 48]
   Fitness: 16.5
     Total: 13
Violations: 3 3

Individual: [1, 3, 4, 10, 12, 14, 30, 35, 36, 39, 40, 41, 49]
   Fitness: 16.5
     Total: 13
Violations: 3 3

Individual: [2, 3, 8, 9, 12, 18, 19, 28, 35, 38, 41, 45, 46, 50]
   Fitness: 17.0
     Total: 14
Violations: 4 4

Individual: [1, 2, 3, 6, 13, 14, 15, 16, 35, 36, 38, 42, 44, 45, 47, 48, 50]
   Fitness: 18.5
     Total: 17
Violations: 7 7

Individual: [1, 2, 5, 6, 7, 14, 15, 16, 22, 32, 34, 35, 36, 40, 43, 44, 47, 49]
   Fitness: 18.0
     Total: 18
Violations: 9 9

Individual: [1, 4, 5, 6, 10, 12, 21, 24, 32, 33, 37, 45, 48, 49]
   Fitness: 17.0
     Total: 14
Violations: 4 3
