10
100
12.0 -36.28
13.0 -16.99
14.0 -6.45
16.0 2.17
18.0 7.675
18.0 9.835
18.5 10.935
18.5 10.68
18.5 11.51
19.0 12.305
19.0 11.675
19.0 12.035
19.0 12.5
20.0 11.02
20.0 10.935
20.5 12.6
20.5 13.19
21.5 13.53
21.5 13.48
21.5 14.265
21.5 11.945
21.5 11.605
21.5 12.41
21.5 12.49
21.5 13.795
21.5 13.0
21.5 13.17
21.5 12.12
21.5 12.715
21.5 13.895
21.5 15.25
21.5 13.175
21.5 13.81
21.5 13.975
22.0 13.44
22.0 13.645
22.0 13.755
22.0 13.47
22.0 14.935
22.0 13.975
22.0 13.09
22.0 12.305
22.0 11.57
22.0 12.615
22.0 13.965
22.0 13.805
22.0 14.235
22.0 13.74
22.0 13.54
22.5 12.895
22.5 13.2
22.5 13.435
22.5 13.535
22.5 13.665
22.5 14.105
22.5 14.08
22.5 13.595
22.5 14.55
22.5 14.565
22.5 13.07
22.5 14.035
22.5 14.565
22.5 12.855
22.5 15.195
22.5 14.51
22.5 14.82
23.5 14.84
23.5 12.655
23.5 12.37
23.5 13.935
23.5 13.845
23.5 12.44
24.0 12.07
24.0 13.46
24.0 14.015
24.0 13.56
24.0 13.825
24.0 13.195
24.0 14.85
24.0 14.37
24.0 14.11
24.0 14.3
24.0 14.195
24.0 14.785
24.0 15.05
24.0 15.055
24.0 14.49
24.0 15.605
24.0 15.835
24.0 15.375
24.0 15.94
24.0 16.86
24.0 15.83
24.0 14.73
24.0 15.265
24.0 14.935
24.0 15.54
24.0 14.13
24.0 14.57
24.0 14.25
100
9.5 -43.05
11.0 -16.965
12.5 -5.195
13.5 2.81
14.5 6.43
15.5 8.325
17.5 10.005
18.0 9.73
18.0 10.765
18.0 11.045
18.5 11.97
18.5 12.455
19.5 12.705
20.0 13.5
20.0 12.295
20.0 11.47
20.0 12.31
20.0 12.55
20.0 13.285
20.0 12.545
20.0 13.18
20.0 13.605
20.0 12.625
20.0 12.74
20.0 11.185
20.0 12.655
20.0 11.63
20.5 12.465
20.5 11.905
21.0 12.52
21.0 12.685
22.5 12.925
22.5 13.525
22.5 13.195
22.5 11.865
22.5 13.295
22.5 13.82
22.5 12.975
22.5 14.125
22.5 13.905
22.5 13.19
22.5 13.305
22.5 13.82
23.0 13.76
23.0 14.26
23.0 12.965
23.0 13.865
23.0 13.0
23.0 13.4
23.0 14.395
23.0 13.97
23.0 13.6
23.0 14.15
23.0 14.47
23.0 13.94
23.0 14.45
23.0 15.15
23.0 13.86
23.0 14.16
23.0 13.99
23.0 15.085
23.0 15.855
23.0 13.77
23.0 14.265
23.0 13.245
23.0 13.72
23.0 12.965
23.0 14.045
23.0 14.01
23.0 13.82
23.0 12.405
23.0 11.79
23.0 13.17
23.0 14.445
23.0 14.33
23.0 14.345
23.0 13.88
23.0 14.39
23.0 13.91
23.0 13.48
23.0 13.14
23.0 14.415
23.0 14.49
23.0 14.84
23.0 14.74
23.0 14.995
23.0 13.545
23.0 13.69
23.0 13.225
23.0 13.895
23.0 14.91
23.0 14.325
23.0 15.12
23.0 14.58
23.0 13.86
23.0 14.4
23.0 15.25
23.0 15.28
23.0 14.485
23.0 14.61
100
11.5 -37.235
14.0 -13.52
16.0 -0.72
17.0 5.295
19.5 9.13
19.5 10.93
19.5 11.705
19.5 12.155
19.5 12.95
19.5 12.29
20.5 13.115
20.5 13.205
21.0 13.19
21.0 12.35
22.0 12.805
22.0 12.265
22.0 13.4
22.0 12.975
22.0 12.915
22.0 12.165
22.0 11.875
22.0 12.795
22.0 13.205
22.0 12.145
22.5 13.7
22.5 13.2
22.5 11.39
22.5 12.5
22.5 13.135
22.5 13.075
23.0 13.265
23.0 14.015
23.0 13.175
23.0 12.735
23.0 13.2
23.5 14.515
23.5 14.905
23.5 14.15
23.5 14.395
23.5 15.6
23.5 14.545
24.0 15.035
24.0 15.215
24.0 14.03
24.0 14.725
24.0 14.85
24.0 15.635
24.0 13.235
24.0 13.815
24.0 13.01
24.0 11.945
24.0 13.035
24.0 12.665
24.0 13.865
24.0 13.665
24.0 12.89
24.0 13.7
24.0 14.35
24.0 14.9
24.0 14.375
24.0 15.165
24.5 14.365
24.5 14.85
24.5 15.31
24.5 14.06
24.5 15.25
24.5 14.105
24.5 15.37
24.5 15.68
24.5 14.575
24.5 14.13
24.5 14.715
24.5 14.61
24.5 13.65
24.5 15.43
24.5 14.95
24.5 13.895
24.5 14.34
24.5 14.535
24.5 14.77
24.5 14.64
24.5 15.06
24.5 15.1
24.5 15.285
24.5 13.93
24.5 14.68
24.5 14.6
24.5 16.44
24.5 15.4
24.5 15.74
24.5 15.31
24.5 15.255
24.5 14.775
24.5 15.93
24.5 15.025
24.5 14.44
24.5 14.39
24.5 14.005
24.5 14.45
24.5 15.025
100
5.5 -32.98
12.0 -13.18
12.0 -5.2
13.0 1.2
13.0 2.97
15.5 5.32
15.5 8.32
16.5 9.195
16.5 9.885
16.5 10.615
16.5 11.39
19.0 9.97
19.0 10.39
19.0 10.425
19.0 11.005
19.5 12.155
19.5 10.84
19.5 11.545
19.5 11.825
19.5 10.83
19.5 12.025
19.5 11.56
20.0 12.94
20.0 12.92
20.0 13.525
20.0 13.315
20.0 12.155
20.0 12.29
20.5 11.78
20.5 13.23
21.0 11.91
21.0 13.03
21.0 12.78
21.0 12.755
21.0 13.29
21.0 13.8
21.0 12.73
21.0 12.315
21.0 13.35
22.0 13.43
22.0 12.38
22.0 13.25
22.0 13.275
22.0 12.55
22.0 12.14
22.0 11.7
22.0 12.115
22.0 13.24
22.0 13.675
22.0 13.25
22.0 12.435
22.0 13.21
22.0 11.725
22.0 12.89
22.0 13.145
22.0 11.58
22.5 13.835
22.5 13.91
22.5 14.38
22.5 12.805
22.5 12.65
22.5 13.595
22.5 13.32
22.5 11.49
23.0 12.055
23.0 13.25
23.0 14.1
23.0 13.805
23.0 13.27
23.0 12.16
23.0 13.005
23.0 13.515
23.0 13.49
23.0 14.375
23.0 13.35
23.0 13.235
23.0 13.015
23.0 12.575
23.0 12.905
23.0 14.78
23.0 14.01
23.0 13.165
23.0 13.76
23.0 12.895
23.0 12.71
23.0 12.5
23.0 14.47
23.0 14.855
23.0 14.965
23.0 14.46
23.0 12.72
23.0 13.04
23.0 12.34
23.0 12.9
23.0 12.33
23.0 14.13
23.0 14.475
23.0 15.18
23.0 14.635
23.0 14.68
100
10.0 -37.485
11.0 -15.16
14.5 -3.27
14.5 3.065
15.5 5.905
17.0 7.575
17.0 8.32
17.0 10.52
17.0 10.365
18.5 11.145
18.5 11.8
20.5 11.58
20.5 11.915
20.5 12.33
20.5 13.025
20.5 13.105
20.5 13.215
20.5 13.8
20.5 13.52
20.5 14.01
22.0 14.56
22.0 14.62
22.0 14.225
22.0 14.225
22.0 13.965
22.0 13.725
22.0 14.135
22.0 14.6
22.0 14.965
22.0 14.02
22.0 14.96
22.0 14.325
22.0 14.31
22.0 14.605
22.0 14.63
22.0 14.775
22.0 14.78
22.0 14.145
22.0 14.675
22.0 13.205
22.0 13.955
22.0 13.66
22.0 14.95
22.5 14.825
22.5 16.07
22.5 14.565
22.5 13.02
22.5 13.39
22.5 13.87
22.5 14.185
22.5 14.27
23.0 14.47
23.0 13.69
23.0 14.375
23.0 15.255
23.5 14.05
23.5 15.8
23.5 14.7
23.5 15.68
23.5 15.31
23.5 14.08
23.5 14.25
23.5 13.225
23.5 14.505
23.5 13.585
23.5 14.66
24.0 14.62
24.0 13.785
24.0 13.455
24.0 13.685
24.0 13.385
24.0 12.815
24.0 12.62
24.0 14.025
24.0 14.82
24.0 14.98
24.0 14.53
24.0 14.43
24.0 15.25
24.0 14.665
24.0 14.575
24.0 12.635
24.0 13.545
24.0 13.03
24.0 13.55
24.0 14.005
24.0 12.995
24.0 13.665
24.0 12.77
24.0 13.05
24.0 14.0
24.0 14.32
24.0 14.47
24.0 14.015
24.0 14.93
24.0 15.19
24.0 15.345
24.0 14.73
24.0 13.065
24.0 14.635
100
3.0 -36.94
7.5 -15.375
10.5 -5.355
14.0 -1.205
17.0 3.925
17.0 6.895
17.0 8.385
17.0 10.04
17.5 11.545
17.5 9.98
18.0 10.975
18.0 11.285
19.0 11.61
19.0 11.26
19.0 11.505
19.0 11.595
20.0 12.09
20.0 11.9
20.0 12.465
20.0 12.145
20.0 13.005
20.0 13.39
20.0 12.405
21.5 13.36
21.5 14.47
21.5 14.39
21.5 14.055
21.5 12.56
21.5 14.22
21.5 13.79
21.5 15.2
21.5 13.54
21.5 15.19
22.0 15.105
22.0 14.8
22.5 13.96
22.5 14.16
22.5 14.15
22.5 13.76
23.5 14.14
23.5 13.46
23.5 12.505
23.5 13.73
23.5 13.245
23.5 13.475
23.5 14.685
23.5 13.495
23.5 12.705
23.5 14.7
23.5 14.66
23.5 13.5
23.5 13.185
23.5 14.05
24.0 13.055
24.0 14.905
24.0 14.555
24.0 14.95
24.0 14.425
24.0 14.625
24.0 12.555
24.0 14.595
24.0 13.09
24.0 13.47
24.0 13.245
24.0 13.17
24.0 13.46
24.0 11.485
24.0 13.695
24.0 14.365
24.0 14.89
24.0 14.26
24.0 13.72
24.0 14.375
24.0 14.365
24.0 15.135
24.0 14.34
24.0 15.44
24.0 14.355
24.0 13.375
24.0 13.19
24.5 13.065
24.5 13.19
24.5 14.865
24.5 13.8
24.5 13.185
24.5 14.105
24.5 14.905
24.5 14.755
24.5 14.945
24.5 14.955
24.5 13.865
24.5 12.45
24.5 13.04
24.5 12.36
24.5 12.8
24.5 13.54
24.5 14.195
24.5 12.755
24.5 13.51
24.5 13.655
100
4.5 -38.84
8.5 -16.43
11.0 -5.46
12.5 -0.135
16.5 3.87
17.0 7.02
18.0 9.315
18.0 10.035
18.0 9.825
18.0 10.855
18.0 11.725
18.0 11.205
18.5 11.79
18.5 11.91
18.5 9.0
18.5 11.235
18.5 12.56
18.5 13.07
18.5 11.63
19.5 12.465
19.5 12.015
19.5 10.27
19.5 11.42
19.5 12.55
19.5 13.05
19.5 13.2
19.5 13.26
20.0 12.99
20.0 12.89
20.0 13.81
20.0 13.72
20.5 13.105
20.5 13.865
20.5 12.7
20.5 12.525
20.5 13.855
21.0 13.45
21.0 11.41
21.0 13.585
21.0 11.985
21.0 14.215
21.0 14.145
21.0 13.875
22.0 13.925
22.0 13.685
22.0 14.29
22.0 13.635
22.0 13.305
22.5 13.81
22.5 14.335
22.5 13.205
22.5 13.075
22.5 12.415
22.5 12.265
22.5 12.675
22.5 14.15
22.5 13.73
22.5 14.425
22.5 13.74
22.5 13.855
22.5 12.34
22.5 13.245
22.5 14.79
22.5 13.78
22.5 14.125
22.5 13.41
22.5 14.1
22.5 13.07
22.5 14.075
22.5 12.3
22.5 13.64
22.5 14.82
22.5 15.735
22.5 15.065
22.5 13.95
22.5 14.05
22.5 13.675
22.5 14.3
22.5 14.465
22.5 14.89
22.5 14.365
22.5 14.915
22.5 15.065
22.5 14.705
22.5 14.17
22.5 12.925
22.5 13.385
22.5 13.25
22.5 14.325
22.5 13.76
22.5 14.3
22.5 13.485
22.5 13.845
22.5 13.945
22.5 13.03
22.5 13.115
22.5 13.22
22.5 13.06
22.5 13.075
22.5 12.94
100
8.0 -37.585
13.0 -16.0
13.0 -6.07
13.0 3.37
15.5 6.915
17.0 8.47
17.0 9.075
17.0 10.38
17.0 10.695
17.0 10.135
17.5 11.395
17.5 9.895
17.5 10.515
18.5 10.83
18.5 10.675
19.0 11.05
19.0 11.48
19.0 11.81
19.0 10.935
19.5 12.05
20.0 12.06
20.0 10.295
20.0 12.18
20.0 11.93
20.0 12.75
20.0 12.06
20.0 13.025
20.0 12.785
20.0 12.195
20.0 12.165
20.0 12.15
20.0 12.415
20.5 12.71
20.5 12.325
20.5 11.515
20.5 12.385
21.5 12.175
21.5 12.05
21.5 11.62
21.5 11.43
21.5 13.71
21.5 12.84
21.5 12.93
21.5 12.69
21.5 12.19
21.5 12.54
21.5 11.67
21.5 12.29
21.5 11.345
21.5 12.63
21.5 13.265
21.5 11.44
21.5 12.455
21.5 13.645
21.5 14.025
21.5 13.455
21.5 12.925
22.5 13.24
22.5 12.83
22.5 12.79
22.5 13.255
22.5 14.355
22.5 11.715
22.5 13.135
22.5 12.725
22.5 13.55
22.5 14.09
22.5 13.455
22.5 13.35
22.5 13.175
22.5 13.345
22.5 13.455
22.5 14.1
22.5 13.145
22.5 14.075
22.5 13.73
22.5 12.935
22.5 12.35
22.5 12.75
22.5 14.54
23.0 14.145
23.0 15.235
23.0 14.42
23.0 13.545
23.0 13.545
23.0 13.53
23.0 14.185
23.0 14.295
23.0 12.985
23.0 14.98
23.0 14.59
23.0 15.065
23.0 14.26
23.0 13.535
23.0 12.92
23.0 12.3
23.0 13.785
23.0 14.06
23.0 13.735
23.0 11.87
100
12.0 -36.085
13.5 -12.97
13.5 -3.34
14.5 3.28
15.5 7.98
16.5 9.26
18.5 10.2
18.5 10.08
18.5 9.375
19.0 10.995
19.0 10.865
21.5 12.135
22.0 12.515
22.0 10.905
22.0 9.945
22.0 11.87
22.0 12.46
22.0 13.77
22.0 13.53
22.0 11.765
22.0 13.385
22.0 13.26
22.0 14.345
22.0 12.625
22.0 11.275
22.0 13.235
22.0 13.945
22.0 12.455
22.0 11.63
22.0 12.795
22.0 12.38
22.0 14.21
22.0 13.975
22.0 13.39
22.0 13.805
22.0 13.7
22.0 12.81
22.0 12.6
22.0 12.735
22.0 13.565
22.0 12.44
22.0 13.18
22.0 14.26
22.0 14.17
22.5 12.7
22.5 11.72
22.5 12.615
22.5 12.775
22.5 11.99
22.5 13.61
22.5 12.22
22.5 12.52
22.5 12.98
22.5 12.57
22.5 12.58
22.5 12.24
22.5 12.645
22.5 13.85
22.5 11.59
22.5 12.94
22.5 13.74
22.5 14.055
22.5 14.51
22.5 13.73
22.5 13.855
22.5 13.755
22.5 11.94
22.5 12.89
22.5 12.355
22.5 11.04
22.5 12.345
22.5 12.065
22.5 11.925
22.5 10.32
22.5 10.91
22.5 11.065
22.5 11.59
22.5 11.135
22.5 11.905
22.5 12.99
22.5 12.275
22.5 12.945
22.5 12.65
22.5 13.17
22.5 13.27
22.5 13.815
22.5 13.225
22.5 12.25
22.5 12.49
22.5 12.545
22.5 12.67
22.5 11.615
22.5 11.625
22.5 12.95
22.5 12.395
22.5 9.13
22.5 11.955
22.5 13.185
22.5 13.355
22.5 12.28
100
-3.5 -39.08
7.0 -19.735
10.0 -10.595
11.0 -4.095
18.0 0.515
18.0 2.19
18.0 5.59
18.0 8.625
18.0 10.17
18.5 10.52
18.5 10.145
18.5 10.63
19.5 10.65
19.5 11.5
19.5 11.91
19.5 12.105
19.5 11.725
19.5 11.35
19.5 11.415
20.0 11.29
20.0 12.17
20.0 12.675
20.0 11.425
20.0 11.495
20.0 11.435
20.0 12.05
20.0 11.335
20.0 11.2
20.0 11.55
20.0 11.91
20.0 12.37
20.0 12.865
20.5 12.695
20.5 12.915
20.5 12.79
20.5 12.69
20.5 12.785
20.5 12.535
20.5 13.335
21.0 13.42
21.0 14.215
21.0 13.58
21.0 12.94
21.5 13.52
21.5 12.68
21.5 12.185
21.5 13.15
21.5 11.565
21.5 13.215
21.5 12.94
21.5 13.115
21.5 11.89
21.5 13.4
21.5 13.485
21.5 14.29
21.5 14.225
21.5 12.995
21.5 12.325
21.5 12.16
21.5 13.61
22.5 12.16
22.5 13.04
22.5 12.645
22.5 13.045
22.5 12.115
22.5 11.805
22.5 12.895
22.5 13.25
22.5 14.12
22.5 13.86
22.5 14.085
22.5 13.75
22.5 13.605
22.5 12.58
22.5 13.365
22.5 15.055
22.5 12.19
24.0 13.305
24.0 13.39
24.0 13.415
24.0 13.44
24.0 14.365
24.0 13.58
24.0 13.415
24.0 14.155
24.0 13.325
24.0 13.295
24.0 14.97
24.0 14.065
24.0 13.39
24.0 14.54
24.0 14.135
24.0 13.515
24.0 14.805
24.0 14.205
24.0 14.575
24.0 15.16
24.0 16.14
24.0 15.835
24.0 16.18

Individual: [3, 4, 6, 7, 14, 15, 17, 18, 34, 35, 37, 38, 44, 46, 47, 49]
   Fitness: 24.0
     Total: 16
Violations: 0 0

Individual: [1, 2, 4, 5, 10, 13, 14, 28, 30, 33, 34, 37, 44, 45, 48, 49]
   Fitness: 23.0
     Total: 16
Violations: 1 1

Individual: [1, 2, 4, 5, 10, 11, 13, 14, 33, 34, 36, 37, 44, 45, 48, 49, 50]
   Fitness: 24.5
     Total: 17
Violations: 1 1

Individual: [1, 2, 5, 6, 13, 15, 16, 18, 22, 36, 37, 39, 40, 45, 47, 48]
   Fitness: 23.0
     Total: 16
Violations: 1 1

Individual: [1, 2, 4, 5, 10, 11, 13, 14, 33, 38, 39, 41, 42, 47, 48, 50]
   Fitness: 24.0
     Total: 16
Violations: 0 0

Individual: [2, 3, 5, 6, 12, 13, 15, 16, 32, 34, 35, 37, 38, 43, 45, 46, 50]
   Fitness: 24.5
     Total: 17
Violations: 1 1

Individual: [3, 4, 7, 13, 15, 16, 20, 21, 34, 40, 41, 43, 44, 49, 50]
   Fitness: 22.5
     Total: 15
Violations: 0 0

Individual: [2, 3, 5, 9, 11, 12, 14, 24, 28, 33, 35, 40, 41, 43, 48, 50]
   Fitness: 23.0
     Total: 16
Violations: 1 1

Individual: [2, 3, 5, 6, 11, 12, 24, 27, 32, 34, 35, 38, 39, 45, 47, 48, 50]
   Fitness: 22.5
     Total: 17
Violations: 3 3

Individual: [2, 4, 5, 7, 11, 13, 14, 16, 34, 35, 38, 40, 43, 44, 47, 49]
   Fitness: 24.0
     Total: 16
Violations: 0 0
