10
100
11.0 -38.355
11.0 -19.38
13.5 -9.88
16.0 -4.46
16.0 0.69
16.0 -3.22
16.0 0.92
16.0 2.505
16.0 2.985
16.0 3.425
16.5 4.03
17.0 4.94
18.5 4.955
18.5 2.75
18.5 6.93
18.5 6.76
18.5 5.535
18.5 4.54
19.5 6.335
19.5 6.645
19.5 7.23
19.5 6.86
19.5 6.77
19.5 6.61
19.5 7.435
19.5 6.045
19.5 5.23
19.5 4.325
19.5 5.255
19.5 6.87
19.5 4.415
19.5 5.395
19.5 5.16
19.5 5.175
19.5 5.475
19.5 6.175
19.5 5.74
19.5 6.785
19.5 6.19
19.5 3.645
19.5 6.31
19.5 7.76
19.5 5.875
19.5 7.235
19.5 6.465
19.5 5.57
19.5 5.345
19.5 5.845
19.5 7.52
19.5 5.72
19.5 4.51
21.0 5.645
21.0 4.375
21.0 6.835
21.0 3.865
21.0 4.405
21.0 4.78
21.0 6.8
21.0 7.265
21.0 6.765
21.0 5.39
21.0 7.835
21.0 6.71
21.0 5.45
21.0 4.845
21.0 4.865
21.0 3.13
21.0 4.86
21.0 7.12
21.0 5.93
21.0 5.94
21.0 5.92
21.0 6.615
21.0 6.8
21.0 4.09
21.0 4.045
21.0 6.07
21.0 4.875
21.0 4.05
21.0 4.335
21.0 6.8
21.0 6.84
21.0 5.145
21.0 4.065
21.0 4.86
21.0 5.54
21.0 3.995
21.0 3.035
21.0 5.195
21.0 6.7
21.0 6.725
21.0 4.77
21.0 4.85
21.0 4.475
21.0 5.215
21.0 4.725
21.0 4.495
21.0 4.535
21.0 3.725
21.0 6.26
100
5.0 -35.44
12.5 -15.5
13.5 -7.26
14.5 -1.895
14.5 -0.265
18.0 1.235
18.0 2.06
19.0 4.82
19.0 3.94
19.0 2.815
19.0 5.01
19.0 6.145
19.0 7.08
19.0 6.65
19.0 5.42
19.0 7.485
19.0 5.16
19.0 6.84
19.0 7.375
19.0 6.505
19.0 7.78
19.0 5.69
19.0 7.02
19.0 6.56
19.5 6.175
19.5 6.875
19.5 5.89
19.5 8.085
19.5 7.12
19.5 5.68
19.5 5.85
20.0 7.115
20.0 6.625
20.0 5.92
20.0 6.395
20.0 5.73
20.0 5.74
20.0 5.85
20.0 4.31
20.0 4.065
20.0 3.22
20.0 3.87
20.0 1.945
20.0 3.86
20.0 3.11
20.0 4.81
20.0 4.44
20.0 2.96
20.0 6.81
20.0 6.895
20.0 5.365
20.0 5.855
20.0 5.64
20.0 5.44
20.0 1.315
20.0 4.47
20.0 2.65
20.0 3.905
20.0 4.995
20.0 4.24
20.0 4.785
20.0 4.58
20.0 3.54
20.0 2.4
20.0 3.745
20.0 4.835
20.0 2.51
20.0 1.86
20.0 1.045
20.0 0.66
20.0 4.905
20.0 5.74
20.0 2.94
20.0 7.91
20.5 7.19
20.5 7.155
20.5 5.405
20.5 6.29
20.5 5.03
20.5 5.8
20.5 4.185
20.5 6.86
20.5 4.265
20.5 6.08
20.5 7.735
20.5 6.985
20.5 4.855
20.5 2.32
20.5 5.47
20.5 6.435
20.5 4.765
20.5 -0.51
20.5 -1.48
20.5 -2.93
20.5 3.645
20.5 5.615
20.5 3.905
20.5 4.2
20.5 5.06
20.5 4.42
100
7.0 -36.07
12.0 -18.185
16.5 -9.56
16.5 -0.94
16.5 3.0
16.5 3.555
16.5 1.625
16.5 4.63
17.0 3.59
17.0 6.845
19.5 6.7
19.5 5.535
19.5 5.15
19.5 4.26
19.5 2.93
19.5 5.215
19.5 5.865
19.5 5.5
19.5 5.47
19.5 5.21
19.5 4.78
19.5 -0.54
19.5 -1.08
19.5 3.665
19.5 6.295
19.5 6.06
19.5 7.13
19.5 5.44
19.5 4.39
20.5 3.315
20.5 8.0
20.5 7.72
20.5 7.39
20.5 5.725
20.5 4.02
20.5 4.88
20.5 6.335
20.5 7.33
20.5 5.295
20.5 5.29
20.5 3.86
20.5 3.61
20.5 4.665
20.5 6.09
20.5 5.315
20.5 6.05
20.5 6.53
20.5 5.48
20.5 4.56
20.5 1.295
20.5 5.285
20.5 6.805
20.5 7.07
20.5 6.28
20.5 3.515
20.5 6.18
20.5 7.525
20.5 6.405
20.5 6.21
20.5 3.88
20.5 6.25
20.5 6.39
20.5 5.825
20.5 5.285
20.5 3.91
20.5 4.715
20.5 5.805
20.5 4.895
20.5 5.715
20.5 5.95
20.5 5.86
20.5 7.845
20.5 7.24
21.0 5.975
21.0 4.465
21.0 6.29
21.0 5.175
21.0 2.88
21.0 2.765
21.0 2.93
21.0 4.725
21.0 2.895
21.0 1.565
21.0 5.245
21.0 5.935
21.0 6.93
21.0 4.645
21.0 3.965
21.0 6.405
21.0 6.54
21.0 6.57
21.0 6.0
21.0 6.645
21.0 7.21
21.0 6.915
21.0 5.815
21.0 7.61
21.0 5.315
21.0 6.81
21.0 6.595
100
8.5 -34.195
10.0 -18.83
13.0 -9.605
14.0 -3.57
15.5 -0.225
16.5 2.42
16.5 1.29
16.5 1.985
18.5 4.7
18.5 4.405
18.5 4.82
18.5 4.995
18.5 5.0
18.5 4.93
18.5 5.665
18.5 5.835
18.5 7.095
18.5 7.815
18.5 7.305
18.5 8.4
18.5 7.58
18.5 7.08
18.5 6.68
18.5 5.565
18.5 5.765
19.0 7.19
19.0 8.04
19.0 8.2
19.0 7.235
19.0 5.095
19.0 5.27
19.0 5.125
19.0 2.145
19.0 3.565
19.0 7.745
19.0 8.96
19.0 5.19
19.0 6.485
20.0 6.98
20.0 7.45
20.0 6.425
20.0 7.335
20.0 8.12
20.0 7.65
20.0 7.03
20.0 6.91
20.0 6.045
20.0 7.07
20.0 5.33
20.0 4.26
20.0 7.905
20.0 2.33
20.0 7.02
20.5 8.42
20.5 6.655
20.5 6.615
20.5 4.615
20.5 4.565
20.5 5.435
20.5 6.84
20.5 8.385
20.5 8.91
20.5 4.95
20.5 6.16
20.5 7.18
20.5 6.675
20.5 4.98
20.5 4.865
20.5 6.035
20.5 6.435
20.5 6.48
20.5 7.06
20.5 6.11
20.5 5.53
20.5 4.755
20.5 3.385
20.5 4.485
20.5 6.615
20.5 6.45
20.5 5.815
20.5 6.6
20.5 6.77
20.5 6.625
20.5 6.075
20.5 6.635
20.5 6.795
20.5 5.3
20.5 5.91
20.5 6.57
20.5 4.025
20.5 4.095
20.5 3.45
20.5 5.775
20.5 4.12
20.5 4.83
20.5 4.96
20.5 5.805
20.5 5.385
20.5 5.62
20.5 5.72
100
9.0 -39.245
14.0 -16.955
14.0 -10.34
14.0 -2.535
14.0 0.985
16.0 0.005
16.0 0.57
16.0 1.93
16.0 2.155
16.0 2.4
16.0 5.245
16.0 4.7
16.0 5.82
16.5 5.66
16.5 4.745
16.5 6.61
16.5 6.61
16.5 4.76
18.5 5.84
18.5 5.31
18.5 5.2
18.5 6.315
18.5 4.245
18.5 3.04
18.5 3.99
18.5 4.205
18.5 5.995
18.5 5.49
18.5 5.29
18.5 6.395
18.5 5.605
18.5 6.54
18.5 8.055
18.5 5.665
18.5 3.78
18.5 4.9
18.5 7.245
18.5 6.25
18.5 5.18
18.5 5.575
18.5 5.855
18.5 6.74
18.5 6.83
18.5 4.605
18.5 3.795
18.5 3.155
18.5 2.51
18.5 5.275
18.5 4.09
18.5 7.68
18.5 6.515
18.5 6.045
18.5 6.115
18.5 4.87
18.5 4.895
18.5 5.31
18.5 5.69
18.5 7.945
18.5 5.605
18.5 5.53
19.0 4.525
19.0 5.965
19.0 5.13
19.0 6.215
19.0 5.455
19.0 6.365
19.0 3.605
19.0 5.685
19.0 6.4
19.0 6.085
19.0 3.02
19.0 4.42
19.0 3.49
19.5 6.96
19.5 2.84
19.5 3.64
19.5 4.5
19.5 2.155
19.5 5.67
19.5 5.985
19.5 4.085
19.5 7.87
19.5 7.605
19.5 7.26
19.5 7.685
19.5 5.73
19.5 3.135
19.5 3.61
19.5 4.965
19.5 4.885
19.5 5.615
19.5 6.95
19.5 5.855
19.5 6.71
19.5 6.39
19.5 6.135
19.5 4.425
20.5 6.845
20.5 5.15
20.5 4.515
100
6.5 -32.52
7.5 -14.84
12.0 -6.315
13.5 0.785
15.0 1.7
15.0 3.475
18.5 2.58
18.5 4.37
18.5 1.78
18.5 5.015
18.5 4.87
18.5 4.55
18.5 4.32
18.5 4.745
18.5 6.41
18.5 5.1
18.5 4.31
18.5 5.12
18.5 3.695
18.5 5.465
18.5 4.805
18.5 1.1
18.5 7.845
18.5 5.195
18.5 5.07
18.5 4.28
18.5 6.315
18.5 6.715
18.5 5.605
18.5 5.71
18.5 5.035
18.5 6.295
18.5 6.175
18.5 7.735
18.5 7.255
18.5 7.44
18.5 6.74
18.5 6.915
18.5 3.435
19.0 3.53
19.0 3.775
19.0 6.67
19.0 6.76
19.0 5.205
19.0 6.215
19.0 4.615
19.0 5.52
19.0 5.94
19.0 6.885
19.0 7.71
19.5 7.53
19.5 6.685
21.0 7.57
21.0 6.94
21.0 5.64
21.0 6.27
21.0 4.595
21.0 4.95
21.0 5.4
21.0 8.435
21.0 6.565
21.0 7.31
21.0 6.2
23.5 7.08
23.5 7.25
23.5 6.495
23.5 7.345
23.5 6.07
23.5 5.195
23.5 6.705
23.5 8.27
23.5 8.06
23.5 8.065
23.5 7.17
23.5 6.83
23.5 5.555
23.5 4.25
23.5 5.44
23.5 7.64
23.5 7.1
23.5 5.915
23.5 6.725
23.5 5.58
23.5 3.535
23.5 5.93
23.5 6.545
23.5 7.385
23.5 5.16
23.5 7.435
23.5 7.225
23.5 6.54
23.5 7.275
23.5 6.555
23.5 5.94
23.5 6.385
23.5 7.44
23.5 7.105
23.5 6.665
23.5 4.27
23.5 5.655
100
2.5 -40.535
9.5 -17.75
14.0 -9.585
14.0 -6.37
14.0 -2.065
14.0 -1.475
14.0 -2.32
18.0 0.66
18.0 0.97
18.0 5.02
18.0 6.195
18.0 5.265
18.0 4.2
18.0 7.34
18.0 7.01
18.0 5.985
18.0 6.84
18.0 7.925
18.0 6.98
18.0 7.405
18.0 5.795
18.5 4.6
18.5 4.02
18.5 4.445
18.5 5.08
18.5 4.71
18.5 4.805
18.5 6.255
18.5 4.75
18.5 4.88
18.5 5.175
18.5 5.27
18.5 6.735
18.5 6.59
18.5 6.625
18.5 5.06
20.0 6.49
20.0 6.52
20.0 7.32
20.0 5.43
20.0 6.515
20.0 5.92
20.0 5.025
20.0 5.7
20.0 6.375
20.0 6.3
20.0 3.68
20.0 6.445
20.0 7.125
20.0 6.905
20.0 5.325
20.0 6.585
20.0 5.325
20.0 4.96
20.0 4.21
20.0 6.1
20.0 7.005
20.0 5.845
20.0 5.865
20.0 3.81
20.0 5.27
20.0 5.97
20.0 4.51
20.0 5.565
20.5 3.925
20.5 5.385
20.5 5.68
20.5 6.495
20.5 4.38
20.5 7.45
20.5 4.785
20.5 4.815
20.5 4.06
20.5 4.415
20.5 5.625
20.5 6.33
20.5 5.455
20.5 5.135
20.5 4.81
20.5 4.645
20.5 3.995
20.5 5.22
20.5 2.385
20.5 7.115
20.5 4.725
20.5 5.345
20.5 3.745
20.5 4.765
20.5 4.915
20.5 8.755
20.5 6.71
20.5 6.79
20.5 3.67
20.5 4.395
20.5 4.42
21.0 6.105
21.0 5.795
21.0 6.5
21.0 5.22
21.0 4.08
100
10.5 -36.665
10.5 -21.605
12.0 -11.105
17.5 -2.41
17.5 0.065
17.5 1.575
17.5 2.765
17.5 5.13
17.5 6.0
17.5 4.265
17.5 4.53
17.5 5.185
17.5 4.15
17.5 6.79
17.5 6.405
17.5 4.4
17.5 7.395
19.5 4.365
19.5 5.74
19.5 3.99
19.5 3.65
19.5 4.175
19.5 4.035
19.5 2.715
19.5 3.73
19.5 2.65
19.5 4.67
19.5 6.325
19.5 2.89
19.5 6.76
20.0 7.385
20.0 5.615
20.0 6.215
20.0 4.82
20.0 6.27
20.0 7.005
20.0 7.86
20.0 6.9
20.0 6.23
20.0 8.2
20.0 6.74
20.0 3.76
20.0 3.395
20.0 5.285
20.0 6.725
20.0 5.61
20.0 4.905
20.0 4.735
20.0 7.075
20.0 6.565
20.0 6.655
20.0 7.795
20.0 7.27
20.0 6.56
20.0 5.265
20.0 7.14
20.0 5.725
20.0 4.92
20.0 5.655
20.0 2.16
20.0 5.055
20.0 3.01
20.0 3.595
20.0 4.89
20.0 4.835
20.0 5.005
20.0 4.77
20.0 4.95
22.0 5.52
22.0 5.1
22.0 4.95
22.0 3.825
22.0 4.265
22.0 4.485
22.0 4.81
22.0 2.055
22.0 4.53
22.0 6.26
22.0 6.075
22.0 3.97
22.0 5.12
22.0 5.57
22.0 3.94
22.0 5.795
22.0 3.12
22.0 5.175
22.0 5.775
22.0 5.86
23.0 6.02
23.0 5.8
23.0 5.12
23.0 4.115
23.0 5.29
23.0 3.925
23.0 5.285
23.0 4.915
23.0 4.68
23.0 3.15
23.0 4.745
23.0 3.345
100
6.5 -34.7
6.5 -16.635
8.0 -9.015
9.5 -6.365
12.5 -2.955
15.5 -1.065
15.5 3.045
17.0 3.355
17.0 5.06
17.0 4.91
17.0 4.615
17.0 4.245
17.5 6.055
17.5 6.465
18.5 5.66
18.5 4.78
20.0 5.885
20.0 5.735
20.0 4.405
20.0 6.255
20.0 4.545
20.0 5.7
20.0 6.03
20.0 6.68
20.0 4.77
20.0 4.755
20.0 4.465
20.0 3.995
20.5 5.275
20.5 6.085
20.5 6.92
20.5 5.955
20.5 6.585
20.5 5.46
20.5 6.03
20.5 7.715
20.5 8.05
20.5 6.015
20.5 4.19
20.5 6.07
20.5 5.495
20.5 4.565
20.5 4.615
20.5 6.055
20.5 5.06
20.5 4.88
20.5 5.175
20.5 4.985
20.5 6.335
20.5 6.515
20.5 6.72
20.5 5.93
20.5 7.01
20.5 6.445
20.5 3.48
20.5 5.28
20.5 5.455
20.5 4.095
20.5 5.53
21.0 6.75
21.0 6.555
21.0 6.385
21.0 6.11
21.0 3.745
21.0 6.47
21.0 5.785
21.0 5.695
21.0 4.355
21.0 3.88
21.0 4.765
21.0 5.835
21.0 5.935
21.0 6.37
21.0 6.03
21.0 5.83
21.0 5.78
21.0 4.5
21.0 6.885
21.0 4.645
21.5 5.47
21.5 6.825
21.5 4.0
21.5 5.125
21.5 4.73
21.5 5.94
21.5 5.925
21.5 5.49
21.5 6.58
21.5 6.245
21.5 5.89
21.5 3.955
21.5 4.955
21.5 4.58
21.5 6.56
21.5 5.145
21.5 6.105
21.5 6.47
21.5 4.885
21.5 7.245
21.5 7.885
100
6.5 -33.08
11.5 -17.175
12.0 -9.295
15.5 -4.355
15.5 -3.365
18.0 -0.36
18.0 -0.11
18.0 -0.48
18.0 0.48
18.0 1.655
18.0 1.685
18.0 2.075
18.0 5.38
18.0 3.835
18.0 4.445
18.0 5.445
18.0 5.345
18.0 5.99
18.0 5.27
18.0 5.23
18.0 4.835
18.0 4.18
18.0 5.49
18.0 5.165
18.0 5.475
18.0 4.295
18.0 4.78
18.0 4.9
18.0 3.57
18.0 4.26
18.0 6.075
18.0 4.35
18.0 5.85
18.5 5.34
18.5 3.335
18.5 5.915
18.5 3.61
18.5 3.61
18.5 4.175
18.5 4.515
18.5 6.695
18.5 3.34
18.5 6.755
18.5 4.83
18.5 5.735
18.5 5.515
18.5 6.89
18.5 5.23
19.5 5.495
19.5 6.77
19.5 5.84
19.5 5.14
19.5 5.965
19.5 8.28
19.5 4.2
19.5 4.77
19.5 4.38
19.5 3.415
19.5 2.23
19.5 3.865
19.5 5.75
19.5 5.31
19.5 2.22
19.5 5.87
19.5 6.76
19.5 5.1
19.5 4.22
19.5 4.375
19.5 5.66
19.5 6.555
19.5 6.08
19.5 4.175
19.5 3.34
19.5 2.77
19.5 2.595
19.5 5.23
19.5 5.735
19.5 8.26
19.5 5.575
19.5 5.885
19.5 6.365
19.5 6.785
19.5 7.04
19.5 4.73
19.5 5.02
19.5 5.655
19.5 3.955
19.5 4.56
19.5 6.485
19.5 5.47
19.5 5.83
19.5 5.62
19.5 4.03
19.5 5.08
19.5 5.66
19.5 3.6
20.5 3.08
20.5 4.505
20.5 5.33
20.5 4.75

Individual: [1, 2, 6, 7, 14, 16, 17, 19, 20, 29, 36, 37, 40, 47, 49, 50]
   Fitness: 21.0
     Total: 16
Violations: 3 2

Individual: [2, 4, 5, 7, 13, 15, 17, 18, 36, 37, 40, 41, 42, 46, 47, 49, 50]
   Fitness: 20.5
     Total: 17
Violations: 5 4

Individual: [1, 2, 3, 6, 7, 8, 15, 17, 18, 20, 36, 37, 40, 41, 44, 46, 49, 50]
   Fitness: 21.0
     Total: 18
Violations: 6 6

Individual: [1, 5, 6, 8, 13, 14, 17, 24, 32, 37, 39, 43, 45, 46, 48]
   Fitness: 20.5
     Total: 15
Violations: 2 2

Individual: [1, 4, 6, 9, 10, 13, 15, 31, 33, 35, 36, 38, 45, 46, 48, 49, 50]
   Fitness: 20.5
     Total: 17
Violations: 5 5

Individual: [1, 2, 4, 5, 12, 13, 15, 16, 32, 34, 35, 37, 38, 46, 47, 49, 50]
   Fitness: 23.5
     Total: 17
Violations: 2 2

Individual: [2, 3, 4, 7, 8, 15, 17, 29, 33, 35, 38, 42, 44, 45, 47, 48]
   Fitness: 21.0
     Total: 16
Violations: 3 3

Individual: [4, 5, 7, 8, 14, 15, 17, 18, 35, 36, 37, 40, 46, 47, 49, 50]
   Fitness: 23.0
     Total: 16
Violations: 1 1

Individual: [1, 2, 4, 9, 10, 12, 13, 15, 31, 32, 35, 39, 41, 42, 44, 48, 50]
   Fitness: 21.5
     Total: 17
Violations: 4 4

Individual: [4, 5, 7, 8, 14, 15, 17, 33, 34, 35, 38, 45, 46, 47, 50]
   Fitness: 20.5
     Total: 15
Violations: 2 2
