10
50
9.5 -35.925
10.0 -5.93
14.5 3.96
16.0 9.64
17.5 12.01
17.5 13.6
18.0 14.815
18.5 16.34
18.5 16.72
19.5 17.12
19.5 17.32
19.5 16.815
20.0 17.87
20.0 17.98
20.5 18.65
20.5 18.845
20.5 19.3
21.0 19.345
21.0 19.505
21.0 19.25
21.5 20.085
21.5 20.08
21.5 20.28
21.5 19.805
21.5 20.435
22.0 20.21
22.0 20.395
22.0 20.255
22.0 20.245
22.5 21.035
22.5 19.885
22.5 21.055
22.5 21.0
22.5 21.665
22.5 21.4
22.5 20.805
22.5 21.305
22.5 20.925
22.5 21.35
22.5 20.17
22.5 21.515
22.5 21.5
22.5 21.275
22.5 21.74
22.5 21.405
22.5 21.38
22.5 21.57
22.5 21.205
22.5 21.665
22.5 21.395
50
5.5 -39.125
12.0 -7.76
16.5 2.78
17.0 8.365
17.0 10.995
17.5 13.82
17.5 14.44
18.5 16.14
18.5 16.76
19.0 17.105
19.5 17.13
20.5 17.39
21.0 18.515
21.0 18.865
21.0 19.885
21.0 19.275
22.0 19.63
22.0 19.88
22.0 20.495
22.0 19.925
22.0 19.38
22.0 19.405
22.0 20.565
22.0 21.32
22.0 21.345
22.0 21.06
22.0 20.845
22.0 20.895
22.0 21.03
22.0 20.855
22.0 21.255
22.0 21.225
22.0 20.55
22.0 21.225
22.0 20.845
22.0 21.03
22.0 21.175
22.0 21.335
22.0 21.165
22.0 21.2
22.0 20.89
22.0 20.715
22.0 20.725
22.0 20.91
22.0 21.255
22.0 21.235
22.0 21.235
22.0 21.055
22.0 20.53
22.0 21.145
50
6.5 -40.95
13.5 -10.98
15.5 2.47
17.5 10.255
18.0 13.51
19.0 15.05
20.0 16.685
20.0 17.375
21.0 18.275
21.0 18.575
21.0 19.245
21.5 19.57
22.5 20.06
22.5 20.12
23.0 20.165
23.5 20.585
23.5 21.39
23.5 21.925
23.5 21.685
24.0 21.905
24.0 22.34
24.0 21.125
24.0 22.5
24.0 22.305
24.0 21.745
24.0 22.725
24.0 23.045
24.0 23.24
24.0 22.78
24.0 22.915
24.0 23.08
24.0 22.85
24.0 22.525
24.0 23.16
24.0 23.09
24.0 23.365
24.0 23.19
24.0 23.065
24.0 22.52
24.0 22.585
24.0 23.3
24.0 23.015
24.0 22.405
24.0 22.7
24.0 22.92
24.0 23.03
24.0 22.975
24.0 22.775
24.0 23.08
24.0 23.195
50
13.5 -33.245
13.5 -5.27
15.0 6.555
16.5 10.645
18.5 12.61
19.0 14.23
19.0 15.49
20.0 16.87
21.5 18.035
21.5 18.29
21.5 19.355
23.0 19.675
23.0 20.435
23.0 20.18
23.0 20.03
23.0 21.19
23.0 21.475
23.0 21.025
23.0 21.235
23.0 21.285
23.0 20.87
23.0 21.275
23.0 21.74
23.0 21.425
23.0 21.295
23.0 21.915
23.0 21.415
23.0 21.82
23.0 20.795
23.0 21.71
23.0 21.72
23.0 21.665
23.0 21.195
23.0 21.63
23.0 21.16
23.0 20.985
23.0 21.27
23.0 21.82
23.0 21.595
23.0 21.6
23.0 21.32
23.0 21.555
23.0 21.475
23.0 21.01
23.0 21.955
23.0 21.565
23.0 21.775
23.0 21.57
23.0 20.99
23.0 21.685
50
9.5 -30.21
13.0 -3.645
16.0 5.115
16.0 10.1
16.0 12.42
17.0 13.66
18.5 14.31
19.0 15.44
19.0 16.6
19.0 17.25
19.5 18.175
19.5 18.185
19.5 18.14
19.5 18.23
19.5 18.76
19.5 18.765
19.5 18.685
20.0 18.655
20.0 18.83
20.0 18.895
20.5 19.095
20.5 19.215
20.5 19.36
21.5 19.255
21.5 19.65
21.5 19.79
22.0 20.275
22.0 20.055
22.5 21.08
22.5 21.03
22.5 20.69
23.0 21.55
23.0 21.78
23.0 21.35
23.0 21.535
23.0 21.59
23.0 21.57
23.0 21.535
23.0 22.11
23.0 22.04
23.0 22.32
23.0 21.82
23.0 21.59
23.0 22.085
23.0 21.905
23.0 22.135
23.0 22.115
23.0 22.015
23.0 21.785
23.0 22.31
50
7.5 -34.27
9.0 -6.02
11.5 3.23
13.5 7.585
15.5 9.52
15.5 11.41
18.5 13.34
18.5 13.925
19.0 15.39
19.5 16.045
20.0 17.45
20.5 18.165
21.0 17.415
21.0 19.8
21.5 20.055
21.5 19.915
21.5 20.355
22.5 20.495
22.5 20.59
23.0 20.65
23.0 21.125
23.0 21.575
23.0 21.99
23.0 21.92
23.0 21.83
23.0 22.1
23.0 22.34
23.0 21.835
23.0 22.08
23.0 21.825
23.0 21.705
23.0 22.085
23.0 21.765
23.0 21.895
23.0 22.295
23.0 21.755
23.0 22.19
23.0 22.25
23.0 22.11
23.0 22.235
23.0 21.845
23.0 21.925
23.0 22.085
23.0 22.215
23.0 21.97
23.0 22.135
23.0 22.075
23.0 21.94
23.0 22.115
23.0 22.08
50
8.0 -38.59
12.0 -8.065
15.0 5.46
17.0 9.985
18.0 12.605
19.5 14.965
19.5 16.36
20.0 17.43
20.0 18.015
20.5 19.105
20.5 18.535
21.0 19.0
21.0 19.34
21.0 19.69
21.0 20.02
21.0 20.035
21.0 20.28
21.0 19.785
21.0 19.83
21.0 19.965
21.0 19.855
21.0 20.145
21.0 20.155
21.0 19.74
21.0 20.215
21.0 20.0
21.0 19.88
21.0 20.015
21.0 19.685
21.0 20.035
21.0 20.53
21.0 20.14
21.0 19.89
21.0 20.24
21.0 19.97
21.0 19.975
21.0 19.84
21.0 20.065
21.0 20.24
21.0 20.13
21.0 20.19
21.0 19.745
21.0 20.225
21.0 20.23
21.0 20.01
21.0 19.78
21.0 19.735
21.0 19.885
21.0 20.405
21.0 19.655
50
4.0 -33.95
5.0 -10.78
10.5 -2.25
16.0 4.66
17.0 8.805
17.5 12.3
18.5 14.545
20.5 16.415
20.5 16.73
20.5 17.835
21.5 18.145
22.0 19.28
22.5 19.74
22.5 20.175
22.5 20.55
23.0 20.24
23.0 21.16
23.0 21.485
23.0 21.4
23.0 21.78
23.0 21.665
23.0 22.095
23.0 21.605
23.0 21.905
23.0 22.075
23.0 22.075
23.0 22.04
23.0 22.185
23.0 21.84
23.0 22.185
23.0 21.91
23.0 21.775
23.0 22.09
23.0 21.92
23.0 22.095
23.0 21.925
23.0 21.52
23.0 21.91
23.0 22.18
23.0 22.025
23.0 22.06
23.0 21.705
23.0 21.865
23.0 22.17
23.0 21.99
23.0 22.175
23.0 21.835
23.0 21.73
24.0 21.725
24.0 22.245
50
10.0 -40.475
11.0 -7.87
13.5 3.96
14.5 8.39
15.0 10.52
16.5 12.285
17.0 14.235
18.5 14.74
18.5 15.545
19.0 16.475
20.5 16.075
20.5 17.125
20.5 17.735
21.5 18.225
21.5 19.4
21.5 19.36
21.5 20.22
22.0 20.765
22.5 20.335
23.5 20.415
24.0 21.03
24.0 21.655
24.0 21.34
24.0 22.16
24.0 22.465
24.0 22.425
24.0 22.8
24.0 22.935
24.0 23.33
24.0 22.855
24.0 23.16
24.0 23.19
24.0 23.225
24.0 23.345
24.0 23.22
24.0 22.675
24.0 22.9
24.0 22.82
24.0 23.155
24.0 23.42
24.0 22.72
24.0 22.21
24.0 22.88
24.0 22.61
24.0 23.13
24.0 23.24
24.0 23.065
24.0 23.385
24.0 22.845
24.0 22.94
50
10.5 -37.32
10.5 -8.71
14.0 3.89
14.0 8.38
18.0 11.425
18.5 13.4
18.5 15.695
18.5 16.595
19.0 16.655
19.0 17.625
20.5 17.91
20.5 17.985
21.0 18.53
21.5 19.065
21.5 19.045
21.5 19.295
21.5 20.025
22.0 20.025
22.0 20.62
22.0 20.05
22.0 20.52
22.0 20.34
22.0 20.825
22.0 20.315
22.5 20.84
22.5 20.995
22.5 20.845
22.5 21.155
22.5 20.36
22.5 20.845
22.5 21.065
22.5 20.48
22.5 21.625
22.5 21.56
22.5 21.63
22.5 21.13
22.5 21.195
22.5 21.265
22.5 21.0
22.5 21.145
22.5 21.375
22.5 21.695
22.5 21.48
22.5 21.43
22.5 21.635
22.5 21.38
22.5 21.37
22.5 21.545
22.5 21.75
22.5 21.265

Individual: [3, 4, 7, 9, 17, 18, 20, 21, 26, 28, 40, 41, 44, 46, 50]
   Fitness: 22.5
     Total: 15
Violations: 0 0

Individual: [1, 2, 5, 6, 12, 13, 15, 16, 27, 32, 34, 35, 45, 46, 47, 50]
   Fitness: 22.0
     Total: 16
Violations: 2 2

Individual: [2, 3, 7, 10, 14, 16, 19, 23, 33, 37, 38, 40, 45, 46, 48, 49]
   Fitness: 24.0
     Total: 16
Violations: 0 0

Individual: [1, 2, 6, 9, 13, 15, 18, 22, 33, 37, 39, 40, 46, 47, 49, 50]
   Fitness: 23.0
     Total: 16
Violations: 1 1

Individual: [2, 4, 7, 8, 11, 16, 17, 22, 31, 34, 38, 39, 41, 43, 49, 50]
   Fitness: 23.0
     Total: 16
Violations: 1 1

Individual: [2, 3, 5, 9, 11, 12, 14, 18, 30, 35, 37, 38, 43, 45, 47, 50]
   Fitness: 23.0
     Total: 16
Violations: 1 1

Individual: [2, 3, 5, 9, 10, 12, 13, 27, 29, 33, 35, 36, 40, 42, 47, 50]
   Fitness: 21.0
     Total: 16
Violations: 3 3

Individual: [1, 3, 4, 6, 13, 14, 16, 21, 30, 33, 34, 40, 42, 43, 48, 49]
   Fitness: 24.0
     Total: 16
Violations: 0 0

Individual: [2, 3, 5, 6, 11, 13, 14, 18, 35, 37, 38, 40, 44, 46, 47, 49]
   Fitness: 24.0
     Total: 16
Violations: 0 0

Individual: [1, 5, 7, 8, 14, 17, 19, 25, 28, 35, 38, 40, 44, 46, 47]
   Fitness: 22.5
     Total: 15
Violations: 0 0
