10
100
9.5 -42.425
10.0 -9.28
13.0 -3.565
17.5 -0.055
17.5 5.31
17.5 7.07
17.5 3.97
17.5 2.875
18.5 4.395
19.5 0.505
19.5 7.32
19.5 6.405
19.5 -0.515
19.5 3.305
20.5 4.655
20.5 6.28
20.5 3.355
20.5 5.45
20.5 3.79
20.5 7.12
20.5 7.05
20.5 4.63
20.5 4.75
20.5 5.635
20.5 4.98
20.5 2.94
20.5 2.115
20.5 3.745
20.5 2.695
20.5 7.08
20.5 6.405
20.5 5.205
20.5 5.425
20.5 5.74
20.5 7.16
20.5 5.615
20.5 3.805
20.5 3.85
20.5 1.47
20.5 6.885
20.5 3.18
20.5 7.815
20.5 1.265
20.5 5.68
20.5 7.01
20.5 6.76
20.5 0.505
20.5 5.21
20.5 4.895
20.5 6.385
20.5 4.975
20.5 2.685
20.5 1.18
20.5 5.27
20.5 3.975
20.5 3.73
20.5 0.675
20.5 6.43
20.5 6.895
20.5 3.265
20.5 4.52
20.5 5.515
20.5 4.405
20.5 3.135
20.5 5.11
20.5 3.5
20.5 2.075
20.5 5.065
20.5 3.56
20.5 4.975
20.5 4.56
20.5 4.695
20.5 2.865
20.5 2.41
20.5 4.285
20.5 6.2
20.5 6.535
20.5 7.82
20.5 6.925
20.5 7.325
20.5 1.1
20.5 1.295
20.5 3.77
20.5 4.95
20.5 5.55
20.5 3.26
20.5 2.255
20.5 5.395
20.5 7.18
20.5 3.145
20.5 6.17
20.5 7.115
20.5 9.0
20.5 5.29
20.5 5.77
20.5 5.045
20.5 4.545
20.5 3.49
20.5 3.135
20.5 3.085
100
10.5 -36.41
15.0 -10.015
16.0 -2.285
16.0 -0.19
17.0 4.4
17.0 5.12
20.5 3.4
20.5 7.645
20.5 6.245
20.5 3.985
20.5 -3.06
20.5 3.73
20.5 0.37
20.5 2.595
20.5 5.875
20.5 3.68
20.5 6.075
20.5 1.76
20.5 5.83
20.5 5.635
20.5 8.665
20.5 7.385
20.5 5.945
20.5 6.03
20.5 8.32
20.5 3.625
20.5 5.605
20.5 6.905
20.5 5.855
20.5 6.145
20.5 1.955
20.5 6.915
20.5 2.14
20.5 2.675
20.5 4.15
22.0 -0.535
22.0 5.52
22.0 2.74
22.0 3.65
22.0 6.61
22.0 2.915
22.0 4.945
22.0 1.53
22.0 2.48
22.0 5.595
22.0 3.205
22.0 4.16
22.0 5.0
22.0 7.995
22.0 7.705
22.0 5.015
22.0 7.675
22.0 4.25
22.0 5.195
22.0 6.17
22.0 0.9
22.0 3.845
22.0 4.545
22.0 5.955
22.0 5.03
22.0 6.15
22.0 3.655
22.0 5.01
22.0 6.175
22.0 5.925
22.0 7.48
22.0 6.83
22.0 6.245
22.0 6.855
22.0 6.115
22.0 6.74
22.0 4.395
22.0 7.54
22.0 6.865
22.0 3.885
22.0 2.07
22.0 -1.57
22.0 3.74
22.0 2.57
22.0 1.12
22.0 5.855
22.0 6.19
22.0 6.515
22.0 4.785
22.0 3.785
22.0 6.4
22.0 5.925
22.0 6.62
22.0 5.39
22.0 2.32
22.0 7.035
22.0 1.645
22.0 4.87
22.0 7.235
22.0 5.975
22.0 6.25
22.0 6.205
22.0 5.955
22.0 7.165
22.0 7.97
100
9.0 -39.985
11.5 -13.64
13.5 -1.255
16.0 0.01
16.0 1.255
16.0 2.465
16.0 6.67
16.0 7.79
16.0 4.455
17.0 2.37
18.0 1.79
20.0 4.75
20.0 4.185
20.0 5.275
20.0 5.38
20.5 7.705
20.5 6.01
20.5 4.425
20.5 2.9
20.5 3.625
20.5 5.615
20.5 6.99
20.5 3.41
20.5 6.05
20.5 5.59
20.5 3.725
20.5 -0.725
20.5 5.32
20.5 6.145
20.5 3.1
20.5 4.98
20.5 4.755
20.5 1.02
20.5 3.725
20.5 1.875
21.0 7.075
21.0 5.805
21.0 0.74
21.0 5.98
21.0 8.555
21.0 6.645
21.0 3.965
21.0 2.78
21.0 6.085
21.0 8.415
21.0 6.275
21.5 7.575
21.5 8.07
21.5 7.39
21.5 -5.65
21.5 3.02
21.5 5.85
22.0 6.125
22.0 0.025
22.0 5.095
22.0 5.455
22.0 6.44
22.0 4.675
22.0 2.405
22.0 3.49
22.0 5.43
22.0 2.065
22.0 3.16
23.0 7.275
23.0 3.13
23.0 5.325
23.0 8.04
23.0 6.19
23.0 7.85
23.0 2.485
23.0 7.28
23.0 4.645
23.0 2.715
23.0 4.2
23.0 6.69
23.0 -0.74
23.0 2.345
23.0 6.06
23.0 5.045
23.0 7.835
23.0 6.26
23.0 7.035
23.0 6.25
23.0 3.365
23.0 6.875
23.0 6.48
23.0 8.12
23.0 7.94
23.0 6.595
23.0 6.07
24.0 5.195
24.0 7.19
24.0 6.245
24.0 7.71
24.0 3.725
24.0 6.71
24.0 5.06
24.0 6.86
24.0 8.5
24.0 8.195
100
7.0 -34.74
16.5 -9.01
16.5 -7.98
16.5 -0.775
16.5 0.005
16.5 4.29
18.0 6.79
18.5 5.855
18.5 7.35
18.5 6.635
18.5 4.205
18.5 5.57
18.5 5.7
18.5 7.055
18.5 7.63
18.5 0.75
18.5 2.515
18.5 4.725
18.5 4.915
19.5 3.16
19.5 6.445
19.5 5.56
19.5 2.75
20.0 3.235
20.0 1.75
20.0 2.745
20.0 3.75
20.0 6.935
20.0 6.04
20.0 6.11
20.0 5.155
20.0 0.645
20.0 5.66
20.0 4.65
20.0 1.8
20.0 5.9
20.0 4.96
20.0 1.475
20.0 4.77
20.0 6.725
20.0 5.135
20.0 6.005
20.0 6.07
20.0 5.415
20.0 4.3
20.5 8.77
20.5 6.385
20.5 4.09
20.5 3.84
20.5 1.6
20.5 5.335
20.5 4.36
20.5 6.44
20.5 1.42
20.5 5.36
20.5 6.975
20.5 1.05
20.5 4.245
20.5 7.155
20.5 7.34
20.5 6.285
20.5 6.915
20.5 7.8
20.5 6.85
20.5 7.705
20.5 -0.26
20.5 4.69
20.5 5.51
20.5 8.965
20.5 7.295
20.5 4.39
20.5 6.765
20.5 4.235
20.5 5.795
20.5 5.745
20.5 1.145
20.5 4.445
20.5 5.21
20.5 6.54
20.5 4.355
20.5 7.105
20.5 3.53
20.5 6.425
20.5 3.675
20.5 6.455
20.5 4.305
20.5 4.515
20.5 3.935
20.5 8.56
20.5 2.45
22.5 2.975
22.5 4.09
22.5 6.225
22.5 -0.28
22.5 5.605
22.5 5.715
22.5 3.72
22.5 6.775
22.5 2.14
22.5 6.5
100
10.5 -37.36
12.0 -6.715
16.0 -0.95
17.5 1.67
17.5 5.255
17.5 5.715
18.0 4.24
18.0 0.985
18.0 4.86
18.0 7.195
18.0 7.245
18.0 8.48
18.0 -3.825
18.0 4.545
18.5 7.515
18.5 8.15
18.5 4.975
18.5 3.34
18.5 3.835
20.0 2.43
20.0 5.05
20.0 6.485
20.0 6.245
20.0 5.865
20.0 6.98
20.0 6.18
20.0 4.94
20.0 7.205
20.0 5.87
20.0 4.74
20.0 2.835
20.0 2.335
20.0 3.695
20.0 1.89
20.0 3.055
20.0 5.295
20.0 8.185
20.0 6.77
20.0 2.235
20.0 7.235
20.0 8.175
20.0 5.17
20.0 6.84
20.0 5.05
20.0 5.915
20.0 7.305
20.0 6.16
20.0 -0.215
20.0 4.655
20.0 6.68
20.0 7.12
20.0 6.98
20.0 4.07
20.0 7.065
20.0 7.825
20.0 6.235
20.0 2.895
20.0 3.995
20.0 3.945
20.0 0.81
20.0 4.305
20.0 0.445
20.0 -2.075
20.0 1.215
20.0 8.255
20.0 7.14
20.0 8.46
20.0 6.27
20.0 4.42
20.0 6.24
20.0 6.74
20.0 6.735
20.5 2.03
20.5 6.25
20.5 6.99
20.5 5.895
20.5 5.045
20.5 7.495
20.5 5.96
20.5 6.82
20.5 5.515
20.5 4.585
20.5 6.36
20.5 4.29
20.5 6.47
20.5 6.13
20.5 0.925
20.5 6.64
20.5 1.925
21.0 7.985
21.0 0.935
21.0 6.175
21.0 0.15
21.0 0.005
21.0 1.145
23.0 6.495
23.0 7.045
23.0 3.785
23.0 3.76
23.0 2.035
100
8.5 -40.975
9.5 -14.07
15.0 -13.925
15.0 -3.33
15.0 -0.33
15.0 2.705
17.0 3.69
17.0 5.175
17.0 7.23
17.5 5.71
17.5 5.62
17.5 3.93
17.5 7.365
19.0 7.8
19.0 6.705
19.0 4.06
19.0 4.105
19.0 4.26
19.0 6.325
19.0 4.465
19.0 2.205
19.0 5.06
19.0 4.475
19.0 7.035
19.0 -5.315
19.0 3.745
19.0 4.65
19.0 2.535
19.0 3.605
19.0 6.28
19.0 6.5
19.0 5.255
19.5 6.085
19.5 2.0
19.5 7.375
19.5 6.135
19.5 3.73
19.5 2.535
19.5 6.705
19.5 5.435
19.5 4.245
19.5 3.765
19.5 6.075
19.5 1.585
19.5 1.935
19.5 7.03
19.5 2.635
19.5 2.07
19.5 2.505
19.5 3.74
19.5 2.1
19.5 1.37
19.5 3.63
19.5 7.355
19.5 3.675
19.5 3.105
19.5 7.93
19.5 4.565
19.5 6.44
19.5 6.945
19.5 0.045
19.5 4.47
19.5 2.53
19.5 6.12
19.5 5.595
19.5 0.475
19.5 3.3
19.5 8.02
20.0 5.635
20.0 6.575
20.0 -0.725
20.0 3.295
20.0 -3.405
20.0 1.28
20.0 6.745
20.0 5.385
20.0 5.475
20.0 5.76
20.0 4.985
20.0 6.5
20.0 -0.46
20.0 4.645
20.0 7.04
20.0 3.91
20.0 6.83
20.0 0.24
20.0 6.81
20.0 6.215
20.0 6.02
20.0 3.98
20.0 4.835
20.0 4.19
20.0 4.805
20.0 -0.145
20.0 6.255
20.0 3.1
21.0 5.325
21.0 6.03
21.0 1.925
21.0 5.78
100
2.0 -42.24
8.5 -16.38
10.5 -7.845
13.0 -1.295
15.0 0.025
17.5 2.305
17.5 3.64
18.0 4.1
18.0 7.055
19.0 7.085
19.0 4.24
19.0 3.34
19.0 5.96
19.0 2.875
19.0 4.175
19.0 4.905
19.0 2.915
19.0 3.96
19.0 5.05
19.0 3.345
19.0 6.26
19.0 7.005
19.0 7.495
19.0 5.105
19.0 5.065
19.0 2.53
19.0 5.18
19.0 2.935
19.0 4.59
19.0 4.275
19.0 6.18
19.0 6.385
19.0 4.745
19.0 6.74
19.0 3.045
19.0 5.265
19.0 4.13
19.0 4.96
19.0 6.68
19.0 6.085
19.0 3.425
19.0 4.635
19.0 4.8
19.0 5.485
19.0 5.125
19.0 3.485
19.0 -4.05
19.0 1.905
19.0 2.61
19.0 2.445
19.0 5.19
19.0 -0.605
19.0 4.815
19.0 6.915
19.0 5.28
20.0 3.66
20.0 4.275
20.0 5.54
20.0 5.43
20.0 5.695
20.0 5.215
20.0 4.18
20.0 4.0
20.0 3.455
20.0 5.105
20.0 2.845
20.0 4.33
20.0 4.51
20.0 5.715
20.0 1.6
20.0 2.795
20.0 -1.985
20.0 7.415
20.0 6.91
20.0 4.47
20.0 6.955
20.0 8.185
20.0 6.345
20.0 0.295
20.0 5.905
20.0 6.0
20.0 5.415
20.0 2.785
20.0 6.015
20.0 5.155
20.0 6.95
20.0 5.37
20.0 6.52
20.0 2.62
20.0 5.735
20.0 2.205
20.0 1.34
20.0 2.39
20.0 3.215
20.0 4.905
20.0 7.24
20.0 4.275
20.0 8.015
20.0 7.685
20.0 7.56
100
12.0 -41.94
13.0 -6.61
13.5 0.95
14.0 1.45
16.5 0.81
16.5 2.64
16.5 5.815
16.5 2.58
16.5 -1.8
16.5 1.135
16.5 2.9
16.5 4.795
18.5 -1.83
18.5 6.235
18.5 5.14
18.5 5.38
18.5 6.27
18.5 8.34
18.5 4.5
19.0 3.235
19.0 5.03
19.5 6.045
20.0 7.185
20.0 6.12
20.0 7.495
21.0 6.385
21.0 2.79
21.0 6.66
21.0 7.935
21.0 7.89
21.0 8.04
21.0 7.645
21.0 8.315
21.0 3.08
21.0 6.48
21.0 2.07
21.0 7.23
21.0 8.455
21.0 8.595
21.0 7.495
21.0 1.87
21.0 8.29
21.0 4.365
21.0 9.75
21.0 2.95
21.0 -0.105
21.0 1.975
21.0 5.4
22.5 5.155
22.5 4.405
22.5 4.175
22.5 5.635
22.5 -0.57
22.5 4.555
22.5 6.225
22.5 7.335
22.5 7.345
22.5 8.22
22.5 5.68
22.5 4.96
23.0 6.275
23.0 5.515
23.0 3.28
23.0 1.06
23.0 4.655
23.0 6.2
23.0 6.745
23.0 6.925
23.0 6.055
23.0 2.295
23.0 7.075
23.0 5.845
23.0 4.88
23.0 3.795
23.0 6.905
23.0 3.98
23.0 3.335
23.0 3.8
23.0 4.68
23.0 3.81
23.0 -1.335
23.0 4.375
23.0 4.76
23.0 6.245
23.0 4.34
23.0 5.4
23.0 10.06
23.0 5.32
23.0 7.13
23.0 7.415
23.0 6.37
23.0 5.665
23.0 6.59
23.0 2.62
23.0 6.9
23.0 4.6
23.0 5.145
23.0 5.325
23.0 7.875
23.0 7.6
100
5.5 -32.25
13.0 -16.19
13.0 -5.14
14.0 1.845
16.5 -0.15
16.5 -1.135
20.0 2.01
20.0 3.61
20.0 5.59
20.0 5.595
20.0 5.21
20.0 2.81
20.0 6.125
20.0 0.775
20.0 5.94
20.0 3.515
20.0 3.095
20.0 4.87
20.0 7.975
20.0 7.7
20.0 9.55
20.0 7.68
20.0 7.74
20.0 2.98
20.0 1.91
20.0 3.285
20.0 2.73
20.0 8.545
20.0 4.52
20.0 -1.76
20.0 2.86
20.0 3.95
20.0 8.32
20.0 6.845
20.0 5.095
20.0 7.735
20.0 5.905
20.0 3.99
20.0 6.43
20.0 6.52
20.0 4.885
20.0 5.69
20.0 6.51
20.0 7.54
20.0 4.77
20.0 8.015
20.0 4.645
20.0 7.19
20.0 5.54
20.0 3.465
20.0 4.93
20.0 5.775
20.0 7.69
20.0 8.03
20.0 1.845
20.0 6.47
20.0 6.43
20.0 6.78
20.0 3.93
20.0 3.45
20.0 5.525
20.0 6.335
20.0 5.79
20.0 4.02
20.0 0.09
20.0 3.23
20.0 4.905
20.0 5.78
20.0 4.51
20.0 3.405
20.0 6.78
20.0 5.91
20.0 6.74
20.0 2.56
20.0 4.875
20.0 7.41
20.0 1.595
20.0 5.735
20.0 4.105
20.0 7.77
20.0 7.375
20.0 5.82
20.0 5.27
20.0 4.21
20.0 5.955
20.0 2.56
20.0 3.405
20.0 6.19
20.0 6.95
20.0 5.885
20.0 6.145
20.0 3.44
20.0 5.015
20.0 4.725
20.0 3.625
20.0 7.61
20.0 7.705
20.0 6.85
20.0 5.85
20.0 6.715
100
11.0 -36.9
12.5 -9.91
14.0 -7.465
15.0 1.485
16.0 -0.49
16.5 3.91
16.5 0.25
16.5 3.59
16.5 7.06
18.5 3.32
18.5 2.695
18.5 4.8
18.5 1.69
18.5 7.58
20.0 5.255
20.0 5.21
20.0 9.25
20.0 3.15
20.0 0.165
20.0 2.875
20.0 1.465
20.0 4.455
20.0 5.755
20.0 5.96
20.0 5.97
20.0 6.125
20.0 5.235
20.0 3.72
20.0 5.28
20.0 3.44
20.0 2.775
20.0 6.63
21.5 4.56
21.5 3.005
21.5 5.45
22.0 3.735
22.0 6.06
22.0 3.23
22.0 3.1
22.0 3.32
22.0 7.39
22.0 7.36
22.0 6.425
22.0 2.9
22.0 4.855
22.0 4.605
22.0 6.105
22.0 6.18
22.0 3.62
22.0 1.43
22.0 -1.185
22.0 2.545
22.0 2.99
22.0 4.465
22.0 5.335
22.0 1.155
22.0 3.76
22.0 8.515
22.0 8.23
22.0 2.65
22.0 6.11
22.0 8.3
22.0 0.49
22.0 6.0
22.0 3.275
22.0 7.025
22.0 4.98
22.0 2.48
22.0 6.255
22.0 5.795
22.0 4.755
22.0 6.475
22.0 4.82
22.0 6.69
22.0 5.465
22.0 7.52
22.0 6.015
22.0 4.905
22.0 5.255
22.0 4.575
22.0 6.805
22.0 5.71
22.0 5.685
22.0 3.445
22.0 2.945
22.0 3.065
22.0 3.085
22.0 2.815
22.0 5.16
22.0 1.225
22.0 3.215
22.0 4.86
22.0 6.445
22.0 3.4
22.0 6.44
22.0 7.625
22.0 3.96
22.0 5.935
22.0 1.555
22.0 6.485

Individual: [1, 2, 3, 7, 10, 15, 16, 32, 36, 37, 39, 45, 47, 48, 50]
   Fitness: 20.5
     Total: 15
Violations: 2 2

Individual: [1, 2, 6, 12, 13, 16, 18, 21, 32, 33, 38, 39, 42, 47, 49, 50]
   Fitness: 22.0
     Total: 16
Violations: 2 2

Individual: [1, 3, 6, 7, 10, 12, 15, 16, 33, 34, 36, 37, 45, 46, 48, 49]
   Fitness: 24.0
     Total: 16
Violations: 0 0

Individual: [2, 3, 8, 9, 11, 12, 17, 34, 35, 37, 38, 45, 46, 48, 49]
   Fitness: 22.5
     Total: 15
Violations: 0 0

Individual: [2, 6, 8, 9, 11, 15, 17, 18, 31, 35, 37, 38, 41, 46, 48, 49]
   Fitness: 23.0
     Total: 16
Violations: 1 1

Individual: [1, 2, 6, 7, 9, 10, 13, 23, 29, 31, 32, 34, 42, 43, 46, 47]
   Fitness: 21.0
     Total: 16
Violations: 3 3

Individual: [1, 2, 4, 5, 9, 14, 15, 20, 30, 33, 39, 41, 42, 47, 48, 50]
   Fitness: 20.0
     Total: 16
Violations: 4 4

Individual: [1, 2, 4, 8, 10, 11, 13, 17, 20, 28, 34, 37, 41, 44, 49, 50]
   Fitness: 23.0
     Total: 16
Violations: 1 1

Individual: [1, 2, 5, 7, 15, 17, 18, 22, 26, 36, 38, 39, 41, 44, 45, 48]
   Fitness: 20.0
     Total: 16
Violations: 4 3

Individual: [3, 4, 7, 9, 12, 13, 16, 27, 34, 35, 37, 39, 45, 46, 48, 49]
   Fitness: 22.0
     Total: 16
Violations: 2 2
