10
100
11.5 -40.12
12.0 -30.634
12.5 -23.916
12.5 -24.012
14.0 -24.87
14.0 -24.82
14.0 -23.932
15.0 -24.374
15.0 -23.836
15.0 -28.104
15.0 -23.828
15.0 -32.31
15.0 -23.302
15.0 -27.648
15.0 -23.914
15.0 -23.212
15.0 -17.604
15.0 -26.296
15.0 -24.306
15.0 -27.952
15.0 -26.388
15.0 -31.806
15.0 -30.366
15.0 -25.742
15.0 -30.464
15.0 -22.738
15.0 -28.034
15.0 -21.922
15.0 -22.38
15.0 -18.85
15.0 -29.89
15.0 -22.706
15.0 -25.736
15.0 -30.656
15.0 -26.284
15.0 -24.098
15.0 -27.824
19.0 -19.09
19.0 -29.924
19.0 -29.002
19.0 -29.168
19.0 -24.734
19.0 -24.492
19.0 -23.756
19.0 -21.864
19.0 -19.812
19.0 -27.892
19.0 -19.916
19.0 -18.604
19.0 -23.298
19.0 -21.806
19.0 -21.212
19.0 -24.18
19.0 -28.066
19.0 -24.966
19.0 -20.758
19.0 -21.412
19.0 -19.26
19.0 -26.224
19.0 -31.45
19.0 -24.448
19.0 -22.164
19.0 -21.512
19.0 -23.498
19.0 -34.71
19.0 -28.996
19.0 -19.016
19.0 -21.654
19.0 -21.47
19.0 -18.588
19.0 -32.012
19.0 -24.554
19.0 -26.102
19.0 -27.274
19.0 -23.84
19.0 -25.146
19.0 -29.038
19.0 -20.85
19.0 -29.288
19.0 -19.754
19.0 -21.556
19.0 -29.798
19.0 -14.342
19.0 -21.468
19.0 -33.274
19.0 -24.106
19.0 -23.42
19.0 -20.704
19.0 -21.928
19.0 -24.306
19.0 -19.256
19.0 -21.254
19.0 -25.282
19.0 -20.076
19.0 -34.86
19.0 -21.434
19.0 -36.31
19.0 -31.258
19.0 -21.276
19.0 -22.268
100
12.0 -36.166
12.0 -21.764
12.5 -23.83
12.5 -21.836
12.5 -30.484
12.5 -22.308
12.5 -28.706
14.0 -25.274
14.0 -25.142
14.0 -22.912
16.0 -23.63
16.0 -24.138
16.0 -18.496
16.0 -26.176
16.0 -21.774
16.0 -25.538
16.0 -21.576
16.0 -21.63
16.0 -26.884
16.0 -23.668
16.0 -24.262
16.0 -19.988
16.0 -25.144
16.0 -23.658
16.0 -23.82
16.0 -22.85
16.0 -24.286
16.0 -27.216
16.0 -28.832
16.0 -33.19
16.0 -21.722
16.0 -21.812
16.0 -21.732
16.0 -20.868
16.0 -22.6
16.0 -18.364
16.0 -23.666
16.0 -17.62
16.0 -29.712
16.0 -23.216
16.0 -20.658
16.0 -22.748
16.0 -18.328
16.0 -21.956
16.0 -24.61
16.0 -22.666
16.0 -24.222
16.0 -23.512
16.0 -26.602
16.0 -18.49
16.0 -20.118
16.0 -27.752
16.0 -22.294
16.0 -24.054
16.0 -22.642
16.0 -24.372
16.0 -29.882
16.0 -22.092
16.0 -24.836
16.0 -25.816
16.0 -22.268
16.0 -24.506
16.0 -23.942
16.0 -20.866
16.0 -27.518
16.0 -24.238
16.0 -27.178
16.0 -24.852
16.0 -23.926
16.0 -18.21
16.0 -27.756
16.0 -21.554
16.0 -20.37
16.0 -27.792
16.0 -25.324
16.0 -27.878
16.0 -26.354
16.0 -23.072
16.0 -18.65
17.5 -22.292
17.5 -25.87
17.5 -23.808
17.5 -25.938
17.5 -22.912
17.5 -25.388
17.5 -21.63
17.5 -24.57
17.5 -21.652
17.5 -24.28
17.5 -26.458
17.5 -20.852
17.5 -20.324
17.5 -24.888
17.5 -22.046
17.5 -19.17
17.5 -23.204
17.5 -20.588
17.5 -23.528
17.5 -23.27
17.5 -23.17
100
9.0 -36.676
9.0 -26.036
10.5 -28.284
10.5 -26.658
13.5 -21.54
13.5 -27.144
13.5 -30.584
13.5 -25.788
13.5 -21.874
15.5 -19.104
15.5 -26.792
15.5 -26.686
15.5 -20.266
15.5 -22.226
15.5 -24.338
15.5 -31.324
15.5 -26.156
15.5 -21.29
15.5 -22.162
15.5 -19.208
15.5 -20.002
15.5 -26.038
15.5 -22.176
15.5 -22.604
15.5 -24.784
15.5 -29.344
15.5 -25.748
15.5 -30.144
15.5 -23.696
15.5 -32.626
15.5 -28.746
15.5 -21.856
15.5 -25.056
15.5 -21.84
15.5 -29.322
15.5 -23.422
15.5 -26.992
16.0 -14.204
16.0 -25.004
16.5 -31.154
16.5 -21.772
16.5 -21.332
16.5 -23.038
16.5 -22.758
16.5 -24.716
16.5 -27.314
16.5 -26.544
16.5 -25.458
16.5 -26.314
16.5 -24.388
16.5 -23.318
16.5 -29.418
16.5 -30.624
16.5 -22.41
16.5 -23.472
16.5 -30.59
16.5 -24.924
16.5 -21.812
16.5 -26.478
16.5 -25.708
17.5 -17.482
17.5 -25.37
17.5 -26.868
17.5 -23.122
17.5 -26.908
17.5 -25.942
17.5 -21.03
17.5 -28.392
17.5 -26.346
17.5 -20.946
17.5 -20.63
17.5 -19.756
17.5 -22.388
17.5 -24.166
17.5 -40.91
17.5 -27.732
18.0 -19.686
18.0 -24.056
18.0 -21.442
18.0 -23.746
18.0 -30.998
18.0 -26.468
18.0 -27.734
18.0 -26.454
18.0 -20.492
18.0 -30.166
18.0 -26.954
18.0 -29.758
18.0 -24.126
18.0 -25.732
18.0 -23.478
18.0 -24.43
18.0 -21.46
18.0 -24.46
18.0 -29.628
18.0 -22.82
18.0 -26.994
18.0 -22.074
18.0 -21.746
18.0 -26.044
100
9.5 -36.728
12.0 -32.976
12.0 -25.94
13.0 -24.68
13.0 -24.014
13.0 -28.604
13.0 -29.892
13.0 -25.586
13.0 -26.694
13.0 -23.37
13.0 -24.896
13.5 -24.174
13.5 -24.402
13.5 -26.624
13.5 -19.476
14.0 -25.16
14.0 -28.94
14.0 -25.114
14.5 -19.208
15.0 -23.758
15.0 -21.314
15.0 -28.254
15.0 -23.744
15.0 -19.98
15.0 -19.06
15.0 -26.162
15.0 -25.636
16.5 -24.864
16.5 -23.23
16.5 -26.488
16.5 -23.372
16.5 -19.668
16.5 -22.702
16.5 -28.032
16.5 -25.578
16.5 -23.372
16.5 -21.004
16.5 -20.93
16.5 -22.866
16.5 -28.046
16.5 -21.912
16.5 -20.322
16.5 -22.344
16.5 -26.316
16.5 -27.93
16.5 -24.596
16.5 -26.12
16.5 -24.982
16.5 -20.956
16.5 -26.15
16.5 -24.104
16.5 -26.924
16.5 -27.1
16.5 -24.094
16.5 -20.028
16.5 -20.778
16.5 -23.256
16.5 -23.328
16.5 -18.634
16.5 -26.056
16.5 -21.986
16.5 -21.17
16.5 -22.144
16.5 -28.346
16.5 -25.404
16.5 -23.438
16.5 -21.094
16.5 -24.968
16.5 -23.266
16.5 -23.394
16.5 -28.894
16.5 -26.274
16.5 -29.894
16.5 -26.568
16.5 -27.546
16.5 -27.512
16.5 -19.686
16.5 -24.274
16.5 -23.098
16.5 -25.804
16.5 -21.916
16.5 -22.132
16.5 -23.816
16.5 -24.532
16.5 -28.996
16.5 -27.324
16.5 -28.054
16.5 -25.566
16.5 -23.024
16.5 -30.446
16.5 -27.376
16.5 -21.218
16.5 -23.412
16.5 -24.354
16.5 -24.732
16.5 -24.16
16.5 -22.762
16.5 -21.564
16.5 -30.046
16.5 -23.632
100
12.0 -35.098
12.5 -26.606
13.0 -19.712
13.0 -23.456
13.0 -23.138
15.0 -27.268
15.0 -22.67
15.0 -33.692
15.0 -25.938
15.0 -27.962
15.0 -28.038
15.0 -24.208
15.0 -25.154
15.0 -29.688
15.0 -24.618
15.0 -21.088
16.0 -21.818
16.0 -23.468
16.0 -24.75
16.0 -19.802
16.0 -22.674
16.0 -23.416
16.0 -24.478
16.0 -25.95
16.0 -23.096
16.0 -24.556
16.0 -25.844
16.0 -24.866
16.5 -25.794
16.5 -21.17
16.5 -22.42
16.5 -22.956
16.5 -19.904
16.5 -27.97
16.5 -25.868
16.5 -25.846
16.5 -30.444
16.5 -23.82
16.5 -23.566
16.5 -24.062
16.5 -26.398
16.5 -19.57
16.5 -26.088
16.5 -22.73
16.5 -21.722
16.5 -22.286
16.5 -17.746
16.5 -26.566
16.5 -22.536
16.5 -23.026
16.5 -22.706
16.5 -22.308
16.5 -24.474
16.5 -22.884
16.5 -21.938
16.5 -22.77
16.5 -23.646
16.5 -32.61
16.5 -27.68
16.5 -24.92
16.5 -23.04
16.5 -24.236
16.5 -21.654
16.5 -26.782
16.5 -25.068
16.5 -21.066
16.5 -24.722
16.5 -23.75
16.5 -23.408
16.5 -27.52
16.5 -21.718
16.5 -24.266
16.5 -22.88
16.5 -20.178
16.5 -30.228
16.5 -23.072
16.5 -26.962
16.5 -24.068
16.5 -24.656
16.5 -18.354
16.5 -24.708
16.5 -24.49
16.5 -22.366
16.5 -24.136
16.5 -23.64
16.5 -17.648
16.5 -25.026
16.5 -20.262
16.5 -27.81
16.5 -24.39
16.5 -29.884
16.5 -26.094
16.5 -25.896
16.5 -21.168
16.5 -25.882
16.5 -22.87
16.5 -29.324
16.5 -24.746
16.5 -22.854
16.5 -24.396
100
8.0 -35.172
16.0 -23.706
16.0 -26.072
16.0 -23.49
16.0 -26.12
16.0 -26.146
16.0 -27.478
16.0 -22.824
16.0 -21.116
16.0 -22.678
16.0 -25.466
16.0 -22.944
16.0 -19.54
16.0 -22.522
16.0 -22.938
16.0 -25.474
16.0 -23.966
16.0 -23.512
16.0 -25.886
16.0 -24.93
16.0 -27.4
16.0 -24.054
16.0 -23.72
17.5 -23.948
17.5 -31.54
17.5 -22.326
17.5 -27.538
17.5 -22.168
17.5 -24.352
17.5 -24.026
17.5 -21.61
17.5 -26.622
17.5 -24.934
17.5 -25.052
17.5 -21.6
17.5 -27.742
17.5 -19.52
17.5 -20.704
17.5 -20.314
17.5 -24.472
17.5 -24.164
17.5 -27.264
17.5 -21.818
17.5 -22.524
17.5 -23.594
17.5 -20.074
17.5 -28.54
17.5 -24.206
17.5 -22.148
18.5 -23.002
18.5 -25.596
18.5 -27.51
18.5 -17.234
18.5 -18.296
18.5 -29.534
18.5 -26.682
18.5 -23.66
18.5 -20.208
18.5 -27.282
18.5 -21.052
18.5 -20.252
18.5 -27.162
18.5 -23.692
18.5 -20.41
18.5 -20.284
18.5 -21.252
18.5 -22.832
18.5 -26.796
18.5 -27.468
18.5 -22.486
18.5 -23.358
18.5 -18.134
18.5 -26.646
18.5 -22.934
18.5 -26.308
18.5 -19.766
18.5 -22.036
18.5 -22.246
18.5 -22.938
18.5 -24.4
18.5 -29.124
18.5 -25.086
18.5 -21.628
18.5 -23.614
18.5 -30.258
18.5 -32.082
18.5 -24.51
18.5 -29.872
18.5 -21.032
18.5 -21.742
18.5 -22.204
18.5 -23.444
18.5 -27.63
18.5 -20.988
18.5 -21.112
18.5 -26.518
18.5 -26.338
18.5 -23.738
18.5 -23.932
18.5 -22.48
100
12.5 -38.846
12.5 -26.914
12.5 -16.74
12.5 -23.474
12.5 -24.912
12.5 -36.066
12.5 -22.204
13.5 -23.434
14.5 -20.012
14.5 -28.28
14.5 -23.892
14.5 -24.67
14.5 -27.086
14.5 -22.056
14.5 -23.544
14.5 -17.008
14.5 -22.254
14.5 -21.83
15.0 -25.15
15.0 -22.304
15.0 -20.168
15.0 -23.518
15.0 -19.82
15.5 -28.726
15.5 -22.01
15.5 -24.928
15.5 -26.852
15.5 -19.702
16.0 -24.766
16.0 -22.146
16.0 -25.04
16.0 -25.118
16.0 -21.79
16.0 -22.958
16.0 -31.224
16.0 -26.278
16.0 -28.242
16.0 -21.782
16.0 -24.258
17.0 -16.216
17.0 -19.394
17.0 -26.088
17.0 -20.508
17.0 -24.606
17.0 -13.806
17.0 -23.644
17.0 -28.698
17.0 -18.316
17.0 -21.414
17.0 -21.686
17.0 -24.122
17.0 -22.842
17.0 -25.452
17.0 -27.148
17.0 -19.474
17.0 -26.99
17.0 -24.212
17.0 -21.618
17.0 -22.288
17.0 -18.248
17.0 -19.554
17.0 -18.864
17.0 -28.658
17.0 -23.568
17.0 -28.528
17.0 -29.868
17.0 -21.092
17.0 -21.928
17.0 -24.692
17.0 -28.212
17.0 -26.726
17.0 -20.996
17.0 -22.386
17.0 -23.846
17.0 -25.354
17.0 -22.486
17.0 -24.102
17.0 -19.716
17.0 -26.082
17.0 -25.954
17.0 -23.25
17.0 -19.9
17.0 -21.956
17.0 -26.296
17.0 -24.702
17.0 -20.526
17.0 -28.098
17.0 -23.456
17.0 -22.348
17.0 -32.252
17.0 -27.958
17.0 -21.902
17.0 -22.866
17.0 -22.122
17.0 -22.636
17.0 -24.294
17.0 -20.814
17.0 -23.728
17.0 -22.372
17.0 -26.246
100
10.0 -35.452
11.5 -27.696
12.0 -25.312
12.0 -20.672
12.0 -28.49
13.5 -21.28
13.5 -27.408
18.0 -17.368
18.0 -21.318
18.0 -26.314
18.0 -28.886
18.0 -23.804
18.0 -23.782
18.0 -25.094
18.0 -28.082
18.0 -19.958
18.0 -22.534
18.0 -21.808
18.0 -22.464
18.0 -27.722
18.0 -30.946
18.0 -23.526
18.0 -17.104
18.0 -21.86
18.0 -20.818
18.0 -23.168
18.0 -31.812
18.0 -24.902
18.0 -21.98
18.0 -26.07
18.0 -25.722
18.0 -22.358
18.0 -21.584
18.0 -23.858
18.0 -25.562
18.0 -29.768
18.0 -23.298
18.0 -28.19
18.0 -24.96
18.0 -28.738
18.0 -30.066
18.0 -24.556
18.0 -25.256
18.0 -28.636
18.0 -26.75
18.0 -27.762
18.0 -24.038
18.0 -27.404
18.0 -18.444
18.0 -23.054
18.0 -26.726
18.0 -23.244
18.0 -27.776
18.0 -26.45
18.0 -27.01
18.0 -25.248
18.0 -24.488
18.0 -23.524
18.0 -28.452
18.0 -24.14
18.0 -27.334
18.0 -27.942
18.0 -30.628
18.0 -17.75
18.0 -26.058
18.0 -23.014
18.0 -21.434
18.0 -25.836
18.0 -23.64
18.0 -23.304
18.0 -24.372
18.0 -24.89
18.0 -19.672
18.0 -20.08
18.0 -22.562
18.0 -24.276
18.0 -24.246
18.0 -26.576
18.0 -22.812
18.0 -22.656
18.0 -25.22
18.0 -22.034
18.0 -21.22
18.0 -21.61
18.0 -22.684
18.0 -21.222
18.0 -25.34
18.0 -23.972
18.0 -28.012
18.0 -22.356
18.0 -24.53
18.0 -23.484
18.0 -20.112
18.0 -23.802
18.0 -24.022
18.0 -24.444
18.0 -20.526
18.0 -21.34
18.0 -21.07
18.0 -24.262
100
9.0 -35.618
17.0 -28.632
17.0 -26.632
17.0 -30.706
17.0 -28.464
17.0 -28.606
17.0 -29.714
17.0 -18.88
17.0 -19.834
17.0 -22.866
17.0 -22.148
17.0 -20.852
17.0 -26.636
17.0 -29.08
17.0 -31.128
17.0 -24.938
17.0 -26.472
17.0 -26.606
17.0 -24.038
17.0 -22.832
17.0 -21.73
17.0 -20.494
17.0 -25.498
17.0 -21.99
17.0 -25.538
17.0 -20.79
17.0 -30.166
17.0 -21.85
17.0 -22.29
17.0 -30.888
17.0 -22.554
17.0 -22.276
17.0 -22.554
17.0 -24.32
17.0 -21.076
17.0 -24.084
17.0 -19.862
17.0 -19.414
17.0 -25.986
17.0 -24.016
17.0 -22.156
17.0 -27.076
17.0 -20.926
17.0 -25.996
17.0 -24.062
17.0 -21.734
17.0 -18.036
17.0 -24.916
17.0 -20.778
17.0 -22.494
17.0 -23.676
17.0 -21.078
17.0 -23.228
17.0 -27.698
17.0 -27.886
17.0 -26.46
17.0 -24.462
17.0 -27.46
17.0 -26.3
17.0 -23.114
17.0 -24.712
17.0 -22.132
17.0 -21.458
17.0 -23.456
17.0 -20.308
17.0 -24.926
17.0 -21.868
17.0 -24.248
17.0 -26.29
17.0 -25.858
17.0 -20.704
19.0 -23.834
19.0 -29.322
19.0 -23.644
19.0 -23.852
19.0 -20.384
19.0 -21.566
19.0 -24.534
19.0 -28.718
19.0 -29.328
19.0 -25.02
19.0 -17.546
19.0 -20.334
19.0 -18.806
19.0 -26.084
19.0 -27.08
19.0 -24.75
19.0 -21.428
19.0 -23.232
19.0 -23.652
19.0 -20.004
19.0 -24.358
19.0 -26.468
19.0 -22.812
19.0 -18.412
19.0 -21.166
19.0 -19.838
19.0 -22.538
19.0 -26.108
19.0 -20.348
100
10.0 -38.384
13.0 -19.71
13.0 -25.236
13.0 -22.568
14.5 -28.16
14.5 -24.63
14.5 -22.262
14.5 -22.664
14.5 -22.52
14.5 -33.112
14.5 -16.674
14.5 -28.622
16.5 -21.846
16.5 -20.038
16.5 -22.63
16.5 -21.032
16.5 -26.506
16.5 -23.294
16.5 -30.038
16.5 -27.836
16.5 -22.924
16.5 -20.044
16.5 -21.582
16.5 -26.108
16.5 -25.058
16.5 -20.52
16.5 -22.042
16.5 -26.89
16.5 -30.46
16.5 -25.982
16.5 -28.308
16.5 -26.254
16.5 -26.618
16.5 -19.632
16.5 -23.732
16.5 -22.246
16.5 -22.798
16.5 -23.494
16.5 -21.386
16.5 -25.486
16.5 -24.756
16.5 -18.92
16.5 -20.712
16.5 -27.626
16.5 -25.244
16.5 -28.234
16.5 -23.05
16.5 -23.092
16.5 -25.214
16.5 -19.432
16.5 -25.128
16.5 -26.27
16.5 -24.494
16.5 -23.516
16.5 -20.744
16.5 -18.668
16.5 -24.634
16.5 -20.2
16.5 -20.566
16.5 -27.244
16.5 -18.74
16.5 -31.288
16.5 -28.242
16.5 -21.508
16.5 -20.294
16.5 -27.97
16.5 -23.048
16.5 -15.876
16.5 -24.636
16.5 -22.604
16.5 -26.786
16.5 -22.784
17.5 -20.838
17.5 -23.156
17.5 -27.988
17.5 -22.034
17.5 -24.318
17.5 -25.68
17.5 -22.412
17.5 -23.492
17.5 -23.388
17.5 -22.63
17.5 -24.174
17.5 -20.178
17.5 -27.002
17.5 -23.494
17.5 -25.474
17.5 -23.254
17.5 -23.976
17.5 -26.382
17.5 -25.936
17.5 -26.418
17.5 -23.882
17.5 -25.78
17.5 -23.29
17.5 -25.558
17.5 -26.534
17.5 -22.548
17.5 -23.322
17.5 -25.774

Individual: [1, 3, 4, 8, 10, 12, 14, 29, 30, 33, 34, 40, 42, 44, 45, 49]
   Fitness: 19.0
     Total: 16
Violations: 5 5

Individual: [1, 2, 4, 5, 9, 10, 11, 12, 15, 24, 31, 36, 40, 42, 45, 46, 49]
   Fitness: 17.5
     Total: 17
Violations: 8 6

Individual: [6, 7, 9, 13, 15, 16, 19, 27, 33, 34, 37, 42, 46, 49]
   Fitness: 18.0
     Total: 14
Violations: 3 3

Individual: [1, 4, 5, 6, 10, 11, 14, 20, 31, 32, 33, 38, 39, 42, 48, 49, 50]
   Fitness: 16.5
     Total: 17
Violations: 9 7

Individual: [1, 2, 3, 9, 11, 15, 16, 32, 36, 37, 38, 42, 43, 45, 50]
   Fitness: 16.5
     Total: 15
Violations: 6 4

Individual: [1, 2, 3, 4, 10, 11, 12, 31, 32, 36, 38, 39, 43, 48, 49]
   Fitness: 18.5
     Total: 15
Violations: 4 4

Individual: [1, 4, 6, 8, 13, 15, 16, 28, 33, 34, 36, 37, 43, 46, 47, 49]
   Fitness: 17.0
     Total: 16
Violations: 7 7

Individual: [5, 6, 10, 11, 18, 23, 25, 29, 37, 38, 39, 42, 43, 50]
   Fitness: 18.0
     Total: 14
Violations: 3 3

Individual: [1, 4, 5, 11, 12, 19, 28, 31, 35, 40, 41, 46, 48, 49]
   Fitness: 19.0
     Total: 14
Violations: 2 2

Individual: [2, 3, 6, 7, 8, 11, 28, 33, 35, 36, 43, 44, 46, 47, 49]
   Fitness: 17.5
     Total: 15
Violations: 5 4
