10
50
12.5 -36.9
12.5 -10.38
16.0 1.712
16.0 5.36
16.0 9.064
17.5 9.336
18.0 11.966
20.0 12.552
20.0 13.802
21.0 14.15
21.0 13.998
21.5 14.192
21.5 16.102
21.5 9.556
21.5 16.994
21.5 17.592
21.5 16.196
22.0 18.396
23.0 18.668
23.0 18.844
23.0 19.344
23.0 17.032
23.0 18.96
23.0 19.338
23.0 19.84
23.0 19.316
23.0 19.858
23.0 20.24
23.0 20.028
23.0 19.368
23.0 18.528
23.0 18.41
23.0 19.836
23.0 18.98
23.0 20.15
23.0 18.996
23.0 19.472
23.0 19.476
23.0 20.656
23.0 19.446
23.0 19.438
23.0 20.12
23.0 18.656
23.0 20.216
23.0 20.606
23.0 20.25
23.0 20.36
23.0 19.954
23.0 20.384
23.0 19.372
50
3.5 -40.206
10.5 -12.606
11.5 -1.906
14.0 3.764
15.0 0.684
17.5 10.09
17.5 10.922
17.5 11.328
17.5 11.96
18.0 12.14
19.0 11.358
19.0 12.502
19.0 13.806
19.0 15.09
19.0 14.612
20.0 14.754
20.5 15.4
20.5 15.342
21.0 16.454
21.0 17.352
21.0 17.672
21.0 17.474
21.5 18.042
21.5 16.704
22.5 18.342
22.5 17.79
22.5 18.712
22.5 17.828
22.5 18.662
22.5 17.986
22.5 18.88
22.5 18.046
23.0 18.682
23.0 17.564
23.0 17.826
23.0 17.844
23.0 18.312
23.0 18.106
23.0 19.746
23.5 19.266
23.5 18.908
23.5 19.288
23.5 19.628
23.5 20.002
23.5 19.624
23.5 19.518
23.5 17.72
23.5 19.518
23.5 17.846
23.5 19.548
50
10.5 -41.388
12.0 -10.958
14.5 0.862
14.5 4.676
15.5 7.454
17.5 10.752
18.0 11.424
18.5 11.862
19.0 13.518
20.0 14.476
20.0 15.294
20.5 15.664
20.5 16.234
23.0 16.096
23.0 16.986
23.0 17.35
23.0 18.656
23.0 18.228
23.5 19.566
23.5 20.152
23.5 19.77
24.0 20.108
24.0 20.882
24.0 20.61
24.0 20.866
24.0 19.56
24.0 21.272
24.0 21.238
24.0 20.966
24.0 20.572
24.0 20.498
24.0 21.382
24.0 21.196
24.0 21.842
24.0 21.344
24.0 21.908
24.0 22.048
24.0 21.2
24.0 21.75
24.0 20.874
24.0 21.814
24.0 21.122
24.0 20.776
24.0 21.21
24.0 21.846
24.0 20.46
24.0 20.732
24.0 21.348
24.0 20.644
24.0 21.528
50
11.0 -38.576
13.0 -9.744
14.0 0.16
15.5 5.392
16.5 8.786
16.5 11.954
17.0 13.002
18.0 12.552
18.5 13.576
18.5 13.452
21.0 14.874
21.0 15.246
21.5 13.27
21.5 15.524
21.5 16.758
21.5 16.26
21.5 18.074
21.5 17.248
23.0 18.034
23.0 18.49
23.0 17.998
23.0 19.35
23.0 18.43
23.5 19.75
23.5 18.598
23.5 18.832
23.5 19.488
24.0 20.138
24.0 18.108
24.0 19.826
24.0 19.514
24.0 19.934
24.0 19.634
24.0 19.708
24.0 20.37
24.0 18.732
24.0 20.344
24.0 21.122
24.0 20.664
24.0 19.48
24.0 19.648
24.0 21.176
24.0 19.69
24.0 20.18
24.0 21.302
24.0 21.722
24.0 20.574
24.0 20.394
24.0 21.528
24.0 20.62
50
13.0 -38.226
13.0 -10.588
16.5 1.518
16.5 -1.706
16.5 8.53
18.0 11.12
19.0 12.602
19.5 13.264
20.0 11.95
20.0 15.554
20.0 14.29
20.5 16.992
21.0 16.784
21.5 16.304
21.5 16.538
21.5 17.73
21.5 16.136
21.5 16.46
21.5 17.632
22.5 18.158
22.5 18.076
22.5 17.942
22.5 18.556
22.5 18.826
22.5 19.028
22.5 18.996
22.5 19.54
22.5 17.498
22.5 18.892
22.5 19.6
22.5 20.686
22.5 20.428
22.5 20.29
22.5 20.344
22.5 19.576
22.5 19.856
22.5 18.884
22.5 17.88
22.5 19.838
22.5 19.696
22.5 18.754
22.5 19.718
22.5 20.582
22.5 20.19
22.5 20.186
22.5 19.35
22.5 20.104
22.5 19.546
22.5 20.214
22.5 19.006
50
9.5 -38.796
10.5 -9.78
13.5 1.936
16.0 4.674
16.0 7.758
18.0 11.29
19.0 10.254
19.0 12.204
19.0 12.942
20.0 12.858
20.5 15.24
21.5 14.908
22.5 16.904
22.5 17.198
22.5 17.894
22.5 18.312
23.0 18.558
23.0 18.44
23.0 17.622
23.0 19.504
23.0 19.212
23.0 19.206
23.0 20.206
23.0 20.492
23.0 19.66
23.0 20.078
23.0 20.04
23.0 20.44
23.0 19.53
23.0 19.578
23.0 20.396
23.0 21.274
23.0 20.592
23.0 19.936
23.0 20.416
23.0 19.676
23.0 19.252
23.0 19.564
23.0 19.584
23.0 19.652
23.0 20.22
23.0 20.386
23.0 20.116
23.0 20.08
23.0 19.362
23.0 19.22
23.0 20.112
23.0 20.61
23.0 20.16
23.0 20.238
50
6.0 -38.952
12.0 -11.664
14.5 -3.304
15.5 5.076
16.5 3.246
17.5 10.09
18.0 12.026
18.0 9.968
18.0 13.802
18.5 14.686
20.0 15.084
20.0 15.85
20.5 14.936
20.5 15.928
21.0 16.612
21.5 17.046
22.5 17.968
22.5 18.358
22.5 17.546
22.5 18.464
22.5 17.964
22.5 18.846
22.5 18.62
22.5 18.888
22.5 19.464
22.5 19.364
22.5 19.724
22.5 20.016
22.5 19.356
22.5 19.486
22.5 19.844
22.5 20.384
22.5 20.316
22.5 19.76
22.5 20.354
22.5 18.966
22.5 19.826
22.5 19.706
22.5 19.99
22.5 20.13
22.5 20.0
22.5 19.832
22.5 19.914
22.5 19.004
22.5 19.678
22.5 19.126
22.5 19.99
22.5 19.74
22.5 19.672
22.5 19.982
50
12.0 -37.938
12.0 -9.482
14.0 0.756
18.0 3.286
18.0 7.66
18.0 8.366
18.0 13.12
19.0 13.312
19.5 14.04
19.5 14.968
20.5 15.208
20.5 15.11
21.0 13.03
21.0 14.57
22.0 15.798
22.0 16.542
22.0 16.172
22.0 17.492
22.0 18.256
22.0 19.284
22.0 19.128
22.0 18.392
22.0 18.24
22.0 19.41
22.0 18.89
22.0 19.896
22.0 18.854
22.0 18.914
22.0 18.19
22.0 18.688
22.0 19.14
22.0 19.56
22.0 19.84
22.0 19.278
22.0 19.498
22.0 19.704
22.0 19.57
22.5 20.148
22.5 20.258
22.5 18.454
22.5 20.372
22.5 19.128
22.5 20.496
22.5 18.112
22.5 19.616
23.0 18.706
23.0 18.692
23.0 17.922
23.0 19.758
23.0 20.078
50
11.0 -38.506
15.0 -10.902
15.0 1.924
15.0 4.522
16.0 10.788
20.0 12.694
20.0 12.546
20.0 13.48
20.0 13.19
20.0 14.124
20.5 15.728
20.5 15.946
21.0 15.116
21.0 16.114
21.0 17.006
21.5 17.296
21.5 17.034
22.5 18.022
22.5 17.286
22.5 17.964
22.5 18.368
22.5 17.56
22.5 19.68
23.0 19.564
23.0 19.86
23.0 17.54
23.0 20.452
23.0 19.436
23.0 19.892
23.0 19.75
23.0 19.59
23.0 20.366
23.0 18.854
23.0 19.058
23.0 20.324
23.0 18.878
23.0 19.566
23.0 20.67
23.0 21.014
23.0 20.206
23.0 20.26
23.0 20.206
23.0 20.184
23.0 20.496
23.0 19.116
23.0 18.932
23.0 20.444
23.0 19.648
23.0 19.476
23.0 20.21
50
10.5 -38.128
10.5 -8.678
13.5 1.916
16.5 2.622
17.0 9.67
18.5 11.602
19.0 11.328
20.0 9.216
20.0 14.752
20.0 15.276
21.5 15.638
21.5 16.246
21.5 16.296
21.5 17.324
23.0 17.722
23.0 17.17
23.0 16.76
23.0 17.812
23.0 17.822
23.0 19.042
23.0 19.242
23.0 18.908
23.0 19.734
23.0 19.966
23.0 19.636
23.0 20.114
23.0 20.142
23.0 18.806
23.0 20.576
23.0 19.52
23.0 20.348
23.0 18.52
23.0 20.184
23.0 20.69
23.0 20.146
23.0 19.78
23.0 20.284
23.0 19.692
23.0 20.122
23.0 19.214
23.0 19.998
23.0 20.558
23.0 20.446
23.0 19.138
23.0 19.73
23.0 19.224
23.0 19.078
23.0 19.49
23.0 20.494
23.0 19.098

Individual: [4, 6, 10, 12, 13, 15, 19, 21, 22, 33, 37, 39, 42, 43, 48, 50]
   Fitness: 23.0
     Total: 16
Violations: 1 1

Individual: [1, 2, 4, 8, 9, 11, 19, 22, 23, 26, 28, 31, 32, 46, 47, 49, 50]
   Fitness: 23.5
     Total: 17
Violations: 2 2

Individual: [1, 2, 4, 5, 11, 12, 15, 16, 34, 35, 38, 39, 45, 46, 49, 50]
   Fitness: 24.0
     Total: 16
Violations: 0 0

Individual: [1, 2, 8, 9, 11, 12, 18, 19, 31, 32, 38, 39, 41, 42, 48, 49]
   Fitness: 24.0
     Total: 16
Violations: 0 0

Individual: [2, 3, 6, 7, 13, 14, 17, 29, 30, 35, 37, 38, 42, 48, 50]
   Fitness: 22.5
     Total: 15
Violations: 0 0

Individual: [1, 2, 5, 7, 10, 11, 14, 16, 31, 32, 34, 35, 40, 42, 43, 47]
   Fitness: 23.0
     Total: 16
Violations: 1 1

Individual: [1, 2, 5, 6, 13, 18, 19, 26, 28, 29, 41, 42, 44, 48, 49]
   Fitness: 22.5
     Total: 15
Violations: 0 0

Individual: [1, 3, 4, 6, 12, 13, 16, 17, 35, 36, 38, 43, 44, 46, 47, 49]
   Fitness: 23.0
     Total: 16
Violations: 1 1

Individual: [1, 3, 4, 9, 10, 12, 13, 26, 28, 33, 34, 36, 37, 45, 47, 50]
   Fitness: 23.0
     Total: 16
Violations: 1 1

Individual: [1, 2, 7, 9, 10, 14, 15, 25, 33, 34, 37, 38, 45, 47, 48, 50]
   Fitness: 23.0
     Total: 16
Violations: 1 1
