10
100
13.5 -39.228
16.5 -13.696
16.5 -1.84
17.5 4.274
17.5 7.252
19.0 8.724
19.0 10.32
19.0 10.812
19.0 10.966
19.0 11.366
19.5 11.592
19.5 11.906
20.0 11.254
20.0 11.37
20.0 11.36
20.0 11.884
20.0 11.476
20.0 11.764
20.0 11.594
20.0 11.554
20.0 11.168
20.0 11.798
20.0 11.916
21.0 11.28
21.0 11.956
21.0 10.622
21.5 10.872
21.5 11.726
21.5 11.732
21.5 11.792
21.5 11.316
21.5 11.958
21.5 11.362
21.5 12.368
21.5 12.428
21.5 11.436
21.5 11.782
21.5 12.234
21.5 12.286
21.5 12.636
21.5 12.136
21.5 11.78
22.5 12.274
22.5 13.132
22.5 12.156
22.5 12.442
22.5 12.098
22.5 12.208
22.5 11.996
22.5 11.684
22.5 12.262
22.5 12.1
22.5 12.638
22.5 11.918
22.5 11.77
22.5 12.156
22.5 11.898
22.5 12.19
22.5 12.088
22.5 12.516
22.5 12.21
22.5 12.086
22.5 11.594
22.5 11.658
22.5 12.126
22.5 12.616
22.5 13.134
22.5 12.85
22.5 12.548
22.5 12.644
22.5 12.846
22.5 13.26
23.0 12.702
23.0 11.668
23.0 12.192
23.0 12.684
23.0 11.65
23.0 12.894
23.0 12.034
23.0 12.834
23.0 12.076
23.0 11.992
23.0 12.374
23.0 11.778
23.0 12.826
23.0 11.832
23.0 11.38
23.0 12.44
23.0 12.196
23.0 12.81
23.0 12.33
23.0 12.38
23.0 11.946
23.0 12.846
23.0 12.69
23.0 12.612
23.0 13.306
23.0 13.182
23.0 13.36
23.0 13.176
100
11.5 -35.538
14.5 -8.26
14.5 0.218
18.5 4.708
18.5 7.178
18.5 7.992
18.5 9.088
19.0 9.974
19.0 10.784
20.0 11.434
20.0 11.122
20.0 10.726
20.0 10.54
20.0 10.858
20.0 10.828
20.0 10.904
20.5 11.29
20.5 11.354
20.5 11.33
20.5 11.324
20.5 10.876
20.5 11.446
20.5 11.556
20.5 11.354
20.5 10.94
20.5 11.25
20.5 11.226
20.5 12.19
20.5 11.56
20.5 11.048
20.5 10.88
20.5 10.98
20.5 11.158
20.5 11.688
21.5 11.354
21.5 11.488
21.5 11.426
21.5 12.05
21.5 11.198
22.0 11.14
22.0 10.962
22.0 11.698
22.0 12.028
22.0 11.844
22.0 12.262
22.0 11.408
22.0 11.448
22.0 11.808
22.0 11.626
22.0 11.0
22.0 11.8
22.0 12.198
22.0 12.128
22.0 12.684
22.0 12.454
22.0 11.882
22.5 12.902
22.5 12.138
22.5 12.566
22.5 12.58
22.5 11.96
23.5 12.198
23.5 12.368
23.5 13.158
23.5 12.674
23.5 12.596
23.5 12.42
23.5 11.978
23.5 12.71
23.5 12.74
24.0 12.63
24.0 13.018
24.0 12.734
24.0 13.15
24.0 12.582
24.0 12.768
24.0 12.8
24.0 12.694
24.0 12.66
24.0 13.628
24.0 13.76
24.0 13.99
24.0 13.334
24.0 13.356
24.0 13.98
24.0 13.426
24.0 13.182
24.0 13.26
24.0 13.164
24.0 12.992
24.0 13.5
24.0 12.972
24.0 12.928
24.0 13.36
24.0 13.254
24.0 12.778
24.0 14.134
24.0 13.44
24.0 12.906
24.0 12.218
100
8.5 -37.21
15.0 -9.882
16.5 -0.324
16.5 4.63
18.0 7.064
18.0 8.576
18.0 8.384
19.5 9.376
19.5 9.6
19.5 10.302
19.5 10.414
19.5 10.656
21.5 11.768
21.5 11.602
21.5 11.798
21.5 11.692
21.5 11.158
21.5 10.718
21.5 11.15
21.5 11.256
21.5 10.99
21.5 11.02
21.5 11.568
21.5 12.194
21.5 11.524
21.5 11.118
21.5 11.188
21.5 12.05
21.5 11.736
22.5 12.098
22.5 11.162
22.5 11.46
22.5 11.572
22.5 11.168
22.5 11.634
22.5 11.024
22.5 11.488
22.5 11.784
22.5 11.658
22.5 11.64
23.5 11.792
23.5 12.25
23.5 12.216
23.5 11.13
23.5 12.302
23.5 12.394
23.5 11.476
23.5 11.904
23.5 11.812
23.5 12.156
23.5 11.922
23.5 11.906
23.5 12.382
23.5 12.16
23.5 12.65
23.5 13.106
23.5 13.588
23.5 12.056
23.5 12.462
23.5 12.686
23.5 12.532
23.5 13.218
23.5 12.978
23.5 11.904
23.5 11.876
23.5 12.372
23.5 12.006
23.5 12.138
23.5 12.488
23.5 12.442
23.5 12.952
23.5 12.108
23.5 12.37
23.5 12.41
23.5 12.128
23.5 13.292
23.5 12.312
23.5 12.574
23.5 12.174
23.5 13.104
23.5 12.814
23.5 12.96
23.5 12.278
23.5 11.878
23.5 12.344
23.5 12.65
23.5 12.066
23.5 12.394
23.5 12.628
23.5 13.448
23.5 13.058
23.5 12.654
23.5 13.354
23.5 12.802
23.5 12.182
23.5 11.914
24.0 11.732
24.0 13.014
24.0 12.762
24.0 13.09
100
13.0 -39.33
15.0 -12.512
15.0 -2.15
16.0 3.64
16.0 6.278
19.5 7.694
19.5 9.23
19.5 9.806
19.5 10.098
19.5 10.342
19.5 10.886
20.5 11.194
20.5 10.838
20.5 10.794
20.5 10.66
20.5 11.76
20.5 11.534
20.5 11.618
23.0 10.07
23.0 11.228
23.0 11.528
23.0 11.734
23.0 11.344
23.0 11.684
23.0 11.332
23.0 12.256
23.0 11.73
23.0 11.326
23.0 11.44
23.0 11.164
23.0 11.69
23.0 12.86
23.0 11.084
23.0 11.606
23.0 11.374
23.0 11.78
23.0 11.922
23.0 10.956
23.0 12.008
23.0 11.758
23.0 11.58
23.0 12.536
23.0 11.648
23.0 11.552
23.0 12.036
23.0 11.548
23.0 12.104
23.0 12.064
23.0 12.096
23.0 11.834
23.0 12.136
23.0 12.054
23.0 12.68
23.0 11.852
23.0 12.07
23.0 11.884
23.0 12.116
23.0 11.83
23.0 11.98
23.0 12.84
23.5 12.68
23.5 12.248
23.5 12.08
23.5 11.768
23.5 12.186
23.5 11.896
23.5 11.316
23.5 11.394
23.5 11.82
23.5 12.102
23.5 12.522
23.5 12.69
23.5 12.084
23.5 12.38
23.5 12.99
23.5 12.75
23.5 12.586
23.5 12.326
23.5 12.18
23.5 12.42
23.5 12.44
23.5 12.22
23.5 11.776
24.0 12.144
24.0 13.516
24.0 12.598
24.0 12.384
24.0 12.738
24.0 12.884
24.0 13.0
24.0 12.324
24.0 12.458
24.0 12.398
24.0 12.472
24.0 13.008
24.0 12.724
24.0 12.644
24.0 12.354
24.0 13.272
24.0 13.02
100
8.5 -35.228
12.5 -8.91
15.5 0.096
16.0 4.96
17.0 7.988
18.5 9.558
18.5 9.83
20.5 10.352
20.5 10.652
20.5 11.114
20.5 11.002
20.5 11.148
20.5 11.496
20.5 11.518
20.5 11.72
20.5 11.694
20.5 11.118
20.5 11.6
21.0 12.094
21.0 11.244
21.0 12.082
21.0 11.432
22.0 11.326
22.0 12.084
22.0 12.282
22.0 12.152
22.0 11.674
22.0 11.716
22.0 11.826
22.0 12.304
22.0 12.404
22.0 12.578
22.0 12.082
22.0 11.694
22.5 12.062
22.5 12.194
22.5 12.306
22.5 11.394
22.5 11.968
22.5 12.096
22.5 11.994
22.5 12.944
22.5 11.756
22.5 12.666
22.5 12.108
22.5 12.276
22.5 12.37
22.5 12.568
22.5 12.186
22.5 11.82
22.5 12.916
22.5 12.59
22.5 12.664
22.5 11.724
22.5 12.136
22.5 12.908
22.5 12.582
22.5 12.396
22.5 13.094
22.5 12.414
22.5 12.378
22.5 12.174
22.5 12.454
22.5 11.974
22.5 12.334
22.5 12.35
22.5 12.348
22.5 12.466
22.5 12.866
22.5 12.194
22.5 12.542
22.5 11.542
23.0 12.818
23.0 12.858
23.0 12.358
23.0 12.392
23.0 12.746
23.0 12.306
23.0 12.49
23.0 11.944
23.0 12.616
23.0 12.742
23.0 12.35
23.0 12.926
23.0 12.302
23.0 13.126
23.0 12.564
23.0 12.902
23.0 12.966
23.5 12.73
23.5 13.322
23.5 12.588
23.5 12.756
23.5 12.92
23.5 12.35
23.5 12.562
23.5 12.672
23.5 12.472
23.5 13.13
23.5 13.05
100
9.5 -41.384
13.5 -11.4
14.5 -0.482
15.5 3.816
17.0 7.872
17.0 9.04
17.5 9.576
17.5 9.626
18.0 10.09
18.0 9.558
19.0 10.25
19.0 9.468
19.0 9.838
19.0 10.386
19.0 10.804
19.0 10.66
19.5 10.872
20.5 10.714
20.5 10.148
20.5 10.784
20.5 11.07
20.5 10.646
20.5 11.742
20.5 11.742
20.5 10.55
20.5 10.798
20.5 10.93
20.5 11.004
20.5 10.72
20.5 11.418
20.5 11.066
20.5 11.58
20.5 11.684
20.5 11.302
20.5 12.236
20.5 11.404
20.5 11.062
20.5 11.342
20.5 10.832
20.5 11.496
20.5 11.004
21.5 11.286
21.5 11.292
21.5 11.19
21.5 11.812
21.5 11.842
21.5 11.646
21.5 11.636
21.5 11.81
21.5 12.398
21.5 11.634
21.5 11.516
21.5 11.884
21.5 11.5
21.5 12.008
21.5 10.848
21.5 12.332
21.5 12.376
21.5 11.982
21.5 11.568
21.5 11.924
21.5 11.872
21.5 12.244
21.5 11.348
22.0 11.884
22.0 11.718
22.0 11.552
22.0 11.432
22.0 11.154
22.0 11.7
22.0 11.976
22.0 11.738
22.0 11.842
22.0 12.306
22.0 11.714
22.0 12.074
22.0 12.394
22.0 11.672
22.0 11.59
22.0 12.132
22.0 11.762
22.0 11.454
22.0 12.254
22.0 11.674
22.0 11.992
22.0 11.724
22.0 12.094
22.0 12.18
22.5 11.978
22.5 12.558
22.5 11.968
22.5 11.762
22.5 11.834
22.5 11.78
22.5 12.346
22.5 11.57
22.5 11.972
22.5 11.454
22.5 11.968
22.5 11.256
100
11.0 -39.682
13.0 -11.376
13.0 -0.266
17.0 4.604
17.0 7.016
17.0 8.886
18.0 9.738
18.5 10.042
18.5 10.546
19.5 10.876
19.5 10.738
19.5 10.642
19.5 11.902
19.5 10.938
19.5 11.768
19.5 11.588
20.5 11.098
21.0 11.526
21.5 11.64
21.5 11.706
21.5 12.148
21.5 11.55
22.0 11.696
22.0 11.738
22.0 11.506
22.0 11.614
22.0 11.662
22.0 11.432
22.0 12.448
22.0 12.47
22.0 12.588
22.0 12.276
22.0 12.234
22.0 12.104
22.5 13.214
22.5 12.526
22.5 12.754
22.5 12.352
22.5 11.652
22.5 11.602
23.0 12.218
23.0 12.448
23.0 12.27
23.0 11.918
23.0 12.348
23.0 12.474
23.0 12.152
23.0 11.734
23.0 11.91
23.0 12.074
23.0 11.926
23.0 11.986
23.0 11.894
23.0 12.488
23.0 12.214
23.0 11.822
23.0 12.674
23.0 12.764
23.0 11.774
23.0 12.282
23.0 11.846
23.0 11.656
23.0 11.832
23.0 12.254
23.0 12.12
23.0 13.05
23.0 12.058
23.0 11.218
23.0 11.646
23.0 12.484
23.0 12.704
23.0 12.854
23.0 12.208
23.0 12.712
23.0 11.978
23.0 12.932
23.0 12.056
23.0 12.576
23.0 12.016
23.0 12.344
23.0 10.986
23.0 12.164
23.0 12.572
23.0 12.336
23.0 12.16
23.0 13.112
23.0 12.496
23.0 12.628
23.0 12.264
23.0 12.138
23.0 12.872
23.0 12.484
23.0 12.172
23.0 11.598
23.0 11.942
23.0 12.348
23.0 11.674
23.0 12.822
23.0 11.824
23.0 12.136
100
9.0 -34.38
11.5 -10.628
16.0 -1.43
17.0 3.048
17.0 6.022
17.0 8.026
17.5 9.216
18.5 10.426
18.5 10.51
18.5 10.944
19.5 9.92
19.5 10.754
19.5 10.946
20.0 11.406
20.0 11.754
20.0 11.11
20.5 11.474
20.5 11.108
20.5 11.05
20.5 11.094
20.5 11.398
20.5 11.544
21.0 11.832
21.0 11.566
21.0 11.562
21.5 12.11
21.5 11.45
21.5 12.162
21.5 11.9
21.5 11.382
21.5 12.516
21.5 11.92
21.5 11.686
21.5 12.178
21.5 11.872
21.5 12.04
21.5 11.572
22.0 11.652
22.0 11.922
22.0 12.072
22.0 12.188
22.5 12.106
22.5 11.25
22.5 11.53
22.5 12.228
22.5 11.944
22.5 11.604
22.5 11.734
22.5 11.326
23.0 12.11
23.0 11.654
23.0 11.682
23.0 11.84
23.0 11.792
23.0 12.596
23.0 12.222
23.0 11.924
23.0 11.63
23.0 12.214
23.0 12.384
24.0 11.71
24.0 12.322
24.0 12.302
24.0 12.142
24.0 12.754
24.0 12.06
24.0 11.922
24.0 11.77
24.0 11.72
24.0 11.766
24.0 11.722
24.0 12.104
24.0 11.998
24.0 11.212
24.0 12.22
24.0 12.314
24.0 11.756
24.0 12.192
24.0 12.326
24.0 11.96
24.0 11.79
24.0 11.488
24.0 12.206
24.0 12.38
24.0 11.81
24.0 12.202
24.0 11.788
24.0 12.264
24.0 12.142
24.0 12.256
24.0 11.548
24.0 12.066
24.0 11.658
24.0 12.4
24.0 12.178
24.0 12.048
24.0 12.542
24.0 12.744
24.0 12.188
24.0 11.792
100
14.5 -40.258
14.5 -9.142
15.5 1.772
17.0 6.13
17.0 8.694
18.5 10.188
19.0 10.57
19.0 9.912
19.0 10.312
19.0 10.776
19.0 11.26
19.0 11.248
19.0 11.89
19.5 11.4
19.5 11.71
19.5 11.5
20.0 11.494
21.5 11.956
21.5 12.058
21.5 11.696
22.0 11.64
22.0 11.552
22.0 11.806
22.0 11.956
22.0 11.928
22.0 11.4
22.0 11.698
22.0 12.398
22.0 11.834
22.0 11.47
22.0 11.942
22.0 12.142
22.0 11.778
22.0 11.894
24.0 12.454
24.0 12.614
24.0 12.536
24.0 11.744
24.0 12.15
24.0 13.044
24.0 12.568
24.0 11.856
24.0 12.01
24.0 11.548
24.0 12.16
24.0 12.012
24.0 12.412
24.0 12.7
24.0 13.17
24.0 12.742
24.0 12.836
24.0 13.172
24.0 13.65
24.0 12.564
24.0 11.746
24.0 12.646
24.0 12.738
24.0 12.634
24.0 12.692
24.0 13.27
24.0 12.996
24.0 12.48
24.0 12.582
24.0 13.07
24.0 12.806
24.0 13.572
24.0 13.504
24.0 13.01
24.0 13.37
24.0 12.56
24.0 12.234
24.0 12.502
24.0 12.664
24.0 12.984
24.0 13.18
24.0 12.678
24.0 13.258
24.0 12.478
24.0 12.936
24.0 13.588
24.0 12.83
24.0 12.456
24.0 12.21
24.0 12.06
24.0 12.432
24.0 12.89
24.0 13.202
24.0 12.87
24.0 13.41
24.0 13.154
24.0 12.518
24.0 12.844
24.0 12.88
24.0 13.004
24.0 12.868
24.0 13.408
24.0 12.992
24.0 13.114
24.0 12.688
24.0 12.886
100
10.0 -40.308
12.0 -11.908
17.0 -0.498
17.0 4.72
19.0 7.0
19.0 8.034
19.0 9.074
19.0 8.75
19.0 9.024
19.0 9.922
19.0 10.394
19.0 10.318
19.0 10.842
19.0 10.686
19.5 10.86
19.5 11.37
19.5 10.63
19.5 10.866
19.5 11.016
19.5 10.55
19.5 10.648
20.5 11.19
22.0 11.386
22.0 11.302
22.0 11.568
22.0 11.466
22.0 12.04
22.0 12.394
22.0 11.75
22.0 12.286
22.0 12.136
23.0 11.866
23.0 11.684
23.0 12.134
23.0 12.716
23.0 12.896
23.0 12.882
23.0 12.882
23.0 13.382
23.0 13.242
23.0 13.29
23.0 12.866
23.5 12.034
23.5 12.662
23.5 12.642
23.5 11.912
23.5 12.9
23.5 12.904
23.5 12.85
23.5 12.55
23.5 12.53
23.5 13.34
23.5 13.426
23.5 12.69
23.5 12.824
23.5 12.93
23.5 12.696
23.5 13.188
23.5 12.8
23.5 12.456
23.5 13.184
24.0 13.138
24.0 13.222
24.0 13.154
24.0 13.304
24.0 13.548
24.0 12.43
24.0 12.554
24.0 12.132
24.0 12.25
24.0 12.552
24.0 12.556
24.0 12.542
24.0 12.564
24.0 12.702
24.0 12.2
24.0 11.964
24.0 12.272
24.0 11.418
24.0 12.646
24.0 12.918
24.0 13.222
24.0 13.264
24.0 12.862
24.0 13.89
24.0 13.816
24.0 13.128
24.0 12.726
24.0 12.25
24.0 12.476
24.0 12.624
24.0 13.488
24.0 12.936
24.0 13.1
24.0 13.314
24.0 12.662
24.0 13.276
24.0 12.432
24.0 12.49
24.0 12.858

Individual: [1, 2, 5, 7, 10, 11, 14, 16, 17, 19, 34, 35, 38, 39, 46, 47, 49, 50]
   Fitness: 23.0
     Total: 18
Violations: 4 4

Individual: [1, 2, 5, 6, 12, 13, 15, 16, 35, 37, 38, 40, 46, 47, 49, 50]
   Fitness: 24.0
     Total: 16
Violations: 0 0

Individual: [1, 2, 4, 5, 10, 13, 14, 17, 34, 35, 38, 39, 45, 46, 49, 50]
   Fitness: 24.0
     Total: 16
Violations: 0 0

Individual: [1, 2, 4, 5, 11, 12, 14, 15, 33, 34, 37, 39, 46, 47, 49, 50]
   Fitness: 24.0
     Total: 16
Violations: 0 0

Individual: [2, 3, 5, 6, 12, 15, 16, 17, 30, 34, 36, 37, 39, 46, 47, 49, 50]
   Fitness: 23.5
     Total: 17
Violations: 2 1

Individual: [2, 4, 5, 9, 12, 17, 18, 21, 23, 35, 36, 38, 39, 43, 45, 46, 50]
   Fitness: 22.5
     Total: 17
Violations: 3 3

Individual: [1, 2, 5, 13, 14, 16, 17, 22, 34, 35, 37, 38, 40, 47, 49, 50]
   Fitness: 23.0
     Total: 16
Violations: 1 1

Individual: [2, 4, 5, 10, 11, 13, 14, 19, 32, 37, 38, 40, 41, 46, 47, 49]
   Fitness: 24.0
     Total: 16
Violations: 0 0

Individual: [1, 2, 5, 7, 10, 11, 14, 16, 34, 35, 38, 39, 45, 46, 48, 49]
   Fitness: 24.0
     Total: 16
Violations: 0 0

Individual: [2, 5, 7, 10, 11, 14, 16, 19, 34, 35, 37, 38, 43, 46, 47, 50]
   Fitness: 24.0
     Total: 16
Violations: 0 0
