10
100
7.5 -35.068
8.0 -12.072
14.5 -3.512
14.5 2.292
14.5 6.5
16.0 7.312
18.0 10.354
18.0 11.66
18.0 12.854
19.0 13.24
19.5 14.05
19.5 14.362
20.0 15.396
21.5 15.774
21.5 15.88
21.5 16.402
22.0 17.448
22.0 17.716
22.5 17.728
22.5 18.502
22.5 18.708
22.5 18.684
22.5 18.508
23.0 19.462
23.0 18.882
23.0 19.766
23.0 19.588
23.0 19.49
23.0 18.718
23.0 19.932
23.0 19.85
23.0 19.764
23.0 19.522
23.0 19.512
23.0 19.92
23.0 19.964
23.0 19.554
23.0 20.042
23.0 20.172
23.0 19.812
23.0 20.194
23.0 18.968
23.0 19.164
23.0 19.522
23.0 19.512
23.0 18.976
23.0 19.788
23.0 19.444
23.0 19.802
24.5 19.856
24.5 19.826
24.5 20.182
24.5 18.87
24.5 19.65
24.5 19.77
24.5 20.124
24.5 19.448
24.5 19.698
24.5 20.392
24.5 20.736
24.5 20.654
24.5 20.942
24.5 20.678
24.5 20.42
24.5 20.588
24.5 20.846
24.5 21.306
24.5 20.288
24.5 21.71
24.5 20.854
24.5 21.918
24.5 21.934
24.5 21.31
24.5 21.772
24.5 21.622
24.5 21.4
24.5 21.49
24.5 21.16
24.5 21.326
24.5 21.482
24.5 20.976
24.5 21.37
24.5 21.406
24.5 21.596
24.5 20.788
24.5 19.784
24.5 20.952
24.5 21.148
24.5 20.246
24.5 20.974
24.5 21.066
24.5 21.404
24.5 20.644
24.5 20.906
24.5 21.688
24.5 21.828
24.5 21.76
24.5 21.744
24.5 21.152
24.5 21.214
100
12.0 -35.902
13.0 -13.018
13.5 -2.528
16.5 3.768
18.0 7.796
18.0 10.46
18.0 9.66
18.0 12.024
18.0 12.608
18.5 13.164
18.5 13.008
21.0 14.364
21.0 14.478
21.0 15.032
21.0 13.346
21.0 12.702
21.0 14.24
21.5 15.548
21.5 16.0
21.5 16.344
23.0 16.772
23.0 17.588
23.5 18.228
23.5 18.52
23.5 17.808
23.5 19.73
23.5 19.06
23.5 19.938
23.5 19.198
23.5 19.406
23.5 19.278
23.5 20.204
23.5 20.254
23.5 20.226
23.5 20.004
23.5 19.362
23.5 20.158
23.5 19.868
23.5 20.214
23.5 19.916
23.5 20.398
23.5 20.344
23.5 20.434
23.5 20.776
23.5 21.036
23.5 20.262
23.5 20.766
23.5 20.844
23.5 20.114
23.5 19.95
23.5 19.46
23.5 20.13
23.5 20.166
23.5 20.388
23.5 20.342
23.5 21.212
23.5 20.444
23.5 20.524
23.5 20.66
23.5 20.518
23.5 20.548
23.5 20.622
24.0 21.254
24.0 20.602
24.0 20.53
24.0 21.34
24.0 20.33
24.5 20.336
24.5 21.328
24.5 20.998
24.5 21.072
24.5 19.878
24.5 20.884
24.5 20.812
24.5 20.982
24.5 20.692
24.5 21.148
24.5 20.858
24.5 21.176
24.5 21.02
24.5 20.962
24.5 20.644
24.5 20.956
24.5 20.204
24.5 20.734
24.5 20.782
24.5 20.912
24.5 21.262
24.5 20.626
24.5 20.798
24.5 20.316
24.5 20.95
24.5 20.888
24.5 20.104
24.5 21.016
24.5 21.074
24.5 20.226
24.5 20.534
24.5 20.766
24.5 20.97
100
6.5 -38.868
13.5 -15.268
13.5 -5.072
13.5 1.092
13.5 4.434
16.5 6.114
19.0 8.182
19.5 7.392
19.5 9.806
19.5 11.1
19.5 11.782
19.5 11.99
19.5 13.702
19.5 13.498
19.5 14.036
21.0 15.118
21.0 14.422
21.0 14.958
21.0 16.044
21.0 16.278
22.0 16.85
22.0 16.83
22.0 17.11
22.0 17.33
22.0 17.45
22.0 17.32
22.0 17.732
22.0 17.714
22.0 18.582
22.0 17.672
22.5 18.226
22.5 18.524
22.5 17.962
22.5 18.872
22.5 19.518
22.5 18.812
22.5 18.928
22.5 19.024
22.5 19.068
22.5 18.226
22.5 18.304
22.5 18.302
22.5 19.298
22.5 19.614
22.5 18.636
22.5 18.666
22.5 19.27
23.0 18.912
23.0 18.79
23.0 18.514
23.0 17.986
23.5 17.918
23.5 18.898
23.5 18.844
23.5 20.016
24.0 20.016
24.0 20.052
24.0 19.134
24.0 20.298
24.0 20.426
24.0 20.264
24.5 20.18
24.5 20.044
24.5 20.548
24.5 20.502
24.5 20.894
24.5 20.946
24.5 20.506
24.5 19.79
24.5 20.884
24.5 21.258
24.5 21.132
24.5 21.542
24.5 21.606
24.5 20.914
24.5 20.954
24.5 21.412
24.5 20.788
24.5 21.19
24.5 21.68
24.5 21.474
24.5 21.194
24.5 21.238
24.5 21.276
24.5 21.19
24.5 20.86
24.5 21.31
24.5 20.992
24.5 21.524
24.5 20.682
24.5 20.83
24.5 20.788
24.5 20.92
24.5 21.052
24.5 21.036
24.5 20.91
24.5 20.874
24.5 20.682
24.5 20.874
24.5 20.086
100
11.0 -36.65
12.5 -13.242
13.5 -3.206
14.0 3.746
17.0 5.35
17.0 9.528
17.0 10.682
17.0 10.782
19.0 11.762
19.0 12.352
20.5 12.998
20.5 13.356
21.0 13.772
21.0 13.39
21.0 15.298
21.5 14.778
21.5 15.774
21.5 16.33
21.5 16.74
21.5 17.174
21.5 17.612
22.0 16.728
22.0 17.64
22.0 17.856
22.0 18.736
23.0 18.39
23.0 18.54
23.0 18.43
23.0 18.566
23.0 18.836
23.0 18.872
23.0 18.788
23.0 18.892
23.0 18.588
23.0 18.38
23.0 18.422
23.0 18.184
23.0 18.396
23.0 18.4
23.0 19.352
23.0 19.658
23.0 19.688
23.0 19.678
23.0 19.352
23.0 19.838
23.0 19.87
23.0 20.062
23.0 19.764
23.0 19.286
23.0 19.602
23.0 19.522
23.0 19.196
23.0 19.532
23.0 19.97
23.0 20.038
23.0 20.282
23.0 19.9
23.0 20.062
23.0 20.704
23.0 19.984
23.0 20.292
23.0 19.522
23.0 19.328
23.0 20.338
23.0 19.98
23.0 19.1
23.0 19.694
23.0 20.0
23.0 20.952
23.0 19.93
23.0 19.326
23.0 19.966
23.0 18.402
23.0 20.004
23.0 19.928
23.0 20.054
23.0 20.162
23.0 20.006
23.0 19.29
23.0 19.67
23.0 19.806
23.0 19.52
23.0 20.22
23.0 20.002
23.0 19.232
23.0 19.662
23.0 19.612
23.0 20.012
23.0 20.296
23.0 20.152
23.0 19.496
23.0 19.3
23.0 20.124
23.0 19.672
23.0 19.706
23.0 20.204
23.0 19.878
23.0 20.39
23.0 20.154
23.0 19.976
100
13.5 -34.21
13.5 -14.64
13.5 -4.202
16.0 1.86
16.5 6.01
16.5 7.942
17.0 10.282
18.0 12.158
18.5 10.578
20.0 12.378
20.0 13.216
20.5 12.912
20.5 14.454
22.0 14.564
22.5 15.476
22.5 15.924
22.5 16.306
22.5 15.82
22.5 16.86
23.0 18.372
23.0 18.554
23.0 18.712
23.0 19.922
23.0 19.582
24.0 20.186
24.0 19.286
24.0 20.078
24.0 19.73
24.0 19.084
24.0 20.04
24.0 20.766
24.0 20.234
24.0 19.192
24.0 18.906
24.0 19.856
24.0 20.094
24.0 20.058
24.0 19.794
24.0 19.982
24.0 20.286
24.0 20.862
24.0 20.944
24.0 21.014
24.0 20.924
24.0 20.404
24.0 20.868
24.0 21.132
24.0 20.746
24.0 20.922
24.0 20.434
24.0 20.594
24.0 20.916
24.0 21.034
24.0 21.338
24.0 21.366
24.0 21.876
24.0 21.718
24.0 21.636
24.0 21.164
24.0 20.9
24.0 20.648
24.0 20.148
24.0 20.276
24.0 20.012
24.0 20.312
24.0 19.694
24.0 20.166
24.0 18.554
24.0 20.11
24.0 20.292
24.0 20.578
24.0 20.134
24.0 20.516
24.0 20.238
24.0 20.728
24.0 20.676
24.0 20.832
24.0 20.522
24.0 20.626
24.0 20.608
24.0 20.674
24.0 20.456
24.0 21.164
24.0 20.786
24.0 21.186
24.0 21.402
24.0 21.324
24.0 19.668
24.0 20.926
24.0 20.126
24.0 20.184
24.0 19.204
24.0 20.34
24.0 19.95
24.0 20.496
24.0 20.242
24.0 19.982
24.0 20.796
24.0 19.812
24.0 20.548
100
9.0 -38.476
11.5 -14.814
13.5 -2.896
16.5 2.588
17.5 7.084
17.5 9.41
18.0 12.082
18.5 12.462
18.5 13.102
19.0 13.072
19.0 14.114
19.5 14.688
20.0 14.7
20.0 15.454
20.0 15.532
20.0 15.602
21.0 15.01
21.0 15.12
21.0 15.89
21.0 16.116
21.0 16.404
21.0 16.41
21.0 17.19
21.5 17.23
22.0 16.212
22.5 16.986
22.5 17.792
22.5 17.216
22.5 18.154
22.5 17.828
22.5 18.508
22.5 18.554
22.5 18.514
22.5 18.562
23.0 19.106
23.0 18.328
23.0 18.88
23.0 18.362
23.0 18.97
23.5 18.236
23.5 18.68
23.5 18.774
23.5 18.858
23.5 18.11
23.5 18.46
23.5 19.182
24.0 19.396
24.0 18.778
24.0 18.898
24.0 18.492
24.0 18.33
24.0 19.014
24.0 19.592
24.0 19.866
24.0 20.272
24.0 20.51
24.0 20.958
24.0 21.188
24.0 21.042
24.0 21.178
24.0 21.302
24.0 20.67
24.0 21.322
24.0 20.77
24.0 21.36
24.0 20.964
24.0 20.594
24.0 20.694
24.0 20.284
24.0 21.086
24.0 21.002
24.0 20.95
24.0 20.916
24.0 20.844
24.0 21.018
24.0 20.774
24.0 20.806
24.0 20.842
24.0 20.408
24.0 19.9
24.0 20.864
24.0 20.29
24.0 21.124
24.0 21.232
24.0 21.86
24.0 21.14
24.0 21.252
24.0 20.65
24.0 20.704
24.0 20.992
24.0 21.2
24.0 21.428
24.0 20.718
24.0 20.736
24.0 20.738
24.0 20.744
24.0 20.548
24.0 21.218
24.0 21.094
24.0 20.518
100
10.5 -35.772
12.5 -15.514
14.5 -4.928
14.5 1.084
15.0 5.354
16.0 8.722
17.0 10.028
18.0 11.85
18.0 12.596
20.0 13.162
20.0 14.296
20.5 14.788
20.5 14.684
20.5 14.764
21.0 15.686
21.0 14.354
21.0 16.3
21.0 15.334
21.0 17.26
21.5 16.512
21.5 16.416
22.5 17.302
22.5 16.306
23.0 17.528
23.0 16.762
23.5 18.08
23.5 17.928
24.0 18.37
24.0 18.37
24.0 19.062
24.0 20.008
24.0 20.662
24.0 19.324
24.0 19.88
24.0 20.528
24.0 19.508
24.0 19.34
24.0 19.772
24.0 20.096
24.0 20.69
24.0 19.744
24.0 19.98
24.0 20.098
24.0 20.58
24.0 19.868
24.0 20.482
24.0 18.574
24.0 20.634
24.0 20.642
24.0 20.776
24.0 20.83
24.0 20.124
24.0 19.906
24.0 20.494
24.0 20.844
24.0 20.912
24.0 19.712
24.0 20.794
24.0 20.396
24.0 20.024
24.0 21.014
24.0 20.038
24.0 20.608
24.0 20.228
24.0 19.14
24.0 20.118
24.0 19.8
24.0 19.414
24.0 20.564
24.0 19.816
24.0 19.836
24.0 19.986
24.0 19.816
24.0 19.922
24.0 20.476
24.0 20.248
24.0 19.904
24.0 20.526
24.0 19.966
24.0 20.374
24.0 20.962
24.0 20.77
24.0 20.16
24.0 21.214
24.0 20.352
24.0 19.986
24.0 19.462
24.0 19.334
24.0 19.352
24.0 20.468
24.0 19.778
24.0 20.652
24.0 20.654
24.0 21.114
24.0 20.8
24.0 20.694
24.0 20.966
24.0 21.16
24.0 21.428
24.0 20.734
100
12.5 -36.982
12.5 -15.694
12.5 -4.358
16.0 -2.47
16.5 3.286
17.0 8.246
17.5 10.61
19.0 12.254
19.0 13.28
19.0 12.066
19.0 14.078
20.5 14.774
20.5 14.946
20.5 15.268
21.0 15.398
21.0 15.936
21.0 16.036
22.0 16.29
22.5 17.13
22.5 16.944
22.5 16.48
24.0 17.85
24.0 17.824
24.0 18.292
24.0 18.612
24.0 18.776
24.0 19.466
24.0 19.43
24.0 19.452
24.0 18.726
24.0 19.416
24.0 19.576
24.0 19.906
24.0 19.756
24.0 20.224
24.0 20.316
24.0 19.76
24.0 20.298
24.0 20.354
24.0 19.666
24.0 20.784
24.0 21.176
24.0 21.604
24.0 20.616
24.0 20.578
24.0 19.83
24.0 20.712
24.0 21.008
24.0 21.014
24.0 20.434
24.0 21.016
24.0 20.15
24.0 20.18
24.0 20.41
24.0 20.102
24.0 20.34
24.0 20.854
24.0 19.664
24.0 19.936
24.0 20.1
24.0 20.308
24.0 20.582
24.0 20.148
24.0 20.198
24.0 20.65
24.0 20.698
24.0 20.176
24.0 20.76
24.0 19.436
24.0 21.43
24.0 21.29
24.0 18.784
24.0 19.842
24.0 19.462
24.0 19.864
24.0 20.236
24.0 20.538
24.0 20.26
24.0 19.948
24.0 20.15
24.0 19.874
24.0 20.312
24.0 20.574
24.0 19.934
24.0 20.342
24.0 19.526
24.0 19.52
24.0 19.91
24.0 19.576
24.0 20.148
24.0 20.508
24.0 20.76
24.0 20.386
24.0 20.738
24.0 20.41
24.0 19.576
24.0 20.824
24.0 20.392
24.0 20.412
24.0 20.676
100
7.5 -36.166
11.0 -14.856
14.5 -4.47
16.0 1.63
16.0 5.508
19.0 6.922
19.0 8.504
19.0 11.422
19.0 13.184
20.0 13.802
20.0 14.428
20.0 15.58
21.5 16.136
22.5 16.092
22.5 17.406
22.5 17.684
22.5 17.86
24.0 17.288
24.0 18.588
24.0 19.438
24.0 18.97
24.0 19.396
24.0 19.28
24.0 19.858
24.0 20.424
24.0 19.678
24.0 19.61
24.0 20.636
24.0 20.636
24.0 20.796
24.0 20.886
24.0 20.706
24.0 19.898
24.0 21.008
24.0 21.26
24.0 20.128
24.0 19.882
24.0 20.49
24.0 20.566
24.0 20.808
24.0 20.742
24.0 20.572
24.0 20.802
24.0 20.68
24.0 20.626
24.0 21.222
24.0 20.38
24.0 19.944
24.0 20.438
24.0 20.624
24.0 20.41
24.0 20.262
24.0 20.218
24.0 20.33
24.0 20.488
24.0 20.226
24.0 20.16
24.0 20.202
24.0 21.002
24.0 21.048
24.0 20.674
24.0 19.34
24.0 20.254
24.0 20.55
24.0 20.516
24.0 20.836
24.0 20.564
24.0 21.262
24.0 21.052
24.0 21.366
24.0 20.566
24.0 21.32
24.0 21.278
24.0 21.46
24.0 21.474
24.0 21.394
24.0 20.574
24.0 21.518
24.0 21.026
24.0 21.156
24.0 20.894
24.0 21.128
24.0 21.038
24.0 21.556
24.0 21.65
24.0 21.458
24.0 21.296
24.0 21.218
24.0 21.112
24.0 20.15
24.0 20.954
24.0 21.028
24.0 21.162
24.0 20.706
24.0 21.366
24.0 20.638
24.0 20.856
24.0 20.902
24.0 21.11
24.0 19.884
100
11.0 -36.548
12.0 -16.244
12.0 -5.874
13.5 0.476
18.0 2.628
18.0 3.468
18.0 8.134
18.0 10.666
18.0 10.882
19.0 11.824
19.0 13.82
19.0 13.718
19.0 15.078
19.5 15.116
20.0 14.846
20.0 16.272
21.0 16.858
21.0 16.51
21.0 16.88
21.0 17.39
21.0 17.144
21.0 17.244
21.0 17.67
21.0 17.292
21.0 18.374
21.5 17.164
21.5 17.274
21.5 17.664
21.5 17.222
21.5 17.38
21.5 16.446
21.5 17.238
21.5 17.308
21.5 17.818
21.5 17.306
21.5 17.314
21.5 17.538
21.5 17.586
21.5 17.71
21.5 17.53
21.5 18.204
21.5 16.284
21.5 16.914
21.5 16.93
21.5 17.076
21.5 17.02
21.5 17.306
21.5 17.452
21.5 17.472
21.5 17.762
21.5 18.326
21.5 18.666
21.5 18.674
21.5 18.096
21.5 17.73
21.5 18.014
21.5 17.324
21.5 17.782
21.5 17.688
21.5 17.2
22.5 17.662
22.5 17.476
22.5 17.594
22.5 17.072
22.5 18.176
22.5 17.52
22.5 17.782
22.5 18.342
22.5 18.368
22.5 17.274
22.5 17.88
22.5 18.496
22.5 18.956
22.5 19.058
22.5 19.032
22.5 18.258
22.5 18.762
22.5 19.192
22.5 19.004
22.5 18.728
22.5 19.416
22.5 19.114
22.5 19.364
22.5 19.416
22.5 19.59
22.5 19.006
22.5 19.138
22.5 19.986
22.5 19.578
22.5 19.188
22.5 19.844
22.5 19.392
22.5 19.13
22.5 19.086
22.5 18.748
22.5 18.912
22.5 19.172
22.5 19.598
22.5 18.568
22.5 19.232

Individual: [1, 2, 6, 7, 9, 14, 15, 17, 18, 37, 38, 40, 41, 46, 47, 49, 50]
   Fitness: 24.5
     Total: 17
Violations: 1 1

Individual: [1, 4, 5, 8, 13, 14, 16, 17, 19, 35, 36, 39, 40, 46, 47, 49, 50]
   Fitness: 24.5
     Total: 17
Violations: 1 1

Individual: [1, 2, 6, 7, 9, 14, 15, 18, 20, 36, 37, 40, 41, 46, 47, 49, 50]
   Fitness: 24.5
     Total: 17
Violations: 1 1

Individual: [2, 3, 5, 6, 11, 12, 14, 15, 29, 31, 37, 38, 41, 42, 49, 50]
   Fitness: 23.0
     Total: 16
Violations: 1 1

Individual: [1, 2, 4, 8, 10, 11, 13, 17, 31, 34, 35, 38, 43, 44, 46, 47]
   Fitness: 24.0
     Total: 16
Violations: 0 0

Individual: [1, 2, 5, 7, 10, 14, 16, 17, 36, 38, 39, 41, 45, 47, 48, 50]
   Fitness: 24.0
     Total: 16
Violations: 0 0

Individual: [1, 2, 4, 5, 13, 16, 20, 23, 29, 32, 34, 40, 43, 47, 49, 50]
   Fitness: 24.0
     Total: 16
Violations: 0 0

Individual: [5, 6, 8, 9, 14, 15, 17, 18, 34, 35, 38, 40, 43, 44, 47, 49]
   Fitness: 24.0
     Total: 16
Violations: 0 0

Individual: [1, 3, 4, 6, 12, 13, 15, 16, 32, 34, 35, 37, 38, 43, 46, 47, 50]
   Fitness: 24.5
     Total: 17
Violations: 1 1

Individual: [1, 3, 4, 6, 17, 18, 20, 21, 26, 27, 29, 42, 44, 45, 47]
   Fitness: 22.5
     Total: 15
Violations: 0 0
