10
100
9.5 -37.716
11.5 -5.132
15.0 4.018
16.5 8.374
19.5 11.0
19.5 12.382
19.5 13.574
19.5 14.022
20.0 14.424
21.5 14.93
21.5 15.25
21.5 15.884
22.0 16.414
23.0 17.076
23.0 17.444
23.5 17.712
23.5 17.794
24.0 18.002
24.0 18.642
24.0 18.672
24.0 18.54
24.0 18.454
24.0 18.72
24.0 18.766
24.0 19.234
24.0 19.482
24.0 19.386
24.0 19.588
24.0 19.592
24.0 19.4
24.0 19.43
24.0 19.44
24.0 19.372
24.0 19.576
24.0 19.222
24.0 19.558
24.0 19.708
24.0 19.492
24.0 18.982
24.0 19.654
24.0 19.714
24.0 19.47
24.0 19.426
24.0 19.69
24.0 19.138
24.0 19.412
24.0 19.096
24.0 19.562
24.0 19.676
24.0 19.618
24.0 19.494
24.0 19.312
24.0 19.246
24.0 19.466
24.0 19.388
24.0 19.096
24.0 19.558
24.0 19.612
24.0 19.872
24.0 19.366
24.0 19.602
24.0 19.074
24.0 19.564
24.0 19.884
24.0 19.88
24.0 19.86
24.0 19.554
24.0 19.51
24.0 19.618
24.0 19.862
24.0 20.046
24.0 19.25
24.0 19.342
24.0 19.356
24.0 19.54
24.0 19.53
24.0 19.516
24.0 19.188
24.0 19.312
24.0 19.868
24.0 19.522
24.0 19.506
24.0 19.414
24.0 19.79
24.0 19.766
24.0 19.488
24.0 19.52
24.0 19.792
24.0 19.304
24.0 19.76
24.0 19.602
24.0 19.35
24.0 19.366
24.0 19.594
24.0 19.038
24.0 19.544
24.0 19.248
24.0 19.226
24.0 19.748
24.0 19.572
100
11.0 -36.55
15.5 -5.056
17.5 5.142
18.0 9.782
18.0 12.168
20.5 12.906
20.5 14.186
20.5 15.058
22.0 15.228
22.0 15.158
23.5 15.806
23.5 16.106
23.5 16.622
23.5 16.952
24.0 17.218
24.0 17.284
24.0 17.84
24.0 18.308
24.5 18.646
24.5 18.89
24.5 18.35
24.5 18.936
24.5 18.982
24.5 19.104
24.5 19.32
24.5 19.228
24.5 19.538
24.5 19.294
24.5 19.02
24.5 19.102
24.5 18.778
24.5 19.29
24.5 19.156
24.5 19.292
24.5 19.372
24.5 19.608
24.5 18.968
24.5 19.418
24.5 19.388
24.5 19.166
24.5 18.95
24.5 19.386
24.5 19.048
24.5 19.07
24.5 19.07
24.5 19.262
24.5 18.558
24.5 19.04
24.5 19.292
24.5 18.982
24.5 19.072
24.5 19.152
24.5 19.428
24.5 19.238
24.5 19.72
24.5 19.224
24.5 18.956
24.5 19.008
24.5 19.396
24.5 19.256
24.5 19.32
24.5 19.47
24.5 19.452
24.5 19.562
24.5 19.006
24.5 19.952
24.5 19.056
24.5 18.942
24.5 18.778
24.5 18.442
24.5 19.046
24.5 18.826
24.5 19.486
24.5 19.384
24.5 19.298
24.5 18.934
24.5 19.16
24.5 19.118
24.5 18.674
24.5 19.246
24.5 18.844
24.5 19.332
24.5 19.02
24.5 19.404
24.5 18.896
24.5 18.994
24.5 19.032
24.5 19.392
24.5 19.696
24.5 19.138
24.5 20.022
24.5 19.514
24.5 19.494
24.5 19.258
24.5 19.02
24.5 19.102
24.5 19.438
24.5 19.29
24.5 19.306
24.5 19.284
100
10.0 -39.692
13.5 -6.846
15.5 3.688
17.0 9.164
17.5 11.038
18.0 11.71
20.0 12.906
20.0 12.742
20.0 13.3
20.0 13.408
20.0 13.836
20.0 14.606
20.5 15.002
21.0 15.302
22.0 15.952
22.0 16.412
22.0 16.19
22.5 16.406
22.5 16.71
22.5 16.458
23.0 16.856
23.0 17.346
23.0 17.498
23.0 17.678
23.0 18.056
23.0 17.736
23.0 17.972
23.0 18.39
23.0 18.124
23.0 18.576
23.0 18.608
23.0 18.442
23.0 18.812
23.0 18.532
23.0 18.398
23.0 18.632
23.0 18.566
23.0 18.602
23.0 18.534
23.0 18.618
23.0 18.12
23.0 18.566
23.0 18.664
23.0 18.556
23.0 18.402
23.0 18.098
23.0 18.328
23.0 18.36
23.0 18.958
23.0 18.224
23.0 18.378
23.0 18.126
23.0 18.122
23.0 17.798
23.0 17.856
23.5 18.326
23.5 18.194
23.5 18.508
23.5 18.09
23.5 18.334
23.5 18.394
23.5 17.818
23.5 18.222
23.5 18.252
23.5 18.402
23.5 18.66
23.5 18.64
23.5 18.282
23.5 18.334
23.5 18.712
23.5 18.894
23.5 18.928
24.0 18.998
24.0 19.326
24.0 18.964
24.0 19.494
24.0 19.064
24.0 19.196
24.0 19.332
24.0 19.684
24.0 19.818
24.0 19.634
24.0 19.83
24.0 19.752
24.0 19.804
24.0 19.81
24.0 19.566
24.0 19.604
24.0 19.718
24.0 19.826
24.0 19.76
24.0 19.702
24.0 20.086
24.0 19.62
24.0 19.654
24.0 19.892
24.0 19.286
24.0 19.714
24.0 19.496
24.0 19.67
100
15.0 -34.746
15.0 -4.44
16.0 5.974
17.5 9.768
20.0 12.322
20.0 12.918
20.0 13.742
20.5 14.13
20.5 15.032
20.5 15.244
20.5 15.61
21.5 15.66
21.5 15.932
21.5 16.216
22.0 16.178
22.0 16.214
22.0 16.362
22.0 16.868
22.0 16.874
22.0 16.796
22.0 17.358
22.5 17.518
22.5 17.81
22.5 17.204
22.5 17.87
22.5 17.38
22.5 17.41
22.5 17.92
23.0 17.792
24.0 17.336
24.0 17.788
24.0 17.75
24.0 17.924
24.0 18.04
24.0 18.284
24.0 17.932
24.0 18.754
24.0 18.566
24.0 19.292
24.0 19.248
24.0 19.132
24.0 19.168
24.0 18.856
24.0 18.782
24.0 19.232
24.0 18.918
24.0 19.052
24.0 19.2
24.0 19.41
24.0 19.526
24.0 19.314
24.0 19.052
24.0 18.798
24.0 18.718
24.0 19.462
24.0 18.908
24.0 18.888
24.0 19.25
24.0 19.62
24.0 19.1
24.0 18.974
24.0 19.296
24.0 18.972
24.0 19.056
24.0 19.148
24.0 19.326
24.0 19.522
24.0 18.966
24.0 19.044
24.0 19.812
24.0 19.44
24.0 19.304
24.0 19.152
24.0 19.084
24.0 19.382
24.0 19.078
24.0 19.03
24.0 19.454
24.0 19.312
24.0 19.652
24.0 19.082
24.0 18.806
24.0 18.674
24.0 18.4
24.0 19.388
24.0 19.204
24.0 19.308
24.0 19.226
24.0 19.144
24.0 19.316
24.0 18.644
24.0 19.566
24.0 19.518
24.0 19.214
24.0 19.338
24.0 19.49
24.0 19.248
24.0 19.106
24.0 19.162
24.0 19.63
100
8.5 -35.42
15.5 -4.022
15.5 4.91
17.5 9.174
18.0 11.226
18.5 12.416
19.5 13.428
21.0 13.862
21.0 14.596
21.0 14.604
21.0 14.878
21.0 15.266
21.0 15.586
21.0 15.52
21.0 15.566
21.0 15.914
21.0 16.32
21.0 17.036
21.0 17.09
21.0 17.148
21.0 17.264
22.0 17.4
22.0 17.01
22.0 17.33
22.0 17.248
22.0 16.954
22.0 17.052
22.0 16.922
22.0 16.802
22.5 16.748
22.5 16.874
22.5 16.954
22.5 16.832
22.5 16.748
22.5 16.992
23.0 17.28
23.0 16.916
23.0 17.186
23.0 17.74
23.5 18.19
23.5 18.262
23.5 18.234
23.5 18.416
23.5 18.512
23.5 18.666
23.5 18.316
23.5 18.29
23.5 18.022
23.5 18.616
23.5 18.758
23.5 18.254
23.5 19.134
23.5 18.696
23.5 18.554
23.5 18.536
23.5 18.542
23.5 18.2
23.5 18.176
23.5 18.992
23.5 18.876
23.5 18.312
23.5 18.516
23.5 18.934
23.5 19.266
23.5 18.344
23.5 18.206
23.5 18.228
23.5 18.798
23.5 18.89
23.5 18.794
23.5 18.812
23.5 18.836
23.5 18.42
23.5 18.692
23.5 18.212
23.5 18.64
23.5 18.544
23.5 18.392
23.5 18.714
23.5 18.484
24.0 18.27
24.0 18.892
24.0 18.912
24.0 18.744
24.0 18.848
24.0 18.28
24.0 18.07
24.0 18.612
24.0 18.218
24.0 18.198
24.0 18.466
24.0 18.712
24.0 18.846
24.0 18.904
24.0 18.9
24.0 19.022
24.0 19.934
24.5 19.538
24.5 19.596
24.5 19.434
100
12.0 -40.552
12.0 -6.374
14.5 3.762
17.5 8.936
17.5 11.066
17.5 12.592
19.0 13.334
19.0 13.41
19.0 14.358
19.5 14.718
20.5 15.444
20.5 15.59
20.5 15.936
20.5 16.148
21.0 16.308
21.0 16.366
22.0 16.708
22.0 16.614
22.5 17.126
22.5 16.972
22.5 17.112
22.5 17.196
22.5 17.212
22.5 17.202
22.5 17.428
22.5 17.804
22.5 18.178
22.5 18.208
22.5 18.06
22.5 18.378
22.5 18.682
22.5 18.484
22.5 18.18
22.5 18.606
22.5 18.426
22.5 18.456
22.5 18.672
22.5 18.526
22.5 18.51
22.5 18.546
22.5 18.366
22.5 18.346
22.5 18.702
22.5 18.418
22.5 18.372
22.5 18.286
22.5 18.434
22.5 18.254
22.5 18.55
22.5 18.424
22.5 18.018
22.5 18.506
22.5 18.528
22.5 18.532
22.5 18.596
22.5 18.532
22.5 18.742
22.5 18.898
22.5 18.65
22.5 18.938
22.5 18.7
22.5 18.626
22.5 18.728
22.5 18.692
22.5 18.112
22.5 18.558
22.5 18.846
22.5 18.442
22.5 18.368
22.5 18.498
22.5 18.22
22.5 18.744
22.5 18.536
22.5 18.356
22.5 18.77
22.5 18.192
22.5 18.224
22.5 18.56
22.5 18.466
22.5 18.55
22.5 18.664
22.5 18.586
22.5 18.588
22.5 18.386
22.5 18.558
22.5 18.692
22.5 18.294
22.5 18.322
22.5 18.436
22.5 18.636
22.5 18.632
22.5 18.588
22.5 18.728
22.5 18.904
22.5 18.592
22.5 18.318
22.5 18.092
22.5 18.738
22.5 18.332
22.5 18.384
100
10.0 -35.792
13.0 -6.242
15.0 4.908
17.5 9.004
19.0 11.522
19.5 12.716
20.5 13.844
20.5 14.716
20.5 15.572
21.0 15.924
22.5 16.168
22.5 16.634
22.5 17.088
22.5 17.506
22.5 17.752
22.5 18.304
22.5 18.06
22.5 18.514
22.5 18.24
23.0 18.61
23.0 18.844
23.0 18.654
23.0 18.422
23.0 18.448
23.0 18.484
23.0 18.8
23.0 18.284
23.0 18.444
23.0 18.486
23.0 18.574
23.5 18.254
24.0 18.228
24.0 18.286
24.0 18.548
24.0 18.586
24.0 18.34
24.0 18.356
24.0 18.062
24.0 17.898
24.0 18.368
24.0 19.096
24.0 19.068
24.0 19.414
24.0 19.424
24.0 19.668
24.0 19.504
24.0 19.384
24.0 19.868
24.0 19.352
24.0 19.098
24.0 18.814
24.0 19.256
24.0 18.934
24.0 19.242
24.0 19.304
24.0 19.46
24.0 19.536
24.0 19.472
24.0 19.328
24.0 18.94
24.0 19.422
24.0 19.248
24.0 19.116
24.0 18.99
24.0 19.04
24.0 19.08
24.0 18.97
24.0 19.482
24.0 19.46
24.0 19.566
24.0 19.47
24.0 19.458
24.0 19.276
24.0 19.28
24.0 18.894
24.0 19.632
24.0 19.73
24.0 19.742
24.0 19.616
24.0 19.206
24.0 18.974
24.0 19.16
24.0 19.246
24.0 19.096
24.0 19.298
24.0 19.57
24.0 19.752
24.0 19.428
24.0 19.624
24.0 19.406
24.0 19.554
24.0 19.558
24.0 19.432
24.0 19.114
24.0 19.268
24.0 19.404
24.0 19.386
24.0 19.232
24.0 19.25
24.0 19.232
100
12.0 -36.384
13.5 -5.048
15.5 6.318
17.5 10.722
18.0 12.374
18.5 12.954
19.0 13.988
19.5 14.26
20.5 14.3
20.5 14.978
21.5 15.252
21.5 15.524
21.5 16.054
22.5 16.856
22.5 16.996
23.5 17.018
23.5 17.254
23.5 17.646
23.5 18.074
24.0 18.222
24.0 17.826
24.0 18.182
24.0 18.482
24.0 19.16
24.0 19.192
24.0 19.05
24.0 19.578
24.0 19.362
24.0 19.538
24.0 19.462
24.0 19.804
24.0 19.614
24.0 19.768
24.0 19.51
24.0 19.688
24.0 18.79
24.0 19.024
24.0 19.514
24.0 18.956
24.0 19.476
24.0 19.694
24.0 19.462
24.0 19.386
24.0 19.514
24.0 19.366
24.0 19.798
24.0 19.636
24.0 19.076
24.0 19.2
24.0 19.906
24.0 19.434
24.0 19.134
24.0 19.27
24.0 19.434
24.0 19.274
24.0 19.518
24.0 19.816
24.0 19.022
24.0 19.48
24.0 19.344
24.0 19.536
24.0 19.696
24.0 19.404
24.0 19.502
24.0 19.69
24.0 18.988
24.0 19.294
24.0 19.284
24.0 19.032
24.0 19.59
24.0 19.352
24.0 19.63
24.0 19.39
24.0 19.182
24.0 19.438
24.0 19.51
24.0 19.018
24.0 18.932
24.0 19.49
24.0 19.608
24.0 19.264
24.0 19.458
24.0 19.658
24.0 19.398
24.0 19.01
24.0 19.594
24.0 19.284
24.0 19.944
24.0 19.31
24.0 19.166
24.0 19.49
24.0 19.468
24.0 19.35
24.0 19.464
24.0 19.488
24.0 19.386
24.0 19.646
24.0 19.316
24.0 19.68
24.0 19.186
100
7.5 -39.764
12.0 -6.82
15.0 3.128
15.5 8.19
17.5 10.81
18.0 12.166
18.5 12.224
18.5 13.33
19.0 13.41
19.0 13.928
19.5 14.168
19.5 13.954
20.5 14.444
21.0 14.434
22.0 15.05
22.0 15.176
22.0 16.032
23.0 16.158
23.5 16.746
23.5 17.532
23.5 17.338
23.5 17.578
23.5 17.956
24.0 18.714
24.0 18.854
24.0 18.902
24.0 19.336
24.0 19.63
24.0 19.172
24.0 19.774
24.0 19.812
24.0 19.622
24.0 19.84
24.0 19.924
24.0 19.914
24.0 19.826
24.0 19.602
24.0 19.31
24.0 19.706
24.0 19.818
24.0 19.988
24.0 19.852
24.0 19.878
24.0 19.66
24.0 19.772
24.0 19.518
24.0 19.794
24.0 19.682
24.0 19.884
24.0 19.348
24.0 19.684
24.0 20.028
24.0 19.888
24.0 20.122
24.0 19.55
24.0 19.626
24.0 19.35
24.0 19.536
24.0 19.576
24.0 19.7
24.0 19.89
24.0 20.036
24.0 19.392
24.0 19.356
24.0 19.824
24.0 19.694
24.0 19.77
24.0 19.974
24.0 20.118
24.0 20.174
24.0 19.65
24.0 19.824
24.0 19.896
24.0 19.828
24.0 19.578
24.0 19.646
24.0 19.624
24.0 19.632
24.0 19.628
24.0 20.206
24.0 19.714
24.0 19.966
24.0 19.944
24.0 19.826
24.0 19.8
24.0 19.384
24.0 19.836
24.0 19.79
24.0 19.446
24.0 19.682
24.0 19.956
24.0 19.858
24.0 19.248
24.0 19.782
24.0 19.576
24.0 19.974
24.0 19.766
24.0 19.428
24.0 19.87
24.0 19.828
100
8.5 -35.282
14.5 -4.856
14.5 4.23
17.0 8.5
17.5 10.69
19.5 12.424
19.5 13.292
19.5 13.712
20.0 14.308
20.0 14.484
20.5 14.816
20.5 14.768
20.5 15.148
21.5 15.648
21.5 15.714
21.5 15.81
22.0 15.906
22.0 16.2
22.0 16.208
22.5 16.87
22.5 17.12
23.0 17.358
23.0 17.348
23.0 17.668
23.0 17.062
23.5 18.038
24.0 18.288
24.0 17.806
24.0 18.27
24.0 18.1
24.0 17.746
24.0 17.902
24.0 18.104
24.0 17.934
24.0 18.076
24.0 18.432
24.0 18.726
24.0 19.084
24.0 18.966
24.0 18.254
24.0 19.098
24.0 19.268
24.0 19.318
24.0 18.634
24.0 18.944
24.0 18.88
24.0 18.868
24.0 18.958
24.0 19.316
24.0 18.818
24.0 19.126
24.0 19.7
24.0 19.014
24.0 19.406
24.0 19.4
24.0 19.026
24.0 19.35
24.0 18.558
24.0 18.458
24.0 18.932
24.0 18.94
24.0 19.106
24.0 18.926
24.0 18.852
24.0 18.328
24.0 18.216
24.0 18.394
24.0 18.85
24.0 19.202
24.0 18.958
24.0 19.07
24.0 18.674
24.0 18.662
24.0 18.738
24.0 18.754
24.0 19.142
24.0 18.906
24.0 18.784
24.0 19.038
24.0 18.612
24.0 19.436
24.0 19.524
24.0 18.876
24.0 19.162
24.0 19.104
24.0 19.172
24.0 18.952
24.0 18.574
24.0 18.702
24.0 18.802
24.0 18.49
24.0 18.78
24.0 18.896
24.0 18.532
24.0 18.862
24.0 19.078
24.0 19.434
24.0 18.828
24.0 19.064
24.0 19.072

Individual: [1, 2, 4, 5, 13, 14, 16, 17, 34, 35, 37, 38, 43, 46, 47, 50]
   Fitness: 24.0
     Total: 16
Violations: 0 0

Individual: [3, 4, 6, 12, 14, 16, 17, 19, 23, 36, 38, 39, 41, 45, 47, 48, 50]
   Fitness: 24.5
     Total: 17
Violations: 1 1

Individual: [1, 2, 5, 6, 12, 13, 16, 17, 34, 35, 37, 38, 44, 45, 47, 48]
   Fitness: 24.0
     Total: 16
Violations: 0 0

Individual: [1, 2, 8, 9, 11, 12, 18, 19, 31, 32, 38, 39, 41, 42, 48, 49]
   Fitness: 24.0
     Total: 16
Violations: 0 0

Individual: [1, 3, 4, 6, 7, 14, 15, 17, 18, 34, 36, 37, 39, 43, 45, 46, 48]
   Fitness: 24.5
     Total: 17
Violations: 1 1

Individual: [3, 4, 7, 9, 16, 17, 19, 20, 32, 39, 40, 42, 43, 49, 50]
   Fitness: 22.5
     Total: 15
Violations: 0 0

Individual: [2, 3, 5, 9, 12, 14, 17, 18, 30, 36, 38, 39, 41, 45, 47, 50]
   Fitness: 24.0
     Total: 16
Violations: 0 0

Individual: [2, 3, 5, 6, 11, 12, 14, 15, 33, 35, 38, 39, 42, 47, 48, 50]
   Fitness: 24.0
     Total: 16
Violations: 0 0

Individual: [1, 2, 4, 5, 10, 13, 14, 17, 34, 35, 38, 40, 43, 47, 49, 50]
   Fitness: 24.0
     Total: 16
Violations: 0 0

Individual: [2, 3, 6, 8, 11, 12, 15, 17, 30, 33, 35, 39, 41, 44, 46, 50]
   Fitness: 24.0
     Total: 16
Violations: 0 0
