10
500
8.0 -39.504
14.5 -9.584
14.5 2.854
17.5 8.524
18.0 9.342
18.0 11.25
18.5 11.938
19.5 12.466
19.5 12.878
19.5 12.606
20.0 13.516
20.0 13.392
20.0 13.478
20.0 13.34
20.5 13.118
20.5 13.294
20.5 13.31
20.5 14.052
21.0 14.08
21.0 14.06
21.0 14.532
22.5 13.964
23.0 15.01
23.0 15.612
23.0 15.886
23.0 16.32
23.0 16.266
23.0 16.548
24.0 16.782
24.0 16.96
24.0 17.506
24.0 16.708
24.0 17.152
24.0 17.538
24.0 17.11
24.0 17.756
24.0 17.138
24.0 17.45
24.0 17.746
24.0 17.664
24.0 17.606
24.0 17.756
24.0 17.392
24.0 17.428
24.0 17.874
24.0 17.416
24.0 17.392
24.0 17.362
24.0 17.042
24.0 17.512
24.0 17.688
24.0 17.456
24.0 17.1
24.0 17.572
24.0 17.376
24.0 17.57
24.0 17.842
24.0 17.41
24.0 17.604
24.0 17.25
24.0 17.814
24.0 17.456
24.0 17.214
24.0 17.804
24.0 17.546
24.0 17.608
24.0 17.358
24.0 17.442
24.0 17.004
24.0 17.082
24.0 16.886
24.0 17.306
24.0 17.348
24.0 17.194
24.0 17.96
24.0 17.484
24.0 17.412
24.0 17.662
24.0 17.444
24.0 17.526
24.0 17.684
24.0 17.578
24.0 17.312
24.0 17.392
24.0 17.756
24.0 17.968
24.0 17.75
24.0 17.578
24.0 17.636
24.0 16.944
24.0 17.138
24.0 17.058
24.0 17.862
24.0 17.996
24.0 17.646
24.0 17.642
24.0 17.488
24.0 17.458
24.0 17.17
24.0 17.704
24.0 17.698
24.0 17.852
24.0 17.63
24.0 17.99
24.0 17.718
24.0 17.772
24.0 17.9
24.0 17.62
24.0 17.744
24.0 17.84
24.0 17.416
24.0 17.566
24.0 17.674
24.0 17.778
24.0 17.642
24.0 17.824
24.0 17.866
24.0 18.164
24.0 17.82
24.0 17.592
24.0 18.16
24.0 17.786
24.0 17.736
24.0 17.72
24.0 17.616
24.0 17.994
24.0 18.282
24.0 18.036
24.0 17.404
24.0 17.478
24.0 17.21
24.0 17.578
24.0 16.992
24.0 17.026
24.0 17.7
24.0 17.822
24.0 17.408
24.0 17.252
24.0 17.826
24.0 17.476
24.0 17.256
24.0 17.648
24.0 17.708
24.0 17.728
24.0 17.628
24.0 17.376
24.0 17.312
24.0 17.682
24.0 17.628
24.0 17.254
24.0 17.914
24.0 17.734
24.0 17.658
24.0 17.894
24.0 17.948
24.0 17.446
24.0 17.532
24.0 17.318
24.0 17.666
24.0 17.428
24.0 17.498
24.0 18.222
24.0 18.388
24.0 18.09
24.0 17.882
24.0 17.798
24.0 18.008
24.0 17.848
24.0 17.298
24.0 16.892
24.0 17.532
24.0 17.196
24.0 17.454
24.0 17.598
24.0 17.794
24.0 17.45
24.0 17.18
24.0 17.028
24.0 16.994
24.0 17.878
24.0 17.258
24.0 17.648
24.0 17.828
24.0 17.938
24.0 18.188
24.0 18.36
24.0 17.054
24.0 17.248
24.0 17.416
24.0 17.4
24.0 17.898
24.0 17.638
24.0 17.08
24.0 18.052
24.0 17.582
24.0 17.924
24.0 17.34
24.0 17.81
24.0 17.25
24.0 17.61
24.0 17.512
24.0 17.32
24.0 17.714
24.0 17.624
24.0 17.08
24.0 17.344
24.0 16.928
24.0 17.992
24.0 18.03
24.0 17.698
24.0 17.89
24.0 17.888
24.0 17.226
24.0 17.48
24.0 17.726
24.0 17.734
24.0 17.242
24.0 17.21
24.0 17.87
24.0 17.81
24.0 17.738
24.0 17.74
24.0 17.87
24.0 17.466
24.0 17.326
24.0 17.776
24.0 17.946
24.0 17.748
24.0 17.964
24.0 18.286
24.0 17.974
24.0 17.756
24.0 17.908
24.0 17.808
24.0 17.234
24.0 17.618
24.0 17.74
24.0 17.514
24.0 18.422
24.0 18.268
24.0 18.252
24.0 17.828
24.0 17.868
24.0 17.868
24.0 17.77
24.0 17.058
24.0 17.454
24.0 17.65
24.0 17.97
24.0 17.816
24.0 17.586
24.0 17.966
24.0 17.904
24.0 18.174
24.0 17.718
24.0 17.696
24.0 17.554
24.0 18.186
24.0 17.986
24.0 18.078
24.0 18.452
24.0 18.128
24.0 17.704
24.0 17.562
24.0 17.674
24.0 17.262
24.0 17.342
24.0 17.568
24.0 17.648
24.0 17.432
24.0 17.344
24.0 17.586
24.0 17.196
24.0 17.928
24.0 17.822
24.0 17.72
24.0 17.846
24.0 18.212
24.0 17.638
24.0 17.43
24.0 18.234
24.0 17.21
24.0 17.618
24.0 17.198
24.0 17.116
24.0 17.754
24.0 17.732
24.0 17.492
24.0 17.434
24.0 18.086
24.0 18.048
24.0 17.94
24.0 17.182
24.0 18.028
24.0 17.824
24.0 17.486
24.0 17.37
24.0 17.296
24.0 17.678
24.0 17.78
24.0 17.474
24.0 17.112
24.0 17.15
24.0 16.914
24.0 17.69
24.0 17.836
24.0 17.688
24.0 16.78
24.0 17.272
24.0 17.606
24.0 17.34
24.0 17.266
24.0 17.648
24.0 17.14
24.0 17.8
24.0 17.67
24.0 17.5
24.0 17.744
24.0 17.436
24.0 17.806
24.0 16.868
24.0 17.33
24.0 18.226
24.0 17.676
24.0 17.604
24.0 17.762
24.0 17.9
24.0 17.642
24.0 17.402
24.0 17.958
24.0 18.032
24.0 17.514
24.0 17.976
24.0 17.742
24.0 17.19
24.0 17.688
24.0 18.026
24.0 17.45
24.0 17.798
24.0 17.538
24.0 17.922
24.0 18.1
24.0 18.156
24.0 17.308
24.0 17.35
24.0 17.124
24.0 17.592
24.0 18.058
24.0 17.588
24.0 17.392
24.0 17.496
24.0 17.71
24.0 17.862
24.0 17.43
24.0 17.438
24.0 17.768
24.0 17.936
24.0 17.586
24.0 17.186
24.0 17.488
24.0 17.974
24.0 17.974
24.0 18.166
24.0 18.182
24.0 17.88
24.0 17.678
24.0 17.522
24.0 18.204
24.0 17.88
24.0 17.86
24.0 17.306
24.0 17.144
24.0 17.76
24.0 17.82
24.0 17.72
24.0 17.112
24.0 16.926
24.0 17.726
24.0 17.57
24.0 17.692
24.0 17.318
24.0 17.576
24.0 17.27
24.0 17.404
24.0 17.992
24.0 18.072
24.0 17.582
24.0 17.98
24.0 18.086
24.0 17.514
24.0 17.652
24.0 17.808
24.0 17.71
24.0 17.438
24.0 17.422
24.0 17.068
24.0 17.978
24.0 17.294
24.0 17.74
24.0 17.494
24.0 17.002
24.0 18.382
24.0 17.564
24.0 17.67
24.0 17.434
24.0 17.366
24.0 17.57
24.0 17.478
24.0 17.764
24.0 16.842
24.0 17.23
24.0 17.172
24.0 17.556
24.0 17.334
24.0 17.35
24.0 17.598
24.0 17.812
24.0 17.324
24.0 17.396
24.0 17.502
24.0 17.074
24.0 17.522
24.0 17.89
24.0 16.88
24.0 17.198
24.0 17.602
24.0 17.416
24.0 17.726
24.0 17.77
24.0 17.226
24.0 17.51
24.0 17.406
24.0 17.946
24.0 17.656
24.0 17.586
24.0 17.52
24.0 17.928
24.0 17.526
24.0 17.238
24.0 17.8
24.0 17.306
24.0 17.76
24.0 17.512
24.0 17.738
24.0 17.386
24.0 17.604
24.0 17.34
24.0 18.068
24.0 17.786
24.0 17.826
24.0 18.24
24.0 18.208
24.0 17.5
24.0 17.534
24.0 17.658
24.0 17.308
24.0 17.058
24.0 17.726
24.0 17.226
24.0 17.892
24.0 18.41
24.0 17.95
24.0 17.998
24.0 17.304
24.0 17.198
24.0 17.712
24.0 17.654
24.0 17.45
24.0 17.568
24.0 17.816
24.0 17.676
24.0 17.78
24.0 17.502
24.0 17.784
24.0 17.89
24.0 17.89
24.0 18.256
24.0 17.708
24.0 17.386
24.0 17.062
24.0 17.364
24.0 18.148
24.0 18.026
24.0 17.844
24.0 17.972
24.0 17.704
24.0 17.876
24.0 18.004
24.0 17.328
24.0 17.272
24.0 17.342
24.0 17.854
24.0 17.414
24.0 18.506
24.0 17.794
24.0 17.382
24.0 16.998
24.0 17.304
24.0 17.786
24.0 17.818
500
8.5 -38.908
13.5 -9.978
14.5 1.59
16.5 8.004
17.5 10.696
17.5 11.184
19.5 12.358
21.0 13.178
21.5 12.858
22.0 13.536
22.0 14.21
22.0 13.886
22.0 13.878
22.5 14.528
22.5 14.906
22.5 15.168
22.5 15.662
22.5 15.662
22.5 15.586
22.5 16.044
22.5 16.268
23.0 16.266
23.0 15.958
23.0 15.792
23.0 16.49
23.5 16.18
23.5 16.13
24.0 16.058
24.0 16.57
24.0 16.5
24.0 15.996
24.0 16.204
24.0 16.02
24.0 17.012
24.0 16.112
24.0 16.618
24.0 16.944
24.0 17.102
24.0 17.176
24.0 16.818
24.0 17.254
24.0 16.968
24.0 17.382
24.0 17.046
24.0 16.064
24.0 16.564
24.0 16.792
24.0 17.112
24.0 17.214
24.0 16.136
24.0 16.238
24.0 16.372
24.0 16.45
24.0 16.046
24.0 17.248
24.0 16.114
24.0 16.704
24.0 17.35
24.0 17.452
24.0 17.754
24.0 18.022
24.0 17.894
24.0 17.422
24.0 16.99
24.0 16.7
24.0 16.564
24.0 16.664
24.0 16.618
24.0 16.828
24.0 17.146
24.0 16.81
24.0 16.932
24.0 17.02
24.0 16.458
24.0 16.706
24.0 17.016
24.0 17.006
24.0 16.068
24.0 16.69
24.0 17.174
24.0 17.522
24.0 17.472
24.0 16.834
24.0 17.144
24.0 16.898
24.0 17.026
24.0 16.408
24.0 16.536
24.0 16.94
24.0 16.334
24.0 16.968
24.0 16.376
24.0 16.626
24.0 16.47
24.0 16.746
24.0 16.64
24.0 16.902
24.0 16.606
24.0 16.952
24.0 16.606
24.0 16.376
24.0 17.174
24.0 16.258
24.0 16.834
24.0 16.898
24.0 16.18
24.0 17.126
24.0 16.988
24.0 16.952
24.0 16.552
24.0 16.974
24.0 17.2
24.0 17.248
24.0 16.876
24.0 16.826
24.0 16.628
24.0 16.898
24.0 16.302
24.0 16.182
24.0 16.96
24.0 16.516
24.0 16.768
24.0 17.282
24.0 17.01
24.0 16.384
24.0 16.98
24.0 17.136
24.0 16.556
24.0 16.686
24.0 17.156
24.0 17.1
24.0 16.99
24.0 16.62
24.0 17.218
24.0 17.132
24.0 17.424
24.0 17.066
24.0 16.176
24.0 17.16
24.0 16.94
24.0 17.018
24.0 16.562
24.0 17.152
24.0 16.456
24.0 16.502
24.0 16.756
24.0 17.388
24.0 17.172
24.0 16.268
24.0 16.794
24.0 16.99
24.0 16.786
24.0 16.524
24.0 16.208
24.0 16.49
24.0 16.576
24.0 16.5
24.0 16.28
24.0 16.286
24.0 16.482
24.0 16.254
24.0 17.16
24.0 16.658
24.0 16.768
24.0 17.166
24.0 16.688
24.0 16.41
24.0 16.972
24.0 16.648
24.0 17.182
24.0 17.03
24.0 16.294
24.0 16.462
24.0 16.89
24.0 16.866
24.0 16.808
24.0 16.788
24.0 17.092
24.0 16.846
24.0 16.682
24.0 16.7
24.0 16.37
24.0 16.372
24.0 16.396
24.0 17.182
24.0 16.526
24.0 16.49
24.0 16.614
24.0 16.56
24.0 16.718
24.0 16.948
24.0 17.168
24.0 16.722
24.0 16.88
24.0 16.802
24.0 15.984
24.0 16.294
24.0 16.402
24.0 16.506
24.0 16.128
24.0 16.574
24.0 16.634
24.0 16.636
24.0 16.704
24.0 16.432
24.0 16.274
24.0 16.452
24.0 16.74
24.0 16.632
24.0 15.938
24.0 16.372
24.0 16.36
24.0 16.478
24.0 16.584
24.0 16.546
24.0 16.518
24.0 16.528
24.0 17.086
24.0 16.908
24.0 16.734
24.0 16.59
24.0 16.164
24.0 16.956
24.0 16.314
24.0 16.484
24.0 16.978
24.0 16.994
24.0 16.82
24.0 16.86
24.0 16.366
24.0 16.412
24.0 16.768
24.0 16.898
24.0 16.564
24.0 15.8
24.0 17.048
24.0 16.85
24.0 16.57
24.0 17.41
24.0 16.698
24.0 16.606
24.0 16.796
24.0 16.52
24.0 16.856
24.0 16.932
24.0 16.51
24.0 16.906
24.0 17.06
24.0 16.934
24.0 16.628
24.0 16.694
24.0 16.956
24.0 16.762
24.0 16.84
24.0 17.05
24.0 16.91
24.0 16.924
24.0 16.914
24.0 16.34
24.0 17.112
24.0 17.086
24.0 16.828
24.0 16.684
24.0 16.656
24.0 16.338
24.0 17.236
24.0 16.916
24.0 16.818
24.0 16.154
24.0 17.01
24.0 16.938
24.0 17.284
24.0 16.86
24.0 17.168
24.0 17.376
24.0 16.91
24.0 17.538
24.0 16.736
24.0 16.712
24.0 17.034
24.0 16.394
24.0 16.942
24.0 17.292
24.0 16.664
24.0 16.442
24.0 16.51
24.0 17.224
24.0 16.922
24.0 16.978
24.0 16.37
24.0 16.712
24.0 17.042
24.0 17.21
24.0 16.382
24.0 16.998
24.0 16.332
24.0 16.79
24.0 16.484
24.0 16.688
24.0 16.786
24.0 17.278
24.0 17.268
24.0 16.602
24.0 16.734
24.0 16.79
24.0 16.908
24.0 16.644
24.0 16.66
24.0 17.054
24.0 17.076
24.0 17.508
24.0 16.904
24.0 16.122
24.0 16.738
24.0 16.888
24.0 16.42
24.0 16.67
24.0 16.576
24.0 16.358
24.0 16.814
24.0 16.714
24.0 16.86
24.0 16.82
24.0 15.924
24.0 15.652
24.0 16.124
24.0 16.648
24.0 16.412
24.0 16.146
24.0 16.682
24.0 16.368
24.0 16.758
24.0 16.222
24.0 16.326
24.0 16.786
24.0 16.988
24.0 17.05
24.0 17.272
24.0 17.14
24.0 16.826
24.0 17.288
24.0 16.988
24.0 16.434
24.0 17.12
24.0 16.632
24.0 16.84
24.0 17.078
24.0 16.88
24.0 16.292
24.0 16.89
24.0 16.762
24.0 16.75
24.0 16.164
24.0 16.522
24.0 16.668
24.0 16.37
24.0 16.658
24.0 16.984
24.0 17.31
24.0 17.062
24.0 17.086
24.0 16.75
24.0 16.444
24.0 17.348
24.0 16.832
24.0 17.466
24.0 17.008
24.0 16.786
24.0 17.042
24.0 17.042
24.0 17.53
24.0 16.958
24.0 17.588
24.0 16.774
24.0 16.894
24.0 16.996
24.0 16.532
24.0 16.368
24.0 17.124
24.0 17.196
24.0 16.526
24.0 16.828
24.0 16.358
24.0 16.616
24.0 16.994
24.0 16.97
24.0 17.064
24.0 17.0
24.0 16.522
24.0 16.898
24.0 16.726
24.0 16.988
24.0 16.788
24.0 16.242
24.0 16.068
24.0 16.378
24.0 16.46
24.0 16.48
24.0 16.6
24.0 16.42
24.0 16.836
24.0 16.342
24.0 17.146
24.0 16.51
24.0 16.552
24.0 17.052
24.0 16.53
24.0 16.336
24.0 16.21
24.0 16.522
24.0 16.426
24.0 16.896
24.0 16.504
24.0 16.854
24.0 16.58
24.0 16.794
24.0 16.768
24.0 16.214
24.0 17.118
24.0 16.92
24.0 16.728
24.0 17.108
24.0 17.244
24.0 17.044
24.0 17.448
24.0 16.96
24.0 16.402
24.0 16.866
24.0 16.94
24.0 16.936
24.0 16.736
24.0 16.424
24.0 17.086
24.0 16.81
24.0 16.612
24.0 16.618
24.0 16.672
24.0 17.36
24.0 16.978
24.0 16.526
24.0 16.576
24.0 17.036
24.0 16.484
24.0 16.16
24.0 16.632
24.0 16.846
24.0 16.882
24.0 17.052
24.0 16.77
24.0 16.056
24.0 16.534
24.0 16.312
24.0 16.778
24.0 16.686
24.0 16.66
24.0 16.592
24.0 17.422
24.0 16.972
24.0 16.55
24.0 16.458
24.0 16.58
24.0 16.578
24.0 17.25
24.0 16.828
24.0 17.31
24.0 16.792
24.0 16.916
24.0 16.678
24.0 16.61
24.0 16.524
24.0 16.72
24.0 16.878
24.0 17.146
24.0 16.93
24.0 16.948
24.0 16.714
24.0 16.562
24.0 16.5
24.0 16.444
24.0 16.49
24.0 16.726
24.0 16.872
24.0 16.416
24.0 16.746
24.0 16.74
24.0 16.792
24.0 15.938
24.0 15.692
24.0 16.452
24.0 16.344
24.0 15.996
24.0 16.604
24.0 16.946
24.0 17.068
24.0 17.254
24.0 17.32
24.0 16.512
24.0 16.928
24.0 17.068
24.0 16.672
500
9.5 -40.308
14.5 -10.842
14.5 2.438
16.5 7.348
19.0 9.87
19.0 10.282
19.5 11.794
20.0 12.43
20.0 13.314
20.5 13.788
21.5 14.294
22.0 14.762
22.0 15.154
23.0 15.016
23.5 15.794
23.5 15.654
24.0 16.63
24.0 16.53
24.0 16.714
24.0 16.542
24.0 16.904
24.0 16.348
24.0 16.624
24.0 16.802
24.0 17.506
24.0 17.268
24.0 17.368
24.0 17.488
24.0 17.394
24.0 17.804
24.0 17.584
24.0 17.362
24.0 17.418
24.0 17.258
24.0 16.948
24.0 17.354
24.0 17.278
24.0 17.142
24.0 16.86
24.0 17.258
24.0 17.402
24.0 17.722
24.0 17.478
24.0 17.472
24.0 17.67
24.0 17.544
24.0 17.686
24.0 17.468
24.0 17.306
24.0 17.384
24.0 17.598
24.0 17.428
24.0 17.454
24.0 17.186
24.0 17.958
24.0 18.11
24.0 17.298
24.0 17.776
24.0 17.424
24.0 18.014
24.0 17.914
24.0 17.732
24.0 17.512
24.0 17.73
24.0 17.41
24.0 17.176
24.0 16.876
24.0 16.866
24.0 16.826
24.0 17.302
24.0 18.554
24.0 16.996
24.0 17.406
24.0 17.428
24.0 17.216
24.0 18.102
24.0 17.714
24.0 17.672
24.0 17.186
24.0 17.888
24.0 17.94
24.0 17.908
24.0 17.948
24.0 17.642
24.0 17.69
24.0 17.164
24.0 17.188
24.0 17.15
24.0 17.388
24.0 16.992
24.0 17.288
24.0 17.138
24.0 17.156
24.0 16.652
24.0 17.148
24.0 18.038
24.0 17.448
24.0 17.554
24.0 18.112
24.0 17.748
24.0 18.116
24.0 17.782
24.0 17.68
24.0 16.814
24.0 17.166
24.0 17.346
24.0 17.46
24.0 18.03
24.0 17.378
24.0 17.802
24.0 17.084
24.0 16.772
24.0 17.406
24.0 17.764
24.0 18.174
24.0 17.172
24.0 17.248
24.0 17.574
24.0 17.292
24.0 17.692
24.0 16.98
24.0 17.632
24.0 17.626
24.0 17.586
24.0 17.61
24.0 17.57
24.0 17.75
24.0 17.278
24.0 17.586
24.0 17.32
24.0 17.554
24.0 17.61
24.0 18.042
24.0 18.104
24.0 17.462
24.0 17.81
24.0 17.362
24.0 17.624
24.0 17.158
24.0 17.12
24.0 17.042
24.0 16.93
24.0 17.006
24.0 17.392
24.0 17.552
24.0 17.406
24.0 17.762
24.0 18.008
24.0 17.91
24.0 17.352
24.0 17.28
24.0 17.48
24.0 17.318
24.0 17.228
24.0 17.582
24.0 17.304
24.0 17.932
24.0 17.348
24.0 17.294
24.0 17.012
24.0 17.072
24.0 16.912
24.0 17.894
24.0 18.094
24.0 17.344
24.0 17.294
24.0 17.69
24.0 17.284
24.0 17.554
24.0 17.8
24.0 17.886
24.0 17.304
24.0 17.602
24.0 17.844
24.0 17.172
24.0 16.456
24.0 18.192
24.0 17.92
24.0 17.674
24.0 17.824
24.0 17.156
24.0 17.968
24.0 17.412
24.0 17.71
24.0 17.426
24.0 17.644
24.0 16.812
24.0 17.592
24.0 17.178
24.0 17.088
24.0 17.094
24.0 17.454
24.0 17.416
24.0 17.3
24.0 16.996
24.0 17.746
24.0 17.406
24.0 17.846
24.0 18.216
24.0 17.658
24.0 17.842
24.0 17.572
24.0 17.226
24.0 17.46
24.0 17.364
24.0 17.664
24.0 17.576
24.0 18.022
24.0 17.776
24.0 17.666
24.0 17.642
24.0 17.094
24.0 17.15
24.0 16.858
24.0 17.582
24.0 17.606
24.0 17.332
24.0 16.686
24.0 17.416
24.0 17.278
24.0 17.512
24.0 17.532
24.0 17.402
24.0 18.008
24.0 17.644
24.0 17.736
24.0 17.838
24.0 17.098
24.0 16.928
24.0 17.122
24.0 17.508
24.0 17.214
24.0 17.258
24.0 17.592
24.0 17.522
24.0 17.19
24.0 16.918
24.0 17.15
24.0 17.456
24.0 17.328
24.0 17.344
24.0 17.386
24.0 17.618
24.0 16.8
24.0 17.108
24.0 17.254
24.0 17.82
24.0 17.694
24.0 17.958
24.0 17.768
24.0 17.626
24.0 17.592
24.0 17.682
24.0 17.486
24.0 17.844
24.0 17.972
24.0 17.852
24.0 17.754
24.0 17.934
24.0 17.756
24.0 17.87
24.0 17.342
24.0 17.676
24.0 17.922
24.0 17.686
24.0 17.836
24.0 17.974
24.0 17.704
24.0 16.832
24.0 17.352
24.0 16.448
24.0 17.888
24.0 17.312
24.0 17.902
24.0 17.354
24.0 17.282
24.0 17.372
24.0 17.608
24.0 17.578
24.0 17.754
24.0 17.476
24.0 16.888
24.0 17.038
24.0 17.614
24.0 17.54
24.0 17.612
24.0 18.086
24.0 17.598
24.0 17.114
24.0 17.614
24.0 17.642
24.0 17.268
24.0 17.67
24.0 17.514
24.0 17.51
24.0 17.584
24.0 17.82
24.0 17.484
24.0 17.586
24.0 17.27
24.0 17.26
24.0 17.526
24.0 16.694
24.0 17.31
24.0 16.738
24.0 16.992
24.0 17.232
24.0 16.942
24.0 17.974
24.0 17.458
24.0 17.39
24.0 17.778
24.0 17.34
24.0 17.862
24.0 17.838
24.0 18.018
24.0 17.384
24.0 17.146
24.0 17.116
24.0 17.214
24.0 17.224
24.0 17.78
24.0 17.628
24.0 17.55
24.0 17.948
24.0 17.768
24.0 17.514
24.0 17.39
24.0 17.17
24.0 17.338
24.0 17.312
24.0 17.51
24.0 17.724
24.0 17.812
24.0 17.634
24.0 17.916
24.0 17.852
24.0 17.934
24.0 17.4
24.0 17.108
24.0 17.524
24.0 17.604
24.0 17.826
24.0 17.146
24.0 17.406
24.0 17.564
24.0 17.006
24.0 17.792
24.0 17.304
24.0 17.63
24.0 17.202
24.0 17.548
24.0 16.078
24.0 17.982
24.0 17.966
24.0 17.594
24.0 17.25
24.0 17.254
24.0 16.742
24.0 17.278
24.0 17.836
24.0 17.552
24.0 17.856
24.0 18.102
24.0 18.168
24.0 17.596
24.0 17.608
24.0 17.982
24.0 17.98
24.0 17.384
24.0 17.772
24.0 18.032
24.0 17.714
24.0 17.544
24.0 17.364
24.0 17.31
24.0 16.852
24.0 16.472
24.0 17.578
24.0 17.68
24.0 17.57
24.0 17.76
24.0 17.526
24.0 17.718
24.0 17.542
24.0 17.8
24.0 17.714
24.0 17.352
24.0 17.62
24.0 17.272
24.0 17.336
24.0 17.256
24.0 17.412
24.0 17.204
24.0 17.576
24.0 16.814
24.0 16.858
24.0 17.146
24.0 17.89
24.0 17.728
24.0 17.528
24.0 17.87
24.0 17.484
24.0 18.126
24.0 17.558
24.0 17.836
24.0 17.682
24.0 17.45
24.0 17.598
24.0 17.454
24.0 17.508
24.0 18.042
24.0 17.736
24.0 17.344
24.0 17.582
24.0 17.772
24.0 17.838
24.0 17.778
24.0 17.934
24.0 17.618
24.0 17.782
24.0 17.318
24.0 17.362
24.0 17.376
24.0 17.18
24.0 17.368
24.0 16.878
24.0 17.468
24.0 16.774
24.0 16.916
24.0 17.138
24.0 17.336
24.0 17.304
24.0 17.258
24.0 17.438
24.0 17.83
24.0 17.824
24.0 17.638
24.0 16.944
24.0 17.486
24.0 17.318
24.0 17.45
24.0 17.542
24.0 17.65
24.0 18.382
24.0 17.692
24.0 17.248
24.0 17.732
24.0 17.402
24.0 17.63
24.0 17.966
24.0 17.698
24.0 17.5
24.0 17.798
24.0 17.712
24.0 17.614
24.0 17.442
24.0 17.528
24.0 17.28
24.0 17.6
24.0 17.79
24.0 17.476
24.0 17.902
24.0 17.78
24.0 17.648
24.0 17.87
24.0 17.842
24.0 18.29
24.0 17.774
24.0 18.246
24.0 17.652
24.0 18.054
24.0 17.726
24.0 17.542
24.0 17.14
24.0 16.864
24.0 17.196
24.0 17.926
24.0 17.614
24.0 17.56
24.0 17.566
24.0 17.52
24.0 17.402
24.0 17.03
24.0 17.194
24.0 17.21
24.0 17.722
24.0 17.328
24.0 17.456
24.0 17.416
24.0 17.792
24.0 18.258
24.0 18.142
24.0 17.002
24.0 17.06
24.0 17.602
24.0 17.194
24.0 17.87
24.0 17.172
24.0 16.95
500
9.5 -35.004
12.5 -7.322
15.5 2.822
16.5 6.916
18.0 10.346
19.5 11.616
20.0 12.54
20.0 12.446
20.0 13.47
20.5 14.28
21.5 14.306
21.5 14.734
21.5 14.674
21.5 14.9
21.5 14.734
22.0 14.904
22.0 14.66
22.0 14.668
22.0 14.768
22.5 14.6
22.5 15.162
22.5 14.884
23.0 14.87
23.0 14.936
23.0 15.19
23.0 15.828
23.0 15.872
23.0 15.824
23.0 16.296
23.0 15.806
23.0 16.048
23.0 15.81
23.0 15.64
23.0 15.72
23.0 16.224
23.0 16.554
23.0 15.656
23.0 16.18
23.0 16.248
23.0 16.568
23.5 16.644
23.5 16.0
23.5 16.1
23.5 15.818
23.5 15.796
23.5 16.33
24.0 16.022
24.0 15.94
24.0 16.074
24.0 15.926
24.0 16.14
24.0 16.086
24.0 16.086
24.0 16.23
24.0 16.48
24.0 16.272
24.0 16.746
24.0 16.546
24.0 17.104
24.0 17.07
24.0 16.954
24.0 17.252
24.0 17.264
24.0 17.188
24.0 16.948
24.0 17.404
24.0 17.244
24.0 17.074
24.0 17.42
24.0 17.776
24.0 16.716
24.0 17.174
24.0 16.904
24.0 17.066
24.0 16.96
24.0 16.636
24.0 16.522
24.0 16.852
24.0 16.904
24.0 16.826
24.0 17.128
24.0 16.188
24.0 17.036
24.0 16.924
24.0 17.12
24.0 17.288
24.0 17.344
24.0 16.824
24.0 16.762
24.0 15.95
24.0 16.4
24.0 16.218
24.0 17.092
24.0 16.478
24.0 17.144
24.0 16.946
24.0 17.056
24.0 16.912
24.0 17.144
24.0 16.808
24.0 16.766
24.0 16.922
24.0 16.896
24.0 16.434
24.0 17.142
24.0 17.032
24.0 16.664
24.0 16.572
24.0 17.31
24.0 16.332
24.0 16.966
24.0 16.884
24.0 16.82
24.0 16.93
24.0 17.694
24.0 17.832
24.0 17.234
24.0 16.642
24.0 16.952
24.0 17.284
24.0 17.388
24.0 17.018
24.0 17.438
24.0 17.136
24.0 17.436
24.0 17.644
24.0 16.894
24.0 17.67
24.0 16.994
24.0 17.108
24.5 16.794
24.5 16.972
24.5 16.788
24.5 17.156
24.5 16.714
24.5 16.908
24.5 16.72
24.5 17.012
24.5 16.51
24.5 16.95
24.5 16.856
24.5 17.092
24.5 16.816
24.5 16.14
24.5 16.874
24.5 16.736
24.5 17.042
24.5 17.178
24.5 16.802
24.5 16.476
24.5 16.764
24.5 17.138
24.5 17.716
24.5 17.282
24.5 16.786
24.5 16.898
24.5 17.116
24.5 17.442
24.5 17.642
24.5 17.54
24.5 17.156
24.5 17.178
24.5 17.3
24.5 17.47
24.5 17.214
24.5 17.184
24.5 17.072
24.5 16.996
24.5 16.96
24.5 17.138
24.5 17.202
24.5 17.014
24.5 17.406
24.5 17.046
24.5 16.726
24.5 16.776
24.5 17.13
24.5 17.276
24.5 16.642
24.5 16.904
24.5 16.86
24.5 17.31
24.5 17.282
24.5 17.52
24.5 17.468
24.5 17.396
24.5 17.368
24.5 17.46
24.5 17.714
24.5 17.378
24.5 17.006
24.5 17.076
24.5 16.94
24.5 16.786
24.5 16.958
24.5 16.588
24.5 16.266
24.5 16.83
24.5 16.59
24.5 16.692
24.5 16.978
24.5 17.578
24.5 17.538
24.5 17.706
24.5 16.816
24.5 16.69
24.5 16.802
24.5 17.388
24.5 17.336
24.5 17.656
24.5 18.092
24.5 18.12
24.5 17.712
24.5 17.906
24.5 17.146
24.5 17.554
24.5 17.54
24.5 17.46
24.5 17.704
24.5 17.426
24.5 17.182
24.5 17.53
24.5 17.024
24.5 17.54
24.5 17.62
24.5 17.758
24.5 17.078
24.5 17.098
24.5 16.182
24.5 17.31
24.5 17.172
24.5 17.434
24.5 17.444
24.5 17.5
24.5 17.198
24.5 17.128
24.5 17.634
24.5 17.032
24.5 17.14
24.5 17.426
24.5 17.338
24.5 17.582
24.5 17.656
24.5 17.586
24.5 17.476
24.5 17.05
24.5 17.246
24.5 17.382
24.5 17.368
24.5 16.916
24.5 17.08
24.5 16.96
24.5 17.118
24.5 17.278
24.5 17.252
24.5 17.078
24.5 16.886
24.5 17.47
24.5 16.966
24.5 16.858
24.5 17.644
24.5 17.18
24.5 17.424
24.5 17.166
24.5 17.574
24.5 18.044
24.5 17.128
24.5 16.598
24.5 17.282
24.5 17.17
24.5 17.276
24.5 17.698
24.5 17.218
24.5 17.11
24.5 17.718
24.5 17.604
24.5 17.376
24.5 17.686
24.5 17.582
24.5 17.9
24.5 17.574
24.5 17.566
24.5 17.316
24.5 16.326
24.5 17.356
24.5 16.884
24.5 17.39
24.5 16.862
24.5 17.142
24.5 16.764
24.5 16.958
24.5 16.946
24.5 17.192
24.5 16.134
24.5 16.524
24.5 17.1
24.5 17.522
24.5 17.406
24.5 16.912
24.5 16.916
24.5 16.854
24.5 16.588
24.5 17.464
24.5 16.974
24.5 16.176
24.5 16.368
24.5 17.586
24.5 17.712
24.5 17.148
24.5 17.436
24.5 17.404
24.5 17.116
24.5 17.152
24.5 17.312
24.5 16.826
24.5 16.748
24.5 17.55
24.5 17.384
24.5 17.806
24.5 17.674
24.5 16.938
24.5 17.012
24.5 17.434
24.5 17.488
24.5 17.546
24.5 17.392
24.5 16.826
24.5 17.102
24.5 17.026
24.5 17.236
24.5 17.074
24.5 17.028
24.5 16.878
24.5 17.336
24.5 17.278
24.5 17.41
24.5 17.456
24.5 16.936
24.5 17.116
24.5 16.296
24.5 17.09
24.5 17.29
24.5 17.644
24.5 17.66
24.5 17.714
24.5 17.714
24.5 16.0
24.5 16.296
24.5 16.516
24.5 16.766
24.5 17.276
24.5 17.568
24.5 17.104
24.5 17.546
24.5 17.376
24.5 17.542
24.5 17.544
24.5 17.286
24.5 17.936
24.5 17.548
24.5 17.604
24.5 17.376
24.5 16.762
24.5 17.482
24.5 17.024
24.5 16.932
24.5 17.474
24.5 16.57
24.5 16.922
24.5 17.902
24.5 17.234
24.5 16.96
24.5 17.148
24.5 16.438
24.5 16.906
24.5 17.19
24.5 17.404
24.5 16.686
24.5 17.004
24.5 16.388
24.5 17.312
24.5 17.37
24.5 17.076
24.5 17.71
24.5 16.878
24.5 17.114
24.5 16.98
24.5 16.294
24.5 17.046
24.5 16.986
24.5 17.374
24.5 17.016
24.5 16.62
24.5 17.272
24.5 16.826
24.5 17.056
24.5 16.894
24.5 17.2
24.5 16.814
24.5 16.752
24.5 17.606
24.5 17.51
24.5 17.124
24.5 17.41
24.5 17.32
24.5 17.478
24.5 17.25
24.5 16.702
24.5 17.192
24.5 17.298
24.5 17.45
24.5 17.87
24.5 17.472
24.5 17.38
24.5 16.84
24.5 17.088
24.5 17.14
24.5 17.402
24.5 17.052
24.5 16.748
24.5 16.882
24.5 17.658
24.5 17.726
24.5 17.644
24.5 17.44
24.5 16.924
24.5 17.086
24.5 17.14
24.5 17.424
24.5 17.078
24.5 17.068
24.5 17.398
24.5 17.802
24.5 17.308
24.5 17.52
24.5 17.846
24.5 17.532
24.5 16.73
24.5 16.962
24.5 17.082
24.5 17.522
24.5 17.154
24.5 17.132
24.5 16.782
24.5 17.502
24.5 17.236
24.5 16.818
24.5 17.102
24.5 17.102
24.5 17.012
24.5 17.144
24.5 17.032
24.5 17.13
24.5 16.988
24.5 17.55
24.5 17.432
24.5 17.25
24.5 17.588
24.5 16.874
24.5 17.024
24.5 17.286
24.5 17.698
24.5 16.83
24.5 17.276
24.5 17.72
24.5 17.19
24.5 17.352
24.5 17.448
24.5 17.366
24.5 17.34
24.5 16.94
24.5 17.254
24.5 17.79
24.5 17.182
24.5 17.29
24.5 17.762
24.5 17.576
24.5 17.844
24.5 18.0
24.5 17.762
24.5 17.122
24.5 16.836
24.5 17.58
24.5 17.046
24.5 17.404
24.5 17.436
24.5 17.608
24.5 17.23
24.5 16.672
24.5 17.148
24.5 17.3
24.5 17.154
24.5 16.882
24.5 16.24
24.5 16.886
24.5 17.098
24.5 16.976
24.5 17.834
24.5 17.2
24.5 17.55
500
11.5 -37.436
15.0 -6.496
15.0 5.228
15.5 8.9
18.0 11.07
18.5 11.768
18.5 12.024
18.5 11.492
18.5 11.702
19.5 12.048
19.5 12.09
19.5 12.6
20.0 12.422
20.0 12.978
21.0 13.204
21.0 13.324
21.5 13.408
21.5 14.236
21.5 14.426
22.0 14.988
22.0 14.758
23.5 14.962
23.5 15.158
23.5 15.05
23.5 16.282
23.5 16.074
23.5 16.22
24.0 15.88
24.0 15.788
24.0 16.63
24.0 17.014
24.0 16.662
24.0 17.048
24.0 16.336
24.0 16.65
24.0 17.256
24.0 16.922
24.0 17.292
24.0 16.85
24.0 17.128
24.0 17.32
24.0 17.736
24.0 17.558
24.0 17.018
24.0 17.106
24.0 17.16
24.0 17.086
24.0 17.412
24.0 17.37
24.0 17.472
24.0 17.26
24.0 16.892
24.0 17.176
24.0 17.286
24.0 17.1
24.0 16.824
24.0 17.094
24.0 17.17
24.0 17.356
24.0 17.044
24.0 17.466
24.0 17.436
24.0 17.554
24.0 17.518
24.0 17.6
24.0 17.13
24.0 17.61
24.0 17.548
24.0 17.628
24.0 17.57
24.0 17.346
24.0 17.198
24.0 17.354
24.0 16.86
24.0 17.238
24.0 17.046
24.0 16.79
24.0 17.382
24.0 17.29
24.0 17.316
24.0 17.184
24.0 17.39
24.0 17.446
24.0 17.344
24.0 17.422
24.0 17.442
24.0 17.898
24.0 17.224
24.0 17.314
24.0 16.896
24.0 17.166
24.0 16.784
24.0 16.912
24.0 17.046
24.0 17.178
24.0 16.628
24.0 16.96
24.0 17.372
24.0 17.18
24.0 17.1
24.0 16.762
24.0 16.504
24.0 17.008
24.0 17.35
24.0 16.598
24.0 16.944
24.0 17.674
24.0 17.276
24.0 17.468
24.0 18.074
24.0 17.052
24.0 16.962
24.0 17.324
24.0 17.67
24.0 16.61
24.0 16.834
24.0 17.314
24.0 16.776
24.0 17.468
24.0 17.316
24.0 16.802
24.0 17.07
24.0 16.544
24.0 16.828
24.0 16.884
24.0 17.192
24.0 17.574
24.0 17.324
24.0 16.554
24.0 17.236
24.0 17.838
24.0 17.274
24.0 17.46
24.0 17.324
24.0 17.836
24.0 17.768
24.0 17.234
24.0 17.288
24.0 17.52
24.0 17.594
24.0 17.634
24.0 17.284
24.0 16.734
24.0 17.672
24.0 17.694
24.0 17.64
24.0 17.506
24.0 17.204
24.0 17.248
24.0 17.496
24.0 17.104
24.0 17.498
24.0 17.568
24.0 16.926
24.0 16.958
24.0 17.036
24.0 17.15
24.0 17.166
24.0 17.458
24.0 17.264
24.0 17.496
24.0 17.876
24.0 16.99
24.0 16.77
24.0 17.776
24.0 17.338
24.0 17.122
24.0 17.556
24.0 16.922
24.0 17.138
24.0 17.062
24.0 17.202
24.0 17.198
24.0 16.362
24.0 17.036
24.0 16.804
24.0 16.708
24.0 16.812
24.0 17.174
24.0 17.076
24.0 17.514
24.0 17.118
24.0 17.832
24.0 17.796
24.0 17.918
24.0 17.256
24.0 17.212
24.0 17.134
24.0 17.282
24.0 17.72
24.0 17.574
24.0 17.398
24.0 16.816
24.0 16.848
24.0 17.112
24.0 16.978
24.0 17.658
24.0 17.244
24.0 17.472
24.0 17.608
24.0 17.192
24.0 17.88
24.0 17.64
24.0 17.414
24.0 18.302
24.0 17.47
24.0 17.348
24.0 17.372
24.0 16.936
24.0 17.546
24.0 17.224
24.0 17.198
24.0 16.798
24.0 17.38
24.0 17.56
24.0 17.78
24.0 17.908
24.0 17.2
24.0 17.132
24.0 17.446
24.0 17.696
24.0 17.172
24.0 17.604
24.0 17.244
24.0 17.312
24.0 17.32
24.0 17.106
24.0 17.45
24.0 18.336
24.0 17.668
24.0 17.112
24.0 17.28
24.0 16.896
24.0 16.732
24.0 17.116
24.0 17.332
24.0 16.742
24.0 16.91
24.0 17.22
24.0 17.544
24.0 17.434
24.0 17.966
24.0 17.15
24.0 16.876
24.0 17.86
24.0 17.65
24.0 17.378
24.0 16.944
24.0 17.564
24.0 17.01
24.0 16.932
24.0 17.296
24.0 17.112
24.0 17.594
24.0 17.186
24.0 17.516
24.0 17.6
24.0 17.788
24.0 17.544
24.0 17.378
24.0 17.25
24.0 17.496
24.0 17.02
24.0 17.672
24.0 17.042
24.0 17.132
24.0 17.358
24.0 17.08
24.0 17.594
24.0 17.282
24.0 16.414
24.0 16.44
24.0 16.944
24.0 17.09
24.0 17.182
24.0 17.484
24.0 17.43
24.0 17.146
24.0 17.19
24.0 17.308
24.0 17.614
24.0 17.046
24.0 16.788
24.0 16.742
24.0 17.016
24.0 16.91
24.0 17.122
24.0 17.252
24.0 17.196
24.0 17.558
24.0 17.738
24.0 17.162
24.0 16.798
24.0 17.27
24.0 16.922
24.0 17.67
24.0 17.652
24.0 17.426
24.0 17.266
24.0 17.452
24.0 17.456
24.0 17.09
24.0 17.458
24.0 16.69
24.0 16.968
24.0 17.28
24.0 17.488
24.0 17.822
24.0 17.56
24.0 17.716
24.0 17.266
24.0 17.148
24.0 17.032
24.0 17.456
24.0 17.562
24.0 17.356
24.0 16.858
24.0 16.882
24.0 16.486
24.0 16.938
24.0 16.762
24.0 17.196
24.0 16.598
24.0 16.622
24.0 16.902
24.0 17.388
24.0 17.29
24.0 17.206
24.0 16.998
24.0 17.29
24.0 17.568
24.0 17.81
24.0 17.328
24.0 17.608
24.0 17.656
24.0 17.166
24.0 17.812
24.0 17.176
24.0 16.83
24.0 17.174
24.0 17.368
24.0 17.774
24.0 17.246
24.0 17.52
24.0 16.822
24.0 16.404
24.0 16.97
24.0 17.07
24.0 17.116
24.0 16.948
24.0 17.234
24.0 17.078
24.0 17.128
24.0 17.136
24.0 17.556
24.0 17.23
24.0 17.226
24.0 16.848
24.0 17.392
24.0 17.252
24.0 17.72
24.0 16.912
24.0 16.796
24.0 16.798
24.0 16.846
24.0 16.932
24.0 17.104
24.0 17.498
24.0 16.884
24.0 17.248
24.0 16.894
24.0 16.838
24.0 17.12
24.0 17.42
24.0 16.798
24.0 16.99
24.0 17.56
24.0 17.296
24.0 16.952
24.0 17.088
24.0 17.372
24.0 17.548
24.0 17.866
24.0 17.232
24.0 17.11
24.0 17.352
24.0 17.082
24.0 17.528
24.0 17.03
24.0 17.32
24.0 17.348
24.0 17.526
24.0 17.762
24.0 17.196
24.0 17.906
24.0 17.24
24.0 17.254
24.0 17.176
24.0 17.466
24.0 17.438
24.0 17.232
24.0 16.668
24.0 16.982
24.0 17.17
24.0 17.41
24.0 17.94
24.0 16.962
24.0 17.416
24.0 17.298
24.0 17.47
24.0 17.39
24.0 17.53
24.0 17.688
24.0 18.018
24.0 17.986
24.0 17.456
24.0 17.026
24.0 16.968
24.0 18.108
24.0 17.254
24.0 17.63
24.0 17.68
24.0 17.412
24.0 17.132
24.0 17.058
24.0 16.66
24.0 16.438
24.0 16.746
24.0 16.738
24.0 16.944
24.0 17.688
24.0 17.612
24.0 17.566
24.0 17.42
24.0 17.544
24.0 17.672
24.0 17.162
24.0 17.17
24.0 16.906
24.0 17.084
24.0 16.912
24.0 16.908
24.0 17.402
24.0 17.262
24.0 17.596
24.0 17.366
24.0 17.58
24.0 17.338
24.0 17.43
24.0 17.142
24.0 17.242
24.0 17.62
24.0 17.752
24.0 17.752
24.0 17.554
24.0 17.36
24.0 16.828
24.0 16.638
24.0 17.062
24.0 17.402
24.0 16.686
24.0 17.538
24.0 17.362
24.0 17.418
24.0 16.802
24.0 17.314
24.0 16.938
24.0 17.45
24.0 17.094
24.0 17.59
24.0 17.276
24.0 17.47
24.0 16.69
24.0 17.356
24.0 17.26
24.0 17.588
24.0 17.5
24.0 17.16
24.0 17.308
24.0 16.908
24.0 17.438
24.0 17.408
24.0 17.776
24.0 17.512
24.0 17.27
24.0 17.784
24.0 16.784
24.0 17.08
24.0 17.292
24.0 16.756
24.0 17.212
24.0 17.3
24.0 18.028
24.0 17.968
24.0 16.92
24.0 17.158
24.0 17.534
24.0 17.352
24.0 16.824
24.0 17.47
500
10.5 -38.426
12.0 -7.188
17.0 3.966
17.0 8.056
19.0 11.128
19.5 12.09
20.5 12.984
20.5 12.956
21.5 14.328
21.5 14.298
21.5 14.978
21.5 14.732
22.5 14.844
22.5 14.848
23.0 14.98
23.0 15.124
23.0 16.398
23.0 16.798
23.0 16.666
23.0 17.154
23.0 16.324
23.0 16.94
23.0 16.81
23.0 16.692
23.0 16.994
23.5 16.666
23.5 16.312
23.5 16.78
23.5 17.454
23.5 16.708
23.5 17.378
24.0 17.218
24.0 17.12
24.0 17.756
24.0 17.766
24.0 17.652
24.0 17.362
24.0 17.232
24.0 17.316
24.0 17.318
24.0 17.428
24.0 17.446
24.0 17.346
24.0 17.17
24.0 17.504
24.0 17.964
24.0 17.192
24.0 17.384
24.0 17.508
24.0 16.938
24.0 17.478
24.0 17.116
24.0 17.202
24.0 17.368
24.0 17.49
24.0 17.844
24.0 18.044
24.0 17.918
24.0 17.706
24.0 17.744
24.0 17.868
24.0 17.852
24.0 17.806
24.0 18.174
24.0 18.196
24.0 17.908
24.0 18.48
24.0 18.01
24.0 18.112
24.0 18.01
24.0 17.744
24.0 17.752
24.0 17.928
24.0 17.716
24.0 17.448
24.0 17.378
24.0 17.696
24.0 17.442
24.0 17.296
24.0 17.54
24.0 17.946
24.0 17.442
24.0 18.116
24.0 17.8
24.0 18.238
24.0 17.236
24.0 17.89
24.0 17.99
24.0 17.364
24.0 17.34
24.0 17.666
24.0 17.098
24.0 17.634
24.0 17.474
24.0 16.956
24.0 17.388
24.0 17.35
24.0 17.75
24.0 17.53
24.0 17.444
24.0 17.182
24.0 17.576
24.0 17.416
24.0 17.534
24.0 18.252
24.0 17.88
24.0 17.592
24.0 17.434
24.0 17.692
24.0 18.12
24.0 17.898
24.0 17.904
24.0 17.844
24.0 17.462
24.0 17.764
24.0 17.546
24.0 17.67
24.0 17.654
24.0 18.49
24.0 18.218
24.0 17.27
24.0 16.652
24.0 17.608
24.0 17.26
24.0 17.464
24.0 18.052
24.0 17.974
24.0 17.7
24.0 18.056
24.0 17.536
24.0 17.996
24.0 17.264
24.0 17.614
24.0 17.37
24.0 17.796
24.0 18.1
24.0 18.286
24.0 17.514
24.0 17.042
24.0 17.382
24.0 17.152
24.0 17.136
24.0 17.59
24.0 17.35
24.0 17.77
24.0 18.002
24.0 18.29
24.0 18.056
24.0 17.776
24.0 17.768
24.0 17.428
24.0 17.862
24.0 18.106
24.0 17.548
24.0 17.664
24.0 17.89
24.0 17.534
24.0 17.706
24.0 16.95
24.0 17.464
24.0 17.916
24.0 17.62
24.5 17.934
24.5 17.558
24.5 16.998
24.5 17.256
24.5 16.854
24.5 17.328
24.5 17.064
24.5 16.854
24.5 16.79
24.5 16.672
24.5 16.962
24.5 17.466
24.5 17.424
24.5 16.858
24.5 17.316
24.5 17.084
24.5 16.778
24.5 16.982
24.5 17.75
24.5 17.968
24.5 17.388
24.5 17.14
24.5 16.738
24.5 17.538
24.5 17.636
24.5 17.72
24.5 17.154
24.5 17.224
24.5 17.062
24.5 17.368
24.5 17.576
24.5 17.336
24.5 17.012
24.5 18.05
24.5 17.784
24.5 17.14
24.5 18.1
24.5 17.488
24.5 17.144
24.5 17.308
24.5 18.176
24.5 18.0
24.5 18.002
24.5 17.64
24.5 17.648
24.5 17.88
24.5 18.034
24.5 17.78
24.5 17.334
24.5 17.252
24.5 17.586
24.5 17.27
24.5 18.0
24.5 17.686
24.5 17.57
24.5 17.432
24.5 17.304
24.5 17.568
24.5 17.574
24.5 17.786
24.5 17.924
24.5 16.916
24.5 17.46
24.5 16.572
24.5 17.312
24.5 17.298
24.5 16.786
24.5 17.668
24.5 17.6
24.5 17.228
24.5 17.58
24.5 16.786
24.5 16.88
24.5 17.312
24.5 17.344
24.5 17.87
24.5 17.516
24.5 17.368
24.5 17.732
24.5 17.262
24.5 17.796
24.5 17.89
24.5 17.602
24.5 16.916
24.5 16.888
24.5 17.03
24.5 17.394
24.5 17.064
24.5 17.258
24.5 17.132
24.5 17.474
24.5 17.334
24.5 17.522
24.5 17.522
24.5 17.128
24.5 17.046
24.5 17.5
24.5 17.236
24.5 17.634
24.5 17.032
24.5 17.812
24.5 17.744
24.5 17.09
24.5 17.302
24.5 16.466
24.5 16.748
24.5 17.046
24.5 17.348
24.5 17.846
24.5 17.79
24.5 17.296
24.5 17.31
24.5 17.694
24.5 17.454
24.5 17.818
24.5 17.592
24.5 17.374
24.5 17.568
24.5 17.628
24.5 17.954
24.5 17.73
24.5 17.394
24.5 17.686
24.5 17.554
24.5 17.274
24.5 17.418
24.5 17.208
24.5 17.008
24.5 18.07
24.5 17.594
24.5 17.96
24.5 17.432
24.5 17.432
24.5 17.616
24.5 17.374
24.5 17.626
24.5 17.562
24.5 17.112
24.5 17.03
24.5 16.952
24.5 16.902
24.5 16.976
24.5 17.802
24.5 17.616
24.5 18.01
24.5 18.306
24.5 17.588
24.5 17.302
24.5 17.91
24.5 17.076
24.5 17.498
24.5 17.936
24.5 17.302
24.5 16.67
24.5 17.606
24.5 17.448
24.5 17.54
24.5 17.85
24.5 17.87
24.5 17.318
24.5 17.358
24.5 17.394
24.5 17.242
24.5 17.57
24.5 17.674
24.5 17.46
24.5 17.734
24.5 18.388
24.5 18.034
24.5 17.108
24.5 17.824
24.5 17.222
24.5 17.554
24.5 17.85
24.5 17.486
24.5 17.66
24.5 17.39
24.5 17.956
24.5 18.104
24.5 17.91
24.5 17.906
24.5 16.998
24.5 17.568
24.5 17.132
24.5 16.84
24.5 17.37
24.5 16.304
24.5 17.278
24.5 17.246
24.5 17.002
24.5 17.292
24.5 18.012
24.5 17.578
24.5 17.51
24.5 17.762
24.5 17.054
24.5 17.448
24.5 17.308
24.5 16.916
24.5 17.502
24.5 17.348
24.5 17.314
24.5 17.498
24.5 17.922
24.5 17.658
24.5 17.402
24.5 17.574
24.5 17.32
24.5 17.57
24.5 17.318
24.5 17.632
24.5 17.454
24.5 17.366
24.5 17.04
24.5 17.02
24.5 17.556
24.5 16.442
24.5 17.332
24.5 17.972
24.5 17.596
24.5 17.42
24.5 17.79
24.5 17.532
24.5 17.642
24.5 17.642
24.5 17.192
24.5 17.816
24.5 17.862
24.5 17.754
24.5 17.548
24.5 17.676
24.5 17.114
24.5 17.162
24.5 17.284
24.5 17.372
24.5 17.558
24.5 17.34
24.5 17.898
24.5 17.238
24.5 17.704
24.5 16.184
24.5 16.142
24.5 17.484
24.5 17.068
24.5 17.266
24.5 17.75
24.5 17.666
24.5 16.74
24.5 17.474
24.5 17.31
24.5 17.102
24.5 17.322
24.5 17.146
24.5 17.34
24.5 17.176
24.5 17.32
24.5 17.252
24.5 16.94
24.5 16.9
24.5 17.874
24.5 17.066
24.5 17.446
24.5 17.654
24.5 17.374
24.5 17.266
24.5 17.504
24.5 16.778
24.5 17.384
24.5 17.16
24.5 17.16
24.5 17.738
24.5 17.078
24.5 17.338
24.5 17.742
24.5 17.252
24.5 17.43
24.5 17.31
24.5 17.22
24.5 17.704
24.5 17.732
24.5 17.65
24.5 17.52
24.5 17.286
24.5 16.866
24.5 16.76
24.5 17.002
24.5 17.186
24.5 17.334
24.5 17.378
24.5 17.442
24.5 17.444
24.5 17.724
24.5 17.792
24.5 17.666
24.5 17.522
24.5 17.596
24.5 17.458
24.5 17.52
24.5 17.476
24.5 17.418
24.5 17.376
24.5 17.44
24.5 17.128
24.5 17.556
24.5 17.916
24.5 17.55
24.5 17.394
24.5 17.518
24.5 16.9
24.5 17.288
24.5 17.316
24.5 16.7
24.5 17.448
24.5 17.338
24.5 17.438
24.5 17.136
24.5 17.32
24.5 17.874
24.5 17.744
24.5 17.63
24.5 17.642
24.5 17.542
24.5 17.78
24.5 17.75
24.5 17.63
24.5 17.524
24.5 17.302
24.5 17.318
24.5 17.24
24.5 16.862
24.5 17.2
24.5 17.92
24.5 17.682
24.5 17.284
24.5 17.01
24.5 16.776
24.5 17.342
24.5 17.252
500
15.0 -38.468
15.0 -6.096
17.0 4.046
17.0 8.174
18.0 10.616
18.5 12.094
18.5 12.248
19.5 12.508
19.5 12.766
20.0 13.142
20.5 13.442
21.5 13.624
22.5 14.002
22.5 14.068
22.5 15.662
22.5 15.234
22.5 15.716
22.5 15.72
22.5 15.596
22.5 16.134
23.0 16.064
23.0 16.184
23.0 16.096
23.0 16.896
23.0 16.968
23.0 16.224
23.0 17.154
23.0 16.244
23.0 16.836
23.0 16.574
23.0 16.28
23.0 17.066
23.0 16.832
23.0 16.842
23.0 16.892
23.0 17.206
23.0 16.706
23.0 16.792
23.0 16.666
23.0 16.792
23.0 16.888
23.0 16.828
23.0 17.112
23.0 16.68
23.0 16.5
23.0 16.6
23.0 16.652
23.0 16.61
23.0 16.85
23.0 16.124
23.0 15.984
23.0 16.774
23.0 16.596
23.0 16.632
23.0 16.902
23.0 17.264
23.0 17.54
23.0 17.082
23.0 17.492
23.0 17.164
23.0 17.084
23.0 17.184
23.0 16.95
23.0 16.774
23.0 16.79
23.0 16.992
24.0 16.888
24.0 16.952
24.0 16.366
24.0 16.76
24.0 16.26
24.0 16.934
24.0 17.126
24.0 16.554
24.0 16.064
24.0 16.944
24.0 16.656
24.0 16.808
24.0 16.89
24.0 16.77
24.0 16.646
24.0 16.928
24.0 17.05
24.0 16.998
24.0 17.382
24.0 17.376
24.0 16.828
24.0 17.716
24.0 17.532
24.0 17.364
24.0 17.352
24.0 17.238
24.0 17.692
24.0 17.294
24.0 17.266
24.0 17.61
24.0 17.292
24.0 16.936
24.0 17.054
24.0 17.322
24.0 17.62
24.0 16.83
24.0 16.716
24.0 17.186
24.0 16.874
24.0 16.838
24.0 17.018
24.0 17.334
24.0 17.826
24.0 17.192
24.0 17.222
24.0 17.05
24.0 17.42
24.0 17.296
24.0 17.644
24.0 17.192
24.0 17.408
24.0 17.362
24.0 16.952
24.0 17.754
24.0 16.888
24.0 17.416
24.0 16.938
24.0 17.02
24.0 17.396
24.0 17.282
24.0 17.28
24.0 17.628
24.0 17.296
24.0 17.592
24.0 17.182
24.0 17.118
24.0 17.606
24.0 17.512
24.0 17.612
24.0 17.542
24.0 18.032
24.0 17.324
24.0 17.266
24.0 17.65
24.0 17.734
24.0 17.45
24.0 17.276
24.0 17.148
24.0 17.012
24.0 17.348
24.0 17.286
24.0 17.018
24.0 17.404
24.0 18.24
24.0 18.048
24.0 18.236
24.0 17.354
24.0 17.242
24.0 17.434
24.0 17.592
24.0 16.938
24.0 16.656
24.0 17.06
24.0 17.71
24.0 17.922
24.0 16.85
24.0 17.648
24.0 17.324
24.0 17.852
24.0 17.408
24.0 17.64
24.0 17.366
24.0 16.566
24.0 17.092
24.0 16.854
24.0 17.212
24.0 17.752
24.0 17.502
24.0 17.178
24.0 17.074
24.0 17.658
24.0 17.272
24.0 17.78
24.0 17.824
24.0 17.52
24.0 17.01
24.0 17.174
24.0 16.962
24.0 17.066
24.0 17.122
24.0 17.154
24.0 17.672
24.0 16.874
24.0 17.554
24.0 17.38
24.0 17.658
24.0 17.3
24.0 17.434
24.0 18.096
24.0 17.834
24.0 17.448
24.0 17.624
24.0 17.786
24.0 17.486
24.0 17.534
24.0 17.444
24.0 17.09
24.0 16.87
24.0 16.648
24.0 16.808
24.0 17.032
24.0 16.802
24.0 17.052
24.0 16.364
24.0 17.104
24.0 17.388
24.0 17.338
24.0 16.902
24.0 17.422
24.0 17.392
24.0 17.204
24.0 17.378
24.0 17.052
24.0 17.014
24.0 17.44
24.0 17.534
24.0 17.578
24.0 17.758
24.0 17.446
24.0 17.496
24.0 17.066
24.0 17.468
24.0 16.526
24.0 16.846
24.0 17.79
24.0 17.352
24.0 17.458
24.0 17.402
24.0 17.216
24.0 17.416
24.0 17.092
24.0 17.102
24.0 17.136
24.0 17.3
24.0 17.072
24.0 17.27
24.0 17.26
24.0 17.044
24.0 17.146
24.0 17.422
24.0 17.39
24.0 17.092
24.0 17.27
24.0 17.234
24.0 16.702
24.0 17.398
24.0 17.532
24.0 17.174
24.0 17.136
24.0 17.732
24.0 18.034
24.0 17.272
24.0 17.252
24.0 16.6
24.0 17.106
24.0 17.59
24.0 17.66
24.0 17.9
24.0 17.174
24.0 17.12
24.0 17.88
24.0 17.86
24.0 18.016
24.0 18.18
24.0 18.12
24.0 17.692
24.0 17.664
24.0 17.068
24.0 17.252
24.0 17.106
24.0 17.302
24.0 17.248
24.0 17.166
24.0 17.182
24.0 17.232
24.0 17.822
24.0 16.668
24.0 17.584
24.0 17.444
24.0 17.688
24.0 17.436
24.0 17.404
24.0 16.966
24.0 17.166
24.0 17.656
24.0 17.444
24.0 17.478
24.0 16.848
24.0 17.474
24.0 17.336
24.0 17.292
24.0 16.812
24.0 17.146
24.0 16.702
24.0 17.27
24.0 16.888
24.0 16.79
24.0 16.938
24.0 17.476
24.0 17.454
24.0 17.282
24.0 16.912
24.0 17.052
24.0 17.63
24.0 17.364
24.0 17.572
24.0 16.892
24.0 17.136
24.0 17.498
24.0 17.806
24.0 17.694
24.0 17.488
24.0 17.626
24.0 17.626
24.0 17.628
24.0 17.36
24.0 17.164
24.0 16.864
24.0 16.946
24.0 17.302
24.0 17.842
24.0 17.684
24.0 17.488
24.0 17.098
24.0 16.848
24.0 16.97
24.0 16.98
24.0 17.644
24.0 17.126
24.0 17.526
24.0 17.236
24.0 16.622
24.0 17.066
24.0 16.78
24.0 16.97
24.0 16.916
24.0 17.224
24.0 16.888
24.0 16.792
24.0 17.192
24.0 17.312
24.0 17.356
24.0 17.444
24.0 17.614
24.0 17.386
24.0 17.868
24.0 17.002
24.0 16.782
24.0 17.088
24.0 17.586
24.0 17.122
24.0 17.276
24.0 17.32
24.0 17.088
24.0 17.032
24.0 17.074
24.0 17.336
24.0 17.372
24.0 17.322
24.0 17.606
24.0 17.206
24.0 17.608
24.0 17.85
24.0 17.532
24.0 17.912
24.0 17.198
24.0 17.148
24.0 17.172
24.0 17.126
24.0 17.384
24.0 17.506
24.0 17.534
24.0 17.818
24.0 17.378
24.0 17.524
24.0 16.83
24.0 17.502
24.0 17.474
24.0 17.67
24.0 17.054
24.0 17.38
24.0 17.492
24.0 17.1
24.0 17.338
24.0 17.72
24.0 17.636
24.0 17.82
24.0 17.396
24.0 16.566
24.0 16.646
24.0 17.31
24.0 17.366
24.0 17.78
24.0 17.28
24.0 17.34
24.0 17.01
24.0 17.146
24.0 18.13
24.0 17.538
24.0 17.178
24.0 17.226
24.0 17.648
24.0 17.676
24.0 17.68
24.0 17.642
24.0 17.544
24.0 17.274
24.0 17.634
24.0 17.878
24.0 17.654
24.0 16.518
24.0 17.462
24.0 17.28
24.0 16.852
24.0 16.97
24.0 17.338
24.0 17.316
24.0 17.546
24.0 17.478
24.0 17.604
24.0 17.414
24.0 17.356
24.0 17.418
24.0 17.07
24.0 17.754
24.0 17.244
24.0 17.34
24.0 17.778
24.0 17.828
24.0 17.368
24.0 17.18
24.0 17.224
24.0 17.138
24.0 16.82
24.0 17.596
24.0 16.95
24.0 17.454
24.0 17.598
24.0 17.838
24.0 17.75
24.0 17.962
24.0 17.194
24.0 17.424
24.0 17.504
24.0 17.694
24.0 17.336
24.0 17.704
24.0 18.392
24.0 18.026
24.0 17.696
24.0 17.86
24.0 17.762
24.0 17.9
24.0 18.256
24.0 17.552
24.0 17.516
24.0 17.458
24.0 16.984
24.0 17.584
24.0 16.824
24.0 16.95
24.0 16.718
24.0 17.05
24.0 17.59
24.0 17.006
24.0 17.34
24.0 17.496
24.0 18.11
24.0 17.684
24.0 17.346
24.0 16.874
24.0 17.32
24.0 17.4
24.0 17.228
24.0 17.402
24.0 16.946
24.0 16.832
24.0 16.692
24.0 16.75
24.0 17.426
24.0 17.056
24.0 17.394
24.0 17.782
24.0 16.832
24.0 17.26
24.0 17.15
24.0 17.288
24.0 16.95
24.0 17.016
24.0 17.318
24.0 17.742
24.0 17.282
24.0 17.166
24.0 17.714
500
11.0 -34.526
14.0 -8.072
17.5 2.902
17.5 8.04
19.0 10.332
19.0 11.988
19.5 12.168
21.5 12.646
21.5 13.676
21.5 13.884
21.5 14.21
21.5 14.894
21.5 14.92
21.5 15.836
21.5 15.61
22.0 15.69
23.0 16.316
23.0 15.698
23.0 16.194
23.0 16.456
23.0 16.09
23.0 16.13
23.0 16.212
23.0 16.122
23.0 16.176
24.0 16.242
24.0 16.69
24.0 16.718
24.0 16.188
24.0 16.738
24.0 17.476
24.0 17.832
24.0 16.704
24.0 16.742
24.0 17.22
24.0 16.892
24.0 17.222
24.0 17.226
24.0 17.624
24.0 17.288
24.0 17.496
24.0 16.57
24.0 16.872
24.0 17.824
24.0 17.364
24.0 17.552
24.0 17.148
24.0 16.946
24.0 16.67
24.0 17.006
24.0 16.744
24.0 16.866
24.0 17.152
24.0 17.156
24.0 17.2
24.0 16.812
24.0 17.362
24.0 17.336
24.0 17.17
24.0 17.36
24.0 17.428
24.0 16.766
24.0 16.936
24.0 17.586
24.0 17.722
24.0 17.728
24.0 17.61
24.0 17.348
24.0 17.234
24.0 17.534
24.0 17.102
24.0 17.204
24.0 17.126
24.0 16.64
24.0 16.946
24.0 17.142
24.0 16.704
24.0 16.726
24.0 16.624
24.0 17.038
24.0 17.256
24.0 17.028
24.0 17.29
24.0 17.228
24.0 16.956
24.0 17.658
24.0 17.234
24.0 17.55
24.0 17.852
24.0 17.22
24.0 17.64
24.0 17.768
24.0 17.26
24.0 17.742
24.0 18.238
24.0 17.656
24.0 17.614
24.0 17.208
24.0 17.682
24.0 17.582
24.0 17.414
24.0 17.392
24.0 17.116
24.0 17.012
24.0 17.632
24.0 17.24
24.0 16.208
24.0 17.394
24.0 17.416
24.0 17.444
24.0 16.686
24.0 16.882
24.0 16.894
24.0 17.172
24.0 17.452
24.0 17.046
24.0 17.356
24.0 17.59
24.0 17.44
24.0 17.032
24.0 17.408
24.0 17.942
24.0 17.76
24.0 17.682
24.0 17.118
24.0 17.568
24.0 17.488
24.0 17.544
24.0 17.68
24.0 17.45
24.0 17.186
24.0 17.142
24.0 16.692
24.0 16.536
24.0 16.83
24.0 17.314
24.0 17.274
24.0 17.26
24.0 17.162
24.0 17.382
24.0 17.578
24.0 17.12
24.0 16.85
24.0 16.742
24.0 17.062
24.0 17.414
24.0 16.944
24.0 17.642
24.0 17.642
24.0 17.09
24.0 17.65
24.0 17.548
24.0 17.918
24.0 17.178
24.0 17.422
24.0 17.362
24.0 17.562
24.0 17.788
24.0 17.212
24.0 17.054
24.0 16.832
24.0 17.708
24.0 17.538
24.0 17.558
24.0 17.53
24.0 17.59
24.0 17.268
24.0 16.714
24.0 16.874
24.0 17.282
24.0 17.346
24.0 17.278
24.0 17.484
24.0 17.428
24.0 17.506
24.0 17.022
24.0 17.82
24.0 17.396
24.0 17.234
24.0 16.794
24.0 16.946
24.0 17.33
24.0 17.164
24.0 17.142
24.0 17.816
24.0 17.324
24.0 17.334
24.0 17.114
24.0 17.298
24.0 17.196
24.0 16.642
24.0 16.788
24.0 16.916
24.0 17.05
24.0 17.334
24.0 17.194
24.0 17.114
24.0 16.968
24.0 17.832
24.0 17.64
24.0 17.186
24.0 17.536
24.0 16.972
24.0 17.608
24.0 17.664
24.0 17.876
24.0 17.272
24.0 17.808
24.0 17.404
24.0 17.38
24.0 17.172
24.0 17.142
24.0 17.242
24.0 16.844
24.0 17.664
24.0 17.346
24.0 17.636
24.0 17.03
24.0 16.794
24.0 16.67
24.0 16.866
24.0 17.432
24.0 17.174
24.0 16.752
24.0 17.154
24.0 17.356
24.0 16.98
24.0 17.174
24.0 17.278
24.0 17.306
24.0 16.902
24.0 17.038
24.0 17.39
24.0 17.042
24.0 16.676
24.0 17.29
24.0 17.548
24.0 17.712
24.0 17.648
24.0 17.54
24.0 17.054
24.0 17.35
24.0 17.382
24.0 17.794
24.0 17.97
24.0 17.18
24.0 17.024
24.0 16.776
24.0 17.258
24.0 17.434
24.0 16.798
24.0 16.796
24.0 17.344
24.0 17.228
24.0 17.06
24.0 17.398
24.0 16.732
24.0 17.106
24.0 17.054
24.0 16.84
24.0 17.214
24.0 17.244
24.0 17.744
24.0 18.09
24.0 18.054
24.0 17.56
24.0 17.458
24.0 17.44
24.0 17.64
24.0 16.926
24.0 16.842
24.0 17.018
24.0 17.05
24.0 17.18
24.0 17.378
24.0 17.328
24.0 17.446
24.0 16.658
24.0 17.426
24.0 16.88
24.0 17.392
24.0 17.268
24.0 17.132
24.0 17.084
24.0 17.26
24.0 17.188
24.0 17.468
24.0 17.902
24.0 17.872
24.0 17.36
24.0 17.534
24.0 17.822
24.0 17.358
24.0 17.782
24.0 17.264
24.0 17.438
24.0 17.944
24.0 17.328
24.0 17.73
24.0 17.258
24.0 17.278
24.0 16.94
24.0 16.73
24.0 16.98
24.0 17.344
24.0 17.536
24.0 17.362
24.0 17.808
24.0 16.996
24.0 16.996
24.0 16.484
24.0 16.502
24.0 17.066
24.0 17.202
24.0 17.068
24.0 17.226
24.0 17.278
24.0 17.784
24.0 17.97
24.0 17.168
24.0 17.556
24.0 17.944
24.0 17.63
24.0 17.352
24.0 17.492
24.0 18.124
24.0 17.49
24.0 18.136
24.0 17.564
24.0 17.756
24.0 17.512
24.0 17.848
24.0 17.336
24.0 17.7
24.0 17.552
24.0 17.044
24.0 17.704
24.0 17.694
24.0 17.636
24.0 17.342
24.0 16.938
24.0 17.41
24.0 17.66
24.0 17.074
24.0 16.926
24.0 17.064
24.0 17.384
24.0 17.136
24.0 17.396
24.0 17.366
24.0 17.496
24.0 16.76
24.0 17.366
24.0 17.366
24.0 17.506
24.0 17.092
24.0 17.054
24.0 17.668
24.0 17.246
24.0 16.86
24.0 17.032
24.0 17.88
24.0 17.39
24.0 17.352
24.0 17.142
24.0 17.49
24.0 16.732
24.0 16.828
24.0 17.17
24.0 17.624
24.0 17.662
24.0 16.816
24.0 16.692
24.0 17.382
24.0 17.168
24.0 17.238
24.0 17.88
24.0 17.09
24.0 16.208
24.0 16.394
24.0 16.44
24.0 16.958
24.0 17.38
24.0 17.464
24.0 17.834
24.0 17.46
24.0 17.202
24.0 16.916
24.0 16.318
24.0 16.912
24.0 17.338
24.0 17.066
24.0 16.92
24.0 16.908
24.0 17.324
24.0 17.258
24.0 17.51
24.0 17.076
24.0 17.42
24.0 17.028
24.0 16.838
24.0 17.168
24.0 17.14
24.0 16.878
24.0 16.888
24.0 17.602
24.0 17.186
24.0 16.548
24.0 17.352
24.0 16.858
24.0 16.538
24.0 17.234
24.0 17.138
24.0 16.908
24.0 17.248
24.0 17.572
24.0 17.646
24.0 17.44
24.0 17.372
24.0 17.506
24.0 17.37
24.0 17.178
24.0 17.088
24.0 16.788
24.0 17.04
24.0 16.428
24.0 17.212
24.0 17.062
24.0 17.184
24.0 16.884
24.0 16.89
24.0 17.238
24.0 17.806
24.0 17.596
24.0 17.716
24.0 17.094
24.0 16.896
24.0 17.026
24.0 17.394
24.0 17.498
24.0 17.434
24.0 17.39
24.0 16.898
24.0 16.428
24.0 16.828
24.0 17.346
24.0 17.232
24.0 17.62
24.0 17.356
24.0 16.732
24.0 17.282
24.0 16.964
24.0 17.292
24.0 17.182
24.0 17.764
24.0 17.742
24.0 17.298
24.0 17.944
24.0 17.73
24.0 17.148
24.0 16.596
24.0 16.754
24.0 16.792
24.0 16.61
24.0 17.48
24.0 17.574
24.0 17.1
24.0 17.418
24.0 16.928
24.0 17.024
24.0 17.42
24.0 16.956
24.0 17.476
24.0 17.284
24.0 17.544
24.0 17.938
24.0 17.756
24.0 17.31
24.0 16.984
24.0 17.432
24.0 17.266
24.0 16.742
24.0 17.34
24.0 17.492
24.0 18.278
24.0 18.006
24.0 17.75
24.0 17.214
24.0 17.838
24.0 17.348
24.0 17.434
24.0 17.538
24.0 17.538
24.0 17.584
24.0 17.49
24.0 17.508
24.0 17.66
24.0 17.414
24.0 17.664
24.0 17.614
500
9.5 -36.664
12.0 -7.468
15.0 2.18
17.5 6.504
18.0 10.406
18.5 11.466
18.5 12.556
20.0 13.018
21.5 13.202
21.5 13.482
21.5 13.552
21.5 13.432
21.5 12.91
21.5 13.632
21.5 13.798
22.0 13.74
22.0 14.162
22.0 14.068
22.0 14.298
22.0 13.81
22.0 13.846
22.0 13.986
22.0 14.036
22.5 14.5
22.5 14.214
23.0 14.762
23.0 15.14
23.0 15.654
23.0 15.678
23.0 15.708
23.0 15.976
23.0 15.838
23.5 16.158
23.5 16.226
23.5 16.408
23.5 16.556
23.5 15.3
23.5 16.168
23.5 16.244
23.5 16.448
24.0 16.52
24.0 16.502
24.0 16.048
24.0 16.08
24.0 16.49
24.0 17.522
24.0 16.762
24.0 17.174
24.0 17.026
24.0 17.222
24.0 17.03
24.0 16.92
24.0 17.64
24.0 17.262
24.0 17.512
24.0 18.076
24.0 18.152
24.0 17.572
24.0 17.278
24.0 18.048
24.0 17.79
24.0 17.194
24.0 17.606
24.0 17.266
24.0 16.852
24.0 17.116
24.0 17.752
24.0 17.572
24.0 17.838
24.0 17.952
24.0 17.346
24.0 17.496
24.0 17.344
24.0 17.352
24.0 17.246
24.0 17.632
24.0 18.354
24.0 18.044
24.0 18.25
24.0 17.676
24.0 17.808
24.0 17.83
24.0 17.63
24.0 17.114
24.0 17.33
24.0 17.146
24.0 17.098
24.0 17.428
24.0 17.308
24.0 17.792
24.0 17.88
24.0 17.71
24.0 17.89
24.0 17.954
24.0 17.716
24.0 17.736
24.0 17.714
24.0 17.538
24.0 17.906
24.0 17.892
24.0 18.194
24.0 17.7
24.0 17.876
24.0 17.498
24.0 17.824
24.0 17.998
24.0 17.702
24.0 17.902
24.0 17.982
24.0 16.948
24.0 17.302
24.0 17.596
24.0 17.386
24.0 17.716
24.0 17.988
24.0 17.642
24.0 17.906
24.0 17.928
24.0 17.278
24.0 17.89
24.0 17.79
24.0 17.672
24.0 17.302
24.0 17.302
24.0 17.85
24.0 17.658
24.0 18.018
24.0 17.91
24.0 18.23
24.0 17.976
24.0 17.794
24.0 18.294
24.0 17.96
24.0 17.91
24.0 17.476
24.0 17.858
24.0 17.82
24.0 17.898
24.0 17.914
24.0 17.476
24.0 17.916
24.0 18.286
24.0 17.992
24.0 18.292
24.0 17.194
24.0 17.76
24.0 18.266
24.0 17.408
24.0 17.636
24.0 17.948
24.0 17.208
24.0 17.302
24.0 17.11
24.0 17.028
24.0 17.716
24.0 17.716
24.0 17.72
24.0 17.336
24.0 17.712
24.0 17.828
24.0 17.89
24.0 18.114
24.0 18.226
24.0 18.048
24.0 18.124
24.0 17.506
24.0 17.288
24.0 17.342
24.0 17.828
24.0 17.322
24.0 17.634
24.0 17.632
24.0 17.996
24.0 17.982
24.0 17.79
24.0 17.55
24.0 17.642
24.0 18.258
24.0 17.828
24.0 18.138
24.0 17.436
24.0 18.114
24.0 17.674
24.0 17.728
24.0 17.916
24.0 17.536
24.0 17.168
24.0 16.922
24.0 17.136
24.0 17.676
24.0 17.892
24.0 17.522
24.0 17.676
24.0 17.534
24.0 17.602
24.0 17.556
24.0 17.586
24.0 17.548
24.0 18.022
24.0 17.58
24.0 17.544
24.0 17.49
24.0 17.228
24.0 17.994
24.0 17.712
24.0 18.124
24.0 17.5
24.0 17.368
24.0 17.258
24.0 17.836
24.0 17.738
24.0 18.044
24.0 17.968
24.0 17.748
24.0 17.574
24.0 17.036
24.0 17.774
24.0 17.826
24.0 18.212
24.0 18.086
24.0 18.254
24.0 17.85
24.0 17.476
24.0 17.97
24.0 17.552
24.0 18.18
24.0 17.99
24.0 17.358
24.0 17.498
24.0 17.334
24.0 18.262
24.0 18.064
24.0 18.03
24.0 17.934
24.0 17.872
24.0 17.984
24.0 17.454
24.0 18.03
24.0 17.95
24.0 18.32
24.0 18.138
24.0 17.924
24.0 18.434
24.0 17.524
24.0 18.24
24.0 17.702
24.0 18.512
24.0 17.746
24.0 16.95
24.0 17.698
24.0 18.37
24.0 17.828
24.0 17.796
24.0 18.304
24.0 17.776
24.0 17.47
24.0 18.02
24.0 17.584
24.0 17.672
24.0 17.796
24.0 17.544
24.0 17.88
24.0 17.876
24.0 17.452
24.0 17.842
24.0 17.608
24.0 17.118
24.0 17.536
24.0 17.92
24.0 17.83
24.0 17.552
24.0 17.53
24.0 17.782
24.0 17.786
24.0 17.342
24.0 17.834
24.0 17.69
24.0 17.328
24.0 17.178
24.0 17.516
24.0 17.568
24.0 17.542
24.0 17.552
24.0 16.844
24.0 17.384
24.0 17.354
24.0 17.342
24.0 17.792
24.0 17.48
24.0 17.432
24.0 17.922
24.0 17.684
24.0 17.796
24.0 17.918
24.0 18.01
24.0 18.056
24.0 17.542
24.0 17.402
24.0 17.074
24.0 17.346
24.0 17.65
24.0 17.952
24.0 17.892
24.0 17.728
24.0 17.948
24.0 17.518
24.0 18.078
24.0 17.984
24.0 18.01
24.0 17.534
24.0 17.962
24.0 18.194
24.0 17.934
24.0 17.906
24.0 17.744
24.0 17.714
24.0 18.444
24.0 17.706
24.0 17.672
24.0 16.828
24.0 17.774
24.0 17.64
24.0 17.752
24.0 17.718
24.0 17.666
24.0 17.554
24.0 17.188
24.0 17.798
24.0 18.112
24.0 17.564
24.0 17.664
24.0 17.52
24.0 17.436
24.0 18.034
24.0 17.61
24.0 17.224
24.0 17.588
24.0 17.478
24.0 17.14
24.0 17.592
24.0 17.916
24.0 18.204
24.0 17.534
24.0 18.512
24.0 17.802
24.0 17.698
24.0 17.392
24.0 17.1
24.0 16.774
24.0 17.206
24.0 17.788
24.0 18.39
24.0 18.088
24.0 17.968
24.0 17.63
24.0 17.906
24.0 17.954
24.0 17.72
24.0 17.324
24.0 18.136
24.0 17.57
24.0 17.99
24.0 17.346
24.0 17.912
24.0 18.1
24.0 17.996
24.0 17.68
24.0 17.582
24.0 17.692
24.0 17.406
24.0 17.19
24.0 17.67
24.0 17.866
24.0 18.316
24.0 17.73
24.0 17.522
24.0 17.19
24.0 17.542
24.0 17.636
24.0 17.282
24.0 17.556
24.0 17.636
24.0 17.466
24.0 17.904
24.0 17.884
24.0 18.144
24.0 18.056
24.0 17.402
24.0 17.95
24.0 17.416
24.0 17.492
24.0 17.806
24.0 17.646
24.0 17.43
24.0 17.388
24.0 17.524
24.0 17.928
24.0 17.938
24.0 18.206
24.0 18.37
24.0 17.882
24.0 17.86
24.0 17.36
24.0 17.112
24.0 17.342
24.0 17.412
24.0 17.532
24.0 17.958
24.0 17.788
24.0 17.804
24.0 17.318
24.0 17.784
24.0 18.112
24.0 17.918
24.0 17.402
24.0 17.844
24.0 17.496
24.0 17.04
24.0 16.882
24.0 17.3
24.0 18.066
24.0 17.282
24.0 17.18
24.0 17.424
24.0 17.932
24.0 17.664
24.0 17.91
24.0 17.858
24.0 17.88
24.0 17.21
24.0 17.556
24.0 17.946
24.0 17.328
24.0 17.84
24.0 17.728
24.0 17.826
24.0 17.4
24.0 17.512
24.0 17.368
24.0 17.504
24.0 17.524
24.0 17.35
24.0 17.152
24.0 17.7
24.0 17.978
24.0 17.846
24.0 17.39
24.0 17.386
24.0 17.044
24.0 17.772
24.0 17.518
24.0 17.868
24.0 17.556
24.0 18.03
24.0 18.042
24.0 17.338
24.0 17.696
24.0 17.552
24.0 17.436
24.0 17.944
24.0 17.076
24.0 17.846
24.0 17.354
24.0 17.73
24.0 17.99
24.0 17.872
24.0 17.534
24.0 17.862
24.0 17.546
24.0 17.354
24.0 17.344
24.0 17.334
24.0 17.818
24.0 17.556
24.0 17.342
24.0 17.532
24.0 17.584
24.0 17.518
24.0 17.59
24.0 17.976
24.0 17.83
24.0 17.636
24.0 17.592
24.0 18.32
24.0 17.892
24.0 17.532
24.0 17.852
24.0 17.84
24.0 17.442
24.0 17.806
24.0 18.036
24.0 17.856
24.0 17.206
24.0 17.658
24.0 17.678
24.0 17.11
24.0 17.738
24.0 17.578
24.0 17.75
24.0 17.548
500
8.0 -37.182
15.0 -8.882
17.0 3.41
17.5 9.318
18.5 11.044
18.5 11.722
20.0 12.816
21.5 13.772
21.5 13.306
22.0 13.82
22.0 15.008
22.5 15.562
22.5 15.542
22.5 15.85
22.5 16.232
22.5 15.364
22.5 15.404
22.5 15.638
23.5 15.616
23.5 15.668
23.5 15.496
24.5 15.91
24.5 16.318
24.5 17.09
24.5 16.562
24.5 16.87
24.5 16.554
24.5 16.532
24.5 16.952
24.5 16.862
24.5 16.298
24.5 17.106
24.5 16.852
24.5 17.472
24.5 17.446
24.5 16.898
24.5 16.858
24.5 16.75
24.5 16.876
24.5 17.136
24.5 17.076
24.5 16.77
24.5 16.968
24.5 17.006
24.5 16.968
24.5 16.528
24.5 16.54
24.5 16.814
24.5 16.986
24.5 17.156
24.5 17.226
24.5 17.372
24.5 17.152
24.5 16.556
24.5 16.908
24.5 16.92
24.5 16.784
24.5 17.662
24.5 17.564
24.5 17.31
24.5 17.412
24.5 17.288
24.5 17.016
24.5 16.808
24.5 17.032
24.5 17.35
24.5 17.016
24.5 16.974
24.5 17.818
24.5 17.186
24.5 17.12
24.5 16.646
24.5 16.022
24.5 16.76
24.5 16.908
24.5 17.724
24.5 16.918
24.5 17.1
24.5 17.31
24.5 16.71
24.5 16.896
24.5 17.186
24.5 16.598
24.5 17.34
24.5 17.168
24.5 16.844
24.5 16.79
24.5 16.45
24.5 17.066
24.5 16.862
24.5 16.484
24.5 16.9
24.5 16.24
24.5 17.226
24.5 17.164
24.5 16.932
24.5 17.436
24.5 17.39
24.5 16.882
24.5 17.064
24.5 17.13
24.5 17.308
24.5 17.394
24.5 17.722
24.5 17.862
24.5 17.684
24.5 17.308
24.5 16.426
24.5 15.908
24.5 16.49
24.5 16.858
24.5 17.552
24.5 17.07
24.5 17.172
24.5 17.512
24.5 16.35
24.5 17.022
24.5 17.438
24.5 17.414
24.5 16.778
24.5 16.862
24.5 17.5
24.5 17.516
24.5 17.884
24.5 17.466
24.5 17.266
24.5 16.552
24.5 17.504
24.5 16.996
24.5 16.586
24.5 17.658
24.5 17.162
24.5 16.68
24.5 17.078
24.5 16.828
24.5 16.436
24.5 17.102
24.5 17.18
24.5 17.668
24.5 17.386
24.5 17.684
24.5 17.916
24.5 17.476
24.5 17.834
24.5 17.01
24.5 17.162
24.5 16.778
24.5 16.698
24.5 17.736
24.5 16.406
24.5 17.028
24.5 17.636
24.5 17.154
24.5 16.912
24.5 16.9
24.5 17.3
24.5 16.824
24.5 17.038
24.5 17.578
24.5 17.27
24.5 17.034
24.5 16.808
24.5 17.4
24.5 17.148
24.5 16.804
24.5 17.076
24.5 17.27
24.5 16.932
24.5 17.008
24.5 16.864
24.5 17.302
24.5 17.1
24.5 17.206
24.5 17.316
24.5 16.102
24.5 17.124
24.5 17.432
24.5 17.984
24.5 17.834
24.5 17.554
24.5 17.028
24.5 17.136
24.5 17.428
24.5 17.112
24.5 16.872
24.5 17.19
24.5 16.87
24.5 17.13
24.5 17.176
24.5 17.33
24.5 17.144
24.5 17.086
24.5 17.226
24.5 17.114
24.5 16.858
24.5 17.484
24.5 17.136
24.5 17.238
24.5 17.688
24.5 17.57
24.5 17.154
24.5 16.59
24.5 17.046
24.5 16.208
24.5 16.622
24.5 16.848
24.5 16.588
24.5 17.078
24.5 16.934
24.5 17.178
24.5 17.34
24.5 16.426
24.5 16.908
24.5 17.298
24.5 17.022
24.5 17.198
24.5 16.868
24.5 17.614
24.5 17.71
24.5 17.494
24.5 17.276
24.5 17.028
24.5 17.062
24.5 17.28
24.5 17.702
24.5 17.744
24.5 17.408
24.5 17.154
24.5 16.662
24.5 17.136
24.5 16.906
24.5 17.042
24.5 17.938
24.5 17.698
24.5 16.962
24.5 17.752
24.5 17.084
24.5 16.514
24.5 16.21
24.5 16.574
24.5 17.202
24.5 17.24
24.5 16.182
24.5 15.878
24.5 16.646
24.5 16.544
24.5 16.974
24.5 16.85
24.5 16.846
24.5 17.356
24.5 16.734
24.5 16.942
24.5 17.038
24.5 16.606
24.5 16.666
24.5 16.918
24.5 16.276
24.5 17.508
24.5 17.024
24.5 16.982
24.5 17.03
24.5 17.332
24.5 16.834
24.5 17.06
24.5 17.212
24.5 17.282
24.5 17.246
24.5 16.65
24.5 16.668
24.5 16.276
24.5 16.828
24.5 16.426
24.5 17.22
24.5 16.938
24.5 16.712
24.5 16.818
24.5 17.54
24.5 17.678
24.5 17.108
24.5 17.404
24.5 17.472
24.5 16.612
24.5 17.4
24.5 16.956
24.5 16.814
24.5 16.778
24.5 15.796
24.5 16.382
24.5 16.18
24.5 17.192
24.5 17.384
24.5 16.962
24.5 17.236
24.5 17.018
24.5 16.46
24.5 16.996
24.5 16.972
24.5 16.694
24.5 17.368
24.5 17.084
24.5 16.868
24.5 17.36
24.5 17.174
24.5 17.416
24.5 17.34
24.5 16.93
24.5 16.794
24.5 17.386
24.5 17.178
24.5 17.426
24.5 17.508
24.5 16.37
24.5 17.04
24.5 17.04
24.5 17.422
24.5 16.87
24.5 17.108
24.5 17.382
24.5 17.15
24.5 17.156
24.5 16.89
24.5 16.978
24.5 16.466
24.5 16.862
24.5 16.902
24.5 17.118
24.5 16.72
24.5 16.71
24.5 16.728
24.5 17.104
24.5 17.366
24.5 17.12
24.5 16.562
24.5 16.62
24.5 17.144
24.5 17.45
24.5 17.194
24.5 16.444
24.5 16.3
24.5 17.064
24.5 16.952
24.5 17.212
24.5 16.838
24.5 16.658
24.5 17.148
24.5 16.886
24.5 17.192
24.5 17.044
24.5 17.064
24.5 16.872
24.5 17.056
24.5 17.566
24.5 17.22
24.5 16.202
24.5 16.912
24.5 17.34
24.5 16.844
24.5 16.968
24.5 16.61
24.5 17.114
24.5 17.174
24.5 17.16
24.5 17.116
24.5 17.332
24.5 17.052
24.5 17.146
24.5 17.492
24.5 17.302
24.5 17.682
24.5 17.62
24.5 17.676
24.5 17.36
24.5 16.446
24.5 16.984
24.5 17.722
24.5 17.668
24.5 17.626
24.5 17.256
24.5 17.046
24.5 16.776
24.5 16.886
24.5 16.776
24.5 16.48
24.5 16.18
24.5 16.85
24.5 16.884
24.5 17.462
24.5 17.402
24.5 17.15
24.5 17.772
24.5 17.864
24.5 17.258
24.5 17.492
24.5 16.95
24.5 16.97
24.5 17.122
24.5 16.372
24.5 17.078
24.5 17.064
24.5 17.58
24.5 18.026
24.5 17.486
24.5 17.162
24.5 17.378
24.5 16.898
24.5 16.096
24.5 15.912
24.5 17.134
24.5 16.552
24.5 16.87
24.5 17.052
24.5 16.44
24.5 17.372
24.5 17.314
24.5 18.216
24.5 17.618
24.5 17.62
24.5 17.142
24.5 17.402
24.5 18.036
24.5 17.234
24.5 17.388
24.5 17.244
24.5 16.916
24.5 17.828
24.5 17.386
24.5 16.748
24.5 16.848
24.5 17.202
24.5 17.178
24.5 17.126
24.5 17.15
24.5 16.95
24.5 16.99
24.5 17.766
24.5 17.162
24.5 16.564
24.5 16.786
24.5 17.01
24.5 16.456
24.5 16.548
24.5 16.672
24.5 17.042
24.5 17.268
24.5 16.644
24.5 17.1
24.5 16.994
24.5 16.714
24.5 16.616
24.5 17.336
24.5 17.046
24.5 17.044
24.5 17.998
24.5 17.348
24.5 17.36
24.5 17.122
24.5 16.718
24.5 17.332
24.5 16.864
24.5 17.306
24.5 17.886
24.5 16.72
24.5 17.48
24.5 16.948
24.5 16.692
24.5 16.816
24.5 17.372
24.5 16.97
24.5 16.808
24.5 17.168
24.5 17.32
24.5 17.408
24.5 17.03
24.5 17.192
24.5 17.196
24.5 17.222
24.5 17.408
24.5 17.432
24.5 17.324
24.5 17.354
24.5 17.22
24.5 17.212
24.5 16.67
24.5 16.822
24.5 17.074
24.5 16.938
24.5 17.076
24.5 17.148
24.5 17.086
24.5 16.572
24.5 17.158
24.5 16.692
24.5 17.032
24.5 16.928
24.5 16.758
24.5 16.792
24.5 17.452
24.5 16.608
24.5 17.71
24.5 17.148

Individual: [1, 3, 4, 6, 13, 14, 16, 17, 34, 36, 37, 39, 45, 47, 48, 50]
   Fitness: 24.0
     Total: 16
Violations: 0 0

Individual: [2, 4, 8, 10, 11, 13, 17, 19, 31, 33, 39, 41, 42, 44, 48, 50]
   Fitness: 24.0
     Total: 16
Violations: 0 0

Individual: [2, 3, 5, 6, 12, 14, 15, 17, 34, 35, 37, 38, 44, 45, 48, 49]
   Fitness: 24.0
     Total: 16
Violations: 0 0

Individual: [1, 4, 6, 9, 10, 13, 15, 18, 19, 36, 38, 39, 41, 45, 47, 48, 50]
   Fitness: 24.5
     Total: 17
Violations: 1 1

Individual: [2, 4, 5, 7, 11, 13, 14, 16, 36, 37, 39, 40, 45, 46, 48, 49]
   Fitness: 24.0
     Total: 16
Violations: 0 0

Individual: [1, 2, 5, 6, 13, 14, 16, 17, 19, 34, 35, 38, 39, 45, 47, 48, 50]
   Fitness: 24.5
     Total: 17
Violations: 1 1

Individual: [4, 5, 7, 8, 15, 16, 18, 19, 35, 36, 38, 39, 46, 47, 49, 50]
   Fitness: 24.0
     Total: 16
Violations: 0 0

Individual: [3, 5, 6, 8, 14, 15, 18, 19, 36, 37, 39, 40, 45, 46, 48, 49]
   Fitness: 24.0
     Total: 16
Violations: 0 0

Individual: [1, 2, 4, 5, 12, 13, 15, 16, 34, 35, 38, 40, 43, 47, 49, 50]
   Fitness: 24.0
     Total: 16
Violations: 0 0

Individual: [1, 3, 4, 6, 10, 12, 13, 15, 32, 33, 35, 36, 41, 42, 44, 45, 50]
   Fitness: 24.5
     Total: 17
Violations: 1 1
