10
100
7.0 -42.162
12.0 -12.462
16.5 -0.264
17.0 5.288
18.0 9.366
18.0 10.86
18.5 10.898
20.0 12.4
21.0 12.928
21.0 14.328
21.5 14.254
21.5 14.268
22.0 14.948
23.0 14.116
23.5 16.084
23.5 16.408
24.0 16.19
24.0 14.596
24.0 15.554
24.0 15.86
24.0 15.148
24.0 15.414
24.0 15.828
24.0 16.286
24.0 15.882
24.0 15.426
24.0 16.736
24.0 16.274
24.0 15.964
24.5 15.784
24.5 15.744
24.5 17.296
24.5 15.934
24.5 17.332
24.5 15.926
24.5 16.532
24.5 16.618
24.5 16.646
24.5 15.998
24.5 16.386
24.5 16.866
24.5 14.702
24.5 13.44
24.5 15.268
24.5 15.338
24.5 16.082
24.5 12.45
24.5 15.19
24.5 15.854
24.5 16.192
24.5 16.212
24.5 15.87
24.5 15.91
24.5 16.248
24.5 16.962
24.5 16.31
24.5 16.624
24.5 16.754
24.5 16.09
24.5 14.024
24.5 11.88
24.5 15.788
24.5 16.022
24.5 15.528
24.5 15.004
24.5 15.92
24.5 15.446
24.5 15.368
24.5 16.062
24.5 16.86
24.5 15.528
24.5 15.624
24.5 16.606
24.5 16.02
24.5 16.22
24.5 15.588
24.5 15.646
24.5 16.078
24.5 15.186
24.5 15.282
24.5 15.58
24.5 14.516
24.5 16.164
24.5 16.644
24.5 15.068
24.5 14.03
24.5 16.258
24.5 16.674
24.5 15.64
24.5 14.846
24.5 15.936
24.5 14.47
24.5 15.67
24.5 14.718
24.5 15.816
24.5 15.078
24.5 15.242
24.5 15.056
24.5 16.362
24.5 15.528
100
14.5 -36.074
14.5 -5.972
18.0 3.164
18.5 7.242
18.5 10.618
19.5 11.718
19.5 12.42
19.5 12.572
21.0 12.336
21.0 13.868
21.0 13.634
21.5 13.714
22.0 14.084
22.0 14.644
22.0 14.15
22.5 14.968
22.5 14.652
22.5 15.21
23.0 15.704
23.0 13.86
23.0 14.368
23.0 15.074
23.0 15.09
24.0 14.94
24.0 14.642
24.0 15.102
24.0 15.772
24.0 15.396
24.0 16.236
24.0 16.286
24.0 15.884
24.0 15.148
24.0 16.358
24.0 15.874
24.0 17.758
24.0 16.756
24.0 16.688
24.0 16.374
24.0 16.276
24.0 15.762
24.0 16.728
24.0 15.85
24.0 16.238
24.0 16.466
24.0 15.986
24.0 15.78
24.0 15.886
24.0 17.38
24.0 17.516
24.0 17.87
24.0 17.142
24.0 17.086
24.0 15.514
24.0 17.816
24.0 16.622
24.0 17.538
24.0 16.672
24.0 16.25
24.0 17.424
24.0 15.692
24.0 15.876
24.0 16.312
24.0 16.146
24.0 15.974
24.0 15.502
24.0 17.318
24.0 16.536
24.0 15.324
24.0 16.62
24.0 16.486
24.0 16.89
24.0 16.5
24.0 17.178
24.0 16.104
24.0 15.282
24.0 16.138
24.0 15.582
24.0 16.916
24.0 17.298
24.0 16.238
24.0 15.512
24.0 16.658
24.0 17.084
24.0 16.996
24.0 16.102
24.0 16.024
24.0 15.788
24.0 16.654
24.0 15.788
24.0 16.278
24.0 16.894
24.0 17.118
24.0 17.15
24.0 16.286
24.0 16.148
24.0 16.862
24.0 15.812
24.0 17.156
24.0 17.176
24.0 17.2
100
8.5 -40.778
13.0 -8.726
16.0 2.79
16.5 6.534
16.5 8.884
18.0 10.522
19.0 9.152
19.0 11.982
19.5 12.598
19.5 12.014
20.0 12.822
20.0 11.822
20.5 12.466
21.5 13.248
21.5 12.794
22.0 13.088
22.0 13.562
22.0 13.59
22.5 13.638
24.0 13.9
24.0 14.364
24.0 12.912
24.0 13.424
24.0 13.694
24.0 12.334
24.0 13.086
24.0 13.254
24.0 12.496
24.0 14.304
24.0 14.912
24.0 14.336
24.0 13.752
24.0 14.198
24.0 13.6
24.0 13.358
24.0 13.604
24.0 14.278
24.0 15.478
24.0 15.434
24.0 15.582
24.0 15.568
24.0 14.942
24.0 15.114
24.0 15.196
24.0 15.586
24.0 14.304
24.0 15.59
24.0 15.978
24.0 16.416
24.0 16.296
24.0 14.384
24.0 17.398
24.0 16.224
24.0 16.216
24.0 17.17
24.0 16.454
24.0 16.286
24.0 16.916
24.0 15.414
24.0 16.386
24.0 16.65
24.0 16.302
24.0 16.162
24.0 15.724
24.0 16.912
24.0 15.154
24.0 16.392
24.0 16.928
24.0 15.998
24.0 15.714
24.0 16.518
24.0 16.35
24.0 16.134
24.0 16.438
24.0 16.288
24.0 16.69
24.0 16.7
24.0 17.732
24.0 16.044
24.0 16.124
24.0 16.24
24.0 17.518
24.0 17.73
24.0 15.81
24.0 16.432
24.0 16.886
24.0 16.034
24.0 16.098
24.0 15.486
24.0 15.504
24.0 16.584
24.0 16.664
24.0 16.288
24.0 16.898
24.0 16.532
24.0 16.356
24.0 17.286
24.0 17.494
24.0 16.8
24.0 17.112
100
8.5 -38.414
18.0 -8.07
18.0 0.098
18.0 5.008
18.0 8.526
19.5 11.064
20.0 12.322
20.5 13.21
21.5 12.738
21.5 13.476
22.0 13.368
22.5 13.58
22.5 14.222
22.5 14.046
23.5 15.036
23.5 14.892
23.5 15.074
23.5 15.356
24.0 15.106
24.0 14.484
24.0 15.726
24.0 14.828
24.0 15.708
24.0 15.632
24.0 14.7
24.0 14.092
24.0 15.358
24.0 15.776
24.0 16.476
24.0 15.73
24.0 16.118
24.5 15.616
24.5 15.984
24.5 16.152
24.5 16.138
24.5 15.918
24.5 15.888
24.5 15.674
24.5 14.92
24.5 15.904
24.5 15.678
24.5 15.552
24.5 15.25
24.5 15.268
24.5 15.524
24.5 16.478
24.5 14.926
24.5 14.422
24.5 14.894
24.5 15.676
24.5 16.186
24.5 16.57
24.5 15.692
24.5 15.864
24.5 16.128
24.5 14.746
24.5 16.45
24.5 16.244
24.5 14.704
24.5 15.802
24.5 15.892
24.5 14.928
24.5 15.174
24.5 16.116
24.5 16.496
24.5 16.406
24.5 13.8
24.5 15.034
24.5 14.876
24.5 16.068
24.5 16.016
24.5 13.638
24.5 15.776
24.5 14.982
24.5 16.934
24.5 15.052
24.5 16.16
24.5 16.622
24.5 16.012
24.5 16.444
24.5 15.394
24.5 15.542
24.5 16.97
24.5 15.358
24.5 14.018
24.5 13.95
24.5 15.874
24.5 15.386
24.5 15.846
24.5 15.076
24.5 16.636
24.5 15.068
24.5 15.754
24.5 15.408
24.5 14.744
24.5 15.284
24.5 15.122
24.5 15.528
24.5 16.436
24.5 16.386
100
14.5 -37.416
14.5 -7.418
16.5 1.88
17.5 5.314
19.0 9.478
19.5 12.148
19.5 12.384
19.5 12.352
19.5 11.498
20.0 13.042
21.5 13.34
21.5 13.59
21.5 11.868
21.5 12.942
22.5 13.664
23.0 13.958
23.0 13.442
23.0 14.756
23.0 15.706
23.0 15.924
23.0 15.652
23.0 15.102
23.0 15.026
23.0 16.294
23.0 14.926
23.0 15.442
23.0 16.044
23.0 15.574
23.0 15.504
23.0 16.092
23.0 16.056
23.0 16.34
23.0 15.792
23.0 16.41
24.0 15.678
24.0 15.364
24.0 15.798
24.0 16.55
24.0 16.602
24.0 14.754
24.0 14.766
24.0 14.134
24.0 15.262
24.0 17.198
24.0 16.116
24.0 16.198
24.0 16.406
24.0 16.958
24.0 17.134
24.0 15.35
24.0 15.742
24.0 15.758
24.0 16.346
24.0 16.402
24.0 15.638
24.0 17.094
24.0 16.698
24.0 15.674
24.0 16.696
24.0 17.168
24.0 16.336
24.0 17.33
24.0 16.986
24.0 15.822
24.0 15.43
24.0 15.49
24.0 16.288
24.0 15.99
24.0 16.254
24.0 14.812
24.0 16.29
24.0 17.266
24.0 16.23
24.0 16.206
24.0 16.474
24.0 16.254
24.0 16.816
24.0 16.33
24.0 17.086
24.0 17.032
24.0 16.844
24.0 17.01
24.0 17.092
24.0 15.346
24.0 15.556
24.0 16.678
24.0 16.412
24.0 16.612
24.0 16.212
24.5 16.724
24.5 15.616
24.5 15.716
24.5 17.062
24.5 16.782
24.5 16.418
24.5 14.978
24.5 16.286
24.5 16.306
24.5 16.056
24.5 16.068
100
10.0 -36.242
14.0 -5.142
16.5 0.722
16.5 6.966
18.0 9.878
18.5 10.7
19.5 12.324
19.5 11.302
20.0 12.024
21.0 12.308
21.0 12.512
21.0 12.654
21.0 12.732
21.5 14.196
23.0 14.026
23.0 14.796
23.0 14.204
23.0 14.874
23.0 14.91
23.0 15.228
23.0 15.584
23.0 14.788
24.5 15.782
24.5 15.106
24.5 14.872
24.5 16.14
24.5 15.258
24.5 15.464
24.5 15.374
24.5 15.27
24.5 15.288
24.5 16.366
24.5 16.606
24.5 15.488
24.5 15.446
24.5 15.698
24.5 16.572
24.5 15.114
24.5 16.144
24.5 14.504
24.5 15.076
24.5 16.606
24.5 15.91
24.5 16.088
24.5 15.326
24.5 16.244
24.5 16.29
24.5 14.94
24.5 16.468
24.5 16.318
24.5 15.692
24.5 17.134
24.5 16.196
24.5 16.982
24.5 16.616
24.5 15.364
24.5 17.222
24.5 16.014
24.5 16.754
24.5 15.154
24.5 17.156
24.5 16.22
24.5 16.14
24.5 14.5
24.5 16.25
24.5 15.784
24.5 15.358
24.5 16.042
24.5 16.052
24.5 16.048
24.5 15.2
24.5 16.378
24.5 16.654
24.5 16.532
24.5 16.796
24.5 16.25
24.5 16.298
24.5 16.812
24.5 16.536
24.5 16.492
24.5 15.092
24.5 15.422
24.5 16.062
24.5 15.23
24.5 14.804
24.5 13.956
24.5 16.93
24.5 16.466
24.5 16.682
24.5 16.374
24.5 16.318
24.5 15.958
24.5 14.828
24.5 15.96
24.5 16.112
24.5 15.808
24.5 15.856
24.5 14.864
24.5 15.276
24.5 16.282
100
12.0 -37.722
16.5 -9.064
16.5 1.378
17.5 6.248
18.5 9.238
18.5 11.188
19.5 11.546
19.5 11.424
19.5 11.92
19.5 12.676
19.5 11.406
19.5 11.454
19.5 10.3
19.5 12.464
19.5 12.46
20.0 11.762
20.0 12.446
20.0 12.642
20.0 12.016
21.5 12.818
21.5 13.286
22.5 13.86
22.5 11.922
22.5 14.042
22.5 14.424
22.5 14.016
22.5 14.244
22.5 14.276
22.5 13.59
22.5 12.658
22.5 13.708
22.5 14.504
23.0 13.558
23.0 14.974
23.0 13.436
23.5 14.938
23.5 15.484
23.5 13.546
23.5 15.34
23.5 15.048
23.5 14.234
23.5 14.216
23.5 14.752
23.5 15.584
23.5 15.572
23.5 15.808
23.5 15.938
23.5 15.02
23.5 15.554
23.5 15.33
23.5 14.976
23.5 14.928
23.5 15.954
23.5 14.048
23.5 14.452
23.5 16.032
23.5 13.736
23.5 15.164
23.5 15.832
23.5 15.36
23.5 14.304
23.5 15.014
23.5 16.254
23.5 15.126
23.5 15.076
23.5 15.262
23.5 14.312
23.5 14.908
23.5 14.196
23.5 14.916
23.5 14.85
23.5 15.224
23.5 14.936
23.5 14.166
23.5 12.596
23.5 15.436
23.5 14.004
23.5 13.048
23.5 14.114
23.5 15.126
23.5 14.594
23.5 15.508
23.5 15.244
23.5 15.32
23.5 14.492
23.5 16.064
23.5 12.118
23.5 15.224
23.5 14.94
23.5 16.046
23.5 14.974
23.5 15.262
23.5 14.602
23.5 15.128
23.5 14.98
23.5 14.284
23.5 15.928
23.5 14.138
23.5 15.966
23.5 15.55
100
6.0 -39.74
12.0 -11.322
16.5 0.208
17.5 4.408
17.5 8.78
18.5 11.694
20.5 12.472
20.5 12.702
20.5 12.702
21.0 13.166
21.0 13.522
21.5 13.104
21.5 13.886
21.5 14.004
21.5 15.172
21.5 13.838
22.5 12.74
22.5 14.278
22.5 14.448
22.5 14.774
22.5 13.518
23.0 13.89
23.0 13.788
23.0 14.98
23.0 15.38
23.5 15.62
23.5 15.222
23.5 13.882
23.5 14.338
23.5 16.086
23.5 15.384
24.0 15.832
24.0 14.678
24.0 16.1
24.0 15.576
24.0 15.232
24.0 16.424
24.0 14.132
24.0 16.008
24.0 15.82
24.0 15.384
24.0 16.334
24.0 16.216
24.0 16.748
24.0 16.848
24.0 16.626
24.0 16.298
24.0 15.96
24.0 15.896
24.0 16.348
24.0 16.09
24.0 15.968
24.0 16.22
24.0 15.93
24.0 15.314
24.0 15.466
24.0 15.978
24.0 16.45
24.0 15.316
24.0 15.988
24.0 15.878
24.0 16.798
24.0 16.806
24.0 15.328
24.0 15.758
24.0 16.646
24.0 16.694
24.0 15.664
24.0 17.06
24.0 16.282
24.0 16.33
24.0 16.402
24.0 15.354
24.0 16.54
24.0 16.49
24.0 17.232
24.0 15.918
24.0 16.252
24.0 16.19
24.0 17.528
24.0 16.162
24.0 15.918
24.0 17.186
24.0 15.83
24.0 15.438
24.0 16.594
24.0 16.046
24.0 16.954
24.0 17.046
24.0 15.926
24.0 15.802
24.0 15.55
24.0 15.914
24.0 17.596
24.0 16.722
24.0 16.81
24.0 16.132
24.0 16.584
24.0 14.676
24.0 17.344
100
15.5 -34.916
15.5 -7.938
15.5 1.458
15.5 5.118
17.0 9.27
19.0 10.884
19.0 12.348
19.5 12.466
20.0 13.242
20.5 12.482
20.5 13.286
20.5 13.74
20.5 13.214
20.5 13.708
21.0 13.158
21.0 14.066
21.0 13.538
21.0 13.682
21.0 13.262
21.0 13.686
21.0 12.908
21.0 14.064
21.0 12.914
21.5 14.066
21.5 13.006
21.5 13.618
21.5 13.11
21.5 13.524
21.5 13.04
21.5 14.426
21.5 13.286
22.0 14.608
22.0 14.746
22.0 14.654
22.0 14.302
22.0 14.316
22.0 14.722
23.0 15.608
23.0 13.712
23.0 13.416
24.0 14.836
24.0 15.064
24.0 15.524
24.0 15.112
24.0 14.64
24.0 15.22
24.5 14.552
24.5 15.704
24.5 15.676
24.5 15.42
24.5 15.556
24.5 15.168
24.5 14.626
24.5 16.06
24.5 15.964
24.5 15.51
24.5 15.39
24.5 14.41
24.5 16.552
24.5 15.67
24.5 15.956
24.5 15.696
24.5 16.216
24.5 16.888
24.5 14.564
24.5 14.07
24.5 16.238
24.5 15.58
24.5 15.792
24.5 15.836
24.5 14.662
24.5 16.306
24.5 16.018
24.5 15.794
24.5 15.86
24.5 15.424
24.5 15.614
24.5 16.898
24.5 16.114
24.5 15.872
24.5 15.894
24.5 14.488
24.5 15.284
24.5 13.95
24.5 15.25
24.5 13.89
24.5 15.31
24.5 16.4
24.5 15.748
24.5 15.682
24.5 15.91
24.5 16.97
24.5 16.212
24.5 15.482
24.5 16.49
24.5 16.548
24.5 15.876
24.5 15.68
24.5 14.814
24.5 14.286
100
10.5 -34.418
14.0 -7.478
15.0 0.59
17.0 4.402
17.0 7.478
18.5 9.928
18.5 10.804
19.5 9.802
20.0 11.328
20.0 10.252
20.0 11.934
20.5 12.508
20.5 12.586
21.0 12.684
21.0 12.716
21.0 13.564
22.0 13.734
22.0 14.252
22.5 14.354
23.0 14.628
23.0 15.324
23.0 14.898
23.0 15.18
23.0 14.372
23.0 15.68
23.0 15.934
23.0 15.57
24.0 13.374
24.0 15.222
24.0 14.914
24.0 13.998
24.0 14.896
24.0 15.428
24.0 15.424
24.0 15.502
24.0 15.576
24.0 15.21
24.0 15.524
24.0 16.46
24.0 16.644
24.0 16.258
24.0 16.808
24.0 15.074
24.0 16.182
24.0 14.852
24.0 16.42
24.0 15.224
24.0 15.43
24.0 15.344
24.0 15.712
24.0 16.56
24.0 16.514
24.0 16.07
24.0 15.152
24.0 17.166
24.0 16.528
24.0 15.676
24.0 15.73
24.0 16.006
24.0 16.8
24.0 16.864
24.0 16.288
24.0 16.64
24.0 15.382
24.0 15.606
24.0 15.488
24.0 15.73
24.0 15.532
24.0 16.444
24.0 16.008
24.5 16.426
24.5 15.888
24.5 16.332
24.5 16.924
24.5 15.516
24.5 16.32
24.5 16.448
24.5 16.182
24.5 15.41
24.5 15.07
24.5 16.566
24.5 16.31
24.5 15.308
24.5 15.652
24.5 15.508
24.5 15.748
24.5 15.886
24.5 16.192
24.5 15.766
24.5 16.826
24.5 16.538
24.5 15.652
24.5 15.996
24.5 15.372
24.5 16.066
24.5 14.682
24.5 14.9
24.5 15.388
24.5 15.984
24.5 15.364

Individual: [1, 2, 5, 6, 12, 14, 15, 17, 21, 34, 35, 38, 39, 45, 46, 48, 49]
   Fitness: 24.5
     Total: 17
Violations: 1 1

Individual: [1, 2, 4, 5, 12, 13, 15, 16, 35, 36, 38, 39, 45, 47, 48, 50]
   Fitness: 24.0
     Total: 16
Violations: 0 0

Individual: [1, 2, 5, 7, 10, 14, 16, 17, 36, 38, 39, 41, 45, 47, 48, 50]
   Fitness: 24.0
     Total: 16
Violations: 0 0

Individual: [2, 3, 5, 11, 13, 15, 16, 18, 22, 35, 37, 38, 40, 46, 47, 49, 50]
   Fitness: 24.5
     Total: 17
Violations: 1 1

Individual: [2, 4, 5, 7, 8, 15, 16, 18, 19, 35, 37, 38, 40, 46, 47, 49, 50]
   Fitness: 24.5
     Total: 17
Violations: 1 1

Individual: [1, 2, 4, 5, 11, 12, 14, 15, 33, 34, 36, 37, 39, 46, 47, 49, 50]
   Fitness: 24.5
     Total: 17
Violations: 1 1

Individual: [1, 3, 4, 9, 10, 12, 13, 18, 20, 34, 35, 38, 40, 43, 44, 47, 49]
   Fitness: 23.5
     Total: 17
Violations: 2 2

Individual: [1, 2, 4, 5, 11, 12, 15, 16, 34, 36, 37, 39, 45, 46, 48, 49]
   Fitness: 24.0
     Total: 16
Violations: 0 0

Individual: [2, 3, 5, 6, 12, 14, 15, 17, 30, 34, 36, 37, 39, 46, 47, 49, 50]
   Fitness: 24.5
     Total: 17
Violations: 1 1

Individual: [1, 3, 4, 6, 7, 15, 16, 18, 19, 36, 38, 39, 41, 45, 47, 48, 50]
   Fitness: 24.5
     Total: 17
Violations: 1 1
