10
100
11.5 -36.785
13.0 -11.912
16.0 0.071
16.5 6.397
17.5 9.163
18.5 10.712
19.5 11.854
19.5 13.072
19.5 13.107
20.0 13.534
20.0 13.513
20.5 13.888
20.5 14.378
20.5 14.475
21.0 14.689
21.0 14.869
21.0 15.035
21.0 15.143
21.5 15.302
21.5 15.254
22.0 15.274
22.0 15.791
22.5 15.569
22.5 15.507
22.5 15.776
23.0 15.397
23.0 15.656
23.0 15.67
23.0 15.904
23.0 16.214
23.0 16.212
23.0 16.177
23.0 16.088
23.0 16.085
23.0 16.236
23.5 16.375
23.5 16.337
23.5 16.565
23.5 16.386
23.5 16.544
24.0 16.694
24.0 16.608
24.0 17.165
24.0 17.145
24.0 16.885
24.0 16.802
24.0 17.205
24.0 17.058
24.0 16.878
24.0 16.932
24.0 16.93
24.0 17.333
24.0 17.292
24.0 17.555
24.0 17.176
24.0 16.906
24.0 17.045
24.0 16.977
24.0 17.338
24.0 17.498
24.0 17.557
24.0 17.497
24.0 17.404
24.0 17.451
24.0 17.612
24.0 17.585
24.0 17.59
24.0 17.28
24.0 17.287
24.0 17.643
24.0 17.673
24.0 17.569
24.0 18.043
24.0 17.988
24.0 18.245
24.0 18.21
24.0 18.142
24.0 18.058
24.0 18.17
24.0 17.928
24.0 17.92
24.0 18.093
24.0 18.298
24.0 17.938
24.0 17.903
24.0 18.141
24.0 17.71
24.0 17.846
24.0 17.776
24.0 17.883
24.0 17.802
24.0 17.32
24.0 17.983
24.0 17.933
24.0 17.975
24.0 17.715
24.0 17.838
24.0 17.458
24.0 17.707
24.0 17.478
100
12.0 -37.302
12.0 -12.514
14.5 -1.824
16.5 3.682
18.0 7.633
19.0 10.026
19.0 11.263
19.5 12.077
19.5 12.691
19.5 13.005
20.0 13.119
20.0 13.41
20.0 13.634
20.0 14.036
22.0 14.294
22.0 14.459
22.0 14.411
22.0 14.575
23.5 14.78
23.5 15.171
23.5 15.587
23.5 15.671
23.5 15.777
23.5 15.746
23.5 16.042
23.5 15.777
23.5 15.799
23.5 16.074
24.0 16.075
24.0 15.693
24.0 15.998
24.0 16.187
24.0 16.191
24.0 16.528
24.0 16.582
24.0 16.299
24.0 16.37
24.0 16.893
24.0 16.786
24.0 16.752
24.0 16.98
24.0 16.735
24.0 17.264
24.0 17.268
24.0 17.458
24.0 17.219
24.0 17.22
24.0 17.47
24.0 17.307
24.0 17.357
24.0 17.442
24.0 17.515
24.5 17.262
24.5 17.422
24.5 17.244
24.5 17.302
24.5 17.589
24.5 17.699
24.5 17.893
24.5 17.765
24.5 17.914
24.5 17.86
24.5 18.189
24.5 18.229
24.5 17.647
24.5 17.661
24.5 17.869
24.5 18.129
24.5 17.914
24.5 18.367
24.5 18.299
24.5 17.938
24.5 18.218
24.5 18.274
24.5 17.898
24.5 18.114
24.5 17.958
24.5 17.612
24.5 18.082
24.5 17.995
24.5 17.872
24.5 18.409
24.5 18.43
24.5 18.283
24.5 18.22
24.5 17.874
24.5 18.038
24.5 18.435
24.5 18.482
24.5 18.261
24.5 18.078
24.5 18.259
24.5 18.273
24.5 18.125
24.5 17.986
24.5 18.11
24.5 18.13
24.5 17.999
24.5 18.496
24.5 18.512
100
13.5 -35.415
13.5 -11.197
17.0 -0.636
17.0 5.248
17.0 8.803
18.0 10.589
19.5 11.37
19.5 12.356
19.5 12.842
20.5 13.005
21.0 13.54
21.5 13.917
22.0 14.257
22.0 14.535
22.5 14.939
23.0 15.22
23.0 15.56
23.0 15.757
23.0 15.679
23.5 15.799
23.5 15.856
23.5 16.1
23.5 16.205
23.5 16.277
24.0 16.01
24.5 16.733
24.5 16.607
24.5 16.935
24.5 17.131
24.5 17.413
24.5 17.214
24.5 17.099
24.5 16.941
24.5 17.207
24.5 17.307
24.5 17.478
24.5 17.618
24.5 17.412
24.5 17.55
24.5 17.759
24.5 17.995
24.5 18.155
24.5 18.189
24.5 17.984
24.5 17.997
24.5 18.144
24.5 18.036
24.5 18.003
24.5 18.282
24.5 18.326
24.5 18.15
24.5 18.229
24.5 17.772
24.5 17.727
24.5 17.776
24.5 17.99
24.5 17.63
24.5 17.804
24.5 17.807
24.5 18.092
24.5 17.704
24.5 17.783
24.5 17.807
24.5 17.572
24.5 17.281
24.5 17.571
24.5 17.58
24.5 17.672
24.5 17.632
24.5 17.705
24.5 17.807
24.5 18.009
24.5 17.778
24.5 17.904
24.5 17.673
24.5 17.751
24.5 17.578
24.5 17.276
24.5 18.079
24.5 17.956
24.5 17.744
24.5 17.811
24.5 17.914
24.5 18.017
24.5 17.946
24.5 17.937
24.5 18.285
24.5 18.001
24.5 17.964
24.5 17.85
24.5 17.84
24.5 17.871
24.5 17.921
24.5 17.694
24.5 17.876
24.5 18.066
24.5 17.764
24.5 18.175
24.5 17.925
24.5 17.928
100
13.0 -36.943
13.0 -12.202
16.0 0.014
17.0 6.405
17.5 9.551
18.5 11.534
19.0 12.38
19.0 12.607
19.5 13.133
20.0 13.666
20.0 13.814
22.5 14.121
22.5 14.444
22.5 14.697
22.5 15.128
22.5 15.1
22.5 15.231
22.5 15.382
22.5 15.662
22.5 15.897
23.5 16.146
23.5 16.546
23.5 16.538
23.5 16.529
23.5 16.433
24.5 16.567
24.5 16.546
24.5 16.87
24.5 16.826
24.5 16.749
24.5 16.975
24.5 16.965
24.5 16.937
24.5 17.282
24.5 17.247
24.5 17.611
24.5 17.541
24.5 17.478
24.5 17.805
24.5 17.583
24.5 17.69
24.5 18.142
24.5 18.04
24.5 17.538
24.5 17.916
24.5 17.992
24.5 18.153
24.5 17.783
24.5 17.863
24.5 17.814
24.5 18.422
24.5 18.35
24.5 18.05
24.5 17.92
24.5 17.915
24.5 17.943
24.5 17.837
24.5 18.204
24.5 18.081
24.5 17.83
24.5 18.135
24.5 17.927
24.5 18.059
24.5 18.096
24.5 18.045
24.5 18.171
24.5 18.242
24.5 18.466
24.5 18.383
24.5 18.507
24.5 18.506
24.5 18.475
24.5 18.187
24.5 18.072
24.5 18.106
24.5 18.039
24.5 18.247
24.5 18.116
24.5 18.122
24.5 17.877
24.5 17.842
24.5 18.076
24.5 18.103
24.5 18.381
24.5 18.443
24.5 18.328
24.5 18.231
24.5 18.115
24.5 18.47
24.5 18.594
24.5 18.531
24.5 18.389
24.5 18.367
24.5 18.021
24.5 18.51
24.5 18.284
24.5 18.196
24.5 18.335
24.5 17.951
24.5 17.881
100
13.5 -35.568
13.5 -11.062
15.0 -0.303
16.5 5.696
17.5 8.649
17.5 10.043
19.0 11.066
19.0 12.217
19.0 12.604
19.0 12.927
19.0 13.398
20.5 13.682
20.5 14.057
21.0 14.176
21.0 14.555
21.0 14.885
22.0 15.08
22.0 15.013
22.0 15.448
23.0 15.56
23.0 15.524
23.0 15.737
23.0 15.903
23.0 15.653
23.0 15.654
23.0 15.882
23.5 16.232
24.0 16.332
24.0 16.58
24.0 16.674
24.0 16.644
24.0 16.884
24.0 16.753
24.0 17.087
24.0 17.495
24.0 17.491
24.0 17.603
24.0 17.332
24.0 17.849
24.0 17.586
24.0 17.637
24.0 17.614
24.0 18.02
24.0 17.936
24.0 18.035
24.0 17.885
24.0 17.808
24.0 18.439
24.0 18.438
24.0 18.308
24.0 18.182
24.0 18.21
24.0 18.179
24.0 17.721
24.0 18.115
24.0 17.683
24.0 17.823
24.0 17.937
24.0 17.925
24.0 17.998
24.0 17.968
24.0 18.135
24.0 18.24
24.0 18.204
24.0 17.983
24.0 18.44
24.0 18.043
24.0 18.091
24.0 18.251
24.0 18.284
24.0 18.201
24.0 18.006
24.0 18.232
24.0 18.411
24.0 18.059
24.0 18.42
24.0 18.201
24.0 18.062
24.0 18.372
24.0 18.13
24.0 18.279
24.0 18.231
24.0 17.967
24.0 17.864
24.0 17.907
24.0 18.145
24.0 17.843
24.0 18.24
24.0 18.169
24.0 18.135
24.0 18.225
24.0 18.274
24.0 18.334
24.0 18.283
24.0 18.763
24.0 18.667
24.0 18.526
24.0 18.383
24.0 18.494
24.0 18.434
100
12.0 -39.329
12.5 -14.344
15.5 -2.263
16.0 3.902
17.0 8.181
18.0 10.436
18.5 11.415
19.5 12.52
19.5 12.748
20.5 13.11
20.5 13.364
20.5 13.54
21.0 13.804
21.0 13.855
21.5 14.414
22.0 14.813
22.0 15.088
22.0 15.383
22.0 15.446
22.0 15.382
22.5 15.501
22.5 15.848
22.5 15.95
22.5 16.057
22.5 15.879
23.0 16.118
23.0 16.155
23.0 16.315
23.5 16.192
23.5 16.274
23.5 16.46
23.5 16.548
24.0 16.533
24.0 17.042
24.0 16.882
24.0 17.205
24.0 17.086
24.0 17.296
24.0 17.374
24.0 17.369
24.0 17.529
24.0 17.178
24.0 17.307
24.0 17.332
24.0 17.588
24.0 17.916
24.5 17.808
24.5 17.935
24.5 17.537
24.5 17.573
24.5 18.0
24.5 17.93
24.5 18.281
24.5 18.144
24.5 17.558
24.5 17.944
24.5 18.098
24.5 18.306
24.5 18.288
24.5 17.774
24.5 17.851
24.5 17.422
24.5 17.733
24.5 18.195
24.5 18.119
24.5 18.169
24.5 17.891
24.5 17.959
24.5 17.442
24.5 17.852
24.5 17.822
24.5 17.947
24.5 17.934
24.5 17.675
24.5 17.371
24.5 17.836
24.5 18.167
24.5 17.616
24.5 18.072
24.5 18.269
24.5 17.905
24.5 17.826
24.5 17.764
24.5 17.947
24.5 17.798
24.5 17.774
24.5 17.75
24.5 17.707
24.5 17.624
24.5 17.54
24.5 17.613
24.5 17.82
24.5 17.565
24.5 17.916
24.5 17.848
24.5 17.871
24.5 17.838
24.5 17.633
24.5 17.753
24.5 17.569
100
9.0 -36.348
14.0 -11.835
17.0 -1.964
17.0 4.784
18.5 8.19
18.5 10.048
18.5 11.323
20.0 12.572
20.0 13.061
20.5 13.623
20.5 13.639
20.5 13.634
21.5 14.21
21.5 14.29
21.5 14.306
21.5 14.793
22.5 14.934
22.5 14.825
22.5 14.969
22.5 15.242
22.5 15.301
23.5 15.235
23.5 15.414
23.5 15.557
23.5 15.711
24.0 15.798
24.0 16.036
24.0 15.912
24.0 16.09
24.0 16.409
24.0 16.574
24.0 16.615
24.0 16.742
24.0 16.752
24.0 16.755
24.0 16.936
24.0 17.08
24.0 16.781
24.0 17.269
24.0 17.474
24.0 17.292
24.0 17.324
24.0 17.282
24.0 17.365
24.0 17.235
24.0 17.367
24.0 17.455
24.0 17.791
24.0 18.019
24.0 18.082
24.0 18.06
24.0 18.08
24.0 17.859
24.5 17.875
24.5 17.868
24.5 17.686
24.5 17.943
24.5 17.818
24.5 18.058
24.5 18.22
24.5 18.107
24.5 17.617
24.5 17.475
24.5 17.467
24.5 17.586
24.5 17.65
24.5 17.66
24.5 17.75
24.5 17.754
24.5 17.649
24.5 17.646
24.5 17.596
24.5 17.792
24.5 17.924
24.5 18.131
24.5 17.956
24.5 17.754
24.5 17.802
24.5 17.86
24.5 17.574
24.5 17.859
24.5 17.754
24.5 17.816
24.5 17.753
24.5 17.494
24.5 17.523
24.5 17.848
24.5 17.708
24.5 17.936
24.5 17.846
24.5 17.595
24.5 17.559
24.5 17.492
24.5 17.363
24.5 17.513
24.5 17.269
24.5 17.208
24.5 17.31
24.5 17.43
24.5 17.996
100
13.5 -37.662
14.5 -12.112
16.5 -1.288
17.0 4.246
19.5 7.808
19.5 10.066
19.5 12.045
20.5 12.61
20.5 13.238
20.5 13.63
20.5 13.774
20.5 14.194
20.5 14.323
22.0 14.449
22.0 14.379
23.0 14.774
23.0 15.123
23.0 15.141
23.0 15.512
23.0 15.444
23.0 15.959
23.0 15.767
23.0 16.145
23.0 15.907
24.0 16.222
24.0 16.225
24.0 16.317
24.0 16.539
24.0 16.552
24.0 16.679
24.0 16.637
24.0 16.494
24.5 16.369
24.5 16.997
24.5 17.011
24.5 17.199
24.5 16.624
24.5 17.018
24.5 17.243
24.5 16.983
24.5 17.366
24.5 17.198
24.5 17.42
24.5 17.717
24.5 17.958
24.5 18.102
24.5 18.013
24.5 17.804
24.5 18.381
24.5 18.098
24.5 18.31
24.5 18.373
24.5 18.348
24.5 18.063
24.5 18.005
24.5 17.893
24.5 17.708
24.5 17.702
24.5 17.543
24.5 18.158
24.5 18.048
24.5 17.97
24.5 17.268
24.5 18.015
24.5 17.639
24.5 17.736
24.5 17.007
24.5 17.129
24.5 17.577
24.5 17.596
24.5 17.569
24.5 17.412
24.5 17.515
24.5 17.395
24.5 17.348
24.5 17.148
24.5 17.516
24.5 17.429
24.5 17.494
24.5 17.508
24.5 17.941
24.5 17.97
24.5 17.401
24.5 17.388
24.5 17.26
24.5 17.216
24.5 17.446
24.5 17.81
24.5 17.823
24.5 17.504
24.5 17.677
24.5 17.83
24.5 17.24
24.5 17.34
24.5 17.403
24.5 17.452
24.5 17.179
24.5 17.175
24.5 17.463
24.5 17.278
100
15.5 -36.18
15.5 -9.477
19.0 1.929
19.0 6.976
19.0 9.974
19.0 11.532
19.5 12.428
19.5 13.016
19.5 13.418
19.5 13.376
20.5 13.683
20.5 13.69
20.5 14.007
21.0 14.375
21.0 14.246
22.0 14.255
22.0 14.532
22.0 14.28
22.0 14.592
22.0 14.655
22.0 14.939
22.0 15.016
22.5 15.035
22.5 15.384
22.5 15.117
22.5 15.285
22.5 15.559
24.0 15.589
24.0 15.814
24.0 15.808
24.0 15.396
24.0 15.501
24.0 15.717
24.0 15.616
24.0 15.707
24.0 15.956
24.0 16.057
24.0 16.087
24.0 16.408
24.0 16.466
24.0 16.486
24.0 16.954
24.0 16.657
24.0 16.478
24.0 16.706
24.0 16.934
24.0 16.653
24.0 16.83
24.0 16.68
24.0 16.594
24.0 16.89
24.0 17.08
24.0 17.336
24.0 17.644
24.0 17.551
24.0 17.706
24.0 17.536
24.0 18.121
24.0 18.033
24.0 18.028
24.0 17.891
24.0 17.851
24.5 17.779
24.5 18.079
24.5 18.066
24.5 18.06
24.5 17.816
24.5 18.19
24.5 18.549
24.5 18.189
24.5 18.27
24.5 17.804
24.5 17.638
24.5 17.951
24.5 17.791
24.5 17.804
24.5 17.917
24.5 17.854
24.5 17.714
24.5 17.621
24.5 17.631
24.5 17.622
24.5 17.935
24.5 18.079
24.5 17.626
24.5 17.312
24.5 17.326
24.5 17.767
24.5 17.251
24.5 17.692
24.5 17.789
24.5 18.069
24.5 17.782
24.5 17.571
24.5 17.951
24.5 18.178
24.5 17.781
24.5 17.582
24.5 17.443
24.5 17.527
100
15.5 -35.121
15.5 -11.02
16.0 -1.089
19.5 4.882
19.5 8.592
19.5 10.815
19.5 11.793
20.0 12.53
20.0 12.839
20.0 13.442
20.5 13.767
21.5 13.723
22.0 14.101
22.0 14.253
22.0 14.453
22.5 15.186
22.5 14.902
22.5 14.934
22.5 15.35
24.0 15.784
24.0 16.481
24.5 16.394
24.5 16.748
24.5 16.682
24.5 17.169
24.5 17.217
24.5 17.479
24.5 17.582
24.5 17.555
24.5 17.808
24.5 18.156
24.5 17.973
24.5 18.236
24.5 17.91
24.5 18.259
24.5 18.34
24.5 18.221
24.5 17.957
24.5 18.054
24.5 17.856
24.5 18.029
24.5 18.197
24.5 18.209
24.5 18.331
24.5 18.327
24.5 18.222
24.5 18.12
24.5 18.365
24.5 18.348
24.5 18.342
24.5 18.314
24.5 18.242
24.5 17.683
24.5 18.134
24.5 17.846
24.5 17.505
24.5 18.003
24.5 18.293
24.5 18.4
24.5 17.977
24.5 17.806
24.5 17.963
24.5 18.54
24.5 18.145
24.5 18.386
24.5 17.951
24.5 18.092
24.5 17.661
24.5 17.78
24.5 17.797
24.5 18.071
24.5 18.354
24.5 18.318
24.5 18.136
24.5 18.005
24.5 17.959
24.5 18.057
24.5 18.396
24.5 18.56
24.5 18.557
24.5 18.133
24.5 17.893
24.5 17.992
24.5 18.047
24.5 17.958
24.5 18.296
24.5 18.405
24.5 18.379
24.5 18.166
24.5 18.356
24.5 18.169
24.5 18.307
24.5 18.134
24.5 17.889
24.5 18.391
24.5 18.149
24.5 18.444
24.5 18.057
24.5 18.445
24.5 18.479

Individual: [4, 6, 7, 9, 15, 16, 18, 19, 35, 36, 38, 39, 46, 47, 49, 50]
   Fitness: 24.0
     Total: 16
Violations: 0 0

Individual: [1, 2, 4, 5, 10, 11, 13, 14, 33, 34, 36, 37, 44, 46, 47, 49, 50]
   Fitness: 24.5
     Total: 17
Violations: 1 1

Individual: [1, 2, 4, 5, 10, 12, 13, 17, 18, 36, 37, 39, 40, 45, 46, 48, 49]
   Fitness: 24.5
     Total: 17
Violations: 1 1

Individual: [1, 2, 4, 5, 10, 11, 13, 14, 33, 34, 36, 37, 44, 45, 48, 49, 50]
   Fitness: 24.5
     Total: 17
Violations: 1 1

Individual: [4, 5, 7, 8, 13, 14, 16, 17, 34, 36, 37, 39, 46, 47, 49, 50]
   Fitness: 24.0
     Total: 16
Violations: 0 0

Individual: [3, 4, 6, 7, 14, 16, 17, 19, 23, 37, 38, 40, 41, 46, 47, 49, 50]
   Fitness: 24.5
     Total: 17
Violations: 1 1

Individual: [2, 3, 5, 6, 11, 12, 14, 15, 29, 33, 35, 36, 38, 42, 45, 49, 50]
   Fitness: 24.5
     Total: 17
Violations: 1 1

Individual: [1, 5, 6, 8, 13, 14, 16, 17, 19, 34, 35, 38, 39, 45, 47, 48, 50]
   Fitness: 24.5
     Total: 17
Violations: 1 1

Individual: [3, 5, 8, 9, 12, 14, 17, 18, 30, 35, 36, 38, 39, 45, 47, 49, 50]
   Fitness: 24.5
     Total: 17
Violations: 1 1

Individual: [1, 3, 4, 6, 10, 12, 13, 15, 33, 34, 36, 37, 42, 44, 45, 49, 50]
   Fitness: 24.5
     Total: 17
Violations: 1 1
