10
50
15.0 -36.748
15.0 -19.184
15.5 -13.259
16.0 -10.072
16.0 -10.42
16.5 -9.627
17.0 -4.677
17.0 -5.013
17.0 -4.273
18.5 -5.675
18.5 -7.697
19.0 -5.669
19.0 -6.63
19.0 -8.01
19.5 -6.661
19.5 -7.678
19.5 -3.033
19.5 -4.736
19.5 -6.215
19.5 -4.566
19.5 -5.474
19.5 -8.104
19.5 -6.336
19.5 -7.68
19.5 -5.945
19.5 -3.784
19.5 -2.336
19.5 -2.83
19.5 -7.178
20.5 -4.898
20.5 -5.641
20.5 -5.219
20.5 -5.673
20.5 -6.315
20.5 -2.198
20.5 -3.094
20.5 -2.77
20.5 -2.976
20.5 -2.788
20.5 -3.703
20.5 -6.009
20.5 -3.43
20.5 -7.531
20.5 -6.022
20.5 -5.142
20.5 -3.629
20.5 -6.214
20.5 -4.692
20.5 -5.89
20.5 -0.963
50
11.0 -39.772
13.5 -19.706
13.5 -14.804
16.5 -11.591
16.5 -9.964
16.5 -8.53
16.5 -8.939
16.5 -5.713
17.0 -5.702
17.0 -3.284
18.5 -4.972
18.5 -6.534
18.5 -6.272
18.5 -6.021
18.5 -4.662
18.5 -3.738
18.5 -4.477
18.5 -1.794
18.5 -3.354
18.5 -4.569
18.5 -6.153
18.5 -3.286
18.5 -1.825
18.5 -1.614
18.5 -5.187
18.5 -5.714
20.0 -6.223
20.0 -4.456
20.0 -5.778
20.0 -6.276
20.0 -4.112
20.0 -4.262
20.0 -4.973
20.0 -3.463
20.0 -3.69
20.0 -2.54
20.0 -6.003
20.0 -3.617
20.0 -5.305
20.0 -5.028
20.0 -1.846
20.0 -6.279
20.0 -3.948
20.0 -1.945
20.0 -5.285
20.0 -7.843
20.0 -6.406
20.0 -5.755
20.0 -6.799
20.0 -2.481
50
10.5 -36.838
12.0 -17.247
16.5 -13.137
17.5 -12.78
17.5 -8.232
18.0 -8.574
18.0 -10.94
18.0 -9.453
18.0 -9.288
18.0 -6.579
18.0 -4.887
18.0 -8.067
18.0 -9.499
18.0 -4.744
18.0 -7.165
18.0 -2.083
18.0 -2.76
18.0 -5.867
18.0 -5.158
18.0 -5.26
18.0 -5.645
19.5 -4.608
19.5 -5.365
19.5 -5.071
19.5 -5.413
19.5 -4.978
19.5 -2.153
19.5 -8.492
19.5 -5.63
19.5 -5.183
19.5 -8.205
19.5 -6.234
19.5 -5.595
19.5 -5.028
19.5 -7.473
19.5 -6.524
19.5 -3.459
19.5 -9.236
19.5 -7.509
19.5 -5.624
19.5 -6.247
19.5 -5.567
19.5 -3.547
19.5 -3.367
19.5 -4.648
19.5 -3.921
19.5 -2.99
19.5 -3.55
19.5 -3.239
19.5 -2.968
50
14.5 -39.011
14.5 -19.012
15.0 -13.847
15.5 -12.277
15.5 -8.274
15.5 -5.433
16.0 -9.378
16.0 -8.615
16.5 -6.241
16.5 -6.789
16.5 -4.654
16.5 -4.778
16.5 -3.13
18.0 -4.442
18.0 -3.256
18.0 -5.086
18.0 -6.503
18.0 -4.342
18.0 -5.819
19.5 -6.043
19.5 -4.669
19.5 -5.435
19.5 -5.123
19.5 -6.82
19.5 -10.275
19.5 -7.754
19.5 -7.86
19.5 -7.192
19.5 -5.558
19.5 -4.607
19.5 -7.806
19.5 -6.902
19.5 -5.792
19.5 -4.407
19.5 -5.92
19.5 -5.207
19.5 -9.043
19.5 -3.96
19.5 -4.05
19.5 -3.479
19.5 -4.301
19.5 -2.993
19.5 -4.22
19.5 -5.832
19.5 -2.779
19.5 -5.915
19.5 -3.289
19.5 -7.104
19.5 -1.593
19.5 -1.447
50
12.0 -38.168
14.5 -16.088
16.0 -14.087
17.0 -9.341
17.0 -10.273
17.0 -5.968
17.0 -6.852
17.0 -5.898
17.0 -4.958
17.0 -2.984
17.5 -4.16
17.5 -8.986
17.5 -7.42
17.5 -3.59
18.0 -5.312
18.0 -6.518
18.0 -6.794
18.0 -12.358
18.0 -5.208
18.0 -3.226
18.0 -5.25
18.0 -4.112
19.0 -7.759
19.0 -6.19
19.0 -6.483
19.0 -7.121
19.0 -5.55
19.0 -5.13
19.0 -3.763
19.0 -5.653
19.0 -5.706
19.0 -2.839
19.0 -4.11
19.0 -5.818
19.0 -3.345
19.0 -6.245
19.0 -6.944
19.0 -7.105
19.0 -5.925
19.0 -5.301
19.0 -3.974
19.0 -3.863
19.0 -6.12
19.0 -9.453
19.0 -7.406
19.0 -6.258
19.0 -4.907
19.0 -6.146
19.0 -6.382
19.5 -5.629
50
11.5 -40.142
14.0 -18.021
15.5 -14.902
17.0 -8.255
17.0 -10.928
17.0 -4.475
18.0 -7.806
18.0 -5.259
18.0 -5.924
18.0 -5.085
18.0 -3.734
18.0 -4.562
18.0 -8.172
18.0 -5.539
18.0 -3.95
18.0 -7.047
18.0 -3.609
18.0 -6.454
18.0 -3.323
18.0 -4.789
18.0 -4.347
18.0 -7.662
18.0 -3.296
18.5 -3.714
18.5 -4.525
18.5 -3.696
18.5 -6.488
18.5 -6.148
18.5 -8.352
19.0 -7.897
19.0 -6.904
19.0 -6.116
19.5 -6.889
19.5 -3.415
19.5 -4.92
19.5 -3.334
19.5 -4.19
19.5 -8.128
19.5 -5.228
19.5 -9.122
19.5 -5.835
19.5 -5.973
19.5 -5.998
19.5 -7.11
19.5 -5.986
19.5 -1.317
19.5 -6.237
19.5 -6.659
19.5 -5.699
19.5 -6.142
50
13.5 -38.319
13.5 -20.555
15.0 -13.645
15.0 -8.392
15.0 -6.87
16.0 -6.725
16.0 -4.574
16.0 -5.58
16.0 -2.625
17.0 -7.818
17.5 -5.282
17.5 -5.063
17.5 -3.208
17.5 -4.506
17.5 -4.67
17.5 -6.449
17.5 -4.943
17.5 -4.508
17.5 -5.415
17.5 -4.236
17.5 -4.643
17.5 -6.555
17.5 -4.006
17.5 -4.679
17.5 -6.046
17.5 -8.827
17.5 -8.245
17.5 -7.209
17.5 -6.576
17.5 -3.76
17.5 -4.67
17.5 -3.491
17.5 -2.605
17.5 -3.842
17.5 -8.251
17.5 -9.306
17.5 -4.364
17.5 -7.336
17.5 -6.124
17.5 -8.151
17.5 -4.562
19.5 -4.45
19.5 -3.344
19.5 -4.029
19.5 -6.937
19.5 -4.738
19.5 -9.86
19.5 -5.845
19.5 -6.009
19.5 -6.286
50
9.0 -38.434
11.5 -17.532
15.0 -16.118
15.0 -11.311
16.0 -9.313
17.5 -10.68
17.5 -8.273
17.5 -7.814
17.5 -5.583
18.0 -8.25
18.0 -3.394
18.0 -4.494
18.0 -2.047
18.0 -3.086
18.0 -3.195
18.0 -7.323
18.0 -6.659
18.0 -2.519
18.0 -3.298
18.0 -4.329
19.0 -1.603
20.0 -0.675
20.0 -5.424
20.0 -3.253
20.0 -3.691
20.0 -3.117
20.0 -3.772
20.0 -4.116
20.5 -2.281
20.5 -2.78
20.5 -6.176
20.5 -6.863
20.5 -4.932
20.5 -5.827
20.5 -6.06
20.5 -6.332
20.5 -3.634
20.5 -3.476
20.5 -6.47
20.5 -6.203
20.5 -4.906
20.5 -3.688
20.5 -2.724
20.5 -4.107
20.5 -3.33
20.5 -3.738
20.5 -3.169
20.5 -6.04
20.5 -3.981
20.5 -4.824
50
10.0 -36.494
14.5 -19.64
16.5 -12.583
16.5 -10.651
16.5 -7.239
16.5 -7.732
17.0 -6.543
18.0 -6.73
19.0 -4.32
19.0 -5.414
19.0 -4.011
19.0 -4.151
19.0 -2.871
19.0 -7.85
19.0 -3.203
19.0 -8.013
19.0 -2.653
19.0 -3.913
19.0 -6.666
19.0 -5.233
19.0 -9.891
19.0 -3.908
19.0 -5.316
19.0 -7.114
19.0 -6.187
20.5 -3.407
20.5 -6.121
20.5 -5.561
20.5 -5.466
20.5 -2.918
20.5 -6.889
20.5 -3.314
20.5 -3.655
20.5 -3.249
20.5 -3.816
20.5 -2.697
20.5 -2.805
20.5 -1.479
20.5 -2.851
20.5 -4.557
20.5 -5.0
20.5 -5.827
20.5 -4.591
20.5 -6.869
20.5 -2.232
20.5 -5.153
20.5 -4.584
20.5 -4.755
20.5 -4.567
20.5 -2.334
50
13.5 -38.639
16.0 -18.722
18.0 -9.899
18.0 -14.85
18.0 -8.29
18.0 -12.193
18.0 -11.814
18.5 -7.636
18.5 -7.93
18.5 -11.438
18.5 -8.07
18.5 -5.489
18.5 -8.854
18.5 -6.607
18.5 -7.416
18.5 -7.744
18.5 -5.656
18.5 -7.819
18.5 -4.466
18.5 -4.401
18.5 -5.576
18.5 -4.383
18.5 -6.777
18.5 -4.246
18.5 -5.973
18.5 -6.115
18.5 -6.696
18.5 -3.204
18.5 -6.14
18.5 -9.335
18.5 -6.817
18.5 -9.55
20.0 -5.962
20.0 -5.94
20.0 -7.761
20.0 -7.992
20.0 -6.723
20.0 -5.64
21.0 -6.077
21.0 -4.531
21.0 -3.454
21.0 -3.653
21.0 -5.863
21.0 -1.959
21.0 -6.126
21.0 -7.091
21.0 -5.465
21.0 -7.213
21.0 -3.909
21.0 -5.127

Individual: [1, 2, 7, 10, 14, 16, 17, 23, 34, 35, 37, 38, 41, 43, 48, 49, 50]
   Fitness: 20.5
     Total: 17
Violations: 5 4

Individual: [1, 3, 4, 6, 12, 14, 15, 30, 36, 38, 40, 43, 47, 49]
   Fitness: 20.0
     Total: 14
Violations: 1 1

Individual: [1, 2, 8, 11, 12, 18, 32, 36, 38, 42, 45, 47, 50]
   Fitness: 19.5
     Total: 13
Violations: 0 0

Individual: [3, 4, 13, 16, 17, 20, 25, 32, 39, 40, 42, 43, 45, 49, 50]
   Fitness: 19.5
     Total: 15
Violations: 3 3

Individual: [2, 4, 5, 12, 15, 16, 18, 19, 21, 29, 35, 36, 38, 39, 44, 45, 48]
   Fitness: 19.5
     Total: 17
Violations: 6 6

Individual: [2, 4, 5, 9, 14, 15, 17, 18, 28, 35, 36, 38, 46, 49, 50]
   Fitness: 19.5
     Total: 15
Violations: 3 3

Individual: [2, 3, 6, 14, 15, 18, 19, 23, 35, 39, 41, 42, 44, 48, 50]
   Fitness: 19.5
     Total: 15
Violations: 3 2

Individual: [1, 2, 4, 5, 10, 12, 13, 32, 35, 36, 42, 43, 46, 47, 49]
   Fitness: 20.5
     Total: 15
Violations: 2 2

Individual: [1, 2, 4, 5, 8, 10, 13, 14, 17, 36, 37, 40, 45, 48, 49]
   Fitness: 20.5
     Total: 15
Violations: 2 2

Individual: [1, 5, 7, 8, 10, 14, 16, 18, 30, 36, 37, 39, 40, 45, 47, 49]
   Fitness: 21.0
     Total: 16
Violations: 3 3
