10
500
10.0 -37.112
15.0 -15.799
15.0 -12.774
16.0 -12.194
16.0 -10.673
16.0 -9.934
16.0 -9.618
16.0 -8.519
16.0 -7.699
16.0 -8.365
16.0 -9.405
16.0 -8.566
16.0 -7.819
16.5 -7.619
16.5 -7.557
16.5 -6.813
16.5 -8.087
16.5 -7.584
16.5 -7.636
16.5 -8.441
16.5 -8.327
16.5 -8.727
16.5 -7.671
18.5 -8.503
18.5 -7.092
18.5 -6.894
18.5 -6.341
18.5 -7.335
18.5 -7.276
18.5 -6.817
18.5 -6.97
18.5 -8.324
18.5 -7.141
18.5 -7.137
18.5 -7.052
18.5 -6.849
18.5 -7.477
18.5 -7.931
18.5 -8.039
18.5 -7.673
18.5 -8.386
18.5 -8.088
18.5 -8.525
18.5 -9.047
18.5 -8.299
18.5 -8.642
18.5 -7.942
18.5 -8.054
18.5 -7.59
18.5 -7.245
18.5 -7.817
18.5 -9.238
18.5 -7.986
18.5 -7.047
18.5 -7.74
18.5 -8.748
18.5 -8.11
18.5 -6.837
18.5 -8.026
18.5 -9.093
18.5 -6.893
18.5 -7.363
18.5 -6.474
18.5 -7.182
18.5 -8.205
18.5 -6.391
18.5 -6.711
18.5 -6.872
18.5 -7.893
18.5 -7.736
18.5 -7.994
18.5 -6.188
18.5 -7.824
18.5 -7.542
18.5 -6.84
18.5 -6.56
18.5 -8.33
18.5 -7.524
18.5 -8.071
18.5 -6.662
18.5 -8.666
18.5 -8.659
18.5 -6.667
18.5 -7.723
18.5 -7.978
18.5 -7.695
18.5 -8.358
18.5 -8.431
18.5 -7.452
18.5 -7.636
18.5 -8.856
18.5 -8.702
18.5 -7.82
18.5 -6.82
18.5 -6.618
18.5 -6.874
18.5 -8.154
18.5 -8.357
18.5 -7.464
18.5 -7.405
18.5 -6.786
18.5 -7.013
18.5 -6.734
18.5 -7.392
18.5 -7.292
18.5 -7.204
18.5 -7.054
18.5 -6.845
18.5 -7.416
18.5 -7.138
18.5 -7.444
18.5 -7.161
18.5 -7.458
18.5 -7.419
18.5 -8.425
18.5 -7.603
18.5 -8.713
18.5 -6.602
18.5 -6.8
18.5 -7.11
18.5 -6.65
18.5 -7.167
18.5 -6.963
18.5 -8.233
18.5 -7.349
18.5 -7.609
18.5 -6.386
18.5 -7.651
18.5 -8.274
18.5 -7.351
18.5 -7.371
18.5 -7.708
18.5 -6.683
18.5 -6.552
18.5 -6.213
18.5 -7.209
18.5 -8.336
18.5 -7.437
18.5 -7.526
18.5 -7.341
18.5 -6.082
18.5 -6.797
18.5 -6.906
18.5 -7.047
18.5 -8.017
18.5 -7.923
18.5 -7.513
18.5 -7.796
18.5 -8.012
18.5 -7.435
18.5 -7.905
18.5 -7.618
18.5 -6.307
18.5 -7.877
18.5 -8.526
18.5 -8.208
18.5 -7.326
18.5 -7.476
18.5 -9.123
18.5 -7.267
18.5 -7.654
18.5 -6.506
18.5 -6.997
18.5 -6.129
18.5 -6.565
18.5 -5.9
18.5 -7.201
18.5 -7.47
18.5 -7.647
18.5 -7.911
18.5 -8.012
18.5 -7.175
18.5 -7.06
18.5 -7.498
18.5 -7.664
18.5 -6.982
18.5 -6.944
20.5 -6.197
20.5 -8.219
20.5 -6.401
20.5 -8.04
20.5 -8.453
20.5 -8.026
20.5 -6.522
20.5 -7.569
20.5 -6.207
20.5 -6.618
20.5 -8.517
20.5 -8.216
20.5 -8.196
20.5 -8.194
20.5 -8.523
20.5 -6.89
20.5 -6.265
20.5 -8.544
20.5 -7.316
20.5 -7.433
20.5 -7.715
20.5 -7.025
20.5 -6.372
20.5 -6.804
20.5 -8.079
20.5 -7.388
20.5 -6.895
20.5 -7.522
20.5 -6.333
20.5 -7.146
20.5 -8.371
20.5 -7.548
20.5 -6.965
20.5 -7.732
20.5 -8.348
20.5 -7.648
20.5 -8.321
20.5 -7.335
20.5 -7.083
20.5 -6.753
20.5 -7.111
20.5 -7.23
20.5 -6.824
20.5 -8.27
20.5 -8.437
20.5 -6.487
20.5 -6.516
20.5 -7.081
20.5 -8.701
20.5 -9.065
20.5 -7.98
20.5 -6.417
20.5 -7.331
20.5 -7.047
20.5 -7.112
20.5 -6.05
20.5 -7.275
20.5 -7.92
20.5 -5.201
20.5 -6.846
20.5 -7.042
20.5 -7.322
20.5 -7.83
20.5 -7.961
20.5 -8.05
20.5 -7.484
20.5 -8.352
20.5 -7.104
20.5 -7.628
20.5 -7.669
20.5 -7.616
20.5 -5.474
20.5 -8.424
20.5 -5.364
20.5 -7.945
20.5 -7.216
20.5 -7.775
20.5 -8.197
20.5 -8.012
20.5 -6.714
20.5 -6.792
20.5 -6.697
20.5 -7.326
20.5 -7.321
20.5 -7.79
20.5 -7.459
20.5 -8.312
20.5 -7.822
20.5 -7.471
20.5 -6.993
20.5 -7.267
20.5 -8.328
20.5 -6.976
20.5 -8.215
20.5 -8.207
20.5 -7.521
20.5 -7.318
20.5 -7.276
20.5 -6.834
20.5 -6.217
20.5 -7.969
20.5 -8.832
20.5 -8.758
20.5 -7.45
20.5 -7.631
20.5 -7.507
20.5 -7.251
20.5 -6.04
20.5 -8.306
20.5 -7.303
20.5 -7.761
20.5 -8.054
20.5 -8.166
20.5 -7.449
20.5 -7.353
20.5 -6.769
20.5 -8.106
20.5 -8.692
20.5 -6.619
20.5 -9.73
20.5 -7.986
20.5 -7.921
20.5 -7.763
20.5 -8.224
20.5 -7.272
20.5 -7.494
20.5 -6.19
20.5 -8.436
20.5 -7.445
20.5 -9.516
20.5 -8.108
20.5 -7.447
20.5 -7.241
20.5 -8.038
20.5 -6.298
20.5 -8.101
20.5 -8.969
20.5 -6.272
20.5 -6.532
20.5 -7.996
20.5 -8.095
20.5 -7.646
20.5 -9.325
20.5 -8.626
20.5 -8.089
20.5 -6.54
20.5 -7.017
20.5 -7.838
20.5 -7.837
20.5 -6.943
20.5 -8.283
20.5 -7.763
20.5 -8.54
20.5 -6.638
20.5 -6.321
20.5 -6.945
20.5 -7.674
20.5 -6.858
20.5 -9.369
20.5 -8.654
20.5 -9.268
20.5 -7.526
20.5 -6.481
20.5 -7.392
20.5 -7.071
20.5 -7.236
20.5 -6.971
20.5 -7.302
20.5 -7.859
20.5 -6.798
20.5 -6.298
20.5 -7.519
20.5 -7.0
20.5 -6.829
20.5 -9.944
20.5 -7.405
20.5 -8.158
20.5 -7.904
20.5 -8.239
20.5 -6.661
20.5 -7.342
20.5 -8.168
20.5 -6.895
20.5 -7.742
20.5 -8.229
20.5 -8.706
20.5 -7.964
20.5 -7.564
20.5 -7.191
20.5 -6.681
20.5 -7.627
20.5 -7.032
20.5 -6.885
20.5 -8.92
20.5 -6.938
20.5 -7.183
20.5 -8.665
20.5 -8.337
20.5 -7.659
20.5 -7.905
20.5 -6.104
20.5 -6.623
20.5 -7.993
20.5 -7.596
20.5 -6.496
20.5 -8.39
20.5 -8.747
20.5 -7.982
20.5 -7.37
20.5 -7.361
20.5 -7.517
20.5 -7.415
20.5 -8.991
20.5 -8.154
20.5 -7.285
20.5 -7.385
20.5 -8.238
20.5 -8.289
20.5 -8.468
20.5 -7.339
20.5 -7.544
20.5 -7.806
20.5 -8.066
20.5 -6.972
20.5 -7.733
20.5 -7.768
20.5 -7.596
20.5 -7.815
20.5 -6.954
20.5 -6.995
20.5 -6.785
20.5 -7.69
20.5 -7.238
20.5 -8.065
20.5 -6.734
20.5 -6.374
20.5 -7.765
20.5 -8.046
20.5 -7.671
20.5 -6.727
20.5 -8.96
20.5 -7.56
20.5 -6.362
20.5 -7.419
20.5 -8.126
20.5 -7.542
20.5 -7.51
20.5 -7.254
20.5 -7.828
20.5 -8.281
20.5 -7.109
20.5 -7.482
20.5 -6.719
20.5 -7.768
20.5 -7.455
20.5 -9.375
20.5 -8.197
20.5 -6.854
20.5 -7.595
20.5 -7.469
20.5 -6.935
20.5 -7.404
20.5 -6.743
20.5 -7.669
20.5 -7.147
20.5 -7.958
20.5 -7.472
20.5 -9.063
20.5 -7.659
20.5 -6.796
20.5 -7.261
20.5 -7.787
20.5 -7.68
20.5 -7.895
20.5 -6.714
20.5 -7.1
20.5 -7.847
20.5 -6.743
20.5 -8.27
20.5 -7.5
20.5 -7.458
20.5 -8.157
20.5 -7.482
20.5 -6.344
20.5 -5.971
20.5 -6.424
20.5 -7.336
20.5 -9.098
20.5 -6.419
20.5 -7.577
20.5 -6.068
20.5 -7.161
20.5 -8.25
20.5 -7.798
20.5 -7.133
20.5 -6.199
20.5 -7.109
20.5 -7.833
20.5 -8.383
20.5 -7.064
20.5 -7.945
20.5 -6.814
20.5 -8.123
20.5 -7.925
20.5 -6.74
20.5 -7.464
20.5 -7.22
20.5 -6.833
20.5 -8.048
20.5 -7.663
20.5 -6.598
20.5 -8.314
20.5 -6.382
20.5 -7.393
20.5 -7.724
20.5 -7.146
20.5 -7.146
20.5 -6.406
20.5 -7.059
20.5 -6.678
20.5 -8.026
20.5 -7.071
20.5 -8.689
500
11.5 -37.559
16.0 -20.132
16.0 -13.998
17.0 -10.573
17.0 -9.417
17.0 -8.367
17.0 -8.092
17.0 -8.396
17.0 -8.299
17.5 -8.355
18.0 -8.827
18.0 -8.582
18.0 -8.141
18.0 -6.558
18.0 -7.239
18.0 -6.556
18.0 -7.47
18.0 -7.113
18.0 -6.52
18.0 -6.998
18.0 -8.177
19.5 -5.194
19.5 -6.084
19.5 -6.286
19.5 -7.45
19.5 -7.274
19.5 -7.756
19.5 -6.486
19.5 -5.85
19.5 -6.938
19.5 -6.759
19.5 -7.225
19.5 -7.326
19.5 -7.27
19.5 -7.822
19.5 -8.411
19.5 -8.311
19.5 -8.286
19.5 -9.263
19.5 -8.086
19.5 -7.837
19.5 -7.399
19.5 -7.754
19.5 -8.11
19.5 -7.36
19.5 -6.822
19.5 -7.228
19.5 -8.397
19.5 -7.689
19.5 -8.334
19.5 -7.755
19.5 -8.175
19.5 -8.018
19.5 -6.484
19.5 -6.7
19.5 -6.481
19.5 -6.887
19.5 -8.001
19.5 -7.176
19.5 -5.431
19.5 -6.142
19.5 -8.452
19.5 -8.148
19.5 -8.514
19.5 -6.802
19.5 -7.322
19.5 -6.255
19.5 -6.608
19.5 -5.79
19.5 -7.066
19.5 -6.297
19.5 -7.014
19.5 -6.879
19.5 -5.769
19.5 -6.151
19.5 -6.41
19.5 -7.452
19.5 -6.647
19.5 -6.604
19.5 -8.196
19.5 -7.349
19.5 -6.778
19.5 -7.016
19.5 -6.558
19.5 -7.686
19.5 -7.962
19.5 -8.454
19.5 -6.536
19.5 -7.61
19.5 -7.74
19.5 -6.902
19.5 -6.842
19.5 -7.629
19.5 -7.21
19.5 -5.684
19.5 -6.818
19.5 -5.611
19.5 -6.353
19.5 -7.657
19.5 -8.052
19.5 -7.401
19.5 -6.876
19.5 -6.247
19.5 -6.688
19.5 -8.446
19.5 -6.215
19.5 -7.398
19.5 -8.21
19.5 -7.963
19.5 -8.565
19.5 -6.457
19.5 -6.184
19.5 -7.974
19.5 -6.539
19.5 -6.339
19.5 -7.051
19.5 -8.393
19.5 -6.947
19.5 -6.56
19.5 -7.437
19.5 -7.357
19.5 -6.872
19.5 -7.409
19.5 -6.948
19.5 -6.766
19.5 -8.746
19.5 -6.447
19.5 -7.188
19.5 -6.421
19.5 -8.051
19.5 -7.153
19.5 -6.483
19.5 -6.342
19.5 -7.015
19.5 -6.955
19.5 -7.346
19.5 -5.993
19.5 -6.726
19.5 -7.381
19.5 -6.439
19.5 -7.154
19.5 -7.263
19.5 -7.69
19.5 -6.998
19.5 -5.835
19.5 -7.356
19.5 -7.316
19.5 -9.184
19.5 -7.13
19.5 -8.044
19.5 -7.455
19.5 -6.947
19.5 -7.69
19.5 -8.453
19.5 -6.788
19.5 -5.359
19.5 -6.611
19.5 -6.426
19.5 -6.706
19.5 -8.237
19.5 -6.219
19.5 -6.993
19.5 -7.419
19.5 -6.496
19.5 -7.586
19.5 -6.751
19.5 -6.436
19.5 -7.323
19.5 -6.388
19.5 -6.342
19.5 -7.806
19.5 -6.859
19.5 -6.194
19.5 -7.439
19.5 -7.616
19.5 -8.601
19.5 -7.148
19.5 -7.073
19.5 -7.367
19.5 -7.934
19.5 -8.258
19.5 -6.084
19.5 -7.337
19.5 -7.015
19.5 -6.38
19.5 -7.531
19.5 -7.002
19.5 -6.783
19.5 -8.94
19.5 -7.393
19.5 -6.523
19.5 -6.829
19.5 -7.906
19.5 -7.694
19.5 -7.086
19.5 -7.058
19.5 -7.774
19.5 -6.846
19.5 -6.75
19.5 -7.736
19.5 -6.279
19.5 -7.598
19.5 -8.179
19.5 -7.179
19.5 -6.262
19.5 -6.873
19.5 -7.377
19.5 -7.372
19.5 -7.692
19.5 -6.946
19.5 -6.835
19.5 -5.672
19.5 -6.402
19.5 -7.001
19.5 -7.168
19.5 -6.187
19.5 -7.33
19.5 -7.592
19.5 -7.649
19.5 -7.918
19.5 -6.962
19.5 -7.931
19.5 -6.751
19.5 -6.603
19.5 -7.09
19.5 -6.883
19.5 -6.472
19.5 -7.12
19.5 -6.362
19.5 -7.302
19.5 -8.006
19.5 -6.83
20.0 -5.808
20.0 -8.93
20.0 -7.058
20.0 -8.434
20.0 -7.261
20.0 -6.196
20.0 -6.035
20.0 -8.239
20.0 -6.749
20.0 -6.613
20.0 -5.744
20.0 -6.113
20.0 -6.848
20.0 -6.919
20.0 -6.483
20.0 -7.969
20.0 -6.856
20.0 -7.485
20.0 -7.051
20.0 -7.033
20.0 -7.407
20.0 -5.952
20.0 -7.03
20.0 -6.689
20.0 -6.604
20.0 -6.476
20.0 -7.485
20.0 -5.349
20.0 -5.92
20.0 -6.652
20.0 -8.076
20.0 -6.708
20.0 -6.83
20.0 -8.15
20.0 -8.642
20.0 -7.491
20.0 -7.531
20.0 -6.178
20.0 -6.662
20.0 -7.141
20.0 -6.874
20.0 -6.828
20.0 -7.403
20.0 -7.427
20.0 -7.681
20.0 -7.904
20.0 -7.335
20.0 -7.121
20.0 -6.801
20.0 -6.171
20.0 -7.359
20.0 -7.562
20.0 -6.595
20.0 -7.232
20.0 -6.516
20.0 -6.91
20.0 -6.351
20.0 -7.25
20.0 -7.295
20.0 -6.723
20.0 -7.653
20.0 -5.79
20.0 -8.419
20.0 -8.355
20.0 -7.298
20.0 -6.899
20.0 -7.436
20.0 -7.357
20.0 -7.878
20.0 -7.892
20.0 -7.908
20.0 -6.433
20.0 -6.015
20.0 -7.412
20.0 -6.079
20.0 -7.642
20.0 -6.985
20.0 -6.917
20.0 -7.5
20.0 -7.565
20.0 -6.785
20.0 -6.48
20.0 -7.116
20.0 -5.975
20.0 -6.479
20.0 -5.378
20.0 -6.23
20.0 -7.043
20.0 -7.411
20.0 -7.216
20.0 -7.469
20.0 -6.383
20.0 -5.948
20.0 -8.105
20.0 -6.726
20.0 -7.375
20.0 -6.75
20.0 -6.739
20.0 -7.029
20.0 -8.343
20.0 -7.297
20.0 -7.67
20.0 -7.852
20.0 -7.056
20.0 -7.921
20.0 -7.05
20.0 -6.611
20.0 -7.281
20.0 -7.823
20.0 -6.705
20.0 -6.65
20.0 -6.526
20.0 -6.535
20.0 -6.078
20.0 -5.299
20.0 -7.078
20.0 -6.891
20.0 -8.303
20.0 -7.297
20.0 -7.79
20.0 -7.519
20.0 -7.185
20.0 -6.527
20.0 -6.713
20.0 -8.36
20.0 -5.337
20.0 -7.828
20.0 -7.822
20.0 -7.942
20.0 -6.39
20.0 -6.552
20.0 -6.516
20.0 -7.408
20.0 -6.019
20.0 -6.662
20.0 -7.875
20.0 -7.104
20.0 -8.304
20.0 -7.125
20.0 -7.354
20.0 -7.115
20.0 -7.181
20.0 -7.305
20.0 -7.256
20.0 -8.561
20.0 -6.549
20.0 -6.712
20.0 -6.732
20.0 -6.799
20.0 -7.402
20.0 -6.599
20.0 -7.506
20.0 -8.149
20.0 -7.537
20.0 -7.177
20.0 -7.32
20.0 -7.83
20.0 -7.159
20.0 -7.82
20.0 -7.832
20.0 -6.697
20.0 -6.682
20.0 -8.095
20.0 -7.131
20.0 -7.261
20.0 -6.75
20.0 -4.403
20.0 -7.101
20.0 -6.008
20.0 -6.771
20.0 -6.868
20.0 -6.443
20.0 -6.836
20.0 -6.6
20.0 -7.495
20.0 -7.749
20.0 -6.817
20.0 -8.133
20.0 -7.38
20.0 -7.26
20.0 -8.09
20.0 -7.461
20.0 -6.848
20.0 -6.497
20.0 -7.304
20.0 -6.675
20.0 -6.263
20.0 -5.439
20.0 -6.105
20.0 -5.363
20.0 -6.173
20.0 -7.0
20.0 -6.612
20.0 -7.372
20.0 -6.975
20.0 -6.143
20.0 -6.713
20.0 -7.585
20.0 -7.499
20.0 -7.613
20.0 -8.308
20.0 -7.507
20.0 -7.625
20.0 -5.875
20.0 -5.395
20.0 -6.493
20.0 -7.378
20.0 -8.448
20.0 -5.976
20.0 -7.076
20.0 -7.426
20.0 -6.699
20.0 -6.402
20.0 -7.601
20.0 -6.422
20.0 -7.612
20.0 -7.778
20.0 -6.562
20.0 -5.599
20.0 -6.711
20.0 -7.768
20.0 -6.806
20.0 -8.612
20.0 -6.893
20.0 -7.86
20.0 -6.591
20.0 -7.471
20.0 -6.789
20.0 -6.836
20.0 -6.821
20.0 -6.813
20.0 -6.016
20.0 -6.754
20.0 -6.194
20.0 -6.907
20.0 -6.869
20.0 -6.761
20.0 -6.757
20.0 -5.848
20.0 -7.534
20.0 -6.145
20.0 -8.04
20.0 -6.299
20.0 -7.162
20.0 -7.322
20.0 -7.621
20.0 -6.324
20.0 -6.047
20.0 -7.331
20.0 -7.178
20.0 -6.877
20.0 -7.436
20.0 -6.98
20.0 -7.757
20.0 -7.729
20.0 -7.924
20.0 -6.734
20.0 -7.526
20.0 -6.981
20.0 -6.446
20.0 -6.237
20.0 -7.648
20.0 -6.084
20.0 -6.205
20.0 -6.703
20.0 -6.859
20.0 -7.505
20.0 -5.721
500
13.0 -36.665
13.0 -18.718
18.0 -12.959
18.0 -10.063
18.0 -10.474
18.0 -9.24
18.0 -7.171
18.0 -8.392
18.0 -7.381
18.0 -7.9
18.0 -8.405
18.0 -7.036
18.0 -7.286
18.0 -7.118
18.0 -8.565
18.0 -8.562
18.0 -9.726
18.0 -9.156
18.0 -8.06
18.0 -7.937
18.0 -7.556
18.0 -8.666
18.0 -8.281
18.0 -6.839
18.0 -7.561
18.0 -7.347
18.0 -6.972
18.0 -5.828
19.0 -7.357
19.0 -7.675
19.0 -5.417
19.0 -5.784
19.0 -7.312
19.0 -6.319
19.0 -7.184
19.0 -6.245
19.0 -8.25
19.0 -7.225
19.0 -7.758
19.0 -6.858
19.0 -7.284
19.0 -6.589
19.0 -7.887
19.0 -6.673
19.0 -7.146
19.0 -8.111
19.0 -8.213
19.0 -7.798
19.0 -6.549
19.0 -7.281
19.0 -7.344
19.0 -6.521
19.0 -6.819
19.0 -7.119
19.0 -7.898
19.0 -8.888
19.0 -7.856
19.0 -8.02
19.0 -6.497
19.0 -7.363
19.0 -6.525
19.0 -6.909
19.0 -7.283
19.0 -6.086
19.0 -8.483
19.0 -8.241
19.0 -8.0
19.0 -7.15
19.0 -6.826
19.0 -7.225
19.0 -7.959
19.0 -7.945
19.0 -7.63
19.0 -7.056
19.0 -6.806
19.0 -6.727
19.0 -7.273
19.0 -7.395
19.0 -6.743
19.0 -7.496
19.0 -7.77
19.0 -7.233
19.0 -9.6
19.0 -8.327
19.0 -8.555
19.0 -7.964
19.0 -7.514
19.0 -9.089
19.0 -7.362
19.0 -7.724
19.0 -6.76
19.0 -7.171
19.0 -7.161
19.0 -7.245
19.0 -7.518
19.0 -7.695
19.0 -8.168
19.0 -9.184
19.0 -7.791
19.0 -7.242
19.0 -7.412
19.0 -9.624
19.0 -8.254
19.0 -7.827
19.0 -6.02
19.0 -6.621
19.0 -6.066
19.0 -7.152
19.0 -8.91
19.0 -7.745
19.0 -7.478
19.0 -9.227
19.0 -8.364
19.0 -6.291
19.0 -8.118
19.0 -7.398
19.0 -6.898
19.0 -8.069
19.0 -7.119
19.0 -9.183
19.0 -8.627
19.0 -8.747
19.0 -8.048
19.0 -8.228
19.0 -7.299
19.0 -8.319
19.0 -7.584
19.0 -8.312
19.0 -9.155
19.0 -6.869
19.0 -6.125
19.0 -6.658
19.0 -7.44
19.0 -6.198
19.0 -6.569
19.0 -6.607
19.0 -7.517
19.0 -8.071
19.0 -8.383
19.0 -7.85
19.0 -7.068
19.0 -6.905
19.0 -6.503
19.0 -8.236
19.0 -7.379
19.0 -7.266
19.0 -7.061
19.0 -7.152
19.0 -7.204
19.0 -7.459
19.0 -7.514
19.0 -7.356
19.0 -7.428
19.0 -7.12
19.0 -6.365
19.0 -7.664
19.0 -8.019
19.0 -7.344
19.0 -6.196
19.0 -7.501
19.0 -6.908
19.0 -7.524
19.0 -8.411
19.0 -7.838
19.0 -7.391
19.0 -7.281
19.0 -7.973
19.0 -8.235
19.0 -7.201
19.0 -8.242
19.0 -6.926
19.0 -8.805
19.0 -7.498
19.0 -6.222
19.0 -7.434
19.0 -6.704
19.0 -8.527
19.0 -6.036
19.0 -8.19
19.0 -7.584
19.0 -8.422
19.0 -8.658
19.0 -8.051
19.0 -7.55
19.0 -7.582
19.0 -7.907
19.0 -6.293
19.0 -6.089
19.0 -6.511
19.0 -8.475
19.0 -8.065
19.0 -6.892
19.0 -7.007
19.0 -7.735
19.0 -7.694
19.0 -7.895
19.0 -7.964
19.0 -8.543
19.0 -7.301
19.0 -7.829
19.0 -7.849
19.0 -7.164
19.0 -8.427
19.0 -8.244
19.0 -7.823
19.0 -6.647
19.0 -7.55
19.0 -6.786
19.0 -7.255
19.0 -7.775
19.0 -7.493
19.0 -7.645
19.0 -8.522
19.0 -7.553
19.0 -8.535
19.0 -7.506
19.0 -6.245
19.0 -5.733
19.0 -8.119
19.0 -8.296
19.0 -7.3
19.0 -7.082
19.0 -7.227
19.0 -7.542
19.0 -7.604
19.0 -5.962
19.0 -7.745
19.0 -8.875
19.0 -8.36
19.0 -8.066
19.0 -8.045
19.0 -6.353
19.0 -6.886
19.0 -7.533
19.0 -8.107
19.0 -6.149
19.0 -7.567
19.0 -7.686
19.0 -7.392
19.0 -7.08
19.0 -7.263
19.0 -7.816
19.0 -5.913
19.0 -7.205
19.0 -6.944
19.0 -8.735
19.0 -7.948
19.0 -7.583
19.0 -7.075
19.0 -6.952
19.0 -7.189
19.0 -6.998
19.0 -8.831
19.0 -8.162
19.0 -8.463
19.0 -7.783
19.0 -6.791
19.0 -9.052
19.0 -6.452
19.0 -6.884
19.0 -6.327
19.0 -7.204
19.0 -7.758
19.0 -8.822
19.0 -8.069
19.0 -8.006
19.0 -7.146
19.0 -7.897
19.0 -6.745
19.0 -7.37
19.0 -7.49
19.0 -7.188
19.0 -6.76
19.0 -5.967
19.0 -6.794
19.0 -6.109
19.0 -6.526
19.0 -8.514
19.0 -7.858
19.0 -6.223
19.0 -7.856
19.0 -7.84
19.0 -6.745
19.0 -6.84
19.0 -8.697
19.0 -8.861
19.0 -7.296
19.0 -7.496
19.0 -6.802
19.0 -6.607
19.0 -6.891
19.0 -6.208
19.0 -7.841
19.0 -8.047
19.0 -6.897
19.0 -7.676
19.0 -6.617
19.0 -6.625
19.0 -7.514
19.0 -6.853
19.0 -7.249
19.0 -6.228
19.0 -7.789
19.0 -7.204
19.0 -8.302
19.0 -7.794
19.0 -6.753
19.0 -8.188
19.0 -5.776
19.0 -7.589
19.0 -6.699
19.0 -6.672
19.0 -6.717
19.0 -7.249
19.0 -6.664
19.0 -5.616
19.0 -7.452
19.0 -6.682
19.0 -5.322
19.0 -6.434
19.0 -6.371
19.0 -6.982
19.0 -6.847
19.0 -6.604
19.0 -7.126
19.0 -7.713
19.0 -7.724
19.0 -7.008
19.0 -7.198
19.0 -7.131
19.0 -7.323
19.0 -7.495
19.5 -7.437
19.5 -7.483
19.5 -8.276
19.5 -5.74
19.5 -6.769
19.5 -5.746
19.5 -8.464
19.5 -7.391
19.5 -6.035
19.5 -6.204
19.5 -6.468
19.5 -6.815
19.5 -6.715
19.5 -7.363
19.5 -8.23
19.5 -7.669
19.5 -8.017
19.5 -6.835
19.5 -7.667
19.5 -8.193
19.5 -7.409
19.5 -7.63
19.5 -7.964
19.5 -7.241
19.5 -7.222
19.5 -6.969
19.5 -6.56
19.5 -6.51
19.5 -8.731
19.5 -7.73
19.5 -6.732
19.5 -7.715
19.5 -8.482
19.5 -8.206
19.5 -7.127
19.5 -7.338
19.5 -7.415
19.5 -6.396
19.5 -6.041
19.5 -6.737
19.5 -7.792
19.5 -7.733
19.5 -8.506
19.5 -7.525
19.5 -7.985
19.5 -6.98
19.5 -7.744
19.5 -6.935
19.5 -8.262
19.5 -6.194
19.5 -7.467
19.5 -7.291
19.5 -7.285
19.5 -7.661
19.5 -7.057
19.5 -7.123
19.5 -6.622
19.5 -8.036
19.5 -8.294
19.5 -7.365
19.5 -8.732
19.5 -6.416
19.5 -6.724
19.5 -7.7
19.5 -7.55
19.5 -8.571
19.5 -7.488
19.5 -7.117
19.5 -7.725
19.5 -7.06
19.5 -6.958
19.5 -7.497
19.5 -7.32
19.5 -8.194
19.5 -6.99
19.5 -6.793
19.5 -6.396
19.5 -7.43
19.5 -8.624
19.5 -8.24
19.5 -7.039
19.5 -8.792
19.5 -7.747
19.5 -7.656
19.5 -6.008
19.5 -6.788
19.5 -6.747
19.5 -6.316
19.5 -6.702
19.5 -8.723
19.5 -7.2
19.5 -7.551
19.5 -6.883
19.5 -6.455
19.5 -6.997
19.5 -7.271
19.5 -7.641
19.5 -8.629
19.5 -7.022
19.5 -6.389
19.5 -6.73
19.5 -6.693
19.5 -6.631
19.5 -7.696
19.5 -8.157
19.5 -7.863
19.5 -6.547
19.5 -6.794
19.5 -7.401
19.5 -8.144
19.5 -7.448
19.5 -8.385
19.5 -7.926
19.5 -8.005
19.5 -6.359
19.5 -6.746
19.5 -6.828
19.5 -7.06
19.5 -7.645
19.5 -7.11
19.5 -7.408
19.5 -6.836
19.5 -7.274
19.5 -6.899
19.5 -8.683
19.5 -6.214
19.5 -5.894
19.5 -6.884
19.5 -7.538
19.5 -6.203
19.5 -6.747
19.5 -7.036
19.5 -7.665
19.5 -5.581
19.5 -7.574
19.5 -7.132
19.5 -7.419
19.5 -6.728
19.5 -8.604
19.5 -7.14
19.5 -6.714
19.5 -7.553
19.5 -6.548
19.5 -8.203
19.5 -6.676
19.5 -7.313
19.5 -7.664
19.5 -6.921
19.5 -7.157
19.5 -7.739
19.5 -8.532
19.5 -9.717
19.5 -6.88
19.5 -6.547
19.5 -6.431
19.5 -6.946
19.5 -8.735
19.5 -8.616
19.5 -7.321
19.5 -7.108
19.5 -7.426
19.5 -6.888
19.5 -8.584
19.5 -6.955
19.5 -6.484
19.5 -8.162
19.5 -6.809
19.5 -7.407
500
14.0 -37.118
14.0 -18.966
15.0 -13.437
15.5 -11.363
17.0 -9.477
17.0 -9.383
17.0 -8.954
17.0 -8.131
18.0 -8.177
18.0 -8.287
18.0 -8.541
18.0 -7.63
18.0 -7.292
18.0 -7.792
18.0 -8.332
18.0 -7.968
18.0 -7.238
18.0 -6.528
18.0 -6.845
18.0 -7.257
18.0 -8.451
18.0 -7.057
18.0 -8.392
18.0 -8.48
18.0 -8.34
18.0 -6.576
18.0 -7.309
18.0 -7.706
18.0 -7.311
18.0 -7.85
18.0 -6.705
18.0 -7.495
18.0 -6.398
18.0 -6.786
18.0 -8.48
18.0 -7.153
18.0 -6.743
18.0 -6.112
18.5 -6.492
18.5 -6.171
18.5 -6.418
20.5 -6.587
20.5 -7.482
20.5 -6.749
20.5 -6.418
20.5 -6.993
20.5 -7.069
20.5 -6.208
20.5 -5.464
20.5 -6.07
20.5 -5.939
20.5 -6.621
20.5 -6.784
20.5 -6.491
20.5 -8.29
20.5 -5.365
20.5 -7.155
20.5 -7.179
20.5 -6.709
20.5 -6.976
20.5 -5.986
20.5 -5.36
20.5 -8.224
20.5 -7.682
20.5 -7.256
20.5 -6.814
20.5 -5.663
20.5 -6.389
20.5 -5.524
20.5 -7.391
20.5 -7.431
20.5 -7.432
20.5 -7.456
20.5 -7.285
20.5 -8.15
20.5 -7.533
20.5 -8.241
20.5 -8.113
20.5 -7.943
20.5 -7.086
20.5 -7.398
20.5 -6.615
20.5 -6.708
20.5 -7.094
20.5 -7.953
20.5 -6.442
20.5 -6.798
20.5 -6.953
20.5 -7.861
20.5 -6.846
20.5 -8.074
20.5 -7.164
20.5 -7.526
20.5 -6.268
20.5 -6.837
20.5 -7.735
20.5 -8.581
20.5 -7.041
20.5 -6.021
20.5 -6.104
20.5 -7.418
20.5 -6.932
20.5 -8.36
20.5 -7.05
20.5 -7.125
20.5 -7.306
20.5 -7.222
20.5 -6.464
20.5 -6.31
20.5 -6.252
20.5 -6.497
20.5 -6.577
20.5 -7.324
20.5 -7.201
20.5 -7.274
20.5 -6.215
20.5 -6.927
20.5 -8.46
20.5 -6.919
20.5 -7.349
20.5 -7.995
20.5 -7.119
20.5 -7.964
20.5 -7.508
20.5 -6.465
20.5 -6.46
20.5 -6.378
20.5 -8.712
20.5 -6.944
20.5 -6.268
20.5 -7.755
20.5 -6.838
20.5 -7.97
20.5 -8.351
20.5 -7.205
20.5 -7.447
20.5 -6.824
20.5 -8.044
20.5 -7.71
20.5 -7.391
20.5 -6.332
20.5 -7.217
20.5 -7.812
20.5 -7.357
20.5 -7.142
20.5 -8.224
20.5 -6.785
20.5 -6.84
20.5 -6.19
20.5 -6.443
20.5 -6.614
20.5 -7.955
20.5 -6.331
20.5 -6.59
20.5 -6.691
20.5 -7.488
20.5 -7.71
20.5 -8.636
20.5 -7.27
20.5 -7.648
20.5 -7.913
20.5 -7.976
20.5 -6.143
20.5 -6.553
20.5 -9.187
20.5 -5.823
20.5 -7.4
20.5 -7.031
20.5 -7.488
20.5 -7.073
20.5 -7.114
20.5 -7.417
20.5 -6.776
20.5 -7.288
20.5 -7.631
20.5 -6.266
20.5 -6.811
20.5 -8.43
20.5 -7.451
20.5 -6.223
20.5 -7.056
20.5 -7.825
20.5 -8.181
20.5 -6.854
20.5 -7.926
20.5 -6.444
20.5 -6.661
20.5 -6.796
20.5 -6.792
20.5 -6.991
20.5 -5.617
20.5 -8.028
20.5 -6.346
20.5 -6.79
20.5 -6.545
20.5 -6.769
20.5 -5.268
20.5 -6.908
20.5 -6.231
20.5 -6.535
20.5 -6.915
20.5 -6.262
20.5 -6.053
20.5 -7.872
20.5 -7.132
20.5 -4.925
20.5 -6.905
20.5 -7.25
20.5 -6.458
20.5 -6.627
20.5 -7.497
20.5 -5.786
20.5 -7.793
20.5 -6.665
20.5 -8.03
20.5 -7.609
20.5 -7.493
20.5 -7.081
20.5 -8.112
20.5 -7.875
20.5 -6.981
20.5 -7.128
20.5 -6.742
20.5 -5.545
20.5 -6.056
20.5 -7.036
20.5 -6.959
20.5 -7.479
20.5 -6.788
20.5 -7.527
20.5 -6.913
20.5 -6.852
20.5 -7.776
20.5 -6.177
20.5 -6.976
20.5 -8.152
20.5 -7.203
20.5 -6.832
20.5 -7.171
20.5 -6.601
20.5 -6.915
20.5 -6.551
20.5 -5.25
20.5 -6.707
20.5 -6.993
20.5 -8.148
20.5 -7.227
20.5 -6.819
20.5 -8.435
20.5 -6.425
20.5 -6.187
20.5 -6.868
20.5 -7.102
20.5 -8.106
20.5 -5.907
20.5 -6.682
20.5 -6.573
20.5 -5.871
20.5 -5.329
20.5 -6.231
20.5 -5.989
20.5 -6.236
20.5 -5.411
20.5 -7.503
20.5 -4.941
20.5 -7.43
20.5 -6.605
20.5 -6.597
20.5 -6.692
20.5 -5.815
20.5 -6.307
20.5 -6.661
20.5 -6.559
20.5 -7.685
20.5 -8.84
20.5 -6.337
20.5 -6.579
20.5 -6.833
20.5 -6.704
20.5 -8.176
20.5 -6.135
20.5 -5.493
20.5 -7.089
20.5 -6.38
20.5 -7.464
20.5 -7.427
20.5 -6.078
20.5 -6.152
20.5 -5.842
20.5 -6.944
20.5 -7.082
20.5 -8.154
20.5 -6.256
20.5 -5.31
20.5 -7.623
20.5 -6.556
20.5 -6.99
20.5 -6.348
20.5 -6.389
20.5 -8.706
20.5 -6.137
20.5 -6.119
20.5 -6.741
20.5 -6.845
20.5 -7.338
20.5 -6.057
20.5 -6.404
20.5 -6.507
20.5 -7.031
20.5 -6.958
20.5 -6.439
20.5 -6.086
20.5 -7.833
20.5 -7.148
20.5 -7.737
20.5 -6.707
20.5 -6.595
20.5 -6.548
20.5 -6.102
20.5 -6.401
20.5 -7.407
20.5 -6.997
20.5 -7.167
20.5 -6.865
20.5 -7.161
20.5 -6.615
20.5 -7.576
20.5 -6.654
20.5 -6.786
20.5 -6.507
20.5 -7.087
20.5 -7.361
20.5 -7.093
20.5 -7.793
20.5 -6.916
20.5 -7.404
20.5 -6.123
20.5 -6.487
20.5 -6.363
20.5 -7.633
20.5 -7.483
20.5 -6.436
20.5 -4.343
20.5 -7.403
20.5 -7.666
20.5 -7.427
20.5 -6.908
20.5 -7.414
20.5 -7.137
20.5 -7.203
20.5 -8.326
20.5 -5.882
20.5 -5.605
20.5 -6.723
20.5 -6.38
20.5 -6.311
20.5 -6.412
20.5 -8.598
20.5 -7.484
20.5 -6.779
20.5 -5.847
20.5 -6.173
20.5 -7.084
20.5 -8.07
20.5 -6.72
20.5 -5.952
20.5 -7.382
20.5 -7.447
20.5 -5.249
20.5 -6.065
20.5 -5.499
20.5 -7.094
20.5 -6.184
20.5 -5.764
20.5 -6.418
20.5 -6.44
20.5 -6.948
20.5 -6.194
20.5 -6.672
20.5 -6.149
20.5 -5.682
20.5 -5.554
20.5 -4.954
20.5 -5.599
20.5 -7.868
20.5 -7.016
20.5 -7.239
20.5 -6.365
20.5 -6.862
20.5 -6.906
20.5 -6.548
20.5 -5.886
20.5 -6.484
20.5 -6.271
20.5 -7.195
20.5 -6.16
20.5 -6.733
20.5 -6.407
20.5 -5.376
20.5 -6.722
20.5 -6.705
20.5 -6.944
20.5 -6.028
20.5 -7.682
20.5 -7.488
20.5 -8.434
20.5 -7.323
20.5 -7.459
20.5 -6.644
20.5 -7.581
20.5 -6.935
20.5 -7.235
20.5 -5.485
20.5 -7.502
20.5 -7.469
20.5 -8.221
20.5 -6.982
20.5 -6.582
20.5 -6.386
20.5 -6.129
20.5 -6.824
20.5 -6.368
20.5 -4.773
20.5 -7.183
20.5 -5.5
20.5 -5.673
20.5 -6.403
20.5 -6.497
20.5 -7.879
20.5 -7.382
20.5 -7.811
20.5 -7.073
20.5 -6.315
20.5 -7.175
20.5 -7.253
20.5 -6.411
20.5 -5.653
20.5 -6.751
20.5 -5.781
20.5 -7.177
20.5 -6.657
20.5 -7.7
20.5 -6.586
20.5 -6.652
20.5 -6.588
20.5 -6.663
20.5 -5.701
20.5 -7.411
20.5 -7.521
20.5 -7.48
20.5 -8.069
20.5 -6.25
20.5 -6.215
20.5 -6.258
20.5 -7.673
20.5 -6.822
20.5 -7.223
20.5 -7.029
20.5 -7.513
20.5 -6.926
20.5 -7.113
20.5 -6.65
20.5 -6.966
20.5 -7.1
20.5 -7.618
20.5 -6.883
20.5 -5.446
20.5 -7.407
20.5 -7.738
20.5 -6.623
20.5 -6.515
20.5 -6.937
20.5 -6.794
20.5 -8.122
20.5 -6.251
20.5 -7.435
20.5 -5.964
20.5 -6.45
20.5 -7.73
20.5 -7.002
20.5 -7.312
20.5 -7.304
20.5 -6.705
20.5 -5.918
20.5 -6.61
20.5 -6.829
20.5 -7.441
20.5 -7.206
20.5 -7.58
20.5 -7.587
20.5 -6.326
20.5 -6.902
20.5 -7.112
20.5 -6.433
20.5 -6.47
20.5 -6.127
20.5 -6.849
20.5 -7.079
20.5 -6.665
20.5 -6.291
500
9.0 -37.842
12.5 -19.978
13.0 -16.02
14.0 -11.546
14.5 -10.674
14.5 -9.512
17.0 -8.797
17.0 -8.346
17.0 -8.248
17.0 -6.681
17.0 -7.851
17.0 -7.864
17.0 -7.15
17.0 -6.82
17.0 -7.355
17.0 -6.993
18.0 -8.969
18.0 -7.609
18.0 -9.01
18.0 -7.286
18.0 -7.128
18.0 -7.67
18.0 -7.872
18.0 -6.566
18.0 -7.607
18.0 -8.527
18.0 -5.517
18.0 -7.212
19.5 -7.741
19.5 -5.686
19.5 -6.615
19.5 -7.854
19.5 -8.041
19.5 -6.779
19.5 -8.562
19.5 -8.183
19.5 -8.009
19.5 -7.613
19.5 -6.733
19.5 -6.119
19.5 -7.825
19.5 -6.747
19.5 -8.104
19.5 -7.681
19.5 -6.854
19.5 -7.022
19.5 -7.703
19.5 -7.546
19.5 -6.671
19.5 -7.045
19.5 -7.859
19.5 -7.745
19.5 -8.665
19.5 -7.706
19.5 -9.261
19.5 -6.562
19.5 -6.978
19.5 -6.602
19.5 -8.65
19.5 -7.893
19.5 -8.064
19.5 -7.109
19.5 -8.188
19.5 -7.344
19.5 -6.471
19.5 -6.722
19.5 -6.895
19.5 -7.199
19.5 -7.759
19.5 -8.715
19.5 -8.694
19.5 -7.256
19.5 -7.244
19.5 -7.125
19.5 -7.034
19.5 -8.048
19.5 -7.355
19.5 -7.032
19.5 -7.522
19.5 -8.131
19.5 -7.668
19.5 -8.476
19.5 -7.394
19.5 -7.445
19.5 -7.821
19.5 -8.144
19.5 -7.975
19.5 -7.332
19.5 -7.534
19.5 -7.102
19.5 -5.92
19.5 -5.869
19.5 -8.136
19.5 -7.416
19.5 -7.309
19.5 -7.429
19.5 -7.353
19.5 -8.771
19.5 -8.706
19.5 -7.328
19.5 -8.888
19.5 -8.11
19.5 -8.078
19.5 -9.758
19.5 -8.756
19.5 -8.624
19.5 -7.566
19.5 -7.508
19.5 -7.555
19.5 -8.025
19.5 -8.522
19.5 -7.23
19.5 -6.927
19.5 -7.558
19.5 -5.717
19.5 -7.043
19.5 -7.117
19.5 -7.377
19.5 -7.188
19.5 -6.71
19.5 -7.767
19.5 -7.375
19.5 -6.929
19.5 -7.05
19.5 -6.848
19.5 -7.642
19.5 -7.328
19.5 -6.736
19.5 -7.687
19.5 -8.791
19.5 -8.009
19.5 -7.829
19.5 -7.659
19.5 -5.984
19.5 -6.841
19.5 -7.498
19.5 -8.277
19.5 -7.215
19.5 -7.897
19.5 -9.012
19.5 -7.0
19.5 -8.118
19.5 -10.095
19.5 -7.59
19.5 -8.626
19.5 -7.72
19.5 -7.736
19.5 -7.111
19.5 -8.203
19.5 -7.103
19.5 -6.991
19.5 -7.412
19.5 -7.545
19.5 -8.322
19.5 -8.542
19.5 -6.113
19.5 -6.777
19.5 -7.64
19.5 -7.332
19.5 -7.101
19.5 -8.317
19.5 -8.965
19.5 -7.335
19.5 -6.724
19.5 -7.504
19.5 -7.153
19.5 -6.163
19.5 -7.341
19.5 -8.401
19.5 -7.661
19.5 -7.627
19.5 -8.516
19.5 -8.659
19.5 -7.23
19.5 -8.663
19.5 -6.931
19.5 -6.377
19.5 -7.399
19.5 -8.923
19.5 -7.254
19.5 -6.707
19.5 -7.157
19.5 -7.855
19.5 -8.265
19.5 -9.463
19.5 -7.403
19.5 -5.141
19.5 -6.01
19.5 -6.315
19.5 -7.49
19.5 -7.055
19.5 -7.308
19.5 -8.039
19.5 -7.426
19.5 -6.935
19.5 -8.556
19.5 -7.476
19.5 -6.429
19.5 -7.978
19.5 -9.275
19.5 -8.016
19.5 -8.083
19.5 -6.78
19.5 -6.288
19.5 -6.833
19.5 -5.681
19.5 -5.904
19.5 -6.654
19.5 -7.38
19.5 -8.168
19.5 -6.352
19.5 -6.392
19.5 -6.038
19.5 -7.919
19.5 -7.298
19.5 -7.667
19.5 -7.799
19.5 -7.714
19.5 -7.267
19.5 -7.564
19.5 -6.554
19.5 -7.959
19.5 -7.044
19.5 -7.525
19.5 -8.334
19.5 -6.606
19.5 -7.847
19.5 -6.943
19.5 -6.3
19.5 -6.779
19.5 -6.836
19.5 -8.264
19.5 -7.087
19.5 -7.167
19.5 -7.958
19.5 -7.874
19.5 -7.249
19.5 -6.689
19.5 -6.869
19.5 -7.57
19.5 -7.3
19.5 -6.559
19.5 -6.811
19.5 -7.506
19.5 -7.838
19.5 -6.836
19.5 -7.603
19.5 -7.153
19.5 -6.949
19.5 -6.574
19.5 -5.849
19.5 -7.918
19.5 -8.169
19.5 -7.301
19.5 -7.657
19.5 -8.558
19.5 -6.82
19.5 -6.243
19.5 -7.031
19.5 -8.486
19.5 -6.887
19.5 -8.216
19.5 -4.938
19.5 -7.003
19.5 -8.336
19.5 -8.19
19.5 -7.012
19.5 -8.937
19.5 -6.599
19.5 -6.917
19.5 -8.685
19.5 -9.049
19.5 -7.215
19.5 -7.466
19.5 -6.185
19.5 -6.838
19.5 -6.56
19.5 -6.771
19.5 -6.931
19.5 -7.003
19.5 -6.777
19.5 -6.642
19.5 -6.65
19.5 -6.862
19.5 -7.9
19.5 -8.396
19.5 -7.787
19.5 -6.056
19.5 -5.476
19.5 -6.57
19.5 -7.217
19.5 -6.302
19.5 -7.19
19.5 -8.339
19.5 -7.65
19.5 -7.576
19.5 -8.07
19.5 -6.884
19.5 -6.023
19.5 -5.409
19.5 -6.931
19.5 -7.608
19.5 -8.415
19.5 -8.306
19.5 -8.6
19.5 -9.155
19.5 -7.276
19.5 -7.851
19.5 -7.479
19.5 -6.755
19.5 -7.322
19.5 -7.551
19.5 -7.647
19.5 -8.607
19.5 -6.885
19.5 -5.961
19.5 -8.012
19.5 -6.827
19.5 -8.402
19.5 -9.059
19.5 -6.046
19.5 -8.781
19.5 -8.204
19.5 -7.405
19.5 -7.353
19.5 -7.516
19.5 -7.215
19.5 -7.053
19.5 -6.947
19.5 -6.531
19.5 -7.166
19.5 -7.445
19.5 -7.667
19.5 -6.591
19.5 -7.217
19.5 -8.442
19.5 -7.82
19.5 -5.713
19.5 -6.646
19.5 -6.176
19.5 -6.857
19.5 -6.956
19.5 -8.049
19.5 -7.568
19.5 -7.064
19.5 -8.434
19.5 -7.792
19.5 -7.596
19.5 -7.492
19.5 -6.738
19.5 -8.288
19.5 -7.444
19.5 -7.32
19.5 -7.514
19.5 -6.767
19.5 -6.902
19.5 -7.65
19.5 -6.44
19.5 -7.083
19.5 -6.752
19.5 -6.634
19.5 -6.28
19.5 -7.052
19.5 -7.678
19.5 -7.984
19.5 -7.298
19.5 -7.584
19.5 -6.455
19.5 -7.819
19.5 -8.212
19.5 -7.221
19.5 -7.573
19.5 -7.519
19.5 -6.34
19.5 -6.777
19.5 -7.47
19.5 -7.746
19.5 -6.079
19.5 -7.78
19.5 -7.163
19.5 -8.34
19.5 -7.271
19.5 -6.697
19.5 -6.988
19.5 -6.609
19.5 -6.679
19.5 -7.394
19.5 -7.34
19.5 -6.331
19.5 -5.799
19.5 -8.107
19.5 -7.081
19.5 -8.293
19.5 -7.214
19.5 -6.8
19.5 -7.081
19.5 -6.778
19.5 -7.608
19.5 -6.954
19.5 -7.44
19.5 -6.307
19.5 -6.085
19.5 -7.819
19.5 -6.499
19.5 -7.801
19.5 -6.874
22.5 -7.67
22.5 -6.693
22.5 -5.877
22.5 -7.856
22.5 -6.689
22.5 -7.629
22.5 -7.684
22.5 -7.012
22.5 -8.274
22.5 -8.357
22.5 -6.799
22.5 -6.91
22.5 -7.065
22.5 -7.712
22.5 -7.383
22.5 -6.299
22.5 -7.333
22.5 -7.611
22.5 -8.168
22.5 -6.931
22.5 -7.813
22.5 -7.592
22.5 -7.357
22.5 -6.828
22.5 -8.59
22.5 -6.799
22.5 -7.042
22.5 -6.985
22.5 -6.912
22.5 -8.041
22.5 -6.999
22.5 -6.478
22.5 -7.234
22.5 -6.727
22.5 -7.327
22.5 -7.07
22.5 -7.366
22.5 -7.444
22.5 -6.57
22.5 -7.907
22.5 -7.09
22.5 -7.432
22.5 -7.897
22.5 -7.695
22.5 -6.861
22.5 -8.06
22.5 -7.603
22.5 -7.593
22.5 -8.862
22.5 -6.646
22.5 -8.499
22.5 -8.302
22.5 -7.82
22.5 -7.176
22.5 -8.309
22.5 -7.486
22.5 -7.53
22.5 -6.876
22.5 -6.425
22.5 -7.482
22.5 -7.036
22.5 -8.434
22.5 -7.52
22.5 -7.826
22.5 -7.648
22.5 -7.013
22.5 -5.465
22.5 -6.244
22.5 -7.205
22.5 -7.216
22.5 -8.259
22.5 -6.762
22.5 -6.902
22.5 -6.405
22.5 -8.239
22.5 -8.048
22.5 -7.346
22.5 -7.893
22.5 -7.36
22.5 -7.224
22.5 -8.735
22.5 -8.42
22.5 -6.668
22.5 -7.261
22.5 -7.615
22.5 -9.145
22.5 -7.656
22.5 -6.206
22.5 -6.958
22.5 -6.57
22.5 -7.553
22.5 -6.524
22.5 -6.47
22.5 -7.568
500
11.5 -39.676
12.5 -18.791
13.0 -13.815
16.5 -11.926
16.5 -11.923
17.0 -9.786
17.0 -9.942
17.0 -9.998
17.0 -8.698
17.0 -9.959
17.0 -9.194
18.0 -8.782
18.0 -7.476
18.0 -7.97
18.0 -7.614
18.0 -7.768
18.0 -7.869
18.0 -7.619
18.0 -7.304
18.0 -6.799
18.0 -7.066
18.0 -7.078
18.0 -6.619
18.0 -8.834
18.0 -8.337
18.0 -6.331
18.0 -6.283
18.0 -6.61
18.0 -8.218
18.0 -6.678
18.0 -7.5
18.0 -8.364
18.0 -7.125
18.0 -7.568
18.0 -9.372
18.0 -7.495
18.0 -7.352
18.0 -7.972
18.0 -7.974
18.0 -7.019
18.0 -8.389
18.0 -6.459
18.0 -5.83
18.0 -5.951
18.0 -7.285
18.0 -7.071
18.0 -7.897
18.0 -7.647
18.0 -7.328
18.0 -7.146
18.0 -6.584
18.0 -7.779
18.0 -7.289
18.0 -7.296
18.0 -6.046
18.0 -6.273
18.0 -6.456
18.0 -6.767
18.0 -7.387
18.0 -6.057
18.0 -6.776
18.0 -6.353
18.0 -7.07
18.0 -8.187
18.0 -6.234
18.0 -7.303
18.0 -7.536
18.0 -7.222
18.0 -8.236
18.0 -6.648
18.0 -7.626
18.0 -6.385
18.0 -7.031
18.0 -6.574
18.0 -5.79
18.0 -6.802
18.0 -7.542
18.0 -7.754
18.0 -7.886
18.0 -6.186
18.0 -7.426
18.0 -6.979
18.0 -6.673
18.0 -6.878
18.0 -6.79
18.0 -5.812
18.0 -7.312
18.0 -8.334
18.0 -7.328
18.0 -6.55
18.0 -6.927
18.0 -6.692
18.0 -6.665
18.0 -6.772
18.0 -4.938
18.0 -7.414
18.0 -6.299
18.0 -6.403
18.0 -7.326
18.0 -7.072
18.0 -6.674
18.0 -7.047
18.0 -5.438
18.0 -6.264
18.0 -6.444
18.0 -7.504
18.0 -6.584
18.0 -6.651
18.0 -7.162
18.0 -7.584
18.0 -7.291
18.0 -9.051
18.0 -5.985
18.0 -6.91
18.0 -8.613
18.0 -7.436
18.0 -6.446
18.0 -7.768
18.0 -7.205
18.0 -7.106
18.0 -6.546
18.5 -6.954
18.5 -8.406
18.5 -7.993
20.5 -6.766
20.5 -8.056
20.5 -8.268
20.5 -6.081
20.5 -7.99
20.5 -6.473
20.5 -6.92
20.5 -6.905
20.5 -7.804
20.5 -7.881
20.5 -6.795
20.5 -8.414
20.5 -8.097
20.5 -6.309
20.5 -7.46
20.5 -8.721
20.5 -7.467
20.5 -7.178
20.5 -7.075
20.5 -6.775
20.5 -6.392
20.5 -7.258
20.5 -7.328
20.5 -7.192
20.5 -7.927
20.5 -7.806
20.5 -7.609
20.5 -7.856
20.5 -6.64
20.5 -6.227
20.5 -7.381
20.5 -7.376
20.5 -7.675
20.5 -7.288
20.5 -6.231
20.5 -7.182
20.5 -6.883
20.5 -7.54
20.5 -7.699
20.5 -7.563
20.5 -7.378
20.5 -7.637
20.5 -7.913
20.5 -5.198
20.5 -7.933
20.5 -6.762
20.5 -7.061
20.5 -8.453
20.5 -7.525
20.5 -6.934
20.5 -5.857
20.5 -6.53
20.5 -7.267
20.5 -6.776
20.5 -8.159
20.5 -7.186
20.5 -6.96
20.5 -7.461
20.5 -6.705
20.5 -7.931
20.5 -6.497
20.5 -7.069
20.5 -8.78
20.5 -7.78
20.5 -7.588
20.5 -6.802
20.5 -7.79
20.5 -7.26
20.5 -6.952
20.5 -6.838
20.5 -7.666
20.5 -7.021
20.5 -7.415
20.5 -7.324
20.5 -7.898
20.5 -8.749
20.5 -7.388
20.5 -7.612
20.5 -7.1
20.5 -6.916
20.5 -7.5
20.5 -7.437
20.5 -6.275
20.5 -7.365
20.5 -7.4
20.5 -7.38
20.5 -7.036
20.5 -7.664
20.5 -8.105
20.5 -6.739
20.5 -6.407
20.5 -6.946
20.5 -8.53
20.5 -8.381
20.5 -7.262
20.5 -6.772
20.5 -7.424
20.5 -7.357
20.5 -7.607
20.5 -7.877
20.5 -7.035
20.5 -6.932
20.5 -7.397
20.5 -7.832
20.5 -6.636
20.5 -7.445
20.5 -6.688
20.5 -6.482
20.5 -6.289
20.5 -6.565
20.5 -6.951
20.5 -6.163
20.5 -6.82
20.5 -7.423
20.5 -7.176
20.5 -6.066
20.5 -6.805
20.5 -7.372
20.5 -7.411
20.5 -8.526
20.5 -6.592
20.5 -7.993
20.5 -8.147
20.5 -5.518
20.5 -6.209
20.5 -7.516
20.5 -7.793
20.5 -6.721
20.5 -7.155
20.5 -7.61
20.5 -7.71
20.5 -6.418
20.5 -7.2
20.5 -7.469
20.5 -6.258
20.5 -7.152
20.5 -7.222
20.5 -8.218
20.5 -7.356
20.5 -7.026
20.5 -6.766
20.5 -7.489
20.5 -6.427
20.5 -7.084
20.5 -7.34
20.5 -6.585
20.5 -7.983
20.5 -7.973
20.5 -7.881
20.5 -6.931
20.5 -7.746
20.5 -7.275
20.5 -6.766
20.5 -7.448
20.5 -7.39
20.5 -6.111
20.5 -7.074
20.5 -7.332
20.5 -8.255
20.5 -7.038
20.5 -6.484
20.5 -7.85
20.5 -8.006
20.5 -7.057
20.5 -7.677
20.5 -7.135
20.5 -6.527
20.5 -6.918
20.5 -7.868
20.5 -6.997
20.5 -6.832
20.5 -7.028
20.5 -6.411
20.5 -6.658
20.5 -8.214
20.5 -7.427
20.5 -7.216
20.5 -7.822
20.5 -8.249
20.5 -5.565
20.5 -5.752
20.5 -6.913
20.5 -8.392
20.5 -7.02
20.5 -6.81
20.5 -7.075
20.5 -8.009
20.5 -6.748
20.5 -7.369
20.5 -7.49
20.5 -7.063
20.5 -7.502
20.5 -7.221
20.5 -7.391
20.5 -6.743
20.5 -6.736
20.5 -7.145
20.5 -6.498
20.5 -5.848
20.5 -6.409
20.5 -8.501
20.5 -7.084
20.5 -7.386
20.5 -8.504
20.5 -7.463
20.5 -7.616
20.5 -7.708
20.5 -8.066
20.5 -7.25
20.5 -7.312
20.5 -6.628
20.5 -8.037
20.5 -7.377
20.5 -6.926
20.5 -6.42
20.5 -7.68
20.5 -5.573
20.5 -6.975
20.5 -7.864
20.5 -6.352
20.5 -7.614
20.5 -6.114
20.5 -6.656
20.5 -6.704
20.5 -8.36
20.5 -6.508
20.5 -8.694
20.5 -6.942
20.5 -6.793
20.5 -6.62
20.5 -6.733
20.5 -8.627
20.5 -7.862
20.5 -7.056
20.5 -6.998
20.5 -5.486
20.5 -6.815
20.5 -7.895
20.5 -7.925
20.5 -7.313
20.5 -6.275
20.5 -6.291
20.5 -7.646
20.5 -8.082
20.5 -7.085
20.5 -6.452
20.5 -6.617
20.5 -6.552
20.5 -5.14
20.5 -6.349
20.5 -7.161
20.5 -6.753
20.5 -6.498
20.5 -6.544
20.5 -7.193
20.5 -6.895
20.5 -7.085
20.5 -7.77
20.5 -7.826
20.5 -7.158
20.5 -8.59
20.5 -6.012
20.5 -6.685
20.5 -6.753
20.5 -6.75
20.5 -6.739
20.5 -6.666
20.5 -7.653
20.5 -6.67
20.5 -6.855
20.5 -6.622
20.5 -6.896
20.5 -6.824
20.5 -5.571
20.5 -8.088
20.5 -5.902
20.5 -5.964
20.5 -6.521
20.5 -7.859
20.5 -7.792
20.5 -8.594
20.5 -7.174
20.5 -6.522
20.5 -6.487
20.5 -6.364
20.5 -6.077
20.5 -6.337
20.5 -6.664
20.5 -6.442
20.5 -6.529
20.5 -6.389
20.5 -7.104
20.5 -6.645
20.5 -7.321
20.5 -8.01
20.5 -7.564
20.5 -7.708
20.5 -8.356
20.5 -7.374
20.5 -6.821
20.5 -6.594
20.5 -6.635
20.5 -8.133
20.5 -7.638
20.5 -8.374
20.5 -7.411
20.5 -7.788
20.5 -6.885
20.5 -6.946
20.5 -6.579
20.5 -6.084
20.5 -6.468
20.5 -6.909
20.5 -6.614
20.5 -7.064
20.5 -7.477
20.5 -8.313
20.5 -7.671
20.5 -6.935
20.5 -6.028
20.5 -8.099
20.5 -6.939
20.5 -6.617
20.5 -7.38
20.5 -7.2
20.5 -7.43
20.5 -6.193
20.5 -6.59
20.5 -7.764
20.5 -6.243
20.5 -6.269
20.5 -8.16
20.5 -7.595
20.5 -6.467
20.5 -6.845
20.5 -7.078
20.5 -7.249
20.5 -6.499
20.5 -7.459
20.5 -5.597
20.5 -7.085
20.5 -7.609
20.5 -6.592
20.5 -6.819
20.5 -6.011
20.5 -5.702
20.5 -6.221
20.5 -6.195
20.5 -7.544
20.5 -6.053
20.5 -6.754
20.5 -7.466
20.5 -6.733
20.5 -8.323
20.5 -7.974
20.5 -8.34
20.5 -7.138
20.5 -6.72
20.5 -7.527
20.5 -7.618
20.5 -8.141
20.5 -6.853
20.5 -7.012
20.5 -6.42
20.5 -7.649
20.5 -7.176
20.5 -6.854
20.5 -7.145
20.5 -7.549
20.5 -7.895
20.5 -6.904
20.5 -6.457
20.5 -6.783
20.5 -8.171
20.5 -7.737
20.5 -7.719
500
10.5 -38.09
14.5 -18.919
14.5 -13.827
14.5 -11.49
14.5 -11.383
14.5 -10.214
16.0 -9.721
16.0 -8.777
16.0 -8.871
16.0 -7.433
16.0 -7.741
16.0 -7.952
16.0 -8.324
16.0 -8.124
16.5 -8.098
16.5 -7.683
16.5 -9.284
16.5 -8.759
16.5 -6.296
16.5 -7.155
16.5 -6.527
17.5 -6.342
17.5 -7.736
17.5 -9.027
17.5 -7.01
17.5 -5.774
17.5 -5.737
17.5 -8.166
18.5 -7.283
18.5 -7.857
18.5 -7.64
18.5 -6.574
18.5 -6.862
18.5 -8.271
18.5 -8.706
18.5 -6.88
18.5 -6.401
18.5 -6.521
18.5 -7.579
18.5 -7.8
18.5 -8.254
18.5 -7.498
18.5 -6.699
18.5 -7.045
18.5 -6.713
18.5 -8.166
18.5 -7.83
18.5 -6.859
18.5 -6.462
18.5 -6.394
18.5 -7.325
18.5 -8.108
18.5 -5.238
18.5 -7.114
18.5 -7.918
18.5 -8.365
18.5 -7.452
18.5 -7.971
18.5 -7.934
18.5 -7.596
18.5 -7.124
18.5 -8.492
18.5 -7.764
18.5 -6.487
18.5 -6.35
18.5 -6.83
18.5 -7.33
18.5 -7.198
18.5 -7.912
18.5 -7.073
18.5 -7.65
18.5 -7.685
18.5 -8.32
18.5 -9.025
18.5 -7.969
18.5 -8.238
18.5 -7.473
18.5 -7.044
18.5 -5.819
18.5 -6.336
18.5 -7.247
18.5 -8.599
18.5 -8.11
18.5 -8.031
18.5 -7.698
18.5 -7.426
18.5 -9.358
18.5 -8.117
18.5 -7.279
18.5 -6.78
18.5 -7.649
18.5 -8.76
18.5 -6.775
18.5 -8.155
18.5 -7.744
18.5 -7.79
18.5 -6.897
18.5 -6.562
18.5 -6.658
18.5 -8.557
18.5 -6.981
18.5 -6.883
18.5 -8.116
18.5 -7.038
18.5 -6.657
18.5 -8.037
18.5 -6.999
18.5 -6.339
18.5 -7.86
18.5 -8.172
18.5 -6.765
18.5 -6.233
18.5 -7.626
18.5 -7.102
18.5 -8.033
18.5 -6.238
18.5 -7.15
18.5 -7.906
18.5 -8.035
18.5 -8.886
18.5 -6.601
18.5 -6.927
18.5 -7.839
18.5 -6.123
18.5 -6.044
18.5 -7.925
18.5 -6.772
18.5 -7.883
18.5 -6.938
18.5 -7.634
18.5 -5.805
18.5 -6.34
18.5 -6.891
18.5 -7.182
18.5 -7.832
18.5 -7.861
18.5 -7.261
18.5 -6.342
18.5 -6.954
18.5 -8.371
18.5 -8.939
18.5 -8.17
18.5 -7.701
18.5 -6.462
18.5 -7.769
18.5 -6.94
18.5 -6.949
18.5 -7.915
18.5 -7.499
18.5 -7.504
18.5 -8.149
18.5 -7.435
18.5 -8.095
18.5 -7.692
18.5 -7.257
18.5 -5.844
18.5 -7.493
18.5 -7.079
18.5 -7.472
18.5 -7.436
18.5 -7.307
18.5 -6.682
18.5 -7.77
18.5 -6.823
18.5 -6.894
18.5 -6.499
18.5 -5.992
18.5 -7.428
18.5 -5.53
18.5 -6.905
18.5 -7.389
18.5 -6.5
18.5 -7.716
18.5 -7.082
18.5 -5.719
18.5 -7.831
18.5 -7.451
18.5 -7.685
18.5 -8.448
18.5 -8.542
18.5 -7.666
18.5 -7.601
18.5 -8.754
18.5 -7.616
18.5 -6.67
18.5 -7.219
18.5 -7.002
18.5 -6.448
18.5 -6.692
18.5 -6.561
18.5 -6.733
18.5 -6.549
18.5 -7.1
18.5 -9.207
18.5 -7.507
18.5 -6.788
18.5 -6.426
18.5 -7.543
18.5 -7.93
18.5 -6.847
18.5 -6.952
18.5 -5.99
18.5 -7.839
18.5 -8.152
18.5 -6.827
18.5 -7.355
18.5 -6.822
18.5 -8.258
18.5 -7.855
18.5 -7.181
18.5 -8.223
18.5 -7.633
18.5 -7.312
18.5 -5.781
18.5 -6.132
18.5 -7.664
18.5 -7.43
18.5 -7.513
18.5 -7.026
18.5 -7.576
18.5 -8.266
18.5 -7.927
18.5 -7.484
18.5 -7.065
18.5 -7.275
18.5 -7.757
19.5 -6.955
19.5 -7.67
19.5 -6.9
19.5 -9.522
19.5 -6.899
19.5 -7.35
19.5 -7.02
19.5 -7.317
19.5 -6.095
19.5 -6.633
19.5 -7.663
19.5 -7.233
19.5 -8.068
19.5 -5.988
19.5 -7.405
19.5 -7.966
19.5 -6.755
19.5 -7.088
19.5 -6.131
19.5 -6.111
19.5 -7.022
19.5 -7.866
19.5 -6.595
19.5 -7.193
19.5 -7.502
19.5 -6.781
19.5 -6.6
19.5 -7.853
19.5 -7.26
19.5 -7.016
19.5 -7.607
19.5 -7.504
19.5 -7.762
19.5 -8.059
19.5 -7.617
19.5 -6.207
19.5 -5.111
19.5 -6.383
19.5 -7.349
19.5 -6.749
19.5 -6.071
19.5 -5.699
19.5 -7.754
19.5 -8.017
19.5 -7.81
19.5 -7.194
19.5 -7.192
19.5 -6.984
19.5 -7.057
19.5 -6.916
19.5 -6.885
19.5 -6.361
19.5 -6.959
19.5 -7.785
19.5 -7.873
19.5 -6.978
19.5 -6.448
19.5 -6.49
19.5 -7.384
19.5 -7.504
19.5 -6.586
19.5 -5.698
19.5 -7.171
19.5 -6.961
19.5 -8.024
19.5 -7.435
19.5 -6.927
19.5 -6.672
19.5 -7.423
19.5 -7.054
19.5 -5.236
19.5 -6.295
19.5 -6.139
19.5 -7.961
19.5 -6.143
19.5 -5.656
19.5 -7.043
19.5 -7.158
19.5 -7.405
19.5 -7.476
19.5 -5.9
19.5 -8.038
19.5 -6.485
19.5 -8.452
19.5 -7.798
19.5 -6.454
19.5 -6.278
19.5 -6.787
19.5 -7.266
19.5 -7.508
19.5 -6.282
19.5 -6.957
19.5 -7.834
19.5 -6.676
19.5 -7.223
19.5 -6.589
19.5 -6.459
19.5 -6.468
19.5 -6.415
19.5 -6.588
19.5 -7.173
19.5 -6.854
19.5 -7.469
19.5 -6.515
19.5 -7.444
19.5 -6.325
19.5 -8.461
19.5 -7.101
19.5 -9.0
19.5 -7.665
19.5 -7.191
19.5 -6.711
19.5 -7.235
19.5 -7.197
19.5 -7.467
19.5 -7.749
19.5 -7.78
19.5 -7.773
19.5 -6.7
19.5 -7.9
19.5 -8.164
19.5 -7.435
19.5 -7.076
19.5 -6.066
19.5 -4.93
19.5 -7.676
19.5 -8.386
19.5 -7.121
19.5 -7.773
19.5 -6.422
19.5 -7.161
19.5 -7.583
19.5 -7.227
19.5 -6.419
19.5 -6.922
19.5 -6.578
19.5 -7.418
19.5 -7.866
19.5 -8.193
19.5 -7.062
19.5 -5.887
19.5 -7.046
19.5 -6.57
19.5 -7.306
19.5 -6.89
19.5 -7.376
19.5 -7.856
19.5 -7.014
19.5 -7.102
19.5 -7.619
19.5 -6.869
19.5 -7.18
19.5 -8.331
19.5 -7.767
19.5 -6.751
19.5 -8.13
19.5 -7.631
19.5 -6.962
19.5 -7.177
19.5 -6.911
19.5 -6.874
19.5 -8.272
19.5 -7.936
19.5 -6.111
19.5 -6.767
19.5 -6.612
19.5 -8.364
19.5 -7.688
19.5 -7.489
19.5 -7.848
19.5 -6.808
19.5 -7.247
19.5 -6.079
19.5 -6.904
19.5 -6.93
19.5 -6.493
19.5 -7.25
19.5 -7.547
19.5 -6.258
19.5 -6.526
19.5 -8.071
19.5 -6.846
19.5 -6.971
19.5 -5.379
19.5 -8.028
19.5 -7.707
19.5 -6.69
19.5 -6.795
19.5 -6.838
19.5 -6.793
19.5 -6.822
19.5 -6.778
19.5 -6.383
19.5 -5.455
19.5 -7.236
19.5 -8.476
19.5 -6.666
19.5 -7.131
19.5 -7.394
19.5 -6.897
19.5 -7.942
19.5 -7.178
19.5 -7.069
19.5 -6.913
19.5 -7.84
19.5 -7.324
19.5 -6.862
19.5 -6.376
19.5 -7.05
19.5 -8.01
19.5 -6.805
19.5 -6.005
19.5 -6.484
19.5 -7.307
19.5 -6.115
19.5 -7.233
19.5 -6.529
19.5 -6.393
19.5 -6.443
19.5 -6.599
19.5 -6.422
19.5 -6.302
19.5 -6.836
19.5 -7.601
19.5 -6.213
19.5 -6.122
19.5 -6.051
19.5 -6.368
19.5 -8.078
19.5 -6.571
19.5 -6.362
19.5 -7.337
19.5 -7.015
19.5 -6.447
19.5 -7.83
19.5 -5.925
19.5 -7.114
19.5 -7.63
19.5 -5.738
19.5 -7.258
19.5 -6.689
19.5 -6.862
19.5 -6.973
19.5 -6.746
19.5 -6.029
19.5 -5.912
19.5 -7.467
19.5 -6.982
19.5 -7.732
19.5 -7.189
19.5 -7.052
19.5 -8.073
19.5 -7.386
19.5 -7.718
19.5 -6.823
19.5 -6.772
19.5 -7.043
19.5 -6.603
19.5 -6.053
19.5 -8.254
19.5 -7.234
19.5 -8.269
19.5 -8.443
19.5 -5.528
19.5 -6.573
19.5 -5.447
19.5 -5.505
19.5 -5.132
19.5 -6.673
19.5 -7.584
19.5 -7.892
19.5 -6.841
19.5 -5.657
19.5 -5.764
500
13.0 -38.426
13.0 -19.032
15.5 -13.98
15.5 -11.399
15.5 -9.998
16.5 -9.6
16.5 -8.356
16.5 -8.346
16.5 -8.776
16.5 -8.665
16.5 -7.651
19.0 -7.903
19.0 -7.948
19.0 -8.137
19.0 -7.567
19.0 -7.98
19.0 -7.206
19.0 -7.881
19.0 -7.364
19.0 -6.853
19.0 -7.778
19.0 -7.457
19.0 -7.661
19.0 -8.302
19.0 -7.595
19.0 -8.217
19.0 -7.538
19.0 -8.12
19.0 -6.137
19.0 -6.974
19.0 -6.255
19.0 -7.619
19.0 -8.041
19.0 -7.843
19.0 -8.545
19.0 -7.2
19.0 -6.898
19.0 -6.537
19.0 -7.595
19.0 -7.098
19.0 -7.762
19.0 -7.189
19.0 -8.236
19.0 -7.683
19.0 -6.448
19.0 -6.466
19.0 -8.779
19.0 -8.206
19.0 -8.44
19.0 -7.829
19.0 -7.078
19.0 -7.041
19.0 -6.948
19.0 -7.0
19.0 -7.3
19.0 -7.206
19.0 -8.148
19.0 -8.122
19.0 -7.096
19.0 -7.675
19.0 -7.135
19.0 -6.684
19.0 -7.01
19.0 -6.634
19.0 -7.681
19.0 -5.996
19.0 -6.802
19.0 -5.989
19.0 -5.489
19.0 -7.11
19.0 -7.291
19.0 -7.199
19.0 -7.264
19.0 -6.536
19.0 -7.659
19.0 -7.598
19.0 -5.857
19.0 -7.43
19.0 -6.685
19.0 -7.045
19.0 -5.841
19.0 -5.574
19.0 -6.624
19.0 -7.552
19.0 -6.285
19.0 -7.487
19.0 -8.027
19.0 -7.048
20.5 -6.691
20.5 -6.599
20.5 -6.902
20.5 -6.484
20.5 -6.756
20.5 -6.255
20.5 -6.761
20.5 -7.487
20.5 -6.217
20.5 -7.166
20.5 -5.589
20.5 -7.962
20.5 -7.603
20.5 -7.809
20.5 -7.401
20.5 -7.825
20.5 -6.169
20.5 -6.761
20.5 -6.966
20.5 -7.258
20.5 -5.941
20.5 -6.247
20.5 -6.827
20.5 -6.234
20.5 -6.589
20.5 -7.494
20.5 -7.611
20.5 -7.27
20.5 -7.164
20.5 -7.676
20.5 -6.947
20.5 -7.504
20.5 -7.827
20.5 -6.353
20.5 -6.717
20.5 -7.221
20.5 -6.266
20.5 -6.458
20.5 -6.667
20.5 -6.757
20.5 -6.544
20.5 -6.147
20.5 -5.73
20.5 -7.132
20.5 -7.475
20.5 -6.26
20.5 -7.341
20.5 -6.128
20.5 -7.523
20.5 -8.987
20.5 -7.21
20.5 -5.996
20.5 -7.702
20.5 -6.898
20.5 -7.484
20.5 -6.741
20.5 -7.71
20.5 -7.373
20.5 -5.521
20.5 -6.42
20.5 -6.556
20.5 -6.793
20.5 -6.483
20.5 -7.857
20.5 -7.282
20.5 -7.427
20.5 -6.166
20.5 -7.291
20.5 -8.525
20.5 -7.263
20.5 -7.354
20.5 -7.545
20.5 -7.008
20.5 -7.656
20.5 -5.777
20.5 -6.978
20.5 -5.494
20.5 -6.773
20.5 -6.561
20.5 -5.842
20.5 -7.098
20.5 -6.478
20.5 -7.479
20.5 -6.613
20.5 -6.77
20.5 -6.595
20.5 -7.505
20.5 -6.611
20.5 -7.38
20.5 -7.178
20.5 -7.361
20.5 -7.676
20.5 -8.944
20.5 -7.074
20.5 -6.994
20.5 -7.566
20.5 -6.876
20.5 -7.275
20.5 -7.157
20.5 -8.272
20.5 -6.79
20.5 -6.798
20.5 -7.338
20.5 -6.484
20.5 -5.74
20.5 -5.558
20.5 -6.959
20.5 -7.193
20.5 -7.2
20.5 -7.221
20.5 -6.36
20.5 -6.924
20.5 -6.654
20.5 -6.956
20.5 -8.56
20.5 -7.036
20.5 -8.149
20.5 -6.604
20.5 -5.187
20.5 -6.856
20.5 -6.18
20.5 -6.032
20.5 -7.3
20.5 -6.271
20.5 -7.137
20.5 -6.859
20.5 -6.4
20.5 -6.708
20.5 -7.17
20.5 -6.627
20.5 -7.587
20.5 -7.253
20.5 -7.119
20.5 -8.377
20.5 -6.201
20.5 -6.245
20.5 -7.213
20.5 -7.456
20.5 -7.632
20.5 -7.541
20.5 -7.073
20.5 -5.689
20.5 -5.926
20.5 -7.459
20.5 -7.314
20.5 -7.207
20.5 -6.721
20.5 -6.135
20.5 -8.002
20.5 -6.064
20.5 -7.387
20.5 -6.05
20.5 -5.757
20.5 -7.062
20.5 -7.071
20.5 -7.538
20.5 -7.532
20.5 -7.691
20.5 -7.844
20.5 -6.951
20.5 -6.924
20.5 -7.951
20.5 -6.776
20.5 -7.475
20.5 -6.455
20.5 -5.388
20.5 -6.231
20.5 -7.582
20.5 -7.07
20.5 -7.383
20.5 -5.597
20.5 -5.162
20.5 -7.679
20.5 -7.284
20.5 -7.227
20.5 -7.685
20.5 -7.451
20.5 -5.872
20.5 -6.734
20.5 -8.228
20.5 -7.395
20.5 -6.277
20.5 -6.935
20.5 -7.184
20.5 -6.783
20.5 -5.573
20.5 -6.455
20.5 -5.895
20.5 -6.346
20.5 -7.167
20.5 -7.27
20.5 -6.922
20.5 -6.767
20.5 -7.929
20.5 -7.016
20.5 -6.022
20.5 -6.461
20.5 -7.061
20.5 -6.405
20.5 -7.824
20.5 -6.547
20.5 -8.134
20.5 -7.329
20.5 -7.786
20.5 -8.273
20.5 -7.173
20.5 -7.307
20.5 -7.405
20.5 -6.746
20.5 -7.226
20.5 -7.94
20.5 -7.158
20.5 -6.422
20.5 -7.896
20.5 -6.738
20.5 -6.004
20.5 -7.23
20.5 -7.437
20.5 -6.188
20.5 -6.242
20.5 -5.384
20.5 -7.281
20.5 -6.65
20.5 -6.103
20.5 -7.5
20.5 -7.652
20.5 -8.703
20.5 -7.803
20.5 -6.221
20.5 -5.252
20.5 -7.375
20.5 -6.598
20.5 -6.562
20.5 -6.144
20.5 -6.424
20.5 -8.076
20.5 -6.762
20.5 -5.63
20.5 -6.323
20.5 -5.301
20.5 -6.861
20.5 -6.508
20.5 -8.216
20.5 -6.824
20.5 -7.296
20.5 -7.651
20.5 -7.503
20.5 -8.542
20.5 -7.027
20.5 -6.615
20.5 -6.601
20.5 -5.721
20.5 -6.694
20.5 -6.651
20.5 -7.381
20.5 -8.131
20.5 -7.61
20.5 -7.707
20.5 -7.022
20.5 -6.526
20.5 -5.616
20.5 -7.275
20.5 -7.046
20.5 -7.529
20.5 -6.598
20.5 -7.207
20.5 -6.059
20.5 -7.014
20.5 -6.946
20.5 -7.661
20.5 -7.072
20.5 -7.044
20.5 -7.939
20.5 -6.776
20.5 -6.761
20.5 -6.34
20.5 -5.623
20.5 -6.478
20.5 -6.303
20.5 -6.391
20.5 -7.216
20.5 -5.57
20.5 -5.124
20.5 -6.208
20.5 -7.711
20.5 -6.69
20.5 -7.582
20.5 -6.454
20.5 -6.55
20.5 -7.649
20.5 -6.764
20.5 -7.776
20.5 -7.555
20.5 -7.165
20.5 -5.267
20.5 -6.856
20.5 -7.786
20.5 -7.523
20.5 -7.498
20.5 -7.616
20.5 -6.551
20.5 -7.649
20.5 -8.684
20.5 -7.133
20.5 -6.802
20.5 -7.28
20.5 -6.877
20.5 -6.342
20.5 -6.525
20.5 -7.036
20.5 -7.003
20.5 -7.404
20.5 -7.528
20.5 -6.606
20.5 -7.403
20.5 -8.654
20.5 -5.996
20.5 -6.678
20.5 -6.559
20.5 -8.049
20.5 -6.487
20.5 -5.241
20.5 -6.396
20.5 -6.586
20.5 -7.9
20.5 -7.448
20.5 -7.325
20.5 -7.198
20.5 -8.307
20.5 -6.271
20.5 -5.607
20.5 -7.289
20.5 -6.716
20.5 -7.164
20.5 -8.524
20.5 -7.305
20.5 -8.453
20.5 -6.571
20.5 -7.223
20.5 -8.843
20.5 -7.78
20.5 -6.994
20.5 -6.572
20.5 -7.514
20.5 -6.975
20.5 -6.091
20.5 -7.644
20.5 -6.372
20.5 -7.176
20.5 -7.601
20.5 -7.407
20.5 -5.722
20.5 -7.809
20.5 -8.047
20.5 -5.499
20.5 -7.39
20.5 -7.469
20.5 -7.791
20.5 -7.567
20.5 -7.674
20.5 -7.078
20.5 -6.387
20.5 -7.233
20.5 -7.11
20.5 -6.343
20.5 -7.174
20.5 -7.218
20.5 -7.525
20.5 -6.133
20.5 -7.329
20.5 -6.802
20.5 -6.71
20.5 -7.31
20.5 -6.687
20.5 -8.155
20.5 -7.549
20.5 -7.989
20.5 -5.641
20.5 -6.905
20.5 -5.137
20.5 -6.662
20.5 -8.775
20.5 -8.592
20.5 -5.639
20.5 -6.559
20.5 -6.68
20.5 -7.684
20.5 -7.641
20.5 -8.353
20.5 -6.96
20.5 -7.536
20.5 -7.808
20.5 -6.8
20.5 -7.735
20.5 -6.312
20.5 -6.387
20.5 -7.522
20.5 -7.835
20.5 -7.539
20.5 -6.5
20.5 -7.075
20.5 -7.065
20.5 -7.991
20.5 -7.212
20.5 -7.35
20.5 -6.591
20.5 -6.758
20.5 -6.53
20.5 -7.636
20.5 -7.268
20.5 -6.733
20.5 -5.845
500
13.5 -37.369
16.5 -19.091
16.5 -14.471
17.5 -11.534
17.5 -11.639
17.5 -8.799
17.5 -8.503
17.5 -8.345
17.5 -7.89
17.5 -7.966
17.5 -7.911
17.5 -7.863
17.5 -8.388
17.5 -6.962
17.5 -6.506
17.5 -7.657
17.5 -8.079
17.5 -7.067
17.5 -7.617
17.5 -7.272
17.5 -7.567
17.5 -7.841
17.5 -8.235
17.5 -6.903
17.5 -7.31
17.5 -6.319
17.5 -8.015
17.5 -7.592
17.5 -7.823
17.5 -7.031
17.5 -5.97
17.5 -6.051
17.5 -7.544
17.5 -8.103
17.5 -7.853
17.5 -7.281
17.5 -5.72
17.5 -6.644
17.5 -7.566
17.5 -7.247
17.5 -7.982
17.5 -6.533
17.5 -6.618
18.0 -6.102
18.0 -6.884
18.0 -7.903
18.0 -6.757
18.0 -6.705
18.0 -7.391
18.0 -6.432
18.0 -6.938
18.0 -6.894
18.0 -7.404
18.0 -7.062
18.0 -6.769
18.0 -5.824
18.0 -6.929
18.0 -7.913
18.0 -7.866
18.0 -7.356
18.0 -6.475
18.0 -8.295
18.0 -7.573
18.0 -7.337
18.0 -7.025
18.0 -7.506
18.0 -8.175
18.0 -7.084
18.0 -6.518
18.0 -6.517
18.0 -7.127
18.0 -7.864
18.0 -7.597
18.0 -7.61
18.0 -6.79
18.0 -8.992
18.0 -6.389
18.0 -5.495
18.0 -7.306
18.0 -6.58
18.0 -6.868
18.0 -7.85
18.0 -6.693
18.0 -7.634
18.0 -6.507
18.0 -7.181
18.0 -7.022
18.0 -6.912
18.0 -7.58
18.0 -7.178
18.0 -7.462
18.0 -6.833
18.0 -6.572
18.0 -7.408
18.0 -6.994
18.0 -6.955
18.0 -6.819
18.0 -7.108
18.0 -6.537
19.0 -6.893
19.0 -7.123
19.0 -6.365
19.0 -6.998
19.0 -7.07
19.0 -6.956
19.0 -6.391
19.0 -6.713
19.0 -8.282
19.0 -8.62
19.0 -8.567
19.0 -7.716
19.0 -6.323
19.0 -7.368
19.0 -6.426
19.0 -6.564
19.0 -8.685
19.0 -7.305
19.0 -7.457
19.0 -8.537
19.0 -7.982
19.0 -6.872
19.0 -7.539
19.0 -7.362
19.0 -6.046
19.0 -6.672
19.0 -6.479
19.0 -6.367
19.0 -6.957
19.0 -8.338
19.0 -7.171
19.0 -6.146
19.0 -6.904
19.0 -7.326
19.0 -7.339
19.0 -6.523
19.0 -6.616
19.0 -6.874
19.0 -7.308
19.0 -6.78
19.0 -6.685
19.0 -7.032
19.0 -7.813
19.0 -6.177
19.0 -7.879
19.0 -7.75
19.0 -7.753
19.0 -8.568
19.0 -6.709
19.0 -7.554
19.0 -7.966
19.0 -7.704
19.0 -5.75
19.0 -6.546
19.0 -6.745
19.0 -6.372
19.0 -6.674
19.0 -7.841
19.0 -6.643
19.0 -7.563
19.0 -7.742
19.0 -8.362
19.0 -9.256
19.0 -7.068
19.0 -6.761
19.0 -8.186
19.0 -7.391
19.0 -7.2
19.0 -7.289
19.0 -7.907
19.0 -6.207
19.0 -6.945
19.0 -5.794
19.0 -6.667
19.0 -6.775
19.0 -6.605
19.0 -7.797
19.0 -6.704
19.0 -7.224
19.0 -7.008
19.0 -9.494
19.0 -9.047
19.0 -8.962
19.0 -7.829
19.0 -6.891
19.0 -7.433
19.0 -8.492
19.0 -7.196
19.0 -7.026
19.0 -7.61
19.0 -8.249
19.0 -8.831
19.0 -6.859
19.0 -8.47
19.0 -7.449
19.0 -7.725
19.0 -7.366
19.0 -6.1
19.0 -7.115
19.0 -6.818
19.0 -6.29
19.0 -6.239
19.0 -7.299
19.0 -7.319
19.0 -6.903
19.0 -6.439
19.0 -7.71
19.0 -7.581
19.0 -6.488
19.0 -7.789
19.0 -6.701
19.0 -7.129
19.0 -7.728
19.0 -6.671
19.0 -5.643
19.0 -6.65
19.0 -7.0
19.0 -7.254
19.0 -8.28
19.0 -7.257
20.5 -8.513
20.5 -8.123
20.5 -6.454
20.5 -6.814
20.5 -7.462
20.5 -6.17
20.5 -6.191
20.5 -7.41
20.5 -7.139
20.5 -7.447
20.5 -6.767
20.5 -7.274
20.5 -7.899
20.5 -7.898
20.5 -6.139
20.5 -8.104
20.5 -6.816
20.5 -5.651
20.5 -7.599
20.5 -9.022
20.5 -6.119
20.5 -7.426
20.5 -7.567
20.5 -7.56
20.5 -7.049
20.5 -7.532
20.5 -6.778
20.5 -7.212
20.5 -6.267
20.5 -6.701
20.5 -7.441
20.5 -7.394
20.5 -7.766
20.5 -7.397
20.5 -7.522
20.5 -6.764
20.5 -6.681
20.5 -6.618
20.5 -6.353
20.5 -7.229
20.5 -8.174
20.5 -6.522
20.5 -6.403
20.5 -8.748
20.5 -6.189
20.5 -7.98
20.5 -7.748
20.5 -7.769
20.5 -6.13
20.5 -6.972
20.5 -7.393
20.5 -7.699
20.5 -7.772
20.5 -6.881
20.5 -8.108
20.5 -6.993
20.5 -7.456
20.5 -6.649
20.5 -6.756
20.5 -5.8
20.5 -6.872
20.5 -6.788
20.5 -7.138
20.5 -6.135
20.5 -5.901
20.5 -7.766
20.5 -8.808
20.5 -7.446
20.5 -6.391
20.5 -6.697
20.5 -6.531
20.5 -5.869
20.5 -5.872
20.5 -7.338
20.5 -6.819
20.5 -7.444
20.5 -7.851
20.5 -7.289
20.5 -5.475
20.5 -5.245
20.5 -6.584
20.5 -6.482
20.5 -8.413
20.5 -6.487
20.5 -6.625
20.5 -6.608
20.5 -6.506
20.5 -5.837
20.5 -5.488
20.5 -7.59
20.5 -6.78
20.5 -7.561
20.5 -6.84
20.5 -8.813
20.5 -6.324
20.5 -6.687
20.5 -6.976
20.5 -6.92
20.5 -7.407
20.5 -6.024
20.5 -7.535
20.5 -8.208
20.5 -7.276
20.5 -8.406
20.5 -8.08
20.5 -7.064
20.5 -8.569
20.5 -9.056
20.5 -7.731
20.5 -6.942
20.5 -7.042
20.5 -7.015
20.5 -7.862
20.5 -6.05
20.5 -8.625
20.5 -7.791
20.5 -6.815
20.5 -6.801
20.5 -6.467
20.5 -8.192
20.5 -7.624
20.5 -7.063
20.5 -8.221
20.5 -8.34
20.5 -6.893
20.5 -7.423
20.5 -6.496
20.5 -7.394
20.5 -6.025
20.5 -6.573
20.5 -6.813
20.5 -6.721
20.5 -7.022
20.5 -8.128
20.5 -6.434
20.5 -7.348
20.5 -7.123
20.5 -7.464
20.5 -7.262
20.5 -7.562
20.5 -6.489
20.5 -6.86
20.5 -6.922
20.5 -6.301
20.5 -5.605
20.5 -6.849
20.5 -7.595
20.5 -8.308
20.5 -7.368
20.5 -7.207
20.5 -6.908
20.5 -7.379
20.5 -7.81
20.5 -6.49
20.5 -7.016
20.5 -7.522
20.5 -6.684
20.5 -8.042
20.5 -7.846
20.5 -8.566
20.5 -7.822
20.5 -6.84
20.5 -7.174
20.5 -8.038
20.5 -7.491
20.5 -5.953
20.5 -6.369
20.5 -6.83
20.5 -8.093
20.5 -8.078
20.5 -7.03
20.5 -7.876
20.5 -7.096
20.5 -7.074
20.5 -7.093
20.5 -7.533
20.5 -6.902
20.5 -7.243
20.5 -6.214
20.5 -5.344
20.5 -6.376
20.5 -7.514
20.5 -8.567
20.5 -6.781
20.5 -6.083
20.5 -8.028
20.5 -6.785
20.5 -6.639
20.5 -6.067
20.5 -6.275
20.5 -6.809
20.5 -5.835
20.5 -6.32
20.5 -6.674
20.5 -6.591
20.5 -6.919
20.5 -8.049
20.5 -7.246
20.5 -6.93
20.5 -5.717
20.5 -6.634
20.5 -6.924
20.5 -6.782
20.5 -8.013
20.5 -6.606
20.5 -7.224
20.5 -6.362
20.5 -6.534
20.5 -6.283
20.5 -5.949
20.5 -7.046
20.5 -7.596
20.5 -7.115
20.5 -7.788
20.5 -7.299
20.5 -8.244
20.5 -6.975
20.5 -8.041
20.5 -7.124
20.5 -6.77
20.5 -6.451
20.5 -5.698
20.5 -7.1
20.5 -6.934
20.5 -6.021
20.5 -6.797
20.5 -7.227
20.5 -7.85
20.5 -6.942
20.5 -6.381
20.5 -6.939
20.5 -6.745
20.5 -7.734
20.5 -7.562
20.5 -7.88
20.5 -7.836
20.5 -7.627
20.5 -7.729
20.5 -5.466
20.5 -7.9
20.5 -6.81
20.5 -6.34
20.5 -6.033
20.5 -6.302
20.5 -5.854
20.5 -6.402
20.5 -7.018
20.5 -6.988
20.5 -7.185
20.5 -7.26
20.5 -7.702
20.5 -7.338
20.5 -7.151
20.5 -6.052
20.5 -8.385
20.5 -7.693
20.5 -7.868
20.5 -6.856
20.5 -7.902
20.5 -8.226
20.5 -8.667
20.5 -7.278
20.5 -7.684
20.5 -7.457
20.5 -6.866
20.5 -6.343
20.5 -5.373
20.5 -6.196
20.5 -6.564
20.5 -7.671
20.5 -6.553
20.5 -7.16
20.5 -6.893
20.5 -7.144
20.5 -6.445
20.5 -6.227
20.5 -6.616
20.5 -7.894
20.5 -7.68
20.5 -7.803
20.5 -6.424
500
11.5 -36.839
13.5 -18.046
14.0 -14.717
15.0 -11.477
17.0 -9.113
17.0 -8.47
17.0 -7.957
17.0 -7.306
17.0 -8.165
17.0 -7.492
17.0 -7.653
17.0 -7.091
17.0 -7.225
17.0 -7.572
17.0 -7.375
17.0 -7.713
17.0 -8.1
17.0 -8.583
17.0 -8.458
17.0 -7.052
17.0 -8.534
17.0 -7.39
17.0 -6.995
17.0 -7.346
17.0 -8.261
17.0 -7.222
17.0 -7.416
17.0 -6.809
17.0 -7.664
17.0 -7.247
17.0 -9.008
17.0 -9.273
17.0 -7.737
17.0 -7.826
17.0 -8.186
17.0 -8.082
17.0 -7.085
17.0 -6.93
17.0 -7.164
17.0 -6.832
17.0 -8.299
19.5 -8.088
19.5 -6.373
19.5 -7.736
19.5 -7.23
19.5 -7.568
19.5 -5.879
19.5 -6.91
19.5 -7.961
19.5 -7.358
19.5 -7.49
19.5 -7.899
19.5 -7.957
19.5 -8.864
19.5 -8.524
19.5 -8.367
19.5 -7.586
19.5 -6.47
19.5 -8.524
19.5 -7.377
19.5 -7.351
19.5 -6.913
19.5 -6.942
19.5 -7.742
19.5 -7.506
19.5 -6.928
19.5 -7.284
19.5 -7.978
19.5 -7.392
19.5 -6.981
19.5 -7.357
19.5 -5.253
19.5 -7.425
19.5 -7.451
19.5 -7.018
19.5 -6.609
19.5 -7.386
19.5 -6.56
19.5 -6.211
19.5 -7.06
19.5 -6.154
19.5 -5.706
19.5 -5.781
19.5 -6.967
19.5 -7.94
19.5 -6.818
19.5 -5.126
19.5 -6.864
19.5 -7.31
19.5 -8.205
19.5 -7.958
19.5 -6.093
19.5 -6.632
19.5 -6.542
19.5 -7.825
19.5 -7.376
19.5 -8.056
19.5 -6.6
19.5 -7.432
19.5 -6.976
19.5 -6.504
19.5 -7.078
19.5 -6.863
19.5 -6.31
19.5 -8.23
19.5 -6.685
19.5 -5.25
19.5 -5.661
19.5 -7.32
19.5 -6.078
19.5 -6.265
19.5 -7.853
19.5 -8.162
19.5 -7.537
19.5 -7.868
19.5 -7.03
19.5 -7.751
19.5 -6.637
19.5 -5.476
19.5 -6.227
19.5 -8.318
19.5 -7.886
19.5 -5.6
19.5 -6.864
19.5 -6.295
19.5 -6.339
19.5 -6.257
19.5 -6.914
19.5 -6.531
19.5 -8.038
19.5 -7.81
19.5 -7.017
19.5 -6.523
19.5 -6.965
19.5 -7.505
19.5 -8.266
19.5 -6.812
19.5 -6.756
19.5 -6.655
19.5 -7.357
19.5 -6.918
19.5 -6.283
19.5 -6.512
19.5 -6.632
19.5 -6.199
19.5 -6.036
19.5 -6.941
19.5 -7.201
19.5 -8.145
19.5 -6.213
19.5 -7.288
19.5 -7.279
19.5 -8.196
19.5 -8.117
19.5 -6.834
19.5 -7.406
19.5 -6.538
19.5 -6.642
19.5 -6.648
19.5 -7.061
19.5 -6.505
19.5 -8.242
19.5 -6.619
19.5 -7.58
19.5 -6.837
19.5 -8.931
19.5 -7.748
19.5 -6.46
19.5 -6.948
19.5 -7.93
19.5 -6.735
19.5 -6.192
19.5 -5.914
19.5 -6.06
19.5 -6.769
19.5 -8.385
19.5 -6.363
19.5 -7.427
19.5 -7.598
19.5 -7.375
19.5 -7.551
19.5 -7.352
19.5 -6.773
19.5 -7.295
19.5 -5.92
19.5 -7.306
19.5 -6.884
19.5 -7.492
19.5 -7.692
19.5 -7.528
19.5 -7.734
19.5 -6.951
19.5 -6.714
19.5 -6.85
19.5 -7.368
19.5 -7.37
19.5 -8.791
19.5 -8.919
19.5 -7.517
19.5 -6.585
19.5 -6.873
19.5 -7.309
19.5 -8.72
19.5 -6.362
19.5 -6.893
19.5 -7.594
19.5 -6.202
19.5 -6.21
19.5 -6.164
19.5 -6.008
19.5 -6.795
19.5 -6.627
19.5 -7.541
19.5 -8.79
19.5 -8.474
19.5 -7.352
19.5 -7.864
19.5 -5.864
19.5 -6.553
19.5 -8.969
19.5 -7.904
19.5 -7.003
19.5 -7.563
19.5 -7.027
19.5 -7.726
19.5 -6.468
19.5 -6.304
19.5 -6.434
19.5 -6.589
19.5 -8.769
19.5 -6.925
19.5 -5.922
19.5 -6.806
19.5 -7.221
19.5 -6.353
19.5 -7.286
19.5 -7.669
19.5 -7.266
19.5 -6.571
19.5 -7.883
19.5 -6.664
19.5 -7.312
19.5 -7.196
19.5 -8.174
19.5 -6.467
19.5 -6.497
19.5 -6.569
19.5 -8.473
19.5 -5.547
19.5 -6.157
19.5 -6.529
19.5 -7.822
19.5 -7.736
19.5 -7.904
19.5 -7.303
19.5 -6.669
19.5 -7.276
19.5 -7.473
19.5 -7.016
19.5 -6.533
19.5 -8.117
19.5 -7.23
19.5 -6.839
19.5 -6.64
19.5 -7.756
19.5 -6.735
19.5 -7.848
19.5 -6.123
19.5 -6.131
19.5 -6.696
19.5 -8.032
19.5 -6.254
19.5 -7.373
19.5 -5.702
19.5 -6.259
19.5 -7.523
19.5 -7.411
19.5 -6.41
19.5 -7.874
19.5 -7.681
19.5 -6.641
19.5 -7.059
19.5 -6.809
19.5 -7.384
19.5 -6.258
19.5 -6.77
19.5 -7.022
19.5 -7.184
19.5 -5.808
19.5 -6.851
19.5 -7.51
19.5 -6.986
19.5 -5.911
19.5 -6.82
19.5 -6.389
19.5 -7.429
19.5 -7.116
19.5 -6.316
19.5 -6.305
19.5 -6.488
19.5 -5.984
19.5 -7.422
19.5 -8.661
19.5 -7.092
19.5 -5.644
19.5 -5.635
19.5 -6.501
19.5 -6.143
19.5 -7.414
19.5 -6.934
19.5 -7.061
19.5 -6.507
19.5 -7.187
19.5 -5.458
19.5 -5.46
19.5 -6.448
19.5 -7.51
19.5 -6.732
19.5 -6.301
19.5 -7.252
19.5 -6.936
19.5 -7.292
19.5 -7.751
19.5 -4.831
19.5 -6.022
19.5 -8.084
19.5 -7.413
19.5 -6.893
19.5 -7.465
19.5 -7.427
19.5 -7.441
19.5 -6.917
19.5 -5.62
19.5 -6.567
19.5 -5.926
19.5 -7.036
19.5 -6.909
19.5 -5.846
19.5 -5.362
19.5 -7.23
19.5 -8.308
19.5 -9.061
19.5 -5.979
19.5 -8.246
19.5 -7.782
19.5 -7.989
19.5 -7.293
19.5 -6.196
19.5 -5.819
19.5 -6.185
19.5 -7.519
19.5 -6.8
19.5 -7.958
20.0 -7.085
20.0 -8.578
20.0 -7.611
20.0 -7.475
20.0 -6.281
20.0 -7.942
20.0 -6.842
20.0 -5.872
20.0 -7.078
20.0 -6.594
20.0 -5.861
20.0 -6.526
20.0 -6.984
20.0 -7.735
20.0 -6.423
20.0 -6.051
20.0 -7.108
20.0 -7.576
20.0 -6.869
20.0 -8.578
20.0 -7.198
20.0 -6.061
20.0 -7.069
20.0 -7.802
20.0 -7.949
20.0 -9.505
20.0 -8.037
20.0 -8.013
20.0 -6.544
20.0 -7.083
20.0 -6.849
20.0 -7.204
20.0 -7.157
20.0 -7.402
20.0 -8.022
20.0 -7.166
20.0 -6.021
20.0 -6.344
20.0 -6.924
20.0 -6.845
20.0 -6.064
20.0 -6.177
20.0 -7.436
20.0 -8.325
20.0 -8.441
20.0 -6.058
20.0 -6.616
20.0 -7.15
20.0 -6.322
20.0 -7.277
20.0 -6.364
20.0 -6.956
20.0 -6.596
20.0 -5.568
20.0 -7.906
20.0 -7.193
20.0 -7.292
20.0 -7.062
20.0 -6.952
20.0 -7.189
20.0 -8.588
20.0 -6.591
20.0 -7.431
20.0 -5.977
20.0 -7.488
20.0 -7.146
20.0 -7.058
20.0 -6.374
20.0 -6.639
20.0 -8.187
20.0 -8.207
20.0 -7.765
20.0 -8.889
20.0 -7.354
20.0 -7.023
20.0 -8.311
20.0 -7.067
20.0 -7.408
20.0 -7.559
20.0 -7.026
20.0 -8.852
20.0 -7.929
20.0 -6.792
20.0 -6.726
20.0 -8.183
20.0 -7.16
20.0 -7.684
20.0 -6.426
20.0 -6.034
20.0 -5.868
20.0 -6.683
20.0 -8.227
20.0 -8.007
20.0 -7.503
20.0 -5.272
20.0 -6.778
20.0 -7.23
20.0 -8.585
20.0 -6.611
20.0 -6.252
20.0 -5.92
20.0 -6.921
20.0 -8.194
20.0 -7.233
20.0 -7.853
20.0 -6.781
20.0 -7.405
20.0 -7.464
20.0 -5.759
20.0 -6.223
20.0 -5.539
20.0 -5.857
20.0 -6.241
20.0 -8.251
20.0 -7.425
20.0 -6.657
20.0 -6.687
20.0 -7.189
20.0 -6.42
20.0 -8.458
20.0 -7.892
20.0 -7.426
20.0 -7.163
20.0 -7.291
20.0 -6.308
20.0 -5.388
20.0 -7.401
20.0 -8.398
20.0 -7.546
20.0 -7.501
20.0 -6.96
20.0 -6.808
20.0 -7.658
20.0 -7.483
20.0 -6.719
20.0 -6.724
20.0 -6.113
20.0 -6.313
20.0 -7.219
20.0 -8.091
20.0 -8.517
20.0 -7.01
20.0 -6.359
20.0 -7.442
20.0 -6.491
20.0 -7.127
20.0 -7.65

Individual: [1, 2, 5, 6, 7, 13, 14, 16, 17, 32, 37, 38, 40, 41, 44, 46, 49]
   Fitness: 20.5
     Total: 17
Violations: 5 5

Individual: [2, 4, 8, 13, 14, 15, 21, 23, 32, 36, 37, 39, 45, 47, 48, 50]
   Fitness: 20.0
     Total: 16
Violations: 4 4

Individual: [1, 3, 8, 10, 16, 32, 33, 35, 36, 43, 44, 47, 49]
   Fitness: 19.5
     Total: 13
Violations: 0 0

Individual: [1, 2, 4, 5, 10, 11, 13, 31, 35, 37, 40, 41, 46, 48, 49]
   Fitness: 20.5
     Total: 15
Violations: 2 2

Individual: [2, 3, 5, 6, 12, 13, 16, 17, 23, 34, 35, 37, 38, 46, 47, 49, 50]
   Fitness: 22.5
     Total: 17
Violations: 3 3

Individual: [4, 5, 9, 12, 13, 16, 25, 33, 35, 38, 39, 42, 44, 47, 48]
   Fitness: 20.5
     Total: 15
Violations: 2 2

Individual: [2, 5, 9, 10, 14, 16, 20, 21, 29, 36, 40, 41, 45, 47, 50]
   Fitness: 19.5
     Total: 15
Violations: 3 3

Individual: [2, 3, 6, 8, 11, 15, 18, 23, 26, 32, 33, 39, 42, 47, 50]
   Fitness: 20.5
     Total: 15
Violations: 2 2

Individual: [1, 6, 7, 9, 10, 14, 15, 34, 35, 37, 38, 43, 44, 47, 48]
   Fitness: 20.5
     Total: 15
Violations: 2 2

Individual: [2, 4, 5, 9, 11, 13, 15, 18, 33, 35, 36, 38, 42, 44, 45, 47]
   Fitness: 20.0
     Total: 16
Violations: 4 3
