10
500
10.0 -37.519
15.5 -7.268
16.5 3.466
18.0 8.805
19.5 10.561
19.5 11.834
19.5 12.461
20.5 12.638
20.5 13.324
20.5 13.147
21.0 13.526
21.0 13.86
22.5 13.829
22.5 14.017
22.5 14.171
22.5 14.56
23.0 14.992
23.0 15.424
23.0 15.335
23.0 15.53
23.0 16.129
23.5 16.191
23.5 15.937
23.5 16.055
23.5 15.873
23.5 16.192
23.5 16.047
23.5 16.308
23.5 15.829
24.0 16.033
24.0 15.701
24.0 16.164
24.0 16.459
24.0 16.8
24.0 16.054
24.0 16.205
24.0 16.787
24.0 16.516
24.0 16.852
24.0 17.181
24.0 17.118
24.0 16.867
24.0 16.761
24.0 16.864
24.0 17.007
24.0 17.312
24.0 17.272
24.0 16.785
24.0 16.901
24.0 17.104
24.0 17.362
24.0 16.985
24.0 16.374
24.0 16.523
24.0 16.706
24.0 16.644
24.0 16.803
24.0 16.727
24.0 16.579
24.0 17.036
24.0 16.9
24.0 17.346
24.0 16.622
24.0 17.069
24.0 16.715
24.0 16.27
24.0 16.925
24.0 16.66
24.0 17.121
24.0 16.672
24.0 16.94
24.0 16.99
24.0 16.918
24.0 16.972
24.0 17.039
24.0 17.181
24.0 16.907
24.0 16.885
24.0 16.747
24.0 17.077
24.0 16.589
24.0 16.619
24.0 16.626
24.0 16.703
24.0 17.085
24.0 17.096
24.0 17.236
24.0 17.366
24.0 16.817
24.0 16.732
24.0 16.995
24.0 16.89
24.0 16.594
24.0 16.497
24.0 16.453
24.0 16.724
24.0 16.566
24.0 16.573
24.0 16.604
24.0 16.696
24.0 16.578
24.0 16.886
24.0 17.111
24.0 16.974
24.0 17.264
24.0 17.062
24.0 16.883
24.0 16.701
24.0 17.269
24.0 17.112
24.0 17.033
24.0 16.689
24.0 17.318
24.0 17.349
24.0 16.999
24.0 17.288
24.0 17.234
24.0 17.059
24.0 17.074
24.0 17.188
24.0 17.007
24.0 17.061
24.0 16.958
24.0 16.559
24.0 16.767
24.0 16.881
24.0 16.957
24.0 16.722
24.0 16.4
24.0 16.56
24.0 16.81
24.0 16.525
24.0 17.2
24.0 16.364
24.0 16.778
24.0 16.957
24.0 16.551
24.0 16.433
24.0 16.941
24.0 17.193
24.0 16.742
24.0 16.955
24.0 16.88
24.0 16.401
24.0 16.516
24.0 16.829
24.0 16.932
24.0 17.092
24.0 16.559
24.0 16.85
24.0 16.568
24.0 16.839
24.0 16.922
24.0 16.849
24.0 16.734
24.0 16.942
24.0 16.881
24.0 16.853
24.0 17.084
24.0 16.819
24.0 17.074
24.0 17.219
24.0 16.535
24.0 16.846
24.0 16.935
24.0 17.0
24.0 17.03
24.0 17.062
24.0 16.976
24.0 17.074
24.0 16.873
24.0 16.574
24.0 16.519
24.0 16.912
24.0 16.485
24.0 16.501
24.0 16.532
24.0 16.781
24.0 16.752
24.0 16.986
24.0 17.123
24.0 16.809
24.0 16.776
24.0 16.578
24.0 16.612
24.0 16.853
24.0 16.639
24.0 16.683
24.0 16.932
24.0 17.014
24.0 16.986
24.0 17.055
24.0 16.402
24.0 16.992
24.0 16.603
24.0 16.716
24.0 16.752
24.0 16.825
24.0 16.718
24.0 16.967
24.0 16.905
24.0 17.135
24.0 17.054
24.0 16.714
24.0 16.887
24.0 17.014
24.0 16.804
24.0 16.479
24.0 16.472
24.0 16.852
24.0 16.67
24.0 16.687
24.0 16.74
24.0 16.807
24.0 16.442
24.0 16.522
24.0 16.911
24.0 17.076
24.0 17.066
24.0 16.844
24.0 16.746
24.0 16.903
24.0 16.71
24.0 16.383
24.0 16.936
24.0 16.698
24.0 16.75
24.0 16.732
24.0 16.814
24.0 16.689
24.0 16.918
24.0 16.92
24.0 17.003
24.0 17.114
24.0 17.042
24.0 17.135
24.0 17.185
24.0 17.052
24.0 16.954
24.0 17.355
24.0 16.928
24.0 16.881
24.0 17.185
24.0 16.748
24.0 16.893
24.0 16.631
24.0 16.388
24.0 16.835
24.0 16.612
24.0 16.602
24.0 16.66
24.0 16.906
24.0 16.32
24.0 16.405
24.0 16.95
24.0 16.825
24.0 16.656
24.0 16.813
24.0 16.896
24.0 17.025
24.0 17.193
24.0 16.898
24.0 16.856
24.0 16.453
24.0 16.332
24.0 16.71
24.0 16.762
24.0 17.129
24.0 16.591
24.0 16.917
24.0 16.687
24.0 16.331
24.0 16.775
24.0 16.734
24.0 16.728
24.0 17.19
24.0 16.897
24.0 16.566
24.0 16.656
24.0 16.809
24.0 16.918
24.0 16.718
24.0 16.972
24.0 17.03
24.0 17.033
24.0 16.308
24.0 16.684
24.0 16.57
24.0 16.958
24.0 16.954
24.0 16.806
24.0 16.848
24.0 17.12
24.0 17.561
24.0 17.008
24.0 17.012
24.0 16.783
24.0 16.663
24.0 16.977
24.0 16.693
24.0 17.113
24.0 17.013
24.0 17.492
24.0 17.427
24.0 17.014
24.0 16.811
24.0 17.066
24.0 17.148
24.0 17.232
24.0 17.347
24.0 16.736
24.0 16.724
24.0 16.965
24.0 17.134
24.0 17.177
24.0 16.855
24.0 16.792
24.0 16.607
24.0 16.891
24.0 16.962
24.0 16.809
24.0 16.471
24.0 16.63
24.0 16.675
24.0 16.57
24.0 16.989
24.0 17.077
24.0 16.592
24.0 16.957
24.0 16.803
24.0 16.823
24.0 17.261
24.0 17.215
24.0 17.079
24.0 16.889
24.0 16.806
24.0 16.948
24.0 16.889
24.0 16.973
24.0 17.198
24.0 16.548
24.0 16.662
24.0 16.639
24.0 16.621
24.0 16.903
24.0 17.165
24.0 17.334
24.0 17.138
24.0 17.559
24.0 17.343
24.0 17.291
24.0 17.158
24.0 17.235
24.0 16.949
24.0 17.276
24.0 16.437
24.0 16.741
24.0 16.796
24.0 16.656
24.0 16.931
24.0 16.805
24.0 17.074
24.0 16.619
24.0 17.185
24.0 16.567
24.0 16.767
24.0 17.183
24.0 17.228
24.0 16.904
24.0 16.738
24.0 16.759
24.0 16.599
24.0 16.726
24.0 16.899
24.0 16.403
24.0 15.937
24.0 15.983
24.0 16.423
24.0 16.73
24.0 16.739
24.0 16.855
24.0 16.808
24.0 16.56
24.0 16.891
24.0 16.824
24.0 16.791
24.0 16.505
24.0 16.726
24.0 16.634
24.0 17.017
24.0 16.838
24.0 16.936
24.0 16.463
24.0 16.824
24.0 16.863
24.0 16.69
24.0 17.052
24.0 17.339
24.0 17.712
24.0 16.962
24.0 17.032
24.0 17.225
24.0 16.776
24.0 17.054
24.0 16.949
24.0 16.922
24.0 16.493
24.0 17.323
24.0 17.441
24.0 16.519
24.0 16.835
24.0 17.119
24.0 17.198
24.0 17.174
24.0 16.801
24.0 16.845
24.0 16.478
24.0 16.546
24.0 16.625
24.0 16.773
24.0 16.575
24.0 17.104
24.0 17.285
24.0 17.01
24.0 16.767
24.0 16.935
24.0 17.077
24.0 17.229
24.0 17.6
24.0 17.074
24.0 17.279
24.0 16.65
24.0 17.138
24.0 16.515
24.0 16.831
24.0 16.578
24.0 16.627
24.0 16.867
24.0 17.117
24.0 16.742
24.0 17.008
24.0 17.03
24.0 17.394
24.0 17.177
24.0 17.301
24.0 17.062
24.0 16.748
24.0 16.793
24.0 17.109
24.0 16.927
24.0 16.717
24.0 17.316
24.0 17.131
24.0 16.517
24.0 16.852
24.0 16.596
24.0 16.848
24.0 17.101
24.0 16.786
24.0 16.947
24.0 16.564
24.0 16.549
24.0 16.637
24.0 17.096
24.0 17.052
24.0 16.777
24.0 16.975
24.0 16.673
24.0 16.59
24.0 16.743
24.0 16.861
24.0 16.844
24.0 16.722
24.0 16.268
24.0 16.831
24.0 16.626
24.0 16.874
24.0 16.22
24.0 16.763
24.0 16.682
24.0 16.829
24.0 16.591
24.0 16.686
24.0 16.597
24.0 16.879
24.0 16.346
24.0 16.735
24.0 16.827
24.0 16.71
24.0 16.707
24.0 17.166
24.0 17.289
24.0 17.27
24.0 16.798
24.0 17.235
24.0 16.971
24.0 17.085
24.0 16.878
24.0 16.812
24.0 16.958
500
14.0 -37.752
14.5 -7.95
17.0 2.907
18.0 8.004
18.0 10.344
19.5 11.283
19.5 12.122
19.5 12.621
21.0 13.148
21.0 13.863
21.5 14.216
22.5 14.426
23.5 14.937
24.0 15.148
24.0 15.465
24.0 16.163
24.0 16.665
24.0 16.424
24.0 16.892
24.0 16.855
24.0 16.587
24.0 16.706
24.0 17.066
24.0 17.0
24.0 17.455
24.0 17.158
24.0 17.534
24.0 17.605
24.0 17.37
24.0 17.572
24.5 17.334
24.5 17.58
24.5 17.639
24.5 17.479
24.5 17.59
24.5 17.785
24.5 17.513
24.5 17.228
24.5 17.204
24.5 17.274
24.5 17.362
24.5 17.369
24.5 17.216
24.5 17.282
24.5 17.636
24.5 17.419
24.5 17.278
24.5 16.799
24.5 17.273
24.5 17.147
24.5 17.417
24.5 17.515
24.5 16.923
24.5 17.094
24.5 17.001
24.5 17.122
24.5 17.362
24.5 17.102
24.5 16.869
24.5 17.286
24.5 17.622
24.5 17.876
24.5 17.114
24.5 17.104
24.5 17.248
24.5 17.662
24.5 17.679
24.5 17.279
24.5 17.072
24.5 17.394
24.5 17.285
24.5 17.03
24.5 17.213
24.5 17.057
24.5 16.951
24.5 17.541
24.5 17.494
24.5 17.636
24.5 16.896
24.5 16.988
24.5 17.507
24.5 17.479
24.5 17.491
24.5 17.027
24.5 17.261
24.5 17.24
24.5 17.5
24.5 17.335
24.5 17.291
24.5 17.368
24.5 17.252
24.5 17.189
24.5 17.131
24.5 17.144
24.5 17.305
24.5 17.079
24.5 17.255
24.5 17.489
24.5 17.279
24.5 17.498
24.5 17.385
24.5 16.914
24.5 17.629
24.5 17.475
24.5 17.816
24.5 17.925
24.5 17.536
24.5 17.602
24.5 17.434
24.5 17.516
24.5 17.277
24.5 17.066
24.5 17.126
24.5 17.53
24.5 17.563
24.5 17.611
24.5 17.373
24.5 17.193
24.5 17.108
24.5 17.322
24.5 17.66
24.5 17.192
24.5 17.152
24.5 17.746
24.5 17.487
24.5 17.394
24.5 17.267
24.5 17.298
24.5 17.811
24.5 17.42
24.5 17.699
24.5 17.748
24.5 17.547
24.5 17.115
24.5 16.953
24.5 17.573
24.5 17.341
24.5 17.805
24.5 17.101
24.5 17.685
24.5 17.046
24.5 17.275
24.5 16.459
24.5 17.226
24.5 17.317
24.5 17.261
24.5 17.166
24.5 17.549
24.5 16.829
24.5 16.778
24.5 16.688
24.5 17.126
24.5 16.853
24.5 16.922
24.5 16.915
24.5 16.9
24.5 16.835
24.5 16.918
24.5 17.017
24.5 17.062
24.5 17.2
24.5 17.036
24.5 16.842
24.5 17.108
24.5 16.905
24.5 17.461
24.5 17.585
24.5 17.236
24.5 17.29
24.5 17.316
24.5 17.682
24.5 17.151
24.5 17.094
24.5 17.324
24.5 17.515
24.5 17.067
24.5 16.862
24.5 17.23
24.5 17.071
24.5 17.22
24.5 16.975
24.5 16.784
24.5 16.995
24.5 17.393
24.5 17.337
24.5 16.918
24.5 16.709
24.5 17.002
24.5 17.548
24.5 17.244
24.5 17.345
24.5 17.321
24.5 17.024
24.5 17.054
24.5 16.987
24.5 17.03
24.5 16.493
24.5 17.058
24.5 17.169
24.5 17.078
24.5 17.253
24.5 17.251
24.5 17.51
24.5 17.531
24.5 17.694
24.5 16.938
24.5 16.976
24.5 16.948
24.5 17.036
24.5 17.281
24.5 17.318
24.5 17.44
24.5 17.601
24.5 17.493
24.5 17.656
24.5 17.395
24.5 17.256
24.5 16.689
24.5 17.071
24.5 17.113
24.5 17.025
24.5 16.904
24.5 17.095
24.5 17.362
24.5 17.078
24.5 17.717
24.5 17.22
24.5 16.819
24.5 16.939
24.5 16.957
24.5 17.659
24.5 17.793
24.5 17.41
24.5 17.19
24.5 17.442
24.5 17.366
24.5 17.471
24.5 16.981
24.5 17.403
24.5 17.43
24.5 17.436
24.5 17.03
24.5 17.25
24.5 17.302
24.5 17.244
24.5 17.151
24.5 17.173
24.5 17.267
24.5 17.313
24.5 17.848
24.5 17.834
24.5 17.64
24.5 17.469
24.5 16.896
24.5 17.36
24.5 16.884
24.5 16.948
24.5 17.241
24.5 17.247
24.5 17.428
24.5 17.211
24.5 17.232
24.5 17.094
24.5 17.08
24.5 17.468
24.5 17.44
24.5 17.386
24.5 17.13
24.5 17.538
24.5 17.602
24.5 17.221
24.5 17.493
24.5 17.18
24.5 16.976
24.5 17.265
24.5 17.298
24.5 17.456
24.5 17.351
24.5 17.199
24.5 17.364
24.5 17.384
24.5 17.239
24.5 17.368
24.5 17.035
24.5 16.726
24.5 17.202
24.5 17.362
24.5 17.014
24.5 16.931
24.5 17.495
24.5 17.465
24.5 17.165
24.5 17.375
24.5 17.4
24.5 17.492
24.5 17.176
24.5 17.143
24.5 17.247
24.5 16.883
24.5 17.488
24.5 17.162
24.5 17.533
24.5 17.438
24.5 17.201
24.5 17.238
24.5 17.266
24.5 17.511
24.5 17.555
24.5 17.275
24.5 17.002
24.5 17.121
24.5 16.66
24.5 17.591
24.5 17.364
24.5 17.39
24.5 17.569
24.5 17.58
24.5 17.507
24.5 17.32
24.5 17.226
24.5 17.075
24.5 17.066
24.5 17.165
24.5 17.25
24.5 17.036
24.5 17.327
24.5 16.987
24.5 16.834
24.5 17.137
24.5 16.548
24.5 17.028
24.5 16.965
24.5 16.951
24.5 17.326
24.5 16.666
24.5 17.164
24.5 16.89
24.5 17.317
24.5 17.451
24.5 17.537
24.5 17.679
24.5 17.13
24.5 17.194
24.5 17.437
24.5 17.386
24.5 17.047
24.5 17.289
24.5 17.201
24.5 17.256
24.5 17.426
24.5 17.727
24.5 17.498
24.5 17.5
24.5 16.978
24.5 17.215
24.5 17.58
24.5 17.234
24.5 17.064
24.5 17.163
24.5 17.674
24.5 17.529
24.5 17.482
24.5 17.179
24.5 17.233
24.5 17.009
24.5 17.211
24.5 17.102
24.5 16.953
24.5 16.969
24.5 17.546
24.5 17.019
24.5 17.093
24.5 17.068
24.5 17.427
24.5 17.57
24.5 17.379
24.5 17.218
24.5 17.13
24.5 17.345
24.5 17.581
24.5 17.637
24.5 17.317
24.5 17.035
24.5 17.584
24.5 17.361
24.5 17.06
24.5 17.271
24.5 17.371
24.5 17.249
24.5 17.653
24.5 17.412
24.5 17.045
24.5 16.753
24.5 16.754
24.5 17.321
24.5 17.191
24.5 16.9
24.5 17.144
24.5 16.977
24.5 17.295
24.5 17.756
24.5 17.732
24.5 17.576
24.5 17.425
24.5 16.265
24.5 16.567
24.5 16.73
24.5 17.133
24.5 17.471
24.5 17.533
24.5 17.643
24.5 17.539
24.5 17.361
24.5 17.476
24.5 17.489
24.5 17.222
24.5 17.451
24.5 17.406
24.5 17.192
24.5 16.936
24.5 16.814
24.5 17.151
24.5 17.047
24.5 17.193
24.5 17.206
24.5 17.079
24.5 16.874
24.5 17.204
24.5 16.864
24.5 17.211
24.5 17.335
24.5 17.109
24.5 17.504
24.5 17.157
24.5 16.884
24.5 17.188
24.5 17.38
24.5 17.284
24.5 17.517
24.5 17.479
24.5 16.86
24.5 17.249
24.5 17.611
24.5 17.11
24.5 17.003
24.5 16.605
24.5 16.431
24.5 17.445
24.5 17.475
24.5 17.373
24.5 17.311
24.5 17.421
24.5 17.341
24.5 16.677
24.5 16.956
24.5 17.49
24.5 17.771
24.5 18.031
24.5 17.151
24.5 16.887
24.5 16.86
24.5 17.239
24.5 17.307
24.5 16.845
24.5 17.167
24.5 16.954
24.5 17.474
24.5 17.482
24.5 17.245
24.5 17.193
24.5 17.577
24.5 17.421
24.5 17.155
24.5 17.064
24.5 17.115
24.5 16.879
24.5 17.257
24.5 17.679
24.5 17.58
24.5 17.175
24.5 17.345
24.5 17.27
24.5 17.327
24.5 16.835
24.5 17.229
24.5 17.402
24.5 17.352
24.5 17.316
24.5 17.117
24.5 17.39
24.5 16.941
24.5 17.112
24.5 17.197
24.5 17.341
24.5 17.288
24.5 17.337
24.5 17.479
24.5 17.274
24.5 17.016
24.5 16.939
500
13.0 -38.744
15.5 -8.848
15.5 2.832
17.0 7.983
18.0 10.105
18.0 11.406
19.5 12.291
20.0 12.516
20.5 12.891
21.5 13.665
21.5 13.582
21.5 14.162
23.0 14.399
24.0 14.73
24.0 14.942
24.0 15.393
24.0 15.891
24.0 15.623
24.0 16.117
24.0 16.224
24.0 16.389
24.0 16.755
24.0 16.75
24.0 16.965
24.5 17.204
24.5 17.372
24.5 17.551
24.5 17.058
24.5 17.416
24.5 17.531
24.5 17.705
24.5 17.218
24.5 16.814
24.5 17.091
24.5 17.294
24.5 17.39
24.5 17.406
24.5 17.216
24.5 17.184
24.5 17.516
24.5 17.197
24.5 16.693
24.5 17.467
24.5 17.501
24.5 17.178
24.5 17.109
24.5 17.29
24.5 16.978
24.5 17.159
24.5 17.137
24.5 16.76
24.5 17.097
24.5 16.67
24.5 16.585
24.5 16.813
24.5 17.04
24.5 17.113
24.5 17.346
24.5 17.51
24.5 17.104
24.5 17.158
24.5 17.579
24.5 17.225
24.5 17.14
24.5 16.821
24.5 17.317
24.5 17.493
24.5 17.209
24.5 17.348
24.5 17.023
24.5 17.483
24.5 17.223
24.5 17.113
24.5 17.07
24.5 17.595
24.5 17.546
24.5 17.259
24.5 17.235
24.5 17.495
24.5 17.194
24.5 17.023
24.5 17.261
24.5 17.189
24.5 17.017
24.5 17.047
24.5 17.247
24.5 17.087
24.5 16.433
24.5 16.657
24.5 16.695
24.5 17.21
24.5 17.105
24.5 17.177
24.5 16.925
24.5 17.218
24.5 17.151
24.5 17.218
24.5 17.792
24.5 17.863
24.5 17.803
24.5 17.485
24.5 17.313
24.5 17.412
24.5 17.356
24.5 17.248
24.5 17.421
24.5 17.228
24.5 17.238
24.5 17.705
24.5 17.472
24.5 17.435
24.5 17.77
24.5 17.511
24.5 16.917
24.5 17.042
24.5 17.213
24.5 16.959
24.5 17.007
24.5 17.018
24.5 17.145
24.5 17.059
24.5 16.954
24.5 16.76
24.5 17.094
24.5 17.166
24.5 16.886
24.5 17.129
24.5 17.328
24.5 17.228
24.5 17.226
24.5 16.937
24.5 16.968
24.5 17.074
24.5 17.104
24.5 17.483
24.5 17.2
24.5 17.182
24.5 17.528
24.5 16.969
24.5 17.167
24.5 17.141
24.5 17.037
24.5 17.081
24.5 16.828
24.5 17.121
24.5 17.32
24.5 16.69
24.5 16.856
24.5 17.262
24.5 17.149
24.5 17.234
24.5 17.361
24.5 17.429
24.5 17.221
24.5 17.132
24.5 17.293
24.5 17.316
24.5 17.415
24.5 17.36
24.5 16.832
24.5 17.287
24.5 17.116
24.5 17.133
24.5 17.27
24.5 17.577
24.5 17.09
24.5 17.201
24.5 17.152
24.5 17.537
24.5 17.157
24.5 16.924
24.5 17.05
24.5 16.797
24.5 17.833
24.5 17.431
24.5 17.575
24.5 17.013
24.5 17.143
24.5 17.368
24.5 17.092
24.5 16.952
24.5 17.231
24.5 17.158
24.5 17.002
24.5 16.901
24.5 16.988
24.5 17.338
24.5 17.055
24.5 17.158
24.5 17.339
24.5 17.078
24.5 17.08
24.5 17.34
24.5 17.206
24.5 17.322
24.5 17.289
24.5 17.074
24.5 17.175
24.5 17.167
24.5 17.116
24.5 17.12
24.5 16.92
24.5 16.995
24.5 17.425
24.5 17.558
24.5 17.468
24.5 17.312
24.5 17.096
24.5 17.218
24.5 17.194
24.5 16.992
24.5 17.131
24.5 17.49
24.5 17.556
24.5 17.294
24.5 17.554
24.5 17.299
24.5 17.264
24.5 17.005
24.5 17.2
24.5 16.842
24.5 17.323
24.5 16.718
24.5 17.22
24.5 17.521
24.5 17.054
24.5 17.377
24.5 17.453
24.5 17.036
24.5 17.315
24.5 17.448
24.5 17.032
24.5 16.918
24.5 17.214
24.5 17.798
24.5 17.418
24.5 17.35
24.5 16.949
24.5 17.227
24.5 17.599
24.5 17.428
24.5 17.264
24.5 16.537
24.5 16.957
24.5 17.395
24.5 17.571
24.5 17.244
24.5 17.121
24.5 16.982
24.5 16.546
24.5 17.134
24.5 16.953
24.5 17.271
24.5 17.471
24.5 17.057
24.5 17.499
24.5 17.344
24.5 17.569
24.5 17.128
24.5 17.307
24.5 17.353
24.5 18.051
24.5 17.972
24.5 17.245
24.5 17.55
24.5 17.323
24.5 17.352
24.5 17.336
24.5 16.821
24.5 16.868
24.5 17.037
24.5 17.011
24.5 17.202
24.5 17.221
24.5 17.142
24.5 17.324
24.5 17.3
24.5 17.438
24.5 17.411
24.5 17.158
24.5 16.724
24.5 16.72
24.5 16.418
24.5 16.915
24.5 17.252
24.5 16.723
24.5 17.274
24.5 17.18
24.5 17.145
24.5 17.463
24.5 17.22
24.5 17.229
24.5 17.461
24.5 17.363
24.5 16.643
24.5 16.319
24.5 16.7
24.5 17.152
24.5 17.116
24.5 17.4
24.5 17.418
24.5 17.399
24.5 17.17
24.5 17.3
24.5 17.392
24.5 16.946
24.5 17.12
24.5 17.07
24.5 17.024
24.5 17.405
24.5 17.423
24.5 17.298
24.5 17.084
24.5 17.11
24.5 17.083
24.5 17.033
24.5 16.842
24.5 16.544
24.5 17.221
24.5 17.359
24.5 17.043
24.5 17.172
24.5 17.28
24.5 17.576
24.5 17.479
24.5 17.385
24.5 17.382
24.5 17.339
24.5 17.385
24.5 17.153
24.5 17.145
24.5 17.098
24.5 17.653
24.5 17.432
24.5 17.242
24.5 16.947
24.5 17.393
24.5 17.219
24.5 17.2
24.5 17.251
24.5 17.073
24.5 17.328
24.5 16.972
24.5 17.669
24.5 16.897
24.5 17.417
24.5 17.356
24.5 17.555
24.5 17.574
24.5 17.341
24.5 17.26
24.5 17.197
24.5 17.183
24.5 17.043
24.5 17.377
24.5 16.941
24.5 17.294
24.5 16.882
24.5 17.176
24.5 17.405
24.5 17.454
24.5 16.966
24.5 17.139
24.5 16.943
24.5 17.44
24.5 16.677
24.5 17.045
24.5 16.909
24.5 17.447
24.5 16.897
24.5 17.435
24.5 17.246
24.5 17.545
24.5 17.533
24.5 17.746
24.5 17.3
24.5 16.974
24.5 17.586
24.5 17.187
24.5 17.279
24.5 16.81
24.5 17.285
24.5 17.478
24.5 16.963
24.5 17.023
24.5 17.275
24.5 17.055
24.5 17.125
24.5 16.98
24.5 17.003
24.5 17.126
24.5 17.208
24.5 17.261
24.5 17.239
24.5 17.515
24.5 17.103
24.5 17.494
24.5 17.079
24.5 17.209
24.5 17.647
24.5 17.336
24.5 17.677
24.5 17.373
24.5 17.255
24.5 17.358
24.5 17.282
24.5 16.738
24.5 17.157
24.5 17.103
24.5 17.046
24.5 17.301
24.5 16.983
24.5 17.618
24.5 16.978
24.5 16.731
24.5 16.856
24.5 17.316
24.5 17.674
24.5 17.424
24.5 17.447
24.5 17.535
24.5 17.424
24.5 17.272
24.5 17.209
24.5 17.054
24.5 17.003
24.5 17.363
24.5 16.851
24.5 17.127
24.5 17.384
24.5 17.076
24.5 17.4
24.5 17.45
24.5 17.02
24.5 17.368
24.5 17.445
24.5 17.249
24.5 17.143
24.5 17.189
24.5 16.879
24.5 16.991
24.5 17.376
24.5 17.274
24.5 17.569
24.5 17.614
24.5 17.31
24.5 17.603
24.5 17.07
24.5 16.899
24.5 17.168
24.5 17.145
24.5 17.028
24.5 17.037
24.5 17.367
24.5 17.361
24.5 16.687
24.5 17.186
24.5 17.428
24.5 16.971
24.5 16.701
24.5 16.934
24.5 17.421
24.5 17.713
24.5 17.763
24.5 17.122
24.5 17.129
24.5 17.487
24.5 17.156
24.5 17.359
24.5 17.382
24.5 17.218
24.5 17.703
24.5 17.386
24.5 17.323
24.5 17.236
24.5 17.243
24.5 16.98
24.5 17.48
24.5 17.472
24.5 17.569
24.5 17.227
24.5 17.611
24.5 17.194
24.5 17.028
24.5 17.362
24.5 17.334
24.5 17.075
24.5 17.187
24.5 16.88
24.5 17.097
24.5 17.037
24.5 17.353
24.5 17.066
24.5 16.953
24.5 17.049
24.5 17.415
24.5 17.778
24.5 17.612
24.5 17.466
24.5 17.269
500
13.5 -36.385
13.5 -6.926
16.5 2.822
18.0 6.836
18.0 9.648
18.5 11.599
20.0 12.106
20.5 12.86
20.5 13.124
21.5 14.051
22.5 14.394
22.5 14.951
22.5 15.208
22.5 15.198
22.5 15.428
24.0 15.672
24.0 16.259
24.0 16.719
24.0 16.82
24.0 17.172
24.0 17.275
24.0 17.325
24.0 17.572
24.0 17.693
24.0 17.874
24.0 18.19
24.0 17.726
24.0 17.711
24.0 17.837
24.0 17.823
24.0 17.336
24.0 17.375
24.0 17.492
24.0 17.643
24.0 17.452
24.0 17.479
24.0 17.573
24.0 17.447
24.0 17.801
24.0 17.466
24.0 17.389
24.0 17.688
24.0 17.532
24.0 17.802
24.0 17.493
24.0 17.533
24.0 17.35
24.0 17.755
24.0 17.881
24.0 17.882
24.0 17.516
24.0 17.472
24.0 17.402
24.0 17.27
24.0 17.416
24.0 17.35
24.0 17.06
24.0 17.171
24.0 17.402
24.0 17.547
24.0 17.407
24.0 17.239
24.0 17.189
24.0 17.162
24.0 17.169
24.0 17.6
24.0 17.584
24.0 17.769
24.0 17.665
24.0 17.637
24.0 17.19
24.0 17.622
24.0 17.43
24.0 17.738
24.0 17.364
24.0 17.021
24.0 17.267
24.0 17.321
24.0 17.811
24.0 17.594
24.0 18.052
24.0 17.841
24.0 17.623
24.0 17.146
24.0 17.578
24.0 17.37
24.0 17.799
24.0 17.642
24.0 17.831
24.0 17.835
24.0 17.276
24.0 17.622
24.0 17.957
24.0 17.709
24.0 17.618
24.0 17.301
24.0 16.936
24.0 17.618
24.0 17.713
24.0 17.431
24.0 17.559
24.0 17.254
24.0 17.353
24.0 17.542
24.0 17.819
24.0 17.52
24.0 17.649
24.0 18.006
24.0 17.924
24.0 17.441
24.0 17.521
24.0 16.954
24.0 17.041
24.0 17.355
24.0 17.533
24.0 17.496
24.0 17.407
24.0 17.221
24.0 17.309
24.0 17.087
24.0 17.125
24.0 17.172
24.0 17.71
24.0 17.751
24.0 17.715
24.0 17.163
24.0 17.385
24.0 17.406
24.0 17.289
24.0 17.137
24.0 17.481
24.0 17.596
24.0 17.734
24.0 17.846
24.0 17.594
24.0 17.401
24.0 17.508
24.0 17.888
24.0 17.411
24.0 17.509
24.0 17.205
24.0 17.261
24.0 17.203
24.0 17.514
24.0 17.511
24.0 16.945
24.0 17.628
24.0 17.569
24.0 17.593
24.0 17.675
24.0 17.354
24.0 17.882
24.0 17.584
24.0 17.683
24.0 17.726
24.0 17.678
24.0 17.403
24.0 17.554
24.0 17.442
24.0 17.408
24.0 17.168
24.0 17.338
24.0 17.421
24.0 17.625
24.0 17.535
24.0 17.682
24.0 17.667
24.0 17.611
24.0 17.693
24.0 17.585
24.0 17.432
24.0 17.584
24.0 17.661
24.0 17.656
24.0 18.016
24.0 17.373
24.0 17.587
24.0 17.405
24.0 17.778
24.0 17.442
24.0 17.419
24.0 17.408
24.0 17.776
24.0 17.249
24.0 17.24
24.0 16.952
24.0 17.781
24.0 17.882
24.0 17.704
24.0 17.372
24.0 17.576
24.0 17.327
24.0 17.306
24.0 17.708
24.0 17.538
24.0 17.532
24.0 17.728
24.0 17.549
24.0 17.73
24.0 17.566
24.0 17.931
24.0 17.647
24.0 17.457
24.0 17.543
24.0 17.406
24.0 17.092
24.0 17.473
24.0 17.309
24.0 17.315
24.0 17.774
24.0 17.494
24.0 17.323
24.0 17.552
24.0 17.95
24.0 17.517
24.0 17.135
24.0 17.586
24.0 17.46
24.0 17.499
24.0 17.575
24.0 17.57
24.0 17.815
24.0 17.763
24.0 17.222
24.0 17.591
24.0 17.803
24.0 17.784
24.0 17.742
24.0 17.48
24.0 16.926
24.0 17.692
24.0 17.093
24.0 17.779
24.0 17.431
24.0 17.152
24.0 17.345
24.0 17.99
24.0 17.609
24.0 17.484
24.0 17.47
24.0 17.521
24.0 17.674
24.0 17.87
24.0 17.153
24.0 17.374
24.0 17.821
24.0 17.781
24.0 17.92
24.0 17.848
24.0 17.682
24.0 17.45
24.0 17.447
24.0 17.095
24.0 17.471
24.0 17.514
24.0 17.561
24.0 17.583
24.0 17.451
24.0 17.415
24.0 17.66
24.0 17.359
24.0 17.781
24.0 17.657
24.0 17.56
24.0 17.83
24.0 17.71
24.0 17.562
24.0 17.238
24.0 17.561
24.0 17.087
24.0 17.317
24.0 17.64
24.0 17.719
24.0 17.753
24.0 17.406
24.0 17.762
24.0 17.746
24.0 17.409
24.0 17.508
24.0 17.224
24.0 17.335
24.0 17.706
24.0 17.352
24.0 17.282
24.0 17.438
24.0 17.38
24.0 17.137
24.0 17.626
24.0 17.849
24.0 17.971
24.0 17.943
24.0 17.516
24.0 17.678
24.0 17.53
24.0 17.638
24.0 17.605
24.0 17.708
24.0 17.263
24.0 17.108
24.0 17.497
24.0 17.572
24.0 17.567
24.0 17.213
24.0 17.255
24.0 17.887
24.0 17.553
24.0 17.517
24.0 17.849
24.0 17.598
24.0 17.63
24.0 17.74
24.0 17.807
24.0 17.657
24.0 17.293
24.0 17.59
24.0 17.673
24.0 17.255
24.0 17.306
24.0 17.565
24.0 17.365
24.0 17.052
24.0 17.346
24.0 17.613
24.0 17.762
24.0 17.442
24.0 17.597
24.0 17.145
24.0 17.281
24.0 17.588
24.0 17.642
24.0 17.722
24.0 17.42
24.0 17.353
24.0 17.653
24.0 17.584
24.0 17.587
24.0 17.3
24.0 17.664
24.0 17.145
24.0 17.528
24.0 17.367
24.0 17.791
24.0 17.876
24.0 17.767
24.0 17.719
24.0 18.062
24.0 17.647
24.0 17.412
24.0 17.371
24.0 17.809
24.0 17.695
24.0 17.625
24.0 17.764
24.0 17.415
24.0 17.626
24.0 17.925
24.0 17.942
24.0 17.65
24.0 17.58
24.0 17.82
24.0 17.236
24.0 17.788
24.0 18.069
24.0 17.535
24.0 17.492
24.0 17.289
24.0 17.268
24.0 17.423
24.0 17.678
24.0 17.855
24.0 17.471
24.0 17.606
24.0 17.292
24.0 17.349
24.0 17.631
24.0 17.541
24.0 17.753
24.0 17.299
24.0 17.521
24.0 17.562
24.0 17.6
24.0 17.362
24.0 17.562
24.0 17.569
24.0 17.494
24.0 17.551
24.0 17.779
24.0 17.348
24.0 17.149
24.0 17.413
24.0 17.32
24.0 17.633
24.0 17.67
24.0 17.363
24.0 17.683
24.0 17.558
24.0 16.849
24.0 16.922
24.0 17.334
24.0 17.685
24.0 17.445
24.0 17.421
24.0 17.372
24.0 17.722
24.0 17.701
24.0 17.965
24.0 17.89
24.0 17.69
24.0 17.39
24.0 17.401
24.0 17.531
24.0 17.442
24.0 17.734
24.0 17.715
24.0 17.19
24.0 17.189
24.0 17.27
24.0 17.467
24.0 17.454
24.0 17.34
24.0 17.316
24.0 17.609
24.0 17.953
24.0 18.07
24.0 17.698
24.0 17.978
24.0 17.642
24.0 17.765
24.0 17.812
24.0 17.927
24.0 17.239
24.0 17.548
24.0 17.738
24.0 17.636
24.0 16.958
24.0 17.31
24.0 17.181
24.0 17.522
24.0 17.647
24.0 17.34
24.0 17.503
24.0 17.599
24.0 17.391
24.0 17.336
24.0 17.115
24.0 17.28
24.0 16.957
24.0 17.852
24.0 17.351
24.0 17.86
24.0 17.831
24.0 17.657
24.0 17.888
24.0 17.777
24.0 17.81
24.0 17.779
24.0 17.824
24.0 17.599
24.0 17.462
24.0 17.657
24.0 17.299
24.0 17.627
24.0 17.653
24.0 17.342
24.0 17.388
24.0 17.63
24.0 17.379
24.0 17.379
24.0 17.294
24.0 17.697
24.0 17.352
24.0 17.523
24.0 17.346
24.0 17.45
24.0 17.54
24.0 17.118
24.0 17.561
24.0 17.443
24.0 17.248
24.0 17.375
24.0 17.538
24.0 17.231
24.0 17.455
24.0 17.637
24.0 17.762
24.0 17.284
24.0 17.531
24.0 17.558
24.0 17.66
24.0 17.876
24.0 17.451
24.0 17.674
24.0 17.493
24.0 17.508
24.0 17.957
24.0 17.443
24.0 17.449
24.0 17.16
24.0 17.059
24.0 17.275
500
14.5 -37.057
14.5 -8.478
15.5 2.429
17.0 7.584
19.0 10.071
19.0 10.984
19.0 11.629
19.5 12.209
21.0 13.2
21.0 13.654
21.0 13.778
21.0 13.676
21.5 13.876
22.5 14.451
22.5 14.821
22.5 15.095
23.5 15.755
23.5 15.472
24.0 15.493
24.0 15.937
24.0 16.358
24.0 16.341
24.0 16.264
24.5 16.813
24.5 17.323
24.5 16.91
24.5 16.888
24.5 16.642
24.5 17.159
24.5 17.432
24.5 17.264
24.5 17.487
24.5 17.931
24.5 17.495
24.5 17.577
24.5 17.439
24.5 17.659
24.5 17.697
24.5 17.511
24.5 17.23
24.5 17.582
24.5 17.683
24.5 17.233
24.5 17.754
24.5 17.737
24.5 17.479
24.5 17.319
24.5 17.309
24.5 17.666
24.5 17.641
24.5 17.529
24.5 17.63
24.5 17.284
24.5 17.425
24.5 17.69
24.5 16.891
24.5 16.942
24.5 17.732
24.5 17.265
24.5 16.922
24.5 17.351
24.5 17.164
24.5 17.016
24.5 17.377
24.5 17.526
24.5 17.474
24.5 17.64
24.5 17.944
24.5 17.746
24.5 18.132
24.5 17.569
24.5 17.397
24.5 17.185
24.5 17.449
24.5 17.961
24.5 17.225
24.5 17.321
24.5 17.496
24.5 17.461
24.5 17.526
24.5 17.804
24.5 17.856
24.5 17.749
24.5 17.443
24.5 17.748
24.5 17.719
24.5 17.765
24.5 17.416
24.5 17.791
24.5 17.98
24.5 17.501
24.5 17.577
24.5 17.811
24.5 17.6
24.5 17.904
24.5 17.39
24.5 17.447
24.5 17.402
24.5 17.174
24.5 17.7
24.5 17.704
24.5 17.899
24.5 17.282
24.5 17.42
24.5 17.06
24.5 16.988
24.5 17.375
24.5 17.345
24.5 17.691
24.5 17.574
24.5 17.366
24.5 17.884
24.5 17.35
24.5 17.17
24.5 17.159
24.5 16.982
24.5 17.205
24.5 17.03
24.5 17.557
24.5 18.199
24.5 17.827
24.5 17.74
24.5 17.37
24.5 17.472
24.5 17.36
24.5 17.397
24.5 17.234
24.5 17.323
24.5 17.456
24.5 17.35
24.5 17.28
24.5 17.489
24.5 17.196
24.5 17.616
24.5 17.798
24.5 17.742
24.5 17.608
24.5 17.563
24.5 17.744
24.5 17.695
24.5 17.122
24.5 17.064
24.5 17.341
24.5 17.692
24.5 17.396
24.5 17.659
24.5 17.617
24.5 17.498
24.5 17.722
24.5 17.289
24.5 17.743
24.5 17.405
24.5 17.544
24.5 17.166
24.5 17.517
24.5 17.639
24.5 17.266
24.5 16.958
24.5 17.333
24.5 17.401
24.5 17.295
24.5 17.418
24.5 17.689
24.5 17.505
24.5 17.671
24.5 17.809
24.5 17.911
24.5 17.757
24.5 17.512
24.5 17.371
24.5 17.643
24.5 17.741
24.5 17.72
24.5 17.258
24.5 16.859
24.5 17.527
24.5 17.397
24.5 17.37
24.5 16.843
24.5 17.203
24.5 17.859
24.5 17.644
24.5 16.957
24.5 17.433
24.5 17.187
24.5 17.258
24.5 17.238
24.5 17.052
24.5 17.023
24.5 17.157
24.5 17.47
24.5 17.14
24.5 17.027
24.5 17.272
24.5 16.841
24.5 17.565
24.5 17.579
24.5 18.375
24.5 17.834
24.5 17.418
24.5 17.219
24.5 17.152
24.5 17.179
24.5 17.446
24.5 17.143
24.5 17.298
24.5 17.556
24.5 17.364
24.5 17.395
24.5 17.501
24.5 17.51
24.5 17.592
24.5 17.787
24.5 17.577
24.5 17.569
24.5 17.013
24.5 17.667
24.5 17.506
24.5 17.413
24.5 17.791
24.5 17.803
24.5 17.559
24.5 17.568
24.5 17.063
24.5 17.475
24.5 17.997
24.5 17.676
24.5 16.906
24.5 17.132
24.5 17.203
24.5 17.52
24.5 17.74
24.5 17.702
24.5 17.565
24.5 17.44
24.5 17.531
24.5 17.592
24.5 17.402
24.5 17.506
24.5 17.209
24.5 17.23
24.5 17.422
24.5 17.251
24.5 17.582
24.5 17.438
24.5 17.756
24.5 17.344
24.5 16.881
24.5 17.414
24.5 17.395
24.5 17.065
24.5 17.432
24.5 17.566
24.5 17.592
24.5 17.67
24.5 17.366
24.5 17.206
24.5 17.532
24.5 17.552
24.5 17.532
24.5 17.505
24.5 17.403
24.5 17.663
24.5 17.448
24.5 17.582
24.5 17.252
24.5 17.409
24.5 17.835
24.5 17.644
24.5 17.529
24.5 17.789
24.5 17.577
24.5 17.716
24.5 17.867
24.5 17.329
24.5 17.994
24.5 17.654
24.5 17.507
24.5 17.213
24.5 17.469
24.5 17.298
24.5 17.356
24.5 17.308
24.5 17.322
24.5 17.067
24.5 17.454
24.5 17.603
24.5 17.182
24.5 17.439
24.5 17.501
24.5 17.39
24.5 17.202
24.5 16.857
24.5 17.051
24.5 16.855
24.5 17.087
24.5 17.086
24.5 17.52
24.5 17.311
24.5 17.381
24.5 17.081
24.5 17.329
24.5 17.346
24.5 17.393
24.5 17.258
24.5 17.071
24.5 17.69
24.5 17.91
24.5 17.4
24.5 17.477
24.5 17.526
24.5 17.513
24.5 17.585
24.5 17.216
24.5 17.401
24.5 17.551
24.5 17.594
24.5 17.382
24.5 17.814
24.5 17.326
24.5 17.79
24.5 18.122
24.5 17.643
24.5 18.15
24.5 17.678
24.5 17.715
24.5 17.809
24.5 17.325
24.5 17.515
24.5 17.447
24.5 17.804
24.5 17.429
24.5 17.913
24.5 17.562
24.5 17.401
24.5 17.366
24.5 17.417
24.5 18.045
24.5 17.848
24.5 17.844
24.5 17.808
24.5 18.035
24.5 17.582
24.5 17.477
24.5 17.624
24.5 17.429
24.5 17.827
24.5 17.44
24.5 17.544
24.5 17.127
24.5 17.245
24.5 17.195
24.5 17.564
24.5 17.392
24.5 17.258
24.5 17.725
24.5 17.352
24.5 17.231
24.5 17.248
24.5 17.245
24.5 17.211
24.5 17.545
24.5 16.914
24.5 17.323
24.5 17.386
24.5 17.439
24.5 17.317
24.5 17.718
24.5 17.389
24.5 17.138
24.5 17.326
24.5 17.359
24.5 17.299
24.5 17.548
24.5 17.497
24.5 17.084
24.5 17.425
24.5 17.589
24.5 18.092
24.5 17.624
24.5 17.38
24.5 17.916
24.5 17.841
24.5 17.603
24.5 17.358
24.5 17.62
24.5 17.735
24.5 17.821
24.5 17.372
24.5 17.624
24.5 17.181
24.5 17.328
24.5 17.663
24.5 17.27
24.5 17.688
24.5 17.711
24.5 17.652
24.5 17.622
24.5 17.845
24.5 17.685
24.5 17.352
24.5 17.283
24.5 17.325
24.5 17.239
24.5 17.322
24.5 17.357
24.5 17.162
24.5 17.661
24.5 17.668
24.5 17.579
24.5 17.298
24.5 17.617
24.5 17.497
24.5 17.623
24.5 17.235
24.5 17.246
24.5 17.402
24.5 17.085
24.5 17.33
24.5 17.811
24.5 17.515
24.5 17.447
24.5 17.604
24.5 18.042
24.5 17.618
24.5 17.304
24.5 17.319
24.5 17.641
24.5 17.902
24.5 17.684
24.5 18.062
24.5 17.834
24.5 17.511
24.5 16.989
24.5 17.862
24.5 17.779
24.5 17.522
24.5 17.746
24.5 17.919
24.5 17.765
24.5 17.79
24.5 17.772
24.5 17.967
24.5 17.626
24.5 17.326
24.5 17.126
24.5 16.952
24.5 16.963
24.5 17.549
24.5 17.503
24.5 17.594
24.5 17.814
24.5 17.795
24.5 17.48
24.5 17.506
24.5 17.644
24.5 17.687
24.5 17.642
24.5 17.666
24.5 17.492
24.5 17.383
24.5 17.388
24.5 17.218
24.5 17.367
24.5 17.203
24.5 17.361
24.5 17.532
24.5 17.494
24.5 17.697
24.5 17.517
24.5 17.051
24.5 17.406
24.5 17.334
24.5 17.773
24.5 17.751
24.5 17.334
24.5 17.435
24.5 17.573
24.5 17.229
24.5 17.182
24.5 17.553
24.5 17.919
24.5 17.34
24.5 17.845
24.5 17.817
24.5 17.591
24.5 17.348
24.5 17.558
24.5 17.351
24.5 17.526
24.5 17.474
24.5 17.441
24.5 17.755
24.5 18.115
24.5 18.118
24.5 17.767
24.5 17.676
24.5 17.529
24.5 17.679
24.5 17.613
500
13.0 -36.743
14.5 -8.046
17.5 4.621
18.5 9.304
19.5 11.286
19.5 12.517
20.5 13.036
20.5 13.69
21.5 13.717
21.5 13.908
22.0 14.071
22.0 14.342
22.0 14.133
23.0 14.541
23.0 15.091
23.0 15.483
23.0 15.841
23.0 16.145
23.0 16.307
23.0 16.23
23.0 15.861
23.0 16.303
23.0 15.898
23.0 15.918
23.0 15.909
23.0 16.173
24.0 16.515
24.0 16.474
24.0 16.34
24.0 16.598
24.0 16.426
24.0 16.648
24.0 16.765
24.0 16.48
24.0 16.732
24.0 16.966
24.0 17.311
24.0 16.854
24.0 17.208
24.0 17.089
24.0 16.889
24.0 16.955
24.0 16.976
24.0 16.868
24.0 17.133
24.0 16.963
24.0 17.039
24.0 16.941
24.0 16.671
24.0 17.03
24.0 17.093
24.0 17.477
24.0 17.175
24.0 17.168
24.0 17.904
24.0 17.16
24.0 16.981
24.0 16.997
24.0 17.039
24.0 17.242
24.0 16.774
24.0 17.366
24.0 17.421
24.0 17.11
24.0 17.357
24.0 17.096
24.0 17.451
24.0 17.074
24.0 17.195
24.0 16.708
24.0 17.401
24.0 17.087
24.0 17.184
24.0 16.938
24.0 17.031
24.0 16.592
24.0 16.918
24.0 16.704
24.0 16.728
24.0 16.273
24.0 17.156
24.0 17.409
24.0 16.837
24.0 16.955
24.0 17.131
24.0 17.255
24.0 16.837
24.0 16.663
24.0 17.209
24.0 17.293
24.0 16.745
24.0 16.799
24.0 17.114
24.0 17.184
24.0 17.11
24.0 17.056
24.0 17.207
24.0 17.055
24.0 17.323
24.0 16.977
24.0 16.913
24.0 16.991
24.0 16.687
24.0 16.869
24.0 16.926
24.0 16.749
24.0 16.834
24.0 17.258
24.0 16.961
24.0 16.986
24.0 17.255
24.0 17.129
24.0 17.28
24.0 17.127
24.0 17.143
24.0 16.985
24.0 16.651
24.0 16.688
24.0 16.869
24.0 17.083
24.0 17.409
24.0 17.351
24.0 16.967
24.0 16.847
24.0 17.225
24.0 17.211
24.0 16.997
24.0 17.129
24.0 16.703
24.0 16.593
24.0 17.03
24.0 16.784
24.0 17.01
24.0 17.182
24.0 17.164
24.0 17.263
24.0 17.406
24.0 17.374
24.0 17.151
24.0 17.203
24.0 17.502
24.0 17.258
24.0 17.301
24.0 17.608
24.0 17.34
24.0 17.972
24.0 17.133
24.0 16.905
24.0 17.396
24.0 17.266
24.0 17.116
24.0 17.356
24.0 17.297
24.0 17.411
24.0 17.249
24.0 17.261
24.0 17.16
24.0 17.24
24.0 17.347
24.0 16.639
24.0 17.854
24.0 17.627
24.0 17.647
24.0 17.168
24.0 16.765
24.0 16.994
24.0 17.109
24.0 17.255
24.0 17.511
24.0 17.437
24.0 17.34
24.0 17.085
24.0 16.77
24.0 17.015
24.0 17.396
24.0 17.313
24.0 16.965
24.0 17.337
24.0 17.304
24.0 17.776
24.0 17.255
24.0 17.425
24.0 17.087
24.0 17.184
24.0 16.988
24.0 16.989
24.0 17.048
24.0 16.774
24.0 16.868
24.0 17.047
24.0 16.585
24.0 17.036
24.0 16.953
24.0 17.498
24.0 17.08
24.0 17.173
24.0 17.789
24.0 17.511
24.0 17.429
24.0 17.175
24.0 17.215
24.0 17.036
24.0 17.022
24.0 16.757
24.0 16.881
24.0 16.781
24.0 17.163
24.0 17.156
24.0 17.562
24.0 17.948
24.0 17.307
24.0 17.119
24.0 17.304
24.0 17.284
24.0 17.173
24.0 17.195
24.0 17.364
24.0 17.307
24.0 17.075
24.0 17.173
24.0 17.306
24.0 17.425
24.0 16.877
24.0 16.834
24.0 17.25
24.0 16.73
24.0 17.018
24.0 16.548
24.0 16.925
24.0 17.086
24.0 16.752
24.0 16.681
24.0 16.89
24.0 16.966
24.0 17.324
24.0 16.366
24.0 16.858
24.0 16.901
24.0 17.185
24.0 17.303
24.0 17.616
24.0 17.255
24.0 17.436
24.0 17.125
24.0 17.351
24.0 17.275
24.0 17.418
24.0 17.237
24.0 17.125
24.0 17.487
24.0 16.91
24.0 17.032
24.0 17.371
24.0 16.958
24.0 17.221
24.0 17.193
24.0 17.206
24.0 17.259
24.0 17.262
24.0 17.101
24.0 16.942
24.0 16.973
24.0 16.673
24.0 17.221
24.0 17.036
24.0 17.209
24.0 16.658
24.0 17.171
24.0 17.16
24.0 16.558
24.0 16.979
24.0 16.829
24.0 17.127
24.0 16.835
24.0 17.236
24.0 17.157
24.0 17.057
24.0 16.884
24.0 17.389
24.0 16.755
24.0 16.91
24.0 17.332
24.0 17.138
24.0 17.079
24.0 17.216
24.0 17.557
24.0 17.083
24.0 17.199
24.0 17.152
24.0 17.032
24.0 17.256
24.0 16.996
24.0 17.465
24.0 17.43
24.0 16.779
24.0 16.729
24.0 16.876
24.0 17.03
24.0 17.22
24.0 16.777
24.0 17.007
24.0 17.043
24.0 17.077
24.0 16.9
24.0 16.801
24.0 16.992
24.0 17.386
24.0 17.16
24.0 17.257
24.0 17.34
24.0 17.171
24.0 16.821
24.0 16.883
24.0 17.274
24.0 17.626
24.0 17.58
24.0 17.493
24.0 17.545
24.0 16.967
24.0 16.881
24.0 16.885
24.0 17.097
24.0 16.723
24.0 17.309
24.0 16.918
24.0 17.462
24.0 16.993
24.0 17.572
24.0 17.367
24.0 16.897
24.0 17.02
24.0 16.763
24.0 16.999
24.0 17.182
24.0 17.343
24.0 16.995
24.0 17.443
24.0 17.293
24.0 17.211
24.0 17.159
24.0 17.234
24.0 17.047
24.0 17.567
24.0 17.658
24.0 16.776
24.0 17.441
24.0 17.306
24.0 17.303
24.0 17.519
24.0 17.104
24.0 17.233
24.0 17.158
24.0 17.518
24.0 17.198
24.0 16.932
24.0 17.376
24.0 16.481
24.0 17.151
24.0 17.166
24.0 17.308
24.0 17.277
24.0 16.84
24.0 16.747
24.0 16.491
24.0 16.748
24.0 17.037
24.0 16.829
24.0 16.929
24.0 17.287
24.0 17.117
24.0 17.184
24.0 17.305
24.0 17.14
24.0 17.243
24.0 17.348
24.0 17.092
24.0 17.174
24.0 16.953
24.0 17.113
24.0 16.746
24.0 17.016
24.0 17.492
24.0 17.202
24.0 17.526
24.0 17.246
24.0 17.312
24.0 16.919
24.0 17.08
24.0 16.84
24.0 17.243
24.0 16.917
24.0 17.218
24.0 16.802
24.0 17.094
24.0 17.011
24.0 17.262
24.0 17.17
24.0 17.058
24.0 16.84
24.0 17.041
24.0 16.687
24.0 16.863
24.0 16.847
24.0 17.126
24.0 17.297
24.0 16.806
24.0 17.204
24.0 17.386
24.0 17.308
24.0 17.265
24.0 17.281
24.0 16.991
24.0 16.884
24.0 16.969
24.0 16.752
24.0 17.249
24.0 17.074
24.0 16.805
24.0 16.779
24.0 17.019
24.0 16.822
24.0 17.447
24.0 17.047
24.0 17.264
24.0 16.807
24.0 17.037
24.0 16.938
24.0 16.866
24.0 17.178
24.0 17.712
24.0 17.356
24.0 17.111
24.0 16.991
24.0 17.092
24.0 17.102
24.0 17.376
24.0 17.312
24.0 17.559
24.0 17.434
24.0 16.758
24.0 17.247
24.0 17.128
24.0 17.348
24.0 16.774
24.0 17.057
24.0 17.142
24.0 17.157
24.0 16.997
24.0 16.882
24.0 17.25
24.0 17.08
24.0 17.39
24.0 17.426
24.0 17.159
24.0 16.83
24.0 16.944
24.0 17.332
24.0 17.291
24.0 16.958
24.0 16.983
24.0 17.01
24.0 17.237
24.0 17.272
24.0 17.141
24.0 17.217
24.0 17.124
24.0 16.812
24.0 17.341
24.0 17.148
24.0 17.187
24.0 16.818
24.0 17.534
24.0 16.667
24.0 17.004
24.0 16.955
24.0 17.34
24.0 17.11
24.0 17.068
24.0 16.804
24.0 17.178
24.0 16.953
24.0 17.017
24.0 16.604
24.0 17.266
24.0 17.32
24.0 16.729
24.0 17.31
24.0 17.404
24.0 16.885
24.0 17.234
24.0 16.941
24.0 16.909
24.0 17.251
24.0 17.026
24.0 17.352
24.0 17.415
24.0 17.183
24.0 17.268
24.0 17.154
24.0 17.218
500
13.0 -37.08
15.5 -8.351
17.5 2.981
18.5 7.865
18.5 10.064
20.5 11.612
20.5 12.25
21.5 12.869
21.5 13.241
22.0 13.445
22.0 14.11
22.0 14.595
22.0 14.676
22.0 15.108
22.5 14.969
23.5 15.07
23.5 15.335
24.0 15.796
24.0 16.041
24.0 15.637
24.0 15.689
24.0 15.873
24.0 16.089
24.0 15.796
24.0 16.837
24.0 16.467
24.0 16.773
24.0 16.887
24.0 17.411
24.0 17.114
24.0 17.363
24.0 17.547
24.0 17.568
24.0 17.1
24.0 17.527
24.0 17.045
24.0 16.889
24.0 17.229
24.0 17.229
24.0 16.882
24.0 17.071
24.0 17.084
24.0 17.133
24.0 17.597
24.0 16.871
24.0 17.18
24.0 17.135
24.0 17.021
24.0 17.201
24.0 16.95
24.0 17.157
24.0 17.566
24.0 17.395
24.0 17.492
24.0 17.422
24.0 17.499
24.0 17.756
24.0 17.272
24.0 17.501
24.0 16.732
24.0 16.77
24.0 17.445
24.0 17.781
24.0 17.263
24.0 17.244
24.0 17.189
24.0 17.48
24.0 17.292
24.0 17.322
24.0 17.233
24.0 16.829
24.0 16.853
24.0 16.602
24.0 17.032
24.0 17.193
24.0 17.393
24.0 17.39
24.0 17.714
24.0 17.072
24.0 17.007
24.0 16.998
24.0 17.178
24.0 17.249
24.0 17.154
24.0 17.618
24.0 16.947
24.0 16.944
24.0 17.162
24.0 17.411
24.0 17.108
24.0 17.132
24.0 17.414
24.0 17.024
24.0 16.908
24.0 17.238
24.0 17.106
24.0 16.965
24.0 17.465
24.0 17.125
24.0 17.171
24.0 17.276
24.0 17.156
24.0 16.994
24.0 17.436
24.0 17.115
24.0 17.28
24.0 16.978
24.0 17.047
24.0 17.393
24.0 17.256
24.0 17.564
24.0 16.832
24.0 17.151
24.0 17.151
24.0 17.27
24.0 17.2
24.0 17.137
24.0 17.394
24.0 17.699
24.0 17.168
24.0 17.174
24.0 17.159
24.0 17.051
24.0 17.404
24.0 17.184
24.0 17.67
24.0 17.742
24.0 17.351
24.0 17.287
24.0 17.374
24.0 16.848
24.0 17.001
24.0 17.668
24.0 17.734
24.0 17.373
24.0 17.577
24.0 17.763
24.0 17.339
24.0 17.456
24.0 17.189
24.0 17.045
24.0 17.528
24.0 17.488
24.0 17.664
24.0 17.503
24.0 17.141
24.0 17.206
24.0 17.371
24.0 17.288
24.0 16.809
24.0 16.622
24.0 17.223
24.0 17.029
24.0 16.784
24.0 17.339
24.0 17.59
24.0 17.423
24.0 17.248
24.0 16.868
24.0 16.911
24.0 16.901
24.0 17.216
24.0 16.957
24.0 17.059
24.0 17.192
24.0 17.533
24.0 17.201
24.0 17.321
24.0 17.177
24.0 17.376
24.0 17.306
24.0 16.869
24.0 17.185
24.0 17.238
24.0 17.416
24.0 17.44
24.0 17.389
24.0 17.217
24.0 16.909
24.0 16.91
24.0 16.717
24.0 17.111
24.0 17.185
24.0 17.728
24.0 17.363
24.0 17.302
24.0 16.599
24.0 17.439
24.0 17.48
24.0 17.079
24.0 17.222
24.0 17.168
24.0 17.197
24.0 17.377
24.0 17.292
24.0 17.413
24.0 17.581
24.0 17.752
24.0 17.334
24.0 17.331
24.0 17.27
24.0 17.42
24.0 17.452
24.0 17.221
24.0 17.436
24.0 17.414
24.0 17.123
24.0 17.308
24.0 17.324
24.0 16.772
24.0 16.685
24.0 17.223
24.0 17.038
24.0 17.05
24.0 17.398
24.0 17.233
24.0 17.13
24.0 16.932
24.0 17.273
24.0 17.171
24.0 17.49
24.0 17.554
24.0 17.192
24.0 16.935
24.0 17.118
24.0 17.47
24.0 17.364
24.0 17.18
24.0 17.501
24.0 17.226
24.0 17.321
24.0 17.439
24.0 17.165
24.0 17.129
24.0 17.014
24.0 16.685
24.0 16.809
24.0 17.009
24.0 17.148
24.0 17.063
24.0 17.263
24.0 17.018
24.0 17.112
24.0 17.049
24.0 17.092
24.0 17.351
24.0 17.311
24.0 17.325
24.0 17.19
24.0 17.414
24.0 17.017
24.0 17.173
24.0 16.493
24.0 17.216
24.0 17.252
24.0 16.882
24.0 16.941
24.0 17.432
24.0 17.187
24.0 17.298
24.0 17.192
24.0 17.105
24.0 17.232
24.0 17.235
24.0 16.718
24.0 17.113
24.0 16.925
24.0 17.249
24.0 17.009
24.0 17.432
24.0 17.509
24.0 17.476
24.0 17.826
24.0 17.567
24.0 17.506
24.0 17.591
24.0 17.427
24.0 17.273
24.0 17.045
24.0 16.875
24.0 16.656
24.0 16.988
24.0 17.048
24.0 17.12
24.0 17.099
24.0 17.508
24.0 17.507
24.0 17.621
24.0 17.362
24.0 17.491
24.0 17.421
24.0 17.47
24.0 17.277
24.0 16.657
24.0 17.152
24.0 17.069
24.0 17.4
24.0 17.384
24.0 17.033
24.0 17.174
24.0 17.277
24.0 17.46
24.0 17.043
24.0 17.087
24.0 17.647
24.0 17.611
24.0 17.079
24.0 17.624
24.0 17.47
24.0 17.331
24.0 17.089
24.0 17.168
24.0 17.596
24.0 17.675
24.0 17.012
24.0 17.499
24.0 17.693
24.0 17.031
24.0 17.244
24.0 17.199
24.0 17.441
24.0 17.741
24.0 17.549
24.0 16.987
24.0 17.203
24.0 17.135
24.0 17.221
24.0 17.398
24.0 17.211
24.0 17.23
24.0 17.239
24.0 17.253
24.0 17.442
24.0 17.8
24.0 17.279
24.0 16.902
24.0 16.95
24.0 17.488
24.0 17.163
24.0 17.56
24.0 17.425
24.0 17.406
24.0 17.411
24.0 17.167
24.0 17.144
24.0 16.983
24.0 16.785
24.0 17.312
24.0 16.682
24.0 17.479
24.0 17.298
24.0 17.257
24.0 16.924
24.0 16.959
24.0 16.993
24.0 16.734
24.0 16.849
24.0 17.253
24.0 17.017
24.0 17.287
24.0 17.447
24.0 16.799
24.0 17.086
24.0 16.995
24.0 17.46
24.0 17.434
24.0 17.576
24.0 17.79
24.0 17.381
24.0 17.478
24.0 17.148
24.0 17.219
24.0 17.621
24.0 17.28
24.0 17.399
24.0 17.247
24.0 17.374
24.0 17.092
24.0 17.469
24.0 17.877
24.0 17.564
24.0 17.85
24.0 17.601
24.0 17.721
24.0 17.258
24.0 17.292
24.0 17.504
24.0 17.561
24.0 17.302
24.0 17.0
24.0 16.929
24.0 17.322
24.0 17.292
24.0 17.048
24.0 17.053
24.0 17.181
24.0 17.194
24.0 17.41
24.0 17.45
24.0 16.89
24.0 17.51
24.0 17.494
24.0 17.445
24.0 17.761
24.0 17.459
24.0 16.96
24.0 17.772
24.0 17.18
24.0 17.11
24.0 17.44
24.0 17.021
24.0 17.201
24.0 17.18
24.0 17.09
24.0 17.253
24.0 17.368
24.0 17.148
24.0 17.121
24.0 17.718
24.0 17.645
24.0 17.256
24.0 17.088
24.0 17.409
24.0 17.423
24.0 17.122
24.0 17.101
24.0 17.283
24.0 16.951
24.0 17.511
24.0 17.3
24.0 17.291
24.0 17.582
24.0 17.459
24.0 17.059
24.0 17.015
24.0 17.391
24.0 16.951
24.0 16.998
24.0 16.822
24.0 16.934
24.0 16.804
24.0 17.313
24.0 17.394
24.0 17.216
24.0 17.006
24.0 17.308
24.0 17.221
24.0 17.638
24.0 17.109
24.0 16.649
24.0 17.248
24.0 17.129
24.0 17.321
24.0 17.381
24.0 17.377
24.0 16.708
24.0 17.111
24.0 17.131
24.0 16.984
24.0 17.054
24.0 17.166
24.0 17.141
24.0 17.024
24.0 17.198
24.0 17.461
24.0 17.219
24.0 17.319
24.0 17.237
24.0 17.238
24.0 16.986
24.0 17.238
24.0 16.94
24.0 17.13
24.0 17.426
24.0 17.699
24.0 17.299
24.0 17.269
24.0 17.246
24.0 17.144
24.0 17.107
24.0 17.298
24.0 17.608
24.0 17.617
24.0 17.074
24.0 17.433
24.0 17.202
24.0 17.245
24.0 16.84
24.0 17.56
24.0 16.99
24.0 17.075
24.0 17.357
24.0 17.193
24.0 17.421
24.0 17.374
24.0 17.608
24.0 17.096
24.0 17.256
24.0 17.042
24.0 16.554
500
9.5 -38.16
13.5 -8.286
16.5 2.982
17.5 7.865
18.0 10.433
19.0 11.54
20.0 12.261
20.0 12.529
21.5 13.063
21.5 13.495
21.5 13.335
23.0 13.802
23.0 13.706
23.0 14.277
23.0 14.208
23.0 15.173
23.0 15.345
24.5 15.792
24.5 15.984
24.5 16.218
24.5 16.6
24.5 16.718
24.5 16.137
24.5 16.81
24.5 17.243
24.5 17.894
24.5 17.748
24.5 17.252
24.5 17.015
24.5 17.206
24.5 16.831
24.5 16.882
24.5 17.44
24.5 17.137
24.5 17.057
24.5 17.201
24.5 17.161
24.5 17.06
24.5 17.179
24.5 17.22
24.5 17.452
24.5 17.32
24.5 17.154
24.5 16.779
24.5 17.121
24.5 17.423
24.5 16.866
24.5 17.278
24.5 17.266
24.5 17.629
24.5 17.002
24.5 16.823
24.5 17.208
24.5 16.978
24.5 16.834
24.5 16.826
24.5 17.315
24.5 16.868
24.5 17.307
24.5 17.173
24.5 17.466
24.5 16.949
24.5 16.835
24.5 16.638
24.5 16.573
24.5 16.91
24.5 17.111
24.5 16.698
24.5 16.804
24.5 16.967
24.5 16.788
24.5 16.586
24.5 16.967
24.5 17.36
24.5 16.938
24.5 17.007
24.5 16.882
24.5 17.279
24.5 17.105
24.5 16.935
24.5 16.952
24.5 16.626
24.5 16.981
24.5 17.597
24.5 17.113
24.5 17.108
24.5 17.087
24.5 17.228
24.5 17.491
24.5 17.177
24.5 16.754
24.5 17.395
24.5 17.057
24.5 17.131
24.5 16.883
24.5 17.134
24.5 17.554
24.5 16.846
24.5 16.829
24.5 16.472
24.5 17.02
24.5 16.953
24.5 16.96
24.5 17.027
24.5 16.921
24.5 16.93
24.5 17.491
24.5 17.044
24.5 17.19
24.5 17.178
24.5 17.06
24.5 16.602
24.5 16.852
24.5 17.2
24.5 16.898
24.5 16.84
24.5 17.305
24.5 17.076
24.5 17.097
24.5 17.285
24.5 17.092
24.5 17.014
24.5 16.926
24.5 16.866
24.5 16.848
24.5 16.984
24.5 17.062
24.5 16.55
24.5 17.044
24.5 16.888
24.5 16.995
24.5 16.886
24.5 17.1
24.5 17.045
24.5 16.88
24.5 17.013
24.5 16.988
24.5 16.748
24.5 16.745
24.5 16.773
24.5 17.459
24.5 17.077
24.5 17.034
24.5 17.293
24.5 17.464
24.5 17.067
24.5 17.292
24.5 16.469
24.5 17.376
24.5 17.334
24.5 17.462
24.5 17.035
24.5 17.105
24.5 17.106
24.5 17.409
24.5 17.3
24.5 17.294
24.5 17.133
24.5 17.728
24.5 17.205
24.5 17.414
24.5 17.155
24.5 16.906
24.5 17.069
24.5 16.611
24.5 16.766
24.5 16.915
24.5 17.025
24.5 16.768
24.5 16.886
24.5 16.645
24.5 17.092
24.5 17.082
24.5 16.76
24.5 17.106
24.5 16.807
24.5 17.087
24.5 16.977
24.5 17.036
24.5 17.371
24.5 16.862
24.5 17.291
24.5 17.247
24.5 17.522
24.5 17.614
24.5 17.312
24.5 17.225
24.5 17.254
24.5 17.017
24.5 16.781
24.5 16.91
24.5 16.997
24.5 16.902
24.5 16.809
24.5 16.836
24.5 16.619
24.5 17.015
24.5 16.775
24.5 17.026
24.5 17.062
24.5 17.324
24.5 17.058
24.5 17.205
24.5 17.06
24.5 17.089
24.5 17.002
24.5 17.089
24.5 17.356
24.5 16.732
24.5 16.975
24.5 17.272
24.5 17.34
24.5 17.13
24.5 17.232
24.5 17.249
24.5 17.121
24.5 17.04
24.5 17.186
24.5 17.188
24.5 17.213
24.5 17.095
24.5 17.136
24.5 16.856
24.5 16.84
24.5 16.827
24.5 16.968
24.5 17.067
24.5 17.202
24.5 17.265
24.5 17.209
24.5 17.397
24.5 17.337
24.5 17.26
24.5 17.606
24.5 17.271
24.5 17.411
24.5 17.177
24.5 17.202
24.5 16.776
24.5 16.91
24.5 16.797
24.5 16.997
24.5 16.885
24.5 17.366
24.5 16.839
24.5 17.31
24.5 17.337
24.5 17.029
24.5 17.382
24.5 17.333
24.5 17.664
24.5 17.372
24.5 17.162
24.5 17.684
24.5 17.432
24.5 17.02
24.5 16.498
24.5 16.12
24.5 16.543
24.5 16.952
24.5 16.69
24.5 16.868
24.5 16.986
24.5 16.897
24.5 17.339
24.5 17.484
24.5 17.615
24.5 17.082
24.5 16.805
24.5 17.215
24.5 17.142
24.5 16.948
24.5 17.056
24.5 17.035
24.5 17.607
24.5 17.342
24.5 16.989
24.5 17.072
24.5 17.225
24.5 16.511
24.5 16.913
24.5 17.054
24.5 17.212
24.5 17.416
24.5 16.994
24.5 17.47
24.5 17.433
24.5 17.51
24.5 16.933
24.5 17.024
24.5 17.424
24.5 17.403
24.5 17.354
24.5 16.966
24.5 17.216
24.5 17.116
24.5 17.492
24.5 17.555
24.5 17.394
24.5 16.982
24.5 16.704
24.5 16.773
24.5 16.842
24.5 17.029
24.5 17.182
24.5 16.988
24.5 17.062
24.5 17.025
24.5 16.748
24.5 16.585
24.5 17.131
24.5 17.299
24.5 17.24
24.5 17.051
24.5 17.237
24.5 16.838
24.5 17.336
24.5 17.168
24.5 17.241
24.5 17.591
24.5 16.969
24.5 17.39
24.5 17.534
24.5 17.373
24.5 17.48
24.5 17.258
24.5 17.566
24.5 17.411
24.5 17.482
24.5 17.342
24.5 17.402
24.5 17.305
24.5 17.217
24.5 17.276
24.5 17.561
24.5 17.238
24.5 17.126
24.5 17.39
24.5 17.177
24.5 17.198
24.5 16.856
24.5 16.922
24.5 17.152
24.5 16.889
24.5 17.378
24.5 17.216
24.5 17.07
24.5 16.56
24.5 17.125
24.5 17.202
24.5 17.238
24.5 16.929
24.5 17.341
24.5 16.882
24.5 17.302
24.5 17.471
24.5 17.067
24.5 17.34
24.5 16.845
24.5 17.155
24.5 17.244
24.5 17.478
24.5 17.246
24.5 16.804
24.5 16.843
24.5 16.895
24.5 16.901
24.5 16.977
24.5 17.606
24.5 16.894
24.5 17.248
24.5 17.432
24.5 17.254
24.5 16.826
24.5 17.419
24.5 17.137
24.5 17.212
24.5 17.151
24.5 17.346
24.5 17.55
24.5 16.902
24.5 16.988
24.5 17.619
24.5 17.475
24.5 16.898
24.5 16.785
24.5 16.87
24.5 17.215
24.5 17.47
24.5 17.358
24.5 17.5
24.5 17.258
24.5 17.547
24.5 17.692
24.5 17.574
24.5 17.792
24.5 17.371
24.5 17.452
24.5 16.592
24.5 16.842
24.5 16.762
24.5 16.827
24.5 16.724
24.5 16.716
24.5 17.087
24.5 17.602
24.5 17.372
24.5 16.945
24.5 17.041
24.5 17.223
24.5 17.113
24.5 17.315
24.5 17.001
24.5 17.356
24.5 17.23
24.5 17.119
24.5 16.915
24.5 16.72
24.5 16.738
24.5 17.135
24.5 17.175
24.5 17.197
24.5 17.31
24.5 16.96
24.5 16.357
24.5 16.736
24.5 16.93
24.5 17.086
24.5 17.083
24.5 17.345
24.5 16.836
24.5 16.963
24.5 16.919
24.5 16.93
24.5 16.805
24.5 16.706
24.5 16.662
24.5 16.829
24.5 17.377
24.5 17.135
24.5 17.625
24.5 17.175
24.5 17.251
24.5 17.185
24.5 16.682
24.5 16.407
24.5 17.212
24.5 16.868
24.5 17.494
24.5 17.018
24.5 17.133
24.5 17.417
24.5 16.606
24.5 16.667
24.5 17.247
24.5 17.363
24.5 16.903
24.5 16.912
24.5 16.741
24.5 16.943
24.5 16.985
24.5 16.957
24.5 16.61
24.5 16.843
24.5 16.969
24.5 16.638
24.5 16.823
24.5 17.104
24.5 17.212
24.5 16.85
24.5 17.096
24.5 17.089
24.5 17.295
24.5 17.024
24.5 16.943
24.5 17.001
24.5 17.21
24.5 16.862
24.5 17.129
24.5 17.208
24.5 17.124
24.5 17.485
24.5 17.112
24.5 17.213
24.5 17.213
24.5 17.725
24.5 17.167
24.5 17.072
24.5 17.083
24.5 17.602
24.5 17.164
24.5 17.07
24.5 17.005
24.5 16.786
24.5 16.759
24.5 16.753
24.5 17.133
24.5 17.125
24.5 17.17
24.5 16.99
500
13.5 -35.983
14.0 -6.241
17.5 4.681
19.5 9.108
20.5 11.417
20.5 12.323
20.5 13.225
22.5 13.583
22.5 13.924
22.5 13.991
22.5 14.327
22.5 14.954
22.5 14.854
22.5 15.111
23.5 15.281
23.5 15.603
23.5 15.24
23.5 15.333
23.5 15.629
23.5 15.457
24.0 15.657
24.0 15.812
24.0 15.752
24.0 16.022
24.0 16.074
24.5 16.219
24.5 16.541
24.5 16.381
24.5 16.578
24.5 16.784
24.5 17.298
24.5 16.614
24.5 17.001
24.5 17.085
24.5 16.938
24.5 16.985
24.5 17.164
24.5 16.99
24.5 17.035
24.5 16.875
24.5 17.241
24.5 17.092
24.5 16.89
24.5 17.281
24.5 16.792
24.5 16.98
24.5 17.128
24.5 16.844
24.5 16.689
24.5 17.198
24.5 16.793
24.5 16.857
24.5 16.799
24.5 16.806
24.5 17.214
24.5 16.976
24.5 17.005
24.5 16.743
24.5 16.997
24.5 17.331
24.5 17.156
24.5 16.742
24.5 16.639
24.5 16.608
24.5 16.633
24.5 16.97
24.5 16.742
24.5 16.567
24.5 17.145
24.5 17.045
24.5 16.889
24.5 16.786
24.5 16.879
24.5 16.779
24.5 16.612
24.5 16.953
24.5 17.171
24.5 17.128
24.5 17.119
24.5 16.531
24.5 17.473
24.5 16.948
24.5 16.943
24.5 17.315
24.5 16.567
24.5 17.068
24.5 17.226
24.5 17.627
24.5 17.418
24.5 17.267
24.5 17.082
24.5 17.324
24.5 17.24
24.5 17.303
24.5 16.662
24.5 17.221
24.5 17.46
24.5 17.272
24.5 17.881
24.5 16.975
24.5 17.11
24.5 17.353
24.5 16.624
24.5 17.234
24.5 17.133
24.5 17.172
24.5 17.063
24.5 17.605
24.5 17.164
24.5 17.15
24.5 16.969
24.5 17.466
24.5 17.466
24.5 17.538
24.5 17.181
24.5 17.184
24.5 17.203
24.5 17.35
24.5 17.296
24.5 17.393
24.5 17.387
24.5 17.373
24.5 17.49
24.5 17.679
24.5 17.214
24.5 17.0
24.5 16.933
24.5 16.517
24.5 16.409
24.5 17.248
24.5 17.101
24.5 17.307
24.5 16.886
24.5 17.361
24.5 17.444
24.5 17.175
24.5 17.235
24.5 17.108
24.5 17.427
24.5 17.488
24.5 17.493
24.5 17.382
24.5 16.89
24.5 17.245
24.5 17.342
24.5 16.845
24.5 17.183
24.5 17.073
24.5 17.456
24.5 17.403
24.5 17.377
24.5 17.28
24.5 17.031
24.5 17.297
24.5 17.019
24.5 17.517
24.5 17.347
24.5 17.016
24.5 17.111
24.5 17.339
24.5 17.135
24.5 17.169
24.5 16.998
24.5 16.866
24.5 16.525
24.5 16.83
24.5 16.953
24.5 17.412
24.5 17.326
24.5 17.233
24.5 16.914
24.5 17.691
24.5 17.15
24.5 16.864
24.5 16.741
24.5 16.55
24.5 16.418
24.5 16.543
24.5 16.865
24.5 17.099
24.5 17.411
24.5 17.704
24.5 17.422
24.5 16.788
24.5 17.188
24.5 16.929
24.5 17.512
24.5 16.987
24.5 17.45
24.5 16.745
24.5 17.278
24.5 16.736
24.5 17.144
24.5 16.805
24.5 16.713
24.5 17.322
24.5 17.188
24.5 17.359
24.5 17.663
24.5 17.306
24.5 17.029
24.5 16.852
24.5 17.144
24.5 17.301
24.5 17.063
24.5 16.638
24.5 16.795
24.5 16.795
24.5 16.951
24.5 17.097
24.5 17.316
24.5 17.551
24.5 17.104
24.5 17.297
24.5 16.363
24.5 16.408
24.5 17.011
24.5 16.983
24.5 17.403
24.5 17.101
24.5 17.304
24.5 16.968
24.5 17.087
24.5 17.158
24.5 16.864
24.5 17.054
24.5 16.843
24.5 16.998
24.5 17.263
24.5 17.129
24.5 17.465
24.5 17.017
24.5 17.144
24.5 17.026
24.5 17.011
24.5 17.156
24.5 17.041
24.5 16.862
24.5 16.914
24.5 17.131
24.5 16.657
24.5 16.827
24.5 16.625
24.5 16.466
24.5 16.787
24.5 17.231
24.5 16.555
24.5 17.091
24.5 17.17
24.5 16.245
24.5 16.757
24.5 16.415
24.5 17.108
24.5 17.084
24.5 17.184
24.5 17.558
24.5 16.85
24.5 17.194
24.5 17.068
24.5 17.067
24.5 17.433
24.5 17.071
24.5 17.234
24.5 16.938
24.5 17.144
24.5 16.646
24.5 16.735
24.5 17.458
24.5 17.205
24.5 16.938
24.5 16.817
24.5 16.686
24.5 17.24
24.5 17.332
24.5 17.308
24.5 17.245
24.5 17.322
24.5 17.174
24.5 17.62
24.5 17.048
24.5 17.167
24.5 17.596
24.5 17.144
24.5 16.963
24.5 17.317
24.5 17.421
24.5 17.305
24.5 16.958
24.5 16.898
24.5 17.485
24.5 16.797
24.5 17.23
24.5 17.16
24.5 17.347
24.5 17.263
24.5 16.91
24.5 17.04
24.5 16.986
24.5 17.02
24.5 16.575
24.5 16.926
24.5 16.692
24.5 17.105
24.5 16.935
24.5 17.719
24.5 17.11
24.5 17.409
24.5 17.499
24.5 17.148
24.5 17.281
24.5 16.802
24.5 17.021
24.5 16.86
24.5 17.1
24.5 17.062
24.5 17.491
24.5 17.252
24.5 17.263
24.5 17.043
24.5 17.162
24.5 17.163
24.5 17.253
24.5 17.189
24.5 17.156
24.5 17.508
24.5 17.284
24.5 16.985
24.5 16.991
24.5 17.41
24.5 16.948
24.5 17.091
24.5 16.699
24.5 17.188
24.5 17.153
24.5 17.23
24.5 17.213
24.5 17.161
24.5 17.169
24.5 17.331
24.5 17.454
24.5 17.223
24.5 16.816
24.5 17.114
24.5 16.955
24.5 17.247
24.5 17.26
24.5 17.1
24.5 17.052
24.5 17.043
24.5 16.9
24.5 16.758
24.5 16.727
24.5 16.67
24.5 16.821
24.5 17.206
24.5 17.365
24.5 17.136
24.5 17.136
24.5 16.839
24.5 17.017
24.5 17.198
24.5 17.24
24.5 17.122
24.5 17.085
24.5 16.896
24.5 17.084
24.5 17.12
24.5 17.098
24.5 16.74
24.5 16.921
24.5 16.99
24.5 17.242
24.5 16.743
24.5 17.059
24.5 17.4
24.5 17.076
24.5 17.126
24.5 17.509
24.5 17.635
24.5 17.307
24.5 16.884
24.5 17.214
24.5 16.971
24.5 17.567
24.5 16.986
24.5 16.762
24.5 17.135
24.5 17.32
24.5 17.043
24.5 17.42
24.5 17.435
24.5 17.259
24.5 17.101
24.5 17.203
24.5 17.216
24.5 17.272
24.5 16.579
24.5 17.369
24.5 17.398
24.5 17.505
24.5 16.766
24.5 17.103
24.5 17.459
24.5 17.462
24.5 16.928
24.5 16.687
24.5 16.475
24.5 16.921
24.5 17.012
24.5 16.971
24.5 16.998
24.5 17.291
24.5 17.419
24.5 16.635
24.5 17.027
24.5 16.644
24.5 16.702
24.5 17.073
24.5 17.398
24.5 17.209
24.5 17.486
24.5 17.045
24.5 17.427
24.5 17.221
24.5 17.145
24.5 16.658
24.5 17.158
24.5 17.098
24.5 17.36
24.5 17.408
24.5 17.418
24.5 17.16
24.5 17.359
24.5 17.192
24.5 16.947
24.5 17.008
24.5 16.797
24.5 16.965
24.5 17.209
24.5 17.199
24.5 17.239
24.5 17.075
24.5 16.958
24.5 17.347
24.5 16.708
24.5 17.155
24.5 17.764
24.5 17.378
24.5 17.312
24.5 16.996
24.5 17.264
24.5 17.283
24.5 17.171
24.5 17.58
24.5 17.299
24.5 17.07
24.5 16.64
24.5 17.239
24.5 17.239
24.5 17.355
24.5 17.459
24.5 16.852
24.5 17.282
24.5 16.981
24.5 16.746
24.5 17.293
24.5 17.029
24.5 17.324
24.5 17.366
24.5 17.4
24.5 17.718
24.5 17.395
24.5 17.351
24.5 17.05
24.5 17.241
24.5 16.679
24.5 17.017
24.5 16.598
24.5 16.546
24.5 16.997
24.5 17.206
24.5 17.245
24.5 16.957
24.5 16.993
24.5 17.505
24.5 17.26
24.5 16.924
24.5 17.084
24.5 17.054
24.5 16.888
24.5 17.185
24.5 17.352
24.5 17.327
24.5 17.388
24.5 17.184
24.5 17.729
24.5 17.139
24.5 16.918
24.5 16.864
24.5 16.92
500
12.5 -36.355
16.5 -6.597
17.0 3.67
18.0 8.025
19.0 10.609
19.0 11.716
20.0 12.007
21.5 13.289
21.5 14.004
21.5 13.593
21.5 13.995
21.5 14.348
22.5 14.094
22.5 14.674
22.5 15.014
23.5 14.985
23.5 15.56
24.0 16.224
24.0 16.506
24.0 16.466
24.0 16.824
24.0 16.708
24.0 16.698
24.0 16.602
24.0 16.533
24.0 16.827
24.0 16.884
24.0 17.297
24.0 16.817
24.0 17.073
24.0 16.993
24.0 17.229
24.0 16.976
24.0 16.968
24.0 17.013
24.0 16.759
24.0 17.056
24.0 17.282
24.0 17.19
24.0 17.111
24.0 17.043
24.0 17.321
24.0 17.141
24.0 17.01
24.0 17.019
24.0 17.229
24.0 17.138
24.0 17.792
24.0 17.09
24.0 17.35
24.0 17.389
24.0 17.123
24.0 17.135
24.0 17.037
24.0 17.137
24.0 17.16
24.0 17.289
24.0 16.967
24.0 16.948
24.0 16.666
24.0 16.796
24.0 17.089
24.0 17.167
24.0 17.194
24.0 17.487
24.0 17.517
24.0 17.353
24.0 17.486
24.0 16.961
24.0 16.857
24.0 17.167
24.0 17.475
24.0 17.282
24.0 17.214
24.0 17.318
24.0 17.199
24.0 17.156
24.0 17.328
24.0 17.437
24.0 17.434
24.0 17.389
24.0 16.733
24.0 17.21
24.0 17.312
24.0 17.051
24.0 17.156
24.0 17.321
24.0 17.199
24.0 17.236
24.0 17.057
24.0 17.315
24.0 17.194
24.0 16.953
24.0 17.447
24.0 17.154
24.0 17.227
24.0 16.863
24.0 17.061
24.0 16.508
24.0 16.911
24.0 16.97
24.0 17.544
24.0 17.28
24.0 17.827
24.0 17.281
24.0 17.206
24.0 17.258
24.0 17.464
24.0 17.108
24.0 17.34
24.0 17.762
24.0 17.462
24.0 16.983
24.0 17.359
24.0 17.305
24.0 17.198
24.0 17.495
24.0 17.4
24.0 17.49
24.0 17.255
24.0 17.517
24.0 17.284
24.0 17.105
24.0 17.265
24.0 17.258
24.0 17.294
24.0 17.305
24.0 16.94
24.0 17.379
24.0 17.102
24.0 17.053
24.0 16.69
24.0 16.981
24.0 17.162
24.0 17.141
24.0 17.256
24.0 17.451
24.0 17.779
24.0 17.596
24.0 17.473
24.0 17.26
24.0 17.367
24.0 17.085
24.0 17.598
24.0 17.529
24.0 17.232
24.0 17.083
24.0 17.078
24.0 17.057
24.0 17.477
24.0 16.896
24.0 17.329
24.0 17.093
24.0 17.371
24.0 17.371
24.0 17.297
24.0 17.497
24.0 17.161
24.0 17.264
24.0 17.192
24.0 17.375
24.0 17.04
24.0 17.045
24.0 16.976
24.0 17.122
24.0 16.972
24.0 16.792
24.0 17.579
24.0 17.064
24.0 16.352
24.0 17.1
24.0 17.241
24.0 17.23
24.0 17.197
24.0 17.157
24.0 17.392
24.0 17.309
24.0 17.336
24.0 17.564
24.0 17.066
24.0 17.315
24.0 17.035
24.0 16.761
24.0 17.252
24.0 16.807
24.0 16.879
24.0 17.045
24.0 17.027
24.0 17.034
24.0 17.439
24.0 17.191
24.0 17.471
24.0 17.391
24.0 17.445
24.0 16.884
24.0 17.444
24.0 17.632
24.0 17.264
24.0 17.102
24.0 17.032
24.0 17.24
24.0 17.121
24.0 17.2
24.0 17.183
24.0 17.688
24.0 17.172
24.0 17.632
24.0 17.323
24.0 17.286
24.0 17.162
24.0 17.869
24.0 18.007
24.0 17.432
24.0 17.332
24.0 17.207
24.0 17.326
24.0 17.674
24.0 17.174
24.0 16.933
24.0 17.233
24.0 17.164
24.0 17.23
24.0 17.389
24.0 17.221
24.0 17.071
24.0 17.106
24.0 16.801
24.0 16.562
24.0 17.067
24.0 17.201
24.0 16.887
24.0 16.863
24.0 16.888
24.0 16.963
24.0 16.983
24.0 17.257
24.0 17.041
24.0 17.248
24.0 16.851
24.0 17.548
24.0 17.504
24.0 17.393
24.0 17.347
24.0 17.163
24.0 16.748
24.0 17.353
24.0 17.292
24.0 17.384
24.0 17.084
24.0 17.044
24.0 16.858
24.0 17.142
24.0 17.035
24.0 17.468
24.0 17.317
24.0 17.87
24.0 17.391
24.0 17.177
24.0 17.312
24.0 17.116
24.0 17.141
24.0 16.748
24.0 17.403
24.0 17.192
24.0 16.835
24.0 16.906
24.0 16.919
24.0 16.818
24.0 17.062
24.0 17.193
24.0 16.914
24.0 16.617
24.0 16.977
24.0 16.925
24.0 17.016
24.0 16.62
24.0 17.04
24.0 17.094
24.0 17.548
24.0 17.219
24.0 17.463
24.0 17.246
24.0 17.603
24.0 17.335
24.0 17.156
24.0 16.777
24.0 16.814
24.0 16.741
24.0 16.88
24.0 17.236
24.0 17.079
24.0 17.021
24.0 17.285
24.0 17.718
24.0 17.093
24.0 17.425
24.0 17.413
24.0 17.316
24.0 17.685
24.0 17.275
24.0 17.296
24.0 17.266
24.0 17.25
24.0 16.771
24.0 16.97
24.0 17.012
24.0 17.255
24.0 17.057
24.0 17.289
24.0 17.339
24.0 17.322
24.0 17.323
24.0 17.53
24.0 17.568
24.0 17.626
24.0 17.064
24.0 17.318
24.0 17.27
24.0 17.315
24.0 17.012
24.0 17.223
24.0 17.602
24.0 17.52
24.0 17.355
24.0 17.692
24.0 17.557
24.0 17.019
24.0 17.391
24.0 16.847
24.0 17.213
24.0 17.318
24.0 17.116
24.0 17.115
24.0 16.932
24.0 16.422
24.0 16.921
24.0 17.01
24.0 16.548
24.0 17.089
24.0 17.239
24.0 17.138
24.0 17.103
24.0 16.849
24.0 16.951
24.0 17.589
24.0 17.58
24.0 17.531
24.0 17.425
24.0 16.998
24.0 17.098
24.0 17.207
24.0 17.14
24.0 17.076
24.0 17.289
24.0 17.49
24.0 17.01
24.0 17.464
24.0 17.354
24.0 17.164
24.0 17.413
24.0 17.522
24.0 17.242
24.0 17.23
24.0 16.918
24.0 17.303
24.0 17.275
24.0 17.416
24.0 17.425
24.0 17.253
24.0 16.874
24.0 16.877
24.0 17.236
24.0 17.193
24.0 17.2
24.0 17.105
24.0 17.2
24.0 17.34
24.0 17.289
24.0 17.169
24.0 17.452
24.0 17.43
24.0 17.437
24.0 17.231
24.0 16.923
24.5 17.203
24.5 17.046
24.5 17.048
24.5 17.008
24.5 16.931
24.5 17.129
24.5 17.208
24.5 17.004
24.5 17.087
24.5 17.083
24.5 17.092
24.5 17.09
24.5 17.104
24.5 17.395
24.5 16.946
24.5 16.88
24.5 16.646
24.5 16.995
24.5 17.471
24.5 17.453
24.5 17.101
24.5 17.282
24.5 17.238
24.5 17.385
24.5 17.331
24.5 17.476
24.5 17.564
24.5 17.786
24.5 17.317
24.5 17.011
24.5 17.147
24.5 17.078
24.5 17.261
24.5 17.844
24.5 17.912
24.5 17.531
24.5 17.791
24.5 17.422
24.5 17.399
24.5 17.359
24.5 17.49
24.5 17.54
24.5 17.95
24.5 17.605
24.5 17.552
24.5 17.546
24.5 17.414
24.5 17.304
24.5 17.298
24.5 17.66
24.5 17.3
24.5 17.439
24.5 17.514
24.5 17.748
24.5 17.526
24.5 17.58
24.5 17.696
24.5 17.494
24.5 17.219
24.5 17.524
24.5 17.435
24.5 17.527
24.5 17.422
24.5 17.594
24.5 17.452
24.5 17.608
24.5 17.426
24.5 17.304
24.5 17.539
24.5 17.188
24.5 17.33
24.5 17.158
24.5 17.608
24.5 17.632
24.5 17.15
24.5 17.22
24.5 17.204
24.5 17.354
24.5 17.747
24.5 17.623
24.5 17.617
24.5 17.34
24.5 17.575
24.5 17.769
24.5 17.55
24.5 16.646
24.5 17.184
24.5 17.493
24.5 17.473
24.5 17.712
24.5 17.825
24.5 17.998
24.5 17.353
24.5 17.786
24.5 17.59
24.5 17.529
24.5 17.179
24.5 17.573
24.5 17.206
24.5 17.243
24.5 17.342
24.5 17.721
24.5 17.246
24.5 17.612
24.5 16.969
24.5 17.529
24.5 17.383
24.5 17.433
24.5 17.135
24.5 17.115
24.5 17.697
24.5 17.74
24.5 17.321
24.5 17.408
24.5 17.164
24.5 17.283

Individual: [1, 2, 4, 8, 10, 11, 13, 17, 28, 34, 35, 37, 38, 44, 47, 49]
   Fitness: 24.0
     Total: 16
Violations: 0 0

Individual: [3, 4, 6, 7, 14, 16, 17, 19, 23, 37, 38, 40, 41, 46, 47, 49, 50]
   Fitness: 24.5
     Total: 17
Violations: 1 1

Individual: [1, 3, 4, 6, 12, 13, 16, 17, 32, 34, 35, 37, 41, 43, 44, 46, 50]
   Fitness: 24.5
     Total: 17
Violations: 1 1

Individual: [1, 2, 4, 8, 10, 11, 13, 17, 34, 35, 37, 41, 44, 46, 49, 50]
   Fitness: 24.0
     Total: 16
Violations: 0 0

Individual: [2, 3, 5, 6, 11, 12, 14, 15, 33, 34, 36, 37, 44, 45, 46, 49, 50]
   Fitness: 24.5
     Total: 17
Violations: 1 1

Individual: [5, 6, 8, 9, 15, 16, 18, 19, 35, 36, 38, 39, 45, 47, 48, 50]
   Fitness: 24.0
     Total: 16
Violations: 0 0

Individual: [1, 2, 4, 5, 10, 11, 13, 14, 33, 35, 36, 38, 42, 44, 45, 47]
   Fitness: 24.0
     Total: 16
Violations: 0 0

Individual: [1, 2, 4, 5, 10, 11, 13, 14, 28, 32, 34, 35, 37, 41, 44, 48, 49]
   Fitness: 24.5
     Total: 17
Violations: 1 1

Individual: [3, 4, 6, 7, 12, 13, 15, 16, 32, 34, 35, 37, 38, 43, 46, 47, 50]
   Fitness: 24.5
     Total: 17
Violations: 1 1

Individual: [1, 2, 5, 6, 7, 14, 15, 17, 18, 36, 37, 39, 40, 45, 46, 48, 49]
   Fitness: 24.5
     Total: 17
Violations: 1 1
