10
100
9.0 -37.175
16.0 -9.82
16.5 0.121
18.0 6.233
18.0 8.399
18.0 9.402
18.5 11.165
19.5 11.2
20.5 11.055
20.5 10.611
20.5 11.001
21.0 11.687
21.0 12.504
21.0 12.769
21.5 12.147
23.0 12.935
23.0 12.498
23.0 12.67
23.0 11.646
24.0 12.619
24.0 13.738
24.0 13.357
24.0 13.526
24.0 12.908
24.0 13.885
24.5 12.842
24.5 14.565
24.5 13.482
24.5 14.167
24.5 14.427
24.5 13.613
24.5 14.678
24.5 14.941
24.5 15.087
24.5 14.829
24.5 14.912
24.5 15.335
24.5 15.132
24.5 14.847
24.5 14.93
24.5 15.447
24.5 15.06
24.5 15.0
24.5 14.663
24.5 14.99
24.5 15.071
24.5 14.105
24.5 14.712
24.5 14.86
24.5 15.4
24.5 14.05
24.5 14.898
24.5 15.051
24.5 14.507
24.5 13.896
24.5 15.252
24.5 14.679
24.5 12.985
24.5 14.451
24.5 13.9
24.5 14.171
24.5 14.74
24.5 13.731
24.5 14.224
24.5 13.332
24.5 13.947
24.5 14.275
24.5 15.092
24.5 14.913
24.5 14.042
24.5 14.7
24.5 13.714
24.5 13.992
24.5 14.012
24.5 15.423
24.5 14.413
24.5 14.309
24.5 14.883
24.5 15.008
24.5 13.709
24.5 13.853
24.5 14.189
24.5 13.793
24.5 15.062
24.5 14.572
24.5 13.619
24.5 14.027
24.5 14.929
24.5 13.89
24.5 14.69
24.5 14.114
24.5 15.114
24.5 14.971
24.5 14.839
24.5 15.391
24.5 14.42
24.5 15.052
24.5 14.235
24.5 14.653
24.5 15.496
100
11.0 -38.509
16.0 -9.052
16.0 0.676
17.5 6.567
18.0 9.112
18.0 9.16
19.0 10.117
19.0 10.074
21.0 10.462
21.0 10.665
21.5 11.388
21.5 11.988
21.5 12.216
21.5 12.308
21.5 13.352
21.5 11.421
21.5 12.727
22.0 12.696
22.5 12.556
23.0 13.325
23.0 12.455
23.0 13.281
23.0 14.739
23.0 14.358
23.0 14.26
24.0 13.263
24.0 14.246
24.0 14.997
24.5 14.503
24.5 14.069
24.5 14.578
24.5 15.06
24.5 14.916
24.5 15.11
24.5 14.719
24.5 14.37
24.5 14.571
24.5 14.499
24.5 14.919
24.5 14.389
24.5 14.29
24.5 14.136
24.5 13.997
24.5 14.661
24.5 13.98
24.5 15.118
24.5 14.296
24.5 14.809
24.5 14.95
24.5 15.111
24.5 13.819
24.5 13.18
24.5 13.87
24.5 14.362
24.5 13.869
24.5 13.643
24.5 14.087
24.5 15.155
24.5 14.771
24.5 14.94
24.5 13.946
24.5 14.672
24.5 14.167
24.5 15.222
24.5 15.171
24.5 14.826
24.5 14.442
24.5 14.082
24.5 13.875
24.5 14.017
24.5 14.12
24.5 13.964
24.5 13.876
24.5 13.727
24.5 15.239
24.5 14.462
24.5 13.587
24.5 14.401
24.5 14.514
24.5 14.653
24.5 14.227
24.5 13.885
24.5 13.291
24.5 13.386
24.5 14.105
24.5 13.698
24.5 13.84
24.5 13.46
24.5 14.016
24.5 13.836
24.5 13.916
24.5 14.354
24.5 14.638
24.5 13.101
24.5 13.945
24.5 13.786
24.5 13.804
24.5 13.267
24.5 12.977
24.5 13.948
100
10.0 -37.637
14.0 -8.964
15.0 -0.456
15.5 5.327
16.5 8.258
19.0 10.292
19.0 10.468
19.5 10.419
20.0 11.69
20.0 11.776
21.0 10.883
21.0 12.413
21.0 11.459
21.0 11.64
22.5 12.143
22.5 12.186
22.5 12.409
22.5 12.684
24.0 11.662
24.0 12.729
24.0 12.371
24.0 11.996
24.0 12.549
24.0 13.293
24.0 13.835
24.0 13.758
24.0 13.199
24.0 12.89
24.0 13.868
24.0 13.191
24.0 13.543
24.0 13.197
24.0 14.187
24.0 14.057
24.0 13.552
24.0 13.306
24.0 14.624
24.0 14.186
24.0 13.509
24.0 13.477
24.0 13.267
24.0 13.511
24.0 14.191
24.0 14.873
24.0 14.165
24.0 14.543
24.0 13.084
24.0 13.18
24.0 14.337
24.0 13.684
24.0 14.383
24.0 14.93
24.0 14.932
24.0 14.899
24.0 14.912
24.0 14.26
24.0 14.433
24.0 13.169
24.0 13.961
24.0 14.092
24.0 15.157
24.0 14.592
24.0 14.701
24.0 14.31
24.0 14.596
24.0 15.112
24.0 15.079
24.0 14.198
24.0 13.957
24.0 14.519
24.0 13.748
24.0 14.237
24.0 13.705
24.0 13.911
24.0 15.446
24.0 13.72
24.0 13.631
24.0 14.906
24.0 14.129
24.0 14.089
24.0 15.009
24.0 14.022
24.0 14.455
24.0 14.072
24.0 14.667
24.0 14.039
24.0 14.44
24.0 14.542
24.0 14.203
24.0 14.822
24.0 13.964
24.0 15.38
24.0 14.944
24.0 15.144
24.0 15.616
24.0 14.983
24.0 14.362
24.0 14.855
24.0 14.824
24.0 15.086
100
10.0 -39.303
13.5 -10.178
17.0 0.508
18.0 6.942
19.0 9.858
19.0 10.061
19.5 9.903
19.5 10.337
21.0 11.27
21.5 11.188
21.5 11.257
22.5 11.453
22.5 12.595
22.5 11.949
22.5 12.695
22.5 12.788
23.0 12.79
23.5 13.536
24.0 13.633
24.0 14.449
24.0 14.18
24.0 13.407
24.0 13.252
24.0 13.396
24.0 14.758
24.0 14.974
24.0 13.735
24.0 15.124
24.0 14.229
24.0 14.428
24.0 12.999
24.0 13.768
24.0 14.73
24.0 14.401
24.0 13.794
24.0 13.257
24.0 13.77
24.0 13.361
24.0 13.576
24.0 14.809
24.0 14.161
24.0 14.913
24.0 14.968
24.0 14.293
24.0 13.421
24.0 13.683
24.0 14.387
24.0 14.574
24.0 13.894
24.0 13.844
24.0 13.819
24.0 14.494
24.0 14.811
24.0 14.567
24.0 14.722
24.0 14.343
24.0 14.467
24.0 13.543
24.0 13.455
24.0 14.117
24.0 14.728
24.0 14.865
24.0 14.516
24.0 15.263
24.0 14.493
24.0 12.68
24.0 14.531
24.0 14.365
24.0 14.905
24.0 14.363
24.0 14.084
24.0 13.196
24.0 13.515
24.0 13.76
24.0 14.057
24.0 14.872
24.0 14.963
24.0 15.238
24.0 15.413
24.0 14.777
24.0 14.961
24.0 14.949
24.0 14.38
24.0 14.056
24.0 14.358
24.0 14.316
24.0 14.437
24.0 14.801
24.0 15.059
24.0 13.686
24.0 14.444
24.0 14.804
24.0 14.889
24.0 14.248
24.0 14.688
24.0 14.913
24.0 14.463
24.0 14.162
24.0 15.137
24.0 15.353
100
11.5 -36.803
16.5 -8.864
16.5 0.28
18.0 4.717
18.5 7.702
18.5 9.331
19.5 10.472
20.5 11.162
20.5 10.417
20.5 9.823
20.5 11.968
21.0 11.092
21.5 12.526
21.5 11.826
21.5 12.967
22.0 12.548
22.5 13.496
22.5 12.836
23.0 13.229
23.0 13.547
23.0 13.547
23.0 13.891
23.5 13.771
24.0 13.312
24.0 12.664
24.0 13.182
24.0 12.524
24.0 12.779
24.0 13.764
24.0 13.912
24.0 13.663
24.0 13.526
24.0 13.635
24.0 14.117
24.0 13.81
24.0 13.47
24.0 14.138
24.5 13.264
24.5 12.695
24.5 12.963
24.5 13.323
24.5 13.75
24.5 13.112
24.5 13.126
24.5 13.581
24.5 14.394
24.5 14.054
24.5 13.581
24.5 13.21
24.5 12.818
24.5 14.217
24.5 13.851
24.5 13.387
24.5 13.293
24.5 13.442
24.5 14.255
24.5 13.613
24.5 13.826
24.5 14.397
24.5 13.229
24.5 13.153
24.5 13.57
24.5 13.053
24.5 13.072
24.5 14.289
24.5 13.411
24.5 13.971
24.5 14.601
24.5 14.75
24.5 13.194
24.5 13.716
24.5 14.602
24.5 14.038
24.5 13.202
24.5 13.937
24.5 14.559
24.5 13.433
24.5 13.953
24.5 13.931
24.5 14.177
24.5 13.835
24.5 14.589
24.5 14.038
24.5 13.942
24.5 14.893
24.5 14.76
24.5 13.84
24.5 14.472
24.5 13.644
24.5 13.643
24.5 13.66
24.5 14.296
24.5 14.629
24.5 13.459
24.5 13.614
24.5 14.147
24.5 13.249
24.5 13.106
24.5 13.659
24.5 13.348
100
13.5 -35.79
16.5 -7.692
16.5 1.378
17.5 6.261
18.0 8.857
18.5 9.558
18.5 10.893
20.0 10.163
21.0 10.629
21.0 11.062
21.0 11.153
21.0 11.767
21.0 12.462
21.5 12.136
21.5 12.358
21.5 12.256
21.5 12.103
22.0 11.573
22.0 11.421
22.0 12.831
22.0 13.307
22.0 12.884
22.0 12.193
22.5 12.649
22.5 12.924
22.5 12.624
22.5 12.499
22.5 12.391
22.5 13.724
22.5 13.402
23.5 13.151
23.5 12.514
23.5 12.506
23.5 12.9
24.0 13.965
24.0 13.372
24.0 13.318
24.0 13.212
24.0 11.538
24.5 12.861
24.5 13.154
24.5 12.844
24.5 12.433
24.5 12.764
24.5 13.308
24.5 13.534
24.5 14.393
24.5 13.641
24.5 14.234
24.5 13.942
24.5 14.162
24.5 14.124
24.5 14.327
24.5 14.718
24.5 14.134
24.5 13.877
24.5 13.726
24.5 13.794
24.5 14.732
24.5 14.57
24.5 15.44
24.5 13.343
24.5 14.827
24.5 14.52
24.5 14.93
24.5 14.387
24.5 15.096
24.5 14.559
24.5 14.88
24.5 14.353
24.5 13.157
24.5 13.024
24.5 15.001
24.5 14.523
24.5 13.925
24.5 15.334
24.5 13.757
24.5 14.804
24.5 14.481
24.5 14.83
24.5 14.205
24.5 13.981
24.5 14.721
24.5 14.791
24.5 13.657
24.5 14.448
24.5 14.541
24.5 14.298
24.5 13.271
24.5 13.2
24.5 14.493
24.5 14.376
24.5 14.226
24.5 13.744
24.5 14.077
24.5 14.103
24.5 14.328
24.5 13.833
24.5 14.534
24.5 15.067
100
10.0 -35.628
16.5 -8.462
16.5 0.112
17.5 5.113
17.5 7.656
19.5 8.736
19.5 10.198
21.0 11.384
21.0 11.417
21.0 12.04
21.0 13.178
21.0 12.953
21.0 12.143
21.5 11.455
21.5 13.182
22.0 12.367
22.0 11.831
22.0 12.5
22.5 13.969
23.5 13.766
23.5 13.188
23.5 13.156
23.5 13.157
23.5 13.202
23.5 14.323
23.5 13.743
24.0 13.78
24.0 13.337
24.0 13.419
24.0 13.499
24.0 14.33
24.0 13.757
24.0 14.175
24.0 13.622
24.0 14.017
24.0 13.165
24.0 14.412
24.0 14.729
24.0 14.8
24.0 14.962
24.0 14.53
24.0 14.203
24.0 14.642
24.0 14.531
24.0 14.251
24.0 14.987
24.0 15.035
24.0 14.6
24.0 14.549
24.0 14.652
24.0 14.54
24.0 12.92
24.0 13.958
24.0 14.965
24.0 13.955
24.0 13.955
24.0 14.615
24.0 13.031
24.0 13.853
24.0 13.45
24.0 14.074
24.0 14.355
24.0 14.226
24.0 14.727
24.0 14.384
24.0 13.95
24.0 14.137
24.0 14.803
24.0 14.039
24.0 14.623
24.0 14.332
24.0 14.671
24.0 14.034
24.0 14.309
24.0 14.665
24.0 14.219
24.0 14.197
24.0 14.647
24.0 14.55
24.0 13.313
24.0 14.063
24.0 14.795
24.0 13.812
24.0 14.622
24.0 14.942
24.0 14.914
24.0 15.008
24.0 15.07
24.0 14.886
24.0 14.439
24.0 14.086
24.0 14.381
24.5 14.016
24.5 14.898
24.5 14.136
24.5 14.505
24.5 14.739
24.5 14.27
24.5 14.572
24.5 13.628
100
11.5 -38.461
13.5 -9.4
16.5 1.439
20.5 6.075
20.5 7.875
20.5 7.61
20.5 10.403
20.5 11.457
22.5 10.256
22.5 10.444
22.5 10.553
22.5 11.749
22.5 12.576
22.5 12.522
23.0 13.651
23.0 13.704
24.5 13.369
24.5 13.953
24.5 13.348
24.5 12.576
24.5 13.37
24.5 14.199
24.5 13.969
24.5 14.111
24.5 14.683
24.5 14.492
24.5 14.107
24.5 13.695
24.5 14.793
24.5 14.56
24.5 14.708
24.5 14.364
24.5 14.594
24.5 14.509
24.5 14.467
24.5 14.683
24.5 13.965
24.5 13.85
24.5 15.439
24.5 15.173
24.5 14.892
24.5 15.163
24.5 13.932
24.5 13.443
24.5 13.611
24.5 14.777
24.5 14.747
24.5 14.616
24.5 14.517
24.5 15.425
24.5 14.371
24.5 13.727
24.5 14.986
24.5 14.614
24.5 14.459
24.5 14.081
24.5 13.605
24.5 14.869
24.5 13.953
24.5 14.525
24.5 14.385
24.5 14.627
24.5 14.119
24.5 13.9
24.5 14.463
24.5 14.103
24.5 14.271
24.5 14.854
24.5 15.213
24.5 15.121
24.5 14.923
24.5 14.718
24.5 13.31
24.5 14.121
24.5 14.593
24.5 13.686
24.5 14.841
24.5 13.785
24.5 14.182
24.5 14.649
24.5 14.309
24.5 12.797
24.5 13.886
24.5 13.806
24.5 13.47
24.5 13.648
24.5 13.636
24.5 13.611
24.5 13.221
24.5 14.741
24.5 14.765
24.5 15.798
24.5 14.663
24.5 14.797
24.5 14.526
24.5 14.858
24.5 13.846
24.5 15.084
24.5 14.931
24.5 14.442
100
13.0 -40.193
15.5 -10.169
18.0 1.06
18.0 8.044
18.0 9.377
20.0 10.007
20.5 11.37
20.5 11.124
22.0 12.787
22.0 12.266
22.0 11.598
23.0 13.126
23.0 13.891
23.0 12.794
23.0 13.162
23.0 13.521
23.0 13.723
23.0 14.104
23.0 14.053
23.5 14.604
24.0 14.046
24.0 14.807
24.0 13.785
24.0 15.105
24.0 13.6
24.0 14.11
24.0 14.558
24.0 13.61
24.0 14.154
24.0 14.265
24.0 14.117
24.0 14.486
24.0 14.321
24.0 14.384
24.0 14.161
24.0 13.841
24.0 13.857
24.0 13.704
24.0 13.911
24.0 14.659
24.0 13.419
24.0 14.389
24.0 14.682
24.0 14.996
24.0 14.73
24.0 14.578
24.0 12.968
24.0 14.522
24.0 14.641
24.0 14.912
24.0 14.647
24.0 14.925
24.0 14.708
24.0 14.133
24.0 14.464
24.0 14.662
24.0 14.458
24.0 14.351
24.0 15.159
24.0 14.717
24.0 14.276
24.0 13.676
24.0 14.211
24.0 12.929
24.0 12.425
24.0 15.211
24.0 15.194
24.0 15.301
24.0 15.272
24.0 14.764
24.0 14.945
24.0 15.037
24.0 14.822
24.0 14.221
24.0 14.31
24.0 13.39
24.0 15.404
24.0 14.838
24.0 15.4
24.0 14.76
24.0 14.105
24.0 15.429
24.0 15.328
24.0 14.136
24.0 14.076
24.0 14.029
24.0 14.334
24.0 14.619
24.0 15.477
24.0 14.448
24.0 13.868
24.0 13.717
24.0 14.389
24.0 13.737
24.0 13.533
24.0 14.072
24.0 15.075
24.0 14.897
24.0 14.275
24.0 13.872
100
16.0 -35.918
16.0 -8.895
16.5 1.195
18.0 6.457
20.0 9.131
20.0 10.144
20.5 10.609
20.5 10.412
22.5 11.628
22.5 10.231
22.5 11.456
22.5 12.917
22.5 12.142
22.5 11.528
22.5 13.449
22.5 11.169
23.5 12.811
23.5 13.252
24.0 12.929
24.0 13.411
24.0 12.585
24.0 12.719
24.0 13.348
24.0 13.826
24.0 12.081
24.0 14.02
24.0 13.071
24.0 13.539
24.0 13.468
24.0 14.242
24.0 13.611
24.0 12.992
24.0 13.104
24.0 13.587
24.0 13.402
24.0 13.124
24.0 13.931
24.0 12.912
24.0 14.519
24.0 13.409
24.0 13.903
24.0 14.577
24.0 13.917
24.0 12.622
24.0 13.682
24.0 13.524
24.0 13.719
24.0 13.785
24.0 13.344
24.0 13.652
24.0 14.19
24.0 13.526
24.0 14.057
24.0 14.514
24.0 12.601
24.0 15.058
24.0 14.374
24.0 13.946
24.0 13.439
24.0 14.088
24.0 14.542
24.0 13.455
24.0 13.435
24.0 13.622
24.0 13.543
24.0 14.952
24.0 13.375
24.0 13.813
24.0 13.682
24.0 13.72
24.0 13.205
24.0 13.945
24.0 14.786
24.0 14.987
24.0 13.026
24.0 13.802
24.0 13.998
24.0 13.617
24.0 14.02
24.0 14.294
24.0 13.486
24.0 13.218
24.0 13.347
24.0 13.548
24.0 14.774
24.0 13.176
24.0 13.544
24.0 13.757
24.0 13.719
24.0 12.576
24.0 12.968
24.0 13.52
24.0 13.0
24.0 13.881
24.0 14.156
24.0 14.076
24.0 14.245
24.0 14.49
24.0 14.193
24.0 13.981

Individual: [1, 2, 4, 5, 11, 12, 14, 15, 33, 34, 35, 38, 39, 46, 47, 49, 50]
   Fitness: 24.5
     Total: 17
Violations: 1 1

Individual: [1, 4, 5, 8, 13, 14, 16, 17, 19, 35, 36, 38, 39, 45, 46, 48, 49]
   Fitness: 24.5
     Total: 17
Violations: 1 1

Individual: [1, 3, 4, 6, 12, 13, 16, 17, 35, 36, 38, 39, 44, 45, 47, 48]
   Fitness: 24.0
     Total: 16
Violations: 0 0

Individual: [1, 3, 4, 6, 13, 14, 16, 17, 36, 37, 39, 40, 45, 46, 48, 49]
   Fitness: 24.0
     Total: 16
Violations: 0 0

Individual: [1, 2, 4, 5, 10, 13, 14, 17, 28, 34, 35, 37, 44, 45, 47, 48, 50]
   Fitness: 24.5
     Total: 17
Violations: 1 1

Individual: [1, 3, 4, 6, 10, 12, 13, 15, 32, 34, 35, 37, 44, 45, 47, 48, 50]
   Fitness: 24.5
     Total: 17
Violations: 1 1

Individual: [1, 3, 4, 6, 7, 12, 14, 15, 19, 36, 38, 39, 41, 45, 47, 48, 50]
   Fitness: 24.5
     Total: 17
Violations: 1 1

Individual: [1, 2, 5, 6, 7, 14, 16, 17, 19, 34, 35, 38, 39, 45, 47, 48, 50]
   Fitness: 24.5
     Total: 17
Violations: 1 1

Individual: [1, 5, 7, 8, 10, 14, 16, 17, 35, 37, 38, 40, 46, 47, 49, 50]
   Fitness: 24.0
     Total: 16
Violations: 0 0

Individual: [2, 3, 8, 9, 11, 12, 17, 18, 35, 36, 39, 41, 44, 45, 48, 50]
   Fitness: 24.0
     Total: 16
Violations: 0 0
