10
500
14.0 -37.484
16.5 -6.785
16.5 5.082
18.0 11.831
18.5 14.151
21.0 15.647
21.5 16.774
22.0 17.664
22.5 18.361
23.0 19.238
23.0 20.275
23.5 21.171
24.0 21.918
24.0 22.227
24.5 22.567
24.5 22.66
24.5 22.939
24.5 23.067
24.5 23.488
24.5 23.541
24.5 23.41
24.5 23.523
24.5 23.302
24.5 23.559
24.5 23.549
24.5 23.422
24.5 23.467
24.5 23.46
24.5 23.413
24.5 23.411
24.5 23.538
24.5 23.408
24.5 23.448
24.5 23.43
24.5 23.559
24.5 23.601
24.5 23.452
24.5 23.445
24.5 23.465
24.5 23.457
24.5 23.458
24.5 23.516
24.5 23.611
24.5 23.279
24.5 23.525
24.5 23.48
24.5 23.531
24.5 23.516
24.5 23.529
24.5 23.478
24.5 23.416
24.5 23.46
24.5 23.528
24.5 23.533
24.5 23.489
24.5 23.522
24.5 23.422
24.5 23.565
24.5 23.571
24.5 23.462
24.5 23.4
24.5 23.49
24.5 23.383
24.5 23.615
24.5 23.427
24.5 23.263
24.5 23.476
24.5 23.371
24.5 23.42
24.5 23.394
24.5 23.352
24.5 23.465
24.5 23.446
24.5 23.572
24.5 23.526
24.5 23.52
24.5 23.379
24.5 23.48
24.5 23.371
24.5 23.521
24.5 23.376
24.5 23.457
24.5 23.416
24.5 23.626
24.5 23.437
24.5 23.583
24.5 23.525
24.5 23.447
24.5 23.478
24.5 23.454
24.5 23.55
24.5 23.506
24.5 23.551
24.5 23.407
24.5 23.545
24.5 23.422
24.5 23.357
24.5 23.36
24.5 23.613
24.5 23.494
24.5 23.508
24.5 23.412
24.5 23.446
24.5 23.504
24.5 23.457
24.5 23.52
24.5 23.59
24.5 23.378
24.5 23.444
24.5 23.411
24.5 23.473
24.5 23.458
24.5 23.449
24.5 23.43
24.5 23.54
24.5 23.488
24.5 23.497
24.5 23.395
24.5 23.578
24.5 23.497
24.5 23.549
24.5 23.454
24.5 23.59
24.5 23.471
24.5 23.557
24.5 23.382
24.5 23.414
24.5 23.519
24.5 23.48
24.5 23.476
24.5 23.403
24.5 23.494
24.5 23.403
24.5 23.56
24.5 23.559
24.5 23.316
24.5 23.449
24.5 23.422
24.5 23.407
24.5 23.613
24.5 23.242
24.5 23.468
24.5 23.52
24.5 23.292
24.5 23.525
24.5 23.526
24.5 23.447
24.5 23.458
24.5 23.348
24.5 23.462
24.5 23.47
24.5 23.553
24.5 23.605
24.5 23.448
24.5 23.255
24.5 23.407
24.5 23.42
24.5 23.645
24.5 23.471
24.5 23.449
24.5 23.474
24.5 23.361
24.5 23.496
24.5 23.527
24.5 23.371
24.5 23.565
24.5 23.344
24.5 23.498
24.5 23.462
24.5 23.584
24.5 23.424
24.5 23.484
24.5 23.479
24.5 23.483
24.5 23.453
24.5 23.547
24.5 23.462
24.5 23.33
24.5 23.592
24.5 23.415
24.5 23.644
24.5 23.577
24.5 23.561
24.5 23.5
24.5 23.455
24.5 23.57
24.5 23.5
24.5 23.502
24.5 23.462
24.5 23.363
24.5 23.488
24.5 23.489
24.5 23.438
24.5 23.318
24.5 23.504
24.5 23.458
24.5 23.335
24.5 23.547
24.5 23.349
24.5 23.509
24.5 23.498
24.5 23.384
24.5 23.465
24.5 23.387
24.5 23.53
24.5 23.55
24.5 23.374
24.5 23.346
24.5 23.588
24.5 23.382
24.5 23.58
24.5 23.485
24.5 23.521
24.5 23.528
24.5 23.538
24.5 23.318
24.5 23.377
24.5 23.511
24.5 23.391
24.5 23.457
24.5 23.376
24.5 23.293
24.5 23.369
24.5 23.464
24.5 23.408
24.5 23.406
24.5 23.546
24.5 23.541
24.5 23.517
24.5 23.487
24.5 23.325
24.5 23.464
24.5 23.597
24.5 23.475
24.5 23.644
24.5 23.406
24.5 23.516
24.5 23.401
24.5 23.57
24.5 23.362
24.5 23.601
24.5 23.561
24.5 23.409
24.5 23.64
24.5 23.535
24.5 23.542
24.5 23.594
24.5 23.599
24.5 23.518
24.5 23.46
24.5 23.587
24.5 23.547
24.5 23.415
24.5 23.533
24.5 23.416
24.5 23.534
24.5 23.461
24.5 23.471
24.5 23.466
24.5 23.497
24.5 23.49
24.5 23.594
24.5 23.283
24.5 23.471
24.5 23.414
24.5 23.393
24.5 23.594
24.5 23.301
24.5 23.362
24.5 23.608
24.5 23.52
24.5 23.431
24.5 23.378
24.5 23.581
24.5 23.46
24.5 23.434
24.5 23.519
24.5 23.61
24.5 23.572
24.5 23.374
24.5 23.473
24.5 23.446
24.5 23.572
24.5 23.535
24.5 23.474
24.5 23.485
24.5 23.38
24.5 23.485
24.5 23.439
24.5 23.466
24.5 23.457
24.5 23.363
24.5 23.394
24.5 23.476
24.5 23.403
24.5 23.36
24.5 23.49
24.5 23.461
24.5 23.501
24.5 23.347
24.5 23.308
24.5 23.425
24.5 23.417
24.5 23.472
24.5 23.372
24.5 23.496
24.5 23.425
24.5 23.284
24.5 23.525
24.5 23.404
24.5 23.547
24.5 23.481
24.5 23.586
24.5 23.51
24.5 23.496
24.5 23.366
24.5 23.447
24.5 23.361
24.5 23.542
24.5 23.48
24.5 23.47
24.5 23.512
24.5 23.429
24.5 23.509
24.5 23.507
24.5 23.504
24.5 23.369
24.5 23.611
24.5 23.311
24.5 23.662
24.5 23.425
24.5 23.318
24.5 23.532
24.5 23.467
24.5 23.521
24.5 23.448
24.5 23.381
24.5 23.665
24.5 23.494
24.5 23.594
24.5 23.534
24.5 23.582
24.5 23.516
24.5 23.545
24.5 23.414
24.5 23.431
24.5 23.539
24.5 23.417
24.5 23.32
24.5 23.425
24.5 23.51
24.5 23.377
24.5 23.555
24.5 23.436
24.5 23.507
24.5 23.607
24.5 23.371
24.5 23.49
24.5 23.491
24.5 23.509
24.5 23.438
24.5 23.626
24.5 23.481
24.5 23.591
24.5 23.483
24.5 23.482
24.5 23.437
24.5 23.371
24.5 23.412
24.5 23.338
24.5 23.54
24.5 23.376
24.5 23.437
24.5 23.385
24.5 23.48
24.5 23.484
24.5 23.534
24.5 23.362
24.5 23.357
24.5 23.515
24.5 23.421
24.5 23.51
24.5 23.457
24.5 23.348
24.5 23.424
24.5 23.387
24.5 23.522
24.5 23.464
24.5 23.394
24.5 23.555
24.5 23.444
24.5 23.52
24.5 23.403
24.5 23.44
24.5 23.469
24.5 23.532
24.5 23.496
24.5 23.417
24.5 23.379
24.5 23.255
24.5 23.413
24.5 23.433
24.5 23.456
24.5 23.506
24.5 23.513
24.5 23.51
24.5 23.434
24.5 23.369
24.5 23.439
24.5 23.52
24.5 23.53
24.5 23.493
24.5 23.582
24.5 23.581
24.5 23.391
24.5 23.451
24.5 23.478
24.5 23.612
24.5 23.431
24.5 23.483
24.5 23.396
24.5 23.526
24.5 23.519
24.5 23.233
24.5 23.497
24.5 23.447
24.5 23.482
24.5 23.481
24.5 23.503
24.5 23.386
24.5 23.5
24.5 23.449
24.5 23.461
24.5 23.608
24.5 23.594
24.5 23.379
24.5 23.488
24.5 23.67
24.5 23.42
24.5 23.493
24.5 23.382
24.5 23.485
24.5 23.55
24.5 23.491
24.5 23.519
24.5 23.452
24.5 23.473
24.5 23.564
24.5 23.58
24.5 23.617
24.5 23.455
24.5 23.406
24.5 23.357
24.5 23.57
24.5 23.496
24.5 23.455
24.5 23.547
24.5 23.479
24.5 23.462
24.5 23.381
24.5 23.565
24.5 23.343
24.5 23.525
24.5 23.492
24.5 23.426
24.5 23.517
24.5 23.53
24.5 23.435
24.5 23.477
24.5 23.524
24.5 23.433
24.5 23.441
24.5 23.331
24.5 23.575
24.5 23.407
24.5 23.435
24.5 23.415
24.5 23.557
24.5 23.543
24.5 23.569
24.5 23.436
24.5 23.478
24.5 23.551
24.5 23.539
24.5 23.525
24.5 23.3
24.5 23.359
24.5 23.449
24.5 23.525
24.5 23.44
24.5 23.472
24.5 23.469
24.5 23.47
24.5 23.429
24.5 23.427
24.5 23.354
24.5 23.371
24.5 23.429
24.5 23.472
24.5 23.501
500
14.0 -38.121
14.0 -6.496
17.5 5.694
17.5 11.358
19.5 13.189
19.5 14.636
21.0 16.211
21.0 16.928
22.0 17.482
22.0 18.189
22.5 18.957
24.0 19.564
24.0 20.107
24.0 20.655
24.0 21.329
24.0 22.194
24.0 22.752
24.0 22.846
24.0 23.04
24.0 22.954
24.0 22.981
24.0 23.048
24.0 22.903
24.0 23.137
24.0 23.116
24.0 22.99
24.0 22.976
24.0 23.038
24.0 23.065
24.0 23.017
24.0 22.947
24.0 23.068
24.0 23.08
24.0 23.122
24.0 23.069
24.0 22.988
24.0 23.057
24.0 23.032
24.0 23.153
24.0 23.042
24.0 23.056
24.0 23.077
24.0 23.075
24.0 23.014
24.0 22.926
24.0 23.066
24.0 22.989
24.0 22.937
24.0 23.051
24.0 23.193
24.0 23.093
24.0 23.108
24.0 22.972
24.0 22.992
24.0 23.108
24.0 23.065
24.0 23.145
24.0 23.087
24.0 22.942
24.0 23.094
24.0 23.056
24.0 23.107
24.0 23.125
24.0 23.16
24.0 23.004
24.0 23.023
24.0 23.055
24.0 23.146
24.0 23.08
24.0 23.099
24.0 23.104
24.0 23.093
24.0 23.09
24.0 22.993
24.0 23.061
24.0 23.062
24.0 23.014
24.0 22.881
24.0 23.07
24.0 23.165
24.0 23.106
24.0 22.893
24.0 22.987
24.0 22.947
24.0 22.915
24.0 23.058
24.0 22.981
24.0 23.115
24.0 22.959
24.0 22.975
24.0 22.895
24.0 23.16
24.0 23.102
24.0 23.124
24.0 23.012
24.0 23.111
24.0 22.971
24.0 22.981
24.0 23.089
24.0 23.018
24.0 23.149
24.0 23.188
24.0 22.983
24.0 23.008
24.0 22.978
24.0 23.005
24.0 22.96
24.0 22.921
24.0 23.065
24.0 23.141
24.0 23.123
24.0 23.036
24.0 23.009
24.0 23.056
24.0 23.14
24.0 22.897
24.0 23.096
24.0 22.972
24.0 22.979
24.0 23.007
24.0 23.022
24.0 22.986
24.0 23.027
24.0 23.1
24.0 22.997
24.0 23.074
24.0 23.128
24.0 23.021
24.0 22.946
24.0 23.097
24.0 22.927
24.0 23.083
24.0 23.097
24.0 22.888
24.0 23.192
24.0 23.008
24.0 23.131
24.0 23.055
24.0 23.162
24.0 22.867
24.0 23.02
24.0 23.167
24.0 22.988
24.0 22.93
24.0 23.151
24.0 23.131
24.0 22.962
24.0 23.02
24.0 23.179
24.0 23.187
24.0 22.975
24.0 23.071
24.0 23.116
24.0 23.063
24.0 23.008
24.0 23.092
24.0 23.079
24.0 23.0
24.0 23.028
24.0 22.985
24.0 23.093
24.0 23.134
24.0 23.0
24.0 22.978
24.0 23.154
24.0 23.102
24.0 23.184
24.0 22.977
24.0 23.04
24.0 22.984
24.0 23.029
24.0 23.186
24.0 23.125
24.0 23.04
24.0 22.998
24.0 23.166
24.0 22.982
24.0 22.981
24.0 23.078
24.0 23.118
24.0 23.009
24.0 23.152
24.0 22.973
24.0 23.087
24.0 22.961
24.0 23.043
24.0 23.156
24.0 23.015
24.0 23.115
24.0 23.151
24.0 22.99
24.0 23.077
24.0 23.031
24.0 23.115
24.0 22.961
24.0 23.026
24.0 22.967
24.0 23.068
24.0 22.945
24.0 23.163
24.0 23.082
24.0 23.151
24.0 23.059
24.0 23.062
24.0 23.1
24.0 23.101
24.0 23.015
24.0 22.968
24.0 23.119
24.0 22.988
24.0 23.001
24.0 23.182
24.0 23.03
24.0 22.951
24.0 23.059
24.0 23.049
24.0 23.101
24.0 23.02
24.0 23.096
24.0 23.018
24.0 23.045
24.0 23.06
24.0 22.984
24.0 23.065
24.0 23.054
24.0 23.115
24.0 23.031
24.0 23.082
24.0 23.053
24.0 23.09
24.0 23.12
24.0 23.029
24.0 22.958
24.0 23.018
24.0 23.048
24.0 23.093
24.0 22.97
24.0 23.082
24.0 23.112
24.0 23.058
24.0 23.081
24.0 23.057
24.0 23.143
24.0 23.118
24.0 23.013
24.0 22.945
24.0 23.075
24.0 23.048
24.0 22.94
24.0 23.171
24.0 23.122
24.0 22.992
24.0 23.051
24.0 22.99
24.0 23.094
24.0 22.956
24.0 23.014
24.0 23.063
24.0 23.147
24.0 23.196
24.0 23.035
24.0 23.106
24.0 23.108
24.0 23.122
24.0 22.981
24.0 23.106
24.0 23.088
24.0 23.132
24.0 22.966
24.0 23.106
24.0 23.01
24.0 23.077
24.0 23.14
24.0 23.134
24.0 23.093
24.0 23.064
24.0 23.003
24.0 23.038
24.0 23.011
24.0 23.049
24.0 23.074
24.0 23.138
24.0 23.272
24.0 23.022
24.0 23.08
24.0 23.084
24.0 22.873
24.0 22.928
24.0 23.152
24.0 23.04
24.0 23.151
24.0 23.126
24.0 22.89
24.0 22.952
24.0 23.071
24.0 22.966
24.0 22.977
24.0 23.01
24.0 22.929
24.0 22.839
24.0 22.98
24.0 22.99
24.0 22.915
24.0 23.06
24.0 23.138
24.0 22.963
24.0 22.869
24.0 23.074
24.0 23.078
24.0 23.019
24.0 23.078
24.0 23.208
24.0 23.06
24.0 23.016
24.0 23.11
24.0 22.996
24.0 23.094
24.0 23.02
24.0 23.074
24.0 23.058
24.0 22.972
24.0 23.0
24.0 23.072
24.0 23.026
24.0 23.106
24.0 22.979
24.0 23.055
24.0 23.128
24.0 23.043
24.0 23.143
24.0 23.084
24.0 23.088
24.0 23.166
24.0 22.994
24.0 23.127
24.0 23.143
24.0 23.062
24.0 23.001
24.0 23.055
24.0 22.912
24.0 23.109
24.0 23.059
24.0 22.995
24.0 23.091
24.0 23.13
24.0 23.143
24.0 22.976
24.0 23.082
24.0 23.063
24.0 23.068
24.0 23.006
24.0 22.938
24.0 23.026
24.0 23.121
24.0 23.055
24.0 23.018
24.0 22.992
24.0 23.119
24.0 22.93
24.0 23.086
24.0 22.949
24.0 22.976
24.0 23.219
24.0 23.074
24.0 23.135
24.0 22.93
24.0 23.046
24.0 22.837
24.0 22.963
24.0 23.155
24.0 22.921
24.0 23.158
24.0 23.047
24.0 23.085
24.0 22.986
24.0 23.163
24.0 22.954
24.0 22.935
24.0 22.951
24.0 23.017
24.0 23.0
24.0 23.011
24.0 22.91
24.0 22.933
24.0 23.03
24.0 23.087
24.0 23.189
24.0 23.191
24.0 23.001
24.0 23.093
24.0 23.061
24.0 23.089
24.0 23.149
24.0 23.029
24.0 23.031
24.0 23.063
24.0 23.014
24.0 23.043
24.0 22.983
24.0 23.002
24.0 23.049
24.0 23.001
24.0 23.035
24.0 22.957
24.0 23.114
24.0 23.003
24.0 23.114
24.0 22.897
24.0 23.111
24.0 23.047
24.0 23.034
24.0 23.058
24.0 23.028
24.0 22.953
24.0 22.945
24.0 23.082
24.0 23.126
24.0 23.109
24.0 23.044
24.0 22.996
24.0 23.116
24.0 23.052
24.0 22.964
24.0 23.051
24.0 23.0
24.0 23.16
24.0 23.101
24.0 23.12
24.0 23.066
24.0 22.963
24.0 23.035
24.0 23.045
24.0 23.089
24.0 23.09
24.0 22.998
24.0 23.167
24.0 22.889
24.0 23.176
24.0 23.087
24.0 23.052
24.0 23.119
24.0 23.019
24.0 23.055
24.0 23.067
24.0 23.1
24.0 23.109
24.0 22.991
24.0 23.051
24.0 22.956
24.0 23.01
24.0 23.026
24.0 23.108
24.0 23.006
24.0 23.03
24.0 22.978
24.0 23.291
24.0 22.949
24.0 22.985
24.0 23.038
24.0 23.19
24.0 23.082
24.0 23.142
24.0 23.088
24.0 22.999
24.0 23.121
24.0 23.112
24.0 23.029
24.0 23.096
24.0 23.054
24.0 23.111
24.0 23.049
24.0 23.053
24.0 23.061
24.0 22.954
24.0 23.023
24.0 23.135
24.0 23.124
24.0 22.979
24.0 23.164
24.0 23.124
24.0 23.252
24.0 23.046
24.0 23.151
24.0 22.925
24.0 23.033
24.0 22.97
24.0 23.054
24.0 23.003
24.0 22.999
24.0 23.035
24.0 22.942
24.0 23.064
24.0 22.903
24.0 23.035
24.0 23.084
24.0 22.935
24.0 23.181
24.0 23.098
24.0 23.125
24.0 22.985
500
11.0 -39.184
15.0 -6.95
16.5 4.441
17.5 10.25
18.0 13.399
19.5 14.916
20.0 16.072
21.0 17.309
22.0 18.246
22.5 18.971
23.5 19.238
23.5 19.841
23.5 20.534
23.5 21.249
23.5 21.875
23.5 22.015
23.5 22.037
23.5 22.471
23.5 22.498
23.5 22.502
23.5 22.331
23.5 22.329
23.5 22.479
23.5 22.401
23.5 22.383
23.5 22.379
23.5 22.463
23.5 22.496
23.5 22.344
23.5 22.457
23.5 22.566
23.5 22.363
23.5 22.223
23.5 22.486
23.5 22.47
23.5 22.395
23.5 22.336
23.5 22.394
23.5 22.311
23.5 22.443
23.5 22.292
23.5 22.437
23.5 22.494
23.5 22.354
23.5 22.482
23.5 22.455
23.5 22.574
23.5 22.456
23.5 22.513
23.5 22.181
23.5 22.341
23.5 22.672
23.5 22.411
23.5 22.3
23.5 22.451
23.5 22.445
23.5 22.507
23.5 22.454
23.5 22.485
23.5 22.447
23.5 22.436
23.5 22.419
23.5 22.309
23.5 22.316
23.5 22.442
23.5 22.35
23.5 22.461
23.5 22.408
23.5 22.422
23.5 22.474
23.5 22.342
23.5 22.494
23.5 22.492
23.5 22.418
23.5 22.375
23.5 22.598
23.5 22.319
23.5 22.556
23.5 22.512
23.5 22.319
23.5 22.442
24.0 22.591
24.0 22.448
24.0 22.261
24.0 22.189
24.0 22.004
24.0 21.744
24.0 22.091
24.0 22.949
24.0 23.069
24.0 23.079
24.0 23.003
24.0 23.077
24.0 23.027
24.0 23.116
24.0 23.02
24.0 22.98
24.0 23.188
24.0 23.014
24.0 23.024
24.0 23.105
24.0 23.105
24.0 23.169
24.0 22.947
24.0 23.065
24.0 22.999
24.0 23.071
24.0 23.096
24.0 22.899
24.0 23.07
24.0 23.058
24.0 23.035
24.0 23.062
24.0 23.034
24.0 23.191
24.0 23.082
24.0 23.193
24.0 22.945
24.0 23.037
24.0 23.121
24.0 23.222
24.0 23.1
24.0 22.918
24.0 23.026
24.0 23.177
24.0 22.929
24.0 22.92
24.0 23.166
24.0 23.043
24.0 22.953
24.0 23.0
24.0 23.012
24.0 23.118
24.0 22.994
24.0 22.978
24.0 23.145
24.0 23.157
24.0 23.049
24.0 22.981
24.0 23.07
24.0 23.102
24.0 23.273
24.0 23.207
24.0 23.121
24.0 22.943
24.0 23.045
24.0 22.963
24.0 22.841
24.0 22.988
24.0 22.979
24.0 23.097
24.0 23.048
24.0 22.951
24.0 23.085
24.0 23.007
24.0 22.979
24.0 23.083
24.0 23.212
24.0 22.983
24.0 23.026
24.0 22.936
24.0 23.049
24.0 23.017
24.0 23.002
24.0 23.02
24.0 23.207
24.0 23.105
24.0 22.944
24.0 23.016
24.0 23.006
24.0 22.93
24.0 23.1
24.0 23.216
24.0 22.921
24.0 22.994
24.0 23.068
24.0 23.159
24.0 22.941
24.0 23.014
24.0 23.006
24.0 23.13
24.0 23.104
24.0 23.098
24.0 22.955
24.0 23.039
24.0 23.065
24.0 22.944
24.0 23.158
24.0 23.162
24.0 23.091
24.0 22.927
24.0 23.043
24.0 23.219
24.0 22.915
24.0 23.067
24.0 22.944
24.0 23.101
24.0 22.932
24.0 22.897
24.0 22.94
24.0 23.06
24.0 23.161
24.0 23.005
24.0 22.973
24.0 23.099
24.0 23.053
24.0 22.99
24.0 22.843
24.0 23.063
24.0 23.018
24.0 23.122
24.0 22.864
24.0 22.963
24.0 23.114
24.0 23.034
24.0 23.006
24.0 23.158
24.0 23.004
24.0 23.171
24.0 23.11
24.0 23.126
24.0 23.001
24.0 23.0
24.0 23.046
24.0 22.92
24.0 22.937
24.0 22.959
24.0 23.006
24.0 23.102
24.0 22.903
24.0 23.135
24.0 22.959
24.0 23.084
24.0 22.965
24.0 23.042
24.0 23.072
24.0 22.851
24.0 23.145
24.0 23.112
24.0 23.141
24.0 23.082
24.0 23.124
24.0 23.121
24.0 23.09
24.0 23.078
24.0 23.024
24.0 22.95
24.0 23.007
24.0 23.071
24.0 23.062
24.0 23.026
24.0 23.074
24.0 22.963
24.0 23.016
24.0 22.954
24.0 23.07
24.0 22.883
24.0 22.912
24.0 23.068
24.0 23.035
24.0 22.957
24.0 23.101
24.0 23.08
24.0 23.035
24.0 23.026
24.0 22.971
24.0 22.986
24.0 23.119
24.0 23.175
24.0 22.982
24.0 23.03
24.0 22.982
24.0 23.052
24.0 22.972
24.0 23.069
24.0 23.127
24.0 23.007
24.0 23.047
24.0 23.028
24.0 23.003
24.0 23.009
24.0 23.016
24.0 23.017
24.0 23.062
24.0 22.922
24.0 23.244
24.0 22.878
24.0 22.999
24.0 22.948
24.0 23.032
24.0 23.059
24.0 22.981
24.0 23.03
24.0 23.136
24.0 23.133
24.0 22.989
24.0 22.92
24.0 23.035
24.0 23.103
24.0 22.97
24.0 22.96
24.0 23.003
24.0 23.165
24.0 23.034
24.0 23.064
24.0 23.024
24.0 23.032
24.0 22.983
24.0 23.036
24.0 23.023
24.0 23.069
24.0 23.067
24.0 23.088
24.0 23.022
24.0 23.036
24.0 23.042
24.0 23.115
24.0 23.195
24.0 22.883
24.0 22.943
24.0 22.925
24.0 22.954
24.0 23.033
24.0 23.082
24.0 22.91
24.0 23.144
24.0 22.97
24.0 22.981
24.0 23.038
24.0 23.091
24.0 22.967
24.0 23.089
24.0 22.963
24.0 23.088
24.0 23.01
24.0 23.091
24.0 23.025
24.0 23.079
24.0 23.015
24.0 23.081
24.0 23.024
24.0 22.957
24.0 23.122
24.0 23.071
24.0 23.035
24.0 23.064
24.0 22.986
24.0 23.117
24.0 23.026
24.0 23.08
24.0 23.121
24.0 23.196
24.0 23.009
24.0 22.926
24.0 23.077
24.0 22.965
24.0 23.131
24.0 22.954
24.0 22.93
24.0 23.11
24.0 23.203
24.0 22.997
24.0 23.057
24.0 22.95
24.0 22.887
24.0 23.072
24.0 23.033
24.0 23.057
24.0 22.977
24.0 22.957
24.0 23.016
24.0 23.09
24.0 23.035
24.0 23.032
24.0 23.143
24.0 23.088
24.0 23.127
24.0 23.127
24.0 22.918
24.0 23.095
24.0 23.09
24.0 23.039
24.0 23.134
24.0 23.002
24.0 23.063
24.0 23.043
24.0 22.976
24.0 23.097
24.0 23.129
24.0 23.064
24.0 22.925
24.0 23.114
24.0 22.994
24.0 23.063
24.0 22.981
24.0 23.234
24.0 22.972
24.0 23.121
24.0 23.049
24.0 23.036
24.0 22.874
24.0 23.102
24.0 23.156
24.0 23.104
24.0 22.991
24.0 23.057
24.0 22.98
24.0 23.074
24.0 23.052
24.0 22.963
24.0 23.154
24.0 23.023
24.0 23.029
24.0 23.076
24.0 23.2
24.0 23.147
24.0 23.02
24.0 23.016
24.0 22.999
24.0 22.998
24.0 23.098
24.0 23.094
24.0 22.983
24.0 23.153
24.0 22.981
24.0 23.002
24.0 22.963
24.0 23.067
24.0 22.899
24.0 23.057
24.0 23.002
24.0 23.018
24.0 23.105
24.0 23.202
24.0 23.058
24.0 22.995
24.0 22.94
24.0 23.101
24.0 23.172
24.0 22.92
24.0 22.886
24.0 22.932
24.0 23.074
24.0 23.019
24.0 23.111
24.0 22.911
24.0 23.075
24.0 22.955
24.0 22.984
24.0 22.864
24.0 23.044
24.0 23.156
24.0 23.006
24.0 23.109
24.0 23.062
24.0 22.864
24.0 23.069
24.0 23.205
24.0 23.034
24.0 23.043
24.0 22.873
24.0 23.123
24.0 23.019
24.0 23.221
24.0 23.082
24.0 23.128
24.0 23.023
24.0 23.228
24.0 23.13
24.0 23.071
24.0 22.985
24.0 23.04
24.0 22.994
24.0 22.94
24.0 23.077
24.0 23.201
24.0 23.105
24.0 23.11
24.0 23.034
24.0 22.986
24.0 23.056
24.0 22.939
24.0 23.033
24.0 23.009
24.0 23.113
24.0 23.039
24.0 23.164
24.0 22.949
24.0 23.073
24.0 23.005
24.0 23.064
24.0 23.014
24.0 23.019
24.0 23.013
24.0 22.926
24.0 22.937
24.0 22.971
24.0 23.142
24.0 23.022
24.0 22.941
500
12.0 -37.21
15.0 -5.398
17.0 5.675
20.0 10.758
21.5 13.56
23.0 15.164
23.0 16.929
24.0 18.94
24.5 20.653
24.5 21.734
24.5 22.92
24.5 23.391
24.5 23.56
24.5 23.492
24.5 23.375
24.5 23.537
24.5 23.425
24.5 23.655
24.5 23.502
24.5 23.4
24.5 23.461
24.5 23.513
24.5 23.544
24.5 23.578
24.5 23.505
24.5 23.599
24.5 23.525
24.5 23.374
24.5 23.512
24.5 23.551
24.5 23.666
24.5 23.47
24.5 23.516
24.5 23.315
24.5 23.537
24.5 23.352
24.5 23.477
24.5 23.506
24.5 23.39
24.5 23.471
24.5 23.437
24.5 23.523
24.5 23.662
24.5 23.57
24.5 23.519
24.5 23.34
24.5 23.409
24.5 23.516
24.5 23.563
24.5 23.482
24.5 23.523
24.5 23.517
24.5 23.456
24.5 23.369
24.5 23.334
24.5 23.334
24.5 23.332
24.5 23.359
24.5 23.581
24.5 23.502
24.5 23.468
24.5 23.317
24.5 23.479
24.5 23.371
24.5 23.347
24.5 23.471
24.5 23.545
24.5 23.552
24.5 23.504
24.5 23.52
24.5 23.572
24.5 23.48
24.5 23.538
24.5 23.431
24.5 23.514
24.5 23.363
24.5 23.42
24.5 23.489
24.5 23.45
24.5 23.418
24.5 23.427
24.5 23.499
24.5 23.516
24.5 23.529
24.5 23.472
24.5 23.432
24.5 23.423
24.5 23.51
24.5 23.492
24.5 23.557
24.5 23.427
24.5 23.445
24.5 23.569
24.5 23.503
24.5 23.467
24.5 23.46
24.5 23.41
24.5 23.448
24.5 23.422
24.5 23.618
24.5 23.477
24.5 23.48
24.5 23.455
24.5 23.482
24.5 23.262
24.5 23.537
24.5 23.398
24.5 23.628
24.5 23.301
24.5 23.358
24.5 23.508
24.5 23.291
24.5 23.423
24.5 23.567
24.5 23.572
24.5 23.526
24.5 23.517
24.5 23.508
24.5 23.293
24.5 23.609
24.5 23.568
24.5 23.536
24.5 23.422
24.5 23.529
24.5 23.638
24.5 23.398
24.5 23.613
24.5 23.468
24.5 23.394
24.5 23.514
24.5 23.582
24.5 23.35
24.5 23.526
24.5 23.382
24.5 23.655
24.5 23.655
24.5 23.248
24.5 23.645
24.5 23.36
24.5 23.396
24.5 23.442
24.5 23.47
24.5 23.403
24.5 23.397
24.5 23.42
24.5 23.485
24.5 23.403
24.5 23.427
24.5 23.581
24.5 23.381
24.5 23.347
24.5 23.541
24.5 23.493
24.5 23.419
24.5 23.464
24.5 23.366
24.5 23.37
24.5 23.469
24.5 23.499
24.5 23.512
24.5 23.503
24.5 23.551
24.5 23.45
24.5 23.41
24.5 23.566
24.5 23.446
24.5 23.283
24.5 23.36
24.5 23.557
24.5 23.631
24.5 23.412
24.5 23.384
24.5 23.578
24.5 23.549
24.5 23.607
24.5 23.588
24.5 23.457
24.5 23.411
24.5 23.412
24.5 23.562
24.5 23.531
24.5 23.616
24.5 23.393
24.5 23.532
24.5 23.326
24.5 23.37
24.5 23.419
24.5 23.558
24.5 23.445
24.5 23.548
24.5 23.347
24.5 23.441
24.5 23.47
24.5 23.465
24.5 23.423
24.5 23.474
24.5 23.448
24.5 23.435
24.5 23.328
24.5 23.469
24.5 23.54
24.5 23.454
24.5 23.404
24.5 23.44
24.5 23.337
24.5 23.522
24.5 23.244
24.5 23.609
24.5 23.376
24.5 23.534
24.5 23.433
24.5 23.422
24.5 23.412
24.5 23.425
24.5 23.456
24.5 23.607
24.5 23.342
24.5 23.457
24.5 23.264
24.5 23.475
24.5 23.542
24.5 23.599
24.5 23.482
24.5 23.477
24.5 23.474
24.5 23.237
24.5 23.318
24.5 23.454
24.5 23.553
24.5 23.393
24.5 23.457
24.5 23.398
24.5 23.41
24.5 23.356
24.5 23.357
24.5 23.427
24.5 23.412
24.5 23.488
24.5 23.38
24.5 23.567
24.5 23.455
24.5 23.579
24.5 23.438
24.5 23.521
24.5 23.521
24.5 23.498
24.5 23.517
24.5 23.433
24.5 23.53
24.5 23.543
24.5 23.297
24.5 23.344
24.5 23.473
24.5 23.236
24.5 23.57
24.5 23.449
24.5 23.495
24.5 23.459
24.5 23.395
24.5 23.382
24.5 23.58
24.5 23.333
24.5 23.547
24.5 23.57
24.5 23.506
24.5 23.46
24.5 23.452
24.5 23.392
24.5 23.496
24.5 23.477
24.5 23.386
24.5 23.505
24.5 23.544
24.5 23.485
24.5 23.506
24.5 23.503
24.5 23.573
24.5 23.458
24.5 23.317
24.5 23.371
24.5 23.467
24.5 23.567
24.5 23.537
24.5 23.576
24.5 23.558
24.5 23.492
24.5 23.415
24.5 23.519
24.5 23.554
24.5 23.369
24.5 23.507
24.5 23.45
24.5 23.553
24.5 23.502
24.5 23.501
24.5 23.457
24.5 23.62
24.5 23.489
24.5 23.415
24.5 23.48
24.5 23.573
24.5 23.537
24.5 23.431
24.5 23.367
24.5 23.496
24.5 23.512
24.5 23.347
24.5 23.539
24.5 23.503
24.5 23.531
24.5 23.456
24.5 23.438
24.5 23.477
24.5 23.462
24.5 23.375
24.5 23.516
24.5 23.396
24.5 23.466
24.5 23.418
24.5 23.473
24.5 23.481
24.5 23.494
24.5 23.417
24.5 23.468
24.5 23.426
24.5 23.607
24.5 23.548
24.5 23.564
24.5 23.234
24.5 23.374
24.5 23.33
24.5 23.352
24.5 23.515
24.5 23.423
24.5 23.448
24.5 23.555
24.5 23.446
24.5 23.598
24.5 23.48
24.5 23.418
24.5 23.523
24.5 23.436
24.5 23.471
24.5 23.48
24.5 23.361
24.5 23.428
24.5 23.472
24.5 23.499
24.5 23.501
24.5 23.579
24.5 23.449
24.5 23.559
24.5 23.474
24.5 23.493
24.5 23.467
24.5 23.446
24.5 23.579
24.5 23.443
24.5 23.34
24.5 23.391
24.5 23.591
24.5 23.381
24.5 23.333
24.5 23.518
24.5 23.304
24.5 23.569
24.5 23.445
24.5 23.444
24.5 23.44
24.5 23.296
24.5 23.449
24.5 23.592
24.5 23.528
24.5 23.538
24.5 23.569
24.5 23.53
24.5 23.54
24.5 23.506
24.5 23.472
24.5 23.534
24.5 23.61
24.5 23.481
24.5 23.39
24.5 23.49
24.5 23.534
24.5 23.541
24.5 23.411
24.5 23.376
24.5 23.447
24.5 23.347
24.5 23.468
24.5 23.634
24.5 23.478
24.5 23.402
24.5 23.552
24.5 23.665
24.5 23.466
24.5 23.516
24.5 23.544
24.5 23.464
24.5 23.47
24.5 23.474
24.5 23.444
24.5 23.405
24.5 23.352
24.5 23.437
24.5 23.37
24.5 23.432
24.5 23.499
24.5 23.394
24.5 23.476
24.5 23.443
24.5 23.503
24.5 23.41
24.5 23.469
24.5 23.387
24.5 23.437
24.5 23.388
24.5 23.576
24.5 23.455
24.5 23.509
24.5 23.494
24.5 23.437
24.5 23.422
24.5 23.576
24.5 23.494
24.5 23.38
24.5 23.454
24.5 23.534
24.5 23.421
24.5 23.582
24.5 23.6
24.5 23.462
24.5 23.403
24.5 23.491
24.5 23.595
24.5 23.481
24.5 23.299
24.5 23.552
24.5 23.546
24.5 23.549
24.5 23.608
24.5 23.601
24.5 23.428
24.5 23.47
24.5 23.488
24.5 23.484
24.5 23.449
24.5 23.52
24.5 23.53
24.5 23.4
24.5 23.572
24.5 23.506
24.5 23.491
24.5 23.507
24.5 23.63
24.5 23.526
24.5 23.386
24.5 23.593
24.5 23.412
24.5 23.485
24.5 23.388
24.5 23.483
24.5 23.347
24.5 23.602
24.5 23.549
24.5 23.471
24.5 23.463
24.5 23.525
24.5 23.747
24.5 23.462
24.5 23.358
24.5 23.433
24.5 23.438
24.5 23.6
24.5 23.387
24.5 23.36
24.5 23.51
24.5 23.518
24.5 23.461
24.5 23.58
24.5 23.546
24.5 23.494
24.5 23.433
24.5 23.431
24.5 23.492
24.5 23.491
24.5 23.408
24.5 23.41
24.5 23.413
24.5 23.524
24.5 23.453
24.5 23.424
24.5 23.325
24.5 23.511
24.5 23.424
24.5 23.465
24.5 23.439
24.5 23.452
24.5 23.522
500
15.0 -36.697
15.5 -5.923
17.5 5.819
18.5 11.176
20.0 13.59
20.5 15.681
21.0 16.407
21.5 17.211
22.5 18.135
22.5 19.183
23.0 20.247
24.0 21.123
24.0 21.62
24.0 21.754
24.5 22.137
24.5 22.69
24.5 23.01
24.5 23.332
24.5 23.609
24.5 23.484
24.5 23.527
24.5 23.573
24.5 23.507
24.5 23.371
24.5 23.724
24.5 23.455
24.5 23.513
24.5 23.531
24.5 23.419
24.5 23.551
24.5 23.616
24.5 23.609
24.5 23.517
24.5 23.571
24.5 23.573
24.5 23.498
24.5 23.431
24.5 23.555
24.5 23.572
24.5 23.475
24.5 23.566
24.5 23.45
24.5 23.529
24.5 23.523
24.5 23.441
24.5 23.453
24.5 23.488
24.5 23.589
24.5 23.565
24.5 23.554
24.5 23.533
24.5 23.53
24.5 23.569
24.5 23.553
24.5 23.579
24.5 23.518
24.5 23.702
24.5 23.463
24.5 23.585
24.5 23.557
24.5 23.63
24.5 23.425
24.5 23.469
24.5 23.493
24.5 23.571
24.5 23.553
24.5 23.664
24.5 23.586
24.5 23.575
24.5 23.601
24.5 23.426
24.5 23.531
24.5 23.615
24.5 23.529
24.5 23.599
24.5 23.422
24.5 23.591
24.5 23.642
24.5 23.632
24.5 23.517
24.5 23.496
24.5 23.599
24.5 23.532
24.5 23.41
24.5 23.567
24.5 23.427
24.5 23.584
24.5 23.382
24.5 23.554
24.5 23.643
24.5 23.545
24.5 23.392
24.5 23.432
24.5 23.541
24.5 23.5
24.5 23.573
24.5 23.506
24.5 23.375
24.5 23.403
24.5 23.437
24.5 23.463
24.5 23.466
24.5 23.501
24.5 23.491
24.5 23.448
24.5 23.515
24.5 23.516
24.5 23.491
24.5 23.501
24.5 23.458
24.5 23.436
24.5 23.518
24.5 23.327
24.5 23.488
24.5 23.266
24.5 23.698
24.5 23.527
24.5 23.6
24.5 23.471
24.5 23.528
24.5 23.541
24.5 23.571
24.5 23.504
24.5 23.48
24.5 23.626
24.5 23.648
24.5 23.595
24.5 23.518
24.5 23.529
24.5 23.46
24.5 23.498
24.5 23.437
24.5 23.425
24.5 23.542
24.5 23.445
24.5 23.467
24.5 23.493
24.5 23.52
24.5 23.515
24.5 23.61
24.5 23.504
24.5 23.523
24.5 23.357
24.5 23.636
24.5 23.54
24.5 23.475
24.5 23.555
24.5 23.488
24.5 23.512
24.5 23.535
24.5 23.623
24.5 23.513
24.5 23.377
24.5 23.477
24.5 23.689
24.5 23.517
24.5 23.394
24.5 23.413
24.5 23.514
24.5 23.462
24.5 23.492
24.5 23.576
24.5 23.533
24.5 23.532
24.5 23.355
24.5 23.457
24.5 23.614
24.5 23.411
24.5 23.54
24.5 23.562
24.5 23.559
24.5 23.433
24.5 23.417
24.5 23.5
24.5 23.418
24.5 23.621
24.5 23.538
24.5 23.482
24.5 23.596
24.5 23.583
24.5 23.335
24.5 23.625
24.5 23.482
24.5 23.497
24.5 23.522
24.5 23.372
24.5 23.577
24.5 23.371
24.5 23.552
24.5 23.45
24.5 23.532
24.5 23.449
24.5 23.623
24.5 23.53
24.5 23.517
24.5 23.609
24.5 23.398
24.5 23.428
24.5 23.485
24.5 23.498
24.5 23.496
24.5 23.455
24.5 23.505
24.5 23.542
24.5 23.659
24.5 23.531
24.5 23.487
24.5 23.452
24.5 23.606
24.5 23.627
24.5 23.563
24.5 23.422
24.5 23.505
24.5 23.577
24.5 23.538
24.5 23.411
24.5 23.423
24.5 23.504
24.5 23.5
24.5 23.531
24.5 23.39
24.5 23.521
24.5 23.506
24.5 23.549
24.5 23.549
24.5 23.502
24.5 23.586
24.5 23.417
24.5 23.297
24.5 23.599
24.5 23.611
24.5 23.604
24.5 23.438
24.5 23.618
24.5 23.544
24.5 23.456
24.5 23.454
24.5 23.43
24.5 23.593
24.5 23.48
24.5 23.603
24.5 23.518
24.5 23.68
24.5 23.511
24.5 23.57
24.5 23.62
24.5 23.483
24.5 23.506
24.5 23.469
24.5 23.686
24.5 23.416
24.5 23.709
24.5 23.414
24.5 23.645
24.5 23.624
24.5 23.434
24.5 23.567
24.5 23.575
24.5 23.556
24.5 23.334
24.5 23.505
24.5 23.531
24.5 23.481
24.5 23.469
24.5 23.571
24.5 23.479
24.5 23.505
24.5 23.534
24.5 23.476
24.5 23.541
24.5 23.337
24.5 23.575
24.5 23.401
24.5 23.495
24.5 23.439
24.5 23.515
24.5 23.554
24.5 23.664
24.5 23.538
24.5 23.568
24.5 23.509
24.5 23.455
24.5 23.503
24.5 23.485
24.5 23.551
24.5 23.588
24.5 23.531
24.5 23.608
24.5 23.543
24.5 23.558
24.5 23.551
24.5 23.561
24.5 23.542
24.5 23.628
24.5 23.288
24.5 23.459
24.5 23.555
24.5 23.585
24.5 23.438
24.5 23.526
24.5 23.54
24.5 23.394
24.5 23.51
24.5 23.276
24.5 23.512
24.5 23.514
24.5 23.423
24.5 23.404
24.5 23.508
24.5 23.619
24.5 23.505
24.5 23.554
24.5 23.479
24.5 23.477
24.5 23.543
24.5 23.551
24.5 23.444
24.5 23.557
24.5 23.548
24.5 23.549
24.5 23.571
24.5 23.596
24.5 23.513
24.5 23.555
24.5 23.456
24.5 23.429
24.5 23.487
24.5 23.533
24.5 23.479
24.5 23.3
24.5 23.327
24.5 23.403
24.5 23.54
24.5 23.545
24.5 23.474
24.5 23.503
24.5 23.491
24.5 23.581
24.5 23.364
24.5 23.474
24.5 23.504
24.5 23.423
24.5 23.509
24.5 23.481
24.5 23.383
24.5 23.404
24.5 23.466
24.5 23.575
24.5 23.638
24.5 23.453
24.5 23.351
24.5 23.448
24.5 23.549
24.5 23.537
24.5 23.669
24.5 23.405
24.5 23.513
24.5 23.622
24.5 23.584
24.5 23.476
24.5 23.623
24.5 23.459
24.5 23.579
24.5 23.473
24.5 23.63
24.5 23.532
24.5 23.553
24.5 23.495
24.5 23.434
24.5 23.363
24.5 23.461
24.5 23.504
24.5 23.362
24.5 23.641
24.5 23.539
24.5 23.511
24.5 23.615
24.5 23.416
24.5 23.48
24.5 23.458
24.5 23.504
24.5 23.41
24.5 23.546
24.5 23.455
24.5 23.553
24.5 23.723
24.5 23.476
24.5 23.556
24.5 23.596
24.5 23.5
24.5 23.412
24.5 23.567
24.5 23.602
24.5 23.511
24.5 23.472
24.5 23.495
24.5 23.563
24.5 23.455
24.5 23.381
24.5 23.614
24.5 23.581
24.5 23.606
24.5 23.443
24.5 23.328
24.5 23.358
24.5 23.605
24.5 23.429
24.5 23.45
24.5 23.626
24.5 23.514
24.5 23.53
24.5 23.523
24.5 23.505
24.5 23.493
24.5 23.519
24.5 23.445
24.5 23.611
24.5 23.372
24.5 23.313
24.5 23.604
24.5 23.534
24.5 23.625
24.5 23.562
24.5 23.586
24.5 23.456
24.5 23.55
24.5 23.522
24.5 23.581
24.5 23.515
24.5 23.495
24.5 23.555
24.5 23.485
24.5 23.527
24.5 23.664
24.5 23.467
24.5 23.533
24.5 23.426
24.5 23.409
24.5 23.408
24.5 23.489
24.5 23.511
24.5 23.466
24.5 23.59
24.5 23.446
24.5 23.55
24.5 23.548
24.5 23.551
24.5 23.508
24.5 23.552
24.5 23.476
24.5 23.446
24.5 23.476
24.5 23.604
24.5 23.62
24.5 23.404
24.5 23.539
24.5 23.522
24.5 23.577
24.5 23.419
24.5 23.582
24.5 23.341
24.5 23.475
24.5 23.552
24.5 23.417
24.5 23.536
24.5 23.71
24.5 23.507
24.5 23.462
24.5 23.567
24.5 23.486
24.5 23.366
24.5 23.43
24.5 23.626
24.5 23.412
24.5 23.407
24.5 23.646
24.5 23.538
24.5 23.689
24.5 23.492
24.5 23.618
24.5 23.519
24.5 23.49
24.5 23.512
24.5 23.598
24.5 23.56
24.5 23.567
24.5 23.596
24.5 23.543
24.5 23.597
24.5 23.399
24.5 23.524
24.5 23.618
24.5 23.536
24.5 23.549
24.5 23.502
24.5 23.573
24.5 23.477
24.5 23.382
24.5 23.551
24.5 23.539
500
11.5 -38.265
14.0 -6.664
16.5 5.961
17.5 11.432
20.0 13.933
20.5 15.405
21.0 16.609
22.0 17.848
22.5 18.769
23.0 19.089
23.0 19.595
24.0 20.368
24.0 21.116
24.0 21.871
24.0 22.43
24.0 22.75
24.0 22.934
24.0 23.08
24.0 23.052
24.0 23.082
24.0 22.973
24.0 23.074
24.0 22.958
24.0 22.858
24.0 22.886
24.0 23.099
24.0 22.956
24.0 23.135
24.0 23.123
24.0 23.075
24.0 23.091
24.0 23.086
24.0 23.144
24.0 22.973
24.0 23.008
24.0 23.098
24.0 23.05
24.0 22.908
24.0 23.057
24.0 23.016
24.0 23.195
24.0 23.022
24.0 23.001
24.0 23.278
24.0 23.126
24.0 23.174
24.0 23.157
24.0 22.993
24.0 23.007
24.0 23.007
24.0 23.096
24.0 23.103
24.0 23.005
24.0 23.096
24.0 23.065
24.0 23.128
24.0 22.866
24.0 23.011
24.0 23.035
24.0 23.152
24.0 23.096
24.0 23.048
24.0 23.074
24.0 22.963
24.0 23.05
24.0 23.018
24.0 23.024
24.0 23.141
24.0 23.009
24.0 23.089
24.0 23.017
24.0 23.152
24.0 23.07
24.0 23.05
24.0 23.191
24.0 22.993
24.0 22.946
24.0 23.021
24.0 23.155
24.0 22.997
24.0 23.132
24.0 23.098
24.0 23.107
24.0 23.087
24.0 23.036
24.0 22.95
24.0 22.811
24.0 22.841
24.0 23.019
24.0 22.902
24.0 23.051
24.0 22.927
24.0 23.054
24.0 23.098
24.0 22.993
24.0 22.971
24.0 23.022
24.0 23.0
24.0 23.116
24.0 23.015
24.0 23.07
24.0 23.021
24.0 22.889
24.0 23.094
24.0 22.981
24.0 23.093
24.0 23.013
24.0 23.048
24.0 23.096
24.0 23.15
24.0 23.036
24.0 23.093
24.0 23.117
24.0 23.092
24.0 22.94
24.0 22.968
24.0 23.167
24.0 23.089
24.0 23.068
24.0 23.092
24.0 23.189
24.0 22.983
24.0 23.05
24.0 22.964
24.0 22.998
24.0 22.952
24.0 23.129
24.0 23.126
24.0 23.134
24.0 23.215
24.0 22.932
24.0 23.134
24.0 23.055
24.0 23.251
24.0 23.072
24.0 23.029
24.0 22.957
24.0 23.041
24.0 23.087
24.0 23.074
24.0 22.943
24.0 23.1
24.0 23.029
24.0 23.048
24.0 23.028
24.0 23.056
24.0 23.167
24.0 23.048
24.0 23.079
24.0 23.105
24.0 23.091
24.0 23.117
24.0 23.043
24.0 23.098
24.0 22.96
24.0 23.092
24.0 22.976
24.0 23.065
24.0 23.075
24.0 23.069
24.0 23.121
24.0 23.125
24.0 23.06
24.0 22.995
24.0 23.216
24.0 23.113
24.0 23.03
24.0 22.995
24.0 22.963
24.0 22.986
24.0 23.118
24.0 23.142
24.0 23.066
24.0 23.039
24.0 23.06
24.0 22.975
24.0 23.066
24.0 23.057
24.0 23.102
24.0 23.059
24.0 23.153
24.0 22.951
24.0 22.986
24.0 23.194
24.0 23.019
24.0 23.061
24.0 23.091
24.0 23.016
24.0 23.049
24.0 23.172
24.0 23.01
24.0 23.057
24.0 23.051
24.0 23.063
24.0 22.999
24.0 23.086
24.0 23.103
24.0 22.992
24.0 23.022
24.0 23.107
24.0 22.998
24.0 23.052
24.0 23.069
24.0 23.082
24.0 23.091
24.0 23.066
24.0 23.144
24.0 23.046
24.0 22.997
24.0 23.104
24.0 23.042
24.0 22.894
24.0 23.043
24.0 22.838
24.0 23.016
24.0 23.08
24.0 23.026
24.0 23.009
24.0 23.114
24.0 23.067
24.0 22.948
24.0 23.023
24.0 22.97
24.0 23.101
24.0 23.128
24.0 23.111
24.0 22.998
24.0 23.017
24.0 22.847
24.0 22.956
24.0 23.096
24.0 23.091
24.0 22.944
24.0 22.959
24.0 22.901
24.0 22.993
24.0 23.123
24.0 23.102
24.0 23.033
24.0 23.072
24.0 22.972
24.0 23.0
24.0 23.0
24.0 22.794
24.0 23.151
24.0 23.075
24.0 23.024
24.0 23.116
24.0 23.2
24.0 22.823
24.0 23.079
24.0 22.892
24.0 23.11
24.0 23.151
24.0 23.158
24.0 23.056
24.0 22.963
24.0 22.959
24.0 22.95
24.0 22.923
24.0 23.113
24.0 23.15
24.0 23.064
24.0 23.18
24.0 23.155
24.0 22.913
24.0 23.101
24.0 22.964
24.0 22.892
24.0 23.139
24.0 23.013
24.0 23.035
24.0 22.939
24.0 22.959
24.0 23.01
24.0 23.061
24.0 23.011
24.0 23.006
24.0 23.139
24.0 23.057
24.0 23.129
24.0 23.079
24.0 23.02
24.0 23.133
24.0 23.098
24.0 22.94
24.0 23.099
24.0 23.046
24.0 23.147
24.0 22.994
24.0 23.14
24.0 23.098
24.0 23.012
24.0 23.127
24.0 23.183
24.0 23.017
24.0 23.123
24.0 22.949
24.0 23.132
24.0 23.195
24.0 23.071
24.0 23.109
24.0 22.905
24.0 22.976
24.0 23.098
24.0 23.037
24.0 22.99
24.0 22.941
24.0 23.003
24.0 23.09
24.0 23.048
24.0 23.225
24.0 23.034
24.0 23.09
24.0 23.071
24.0 23.163
24.0 22.922
24.0 22.973
24.0 23.128
24.0 23.041
24.0 23.136
24.0 23.06
24.0 23.097
24.0 23.094
24.0 23.044
24.0 23.018
24.0 23.131
24.0 23.084
24.0 23.156
24.0 23.145
24.0 23.088
24.0 22.856
24.0 23.087
24.0 23.056
24.0 23.093
24.0 23.043
24.0 23.113
24.0 23.001
24.0 23.008
24.0 23.198
24.0 23.101
24.0 23.086
24.0 23.064
24.0 22.973
24.0 23.163
24.0 23.148
24.0 23.12
24.0 23.05
24.0 23.01
24.0 23.156
24.0 22.935
24.0 23.068
24.0 23.01
24.0 23.079
24.0 22.929
24.0 23.046
24.0 23.17
24.0 22.956
24.0 22.877
24.0 23.098
24.0 23.108
24.0 23.07
24.0 23.064
24.0 23.057
24.0 22.996
24.0 23.15
24.0 23.034
24.0 23.075
24.0 23.149
24.0 23.21
24.0 23.106
24.0 23.031
24.0 23.084
24.0 23.146
24.0 23.033
24.0 23.0
24.0 23.025
24.0 23.048
24.0 23.019
24.0 23.121
24.0 23.07
24.0 22.971
24.0 22.996
24.0 23.101
24.0 23.12
24.0 23.163
24.0 23.085
24.0 23.115
24.0 23.124
24.0 23.049
24.0 23.059
24.0 23.082
24.0 23.039
24.0 23.103
24.0 23.201
24.0 23.034
24.0 22.935
24.0 22.918
24.0 23.146
24.0 22.966
24.0 22.998
24.0 22.955
24.0 22.992
24.0 23.183
24.0 23.11
24.0 22.98
24.0 23.014
24.0 22.949
24.0 23.158
24.0 22.989
24.0 23.048
24.0 23.021
24.0 23.041
24.0 22.883
24.0 23.065
24.0 23.036
24.0 23.071
24.0 22.931
24.0 23.124
24.0 23.044
24.0 23.036
24.0 22.942
24.0 23.061
24.0 23.05
24.0 23.004
24.0 23.19
24.0 22.974
24.0 23.014
24.0 23.098
24.0 22.992
24.0 23.124
24.0 23.066
24.0 22.912
24.0 22.954
24.0 23.008
24.0 23.003
24.0 23.014
24.0 23.04
24.0 23.071
24.0 23.097
24.0 23.118
24.0 22.947
24.0 23.062
24.0 23.113
24.0 23.059
24.0 23.005
24.0 22.973
24.0 23.124
24.0 22.977
24.0 22.985
24.0 22.854
24.0 23.072
24.0 22.922
24.0 22.931
24.0 23.04
24.0 22.91
24.0 22.985
24.0 23.206
24.0 23.094
24.0 23.13
24.0 23.096
24.0 23.063
24.0 23.15
24.0 23.109
24.0 23.187
24.0 23.084
24.0 23.007
24.0 23.043
24.0 23.027
24.0 23.095
24.0 23.076
24.0 23.085
24.0 23.031
24.0 22.915
24.0 23.109
24.0 23.09
24.0 23.135
24.0 23.011
24.0 23.034
24.0 23.08
24.0 22.991
24.0 23.089
24.0 23.007
24.0 23.075
24.0 23.046
24.0 22.763
24.0 23.019
24.0 23.11
24.0 23.085
24.0 23.11
24.0 23.074
24.0 22.935
24.0 23.08
24.0 23.094
24.0 23.042
24.0 23.142
24.0 22.991
24.0 23.124
24.0 23.092
24.0 23.117
500
13.5 -35.936
16.5 -5.394
17.5 6.506
19.0 11.727
19.5 14.089
20.5 15.122
20.5 15.776
21.5 16.756
21.5 18.204
21.5 19.08
23.0 19.804
23.0 19.823
23.0 20.087
23.0 20.411
23.0 21.227
23.0 21.915
23.0 22.074
23.0 22.127
23.0 22.147
23.5 21.993
23.5 22.219
23.5 22.137
23.5 22.145
23.5 22.353
24.0 22.511
24.0 22.511
24.0 22.53
24.0 22.898
24.0 23.184
24.0 23.243
24.0 23.185
24.0 23.099
24.0 23.123
24.0 23.115
24.0 23.116
24.0 22.996
24.0 23.119
24.0 23.208
24.0 23.011
24.0 23.105
24.0 22.993
24.0 22.986
24.0 23.091
24.0 23.037
24.0 23.117
24.0 23.108
24.0 23.153
24.0 23.16
24.0 23.052
24.0 22.925
24.0 23.119
24.0 23.14
24.0 23.07
24.0 23.114
24.0 23.046
24.0 22.959
24.0 23.121
24.0 23.234
24.0 23.076
24.0 23.125
24.0 23.102
24.0 23.078
24.0 23.181
24.0 23.073
24.0 23.105
24.0 23.154
24.0 23.043
24.0 23.107
24.0 23.234
24.0 23.127
24.0 23.058
24.0 23.081
24.0 23.204
24.0 23.199
24.0 23.178
24.0 23.08
24.0 23.121
24.0 23.126
24.0 23.051
24.0 23.146
24.0 23.151
24.0 23.082
24.0 23.167
24.0 22.952
24.0 23.16
24.0 23.117
24.0 23.023
24.0 23.137
24.0 23.069
24.0 23.108
24.0 23.171
24.0 22.991
24.0 23.052
24.0 23.15
24.0 23.2
24.0 23.018
24.0 23.045
24.0 23.198
24.0 22.986
24.0 23.064
24.0 23.209
24.0 23.073
24.0 23.106
24.0 23.051
24.0 23.035
24.0 22.987
24.0 23.161
24.0 23.123
24.0 23.158
24.0 23.182
24.0 23.171
24.0 23.189
24.0 23.248
24.0 23.188
24.0 23.124
24.0 23.157
24.0 23.101
24.0 23.099
24.0 23.048
24.0 23.115
24.0 23.093
24.0 23.132
24.0 23.132
24.0 23.129
24.0 23.068
24.0 23.115
24.0 23.029
24.0 23.046
24.0 23.273
24.0 23.154
24.0 23.175
24.0 23.02
24.0 23.192
24.0 23.19
24.0 23.18
24.0 23.162
24.0 23.183
24.0 23.105
24.0 23.027
24.0 23.124
24.0 23.253
24.0 23.155
24.0 23.218
24.0 23.117
24.0 23.226
24.0 23.046
24.0 23.018
24.0 23.085
24.0 23.053
24.0 23.051
24.0 23.086
24.0 23.16
24.0 23.082
24.0 23.065
24.0 23.006
24.0 23.157
24.0 23.127
24.0 23.177
24.0 23.088
24.0 23.113
24.0 23.154
24.0 23.199
24.0 23.057
24.0 23.133
24.0 23.179
24.0 23.119
24.0 23.172
24.0 23.055
24.0 23.081
24.0 23.145
24.0 23.021
24.0 23.05
24.0 23.223
24.0 23.23
24.0 22.962
24.0 22.896
24.0 23.129
24.0 23.054
24.0 23.111
24.0 23.079
24.0 23.042
24.0 23.007
24.0 22.983
24.0 23.038
24.0 23.131
24.0 23.09
24.0 23.134
24.0 23.094
24.0 23.09
24.0 23.084
24.0 23.097
24.0 23.174
24.0 23.116
24.0 23.097
24.0 23.122
24.0 22.942
24.0 23.057
24.0 23.145
24.0 22.963
24.0 23.109
24.0 23.0
24.0 23.008
24.0 23.058
24.0 23.177
24.0 23.118
24.0 23.105
24.0 23.004
24.0 23.023
24.0 23.086
24.0 23.196
24.0 23.02
24.0 23.221
24.0 23.102
24.0 23.158
24.0 23.067
24.0 23.133
24.0 23.133
24.0 23.01
24.0 23.207
24.0 23.13
24.0 23.06
24.0 22.942
24.0 23.189
24.0 23.029
24.0 23.228
24.0 23.094
24.0 23.079
24.0 22.934
24.0 23.065
24.0 23.118
24.0 23.001
24.0 23.261
24.0 23.147
24.0 23.159
24.0 23.146
24.0 23.104
24.0 23.159
24.0 23.093
24.0 23.079
24.0 23.176
24.0 23.172
24.0 23.064
24.0 23.144
24.0 23.025
24.0 23.113
24.0 23.127
24.0 23.034
24.0 23.196
24.0 23.125
24.0 23.209
24.0 23.154
24.0 23.082
24.0 23.085
24.0 23.102
24.0 23.11
24.0 23.021
24.0 23.224
24.0 23.101
24.0 23.057
24.0 23.155
24.0 23.165
24.0 23.289
24.0 23.13
24.0 22.942
24.0 23.059
24.0 23.202
24.0 23.072
24.0 22.994
24.0 23.114
24.0 23.008
24.0 23.051
24.0 23.066
24.0 23.147
24.0 23.17
24.0 22.997
24.0 23.155
24.0 23.174
24.0 23.117
24.0 23.143
24.0 22.966
24.0 23.092
24.0 23.03
24.0 23.173
24.0 23.011
24.0 23.192
24.0 23.089
24.0 23.101
24.0 23.115
24.0 23.124
24.0 22.894
24.0 23.157
24.0 23.127
24.0 23.111
24.0 23.064
24.0 23.196
24.0 23.075
24.0 23.123
24.0 23.151
24.0 23.138
24.0 23.202
24.0 23.141
24.0 23.056
24.0 23.159
24.0 23.087
24.0 23.096
24.0 23.101
24.0 23.137
24.0 23.102
24.0 23.049
24.0 23.055
24.0 23.148
24.0 23.016
24.0 22.995
24.0 23.179
24.0 23.098
24.0 22.999
24.0 23.013
24.0 23.087
24.0 23.152
24.0 23.068
24.0 23.102
24.0 23.155
24.0 23.213
24.0 23.179
24.0 23.069
24.0 22.974
24.0 23.079
24.0 23.137
24.0 23.006
24.0 23.084
24.0 23.227
24.0 23.125
24.0 23.166
24.0 23.252
24.0 23.154
24.0 23.179
24.0 23.026
24.0 23.093
24.0 23.01
24.0 22.985
24.0 23.027
24.0 23.065
24.0 23.054
24.0 23.079
24.0 22.968
24.0 22.94
24.0 23.134
24.0 23.143
24.0 23.195
24.0 23.128
24.0 23.127
24.0 23.165
24.0 23.041
24.0 23.029
24.0 23.092
24.0 23.118
24.0 23.07
24.0 23.128
24.0 23.165
24.0 23.016
24.0 23.095
24.0 23.153
24.0 22.967
24.0 22.923
24.0 23.118
24.0 23.059
24.0 23.092
24.0 22.963
24.0 23.144
24.0 23.102
24.0 23.207
24.0 23.095
24.0 23.071
24.0 23.094
24.0 23.108
24.0 23.023
24.0 23.198
24.0 23.027
24.0 23.101
24.0 23.094
24.0 23.235
24.0 23.16
24.0 23.077
24.0 23.065
24.0 23.116
24.0 23.085
24.0 23.05
24.0 23.13
24.0 23.266
24.0 23.025
24.0 23.103
24.0 23.195
24.0 22.97
24.0 23.082
24.0 23.026
24.0 23.034
24.0 23.149
24.0 23.094
24.0 23.006
24.0 23.105
24.0 23.186
24.0 23.076
24.0 23.025
24.0 23.164
24.0 23.113
24.0 23.075
24.0 22.998
24.0 23.01
24.0 23.064
24.0 23.074
24.0 23.184
24.0 23.039
24.0 23.166
24.0 23.109
24.0 23.118
24.0 23.092
24.0 23.159
24.0 23.084
24.0 23.095
24.0 22.975
24.0 22.875
24.0 23.137
24.0 23.082
24.0 23.116
24.0 23.203
24.0 23.132
24.0 23.227
24.0 23.178
24.0 23.196
24.0 23.137
24.0 23.048
24.0 23.073
24.0 23.202
24.0 23.056
24.0 23.185
24.0 23.178
24.0 23.131
24.0 22.94
24.0 23.134
24.0 23.186
24.0 23.246
24.0 23.185
24.0 23.076
24.0 23.024
24.0 23.095
24.0 23.16
24.0 23.07
24.0 23.029
24.0 23.135
24.0 23.338
24.0 23.163
24.0 23.17
24.0 23.067
24.0 23.139
24.0 23.053
24.0 23.108
24.0 23.059
24.0 23.011
24.0 23.195
24.0 23.169
24.0 23.124
24.0 23.152
24.0 23.067
24.0 23.25
24.0 23.155
24.0 23.127
24.0 23.087
24.0 23.039
24.0 23.202
24.0 23.243
24.0 23.063
24.0 23.134
24.0 23.071
24.0 23.173
24.0 23.137
24.0 23.158
24.0 23.105
24.0 23.041
24.0 23.124
24.0 23.068
24.0 22.987
24.0 23.016
24.0 23.086
24.0 23.112
24.0 23.212
24.0 23.143
24.0 23.034
24.0 23.146
24.0 23.112
24.0 23.071
24.0 23.17
24.0 23.059
24.0 23.117
24.0 23.166
24.0 23.128
24.0 23.146
24.0 23.281
24.0 23.098
24.0 23.045
24.0 23.101
500
11.0 -37.783
14.5 -5.381
15.5 6.76
16.5 10.845
17.5 12.619
20.0 14.138
20.0 15.087
21.5 16.089
21.5 17.089
21.5 17.92
22.0 18.629
23.0 19.106
23.0 19.848
23.0 20.212
23.5 20.608
23.5 20.955
23.5 21.357
23.5 22.133
23.5 22.475
23.5 22.562
23.5 22.584
23.5 22.46
24.0 22.377
24.0 22.474
24.0 22.585
24.0 22.552
24.0 23.015
24.0 23.081
24.0 23.164
24.0 23.052
24.0 23.093
24.0 23.052
24.0 23.114
24.0 23.201
24.0 23.12
24.0 23.193
24.0 23.115
24.0 23.159
24.0 23.119
24.0 22.936
24.0 23.221
24.0 23.137
24.0 23.234
24.0 23.006
24.0 23.043
24.0 23.155
24.0 23.205
24.0 23.203
24.0 23.205
24.0 23.03
24.0 23.154
24.0 23.148
24.0 23.129
24.0 23.028
24.0 23.051
24.0 23.111
24.0 23.129
24.0 23.078
24.0 23.194
24.0 23.123
24.0 23.156
24.0 23.013
24.0 23.19
24.0 23.057
24.0 23.244
24.0 23.106
24.0 23.008
24.0 23.064
24.0 23.091
24.0 23.241
24.0 23.099
24.0 23.263
24.0 23.096
24.0 23.046
24.5 23.172
24.5 23.075
24.5 23.078
24.5 23.138
24.5 23.223
24.5 23.44
24.5 23.354
24.5 23.297
24.5 23.554
24.5 23.43
24.5 23.374
24.5 23.523
24.5 23.373
24.5 23.491
24.5 23.484
24.5 23.483
24.5 23.354
24.5 23.367
24.5 23.453
24.5 23.405
24.5 23.324
24.5 23.375
24.5 23.373
24.5 23.299
24.5 23.48
24.5 23.431
24.5 23.503
24.5 23.482
24.5 23.427
24.5 23.36
24.5 23.508
24.5 23.59
24.5 23.489
24.5 23.436
24.5 23.535
24.5 23.367
24.5 23.574
24.5 23.601
24.5 23.529
24.5 23.527
24.5 23.434
24.5 23.496
24.5 23.403
24.5 23.415
24.5 23.457
24.5 23.448
24.5 23.389
24.5 23.481
24.5 23.456
24.5 23.572
24.5 23.308
24.5 23.359
24.5 23.544
24.5 23.391
24.5 23.438
24.5 23.47
24.5 23.474
24.5 23.355
24.5 23.448
24.5 23.391
24.5 23.428
24.5 23.288
24.5 23.342
24.5 23.452
24.5 23.373
24.5 23.355
24.5 23.409
24.5 23.246
24.5 23.306
24.5 23.536
24.5 23.566
24.5 23.465
24.5 23.304
24.5 23.501
24.5 23.38
24.5 23.507
24.5 23.443
24.5 23.66
24.5 23.524
24.5 23.519
24.5 23.432
24.5 23.476
24.5 23.515
24.5 23.356
24.5 23.53
24.5 23.612
24.5 23.512
24.5 23.267
24.5 23.231
24.5 23.552
24.5 23.439
24.5 23.354
24.5 23.5
24.5 23.309
24.5 23.46
24.5 23.299
24.5 23.592
24.5 23.471
24.5 23.531
24.5 23.393
24.5 23.456
24.5 23.372
24.5 23.36
24.5 23.363
24.5 23.536
24.5 23.49
24.5 23.446
24.5 23.533
24.5 23.395
24.5 23.416
24.5 23.399
24.5 23.365
24.5 23.521
24.5 23.371
24.5 23.375
24.5 23.343
24.5 23.348
24.5 23.462
24.5 23.496
24.5 23.482
24.5 23.379
24.5 23.445
24.5 23.377
24.5 23.436
24.5 23.504
24.5 23.432
24.5 23.323
24.5 23.296
24.5 23.395
24.5 23.563
24.5 23.41
24.5 23.349
24.5 23.454
24.5 23.391
24.5 23.381
24.5 23.472
24.5 23.396
24.5 23.45
24.5 23.353
24.5 23.494
24.5 23.396
24.5 23.593
24.5 23.382
24.5 23.59
24.5 23.428
24.5 23.424
24.5 23.38
24.5 23.438
24.5 23.373
24.5 23.391
24.5 23.441
24.5 23.484
24.5 23.55
24.5 23.516
24.5 23.503
24.5 23.479
24.5 23.427
24.5 23.376
24.5 23.301
24.5 23.319
24.5 23.289
24.5 23.387
24.5 23.481
24.5 23.393
24.5 23.282
24.5 23.522
24.5 23.413
24.5 23.511
24.5 23.354
24.5 23.376
24.5 23.608
24.5 23.424
24.5 23.451
24.5 23.303
24.5 23.48
24.5 23.475
24.5 23.353
24.5 23.237
24.5 23.266
24.5 23.415
24.5 23.468
24.5 23.435
24.5 23.31
24.5 23.503
24.5 23.459
24.5 23.62
24.5 23.46
24.5 23.295
24.5 23.518
24.5 23.53
24.5 23.365
24.5 23.329
24.5 23.508
24.5 23.547
24.5 23.447
24.5 23.403
24.5 23.423
24.5 23.5
24.5 23.375
24.5 23.356
24.5 23.476
24.5 23.317
24.5 23.423
24.5 23.446
24.5 23.544
24.5 23.561
24.5 23.452
24.5 23.592
24.5 23.419
24.5 23.364
24.5 23.457
24.5 23.495
24.5 23.403
24.5 23.497
24.5 23.385
24.5 23.348
24.5 23.438
24.5 23.58
24.5 23.305
24.5 23.347
24.5 23.381
24.5 23.228
24.5 23.561
24.5 23.461
24.5 23.412
24.5 23.493
24.5 23.253
24.5 23.377
24.5 23.443
24.5 23.425
24.5 23.397
24.5 23.42
24.5 23.601
24.5 23.321
24.5 23.44
24.5 23.434
24.5 23.425
24.5 23.408
24.5 23.332
24.5 23.444
24.5 23.622
24.5 23.466
24.5 23.398
24.5 23.365
24.5 23.407
24.5 23.367
24.5 23.536
24.5 23.365
24.5 23.333
24.5 23.422
24.5 23.549
24.5 23.332
24.5 23.557
24.5 23.437
24.5 23.412
24.5 23.483
24.5 23.339
24.5 23.517
24.5 23.32
24.5 23.523
24.5 23.473
24.5 23.416
24.5 23.506
24.5 23.402
24.5 23.381
24.5 23.307
24.5 23.569
24.5 23.41
24.5 23.447
24.5 23.415
24.5 23.502
24.5 23.467
24.5 23.503
24.5 23.477
24.5 23.353
24.5 23.323
24.5 23.553
24.5 23.378
24.5 23.433
24.5 23.341
24.5 23.311
24.5 23.464
24.5 23.426
24.5 23.509
24.5 23.44
24.5 23.402
24.5 23.248
24.5 23.446
24.5 23.402
24.5 23.376
24.5 23.573
24.5 23.596
24.5 23.402
24.5 23.379
24.5 23.572
24.5 23.488
24.5 23.422
24.5 23.496
24.5 23.453
24.5 23.362
24.5 23.353
24.5 23.465
24.5 23.418
24.5 23.373
24.5 23.336
24.5 23.437
24.5 23.515
24.5 23.347
24.5 23.606
24.5 23.477
24.5 23.503
24.5 23.468
24.5 23.525
24.5 23.483
24.5 23.343
24.5 23.429
24.5 23.425
24.5 23.387
24.5 23.437
24.5 23.514
24.5 23.391
24.5 23.302
24.5 23.528
24.5 23.437
24.5 23.3
24.5 23.434
24.5 23.326
24.5 23.44
24.5 23.459
24.5 23.515
24.5 23.663
24.5 23.266
24.5 23.175
24.5 23.428
24.5 23.476
24.5 23.451
24.5 23.722
24.5 23.373
24.5 23.535
24.5 23.404
24.5 23.565
24.5 23.531
24.5 23.328
24.5 23.432
24.5 23.292
24.5 23.447
24.5 23.37
24.5 23.499
24.5 23.296
24.5 23.489
24.5 23.371
24.5 23.535
24.5 23.342
24.5 23.434
24.5 23.542
24.5 23.478
24.5 23.431
24.5 23.498
24.5 23.397
24.5 23.341
24.5 23.37
24.5 23.343
24.5 23.517
24.5 23.345
24.5 23.316
24.5 23.526
24.5 23.561
24.5 23.588
24.5 23.538
24.5 23.372
24.5 23.47
24.5 23.359
24.5 23.509
24.5 23.38
24.5 23.544
24.5 23.452
24.5 23.469
24.5 23.422
24.5 23.604
24.5 23.481
24.5 23.619
24.5 23.536
24.5 23.393
24.5 23.425
24.5 23.521
24.5 23.526
24.5 23.477
24.5 23.472
24.5 23.414
24.5 23.542
24.5 23.551
24.5 23.435
24.5 23.42
24.5 23.413
24.5 23.225
24.5 23.533
24.5 23.487
24.5 23.536
24.5 23.403
24.5 23.586
24.5 23.349
24.5 23.469
24.5 23.4
24.5 23.593
24.5 23.559
24.5 23.396
24.5 23.39
24.5 23.524
24.5 23.337
24.5 23.456
24.5 23.581
24.5 23.384
24.5 23.438
24.5 23.44
24.5 23.378
24.5 23.428
24.5 23.314
24.5 23.481
24.5 23.215
24.5 23.407
24.5 23.384
24.5 23.504
24.5 23.508
24.5 23.269
24.5 23.281
24.5 23.386
500
13.5 -37.97
16.5 -5.181
19.0 6.272
19.5 11.637
20.5 14.305
21.5 16.324
21.5 17.716
22.0 19.012
22.0 20.015
23.0 20.663
23.0 20.942
23.0 21.062
23.0 21.028
23.0 21.234
23.0 21.673
23.0 22.073
23.0 22.06
23.0 22.123
23.0 21.968
23.0 22.255
23.0 22.234
23.0 21.984
23.0 22.154
23.0 22.203
23.0 22.037
23.0 22.145
23.0 22.072
23.0 22.111
23.0 22.216
23.0 22.136
23.0 22.151
23.0 22.161
23.0 22.057
23.0 22.167
23.0 22.111
23.0 22.163
23.0 22.149
23.0 22.077
23.0 22.031
23.0 22.112
23.0 22.086
23.0 22.025
23.0 22.136
23.0 22.116
23.0 22.086
23.0 22.004
23.0 22.286
23.0 22.137
23.0 22.108
23.0 22.143
23.0 22.084
23.0 22.251
23.0 22.136
23.0 22.051
23.0 22.131
23.0 22.147
23.0 22.213
23.0 22.022
23.0 21.973
23.0 22.187
23.0 22.074
23.0 22.115
23.0 22.23
23.0 22.145
23.0 22.078
23.0 22.089
23.0 21.956
23.0 22.033
23.0 22.078
23.0 22.111
23.0 22.069
23.0 22.053
23.0 22.078
23.0 22.014
23.0 22.14
23.0 22.064
23.0 22.075
23.0 22.163
23.0 22.107
23.0 22.08
23.0 22.132
23.0 22.036
23.0 22.101
23.0 22.117
23.0 22.19
23.0 22.091
23.0 22.05
23.0 21.964
23.0 22.096
23.0 22.102
23.0 22.256
23.0 22.157
23.0 22.093
23.0 22.045
23.0 22.09
23.0 21.945
23.0 22.187
23.0 22.233
23.0 22.078
23.0 22.026
23.0 22.145
23.0 22.17
23.0 22.086
23.0 22.0
23.0 22.029
23.0 21.99
23.0 22.057
23.0 22.118
23.0 22.034
23.0 22.139
23.0 22.075
23.0 22.113
23.0 22.193
23.0 22.237
23.0 22.222
23.0 22.078
23.0 22.149
23.0 22.147
23.0 22.136
23.0 22.226
23.0 22.057
23.0 22.105
23.0 22.029
23.0 22.014
23.0 22.062
23.0 22.121
23.0 22.112
23.0 21.989
23.0 22.035
23.0 22.028
23.0 22.133
23.0 22.107
23.0 22.2
23.0 22.041
23.0 22.073
23.0 22.165
23.0 22.12
23.0 22.233
23.0 22.049
23.0 22.208
23.0 22.174
23.0 22.053
23.0 22.096
23.0 22.128
23.0 22.102
23.0 22.005
23.0 22.111
23.0 22.131
23.0 21.981
23.0 22.099
23.0 21.991
23.0 22.154
23.0 22.212
23.0 21.993
23.0 22.165
23.0 22.143
23.0 22.227
23.0 21.876
23.0 22.072
23.0 22.187
23.0 22.046
23.0 22.051
23.0 22.191
23.0 22.032
23.0 22.271
23.0 22.18
23.0 22.007
23.0 22.071
23.0 22.118
23.0 22.038
23.0 22.078
23.0 22.136
23.0 22.043
23.0 22.076
23.0 22.23
23.0 22.167
23.0 22.132
23.0 22.119
23.0 22.047
23.0 21.94
23.0 22.102
23.0 22.203
23.0 22.242
23.0 22.214
23.0 22.14
23.0 22.12
23.0 22.09
23.0 22.16
23.0 22.128
23.0 22.136
23.0 22.125
23.0 22.062
23.0 22.007
23.0 22.105
23.0 22.044
23.0 22.105
23.0 22.141
23.0 22.053
23.0 22.017
23.0 21.991
23.0 22.057
23.0 22.007
23.0 22.191
23.0 22.069
23.0 22.039
23.0 22.134
23.0 22.155
23.0 22.155
23.0 22.013
23.0 22.107
23.0 22.12
23.0 21.974
23.0 22.146
23.0 22.125
23.0 22.056
23.0 22.214
23.0 22.028
23.0 22.124
23.0 22.167
23.0 22.07
23.0 22.091
23.0 22.174
23.0 22.133
23.0 22.242
23.0 22.142
23.0 22.163
23.0 22.063
23.0 22.104
23.0 22.198
23.0 22.159
23.0 22.174
23.0 22.105
23.0 22.104
23.0 22.077
23.0 22.09
23.0 22.124
23.0 22.095
23.0 22.183
23.0 22.031
23.0 21.981
23.0 21.989
23.0 22.129
23.0 22.191
23.0 22.134
23.0 22.085
23.0 22.154
23.0 22.153
23.0 21.958
23.0 22.156
23.0 22.015
23.0 22.09
23.0 22.129
23.0 21.963
23.0 22.048
23.0 22.14
23.0 21.982
23.0 22.198
23.0 22.158
23.0 22.185
23.0 22.258
23.0 22.1
23.0 22.003
23.0 22.167
23.0 22.174
23.0 22.218
23.0 22.183
23.0 22.071
23.0 22.05
23.0 22.122
23.0 22.128
23.0 22.091
23.0 22.115
23.0 22.029
23.0 22.148
23.0 22.133
23.0 22.106
23.0 22.193
23.0 22.127
23.0 22.046
23.0 22.049
23.0 22.053
23.0 22.055
23.0 22.136
23.0 22.115
23.0 22.036
23.0 22.121
23.0 22.178
23.0 22.177
23.0 22.144
23.0 22.185
23.0 22.177
23.0 22.166
23.0 22.2
23.0 22.254
23.0 22.183
23.0 22.096
23.0 22.112
23.0 22.158
23.0 22.128
23.0 22.135
23.0 22.11
23.0 22.15
23.0 22.095
23.0 22.01
23.0 22.133
23.0 22.185
23.0 22.012
23.0 22.152
23.0 22.203
23.0 22.056
23.0 22.072
23.0 22.036
23.0 22.008
23.0 22.244
23.0 22.162
23.0 22.005
23.0 22.046
23.0 22.081
23.0 22.135
23.0 22.104
23.0 22.114
23.0 22.21
23.0 22.142
23.0 22.107
23.0 22.092
23.0 22.101
23.0 22.169
23.0 22.143
23.0 22.198
23.0 22.124
23.0 22.149
23.0 21.956
23.0 22.118
23.0 22.205
23.0 22.08
23.0 22.182
23.0 22.207
23.0 22.189
23.0 22.152
23.0 21.999
23.0 22.22
23.0 22.029
23.0 22.262
23.0 22.129
23.0 22.071
23.0 22.193
23.0 22.037
23.0 22.104
23.0 22.037
23.0 22.176
23.0 22.172
23.0 22.068
23.0 22.047
23.0 22.155
23.0 22.108
23.0 22.089
23.0 22.106
23.0 22.049
23.0 22.114
23.0 22.04
23.0 22.079
23.0 22.097
23.0 22.102
23.0 22.216
23.0 22.08
23.0 22.114
23.0 22.075
23.0 21.968
23.0 22.076
23.0 22.095
23.0 22.233
23.0 22.108
23.0 21.99
23.0 22.123
23.0 22.204
23.0 22.131
23.0 22.077
23.0 22.164
23.0 22.11
23.0 22.123
23.0 22.139
23.0 22.02
23.0 22.079
23.0 22.135
23.0 22.097
23.0 22.269
23.0 22.174
23.0 22.109
23.0 22.122
23.0 22.101
23.0 22.065
23.0 22.019
23.0 22.134
23.0 22.158
23.0 22.203
23.0 22.118
23.0 22.125
23.0 21.971
23.0 22.122
23.0 22.005
23.0 22.181
23.0 22.166
23.0 22.156
23.0 22.077
23.0 22.148
23.0 22.204
23.0 22.086
23.0 22.082
23.0 22.107
23.0 22.027
23.0 22.059
23.0 21.949
23.0 22.094
23.0 22.006
23.0 22.248
23.0 22.153
23.0 22.104
23.0 22.091
23.0 22.106
23.0 22.1
23.0 22.044
23.0 22.203
23.0 22.088
23.0 22.259
23.0 22.249
23.0 22.146
23.0 22.12
23.0 22.11
23.0 22.142
23.0 22.151
23.0 22.087
23.0 22.109
23.0 22.086
23.0 22.116
23.0 22.147
23.0 22.037
23.0 22.026
23.0 22.135
23.0 21.997
23.0 22.041
23.0 21.942
23.0 22.251
23.0 22.002
23.0 22.06
23.0 21.984
23.0 22.116
23.0 22.094
23.0 22.085
23.0 22.07
23.0 22.135
23.0 22.137
23.0 22.057
23.0 22.089
23.0 22.137
23.0 22.138
23.0 22.131
23.0 22.159
23.0 22.255
23.0 22.045
23.0 22.063
23.0 22.057
23.0 22.195
23.0 22.307
23.0 22.119
23.0 22.065
23.0 22.112
23.0 22.082
23.0 22.063
23.0 21.942
23.0 22.089
23.0 22.084
23.0 22.18
23.0 22.017
23.0 22.203
23.0 22.045
23.0 22.025
23.0 22.123
23.0 22.134
23.0 22.132
23.0 22.09
23.0 22.124
23.0 21.968
23.0 22.192
23.0 22.112
23.0 22.037
23.0 22.248
23.0 22.072
23.0 22.067
23.0 22.209
23.0 22.138
23.0 22.149
23.0 22.035
23.0 22.178
23.0 22.077
23.0 22.094
23.0 22.005
23.0 22.082
23.0 22.158
23.0 22.187
23.0 22.067
500
11.0 -36.941
15.0 -6.234
16.0 5.713
17.5 10.423
19.0 13.339
19.5 14.417
20.5 15.089
21.0 15.979
21.5 17.243
22.5 18.979
24.0 19.844
24.5 20.388
24.5 21.193
24.5 22.217
24.5 23.002
24.5 23.351
24.5 23.395
24.5 23.366
24.5 23.56
24.5 23.407
24.5 23.454
24.5 23.231
24.5 23.33
24.5 23.485
24.5 23.426
24.5 23.453
24.5 23.373
24.5 23.228
24.5 23.441
24.5 23.389
24.5 23.342
24.5 23.328
24.5 23.338
24.5 23.499
24.5 23.376
24.5 23.184
24.5 23.313
24.5 23.403
24.5 23.382
24.5 23.258
24.5 23.389
24.5 23.334
24.5 23.418
24.5 23.471
24.5 23.179
24.5 23.422
24.5 23.517
24.5 23.463
24.5 23.498
24.5 23.445
24.5 23.46
24.5 23.344
24.5 23.398
24.5 23.452
24.5 23.387
24.5 23.197
24.5 23.381
24.5 23.353
24.5 23.377
24.5 23.39
24.5 23.329
24.5 23.338
24.5 23.226
24.5 23.482
24.5 23.337
24.5 23.38
24.5 23.417
24.5 23.423
24.5 23.42
24.5 23.413
24.5 23.522
24.5 23.303
24.5 23.39
24.5 23.44
24.5 23.327
24.5 23.402
24.5 23.46
24.5 23.38
24.5 23.29
24.5 23.492
24.5 23.434
24.5 23.366
24.5 23.328
24.5 23.455
24.5 23.656
24.5 23.285
24.5 23.47
24.5 23.347
24.5 23.342
24.5 23.471
24.5 23.325
24.5 23.565
24.5 23.362
24.5 23.367
24.5 23.271
24.5 23.342
24.5 23.405
24.5 23.39
24.5 23.366
24.5 23.543
24.5 23.375
24.5 23.523
24.5 23.602
24.5 23.456
24.5 23.513
24.5 23.455
24.5 23.367
24.5 23.443
24.5 23.436
24.5 23.458
24.5 23.463
24.5 23.336
24.5 23.312
24.5 23.483
24.5 23.6
24.5 23.468
24.5 23.484
24.5 23.491
24.5 23.512
24.5 23.541
24.5 23.469
24.5 23.341
24.5 23.49
24.5 23.449
24.5 23.567
24.5 23.454
24.5 23.334
24.5 23.481
24.5 23.413
24.5 23.423
24.5 23.441
24.5 23.23
24.5 23.504
24.5 23.542
24.5 23.472
24.5 23.518
24.5 23.688
24.5 23.579
24.5 23.436
24.5 23.455
24.5 23.343
24.5 23.595
24.5 23.414
24.5 23.493
24.5 23.482
24.5 23.575
24.5 23.324
24.5 23.426
24.5 23.236
24.5 23.482
24.5 23.503
24.5 23.3
24.5 23.441
24.5 23.38
24.5 23.473
24.5 23.475
24.5 23.414
24.5 23.483
24.5 23.553
24.5 23.514
24.5 23.406
24.5 23.514
24.5 23.543
24.5 23.355
24.5 23.468
24.5 23.453
24.5 23.477
24.5 23.353
24.5 23.316
24.5 23.333
24.5 23.375
24.5 23.473
24.5 23.283
24.5 23.487
24.5 23.414
24.5 23.49
24.5 23.452
24.5 23.313
24.5 23.361
24.5 23.562
24.5 23.204
24.5 23.381
24.5 23.392
24.5 23.29
24.5 23.567
24.5 23.398
24.5 23.307
24.5 23.367
24.5 23.316
24.5 23.499
24.5 23.286
24.5 23.496
24.5 23.392
24.5 23.425
24.5 23.329
24.5 23.395
24.5 23.429
24.5 23.425
24.5 23.385
24.5 23.354
24.5 23.476
24.5 23.43
24.5 23.417
24.5 23.406
24.5 23.531
24.5 23.416
24.5 23.384
24.5 23.44
24.5 23.393
24.5 23.606
24.5 23.431
24.5 23.488
24.5 23.496
24.5 23.507
24.5 23.515
24.5 23.331
24.5 23.433
24.5 23.519
24.5 23.557
24.5 23.401
24.5 23.446
24.5 23.542
24.5 23.405
24.5 23.478
24.5 23.41
24.5 23.345
24.5 23.491
24.5 23.482
24.5 23.392
24.5 23.263
24.5 23.573
24.5 23.404
24.5 23.468
24.5 23.5
24.5 23.396
24.5 23.42
24.5 23.446
24.5 23.468
24.5 23.408
24.5 23.506
24.5 23.373
24.5 23.498
24.5 23.397
24.5 23.562
24.5 23.498
24.5 23.391
24.5 23.453
24.5 23.496
24.5 23.345
24.5 23.53
24.5 23.519
24.5 23.58
24.5 23.48
24.5 23.388
24.5 23.432
24.5 23.64
24.5 23.25
24.5 23.343
24.5 23.427
24.5 23.545
24.5 23.408
24.5 23.421
24.5 23.344
24.5 23.473
24.5 23.354
24.5 23.302
24.5 23.399
24.5 23.349
24.5 23.499
24.5 23.333
24.5 23.468
24.5 23.475
24.5 23.572
24.5 23.315
24.5 23.61
24.5 23.493
24.5 23.426
24.5 23.452
24.5 23.526
24.5 23.429
24.5 23.527
24.5 23.442
24.5 23.398
24.5 23.331
24.5 23.298
24.5 23.501
24.5 23.356
24.5 23.35
24.5 23.311
24.5 23.432
24.5 23.46
24.5 23.382
24.5 23.409
24.5 23.345
24.5 23.436
24.5 23.465
24.5 23.427
24.5 23.228
24.5 23.432
24.5 23.33
24.5 23.501
24.5 23.432
24.5 23.469
24.5 23.497
24.5 23.511
24.5 23.39
24.5 23.517
24.5 23.483
24.5 23.378
24.5 23.497
24.5 23.43
24.5 23.409
24.5 23.325
24.5 23.4
24.5 23.48
24.5 23.423
24.5 23.436
24.5 23.514
24.5 23.484
24.5 23.403
24.5 23.321
24.5 23.374
24.5 23.395
24.5 23.456
24.5 23.482
24.5 23.244
24.5 23.387
24.5 23.37
24.5 23.426
24.5 23.395
24.5 23.48
24.5 23.381
24.5 23.457
24.5 23.536
24.5 23.307
24.5 23.491
24.5 23.432
24.5 23.417
24.5 23.279
24.5 23.417
24.5 23.437
24.5 23.459
24.5 23.229
24.5 23.252
24.5 23.275
24.5 23.489
24.5 23.428
24.5 23.601
24.5 23.245
24.5 23.456
24.5 23.466
24.5 23.505
24.5 23.458
24.5 23.472
24.5 23.366
24.5 23.311
24.5 23.452
24.5 23.53
24.5 23.398
24.5 23.532
24.5 23.434
24.5 23.509
24.5 23.321
24.5 23.406
24.5 23.425
24.5 23.352
24.5 23.542
24.5 23.404
24.5 23.486
24.5 23.556
24.5 23.393
24.5 23.603
24.5 23.487
24.5 23.437
24.5 23.434
24.5 23.447
24.5 23.492
24.5 23.434
24.5 23.435
24.5 23.39
24.5 23.509
24.5 23.524
24.5 23.52
24.5 23.438
24.5 23.485
24.5 23.424
24.5 23.414
24.5 23.388
24.5 23.492
24.5 23.527
24.5 23.491
24.5 23.532
24.5 23.456
24.5 23.468
24.5 23.426
24.5 23.626
24.5 23.484
24.5 23.522
24.5 23.503
24.5 23.467
24.5 23.518
24.5 23.484
24.5 23.386
24.5 23.431
24.5 23.382
24.5 23.377
24.5 23.329
24.5 23.365
24.5 23.537
24.5 23.389
24.5 23.419
24.5 23.353
24.5 23.451
24.5 23.298
24.5 23.4
24.5 23.389
24.5 23.434
24.5 23.458
24.5 23.432
24.5 23.302
24.5 23.264
24.5 23.242
24.5 23.415
24.5 23.404
24.5 23.503
24.5 23.339
24.5 23.402
24.5 23.333
24.5 23.542
24.5 23.313
24.5 23.391
24.5 23.315
24.5 23.287
24.5 23.387
24.5 23.433
24.5 23.454
24.5 23.323
24.5 23.496
24.5 23.294
24.5 23.483
24.5 23.205
24.5 23.569
24.5 23.445
24.5 23.445
24.5 23.302
24.5 23.348
24.5 23.522
24.5 23.4
24.5 23.414
24.5 23.401
24.5 23.292
24.5 23.507
24.5 23.334
24.5 23.476
24.5 23.31
24.5 23.415
24.5 23.373
24.5 23.587
24.5 23.34
24.5 23.557
24.5 23.452
24.5 23.554
24.5 23.373
24.5 23.372
24.5 23.572
24.5 23.258
24.5 23.47
24.5 23.402
24.5 23.523
24.5 23.387
24.5 23.326
24.5 23.47
24.5 23.478
24.5 23.464
24.5 23.285
24.5 23.435
24.5 23.389
24.5 23.437
24.5 23.277
24.5 23.466
24.5 23.405
24.5 23.467
24.5 23.518
24.5 23.209
24.5 23.393
24.5 23.559
24.5 23.409
24.5 23.381
24.5 23.258
24.5 23.41
24.5 23.469
24.5 23.252
24.5 23.46
24.5 23.439
24.5 23.386
24.5 23.416
24.5 23.381
24.5 23.55
24.5 23.533
24.5 23.446

Individual: [1, 2, 6, 7, 9, 14, 15, 18, 20, 36, 37, 40, 41, 46, 47, 49, 50]
   Fitness: 24.5
     Total: 17
Violations: 1 1

Individual: [1, 2, 4, 5, 10, 13, 14, 20, 29, 31, 37, 40, 41, 46, 47, 50]
   Fitness: 24.0
     Total: 16
Violations: 0 0

Individual: [2, 4, 5, 7, 13, 15, 16, 20, 29, 34, 37, 41, 46, 47, 49, 50]
   Fitness: 24.0
     Total: 16
Violations: 0 0

Individual: [2, 4, 5, 7, 8, 15, 16, 18, 19, 37, 38, 40, 41, 46, 47, 49, 50]
   Fitness: 24.5
     Total: 17
Violations: 1 1

Individual: [1, 2, 5, 6, 7, 14, 15, 17, 18, 37, 38, 40, 41, 46, 47, 49, 50]
   Fitness: 24.5
     Total: 17
Violations: 1 1

Individual: [4, 5, 7, 11, 13, 14, 16, 20, 37, 38, 40, 41, 46, 47, 49, 50]
   Fitness: 24.0
     Total: 16
Violations: 0 0

Individual: [1, 4, 5, 8, 13, 14, 16, 17, 34, 35, 37, 38, 44, 45, 48, 49]
   Fitness: 24.0
     Total: 16
Violations: 0 0

Individual: [1, 3, 4, 6, 12, 13, 16, 17, 27, 35, 36, 39, 40, 46, 47, 49, 50]
   Fitness: 24.5
     Total: 17
Violations: 1 1

Individual: [1, 2, 4, 9, 10, 12, 13, 32, 33, 35, 36, 43, 44, 45, 48, 49]
   Fitness: 23.0
     Total: 16
Violations: 1 1

Individual: [1, 2, 4, 5, 10, 11, 13, 14, 28, 33, 34, 36, 37, 45, 47, 48, 50]
   Fitness: 24.5
     Total: 17
Violations: 1 1
